<?xml version="1.0"?>
<test_results>
	<status>STATUS_SUCCESS</status>
	<custom>
		<num_loss>18</num_loss>
		<num_total>20018472</num_total>
		<num_misses>0</num_misses>
		<elapsed_time>7199.443443</elapsed_time>
		<query>
			<report>
				<misses>1001</misses>
				<total>1</total>
				<timestamp>0.359836</timestamp>
			</report>
			<report>
				<misses>2001</misses>
				<total>1</total>
				<timestamp>0.719470</timestamp>
			</report>
			<report>
				<misses>3001</misses>
				<total>1</total>
				<timestamp>1.079157</timestamp>
			</report>
			<report>
				<misses>4001</misses>
				<total>1</total>
				<timestamp>1.438774</timestamp>
			</report>
			<report>
				<misses>5001</misses>
				<total>1</total>
				<timestamp>1.798443</timestamp>
			</report>
			<report>
				<misses>6001</misses>
				<total>1</total>
				<timestamp>2.158032</timestamp>
			</report>
			<report>
				<misses>7001</misses>
				<total>1</total>
				<timestamp>2.517671</timestamp>
			</report>
			<report>
				<misses>8001</misses>
				<total>1</total>
				<timestamp>2.877321</timestamp>
			</report>
			<report>
				<misses>9001</misses>
				<total>1</total>
				<timestamp>3.236989</timestamp>
			</report>
			<report>
				<misses>10001</misses>
				<total>1</total>
				<timestamp>3.596617</timestamp>
			</report>
			<report>
				<misses>11001</misses>
				<total>1</total>
				<timestamp>3.956341</timestamp>
			</report>
			<report>
				<misses>12001</misses>
				<total>1</total>
				<timestamp>4.315886</timestamp>
			</report>
			<report>
				<misses>13001</misses>
				<total>1</total>
				<timestamp>4.675502</timestamp>
			</report>
			<report>
				<misses>14001</misses>
				<total>1</total>
				<timestamp>5.035149</timestamp>
			</report>
			<report>
				<misses>15001</misses>
				<total>1</total>
				<timestamp>5.394784</timestamp>
			</report>
			<report>
				<misses>16001</misses>
				<total>1</total>
				<timestamp>5.754565</timestamp>
			</report>
			<report>
				<misses>17001</misses>
				<total>1</total>
				<timestamp>6.114112</timestamp>
			</report>
			<report>
				<misses>18001</misses>
				<total>1</total>
				<timestamp>6.473770</timestamp>
			</report>
			<report>
				<misses>19001</misses>
				<total>1</total>
				<timestamp>6.833338</timestamp>
			</report>
			<report>
				<misses>20001</misses>
				<total>1</total>
				<timestamp>7.192976</timestamp>
			</report>
			<report>
				<misses>21001</misses>
				<total>1</total>
				<timestamp>7.552719</timestamp>
			</report>
			<report>
				<misses>22001</misses>
				<total>1</total>
				<timestamp>7.912270</timestamp>
			</report>
			<report>
				<misses>23001</misses>
				<total>1</total>
				<timestamp>8.271905</timestamp>
			</report>
			<report>
				<misses>24001</misses>
				<total>1</total>
				<timestamp>8.631630</timestamp>
			</report>
			<report>
				<misses>25001</misses>
				<total>1</total>
				<timestamp>8.991175</timestamp>
			</report>
			<report>
				<misses>26001</misses>
				<total>1</total>
				<timestamp>9.350862</timestamp>
			</report>
			<report>
				<misses>27001</misses>
				<total>1</total>
				<timestamp>9.710587</timestamp>
			</report>
			<report>
				<misses>28001</misses>
				<total>1</total>
				<timestamp>10.070195</timestamp>
			</report>
			<report>
				<misses>29001</misses>
				<total>1</total>
				<timestamp>10.429837</timestamp>
			</report>
			<report>
				<misses>30001</misses>
				<total>1</total>
				<timestamp>10.789382</timestamp>
			</report>
			<report>
				<misses>31001</misses>
				<total>1</total>
				<timestamp>11.149018</timestamp>
			</report>
			<report>
				<misses>32001</misses>
				<total>1</total>
				<timestamp>11.508649</timestamp>
			</report>
			<report>
				<misses>33001</misses>
				<total>1</total>
				<timestamp>11.868318</timestamp>
			</report>
			<report>
				<misses>34001</misses>
				<total>1</total>
				<timestamp>12.227999</timestamp>
			</report>
			<report>
				<misses>35001</misses>
				<total>1</total>
				<timestamp>12.587644</timestamp>
			</report>
			<report>
				<misses>36001</misses>
				<total>1</total>
				<timestamp>12.947460</timestamp>
			</report>
			<report>
				<misses>37001</misses>
				<total>1</total>
				<timestamp>13.306846</timestamp>
			</report>
			<report>
				<misses>38001</misses>
				<total>1</total>
				<timestamp>13.666505</timestamp>
			</report>
			<report>
				<misses>39001</misses>
				<total>1</total>
				<timestamp>14.026188</timestamp>
			</report>
			<report>
				<misses>40001</misses>
				<total>1</total>
				<timestamp>14.385783</timestamp>
			</report>
			<report>
				<misses>41001</misses>
				<total>1</total>
				<timestamp>14.745442</timestamp>
			</report>
			<report>
				<misses>42001</misses>
				<total>1</total>
				<timestamp>15.105144</timestamp>
			</report>
			<report>
				<misses>43001</misses>
				<total>1</total>
				<timestamp>15.464750</timestamp>
			</report>
			<report>
				<misses>44001</misses>
				<total>1</total>
				<timestamp>15.824345</timestamp>
			</report>
			<report>
				<misses>45001</misses>
				<total>1</total>
				<timestamp>16.184004</timestamp>
			</report>
			<report>
				<misses>46001</misses>
				<total>1</total>
				<timestamp>16.543606</timestamp>
			</report>
			<report>
				<misses>47001</misses>
				<total>1</total>
				<timestamp>16.903288</timestamp>
			</report>
			<report>
				<misses>48001</misses>
				<total>1</total>
				<timestamp>17.263022</timestamp>
			</report>
			<report>
				<misses>49001</misses>
				<total>1</total>
				<timestamp>17.622519</timestamp>
			</report>
			<report>
				<misses>50001</misses>
				<total>1</total>
				<timestamp>17.982180</timestamp>
			</report>
			<report>
				<misses>51001</misses>
				<total>1</total>
				<timestamp>18.341812</timestamp>
			</report>
			<report>
				<misses>52001</misses>
				<total>1</total>
				<timestamp>18.701451</timestamp>
			</report>
			<report>
				<misses>53001</misses>
				<total>1</total>
				<timestamp>19.061092</timestamp>
			</report>
			<report>
				<misses>54001</misses>
				<total>1</total>
				<timestamp>19.420778</timestamp>
			</report>
			<report>
				<misses>55001</misses>
				<total>1</total>
				<timestamp>19.780449</timestamp>
			</report>
			<report>
				<misses>56001</misses>
				<total>1</total>
				<timestamp>20.140046</timestamp>
			</report>
			<report>
				<misses>57001</misses>
				<total>1</total>
				<timestamp>20.499745</timestamp>
			</report>
			<report>
				<misses>58001</misses>
				<total>1</total>
				<timestamp>20.859286</timestamp>
			</report>
			<report>
				<misses>59001</misses>
				<total>1</total>
				<timestamp>21.219000</timestamp>
			</report>
			<report>
				<misses>60001</misses>
				<total>1</total>
				<timestamp>21.578619</timestamp>
			</report>
			<report>
				<misses>61001</misses>
				<total>1</total>
				<timestamp>21.938225</timestamp>
			</report>
			<report>
				<misses>62001</misses>
				<total>1</total>
				<timestamp>22.297870</timestamp>
			</report>
			<report>
				<misses>63001</misses>
				<total>1</total>
				<timestamp>22.657586</timestamp>
			</report>
			<report>
				<misses>64001</misses>
				<total>1</total>
				<timestamp>23.017259</timestamp>
			</report>
			<report>
				<misses>65001</misses>
				<total>1</total>
				<timestamp>23.376800</timestamp>
			</report>
			<report>
				<misses>66001</misses>
				<total>1</total>
				<timestamp>23.736502</timestamp>
			</report>
			<report>
				<misses>67001</misses>
				<total>1</total>
				<timestamp>24.096069</timestamp>
			</report>
			<report>
				<misses>68001</misses>
				<total>1</total>
				<timestamp>24.455746</timestamp>
			</report>
			<report>
				<misses>69001</misses>
				<total>1</total>
				<timestamp>24.815360</timestamp>
			</report>
			<report>
				<misses>70001</misses>
				<total>1</total>
				<timestamp>25.174992</timestamp>
			</report>
			<report>
				<misses>71001</misses>
				<total>1</total>
				<timestamp>25.534716</timestamp>
			</report>
			<report>
				<misses>72001</misses>
				<total>1</total>
				<timestamp>25.894289</timestamp>
			</report>
			<report>
				<misses>73001</misses>
				<total>1</total>
				<timestamp>26.253900</timestamp>
			</report>
			<report>
				<misses>74001</misses>
				<total>1</total>
				<timestamp>26.613584</timestamp>
			</report>
			<report>
				<misses>75001</misses>
				<total>1</total>
				<timestamp>26.973190</timestamp>
			</report>
			<report>
				<misses>76001</misses>
				<total>1</total>
				<timestamp>27.332857</timestamp>
			</report>
			<report>
				<misses>77001</misses>
				<total>1</total>
				<timestamp>27.692561</timestamp>
			</report>
			<report>
				<misses>78001</misses>
				<total>1</total>
				<timestamp>28.052128</timestamp>
			</report>
			<report>
				<misses>79001</misses>
				<total>1</total>
				<timestamp>28.411791</timestamp>
			</report>
			<report>
				<misses>80001</misses>
				<total>1</total>
				<timestamp>28.771388</timestamp>
			</report>
			<report>
				<misses>81001</misses>
				<total>1</total>
				<timestamp>29.131151</timestamp>
			</report>
			<report>
				<misses>82001</misses>
				<total>1</total>
				<timestamp>29.490667</timestamp>
			</report>
			<report>
				<misses>83001</misses>
				<total>1</total>
				<timestamp>29.850329</timestamp>
			</report>
			<report>
				<misses>84001</misses>
				<total>1</total>
				<timestamp>30.209958</timestamp>
			</report>
			<report>
				<misses>85001</misses>
				<total>1</total>
				<timestamp>30.569581</timestamp>
			</report>
			<report>
				<misses>86001</misses>
				<total>1</total>
				<timestamp>30.929239</timestamp>
			</report>
			<report>
				<misses>87001</misses>
				<total>1</total>
				<timestamp>31.288865</timestamp>
			</report>
			<report>
				<misses>88001</misses>
				<total>1</total>
				<timestamp>31.648560</timestamp>
			</report>
			<report>
				<misses>89001</misses>
				<total>1</total>
				<timestamp>32.008128</timestamp>
			</report>
			<report>
				<misses>90001</misses>
				<total>1</total>
				<timestamp>32.367819</timestamp>
			</report>
			<report>
				<misses>91001</misses>
				<total>1</total>
				<timestamp>32.727540</timestamp>
			</report>
			<report>
				<misses>92001</misses>
				<total>1</total>
				<timestamp>33.087174</timestamp>
			</report>
			<report>
				<misses>93001</misses>
				<total>1</total>
				<timestamp>33.446679</timestamp>
			</report>
			<report>
				<misses>94001</misses>
				<total>1</total>
				<timestamp>33.806375</timestamp>
			</report>
			<report>
				<misses>95001</misses>
				<total>1</total>
				<timestamp>34.165991</timestamp>
			</report>
			<report>
				<misses>96001</misses>
				<total>1</total>
				<timestamp>34.525620</timestamp>
			</report>
			<report>
				<misses>97001</misses>
				<total>1</total>
				<timestamp>34.885268</timestamp>
			</report>
			<report>
				<misses>98001</misses>
				<total>1</total>
				<timestamp>35.244943</timestamp>
			</report>
			<report>
				<misses>99001</misses>
				<total>1</total>
				<timestamp>35.604563</timestamp>
			</report>
			<report>
				<misses>100001</misses>
				<total>1</total>
				<timestamp>35.964208</timestamp>
			</report>
			<report>
				<misses>101001</misses>
				<total>1</total>
				<timestamp>36.323830</timestamp>
			</report>
			<report>
				<misses>102001</misses>
				<total>1</total>
				<timestamp>36.683509</timestamp>
			</report>
			<report>
				<misses>103001</misses>
				<total>1</total>
				<timestamp>37.043097</timestamp>
			</report>
			<report>
				<misses>104001</misses>
				<total>1</total>
				<timestamp>37.402798</timestamp>
			</report>
			<report>
				<misses>105001</misses>
				<total>1</total>
				<timestamp>37.762432</timestamp>
			</report>
			<report>
				<misses>106001</misses>
				<total>1</total>
				<timestamp>38.122015</timestamp>
			</report>
			<report>
				<misses>107001</misses>
				<total>1</total>
				<timestamp>38.481673</timestamp>
			</report>
			<report>
				<misses>108001</misses>
				<total>1</total>
				<timestamp>38.841289</timestamp>
			</report>
			<report>
				<misses>109001</misses>
				<total>1</total>
				<timestamp>39.201041</timestamp>
			</report>
			<report>
				<misses>110001</misses>
				<total>1</total>
				<timestamp>39.560596</timestamp>
			</report>
			<report>
				<misses>111001</misses>
				<total>1</total>
				<timestamp>39.920217</timestamp>
			</report>
			<report>
				<misses>112001</misses>
				<total>1</total>
				<timestamp>40.279858</timestamp>
			</report>
			<report>
				<misses>113001</misses>
				<total>1</total>
				<timestamp>40.639559</timestamp>
			</report>
			<report>
				<misses>114001</misses>
				<total>1</total>
				<timestamp>40.999208</timestamp>
			</report>
			<report>
				<misses>115001</misses>
				<total>1</total>
				<timestamp>41.358813</timestamp>
			</report>
			<report>
				<misses>116001</misses>
				<total>1</total>
				<timestamp>41.718472</timestamp>
			</report>
			<report>
				<misses>117001</misses>
				<total>1</total>
				<timestamp>42.078106</timestamp>
			</report>
			<report>
				<misses>118001</misses>
				<total>1</total>
				<timestamp>42.437704</timestamp>
			</report>
			<report>
				<misses>119001</misses>
				<total>1</total>
				<timestamp>42.797400</timestamp>
			</report>
			<report>
				<misses>120001</misses>
				<total>1</total>
				<timestamp>43.156981</timestamp>
			</report>
			<report>
				<misses>121001</misses>
				<total>1</total>
				<timestamp>43.516689</timestamp>
			</report>
			<report>
				<misses>122001</misses>
				<total>1</total>
				<timestamp>43.876272</timestamp>
			</report>
			<report>
				<misses>123001</misses>
				<total>1</total>
				<timestamp>44.235902</timestamp>
			</report>
			<report>
				<misses>124001</misses>
				<total>1</total>
				<timestamp>44.595600</timestamp>
			</report>
			<report>
				<misses>125001</misses>
				<total>1</total>
				<timestamp>44.955174</timestamp>
			</report>
			<report>
				<misses>126001</misses>
				<total>1</total>
				<timestamp>45.314935</timestamp>
			</report>
			<report>
				<misses>127001</misses>
				<total>1</total>
				<timestamp>45.674491</timestamp>
			</report>
			<report>
				<misses>128001</misses>
				<total>1</total>
				<timestamp>46.034128</timestamp>
			</report>
			<report>
				<misses>129001</misses>
				<total>1</total>
				<timestamp>46.393745</timestamp>
			</report>
			<report>
				<misses>130001</misses>
				<total>1</total>
				<timestamp>46.753447</timestamp>
			</report>
			<report>
				<misses>131001</misses>
				<total>1</total>
				<timestamp>47.113013</timestamp>
			</report>
			<report>
				<misses>132001</misses>
				<total>1</total>
				<timestamp>47.472686</timestamp>
			</report>
			<report>
				<misses>133001</misses>
				<total>1</total>
				<timestamp>47.832318</timestamp>
			</report>
			<report>
				<misses>134001</misses>
				<total>1</total>
				<timestamp>48.191952</timestamp>
			</report>
			<report>
				<misses>135001</misses>
				<total>1</total>
				<timestamp>48.551571</timestamp>
			</report>
			<report>
				<misses>136001</misses>
				<total>1</total>
				<timestamp>48.911285</timestamp>
			</report>
			<report>
				<misses>137001</misses>
				<total>1</total>
				<timestamp>49.270873</timestamp>
			</report>
			<report>
				<misses>138001</misses>
				<total>1</total>
				<timestamp>49.630548</timestamp>
			</report>
			<report>
				<misses>139001</misses>
				<total>1</total>
				<timestamp>49.990143</timestamp>
			</report>
			<report>
				<misses>140001</misses>
				<total>1</total>
				<timestamp>50.349801</timestamp>
			</report>
			<report>
				<misses>141001</misses>
				<total>1</total>
				<timestamp>50.709404</timestamp>
			</report>
			<report>
				<misses>142001</misses>
				<total>1</total>
				<timestamp>51.069098</timestamp>
			</report>
			<report>
				<misses>143001</misses>
				<total>1</total>
				<timestamp>51.428719</timestamp>
			</report>
			<report>
				<misses>144001</misses>
				<total>1</total>
				<timestamp>51.788429</timestamp>
			</report>
			<report>
				<misses>145001</misses>
				<total>1</total>
				<timestamp>52.148035</timestamp>
			</report>
			<report>
				<misses>146001</misses>
				<total>1</total>
				<timestamp>52.507706</timestamp>
			</report>
			<report>
				<misses>147001</misses>
				<total>1</total>
				<timestamp>52.867266</timestamp>
			</report>
			<report>
				<misses>148001</misses>
				<total>1</total>
				<timestamp>53.226921</timestamp>
			</report>
			<report>
				<misses>149001</misses>
				<total>1</total>
				<timestamp>53.586535</timestamp>
			</report>
			<report>
				<misses>150001</misses>
				<total>1</total>
				<timestamp>53.946176</timestamp>
			</report>
			<report>
				<misses>151001</misses>
				<total>1</total>
				<timestamp>54.305856</timestamp>
			</report>
			<report>
				<misses>152001</misses>
				<total>1</total>
				<timestamp>54.665577</timestamp>
			</report>
			<report>
				<misses>153001</misses>
				<total>1</total>
				<timestamp>55.025164</timestamp>
			</report>
			<report>
				<misses>154001</misses>
				<total>1</total>
				<timestamp>55.384768</timestamp>
			</report>
			<report>
				<misses>155001</misses>
				<total>1</total>
				<timestamp>55.744406</timestamp>
			</report>
			<report>
				<misses>156001</misses>
				<total>1</total>
				<timestamp>56.104058</timestamp>
			</report>
			<report>
				<misses>157001</misses>
				<total>1</total>
				<timestamp>56.463682</timestamp>
			</report>
			<report>
				<misses>158001</misses>
				<total>1</total>
				<timestamp>56.823395</timestamp>
			</report>
			<report>
				<misses>159001</misses>
				<total>1</total>
				<timestamp>57.182932</timestamp>
			</report>
			<report>
				<misses>160001</misses>
				<total>1</total>
				<timestamp>57.542667</timestamp>
			</report>
			<report>
				<misses>161001</misses>
				<total>1</total>
				<timestamp>57.902249</timestamp>
			</report>
			<report>
				<misses>162001</misses>
				<total>1</total>
				<timestamp>58.261888</timestamp>
			</report>
			<report>
				<misses>163001</misses>
				<total>1</total>
				<timestamp>58.621554</timestamp>
			</report>
			<report>
				<misses>164001</misses>
				<total>1</total>
				<timestamp>58.981171</timestamp>
			</report>
			<report>
				<misses>165001</misses>
				<total>1</total>
				<timestamp>59.340825</timestamp>
			</report>
			<report>
				<misses>166001</misses>
				<total>1</total>
				<timestamp>59.700480</timestamp>
			</report>
			<report>
				<misses>167001</misses>
				<total>1</total>
				<timestamp>60.060093</timestamp>
			</report>
			<report>
				<misses>168001</misses>
				<total>1</total>
				<timestamp>60.419688</timestamp>
			</report>
			<report>
				<misses>169001</misses>
				<total>1</total>
				<timestamp>60.779375</timestamp>
			</report>
			<report>
				<misses>170001</misses>
				<total>1</total>
				<timestamp>61.139049</timestamp>
			</report>
			<report>
				<misses>171001</misses>
				<total>1</total>
				<timestamp>61.498615</timestamp>
			</report>
			<report>
				<misses>172001</misses>
				<total>1</total>
				<timestamp>61.858302</timestamp>
			</report>
			<report>
				<misses>173001</misses>
				<total>1</total>
				<timestamp>62.217944</timestamp>
			</report>
			<report>
				<misses>174001</misses>
				<total>1</total>
				<timestamp>62.577564</timestamp>
			</report>
			<report>
				<misses>175001</misses>
				<total>1</total>
				<timestamp>62.937241</timestamp>
			</report>
			<report>
				<misses>176001</misses>
				<total>1</total>
				<timestamp>63.296836</timestamp>
			</report>
			<report>
				<misses>177001</misses>
				<total>1</total>
				<timestamp>63.656499</timestamp>
			</report>
			<report>
				<misses>178001</misses>
				<total>1</total>
				<timestamp>64.016136</timestamp>
			</report>
			<report>
				<misses>179001</misses>
				<total>1</total>
				<timestamp>64.375758</timestamp>
			</report>
			<report>
				<misses>180001</misses>
				<total>1</total>
				<timestamp>64.735440</timestamp>
			</report>
			<report>
				<misses>181001</misses>
				<total>1</total>
				<timestamp>65.095083</timestamp>
			</report>
			<report>
				<misses>182001</misses>
				<total>1</total>
				<timestamp>65.454655</timestamp>
			</report>
			<report>
				<misses>183001</misses>
				<total>1</total>
				<timestamp>65.814332</timestamp>
			</report>
			<report>
				<misses>184001</misses>
				<total>1</total>
				<timestamp>66.173965</timestamp>
			</report>
			<report>
				<misses>185001</misses>
				<total>1</total>
				<timestamp>66.533628</timestamp>
			</report>
			<report>
				<misses>186001</misses>
				<total>1</total>
				<timestamp>66.893327</timestamp>
			</report>
			<report>
				<misses>187001</misses>
				<total>1</total>
				<timestamp>67.252895</timestamp>
			</report>
			<report>
				<misses>188001</misses>
				<total>2</total>
				<timestamp>67.612549</timestamp>
			</report>
			<report>
				<misses>189001</misses>
				<total>2</total>
				<timestamp>67.972131</timestamp>
			</report>
			<report>
				<misses>190001</misses>
				<total>2</total>
				<timestamp>68.331792</timestamp>
			</report>
			<report>
				<misses>191001</misses>
				<total>2</total>
				<timestamp>68.691491</timestamp>
			</report>
			<report>
				<misses>192001</misses>
				<total>2</total>
				<timestamp>69.051095</timestamp>
			</report>
			<report>
				<misses>193001</misses>
				<total>2</total>
				<timestamp>69.410759</timestamp>
			</report>
			<report>
				<misses>194001</misses>
				<total>2</total>
				<timestamp>69.770334</timestamp>
			</report>
			<report>
				<misses>195001</misses>
				<total>2</total>
				<timestamp>70.129985</timestamp>
			</report>
			<report>
				<misses>196001</misses>
				<total>2</total>
				<timestamp>70.489629</timestamp>
			</report>
			<report>
				<misses>197001</misses>
				<total>2</total>
				<timestamp>70.849296</timestamp>
			</report>
			<report>
				<misses>198001</misses>
				<total>2</total>
				<timestamp>71.208950</timestamp>
			</report>
			<report>
				<misses>199001</misses>
				<total>2</total>
				<timestamp>71.568547</timestamp>
			</report>
			<report>
				<misses>200001</misses>
				<total>2</total>
				<timestamp>71.928256</timestamp>
			</report>
			<report>
				<misses>201001</misses>
				<total>2</total>
				<timestamp>72.287881</timestamp>
			</report>
			<report>
				<misses>202001</misses>
				<total>2</total>
				<timestamp>72.647449</timestamp>
			</report>
			<report>
				<misses>203001</misses>
				<total>2</total>
				<timestamp>73.007116</timestamp>
			</report>
			<report>
				<misses>204001</misses>
				<total>2</total>
				<timestamp>73.366762</timestamp>
			</report>
			<report>
				<misses>205001</misses>
				<total>2</total>
				<timestamp>73.726405</timestamp>
			</report>
			<report>
				<misses>206001</misses>
				<total>2</total>
				<timestamp>74.086040</timestamp>
			</report>
			<report>
				<misses>207001</misses>
				<total>2</total>
				<timestamp>74.445720</timestamp>
			</report>
			<report>
				<misses>208001</misses>
				<total>2</total>
				<timestamp>74.805367</timestamp>
			</report>
			<report>
				<misses>209001</misses>
				<total>2</total>
				<timestamp>75.164993</timestamp>
			</report>
			<report>
				<misses>210001</misses>
				<total>2</total>
				<timestamp>75.524621</timestamp>
			</report>
			<report>
				<misses>211001</misses>
				<total>2</total>
				<timestamp>75.884272</timestamp>
			</report>
			<report>
				<misses>212001</misses>
				<total>2</total>
				<timestamp>76.243860</timestamp>
			</report>
			<report>
				<misses>213001</misses>
				<total>2</total>
				<timestamp>76.603509</timestamp>
			</report>
			<report>
				<misses>214001</misses>
				<total>2</total>
				<timestamp>76.963275</timestamp>
			</report>
			<report>
				<misses>215001</misses>
				<total>2</total>
				<timestamp>77.322808</timestamp>
			</report>
			<report>
				<misses>216001</misses>
				<total>2</total>
				<timestamp>77.682435</timestamp>
			</report>
			<report>
				<misses>217001</misses>
				<total>2</total>
				<timestamp>78.042127</timestamp>
			</report>
			<report>
				<misses>218001</misses>
				<total>2</total>
				<timestamp>78.401711</timestamp>
			</report>
			<report>
				<misses>219001</misses>
				<total>2</total>
				<timestamp>78.761349</timestamp>
			</report>
			<report>
				<misses>220001</misses>
				<total>2</total>
				<timestamp>79.121018</timestamp>
			</report>
			<report>
				<misses>221001</misses>
				<total>2</total>
				<timestamp>79.480679</timestamp>
			</report>
			<report>
				<misses>222001</misses>
				<total>2</total>
				<timestamp>79.840297</timestamp>
			</report>
			<report>
				<misses>223001</misses>
				<total>2</total>
				<timestamp>80.199941</timestamp>
			</report>
			<report>
				<misses>224001</misses>
				<total>2</total>
				<timestamp>80.559577</timestamp>
			</report>
			<report>
				<misses>225001</misses>
				<total>2</total>
				<timestamp>80.919200</timestamp>
			</report>
			<report>
				<misses>226001</misses>
				<total>2</total>
				<timestamp>81.278914</timestamp>
			</report>
			<report>
				<misses>227001</misses>
				<total>2</total>
				<timestamp>81.638450</timestamp>
			</report>
			<report>
				<misses>228001</misses>
				<total>2</total>
				<timestamp>81.998187</timestamp>
			</report>
			<report>
				<misses>229001</misses>
				<total>2</total>
				<timestamp>82.357812</timestamp>
			</report>
			<report>
				<misses>230001</misses>
				<total>2</total>
				<timestamp>82.717424</timestamp>
			</report>
			<report>
				<misses>231001</misses>
				<total>2</total>
				<timestamp>83.077013</timestamp>
			</report>
			<report>
				<misses>232001</misses>
				<total>2</total>
				<timestamp>83.436680</timestamp>
			</report>
			<report>
				<misses>233001</misses>
				<total>2</total>
				<timestamp>83.796354</timestamp>
			</report>
			<report>
				<misses>234001</misses>
				<total>2</total>
				<timestamp>84.156002</timestamp>
			</report>
			<report>
				<misses>235001</misses>
				<total>2</total>
				<timestamp>84.515662</timestamp>
			</report>
			<report>
				<misses>236001</misses>
				<total>2</total>
				<timestamp>84.875216</timestamp>
			</report>
			<report>
				<misses>237001</misses>
				<total>2</total>
				<timestamp>85.234864</timestamp>
			</report>
			<report>
				<misses>238001</misses>
				<total>2</total>
				<timestamp>85.594563</timestamp>
			</report>
			<report>
				<misses>239001</misses>
				<total>2</total>
				<timestamp>85.954192</timestamp>
			</report>
			<report>
				<misses>240001</misses>
				<total>2</total>
				<timestamp>86.313810</timestamp>
			</report>
			<report>
				<misses>241001</misses>
				<total>2</total>
				<timestamp>86.673430</timestamp>
			</report>
			<report>
				<misses>242001</misses>
				<total>2</total>
				<timestamp>87.033080</timestamp>
			</report>
			<report>
				<misses>243001</misses>
				<total>2</total>
				<timestamp>87.392778</timestamp>
			</report>
			<report>
				<misses>244001</misses>
				<total>2</total>
				<timestamp>87.752334</timestamp>
			</report>
			<report>
				<misses>245001</misses>
				<total>2</total>
				<timestamp>88.111996</timestamp>
			</report>
			<report>
				<misses>246001</misses>
				<total>2</total>
				<timestamp>88.471687</timestamp>
			</report>
			<report>
				<misses>247001</misses>
				<total>2</total>
				<timestamp>88.831290</timestamp>
			</report>
			<report>
				<misses>248001</misses>
				<total>2</total>
				<timestamp>89.190933</timestamp>
			</report>
			<report>
				<misses>249001</misses>
				<total>2</total>
				<timestamp>89.550557</timestamp>
			</report>
			<report>
				<misses>250001</misses>
				<total>2</total>
				<timestamp>89.910267</timestamp>
			</report>
			<report>
				<misses>251001</misses>
				<total>2</total>
				<timestamp>90.269801</timestamp>
			</report>
			<report>
				<misses>252001</misses>
				<total>2</total>
				<timestamp>90.629480</timestamp>
			</report>
			<report>
				<misses>253001</misses>
				<total>2</total>
				<timestamp>90.989179</timestamp>
			</report>
			<report>
				<misses>254001</misses>
				<total>2</total>
				<timestamp>91.348781</timestamp>
			</report>
			<report>
				<misses>255001</misses>
				<total>2</total>
				<timestamp>91.708361</timestamp>
			</report>
			<report>
				<misses>256001</misses>
				<total>2</total>
				<timestamp>92.068076</timestamp>
			</report>
			<report>
				<misses>257001</misses>
				<total>2</total>
				<timestamp>92.427694</timestamp>
			</report>
			<report>
				<misses>258001</misses>
				<total>2</total>
				<timestamp>92.787288</timestamp>
			</report>
			<report>
				<misses>259001</misses>
				<total>2</total>
				<timestamp>93.146957</timestamp>
			</report>
			<report>
				<misses>260001</misses>
				<total>2</total>
				<timestamp>93.506617</timestamp>
			</report>
			<report>
				<misses>261001</misses>
				<total>2</total>
				<timestamp>93.866271</timestamp>
			</report>
			<report>
				<misses>262001</misses>
				<total>2</total>
				<timestamp>94.225976</timestamp>
			</report>
			<report>
				<misses>263001</misses>
				<total>2</total>
				<timestamp>94.585509</timestamp>
			</report>
			<report>
				<misses>264001</misses>
				<total>2</total>
				<timestamp>94.945154</timestamp>
			</report>
			<report>
				<misses>265001</misses>
				<total>2</total>
				<timestamp>95.304809</timestamp>
			</report>
			<report>
				<misses>266001</misses>
				<total>2</total>
				<timestamp>95.664461</timestamp>
			</report>
			<report>
				<misses>267001</misses>
				<total>2</total>
				<timestamp>96.024097</timestamp>
			</report>
			<report>
				<misses>268001</misses>
				<total>2</total>
				<timestamp>96.383703</timestamp>
			</report>
			<report>
				<misses>269001</misses>
				<total>2</total>
				<timestamp>96.743343</timestamp>
			</report>
			<report>
				<misses>270001</misses>
				<total>2</total>
				<timestamp>97.103014</timestamp>
			</report>
			<report>
				<misses>271001</misses>
				<total>2</total>
				<timestamp>97.462623</timestamp>
			</report>
			<report>
				<misses>272001</misses>
				<total>2</total>
				<timestamp>97.822300</timestamp>
			</report>
			<report>
				<misses>273001</misses>
				<total>2</total>
				<timestamp>98.181906</timestamp>
			</report>
			<report>
				<misses>274001</misses>
				<total>2</total>
				<timestamp>98.541613</timestamp>
			</report>
			<report>
				<misses>275001</misses>
				<total>2</total>
				<timestamp>98.901170</timestamp>
			</report>
			<report>
				<misses>276001</misses>
				<total>2</total>
				<timestamp>99.260850</timestamp>
			</report>
			<report>
				<misses>277001</misses>
				<total>2</total>
				<timestamp>99.620534</timestamp>
			</report>
			<report>
				<misses>278001</misses>
				<total>2</total>
				<timestamp>99.980166</timestamp>
			</report>
			<report>
				<misses>279001</misses>
				<total>2</total>
				<timestamp>100.339777</timestamp>
			</report>
			<report>
				<misses>280001</misses>
				<total>2</total>
				<timestamp>100.699445</timestamp>
			</report>
			<report>
				<misses>281001</misses>
				<total>2</total>
				<timestamp>101.059037</timestamp>
			</report>
			<report>
				<misses>282001</misses>
				<total>2</total>
				<timestamp>101.418702</timestamp>
			</report>
			<report>
				<misses>283001</misses>
				<total>2</total>
				<timestamp>101.778300</timestamp>
			</report>
			<report>
				<misses>284001</misses>
				<total>2</total>
				<timestamp>102.137967</timestamp>
			</report>
			<report>
				<misses>285001</misses>
				<total>2</total>
				<timestamp>102.497618</timestamp>
			</report>
			<report>
				<misses>286001</misses>
				<total>2</total>
				<timestamp>102.857298</timestamp>
			</report>
			<report>
				<misses>287001</misses>
				<total>2</total>
				<timestamp>103.216873</timestamp>
			</report>
			<report>
				<misses>288001</misses>
				<total>2</total>
				<timestamp>103.576499</timestamp>
			</report>
			<report>
				<misses>289001</misses>
				<total>2</total>
				<timestamp>103.936175</timestamp>
			</report>
			<report>
				<misses>290001</misses>
				<total>2</total>
				<timestamp>104.295800</timestamp>
			</report>
			<report>
				<misses>291001</misses>
				<total>2</total>
				<timestamp>104.655436</timestamp>
			</report>
			<report>
				<misses>292001</misses>
				<total>2</total>
				<timestamp>105.015099</timestamp>
			</report>
			<report>
				<misses>293001</misses>
				<total>2</total>
				<timestamp>105.374705</timestamp>
			</report>
			<report>
				<misses>294001</misses>
				<total>2</total>
				<timestamp>105.734379</timestamp>
			</report>
			<report>
				<misses>295001</misses>
				<total>2</total>
				<timestamp>106.094080</timestamp>
			</report>
			<report>
				<misses>296001</misses>
				<total>2</total>
				<timestamp>106.453655</timestamp>
			</report>
			<report>
				<misses>297001</misses>
				<total>2</total>
				<timestamp>106.813268</timestamp>
			</report>
			<report>
				<misses>298001</misses>
				<total>2</total>
				<timestamp>107.172905</timestamp>
			</report>
			<report>
				<misses>299001</misses>
				<total>2</total>
				<timestamp>107.532645</timestamp>
			</report>
			<report>
				<misses>300001</misses>
				<total>2</total>
				<timestamp>107.892206</timestamp>
			</report>
			<report>
				<misses>301001</misses>
				<total>2</total>
				<timestamp>108.251822</timestamp>
			</report>
			<report>
				<misses>302001</misses>
				<total>2</total>
				<timestamp>108.611537</timestamp>
			</report>
			<report>
				<misses>303001</misses>
				<total>2</total>
				<timestamp>108.971128</timestamp>
			</report>
			<report>
				<misses>304001</misses>
				<total>2</total>
				<timestamp>109.330733</timestamp>
			</report>
			<report>
				<misses>305001</misses>
				<total>2</total>
				<timestamp>109.690431</timestamp>
			</report>
			<report>
				<misses>306001</misses>
				<total>2</total>
				<timestamp>110.050126</timestamp>
			</report>
			<report>
				<misses>307001</misses>
				<total>2</total>
				<timestamp>110.409714</timestamp>
			</report>
			<report>
				<misses>308001</misses>
				<total>2</total>
				<timestamp>110.769347</timestamp>
			</report>
			<report>
				<misses>309001</misses>
				<total>2</total>
				<timestamp>111.128962</timestamp>
			</report>
			<report>
				<misses>310001</misses>
				<total>2</total>
				<timestamp>111.488566</timestamp>
			</report>
			<report>
				<misses>311001</misses>
				<total>2</total>
				<timestamp>111.848208</timestamp>
			</report>
			<report>
				<misses>312001</misses>
				<total>2</total>
				<timestamp>112.207866</timestamp>
			</report>
			<report>
				<misses>313001</misses>
				<total>2</total>
				<timestamp>112.567497</timestamp>
			</report>
			<report>
				<misses>314001</misses>
				<total>2</total>
				<timestamp>112.927172</timestamp>
			</report>
			<report>
				<misses>315001</misses>
				<total>2</total>
				<timestamp>113.286762</timestamp>
			</report>
			<report>
				<misses>316001</misses>
				<total>2</total>
				<timestamp>113.646443</timestamp>
			</report>
			<report>
				<misses>317001</misses>
				<total>2</total>
				<timestamp>114.006170</timestamp>
			</report>
			<report>
				<misses>318001</misses>
				<total>2</total>
				<timestamp>114.365694</timestamp>
			</report>
			<report>
				<misses>319001</misses>
				<total>2</total>
				<timestamp>114.725454</timestamp>
			</report>
			<report>
				<misses>320001</misses>
				<total>2</total>
				<timestamp>115.085029</timestamp>
			</report>
			<report>
				<misses>321001</misses>
				<total>2</total>
				<timestamp>115.444618</timestamp>
			</report>
			<report>
				<misses>322001</misses>
				<total>2</total>
				<timestamp>115.804253</timestamp>
			</report>
			<report>
				<misses>323001</misses>
				<total>2</total>
				<timestamp>116.163970</timestamp>
			</report>
			<report>
				<misses>324001</misses>
				<total>2</total>
				<timestamp>116.523537</timestamp>
			</report>
			<report>
				<misses>325001</misses>
				<total>2</total>
				<timestamp>116.883181</timestamp>
			</report>
			<report>
				<misses>326001</misses>
				<total>2</total>
				<timestamp>117.242816</timestamp>
			</report>
			<report>
				<misses>327001</misses>
				<total>2</total>
				<timestamp>117.602478</timestamp>
			</report>
			<report>
				<misses>328001</misses>
				<total>2</total>
				<timestamp>117.962243</timestamp>
			</report>
			<report>
				<misses>329001</misses>
				<total>2</total>
				<timestamp>118.321730</timestamp>
			</report>
			<report>
				<misses>330001</misses>
				<total>2</total>
				<timestamp>118.681416</timestamp>
			</report>
			<report>
				<misses>331001</misses>
				<total>2</total>
				<timestamp>119.041111</timestamp>
			</report>
			<report>
				<misses>332001</misses>
				<total>2</total>
				<timestamp>119.400703</timestamp>
			</report>
			<report>
				<misses>333001</misses>
				<total>2</total>
				<timestamp>119.760331</timestamp>
			</report>
			<report>
				<misses>334001</misses>
				<total>2</total>
				<timestamp>120.120025</timestamp>
			</report>
			<report>
				<misses>335001</misses>
				<total>2</total>
				<timestamp>120.479594</timestamp>
			</report>
			<report>
				<misses>336001</misses>
				<total>2</total>
				<timestamp>120.839251</timestamp>
			</report>
			<report>
				<misses>337001</misses>
				<total>2</total>
				<timestamp>121.198952</timestamp>
			</report>
			<report>
				<misses>338001</misses>
				<total>2</total>
				<timestamp>121.558523</timestamp>
			</report>
			<report>
				<misses>339001</misses>
				<total>2</total>
				<timestamp>121.918193</timestamp>
			</report>
			<report>
				<misses>340001</misses>
				<total>2</total>
				<timestamp>122.277787</timestamp>
			</report>
			<report>
				<misses>341001</misses>
				<total>2</total>
				<timestamp>122.637445</timestamp>
			</report>
			<report>
				<misses>342001</misses>
				<total>2</total>
				<timestamp>122.997090</timestamp>
			</report>
			<report>
				<misses>343001</misses>
				<total>2</total>
				<timestamp>123.356768</timestamp>
			</report>
			<report>
				<misses>344001</misses>
				<total>2</total>
				<timestamp>123.716376</timestamp>
			</report>
			<report>
				<misses>345001</misses>
				<total>2</total>
				<timestamp>124.076056</timestamp>
			</report>
			<report>
				<misses>346001</misses>
				<total>2</total>
				<timestamp>124.435611</timestamp>
			</report>
			<report>
				<misses>347001</misses>
				<total>2</total>
				<timestamp>124.795259</timestamp>
			</report>
			<report>
				<misses>348001</misses>
				<total>2</total>
				<timestamp>125.154945</timestamp>
			</report>
			<report>
				<misses>349001</misses>
				<total>2</total>
				<timestamp>125.514567</timestamp>
			</report>
			<report>
				<misses>350001</misses>
				<total>2</total>
				<timestamp>125.874208</timestamp>
			</report>
			<report>
				<misses>351001</misses>
				<total>2</total>
				<timestamp>126.233809</timestamp>
			</report>
			<report>
				<misses>352001</misses>
				<total>2</total>
				<timestamp>126.593467</timestamp>
			</report>
			<report>
				<misses>353001</misses>
				<total>2</total>
				<timestamp>126.953105</timestamp>
			</report>
			<report>
				<misses>354001</misses>
				<total>2</total>
				<timestamp>127.312818</timestamp>
			</report>
			<report>
				<misses>355001</misses>
				<total>2</total>
				<timestamp>127.672414</timestamp>
			</report>
			<report>
				<misses>356001</misses>
				<total>2</total>
				<timestamp>128.032091</timestamp>
			</report>
			<report>
				<misses>357001</misses>
				<total>2</total>
				<timestamp>128.391666</timestamp>
			</report>
			<report>
				<misses>358001</misses>
				<total>2</total>
				<timestamp>128.751291</timestamp>
			</report>
			<report>
				<misses>359001</misses>
				<total>2</total>
				<timestamp>129.110952</timestamp>
			</report>
			<report>
				<misses>360001</misses>
				<total>2</total>
				<timestamp>129.470571</timestamp>
			</report>
			<report>
				<misses>361001</misses>
				<total>2</total>
				<timestamp>129.830308</timestamp>
			</report>
			<report>
				<misses>362001</misses>
				<total>2</total>
				<timestamp>130.189905</timestamp>
			</report>
			<report>
				<misses>363001</misses>
				<total>2</total>
				<timestamp>130.549504</timestamp>
			</report>
			<report>
				<misses>364001</misses>
				<total>2</total>
				<timestamp>130.909196</timestamp>
			</report>
			<report>
				<misses>365001</misses>
				<total>2</total>
				<timestamp>131.268803</timestamp>
			</report>
			<report>
				<misses>366001</misses>
				<total>2</total>
				<timestamp>131.628480</timestamp>
			</report>
			<report>
				<misses>367001</misses>
				<total>2</total>
				<timestamp>131.988055</timestamp>
			</report>
			<report>
				<misses>368001</misses>
				<total>2</total>
				<timestamp>132.347812</timestamp>
			</report>
			<report>
				<misses>369001</misses>
				<total>2</total>
				<timestamp>132.707401</timestamp>
			</report>
			<report>
				<misses>370001</misses>
				<total>2</total>
				<timestamp>133.067102</timestamp>
			</report>
			<report>
				<misses>371001</misses>
				<total>2</total>
				<timestamp>133.426649</timestamp>
			</report>
			<report>
				<misses>372001</misses>
				<total>2</total>
				<timestamp>133.786261</timestamp>
			</report>
			<report>
				<misses>373001</misses>
				<total>2</total>
				<timestamp>134.145952</timestamp>
			</report>
			<report>
				<misses>374001</misses>
				<total>2</total>
				<timestamp>134.505587</timestamp>
			</report>
			<report>
				<misses>375001</misses>
				<total>2</total>
				<timestamp>134.865245</timestamp>
			</report>
			<report>
				<misses>376001</misses>
				<total>2</total>
				<timestamp>135.224880</timestamp>
			</report>
			<report>
				<misses>377001</misses>
				<total>2</total>
				<timestamp>135.584481</timestamp>
			</report>
			<report>
				<misses>378001</misses>
				<total>2</total>
				<timestamp>135.944106</timestamp>
			</report>
			<report>
				<misses>379001</misses>
				<total>2</total>
				<timestamp>136.303768</timestamp>
			</report>
			<report>
				<misses>380001</misses>
				<total>2</total>
				<timestamp>136.663465</timestamp>
			</report>
			<report>
				<misses>381001</misses>
				<total>2</total>
				<timestamp>137.023022</timestamp>
			</report>
			<report>
				<misses>382001</misses>
				<total>2</total>
				<timestamp>137.382661</timestamp>
			</report>
			<report>
				<misses>383001</misses>
				<total>2</total>
				<timestamp>137.742305</timestamp>
			</report>
			<report>
				<misses>384001</misses>
				<total>2</total>
				<timestamp>138.101961</timestamp>
			</report>
			<report>
				<misses>385001</misses>
				<total>2</total>
				<timestamp>138.461580</timestamp>
			</report>
			<report>
				<misses>386001</misses>
				<total>2</total>
				<timestamp>138.821240</timestamp>
			</report>
			<report>
				<misses>387001</misses>
				<total>2</total>
				<timestamp>139.180958</timestamp>
			</report>
			<report>
				<misses>388001</misses>
				<total>2</total>
				<timestamp>139.540489</timestamp>
			</report>
			<report>
				<misses>389001</misses>
				<total>2</total>
				<timestamp>139.900171</timestamp>
			</report>
			<report>
				<misses>390001</misses>
				<total>2</total>
				<timestamp>140.259837</timestamp>
			</report>
			<report>
				<misses>391001</misses>
				<total>2</total>
				<timestamp>140.619471</timestamp>
			</report>
			<report>
				<misses>392001</misses>
				<total>2</total>
				<timestamp>140.979061</timestamp>
			</report>
			<report>
				<misses>393001</misses>
				<total>2</total>
				<timestamp>141.338703</timestamp>
			</report>
			<report>
				<misses>394001</misses>
				<total>2</total>
				<timestamp>141.698375</timestamp>
			</report>
			<report>
				<misses>395001</misses>
				<total>2</total>
				<timestamp>142.058039</timestamp>
			</report>
			<report>
				<misses>396001</misses>
				<total>2</total>
				<timestamp>142.417656</timestamp>
			</report>
			<report>
				<misses>397001</misses>
				<total>2</total>
				<timestamp>142.777274</timestamp>
			</report>
			<report>
				<misses>398001</misses>
				<total>2</total>
				<timestamp>143.136914</timestamp>
			</report>
			<report>
				<misses>399001</misses>
				<total>2</total>
				<timestamp>143.496629</timestamp>
			</report>
			<report>
				<misses>400001</misses>
				<total>2</total>
				<timestamp>143.856167</timestamp>
			</report>
			<report>
				<misses>401001</misses>
				<total>2</total>
				<timestamp>144.215835</timestamp>
			</report>
			<report>
				<misses>402001</misses>
				<total>2</total>
				<timestamp>144.575553</timestamp>
			</report>
			<report>
				<misses>403001</misses>
				<total>2</total>
				<timestamp>144.935189</timestamp>
			</report>
			<report>
				<misses>404001</misses>
				<total>2</total>
				<timestamp>145.294886</timestamp>
			</report>
			<report>
				<misses>405001</misses>
				<total>2</total>
				<timestamp>145.654391</timestamp>
			</report>
			<report>
				<misses>406001</misses>
				<total>2</total>
				<timestamp>146.014046</timestamp>
			</report>
			<report>
				<misses>407001</misses>
				<total>2</total>
				<timestamp>146.373647</timestamp>
			</report>
			<report>
				<misses>408001</misses>
				<total>2</total>
				<timestamp>146.733385</timestamp>
			</report>
			<report>
				<misses>409001</misses>
				<total>2</total>
				<timestamp>147.092969</timestamp>
			</report>
			<report>
				<misses>410001</misses>
				<total>2</total>
				<timestamp>147.452654</timestamp>
			</report>
			<report>
				<misses>411001</misses>
				<total>2</total>
				<timestamp>147.812277</timestamp>
			</report>
			<report>
				<misses>412001</misses>
				<total>2</total>
				<timestamp>148.171953</timestamp>
			</report>
			<report>
				<misses>413001</misses>
				<total>2</total>
				<timestamp>148.531541</timestamp>
			</report>
			<report>
				<misses>414001</misses>
				<total>2</total>
				<timestamp>148.891139</timestamp>
			</report>
			<report>
				<misses>415001</misses>
				<total>2</total>
				<timestamp>149.250801</timestamp>
			</report>
			<report>
				<misses>416001</misses>
				<total>2</total>
				<timestamp>149.610408</timestamp>
			</report>
			<report>
				<misses>417001</misses>
				<total>2</total>
				<timestamp>149.970121</timestamp>
			</report>
			<report>
				<misses>418001</misses>
				<total>2</total>
				<timestamp>150.329842</timestamp>
			</report>
			<report>
				<misses>419001</misses>
				<total>2</total>
				<timestamp>150.689365</timestamp>
			</report>
			<report>
				<misses>420001</misses>
				<total>2</total>
				<timestamp>151.049002</timestamp>
			</report>
			<report>
				<misses>421001</misses>
				<total>2</total>
				<timestamp>151.408689</timestamp>
			</report>
			<report>
				<misses>422001</misses>
				<total>2</total>
				<timestamp>151.768321</timestamp>
			</report>
			<report>
				<misses>423001</misses>
				<total>2</total>
				<timestamp>152.127948</timestamp>
			</report>
			<report>
				<misses>424001</misses>
				<total>2</total>
				<timestamp>152.487630</timestamp>
			</report>
			<report>
				<misses>425001</misses>
				<total>2</total>
				<timestamp>152.847181</timestamp>
			</report>
			<report>
				<misses>426001</misses>
				<total>2</total>
				<timestamp>153.206808</timestamp>
			</report>
			<report>
				<misses>427001</misses>
				<total>2</total>
				<timestamp>153.566470</timestamp>
			</report>
			<report>
				<misses>428001</misses>
				<total>2</total>
				<timestamp>153.926204</timestamp>
			</report>
			<report>
				<misses>429001</misses>
				<total>2</total>
				<timestamp>154.285801</timestamp>
			</report>
			<report>
				<misses>430001</misses>
				<total>2</total>
				<timestamp>154.645379</timestamp>
			</report>
			<report>
				<misses>431001</misses>
				<total>2</total>
				<timestamp>155.005095</timestamp>
			</report>
			<report>
				<misses>432001</misses>
				<total>2</total>
				<timestamp>155.364671</timestamp>
			</report>
			<report>
				<misses>433001</misses>
				<total>2</total>
				<timestamp>155.724300</timestamp>
			</report>
			<report>
				<misses>434001</misses>
				<total>2</total>
				<timestamp>156.083955</timestamp>
			</report>
			<report>
				<misses>435001</misses>
				<total>2</total>
				<timestamp>156.443570</timestamp>
			</report>
			<report>
				<misses>436001</misses>
				<total>2</total>
				<timestamp>156.803271</timestamp>
			</report>
			<report>
				<misses>437001</misses>
				<total>2</total>
				<timestamp>157.162868</timestamp>
			</report>
			<report>
				<misses>438001</misses>
				<total>2</total>
				<timestamp>157.522521</timestamp>
			</report>
			<report>
				<misses>439001</misses>
				<total>2</total>
				<timestamp>157.882148</timestamp>
			</report>
			<report>
				<misses>440001</misses>
				<total>2</total>
				<timestamp>158.241789</timestamp>
			</report>
			<report>
				<misses>441001</misses>
				<total>2</total>
				<timestamp>158.601438</timestamp>
			</report>
			<report>
				<misses>442001</misses>
				<total>2</total>
				<timestamp>158.961115</timestamp>
			</report>
			<report>
				<misses>443001</misses>
				<total>2</total>
				<timestamp>159.320726</timestamp>
			</report>
			<report>
				<misses>444001</misses>
				<total>2</total>
				<timestamp>159.680341</timestamp>
			</report>
			<report>
				<misses>445001</misses>
				<total>2</total>
				<timestamp>160.040015</timestamp>
			</report>
			<report>
				<misses>446001</misses>
				<total>2</total>
				<timestamp>160.399657</timestamp>
			</report>
			<report>
				<misses>447001</misses>
				<total>2</total>
				<timestamp>160.759252</timestamp>
			</report>
			<report>
				<misses>448001</misses>
				<total>2</total>
				<timestamp>161.118927</timestamp>
			</report>
			<report>
				<misses>449001</misses>
				<total>2</total>
				<timestamp>161.478608</timestamp>
			</report>
			<report>
				<misses>450001</misses>
				<total>2</total>
				<timestamp>161.838206</timestamp>
			</report>
			<report>
				<misses>451001</misses>
				<total>2</total>
				<timestamp>162.197950</timestamp>
			</report>
			<report>
				<misses>452001</misses>
				<total>2</total>
				<timestamp>162.557483</timestamp>
			</report>
			<report>
				<misses>453001</misses>
				<total>2</total>
				<timestamp>162.917096</timestamp>
			</report>
			<report>
				<misses>454001</misses>
				<total>2</total>
				<timestamp>163.276749</timestamp>
			</report>
			<report>
				<misses>455001</misses>
				<total>2</total>
				<timestamp>163.636423</timestamp>
			</report>
			<report>
				<misses>456001</misses>
				<total>2</total>
				<timestamp>163.996025</timestamp>
			</report>
			<report>
				<misses>457001</misses>
				<total>2</total>
				<timestamp>164.355811</timestamp>
			</report>
			<report>
				<misses>458001</misses>
				<total>2</total>
				<timestamp>164.715350</timestamp>
			</report>
			<report>
				<misses>459001</misses>
				<total>2</total>
				<timestamp>165.074975</timestamp>
			</report>
			<report>
				<misses>460001</misses>
				<total>2</total>
				<timestamp>165.434703</timestamp>
			</report>
			<report>
				<misses>461001</misses>
				<total>2</total>
				<timestamp>165.794321</timestamp>
			</report>
			<report>
				<misses>462001</misses>
				<total>2</total>
				<timestamp>166.153908</timestamp>
			</report>
			<report>
				<misses>463001</misses>
				<total>2</total>
				<timestamp>166.513599</timestamp>
			</report>
			<report>
				<misses>464001</misses>
				<total>2</total>
				<timestamp>166.873210</timestamp>
			</report>
			<report>
				<misses>465001</misses>
				<total>2</total>
				<timestamp>167.232801</timestamp>
			</report>
			<report>
				<misses>466001</misses>
				<total>2</total>
				<timestamp>167.592436</timestamp>
			</report>
			<report>
				<misses>467001</misses>
				<total>2</total>
				<timestamp>167.952134</timestamp>
			</report>
			<report>
				<misses>468001</misses>
				<total>2</total>
				<timestamp>168.311745</timestamp>
			</report>
			<report>
				<misses>469001</misses>
				<total>2</total>
				<timestamp>168.671369</timestamp>
			</report>
			<report>
				<misses>470001</misses>
				<total>2</total>
				<timestamp>169.031034</timestamp>
			</report>
			<report>
				<misses>471001</misses>
				<total>2</total>
				<timestamp>169.390680</timestamp>
			</report>
			<report>
				<misses>472001</misses>
				<total>2</total>
				<timestamp>169.750325</timestamp>
			</report>
			<report>
				<misses>473001</misses>
				<total>2</total>
				<timestamp>170.109934</timestamp>
			</report>
			<report>
				<misses>474001</misses>
				<total>2</total>
				<timestamp>170.469623</timestamp>
			</report>
			<report>
				<misses>475001</misses>
				<total>2</total>
				<timestamp>170.829221</timestamp>
			</report>
			<report>
				<misses>476001</misses>
				<total>2</total>
				<timestamp>171.188811</timestamp>
			</report>
			<report>
				<misses>477001</misses>
				<total>2</total>
				<timestamp>171.548459</timestamp>
			</report>
			<report>
				<misses>478001</misses>
				<total>2</total>
				<timestamp>171.908208</timestamp>
			</report>
			<report>
				<misses>479001</misses>
				<total>2</total>
				<timestamp>172.267775</timestamp>
			</report>
			<report>
				<misses>480001</misses>
				<total>2</total>
				<timestamp>172.627420</timestamp>
			</report>
			<report>
				<misses>481001</misses>
				<total>2</total>
				<timestamp>172.987015</timestamp>
			</report>
			<report>
				<misses>482001</misses>
				<total>2</total>
				<timestamp>173.346746</timestamp>
			</report>
			<report>
				<misses>483001</misses>
				<total>2</total>
				<timestamp>173.706408</timestamp>
			</report>
			<report>
				<misses>484001</misses>
				<total>2</total>
				<timestamp>174.065954</timestamp>
			</report>
			<report>
				<misses>485001</misses>
				<total>2</total>
				<timestamp>174.425673</timestamp>
			</report>
			<report>
				<misses>486001</misses>
				<total>2</total>
				<timestamp>174.785362</timestamp>
			</report>
			<report>
				<misses>487001</misses>
				<total>2</total>
				<timestamp>175.144843</timestamp>
			</report>
			<report>
				<misses>488001</misses>
				<total>2</total>
				<timestamp>175.504568</timestamp>
			</report>
			<report>
				<misses>489001</misses>
				<total>2</total>
				<timestamp>175.864195</timestamp>
			</report>
			<report>
				<misses>490001</misses>
				<total>2</total>
				<timestamp>176.223792</timestamp>
			</report>
			<report>
				<misses>491001</misses>
				<total>2</total>
				<timestamp>176.583455</timestamp>
			</report>
			<report>
				<misses>492001</misses>
				<total>2</total>
				<timestamp>176.943068</timestamp>
			</report>
			<report>
				<misses>493001</misses>
				<total>2</total>
				<timestamp>177.302763</timestamp>
			</report>
			<report>
				<misses>494001</misses>
				<total>2</total>
				<timestamp>177.662452</timestamp>
			</report>
			<report>
				<misses>495001</misses>
				<total>2</total>
				<timestamp>178.021988</timestamp>
			</report>
			<report>
				<misses>496001</misses>
				<total>2</total>
				<timestamp>178.381679</timestamp>
			</report>
			<report>
				<misses>497001</misses>
				<total>2</total>
				<timestamp>178.741253</timestamp>
			</report>
			<report>
				<misses>498001</misses>
				<total>2</total>
				<timestamp>179.100957</timestamp>
			</report>
			<report>
				<misses>499001</misses>
				<total>2</total>
				<timestamp>179.460600</timestamp>
			</report>
			<report>
				<misses>500001</misses>
				<total>2</total>
				<timestamp>179.820212</timestamp>
			</report>
			<report>
				<misses>501001</misses>
				<total>2</total>
				<timestamp>180.179838</timestamp>
			</report>
			<report>
				<misses>502001</misses>
				<total>2</total>
				<timestamp>180.539501</timestamp>
			</report>
			<report>
				<misses>503001</misses>
				<total>2</total>
				<timestamp>180.899185</timestamp>
			</report>
			<report>
				<misses>504001</misses>
				<total>2</total>
				<timestamp>181.258736</timestamp>
			</report>
			<report>
				<misses>505001</misses>
				<total>2</total>
				<timestamp>181.618382</timestamp>
			</report>
			<report>
				<misses>506001</misses>
				<total>2</total>
				<timestamp>181.978015</timestamp>
			</report>
			<report>
				<misses>507001</misses>
				<total>2</total>
				<timestamp>182.337782</timestamp>
			</report>
			<report>
				<misses>508001</misses>
				<total>2</total>
				<timestamp>182.697334</timestamp>
			</report>
			<report>
				<misses>509001</misses>
				<total>2</total>
				<timestamp>183.056940</timestamp>
			</report>
			<report>
				<misses>510001</misses>
				<total>2</total>
				<timestamp>183.416677</timestamp>
			</report>
			<report>
				<misses>511001</misses>
				<total>2</total>
				<timestamp>183.776223</timestamp>
			</report>
			<report>
				<misses>512001</misses>
				<total>2</total>
				<timestamp>184.135923</timestamp>
			</report>
			<report>
				<misses>513001</misses>
				<total>2</total>
				<timestamp>184.495589</timestamp>
			</report>
			<report>
				<misses>514001</misses>
				<total>2</total>
				<timestamp>184.855176</timestamp>
			</report>
			<report>
				<misses>515001</misses>
				<total>2</total>
				<timestamp>185.214821</timestamp>
			</report>
			<report>
				<misses>516001</misses>
				<total>2</total>
				<timestamp>185.574428</timestamp>
			</report>
			<report>
				<misses>517001</misses>
				<total>2</total>
				<timestamp>185.934152</timestamp>
			</report>
			<report>
				<misses>518001</misses>
				<total>2</total>
				<timestamp>186.293716</timestamp>
			</report>
			<report>
				<misses>519001</misses>
				<total>2</total>
				<timestamp>186.653343</timestamp>
			</report>
			<report>
				<misses>520001</misses>
				<total>2</total>
				<timestamp>187.013022</timestamp>
			</report>
			<report>
				<misses>521001</misses>
				<total>2</total>
				<timestamp>187.372630</timestamp>
			</report>
			<report>
				<misses>522001</misses>
				<total>2</total>
				<timestamp>187.732321</timestamp>
			</report>
			<report>
				<misses>523001</misses>
				<total>2</total>
				<timestamp>188.091971</timestamp>
			</report>
			<report>
				<misses>524001</misses>
				<total>2</total>
				<timestamp>188.451551</timestamp>
			</report>
			<report>
				<misses>525001</misses>
				<total>2</total>
				<timestamp>188.811206</timestamp>
			</report>
			<report>
				<misses>526001</misses>
				<total>2</total>
				<timestamp>189.170845</timestamp>
			</report>
			<report>
				<misses>527001</misses>
				<total>2</total>
				<timestamp>189.530502</timestamp>
			</report>
			<report>
				<misses>528001</misses>
				<total>2</total>
				<timestamp>189.890091</timestamp>
			</report>
			<report>
				<misses>529001</misses>
				<total>2</total>
				<timestamp>190.249741</timestamp>
			</report>
			<report>
				<misses>530001</misses>
				<total>2</total>
				<timestamp>190.609425</timestamp>
			</report>
			<report>
				<misses>531001</misses>
				<total>2</total>
				<timestamp>190.969012</timestamp>
			</report>
			<report>
				<misses>532001</misses>
				<total>2</total>
				<timestamp>191.328718</timestamp>
			</report>
			<report>
				<misses>533001</misses>
				<total>2</total>
				<timestamp>191.688318</timestamp>
			</report>
			<report>
				<misses>534001</misses>
				<total>2</total>
				<timestamp>192.047976</timestamp>
			</report>
			<report>
				<misses>535001</misses>
				<total>2</total>
				<timestamp>192.407722</timestamp>
			</report>
			<report>
				<misses>536001</misses>
				<total>2</total>
				<timestamp>192.767256</timestamp>
			</report>
			<report>
				<misses>537001</misses>
				<total>2</total>
				<timestamp>193.126906</timestamp>
			</report>
			<report>
				<misses>538001</misses>
				<total>2</total>
				<timestamp>193.486539</timestamp>
			</report>
			<report>
				<misses>539001</misses>
				<total>2</total>
				<timestamp>193.846155</timestamp>
			</report>
			<report>
				<misses>540001</misses>
				<total>2</total>
				<timestamp>194.205822</timestamp>
			</report>
			<report>
				<misses>541001</misses>
				<total>2</total>
				<timestamp>194.565553</timestamp>
			</report>
			<report>
				<misses>542001</misses>
				<total>2</total>
				<timestamp>194.925116</timestamp>
			</report>
			<report>
				<misses>543001</misses>
				<total>2</total>
				<timestamp>195.284692</timestamp>
			</report>
			<report>
				<misses>544001</misses>
				<total>2</total>
				<timestamp>195.644378</timestamp>
			</report>
			<report>
				<misses>545001</misses>
				<total>2</total>
				<timestamp>196.003987</timestamp>
			</report>
			<report>
				<misses>546001</misses>
				<total>2</total>
				<timestamp>196.363666</timestamp>
			</report>
			<report>
				<misses>547001</misses>
				<total>2</total>
				<timestamp>196.723294</timestamp>
			</report>
			<report>
				<misses>548001</misses>
				<total>2</total>
				<timestamp>197.082920</timestamp>
			</report>
			<report>
				<misses>549001</misses>
				<total>2</total>
				<timestamp>197.442661</timestamp>
			</report>
			<report>
				<misses>550001</misses>
				<total>2</total>
				<timestamp>197.802210</timestamp>
			</report>
			<report>
				<misses>551001</misses>
				<total>2</total>
				<timestamp>198.161815</timestamp>
			</report>
			<report>
				<misses>552001</misses>
				<total>2</total>
				<timestamp>198.521623</timestamp>
			</report>
			<report>
				<misses>553001</misses>
				<total>2</total>
				<timestamp>198.881169</timestamp>
			</report>
			<report>
				<misses>554001</misses>
				<total>2</total>
				<timestamp>199.240737</timestamp>
			</report>
			<report>
				<misses>555001</misses>
				<total>2</total>
				<timestamp>199.600418</timestamp>
			</report>
			<report>
				<misses>556001</misses>
				<total>2</total>
				<timestamp>199.960035</timestamp>
			</report>
			<report>
				<misses>557001</misses>
				<total>2</total>
				<timestamp>200.319702</timestamp>
			</report>
			<report>
				<misses>558001</misses>
				<total>2</total>
				<timestamp>200.679302</timestamp>
			</report>
			<report>
				<misses>559001</misses>
				<total>2</total>
				<timestamp>201.038922</timestamp>
			</report>
			<report>
				<misses>560001</misses>
				<total>2</total>
				<timestamp>201.398624</timestamp>
			</report>
			<report>
				<misses>561001</misses>
				<total>2</total>
				<timestamp>201.758272</timestamp>
			</report>
			<report>
				<misses>562001</misses>
				<total>2</total>
				<timestamp>202.117872</timestamp>
			</report>
			<report>
				<misses>563001</misses>
				<total>2</total>
				<timestamp>202.477530</timestamp>
			</report>
			<report>
				<misses>564001</misses>
				<total>2</total>
				<timestamp>202.837139</timestamp>
			</report>
			<report>
				<misses>565001</misses>
				<total>2</total>
				<timestamp>203.196788</timestamp>
			</report>
			<report>
				<misses>566001</misses>
				<total>2</total>
				<timestamp>203.556455</timestamp>
			</report>
			<report>
				<misses>567001</misses>
				<total>2</total>
				<timestamp>203.916056</timestamp>
			</report>
			<report>
				<misses>568001</misses>
				<total>2</total>
				<timestamp>204.275783</timestamp>
			</report>
			<report>
				<misses>569001</misses>
				<total>2</total>
				<timestamp>204.635369</timestamp>
			</report>
			<report>
				<misses>570001</misses>
				<total>2</total>
				<timestamp>204.994996</timestamp>
			</report>
			<report>
				<misses>571001</misses>
				<total>2</total>
				<timestamp>205.354618</timestamp>
			</report>
			<report>
				<misses>572001</misses>
				<total>2</total>
				<timestamp>205.714299</timestamp>
			</report>
			<report>
				<misses>573001</misses>
				<total>2</total>
				<timestamp>206.073909</timestamp>
			</report>
			<report>
				<misses>574001</misses>
				<total>2</total>
				<timestamp>206.433588</timestamp>
			</report>
			<report>
				<misses>575001</misses>
				<total>2</total>
				<timestamp>206.793227</timestamp>
			</report>
			<report>
				<misses>576001</misses>
				<total>2</total>
				<timestamp>207.152832</timestamp>
			</report>
			<report>
				<misses>577001</misses>
				<total>2</total>
				<timestamp>207.512495</timestamp>
			</report>
			<report>
				<misses>578001</misses>
				<total>2</total>
				<timestamp>207.872144</timestamp>
			</report>
			<report>
				<misses>579001</misses>
				<total>2</total>
				<timestamp>208.231834</timestamp>
			</report>
			<report>
				<misses>580001</misses>
				<total>2</total>
				<timestamp>208.591436</timestamp>
			</report>
			<report>
				<misses>581001</misses>
				<total>2</total>
				<timestamp>208.951034</timestamp>
			</report>
			<report>
				<misses>582001</misses>
				<total>2</total>
				<timestamp>209.310699</timestamp>
			</report>
			<report>
				<misses>583001</misses>
				<total>2</total>
				<timestamp>209.670307</timestamp>
			</report>
			<report>
				<misses>584001</misses>
				<total>2</total>
				<timestamp>210.029930</timestamp>
			</report>
			<report>
				<misses>585001</misses>
				<total>2</total>
				<timestamp>210.389670</timestamp>
			</report>
			<report>
				<misses>586001</misses>
				<total>2</total>
				<timestamp>210.749205</timestamp>
			</report>
			<report>
				<misses>587001</misses>
				<total>2</total>
				<timestamp>211.108903</timestamp>
			</report>
			<report>
				<misses>588001</misses>
				<total>2</total>
				<timestamp>211.468528</timestamp>
			</report>
			<report>
				<misses>589001</misses>
				<total>2</total>
				<timestamp>211.828168</timestamp>
			</report>
			<report>
				<misses>590001</misses>
				<total>2</total>
				<timestamp>212.187779</timestamp>
			</report>
			<report>
				<misses>591001</misses>
				<total>2</total>
				<timestamp>212.547501</timestamp>
			</report>
			<report>
				<misses>592001</misses>
				<total>2</total>
				<timestamp>212.907071</timestamp>
			</report>
			<report>
				<misses>593001</misses>
				<total>2</total>
				<timestamp>213.266786</timestamp>
			</report>
			<report>
				<misses>594001</misses>
				<total>2</total>
				<timestamp>213.626396</timestamp>
			</report>
			<report>
				<misses>595001</misses>
				<total>2</total>
				<timestamp>213.986048</timestamp>
			</report>
			<report>
				<misses>596001</misses>
				<total>2</total>
				<timestamp>214.345613</timestamp>
			</report>
			<report>
				<misses>597001</misses>
				<total>2</total>
				<timestamp>214.705286</timestamp>
			</report>
			<report>
				<misses>598001</misses>
				<total>2</total>
				<timestamp>215.064951</timestamp>
			</report>
			<report>
				<misses>599001</misses>
				<total>2</total>
				<timestamp>215.424586</timestamp>
			</report>
			<report>
				<misses>600001</misses>
				<total>2</total>
				<timestamp>215.784211</timestamp>
			</report>
			<report>
				<misses>601001</misses>
				<total>2</total>
				<timestamp>216.143799</timestamp>
			</report>
			<report>
				<misses>602001</misses>
				<total>2</total>
				<timestamp>216.503505</timestamp>
			</report>
			<report>
				<misses>603001</misses>
				<total>2</total>
				<timestamp>216.863186</timestamp>
			</report>
			<report>
				<misses>604001</misses>
				<total>2</total>
				<timestamp>217.222785</timestamp>
			</report>
			<report>
				<misses>605001</misses>
				<total>2</total>
				<timestamp>217.582414</timestamp>
			</report>
			<report>
				<misses>606001</misses>
				<total>2</total>
				<timestamp>217.942106</timestamp>
			</report>
			<report>
				<misses>607001</misses>
				<total>2</total>
				<timestamp>218.301697</timestamp>
			</report>
			<report>
				<misses>608001</misses>
				<total>2</total>
				<timestamp>218.661393</timestamp>
			</report>
			<report>
				<misses>609001</misses>
				<total>2</total>
				<timestamp>219.021010</timestamp>
			</report>
			<report>
				<misses>610001</misses>
				<total>2</total>
				<timestamp>219.380596</timestamp>
			</report>
			<report>
				<misses>611001</misses>
				<total>2</total>
				<timestamp>219.740223</timestamp>
			</report>
			<report>
				<misses>612001</misses>
				<total>2</total>
				<timestamp>220.099893</timestamp>
			</report>
			<report>
				<misses>613001</misses>
				<total>2</total>
				<timestamp>220.459534</timestamp>
			</report>
			<report>
				<misses>614001</misses>
				<total>2</total>
				<timestamp>220.819150</timestamp>
			</report>
			<report>
				<misses>615001</misses>
				<total>2</total>
				<timestamp>221.178855</timestamp>
			</report>
			<report>
				<misses>616001</misses>
				<total>2</total>
				<timestamp>221.538432</timestamp>
			</report>
			<report>
				<misses>617001</misses>
				<total>2</total>
				<timestamp>221.898048</timestamp>
			</report>
			<report>
				<misses>618001</misses>
				<total>2</total>
				<timestamp>222.257699</timestamp>
			</report>
			<report>
				<misses>619001</misses>
				<total>2</total>
				<timestamp>222.617368</timestamp>
			</report>
			<report>
				<misses>620001</misses>
				<total>2</total>
				<timestamp>222.977041</timestamp>
			</report>
			<report>
				<misses>621001</misses>
				<total>2</total>
				<timestamp>223.336646</timestamp>
			</report>
			<report>
				<misses>622001</misses>
				<total>2</total>
				<timestamp>223.696309</timestamp>
			</report>
			<report>
				<misses>623001</misses>
				<total>2</total>
				<timestamp>224.055962</timestamp>
			</report>
			<report>
				<misses>624001</misses>
				<total>2</total>
				<timestamp>224.415538</timestamp>
			</report>
			<report>
				<misses>625001</misses>
				<total>2</total>
				<timestamp>224.775241</timestamp>
			</report>
			<report>
				<misses>626001</misses>
				<total>2</total>
				<timestamp>225.134941</timestamp>
			</report>
			<report>
				<misses>627001</misses>
				<total>2</total>
				<timestamp>225.494549</timestamp>
			</report>
			<report>
				<misses>628001</misses>
				<total>2</total>
				<timestamp>225.854200</timestamp>
			</report>
			<report>
				<misses>629001</misses>
				<total>2</total>
				<timestamp>226.213735</timestamp>
			</report>
			<report>
				<misses>630001</misses>
				<total>2</total>
				<timestamp>226.573454</timestamp>
			</report>
			<report>
				<misses>631001</misses>
				<total>2</total>
				<timestamp>226.933050</timestamp>
			</report>
			<report>
				<misses>632001</misses>
				<total>2</total>
				<timestamp>227.292685</timestamp>
			</report>
			<report>
				<misses>633001</misses>
				<total>2</total>
				<timestamp>227.652342</timestamp>
			</report>
			<report>
				<misses>634001</misses>
				<total>2</total>
				<timestamp>228.012069</timestamp>
			</report>
			<report>
				<misses>635001</misses>
				<total>2</total>
				<timestamp>228.371655</timestamp>
			</report>
			<report>
				<misses>636001</misses>
				<total>2</total>
				<timestamp>228.731215</timestamp>
			</report>
			<report>
				<misses>637001</misses>
				<total>2</total>
				<timestamp>229.090861</timestamp>
			</report>
			<report>
				<misses>638001</misses>
				<total>2</total>
				<timestamp>229.450485</timestamp>
			</report>
			<report>
				<misses>639001</misses>
				<total>2</total>
				<timestamp>229.810172</timestamp>
			</report>
			<report>
				<misses>640001</misses>
				<total>2</total>
				<timestamp>230.169769</timestamp>
			</report>
			<report>
				<misses>641001</misses>
				<total>2</total>
				<timestamp>230.529441</timestamp>
			</report>
			<report>
				<misses>642001</misses>
				<total>2</total>
				<timestamp>230.889187</timestamp>
			</report>
			<report>
				<misses>643001</misses>
				<total>2</total>
				<timestamp>231.248702</timestamp>
			</report>
			<report>
				<misses>644001</misses>
				<total>2</total>
				<timestamp>231.608403</timestamp>
			</report>
			<report>
				<misses>645001</misses>
				<total>2</total>
				<timestamp>231.968056</timestamp>
			</report>
			<report>
				<misses>646001</misses>
				<total>2</total>
				<timestamp>232.327640</timestamp>
			</report>
			<report>
				<misses>647001</misses>
				<total>2</total>
				<timestamp>232.687328</timestamp>
			</report>
			<report>
				<misses>648001</misses>
				<total>2</total>
				<timestamp>233.047027</timestamp>
			</report>
			<report>
				<misses>649001</misses>
				<total>2</total>
				<timestamp>233.406545</timestamp>
			</report>
			<report>
				<misses>650001</misses>
				<total>2</total>
				<timestamp>233.766223</timestamp>
			</report>
			<report>
				<misses>651001</misses>
				<total>2</total>
				<timestamp>234.125821</timestamp>
			</report>
			<report>
				<misses>652001</misses>
				<total>2</total>
				<timestamp>234.485449</timestamp>
			</report>
			<report>
				<misses>653001</misses>
				<total>2</total>
				<timestamp>234.845146</timestamp>
			</report>
			<report>
				<misses>654001</misses>
				<total>2</total>
				<timestamp>235.204785</timestamp>
			</report>
			<report>
				<misses>655001</misses>
				<total>2</total>
				<timestamp>235.564412</timestamp>
			</report>
			<report>
				<misses>656001</misses>
				<total>2</total>
				<timestamp>235.924076</timestamp>
			</report>
			<report>
				<misses>657001</misses>
				<total>2</total>
				<timestamp>236.283707</timestamp>
			</report>
			<report>
				<misses>658001</misses>
				<total>2</total>
				<timestamp>236.643317</timestamp>
			</report>
			<report>
				<misses>659001</misses>
				<total>2</total>
				<timestamp>237.002947</timestamp>
			</report>
			<report>
				<misses>660001</misses>
				<total>2</total>
				<timestamp>237.362634</timestamp>
			</report>
			<report>
				<misses>661001</misses>
				<total>2</total>
				<timestamp>237.722312</timestamp>
			</report>
			<report>
				<misses>662001</misses>
				<total>2</total>
				<timestamp>238.081881</timestamp>
			</report>
			<report>
				<misses>663001</misses>
				<total>2</total>
				<timestamp>238.441514</timestamp>
			</report>
			<report>
				<misses>664001</misses>
				<total>2</total>
				<timestamp>238.801201</timestamp>
			</report>
			<report>
				<misses>665001</misses>
				<total>2</total>
				<timestamp>239.160787</timestamp>
			</report>
			<report>
				<misses>666001</misses>
				<total>2</total>
				<timestamp>239.520446</timestamp>
			</report>
			<report>
				<misses>667001</misses>
				<total>2</total>
				<timestamp>239.880140</timestamp>
			</report>
			<report>
				<misses>668001</misses>
				<total>2</total>
				<timestamp>240.239703</timestamp>
			</report>
			<report>
				<misses>669001</misses>
				<total>2</total>
				<timestamp>240.599404</timestamp>
			</report>
			<report>
				<misses>670001</misses>
				<total>2</total>
				<timestamp>240.959125</timestamp>
			</report>
			<report>
				<misses>671001</misses>
				<total>2</total>
				<timestamp>241.318618</timestamp>
			</report>
			<report>
				<misses>672001</misses>
				<total>2</total>
				<timestamp>241.678364</timestamp>
			</report>
			<report>
				<misses>673001</misses>
				<total>2</total>
				<timestamp>242.037963</timestamp>
			</report>
			<report>
				<misses>674001</misses>
				<total>2</total>
				<timestamp>242.397543</timestamp>
			</report>
			<report>
				<misses>675001</misses>
				<total>2</total>
				<timestamp>242.757205</timestamp>
			</report>
			<report>
				<misses>676001</misses>
				<total>2</total>
				<timestamp>243.116862</timestamp>
			</report>
			<report>
				<misses>677001</misses>
				<total>2</total>
				<timestamp>243.476469</timestamp>
			</report>
			<report>
				<misses>678001</misses>
				<total>2</total>
				<timestamp>243.836146</timestamp>
			</report>
			<report>
				<misses>679001</misses>
				<total>2</total>
				<timestamp>244.195736</timestamp>
			</report>
			<report>
				<misses>680001</misses>
				<total>2</total>
				<timestamp>244.555389</timestamp>
			</report>
			<report>
				<misses>681001</misses>
				<total>2</total>
				<timestamp>244.915037</timestamp>
			</report>
			<report>
				<misses>682001</misses>
				<total>2</total>
				<timestamp>245.274657</timestamp>
			</report>
			<report>
				<misses>683001</misses>
				<total>2</total>
				<timestamp>245.634480</timestamp>
			</report>
			<report>
				<misses>684001</misses>
				<total>2</total>
				<timestamp>245.993991</timestamp>
			</report>
			<report>
				<misses>685001</misses>
				<total>2</total>
				<timestamp>246.353573</timestamp>
			</report>
			<report>
				<misses>686001</misses>
				<total>2</total>
				<timestamp>246.713287</timestamp>
			</report>
			<report>
				<misses>687001</misses>
				<total>2</total>
				<timestamp>247.072962</timestamp>
			</report>
			<report>
				<misses>688001</misses>
				<total>2</total>
				<timestamp>247.432512</timestamp>
			</report>
			<report>
				<misses>689001</misses>
				<total>2</total>
				<timestamp>247.792280</timestamp>
			</report>
			<report>
				<misses>690001</misses>
				<total>2</total>
				<timestamp>248.151891</timestamp>
			</report>
			<report>
				<misses>691001</misses>
				<total>2</total>
				<timestamp>248.511537</timestamp>
			</report>
			<report>
				<misses>692001</misses>
				<total>2</total>
				<timestamp>248.871090</timestamp>
			</report>
			<report>
				<misses>693001</misses>
				<total>2</total>
				<timestamp>249.230782</timestamp>
			</report>
			<report>
				<misses>694001</misses>
				<total>2</total>
				<timestamp>249.590333</timestamp>
			</report>
			<report>
				<misses>695001</misses>
				<total>2</total>
				<timestamp>249.950057</timestamp>
			</report>
			<report>
				<misses>696001</misses>
				<total>2</total>
				<timestamp>250.309619</timestamp>
			</report>
			<report>
				<misses>697001</misses>
				<total>2</total>
				<timestamp>250.669303</timestamp>
			</report>
			<report>
				<misses>698001</misses>
				<total>2</total>
				<timestamp>251.028922</timestamp>
			</report>
			<report>
				<misses>699001</misses>
				<total>2</total>
				<timestamp>251.388595</timestamp>
			</report>
			<report>
				<misses>700001</misses>
				<total>2</total>
				<timestamp>251.748226</timestamp>
			</report>
			<report>
				<misses>701001</misses>
				<total>2</total>
				<timestamp>252.107870</timestamp>
			</report>
			<report>
				<misses>702001</misses>
				<total>2</total>
				<timestamp>252.467532</timestamp>
			</report>
			<report>
				<misses>703001</misses>
				<total>2</total>
				<timestamp>252.827216</timestamp>
			</report>
			<report>
				<misses>704001</misses>
				<total>2</total>
				<timestamp>253.186802</timestamp>
			</report>
			<report>
				<misses>705001</misses>
				<total>2</total>
				<timestamp>253.546420</timestamp>
			</report>
			<report>
				<misses>706001</misses>
				<total>2</total>
				<timestamp>253.906035</timestamp>
			</report>
			<report>
				<misses>707001</misses>
				<total>2</total>
				<timestamp>254.265764</timestamp>
			</report>
			<report>
				<misses>708001</misses>
				<total>2</total>
				<timestamp>254.625342</timestamp>
			</report>
			<report>
				<misses>709001</misses>
				<total>2</total>
				<timestamp>254.985048</timestamp>
			</report>
			<report>
				<misses>710001</misses>
				<total>2</total>
				<timestamp>255.344612</timestamp>
			</report>
			<report>
				<misses>711001</misses>
				<total>2</total>
				<timestamp>255.704300</timestamp>
			</report>
			<report>
				<misses>712001</misses>
				<total>2</total>
				<timestamp>256.063877</timestamp>
			</report>
			<report>
				<misses>713001</misses>
				<total>2</total>
				<timestamp>256.423512</timestamp>
			</report>
			<report>
				<misses>714001</misses>
				<total>2</total>
				<timestamp>256.783222</timestamp>
			</report>
			<report>
				<misses>715001</misses>
				<total>2</total>
				<timestamp>257.142817</timestamp>
			</report>
			<report>
				<misses>716001</misses>
				<total>2</total>
				<timestamp>257.502415</timestamp>
			</report>
			<report>
				<misses>717001</misses>
				<total>2</total>
				<timestamp>257.862102</timestamp>
			</report>
			<report>
				<misses>718001</misses>
				<total>2</total>
				<timestamp>258.221690</timestamp>
			</report>
			<report>
				<misses>719001</misses>
				<total>2</total>
				<timestamp>258.581385</timestamp>
			</report>
			<report>
				<misses>720001</misses>
				<total>2</total>
				<timestamp>258.941032</timestamp>
			</report>
			<report>
				<misses>721001</misses>
				<total>2</total>
				<timestamp>259.300624</timestamp>
			</report>
			<report>
				<misses>722001</misses>
				<total>2</total>
				<timestamp>259.660315</timestamp>
			</report>
			<report>
				<misses>723001</misses>
				<total>2</total>
				<timestamp>260.019889</timestamp>
			</report>
			<report>
				<misses>724001</misses>
				<total>2</total>
				<timestamp>260.379542</timestamp>
			</report>
			<report>
				<misses>725001</misses>
				<total>2</total>
				<timestamp>260.739226</timestamp>
			</report>
			<report>
				<misses>726001</misses>
				<total>2</total>
				<timestamp>261.098865</timestamp>
			</report>
			<report>
				<misses>727001</misses>
				<total>2</total>
				<timestamp>261.458488</timestamp>
			</report>
			<report>
				<misses>728001</misses>
				<total>2</total>
				<timestamp>261.818167</timestamp>
			</report>
			<report>
				<misses>729001</misses>
				<total>2</total>
				<timestamp>262.177776</timestamp>
			</report>
			<report>
				<misses>730001</misses>
				<total>2</total>
				<timestamp>262.537405</timestamp>
			</report>
			<report>
				<misses>731001</misses>
				<total>2</total>
				<timestamp>262.897034</timestamp>
			</report>
			<report>
				<misses>732001</misses>
				<total>2</total>
				<timestamp>263.256725</timestamp>
			</report>
			<report>
				<misses>733001</misses>
				<total>2</total>
				<timestamp>263.616298</timestamp>
			</report>
			<report>
				<misses>734001</misses>
				<total>2</total>
				<timestamp>263.975938</timestamp>
			</report>
			<report>
				<misses>735001</misses>
				<total>2</total>
				<timestamp>264.335610</timestamp>
			</report>
			<report>
				<misses>736001</misses>
				<total>2</total>
				<timestamp>264.695252</timestamp>
			</report>
			<report>
				<misses>737001</misses>
				<total>2</total>
				<timestamp>265.054844</timestamp>
			</report>
			<report>
				<misses>738001</misses>
				<total>2</total>
				<timestamp>265.414617</timestamp>
			</report>
			<report>
				<misses>739001</misses>
				<total>2</total>
				<timestamp>265.774200</timestamp>
			</report>
			<report>
				<misses>740001</misses>
				<total>2</total>
				<timestamp>266.133822</timestamp>
			</report>
			<report>
				<misses>741001</misses>
				<total>2</total>
				<timestamp>266.493412</timestamp>
			</report>
			<report>
				<misses>742001</misses>
				<total>2</total>
				<timestamp>266.853069</timestamp>
			</report>
			<report>
				<misses>743001</misses>
				<total>2</total>
				<timestamp>267.212750</timestamp>
			</report>
			<report>
				<misses>744001</misses>
				<total>2</total>
				<timestamp>267.572365</timestamp>
			</report>
			<report>
				<misses>745001</misses>
				<total>2</total>
				<timestamp>267.932027</timestamp>
			</report>
			<report>
				<misses>746001</misses>
				<total>2</total>
				<timestamp>268.291621</timestamp>
			</report>
			<report>
				<misses>747001</misses>
				<total>2</total>
				<timestamp>268.651285</timestamp>
			</report>
			<report>
				<misses>748001</misses>
				<total>2</total>
				<timestamp>269.010876</timestamp>
			</report>
			<report>
				<misses>749001</misses>
				<total>2</total>
				<timestamp>269.370591</timestamp>
			</report>
			<report>
				<misses>750001</misses>
				<total>2</total>
				<timestamp>269.730216</timestamp>
			</report>
			<report>
				<misses>751001</misses>
				<total>2</total>
				<timestamp>270.089847</timestamp>
			</report>
			<report>
				<misses>752001</misses>
				<total>2</total>
				<timestamp>270.449515</timestamp>
			</report>
			<report>
				<misses>753001</misses>
				<total>2</total>
				<timestamp>270.809176</timestamp>
			</report>
			<report>
				<misses>754001</misses>
				<total>2</total>
				<timestamp>271.168762</timestamp>
			</report>
			<report>
				<misses>755001</misses>
				<total>2</total>
				<timestamp>271.528447</timestamp>
			</report>
			<report>
				<misses>756001</misses>
				<total>2</total>
				<timestamp>271.888078</timestamp>
			</report>
			<report>
				<misses>757001</misses>
				<total>2</total>
				<timestamp>272.247681</timestamp>
			</report>
			<report>
				<misses>758001</misses>
				<total>2</total>
				<timestamp>272.607288</timestamp>
			</report>
			<report>
				<misses>759001</misses>
				<total>2</total>
				<timestamp>272.966970</timestamp>
			</report>
			<report>
				<misses>760001</misses>
				<total>2</total>
				<timestamp>273.326562</timestamp>
			</report>
			<report>
				<misses>761001</misses>
				<total>2</total>
				<timestamp>273.686307</timestamp>
			</report>
			<report>
				<misses>762001</misses>
				<total>2</total>
				<timestamp>274.045869</timestamp>
			</report>
			<report>
				<misses>763001</misses>
				<total>2</total>
				<timestamp>274.405499</timestamp>
			</report>
			<report>
				<misses>764001</misses>
				<total>2</total>
				<timestamp>274.765177</timestamp>
			</report>
			<report>
				<misses>765001</misses>
				<total>2</total>
				<timestamp>275.124781</timestamp>
			</report>
			<report>
				<misses>766001</misses>
				<total>2</total>
				<timestamp>275.484424</timestamp>
			</report>
			<report>
				<misses>767001</misses>
				<total>2</total>
				<timestamp>275.844081</timestamp>
			</report>
			<report>
				<misses>768001</misses>
				<total>2</total>
				<timestamp>276.203704</timestamp>
			</report>
			<report>
				<misses>769001</misses>
				<total>2</total>
				<timestamp>276.563400</timestamp>
			</report>
			<report>
				<misses>770001</misses>
				<total>2</total>
				<timestamp>276.923022</timestamp>
			</report>
			<report>
				<misses>771001</misses>
				<total>2</total>
				<timestamp>277.282605</timestamp>
			</report>
			<report>
				<misses>772001</misses>
				<total>2</total>
				<timestamp>277.642256</timestamp>
			</report>
			<report>
				<misses>773001</misses>
				<total>2</total>
				<timestamp>278.001904</timestamp>
			</report>
			<report>
				<misses>774001</misses>
				<total>2</total>
				<timestamp>278.361539</timestamp>
			</report>
			<report>
				<misses>775001</misses>
				<total>2</total>
				<timestamp>278.721220</timestamp>
			</report>
			<report>
				<misses>776001</misses>
				<total>2</total>
				<timestamp>279.080890</timestamp>
			</report>
			<report>
				<misses>777001</misses>
				<total>2</total>
				<timestamp>279.440456</timestamp>
			</report>
			<report>
				<misses>778001</misses>
				<total>2</total>
				<timestamp>279.800204</timestamp>
			</report>
			<report>
				<misses>779001</misses>
				<total>2</total>
				<timestamp>280.159831</timestamp>
			</report>
			<report>
				<misses>780001</misses>
				<total>2</total>
				<timestamp>280.519401</timestamp>
			</report>
			<report>
				<misses>781001</misses>
				<total>2</total>
				<timestamp>280.879062</timestamp>
			</report>
			<report>
				<misses>782001</misses>
				<total>2</total>
				<timestamp>281.238772</timestamp>
			</report>
			<report>
				<misses>783001</misses>
				<total>2</total>
				<timestamp>281.598287</timestamp>
			</report>
			<report>
				<misses>784001</misses>
				<total>2</total>
				<timestamp>281.957961</timestamp>
			</report>
			<report>
				<misses>785001</misses>
				<total>2</total>
				<timestamp>282.317604</timestamp>
			</report>
			<report>
				<misses>786001</misses>
				<total>2</total>
				<timestamp>282.677230</timestamp>
			</report>
			<report>
				<misses>787001</misses>
				<total>2</total>
				<timestamp>283.036892</timestamp>
			</report>
			<report>
				<misses>788001</misses>
				<total>2</total>
				<timestamp>283.396503</timestamp>
			</report>
			<report>
				<misses>789001</misses>
				<total>2</total>
				<timestamp>283.756124</timestamp>
			</report>
			<report>
				<misses>790001</misses>
				<total>2</total>
				<timestamp>284.115852</timestamp>
			</report>
			<report>
				<misses>791001</misses>
				<total>2</total>
				<timestamp>284.475445</timestamp>
			</report>
			<report>
				<misses>792001</misses>
				<total>2</total>
				<timestamp>284.835120</timestamp>
			</report>
			<report>
				<misses>793001</misses>
				<total>2</total>
				<timestamp>285.194815</timestamp>
			</report>
			<report>
				<misses>794001</misses>
				<total>2</total>
				<timestamp>285.554371</timestamp>
			</report>
			<report>
				<misses>795001</misses>
				<total>2</total>
				<timestamp>285.914078</timestamp>
			</report>
			<report>
				<misses>796001</misses>
				<total>2</total>
				<timestamp>286.273637</timestamp>
			</report>
			<report>
				<misses>797001</misses>
				<total>2</total>
				<timestamp>286.633242</timestamp>
			</report>
			<report>
				<misses>798001</misses>
				<total>2</total>
				<timestamp>286.992961</timestamp>
			</report>
			<report>
				<misses>799001</misses>
				<total>2</total>
				<timestamp>287.352547</timestamp>
			</report>
			<report>
				<misses>800001</misses>
				<total>2</total>
				<timestamp>287.712188</timestamp>
			</report>
			<report>
				<misses>801001</misses>
				<total>2</total>
				<timestamp>288.071844</timestamp>
			</report>
			<report>
				<misses>802001</misses>
				<total>2</total>
				<timestamp>288.431478</timestamp>
			</report>
			<report>
				<misses>803001</misses>
				<total>2</total>
				<timestamp>288.791118</timestamp>
			</report>
			<report>
				<misses>804001</misses>
				<total>2</total>
				<timestamp>289.150762</timestamp>
			</report>
			<report>
				<misses>805001</misses>
				<total>2</total>
				<timestamp>289.510380</timestamp>
			</report>
			<report>
				<misses>806001</misses>
				<total>2</total>
				<timestamp>289.870066</timestamp>
			</report>
			<report>
				<misses>807001</misses>
				<total>2</total>
				<timestamp>290.229692</timestamp>
			</report>
			<report>
				<misses>808001</misses>
				<total>2</total>
				<timestamp>290.589291</timestamp>
			</report>
			<report>
				<misses>809001</misses>
				<total>2</total>
				<timestamp>290.948935</timestamp>
			</report>
			<report>
				<misses>810001</misses>
				<total>2</total>
				<timestamp>291.308589</timestamp>
			</report>
			<report>
				<misses>811001</misses>
				<total>2</total>
				<timestamp>291.668265</timestamp>
			</report>
			<report>
				<misses>812001</misses>
				<total>2</total>
				<timestamp>292.027855</timestamp>
			</report>
			<report>
				<misses>813001</misses>
				<total>2</total>
				<timestamp>292.387548</timestamp>
			</report>
			<report>
				<misses>814001</misses>
				<total>2</total>
				<timestamp>292.747150</timestamp>
			</report>
			<report>
				<misses>815001</misses>
				<total>2</total>
				<timestamp>293.106862</timestamp>
			</report>
			<report>
				<misses>816001</misses>
				<total>2</total>
				<timestamp>293.466418</timestamp>
			</report>
			<report>
				<misses>817001</misses>
				<total>2</total>
				<timestamp>293.826109</timestamp>
			</report>
			<report>
				<misses>818001</misses>
				<total>2</total>
				<timestamp>294.185715</timestamp>
			</report>
			<report>
				<misses>819001</misses>
				<total>2</total>
				<timestamp>294.545364</timestamp>
			</report>
			<report>
				<misses>820001</misses>
				<total>2</total>
				<timestamp>294.905109</timestamp>
			</report>
			<report>
				<misses>821001</misses>
				<total>2</total>
				<timestamp>295.264676</timestamp>
			</report>
			<report>
				<misses>822001</misses>
				<total>2</total>
				<timestamp>295.624260</timestamp>
			</report>
			<report>
				<misses>823001</misses>
				<total>2</total>
				<timestamp>295.983939</timestamp>
			</report>
			<report>
				<misses>824001</misses>
				<total>2</total>
				<timestamp>296.343585</timestamp>
			</report>
			<report>
				<misses>825001</misses>
				<total>2</total>
				<timestamp>296.703163</timestamp>
			</report>
			<report>
				<misses>826001</misses>
				<total>2</total>
				<timestamp>297.062886</timestamp>
			</report>
			<report>
				<misses>827001</misses>
				<total>2</total>
				<timestamp>297.422460</timestamp>
			</report>
			<report>
				<misses>828001</misses>
				<total>2</total>
				<timestamp>297.782108</timestamp>
			</report>
			<report>
				<misses>829001</misses>
				<total>2</total>
				<timestamp>298.141757</timestamp>
			</report>
			<report>
				<misses>830001</misses>
				<total>2</total>
				<timestamp>298.501371</timestamp>
			</report>
			<report>
				<misses>831001</misses>
				<total>2</total>
				<timestamp>298.861051</timestamp>
			</report>
			<report>
				<misses>832001</misses>
				<total>2</total>
				<timestamp>299.220776</timestamp>
			</report>
			<report>
				<misses>833001</misses>
				<total>2</total>
				<timestamp>299.580292</timestamp>
			</report>
			<report>
				<misses>834001</misses>
				<total>2</total>
				<timestamp>299.940040</timestamp>
			</report>
			<report>
				<misses>835001</misses>
				<total>2</total>
				<timestamp>300.299606</timestamp>
			</report>
			<report>
				<misses>836001</misses>
				<total>2</total>
				<timestamp>300.659213</timestamp>
			</report>
			<report>
				<misses>837001</misses>
				<total>2</total>
				<timestamp>301.018888</timestamp>
			</report>
			<report>
				<misses>838001</misses>
				<total>2</total>
				<timestamp>301.378511</timestamp>
			</report>
			<report>
				<misses>839001</misses>
				<total>2</total>
				<timestamp>301.738142</timestamp>
			</report>
			<report>
				<misses>840001</misses>
				<total>2</total>
				<timestamp>302.097794</timestamp>
			</report>
			<report>
				<misses>841001</misses>
				<total>2</total>
				<timestamp>302.457444</timestamp>
			</report>
			<report>
				<misses>842001</misses>
				<total>2</total>
				<timestamp>302.817059</timestamp>
			</report>
			<report>
				<misses>843001</misses>
				<total>2</total>
				<timestamp>303.176758</timestamp>
			</report>
			<report>
				<misses>844001</misses>
				<total>2</total>
				<timestamp>303.536374</timestamp>
			</report>
			<report>
				<misses>845001</misses>
				<total>2</total>
				<timestamp>303.896091</timestamp>
			</report>
			<report>
				<misses>846001</misses>
				<total>2</total>
				<timestamp>304.255623</timestamp>
			</report>
			<report>
				<misses>847001</misses>
				<total>2</total>
				<timestamp>304.615271</timestamp>
			</report>
			<report>
				<misses>848001</misses>
				<total>2</total>
				<timestamp>304.974907</timestamp>
			</report>
			<report>
				<misses>849001</misses>
				<total>2</total>
				<timestamp>305.334548</timestamp>
			</report>
			<report>
				<misses>850001</misses>
				<total>2</total>
				<timestamp>305.694195</timestamp>
			</report>
			<report>
				<misses>851001</misses>
				<total>2</total>
				<timestamp>306.053828</timestamp>
			</report>
			<report>
				<misses>852001</misses>
				<total>2</total>
				<timestamp>306.413456</timestamp>
			</report>
			<report>
				<misses>853001</misses>
				<total>2</total>
				<timestamp>306.773110</timestamp>
			</report>
			<report>
				<misses>854001</misses>
				<total>2</total>
				<timestamp>307.132800</timestamp>
			</report>
			<report>
				<misses>855001</misses>
				<total>2</total>
				<timestamp>307.492395</timestamp>
			</report>
			<report>
				<misses>856001</misses>
				<total>2</total>
				<timestamp>307.852087</timestamp>
			</report>
			<report>
				<misses>857001</misses>
				<total>2</total>
				<timestamp>308.211657</timestamp>
			</report>
			<report>
				<misses>858001</misses>
				<total>2</total>
				<timestamp>308.571376</timestamp>
			</report>
			<report>
				<misses>859001</misses>
				<total>2</total>
				<timestamp>308.930947</timestamp>
			</report>
			<report>
				<misses>860001</misses>
				<total>2</total>
				<timestamp>309.290660</timestamp>
			</report>
			<report>
				<misses>861001</misses>
				<total>2</total>
				<timestamp>309.650306</timestamp>
			</report>
			<report>
				<misses>862001</misses>
				<total>2</total>
				<timestamp>310.009928</timestamp>
			</report>
			<report>
				<misses>863001</misses>
				<total>2</total>
				<timestamp>310.369509</timestamp>
			</report>
			<report>
				<misses>864001</misses>
				<total>2</total>
				<timestamp>310.729136</timestamp>
			</report>
			<report>
				<misses>865001</misses>
				<total>2</total>
				<timestamp>311.088799</timestamp>
			</report>
			<report>
				<misses>866001</misses>
				<total>2</total>
				<timestamp>311.448436</timestamp>
			</report>
			<report>
				<misses>867001</misses>
				<total>2</total>
				<timestamp>311.808071</timestamp>
			</report>
			<report>
				<misses>868001</misses>
				<total>2</total>
				<timestamp>312.167770</timestamp>
			</report>
			<report>
				<misses>869001</misses>
				<total>2</total>
				<timestamp>312.527342</timestamp>
			</report>
			<report>
				<misses>870001</misses>
				<total>2</total>
				<timestamp>312.886989</timestamp>
			</report>
			<report>
				<misses>871001</misses>
				<total>2</total>
				<timestamp>313.246709</timestamp>
			</report>
			<report>
				<misses>872001</misses>
				<total>2</total>
				<timestamp>313.606260</timestamp>
			</report>
			<report>
				<misses>873001</misses>
				<total>2</total>
				<timestamp>313.965967</timestamp>
			</report>
			<report>
				<misses>874001</misses>
				<total>2</total>
				<timestamp>314.325531</timestamp>
			</report>
			<report>
				<misses>875001</misses>
				<total>2</total>
				<timestamp>314.685196</timestamp>
			</report>
			<report>
				<misses>876001</misses>
				<total>2</total>
				<timestamp>315.044860</timestamp>
			</report>
			<report>
				<misses>877001</misses>
				<total>2</total>
				<timestamp>315.404538</timestamp>
			</report>
			<report>
				<misses>878001</misses>
				<total>2</total>
				<timestamp>315.764105</timestamp>
			</report>
			<report>
				<misses>879001</misses>
				<total>2</total>
				<timestamp>316.123761</timestamp>
			</report>
			<report>
				<misses>880001</misses>
				<total>2</total>
				<timestamp>316.483415</timestamp>
			</report>
			<report>
				<misses>881001</misses>
				<total>2</total>
				<timestamp>316.843144</timestamp>
			</report>
			<report>
				<misses>882001</misses>
				<total>2</total>
				<timestamp>317.202700</timestamp>
			</report>
			<report>
				<misses>883001</misses>
				<total>2</total>
				<timestamp>317.562359</timestamp>
			</report>
			<report>
				<misses>884001</misses>
				<total>2</total>
				<timestamp>317.921946</timestamp>
			</report>
			<report>
				<misses>885001</misses>
				<total>2</total>
				<timestamp>318.281608</timestamp>
			</report>
			<report>
				<misses>886001</misses>
				<total>2</total>
				<timestamp>318.641237</timestamp>
			</report>
			<report>
				<misses>887001</misses>
				<total>2</total>
				<timestamp>319.000932</timestamp>
			</report>
			<report>
				<misses>888001</misses>
				<total>2</total>
				<timestamp>319.360530</timestamp>
			</report>
			<report>
				<misses>889001</misses>
				<total>2</total>
				<timestamp>319.720191</timestamp>
			</report>
			<report>
				<misses>890001</misses>
				<total>2</total>
				<timestamp>320.079920</timestamp>
			</report>
			<report>
				<misses>891001</misses>
				<total>2</total>
				<timestamp>320.439513</timestamp>
			</report>
			<report>
				<misses>892001</misses>
				<total>2</total>
				<timestamp>320.799066</timestamp>
			</report>
			<report>
				<misses>893001</misses>
				<total>2</total>
				<timestamp>321.158753</timestamp>
			</report>
			<report>
				<misses>894001</misses>
				<total>2</total>
				<timestamp>321.518338</timestamp>
			</report>
			<report>
				<misses>895001</misses>
				<total>2</total>
				<timestamp>321.877981</timestamp>
			</report>
			<report>
				<misses>896001</misses>
				<total>2</total>
				<timestamp>322.237616</timestamp>
			</report>
			<report>
				<misses>897001</misses>
				<total>2</total>
				<timestamp>322.597247</timestamp>
			</report>
			<report>
				<misses>898001</misses>
				<total>2</total>
				<timestamp>322.956892</timestamp>
			</report>
			<report>
				<misses>899001</misses>
				<total>2</total>
				<timestamp>323.316534</timestamp>
			</report>
			<report>
				<misses>900001</misses>
				<total>2</total>
				<timestamp>323.676180</timestamp>
			</report>
			<report>
				<misses>901001</misses>
				<total>2</total>
				<timestamp>324.035976</timestamp>
			</report>
			<report>
				<misses>902001</misses>
				<total>2</total>
				<timestamp>324.395475</timestamp>
			</report>
			<report>
				<misses>903001</misses>
				<total>2</total>
				<timestamp>324.755108</timestamp>
			</report>
			<report>
				<misses>904001</misses>
				<total>2</total>
				<timestamp>325.114829</timestamp>
			</report>
			<report>
				<misses>905001</misses>
				<total>2</total>
				<timestamp>325.474449</timestamp>
			</report>
			<report>
				<misses>906001</misses>
				<total>2</total>
				<timestamp>325.834017</timestamp>
			</report>
			<report>
				<misses>907001</misses>
				<total>2</total>
				<timestamp>326.193730</timestamp>
			</report>
			<report>
				<misses>908001</misses>
				<total>2</total>
				<timestamp>326.553310</timestamp>
			</report>
			<report>
				<misses>909001</misses>
				<total>2</total>
				<timestamp>326.913024</timestamp>
			</report>
			<report>
				<misses>910001</misses>
				<total>2</total>
				<timestamp>327.272698</timestamp>
			</report>
			<report>
				<misses>911001</misses>
				<total>2</total>
				<timestamp>327.632273</timestamp>
			</report>
			<report>
				<misses>912001</misses>
				<total>2</total>
				<timestamp>327.991888</timestamp>
			</report>
			<report>
				<misses>913001</misses>
				<total>2</total>
				<timestamp>328.351560</timestamp>
			</report>
			<report>
				<misses>914001</misses>
				<total>2</total>
				<timestamp>328.711147</timestamp>
			</report>
			<report>
				<misses>915001</misses>
				<total>2</total>
				<timestamp>329.070805</timestamp>
			</report>
			<report>
				<misses>916001</misses>
				<total>2</total>
				<timestamp>329.430470</timestamp>
			</report>
			<report>
				<misses>917001</misses>
				<total>2</total>
				<timestamp>329.790074</timestamp>
			</report>
			<report>
				<misses>918001</misses>
				<total>2</total>
				<timestamp>330.149745</timestamp>
			</report>
			<report>
				<misses>919001</misses>
				<total>2</total>
				<timestamp>330.509341</timestamp>
			</report>
			<report>
				<misses>920001</misses>
				<total>2</total>
				<timestamp>330.869005</timestamp>
			</report>
			<report>
				<misses>921001</misses>
				<total>2</total>
				<timestamp>331.228778</timestamp>
			</report>
			<report>
				<misses>922001</misses>
				<total>2</total>
				<timestamp>331.588253</timestamp>
			</report>
			<report>
				<misses>923001</misses>
				<total>2</total>
				<timestamp>331.947891</timestamp>
			</report>
			<report>
				<misses>924001</misses>
				<total>2</total>
				<timestamp>332.307611</timestamp>
			</report>
			<report>
				<misses>925001</misses>
				<total>2</total>
				<timestamp>332.667205</timestamp>
			</report>
			<report>
				<misses>926001</misses>
				<total>2</total>
				<timestamp>333.026825</timestamp>
			</report>
			<report>
				<misses>927001</misses>
				<total>2</total>
				<timestamp>333.386457</timestamp>
			</report>
			<report>
				<misses>928001</misses>
				<total>2</total>
				<timestamp>333.746143</timestamp>
			</report>
			<report>
				<misses>929001</misses>
				<total>2</total>
				<timestamp>334.105785</timestamp>
			</report>
			<report>
				<misses>930001</misses>
				<total>2</total>
				<timestamp>334.465384</timestamp>
			</report>
			<report>
				<misses>931001</misses>
				<total>2</total>
				<timestamp>334.825152</timestamp>
			</report>
			<report>
				<misses>932001</misses>
				<total>2</total>
				<timestamp>335.184709</timestamp>
			</report>
			<report>
				<misses>933001</misses>
				<total>2</total>
				<timestamp>335.544409</timestamp>
			</report>
			<report>
				<misses>934001</misses>
				<total>2</total>
				<timestamp>335.904000</timestamp>
			</report>
			<report>
				<misses>935001</misses>
				<total>2</total>
				<timestamp>336.263687</timestamp>
			</report>
			<report>
				<misses>936001</misses>
				<total>2</total>
				<timestamp>336.623249</timestamp>
			</report>
			<report>
				<misses>937001</misses>
				<total>2</total>
				<timestamp>336.982854</timestamp>
			</report>
			<report>
				<misses>938001</misses>
				<total>2</total>
				<timestamp>337.342544</timestamp>
			</report>
			<report>
				<misses>939001</misses>
				<total>2</total>
				<timestamp>337.702193</timestamp>
			</report>
			<report>
				<misses>940001</misses>
				<total>2</total>
				<timestamp>338.061786</timestamp>
			</report>
			<report>
				<misses>941001</misses>
				<total>2</total>
				<timestamp>338.421514</timestamp>
			</report>
			<report>
				<misses>942001</misses>
				<total>2</total>
				<timestamp>338.781059</timestamp>
			</report>
			<report>
				<misses>943001</misses>
				<total>2</total>
				<timestamp>339.140772</timestamp>
			</report>
			<report>
				<misses>944001</misses>
				<total>2</total>
				<timestamp>339.500339</timestamp>
			</report>
			<report>
				<misses>945001</misses>
				<total>2</total>
				<timestamp>339.860040</timestamp>
			</report>
			<report>
				<misses>946001</misses>
				<total>2</total>
				<timestamp>340.219657</timestamp>
			</report>
			<report>
				<misses>947001</misses>
				<total>2</total>
				<timestamp>340.579252</timestamp>
			</report>
			<report>
				<misses>948001</misses>
				<total>2</total>
				<timestamp>340.938925</timestamp>
			</report>
			<report>
				<misses>949001</misses>
				<total>2</total>
				<timestamp>341.298555</timestamp>
			</report>
			<report>
				<misses>950001</misses>
				<total>2</total>
				<timestamp>341.658232</timestamp>
			</report>
			<report>
				<misses>951001</misses>
				<total>2</total>
				<timestamp>342.017842</timestamp>
			</report>
			<report>
				<misses>952001</misses>
				<total>2</total>
				<timestamp>342.377460</timestamp>
			</report>
			<report>
				<misses>953001</misses>
				<total>2</total>
				<timestamp>342.737120</timestamp>
			</report>
			<report>
				<misses>954001</misses>
				<total>2</total>
				<timestamp>343.096778</timestamp>
			</report>
			<report>
				<misses>955001</misses>
				<total>2</total>
				<timestamp>343.456439</timestamp>
			</report>
			<report>
				<misses>956001</misses>
				<total>2</total>
				<timestamp>343.816065</timestamp>
			</report>
			<report>
				<misses>957001</misses>
				<total>2</total>
				<timestamp>344.175675</timestamp>
			</report>
			<report>
				<misses>958001</misses>
				<total>2</total>
				<timestamp>344.535377</timestamp>
			</report>
			<report>
				<misses>959001</misses>
				<total>2</total>
				<timestamp>344.894928</timestamp>
			</report>
			<report>
				<misses>960001</misses>
				<total>2</total>
				<timestamp>345.254609</timestamp>
			</report>
			<report>
				<misses>961001</misses>
				<total>2</total>
				<timestamp>345.614278</timestamp>
			</report>
			<report>
				<misses>962001</misses>
				<total>2</total>
				<timestamp>345.973898</timestamp>
			</report>
			<report>
				<misses>963001</misses>
				<total>2</total>
				<timestamp>346.333636</timestamp>
			</report>
			<report>
				<misses>964001</misses>
				<total>2</total>
				<timestamp>346.693131</timestamp>
			</report>
			<report>
				<misses>965001</misses>
				<total>2</total>
				<timestamp>347.052781</timestamp>
			</report>
			<report>
				<misses>966001</misses>
				<total>2</total>
				<timestamp>347.412458</timestamp>
			</report>
			<report>
				<misses>967001</misses>
				<total>2</total>
				<timestamp>347.772138</timestamp>
			</report>
			<report>
				<misses>968001</misses>
				<total>2</total>
				<timestamp>348.131709</timestamp>
			</report>
			<report>
				<misses>969001</misses>
				<total>2</total>
				<timestamp>348.491379</timestamp>
			</report>
			<report>
				<misses>970001</misses>
				<total>2</total>
				<timestamp>348.851081</timestamp>
			</report>
			<report>
				<misses>971001</misses>
				<total>2</total>
				<timestamp>349.210619</timestamp>
			</report>
			<report>
				<misses>972001</misses>
				<total>2</total>
				<timestamp>349.570285</timestamp>
			</report>
			<report>
				<misses>973001</misses>
				<total>2</total>
				<timestamp>349.929891</timestamp>
			</report>
			<report>
				<misses>974001</misses>
				<total>2</total>
				<timestamp>350.289597</timestamp>
			</report>
			<report>
				<misses>975001</misses>
				<total>2</total>
				<timestamp>350.649209</timestamp>
			</report>
			<report>
				<misses>976001</misses>
				<total>2</total>
				<timestamp>351.008874</timestamp>
			</report>
			<report>
				<misses>977001</misses>
				<total>2</total>
				<timestamp>351.368512</timestamp>
			</report>
			<report>
				<misses>978001</misses>
				<total>2</total>
				<timestamp>351.728197</timestamp>
			</report>
			<report>
				<misses>979001</misses>
				<total>2</total>
				<timestamp>352.087730</timestamp>
			</report>
			<report>
				<misses>980001</misses>
				<total>2</total>
				<timestamp>352.447436</timestamp>
			</report>
			<report>
				<misses>981001</misses>
				<total>2</total>
				<timestamp>352.807091</timestamp>
			</report>
			<report>
				<misses>982001</misses>
				<total>2</total>
				<timestamp>353.166695</timestamp>
			</report>
			<report>
				<misses>983001</misses>
				<total>2</total>
				<timestamp>353.526369</timestamp>
			</report>
			<report>
				<misses>984001</misses>
				<total>2</total>
				<timestamp>353.885943</timestamp>
			</report>
			<report>
				<misses>985001</misses>
				<total>2</total>
				<timestamp>354.245675</timestamp>
			</report>
			<report>
				<misses>986001</misses>
				<total>2</total>
				<timestamp>354.605241</timestamp>
			</report>
			<report>
				<misses>987001</misses>
				<total>2</total>
				<timestamp>354.964858</timestamp>
			</report>
			<report>
				<misses>988001</misses>
				<total>2</total>
				<timestamp>355.324527</timestamp>
			</report>
			<report>
				<misses>989001</misses>
				<total>2</total>
				<timestamp>355.684163</timestamp>
			</report>
			<report>
				<misses>990001</misses>
				<total>2</total>
				<timestamp>356.043773</timestamp>
			</report>
			<report>
				<misses>991001</misses>
				<total>2</total>
				<timestamp>356.403477</timestamp>
			</report>
			<report>
				<misses>992001</misses>
				<total>2</total>
				<timestamp>356.763062</timestamp>
			</report>
			<report>
				<misses>993001</misses>
				<total>2</total>
				<timestamp>357.122692</timestamp>
			</report>
			<report>
				<misses>994001</misses>
				<total>2</total>
				<timestamp>357.482338</timestamp>
			</report>
			<report>
				<misses>995001</misses>
				<total>2</total>
				<timestamp>357.842039</timestamp>
			</report>
			<report>
				<misses>996001</misses>
				<total>2</total>
				<timestamp>358.201677</timestamp>
			</report>
			<report>
				<misses>997001</misses>
				<total>2</total>
				<timestamp>358.561347</timestamp>
			</report>
			<report>
				<misses>998001</misses>
				<total>2</total>
				<timestamp>358.920926</timestamp>
			</report>
			<report>
				<misses>999001</misses>
				<total>2</total>
				<timestamp>359.280595</timestamp>
			</report>
			<report>
				<misses>1000001</misses>
				<total>2</total>
				<timestamp>359.640169</timestamp>
			</report>
			<report>
				<misses>1001001</misses>
				<total>2</total>
				<timestamp>359.999812</timestamp>
			</report>
			<report>
				<misses>1002001</misses>
				<total>2</total>
				<timestamp>360.359512</timestamp>
			</report>
			<report>
				<misses>1003001</misses>
				<total>2</total>
				<timestamp>360.719090</timestamp>
			</report>
			<report>
				<misses>1004001</misses>
				<total>2</total>
				<timestamp>361.078779</timestamp>
			</report>
			<report>
				<misses>1005001</misses>
				<total>2</total>
				<timestamp>361.438401</timestamp>
			</report>
			<report>
				<misses>1006001</misses>
				<total>2</total>
				<timestamp>361.798080</timestamp>
			</report>
			<report>
				<misses>1007001</misses>
				<total>2</total>
				<timestamp>362.157771</timestamp>
			</report>
			<report>
				<misses>1008001</misses>
				<total>2</total>
				<timestamp>362.517297</timestamp>
			</report>
			<report>
				<misses>1009001</misses>
				<total>2</total>
				<timestamp>362.876927</timestamp>
			</report>
			<report>
				<misses>1010001</misses>
				<total>2</total>
				<timestamp>363.236626</timestamp>
			</report>
			<report>
				<misses>1011001</misses>
				<total>2</total>
				<timestamp>363.596280</timestamp>
			</report>
			<report>
				<misses>1012001</misses>
				<total>2</total>
				<timestamp>363.955857</timestamp>
			</report>
			<report>
				<misses>1013001</misses>
				<total>2</total>
				<timestamp>364.315583</timestamp>
			</report>
			<report>
				<misses>1014001</misses>
				<total>2</total>
				<timestamp>364.675172</timestamp>
			</report>
			<report>
				<misses>1015001</misses>
				<total>2</total>
				<timestamp>365.034867</timestamp>
			</report>
			<report>
				<misses>1016001</misses>
				<total>2</total>
				<timestamp>365.394461</timestamp>
			</report>
			<report>
				<misses>1017001</misses>
				<total>2</total>
				<timestamp>365.754054</timestamp>
			</report>
			<report>
				<misses>1018001</misses>
				<total>2</total>
				<timestamp>366.113686</timestamp>
			</report>
			<report>
				<misses>1019001</misses>
				<total>2</total>
				<timestamp>366.473370</timestamp>
			</report>
			<report>
				<misses>1020001</misses>
				<total>2</total>
				<timestamp>366.833073</timestamp>
			</report>
			<report>
				<misses>1021001</misses>
				<total>2</total>
				<timestamp>367.192697</timestamp>
			</report>
			<report>
				<misses>1022001</misses>
				<total>2</total>
				<timestamp>367.552260</timestamp>
			</report>
			<report>
				<misses>1023001</misses>
				<total>2</total>
				<timestamp>367.911923</timestamp>
			</report>
			<report>
				<misses>1024001</misses>
				<total>2</total>
				<timestamp>368.271589</timestamp>
			</report>
			<report>
				<misses>1025001</misses>
				<total>2</total>
				<timestamp>368.631231</timestamp>
			</report>
			<report>
				<misses>1026001</misses>
				<total>2</total>
				<timestamp>368.990833</timestamp>
			</report>
			<report>
				<misses>1027001</misses>
				<total>2</total>
				<timestamp>369.350484</timestamp>
			</report>
			<report>
				<misses>1028001</misses>
				<total>2</total>
				<timestamp>369.710148</timestamp>
			</report>
			<report>
				<misses>1029001</misses>
				<total>2</total>
				<timestamp>370.069798</timestamp>
			</report>
			<report>
				<misses>1030001</misses>
				<total>2</total>
				<timestamp>370.429490</timestamp>
			</report>
			<report>
				<misses>1031001</misses>
				<total>2</total>
				<timestamp>370.789025</timestamp>
			</report>
			<report>
				<misses>1032001</misses>
				<total>2</total>
				<timestamp>371.148698</timestamp>
			</report>
			<report>
				<misses>1033001</misses>
				<total>2</total>
				<timestamp>371.508295</timestamp>
			</report>
			<report>
				<misses>1034001</misses>
				<total>2</total>
				<timestamp>371.868016</timestamp>
			</report>
			<report>
				<misses>1035001</misses>
				<total>2</total>
				<timestamp>372.227569</timestamp>
			</report>
			<report>
				<misses>1036001</misses>
				<total>2</total>
				<timestamp>372.587284</timestamp>
			</report>
			<report>
				<misses>1037001</misses>
				<total>2</total>
				<timestamp>372.946863</timestamp>
			</report>
			<report>
				<misses>1038001</misses>
				<total>2</total>
				<timestamp>373.306546</timestamp>
			</report>
			<report>
				<misses>1039001</misses>
				<total>2</total>
				<timestamp>373.666147</timestamp>
			</report>
			<report>
				<misses>1040001</misses>
				<total>2</total>
				<timestamp>374.025809</timestamp>
			</report>
			<report>
				<misses>1041001</misses>
				<total>2</total>
				<timestamp>374.385447</timestamp>
			</report>
			<report>
				<misses>1042001</misses>
				<total>2</total>
				<timestamp>374.745106</timestamp>
			</report>
			<report>
				<misses>1043001</misses>
				<total>2</total>
				<timestamp>375.104728</timestamp>
			</report>
			<report>
				<misses>1044001</misses>
				<total>2</total>
				<timestamp>375.464402</timestamp>
			</report>
			<report>
				<misses>1045001</misses>
				<total>2</total>
				<timestamp>375.824027</timestamp>
			</report>
			<report>
				<misses>1046001</misses>
				<total>2</total>
				<timestamp>376.183684</timestamp>
			</report>
			<report>
				<misses>1047001</misses>
				<total>2</total>
				<timestamp>376.543353</timestamp>
			</report>
			<report>
				<misses>1048001</misses>
				<total>2</total>
				<timestamp>376.902932</timestamp>
			</report>
			<report>
				<misses>1049001</misses>
				<total>2</total>
				<timestamp>377.262575</timestamp>
			</report>
			<report>
				<misses>1050001</misses>
				<total>2</total>
				<timestamp>377.622171</timestamp>
			</report>
			<report>
				<misses>1051001</misses>
				<total>2</total>
				<timestamp>377.981811</timestamp>
			</report>
			<report>
				<misses>1052001</misses>
				<total>2</total>
				<timestamp>378.341477</timestamp>
			</report>
			<report>
				<misses>1053001</misses>
				<total>2</total>
				<timestamp>378.701147</timestamp>
			</report>
			<report>
				<misses>1054001</misses>
				<total>2</total>
				<timestamp>379.060778</timestamp>
			</report>
			<report>
				<misses>1055001</misses>
				<total>2</total>
				<timestamp>379.420458</timestamp>
			</report>
			<report>
				<misses>1056001</misses>
				<total>2</total>
				<timestamp>379.780117</timestamp>
			</report>
			<report>
				<misses>1057001</misses>
				<total>2</total>
				<timestamp>380.139657</timestamp>
			</report>
			<report>
				<misses>1058001</misses>
				<total>2</total>
				<timestamp>380.499323</timestamp>
			</report>
			<report>
				<misses>1059001</misses>
				<total>2</total>
				<timestamp>380.858918</timestamp>
			</report>
			<report>
				<misses>1060001</misses>
				<total>2</total>
				<timestamp>381.218684</timestamp>
			</report>
			<report>
				<misses>1061001</misses>
				<total>2</total>
				<timestamp>381.578237</timestamp>
			</report>
			<report>
				<misses>1062001</misses>
				<total>2</total>
				<timestamp>381.937879</timestamp>
			</report>
			<report>
				<misses>1063001</misses>
				<total>2</total>
				<timestamp>382.297530</timestamp>
			</report>
			<report>
				<misses>1064001</misses>
				<total>2</total>
				<timestamp>382.657145</timestamp>
			</report>
			<report>
				<misses>1065001</misses>
				<total>2</total>
				<timestamp>383.016776</timestamp>
			</report>
			<report>
				<misses>1066001</misses>
				<total>2</total>
				<timestamp>383.376408</timestamp>
			</report>
			<report>
				<misses>1067001</misses>
				<total>2</total>
				<timestamp>383.736053</timestamp>
			</report>
			<report>
				<misses>1068001</misses>
				<total>2</total>
				<timestamp>384.095701</timestamp>
			</report>
			<report>
				<misses>1069001</misses>
				<total>3</total>
				<timestamp>384.455403</timestamp>
			</report>
			<report>
				<misses>1070001</misses>
				<total>3</total>
				<timestamp>384.815008</timestamp>
			</report>
			<report>
				<misses>1071001</misses>
				<total>3</total>
				<timestamp>385.174669</timestamp>
			</report>
			<report>
				<misses>1072001</misses>
				<total>3</total>
				<timestamp>385.534320</timestamp>
			</report>
			<report>
				<misses>1073001</misses>
				<total>3</total>
				<timestamp>385.893963</timestamp>
			</report>
			<report>
				<misses>1074001</misses>
				<total>3</total>
				<timestamp>386.253532</timestamp>
			</report>
			<report>
				<misses>1075001</misses>
				<total>3</total>
				<timestamp>386.613220</timestamp>
			</report>
			<report>
				<misses>1076001</misses>
				<total>3</total>
				<timestamp>386.972888</timestamp>
			</report>
			<report>
				<misses>1077001</misses>
				<total>3</total>
				<timestamp>387.332473</timestamp>
			</report>
			<report>
				<misses>1078001</misses>
				<total>3</total>
				<timestamp>387.692118</timestamp>
			</report>
			<report>
				<misses>1079001</misses>
				<total>3</total>
				<timestamp>388.051807</timestamp>
			</report>
			<report>
				<misses>1080001</misses>
				<total>3</total>
				<timestamp>388.411393</timestamp>
			</report>
			<report>
				<misses>1081001</misses>
				<total>3</total>
				<timestamp>388.771084</timestamp>
			</report>
			<report>
				<misses>1082001</misses>
				<total>3</total>
				<timestamp>389.130722</timestamp>
			</report>
			<report>
				<misses>1083001</misses>
				<total>3</total>
				<timestamp>389.490349</timestamp>
			</report>
			<report>
				<misses>1084001</misses>
				<total>3</total>
				<timestamp>389.849969</timestamp>
			</report>
			<report>
				<misses>1085001</misses>
				<total>3</total>
				<timestamp>390.209593</timestamp>
			</report>
			<report>
				<misses>1086001</misses>
				<total>3</total>
				<timestamp>390.569261</timestamp>
			</report>
			<report>
				<misses>1087001</misses>
				<total>3</total>
				<timestamp>390.928966</timestamp>
			</report>
			<report>
				<misses>1088001</misses>
				<total>3</total>
				<timestamp>391.288542</timestamp>
			</report>
			<report>
				<misses>1089001</misses>
				<total>3</total>
				<timestamp>391.648186</timestamp>
			</report>
			<report>
				<misses>1090001</misses>
				<total>3</total>
				<timestamp>392.007774</timestamp>
			</report>
			<report>
				<misses>1091001</misses>
				<total>3</total>
				<timestamp>392.367457</timestamp>
			</report>
			<report>
				<misses>1092001</misses>
				<total>3</total>
				<timestamp>392.727101</timestamp>
			</report>
			<report>
				<misses>1093001</misses>
				<total>3</total>
				<timestamp>393.086736</timestamp>
			</report>
			<report>
				<misses>1094001</misses>
				<total>3</total>
				<timestamp>393.446478</timestamp>
			</report>
			<report>
				<misses>1095001</misses>
				<total>3</total>
				<timestamp>393.805997</timestamp>
			</report>
			<report>
				<misses>1096001</misses>
				<total>3</total>
				<timestamp>394.165662</timestamp>
			</report>
			<report>
				<misses>1097001</misses>
				<total>3</total>
				<timestamp>394.525361</timestamp>
			</report>
			<report>
				<misses>1098001</misses>
				<total>3</total>
				<timestamp>394.884907</timestamp>
			</report>
			<report>
				<misses>1099001</misses>
				<total>3</total>
				<timestamp>395.244595</timestamp>
			</report>
			<report>
				<misses>1100001</misses>
				<total>3</total>
				<timestamp>395.604242</timestamp>
			</report>
			<report>
				<misses>1101001</misses>
				<total>3</total>
				<timestamp>395.963803</timestamp>
			</report>
			<report>
				<misses>1102001</misses>
				<total>3</total>
				<timestamp>396.323515</timestamp>
			</report>
			<report>
				<misses>1103001</misses>
				<total>3</total>
				<timestamp>396.683207</timestamp>
			</report>
			<report>
				<misses>1104001</misses>
				<total>3</total>
				<timestamp>397.042792</timestamp>
			</report>
			<report>
				<misses>1105001</misses>
				<total>3</total>
				<timestamp>397.402437</timestamp>
			</report>
			<report>
				<misses>1106001</misses>
				<total>3</total>
				<timestamp>397.762048</timestamp>
			</report>
			<report>
				<misses>1107001</misses>
				<total>3</total>
				<timestamp>398.121685</timestamp>
			</report>
			<report>
				<misses>1108001</misses>
				<total>3</total>
				<timestamp>398.481357</timestamp>
			</report>
			<report>
				<misses>1109001</misses>
				<total>3</total>
				<timestamp>398.840952</timestamp>
			</report>
			<report>
				<misses>1110001</misses>
				<total>3</total>
				<timestamp>399.200589</timestamp>
			</report>
			<report>
				<misses>1111001</misses>
				<total>3</total>
				<timestamp>399.560291</timestamp>
			</report>
			<report>
				<misses>1112001</misses>
				<total>3</total>
				<timestamp>399.919929</timestamp>
			</report>
			<report>
				<misses>1113001</misses>
				<total>3</total>
				<timestamp>400.279495</timestamp>
			</report>
			<report>
				<misses>1114001</misses>
				<total>3</total>
				<timestamp>400.639159</timestamp>
			</report>
			<report>
				<misses>1115001</misses>
				<total>3</total>
				<timestamp>400.998828</timestamp>
			</report>
			<report>
				<misses>1116001</misses>
				<total>3</total>
				<timestamp>401.358422</timestamp>
			</report>
			<report>
				<misses>1117001</misses>
				<total>3</total>
				<timestamp>401.718139</timestamp>
			</report>
			<report>
				<misses>1118001</misses>
				<total>3</total>
				<timestamp>402.077714</timestamp>
			</report>
			<report>
				<misses>1119001</misses>
				<total>3</total>
				<timestamp>402.437355</timestamp>
			</report>
			<report>
				<misses>1120001</misses>
				<total>3</total>
				<timestamp>402.797050</timestamp>
			</report>
			<report>
				<misses>1121001</misses>
				<total>3</total>
				<timestamp>403.156699</timestamp>
			</report>
			<report>
				<misses>1122001</misses>
				<total>3</total>
				<timestamp>403.516427</timestamp>
			</report>
			<report>
				<misses>1123001</misses>
				<total>3</total>
				<timestamp>403.875943</timestamp>
			</report>
			<report>
				<misses>1124001</misses>
				<total>3</total>
				<timestamp>404.235559</timestamp>
			</report>
			<report>
				<misses>1125001</misses>
				<total>3</total>
				<timestamp>404.595259</timestamp>
			</report>
			<report>
				<misses>1126001</misses>
				<total>3</total>
				<timestamp>404.954836</timestamp>
			</report>
			<report>
				<misses>1127001</misses>
				<total>3</total>
				<timestamp>405.314476</timestamp>
			</report>
			<report>
				<misses>1128001</misses>
				<total>3</total>
				<timestamp>405.674141</timestamp>
			</report>
			<report>
				<misses>1129001</misses>
				<total>3</total>
				<timestamp>406.033732</timestamp>
			</report>
			<report>
				<misses>1130001</misses>
				<total>3</total>
				<timestamp>406.393411</timestamp>
			</report>
			<report>
				<misses>1131001</misses>
				<total>3</total>
				<timestamp>406.753050</timestamp>
			</report>
			<report>
				<misses>1132001</misses>
				<total>3</total>
				<timestamp>407.112740</timestamp>
			</report>
			<report>
				<misses>1133001</misses>
				<total>3</total>
				<timestamp>407.472401</timestamp>
			</report>
			<report>
				<misses>1134001</misses>
				<total>3</total>
				<timestamp>407.831933</timestamp>
			</report>
			<report>
				<misses>1135001</misses>
				<total>3</total>
				<timestamp>408.191589</timestamp>
			</report>
			<report>
				<misses>1136001</misses>
				<total>3</total>
				<timestamp>408.551309</timestamp>
			</report>
			<report>
				<misses>1137001</misses>
				<total>3</total>
				<timestamp>408.910866</timestamp>
			</report>
			<report>
				<misses>1138001</misses>
				<total>3</total>
				<timestamp>409.270510</timestamp>
			</report>
			<report>
				<misses>1139001</misses>
				<total>3</total>
				<timestamp>409.630258</timestamp>
			</report>
			<report>
				<misses>1140001</misses>
				<total>3</total>
				<timestamp>409.989774</timestamp>
			</report>
			<report>
				<misses>1141001</misses>
				<total>3</total>
				<timestamp>410.349470</timestamp>
			</report>
			<report>
				<misses>1142001</misses>
				<total>3</total>
				<timestamp>410.709107</timestamp>
			</report>
			<report>
				<misses>1143001</misses>
				<total>3</total>
				<timestamp>411.068743</timestamp>
			</report>
			<report>
				<misses>1144001</misses>
				<total>3</total>
				<timestamp>411.428381</timestamp>
			</report>
			<report>
				<misses>1145001</misses>
				<total>3</total>
				<timestamp>411.788002</timestamp>
			</report>
			<report>
				<misses>1146001</misses>
				<total>3</total>
				<timestamp>412.147707</timestamp>
			</report>
			<report>
				<misses>1147001</misses>
				<total>3</total>
				<timestamp>412.507277</timestamp>
			</report>
			<report>
				<misses>1148001</misses>
				<total>3</total>
				<timestamp>412.866982</timestamp>
			</report>
			<report>
				<misses>1149001</misses>
				<total>3</total>
				<timestamp>413.226552</timestamp>
			</report>
			<report>
				<misses>1150001</misses>
				<total>3</total>
				<timestamp>413.586197</timestamp>
			</report>
			<report>
				<misses>1151001</misses>
				<total>3</total>
				<timestamp>413.945861</timestamp>
			</report>
			<report>
				<misses>1152001</misses>
				<total>3</total>
				<timestamp>414.305504</timestamp>
			</report>
			<report>
				<misses>1153001</misses>
				<total>3</total>
				<timestamp>414.665179</timestamp>
			</report>
			<report>
				<misses>1154001</misses>
				<total>3</total>
				<timestamp>415.024778</timestamp>
			</report>
			<report>
				<misses>1155001</misses>
				<total>3</total>
				<timestamp>415.384403</timestamp>
			</report>
			<report>
				<misses>1156001</misses>
				<total>3</total>
				<timestamp>415.744119</timestamp>
			</report>
			<report>
				<misses>1157001</misses>
				<total>3</total>
				<timestamp>416.103661</timestamp>
			</report>
			<report>
				<misses>1158001</misses>
				<total>3</total>
				<timestamp>416.463331</timestamp>
			</report>
			<report>
				<misses>1159001</misses>
				<total>3</total>
				<timestamp>416.822966</timestamp>
			</report>
			<report>
				<misses>1160001</misses>
				<total>3</total>
				<timestamp>417.182623</timestamp>
			</report>
			<report>
				<misses>1161001</misses>
				<total>3</total>
				<timestamp>417.542235</timestamp>
			</report>
			<report>
				<misses>1162001</misses>
				<total>3</total>
				<timestamp>417.901865</timestamp>
			</report>
			<report>
				<misses>1163001</misses>
				<total>3</total>
				<timestamp>418.261525</timestamp>
			</report>
			<report>
				<misses>1164001</misses>
				<total>3</total>
				<timestamp>418.621164</timestamp>
			</report>
			<report>
				<misses>1165001</misses>
				<total>3</total>
				<timestamp>418.980806</timestamp>
			</report>
			<report>
				<misses>1166001</misses>
				<total>3</total>
				<timestamp>419.340442</timestamp>
			</report>
			<report>
				<misses>1167001</misses>
				<total>3</total>
				<timestamp>419.700157</timestamp>
			</report>
			<report>
				<misses>1168001</misses>
				<total>3</total>
				<timestamp>420.059707</timestamp>
			</report>
			<report>
				<misses>1169001</misses>
				<total>3</total>
				<timestamp>420.419336</timestamp>
			</report>
			<report>
				<misses>1170001</misses>
				<total>3</total>
				<timestamp>420.779041</timestamp>
			</report>
			<report>
				<misses>1171001</misses>
				<total>3</total>
				<timestamp>421.138641</timestamp>
			</report>
			<report>
				<misses>1172001</misses>
				<total>3</total>
				<timestamp>421.498277</timestamp>
			</report>
			<report>
				<misses>1173001</misses>
				<total>3</total>
				<timestamp>421.857897</timestamp>
			</report>
			<report>
				<misses>1174001</misses>
				<total>3</total>
				<timestamp>422.217530</timestamp>
			</report>
			<report>
				<misses>1175001</misses>
				<total>3</total>
				<timestamp>422.577247</timestamp>
			</report>
			<report>
				<misses>1176001</misses>
				<total>3</total>
				<timestamp>422.936824</timestamp>
			</report>
			<report>
				<misses>1177001</misses>
				<total>3</total>
				<timestamp>423.296481</timestamp>
			</report>
			<report>
				<misses>1178001</misses>
				<total>3</total>
				<timestamp>423.656199</timestamp>
			</report>
			<report>
				<misses>1179001</misses>
				<total>3</total>
				<timestamp>424.015778</timestamp>
			</report>
			<report>
				<misses>1180001</misses>
				<total>3</total>
				<timestamp>424.375440</timestamp>
			</report>
			<report>
				<misses>1181001</misses>
				<total>3</total>
				<timestamp>424.735055</timestamp>
			</report>
			<report>
				<misses>1182001</misses>
				<total>3</total>
				<timestamp>425.094722</timestamp>
			</report>
			<report>
				<misses>1183001</misses>
				<total>3</total>
				<timestamp>425.454396</timestamp>
			</report>
			<report>
				<misses>1184001</misses>
				<total>3</total>
				<timestamp>425.814031</timestamp>
			</report>
			<report>
				<misses>1185001</misses>
				<total>3</total>
				<timestamp>426.173604</timestamp>
			</report>
			<report>
				<misses>1186001</misses>
				<total>3</total>
				<timestamp>426.533245</timestamp>
			</report>
			<report>
				<misses>1187001</misses>
				<total>3</total>
				<timestamp>426.892921</timestamp>
			</report>
			<report>
				<misses>1188001</misses>
				<total>3</total>
				<timestamp>427.252543</timestamp>
			</report>
			<report>
				<misses>1189001</misses>
				<total>3</total>
				<timestamp>427.612231</timestamp>
			</report>
			<report>
				<misses>1190001</misses>
				<total>3</total>
				<timestamp>427.971792</timestamp>
			</report>
			<report>
				<misses>1191001</misses>
				<total>3</total>
				<timestamp>428.331468</timestamp>
			</report>
			<report>
				<misses>1192001</misses>
				<total>3</total>
				<timestamp>428.691132</timestamp>
			</report>
			<report>
				<misses>1193001</misses>
				<total>3</total>
				<timestamp>429.050692</timestamp>
			</report>
			<report>
				<misses>1194001</misses>
				<total>3</total>
				<timestamp>429.410367</timestamp>
			</report>
			<report>
				<misses>1195001</misses>
				<total>3</total>
				<timestamp>429.770055</timestamp>
			</report>
			<report>
				<misses>1196001</misses>
				<total>3</total>
				<timestamp>430.129668</timestamp>
			</report>
			<report>
				<misses>1197001</misses>
				<total>3</total>
				<timestamp>430.489305</timestamp>
			</report>
			<report>
				<misses>1198001</misses>
				<total>3</total>
				<timestamp>430.848976</timestamp>
			</report>
			<report>
				<misses>1199001</misses>
				<total>3</total>
				<timestamp>431.208619</timestamp>
			</report>
			<report>
				<misses>1200001</misses>
				<total>3</total>
				<timestamp>431.568182</timestamp>
			</report>
			<report>
				<misses>1201001</misses>
				<total>3</total>
				<timestamp>431.927829</timestamp>
			</report>
			<report>
				<misses>1202001</misses>
				<total>3</total>
				<timestamp>432.287510</timestamp>
			</report>
			<report>
				<misses>1203001</misses>
				<total>3</total>
				<timestamp>432.647105</timestamp>
			</report>
			<report>
				<misses>1204001</misses>
				<total>3</total>
				<timestamp>433.006738</timestamp>
			</report>
			<report>
				<misses>1205001</misses>
				<total>3</total>
				<timestamp>433.366465</timestamp>
			</report>
			<report>
				<misses>1206001</misses>
				<total>3</total>
				<timestamp>433.726100</timestamp>
			</report>
			<report>
				<misses>1207001</misses>
				<total>3</total>
				<timestamp>434.085657</timestamp>
			</report>
			<report>
				<misses>1208001</misses>
				<total>3</total>
				<timestamp>434.445307</timestamp>
			</report>
			<report>
				<misses>1209001</misses>
				<total>3</total>
				<timestamp>434.805004</timestamp>
			</report>
			<report>
				<misses>1210001</misses>
				<total>3</total>
				<timestamp>435.164629</timestamp>
			</report>
			<report>
				<misses>1211001</misses>
				<total>3</total>
				<timestamp>435.524234</timestamp>
			</report>
			<report>
				<misses>1212001</misses>
				<total>3</total>
				<timestamp>435.883912</timestamp>
			</report>
			<report>
				<misses>1213001</misses>
				<total>3</total>
				<timestamp>436.243509</timestamp>
			</report>
			<report>
				<misses>1214001</misses>
				<total>3</total>
				<timestamp>436.603157</timestamp>
			</report>
			<report>
				<misses>1215001</misses>
				<total>3</total>
				<timestamp>436.962801</timestamp>
			</report>
			<report>
				<misses>1216001</misses>
				<total>3</total>
				<timestamp>437.322419</timestamp>
			</report>
			<report>
				<misses>1217001</misses>
				<total>3</total>
				<timestamp>437.682101</timestamp>
			</report>
			<report>
				<misses>1218001</misses>
				<total>3</total>
				<timestamp>438.041710</timestamp>
			</report>
			<report>
				<misses>1219001</misses>
				<total>3</total>
				<timestamp>438.401348</timestamp>
			</report>
			<report>
				<misses>1220001</misses>
				<total>3</total>
				<timestamp>438.761089</timestamp>
			</report>
			<report>
				<misses>1221001</misses>
				<total>3</total>
				<timestamp>439.120690</timestamp>
			</report>
			<report>
				<misses>1222001</misses>
				<total>3</total>
				<timestamp>439.480276</timestamp>
			</report>
			<report>
				<misses>1223001</misses>
				<total>3</total>
				<timestamp>439.839904</timestamp>
			</report>
			<report>
				<misses>1224001</misses>
				<total>3</total>
				<timestamp>440.199633</timestamp>
			</report>
			<report>
				<misses>1225001</misses>
				<total>3</total>
				<timestamp>440.559278</timestamp>
			</report>
			<report>
				<misses>1226001</misses>
				<total>3</total>
				<timestamp>440.918826</timestamp>
			</report>
			<report>
				<misses>1227001</misses>
				<total>3</total>
				<timestamp>441.278466</timestamp>
			</report>
			<report>
				<misses>1228001</misses>
				<total>3</total>
				<timestamp>441.638172</timestamp>
			</report>
			<report>
				<misses>1229001</misses>
				<total>3</total>
				<timestamp>441.997820</timestamp>
			</report>
			<report>
				<misses>1230001</misses>
				<total>3</total>
				<timestamp>442.357388</timestamp>
			</report>
			<report>
				<misses>1231001</misses>
				<total>3</total>
				<timestamp>442.717090</timestamp>
			</report>
			<report>
				<misses>1232001</misses>
				<total>3</total>
				<timestamp>443.076714</timestamp>
			</report>
			<report>
				<misses>1233001</misses>
				<total>3</total>
				<timestamp>443.436364</timestamp>
			</report>
			<report>
				<misses>1234001</misses>
				<total>3</total>
				<timestamp>443.796029</timestamp>
			</report>
			<report>
				<misses>1235001</misses>
				<total>3</total>
				<timestamp>444.155590</timestamp>
			</report>
			<report>
				<misses>1236001</misses>
				<total>3</total>
				<timestamp>444.515271</timestamp>
			</report>
			<report>
				<misses>1237001</misses>
				<total>3</total>
				<timestamp>444.874867</timestamp>
			</report>
			<report>
				<misses>1238001</misses>
				<total>3</total>
				<timestamp>445.234561</timestamp>
			</report>
			<report>
				<misses>1239001</misses>
				<total>3</total>
				<timestamp>445.594183</timestamp>
			</report>
			<report>
				<misses>1240001</misses>
				<total>3</total>
				<timestamp>445.953827</timestamp>
			</report>
			<report>
				<misses>1241001</misses>
				<total>3</total>
				<timestamp>446.313418</timestamp>
			</report>
			<report>
				<misses>1242001</misses>
				<total>3</total>
				<timestamp>446.673164</timestamp>
			</report>
			<report>
				<misses>1243001</misses>
				<total>3</total>
				<timestamp>447.032704</timestamp>
			</report>
			<report>
				<misses>1244001</misses>
				<total>3</total>
				<timestamp>447.392360</timestamp>
			</report>
			<report>
				<misses>1245001</misses>
				<total>3</total>
				<timestamp>447.752070</timestamp>
			</report>
			<report>
				<misses>1246001</misses>
				<total>3</total>
				<timestamp>448.111645</timestamp>
			</report>
			<report>
				<misses>1247001</misses>
				<total>3</total>
				<timestamp>448.471344</timestamp>
			</report>
			<report>
				<misses>1248001</misses>
				<total>3</total>
				<timestamp>448.830931</timestamp>
			</report>
			<report>
				<misses>1249001</misses>
				<total>3</total>
				<timestamp>449.190562</timestamp>
			</report>
			<report>
				<misses>1250001</misses>
				<total>3</total>
				<timestamp>449.550186</timestamp>
			</report>
			<report>
				<misses>1251001</misses>
				<total>3</total>
				<timestamp>449.909825</timestamp>
			</report>
			<report>
				<misses>1252001</misses>
				<total>3</total>
				<timestamp>450.269493</timestamp>
			</report>
			<report>
				<misses>1253001</misses>
				<total>3</total>
				<timestamp>450.629118</timestamp>
			</report>
			<report>
				<misses>1254001</misses>
				<total>3</total>
				<timestamp>450.988815</timestamp>
			</report>
			<report>
				<misses>1255001</misses>
				<total>3</total>
				<timestamp>451.348446</timestamp>
			</report>
			<report>
				<misses>1256001</misses>
				<total>3</total>
				<timestamp>451.708060</timestamp>
			</report>
			<report>
				<misses>1257001</misses>
				<total>3</total>
				<timestamp>452.067746</timestamp>
			</report>
			<report>
				<misses>1258001</misses>
				<total>3</total>
				<timestamp>452.427375</timestamp>
			</report>
			<report>
				<misses>1259001</misses>
				<total>3</total>
				<timestamp>452.787020</timestamp>
			</report>
			<report>
				<misses>1260001</misses>
				<total>3</total>
				<timestamp>453.146582</timestamp>
			</report>
			<report>
				<misses>1261001</misses>
				<total>3</total>
				<timestamp>453.506218</timestamp>
			</report>
			<report>
				<misses>1262001</misses>
				<total>3</total>
				<timestamp>453.865964</timestamp>
			</report>
			<report>
				<misses>1263001</misses>
				<total>3</total>
				<timestamp>454.225486</timestamp>
			</report>
			<report>
				<misses>1264001</misses>
				<total>3</total>
				<timestamp>454.585160</timestamp>
			</report>
			<report>
				<misses>1265001</misses>
				<total>3</total>
				<timestamp>454.944818</timestamp>
			</report>
			<report>
				<misses>1266001</misses>
				<total>3</total>
				<timestamp>455.304430</timestamp>
			</report>
			<report>
				<misses>1267001</misses>
				<total>3</total>
				<timestamp>455.664086</timestamp>
			</report>
			<report>
				<misses>1268001</misses>
				<total>3</total>
				<timestamp>456.023707</timestamp>
			</report>
			<report>
				<misses>1269001</misses>
				<total>3</total>
				<timestamp>456.383353</timestamp>
			</report>
			<report>
				<misses>1270001</misses>
				<total>3</total>
				<timestamp>456.743023</timestamp>
			</report>
			<report>
				<misses>1271001</misses>
				<total>3</total>
				<timestamp>457.102672</timestamp>
			</report>
			<report>
				<misses>1272001</misses>
				<total>3</total>
				<timestamp>457.462300</timestamp>
			</report>
			<report>
				<misses>1273001</misses>
				<total>3</total>
				<timestamp>457.821979</timestamp>
			</report>
			<report>
				<misses>1274001</misses>
				<total>3</total>
				<timestamp>458.181631</timestamp>
			</report>
			<report>
				<misses>1275001</misses>
				<total>3</total>
				<timestamp>458.541207</timestamp>
			</report>
			<report>
				<misses>1276001</misses>
				<total>3</total>
				<timestamp>458.900850</timestamp>
			</report>
			<report>
				<misses>1277001</misses>
				<total>3</total>
				<timestamp>459.260462</timestamp>
			</report>
			<report>
				<misses>1278001</misses>
				<total>3</total>
				<timestamp>459.620099</timestamp>
			</report>
			<report>
				<misses>1279001</misses>
				<total>3</total>
				<timestamp>459.979770</timestamp>
			</report>
			<report>
				<misses>1280001</misses>
				<total>3</total>
				<timestamp>460.339417</timestamp>
			</report>
			<report>
				<misses>1281001</misses>
				<total>3</total>
				<timestamp>460.699125</timestamp>
			</report>
			<report>
				<misses>1282001</misses>
				<total>3</total>
				<timestamp>461.058653</timestamp>
			</report>
			<report>
				<misses>1283001</misses>
				<total>3</total>
				<timestamp>461.418309</timestamp>
			</report>
			<report>
				<misses>1284001</misses>
				<total>3</total>
				<timestamp>461.777951</timestamp>
			</report>
			<report>
				<misses>1285001</misses>
				<total>3</total>
				<timestamp>462.137599</timestamp>
			</report>
			<report>
				<misses>1286001</misses>
				<total>3</total>
				<timestamp>462.497323</timestamp>
			</report>
			<report>
				<misses>1287001</misses>
				<total>3</total>
				<timestamp>462.856963</timestamp>
			</report>
			<report>
				<misses>1288001</misses>
				<total>3</total>
				<timestamp>463.216507</timestamp>
			</report>
			<report>
				<misses>1289001</misses>
				<total>3</total>
				<timestamp>463.576139</timestamp>
			</report>
			<report>
				<misses>1290001</misses>
				<total>3</total>
				<timestamp>463.935812</timestamp>
			</report>
			<report>
				<misses>1291001</misses>
				<total>3</total>
				<timestamp>464.295443</timestamp>
			</report>
			<report>
				<misses>1292001</misses>
				<total>3</total>
				<timestamp>464.655081</timestamp>
			</report>
			<report>
				<misses>1293001</misses>
				<total>3</total>
				<timestamp>465.014766</timestamp>
			</report>
			<report>
				<misses>1294001</misses>
				<total>3</total>
				<timestamp>465.374411</timestamp>
			</report>
			<report>
				<misses>1295001</misses>
				<total>3</total>
				<timestamp>465.734040</timestamp>
			</report>
			<report>
				<misses>1296001</misses>
				<total>3</total>
				<timestamp>466.093670</timestamp>
			</report>
			<report>
				<misses>1297001</misses>
				<total>3</total>
				<timestamp>466.453256</timestamp>
			</report>
			<report>
				<misses>1298001</misses>
				<total>3</total>
				<timestamp>466.812929</timestamp>
			</report>
			<report>
				<misses>1299001</misses>
				<total>3</total>
				<timestamp>467.172551</timestamp>
			</report>
			<report>
				<misses>1300001</misses>
				<total>3</total>
				<timestamp>467.532193</timestamp>
			</report>
			<report>
				<misses>1301001</misses>
				<total>3</total>
				<timestamp>467.891931</timestamp>
			</report>
			<report>
				<misses>1302001</misses>
				<total>3</total>
				<timestamp>468.251490</timestamp>
			</report>
			<report>
				<misses>1303001</misses>
				<total>3</total>
				<timestamp>468.611100</timestamp>
			</report>
			<report>
				<misses>1304001</misses>
				<total>3</total>
				<timestamp>468.970798</timestamp>
			</report>
			<report>
				<misses>1305001</misses>
				<total>3</total>
				<timestamp>469.330443</timestamp>
			</report>
			<report>
				<misses>1306001</misses>
				<total>3</total>
				<timestamp>469.690034</timestamp>
			</report>
			<report>
				<misses>1307001</misses>
				<total>3</total>
				<timestamp>470.049743</timestamp>
			</report>
			<report>
				<misses>1308001</misses>
				<total>3</total>
				<timestamp>470.409355</timestamp>
			</report>
			<report>
				<misses>1309001</misses>
				<total>3</total>
				<timestamp>470.768941</timestamp>
			</report>
			<report>
				<misses>1310001</misses>
				<total>3</total>
				<timestamp>471.128569</timestamp>
			</report>
			<report>
				<misses>1311001</misses>
				<total>3</total>
				<timestamp>471.488224</timestamp>
			</report>
			<report>
				<misses>1312001</misses>
				<total>3</total>
				<timestamp>471.847984</timestamp>
			</report>
			<report>
				<misses>1313001</misses>
				<total>3</total>
				<timestamp>472.207502</timestamp>
			</report>
			<report>
				<misses>1314001</misses>
				<total>3</total>
				<timestamp>472.567143</timestamp>
			</report>
			<report>
				<misses>1315001</misses>
				<total>3</total>
				<timestamp>472.926789</timestamp>
			</report>
			<report>
				<misses>1316001</misses>
				<total>3</total>
				<timestamp>473.286434</timestamp>
			</report>
			<report>
				<misses>1317001</misses>
				<total>3</total>
				<timestamp>473.646140</timestamp>
			</report>
			<report>
				<misses>1318001</misses>
				<total>3</total>
				<timestamp>474.005836</timestamp>
			</report>
			<report>
				<misses>1319001</misses>
				<total>3</total>
				<timestamp>474.365387</timestamp>
			</report>
			<report>
				<misses>1320001</misses>
				<total>3</total>
				<timestamp>474.724999</timestamp>
			</report>
			<report>
				<misses>1321001</misses>
				<total>3</total>
				<timestamp>475.084661</timestamp>
			</report>
			<report>
				<misses>1322001</misses>
				<total>3</total>
				<timestamp>475.444247</timestamp>
			</report>
			<report>
				<misses>1323001</misses>
				<total>3</total>
				<timestamp>475.803939</timestamp>
			</report>
			<report>
				<misses>1324001</misses>
				<total>3</total>
				<timestamp>476.163600</timestamp>
			</report>
			<report>
				<misses>1325001</misses>
				<total>3</total>
				<timestamp>476.523184</timestamp>
			</report>
			<report>
				<misses>1326001</misses>
				<total>3</total>
				<timestamp>476.882948</timestamp>
			</report>
			<report>
				<misses>1327001</misses>
				<total>3</total>
				<timestamp>477.242464</timestamp>
			</report>
			<report>
				<misses>1328001</misses>
				<total>3</total>
				<timestamp>477.602207</timestamp>
			</report>
			<report>
				<misses>1329001</misses>
				<total>3</total>
				<timestamp>477.961769</timestamp>
			</report>
			<report>
				<misses>1330001</misses>
				<total>3</total>
				<timestamp>478.321458</timestamp>
			</report>
			<report>
				<misses>1331001</misses>
				<total>3</total>
				<timestamp>478.681035</timestamp>
			</report>
			<report>
				<misses>1332001</misses>
				<total>3</total>
				<timestamp>479.040697</timestamp>
			</report>
			<report>
				<misses>1333001</misses>
				<total>3</total>
				<timestamp>479.400332</timestamp>
			</report>
			<report>
				<misses>1334001</misses>
				<total>3</total>
				<timestamp>479.759961</timestamp>
			</report>
			<report>
				<misses>1335001</misses>
				<total>3</total>
				<timestamp>480.119579</timestamp>
			</report>
			<report>
				<misses>1336001</misses>
				<total>3</total>
				<timestamp>480.479244</timestamp>
			</report>
			<report>
				<misses>1337001</misses>
				<total>3</total>
				<timestamp>480.838999</timestamp>
			</report>
			<report>
				<misses>1338001</misses>
				<total>3</total>
				<timestamp>481.198488</timestamp>
			</report>
			<report>
				<misses>1339001</misses>
				<total>3</total>
				<timestamp>481.558243</timestamp>
			</report>
			<report>
				<misses>1340001</misses>
				<total>3</total>
				<timestamp>481.917801</timestamp>
			</report>
			<report>
				<misses>1341001</misses>
				<total>3</total>
				<timestamp>482.277416</timestamp>
			</report>
			<report>
				<misses>1342001</misses>
				<total>3</total>
				<timestamp>482.637225</timestamp>
			</report>
			<report>
				<misses>1343001</misses>
				<total>3</total>
				<timestamp>482.996783</timestamp>
			</report>
			<report>
				<misses>1344001</misses>
				<total>3</total>
				<timestamp>483.356401</timestamp>
			</report>
			<report>
				<misses>1345001</misses>
				<total>3</total>
				<timestamp>483.716009</timestamp>
			</report>
			<report>
				<misses>1346001</misses>
				<total>3</total>
				<timestamp>484.075715</timestamp>
			</report>
			<report>
				<misses>1347001</misses>
				<total>3</total>
				<timestamp>484.435261</timestamp>
			</report>
			<report>
				<misses>1348001</misses>
				<total>3</total>
				<timestamp>484.794941</timestamp>
			</report>
			<report>
				<misses>1349001</misses>
				<total>3</total>
				<timestamp>485.154644</timestamp>
			</report>
			<report>
				<misses>1350001</misses>
				<total>3</total>
				<timestamp>485.514274</timestamp>
			</report>
			<report>
				<misses>1351001</misses>
				<total>3</total>
				<timestamp>485.873828</timestamp>
			</report>
			<report>
				<misses>1352001</misses>
				<total>3</total>
				<timestamp>486.233469</timestamp>
			</report>
			<report>
				<misses>1353001</misses>
				<total>3</total>
				<timestamp>486.593085</timestamp>
			</report>
			<report>
				<misses>1354001</misses>
				<total>3</total>
				<timestamp>486.952760</timestamp>
			</report>
			<report>
				<misses>1355001</misses>
				<total>3</total>
				<timestamp>487.312423</timestamp>
			</report>
			<report>
				<misses>1356001</misses>
				<total>3</total>
				<timestamp>487.672032</timestamp>
			</report>
			<report>
				<misses>1357001</misses>
				<total>3</total>
				<timestamp>488.031699</timestamp>
			</report>
			<report>
				<misses>1358001</misses>
				<total>3</total>
				<timestamp>488.391381</timestamp>
			</report>
			<report>
				<misses>1359001</misses>
				<total>3</total>
				<timestamp>488.750987</timestamp>
			</report>
			<report>
				<misses>1360001</misses>
				<total>3</total>
				<timestamp>489.110617</timestamp>
			</report>
			<report>
				<misses>1361001</misses>
				<total>3</total>
				<timestamp>489.470259</timestamp>
			</report>
			<report>
				<misses>1362001</misses>
				<total>3</total>
				<timestamp>489.829893</timestamp>
			</report>
			<report>
				<misses>1363001</misses>
				<total>3</total>
				<timestamp>490.189518</timestamp>
			</report>
			<report>
				<misses>1364001</misses>
				<total>3</total>
				<timestamp>490.549147</timestamp>
			</report>
			<report>
				<misses>1365001</misses>
				<total>3</total>
				<timestamp>490.908821</timestamp>
			</report>
			<report>
				<misses>1366001</misses>
				<total>3</total>
				<timestamp>491.268500</timestamp>
			</report>
			<report>
				<misses>1367001</misses>
				<total>3</total>
				<timestamp>491.628066</timestamp>
			</report>
			<report>
				<misses>1368001</misses>
				<total>3</total>
				<timestamp>491.987724</timestamp>
			</report>
			<report>
				<misses>1369001</misses>
				<total>3</total>
				<timestamp>492.347380</timestamp>
			</report>
			<report>
				<misses>1370001</misses>
				<total>3</total>
				<timestamp>492.707090</timestamp>
			</report>
			<report>
				<misses>1371001</misses>
				<total>3</total>
				<timestamp>493.066683</timestamp>
			</report>
			<report>
				<misses>1372001</misses>
				<total>3</total>
				<timestamp>493.426263</timestamp>
			</report>
			<report>
				<misses>1373001</misses>
				<total>3</total>
				<timestamp>493.785906</timestamp>
			</report>
			<report>
				<misses>1374001</misses>
				<total>3</total>
				<timestamp>494.145552</timestamp>
			</report>
			<report>
				<misses>1375001</misses>
				<total>3</total>
				<timestamp>494.505210</timestamp>
			</report>
			<report>
				<misses>1376001</misses>
				<total>3</total>
				<timestamp>494.864873</timestamp>
			</report>
			<report>
				<misses>1377001</misses>
				<total>3</total>
				<timestamp>495.224482</timestamp>
			</report>
			<report>
				<misses>1378001</misses>
				<total>3</total>
				<timestamp>495.584094</timestamp>
			</report>
			<report>
				<misses>1379001</misses>
				<total>3</total>
				<timestamp>495.943785</timestamp>
			</report>
			<report>
				<misses>1380001</misses>
				<total>3</total>
				<timestamp>496.303361</timestamp>
			</report>
			<report>
				<misses>1381001</misses>
				<total>3</total>
				<timestamp>496.663043</timestamp>
			</report>
			<report>
				<misses>1382001</misses>
				<total>3</total>
				<timestamp>497.022682</timestamp>
			</report>
			<report>
				<misses>1383001</misses>
				<total>3</total>
				<timestamp>497.382292</timestamp>
			</report>
			<report>
				<misses>1384001</misses>
				<total>3</total>
				<timestamp>497.741932</timestamp>
			</report>
			<report>
				<misses>1385001</misses>
				<total>3</total>
				<timestamp>498.101588</timestamp>
			</report>
			<report>
				<misses>1386001</misses>
				<total>3</total>
				<timestamp>498.461239</timestamp>
			</report>
			<report>
				<misses>1387001</misses>
				<total>3</total>
				<timestamp>498.820889</timestamp>
			</report>
			<report>
				<misses>1388001</misses>
				<total>3</total>
				<timestamp>499.180634</timestamp>
			</report>
			<report>
				<misses>1389001</misses>
				<total>3</total>
				<timestamp>499.540195</timestamp>
			</report>
			<report>
				<misses>1390001</misses>
				<total>3</total>
				<timestamp>499.899796</timestamp>
			</report>
			<report>
				<misses>1391001</misses>
				<total>3</total>
				<timestamp>500.259493</timestamp>
			</report>
			<report>
				<misses>1392001</misses>
				<total>3</total>
				<timestamp>500.619106</timestamp>
			</report>
			<report>
				<misses>1393001</misses>
				<total>3</total>
				<timestamp>500.978726</timestamp>
			</report>
			<report>
				<misses>1394001</misses>
				<total>3</total>
				<timestamp>501.338368</timestamp>
			</report>
			<report>
				<misses>1395001</misses>
				<total>3</total>
				<timestamp>501.698031</timestamp>
			</report>
			<report>
				<misses>1396001</misses>
				<total>3</total>
				<timestamp>502.057629</timestamp>
			</report>
			<report>
				<misses>1397001</misses>
				<total>3</total>
				<timestamp>502.417303</timestamp>
			</report>
			<report>
				<misses>1398001</misses>
				<total>3</total>
				<timestamp>502.776883</timestamp>
			</report>
			<report>
				<misses>1399001</misses>
				<total>3</total>
				<timestamp>503.136661</timestamp>
			</report>
			<report>
				<misses>1400001</misses>
				<total>3</total>
				<timestamp>503.496191</timestamp>
			</report>
			<report>
				<misses>1401001</misses>
				<total>3</total>
				<timestamp>503.855832</timestamp>
			</report>
			<report>
				<misses>1402001</misses>
				<total>3</total>
				<timestamp>504.215451</timestamp>
			</report>
			<report>
				<misses>1403001</misses>
				<total>3</total>
				<timestamp>504.575120</timestamp>
			</report>
			<report>
				<misses>1404001</misses>
				<total>3</total>
				<timestamp>504.934777</timestamp>
			</report>
			<report>
				<misses>1405001</misses>
				<total>3</total>
				<timestamp>505.294379</timestamp>
			</report>
			<report>
				<misses>1406001</misses>
				<total>3</total>
				<timestamp>505.654113</timestamp>
			</report>
			<report>
				<misses>1407001</misses>
				<total>3</total>
				<timestamp>506.013703</timestamp>
			</report>
			<report>
				<misses>1408001</misses>
				<total>3</total>
				<timestamp>506.373319</timestamp>
			</report>
			<report>
				<misses>1409001</misses>
				<total>3</total>
				<timestamp>506.733017</timestamp>
			</report>
			<report>
				<misses>1410001</misses>
				<total>3</total>
				<timestamp>507.092607</timestamp>
			</report>
			<report>
				<misses>1411001</misses>
				<total>3</total>
				<timestamp>507.452255</timestamp>
			</report>
			<report>
				<misses>1412001</misses>
				<total>3</total>
				<timestamp>507.811869</timestamp>
			</report>
			<report>
				<misses>1413001</misses>
				<total>3</total>
				<timestamp>508.171528</timestamp>
			</report>
			<report>
				<misses>1414001</misses>
				<total>3</total>
				<timestamp>508.531142</timestamp>
			</report>
			<report>
				<misses>1415001</misses>
				<total>3</total>
				<timestamp>508.890815</timestamp>
			</report>
			<report>
				<misses>1416001</misses>
				<total>3</total>
				<timestamp>509.250442</timestamp>
			</report>
			<report>
				<misses>1417001</misses>
				<total>3</total>
				<timestamp>509.610052</timestamp>
			</report>
			<report>
				<misses>1418001</misses>
				<total>3</total>
				<timestamp>509.969773</timestamp>
			</report>
			<report>
				<misses>1419001</misses>
				<total>3</total>
				<timestamp>510.329332</timestamp>
			</report>
			<report>
				<misses>1420001</misses>
				<total>3</total>
				<timestamp>510.688980</timestamp>
			</report>
			<report>
				<misses>1421001</misses>
				<total>3</total>
				<timestamp>511.048609</timestamp>
			</report>
			<report>
				<misses>1422001</misses>
				<total>3</total>
				<timestamp>511.408246</timestamp>
			</report>
			<report>
				<misses>1423001</misses>
				<total>3</total>
				<timestamp>511.767948</timestamp>
			</report>
			<report>
				<misses>1424001</misses>
				<total>3</total>
				<timestamp>512.127601</timestamp>
			</report>
			<report>
				<misses>1425001</misses>
				<total>3</total>
				<timestamp>512.487185</timestamp>
			</report>
			<report>
				<misses>1426001</misses>
				<total>3</total>
				<timestamp>512.846818</timestamp>
			</report>
			<report>
				<misses>1427001</misses>
				<total>3</total>
				<timestamp>513.206501</timestamp>
			</report>
			<report>
				<misses>1428001</misses>
				<total>3</total>
				<timestamp>513.566118</timestamp>
			</report>
			<report>
				<misses>1429001</misses>
				<total>3</total>
				<timestamp>513.925770</timestamp>
			</report>
			<report>
				<misses>1430001</misses>
				<total>3</total>
				<timestamp>514.285427</timestamp>
			</report>
			<report>
				<misses>1431001</misses>
				<total>3</total>
				<timestamp>514.645037</timestamp>
			</report>
			<report>
				<misses>1432001</misses>
				<total>3</total>
				<timestamp>515.004694</timestamp>
			</report>
			<report>
				<misses>1433001</misses>
				<total>3</total>
				<timestamp>515.364330</timestamp>
			</report>
			<report>
				<misses>1434001</misses>
				<total>3</total>
				<timestamp>515.723922</timestamp>
			</report>
			<report>
				<misses>1435001</misses>
				<total>3</total>
				<timestamp>516.083616</timestamp>
			</report>
			<report>
				<misses>1436001</misses>
				<total>3</total>
				<timestamp>516.443266</timestamp>
			</report>
			<report>
				<misses>1437001</misses>
				<total>3</total>
				<timestamp>516.802859</timestamp>
			</report>
			<report>
				<misses>1438001</misses>
				<total>3</total>
				<timestamp>517.162597</timestamp>
			</report>
			<report>
				<misses>1439001</misses>
				<total>3</total>
				<timestamp>517.522138</timestamp>
			</report>
			<report>
				<misses>1440001</misses>
				<total>3</total>
				<timestamp>517.881806</timestamp>
			</report>
			<report>
				<misses>1441001</misses>
				<total>3</total>
				<timestamp>518.241426</timestamp>
			</report>
			<report>
				<misses>1442001</misses>
				<total>3</total>
				<timestamp>518.601047</timestamp>
			</report>
			<report>
				<misses>1443001</misses>
				<total>3</total>
				<timestamp>518.960746</timestamp>
			</report>
			<report>
				<misses>1444001</misses>
				<total>3</total>
				<timestamp>519.320365</timestamp>
			</report>
			<report>
				<misses>1445001</misses>
				<total>3</total>
				<timestamp>519.680086</timestamp>
			</report>
			<report>
				<misses>1446001</misses>
				<total>3</total>
				<timestamp>520.039720</timestamp>
			</report>
			<report>
				<misses>1447001</misses>
				<total>3</total>
				<timestamp>520.399292</timestamp>
			</report>
			<report>
				<misses>1448001</misses>
				<total>3</total>
				<timestamp>520.758930</timestamp>
			</report>
			<report>
				<misses>1449001</misses>
				<total>3</total>
				<timestamp>521.118597</timestamp>
			</report>
			<report>
				<misses>1450001</misses>
				<total>3</total>
				<timestamp>521.478180</timestamp>
			</report>
			<report>
				<misses>1451001</misses>
				<total>3</total>
				<timestamp>521.837805</timestamp>
			</report>
			<report>
				<misses>1452001</misses>
				<total>3</total>
				<timestamp>522.197489</timestamp>
			</report>
			<report>
				<misses>1453001</misses>
				<total>3</total>
				<timestamp>522.557148</timestamp>
			</report>
			<report>
				<misses>1454001</misses>
				<total>3</total>
				<timestamp>522.916810</timestamp>
			</report>
			<report>
				<misses>1455001</misses>
				<total>3</total>
				<timestamp>523.276378</timestamp>
			</report>
			<report>
				<misses>1456001</misses>
				<total>3</total>
				<timestamp>523.636047</timestamp>
			</report>
			<report>
				<misses>1457001</misses>
				<total>3</total>
				<timestamp>523.995715</timestamp>
			</report>
			<report>
				<misses>1458001</misses>
				<total>3</total>
				<timestamp>524.355372</timestamp>
			</report>
			<report>
				<misses>1459001</misses>
				<total>3</total>
				<timestamp>524.714965</timestamp>
			</report>
			<report>
				<misses>1460001</misses>
				<total>3</total>
				<timestamp>525.074613</timestamp>
			</report>
			<report>
				<misses>1461001</misses>
				<total>3</total>
				<timestamp>525.434269</timestamp>
			</report>
			<report>
				<misses>1462001</misses>
				<total>3</total>
				<timestamp>525.793865</timestamp>
			</report>
			<report>
				<misses>1463001</misses>
				<total>3</total>
				<timestamp>526.153567</timestamp>
			</report>
			<report>
				<misses>1464001</misses>
				<total>3</total>
				<timestamp>526.513197</timestamp>
			</report>
			<report>
				<misses>1465001</misses>
				<total>3</total>
				<timestamp>526.872765</timestamp>
			</report>
			<report>
				<misses>1466001</misses>
				<total>3</total>
				<timestamp>527.232469</timestamp>
			</report>
			<report>
				<misses>1467001</misses>
				<total>3</total>
				<timestamp>527.592059</timestamp>
			</report>
			<report>
				<misses>1468001</misses>
				<total>3</total>
				<timestamp>527.951741</timestamp>
			</report>
			<report>
				<misses>1469001</misses>
				<total>3</total>
				<timestamp>528.311335</timestamp>
			</report>
			<report>
				<misses>1470001</misses>
				<total>3</total>
				<timestamp>528.671065</timestamp>
			</report>
			<report>
				<misses>1471001</misses>
				<total>3</total>
				<timestamp>529.030611</timestamp>
			</report>
			<report>
				<misses>1472001</misses>
				<total>3</total>
				<timestamp>529.390246</timestamp>
			</report>
			<report>
				<misses>1473001</misses>
				<total>3</total>
				<timestamp>529.749900</timestamp>
			</report>
			<report>
				<misses>1474001</misses>
				<total>3</total>
				<timestamp>530.109576</timestamp>
			</report>
			<report>
				<misses>1475001</misses>
				<total>3</total>
				<timestamp>530.469197</timestamp>
			</report>
			<report>
				<misses>1476001</misses>
				<total>3</total>
				<timestamp>530.828885</timestamp>
			</report>
			<report>
				<misses>1477001</misses>
				<total>3</total>
				<timestamp>531.188466</timestamp>
			</report>
			<report>
				<misses>1478001</misses>
				<total>3</total>
				<timestamp>531.548183</timestamp>
			</report>
			<report>
				<misses>1479001</misses>
				<total>3</total>
				<timestamp>531.907780</timestamp>
			</report>
			<report>
				<misses>1480001</misses>
				<total>3</total>
				<timestamp>532.267437</timestamp>
			</report>
			<report>
				<misses>1481001</misses>
				<total>3</total>
				<timestamp>532.627024</timestamp>
			</report>
			<report>
				<misses>1482001</misses>
				<total>3</total>
				<timestamp>532.986662</timestamp>
			</report>
			<report>
				<misses>1483001</misses>
				<total>3</total>
				<timestamp>533.346290</timestamp>
			</report>
			<report>
				<misses>1484001</misses>
				<total>3</total>
				<timestamp>533.705939</timestamp>
			</report>
			<report>
				<misses>1485001</misses>
				<total>3</total>
				<timestamp>534.065582</timestamp>
			</report>
			<report>
				<misses>1486001</misses>
				<total>3</total>
				<timestamp>534.425256</timestamp>
			</report>
			<report>
				<misses>1487001</misses>
				<total>3</total>
				<timestamp>534.784863</timestamp>
			</report>
			<report>
				<misses>1488001</misses>
				<total>3</total>
				<timestamp>535.144515</timestamp>
			</report>
			<report>
				<misses>1489001</misses>
				<total>3</total>
				<timestamp>535.504130</timestamp>
			</report>
			<report>
				<misses>1490001</misses>
				<total>3</total>
				<timestamp>535.863837</timestamp>
			</report>
			<report>
				<misses>1491001</misses>
				<total>3</total>
				<timestamp>536.223427</timestamp>
			</report>
			<report>
				<misses>1492001</misses>
				<total>3</total>
				<timestamp>536.583089</timestamp>
			</report>
			<report>
				<misses>1493001</misses>
				<total>3</total>
				<timestamp>536.942754</timestamp>
			</report>
			<report>
				<misses>1494001</misses>
				<total>3</total>
				<timestamp>537.302360</timestamp>
			</report>
			<report>
				<misses>1495001</misses>
				<total>3</total>
				<timestamp>537.661987</timestamp>
			</report>
			<report>
				<misses>1496001</misses>
				<total>3</total>
				<timestamp>538.021604</timestamp>
			</report>
			<report>
				<misses>1497001</misses>
				<total>3</total>
				<timestamp>538.381246</timestamp>
			</report>
			<report>
				<misses>1498001</misses>
				<total>3</total>
				<timestamp>538.740916</timestamp>
			</report>
			<report>
				<misses>1499001</misses>
				<total>3</total>
				<timestamp>539.100698</timestamp>
			</report>
			<report>
				<misses>1500001</misses>
				<total>3</total>
				<timestamp>539.460186</timestamp>
			</report>
			<report>
				<misses>1501001</misses>
				<total>3</total>
				<timestamp>539.819851</timestamp>
			</report>
			<report>
				<misses>1502001</misses>
				<total>3</total>
				<timestamp>540.179484</timestamp>
			</report>
			<report>
				<misses>1503001</misses>
				<total>3</total>
				<timestamp>540.539120</timestamp>
			</report>
			<report>
				<misses>1504001</misses>
				<total>3</total>
				<timestamp>540.898815</timestamp>
			</report>
			<report>
				<misses>1505001</misses>
				<total>3</total>
				<timestamp>541.258375</timestamp>
			</report>
			<report>
				<misses>1506001</misses>
				<total>3</total>
				<timestamp>541.618104</timestamp>
			</report>
			<report>
				<misses>1507001</misses>
				<total>3</total>
				<timestamp>541.977705</timestamp>
			</report>
			<report>
				<misses>1508001</misses>
				<total>3</total>
				<timestamp>542.337303</timestamp>
			</report>
			<report>
				<misses>1509001</misses>
				<total>3</total>
				<timestamp>542.696927</timestamp>
			</report>
			<report>
				<misses>1510001</misses>
				<total>3</total>
				<timestamp>543.056610</timestamp>
			</report>
			<report>
				<misses>1511001</misses>
				<total>3</total>
				<timestamp>543.416339</timestamp>
			</report>
			<report>
				<misses>1512001</misses>
				<total>3</total>
				<timestamp>543.775896</timestamp>
			</report>
			<report>
				<misses>1513001</misses>
				<total>3</total>
				<timestamp>544.135520</timestamp>
			</report>
			<report>
				<misses>1514001</misses>
				<total>3</total>
				<timestamp>544.495138</timestamp>
			</report>
			<report>
				<misses>1515001</misses>
				<total>3</total>
				<timestamp>544.854842</timestamp>
			</report>
			<report>
				<misses>1516001</misses>
				<total>3</total>
				<timestamp>545.214501</timestamp>
			</report>
			<report>
				<misses>1517001</misses>
				<total>3</total>
				<timestamp>545.574096</timestamp>
			</report>
			<report>
				<misses>1518001</misses>
				<total>3</total>
				<timestamp>545.933743</timestamp>
			</report>
			<report>
				<misses>1519001</misses>
				<total>3</total>
				<timestamp>546.293346</timestamp>
			</report>
			<report>
				<misses>1520001</misses>
				<total>3</total>
				<timestamp>546.653012</timestamp>
			</report>
			<report>
				<misses>1521001</misses>
				<total>3</total>
				<timestamp>547.012693</timestamp>
			</report>
			<report>
				<misses>1522001</misses>
				<total>3</total>
				<timestamp>547.372321</timestamp>
			</report>
			<report>
				<misses>1523001</misses>
				<total>3</total>
				<timestamp>547.732005</timestamp>
			</report>
			<report>
				<misses>1524001</misses>
				<total>3</total>
				<timestamp>548.091690</timestamp>
			</report>
			<report>
				<misses>1525001</misses>
				<total>3</total>
				<timestamp>548.451221</timestamp>
			</report>
			<report>
				<misses>1526001</misses>
				<total>3</total>
				<timestamp>548.810876</timestamp>
			</report>
			<report>
				<misses>1527001</misses>
				<total>3</total>
				<timestamp>549.170461</timestamp>
			</report>
			<report>
				<misses>1528001</misses>
				<total>3</total>
				<timestamp>549.530094</timestamp>
			</report>
			<report>
				<misses>1529001</misses>
				<total>3</total>
				<timestamp>549.889789</timestamp>
			</report>
			<report>
				<misses>1530001</misses>
				<total>3</total>
				<timestamp>550.249411</timestamp>
			</report>
			<report>
				<misses>1531001</misses>
				<total>3</total>
				<timestamp>550.609017</timestamp>
			</report>
			<report>
				<misses>1532001</misses>
				<total>3</total>
				<timestamp>550.968720</timestamp>
			</report>
			<report>
				<misses>1533001</misses>
				<total>3</total>
				<timestamp>551.328321</timestamp>
			</report>
			<report>
				<misses>1534001</misses>
				<total>3</total>
				<timestamp>551.687986</timestamp>
			</report>
			<report>
				<misses>1535001</misses>
				<total>3</total>
				<timestamp>552.047584</timestamp>
			</report>
			<report>
				<misses>1536001</misses>
				<total>3</total>
				<timestamp>552.407306</timestamp>
			</report>
			<report>
				<misses>1537001</misses>
				<total>3</total>
				<timestamp>552.766847</timestamp>
			</report>
			<report>
				<misses>1538001</misses>
				<total>3</total>
				<timestamp>553.126621</timestamp>
			</report>
			<report>
				<misses>1539001</misses>
				<total>3</total>
				<timestamp>553.486132</timestamp>
			</report>
			<report>
				<misses>1540001</misses>
				<total>3</total>
				<timestamp>553.845856</timestamp>
			</report>
			<report>
				<misses>1541001</misses>
				<total>3</total>
				<timestamp>554.205426</timestamp>
			</report>
			<report>
				<misses>1542001</misses>
				<total>3</total>
				<timestamp>554.565089</timestamp>
			</report>
			<report>
				<misses>1543001</misses>
				<total>3</total>
				<timestamp>554.924763</timestamp>
			</report>
			<report>
				<misses>1544001</misses>
				<total>3</total>
				<timestamp>555.284392</timestamp>
			</report>
			<report>
				<misses>1545001</misses>
				<total>3</total>
				<timestamp>555.643996</timestamp>
			</report>
			<report>
				<misses>1546001</misses>
				<total>3</total>
				<timestamp>556.003647</timestamp>
			</report>
			<report>
				<misses>1547001</misses>
				<total>3</total>
				<timestamp>556.363308</timestamp>
			</report>
			<report>
				<misses>1548001</misses>
				<total>3</total>
				<timestamp>556.722920</timestamp>
			</report>
			<report>
				<misses>1549001</misses>
				<total>3</total>
				<timestamp>557.082539</timestamp>
			</report>
			<report>
				<misses>1550001</misses>
				<total>3</total>
				<timestamp>557.442191</timestamp>
			</report>
			<report>
				<misses>1551001</misses>
				<total>3</total>
				<timestamp>557.801805</timestamp>
			</report>
			<report>
				<misses>1552001</misses>
				<total>3</total>
				<timestamp>558.161494</timestamp>
			</report>
			<report>
				<misses>1553001</misses>
				<total>3</total>
				<timestamp>558.521114</timestamp>
			</report>
			<report>
				<misses>1554001</misses>
				<total>3</total>
				<timestamp>558.880748</timestamp>
			</report>
			<report>
				<misses>1555001</misses>
				<total>3</total>
				<timestamp>559.240376</timestamp>
			</report>
			<report>
				<misses>1556001</misses>
				<total>3</total>
				<timestamp>559.600013</timestamp>
			</report>
			<report>
				<misses>1557001</misses>
				<total>3</total>
				<timestamp>559.959653</timestamp>
			</report>
			<report>
				<misses>1558001</misses>
				<total>3</total>
				<timestamp>560.319294</timestamp>
			</report>
			<report>
				<misses>1559001</misses>
				<total>3</total>
				<timestamp>560.678955</timestamp>
			</report>
			<report>
				<misses>1560001</misses>
				<total>3</total>
				<timestamp>561.038572</timestamp>
			</report>
			<report>
				<misses>1561001</misses>
				<total>3</total>
				<timestamp>561.398242</timestamp>
			</report>
			<report>
				<misses>1562001</misses>
				<total>3</total>
				<timestamp>561.757895</timestamp>
			</report>
			<report>
				<misses>1563001</misses>
				<total>3</total>
				<timestamp>562.117495</timestamp>
			</report>
			<report>
				<misses>1564001</misses>
				<total>3</total>
				<timestamp>562.477222</timestamp>
			</report>
			<report>
				<misses>1565001</misses>
				<total>3</total>
				<timestamp>562.836834</timestamp>
			</report>
			<report>
				<misses>1566001</misses>
				<total>3</total>
				<timestamp>563.196433</timestamp>
			</report>
			<report>
				<misses>1567001</misses>
				<total>3</total>
				<timestamp>563.556092</timestamp>
			</report>
			<report>
				<misses>1568001</misses>
				<total>3</total>
				<timestamp>563.915780</timestamp>
			</report>
			<report>
				<misses>1569001</misses>
				<total>3</total>
				<timestamp>564.275384</timestamp>
			</report>
			<report>
				<misses>1570001</misses>
				<total>3</total>
				<timestamp>564.635074</timestamp>
			</report>
			<report>
				<misses>1571001</misses>
				<total>3</total>
				<timestamp>564.994629</timestamp>
			</report>
			<report>
				<misses>1572001</misses>
				<total>3</total>
				<timestamp>565.354275</timestamp>
			</report>
			<report>
				<misses>1573001</misses>
				<total>3</total>
				<timestamp>565.713941</timestamp>
			</report>
			<report>
				<misses>1574001</misses>
				<total>3</total>
				<timestamp>566.073546</timestamp>
			</report>
			<report>
				<misses>1575001</misses>
				<total>3</total>
				<timestamp>566.433242</timestamp>
			</report>
			<report>
				<misses>1576001</misses>
				<total>3</total>
				<timestamp>566.792867</timestamp>
			</report>
			<report>
				<misses>1577001</misses>
				<total>3</total>
				<timestamp>567.152469</timestamp>
			</report>
			<report>
				<misses>1578001</misses>
				<total>3</total>
				<timestamp>567.512091</timestamp>
			</report>
			<report>
				<misses>1579001</misses>
				<total>3</total>
				<timestamp>567.871828</timestamp>
			</report>
			<report>
				<misses>1580001</misses>
				<total>3</total>
				<timestamp>568.231433</timestamp>
			</report>
			<report>
				<misses>1581001</misses>
				<total>3</total>
				<timestamp>568.591017</timestamp>
			</report>
			<report>
				<misses>1582001</misses>
				<total>3</total>
				<timestamp>568.950707</timestamp>
			</report>
			<report>
				<misses>1583001</misses>
				<total>3</total>
				<timestamp>569.310406</timestamp>
			</report>
			<report>
				<misses>1584001</misses>
				<total>3</total>
				<timestamp>569.669957</timestamp>
			</report>
			<report>
				<misses>1585001</misses>
				<total>3</total>
				<timestamp>570.029607</timestamp>
			</report>
			<report>
				<misses>1586001</misses>
				<total>3</total>
				<timestamp>570.389290</timestamp>
			</report>
			<report>
				<misses>1587001</misses>
				<total>3</total>
				<timestamp>570.748906</timestamp>
			</report>
			<report>
				<misses>1588001</misses>
				<total>3</total>
				<timestamp>571.108511</timestamp>
			</report>
			<report>
				<misses>1589001</misses>
				<total>3</total>
				<timestamp>571.468182</timestamp>
			</report>
			<report>
				<misses>1590001</misses>
				<total>3</total>
				<timestamp>571.827800</timestamp>
			</report>
			<report>
				<misses>1591001</misses>
				<total>3</total>
				<timestamp>572.187406</timestamp>
			</report>
			<report>
				<misses>1592001</misses>
				<total>3</total>
				<timestamp>572.547078</timestamp>
			</report>
			<report>
				<misses>1593001</misses>
				<total>3</total>
				<timestamp>572.906706</timestamp>
			</report>
			<report>
				<misses>1594001</misses>
				<total>3</total>
				<timestamp>573.266364</timestamp>
			</report>
			<report>
				<misses>1595001</misses>
				<total>4</total>
				<timestamp>573.626084</timestamp>
			</report>
			<report>
				<misses>1596001</misses>
				<total>4</total>
				<timestamp>573.985611</timestamp>
			</report>
			<report>
				<misses>1597001</misses>
				<total>4</total>
				<timestamp>574.345394</timestamp>
			</report>
			<report>
				<misses>1598001</misses>
				<total>4</total>
				<timestamp>574.704929</timestamp>
			</report>
			<report>
				<misses>1599001</misses>
				<total>4</total>
				<timestamp>575.064527</timestamp>
			</report>
			<report>
				<misses>1600001</misses>
				<total>4</total>
				<timestamp>575.424234</timestamp>
			</report>
			<report>
				<misses>1601001</misses>
				<total>4</total>
				<timestamp>575.783819</timestamp>
			</report>
			<report>
				<misses>1602001</misses>
				<total>4</total>
				<timestamp>576.143457</timestamp>
			</report>
			<report>
				<misses>1603001</misses>
				<total>4</total>
				<timestamp>576.503203</timestamp>
			</report>
			<report>
				<misses>1604001</misses>
				<total>4</total>
				<timestamp>576.862889</timestamp>
			</report>
			<report>
				<misses>1605001</misses>
				<total>4</total>
				<timestamp>577.222450</timestamp>
			</report>
			<report>
				<misses>1606001</misses>
				<total>4</total>
				<timestamp>577.582055</timestamp>
			</report>
			<report>
				<misses>1607001</misses>
				<total>4</total>
				<timestamp>577.941698</timestamp>
			</report>
			<report>
				<misses>1608001</misses>
				<total>4</total>
				<timestamp>578.301349</timestamp>
			</report>
			<report>
				<misses>1609001</misses>
				<total>4</total>
				<timestamp>578.660938</timestamp>
			</report>
			<report>
				<misses>1610001</misses>
				<total>4</total>
				<timestamp>579.020629</timestamp>
			</report>
			<report>
				<misses>1611001</misses>
				<total>4</total>
				<timestamp>579.380283</timestamp>
			</report>
			<report>
				<misses>1612001</misses>
				<total>4</total>
				<timestamp>579.739886</timestamp>
			</report>
			<report>
				<misses>1613001</misses>
				<total>4</total>
				<timestamp>580.099542</timestamp>
			</report>
			<report>
				<misses>1614001</misses>
				<total>4</total>
				<timestamp>580.459134</timestamp>
			</report>
			<report>
				<misses>1615001</misses>
				<total>4</total>
				<timestamp>580.818806</timestamp>
			</report>
			<report>
				<misses>1616001</misses>
				<total>4</total>
				<timestamp>581.178459</timestamp>
			</report>
			<report>
				<misses>1617001</misses>
				<total>4</total>
				<timestamp>581.538110</timestamp>
			</report>
			<report>
				<misses>1618001</misses>
				<total>4</total>
				<timestamp>581.897706</timestamp>
			</report>
			<report>
				<misses>1619001</misses>
				<total>4</total>
				<timestamp>582.257350</timestamp>
			</report>
			<report>
				<misses>1620001</misses>
				<total>4</total>
				<timestamp>582.617057</timestamp>
			</report>
			<report>
				<misses>1621001</misses>
				<total>4</total>
				<timestamp>582.976625</timestamp>
			</report>
			<report>
				<misses>1622001</misses>
				<total>4</total>
				<timestamp>583.336260</timestamp>
			</report>
			<report>
				<misses>1623001</misses>
				<total>4</total>
				<timestamp>583.695890</timestamp>
			</report>
			<report>
				<misses>1624001</misses>
				<total>4</total>
				<timestamp>584.055538</timestamp>
			</report>
			<report>
				<misses>1625001</misses>
				<total>4</total>
				<timestamp>584.415250</timestamp>
			</report>
			<report>
				<misses>1626001</misses>
				<total>4</total>
				<timestamp>584.774850</timestamp>
			</report>
			<report>
				<misses>1627001</misses>
				<total>4</total>
				<timestamp>585.134449</timestamp>
			</report>
			<report>
				<misses>1628001</misses>
				<total>4</total>
				<timestamp>585.494160</timestamp>
			</report>
			<report>
				<misses>1629001</misses>
				<total>4</total>
				<timestamp>585.853776</timestamp>
			</report>
			<report>
				<misses>1630001</misses>
				<total>4</total>
				<timestamp>586.213463</timestamp>
			</report>
			<report>
				<misses>1631001</misses>
				<total>4</total>
				<timestamp>586.573044</timestamp>
			</report>
			<report>
				<misses>1632001</misses>
				<total>4</total>
				<timestamp>586.932644</timestamp>
			</report>
			<report>
				<misses>1633001</misses>
				<total>4</total>
				<timestamp>587.292295</timestamp>
			</report>
			<report>
				<misses>1634001</misses>
				<total>4</total>
				<timestamp>587.651951</timestamp>
			</report>
			<report>
				<misses>1635001</misses>
				<total>4</total>
				<timestamp>588.011576</timestamp>
			</report>
			<report>
				<misses>1636001</misses>
				<total>4</total>
				<timestamp>588.371246</timestamp>
			</report>
			<report>
				<misses>1637001</misses>
				<total>4</total>
				<timestamp>588.730957</timestamp>
			</report>
			<report>
				<misses>1638001</misses>
				<total>4</total>
				<timestamp>589.090489</timestamp>
			</report>
			<report>
				<misses>1639001</misses>
				<total>4</total>
				<timestamp>589.450172</timestamp>
			</report>
			<report>
				<misses>1640001</misses>
				<total>4</total>
				<timestamp>589.809768</timestamp>
			</report>
			<report>
				<misses>1641001</misses>
				<total>4</total>
				<timestamp>590.169521</timestamp>
			</report>
			<report>
				<misses>1642001</misses>
				<total>4</total>
				<timestamp>590.529095</timestamp>
			</report>
			<report>
				<misses>1643001</misses>
				<total>4</total>
				<timestamp>590.888740</timestamp>
			</report>
			<report>
				<misses>1644001</misses>
				<total>4</total>
				<timestamp>591.248389</timestamp>
			</report>
			<report>
				<misses>1645001</misses>
				<total>4</total>
				<timestamp>591.608073</timestamp>
			</report>
			<report>
				<misses>1646001</misses>
				<total>4</total>
				<timestamp>591.967620</timestamp>
			</report>
			<report>
				<misses>1647001</misses>
				<total>4</total>
				<timestamp>592.327257</timestamp>
			</report>
			<report>
				<misses>1648001</misses>
				<total>4</total>
				<timestamp>592.686925</timestamp>
			</report>
			<report>
				<misses>1649001</misses>
				<total>4</total>
				<timestamp>593.046535</timestamp>
			</report>
			<report>
				<misses>1650001</misses>
				<total>4</total>
				<timestamp>593.406205</timestamp>
			</report>
			<report>
				<misses>1651001</misses>
				<total>4</total>
				<timestamp>593.765848</timestamp>
			</report>
			<report>
				<misses>1652001</misses>
				<total>4</total>
				<timestamp>594.125466</timestamp>
			</report>
			<report>
				<misses>1653001</misses>
				<total>4</total>
				<timestamp>594.485110</timestamp>
			</report>
			<report>
				<misses>1654001</misses>
				<total>4</total>
				<timestamp>594.844744</timestamp>
			</report>
			<report>
				<misses>1655001</misses>
				<total>4</total>
				<timestamp>595.204403</timestamp>
			</report>
			<report>
				<misses>1656001</misses>
				<total>4</total>
				<timestamp>595.564022</timestamp>
			</report>
			<report>
				<misses>1657001</misses>
				<total>4</total>
				<timestamp>595.923721</timestamp>
			</report>
			<report>
				<misses>1658001</misses>
				<total>4</total>
				<timestamp>596.283352</timestamp>
			</report>
			<report>
				<misses>1659001</misses>
				<total>4</total>
				<timestamp>596.642938</timestamp>
			</report>
			<report>
				<misses>1660001</misses>
				<total>4</total>
				<timestamp>597.002595</timestamp>
			</report>
			<report>
				<misses>1661001</misses>
				<total>4</total>
				<timestamp>597.362203</timestamp>
			</report>
			<report>
				<misses>1662001</misses>
				<total>4</total>
				<timestamp>597.721926</timestamp>
			</report>
			<report>
				<misses>1663001</misses>
				<total>4</total>
				<timestamp>598.081516</timestamp>
			</report>
			<report>
				<misses>1664001</misses>
				<total>4</total>
				<timestamp>598.441150</timestamp>
			</report>
			<report>
				<misses>1665001</misses>
				<total>4</total>
				<timestamp>598.800823</timestamp>
			</report>
			<report>
				<misses>1666001</misses>
				<total>4</total>
				<timestamp>599.160470</timestamp>
			</report>
			<report>
				<misses>1667001</misses>
				<total>4</total>
				<timestamp>599.520106</timestamp>
			</report>
			<report>
				<misses>1668001</misses>
				<total>4</total>
				<timestamp>599.879790</timestamp>
			</report>
			<report>
				<misses>1669001</misses>
				<total>4</total>
				<timestamp>600.239387</timestamp>
			</report>
			<report>
				<misses>1670001</misses>
				<total>4</total>
				<timestamp>600.599030</timestamp>
			</report>
			<report>
				<misses>1671001</misses>
				<total>4</total>
				<timestamp>600.958603</timestamp>
			</report>
			<report>
				<misses>1672001</misses>
				<total>4</total>
				<timestamp>601.318274</timestamp>
			</report>
			<report>
				<misses>1673001</misses>
				<total>4</total>
				<timestamp>601.677930</timestamp>
			</report>
			<report>
				<misses>1674001</misses>
				<total>4</total>
				<timestamp>602.037568</timestamp>
			</report>
			<report>
				<misses>1675001</misses>
				<total>4</total>
				<timestamp>602.397162</timestamp>
			</report>
			<report>
				<misses>1676001</misses>
				<total>4</total>
				<timestamp>602.756828</timestamp>
			</report>
			<report>
				<misses>1677001</misses>
				<total>4</total>
				<timestamp>603.116527</timestamp>
			</report>
			<report>
				<misses>1678001</misses>
				<total>4</total>
				<timestamp>603.476225</timestamp>
			</report>
			<report>
				<misses>1679001</misses>
				<total>4</total>
				<timestamp>603.835725</timestamp>
			</report>
			<report>
				<misses>1680001</misses>
				<total>4</total>
				<timestamp>604.195370</timestamp>
			</report>
			<report>
				<misses>1681001</misses>
				<total>4</total>
				<timestamp>604.555042</timestamp>
			</report>
			<report>
				<misses>1682001</misses>
				<total>4</total>
				<timestamp>604.914654</timestamp>
			</report>
			<report>
				<misses>1683001</misses>
				<total>4</total>
				<timestamp>605.274302</timestamp>
			</report>
			<report>
				<misses>1684001</misses>
				<total>4</total>
				<timestamp>605.633953</timestamp>
			</report>
			<report>
				<misses>1685001</misses>
				<total>4</total>
				<timestamp>605.993640</timestamp>
			</report>
			<report>
				<misses>1686001</misses>
				<total>4</total>
				<timestamp>606.353235</timestamp>
			</report>
			<report>
				<misses>1687001</misses>
				<total>4</total>
				<timestamp>606.712987</timestamp>
			</report>
			<report>
				<misses>1688001</misses>
				<total>4</total>
				<timestamp>607.072573</timestamp>
			</report>
			<report>
				<misses>1689001</misses>
				<total>4</total>
				<timestamp>607.432175</timestamp>
			</report>
			<report>
				<misses>1690001</misses>
				<total>4</total>
				<timestamp>607.791780</timestamp>
			</report>
			<report>
				<misses>1691001</misses>
				<total>4</total>
				<timestamp>608.151459</timestamp>
			</report>
			<report>
				<misses>1692001</misses>
				<total>4</total>
				<timestamp>608.511062</timestamp>
			</report>
			<report>
				<misses>1693001</misses>
				<total>4</total>
				<timestamp>608.870740</timestamp>
			</report>
			<report>
				<misses>1694001</misses>
				<total>4</total>
				<timestamp>609.230391</timestamp>
			</report>
			<report>
				<misses>1695001</misses>
				<total>4</total>
				<timestamp>609.590060</timestamp>
			</report>
			<report>
				<misses>1696001</misses>
				<total>4</total>
				<timestamp>609.949686</timestamp>
			</report>
			<report>
				<misses>1697001</misses>
				<total>4</total>
				<timestamp>610.309279</timestamp>
			</report>
			<report>
				<misses>1698001</misses>
				<total>4</total>
				<timestamp>610.668960</timestamp>
			</report>
			<report>
				<misses>1699001</misses>
				<total>4</total>
				<timestamp>611.028571</timestamp>
			</report>
			<report>
				<misses>1700001</misses>
				<total>4</total>
				<timestamp>611.388213</timestamp>
			</report>
			<report>
				<misses>1701001</misses>
				<total>4</total>
				<timestamp>611.747908</timestamp>
			</report>
			<report>
				<misses>1702001</misses>
				<total>4</total>
				<timestamp>612.107531</timestamp>
			</report>
			<report>
				<misses>1703001</misses>
				<total>4</total>
				<timestamp>612.467161</timestamp>
			</report>
			<report>
				<misses>1704001</misses>
				<total>4</total>
				<timestamp>612.826778</timestamp>
			</report>
			<report>
				<misses>1705001</misses>
				<total>4</total>
				<timestamp>613.186432</timestamp>
			</report>
			<report>
				<misses>1706001</misses>
				<total>4</total>
				<timestamp>613.546045</timestamp>
			</report>
			<report>
				<misses>1707001</misses>
				<total>4</total>
				<timestamp>613.905715</timestamp>
			</report>
			<report>
				<misses>1708001</misses>
				<total>4</total>
				<timestamp>614.265316</timestamp>
			</report>
			<report>
				<misses>1709001</misses>
				<total>4</total>
				<timestamp>614.624952</timestamp>
			</report>
			<report>
				<misses>1710001</misses>
				<total>4</total>
				<timestamp>614.984585</timestamp>
			</report>
			<report>
				<misses>1711001</misses>
				<total>4</total>
				<timestamp>615.344217</timestamp>
			</report>
			<report>
				<misses>1712001</misses>
				<total>4</total>
				<timestamp>615.703919</timestamp>
			</report>
			<report>
				<misses>1713001</misses>
				<total>4</total>
				<timestamp>616.063552</timestamp>
			</report>
			<report>
				<misses>1714001</misses>
				<total>4</total>
				<timestamp>616.423226</timestamp>
			</report>
			<report>
				<misses>1715001</misses>
				<total>4</total>
				<timestamp>616.782793</timestamp>
			</report>
			<report>
				<misses>1716001</misses>
				<total>4</total>
				<timestamp>617.142412</timestamp>
			</report>
			<report>
				<misses>1717001</misses>
				<total>4</total>
				<timestamp>617.502055</timestamp>
			</report>
			<report>
				<misses>1718001</misses>
				<total>4</total>
				<timestamp>617.861730</timestamp>
			</report>
			<report>
				<misses>1719001</misses>
				<total>4</total>
				<timestamp>618.221330</timestamp>
			</report>
			<report>
				<misses>1720001</misses>
				<total>4</total>
				<timestamp>618.581026</timestamp>
			</report>
			<report>
				<misses>1721001</misses>
				<total>4</total>
				<timestamp>618.940658</timestamp>
			</report>
			<report>
				<misses>1722001</misses>
				<total>4</total>
				<timestamp>619.300329</timestamp>
			</report>
			<report>
				<misses>1723001</misses>
				<total>4</total>
				<timestamp>619.659930</timestamp>
			</report>
			<report>
				<misses>1724001</misses>
				<total>4</total>
				<timestamp>620.019571</timestamp>
			</report>
			<report>
				<misses>1725001</misses>
				<total>4</total>
				<timestamp>620.379199</timestamp>
			</report>
			<report>
				<misses>1726001</misses>
				<total>4</total>
				<timestamp>620.738888</timestamp>
			</report>
			<report>
				<misses>1727001</misses>
				<total>4</total>
				<timestamp>621.098498</timestamp>
			</report>
			<report>
				<misses>1728001</misses>
				<total>4</total>
				<timestamp>621.458106</timestamp>
			</report>
			<report>
				<misses>1729001</misses>
				<total>4</total>
				<timestamp>621.817743</timestamp>
			</report>
			<report>
				<misses>1730001</misses>
				<total>4</total>
				<timestamp>622.177404</timestamp>
			</report>
			<report>
				<misses>1731001</misses>
				<total>4</total>
				<timestamp>622.537083</timestamp>
			</report>
			<report>
				<misses>1732001</misses>
				<total>4</total>
				<timestamp>622.896655</timestamp>
			</report>
			<report>
				<misses>1733001</misses>
				<total>4</total>
				<timestamp>623.256317</timestamp>
			</report>
			<report>
				<misses>1734001</misses>
				<total>4</total>
				<timestamp>623.615970</timestamp>
			</report>
			<report>
				<misses>1735001</misses>
				<total>4</total>
				<timestamp>623.975581</timestamp>
			</report>
			<report>
				<misses>1736001</misses>
				<total>4</total>
				<timestamp>624.335221</timestamp>
			</report>
			<report>
				<misses>1737001</misses>
				<total>4</total>
				<timestamp>624.694866</timestamp>
			</report>
			<report>
				<misses>1738001</misses>
				<total>4</total>
				<timestamp>625.054493</timestamp>
			</report>
			<report>
				<misses>1739001</misses>
				<total>4</total>
				<timestamp>625.414142</timestamp>
			</report>
			<report>
				<misses>1740001</misses>
				<total>4</total>
				<timestamp>625.773778</timestamp>
			</report>
			<report>
				<misses>1741001</misses>
				<total>4</total>
				<timestamp>626.133437</timestamp>
			</report>
			<report>
				<misses>1742001</misses>
				<total>4</total>
				<timestamp>626.493114</timestamp>
			</report>
			<report>
				<misses>1743001</misses>
				<total>4</total>
				<timestamp>626.852698</timestamp>
			</report>
			<report>
				<misses>1744001</misses>
				<total>4</total>
				<timestamp>627.212454</timestamp>
			</report>
			<report>
				<misses>1745001</misses>
				<total>4</total>
				<timestamp>627.572034</timestamp>
			</report>
			<report>
				<misses>1746001</misses>
				<total>4</total>
				<timestamp>627.931650</timestamp>
			</report>
			<report>
				<misses>1747001</misses>
				<total>4</total>
				<timestamp>628.291252</timestamp>
			</report>
			<report>
				<misses>1748001</misses>
				<total>4</total>
				<timestamp>628.650910</timestamp>
			</report>
			<report>
				<misses>1749001</misses>
				<total>4</total>
				<timestamp>629.010647</timestamp>
			</report>
			<report>
				<misses>1750001</misses>
				<total>4</total>
				<timestamp>629.370193</timestamp>
			</report>
			<report>
				<misses>1751001</misses>
				<total>4</total>
				<timestamp>629.729841</timestamp>
			</report>
			<report>
				<misses>1752001</misses>
				<total>4</total>
				<timestamp>630.089456</timestamp>
			</report>
			<report>
				<misses>1753001</misses>
				<total>4</total>
				<timestamp>630.449162</timestamp>
			</report>
			<report>
				<misses>1754001</misses>
				<total>4</total>
				<timestamp>630.808776</timestamp>
			</report>
			<report>
				<misses>1755001</misses>
				<total>4</total>
				<timestamp>631.168374</timestamp>
			</report>
			<report>
				<misses>1756001</misses>
				<total>4</total>
				<timestamp>631.528016</timestamp>
			</report>
			<report>
				<misses>1757001</misses>
				<total>4</total>
				<timestamp>631.887669</timestamp>
			</report>
			<report>
				<misses>1758001</misses>
				<total>4</total>
				<timestamp>632.247296</timestamp>
			</report>
			<report>
				<misses>1759001</misses>
				<total>4</total>
				<timestamp>632.606945</timestamp>
			</report>
			<report>
				<misses>1760001</misses>
				<total>4</total>
				<timestamp>632.966587</timestamp>
			</report>
			<report>
				<misses>1761001</misses>
				<total>4</total>
				<timestamp>633.326229</timestamp>
			</report>
			<report>
				<misses>1762001</misses>
				<total>4</total>
				<timestamp>633.685947</timestamp>
			</report>
			<report>
				<misses>1763001</misses>
				<total>4</total>
				<timestamp>634.045495</timestamp>
			</report>
			<report>
				<misses>1764001</misses>
				<total>4</total>
				<timestamp>634.405167</timestamp>
			</report>
			<report>
				<misses>1765001</misses>
				<total>4</total>
				<timestamp>634.764840</timestamp>
			</report>
			<report>
				<misses>1766001</misses>
				<total>4</total>
				<timestamp>635.124428</timestamp>
			</report>
			<report>
				<misses>1767001</misses>
				<total>4</total>
				<timestamp>635.484171</timestamp>
			</report>
			<report>
				<misses>1768001</misses>
				<total>4</total>
				<timestamp>635.843702</timestamp>
			</report>
			<report>
				<misses>1769001</misses>
				<total>4</total>
				<timestamp>636.203364</timestamp>
			</report>
			<report>
				<misses>1770001</misses>
				<total>4</total>
				<timestamp>636.562984</timestamp>
			</report>
			<report>
				<misses>1771001</misses>
				<total>4</total>
				<timestamp>636.922661</timestamp>
			</report>
			<report>
				<misses>1772001</misses>
				<total>4</total>
				<timestamp>637.282266</timestamp>
			</report>
			<report>
				<misses>1773001</misses>
				<total>4</total>
				<timestamp>637.641962</timestamp>
			</report>
			<report>
				<misses>1774001</misses>
				<total>4</total>
				<timestamp>638.001553</timestamp>
			</report>
			<report>
				<misses>1775001</misses>
				<total>4</total>
				<timestamp>638.361257</timestamp>
			</report>
			<report>
				<misses>1776001</misses>
				<total>4</total>
				<timestamp>638.720844</timestamp>
			</report>
			<report>
				<misses>1777001</misses>
				<total>4</total>
				<timestamp>639.080479</timestamp>
			</report>
			<report>
				<misses>1778001</misses>
				<total>4</total>
				<timestamp>639.440132</timestamp>
			</report>
			<report>
				<misses>1779001</misses>
				<total>4</total>
				<timestamp>639.799739</timestamp>
			</report>
			<report>
				<misses>1780001</misses>
				<total>4</total>
				<timestamp>640.159384</timestamp>
			</report>
			<report>
				<misses>1781001</misses>
				<total>4</total>
				<timestamp>640.519057</timestamp>
			</report>
			<report>
				<misses>1782001</misses>
				<total>4</total>
				<timestamp>640.878696</timestamp>
			</report>
			<report>
				<misses>1783001</misses>
				<total>4</total>
				<timestamp>641.238370</timestamp>
			</report>
			<report>
				<misses>1784001</misses>
				<total>4</total>
				<timestamp>641.597925</timestamp>
			</report>
			<report>
				<misses>1785001</misses>
				<total>4</total>
				<timestamp>641.957668</timestamp>
			</report>
			<report>
				<misses>1786001</misses>
				<total>4</total>
				<timestamp>642.317234</timestamp>
			</report>
			<report>
				<misses>1787001</misses>
				<total>4</total>
				<timestamp>642.676954</timestamp>
			</report>
			<report>
				<misses>1788001</misses>
				<total>4</total>
				<timestamp>643.036504</timestamp>
			</report>
			<report>
				<misses>1789001</misses>
				<total>4</total>
				<timestamp>643.396203</timestamp>
			</report>
			<report>
				<misses>1790001</misses>
				<total>4</total>
				<timestamp>643.755878</timestamp>
			</report>
			<report>
				<misses>1791001</misses>
				<total>4</total>
				<timestamp>644.115411</timestamp>
			</report>
			<report>
				<misses>1792001</misses>
				<total>4</total>
				<timestamp>644.475136</timestamp>
			</report>
			<report>
				<misses>1793001</misses>
				<total>4</total>
				<timestamp>644.834757</timestamp>
			</report>
			<report>
				<misses>1794001</misses>
				<total>4</total>
				<timestamp>645.194420</timestamp>
			</report>
			<report>
				<misses>1795001</misses>
				<total>4</total>
				<timestamp>645.554027</timestamp>
			</report>
			<report>
				<misses>1796001</misses>
				<total>4</total>
				<timestamp>645.913630</timestamp>
			</report>
			<report>
				<misses>1797001</misses>
				<total>4</total>
				<timestamp>646.273322</timestamp>
			</report>
			<report>
				<misses>1798001</misses>
				<total>4</total>
				<timestamp>646.632939</timestamp>
			</report>
			<report>
				<misses>1799001</misses>
				<total>4</total>
				<timestamp>646.992550</timestamp>
			</report>
			<report>
				<misses>1800001</misses>
				<total>4</total>
				<timestamp>647.352218</timestamp>
			</report>
			<report>
				<misses>1801001</misses>
				<total>4</total>
				<timestamp>647.711844</timestamp>
			</report>
			<report>
				<misses>1802001</misses>
				<total>4</total>
				<timestamp>648.071465</timestamp>
			</report>
			<report>
				<misses>1803001</misses>
				<total>4</total>
				<timestamp>648.431100</timestamp>
			</report>
			<report>
				<misses>1804001</misses>
				<total>4</total>
				<timestamp>648.790779</timestamp>
			</report>
			<report>
				<misses>1805001</misses>
				<total>4</total>
				<timestamp>649.150371</timestamp>
			</report>
			<report>
				<misses>1806001</misses>
				<total>4</total>
				<timestamp>649.510119</timestamp>
			</report>
			<report>
				<misses>1807001</misses>
				<total>4</total>
				<timestamp>649.869811</timestamp>
			</report>
			<report>
				<misses>1808001</misses>
				<total>4</total>
				<timestamp>650.229382</timestamp>
			</report>
			<report>
				<misses>1809001</misses>
				<total>4</total>
				<timestamp>650.588932</timestamp>
			</report>
			<report>
				<misses>1810001</misses>
				<total>4</total>
				<timestamp>650.948607</timestamp>
			</report>
			<report>
				<misses>1811001</misses>
				<total>4</total>
				<timestamp>651.308256</timestamp>
			</report>
			<report>
				<misses>1812001</misses>
				<total>4</total>
				<timestamp>651.667859</timestamp>
			</report>
			<report>
				<misses>1813001</misses>
				<total>4</total>
				<timestamp>652.027525</timestamp>
			</report>
			<report>
				<misses>1814001</misses>
				<total>4</total>
				<timestamp>652.387170</timestamp>
			</report>
			<report>
				<misses>1815001</misses>
				<total>4</total>
				<timestamp>652.746804</timestamp>
			</report>
			<report>
				<misses>1816001</misses>
				<total>4</total>
				<timestamp>653.106420</timestamp>
			</report>
			<report>
				<misses>1817001</misses>
				<total>4</total>
				<timestamp>653.466093</timestamp>
			</report>
			<report>
				<misses>1818001</misses>
				<total>4</total>
				<timestamp>653.825703</timestamp>
			</report>
			<report>
				<misses>1819001</misses>
				<total>4</total>
				<timestamp>654.185390</timestamp>
			</report>
			<report>
				<misses>1820001</misses>
				<total>4</total>
				<timestamp>654.544995</timestamp>
			</report>
			<report>
				<misses>1821001</misses>
				<total>4</total>
				<timestamp>654.904658</timestamp>
			</report>
			<report>
				<misses>1822001</misses>
				<total>4</total>
				<timestamp>655.264259</timestamp>
			</report>
			<report>
				<misses>1823001</misses>
				<total>4</total>
				<timestamp>655.623905</timestamp>
			</report>
			<report>
				<misses>1824001</misses>
				<total>4</total>
				<timestamp>655.983538</timestamp>
			</report>
			<report>
				<misses>1825001</misses>
				<total>4</total>
				<timestamp>656.343243</timestamp>
			</report>
			<report>
				<misses>1826001</misses>
				<total>4</total>
				<timestamp>656.702833</timestamp>
			</report>
			<report>
				<misses>1827001</misses>
				<total>4</total>
				<timestamp>657.062526</timestamp>
			</report>
			<report>
				<misses>1828001</misses>
				<total>4</total>
				<timestamp>657.422144</timestamp>
			</report>
			<report>
				<misses>1829001</misses>
				<total>4</total>
				<timestamp>657.781761</timestamp>
			</report>
			<report>
				<misses>1830001</misses>
				<total>4</total>
				<timestamp>658.141395</timestamp>
			</report>
			<report>
				<misses>1831001</misses>
				<total>4</total>
				<timestamp>658.501064</timestamp>
			</report>
			<report>
				<misses>1832001</misses>
				<total>4</total>
				<timestamp>658.860651</timestamp>
			</report>
			<report>
				<misses>1833001</misses>
				<total>4</total>
				<timestamp>659.220397</timestamp>
			</report>
			<report>
				<misses>1834001</misses>
				<total>4</total>
				<timestamp>659.579987</timestamp>
			</report>
			<report>
				<misses>1835001</misses>
				<total>4</total>
				<timestamp>659.939616</timestamp>
			</report>
			<report>
				<misses>1836001</misses>
				<total>4</total>
				<timestamp>660.299220</timestamp>
			</report>
			<report>
				<misses>1837001</misses>
				<total>4</total>
				<timestamp>660.658848</timestamp>
			</report>
			<report>
				<misses>1838001</misses>
				<total>4</total>
				<timestamp>661.018508</timestamp>
			</report>
			<report>
				<misses>1839001</misses>
				<total>4</total>
				<timestamp>661.378179</timestamp>
			</report>
			<report>
				<misses>1840001</misses>
				<total>4</total>
				<timestamp>661.737789</timestamp>
			</report>
			<report>
				<misses>1841001</misses>
				<total>4</total>
				<timestamp>662.097475</timestamp>
			</report>
			<report>
				<misses>1842001</misses>
				<total>4</total>
				<timestamp>662.457093</timestamp>
			</report>
			<report>
				<misses>1843001</misses>
				<total>4</total>
				<timestamp>662.816728</timestamp>
			</report>
			<report>
				<misses>1844001</misses>
				<total>4</total>
				<timestamp>663.176331</timestamp>
			</report>
			<report>
				<misses>1845001</misses>
				<total>4</total>
				<timestamp>663.535990</timestamp>
			</report>
			<report>
				<misses>1846001</misses>
				<total>4</total>
				<timestamp>663.895608</timestamp>
			</report>
			<report>
				<misses>1847001</misses>
				<total>4</total>
				<timestamp>664.255273</timestamp>
			</report>
			<report>
				<misses>1848001</misses>
				<total>4</total>
				<timestamp>664.614894</timestamp>
			</report>
			<report>
				<misses>1849001</misses>
				<total>4</total>
				<timestamp>664.974599</timestamp>
			</report>
			<report>
				<misses>1850001</misses>
				<total>4</total>
				<timestamp>665.334212</timestamp>
			</report>
			<report>
				<misses>1851001</misses>
				<total>4</total>
				<timestamp>665.693820</timestamp>
			</report>
			<report>
				<misses>1852001</misses>
				<total>4</total>
				<timestamp>666.053515</timestamp>
			</report>
			<report>
				<misses>1853001</misses>
				<total>4</total>
				<timestamp>666.413151</timestamp>
			</report>
			<report>
				<misses>1854001</misses>
				<total>4</total>
				<timestamp>666.772750</timestamp>
			</report>
			<report>
				<misses>1855001</misses>
				<total>4</total>
				<timestamp>667.132360</timestamp>
			</report>
			<report>
				<misses>1856001</misses>
				<total>4</total>
				<timestamp>667.492064</timestamp>
			</report>
			<report>
				<misses>1857001</misses>
				<total>4</total>
				<timestamp>667.851735</timestamp>
			</report>
			<report>
				<misses>1858001</misses>
				<total>4</total>
				<timestamp>668.211349</timestamp>
			</report>
			<report>
				<misses>1859001</misses>
				<total>4</total>
				<timestamp>668.570998</timestamp>
			</report>
			<report>
				<misses>1860001</misses>
				<total>4</total>
				<timestamp>668.930577</timestamp>
			</report>
			<report>
				<misses>1861001</misses>
				<total>4</total>
				<timestamp>669.290273</timestamp>
			</report>
			<report>
				<misses>1862001</misses>
				<total>4</total>
				<timestamp>669.649890</timestamp>
			</report>
			<report>
				<misses>1863001</misses>
				<total>4</total>
				<timestamp>670.009525</timestamp>
			</report>
			<report>
				<misses>1864001</misses>
				<total>4</total>
				<timestamp>670.369180</timestamp>
			</report>
			<report>
				<misses>1865001</misses>
				<total>4</total>
				<timestamp>670.728787</timestamp>
			</report>
			<report>
				<misses>1866001</misses>
				<total>4</total>
				<timestamp>671.088457</timestamp>
			</report>
			<report>
				<misses>1867001</misses>
				<total>4</total>
				<timestamp>671.448125</timestamp>
			</report>
			<report>
				<misses>1868001</misses>
				<total>4</total>
				<timestamp>671.807731</timestamp>
			</report>
			<report>
				<misses>1869001</misses>
				<total>4</total>
				<timestamp>672.167389</timestamp>
			</report>
			<report>
				<misses>1870001</misses>
				<total>4</total>
				<timestamp>672.527095</timestamp>
			</report>
			<report>
				<misses>1871001</misses>
				<total>4</total>
				<timestamp>672.886625</timestamp>
			</report>
			<report>
				<misses>1872001</misses>
				<total>4</total>
				<timestamp>673.246310</timestamp>
			</report>
			<report>
				<misses>1873001</misses>
				<total>4</total>
				<timestamp>673.605934</timestamp>
			</report>
			<report>
				<misses>1874001</misses>
				<total>4</total>
				<timestamp>673.965598</timestamp>
			</report>
			<report>
				<misses>1875001</misses>
				<total>4</total>
				<timestamp>674.325192</timestamp>
			</report>
			<report>
				<misses>1876001</misses>
				<total>4</total>
				<timestamp>674.684864</timestamp>
			</report>
			<report>
				<misses>1877001</misses>
				<total>4</total>
				<timestamp>675.044485</timestamp>
			</report>
			<report>
				<misses>1878001</misses>
				<total>4</total>
				<timestamp>675.404219</timestamp>
			</report>
			<report>
				<misses>1879001</misses>
				<total>4</total>
				<timestamp>675.763780</timestamp>
			</report>
			<report>
				<misses>1880001</misses>
				<total>4</total>
				<timestamp>676.123390</timestamp>
			</report>
			<report>
				<misses>1881001</misses>
				<total>4</total>
				<timestamp>676.483057</timestamp>
			</report>
			<report>
				<misses>1882001</misses>
				<total>4</total>
				<timestamp>676.842716</timestamp>
			</report>
			<report>
				<misses>1883001</misses>
				<total>4</total>
				<timestamp>677.202302</timestamp>
			</report>
			<report>
				<misses>1884001</misses>
				<total>4</total>
				<timestamp>677.561949</timestamp>
			</report>
			<report>
				<misses>1885001</misses>
				<total>4</total>
				<timestamp>677.921632</timestamp>
			</report>
			<report>
				<misses>1886001</misses>
				<total>4</total>
				<timestamp>678.281213</timestamp>
			</report>
			<report>
				<misses>1887001</misses>
				<total>4</total>
				<timestamp>678.640869</timestamp>
			</report>
			<report>
				<misses>1888001</misses>
				<total>4</total>
				<timestamp>679.000547</timestamp>
			</report>
			<report>
				<misses>1889001</misses>
				<total>4</total>
				<timestamp>679.360178</timestamp>
			</report>
			<report>
				<misses>1890001</misses>
				<total>4</total>
				<timestamp>679.719776</timestamp>
			</report>
			<report>
				<misses>1891001</misses>
				<total>4</total>
				<timestamp>680.079447</timestamp>
			</report>
			<report>
				<misses>1892001</misses>
				<total>4</total>
				<timestamp>680.439095</timestamp>
			</report>
			<report>
				<misses>1893001</misses>
				<total>4</total>
				<timestamp>680.798755</timestamp>
			</report>
			<report>
				<misses>1894001</misses>
				<total>4</total>
				<timestamp>681.158390</timestamp>
			</report>
			<report>
				<misses>1895001</misses>
				<total>4</total>
				<timestamp>681.518005</timestamp>
			</report>
			<report>
				<misses>1896001</misses>
				<total>4</total>
				<timestamp>681.877649</timestamp>
			</report>
			<report>
				<misses>1897001</misses>
				<total>4</total>
				<timestamp>682.237309</timestamp>
			</report>
			<report>
				<misses>1898001</misses>
				<total>4</total>
				<timestamp>682.596909</timestamp>
			</report>
			<report>
				<misses>1899001</misses>
				<total>4</total>
				<timestamp>682.956524</timestamp>
			</report>
			<report>
				<misses>1900001</misses>
				<total>4</total>
				<timestamp>683.316207</timestamp>
			</report>
			<report>
				<misses>1901001</misses>
				<total>4</total>
				<timestamp>683.675827</timestamp>
			</report>
			<report>
				<misses>1902001</misses>
				<total>4</total>
				<timestamp>684.035492</timestamp>
			</report>
			<report>
				<misses>1903001</misses>
				<total>4</total>
				<timestamp>684.395122</timestamp>
			</report>
			<report>
				<misses>1904001</misses>
				<total>4</total>
				<timestamp>684.754753</timestamp>
			</report>
			<report>
				<misses>1905001</misses>
				<total>4</total>
				<timestamp>685.114380</timestamp>
			</report>
			<report>
				<misses>1906001</misses>
				<total>4</total>
				<timestamp>685.474061</timestamp>
			</report>
			<report>
				<misses>1907001</misses>
				<total>4</total>
				<timestamp>685.833665</timestamp>
			</report>
			<report>
				<misses>1908001</misses>
				<total>4</total>
				<timestamp>686.193287</timestamp>
			</report>
			<report>
				<misses>1909001</misses>
				<total>4</total>
				<timestamp>686.552997</timestamp>
			</report>
			<report>
				<misses>1910001</misses>
				<total>4</total>
				<timestamp>686.912597</timestamp>
			</report>
			<report>
				<misses>1911001</misses>
				<total>4</total>
				<timestamp>687.272284</timestamp>
			</report>
			<report>
				<misses>1912001</misses>
				<total>4</total>
				<timestamp>687.631884</timestamp>
			</report>
			<report>
				<misses>1913001</misses>
				<total>4</total>
				<timestamp>687.991496</timestamp>
			</report>
			<report>
				<misses>1914001</misses>
				<total>4</total>
				<timestamp>688.351148</timestamp>
			</report>
			<report>
				<misses>1915001</misses>
				<total>4</total>
				<timestamp>688.710813</timestamp>
			</report>
			<report>
				<misses>1916001</misses>
				<total>4</total>
				<timestamp>689.070427</timestamp>
			</report>
			<report>
				<misses>1917001</misses>
				<total>4</total>
				<timestamp>689.430080</timestamp>
			</report>
			<report>
				<misses>1918001</misses>
				<total>4</total>
				<timestamp>689.789733</timestamp>
			</report>
			<report>
				<misses>1919001</misses>
				<total>4</total>
				<timestamp>690.149382</timestamp>
			</report>
			<report>
				<misses>1920001</misses>
				<total>4</total>
				<timestamp>690.508981</timestamp>
			</report>
			<report>
				<misses>1921001</misses>
				<total>4</total>
				<timestamp>690.868639</timestamp>
			</report>
			<report>
				<misses>1922001</misses>
				<total>4</total>
				<timestamp>691.228241</timestamp>
			</report>
			<report>
				<misses>1923001</misses>
				<total>4</total>
				<timestamp>691.587885</timestamp>
			</report>
			<report>
				<misses>1924001</misses>
				<total>4</total>
				<timestamp>691.947568</timestamp>
			</report>
			<report>
				<misses>1925001</misses>
				<total>4</total>
				<timestamp>692.307240</timestamp>
			</report>
			<report>
				<misses>1926001</misses>
				<total>4</total>
				<timestamp>692.666870</timestamp>
			</report>
			<report>
				<misses>1927001</misses>
				<total>4</total>
				<timestamp>693.026509</timestamp>
			</report>
			<report>
				<misses>1928001</misses>
				<total>4</total>
				<timestamp>693.386124</timestamp>
			</report>
			<report>
				<misses>1929001</misses>
				<total>4</total>
				<timestamp>693.745784</timestamp>
			</report>
			<report>
				<misses>1930001</misses>
				<total>4</total>
				<timestamp>694.105404</timestamp>
			</report>
			<report>
				<misses>1931001</misses>
				<total>4</total>
				<timestamp>694.465072</timestamp>
			</report>
			<report>
				<misses>1932001</misses>
				<total>4</total>
				<timestamp>694.824682</timestamp>
			</report>
			<report>
				<misses>1933001</misses>
				<total>4</total>
				<timestamp>695.184383</timestamp>
			</report>
			<report>
				<misses>1934001</misses>
				<total>4</total>
				<timestamp>695.544043</timestamp>
			</report>
			<report>
				<misses>1935001</misses>
				<total>4</total>
				<timestamp>695.903580</timestamp>
			</report>
			<report>
				<misses>1936001</misses>
				<total>4</total>
				<timestamp>696.263209</timestamp>
			</report>
			<report>
				<misses>1937001</misses>
				<total>4</total>
				<timestamp>696.622927</timestamp>
			</report>
			<report>
				<misses>1938001</misses>
				<total>4</total>
				<timestamp>696.982532</timestamp>
			</report>
			<report>
				<misses>1939001</misses>
				<total>4</total>
				<timestamp>697.342249</timestamp>
			</report>
			<report>
				<misses>1940001</misses>
				<total>4</total>
				<timestamp>697.701768</timestamp>
			</report>
			<report>
				<misses>1941001</misses>
				<total>4</total>
				<timestamp>698.061528</timestamp>
			</report>
			<report>
				<misses>1942001</misses>
				<total>4</total>
				<timestamp>698.421137</timestamp>
			</report>
			<report>
				<misses>1943001</misses>
				<total>4</total>
				<timestamp>698.780705</timestamp>
			</report>
			<report>
				<misses>1944001</misses>
				<total>4</total>
				<timestamp>699.140468</timestamp>
			</report>
			<report>
				<misses>1945001</misses>
				<total>4</total>
				<timestamp>699.499980</timestamp>
			</report>
			<report>
				<misses>1946001</misses>
				<total>4</total>
				<timestamp>699.859608</timestamp>
			</report>
			<report>
				<misses>1947001</misses>
				<total>4</total>
				<timestamp>700.219305</timestamp>
			</report>
			<report>
				<misses>1948001</misses>
				<total>4</total>
				<timestamp>700.578916</timestamp>
			</report>
			<report>
				<misses>1949001</misses>
				<total>4</total>
				<timestamp>700.938543</timestamp>
			</report>
			<report>
				<misses>1950001</misses>
				<total>4</total>
				<timestamp>701.298177</timestamp>
			</report>
			<report>
				<misses>1951001</misses>
				<total>4</total>
				<timestamp>701.657854</timestamp>
			</report>
			<report>
				<misses>1952001</misses>
				<total>4</total>
				<timestamp>702.017465</timestamp>
			</report>
			<report>
				<misses>1953001</misses>
				<total>4</total>
				<timestamp>702.377227</timestamp>
			</report>
			<report>
				<misses>1954001</misses>
				<total>4</total>
				<timestamp>702.736728</timestamp>
			</report>
			<report>
				<misses>1955001</misses>
				<total>4</total>
				<timestamp>703.096433</timestamp>
			</report>
			<report>
				<misses>1956001</misses>
				<total>4</total>
				<timestamp>703.456044</timestamp>
			</report>
			<report>
				<misses>1957001</misses>
				<total>4</total>
				<timestamp>703.815685</timestamp>
			</report>
			<report>
				<misses>1958001</misses>
				<total>4</total>
				<timestamp>704.175362</timestamp>
			</report>
			<report>
				<misses>1959001</misses>
				<total>4</total>
				<timestamp>704.535023</timestamp>
			</report>
			<report>
				<misses>1960001</misses>
				<total>4</total>
				<timestamp>704.894584</timestamp>
			</report>
			<report>
				<misses>1961001</misses>
				<total>4</total>
				<timestamp>705.254226</timestamp>
			</report>
			<report>
				<misses>1962001</misses>
				<total>4</total>
				<timestamp>705.613891</timestamp>
			</report>
			<report>
				<misses>1963001</misses>
				<total>4</total>
				<timestamp>705.973544</timestamp>
			</report>
			<report>
				<misses>1964001</misses>
				<total>4</total>
				<timestamp>706.333161</timestamp>
			</report>
			<report>
				<misses>1965001</misses>
				<total>4</total>
				<timestamp>706.692813</timestamp>
			</report>
			<report>
				<misses>1966001</misses>
				<total>4</total>
				<timestamp>707.052498</timestamp>
			</report>
			<report>
				<misses>1967001</misses>
				<total>4</total>
				<timestamp>707.412062</timestamp>
			</report>
			<report>
				<misses>1968001</misses>
				<total>4</total>
				<timestamp>707.771690</timestamp>
			</report>
			<report>
				<misses>1969001</misses>
				<total>4</total>
				<timestamp>708.131365</timestamp>
			</report>
			<report>
				<misses>1970001</misses>
				<total>4</total>
				<timestamp>708.491049</timestamp>
			</report>
			<report>
				<misses>1971001</misses>
				<total>4</total>
				<timestamp>708.850612</timestamp>
			</report>
			<report>
				<misses>1972001</misses>
				<total>4</total>
				<timestamp>709.210300</timestamp>
			</report>
			<report>
				<misses>1973001</misses>
				<total>4</total>
				<timestamp>709.569907</timestamp>
			</report>
			<report>
				<misses>1974001</misses>
				<total>4</total>
				<timestamp>709.929566</timestamp>
			</report>
			<report>
				<misses>1975001</misses>
				<total>4</total>
				<timestamp>710.289176</timestamp>
			</report>
			<report>
				<misses>1976001</misses>
				<total>4</total>
				<timestamp>710.648866</timestamp>
			</report>
			<report>
				<misses>1977001</misses>
				<total>4</total>
				<timestamp>711.008527</timestamp>
			</report>
			<report>
				<misses>1978001</misses>
				<total>4</total>
				<timestamp>711.368132</timestamp>
			</report>
			<report>
				<misses>1979001</misses>
				<total>4</total>
				<timestamp>711.727740</timestamp>
			</report>
			<report>
				<misses>1980001</misses>
				<total>4</total>
				<timestamp>712.087372</timestamp>
			</report>
			<report>
				<misses>1981001</misses>
				<total>4</total>
				<timestamp>712.447054</timestamp>
			</report>
			<report>
				<misses>1982001</misses>
				<total>4</total>
				<timestamp>712.806662</timestamp>
			</report>
			<report>
				<misses>1983001</misses>
				<total>4</total>
				<timestamp>713.166350</timestamp>
			</report>
			<report>
				<misses>1984001</misses>
				<total>4</total>
				<timestamp>713.526004</timestamp>
			</report>
			<report>
				<misses>1985001</misses>
				<total>4</total>
				<timestamp>713.885614</timestamp>
			</report>
			<report>
				<misses>1986001</misses>
				<total>4</total>
				<timestamp>714.245241</timestamp>
			</report>
			<report>
				<misses>1987001</misses>
				<total>4</total>
				<timestamp>714.604880</timestamp>
			</report>
			<report>
				<misses>1988001</misses>
				<total>4</total>
				<timestamp>714.964506</timestamp>
			</report>
			<report>
				<misses>1989001</misses>
				<total>4</total>
				<timestamp>715.324143</timestamp>
			</report>
			<report>
				<misses>1990001</misses>
				<total>4</total>
				<timestamp>715.683811</timestamp>
			</report>
			<report>
				<misses>1991001</misses>
				<total>4</total>
				<timestamp>716.043455</timestamp>
			</report>
			<report>
				<misses>1992001</misses>
				<total>4</total>
				<timestamp>716.403070</timestamp>
			</report>
			<report>
				<misses>1993001</misses>
				<total>4</total>
				<timestamp>716.762738</timestamp>
			</report>
			<report>
				<misses>1994001</misses>
				<total>4</total>
				<timestamp>717.122347</timestamp>
			</report>
			<report>
				<misses>1995001</misses>
				<total>4</total>
				<timestamp>717.482033</timestamp>
			</report>
			<report>
				<misses>1996001</misses>
				<total>4</total>
				<timestamp>717.841605</timestamp>
			</report>
			<report>
				<misses>1997001</misses>
				<total>4</total>
				<timestamp>718.201326</timestamp>
			</report>
			<report>
				<misses>1998001</misses>
				<total>4</total>
				<timestamp>718.560982</timestamp>
			</report>
			<report>
				<misses>1999001</misses>
				<total>4</total>
				<timestamp>718.920557</timestamp>
			</report>
			<report>
				<misses>2000001</misses>
				<total>4</total>
				<timestamp>719.280217</timestamp>
			</report>
			<report>
				<misses>2001001</misses>
				<total>4</total>
				<timestamp>719.639807</timestamp>
			</report>
			<report>
				<misses>2002001</misses>
				<total>4</total>
				<timestamp>719.999451</timestamp>
			</report>
			<report>
				<misses>2003001</misses>
				<total>4</total>
				<timestamp>720.359134</timestamp>
			</report>
			<report>
				<misses>2004001</misses>
				<total>4</total>
				<timestamp>720.718780</timestamp>
			</report>
			<report>
				<misses>2005001</misses>
				<total>4</total>
				<timestamp>721.078405</timestamp>
			</report>
			<report>
				<misses>2006001</misses>
				<total>4</total>
				<timestamp>721.438032</timestamp>
			</report>
			<report>
				<misses>2007001</misses>
				<total>4</total>
				<timestamp>721.797734</timestamp>
			</report>
			<report>
				<misses>2008001</misses>
				<total>4</total>
				<timestamp>722.157369</timestamp>
			</report>
			<report>
				<misses>2009001</misses>
				<total>4</total>
				<timestamp>722.516938</timestamp>
			</report>
			<report>
				<misses>2010001</misses>
				<total>4</total>
				<timestamp>722.876644</timestamp>
			</report>
			<report>
				<misses>2011001</misses>
				<total>4</total>
				<timestamp>723.236307</timestamp>
			</report>
			<report>
				<misses>2012001</misses>
				<total>4</total>
				<timestamp>723.595870</timestamp>
			</report>
			<report>
				<misses>2013001</misses>
				<total>4</total>
				<timestamp>723.955504</timestamp>
			</report>
			<report>
				<misses>2014001</misses>
				<total>4</total>
				<timestamp>724.315232</timestamp>
			</report>
			<report>
				<misses>2015001</misses>
				<total>4</total>
				<timestamp>724.674778</timestamp>
			</report>
			<report>
				<misses>2016001</misses>
				<total>4</total>
				<timestamp>725.034447</timestamp>
			</report>
			<report>
				<misses>2017001</misses>
				<total>4</total>
				<timestamp>725.394055</timestamp>
			</report>
			<report>
				<misses>2018001</misses>
				<total>4</total>
				<timestamp>725.753690</timestamp>
			</report>
			<report>
				<misses>2019001</misses>
				<total>4</total>
				<timestamp>726.113351</timestamp>
			</report>
			<report>
				<misses>2020001</misses>
				<total>4</total>
				<timestamp>726.473069</timestamp>
			</report>
			<report>
				<misses>2021001</misses>
				<total>4</total>
				<timestamp>726.832619</timestamp>
			</report>
			<report>
				<misses>2022001</misses>
				<total>4</total>
				<timestamp>727.192286</timestamp>
			</report>
			<report>
				<misses>2023001</misses>
				<total>4</total>
				<timestamp>727.551897</timestamp>
			</report>
			<report>
				<misses>2024001</misses>
				<total>4</total>
				<timestamp>727.911632</timestamp>
			</report>
			<report>
				<misses>2025001</misses>
				<total>4</total>
				<timestamp>728.271254</timestamp>
			</report>
			<report>
				<misses>2026001</misses>
				<total>4</total>
				<timestamp>728.630807</timestamp>
			</report>
			<report>
				<misses>2027001</misses>
				<total>4</total>
				<timestamp>728.990462</timestamp>
			</report>
			<report>
				<misses>2028001</misses>
				<total>4</total>
				<timestamp>729.350098</timestamp>
			</report>
			<report>
				<misses>2029001</misses>
				<total>4</total>
				<timestamp>729.709777</timestamp>
			</report>
			<report>
				<misses>2030001</misses>
				<total>4</total>
				<timestamp>730.069440</timestamp>
			</report>
			<report>
				<misses>2031001</misses>
				<total>4</total>
				<timestamp>730.429022</timestamp>
			</report>
			<report>
				<misses>2032001</misses>
				<total>4</total>
				<timestamp>730.788655</timestamp>
			</report>
			<report>
				<misses>2033001</misses>
				<total>4</total>
				<timestamp>731.148305</timestamp>
			</report>
			<report>
				<misses>2034001</misses>
				<total>4</total>
				<timestamp>731.507947</timestamp>
			</report>
			<report>
				<misses>2035001</misses>
				<total>4</total>
				<timestamp>731.867572</timestamp>
			</report>
			<report>
				<misses>2036001</misses>
				<total>4</total>
				<timestamp>732.227283</timestamp>
			</report>
			<report>
				<misses>2037001</misses>
				<total>4</total>
				<timestamp>732.586858</timestamp>
			</report>
			<report>
				<misses>2038001</misses>
				<total>4</total>
				<timestamp>732.946487</timestamp>
			</report>
			<report>
				<misses>2039001</misses>
				<total>4</total>
				<timestamp>733.306291</timestamp>
			</report>
			<report>
				<misses>2040001</misses>
				<total>4</total>
				<timestamp>733.665787</timestamp>
			</report>
			<report>
				<misses>2041001</misses>
				<total>4</total>
				<timestamp>734.025418</timestamp>
			</report>
			<report>
				<misses>2042001</misses>
				<total>4</total>
				<timestamp>734.385122</timestamp>
			</report>
			<report>
				<misses>2043001</misses>
				<total>4</total>
				<timestamp>734.744703</timestamp>
			</report>
			<report>
				<misses>2044001</misses>
				<total>4</total>
				<timestamp>735.104413</timestamp>
			</report>
			<report>
				<misses>2045001</misses>
				<total>4</total>
				<timestamp>735.464038</timestamp>
			</report>
			<report>
				<misses>2046001</misses>
				<total>4</total>
				<timestamp>735.823615</timestamp>
			</report>
			<report>
				<misses>2047001</misses>
				<total>4</total>
				<timestamp>736.183278</timestamp>
			</report>
			<report>
				<misses>2048001</misses>
				<total>4</total>
				<timestamp>736.542963</timestamp>
			</report>
			<report>
				<misses>2049001</misses>
				<total>4</total>
				<timestamp>736.902546</timestamp>
			</report>
			<report>
				<misses>2050001</misses>
				<total>4</total>
				<timestamp>737.262236</timestamp>
			</report>
			<report>
				<misses>2051001</misses>
				<total>4</total>
				<timestamp>737.621851</timestamp>
			</report>
			<report>
				<misses>2052001</misses>
				<total>4</total>
				<timestamp>737.981503</timestamp>
			</report>
			<report>
				<misses>2053001</misses>
				<total>4</total>
				<timestamp>738.341264</timestamp>
			</report>
			<report>
				<misses>2054001</misses>
				<total>4</total>
				<timestamp>738.700780</timestamp>
			</report>
			<report>
				<misses>2055001</misses>
				<total>4</total>
				<timestamp>739.060375</timestamp>
			</report>
			<report>
				<misses>2056001</misses>
				<total>4</total>
				<timestamp>739.420083</timestamp>
			</report>
			<report>
				<misses>2057001</misses>
				<total>4</total>
				<timestamp>739.779702</timestamp>
			</report>
			<report>
				<misses>2058001</misses>
				<total>4</total>
				<timestamp>740.139373</timestamp>
			</report>
			<report>
				<misses>2059001</misses>
				<total>4</total>
				<timestamp>740.498973</timestamp>
			</report>
			<report>
				<misses>2060001</misses>
				<total>4</total>
				<timestamp>740.858580</timestamp>
			</report>
			<report>
				<misses>2061001</misses>
				<total>4</total>
				<timestamp>741.218262</timestamp>
			</report>
			<report>
				<misses>2062001</misses>
				<total>4</total>
				<timestamp>741.577878</timestamp>
			</report>
			<report>
				<misses>2063001</misses>
				<total>4</total>
				<timestamp>741.937576</timestamp>
			</report>
			<report>
				<misses>2064001</misses>
				<total>4</total>
				<timestamp>742.297253</timestamp>
			</report>
			<report>
				<misses>2065001</misses>
				<total>4</total>
				<timestamp>742.656780</timestamp>
			</report>
			<report>
				<misses>2066001</misses>
				<total>4</total>
				<timestamp>743.016421</timestamp>
			</report>
			<report>
				<misses>2067001</misses>
				<total>4</total>
				<timestamp>743.376124</timestamp>
			</report>
			<report>
				<misses>2068001</misses>
				<total>4</total>
				<timestamp>743.735774</timestamp>
			</report>
			<report>
				<misses>2069001</misses>
				<total>4</total>
				<timestamp>744.095410</timestamp>
			</report>
			<report>
				<misses>2070001</misses>
				<total>4</total>
				<timestamp>744.455129</timestamp>
			</report>
			<report>
				<misses>2071001</misses>
				<total>4</total>
				<timestamp>744.814621</timestamp>
			</report>
			<report>
				<misses>2072001</misses>
				<total>4</total>
				<timestamp>745.174303</timestamp>
			</report>
			<report>
				<misses>2073001</misses>
				<total>4</total>
				<timestamp>745.533897</timestamp>
			</report>
			<report>
				<misses>2074001</misses>
				<total>4</total>
				<timestamp>745.893562</timestamp>
			</report>
			<report>
				<misses>2075001</misses>
				<total>4</total>
				<timestamp>746.253199</timestamp>
			</report>
			<report>
				<misses>2076001</misses>
				<total>4</total>
				<timestamp>746.612823</timestamp>
			</report>
			<report>
				<misses>2077001</misses>
				<total>4</total>
				<timestamp>746.972455</timestamp>
			</report>
			<report>
				<misses>2078001</misses>
				<total>4</total>
				<timestamp>747.332108</timestamp>
			</report>
			<report>
				<misses>2079001</misses>
				<total>4</total>
				<timestamp>747.691763</timestamp>
			</report>
			<report>
				<misses>2080001</misses>
				<total>4</total>
				<timestamp>748.051379</timestamp>
			</report>
			<report>
				<misses>2081001</misses>
				<total>4</total>
				<timestamp>748.411101</timestamp>
			</report>
			<report>
				<misses>2082001</misses>
				<total>4</total>
				<timestamp>748.770726</timestamp>
			</report>
			<report>
				<misses>2083001</misses>
				<total>4</total>
				<timestamp>749.130293</timestamp>
			</report>
			<report>
				<misses>2084001</misses>
				<total>4</total>
				<timestamp>749.489951</timestamp>
			</report>
			<report>
				<misses>2085001</misses>
				<total>4</total>
				<timestamp>749.849601</timestamp>
			</report>
			<report>
				<misses>2086001</misses>
				<total>4</total>
				<timestamp>750.209252</timestamp>
			</report>
			<report>
				<misses>2087001</misses>
				<total>4</total>
				<timestamp>750.568880</timestamp>
			</report>
			<report>
				<misses>2088001</misses>
				<total>4</total>
				<timestamp>750.928536</timestamp>
			</report>
			<report>
				<misses>2089001</misses>
				<total>4</total>
				<timestamp>751.288174</timestamp>
			</report>
			<report>
				<misses>2090001</misses>
				<total>4</total>
				<timestamp>751.647818</timestamp>
			</report>
			<report>
				<misses>2091001</misses>
				<total>4</total>
				<timestamp>752.007458</timestamp>
			</report>
			<report>
				<misses>2092001</misses>
				<total>4</total>
				<timestamp>752.367079</timestamp>
			</report>
			<report>
				<misses>2093001</misses>
				<total>4</total>
				<timestamp>752.726769</timestamp>
			</report>
			<report>
				<misses>2094001</misses>
				<total>4</total>
				<timestamp>753.086357</timestamp>
			</report>
			<report>
				<misses>2095001</misses>
				<total>4</total>
				<timestamp>753.446065</timestamp>
			</report>
			<report>
				<misses>2096001</misses>
				<total>4</total>
				<timestamp>753.805645</timestamp>
			</report>
			<report>
				<misses>2097001</misses>
				<total>4</total>
				<timestamp>754.165265</timestamp>
			</report>
			<report>
				<misses>2098001</misses>
				<total>4</total>
				<timestamp>754.524890</timestamp>
			</report>
			<report>
				<misses>2099001</misses>
				<total>4</total>
				<timestamp>754.884554</timestamp>
			</report>
			<report>
				<misses>2100001</misses>
				<total>4</total>
				<timestamp>755.244180</timestamp>
			</report>
			<report>
				<misses>2101001</misses>
				<total>4</total>
				<timestamp>755.603852</timestamp>
			</report>
			<report>
				<misses>2102001</misses>
				<total>4</total>
				<timestamp>755.963450</timestamp>
			</report>
			<report>
				<misses>2103001</misses>
				<total>4</total>
				<timestamp>756.323131</timestamp>
			</report>
			<report>
				<misses>2104001</misses>
				<total>4</total>
				<timestamp>756.682753</timestamp>
			</report>
			<report>
				<misses>2105001</misses>
				<total>4</total>
				<timestamp>757.042374</timestamp>
			</report>
			<report>
				<misses>2106001</misses>
				<total>4</total>
				<timestamp>757.402085</timestamp>
			</report>
			<report>
				<misses>2107001</misses>
				<total>4</total>
				<timestamp>757.761670</timestamp>
			</report>
			<report>
				<misses>2108001</misses>
				<total>4</total>
				<timestamp>758.121283</timestamp>
			</report>
			<report>
				<misses>2109001</misses>
				<total>4</total>
				<timestamp>758.480959</timestamp>
			</report>
			<report>
				<misses>2110001</misses>
				<total>4</total>
				<timestamp>758.840630</timestamp>
			</report>
			<report>
				<misses>2111001</misses>
				<total>4</total>
				<timestamp>759.200216</timestamp>
			</report>
			<report>
				<misses>2112001</misses>
				<total>4</total>
				<timestamp>759.559885</timestamp>
			</report>
			<report>
				<misses>2113001</misses>
				<total>4</total>
				<timestamp>759.919515</timestamp>
			</report>
			<report>
				<misses>2114001</misses>
				<total>4</total>
				<timestamp>760.279232</timestamp>
			</report>
			<report>
				<misses>2115001</misses>
				<total>4</total>
				<timestamp>760.638817</timestamp>
			</report>
			<report>
				<misses>2116001</misses>
				<total>4</total>
				<timestamp>760.998450</timestamp>
			</report>
			<report>
				<misses>2117001</misses>
				<total>4</total>
				<timestamp>761.358058</timestamp>
			</report>
			<report>
				<misses>2118001</misses>
				<total>3</total>
				<timestamp>761.717834</timestamp>
			</report>
			<report>
				<misses>2119001</misses>
				<total>4</total>
				<timestamp>762.077329</timestamp>
			</report>
			<report>
				<misses>2120001</misses>
				<total>4</total>
				<timestamp>762.437023</timestamp>
			</report>
			<report>
				<misses>2121001</misses>
				<total>4</total>
				<timestamp>762.796682</timestamp>
			</report>
			<report>
				<misses>2122001</misses>
				<total>4</total>
				<timestamp>763.156299</timestamp>
			</report>
			<report>
				<misses>2123001</misses>
				<total>4</total>
				<timestamp>763.515903</timestamp>
			</report>
			<report>
				<misses>2124001</misses>
				<total>4</total>
				<timestamp>763.875585</timestamp>
			</report>
			<report>
				<misses>2125001</misses>
				<total>4</total>
				<timestamp>764.235235</timestamp>
			</report>
			<report>
				<misses>2126001</misses>
				<total>4</total>
				<timestamp>764.594806</timestamp>
			</report>
			<report>
				<misses>2127001</misses>
				<total>4</total>
				<timestamp>764.954525</timestamp>
			</report>
			<report>
				<misses>2128001</misses>
				<total>4</total>
				<timestamp>765.314167</timestamp>
			</report>
			<report>
				<misses>2129001</misses>
				<total>4</total>
				<timestamp>765.673762</timestamp>
			</report>
			<report>
				<misses>2130001</misses>
				<total>4</total>
				<timestamp>766.033363</timestamp>
			</report>
			<report>
				<misses>2131001</misses>
				<total>4</total>
				<timestamp>766.393032</timestamp>
			</report>
			<report>
				<misses>2132001</misses>
				<total>4</total>
				<timestamp>766.752662</timestamp>
			</report>
			<report>
				<misses>2133001</misses>
				<total>4</total>
				<timestamp>767.112330</timestamp>
			</report>
			<report>
				<misses>2134001</misses>
				<total>4</total>
				<timestamp>767.472001</timestamp>
			</report>
			<report>
				<misses>2135001</misses>
				<total>4</total>
				<timestamp>767.831625</timestamp>
			</report>
			<report>
				<misses>2136001</misses>
				<total>4</total>
				<timestamp>768.191267</timestamp>
			</report>
			<report>
				<misses>2137001</misses>
				<total>4</total>
				<timestamp>768.550869</timestamp>
			</report>
			<report>
				<misses>2138001</misses>
				<total>4</total>
				<timestamp>768.910501</timestamp>
			</report>
			<report>
				<misses>2139001</misses>
				<total>4</total>
				<timestamp>769.270207</timestamp>
			</report>
			<report>
				<misses>2140001</misses>
				<total>4</total>
				<timestamp>769.629808</timestamp>
			</report>
			<report>
				<misses>2141001</misses>
				<total>4</total>
				<timestamp>769.989416</timestamp>
			</report>
			<report>
				<misses>2142001</misses>
				<total>4</total>
				<timestamp>770.349102</timestamp>
			</report>
			<report>
				<misses>2143001</misses>
				<total>4</total>
				<timestamp>770.708705</timestamp>
			</report>
			<report>
				<misses>2144001</misses>
				<total>4</total>
				<timestamp>771.068385</timestamp>
			</report>
			<report>
				<misses>2145001</misses>
				<total>4</total>
				<timestamp>771.428064</timestamp>
			</report>
			<report>
				<misses>2146001</misses>
				<total>4</total>
				<timestamp>771.787621</timestamp>
			</report>
			<report>
				<misses>2147001</misses>
				<total>4</total>
				<timestamp>772.147257</timestamp>
			</report>
			<report>
				<misses>2148001</misses>
				<total>4</total>
				<timestamp>772.506916</timestamp>
			</report>
			<report>
				<misses>2149001</misses>
				<total>4</total>
				<timestamp>772.866624</timestamp>
			</report>
			<report>
				<misses>2150001</misses>
				<total>4</total>
				<timestamp>773.226181</timestamp>
			</report>
			<report>
				<misses>2151001</misses>
				<total>4</total>
				<timestamp>773.585836</timestamp>
			</report>
			<report>
				<misses>2152001</misses>
				<total>4</total>
				<timestamp>773.945473</timestamp>
			</report>
			<report>
				<misses>2153001</misses>
				<total>4</total>
				<timestamp>774.305125</timestamp>
			</report>
			<report>
				<misses>2154001</misses>
				<total>4</total>
				<timestamp>774.664735</timestamp>
			</report>
			<report>
				<misses>2155001</misses>
				<total>4</total>
				<timestamp>775.024424</timestamp>
			</report>
			<report>
				<misses>2156001</misses>
				<total>4</total>
				<timestamp>775.384048</timestamp>
			</report>
			<report>
				<misses>2157001</misses>
				<total>4</total>
				<timestamp>775.743673</timestamp>
			</report>
			<report>
				<misses>2158001</misses>
				<total>4</total>
				<timestamp>776.103304</timestamp>
			</report>
			<report>
				<misses>2159001</misses>
				<total>4</total>
				<timestamp>776.462949</timestamp>
			</report>
			<report>
				<misses>2160001</misses>
				<total>4</total>
				<timestamp>776.822571</timestamp>
			</report>
			<report>
				<misses>2161001</misses>
				<total>4</total>
				<timestamp>777.182209</timestamp>
			</report>
			<report>
				<misses>2162001</misses>
				<total>4</total>
				<timestamp>777.541891</timestamp>
			</report>
			<report>
				<misses>2163001</misses>
				<total>4</total>
				<timestamp>777.901654</timestamp>
			</report>
			<report>
				<misses>2164001</misses>
				<total>4</total>
				<timestamp>778.261224</timestamp>
			</report>
			<report>
				<misses>2165001</misses>
				<total>4</total>
				<timestamp>778.620803</timestamp>
			</report>
			<report>
				<misses>2166001</misses>
				<total>4</total>
				<timestamp>778.980452</timestamp>
			</report>
			<report>
				<misses>2167001</misses>
				<total>4</total>
				<timestamp>779.340081</timestamp>
			</report>
			<report>
				<misses>2168001</misses>
				<total>4</total>
				<timestamp>779.699703</timestamp>
			</report>
			<report>
				<misses>2169001</misses>
				<total>4</total>
				<timestamp>780.059353</timestamp>
			</report>
			<report>
				<misses>2170001</misses>
				<total>4</total>
				<timestamp>780.419088</timestamp>
			</report>
			<report>
				<misses>2171001</misses>
				<total>4</total>
				<timestamp>780.778639</timestamp>
			</report>
			<report>
				<misses>2172001</misses>
				<total>4</total>
				<timestamp>781.138280</timestamp>
			</report>
			<report>
				<misses>2173001</misses>
				<total>4</total>
				<timestamp>781.497954</timestamp>
			</report>
			<report>
				<misses>2174001</misses>
				<total>4</total>
				<timestamp>781.857527</timestamp>
			</report>
			<report>
				<misses>2175001</misses>
				<total>4</total>
				<timestamp>782.217186</timestamp>
			</report>
			<report>
				<misses>2176001</misses>
				<total>4</total>
				<timestamp>782.576896</timestamp>
			</report>
			<report>
				<misses>2177001</misses>
				<total>4</total>
				<timestamp>782.936564</timestamp>
			</report>
			<report>
				<misses>2178001</misses>
				<total>4</total>
				<timestamp>783.296104</timestamp>
			</report>
			<report>
				<misses>2179001</misses>
				<total>4</total>
				<timestamp>783.655741</timestamp>
			</report>
			<report>
				<misses>2180001</misses>
				<total>4</total>
				<timestamp>784.015416</timestamp>
			</report>
			<report>
				<misses>2181001</misses>
				<total>4</total>
				<timestamp>784.375129</timestamp>
			</report>
			<report>
				<misses>2182001</misses>
				<total>4</total>
				<timestamp>784.734645</timestamp>
			</report>
			<report>
				<misses>2183001</misses>
				<total>4</total>
				<timestamp>785.094361</timestamp>
			</report>
			<report>
				<misses>2184001</misses>
				<total>4</total>
				<timestamp>785.454005</timestamp>
			</report>
			<report>
				<misses>2185001</misses>
				<total>4</total>
				<timestamp>785.813565</timestamp>
			</report>
			<report>
				<misses>2186001</misses>
				<total>4</total>
				<timestamp>786.173215</timestamp>
			</report>
			<report>
				<misses>2187001</misses>
				<total>4</total>
				<timestamp>786.532870</timestamp>
			</report>
			<report>
				<misses>2188001</misses>
				<total>4</total>
				<timestamp>786.892503</timestamp>
			</report>
			<report>
				<misses>2189001</misses>
				<total>4</total>
				<timestamp>787.252158</timestamp>
			</report>
			<report>
				<misses>2190001</misses>
				<total>4</total>
				<timestamp>787.611866</timestamp>
			</report>
			<report>
				<misses>2191001</misses>
				<total>4</total>
				<timestamp>787.971474</timestamp>
			</report>
			<report>
				<misses>2192001</misses>
				<total>4</total>
				<timestamp>788.331070</timestamp>
			</report>
			<report>
				<misses>2193001</misses>
				<total>4</total>
				<timestamp>788.690718</timestamp>
			</report>
			<report>
				<misses>2194001</misses>
				<total>4</total>
				<timestamp>789.050365</timestamp>
			</report>
			<report>
				<misses>2195001</misses>
				<total>4</total>
				<timestamp>789.410064</timestamp>
			</report>
			<report>
				<misses>2196001</misses>
				<total>4</total>
				<timestamp>789.769700</timestamp>
			</report>
			<report>
				<misses>2197001</misses>
				<total>4</total>
				<timestamp>790.129343</timestamp>
			</report>
			<report>
				<misses>2198001</misses>
				<total>4</total>
				<timestamp>790.488992</timestamp>
			</report>
			<report>
				<misses>2199001</misses>
				<total>4</total>
				<timestamp>790.848530</timestamp>
			</report>
			<report>
				<misses>2200001</misses>
				<total>4</total>
				<timestamp>791.208177</timestamp>
			</report>
			<report>
				<misses>2201001</misses>
				<total>4</total>
				<timestamp>791.567828</timestamp>
			</report>
			<report>
				<misses>2202001</misses>
				<total>4</total>
				<timestamp>791.927446</timestamp>
			</report>
			<report>
				<misses>2203001</misses>
				<total>4</total>
				<timestamp>792.287113</timestamp>
			</report>
			<report>
				<misses>2204001</misses>
				<total>4</total>
				<timestamp>792.646743</timestamp>
			</report>
			<report>
				<misses>2205001</misses>
				<total>4</total>
				<timestamp>793.006422</timestamp>
			</report>
			<report>
				<misses>2206001</misses>
				<total>4</total>
				<timestamp>793.366040</timestamp>
			</report>
			<report>
				<misses>2207001</misses>
				<total>4</total>
				<timestamp>793.725668</timestamp>
			</report>
			<report>
				<misses>2208001</misses>
				<total>4</total>
				<timestamp>794.085291</timestamp>
			</report>
			<report>
				<misses>2209001</misses>
				<total>4</total>
				<timestamp>794.444946</timestamp>
			</report>
			<report>
				<misses>2210001</misses>
				<total>4</total>
				<timestamp>794.804616</timestamp>
			</report>
			<report>
				<misses>2211001</misses>
				<total>4</total>
				<timestamp>795.164224</timestamp>
			</report>
			<report>
				<misses>2212001</misses>
				<total>4</total>
				<timestamp>795.523924</timestamp>
			</report>
			<report>
				<misses>2213001</misses>
				<total>4</total>
				<timestamp>795.883491</timestamp>
			</report>
			<report>
				<misses>2214001</misses>
				<total>4</total>
				<timestamp>796.243144</timestamp>
			</report>
			<report>
				<misses>2215001</misses>
				<total>4</total>
				<timestamp>796.602816</timestamp>
			</report>
			<report>
				<misses>2216001</misses>
				<total>4</total>
				<timestamp>796.962458</timestamp>
			</report>
			<report>
				<misses>2217001</misses>
				<total>4</total>
				<timestamp>797.322151</timestamp>
			</report>
			<report>
				<misses>2218001</misses>
				<total>4</total>
				<timestamp>797.681713</timestamp>
			</report>
			<report>
				<misses>2219001</misses>
				<total>4</total>
				<timestamp>798.041389</timestamp>
			</report>
			<report>
				<misses>2220001</misses>
				<total>4</total>
				<timestamp>798.401006</timestamp>
			</report>
			<report>
				<misses>2221001</misses>
				<total>4</total>
				<timestamp>798.760627</timestamp>
			</report>
			<report>
				<misses>2222001</misses>
				<total>4</total>
				<timestamp>799.120298</timestamp>
			</report>
			<report>
				<misses>2223001</misses>
				<total>4</total>
				<timestamp>799.479950</timestamp>
			</report>
			<report>
				<misses>2224001</misses>
				<total>4</total>
				<timestamp>799.839552</timestamp>
			</report>
			<report>
				<misses>2225001</misses>
				<total>4</total>
				<timestamp>800.199170</timestamp>
			</report>
			<report>
				<misses>2226001</misses>
				<total>4</total>
				<timestamp>800.558940</timestamp>
			</report>
			<report>
				<misses>2227001</misses>
				<total>4</total>
				<timestamp>800.918579</timestamp>
			</report>
			<report>
				<misses>2228001</misses>
				<total>4</total>
				<timestamp>801.278158</timestamp>
			</report>
			<report>
				<misses>2229001</misses>
				<total>4</total>
				<timestamp>801.637783</timestamp>
			</report>
			<report>
				<misses>2230001</misses>
				<total>4</total>
				<timestamp>801.997418</timestamp>
			</report>
			<report>
				<misses>2231001</misses>
				<total>4</total>
				<timestamp>802.357024</timestamp>
			</report>
			<report>
				<misses>2232001</misses>
				<total>4</total>
				<timestamp>802.716681</timestamp>
			</report>
			<report>
				<misses>2233001</misses>
				<total>4</total>
				<timestamp>803.076280</timestamp>
			</report>
			<report>
				<misses>2234001</misses>
				<total>4</total>
				<timestamp>803.436004</timestamp>
			</report>
			<report>
				<misses>2235001</misses>
				<total>4</total>
				<timestamp>803.795681</timestamp>
			</report>
			<report>
				<misses>2236001</misses>
				<total>4</total>
				<timestamp>804.155249</timestamp>
			</report>
			<report>
				<misses>2237001</misses>
				<total>4</total>
				<timestamp>804.514958</timestamp>
			</report>
			<report>
				<misses>2238001</misses>
				<total>4</total>
				<timestamp>804.874503</timestamp>
			</report>
			<report>
				<misses>2239001</misses>
				<total>4</total>
				<timestamp>805.234173</timestamp>
			</report>
			<report>
				<misses>2240001</misses>
				<total>4</total>
				<timestamp>805.593807</timestamp>
			</report>
			<report>
				<misses>2241001</misses>
				<total>4</total>
				<timestamp>805.953472</timestamp>
			</report>
			<report>
				<misses>2242001</misses>
				<total>4</total>
				<timestamp>806.313073</timestamp>
			</report>
			<report>
				<misses>2243001</misses>
				<total>4</total>
				<timestamp>806.672713</timestamp>
			</report>
			<report>
				<misses>2244001</misses>
				<total>4</total>
				<timestamp>807.032372</timestamp>
			</report>
			<report>
				<misses>2245001</misses>
				<total>4</total>
				<timestamp>807.392041</timestamp>
			</report>
			<report>
				<misses>2246001</misses>
				<total>4</total>
				<timestamp>807.751654</timestamp>
			</report>
			<report>
				<misses>2247001</misses>
				<total>4</total>
				<timestamp>808.111271</timestamp>
			</report>
			<report>
				<misses>2248001</misses>
				<total>4</total>
				<timestamp>808.470896</timestamp>
			</report>
			<report>
				<misses>2249001</misses>
				<total>4</total>
				<timestamp>808.830542</timestamp>
			</report>
			<report>
				<misses>2250001</misses>
				<total>4</total>
				<timestamp>809.190229</timestamp>
			</report>
			<report>
				<misses>2251001</misses>
				<total>4</total>
				<timestamp>809.549846</timestamp>
			</report>
			<report>
				<misses>2252001</misses>
				<total>4</total>
				<timestamp>809.909557</timestamp>
			</report>
			<report>
				<misses>2253001</misses>
				<total>4</total>
				<timestamp>810.269147</timestamp>
			</report>
			<report>
				<misses>2254001</misses>
				<total>4</total>
				<timestamp>810.628752</timestamp>
			</report>
			<report>
				<misses>2255001</misses>
				<total>4</total>
				<timestamp>810.988414</timestamp>
			</report>
			<report>
				<misses>2256001</misses>
				<total>4</total>
				<timestamp>811.348023</timestamp>
			</report>
			<report>
				<misses>2257001</misses>
				<total>4</total>
				<timestamp>811.707687</timestamp>
			</report>
			<report>
				<misses>2258001</misses>
				<total>4</total>
				<timestamp>812.067338</timestamp>
			</report>
			<report>
				<misses>2259001</misses>
				<total>4</total>
				<timestamp>812.426941</timestamp>
			</report>
			<report>
				<misses>2260001</misses>
				<total>4</total>
				<timestamp>812.786572</timestamp>
			</report>
			<report>
				<misses>2261001</misses>
				<total>4</total>
				<timestamp>813.146305</timestamp>
			</report>
			<report>
				<misses>2262001</misses>
				<total>4</total>
				<timestamp>813.505866</timestamp>
			</report>
			<report>
				<misses>2263001</misses>
				<total>4</total>
				<timestamp>813.865537</timestamp>
			</report>
			<report>
				<misses>2264001</misses>
				<total>4</total>
				<timestamp>814.225139</timestamp>
			</report>
			<report>
				<misses>2265001</misses>
				<total>4</total>
				<timestamp>814.584850</timestamp>
			</report>
			<report>
				<misses>2266001</misses>
				<total>4</total>
				<timestamp>814.944470</timestamp>
			</report>
			<report>
				<misses>2267001</misses>
				<total>4</total>
				<timestamp>815.304057</timestamp>
			</report>
			<report>
				<misses>2268001</misses>
				<total>4</total>
				<timestamp>815.663751</timestamp>
			</report>
			<report>
				<misses>2269001</misses>
				<total>4</total>
				<timestamp>816.023391</timestamp>
			</report>
			<report>
				<misses>2270001</misses>
				<total>4</total>
				<timestamp>816.383091</timestamp>
			</report>
			<report>
				<misses>2271001</misses>
				<total>4</total>
				<timestamp>816.742738</timestamp>
			</report>
			<report>
				<misses>2272001</misses>
				<total>4</total>
				<timestamp>817.102303</timestamp>
			</report>
			<report>
				<misses>2273001</misses>
				<total>4</total>
				<timestamp>817.461894</timestamp>
			</report>
			<report>
				<misses>2274001</misses>
				<total>4</total>
				<timestamp>817.821595</timestamp>
			</report>
			<report>
				<misses>2275001</misses>
				<total>4</total>
				<timestamp>818.181175</timestamp>
			</report>
			<report>
				<misses>2276001</misses>
				<total>4</total>
				<timestamp>818.540842</timestamp>
			</report>
			<report>
				<misses>2277001</misses>
				<total>4</total>
				<timestamp>818.900562</timestamp>
			</report>
			<report>
				<misses>2278001</misses>
				<total>4</total>
				<timestamp>819.260161</timestamp>
			</report>
			<report>
				<misses>2279001</misses>
				<total>4</total>
				<timestamp>819.619790</timestamp>
			</report>
			<report>
				<misses>2280001</misses>
				<total>4</total>
				<timestamp>819.979425</timestamp>
			</report>
			<report>
				<misses>2281001</misses>
				<total>4</total>
				<timestamp>820.339024</timestamp>
			</report>
			<report>
				<misses>2282001</misses>
				<total>4</total>
				<timestamp>820.698680</timestamp>
			</report>
			<report>
				<misses>2283001</misses>
				<total>4</total>
				<timestamp>821.058314</timestamp>
			</report>
			<report>
				<misses>2284001</misses>
				<total>4</total>
				<timestamp>821.417942</timestamp>
			</report>
			<report>
				<misses>2285001</misses>
				<total>4</total>
				<timestamp>821.777602</timestamp>
			</report>
			<report>
				<misses>2286001</misses>
				<total>4</total>
				<timestamp>822.137233</timestamp>
			</report>
			<report>
				<misses>2287001</misses>
				<total>4</total>
				<timestamp>822.496858</timestamp>
			</report>
			<report>
				<misses>2288001</misses>
				<total>4</total>
				<timestamp>822.856566</timestamp>
			</report>
			<report>
				<misses>2289001</misses>
				<total>4</total>
				<timestamp>823.216220</timestamp>
			</report>
			<report>
				<misses>2290001</misses>
				<total>4</total>
				<timestamp>823.575769</timestamp>
			</report>
			<report>
				<misses>2291001</misses>
				<total>4</total>
				<timestamp>823.935454</timestamp>
			</report>
			<report>
				<misses>2292001</misses>
				<total>4</total>
				<timestamp>824.295118</timestamp>
			</report>
			<report>
				<misses>2293001</misses>
				<total>4</total>
				<timestamp>824.654703</timestamp>
			</report>
			<report>
				<misses>2294001</misses>
				<total>4</total>
				<timestamp>825.014400</timestamp>
			</report>
			<report>
				<misses>2295001</misses>
				<total>4</total>
				<timestamp>825.374044</timestamp>
			</report>
			<report>
				<misses>2296001</misses>
				<total>4</total>
				<timestamp>825.733697</timestamp>
			</report>
			<report>
				<misses>2297001</misses>
				<total>4</total>
				<timestamp>826.093368</timestamp>
			</report>
			<report>
				<misses>2298001</misses>
				<total>4</total>
				<timestamp>826.452938</timestamp>
			</report>
			<report>
				<misses>2299001</misses>
				<total>4</total>
				<timestamp>826.812591</timestamp>
			</report>
			<report>
				<misses>2300001</misses>
				<total>4</total>
				<timestamp>827.172171</timestamp>
			</report>
			<report>
				<misses>2301001</misses>
				<total>4</total>
				<timestamp>827.531840</timestamp>
			</report>
			<report>
				<misses>2302001</misses>
				<total>4</total>
				<timestamp>827.891494</timestamp>
			</report>
			<report>
				<misses>2303001</misses>
				<total>4</total>
				<timestamp>828.251124</timestamp>
			</report>
			<report>
				<misses>2304001</misses>
				<total>4</total>
				<timestamp>828.610737</timestamp>
			</report>
			<report>
				<misses>2305001</misses>
				<total>4</total>
				<timestamp>828.970451</timestamp>
			</report>
			<report>
				<misses>2306001</misses>
				<total>4</total>
				<timestamp>829.330128</timestamp>
			</report>
			<report>
				<misses>2307001</misses>
				<total>4</total>
				<timestamp>829.689872</timestamp>
			</report>
			<report>
				<misses>2308001</misses>
				<total>4</total>
				<timestamp>830.049309</timestamp>
			</report>
			<report>
				<misses>2309001</misses>
				<total>4</total>
				<timestamp>830.408973</timestamp>
			</report>
			<report>
				<misses>2310001</misses>
				<total>4</total>
				<timestamp>830.768567</timestamp>
			</report>
			<report>
				<misses>2311001</misses>
				<total>4</total>
				<timestamp>831.128239</timestamp>
			</report>
			<report>
				<misses>2312001</misses>
				<total>4</total>
				<timestamp>831.487893</timestamp>
			</report>
			<report>
				<misses>2313001</misses>
				<total>4</total>
				<timestamp>831.847539</timestamp>
			</report>
			<report>
				<misses>2314001</misses>
				<total>4</total>
				<timestamp>832.207153</timestamp>
			</report>
			<report>
				<misses>2315001</misses>
				<total>4</total>
				<timestamp>832.566843</timestamp>
			</report>
			<report>
				<misses>2316001</misses>
				<total>4</total>
				<timestamp>832.926463</timestamp>
			</report>
			<report>
				<misses>2317001</misses>
				<total>4</total>
				<timestamp>833.286066</timestamp>
			</report>
			<report>
				<misses>2318001</misses>
				<total>4</total>
				<timestamp>833.645726</timestamp>
			</report>
			<report>
				<misses>2319001</misses>
				<total>4</total>
				<timestamp>834.005404</timestamp>
			</report>
			<report>
				<misses>2320001</misses>
				<total>4</total>
				<timestamp>834.365034</timestamp>
			</report>
			<report>
				<misses>2321001</misses>
				<total>4</total>
				<timestamp>834.724668</timestamp>
			</report>
			<report>
				<misses>2322001</misses>
				<total>4</total>
				<timestamp>835.084320</timestamp>
			</report>
			<report>
				<misses>2323001</misses>
				<total>4</total>
				<timestamp>835.443945</timestamp>
			</report>
			<report>
				<misses>2324001</misses>
				<total>4</total>
				<timestamp>835.803616</timestamp>
			</report>
			<report>
				<misses>2325001</misses>
				<total>4</total>
				<timestamp>836.163213</timestamp>
			</report>
			<report>
				<misses>2326001</misses>
				<total>4</total>
				<timestamp>836.522820</timestamp>
			</report>
			<report>
				<misses>2327001</misses>
				<total>4</total>
				<timestamp>836.882599</timestamp>
			</report>
			<report>
				<misses>2328001</misses>
				<total>4</total>
				<timestamp>837.242125</timestamp>
			</report>
			<report>
				<misses>2329001</misses>
				<total>4</total>
				<timestamp>837.601724</timestamp>
			</report>
			<report>
				<misses>2330001</misses>
				<total>4</total>
				<timestamp>837.961412</timestamp>
			</report>
			<report>
				<misses>2331001</misses>
				<total>4</total>
				<timestamp>838.321034</timestamp>
			</report>
			<report>
				<misses>2332001</misses>
				<total>4</total>
				<timestamp>838.680685</timestamp>
			</report>
			<report>
				<misses>2333001</misses>
				<total>4</total>
				<timestamp>839.040322</timestamp>
			</report>
			<report>
				<misses>2334001</misses>
				<total>4</total>
				<timestamp>839.399965</timestamp>
			</report>
			<report>
				<misses>2335001</misses>
				<total>4</total>
				<timestamp>839.759591</timestamp>
			</report>
			<report>
				<misses>2336001</misses>
				<total>4</total>
				<timestamp>840.119218</timestamp>
			</report>
			<report>
				<misses>2337001</misses>
				<total>4</total>
				<timestamp>840.478867</timestamp>
			</report>
			<report>
				<misses>2338001</misses>
				<total>4</total>
				<timestamp>840.838596</timestamp>
			</report>
			<report>
				<misses>2339001</misses>
				<total>4</total>
				<timestamp>841.198193</timestamp>
			</report>
			<report>
				<misses>2340001</misses>
				<total>4</total>
				<timestamp>841.557773</timestamp>
			</report>
			<report>
				<misses>2341001</misses>
				<total>4</total>
				<timestamp>841.917434</timestamp>
			</report>
			<report>
				<misses>2342001</misses>
				<total>4</total>
				<timestamp>842.277065</timestamp>
			</report>
			<report>
				<misses>2343001</misses>
				<total>4</total>
				<timestamp>842.636702</timestamp>
			</report>
			<report>
				<misses>2344001</misses>
				<total>4</total>
				<timestamp>842.996340</timestamp>
			</report>
			<report>
				<misses>2345001</misses>
				<total>4</total>
				<timestamp>843.355985</timestamp>
			</report>
			<report>
				<misses>2346001</misses>
				<total>4</total>
				<timestamp>843.715658</timestamp>
			</report>
			<report>
				<misses>2347001</misses>
				<total>4</total>
				<timestamp>844.075331</timestamp>
			</report>
			<report>
				<misses>2348001</misses>
				<total>4</total>
				<timestamp>844.434942</timestamp>
			</report>
			<report>
				<misses>2349001</misses>
				<total>4</total>
				<timestamp>844.794541</timestamp>
			</report>
			<report>
				<misses>2350001</misses>
				<total>4</total>
				<timestamp>845.154218</timestamp>
			</report>
			<report>
				<misses>2351001</misses>
				<total>4</total>
				<timestamp>845.513831</timestamp>
			</report>
			<report>
				<misses>2352001</misses>
				<total>4</total>
				<timestamp>845.873547</timestamp>
			</report>
			<report>
				<misses>2353001</misses>
				<total>4</total>
				<timestamp>846.233141</timestamp>
			</report>
			<report>
				<misses>2354001</misses>
				<total>4</total>
				<timestamp>846.592764</timestamp>
			</report>
			<report>
				<misses>2355001</misses>
				<total>4</total>
				<timestamp>846.952409</timestamp>
			</report>
			<report>
				<misses>2356001</misses>
				<total>4</total>
				<timestamp>847.312061</timestamp>
			</report>
			<report>
				<misses>2357001</misses>
				<total>4</total>
				<timestamp>847.671679</timestamp>
			</report>
			<report>
				<misses>2358001</misses>
				<total>4</total>
				<timestamp>848.031378</timestamp>
			</report>
			<report>
				<misses>2359001</misses>
				<total>4</total>
				<timestamp>848.391023</timestamp>
			</report>
			<report>
				<misses>2360001</misses>
				<total>4</total>
				<timestamp>848.750586</timestamp>
			</report>
			<report>
				<misses>2361001</misses>
				<total>4</total>
				<timestamp>849.110236</timestamp>
			</report>
			<report>
				<misses>2362001</misses>
				<total>4</total>
				<timestamp>849.469859</timestamp>
			</report>
			<report>
				<misses>2363001</misses>
				<total>4</total>
				<timestamp>849.829539</timestamp>
			</report>
			<report>
				<misses>2364001</misses>
				<total>4</total>
				<timestamp>850.189160</timestamp>
			</report>
			<report>
				<misses>2365001</misses>
				<total>4</total>
				<timestamp>850.548793</timestamp>
			</report>
			<report>
				<misses>2366001</misses>
				<total>4</total>
				<timestamp>850.908520</timestamp>
			</report>
			<report>
				<misses>2367001</misses>
				<total>4</total>
				<timestamp>851.268086</timestamp>
			</report>
			<report>
				<misses>2368001</misses>
				<total>4</total>
				<timestamp>851.627725</timestamp>
			</report>
			<report>
				<misses>2369001</misses>
				<total>4</total>
				<timestamp>851.987418</timestamp>
			</report>
			<report>
				<misses>2370001</misses>
				<total>4</total>
				<timestamp>852.347049</timestamp>
			</report>
			<report>
				<misses>2371001</misses>
				<total>4</total>
				<timestamp>852.706604</timestamp>
			</report>
			<report>
				<misses>2372001</misses>
				<total>4</total>
				<timestamp>853.066302</timestamp>
			</report>
			<report>
				<misses>2373001</misses>
				<total>4</total>
				<timestamp>853.425894</timestamp>
			</report>
			<report>
				<misses>2374001</misses>
				<total>4</total>
				<timestamp>853.785572</timestamp>
			</report>
			<report>
				<misses>2375001</misses>
				<total>4</total>
				<timestamp>854.145157</timestamp>
			</report>
			<report>
				<misses>2376001</misses>
				<total>4</total>
				<timestamp>854.504812</timestamp>
			</report>
			<report>
				<misses>2377001</misses>
				<total>4</total>
				<timestamp>854.864565</timestamp>
			</report>
			<report>
				<misses>2378001</misses>
				<total>4</total>
				<timestamp>855.224233</timestamp>
			</report>
			<report>
				<misses>2379001</misses>
				<total>4</total>
				<timestamp>855.583744</timestamp>
			</report>
			<report>
				<misses>2380001</misses>
				<total>4</total>
				<timestamp>855.943444</timestamp>
			</report>
			<report>
				<misses>2381001</misses>
				<total>4</total>
				<timestamp>856.303046</timestamp>
			</report>
			<report>
				<misses>2382001</misses>
				<total>4</total>
				<timestamp>856.662723</timestamp>
			</report>
			<report>
				<misses>2383001</misses>
				<total>4</total>
				<timestamp>857.022314</timestamp>
			</report>
			<report>
				<misses>2384001</misses>
				<total>4</total>
				<timestamp>857.381944</timestamp>
			</report>
			<report>
				<misses>2385001</misses>
				<total>4</total>
				<timestamp>857.741644</timestamp>
			</report>
			<report>
				<misses>2386001</misses>
				<total>4</total>
				<timestamp>858.101243</timestamp>
			</report>
			<report>
				<misses>2387001</misses>
				<total>4</total>
				<timestamp>858.460886</timestamp>
			</report>
			<report>
				<misses>2388001</misses>
				<total>4</total>
				<timestamp>858.820528</timestamp>
			</report>
			<report>
				<misses>2389001</misses>
				<total>4</total>
				<timestamp>859.180211</timestamp>
			</report>
			<report>
				<misses>2390001</misses>
				<total>4</total>
				<timestamp>859.539776</timestamp>
			</report>
			<report>
				<misses>2391001</misses>
				<total>4</total>
				<timestamp>859.899528</timestamp>
			</report>
			<report>
				<misses>2392001</misses>
				<total>4</total>
				<timestamp>860.259065</timestamp>
			</report>
			<report>
				<misses>2393001</misses>
				<total>4</total>
				<timestamp>860.618735</timestamp>
			</report>
			<report>
				<misses>2394001</misses>
				<total>4</total>
				<timestamp>860.978410</timestamp>
			</report>
			<report>
				<misses>2395001</misses>
				<total>4</total>
				<timestamp>861.338024</timestamp>
			</report>
			<report>
				<misses>2396001</misses>
				<total>4</total>
				<timestamp>861.697693</timestamp>
			</report>
			<report>
				<misses>2397001</misses>
				<total>4</total>
				<timestamp>862.057289</timestamp>
			</report>
			<report>
				<misses>2398001</misses>
				<total>4</total>
				<timestamp>862.416985</timestamp>
			</report>
			<report>
				<misses>2399001</misses>
				<total>4</total>
				<timestamp>862.776533</timestamp>
			</report>
			<report>
				<misses>2400001</misses>
				<total>4</total>
				<timestamp>863.136267</timestamp>
			</report>
			<report>
				<misses>2401001</misses>
				<total>4</total>
				<timestamp>863.495892</timestamp>
			</report>
			<report>
				<misses>2402001</misses>
				<total>4</total>
				<timestamp>863.855482</timestamp>
			</report>
			<report>
				<misses>2403001</misses>
				<total>4</total>
				<timestamp>864.215180</timestamp>
			</report>
			<report>
				<misses>2404001</misses>
				<total>4</total>
				<timestamp>864.574771</timestamp>
			</report>
			<report>
				<misses>2405001</misses>
				<total>4</total>
				<timestamp>864.934400</timestamp>
			</report>
			<report>
				<misses>2406001</misses>
				<total>4</total>
				<timestamp>865.294018</timestamp>
			</report>
			<report>
				<misses>2407001</misses>
				<total>4</total>
				<timestamp>865.653654</timestamp>
			</report>
			<report>
				<misses>2408001</misses>
				<total>4</total>
				<timestamp>866.013326</timestamp>
			</report>
			<report>
				<misses>2409001</misses>
				<total>4</total>
				<timestamp>866.372936</timestamp>
			</report>
			<report>
				<misses>2410001</misses>
				<total>4</total>
				<timestamp>866.732603</timestamp>
			</report>
			<report>
				<misses>2411001</misses>
				<total>4</total>
				<timestamp>867.092203</timestamp>
			</report>
			<report>
				<misses>2412001</misses>
				<total>4</total>
				<timestamp>867.451863</timestamp>
			</report>
			<report>
				<misses>2413001</misses>
				<total>4</total>
				<timestamp>867.811496</timestamp>
			</report>
			<report>
				<misses>2414001</misses>
				<total>4</total>
				<timestamp>868.171151</timestamp>
			</report>
			<report>
				<misses>2415001</misses>
				<total>5</total>
				<timestamp>868.530777</timestamp>
			</report>
			<report>
				<misses>2416001</misses>
				<total>5</total>
				<timestamp>868.890438</timestamp>
			</report>
			<report>
				<misses>2417001</misses>
				<total>5</total>
				<timestamp>869.250069</timestamp>
			</report>
			<report>
				<misses>2418001</misses>
				<total>5</total>
				<timestamp>869.609748</timestamp>
			</report>
			<report>
				<misses>2419001</misses>
				<total>5</total>
				<timestamp>869.969379</timestamp>
			</report>
			<report>
				<misses>2420001</misses>
				<total>5</total>
				<timestamp>870.329004</timestamp>
			</report>
			<report>
				<misses>2421001</misses>
				<total>5</total>
				<timestamp>870.688632</timestamp>
			</report>
			<report>
				<misses>2422001</misses>
				<total>5</total>
				<timestamp>871.048340</timestamp>
			</report>
			<report>
				<misses>2423001</misses>
				<total>5</total>
				<timestamp>871.407928</timestamp>
			</report>
			<report>
				<misses>2424001</misses>
				<total>5</total>
				<timestamp>871.767552</timestamp>
			</report>
			<report>
				<misses>2425001</misses>
				<total>5</total>
				<timestamp>872.127289</timestamp>
			</report>
			<report>
				<misses>2426001</misses>
				<total>5</total>
				<timestamp>872.486847</timestamp>
			</report>
			<report>
				<misses>2427001</misses>
				<total>5</total>
				<timestamp>872.846500</timestamp>
			</report>
			<report>
				<misses>2428001</misses>
				<total>5</total>
				<timestamp>873.206163</timestamp>
			</report>
			<report>
				<misses>2429001</misses>
				<total>5</total>
				<timestamp>873.565811</timestamp>
			</report>
			<report>
				<misses>2430001</misses>
				<total>5</total>
				<timestamp>873.925390</timestamp>
			</report>
			<report>
				<misses>2431001</misses>
				<total>5</total>
				<timestamp>874.285024</timestamp>
			</report>
			<report>
				<misses>2432001</misses>
				<total>5</total>
				<timestamp>874.644713</timestamp>
			</report>
			<report>
				<misses>2433001</misses>
				<total>5</total>
				<timestamp>875.004377</timestamp>
			</report>
			<report>
				<misses>2434001</misses>
				<total>5</total>
				<timestamp>875.363952</timestamp>
			</report>
			<report>
				<misses>2435001</misses>
				<total>5</total>
				<timestamp>875.723658</timestamp>
			</report>
			<report>
				<misses>2436001</misses>
				<total>5</total>
				<timestamp>876.083203</timestamp>
			</report>
			<report>
				<misses>2437001</misses>
				<total>5</total>
				<timestamp>876.442906</timestamp>
			</report>
			<report>
				<misses>2438001</misses>
				<total>5</total>
				<timestamp>876.802482</timestamp>
			</report>
			<report>
				<misses>2439001</misses>
				<total>5</total>
				<timestamp>877.162229</timestamp>
			</report>
			<report>
				<misses>2440001</misses>
				<total>5</total>
				<timestamp>877.521776</timestamp>
			</report>
			<report>
				<misses>2441001</misses>
				<total>5</total>
				<timestamp>877.881430</timestamp>
			</report>
			<report>
				<misses>2442001</misses>
				<total>5</total>
				<timestamp>878.241063</timestamp>
			</report>
			<report>
				<misses>2443001</misses>
				<total>5</total>
				<timestamp>878.600710</timestamp>
			</report>
			<report>
				<misses>2444001</misses>
				<total>5</total>
				<timestamp>878.960332</timestamp>
			</report>
			<report>
				<misses>2445001</misses>
				<total>5</total>
				<timestamp>879.320011</timestamp>
			</report>
			<report>
				<misses>2446001</misses>
				<total>5</total>
				<timestamp>879.679624</timestamp>
			</report>
			<report>
				<misses>2447001</misses>
				<total>5</total>
				<timestamp>880.039287</timestamp>
			</report>
			<report>
				<misses>2448001</misses>
				<total>5</total>
				<timestamp>880.398904</timestamp>
			</report>
			<report>
				<misses>2449001</misses>
				<total>5</total>
				<timestamp>880.758585</timestamp>
			</report>
			<report>
				<misses>2450001</misses>
				<total>5</total>
				<timestamp>881.118177</timestamp>
			</report>
			<report>
				<misses>2451001</misses>
				<total>5</total>
				<timestamp>881.477811</timestamp>
			</report>
			<report>
				<misses>2452001</misses>
				<total>5</total>
				<timestamp>881.837514</timestamp>
			</report>
			<report>
				<misses>2453001</misses>
				<total>5</total>
				<timestamp>882.197133</timestamp>
			</report>
			<report>
				<misses>2454001</misses>
				<total>5</total>
				<timestamp>882.556815</timestamp>
			</report>
			<report>
				<misses>2455001</misses>
				<total>5</total>
				<timestamp>882.916379</timestamp>
			</report>
			<report>
				<misses>2456001</misses>
				<total>5</total>
				<timestamp>883.276067</timestamp>
			</report>
			<report>
				<misses>2457001</misses>
				<total>5</total>
				<timestamp>883.635714</timestamp>
			</report>
			<report>
				<misses>2458001</misses>
				<total>5</total>
				<timestamp>883.995400</timestamp>
			</report>
			<report>
				<misses>2459001</misses>
				<total>6</total>
				<timestamp>884.354936</timestamp>
			</report>
			<report>
				<misses>2460001</misses>
				<total>6</total>
				<timestamp>884.714629</timestamp>
			</report>
			<report>
				<misses>2461001</misses>
				<total>6</total>
				<timestamp>885.074255</timestamp>
			</report>
			<report>
				<misses>2462001</misses>
				<total>6</total>
				<timestamp>885.433912</timestamp>
			</report>
			<report>
				<misses>2463001</misses>
				<total>6</total>
				<timestamp>885.793515</timestamp>
			</report>
			<report>
				<misses>2464001</misses>
				<total>6</total>
				<timestamp>886.153264</timestamp>
			</report>
			<report>
				<misses>2465001</misses>
				<total>6</total>
				<timestamp>886.512786</timestamp>
			</report>
			<report>
				<misses>2466001</misses>
				<total>6</total>
				<timestamp>886.872416</timestamp>
			</report>
			<report>
				<misses>2467001</misses>
				<total>6</total>
				<timestamp>887.232145</timestamp>
			</report>
			<report>
				<misses>2468001</misses>
				<total>6</total>
				<timestamp>887.591707</timestamp>
			</report>
			<report>
				<misses>2469001</misses>
				<total>6</total>
				<timestamp>887.951452</timestamp>
			</report>
			<report>
				<misses>2470001</misses>
				<total>6</total>
				<timestamp>888.311006</timestamp>
			</report>
			<report>
				<misses>2471001</misses>
				<total>6</total>
				<timestamp>888.670630</timestamp>
			</report>
			<report>
				<misses>2472001</misses>
				<total>6</total>
				<timestamp>889.030312</timestamp>
			</report>
			<report>
				<misses>2473001</misses>
				<total>6</total>
				<timestamp>889.389949</timestamp>
			</report>
			<report>
				<misses>2474001</misses>
				<total>6</total>
				<timestamp>889.749604</timestamp>
			</report>
			<report>
				<misses>2475001</misses>
				<total>6</total>
				<timestamp>890.109211</timestamp>
			</report>
			<report>
				<misses>2476001</misses>
				<total>6</total>
				<timestamp>890.468870</timestamp>
			</report>
			<report>
				<misses>2477001</misses>
				<total>6</total>
				<timestamp>890.828500</timestamp>
			</report>
			<report>
				<misses>2478001</misses>
				<total>6</total>
				<timestamp>891.188150</timestamp>
			</report>
			<report>
				<misses>2479001</misses>
				<total>6</total>
				<timestamp>891.547797</timestamp>
			</report>
			<report>
				<misses>2480001</misses>
				<total>6</total>
				<timestamp>891.907407</timestamp>
			</report>
			<report>
				<misses>2481001</misses>
				<total>6</total>
				<timestamp>892.267042</timestamp>
			</report>
			<report>
				<misses>2482001</misses>
				<total>6</total>
				<timestamp>892.626685</timestamp>
			</report>
			<report>
				<misses>2483001</misses>
				<total>6</total>
				<timestamp>892.986304</timestamp>
			</report>
			<report>
				<misses>2484001</misses>
				<total>6</total>
				<timestamp>893.345972</timestamp>
			</report>
			<report>
				<misses>2485001</misses>
				<total>6</total>
				<timestamp>893.705572</timestamp>
			</report>
			<report>
				<misses>2486001</misses>
				<total>6</total>
				<timestamp>894.065305</timestamp>
			</report>
			<report>
				<misses>2487001</misses>
				<total>6</total>
				<timestamp>894.424886</timestamp>
			</report>
			<report>
				<misses>2488001</misses>
				<total>6</total>
				<timestamp>894.784504</timestamp>
			</report>
			<report>
				<misses>2489001</misses>
				<total>6</total>
				<timestamp>895.144178</timestamp>
			</report>
			<report>
				<misses>2490001</misses>
				<total>6</total>
				<timestamp>895.503768</timestamp>
			</report>
			<report>
				<misses>2491001</misses>
				<total>6</total>
				<timestamp>895.863485</timestamp>
			</report>
			<report>
				<misses>2492001</misses>
				<total>6</total>
				<timestamp>896.223099</timestamp>
			</report>
			<report>
				<misses>2493001</misses>
				<total>6</total>
				<timestamp>896.582701</timestamp>
			</report>
			<report>
				<misses>2494001</misses>
				<total>6</total>
				<timestamp>896.942369</timestamp>
			</report>
			<report>
				<misses>2495001</misses>
				<total>6</total>
				<timestamp>897.302084</timestamp>
			</report>
			<report>
				<misses>2496001</misses>
				<total>6</total>
				<timestamp>897.661604</timestamp>
			</report>
			<report>
				<misses>2497001</misses>
				<total>6</total>
				<timestamp>898.021386</timestamp>
			</report>
			<report>
				<misses>2498001</misses>
				<total>6</total>
				<timestamp>898.380951</timestamp>
			</report>
			<report>
				<misses>2499001</misses>
				<total>6</total>
				<timestamp>898.740555</timestamp>
			</report>
			<report>
				<misses>2500001</misses>
				<total>6</total>
				<timestamp>899.100232</timestamp>
			</report>
			<report>
				<misses>2501001</misses>
				<total>6</total>
				<timestamp>899.459842</timestamp>
			</report>
			<report>
				<misses>2502001</misses>
				<total>6</total>
				<timestamp>899.819453</timestamp>
			</report>
			<report>
				<misses>2503001</misses>
				<total>6</total>
				<timestamp>900.179154</timestamp>
			</report>
			<report>
				<misses>2504001</misses>
				<total>6</total>
				<timestamp>900.538778</timestamp>
			</report>
			<report>
				<misses>2505001</misses>
				<total>6</total>
				<timestamp>900.898383</timestamp>
			</report>
			<report>
				<misses>2506001</misses>
				<total>6</total>
				<timestamp>901.258075</timestamp>
			</report>
			<report>
				<misses>2507001</misses>
				<total>6</total>
				<timestamp>901.617675</timestamp>
			</report>
			<report>
				<misses>2508001</misses>
				<total>6</total>
				<timestamp>901.977307</timestamp>
			</report>
			<report>
				<misses>2509001</misses>
				<total>6</total>
				<timestamp>902.336937</timestamp>
			</report>
			<report>
				<misses>2510001</misses>
				<total>6</total>
				<timestamp>902.696589</timestamp>
			</report>
			<report>
				<misses>2511001</misses>
				<total>6</total>
				<timestamp>903.056247</timestamp>
			</report>
			<report>
				<misses>2512001</misses>
				<total>6</total>
				<timestamp>903.415868</timestamp>
			</report>
			<report>
				<misses>2513001</misses>
				<total>6</total>
				<timestamp>903.775544</timestamp>
			</report>
			<report>
				<misses>2514001</misses>
				<total>6</total>
				<timestamp>904.135157</timestamp>
			</report>
			<report>
				<misses>2515001</misses>
				<total>6</total>
				<timestamp>904.494793</timestamp>
			</report>
			<report>
				<misses>2516001</misses>
				<total>6</total>
				<timestamp>904.854464</timestamp>
			</report>
			<report>
				<misses>2517001</misses>
				<total>6</total>
				<timestamp>905.214196</timestamp>
			</report>
			<report>
				<misses>2518001</misses>
				<total>6</total>
				<timestamp>905.573772</timestamp>
			</report>
			<report>
				<misses>2519001</misses>
				<total>6</total>
				<timestamp>905.933339</timestamp>
			</report>
			<report>
				<misses>2520001</misses>
				<total>6</total>
				<timestamp>906.293068</timestamp>
			</report>
			<report>
				<misses>2521001</misses>
				<total>6</total>
				<timestamp>906.652669</timestamp>
			</report>
			<report>
				<misses>2522001</misses>
				<total>6</total>
				<timestamp>907.012260</timestamp>
			</report>
			<report>
				<misses>2523001</misses>
				<total>6</total>
				<timestamp>907.372054</timestamp>
			</report>
			<report>
				<misses>2524001</misses>
				<total>6</total>
				<timestamp>907.731598</timestamp>
			</report>
			<report>
				<misses>2525001</misses>
				<total>6</total>
				<timestamp>908.091246</timestamp>
			</report>
			<report>
				<misses>2526001</misses>
				<total>6</total>
				<timestamp>908.450842</timestamp>
			</report>
			<report>
				<misses>2527001</misses>
				<total>6</total>
				<timestamp>908.810453</timestamp>
			</report>
			<report>
				<misses>2528001</misses>
				<total>6</total>
				<timestamp>909.170143</timestamp>
			</report>
			<report>
				<misses>2529001</misses>
				<total>6</total>
				<timestamp>909.529766</timestamp>
			</report>
			<report>
				<misses>2530001</misses>
				<total>6</total>
				<timestamp>909.889365</timestamp>
			</report>
			<report>
				<misses>2531001</misses>
				<total>6</total>
				<timestamp>910.249054</timestamp>
			</report>
			<report>
				<misses>2532001</misses>
				<total>6</total>
				<timestamp>910.608694</timestamp>
			</report>
			<report>
				<misses>2533001</misses>
				<total>6</total>
				<timestamp>910.968347</timestamp>
			</report>
			<report>
				<misses>2534001</misses>
				<total>6</total>
				<timestamp>911.328010</timestamp>
			</report>
			<report>
				<misses>2535001</misses>
				<total>6</total>
				<timestamp>911.687586</timestamp>
			</report>
			<report>
				<misses>2536001</misses>
				<total>6</total>
				<timestamp>912.047230</timestamp>
			</report>
			<report>
				<misses>2537001</misses>
				<total>6</total>
				<timestamp>912.406906</timestamp>
			</report>
			<report>
				<misses>2538001</misses>
				<total>6</total>
				<timestamp>912.766484</timestamp>
			</report>
			<report>
				<misses>2539001</misses>
				<total>6</total>
				<timestamp>913.126162</timestamp>
			</report>
			<report>
				<misses>2540001</misses>
				<total>6</total>
				<timestamp>913.485770</timestamp>
			</report>
			<report>
				<misses>2541001</misses>
				<total>6</total>
				<timestamp>913.845464</timestamp>
			</report>
			<report>
				<misses>2542001</misses>
				<total>6</total>
				<timestamp>914.205053</timestamp>
			</report>
			<report>
				<misses>2543001</misses>
				<total>6</total>
				<timestamp>914.564724</timestamp>
			</report>
			<report>
				<misses>2544001</misses>
				<total>6</total>
				<timestamp>914.924347</timestamp>
			</report>
			<report>
				<misses>2545001</misses>
				<total>6</total>
				<timestamp>915.284076</timestamp>
			</report>
			<report>
				<misses>2546001</misses>
				<total>6</total>
				<timestamp>915.643623</timestamp>
			</report>
			<report>
				<misses>2547001</misses>
				<total>6</total>
				<timestamp>916.003314</timestamp>
			</report>
			<report>
				<misses>2548001</misses>
				<total>6</total>
				<timestamp>916.362956</timestamp>
			</report>
			<report>
				<misses>2549001</misses>
				<total>6</total>
				<timestamp>916.722547</timestamp>
			</report>
			<report>
				<misses>2550001</misses>
				<total>6</total>
				<timestamp>917.082220</timestamp>
			</report>
			<report>
				<misses>2551001</misses>
				<total>6</total>
				<timestamp>917.441846</timestamp>
			</report>
			<report>
				<misses>2552001</misses>
				<total>6</total>
				<timestamp>917.801546</timestamp>
			</report>
			<report>
				<misses>2553001</misses>
				<total>6</total>
				<timestamp>918.161133</timestamp>
			</report>
			<report>
				<misses>2554001</misses>
				<total>6</total>
				<timestamp>918.520791</timestamp>
			</report>
			<report>
				<misses>2555001</misses>
				<total>6</total>
				<timestamp>918.880390</timestamp>
			</report>
			<report>
				<misses>2556001</misses>
				<total>6</total>
				<timestamp>919.240102</timestamp>
			</report>
			<report>
				<misses>2557001</misses>
				<total>6</total>
				<timestamp>919.599726</timestamp>
			</report>
			<report>
				<misses>2558001</misses>
				<total>6</total>
				<timestamp>919.959350</timestamp>
			</report>
			<report>
				<misses>2559001</misses>
				<total>6</total>
				<timestamp>920.319009</timestamp>
			</report>
			<report>
				<misses>2560001</misses>
				<total>6</total>
				<timestamp>920.678570</timestamp>
			</report>
			<report>
				<misses>2561001</misses>
				<total>6</total>
				<timestamp>921.038241</timestamp>
			</report>
			<report>
				<misses>2562001</misses>
				<total>6</total>
				<timestamp>921.397906</timestamp>
			</report>
			<report>
				<misses>2563001</misses>
				<total>6</total>
				<timestamp>921.757528</timestamp>
			</report>
			<report>
				<misses>2564001</misses>
				<total>6</total>
				<timestamp>922.117182</timestamp>
			</report>
			<report>
				<misses>2565001</misses>
				<total>6</total>
				<timestamp>922.476866</timestamp>
			</report>
			<report>
				<misses>2566001</misses>
				<total>6</total>
				<timestamp>922.836448</timestamp>
			</report>
			<report>
				<misses>2567001</misses>
				<total>6</total>
				<timestamp>923.196069</timestamp>
			</report>
			<report>
				<misses>2568001</misses>
				<total>6</total>
				<timestamp>923.555725</timestamp>
			</report>
			<report>
				<misses>2569001</misses>
				<total>6</total>
				<timestamp>923.915348</timestamp>
			</report>
			<report>
				<misses>2570001</misses>
				<total>6</total>
				<timestamp>924.275032</timestamp>
			</report>
			<report>
				<misses>2571001</misses>
				<total>6</total>
				<timestamp>924.634660</timestamp>
			</report>
			<report>
				<misses>2572001</misses>
				<total>6</total>
				<timestamp>924.994263</timestamp>
			</report>
			<report>
				<misses>2573001</misses>
				<total>6</total>
				<timestamp>925.353922</timestamp>
			</report>
			<report>
				<misses>2574001</misses>
				<total>6</total>
				<timestamp>925.713582</timestamp>
			</report>
			<report>
				<misses>2575001</misses>
				<total>6</total>
				<timestamp>926.073208</timestamp>
			</report>
			<report>
				<misses>2576001</misses>
				<total>6</total>
				<timestamp>926.432875</timestamp>
			</report>
			<report>
				<misses>2577001</misses>
				<total>6</total>
				<timestamp>926.792508</timestamp>
			</report>
			<report>
				<misses>2578001</misses>
				<total>6</total>
				<timestamp>927.152128</timestamp>
			</report>
			<report>
				<misses>2579001</misses>
				<total>6</total>
				<timestamp>927.511777</timestamp>
			</report>
			<report>
				<misses>2580001</misses>
				<total>6</total>
				<timestamp>927.871364</timestamp>
			</report>
			<report>
				<misses>2581001</misses>
				<total>6</total>
				<timestamp>928.231110</timestamp>
			</report>
			<report>
				<misses>2582001</misses>
				<total>6</total>
				<timestamp>928.590710</timestamp>
			</report>
			<report>
				<misses>2583001</misses>
				<total>6</total>
				<timestamp>928.950289</timestamp>
			</report>
			<report>
				<misses>2584001</misses>
				<total>6</total>
				<timestamp>929.309968</timestamp>
			</report>
			<report>
				<misses>2585001</misses>
				<total>6</total>
				<timestamp>929.669637</timestamp>
			</report>
			<report>
				<misses>2586001</misses>
				<total>6</total>
				<timestamp>930.029256</timestamp>
			</report>
			<report>
				<misses>2587001</misses>
				<total>6</total>
				<timestamp>930.388866</timestamp>
			</report>
			<report>
				<misses>2588001</misses>
				<total>6</total>
				<timestamp>930.748576</timestamp>
			</report>
			<report>
				<misses>2589001</misses>
				<total>6</total>
				<timestamp>931.108146</timestamp>
			</report>
			<report>
				<misses>2590001</misses>
				<total>6</total>
				<timestamp>931.467793</timestamp>
			</report>
			<report>
				<misses>2591001</misses>
				<total>6</total>
				<timestamp>931.827434</timestamp>
			</report>
			<report>
				<misses>2592001</misses>
				<total>6</total>
				<timestamp>932.187077</timestamp>
			</report>
			<report>
				<misses>2593001</misses>
				<total>6</total>
				<timestamp>932.546722</timestamp>
			</report>
			<report>
				<misses>2594001</misses>
				<total>6</total>
				<timestamp>932.906373</timestamp>
			</report>
			<report>
				<misses>2595001</misses>
				<total>6</total>
				<timestamp>933.265998</timestamp>
			</report>
			<report>
				<misses>2596001</misses>
				<total>6</total>
				<timestamp>933.625669</timestamp>
			</report>
			<report>
				<misses>2597001</misses>
				<total>6</total>
				<timestamp>933.985245</timestamp>
			</report>
			<report>
				<misses>2598001</misses>
				<total>6</total>
				<timestamp>934.344984</timestamp>
			</report>
			<report>
				<misses>2599001</misses>
				<total>6</total>
				<timestamp>934.704540</timestamp>
			</report>
			<report>
				<misses>2600001</misses>
				<total>6</total>
				<timestamp>935.064204</timestamp>
			</report>
			<report>
				<misses>2601001</misses>
				<total>6</total>
				<timestamp>935.423846</timestamp>
			</report>
			<report>
				<misses>2602001</misses>
				<total>6</total>
				<timestamp>935.783462</timestamp>
			</report>
			<report>
				<misses>2603001</misses>
				<total>6</total>
				<timestamp>936.143118</timestamp>
			</report>
			<report>
				<misses>2604001</misses>
				<total>6</total>
				<timestamp>936.502772</timestamp>
			</report>
			<report>
				<misses>2605001</misses>
				<total>6</total>
				<timestamp>936.862441</timestamp>
			</report>
			<report>
				<misses>2606001</misses>
				<total>6</total>
				<timestamp>937.222101</timestamp>
			</report>
			<report>
				<misses>2607001</misses>
				<total>6</total>
				<timestamp>937.581658</timestamp>
			</report>
			<report>
				<misses>2608001</misses>
				<total>6</total>
				<timestamp>937.941303</timestamp>
			</report>
			<report>
				<misses>2609001</misses>
				<total>6</total>
				<timestamp>938.301069</timestamp>
			</report>
			<report>
				<misses>2610001</misses>
				<total>6</total>
				<timestamp>938.660570</timestamp>
			</report>
			<report>
				<misses>2611001</misses>
				<total>6</total>
				<timestamp>939.020210</timestamp>
			</report>
			<report>
				<misses>2612001</misses>
				<total>6</total>
				<timestamp>939.379860</timestamp>
			</report>
			<report>
				<misses>2613001</misses>
				<total>6</total>
				<timestamp>939.739559</timestamp>
			</report>
			<report>
				<misses>2614001</misses>
				<total>6</total>
				<timestamp>940.099157</timestamp>
			</report>
			<report>
				<misses>2615001</misses>
				<total>6</total>
				<timestamp>940.458834</timestamp>
			</report>
			<report>
				<misses>2616001</misses>
				<total>6</total>
				<timestamp>940.818450</timestamp>
			</report>
			<report>
				<misses>2617001</misses>
				<total>6</total>
				<timestamp>941.178093</timestamp>
			</report>
			<report>
				<misses>2618001</misses>
				<total>6</total>
				<timestamp>941.537696</timestamp>
			</report>
			<report>
				<misses>2619001</misses>
				<total>6</total>
				<timestamp>941.897404</timestamp>
			</report>
			<report>
				<misses>2620001</misses>
				<total>6</total>
				<timestamp>942.257027</timestamp>
			</report>
			<report>
				<misses>2621001</misses>
				<total>6</total>
				<timestamp>942.616649</timestamp>
			</report>
			<report>
				<misses>2622001</misses>
				<total>6</total>
				<timestamp>942.976277</timestamp>
			</report>
			<report>
				<misses>2623001</misses>
				<total>6</total>
				<timestamp>943.335914</timestamp>
			</report>
			<report>
				<misses>2624001</misses>
				<total>6</total>
				<timestamp>943.695551</timestamp>
			</report>
			<report>
				<misses>2625001</misses>
				<total>6</total>
				<timestamp>944.055240</timestamp>
			</report>
			<report>
				<misses>2626001</misses>
				<total>6</total>
				<timestamp>944.414894</timestamp>
			</report>
			<report>
				<misses>2627001</misses>
				<total>6</total>
				<timestamp>944.774504</timestamp>
			</report>
			<report>
				<misses>2628001</misses>
				<total>6</total>
				<timestamp>945.134126</timestamp>
			</report>
			<report>
				<misses>2629001</misses>
				<total>6</total>
				<timestamp>945.493766</timestamp>
			</report>
			<report>
				<misses>2630001</misses>
				<total>6</total>
				<timestamp>945.853428</timestamp>
			</report>
			<report>
				<misses>2631001</misses>
				<total>6</total>
				<timestamp>946.213020</timestamp>
			</report>
			<report>
				<misses>2632001</misses>
				<total>6</total>
				<timestamp>946.572715</timestamp>
			</report>
			<report>
				<misses>2633001</misses>
				<total>6</total>
				<timestamp>946.932294</timestamp>
			</report>
			<report>
				<misses>2634001</misses>
				<total>6</total>
				<timestamp>947.291958</timestamp>
			</report>
			<report>
				<misses>2635001</misses>
				<total>6</total>
				<timestamp>947.651573</timestamp>
			</report>
			<report>
				<misses>2636001</misses>
				<total>6</total>
				<timestamp>948.011266</timestamp>
			</report>
			<report>
				<misses>2637001</misses>
				<total>6</total>
				<timestamp>948.370862</timestamp>
			</report>
			<report>
				<misses>2638001</misses>
				<total>6</total>
				<timestamp>948.730534</timestamp>
			</report>
			<report>
				<misses>2639001</misses>
				<total>6</total>
				<timestamp>949.090158</timestamp>
			</report>
			<report>
				<misses>2640001</misses>
				<total>6</total>
				<timestamp>949.449773</timestamp>
			</report>
			<report>
				<misses>2641001</misses>
				<total>6</total>
				<timestamp>949.809435</timestamp>
			</report>
			<report>
				<misses>2642001</misses>
				<total>6</total>
				<timestamp>950.169096</timestamp>
			</report>
			<report>
				<misses>2643001</misses>
				<total>6</total>
				<timestamp>950.528731</timestamp>
			</report>
			<report>
				<misses>2644001</misses>
				<total>6</total>
				<timestamp>950.888345</timestamp>
			</report>
			<report>
				<misses>2645001</misses>
				<total>6</total>
				<timestamp>951.248053</timestamp>
			</report>
			<report>
				<misses>2646001</misses>
				<total>6</total>
				<timestamp>951.607616</timestamp>
			</report>
			<report>
				<misses>2647001</misses>
				<total>6</total>
				<timestamp>951.967326</timestamp>
			</report>
			<report>
				<misses>2648001</misses>
				<total>6</total>
				<timestamp>952.326901</timestamp>
			</report>
			<report>
				<misses>2649001</misses>
				<total>6</total>
				<timestamp>952.686532</timestamp>
			</report>
			<report>
				<misses>2650001</misses>
				<total>6</total>
				<timestamp>953.046217</timestamp>
			</report>
			<report>
				<misses>2651001</misses>
				<total>6</total>
				<timestamp>953.405853</timestamp>
			</report>
			<report>
				<misses>2652001</misses>
				<total>6</total>
				<timestamp>953.765464</timestamp>
			</report>
			<report>
				<misses>2653001</misses>
				<total>6</total>
				<timestamp>954.125088</timestamp>
			</report>
			<report>
				<misses>2654001</misses>
				<total>6</total>
				<timestamp>954.484839</timestamp>
			</report>
			<report>
				<misses>2655001</misses>
				<total>6</total>
				<timestamp>954.844416</timestamp>
			</report>
			<report>
				<misses>2656001</misses>
				<total>6</total>
				<timestamp>955.204076</timestamp>
			</report>
			<report>
				<misses>2657001</misses>
				<total>6</total>
				<timestamp>955.563707</timestamp>
			</report>
			<report>
				<misses>2658001</misses>
				<total>6</total>
				<timestamp>955.923369</timestamp>
			</report>
			<report>
				<misses>2659001</misses>
				<total>6</total>
				<timestamp>956.282971</timestamp>
			</report>
			<report>
				<misses>2660001</misses>
				<total>6</total>
				<timestamp>956.642620</timestamp>
			</report>
			<report>
				<misses>2661001</misses>
				<total>6</total>
				<timestamp>957.002215</timestamp>
			</report>
			<report>
				<misses>2662001</misses>
				<total>6</total>
				<timestamp>957.361952</timestamp>
			</report>
			<report>
				<misses>2663001</misses>
				<total>6</total>
				<timestamp>957.721521</timestamp>
			</report>
			<report>
				<misses>2664001</misses>
				<total>6</total>
				<timestamp>958.081168</timestamp>
			</report>
			<report>
				<misses>2665001</misses>
				<total>6</total>
				<timestamp>958.440820</timestamp>
			</report>
			<report>
				<misses>2666001</misses>
				<total>6</total>
				<timestamp>958.800452</timestamp>
			</report>
			<report>
				<misses>2667001</misses>
				<total>6</total>
				<timestamp>959.160090</timestamp>
			</report>
			<report>
				<misses>2668001</misses>
				<total>6</total>
				<timestamp>959.519771</timestamp>
			</report>
			<report>
				<misses>2669001</misses>
				<total>6</total>
				<timestamp>959.879339</timestamp>
			</report>
			<report>
				<misses>2670001</misses>
				<total>6</total>
				<timestamp>960.238964</timestamp>
			</report>
			<report>
				<misses>2671001</misses>
				<total>6</total>
				<timestamp>960.598622</timestamp>
			</report>
			<report>
				<misses>2672001</misses>
				<total>6</total>
				<timestamp>960.958272</timestamp>
			</report>
			<report>
				<misses>2673001</misses>
				<total>6</total>
				<timestamp>961.317941</timestamp>
			</report>
			<report>
				<misses>2674001</misses>
				<total>6</total>
				<timestamp>961.677582</timestamp>
			</report>
			<report>
				<misses>2675001</misses>
				<total>6</total>
				<timestamp>962.037237</timestamp>
			</report>
			<report>
				<misses>2676001</misses>
				<total>6</total>
				<timestamp>962.396909</timestamp>
			</report>
			<report>
				<misses>2677001</misses>
				<total>6</total>
				<timestamp>962.756594</timestamp>
			</report>
			<report>
				<misses>2678001</misses>
				<total>6</total>
				<timestamp>963.116160</timestamp>
			</report>
			<report>
				<misses>2679001</misses>
				<total>6</total>
				<timestamp>963.475785</timestamp>
			</report>
			<report>
				<misses>2680001</misses>
				<total>6</total>
				<timestamp>963.835429</timestamp>
			</report>
			<report>
				<misses>2681001</misses>
				<total>6</total>
				<timestamp>964.195056</timestamp>
			</report>
			<report>
				<misses>2682001</misses>
				<total>6</total>
				<timestamp>964.554693</timestamp>
			</report>
			<report>
				<misses>2683001</misses>
				<total>6</total>
				<timestamp>964.914286</timestamp>
			</report>
			<report>
				<misses>2684001</misses>
				<total>6</total>
				<timestamp>965.273966</timestamp>
			</report>
			<report>
				<misses>2685001</misses>
				<total>6</total>
				<timestamp>965.633578</timestamp>
			</report>
			<report>
				<misses>2686001</misses>
				<total>6</total>
				<timestamp>965.993210</timestamp>
			</report>
			<report>
				<misses>2687001</misses>
				<total>6</total>
				<timestamp>966.352894</timestamp>
			</report>
			<report>
				<misses>2688001</misses>
				<total>6</total>
				<timestamp>966.712491</timestamp>
			</report>
			<report>
				<misses>2689001</misses>
				<total>6</total>
				<timestamp>967.072168</timestamp>
			</report>
			<report>
				<misses>2690001</misses>
				<total>6</total>
				<timestamp>967.431815</timestamp>
			</report>
			<report>
				<misses>2691001</misses>
				<total>6</total>
				<timestamp>967.791432</timestamp>
			</report>
			<report>
				<misses>2692001</misses>
				<total>6</total>
				<timestamp>968.151074</timestamp>
			</report>
			<report>
				<misses>2693001</misses>
				<total>6</total>
				<timestamp>968.510761</timestamp>
			</report>
			<report>
				<misses>2694001</misses>
				<total>6</total>
				<timestamp>968.870363</timestamp>
			</report>
			<report>
				<misses>2695001</misses>
				<total>6</total>
				<timestamp>969.229993</timestamp>
			</report>
			<report>
				<misses>2696001</misses>
				<total>6</total>
				<timestamp>969.589643</timestamp>
			</report>
			<report>
				<misses>2697001</misses>
				<total>6</total>
				<timestamp>969.949253</timestamp>
			</report>
			<report>
				<misses>2698001</misses>
				<total>6</total>
				<timestamp>970.308979</timestamp>
			</report>
			<report>
				<misses>2699001</misses>
				<total>6</total>
				<timestamp>970.668540</timestamp>
			</report>
			<report>
				<misses>2700001</misses>
				<total>6</total>
				<timestamp>971.028164</timestamp>
			</report>
			<report>
				<misses>2701001</misses>
				<total>6</total>
				<timestamp>971.387836</timestamp>
			</report>
			<report>
				<misses>2702001</misses>
				<total>6</total>
				<timestamp>971.747491</timestamp>
			</report>
			<report>
				<misses>2703001</misses>
				<total>6</total>
				<timestamp>972.107172</timestamp>
			</report>
			<report>
				<misses>2704001</misses>
				<total>6</total>
				<timestamp>972.466828</timestamp>
			</report>
			<report>
				<misses>2705001</misses>
				<total>6</total>
				<timestamp>972.826415</timestamp>
			</report>
			<report>
				<misses>2706001</misses>
				<total>6</total>
				<timestamp>973.186039</timestamp>
			</report>
			<report>
				<misses>2707001</misses>
				<total>6</total>
				<timestamp>973.545682</timestamp>
			</report>
			<report>
				<misses>2708001</misses>
				<total>6</total>
				<timestamp>973.905298</timestamp>
			</report>
			<report>
				<misses>2709001</misses>
				<total>6</total>
				<timestamp>974.264956</timestamp>
			</report>
			<report>
				<misses>2710001</misses>
				<total>6</total>
				<timestamp>974.624603</timestamp>
			</report>
			<report>
				<misses>2711001</misses>
				<total>6</total>
				<timestamp>974.984308</timestamp>
			</report>
			<report>
				<misses>2712001</misses>
				<total>6</total>
				<timestamp>975.343924</timestamp>
			</report>
			<report>
				<misses>2713001</misses>
				<total>6</total>
				<timestamp>975.703538</timestamp>
			</report>
			<report>
				<misses>2714001</misses>
				<total>6</total>
				<timestamp>976.063212</timestamp>
			</report>
			<report>
				<misses>2715001</misses>
				<total>6</total>
				<timestamp>976.422813</timestamp>
			</report>
			<report>
				<misses>2716001</misses>
				<total>6</total>
				<timestamp>976.782513</timestamp>
			</report>
			<report>
				<misses>2717001</misses>
				<total>6</total>
				<timestamp>977.142115</timestamp>
			</report>
			<report>
				<misses>2718001</misses>
				<total>6</total>
				<timestamp>977.501763</timestamp>
			</report>
			<report>
				<misses>2719001</misses>
				<total>6</total>
				<timestamp>977.861343</timestamp>
			</report>
			<report>
				<misses>2720001</misses>
				<total>6</total>
				<timestamp>978.220998</timestamp>
			</report>
			<report>
				<misses>2721001</misses>
				<total>6</total>
				<timestamp>978.580747</timestamp>
			</report>
			<report>
				<misses>2722001</misses>
				<total>6</total>
				<timestamp>978.940274</timestamp>
			</report>
			<report>
				<misses>2723001</misses>
				<total>6</total>
				<timestamp>979.299914</timestamp>
			</report>
			<report>
				<misses>2724001</misses>
				<total>6</total>
				<timestamp>979.659595</timestamp>
			</report>
			<report>
				<misses>2725001</misses>
				<total>6</total>
				<timestamp>980.019219</timestamp>
			</report>
			<report>
				<misses>2726001</misses>
				<total>6</total>
				<timestamp>980.378854</timestamp>
			</report>
			<report>
				<misses>2727001</misses>
				<total>6</total>
				<timestamp>980.738463</timestamp>
			</report>
			<report>
				<misses>2728001</misses>
				<total>6</total>
				<timestamp>981.098133</timestamp>
			</report>
			<report>
				<misses>2729001</misses>
				<total>6</total>
				<timestamp>981.457804</timestamp>
			</report>
			<report>
				<misses>2730001</misses>
				<total>6</total>
				<timestamp>981.817417</timestamp>
			</report>
			<report>
				<misses>2731001</misses>
				<total>6</total>
				<timestamp>982.177041</timestamp>
			</report>
			<report>
				<misses>2732001</misses>
				<total>6</total>
				<timestamp>982.536687</timestamp>
			</report>
			<report>
				<misses>2733001</misses>
				<total>6</total>
				<timestamp>982.896287</timestamp>
			</report>
			<report>
				<misses>2734001</misses>
				<total>6</total>
				<timestamp>983.255989</timestamp>
			</report>
			<report>
				<misses>2735001</misses>
				<total>6</total>
				<timestamp>983.615651</timestamp>
			</report>
			<report>
				<misses>2736001</misses>
				<total>6</total>
				<timestamp>983.975234</timestamp>
			</report>
			<report>
				<misses>2737001</misses>
				<total>6</total>
				<timestamp>984.334853</timestamp>
			</report>
			<report>
				<misses>2738001</misses>
				<total>6</total>
				<timestamp>984.694479</timestamp>
			</report>
			<report>
				<misses>2739001</misses>
				<total>6</total>
				<timestamp>985.054178</timestamp>
			</report>
			<report>
				<misses>2740001</misses>
				<total>6</total>
				<timestamp>985.413835</timestamp>
			</report>
			<report>
				<misses>2741001</misses>
				<total>6</total>
				<timestamp>985.773423</timestamp>
			</report>
			<report>
				<misses>2742001</misses>
				<total>6</total>
				<timestamp>986.133045</timestamp>
			</report>
			<report>
				<misses>2743001</misses>
				<total>6</total>
				<timestamp>986.492774</timestamp>
			</report>
			<report>
				<misses>2744001</misses>
				<total>6</total>
				<timestamp>986.852336</timestamp>
			</report>
			<report>
				<misses>2745001</misses>
				<total>6</total>
				<timestamp>987.212001</timestamp>
			</report>
			<report>
				<misses>2746001</misses>
				<total>6</total>
				<timestamp>987.571678</timestamp>
			</report>
			<report>
				<misses>2747001</misses>
				<total>6</total>
				<timestamp>987.931254</timestamp>
			</report>
			<report>
				<misses>2748001</misses>
				<total>6</total>
				<timestamp>988.290896</timestamp>
			</report>
			<report>
				<misses>2749001</misses>
				<total>6</total>
				<timestamp>988.650688</timestamp>
			</report>
			<report>
				<misses>2750001</misses>
				<total>6</total>
				<timestamp>989.010170</timestamp>
			</report>
			<report>
				<misses>2751001</misses>
				<total>6</total>
				<timestamp>989.369888</timestamp>
			</report>
			<report>
				<misses>2752001</misses>
				<total>6</total>
				<timestamp>989.729554</timestamp>
			</report>
			<report>
				<misses>2753001</misses>
				<total>6</total>
				<timestamp>990.089104</timestamp>
			</report>
			<report>
				<misses>2754001</misses>
				<total>6</total>
				<timestamp>990.448753</timestamp>
			</report>
			<report>
				<misses>2755001</misses>
				<total>6</total>
				<timestamp>990.808418</timestamp>
			</report>
			<report>
				<misses>2756001</misses>
				<total>6</total>
				<timestamp>991.168038</timestamp>
			</report>
			<report>
				<misses>2757001</misses>
				<total>6</total>
				<timestamp>991.527697</timestamp>
			</report>
			<report>
				<misses>2758001</misses>
				<total>6</total>
				<timestamp>991.887302</timestamp>
			</report>
			<report>
				<misses>2759001</misses>
				<total>6</total>
				<timestamp>992.246938</timestamp>
			</report>
			<report>
				<misses>2760001</misses>
				<total>6</total>
				<timestamp>992.606608</timestamp>
			</report>
			<report>
				<misses>2761001</misses>
				<total>6</total>
				<timestamp>992.966305</timestamp>
			</report>
			<report>
				<misses>2762001</misses>
				<total>6</total>
				<timestamp>993.325902</timestamp>
			</report>
			<report>
				<misses>2763001</misses>
				<total>6</total>
				<timestamp>993.685533</timestamp>
			</report>
			<report>
				<misses>2764001</misses>
				<total>6</total>
				<timestamp>994.045198</timestamp>
			</report>
			<report>
				<misses>2765001</misses>
				<total>6</total>
				<timestamp>994.404783</timestamp>
			</report>
			<report>
				<misses>2766001</misses>
				<total>6</total>
				<timestamp>994.764482</timestamp>
			</report>
			<report>
				<misses>2767001</misses>
				<total>6</total>
				<timestamp>995.124163</timestamp>
			</report>
			<report>
				<misses>2768001</misses>
				<total>6</total>
				<timestamp>995.483809</timestamp>
			</report>
			<report>
				<misses>2769001</misses>
				<total>6</total>
				<timestamp>995.843361</timestamp>
			</report>
			<report>
				<misses>2770001</misses>
				<total>6</total>
				<timestamp>996.202983</timestamp>
			</report>
			<report>
				<misses>2771001</misses>
				<total>6</total>
				<timestamp>996.562645</timestamp>
			</report>
			<report>
				<misses>2772001</misses>
				<total>6</total>
				<timestamp>996.922275</timestamp>
			</report>
			<report>
				<misses>2773001</misses>
				<total>6</total>
				<timestamp>997.281954</timestamp>
			</report>
			<report>
				<misses>2774001</misses>
				<total>6</total>
				<timestamp>997.641550</timestamp>
			</report>
			<report>
				<misses>2775001</misses>
				<total>6</total>
				<timestamp>998.001213</timestamp>
			</report>
			<report>
				<misses>2776001</misses>
				<total>6</total>
				<timestamp>998.360861</timestamp>
			</report>
			<report>
				<misses>2777001</misses>
				<total>6</total>
				<timestamp>998.720509</timestamp>
			</report>
			<report>
				<misses>2778001</misses>
				<total>6</total>
				<timestamp>999.080108</timestamp>
			</report>
			<report>
				<misses>2779001</misses>
				<total>6</total>
				<timestamp>999.439732</timestamp>
			</report>
			<report>
				<misses>2780001</misses>
				<total>6</total>
				<timestamp>999.799399</timestamp>
			</report>
			<report>
				<misses>2781001</misses>
				<total>6</total>
				<timestamp>1000.159036</timestamp>
			</report>
			<report>
				<misses>2782001</misses>
				<total>6</total>
				<timestamp>1000.518650</timestamp>
			</report>
			<report>
				<misses>2783001</misses>
				<total>6</total>
				<timestamp>1000.878406</timestamp>
			</report>
			<report>
				<misses>2784001</misses>
				<total>6</total>
				<timestamp>1001.237975</timestamp>
			</report>
			<report>
				<misses>2785001</misses>
				<total>6</total>
				<timestamp>1001.597672</timestamp>
			</report>
			<report>
				<misses>2786001</misses>
				<total>6</total>
				<timestamp>1001.957214</timestamp>
			</report>
			<report>
				<misses>2787001</misses>
				<total>6</total>
				<timestamp>1002.316852</timestamp>
			</report>
			<report>
				<misses>2788001</misses>
				<total>6</total>
				<timestamp>1002.676597</timestamp>
			</report>
			<report>
				<misses>2789001</misses>
				<total>6</total>
				<timestamp>1003.036170</timestamp>
			</report>
			<report>
				<misses>2790001</misses>
				<total>6</total>
				<timestamp>1003.395759</timestamp>
			</report>
			<report>
				<misses>2791001</misses>
				<total>6</total>
				<timestamp>1003.755431</timestamp>
			</report>
			<report>
				<misses>2792001</misses>
				<total>6</total>
				<timestamp>1004.115081</timestamp>
			</report>
			<report>
				<misses>2793001</misses>
				<total>6</total>
				<timestamp>1004.474694</timestamp>
			</report>
			<report>
				<misses>2794001</misses>
				<total>6</total>
				<timestamp>1004.834387</timestamp>
			</report>
			<report>
				<misses>2795001</misses>
				<total>6</total>
				<timestamp>1005.193995</timestamp>
			</report>
			<report>
				<misses>2796001</misses>
				<total>6</total>
				<timestamp>1005.553627</timestamp>
			</report>
			<report>
				<misses>2797001</misses>
				<total>6</total>
				<timestamp>1005.913244</timestamp>
			</report>
			<report>
				<misses>2798001</misses>
				<total>6</total>
				<timestamp>1006.272888</timestamp>
			</report>
			<report>
				<misses>2799001</misses>
				<total>6</total>
				<timestamp>1006.632547</timestamp>
			</report>
			<report>
				<misses>2800001</misses>
				<total>6</total>
				<timestamp>1006.992185</timestamp>
			</report>
			<report>
				<misses>2801001</misses>
				<total>6</total>
				<timestamp>1007.351814</timestamp>
			</report>
			<report>
				<misses>2802001</misses>
				<total>6</total>
				<timestamp>1007.711505</timestamp>
			</report>
			<report>
				<misses>2803001</misses>
				<total>6</total>
				<timestamp>1008.071127</timestamp>
			</report>
			<report>
				<misses>2804001</misses>
				<total>6</total>
				<timestamp>1008.430741</timestamp>
			</report>
			<report>
				<misses>2805001</misses>
				<total>6</total>
				<timestamp>1008.790427</timestamp>
			</report>
			<report>
				<misses>2806001</misses>
				<total>6</total>
				<timestamp>1009.150031</timestamp>
			</report>
			<report>
				<misses>2807001</misses>
				<total>6</total>
				<timestamp>1009.509656</timestamp>
			</report>
			<report>
				<misses>2808001</misses>
				<total>6</total>
				<timestamp>1009.869322</timestamp>
			</report>
			<report>
				<misses>2809001</misses>
				<total>6</total>
				<timestamp>1010.228929</timestamp>
			</report>
			<report>
				<misses>2810001</misses>
				<total>6</total>
				<timestamp>1010.588609</timestamp>
			</report>
			<report>
				<misses>2811001</misses>
				<total>6</total>
				<timestamp>1010.948225</timestamp>
			</report>
			<report>
				<misses>2812001</misses>
				<total>6</total>
				<timestamp>1011.307840</timestamp>
			</report>
			<report>
				<misses>2813001</misses>
				<total>6</total>
				<timestamp>1011.667575</timestamp>
			</report>
			<report>
				<misses>2814001</misses>
				<total>6</total>
				<timestamp>1012.027196</timestamp>
			</report>
			<report>
				<misses>2815001</misses>
				<total>6</total>
				<timestamp>1012.386767</timestamp>
			</report>
			<report>
				<misses>2816001</misses>
				<total>6</total>
				<timestamp>1012.746417</timestamp>
			</report>
			<report>
				<misses>2817001</misses>
				<total>6</total>
				<timestamp>1013.106114</timestamp>
			</report>
			<report>
				<misses>2818001</misses>
				<total>6</total>
				<timestamp>1013.465710</timestamp>
			</report>
			<report>
				<misses>2819001</misses>
				<total>6</total>
				<timestamp>1013.825387</timestamp>
			</report>
			<report>
				<misses>2820001</misses>
				<total>6</total>
				<timestamp>1014.185026</timestamp>
			</report>
			<report>
				<misses>2821001</misses>
				<total>6</total>
				<timestamp>1014.544666</timestamp>
			</report>
			<report>
				<misses>2822001</misses>
				<total>6</total>
				<timestamp>1014.904244</timestamp>
			</report>
			<report>
				<misses>2823001</misses>
				<total>6</total>
				<timestamp>1015.263894</timestamp>
			</report>
			<report>
				<misses>2824001</misses>
				<total>6</total>
				<timestamp>1015.623536</timestamp>
			</report>
			<report>
				<misses>2825001</misses>
				<total>6</total>
				<timestamp>1015.983195</timestamp>
			</report>
			<report>
				<misses>2826001</misses>
				<total>6</total>
				<timestamp>1016.342849</timestamp>
			</report>
			<report>
				<misses>2827001</misses>
				<total>6</total>
				<timestamp>1016.702472</timestamp>
			</report>
			<report>
				<misses>2828001</misses>
				<total>6</total>
				<timestamp>1017.062130</timestamp>
			</report>
			<report>
				<misses>2829001</misses>
				<total>6</total>
				<timestamp>1017.421730</timestamp>
			</report>
			<report>
				<misses>2830001</misses>
				<total>6</total>
				<timestamp>1017.781463</timestamp>
			</report>
			<report>
				<misses>2831001</misses>
				<total>6</total>
				<timestamp>1018.141082</timestamp>
			</report>
			<report>
				<misses>2832001</misses>
				<total>6</total>
				<timestamp>1018.500651</timestamp>
			</report>
			<report>
				<misses>2833001</misses>
				<total>6</total>
				<timestamp>1018.860317</timestamp>
			</report>
			<report>
				<misses>2834001</misses>
				<total>6</total>
				<timestamp>1019.219935</timestamp>
			</report>
			<report>
				<misses>2835001</misses>
				<total>6</total>
				<timestamp>1019.579629</timestamp>
			</report>
			<report>
				<misses>2836001</misses>
				<total>6</total>
				<timestamp>1019.939225</timestamp>
			</report>
			<report>
				<misses>2837001</misses>
				<total>6</total>
				<timestamp>1020.298864</timestamp>
			</report>
			<report>
				<misses>2838001</misses>
				<total>6</total>
				<timestamp>1020.658532</timestamp>
			</report>
			<report>
				<misses>2839001</misses>
				<total>6</total>
				<timestamp>1021.018197</timestamp>
			</report>
			<report>
				<misses>2840001</misses>
				<total>6</total>
				<timestamp>1021.377862</timestamp>
			</report>
			<report>
				<misses>2841001</misses>
				<total>6</total>
				<timestamp>1021.737518</timestamp>
			</report>
			<report>
				<misses>2842001</misses>
				<total>6</total>
				<timestamp>1022.097076</timestamp>
			</report>
			<report>
				<misses>2843001</misses>
				<total>6</total>
				<timestamp>1022.456745</timestamp>
			</report>
			<report>
				<misses>2844001</misses>
				<total>6</total>
				<timestamp>1022.816414</timestamp>
			</report>
			<report>
				<misses>2845001</misses>
				<total>6</total>
				<timestamp>1023.176053</timestamp>
			</report>
			<report>
				<misses>2846001</misses>
				<total>6</total>
				<timestamp>1023.535673</timestamp>
			</report>
			<report>
				<misses>2847001</misses>
				<total>6</total>
				<timestamp>1023.895301</timestamp>
			</report>
			<report>
				<misses>2848001</misses>
				<total>6</total>
				<timestamp>1024.255004</timestamp>
			</report>
			<report>
				<misses>2849001</misses>
				<total>6</total>
				<timestamp>1024.614584</timestamp>
			</report>
			<report>
				<misses>2850001</misses>
				<total>6</total>
				<timestamp>1024.974196</timestamp>
			</report>
			<report>
				<misses>2851001</misses>
				<total>6</total>
				<timestamp>1025.333810</timestamp>
			</report>
			<report>
				<misses>2852001</misses>
				<total>6</total>
				<timestamp>1025.693520</timestamp>
			</report>
			<report>
				<misses>2853001</misses>
				<total>6</total>
				<timestamp>1026.053144</timestamp>
			</report>
			<report>
				<misses>2854001</misses>
				<total>6</total>
				<timestamp>1026.412734</timestamp>
			</report>
			<report>
				<misses>2855001</misses>
				<total>6</total>
				<timestamp>1026.772400</timestamp>
			</report>
			<report>
				<misses>2856001</misses>
				<total>6</total>
				<timestamp>1027.132087</timestamp>
			</report>
			<report>
				<misses>2857001</misses>
				<total>6</total>
				<timestamp>1027.491672</timestamp>
			</report>
			<report>
				<misses>2858001</misses>
				<total>6</total>
				<timestamp>1027.851341</timestamp>
			</report>
			<report>
				<misses>2859001</misses>
				<total>6</total>
				<timestamp>1028.210950</timestamp>
			</report>
			<report>
				<misses>2860001</misses>
				<total>6</total>
				<timestamp>1028.570587</timestamp>
			</report>
			<report>
				<misses>2861001</misses>
				<total>6</total>
				<timestamp>1028.930242</timestamp>
			</report>
			<report>
				<misses>2862001</misses>
				<total>6</total>
				<timestamp>1029.289902</timestamp>
			</report>
			<report>
				<misses>2863001</misses>
				<total>6</total>
				<timestamp>1029.649555</timestamp>
			</report>
			<report>
				<misses>2864001</misses>
				<total>6</total>
				<timestamp>1030.009130</timestamp>
			</report>
			<report>
				<misses>2865001</misses>
				<total>6</total>
				<timestamp>1030.368809</timestamp>
			</report>
			<report>
				<misses>2866001</misses>
				<total>6</total>
				<timestamp>1030.728435</timestamp>
			</report>
			<report>
				<misses>2867001</misses>
				<total>6</total>
				<timestamp>1031.088108</timestamp>
			</report>
			<report>
				<misses>2868001</misses>
				<total>6</total>
				<timestamp>1031.447748</timestamp>
			</report>
			<report>
				<misses>2869001</misses>
				<total>6</total>
				<timestamp>1031.807375</timestamp>
			</report>
			<report>
				<misses>2870001</misses>
				<total>6</total>
				<timestamp>1032.167009</timestamp>
			</report>
			<report>
				<misses>2871001</misses>
				<total>6</total>
				<timestamp>1032.526633</timestamp>
			</report>
			<report>
				<misses>2872001</misses>
				<total>6</total>
				<timestamp>1032.886247</timestamp>
			</report>
			<report>
				<misses>2873001</misses>
				<total>6</total>
				<timestamp>1033.245964</timestamp>
			</report>
			<report>
				<misses>2874001</misses>
				<total>6</total>
				<timestamp>1033.605542</timestamp>
			</report>
			<report>
				<misses>2875001</misses>
				<total>6</total>
				<timestamp>1033.965171</timestamp>
			</report>
			<report>
				<misses>2876001</misses>
				<total>6</total>
				<timestamp>1034.324909</timestamp>
			</report>
			<report>
				<misses>2877001</misses>
				<total>6</total>
				<timestamp>1034.684455</timestamp>
			</report>
			<report>
				<misses>2878001</misses>
				<total>6</total>
				<timestamp>1035.044186</timestamp>
			</report>
			<report>
				<misses>2879001</misses>
				<total>6</total>
				<timestamp>1035.403751</timestamp>
			</report>
			<report>
				<misses>2880001</misses>
				<total>6</total>
				<timestamp>1035.763380</timestamp>
			</report>
			<report>
				<misses>2881001</misses>
				<total>6</total>
				<timestamp>1036.123023</timestamp>
			</report>
			<report>
				<misses>2882001</misses>
				<total>6</total>
				<timestamp>1036.482748</timestamp>
			</report>
			<report>
				<misses>2883001</misses>
				<total>6</total>
				<timestamp>1036.842342</timestamp>
			</report>
			<report>
				<misses>2884001</misses>
				<total>6</total>
				<timestamp>1037.201982</timestamp>
			</report>
			<report>
				<misses>2885001</misses>
				<total>6</total>
				<timestamp>1037.561643</timestamp>
			</report>
			<report>
				<misses>2886001</misses>
				<total>6</total>
				<timestamp>1037.921265</timestamp>
			</report>
			<report>
				<misses>2887001</misses>
				<total>6</total>
				<timestamp>1038.280946</timestamp>
			</report>
			<report>
				<misses>2888001</misses>
				<total>6</total>
				<timestamp>1038.640589</timestamp>
			</report>
			<report>
				<misses>2889001</misses>
				<total>6</total>
				<timestamp>1039.000261</timestamp>
			</report>
			<report>
				<misses>2890001</misses>
				<total>6</total>
				<timestamp>1039.359794</timestamp>
			</report>
			<report>
				<misses>2891001</misses>
				<total>6</total>
				<timestamp>1039.719460</timestamp>
			</report>
			<report>
				<misses>2892001</misses>
				<total>6</total>
				<timestamp>1040.079046</timestamp>
			</report>
			<report>
				<misses>2893001</misses>
				<total>6</total>
				<timestamp>1040.438740</timestamp>
			</report>
			<report>
				<misses>2894001</misses>
				<total>6</total>
				<timestamp>1040.798424</timestamp>
			</report>
			<report>
				<misses>2895001</misses>
				<total>6</total>
				<timestamp>1041.157996</timestamp>
			</report>
			<report>
				<misses>2896001</misses>
				<total>6</total>
				<timestamp>1041.517639</timestamp>
			</report>
			<report>
				<misses>2897001</misses>
				<total>6</total>
				<timestamp>1041.877282</timestamp>
			</report>
			<report>
				<misses>2898001</misses>
				<total>6</total>
				<timestamp>1042.236902</timestamp>
			</report>
			<report>
				<misses>2899001</misses>
				<total>6</total>
				<timestamp>1042.596540</timestamp>
			</report>
			<report>
				<misses>2900001</misses>
				<total>6</total>
				<timestamp>1042.956193</timestamp>
			</report>
			<report>
				<misses>2901001</misses>
				<total>6</total>
				<timestamp>1043.315845</timestamp>
			</report>
			<report>
				<misses>2902001</misses>
				<total>6</total>
				<timestamp>1043.675471</timestamp>
			</report>
			<report>
				<misses>2903001</misses>
				<total>6</total>
				<timestamp>1044.035156</timestamp>
			</report>
			<report>
				<misses>2904001</misses>
				<total>6</total>
				<timestamp>1044.394753</timestamp>
			</report>
			<report>
				<misses>2905001</misses>
				<total>6</total>
				<timestamp>1044.754427</timestamp>
			</report>
			<report>
				<misses>2906001</misses>
				<total>6</total>
				<timestamp>1045.114014</timestamp>
			</report>
			<report>
				<misses>2907001</misses>
				<total>6</total>
				<timestamp>1045.473679</timestamp>
			</report>
			<report>
				<misses>2908001</misses>
				<total>6</total>
				<timestamp>1045.833293</timestamp>
			</report>
			<report>
				<misses>2909001</misses>
				<total>6</total>
				<timestamp>1046.192931</timestamp>
			</report>
			<report>
				<misses>2910001</misses>
				<total>6</total>
				<timestamp>1046.552640</timestamp>
			</report>
			<report>
				<misses>2911001</misses>
				<total>6</total>
				<timestamp>1046.912233</timestamp>
			</report>
			<report>
				<misses>2912001</misses>
				<total>6</total>
				<timestamp>1047.271871</timestamp>
			</report>
			<report>
				<misses>2913001</misses>
				<total>6</total>
				<timestamp>1047.631505</timestamp>
			</report>
			<report>
				<misses>2914001</misses>
				<total>6</total>
				<timestamp>1047.991144</timestamp>
			</report>
			<report>
				<misses>2915001</misses>
				<total>6</total>
				<timestamp>1048.350801</timestamp>
			</report>
			<report>
				<misses>2916001</misses>
				<total>6</total>
				<timestamp>1048.710436</timestamp>
			</report>
			<report>
				<misses>2917001</misses>
				<total>6</total>
				<timestamp>1049.070062</timestamp>
			</report>
			<report>
				<misses>2918001</misses>
				<total>6</total>
				<timestamp>1049.429714</timestamp>
			</report>
			<report>
				<misses>2919001</misses>
				<total>6</total>
				<timestamp>1049.789366</timestamp>
			</report>
			<report>
				<misses>2920001</misses>
				<total>6</total>
				<timestamp>1050.149046</timestamp>
			</report>
			<report>
				<misses>2921001</misses>
				<total>6</total>
				<timestamp>1050.508619</timestamp>
			</report>
			<report>
				<misses>2922001</misses>
				<total>6</total>
				<timestamp>1050.868334</timestamp>
			</report>
			<report>
				<misses>2923001</misses>
				<total>6</total>
				<timestamp>1051.227914</timestamp>
			</report>
			<report>
				<misses>2924001</misses>
				<total>6</total>
				<timestamp>1051.587532</timestamp>
			</report>
			<report>
				<misses>2925001</misses>
				<total>6</total>
				<timestamp>1051.947272</timestamp>
			</report>
			<report>
				<misses>2926001</misses>
				<total>6</total>
				<timestamp>1052.306873</timestamp>
			</report>
			<report>
				<misses>2927001</misses>
				<total>6</total>
				<timestamp>1052.666443</timestamp>
			</report>
			<report>
				<misses>2928001</misses>
				<total>6</total>
				<timestamp>1053.026164</timestamp>
			</report>
			<report>
				<misses>2929001</misses>
				<total>6</total>
				<timestamp>1053.385749</timestamp>
			</report>
			<report>
				<misses>2930001</misses>
				<total>6</total>
				<timestamp>1053.745394</timestamp>
			</report>
			<report>
				<misses>2931001</misses>
				<total>6</total>
				<timestamp>1054.105035</timestamp>
			</report>
			<report>
				<misses>2932001</misses>
				<total>6</total>
				<timestamp>1054.464654</timestamp>
			</report>
			<report>
				<misses>2933001</misses>
				<total>6</total>
				<timestamp>1054.824323</timestamp>
			</report>
			<report>
				<misses>2934001</misses>
				<total>6</total>
				<timestamp>1055.184002</timestamp>
			</report>
			<report>
				<misses>2935001</misses>
				<total>6</total>
				<timestamp>1055.543567</timestamp>
			</report>
			<report>
				<misses>2936001</misses>
				<total>6</total>
				<timestamp>1055.903245</timestamp>
			</report>
			<report>
				<misses>2937001</misses>
				<total>6</total>
				<timestamp>1056.262928</timestamp>
			</report>
			<report>
				<misses>2938001</misses>
				<total>6</total>
				<timestamp>1056.622502</timestamp>
			</report>
			<report>
				<misses>2939001</misses>
				<total>6</total>
				<timestamp>1056.982205</timestamp>
			</report>
			<report>
				<misses>2940001</misses>
				<total>6</total>
				<timestamp>1057.341790</timestamp>
			</report>
			<report>
				<misses>2941001</misses>
				<total>6</total>
				<timestamp>1057.701415</timestamp>
			</report>
			<report>
				<misses>2942001</misses>
				<total>6</total>
				<timestamp>1058.061051</timestamp>
			</report>
			<report>
				<misses>2943001</misses>
				<total>6</total>
				<timestamp>1058.420708</timestamp>
			</report>
			<report>
				<misses>2944001</misses>
				<total>6</total>
				<timestamp>1058.780340</timestamp>
			</report>
			<report>
				<misses>2945001</misses>
				<total>6</total>
				<timestamp>1059.140061</timestamp>
			</report>
			<report>
				<misses>2946001</misses>
				<total>6</total>
				<timestamp>1059.499624</timestamp>
			</report>
			<report>
				<misses>2947001</misses>
				<total>6</total>
				<timestamp>1059.859266</timestamp>
			</report>
			<report>
				<misses>2948001</misses>
				<total>6</total>
				<timestamp>1060.218932</timestamp>
			</report>
			<report>
				<misses>2949001</misses>
				<total>6</total>
				<timestamp>1060.578578</timestamp>
			</report>
			<report>
				<misses>2950001</misses>
				<total>6</total>
				<timestamp>1060.938187</timestamp>
			</report>
			<report>
				<misses>2951001</misses>
				<total>6</total>
				<timestamp>1061.297802</timestamp>
			</report>
			<report>
				<misses>2952001</misses>
				<total>6</total>
				<timestamp>1061.657467</timestamp>
			</report>
			<report>
				<misses>2953001</misses>
				<total>6</total>
				<timestamp>1062.017186</timestamp>
			</report>
			<report>
				<misses>2954001</misses>
				<total>6</total>
				<timestamp>1062.376808</timestamp>
			</report>
			<report>
				<misses>2955001</misses>
				<total>6</total>
				<timestamp>1062.736365</timestamp>
			</report>
			<report>
				<misses>2956001</misses>
				<total>6</total>
				<timestamp>1063.096022</timestamp>
			</report>
			<report>
				<misses>2957001</misses>
				<total>6</total>
				<timestamp>1063.455678</timestamp>
			</report>
			<report>
				<misses>2958001</misses>
				<total>6</total>
				<timestamp>1063.815311</timestamp>
			</report>
			<report>
				<misses>2959001</misses>
				<total>6</total>
				<timestamp>1064.174942</timestamp>
			</report>
			<report>
				<misses>2960001</misses>
				<total>6</total>
				<timestamp>1064.534613</timestamp>
			</report>
			<report>
				<misses>2961001</misses>
				<total>6</total>
				<timestamp>1064.894308</timestamp>
			</report>
			<report>
				<misses>2962001</misses>
				<total>6</total>
				<timestamp>1065.253862</timestamp>
			</report>
			<report>
				<misses>2963001</misses>
				<total>6</total>
				<timestamp>1065.613493</timestamp>
			</report>
			<report>
				<misses>2964001</misses>
				<total>6</total>
				<timestamp>1065.973197</timestamp>
			</report>
			<report>
				<misses>2965001</misses>
				<total>6</total>
				<timestamp>1066.332772</timestamp>
			</report>
			<report>
				<misses>2966001</misses>
				<total>6</total>
				<timestamp>1066.692438</timestamp>
			</report>
			<report>
				<misses>2967001</misses>
				<total>6</total>
				<timestamp>1067.052044</timestamp>
			</report>
			<report>
				<misses>2968001</misses>
				<total>6</total>
				<timestamp>1067.411739</timestamp>
			</report>
			<report>
				<misses>2969001</misses>
				<total>6</total>
				<timestamp>1067.771319</timestamp>
			</report>
			<report>
				<misses>2970001</misses>
				<total>6</total>
				<timestamp>1068.131023</timestamp>
			</report>
			<report>
				<misses>2971001</misses>
				<total>6</total>
				<timestamp>1068.490664</timestamp>
			</report>
			<report>
				<misses>2972001</misses>
				<total>6</total>
				<timestamp>1068.850250</timestamp>
			</report>
			<report>
				<misses>2973001</misses>
				<total>6</total>
				<timestamp>1069.209990</timestamp>
			</report>
			<report>
				<misses>2974001</misses>
				<total>6</total>
				<timestamp>1069.569537</timestamp>
			</report>
			<report>
				<misses>2975001</misses>
				<total>6</total>
				<timestamp>1069.929226</timestamp>
			</report>
			<report>
				<misses>2976001</misses>
				<total>6</total>
				<timestamp>1070.288876</timestamp>
			</report>
			<report>
				<misses>2977001</misses>
				<total>6</total>
				<timestamp>1070.648474</timestamp>
			</report>
			<report>
				<misses>2978001</misses>
				<total>6</total>
				<timestamp>1071.008116</timestamp>
			</report>
			<report>
				<misses>2979001</misses>
				<total>6</total>
				<timestamp>1071.367785</timestamp>
			</report>
			<report>
				<misses>2980001</misses>
				<total>6</total>
				<timestamp>1071.727372</timestamp>
			</report>
			<report>
				<misses>2981001</misses>
				<total>6</total>
				<timestamp>1072.087109</timestamp>
			</report>
			<report>
				<misses>2982001</misses>
				<total>6</total>
				<timestamp>1072.446652</timestamp>
			</report>
			<report>
				<misses>2983001</misses>
				<total>6</total>
				<timestamp>1072.806291</timestamp>
			</report>
			<report>
				<misses>2984001</misses>
				<total>6</total>
				<timestamp>1073.165944</timestamp>
			</report>
			<report>
				<misses>2985001</misses>
				<total>6</total>
				<timestamp>1073.525586</timestamp>
			</report>
			<report>
				<misses>2986001</misses>
				<total>6</total>
				<timestamp>1073.885215</timestamp>
			</report>
			<report>
				<misses>2987001</misses>
				<total>6</total>
				<timestamp>1074.244894</timestamp>
			</report>
			<report>
				<misses>2988001</misses>
				<total>6</total>
				<timestamp>1074.604518</timestamp>
			</report>
			<report>
				<misses>2989001</misses>
				<total>6</total>
				<timestamp>1074.964270</timestamp>
			</report>
			<report>
				<misses>2990001</misses>
				<total>6</total>
				<timestamp>1075.323826</timestamp>
			</report>
			<report>
				<misses>2991001</misses>
				<total>6</total>
				<timestamp>1075.683415</timestamp>
			</report>
			<report>
				<misses>2992001</misses>
				<total>6</total>
				<timestamp>1076.043079</timestamp>
			</report>
			<report>
				<misses>2993001</misses>
				<total>6</total>
				<timestamp>1076.402698</timestamp>
			</report>
			<report>
				<misses>2994001</misses>
				<total>6</total>
				<timestamp>1076.762403</timestamp>
			</report>
			<report>
				<misses>2995001</misses>
				<total>6</total>
				<timestamp>1077.122053</timestamp>
			</report>
			<report>
				<misses>2996001</misses>
				<total>6</total>
				<timestamp>1077.481625</timestamp>
			</report>
			<report>
				<misses>2997001</misses>
				<total>6</total>
				<timestamp>1077.841326</timestamp>
			</report>
			<report>
				<misses>2998001</misses>
				<total>6</total>
				<timestamp>1078.200889</timestamp>
			</report>
			<report>
				<misses>2999001</misses>
				<total>6</total>
				<timestamp>1078.560579</timestamp>
			</report>
			<report>
				<misses>3000001</misses>
				<total>6</total>
				<timestamp>1078.920182</timestamp>
			</report>
			<report>
				<misses>3001001</misses>
				<total>6</total>
				<timestamp>1079.279818</timestamp>
			</report>
			<report>
				<misses>3002001</misses>
				<total>6</total>
				<timestamp>1079.639505</timestamp>
			</report>
			<report>
				<misses>3003001</misses>
				<total>6</total>
				<timestamp>1079.999161</timestamp>
			</report>
			<report>
				<misses>3004001</misses>
				<total>6</total>
				<timestamp>1080.358792</timestamp>
			</report>
			<report>
				<misses>3005001</misses>
				<total>6</total>
				<timestamp>1080.718381</timestamp>
			</report>
			<report>
				<misses>3006001</misses>
				<total>6</total>
				<timestamp>1081.078152</timestamp>
			</report>
			<report>
				<misses>3007001</misses>
				<total>6</total>
				<timestamp>1081.437652</timestamp>
			</report>
			<report>
				<misses>3008001</misses>
				<total>6</total>
				<timestamp>1081.797312</timestamp>
			</report>
			<report>
				<misses>3009001</misses>
				<total>6</total>
				<timestamp>1082.156970</timestamp>
			</report>
			<report>
				<misses>3010001</misses>
				<total>6</total>
				<timestamp>1082.516575</timestamp>
			</report>
			<report>
				<misses>3011001</misses>
				<total>6</total>
				<timestamp>1082.876220</timestamp>
			</report>
			<report>
				<misses>3012001</misses>
				<total>6</total>
				<timestamp>1083.235859</timestamp>
			</report>
			<report>
				<misses>3013001</misses>
				<total>6</total>
				<timestamp>1083.595480</timestamp>
			</report>
			<report>
				<misses>3014001</misses>
				<total>6</total>
				<timestamp>1083.955148</timestamp>
			</report>
			<report>
				<misses>3015001</misses>
				<total>6</total>
				<timestamp>1084.314801</timestamp>
			</report>
			<report>
				<misses>3016001</misses>
				<total>6</total>
				<timestamp>1084.674464</timestamp>
			</report>
			<report>
				<misses>3017001</misses>
				<total>6</total>
				<timestamp>1085.034098</timestamp>
			</report>
			<report>
				<misses>3018001</misses>
				<total>6</total>
				<timestamp>1085.393746</timestamp>
			</report>
			<report>
				<misses>3019001</misses>
				<total>6</total>
				<timestamp>1085.753375</timestamp>
			</report>
			<report>
				<misses>3020001</misses>
				<total>6</total>
				<timestamp>1086.113039</timestamp>
			</report>
			<report>
				<misses>3021001</misses>
				<total>6</total>
				<timestamp>1086.472675</timestamp>
			</report>
			<report>
				<misses>3022001</misses>
				<total>6</total>
				<timestamp>1086.832246</timestamp>
			</report>
			<report>
				<misses>3023001</misses>
				<total>6</total>
				<timestamp>1087.191917</timestamp>
			</report>
			<report>
				<misses>3024001</misses>
				<total>6</total>
				<timestamp>1087.551555</timestamp>
			</report>
			<report>
				<misses>3025001</misses>
				<total>6</total>
				<timestamp>1087.911209</timestamp>
			</report>
			<report>
				<misses>3026001</misses>
				<total>6</total>
				<timestamp>1088.270862</timestamp>
			</report>
			<report>
				<misses>3027001</misses>
				<total>6</total>
				<timestamp>1088.630453</timestamp>
			</report>
			<report>
				<misses>3028001</misses>
				<total>6</total>
				<timestamp>1088.990124</timestamp>
			</report>
			<report>
				<misses>3029001</misses>
				<total>6</total>
				<timestamp>1089.349768</timestamp>
			</report>
			<report>
				<misses>3030001</misses>
				<total>6</total>
				<timestamp>1089.709398</timestamp>
			</report>
			<report>
				<misses>3031001</misses>
				<total>6</total>
				<timestamp>1090.069065</timestamp>
			</report>
			<report>
				<misses>3032001</misses>
				<total>6</total>
				<timestamp>1090.428689</timestamp>
			</report>
			<report>
				<misses>3033001</misses>
				<total>6</total>
				<timestamp>1090.788335</timestamp>
			</report>
			<report>
				<misses>3034001</misses>
				<total>6</total>
				<timestamp>1091.148030</timestamp>
			</report>
			<report>
				<misses>3035001</misses>
				<total>6</total>
				<timestamp>1091.507592</timestamp>
			</report>
			<report>
				<misses>3036001</misses>
				<total>6</total>
				<timestamp>1091.867284</timestamp>
			</report>
			<report>
				<misses>3037001</misses>
				<total>6</total>
				<timestamp>1092.226953</timestamp>
			</report>
			<report>
				<misses>3038001</misses>
				<total>6</total>
				<timestamp>1092.586542</timestamp>
			</report>
			<report>
				<misses>3039001</misses>
				<total>6</total>
				<timestamp>1092.946227</timestamp>
			</report>
			<report>
				<misses>3040001</misses>
				<total>6</total>
				<timestamp>1093.305792</timestamp>
			</report>
			<report>
				<misses>3041001</misses>
				<total>6</total>
				<timestamp>1093.665468</timestamp>
			</report>
			<report>
				<misses>3042001</misses>
				<total>6</total>
				<timestamp>1094.025134</timestamp>
			</report>
			<report>
				<misses>3043001</misses>
				<total>6</total>
				<timestamp>1094.384767</timestamp>
			</report>
			<report>
				<misses>3044001</misses>
				<total>6</total>
				<timestamp>1094.744342</timestamp>
			</report>
			<report>
				<misses>3045001</misses>
				<total>6</total>
				<timestamp>1095.104047</timestamp>
			</report>
			<report>
				<misses>3046001</misses>
				<total>6</total>
				<timestamp>1095.463635</timestamp>
			</report>
			<report>
				<misses>3047001</misses>
				<total>6</total>
				<timestamp>1095.823376</timestamp>
			</report>
			<report>
				<misses>3048001</misses>
				<total>6</total>
				<timestamp>1096.182923</timestamp>
			</report>
			<report>
				<misses>3049001</misses>
				<total>6</total>
				<timestamp>1096.542554</timestamp>
			</report>
			<report>
				<misses>3050001</misses>
				<total>6</total>
				<timestamp>1096.902196</timestamp>
			</report>
			<report>
				<misses>3051001</misses>
				<total>6</total>
				<timestamp>1097.261831</timestamp>
			</report>
			<report>
				<misses>3052001</misses>
				<total>6</total>
				<timestamp>1097.621507</timestamp>
			</report>
			<report>
				<misses>3053001</misses>
				<total>6</total>
				<timestamp>1097.981132</timestamp>
			</report>
			<report>
				<misses>3054001</misses>
				<total>6</total>
				<timestamp>1098.340740</timestamp>
			</report>
			<report>
				<misses>3055001</misses>
				<total>6</total>
				<timestamp>1098.700383</timestamp>
			</report>
			<report>
				<misses>3056001</misses>
				<total>6</total>
				<timestamp>1099.060032</timestamp>
			</report>
			<report>
				<misses>3057001</misses>
				<total>6</total>
				<timestamp>1099.419763</timestamp>
			</report>
			<report>
				<misses>3058001</misses>
				<total>6</total>
				<timestamp>1099.779295</timestamp>
			</report>
			<report>
				<misses>3059001</misses>
				<total>6</total>
				<timestamp>1100.138954</timestamp>
			</report>
			<report>
				<misses>3060001</misses>
				<total>6</total>
				<timestamp>1100.498590</timestamp>
			</report>
			<report>
				<misses>3061001</misses>
				<total>6</total>
				<timestamp>1100.858263</timestamp>
			</report>
			<report>
				<misses>3062001</misses>
				<total>6</total>
				<timestamp>1101.218012</timestamp>
			</report>
			<report>
				<misses>3063001</misses>
				<total>6</total>
				<timestamp>1101.577564</timestamp>
			</report>
			<report>
				<misses>3064001</misses>
				<total>6</total>
				<timestamp>1101.937202</timestamp>
			</report>
			<report>
				<misses>3065001</misses>
				<total>6</total>
				<timestamp>1102.296815</timestamp>
			</report>
			<report>
				<misses>3066001</misses>
				<total>6</total>
				<timestamp>1102.656439</timestamp>
			</report>
			<report>
				<misses>3067001</misses>
				<total>6</total>
				<timestamp>1103.016074</timestamp>
			</report>
			<report>
				<misses>3068001</misses>
				<total>6</total>
				<timestamp>1103.375692</timestamp>
			</report>
			<report>
				<misses>3069001</misses>
				<total>6</total>
				<timestamp>1103.735443</timestamp>
			</report>
			<report>
				<misses>3070001</misses>
				<total>6</total>
				<timestamp>1104.095033</timestamp>
			</report>
			<report>
				<misses>3071001</misses>
				<total>6</total>
				<timestamp>1104.454634</timestamp>
			</report>
			<report>
				<misses>3072001</misses>
				<total>6</total>
				<timestamp>1104.814303</timestamp>
			</report>
			<report>
				<misses>3073001</misses>
				<total>6</total>
				<timestamp>1105.173919</timestamp>
			</report>
			<report>
				<misses>3074001</misses>
				<total>6</total>
				<timestamp>1105.533542</timestamp>
			</report>
			<report>
				<misses>3075001</misses>
				<total>6</total>
				<timestamp>1105.893208</timestamp>
			</report>
			<report>
				<misses>3076001</misses>
				<total>6</total>
				<timestamp>1106.252860</timestamp>
			</report>
			<report>
				<misses>3077001</misses>
				<total>6</total>
				<timestamp>1106.612468</timestamp>
			</report>
			<report>
				<misses>3078001</misses>
				<total>6</total>
				<timestamp>1106.972133</timestamp>
			</report>
			<report>
				<misses>3079001</misses>
				<total>6</total>
				<timestamp>1107.331767</timestamp>
			</report>
			<report>
				<misses>3080001</misses>
				<total>6</total>
				<timestamp>1107.691432</timestamp>
			</report>
			<report>
				<misses>3081001</misses>
				<total>6</total>
				<timestamp>1108.051056</timestamp>
			</report>
			<report>
				<misses>3082001</misses>
				<total>6</total>
				<timestamp>1108.410671</timestamp>
			</report>
			<report>
				<misses>3083001</misses>
				<total>6</total>
				<timestamp>1108.770365</timestamp>
			</report>
			<report>
				<misses>3084001</misses>
				<total>6</total>
				<timestamp>1109.130000</timestamp>
			</report>
			<report>
				<misses>3085001</misses>
				<total>6</total>
				<timestamp>1109.489587</timestamp>
			</report>
			<report>
				<misses>3086001</misses>
				<total>6</total>
				<timestamp>1109.849218</timestamp>
			</report>
			<report>
				<misses>3087001</misses>
				<total>6</total>
				<timestamp>1110.209000</timestamp>
			</report>
			<report>
				<misses>3088001</misses>
				<total>6</total>
				<timestamp>1110.568551</timestamp>
			</report>
			<report>
				<misses>3089001</misses>
				<total>6</total>
				<timestamp>1110.928124</timestamp>
			</report>
			<report>
				<misses>3090001</misses>
				<total>6</total>
				<timestamp>1111.287853</timestamp>
			</report>
			<report>
				<misses>3091001</misses>
				<total>6</total>
				<timestamp>1111.647441</timestamp>
			</report>
			<report>
				<misses>3092001</misses>
				<total>6</total>
				<timestamp>1112.007082</timestamp>
			</report>
			<report>
				<misses>3093001</misses>
				<total>6</total>
				<timestamp>1112.366706</timestamp>
			</report>
			<report>
				<misses>3094001</misses>
				<total>6</total>
				<timestamp>1112.726330</timestamp>
			</report>
			<report>
				<misses>3095001</misses>
				<total>6</total>
				<timestamp>1113.086054</timestamp>
			</report>
			<report>
				<misses>3096001</misses>
				<total>6</total>
				<timestamp>1113.445666</timestamp>
			</report>
			<report>
				<misses>3097001</misses>
				<total>6</total>
				<timestamp>1113.805272</timestamp>
			</report>
			<report>
				<misses>3098001</misses>
				<total>6</total>
				<timestamp>1114.164977</timestamp>
			</report>
			<report>
				<misses>3099001</misses>
				<total>6</total>
				<timestamp>1114.524615</timestamp>
			</report>
			<report>
				<misses>3100001</misses>
				<total>6</total>
				<timestamp>1114.884180</timestamp>
			</report>
			<report>
				<misses>3101001</misses>
				<total>6</total>
				<timestamp>1115.243844</timestamp>
			</report>
			<report>
				<misses>3102001</misses>
				<total>6</total>
				<timestamp>1115.603524</timestamp>
			</report>
			<report>
				<misses>3103001</misses>
				<total>6</total>
				<timestamp>1115.963113</timestamp>
			</report>
			<report>
				<misses>3104001</misses>
				<total>6</total>
				<timestamp>1116.322811</timestamp>
			</report>
			<report>
				<misses>3105001</misses>
				<total>6</total>
				<timestamp>1116.682387</timestamp>
			</report>
			<report>
				<misses>3106001</misses>
				<total>6</total>
				<timestamp>1117.042002</timestamp>
			</report>
			<report>
				<misses>3107001</misses>
				<total>6</total>
				<timestamp>1117.401785</timestamp>
			</report>
			<report>
				<misses>3108001</misses>
				<total>6</total>
				<timestamp>1117.761328</timestamp>
			</report>
			<report>
				<misses>3109001</misses>
				<total>6</total>
				<timestamp>1118.120938</timestamp>
			</report>
			<report>
				<misses>3110001</misses>
				<total>6</total>
				<timestamp>1118.480599</timestamp>
			</report>
			<report>
				<misses>3111001</misses>
				<total>6</total>
				<timestamp>1118.840230</timestamp>
			</report>
			<report>
				<misses>3112001</misses>
				<total>6</total>
				<timestamp>1119.199910</timestamp>
			</report>
			<report>
				<misses>3113001</misses>
				<total>6</total>
				<timestamp>1119.559491</timestamp>
			</report>
			<report>
				<misses>3114001</misses>
				<total>6</total>
				<timestamp>1119.919233</timestamp>
			</report>
			<report>
				<misses>3115001</misses>
				<total>6</total>
				<timestamp>1120.278825</timestamp>
			</report>
			<report>
				<misses>3116001</misses>
				<total>6</total>
				<timestamp>1120.638413</timestamp>
			</report>
			<report>
				<misses>3117001</misses>
				<total>6</total>
				<timestamp>1120.998074</timestamp>
			</report>
			<report>
				<misses>3118001</misses>
				<total>6</total>
				<timestamp>1121.357718</timestamp>
			</report>
			<report>
				<misses>3119001</misses>
				<total>6</total>
				<timestamp>1121.717329</timestamp>
			</report>
			<report>
				<misses>3120001</misses>
				<total>6</total>
				<timestamp>1122.076989</timestamp>
			</report>
			<report>
				<misses>3121001</misses>
				<total>6</total>
				<timestamp>1122.436675</timestamp>
			</report>
			<report>
				<misses>3122001</misses>
				<total>6</total>
				<timestamp>1122.796268</timestamp>
			</report>
			<report>
				<misses>3123001</misses>
				<total>6</total>
				<timestamp>1123.155951</timestamp>
			</report>
			<report>
				<misses>3124001</misses>
				<total>6</total>
				<timestamp>1123.515540</timestamp>
			</report>
			<report>
				<misses>3125001</misses>
				<total>6</total>
				<timestamp>1123.875234</timestamp>
			</report>
			<report>
				<misses>3126001</misses>
				<total>6</total>
				<timestamp>1124.234874</timestamp>
			</report>
			<report>
				<misses>3127001</misses>
				<total>6</total>
				<timestamp>1124.594468</timestamp>
			</report>
			<report>
				<misses>3128001</misses>
				<total>6</total>
				<timestamp>1124.954115</timestamp>
			</report>
			<report>
				<misses>3129001</misses>
				<total>6</total>
				<timestamp>1125.313784</timestamp>
			</report>
			<report>
				<misses>3130001</misses>
				<total>6</total>
				<timestamp>1125.673470</timestamp>
			</report>
			<report>
				<misses>3131001</misses>
				<total>6</total>
				<timestamp>1126.033039</timestamp>
			</report>
			<report>
				<misses>3132001</misses>
				<total>6</total>
				<timestamp>1126.392653</timestamp>
			</report>
			<report>
				<misses>3133001</misses>
				<total>6</total>
				<timestamp>1126.752310</timestamp>
			</report>
			<report>
				<misses>3134001</misses>
				<total>6</total>
				<timestamp>1127.111976</timestamp>
			</report>
			<report>
				<misses>3135001</misses>
				<total>6</total>
				<timestamp>1127.471578</timestamp>
			</report>
			<report>
				<misses>3136001</misses>
				<total>6</total>
				<timestamp>1127.831236</timestamp>
			</report>
			<report>
				<misses>3137001</misses>
				<total>6</total>
				<timestamp>1128.190936</timestamp>
			</report>
			<report>
				<misses>3138001</misses>
				<total>6</total>
				<timestamp>1128.550551</timestamp>
			</report>
			<report>
				<misses>3139001</misses>
				<total>6</total>
				<timestamp>1128.910175</timestamp>
			</report>
			<report>
				<misses>3140001</misses>
				<total>6</total>
				<timestamp>1129.269775</timestamp>
			</report>
			<report>
				<misses>3141001</misses>
				<total>6</total>
				<timestamp>1129.629429</timestamp>
			</report>
			<report>
				<misses>3142001</misses>
				<total>6</total>
				<timestamp>1129.989077</timestamp>
			</report>
			<report>
				<misses>3143001</misses>
				<total>6</total>
				<timestamp>1130.348793</timestamp>
			</report>
			<report>
				<misses>3144001</misses>
				<total>6</total>
				<timestamp>1130.708392</timestamp>
			</report>
			<report>
				<misses>3145001</misses>
				<total>6</total>
				<timestamp>1131.068046</timestamp>
			</report>
			<report>
				<misses>3146001</misses>
				<total>6</total>
				<timestamp>1131.427640</timestamp>
			</report>
			<report>
				<misses>3147001</misses>
				<total>6</total>
				<timestamp>1131.787271</timestamp>
			</report>
			<report>
				<misses>3148001</misses>
				<total>6</total>
				<timestamp>1132.146900</timestamp>
			</report>
			<report>
				<misses>3149001</misses>
				<total>6</total>
				<timestamp>1132.506598</timestamp>
			</report>
			<report>
				<misses>3150001</misses>
				<total>6</total>
				<timestamp>1132.866174</timestamp>
			</report>
			<report>
				<misses>3151001</misses>
				<total>6</total>
				<timestamp>1133.225837</timestamp>
			</report>
			<report>
				<misses>3152001</misses>
				<total>6</total>
				<timestamp>1133.585494</timestamp>
			</report>
			<report>
				<misses>3153001</misses>
				<total>6</total>
				<timestamp>1133.945124</timestamp>
			</report>
			<report>
				<misses>3154001</misses>
				<total>6</total>
				<timestamp>1134.304763</timestamp>
			</report>
			<report>
				<misses>3155001</misses>
				<total>6</total>
				<timestamp>1134.664447</timestamp>
			</report>
			<report>
				<misses>3156001</misses>
				<total>6</total>
				<timestamp>1135.024063</timestamp>
			</report>
			<report>
				<misses>3157001</misses>
				<total>6</total>
				<timestamp>1135.383690</timestamp>
			</report>
			<report>
				<misses>3158001</misses>
				<total>6</total>
				<timestamp>1135.743366</timestamp>
			</report>
			<report>
				<misses>3159001</misses>
				<total>6</total>
				<timestamp>1136.102970</timestamp>
			</report>
			<report>
				<misses>3160001</misses>
				<total>6</total>
				<timestamp>1136.462652</timestamp>
			</report>
			<report>
				<misses>3161001</misses>
				<total>6</total>
				<timestamp>1136.822306</timestamp>
			</report>
			<report>
				<misses>3162001</misses>
				<total>6</total>
				<timestamp>1137.181846</timestamp>
			</report>
			<report>
				<misses>3163001</misses>
				<total>6</total>
				<timestamp>1137.541529</timestamp>
			</report>
			<report>
				<misses>3164001</misses>
				<total>6</total>
				<timestamp>1137.901223</timestamp>
			</report>
			<report>
				<misses>3165001</misses>
				<total>6</total>
				<timestamp>1138.260837</timestamp>
			</report>
			<report>
				<misses>3166001</misses>
				<total>6</total>
				<timestamp>1138.620446</timestamp>
			</report>
			<report>
				<misses>3167001</misses>
				<total>6</total>
				<timestamp>1138.980078</timestamp>
			</report>
			<report>
				<misses>3168001</misses>
				<total>6</total>
				<timestamp>1139.339698</timestamp>
			</report>
			<report>
				<misses>3169001</misses>
				<total>6</total>
				<timestamp>1139.699388</timestamp>
			</report>
			<report>
				<misses>3170001</misses>
				<total>6</total>
				<timestamp>1140.059020</timestamp>
			</report>
			<report>
				<misses>3171001</misses>
				<total>6</total>
				<timestamp>1140.418669</timestamp>
			</report>
			<report>
				<misses>3172001</misses>
				<total>6</total>
				<timestamp>1140.778321</timestamp>
			</report>
			<report>
				<misses>3173001</misses>
				<total>6</total>
				<timestamp>1141.137927</timestamp>
			</report>
			<report>
				<misses>3174001</misses>
				<total>6</total>
				<timestamp>1141.497604</timestamp>
			</report>
			<report>
				<misses>3175001</misses>
				<total>6</total>
				<timestamp>1141.857234</timestamp>
			</report>
			<report>
				<misses>3176001</misses>
				<total>6</total>
				<timestamp>1142.216864</timestamp>
			</report>
			<report>
				<misses>3177001</misses>
				<total>6</total>
				<timestamp>1142.576454</timestamp>
			</report>
			<report>
				<misses>3178001</misses>
				<total>6</total>
				<timestamp>1142.936101</timestamp>
			</report>
			<report>
				<misses>3179001</misses>
				<total>6</total>
				<timestamp>1143.295764</timestamp>
			</report>
			<report>
				<misses>3180001</misses>
				<total>6</total>
				<timestamp>1143.655380</timestamp>
			</report>
			<report>
				<misses>3181001</misses>
				<total>6</total>
				<timestamp>1144.015040</timestamp>
			</report>
			<report>
				<misses>3182001</misses>
				<total>6</total>
				<timestamp>1144.374697</timestamp>
			</report>
			<report>
				<misses>3183001</misses>
				<total>6</total>
				<timestamp>1144.734303</timestamp>
			</report>
			<report>
				<misses>3184001</misses>
				<total>6</total>
				<timestamp>1145.093937</timestamp>
			</report>
			<report>
				<misses>3185001</misses>
				<total>6</total>
				<timestamp>1145.453586</timestamp>
			</report>
			<report>
				<misses>3186001</misses>
				<total>6</total>
				<timestamp>1145.813234</timestamp>
			</report>
			<report>
				<misses>3187001</misses>
				<total>6</total>
				<timestamp>1146.172994</timestamp>
			</report>
			<report>
				<misses>3188001</misses>
				<total>6</total>
				<timestamp>1146.532504</timestamp>
			</report>
			<report>
				<misses>3189001</misses>
				<total>6</total>
				<timestamp>1146.892172</timestamp>
			</report>
			<report>
				<misses>3190001</misses>
				<total>6</total>
				<timestamp>1147.251839</timestamp>
			</report>
			<report>
				<misses>3191001</misses>
				<total>6</total>
				<timestamp>1147.611412</timestamp>
			</report>
			<report>
				<misses>3192001</misses>
				<total>6</total>
				<timestamp>1147.971050</timestamp>
			</report>
			<report>
				<misses>3193001</misses>
				<total>6</total>
				<timestamp>1148.330809</timestamp>
			</report>
			<report>
				<misses>3194001</misses>
				<total>6</total>
				<timestamp>1148.690330</timestamp>
			</report>
			<report>
				<misses>3195001</misses>
				<total>6</total>
				<timestamp>1149.050048</timestamp>
			</report>
			<report>
				<misses>3196001</misses>
				<total>6</total>
				<timestamp>1149.409637</timestamp>
			</report>
			<report>
				<misses>3197001</misses>
				<total>6</total>
				<timestamp>1149.769325</timestamp>
			</report>
			<report>
				<misses>3198001</misses>
				<total>6</total>
				<timestamp>1150.129049</timestamp>
			</report>
			<report>
				<misses>3199001</misses>
				<total>6</total>
				<timestamp>1150.488544</timestamp>
			</report>
			<report>
				<misses>3200001</misses>
				<total>6</total>
				<timestamp>1150.848166</timestamp>
			</report>
			<report>
				<misses>3201001</misses>
				<total>6</total>
				<timestamp>1151.207817</timestamp>
			</report>
			<report>
				<misses>3202001</misses>
				<total>6</total>
				<timestamp>1151.567468</timestamp>
			</report>
			<report>
				<misses>3203001</misses>
				<total>6</total>
				<timestamp>1151.927102</timestamp>
			</report>
			<report>
				<misses>3204001</misses>
				<total>6</total>
				<timestamp>1152.286745</timestamp>
			</report>
			<report>
				<misses>3205001</misses>
				<total>6</total>
				<timestamp>1152.646378</timestamp>
			</report>
			<report>
				<misses>3206001</misses>
				<total>6</total>
				<timestamp>1153.006017</timestamp>
			</report>
			<report>
				<misses>3207001</misses>
				<total>6</total>
				<timestamp>1153.365732</timestamp>
			</report>
			<report>
				<misses>3208001</misses>
				<total>6</total>
				<timestamp>1153.725336</timestamp>
			</report>
			<report>
				<misses>3209001</misses>
				<total>6</total>
				<timestamp>1154.084933</timestamp>
			</report>
			<report>
				<misses>3210001</misses>
				<total>6</total>
				<timestamp>1154.444616</timestamp>
			</report>
			<report>
				<misses>3211001</misses>
				<total>6</total>
				<timestamp>1154.804233</timestamp>
			</report>
			<report>
				<misses>3212001</misses>
				<total>6</total>
				<timestamp>1155.163872</timestamp>
			</report>
			<report>
				<misses>3213001</misses>
				<total>6</total>
				<timestamp>1155.523546</timestamp>
			</report>
			<report>
				<misses>3214001</misses>
				<total>6</total>
				<timestamp>1155.883160</timestamp>
			</report>
			<report>
				<misses>3215001</misses>
				<total>6</total>
				<timestamp>1156.242802</timestamp>
			</report>
			<report>
				<misses>3216001</misses>
				<total>6</total>
				<timestamp>1156.602450</timestamp>
			</report>
			<report>
				<misses>3217001</misses>
				<total>6</total>
				<timestamp>1156.962049</timestamp>
			</report>
			<report>
				<misses>3218001</misses>
				<total>6</total>
				<timestamp>1157.321703</timestamp>
			</report>
			<report>
				<misses>3219001</misses>
				<total>6</total>
				<timestamp>1157.681357</timestamp>
			</report>
			<report>
				<misses>3220001</misses>
				<total>6</total>
				<timestamp>1158.041012</timestamp>
			</report>
			<report>
				<misses>3221001</misses>
				<total>6</total>
				<timestamp>1158.400662</timestamp>
			</report>
			<report>
				<misses>3222001</misses>
				<total>6</total>
				<timestamp>1158.760247</timestamp>
			</report>
			<report>
				<misses>3223001</misses>
				<total>6</total>
				<timestamp>1159.119941</timestamp>
			</report>
			<report>
				<misses>3224001</misses>
				<total>6</total>
				<timestamp>1159.479551</timestamp>
			</report>
			<report>
				<misses>3225001</misses>
				<total>6</total>
				<timestamp>1159.839236</timestamp>
			</report>
			<report>
				<misses>3226001</misses>
				<total>6</total>
				<timestamp>1160.198842</timestamp>
			</report>
			<report>
				<misses>3227001</misses>
				<total>6</total>
				<timestamp>1160.558467</timestamp>
			</report>
			<report>
				<misses>3228001</misses>
				<total>6</total>
				<timestamp>1160.918110</timestamp>
			</report>
			<report>
				<misses>3229001</misses>
				<total>6</total>
				<timestamp>1161.277733</timestamp>
			</report>
			<report>
				<misses>3230001</misses>
				<total>6</total>
				<timestamp>1161.637366</timestamp>
			</report>
			<report>
				<misses>3231001</misses>
				<total>6</total>
				<timestamp>1161.997009</timestamp>
			</report>
			<report>
				<misses>3232001</misses>
				<total>6</total>
				<timestamp>1162.356658</timestamp>
			</report>
			<report>
				<misses>3233001</misses>
				<total>6</total>
				<timestamp>1162.716320</timestamp>
			</report>
			<report>
				<misses>3234001</misses>
				<total>6</total>
				<timestamp>1163.075935</timestamp>
			</report>
			<report>
				<misses>3235001</misses>
				<total>6</total>
				<timestamp>1163.435625</timestamp>
			</report>
			<report>
				<misses>3236001</misses>
				<total>6</total>
				<timestamp>1163.795281</timestamp>
			</report>
			<report>
				<misses>3237001</misses>
				<total>6</total>
				<timestamp>1164.154929</timestamp>
			</report>
			<report>
				<misses>3238001</misses>
				<total>6</total>
				<timestamp>1164.514500</timestamp>
			</report>
			<report>
				<misses>3239001</misses>
				<total>6</total>
				<timestamp>1164.874198</timestamp>
			</report>
			<report>
				<misses>3240001</misses>
				<total>6</total>
				<timestamp>1165.233824</timestamp>
			</report>
			<report>
				<misses>3241001</misses>
				<total>6</total>
				<timestamp>1165.593446</timestamp>
			</report>
			<report>
				<misses>3242001</misses>
				<total>6</total>
				<timestamp>1165.953177</timestamp>
			</report>
			<report>
				<misses>3243001</misses>
				<total>6</total>
				<timestamp>1166.312715</timestamp>
			</report>
			<report>
				<misses>3244001</misses>
				<total>6</total>
				<timestamp>1166.672334</timestamp>
			</report>
			<report>
				<misses>3245001</misses>
				<total>6</total>
				<timestamp>1167.032086</timestamp>
			</report>
			<report>
				<misses>3246001</misses>
				<total>6</total>
				<timestamp>1167.391670</timestamp>
			</report>
			<report>
				<misses>3247001</misses>
				<total>6</total>
				<timestamp>1167.751270</timestamp>
			</report>
			<report>
				<misses>3248001</misses>
				<total>6</total>
				<timestamp>1168.110938</timestamp>
			</report>
			<report>
				<misses>3249001</misses>
				<total>6</total>
				<timestamp>1168.470581</timestamp>
			</report>
			<report>
				<misses>3250001</misses>
				<total>6</total>
				<timestamp>1168.830181</timestamp>
			</report>
			<report>
				<misses>3251001</misses>
				<total>6</total>
				<timestamp>1169.189927</timestamp>
			</report>
			<report>
				<misses>3252001</misses>
				<total>6</total>
				<timestamp>1169.549483</timestamp>
			</report>
			<report>
				<misses>3253001</misses>
				<total>6</total>
				<timestamp>1169.909093</timestamp>
			</report>
			<report>
				<misses>3254001</misses>
				<total>6</total>
				<timestamp>1170.268779</timestamp>
			</report>
			<report>
				<misses>3255001</misses>
				<total>6</total>
				<timestamp>1170.628457</timestamp>
			</report>
			<report>
				<misses>3256001</misses>
				<total>6</total>
				<timestamp>1170.988069</timestamp>
			</report>
			<report>
				<misses>3257001</misses>
				<total>6</total>
				<timestamp>1171.347671</timestamp>
			</report>
			<report>
				<misses>3258001</misses>
				<total>6</total>
				<timestamp>1171.707333</timestamp>
			</report>
			<report>
				<misses>3259001</misses>
				<total>6</total>
				<timestamp>1172.066971</timestamp>
			</report>
			<report>
				<misses>3260001</misses>
				<total>6</total>
				<timestamp>1172.426625</timestamp>
			</report>
			<report>
				<misses>3261001</misses>
				<total>6</total>
				<timestamp>1172.786219</timestamp>
			</report>
			<report>
				<misses>3262001</misses>
				<total>6</total>
				<timestamp>1173.145926</timestamp>
			</report>
			<report>
				<misses>3263001</misses>
				<total>6</total>
				<timestamp>1173.505545</timestamp>
			</report>
			<report>
				<misses>3264001</misses>
				<total>6</total>
				<timestamp>1173.865163</timestamp>
			</report>
			<report>
				<misses>3265001</misses>
				<total>6</total>
				<timestamp>1174.224819</timestamp>
			</report>
			<report>
				<misses>3266001</misses>
				<total>6</total>
				<timestamp>1174.584473</timestamp>
			</report>
			<report>
				<misses>3267001</misses>
				<total>6</total>
				<timestamp>1174.944099</timestamp>
			</report>
			<report>
				<misses>3268001</misses>
				<total>6</total>
				<timestamp>1175.303742</timestamp>
			</report>
			<report>
				<misses>3269001</misses>
				<total>6</total>
				<timestamp>1175.663414</timestamp>
			</report>
			<report>
				<misses>3270001</misses>
				<total>6</total>
				<timestamp>1176.023000</timestamp>
			</report>
			<report>
				<misses>3271001</misses>
				<total>6</total>
				<timestamp>1176.382622</timestamp>
			</report>
			<report>
				<misses>3272001</misses>
				<total>6</total>
				<timestamp>1176.742288</timestamp>
			</report>
			<report>
				<misses>3273001</misses>
				<total>6</total>
				<timestamp>1177.101949</timestamp>
			</report>
			<report>
				<misses>3274001</misses>
				<total>6</total>
				<timestamp>1177.461573</timestamp>
			</report>
			<report>
				<misses>3275001</misses>
				<total>6</total>
				<timestamp>1177.821210</timestamp>
			</report>
			<report>
				<misses>3276001</misses>
				<total>6</total>
				<timestamp>1178.180847</timestamp>
			</report>
			<report>
				<misses>3277001</misses>
				<total>6</total>
				<timestamp>1178.540536</timestamp>
			</report>
			<report>
				<misses>3278001</misses>
				<total>6</total>
				<timestamp>1178.900163</timestamp>
			</report>
			<report>
				<misses>3279001</misses>
				<total>6</total>
				<timestamp>1179.259746</timestamp>
			</report>
			<report>
				<misses>3280001</misses>
				<total>6</total>
				<timestamp>1179.619522</timestamp>
			</report>
			<report>
				<misses>3281001</misses>
				<total>6</total>
				<timestamp>1179.979030</timestamp>
			</report>
			<report>
				<misses>3282001</misses>
				<total>6</total>
				<timestamp>1180.338651</timestamp>
			</report>
			<report>
				<misses>3283001</misses>
				<total>6</total>
				<timestamp>1180.698320</timestamp>
			</report>
			<report>
				<misses>3284001</misses>
				<total>6</total>
				<timestamp>1181.057954</timestamp>
			</report>
			<report>
				<misses>3285001</misses>
				<total>6</total>
				<timestamp>1181.417600</timestamp>
			</report>
			<report>
				<misses>3286001</misses>
				<total>6</total>
				<timestamp>1181.777249</timestamp>
			</report>
			<report>
				<misses>3287001</misses>
				<total>6</total>
				<timestamp>1182.136874</timestamp>
			</report>
			<report>
				<misses>3288001</misses>
				<total>6</total>
				<timestamp>1182.496547</timestamp>
			</report>
			<report>
				<misses>3289001</misses>
				<total>6</total>
				<timestamp>1182.856147</timestamp>
			</report>
			<report>
				<misses>3290001</misses>
				<total>6</total>
				<timestamp>1183.215787</timestamp>
			</report>
			<report>
				<misses>3291001</misses>
				<total>6</total>
				<timestamp>1183.575474</timestamp>
			</report>
			<report>
				<misses>3292001</misses>
				<total>6</total>
				<timestamp>1183.935090</timestamp>
			</report>
			<report>
				<misses>3293001</misses>
				<total>6</total>
				<timestamp>1184.294725</timestamp>
			</report>
			<report>
				<misses>3294001</misses>
				<total>6</total>
				<timestamp>1184.654452</timestamp>
			</report>
			<report>
				<misses>3295001</misses>
				<total>6</total>
				<timestamp>1185.013980</timestamp>
			</report>
			<report>
				<misses>3296001</misses>
				<total>6</total>
				<timestamp>1185.373616</timestamp>
			</report>
			<report>
				<misses>3297001</misses>
				<total>6</total>
				<timestamp>1185.733311</timestamp>
			</report>
			<report>
				<misses>3298001</misses>
				<total>6</total>
				<timestamp>1186.092932</timestamp>
			</report>
			<report>
				<misses>3299001</misses>
				<total>6</total>
				<timestamp>1186.452617</timestamp>
			</report>
			<report>
				<misses>3300001</misses>
				<total>6</total>
				<timestamp>1186.812167</timestamp>
			</report>
			<report>
				<misses>3301001</misses>
				<total>6</total>
				<timestamp>1187.171876</timestamp>
			</report>
			<report>
				<misses>3302001</misses>
				<total>6</total>
				<timestamp>1187.531520</timestamp>
			</report>
			<report>
				<misses>3303001</misses>
				<total>6</total>
				<timestamp>1187.891134</timestamp>
			</report>
			<report>
				<misses>3304001</misses>
				<total>6</total>
				<timestamp>1188.250791</timestamp>
			</report>
			<report>
				<misses>3305001</misses>
				<total>6</total>
				<timestamp>1188.610404</timestamp>
			</report>
			<report>
				<misses>3306001</misses>
				<total>6</total>
				<timestamp>1188.970079</timestamp>
			</report>
			<report>
				<misses>3307001</misses>
				<total>6</total>
				<timestamp>1189.329656</timestamp>
			</report>
			<report>
				<misses>3308001</misses>
				<total>6</total>
				<timestamp>1189.689409</timestamp>
			</report>
			<report>
				<misses>3309001</misses>
				<total>6</total>
				<timestamp>1190.048999</timestamp>
			</report>
			<report>
				<misses>3310001</misses>
				<total>6</total>
				<timestamp>1190.408614</timestamp>
			</report>
			<report>
				<misses>3311001</misses>
				<total>6</total>
				<timestamp>1190.768205</timestamp>
			</report>
			<report>
				<misses>3312001</misses>
				<total>6</total>
				<timestamp>1191.127903</timestamp>
			</report>
			<report>
				<misses>3313001</misses>
				<total>6</total>
				<timestamp>1191.487628</timestamp>
			</report>
			<report>
				<misses>3314001</misses>
				<total>6</total>
				<timestamp>1191.847132</timestamp>
			</report>
			<report>
				<misses>3315001</misses>
				<total>6</total>
				<timestamp>1192.206803</timestamp>
			</report>
			<report>
				<misses>3316001</misses>
				<total>6</total>
				<timestamp>1192.566438</timestamp>
			</report>
			<report>
				<misses>3317001</misses>
				<total>6</total>
				<timestamp>1192.926070</timestamp>
			</report>
			<report>
				<misses>3318001</misses>
				<total>6</total>
				<timestamp>1193.285720</timestamp>
			</report>
			<report>
				<misses>3319001</misses>
				<total>6</total>
				<timestamp>1193.645330</timestamp>
			</report>
			<report>
				<misses>3320001</misses>
				<total>6</total>
				<timestamp>1194.005025</timestamp>
			</report>
			<report>
				<misses>3321001</misses>
				<total>6</total>
				<timestamp>1194.364662</timestamp>
			</report>
			<report>
				<misses>3322001</misses>
				<total>6</total>
				<timestamp>1194.724293</timestamp>
			</report>
			<report>
				<misses>3323001</misses>
				<total>6</total>
				<timestamp>1195.083947</timestamp>
			</report>
			<report>
				<misses>3324001</misses>
				<total>6</total>
				<timestamp>1195.443595</timestamp>
			</report>
			<report>
				<misses>3325001</misses>
				<total>6</total>
				<timestamp>1195.803186</timestamp>
			</report>
			<report>
				<misses>3326001</misses>
				<total>6</total>
				<timestamp>1196.162825</timestamp>
			</report>
			<report>
				<misses>3327001</misses>
				<total>6</total>
				<timestamp>1196.522483</timestamp>
			</report>
			<report>
				<misses>3328001</misses>
				<total>6</total>
				<timestamp>1196.882136</timestamp>
			</report>
			<report>
				<misses>3329001</misses>
				<total>6</total>
				<timestamp>1197.241777</timestamp>
			</report>
			<report>
				<misses>3330001</misses>
				<total>6</total>
				<timestamp>1197.601465</timestamp>
			</report>
			<report>
				<misses>3331001</misses>
				<total>6</total>
				<timestamp>1197.961066</timestamp>
			</report>
			<report>
				<misses>3332001</misses>
				<total>6</total>
				<timestamp>1198.320717</timestamp>
			</report>
			<report>
				<misses>3333001</misses>
				<total>6</total>
				<timestamp>1198.680306</timestamp>
			</report>
			<report>
				<misses>3334001</misses>
				<total>6</total>
				<timestamp>1199.039952</timestamp>
			</report>
			<report>
				<misses>3335001</misses>
				<total>6</total>
				<timestamp>1199.399652</timestamp>
			</report>
			<report>
				<misses>3336001</misses>
				<total>6</total>
				<timestamp>1199.759268</timestamp>
			</report>
			<report>
				<misses>3337001</misses>
				<total>6</total>
				<timestamp>1200.118931</timestamp>
			</report>
			<report>
				<misses>3338001</misses>
				<total>6</total>
				<timestamp>1200.478510</timestamp>
			</report>
			<report>
				<misses>3339001</misses>
				<total>6</total>
				<timestamp>1200.838176</timestamp>
			</report>
			<report>
				<misses>3340001</misses>
				<total>6</total>
				<timestamp>1201.197871</timestamp>
			</report>
			<report>
				<misses>3341001</misses>
				<total>6</total>
				<timestamp>1201.557426</timestamp>
			</report>
			<report>
				<misses>3342001</misses>
				<total>6</total>
				<timestamp>1201.917059</timestamp>
			</report>
			<report>
				<misses>3343001</misses>
				<total>6</total>
				<timestamp>1202.276719</timestamp>
			</report>
			<report>
				<misses>3344001</misses>
				<total>6</total>
				<timestamp>1202.636363</timestamp>
			</report>
			<report>
				<misses>3345001</misses>
				<total>6</total>
				<timestamp>1202.996064</timestamp>
			</report>
			<report>
				<misses>3346001</misses>
				<total>6</total>
				<timestamp>1203.355693</timestamp>
			</report>
			<report>
				<misses>3347001</misses>
				<total>6</total>
				<timestamp>1203.715264</timestamp>
			</report>
			<report>
				<misses>3348001</misses>
				<total>6</total>
				<timestamp>1204.074911</timestamp>
			</report>
			<report>
				<misses>3349001</misses>
				<total>6</total>
				<timestamp>1204.434544</timestamp>
			</report>
			<report>
				<misses>3350001</misses>
				<total>6</total>
				<timestamp>1204.794218</timestamp>
			</report>
			<report>
				<misses>3351001</misses>
				<total>6</total>
				<timestamp>1205.153812</timestamp>
			</report>
			<report>
				<misses>3352001</misses>
				<total>6</total>
				<timestamp>1205.513464</timestamp>
			</report>
			<report>
				<misses>3353001</misses>
				<total>6</total>
				<timestamp>1205.873123</timestamp>
			</report>
			<report>
				<misses>3354001</misses>
				<total>6</total>
				<timestamp>1206.232752</timestamp>
			</report>
			<report>
				<misses>3355001</misses>
				<total>6</total>
				<timestamp>1206.592365</timestamp>
			</report>
			<report>
				<misses>3356001</misses>
				<total>6</total>
				<timestamp>1206.952039</timestamp>
			</report>
			<report>
				<misses>3357001</misses>
				<total>6</total>
				<timestamp>1207.311684</timestamp>
			</report>
			<report>
				<misses>3358001</misses>
				<total>6</total>
				<timestamp>1207.671316</timestamp>
			</report>
			<report>
				<misses>3359001</misses>
				<total>6</total>
				<timestamp>1208.030998</timestamp>
			</report>
			<report>
				<misses>3360001</misses>
				<total>6</total>
				<timestamp>1208.390612</timestamp>
			</report>
			<report>
				<misses>3361001</misses>
				<total>6</total>
				<timestamp>1208.750258</timestamp>
			</report>
			<report>
				<misses>3362001</misses>
				<total>6</total>
				<timestamp>1209.109877</timestamp>
			</report>
			<report>
				<misses>3363001</misses>
				<total>6</total>
				<timestamp>1209.469503</timestamp>
			</report>
			<report>
				<misses>3364001</misses>
				<total>6</total>
				<timestamp>1209.829188</timestamp>
			</report>
			<report>
				<misses>3365001</misses>
				<total>6</total>
				<timestamp>1210.188889</timestamp>
			</report>
			<report>
				<misses>3366001</misses>
				<total>6</total>
				<timestamp>1210.548403</timestamp>
			</report>
			<report>
				<misses>3367001</misses>
				<total>6</total>
				<timestamp>1210.908129</timestamp>
			</report>
			<report>
				<misses>3368001</misses>
				<total>6</total>
				<timestamp>1211.267706</timestamp>
			</report>
			<report>
				<misses>3369001</misses>
				<total>6</total>
				<timestamp>1211.627339</timestamp>
			</report>
			<report>
				<misses>3370001</misses>
				<total>6</total>
				<timestamp>1211.987079</timestamp>
			</report>
			<report>
				<misses>3371001</misses>
				<total>6</total>
				<timestamp>1212.346676</timestamp>
			</report>
			<report>
				<misses>3372001</misses>
				<total>6</total>
				<timestamp>1212.706284</timestamp>
			</report>
			<report>
				<misses>3373001</misses>
				<total>6</total>
				<timestamp>1213.065976</timestamp>
			</report>
			<report>
				<misses>3374001</misses>
				<total>6</total>
				<timestamp>1213.425533</timestamp>
			</report>
			<report>
				<misses>3375001</misses>
				<total>6</total>
				<timestamp>1213.785193</timestamp>
			</report>
			<report>
				<misses>3376001</misses>
				<total>6</total>
				<timestamp>1214.144843</timestamp>
			</report>
			<report>
				<misses>3377001</misses>
				<total>6</total>
				<timestamp>1214.504530</timestamp>
			</report>
			<report>
				<misses>3378001</misses>
				<total>6</total>
				<timestamp>1214.864223</timestamp>
			</report>
			<report>
				<misses>3379001</misses>
				<total>6</total>
				<timestamp>1215.223746</timestamp>
			</report>
			<report>
				<misses>3380001</misses>
				<total>6</total>
				<timestamp>1215.583369</timestamp>
			</report>
			<report>
				<misses>3381001</misses>
				<total>6</total>
				<timestamp>1215.943025</timestamp>
			</report>
			<report>
				<misses>3382001</misses>
				<total>6</total>
				<timestamp>1216.302691</timestamp>
			</report>
			<report>
				<misses>3383001</misses>
				<total>6</total>
				<timestamp>1216.662314</timestamp>
			</report>
			<report>
				<misses>3384001</misses>
				<total>6</total>
				<timestamp>1217.021990</timestamp>
			</report>
			<report>
				<misses>3385001</misses>
				<total>6</total>
				<timestamp>1217.381576</timestamp>
			</report>
			<report>
				<misses>3386001</misses>
				<total>6</total>
				<timestamp>1217.741206</timestamp>
			</report>
			<report>
				<misses>3387001</misses>
				<total>6</total>
				<timestamp>1218.100846</timestamp>
			</report>
			<report>
				<misses>3388001</misses>
				<total>6</total>
				<timestamp>1218.460561</timestamp>
			</report>
			<report>
				<misses>3389001</misses>
				<total>6</total>
				<timestamp>1218.820181</timestamp>
			</report>
			<report>
				<misses>3390001</misses>
				<total>6</total>
				<timestamp>1219.179754</timestamp>
			</report>
			<report>
				<misses>3391001</misses>
				<total>6</total>
				<timestamp>1219.539400</timestamp>
			</report>
			<report>
				<misses>3392001</misses>
				<total>6</total>
				<timestamp>1219.899052</timestamp>
			</report>
			<report>
				<misses>3393001</misses>
				<total>6</total>
				<timestamp>1220.258698</timestamp>
			</report>
			<report>
				<misses>3394001</misses>
				<total>6</total>
				<timestamp>1220.618408</timestamp>
			</report>
			<report>
				<misses>3395001</misses>
				<total>6</total>
				<timestamp>1220.977987</timestamp>
			</report>
			<report>
				<misses>3396001</misses>
				<total>6</total>
				<timestamp>1221.337658</timestamp>
			</report>
			<report>
				<misses>3397001</misses>
				<total>6</total>
				<timestamp>1221.697277</timestamp>
			</report>
			<report>
				<misses>3398001</misses>
				<total>6</total>
				<timestamp>1222.056934</timestamp>
			</report>
			<report>
				<misses>3399001</misses>
				<total>6</total>
				<timestamp>1222.416573</timestamp>
			</report>
			<report>
				<misses>3400001</misses>
				<total>6</total>
				<timestamp>1222.776208</timestamp>
			</report>
			<report>
				<misses>3401001</misses>
				<total>6</total>
				<timestamp>1223.135832</timestamp>
			</report>
			<report>
				<misses>3402001</misses>
				<total>6</total>
				<timestamp>1223.495512</timestamp>
			</report>
			<report>
				<misses>3403001</misses>
				<total>6</total>
				<timestamp>1223.855153</timestamp>
			</report>
			<report>
				<misses>3404001</misses>
				<total>6</total>
				<timestamp>1224.214805</timestamp>
			</report>
			<report>
				<misses>3405001</misses>
				<total>6</total>
				<timestamp>1224.574416</timestamp>
			</report>
			<report>
				<misses>3406001</misses>
				<total>6</total>
				<timestamp>1224.934074</timestamp>
			</report>
			<report>
				<misses>3407001</misses>
				<total>6</total>
				<timestamp>1225.293744</timestamp>
			</report>
			<report>
				<misses>3408001</misses>
				<total>6</total>
				<timestamp>1225.653303</timestamp>
			</report>
			<report>
				<misses>3409001</misses>
				<total>6</total>
				<timestamp>1226.013029</timestamp>
			</report>
			<report>
				<misses>3410001</misses>
				<total>6</total>
				<timestamp>1226.372636</timestamp>
			</report>
			<report>
				<misses>3411001</misses>
				<total>6</total>
				<timestamp>1226.732298</timestamp>
			</report>
			<report>
				<misses>3412001</misses>
				<total>6</total>
				<timestamp>1227.091850</timestamp>
			</report>
			<report>
				<misses>3413001</misses>
				<total>6</total>
				<timestamp>1227.451534</timestamp>
			</report>
			<report>
				<misses>3414001</misses>
				<total>6</total>
				<timestamp>1227.811168</timestamp>
			</report>
			<report>
				<misses>3415001</misses>
				<total>6</total>
				<timestamp>1228.170800</timestamp>
			</report>
			<report>
				<misses>3416001</misses>
				<total>6</total>
				<timestamp>1228.530411</timestamp>
			</report>
			<report>
				<misses>3417001</misses>
				<total>6</total>
				<timestamp>1228.890085</timestamp>
			</report>
			<report>
				<misses>3418001</misses>
				<total>6</total>
				<timestamp>1229.249702</timestamp>
			</report>
			<report>
				<misses>3419001</misses>
				<total>6</total>
				<timestamp>1229.609361</timestamp>
			</report>
			<report>
				<misses>3420001</misses>
				<total>6</total>
				<timestamp>1229.969041</timestamp>
			</report>
			<report>
				<misses>3421001</misses>
				<total>6</total>
				<timestamp>1230.328698</timestamp>
			</report>
			<report>
				<misses>3422001</misses>
				<total>6</total>
				<timestamp>1230.688352</timestamp>
			</report>
			<report>
				<misses>3423001</misses>
				<total>6</total>
				<timestamp>1231.047910</timestamp>
			</report>
			<report>
				<misses>3424001</misses>
				<total>6</total>
				<timestamp>1231.407597</timestamp>
			</report>
			<report>
				<misses>3425001</misses>
				<total>6</total>
				<timestamp>1231.767267</timestamp>
			</report>
			<report>
				<misses>3426001</misses>
				<total>6</total>
				<timestamp>1232.126826</timestamp>
			</report>
			<report>
				<misses>3427001</misses>
				<total>6</total>
				<timestamp>1232.486467</timestamp>
			</report>
			<report>
				<misses>3428001</misses>
				<total>6</total>
				<timestamp>1232.846128</timestamp>
			</report>
			<report>
				<misses>3429001</misses>
				<total>6</total>
				<timestamp>1233.205733</timestamp>
			</report>
			<report>
				<misses>3430001</misses>
				<total>6</total>
				<timestamp>1233.565382</timestamp>
			</report>
			<report>
				<misses>3431001</misses>
				<total>6</total>
				<timestamp>1233.925088</timestamp>
			</report>
			<report>
				<misses>3432001</misses>
				<total>6</total>
				<timestamp>1234.284686</timestamp>
			</report>
			<report>
				<misses>3433001</misses>
				<total>6</total>
				<timestamp>1234.644322</timestamp>
			</report>
			<report>
				<misses>3434001</misses>
				<total>6</total>
				<timestamp>1235.003949</timestamp>
			</report>
			<report>
				<misses>3435001</misses>
				<total>6</total>
				<timestamp>1235.363666</timestamp>
			</report>
			<report>
				<misses>3436001</misses>
				<total>6</total>
				<timestamp>1235.723229</timestamp>
			</report>
			<report>
				<misses>3437001</misses>
				<total>6</total>
				<timestamp>1236.082948</timestamp>
			</report>
			<report>
				<misses>3438001</misses>
				<total>6</total>
				<timestamp>1236.442528</timestamp>
			</report>
			<report>
				<misses>3439001</misses>
				<total>6</total>
				<timestamp>1236.802172</timestamp>
			</report>
			<report>
				<misses>3440001</misses>
				<total>6</total>
				<timestamp>1237.161792</timestamp>
			</report>
			<report>
				<misses>3441001</misses>
				<total>6</total>
				<timestamp>1237.521469</timestamp>
			</report>
			<report>
				<misses>3442001</misses>
				<total>6</total>
				<timestamp>1237.881068</timestamp>
			</report>
			<report>
				<misses>3443001</misses>
				<total>6</total>
				<timestamp>1238.240764</timestamp>
			</report>
			<report>
				<misses>3444001</misses>
				<total>6</total>
				<timestamp>1238.600331</timestamp>
			</report>
			<report>
				<misses>3445001</misses>
				<total>6</total>
				<timestamp>1238.960017</timestamp>
			</report>
			<report>
				<misses>3446001</misses>
				<total>6</total>
				<timestamp>1239.319656</timestamp>
			</report>
			<report>
				<misses>3447001</misses>
				<total>6</total>
				<timestamp>1239.679286</timestamp>
			</report>
			<report>
				<misses>3448001</misses>
				<total>6</total>
				<timestamp>1240.038915</timestamp>
			</report>
			<report>
				<misses>3449001</misses>
				<total>6</total>
				<timestamp>1240.398572</timestamp>
			</report>
			<report>
				<misses>3450001</misses>
				<total>6</total>
				<timestamp>1240.758195</timestamp>
			</report>
			<report>
				<misses>3451001</misses>
				<total>6</total>
				<timestamp>1241.117883</timestamp>
			</report>
			<report>
				<misses>3452001</misses>
				<total>6</total>
				<timestamp>1241.477473</timestamp>
			</report>
			<report>
				<misses>3453001</misses>
				<total>6</total>
				<timestamp>1241.837109</timestamp>
			</report>
			<report>
				<misses>3454001</misses>
				<total>6</total>
				<timestamp>1242.196743</timestamp>
			</report>
			<report>
				<misses>3455001</misses>
				<total>6</total>
				<timestamp>1242.556394</timestamp>
			</report>
			<report>
				<misses>3456001</misses>
				<total>6</total>
				<timestamp>1242.916078</timestamp>
			</report>
			<report>
				<misses>3457001</misses>
				<total>6</total>
				<timestamp>1243.275650</timestamp>
			</report>
			<report>
				<misses>3458001</misses>
				<total>6</total>
				<timestamp>1243.635300</timestamp>
			</report>
			<report>
				<misses>3459001</misses>
				<total>6</total>
				<timestamp>1243.994989</timestamp>
			</report>
			<report>
				<misses>3460001</misses>
				<total>6</total>
				<timestamp>1244.354614</timestamp>
			</report>
			<report>
				<misses>3461001</misses>
				<total>6</total>
				<timestamp>1244.714203</timestamp>
			</report>
			<report>
				<misses>3462001</misses>
				<total>6</total>
				<timestamp>1245.073873</timestamp>
			</report>
			<report>
				<misses>3463001</misses>
				<total>6</total>
				<timestamp>1245.433547</timestamp>
			</report>
			<report>
				<misses>3464001</misses>
				<total>6</total>
				<timestamp>1245.793130</timestamp>
			</report>
			<report>
				<misses>3465001</misses>
				<total>6</total>
				<timestamp>1246.152843</timestamp>
			</report>
			<report>
				<misses>3466001</misses>
				<total>6</total>
				<timestamp>1246.512459</timestamp>
			</report>
			<report>
				<misses>3467001</misses>
				<total>6</total>
				<timestamp>1246.872072</timestamp>
			</report>
			<report>
				<misses>3468001</misses>
				<total>6</total>
				<timestamp>1247.231699</timestamp>
			</report>
			<report>
				<misses>3469001</misses>
				<total>6</total>
				<timestamp>1247.591332</timestamp>
			</report>
			<report>
				<misses>3470001</misses>
				<total>6</total>
				<timestamp>1247.951050</timestamp>
			</report>
			<report>
				<misses>3471001</misses>
				<total>6</total>
				<timestamp>1248.310653</timestamp>
			</report>
			<report>
				<misses>3472001</misses>
				<total>6</total>
				<timestamp>1248.670259</timestamp>
			</report>
			<report>
				<misses>3473001</misses>
				<total>6</total>
				<timestamp>1249.029936</timestamp>
			</report>
			<report>
				<misses>3474001</misses>
				<total>6</total>
				<timestamp>1249.389602</timestamp>
			</report>
			<report>
				<misses>3475001</misses>
				<total>6</total>
				<timestamp>1249.749180</timestamp>
			</report>
			<report>
				<misses>3476001</misses>
				<total>6</total>
				<timestamp>1250.108904</timestamp>
			</report>
			<report>
				<misses>3477001</misses>
				<total>6</total>
				<timestamp>1250.468522</timestamp>
			</report>
			<report>
				<misses>3478001</misses>
				<total>6</total>
				<timestamp>1250.828183</timestamp>
			</report>
			<report>
				<misses>3479001</misses>
				<total>6</total>
				<timestamp>1251.187749</timestamp>
			</report>
			<report>
				<misses>3480001</misses>
				<total>6</total>
				<timestamp>1251.547449</timestamp>
			</report>
			<report>
				<misses>3481001</misses>
				<total>6</total>
				<timestamp>1251.907033</timestamp>
			</report>
			<report>
				<misses>3482001</misses>
				<total>6</total>
				<timestamp>1252.266699</timestamp>
			</report>
			<report>
				<misses>3483001</misses>
				<total>6</total>
				<timestamp>1252.626363</timestamp>
			</report>
			<report>
				<misses>3484001</misses>
				<total>6</total>
				<timestamp>1252.986045</timestamp>
			</report>
			<report>
				<misses>3485001</misses>
				<total>6</total>
				<timestamp>1253.345571</timestamp>
			</report>
			<report>
				<misses>3486001</misses>
				<total>6</total>
				<timestamp>1253.705209</timestamp>
			</report>
			<report>
				<misses>3487001</misses>
				<total>6</total>
				<timestamp>1254.064877</timestamp>
			</report>
			<report>
				<misses>3488001</misses>
				<total>6</total>
				<timestamp>1254.424586</timestamp>
			</report>
			<report>
				<misses>3489001</misses>
				<total>6</total>
				<timestamp>1254.784142</timestamp>
			</report>
			<report>
				<misses>3490001</misses>
				<total>6</total>
				<timestamp>1255.143784</timestamp>
			</report>
			<report>
				<misses>3491001</misses>
				<total>6</total>
				<timestamp>1255.503416</timestamp>
			</report>
			<report>
				<misses>3492001</misses>
				<total>6</total>
				<timestamp>1255.863235</timestamp>
			</report>
			<report>
				<misses>3493001</misses>
				<total>6</total>
				<timestamp>1256.222697</timestamp>
			</report>
			<report>
				<misses>3494001</misses>
				<total>6</total>
				<timestamp>1256.582351</timestamp>
			</report>
			<report>
				<misses>3495001</misses>
				<total>6</total>
				<timestamp>1256.942057</timestamp>
			</report>
			<report>
				<misses>3496001</misses>
				<total>6</total>
				<timestamp>1257.301680</timestamp>
			</report>
			<report>
				<misses>3497001</misses>
				<total>6</total>
				<timestamp>1257.661258</timestamp>
			</report>
			<report>
				<misses>3498001</misses>
				<total>6</total>
				<timestamp>1258.020957</timestamp>
			</report>
			<report>
				<misses>3499001</misses>
				<total>6</total>
				<timestamp>1258.380537</timestamp>
			</report>
			<report>
				<misses>3500001</misses>
				<total>6</total>
				<timestamp>1258.740202</timestamp>
			</report>
			<report>
				<misses>3501001</misses>
				<total>6</total>
				<timestamp>1259.099931</timestamp>
			</report>
			<report>
				<misses>3502001</misses>
				<total>6</total>
				<timestamp>1259.459464</timestamp>
			</report>
			<report>
				<misses>3503001</misses>
				<total>6</total>
				<timestamp>1259.819089</timestamp>
			</report>
			<report>
				<misses>3504001</misses>
				<total>6</total>
				<timestamp>1260.178752</timestamp>
			</report>
			<report>
				<misses>3505001</misses>
				<total>6</total>
				<timestamp>1260.538443</timestamp>
			</report>
			<report>
				<misses>3506001</misses>
				<total>6</total>
				<timestamp>1260.898063</timestamp>
			</report>
			<report>
				<misses>3507001</misses>
				<total>6</total>
				<timestamp>1261.257693</timestamp>
			</report>
			<report>
				<misses>3508001</misses>
				<total>6</total>
				<timestamp>1261.617300</timestamp>
			</report>
			<report>
				<misses>3509001</misses>
				<total>6</total>
				<timestamp>1261.976954</timestamp>
			</report>
			<report>
				<misses>3510001</misses>
				<total>6</total>
				<timestamp>1262.336634</timestamp>
			</report>
			<report>
				<misses>3511001</misses>
				<total>6</total>
				<timestamp>1262.696258</timestamp>
			</report>
			<report>
				<misses>3512001</misses>
				<total>6</total>
				<timestamp>1263.055921</timestamp>
			</report>
			<report>
				<misses>3513001</misses>
				<total>6</total>
				<timestamp>1263.415511</timestamp>
			</report>
			<report>
				<misses>3514001</misses>
				<total>6</total>
				<timestamp>1263.775175</timestamp>
			</report>
			<report>
				<misses>3515001</misses>
				<total>6</total>
				<timestamp>1264.134852</timestamp>
			</report>
			<report>
				<misses>3516001</misses>
				<total>6</total>
				<timestamp>1264.494455</timestamp>
			</report>
			<report>
				<misses>3517001</misses>
				<total>6</total>
				<timestamp>1264.854078</timestamp>
			</report>
			<report>
				<misses>3518001</misses>
				<total>6</total>
				<timestamp>1265.213711</timestamp>
			</report>
			<report>
				<misses>3519001</misses>
				<total>6</total>
				<timestamp>1265.573327</timestamp>
			</report>
			<report>
				<misses>3520001</misses>
				<total>6</total>
				<timestamp>1265.933037</timestamp>
			</report>
			<report>
				<misses>3521001</misses>
				<total>6</total>
				<timestamp>1266.292649</timestamp>
			</report>
			<report>
				<misses>3522001</misses>
				<total>6</total>
				<timestamp>1266.652257</timestamp>
			</report>
			<report>
				<misses>3523001</misses>
				<total>6</total>
				<timestamp>1267.011974</timestamp>
			</report>
			<report>
				<misses>3524001</misses>
				<total>6</total>
				<timestamp>1267.371550</timestamp>
			</report>
			<report>
				<misses>3525001</misses>
				<total>6</total>
				<timestamp>1267.731183</timestamp>
			</report>
			<report>
				<misses>3526001</misses>
				<total>6</total>
				<timestamp>1268.090926</timestamp>
			</report>
			<report>
				<misses>3527001</misses>
				<total>6</total>
				<timestamp>1268.450514</timestamp>
			</report>
			<report>
				<misses>3528001</misses>
				<total>6</total>
				<timestamp>1268.810108</timestamp>
			</report>
			<report>
				<misses>3529001</misses>
				<total>6</total>
				<timestamp>1269.169755</timestamp>
			</report>
			<report>
				<misses>3530001</misses>
				<total>6</total>
				<timestamp>1269.529428</timestamp>
			</report>
			<report>
				<misses>3531001</misses>
				<total>6</total>
				<timestamp>1269.889058</timestamp>
			</report>
			<report>
				<misses>3532001</misses>
				<total>6</total>
				<timestamp>1270.248660</timestamp>
			</report>
			<report>
				<misses>3533001</misses>
				<total>6</total>
				<timestamp>1270.608293</timestamp>
			</report>
			<report>
				<misses>3534001</misses>
				<total>6</total>
				<timestamp>1270.967979</timestamp>
			</report>
			<report>
				<misses>3535001</misses>
				<total>6</total>
				<timestamp>1271.327609</timestamp>
			</report>
			<report>
				<misses>3536001</misses>
				<total>6</total>
				<timestamp>1271.687243</timestamp>
			</report>
			<report>
				<misses>3537001</misses>
				<total>6</total>
				<timestamp>1272.046886</timestamp>
			</report>
			<report>
				<misses>3538001</misses>
				<total>6</total>
				<timestamp>1272.406483</timestamp>
			</report>
			<report>
				<misses>3539001</misses>
				<total>6</total>
				<timestamp>1272.766144</timestamp>
			</report>
			<report>
				<misses>3540001</misses>
				<total>6</total>
				<timestamp>1273.125838</timestamp>
			</report>
			<report>
				<misses>3541001</misses>
				<total>6</total>
				<timestamp>1273.485416</timestamp>
			</report>
			<report>
				<misses>3542001</misses>
				<total>6</total>
				<timestamp>1273.845115</timestamp>
			</report>
			<report>
				<misses>3543001</misses>
				<total>6</total>
				<timestamp>1274.204732</timestamp>
			</report>
			<report>
				<misses>3544001</misses>
				<total>6</total>
				<timestamp>1274.564361</timestamp>
			</report>
			<report>
				<misses>3545001</misses>
				<total>6</total>
				<timestamp>1274.924049</timestamp>
			</report>
			<report>
				<misses>3546001</misses>
				<total>6</total>
				<timestamp>1275.283634</timestamp>
			</report>
			<report>
				<misses>3547001</misses>
				<total>6</total>
				<timestamp>1275.643249</timestamp>
			</report>
			<report>
				<misses>3548001</misses>
				<total>6</total>
				<timestamp>1276.002930</timestamp>
			</report>
			<report>
				<misses>3549001</misses>
				<total>6</total>
				<timestamp>1276.362549</timestamp>
			</report>
			<report>
				<misses>3550001</misses>
				<total>6</total>
				<timestamp>1276.722174</timestamp>
			</report>
			<report>
				<misses>3551001</misses>
				<total>6</total>
				<timestamp>1277.081897</timestamp>
			</report>
			<report>
				<misses>3552001</misses>
				<total>6</total>
				<timestamp>1277.441463</timestamp>
			</report>
			<report>
				<misses>3553001</misses>
				<total>6</total>
				<timestamp>1277.801112</timestamp>
			</report>
			<report>
				<misses>3554001</misses>
				<total>6</total>
				<timestamp>1278.160846</timestamp>
			</report>
			<report>
				<misses>3555001</misses>
				<total>6</total>
				<timestamp>1278.520394</timestamp>
			</report>
			<report>
				<misses>3556001</misses>
				<total>6</total>
				<timestamp>1278.880036</timestamp>
			</report>
			<report>
				<misses>3557001</misses>
				<total>6</total>
				<timestamp>1279.239678</timestamp>
			</report>
			<report>
				<misses>3558001</misses>
				<total>6</total>
				<timestamp>1279.599312</timestamp>
			</report>
			<report>
				<misses>3559001</misses>
				<total>6</total>
				<timestamp>1279.958953</timestamp>
			</report>
			<report>
				<misses>3560001</misses>
				<total>6</total>
				<timestamp>1280.318630</timestamp>
			</report>
			<report>
				<misses>3561001</misses>
				<total>6</total>
				<timestamp>1280.678234</timestamp>
			</report>
			<report>
				<misses>3562001</misses>
				<total>6</total>
				<timestamp>1281.037886</timestamp>
			</report>
			<report>
				<misses>3563001</misses>
				<total>6</total>
				<timestamp>1281.397551</timestamp>
			</report>
			<report>
				<misses>3564001</misses>
				<total>6</total>
				<timestamp>1281.757179</timestamp>
			</report>
			<report>
				<misses>3565001</misses>
				<total>6</total>
				<timestamp>1282.116802</timestamp>
			</report>
			<report>
				<misses>3566001</misses>
				<total>6</total>
				<timestamp>1282.476446</timestamp>
			</report>
			<report>
				<misses>3567001</misses>
				<total>6</total>
				<timestamp>1282.836076</timestamp>
			</report>
			<report>
				<misses>3568001</misses>
				<total>6</total>
				<timestamp>1283.195702</timestamp>
			</report>
			<report>
				<misses>3569001</misses>
				<total>6</total>
				<timestamp>1283.555332</timestamp>
			</report>
			<report>
				<misses>3570001</misses>
				<total>6</total>
				<timestamp>1283.914991</timestamp>
			</report>
			<report>
				<misses>3571001</misses>
				<total>6</total>
				<timestamp>1284.274704</timestamp>
			</report>
			<report>
				<misses>3572001</misses>
				<total>6</total>
				<timestamp>1284.634280</timestamp>
			</report>
			<report>
				<misses>3573001</misses>
				<total>6</total>
				<timestamp>1284.993918</timestamp>
			</report>
			<report>
				<misses>3574001</misses>
				<total>6</total>
				<timestamp>1285.353534</timestamp>
			</report>
			<report>
				<misses>3575001</misses>
				<total>6</total>
				<timestamp>1285.713176</timestamp>
			</report>
			<report>
				<misses>3576001</misses>
				<total>6</total>
				<timestamp>1286.072849</timestamp>
			</report>
			<report>
				<misses>3577001</misses>
				<total>6</total>
				<timestamp>1286.432515</timestamp>
			</report>
			<report>
				<misses>3578001</misses>
				<total>6</total>
				<timestamp>1286.792143</timestamp>
			</report>
			<report>
				<misses>3579001</misses>
				<total>6</total>
				<timestamp>1287.151800</timestamp>
			</report>
			<report>
				<misses>3580001</misses>
				<total>6</total>
				<timestamp>1287.511407</timestamp>
			</report>
			<report>
				<misses>3581001</misses>
				<total>6</total>
				<timestamp>1287.871066</timestamp>
			</report>
			<report>
				<misses>3582001</misses>
				<total>6</total>
				<timestamp>1288.230699</timestamp>
			</report>
			<report>
				<misses>3583001</misses>
				<total>6</total>
				<timestamp>1288.590290</timestamp>
			</report>
			<report>
				<misses>3584001</misses>
				<total>6</total>
				<timestamp>1288.950016</timestamp>
			</report>
			<report>
				<misses>3585001</misses>
				<total>6</total>
				<timestamp>1289.309577</timestamp>
			</report>
			<report>
				<misses>3586001</misses>
				<total>6</total>
				<timestamp>1289.669207</timestamp>
			</report>
			<report>
				<misses>3587001</misses>
				<total>6</total>
				<timestamp>1290.028879</timestamp>
			</report>
			<report>
				<misses>3588001</misses>
				<total>6</total>
				<timestamp>1290.388565</timestamp>
			</report>
			<report>
				<misses>3589001</misses>
				<total>6</total>
				<timestamp>1290.748139</timestamp>
			</report>
			<report>
				<misses>3590001</misses>
				<total>6</total>
				<timestamp>1291.107814</timestamp>
			</report>
			<report>
				<misses>3591001</misses>
				<total>6</total>
				<timestamp>1291.467469</timestamp>
			</report>
			<report>
				<misses>3592001</misses>
				<total>6</total>
				<timestamp>1291.827105</timestamp>
			</report>
			<report>
				<misses>3593001</misses>
				<total>6</total>
				<timestamp>1292.186761</timestamp>
			</report>
			<report>
				<misses>3594001</misses>
				<total>6</total>
				<timestamp>1292.546399</timestamp>
			</report>
			<report>
				<misses>3595001</misses>
				<total>6</total>
				<timestamp>1292.906005</timestamp>
			</report>
			<report>
				<misses>3596001</misses>
				<total>6</total>
				<timestamp>1293.265645</timestamp>
			</report>
			<report>
				<misses>3597001</misses>
				<total>6</total>
				<timestamp>1293.625276</timestamp>
			</report>
			<report>
				<misses>3598001</misses>
				<total>6</total>
				<timestamp>1293.984903</timestamp>
			</report>
			<report>
				<misses>3599001</misses>
				<total>6</total>
				<timestamp>1294.344547</timestamp>
			</report>
			<report>
				<misses>3600001</misses>
				<total>6</total>
				<timestamp>1294.704207</timestamp>
			</report>
			<report>
				<misses>3601001</misses>
				<total>6</total>
				<timestamp>1295.063831</timestamp>
			</report>
			<report>
				<misses>3602001</misses>
				<total>6</total>
				<timestamp>1295.423516</timestamp>
			</report>
			<report>
				<misses>3603001</misses>
				<total>6</total>
				<timestamp>1295.783158</timestamp>
			</report>
			<report>
				<misses>3604001</misses>
				<total>6</total>
				<timestamp>1296.142738</timestamp>
			</report>
			<report>
				<misses>3605001</misses>
				<total>6</total>
				<timestamp>1296.502418</timestamp>
			</report>
			<report>
				<misses>3606001</misses>
				<total>6</total>
				<timestamp>1296.862031</timestamp>
			</report>
			<report>
				<misses>3607001</misses>
				<total>6</total>
				<timestamp>1297.221700</timestamp>
			</report>
			<report>
				<misses>3608001</misses>
				<total>6</total>
				<timestamp>1297.581325</timestamp>
			</report>
			<report>
				<misses>3609001</misses>
				<total>6</total>
				<timestamp>1297.940927</timestamp>
			</report>
			<report>
				<misses>3610001</misses>
				<total>6</total>
				<timestamp>1298.300576</timestamp>
			</report>
			<report>
				<misses>3611001</misses>
				<total>6</total>
				<timestamp>1298.660231</timestamp>
			</report>
			<report>
				<misses>3612001</misses>
				<total>6</total>
				<timestamp>1299.019895</timestamp>
			</report>
			<report>
				<misses>3613001</misses>
				<total>6</total>
				<timestamp>1299.379537</timestamp>
			</report>
			<report>
				<misses>3614001</misses>
				<total>6</total>
				<timestamp>1299.739138</timestamp>
			</report>
			<report>
				<misses>3615001</misses>
				<total>6</total>
				<timestamp>1300.098821</timestamp>
			</report>
			<report>
				<misses>3616001</misses>
				<total>6</total>
				<timestamp>1300.458417</timestamp>
			</report>
			<report>
				<misses>3617001</misses>
				<total>6</total>
				<timestamp>1300.818117</timestamp>
			</report>
			<report>
				<misses>3618001</misses>
				<total>6</total>
				<timestamp>1301.177796</timestamp>
			</report>
			<report>
				<misses>3619001</misses>
				<total>6</total>
				<timestamp>1301.537377</timestamp>
			</report>
			<report>
				<misses>3620001</misses>
				<total>6</total>
				<timestamp>1301.897040</timestamp>
			</report>
			<report>
				<misses>3621001</misses>
				<total>6</total>
				<timestamp>1302.256724</timestamp>
			</report>
			<report>
				<misses>3622001</misses>
				<total>6</total>
				<timestamp>1302.616302</timestamp>
			</report>
			<report>
				<misses>3623001</misses>
				<total>6</total>
				<timestamp>1302.975953</timestamp>
			</report>
			<report>
				<misses>3624001</misses>
				<total>6</total>
				<timestamp>1303.335604</timestamp>
			</report>
			<report>
				<misses>3625001</misses>
				<total>6</total>
				<timestamp>1303.695259</timestamp>
			</report>
			<report>
				<misses>3626001</misses>
				<total>6</total>
				<timestamp>1304.054818</timestamp>
			</report>
			<report>
				<misses>3627001</misses>
				<total>6</total>
				<timestamp>1304.414483</timestamp>
			</report>
			<report>
				<misses>3628001</misses>
				<total>6</total>
				<timestamp>1304.774149</timestamp>
			</report>
			<report>
				<misses>3629001</misses>
				<total>6</total>
				<timestamp>1305.133760</timestamp>
			</report>
			<report>
				<misses>3630001</misses>
				<total>6</total>
				<timestamp>1305.493496</timestamp>
			</report>
			<report>
				<misses>3631001</misses>
				<total>6</total>
				<timestamp>1305.853094</timestamp>
			</report>
			<report>
				<misses>3632001</misses>
				<total>6</total>
				<timestamp>1306.212661</timestamp>
			</report>
			<report>
				<misses>3633001</misses>
				<total>6</total>
				<timestamp>1306.572325</timestamp>
			</report>
			<report>
				<misses>3634001</misses>
				<total>6</total>
				<timestamp>1306.931924</timestamp>
			</report>
			<report>
				<misses>3635001</misses>
				<total>6</total>
				<timestamp>1307.291655</timestamp>
			</report>
			<report>
				<misses>3636001</misses>
				<total>6</total>
				<timestamp>1307.651224</timestamp>
			</report>
			<report>
				<misses>3637001</misses>
				<total>6</total>
				<timestamp>1308.010854</timestamp>
			</report>
			<report>
				<misses>3638001</misses>
				<total>6</total>
				<timestamp>1308.370536</timestamp>
			</report>
			<report>
				<misses>3639001</misses>
				<total>6</total>
				<timestamp>1308.730237</timestamp>
			</report>
			<report>
				<misses>3640001</misses>
				<total>6</total>
				<timestamp>1309.089768</timestamp>
			</report>
			<report>
				<misses>3641001</misses>
				<total>6</total>
				<timestamp>1309.449439</timestamp>
			</report>
			<report>
				<misses>3642001</misses>
				<total>6</total>
				<timestamp>1309.809076</timestamp>
			</report>
			<report>
				<misses>3643001</misses>
				<total>6</total>
				<timestamp>1310.168757</timestamp>
			</report>
			<report>
				<misses>3644001</misses>
				<total>6</total>
				<timestamp>1310.528331</timestamp>
			</report>
			<report>
				<misses>3645001</misses>
				<total>6</total>
				<timestamp>1310.888005</timestamp>
			</report>
			<report>
				<misses>3646001</misses>
				<total>6</total>
				<timestamp>1311.247640</timestamp>
			</report>
			<report>
				<misses>3647001</misses>
				<total>6</total>
				<timestamp>1311.607290</timestamp>
			</report>
			<report>
				<misses>3648001</misses>
				<total>6</total>
				<timestamp>1311.966914</timestamp>
			</report>
			<report>
				<misses>3649001</misses>
				<total>6</total>
				<timestamp>1312.326600</timestamp>
			</report>
			<report>
				<misses>3650001</misses>
				<total>6</total>
				<timestamp>1312.686195</timestamp>
			</report>
			<report>
				<misses>3651001</misses>
				<total>6</total>
				<timestamp>1313.045836</timestamp>
			</report>
			<report>
				<misses>3652001</misses>
				<total>6</total>
				<timestamp>1313.405472</timestamp>
			</report>
			<report>
				<misses>3653001</misses>
				<total>6</total>
				<timestamp>1313.765113</timestamp>
			</report>
			<report>
				<misses>3654001</misses>
				<total>6</total>
				<timestamp>1314.124778</timestamp>
			</report>
			<report>
				<misses>3655001</misses>
				<total>6</total>
				<timestamp>1314.484439</timestamp>
			</report>
			<report>
				<misses>3656001</misses>
				<total>6</total>
				<timestamp>1314.844029</timestamp>
			</report>
			<report>
				<misses>3657001</misses>
				<total>6</total>
				<timestamp>1315.203774</timestamp>
			</report>
			<report>
				<misses>3658001</misses>
				<total>6</total>
				<timestamp>1315.563358</timestamp>
			</report>
			<report>
				<misses>3659001</misses>
				<total>6</total>
				<timestamp>1315.922940</timestamp>
			</report>
			<report>
				<misses>3660001</misses>
				<total>6</total>
				<timestamp>1316.282655</timestamp>
			</report>
			<report>
				<misses>3661001</misses>
				<total>6</total>
				<timestamp>1316.642225</timestamp>
			</report>
			<report>
				<misses>3662001</misses>
				<total>6</total>
				<timestamp>1317.001867</timestamp>
			</report>
			<report>
				<misses>3663001</misses>
				<total>6</total>
				<timestamp>1317.361527</timestamp>
			</report>
			<report>
				<misses>3664001</misses>
				<total>6</total>
				<timestamp>1317.721179</timestamp>
			</report>
			<report>
				<misses>3665001</misses>
				<total>6</total>
				<timestamp>1318.080789</timestamp>
			</report>
			<report>
				<misses>3666001</misses>
				<total>6</total>
				<timestamp>1318.440411</timestamp>
			</report>
			<report>
				<misses>3667001</misses>
				<total>6</total>
				<timestamp>1318.800115</timestamp>
			</report>
			<report>
				<misses>3668001</misses>
				<total>6</total>
				<timestamp>1319.159699</timestamp>
			</report>
			<report>
				<misses>3669001</misses>
				<total>6</total>
				<timestamp>1319.519333</timestamp>
			</report>
			<report>
				<misses>3670001</misses>
				<total>6</total>
				<timestamp>1319.879007</timestamp>
			</report>
			<report>
				<misses>3671001</misses>
				<total>6</total>
				<timestamp>1320.238637</timestamp>
			</report>
			<report>
				<misses>3672001</misses>
				<total>6</total>
				<timestamp>1320.598290</timestamp>
			</report>
			<report>
				<misses>3673001</misses>
				<total>6</total>
				<timestamp>1320.957889</timestamp>
			</report>
			<report>
				<misses>3674001</misses>
				<total>6</total>
				<timestamp>1321.317560</timestamp>
			</report>
			<report>
				<misses>3675001</misses>
				<total>6</total>
				<timestamp>1321.677239</timestamp>
			</report>
			<report>
				<misses>3676001</misses>
				<total>6</total>
				<timestamp>1322.036812</timestamp>
			</report>
			<report>
				<misses>3677001</misses>
				<total>6</total>
				<timestamp>1322.396581</timestamp>
			</report>
			<report>
				<misses>3678001</misses>
				<total>6</total>
				<timestamp>1322.756179</timestamp>
			</report>
			<report>
				<misses>3679001</misses>
				<total>6</total>
				<timestamp>1323.115750</timestamp>
			</report>
			<report>
				<misses>3680001</misses>
				<total>6</total>
				<timestamp>1323.475415</timestamp>
			</report>
			<report>
				<misses>3681001</misses>
				<total>6</total>
				<timestamp>1323.835118</timestamp>
			</report>
			<report>
				<misses>3682001</misses>
				<total>6</total>
				<timestamp>1324.194711</timestamp>
			</report>
			<report>
				<misses>3683001</misses>
				<total>6</total>
				<timestamp>1324.554287</timestamp>
			</report>
			<report>
				<misses>3684001</misses>
				<total>6</total>
				<timestamp>1324.913974</timestamp>
			</report>
			<report>
				<misses>3685001</misses>
				<total>6</total>
				<timestamp>1325.273656</timestamp>
			</report>
			<report>
				<misses>3686001</misses>
				<total>6</total>
				<timestamp>1325.633237</timestamp>
			</report>
			<report>
				<misses>3687001</misses>
				<total>6</total>
				<timestamp>1325.992866</timestamp>
			</report>
			<report>
				<misses>3688001</misses>
				<total>6</total>
				<timestamp>1326.352528</timestamp>
			</report>
			<report>
				<misses>3689001</misses>
				<total>6</total>
				<timestamp>1326.712137</timestamp>
			</report>
			<report>
				<misses>3690001</misses>
				<total>6</total>
				<timestamp>1327.071775</timestamp>
			</report>
			<report>
				<misses>3691001</misses>
				<total>6</total>
				<timestamp>1327.431430</timestamp>
			</report>
			<report>
				<misses>3692001</misses>
				<total>6</total>
				<timestamp>1327.791088</timestamp>
			</report>
			<report>
				<misses>3693001</misses>
				<total>6</total>
				<timestamp>1328.150692</timestamp>
			</report>
			<report>
				<misses>3694001</misses>
				<total>6</total>
				<timestamp>1328.510341</timestamp>
			</report>
			<report>
				<misses>3695001</misses>
				<total>6</total>
				<timestamp>1328.870055</timestamp>
			</report>
			<report>
				<misses>3696001</misses>
				<total>6</total>
				<timestamp>1329.229684</timestamp>
			</report>
			<report>
				<misses>3697001</misses>
				<total>6</total>
				<timestamp>1329.589263</timestamp>
			</report>
			<report>
				<misses>3698001</misses>
				<total>6</total>
				<timestamp>1329.948961</timestamp>
			</report>
			<report>
				<misses>3699001</misses>
				<total>6</total>
				<timestamp>1330.308592</timestamp>
			</report>
			<report>
				<misses>3700001</misses>
				<total>6</total>
				<timestamp>1330.668198</timestamp>
			</report>
			<report>
				<misses>3701001</misses>
				<total>6</total>
				<timestamp>1331.027825</timestamp>
			</report>
			<report>
				<misses>3702001</misses>
				<total>6</total>
				<timestamp>1331.387519</timestamp>
			</report>
			<report>
				<misses>3703001</misses>
				<total>6</total>
				<timestamp>1331.747175</timestamp>
			</report>
			<report>
				<misses>3704001</misses>
				<total>6</total>
				<timestamp>1332.106746</timestamp>
			</report>
			<report>
				<misses>3705001</misses>
				<total>6</total>
				<timestamp>1332.466418</timestamp>
			</report>
			<report>
				<misses>3706001</misses>
				<total>6</total>
				<timestamp>1332.826026</timestamp>
			</report>
			<report>
				<misses>3707001</misses>
				<total>6</total>
				<timestamp>1333.185784</timestamp>
			</report>
			<report>
				<misses>3708001</misses>
				<total>6</total>
				<timestamp>1333.545291</timestamp>
			</report>
			<report>
				<misses>3709001</misses>
				<total>6</total>
				<timestamp>1333.904944</timestamp>
			</report>
			<report>
				<misses>3710001</misses>
				<total>6</total>
				<timestamp>1334.264607</timestamp>
			</report>
			<report>
				<misses>3711001</misses>
				<total>6</total>
				<timestamp>1334.624241</timestamp>
			</report>
			<report>
				<misses>3712001</misses>
				<total>6</total>
				<timestamp>1334.983850</timestamp>
			</report>
			<report>
				<misses>3713001</misses>
				<total>6</total>
				<timestamp>1335.343555</timestamp>
			</report>
			<report>
				<misses>3714001</misses>
				<total>6</total>
				<timestamp>1335.703147</timestamp>
			</report>
			<report>
				<misses>3715001</misses>
				<total>6</total>
				<timestamp>1336.062775</timestamp>
			</report>
			<report>
				<misses>3716001</misses>
				<total>6</total>
				<timestamp>1336.422444</timestamp>
			</report>
			<report>
				<misses>3717001</misses>
				<total>6</total>
				<timestamp>1336.782052</timestamp>
			</report>
			<report>
				<misses>3718001</misses>
				<total>6</total>
				<timestamp>1337.141721</timestamp>
			</report>
			<report>
				<misses>3719001</misses>
				<total>6</total>
				<timestamp>1337.501389</timestamp>
			</report>
			<report>
				<misses>3720001</misses>
				<total>6</total>
				<timestamp>1337.861016</timestamp>
			</report>
			<report>
				<misses>3721001</misses>
				<total>6</total>
				<timestamp>1338.220764</timestamp>
			</report>
			<report>
				<misses>3722001</misses>
				<total>6</total>
				<timestamp>1338.580243</timestamp>
			</report>
			<report>
				<misses>3723001</misses>
				<total>6</total>
				<timestamp>1338.939983</timestamp>
			</report>
			<report>
				<misses>3724001</misses>
				<total>6</total>
				<timestamp>1339.299678</timestamp>
			</report>
			<report>
				<misses>3725001</misses>
				<total>6</total>
				<timestamp>1339.659188</timestamp>
			</report>
			<report>
				<misses>3726001</misses>
				<total>6</total>
				<timestamp>1340.018822</timestamp>
			</report>
			<report>
				<misses>3727001</misses>
				<total>6</total>
				<timestamp>1340.378485</timestamp>
			</report>
			<report>
				<misses>3728001</misses>
				<total>6</total>
				<timestamp>1340.738198</timestamp>
			</report>
			<report>
				<misses>3729001</misses>
				<total>6</total>
				<timestamp>1341.097833</timestamp>
			</report>
			<report>
				<misses>3730001</misses>
				<total>6</total>
				<timestamp>1341.457470</timestamp>
			</report>
			<report>
				<misses>3731001</misses>
				<total>6</total>
				<timestamp>1341.817033</timestamp>
			</report>
			<report>
				<misses>3732001</misses>
				<total>6</total>
				<timestamp>1342.176662</timestamp>
			</report>
			<report>
				<misses>3733001</misses>
				<total>6</total>
				<timestamp>1342.536293</timestamp>
			</report>
			<report>
				<misses>3734001</misses>
				<total>6</total>
				<timestamp>1342.895968</timestamp>
			</report>
			<report>
				<misses>3735001</misses>
				<total>6</total>
				<timestamp>1343.255616</timestamp>
			</report>
			<report>
				<misses>3736001</misses>
				<total>6</total>
				<timestamp>1343.615259</timestamp>
			</report>
			<report>
				<misses>3737001</misses>
				<total>6</total>
				<timestamp>1343.974845</timestamp>
			</report>
			<report>
				<misses>3738001</misses>
				<total>6</total>
				<timestamp>1344.334581</timestamp>
			</report>
			<report>
				<misses>3739001</misses>
				<total>6</total>
				<timestamp>1344.694176</timestamp>
			</report>
			<report>
				<misses>3740001</misses>
				<total>6</total>
				<timestamp>1345.053780</timestamp>
			</report>
			<report>
				<misses>3741001</misses>
				<total>6</total>
				<timestamp>1345.413444</timestamp>
			</report>
			<report>
				<misses>3742001</misses>
				<total>6</total>
				<timestamp>1345.773065</timestamp>
			</report>
			<report>
				<misses>3743001</misses>
				<total>6</total>
				<timestamp>1346.132745</timestamp>
			</report>
			<report>
				<misses>3744001</misses>
				<total>6</total>
				<timestamp>1346.492374</timestamp>
			</report>
			<report>
				<misses>3745001</misses>
				<total>6</total>
				<timestamp>1346.851988</timestamp>
			</report>
			<report>
				<misses>3746001</misses>
				<total>6</total>
				<timestamp>1347.211663</timestamp>
			</report>
			<report>
				<misses>3747001</misses>
				<total>6</total>
				<timestamp>1347.571294</timestamp>
			</report>
			<report>
				<misses>3748001</misses>
				<total>6</total>
				<timestamp>1347.930924</timestamp>
			</report>
			<report>
				<misses>3749001</misses>
				<total>6</total>
				<timestamp>1348.290565</timestamp>
			</report>
			<report>
				<misses>3750001</misses>
				<total>6</total>
				<timestamp>1348.650231</timestamp>
			</report>
			<report>
				<misses>3751001</misses>
				<total>6</total>
				<timestamp>1349.009817</timestamp>
			</report>
			<report>
				<misses>3752001</misses>
				<total>6</total>
				<timestamp>1349.369578</timestamp>
			</report>
			<report>
				<misses>3753001</misses>
				<total>6</total>
				<timestamp>1349.729122</timestamp>
			</report>
			<report>
				<misses>3754001</misses>
				<total>6</total>
				<timestamp>1350.088722</timestamp>
			</report>
			<report>
				<misses>3755001</misses>
				<total>6</total>
				<timestamp>1350.448420</timestamp>
			</report>
			<report>
				<misses>3756001</misses>
				<total>6</total>
				<timestamp>1350.808028</timestamp>
			</report>
			<report>
				<misses>3757001</misses>
				<total>6</total>
				<timestamp>1351.167655</timestamp>
			</report>
			<report>
				<misses>3758001</misses>
				<total>6</total>
				<timestamp>1351.527413</timestamp>
			</report>
			<report>
				<misses>3759001</misses>
				<total>6</total>
				<timestamp>1351.886935</timestamp>
			</report>
			<report>
				<misses>3760001</misses>
				<total>6</total>
				<timestamp>1352.246594</timestamp>
			</report>
			<report>
				<misses>3761001</misses>
				<total>6</total>
				<timestamp>1352.606267</timestamp>
			</report>
			<report>
				<misses>3762001</misses>
				<total>6</total>
				<timestamp>1352.965872</timestamp>
			</report>
			<report>
				<misses>3763001</misses>
				<total>6</total>
				<timestamp>1353.325530</timestamp>
			</report>
			<report>
				<misses>3764001</misses>
				<total>6</total>
				<timestamp>1353.685169</timestamp>
			</report>
			<report>
				<misses>3765001</misses>
				<total>6</total>
				<timestamp>1354.044798</timestamp>
			</report>
			<report>
				<misses>3766001</misses>
				<total>6</total>
				<timestamp>1354.404495</timestamp>
			</report>
			<report>
				<misses>3767001</misses>
				<total>6</total>
				<timestamp>1354.764084</timestamp>
			</report>
			<report>
				<misses>3768001</misses>
				<total>6</total>
				<timestamp>1355.123696</timestamp>
			</report>
			<report>
				<misses>3769001</misses>
				<total>6</total>
				<timestamp>1355.483342</timestamp>
			</report>
			<report>
				<misses>3770001</misses>
				<total>6</total>
				<timestamp>1355.843038</timestamp>
			</report>
			<report>
				<misses>3771001</misses>
				<total>6</total>
				<timestamp>1356.202615</timestamp>
			</report>
			<report>
				<misses>3772001</misses>
				<total>6</total>
				<timestamp>1356.562343</timestamp>
			</report>
			<report>
				<misses>3773001</misses>
				<total>6</total>
				<timestamp>1356.921958</timestamp>
			</report>
			<report>
				<misses>3774001</misses>
				<total>6</total>
				<timestamp>1357.281587</timestamp>
			</report>
			<report>
				<misses>3775001</misses>
				<total>6</total>
				<timestamp>1357.641185</timestamp>
			</report>
			<report>
				<misses>3776001</misses>
				<total>6</total>
				<timestamp>1358.000834</timestamp>
			</report>
			<report>
				<misses>3777001</misses>
				<total>6</total>
				<timestamp>1358.360525</timestamp>
			</report>
			<report>
				<misses>3778001</misses>
				<total>6</total>
				<timestamp>1358.720122</timestamp>
			</report>
			<report>
				<misses>3779001</misses>
				<total>6</total>
				<timestamp>1359.079736</timestamp>
			</report>
			<report>
				<misses>3780001</misses>
				<total>6</total>
				<timestamp>1359.439451</timestamp>
			</report>
			<report>
				<misses>3781001</misses>
				<total>6</total>
				<timestamp>1359.799072</timestamp>
			</report>
			<report>
				<misses>3782001</misses>
				<total>6</total>
				<timestamp>1360.158711</timestamp>
			</report>
			<report>
				<misses>3783001</misses>
				<total>6</total>
				<timestamp>1360.518339</timestamp>
			</report>
			<report>
				<misses>3784001</misses>
				<total>6</total>
				<timestamp>1360.877976</timestamp>
			</report>
			<report>
				<misses>3785001</misses>
				<total>6</total>
				<timestamp>1361.237589</timestamp>
			</report>
			<report>
				<misses>3786001</misses>
				<total>6</total>
				<timestamp>1361.597272</timestamp>
			</report>
			<report>
				<misses>3787001</misses>
				<total>6</total>
				<timestamp>1361.956856</timestamp>
			</report>
			<report>
				<misses>3788001</misses>
				<total>6</total>
				<timestamp>1362.316542</timestamp>
			</report>
			<report>
				<misses>3789001</misses>
				<total>6</total>
				<timestamp>1362.676188</timestamp>
			</report>
			<report>
				<misses>3790001</misses>
				<total>6</total>
				<timestamp>1363.035884</timestamp>
			</report>
			<report>
				<misses>3791001</misses>
				<total>6</total>
				<timestamp>1363.395445</timestamp>
			</report>
			<report>
				<misses>3792001</misses>
				<total>6</total>
				<timestamp>1363.755073</timestamp>
			</report>
			<report>
				<misses>3793001</misses>
				<total>6</total>
				<timestamp>1364.114765</timestamp>
			</report>
			<report>
				<misses>3794001</misses>
				<total>6</total>
				<timestamp>1364.474354</timestamp>
			</report>
			<report>
				<misses>3795001</misses>
				<total>6</total>
				<timestamp>1364.834117</timestamp>
			</report>
			<report>
				<misses>3796001</misses>
				<total>6</total>
				<timestamp>1365.193707</timestamp>
			</report>
			<report>
				<misses>3797001</misses>
				<total>6</total>
				<timestamp>1365.553308</timestamp>
			</report>
			<report>
				<misses>3798001</misses>
				<total>6</total>
				<timestamp>1365.912916</timestamp>
			</report>
			<report>
				<misses>3799001</misses>
				<total>6</total>
				<timestamp>1366.272567</timestamp>
			</report>
			<report>
				<misses>3800001</misses>
				<total>6</total>
				<timestamp>1366.632217</timestamp>
			</report>
			<report>
				<misses>3801001</misses>
				<total>6</total>
				<timestamp>1366.991822</timestamp>
			</report>
			<report>
				<misses>3802001</misses>
				<total>6</total>
				<timestamp>1367.351480</timestamp>
			</report>
			<report>
				<misses>3803001</misses>
				<total>6</total>
				<timestamp>1367.711169</timestamp>
			</report>
			<report>
				<misses>3804001</misses>
				<total>6</total>
				<timestamp>1368.070745</timestamp>
			</report>
			<report>
				<misses>3805001</misses>
				<total>6</total>
				<timestamp>1368.430422</timestamp>
			</report>
			<report>
				<misses>3806001</misses>
				<total>6</total>
				<timestamp>1368.790015</timestamp>
			</report>
			<report>
				<misses>3807001</misses>
				<total>6</total>
				<timestamp>1369.149699</timestamp>
			</report>
			<report>
				<misses>3808001</misses>
				<total>6</total>
				<timestamp>1369.509336</timestamp>
			</report>
			<report>
				<misses>3809001</misses>
				<total>6</total>
				<timestamp>1369.868974</timestamp>
			</report>
			<report>
				<misses>3810001</misses>
				<total>6</total>
				<timestamp>1370.228596</timestamp>
			</report>
			<report>
				<misses>3811001</misses>
				<total>6</total>
				<timestamp>1370.588238</timestamp>
			</report>
			<report>
				<misses>3812001</misses>
				<total>6</total>
				<timestamp>1370.947870</timestamp>
			</report>
			<report>
				<misses>3813001</misses>
				<total>6</total>
				<timestamp>1371.307570</timestamp>
			</report>
			<report>
				<misses>3814001</misses>
				<total>6</total>
				<timestamp>1371.667185</timestamp>
			</report>
			<report>
				<misses>3815001</misses>
				<total>6</total>
				<timestamp>1372.026796</timestamp>
			</report>
			<report>
				<misses>3816001</misses>
				<total>6</total>
				<timestamp>1372.386413</timestamp>
			</report>
			<report>
				<misses>3817001</misses>
				<total>6</total>
				<timestamp>1372.746066</timestamp>
			</report>
			<report>
				<misses>3818001</misses>
				<total>6</total>
				<timestamp>1373.105731</timestamp>
			</report>
			<report>
				<misses>3819001</misses>
				<total>6</total>
				<timestamp>1373.465378</timestamp>
			</report>
			<report>
				<misses>3820001</misses>
				<total>6</total>
				<timestamp>1373.824990</timestamp>
			</report>
			<report>
				<misses>3821001</misses>
				<total>6</total>
				<timestamp>1374.184669</timestamp>
			</report>
			<report>
				<misses>3822001</misses>
				<total>6</total>
				<timestamp>1374.544340</timestamp>
			</report>
			<report>
				<misses>3823001</misses>
				<total>6</total>
				<timestamp>1374.903922</timestamp>
			</report>
			<report>
				<misses>3824001</misses>
				<total>6</total>
				<timestamp>1375.263525</timestamp>
			</report>
			<report>
				<misses>3825001</misses>
				<total>6</total>
				<timestamp>1375.623224</timestamp>
			</report>
			<report>
				<misses>3826001</misses>
				<total>6</total>
				<timestamp>1375.982808</timestamp>
			</report>
			<report>
				<misses>3827001</misses>
				<total>6</total>
				<timestamp>1376.342464</timestamp>
			</report>
			<report>
				<misses>3828001</misses>
				<total>6</total>
				<timestamp>1376.702123</timestamp>
			</report>
			<report>
				<misses>3829001</misses>
				<total>6</total>
				<timestamp>1377.061752</timestamp>
			</report>
			<report>
				<misses>3830001</misses>
				<total>6</total>
				<timestamp>1377.421444</timestamp>
			</report>
			<report>
				<misses>3831001</misses>
				<total>6</total>
				<timestamp>1377.781067</timestamp>
			</report>
			<report>
				<misses>3832001</misses>
				<total>6</total>
				<timestamp>1378.140672</timestamp>
			</report>
			<report>
				<misses>3833001</misses>
				<total>6</total>
				<timestamp>1378.500311</timestamp>
			</report>
			<report>
				<misses>3834001</misses>
				<total>6</total>
				<timestamp>1378.859992</timestamp>
			</report>
			<report>
				<misses>3835001</misses>
				<total>6</total>
				<timestamp>1379.219590</timestamp>
			</report>
			<report>
				<misses>3836001</misses>
				<total>6</total>
				<timestamp>1379.579230</timestamp>
			</report>
			<report>
				<misses>3837001</misses>
				<total>6</total>
				<timestamp>1379.938862</timestamp>
			</report>
			<report>
				<misses>3838001</misses>
				<total>6</total>
				<timestamp>1380.298483</timestamp>
			</report>
			<report>
				<misses>3839001</misses>
				<total>6</total>
				<timestamp>1380.658174</timestamp>
			</report>
			<report>
				<misses>3840001</misses>
				<total>6</total>
				<timestamp>1381.017829</timestamp>
			</report>
			<report>
				<misses>3841001</misses>
				<total>6</total>
				<timestamp>1381.377487</timestamp>
			</report>
			<report>
				<misses>3842001</misses>
				<total>6</total>
				<timestamp>1381.737054</timestamp>
			</report>
			<report>
				<misses>3843001</misses>
				<total>6</total>
				<timestamp>1382.096696</timestamp>
			</report>
			<report>
				<misses>3844001</misses>
				<total>6</total>
				<timestamp>1382.456345</timestamp>
			</report>
			<report>
				<misses>3845001</misses>
				<total>6</total>
				<timestamp>1382.816047</timestamp>
			</report>
			<report>
				<misses>3846001</misses>
				<total>6</total>
				<timestamp>1383.175636</timestamp>
			</report>
			<report>
				<misses>3847001</misses>
				<total>6</total>
				<timestamp>1383.535291</timestamp>
			</report>
			<report>
				<misses>3848001</misses>
				<total>6</total>
				<timestamp>1383.894997</timestamp>
			</report>
			<report>
				<misses>3849001</misses>
				<total>6</total>
				<timestamp>1384.254567</timestamp>
			</report>
			<report>
				<misses>3850001</misses>
				<total>6</total>
				<timestamp>1384.614187</timestamp>
			</report>
			<report>
				<misses>3851001</misses>
				<total>6</total>
				<timestamp>1384.973810</timestamp>
			</report>
			<report>
				<misses>3852001</misses>
				<total>6</total>
				<timestamp>1385.333470</timestamp>
			</report>
			<report>
				<misses>3853001</misses>
				<total>6</total>
				<timestamp>1385.693113</timestamp>
			</report>
			<report>
				<misses>3854001</misses>
				<total>6</total>
				<timestamp>1386.052736</timestamp>
			</report>
			<report>
				<misses>3855001</misses>
				<total>6</total>
				<timestamp>1386.412404</timestamp>
			</report>
			<report>
				<misses>3856001</misses>
				<total>6</total>
				<timestamp>1386.772080</timestamp>
			</report>
			<report>
				<misses>3857001</misses>
				<total>6</total>
				<timestamp>1387.131656</timestamp>
			</report>
			<report>
				<misses>3858001</misses>
				<total>6</total>
				<timestamp>1387.491334</timestamp>
			</report>
			<report>
				<misses>3859001</misses>
				<total>6</total>
				<timestamp>1387.850965</timestamp>
			</report>
			<report>
				<misses>3860001</misses>
				<total>6</total>
				<timestamp>1388.210595</timestamp>
			</report>
			<report>
				<misses>3861001</misses>
				<total>6</total>
				<timestamp>1388.570213</timestamp>
			</report>
			<report>
				<misses>3862001</misses>
				<total>6</total>
				<timestamp>1388.929909</timestamp>
			</report>
			<report>
				<misses>3863001</misses>
				<total>6</total>
				<timestamp>1389.289496</timestamp>
			</report>
			<report>
				<misses>3864001</misses>
				<total>6</total>
				<timestamp>1389.649150</timestamp>
			</report>
			<report>
				<misses>3865001</misses>
				<total>6</total>
				<timestamp>1390.008776</timestamp>
			</report>
			<report>
				<misses>3866001</misses>
				<total>6</total>
				<timestamp>1390.368470</timestamp>
			</report>
			<report>
				<misses>3867001</misses>
				<total>6</total>
				<timestamp>1390.728137</timestamp>
			</report>
			<report>
				<misses>3868001</misses>
				<total>6</total>
				<timestamp>1391.087687</timestamp>
			</report>
			<report>
				<misses>3869001</misses>
				<total>6</total>
				<timestamp>1391.447339</timestamp>
			</report>
			<report>
				<misses>3870001</misses>
				<total>6</total>
				<timestamp>1391.807098</timestamp>
			</report>
			<report>
				<misses>3871001</misses>
				<total>6</total>
				<timestamp>1392.166650</timestamp>
			</report>
			<report>
				<misses>3872001</misses>
				<total>6</total>
				<timestamp>1392.526347</timestamp>
			</report>
			<report>
				<misses>3873001</misses>
				<total>6</total>
				<timestamp>1392.885887</timestamp>
			</report>
			<report>
				<misses>3874001</misses>
				<total>6</total>
				<timestamp>1393.245641</timestamp>
			</report>
			<report>
				<misses>3875001</misses>
				<total>6</total>
				<timestamp>1393.605208</timestamp>
			</report>
			<report>
				<misses>3876001</misses>
				<total>6</total>
				<timestamp>1393.964897</timestamp>
			</report>
			<report>
				<misses>3877001</misses>
				<total>6</total>
				<timestamp>1394.324468</timestamp>
			</report>
			<report>
				<misses>3878001</misses>
				<total>6</total>
				<timestamp>1394.684129</timestamp>
			</report>
			<report>
				<misses>3879001</misses>
				<total>6</total>
				<timestamp>1395.043766</timestamp>
			</report>
			<report>
				<misses>3880001</misses>
				<total>6</total>
				<timestamp>1395.403381</timestamp>
			</report>
			<report>
				<misses>3881001</misses>
				<total>6</total>
				<timestamp>1395.763056</timestamp>
			</report>
			<report>
				<misses>3882001</misses>
				<total>6</total>
				<timestamp>1396.122664</timestamp>
			</report>
			<report>
				<misses>3883001</misses>
				<total>6</total>
				<timestamp>1396.482328</timestamp>
			</report>
			<report>
				<misses>3884001</misses>
				<total>6</total>
				<timestamp>1396.841970</timestamp>
			</report>
			<report>
				<misses>3885001</misses>
				<total>6</total>
				<timestamp>1397.201650</timestamp>
			</report>
			<report>
				<misses>3886001</misses>
				<total>6</total>
				<timestamp>1397.561280</timestamp>
			</report>
			<report>
				<misses>3887001</misses>
				<total>6</total>
				<timestamp>1397.920891</timestamp>
			</report>
			<report>
				<misses>3888001</misses>
				<total>6</total>
				<timestamp>1398.280554</timestamp>
			</report>
			<report>
				<misses>3889001</misses>
				<total>6</total>
				<timestamp>1398.640158</timestamp>
			</report>
			<report>
				<misses>3890001</misses>
				<total>6</total>
				<timestamp>1398.999815</timestamp>
			</report>
			<report>
				<misses>3891001</misses>
				<total>6</total>
				<timestamp>1399.359426</timestamp>
			</report>
			<report>
				<misses>3892001</misses>
				<total>6</total>
				<timestamp>1399.719100</timestamp>
			</report>
			<report>
				<misses>3893001</misses>
				<total>6</total>
				<timestamp>1400.078759</timestamp>
			</report>
			<report>
				<misses>3894001</misses>
				<total>6</total>
				<timestamp>1400.438336</timestamp>
			</report>
			<report>
				<misses>3895001</misses>
				<total>6</total>
				<timestamp>1400.798027</timestamp>
			</report>
			<report>
				<misses>3896001</misses>
				<total>6</total>
				<timestamp>1401.157688</timestamp>
			</report>
			<report>
				<misses>3897001</misses>
				<total>6</total>
				<timestamp>1401.517318</timestamp>
			</report>
			<report>
				<misses>3898001</misses>
				<total>6</total>
				<timestamp>1401.876886</timestamp>
			</report>
			<report>
				<misses>3899001</misses>
				<total>6</total>
				<timestamp>1402.236535</timestamp>
			</report>
			<report>
				<misses>3900001</misses>
				<total>6</total>
				<timestamp>1402.596237</timestamp>
			</report>
			<report>
				<misses>3901001</misses>
				<total>6</total>
				<timestamp>1402.955889</timestamp>
			</report>
			<report>
				<misses>3902001</misses>
				<total>6</total>
				<timestamp>1403.315492</timestamp>
			</report>
			<report>
				<misses>3903001</misses>
				<total>6</total>
				<timestamp>1403.675122</timestamp>
			</report>
			<report>
				<misses>3904001</misses>
				<total>6</total>
				<timestamp>1404.034752</timestamp>
			</report>
			<report>
				<misses>3905001</misses>
				<total>6</total>
				<timestamp>1404.394371</timestamp>
			</report>
			<report>
				<misses>3906001</misses>
				<total>6</total>
				<timestamp>1404.754087</timestamp>
			</report>
			<report>
				<misses>3907001</misses>
				<total>6</total>
				<timestamp>1405.113668</timestamp>
			</report>
			<report>
				<misses>3908001</misses>
				<total>6</total>
				<timestamp>1405.473328</timestamp>
			</report>
			<report>
				<misses>3909001</misses>
				<total>6</total>
				<timestamp>1405.833038</timestamp>
			</report>
			<report>
				<misses>3910001</misses>
				<total>6</total>
				<timestamp>1406.192581</timestamp>
			</report>
			<report>
				<misses>3911001</misses>
				<total>6</total>
				<timestamp>1406.552266</timestamp>
			</report>
			<report>
				<misses>3912001</misses>
				<total>6</total>
				<timestamp>1406.911882</timestamp>
			</report>
			<report>
				<misses>3913001</misses>
				<total>6</total>
				<timestamp>1407.271573</timestamp>
			</report>
			<report>
				<misses>3914001</misses>
				<total>6</total>
				<timestamp>1407.631268</timestamp>
			</report>
			<report>
				<misses>3915001</misses>
				<total>6</total>
				<timestamp>1407.990867</timestamp>
			</report>
			<report>
				<misses>3916001</misses>
				<total>6</total>
				<timestamp>1408.350429</timestamp>
			</report>
			<report>
				<misses>3917001</misses>
				<total>6</total>
				<timestamp>1408.710089</timestamp>
			</report>
			<report>
				<misses>3918001</misses>
				<total>6</total>
				<timestamp>1409.069715</timestamp>
			</report>
			<report>
				<misses>3919001</misses>
				<total>6</total>
				<timestamp>1409.429361</timestamp>
			</report>
			<report>
				<misses>3920001</misses>
				<total>6</total>
				<timestamp>1409.788988</timestamp>
			</report>
			<report>
				<misses>3921001</misses>
				<total>6</total>
				<timestamp>1410.148621</timestamp>
			</report>
			<report>
				<misses>3922001</misses>
				<total>6</total>
				<timestamp>1410.508270</timestamp>
			</report>
			<report>
				<misses>3923001</misses>
				<total>6</total>
				<timestamp>1410.867914</timestamp>
			</report>
			<report>
				<misses>3924001</misses>
				<total>6</total>
				<timestamp>1411.227565</timestamp>
			</report>
			<report>
				<misses>3925001</misses>
				<total>6</total>
				<timestamp>1411.587240</timestamp>
			</report>
			<report>
				<misses>3926001</misses>
				<total>6</total>
				<timestamp>1411.946871</timestamp>
			</report>
			<report>
				<misses>3927001</misses>
				<total>6</total>
				<timestamp>1412.306488</timestamp>
			</report>
			<report>
				<misses>3928001</misses>
				<total>6</total>
				<timestamp>1412.666144</timestamp>
			</report>
			<report>
				<misses>3929001</misses>
				<total>6</total>
				<timestamp>1413.025816</timestamp>
			</report>
			<report>
				<misses>3930001</misses>
				<total>6</total>
				<timestamp>1413.385412</timestamp>
			</report>
			<report>
				<misses>3931001</misses>
				<total>6</total>
				<timestamp>1413.745089</timestamp>
			</report>
			<report>
				<misses>3932001</misses>
				<total>6</total>
				<timestamp>1414.104646</timestamp>
			</report>
			<report>
				<misses>3933001</misses>
				<total>6</total>
				<timestamp>1414.464333</timestamp>
			</report>
			<report>
				<misses>3934001</misses>
				<total>6</total>
				<timestamp>1414.823991</timestamp>
			</report>
			<report>
				<misses>3935001</misses>
				<total>6</total>
				<timestamp>1415.183606</timestamp>
			</report>
			<report>
				<misses>3936001</misses>
				<total>6</total>
				<timestamp>1415.543209</timestamp>
			</report>
			<report>
				<misses>3937001</misses>
				<total>6</total>
				<timestamp>1415.902871</timestamp>
			</report>
			<report>
				<misses>3938001</misses>
				<total>6</total>
				<timestamp>1416.262492</timestamp>
			</report>
			<report>
				<misses>3939001</misses>
				<total>6</total>
				<timestamp>1416.622196</timestamp>
			</report>
			<report>
				<misses>3940001</misses>
				<total>6</total>
				<timestamp>1416.981789</timestamp>
			</report>
			<report>
				<misses>3941001</misses>
				<total>6</total>
				<timestamp>1417.341424</timestamp>
			</report>
			<report>
				<misses>3942001</misses>
				<total>6</total>
				<timestamp>1417.701079</timestamp>
			</report>
			<report>
				<misses>3943001</misses>
				<total>6</total>
				<timestamp>1418.060694</timestamp>
			</report>
			<report>
				<misses>3944001</misses>
				<total>6</total>
				<timestamp>1418.420394</timestamp>
			</report>
			<report>
				<misses>3945001</misses>
				<total>6</total>
				<timestamp>1418.780025</timestamp>
			</report>
			<report>
				<misses>3946001</misses>
				<total>6</total>
				<timestamp>1419.139616</timestamp>
			</report>
			<report>
				<misses>3947001</misses>
				<total>6</total>
				<timestamp>1419.499311</timestamp>
			</report>
			<report>
				<misses>3948001</misses>
				<total>6</total>
				<timestamp>1419.858957</timestamp>
			</report>
			<report>
				<misses>3949001</misses>
				<total>6</total>
				<timestamp>1420.218529</timestamp>
			</report>
			<report>
				<misses>3950001</misses>
				<total>6</total>
				<timestamp>1420.578221</timestamp>
			</report>
			<report>
				<misses>3951001</misses>
				<total>6</total>
				<timestamp>1420.937875</timestamp>
			</report>
			<report>
				<misses>3952001</misses>
				<total>6</total>
				<timestamp>1421.297499</timestamp>
			</report>
			<report>
				<misses>3953001</misses>
				<total>6</total>
				<timestamp>1421.657129</timestamp>
			</report>
			<report>
				<misses>3954001</misses>
				<total>6</total>
				<timestamp>1422.016761</timestamp>
			</report>
			<report>
				<misses>3955001</misses>
				<total>6</total>
				<timestamp>1422.376434</timestamp>
			</report>
			<report>
				<misses>3956001</misses>
				<total>6</total>
				<timestamp>1422.736067</timestamp>
			</report>
			<report>
				<misses>3957001</misses>
				<total>6</total>
				<timestamp>1423.095707</timestamp>
			</report>
			<report>
				<misses>3958001</misses>
				<total>6</total>
				<timestamp>1423.455350</timestamp>
			</report>
			<report>
				<misses>3959001</misses>
				<total>6</total>
				<timestamp>1423.815049</timestamp>
			</report>
			<report>
				<misses>3960001</misses>
				<total>6</total>
				<timestamp>1424.174584</timestamp>
			</report>
			<report>
				<misses>3961001</misses>
				<total>6</total>
				<timestamp>1424.534240</timestamp>
			</report>
			<report>
				<misses>3962001</misses>
				<total>6</total>
				<timestamp>1424.893988</timestamp>
			</report>
			<report>
				<misses>3963001</misses>
				<total>6</total>
				<timestamp>1425.253497</timestamp>
			</report>
			<report>
				<misses>3964001</misses>
				<total>6</total>
				<timestamp>1425.613167</timestamp>
			</report>
			<report>
				<misses>3965001</misses>
				<total>6</total>
				<timestamp>1425.972769</timestamp>
			</report>
			<report>
				<misses>3966001</misses>
				<total>6</total>
				<timestamp>1426.332474</timestamp>
			</report>
			<report>
				<misses>3967001</misses>
				<total>6</total>
				<timestamp>1426.692106</timestamp>
			</report>
			<report>
				<misses>3968001</misses>
				<total>6</total>
				<timestamp>1427.051728</timestamp>
			</report>
			<report>
				<misses>3969001</misses>
				<total>6</total>
				<timestamp>1427.411394</timestamp>
			</report>
			<report>
				<misses>3970001</misses>
				<total>6</total>
				<timestamp>1427.771011</timestamp>
			</report>
			<report>
				<misses>3971001</misses>
				<total>6</total>
				<timestamp>1428.130629</timestamp>
			</report>
			<report>
				<misses>3972001</misses>
				<total>6</total>
				<timestamp>1428.490263</timestamp>
			</report>
			<report>
				<misses>3973001</misses>
				<total>6</total>
				<timestamp>1428.849949</timestamp>
			</report>
			<report>
				<misses>3974001</misses>
				<total>6</total>
				<timestamp>1429.209528</timestamp>
			</report>
			<report>
				<misses>3975001</misses>
				<total>6</total>
				<timestamp>1429.569230</timestamp>
			</report>
			<report>
				<misses>3976001</misses>
				<total>6</total>
				<timestamp>1429.928830</timestamp>
			</report>
			<report>
				<misses>3977001</misses>
				<total>6</total>
				<timestamp>1430.288456</timestamp>
			</report>
			<report>
				<misses>3978001</misses>
				<total>6</total>
				<timestamp>1430.648156</timestamp>
			</report>
			<report>
				<misses>3979001</misses>
				<total>6</total>
				<timestamp>1431.007774</timestamp>
			</report>
			<report>
				<misses>3980001</misses>
				<total>6</total>
				<timestamp>1431.367437</timestamp>
			</report>
			<report>
				<misses>3981001</misses>
				<total>6</total>
				<timestamp>1431.727063</timestamp>
			</report>
			<report>
				<misses>3982001</misses>
				<total>6</total>
				<timestamp>1432.086717</timestamp>
			</report>
			<report>
				<misses>3983001</misses>
				<total>6</total>
				<timestamp>1432.446291</timestamp>
			</report>
			<report>
				<misses>3984001</misses>
				<total>6</total>
				<timestamp>1432.805972</timestamp>
			</report>
			<report>
				<misses>3985001</misses>
				<total>6</total>
				<timestamp>1433.165594</timestamp>
			</report>
			<report>
				<misses>3986001</misses>
				<total>6</total>
				<timestamp>1433.525200</timestamp>
			</report>
			<report>
				<misses>3987001</misses>
				<total>6</total>
				<timestamp>1433.884864</timestamp>
			</report>
			<report>
				<misses>3988001</misses>
				<total>6</total>
				<timestamp>1434.244535</timestamp>
			</report>
			<report>
				<misses>3989001</misses>
				<total>6</total>
				<timestamp>1434.604124</timestamp>
			</report>
			<report>
				<misses>3990001</misses>
				<total>6</total>
				<timestamp>1434.963884</timestamp>
			</report>
			<report>
				<misses>3991001</misses>
				<total>6</total>
				<timestamp>1435.323467</timestamp>
			</report>
			<report>
				<misses>3992001</misses>
				<total>6</total>
				<timestamp>1435.683122</timestamp>
			</report>
			<report>
				<misses>3993001</misses>
				<total>6</total>
				<timestamp>1436.042730</timestamp>
			</report>
			<report>
				<misses>3994001</misses>
				<total>6</total>
				<timestamp>1436.402317</timestamp>
			</report>
			<report>
				<misses>3995001</misses>
				<total>6</total>
				<timestamp>1436.761989</timestamp>
			</report>
			<report>
				<misses>3996001</misses>
				<total>6</total>
				<timestamp>1437.121643</timestamp>
			</report>
			<report>
				<misses>3997001</misses>
				<total>6</total>
				<timestamp>1437.481269</timestamp>
			</report>
			<report>
				<misses>3998001</misses>
				<total>6</total>
				<timestamp>1437.840944</timestamp>
			</report>
			<report>
				<misses>3999001</misses>
				<total>6</total>
				<timestamp>1438.200631</timestamp>
			</report>
			<report>
				<misses>4000001</misses>
				<total>6</total>
				<timestamp>1438.560195</timestamp>
			</report>
			<report>
				<misses>4001001</misses>
				<total>6</total>
				<timestamp>1438.919841</timestamp>
			</report>
			<report>
				<misses>4002001</misses>
				<total>6</total>
				<timestamp>1439.279484</timestamp>
			</report>
			<report>
				<misses>4003001</misses>
				<total>6</total>
				<timestamp>1439.639131</timestamp>
			</report>
			<report>
				<misses>4004001</misses>
				<total>6</total>
				<timestamp>1439.998831</timestamp>
			</report>
			<report>
				<misses>4005001</misses>
				<total>6</total>
				<timestamp>1440.358409</timestamp>
			</report>
			<report>
				<misses>4006001</misses>
				<total>6</total>
				<timestamp>1440.718042</timestamp>
			</report>
			<report>
				<misses>4007001</misses>
				<total>6</total>
				<timestamp>1441.077747</timestamp>
			</report>
			<report>
				<misses>4008001</misses>
				<total>6</total>
				<timestamp>1441.437282</timestamp>
			</report>
			<report>
				<misses>4009001</misses>
				<total>6</total>
				<timestamp>1441.796963</timestamp>
			</report>
			<report>
				<misses>4010001</misses>
				<total>6</total>
				<timestamp>1442.156605</timestamp>
			</report>
			<report>
				<misses>4011001</misses>
				<total>6</total>
				<timestamp>1442.516242</timestamp>
			</report>
			<report>
				<misses>4012001</misses>
				<total>6</total>
				<timestamp>1442.875982</timestamp>
			</report>
			<report>
				<misses>4013001</misses>
				<total>6</total>
				<timestamp>1443.235489</timestamp>
			</report>
			<report>
				<misses>4014001</misses>
				<total>6</total>
				<timestamp>1443.595131</timestamp>
			</report>
			<report>
				<misses>4015001</misses>
				<total>6</total>
				<timestamp>1443.954837</timestamp>
			</report>
			<report>
				<misses>4016001</misses>
				<total>6</total>
				<timestamp>1444.314473</timestamp>
			</report>
			<report>
				<misses>4017001</misses>
				<total>6</total>
				<timestamp>1444.674061</timestamp>
			</report>
			<report>
				<misses>4018001</misses>
				<total>6</total>
				<timestamp>1445.033751</timestamp>
			</report>
			<report>
				<misses>4019001</misses>
				<total>6</total>
				<timestamp>1445.393356</timestamp>
			</report>
			<report>
				<misses>4020001</misses>
				<total>6</total>
				<timestamp>1445.753019</timestamp>
			</report>
			<report>
				<misses>4021001</misses>
				<total>6</total>
				<timestamp>1446.112662</timestamp>
			</report>
			<report>
				<misses>4022001</misses>
				<total>6</total>
				<timestamp>1446.472250</timestamp>
			</report>
			<report>
				<misses>4023001</misses>
				<total>6</total>
				<timestamp>1446.831894</timestamp>
			</report>
			<report>
				<misses>4024001</misses>
				<total>6</total>
				<timestamp>1447.191565</timestamp>
			</report>
			<report>
				<misses>4025001</misses>
				<total>6</total>
				<timestamp>1447.551176</timestamp>
			</report>
			<report>
				<misses>4026001</misses>
				<total>6</total>
				<timestamp>1447.910876</timestamp>
			</report>
			<report>
				<misses>4027001</misses>
				<total>6</total>
				<timestamp>1448.270450</timestamp>
			</report>
			<report>
				<misses>4028001</misses>
				<total>6</total>
				<timestamp>1448.630147</timestamp>
			</report>
			<report>
				<misses>4029001</misses>
				<total>6</total>
				<timestamp>1448.989824</timestamp>
			</report>
			<report>
				<misses>4030001</misses>
				<total>6</total>
				<timestamp>1449.349376</timestamp>
			</report>
			<report>
				<misses>4031001</misses>
				<total>6</total>
				<timestamp>1449.709067</timestamp>
			</report>
			<report>
				<misses>4032001</misses>
				<total>6</total>
				<timestamp>1450.068692</timestamp>
			</report>
			<report>
				<misses>4033001</misses>
				<total>6</total>
				<timestamp>1450.428323</timestamp>
			</report>
			<report>
				<misses>4034001</misses>
				<total>6</total>
				<timestamp>1450.787949</timestamp>
			</report>
			<report>
				<misses>4035001</misses>
				<total>6</total>
				<timestamp>1451.147573</timestamp>
			</report>
			<report>
				<misses>4036001</misses>
				<total>6</total>
				<timestamp>1451.507297</timestamp>
			</report>
			<report>
				<misses>4037001</misses>
				<total>6</total>
				<timestamp>1451.866861</timestamp>
			</report>
			<report>
				<misses>4038001</misses>
				<total>6</total>
				<timestamp>1452.226518</timestamp>
			</report>
			<report>
				<misses>4039001</misses>
				<total>6</total>
				<timestamp>1452.586147</timestamp>
			</report>
			<report>
				<misses>4040001</misses>
				<total>6</total>
				<timestamp>1452.945895</timestamp>
			</report>
			<report>
				<misses>4041001</misses>
				<total>6</total>
				<timestamp>1453.305406</timestamp>
			</report>
			<report>
				<misses>4042001</misses>
				<total>6</total>
				<timestamp>1453.665132</timestamp>
			</report>
			<report>
				<misses>4043001</misses>
				<total>6</total>
				<timestamp>1454.024748</timestamp>
			</report>
			<report>
				<misses>4044001</misses>
				<total>6</total>
				<timestamp>1454.384338</timestamp>
			</report>
			<report>
				<misses>4045001</misses>
				<total>6</total>
				<timestamp>1454.743991</timestamp>
			</report>
			<report>
				<misses>4046001</misses>
				<total>6</total>
				<timestamp>1455.103722</timestamp>
			</report>
			<report>
				<misses>4047001</misses>
				<total>6</total>
				<timestamp>1455.463273</timestamp>
			</report>
			<report>
				<misses>4048001</misses>
				<total>6</total>
				<timestamp>1455.822962</timestamp>
			</report>
			<report>
				<misses>4049001</misses>
				<total>6</total>
				<timestamp>1456.182523</timestamp>
			</report>
			<report>
				<misses>4050001</misses>
				<total>6</total>
				<timestamp>1456.542240</timestamp>
			</report>
			<report>
				<misses>4051001</misses>
				<total>6</total>
				<timestamp>1456.901918</timestamp>
			</report>
			<report>
				<misses>4052001</misses>
				<total>6</total>
				<timestamp>1457.261474</timestamp>
			</report>
			<report>
				<misses>4053001</misses>
				<total>6</total>
				<timestamp>1457.621091</timestamp>
			</report>
			<report>
				<misses>4054001</misses>
				<total>6</total>
				<timestamp>1457.980772</timestamp>
			</report>
			<report>
				<misses>4055001</misses>
				<total>6</total>
				<timestamp>1458.340401</timestamp>
			</report>
			<report>
				<misses>4056001</misses>
				<total>6</total>
				<timestamp>1458.700073</timestamp>
			</report>
			<report>
				<misses>4057001</misses>
				<total>6</total>
				<timestamp>1459.059686</timestamp>
			</report>
			<report>
				<misses>4058001</misses>
				<total>6</total>
				<timestamp>1459.419319</timestamp>
			</report>
			<report>
				<misses>4059001</misses>
				<total>6</total>
				<timestamp>1459.778952</timestamp>
			</report>
			<report>
				<misses>4060001</misses>
				<total>6</total>
				<timestamp>1460.138632</timestamp>
			</report>
			<report>
				<misses>4061001</misses>
				<total>6</total>
				<timestamp>1460.498278</timestamp>
			</report>
			<report>
				<misses>4062001</misses>
				<total>6</total>
				<timestamp>1460.857864</timestamp>
			</report>
			<report>
				<misses>4063001</misses>
				<total>6</total>
				<timestamp>1461.217622</timestamp>
			</report>
			<report>
				<misses>4064001</misses>
				<total>6</total>
				<timestamp>1461.577197</timestamp>
			</report>
			<report>
				<misses>4065001</misses>
				<total>6</total>
				<timestamp>1461.936838</timestamp>
			</report>
			<report>
				<misses>4066001</misses>
				<total>6</total>
				<timestamp>1462.296424</timestamp>
			</report>
			<report>
				<misses>4067001</misses>
				<total>6</total>
				<timestamp>1462.656103</timestamp>
			</report>
			<report>
				<misses>4068001</misses>
				<total>6</total>
				<timestamp>1463.015748</timestamp>
			</report>
			<report>
				<misses>4069001</misses>
				<total>6</total>
				<timestamp>1463.375418</timestamp>
			</report>
			<report>
				<misses>4070001</misses>
				<total>6</total>
				<timestamp>1463.735030</timestamp>
			</report>
			<report>
				<misses>4071001</misses>
				<total>6</total>
				<timestamp>1464.094689</timestamp>
			</report>
			<report>
				<misses>4072001</misses>
				<total>6</total>
				<timestamp>1464.454244</timestamp>
			</report>
			<report>
				<misses>4073001</misses>
				<total>6</total>
				<timestamp>1464.813945</timestamp>
			</report>
			<report>
				<misses>4074001</misses>
				<total>6</total>
				<timestamp>1465.173531</timestamp>
			</report>
			<report>
				<misses>4075001</misses>
				<total>6</total>
				<timestamp>1465.533185</timestamp>
			</report>
			<report>
				<misses>4076001</misses>
				<total>6</total>
				<timestamp>1465.892825</timestamp>
			</report>
			<report>
				<misses>4077001</misses>
				<total>6</total>
				<timestamp>1466.252506</timestamp>
			</report>
			<report>
				<misses>4078001</misses>
				<total>6</total>
				<timestamp>1466.612131</timestamp>
			</report>
			<report>
				<misses>4079001</misses>
				<total>6</total>
				<timestamp>1466.971729</timestamp>
			</report>
			<report>
				<misses>4080001</misses>
				<total>6</total>
				<timestamp>1467.331416</timestamp>
			</report>
			<report>
				<misses>4081001</misses>
				<total>6</total>
				<timestamp>1467.691015</timestamp>
			</report>
			<report>
				<misses>4082001</misses>
				<total>6</total>
				<timestamp>1468.050671</timestamp>
			</report>
			<report>
				<misses>4083001</misses>
				<total>6</total>
				<timestamp>1468.410302</timestamp>
			</report>
			<report>
				<misses>4084001</misses>
				<total>6</total>
				<timestamp>1468.769950</timestamp>
			</report>
			<report>
				<misses>4085001</misses>
				<total>6</total>
				<timestamp>1469.129682</timestamp>
			</report>
			<report>
				<misses>4086001</misses>
				<total>6</total>
				<timestamp>1469.489255</timestamp>
			</report>
			<report>
				<misses>4087001</misses>
				<total>6</total>
				<timestamp>1469.848853</timestamp>
			</report>
			<report>
				<misses>4088001</misses>
				<total>6</total>
				<timestamp>1470.208491</timestamp>
			</report>
			<report>
				<misses>4089001</misses>
				<total>6</total>
				<timestamp>1470.568126</timestamp>
			</report>
			<report>
				<misses>4090001</misses>
				<total>6</total>
				<timestamp>1470.927814</timestamp>
			</report>
			<report>
				<misses>4091001</misses>
				<total>6</total>
				<timestamp>1471.287441</timestamp>
			</report>
			<report>
				<misses>4092001</misses>
				<total>6</total>
				<timestamp>1471.647076</timestamp>
			</report>
			<report>
				<misses>4093001</misses>
				<total>6</total>
				<timestamp>1472.006744</timestamp>
			</report>
			<report>
				<misses>4094001</misses>
				<total>6</total>
				<timestamp>1472.366446</timestamp>
			</report>
			<report>
				<misses>4095001</misses>
				<total>6</total>
				<timestamp>1472.725995</timestamp>
			</report>
			<report>
				<misses>4096001</misses>
				<total>6</total>
				<timestamp>1473.085682</timestamp>
			</report>
			<report>
				<misses>4097001</misses>
				<total>6</total>
				<timestamp>1473.445317</timestamp>
			</report>
			<report>
				<misses>4098001</misses>
				<total>6</total>
				<timestamp>1473.804919</timestamp>
			</report>
			<report>
				<misses>4099001</misses>
				<total>6</total>
				<timestamp>1474.164539</timestamp>
			</report>
			<report>
				<misses>4100001</misses>
				<total>6</total>
				<timestamp>1474.524161</timestamp>
			</report>
			<report>
				<misses>4101001</misses>
				<total>6</total>
				<timestamp>1474.883807</timestamp>
			</report>
			<report>
				<misses>4102001</misses>
				<total>6</total>
				<timestamp>1475.243568</timestamp>
			</report>
			<report>
				<misses>4103001</misses>
				<total>6</total>
				<timestamp>1475.603200</timestamp>
			</report>
			<report>
				<misses>4104001</misses>
				<total>6</total>
				<timestamp>1475.962754</timestamp>
			</report>
			<report>
				<misses>4105001</misses>
				<total>6</total>
				<timestamp>1476.322486</timestamp>
			</report>
			<report>
				<misses>4106001</misses>
				<total>6</total>
				<timestamp>1476.682015</timestamp>
			</report>
			<report>
				<misses>4107001</misses>
				<total>6</total>
				<timestamp>1477.041731</timestamp>
			</report>
			<report>
				<misses>4108001</misses>
				<total>6</total>
				<timestamp>1477.401292</timestamp>
			</report>
			<report>
				<misses>4109001</misses>
				<total>6</total>
				<timestamp>1477.760973</timestamp>
			</report>
			<report>
				<misses>4110001</misses>
				<total>6</total>
				<timestamp>1478.120669</timestamp>
			</report>
			<report>
				<misses>4111001</misses>
				<total>6</total>
				<timestamp>1478.480239</timestamp>
			</report>
			<report>
				<misses>4112001</misses>
				<total>6</total>
				<timestamp>1478.839873</timestamp>
			</report>
			<report>
				<misses>4113001</misses>
				<total>6</total>
				<timestamp>1479.199523</timestamp>
			</report>
			<report>
				<misses>4114001</misses>
				<total>6</total>
				<timestamp>1479.559176</timestamp>
			</report>
			<report>
				<misses>4115001</misses>
				<total>6</total>
				<timestamp>1479.918824</timestamp>
			</report>
			<report>
				<misses>4116001</misses>
				<total>6</total>
				<timestamp>1480.278546</timestamp>
			</report>
			<report>
				<misses>4117001</misses>
				<total>6</total>
				<timestamp>1480.638070</timestamp>
			</report>
			<report>
				<misses>4118001</misses>
				<total>6</total>
				<timestamp>1480.997784</timestamp>
			</report>
			<report>
				<misses>4119001</misses>
				<total>6</total>
				<timestamp>1481.357341</timestamp>
			</report>
			<report>
				<misses>4120001</misses>
				<total>6</total>
				<timestamp>1481.717010</timestamp>
			</report>
			<report>
				<misses>4121001</misses>
				<total>6</total>
				<timestamp>1482.076644</timestamp>
			</report>
			<report>
				<misses>4122001</misses>
				<total>6</total>
				<timestamp>1482.436328</timestamp>
			</report>
			<report>
				<misses>4123001</misses>
				<total>6</total>
				<timestamp>1482.795905</timestamp>
			</report>
			<report>
				<misses>4124001</misses>
				<total>6</total>
				<timestamp>1483.155599</timestamp>
			</report>
			<report>
				<misses>4125001</misses>
				<total>6</total>
				<timestamp>1483.515195</timestamp>
			</report>
			<report>
				<misses>4126001</misses>
				<total>6</total>
				<timestamp>1483.874851</timestamp>
			</report>
			<report>
				<misses>4127001</misses>
				<total>6</total>
				<timestamp>1484.234530</timestamp>
			</report>
			<report>
				<misses>4128001</misses>
				<total>6</total>
				<timestamp>1484.594111</timestamp>
			</report>
			<report>
				<misses>4129001</misses>
				<total>6</total>
				<timestamp>1484.953725</timestamp>
			</report>
			<report>
				<misses>4130001</misses>
				<total>6</total>
				<timestamp>1485.313432</timestamp>
			</report>
			<report>
				<misses>4131001</misses>
				<total>6</total>
				<timestamp>1485.673100</timestamp>
			</report>
			<report>
				<misses>4132001</misses>
				<total>6</total>
				<timestamp>1486.032699</timestamp>
			</report>
			<report>
				<misses>4133001</misses>
				<total>6</total>
				<timestamp>1486.392313</timestamp>
			</report>
			<report>
				<misses>4134001</misses>
				<total>6</total>
				<timestamp>1486.752022</timestamp>
			</report>
			<report>
				<misses>4135001</misses>
				<total>6</total>
				<timestamp>1487.111630</timestamp>
			</report>
			<report>
				<misses>4136001</misses>
				<total>6</total>
				<timestamp>1487.471225</timestamp>
			</report>
			<report>
				<misses>4137001</misses>
				<total>6</total>
				<timestamp>1487.830871</timestamp>
			</report>
			<report>
				<misses>4138001</misses>
				<total>6</total>
				<timestamp>1488.190572</timestamp>
			</report>
			<report>
				<misses>4139001</misses>
				<total>6</total>
				<timestamp>1488.550146</timestamp>
			</report>
			<report>
				<misses>4140001</misses>
				<total>6</total>
				<timestamp>1488.909838</timestamp>
			</report>
			<report>
				<misses>4141001</misses>
				<total>6</total>
				<timestamp>1489.269598</timestamp>
			</report>
			<report>
				<misses>4142001</misses>
				<total>6</total>
				<timestamp>1489.629127</timestamp>
			</report>
			<report>
				<misses>4143001</misses>
				<total>6</total>
				<timestamp>1489.988687</timestamp>
			</report>
			<report>
				<misses>4144001</misses>
				<total>6</total>
				<timestamp>1490.348393</timestamp>
			</report>
			<report>
				<misses>4145001</misses>
				<total>6</total>
				<timestamp>1490.708031</timestamp>
			</report>
			<report>
				<misses>4146001</misses>
				<total>6</total>
				<timestamp>1491.067624</timestamp>
			</report>
			<report>
				<misses>4147001</misses>
				<total>6</total>
				<timestamp>1491.427290</timestamp>
			</report>
			<report>
				<misses>4148001</misses>
				<total>6</total>
				<timestamp>1491.786886</timestamp>
			</report>
			<report>
				<misses>4149001</misses>
				<total>6</total>
				<timestamp>1492.146558</timestamp>
			</report>
			<report>
				<misses>4150001</misses>
				<total>6</total>
				<timestamp>1492.506187</timestamp>
			</report>
			<report>
				<misses>4151001</misses>
				<total>6</total>
				<timestamp>1492.865863</timestamp>
			</report>
			<report>
				<misses>4152001</misses>
				<total>6</total>
				<timestamp>1493.225474</timestamp>
			</report>
			<report>
				<misses>4153001</misses>
				<total>6</total>
				<timestamp>1493.585120</timestamp>
			</report>
			<report>
				<misses>4154001</misses>
				<total>6</total>
				<timestamp>1493.944817</timestamp>
			</report>
			<report>
				<misses>4155001</misses>
				<total>6</total>
				<timestamp>1494.304452</timestamp>
			</report>
			<report>
				<misses>4156001</misses>
				<total>6</total>
				<timestamp>1494.664039</timestamp>
			</report>
			<report>
				<misses>4157001</misses>
				<total>6</total>
				<timestamp>1495.023656</timestamp>
			</report>
			<report>
				<misses>4158001</misses>
				<total>6</total>
				<timestamp>1495.383310</timestamp>
			</report>
			<report>
				<misses>4159001</misses>
				<total>6</total>
				<timestamp>1495.743041</timestamp>
			</report>
			<report>
				<misses>4160001</misses>
				<total>6</total>
				<timestamp>1496.102626</timestamp>
			</report>
			<report>
				<misses>4161001</misses>
				<total>6</total>
				<timestamp>1496.462224</timestamp>
			</report>
			<report>
				<misses>4162001</misses>
				<total>6</total>
				<timestamp>1496.821895</timestamp>
			</report>
			<report>
				<misses>4163001</misses>
				<total>6</total>
				<timestamp>1497.181502</timestamp>
			</report>
			<report>
				<misses>4164001</misses>
				<total>6</total>
				<timestamp>1497.541144</timestamp>
			</report>
			<report>
				<misses>4165001</misses>
				<total>6</total>
				<timestamp>1497.900794</timestamp>
			</report>
			<report>
				<misses>4166001</misses>
				<total>6</total>
				<timestamp>1498.260441</timestamp>
			</report>
			<report>
				<misses>4167001</misses>
				<total>6</total>
				<timestamp>1498.620088</timestamp>
			</report>
			<report>
				<misses>4168001</misses>
				<total>6</total>
				<timestamp>1498.979711</timestamp>
			</report>
			<report>
				<misses>4169001</misses>
				<total>6</total>
				<timestamp>1499.339391</timestamp>
			</report>
			<report>
				<misses>4170001</misses>
				<total>6</total>
				<timestamp>1499.699017</timestamp>
			</report>
			<report>
				<misses>4171001</misses>
				<total>6</total>
				<timestamp>1500.058615</timestamp>
			</report>
			<report>
				<misses>4172001</misses>
				<total>6</total>
				<timestamp>1500.418281</timestamp>
			</report>
			<report>
				<misses>4173001</misses>
				<total>6</total>
				<timestamp>1500.777941</timestamp>
			</report>
			<report>
				<misses>4174001</misses>
				<total>6</total>
				<timestamp>1501.137580</timestamp>
			</report>
			<report>
				<misses>4175001</misses>
				<total>6</total>
				<timestamp>1501.497173</timestamp>
			</report>
			<report>
				<misses>4176001</misses>
				<total>6</total>
				<timestamp>1501.856836</timestamp>
			</report>
			<report>
				<misses>4177001</misses>
				<total>6</total>
				<timestamp>1502.216562</timestamp>
			</report>
			<report>
				<misses>4178001</misses>
				<total>6</total>
				<timestamp>1502.576129</timestamp>
			</report>
			<report>
				<misses>4179001</misses>
				<total>6</total>
				<timestamp>1502.935747</timestamp>
			</report>
			<report>
				<misses>4180001</misses>
				<total>6</total>
				<timestamp>1503.295440</timestamp>
			</report>
			<report>
				<misses>4181001</misses>
				<total>6</total>
				<timestamp>1503.655050</timestamp>
			</report>
			<report>
				<misses>4182001</misses>
				<total>6</total>
				<timestamp>1504.014723</timestamp>
			</report>
			<report>
				<misses>4183001</misses>
				<total>6</total>
				<timestamp>1504.374308</timestamp>
			</report>
			<report>
				<misses>4184001</misses>
				<total>6</total>
				<timestamp>1504.733957</timestamp>
			</report>
			<report>
				<misses>4185001</misses>
				<total>6</total>
				<timestamp>1505.093583</timestamp>
			</report>
			<report>
				<misses>4186001</misses>
				<total>6</total>
				<timestamp>1505.453234</timestamp>
			</report>
			<report>
				<misses>4187001</misses>
				<total>6</total>
				<timestamp>1505.812920</timestamp>
			</report>
			<report>
				<misses>4188001</misses>
				<total>6</total>
				<timestamp>1506.172520</timestamp>
			</report>
			<report>
				<misses>4189001</misses>
				<total>6</total>
				<timestamp>1506.532163</timestamp>
			</report>
			<report>
				<misses>4190001</misses>
				<total>6</total>
				<timestamp>1506.891781</timestamp>
			</report>
			<report>
				<misses>4191001</misses>
				<total>6</total>
				<timestamp>1507.251487</timestamp>
			</report>
			<report>
				<misses>4192001</misses>
				<total>6</total>
				<timestamp>1507.611132</timestamp>
			</report>
			<report>
				<misses>4193001</misses>
				<total>6</total>
				<timestamp>1507.970774</timestamp>
			</report>
			<report>
				<misses>4194001</misses>
				<total>6</total>
				<timestamp>1508.330366</timestamp>
			</report>
			<report>
				<misses>4195001</misses>
				<total>6</total>
				<timestamp>1508.690058</timestamp>
			</report>
			<report>
				<misses>4196001</misses>
				<total>6</total>
				<timestamp>1509.049614</timestamp>
			</report>
			<report>
				<misses>4197001</misses>
				<total>6</total>
				<timestamp>1509.409246</timestamp>
			</report>
			<report>
				<misses>4198001</misses>
				<total>6</total>
				<timestamp>1509.768915</timestamp>
			</report>
			<report>
				<misses>4199001</misses>
				<total>6</total>
				<timestamp>1510.128533</timestamp>
			</report>
			<report>
				<misses>4200001</misses>
				<total>6</total>
				<timestamp>1510.488196</timestamp>
			</report>
			<report>
				<misses>4201001</misses>
				<total>6</total>
				<timestamp>1510.847837</timestamp>
			</report>
			<report>
				<misses>4202001</misses>
				<total>6</total>
				<timestamp>1511.207563</timestamp>
			</report>
			<report>
				<misses>4203001</misses>
				<total>6</total>
				<timestamp>1511.567100</timestamp>
			</report>
			<report>
				<misses>4204001</misses>
				<total>6</total>
				<timestamp>1511.926745</timestamp>
			</report>
			<report>
				<misses>4205001</misses>
				<total>6</total>
				<timestamp>1512.286388</timestamp>
			</report>
			<report>
				<misses>4206001</misses>
				<total>6</total>
				<timestamp>1512.646057</timestamp>
			</report>
			<report>
				<misses>4207001</misses>
				<total>6</total>
				<timestamp>1513.005698</timestamp>
			</report>
			<report>
				<misses>4208001</misses>
				<total>6</total>
				<timestamp>1513.365369</timestamp>
			</report>
			<report>
				<misses>4209001</misses>
				<total>6</total>
				<timestamp>1513.725004</timestamp>
			</report>
			<report>
				<misses>4210001</misses>
				<total>6</total>
				<timestamp>1514.084606</timestamp>
			</report>
			<report>
				<misses>4211001</misses>
				<total>6</total>
				<timestamp>1514.444212</timestamp>
			</report>
			<report>
				<misses>4212001</misses>
				<total>6</total>
				<timestamp>1514.803872</timestamp>
			</report>
			<report>
				<misses>4213001</misses>
				<total>6</total>
				<timestamp>1515.163511</timestamp>
			</report>
			<report>
				<misses>4214001</misses>
				<total>6</total>
				<timestamp>1515.523144</timestamp>
			</report>
			<report>
				<misses>4215001</misses>
				<total>6</total>
				<timestamp>1515.882876</timestamp>
			</report>
			<report>
				<misses>4216001</misses>
				<total>6</total>
				<timestamp>1516.242514</timestamp>
			</report>
			<report>
				<misses>4217001</misses>
				<total>6</total>
				<timestamp>1516.602120</timestamp>
			</report>
			<report>
				<misses>4218001</misses>
				<total>6</total>
				<timestamp>1516.961698</timestamp>
			</report>
			<report>
				<misses>4219001</misses>
				<total>6</total>
				<timestamp>1517.321376</timestamp>
			</report>
			<report>
				<misses>4220001</misses>
				<total>6</total>
				<timestamp>1517.680972</timestamp>
			</report>
			<report>
				<misses>4221001</misses>
				<total>6</total>
				<timestamp>1518.040610</timestamp>
			</report>
			<report>
				<misses>4222001</misses>
				<total>6</total>
				<timestamp>1518.400373</timestamp>
			</report>
			<report>
				<misses>4223001</misses>
				<total>6</total>
				<timestamp>1518.759911</timestamp>
			</report>
			<report>
				<misses>4224001</misses>
				<total>6</total>
				<timestamp>1519.119540</timestamp>
			</report>
			<report>
				<misses>4225001</misses>
				<total>6</total>
				<timestamp>1519.479215</timestamp>
			</report>
			<report>
				<misses>4226001</misses>
				<total>6</total>
				<timestamp>1519.838881</timestamp>
			</report>
			<report>
				<misses>4227001</misses>
				<total>6</total>
				<timestamp>1520.198483</timestamp>
			</report>
			<report>
				<misses>4228001</misses>
				<total>6</total>
				<timestamp>1520.558148</timestamp>
			</report>
			<report>
				<misses>4229001</misses>
				<total>6</total>
				<timestamp>1520.917810</timestamp>
			</report>
			<report>
				<misses>4230001</misses>
				<total>6</total>
				<timestamp>1521.277424</timestamp>
			</report>
			<report>
				<misses>4231001</misses>
				<total>6</total>
				<timestamp>1521.637086</timestamp>
			</report>
			<report>
				<misses>4232001</misses>
				<total>6</total>
				<timestamp>1521.996659</timestamp>
			</report>
			<report>
				<misses>4233001</misses>
				<total>6</total>
				<timestamp>1522.356314</timestamp>
			</report>
			<report>
				<misses>4234001</misses>
				<total>6</total>
				<timestamp>1522.715954</timestamp>
			</report>
			<report>
				<misses>4235001</misses>
				<total>6</total>
				<timestamp>1523.075630</timestamp>
			</report>
			<report>
				<misses>4236001</misses>
				<total>6</total>
				<timestamp>1523.435314</timestamp>
			</report>
			<report>
				<misses>4237001</misses>
				<total>6</total>
				<timestamp>1523.794871</timestamp>
			</report>
			<report>
				<misses>4238001</misses>
				<total>6</total>
				<timestamp>1524.154550</timestamp>
			</report>
			<report>
				<misses>4239001</misses>
				<total>6</total>
				<timestamp>1524.514148</timestamp>
			</report>
			<report>
				<misses>4240001</misses>
				<total>6</total>
				<timestamp>1524.873794</timestamp>
			</report>
			<report>
				<misses>4241001</misses>
				<total>6</total>
				<timestamp>1525.233461</timestamp>
			</report>
			<report>
				<misses>4242001</misses>
				<total>6</total>
				<timestamp>1525.593090</timestamp>
			</report>
			<report>
				<misses>4243001</misses>
				<total>6</total>
				<timestamp>1525.952710</timestamp>
			</report>
			<report>
				<misses>4244001</misses>
				<total>6</total>
				<timestamp>1526.312387</timestamp>
			</report>
			<report>
				<misses>4245001</misses>
				<total>6</total>
				<timestamp>1526.672003</timestamp>
			</report>
			<report>
				<misses>4246001</misses>
				<total>6</total>
				<timestamp>1527.031673</timestamp>
			</report>
			<report>
				<misses>4247001</misses>
				<total>6</total>
				<timestamp>1527.391354</timestamp>
			</report>
			<report>
				<misses>4248001</misses>
				<total>6</total>
				<timestamp>1527.750907</timestamp>
			</report>
			<report>
				<misses>4249001</misses>
				<total>6</total>
				<timestamp>1528.110529</timestamp>
			</report>
			<report>
				<misses>4250001</misses>
				<total>6</total>
				<timestamp>1528.470220</timestamp>
			</report>
			<report>
				<misses>4251001</misses>
				<total>6</total>
				<timestamp>1528.829869</timestamp>
			</report>
			<report>
				<misses>4252001</misses>
				<total>6</total>
				<timestamp>1529.189513</timestamp>
			</report>
			<report>
				<misses>4253001</misses>
				<total>6</total>
				<timestamp>1529.549104</timestamp>
			</report>
			<report>
				<misses>4254001</misses>
				<total>6</total>
				<timestamp>1529.908815</timestamp>
			</report>
			<report>
				<misses>4255001</misses>
				<total>6</total>
				<timestamp>1530.268435</timestamp>
			</report>
			<report>
				<misses>4256001</misses>
				<total>6</total>
				<timestamp>1530.628090</timestamp>
			</report>
			<report>
				<misses>4257001</misses>
				<total>6</total>
				<timestamp>1530.987760</timestamp>
			</report>
			<report>
				<misses>4258001</misses>
				<total>6</total>
				<timestamp>1531.347322</timestamp>
			</report>
			<report>
				<misses>4259001</misses>
				<total>6</total>
				<timestamp>1531.706936</timestamp>
			</report>
			<report>
				<misses>4260001</misses>
				<total>6</total>
				<timestamp>1532.066613</timestamp>
			</report>
			<report>
				<misses>4261001</misses>
				<total>6</total>
				<timestamp>1532.426254</timestamp>
			</report>
			<report>
				<misses>4262001</misses>
				<total>6</total>
				<timestamp>1532.785861</timestamp>
			</report>
			<report>
				<misses>4263001</misses>
				<total>6</total>
				<timestamp>1533.145525</timestamp>
			</report>
			<report>
				<misses>4264001</misses>
				<total>6</total>
				<timestamp>1533.505201</timestamp>
			</report>
			<report>
				<misses>4265001</misses>
				<total>6</total>
				<timestamp>1533.864776</timestamp>
			</report>
			<report>
				<misses>4266001</misses>
				<total>6</total>
				<timestamp>1534.224414</timestamp>
			</report>
			<report>
				<misses>4267001</misses>
				<total>6</total>
				<timestamp>1534.584054</timestamp>
			</report>
			<report>
				<misses>4268001</misses>
				<total>6</total>
				<timestamp>1534.943712</timestamp>
			</report>
			<report>
				<misses>4269001</misses>
				<total>6</total>
				<timestamp>1535.303357</timestamp>
			</report>
			<report>
				<misses>4270001</misses>
				<total>6</total>
				<timestamp>1535.663027</timestamp>
			</report>
			<report>
				<misses>4271001</misses>
				<total>6</total>
				<timestamp>1536.022601</timestamp>
			</report>
			<report>
				<misses>4272001</misses>
				<total>6</total>
				<timestamp>1536.382299</timestamp>
			</report>
			<report>
				<misses>4273001</misses>
				<total>6</total>
				<timestamp>1536.741920</timestamp>
			</report>
			<report>
				<misses>4274001</misses>
				<total>6</total>
				<timestamp>1537.101579</timestamp>
			</report>
			<report>
				<misses>4275001</misses>
				<total>6</total>
				<timestamp>1537.461277</timestamp>
			</report>
			<report>
				<misses>4276001</misses>
				<total>6</total>
				<timestamp>1537.820833</timestamp>
			</report>
			<report>
				<misses>4277001</misses>
				<total>6</total>
				<timestamp>1538.180470</timestamp>
			</report>
			<report>
				<misses>4278001</misses>
				<total>6</total>
				<timestamp>1538.540114</timestamp>
			</report>
			<report>
				<misses>4279001</misses>
				<total>6</total>
				<timestamp>1538.899795</timestamp>
			</report>
			<report>
				<misses>4280001</misses>
				<total>6</total>
				<timestamp>1539.259426</timestamp>
			</report>
			<report>
				<misses>4281001</misses>
				<total>6</total>
				<timestamp>1539.619063</timestamp>
			</report>
			<report>
				<misses>4282001</misses>
				<total>6</total>
				<timestamp>1539.978658</timestamp>
			</report>
			<report>
				<misses>4283001</misses>
				<total>6</total>
				<timestamp>1540.338341</timestamp>
			</report>
			<report>
				<misses>4284001</misses>
				<total>6</total>
				<timestamp>1540.697983</timestamp>
			</report>
			<report>
				<misses>4285001</misses>
				<total>6</total>
				<timestamp>1541.057601</timestamp>
			</report>
			<report>
				<misses>4286001</misses>
				<total>6</total>
				<timestamp>1541.417226</timestamp>
			</report>
			<report>
				<misses>4287001</misses>
				<total>6</total>
				<timestamp>1541.776865</timestamp>
			</report>
			<report>
				<misses>4288001</misses>
				<total>6</total>
				<timestamp>1542.136491</timestamp>
			</report>
			<report>
				<misses>4289001</misses>
				<total>6</total>
				<timestamp>1542.496182</timestamp>
			</report>
			<report>
				<misses>4290001</misses>
				<total>6</total>
				<timestamp>1542.855924</timestamp>
			</report>
			<report>
				<misses>4291001</misses>
				<total>6</total>
				<timestamp>1543.215533</timestamp>
			</report>
			<report>
				<misses>4292001</misses>
				<total>6</total>
				<timestamp>1543.575079</timestamp>
			</report>
			<report>
				<misses>4293001</misses>
				<total>6</total>
				<timestamp>1543.934713</timestamp>
			</report>
			<report>
				<misses>4294001</misses>
				<total>6</total>
				<timestamp>1544.294351</timestamp>
			</report>
			<report>
				<misses>4295001</misses>
				<total>6</total>
				<timestamp>1544.654042</timestamp>
			</report>
			<report>
				<misses>4296001</misses>
				<total>6</total>
				<timestamp>1545.013643</timestamp>
			</report>
			<report>
				<misses>4297001</misses>
				<total>6</total>
				<timestamp>1545.373385</timestamp>
			</report>
			<report>
				<misses>4298001</misses>
				<total>6</total>
				<timestamp>1545.732917</timestamp>
			</report>
			<report>
				<misses>4299001</misses>
				<total>6</total>
				<timestamp>1546.092547</timestamp>
			</report>
			<report>
				<misses>4300001</misses>
				<total>6</total>
				<timestamp>1546.452262</timestamp>
			</report>
			<report>
				<misses>4301001</misses>
				<total>6</total>
				<timestamp>1546.811839</timestamp>
			</report>
			<report>
				<misses>4302001</misses>
				<total>6</total>
				<timestamp>1547.171465</timestamp>
			</report>
			<report>
				<misses>4303001</misses>
				<total>6</total>
				<timestamp>1547.531120</timestamp>
			</report>
			<report>
				<misses>4304001</misses>
				<total>6</total>
				<timestamp>1547.890719</timestamp>
			</report>
			<report>
				<misses>4305001</misses>
				<total>6</total>
				<timestamp>1548.250433</timestamp>
			</report>
			<report>
				<misses>4306001</misses>
				<total>6</total>
				<timestamp>1548.610105</timestamp>
			</report>
			<report>
				<misses>4307001</misses>
				<total>6</total>
				<timestamp>1548.969662</timestamp>
			</report>
			<report>
				<misses>4308001</misses>
				<total>6</total>
				<timestamp>1549.329297</timestamp>
			</report>
			<report>
				<misses>4309001</misses>
				<total>6</total>
				<timestamp>1549.688927</timestamp>
			</report>
			<report>
				<misses>4310001</misses>
				<total>6</total>
				<timestamp>1550.048584</timestamp>
			</report>
			<report>
				<misses>4311001</misses>
				<total>6</total>
				<timestamp>1550.408257</timestamp>
			</report>
			<report>
				<misses>4312001</misses>
				<total>6</total>
				<timestamp>1550.767856</timestamp>
			</report>
			<report>
				<misses>4313001</misses>
				<total>6</total>
				<timestamp>1551.127520</timestamp>
			</report>
			<report>
				<misses>4314001</misses>
				<total>6</total>
				<timestamp>1551.487210</timestamp>
			</report>
			<report>
				<misses>4315001</misses>
				<total>6</total>
				<timestamp>1551.846774</timestamp>
			</report>
			<report>
				<misses>4316001</misses>
				<total>6</total>
				<timestamp>1552.206406</timestamp>
			</report>
			<report>
				<misses>4317001</misses>
				<total>6</total>
				<timestamp>1552.566135</timestamp>
			</report>
			<report>
				<misses>4318001</misses>
				<total>6</total>
				<timestamp>1552.925699</timestamp>
			</report>
			<report>
				<misses>4319001</misses>
				<total>6</total>
				<timestamp>1553.285346</timestamp>
			</report>
			<report>
				<misses>4320001</misses>
				<total>6</total>
				<timestamp>1553.645084</timestamp>
			</report>
			<report>
				<misses>4321001</misses>
				<total>6</total>
				<timestamp>1554.004672</timestamp>
			</report>
			<report>
				<misses>4322001</misses>
				<total>6</total>
				<timestamp>1554.364289</timestamp>
			</report>
			<report>
				<misses>4323001</misses>
				<total>6</total>
				<timestamp>1554.723914</timestamp>
			</report>
			<report>
				<misses>4324001</misses>
				<total>6</total>
				<timestamp>1555.083552</timestamp>
			</report>
			<report>
				<misses>4325001</misses>
				<total>6</total>
				<timestamp>1555.443212</timestamp>
			</report>
			<report>
				<misses>4326001</misses>
				<total>6</total>
				<timestamp>1555.802855</timestamp>
			</report>
			<report>
				<misses>4327001</misses>
				<total>6</total>
				<timestamp>1556.162557</timestamp>
			</report>
			<report>
				<misses>4328001</misses>
				<total>6</total>
				<timestamp>1556.522147</timestamp>
			</report>
			<report>
				<misses>4329001</misses>
				<total>6</total>
				<timestamp>1556.881747</timestamp>
			</report>
			<report>
				<misses>4330001</misses>
				<total>6</total>
				<timestamp>1557.241414</timestamp>
			</report>
			<report>
				<misses>4331001</misses>
				<total>6</total>
				<timestamp>1557.601128</timestamp>
			</report>
			<report>
				<misses>4332001</misses>
				<total>6</total>
				<timestamp>1557.960693</timestamp>
			</report>
			<report>
				<misses>4333001</misses>
				<total>6</total>
				<timestamp>1558.320359</timestamp>
			</report>
			<report>
				<misses>4334001</misses>
				<total>6</total>
				<timestamp>1558.679950</timestamp>
			</report>
			<report>
				<misses>4335001</misses>
				<total>6</total>
				<timestamp>1559.039576</timestamp>
			</report>
			<report>
				<misses>4336001</misses>
				<total>6</total>
				<timestamp>1559.399260</timestamp>
			</report>
			<report>
				<misses>4337001</misses>
				<total>6</total>
				<timestamp>1559.758924</timestamp>
			</report>
			<report>
				<misses>4338001</misses>
				<total>6</total>
				<timestamp>1560.118550</timestamp>
			</report>
			<report>
				<misses>4339001</misses>
				<total>6</total>
				<timestamp>1560.478182</timestamp>
			</report>
			<report>
				<misses>4340001</misses>
				<total>6</total>
				<timestamp>1560.837781</timestamp>
			</report>
			<report>
				<misses>4341001</misses>
				<total>6</total>
				<timestamp>1561.197437</timestamp>
			</report>
			<report>
				<misses>4342001</misses>
				<total>6</total>
				<timestamp>1561.557131</timestamp>
			</report>
			<report>
				<misses>4343001</misses>
				<total>6</total>
				<timestamp>1561.916707</timestamp>
			</report>
			<report>
				<misses>4344001</misses>
				<total>6</total>
				<timestamp>1562.276337</timestamp>
			</report>
			<report>
				<misses>4345001</misses>
				<total>6</total>
				<timestamp>1562.636105</timestamp>
			</report>
			<report>
				<misses>4346001</misses>
				<total>6</total>
				<timestamp>1562.995674</timestamp>
			</report>
			<report>
				<misses>4347001</misses>
				<total>6</total>
				<timestamp>1563.355272</timestamp>
			</report>
			<report>
				<misses>4348001</misses>
				<total>6</total>
				<timestamp>1563.714912</timestamp>
			</report>
			<report>
				<misses>4349001</misses>
				<total>6</total>
				<timestamp>1564.074547</timestamp>
			</report>
			<report>
				<misses>4350001</misses>
				<total>6</total>
				<timestamp>1564.434204</timestamp>
			</report>
			<report>
				<misses>4351001</misses>
				<total>6</total>
				<timestamp>1564.793921</timestamp>
			</report>
			<report>
				<misses>4352001</misses>
				<total>6</total>
				<timestamp>1565.153462</timestamp>
			</report>
			<report>
				<misses>4353001</misses>
				<total>6</total>
				<timestamp>1565.513117</timestamp>
			</report>
			<report>
				<misses>4354001</misses>
				<total>6</total>
				<timestamp>1565.872745</timestamp>
			</report>
			<report>
				<misses>4355001</misses>
				<total>6</total>
				<timestamp>1566.232447</timestamp>
			</report>
			<report>
				<misses>4356001</misses>
				<total>6</total>
				<timestamp>1566.592050</timestamp>
			</report>
			<report>
				<misses>4357001</misses>
				<total>6</total>
				<timestamp>1566.951660</timestamp>
			</report>
			<report>
				<misses>4358001</misses>
				<total>6</total>
				<timestamp>1567.311308</timestamp>
			</report>
			<report>
				<misses>4359001</misses>
				<total>6</total>
				<timestamp>1567.671015</timestamp>
			</report>
			<report>
				<misses>4360001</misses>
				<total>6</total>
				<timestamp>1568.030588</timestamp>
			</report>
			<report>
				<misses>4361001</misses>
				<total>6</total>
				<timestamp>1568.390217</timestamp>
			</report>
			<report>
				<misses>4362001</misses>
				<total>6</total>
				<timestamp>1568.749879</timestamp>
			</report>
			<report>
				<misses>4363001</misses>
				<total>6</total>
				<timestamp>1569.109536</timestamp>
			</report>
			<report>
				<misses>4364001</misses>
				<total>6</total>
				<timestamp>1569.469206</timestamp>
			</report>
			<report>
				<misses>4365001</misses>
				<total>6</total>
				<timestamp>1569.828782</timestamp>
			</report>
			<report>
				<misses>4366001</misses>
				<total>6</total>
				<timestamp>1570.188398</timestamp>
			</report>
			<report>
				<misses>4367001</misses>
				<total>6</total>
				<timestamp>1570.548144</timestamp>
			</report>
			<report>
				<misses>4368001</misses>
				<total>6</total>
				<timestamp>1570.907711</timestamp>
			</report>
			<report>
				<misses>4369001</misses>
				<total>6</total>
				<timestamp>1571.267354</timestamp>
			</report>
			<report>
				<misses>4370001</misses>
				<total>6</total>
				<timestamp>1571.627096</timestamp>
			</report>
			<report>
				<misses>4371001</misses>
				<total>6</total>
				<timestamp>1571.986631</timestamp>
			</report>
			<report>
				<misses>4372001</misses>
				<total>6</total>
				<timestamp>1572.346281</timestamp>
			</report>
			<report>
				<misses>4373001</misses>
				<total>6</total>
				<timestamp>1572.706008</timestamp>
			</report>
			<report>
				<misses>4374001</misses>
				<total>6</total>
				<timestamp>1573.065549</timestamp>
			</report>
			<report>
				<misses>4375001</misses>
				<total>6</total>
				<timestamp>1573.425212</timestamp>
			</report>
			<report>
				<misses>4376001</misses>
				<total>6</total>
				<timestamp>1573.784868</timestamp>
			</report>
			<report>
				<misses>4377001</misses>
				<total>6</total>
				<timestamp>1574.144470</timestamp>
			</report>
			<report>
				<misses>4378001</misses>
				<total>6</total>
				<timestamp>1574.504133</timestamp>
			</report>
			<report>
				<misses>4379001</misses>
				<total>6</total>
				<timestamp>1574.863731</timestamp>
			</report>
			<report>
				<misses>4380001</misses>
				<total>6</total>
				<timestamp>1575.223406</timestamp>
			</report>
			<report>
				<misses>4381001</misses>
				<total>6</total>
				<timestamp>1575.583061</timestamp>
			</report>
			<report>
				<misses>4382001</misses>
				<total>6</total>
				<timestamp>1575.942721</timestamp>
			</report>
			<report>
				<misses>4383001</misses>
				<total>6</total>
				<timestamp>1576.302336</timestamp>
			</report>
			<report>
				<misses>4384001</misses>
				<total>6</total>
				<timestamp>1576.661937</timestamp>
			</report>
			<report>
				<misses>4385001</misses>
				<total>6</total>
				<timestamp>1577.021568</timestamp>
			</report>
			<report>
				<misses>4386001</misses>
				<total>6</total>
				<timestamp>1577.381254</timestamp>
			</report>
			<report>
				<misses>4387001</misses>
				<total>6</total>
				<timestamp>1577.740918</timestamp>
			</report>
			<report>
				<misses>4388001</misses>
				<total>6</total>
				<timestamp>1578.100486</timestamp>
			</report>
			<report>
				<misses>4389001</misses>
				<total>6</total>
				<timestamp>1578.460180</timestamp>
			</report>
			<report>
				<misses>4390001</misses>
				<total>6</total>
				<timestamp>1578.819842</timestamp>
			</report>
			<report>
				<misses>4391001</misses>
				<total>6</total>
				<timestamp>1579.179431</timestamp>
			</report>
			<report>
				<misses>4392001</misses>
				<total>6</total>
				<timestamp>1579.539113</timestamp>
			</report>
			<report>
				<misses>4393001</misses>
				<total>6</total>
				<timestamp>1579.898703</timestamp>
			</report>
			<report>
				<misses>4394001</misses>
				<total>6</total>
				<timestamp>1580.258359</timestamp>
			</report>
			<report>
				<misses>4395001</misses>
				<total>6</total>
				<timestamp>1580.618059</timestamp>
			</report>
			<report>
				<misses>4396001</misses>
				<total>6</total>
				<timestamp>1580.977628</timestamp>
			</report>
			<report>
				<misses>4397001</misses>
				<total>6</total>
				<timestamp>1581.337260</timestamp>
			</report>
			<report>
				<misses>4398001</misses>
				<total>6</total>
				<timestamp>1581.696941</timestamp>
			</report>
			<report>
				<misses>4399001</misses>
				<total>6</total>
				<timestamp>1582.056585</timestamp>
			</report>
			<report>
				<misses>4400001</misses>
				<total>6</total>
				<timestamp>1582.416235</timestamp>
			</report>
			<report>
				<misses>4401001</misses>
				<total>6</total>
				<timestamp>1582.775821</timestamp>
			</report>
			<report>
				<misses>4402001</misses>
				<total>6</total>
				<timestamp>1583.135531</timestamp>
			</report>
			<report>
				<misses>4403001</misses>
				<total>6</total>
				<timestamp>1583.495180</timestamp>
			</report>
			<report>
				<misses>4404001</misses>
				<total>6</total>
				<timestamp>1583.854738</timestamp>
			</report>
			<report>
				<misses>4405001</misses>
				<total>6</total>
				<timestamp>1584.214376</timestamp>
			</report>
			<report>
				<misses>4406001</misses>
				<total>6</total>
				<timestamp>1584.574065</timestamp>
			</report>
			<report>
				<misses>4407001</misses>
				<total>6</total>
				<timestamp>1584.933703</timestamp>
			</report>
			<report>
				<misses>4408001</misses>
				<total>6</total>
				<timestamp>1585.293308</timestamp>
			</report>
			<report>
				<misses>4409001</misses>
				<total>6</total>
				<timestamp>1585.652972</timestamp>
			</report>
			<report>
				<misses>4410001</misses>
				<total>6</total>
				<timestamp>1586.012579</timestamp>
			</report>
			<report>
				<misses>4411001</misses>
				<total>6</total>
				<timestamp>1586.372284</timestamp>
			</report>
			<report>
				<misses>4412001</misses>
				<total>6</total>
				<timestamp>1586.731937</timestamp>
			</report>
			<report>
				<misses>4413001</misses>
				<total>6</total>
				<timestamp>1587.091568</timestamp>
			</report>
			<report>
				<misses>4414001</misses>
				<total>6</total>
				<timestamp>1587.451149</timestamp>
			</report>
			<report>
				<misses>4415001</misses>
				<total>6</total>
				<timestamp>1587.810849</timestamp>
			</report>
			<report>
				<misses>4416001</misses>
				<total>6</total>
				<timestamp>1588.170444</timestamp>
			</report>
			<report>
				<misses>4417001</misses>
				<total>6</total>
				<timestamp>1588.530126</timestamp>
			</report>
			<report>
				<misses>4418001</misses>
				<total>6</total>
				<timestamp>1588.889726</timestamp>
			</report>
			<report>
				<misses>4419001</misses>
				<total>6</total>
				<timestamp>1589.249339</timestamp>
			</report>
			<report>
				<misses>4420001</misses>
				<total>6</total>
				<timestamp>1589.609068</timestamp>
			</report>
			<report>
				<misses>4421001</misses>
				<total>6</total>
				<timestamp>1589.968610</timestamp>
			</report>
			<report>
				<misses>4422001</misses>
				<total>6</total>
				<timestamp>1590.328250</timestamp>
			</report>
			<report>
				<misses>4423001</misses>
				<total>6</total>
				<timestamp>1590.687963</timestamp>
			</report>
			<report>
				<misses>4424001</misses>
				<total>6</total>
				<timestamp>1591.047574</timestamp>
			</report>
			<report>
				<misses>4425001</misses>
				<total>6</total>
				<timestamp>1591.407261</timestamp>
			</report>
			<report>
				<misses>4426001</misses>
				<total>6</total>
				<timestamp>1591.766817</timestamp>
			</report>
			<report>
				<misses>4427001</misses>
				<total>6</total>
				<timestamp>1592.126524</timestamp>
			</report>
			<report>
				<misses>4428001</misses>
				<total>6</total>
				<timestamp>1592.486174</timestamp>
			</report>
			<report>
				<misses>4429001</misses>
				<total>6</total>
				<timestamp>1592.845748</timestamp>
			</report>
			<report>
				<misses>4430001</misses>
				<total>6</total>
				<timestamp>1593.205434</timestamp>
			</report>
			<report>
				<misses>4431001</misses>
				<total>6</total>
				<timestamp>1593.565064</timestamp>
			</report>
			<report>
				<misses>4432001</misses>
				<total>6</total>
				<timestamp>1593.924710</timestamp>
			</report>
			<report>
				<misses>4433001</misses>
				<total>6</total>
				<timestamp>1594.284362</timestamp>
			</report>
			<report>
				<misses>4434001</misses>
				<total>6</total>
				<timestamp>1594.643953</timestamp>
			</report>
			<report>
				<misses>4435001</misses>
				<total>6</total>
				<timestamp>1595.003679</timestamp>
			</report>
			<report>
				<misses>4436001</misses>
				<total>6</total>
				<timestamp>1595.363222</timestamp>
			</report>
			<report>
				<misses>4437001</misses>
				<total>6</total>
				<timestamp>1595.722874</timestamp>
			</report>
			<report>
				<misses>4438001</misses>
				<total>6</total>
				<timestamp>1596.082496</timestamp>
			</report>
			<report>
				<misses>4439001</misses>
				<total>6</total>
				<timestamp>1596.442205</timestamp>
			</report>
			<report>
				<misses>4440001</misses>
				<total>6</total>
				<timestamp>1596.801835</timestamp>
			</report>
			<report>
				<misses>4441001</misses>
				<total>6</total>
				<timestamp>1597.161421</timestamp>
			</report>
			<report>
				<misses>4442001</misses>
				<total>6</total>
				<timestamp>1597.521091</timestamp>
			</report>
			<report>
				<misses>4443001</misses>
				<total>6</total>
				<timestamp>1597.880708</timestamp>
			</report>
			<report>
				<misses>4444001</misses>
				<total>6</total>
				<timestamp>1598.240409</timestamp>
			</report>
			<report>
				<misses>4445001</misses>
				<total>6</total>
				<timestamp>1598.600024</timestamp>
			</report>
			<report>
				<misses>4446001</misses>
				<total>6</total>
				<timestamp>1598.959668</timestamp>
			</report>
			<report>
				<misses>4447001</misses>
				<total>6</total>
				<timestamp>1599.319288</timestamp>
			</report>
			<report>
				<misses>4448001</misses>
				<total>6</total>
				<timestamp>1599.678940</timestamp>
			</report>
			<report>
				<misses>4449001</misses>
				<total>6</total>
				<timestamp>1600.038541</timestamp>
			</report>
			<report>
				<misses>4450001</misses>
				<total>6</total>
				<timestamp>1600.398214</timestamp>
			</report>
			<report>
				<misses>4451001</misses>
				<total>6</total>
				<timestamp>1600.757826</timestamp>
			</report>
			<report>
				<misses>4452001</misses>
				<total>6</total>
				<timestamp>1601.117514</timestamp>
			</report>
			<report>
				<misses>4453001</misses>
				<total>6</total>
				<timestamp>1601.477126</timestamp>
			</report>
			<report>
				<misses>4454001</misses>
				<total>6</total>
				<timestamp>1601.836779</timestamp>
			</report>
			<report>
				<misses>4455001</misses>
				<total>6</total>
				<timestamp>1602.196473</timestamp>
			</report>
			<report>
				<misses>4456001</misses>
				<total>6</total>
				<timestamp>1602.556038</timestamp>
			</report>
			<report>
				<misses>4457001</misses>
				<total>6</total>
				<timestamp>1602.915655</timestamp>
			</report>
			<report>
				<misses>4458001</misses>
				<total>6</total>
				<timestamp>1603.275299</timestamp>
			</report>
			<report>
				<misses>4459001</misses>
				<total>6</total>
				<timestamp>1603.634978</timestamp>
			</report>
			<report>
				<misses>4460001</misses>
				<total>6</total>
				<timestamp>1603.994573</timestamp>
			</report>
			<report>
				<misses>4461001</misses>
				<total>6</total>
				<timestamp>1604.354273</timestamp>
			</report>
			<report>
				<misses>4462001</misses>
				<total>6</total>
				<timestamp>1604.713918</timestamp>
			</report>
			<report>
				<misses>4463001</misses>
				<total>6</total>
				<timestamp>1605.073522</timestamp>
			</report>
			<report>
				<misses>4464001</misses>
				<total>6</total>
				<timestamp>1605.433153</timestamp>
			</report>
			<report>
				<misses>4465001</misses>
				<total>6</total>
				<timestamp>1605.792825</timestamp>
			</report>
			<report>
				<misses>4466001</misses>
				<total>6</total>
				<timestamp>1606.152498</timestamp>
			</report>
			<report>
				<misses>4467001</misses>
				<total>6</total>
				<timestamp>1606.512079</timestamp>
			</report>
			<report>
				<misses>4468001</misses>
				<total>6</total>
				<timestamp>1606.871829</timestamp>
			</report>
			<report>
				<misses>4469001</misses>
				<total>6</total>
				<timestamp>1607.231425</timestamp>
			</report>
			<report>
				<misses>4470001</misses>
				<total>6</total>
				<timestamp>1607.590998</timestamp>
			</report>
			<report>
				<misses>4471001</misses>
				<total>6</total>
				<timestamp>1607.950668</timestamp>
			</report>
			<report>
				<misses>4472001</misses>
				<total>6</total>
				<timestamp>1608.310282</timestamp>
			</report>
			<report>
				<misses>4473001</misses>
				<total>6</total>
				<timestamp>1608.669929</timestamp>
			</report>
			<report>
				<misses>4474001</misses>
				<total>6</total>
				<timestamp>1609.029526</timestamp>
			</report>
			<report>
				<misses>4475001</misses>
				<total>6</total>
				<timestamp>1609.389225</timestamp>
			</report>
			<report>
				<misses>4476001</misses>
				<total>6</total>
				<timestamp>1609.748948</timestamp>
			</report>
			<report>
				<misses>4477001</misses>
				<total>6</total>
				<timestamp>1610.108485</timestamp>
			</report>
			<report>
				<misses>4478001</misses>
				<total>6</total>
				<timestamp>1610.468149</timestamp>
			</report>
			<report>
				<misses>4479001</misses>
				<total>6</total>
				<timestamp>1610.827860</timestamp>
			</report>
			<report>
				<misses>4480001</misses>
				<total>6</total>
				<timestamp>1611.187397</timestamp>
			</report>
			<report>
				<misses>4481001</misses>
				<total>6</total>
				<timestamp>1611.547001</timestamp>
			</report>
			<report>
				<misses>4482001</misses>
				<total>6</total>
				<timestamp>1611.906780</timestamp>
			</report>
			<report>
				<misses>4483001</misses>
				<total>6</total>
				<timestamp>1612.266334</timestamp>
			</report>
			<report>
				<misses>4484001</misses>
				<total>6</total>
				<timestamp>1612.625945</timestamp>
			</report>
			<report>
				<misses>4485001</misses>
				<total>6</total>
				<timestamp>1612.985651</timestamp>
			</report>
			<report>
				<misses>4486001</misses>
				<total>6</total>
				<timestamp>1613.345248</timestamp>
			</report>
			<report>
				<misses>4487001</misses>
				<total>6</total>
				<timestamp>1613.704951</timestamp>
			</report>
			<report>
				<misses>4488001</misses>
				<total>6</total>
				<timestamp>1614.064583</timestamp>
			</report>
			<report>
				<misses>4489001</misses>
				<total>6</total>
				<timestamp>1614.424203</timestamp>
			</report>
			<report>
				<misses>4490001</misses>
				<total>6</total>
				<timestamp>1614.783857</timestamp>
			</report>
			<report>
				<misses>4491001</misses>
				<total>6</total>
				<timestamp>1615.143568</timestamp>
			</report>
			<report>
				<misses>4492001</misses>
				<total>6</total>
				<timestamp>1615.503094</timestamp>
			</report>
			<report>
				<misses>4493001</misses>
				<total>6</total>
				<timestamp>1615.862753</timestamp>
			</report>
			<report>
				<misses>4494001</misses>
				<total>6</total>
				<timestamp>1616.222345</timestamp>
			</report>
			<report>
				<misses>4495001</misses>
				<total>6</total>
				<timestamp>1616.582087</timestamp>
			</report>
			<report>
				<misses>4496001</misses>
				<total>6</total>
				<timestamp>1616.941683</timestamp>
			</report>
			<report>
				<misses>4497001</misses>
				<total>6</total>
				<timestamp>1617.301254</timestamp>
			</report>
			<report>
				<misses>4498001</misses>
				<total>6</total>
				<timestamp>1617.660917</timestamp>
			</report>
			<report>
				<misses>4499001</misses>
				<total>6</total>
				<timestamp>1618.020553</timestamp>
			</report>
			<report>
				<misses>4500001</misses>
				<total>6</total>
				<timestamp>1618.380196</timestamp>
			</report>
			<report>
				<misses>4501001</misses>
				<total>6</total>
				<timestamp>1618.739834</timestamp>
			</report>
			<report>
				<misses>4502001</misses>
				<total>6</total>
				<timestamp>1619.099461</timestamp>
			</report>
			<report>
				<misses>4503001</misses>
				<total>6</total>
				<timestamp>1619.459115</timestamp>
			</report>
			<report>
				<misses>4504001</misses>
				<total>6</total>
				<timestamp>1619.818725</timestamp>
			</report>
			<report>
				<misses>4505001</misses>
				<total>6</total>
				<timestamp>1620.178484</timestamp>
			</report>
			<report>
				<misses>4506001</misses>
				<total>6</total>
				<timestamp>1620.538024</timestamp>
			</report>
			<report>
				<misses>4507001</misses>
				<total>6</total>
				<timestamp>1620.897668</timestamp>
			</report>
			<report>
				<misses>4508001</misses>
				<total>6</total>
				<timestamp>1621.257322</timestamp>
			</report>
			<report>
				<misses>4509001</misses>
				<total>6</total>
				<timestamp>1621.616939</timestamp>
			</report>
			<report>
				<misses>4510001</misses>
				<total>6</total>
				<timestamp>1621.976616</timestamp>
			</report>
			<report>
				<misses>4511001</misses>
				<total>6</total>
				<timestamp>1622.336317</timestamp>
			</report>
			<report>
				<misses>4512001</misses>
				<total>6</total>
				<timestamp>1622.695858</timestamp>
			</report>
			<report>
				<misses>4513001</misses>
				<total>6</total>
				<timestamp>1623.055511</timestamp>
			</report>
			<report>
				<misses>4514001</misses>
				<total>6</total>
				<timestamp>1623.415178</timestamp>
			</report>
			<report>
				<misses>4515001</misses>
				<total>6</total>
				<timestamp>1623.774800</timestamp>
			</report>
			<report>
				<misses>4516001</misses>
				<total>6</total>
				<timestamp>1624.134423</timestamp>
			</report>
			<report>
				<misses>4517001</misses>
				<total>6</total>
				<timestamp>1624.494061</timestamp>
			</report>
			<report>
				<misses>4518001</misses>
				<total>6</total>
				<timestamp>1624.853702</timestamp>
			</report>
			<report>
				<misses>4519001</misses>
				<total>6</total>
				<timestamp>1625.213335</timestamp>
			</report>
			<report>
				<misses>4520001</misses>
				<total>6</total>
				<timestamp>1625.573045</timestamp>
			</report>
			<report>
				<misses>4521001</misses>
				<total>6</total>
				<timestamp>1625.932663</timestamp>
			</report>
			<report>
				<misses>4522001</misses>
				<total>6</total>
				<timestamp>1626.292264</timestamp>
			</report>
			<report>
				<misses>4523001</misses>
				<total>6</total>
				<timestamp>1626.651960</timestamp>
			</report>
			<report>
				<misses>4524001</misses>
				<total>6</total>
				<timestamp>1627.011600</timestamp>
			</report>
			<report>
				<misses>4525001</misses>
				<total>6</total>
				<timestamp>1627.371200</timestamp>
			</report>
			<report>
				<misses>4526001</misses>
				<total>6</total>
				<timestamp>1627.730817</timestamp>
			</report>
			<report>
				<misses>4527001</misses>
				<total>6</total>
				<timestamp>1628.090525</timestamp>
			</report>
			<report>
				<misses>4528001</misses>
				<total>6</total>
				<timestamp>1628.450104</timestamp>
			</report>
			<report>
				<misses>4529001</misses>
				<total>6</total>
				<timestamp>1628.809755</timestamp>
			</report>
			<report>
				<misses>4530001</misses>
				<total>6</total>
				<timestamp>1629.169388</timestamp>
			</report>
			<report>
				<misses>4531001</misses>
				<total>6</total>
				<timestamp>1629.529079</timestamp>
			</report>
			<report>
				<misses>4532001</misses>
				<total>6</total>
				<timestamp>1629.888714</timestamp>
			</report>
			<report>
				<misses>4533001</misses>
				<total>6</total>
				<timestamp>1630.248315</timestamp>
			</report>
			<report>
				<misses>4534001</misses>
				<total>6</total>
				<timestamp>1630.607965</timestamp>
			</report>
			<report>
				<misses>4535001</misses>
				<total>6</total>
				<timestamp>1630.967627</timestamp>
			</report>
			<report>
				<misses>4536001</misses>
				<total>6</total>
				<timestamp>1631.327209</timestamp>
			</report>
			<report>
				<misses>4537001</misses>
				<total>6</total>
				<timestamp>1631.686867</timestamp>
			</report>
			<report>
				<misses>4538001</misses>
				<total>6</total>
				<timestamp>1632.046490</timestamp>
			</report>
			<report>
				<misses>4539001</misses>
				<total>6</total>
				<timestamp>1632.406137</timestamp>
			</report>
			<report>
				<misses>4540001</misses>
				<total>6</total>
				<timestamp>1632.765836</timestamp>
			</report>
			<report>
				<misses>4541001</misses>
				<total>6</total>
				<timestamp>1633.125420</timestamp>
			</report>
			<report>
				<misses>4542001</misses>
				<total>6</total>
				<timestamp>1633.485112</timestamp>
			</report>
			<report>
				<misses>4543001</misses>
				<total>6</total>
				<timestamp>1633.844737</timestamp>
			</report>
			<report>
				<misses>4544001</misses>
				<total>6</total>
				<timestamp>1634.204431</timestamp>
			</report>
			<report>
				<misses>4545001</misses>
				<total>6</total>
				<timestamp>1634.564043</timestamp>
			</report>
			<report>
				<misses>4546001</misses>
				<total>6</total>
				<timestamp>1634.923607</timestamp>
			</report>
			<report>
				<misses>4547001</misses>
				<total>6</total>
				<timestamp>1635.283315</timestamp>
			</report>
			<report>
				<misses>4548001</misses>
				<total>6</total>
				<timestamp>1635.643018</timestamp>
			</report>
			<report>
				<misses>4549001</misses>
				<total>6</total>
				<timestamp>1636.002680</timestamp>
			</report>
			<report>
				<misses>4550001</misses>
				<total>6</total>
				<timestamp>1636.362234</timestamp>
			</report>
			<report>
				<misses>4551001</misses>
				<total>6</total>
				<timestamp>1636.721840</timestamp>
			</report>
			<report>
				<misses>4552001</misses>
				<total>6</total>
				<timestamp>1637.081502</timestamp>
			</report>
			<report>
				<misses>4553001</misses>
				<total>6</total>
				<timestamp>1637.441099</timestamp>
			</report>
			<report>
				<misses>4554001</misses>
				<total>6</total>
				<timestamp>1637.800789</timestamp>
			</report>
			<report>
				<misses>4555001</misses>
				<total>6</total>
				<timestamp>1638.160411</timestamp>
			</report>
			<report>
				<misses>4556001</misses>
				<total>6</total>
				<timestamp>1638.520030</timestamp>
			</report>
			<report>
				<misses>4557001</misses>
				<total>6</total>
				<timestamp>1638.879729</timestamp>
			</report>
			<report>
				<misses>4558001</misses>
				<total>6</total>
				<timestamp>1639.239372</timestamp>
			</report>
			<report>
				<misses>4559001</misses>
				<total>6</total>
				<timestamp>1639.598948</timestamp>
			</report>
			<report>
				<misses>4560001</misses>
				<total>6</total>
				<timestamp>1639.958596</timestamp>
			</report>
			<report>
				<misses>4561001</misses>
				<total>6</total>
				<timestamp>1640.318281</timestamp>
			</report>
			<report>
				<misses>4562001</misses>
				<total>6</total>
				<timestamp>1640.677860</timestamp>
			</report>
			<report>
				<misses>4563001</misses>
				<total>6</total>
				<timestamp>1641.037576</timestamp>
			</report>
			<report>
				<misses>4564001</misses>
				<total>6</total>
				<timestamp>1641.397152</timestamp>
			</report>
			<report>
				<misses>4565001</misses>
				<total>6</total>
				<timestamp>1641.756814</timestamp>
			</report>
			<report>
				<misses>4566001</misses>
				<total>6</total>
				<timestamp>1642.116423</timestamp>
			</report>
			<report>
				<misses>4567001</misses>
				<total>6</total>
				<timestamp>1642.476072</timestamp>
			</report>
			<report>
				<misses>4568001</misses>
				<total>6</total>
				<timestamp>1642.835720</timestamp>
			</report>
			<report>
				<misses>4569001</misses>
				<total>6</total>
				<timestamp>1643.195348</timestamp>
			</report>
			<report>
				<misses>4570001</misses>
				<total>6</total>
				<timestamp>1643.555021</timestamp>
			</report>
			<report>
				<misses>4571001</misses>
				<total>6</total>
				<timestamp>1643.914669</timestamp>
			</report>
			<report>
				<misses>4572001</misses>
				<total>6</total>
				<timestamp>1644.274321</timestamp>
			</report>
			<report>
				<misses>4573001</misses>
				<total>6</total>
				<timestamp>1644.633947</timestamp>
			</report>
			<report>
				<misses>4574001</misses>
				<total>6</total>
				<timestamp>1644.993559</timestamp>
			</report>
			<report>
				<misses>4575001</misses>
				<total>6</total>
				<timestamp>1645.353225</timestamp>
			</report>
			<report>
				<misses>4576001</misses>
				<total>6</total>
				<timestamp>1645.712873</timestamp>
			</report>
			<report>
				<misses>4577001</misses>
				<total>6</total>
				<timestamp>1646.072449</timestamp>
			</report>
			<report>
				<misses>4578001</misses>
				<total>6</total>
				<timestamp>1646.432108</timestamp>
			</report>
			<report>
				<misses>4579001</misses>
				<total>6</total>
				<timestamp>1646.791768</timestamp>
			</report>
			<report>
				<misses>4580001</misses>
				<total>6</total>
				<timestamp>1647.151383</timestamp>
			</report>
			<report>
				<misses>4581001</misses>
				<total>6</total>
				<timestamp>1647.511027</timestamp>
			</report>
			<report>
				<misses>4582001</misses>
				<total>6</total>
				<timestamp>1647.870674</timestamp>
			</report>
			<report>
				<misses>4583001</misses>
				<total>6</total>
				<timestamp>1648.230307</timestamp>
			</report>
			<report>
				<misses>4584001</misses>
				<total>6</total>
				<timestamp>1648.589987</timestamp>
			</report>
			<report>
				<misses>4585001</misses>
				<total>6</total>
				<timestamp>1648.949638</timestamp>
			</report>
			<report>
				<misses>4586001</misses>
				<total>6</total>
				<timestamp>1649.309222</timestamp>
			</report>
			<report>
				<misses>4587001</misses>
				<total>6</total>
				<timestamp>1649.668897</timestamp>
			</report>
			<report>
				<misses>4588001</misses>
				<total>6</total>
				<timestamp>1650.028521</timestamp>
			</report>
			<report>
				<misses>4589001</misses>
				<total>6</total>
				<timestamp>1650.388166</timestamp>
			</report>
			<report>
				<misses>4590001</misses>
				<total>6</total>
				<timestamp>1650.747807</timestamp>
			</report>
			<report>
				<misses>4591001</misses>
				<total>6</total>
				<timestamp>1651.107479</timestamp>
			</report>
			<report>
				<misses>4592001</misses>
				<total>6</total>
				<timestamp>1651.467070</timestamp>
			</report>
			<report>
				<misses>4593001</misses>
				<total>6</total>
				<timestamp>1651.826778</timestamp>
			</report>
			<report>
				<misses>4594001</misses>
				<total>6</total>
				<timestamp>1652.186369</timestamp>
			</report>
			<report>
				<misses>4595001</misses>
				<total>6</total>
				<timestamp>1652.546059</timestamp>
			</report>
			<report>
				<misses>4596001</misses>
				<total>6</total>
				<timestamp>1652.905655</timestamp>
			</report>
			<report>
				<misses>4597001</misses>
				<total>6</total>
				<timestamp>1653.265275</timestamp>
			</report>
			<report>
				<misses>4598001</misses>
				<total>6</total>
				<timestamp>1653.624918</timestamp>
			</report>
			<report>
				<misses>4599001</misses>
				<total>6</total>
				<timestamp>1653.984564</timestamp>
			</report>
			<report>
				<misses>4600001</misses>
				<total>6</total>
				<timestamp>1654.344185</timestamp>
			</report>
			<report>
				<misses>4601001</misses>
				<total>6</total>
				<timestamp>1654.703887</timestamp>
			</report>
			<report>
				<misses>4602001</misses>
				<total>6</total>
				<timestamp>1655.063472</timestamp>
			</report>
			<report>
				<misses>4603001</misses>
				<total>6</total>
				<timestamp>1655.423174</timestamp>
			</report>
			<report>
				<misses>4604001</misses>
				<total>6</total>
				<timestamp>1655.782761</timestamp>
			</report>
			<report>
				<misses>4605001</misses>
				<total>6</total>
				<timestamp>1656.142403</timestamp>
			</report>
			<report>
				<misses>4606001</misses>
				<total>6</total>
				<timestamp>1656.502029</timestamp>
			</report>
			<report>
				<misses>4607001</misses>
				<total>6</total>
				<timestamp>1656.861675</timestamp>
			</report>
			<report>
				<misses>4608001</misses>
				<total>6</total>
				<timestamp>1657.221334</timestamp>
			</report>
			<report>
				<misses>4609001</misses>
				<total>6</total>
				<timestamp>1657.580978</timestamp>
			</report>
			<report>
				<misses>4610001</misses>
				<total>6</total>
				<timestamp>1657.940584</timestamp>
			</report>
			<report>
				<misses>4611001</misses>
				<total>6</total>
				<timestamp>1658.300207</timestamp>
			</report>
			<report>
				<misses>4612001</misses>
				<total>6</total>
				<timestamp>1658.659841</timestamp>
			</report>
			<report>
				<misses>4613001</misses>
				<total>6</total>
				<timestamp>1659.019483</timestamp>
			</report>
			<report>
				<misses>4614001</misses>
				<total>6</total>
				<timestamp>1659.379156</timestamp>
			</report>
			<report>
				<misses>4615001</misses>
				<total>6</total>
				<timestamp>1659.738766</timestamp>
			</report>
			<report>
				<misses>4616001</misses>
				<total>6</total>
				<timestamp>1660.098485</timestamp>
			</report>
			<report>
				<misses>4617001</misses>
				<total>6</total>
				<timestamp>1660.458104</timestamp>
			</report>
			<report>
				<misses>4618001</misses>
				<total>6</total>
				<timestamp>1660.817718</timestamp>
			</report>
			<report>
				<misses>4619001</misses>
				<total>6</total>
				<timestamp>1661.177455</timestamp>
			</report>
			<report>
				<misses>4620001</misses>
				<total>6</total>
				<timestamp>1661.537079</timestamp>
			</report>
			<report>
				<misses>4621001</misses>
				<total>6</total>
				<timestamp>1661.896610</timestamp>
			</report>
			<report>
				<misses>4622001</misses>
				<total>6</total>
				<timestamp>1662.256251</timestamp>
			</report>
			<report>
				<misses>4623001</misses>
				<total>6</total>
				<timestamp>1662.615891</timestamp>
			</report>
			<report>
				<misses>4624001</misses>
				<total>6</total>
				<timestamp>1662.975624</timestamp>
			</report>
			<report>
				<misses>4625001</misses>
				<total>6</total>
				<timestamp>1663.335178</timestamp>
			</report>
			<report>
				<misses>4626001</misses>
				<total>6</total>
				<timestamp>1663.694811</timestamp>
			</report>
			<report>
				<misses>4627001</misses>
				<total>6</total>
				<timestamp>1664.054460</timestamp>
			</report>
			<report>
				<misses>4628001</misses>
				<total>6</total>
				<timestamp>1664.414109</timestamp>
			</report>
			<report>
				<misses>4629001</misses>
				<total>6</total>
				<timestamp>1664.773750</timestamp>
			</report>
			<report>
				<misses>4630001</misses>
				<total>6</total>
				<timestamp>1665.133411</timestamp>
			</report>
			<report>
				<misses>4631001</misses>
				<total>6</total>
				<timestamp>1665.493036</timestamp>
			</report>
			<report>
				<misses>4632001</misses>
				<total>6</total>
				<timestamp>1665.852730</timestamp>
			</report>
			<report>
				<misses>4633001</misses>
				<total>6</total>
				<timestamp>1666.212341</timestamp>
			</report>
			<report>
				<misses>4634001</misses>
				<total>6</total>
				<timestamp>1666.571969</timestamp>
			</report>
			<report>
				<misses>4635001</misses>
				<total>6</total>
				<timestamp>1666.931585</timestamp>
			</report>
			<report>
				<misses>4636001</misses>
				<total>6</total>
				<timestamp>1667.291211</timestamp>
			</report>
			<report>
				<misses>4637001</misses>
				<total>6</total>
				<timestamp>1667.650969</timestamp>
			</report>
			<report>
				<misses>4638001</misses>
				<total>6</total>
				<timestamp>1668.010500</timestamp>
			</report>
			<report>
				<misses>4639001</misses>
				<total>6</total>
				<timestamp>1668.370156</timestamp>
			</report>
			<report>
				<misses>4640001</misses>
				<total>6</total>
				<timestamp>1668.729803</timestamp>
			</report>
			<report>
				<misses>4641001</misses>
				<total>6</total>
				<timestamp>1669.089496</timestamp>
			</report>
			<report>
				<misses>4642001</misses>
				<total>6</total>
				<timestamp>1669.449066</timestamp>
			</report>
			<report>
				<misses>4643001</misses>
				<total>6</total>
				<timestamp>1669.808761</timestamp>
			</report>
			<report>
				<misses>4644001</misses>
				<total>6</total>
				<timestamp>1670.168386</timestamp>
			</report>
			<report>
				<misses>4645001</misses>
				<total>6</total>
				<timestamp>1670.528042</timestamp>
			</report>
			<report>
				<misses>4646001</misses>
				<total>6</total>
				<timestamp>1670.887664</timestamp>
			</report>
			<report>
				<misses>4647001</misses>
				<total>6</total>
				<timestamp>1671.247323</timestamp>
			</report>
			<report>
				<misses>4648001</misses>
				<total>6</total>
				<timestamp>1671.606931</timestamp>
			</report>
			<report>
				<misses>4649001</misses>
				<total>6</total>
				<timestamp>1671.966589</timestamp>
			</report>
			<report>
				<misses>4650001</misses>
				<total>6</total>
				<timestamp>1672.326194</timestamp>
			</report>
			<report>
				<misses>4651001</misses>
				<total>6</total>
				<timestamp>1672.685851</timestamp>
			</report>
			<report>
				<misses>4652001</misses>
				<total>6</total>
				<timestamp>1673.045512</timestamp>
			</report>
			<report>
				<misses>4653001</misses>
				<total>6</total>
				<timestamp>1673.405103</timestamp>
			</report>
			<report>
				<misses>4654001</misses>
				<total>6</total>
				<timestamp>1673.764751</timestamp>
			</report>
			<report>
				<misses>4655001</misses>
				<total>6</total>
				<timestamp>1674.124401</timestamp>
			</report>
			<report>
				<misses>4656001</misses>
				<total>6</total>
				<timestamp>1674.484025</timestamp>
			</report>
			<report>
				<misses>4657001</misses>
				<total>6</total>
				<timestamp>1674.843672</timestamp>
			</report>
			<report>
				<misses>4658001</misses>
				<total>6</total>
				<timestamp>1675.203337</timestamp>
			</report>
			<report>
				<misses>4659001</misses>
				<total>6</total>
				<timestamp>1675.562938</timestamp>
			</report>
			<report>
				<misses>4660001</misses>
				<total>6</total>
				<timestamp>1675.922620</timestamp>
			</report>
			<report>
				<misses>4661001</misses>
				<total>6</total>
				<timestamp>1676.282232</timestamp>
			</report>
			<report>
				<misses>4662001</misses>
				<total>6</total>
				<timestamp>1676.641926</timestamp>
			</report>
			<report>
				<misses>4663001</misses>
				<total>6</total>
				<timestamp>1677.001577</timestamp>
			</report>
			<report>
				<misses>4664001</misses>
				<total>6</total>
				<timestamp>1677.361129</timestamp>
			</report>
			<report>
				<misses>4665001</misses>
				<total>6</total>
				<timestamp>1677.720796</timestamp>
			</report>
			<report>
				<misses>4666001</misses>
				<total>6</total>
				<timestamp>1678.080488</timestamp>
			</report>
			<report>
				<misses>4667001</misses>
				<total>6</total>
				<timestamp>1678.440115</timestamp>
			</report>
			<report>
				<misses>4668001</misses>
				<total>6</total>
				<timestamp>1678.799691</timestamp>
			</report>
			<report>
				<misses>4669001</misses>
				<total>6</total>
				<timestamp>1679.159335</timestamp>
			</report>
			<report>
				<misses>4670001</misses>
				<total>6</total>
				<timestamp>1679.519083</timestamp>
			</report>
			<report>
				<misses>4671001</misses>
				<total>6</total>
				<timestamp>1679.878656</timestamp>
			</report>
			<report>
				<misses>4672001</misses>
				<total>6</total>
				<timestamp>1680.238327</timestamp>
			</report>
			<report>
				<misses>4673001</misses>
				<total>6</total>
				<timestamp>1680.597905</timestamp>
			</report>
			<report>
				<misses>4674001</misses>
				<total>6</total>
				<timestamp>1680.957574</timestamp>
			</report>
			<report>
				<misses>4675001</misses>
				<total>6</total>
				<timestamp>1681.317246</timestamp>
			</report>
			<report>
				<misses>4676001</misses>
				<total>6</total>
				<timestamp>1681.676863</timestamp>
			</report>
			<report>
				<misses>4677001</misses>
				<total>6</total>
				<timestamp>1682.036480</timestamp>
			</report>
			<report>
				<misses>4678001</misses>
				<total>6</total>
				<timestamp>1682.396113</timestamp>
			</report>
			<report>
				<misses>4679001</misses>
				<total>6</total>
				<timestamp>1682.755776</timestamp>
			</report>
			<report>
				<misses>4680001</misses>
				<total>6</total>
				<timestamp>1683.115420</timestamp>
			</report>
			<report>
				<misses>4681001</misses>
				<total>6</total>
				<timestamp>1683.475020</timestamp>
			</report>
			<report>
				<misses>4682001</misses>
				<total>6</total>
				<timestamp>1683.834649</timestamp>
			</report>
			<report>
				<misses>4683001</misses>
				<total>6</total>
				<timestamp>1684.194346</timestamp>
			</report>
			<report>
				<misses>4684001</misses>
				<total>6</total>
				<timestamp>1684.553937</timestamp>
			</report>
			<report>
				<misses>4685001</misses>
				<total>6</total>
				<timestamp>1684.913608</timestamp>
			</report>
			<report>
				<misses>4686001</misses>
				<total>6</total>
				<timestamp>1685.273292</timestamp>
			</report>
			<report>
				<misses>4687001</misses>
				<total>6</total>
				<timestamp>1685.632854</timestamp>
			</report>
			<report>
				<misses>4688001</misses>
				<total>6</total>
				<timestamp>1685.992499</timestamp>
			</report>
			<report>
				<misses>4689001</misses>
				<total>6</total>
				<timestamp>1686.352158</timestamp>
			</report>
			<report>
				<misses>4690001</misses>
				<total>6</total>
				<timestamp>1686.711807</timestamp>
			</report>
			<report>
				<misses>4691001</misses>
				<total>6</total>
				<timestamp>1687.071427</timestamp>
			</report>
			<report>
				<misses>4692001</misses>
				<total>6</total>
				<timestamp>1687.431041</timestamp>
			</report>
			<report>
				<misses>4693001</misses>
				<total>6</total>
				<timestamp>1687.790729</timestamp>
			</report>
			<report>
				<misses>4694001</misses>
				<total>6</total>
				<timestamp>1688.150337</timestamp>
			</report>
			<report>
				<misses>4695001</misses>
				<total>6</total>
				<timestamp>1688.510006</timestamp>
			</report>
			<report>
				<misses>4696001</misses>
				<total>6</total>
				<timestamp>1688.869676</timestamp>
			</report>
			<report>
				<misses>4697001</misses>
				<total>6</total>
				<timestamp>1689.229243</timestamp>
			</report>
			<report>
				<misses>4698001</misses>
				<total>6</total>
				<timestamp>1689.588907</timestamp>
			</report>
			<report>
				<misses>4699001</misses>
				<total>6</total>
				<timestamp>1689.948565</timestamp>
			</report>
			<report>
				<misses>4700001</misses>
				<total>6</total>
				<timestamp>1690.308202</timestamp>
			</report>
			<report>
				<misses>4701001</misses>
				<total>6</total>
				<timestamp>1690.667881</timestamp>
			</report>
			<report>
				<misses>4702001</misses>
				<total>6</total>
				<timestamp>1691.027553</timestamp>
			</report>
			<report>
				<misses>4703001</misses>
				<total>6</total>
				<timestamp>1691.387156</timestamp>
			</report>
			<report>
				<misses>4704001</misses>
				<total>6</total>
				<timestamp>1691.746803</timestamp>
			</report>
			<report>
				<misses>4705001</misses>
				<total>6</total>
				<timestamp>1692.106474</timestamp>
			</report>
			<report>
				<misses>4706001</misses>
				<total>6</total>
				<timestamp>1692.466027</timestamp>
			</report>
			<report>
				<misses>4707001</misses>
				<total>6</total>
				<timestamp>1692.825719</timestamp>
			</report>
			<report>
				<misses>4708001</misses>
				<total>6</total>
				<timestamp>1693.185357</timestamp>
			</report>
			<report>
				<misses>4709001</misses>
				<total>6</total>
				<timestamp>1693.544939</timestamp>
			</report>
			<report>
				<misses>4710001</misses>
				<total>6</total>
				<timestamp>1693.904587</timestamp>
			</report>
			<report>
				<misses>4711001</misses>
				<total>6</total>
				<timestamp>1694.264231</timestamp>
			</report>
			<report>
				<misses>4712001</misses>
				<total>6</total>
				<timestamp>1694.623918</timestamp>
			</report>
			<report>
				<misses>4713001</misses>
				<total>6</total>
				<timestamp>1694.983559</timestamp>
			</report>
			<report>
				<misses>4714001</misses>
				<total>6</total>
				<timestamp>1695.343180</timestamp>
			</report>
			<report>
				<misses>4715001</misses>
				<total>6</total>
				<timestamp>1695.702802</timestamp>
			</report>
			<report>
				<misses>4716001</misses>
				<total>6</total>
				<timestamp>1696.062416</timestamp>
			</report>
			<report>
				<misses>4717001</misses>
				<total>6</total>
				<timestamp>1696.422132</timestamp>
			</report>
			<report>
				<misses>4718001</misses>
				<total>6</total>
				<timestamp>1696.781763</timestamp>
			</report>
			<report>
				<misses>4719001</misses>
				<total>6</total>
				<timestamp>1697.141362</timestamp>
			</report>
			<report>
				<misses>4720001</misses>
				<total>6</total>
				<timestamp>1697.501069</timestamp>
			</report>
			<report>
				<misses>4721001</misses>
				<total>6</total>
				<timestamp>1697.860638</timestamp>
			</report>
			<report>
				<misses>4722001</misses>
				<total>6</total>
				<timestamp>1698.220301</timestamp>
			</report>
			<report>
				<misses>4723001</misses>
				<total>6</total>
				<timestamp>1698.579967</timestamp>
			</report>
			<report>
				<misses>4724001</misses>
				<total>6</total>
				<timestamp>1698.939578</timestamp>
			</report>
			<report>
				<misses>4725001</misses>
				<total>6</total>
				<timestamp>1699.299208</timestamp>
			</report>
			<report>
				<misses>4726001</misses>
				<total>6</total>
				<timestamp>1699.658832</timestamp>
			</report>
			<report>
				<misses>4727001</misses>
				<total>6</total>
				<timestamp>1700.018499</timestamp>
			</report>
			<report>
				<misses>4728001</misses>
				<total>6</total>
				<timestamp>1700.378148</timestamp>
			</report>
			<report>
				<misses>4729001</misses>
				<total>6</total>
				<timestamp>1700.737739</timestamp>
			</report>
			<report>
				<misses>4730001</misses>
				<total>6</total>
				<timestamp>1701.097360</timestamp>
			</report>
			<report>
				<misses>4731001</misses>
				<total>6</total>
				<timestamp>1701.457013</timestamp>
			</report>
			<report>
				<misses>4732001</misses>
				<total>6</total>
				<timestamp>1701.816643</timestamp>
			</report>
			<report>
				<misses>4733001</misses>
				<total>6</total>
				<timestamp>1702.176325</timestamp>
			</report>
			<report>
				<misses>4734001</misses>
				<total>6</total>
				<timestamp>1702.535972</timestamp>
			</report>
			<report>
				<misses>4735001</misses>
				<total>6</total>
				<timestamp>1702.895580</timestamp>
			</report>
			<report>
				<misses>4736001</misses>
				<total>6</total>
				<timestamp>1703.255220</timestamp>
			</report>
			<report>
				<misses>4737001</misses>
				<total>6</total>
				<timestamp>1703.614853</timestamp>
			</report>
			<report>
				<misses>4738001</misses>
				<total>6</total>
				<timestamp>1703.974502</timestamp>
			</report>
			<report>
				<misses>4739001</misses>
				<total>6</total>
				<timestamp>1704.334172</timestamp>
			</report>
			<report>
				<misses>4740001</misses>
				<total>6</total>
				<timestamp>1704.693775</timestamp>
			</report>
			<report>
				<misses>4741001</misses>
				<total>6</total>
				<timestamp>1705.053432</timestamp>
			</report>
			<report>
				<misses>4742001</misses>
				<total>6</total>
				<timestamp>1705.413057</timestamp>
			</report>
			<report>
				<misses>4743001</misses>
				<total>6</total>
				<timestamp>1705.772810</timestamp>
			</report>
			<report>
				<misses>4744001</misses>
				<total>6</total>
				<timestamp>1706.132371</timestamp>
			</report>
			<report>
				<misses>4745001</misses>
				<total>6</total>
				<timestamp>1706.492014</timestamp>
			</report>
			<report>
				<misses>4746001</misses>
				<total>6</total>
				<timestamp>1706.851622</timestamp>
			</report>
			<report>
				<misses>4747001</misses>
				<total>6</total>
				<timestamp>1707.211269</timestamp>
			</report>
			<report>
				<misses>4748001</misses>
				<total>6</total>
				<timestamp>1707.570965</timestamp>
			</report>
			<report>
				<misses>4749001</misses>
				<total>6</total>
				<timestamp>1707.930556</timestamp>
			</report>
			<report>
				<misses>4750001</misses>
				<total>6</total>
				<timestamp>1708.290221</timestamp>
			</report>
			<report>
				<misses>4751001</misses>
				<total>6</total>
				<timestamp>1708.649884</timestamp>
			</report>
			<report>
				<misses>4752001</misses>
				<total>6</total>
				<timestamp>1709.009481</timestamp>
			</report>
			<report>
				<misses>4753001</misses>
				<total>6</total>
				<timestamp>1709.369122</timestamp>
			</report>
			<report>
				<misses>4754001</misses>
				<total>6</total>
				<timestamp>1709.728725</timestamp>
			</report>
			<report>
				<misses>4755001</misses>
				<total>6</total>
				<timestamp>1710.088382</timestamp>
			</report>
			<report>
				<misses>4756001</misses>
				<total>6</total>
				<timestamp>1710.448074</timestamp>
			</report>
			<report>
				<misses>4757001</misses>
				<total>6</total>
				<timestamp>1710.807706</timestamp>
			</report>
			<report>
				<misses>4758001</misses>
				<total>6</total>
				<timestamp>1711.167299</timestamp>
			</report>
			<report>
				<misses>4759001</misses>
				<total>6</total>
				<timestamp>1711.526967</timestamp>
			</report>
			<report>
				<misses>4760001</misses>
				<total>6</total>
				<timestamp>1711.886626</timestamp>
			</report>
			<report>
				<misses>4761001</misses>
				<total>6</total>
				<timestamp>1712.246249</timestamp>
			</report>
			<report>
				<misses>4762001</misses>
				<total>6</total>
				<timestamp>1712.605863</timestamp>
			</report>
			<report>
				<misses>4763001</misses>
				<total>6</total>
				<timestamp>1712.965511</timestamp>
			</report>
			<report>
				<misses>4764001</misses>
				<total>6</total>
				<timestamp>1713.325165</timestamp>
			</report>
			<report>
				<misses>4765001</misses>
				<total>6</total>
				<timestamp>1713.684777</timestamp>
			</report>
			<report>
				<misses>4766001</misses>
				<total>6</total>
				<timestamp>1714.044440</timestamp>
			</report>
			<report>
				<misses>4767001</misses>
				<total>6</total>
				<timestamp>1714.404122</timestamp>
			</report>
			<report>
				<misses>4768001</misses>
				<total>6</total>
				<timestamp>1714.763762</timestamp>
			</report>
			<report>
				<misses>4769001</misses>
				<total>6</total>
				<timestamp>1715.123339</timestamp>
			</report>
			<report>
				<misses>4770001</misses>
				<total>6</total>
				<timestamp>1715.483126</timestamp>
			</report>
			<report>
				<misses>4771001</misses>
				<total>6</total>
				<timestamp>1715.842727</timestamp>
			</report>
			<report>
				<misses>4772001</misses>
				<total>6</total>
				<timestamp>1716.202253</timestamp>
			</report>
			<report>
				<misses>4773001</misses>
				<total>6</total>
				<timestamp>1716.561907</timestamp>
			</report>
			<report>
				<misses>4774001</misses>
				<total>6</total>
				<timestamp>1716.921528</timestamp>
			</report>
			<report>
				<misses>4775001</misses>
				<total>6</total>
				<timestamp>1717.281209</timestamp>
			</report>
			<report>
				<misses>4776001</misses>
				<total>6</total>
				<timestamp>1717.640829</timestamp>
			</report>
			<report>
				<misses>4777001</misses>
				<total>6</total>
				<timestamp>1718.000493</timestamp>
			</report>
			<report>
				<misses>4778001</misses>
				<total>6</total>
				<timestamp>1718.360168</timestamp>
			</report>
			<report>
				<misses>4779001</misses>
				<total>6</total>
				<timestamp>1718.719734</timestamp>
			</report>
			<report>
				<misses>4780001</misses>
				<total>6</total>
				<timestamp>1719.079400</timestamp>
			</report>
			<report>
				<misses>4781001</misses>
				<total>6</total>
				<timestamp>1719.439121</timestamp>
			</report>
			<report>
				<misses>4782001</misses>
				<total>6</total>
				<timestamp>1719.798666</timestamp>
			</report>
			<report>
				<misses>4783001</misses>
				<total>6</total>
				<timestamp>1720.158333</timestamp>
			</report>
			<report>
				<misses>4784001</misses>
				<total>6</total>
				<timestamp>1720.517955</timestamp>
			</report>
			<report>
				<misses>4785001</misses>
				<total>6</total>
				<timestamp>1720.877577</timestamp>
			</report>
			<report>
				<misses>4786001</misses>
				<total>6</total>
				<timestamp>1721.237225</timestamp>
			</report>
			<report>
				<misses>4787001</misses>
				<total>6</total>
				<timestamp>1721.596865</timestamp>
			</report>
			<report>
				<misses>4788001</misses>
				<total>6</total>
				<timestamp>1721.956505</timestamp>
			</report>
			<report>
				<misses>4789001</misses>
				<total>6</total>
				<timestamp>1722.316185</timestamp>
			</report>
			<report>
				<misses>4790001</misses>
				<total>6</total>
				<timestamp>1722.675799</timestamp>
			</report>
			<report>
				<misses>4791001</misses>
				<total>6</total>
				<timestamp>1723.035442</timestamp>
			</report>
			<report>
				<misses>4792001</misses>
				<total>6</total>
				<timestamp>1723.395116</timestamp>
			</report>
			<report>
				<misses>4793001</misses>
				<total>6</total>
				<timestamp>1723.754713</timestamp>
			</report>
			<report>
				<misses>4794001</misses>
				<total>6</total>
				<timestamp>1724.114360</timestamp>
			</report>
			<report>
				<misses>4795001</misses>
				<total>6</total>
				<timestamp>1724.474119</timestamp>
			</report>
			<report>
				<misses>4796001</misses>
				<total>6</total>
				<timestamp>1724.833615</timestamp>
			</report>
			<report>
				<misses>4797001</misses>
				<total>6</total>
				<timestamp>1725.193324</timestamp>
			</report>
			<report>
				<misses>4798001</misses>
				<total>6</total>
				<timestamp>1725.552895</timestamp>
			</report>
			<report>
				<misses>4799001</misses>
				<total>6</total>
				<timestamp>1725.912541</timestamp>
			</report>
			<report>
				<misses>4800001</misses>
				<total>6</total>
				<timestamp>1726.272212</timestamp>
			</report>
			<report>
				<misses>4801001</misses>
				<total>6</total>
				<timestamp>1726.631810</timestamp>
			</report>
			<report>
				<misses>4802001</misses>
				<total>6</total>
				<timestamp>1726.991531</timestamp>
			</report>
			<report>
				<misses>4803001</misses>
				<total>6</total>
				<timestamp>1727.351190</timestamp>
			</report>
			<report>
				<misses>4804001</misses>
				<total>6</total>
				<timestamp>1727.710748</timestamp>
			</report>
			<report>
				<misses>4805001</misses>
				<total>6</total>
				<timestamp>1728.070415</timestamp>
			</report>
			<report>
				<misses>4806001</misses>
				<total>6</total>
				<timestamp>1728.430115</timestamp>
			</report>
			<report>
				<misses>4807001</misses>
				<total>6</total>
				<timestamp>1728.789664</timestamp>
			</report>
			<report>
				<misses>4808001</misses>
				<total>6</total>
				<timestamp>1729.149320</timestamp>
			</report>
			<report>
				<misses>4809001</misses>
				<total>6</total>
				<timestamp>1729.509005</timestamp>
			</report>
			<report>
				<misses>4810001</misses>
				<total>6</total>
				<timestamp>1729.868607</timestamp>
			</report>
			<report>
				<misses>4811001</misses>
				<total>6</total>
				<timestamp>1730.228239</timestamp>
			</report>
			<report>
				<misses>4812001</misses>
				<total>6</total>
				<timestamp>1730.587886</timestamp>
			</report>
			<report>
				<misses>4813001</misses>
				<total>6</total>
				<timestamp>1730.947498</timestamp>
			</report>
			<report>
				<misses>4814001</misses>
				<total>6</total>
				<timestamp>1731.307198</timestamp>
			</report>
			<report>
				<misses>4815001</misses>
				<total>6</total>
				<timestamp>1731.666813</timestamp>
			</report>
			<report>
				<misses>4816001</misses>
				<total>6</total>
				<timestamp>1732.026426</timestamp>
			</report>
			<report>
				<misses>4817001</misses>
				<total>6</total>
				<timestamp>1732.386062</timestamp>
			</report>
			<report>
				<misses>4818001</misses>
				<total>6</total>
				<timestamp>1732.745703</timestamp>
			</report>
			<report>
				<misses>4819001</misses>
				<total>6</total>
				<timestamp>1733.105381</timestamp>
			</report>
			<report>
				<misses>4820001</misses>
				<total>6</total>
				<timestamp>1733.465018</timestamp>
			</report>
			<report>
				<misses>4821001</misses>
				<total>6</total>
				<timestamp>1733.824638</timestamp>
			</report>
			<report>
				<misses>4822001</misses>
				<total>6</total>
				<timestamp>1734.184265</timestamp>
			</report>
			<report>
				<misses>4823001</misses>
				<total>6</total>
				<timestamp>1734.543990</timestamp>
			</report>
			<report>
				<misses>4824001</misses>
				<total>6</total>
				<timestamp>1734.903548</timestamp>
			</report>
			<report>
				<misses>4825001</misses>
				<total>6</total>
				<timestamp>1735.263186</timestamp>
			</report>
			<report>
				<misses>4826001</misses>
				<total>6</total>
				<timestamp>1735.622901</timestamp>
			</report>
			<report>
				<misses>4827001</misses>
				<total>6</total>
				<timestamp>1735.982466</timestamp>
			</report>
			<report>
				<misses>4828001</misses>
				<total>6</total>
				<timestamp>1736.342181</timestamp>
			</report>
			<report>
				<misses>4829001</misses>
				<total>6</total>
				<timestamp>1736.701782</timestamp>
			</report>
			<report>
				<misses>4830001</misses>
				<total>6</total>
				<timestamp>1737.061456</timestamp>
			</report>
			<report>
				<misses>4831001</misses>
				<total>6</total>
				<timestamp>1737.421061</timestamp>
			</report>
			<report>
				<misses>4832001</misses>
				<total>6</total>
				<timestamp>1737.780661</timestamp>
			</report>
			<report>
				<misses>4833001</misses>
				<total>6</total>
				<timestamp>1738.140376</timestamp>
			</report>
			<report>
				<misses>4834001</misses>
				<total>6</total>
				<timestamp>1738.499960</timestamp>
			</report>
			<report>
				<misses>4835001</misses>
				<total>6</total>
				<timestamp>1738.859570</timestamp>
			</report>
			<report>
				<misses>4836001</misses>
				<total>6</total>
				<timestamp>1739.219226</timestamp>
			</report>
			<report>
				<misses>4837001</misses>
				<total>6</total>
				<timestamp>1739.578849</timestamp>
			</report>
			<report>
				<misses>4838001</misses>
				<total>6</total>
				<timestamp>1739.938513</timestamp>
			</report>
			<report>
				<misses>4839001</misses>
				<total>6</total>
				<timestamp>1740.298129</timestamp>
			</report>
			<report>
				<misses>4840001</misses>
				<total>6</total>
				<timestamp>1740.657800</timestamp>
			</report>
			<report>
				<misses>4841001</misses>
				<total>6</total>
				<timestamp>1741.017443</timestamp>
			</report>
			<report>
				<misses>4842001</misses>
				<total>6</total>
				<timestamp>1741.377069</timestamp>
			</report>
			<report>
				<misses>4843001</misses>
				<total>6</total>
				<timestamp>1741.736694</timestamp>
			</report>
			<report>
				<misses>4844001</misses>
				<total>6</total>
				<timestamp>1742.096335</timestamp>
			</report>
			<report>
				<misses>4845001</misses>
				<total>6</total>
				<timestamp>1742.456013</timestamp>
			</report>
			<report>
				<misses>4846001</misses>
				<total>6</total>
				<timestamp>1742.815625</timestamp>
			</report>
			<report>
				<misses>4847001</misses>
				<total>6</total>
				<timestamp>1743.175261</timestamp>
			</report>
			<report>
				<misses>4848001</misses>
				<total>6</total>
				<timestamp>1743.534932</timestamp>
			</report>
			<report>
				<misses>4849001</misses>
				<total>6</total>
				<timestamp>1743.894589</timestamp>
			</report>
			<report>
				<misses>4850001</misses>
				<total>6</total>
				<timestamp>1744.254169</timestamp>
			</report>
			<report>
				<misses>4851001</misses>
				<total>6</total>
				<timestamp>1744.613914</timestamp>
			</report>
			<report>
				<misses>4852001</misses>
				<total>6</total>
				<timestamp>1744.973473</timestamp>
			</report>
			<report>
				<misses>4853001</misses>
				<total>6</total>
				<timestamp>1745.333135</timestamp>
			</report>
			<report>
				<misses>4854001</misses>
				<total>6</total>
				<timestamp>1745.692747</timestamp>
			</report>
			<report>
				<misses>4855001</misses>
				<total>6</total>
				<timestamp>1746.052440</timestamp>
			</report>
			<report>
				<misses>4856001</misses>
				<total>6</total>
				<timestamp>1746.412106</timestamp>
			</report>
			<report>
				<misses>4857001</misses>
				<total>6</total>
				<timestamp>1746.771694</timestamp>
			</report>
			<report>
				<misses>4858001</misses>
				<total>6</total>
				<timestamp>1747.131344</timestamp>
			</report>
			<report>
				<misses>4859001</misses>
				<total>6</total>
				<timestamp>1747.490953</timestamp>
			</report>
			<report>
				<misses>4860001</misses>
				<total>6</total>
				<timestamp>1747.850623</timestamp>
			</report>
			<report>
				<misses>4861001</misses>
				<total>6</total>
				<timestamp>1748.210214</timestamp>
			</report>
			<report>
				<misses>4862001</misses>
				<total>6</total>
				<timestamp>1748.569914</timestamp>
			</report>
			<report>
				<misses>4863001</misses>
				<total>6</total>
				<timestamp>1748.929505</timestamp>
			</report>
			<report>
				<misses>4864001</misses>
				<total>6</total>
				<timestamp>1749.289181</timestamp>
			</report>
			<report>
				<misses>4865001</misses>
				<total>6</total>
				<timestamp>1749.648826</timestamp>
			</report>
			<report>
				<misses>4866001</misses>
				<total>6</total>
				<timestamp>1750.008417</timestamp>
			</report>
			<report>
				<misses>4867001</misses>
				<total>6</total>
				<timestamp>1750.368088</timestamp>
			</report>
			<report>
				<misses>4868001</misses>
				<total>6</total>
				<timestamp>1750.727749</timestamp>
			</report>
			<report>
				<misses>4869001</misses>
				<total>6</total>
				<timestamp>1751.087342</timestamp>
			</report>
			<report>
				<misses>4870001</misses>
				<total>6</total>
				<timestamp>1751.447079</timestamp>
			</report>
			<report>
				<misses>4871001</misses>
				<total>6</total>
				<timestamp>1751.806707</timestamp>
			</report>
			<report>
				<misses>4872001</misses>
				<total>6</total>
				<timestamp>1752.166285</timestamp>
			</report>
			<report>
				<misses>4873001</misses>
				<total>6</total>
				<timestamp>1752.525963</timestamp>
			</report>
			<report>
				<misses>4874001</misses>
				<total>6</total>
				<timestamp>1752.885565</timestamp>
			</report>
			<report>
				<misses>4875001</misses>
				<total>6</total>
				<timestamp>1753.245190</timestamp>
			</report>
			<report>
				<misses>4876001</misses>
				<total>6</total>
				<timestamp>1753.604842</timestamp>
			</report>
			<report>
				<misses>4877001</misses>
				<total>6</total>
				<timestamp>1753.964453</timestamp>
			</report>
			<report>
				<misses>4878001</misses>
				<total>6</total>
				<timestamp>1754.324145</timestamp>
			</report>
			<report>
				<misses>4879001</misses>
				<total>6</total>
				<timestamp>1754.683774</timestamp>
			</report>
			<report>
				<misses>4880001</misses>
				<total>6</total>
				<timestamp>1755.043377</timestamp>
			</report>
			<report>
				<misses>4881001</misses>
				<total>6</total>
				<timestamp>1755.403064</timestamp>
			</report>
			<report>
				<misses>4882001</misses>
				<total>6</total>
				<timestamp>1755.762703</timestamp>
			</report>
			<report>
				<misses>4883001</misses>
				<total>6</total>
				<timestamp>1756.122394</timestamp>
			</report>
			<report>
				<misses>4884001</misses>
				<total>6</total>
				<timestamp>1756.481954</timestamp>
			</report>
			<report>
				<misses>4885001</misses>
				<total>6</total>
				<timestamp>1756.841568</timestamp>
			</report>
			<report>
				<misses>4886001</misses>
				<total>6</total>
				<timestamp>1757.201213</timestamp>
			</report>
			<report>
				<misses>4887001</misses>
				<total>6</total>
				<timestamp>1757.560904</timestamp>
			</report>
			<report>
				<misses>4888001</misses>
				<total>6</total>
				<timestamp>1757.920493</timestamp>
			</report>
			<report>
				<misses>4889001</misses>
				<total>6</total>
				<timestamp>1758.280142</timestamp>
			</report>
			<report>
				<misses>4890001</misses>
				<total>6</total>
				<timestamp>1758.639812</timestamp>
			</report>
			<report>
				<misses>4891001</misses>
				<total>6</total>
				<timestamp>1758.999445</timestamp>
			</report>
			<report>
				<misses>4892001</misses>
				<total>6</total>
				<timestamp>1759.359124</timestamp>
			</report>
			<report>
				<misses>4893001</misses>
				<total>6</total>
				<timestamp>1759.718762</timestamp>
			</report>
			<report>
				<misses>4894001</misses>
				<total>6</total>
				<timestamp>1760.078375</timestamp>
			</report>
			<report>
				<misses>4895001</misses>
				<total>6</total>
				<timestamp>1760.438038</timestamp>
			</report>
			<report>
				<misses>4896001</misses>
				<total>6</total>
				<timestamp>1760.797609</timestamp>
			</report>
			<report>
				<misses>4897001</misses>
				<total>6</total>
				<timestamp>1761.157268</timestamp>
			</report>
			<report>
				<misses>4898001</misses>
				<total>6</total>
				<timestamp>1761.516926</timestamp>
			</report>
			<report>
				<misses>4899001</misses>
				<total>6</total>
				<timestamp>1761.876577</timestamp>
			</report>
			<report>
				<misses>4900001</misses>
				<total>6</total>
				<timestamp>1762.236197</timestamp>
			</report>
			<report>
				<misses>4901001</misses>
				<total>6</total>
				<timestamp>1762.595936</timestamp>
			</report>
			<report>
				<misses>4902001</misses>
				<total>6</total>
				<timestamp>1762.955490</timestamp>
			</report>
			<report>
				<misses>4903001</misses>
				<total>6</total>
				<timestamp>1763.315091</timestamp>
			</report>
			<report>
				<misses>4904001</misses>
				<total>6</total>
				<timestamp>1763.674793</timestamp>
			</report>
			<report>
				<misses>4905001</misses>
				<total>6</total>
				<timestamp>1764.034396</timestamp>
			</report>
			<report>
				<misses>4906001</misses>
				<total>6</total>
				<timestamp>1764.394122</timestamp>
			</report>
			<report>
				<misses>4907001</misses>
				<total>6</total>
				<timestamp>1764.753651</timestamp>
			</report>
			<report>
				<misses>4908001</misses>
				<total>6</total>
				<timestamp>1765.113357</timestamp>
			</report>
			<report>
				<misses>4909001</misses>
				<total>6</total>
				<timestamp>1765.472988</timestamp>
			</report>
			<report>
				<misses>4910001</misses>
				<total>6</total>
				<timestamp>1765.832609</timestamp>
			</report>
			<report>
				<misses>4911001</misses>
				<total>6</total>
				<timestamp>1766.192250</timestamp>
			</report>
			<report>
				<misses>4912001</misses>
				<total>6</total>
				<timestamp>1766.551892</timestamp>
			</report>
			<report>
				<misses>4913001</misses>
				<total>6</total>
				<timestamp>1766.911507</timestamp>
			</report>
			<report>
				<misses>4914001</misses>
				<total>6</total>
				<timestamp>1767.271175</timestamp>
			</report>
			<report>
				<misses>4915001</misses>
				<total>6</total>
				<timestamp>1767.630828</timestamp>
			</report>
			<report>
				<misses>4916001</misses>
				<total>6</total>
				<timestamp>1767.990493</timestamp>
			</report>
			<report>
				<misses>4917001</misses>
				<total>6</total>
				<timestamp>1768.350058</timestamp>
			</report>
			<report>
				<misses>4918001</misses>
				<total>6</total>
				<timestamp>1768.709788</timestamp>
			</report>
			<report>
				<misses>4919001</misses>
				<total>6</total>
				<timestamp>1769.069373</timestamp>
			</report>
			<report>
				<misses>4920001</misses>
				<total>6</total>
				<timestamp>1769.428973</timestamp>
			</report>
			<report>
				<misses>4921001</misses>
				<total>6</total>
				<timestamp>1769.788602</timestamp>
			</report>
			<report>
				<misses>4922001</misses>
				<total>6</total>
				<timestamp>1770.148304</timestamp>
			</report>
			<report>
				<misses>4923001</misses>
				<total>6</total>
				<timestamp>1770.507918</timestamp>
			</report>
			<report>
				<misses>4924001</misses>
				<total>6</total>
				<timestamp>1770.867603</timestamp>
			</report>
			<report>
				<misses>4925001</misses>
				<total>6</total>
				<timestamp>1771.227201</timestamp>
			</report>
			<report>
				<misses>4926001</misses>
				<total>6</total>
				<timestamp>1771.586855</timestamp>
			</report>
			<report>
				<misses>4927001</misses>
				<total>6</total>
				<timestamp>1771.946490</timestamp>
			</report>
			<report>
				<misses>4928001</misses>
				<total>6</total>
				<timestamp>1772.306156</timestamp>
			</report>
			<report>
				<misses>4929001</misses>
				<total>6</total>
				<timestamp>1772.665770</timestamp>
			</report>
			<report>
				<misses>4930001</misses>
				<total>6</total>
				<timestamp>1773.025437</timestamp>
			</report>
			<report>
				<misses>4931001</misses>
				<total>6</total>
				<timestamp>1773.385023</timestamp>
			</report>
			<report>
				<misses>4932001</misses>
				<total>6</total>
				<timestamp>1773.744695</timestamp>
			</report>
			<report>
				<misses>4933001</misses>
				<total>6</total>
				<timestamp>1774.104325</timestamp>
			</report>
			<report>
				<misses>4934001</misses>
				<total>6</total>
				<timestamp>1774.463952</timestamp>
			</report>
			<report>
				<misses>4935001</misses>
				<total>6</total>
				<timestamp>1774.823643</timestamp>
			</report>
			<report>
				<misses>4936001</misses>
				<total>6</total>
				<timestamp>1775.183248</timestamp>
			</report>
			<report>
				<misses>4937001</misses>
				<total>6</total>
				<timestamp>1775.542903</timestamp>
			</report>
			<report>
				<misses>4938001</misses>
				<total>6</total>
				<timestamp>1775.902565</timestamp>
			</report>
			<report>
				<misses>4939001</misses>
				<total>6</total>
				<timestamp>1776.262133</timestamp>
			</report>
			<report>
				<misses>4940001</misses>
				<total>6</total>
				<timestamp>1776.621879</timestamp>
			</report>
			<report>
				<misses>4941001</misses>
				<total>6</total>
				<timestamp>1776.981428</timestamp>
			</report>
			<report>
				<misses>4942001</misses>
				<total>6</total>
				<timestamp>1777.341122</timestamp>
			</report>
			<report>
				<misses>4943001</misses>
				<total>6</total>
				<timestamp>1777.700800</timestamp>
			</report>
			<report>
				<misses>4944001</misses>
				<total>6</total>
				<timestamp>1778.060360</timestamp>
			</report>
			<report>
				<misses>4945001</misses>
				<total>6</total>
				<timestamp>1778.420002</timestamp>
			</report>
			<report>
				<misses>4946001</misses>
				<total>6</total>
				<timestamp>1778.779627</timestamp>
			</report>
			<report>
				<misses>4947001</misses>
				<total>6</total>
				<timestamp>1779.139272</timestamp>
			</report>
			<report>
				<misses>4948001</misses>
				<total>6</total>
				<timestamp>1779.498973</timestamp>
			</report>
			<report>
				<misses>4949001</misses>
				<total>6</total>
				<timestamp>1779.858528</timestamp>
			</report>
			<report>
				<misses>4950001</misses>
				<total>6</total>
				<timestamp>1780.218207</timestamp>
			</report>
			<report>
				<misses>4951001</misses>
				<total>6</total>
				<timestamp>1780.577831</timestamp>
			</report>
			<report>
				<misses>4952001</misses>
				<total>6</total>
				<timestamp>1780.937452</timestamp>
			</report>
			<report>
				<misses>4953001</misses>
				<total>6</total>
				<timestamp>1781.297202</timestamp>
			</report>
			<report>
				<misses>4954001</misses>
				<total>6</total>
				<timestamp>1781.656735</timestamp>
			</report>
			<report>
				<misses>4955001</misses>
				<total>6</total>
				<timestamp>1782.016424</timestamp>
			</report>
			<report>
				<misses>4956001</misses>
				<total>6</total>
				<timestamp>1782.376117</timestamp>
			</report>
			<report>
				<misses>4957001</misses>
				<total>6</total>
				<timestamp>1782.735727</timestamp>
			</report>
			<report>
				<misses>4958001</misses>
				<total>6</total>
				<timestamp>1783.095349</timestamp>
			</report>
			<report>
				<misses>4959001</misses>
				<total>6</total>
				<timestamp>1783.454964</timestamp>
			</report>
			<report>
				<misses>4960001</misses>
				<total>6</total>
				<timestamp>1783.814588</timestamp>
			</report>
			<report>
				<misses>4961001</misses>
				<total>6</total>
				<timestamp>1784.174226</timestamp>
			</report>
			<report>
				<misses>4962001</misses>
				<total>6</total>
				<timestamp>1784.533897</timestamp>
			</report>
			<report>
				<misses>4963001</misses>
				<total>6</total>
				<timestamp>1784.893511</timestamp>
			</report>
			<report>
				<misses>4964001</misses>
				<total>6</total>
				<timestamp>1785.253162</timestamp>
			</report>
			<report>
				<misses>4965001</misses>
				<total>6</total>
				<timestamp>1785.612798</timestamp>
			</report>
			<report>
				<misses>4966001</misses>
				<total>6</total>
				<timestamp>1785.972478</timestamp>
			</report>
			<report>
				<misses>4967001</misses>
				<total>6</total>
				<timestamp>1786.332057</timestamp>
			</report>
			<report>
				<misses>4968001</misses>
				<total>6</total>
				<timestamp>1786.691742</timestamp>
			</report>
			<report>
				<misses>4969001</misses>
				<total>6</total>
				<timestamp>1787.051351</timestamp>
			</report>
			<report>
				<misses>4970001</misses>
				<total>6</total>
				<timestamp>1787.411083</timestamp>
			</report>
			<report>
				<misses>4971001</misses>
				<total>6</total>
				<timestamp>1787.770661</timestamp>
			</report>
			<report>
				<misses>4972001</misses>
				<total>6</total>
				<timestamp>1788.130298</timestamp>
			</report>
			<report>
				<misses>4973001</misses>
				<total>6</total>
				<timestamp>1788.489890</timestamp>
			</report>
			<report>
				<misses>4974001</misses>
				<total>6</total>
				<timestamp>1788.849540</timestamp>
			</report>
			<report>
				<misses>4975001</misses>
				<total>6</total>
				<timestamp>1789.209228</timestamp>
			</report>
			<report>
				<misses>4976001</misses>
				<total>6</total>
				<timestamp>1789.568823</timestamp>
			</report>
			<report>
				<misses>4977001</misses>
				<total>6</total>
				<timestamp>1789.928463</timestamp>
			</report>
			<report>
				<misses>4978001</misses>
				<total>6</total>
				<timestamp>1790.288136</timestamp>
			</report>
			<report>
				<misses>4979001</misses>
				<total>6</total>
				<timestamp>1790.647767</timestamp>
			</report>
			<report>
				<misses>4980001</misses>
				<total>6</total>
				<timestamp>1791.007430</timestamp>
			</report>
			<report>
				<misses>4981001</misses>
				<total>6</total>
				<timestamp>1791.367086</timestamp>
			</report>
			<report>
				<misses>4982001</misses>
				<total>6</total>
				<timestamp>1791.726778</timestamp>
			</report>
			<report>
				<misses>4983001</misses>
				<total>6</total>
				<timestamp>1792.086296</timestamp>
			</report>
			<report>
				<misses>4984001</misses>
				<total>6</total>
				<timestamp>1792.446030</timestamp>
			</report>
			<report>
				<misses>4985001</misses>
				<total>6</total>
				<timestamp>1792.805600</timestamp>
			</report>
			<report>
				<misses>4986001</misses>
				<total>6</total>
				<timestamp>1793.165249</timestamp>
			</report>
			<report>
				<misses>4987001</misses>
				<total>6</total>
				<timestamp>1793.524865</timestamp>
			</report>
			<report>
				<misses>4988001</misses>
				<total>6</total>
				<timestamp>1793.884548</timestamp>
			</report>
			<report>
				<misses>4989001</misses>
				<total>6</total>
				<timestamp>1794.244146</timestamp>
			</report>
			<report>
				<misses>4990001</misses>
				<total>6</total>
				<timestamp>1794.603761</timestamp>
			</report>
			<report>
				<misses>4991001</misses>
				<total>6</total>
				<timestamp>1794.963410</timestamp>
			</report>
			<report>
				<misses>4992001</misses>
				<total>6</total>
				<timestamp>1795.323100</timestamp>
			</report>
			<report>
				<misses>4993001</misses>
				<total>6</total>
				<timestamp>1795.682765</timestamp>
			</report>
			<report>
				<misses>4994001</misses>
				<total>6</total>
				<timestamp>1796.042338</timestamp>
			</report>
			<report>
				<misses>4995001</misses>
				<total>6</total>
				<timestamp>1796.401986</timestamp>
			</report>
			<report>
				<misses>4996001</misses>
				<total>6</total>
				<timestamp>1796.761628</timestamp>
			</report>
			<report>
				<misses>4997001</misses>
				<total>6</total>
				<timestamp>1797.121240</timestamp>
			</report>
			<report>
				<misses>4998001</misses>
				<total>6</total>
				<timestamp>1797.480919</timestamp>
			</report>
			<report>
				<misses>4999001</misses>
				<total>6</total>
				<timestamp>1797.840557</timestamp>
			</report>
			<report>
				<misses>5000001</misses>
				<total>6</total>
				<timestamp>1798.200190</timestamp>
			</report>
			<report>
				<misses>5001001</misses>
				<total>6</total>
				<timestamp>1798.559842</timestamp>
			</report>
			<report>
				<misses>5002001</misses>
				<total>6</total>
				<timestamp>1798.919522</timestamp>
			</report>
			<report>
				<misses>5003001</misses>
				<total>6</total>
				<timestamp>1799.279116</timestamp>
			</report>
			<report>
				<misses>5004001</misses>
				<total>6</total>
				<timestamp>1799.638723</timestamp>
			</report>
			<report>
				<misses>5005001</misses>
				<total>6</total>
				<timestamp>1799.998378</timestamp>
			</report>
			<report>
				<misses>5006001</misses>
				<total>6</total>
				<timestamp>1800.358037</timestamp>
			</report>
			<report>
				<misses>5007001</misses>
				<total>6</total>
				<timestamp>1800.717710</timestamp>
			</report>
			<report>
				<misses>5008001</misses>
				<total>6</total>
				<timestamp>1801.077292</timestamp>
			</report>
			<report>
				<misses>5009001</misses>
				<total>6</total>
				<timestamp>1801.436981</timestamp>
			</report>
			<report>
				<misses>5010001</misses>
				<total>6</total>
				<timestamp>1801.796648</timestamp>
			</report>
			<report>
				<misses>5011001</misses>
				<total>6</total>
				<timestamp>1802.156336</timestamp>
			</report>
			<report>
				<misses>5012001</misses>
				<total>6</total>
				<timestamp>1802.515850</timestamp>
			</report>
			<report>
				<misses>5013001</misses>
				<total>6</total>
				<timestamp>1802.875548</timestamp>
			</report>
			<report>
				<misses>5014001</misses>
				<total>6</total>
				<timestamp>1803.235173</timestamp>
			</report>
			<report>
				<misses>5015001</misses>
				<total>6</total>
				<timestamp>1803.594829</timestamp>
			</report>
			<report>
				<misses>5016001</misses>
				<total>6</total>
				<timestamp>1803.954437</timestamp>
			</report>
			<report>
				<misses>5017001</misses>
				<total>6</total>
				<timestamp>1804.314072</timestamp>
			</report>
			<report>
				<misses>5018001</misses>
				<total>6</total>
				<timestamp>1804.673705</timestamp>
			</report>
			<report>
				<misses>5019001</misses>
				<total>6</total>
				<timestamp>1805.033369</timestamp>
			</report>
			<report>
				<misses>5020001</misses>
				<total>6</total>
				<timestamp>1805.392983</timestamp>
			</report>
			<report>
				<misses>5021001</misses>
				<total>6</total>
				<timestamp>1805.752708</timestamp>
			</report>
			<report>
				<misses>5022001</misses>
				<total>6</total>
				<timestamp>1806.112279</timestamp>
			</report>
			<report>
				<misses>5023001</misses>
				<total>6</total>
				<timestamp>1806.471896</timestamp>
			</report>
			<report>
				<misses>5024001</misses>
				<total>6</total>
				<timestamp>1806.831587</timestamp>
			</report>
			<report>
				<misses>5025001</misses>
				<total>6</total>
				<timestamp>1807.191208</timestamp>
			</report>
			<report>
				<misses>5026001</misses>
				<total>6</total>
				<timestamp>1807.550868</timestamp>
			</report>
			<report>
				<misses>5027001</misses>
				<total>6</total>
				<timestamp>1807.910497</timestamp>
			</report>
			<report>
				<misses>5028001</misses>
				<total>6</total>
				<timestamp>1808.270106</timestamp>
			</report>
			<report>
				<misses>5029001</misses>
				<total>6</total>
				<timestamp>1808.629741</timestamp>
			</report>
			<report>
				<misses>5030001</misses>
				<total>6</total>
				<timestamp>1808.989421</timestamp>
			</report>
			<report>
				<misses>5031001</misses>
				<total>6</total>
				<timestamp>1809.349093</timestamp>
			</report>
			<report>
				<misses>5032001</misses>
				<total>6</total>
				<timestamp>1809.708673</timestamp>
			</report>
			<report>
				<misses>5033001</misses>
				<total>6</total>
				<timestamp>1810.068303</timestamp>
			</report>
			<report>
				<misses>5034001</misses>
				<total>6</total>
				<timestamp>1810.427966</timestamp>
			</report>
			<report>
				<misses>5035001</misses>
				<total>6</total>
				<timestamp>1810.787620</timestamp>
			</report>
			<report>
				<misses>5036001</misses>
				<total>6</total>
				<timestamp>1811.147260</timestamp>
			</report>
			<report>
				<misses>5037001</misses>
				<total>6</total>
				<timestamp>1811.506853</timestamp>
			</report>
			<report>
				<misses>5038001</misses>
				<total>6</total>
				<timestamp>1811.866549</timestamp>
			</report>
			<report>
				<misses>5039001</misses>
				<total>6</total>
				<timestamp>1812.226132</timestamp>
			</report>
			<report>
				<misses>5040001</misses>
				<total>6</total>
				<timestamp>1812.585798</timestamp>
			</report>
			<report>
				<misses>5041001</misses>
				<total>6</total>
				<timestamp>1812.945464</timestamp>
			</report>
			<report>
				<misses>5042001</misses>
				<total>6</total>
				<timestamp>1813.305080</timestamp>
			</report>
			<report>
				<misses>5043001</misses>
				<total>6</total>
				<timestamp>1813.664736</timestamp>
			</report>
			<report>
				<misses>5044001</misses>
				<total>6</total>
				<timestamp>1814.024392</timestamp>
			</report>
			<report>
				<misses>5045001</misses>
				<total>6</total>
				<timestamp>1814.384007</timestamp>
			</report>
			<report>
				<misses>5046001</misses>
				<total>6</total>
				<timestamp>1814.743683</timestamp>
			</report>
			<report>
				<misses>5047001</misses>
				<total>6</total>
				<timestamp>1815.103312</timestamp>
			</report>
			<report>
				<misses>5048001</misses>
				<total>6</total>
				<timestamp>1815.462900</timestamp>
			</report>
			<report>
				<misses>5049001</misses>
				<total>6</total>
				<timestamp>1815.822692</timestamp>
			</report>
			<report>
				<misses>5050001</misses>
				<total>6</total>
				<timestamp>1816.182250</timestamp>
			</report>
			<report>
				<misses>5051001</misses>
				<total>6</total>
				<timestamp>1816.541875</timestamp>
			</report>
			<report>
				<misses>5052001</misses>
				<total>6</total>
				<timestamp>1816.901498</timestamp>
			</report>
			<report>
				<misses>5053001</misses>
				<total>6</total>
				<timestamp>1817.261143</timestamp>
			</report>
			<report>
				<misses>5054001</misses>
				<total>6</total>
				<timestamp>1817.620744</timestamp>
			</report>
			<report>
				<misses>5055001</misses>
				<total>6</total>
				<timestamp>1817.980450</timestamp>
			</report>
			<report>
				<misses>5056001</misses>
				<total>6</total>
				<timestamp>1818.340048</timestamp>
			</report>
			<report>
				<misses>5057001</misses>
				<total>6</total>
				<timestamp>1818.699675</timestamp>
			</report>
			<report>
				<misses>5058001</misses>
				<total>6</total>
				<timestamp>1819.059291</timestamp>
			</report>
			<report>
				<misses>5059001</misses>
				<total>6</total>
				<timestamp>1819.418996</timestamp>
			</report>
			<report>
				<misses>5060001</misses>
				<total>6</total>
				<timestamp>1819.778624</timestamp>
			</report>
			<report>
				<misses>5061001</misses>
				<total>6</total>
				<timestamp>1820.138267</timestamp>
			</report>
			<report>
				<misses>5062001</misses>
				<total>6</total>
				<timestamp>1820.497900</timestamp>
			</report>
			<report>
				<misses>5063001</misses>
				<total>6</total>
				<timestamp>1820.857552</timestamp>
			</report>
			<report>
				<misses>5064001</misses>
				<total>6</total>
				<timestamp>1821.217135</timestamp>
			</report>
			<report>
				<misses>5065001</misses>
				<total>6</total>
				<timestamp>1821.576809</timestamp>
			</report>
			<report>
				<misses>5066001</misses>
				<total>6</total>
				<timestamp>1821.936501</timestamp>
			</report>
			<report>
				<misses>5067001</misses>
				<total>6</total>
				<timestamp>1822.296062</timestamp>
			</report>
			<report>
				<misses>5068001</misses>
				<total>6</total>
				<timestamp>1822.655694</timestamp>
			</report>
			<report>
				<misses>5069001</misses>
				<total>6</total>
				<timestamp>1823.015349</timestamp>
			</report>
			<report>
				<misses>5070001</misses>
				<total>6</total>
				<timestamp>1823.375023</timestamp>
			</report>
			<report>
				<misses>5071001</misses>
				<total>6</total>
				<timestamp>1823.734667</timestamp>
			</report>
			<report>
				<misses>5072001</misses>
				<total>6</total>
				<timestamp>1824.094305</timestamp>
			</report>
			<report>
				<misses>5073001</misses>
				<total>6</total>
				<timestamp>1824.453907</timestamp>
			</report>
			<report>
				<misses>5074001</misses>
				<total>6</total>
				<timestamp>1824.813582</timestamp>
			</report>
			<report>
				<misses>5075001</misses>
				<total>6</total>
				<timestamp>1825.173226</timestamp>
			</report>
			<report>
				<misses>5076001</misses>
				<total>6</total>
				<timestamp>1825.532894</timestamp>
			</report>
			<report>
				<misses>5077001</misses>
				<total>6</total>
				<timestamp>1825.892533</timestamp>
			</report>
			<report>
				<misses>5078001</misses>
				<total>6</total>
				<timestamp>1826.252104</timestamp>
			</report>
			<report>
				<misses>5079001</misses>
				<total>6</total>
				<timestamp>1826.611723</timestamp>
			</report>
			<report>
				<misses>5080001</misses>
				<total>6</total>
				<timestamp>1826.971425</timestamp>
			</report>
			<report>
				<misses>5081001</misses>
				<total>6</total>
				<timestamp>1827.331046</timestamp>
			</report>
			<report>
				<misses>5082001</misses>
				<total>6</total>
				<timestamp>1827.690666</timestamp>
			</report>
			<report>
				<misses>5083001</misses>
				<total>6</total>
				<timestamp>1828.050397</timestamp>
			</report>
			<report>
				<misses>5084001</misses>
				<total>6</total>
				<timestamp>1828.409955</timestamp>
			</report>
			<report>
				<misses>5085001</misses>
				<total>6</total>
				<timestamp>1828.769643</timestamp>
			</report>
			<report>
				<misses>5086001</misses>
				<total>6</total>
				<timestamp>1829.129254</timestamp>
			</report>
			<report>
				<misses>5087001</misses>
				<total>6</total>
				<timestamp>1829.488895</timestamp>
			</report>
			<report>
				<misses>5088001</misses>
				<total>6</total>
				<timestamp>1829.848562</timestamp>
			</report>
			<report>
				<misses>5089001</misses>
				<total>6</total>
				<timestamp>1830.208149</timestamp>
			</report>
			<report>
				<misses>5090001</misses>
				<total>6</total>
				<timestamp>1830.567839</timestamp>
			</report>
			<report>
				<misses>5091001</misses>
				<total>6</total>
				<timestamp>1830.927422</timestamp>
			</report>
			<report>
				<misses>5092001</misses>
				<total>6</total>
				<timestamp>1831.287047</timestamp>
			</report>
			<report>
				<misses>5093001</misses>
				<total>6</total>
				<timestamp>1831.646727</timestamp>
			</report>
			<report>
				<misses>5094001</misses>
				<total>6</total>
				<timestamp>1832.006436</timestamp>
			</report>
			<report>
				<misses>5095001</misses>
				<total>6</total>
				<timestamp>1832.365997</timestamp>
			</report>
			<report>
				<misses>5096001</misses>
				<total>6</total>
				<timestamp>1832.725614</timestamp>
			</report>
			<report>
				<misses>5097001</misses>
				<total>6</total>
				<timestamp>1833.085289</timestamp>
			</report>
			<report>
				<misses>5098001</misses>
				<total>6</total>
				<timestamp>1833.444901</timestamp>
			</report>
			<report>
				<misses>5099001</misses>
				<total>6</total>
				<timestamp>1833.804535</timestamp>
			</report>
			<report>
				<misses>5100001</misses>
				<total>6</total>
				<timestamp>1834.164222</timestamp>
			</report>
			<report>
				<misses>5101001</misses>
				<total>6</total>
				<timestamp>1834.523828</timestamp>
			</report>
			<report>
				<misses>5102001</misses>
				<total>6</total>
				<timestamp>1834.883497</timestamp>
			</report>
			<report>
				<misses>5103001</misses>
				<total>6</total>
				<timestamp>1835.243108</timestamp>
			</report>
			<report>
				<misses>5104001</misses>
				<total>6</total>
				<timestamp>1835.602757</timestamp>
			</report>
			<report>
				<misses>5105001</misses>
				<total>6</total>
				<timestamp>1835.962387</timestamp>
			</report>
			<report>
				<misses>5106001</misses>
				<total>6</total>
				<timestamp>1836.322042</timestamp>
			</report>
			<report>
				<misses>5107001</misses>
				<total>6</total>
				<timestamp>1836.681673</timestamp>
			</report>
			<report>
				<misses>5108001</misses>
				<total>6</total>
				<timestamp>1837.041320</timestamp>
			</report>
			<report>
				<misses>5109001</misses>
				<total>6</total>
				<timestamp>1837.400971</timestamp>
			</report>
			<report>
				<misses>5110001</misses>
				<total>6</total>
				<timestamp>1837.760570</timestamp>
			</report>
			<report>
				<misses>5111001</misses>
				<total>6</total>
				<timestamp>1838.120231</timestamp>
			</report>
			<report>
				<misses>5112001</misses>
				<total>6</total>
				<timestamp>1838.479860</timestamp>
			</report>
			<report>
				<misses>5113001</misses>
				<total>6</total>
				<timestamp>1838.839543</timestamp>
			</report>
			<report>
				<misses>5114001</misses>
				<total>6</total>
				<timestamp>1839.199145</timestamp>
			</report>
			<report>
				<misses>5115001</misses>
				<total>6</total>
				<timestamp>1839.558782</timestamp>
			</report>
			<report>
				<misses>5116001</misses>
				<total>6</total>
				<timestamp>1839.918612</timestamp>
			</report>
			<report>
				<misses>5117001</misses>
				<total>6</total>
				<timestamp>1840.278109</timestamp>
			</report>
			<report>
				<misses>5118001</misses>
				<total>6</total>
				<timestamp>1840.637717</timestamp>
			</report>
			<report>
				<misses>5119001</misses>
				<total>6</total>
				<timestamp>1840.997432</timestamp>
			</report>
			<report>
				<misses>5120001</misses>
				<total>6</total>
				<timestamp>1841.357049</timestamp>
			</report>
			<report>
				<misses>5121001</misses>
				<total>6</total>
				<timestamp>1841.716623</timestamp>
			</report>
			<report>
				<misses>5122001</misses>
				<total>6</total>
				<timestamp>1842.076322</timestamp>
			</report>
			<report>
				<misses>5123001</misses>
				<total>6</total>
				<timestamp>1842.435950</timestamp>
			</report>
			<report>
				<misses>5124001</misses>
				<total>6</total>
				<timestamp>1842.795552</timestamp>
			</report>
			<report>
				<misses>5125001</misses>
				<total>6</total>
				<timestamp>1843.155193</timestamp>
			</report>
			<report>
				<misses>5126001</misses>
				<total>6</total>
				<timestamp>1843.514890</timestamp>
			</report>
			<report>
				<misses>5127001</misses>
				<total>6</total>
				<timestamp>1843.874494</timestamp>
			</report>
			<report>
				<misses>5128001</misses>
				<total>6</total>
				<timestamp>1844.234118</timestamp>
			</report>
			<report>
				<misses>5129001</misses>
				<total>6</total>
				<timestamp>1844.593780</timestamp>
			</report>
			<report>
				<misses>5130001</misses>
				<total>6</total>
				<timestamp>1844.953431</timestamp>
			</report>
			<report>
				<misses>5131001</misses>
				<total>6</total>
				<timestamp>1845.313014</timestamp>
			</report>
			<report>
				<misses>5132001</misses>
				<total>6</total>
				<timestamp>1845.672671</timestamp>
			</report>
			<report>
				<misses>5133001</misses>
				<total>6</total>
				<timestamp>1846.032342</timestamp>
			</report>
			<report>
				<misses>5134001</misses>
				<total>6</total>
				<timestamp>1846.391968</timestamp>
			</report>
			<report>
				<misses>5135001</misses>
				<total>6</total>
				<timestamp>1846.751578</timestamp>
			</report>
			<report>
				<misses>5136001</misses>
				<total>6</total>
				<timestamp>1847.111296</timestamp>
			</report>
			<report>
				<misses>5137001</misses>
				<total>6</total>
				<timestamp>1847.470905</timestamp>
			</report>
			<report>
				<misses>5138001</misses>
				<total>6</total>
				<timestamp>1847.830500</timestamp>
			</report>
			<report>
				<misses>5139001</misses>
				<total>6</total>
				<timestamp>1848.190175</timestamp>
			</report>
			<report>
				<misses>5140001</misses>
				<total>6</total>
				<timestamp>1848.549770</timestamp>
			</report>
			<report>
				<misses>5141001</misses>
				<total>6</total>
				<timestamp>1848.909432</timestamp>
			</report>
			<report>
				<misses>5142001</misses>
				<total>6</total>
				<timestamp>1849.269083</timestamp>
			</report>
			<report>
				<misses>5143001</misses>
				<total>6</total>
				<timestamp>1849.628741</timestamp>
			</report>
			<report>
				<misses>5144001</misses>
				<total>6</total>
				<timestamp>1849.988373</timestamp>
			</report>
			<report>
				<misses>5145001</misses>
				<total>6</total>
				<timestamp>1850.348048</timestamp>
			</report>
			<report>
				<misses>5146001</misses>
				<total>6</total>
				<timestamp>1850.707682</timestamp>
			</report>
			<report>
				<misses>5147001</misses>
				<total>6</total>
				<timestamp>1851.067315</timestamp>
			</report>
			<report>
				<misses>5148001</misses>
				<total>6</total>
				<timestamp>1851.426926</timestamp>
			</report>
			<report>
				<misses>5149001</misses>
				<total>6</total>
				<timestamp>1851.786529</timestamp>
			</report>
			<report>
				<misses>5150001</misses>
				<total>6</total>
				<timestamp>1852.146308</timestamp>
			</report>
			<report>
				<misses>5151001</misses>
				<total>6</total>
				<timestamp>1852.505829</timestamp>
			</report>
			<report>
				<misses>5152001</misses>
				<total>6</total>
				<timestamp>1852.865535</timestamp>
			</report>
			<report>
				<misses>5153001</misses>
				<total>6</total>
				<timestamp>1853.225111</timestamp>
			</report>
			<report>
				<misses>5154001</misses>
				<total>6</total>
				<timestamp>1853.584736</timestamp>
			</report>
			<report>
				<misses>5155001</misses>
				<total>6</total>
				<timestamp>1853.944421</timestamp>
			</report>
			<report>
				<misses>5156001</misses>
				<total>6</total>
				<timestamp>1854.304046</timestamp>
			</report>
			<report>
				<misses>5157001</misses>
				<total>6</total>
				<timestamp>1854.663769</timestamp>
			</report>
			<report>
				<misses>5158001</misses>
				<total>6</total>
				<timestamp>1855.023349</timestamp>
			</report>
			<report>
				<misses>5159001</misses>
				<total>6</total>
				<timestamp>1855.383031</timestamp>
			</report>
			<report>
				<misses>5160001</misses>
				<total>6</total>
				<timestamp>1855.742580</timestamp>
			</report>
			<report>
				<misses>5161001</misses>
				<total>6</total>
				<timestamp>1856.102255</timestamp>
			</report>
			<report>
				<misses>5162001</misses>
				<total>6</total>
				<timestamp>1856.461884</timestamp>
			</report>
			<report>
				<misses>5163001</misses>
				<total>6</total>
				<timestamp>1856.821565</timestamp>
			</report>
			<report>
				<misses>5164001</misses>
				<total>6</total>
				<timestamp>1857.181145</timestamp>
			</report>
			<report>
				<misses>5165001</misses>
				<total>6</total>
				<timestamp>1857.540834</timestamp>
			</report>
			<report>
				<misses>5166001</misses>
				<total>6</total>
				<timestamp>1857.900473</timestamp>
			</report>
			<report>
				<misses>5167001</misses>
				<total>6</total>
				<timestamp>1858.260055</timestamp>
			</report>
			<report>
				<misses>5168001</misses>
				<total>6</total>
				<timestamp>1858.619715</timestamp>
			</report>
			<report>
				<misses>5169001</misses>
				<total>6</total>
				<timestamp>1858.979435</timestamp>
			</report>
			<report>
				<misses>5170001</misses>
				<total>6</total>
				<timestamp>1859.339063</timestamp>
			</report>
			<report>
				<misses>5171001</misses>
				<total>6</total>
				<timestamp>1859.698656</timestamp>
			</report>
			<report>
				<misses>5172001</misses>
				<total>6</total>
				<timestamp>1860.058352</timestamp>
			</report>
			<report>
				<misses>5173001</misses>
				<total>6</total>
				<timestamp>1860.417920</timestamp>
			</report>
			<report>
				<misses>5174001</misses>
				<total>6</total>
				<timestamp>1860.777570</timestamp>
			</report>
			<report>
				<misses>5175001</misses>
				<total>6</total>
				<timestamp>1861.137227</timestamp>
			</report>
			<report>
				<misses>5176001</misses>
				<total>6</total>
				<timestamp>1861.496808</timestamp>
			</report>
			<report>
				<misses>5177001</misses>
				<total>6</total>
				<timestamp>1861.856453</timestamp>
			</report>
			<report>
				<misses>5178001</misses>
				<total>6</total>
				<timestamp>1862.216100</timestamp>
			</report>
			<report>
				<misses>5179001</misses>
				<total>6</total>
				<timestamp>1862.575754</timestamp>
			</report>
			<report>
				<misses>5180001</misses>
				<total>6</total>
				<timestamp>1862.935444</timestamp>
			</report>
			<report>
				<misses>5181001</misses>
				<total>6</total>
				<timestamp>1863.295125</timestamp>
			</report>
			<report>
				<misses>5182001</misses>
				<total>6</total>
				<timestamp>1863.654712</timestamp>
			</report>
			<report>
				<misses>5183001</misses>
				<total>6</total>
				<timestamp>1864.014361</timestamp>
			</report>
			<report>
				<misses>5184001</misses>
				<total>6</total>
				<timestamp>1864.373977</timestamp>
			</report>
			<report>
				<misses>5185001</misses>
				<total>6</total>
				<timestamp>1864.733621</timestamp>
			</report>
			<report>
				<misses>5186001</misses>
				<total>6</total>
				<timestamp>1865.093263</timestamp>
			</report>
			<report>
				<misses>5187001</misses>
				<total>6</total>
				<timestamp>1865.452882</timestamp>
			</report>
			<report>
				<misses>5188001</misses>
				<total>6</total>
				<timestamp>1865.812484</timestamp>
			</report>
			<report>
				<misses>5189001</misses>
				<total>6</total>
				<timestamp>1866.172240</timestamp>
			</report>
			<report>
				<misses>5190001</misses>
				<total>6</total>
				<timestamp>1866.531815</timestamp>
			</report>
			<report>
				<misses>5191001</misses>
				<total>6</total>
				<timestamp>1866.891428</timestamp>
			</report>
			<report>
				<misses>5192001</misses>
				<total>6</total>
				<timestamp>1867.251147</timestamp>
			</report>
			<report>
				<misses>5193001</misses>
				<total>6</total>
				<timestamp>1867.610859</timestamp>
			</report>
			<report>
				<misses>5194001</misses>
				<total>6</total>
				<timestamp>1867.970365</timestamp>
			</report>
			<report>
				<misses>5195001</misses>
				<total>6</total>
				<timestamp>1868.330010</timestamp>
			</report>
			<report>
				<misses>5196001</misses>
				<total>6</total>
				<timestamp>1868.689680</timestamp>
			</report>
			<report>
				<misses>5197001</misses>
				<total>6</total>
				<timestamp>1869.049287</timestamp>
			</report>
			<report>
				<misses>5198001</misses>
				<total>6</total>
				<timestamp>1869.408897</timestamp>
			</report>
			<report>
				<misses>5199001</misses>
				<total>6</total>
				<timestamp>1869.768541</timestamp>
			</report>
			<report>
				<misses>5200001</misses>
				<total>6</total>
				<timestamp>1870.128244</timestamp>
			</report>
			<report>
				<misses>5201001</misses>
				<total>6</total>
				<timestamp>1870.487930</timestamp>
			</report>
			<report>
				<misses>5202001</misses>
				<total>6</total>
				<timestamp>1870.847461</timestamp>
			</report>
			<report>
				<misses>5203001</misses>
				<total>6</total>
				<timestamp>1871.207109</timestamp>
			</report>
			<report>
				<misses>5204001</misses>
				<total>6</total>
				<timestamp>1871.566759</timestamp>
			</report>
			<report>
				<misses>5205001</misses>
				<total>6</total>
				<timestamp>1871.926422</timestamp>
			</report>
			<report>
				<misses>5206001</misses>
				<total>6</total>
				<timestamp>1872.286052</timestamp>
			</report>
			<report>
				<misses>5207001</misses>
				<total>6</total>
				<timestamp>1872.645666</timestamp>
			</report>
			<report>
				<misses>5208001</misses>
				<total>6</total>
				<timestamp>1873.005297</timestamp>
			</report>
			<report>
				<misses>5209001</misses>
				<total>6</total>
				<timestamp>1873.364940</timestamp>
			</report>
			<report>
				<misses>5210001</misses>
				<total>6</total>
				<timestamp>1873.724629</timestamp>
			</report>
			<report>
				<misses>5211001</misses>
				<total>6</total>
				<timestamp>1874.084235</timestamp>
			</report>
			<report>
				<misses>5212001</misses>
				<total>6</total>
				<timestamp>1874.443882</timestamp>
			</report>
			<report>
				<misses>5213001</misses>
				<total>6</total>
				<timestamp>1874.803504</timestamp>
			</report>
			<report>
				<misses>5214001</misses>
				<total>6</total>
				<timestamp>1875.163183</timestamp>
			</report>
			<report>
				<misses>5215001</misses>
				<total>6</total>
				<timestamp>1875.522783</timestamp>
			</report>
			<report>
				<misses>5216001</misses>
				<total>6</total>
				<timestamp>1875.882453</timestamp>
			</report>
			<report>
				<misses>5217001</misses>
				<total>6</total>
				<timestamp>1876.242103</timestamp>
			</report>
			<report>
				<misses>5218001</misses>
				<total>6</total>
				<timestamp>1876.601734</timestamp>
			</report>
			<report>
				<misses>5219001</misses>
				<total>6</total>
				<timestamp>1876.961342</timestamp>
			</report>
			<report>
				<misses>5220001</misses>
				<total>6</total>
				<timestamp>1877.321071</timestamp>
			</report>
			<report>
				<misses>5221001</misses>
				<total>6</total>
				<timestamp>1877.680625</timestamp>
			</report>
			<report>
				<misses>5222001</misses>
				<total>6</total>
				<timestamp>1878.040278</timestamp>
			</report>
			<report>
				<misses>5223001</misses>
				<total>6</total>
				<timestamp>1878.399913</timestamp>
			</report>
			<report>
				<misses>5224001</misses>
				<total>6</total>
				<timestamp>1878.759566</timestamp>
			</report>
			<report>
				<misses>5225001</misses>
				<total>6</total>
				<timestamp>1879.119199</timestamp>
			</report>
			<report>
				<misses>5226001</misses>
				<total>6</total>
				<timestamp>1879.478824</timestamp>
			</report>
			<report>
				<misses>5227001</misses>
				<total>6</total>
				<timestamp>1879.838482</timestamp>
			</report>
			<report>
				<misses>5228001</misses>
				<total>6</total>
				<timestamp>1880.198143</timestamp>
			</report>
			<report>
				<misses>5229001</misses>
				<total>6</total>
				<timestamp>1880.557764</timestamp>
			</report>
			<report>
				<misses>5230001</misses>
				<total>6</total>
				<timestamp>1880.917429</timestamp>
			</report>
			<report>
				<misses>5231001</misses>
				<total>6</total>
				<timestamp>1881.277064</timestamp>
			</report>
			<report>
				<misses>5232001</misses>
				<total>6</total>
				<timestamp>1881.636713</timestamp>
			</report>
			<report>
				<misses>5233001</misses>
				<total>6</total>
				<timestamp>1881.996292</timestamp>
			</report>
			<report>
				<misses>5234001</misses>
				<total>6</total>
				<timestamp>1882.355954</timestamp>
			</report>
			<report>
				<misses>5235001</misses>
				<total>6</total>
				<timestamp>1882.715576</timestamp>
			</report>
			<report>
				<misses>5236001</misses>
				<total>6</total>
				<timestamp>1883.075249</timestamp>
			</report>
			<report>
				<misses>5237001</misses>
				<total>6</total>
				<timestamp>1883.434860</timestamp>
			</report>
			<report>
				<misses>5238001</misses>
				<total>6</total>
				<timestamp>1883.794493</timestamp>
			</report>
			<report>
				<misses>5239001</misses>
				<total>6</total>
				<timestamp>1884.154181</timestamp>
			</report>
			<report>
				<misses>5240001</misses>
				<total>6</total>
				<timestamp>1884.513816</timestamp>
			</report>
			<report>
				<misses>5241001</misses>
				<total>6</total>
				<timestamp>1884.873460</timestamp>
			</report>
			<report>
				<misses>5242001</misses>
				<total>6</total>
				<timestamp>1885.233079</timestamp>
			</report>
			<report>
				<misses>5243001</misses>
				<total>6</total>
				<timestamp>1885.592747</timestamp>
			</report>
			<report>
				<misses>5244001</misses>
				<total>6</total>
				<timestamp>1885.952337</timestamp>
			</report>
			<report>
				<misses>5245001</misses>
				<total>6</total>
				<timestamp>1886.312060</timestamp>
			</report>
			<report>
				<misses>5246001</misses>
				<total>6</total>
				<timestamp>1886.671676</timestamp>
			</report>
			<report>
				<misses>5247001</misses>
				<total>6</total>
				<timestamp>1887.031251</timestamp>
			</report>
			<report>
				<misses>5248001</misses>
				<total>6</total>
				<timestamp>1887.390990</timestamp>
			</report>
			<report>
				<misses>5249001</misses>
				<total>6</total>
				<timestamp>1887.750601</timestamp>
			</report>
			<report>
				<misses>5250001</misses>
				<total>6</total>
				<timestamp>1888.110317</timestamp>
			</report>
			<report>
				<misses>5251001</misses>
				<total>6</total>
				<timestamp>1888.469819</timestamp>
			</report>
			<report>
				<misses>5252001</misses>
				<total>6</total>
				<timestamp>1888.829451</timestamp>
			</report>
			<report>
				<misses>5253001</misses>
				<total>6</total>
				<timestamp>1889.189159</timestamp>
			</report>
			<report>
				<misses>5254001</misses>
				<total>6</total>
				<timestamp>1889.548764</timestamp>
			</report>
			<report>
				<misses>5255001</misses>
				<total>6</total>
				<timestamp>1889.908393</timestamp>
			</report>
			<report>
				<misses>5256001</misses>
				<total>6</total>
				<timestamp>1890.268054</timestamp>
			</report>
			<report>
				<misses>5257001</misses>
				<total>6</total>
				<timestamp>1890.627744</timestamp>
			</report>
			<report>
				<misses>5258001</misses>
				<total>6</total>
				<timestamp>1890.987394</timestamp>
			</report>
			<report>
				<misses>5259001</misses>
				<total>6</total>
				<timestamp>1891.346973</timestamp>
			</report>
			<report>
				<misses>5260001</misses>
				<total>6</total>
				<timestamp>1891.706568</timestamp>
			</report>
			<report>
				<misses>5261001</misses>
				<total>6</total>
				<timestamp>1892.066293</timestamp>
			</report>
			<report>
				<misses>5262001</misses>
				<total>6</total>
				<timestamp>1892.425843</timestamp>
			</report>
			<report>
				<misses>5263001</misses>
				<total>6</total>
				<timestamp>1892.785493</timestamp>
			</report>
			<report>
				<misses>5264001</misses>
				<total>6</total>
				<timestamp>1893.145147</timestamp>
			</report>
			<report>
				<misses>5265001</misses>
				<total>6</total>
				<timestamp>1893.504802</timestamp>
			</report>
			<report>
				<misses>5266001</misses>
				<total>6</total>
				<timestamp>1893.864479</timestamp>
			</report>
			<report>
				<misses>5267001</misses>
				<total>6</total>
				<timestamp>1894.224129</timestamp>
			</report>
			<report>
				<misses>5268001</misses>
				<total>6</total>
				<timestamp>1894.583730</timestamp>
			</report>
			<report>
				<misses>5269001</misses>
				<total>6</total>
				<timestamp>1894.943333</timestamp>
			</report>
			<report>
				<misses>5270001</misses>
				<total>6</total>
				<timestamp>1895.303042</timestamp>
			</report>
			<report>
				<misses>5271001</misses>
				<total>6</total>
				<timestamp>1895.662617</timestamp>
			</report>
			<report>
				<misses>5272001</misses>
				<total>6</total>
				<timestamp>1896.022243</timestamp>
			</report>
			<report>
				<misses>5273001</misses>
				<total>6</total>
				<timestamp>1896.382034</timestamp>
			</report>
			<report>
				<misses>5274001</misses>
				<total>6</total>
				<timestamp>1896.741574</timestamp>
			</report>
			<report>
				<misses>5275001</misses>
				<total>6</total>
				<timestamp>1897.101207</timestamp>
			</report>
			<report>
				<misses>5276001</misses>
				<total>6</total>
				<timestamp>1897.460925</timestamp>
			</report>
			<report>
				<misses>5277001</misses>
				<total>6</total>
				<timestamp>1897.820443</timestamp>
			</report>
			<report>
				<misses>5278001</misses>
				<total>6</total>
				<timestamp>1898.180145</timestamp>
			</report>
			<report>
				<misses>5279001</misses>
				<total>6</total>
				<timestamp>1898.539763</timestamp>
			</report>
			<report>
				<misses>5280001</misses>
				<total>6</total>
				<timestamp>1898.899426</timestamp>
			</report>
			<report>
				<misses>5281001</misses>
				<total>6</total>
				<timestamp>1899.259024</timestamp>
			</report>
			<report>
				<misses>5282001</misses>
				<total>6</total>
				<timestamp>1899.618679</timestamp>
			</report>
			<report>
				<misses>5283001</misses>
				<total>6</total>
				<timestamp>1899.978340</timestamp>
			</report>
			<report>
				<misses>5284001</misses>
				<total>6</total>
				<timestamp>1900.337964</timestamp>
			</report>
			<report>
				<misses>5285001</misses>
				<total>6</total>
				<timestamp>1900.697599</timestamp>
			</report>
			<report>
				<misses>5286001</misses>
				<total>6</total>
				<timestamp>1901.057251</timestamp>
			</report>
			<report>
				<misses>5287001</misses>
				<total>6</total>
				<timestamp>1901.416950</timestamp>
			</report>
			<report>
				<misses>5288001</misses>
				<total>6</total>
				<timestamp>1901.776514</timestamp>
			</report>
			<report>
				<misses>5289001</misses>
				<total>6</total>
				<timestamp>1902.136164</timestamp>
			</report>
			<report>
				<misses>5290001</misses>
				<total>6</total>
				<timestamp>1902.495887</timestamp>
			</report>
			<report>
				<misses>5291001</misses>
				<total>6</total>
				<timestamp>1902.855463</timestamp>
			</report>
			<report>
				<misses>5292001</misses>
				<total>6</total>
				<timestamp>1903.215075</timestamp>
			</report>
			<report>
				<misses>5293001</misses>
				<total>6</total>
				<timestamp>1903.574753</timestamp>
			</report>
			<report>
				<misses>5294001</misses>
				<total>6</total>
				<timestamp>1903.934341</timestamp>
			</report>
			<report>
				<misses>5295001</misses>
				<total>6</total>
				<timestamp>1904.294040</timestamp>
			</report>
			<report>
				<misses>5296001</misses>
				<total>6</total>
				<timestamp>1904.653632</timestamp>
			</report>
			<report>
				<misses>5297001</misses>
				<total>6</total>
				<timestamp>1905.013271</timestamp>
			</report>
			<report>
				<misses>5298001</misses>
				<total>6</total>
				<timestamp>1905.372914</timestamp>
			</report>
			<report>
				<misses>5299001</misses>
				<total>6</total>
				<timestamp>1905.732591</timestamp>
			</report>
			<report>
				<misses>5300001</misses>
				<total>6</total>
				<timestamp>1906.092181</timestamp>
			</report>
			<report>
				<misses>5301001</misses>
				<total>6</total>
				<timestamp>1906.451829</timestamp>
			</report>
			<report>
				<misses>5302001</misses>
				<total>6</total>
				<timestamp>1906.811459</timestamp>
			</report>
			<report>
				<misses>5303001</misses>
				<total>6</total>
				<timestamp>1907.171097</timestamp>
			</report>
			<report>
				<misses>5304001</misses>
				<total>6</total>
				<timestamp>1907.530753</timestamp>
			</report>
			<report>
				<misses>5305001</misses>
				<total>6</total>
				<timestamp>1907.890423</timestamp>
			</report>
			<report>
				<misses>5306001</misses>
				<total>6</total>
				<timestamp>1908.250048</timestamp>
			</report>
			<report>
				<misses>5307001</misses>
				<total>6</total>
				<timestamp>1908.609701</timestamp>
			</report>
			<report>
				<misses>5308001</misses>
				<total>6</total>
				<timestamp>1908.969297</timestamp>
			</report>
			<report>
				<misses>5309001</misses>
				<total>6</total>
				<timestamp>1909.329029</timestamp>
			</report>
			<report>
				<misses>5310001</misses>
				<total>6</total>
				<timestamp>1909.688618</timestamp>
			</report>
			<report>
				<misses>5311001</misses>
				<total>6</total>
				<timestamp>1910.048250</timestamp>
			</report>
			<report>
				<misses>5312001</misses>
				<total>6</total>
				<timestamp>1910.407872</timestamp>
			</report>
			<report>
				<misses>5313001</misses>
				<total>6</total>
				<timestamp>1910.767532</timestamp>
			</report>
			<report>
				<misses>5314001</misses>
				<total>6</total>
				<timestamp>1911.127141</timestamp>
			</report>
			<report>
				<misses>5315001</misses>
				<total>6</total>
				<timestamp>1911.486813</timestamp>
			</report>
			<report>
				<misses>5316001</misses>
				<total>6</total>
				<timestamp>1911.846417</timestamp>
			</report>
			<report>
				<misses>5317001</misses>
				<total>6</total>
				<timestamp>1912.206076</timestamp>
			</report>
			<report>
				<misses>5318001</misses>
				<total>6</total>
				<timestamp>1912.565698</timestamp>
			</report>
			<report>
				<misses>5319001</misses>
				<total>6</total>
				<timestamp>1912.925334</timestamp>
			</report>
			<report>
				<misses>5320001</misses>
				<total>6</total>
				<timestamp>1913.285003</timestamp>
			</report>
			<report>
				<misses>5321001</misses>
				<total>6</total>
				<timestamp>1913.644638</timestamp>
			</report>
			<report>
				<misses>5322001</misses>
				<total>6</total>
				<timestamp>1914.004253</timestamp>
			</report>
			<report>
				<misses>5323001</misses>
				<total>6</total>
				<timestamp>1914.363923</timestamp>
			</report>
			<report>
				<misses>5324001</misses>
				<total>6</total>
				<timestamp>1914.723600</timestamp>
			</report>
			<report>
				<misses>5325001</misses>
				<total>6</total>
				<timestamp>1915.083231</timestamp>
			</report>
			<report>
				<misses>5326001</misses>
				<total>6</total>
				<timestamp>1915.442878</timestamp>
			</report>
			<report>
				<misses>5327001</misses>
				<total>6</total>
				<timestamp>1915.802523</timestamp>
			</report>
			<report>
				<misses>5328001</misses>
				<total>6</total>
				<timestamp>1916.162115</timestamp>
			</report>
			<report>
				<misses>5329001</misses>
				<total>6</total>
				<timestamp>1916.521724</timestamp>
			</report>
			<report>
				<misses>5330001</misses>
				<total>6</total>
				<timestamp>1916.881370</timestamp>
			</report>
			<report>
				<misses>5331001</misses>
				<total>6</total>
				<timestamp>1917.241070</timestamp>
			</report>
			<report>
				<misses>5332001</misses>
				<total>6</total>
				<timestamp>1917.600674</timestamp>
			</report>
			<report>
				<misses>5333001</misses>
				<total>6</total>
				<timestamp>1917.960341</timestamp>
			</report>
			<report>
				<misses>5334001</misses>
				<total>6</total>
				<timestamp>1918.319952</timestamp>
			</report>
			<report>
				<misses>5335001</misses>
				<total>6</total>
				<timestamp>1918.679604</timestamp>
			</report>
			<report>
				<misses>5336001</misses>
				<total>6</total>
				<timestamp>1919.039290</timestamp>
			</report>
			<report>
				<misses>5337001</misses>
				<total>6</total>
				<timestamp>1919.398894</timestamp>
			</report>
			<report>
				<misses>5338001</misses>
				<total>6</total>
				<timestamp>1919.758528</timestamp>
			</report>
			<report>
				<misses>5339001</misses>
				<total>6</total>
				<timestamp>1920.118205</timestamp>
			</report>
			<report>
				<misses>5340001</misses>
				<total>6</total>
				<timestamp>1920.477836</timestamp>
			</report>
			<report>
				<misses>5341001</misses>
				<total>6</total>
				<timestamp>1920.837440</timestamp>
			</report>
			<report>
				<misses>5342001</misses>
				<total>6</total>
				<timestamp>1921.197109</timestamp>
			</report>
			<report>
				<misses>5343001</misses>
				<total>6</total>
				<timestamp>1921.556821</timestamp>
			</report>
			<report>
				<misses>5344001</misses>
				<total>6</total>
				<timestamp>1921.916336</timestamp>
			</report>
			<report>
				<misses>5345001</misses>
				<total>6</total>
				<timestamp>1922.276096</timestamp>
			</report>
			<report>
				<misses>5346001</misses>
				<total>6</total>
				<timestamp>1922.635651</timestamp>
			</report>
			<report>
				<misses>5347001</misses>
				<total>6</total>
				<timestamp>1922.995263</timestamp>
			</report>
			<report>
				<misses>5348001</misses>
				<total>6</total>
				<timestamp>1923.354936</timestamp>
			</report>
			<report>
				<misses>5349001</misses>
				<total>6</total>
				<timestamp>1923.714580</timestamp>
			</report>
			<report>
				<misses>5350001</misses>
				<total>6</total>
				<timestamp>1924.074168</timestamp>
			</report>
			<report>
				<misses>5351001</misses>
				<total>6</total>
				<timestamp>1924.433853</timestamp>
			</report>
			<report>
				<misses>5352001</misses>
				<total>6</total>
				<timestamp>1924.793513</timestamp>
			</report>
			<report>
				<misses>5353001</misses>
				<total>6</total>
				<timestamp>1925.153110</timestamp>
			</report>
			<report>
				<misses>5354001</misses>
				<total>6</total>
				<timestamp>1925.512779</timestamp>
			</report>
			<report>
				<misses>5355001</misses>
				<total>6</total>
				<timestamp>1925.872369</timestamp>
			</report>
			<report>
				<misses>5356001</misses>
				<total>6</total>
				<timestamp>1926.232041</timestamp>
			</report>
			<report>
				<misses>5357001</misses>
				<total>6</total>
				<timestamp>1926.591769</timestamp>
			</report>
			<report>
				<misses>5358001</misses>
				<total>6</total>
				<timestamp>1926.951299</timestamp>
			</report>
			<report>
				<misses>5359001</misses>
				<total>6</total>
				<timestamp>1927.311050</timestamp>
			</report>
			<report>
				<misses>5360001</misses>
				<total>6</total>
				<timestamp>1927.670655</timestamp>
			</report>
			<report>
				<misses>5361001</misses>
				<total>6</total>
				<timestamp>1928.030245</timestamp>
			</report>
			<report>
				<misses>5362001</misses>
				<total>6</total>
				<timestamp>1928.389885</timestamp>
			</report>
			<report>
				<misses>5363001</misses>
				<total>6</total>
				<timestamp>1928.749539</timestamp>
			</report>
			<report>
				<misses>5364001</misses>
				<total>6</total>
				<timestamp>1929.109176</timestamp>
			</report>
			<report>
				<misses>5365001</misses>
				<total>6</total>
				<timestamp>1929.468801</timestamp>
			</report>
			<report>
				<misses>5366001</misses>
				<total>6</total>
				<timestamp>1929.828430</timestamp>
			</report>
			<report>
				<misses>5367001</misses>
				<total>6</total>
				<timestamp>1930.188054</timestamp>
			</report>
			<report>
				<misses>5368001</misses>
				<total>6</total>
				<timestamp>1930.547765</timestamp>
			</report>
			<report>
				<misses>5369001</misses>
				<total>6</total>
				<timestamp>1930.907368</timestamp>
			</report>
			<report>
				<misses>5370001</misses>
				<total>6</total>
				<timestamp>1931.267003</timestamp>
			</report>
			<report>
				<misses>5371001</misses>
				<total>6</total>
				<timestamp>1931.626674</timestamp>
			</report>
			<report>
				<misses>5372001</misses>
				<total>6</total>
				<timestamp>1931.986260</timestamp>
			</report>
			<report>
				<misses>5373001</misses>
				<total>6</total>
				<timestamp>1932.345974</timestamp>
			</report>
			<report>
				<misses>5374001</misses>
				<total>6</total>
				<timestamp>1932.705595</timestamp>
			</report>
			<report>
				<misses>5375001</misses>
				<total>6</total>
				<timestamp>1933.065189</timestamp>
			</report>
			<report>
				<misses>5376001</misses>
				<total>6</total>
				<timestamp>1933.424895</timestamp>
			</report>
			<report>
				<misses>5377001</misses>
				<total>6</total>
				<timestamp>1933.784487</timestamp>
			</report>
			<report>
				<misses>5378001</misses>
				<total>6</total>
				<timestamp>1934.144105</timestamp>
			</report>
			<report>
				<misses>5379001</misses>
				<total>6</total>
				<timestamp>1934.503812</timestamp>
			</report>
			<report>
				<misses>5380001</misses>
				<total>6</total>
				<timestamp>1934.863390</timestamp>
			</report>
			<report>
				<misses>5381001</misses>
				<total>6</total>
				<timestamp>1935.223043</timestamp>
			</report>
			<report>
				<misses>5382001</misses>
				<total>6</total>
				<timestamp>1935.582671</timestamp>
			</report>
			<report>
				<misses>5383001</misses>
				<total>6</total>
				<timestamp>1935.942337</timestamp>
			</report>
			<report>
				<misses>5384001</misses>
				<total>6</total>
				<timestamp>1936.301932</timestamp>
			</report>
			<report>
				<misses>5385001</misses>
				<total>6</total>
				<timestamp>1936.661656</timestamp>
			</report>
			<report>
				<misses>5386001</misses>
				<total>6</total>
				<timestamp>1937.021233</timestamp>
			</report>
			<report>
				<misses>5387001</misses>
				<total>6</total>
				<timestamp>1937.380858</timestamp>
			</report>
			<report>
				<misses>5388001</misses>
				<total>6</total>
				<timestamp>1937.740538</timestamp>
			</report>
			<report>
				<misses>5389001</misses>
				<total>6</total>
				<timestamp>1938.100153</timestamp>
			</report>
			<report>
				<misses>5390001</misses>
				<total>6</total>
				<timestamp>1938.459793</timestamp>
			</report>
			<report>
				<misses>5391001</misses>
				<total>6</total>
				<timestamp>1938.819479</timestamp>
			</report>
			<report>
				<misses>5392001</misses>
				<total>6</total>
				<timestamp>1939.179059</timestamp>
			</report>
			<report>
				<misses>5393001</misses>
				<total>6</total>
				<timestamp>1939.538742</timestamp>
			</report>
			<report>
				<misses>5394001</misses>
				<total>6</total>
				<timestamp>1939.898349</timestamp>
			</report>
			<report>
				<misses>5395001</misses>
				<total>6</total>
				<timestamp>1940.258060</timestamp>
			</report>
			<report>
				<misses>5396001</misses>
				<total>6</total>
				<timestamp>1940.617730</timestamp>
			</report>
			<report>
				<misses>5397001</misses>
				<total>6</total>
				<timestamp>1940.977254</timestamp>
			</report>
			<report>
				<misses>5398001</misses>
				<total>6</total>
				<timestamp>1941.336939</timestamp>
			</report>
			<report>
				<misses>5399001</misses>
				<total>6</total>
				<timestamp>1941.696561</timestamp>
			</report>
			<report>
				<misses>5400001</misses>
				<total>6</total>
				<timestamp>1942.056173</timestamp>
			</report>
			<report>
				<misses>5401001</misses>
				<total>6</total>
				<timestamp>1942.415822</timestamp>
			</report>
			<report>
				<misses>5402001</misses>
				<total>6</total>
				<timestamp>1942.775457</timestamp>
			</report>
			<report>
				<misses>5403001</misses>
				<total>6</total>
				<timestamp>1943.135141</timestamp>
			</report>
			<report>
				<misses>5404001</misses>
				<total>6</total>
				<timestamp>1943.494796</timestamp>
			</report>
			<report>
				<misses>5405001</misses>
				<total>6</total>
				<timestamp>1943.854403</timestamp>
			</report>
			<report>
				<misses>5406001</misses>
				<total>6</total>
				<timestamp>1944.214031</timestamp>
			</report>
			<report>
				<misses>5407001</misses>
				<total>6</total>
				<timestamp>1944.573760</timestamp>
			</report>
			<report>
				<misses>5408001</misses>
				<total>6</total>
				<timestamp>1944.933302</timestamp>
			</report>
			<report>
				<misses>5409001</misses>
				<total>6</total>
				<timestamp>1945.292937</timestamp>
			</report>
			<report>
				<misses>5410001</misses>
				<total>6</total>
				<timestamp>1945.652621</timestamp>
			</report>
			<report>
				<misses>5411001</misses>
				<total>6</total>
				<timestamp>1946.012211</timestamp>
			</report>
			<report>
				<misses>5412001</misses>
				<total>6</total>
				<timestamp>1946.371951</timestamp>
			</report>
			<report>
				<misses>5413001</misses>
				<total>6</total>
				<timestamp>1946.731525</timestamp>
			</report>
			<report>
				<misses>5414001</misses>
				<total>6</total>
				<timestamp>1947.091138</timestamp>
			</report>
			<report>
				<misses>5415001</misses>
				<total>6</total>
				<timestamp>1947.450809</timestamp>
			</report>
			<report>
				<misses>5416001</misses>
				<total>6</total>
				<timestamp>1947.810467</timestamp>
			</report>
			<report>
				<misses>5417001</misses>
				<total>6</total>
				<timestamp>1948.170110</timestamp>
			</report>
			<report>
				<misses>5418001</misses>
				<total>6</total>
				<timestamp>1948.529709</timestamp>
			</report>
			<report>
				<misses>5419001</misses>
				<total>6</total>
				<timestamp>1948.889338</timestamp>
			</report>
			<report>
				<misses>5420001</misses>
				<total>6</total>
				<timestamp>1949.249023</timestamp>
			</report>
			<report>
				<misses>5421001</misses>
				<total>6</total>
				<timestamp>1949.608630</timestamp>
			</report>
			<report>
				<misses>5422001</misses>
				<total>6</total>
				<timestamp>1949.968269</timestamp>
			</report>
			<report>
				<misses>5423001</misses>
				<total>6</total>
				<timestamp>1950.327925</timestamp>
			</report>
			<report>
				<misses>5424001</misses>
				<total>6</total>
				<timestamp>1950.687553</timestamp>
			</report>
			<report>
				<misses>5425001</misses>
				<total>6</total>
				<timestamp>1951.047191</timestamp>
			</report>
			<report>
				<misses>5426001</misses>
				<total>6</total>
				<timestamp>1951.406820</timestamp>
			</report>
			<report>
				<misses>5427001</misses>
				<total>6</total>
				<timestamp>1951.766451</timestamp>
			</report>
			<report>
				<misses>5428001</misses>
				<total>6</total>
				<timestamp>1952.126122</timestamp>
			</report>
			<report>
				<misses>5429001</misses>
				<total>6</total>
				<timestamp>1952.485794</timestamp>
			</report>
			<report>
				<misses>5430001</misses>
				<total>6</total>
				<timestamp>1952.845427</timestamp>
			</report>
			<report>
				<misses>5431001</misses>
				<total>6</total>
				<timestamp>1953.205152</timestamp>
			</report>
			<report>
				<misses>5432001</misses>
				<total>6</total>
				<timestamp>1953.564755</timestamp>
			</report>
			<report>
				<misses>5433001</misses>
				<total>6</total>
				<timestamp>1953.924288</timestamp>
			</report>
			<report>
				<misses>5434001</misses>
				<total>6</total>
				<timestamp>1954.284011</timestamp>
			</report>
			<report>
				<misses>5435001</misses>
				<total>6</total>
				<timestamp>1954.643599</timestamp>
			</report>
			<report>
				<misses>5436001</misses>
				<total>6</total>
				<timestamp>1955.003339</timestamp>
			</report>
			<report>
				<misses>5437001</misses>
				<total>6</total>
				<timestamp>1955.362880</timestamp>
			</report>
			<report>
				<misses>5438001</misses>
				<total>6</total>
				<timestamp>1955.722555</timestamp>
			</report>
			<report>
				<misses>5439001</misses>
				<total>6</total>
				<timestamp>1956.082134</timestamp>
			</report>
			<report>
				<misses>5440001</misses>
				<total>6</total>
				<timestamp>1956.441816</timestamp>
			</report>
			<report>
				<misses>5441001</misses>
				<total>6</total>
				<timestamp>1956.801431</timestamp>
			</report>
			<report>
				<misses>5442001</misses>
				<total>6</total>
				<timestamp>1957.161072</timestamp>
			</report>
			<report>
				<misses>5443001</misses>
				<total>6</total>
				<timestamp>1957.520821</timestamp>
			</report>
			<report>
				<misses>5444001</misses>
				<total>6</total>
				<timestamp>1957.880336</timestamp>
			</report>
			<report>
				<misses>5445001</misses>
				<total>6</total>
				<timestamp>1958.239999</timestamp>
			</report>
			<report>
				<misses>5446001</misses>
				<total>6</total>
				<timestamp>1958.599630</timestamp>
			</report>
			<report>
				<misses>5447001</misses>
				<total>6</total>
				<timestamp>1958.959260</timestamp>
			</report>
			<report>
				<misses>5448001</misses>
				<total>6</total>
				<timestamp>1959.318919</timestamp>
			</report>
			<report>
				<misses>5449001</misses>
				<total>6</total>
				<timestamp>1959.678580</timestamp>
			</report>
			<report>
				<misses>5450001</misses>
				<total>6</total>
				<timestamp>1960.038206</timestamp>
			</report>
			<report>
				<misses>5451001</misses>
				<total>6</total>
				<timestamp>1960.397928</timestamp>
			</report>
			<report>
				<misses>5452001</misses>
				<total>6</total>
				<timestamp>1960.757544</timestamp>
			</report>
			<report>
				<misses>5453001</misses>
				<total>6</total>
				<timestamp>1961.117095</timestamp>
			</report>
			<report>
				<misses>5454001</misses>
				<total>6</total>
				<timestamp>1961.476732</timestamp>
			</report>
			<report>
				<misses>5455001</misses>
				<total>6</total>
				<timestamp>1961.836390</timestamp>
			</report>
			<report>
				<misses>5456001</misses>
				<total>6</total>
				<timestamp>1962.196033</timestamp>
			</report>
			<report>
				<misses>5457001</misses>
				<total>6</total>
				<timestamp>1962.555756</timestamp>
			</report>
			<report>
				<misses>5458001</misses>
				<total>6</total>
				<timestamp>1962.915301</timestamp>
			</report>
			<report>
				<misses>5459001</misses>
				<total>6</total>
				<timestamp>1963.274982</timestamp>
			</report>
			<report>
				<misses>5460001</misses>
				<total>6</total>
				<timestamp>1963.634579</timestamp>
			</report>
			<report>
				<misses>5461001</misses>
				<total>6</total>
				<timestamp>1963.994276</timestamp>
			</report>
			<report>
				<misses>5462001</misses>
				<total>6</total>
				<timestamp>1964.353854</timestamp>
			</report>
			<report>
				<misses>5463001</misses>
				<total>6</total>
				<timestamp>1964.713538</timestamp>
			</report>
			<report>
				<misses>5464001</misses>
				<total>6</total>
				<timestamp>1965.073179</timestamp>
			</report>
			<report>
				<misses>5465001</misses>
				<total>6</total>
				<timestamp>1965.432800</timestamp>
			</report>
			<report>
				<misses>5466001</misses>
				<total>6</total>
				<timestamp>1965.792439</timestamp>
			</report>
			<report>
				<misses>5467001</misses>
				<total>6</total>
				<timestamp>1966.152069</timestamp>
			</report>
			<report>
				<misses>5468001</misses>
				<total>6</total>
				<timestamp>1966.511768</timestamp>
			</report>
			<report>
				<misses>5469001</misses>
				<total>6</total>
				<timestamp>1966.871349</timestamp>
			</report>
			<report>
				<misses>5470001</misses>
				<total>6</total>
				<timestamp>1967.231057</timestamp>
			</report>
			<report>
				<misses>5471001</misses>
				<total>6</total>
				<timestamp>1967.590619</timestamp>
			</report>
			<report>
				<misses>5472001</misses>
				<total>6</total>
				<timestamp>1967.950239</timestamp>
			</report>
			<report>
				<misses>5473001</misses>
				<total>6</total>
				<timestamp>1968.309909</timestamp>
			</report>
			<report>
				<misses>5474001</misses>
				<total>6</total>
				<timestamp>1968.669542</timestamp>
			</report>
			<report>
				<misses>5475001</misses>
				<total>6</total>
				<timestamp>1969.029203</timestamp>
			</report>
			<report>
				<misses>5476001</misses>
				<total>6</total>
				<timestamp>1969.388830</timestamp>
			</report>
			<report>
				<misses>5477001</misses>
				<total>6</total>
				<timestamp>1969.748493</timestamp>
			</report>
			<report>
				<misses>5478001</misses>
				<total>6</total>
				<timestamp>1970.108168</timestamp>
			</report>
			<report>
				<misses>5479001</misses>
				<total>6</total>
				<timestamp>1970.467726</timestamp>
			</report>
			<report>
				<misses>5480001</misses>
				<total>6</total>
				<timestamp>1970.827405</timestamp>
			</report>
			<report>
				<misses>5481001</misses>
				<total>6</total>
				<timestamp>1971.187028</timestamp>
			</report>
			<report>
				<misses>5482001</misses>
				<total>6</total>
				<timestamp>1971.546643</timestamp>
			</report>
			<report>
				<misses>5483001</misses>
				<total>6</total>
				<timestamp>1971.906300</timestamp>
			</report>
			<report>
				<misses>5484001</misses>
				<total>6</total>
				<timestamp>1972.266082</timestamp>
			</report>
			<report>
				<misses>5485001</misses>
				<total>6</total>
				<timestamp>1972.625592</timestamp>
			</report>
			<report>
				<misses>5486001</misses>
				<total>6</total>
				<timestamp>1972.985233</timestamp>
			</report>
			<report>
				<misses>5487001</misses>
				<total>6</total>
				<timestamp>1973.344870</timestamp>
			</report>
			<report>
				<misses>5488001</misses>
				<total>6</total>
				<timestamp>1973.704585</timestamp>
			</report>
			<report>
				<misses>5489001</misses>
				<total>6</total>
				<timestamp>1974.064183</timestamp>
			</report>
			<report>
				<misses>5490001</misses>
				<total>6</total>
				<timestamp>1974.423865</timestamp>
			</report>
			<report>
				<misses>5491001</misses>
				<total>6</total>
				<timestamp>1974.783476</timestamp>
			</report>
			<report>
				<misses>5492001</misses>
				<total>6</total>
				<timestamp>1975.143062</timestamp>
			</report>
			<report>
				<misses>5493001</misses>
				<total>6</total>
				<timestamp>1975.502723</timestamp>
			</report>
			<report>
				<misses>5494001</misses>
				<total>6</total>
				<timestamp>1975.862373</timestamp>
			</report>
			<report>
				<misses>5495001</misses>
				<total>6</total>
				<timestamp>1976.222048</timestamp>
			</report>
			<report>
				<misses>5496001</misses>
				<total>6</total>
				<timestamp>1976.581701</timestamp>
			</report>
			<report>
				<misses>5497001</misses>
				<total>6</total>
				<timestamp>1976.941264</timestamp>
			</report>
			<report>
				<misses>5498001</misses>
				<total>6</total>
				<timestamp>1977.300906</timestamp>
			</report>
			<report>
				<misses>5499001</misses>
				<total>6</total>
				<timestamp>1977.660575</timestamp>
			</report>
			<report>
				<misses>5500001</misses>
				<total>6</total>
				<timestamp>1978.020309</timestamp>
			</report>
			<report>
				<misses>5501001</misses>
				<total>6</total>
				<timestamp>1978.379871</timestamp>
			</report>
			<report>
				<misses>5502001</misses>
				<total>6</total>
				<timestamp>1978.739485</timestamp>
			</report>
			<report>
				<misses>5503001</misses>
				<total>6</total>
				<timestamp>1979.099104</timestamp>
			</report>
			<report>
				<misses>5504001</misses>
				<total>6</total>
				<timestamp>1979.458750</timestamp>
			</report>
			<report>
				<misses>5505001</misses>
				<total>6</total>
				<timestamp>1979.818461</timestamp>
			</report>
			<report>
				<misses>5506001</misses>
				<total>6</total>
				<timestamp>1980.178014</timestamp>
			</report>
			<report>
				<misses>5507001</misses>
				<total>6</total>
				<timestamp>1980.537660</timestamp>
			</report>
			<report>
				<misses>5508001</misses>
				<total>6</total>
				<timestamp>1980.897317</timestamp>
			</report>
			<report>
				<misses>5509001</misses>
				<total>6</total>
				<timestamp>1981.256952</timestamp>
			</report>
			<report>
				<misses>5510001</misses>
				<total>6</total>
				<timestamp>1981.616593</timestamp>
			</report>
			<report>
				<misses>5511001</misses>
				<total>6</total>
				<timestamp>1981.976226</timestamp>
			</report>
			<report>
				<misses>5512001</misses>
				<total>6</total>
				<timestamp>1982.335864</timestamp>
			</report>
			<report>
				<misses>5513001</misses>
				<total>6</total>
				<timestamp>1982.695558</timestamp>
			</report>
			<report>
				<misses>5514001</misses>
				<total>6</total>
				<timestamp>1983.055269</timestamp>
			</report>
			<report>
				<misses>5515001</misses>
				<total>6</total>
				<timestamp>1983.414782</timestamp>
			</report>
			<report>
				<misses>5516001</misses>
				<total>6</total>
				<timestamp>1983.774467</timestamp>
			</report>
			<report>
				<misses>5517001</misses>
				<total>6</total>
				<timestamp>1984.134150</timestamp>
			</report>
			<report>
				<misses>5518001</misses>
				<total>6</total>
				<timestamp>1984.493755</timestamp>
			</report>
			<report>
				<misses>5519001</misses>
				<total>6</total>
				<timestamp>1984.853359</timestamp>
			</report>
			<report>
				<misses>5520001</misses>
				<total>6</total>
				<timestamp>1985.213053</timestamp>
			</report>
			<report>
				<misses>5521001</misses>
				<total>6</total>
				<timestamp>1985.572618</timestamp>
			</report>
			<report>
				<misses>5522001</misses>
				<total>6</total>
				<timestamp>1985.932343</timestamp>
			</report>
			<report>
				<misses>5523001</misses>
				<total>6</total>
				<timestamp>1986.291894</timestamp>
			</report>
			<report>
				<misses>5524001</misses>
				<total>6</total>
				<timestamp>1986.651546</timestamp>
			</report>
			<report>
				<misses>5525001</misses>
				<total>6</total>
				<timestamp>1987.011239</timestamp>
			</report>
			<report>
				<misses>5526001</misses>
				<total>6</total>
				<timestamp>1987.370846</timestamp>
			</report>
			<report>
				<misses>5527001</misses>
				<total>6</total>
				<timestamp>1987.730457</timestamp>
			</report>
			<report>
				<misses>5528001</misses>
				<total>6</total>
				<timestamp>1988.090133</timestamp>
			</report>
			<report>
				<misses>5529001</misses>
				<total>6</total>
				<timestamp>1988.449717</timestamp>
			</report>
			<report>
				<misses>5530001</misses>
				<total>6</total>
				<timestamp>1988.809395</timestamp>
			</report>
			<report>
				<misses>5531001</misses>
				<total>6</total>
				<timestamp>1989.169041</timestamp>
			</report>
			<report>
				<misses>5532001</misses>
				<total>6</total>
				<timestamp>1989.528660</timestamp>
			</report>
			<report>
				<misses>5533001</misses>
				<total>6</total>
				<timestamp>1989.888360</timestamp>
			</report>
			<report>
				<misses>5534001</misses>
				<total>6</total>
				<timestamp>1990.247930</timestamp>
			</report>
			<report>
				<misses>5535001</misses>
				<total>6</total>
				<timestamp>1990.607570</timestamp>
			</report>
			<report>
				<misses>5536001</misses>
				<total>6</total>
				<timestamp>1990.967263</timestamp>
			</report>
			<report>
				<misses>5537001</misses>
				<total>6</total>
				<timestamp>1991.326848</timestamp>
			</report>
			<report>
				<misses>5538001</misses>
				<total>6</total>
				<timestamp>1991.686496</timestamp>
			</report>
			<report>
				<misses>5539001</misses>
				<total>6</total>
				<timestamp>1992.046167</timestamp>
			</report>
			<report>
				<misses>5540001</misses>
				<total>6</total>
				<timestamp>1992.405776</timestamp>
			</report>
			<report>
				<misses>5541001</misses>
				<total>6</total>
				<timestamp>1992.765475</timestamp>
			</report>
			<report>
				<misses>5542001</misses>
				<total>6</total>
				<timestamp>1993.125083</timestamp>
			</report>
			<report>
				<misses>5543001</misses>
				<total>6</total>
				<timestamp>1993.484711</timestamp>
			</report>
			<report>
				<misses>5544001</misses>
				<total>6</total>
				<timestamp>1993.844436</timestamp>
			</report>
			<report>
				<misses>5545001</misses>
				<total>6</total>
				<timestamp>1994.204034</timestamp>
			</report>
			<report>
				<misses>5546001</misses>
				<total>6</total>
				<timestamp>1994.563629</timestamp>
			</report>
			<report>
				<misses>5547001</misses>
				<total>6</total>
				<timestamp>1994.923379</timestamp>
			</report>
			<report>
				<misses>5548001</misses>
				<total>6</total>
				<timestamp>1995.282909</timestamp>
			</report>
			<report>
				<misses>5549001</misses>
				<total>6</total>
				<timestamp>1995.642601</timestamp>
			</report>
			<report>
				<misses>5550001</misses>
				<total>6</total>
				<timestamp>1996.002195</timestamp>
			</report>
			<report>
				<misses>5551001</misses>
				<total>6</total>
				<timestamp>1996.361829</timestamp>
			</report>
			<report>
				<misses>5552001</misses>
				<total>6</total>
				<timestamp>1996.721496</timestamp>
			</report>
			<report>
				<misses>5553001</misses>
				<total>6</total>
				<timestamp>1997.081182</timestamp>
			</report>
			<report>
				<misses>5554001</misses>
				<total>6</total>
				<timestamp>1997.440772</timestamp>
			</report>
			<report>
				<misses>5555001</misses>
				<total>6</total>
				<timestamp>1997.800363</timestamp>
			</report>
			<report>
				<misses>5556001</misses>
				<total>6</total>
				<timestamp>1998.160010</timestamp>
			</report>
			<report>
				<misses>5557001</misses>
				<total>6</total>
				<timestamp>1998.519768</timestamp>
			</report>
			<report>
				<misses>5558001</misses>
				<total>6</total>
				<timestamp>1998.879354</timestamp>
			</report>
			<report>
				<misses>5559001</misses>
				<total>6</total>
				<timestamp>1999.238997</timestamp>
			</report>
			<report>
				<misses>5560001</misses>
				<total>7</total>
				<timestamp>1999.598643</timestamp>
			</report>
			<report>
				<misses>5561001</misses>
				<total>7</total>
				<timestamp>1999.958355</timestamp>
			</report>
			<report>
				<misses>5562001</misses>
				<total>7</total>
				<timestamp>2000.317848</timestamp>
			</report>
			<report>
				<misses>5563001</misses>
				<total>7</total>
				<timestamp>2000.677499</timestamp>
			</report>
			<report>
				<misses>5564001</misses>
				<total>7</total>
				<timestamp>2001.037174</timestamp>
			</report>
			<report>
				<misses>5565001</misses>
				<total>7</total>
				<timestamp>2001.396833</timestamp>
			</report>
			<report>
				<misses>5566001</misses>
				<total>7</total>
				<timestamp>2001.756475</timestamp>
			</report>
			<report>
				<misses>5567001</misses>
				<total>7</total>
				<timestamp>2002.116130</timestamp>
			</report>
			<report>
				<misses>5568001</misses>
				<total>7</total>
				<timestamp>2002.475718</timestamp>
			</report>
			<report>
				<misses>5569001</misses>
				<total>7</total>
				<timestamp>2002.835369</timestamp>
			</report>
			<report>
				<misses>5570001</misses>
				<total>7</total>
				<timestamp>2003.195003</timestamp>
			</report>
			<report>
				<misses>5571001</misses>
				<total>7</total>
				<timestamp>2003.554621</timestamp>
			</report>
			<report>
				<misses>5572001</misses>
				<total>7</total>
				<timestamp>2003.914283</timestamp>
			</report>
			<report>
				<misses>5573001</misses>
				<total>7</total>
				<timestamp>2004.273925</timestamp>
			</report>
			<report>
				<misses>5574001</misses>
				<total>7</total>
				<timestamp>2004.633577</timestamp>
			</report>
			<report>
				<misses>5575001</misses>
				<total>7</total>
				<timestamp>2004.993182</timestamp>
			</report>
			<report>
				<misses>5576001</misses>
				<total>7</total>
				<timestamp>2005.352837</timestamp>
			</report>
			<report>
				<misses>5577001</misses>
				<total>7</total>
				<timestamp>2005.712552</timestamp>
			</report>
			<report>
				<misses>5578001</misses>
				<total>7</total>
				<timestamp>2006.072123</timestamp>
			</report>
			<report>
				<misses>5579001</misses>
				<total>7</total>
				<timestamp>2006.431716</timestamp>
			</report>
			<report>
				<misses>5580001</misses>
				<total>7</total>
				<timestamp>2006.791382</timestamp>
			</report>
			<report>
				<misses>5581001</misses>
				<total>7</total>
				<timestamp>2007.151039</timestamp>
			</report>
			<report>
				<misses>5582001</misses>
				<total>7</total>
				<timestamp>2007.510666</timestamp>
			</report>
			<report>
				<misses>5583001</misses>
				<total>7</total>
				<timestamp>2007.870304</timestamp>
			</report>
			<report>
				<misses>5584001</misses>
				<total>7</total>
				<timestamp>2008.229942</timestamp>
			</report>
			<report>
				<misses>5585001</misses>
				<total>7</total>
				<timestamp>2008.589564</timestamp>
			</report>
			<report>
				<misses>5586001</misses>
				<total>7</total>
				<timestamp>2008.949285</timestamp>
			</report>
			<report>
				<misses>5587001</misses>
				<total>7</total>
				<timestamp>2009.308884</timestamp>
			</report>
			<report>
				<misses>5588001</misses>
				<total>7</total>
				<timestamp>2009.668551</timestamp>
			</report>
			<report>
				<misses>5589001</misses>
				<total>7</total>
				<timestamp>2010.028123</timestamp>
			</report>
			<report>
				<misses>5590001</misses>
				<total>7</total>
				<timestamp>2010.387769</timestamp>
			</report>
			<report>
				<misses>5591001</misses>
				<total>7</total>
				<timestamp>2010.747435</timestamp>
			</report>
			<report>
				<misses>5592001</misses>
				<total>7</total>
				<timestamp>2011.107056</timestamp>
			</report>
			<report>
				<misses>5593001</misses>
				<total>7</total>
				<timestamp>2011.466751</timestamp>
			</report>
			<report>
				<misses>5594001</misses>
				<total>7</total>
				<timestamp>2011.826365</timestamp>
			</report>
			<report>
				<misses>5595001</misses>
				<total>7</total>
				<timestamp>2012.186020</timestamp>
			</report>
			<report>
				<misses>5596001</misses>
				<total>7</total>
				<timestamp>2012.545657</timestamp>
			</report>
			<report>
				<misses>5597001</misses>
				<total>7</total>
				<timestamp>2012.905258</timestamp>
			</report>
			<report>
				<misses>5598001</misses>
				<total>7</total>
				<timestamp>2013.264889</timestamp>
			</report>
			<report>
				<misses>5599001</misses>
				<total>7</total>
				<timestamp>2013.624574</timestamp>
			</report>
			<report>
				<misses>5600001</misses>
				<total>7</total>
				<timestamp>2013.984233</timestamp>
			</report>
			<report>
				<misses>5601001</misses>
				<total>7</total>
				<timestamp>2014.343817</timestamp>
			</report>
			<report>
				<misses>5602001</misses>
				<total>7</total>
				<timestamp>2014.703528</timestamp>
			</report>
			<report>
				<misses>5603001</misses>
				<total>7</total>
				<timestamp>2015.063134</timestamp>
			</report>
			<report>
				<misses>5604001</misses>
				<total>7</total>
				<timestamp>2015.422732</timestamp>
			</report>
			<report>
				<misses>5605001</misses>
				<total>7</total>
				<timestamp>2015.782376</timestamp>
			</report>
			<report>
				<misses>5606001</misses>
				<total>6</total>
				<timestamp>2016.142111</timestamp>
			</report>
			<report>
				<misses>5607001</misses>
				<total>7</total>
				<timestamp>2016.501659</timestamp>
			</report>
			<report>
				<misses>5608001</misses>
				<total>7</total>
				<timestamp>2016.861319</timestamp>
			</report>
			<report>
				<misses>5609001</misses>
				<total>7</total>
				<timestamp>2017.220928</timestamp>
			</report>
			<report>
				<misses>5610001</misses>
				<total>7</total>
				<timestamp>2017.580615</timestamp>
			</report>
			<report>
				<misses>5611001</misses>
				<total>7</total>
				<timestamp>2017.940301</timestamp>
			</report>
			<report>
				<misses>5612001</misses>
				<total>7</total>
				<timestamp>2018.299864</timestamp>
			</report>
			<report>
				<misses>5613001</misses>
				<total>7</total>
				<timestamp>2018.659501</timestamp>
			</report>
			<report>
				<misses>5614001</misses>
				<total>7</total>
				<timestamp>2019.019197</timestamp>
			</report>
			<report>
				<misses>5615001</misses>
				<total>7</total>
				<timestamp>2019.378811</timestamp>
			</report>
			<report>
				<misses>5616001</misses>
				<total>7</total>
				<timestamp>2019.738417</timestamp>
			</report>
			<report>
				<misses>5617001</misses>
				<total>7</total>
				<timestamp>2020.098058</timestamp>
			</report>
			<report>
				<misses>5618001</misses>
				<total>7</total>
				<timestamp>2020.457696</timestamp>
			</report>
			<report>
				<misses>5619001</misses>
				<total>7</total>
				<timestamp>2020.817341</timestamp>
			</report>
			<report>
				<misses>5620001</misses>
				<total>7</total>
				<timestamp>2021.177093</timestamp>
			</report>
			<report>
				<misses>5621001</misses>
				<total>7</total>
				<timestamp>2021.536619</timestamp>
			</report>
			<report>
				<misses>5622001</misses>
				<total>7</total>
				<timestamp>2021.896279</timestamp>
			</report>
			<report>
				<misses>5623001</misses>
				<total>7</total>
				<timestamp>2022.255950</timestamp>
			</report>
			<report>
				<misses>5624001</misses>
				<total>7</total>
				<timestamp>2022.615552</timestamp>
			</report>
			<report>
				<misses>5625001</misses>
				<total>7</total>
				<timestamp>2022.975214</timestamp>
			</report>
			<report>
				<misses>5626001</misses>
				<total>7</total>
				<timestamp>2023.334822</timestamp>
			</report>
			<report>
				<misses>5627001</misses>
				<total>7</total>
				<timestamp>2023.694481</timestamp>
			</report>
			<report>
				<misses>5628001</misses>
				<total>7</total>
				<timestamp>2024.054284</timestamp>
			</report>
			<report>
				<misses>5629001</misses>
				<total>7</total>
				<timestamp>2024.413762</timestamp>
			</report>
			<report>
				<misses>5630001</misses>
				<total>7</total>
				<timestamp>2024.773380</timestamp>
			</report>
			<report>
				<misses>5631001</misses>
				<total>7</total>
				<timestamp>2025.133091</timestamp>
			</report>
			<report>
				<misses>5632001</misses>
				<total>7</total>
				<timestamp>2025.492659</timestamp>
			</report>
			<report>
				<misses>5633001</misses>
				<total>7</total>
				<timestamp>2025.852309</timestamp>
			</report>
			<report>
				<misses>5634001</misses>
				<total>7</total>
				<timestamp>2026.211932</timestamp>
			</report>
			<report>
				<misses>5635001</misses>
				<total>7</total>
				<timestamp>2026.571646</timestamp>
			</report>
			<report>
				<misses>5636001</misses>
				<total>7</total>
				<timestamp>2026.931247</timestamp>
			</report>
			<report>
				<misses>5637001</misses>
				<total>7</total>
				<timestamp>2027.290898</timestamp>
			</report>
			<report>
				<misses>5638001</misses>
				<total>7</total>
				<timestamp>2027.650528</timestamp>
			</report>
			<report>
				<misses>5639001</misses>
				<total>7</total>
				<timestamp>2028.010159</timestamp>
			</report>
			<report>
				<misses>5640001</misses>
				<total>7</total>
				<timestamp>2028.369784</timestamp>
			</report>
			<report>
				<misses>5641001</misses>
				<total>7</total>
				<timestamp>2028.729467</timestamp>
			</report>
			<report>
				<misses>5642001</misses>
				<total>7</total>
				<timestamp>2029.089100</timestamp>
			</report>
			<report>
				<misses>5643001</misses>
				<total>7</total>
				<timestamp>2029.448715</timestamp>
			</report>
			<report>
				<misses>5644001</misses>
				<total>7</total>
				<timestamp>2029.808387</timestamp>
			</report>
			<report>
				<misses>5645001</misses>
				<total>7</total>
				<timestamp>2030.167995</timestamp>
			</report>
			<report>
				<misses>5646001</misses>
				<total>7</total>
				<timestamp>2030.527613</timestamp>
			</report>
			<report>
				<misses>5647001</misses>
				<total>7</total>
				<timestamp>2030.887260</timestamp>
			</report>
			<report>
				<misses>5648001</misses>
				<total>7</total>
				<timestamp>2031.246917</timestamp>
			</report>
			<report>
				<misses>5649001</misses>
				<total>7</total>
				<timestamp>2031.606632</timestamp>
			</report>
			<report>
				<misses>5650001</misses>
				<total>7</total>
				<timestamp>2031.966192</timestamp>
			</report>
			<report>
				<misses>5651001</misses>
				<total>7</total>
				<timestamp>2032.325856</timestamp>
			</report>
			<report>
				<misses>5652001</misses>
				<total>7</total>
				<timestamp>2032.685451</timestamp>
			</report>
			<report>
				<misses>5653001</misses>
				<total>7</total>
				<timestamp>2033.045135</timestamp>
			</report>
			<report>
				<misses>5654001</misses>
				<total>7</total>
				<timestamp>2033.404731</timestamp>
			</report>
			<report>
				<misses>5655001</misses>
				<total>7</total>
				<timestamp>2033.764391</timestamp>
			</report>
			<report>
				<misses>5656001</misses>
				<total>7</total>
				<timestamp>2034.124076</timestamp>
			</report>
			<report>
				<misses>5657001</misses>
				<total>7</total>
				<timestamp>2034.483654</timestamp>
			</report>
			<report>
				<misses>5658001</misses>
				<total>7</total>
				<timestamp>2034.843347</timestamp>
			</report>
			<report>
				<misses>5659001</misses>
				<total>7</total>
				<timestamp>2035.202940</timestamp>
			</report>
			<report>
				<misses>5660001</misses>
				<total>7</total>
				<timestamp>2035.562618</timestamp>
			</report>
			<report>
				<misses>5661001</misses>
				<total>7</total>
				<timestamp>2035.922287</timestamp>
			</report>
			<report>
				<misses>5662001</misses>
				<total>7</total>
				<timestamp>2036.281870</timestamp>
			</report>
			<report>
				<misses>5663001</misses>
				<total>7</total>
				<timestamp>2036.641539</timestamp>
			</report>
			<report>
				<misses>5664001</misses>
				<total>7</total>
				<timestamp>2037.001169</timestamp>
			</report>
			<report>
				<misses>5665001</misses>
				<total>7</total>
				<timestamp>2037.360789</timestamp>
			</report>
			<report>
				<misses>5666001</misses>
				<total>7</total>
				<timestamp>2037.720480</timestamp>
			</report>
			<report>
				<misses>5667001</misses>
				<total>7</total>
				<timestamp>2038.080184</timestamp>
			</report>
			<report>
				<misses>5668001</misses>
				<total>7</total>
				<timestamp>2038.439700</timestamp>
			</report>
			<report>
				<misses>5669001</misses>
				<total>7</total>
				<timestamp>2038.799357</timestamp>
			</report>
			<report>
				<misses>5670001</misses>
				<total>7</total>
				<timestamp>2039.159079</timestamp>
			</report>
			<report>
				<misses>5671001</misses>
				<total>7</total>
				<timestamp>2039.518611</timestamp>
			</report>
			<report>
				<misses>5672001</misses>
				<total>7</total>
				<timestamp>2039.878272</timestamp>
			</report>
			<report>
				<misses>5673001</misses>
				<total>7</total>
				<timestamp>2040.237916</timestamp>
			</report>
			<report>
				<misses>5674001</misses>
				<total>7</total>
				<timestamp>2040.597532</timestamp>
			</report>
			<report>
				<misses>5675001</misses>
				<total>7</total>
				<timestamp>2040.957194</timestamp>
			</report>
			<report>
				<misses>5676001</misses>
				<total>7</total>
				<timestamp>2041.316874</timestamp>
			</report>
			<report>
				<misses>5677001</misses>
				<total>7</total>
				<timestamp>2041.676456</timestamp>
			</report>
			<report>
				<misses>5678001</misses>
				<total>7</total>
				<timestamp>2042.036123</timestamp>
			</report>
			<report>
				<misses>5679001</misses>
				<total>7</total>
				<timestamp>2042.395719</timestamp>
			</report>
			<report>
				<misses>5680001</misses>
				<total>7</total>
				<timestamp>2042.755415</timestamp>
			</report>
			<report>
				<misses>5681001</misses>
				<total>7</total>
				<timestamp>2043.115099</timestamp>
			</report>
			<report>
				<misses>5682001</misses>
				<total>7</total>
				<timestamp>2043.474661</timestamp>
			</report>
			<report>
				<misses>5683001</misses>
				<total>7</total>
				<timestamp>2043.834306</timestamp>
			</report>
			<report>
				<misses>5684001</misses>
				<total>7</total>
				<timestamp>2044.194017</timestamp>
			</report>
			<report>
				<misses>5685001</misses>
				<total>7</total>
				<timestamp>2044.553588</timestamp>
			</report>
			<report>
				<misses>5686001</misses>
				<total>7</total>
				<timestamp>2044.913287</timestamp>
			</report>
			<report>
				<misses>5687001</misses>
				<total>7</total>
				<timestamp>2045.272910</timestamp>
			</report>
			<report>
				<misses>5688001</misses>
				<total>7</total>
				<timestamp>2045.632579</timestamp>
			</report>
			<report>
				<misses>5689001</misses>
				<total>7</total>
				<timestamp>2045.992176</timestamp>
			</report>
			<report>
				<misses>5690001</misses>
				<total>7</total>
				<timestamp>2046.351780</timestamp>
			</report>
			<report>
				<misses>5691001</misses>
				<total>7</total>
				<timestamp>2046.711439</timestamp>
			</report>
			<report>
				<misses>5692001</misses>
				<total>7</total>
				<timestamp>2047.071070</timestamp>
			</report>
			<report>
				<misses>5693001</misses>
				<total>7</total>
				<timestamp>2047.430742</timestamp>
			</report>
			<report>
				<misses>5694001</misses>
				<total>7</total>
				<timestamp>2047.790341</timestamp>
			</report>
			<report>
				<misses>5695001</misses>
				<total>7</total>
				<timestamp>2048.150032</timestamp>
			</report>
			<report>
				<misses>5696001</misses>
				<total>7</total>
				<timestamp>2048.509680</timestamp>
			</report>
			<report>
				<misses>5697001</misses>
				<total>7</total>
				<timestamp>2048.869249</timestamp>
			</report>
			<report>
				<misses>5698001</misses>
				<total>7</total>
				<timestamp>2049.228956</timestamp>
			</report>
			<report>
				<misses>5699001</misses>
				<total>7</total>
				<timestamp>2049.588577</timestamp>
			</report>
			<report>
				<misses>5700001</misses>
				<total>7</total>
				<timestamp>2049.948234</timestamp>
			</report>
			<report>
				<misses>5701001</misses>
				<total>7</total>
				<timestamp>2050.307812</timestamp>
			</report>
			<report>
				<misses>5702001</misses>
				<total>7</total>
				<timestamp>2050.667517</timestamp>
			</report>
			<report>
				<misses>5703001</misses>
				<total>7</total>
				<timestamp>2051.027166</timestamp>
			</report>
			<report>
				<misses>5704001</misses>
				<total>7</total>
				<timestamp>2051.386766</timestamp>
			</report>
			<report>
				<misses>5705001</misses>
				<total>7</total>
				<timestamp>2051.746402</timestamp>
			</report>
			<report>
				<misses>5706001</misses>
				<total>7</total>
				<timestamp>2052.106068</timestamp>
			</report>
			<report>
				<misses>5707001</misses>
				<total>7</total>
				<timestamp>2052.465666</timestamp>
			</report>
			<report>
				<misses>5708001</misses>
				<total>7</total>
				<timestamp>2052.825311</timestamp>
			</report>
			<report>
				<misses>5709001</misses>
				<total>7</total>
				<timestamp>2053.185015</timestamp>
			</report>
			<report>
				<misses>5710001</misses>
				<total>7</total>
				<timestamp>2053.544611</timestamp>
			</report>
			<report>
				<misses>5711001</misses>
				<total>7</total>
				<timestamp>2053.904232</timestamp>
			</report>
			<report>
				<misses>5712001</misses>
				<total>7</total>
				<timestamp>2054.263852</timestamp>
			</report>
			<report>
				<misses>5713001</misses>
				<total>7</total>
				<timestamp>2054.623534</timestamp>
			</report>
			<report>
				<misses>5714001</misses>
				<total>7</total>
				<timestamp>2054.983179</timestamp>
			</report>
			<report>
				<misses>5715001</misses>
				<total>7</total>
				<timestamp>2055.342796</timestamp>
			</report>
			<report>
				<misses>5716001</misses>
				<total>7</total>
				<timestamp>2055.702423</timestamp>
			</report>
			<report>
				<misses>5717001</misses>
				<total>7</total>
				<timestamp>2056.062118</timestamp>
			</report>
			<report>
				<misses>5718001</misses>
				<total>7</total>
				<timestamp>2056.421694</timestamp>
			</report>
			<report>
				<misses>5719001</misses>
				<total>7</total>
				<timestamp>2056.781338</timestamp>
			</report>
			<report>
				<misses>5720001</misses>
				<total>7</total>
				<timestamp>2057.141053</timestamp>
			</report>
			<report>
				<misses>5721001</misses>
				<total>7</total>
				<timestamp>2057.500624</timestamp>
			</report>
			<report>
				<misses>5722001</misses>
				<total>7</total>
				<timestamp>2057.860244</timestamp>
			</report>
			<report>
				<misses>5723001</misses>
				<total>7</total>
				<timestamp>2058.219933</timestamp>
			</report>
			<report>
				<misses>5724001</misses>
				<total>7</total>
				<timestamp>2058.579523</timestamp>
			</report>
			<report>
				<misses>5725001</misses>
				<total>7</total>
				<timestamp>2058.939205</timestamp>
			</report>
			<report>
				<misses>5726001</misses>
				<total>7</total>
				<timestamp>2059.298827</timestamp>
			</report>
			<report>
				<misses>5727001</misses>
				<total>7</total>
				<timestamp>2059.658460</timestamp>
			</report>
			<report>
				<misses>5728001</misses>
				<total>7</total>
				<timestamp>2060.018168</timestamp>
			</report>
			<report>
				<misses>5729001</misses>
				<total>7</total>
				<timestamp>2060.377730</timestamp>
			</report>
			<report>
				<misses>5730001</misses>
				<total>7</total>
				<timestamp>2060.737433</timestamp>
			</report>
			<report>
				<misses>5731001</misses>
				<total>7</total>
				<timestamp>2061.097141</timestamp>
			</report>
			<report>
				<misses>5732001</misses>
				<total>7</total>
				<timestamp>2061.456657</timestamp>
			</report>
			<report>
				<misses>5733001</misses>
				<total>7</total>
				<timestamp>2061.816357</timestamp>
			</report>
			<report>
				<misses>5734001</misses>
				<total>7</total>
				<timestamp>2062.175969</timestamp>
			</report>
			<report>
				<misses>5735001</misses>
				<total>7</total>
				<timestamp>2062.535584</timestamp>
			</report>
			<report>
				<misses>5736001</misses>
				<total>7</total>
				<timestamp>2062.895308</timestamp>
			</report>
			<report>
				<misses>5737001</misses>
				<total>7</total>
				<timestamp>2063.254893</timestamp>
			</report>
			<report>
				<misses>5738001</misses>
				<total>7</total>
				<timestamp>2063.614507</timestamp>
			</report>
			<report>
				<misses>5739001</misses>
				<total>7</total>
				<timestamp>2063.974144</timestamp>
			</report>
			<report>
				<misses>5740001</misses>
				<total>7</total>
				<timestamp>2064.333800</timestamp>
			</report>
			<report>
				<misses>5741001</misses>
				<total>7</total>
				<timestamp>2064.693420</timestamp>
			</report>
			<report>
				<misses>5742001</misses>
				<total>7</total>
				<timestamp>2065.053096</timestamp>
			</report>
			<report>
				<misses>5743001</misses>
				<total>7</total>
				<timestamp>2065.412715</timestamp>
			</report>
			<report>
				<misses>5744001</misses>
				<total>7</total>
				<timestamp>2065.772358</timestamp>
			</report>
			<report>
				<misses>5745001</misses>
				<total>7</total>
				<timestamp>2066.132036</timestamp>
			</report>
			<report>
				<misses>5746001</misses>
				<total>7</total>
				<timestamp>2066.491606</timestamp>
			</report>
			<report>
				<misses>5747001</misses>
				<total>7</total>
				<timestamp>2066.851266</timestamp>
			</report>
			<report>
				<misses>5748001</misses>
				<total>7</total>
				<timestamp>2067.210921</timestamp>
			</report>
			<report>
				<misses>5749001</misses>
				<total>7</total>
				<timestamp>2067.570559</timestamp>
			</report>
			<report>
				<misses>5750001</misses>
				<total>7</total>
				<timestamp>2067.930176</timestamp>
			</report>
			<report>
				<misses>5751001</misses>
				<total>7</total>
				<timestamp>2068.289830</timestamp>
			</report>
			<report>
				<misses>5752001</misses>
				<total>7</total>
				<timestamp>2068.649457</timestamp>
			</report>
			<report>
				<misses>5753001</misses>
				<total>7</total>
				<timestamp>2069.009130</timestamp>
			</report>
			<report>
				<misses>5754001</misses>
				<total>7</total>
				<timestamp>2069.368726</timestamp>
			</report>
			<report>
				<misses>5755001</misses>
				<total>7</total>
				<timestamp>2069.728444</timestamp>
			</report>
			<report>
				<misses>5756001</misses>
				<total>7</total>
				<timestamp>2070.088026</timestamp>
			</report>
			<report>
				<misses>5757001</misses>
				<total>7</total>
				<timestamp>2070.447678</timestamp>
			</report>
			<report>
				<misses>5758001</misses>
				<total>7</total>
				<timestamp>2070.807301</timestamp>
			</report>
			<report>
				<misses>5759001</misses>
				<total>7</total>
				<timestamp>2071.166990</timestamp>
			</report>
			<report>
				<misses>5760001</misses>
				<total>7</total>
				<timestamp>2071.526624</timestamp>
			</report>
			<report>
				<misses>5761001</misses>
				<total>7</total>
				<timestamp>2071.886242</timestamp>
			</report>
			<report>
				<misses>5762001</misses>
				<total>7</total>
				<timestamp>2072.245899</timestamp>
			</report>
			<report>
				<misses>5763001</misses>
				<total>7</total>
				<timestamp>2072.605514</timestamp>
			</report>
			<report>
				<misses>5764001</misses>
				<total>7</total>
				<timestamp>2072.965197</timestamp>
			</report>
			<report>
				<misses>5765001</misses>
				<total>7</total>
				<timestamp>2073.324809</timestamp>
			</report>
			<report>
				<misses>5766001</misses>
				<total>7</total>
				<timestamp>2073.684465</timestamp>
			</report>
			<report>
				<misses>5767001</misses>
				<total>7</total>
				<timestamp>2074.044082</timestamp>
			</report>
			<report>
				<misses>5768001</misses>
				<total>7</total>
				<timestamp>2074.403705</timestamp>
			</report>
			<report>
				<misses>5769001</misses>
				<total>7</total>
				<timestamp>2074.763384</timestamp>
			</report>
			<report>
				<misses>5770001</misses>
				<total>7</total>
				<timestamp>2075.123057</timestamp>
			</report>
			<report>
				<misses>5771001</misses>
				<total>7</total>
				<timestamp>2075.482679</timestamp>
			</report>
			<report>
				<misses>5772001</misses>
				<total>7</total>
				<timestamp>2075.842245</timestamp>
			</report>
			<report>
				<misses>5773001</misses>
				<total>7</total>
				<timestamp>2076.201919</timestamp>
			</report>
			<report>
				<misses>5774001</misses>
				<total>7</total>
				<timestamp>2076.561555</timestamp>
			</report>
			<report>
				<misses>5775001</misses>
				<total>7</total>
				<timestamp>2076.921229</timestamp>
			</report>
			<report>
				<misses>5776001</misses>
				<total>7</total>
				<timestamp>2077.280858</timestamp>
			</report>
			<report>
				<misses>5777001</misses>
				<total>7</total>
				<timestamp>2077.640465</timestamp>
			</report>
			<report>
				<misses>5778001</misses>
				<total>7</total>
				<timestamp>2078.000141</timestamp>
			</report>
			<report>
				<misses>5779001</misses>
				<total>7</total>
				<timestamp>2078.359751</timestamp>
			</report>
			<report>
				<misses>5780001</misses>
				<total>7</total>
				<timestamp>2078.719442</timestamp>
			</report>
			<report>
				<misses>5781001</misses>
				<total>7</total>
				<timestamp>2079.079037</timestamp>
			</report>
			<report>
				<misses>5782001</misses>
				<total>7</total>
				<timestamp>2079.438718</timestamp>
			</report>
			<report>
				<misses>5783001</misses>
				<total>7</total>
				<timestamp>2079.798287</timestamp>
			</report>
			<report>
				<misses>5784001</misses>
				<total>7</total>
				<timestamp>2080.157949</timestamp>
			</report>
			<report>
				<misses>5785001</misses>
				<total>7</total>
				<timestamp>2080.517572</timestamp>
			</report>
			<report>
				<misses>5786001</misses>
				<total>7</total>
				<timestamp>2080.877317</timestamp>
			</report>
			<report>
				<misses>5787001</misses>
				<total>7</total>
				<timestamp>2081.236868</timestamp>
			</report>
			<report>
				<misses>5788001</misses>
				<total>7</total>
				<timestamp>2081.596557</timestamp>
			</report>
			<report>
				<misses>5789001</misses>
				<total>7</total>
				<timestamp>2081.956135</timestamp>
			</report>
			<report>
				<misses>5790001</misses>
				<total>7</total>
				<timestamp>2082.315835</timestamp>
			</report>
			<report>
				<misses>5791001</misses>
				<total>7</total>
				<timestamp>2082.675479</timestamp>
			</report>
			<report>
				<misses>5792001</misses>
				<total>7</total>
				<timestamp>2083.035125</timestamp>
			</report>
			<report>
				<misses>5793001</misses>
				<total>7</total>
				<timestamp>2083.394713</timestamp>
			</report>
			<report>
				<misses>5794001</misses>
				<total>7</total>
				<timestamp>2083.754333</timestamp>
			</report>
			<report>
				<misses>5795001</misses>
				<total>7</total>
				<timestamp>2084.114027</timestamp>
			</report>
			<report>
				<misses>5796001</misses>
				<total>7</total>
				<timestamp>2084.473612</timestamp>
			</report>
			<report>
				<misses>5797001</misses>
				<total>7</total>
				<timestamp>2084.833274</timestamp>
			</report>
			<report>
				<misses>5798001</misses>
				<total>7</total>
				<timestamp>2085.192933</timestamp>
			</report>
			<report>
				<misses>5799001</misses>
				<total>7</total>
				<timestamp>2085.552546</timestamp>
			</report>
			<report>
				<misses>5800001</misses>
				<total>7</total>
				<timestamp>2085.912221</timestamp>
			</report>
			<report>
				<misses>5801001</misses>
				<total>7</total>
				<timestamp>2086.271842</timestamp>
			</report>
			<report>
				<misses>5802001</misses>
				<total>7</total>
				<timestamp>2086.631515</timestamp>
			</report>
			<report>
				<misses>5803001</misses>
				<total>7</total>
				<timestamp>2086.991129</timestamp>
			</report>
			<report>
				<misses>5804001</misses>
				<total>7</total>
				<timestamp>2087.350775</timestamp>
			</report>
			<report>
				<misses>5805001</misses>
				<total>7</total>
				<timestamp>2087.710443</timestamp>
			</report>
			<report>
				<misses>5806001</misses>
				<total>7</total>
				<timestamp>2088.070024</timestamp>
			</report>
			<report>
				<misses>5807001</misses>
				<total>7</total>
				<timestamp>2088.429668</timestamp>
			</report>
			<report>
				<misses>5808001</misses>
				<total>7</total>
				<timestamp>2088.789309</timestamp>
			</report>
			<report>
				<misses>5809001</misses>
				<total>7</total>
				<timestamp>2089.148933</timestamp>
			</report>
			<report>
				<misses>5810001</misses>
				<total>7</total>
				<timestamp>2089.508572</timestamp>
			</report>
			<report>
				<misses>5811001</misses>
				<total>7</total>
				<timestamp>2089.868209</timestamp>
			</report>
			<report>
				<misses>5812001</misses>
				<total>7</total>
				<timestamp>2090.227904</timestamp>
			</report>
			<report>
				<misses>5813001</misses>
				<total>7</total>
				<timestamp>2090.587529</timestamp>
			</report>
			<report>
				<misses>5814001</misses>
				<total>7</total>
				<timestamp>2090.947201</timestamp>
			</report>
			<report>
				<misses>5815001</misses>
				<total>7</total>
				<timestamp>2091.306857</timestamp>
			</report>
			<report>
				<misses>5816001</misses>
				<total>7</total>
				<timestamp>2091.666414</timestamp>
			</report>
			<report>
				<misses>5817001</misses>
				<total>7</total>
				<timestamp>2092.026077</timestamp>
			</report>
			<report>
				<misses>5818001</misses>
				<total>7</total>
				<timestamp>2092.385770</timestamp>
			</report>
			<report>
				<misses>5819001</misses>
				<total>7</total>
				<timestamp>2092.745327</timestamp>
			</report>
			<report>
				<misses>5820001</misses>
				<total>7</total>
				<timestamp>2093.104978</timestamp>
			</report>
			<report>
				<misses>5821001</misses>
				<total>7</total>
				<timestamp>2093.464647</timestamp>
			</report>
			<report>
				<misses>5822001</misses>
				<total>7</total>
				<timestamp>2093.824336</timestamp>
			</report>
			<report>
				<misses>5823001</misses>
				<total>7</total>
				<timestamp>2094.183939</timestamp>
			</report>
			<report>
				<misses>5824001</misses>
				<total>7</total>
				<timestamp>2094.543576</timestamp>
			</report>
			<report>
				<misses>5825001</misses>
				<total>7</total>
				<timestamp>2094.903212</timestamp>
			</report>
			<report>
				<misses>5826001</misses>
				<total>7</total>
				<timestamp>2095.262889</timestamp>
			</report>
			<report>
				<misses>5827001</misses>
				<total>7</total>
				<timestamp>2095.622443</timestamp>
			</report>
			<report>
				<misses>5828001</misses>
				<total>7</total>
				<timestamp>2095.982106</timestamp>
			</report>
			<report>
				<misses>5829001</misses>
				<total>7</total>
				<timestamp>2096.341807</timestamp>
			</report>
			<report>
				<misses>5830001</misses>
				<total>7</total>
				<timestamp>2096.701376</timestamp>
			</report>
			<report>
				<misses>5831001</misses>
				<total>7</total>
				<timestamp>2097.061034</timestamp>
			</report>
			<report>
				<misses>5832001</misses>
				<total>7</total>
				<timestamp>2097.420804</timestamp>
			</report>
			<report>
				<misses>5833001</misses>
				<total>7</total>
				<timestamp>2097.780353</timestamp>
			</report>
			<report>
				<misses>5834001</misses>
				<total>7</total>
				<timestamp>2098.139950</timestamp>
			</report>
			<report>
				<misses>5835001</misses>
				<total>7</total>
				<timestamp>2098.499597</timestamp>
			</report>
			<report>
				<misses>5836001</misses>
				<total>7</total>
				<timestamp>2098.859245</timestamp>
			</report>
			<report>
				<misses>5837001</misses>
				<total>7</total>
				<timestamp>2099.218911</timestamp>
			</report>
			<report>
				<misses>5838001</misses>
				<total>7</total>
				<timestamp>2099.578482</timestamp>
			</report>
			<report>
				<misses>5839001</misses>
				<total>7</total>
				<timestamp>2099.938172</timestamp>
			</report>
			<report>
				<misses>5840001</misses>
				<total>7</total>
				<timestamp>2100.297850</timestamp>
			</report>
			<report>
				<misses>5841001</misses>
				<total>7</total>
				<timestamp>2100.657430</timestamp>
			</report>
			<report>
				<misses>5842001</misses>
				<total>7</total>
				<timestamp>2101.017124</timestamp>
			</report>
			<report>
				<misses>5843001</misses>
				<total>7</total>
				<timestamp>2101.376753</timestamp>
			</report>
			<report>
				<misses>5844001</misses>
				<total>7</total>
				<timestamp>2101.736349</timestamp>
			</report>
			<report>
				<misses>5845001</misses>
				<total>7</total>
				<timestamp>2102.096023</timestamp>
			</report>
			<report>
				<misses>5846001</misses>
				<total>7</total>
				<timestamp>2102.455697</timestamp>
			</report>
			<report>
				<misses>5847001</misses>
				<total>7</total>
				<timestamp>2102.815272</timestamp>
			</report>
			<report>
				<misses>5848001</misses>
				<total>7</total>
				<timestamp>2103.174924</timestamp>
			</report>
			<report>
				<misses>5849001</misses>
				<total>7</total>
				<timestamp>2103.534593</timestamp>
			</report>
			<report>
				<misses>5850001</misses>
				<total>7</total>
				<timestamp>2103.894199</timestamp>
			</report>
			<report>
				<misses>5851001</misses>
				<total>7</total>
				<timestamp>2104.253820</timestamp>
			</report>
			<report>
				<misses>5852001</misses>
				<total>7</total>
				<timestamp>2104.613449</timestamp>
			</report>
			<report>
				<misses>5853001</misses>
				<total>7</total>
				<timestamp>2104.973178</timestamp>
			</report>
			<report>
				<misses>5854001</misses>
				<total>7</total>
				<timestamp>2105.332739</timestamp>
			</report>
			<report>
				<misses>5855001</misses>
				<total>7</total>
				<timestamp>2105.692375</timestamp>
			</report>
			<report>
				<misses>5856001</misses>
				<total>7</total>
				<timestamp>2106.052041</timestamp>
			</report>
			<report>
				<misses>5857001</misses>
				<total>7</total>
				<timestamp>2106.411699</timestamp>
			</report>
			<report>
				<misses>5858001</misses>
				<total>7</total>
				<timestamp>2106.771320</timestamp>
			</report>
			<report>
				<misses>5859001</misses>
				<total>7</total>
				<timestamp>2107.130952</timestamp>
			</report>
			<report>
				<misses>5860001</misses>
				<total>7</total>
				<timestamp>2107.490650</timestamp>
			</report>
			<report>
				<misses>5861001</misses>
				<total>7</total>
				<timestamp>2107.850218</timestamp>
			</report>
			<report>
				<misses>5862001</misses>
				<total>7</total>
				<timestamp>2108.209849</timestamp>
			</report>
			<report>
				<misses>5863001</misses>
				<total>7</total>
				<timestamp>2108.569494</timestamp>
			</report>
			<report>
				<misses>5864001</misses>
				<total>7</total>
				<timestamp>2108.929209</timestamp>
			</report>
			<report>
				<misses>5865001</misses>
				<total>7</total>
				<timestamp>2109.288817</timestamp>
			</report>
			<report>
				<misses>5866001</misses>
				<total>7</total>
				<timestamp>2109.648464</timestamp>
			</report>
			<report>
				<misses>5867001</misses>
				<total>7</total>
				<timestamp>2110.008142</timestamp>
			</report>
			<report>
				<misses>5868001</misses>
				<total>7</total>
				<timestamp>2110.367752</timestamp>
			</report>
			<report>
				<misses>5869001</misses>
				<total>7</total>
				<timestamp>2110.727389</timestamp>
			</report>
			<report>
				<misses>5870001</misses>
				<total>7</total>
				<timestamp>2111.086993</timestamp>
			</report>
			<report>
				<misses>5871001</misses>
				<total>7</total>
				<timestamp>2111.446670</timestamp>
			</report>
			<report>
				<misses>5872001</misses>
				<total>7</total>
				<timestamp>2111.806292</timestamp>
			</report>
			<report>
				<misses>5873001</misses>
				<total>7</total>
				<timestamp>2112.165896</timestamp>
			</report>
			<report>
				<misses>5874001</misses>
				<total>7</total>
				<timestamp>2112.525574</timestamp>
			</report>
			<report>
				<misses>5875001</misses>
				<total>7</total>
				<timestamp>2112.885173</timestamp>
			</report>
			<report>
				<misses>5876001</misses>
				<total>7</total>
				<timestamp>2113.244841</timestamp>
			</report>
			<report>
				<misses>5877001</misses>
				<total>7</total>
				<timestamp>2113.604453</timestamp>
			</report>
			<report>
				<misses>5878001</misses>
				<total>7</total>
				<timestamp>2113.964111</timestamp>
			</report>
			<report>
				<misses>5879001</misses>
				<total>7</total>
				<timestamp>2114.323824</timestamp>
			</report>
			<report>
				<misses>5880001</misses>
				<total>7</total>
				<timestamp>2114.683370</timestamp>
			</report>
			<report>
				<misses>5881001</misses>
				<total>7</total>
				<timestamp>2115.043011</timestamp>
			</report>
			<report>
				<misses>5882001</misses>
				<total>7</total>
				<timestamp>2115.402686</timestamp>
			</report>
			<report>
				<misses>5883001</misses>
				<total>7</total>
				<timestamp>2115.762294</timestamp>
			</report>
			<report>
				<misses>5884001</misses>
				<total>7</total>
				<timestamp>2116.121957</timestamp>
			</report>
			<report>
				<misses>5885001</misses>
				<total>7</total>
				<timestamp>2116.481620</timestamp>
			</report>
			<report>
				<misses>5886001</misses>
				<total>7</total>
				<timestamp>2116.841242</timestamp>
			</report>
			<report>
				<misses>5887001</misses>
				<total>7</total>
				<timestamp>2117.200885</timestamp>
			</report>
			<report>
				<misses>5888001</misses>
				<total>7</total>
				<timestamp>2117.560516</timestamp>
			</report>
			<report>
				<misses>5889001</misses>
				<total>7</total>
				<timestamp>2117.920188</timestamp>
			</report>
			<report>
				<misses>5890001</misses>
				<total>7</total>
				<timestamp>2118.279811</timestamp>
			</report>
			<report>
				<misses>5891001</misses>
				<total>7</total>
				<timestamp>2118.639459</timestamp>
			</report>
			<report>
				<misses>5892001</misses>
				<total>7</total>
				<timestamp>2118.999109</timestamp>
			</report>
			<report>
				<misses>5893001</misses>
				<total>7</total>
				<timestamp>2119.358777</timestamp>
			</report>
			<report>
				<misses>5894001</misses>
				<total>7</total>
				<timestamp>2119.718372</timestamp>
			</report>
			<report>
				<misses>5895001</misses>
				<total>7</total>
				<timestamp>2120.078038</timestamp>
			</report>
			<report>
				<misses>5896001</misses>
				<total>7</total>
				<timestamp>2120.437636</timestamp>
			</report>
			<report>
				<misses>5897001</misses>
				<total>7</total>
				<timestamp>2120.797264</timestamp>
			</report>
			<report>
				<misses>5898001</misses>
				<total>7</total>
				<timestamp>2121.156897</timestamp>
			</report>
			<report>
				<misses>5899001</misses>
				<total>7</total>
				<timestamp>2121.516571</timestamp>
			</report>
			<report>
				<misses>5900001</misses>
				<total>7</total>
				<timestamp>2121.876257</timestamp>
			</report>
			<report>
				<misses>5901001</misses>
				<total>7</total>
				<timestamp>2122.235829</timestamp>
			</report>
			<report>
				<misses>5902001</misses>
				<total>7</total>
				<timestamp>2122.595478</timestamp>
			</report>
			<report>
				<misses>5903001</misses>
				<total>7</total>
				<timestamp>2122.955104</timestamp>
			</report>
			<report>
				<misses>5904001</misses>
				<total>7</total>
				<timestamp>2123.314830</timestamp>
			</report>
			<report>
				<misses>5905001</misses>
				<total>7</total>
				<timestamp>2123.674481</timestamp>
			</report>
			<report>
				<misses>5906001</misses>
				<total>7</total>
				<timestamp>2124.034037</timestamp>
			</report>
			<report>
				<misses>5907001</misses>
				<total>7</total>
				<timestamp>2124.393690</timestamp>
			</report>
			<report>
				<misses>5908001</misses>
				<total>7</total>
				<timestamp>2124.753293</timestamp>
			</report>
			<report>
				<misses>5909001</misses>
				<total>7</total>
				<timestamp>2125.112941</timestamp>
			</report>
			<report>
				<misses>5910001</misses>
				<total>7</total>
				<timestamp>2125.472586</timestamp>
			</report>
			<report>
				<misses>5911001</misses>
				<total>7</total>
				<timestamp>2125.832230</timestamp>
			</report>
			<report>
				<misses>5912001</misses>
				<total>7</total>
				<timestamp>2126.191906</timestamp>
			</report>
			<report>
				<misses>5913001</misses>
				<total>7</total>
				<timestamp>2126.551511</timestamp>
			</report>
			<report>
				<misses>5914001</misses>
				<total>7</total>
				<timestamp>2126.911156</timestamp>
			</report>
			<report>
				<misses>5915001</misses>
				<total>7</total>
				<timestamp>2127.270851</timestamp>
			</report>
			<report>
				<misses>5916001</misses>
				<total>7</total>
				<timestamp>2127.630418</timestamp>
			</report>
			<report>
				<misses>5917001</misses>
				<total>7</total>
				<timestamp>2127.990072</timestamp>
			</report>
			<report>
				<misses>5918001</misses>
				<total>7</total>
				<timestamp>2128.349847</timestamp>
			</report>
			<report>
				<misses>5919001</misses>
				<total>7</total>
				<timestamp>2128.709336</timestamp>
			</report>
			<report>
				<misses>5920001</misses>
				<total>7</total>
				<timestamp>2129.069019</timestamp>
			</report>
			<report>
				<misses>5921001</misses>
				<total>7</total>
				<timestamp>2129.428664</timestamp>
			</report>
			<report>
				<misses>5922001</misses>
				<total>7</total>
				<timestamp>2129.788272</timestamp>
			</report>
			<report>
				<misses>5923001</misses>
				<total>7</total>
				<timestamp>2130.147947</timestamp>
			</report>
			<report>
				<misses>5924001</misses>
				<total>7</total>
				<timestamp>2130.507568</timestamp>
			</report>
			<report>
				<misses>5925001</misses>
				<total>7</total>
				<timestamp>2130.867186</timestamp>
			</report>
			<report>
				<misses>5926001</misses>
				<total>7</total>
				<timestamp>2131.226803</timestamp>
			</report>
			<report>
				<misses>5927001</misses>
				<total>7</total>
				<timestamp>2131.586527</timestamp>
			</report>
			<report>
				<misses>5928001</misses>
				<total>7</total>
				<timestamp>2131.946144</timestamp>
			</report>
			<report>
				<misses>5929001</misses>
				<total>7</total>
				<timestamp>2132.305755</timestamp>
			</report>
			<report>
				<misses>5930001</misses>
				<total>7</total>
				<timestamp>2132.665413</timestamp>
			</report>
			<report>
				<misses>5931001</misses>
				<total>7</total>
				<timestamp>2133.025062</timestamp>
			</report>
			<report>
				<misses>5932001</misses>
				<total>7</total>
				<timestamp>2133.384724</timestamp>
			</report>
			<report>
				<misses>5933001</misses>
				<total>7</total>
				<timestamp>2133.744315</timestamp>
			</report>
			<report>
				<misses>5934001</misses>
				<total>7</total>
				<timestamp>2134.103923</timestamp>
			</report>
			<report>
				<misses>5935001</misses>
				<total>7</total>
				<timestamp>2134.463640</timestamp>
			</report>
			<report>
				<misses>5936001</misses>
				<total>7</total>
				<timestamp>2134.823214</timestamp>
			</report>
			<report>
				<misses>5937001</misses>
				<total>7</total>
				<timestamp>2135.182844</timestamp>
			</report>
			<report>
				<misses>5938001</misses>
				<total>7</total>
				<timestamp>2135.542555</timestamp>
			</report>
			<report>
				<misses>5939001</misses>
				<total>7</total>
				<timestamp>2135.902159</timestamp>
			</report>
			<report>
				<misses>5940001</misses>
				<total>7</total>
				<timestamp>2136.261839</timestamp>
			</report>
			<report>
				<misses>5941001</misses>
				<total>7</total>
				<timestamp>2136.621433</timestamp>
			</report>
			<report>
				<misses>5942001</misses>
				<total>7</total>
				<timestamp>2136.981118</timestamp>
			</report>
			<report>
				<misses>5943001</misses>
				<total>7</total>
				<timestamp>2137.340756</timestamp>
			</report>
			<report>
				<misses>5944001</misses>
				<total>7</total>
				<timestamp>2137.700377</timestamp>
			</report>
			<report>
				<misses>5945001</misses>
				<total>7</total>
				<timestamp>2138.060066</timestamp>
			</report>
			<report>
				<misses>5946001</misses>
				<total>7</total>
				<timestamp>2138.419679</timestamp>
			</report>
			<report>
				<misses>5947001</misses>
				<total>7</total>
				<timestamp>2138.779269</timestamp>
			</report>
			<report>
				<misses>5948001</misses>
				<total>7</total>
				<timestamp>2139.138952</timestamp>
			</report>
			<report>
				<misses>5949001</misses>
				<total>7</total>
				<timestamp>2139.498585</timestamp>
			</report>
			<report>
				<misses>5950001</misses>
				<total>7</total>
				<timestamp>2139.858216</timestamp>
			</report>
			<report>
				<misses>5951001</misses>
				<total>7</total>
				<timestamp>2140.217820</timestamp>
			</report>
			<report>
				<misses>5952001</misses>
				<total>7</total>
				<timestamp>2140.577455</timestamp>
			</report>
			<report>
				<misses>5953001</misses>
				<total>7</total>
				<timestamp>2140.937111</timestamp>
			</report>
			<report>
				<misses>5954001</misses>
				<total>7</total>
				<timestamp>2141.296734</timestamp>
			</report>
			<report>
				<misses>5955001</misses>
				<total>7</total>
				<timestamp>2141.656419</timestamp>
			</report>
			<report>
				<misses>5956001</misses>
				<total>7</total>
				<timestamp>2142.016069</timestamp>
			</report>
			<report>
				<misses>5957001</misses>
				<total>7</total>
				<timestamp>2142.375715</timestamp>
			</report>
			<report>
				<misses>5958001</misses>
				<total>7</total>
				<timestamp>2142.735320</timestamp>
			</report>
			<report>
				<misses>5959001</misses>
				<total>7</total>
				<timestamp>2143.094942</timestamp>
			</report>
			<report>
				<misses>5960001</misses>
				<total>7</total>
				<timestamp>2143.454602</timestamp>
			</report>
			<report>
				<misses>5961001</misses>
				<total>7</total>
				<timestamp>2143.814247</timestamp>
			</report>
			<report>
				<misses>5962001</misses>
				<total>7</total>
				<timestamp>2144.173860</timestamp>
			</report>
			<report>
				<misses>5963001</misses>
				<total>7</total>
				<timestamp>2144.533530</timestamp>
			</report>
			<report>
				<misses>5964001</misses>
				<total>7</total>
				<timestamp>2144.893177</timestamp>
			</report>
			<report>
				<misses>5965001</misses>
				<total>7</total>
				<timestamp>2145.252810</timestamp>
			</report>
			<report>
				<misses>5966001</misses>
				<total>7</total>
				<timestamp>2145.612444</timestamp>
			</report>
			<report>
				<misses>5967001</misses>
				<total>7</total>
				<timestamp>2145.972088</timestamp>
			</report>
			<report>
				<misses>5968001</misses>
				<total>7</total>
				<timestamp>2146.331746</timestamp>
			</report>
			<report>
				<misses>5969001</misses>
				<total>7</total>
				<timestamp>2146.691356</timestamp>
			</report>
			<report>
				<misses>5970001</misses>
				<total>7</total>
				<timestamp>2147.051013</timestamp>
			</report>
			<report>
				<misses>5971001</misses>
				<total>7</total>
				<timestamp>2147.410685</timestamp>
			</report>
			<report>
				<misses>5972001</misses>
				<total>7</total>
				<timestamp>2147.770315</timestamp>
			</report>
			<report>
				<misses>5973001</misses>
				<total>7</total>
				<timestamp>2148.129922</timestamp>
			</report>
			<report>
				<misses>5974001</misses>
				<total>7</total>
				<timestamp>2148.489567</timestamp>
			</report>
			<report>
				<misses>5975001</misses>
				<total>7</total>
				<timestamp>2148.849224</timestamp>
			</report>
			<report>
				<misses>5976001</misses>
				<total>7</total>
				<timestamp>2149.208915</timestamp>
			</report>
			<report>
				<misses>5977001</misses>
				<total>7</total>
				<timestamp>2149.568479</timestamp>
			</report>
			<report>
				<misses>5978001</misses>
				<total>7</total>
				<timestamp>2149.928189</timestamp>
			</report>
			<report>
				<misses>5979001</misses>
				<total>7</total>
				<timestamp>2150.287806</timestamp>
			</report>
			<report>
				<misses>5980001</misses>
				<total>7</total>
				<timestamp>2150.647457</timestamp>
			</report>
			<report>
				<misses>5981001</misses>
				<total>7</total>
				<timestamp>2151.007030</timestamp>
			</report>
			<report>
				<misses>5982001</misses>
				<total>7</total>
				<timestamp>2151.366648</timestamp>
			</report>
			<report>
				<misses>5983001</misses>
				<total>7</total>
				<timestamp>2151.726359</timestamp>
			</report>
			<report>
				<misses>5984001</misses>
				<total>7</total>
				<timestamp>2152.085965</timestamp>
			</report>
			<report>
				<misses>5985001</misses>
				<total>7</total>
				<timestamp>2152.445589</timestamp>
			</report>
			<report>
				<misses>5986001</misses>
				<total>7</total>
				<timestamp>2152.805269</timestamp>
			</report>
			<report>
				<misses>5987001</misses>
				<total>7</total>
				<timestamp>2153.164902</timestamp>
			</report>
			<report>
				<misses>5988001</misses>
				<total>7</total>
				<timestamp>2153.524543</timestamp>
			</report>
			<report>
				<misses>5989001</misses>
				<total>7</total>
				<timestamp>2153.884152</timestamp>
			</report>
			<report>
				<misses>5990001</misses>
				<total>7</total>
				<timestamp>2154.243827</timestamp>
			</report>
			<report>
				<misses>5991001</misses>
				<total>7</total>
				<timestamp>2154.603485</timestamp>
			</report>
			<report>
				<misses>5992001</misses>
				<total>7</total>
				<timestamp>2154.963087</timestamp>
			</report>
			<report>
				<misses>5993001</misses>
				<total>7</total>
				<timestamp>2155.322711</timestamp>
			</report>
			<report>
				<misses>5994001</misses>
				<total>7</total>
				<timestamp>2155.682374</timestamp>
			</report>
			<report>
				<misses>5995001</misses>
				<total>7</total>
				<timestamp>2156.042025</timestamp>
			</report>
			<report>
				<misses>5996001</misses>
				<total>7</total>
				<timestamp>2156.401622</timestamp>
			</report>
			<report>
				<misses>5997001</misses>
				<total>7</total>
				<timestamp>2156.761268</timestamp>
			</report>
			<report>
				<misses>5998001</misses>
				<total>7</total>
				<timestamp>2157.120909</timestamp>
			</report>
			<report>
				<misses>5999001</misses>
				<total>7</total>
				<timestamp>2157.480592</timestamp>
			</report>
			<report>
				<misses>6000001</misses>
				<total>7</total>
				<timestamp>2157.840218</timestamp>
			</report>
			<report>
				<misses>6001001</misses>
				<total>7</total>
				<timestamp>2158.199862</timestamp>
			</report>
			<report>
				<misses>6002001</misses>
				<total>7</total>
				<timestamp>2158.559483</timestamp>
			</report>
			<report>
				<misses>6003001</misses>
				<total>7</total>
				<timestamp>2158.919126</timestamp>
			</report>
			<report>
				<misses>6004001</misses>
				<total>7</total>
				<timestamp>2159.278750</timestamp>
			</report>
			<report>
				<misses>6005001</misses>
				<total>7</total>
				<timestamp>2159.638390</timestamp>
			</report>
			<report>
				<misses>6006001</misses>
				<total>7</total>
				<timestamp>2159.998022</timestamp>
			</report>
			<report>
				<misses>6007001</misses>
				<total>7</total>
				<timestamp>2160.357694</timestamp>
			</report>
			<report>
				<misses>6008001</misses>
				<total>7</total>
				<timestamp>2160.717389</timestamp>
			</report>
			<report>
				<misses>6009001</misses>
				<total>7</total>
				<timestamp>2161.077019</timestamp>
			</report>
			<report>
				<misses>6010001</misses>
				<total>7</total>
				<timestamp>2161.436580</timestamp>
			</report>
			<report>
				<misses>6011001</misses>
				<total>7</total>
				<timestamp>2161.796227</timestamp>
			</report>
			<report>
				<misses>6012001</misses>
				<total>7</total>
				<timestamp>2162.155859</timestamp>
			</report>
			<report>
				<misses>6013001</misses>
				<total>7</total>
				<timestamp>2162.515559</timestamp>
			</report>
			<report>
				<misses>6014001</misses>
				<total>7</total>
				<timestamp>2162.875149</timestamp>
			</report>
			<report>
				<misses>6015001</misses>
				<total>7</total>
				<timestamp>2163.234778</timestamp>
			</report>
			<report>
				<misses>6016001</misses>
				<total>7</total>
				<timestamp>2163.594460</timestamp>
			</report>
			<report>
				<misses>6017001</misses>
				<total>7</total>
				<timestamp>2163.954075</timestamp>
			</report>
			<report>
				<misses>6018001</misses>
				<total>7</total>
				<timestamp>2164.313695</timestamp>
			</report>
			<report>
				<misses>6019001</misses>
				<total>7</total>
				<timestamp>2164.673328</timestamp>
			</report>
			<report>
				<misses>6020001</misses>
				<total>7</total>
				<timestamp>2165.032989</timestamp>
			</report>
			<report>
				<misses>6021001</misses>
				<total>7</total>
				<timestamp>2165.392651</timestamp>
			</report>
			<report>
				<misses>6022001</misses>
				<total>7</total>
				<timestamp>2165.752286</timestamp>
			</report>
			<report>
				<misses>6023001</misses>
				<total>7</total>
				<timestamp>2166.112000</timestamp>
			</report>
			<report>
				<misses>6024001</misses>
				<total>7</total>
				<timestamp>2166.471638</timestamp>
			</report>
			<report>
				<misses>6025001</misses>
				<total>7</total>
				<timestamp>2166.831174</timestamp>
			</report>
			<report>
				<misses>6026001</misses>
				<total>7</total>
				<timestamp>2167.190833</timestamp>
			</report>
			<report>
				<misses>6027001</misses>
				<total>7</total>
				<timestamp>2167.550533</timestamp>
			</report>
			<report>
				<misses>6028001</misses>
				<total>7</total>
				<timestamp>2167.910132</timestamp>
			</report>
			<report>
				<misses>6029001</misses>
				<total>7</total>
				<timestamp>2168.269735</timestamp>
			</report>
			<report>
				<misses>6030001</misses>
				<total>7</total>
				<timestamp>2168.629432</timestamp>
			</report>
			<report>
				<misses>6031001</misses>
				<total>7</total>
				<timestamp>2168.989056</timestamp>
			</report>
			<report>
				<misses>6032001</misses>
				<total>7</total>
				<timestamp>2169.348693</timestamp>
			</report>
			<report>
				<misses>6033001</misses>
				<total>7</total>
				<timestamp>2169.708373</timestamp>
			</report>
			<report>
				<misses>6034001</misses>
				<total>7</total>
				<timestamp>2170.067939</timestamp>
			</report>
			<report>
				<misses>6035001</misses>
				<total>7</total>
				<timestamp>2170.427636</timestamp>
			</report>
			<report>
				<misses>6036001</misses>
				<total>7</total>
				<timestamp>2170.787258</timestamp>
			</report>
			<report>
				<misses>6037001</misses>
				<total>7</total>
				<timestamp>2171.146904</timestamp>
			</report>
			<report>
				<misses>6038001</misses>
				<total>7</total>
				<timestamp>2171.506508</timestamp>
			</report>
			<report>
				<misses>6039001</misses>
				<total>7</total>
				<timestamp>2171.866212</timestamp>
			</report>
			<report>
				<misses>6040001</misses>
				<total>7</total>
				<timestamp>2172.225784</timestamp>
			</report>
			<report>
				<misses>6041001</misses>
				<total>7</total>
				<timestamp>2172.585503</timestamp>
			</report>
			<report>
				<misses>6042001</misses>
				<total>7</total>
				<timestamp>2172.945074</timestamp>
			</report>
			<report>
				<misses>6043001</misses>
				<total>7</total>
				<timestamp>2173.304741</timestamp>
			</report>
			<report>
				<misses>6044001</misses>
				<total>7</total>
				<timestamp>2173.664402</timestamp>
			</report>
			<report>
				<misses>6045001</misses>
				<total>7</total>
				<timestamp>2174.024054</timestamp>
			</report>
			<report>
				<misses>6046001</misses>
				<total>7</total>
				<timestamp>2174.383736</timestamp>
			</report>
			<report>
				<misses>6047001</misses>
				<total>7</total>
				<timestamp>2174.743290</timestamp>
			</report>
			<report>
				<misses>6048001</misses>
				<total>7</total>
				<timestamp>2175.102932</timestamp>
			</report>
			<report>
				<misses>6049001</misses>
				<total>7</total>
				<timestamp>2175.462574</timestamp>
			</report>
			<report>
				<misses>6050001</misses>
				<total>7</total>
				<timestamp>2175.822248</timestamp>
			</report>
			<report>
				<misses>6051001</misses>
				<total>7</total>
				<timestamp>2176.181870</timestamp>
			</report>
			<report>
				<misses>6052001</misses>
				<total>7</total>
				<timestamp>2176.541523</timestamp>
			</report>
			<report>
				<misses>6053001</misses>
				<total>7</total>
				<timestamp>2176.901131</timestamp>
			</report>
			<report>
				<misses>6054001</misses>
				<total>7</total>
				<timestamp>2177.260752</timestamp>
			</report>
			<report>
				<misses>6055001</misses>
				<total>7</total>
				<timestamp>2177.620426</timestamp>
			</report>
			<report>
				<misses>6056001</misses>
				<total>7</total>
				<timestamp>2177.980065</timestamp>
			</report>
			<report>
				<misses>6057001</misses>
				<total>7</total>
				<timestamp>2178.339648</timestamp>
			</report>
			<report>
				<misses>6058001</misses>
				<total>7</total>
				<timestamp>2178.699373</timestamp>
			</report>
			<report>
				<misses>6059001</misses>
				<total>7</total>
				<timestamp>2179.058984</timestamp>
			</report>
			<report>
				<misses>6060001</misses>
				<total>7</total>
				<timestamp>2179.418656</timestamp>
			</report>
			<report>
				<misses>6061001</misses>
				<total>7</total>
				<timestamp>2179.778284</timestamp>
			</report>
			<report>
				<misses>6062001</misses>
				<total>7</total>
				<timestamp>2180.137925</timestamp>
			</report>
			<report>
				<misses>6063001</misses>
				<total>7</total>
				<timestamp>2180.497489</timestamp>
			</report>
			<report>
				<misses>6064001</misses>
				<total>7</total>
				<timestamp>2180.857162</timestamp>
			</report>
			<report>
				<misses>6065001</misses>
				<total>7</total>
				<timestamp>2181.216804</timestamp>
			</report>
			<report>
				<misses>6066001</misses>
				<total>7</total>
				<timestamp>2181.576447</timestamp>
			</report>
			<report>
				<misses>6067001</misses>
				<total>7</total>
				<timestamp>2181.936087</timestamp>
			</report>
			<report>
				<misses>6068001</misses>
				<total>7</total>
				<timestamp>2182.295749</timestamp>
			</report>
			<report>
				<misses>6069001</misses>
				<total>7</total>
				<timestamp>2182.655351</timestamp>
			</report>
			<report>
				<misses>6070001</misses>
				<total>7</total>
				<timestamp>2183.015021</timestamp>
			</report>
			<report>
				<misses>6071001</misses>
				<total>7</total>
				<timestamp>2183.374597</timestamp>
			</report>
			<report>
				<misses>6072001</misses>
				<total>7</total>
				<timestamp>2183.734282</timestamp>
			</report>
			<report>
				<misses>6073001</misses>
				<total>7</total>
				<timestamp>2184.093912</timestamp>
			</report>
			<report>
				<misses>6074001</misses>
				<total>7</total>
				<timestamp>2184.453536</timestamp>
			</report>
			<report>
				<misses>6075001</misses>
				<total>7</total>
				<timestamp>2184.813186</timestamp>
			</report>
			<report>
				<misses>6076001</misses>
				<total>7</total>
				<timestamp>2185.172811</timestamp>
			</report>
			<report>
				<misses>6077001</misses>
				<total>7</total>
				<timestamp>2185.532488</timestamp>
			</report>
			<report>
				<misses>6078001</misses>
				<total>7</total>
				<timestamp>2185.892145</timestamp>
			</report>
			<report>
				<misses>6079001</misses>
				<total>7</total>
				<timestamp>2186.251734</timestamp>
			</report>
			<report>
				<misses>6080001</misses>
				<total>7</total>
				<timestamp>2186.611508</timestamp>
			</report>
			<report>
				<misses>6081001</misses>
				<total>7</total>
				<timestamp>2186.971012</timestamp>
			</report>
			<report>
				<misses>6082001</misses>
				<total>7</total>
				<timestamp>2187.330645</timestamp>
			</report>
			<report>
				<misses>6083001</misses>
				<total>7</total>
				<timestamp>2187.690401</timestamp>
			</report>
			<report>
				<misses>6084001</misses>
				<total>7</total>
				<timestamp>2188.049961</timestamp>
			</report>
			<report>
				<misses>6085001</misses>
				<total>7</total>
				<timestamp>2188.409576</timestamp>
			</report>
			<report>
				<misses>6086001</misses>
				<total>7</total>
				<timestamp>2188.769228</timestamp>
			</report>
			<report>
				<misses>6087001</misses>
				<total>7</total>
				<timestamp>2189.128862</timestamp>
			</report>
			<report>
				<misses>6088001</misses>
				<total>7</total>
				<timestamp>2189.488574</timestamp>
			</report>
			<report>
				<misses>6089001</misses>
				<total>7</total>
				<timestamp>2189.848155</timestamp>
			</report>
			<report>
				<misses>6090001</misses>
				<total>7</total>
				<timestamp>2190.207792</timestamp>
			</report>
			<report>
				<misses>6091001</misses>
				<total>7</total>
				<timestamp>2190.567462</timestamp>
			</report>
			<report>
				<misses>6092001</misses>
				<total>7</total>
				<timestamp>2190.927100</timestamp>
			</report>
			<report>
				<misses>6093001</misses>
				<total>7</total>
				<timestamp>2191.286745</timestamp>
			</report>
			<report>
				<misses>6094001</misses>
				<total>7</total>
				<timestamp>2191.646359</timestamp>
			</report>
			<report>
				<misses>6095001</misses>
				<total>7</total>
				<timestamp>2192.006015</timestamp>
			</report>
			<report>
				<misses>6096001</misses>
				<total>7</total>
				<timestamp>2192.365623</timestamp>
			</report>
			<report>
				<misses>6097001</misses>
				<total>7</total>
				<timestamp>2192.725261</timestamp>
			</report>
			<report>
				<misses>6098001</misses>
				<total>7</total>
				<timestamp>2193.084943</timestamp>
			</report>
			<report>
				<misses>6099001</misses>
				<total>7</total>
				<timestamp>2193.444600</timestamp>
			</report>
			<report>
				<misses>6100001</misses>
				<total>7</total>
				<timestamp>2193.804201</timestamp>
			</report>
			<report>
				<misses>6101001</misses>
				<total>7</total>
				<timestamp>2194.163846</timestamp>
			</report>
			<report>
				<misses>6102001</misses>
				<total>7</total>
				<timestamp>2194.523457</timestamp>
			</report>
			<report>
				<misses>6103001</misses>
				<total>7</total>
				<timestamp>2194.883165</timestamp>
			</report>
			<report>
				<misses>6104001</misses>
				<total>7</total>
				<timestamp>2195.242737</timestamp>
			</report>
			<report>
				<misses>6105001</misses>
				<total>7</total>
				<timestamp>2195.602415</timestamp>
			</report>
			<report>
				<misses>6106001</misses>
				<total>7</total>
				<timestamp>2195.962060</timestamp>
			</report>
			<report>
				<misses>6107001</misses>
				<total>7</total>
				<timestamp>2196.321697</timestamp>
			</report>
			<report>
				<misses>6108001</misses>
				<total>7</total>
				<timestamp>2196.681349</timestamp>
			</report>
			<report>
				<misses>6109001</misses>
				<total>7</total>
				<timestamp>2197.040965</timestamp>
			</report>
			<report>
				<misses>6110001</misses>
				<total>7</total>
				<timestamp>2197.400651</timestamp>
			</report>
			<report>
				<misses>6111001</misses>
				<total>7</total>
				<timestamp>2197.760273</timestamp>
			</report>
			<report>
				<misses>6112001</misses>
				<total>7</total>
				<timestamp>2198.119860</timestamp>
			</report>
			<report>
				<misses>6113001</misses>
				<total>7</total>
				<timestamp>2198.479528</timestamp>
			</report>
			<report>
				<misses>6114001</misses>
				<total>7</total>
				<timestamp>2198.839184</timestamp>
			</report>
			<report>
				<misses>6115001</misses>
				<total>7</total>
				<timestamp>2199.198852</timestamp>
			</report>
			<report>
				<misses>6116001</misses>
				<total>7</total>
				<timestamp>2199.558468</timestamp>
			</report>
			<report>
				<misses>6117001</misses>
				<total>7</total>
				<timestamp>2199.918095</timestamp>
			</report>
			<report>
				<misses>6118001</misses>
				<total>7</total>
				<timestamp>2200.277704</timestamp>
			</report>
			<report>
				<misses>6119001</misses>
				<total>7</total>
				<timestamp>2200.637356</timestamp>
			</report>
			<report>
				<misses>6120001</misses>
				<total>7</total>
				<timestamp>2200.997038</timestamp>
			</report>
			<report>
				<misses>6121001</misses>
				<total>7</total>
				<timestamp>2201.356625</timestamp>
			</report>
			<report>
				<misses>6122001</misses>
				<total>7</total>
				<timestamp>2201.716287</timestamp>
			</report>
			<report>
				<misses>6123001</misses>
				<total>7</total>
				<timestamp>2202.075968</timestamp>
			</report>
			<report>
				<misses>6124001</misses>
				<total>7</total>
				<timestamp>2202.435574</timestamp>
			</report>
			<report>
				<misses>6125001</misses>
				<total>7</total>
				<timestamp>2202.795230</timestamp>
			</report>
			<report>
				<misses>6126001</misses>
				<total>7</total>
				<timestamp>2203.154841</timestamp>
			</report>
			<report>
				<misses>6127001</misses>
				<total>7</total>
				<timestamp>2203.514498</timestamp>
			</report>
			<report>
				<misses>6128001</misses>
				<total>7</total>
				<timestamp>2203.874163</timestamp>
			</report>
			<report>
				<misses>6129001</misses>
				<total>7</total>
				<timestamp>2204.233769</timestamp>
			</report>
			<report>
				<misses>6130001</misses>
				<total>7</total>
				<timestamp>2204.593364</timestamp>
			</report>
			<report>
				<misses>6131001</misses>
				<total>7</total>
				<timestamp>2204.953062</timestamp>
			</report>
			<report>
				<misses>6132001</misses>
				<total>7</total>
				<timestamp>2205.312648</timestamp>
			</report>
			<report>
				<misses>6133001</misses>
				<total>7</total>
				<timestamp>2205.672291</timestamp>
			</report>
			<report>
				<misses>6134001</misses>
				<total>7</total>
				<timestamp>2206.032055</timestamp>
			</report>
			<report>
				<misses>6135001</misses>
				<total>7</total>
				<timestamp>2206.391618</timestamp>
			</report>
			<report>
				<misses>6136001</misses>
				<total>7</total>
				<timestamp>2206.751345</timestamp>
			</report>
			<report>
				<misses>6137001</misses>
				<total>7</total>
				<timestamp>2207.110875</timestamp>
			</report>
			<report>
				<misses>6138001</misses>
				<total>7</total>
				<timestamp>2207.470517</timestamp>
			</report>
			<report>
				<misses>6139001</misses>
				<total>7</total>
				<timestamp>2207.830214</timestamp>
			</report>
			<report>
				<misses>6140001</misses>
				<total>7</total>
				<timestamp>2208.189770</timestamp>
			</report>
			<report>
				<misses>6141001</misses>
				<total>7</total>
				<timestamp>2208.549502</timestamp>
			</report>
			<report>
				<misses>6142001</misses>
				<total>7</total>
				<timestamp>2208.909122</timestamp>
			</report>
			<report>
				<misses>6143001</misses>
				<total>7</total>
				<timestamp>2209.268681</timestamp>
			</report>
			<report>
				<misses>6144001</misses>
				<total>7</total>
				<timestamp>2209.628430</timestamp>
			</report>
			<report>
				<misses>6145001</misses>
				<total>7</total>
				<timestamp>2209.988042</timestamp>
			</report>
			<report>
				<misses>6146001</misses>
				<total>7</total>
				<timestamp>2210.347656</timestamp>
			</report>
			<report>
				<misses>6147001</misses>
				<total>7</total>
				<timestamp>2210.707305</timestamp>
			</report>
			<report>
				<misses>6148001</misses>
				<total>7</total>
				<timestamp>2211.066993</timestamp>
			</report>
			<report>
				<misses>6149001</misses>
				<total>7</total>
				<timestamp>2211.426558</timestamp>
			</report>
			<report>
				<misses>6150001</misses>
				<total>7</total>
				<timestamp>2211.786231</timestamp>
			</report>
			<report>
				<misses>6151001</misses>
				<total>7</total>
				<timestamp>2212.145821</timestamp>
			</report>
			<report>
				<misses>6152001</misses>
				<total>7</total>
				<timestamp>2212.505461</timestamp>
			</report>
			<report>
				<misses>6153001</misses>
				<total>7</total>
				<timestamp>2212.865120</timestamp>
			</report>
			<report>
				<misses>6154001</misses>
				<total>7</total>
				<timestamp>2213.224758</timestamp>
			</report>
			<report>
				<misses>6155001</misses>
				<total>7</total>
				<timestamp>2213.584388</timestamp>
			</report>
			<report>
				<misses>6156001</misses>
				<total>7</total>
				<timestamp>2213.944117</timestamp>
			</report>
			<report>
				<misses>6157001</misses>
				<total>7</total>
				<timestamp>2214.303677</timestamp>
			</report>
			<report>
				<misses>6158001</misses>
				<total>7</total>
				<timestamp>2214.663335</timestamp>
			</report>
			<report>
				<misses>6159001</misses>
				<total>7</total>
				<timestamp>2215.022947</timestamp>
			</report>
			<report>
				<misses>6160001</misses>
				<total>7</total>
				<timestamp>2215.382619</timestamp>
			</report>
			<report>
				<misses>6161001</misses>
				<total>7</total>
				<timestamp>2215.742212</timestamp>
			</report>
			<report>
				<misses>6162001</misses>
				<total>7</total>
				<timestamp>2216.101872</timestamp>
			</report>
			<report>
				<misses>6163001</misses>
				<total>7</total>
				<timestamp>2216.461543</timestamp>
			</report>
			<report>
				<misses>6164001</misses>
				<total>7</total>
				<timestamp>2216.821208</timestamp>
			</report>
			<report>
				<misses>6165001</misses>
				<total>7</total>
				<timestamp>2217.180799</timestamp>
			</report>
			<report>
				<misses>6166001</misses>
				<total>7</total>
				<timestamp>2217.540444</timestamp>
			</report>
			<report>
				<misses>6167001</misses>
				<total>7</total>
				<timestamp>2217.900088</timestamp>
			</report>
			<report>
				<misses>6168001</misses>
				<total>7</total>
				<timestamp>2218.259705</timestamp>
			</report>
			<report>
				<misses>6169001</misses>
				<total>7</total>
				<timestamp>2218.619367</timestamp>
			</report>
			<report>
				<misses>6170001</misses>
				<total>7</total>
				<timestamp>2218.979033</timestamp>
			</report>
			<report>
				<misses>6171001</misses>
				<total>7</total>
				<timestamp>2219.338730</timestamp>
			</report>
			<report>
				<misses>6172001</misses>
				<total>7</total>
				<timestamp>2219.698310</timestamp>
			</report>
			<report>
				<misses>6173001</misses>
				<total>7</total>
				<timestamp>2220.057946</timestamp>
			</report>
			<report>
				<misses>6174001</misses>
				<total>7</total>
				<timestamp>2220.417537</timestamp>
			</report>
			<report>
				<misses>6175001</misses>
				<total>7</total>
				<timestamp>2220.777163</timestamp>
			</report>
			<report>
				<misses>6176001</misses>
				<total>7</total>
				<timestamp>2221.136832</timestamp>
			</report>
			<report>
				<misses>6177001</misses>
				<total>7</total>
				<timestamp>2221.496465</timestamp>
			</report>
			<report>
				<misses>6178001</misses>
				<total>7</total>
				<timestamp>2221.856136</timestamp>
			</report>
			<report>
				<misses>6179001</misses>
				<total>7</total>
				<timestamp>2222.215770</timestamp>
			</report>
			<report>
				<misses>6180001</misses>
				<total>7</total>
				<timestamp>2222.575458</timestamp>
			</report>
			<report>
				<misses>6181001</misses>
				<total>7</total>
				<timestamp>2222.935126</timestamp>
			</report>
			<report>
				<misses>6182001</misses>
				<total>7</total>
				<timestamp>2223.294720</timestamp>
			</report>
			<report>
				<misses>6183001</misses>
				<total>7</total>
				<timestamp>2223.654330</timestamp>
			</report>
			<report>
				<misses>6184001</misses>
				<total>7</total>
				<timestamp>2224.013936</timestamp>
			</report>
			<report>
				<misses>6185001</misses>
				<total>7</total>
				<timestamp>2224.373587</timestamp>
			</report>
			<report>
				<misses>6186001</misses>
				<total>7</total>
				<timestamp>2224.733238</timestamp>
			</report>
			<report>
				<misses>6187001</misses>
				<total>7</total>
				<timestamp>2225.092883</timestamp>
			</report>
			<report>
				<misses>6188001</misses>
				<total>7</total>
				<timestamp>2225.452495</timestamp>
			</report>
			<report>
				<misses>6189001</misses>
				<total>7</total>
				<timestamp>2225.812212</timestamp>
			</report>
			<report>
				<misses>6190001</misses>
				<total>7</total>
				<timestamp>2226.171797</timestamp>
			</report>
			<report>
				<misses>6191001</misses>
				<total>7</total>
				<timestamp>2226.531475</timestamp>
			</report>
			<report>
				<misses>6192001</misses>
				<total>7</total>
				<timestamp>2226.891076</timestamp>
			</report>
			<report>
				<misses>6193001</misses>
				<total>7</total>
				<timestamp>2227.250724</timestamp>
			</report>
			<report>
				<misses>6194001</misses>
				<total>7</total>
				<timestamp>2227.610351</timestamp>
			</report>
			<report>
				<misses>6195001</misses>
				<total>7</total>
				<timestamp>2227.970077</timestamp>
			</report>
			<report>
				<misses>6196001</misses>
				<total>7</total>
				<timestamp>2228.329751</timestamp>
			</report>
			<report>
				<misses>6197001</misses>
				<total>7</total>
				<timestamp>2228.689290</timestamp>
			</report>
			<report>
				<misses>6198001</misses>
				<total>7</total>
				<timestamp>2229.048926</timestamp>
			</report>
			<report>
				<misses>6199001</misses>
				<total>7</total>
				<timestamp>2229.408586</timestamp>
			</report>
			<report>
				<misses>6200001</misses>
				<total>7</total>
				<timestamp>2229.768186</timestamp>
			</report>
			<report>
				<misses>6201001</misses>
				<total>7</total>
				<timestamp>2230.127854</timestamp>
			</report>
			<report>
				<misses>6202001</misses>
				<total>7</total>
				<timestamp>2230.487450</timestamp>
			</report>
			<report>
				<misses>6203001</misses>
				<total>7</total>
				<timestamp>2230.847093</timestamp>
			</report>
			<report>
				<misses>6204001</misses>
				<total>7</total>
				<timestamp>2231.206847</timestamp>
			</report>
			<report>
				<misses>6205001</misses>
				<total>7</total>
				<timestamp>2231.566364</timestamp>
			</report>
			<report>
				<misses>6206001</misses>
				<total>7</total>
				<timestamp>2231.926027</timestamp>
			</report>
			<report>
				<misses>6207001</misses>
				<total>7</total>
				<timestamp>2232.285758</timestamp>
			</report>
			<report>
				<misses>6208001</misses>
				<total>8</total>
				<timestamp>2232.645313</timestamp>
			</report>
			<report>
				<misses>6209001</misses>
				<total>8</total>
				<timestamp>2233.004996</timestamp>
			</report>
			<report>
				<misses>6210001</misses>
				<total>8</total>
				<timestamp>2233.364568</timestamp>
			</report>
			<report>
				<misses>6211001</misses>
				<total>8</total>
				<timestamp>2233.724245</timestamp>
			</report>
			<report>
				<misses>6212001</misses>
				<total>8</total>
				<timestamp>2234.083888</timestamp>
			</report>
			<report>
				<misses>6213001</misses>
				<total>8</total>
				<timestamp>2234.443546</timestamp>
			</report>
			<report>
				<misses>6214001</misses>
				<total>8</total>
				<timestamp>2234.803161</timestamp>
			</report>
			<report>
				<misses>6215001</misses>
				<total>8</total>
				<timestamp>2235.162877</timestamp>
			</report>
			<report>
				<misses>6216001</misses>
				<total>8</total>
				<timestamp>2235.522425</timestamp>
			</report>
			<report>
				<misses>6217001</misses>
				<total>8</total>
				<timestamp>2235.882069</timestamp>
			</report>
			<report>
				<misses>6218001</misses>
				<total>8</total>
				<timestamp>2236.241771</timestamp>
			</report>
			<report>
				<misses>6219001</misses>
				<total>8</total>
				<timestamp>2236.601384</timestamp>
			</report>
			<report>
				<misses>6220001</misses>
				<total>8</total>
				<timestamp>2236.961017</timestamp>
			</report>
			<report>
				<misses>6221001</misses>
				<total>8</total>
				<timestamp>2237.320644</timestamp>
			</report>
			<report>
				<misses>6222001</misses>
				<total>8</total>
				<timestamp>2237.680263</timestamp>
			</report>
			<report>
				<misses>6223001</misses>
				<total>8</total>
				<timestamp>2238.039924</timestamp>
			</report>
			<report>
				<misses>6224001</misses>
				<total>8</total>
				<timestamp>2238.399517</timestamp>
			</report>
			<report>
				<misses>6225001</misses>
				<total>8</total>
				<timestamp>2238.759238</timestamp>
			</report>
			<report>
				<misses>6226001</misses>
				<total>8</total>
				<timestamp>2239.118825</timestamp>
			</report>
			<report>
				<misses>6227001</misses>
				<total>8</total>
				<timestamp>2239.478447</timestamp>
			</report>
			<report>
				<misses>6228001</misses>
				<total>8</total>
				<timestamp>2239.838122</timestamp>
			</report>
			<report>
				<misses>6229001</misses>
				<total>8</total>
				<timestamp>2240.197744</timestamp>
			</report>
			<report>
				<misses>6230001</misses>
				<total>8</total>
				<timestamp>2240.557366</timestamp>
			</report>
			<report>
				<misses>6231001</misses>
				<total>8</total>
				<timestamp>2240.917032</timestamp>
			</report>
			<report>
				<misses>6232001</misses>
				<total>8</total>
				<timestamp>2241.276643</timestamp>
			</report>
			<report>
				<misses>6233001</misses>
				<total>8</total>
				<timestamp>2241.636372</timestamp>
			</report>
			<report>
				<misses>6234001</misses>
				<total>8</total>
				<timestamp>2241.995968</timestamp>
			</report>
			<report>
				<misses>6235001</misses>
				<total>8</total>
				<timestamp>2242.355585</timestamp>
			</report>
			<report>
				<misses>6236001</misses>
				<total>8</total>
				<timestamp>2242.715233</timestamp>
			</report>
			<report>
				<misses>6237001</misses>
				<total>8</total>
				<timestamp>2243.074917</timestamp>
			</report>
			<report>
				<misses>6238001</misses>
				<total>8</total>
				<timestamp>2243.434573</timestamp>
			</report>
			<report>
				<misses>6239001</misses>
				<total>8</total>
				<timestamp>2243.794179</timestamp>
			</report>
			<report>
				<misses>6240001</misses>
				<total>8</total>
				<timestamp>2244.153813</timestamp>
			</report>
			<report>
				<misses>6241001</misses>
				<total>8</total>
				<timestamp>2244.513433</timestamp>
			</report>
			<report>
				<misses>6242001</misses>
				<total>8</total>
				<timestamp>2244.873066</timestamp>
			</report>
			<report>
				<misses>6243001</misses>
				<total>8</total>
				<timestamp>2245.232708</timestamp>
			</report>
			<report>
				<misses>6244001</misses>
				<total>8</total>
				<timestamp>2245.592357</timestamp>
			</report>
			<report>
				<misses>6245001</misses>
				<total>8</total>
				<timestamp>2245.952073</timestamp>
			</report>
			<report>
				<misses>6246001</misses>
				<total>8</total>
				<timestamp>2246.311654</timestamp>
			</report>
			<report>
				<misses>6247001</misses>
				<total>8</total>
				<timestamp>2246.671313</timestamp>
			</report>
			<report>
				<misses>6248001</misses>
				<total>8</total>
				<timestamp>2247.030969</timestamp>
			</report>
			<report>
				<misses>6249001</misses>
				<total>8</total>
				<timestamp>2247.390557</timestamp>
			</report>
			<report>
				<misses>6250001</misses>
				<total>8</total>
				<timestamp>2247.750273</timestamp>
			</report>
			<report>
				<misses>6251001</misses>
				<total>8</total>
				<timestamp>2248.109884</timestamp>
			</report>
			<report>
				<misses>6252001</misses>
				<total>8</total>
				<timestamp>2248.469473</timestamp>
			</report>
			<report>
				<misses>6253001</misses>
				<total>8</total>
				<timestamp>2248.829104</timestamp>
			</report>
			<report>
				<misses>6254001</misses>
				<total>8</total>
				<timestamp>2249.188748</timestamp>
			</report>
			<report>
				<misses>6255001</misses>
				<total>8</total>
				<timestamp>2249.548382</timestamp>
			</report>
			<report>
				<misses>6256001</misses>
				<total>8</total>
				<timestamp>2249.908040</timestamp>
			</report>
			<report>
				<misses>6257001</misses>
				<total>8</total>
				<timestamp>2250.267716</timestamp>
			</report>
			<report>
				<misses>6258001</misses>
				<total>8</total>
				<timestamp>2250.627318</timestamp>
			</report>
			<report>
				<misses>6259001</misses>
				<total>8</total>
				<timestamp>2250.986964</timestamp>
			</report>
			<report>
				<misses>6260001</misses>
				<total>8</total>
				<timestamp>2251.346568</timestamp>
			</report>
			<report>
				<misses>6261001</misses>
				<total>8</total>
				<timestamp>2251.706270</timestamp>
			</report>
			<report>
				<misses>6262001</misses>
				<total>8</total>
				<timestamp>2252.065963</timestamp>
			</report>
			<report>
				<misses>6263001</misses>
				<total>8</total>
				<timestamp>2252.425499</timestamp>
			</report>
			<report>
				<misses>6264001</misses>
				<total>8</total>
				<timestamp>2252.785122</timestamp>
			</report>
			<report>
				<misses>6265001</misses>
				<total>8</total>
				<timestamp>2253.144826</timestamp>
			</report>
			<report>
				<misses>6266001</misses>
				<total>8</total>
				<timestamp>2253.504453</timestamp>
			</report>
			<report>
				<misses>6267001</misses>
				<total>8</total>
				<timestamp>2253.864062</timestamp>
			</report>
			<report>
				<misses>6268001</misses>
				<total>8</total>
				<timestamp>2254.223842</timestamp>
			</report>
			<report>
				<misses>6269001</misses>
				<total>8</total>
				<timestamp>2254.583335</timestamp>
			</report>
			<report>
				<misses>6270001</misses>
				<total>8</total>
				<timestamp>2254.943008</timestamp>
			</report>
			<report>
				<misses>6271001</misses>
				<total>8</total>
				<timestamp>2255.302645</timestamp>
			</report>
			<report>
				<misses>6272001</misses>
				<total>8</total>
				<timestamp>2255.662262</timestamp>
			</report>
			<report>
				<misses>6273001</misses>
				<total>8</total>
				<timestamp>2256.021901</timestamp>
			</report>
			<report>
				<misses>6274001</misses>
				<total>8</total>
				<timestamp>2256.381582</timestamp>
			</report>
			<report>
				<misses>6275001</misses>
				<total>8</total>
				<timestamp>2256.741212</timestamp>
			</report>
			<report>
				<misses>6276001</misses>
				<total>8</total>
				<timestamp>2257.100858</timestamp>
			</report>
			<report>
				<misses>6277001</misses>
				<total>8</total>
				<timestamp>2257.460474</timestamp>
			</report>
			<report>
				<misses>6278001</misses>
				<total>8</total>
				<timestamp>2257.820101</timestamp>
			</report>
			<report>
				<misses>6279001</misses>
				<total>8</total>
				<timestamp>2258.179761</timestamp>
			</report>
			<report>
				<misses>6280001</misses>
				<total>8</total>
				<timestamp>2258.539424</timestamp>
			</report>
			<report>
				<misses>6281001</misses>
				<total>8</total>
				<timestamp>2258.899078</timestamp>
			</report>
			<report>
				<misses>6282001</misses>
				<total>8</total>
				<timestamp>2259.258685</timestamp>
			</report>
			<report>
				<misses>6283001</misses>
				<total>8</total>
				<timestamp>2259.618333</timestamp>
			</report>
			<report>
				<misses>6284001</misses>
				<total>8</total>
				<timestamp>2259.977951</timestamp>
			</report>
			<report>
				<misses>6285001</misses>
				<total>8</total>
				<timestamp>2260.337577</timestamp>
			</report>
			<report>
				<misses>6286001</misses>
				<total>8</total>
				<timestamp>2260.697218</timestamp>
			</report>
			<report>
				<misses>6287001</misses>
				<total>8</total>
				<timestamp>2261.056849</timestamp>
			</report>
			<report>
				<misses>6288001</misses>
				<total>8</total>
				<timestamp>2261.416560</timestamp>
			</report>
			<report>
				<misses>6289001</misses>
				<total>8</total>
				<timestamp>2261.776136</timestamp>
			</report>
			<report>
				<misses>6290001</misses>
				<total>8</total>
				<timestamp>2262.135820</timestamp>
			</report>
			<report>
				<misses>6291001</misses>
				<total>8</total>
				<timestamp>2262.495477</timestamp>
			</report>
			<report>
				<misses>6292001</misses>
				<total>8</total>
				<timestamp>2262.855145</timestamp>
			</report>
			<report>
				<misses>6293001</misses>
				<total>8</total>
				<timestamp>2263.214708</timestamp>
			</report>
			<report>
				<misses>6294001</misses>
				<total>8</total>
				<timestamp>2263.574381</timestamp>
			</report>
			<report>
				<misses>6295001</misses>
				<total>8</total>
				<timestamp>2263.934022</timestamp>
			</report>
			<report>
				<misses>6296001</misses>
				<total>8</total>
				<timestamp>2264.293774</timestamp>
			</report>
			<report>
				<misses>6297001</misses>
				<total>8</total>
				<timestamp>2264.653249</timestamp>
			</report>
			<report>
				<misses>6298001</misses>
				<total>8</total>
				<timestamp>2265.012904</timestamp>
			</report>
			<report>
				<misses>6299001</misses>
				<total>8</total>
				<timestamp>2265.372582</timestamp>
			</report>
			<report>
				<misses>6300001</misses>
				<total>8</total>
				<timestamp>2265.732187</timestamp>
			</report>
			<report>
				<misses>6301001</misses>
				<total>8</total>
				<timestamp>2266.091842</timestamp>
			</report>
			<report>
				<misses>6302001</misses>
				<total>8</total>
				<timestamp>2266.451462</timestamp>
			</report>
			<report>
				<misses>6303001</misses>
				<total>8</total>
				<timestamp>2266.811124</timestamp>
			</report>
			<report>
				<misses>6304001</misses>
				<total>8</total>
				<timestamp>2267.170736</timestamp>
			</report>
			<report>
				<misses>6305001</misses>
				<total>8</total>
				<timestamp>2267.530373</timestamp>
			</report>
			<report>
				<misses>6306001</misses>
				<total>8</total>
				<timestamp>2267.890035</timestamp>
			</report>
			<report>
				<misses>6307001</misses>
				<total>8</total>
				<timestamp>2268.249721</timestamp>
			</report>
			<report>
				<misses>6308001</misses>
				<total>8</total>
				<timestamp>2268.609294</timestamp>
			</report>
			<report>
				<misses>6309001</misses>
				<total>8</total>
				<timestamp>2268.968953</timestamp>
			</report>
			<report>
				<misses>6310001</misses>
				<total>8</total>
				<timestamp>2269.328620</timestamp>
			</report>
			<report>
				<misses>6311001</misses>
				<total>8</total>
				<timestamp>2269.688277</timestamp>
			</report>
			<report>
				<misses>6312001</misses>
				<total>8</total>
				<timestamp>2270.047852</timestamp>
			</report>
			<report>
				<misses>6313001</misses>
				<total>8</total>
				<timestamp>2270.407491</timestamp>
			</report>
			<report>
				<misses>6314001</misses>
				<total>8</total>
				<timestamp>2270.767206</timestamp>
			</report>
			<report>
				<misses>6315001</misses>
				<total>8</total>
				<timestamp>2271.126851</timestamp>
			</report>
			<report>
				<misses>6316001</misses>
				<total>8</total>
				<timestamp>2271.486483</timestamp>
			</report>
			<report>
				<misses>6317001</misses>
				<total>8</total>
				<timestamp>2271.846061</timestamp>
			</report>
			<report>
				<misses>6318001</misses>
				<total>8</total>
				<timestamp>2272.205700</timestamp>
			</report>
			<report>
				<misses>6319001</misses>
				<total>8</total>
				<timestamp>2272.565326</timestamp>
			</report>
			<report>
				<misses>6320001</misses>
				<total>8</total>
				<timestamp>2272.924992</timestamp>
			</report>
			<report>
				<misses>6321001</misses>
				<total>8</total>
				<timestamp>2273.284699</timestamp>
			</report>
			<report>
				<misses>6322001</misses>
				<total>8</total>
				<timestamp>2273.644270</timestamp>
			</report>
			<report>
				<misses>6323001</misses>
				<total>8</total>
				<timestamp>2274.003885</timestamp>
			</report>
			<report>
				<misses>6324001</misses>
				<total>8</total>
				<timestamp>2274.363593</timestamp>
			</report>
			<report>
				<misses>6325001</misses>
				<total>8</total>
				<timestamp>2274.723208</timestamp>
			</report>
			<report>
				<misses>6326001</misses>
				<total>8</total>
				<timestamp>2275.082828</timestamp>
			</report>
			<report>
				<misses>6327001</misses>
				<total>8</total>
				<timestamp>2275.442462</timestamp>
			</report>
			<report>
				<misses>6328001</misses>
				<total>8</total>
				<timestamp>2275.802122</timestamp>
			</report>
			<report>
				<misses>6329001</misses>
				<total>8</total>
				<timestamp>2276.161757</timestamp>
			</report>
			<report>
				<misses>6330001</misses>
				<total>8</total>
				<timestamp>2276.521368</timestamp>
			</report>
			<report>
				<misses>6331001</misses>
				<total>8</total>
				<timestamp>2276.881074</timestamp>
			</report>
			<report>
				<misses>6332001</misses>
				<total>8</total>
				<timestamp>2277.240657</timestamp>
			</report>
			<report>
				<misses>6333001</misses>
				<total>8</total>
				<timestamp>2277.600294</timestamp>
			</report>
			<report>
				<misses>6334001</misses>
				<total>8</total>
				<timestamp>2277.959934</timestamp>
			</report>
			<report>
				<misses>6335001</misses>
				<total>8</total>
				<timestamp>2278.319670</timestamp>
			</report>
			<report>
				<misses>6336001</misses>
				<total>8</total>
				<timestamp>2278.679263</timestamp>
			</report>
			<report>
				<misses>6337001</misses>
				<total>8</total>
				<timestamp>2279.038859</timestamp>
			</report>
			<report>
				<misses>6338001</misses>
				<total>8</total>
				<timestamp>2279.398503</timestamp>
			</report>
			<report>
				<misses>6339001</misses>
				<total>8</total>
				<timestamp>2279.758186</timestamp>
			</report>
			<report>
				<misses>6340001</misses>
				<total>8</total>
				<timestamp>2280.117770</timestamp>
			</report>
			<report>
				<misses>6341001</misses>
				<total>8</total>
				<timestamp>2280.477434</timestamp>
			</report>
			<report>
				<misses>6342001</misses>
				<total>8</total>
				<timestamp>2280.837105</timestamp>
			</report>
			<report>
				<misses>6343001</misses>
				<total>8</total>
				<timestamp>2281.196758</timestamp>
			</report>
			<report>
				<misses>6344001</misses>
				<total>8</total>
				<timestamp>2281.556372</timestamp>
			</report>
			<report>
				<misses>6345001</misses>
				<total>8</total>
				<timestamp>2281.916057</timestamp>
			</report>
			<report>
				<misses>6346001</misses>
				<total>8</total>
				<timestamp>2282.275684</timestamp>
			</report>
			<report>
				<misses>6347001</misses>
				<total>8</total>
				<timestamp>2282.635279</timestamp>
			</report>
			<report>
				<misses>6348001</misses>
				<total>8</total>
				<timestamp>2282.994939</timestamp>
			</report>
			<report>
				<misses>6349001</misses>
				<total>8</total>
				<timestamp>2283.354607</timestamp>
			</report>
			<report>
				<misses>6350001</misses>
				<total>8</total>
				<timestamp>2283.714188</timestamp>
			</report>
			<report>
				<misses>6351001</misses>
				<total>8</total>
				<timestamp>2284.073834</timestamp>
			</report>
			<report>
				<misses>6352001</misses>
				<total>8</total>
				<timestamp>2284.433473</timestamp>
			</report>
			<report>
				<misses>6353001</misses>
				<total>8</total>
				<timestamp>2284.793103</timestamp>
			</report>
			<report>
				<misses>6354001</misses>
				<total>8</total>
				<timestamp>2285.152740</timestamp>
			</report>
			<report>
				<misses>6355001</misses>
				<total>8</total>
				<timestamp>2285.512469</timestamp>
			</report>
			<report>
				<misses>6356001</misses>
				<total>8</total>
				<timestamp>2285.872064</timestamp>
			</report>
			<report>
				<misses>6357001</misses>
				<total>8</total>
				<timestamp>2286.231678</timestamp>
			</report>
			<report>
				<misses>6358001</misses>
				<total>8</total>
				<timestamp>2286.591364</timestamp>
			</report>
			<report>
				<misses>6359001</misses>
				<total>8</total>
				<timestamp>2286.950966</timestamp>
			</report>
			<report>
				<misses>6360001</misses>
				<total>8</total>
				<timestamp>2287.310658</timestamp>
			</report>
			<report>
				<misses>6361001</misses>
				<total>8</total>
				<timestamp>2287.670276</timestamp>
			</report>
			<report>
				<misses>6362001</misses>
				<total>8</total>
				<timestamp>2288.029854</timestamp>
			</report>
			<report>
				<misses>6363001</misses>
				<total>8</total>
				<timestamp>2288.389546</timestamp>
			</report>
			<report>
				<misses>6364001</misses>
				<total>8</total>
				<timestamp>2288.749144</timestamp>
			</report>
			<report>
				<misses>6365001</misses>
				<total>8</total>
				<timestamp>2289.108817</timestamp>
			</report>
			<report>
				<misses>6366001</misses>
				<total>8</total>
				<timestamp>2289.468433</timestamp>
			</report>
			<report>
				<misses>6367001</misses>
				<total>8</total>
				<timestamp>2289.828090</timestamp>
			</report>
			<report>
				<misses>6368001</misses>
				<total>8</total>
				<timestamp>2290.187713</timestamp>
			</report>
			<report>
				<misses>6369001</misses>
				<total>8</total>
				<timestamp>2290.547382</timestamp>
			</report>
			<report>
				<misses>6370001</misses>
				<total>8</total>
				<timestamp>2290.907004</timestamp>
			</report>
			<report>
				<misses>6371001</misses>
				<total>8</total>
				<timestamp>2291.266625</timestamp>
			</report>
			<report>
				<misses>6372001</misses>
				<total>8</total>
				<timestamp>2291.626265</timestamp>
			</report>
			<report>
				<misses>6373001</misses>
				<total>8</total>
				<timestamp>2291.985950</timestamp>
			</report>
			<report>
				<misses>6374001</misses>
				<total>8</total>
				<timestamp>2292.345560</timestamp>
			</report>
			<report>
				<misses>6375001</misses>
				<total>8</total>
				<timestamp>2292.705230</timestamp>
			</report>
			<report>
				<misses>6376001</misses>
				<total>8</total>
				<timestamp>2293.064815</timestamp>
			</report>
			<report>
				<misses>6377001</misses>
				<total>8</total>
				<timestamp>2293.424565</timestamp>
			</report>
			<report>
				<misses>6378001</misses>
				<total>8</total>
				<timestamp>2293.784100</timestamp>
			</report>
			<report>
				<misses>6379001</misses>
				<total>8</total>
				<timestamp>2294.143815</timestamp>
			</report>
			<report>
				<misses>6380001</misses>
				<total>8</total>
				<timestamp>2294.503413</timestamp>
			</report>
			<report>
				<misses>6381001</misses>
				<total>8</total>
				<timestamp>2294.863126</timestamp>
			</report>
			<report>
				<misses>6382001</misses>
				<total>8</total>
				<timestamp>2295.222662</timestamp>
			</report>
			<report>
				<misses>6383001</misses>
				<total>8</total>
				<timestamp>2295.582349</timestamp>
			</report>
			<report>
				<misses>6384001</misses>
				<total>8</total>
				<timestamp>2295.942043</timestamp>
			</report>
			<report>
				<misses>6385001</misses>
				<total>8</total>
				<timestamp>2296.301661</timestamp>
			</report>
			<report>
				<misses>6386001</misses>
				<total>8</total>
				<timestamp>2296.661211</timestamp>
			</report>
			<report>
				<misses>6387001</misses>
				<total>8</total>
				<timestamp>2297.020858</timestamp>
			</report>
			<report>
				<misses>6388001</misses>
				<total>8</total>
				<timestamp>2297.380643</timestamp>
			</report>
			<report>
				<misses>6389001</misses>
				<total>8</total>
				<timestamp>2297.740213</timestamp>
			</report>
			<report>
				<misses>6390001</misses>
				<total>8</total>
				<timestamp>2298.099868</timestamp>
			</report>
			<report>
				<misses>6391001</misses>
				<total>8</total>
				<timestamp>2298.459429</timestamp>
			</report>
			<report>
				<misses>6392001</misses>
				<total>8</total>
				<timestamp>2298.819093</timestamp>
			</report>
			<report>
				<misses>6393001</misses>
				<total>8</total>
				<timestamp>2299.178715</timestamp>
			</report>
			<report>
				<misses>6394001</misses>
				<total>8</total>
				<timestamp>2299.538393</timestamp>
			</report>
			<report>
				<misses>6395001</misses>
				<total>8</total>
				<timestamp>2299.898046</timestamp>
			</report>
			<report>
				<misses>6396001</misses>
				<total>8</total>
				<timestamp>2300.257674</timestamp>
			</report>
			<report>
				<misses>6397001</misses>
				<total>8</total>
				<timestamp>2300.617300</timestamp>
			</report>
			<report>
				<misses>6398001</misses>
				<total>8</total>
				<timestamp>2300.976912</timestamp>
			</report>
			<report>
				<misses>6399001</misses>
				<total>8</total>
				<timestamp>2301.336679</timestamp>
			</report>
			<report>
				<misses>6400001</misses>
				<total>8</total>
				<timestamp>2301.696252</timestamp>
			</report>
			<report>
				<misses>6401001</misses>
				<total>8</total>
				<timestamp>2302.055817</timestamp>
			</report>
			<report>
				<misses>6402001</misses>
				<total>8</total>
				<timestamp>2302.415494</timestamp>
			</report>
			<report>
				<misses>6403001</misses>
				<total>8</total>
				<timestamp>2302.775159</timestamp>
			</report>
			<report>
				<misses>6404001</misses>
				<total>8</total>
				<timestamp>2303.134728</timestamp>
			</report>
			<report>
				<misses>6405001</misses>
				<total>8</total>
				<timestamp>2303.494469</timestamp>
			</report>
			<report>
				<misses>6406001</misses>
				<total>8</total>
				<timestamp>2303.854057</timestamp>
			</report>
			<report>
				<misses>6407001</misses>
				<total>8</total>
				<timestamp>2304.213660</timestamp>
			</report>
			<report>
				<misses>6408001</misses>
				<total>8</total>
				<timestamp>2304.573425</timestamp>
			</report>
			<report>
				<misses>6409001</misses>
				<total>8</total>
				<timestamp>2304.932947</timestamp>
			</report>
			<report>
				<misses>6410001</misses>
				<total>8</total>
				<timestamp>2305.292618</timestamp>
			</report>
			<report>
				<misses>6411001</misses>
				<total>8</total>
				<timestamp>2305.652257</timestamp>
			</report>
			<report>
				<misses>6412001</misses>
				<total>8</total>
				<timestamp>2306.011947</timestamp>
			</report>
			<report>
				<misses>6413001</misses>
				<total>8</total>
				<timestamp>2306.371562</timestamp>
			</report>
			<report>
				<misses>6414001</misses>
				<total>8</total>
				<timestamp>2306.731175</timestamp>
			</report>
			<report>
				<misses>6415001</misses>
				<total>8</total>
				<timestamp>2307.090784</timestamp>
			</report>
			<report>
				<misses>6416001</misses>
				<total>8</total>
				<timestamp>2307.450455</timestamp>
			</report>
			<report>
				<misses>6417001</misses>
				<total>8</total>
				<timestamp>2307.810053</timestamp>
			</report>
			<report>
				<misses>6418001</misses>
				<total>8</total>
				<timestamp>2308.169700</timestamp>
			</report>
			<report>
				<misses>6419001</misses>
				<total>8</total>
				<timestamp>2308.529429</timestamp>
			</report>
			<report>
				<misses>6420001</misses>
				<total>8</total>
				<timestamp>2308.888994</timestamp>
			</report>
			<report>
				<misses>6421001</misses>
				<total>8</total>
				<timestamp>2309.248612</timestamp>
			</report>
			<report>
				<misses>6422001</misses>
				<total>8</total>
				<timestamp>2309.608348</timestamp>
			</report>
			<report>
				<misses>6423001</misses>
				<total>8</total>
				<timestamp>2309.967941</timestamp>
			</report>
			<report>
				<misses>6424001</misses>
				<total>8</total>
				<timestamp>2310.327566</timestamp>
			</report>
			<report>
				<misses>6425001</misses>
				<total>8</total>
				<timestamp>2310.687199</timestamp>
			</report>
			<report>
				<misses>6426001</misses>
				<total>8</total>
				<timestamp>2311.046854</timestamp>
			</report>
			<report>
				<misses>6427001</misses>
				<total>8</total>
				<timestamp>2311.406524</timestamp>
			</report>
			<report>
				<misses>6428001</misses>
				<total>8</total>
				<timestamp>2311.766100</timestamp>
			</report>
			<report>
				<misses>6429001</misses>
				<total>8</total>
				<timestamp>2312.125740</timestamp>
			</report>
			<report>
				<misses>6430001</misses>
				<total>8</total>
				<timestamp>2312.485410</timestamp>
			</report>
			<report>
				<misses>6431001</misses>
				<total>8</total>
				<timestamp>2312.845128</timestamp>
			</report>
			<report>
				<misses>6432001</misses>
				<total>8</total>
				<timestamp>2313.204711</timestamp>
			</report>
			<report>
				<misses>6433001</misses>
				<total>8</total>
				<timestamp>2313.564424</timestamp>
			</report>
			<report>
				<misses>6434001</misses>
				<total>8</total>
				<timestamp>2313.923932</timestamp>
			</report>
			<report>
				<misses>6435001</misses>
				<total>8</total>
				<timestamp>2314.283571</timestamp>
			</report>
			<report>
				<misses>6436001</misses>
				<total>8</total>
				<timestamp>2314.643217</timestamp>
			</report>
			<report>
				<misses>6437001</misses>
				<total>8</total>
				<timestamp>2315.002964</timestamp>
			</report>
			<report>
				<misses>6438001</misses>
				<total>8</total>
				<timestamp>2315.362513</timestamp>
			</report>
			<report>
				<misses>6439001</misses>
				<total>8</total>
				<timestamp>2315.722172</timestamp>
			</report>
			<report>
				<misses>6440001</misses>
				<total>8</total>
				<timestamp>2316.081814</timestamp>
			</report>
			<report>
				<misses>6441001</misses>
				<total>8</total>
				<timestamp>2316.441505</timestamp>
			</report>
			<report>
				<misses>6442001</misses>
				<total>8</total>
				<timestamp>2316.801087</timestamp>
			</report>
			<report>
				<misses>6443001</misses>
				<total>8</total>
				<timestamp>2317.160683</timestamp>
			</report>
			<report>
				<misses>6444001</misses>
				<total>8</total>
				<timestamp>2317.520390</timestamp>
			</report>
			<report>
				<misses>6445001</misses>
				<total>8</total>
				<timestamp>2317.880036</timestamp>
			</report>
			<report>
				<misses>6446001</misses>
				<total>8</total>
				<timestamp>2318.239669</timestamp>
			</report>
			<report>
				<misses>6447001</misses>
				<total>8</total>
				<timestamp>2318.599291</timestamp>
			</report>
			<report>
				<misses>6448001</misses>
				<total>8</total>
				<timestamp>2318.958913</timestamp>
			</report>
			<report>
				<misses>6449001</misses>
				<total>8</total>
				<timestamp>2319.318569</timestamp>
			</report>
			<report>
				<misses>6450001</misses>
				<total>8</total>
				<timestamp>2319.678198</timestamp>
			</report>
			<report>
				<misses>6451001</misses>
				<total>8</total>
				<timestamp>2320.037835</timestamp>
			</report>
			<report>
				<misses>6452001</misses>
				<total>8</total>
				<timestamp>2320.397504</timestamp>
			</report>
			<report>
				<misses>6453001</misses>
				<total>8</total>
				<timestamp>2320.757086</timestamp>
			</report>
			<report>
				<misses>6454001</misses>
				<total>8</total>
				<timestamp>2321.116782</timestamp>
			</report>
			<report>
				<misses>6455001</misses>
				<total>8</total>
				<timestamp>2321.476416</timestamp>
			</report>
			<report>
				<misses>6456001</misses>
				<total>8</total>
				<timestamp>2321.836113</timestamp>
			</report>
			<report>
				<misses>6457001</misses>
				<total>8</total>
				<timestamp>2322.195704</timestamp>
			</report>
			<report>
				<misses>6458001</misses>
				<total>8</total>
				<timestamp>2322.555399</timestamp>
			</report>
			<report>
				<misses>6459001</misses>
				<total>8</total>
				<timestamp>2322.914935</timestamp>
			</report>
			<report>
				<misses>6460001</misses>
				<total>8</total>
				<timestamp>2323.274651</timestamp>
			</report>
			<report>
				<misses>6461001</misses>
				<total>8</total>
				<timestamp>2323.634221</timestamp>
			</report>
			<report>
				<misses>6462001</misses>
				<total>8</total>
				<timestamp>2323.993892</timestamp>
			</report>
			<report>
				<misses>6463001</misses>
				<total>8</total>
				<timestamp>2324.353502</timestamp>
			</report>
			<report>
				<misses>6464001</misses>
				<total>8</total>
				<timestamp>2324.713250</timestamp>
			</report>
			<report>
				<misses>6465001</misses>
				<total>8</total>
				<timestamp>2325.072824</timestamp>
			</report>
			<report>
				<misses>6466001</misses>
				<total>8</total>
				<timestamp>2325.432440</timestamp>
			</report>
			<report>
				<misses>6467001</misses>
				<total>8</total>
				<timestamp>2325.792051</timestamp>
			</report>
			<report>
				<misses>6468001</misses>
				<total>8</total>
				<timestamp>2326.151714</timestamp>
			</report>
			<report>
				<misses>6469001</misses>
				<total>8</total>
				<timestamp>2326.511345</timestamp>
			</report>
			<report>
				<misses>6470001</misses>
				<total>8</total>
				<timestamp>2326.870993</timestamp>
			</report>
			<report>
				<misses>6471001</misses>
				<total>8</total>
				<timestamp>2327.230625</timestamp>
			</report>
			<report>
				<misses>6472001</misses>
				<total>8</total>
				<timestamp>2327.590283</timestamp>
			</report>
			<report>
				<misses>6473001</misses>
				<total>8</total>
				<timestamp>2327.949918</timestamp>
			</report>
			<report>
				<misses>6474001</misses>
				<total>8</total>
				<timestamp>2328.309597</timestamp>
			</report>
			<report>
				<misses>6475001</misses>
				<total>8</total>
				<timestamp>2328.669235</timestamp>
			</report>
			<report>
				<misses>6476001</misses>
				<total>8</total>
				<timestamp>2329.028903</timestamp>
			</report>
			<report>
				<misses>6477001</misses>
				<total>8</total>
				<timestamp>2329.388496</timestamp>
			</report>
			<report>
				<misses>6478001</misses>
				<total>8</total>
				<timestamp>2329.748141</timestamp>
			</report>
			<report>
				<misses>6479001</misses>
				<total>8</total>
				<timestamp>2330.107804</timestamp>
			</report>
			<report>
				<misses>6480001</misses>
				<total>8</total>
				<timestamp>2330.467455</timestamp>
			</report>
			<report>
				<misses>6481001</misses>
				<total>8</total>
				<timestamp>2330.827070</timestamp>
			</report>
			<report>
				<misses>6482001</misses>
				<total>8</total>
				<timestamp>2331.186677</timestamp>
			</report>
			<report>
				<misses>6483001</misses>
				<total>8</total>
				<timestamp>2331.546371</timestamp>
			</report>
			<report>
				<misses>6484001</misses>
				<total>8</total>
				<timestamp>2331.906002</timestamp>
			</report>
			<report>
				<misses>6485001</misses>
				<total>8</total>
				<timestamp>2332.265591</timestamp>
			</report>
			<report>
				<misses>6486001</misses>
				<total>8</total>
				<timestamp>2332.625260</timestamp>
			</report>
			<report>
				<misses>6487001</misses>
				<total>8</total>
				<timestamp>2332.984872</timestamp>
			</report>
			<report>
				<misses>6488001</misses>
				<total>8</total>
				<timestamp>2333.344532</timestamp>
			</report>
			<report>
				<misses>6489001</misses>
				<total>8</total>
				<timestamp>2333.704159</timestamp>
			</report>
			<report>
				<misses>6490001</misses>
				<total>8</total>
				<timestamp>2334.063789</timestamp>
			</report>
			<report>
				<misses>6491001</misses>
				<total>8</total>
				<timestamp>2334.423508</timestamp>
			</report>
			<report>
				<misses>6492001</misses>
				<total>8</total>
				<timestamp>2334.783046</timestamp>
			</report>
			<report>
				<misses>6493001</misses>
				<total>8</total>
				<timestamp>2335.142740</timestamp>
			</report>
			<report>
				<misses>6494001</misses>
				<total>8</total>
				<timestamp>2335.502363</timestamp>
			</report>
			<report>
				<misses>6495001</misses>
				<total>8</total>
				<timestamp>2335.862006</timestamp>
			</report>
			<report>
				<misses>6496001</misses>
				<total>8</total>
				<timestamp>2336.221663</timestamp>
			</report>
			<report>
				<misses>6497001</misses>
				<total>8</total>
				<timestamp>2336.581371</timestamp>
			</report>
			<report>
				<misses>6498001</misses>
				<total>8</total>
				<timestamp>2336.940972</timestamp>
			</report>
			<report>
				<misses>6499001</misses>
				<total>8</total>
				<timestamp>2337.300538</timestamp>
			</report>
			<report>
				<misses>6500001</misses>
				<total>8</total>
				<timestamp>2337.660216</timestamp>
			</report>
			<report>
				<misses>6501001</misses>
				<total>8</total>
				<timestamp>2338.019846</timestamp>
			</report>
			<report>
				<misses>6502001</misses>
				<total>8</total>
				<timestamp>2338.379455</timestamp>
			</report>
			<report>
				<misses>6503001</misses>
				<total>8</total>
				<timestamp>2338.739139</timestamp>
			</report>
			<report>
				<misses>6504001</misses>
				<total>8</total>
				<timestamp>2339.098734</timestamp>
			</report>
			<report>
				<misses>6505001</misses>
				<total>8</total>
				<timestamp>2339.458433</timestamp>
			</report>
			<report>
				<misses>6506001</misses>
				<total>8</total>
				<timestamp>2339.818029</timestamp>
			</report>
			<report>
				<misses>6507001</misses>
				<total>8</total>
				<timestamp>2340.177662</timestamp>
			</report>
			<report>
				<misses>6508001</misses>
				<total>8</total>
				<timestamp>2340.537324</timestamp>
			</report>
			<report>
				<misses>6509001</misses>
				<total>8</total>
				<timestamp>2340.896947</timestamp>
			</report>
			<report>
				<misses>6510001</misses>
				<total>8</total>
				<timestamp>2341.256591</timestamp>
			</report>
			<report>
				<misses>6511001</misses>
				<total>8</total>
				<timestamp>2341.616242</timestamp>
			</report>
			<report>
				<misses>6512001</misses>
				<total>8</total>
				<timestamp>2341.975878</timestamp>
			</report>
			<report>
				<misses>6513001</misses>
				<total>8</total>
				<timestamp>2342.335503</timestamp>
			</report>
			<report>
				<misses>6514001</misses>
				<total>8</total>
				<timestamp>2342.695174</timestamp>
			</report>
			<report>
				<misses>6515001</misses>
				<total>8</total>
				<timestamp>2343.054805</timestamp>
			</report>
			<report>
				<misses>6516001</misses>
				<total>8</total>
				<timestamp>2343.414416</timestamp>
			</report>
			<report>
				<misses>6517001</misses>
				<total>8</total>
				<timestamp>2343.774118</timestamp>
			</report>
			<report>
				<misses>6518001</misses>
				<total>8</total>
				<timestamp>2344.133703</timestamp>
			</report>
			<report>
				<misses>6519001</misses>
				<total>8</total>
				<timestamp>2344.493371</timestamp>
			</report>
			<report>
				<misses>6520001</misses>
				<total>8</total>
				<timestamp>2344.852994</timestamp>
			</report>
			<report>
				<misses>6521001</misses>
				<total>8</total>
				<timestamp>2345.212652</timestamp>
			</report>
			<report>
				<misses>6522001</misses>
				<total>8</total>
				<timestamp>2345.572358</timestamp>
			</report>
			<report>
				<misses>6523001</misses>
				<total>8</total>
				<timestamp>2345.931905</timestamp>
			</report>
			<report>
				<misses>6524001</misses>
				<total>8</total>
				<timestamp>2346.291555</timestamp>
			</report>
			<report>
				<misses>6525001</misses>
				<total>8</total>
				<timestamp>2346.651220</timestamp>
			</report>
			<report>
				<misses>6526001</misses>
				<total>8</total>
				<timestamp>2347.010833</timestamp>
			</report>
			<report>
				<misses>6527001</misses>
				<total>8</total>
				<timestamp>2347.370477</timestamp>
			</report>
			<report>
				<misses>6528001</misses>
				<total>8</total>
				<timestamp>2347.730219</timestamp>
			</report>
			<report>
				<misses>6529001</misses>
				<total>8</total>
				<timestamp>2348.089739</timestamp>
			</report>
			<report>
				<misses>6530001</misses>
				<total>8</total>
				<timestamp>2348.449367</timestamp>
			</report>
			<report>
				<misses>6531001</misses>
				<total>8</total>
				<timestamp>2348.809011</timestamp>
			</report>
			<report>
				<misses>6532001</misses>
				<total>8</total>
				<timestamp>2349.168778</timestamp>
			</report>
			<report>
				<misses>6533001</misses>
				<total>8</total>
				<timestamp>2349.528305</timestamp>
			</report>
			<report>
				<misses>6534001</misses>
				<total>8</total>
				<timestamp>2349.887974</timestamp>
			</report>
			<report>
				<misses>6535001</misses>
				<total>8</total>
				<timestamp>2350.247631</timestamp>
			</report>
			<report>
				<misses>6536001</misses>
				<total>8</total>
				<timestamp>2350.607252</timestamp>
			</report>
			<report>
				<misses>6537001</misses>
				<total>8</total>
				<timestamp>2350.966859</timestamp>
			</report>
			<report>
				<misses>6538001</misses>
				<total>8</total>
				<timestamp>2351.326616</timestamp>
			</report>
			<report>
				<misses>6539001</misses>
				<total>8</total>
				<timestamp>2351.686171</timestamp>
			</report>
			<report>
				<misses>6540001</misses>
				<total>8</total>
				<timestamp>2352.045775</timestamp>
			</report>
			<report>
				<misses>6541001</misses>
				<total>8</total>
				<timestamp>2352.405443</timestamp>
			</report>
			<report>
				<misses>6542001</misses>
				<total>8</total>
				<timestamp>2352.765116</timestamp>
			</report>
			<report>
				<misses>6543001</misses>
				<total>8</total>
				<timestamp>2353.124788</timestamp>
			</report>
			<report>
				<misses>6544001</misses>
				<total>8</total>
				<timestamp>2353.484383</timestamp>
			</report>
			<report>
				<misses>6545001</misses>
				<total>8</total>
				<timestamp>2353.844049</timestamp>
			</report>
			<report>
				<misses>6546001</misses>
				<total>8</total>
				<timestamp>2354.203635</timestamp>
			</report>
			<report>
				<misses>6547001</misses>
				<total>8</total>
				<timestamp>2354.563310</timestamp>
			</report>
			<report>
				<misses>6548001</misses>
				<total>8</total>
				<timestamp>2354.922946</timestamp>
			</report>
			<report>
				<misses>6549001</misses>
				<total>8</total>
				<timestamp>2355.282546</timestamp>
			</report>
			<report>
				<misses>6550001</misses>
				<total>8</total>
				<timestamp>2355.642213</timestamp>
			</report>
			<report>
				<misses>6551001</misses>
				<total>8</total>
				<timestamp>2356.001868</timestamp>
			</report>
			<report>
				<misses>6552001</misses>
				<total>8</total>
				<timestamp>2356.361472</timestamp>
			</report>
			<report>
				<misses>6553001</misses>
				<total>8</total>
				<timestamp>2356.721156</timestamp>
			</report>
			<report>
				<misses>6554001</misses>
				<total>8</total>
				<timestamp>2357.080744</timestamp>
			</report>
			<report>
				<misses>6555001</misses>
				<total>8</total>
				<timestamp>2357.440362</timestamp>
			</report>
			<report>
				<misses>6556001</misses>
				<total>8</total>
				<timestamp>2357.800026</timestamp>
			</report>
			<report>
				<misses>6557001</misses>
				<total>8</total>
				<timestamp>2358.159733</timestamp>
			</report>
			<report>
				<misses>6558001</misses>
				<total>8</total>
				<timestamp>2358.519350</timestamp>
			</report>
			<report>
				<misses>6559001</misses>
				<total>8</total>
				<timestamp>2358.878960</timestamp>
			</report>
			<report>
				<misses>6560001</misses>
				<total>8</total>
				<timestamp>2359.238601</timestamp>
			</report>
			<report>
				<misses>6561001</misses>
				<total>8</total>
				<timestamp>2359.598237</timestamp>
			</report>
			<report>
				<misses>6562001</misses>
				<total>8</total>
				<timestamp>2359.957896</timestamp>
			</report>
			<report>
				<misses>6563001</misses>
				<total>8</total>
				<timestamp>2360.317484</timestamp>
			</report>
			<report>
				<misses>6564001</misses>
				<total>8</total>
				<timestamp>2360.677199</timestamp>
			</report>
			<report>
				<misses>6565001</misses>
				<total>8</total>
				<timestamp>2361.036855</timestamp>
			</report>
			<report>
				<misses>6566001</misses>
				<total>8</total>
				<timestamp>2361.396425</timestamp>
			</report>
			<report>
				<misses>6567001</misses>
				<total>8</total>
				<timestamp>2361.756134</timestamp>
			</report>
			<report>
				<misses>6568001</misses>
				<total>8</total>
				<timestamp>2362.115732</timestamp>
			</report>
			<report>
				<misses>6569001</misses>
				<total>8</total>
				<timestamp>2362.475340</timestamp>
			</report>
			<report>
				<misses>6570001</misses>
				<total>8</total>
				<timestamp>2362.835030</timestamp>
			</report>
			<report>
				<misses>6571001</misses>
				<total>8</total>
				<timestamp>2363.194682</timestamp>
			</report>
			<report>
				<misses>6572001</misses>
				<total>8</total>
				<timestamp>2363.554319</timestamp>
			</report>
			<report>
				<misses>6573001</misses>
				<total>8</total>
				<timestamp>2363.913910</timestamp>
			</report>
			<report>
				<misses>6574001</misses>
				<total>8</total>
				<timestamp>2364.273541</timestamp>
			</report>
			<report>
				<misses>6575001</misses>
				<total>8</total>
				<timestamp>2364.633263</timestamp>
			</report>
			<report>
				<misses>6576001</misses>
				<total>8</total>
				<timestamp>2364.992844</timestamp>
			</report>
			<report>
				<misses>6577001</misses>
				<total>8</total>
				<timestamp>2365.352449</timestamp>
			</report>
			<report>
				<misses>6578001</misses>
				<total>8</total>
				<timestamp>2365.712192</timestamp>
			</report>
			<report>
				<misses>6579001</misses>
				<total>8</total>
				<timestamp>2366.071738</timestamp>
			</report>
			<report>
				<misses>6580001</misses>
				<total>8</total>
				<timestamp>2366.431396</timestamp>
			</report>
			<report>
				<misses>6581001</misses>
				<total>8</total>
				<timestamp>2366.791136</timestamp>
			</report>
			<report>
				<misses>6582001</misses>
				<total>8</total>
				<timestamp>2367.150704</timestamp>
			</report>
			<report>
				<misses>6583001</misses>
				<total>8</total>
				<timestamp>2367.510352</timestamp>
			</report>
			<report>
				<misses>6584001</misses>
				<total>8</total>
				<timestamp>2367.869947</timestamp>
			</report>
			<report>
				<misses>6585001</misses>
				<total>8</total>
				<timestamp>2368.229621</timestamp>
			</report>
			<report>
				<misses>6586001</misses>
				<total>8</total>
				<timestamp>2368.589225</timestamp>
			</report>
			<report>
				<misses>6587001</misses>
				<total>8</total>
				<timestamp>2368.948854</timestamp>
			</report>
			<report>
				<misses>6588001</misses>
				<total>8</total>
				<timestamp>2369.308519</timestamp>
			</report>
			<report>
				<misses>6589001</misses>
				<total>8</total>
				<timestamp>2369.668201</timestamp>
			</report>
			<report>
				<misses>6590001</misses>
				<total>8</total>
				<timestamp>2370.027864</timestamp>
			</report>
			<report>
				<misses>6591001</misses>
				<total>8</total>
				<timestamp>2370.387424</timestamp>
			</report>
			<report>
				<misses>6592001</misses>
				<total>8</total>
				<timestamp>2370.747108</timestamp>
			</report>
			<report>
				<misses>6593001</misses>
				<total>8</total>
				<timestamp>2371.106741</timestamp>
			</report>
			<report>
				<misses>6594001</misses>
				<total>8</total>
				<timestamp>2371.466372</timestamp>
			</report>
			<report>
				<misses>6595001</misses>
				<total>8</total>
				<timestamp>2371.826133</timestamp>
			</report>
			<report>
				<misses>6596001</misses>
				<total>8</total>
				<timestamp>2372.185617</timestamp>
			</report>
			<report>
				<misses>6597001</misses>
				<total>8</total>
				<timestamp>2372.545301</timestamp>
			</report>
			<report>
				<misses>6598001</misses>
				<total>8</total>
				<timestamp>2372.904973</timestamp>
			</report>
			<report>
				<misses>6599001</misses>
				<total>8</total>
				<timestamp>2373.264537</timestamp>
			</report>
			<report>
				<misses>6600001</misses>
				<total>8</total>
				<timestamp>2373.624303</timestamp>
			</report>
			<report>
				<misses>6601001</misses>
				<total>8</total>
				<timestamp>2373.983825</timestamp>
			</report>
			<report>
				<misses>6602001</misses>
				<total>8</total>
				<timestamp>2374.343451</timestamp>
			</report>
			<report>
				<misses>6603001</misses>
				<total>8</total>
				<timestamp>2374.703170</timestamp>
			</report>
			<report>
				<misses>6604001</misses>
				<total>8</total>
				<timestamp>2375.062748</timestamp>
			</report>
			<report>
				<misses>6605001</misses>
				<total>8</total>
				<timestamp>2375.422426</timestamp>
			</report>
			<report>
				<misses>6606001</misses>
				<total>8</total>
				<timestamp>2375.782055</timestamp>
			</report>
			<report>
				<misses>6607001</misses>
				<total>8</total>
				<timestamp>2376.141677</timestamp>
			</report>
			<report>
				<misses>6608001</misses>
				<total>8</total>
				<timestamp>2376.501298</timestamp>
			</report>
			<report>
				<misses>6609001</misses>
				<total>8</total>
				<timestamp>2376.861044</timestamp>
			</report>
			<report>
				<misses>6610001</misses>
				<total>8</total>
				<timestamp>2377.220579</timestamp>
			</report>
			<report>
				<misses>6611001</misses>
				<total>8</total>
				<timestamp>2377.580215</timestamp>
			</report>
			<report>
				<misses>6612001</misses>
				<total>8</total>
				<timestamp>2377.939916</timestamp>
			</report>
			<report>
				<misses>6613001</misses>
				<total>8</total>
				<timestamp>2378.299549</timestamp>
			</report>
			<report>
				<misses>6614001</misses>
				<total>8</total>
				<timestamp>2378.659176</timestamp>
			</report>
			<report>
				<misses>6615001</misses>
				<total>8</total>
				<timestamp>2379.018865</timestamp>
			</report>
			<report>
				<misses>6616001</misses>
				<total>8</total>
				<timestamp>2379.378411</timestamp>
			</report>
			<report>
				<misses>6617001</misses>
				<total>8</total>
				<timestamp>2379.738162</timestamp>
			</report>
			<report>
				<misses>6618001</misses>
				<total>8</total>
				<timestamp>2380.097704</timestamp>
			</report>
			<report>
				<misses>6619001</misses>
				<total>8</total>
				<timestamp>2380.457433</timestamp>
			</report>
			<report>
				<misses>6620001</misses>
				<total>8</total>
				<timestamp>2380.817017</timestamp>
			</report>
			<report>
				<misses>6621001</misses>
				<total>8</total>
				<timestamp>2381.176617</timestamp>
			</report>
			<report>
				<misses>6622001</misses>
				<total>8</total>
				<timestamp>2381.536261</timestamp>
			</report>
			<report>
				<misses>6623001</misses>
				<total>8</total>
				<timestamp>2381.896008</timestamp>
			</report>
			<report>
				<misses>6624001</misses>
				<total>8</total>
				<timestamp>2382.255547</timestamp>
			</report>
			<report>
				<misses>6625001</misses>
				<total>8</total>
				<timestamp>2382.615181</timestamp>
			</report>
			<report>
				<misses>6626001</misses>
				<total>8</total>
				<timestamp>2382.974869</timestamp>
			</report>
			<report>
				<misses>6627001</misses>
				<total>8</total>
				<timestamp>2383.334473</timestamp>
			</report>
			<report>
				<misses>6628001</misses>
				<total>8</total>
				<timestamp>2383.694123</timestamp>
			</report>
			<report>
				<misses>6629001</misses>
				<total>8</total>
				<timestamp>2384.053741</timestamp>
			</report>
			<report>
				<misses>6630001</misses>
				<total>8</total>
				<timestamp>2384.413353</timestamp>
			</report>
			<report>
				<misses>6631001</misses>
				<total>8</total>
				<timestamp>2384.773045</timestamp>
			</report>
			<report>
				<misses>6632001</misses>
				<total>8</total>
				<timestamp>2385.132723</timestamp>
			</report>
			<report>
				<misses>6633001</misses>
				<total>8</total>
				<timestamp>2385.492296</timestamp>
			</report>
			<report>
				<misses>6634001</misses>
				<total>8</total>
				<timestamp>2385.852059</timestamp>
			</report>
			<report>
				<misses>6635001</misses>
				<total>8</total>
				<timestamp>2386.211649</timestamp>
			</report>
			<report>
				<misses>6636001</misses>
				<total>8</total>
				<timestamp>2386.571253</timestamp>
			</report>
			<report>
				<misses>6637001</misses>
				<total>8</total>
				<timestamp>2386.930912</timestamp>
			</report>
			<report>
				<misses>6638001</misses>
				<total>8</total>
				<timestamp>2387.290610</timestamp>
			</report>
			<report>
				<misses>6639001</misses>
				<total>8</total>
				<timestamp>2387.650166</timestamp>
			</report>
			<report>
				<misses>6640001</misses>
				<total>8</total>
				<timestamp>2388.009776</timestamp>
			</report>
			<report>
				<misses>6641001</misses>
				<total>8</total>
				<timestamp>2388.369444</timestamp>
			</report>
			<report>
				<misses>6642001</misses>
				<total>8</total>
				<timestamp>2388.729126</timestamp>
			</report>
			<report>
				<misses>6643001</misses>
				<total>8</total>
				<timestamp>2389.088690</timestamp>
			</report>
			<report>
				<misses>6644001</misses>
				<total>8</total>
				<timestamp>2389.448378</timestamp>
			</report>
			<report>
				<misses>6645001</misses>
				<total>8</total>
				<timestamp>2389.808009</timestamp>
			</report>
			<report>
				<misses>6646001</misses>
				<total>8</total>
				<timestamp>2390.167635</timestamp>
			</report>
			<report>
				<misses>6647001</misses>
				<total>8</total>
				<timestamp>2390.527260</timestamp>
			</report>
			<report>
				<misses>6648001</misses>
				<total>8</total>
				<timestamp>2390.886939</timestamp>
			</report>
			<report>
				<misses>6649001</misses>
				<total>8</total>
				<timestamp>2391.246534</timestamp>
			</report>
			<report>
				<misses>6650001</misses>
				<total>8</total>
				<timestamp>2391.606179</timestamp>
			</report>
			<report>
				<misses>6651001</misses>
				<total>8</total>
				<timestamp>2391.965836</timestamp>
			</report>
			<report>
				<misses>6652001</misses>
				<total>8</total>
				<timestamp>2392.325526</timestamp>
			</report>
			<report>
				<misses>6653001</misses>
				<total>8</total>
				<timestamp>2392.685117</timestamp>
			</report>
			<report>
				<misses>6654001</misses>
				<total>8</total>
				<timestamp>2393.044735</timestamp>
			</report>
			<report>
				<misses>6655001</misses>
				<total>8</total>
				<timestamp>2393.404451</timestamp>
			</report>
			<report>
				<misses>6656001</misses>
				<total>8</total>
				<timestamp>2393.764080</timestamp>
			</report>
			<report>
				<misses>6657001</misses>
				<total>8</total>
				<timestamp>2394.123740</timestamp>
			</report>
			<report>
				<misses>6658001</misses>
				<total>8</total>
				<timestamp>2394.483336</timestamp>
			</report>
			<report>
				<misses>6659001</misses>
				<total>8</total>
				<timestamp>2394.842965</timestamp>
			</report>
			<report>
				<misses>6660001</misses>
				<total>8</total>
				<timestamp>2395.202594</timestamp>
			</report>
			<report>
				<misses>6661001</misses>
				<total>8</total>
				<timestamp>2395.562317</timestamp>
			</report>
			<report>
				<misses>6662001</misses>
				<total>8</total>
				<timestamp>2395.921899</timestamp>
			</report>
			<report>
				<misses>6663001</misses>
				<total>8</total>
				<timestamp>2396.281498</timestamp>
			</report>
			<report>
				<misses>6664001</misses>
				<total>8</total>
				<timestamp>2396.641144</timestamp>
			</report>
			<report>
				<misses>6665001</misses>
				<total>8</total>
				<timestamp>2397.000838</timestamp>
			</report>
			<report>
				<misses>6666001</misses>
				<total>8</total>
				<timestamp>2397.360474</timestamp>
			</report>
			<report>
				<misses>6667001</misses>
				<total>8</total>
				<timestamp>2397.720090</timestamp>
			</report>
			<report>
				<misses>6668001</misses>
				<total>8</total>
				<timestamp>2398.079767</timestamp>
			</report>
			<report>
				<misses>6669001</misses>
				<total>8</total>
				<timestamp>2398.439339</timestamp>
			</report>
			<report>
				<misses>6670001</misses>
				<total>8</total>
				<timestamp>2398.799052</timestamp>
			</report>
			<report>
				<misses>6671001</misses>
				<total>8</total>
				<timestamp>2399.158655</timestamp>
			</report>
			<report>
				<misses>6672001</misses>
				<total>8</total>
				<timestamp>2399.518262</timestamp>
			</report>
			<report>
				<misses>6673001</misses>
				<total>8</total>
				<timestamp>2399.877956</timestamp>
			</report>
			<report>
				<misses>6674001</misses>
				<total>8</total>
				<timestamp>2400.237588</timestamp>
			</report>
			<report>
				<misses>6675001</misses>
				<total>8</total>
				<timestamp>2400.597172</timestamp>
			</report>
			<report>
				<misses>6676001</misses>
				<total>8</total>
				<timestamp>2400.956870</timestamp>
			</report>
			<report>
				<misses>6677001</misses>
				<total>8</total>
				<timestamp>2401.316473</timestamp>
			</report>
			<report>
				<misses>6678001</misses>
				<total>8</total>
				<timestamp>2401.676096</timestamp>
			</report>
			<report>
				<misses>6679001</misses>
				<total>8</total>
				<timestamp>2402.035759</timestamp>
			</report>
			<report>
				<misses>6680001</misses>
				<total>8</total>
				<timestamp>2402.395405</timestamp>
			</report>
			<report>
				<misses>6681001</misses>
				<total>8</total>
				<timestamp>2402.755031</timestamp>
			</report>
			<report>
				<misses>6682001</misses>
				<total>8</total>
				<timestamp>2403.114669</timestamp>
			</report>
			<report>
				<misses>6683001</misses>
				<total>8</total>
				<timestamp>2403.474318</timestamp>
			</report>
			<report>
				<misses>6684001</misses>
				<total>8</total>
				<timestamp>2403.833973</timestamp>
			</report>
			<report>
				<misses>6685001</misses>
				<total>8</total>
				<timestamp>2404.193597</timestamp>
			</report>
			<report>
				<misses>6686001</misses>
				<total>8</total>
				<timestamp>2404.553224</timestamp>
			</report>
			<report>
				<misses>6687001</misses>
				<total>8</total>
				<timestamp>2404.912876</timestamp>
			</report>
			<report>
				<misses>6688001</misses>
				<total>8</total>
				<timestamp>2405.272513</timestamp>
			</report>
			<report>
				<misses>6689001</misses>
				<total>8</total>
				<timestamp>2405.632241</timestamp>
			</report>
			<report>
				<misses>6690001</misses>
				<total>8</total>
				<timestamp>2405.991805</timestamp>
			</report>
			<report>
				<misses>6691001</misses>
				<total>8</total>
				<timestamp>2406.351464</timestamp>
			</report>
			<report>
				<misses>6692001</misses>
				<total>8</total>
				<timestamp>2406.711122</timestamp>
			</report>
			<report>
				<misses>6693001</misses>
				<total>8</total>
				<timestamp>2407.070706</timestamp>
			</report>
			<report>
				<misses>6694001</misses>
				<total>8</total>
				<timestamp>2407.430337</timestamp>
			</report>
			<report>
				<misses>6695001</misses>
				<total>8</total>
				<timestamp>2407.790034</timestamp>
			</report>
			<report>
				<misses>6696001</misses>
				<total>8</total>
				<timestamp>2408.149610</timestamp>
			</report>
			<report>
				<misses>6697001</misses>
				<total>8</total>
				<timestamp>2408.509262</timestamp>
			</report>
			<report>
				<misses>6698001</misses>
				<total>8</total>
				<timestamp>2408.868948</timestamp>
			</report>
			<report>
				<misses>6699001</misses>
				<total>8</total>
				<timestamp>2409.228547</timestamp>
			</report>
			<report>
				<misses>6700001</misses>
				<total>8</total>
				<timestamp>2409.588169</timestamp>
			</report>
			<report>
				<misses>6701001</misses>
				<total>8</total>
				<timestamp>2409.947963</timestamp>
			</report>
			<report>
				<misses>6702001</misses>
				<total>8</total>
				<timestamp>2410.307533</timestamp>
			</report>
			<report>
				<misses>6703001</misses>
				<total>8</total>
				<timestamp>2410.667186</timestamp>
			</report>
			<report>
				<misses>6704001</misses>
				<total>8</total>
				<timestamp>2411.026736</timestamp>
			</report>
			<report>
				<misses>6705001</misses>
				<total>8</total>
				<timestamp>2411.386411</timestamp>
			</report>
			<report>
				<misses>6706001</misses>
				<total>8</total>
				<timestamp>2411.746093</timestamp>
			</report>
			<report>
				<misses>6707001</misses>
				<total>8</total>
				<timestamp>2412.105665</timestamp>
			</report>
			<report>
				<misses>6708001</misses>
				<total>8</total>
				<timestamp>2412.465293</timestamp>
			</report>
			<report>
				<misses>6709001</misses>
				<total>8</total>
				<timestamp>2412.824945</timestamp>
			</report>
			<report>
				<misses>6710001</misses>
				<total>8</total>
				<timestamp>2413.184628</timestamp>
			</report>
			<report>
				<misses>6711001</misses>
				<total>8</total>
				<timestamp>2413.544219</timestamp>
			</report>
			<report>
				<misses>6712001</misses>
				<total>8</total>
				<timestamp>2413.903894</timestamp>
			</report>
			<report>
				<misses>6713001</misses>
				<total>8</total>
				<timestamp>2414.263560</timestamp>
			</report>
			<report>
				<misses>6714001</misses>
				<total>8</total>
				<timestamp>2414.623155</timestamp>
			</report>
			<report>
				<misses>6715001</misses>
				<total>8</total>
				<timestamp>2414.982847</timestamp>
			</report>
			<report>
				<misses>6716001</misses>
				<total>8</total>
				<timestamp>2415.342455</timestamp>
			</report>
			<report>
				<misses>6717001</misses>
				<total>8</total>
				<timestamp>2415.702083</timestamp>
			</report>
			<report>
				<misses>6718001</misses>
				<total>8</total>
				<timestamp>2416.061768</timestamp>
			</report>
			<report>
				<misses>6719001</misses>
				<total>8</total>
				<timestamp>2416.421398</timestamp>
			</report>
			<report>
				<misses>6720001</misses>
				<total>8</total>
				<timestamp>2416.781007</timestamp>
			</report>
			<report>
				<misses>6721001</misses>
				<total>8</total>
				<timestamp>2417.140628</timestamp>
			</report>
			<report>
				<misses>6722001</misses>
				<total>8</total>
				<timestamp>2417.500262</timestamp>
			</report>
			<report>
				<misses>6723001</misses>
				<total>8</total>
				<timestamp>2417.859922</timestamp>
			</report>
			<report>
				<misses>6724001</misses>
				<total>8</total>
				<timestamp>2418.219572</timestamp>
			</report>
			<report>
				<misses>6725001</misses>
				<total>8</total>
				<timestamp>2418.579188</timestamp>
			</report>
			<report>
				<misses>6726001</misses>
				<total>8</total>
				<timestamp>2418.938865</timestamp>
			</report>
			<report>
				<misses>6727001</misses>
				<total>8</total>
				<timestamp>2419.298532</timestamp>
			</report>
			<report>
				<misses>6728001</misses>
				<total>8</total>
				<timestamp>2419.658084</timestamp>
			</report>
			<report>
				<misses>6729001</misses>
				<total>8</total>
				<timestamp>2420.017736</timestamp>
			</report>
			<report>
				<misses>6730001</misses>
				<total>8</total>
				<timestamp>2420.377388</timestamp>
			</report>
			<report>
				<misses>6731001</misses>
				<total>8</total>
				<timestamp>2420.737046</timestamp>
			</report>
			<report>
				<misses>6732001</misses>
				<total>8</total>
				<timestamp>2421.096672</timestamp>
			</report>
			<report>
				<misses>6733001</misses>
				<total>8</total>
				<timestamp>2421.456312</timestamp>
			</report>
			<report>
				<misses>6734001</misses>
				<total>8</total>
				<timestamp>2421.815953</timestamp>
			</report>
			<report>
				<misses>6735001</misses>
				<total>8</total>
				<timestamp>2422.175688</timestamp>
			</report>
			<report>
				<misses>6736001</misses>
				<total>8</total>
				<timestamp>2422.535256</timestamp>
			</report>
			<report>
				<misses>6737001</misses>
				<total>8</total>
				<timestamp>2422.894862</timestamp>
			</report>
			<report>
				<misses>6738001</misses>
				<total>8</total>
				<timestamp>2423.254567</timestamp>
			</report>
			<report>
				<misses>6739001</misses>
				<total>8</total>
				<timestamp>2423.614168</timestamp>
			</report>
			<report>
				<misses>6740001</misses>
				<total>8</total>
				<timestamp>2423.973818</timestamp>
			</report>
			<report>
				<misses>6741001</misses>
				<total>8</total>
				<timestamp>2424.333537</timestamp>
			</report>
			<report>
				<misses>6742001</misses>
				<total>8</total>
				<timestamp>2424.693131</timestamp>
			</report>
			<report>
				<misses>6743001</misses>
				<total>8</total>
				<timestamp>2425.052735</timestamp>
			</report>
			<report>
				<misses>6744001</misses>
				<total>8</total>
				<timestamp>2425.412394</timestamp>
			</report>
			<report>
				<misses>6745001</misses>
				<total>8</total>
				<timestamp>2425.772099</timestamp>
			</report>
			<report>
				<misses>6746001</misses>
				<total>8</total>
				<timestamp>2426.131657</timestamp>
			</report>
			<report>
				<misses>6747001</misses>
				<total>8</total>
				<timestamp>2426.491251</timestamp>
			</report>
			<report>
				<misses>6748001</misses>
				<total>8</total>
				<timestamp>2426.850952</timestamp>
			</report>
			<report>
				<misses>6749001</misses>
				<total>8</total>
				<timestamp>2427.210526</timestamp>
			</report>
			<report>
				<misses>6750001</misses>
				<total>8</total>
				<timestamp>2427.570187</timestamp>
			</report>
			<report>
				<misses>6751001</misses>
				<total>8</total>
				<timestamp>2427.929850</timestamp>
			</report>
			<report>
				<misses>6752001</misses>
				<total>8</total>
				<timestamp>2428.289449</timestamp>
			</report>
			<report>
				<misses>6753001</misses>
				<total>8</total>
				<timestamp>2428.649087</timestamp>
			</report>
			<report>
				<misses>6754001</misses>
				<total>8</total>
				<timestamp>2429.008768</timestamp>
			</report>
			<report>
				<misses>6755001</misses>
				<total>8</total>
				<timestamp>2429.368414</timestamp>
			</report>
			<report>
				<misses>6756001</misses>
				<total>8</total>
				<timestamp>2429.728030</timestamp>
			</report>
			<report>
				<misses>6757001</misses>
				<total>8</total>
				<timestamp>2430.087666</timestamp>
			</report>
			<report>
				<misses>6758001</misses>
				<total>7</total>
				<timestamp>2430.447490</timestamp>
			</report>
			<report>
				<misses>6759001</misses>
				<total>8</total>
				<timestamp>2430.806989</timestamp>
			</report>
			<report>
				<misses>6760001</misses>
				<total>8</total>
				<timestamp>2431.166601</timestamp>
			</report>
			<report>
				<misses>6761001</misses>
				<total>8</total>
				<timestamp>2431.526237</timestamp>
			</report>
			<report>
				<misses>6762001</misses>
				<total>8</total>
				<timestamp>2431.885899</timestamp>
			</report>
			<report>
				<misses>6763001</misses>
				<total>8</total>
				<timestamp>2432.245498</timestamp>
			</report>
			<report>
				<misses>6764001</misses>
				<total>8</total>
				<timestamp>2432.605215</timestamp>
			</report>
			<report>
				<misses>6765001</misses>
				<total>8</total>
				<timestamp>2432.964834</timestamp>
			</report>
			<report>
				<misses>6766001</misses>
				<total>8</total>
				<timestamp>2433.324444</timestamp>
			</report>
			<report>
				<misses>6767001</misses>
				<total>8</total>
				<timestamp>2433.684154</timestamp>
			</report>
			<report>
				<misses>6768001</misses>
				<total>8</total>
				<timestamp>2434.043817</timestamp>
			</report>
			<report>
				<misses>6769001</misses>
				<total>8</total>
				<timestamp>2434.403355</timestamp>
			</report>
			<report>
				<misses>6770001</misses>
				<total>8</total>
				<timestamp>2434.762977</timestamp>
			</report>
			<report>
				<misses>6771001</misses>
				<total>8</total>
				<timestamp>2435.122646</timestamp>
			</report>
			<report>
				<misses>6772001</misses>
				<total>8</total>
				<timestamp>2435.482326</timestamp>
			</report>
			<report>
				<misses>6773001</misses>
				<total>8</total>
				<timestamp>2435.841915</timestamp>
			</report>
			<report>
				<misses>6774001</misses>
				<total>8</total>
				<timestamp>2436.201584</timestamp>
			</report>
			<report>
				<misses>6775001</misses>
				<total>8</total>
				<timestamp>2436.561196</timestamp>
			</report>
			<report>
				<misses>6776001</misses>
				<total>8</total>
				<timestamp>2436.920837</timestamp>
			</report>
			<report>
				<misses>6777001</misses>
				<total>8</total>
				<timestamp>2437.280489</timestamp>
			</report>
			<report>
				<misses>6778001</misses>
				<total>8</total>
				<timestamp>2437.640108</timestamp>
			</report>
			<report>
				<misses>6779001</misses>
				<total>8</total>
				<timestamp>2437.999832</timestamp>
			</report>
			<report>
				<misses>6780001</misses>
				<total>8</total>
				<timestamp>2438.359411</timestamp>
			</report>
			<report>
				<misses>6781001</misses>
				<total>8</total>
				<timestamp>2438.719063</timestamp>
			</report>
			<report>
				<misses>6782001</misses>
				<total>8</total>
				<timestamp>2439.078662</timestamp>
			</report>
			<report>
				<misses>6783001</misses>
				<total>8</total>
				<timestamp>2439.438335</timestamp>
			</report>
			<report>
				<misses>6784001</misses>
				<total>8</total>
				<timestamp>2439.797944</timestamp>
			</report>
			<report>
				<misses>6785001</misses>
				<total>8</total>
				<timestamp>2440.157595</timestamp>
			</report>
			<report>
				<misses>6786001</misses>
				<total>8</total>
				<timestamp>2440.517265</timestamp>
			</report>
			<report>
				<misses>6787001</misses>
				<total>8</total>
				<timestamp>2440.876916</timestamp>
			</report>
			<report>
				<misses>6788001</misses>
				<total>8</total>
				<timestamp>2441.236497</timestamp>
			</report>
			<report>
				<misses>6789001</misses>
				<total>8</total>
				<timestamp>2441.596167</timestamp>
			</report>
			<report>
				<misses>6790001</misses>
				<total>8</total>
				<timestamp>2441.955823</timestamp>
			</report>
			<report>
				<misses>6791001</misses>
				<total>8</total>
				<timestamp>2442.315492</timestamp>
			</report>
			<report>
				<misses>6792001</misses>
				<total>8</total>
				<timestamp>2442.675067</timestamp>
			</report>
			<report>
				<misses>6793001</misses>
				<total>8</total>
				<timestamp>2443.034738</timestamp>
			</report>
			<report>
				<misses>6794001</misses>
				<total>8</total>
				<timestamp>2443.394332</timestamp>
			</report>
			<report>
				<misses>6795001</misses>
				<total>8</total>
				<timestamp>2443.754051</timestamp>
			</report>
			<report>
				<misses>6796001</misses>
				<total>8</total>
				<timestamp>2444.113658</timestamp>
			</report>
			<report>
				<misses>6797001</misses>
				<total>8</total>
				<timestamp>2444.473335</timestamp>
			</report>
			<report>
				<misses>6798001</misses>
				<total>8</total>
				<timestamp>2444.832891</timestamp>
			</report>
			<report>
				<misses>6799001</misses>
				<total>8</total>
				<timestamp>2445.192587</timestamp>
			</report>
			<report>
				<misses>6800001</misses>
				<total>8</total>
				<timestamp>2445.552255</timestamp>
			</report>
			<report>
				<misses>6801001</misses>
				<total>8</total>
				<timestamp>2445.911817</timestamp>
			</report>
			<report>
				<misses>6802001</misses>
				<total>8</total>
				<timestamp>2446.271459</timestamp>
			</report>
			<report>
				<misses>6803001</misses>
				<total>8</total>
				<timestamp>2446.631128</timestamp>
			</report>
			<report>
				<misses>6804001</misses>
				<total>8</total>
				<timestamp>2446.990789</timestamp>
			</report>
			<report>
				<misses>6805001</misses>
				<total>8</total>
				<timestamp>2447.350387</timestamp>
			</report>
			<report>
				<misses>6806001</misses>
				<total>8</total>
				<timestamp>2447.710021</timestamp>
			</report>
			<report>
				<misses>6807001</misses>
				<total>8</total>
				<timestamp>2448.069667</timestamp>
			</report>
			<report>
				<misses>6808001</misses>
				<total>8</total>
				<timestamp>2448.429325</timestamp>
			</report>
			<report>
				<misses>6809001</misses>
				<total>8</total>
				<timestamp>2448.788985</timestamp>
			</report>
			<report>
				<misses>6810001</misses>
				<total>8</total>
				<timestamp>2449.148621</timestamp>
			</report>
			<report>
				<misses>6811001</misses>
				<total>8</total>
				<timestamp>2449.508225</timestamp>
			</report>
			<report>
				<misses>6812001</misses>
				<total>8</total>
				<timestamp>2449.867903</timestamp>
			</report>
			<report>
				<misses>6813001</misses>
				<total>8</total>
				<timestamp>2450.227580</timestamp>
			</report>
			<report>
				<misses>6814001</misses>
				<total>8</total>
				<timestamp>2450.587144</timestamp>
			</report>
			<report>
				<misses>6815001</misses>
				<total>8</total>
				<timestamp>2450.946794</timestamp>
			</report>
			<report>
				<misses>6816001</misses>
				<total>8</total>
				<timestamp>2451.306452</timestamp>
			</report>
			<report>
				<misses>6817001</misses>
				<total>8</total>
				<timestamp>2451.666081</timestamp>
			</report>
			<report>
				<misses>6818001</misses>
				<total>8</total>
				<timestamp>2452.025701</timestamp>
			</report>
			<report>
				<misses>6819001</misses>
				<total>8</total>
				<timestamp>2452.385375</timestamp>
			</report>
			<report>
				<misses>6820001</misses>
				<total>8</total>
				<timestamp>2452.745095</timestamp>
			</report>
			<report>
				<misses>6821001</misses>
				<total>8</total>
				<timestamp>2453.104769</timestamp>
			</report>
			<report>
				<misses>6822001</misses>
				<total>8</total>
				<timestamp>2453.464299</timestamp>
			</report>
			<report>
				<misses>6823001</misses>
				<total>8</total>
				<timestamp>2453.823906</timestamp>
			</report>
			<report>
				<misses>6824001</misses>
				<total>8</total>
				<timestamp>2454.183655</timestamp>
			</report>
			<report>
				<misses>6825001</misses>
				<total>8</total>
				<timestamp>2454.543175</timestamp>
			</report>
			<report>
				<misses>6826001</misses>
				<total>8</total>
				<timestamp>2454.902859</timestamp>
			</report>
			<report>
				<misses>6827001</misses>
				<total>8</total>
				<timestamp>2455.262503</timestamp>
			</report>
			<report>
				<misses>6828001</misses>
				<total>8</total>
				<timestamp>2455.622223</timestamp>
			</report>
			<report>
				<misses>6829001</misses>
				<total>8</total>
				<timestamp>2455.981772</timestamp>
			</report>
			<report>
				<misses>6830001</misses>
				<total>8</total>
				<timestamp>2456.341409</timestamp>
			</report>
			<report>
				<misses>6831001</misses>
				<total>8</total>
				<timestamp>2456.701077</timestamp>
			</report>
			<report>
				<misses>6832001</misses>
				<total>8</total>
				<timestamp>2457.060672</timestamp>
			</report>
			<report>
				<misses>6833001</misses>
				<total>8</total>
				<timestamp>2457.420395</timestamp>
			</report>
			<report>
				<misses>6834001</misses>
				<total>8</total>
				<timestamp>2457.779938</timestamp>
			</report>
			<report>
				<misses>6835001</misses>
				<total>8</total>
				<timestamp>2458.139636</timestamp>
			</report>
			<report>
				<misses>6836001</misses>
				<total>8</total>
				<timestamp>2458.499224</timestamp>
			</report>
			<report>
				<misses>6837001</misses>
				<total>8</total>
				<timestamp>2458.858918</timestamp>
			</report>
			<report>
				<misses>6838001</misses>
				<total>8</total>
				<timestamp>2459.218505</timestamp>
			</report>
			<report>
				<misses>6839001</misses>
				<total>8</total>
				<timestamp>2459.578174</timestamp>
			</report>
			<report>
				<misses>6840001</misses>
				<total>8</total>
				<timestamp>2459.937780</timestamp>
			</report>
			<report>
				<misses>6841001</misses>
				<total>8</total>
				<timestamp>2460.297500</timestamp>
			</report>
			<report>
				<misses>6842001</misses>
				<total>8</total>
				<timestamp>2460.657043</timestamp>
			</report>
			<report>
				<misses>6843001</misses>
				<total>8</total>
				<timestamp>2461.016692</timestamp>
			</report>
			<report>
				<misses>6844001</misses>
				<total>8</total>
				<timestamp>2461.376330</timestamp>
			</report>
			<report>
				<misses>6845001</misses>
				<total>8</total>
				<timestamp>2461.735986</timestamp>
			</report>
			<report>
				<misses>6846001</misses>
				<total>8</total>
				<timestamp>2462.095680</timestamp>
			</report>
			<report>
				<misses>6847001</misses>
				<total>8</total>
				<timestamp>2462.455345</timestamp>
			</report>
			<report>
				<misses>6848001</misses>
				<total>8</total>
				<timestamp>2462.814957</timestamp>
			</report>
			<report>
				<misses>6849001</misses>
				<total>8</total>
				<timestamp>2463.174570</timestamp>
			</report>
			<report>
				<misses>6850001</misses>
				<total>8</total>
				<timestamp>2463.534187</timestamp>
			</report>
			<report>
				<misses>6851001</misses>
				<total>8</total>
				<timestamp>2463.893878</timestamp>
			</report>
			<report>
				<misses>6852001</misses>
				<total>8</total>
				<timestamp>2464.253475</timestamp>
			</report>
			<report>
				<misses>6853001</misses>
				<total>8</total>
				<timestamp>2464.613219</timestamp>
			</report>
			<report>
				<misses>6854001</misses>
				<total>8</total>
				<timestamp>2464.972763</timestamp>
			</report>
			<report>
				<misses>6855001</misses>
				<total>8</total>
				<timestamp>2465.332458</timestamp>
			</report>
			<report>
				<misses>6856001</misses>
				<total>8</total>
				<timestamp>2465.692089</timestamp>
			</report>
			<report>
				<misses>6857001</misses>
				<total>8</total>
				<timestamp>2466.051647</timestamp>
			</report>
			<report>
				<misses>6858001</misses>
				<total>8</total>
				<timestamp>2466.411335</timestamp>
			</report>
			<report>
				<misses>6859001</misses>
				<total>8</total>
				<timestamp>2466.770947</timestamp>
			</report>
			<report>
				<misses>6860001</misses>
				<total>8</total>
				<timestamp>2467.130689</timestamp>
			</report>
			<report>
				<misses>6861001</misses>
				<total>8</total>
				<timestamp>2467.490268</timestamp>
			</report>
			<report>
				<misses>6862001</misses>
				<total>8</total>
				<timestamp>2467.849969</timestamp>
			</report>
			<report>
				<misses>6863001</misses>
				<total>8</total>
				<timestamp>2468.209523</timestamp>
			</report>
			<report>
				<misses>6864001</misses>
				<total>8</total>
				<timestamp>2468.569159</timestamp>
			</report>
			<report>
				<misses>6865001</misses>
				<total>8</total>
				<timestamp>2468.928762</timestamp>
			</report>
			<report>
				<misses>6866001</misses>
				<total>8</total>
				<timestamp>2469.288417</timestamp>
			</report>
			<report>
				<misses>6867001</misses>
				<total>8</total>
				<timestamp>2469.648074</timestamp>
			</report>
			<report>
				<misses>6868001</misses>
				<total>8</total>
				<timestamp>2470.007741</timestamp>
			</report>
			<report>
				<misses>6869001</misses>
				<total>8</total>
				<timestamp>2470.367374</timestamp>
			</report>
			<report>
				<misses>6870001</misses>
				<total>8</total>
				<timestamp>2470.727057</timestamp>
			</report>
			<report>
				<misses>6871001</misses>
				<total>8</total>
				<timestamp>2471.086614</timestamp>
			</report>
			<report>
				<misses>6872001</misses>
				<total>8</total>
				<timestamp>2471.446268</timestamp>
			</report>
			<report>
				<misses>6873001</misses>
				<total>8</total>
				<timestamp>2471.805930</timestamp>
			</report>
			<report>
				<misses>6874001</misses>
				<total>8</total>
				<timestamp>2472.165674</timestamp>
			</report>
			<report>
				<misses>6875001</misses>
				<total>8</total>
				<timestamp>2472.525232</timestamp>
			</report>
			<report>
				<misses>6876001</misses>
				<total>8</total>
				<timestamp>2472.884843</timestamp>
			</report>
			<report>
				<misses>6877001</misses>
				<total>8</total>
				<timestamp>2473.244480</timestamp>
			</report>
			<report>
				<misses>6878001</misses>
				<total>8</total>
				<timestamp>2473.604149</timestamp>
			</report>
			<report>
				<misses>6879001</misses>
				<total>8</total>
				<timestamp>2473.963734</timestamp>
			</report>
			<report>
				<misses>6880001</misses>
				<total>8</total>
				<timestamp>2474.323405</timestamp>
			</report>
			<report>
				<misses>6881001</misses>
				<total>8</total>
				<timestamp>2474.683060</timestamp>
			</report>
			<report>
				<misses>6882001</misses>
				<total>8</total>
				<timestamp>2475.042678</timestamp>
			</report>
			<report>
				<misses>6883001</misses>
				<total>8</total>
				<timestamp>2475.402383</timestamp>
			</report>
			<report>
				<misses>6884001</misses>
				<total>8</total>
				<timestamp>2475.761986</timestamp>
			</report>
			<report>
				<misses>6885001</misses>
				<total>8</total>
				<timestamp>2476.121577</timestamp>
			</report>
			<report>
				<misses>6886001</misses>
				<total>8</total>
				<timestamp>2476.481227</timestamp>
			</report>
			<report>
				<misses>6887001</misses>
				<total>8</total>
				<timestamp>2476.840946</timestamp>
			</report>
			<report>
				<misses>6888001</misses>
				<total>8</total>
				<timestamp>2477.200542</timestamp>
			</report>
			<report>
				<misses>6889001</misses>
				<total>8</total>
				<timestamp>2477.560163</timestamp>
			</report>
			<report>
				<misses>6890001</misses>
				<total>8</total>
				<timestamp>2477.919822</timestamp>
			</report>
			<report>
				<misses>6891001</misses>
				<total>8</total>
				<timestamp>2478.279423</timestamp>
			</report>
			<report>
				<misses>6892001</misses>
				<total>8</total>
				<timestamp>2478.639085</timestamp>
			</report>
			<report>
				<misses>6893001</misses>
				<total>8</total>
				<timestamp>2478.998722</timestamp>
			</report>
			<report>
				<misses>6894001</misses>
				<total>8</total>
				<timestamp>2479.358377</timestamp>
			</report>
			<report>
				<misses>6895001</misses>
				<total>8</total>
				<timestamp>2479.718010</timestamp>
			</report>
			<report>
				<misses>6896001</misses>
				<total>8</total>
				<timestamp>2480.077643</timestamp>
			</report>
			<report>
				<misses>6897001</misses>
				<total>8</total>
				<timestamp>2480.437337</timestamp>
			</report>
			<report>
				<misses>6898001</misses>
				<total>8</total>
				<timestamp>2480.796892</timestamp>
			</report>
			<report>
				<misses>6899001</misses>
				<total>8</total>
				<timestamp>2481.156542</timestamp>
			</report>
			<report>
				<misses>6900001</misses>
				<total>8</total>
				<timestamp>2481.516197</timestamp>
			</report>
			<report>
				<misses>6901001</misses>
				<total>8</total>
				<timestamp>2481.875810</timestamp>
			</report>
			<report>
				<misses>6902001</misses>
				<total>8</total>
				<timestamp>2482.235490</timestamp>
			</report>
			<report>
				<misses>6903001</misses>
				<total>8</total>
				<timestamp>2482.595128</timestamp>
			</report>
			<report>
				<misses>6904001</misses>
				<total>8</total>
				<timestamp>2482.954783</timestamp>
			</report>
			<report>
				<misses>6905001</misses>
				<total>8</total>
				<timestamp>2483.314392</timestamp>
			</report>
			<report>
				<misses>6906001</misses>
				<total>8</total>
				<timestamp>2483.673999</timestamp>
			</report>
			<report>
				<misses>6907001</misses>
				<total>8</total>
				<timestamp>2484.033670</timestamp>
			</report>
			<report>
				<misses>6908001</misses>
				<total>8</total>
				<timestamp>2484.393301</timestamp>
			</report>
			<report>
				<misses>6909001</misses>
				<total>8</total>
				<timestamp>2484.752935</timestamp>
			</report>
			<report>
				<misses>6910001</misses>
				<total>8</total>
				<timestamp>2485.112585</timestamp>
			</report>
			<report>
				<misses>6911001</misses>
				<total>8</total>
				<timestamp>2485.472214</timestamp>
			</report>
			<report>
				<misses>6912001</misses>
				<total>8</total>
				<timestamp>2485.831854</timestamp>
			</report>
			<report>
				<misses>6913001</misses>
				<total>8</total>
				<timestamp>2486.191529</timestamp>
			</report>
			<report>
				<misses>6914001</misses>
				<total>8</total>
				<timestamp>2486.551174</timestamp>
			</report>
			<report>
				<misses>6915001</misses>
				<total>8</total>
				<timestamp>2486.910818</timestamp>
			</report>
			<report>
				<misses>6916001</misses>
				<total>8</total>
				<timestamp>2487.270493</timestamp>
			</report>
			<report>
				<misses>6917001</misses>
				<total>8</total>
				<timestamp>2487.630050</timestamp>
			</report>
			<report>
				<misses>6918001</misses>
				<total>8</total>
				<timestamp>2487.989721</timestamp>
			</report>
			<report>
				<misses>6919001</misses>
				<total>8</total>
				<timestamp>2488.349407</timestamp>
			</report>
			<report>
				<misses>6920001</misses>
				<total>8</total>
				<timestamp>2488.709014</timestamp>
			</report>
			<report>
				<misses>6921001</misses>
				<total>8</total>
				<timestamp>2489.068617</timestamp>
			</report>
			<report>
				<misses>6922001</misses>
				<total>8</total>
				<timestamp>2489.428316</timestamp>
			</report>
			<report>
				<misses>6923001</misses>
				<total>8</total>
				<timestamp>2489.787902</timestamp>
			</report>
			<report>
				<misses>6924001</misses>
				<total>8</total>
				<timestamp>2490.147532</timestamp>
			</report>
			<report>
				<misses>6925001</misses>
				<total>8</total>
				<timestamp>2490.507174</timestamp>
			</report>
			<report>
				<misses>6926001</misses>
				<total>8</total>
				<timestamp>2490.866857</timestamp>
			</report>
			<report>
				<misses>6927001</misses>
				<total>8</total>
				<timestamp>2491.226507</timestamp>
			</report>
			<report>
				<misses>6928001</misses>
				<total>8</total>
				<timestamp>2491.586097</timestamp>
			</report>
			<report>
				<misses>6929001</misses>
				<total>8</total>
				<timestamp>2491.945750</timestamp>
			</report>
			<report>
				<misses>6930001</misses>
				<total>8</total>
				<timestamp>2492.305463</timestamp>
			</report>
			<report>
				<misses>6931001</misses>
				<total>8</total>
				<timestamp>2492.665047</timestamp>
			</report>
			<report>
				<misses>6932001</misses>
				<total>8</total>
				<timestamp>2493.024710</timestamp>
			</report>
			<report>
				<misses>6933001</misses>
				<total>8</total>
				<timestamp>2493.384311</timestamp>
			</report>
			<report>
				<misses>6934001</misses>
				<total>8</total>
				<timestamp>2493.743925</timestamp>
			</report>
			<report>
				<misses>6935001</misses>
				<total>8</total>
				<timestamp>2494.103606</timestamp>
			</report>
			<report>
				<misses>6936001</misses>
				<total>8</total>
				<timestamp>2494.463259</timestamp>
			</report>
			<report>
				<misses>6937001</misses>
				<total>8</total>
				<timestamp>2494.822847</timestamp>
			</report>
			<report>
				<misses>6938001</misses>
				<total>8</total>
				<timestamp>2495.182512</timestamp>
			</report>
			<report>
				<misses>6939001</misses>
				<total>8</total>
				<timestamp>2495.542285</timestamp>
			</report>
			<report>
				<misses>6940001</misses>
				<total>8</total>
				<timestamp>2495.901815</timestamp>
			</report>
			<report>
				<misses>6941001</misses>
				<total>8</total>
				<timestamp>2496.261489</timestamp>
			</report>
			<report>
				<misses>6942001</misses>
				<total>8</total>
				<timestamp>2496.621043</timestamp>
			</report>
			<report>
				<misses>6943001</misses>
				<total>8</total>
				<timestamp>2496.980701</timestamp>
			</report>
			<report>
				<misses>6944001</misses>
				<total>8</total>
				<timestamp>2497.340404</timestamp>
			</report>
			<report>
				<misses>6945001</misses>
				<total>8</total>
				<timestamp>2497.700026</timestamp>
			</report>
			<report>
				<misses>6946001</misses>
				<total>8</total>
				<timestamp>2498.059690</timestamp>
			</report>
			<report>
				<misses>6947001</misses>
				<total>8</total>
				<timestamp>2498.419254</timestamp>
			</report>
			<report>
				<misses>6948001</misses>
				<total>8</total>
				<timestamp>2498.778935</timestamp>
			</report>
			<report>
				<misses>6949001</misses>
				<total>8</total>
				<timestamp>2499.138561</timestamp>
			</report>
			<report>
				<misses>6950001</misses>
				<total>8</total>
				<timestamp>2499.498201</timestamp>
			</report>
			<report>
				<misses>6951001</misses>
				<total>8</total>
				<timestamp>2499.857832</timestamp>
			</report>
			<report>
				<misses>6952001</misses>
				<total>8</total>
				<timestamp>2500.217470</timestamp>
			</report>
			<report>
				<misses>6953001</misses>
				<total>8</total>
				<timestamp>2500.577164</timestamp>
			</report>
			<report>
				<misses>6954001</misses>
				<total>8</total>
				<timestamp>2500.936752</timestamp>
			</report>
			<report>
				<misses>6955001</misses>
				<total>8</total>
				<timestamp>2501.296394</timestamp>
			</report>
			<report>
				<misses>6956001</misses>
				<total>8</total>
				<timestamp>2501.656021</timestamp>
			</report>
			<report>
				<misses>6957001</misses>
				<total>8</total>
				<timestamp>2502.015652</timestamp>
			</report>
			<report>
				<misses>6958001</misses>
				<total>8</total>
				<timestamp>2502.375399</timestamp>
			</report>
			<report>
				<misses>6959001</misses>
				<total>8</total>
				<timestamp>2502.735014</timestamp>
			</report>
			<report>
				<misses>6960001</misses>
				<total>8</total>
				<timestamp>2503.094586</timestamp>
			</report>
			<report>
				<misses>6961001</misses>
				<total>8</total>
				<timestamp>2503.454302</timestamp>
			</report>
			<report>
				<misses>6962001</misses>
				<total>8</total>
				<timestamp>2503.813905</timestamp>
			</report>
			<report>
				<misses>6963001</misses>
				<total>8</total>
				<timestamp>2504.173518</timestamp>
			</report>
			<report>
				<misses>6964001</misses>
				<total>8</total>
				<timestamp>2504.533174</timestamp>
			</report>
			<report>
				<misses>6965001</misses>
				<total>8</total>
				<timestamp>2504.892774</timestamp>
			</report>
			<report>
				<misses>6966001</misses>
				<total>8</total>
				<timestamp>2505.252409</timestamp>
			</report>
			<report>
				<misses>6967001</misses>
				<total>8</total>
				<timestamp>2505.612075</timestamp>
			</report>
			<report>
				<misses>6968001</misses>
				<total>8</total>
				<timestamp>2505.971684</timestamp>
			</report>
			<report>
				<misses>6969001</misses>
				<total>8</total>
				<timestamp>2506.331351</timestamp>
			</report>
			<report>
				<misses>6970001</misses>
				<total>8</total>
				<timestamp>2506.691034</timestamp>
			</report>
			<report>
				<misses>6971001</misses>
				<total>8</total>
				<timestamp>2507.050622</timestamp>
			</report>
			<report>
				<misses>6972001</misses>
				<total>8</total>
				<timestamp>2507.410281</timestamp>
			</report>
			<report>
				<misses>6973001</misses>
				<total>8</total>
				<timestamp>2507.769928</timestamp>
			</report>
			<report>
				<misses>6974001</misses>
				<total>8</total>
				<timestamp>2508.129547</timestamp>
			</report>
			<report>
				<misses>6975001</misses>
				<total>8</total>
				<timestamp>2508.489167</timestamp>
			</report>
			<report>
				<misses>6976001</misses>
				<total>8</total>
				<timestamp>2508.848856</timestamp>
			</report>
			<report>
				<misses>6977001</misses>
				<total>8</total>
				<timestamp>2509.208505</timestamp>
			</report>
			<report>
				<misses>6978001</misses>
				<total>8</total>
				<timestamp>2509.568157</timestamp>
			</report>
			<report>
				<misses>6979001</misses>
				<total>8</total>
				<timestamp>2509.927727</timestamp>
			</report>
			<report>
				<misses>6980001</misses>
				<total>8</total>
				<timestamp>2510.287435</timestamp>
			</report>
			<report>
				<misses>6981001</misses>
				<total>8</total>
				<timestamp>2510.647060</timestamp>
			</report>
			<report>
				<misses>6982001</misses>
				<total>8</total>
				<timestamp>2511.006652</timestamp>
			</report>
			<report>
				<misses>6983001</misses>
				<total>8</total>
				<timestamp>2511.366344</timestamp>
			</report>
			<report>
				<misses>6984001</misses>
				<total>8</total>
				<timestamp>2511.725925</timestamp>
			</report>
			<report>
				<misses>6985001</misses>
				<total>8</total>
				<timestamp>2512.085591</timestamp>
			</report>
			<report>
				<misses>6986001</misses>
				<total>8</total>
				<timestamp>2512.445247</timestamp>
			</report>
			<report>
				<misses>6987001</misses>
				<total>8</total>
				<timestamp>2512.804870</timestamp>
			</report>
			<report>
				<misses>6988001</misses>
				<total>8</total>
				<timestamp>2513.164600</timestamp>
			</report>
			<report>
				<misses>6989001</misses>
				<total>8</total>
				<timestamp>2513.524150</timestamp>
			</report>
			<report>
				<misses>6990001</misses>
				<total>8</total>
				<timestamp>2513.883806</timestamp>
			</report>
			<report>
				<misses>6991001</misses>
				<total>8</total>
				<timestamp>2514.243413</timestamp>
			</report>
			<report>
				<misses>6992001</misses>
				<total>8</total>
				<timestamp>2514.603067</timestamp>
			</report>
			<report>
				<misses>6993001</misses>
				<total>8</total>
				<timestamp>2514.962704</timestamp>
			</report>
			<report>
				<misses>6994001</misses>
				<total>8</total>
				<timestamp>2515.322383</timestamp>
			</report>
			<report>
				<misses>6995001</misses>
				<total>8</total>
				<timestamp>2515.682030</timestamp>
			</report>
			<report>
				<misses>6996001</misses>
				<total>8</total>
				<timestamp>2516.041660</timestamp>
			</report>
			<report>
				<misses>6997001</misses>
				<total>8</total>
				<timestamp>2516.401255</timestamp>
			</report>
			<report>
				<misses>6998001</misses>
				<total>8</total>
				<timestamp>2516.760933</timestamp>
			</report>
			<report>
				<misses>6999001</misses>
				<total>8</total>
				<timestamp>2517.120579</timestamp>
			</report>
			<report>
				<misses>7000001</misses>
				<total>8</total>
				<timestamp>2517.480191</timestamp>
			</report>
			<report>
				<misses>7001001</misses>
				<total>8</total>
				<timestamp>2517.839860</timestamp>
			</report>
			<report>
				<misses>7002001</misses>
				<total>8</total>
				<timestamp>2518.199465</timestamp>
			</report>
			<report>
				<misses>7003001</misses>
				<total>8</total>
				<timestamp>2518.559128</timestamp>
			</report>
			<report>
				<misses>7004001</misses>
				<total>8</total>
				<timestamp>2518.918731</timestamp>
			</report>
			<report>
				<misses>7005001</misses>
				<total>8</total>
				<timestamp>2519.278409</timestamp>
			</report>
			<report>
				<misses>7006001</misses>
				<total>8</total>
				<timestamp>2519.638093</timestamp>
			</report>
			<report>
				<misses>7007001</misses>
				<total>8</total>
				<timestamp>2519.997722</timestamp>
			</report>
			<report>
				<misses>7008001</misses>
				<total>8</total>
				<timestamp>2520.357309</timestamp>
			</report>
			<report>
				<misses>7009001</misses>
				<total>8</total>
				<timestamp>2520.717076</timestamp>
			</report>
			<report>
				<misses>7010001</misses>
				<total>8</total>
				<timestamp>2521.076623</timestamp>
			</report>
			<report>
				<misses>7011001</misses>
				<total>8</total>
				<timestamp>2521.436261</timestamp>
			</report>
			<report>
				<misses>7012001</misses>
				<total>8</total>
				<timestamp>2521.795901</timestamp>
			</report>
			<report>
				<misses>7013001</misses>
				<total>8</total>
				<timestamp>2522.155503</timestamp>
			</report>
			<report>
				<misses>7014001</misses>
				<total>8</total>
				<timestamp>2522.515159</timestamp>
			</report>
			<report>
				<misses>7015001</misses>
				<total>8</total>
				<timestamp>2522.874833</timestamp>
			</report>
			<report>
				<misses>7016001</misses>
				<total>8</total>
				<timestamp>2523.234414</timestamp>
			</report>
			<report>
				<misses>7017001</misses>
				<total>8</total>
				<timestamp>2523.594128</timestamp>
			</report>
			<report>
				<misses>7018001</misses>
				<total>8</total>
				<timestamp>2523.953705</timestamp>
			</report>
			<report>
				<misses>7019001</misses>
				<total>8</total>
				<timestamp>2524.313333</timestamp>
			</report>
			<report>
				<misses>7020001</misses>
				<total>8</total>
				<timestamp>2524.673011</timestamp>
			</report>
			<report>
				<misses>7021001</misses>
				<total>8</total>
				<timestamp>2525.032689</timestamp>
			</report>
			<report>
				<misses>7022001</misses>
				<total>8</total>
				<timestamp>2525.392277</timestamp>
			</report>
			<report>
				<misses>7023001</misses>
				<total>8</total>
				<timestamp>2525.751953</timestamp>
			</report>
			<report>
				<misses>7024001</misses>
				<total>8</total>
				<timestamp>2526.111589</timestamp>
			</report>
			<report>
				<misses>7025001</misses>
				<total>8</total>
				<timestamp>2526.471205</timestamp>
			</report>
			<report>
				<misses>7026001</misses>
				<total>8</total>
				<timestamp>2526.830831</timestamp>
			</report>
			<report>
				<misses>7027001</misses>
				<total>8</total>
				<timestamp>2527.190551</timestamp>
			</report>
			<report>
				<misses>7028001</misses>
				<total>8</total>
				<timestamp>2527.550205</timestamp>
			</report>
			<report>
				<misses>7029001</misses>
				<total>8</total>
				<timestamp>2527.909734</timestamp>
			</report>
			<report>
				<misses>7030001</misses>
				<total>8</total>
				<timestamp>2528.269395</timestamp>
			</report>
			<report>
				<misses>7031001</misses>
				<total>8</total>
				<timestamp>2528.629068</timestamp>
			</report>
			<report>
				<misses>7032001</misses>
				<total>8</total>
				<timestamp>2528.988643</timestamp>
			</report>
			<report>
				<misses>7033001</misses>
				<total>8</total>
				<timestamp>2529.348408</timestamp>
			</report>
			<report>
				<misses>7034001</misses>
				<total>8</total>
				<timestamp>2529.707953</timestamp>
			</report>
			<report>
				<misses>7035001</misses>
				<total>8</total>
				<timestamp>2530.067577</timestamp>
			</report>
			<report>
				<misses>7036001</misses>
				<total>8</total>
				<timestamp>2530.427226</timestamp>
			</report>
			<report>
				<misses>7037001</misses>
				<total>8</total>
				<timestamp>2530.786907</timestamp>
			</report>
			<report>
				<misses>7038001</misses>
				<total>8</total>
				<timestamp>2531.146507</timestamp>
			</report>
			<report>
				<misses>7039001</misses>
				<total>8</total>
				<timestamp>2531.506154</timestamp>
			</report>
			<report>
				<misses>7040001</misses>
				<total>8</total>
				<timestamp>2531.865835</timestamp>
			</report>
			<report>
				<misses>7041001</misses>
				<total>8</total>
				<timestamp>2532.225421</timestamp>
			</report>
			<report>
				<misses>7042001</misses>
				<total>8</total>
				<timestamp>2532.585101</timestamp>
			</report>
			<report>
				<misses>7043001</misses>
				<total>8</total>
				<timestamp>2532.944699</timestamp>
			</report>
			<report>
				<misses>7044001</misses>
				<total>8</total>
				<timestamp>2533.304387</timestamp>
			</report>
			<report>
				<misses>7045001</misses>
				<total>8</total>
				<timestamp>2533.664053</timestamp>
			</report>
			<report>
				<misses>7046001</misses>
				<total>8</total>
				<timestamp>2534.023619</timestamp>
			</report>
			<report>
				<misses>7047001</misses>
				<total>8</total>
				<timestamp>2534.383339</timestamp>
			</report>
			<report>
				<misses>7048001</misses>
				<total>8</total>
				<timestamp>2534.742891</timestamp>
			</report>
			<report>
				<misses>7049001</misses>
				<total>8</total>
				<timestamp>2535.102589</timestamp>
			</report>
			<report>
				<misses>7050001</misses>
				<total>8</total>
				<timestamp>2535.462230</timestamp>
			</report>
			<report>
				<misses>7051001</misses>
				<total>8</total>
				<timestamp>2535.821906</timestamp>
			</report>
			<report>
				<misses>7052001</misses>
				<total>8</total>
				<timestamp>2536.181506</timestamp>
			</report>
			<report>
				<misses>7053001</misses>
				<total>8</total>
				<timestamp>2536.541126</timestamp>
			</report>
			<report>
				<misses>7054001</misses>
				<total>8</total>
				<timestamp>2536.900731</timestamp>
			</report>
			<report>
				<misses>7055001</misses>
				<total>8</total>
				<timestamp>2537.260404</timestamp>
			</report>
			<report>
				<misses>7056001</misses>
				<total>8</total>
				<timestamp>2537.620052</timestamp>
			</report>
			<report>
				<misses>7057001</misses>
				<total>8</total>
				<timestamp>2537.979739</timestamp>
			</report>
			<report>
				<misses>7058001</misses>
				<total>8</total>
				<timestamp>2538.339338</timestamp>
			</report>
			<report>
				<misses>7059001</misses>
				<total>8</total>
				<timestamp>2538.699004</timestamp>
			</report>
			<report>
				<misses>7060001</misses>
				<total>8</total>
				<timestamp>2539.058572</timestamp>
			</report>
			<report>
				<misses>7061001</misses>
				<total>8</total>
				<timestamp>2539.418251</timestamp>
			</report>
			<report>
				<misses>7062001</misses>
				<total>8</total>
				<timestamp>2539.777867</timestamp>
			</report>
			<report>
				<misses>7063001</misses>
				<total>8</total>
				<timestamp>2540.137509</timestamp>
			</report>
			<report>
				<misses>7064001</misses>
				<total>8</total>
				<timestamp>2540.497166</timestamp>
			</report>
			<report>
				<misses>7065001</misses>
				<total>8</total>
				<timestamp>2540.856869</timestamp>
			</report>
			<report>
				<misses>7066001</misses>
				<total>8</total>
				<timestamp>2541.216423</timestamp>
			</report>
			<report>
				<misses>7067001</misses>
				<total>8</total>
				<timestamp>2541.576160</timestamp>
			</report>
			<report>
				<misses>7068001</misses>
				<total>8</total>
				<timestamp>2541.935701</timestamp>
			</report>
			<report>
				<misses>7069001</misses>
				<total>8</total>
				<timestamp>2542.295351</timestamp>
			</report>
			<report>
				<misses>7070001</misses>
				<total>8</total>
				<timestamp>2542.655006</timestamp>
			</report>
			<report>
				<misses>7071001</misses>
				<total>8</total>
				<timestamp>2543.014655</timestamp>
			</report>
			<report>
				<misses>7072001</misses>
				<total>8</total>
				<timestamp>2543.374284</timestamp>
			</report>
			<report>
				<misses>7073001</misses>
				<total>8</total>
				<timestamp>2543.733964</timestamp>
			</report>
			<report>
				<misses>7074001</misses>
				<total>8</total>
				<timestamp>2544.093570</timestamp>
			</report>
			<report>
				<misses>7075001</misses>
				<total>8</total>
				<timestamp>2544.453173</timestamp>
			</report>
			<report>
				<misses>7076001</misses>
				<total>8</total>
				<timestamp>2544.812953</timestamp>
			</report>
			<report>
				<misses>7077001</misses>
				<total>8</total>
				<timestamp>2545.172490</timestamp>
			</report>
			<report>
				<misses>7078001</misses>
				<total>8</total>
				<timestamp>2545.532082</timestamp>
			</report>
			<report>
				<misses>7079001</misses>
				<total>8</total>
				<timestamp>2545.891753</timestamp>
			</report>
			<report>
				<misses>7080001</misses>
				<total>8</total>
				<timestamp>2546.251374</timestamp>
			</report>
			<report>
				<misses>7081001</misses>
				<total>8</total>
				<timestamp>2546.611115</timestamp>
			</report>
			<report>
				<misses>7082001</misses>
				<total>8</total>
				<timestamp>2546.970782</timestamp>
			</report>
			<report>
				<misses>7083001</misses>
				<total>8</total>
				<timestamp>2547.330479</timestamp>
			</report>
			<report>
				<misses>7084001</misses>
				<total>8</total>
				<timestamp>2547.689998</timestamp>
			</report>
			<report>
				<misses>7085001</misses>
				<total>8</total>
				<timestamp>2548.049589</timestamp>
			</report>
			<report>
				<misses>7086001</misses>
				<total>8</total>
				<timestamp>2548.409206</timestamp>
			</report>
			<report>
				<misses>7087001</misses>
				<total>8</total>
				<timestamp>2548.768933</timestamp>
			</report>
			<report>
				<misses>7088001</misses>
				<total>8</total>
				<timestamp>2549.128577</timestamp>
			</report>
			<report>
				<misses>7089001</misses>
				<total>8</total>
				<timestamp>2549.488130</timestamp>
			</report>
			<report>
				<misses>7090001</misses>
				<total>8</total>
				<timestamp>2549.847896</timestamp>
			</report>
			<report>
				<misses>7091001</misses>
				<total>8</total>
				<timestamp>2550.207430</timestamp>
			</report>
			<report>
				<misses>7092001</misses>
				<total>8</total>
				<timestamp>2550.567106</timestamp>
			</report>
			<report>
				<misses>7093001</misses>
				<total>8</total>
				<timestamp>2550.926777</timestamp>
			</report>
			<report>
				<misses>7094001</misses>
				<total>8</total>
				<timestamp>2551.286463</timestamp>
			</report>
			<report>
				<misses>7095001</misses>
				<total>8</total>
				<timestamp>2551.646041</timestamp>
			</report>
			<report>
				<misses>7096001</misses>
				<total>8</total>
				<timestamp>2552.005685</timestamp>
			</report>
			<report>
				<misses>7097001</misses>
				<total>8</total>
				<timestamp>2552.365249</timestamp>
			</report>
			<report>
				<misses>7098001</misses>
				<total>8</total>
				<timestamp>2552.724990</timestamp>
			</report>
			<report>
				<misses>7099001</misses>
				<total>8</total>
				<timestamp>2553.084591</timestamp>
			</report>
			<report>
				<misses>7100001</misses>
				<total>8</total>
				<timestamp>2553.444213</timestamp>
			</report>
			<report>
				<misses>7101001</misses>
				<total>8</total>
				<timestamp>2553.803860</timestamp>
			</report>
			<report>
				<misses>7102001</misses>
				<total>8</total>
				<timestamp>2554.163449</timestamp>
			</report>
			<report>
				<misses>7103001</misses>
				<total>8</total>
				<timestamp>2554.523127</timestamp>
			</report>
			<report>
				<misses>7104001</misses>
				<total>8</total>
				<timestamp>2554.882806</timestamp>
			</report>
			<report>
				<misses>7105001</misses>
				<total>8</total>
				<timestamp>2555.242385</timestamp>
			</report>
			<report>
				<misses>7106001</misses>
				<total>8</total>
				<timestamp>2555.602052</timestamp>
			</report>
			<report>
				<misses>7107001</misses>
				<total>8</total>
				<timestamp>2555.961699</timestamp>
			</report>
			<report>
				<misses>7108001</misses>
				<total>8</total>
				<timestamp>2556.321359</timestamp>
			</report>
			<report>
				<misses>7109001</misses>
				<total>8</total>
				<timestamp>2556.680986</timestamp>
			</report>
			<report>
				<misses>7110001</misses>
				<total>8</total>
				<timestamp>2557.040593</timestamp>
			</report>
			<report>
				<misses>7111001</misses>
				<total>8</total>
				<timestamp>2557.400230</timestamp>
			</report>
			<report>
				<misses>7112001</misses>
				<total>8</total>
				<timestamp>2557.759909</timestamp>
			</report>
			<report>
				<misses>7113001</misses>
				<total>8</total>
				<timestamp>2558.119484</timestamp>
			</report>
			<report>
				<misses>7114001</misses>
				<total>8</total>
				<timestamp>2558.479143</timestamp>
			</report>
			<report>
				<misses>7115001</misses>
				<total>8</total>
				<timestamp>2558.838906</timestamp>
			</report>
			<report>
				<misses>7116001</misses>
				<total>8</total>
				<timestamp>2559.198483</timestamp>
			</report>
			<report>
				<misses>7117001</misses>
				<total>8</total>
				<timestamp>2559.558062</timestamp>
			</report>
			<report>
				<misses>7118001</misses>
				<total>8</total>
				<timestamp>2559.917710</timestamp>
			</report>
			<report>
				<misses>7119001</misses>
				<total>8</total>
				<timestamp>2560.277374</timestamp>
			</report>
			<report>
				<misses>7120001</misses>
				<total>8</total>
				<timestamp>2560.637043</timestamp>
			</report>
			<report>
				<misses>7121001</misses>
				<total>8</total>
				<timestamp>2560.996615</timestamp>
			</report>
			<report>
				<misses>7122001</misses>
				<total>8</total>
				<timestamp>2561.356287</timestamp>
			</report>
			<report>
				<misses>7123001</misses>
				<total>8</total>
				<timestamp>2561.715926</timestamp>
			</report>
			<report>
				<misses>7124001</misses>
				<total>8</total>
				<timestamp>2562.075545</timestamp>
			</report>
			<report>
				<misses>7125001</misses>
				<total>8</total>
				<timestamp>2562.435220</timestamp>
			</report>
			<report>
				<misses>7126001</misses>
				<total>8</total>
				<timestamp>2562.794864</timestamp>
			</report>
			<report>
				<misses>7127001</misses>
				<total>8</total>
				<timestamp>2563.154449</timestamp>
			</report>
			<report>
				<misses>7128001</misses>
				<total>8</total>
				<timestamp>2563.514100</timestamp>
			</report>
			<report>
				<misses>7129001</misses>
				<total>8</total>
				<timestamp>2563.873757</timestamp>
			</report>
			<report>
				<misses>7130001</misses>
				<total>8</total>
				<timestamp>2564.233458</timestamp>
			</report>
			<report>
				<misses>7131001</misses>
				<total>8</total>
				<timestamp>2564.593053</timestamp>
			</report>
			<report>
				<misses>7132001</misses>
				<total>8</total>
				<timestamp>2564.952675</timestamp>
			</report>
			<report>
				<misses>7133001</misses>
				<total>8</total>
				<timestamp>2565.312279</timestamp>
			</report>
			<report>
				<misses>7134001</misses>
				<total>8</total>
				<timestamp>2565.671987</timestamp>
			</report>
			<report>
				<misses>7135001</misses>
				<total>8</total>
				<timestamp>2566.031575</timestamp>
			</report>
			<report>
				<misses>7136001</misses>
				<total>8</total>
				<timestamp>2566.391205</timestamp>
			</report>
			<report>
				<misses>7137001</misses>
				<total>8</total>
				<timestamp>2566.750910</timestamp>
			</report>
			<report>
				<misses>7138001</misses>
				<total>8</total>
				<timestamp>2567.110550</timestamp>
			</report>
			<report>
				<misses>7139001</misses>
				<total>8</total>
				<timestamp>2567.470134</timestamp>
			</report>
			<report>
				<misses>7140001</misses>
				<total>8</total>
				<timestamp>2567.829808</timestamp>
			</report>
			<report>
				<misses>7141001</misses>
				<total>8</total>
				<timestamp>2568.189455</timestamp>
			</report>
			<report>
				<misses>7142001</misses>
				<total>8</total>
				<timestamp>2568.549139</timestamp>
			</report>
			<report>
				<misses>7143001</misses>
				<total>8</total>
				<timestamp>2568.908761</timestamp>
			</report>
			<report>
				<misses>7144001</misses>
				<total>8</total>
				<timestamp>2569.268349</timestamp>
			</report>
			<report>
				<misses>7145001</misses>
				<total>8</total>
				<timestamp>2569.628034</timestamp>
			</report>
			<report>
				<misses>7146001</misses>
				<total>8</total>
				<timestamp>2569.987640</timestamp>
			</report>
			<report>
				<misses>7147001</misses>
				<total>8</total>
				<timestamp>2570.347331</timestamp>
			</report>
			<report>
				<misses>7148001</misses>
				<total>8</total>
				<timestamp>2570.706903</timestamp>
			</report>
			<report>
				<misses>7149001</misses>
				<total>8</total>
				<timestamp>2571.066599</timestamp>
			</report>
			<report>
				<misses>7150001</misses>
				<total>8</total>
				<timestamp>2571.426174</timestamp>
			</report>
			<report>
				<misses>7151001</misses>
				<total>8</total>
				<timestamp>2571.785864</timestamp>
			</report>
			<report>
				<misses>7152001</misses>
				<total>8</total>
				<timestamp>2572.145455</timestamp>
			</report>
			<report>
				<misses>7153001</misses>
				<total>8</total>
				<timestamp>2572.505174</timestamp>
			</report>
			<report>
				<misses>7154001</misses>
				<total>8</total>
				<timestamp>2572.864782</timestamp>
			</report>
			<report>
				<misses>7155001</misses>
				<total>8</total>
				<timestamp>2573.224424</timestamp>
			</report>
			<report>
				<misses>7156001</misses>
				<total>8</total>
				<timestamp>2573.584067</timestamp>
			</report>
			<report>
				<misses>7157001</misses>
				<total>8</total>
				<timestamp>2573.943652</timestamp>
			</report>
			<report>
				<misses>7158001</misses>
				<total>8</total>
				<timestamp>2574.303413</timestamp>
			</report>
			<report>
				<misses>7159001</misses>
				<total>8</total>
				<timestamp>2574.662926</timestamp>
			</report>
			<report>
				<misses>7160001</misses>
				<total>8</total>
				<timestamp>2575.022594</timestamp>
			</report>
			<report>
				<misses>7161001</misses>
				<total>8</total>
				<timestamp>2575.382215</timestamp>
			</report>
			<report>
				<misses>7162001</misses>
				<total>8</total>
				<timestamp>2575.741866</timestamp>
			</report>
			<report>
				<misses>7163001</misses>
				<total>8</total>
				<timestamp>2576.101547</timestamp>
			</report>
			<report>
				<misses>7164001</misses>
				<total>8</total>
				<timestamp>2576.461172</timestamp>
			</report>
			<report>
				<misses>7165001</misses>
				<total>8</total>
				<timestamp>2576.820800</timestamp>
			</report>
			<report>
				<misses>7166001</misses>
				<total>8</total>
				<timestamp>2577.180438</timestamp>
			</report>
			<report>
				<misses>7167001</misses>
				<total>8</total>
				<timestamp>2577.540173</timestamp>
			</report>
			<report>
				<misses>7168001</misses>
				<total>8</total>
				<timestamp>2577.899734</timestamp>
			</report>
			<report>
				<misses>7169001</misses>
				<total>8</total>
				<timestamp>2578.259343</timestamp>
			</report>
			<report>
				<misses>7170001</misses>
				<total>8</total>
				<timestamp>2578.619000</timestamp>
			</report>
			<report>
				<misses>7171001</misses>
				<total>8</total>
				<timestamp>2578.978623</timestamp>
			</report>
			<report>
				<misses>7172001</misses>
				<total>8</total>
				<timestamp>2579.338252</timestamp>
			</report>
			<report>
				<misses>7173001</misses>
				<total>8</total>
				<timestamp>2579.697966</timestamp>
			</report>
			<report>
				<misses>7174001</misses>
				<total>8</total>
				<timestamp>2580.057600</timestamp>
			</report>
			<report>
				<misses>7175001</misses>
				<total>8</total>
				<timestamp>2580.417223</timestamp>
			</report>
			<report>
				<misses>7176001</misses>
				<total>8</total>
				<timestamp>2580.776867</timestamp>
			</report>
			<report>
				<misses>7177001</misses>
				<total>8</total>
				<timestamp>2581.136462</timestamp>
			</report>
			<report>
				<misses>7178001</misses>
				<total>8</total>
				<timestamp>2581.496114</timestamp>
			</report>
			<report>
				<misses>7179001</misses>
				<total>8</total>
				<timestamp>2581.855734</timestamp>
			</report>
			<report>
				<misses>7180001</misses>
				<total>8</total>
				<timestamp>2582.215386</timestamp>
			</report>
			<report>
				<misses>7181001</misses>
				<total>8</total>
				<timestamp>2582.575103</timestamp>
			</report>
			<report>
				<misses>7182001</misses>
				<total>8</total>
				<timestamp>2582.934703</timestamp>
			</report>
			<report>
				<misses>7183001</misses>
				<total>8</total>
				<timestamp>2583.294315</timestamp>
			</report>
			<report>
				<misses>7184001</misses>
				<total>8</total>
				<timestamp>2583.653939</timestamp>
			</report>
			<report>
				<misses>7185001</misses>
				<total>8</total>
				<timestamp>2584.013590</timestamp>
			</report>
			<report>
				<misses>7186001</misses>
				<total>8</total>
				<timestamp>2584.373234</timestamp>
			</report>
			<report>
				<misses>7187001</misses>
				<total>8</total>
				<timestamp>2584.732855</timestamp>
			</report>
			<report>
				<misses>7188001</misses>
				<total>8</total>
				<timestamp>2585.092490</timestamp>
			</report>
			<report>
				<misses>7189001</misses>
				<total>8</total>
				<timestamp>2585.452162</timestamp>
			</report>
			<report>
				<misses>7190001</misses>
				<total>8</total>
				<timestamp>2585.811806</timestamp>
			</report>
			<report>
				<misses>7191001</misses>
				<total>8</total>
				<timestamp>2586.171497</timestamp>
			</report>
			<report>
				<misses>7192001</misses>
				<total>8</total>
				<timestamp>2586.531074</timestamp>
			</report>
			<report>
				<misses>7193001</misses>
				<total>8</total>
				<timestamp>2586.890723</timestamp>
			</report>
			<report>
				<misses>7194001</misses>
				<total>8</total>
				<timestamp>2587.250338</timestamp>
			</report>
			<report>
				<misses>7195001</misses>
				<total>8</total>
				<timestamp>2587.609989</timestamp>
			</report>
			<report>
				<misses>7196001</misses>
				<total>8</total>
				<timestamp>2587.969678</timestamp>
			</report>
			<report>
				<misses>7197001</misses>
				<total>8</total>
				<timestamp>2588.329324</timestamp>
			</report>
			<report>
				<misses>7198001</misses>
				<total>8</total>
				<timestamp>2588.688977</timestamp>
			</report>
			<report>
				<misses>7199001</misses>
				<total>8</total>
				<timestamp>2589.048607</timestamp>
			</report>
			<report>
				<misses>7200001</misses>
				<total>8</total>
				<timestamp>2589.408227</timestamp>
			</report>
			<report>
				<misses>7201001</misses>
				<total>8</total>
				<timestamp>2589.767830</timestamp>
			</report>
			<report>
				<misses>7202001</misses>
				<total>8</total>
				<timestamp>2590.127527</timestamp>
			</report>
			<report>
				<misses>7203001</misses>
				<total>8</total>
				<timestamp>2590.487097</timestamp>
			</report>
			<report>
				<misses>7204001</misses>
				<total>8</total>
				<timestamp>2590.846770</timestamp>
			</report>
			<report>
				<misses>7205001</misses>
				<total>8</total>
				<timestamp>2591.206396</timestamp>
			</report>
			<report>
				<misses>7206001</misses>
				<total>8</total>
				<timestamp>2591.566040</timestamp>
			</report>
			<report>
				<misses>7207001</misses>
				<total>8</total>
				<timestamp>2591.925724</timestamp>
			</report>
			<report>
				<misses>7208001</misses>
				<total>8</total>
				<timestamp>2592.285330</timestamp>
			</report>
			<report>
				<misses>7209001</misses>
				<total>8</total>
				<timestamp>2592.644954</timestamp>
			</report>
			<report>
				<misses>7210001</misses>
				<total>8</total>
				<timestamp>2593.004610</timestamp>
			</report>
			<report>
				<misses>7211001</misses>
				<total>8</total>
				<timestamp>2593.364221</timestamp>
			</report>
			<report>
				<misses>7212001</misses>
				<total>8</total>
				<timestamp>2593.723867</timestamp>
			</report>
			<report>
				<misses>7213001</misses>
				<total>8</total>
				<timestamp>2594.083498</timestamp>
			</report>
			<report>
				<misses>7214001</misses>
				<total>8</total>
				<timestamp>2594.443176</timestamp>
			</report>
			<report>
				<misses>7215001</misses>
				<total>8</total>
				<timestamp>2594.802793</timestamp>
			</report>
			<report>
				<misses>7216001</misses>
				<total>8</total>
				<timestamp>2595.162420</timestamp>
			</report>
			<report>
				<misses>7217001</misses>
				<total>8</total>
				<timestamp>2595.522074</timestamp>
			</report>
			<report>
				<misses>7218001</misses>
				<total>8</total>
				<timestamp>2595.881763</timestamp>
			</report>
			<report>
				<misses>7219001</misses>
				<total>8</total>
				<timestamp>2596.241343</timestamp>
			</report>
			<report>
				<misses>7220001</misses>
				<total>8</total>
				<timestamp>2596.601003</timestamp>
			</report>
			<report>
				<misses>7221001</misses>
				<total>8</total>
				<timestamp>2596.960658</timestamp>
			</report>
			<report>
				<misses>7222001</misses>
				<total>8</total>
				<timestamp>2597.320255</timestamp>
			</report>
			<report>
				<misses>7223001</misses>
				<total>8</total>
				<timestamp>2597.679928</timestamp>
			</report>
			<report>
				<misses>7224001</misses>
				<total>8</total>
				<timestamp>2598.039593</timestamp>
			</report>
			<report>
				<misses>7225001</misses>
				<total>8</total>
				<timestamp>2598.399205</timestamp>
			</report>
			<report>
				<misses>7226001</misses>
				<total>8</total>
				<timestamp>2598.758810</timestamp>
			</report>
			<report>
				<misses>7227001</misses>
				<total>8</total>
				<timestamp>2599.118462</timestamp>
			</report>
			<report>
				<misses>7228001</misses>
				<total>8</total>
				<timestamp>2599.478114</timestamp>
			</report>
			<report>
				<misses>7229001</misses>
				<total>8</total>
				<timestamp>2599.837751</timestamp>
			</report>
			<report>
				<misses>7230001</misses>
				<total>8</total>
				<timestamp>2600.197375</timestamp>
			</report>
			<report>
				<misses>7231001</misses>
				<total>8</total>
				<timestamp>2600.557089</timestamp>
			</report>
			<report>
				<misses>7232001</misses>
				<total>8</total>
				<timestamp>2600.916714</timestamp>
			</report>
			<report>
				<misses>7233001</misses>
				<total>8</total>
				<timestamp>2601.276296</timestamp>
			</report>
			<report>
				<misses>7234001</misses>
				<total>8</total>
				<timestamp>2601.636004</timestamp>
			</report>
			<report>
				<misses>7235001</misses>
				<total>8</total>
				<timestamp>2601.995684</timestamp>
			</report>
			<report>
				<misses>7236001</misses>
				<total>8</total>
				<timestamp>2602.355234</timestamp>
			</report>
			<report>
				<misses>7237001</misses>
				<total>8</total>
				<timestamp>2602.714914</timestamp>
			</report>
			<report>
				<misses>7238001</misses>
				<total>8</total>
				<timestamp>2603.074537</timestamp>
			</report>
			<report>
				<misses>7239001</misses>
				<total>8</total>
				<timestamp>2603.434228</timestamp>
			</report>
			<report>
				<misses>7240001</misses>
				<total>8</total>
				<timestamp>2603.793790</timestamp>
			</report>
			<report>
				<misses>7241001</misses>
				<total>8</total>
				<timestamp>2604.153456</timestamp>
			</report>
			<report>
				<misses>7242001</misses>
				<total>8</total>
				<timestamp>2604.513068</timestamp>
			</report>
			<report>
				<misses>7243001</misses>
				<total>8</total>
				<timestamp>2604.872766</timestamp>
			</report>
			<report>
				<misses>7244001</misses>
				<total>8</total>
				<timestamp>2605.232327</timestamp>
			</report>
			<report>
				<misses>7245001</misses>
				<total>8</total>
				<timestamp>2605.591988</timestamp>
			</report>
			<report>
				<misses>7246001</misses>
				<total>8</total>
				<timestamp>2605.951682</timestamp>
			</report>
			<report>
				<misses>7247001</misses>
				<total>8</total>
				<timestamp>2606.311252</timestamp>
			</report>
			<report>
				<misses>7248001</misses>
				<total>8</total>
				<timestamp>2606.670997</timestamp>
			</report>
			<report>
				<misses>7249001</misses>
				<total>8</total>
				<timestamp>2607.030596</timestamp>
			</report>
			<report>
				<misses>7250001</misses>
				<total>8</total>
				<timestamp>2607.390177</timestamp>
			</report>
			<report>
				<misses>7251001</misses>
				<total>8</total>
				<timestamp>2607.749812</timestamp>
			</report>
			<report>
				<misses>7252001</misses>
				<total>8</total>
				<timestamp>2608.109484</timestamp>
			</report>
			<report>
				<misses>7253001</misses>
				<total>8</total>
				<timestamp>2608.469163</timestamp>
			</report>
			<report>
				<misses>7254001</misses>
				<total>8</total>
				<timestamp>2608.828733</timestamp>
			</report>
			<report>
				<misses>7255001</misses>
				<total>8</total>
				<timestamp>2609.188371</timestamp>
			</report>
			<report>
				<misses>7256001</misses>
				<total>8</total>
				<timestamp>2609.548051</timestamp>
			</report>
			<report>
				<misses>7257001</misses>
				<total>8</total>
				<timestamp>2609.907669</timestamp>
			</report>
			<report>
				<misses>7258001</misses>
				<total>8</total>
				<timestamp>2610.267329</timestamp>
			</report>
			<report>
				<misses>7259001</misses>
				<total>8</total>
				<timestamp>2610.626960</timestamp>
			</report>
			<report>
				<misses>7260001</misses>
				<total>8</total>
				<timestamp>2610.986570</timestamp>
			</report>
			<report>
				<misses>7261001</misses>
				<total>8</total>
				<timestamp>2611.346272</timestamp>
			</report>
			<report>
				<misses>7262001</misses>
				<total>8</total>
				<timestamp>2611.705904</timestamp>
			</report>
			<report>
				<misses>7263001</misses>
				<total>8</total>
				<timestamp>2612.065518</timestamp>
			</report>
			<report>
				<misses>7264001</misses>
				<total>8</total>
				<timestamp>2612.425162</timestamp>
			</report>
			<report>
				<misses>7265001</misses>
				<total>8</total>
				<timestamp>2612.784776</timestamp>
			</report>
			<report>
				<misses>7266001</misses>
				<total>8</total>
				<timestamp>2613.144478</timestamp>
			</report>
			<report>
				<misses>7267001</misses>
				<total>8</total>
				<timestamp>2613.504052</timestamp>
			</report>
			<report>
				<misses>7268001</misses>
				<total>8</total>
				<timestamp>2613.863791</timestamp>
			</report>
			<report>
				<misses>7269001</misses>
				<total>8</total>
				<timestamp>2614.223337</timestamp>
			</report>
			<report>
				<misses>7270001</misses>
				<total>8</total>
				<timestamp>2614.582997</timestamp>
			</report>
			<report>
				<misses>7271001</misses>
				<total>8</total>
				<timestamp>2614.942726</timestamp>
			</report>
			<report>
				<misses>7272001</misses>
				<total>8</total>
				<timestamp>2615.302294</timestamp>
			</report>
			<report>
				<misses>7273001</misses>
				<total>8</total>
				<timestamp>2615.661910</timestamp>
			</report>
			<report>
				<misses>7274001</misses>
				<total>8</total>
				<timestamp>2616.021553</timestamp>
			</report>
			<report>
				<misses>7275001</misses>
				<total>8</total>
				<timestamp>2616.381191</timestamp>
			</report>
			<report>
				<misses>7276001</misses>
				<total>8</total>
				<timestamp>2616.740884</timestamp>
			</report>
			<report>
				<misses>7277001</misses>
				<total>8</total>
				<timestamp>2617.100549</timestamp>
			</report>
			<report>
				<misses>7278001</misses>
				<total>8</total>
				<timestamp>2617.460101</timestamp>
			</report>
			<report>
				<misses>7279001</misses>
				<total>8</total>
				<timestamp>2617.819765</timestamp>
			</report>
			<report>
				<misses>7280001</misses>
				<total>8</total>
				<timestamp>2618.179400</timestamp>
			</report>
			<report>
				<misses>7281001</misses>
				<total>8</total>
				<timestamp>2618.539081</timestamp>
			</report>
			<report>
				<misses>7282001</misses>
				<total>8</total>
				<timestamp>2618.898652</timestamp>
			</report>
			<report>
				<misses>7283001</misses>
				<total>8</total>
				<timestamp>2619.258283</timestamp>
			</report>
			<report>
				<misses>7284001</misses>
				<total>8</total>
				<timestamp>2619.617940</timestamp>
			</report>
			<report>
				<misses>7285001</misses>
				<total>8</total>
				<timestamp>2619.977614</timestamp>
			</report>
			<report>
				<misses>7286001</misses>
				<total>8</total>
				<timestamp>2620.337230</timestamp>
			</report>
			<report>
				<misses>7287001</misses>
				<total>8</total>
				<timestamp>2620.696849</timestamp>
			</report>
			<report>
				<misses>7288001</misses>
				<total>8</total>
				<timestamp>2621.056542</timestamp>
			</report>
			<report>
				<misses>7289001</misses>
				<total>8</total>
				<timestamp>2621.416144</timestamp>
			</report>
			<report>
				<misses>7290001</misses>
				<total>8</total>
				<timestamp>2621.775809</timestamp>
			</report>
			<report>
				<misses>7291001</misses>
				<total>8</total>
				<timestamp>2622.135522</timestamp>
			</report>
			<report>
				<misses>7292001</misses>
				<total>8</total>
				<timestamp>2622.495085</timestamp>
			</report>
			<report>
				<misses>7293001</misses>
				<total>8</total>
				<timestamp>2622.854767</timestamp>
			</report>
			<report>
				<misses>7294001</misses>
				<total>8</total>
				<timestamp>2623.214353</timestamp>
			</report>
			<report>
				<misses>7295001</misses>
				<total>8</total>
				<timestamp>2623.574056</timestamp>
			</report>
			<report>
				<misses>7296001</misses>
				<total>8</total>
				<timestamp>2623.933644</timestamp>
			</report>
			<report>
				<misses>7297001</misses>
				<total>8</total>
				<timestamp>2624.293334</timestamp>
			</report>
			<report>
				<misses>7298001</misses>
				<total>8</total>
				<timestamp>2624.652887</timestamp>
			</report>
			<report>
				<misses>7299001</misses>
				<total>8</total>
				<timestamp>2625.012551</timestamp>
			</report>
			<report>
				<misses>7300001</misses>
				<total>8</total>
				<timestamp>2625.372202</timestamp>
			</report>
			<report>
				<misses>7301001</misses>
				<total>8</total>
				<timestamp>2625.731946</timestamp>
			</report>
			<report>
				<misses>7302001</misses>
				<total>8</total>
				<timestamp>2626.091481</timestamp>
			</report>
			<report>
				<misses>7303001</misses>
				<total>8</total>
				<timestamp>2626.451107</timestamp>
			</report>
			<report>
				<misses>7304001</misses>
				<total>8</total>
				<timestamp>2626.810727</timestamp>
			</report>
			<report>
				<misses>7305001</misses>
				<total>8</total>
				<timestamp>2627.170462</timestamp>
			</report>
			<report>
				<misses>7306001</misses>
				<total>8</total>
				<timestamp>2627.530112</timestamp>
			</report>
			<report>
				<misses>7307001</misses>
				<total>8</total>
				<timestamp>2627.889706</timestamp>
			</report>
			<report>
				<misses>7308001</misses>
				<total>8</total>
				<timestamp>2628.249311</timestamp>
			</report>
			<report>
				<misses>7309001</misses>
				<total>8</total>
				<timestamp>2628.609002</timestamp>
			</report>
			<report>
				<misses>7310001</misses>
				<total>8</total>
				<timestamp>2628.968627</timestamp>
			</report>
			<report>
				<misses>7311001</misses>
				<total>8</total>
				<timestamp>2629.328220</timestamp>
			</report>
			<report>
				<misses>7312001</misses>
				<total>8</total>
				<timestamp>2629.687894</timestamp>
			</report>
			<report>
				<misses>7313001</misses>
				<total>8</total>
				<timestamp>2630.047559</timestamp>
			</report>
			<report>
				<misses>7314001</misses>
				<total>8</total>
				<timestamp>2630.407149</timestamp>
			</report>
			<report>
				<misses>7315001</misses>
				<total>8</total>
				<timestamp>2630.766801</timestamp>
			</report>
			<report>
				<misses>7316001</misses>
				<total>8</total>
				<timestamp>2631.126447</timestamp>
			</report>
			<report>
				<misses>7317001</misses>
				<total>8</total>
				<timestamp>2631.486098</timestamp>
			</report>
			<report>
				<misses>7318001</misses>
				<total>8</total>
				<timestamp>2631.845758</timestamp>
			</report>
			<report>
				<misses>7319001</misses>
				<total>8</total>
				<timestamp>2632.205444</timestamp>
			</report>
			<report>
				<misses>7320001</misses>
				<total>8</total>
				<timestamp>2632.564998</timestamp>
			</report>
			<report>
				<misses>7321001</misses>
				<total>8</total>
				<timestamp>2632.924632</timestamp>
			</report>
			<report>
				<misses>7322001</misses>
				<total>8</total>
				<timestamp>2633.284312</timestamp>
			</report>
			<report>
				<misses>7323001</misses>
				<total>8</total>
				<timestamp>2633.643913</timestamp>
			</report>
			<report>
				<misses>7324001</misses>
				<total>8</total>
				<timestamp>2634.003679</timestamp>
			</report>
			<report>
				<misses>7325001</misses>
				<total>8</total>
				<timestamp>2634.363199</timestamp>
			</report>
			<report>
				<misses>7326001</misses>
				<total>8</total>
				<timestamp>2634.722854</timestamp>
			</report>
			<report>
				<misses>7327001</misses>
				<total>8</total>
				<timestamp>2635.082523</timestamp>
			</report>
			<report>
				<misses>7328001</misses>
				<total>8</total>
				<timestamp>2635.442164</timestamp>
			</report>
			<report>
				<misses>7329001</misses>
				<total>8</total>
				<timestamp>2635.801743</timestamp>
			</report>
			<report>
				<misses>7330001</misses>
				<total>8</total>
				<timestamp>2636.161422</timestamp>
			</report>
			<report>
				<misses>7331001</misses>
				<total>8</total>
				<timestamp>2636.521043</timestamp>
			</report>
			<report>
				<misses>7332001</misses>
				<total>8</total>
				<timestamp>2636.880696</timestamp>
			</report>
			<report>
				<misses>7333001</misses>
				<total>8</total>
				<timestamp>2637.240325</timestamp>
			</report>
			<report>
				<misses>7334001</misses>
				<total>8</total>
				<timestamp>2637.599941</timestamp>
			</report>
			<report>
				<misses>7335001</misses>
				<total>8</total>
				<timestamp>2637.959613</timestamp>
			</report>
			<report>
				<misses>7336001</misses>
				<total>8</total>
				<timestamp>2638.319224</timestamp>
			</report>
			<report>
				<misses>7337001</misses>
				<total>8</total>
				<timestamp>2638.678882</timestamp>
			</report>
			<report>
				<misses>7338001</misses>
				<total>8</total>
				<timestamp>2639.038512</timestamp>
			</report>
			<report>
				<misses>7339001</misses>
				<total>8</total>
				<timestamp>2639.398154</timestamp>
			</report>
			<report>
				<misses>7340001</misses>
				<total>8</total>
				<timestamp>2639.757784</timestamp>
			</report>
			<report>
				<misses>7341001</misses>
				<total>8</total>
				<timestamp>2640.117480</timestamp>
			</report>
			<report>
				<misses>7342001</misses>
				<total>8</total>
				<timestamp>2640.477115</timestamp>
			</report>
			<report>
				<misses>7343001</misses>
				<total>8</total>
				<timestamp>2640.836752</timestamp>
			</report>
			<report>
				<misses>7344001</misses>
				<total>8</total>
				<timestamp>2641.196387</timestamp>
			</report>
			<report>
				<misses>7345001</misses>
				<total>8</total>
				<timestamp>2641.556084</timestamp>
			</report>
			<report>
				<misses>7346001</misses>
				<total>8</total>
				<timestamp>2641.915662</timestamp>
			</report>
			<report>
				<misses>7347001</misses>
				<total>8</total>
				<timestamp>2642.275249</timestamp>
			</report>
			<report>
				<misses>7348001</misses>
				<total>8</total>
				<timestamp>2642.634935</timestamp>
			</report>
			<report>
				<misses>7349001</misses>
				<total>8</total>
				<timestamp>2642.994535</timestamp>
			</report>
			<report>
				<misses>7350001</misses>
				<total>8</total>
				<timestamp>2643.354208</timestamp>
			</report>
			<report>
				<misses>7351001</misses>
				<total>8</total>
				<timestamp>2643.713862</timestamp>
			</report>
			<report>
				<misses>7352001</misses>
				<total>8</total>
				<timestamp>2644.073545</timestamp>
			</report>
			<report>
				<misses>7353001</misses>
				<total>8</total>
				<timestamp>2644.433094</timestamp>
			</report>
			<report>
				<misses>7354001</misses>
				<total>8</total>
				<timestamp>2644.792760</timestamp>
			</report>
			<report>
				<misses>7355001</misses>
				<total>8</total>
				<timestamp>2645.152410</timestamp>
			</report>
			<report>
				<misses>7356001</misses>
				<total>8</total>
				<timestamp>2645.512020</timestamp>
			</report>
			<report>
				<misses>7357001</misses>
				<total>8</total>
				<timestamp>2645.871695</timestamp>
			</report>
			<report>
				<misses>7358001</misses>
				<total>8</total>
				<timestamp>2646.231353</timestamp>
			</report>
			<report>
				<misses>7359001</misses>
				<total>8</total>
				<timestamp>2646.590940</timestamp>
			</report>
			<report>
				<misses>7360001</misses>
				<total>8</total>
				<timestamp>2646.950598</timestamp>
			</report>
			<report>
				<misses>7361001</misses>
				<total>8</total>
				<timestamp>2647.310222</timestamp>
			</report>
			<report>
				<misses>7362001</misses>
				<total>8</total>
				<timestamp>2647.669856</timestamp>
			</report>
			<report>
				<misses>7363001</misses>
				<total>8</total>
				<timestamp>2648.029580</timestamp>
			</report>
			<report>
				<misses>7364001</misses>
				<total>8</total>
				<timestamp>2648.389156</timestamp>
			</report>
			<report>
				<misses>7365001</misses>
				<total>8</total>
				<timestamp>2648.748790</timestamp>
			</report>
			<report>
				<misses>7366001</misses>
				<total>8</total>
				<timestamp>2649.108426</timestamp>
			</report>
			<report>
				<misses>7367001</misses>
				<total>8</total>
				<timestamp>2649.468111</timestamp>
			</report>
			<report>
				<misses>7368001</misses>
				<total>8</total>
				<timestamp>2649.827768</timestamp>
			</report>
			<report>
				<misses>7369001</misses>
				<total>8</total>
				<timestamp>2650.187344</timestamp>
			</report>
			<report>
				<misses>7370001</misses>
				<total>8</total>
				<timestamp>2650.546987</timestamp>
			</report>
			<report>
				<misses>7371001</misses>
				<total>8</total>
				<timestamp>2650.906628</timestamp>
			</report>
			<report>
				<misses>7372001</misses>
				<total>8</total>
				<timestamp>2651.266281</timestamp>
			</report>
			<report>
				<misses>7373001</misses>
				<total>8</total>
				<timestamp>2651.625908</timestamp>
			</report>
			<report>
				<misses>7374001</misses>
				<total>8</total>
				<timestamp>2651.985551</timestamp>
			</report>
			<report>
				<misses>7375001</misses>
				<total>8</total>
				<timestamp>2652.345197</timestamp>
			</report>
			<report>
				<misses>7376001</misses>
				<total>8</total>
				<timestamp>2652.704806</timestamp>
			</report>
			<report>
				<misses>7377001</misses>
				<total>8</total>
				<timestamp>2653.064493</timestamp>
			</report>
			<report>
				<misses>7378001</misses>
				<total>8</total>
				<timestamp>2653.424095</timestamp>
			</report>
			<report>
				<misses>7379001</misses>
				<total>8</total>
				<timestamp>2653.783741</timestamp>
			</report>
			<report>
				<misses>7380001</misses>
				<total>8</total>
				<timestamp>2654.143454</timestamp>
			</report>
			<report>
				<misses>7381001</misses>
				<total>8</total>
				<timestamp>2654.503046</timestamp>
			</report>
			<report>
				<misses>7382001</misses>
				<total>8</total>
				<timestamp>2654.862674</timestamp>
			</report>
			<report>
				<misses>7383001</misses>
				<total>8</total>
				<timestamp>2655.222368</timestamp>
			</report>
			<report>
				<misses>7384001</misses>
				<total>8</total>
				<timestamp>2655.581983</timestamp>
			</report>
			<report>
				<misses>7385001</misses>
				<total>8</total>
				<timestamp>2655.941619</timestamp>
			</report>
			<report>
				<misses>7386001</misses>
				<total>8</total>
				<timestamp>2656.301279</timestamp>
			</report>
			<report>
				<misses>7387001</misses>
				<total>8</total>
				<timestamp>2656.660871</timestamp>
			</report>
			<report>
				<misses>7388001</misses>
				<total>8</total>
				<timestamp>2657.020520</timestamp>
			</report>
			<report>
				<misses>7389001</misses>
				<total>8</total>
				<timestamp>2657.380178</timestamp>
			</report>
			<report>
				<misses>7390001</misses>
				<total>8</total>
				<timestamp>2657.739843</timestamp>
			</report>
			<report>
				<misses>7391001</misses>
				<total>8</total>
				<timestamp>2658.099459</timestamp>
			</report>
			<report>
				<misses>7392001</misses>
				<total>8</total>
				<timestamp>2658.459053</timestamp>
			</report>
			<report>
				<misses>7393001</misses>
				<total>8</total>
				<timestamp>2658.818792</timestamp>
			</report>
			<report>
				<misses>7394001</misses>
				<total>8</total>
				<timestamp>2659.178350</timestamp>
			</report>
			<report>
				<misses>7395001</misses>
				<total>8</total>
				<timestamp>2659.538044</timestamp>
			</report>
			<report>
				<misses>7396001</misses>
				<total>8</total>
				<timestamp>2659.897659</timestamp>
			</report>
			<report>
				<misses>7397001</misses>
				<total>8</total>
				<timestamp>2660.257264</timestamp>
			</report>
			<report>
				<misses>7398001</misses>
				<total>8</total>
				<timestamp>2660.616912</timestamp>
			</report>
			<report>
				<misses>7399001</misses>
				<total>8</total>
				<timestamp>2660.976572</timestamp>
			</report>
			<report>
				<misses>7400001</misses>
				<total>8</total>
				<timestamp>2661.336229</timestamp>
			</report>
			<report>
				<misses>7401001</misses>
				<total>8</total>
				<timestamp>2661.695824</timestamp>
			</report>
			<report>
				<misses>7402001</misses>
				<total>8</total>
				<timestamp>2662.055451</timestamp>
			</report>
			<report>
				<misses>7403001</misses>
				<total>8</total>
				<timestamp>2662.415176</timestamp>
			</report>
			<report>
				<misses>7404001</misses>
				<total>8</total>
				<timestamp>2662.774754</timestamp>
			</report>
			<report>
				<misses>7405001</misses>
				<total>8</total>
				<timestamp>2663.134368</timestamp>
			</report>
			<report>
				<misses>7406001</misses>
				<total>8</total>
				<timestamp>2663.494035</timestamp>
			</report>
			<report>
				<misses>7407001</misses>
				<total>8</total>
				<timestamp>2663.853727</timestamp>
			</report>
			<report>
				<misses>7408001</misses>
				<total>8</total>
				<timestamp>2664.213316</timestamp>
			</report>
			<report>
				<misses>7409001</misses>
				<total>8</total>
				<timestamp>2664.572945</timestamp>
			</report>
			<report>
				<misses>7410001</misses>
				<total>8</total>
				<timestamp>2664.932599</timestamp>
			</report>
			<report>
				<misses>7411001</misses>
				<total>8</total>
				<timestamp>2665.292256</timestamp>
			</report>
			<report>
				<misses>7412001</misses>
				<total>8</total>
				<timestamp>2665.651919</timestamp>
			</report>
			<report>
				<misses>7413001</misses>
				<total>8</total>
				<timestamp>2666.011516</timestamp>
			</report>
			<report>
				<misses>7414001</misses>
				<total>8</total>
				<timestamp>2666.371207</timestamp>
			</report>
			<report>
				<misses>7415001</misses>
				<total>8</total>
				<timestamp>2666.730771</timestamp>
			</report>
			<report>
				<misses>7416001</misses>
				<total>8</total>
				<timestamp>2667.090454</timestamp>
			</report>
			<report>
				<misses>7417001</misses>
				<total>8</total>
				<timestamp>2667.450066</timestamp>
			</report>
			<report>
				<misses>7418001</misses>
				<total>8</total>
				<timestamp>2667.809728</timestamp>
			</report>
			<report>
				<misses>7419001</misses>
				<total>8</total>
				<timestamp>2668.169482</timestamp>
			</report>
			<report>
				<misses>7420001</misses>
				<total>8</total>
				<timestamp>2668.529011</timestamp>
			</report>
			<report>
				<misses>7421001</misses>
				<total>8</total>
				<timestamp>2668.888630</timestamp>
			</report>
			<report>
				<misses>7422001</misses>
				<total>8</total>
				<timestamp>2669.248237</timestamp>
			</report>
			<report>
				<misses>7423001</misses>
				<total>8</total>
				<timestamp>2669.607936</timestamp>
			</report>
			<report>
				<misses>7424001</misses>
				<total>8</total>
				<timestamp>2669.967543</timestamp>
			</report>
			<report>
				<misses>7425001</misses>
				<total>8</total>
				<timestamp>2670.327243</timestamp>
			</report>
			<report>
				<misses>7426001</misses>
				<total>8</total>
				<timestamp>2670.686854</timestamp>
			</report>
			<report>
				<misses>7427001</misses>
				<total>8</total>
				<timestamp>2671.046460</timestamp>
			</report>
			<report>
				<misses>7428001</misses>
				<total>8</total>
				<timestamp>2671.406099</timestamp>
			</report>
			<report>
				<misses>7429001</misses>
				<total>8</total>
				<timestamp>2671.765775</timestamp>
			</report>
			<report>
				<misses>7430001</misses>
				<total>8</total>
				<timestamp>2672.125368</timestamp>
			</report>
			<report>
				<misses>7431001</misses>
				<total>8</total>
				<timestamp>2672.485026</timestamp>
			</report>
			<report>
				<misses>7432001</misses>
				<total>8</total>
				<timestamp>2672.844655</timestamp>
			</report>
			<report>
				<misses>7433001</misses>
				<total>8</total>
				<timestamp>2673.204317</timestamp>
			</report>
			<report>
				<misses>7434001</misses>
				<total>8</total>
				<timestamp>2673.563991</timestamp>
			</report>
			<report>
				<misses>7435001</misses>
				<total>8</total>
				<timestamp>2673.923578</timestamp>
			</report>
			<report>
				<misses>7436001</misses>
				<total>8</total>
				<timestamp>2674.283268</timestamp>
			</report>
			<report>
				<misses>7437001</misses>
				<total>8</total>
				<timestamp>2674.642858</timestamp>
			</report>
			<report>
				<misses>7438001</misses>
				<total>8</total>
				<timestamp>2675.002524</timestamp>
			</report>
			<report>
				<misses>7439001</misses>
				<total>8</total>
				<timestamp>2675.362220</timestamp>
			</report>
			<report>
				<misses>7440001</misses>
				<total>8</total>
				<timestamp>2675.721822</timestamp>
			</report>
			<report>
				<misses>7441001</misses>
				<total>8</total>
				<timestamp>2676.081458</timestamp>
			</report>
			<report>
				<misses>7442001</misses>
				<total>8</total>
				<timestamp>2676.441136</timestamp>
			</report>
			<report>
				<misses>7443001</misses>
				<total>8</total>
				<timestamp>2676.800786</timestamp>
			</report>
			<report>
				<misses>7444001</misses>
				<total>8</total>
				<timestamp>2677.160328</timestamp>
			</report>
			<report>
				<misses>7445001</misses>
				<total>8</total>
				<timestamp>2677.520020</timestamp>
			</report>
			<report>
				<misses>7446001</misses>
				<total>8</total>
				<timestamp>2677.879641</timestamp>
			</report>
			<report>
				<misses>7447001</misses>
				<total>8</total>
				<timestamp>2678.239301</timestamp>
			</report>
			<report>
				<misses>7448001</misses>
				<total>8</total>
				<timestamp>2678.598896</timestamp>
			</report>
			<report>
				<misses>7449001</misses>
				<total>8</total>
				<timestamp>2678.958627</timestamp>
			</report>
			<report>
				<misses>7450001</misses>
				<total>8</total>
				<timestamp>2679.318238</timestamp>
			</report>
			<report>
				<misses>7451001</misses>
				<total>8</total>
				<timestamp>2679.677885</timestamp>
			</report>
			<report>
				<misses>7452001</misses>
				<total>8</total>
				<timestamp>2680.037449</timestamp>
			</report>
			<report>
				<misses>7453001</misses>
				<total>8</total>
				<timestamp>2680.397130</timestamp>
			</report>
			<report>
				<misses>7454001</misses>
				<total>8</total>
				<timestamp>2680.756735</timestamp>
			</report>
			<report>
				<misses>7455001</misses>
				<total>8</total>
				<timestamp>2681.116426</timestamp>
			</report>
			<report>
				<misses>7456001</misses>
				<total>8</total>
				<timestamp>2681.476141</timestamp>
			</report>
			<report>
				<misses>7457001</misses>
				<total>8</total>
				<timestamp>2681.835658</timestamp>
			</report>
			<report>
				<misses>7458001</misses>
				<total>8</total>
				<timestamp>2682.195322</timestamp>
			</report>
			<report>
				<misses>7459001</misses>
				<total>8</total>
				<timestamp>2682.555000</timestamp>
			</report>
			<report>
				<misses>7460001</misses>
				<total>8</total>
				<timestamp>2682.914578</timestamp>
			</report>
			<report>
				<misses>7461001</misses>
				<total>8</total>
				<timestamp>2683.274244</timestamp>
			</report>
			<report>
				<misses>7462001</misses>
				<total>8</total>
				<timestamp>2683.633864</timestamp>
			</report>
			<report>
				<misses>7463001</misses>
				<total>8</total>
				<timestamp>2683.993565</timestamp>
			</report>
			<report>
				<misses>7464001</misses>
				<total>8</total>
				<timestamp>2684.353162</timestamp>
			</report>
			<report>
				<misses>7465001</misses>
				<total>8</total>
				<timestamp>2684.712787</timestamp>
			</report>
			<report>
				<misses>7466001</misses>
				<total>8</total>
				<timestamp>2685.072435</timestamp>
			</report>
			<report>
				<misses>7467001</misses>
				<total>8</total>
				<timestamp>2685.432105</timestamp>
			</report>
			<report>
				<misses>7468001</misses>
				<total>8</total>
				<timestamp>2685.791799</timestamp>
			</report>
			<report>
				<misses>7469001</misses>
				<total>8</total>
				<timestamp>2686.151383</timestamp>
			</report>
			<report>
				<misses>7470001</misses>
				<total>8</total>
				<timestamp>2686.511066</timestamp>
			</report>
			<report>
				<misses>7471001</misses>
				<total>8</total>
				<timestamp>2686.870677</timestamp>
			</report>
			<report>
				<misses>7472001</misses>
				<total>8</total>
				<timestamp>2687.230301</timestamp>
			</report>
			<report>
				<misses>7473001</misses>
				<total>8</total>
				<timestamp>2687.589898</timestamp>
			</report>
			<report>
				<misses>7474001</misses>
				<total>8</total>
				<timestamp>2687.949547</timestamp>
			</report>
			<report>
				<misses>7475001</misses>
				<total>8</total>
				<timestamp>2688.309196</timestamp>
			</report>
			<report>
				<misses>7476001</misses>
				<total>8</total>
				<timestamp>2688.668813</timestamp>
			</report>
			<report>
				<misses>7477001</misses>
				<total>8</total>
				<timestamp>2689.028456</timestamp>
			</report>
			<report>
				<misses>7478001</misses>
				<total>8</total>
				<timestamp>2689.388217</timestamp>
			</report>
			<report>
				<misses>7479001</misses>
				<total>8</total>
				<timestamp>2689.747741</timestamp>
			</report>
			<report>
				<misses>7480001</misses>
				<total>8</total>
				<timestamp>2690.107408</timestamp>
			</report>
			<report>
				<misses>7481001</misses>
				<total>8</total>
				<timestamp>2690.467092</timestamp>
			</report>
			<report>
				<misses>7482001</misses>
				<total>8</total>
				<timestamp>2690.826663</timestamp>
			</report>
			<report>
				<misses>7483001</misses>
				<total>8</total>
				<timestamp>2691.186332</timestamp>
			</report>
			<report>
				<misses>7484001</misses>
				<total>8</total>
				<timestamp>2691.546000</timestamp>
			</report>
			<report>
				<misses>7485001</misses>
				<total>8</total>
				<timestamp>2691.905643</timestamp>
			</report>
			<report>
				<misses>7486001</misses>
				<total>8</total>
				<timestamp>2692.265219</timestamp>
			</report>
			<report>
				<misses>7487001</misses>
				<total>8</total>
				<timestamp>2692.624858</timestamp>
			</report>
			<report>
				<misses>7488001</misses>
				<total>8</total>
				<timestamp>2692.984540</timestamp>
			</report>
			<report>
				<misses>7489001</misses>
				<total>8</total>
				<timestamp>2693.344222</timestamp>
			</report>
			<report>
				<misses>7490001</misses>
				<total>8</total>
				<timestamp>2693.703835</timestamp>
			</report>
			<report>
				<misses>7491001</misses>
				<total>8</total>
				<timestamp>2694.063452</timestamp>
			</report>
			<report>
				<misses>7492001</misses>
				<total>8</total>
				<timestamp>2694.423067</timestamp>
			</report>
			<report>
				<misses>7493001</misses>
				<total>8</total>
				<timestamp>2694.782759</timestamp>
			</report>
			<report>
				<misses>7494001</misses>
				<total>8</total>
				<timestamp>2695.142357</timestamp>
			</report>
			<report>
				<misses>7495001</misses>
				<total>8</total>
				<timestamp>2695.502063</timestamp>
			</report>
			<report>
				<misses>7496001</misses>
				<total>8</total>
				<timestamp>2695.861677</timestamp>
			</report>
			<report>
				<misses>7497001</misses>
				<total>8</total>
				<timestamp>2696.221299</timestamp>
			</report>
			<report>
				<misses>7498001</misses>
				<total>8</total>
				<timestamp>2696.580919</timestamp>
			</report>
			<report>
				<misses>7499001</misses>
				<total>8</total>
				<timestamp>2696.940600</timestamp>
			</report>
			<report>
				<misses>7500001</misses>
				<total>8</total>
				<timestamp>2697.300223</timestamp>
			</report>
			<report>
				<misses>7501001</misses>
				<total>8</total>
				<timestamp>2697.659807</timestamp>
			</report>
			<report>
				<misses>7502001</misses>
				<total>8</total>
				<timestamp>2698.019529</timestamp>
			</report>
			<report>
				<misses>7503001</misses>
				<total>8</total>
				<timestamp>2698.379187</timestamp>
			</report>
			<report>
				<misses>7504001</misses>
				<total>8</total>
				<timestamp>2698.738767</timestamp>
			</report>
			<report>
				<misses>7505001</misses>
				<total>8</total>
				<timestamp>2699.098456</timestamp>
			</report>
			<report>
				<misses>7506001</misses>
				<total>8</total>
				<timestamp>2699.458038</timestamp>
			</report>
			<report>
				<misses>7507001</misses>
				<total>8</total>
				<timestamp>2699.817679</timestamp>
			</report>
			<report>
				<misses>7508001</misses>
				<total>8</total>
				<timestamp>2700.177307</timestamp>
			</report>
			<report>
				<misses>7509001</misses>
				<total>8</total>
				<timestamp>2700.536984</timestamp>
			</report>
			<report>
				<misses>7510001</misses>
				<total>8</total>
				<timestamp>2700.896595</timestamp>
			</report>
			<report>
				<misses>7511001</misses>
				<total>8</total>
				<timestamp>2701.256278</timestamp>
			</report>
			<report>
				<misses>7512001</misses>
				<total>8</total>
				<timestamp>2701.615865</timestamp>
			</report>
			<report>
				<misses>7513001</misses>
				<total>8</total>
				<timestamp>2701.975521</timestamp>
			</report>
			<report>
				<misses>7514001</misses>
				<total>8</total>
				<timestamp>2702.335168</timestamp>
			</report>
			<report>
				<misses>7515001</misses>
				<total>8</total>
				<timestamp>2702.694799</timestamp>
			</report>
			<report>
				<misses>7516001</misses>
				<total>8</total>
				<timestamp>2703.054468</timestamp>
			</report>
			<report>
				<misses>7517001</misses>
				<total>8</total>
				<timestamp>2703.414109</timestamp>
			</report>
			<report>
				<misses>7518001</misses>
				<total>8</total>
				<timestamp>2703.773750</timestamp>
			</report>
			<report>
				<misses>7519001</misses>
				<total>8</total>
				<timestamp>2704.133417</timestamp>
			</report>
			<report>
				<misses>7520001</misses>
				<total>8</total>
				<timestamp>2704.493049</timestamp>
			</report>
			<report>
				<misses>7521001</misses>
				<total>8</total>
				<timestamp>2704.852652</timestamp>
			</report>
			<report>
				<misses>7522001</misses>
				<total>8</total>
				<timestamp>2705.212329</timestamp>
			</report>
			<report>
				<misses>7523001</misses>
				<total>8</total>
				<timestamp>2705.571923</timestamp>
			</report>
			<report>
				<misses>7524001</misses>
				<total>8</total>
				<timestamp>2705.931552</timestamp>
			</report>
			<report>
				<misses>7525001</misses>
				<total>8</total>
				<timestamp>2706.291184</timestamp>
			</report>
			<report>
				<misses>7526001</misses>
				<total>8</total>
				<timestamp>2706.650833</timestamp>
			</report>
			<report>
				<misses>7527001</misses>
				<total>8</total>
				<timestamp>2707.010453</timestamp>
			</report>
			<report>
				<misses>7528001</misses>
				<total>8</total>
				<timestamp>2707.370173</timestamp>
			</report>
			<report>
				<misses>7529001</misses>
				<total>8</total>
				<timestamp>2707.729786</timestamp>
			</report>
			<report>
				<misses>7530001</misses>
				<total>8</total>
				<timestamp>2708.089363</timestamp>
			</report>
			<report>
				<misses>7531001</misses>
				<total>8</total>
				<timestamp>2708.449090</timestamp>
			</report>
			<report>
				<misses>7532001</misses>
				<total>8</total>
				<timestamp>2708.808654</timestamp>
			</report>
			<report>
				<misses>7533001</misses>
				<total>8</total>
				<timestamp>2709.168301</timestamp>
			</report>
			<report>
				<misses>7534001</misses>
				<total>8</total>
				<timestamp>2709.528043</timestamp>
			</report>
			<report>
				<misses>7535001</misses>
				<total>8</total>
				<timestamp>2709.887558</timestamp>
			</report>
			<report>
				<misses>7536001</misses>
				<total>8</total>
				<timestamp>2710.247269</timestamp>
			</report>
			<report>
				<misses>7537001</misses>
				<total>8</total>
				<timestamp>2710.606940</timestamp>
			</report>
			<report>
				<misses>7538001</misses>
				<total>8</total>
				<timestamp>2710.966513</timestamp>
			</report>
			<report>
				<misses>7539001</misses>
				<total>8</total>
				<timestamp>2711.326176</timestamp>
			</report>
			<report>
				<misses>7540001</misses>
				<total>8</total>
				<timestamp>2711.685815</timestamp>
			</report>
			<report>
				<misses>7541001</misses>
				<total>8</total>
				<timestamp>2712.045495</timestamp>
			</report>
			<report>
				<misses>7542001</misses>
				<total>8</total>
				<timestamp>2712.405085</timestamp>
			</report>
			<report>
				<misses>7543001</misses>
				<total>8</total>
				<timestamp>2712.764709</timestamp>
			</report>
			<report>
				<misses>7544001</misses>
				<total>8</total>
				<timestamp>2713.124334</timestamp>
			</report>
			<report>
				<misses>7545001</misses>
				<total>8</total>
				<timestamp>2713.484029</timestamp>
			</report>
			<report>
				<misses>7546001</misses>
				<total>8</total>
				<timestamp>2713.843624</timestamp>
			</report>
			<report>
				<misses>7547001</misses>
				<total>8</total>
				<timestamp>2714.203289</timestamp>
			</report>
			<report>
				<misses>7548001</misses>
				<total>8</total>
				<timestamp>2714.562933</timestamp>
			</report>
			<report>
				<misses>7549001</misses>
				<total>8</total>
				<timestamp>2714.922535</timestamp>
			</report>
			<report>
				<misses>7550001</misses>
				<total>8</total>
				<timestamp>2715.282217</timestamp>
			</report>
			<report>
				<misses>7551001</misses>
				<total>8</total>
				<timestamp>2715.641832</timestamp>
			</report>
			<report>
				<misses>7552001</misses>
				<total>8</total>
				<timestamp>2716.001518</timestamp>
			</report>
			<report>
				<misses>7553001</misses>
				<total>8</total>
				<timestamp>2716.361086</timestamp>
			</report>
			<report>
				<misses>7554001</misses>
				<total>8</total>
				<timestamp>2716.720752</timestamp>
			</report>
			<report>
				<misses>7555001</misses>
				<total>8</total>
				<timestamp>2717.080371</timestamp>
			</report>
			<report>
				<misses>7556001</misses>
				<total>8</total>
				<timestamp>2717.440072</timestamp>
			</report>
			<report>
				<misses>7557001</misses>
				<total>8</total>
				<timestamp>2717.799660</timestamp>
			</report>
			<report>
				<misses>7558001</misses>
				<total>8</total>
				<timestamp>2718.159291</timestamp>
			</report>
			<report>
				<misses>7559001</misses>
				<total>8</total>
				<timestamp>2718.518997</timestamp>
			</report>
			<report>
				<misses>7560001</misses>
				<total>8</total>
				<timestamp>2718.878592</timestamp>
			</report>
			<report>
				<misses>7561001</misses>
				<total>8</total>
				<timestamp>2719.238278</timestamp>
			</report>
			<report>
				<misses>7562001</misses>
				<total>8</total>
				<timestamp>2719.597906</timestamp>
			</report>
			<report>
				<misses>7563001</misses>
				<total>8</total>
				<timestamp>2719.957492</timestamp>
			</report>
			<report>
				<misses>7564001</misses>
				<total>8</total>
				<timestamp>2720.317131</timestamp>
			</report>
			<report>
				<misses>7565001</misses>
				<total>8</total>
				<timestamp>2720.676806</timestamp>
			</report>
			<report>
				<misses>7566001</misses>
				<total>8</total>
				<timestamp>2721.036451</timestamp>
			</report>
			<report>
				<misses>7567001</misses>
				<total>8</total>
				<timestamp>2721.396058</timestamp>
			</report>
			<report>
				<misses>7568001</misses>
				<total>8</total>
				<timestamp>2721.755747</timestamp>
			</report>
			<report>
				<misses>7569001</misses>
				<total>8</total>
				<timestamp>2722.115342</timestamp>
			</report>
			<report>
				<misses>7570001</misses>
				<total>8</total>
				<timestamp>2722.474990</timestamp>
			</report>
			<report>
				<misses>7571001</misses>
				<total>8</total>
				<timestamp>2722.834677</timestamp>
			</report>
			<report>
				<misses>7572001</misses>
				<total>8</total>
				<timestamp>2723.194261</timestamp>
			</report>
			<report>
				<misses>7573001</misses>
				<total>8</total>
				<timestamp>2723.553946</timestamp>
			</report>
			<report>
				<misses>7574001</misses>
				<total>8</total>
				<timestamp>2723.913547</timestamp>
			</report>
			<report>
				<misses>7575001</misses>
				<total>8</total>
				<timestamp>2724.273198</timestamp>
			</report>
			<report>
				<misses>7576001</misses>
				<total>8</total>
				<timestamp>2724.632888</timestamp>
			</report>
			<report>
				<misses>7577001</misses>
				<total>8</total>
				<timestamp>2724.992460</timestamp>
			</report>
			<report>
				<misses>7578001</misses>
				<total>8</total>
				<timestamp>2725.352138</timestamp>
			</report>
			<report>
				<misses>7579001</misses>
				<total>8</total>
				<timestamp>2725.711789</timestamp>
			</report>
			<report>
				<misses>7580001</misses>
				<total>8</total>
				<timestamp>2726.071371</timestamp>
			</report>
			<report>
				<misses>7581001</misses>
				<total>8</total>
				<timestamp>2726.431059</timestamp>
			</report>
			<report>
				<misses>7582001</misses>
				<total>8</total>
				<timestamp>2726.790654</timestamp>
			</report>
			<report>
				<misses>7583001</misses>
				<total>8</total>
				<timestamp>2727.150342</timestamp>
			</report>
			<report>
				<misses>7584001</misses>
				<total>8</total>
				<timestamp>2727.510025</timestamp>
			</report>
			<report>
				<misses>7585001</misses>
				<total>8</total>
				<timestamp>2727.869620</timestamp>
			</report>
			<report>
				<misses>7586001</misses>
				<total>8</total>
				<timestamp>2728.229202</timestamp>
			</report>
			<report>
				<misses>7587001</misses>
				<total>8</total>
				<timestamp>2728.588884</timestamp>
			</report>
			<report>
				<misses>7588001</misses>
				<total>8</total>
				<timestamp>2728.948622</timestamp>
			</report>
			<report>
				<misses>7589001</misses>
				<total>8</total>
				<timestamp>2729.308187</timestamp>
			</report>
			<report>
				<misses>7590001</misses>
				<total>8</total>
				<timestamp>2729.667820</timestamp>
			</report>
			<report>
				<misses>7591001</misses>
				<total>8</total>
				<timestamp>2730.027424</timestamp>
			</report>
			<report>
				<misses>7592001</misses>
				<total>8</total>
				<timestamp>2730.387092</timestamp>
			</report>
			<report>
				<misses>7593001</misses>
				<total>8</total>
				<timestamp>2730.746710</timestamp>
			</report>
			<report>
				<misses>7594001</misses>
				<total>8</total>
				<timestamp>2731.106335</timestamp>
			</report>
			<report>
				<misses>7595001</misses>
				<total>8</total>
				<timestamp>2731.466015</timestamp>
			</report>
			<report>
				<misses>7596001</misses>
				<total>8</total>
				<timestamp>2731.825631</timestamp>
			</report>
			<report>
				<misses>7597001</misses>
				<total>8</total>
				<timestamp>2732.185344</timestamp>
			</report>
			<report>
				<misses>7598001</misses>
				<total>8</total>
				<timestamp>2732.544945</timestamp>
			</report>
			<report>
				<misses>7599001</misses>
				<total>8</total>
				<timestamp>2732.904540</timestamp>
			</report>
			<report>
				<misses>7600001</misses>
				<total>8</total>
				<timestamp>2733.264228</timestamp>
			</report>
			<report>
				<misses>7601001</misses>
				<total>8</total>
				<timestamp>2733.623827</timestamp>
			</report>
			<report>
				<misses>7602001</misses>
				<total>8</total>
				<timestamp>2733.983560</timestamp>
			</report>
			<report>
				<misses>7603001</misses>
				<total>8</total>
				<timestamp>2734.343100</timestamp>
			</report>
			<report>
				<misses>7604001</misses>
				<total>8</total>
				<timestamp>2734.702770</timestamp>
			</report>
			<report>
				<misses>7605001</misses>
				<total>8</total>
				<timestamp>2735.062407</timestamp>
			</report>
			<report>
				<misses>7606001</misses>
				<total>8</total>
				<timestamp>2735.422071</timestamp>
			</report>
			<report>
				<misses>7607001</misses>
				<total>8</total>
				<timestamp>2735.781658</timestamp>
			</report>
			<report>
				<misses>7608001</misses>
				<total>8</total>
				<timestamp>2736.141320</timestamp>
			</report>
			<report>
				<misses>7609001</misses>
				<total>8</total>
				<timestamp>2736.500971</timestamp>
			</report>
			<report>
				<misses>7610001</misses>
				<total>8</total>
				<timestamp>2736.860632</timestamp>
			</report>
			<report>
				<misses>7611001</misses>
				<total>8</total>
				<timestamp>2737.220213</timestamp>
			</report>
			<report>
				<misses>7612001</misses>
				<total>8</total>
				<timestamp>2737.579875</timestamp>
			</report>
			<report>
				<misses>7613001</misses>
				<total>8</total>
				<timestamp>2737.939538</timestamp>
			</report>
			<report>
				<misses>7614001</misses>
				<total>8</total>
				<timestamp>2738.299144</timestamp>
			</report>
			<report>
				<misses>7615001</misses>
				<total>8</total>
				<timestamp>2738.658788</timestamp>
			</report>
			<report>
				<misses>7616001</misses>
				<total>8</total>
				<timestamp>2739.018428</timestamp>
			</report>
			<report>
				<misses>7617001</misses>
				<total>8</total>
				<timestamp>2739.378068</timestamp>
			</report>
			<report>
				<misses>7618001</misses>
				<total>8</total>
				<timestamp>2739.737744</timestamp>
			</report>
			<report>
				<misses>7619001</misses>
				<total>8</total>
				<timestamp>2740.097437</timestamp>
			</report>
			<report>
				<misses>7620001</misses>
				<total>8</total>
				<timestamp>2740.457044</timestamp>
			</report>
			<report>
				<misses>7621001</misses>
				<total>8</total>
				<timestamp>2740.816619</timestamp>
			</report>
			<report>
				<misses>7622001</misses>
				<total>8</total>
				<timestamp>2741.176269</timestamp>
			</report>
			<report>
				<misses>7623001</misses>
				<total>8</total>
				<timestamp>2741.535940</timestamp>
			</report>
			<report>
				<misses>7624001</misses>
				<total>8</total>
				<timestamp>2741.895537</timestamp>
			</report>
			<report>
				<misses>7625001</misses>
				<total>8</total>
				<timestamp>2742.255174</timestamp>
			</report>
			<report>
				<misses>7626001</misses>
				<total>8</total>
				<timestamp>2742.614895</timestamp>
			</report>
			<report>
				<misses>7627001</misses>
				<total>8</total>
				<timestamp>2742.974453</timestamp>
			</report>
			<report>
				<misses>7628001</misses>
				<total>8</total>
				<timestamp>2743.334092</timestamp>
			</report>
			<report>
				<misses>7629001</misses>
				<total>8</total>
				<timestamp>2743.693737</timestamp>
			</report>
			<report>
				<misses>7630001</misses>
				<total>8</total>
				<timestamp>2744.053425</timestamp>
			</report>
			<report>
				<misses>7631001</misses>
				<total>8</total>
				<timestamp>2744.413049</timestamp>
			</report>
			<report>
				<misses>7632001</misses>
				<total>8</total>
				<timestamp>2744.772677</timestamp>
			</report>
			<report>
				<misses>7633001</misses>
				<total>8</total>
				<timestamp>2745.132295</timestamp>
			</report>
			<report>
				<misses>7634001</misses>
				<total>8</total>
				<timestamp>2745.491956</timestamp>
			</report>
			<report>
				<misses>7635001</misses>
				<total>8</total>
				<timestamp>2745.851573</timestamp>
			</report>
			<report>
				<misses>7636001</misses>
				<total>8</total>
				<timestamp>2746.211209</timestamp>
			</report>
			<report>
				<misses>7637001</misses>
				<total>8</total>
				<timestamp>2746.570902</timestamp>
			</report>
			<report>
				<misses>7638001</misses>
				<total>8</total>
				<timestamp>2746.930554</timestamp>
			</report>
			<report>
				<misses>7639001</misses>
				<total>8</total>
				<timestamp>2747.290141</timestamp>
			</report>
			<report>
				<misses>7640001</misses>
				<total>8</total>
				<timestamp>2747.649832</timestamp>
			</report>
			<report>
				<misses>7641001</misses>
				<total>8</total>
				<timestamp>2748.009422</timestamp>
			</report>
			<report>
				<misses>7642001</misses>
				<total>8</total>
				<timestamp>2748.369061</timestamp>
			</report>
			<report>
				<misses>7643001</misses>
				<total>8</total>
				<timestamp>2748.728744</timestamp>
			</report>
			<report>
				<misses>7644001</misses>
				<total>8</total>
				<timestamp>2749.088332</timestamp>
			</report>
			<report>
				<misses>7645001</misses>
				<total>8</total>
				<timestamp>2749.448022</timestamp>
			</report>
			<report>
				<misses>7646001</misses>
				<total>8</total>
				<timestamp>2749.807648</timestamp>
			</report>
			<report>
				<misses>7647001</misses>
				<total>8</total>
				<timestamp>2750.167313</timestamp>
			</report>
			<report>
				<misses>7648001</misses>
				<total>8</total>
				<timestamp>2750.526885</timestamp>
			</report>
			<report>
				<misses>7649001</misses>
				<total>8</total>
				<timestamp>2750.886532</timestamp>
			</report>
			<report>
				<misses>7650001</misses>
				<total>8</total>
				<timestamp>2751.246185</timestamp>
			</report>
			<report>
				<misses>7651001</misses>
				<total>8</total>
				<timestamp>2751.605878</timestamp>
			</report>
			<report>
				<misses>7652001</misses>
				<total>8</total>
				<timestamp>2751.965457</timestamp>
			</report>
			<report>
				<misses>7653001</misses>
				<total>8</total>
				<timestamp>2752.325252</timestamp>
			</report>
			<report>
				<misses>7654001</misses>
				<total>8</total>
				<timestamp>2752.684767</timestamp>
			</report>
			<report>
				<misses>7655001</misses>
				<total>8</total>
				<timestamp>2753.044408</timestamp>
			</report>
			<report>
				<misses>7656001</misses>
				<total>8</total>
				<timestamp>2753.404067</timestamp>
			</report>
			<report>
				<misses>7657001</misses>
				<total>8</total>
				<timestamp>2753.763688</timestamp>
			</report>
			<report>
				<misses>7658001</misses>
				<total>8</total>
				<timestamp>2754.123298</timestamp>
			</report>
			<report>
				<misses>7659001</misses>
				<total>8</total>
				<timestamp>2754.482960</timestamp>
			</report>
			<report>
				<misses>7660001</misses>
				<total>8</total>
				<timestamp>2754.842609</timestamp>
			</report>
			<report>
				<misses>7661001</misses>
				<total>8</total>
				<timestamp>2755.202241</timestamp>
			</report>
			<report>
				<misses>7662001</misses>
				<total>8</total>
				<timestamp>2755.561870</timestamp>
			</report>
			<report>
				<misses>7663001</misses>
				<total>8</total>
				<timestamp>2755.921525</timestamp>
			</report>
			<report>
				<misses>7664001</misses>
				<total>8</total>
				<timestamp>2756.281179</timestamp>
			</report>
			<report>
				<misses>7665001</misses>
				<total>8</total>
				<timestamp>2756.640775</timestamp>
			</report>
			<report>
				<misses>7666001</misses>
				<total>8</total>
				<timestamp>2757.000428</timestamp>
			</report>
			<report>
				<misses>7667001</misses>
				<total>8</total>
				<timestamp>2757.360086</timestamp>
			</report>
			<report>
				<misses>7668001</misses>
				<total>8</total>
				<timestamp>2757.719773</timestamp>
			</report>
			<report>
				<misses>7669001</misses>
				<total>8</total>
				<timestamp>2758.079396</timestamp>
			</report>
			<report>
				<misses>7670001</misses>
				<total>8</total>
				<timestamp>2758.439037</timestamp>
			</report>
			<report>
				<misses>7671001</misses>
				<total>8</total>
				<timestamp>2758.798680</timestamp>
			</report>
			<report>
				<misses>7672001</misses>
				<total>8</total>
				<timestamp>2759.158255</timestamp>
			</report>
			<report>
				<misses>7673001</misses>
				<total>8</total>
				<timestamp>2759.517912</timestamp>
			</report>
			<report>
				<misses>7674001</misses>
				<total>8</total>
				<timestamp>2759.877535</timestamp>
			</report>
			<report>
				<misses>7675001</misses>
				<total>8</total>
				<timestamp>2760.237197</timestamp>
			</report>
			<report>
				<misses>7676001</misses>
				<total>8</total>
				<timestamp>2760.596871</timestamp>
			</report>
			<report>
				<misses>7677001</misses>
				<total>8</total>
				<timestamp>2760.956574</timestamp>
			</report>
			<report>
				<misses>7678001</misses>
				<total>8</total>
				<timestamp>2761.316097</timestamp>
			</report>
			<report>
				<misses>7679001</misses>
				<total>8</total>
				<timestamp>2761.675758</timestamp>
			</report>
			<report>
				<misses>7680001</misses>
				<total>8</total>
				<timestamp>2762.035425</timestamp>
			</report>
			<report>
				<misses>7681001</misses>
				<total>8</total>
				<timestamp>2762.395036</timestamp>
			</report>
			<report>
				<misses>7682001</misses>
				<total>8</total>
				<timestamp>2762.754742</timestamp>
			</report>
			<report>
				<misses>7683001</misses>
				<total>8</total>
				<timestamp>2763.114292</timestamp>
			</report>
			<report>
				<misses>7684001</misses>
				<total>8</total>
				<timestamp>2763.473945</timestamp>
			</report>
			<report>
				<misses>7685001</misses>
				<total>8</total>
				<timestamp>2763.833609</timestamp>
			</report>
			<report>
				<misses>7686001</misses>
				<total>8</total>
				<timestamp>2764.193231</timestamp>
			</report>
			<report>
				<misses>7687001</misses>
				<total>8</total>
				<timestamp>2764.552864</timestamp>
			</report>
			<report>
				<misses>7688001</misses>
				<total>8</total>
				<timestamp>2764.912545</timestamp>
			</report>
			<report>
				<misses>7689001</misses>
				<total>8</total>
				<timestamp>2765.272196</timestamp>
			</report>
			<report>
				<misses>7690001</misses>
				<total>8</total>
				<timestamp>2765.631853</timestamp>
			</report>
			<report>
				<misses>7691001</misses>
				<total>8</total>
				<timestamp>2765.991416</timestamp>
			</report>
			<report>
				<misses>7692001</misses>
				<total>8</total>
				<timestamp>2766.351051</timestamp>
			</report>
			<report>
				<misses>7693001</misses>
				<total>8</total>
				<timestamp>2766.710737</timestamp>
			</report>
			<report>
				<misses>7694001</misses>
				<total>8</total>
				<timestamp>2767.070359</timestamp>
			</report>
			<report>
				<misses>7695001</misses>
				<total>8</total>
				<timestamp>2767.430006</timestamp>
			</report>
			<report>
				<misses>7696001</misses>
				<total>8</total>
				<timestamp>2767.789673</timestamp>
			</report>
			<report>
				<misses>7697001</misses>
				<total>8</total>
				<timestamp>2768.149280</timestamp>
			</report>
			<report>
				<misses>7698001</misses>
				<total>8</total>
				<timestamp>2768.508949</timestamp>
			</report>
			<report>
				<misses>7699001</misses>
				<total>8</total>
				<timestamp>2768.868632</timestamp>
			</report>
			<report>
				<misses>7700001</misses>
				<total>8</total>
				<timestamp>2769.228195</timestamp>
			</report>
			<report>
				<misses>7701001</misses>
				<total>8</total>
				<timestamp>2769.587815</timestamp>
			</report>
			<report>
				<misses>7702001</misses>
				<total>8</total>
				<timestamp>2769.947479</timestamp>
			</report>
			<report>
				<misses>7703001</misses>
				<total>8</total>
				<timestamp>2770.307113</timestamp>
			</report>
			<report>
				<misses>7704001</misses>
				<total>8</total>
				<timestamp>2770.666735</timestamp>
			</report>
			<report>
				<misses>7705001</misses>
				<total>8</total>
				<timestamp>2771.026408</timestamp>
			</report>
			<report>
				<misses>7706001</misses>
				<total>8</total>
				<timestamp>2771.386057</timestamp>
			</report>
			<report>
				<misses>7707001</misses>
				<total>8</total>
				<timestamp>2771.745707</timestamp>
			</report>
			<report>
				<misses>7708001</misses>
				<total>8</total>
				<timestamp>2772.105360</timestamp>
			</report>
			<report>
				<misses>7709001</misses>
				<total>8</total>
				<timestamp>2772.464943</timestamp>
			</report>
			<report>
				<misses>7710001</misses>
				<total>8</total>
				<timestamp>2772.824600</timestamp>
			</report>
			<report>
				<misses>7711001</misses>
				<total>8</total>
				<timestamp>2773.184221</timestamp>
			</report>
			<report>
				<misses>7712001</misses>
				<total>8</total>
				<timestamp>2773.543930</timestamp>
			</report>
			<report>
				<misses>7713001</misses>
				<total>8</total>
				<timestamp>2773.903581</timestamp>
			</report>
			<report>
				<misses>7714001</misses>
				<total>8</total>
				<timestamp>2774.263184</timestamp>
			</report>
			<report>
				<misses>7715001</misses>
				<total>8</total>
				<timestamp>2774.622780</timestamp>
			</report>
			<report>
				<misses>7716001</misses>
				<total>8</total>
				<timestamp>2774.982506</timestamp>
			</report>
			<report>
				<misses>7717001</misses>
				<total>8</total>
				<timestamp>2775.342069</timestamp>
			</report>
			<report>
				<misses>7718001</misses>
				<total>8</total>
				<timestamp>2775.701762</timestamp>
			</report>
			<report>
				<misses>7719001</misses>
				<total>8</total>
				<timestamp>2776.061330</timestamp>
			</report>
			<report>
				<misses>7720001</misses>
				<total>8</total>
				<timestamp>2776.421007</timestamp>
			</report>
			<report>
				<misses>7721001</misses>
				<total>8</total>
				<timestamp>2776.780663</timestamp>
			</report>
			<report>
				<misses>7722001</misses>
				<total>8</total>
				<timestamp>2777.140343</timestamp>
			</report>
			<report>
				<misses>7723001</misses>
				<total>8</total>
				<timestamp>2777.499904</timestamp>
			</report>
			<report>
				<misses>7724001</misses>
				<total>8</total>
				<timestamp>2777.859546</timestamp>
			</report>
			<report>
				<misses>7725001</misses>
				<total>8</total>
				<timestamp>2778.219254</timestamp>
			</report>
			<report>
				<misses>7726001</misses>
				<total>8</total>
				<timestamp>2778.578860</timestamp>
			</report>
			<report>
				<misses>7727001</misses>
				<total>8</total>
				<timestamp>2778.938491</timestamp>
			</report>
			<report>
				<misses>7728001</misses>
				<total>8</total>
				<timestamp>2779.298169</timestamp>
			</report>
			<report>
				<misses>7729001</misses>
				<total>8</total>
				<timestamp>2779.657735</timestamp>
			</report>
			<report>
				<misses>7730001</misses>
				<total>8</total>
				<timestamp>2780.017381</timestamp>
			</report>
			<report>
				<misses>7731001</misses>
				<total>8</total>
				<timestamp>2780.377023</timestamp>
			</report>
			<report>
				<misses>7732001</misses>
				<total>8</total>
				<timestamp>2780.736693</timestamp>
			</report>
			<report>
				<misses>7733001</misses>
				<total>8</total>
				<timestamp>2781.096299</timestamp>
			</report>
			<report>
				<misses>7734001</misses>
				<total>8</total>
				<timestamp>2781.456001</timestamp>
			</report>
			<report>
				<misses>7735001</misses>
				<total>8</total>
				<timestamp>2781.815621</timestamp>
			</report>
			<report>
				<misses>7736001</misses>
				<total>8</total>
				<timestamp>2782.175237</timestamp>
			</report>
			<report>
				<misses>7737001</misses>
				<total>8</total>
				<timestamp>2782.534872</timestamp>
			</report>
			<report>
				<misses>7738001</misses>
				<total>8</total>
				<timestamp>2782.894507</timestamp>
			</report>
			<report>
				<misses>7739001</misses>
				<total>8</total>
				<timestamp>2783.254231</timestamp>
			</report>
			<report>
				<misses>7740001</misses>
				<total>8</total>
				<timestamp>2783.613814</timestamp>
			</report>
			<report>
				<misses>7741001</misses>
				<total>8</total>
				<timestamp>2783.973495</timestamp>
			</report>
			<report>
				<misses>7742001</misses>
				<total>8</total>
				<timestamp>2784.333062</timestamp>
			</report>
			<report>
				<misses>7743001</misses>
				<total>8</total>
				<timestamp>2784.692704</timestamp>
			</report>
			<report>
				<misses>7744001</misses>
				<total>8</total>
				<timestamp>2785.052343</timestamp>
			</report>
			<report>
				<misses>7745001</misses>
				<total>8</total>
				<timestamp>2785.412062</timestamp>
			</report>
			<report>
				<misses>7746001</misses>
				<total>8</total>
				<timestamp>2785.771661</timestamp>
			</report>
			<report>
				<misses>7747001</misses>
				<total>8</total>
				<timestamp>2786.131301</timestamp>
			</report>
			<report>
				<misses>7748001</misses>
				<total>8</total>
				<timestamp>2786.490946</timestamp>
			</report>
			<report>
				<misses>7749001</misses>
				<total>8</total>
				<timestamp>2786.850582</timestamp>
			</report>
			<report>
				<misses>7750001</misses>
				<total>8</total>
				<timestamp>2787.210181</timestamp>
			</report>
			<report>
				<misses>7751001</misses>
				<total>8</total>
				<timestamp>2787.569836</timestamp>
			</report>
			<report>
				<misses>7752001</misses>
				<total>8</total>
				<timestamp>2787.929459</timestamp>
			</report>
			<report>
				<misses>7753001</misses>
				<total>8</total>
				<timestamp>2788.289143</timestamp>
			</report>
			<report>
				<misses>7754001</misses>
				<total>8</total>
				<timestamp>2788.648755</timestamp>
			</report>
			<report>
				<misses>7755001</misses>
				<total>8</total>
				<timestamp>2789.008392</timestamp>
			</report>
			<report>
				<misses>7756001</misses>
				<total>8</total>
				<timestamp>2789.368025</timestamp>
			</report>
			<report>
				<misses>7757001</misses>
				<total>8</total>
				<timestamp>2789.727711</timestamp>
			</report>
			<report>
				<misses>7758001</misses>
				<total>8</total>
				<timestamp>2790.087295</timestamp>
			</report>
			<report>
				<misses>7759001</misses>
				<total>8</total>
				<timestamp>2790.447019</timestamp>
			</report>
			<report>
				<misses>7760001</misses>
				<total>8</total>
				<timestamp>2790.806575</timestamp>
			</report>
			<report>
				<misses>7761001</misses>
				<total>8</total>
				<timestamp>2791.166267</timestamp>
			</report>
			<report>
				<misses>7762001</misses>
				<total>8</total>
				<timestamp>2791.525901</timestamp>
			</report>
			<report>
				<misses>7763001</misses>
				<total>8</total>
				<timestamp>2791.885630</timestamp>
			</report>
			<report>
				<misses>7764001</misses>
				<total>8</total>
				<timestamp>2792.245211</timestamp>
			</report>
			<report>
				<misses>7765001</misses>
				<total>8</total>
				<timestamp>2792.604810</timestamp>
			</report>
			<report>
				<misses>7766001</misses>
				<total>8</total>
				<timestamp>2792.964461</timestamp>
			</report>
			<report>
				<misses>7767001</misses>
				<total>8</total>
				<timestamp>2793.324066</timestamp>
			</report>
			<report>
				<misses>7768001</misses>
				<total>8</total>
				<timestamp>2793.683699</timestamp>
			</report>
			<report>
				<misses>7769001</misses>
				<total>8</total>
				<timestamp>2794.043328</timestamp>
			</report>
			<report>
				<misses>7770001</misses>
				<total>8</total>
				<timestamp>2794.402997</timestamp>
			</report>
			<report>
				<misses>7771001</misses>
				<total>8</total>
				<timestamp>2794.762649</timestamp>
			</report>
			<report>
				<misses>7772001</misses>
				<total>8</total>
				<timestamp>2795.122258</timestamp>
			</report>
			<report>
				<misses>7773001</misses>
				<total>8</total>
				<timestamp>2795.481915</timestamp>
			</report>
			<report>
				<misses>7774001</misses>
				<total>8</total>
				<timestamp>2795.841559</timestamp>
			</report>
			<report>
				<misses>7775001</misses>
				<total>8</total>
				<timestamp>2796.201253</timestamp>
			</report>
			<report>
				<misses>7776001</misses>
				<total>8</total>
				<timestamp>2796.560856</timestamp>
			</report>
			<report>
				<misses>7777001</misses>
				<total>8</total>
				<timestamp>2796.920476</timestamp>
			</report>
			<report>
				<misses>7778001</misses>
				<total>8</total>
				<timestamp>2797.280147</timestamp>
			</report>
			<report>
				<misses>7779001</misses>
				<total>8</total>
				<timestamp>2797.639733</timestamp>
			</report>
			<report>
				<misses>7780001</misses>
				<total>8</total>
				<timestamp>2797.999395</timestamp>
			</report>
			<report>
				<misses>7781001</misses>
				<total>8</total>
				<timestamp>2798.359012</timestamp>
			</report>
			<report>
				<misses>7782001</misses>
				<total>8</total>
				<timestamp>2798.718698</timestamp>
			</report>
			<report>
				<misses>7783001</misses>
				<total>8</total>
				<timestamp>2799.078288</timestamp>
			</report>
			<report>
				<misses>7784001</misses>
				<total>8</total>
				<timestamp>2799.437945</timestamp>
			</report>
			<report>
				<misses>7785001</misses>
				<total>8</total>
				<timestamp>2799.797573</timestamp>
			</report>
			<report>
				<misses>7786001</misses>
				<total>8</total>
				<timestamp>2800.157280</timestamp>
			</report>
			<report>
				<misses>7787001</misses>
				<total>8</total>
				<timestamp>2800.516894</timestamp>
			</report>
			<report>
				<misses>7788001</misses>
				<total>8</total>
				<timestamp>2800.876526</timestamp>
			</report>
			<report>
				<misses>7789001</misses>
				<total>8</total>
				<timestamp>2801.236177</timestamp>
			</report>
			<report>
				<misses>7790001</misses>
				<total>8</total>
				<timestamp>2801.595795</timestamp>
			</report>
			<report>
				<misses>7791001</misses>
				<total>8</total>
				<timestamp>2801.955482</timestamp>
			</report>
			<report>
				<misses>7792001</misses>
				<total>8</total>
				<timestamp>2802.315081</timestamp>
			</report>
			<report>
				<misses>7793001</misses>
				<total>8</total>
				<timestamp>2802.674740</timestamp>
			</report>
			<report>
				<misses>7794001</misses>
				<total>8</total>
				<timestamp>2803.034337</timestamp>
			</report>
			<report>
				<misses>7795001</misses>
				<total>8</total>
				<timestamp>2803.393996</timestamp>
			</report>
			<report>
				<misses>7796001</misses>
				<total>8</total>
				<timestamp>2803.753667</timestamp>
			</report>
			<report>
				<misses>7797001</misses>
				<total>8</total>
				<timestamp>2804.113261</timestamp>
			</report>
			<report>
				<misses>7798001</misses>
				<total>8</total>
				<timestamp>2804.472990</timestamp>
			</report>
			<report>
				<misses>7799001</misses>
				<total>8</total>
				<timestamp>2804.832559</timestamp>
			</report>
			<report>
				<misses>7800001</misses>
				<total>8</total>
				<timestamp>2805.192163</timestamp>
			</report>
			<report>
				<misses>7801001</misses>
				<total>8</total>
				<timestamp>2805.551883</timestamp>
			</report>
			<report>
				<misses>7802001</misses>
				<total>8</total>
				<timestamp>2805.911486</timestamp>
			</report>
			<report>
				<misses>7803001</misses>
				<total>8</total>
				<timestamp>2806.271170</timestamp>
			</report>
			<report>
				<misses>7804001</misses>
				<total>8</total>
				<timestamp>2806.630756</timestamp>
			</report>
			<report>
				<misses>7805001</misses>
				<total>8</total>
				<timestamp>2806.990427</timestamp>
			</report>
			<report>
				<misses>7806001</misses>
				<total>8</total>
				<timestamp>2807.350116</timestamp>
			</report>
			<report>
				<misses>7807001</misses>
				<total>8</total>
				<timestamp>2807.709693</timestamp>
			</report>
			<report>
				<misses>7808001</misses>
				<total>8</total>
				<timestamp>2808.069332</timestamp>
			</report>
			<report>
				<misses>7809001</misses>
				<total>8</total>
				<timestamp>2808.428996</timestamp>
			</report>
			<report>
				<misses>7810001</misses>
				<total>8</total>
				<timestamp>2808.788580</timestamp>
			</report>
			<report>
				<misses>7811001</misses>
				<total>8</total>
				<timestamp>2809.148273</timestamp>
			</report>
			<report>
				<misses>7812001</misses>
				<total>8</total>
				<timestamp>2809.507848</timestamp>
			</report>
			<report>
				<misses>7813001</misses>
				<total>8</total>
				<timestamp>2809.867533</timestamp>
			</report>
			<report>
				<misses>7814001</misses>
				<total>8</total>
				<timestamp>2810.227158</timestamp>
			</report>
			<report>
				<misses>7815001</misses>
				<total>8</total>
				<timestamp>2810.586783</timestamp>
			</report>
			<report>
				<misses>7816001</misses>
				<total>8</total>
				<timestamp>2810.946470</timestamp>
			</report>
			<report>
				<misses>7817001</misses>
				<total>8</total>
				<timestamp>2811.306071</timestamp>
			</report>
			<report>
				<misses>7818001</misses>
				<total>8</total>
				<timestamp>2811.665688</timestamp>
			</report>
			<report>
				<misses>7819001</misses>
				<total>8</total>
				<timestamp>2812.025369</timestamp>
			</report>
			<report>
				<misses>7820001</misses>
				<total>8</total>
				<timestamp>2812.384985</timestamp>
			</report>
			<report>
				<misses>7821001</misses>
				<total>8</total>
				<timestamp>2812.744642</timestamp>
			</report>
			<report>
				<misses>7822001</misses>
				<total>8</total>
				<timestamp>2813.104310</timestamp>
			</report>
			<report>
				<misses>7823001</misses>
				<total>8</total>
				<timestamp>2813.463948</timestamp>
			</report>
			<report>
				<misses>7824001</misses>
				<total>8</total>
				<timestamp>2813.823598</timestamp>
			</report>
			<report>
				<misses>7825001</misses>
				<total>8</total>
				<timestamp>2814.183191</timestamp>
			</report>
			<report>
				<misses>7826001</misses>
				<total>8</total>
				<timestamp>2814.542846</timestamp>
			</report>
			<report>
				<misses>7827001</misses>
				<total>8</total>
				<timestamp>2814.902465</timestamp>
			</report>
			<report>
				<misses>7828001</misses>
				<total>8</total>
				<timestamp>2815.262109</timestamp>
			</report>
			<report>
				<misses>7829001</misses>
				<total>8</total>
				<timestamp>2815.621809</timestamp>
			</report>
			<report>
				<misses>7830001</misses>
				<total>8</total>
				<timestamp>2815.981462</timestamp>
			</report>
			<report>
				<misses>7831001</misses>
				<total>8</total>
				<timestamp>2816.341020</timestamp>
			</report>
			<report>
				<misses>7832001</misses>
				<total>8</total>
				<timestamp>2816.700655</timestamp>
			</report>
			<report>
				<misses>7833001</misses>
				<total>8</total>
				<timestamp>2817.060396</timestamp>
			</report>
			<report>
				<misses>7834001</misses>
				<total>8</total>
				<timestamp>2817.420004</timestamp>
			</report>
			<report>
				<misses>7835001</misses>
				<total>8</total>
				<timestamp>2817.779630</timestamp>
			</report>
			<report>
				<misses>7836001</misses>
				<total>8</total>
				<timestamp>2818.139254</timestamp>
			</report>
			<report>
				<misses>7837001</misses>
				<total>8</total>
				<timestamp>2818.498878</timestamp>
			</report>
			<report>
				<misses>7838001</misses>
				<total>8</total>
				<timestamp>2818.858573</timestamp>
			</report>
			<report>
				<misses>7839001</misses>
				<total>8</total>
				<timestamp>2819.218208</timestamp>
			</report>
			<report>
				<misses>7840001</misses>
				<total>8</total>
				<timestamp>2819.577778</timestamp>
			</report>
			<report>
				<misses>7841001</misses>
				<total>8</total>
				<timestamp>2819.937471</timestamp>
			</report>
			<report>
				<misses>7842001</misses>
				<total>8</total>
				<timestamp>2820.297053</timestamp>
			</report>
			<report>
				<misses>7843001</misses>
				<total>8</total>
				<timestamp>2820.656787</timestamp>
			</report>
			<report>
				<misses>7844001</misses>
				<total>8</total>
				<timestamp>2821.016339</timestamp>
			</report>
			<report>
				<misses>7845001</misses>
				<total>8</total>
				<timestamp>2821.376055</timestamp>
			</report>
			<report>
				<misses>7846001</misses>
				<total>8</total>
				<timestamp>2821.735658</timestamp>
			</report>
			<report>
				<misses>7847001</misses>
				<total>8</total>
				<timestamp>2822.095275</timestamp>
			</report>
			<report>
				<misses>7848001</misses>
				<total>8</total>
				<timestamp>2822.454902</timestamp>
			</report>
			<report>
				<misses>7849001</misses>
				<total>8</total>
				<timestamp>2822.814677</timestamp>
			</report>
			<report>
				<misses>7850001</misses>
				<total>8</total>
				<timestamp>2823.174203</timestamp>
			</report>
			<report>
				<misses>7851001</misses>
				<total>8</total>
				<timestamp>2823.533843</timestamp>
			</report>
			<report>
				<misses>7852001</misses>
				<total>8</total>
				<timestamp>2823.893514</timestamp>
			</report>
			<report>
				<misses>7853001</misses>
				<total>8</total>
				<timestamp>2824.253172</timestamp>
			</report>
			<report>
				<misses>7854001</misses>
				<total>8</total>
				<timestamp>2824.612787</timestamp>
			</report>
			<report>
				<misses>7855001</misses>
				<total>8</total>
				<timestamp>2824.972372</timestamp>
			</report>
			<report>
				<misses>7856001</misses>
				<total>8</total>
				<timestamp>2825.332029</timestamp>
			</report>
			<report>
				<misses>7857001</misses>
				<total>8</total>
				<timestamp>2825.691674</timestamp>
			</report>
			<report>
				<misses>7858001</misses>
				<total>8</total>
				<timestamp>2826.051336</timestamp>
			</report>
			<report>
				<misses>7859001</misses>
				<total>8</total>
				<timestamp>2826.410949</timestamp>
			</report>
			<report>
				<misses>7860001</misses>
				<total>8</total>
				<timestamp>2826.770662</timestamp>
			</report>
			<report>
				<misses>7861001</misses>
				<total>8</total>
				<timestamp>2827.130231</timestamp>
			</report>
			<report>
				<misses>7862001</misses>
				<total>8</total>
				<timestamp>2827.489910</timestamp>
			</report>
			<report>
				<misses>7863001</misses>
				<total>8</total>
				<timestamp>2827.849550</timestamp>
			</report>
			<report>
				<misses>7864001</misses>
				<total>8</total>
				<timestamp>2828.209144</timestamp>
			</report>
			<report>
				<misses>7865001</misses>
				<total>8</total>
				<timestamp>2828.568779</timestamp>
			</report>
			<report>
				<misses>7866001</misses>
				<total>8</total>
				<timestamp>2828.928404</timestamp>
			</report>
			<report>
				<misses>7867001</misses>
				<total>8</total>
				<timestamp>2829.288065</timestamp>
			</report>
			<report>
				<misses>7868001</misses>
				<total>8</total>
				<timestamp>2829.647697</timestamp>
			</report>
			<report>
				<misses>7869001</misses>
				<total>8</total>
				<timestamp>2830.007371</timestamp>
			</report>
			<report>
				<misses>7870001</misses>
				<total>8</total>
				<timestamp>2830.367010</timestamp>
			</report>
			<report>
				<misses>7871001</misses>
				<total>8</total>
				<timestamp>2830.726625</timestamp>
			</report>
			<report>
				<misses>7872001</misses>
				<total>8</total>
				<timestamp>2831.086297</timestamp>
			</report>
			<report>
				<misses>7873001</misses>
				<total>8</total>
				<timestamp>2831.445939</timestamp>
			</report>
			<report>
				<misses>7874001</misses>
				<total>8</total>
				<timestamp>2831.805597</timestamp>
			</report>
			<report>
				<misses>7875001</misses>
				<total>8</total>
				<timestamp>2832.165217</timestamp>
			</report>
			<report>
				<misses>7876001</misses>
				<total>8</total>
				<timestamp>2832.524846</timestamp>
			</report>
			<report>
				<misses>7877001</misses>
				<total>8</total>
				<timestamp>2832.884445</timestamp>
			</report>
			<report>
				<misses>7878001</misses>
				<total>8</total>
				<timestamp>2833.244152</timestamp>
			</report>
			<report>
				<misses>7879001</misses>
				<total>8</total>
				<timestamp>2833.603799</timestamp>
			</report>
			<report>
				<misses>7880001</misses>
				<total>8</total>
				<timestamp>2833.963398</timestamp>
			</report>
			<report>
				<misses>7881001</misses>
				<total>8</total>
				<timestamp>2834.323014</timestamp>
			</report>
			<report>
				<misses>7882001</misses>
				<total>8</total>
				<timestamp>2834.682667</timestamp>
			</report>
			<report>
				<misses>7883001</misses>
				<total>8</total>
				<timestamp>2835.042287</timestamp>
			</report>
			<report>
				<misses>7884001</misses>
				<total>8</total>
				<timestamp>2835.401988</timestamp>
			</report>
			<report>
				<misses>7885001</misses>
				<total>8</total>
				<timestamp>2835.761577</timestamp>
			</report>
			<report>
				<misses>7886001</misses>
				<total>8</total>
				<timestamp>2836.121258</timestamp>
			</report>
			<report>
				<misses>7887001</misses>
				<total>8</total>
				<timestamp>2836.480846</timestamp>
			</report>
			<report>
				<misses>7888001</misses>
				<total>8</total>
				<timestamp>2836.840525</timestamp>
			</report>
			<report>
				<misses>7889001</misses>
				<total>8</total>
				<timestamp>2837.200190</timestamp>
			</report>
			<report>
				<misses>7890001</misses>
				<total>8</total>
				<timestamp>2837.559829</timestamp>
			</report>
			<report>
				<misses>7891001</misses>
				<total>8</total>
				<timestamp>2837.919459</timestamp>
			</report>
			<report>
				<misses>7892001</misses>
				<total>8</total>
				<timestamp>2838.279085</timestamp>
			</report>
			<report>
				<misses>7893001</misses>
				<total>8</total>
				<timestamp>2838.638684</timestamp>
			</report>
			<report>
				<misses>7894001</misses>
				<total>8</total>
				<timestamp>2838.998334</timestamp>
			</report>
			<report>
				<misses>7895001</misses>
				<total>8</total>
				<timestamp>2839.358016</timestamp>
			</report>
			<report>
				<misses>7896001</misses>
				<total>8</total>
				<timestamp>2839.717672</timestamp>
			</report>
			<report>
				<misses>7897001</misses>
				<total>8</total>
				<timestamp>2840.077298</timestamp>
			</report>
			<report>
				<misses>7898001</misses>
				<total>8</total>
				<timestamp>2840.436908</timestamp>
			</report>
			<report>
				<misses>7899001</misses>
				<total>8</total>
				<timestamp>2840.796563</timestamp>
			</report>
			<report>
				<misses>7900001</misses>
				<total>8</total>
				<timestamp>2841.156214</timestamp>
			</report>
			<report>
				<misses>7901001</misses>
				<total>8</total>
				<timestamp>2841.515832</timestamp>
			</report>
			<report>
				<misses>7902001</misses>
				<total>8</total>
				<timestamp>2841.875478</timestamp>
			</report>
			<report>
				<misses>7903001</misses>
				<total>8</total>
				<timestamp>2842.235172</timestamp>
			</report>
			<report>
				<misses>7904001</misses>
				<total>8</total>
				<timestamp>2842.594776</timestamp>
			</report>
			<report>
				<misses>7905001</misses>
				<total>8</total>
				<timestamp>2842.954416</timestamp>
			</report>
			<report>
				<misses>7906001</misses>
				<total>8</total>
				<timestamp>2843.314068</timestamp>
			</report>
			<report>
				<misses>7907001</misses>
				<total>8</total>
				<timestamp>2843.673666</timestamp>
			</report>
			<report>
				<misses>7908001</misses>
				<total>8</total>
				<timestamp>2844.033288</timestamp>
			</report>
			<report>
				<misses>7909001</misses>
				<total>8</total>
				<timestamp>2844.392983</timestamp>
			</report>
			<report>
				<misses>7910001</misses>
				<total>8</total>
				<timestamp>2844.752617</timestamp>
			</report>
			<report>
				<misses>7911001</misses>
				<total>8</total>
				<timestamp>2845.112204</timestamp>
			</report>
			<report>
				<misses>7912001</misses>
				<total>8</total>
				<timestamp>2845.471898</timestamp>
			</report>
			<report>
				<misses>7913001</misses>
				<total>8</total>
				<timestamp>2845.831586</timestamp>
			</report>
			<report>
				<misses>7914001</misses>
				<total>8</total>
				<timestamp>2846.191153</timestamp>
			</report>
			<report>
				<misses>7915001</misses>
				<total>8</total>
				<timestamp>2846.550792</timestamp>
			</report>
			<report>
				<misses>7916001</misses>
				<total>8</total>
				<timestamp>2846.910408</timestamp>
			</report>
			<report>
				<misses>7917001</misses>
				<total>8</total>
				<timestamp>2847.270096</timestamp>
			</report>
			<report>
				<misses>7918001</misses>
				<total>8</total>
				<timestamp>2847.629702</timestamp>
			</report>
			<report>
				<misses>7919001</misses>
				<total>8</total>
				<timestamp>2847.989402</timestamp>
			</report>
			<report>
				<misses>7920001</misses>
				<total>8</total>
				<timestamp>2848.348975</timestamp>
			</report>
			<report>
				<misses>7921001</misses>
				<total>8</total>
				<timestamp>2848.708641</timestamp>
			</report>
			<report>
				<misses>7922001</misses>
				<total>8</total>
				<timestamp>2849.068272</timestamp>
			</report>
			<report>
				<misses>7923001</misses>
				<total>8</total>
				<timestamp>2849.427896</timestamp>
			</report>
			<report>
				<misses>7924001</misses>
				<total>8</total>
				<timestamp>2849.787545</timestamp>
			</report>
			<report>
				<misses>7925001</misses>
				<total>8</total>
				<timestamp>2850.147240</timestamp>
			</report>
			<report>
				<misses>7926001</misses>
				<total>8</total>
				<timestamp>2850.506841</timestamp>
			</report>
			<report>
				<misses>7927001</misses>
				<total>8</total>
				<timestamp>2850.866555</timestamp>
			</report>
			<report>
				<misses>7928001</misses>
				<total>8</total>
				<timestamp>2851.226195</timestamp>
			</report>
			<report>
				<misses>7929001</misses>
				<total>8</total>
				<timestamp>2851.585731</timestamp>
			</report>
			<report>
				<misses>7930001</misses>
				<total>8</total>
				<timestamp>2851.945424</timestamp>
			</report>
			<report>
				<misses>7931001</misses>
				<total>8</total>
				<timestamp>2852.305081</timestamp>
			</report>
			<report>
				<misses>7932001</misses>
				<total>8</total>
				<timestamp>2852.664643</timestamp>
			</report>
			<report>
				<misses>7933001</misses>
				<total>8</total>
				<timestamp>2853.024339</timestamp>
			</report>
			<report>
				<misses>7934001</misses>
				<total>8</total>
				<timestamp>2853.384024</timestamp>
			</report>
			<report>
				<misses>7935001</misses>
				<total>8</total>
				<timestamp>2853.743678</timestamp>
			</report>
			<report>
				<misses>7936001</misses>
				<total>8</total>
				<timestamp>2854.103307</timestamp>
			</report>
			<report>
				<misses>7937001</misses>
				<total>8</total>
				<timestamp>2854.462865</timestamp>
			</report>
			<report>
				<misses>7938001</misses>
				<total>8</total>
				<timestamp>2854.822509</timestamp>
			</report>
			<report>
				<misses>7939001</misses>
				<total>8</total>
				<timestamp>2855.182154</timestamp>
			</report>
			<report>
				<misses>7940001</misses>
				<total>8</total>
				<timestamp>2855.541770</timestamp>
			</report>
			<report>
				<misses>7941001</misses>
				<total>8</total>
				<timestamp>2855.901412</timestamp>
			</report>
			<report>
				<misses>7942001</misses>
				<total>8</total>
				<timestamp>2856.261092</timestamp>
			</report>
			<report>
				<misses>7943001</misses>
				<total>8</total>
				<timestamp>2856.620704</timestamp>
			</report>
			<report>
				<misses>7944001</misses>
				<total>8</total>
				<timestamp>2856.980375</timestamp>
			</report>
			<report>
				<misses>7945001</misses>
				<total>8</total>
				<timestamp>2857.340016</timestamp>
			</report>
			<report>
				<misses>7946001</misses>
				<total>8</total>
				<timestamp>2857.699606</timestamp>
			</report>
			<report>
				<misses>7947001</misses>
				<total>8</total>
				<timestamp>2858.059243</timestamp>
			</report>
			<report>
				<misses>7948001</misses>
				<total>8</total>
				<timestamp>2858.418986</timestamp>
			</report>
			<report>
				<misses>7949001</misses>
				<total>8</total>
				<timestamp>2858.778545</timestamp>
			</report>
			<report>
				<misses>7950001</misses>
				<total>8</total>
				<timestamp>2859.138192</timestamp>
			</report>
			<report>
				<misses>7951001</misses>
				<total>8</total>
				<timestamp>2859.497897</timestamp>
			</report>
			<report>
				<misses>7952001</misses>
				<total>8</total>
				<timestamp>2859.857505</timestamp>
			</report>
			<report>
				<misses>7953001</misses>
				<total>8</total>
				<timestamp>2860.217158</timestamp>
			</report>
			<report>
				<misses>7954001</misses>
				<total>8</total>
				<timestamp>2860.576760</timestamp>
			</report>
			<report>
				<misses>7955001</misses>
				<total>8</total>
				<timestamp>2860.936416</timestamp>
			</report>
			<report>
				<misses>7956001</misses>
				<total>8</total>
				<timestamp>2861.296069</timestamp>
			</report>
			<report>
				<misses>7957001</misses>
				<total>8</total>
				<timestamp>2861.655699</timestamp>
			</report>
			<report>
				<misses>7958001</misses>
				<total>8</total>
				<timestamp>2862.015384</timestamp>
			</report>
			<report>
				<misses>7959001</misses>
				<total>8</total>
				<timestamp>2862.374982</timestamp>
			</report>
			<report>
				<misses>7960001</misses>
				<total>8</total>
				<timestamp>2862.734611</timestamp>
			</report>
			<report>
				<misses>7961001</misses>
				<total>8</total>
				<timestamp>2863.094231</timestamp>
			</report>
			<report>
				<misses>7962001</misses>
				<total>8</total>
				<timestamp>2863.453890</timestamp>
			</report>
			<report>
				<misses>7963001</misses>
				<total>8</total>
				<timestamp>2863.813514</timestamp>
			</report>
			<report>
				<misses>7964001</misses>
				<total>8</total>
				<timestamp>2864.173228</timestamp>
			</report>
			<report>
				<misses>7965001</misses>
				<total>8</total>
				<timestamp>2864.532816</timestamp>
			</report>
			<report>
				<misses>7966001</misses>
				<total>8</total>
				<timestamp>2864.892459</timestamp>
			</report>
			<report>
				<misses>7967001</misses>
				<total>8</total>
				<timestamp>2865.252084</timestamp>
			</report>
			<report>
				<misses>7968001</misses>
				<total>8</total>
				<timestamp>2865.611688</timestamp>
			</report>
			<report>
				<misses>7969001</misses>
				<total>8</total>
				<timestamp>2865.971373</timestamp>
			</report>
			<report>
				<misses>7970001</misses>
				<total>8</total>
				<timestamp>2866.331052</timestamp>
			</report>
			<report>
				<misses>7971001</misses>
				<total>8</total>
				<timestamp>2866.690633</timestamp>
			</report>
			<report>
				<misses>7972001</misses>
				<total>8</total>
				<timestamp>2867.050276</timestamp>
			</report>
			<report>
				<misses>7973001</misses>
				<total>8</total>
				<timestamp>2867.409918</timestamp>
			</report>
			<report>
				<misses>7974001</misses>
				<total>8</total>
				<timestamp>2867.769556</timestamp>
			</report>
			<report>
				<misses>7975001</misses>
				<total>8</total>
				<timestamp>2868.129172</timestamp>
			</report>
			<report>
				<misses>7976001</misses>
				<total>8</total>
				<timestamp>2868.488835</timestamp>
			</report>
			<report>
				<misses>7977001</misses>
				<total>8</total>
				<timestamp>2868.848470</timestamp>
			</report>
			<report>
				<misses>7978001</misses>
				<total>8</total>
				<timestamp>2869.208137</timestamp>
			</report>
			<report>
				<misses>7979001</misses>
				<total>8</total>
				<timestamp>2869.567803</timestamp>
			</report>
			<report>
				<misses>7980001</misses>
				<total>8</total>
				<timestamp>2869.927415</timestamp>
			</report>
			<report>
				<misses>7981001</misses>
				<total>8</total>
				<timestamp>2870.287029</timestamp>
			</report>
			<report>
				<misses>7982001</misses>
				<total>8</total>
				<timestamp>2870.646664</timestamp>
			</report>
			<report>
				<misses>7983001</misses>
				<total>8</total>
				<timestamp>2871.006335</timestamp>
			</report>
			<report>
				<misses>7984001</misses>
				<total>8</total>
				<timestamp>2871.365945</timestamp>
			</report>
			<report>
				<misses>7985001</misses>
				<total>8</total>
				<timestamp>2871.725563</timestamp>
			</report>
			<report>
				<misses>7986001</misses>
				<total>8</total>
				<timestamp>2872.085200</timestamp>
			</report>
			<report>
				<misses>7987001</misses>
				<total>8</total>
				<timestamp>2872.444889</timestamp>
			</report>
			<report>
				<misses>7988001</misses>
				<total>8</total>
				<timestamp>2872.804629</timestamp>
			</report>
			<report>
				<misses>7989001</misses>
				<total>8</total>
				<timestamp>2873.164151</timestamp>
			</report>
			<report>
				<misses>7990001</misses>
				<total>8</total>
				<timestamp>2873.523817</timestamp>
			</report>
			<report>
				<misses>7991001</misses>
				<total>8</total>
				<timestamp>2873.883478</timestamp>
			</report>
			<report>
				<misses>7992001</misses>
				<total>8</total>
				<timestamp>2874.243064</timestamp>
			</report>
			<report>
				<misses>7993001</misses>
				<total>8</total>
				<timestamp>2874.602702</timestamp>
			</report>
			<report>
				<misses>7994001</misses>
				<total>8</total>
				<timestamp>2874.962360</timestamp>
			</report>
			<report>
				<misses>7995001</misses>
				<total>8</total>
				<timestamp>2875.322030</timestamp>
			</report>
			<report>
				<misses>7996001</misses>
				<total>8</total>
				<timestamp>2875.681623</timestamp>
			</report>
			<report>
				<misses>7997001</misses>
				<total>8</total>
				<timestamp>2876.041306</timestamp>
			</report>
			<report>
				<misses>7998001</misses>
				<total>8</total>
				<timestamp>2876.400933</timestamp>
			</report>
			<report>
				<misses>7999001</misses>
				<total>8</total>
				<timestamp>2876.760533</timestamp>
			</report>
			<report>
				<misses>8000001</misses>
				<total>8</total>
				<timestamp>2877.120248</timestamp>
			</report>
			<report>
				<misses>8001001</misses>
				<total>8</total>
				<timestamp>2877.480001</timestamp>
			</report>
			<report>
				<misses>8002001</misses>
				<total>8</total>
				<timestamp>2877.839537</timestamp>
			</report>
			<report>
				<misses>8003001</misses>
				<total>8</total>
				<timestamp>2878.199169</timestamp>
			</report>
			<report>
				<misses>8004001</misses>
				<total>8</total>
				<timestamp>2878.558777</timestamp>
			</report>
			<report>
				<misses>8005001</misses>
				<total>8</total>
				<timestamp>2878.918404</timestamp>
			</report>
			<report>
				<misses>8006001</misses>
				<total>8</total>
				<timestamp>2879.278085</timestamp>
			</report>
			<report>
				<misses>8007001</misses>
				<total>8</total>
				<timestamp>2879.637672</timestamp>
			</report>
			<report>
				<misses>8008001</misses>
				<total>8</total>
				<timestamp>2879.997290</timestamp>
			</report>
			<report>
				<misses>8009001</misses>
				<total>8</total>
				<timestamp>2880.357001</timestamp>
			</report>
			<report>
				<misses>8010001</misses>
				<total>8</total>
				<timestamp>2880.716611</timestamp>
			</report>
			<report>
				<misses>8011001</misses>
				<total>8</total>
				<timestamp>2881.076212</timestamp>
			</report>
			<report>
				<misses>8012001</misses>
				<total>8</total>
				<timestamp>2881.435875</timestamp>
			</report>
			<report>
				<misses>8013001</misses>
				<total>8</total>
				<timestamp>2881.795546</timestamp>
			</report>
			<report>
				<misses>8014001</misses>
				<total>8</total>
				<timestamp>2882.155125</timestamp>
			</report>
			<report>
				<misses>8015001</misses>
				<total>8</total>
				<timestamp>2882.514803</timestamp>
			</report>
			<report>
				<misses>8016001</misses>
				<total>8</total>
				<timestamp>2882.874405</timestamp>
			</report>
			<report>
				<misses>8017001</misses>
				<total>8</total>
				<timestamp>2883.234123</timestamp>
			</report>
			<report>
				<misses>8018001</misses>
				<total>8</total>
				<timestamp>2883.593708</timestamp>
			</report>
			<report>
				<misses>8019001</misses>
				<total>8</total>
				<timestamp>2883.953494</timestamp>
			</report>
			<report>
				<misses>8020001</misses>
				<total>8</total>
				<timestamp>2884.312984</timestamp>
			</report>
			<report>
				<misses>8021001</misses>
				<total>8</total>
				<timestamp>2884.672609</timestamp>
			</report>
			<report>
				<misses>8022001</misses>
				<total>8</total>
				<timestamp>2885.032323</timestamp>
			</report>
			<report>
				<misses>8023001</misses>
				<total>8</total>
				<timestamp>2885.391981</timestamp>
			</report>
			<report>
				<misses>8024001</misses>
				<total>8</total>
				<timestamp>2885.751573</timestamp>
			</report>
			<report>
				<misses>8025001</misses>
				<total>8</total>
				<timestamp>2886.111229</timestamp>
			</report>
			<report>
				<misses>8026001</misses>
				<total>8</total>
				<timestamp>2886.470845</timestamp>
			</report>
			<report>
				<misses>8027001</misses>
				<total>8</total>
				<timestamp>2886.830507</timestamp>
			</report>
			<report>
				<misses>8028001</misses>
				<total>8</total>
				<timestamp>2887.190117</timestamp>
			</report>
			<report>
				<misses>8029001</misses>
				<total>8</total>
				<timestamp>2887.549777</timestamp>
			</report>
			<report>
				<misses>8030001</misses>
				<total>8</total>
				<timestamp>2887.909386</timestamp>
			</report>
			<report>
				<misses>8031001</misses>
				<total>8</total>
				<timestamp>2888.269042</timestamp>
			</report>
			<report>
				<misses>8032001</misses>
				<total>8</total>
				<timestamp>2888.628714</timestamp>
			</report>
			<report>
				<misses>8033001</misses>
				<total>8</total>
				<timestamp>2888.988351</timestamp>
			</report>
			<report>
				<misses>8034001</misses>
				<total>8</total>
				<timestamp>2889.347999</timestamp>
			</report>
			<report>
				<misses>8035001</misses>
				<total>8</total>
				<timestamp>2889.707581</timestamp>
			</report>
			<report>
				<misses>8036001</misses>
				<total>8</total>
				<timestamp>2890.067220</timestamp>
			</report>
			<report>
				<misses>8037001</misses>
				<total>8</total>
				<timestamp>2890.426903</timestamp>
			</report>
			<report>
				<misses>8038001</misses>
				<total>8</total>
				<timestamp>2890.786484</timestamp>
			</report>
			<report>
				<misses>8039001</misses>
				<total>8</total>
				<timestamp>2891.146191</timestamp>
			</report>
			<report>
				<misses>8040001</misses>
				<total>8</total>
				<timestamp>2891.505797</timestamp>
			</report>
			<report>
				<misses>8041001</misses>
				<total>8</total>
				<timestamp>2891.865436</timestamp>
			</report>
			<report>
				<misses>8042001</misses>
				<total>8</total>
				<timestamp>2892.225060</timestamp>
			</report>
			<report>
				<misses>8043001</misses>
				<total>8</total>
				<timestamp>2892.584724</timestamp>
			</report>
			<report>
				<misses>8044001</misses>
				<total>8</total>
				<timestamp>2892.944446</timestamp>
			</report>
			<report>
				<misses>8045001</misses>
				<total>8</total>
				<timestamp>2893.304043</timestamp>
			</report>
			<report>
				<misses>8046001</misses>
				<total>8</total>
				<timestamp>2893.663604</timestamp>
			</report>
			<report>
				<misses>8047001</misses>
				<total>8</total>
				<timestamp>2894.023262</timestamp>
			</report>
			<report>
				<misses>8048001</misses>
				<total>8</total>
				<timestamp>2894.382947</timestamp>
			</report>
			<report>
				<misses>8049001</misses>
				<total>8</total>
				<timestamp>2894.742558</timestamp>
			</report>
			<report>
				<misses>8050001</misses>
				<total>8</total>
				<timestamp>2895.102172</timestamp>
			</report>
			<report>
				<misses>8051001</misses>
				<total>8</total>
				<timestamp>2895.461863</timestamp>
			</report>
			<report>
				<misses>8052001</misses>
				<total>8</total>
				<timestamp>2895.821506</timestamp>
			</report>
			<report>
				<misses>8053001</misses>
				<total>8</total>
				<timestamp>2896.181130</timestamp>
			</report>
			<report>
				<misses>8054001</misses>
				<total>8</total>
				<timestamp>2896.540891</timestamp>
			</report>
			<report>
				<misses>8055001</misses>
				<total>8</total>
				<timestamp>2896.900532</timestamp>
			</report>
			<report>
				<misses>8056001</misses>
				<total>8</total>
				<timestamp>2897.260062</timestamp>
			</report>
			<report>
				<misses>8057001</misses>
				<total>8</total>
				<timestamp>2897.619699</timestamp>
			</report>
			<report>
				<misses>8058001</misses>
				<total>8</total>
				<timestamp>2897.979292</timestamp>
			</report>
			<report>
				<misses>8059001</misses>
				<total>8</total>
				<timestamp>2898.339065</timestamp>
			</report>
			<report>
				<misses>8060001</misses>
				<total>8</total>
				<timestamp>2898.698589</timestamp>
			</report>
			<report>
				<misses>8061001</misses>
				<total>8</total>
				<timestamp>2899.058229</timestamp>
			</report>
			<report>
				<misses>8062001</misses>
				<total>8</total>
				<timestamp>2899.417910</timestamp>
			</report>
			<report>
				<misses>8063001</misses>
				<total>8</total>
				<timestamp>2899.777527</timestamp>
			</report>
			<report>
				<misses>8064001</misses>
				<total>8</total>
				<timestamp>2900.137211</timestamp>
			</report>
			<report>
				<misses>8065001</misses>
				<total>8</total>
				<timestamp>2900.496808</timestamp>
			</report>
			<report>
				<misses>8066001</misses>
				<total>8</total>
				<timestamp>2900.856407</timestamp>
			</report>
			<report>
				<misses>8067001</misses>
				<total>8</total>
				<timestamp>2901.216176</timestamp>
			</report>
			<report>
				<misses>8068001</misses>
				<total>8</total>
				<timestamp>2901.575776</timestamp>
			</report>
			<report>
				<misses>8069001</misses>
				<total>8</total>
				<timestamp>2901.935425</timestamp>
			</report>
			<report>
				<misses>8070001</misses>
				<total>8</total>
				<timestamp>2902.295028</timestamp>
			</report>
			<report>
				<misses>8071001</misses>
				<total>8</total>
				<timestamp>2902.654625</timestamp>
			</report>
			<report>
				<misses>8072001</misses>
				<total>8</total>
				<timestamp>2903.014269</timestamp>
			</report>
			<report>
				<misses>8073001</misses>
				<total>8</total>
				<timestamp>2903.373980</timestamp>
			</report>
			<report>
				<misses>8074001</misses>
				<total>8</total>
				<timestamp>2903.733554</timestamp>
			</report>
			<report>
				<misses>8075001</misses>
				<total>8</total>
				<timestamp>2904.093207</timestamp>
			</report>
			<report>
				<misses>8076001</misses>
				<total>8</total>
				<timestamp>2904.452844</timestamp>
			</report>
			<report>
				<misses>8077001</misses>
				<total>8</total>
				<timestamp>2904.812456</timestamp>
			</report>
			<report>
				<misses>8078001</misses>
				<total>8</total>
				<timestamp>2905.172097</timestamp>
			</report>
			<report>
				<misses>8079001</misses>
				<total>8</total>
				<timestamp>2905.531796</timestamp>
			</report>
			<report>
				<misses>8080001</misses>
				<total>8</total>
				<timestamp>2905.891392</timestamp>
			</report>
			<report>
				<misses>8081001</misses>
				<total>8</total>
				<timestamp>2906.251046</timestamp>
			</report>
			<report>
				<misses>8082001</misses>
				<total>8</total>
				<timestamp>2906.610724</timestamp>
			</report>
			<report>
				<misses>8083001</misses>
				<total>8</total>
				<timestamp>2906.970320</timestamp>
			</report>
			<report>
				<misses>8084001</misses>
				<total>8</total>
				<timestamp>2907.329932</timestamp>
			</report>
			<report>
				<misses>8085001</misses>
				<total>8</total>
				<timestamp>2907.689613</timestamp>
			</report>
			<report>
				<misses>8086001</misses>
				<total>8</total>
				<timestamp>2908.049294</timestamp>
			</report>
			<report>
				<misses>8087001</misses>
				<total>8</total>
				<timestamp>2908.408864</timestamp>
			</report>
			<report>
				<misses>8088001</misses>
				<total>8</total>
				<timestamp>2908.768497</timestamp>
			</report>
			<report>
				<misses>8089001</misses>
				<total>8</total>
				<timestamp>2909.128247</timestamp>
			</report>
			<report>
				<misses>8090001</misses>
				<total>8</total>
				<timestamp>2909.487870</timestamp>
			</report>
			<report>
				<misses>8091001</misses>
				<total>8</total>
				<timestamp>2909.847478</timestamp>
			</report>
			<report>
				<misses>8092001</misses>
				<total>8</total>
				<timestamp>2910.207097</timestamp>
			</report>
			<report>
				<misses>8093001</misses>
				<total>8</total>
				<timestamp>2910.566737</timestamp>
			</report>
			<report>
				<misses>8094001</misses>
				<total>8</total>
				<timestamp>2910.926362</timestamp>
			</report>
			<report>
				<misses>8095001</misses>
				<total>8</total>
				<timestamp>2911.286031</timestamp>
			</report>
			<report>
				<misses>8096001</misses>
				<total>8</total>
				<timestamp>2911.645643</timestamp>
			</report>
			<report>
				<misses>8097001</misses>
				<total>8</total>
				<timestamp>2912.005250</timestamp>
			</report>
			<report>
				<misses>8098001</misses>
				<total>8</total>
				<timestamp>2912.364901</timestamp>
			</report>
			<report>
				<misses>8099001</misses>
				<total>8</total>
				<timestamp>2912.724531</timestamp>
			</report>
			<report>
				<misses>8100001</misses>
				<total>8</total>
				<timestamp>2913.084171</timestamp>
			</report>
			<report>
				<misses>8101001</misses>
				<total>8</total>
				<timestamp>2913.443838</timestamp>
			</report>
			<report>
				<misses>8102001</misses>
				<total>8</total>
				<timestamp>2913.803527</timestamp>
			</report>
			<report>
				<misses>8103001</misses>
				<total>8</total>
				<timestamp>2914.163186</timestamp>
			</report>
			<report>
				<misses>8104001</misses>
				<total>8</total>
				<timestamp>2914.522793</timestamp>
			</report>
			<report>
				<misses>8105001</misses>
				<total>8</total>
				<timestamp>2914.882437</timestamp>
			</report>
			<report>
				<misses>8106001</misses>
				<total>8</total>
				<timestamp>2915.242008</timestamp>
			</report>
			<report>
				<misses>8107001</misses>
				<total>8</total>
				<timestamp>2915.601738</timestamp>
			</report>
			<report>
				<misses>8108001</misses>
				<total>8</total>
				<timestamp>2915.961376</timestamp>
			</report>
			<report>
				<misses>8109001</misses>
				<total>8</total>
				<timestamp>2916.320950</timestamp>
			</report>
			<report>
				<misses>8110001</misses>
				<total>8</total>
				<timestamp>2916.680708</timestamp>
			</report>
			<report>
				<misses>8111001</misses>
				<total>8</total>
				<timestamp>2917.040294</timestamp>
			</report>
			<report>
				<misses>8112001</misses>
				<total>8</total>
				<timestamp>2917.399880</timestamp>
			</report>
			<report>
				<misses>8113001</misses>
				<total>8</total>
				<timestamp>2917.759503</timestamp>
			</report>
			<report>
				<misses>8114001</misses>
				<total>8</total>
				<timestamp>2918.119172</timestamp>
			</report>
			<report>
				<misses>8115001</misses>
				<total>8</total>
				<timestamp>2918.478805</timestamp>
			</report>
			<report>
				<misses>8116001</misses>
				<total>8</total>
				<timestamp>2918.838412</timestamp>
			</report>
			<report>
				<misses>8117001</misses>
				<total>8</total>
				<timestamp>2919.198062</timestamp>
			</report>
			<report>
				<misses>8118001</misses>
				<total>8</total>
				<timestamp>2919.557749</timestamp>
			</report>
			<report>
				<misses>8119001</misses>
				<total>8</total>
				<timestamp>2919.917359</timestamp>
			</report>
			<report>
				<misses>8120001</misses>
				<total>8</total>
				<timestamp>2920.276998</timestamp>
			</report>
			<report>
				<misses>8121001</misses>
				<total>8</total>
				<timestamp>2920.636640</timestamp>
			</report>
			<report>
				<misses>8122001</misses>
				<total>8</total>
				<timestamp>2920.996308</timestamp>
			</report>
			<report>
				<misses>8123001</misses>
				<total>8</total>
				<timestamp>2921.355909</timestamp>
			</report>
			<report>
				<misses>8124001</misses>
				<total>8</total>
				<timestamp>2921.715602</timestamp>
			</report>
			<report>
				<misses>8125001</misses>
				<total>8</total>
				<timestamp>2922.075310</timestamp>
			</report>
			<report>
				<misses>8126001</misses>
				<total>8</total>
				<timestamp>2922.434862</timestamp>
			</report>
			<report>
				<misses>8127001</misses>
				<total>8</total>
				<timestamp>2922.794476</timestamp>
			</report>
			<report>
				<misses>8128001</misses>
				<total>8</total>
				<timestamp>2923.154203</timestamp>
			</report>
			<report>
				<misses>8129001</misses>
				<total>8</total>
				<timestamp>2923.513764</timestamp>
			</report>
			<report>
				<misses>8130001</misses>
				<total>8</total>
				<timestamp>2923.873378</timestamp>
			</report>
			<report>
				<misses>8131001</misses>
				<total>8</total>
				<timestamp>2924.233079</timestamp>
			</report>
			<report>
				<misses>8132001</misses>
				<total>8</total>
				<timestamp>2924.592660</timestamp>
			</report>
			<report>
				<misses>8133001</misses>
				<total>8</total>
				<timestamp>2924.952359</timestamp>
			</report>
			<report>
				<misses>8134001</misses>
				<total>8</total>
				<timestamp>2925.311962</timestamp>
			</report>
			<report>
				<misses>8135001</misses>
				<total>8</total>
				<timestamp>2925.671627</timestamp>
			</report>
			<report>
				<misses>8136001</misses>
				<total>8</total>
				<timestamp>2926.031277</timestamp>
			</report>
			<report>
				<misses>8137001</misses>
				<total>8</total>
				<timestamp>2926.390847</timestamp>
			</report>
			<report>
				<misses>8138001</misses>
				<total>8</total>
				<timestamp>2926.750566</timestamp>
			</report>
			<report>
				<misses>8139001</misses>
				<total>8</total>
				<timestamp>2927.110174</timestamp>
			</report>
			<report>
				<misses>8140001</misses>
				<total>8</total>
				<timestamp>2927.469770</timestamp>
			</report>
			<report>
				<misses>8141001</misses>
				<total>8</total>
				<timestamp>2927.829423</timestamp>
			</report>
			<report>
				<misses>8142001</misses>
				<total>8</total>
				<timestamp>2928.189070</timestamp>
			</report>
			<report>
				<misses>8143001</misses>
				<total>8</total>
				<timestamp>2928.548727</timestamp>
			</report>
			<report>
				<misses>8144001</misses>
				<total>8</total>
				<timestamp>2928.908367</timestamp>
			</report>
			<report>
				<misses>8145001</misses>
				<total>8</total>
				<timestamp>2929.268022</timestamp>
			</report>
			<report>
				<misses>8146001</misses>
				<total>8</total>
				<timestamp>2929.627657</timestamp>
			</report>
			<report>
				<misses>8147001</misses>
				<total>8</total>
				<timestamp>2929.987330</timestamp>
			</report>
			<report>
				<misses>8148001</misses>
				<total>8</total>
				<timestamp>2930.346886</timestamp>
			</report>
			<report>
				<misses>8149001</misses>
				<total>8</total>
				<timestamp>2930.706545</timestamp>
			</report>
			<report>
				<misses>8150001</misses>
				<total>8</total>
				<timestamp>2931.066173</timestamp>
			</report>
			<report>
				<misses>8151001</misses>
				<total>8</total>
				<timestamp>2931.425820</timestamp>
			</report>
			<report>
				<misses>8152001</misses>
				<total>8</total>
				<timestamp>2931.785451</timestamp>
			</report>
			<report>
				<misses>8153001</misses>
				<total>8</total>
				<timestamp>2932.145115</timestamp>
			</report>
			<report>
				<misses>8154001</misses>
				<total>8</total>
				<timestamp>2932.504730</timestamp>
			</report>
			<report>
				<misses>8155001</misses>
				<total>8</total>
				<timestamp>2932.864372</timestamp>
			</report>
			<report>
				<misses>8156001</misses>
				<total>8</total>
				<timestamp>2933.224094</timestamp>
			</report>
			<report>
				<misses>8157001</misses>
				<total>8</total>
				<timestamp>2933.583666</timestamp>
			</report>
			<report>
				<misses>8158001</misses>
				<total>8</total>
				<timestamp>2933.943323</timestamp>
			</report>
			<report>
				<misses>8159001</misses>
				<total>8</total>
				<timestamp>2934.302933</timestamp>
			</report>
			<report>
				<misses>8160001</misses>
				<total>8</total>
				<timestamp>2934.662621</timestamp>
			</report>
			<report>
				<misses>8161001</misses>
				<total>8</total>
				<timestamp>2935.022208</timestamp>
			</report>
			<report>
				<misses>8162001</misses>
				<total>8</total>
				<timestamp>2935.381882</timestamp>
			</report>
			<report>
				<misses>8163001</misses>
				<total>8</total>
				<timestamp>2935.741489</timestamp>
			</report>
			<report>
				<misses>8164001</misses>
				<total>8</total>
				<timestamp>2936.101170</timestamp>
			</report>
			<report>
				<misses>8165001</misses>
				<total>8</total>
				<timestamp>2936.460862</timestamp>
			</report>
			<report>
				<misses>8166001</misses>
				<total>8</total>
				<timestamp>2936.820419</timestamp>
			</report>
			<report>
				<misses>8167001</misses>
				<total>8</total>
				<timestamp>2937.180085</timestamp>
			</report>
			<report>
				<misses>8168001</misses>
				<total>8</total>
				<timestamp>2937.539753</timestamp>
			</report>
			<report>
				<misses>8169001</misses>
				<total>8</total>
				<timestamp>2937.899389</timestamp>
			</report>
			<report>
				<misses>8170001</misses>
				<total>8</total>
				<timestamp>2938.258984</timestamp>
			</report>
			<report>
				<misses>8171001</misses>
				<total>8</total>
				<timestamp>2938.618733</timestamp>
			</report>
			<report>
				<misses>8172001</misses>
				<total>8</total>
				<timestamp>2938.978297</timestamp>
			</report>
			<report>
				<misses>8173001</misses>
				<total>8</total>
				<timestamp>2939.337939</timestamp>
			</report>
			<report>
				<misses>8174001</misses>
				<total>8</total>
				<timestamp>2939.697628</timestamp>
			</report>
			<report>
				<misses>8175001</misses>
				<total>8</total>
				<timestamp>2940.057191</timestamp>
			</report>
			<report>
				<misses>8176001</misses>
				<total>8</total>
				<timestamp>2940.416822</timestamp>
			</report>
			<report>
				<misses>8177001</misses>
				<total>8</total>
				<timestamp>2940.776445</timestamp>
			</report>
			<report>
				<misses>8178001</misses>
				<total>8</total>
				<timestamp>2941.136191</timestamp>
			</report>
			<report>
				<misses>8179001</misses>
				<total>8</total>
				<timestamp>2941.495736</timestamp>
			</report>
			<report>
				<misses>8180001</misses>
				<total>8</total>
				<timestamp>2941.855395</timestamp>
			</report>
			<report>
				<misses>8181001</misses>
				<total>8</total>
				<timestamp>2942.215053</timestamp>
			</report>
			<report>
				<misses>8182001</misses>
				<total>8</total>
				<timestamp>2942.574654</timestamp>
			</report>
			<report>
				<misses>8183001</misses>
				<total>8</total>
				<timestamp>2942.934315</timestamp>
			</report>
			<report>
				<misses>8184001</misses>
				<total>8</total>
				<timestamp>2943.293960</timestamp>
			</report>
			<report>
				<misses>8185001</misses>
				<total>8</total>
				<timestamp>2943.653648</timestamp>
			</report>
			<report>
				<misses>8186001</misses>
				<total>8</total>
				<timestamp>2944.013206</timestamp>
			</report>
			<report>
				<misses>8187001</misses>
				<total>8</total>
				<timestamp>2944.372858</timestamp>
			</report>
			<report>
				<misses>8188001</misses>
				<total>8</total>
				<timestamp>2944.732506</timestamp>
			</report>
			<report>
				<misses>8189001</misses>
				<total>8</total>
				<timestamp>2945.092133</timestamp>
			</report>
			<report>
				<misses>8190001</misses>
				<total>8</total>
				<timestamp>2945.451773</timestamp>
			</report>
			<report>
				<misses>8191001</misses>
				<total>8</total>
				<timestamp>2945.811459</timestamp>
			</report>
			<report>
				<misses>8192001</misses>
				<total>8</total>
				<timestamp>2946.171072</timestamp>
			</report>
			<report>
				<misses>8193001</misses>
				<total>8</total>
				<timestamp>2946.530691</timestamp>
			</report>
			<report>
				<misses>8194001</misses>
				<total>8</total>
				<timestamp>2946.890386</timestamp>
			</report>
			<report>
				<misses>8195001</misses>
				<total>8</total>
				<timestamp>2947.250036</timestamp>
			</report>
			<report>
				<misses>8196001</misses>
				<total>8</total>
				<timestamp>2947.609628</timestamp>
			</report>
			<report>
				<misses>8197001</misses>
				<total>8</total>
				<timestamp>2947.969348</timestamp>
			</report>
			<report>
				<misses>8198001</misses>
				<total>8</total>
				<timestamp>2948.328887</timestamp>
			</report>
			<report>
				<misses>8199001</misses>
				<total>8</total>
				<timestamp>2948.688624</timestamp>
			</report>
			<report>
				<misses>8200001</misses>
				<total>8</total>
				<timestamp>2949.048256</timestamp>
			</report>
			<report>
				<misses>8201001</misses>
				<total>8</total>
				<timestamp>2949.407804</timestamp>
			</report>
			<report>
				<misses>8202001</misses>
				<total>8</total>
				<timestamp>2949.767522</timestamp>
			</report>
			<report>
				<misses>8203001</misses>
				<total>8</total>
				<timestamp>2950.127173</timestamp>
			</report>
			<report>
				<misses>8204001</misses>
				<total>8</total>
				<timestamp>2950.486802</timestamp>
			</report>
			<report>
				<misses>8205001</misses>
				<total>8</total>
				<timestamp>2950.846454</timestamp>
			</report>
			<report>
				<misses>8206001</misses>
				<total>8</total>
				<timestamp>2951.206070</timestamp>
			</report>
			<report>
				<misses>8207001</misses>
				<total>8</total>
				<timestamp>2951.565669</timestamp>
			</report>
			<report>
				<misses>8208001</misses>
				<total>8</total>
				<timestamp>2951.925301</timestamp>
			</report>
			<report>
				<misses>8209001</misses>
				<total>8</total>
				<timestamp>2952.284934</timestamp>
			</report>
			<report>
				<misses>8210001</misses>
				<total>8</total>
				<timestamp>2952.644585</timestamp>
			</report>
			<report>
				<misses>8211001</misses>
				<total>8</total>
				<timestamp>2953.004217</timestamp>
			</report>
			<report>
				<misses>8212001</misses>
				<total>8</total>
				<timestamp>2953.363861</timestamp>
			</report>
			<report>
				<misses>8213001</misses>
				<total>8</total>
				<timestamp>2953.723584</timestamp>
			</report>
			<report>
				<misses>8214001</misses>
				<total>8</total>
				<timestamp>2954.083154</timestamp>
			</report>
			<report>
				<misses>8215001</misses>
				<total>8</total>
				<timestamp>2954.442800</timestamp>
			</report>
			<report>
				<misses>8216001</misses>
				<total>8</total>
				<timestamp>2954.802436</timestamp>
			</report>
			<report>
				<misses>8217001</misses>
				<total>8</total>
				<timestamp>2955.162118</timestamp>
			</report>
			<report>
				<misses>8218001</misses>
				<total>8</total>
				<timestamp>2955.521712</timestamp>
			</report>
			<report>
				<misses>8219001</misses>
				<total>8</total>
				<timestamp>2955.881378</timestamp>
			</report>
			<report>
				<misses>8220001</misses>
				<total>8</total>
				<timestamp>2956.241037</timestamp>
			</report>
			<report>
				<misses>8221001</misses>
				<total>8</total>
				<timestamp>2956.600631</timestamp>
			</report>
			<report>
				<misses>8222001</misses>
				<total>8</total>
				<timestamp>2956.960319</timestamp>
			</report>
			<report>
				<misses>8223001</misses>
				<total>8</total>
				<timestamp>2957.319939</timestamp>
			</report>
			<report>
				<misses>8224001</misses>
				<total>8</total>
				<timestamp>2957.679585</timestamp>
			</report>
			<report>
				<misses>8225001</misses>
				<total>8</total>
				<timestamp>2958.039207</timestamp>
			</report>
			<report>
				<misses>8226001</misses>
				<total>8</total>
				<timestamp>2958.398812</timestamp>
			</report>
			<report>
				<misses>8227001</misses>
				<total>8</total>
				<timestamp>2958.758513</timestamp>
			</report>
			<report>
				<misses>8228001</misses>
				<total>8</total>
				<timestamp>2959.118097</timestamp>
			</report>
			<report>
				<misses>8229001</misses>
				<total>8</total>
				<timestamp>2959.477730</timestamp>
			</report>
			<report>
				<misses>8230001</misses>
				<total>8</total>
				<timestamp>2959.837429</timestamp>
			</report>
			<report>
				<misses>8231001</misses>
				<total>8</total>
				<timestamp>2960.197055</timestamp>
			</report>
			<report>
				<misses>8232001</misses>
				<total>8</total>
				<timestamp>2960.556673</timestamp>
			</report>
			<report>
				<misses>8233001</misses>
				<total>8</total>
				<timestamp>2960.916351</timestamp>
			</report>
			<report>
				<misses>8234001</misses>
				<total>8</total>
				<timestamp>2961.275940</timestamp>
			</report>
			<report>
				<misses>8235001</misses>
				<total>8</total>
				<timestamp>2961.635613</timestamp>
			</report>
			<report>
				<misses>8236001</misses>
				<total>8</total>
				<timestamp>2961.995206</timestamp>
			</report>
			<report>
				<misses>8237001</misses>
				<total>8</total>
				<timestamp>2962.354891</timestamp>
			</report>
			<report>
				<misses>8238001</misses>
				<total>8</total>
				<timestamp>2962.714524</timestamp>
			</report>
			<report>
				<misses>8239001</misses>
				<total>8</total>
				<timestamp>2963.074223</timestamp>
			</report>
			<report>
				<misses>8240001</misses>
				<total>8</total>
				<timestamp>2963.433813</timestamp>
			</report>
			<report>
				<misses>8241001</misses>
				<total>8</total>
				<timestamp>2963.793470</timestamp>
			</report>
			<report>
				<misses>8242001</misses>
				<total>8</total>
				<timestamp>2964.153049</timestamp>
			</report>
			<report>
				<misses>8243001</misses>
				<total>8</total>
				<timestamp>2964.512746</timestamp>
			</report>
			<report>
				<misses>8244001</misses>
				<total>8</total>
				<timestamp>2964.872378</timestamp>
			</report>
			<report>
				<misses>8245001</misses>
				<total>8</total>
				<timestamp>2965.232034</timestamp>
			</report>
			<report>
				<misses>8246001</misses>
				<total>8</total>
				<timestamp>2965.591711</timestamp>
			</report>
			<report>
				<misses>8247001</misses>
				<total>8</total>
				<timestamp>2965.951271</timestamp>
			</report>
			<report>
				<misses>8248001</misses>
				<total>8</total>
				<timestamp>2966.310928</timestamp>
			</report>
			<report>
				<misses>8249001</misses>
				<total>8</total>
				<timestamp>2966.670550</timestamp>
			</report>
			<report>
				<misses>8250001</misses>
				<total>8</total>
				<timestamp>2967.030186</timestamp>
			</report>
			<report>
				<misses>8251001</misses>
				<total>8</total>
				<timestamp>2967.389834</timestamp>
			</report>
			<report>
				<misses>8252001</misses>
				<total>8</total>
				<timestamp>2967.749514</timestamp>
			</report>
			<report>
				<misses>8253001</misses>
				<total>8</total>
				<timestamp>2968.109141</timestamp>
			</report>
			<report>
				<misses>8254001</misses>
				<total>8</total>
				<timestamp>2968.468728</timestamp>
			</report>
			<report>
				<misses>8255001</misses>
				<total>8</total>
				<timestamp>2968.828428</timestamp>
			</report>
			<report>
				<misses>8256001</misses>
				<total>8</total>
				<timestamp>2969.188048</timestamp>
			</report>
			<report>
				<misses>8257001</misses>
				<total>8</total>
				<timestamp>2969.547662</timestamp>
			</report>
			<report>
				<misses>8258001</misses>
				<total>8</total>
				<timestamp>2969.907343</timestamp>
			</report>
			<report>
				<misses>8259001</misses>
				<total>8</total>
				<timestamp>2970.267025</timestamp>
			</report>
			<report>
				<misses>8260001</misses>
				<total>8</total>
				<timestamp>2970.626626</timestamp>
			</report>
			<report>
				<misses>8261001</misses>
				<total>8</total>
				<timestamp>2970.986321</timestamp>
			</report>
			<report>
				<misses>8262001</misses>
				<total>8</total>
				<timestamp>2971.345912</timestamp>
			</report>
			<report>
				<misses>8263001</misses>
				<total>8</total>
				<timestamp>2971.705615</timestamp>
			</report>
			<report>
				<misses>8264001</misses>
				<total>8</total>
				<timestamp>2972.065258</timestamp>
			</report>
			<report>
				<misses>8265001</misses>
				<total>8</total>
				<timestamp>2972.424893</timestamp>
			</report>
			<report>
				<misses>8266001</misses>
				<total>8</total>
				<timestamp>2972.784493</timestamp>
			</report>
			<report>
				<misses>8267001</misses>
				<total>8</total>
				<timestamp>2973.144101</timestamp>
			</report>
			<report>
				<misses>8268001</misses>
				<total>8</total>
				<timestamp>2973.503689</timestamp>
			</report>
			<report>
				<misses>8269001</misses>
				<total>8</total>
				<timestamp>2973.863397</timestamp>
			</report>
			<report>
				<misses>8270001</misses>
				<total>8</total>
				<timestamp>2974.223021</timestamp>
			</report>
			<report>
				<misses>8271001</misses>
				<total>8</total>
				<timestamp>2974.582644</timestamp>
			</report>
			<report>
				<misses>8272001</misses>
				<total>8</total>
				<timestamp>2974.942308</timestamp>
			</report>
			<report>
				<misses>8273001</misses>
				<total>8</total>
				<timestamp>2975.301942</timestamp>
			</report>
			<report>
				<misses>8274001</misses>
				<total>8</total>
				<timestamp>2975.661560</timestamp>
			</report>
			<report>
				<misses>8275001</misses>
				<total>8</total>
				<timestamp>2976.021190</timestamp>
			</report>
			<report>
				<misses>8276001</misses>
				<total>8</total>
				<timestamp>2976.380821</timestamp>
			</report>
			<report>
				<misses>8277001</misses>
				<total>8</total>
				<timestamp>2976.740457</timestamp>
			</report>
			<report>
				<misses>8278001</misses>
				<total>8</total>
				<timestamp>2977.100116</timestamp>
			</report>
			<report>
				<misses>8279001</misses>
				<total>8</total>
				<timestamp>2977.459787</timestamp>
			</report>
			<report>
				<misses>8280001</misses>
				<total>8</total>
				<timestamp>2977.819457</timestamp>
			</report>
			<report>
				<misses>8281001</misses>
				<total>8</total>
				<timestamp>2978.179101</timestamp>
			</report>
			<report>
				<misses>8282001</misses>
				<total>8</total>
				<timestamp>2978.538666</timestamp>
			</report>
			<report>
				<misses>8283001</misses>
				<total>8</total>
				<timestamp>2978.898369</timestamp>
			</report>
			<report>
				<misses>8284001</misses>
				<total>8</total>
				<timestamp>2979.258054</timestamp>
			</report>
			<report>
				<misses>8285001</misses>
				<total>8</total>
				<timestamp>2979.617590</timestamp>
			</report>
			<report>
				<misses>8286001</misses>
				<total>8</total>
				<timestamp>2979.977239</timestamp>
			</report>
			<report>
				<misses>8287001</misses>
				<total>8</total>
				<timestamp>2980.336940</timestamp>
			</report>
			<report>
				<misses>8288001</misses>
				<total>8</total>
				<timestamp>2980.696566</timestamp>
			</report>
			<report>
				<misses>8289001</misses>
				<total>8</total>
				<timestamp>2981.056161</timestamp>
			</report>
			<report>
				<misses>8290001</misses>
				<total>8</total>
				<timestamp>2981.415833</timestamp>
			</report>
			<report>
				<misses>8291001</misses>
				<total>8</total>
				<timestamp>2981.775433</timestamp>
			</report>
			<report>
				<misses>8292001</misses>
				<total>8</total>
				<timestamp>2982.135076</timestamp>
			</report>
			<report>
				<misses>8293001</misses>
				<total>8</total>
				<timestamp>2982.494702</timestamp>
			</report>
			<report>
				<misses>8294001</misses>
				<total>8</total>
				<timestamp>2982.854374</timestamp>
			</report>
			<report>
				<misses>8295001</misses>
				<total>8</total>
				<timestamp>2983.214049</timestamp>
			</report>
			<report>
				<misses>8296001</misses>
				<total>8</total>
				<timestamp>2983.573651</timestamp>
			</report>
			<report>
				<misses>8297001</misses>
				<total>8</total>
				<timestamp>2983.933276</timestamp>
			</report>
			<report>
				<misses>8298001</misses>
				<total>8</total>
				<timestamp>2984.292919</timestamp>
			</report>
			<report>
				<misses>8299001</misses>
				<total>8</total>
				<timestamp>2984.652545</timestamp>
			</report>
			<report>
				<misses>8300001</misses>
				<total>8</total>
				<timestamp>2985.012213</timestamp>
			</report>
			<report>
				<misses>8301001</misses>
				<total>8</total>
				<timestamp>2985.371890</timestamp>
			</report>
			<report>
				<misses>8302001</misses>
				<total>8</total>
				<timestamp>2985.731477</timestamp>
			</report>
			<report>
				<misses>8303001</misses>
				<total>8</total>
				<timestamp>2986.091131</timestamp>
			</report>
			<report>
				<misses>8304001</misses>
				<total>8</total>
				<timestamp>2986.450854</timestamp>
			</report>
			<report>
				<misses>8305001</misses>
				<total>8</total>
				<timestamp>2986.810407</timestamp>
			</report>
			<report>
				<misses>8306001</misses>
				<total>8</total>
				<timestamp>2987.170120</timestamp>
			</report>
			<report>
				<misses>8307001</misses>
				<total>8</total>
				<timestamp>2987.529665</timestamp>
			</report>
			<report>
				<misses>8308001</misses>
				<total>8</total>
				<timestamp>2987.889309</timestamp>
			</report>
			<report>
				<misses>8309001</misses>
				<total>8</total>
				<timestamp>2988.248978</timestamp>
			</report>
			<report>
				<misses>8310001</misses>
				<total>8</total>
				<timestamp>2988.608591</timestamp>
			</report>
			<report>
				<misses>8311001</misses>
				<total>8</total>
				<timestamp>2988.968260</timestamp>
			</report>
			<report>
				<misses>8312001</misses>
				<total>8</total>
				<timestamp>2989.327862</timestamp>
			</report>
			<report>
				<misses>8313001</misses>
				<total>8</total>
				<timestamp>2989.687557</timestamp>
			</report>
			<report>
				<misses>8314001</misses>
				<total>8</total>
				<timestamp>2990.047197</timestamp>
			</report>
			<report>
				<misses>8315001</misses>
				<total>8</total>
				<timestamp>2990.406765</timestamp>
			</report>
			<report>
				<misses>8316001</misses>
				<total>8</total>
				<timestamp>2990.766479</timestamp>
			</report>
			<report>
				<misses>8317001</misses>
				<total>8</total>
				<timestamp>2991.126088</timestamp>
			</report>
			<report>
				<misses>8318001</misses>
				<total>8</total>
				<timestamp>2991.485708</timestamp>
			</report>
			<report>
				<misses>8319001</misses>
				<total>8</total>
				<timestamp>2991.845400</timestamp>
			</report>
			<report>
				<misses>8320001</misses>
				<total>8</total>
				<timestamp>2992.205042</timestamp>
			</report>
			<report>
				<misses>8321001</misses>
				<total>8</total>
				<timestamp>2992.564649</timestamp>
			</report>
			<report>
				<misses>8322001</misses>
				<total>8</total>
				<timestamp>2992.924294</timestamp>
			</report>
			<report>
				<misses>8323001</misses>
				<total>8</total>
				<timestamp>2993.284012</timestamp>
			</report>
			<report>
				<misses>8324001</misses>
				<total>8</total>
				<timestamp>2993.643541</timestamp>
			</report>
			<report>
				<misses>8325001</misses>
				<total>8</total>
				<timestamp>2994.003182</timestamp>
			</report>
			<report>
				<misses>8326001</misses>
				<total>8</total>
				<timestamp>2994.362885</timestamp>
			</report>
			<report>
				<misses>8327001</misses>
				<total>8</total>
				<timestamp>2994.722442</timestamp>
			</report>
			<report>
				<misses>8328001</misses>
				<total>8</total>
				<timestamp>2995.082180</timestamp>
			</report>
			<report>
				<misses>8329001</misses>
				<total>8</total>
				<timestamp>2995.441752</timestamp>
			</report>
			<report>
				<misses>8330001</misses>
				<total>8</total>
				<timestamp>2995.801369</timestamp>
			</report>
			<report>
				<misses>8331001</misses>
				<total>8</total>
				<timestamp>2996.161045</timestamp>
			</report>
			<report>
				<misses>8332001</misses>
				<total>8</total>
				<timestamp>2996.520676</timestamp>
			</report>
			<report>
				<misses>8333001</misses>
				<total>8</total>
				<timestamp>2996.880377</timestamp>
			</report>
			<report>
				<misses>8334001</misses>
				<total>8</total>
				<timestamp>2997.239921</timestamp>
			</report>
			<report>
				<misses>8335001</misses>
				<total>8</total>
				<timestamp>2997.599656</timestamp>
			</report>
			<report>
				<misses>8336001</misses>
				<total>8</total>
				<timestamp>2997.959240</timestamp>
			</report>
			<report>
				<misses>8337001</misses>
				<total>8</total>
				<timestamp>2998.318849</timestamp>
			</report>
			<report>
				<misses>8338001</misses>
				<total>8</total>
				<timestamp>2998.678574</timestamp>
			</report>
			<report>
				<misses>8339001</misses>
				<total>8</total>
				<timestamp>2999.038157</timestamp>
			</report>
			<report>
				<misses>8340001</misses>
				<total>8</total>
				<timestamp>2999.397884</timestamp>
			</report>
			<report>
				<misses>8341001</misses>
				<total>8</total>
				<timestamp>2999.757466</timestamp>
			</report>
			<report>
				<misses>8342001</misses>
				<total>8</total>
				<timestamp>3000.117078</timestamp>
			</report>
			<report>
				<misses>8343001</misses>
				<total>8</total>
				<timestamp>3000.476703</timestamp>
			</report>
			<report>
				<misses>8344001</misses>
				<total>8</total>
				<timestamp>3000.836363</timestamp>
			</report>
			<report>
				<misses>8345001</misses>
				<total>8</total>
				<timestamp>3001.196044</timestamp>
			</report>
			<report>
				<misses>8346001</misses>
				<total>8</total>
				<timestamp>3001.555626</timestamp>
			</report>
			<report>
				<misses>8347001</misses>
				<total>8</total>
				<timestamp>3001.915337</timestamp>
			</report>
			<report>
				<misses>8348001</misses>
				<total>8</total>
				<timestamp>3002.274925</timestamp>
			</report>
			<report>
				<misses>8349001</misses>
				<total>8</total>
				<timestamp>3002.634673</timestamp>
			</report>
			<report>
				<misses>8350001</misses>
				<total>8</total>
				<timestamp>3002.994286</timestamp>
			</report>
			<report>
				<misses>8351001</misses>
				<total>8</total>
				<timestamp>3003.353861</timestamp>
			</report>
			<report>
				<misses>8352001</misses>
				<total>8</total>
				<timestamp>3003.713481</timestamp>
			</report>
			<report>
				<misses>8353001</misses>
				<total>8</total>
				<timestamp>3004.073112</timestamp>
			</report>
			<report>
				<misses>8354001</misses>
				<total>8</total>
				<timestamp>3004.432795</timestamp>
			</report>
			<report>
				<misses>8355001</misses>
				<total>8</total>
				<timestamp>3004.792465</timestamp>
			</report>
			<report>
				<misses>8356001</misses>
				<total>8</total>
				<timestamp>3005.152103</timestamp>
			</report>
			<report>
				<misses>8357001</misses>
				<total>8</total>
				<timestamp>3005.511695</timestamp>
			</report>
			<report>
				<misses>8358001</misses>
				<total>8</total>
				<timestamp>3005.871309</timestamp>
			</report>
			<report>
				<misses>8359001</misses>
				<total>8</total>
				<timestamp>3006.230972</timestamp>
			</report>
			<report>
				<misses>8360001</misses>
				<total>8</total>
				<timestamp>3006.590577</timestamp>
			</report>
			<report>
				<misses>8361001</misses>
				<total>8</total>
				<timestamp>3006.950300</timestamp>
			</report>
			<report>
				<misses>8362001</misses>
				<total>8</total>
				<timestamp>3007.309878</timestamp>
			</report>
			<report>
				<misses>8363001</misses>
				<total>8</total>
				<timestamp>3007.669485</timestamp>
			</report>
			<report>
				<misses>8364001</misses>
				<total>8</total>
				<timestamp>3008.029172</timestamp>
			</report>
			<report>
				<misses>8365001</misses>
				<total>8</total>
				<timestamp>3008.388789</timestamp>
			</report>
			<report>
				<misses>8366001</misses>
				<total>8</total>
				<timestamp>3008.748487</timestamp>
			</report>
			<report>
				<misses>8367001</misses>
				<total>8</total>
				<timestamp>3009.108079</timestamp>
			</report>
			<report>
				<misses>8368001</misses>
				<total>8</total>
				<timestamp>3009.467750</timestamp>
			</report>
			<report>
				<misses>8369001</misses>
				<total>8</total>
				<timestamp>3009.827450</timestamp>
			</report>
			<report>
				<misses>8370001</misses>
				<total>8</total>
				<timestamp>3010.186983</timestamp>
			</report>
			<report>
				<misses>8371001</misses>
				<total>8</total>
				<timestamp>3010.546665</timestamp>
			</report>
			<report>
				<misses>8372001</misses>
				<total>8</total>
				<timestamp>3010.906318</timestamp>
			</report>
			<report>
				<misses>8373001</misses>
				<total>8</total>
				<timestamp>3011.265930</timestamp>
			</report>
			<report>
				<misses>8374001</misses>
				<total>8</total>
				<timestamp>3011.625600</timestamp>
			</report>
			<report>
				<misses>8375001</misses>
				<total>8</total>
				<timestamp>3011.985283</timestamp>
			</report>
			<report>
				<misses>8376001</misses>
				<total>8</total>
				<timestamp>3012.344848</timestamp>
			</report>
			<report>
				<misses>8377001</misses>
				<total>8</total>
				<timestamp>3012.704480</timestamp>
			</report>
			<report>
				<misses>8378001</misses>
				<total>8</total>
				<timestamp>3013.064137</timestamp>
			</report>
			<report>
				<misses>8379001</misses>
				<total>8</total>
				<timestamp>3013.423805</timestamp>
			</report>
			<report>
				<misses>8380001</misses>
				<total>8</total>
				<timestamp>3013.783359</timestamp>
			</report>
			<report>
				<misses>8381001</misses>
				<total>8</total>
				<timestamp>3014.143094</timestamp>
			</report>
			<report>
				<misses>8382001</misses>
				<total>8</total>
				<timestamp>3014.502655</timestamp>
			</report>
			<report>
				<misses>8383001</misses>
				<total>8</total>
				<timestamp>3014.862292</timestamp>
			</report>
			<report>
				<misses>8384001</misses>
				<total>8</total>
				<timestamp>3015.222011</timestamp>
			</report>
			<report>
				<misses>8385001</misses>
				<total>8</total>
				<timestamp>3015.581586</timestamp>
			</report>
			<report>
				<misses>8386001</misses>
				<total>8</total>
				<timestamp>3015.941235</timestamp>
			</report>
			<report>
				<misses>8387001</misses>
				<total>8</total>
				<timestamp>3016.300849</timestamp>
			</report>
			<report>
				<misses>8388001</misses>
				<total>8</total>
				<timestamp>3016.660495</timestamp>
			</report>
			<report>
				<misses>8389001</misses>
				<total>8</total>
				<timestamp>3017.020180</timestamp>
			</report>
			<report>
				<misses>8390001</misses>
				<total>8</total>
				<timestamp>3017.379805</timestamp>
			</report>
			<report>
				<misses>8391001</misses>
				<total>8</total>
				<timestamp>3017.739422</timestamp>
			</report>
			<report>
				<misses>8392001</misses>
				<total>8</total>
				<timestamp>3018.099140</timestamp>
			</report>
			<report>
				<misses>8393001</misses>
				<total>8</total>
				<timestamp>3018.458759</timestamp>
			</report>
			<report>
				<misses>8394001</misses>
				<total>8</total>
				<timestamp>3018.818386</timestamp>
			</report>
			<report>
				<misses>8395001</misses>
				<total>8</total>
				<timestamp>3019.178019</timestamp>
			</report>
			<report>
				<misses>8396001</misses>
				<total>8</total>
				<timestamp>3019.537712</timestamp>
			</report>
			<report>
				<misses>8397001</misses>
				<total>8</total>
				<timestamp>3019.897321</timestamp>
			</report>
			<report>
				<misses>8398001</misses>
				<total>8</total>
				<timestamp>3020.256946</timestamp>
			</report>
			<report>
				<misses>8399001</misses>
				<total>8</total>
				<timestamp>3020.616542</timestamp>
			</report>
			<report>
				<misses>8400001</misses>
				<total>8</total>
				<timestamp>3020.976229</timestamp>
			</report>
			<report>
				<misses>8401001</misses>
				<total>9</total>
				<timestamp>3021.335817</timestamp>
			</report>
			<report>
				<misses>8402001</misses>
				<total>9</total>
				<timestamp>3021.695487</timestamp>
			</report>
			<report>
				<misses>8403001</misses>
				<total>9</total>
				<timestamp>3022.055113</timestamp>
			</report>
			<report>
				<misses>8404001</misses>
				<total>9</total>
				<timestamp>3022.414824</timestamp>
			</report>
			<report>
				<misses>8405001</misses>
				<total>9</total>
				<timestamp>3022.774381</timestamp>
			</report>
			<report>
				<misses>8406001</misses>
				<total>9</total>
				<timestamp>3023.134038</timestamp>
			</report>
			<report>
				<misses>8407001</misses>
				<total>9</total>
				<timestamp>3023.493744</timestamp>
			</report>
			<report>
				<misses>8408001</misses>
				<total>9</total>
				<timestamp>3023.853296</timestamp>
			</report>
			<report>
				<misses>8409001</misses>
				<total>9</total>
				<timestamp>3024.212951</timestamp>
			</report>
			<report>
				<misses>8410001</misses>
				<total>9</total>
				<timestamp>3024.572621</timestamp>
			</report>
			<report>
				<misses>8411001</misses>
				<total>9</total>
				<timestamp>3024.932220</timestamp>
			</report>
			<report>
				<misses>8412001</misses>
				<total>9</total>
				<timestamp>3025.291980</timestamp>
			</report>
			<report>
				<misses>8413001</misses>
				<total>9</total>
				<timestamp>3025.651494</timestamp>
			</report>
			<report>
				<misses>8414001</misses>
				<total>9</total>
				<timestamp>3026.011180</timestamp>
			</report>
			<report>
				<misses>8415001</misses>
				<total>9</total>
				<timestamp>3026.370806</timestamp>
			</report>
			<report>
				<misses>8416001</misses>
				<total>9</total>
				<timestamp>3026.730431</timestamp>
			</report>
			<report>
				<misses>8417001</misses>
				<total>9</total>
				<timestamp>3027.090109</timestamp>
			</report>
			<report>
				<misses>8418001</misses>
				<total>9</total>
				<timestamp>3027.449743</timestamp>
			</report>
			<report>
				<misses>8419001</misses>
				<total>9</total>
				<timestamp>3027.809356</timestamp>
			</report>
			<report>
				<misses>8420001</misses>
				<total>9</total>
				<timestamp>3028.169023</timestamp>
			</report>
			<report>
				<misses>8421001</misses>
				<total>9</total>
				<timestamp>3028.528623</timestamp>
			</report>
			<report>
				<misses>8422001</misses>
				<total>9</total>
				<timestamp>3028.888257</timestamp>
			</report>
			<report>
				<misses>8423001</misses>
				<total>9</total>
				<timestamp>3029.247938</timestamp>
			</report>
			<report>
				<misses>8424001</misses>
				<total>9</total>
				<timestamp>3029.607573</timestamp>
			</report>
			<report>
				<misses>8425001</misses>
				<total>9</total>
				<timestamp>3029.967212</timestamp>
			</report>
			<report>
				<misses>8426001</misses>
				<total>9</total>
				<timestamp>3030.326809</timestamp>
			</report>
			<report>
				<misses>8427001</misses>
				<total>9</total>
				<timestamp>3030.686457</timestamp>
			</report>
			<report>
				<misses>8428001</misses>
				<total>9</total>
				<timestamp>3031.046127</timestamp>
			</report>
			<report>
				<misses>8429001</misses>
				<total>9</total>
				<timestamp>3031.405783</timestamp>
			</report>
			<report>
				<misses>8430001</misses>
				<total>9</total>
				<timestamp>3031.765415</timestamp>
			</report>
			<report>
				<misses>8431001</misses>
				<total>9</total>
				<timestamp>3032.125078</timestamp>
			</report>
			<report>
				<misses>8432001</misses>
				<total>9</total>
				<timestamp>3032.484704</timestamp>
			</report>
			<report>
				<misses>8433001</misses>
				<total>9</total>
				<timestamp>3032.844346</timestamp>
			</report>
			<report>
				<misses>8434001</misses>
				<total>9</total>
				<timestamp>3033.203959</timestamp>
			</report>
			<report>
				<misses>8435001</misses>
				<total>9</total>
				<timestamp>3033.563588</timestamp>
			</report>
			<report>
				<misses>8436001</misses>
				<total>9</total>
				<timestamp>3033.923255</timestamp>
			</report>
			<report>
				<misses>8437001</misses>
				<total>9</total>
				<timestamp>3034.282868</timestamp>
			</report>
			<report>
				<misses>8438001</misses>
				<total>9</total>
				<timestamp>3034.642495</timestamp>
			</report>
			<report>
				<misses>8439001</misses>
				<total>9</total>
				<timestamp>3035.002138</timestamp>
			</report>
			<report>
				<misses>8440001</misses>
				<total>9</total>
				<timestamp>3035.361806</timestamp>
			</report>
			<report>
				<misses>8441001</misses>
				<total>9</total>
				<timestamp>3035.721431</timestamp>
			</report>
			<report>
				<misses>8442001</misses>
				<total>9</total>
				<timestamp>3036.081089</timestamp>
			</report>
			<report>
				<misses>8443001</misses>
				<total>9</total>
				<timestamp>3036.440713</timestamp>
			</report>
			<report>
				<misses>8444001</misses>
				<total>9</total>
				<timestamp>3036.800358</timestamp>
			</report>
			<report>
				<misses>8445001</misses>
				<total>9</total>
				<timestamp>3037.160042</timestamp>
			</report>
			<report>
				<misses>8446001</misses>
				<total>9</total>
				<timestamp>3037.519658</timestamp>
			</report>
			<report>
				<misses>8447001</misses>
				<total>9</total>
				<timestamp>3037.879262</timestamp>
			</report>
			<report>
				<misses>8448001</misses>
				<total>9</total>
				<timestamp>3038.238924</timestamp>
			</report>
			<report>
				<misses>8449001</misses>
				<total>9</total>
				<timestamp>3038.598547</timestamp>
			</report>
			<report>
				<misses>8450001</misses>
				<total>9</total>
				<timestamp>3038.958197</timestamp>
			</report>
			<report>
				<misses>8451001</misses>
				<total>9</total>
				<timestamp>3039.317823</timestamp>
			</report>
			<report>
				<misses>8452001</misses>
				<total>9</total>
				<timestamp>3039.677473</timestamp>
			</report>
			<report>
				<misses>8453001</misses>
				<total>9</total>
				<timestamp>3040.037169</timestamp>
			</report>
			<report>
				<misses>8454001</misses>
				<total>9</total>
				<timestamp>3040.396770</timestamp>
			</report>
			<report>
				<misses>8455001</misses>
				<total>9</total>
				<timestamp>3040.756483</timestamp>
			</report>
			<report>
				<misses>8456001</misses>
				<total>9</total>
				<timestamp>3041.116031</timestamp>
			</report>
			<report>
				<misses>8457001</misses>
				<total>9</total>
				<timestamp>3041.475684</timestamp>
			</report>
			<report>
				<misses>8458001</misses>
				<total>9</total>
				<timestamp>3041.835306</timestamp>
			</report>
			<report>
				<misses>8459001</misses>
				<total>9</total>
				<timestamp>3042.195008</timestamp>
			</report>
			<report>
				<misses>8460001</misses>
				<total>9</total>
				<timestamp>3042.554644</timestamp>
			</report>
			<report>
				<misses>8461001</misses>
				<total>9</total>
				<timestamp>3042.914206</timestamp>
			</report>
			<report>
				<misses>8462001</misses>
				<total>9</total>
				<timestamp>3043.273893</timestamp>
			</report>
			<report>
				<misses>8463001</misses>
				<total>9</total>
				<timestamp>3043.633491</timestamp>
			</report>
			<report>
				<misses>8464001</misses>
				<total>9</total>
				<timestamp>3043.993146</timestamp>
			</report>
			<report>
				<misses>8465001</misses>
				<total>9</total>
				<timestamp>3044.352859</timestamp>
			</report>
			<report>
				<misses>8466001</misses>
				<total>9</total>
				<timestamp>3044.712429</timestamp>
			</report>
			<report>
				<misses>8467001</misses>
				<total>9</total>
				<timestamp>3045.072097</timestamp>
			</report>
			<report>
				<misses>8468001</misses>
				<total>9</total>
				<timestamp>3045.431712</timestamp>
			</report>
			<report>
				<misses>8469001</misses>
				<total>9</total>
				<timestamp>3045.791336</timestamp>
			</report>
			<report>
				<misses>8470001</misses>
				<total>9</total>
				<timestamp>3046.151012</timestamp>
			</report>
			<report>
				<misses>8471001</misses>
				<total>9</total>
				<timestamp>3046.510649</timestamp>
			</report>
			<report>
				<misses>8472001</misses>
				<total>9</total>
				<timestamp>3046.870269</timestamp>
			</report>
			<report>
				<misses>8473001</misses>
				<total>9</total>
				<timestamp>3047.229976</timestamp>
			</report>
			<report>
				<misses>8474001</misses>
				<total>9</total>
				<timestamp>3047.589548</timestamp>
			</report>
			<report>
				<misses>8475001</misses>
				<total>9</total>
				<timestamp>3047.949222</timestamp>
			</report>
			<report>
				<misses>8476001</misses>
				<total>9</total>
				<timestamp>3048.308879</timestamp>
			</report>
			<report>
				<misses>8477001</misses>
				<total>9</total>
				<timestamp>3048.668483</timestamp>
			</report>
			<report>
				<misses>8478001</misses>
				<total>9</total>
				<timestamp>3049.028131</timestamp>
			</report>
			<report>
				<misses>8479001</misses>
				<total>9</total>
				<timestamp>3049.387762</timestamp>
			</report>
			<report>
				<misses>8480001</misses>
				<total>9</total>
				<timestamp>3049.747397</timestamp>
			</report>
			<report>
				<misses>8481001</misses>
				<total>9</total>
				<timestamp>3050.107016</timestamp>
			</report>
			<report>
				<misses>8482001</misses>
				<total>9</total>
				<timestamp>3050.466699</timestamp>
			</report>
			<report>
				<misses>8483001</misses>
				<total>9</total>
				<timestamp>3050.826297</timestamp>
			</report>
			<report>
				<misses>8484001</misses>
				<total>9</total>
				<timestamp>3051.185971</timestamp>
			</report>
			<report>
				<misses>8485001</misses>
				<total>9</total>
				<timestamp>3051.545610</timestamp>
			</report>
			<report>
				<misses>8486001</misses>
				<total>9</total>
				<timestamp>3051.905204</timestamp>
			</report>
			<report>
				<misses>8487001</misses>
				<total>9</total>
				<timestamp>3052.264851</timestamp>
			</report>
			<report>
				<misses>8488001</misses>
				<total>9</total>
				<timestamp>3052.624479</timestamp>
			</report>
			<report>
				<misses>8489001</misses>
				<total>9</total>
				<timestamp>3052.984160</timestamp>
			</report>
			<report>
				<misses>8490001</misses>
				<total>9</total>
				<timestamp>3053.343803</timestamp>
			</report>
			<report>
				<misses>8491001</misses>
				<total>9</total>
				<timestamp>3053.703442</timestamp>
			</report>
			<report>
				<misses>8492001</misses>
				<total>9</total>
				<timestamp>3054.063055</timestamp>
			</report>
			<report>
				<misses>8493001</misses>
				<total>9</total>
				<timestamp>3054.422739</timestamp>
			</report>
			<report>
				<misses>8494001</misses>
				<total>9</total>
				<timestamp>3054.782379</timestamp>
			</report>
			<report>
				<misses>8495001</misses>
				<total>9</total>
				<timestamp>3055.142055</timestamp>
			</report>
			<report>
				<misses>8496001</misses>
				<total>9</total>
				<timestamp>3055.501623</timestamp>
			</report>
			<report>
				<misses>8497001</misses>
				<total>9</total>
				<timestamp>3055.861265</timestamp>
			</report>
			<report>
				<misses>8498001</misses>
				<total>9</total>
				<timestamp>3056.220935</timestamp>
			</report>
			<report>
				<misses>8499001</misses>
				<total>9</total>
				<timestamp>3056.580545</timestamp>
			</report>
			<report>
				<misses>8500001</misses>
				<total>9</total>
				<timestamp>3056.940170</timestamp>
			</report>
			<report>
				<misses>8501001</misses>
				<total>9</total>
				<timestamp>3057.299855</timestamp>
			</report>
			<report>
				<misses>8502001</misses>
				<total>9</total>
				<timestamp>3057.659449</timestamp>
			</report>
			<report>
				<misses>8503001</misses>
				<total>9</total>
				<timestamp>3058.019113</timestamp>
			</report>
			<report>
				<misses>8504001</misses>
				<total>9</total>
				<timestamp>3058.378908</timestamp>
			</report>
			<report>
				<misses>8505001</misses>
				<total>9</total>
				<timestamp>3058.738364</timestamp>
			</report>
			<report>
				<misses>8506001</misses>
				<total>9</total>
				<timestamp>3059.098077</timestamp>
			</report>
			<report>
				<misses>8507001</misses>
				<total>9</total>
				<timestamp>3059.457760</timestamp>
			</report>
			<report>
				<misses>8508001</misses>
				<total>9</total>
				<timestamp>3059.817308</timestamp>
			</report>
			<report>
				<misses>8509001</misses>
				<total>9</total>
				<timestamp>3060.177018</timestamp>
			</report>
			<report>
				<misses>8510001</misses>
				<total>9</total>
				<timestamp>3060.536579</timestamp>
			</report>
			<report>
				<misses>8511001</misses>
				<total>9</total>
				<timestamp>3060.896325</timestamp>
			</report>
			<report>
				<misses>8512001</misses>
				<total>9</total>
				<timestamp>3061.255889</timestamp>
			</report>
			<report>
				<misses>8513001</misses>
				<total>9</total>
				<timestamp>3061.615510</timestamp>
			</report>
			<report>
				<misses>8514001</misses>
				<total>9</total>
				<timestamp>3061.975159</timestamp>
			</report>
			<report>
				<misses>8515001</misses>
				<total>9</total>
				<timestamp>3062.334790</timestamp>
			</report>
			<report>
				<misses>8516001</misses>
				<total>9</total>
				<timestamp>3062.694419</timestamp>
			</report>
			<report>
				<misses>8517001</misses>
				<total>9</total>
				<timestamp>3063.054078</timestamp>
			</report>
			<report>
				<misses>8518001</misses>
				<total>9</total>
				<timestamp>3063.413756</timestamp>
			</report>
			<report>
				<misses>8519001</misses>
				<total>9</total>
				<timestamp>3063.773362</timestamp>
			</report>
			<report>
				<misses>8520001</misses>
				<total>9</total>
				<timestamp>3064.133052</timestamp>
			</report>
			<report>
				<misses>8521001</misses>
				<total>9</total>
				<timestamp>3064.492641</timestamp>
			</report>
			<report>
				<misses>8522001</misses>
				<total>9</total>
				<timestamp>3064.852249</timestamp>
			</report>
			<report>
				<misses>8523001</misses>
				<total>9</total>
				<timestamp>3065.211888</timestamp>
			</report>
			<report>
				<misses>8524001</misses>
				<total>9</total>
				<timestamp>3065.571642</timestamp>
			</report>
			<report>
				<misses>8525001</misses>
				<total>9</total>
				<timestamp>3065.931174</timestamp>
			</report>
			<report>
				<misses>8526001</misses>
				<total>9</total>
				<timestamp>3066.290852</timestamp>
			</report>
			<report>
				<misses>8527001</misses>
				<total>9</total>
				<timestamp>3066.650460</timestamp>
			</report>
			<report>
				<misses>8528001</misses>
				<total>9</total>
				<timestamp>3067.010091</timestamp>
			</report>
			<report>
				<misses>8529001</misses>
				<total>9</total>
				<timestamp>3067.369736</timestamp>
			</report>
			<report>
				<misses>8530001</misses>
				<total>9</total>
				<timestamp>3067.729376</timestamp>
			</report>
			<report>
				<misses>8531001</misses>
				<total>9</total>
				<timestamp>3068.089103</timestamp>
			</report>
			<report>
				<misses>8532001</misses>
				<total>9</total>
				<timestamp>3068.448727</timestamp>
			</report>
			<report>
				<misses>8533001</misses>
				<total>9</total>
				<timestamp>3068.808352</timestamp>
			</report>
			<report>
				<misses>8534001</misses>
				<total>9</total>
				<timestamp>3069.167938</timestamp>
			</report>
			<report>
				<misses>8535001</misses>
				<total>9</total>
				<timestamp>3069.527566</timestamp>
			</report>
			<report>
				<misses>8536001</misses>
				<total>9</total>
				<timestamp>3069.887255</timestamp>
			</report>
			<report>
				<misses>8537001</misses>
				<total>9</total>
				<timestamp>3070.246934</timestamp>
			</report>
			<report>
				<misses>8538001</misses>
				<total>9</total>
				<timestamp>3070.606570</timestamp>
			</report>
			<report>
				<misses>8539001</misses>
				<total>9</total>
				<timestamp>3070.966130</timestamp>
			</report>
			<report>
				<misses>8540001</misses>
				<total>9</total>
				<timestamp>3071.325789</timestamp>
			</report>
			<report>
				<misses>8541001</misses>
				<total>9</total>
				<timestamp>3071.685415</timestamp>
			</report>
			<report>
				<misses>8542001</misses>
				<total>9</total>
				<timestamp>3072.045080</timestamp>
			</report>
			<report>
				<misses>8543001</misses>
				<total>9</total>
				<timestamp>3072.404698</timestamp>
			</report>
			<report>
				<misses>8544001</misses>
				<total>9</total>
				<timestamp>3072.764338</timestamp>
			</report>
			<report>
				<misses>8545001</misses>
				<total>9</total>
				<timestamp>3073.124009</timestamp>
			</report>
			<report>
				<misses>8546001</misses>
				<total>9</total>
				<timestamp>3073.483694</timestamp>
			</report>
			<report>
				<misses>8547001</misses>
				<total>9</total>
				<timestamp>3073.843354</timestamp>
			</report>
			<report>
				<misses>8548001</misses>
				<total>9</total>
				<timestamp>3074.202913</timestamp>
			</report>
			<report>
				<misses>8549001</misses>
				<total>9</total>
				<timestamp>3074.562554</timestamp>
			</report>
			<report>
				<misses>8550001</misses>
				<total>9</total>
				<timestamp>3074.922233</timestamp>
			</report>
			<report>
				<misses>8551001</misses>
				<total>9</total>
				<timestamp>3075.281823</timestamp>
			</report>
			<report>
				<misses>8552001</misses>
				<total>9</total>
				<timestamp>3075.641511</timestamp>
			</report>
			<report>
				<misses>8553001</misses>
				<total>9</total>
				<timestamp>3076.001166</timestamp>
			</report>
			<report>
				<misses>8554001</misses>
				<total>9</total>
				<timestamp>3076.360763</timestamp>
			</report>
			<report>
				<misses>8555001</misses>
				<total>9</total>
				<timestamp>3076.720450</timestamp>
			</report>
			<report>
				<misses>8556001</misses>
				<total>9</total>
				<timestamp>3077.080029</timestamp>
			</report>
			<report>
				<misses>8557001</misses>
				<total>9</total>
				<timestamp>3077.439670</timestamp>
			</report>
			<report>
				<misses>8558001</misses>
				<total>9</total>
				<timestamp>3077.799291</timestamp>
			</report>
			<report>
				<misses>8559001</misses>
				<total>9</total>
				<timestamp>3078.158977</timestamp>
			</report>
			<report>
				<misses>8560001</misses>
				<total>9</total>
				<timestamp>3078.518590</timestamp>
			</report>
			<report>
				<misses>8561001</misses>
				<total>9</total>
				<timestamp>3078.878210</timestamp>
			</report>
			<report>
				<misses>8562001</misses>
				<total>9</total>
				<timestamp>3079.237887</timestamp>
			</report>
			<report>
				<misses>8563001</misses>
				<total>9</total>
				<timestamp>3079.597605</timestamp>
			</report>
			<report>
				<misses>8564001</misses>
				<total>9</total>
				<timestamp>3079.957285</timestamp>
			</report>
			<report>
				<misses>8565001</misses>
				<total>9</total>
				<timestamp>3080.316830</timestamp>
			</report>
			<report>
				<misses>8566001</misses>
				<total>9</total>
				<timestamp>3080.676426</timestamp>
			</report>
			<report>
				<misses>8567001</misses>
				<total>9</total>
				<timestamp>3081.036075</timestamp>
			</report>
			<report>
				<misses>8568001</misses>
				<total>9</total>
				<timestamp>3081.395715</timestamp>
			</report>
			<report>
				<misses>8569001</misses>
				<total>9</total>
				<timestamp>3081.755429</timestamp>
			</report>
			<report>
				<misses>8570001</misses>
				<total>9</total>
				<timestamp>3082.115030</timestamp>
			</report>
			<report>
				<misses>8571001</misses>
				<total>9</total>
				<timestamp>3082.474611</timestamp>
			</report>
			<report>
				<misses>8572001</misses>
				<total>9</total>
				<timestamp>3082.834294</timestamp>
			</report>
			<report>
				<misses>8573001</misses>
				<total>9</total>
				<timestamp>3083.193898</timestamp>
			</report>
			<report>
				<misses>8574001</misses>
				<total>9</total>
				<timestamp>3083.553543</timestamp>
			</report>
			<report>
				<misses>8575001</misses>
				<total>9</total>
				<timestamp>3083.913237</timestamp>
			</report>
			<report>
				<misses>8576001</misses>
				<total>9</total>
				<timestamp>3084.272815</timestamp>
			</report>
			<report>
				<misses>8577001</misses>
				<total>9</total>
				<timestamp>3084.632499</timestamp>
			</report>
			<report>
				<misses>8578001</misses>
				<total>9</total>
				<timestamp>3084.992096</timestamp>
			</report>
			<report>
				<misses>8579001</misses>
				<total>9</total>
				<timestamp>3085.351732</timestamp>
			</report>
			<report>
				<misses>8580001</misses>
				<total>9</total>
				<timestamp>3085.711371</timestamp>
			</report>
			<report>
				<misses>8581001</misses>
				<total>9</total>
				<timestamp>3086.071109</timestamp>
			</report>
			<report>
				<misses>8582001</misses>
				<total>9</total>
				<timestamp>3086.430661</timestamp>
			</report>
			<report>
				<misses>8583001</misses>
				<total>9</total>
				<timestamp>3086.790317</timestamp>
			</report>
			<report>
				<misses>8584001</misses>
				<total>9</total>
				<timestamp>3087.149930</timestamp>
			</report>
			<report>
				<misses>8585001</misses>
				<total>9</total>
				<timestamp>3087.509577</timestamp>
			</report>
			<report>
				<misses>8586001</misses>
				<total>9</total>
				<timestamp>3087.869256</timestamp>
			</report>
			<report>
				<misses>8587001</misses>
				<total>9</total>
				<timestamp>3088.228859</timestamp>
			</report>
			<report>
				<misses>8588001</misses>
				<total>9</total>
				<timestamp>3088.588532</timestamp>
			</report>
			<report>
				<misses>8589001</misses>
				<total>9</total>
				<timestamp>3088.948140</timestamp>
			</report>
			<report>
				<misses>8590001</misses>
				<total>9</total>
				<timestamp>3089.307776</timestamp>
			</report>
			<report>
				<misses>8591001</misses>
				<total>9</total>
				<timestamp>3089.667492</timestamp>
			</report>
			<report>
				<misses>8592001</misses>
				<total>9</total>
				<timestamp>3090.027050</timestamp>
			</report>
			<report>
				<misses>8593001</misses>
				<total>9</total>
				<timestamp>3090.386751</timestamp>
			</report>
			<report>
				<misses>8594001</misses>
				<total>9</total>
				<timestamp>3090.746442</timestamp>
			</report>
			<report>
				<misses>8595001</misses>
				<total>9</total>
				<timestamp>3091.106014</timestamp>
			</report>
			<report>
				<misses>8596001</misses>
				<total>9</total>
				<timestamp>3091.465688</timestamp>
			</report>
			<report>
				<misses>8597001</misses>
				<total>9</total>
				<timestamp>3091.825288</timestamp>
			</report>
			<report>
				<misses>8598001</misses>
				<total>9</total>
				<timestamp>3092.184911</timestamp>
			</report>
			<report>
				<misses>8599001</misses>
				<total>9</total>
				<timestamp>3092.544588</timestamp>
			</report>
			<report>
				<misses>8600001</misses>
				<total>9</total>
				<timestamp>3092.904177</timestamp>
			</report>
			<report>
				<misses>8601001</misses>
				<total>9</total>
				<timestamp>3093.263856</timestamp>
			</report>
			<report>
				<misses>8602001</misses>
				<total>9</total>
				<timestamp>3093.623523</timestamp>
			</report>
			<report>
				<misses>8603001</misses>
				<total>9</total>
				<timestamp>3093.983219</timestamp>
			</report>
			<report>
				<misses>8604001</misses>
				<total>9</total>
				<timestamp>3094.342736</timestamp>
			</report>
			<report>
				<misses>8605001</misses>
				<total>9</total>
				<timestamp>3094.702414</timestamp>
			</report>
			<report>
				<misses>8606001</misses>
				<total>9</total>
				<timestamp>3095.062117</timestamp>
			</report>
			<report>
				<misses>8607001</misses>
				<total>9</total>
				<timestamp>3095.421694</timestamp>
			</report>
			<report>
				<misses>8608001</misses>
				<total>9</total>
				<timestamp>3095.781346</timestamp>
			</report>
			<report>
				<misses>8609001</misses>
				<total>9</total>
				<timestamp>3096.140947</timestamp>
			</report>
			<report>
				<misses>8610001</misses>
				<total>9</total>
				<timestamp>3096.500577</timestamp>
			</report>
			<report>
				<misses>8611001</misses>
				<total>9</total>
				<timestamp>3096.860215</timestamp>
			</report>
			<report>
				<misses>8612001</misses>
				<total>9</total>
				<timestamp>3097.219880</timestamp>
			</report>
			<report>
				<misses>8613001</misses>
				<total>9</total>
				<timestamp>3097.579539</timestamp>
			</report>
			<report>
				<misses>8614001</misses>
				<total>9</total>
				<timestamp>3097.939183</timestamp>
			</report>
			<report>
				<misses>8615001</misses>
				<total>9</total>
				<timestamp>3098.298781</timestamp>
			</report>
			<report>
				<misses>8616001</misses>
				<total>9</total>
				<timestamp>3098.658459</timestamp>
			</report>
			<report>
				<misses>8617001</misses>
				<total>9</total>
				<timestamp>3099.018078</timestamp>
			</report>
			<report>
				<misses>8618001</misses>
				<total>9</total>
				<timestamp>3099.377695</timestamp>
			</report>
			<report>
				<misses>8619001</misses>
				<total>9</total>
				<timestamp>3099.737410</timestamp>
			</report>
			<report>
				<misses>8620001</misses>
				<total>9</total>
				<timestamp>3100.097020</timestamp>
			</report>
			<report>
				<misses>8621001</misses>
				<total>9</total>
				<timestamp>3100.456677</timestamp>
			</report>
			<report>
				<misses>8622001</misses>
				<total>9</total>
				<timestamp>3100.816261</timestamp>
			</report>
			<report>
				<misses>8623001</misses>
				<total>9</total>
				<timestamp>3101.175898</timestamp>
			</report>
			<report>
				<misses>8624001</misses>
				<total>9</total>
				<timestamp>3101.535552</timestamp>
			</report>
			<report>
				<misses>8625001</misses>
				<total>9</total>
				<timestamp>3101.895225</timestamp>
			</report>
			<report>
				<misses>8626001</misses>
				<total>9</total>
				<timestamp>3102.254874</timestamp>
			</report>
			<report>
				<misses>8627001</misses>
				<total>9</total>
				<timestamp>3102.614589</timestamp>
			</report>
			<report>
				<misses>8628001</misses>
				<total>9</total>
				<timestamp>3102.974112</timestamp>
			</report>
			<report>
				<misses>8629001</misses>
				<total>9</total>
				<timestamp>3103.333726</timestamp>
			</report>
			<report>
				<misses>8630001</misses>
				<total>9</total>
				<timestamp>3103.693389</timestamp>
			</report>
			<report>
				<misses>8631001</misses>
				<total>9</total>
				<timestamp>3104.053027</timestamp>
			</report>
			<report>
				<misses>8632001</misses>
				<total>9</total>
				<timestamp>3104.412668</timestamp>
			</report>
			<report>
				<misses>8633001</misses>
				<total>9</total>
				<timestamp>3104.772329</timestamp>
			</report>
			<report>
				<misses>8634001</misses>
				<total>9</total>
				<timestamp>3105.131988</timestamp>
			</report>
			<report>
				<misses>8635001</misses>
				<total>9</total>
				<timestamp>3105.491616</timestamp>
			</report>
			<report>
				<misses>8636001</misses>
				<total>9</total>
				<timestamp>3105.851242</timestamp>
			</report>
			<report>
				<misses>8637001</misses>
				<total>9</total>
				<timestamp>3106.210852</timestamp>
			</report>
			<report>
				<misses>8638001</misses>
				<total>9</total>
				<timestamp>3106.570507</timestamp>
			</report>
			<report>
				<misses>8639001</misses>
				<total>9</total>
				<timestamp>3106.930161</timestamp>
			</report>
			<report>
				<misses>8640001</misses>
				<total>9</total>
				<timestamp>3107.289790</timestamp>
			</report>
			<report>
				<misses>8641001</misses>
				<total>9</total>
				<timestamp>3107.649534</timestamp>
			</report>
			<report>
				<misses>8642001</misses>
				<total>9</total>
				<timestamp>3108.009085</timestamp>
			</report>
			<report>
				<misses>8643001</misses>
				<total>9</total>
				<timestamp>3108.368744</timestamp>
			</report>
			<report>
				<misses>8644001</misses>
				<total>9</total>
				<timestamp>3108.728365</timestamp>
			</report>
			<report>
				<misses>8645001</misses>
				<total>9</total>
				<timestamp>3109.088073</timestamp>
			</report>
			<report>
				<misses>8646001</misses>
				<total>9</total>
				<timestamp>3109.447694</timestamp>
			</report>
			<report>
				<misses>8647001</misses>
				<total>9</total>
				<timestamp>3109.807261</timestamp>
			</report>
			<report>
				<misses>8648001</misses>
				<total>9</total>
				<timestamp>3110.166935</timestamp>
			</report>
			<report>
				<misses>8649001</misses>
				<total>9</total>
				<timestamp>3110.526609</timestamp>
			</report>
			<report>
				<misses>8650001</misses>
				<total>9</total>
				<timestamp>3110.886199</timestamp>
			</report>
			<report>
				<misses>8651001</misses>
				<total>9</total>
				<timestamp>3111.245831</timestamp>
			</report>
			<report>
				<misses>8652001</misses>
				<total>9</total>
				<timestamp>3111.605528</timestamp>
			</report>
			<report>
				<misses>8653001</misses>
				<total>9</total>
				<timestamp>3111.965138</timestamp>
			</report>
			<report>
				<misses>8654001</misses>
				<total>9</total>
				<timestamp>3112.324773</timestamp>
			</report>
			<report>
				<misses>8655001</misses>
				<total>9</total>
				<timestamp>3112.684402</timestamp>
			</report>
			<report>
				<misses>8656001</misses>
				<total>9</total>
				<timestamp>3113.044032</timestamp>
			</report>
			<report>
				<misses>8657001</misses>
				<total>9</total>
				<timestamp>3113.403712</timestamp>
			</report>
			<report>
				<misses>8658001</misses>
				<total>9</total>
				<timestamp>3113.763399</timestamp>
			</report>
			<report>
				<misses>8659001</misses>
				<total>9</total>
				<timestamp>3114.122969</timestamp>
			</report>
			<report>
				<misses>8660001</misses>
				<total>9</total>
				<timestamp>3114.482643</timestamp>
			</report>
			<report>
				<misses>8661001</misses>
				<total>9</total>
				<timestamp>3114.842245</timestamp>
			</report>
			<report>
				<misses>8662001</misses>
				<total>9</total>
				<timestamp>3115.201885</timestamp>
			</report>
			<report>
				<misses>8663001</misses>
				<total>9</total>
				<timestamp>3115.561529</timestamp>
			</report>
			<report>
				<misses>8664001</misses>
				<total>9</total>
				<timestamp>3115.921148</timestamp>
			</report>
			<report>
				<misses>8665001</misses>
				<total>9</total>
				<timestamp>3116.280834</timestamp>
			</report>
			<report>
				<misses>8666001</misses>
				<total>9</total>
				<timestamp>3116.640423</timestamp>
			</report>
			<report>
				<misses>8667001</misses>
				<total>9</total>
				<timestamp>3117.000085</timestamp>
			</report>
			<report>
				<misses>8668001</misses>
				<total>9</total>
				<timestamp>3117.359690</timestamp>
			</report>
			<report>
				<misses>8669001</misses>
				<total>9</total>
				<timestamp>3117.719410</timestamp>
			</report>
			<report>
				<misses>8670001</misses>
				<total>9</total>
				<timestamp>3118.079041</timestamp>
			</report>
			<report>
				<misses>8671001</misses>
				<total>9</total>
				<timestamp>3118.438646</timestamp>
			</report>
			<report>
				<misses>8672001</misses>
				<total>9</total>
				<timestamp>3118.798300</timestamp>
			</report>
			<report>
				<misses>8673001</misses>
				<total>9</total>
				<timestamp>3119.157901</timestamp>
			</report>
			<report>
				<misses>8674001</misses>
				<total>9</total>
				<timestamp>3119.517544</timestamp>
			</report>
			<report>
				<misses>8675001</misses>
				<total>9</total>
				<timestamp>3119.877252</timestamp>
			</report>
			<report>
				<misses>8676001</misses>
				<total>9</total>
				<timestamp>3120.236879</timestamp>
			</report>
			<report>
				<misses>8677001</misses>
				<total>9</total>
				<timestamp>3120.596538</timestamp>
			</report>
			<report>
				<misses>8678001</misses>
				<total>9</total>
				<timestamp>3120.956140</timestamp>
			</report>
			<report>
				<misses>8679001</misses>
				<total>9</total>
				<timestamp>3121.315805</timestamp>
			</report>
			<report>
				<misses>8680001</misses>
				<total>9</total>
				<timestamp>3121.675459</timestamp>
			</report>
			<report>
				<misses>8681001</misses>
				<total>9</total>
				<timestamp>3122.035105</timestamp>
			</report>
			<report>
				<misses>8682001</misses>
				<total>9</total>
				<timestamp>3122.394654</timestamp>
			</report>
			<report>
				<misses>8683001</misses>
				<total>9</total>
				<timestamp>3122.754410</timestamp>
			</report>
			<report>
				<misses>8684001</misses>
				<total>9</total>
				<timestamp>3123.113954</timestamp>
			</report>
			<report>
				<misses>8685001</misses>
				<total>9</total>
				<timestamp>3123.473569</timestamp>
			</report>
			<report>
				<misses>8686001</misses>
				<total>9</total>
				<timestamp>3123.833225</timestamp>
			</report>
			<report>
				<misses>8687001</misses>
				<total>9</total>
				<timestamp>3124.192853</timestamp>
			</report>
			<report>
				<misses>8688001</misses>
				<total>9</total>
				<timestamp>3124.552545</timestamp>
			</report>
			<report>
				<misses>8689001</misses>
				<total>9</total>
				<timestamp>3124.912149</timestamp>
			</report>
			<report>
				<misses>8690001</misses>
				<total>9</total>
				<timestamp>3125.271828</timestamp>
			</report>
			<report>
				<misses>8691001</misses>
				<total>9</total>
				<timestamp>3125.631451</timestamp>
			</report>
			<report>
				<misses>8692001</misses>
				<total>9</total>
				<timestamp>3125.991142</timestamp>
			</report>
			<report>
				<misses>8693001</misses>
				<total>9</total>
				<timestamp>3126.350738</timestamp>
			</report>
			<report>
				<misses>8694001</misses>
				<total>9</total>
				<timestamp>3126.710402</timestamp>
			</report>
			<report>
				<misses>8695001</misses>
				<total>9</total>
				<timestamp>3127.070004</timestamp>
			</report>
			<report>
				<misses>8696001</misses>
				<total>9</total>
				<timestamp>3127.429621</timestamp>
			</report>
			<report>
				<misses>8697001</misses>
				<total>9</total>
				<timestamp>3127.789346</timestamp>
			</report>
			<report>
				<misses>8698001</misses>
				<total>9</total>
				<timestamp>3128.148914</timestamp>
			</report>
			<report>
				<misses>8699001</misses>
				<total>9</total>
				<timestamp>3128.508535</timestamp>
			</report>
			<report>
				<misses>8700001</misses>
				<total>9</total>
				<timestamp>3128.868176</timestamp>
			</report>
			<report>
				<misses>8701001</misses>
				<total>9</total>
				<timestamp>3129.227813</timestamp>
			</report>
			<report>
				<misses>8702001</misses>
				<total>9</total>
				<timestamp>3129.587509</timestamp>
			</report>
			<report>
				<misses>8703001</misses>
				<total>9</total>
				<timestamp>3129.947128</timestamp>
			</report>
			<report>
				<misses>8704001</misses>
				<total>9</total>
				<timestamp>3130.306741</timestamp>
			</report>
			<report>
				<misses>8705001</misses>
				<total>9</total>
				<timestamp>3130.666434</timestamp>
			</report>
			<report>
				<misses>8706001</misses>
				<total>9</total>
				<timestamp>3131.026034</timestamp>
			</report>
			<report>
				<misses>8707001</misses>
				<total>9</total>
				<timestamp>3131.385697</timestamp>
			</report>
			<report>
				<misses>8708001</misses>
				<total>9</total>
				<timestamp>3131.745345</timestamp>
			</report>
			<report>
				<misses>8709001</misses>
				<total>9</total>
				<timestamp>3132.104958</timestamp>
			</report>
			<report>
				<misses>8710001</misses>
				<total>9</total>
				<timestamp>3132.464631</timestamp>
			</report>
			<report>
				<misses>8711001</misses>
				<total>9</total>
				<timestamp>3132.824304</timestamp>
			</report>
			<report>
				<misses>8712001</misses>
				<total>9</total>
				<timestamp>3133.183863</timestamp>
			</report>
			<report>
				<misses>8713001</misses>
				<total>9</total>
				<timestamp>3133.543506</timestamp>
			</report>
			<report>
				<misses>8714001</misses>
				<total>9</total>
				<timestamp>3133.903147</timestamp>
			</report>
			<report>
				<misses>8715001</misses>
				<total>9</total>
				<timestamp>3134.262813</timestamp>
			</report>
			<report>
				<misses>8716001</misses>
				<total>9</total>
				<timestamp>3134.622431</timestamp>
			</report>
			<report>
				<misses>8717001</misses>
				<total>9</total>
				<timestamp>3134.982057</timestamp>
			</report>
			<report>
				<misses>8718001</misses>
				<total>9</total>
				<timestamp>3135.341696</timestamp>
			</report>
			<report>
				<misses>8719001</misses>
				<total>9</total>
				<timestamp>3135.701401</timestamp>
			</report>
			<report>
				<misses>8720001</misses>
				<total>9</total>
				<timestamp>3136.061014</timestamp>
			</report>
			<report>
				<misses>8721001</misses>
				<total>9</total>
				<timestamp>3136.420612</timestamp>
			</report>
			<report>
				<misses>8722001</misses>
				<total>9</total>
				<timestamp>3136.780304</timestamp>
			</report>
			<report>
				<misses>8723001</misses>
				<total>9</total>
				<timestamp>3137.139994</timestamp>
			</report>
			<report>
				<misses>8724001</misses>
				<total>9</total>
				<timestamp>3137.499548</timestamp>
			</report>
			<report>
				<misses>8725001</misses>
				<total>9</total>
				<timestamp>3137.859243</timestamp>
			</report>
			<report>
				<misses>8726001</misses>
				<total>9</total>
				<timestamp>3138.218808</timestamp>
			</report>
			<report>
				<misses>8727001</misses>
				<total>9</total>
				<timestamp>3138.578519</timestamp>
			</report>
			<report>
				<misses>8728001</misses>
				<total>9</total>
				<timestamp>3138.938131</timestamp>
			</report>
			<report>
				<misses>8729001</misses>
				<total>9</total>
				<timestamp>3139.297773</timestamp>
			</report>
			<report>
				<misses>8730001</misses>
				<total>9</total>
				<timestamp>3139.657416</timestamp>
			</report>
			<report>
				<misses>8731001</misses>
				<total>9</total>
				<timestamp>3140.017069</timestamp>
			</report>
			<report>
				<misses>8732001</misses>
				<total>9</total>
				<timestamp>3140.376744</timestamp>
			</report>
			<report>
				<misses>8733001</misses>
				<total>9</total>
				<timestamp>3140.736351</timestamp>
			</report>
			<report>
				<misses>8734001</misses>
				<total>9</total>
				<timestamp>3141.096048</timestamp>
			</report>
			<report>
				<misses>8735001</misses>
				<total>9</total>
				<timestamp>3141.455583</timestamp>
			</report>
			<report>
				<misses>8736001</misses>
				<total>9</total>
				<timestamp>3141.815264</timestamp>
			</report>
			<report>
				<misses>8737001</misses>
				<total>9</total>
				<timestamp>3142.174846</timestamp>
			</report>
			<report>
				<misses>8738001</misses>
				<total>9</total>
				<timestamp>3142.534493</timestamp>
			</report>
			<report>
				<misses>8739001</misses>
				<total>9</total>
				<timestamp>3142.894134</timestamp>
			</report>
			<report>
				<misses>8740001</misses>
				<total>9</total>
				<timestamp>3143.253824</timestamp>
			</report>
			<report>
				<misses>8741001</misses>
				<total>9</total>
				<timestamp>3143.613415</timestamp>
			</report>
			<report>
				<misses>8742001</misses>
				<total>9</total>
				<timestamp>3143.973050</timestamp>
			</report>
			<report>
				<misses>8743001</misses>
				<total>9</total>
				<timestamp>3144.332701</timestamp>
			</report>
			<report>
				<misses>8744001</misses>
				<total>9</total>
				<timestamp>3144.692360</timestamp>
			</report>
			<report>
				<misses>8745001</misses>
				<total>9</total>
				<timestamp>3145.052042</timestamp>
			</report>
			<report>
				<misses>8746001</misses>
				<total>9</total>
				<timestamp>3145.411623</timestamp>
			</report>
			<report>
				<misses>8747001</misses>
				<total>9</total>
				<timestamp>3145.771276</timestamp>
			</report>
			<report>
				<misses>8748001</misses>
				<total>9</total>
				<timestamp>3146.130941</timestamp>
			</report>
			<report>
				<misses>8749001</misses>
				<total>9</total>
				<timestamp>3146.490532</timestamp>
			</report>
			<report>
				<misses>8750001</misses>
				<total>9</total>
				<timestamp>3146.850259</timestamp>
			</report>
			<report>
				<misses>8751001</misses>
				<total>9</total>
				<timestamp>3147.209848</timestamp>
			</report>
			<report>
				<misses>8752001</misses>
				<total>9</total>
				<timestamp>3147.569530</timestamp>
			</report>
			<report>
				<misses>8753001</misses>
				<total>9</total>
				<timestamp>3147.929172</timestamp>
			</report>
			<report>
				<misses>8754001</misses>
				<total>9</total>
				<timestamp>3148.288753</timestamp>
			</report>
			<report>
				<misses>8755001</misses>
				<total>9</total>
				<timestamp>3148.648384</timestamp>
			</report>
			<report>
				<misses>8756001</misses>
				<total>9</total>
				<timestamp>3149.008087</timestamp>
			</report>
			<report>
				<misses>8757001</misses>
				<total>9</total>
				<timestamp>3149.367651</timestamp>
			</report>
			<report>
				<misses>8758001</misses>
				<total>9</total>
				<timestamp>3149.727346</timestamp>
			</report>
			<report>
				<misses>8759001</misses>
				<total>9</total>
				<timestamp>3150.087050</timestamp>
			</report>
			<report>
				<misses>8760001</misses>
				<total>9</total>
				<timestamp>3150.446584</timestamp>
			</report>
			<report>
				<misses>8761001</misses>
				<total>9</total>
				<timestamp>3150.806253</timestamp>
			</report>
			<report>
				<misses>8762001</misses>
				<total>9</total>
				<timestamp>3151.165876</timestamp>
			</report>
			<report>
				<misses>8763001</misses>
				<total>9</total>
				<timestamp>3151.525505</timestamp>
			</report>
			<report>
				<misses>8764001</misses>
				<total>9</total>
				<timestamp>3151.885201</timestamp>
			</report>
			<report>
				<misses>8765001</misses>
				<total>9</total>
				<timestamp>3152.244774</timestamp>
			</report>
			<report>
				<misses>8766001</misses>
				<total>9</total>
				<timestamp>3152.604424</timestamp>
			</report>
			<report>
				<misses>8767001</misses>
				<total>9</total>
				<timestamp>3152.964061</timestamp>
			</report>
			<report>
				<misses>8768001</misses>
				<total>9</total>
				<timestamp>3153.323699</timestamp>
			</report>
			<report>
				<misses>8769001</misses>
				<total>9</total>
				<timestamp>3153.683336</timestamp>
			</report>
			<report>
				<misses>8770001</misses>
				<total>9</total>
				<timestamp>3154.043008</timestamp>
			</report>
			<report>
				<misses>8771001</misses>
				<total>9</total>
				<timestamp>3154.402619</timestamp>
			</report>
			<report>
				<misses>8772001</misses>
				<total>9</total>
				<timestamp>3154.762288</timestamp>
			</report>
			<report>
				<misses>8773001</misses>
				<total>9</total>
				<timestamp>3155.121953</timestamp>
			</report>
			<report>
				<misses>8774001</misses>
				<total>9</total>
				<timestamp>3155.481530</timestamp>
			</report>
			<report>
				<misses>8775001</misses>
				<total>9</total>
				<timestamp>3155.841221</timestamp>
			</report>
			<report>
				<misses>8776001</misses>
				<total>9</total>
				<timestamp>3156.200809</timestamp>
			</report>
			<report>
				<misses>8777001</misses>
				<total>9</total>
				<timestamp>3156.560465</timestamp>
			</report>
			<report>
				<misses>8778001</misses>
				<total>9</total>
				<timestamp>3156.920143</timestamp>
			</report>
			<report>
				<misses>8779001</misses>
				<total>9</total>
				<timestamp>3157.279732</timestamp>
			</report>
			<report>
				<misses>8780001</misses>
				<total>9</total>
				<timestamp>3157.639384</timestamp>
			</report>
			<report>
				<misses>8781001</misses>
				<total>9</total>
				<timestamp>3157.999031</timestamp>
			</report>
			<report>
				<misses>8782001</misses>
				<total>9</total>
				<timestamp>3158.358690</timestamp>
			</report>
			<report>
				<misses>8783001</misses>
				<total>9</total>
				<timestamp>3158.718314</timestamp>
			</report>
			<report>
				<misses>8784001</misses>
				<total>9</total>
				<timestamp>3159.077995</timestamp>
			</report>
			<report>
				<misses>8785001</misses>
				<total>9</total>
				<timestamp>3159.437604</timestamp>
			</report>
			<report>
				<misses>8786001</misses>
				<total>9</total>
				<timestamp>3159.797235</timestamp>
			</report>
			<report>
				<misses>8787001</misses>
				<total>9</total>
				<timestamp>3160.156858</timestamp>
			</report>
			<report>
				<misses>8788001</misses>
				<total>9</total>
				<timestamp>3160.516515</timestamp>
			</report>
			<report>
				<misses>8789001</misses>
				<total>9</total>
				<timestamp>3160.876189</timestamp>
			</report>
			<report>
				<misses>8790001</misses>
				<total>9</total>
				<timestamp>3161.235820</timestamp>
			</report>
			<report>
				<misses>8791001</misses>
				<total>9</total>
				<timestamp>3161.595422</timestamp>
			</report>
			<report>
				<misses>8792001</misses>
				<total>9</total>
				<timestamp>3161.955098</timestamp>
			</report>
			<report>
				<misses>8793001</misses>
				<total>9</total>
				<timestamp>3162.314692</timestamp>
			</report>
			<report>
				<misses>8794001</misses>
				<total>9</total>
				<timestamp>3162.674328</timestamp>
			</report>
			<report>
				<misses>8795001</misses>
				<total>9</total>
				<timestamp>3163.034035</timestamp>
			</report>
			<report>
				<misses>8796001</misses>
				<total>9</total>
				<timestamp>3163.393631</timestamp>
			</report>
			<report>
				<misses>8797001</misses>
				<total>9</total>
				<timestamp>3163.753322</timestamp>
			</report>
			<report>
				<misses>8798001</misses>
				<total>9</total>
				<timestamp>3164.112950</timestamp>
			</report>
			<report>
				<misses>8799001</misses>
				<total>9</total>
				<timestamp>3164.472523</timestamp>
			</report>
			<report>
				<misses>8800001</misses>
				<total>9</total>
				<timestamp>3164.832220</timestamp>
			</report>
			<report>
				<misses>8801001</misses>
				<total>9</total>
				<timestamp>3165.191829</timestamp>
			</report>
			<report>
				<misses>8802001</misses>
				<total>9</total>
				<timestamp>3165.551469</timestamp>
			</report>
			<report>
				<misses>8803001</misses>
				<total>9</total>
				<timestamp>3165.911189</timestamp>
			</report>
			<report>
				<misses>8804001</misses>
				<total>9</total>
				<timestamp>3166.270730</timestamp>
			</report>
			<report>
				<misses>8805001</misses>
				<total>9</total>
				<timestamp>3166.630379</timestamp>
			</report>
			<report>
				<misses>8806001</misses>
				<total>9</total>
				<timestamp>3166.990040</timestamp>
			</report>
			<report>
				<misses>8807001</misses>
				<total>9</total>
				<timestamp>3167.349709</timestamp>
			</report>
			<report>
				<misses>8808001</misses>
				<total>9</total>
				<timestamp>3167.709325</timestamp>
			</report>
			<report>
				<misses>8809001</misses>
				<total>9</total>
				<timestamp>3168.069046</timestamp>
			</report>
			<report>
				<misses>8810001</misses>
				<total>9</total>
				<timestamp>3168.428623</timestamp>
			</report>
			<report>
				<misses>8811001</misses>
				<total>9</total>
				<timestamp>3168.788284</timestamp>
			</report>
			<report>
				<misses>8812001</misses>
				<total>9</total>
				<timestamp>3169.147860</timestamp>
			</report>
			<report>
				<misses>8813001</misses>
				<total>9</total>
				<timestamp>3169.507538</timestamp>
			</report>
			<report>
				<misses>8814001</misses>
				<total>9</total>
				<timestamp>3169.867251</timestamp>
			</report>
			<report>
				<misses>8815001</misses>
				<total>9</total>
				<timestamp>3170.226784</timestamp>
			</report>
			<report>
				<misses>8816001</misses>
				<total>9</total>
				<timestamp>3170.586420</timestamp>
			</report>
			<report>
				<misses>8817001</misses>
				<total>9</total>
				<timestamp>3170.946125</timestamp>
			</report>
			<report>
				<misses>8818001</misses>
				<total>9</total>
				<timestamp>3171.305718</timestamp>
			</report>
			<report>
				<misses>8819001</misses>
				<total>9</total>
				<timestamp>3171.665365</timestamp>
			</report>
			<report>
				<misses>8820001</misses>
				<total>9</total>
				<timestamp>3172.025100</timestamp>
			</report>
			<report>
				<misses>8821001</misses>
				<total>9</total>
				<timestamp>3172.384616</timestamp>
			</report>
			<report>
				<misses>8822001</misses>
				<total>9</total>
				<timestamp>3172.744333</timestamp>
			</report>
			<report>
				<misses>8823001</misses>
				<total>9</total>
				<timestamp>3173.103896</timestamp>
			</report>
			<report>
				<misses>8824001</misses>
				<total>9</total>
				<timestamp>3173.463622</timestamp>
			</report>
			<report>
				<misses>8825001</misses>
				<total>9</total>
				<timestamp>3173.823211</timestamp>
			</report>
			<report>
				<misses>8826001</misses>
				<total>9</total>
				<timestamp>3174.182874</timestamp>
			</report>
			<report>
				<misses>8827001</misses>
				<total>9</total>
				<timestamp>3174.542466</timestamp>
			</report>
			<report>
				<misses>8828001</misses>
				<total>9</total>
				<timestamp>3174.902140</timestamp>
			</report>
			<report>
				<misses>8829001</misses>
				<total>9</total>
				<timestamp>3175.261743</timestamp>
			</report>
			<report>
				<misses>8830001</misses>
				<total>9</total>
				<timestamp>3175.621432</timestamp>
			</report>
			<report>
				<misses>8831001</misses>
				<total>9</total>
				<timestamp>3175.981045</timestamp>
			</report>
			<report>
				<misses>8832001</misses>
				<total>9</total>
				<timestamp>3176.340728</timestamp>
			</report>
			<report>
				<misses>8833001</misses>
				<total>9</total>
				<timestamp>3176.700301</timestamp>
			</report>
			<report>
				<misses>8834001</misses>
				<total>9</total>
				<timestamp>3177.059934</timestamp>
			</report>
			<report>
				<misses>8835001</misses>
				<total>9</total>
				<timestamp>3177.419617</timestamp>
			</report>
			<report>
				<misses>8836001</misses>
				<total>9</total>
				<timestamp>3177.779263</timestamp>
			</report>
			<report>
				<misses>8837001</misses>
				<total>9</total>
				<timestamp>3178.138930</timestamp>
			</report>
			<report>
				<misses>8838001</misses>
				<total>9</total>
				<timestamp>3178.498550</timestamp>
			</report>
			<report>
				<misses>8839001</misses>
				<total>9</total>
				<timestamp>3178.858185</timestamp>
			</report>
			<report>
				<misses>8840001</misses>
				<total>9</total>
				<timestamp>3179.217783</timestamp>
			</report>
			<report>
				<misses>8841001</misses>
				<total>9</total>
				<timestamp>3179.577443</timestamp>
			</report>
			<report>
				<misses>8842001</misses>
				<total>9</total>
				<timestamp>3179.937150</timestamp>
			</report>
			<report>
				<misses>8843001</misses>
				<total>9</total>
				<timestamp>3180.296711</timestamp>
			</report>
			<report>
				<misses>8844001</misses>
				<total>9</total>
				<timestamp>3180.656351</timestamp>
			</report>
			<report>
				<misses>8845001</misses>
				<total>9</total>
				<timestamp>3181.016051</timestamp>
			</report>
			<report>
				<misses>8846001</misses>
				<total>9</total>
				<timestamp>3181.375667</timestamp>
			</report>
			<report>
				<misses>8847001</misses>
				<total>9</total>
				<timestamp>3181.735265</timestamp>
			</report>
			<report>
				<misses>8848001</misses>
				<total>9</total>
				<timestamp>3182.094928</timestamp>
			</report>
			<report>
				<misses>8849001</misses>
				<total>9</total>
				<timestamp>3182.454540</timestamp>
			</report>
			<report>
				<misses>8850001</misses>
				<total>9</total>
				<timestamp>3182.814203</timestamp>
			</report>
			<report>
				<misses>8851001</misses>
				<total>9</total>
				<timestamp>3183.173831</timestamp>
			</report>
			<report>
				<misses>8852001</misses>
				<total>9</total>
				<timestamp>3183.533455</timestamp>
			</report>
			<report>
				<misses>8853001</misses>
				<total>9</total>
				<timestamp>3183.893155</timestamp>
			</report>
			<report>
				<misses>8854001</misses>
				<total>9</total>
				<timestamp>3184.252759</timestamp>
			</report>
			<report>
				<misses>8855001</misses>
				<total>9</total>
				<timestamp>3184.612367</timestamp>
			</report>
			<report>
				<misses>8856001</misses>
				<total>9</total>
				<timestamp>3184.972035</timestamp>
			</report>
			<report>
				<misses>8857001</misses>
				<total>9</total>
				<timestamp>3185.331651</timestamp>
			</report>
			<report>
				<misses>8858001</misses>
				<total>9</total>
				<timestamp>3185.691308</timestamp>
			</report>
			<report>
				<misses>8859001</misses>
				<total>9</total>
				<timestamp>3186.051009</timestamp>
			</report>
			<report>
				<misses>8860001</misses>
				<total>9</total>
				<timestamp>3186.410602</timestamp>
			</report>
			<report>
				<misses>8861001</misses>
				<total>9</total>
				<timestamp>3186.770209</timestamp>
			</report>
			<report>
				<misses>8862001</misses>
				<total>9</total>
				<timestamp>3187.129872</timestamp>
			</report>
			<report>
				<misses>8863001</misses>
				<total>9</total>
				<timestamp>3187.489558</timestamp>
			</report>
			<report>
				<misses>8864001</misses>
				<total>9</total>
				<timestamp>3187.849174</timestamp>
			</report>
			<report>
				<misses>8865001</misses>
				<total>9</total>
				<timestamp>3188.208792</timestamp>
			</report>
			<report>
				<misses>8866001</misses>
				<total>9</total>
				<timestamp>3188.568424</timestamp>
			</report>
			<report>
				<misses>8867001</misses>
				<total>9</total>
				<timestamp>3188.928148</timestamp>
			</report>
			<report>
				<misses>8868001</misses>
				<total>9</total>
				<timestamp>3189.287766</timestamp>
			</report>
			<report>
				<misses>8869001</misses>
				<total>9</total>
				<timestamp>3189.647419</timestamp>
			</report>
			<report>
				<misses>8870001</misses>
				<total>9</total>
				<timestamp>3190.007054</timestamp>
			</report>
			<report>
				<misses>8871001</misses>
				<total>9</total>
				<timestamp>3190.366616</timestamp>
			</report>
			<report>
				<misses>8872001</misses>
				<total>9</total>
				<timestamp>3190.726255</timestamp>
			</report>
			<report>
				<misses>8873001</misses>
				<total>9</total>
				<timestamp>3191.085994</timestamp>
			</report>
			<report>
				<misses>8874001</misses>
				<total>9</total>
				<timestamp>3191.445522</timestamp>
			</report>
			<report>
				<misses>8875001</misses>
				<total>9</total>
				<timestamp>3191.805231</timestamp>
			</report>
			<report>
				<misses>8876001</misses>
				<total>9</total>
				<timestamp>3192.164843</timestamp>
			</report>
			<report>
				<misses>8877001</misses>
				<total>9</total>
				<timestamp>3192.524481</timestamp>
			</report>
			<report>
				<misses>8878001</misses>
				<total>9</total>
				<timestamp>3192.884152</timestamp>
			</report>
			<report>
				<misses>8879001</misses>
				<total>9</total>
				<timestamp>3193.243761</timestamp>
			</report>
			<report>
				<misses>8880001</misses>
				<total>9</total>
				<timestamp>3193.603407</timestamp>
			</report>
			<report>
				<misses>8881001</misses>
				<total>9</total>
				<timestamp>3193.963103</timestamp>
			</report>
			<report>
				<misses>8882001</misses>
				<total>9</total>
				<timestamp>3194.322660</timestamp>
			</report>
			<report>
				<misses>8883001</misses>
				<total>9</total>
				<timestamp>3194.682411</timestamp>
			</report>
			<report>
				<misses>8884001</misses>
				<total>9</total>
				<timestamp>3195.041975</timestamp>
			</report>
			<report>
				<misses>8885001</misses>
				<total>9</total>
				<timestamp>3195.401664</timestamp>
			</report>
			<report>
				<misses>8886001</misses>
				<total>9</total>
				<timestamp>3195.761249</timestamp>
			</report>
			<report>
				<misses>8887001</misses>
				<total>9</total>
				<timestamp>3196.120859</timestamp>
			</report>
			<report>
				<misses>8888001</misses>
				<total>9</total>
				<timestamp>3196.480491</timestamp>
			</report>
			<report>
				<misses>8889001</misses>
				<total>9</total>
				<timestamp>3196.840234</timestamp>
			</report>
			<report>
				<misses>8890001</misses>
				<total>9</total>
				<timestamp>3197.199867</timestamp>
			</report>
			<report>
				<misses>8891001</misses>
				<total>9</total>
				<timestamp>3197.559448</timestamp>
			</report>
			<report>
				<misses>8892001</misses>
				<total>9</total>
				<timestamp>3197.919077</timestamp>
			</report>
			<report>
				<misses>8893001</misses>
				<total>9</total>
				<timestamp>3198.278712</timestamp>
			</report>
			<report>
				<misses>8894001</misses>
				<total>9</total>
				<timestamp>3198.638349</timestamp>
			</report>
			<report>
				<misses>8895001</misses>
				<total>9</total>
				<timestamp>3198.998025</timestamp>
			</report>
			<report>
				<misses>8896001</misses>
				<total>9</total>
				<timestamp>3199.357663</timestamp>
			</report>
			<report>
				<misses>8897001</misses>
				<total>9</total>
				<timestamp>3199.717275</timestamp>
			</report>
			<report>
				<misses>8898001</misses>
				<total>9</total>
				<timestamp>3200.077040</timestamp>
			</report>
			<report>
				<misses>8899001</misses>
				<total>9</total>
				<timestamp>3200.436563</timestamp>
			</report>
			<report>
				<misses>8900001</misses>
				<total>9</total>
				<timestamp>3200.796218</timestamp>
			</report>
			<report>
				<misses>8901001</misses>
				<total>9</total>
				<timestamp>3201.155835</timestamp>
			</report>
			<report>
				<misses>8902001</misses>
				<total>9</total>
				<timestamp>3201.515469</timestamp>
			</report>
			<report>
				<misses>8903001</misses>
				<total>9</total>
				<timestamp>3201.875101</timestamp>
			</report>
			<report>
				<misses>8904001</misses>
				<total>9</total>
				<timestamp>3202.234780</timestamp>
			</report>
			<report>
				<misses>8905001</misses>
				<total>9</total>
				<timestamp>3202.594410</timestamp>
			</report>
			<report>
				<misses>8906001</misses>
				<total>9</total>
				<timestamp>3202.954052</timestamp>
			</report>
			<report>
				<misses>8907001</misses>
				<total>9</total>
				<timestamp>3203.313664</timestamp>
			</report>
			<report>
				<misses>8908001</misses>
				<total>9</total>
				<timestamp>3203.673316</timestamp>
			</report>
			<report>
				<misses>8909001</misses>
				<total>9</total>
				<timestamp>3204.032970</timestamp>
			</report>
			<report>
				<misses>8910001</misses>
				<total>9</total>
				<timestamp>3204.392594</timestamp>
			</report>
			<report>
				<misses>8911001</misses>
				<total>9</total>
				<timestamp>3204.752214</timestamp>
			</report>
			<report>
				<misses>8912001</misses>
				<total>9</total>
				<timestamp>3205.111865</timestamp>
			</report>
			<report>
				<misses>8913001</misses>
				<total>9</total>
				<timestamp>3205.471504</timestamp>
			</report>
			<report>
				<misses>8914001</misses>
				<total>9</total>
				<timestamp>3205.831146</timestamp>
			</report>
			<report>
				<misses>8915001</misses>
				<total>9</total>
				<timestamp>3206.190779</timestamp>
			</report>
			<report>
				<misses>8916001</misses>
				<total>9</total>
				<timestamp>3206.550472</timestamp>
			</report>
			<report>
				<misses>8917001</misses>
				<total>9</total>
				<timestamp>3206.910074</timestamp>
			</report>
			<report>
				<misses>8918001</misses>
				<total>9</total>
				<timestamp>3207.269802</timestamp>
			</report>
			<report>
				<misses>8919001</misses>
				<total>9</total>
				<timestamp>3207.629339</timestamp>
			</report>
			<report>
				<misses>8920001</misses>
				<total>9</total>
				<timestamp>3207.989074</timestamp>
			</report>
			<report>
				<misses>8921001</misses>
				<total>9</total>
				<timestamp>3208.348648</timestamp>
			</report>
			<report>
				<misses>8922001</misses>
				<total>9</total>
				<timestamp>3208.708274</timestamp>
			</report>
			<report>
				<misses>8923001</misses>
				<total>9</total>
				<timestamp>3209.067946</timestamp>
			</report>
			<report>
				<misses>8924001</misses>
				<total>9</total>
				<timestamp>3209.427538</timestamp>
			</report>
			<report>
				<misses>8925001</misses>
				<total>9</total>
				<timestamp>3209.787183</timestamp>
			</report>
			<report>
				<misses>8926001</misses>
				<total>9</total>
				<timestamp>3210.146846</timestamp>
			</report>
			<report>
				<misses>8927001</misses>
				<total>9</total>
				<timestamp>3210.506466</timestamp>
			</report>
			<report>
				<misses>8928001</misses>
				<total>9</total>
				<timestamp>3210.866092</timestamp>
			</report>
			<report>
				<misses>8929001</misses>
				<total>9</total>
				<timestamp>3211.225812</timestamp>
			</report>
			<report>
				<misses>8930001</misses>
				<total>9</total>
				<timestamp>3211.585378</timestamp>
			</report>
			<report>
				<misses>8931001</misses>
				<total>9</total>
				<timestamp>3211.945035</timestamp>
			</report>
			<report>
				<misses>8932001</misses>
				<total>9</total>
				<timestamp>3212.304702</timestamp>
			</report>
			<report>
				<misses>8933001</misses>
				<total>9</total>
				<timestamp>3212.664291</timestamp>
			</report>
			<report>
				<misses>8934001</misses>
				<total>9</total>
				<timestamp>3213.024013</timestamp>
			</report>
			<report>
				<misses>8935001</misses>
				<total>9</total>
				<timestamp>3213.383621</timestamp>
			</report>
			<report>
				<misses>8936001</misses>
				<total>9</total>
				<timestamp>3213.743213</timestamp>
			</report>
			<report>
				<misses>8937001</misses>
				<total>9</total>
				<timestamp>3214.102949</timestamp>
			</report>
			<report>
				<misses>8938001</misses>
				<total>9</total>
				<timestamp>3214.462508</timestamp>
			</report>
			<report>
				<misses>8939001</misses>
				<total>9</total>
				<timestamp>3214.822206</timestamp>
			</report>
			<report>
				<misses>8940001</misses>
				<total>9</total>
				<timestamp>3215.181802</timestamp>
			</report>
			<report>
				<misses>8941001</misses>
				<total>9</total>
				<timestamp>3215.541404</timestamp>
			</report>
			<report>
				<misses>8942001</misses>
				<total>9</total>
				<timestamp>3215.901160</timestamp>
			</report>
			<report>
				<misses>8943001</misses>
				<total>9</total>
				<timestamp>3216.260733</timestamp>
			</report>
			<report>
				<misses>8944001</misses>
				<total>9</total>
				<timestamp>3216.620323</timestamp>
			</report>
			<report>
				<misses>8945001</misses>
				<total>9</total>
				<timestamp>3216.980040</timestamp>
			</report>
			<report>
				<misses>8946001</misses>
				<total>9</total>
				<timestamp>3217.339644</timestamp>
			</report>
			<report>
				<misses>8947001</misses>
				<total>9</total>
				<timestamp>3217.699282</timestamp>
			</report>
			<report>
				<misses>8948001</misses>
				<total>9</total>
				<timestamp>3218.059006</timestamp>
			</report>
			<report>
				<misses>8949001</misses>
				<total>9</total>
				<timestamp>3218.418545</timestamp>
			</report>
			<report>
				<misses>8950001</misses>
				<total>9</total>
				<timestamp>3218.778209</timestamp>
			</report>
			<report>
				<misses>8951001</misses>
				<total>9</total>
				<timestamp>3219.137868</timestamp>
			</report>
			<report>
				<misses>8952001</misses>
				<total>9</total>
				<timestamp>3219.497442</timestamp>
			</report>
			<report>
				<misses>8953001</misses>
				<total>9</total>
				<timestamp>3219.857175</timestamp>
			</report>
			<report>
				<misses>8954001</misses>
				<total>9</total>
				<timestamp>3220.216779</timestamp>
			</report>
			<report>
				<misses>8955001</misses>
				<total>9</total>
				<timestamp>3220.576386</timestamp>
			</report>
			<report>
				<misses>8956001</misses>
				<total>9</total>
				<timestamp>3220.936027</timestamp>
			</report>
			<report>
				<misses>8957001</misses>
				<total>9</total>
				<timestamp>3221.295716</timestamp>
			</report>
			<report>
				<misses>8958001</misses>
				<total>9</total>
				<timestamp>3221.655356</timestamp>
			</report>
			<report>
				<misses>8959001</misses>
				<total>9</total>
				<timestamp>3222.015010</timestamp>
			</report>
			<report>
				<misses>8960001</misses>
				<total>9</total>
				<timestamp>3222.374597</timestamp>
			</report>
			<report>
				<misses>8961001</misses>
				<total>9</total>
				<timestamp>3222.734246</timestamp>
			</report>
			<report>
				<misses>8962001</misses>
				<total>9</total>
				<timestamp>3223.093880</timestamp>
			</report>
			<report>
				<misses>8963001</misses>
				<total>9</total>
				<timestamp>3223.453520</timestamp>
			</report>
			<report>
				<misses>8964001</misses>
				<total>9</total>
				<timestamp>3223.813194</timestamp>
			</report>
			<report>
				<misses>8965001</misses>
				<total>9</total>
				<timestamp>3224.172886</timestamp>
			</report>
			<report>
				<misses>8966001</misses>
				<total>9</total>
				<timestamp>3224.532469</timestamp>
			</report>
			<report>
				<misses>8967001</misses>
				<total>9</total>
				<timestamp>3224.892147</timestamp>
			</report>
			<report>
				<misses>8968001</misses>
				<total>9</total>
				<timestamp>3225.251744</timestamp>
			</report>
			<report>
				<misses>8969001</misses>
				<total>9</total>
				<timestamp>3225.611401</timestamp>
			</report>
			<report>
				<misses>8970001</misses>
				<total>9</total>
				<timestamp>3225.970999</timestamp>
			</report>
			<report>
				<misses>8971001</misses>
				<total>9</total>
				<timestamp>3226.330632</timestamp>
			</report>
			<report>
				<misses>8972001</misses>
				<total>9</total>
				<timestamp>3226.690302</timestamp>
			</report>
			<report>
				<misses>8973001</misses>
				<total>9</total>
				<timestamp>3227.049904</timestamp>
			</report>
			<report>
				<misses>8974001</misses>
				<total>9</total>
				<timestamp>3227.409530</timestamp>
			</report>
			<report>
				<misses>8975001</misses>
				<total>9</total>
				<timestamp>3227.769165</timestamp>
			</report>
			<report>
				<misses>8976001</misses>
				<total>9</total>
				<timestamp>3228.128865</timestamp>
			</report>
			<report>
				<misses>8977001</misses>
				<total>9</total>
				<timestamp>3228.488451</timestamp>
			</report>
			<report>
				<misses>8978001</misses>
				<total>9</total>
				<timestamp>3228.848110</timestamp>
			</report>
			<report>
				<misses>8979001</misses>
				<total>9</total>
				<timestamp>3229.207791</timestamp>
			</report>
			<report>
				<misses>8980001</misses>
				<total>9</total>
				<timestamp>3229.567371</timestamp>
			</report>
			<report>
				<misses>8981001</misses>
				<total>9</total>
				<timestamp>3229.927053</timestamp>
			</report>
			<report>
				<misses>8982001</misses>
				<total>9</total>
				<timestamp>3230.286734</timestamp>
			</report>
			<report>
				<misses>8983001</misses>
				<total>9</total>
				<timestamp>3230.646292</timestamp>
			</report>
			<report>
				<misses>8984001</misses>
				<total>9</total>
				<timestamp>3231.005945</timestamp>
			</report>
			<report>
				<misses>8985001</misses>
				<total>9</total>
				<timestamp>3231.365590</timestamp>
			</report>
			<report>
				<misses>8986001</misses>
				<total>9</total>
				<timestamp>3231.725223</timestamp>
			</report>
			<report>
				<misses>8987001</misses>
				<total>9</total>
				<timestamp>3232.084891</timestamp>
			</report>
			<report>
				<misses>8988001</misses>
				<total>9</total>
				<timestamp>3232.444478</timestamp>
			</report>
			<report>
				<misses>8989001</misses>
				<total>9</total>
				<timestamp>3232.804178</timestamp>
			</report>
			<report>
				<misses>8990001</misses>
				<total>9</total>
				<timestamp>3233.163869</timestamp>
			</report>
			<report>
				<misses>8991001</misses>
				<total>9</total>
				<timestamp>3233.523431</timestamp>
			</report>
			<report>
				<misses>8992001</misses>
				<total>9</total>
				<timestamp>3233.883110</timestamp>
			</report>
			<report>
				<misses>8993001</misses>
				<total>9</total>
				<timestamp>3234.242737</timestamp>
			</report>
			<report>
				<misses>8994001</misses>
				<total>9</total>
				<timestamp>3234.602373</timestamp>
			</report>
			<report>
				<misses>8995001</misses>
				<total>9</total>
				<timestamp>3234.962024</timestamp>
			</report>
			<report>
				<misses>8996001</misses>
				<total>9</total>
				<timestamp>3235.321648</timestamp>
			</report>
			<report>
				<misses>8997001</misses>
				<total>9</total>
				<timestamp>3235.681309</timestamp>
			</report>
			<report>
				<misses>8998001</misses>
				<total>9</total>
				<timestamp>3236.040935</timestamp>
			</report>
			<report>
				<misses>8999001</misses>
				<total>9</total>
				<timestamp>3236.400578</timestamp>
			</report>
			<report>
				<misses>9000001</misses>
				<total>9</total>
				<timestamp>3236.760190</timestamp>
			</report>
			<report>
				<misses>9001001</misses>
				<total>9</total>
				<timestamp>3237.119837</timestamp>
			</report>
			<report>
				<misses>9002001</misses>
				<total>9</total>
				<timestamp>3237.479467</timestamp>
			</report>
			<report>
				<misses>9003001</misses>
				<total>9</total>
				<timestamp>3237.839134</timestamp>
			</report>
			<report>
				<misses>9004001</misses>
				<total>9</total>
				<timestamp>3238.198797</timestamp>
			</report>
			<report>
				<misses>9005001</misses>
				<total>9</total>
				<timestamp>3238.558421</timestamp>
			</report>
			<report>
				<misses>9006001</misses>
				<total>9</total>
				<timestamp>3238.918015</timestamp>
			</report>
			<report>
				<misses>9007001</misses>
				<total>9</total>
				<timestamp>3239.277728</timestamp>
			</report>
			<report>
				<misses>9008001</misses>
				<total>9</total>
				<timestamp>3239.637300</timestamp>
			</report>
			<report>
				<misses>9009001</misses>
				<total>9</total>
				<timestamp>3239.996997</timestamp>
			</report>
			<report>
				<misses>9010001</misses>
				<total>9</total>
				<timestamp>3240.356652</timestamp>
			</report>
			<report>
				<misses>9011001</misses>
				<total>9</total>
				<timestamp>3240.716213</timestamp>
			</report>
			<report>
				<misses>9012001</misses>
				<total>9</total>
				<timestamp>3241.075948</timestamp>
			</report>
			<report>
				<misses>9013001</misses>
				<total>9</total>
				<timestamp>3241.435521</timestamp>
			</report>
			<report>
				<misses>9014001</misses>
				<total>9</total>
				<timestamp>3241.795139</timestamp>
			</report>
			<report>
				<misses>9015001</misses>
				<total>9</total>
				<timestamp>3242.154782</timestamp>
			</report>
			<report>
				<misses>9016001</misses>
				<total>9</total>
				<timestamp>3242.514441</timestamp>
			</report>
			<report>
				<misses>9017001</misses>
				<total>9</total>
				<timestamp>3242.874045</timestamp>
			</report>
			<report>
				<misses>9018001</misses>
				<total>9</total>
				<timestamp>3243.233727</timestamp>
			</report>
			<report>
				<misses>9019001</misses>
				<total>9</total>
				<timestamp>3243.593361</timestamp>
			</report>
			<report>
				<misses>9020001</misses>
				<total>9</total>
				<timestamp>3243.953024</timestamp>
			</report>
			<report>
				<misses>9021001</misses>
				<total>9</total>
				<timestamp>3244.312688</timestamp>
			</report>
			<report>
				<misses>9022001</misses>
				<total>9</total>
				<timestamp>3244.672311</timestamp>
			</report>
			<report>
				<misses>9023001</misses>
				<total>9</total>
				<timestamp>3245.031911</timestamp>
			</report>
			<report>
				<misses>9024001</misses>
				<total>9</total>
				<timestamp>3245.391564</timestamp>
			</report>
			<report>
				<misses>9025001</misses>
				<total>9</total>
				<timestamp>3245.751190</timestamp>
			</report>
			<report>
				<misses>9026001</misses>
				<total>9</total>
				<timestamp>3246.110825</timestamp>
			</report>
			<report>
				<misses>9027001</misses>
				<total>9</total>
				<timestamp>3246.470451</timestamp>
			</report>
			<report>
				<misses>9028001</misses>
				<total>9</total>
				<timestamp>3246.830084</timestamp>
			</report>
			<report>
				<misses>9029001</misses>
				<total>9</total>
				<timestamp>3247.189788</timestamp>
			</report>
			<report>
				<misses>9030001</misses>
				<total>9</total>
				<timestamp>3247.549423</timestamp>
			</report>
			<report>
				<misses>9031001</misses>
				<total>9</total>
				<timestamp>3247.909021</timestamp>
			</report>
			<report>
				<misses>9032001</misses>
				<total>9</total>
				<timestamp>3248.268699</timestamp>
			</report>
			<report>
				<misses>9033001</misses>
				<total>9</total>
				<timestamp>3248.628316</timestamp>
			</report>
			<report>
				<misses>9034001</misses>
				<total>9</total>
				<timestamp>3248.987944</timestamp>
			</report>
			<report>
				<misses>9035001</misses>
				<total>9</total>
				<timestamp>3249.347631</timestamp>
			</report>
			<report>
				<misses>9036001</misses>
				<total>9</total>
				<timestamp>3249.707276</timestamp>
			</report>
			<report>
				<misses>9037001</misses>
				<total>9</total>
				<timestamp>3250.066881</timestamp>
			</report>
			<report>
				<misses>9038001</misses>
				<total>9</total>
				<timestamp>3250.426553</timestamp>
			</report>
			<report>
				<misses>9039001</misses>
				<total>9</total>
				<timestamp>3250.786166</timestamp>
			</report>
			<report>
				<misses>9040001</misses>
				<total>9</total>
				<timestamp>3251.145817</timestamp>
			</report>
			<report>
				<misses>9041001</misses>
				<total>9</total>
				<timestamp>3251.505475</timestamp>
			</report>
			<report>
				<misses>9042001</misses>
				<total>9</total>
				<timestamp>3251.865060</timestamp>
			</report>
			<report>
				<misses>9043001</misses>
				<total>9</total>
				<timestamp>3252.224766</timestamp>
			</report>
			<report>
				<misses>9044001</misses>
				<total>9</total>
				<timestamp>3252.584332</timestamp>
			</report>
			<report>
				<misses>9045001</misses>
				<total>9</total>
				<timestamp>3252.944012</timestamp>
			</report>
			<report>
				<misses>9046001</misses>
				<total>9</total>
				<timestamp>3253.303657</timestamp>
			</report>
			<report>
				<misses>9047001</misses>
				<total>9</total>
				<timestamp>3253.663279</timestamp>
			</report>
			<report>
				<misses>9048001</misses>
				<total>9</total>
				<timestamp>3254.022899</timestamp>
			</report>
			<report>
				<misses>9049001</misses>
				<total>9</total>
				<timestamp>3254.382600</timestamp>
			</report>
			<report>
				<misses>9050001</misses>
				<total>9</total>
				<timestamp>3254.742207</timestamp>
			</report>
			<report>
				<misses>9051001</misses>
				<total>9</total>
				<timestamp>3255.101837</timestamp>
			</report>
			<report>
				<misses>9052001</misses>
				<total>9</total>
				<timestamp>3255.461474</timestamp>
			</report>
			<report>
				<misses>9053001</misses>
				<total>9</total>
				<timestamp>3255.821090</timestamp>
			</report>
			<report>
				<misses>9054001</misses>
				<total>9</total>
				<timestamp>3256.180778</timestamp>
			</report>
			<report>
				<misses>9055001</misses>
				<total>9</total>
				<timestamp>3256.540385</timestamp>
			</report>
			<report>
				<misses>9056001</misses>
				<total>9</total>
				<timestamp>3256.900007</timestamp>
			</report>
			<report>
				<misses>9057001</misses>
				<total>9</total>
				<timestamp>3257.259707</timestamp>
			</report>
			<report>
				<misses>9058001</misses>
				<total>9</total>
				<timestamp>3257.619356</timestamp>
			</report>
			<report>
				<misses>9059001</misses>
				<total>9</total>
				<timestamp>3257.978952</timestamp>
			</report>
			<report>
				<misses>9060001</misses>
				<total>9</total>
				<timestamp>3258.338581</timestamp>
			</report>
			<report>
				<misses>9061001</misses>
				<total>9</total>
				<timestamp>3258.698238</timestamp>
			</report>
			<report>
				<misses>9062001</misses>
				<total>9</total>
				<timestamp>3259.057876</timestamp>
			</report>
			<report>
				<misses>9063001</misses>
				<total>9</total>
				<timestamp>3259.417496</timestamp>
			</report>
			<report>
				<misses>9064001</misses>
				<total>9</total>
				<timestamp>3259.777156</timestamp>
			</report>
			<report>
				<misses>9065001</misses>
				<total>9</total>
				<timestamp>3260.136799</timestamp>
			</report>
			<report>
				<misses>9066001</misses>
				<total>9</total>
				<timestamp>3260.496431</timestamp>
			</report>
			<report>
				<misses>9067001</misses>
				<total>9</total>
				<timestamp>3260.856065</timestamp>
			</report>
			<report>
				<misses>9068001</misses>
				<total>9</total>
				<timestamp>3261.215706</timestamp>
			</report>
			<report>
				<misses>9069001</misses>
				<total>9</total>
				<timestamp>3261.575349</timestamp>
			</report>
			<report>
				<misses>9070001</misses>
				<total>9</total>
				<timestamp>3261.935019</timestamp>
			</report>
			<report>
				<misses>9071001</misses>
				<total>9</total>
				<timestamp>3262.294669</timestamp>
			</report>
			<report>
				<misses>9072001</misses>
				<total>9</total>
				<timestamp>3262.654278</timestamp>
			</report>
			<report>
				<misses>9073001</misses>
				<total>9</total>
				<timestamp>3263.013956</timestamp>
			</report>
			<report>
				<misses>9074001</misses>
				<total>9</total>
				<timestamp>3263.373565</timestamp>
			</report>
			<report>
				<misses>9075001</misses>
				<total>9</total>
				<timestamp>3263.733176</timestamp>
			</report>
			<report>
				<misses>9076001</misses>
				<total>9</total>
				<timestamp>3264.092832</timestamp>
			</report>
			<report>
				<misses>9077001</misses>
				<total>9</total>
				<timestamp>3264.452456</timestamp>
			</report>
			<report>
				<misses>9078001</misses>
				<total>9</total>
				<timestamp>3264.812126</timestamp>
			</report>
			<report>
				<misses>9079001</misses>
				<total>9</total>
				<timestamp>3265.171740</timestamp>
			</report>
			<report>
				<misses>9080001</misses>
				<total>9</total>
				<timestamp>3265.531420</timestamp>
			</report>
			<report>
				<misses>9081001</misses>
				<total>9</total>
				<timestamp>3265.891006</timestamp>
			</report>
			<report>
				<misses>9082001</misses>
				<total>9</total>
				<timestamp>3266.250689</timestamp>
			</report>
			<report>
				<misses>9083001</misses>
				<total>9</total>
				<timestamp>3266.610352</timestamp>
			</report>
			<report>
				<misses>9084001</misses>
				<total>9</total>
				<timestamp>3266.970007</timestamp>
			</report>
			<report>
				<misses>9085001</misses>
				<total>9</total>
				<timestamp>3267.329626</timestamp>
			</report>
			<report>
				<misses>9086001</misses>
				<total>9</total>
				<timestamp>3267.689216</timestamp>
			</report>
			<report>
				<misses>9087001</misses>
				<total>9</total>
				<timestamp>3268.048864</timestamp>
			</report>
			<report>
				<misses>9088001</misses>
				<total>9</total>
				<timestamp>3268.408508</timestamp>
			</report>
			<report>
				<misses>9089001</misses>
				<total>9</total>
				<timestamp>3268.768270</timestamp>
			</report>
			<report>
				<misses>9090001</misses>
				<total>9</total>
				<timestamp>3269.127821</timestamp>
			</report>
			<report>
				<misses>9091001</misses>
				<total>9</total>
				<timestamp>3269.487413</timestamp>
			</report>
			<report>
				<misses>9092001</misses>
				<total>9</total>
				<timestamp>3269.847096</timestamp>
			</report>
			<report>
				<misses>9093001</misses>
				<total>9</total>
				<timestamp>3270.206709</timestamp>
			</report>
			<report>
				<misses>9094001</misses>
				<total>9</total>
				<timestamp>3270.566398</timestamp>
			</report>
			<report>
				<misses>9095001</misses>
				<total>9</total>
				<timestamp>3270.926019</timestamp>
			</report>
			<report>
				<misses>9096001</misses>
				<total>9</total>
				<timestamp>3271.285659</timestamp>
			</report>
			<report>
				<misses>9097001</misses>
				<total>9</total>
				<timestamp>3271.645279</timestamp>
			</report>
			<report>
				<misses>9098001</misses>
				<total>9</total>
				<timestamp>3272.004909</timestamp>
			</report>
			<report>
				<misses>9099001</misses>
				<total>9</total>
				<timestamp>3272.364561</timestamp>
			</report>
			<report>
				<misses>9100001</misses>
				<total>9</total>
				<timestamp>3272.724234</timestamp>
			</report>
			<report>
				<misses>9101001</misses>
				<total>9</total>
				<timestamp>3273.083930</timestamp>
			</report>
			<report>
				<misses>9102001</misses>
				<total>9</total>
				<timestamp>3273.443510</timestamp>
			</report>
			<report>
				<misses>9103001</misses>
				<total>9</total>
				<timestamp>3273.803122</timestamp>
			</report>
			<report>
				<misses>9104001</misses>
				<total>9</total>
				<timestamp>3274.162779</timestamp>
			</report>
			<report>
				<misses>9105001</misses>
				<total>9</total>
				<timestamp>3274.522464</timestamp>
			</report>
			<report>
				<misses>9106001</misses>
				<total>9</total>
				<timestamp>3274.882024</timestamp>
			</report>
			<report>
				<misses>9107001</misses>
				<total>9</total>
				<timestamp>3275.241751</timestamp>
			</report>
			<report>
				<misses>9108001</misses>
				<total>9</total>
				<timestamp>3275.601306</timestamp>
			</report>
			<report>
				<misses>9109001</misses>
				<total>9</total>
				<timestamp>3275.960982</timestamp>
			</report>
			<report>
				<misses>9110001</misses>
				<total>9</total>
				<timestamp>3276.320570</timestamp>
			</report>
			<report>
				<misses>9111001</misses>
				<total>9</total>
				<timestamp>3276.680224</timestamp>
			</report>
			<report>
				<misses>9112001</misses>
				<total>9</total>
				<timestamp>3277.039863</timestamp>
			</report>
			<report>
				<misses>9113001</misses>
				<total>9</total>
				<timestamp>3277.399614</timestamp>
			</report>
			<report>
				<misses>9114001</misses>
				<total>9</total>
				<timestamp>3277.759141</timestamp>
			</report>
			<report>
				<misses>9115001</misses>
				<total>9</total>
				<timestamp>3278.118865</timestamp>
			</report>
			<report>
				<misses>9116001</misses>
				<total>9</total>
				<timestamp>3278.478419</timestamp>
			</report>
			<report>
				<misses>9117001</misses>
				<total>9</total>
				<timestamp>3278.838046</timestamp>
			</report>
			<report>
				<misses>9118001</misses>
				<total>9</total>
				<timestamp>3279.197715</timestamp>
			</report>
			<report>
				<misses>9119001</misses>
				<total>9</total>
				<timestamp>3279.557371</timestamp>
			</report>
			<report>
				<misses>9120001</misses>
				<total>9</total>
				<timestamp>3279.917020</timestamp>
			</report>
			<report>
				<misses>9121001</misses>
				<total>9</total>
				<timestamp>3280.276746</timestamp>
			</report>
			<report>
				<misses>9122001</misses>
				<total>9</total>
				<timestamp>3280.636249</timestamp>
			</report>
			<report>
				<misses>9123001</misses>
				<total>9</total>
				<timestamp>3280.995914</timestamp>
			</report>
			<report>
				<misses>9124001</misses>
				<total>9</total>
				<timestamp>3281.355586</timestamp>
			</report>
			<report>
				<misses>9125001</misses>
				<total>9</total>
				<timestamp>3281.715202</timestamp>
			</report>
			<report>
				<misses>9126001</misses>
				<total>9</total>
				<timestamp>3282.074846</timestamp>
			</report>
			<report>
				<misses>9127001</misses>
				<total>9</total>
				<timestamp>3282.434508</timestamp>
			</report>
			<report>
				<misses>9128001</misses>
				<total>9</total>
				<timestamp>3282.794183</timestamp>
			</report>
			<report>
				<misses>9129001</misses>
				<total>9</total>
				<timestamp>3283.153771</timestamp>
			</report>
			<report>
				<misses>9130001</misses>
				<total>9</total>
				<timestamp>3283.513454</timestamp>
			</report>
			<report>
				<misses>9131001</misses>
				<total>9</total>
				<timestamp>3283.873027</timestamp>
			</report>
			<report>
				<misses>9132001</misses>
				<total>9</total>
				<timestamp>3284.232692</timestamp>
			</report>
			<report>
				<misses>9133001</misses>
				<total>9</total>
				<timestamp>3284.592314</timestamp>
			</report>
			<report>
				<misses>9134001</misses>
				<total>9</total>
				<timestamp>3284.951957</timestamp>
			</report>
			<report>
				<misses>9135001</misses>
				<total>9</total>
				<timestamp>3285.311573</timestamp>
			</report>
			<report>
				<misses>9136001</misses>
				<total>9</total>
				<timestamp>3285.671246</timestamp>
			</report>
			<report>
				<misses>9137001</misses>
				<total>9</total>
				<timestamp>3286.030847</timestamp>
			</report>
			<report>
				<misses>9138001</misses>
				<total>9</total>
				<timestamp>3286.390486</timestamp>
			</report>
			<report>
				<misses>9139001</misses>
				<total>9</total>
				<timestamp>3286.750152</timestamp>
			</report>
			<report>
				<misses>9140001</misses>
				<total>9</total>
				<timestamp>3287.109765</timestamp>
			</report>
			<report>
				<misses>9141001</misses>
				<total>9</total>
				<timestamp>3287.469515</timestamp>
			</report>
			<report>
				<misses>9142001</misses>
				<total>9</total>
				<timestamp>3287.829055</timestamp>
			</report>
			<report>
				<misses>9143001</misses>
				<total>9</total>
				<timestamp>3288.188748</timestamp>
			</report>
			<report>
				<misses>9144001</misses>
				<total>9</total>
				<timestamp>3288.548380</timestamp>
			</report>
			<report>
				<misses>9145001</misses>
				<total>9</total>
				<timestamp>3288.907978</timestamp>
			</report>
			<report>
				<misses>9146001</misses>
				<total>9</total>
				<timestamp>3289.267632</timestamp>
			</report>
			<report>
				<misses>9147001</misses>
				<total>9</total>
				<timestamp>3289.627319</timestamp>
			</report>
			<report>
				<misses>9148001</misses>
				<total>9</total>
				<timestamp>3289.986899</timestamp>
			</report>
			<report>
				<misses>9149001</misses>
				<total>9</total>
				<timestamp>3290.346526</timestamp>
			</report>
			<report>
				<misses>9150001</misses>
				<total>9</total>
				<timestamp>3290.706225</timestamp>
			</report>
			<report>
				<misses>9151001</misses>
				<total>9</total>
				<timestamp>3291.065826</timestamp>
			</report>
			<report>
				<misses>9152001</misses>
				<total>9</total>
				<timestamp>3291.425462</timestamp>
			</report>
			<report>
				<misses>9153001</misses>
				<total>9</total>
				<timestamp>3291.785138</timestamp>
			</report>
			<report>
				<misses>9154001</misses>
				<total>9</total>
				<timestamp>3292.144790</timestamp>
			</report>
			<report>
				<misses>9155001</misses>
				<total>9</total>
				<timestamp>3292.504364</timestamp>
			</report>
			<report>
				<misses>9156001</misses>
				<total>9</total>
				<timestamp>3292.864106</timestamp>
			</report>
			<report>
				<misses>9157001</misses>
				<total>9</total>
				<timestamp>3293.223670</timestamp>
			</report>
			<report>
				<misses>9158001</misses>
				<total>9</total>
				<timestamp>3293.583311</timestamp>
			</report>
			<report>
				<misses>9159001</misses>
				<total>9</total>
				<timestamp>3293.942958</timestamp>
			</report>
			<report>
				<misses>9160001</misses>
				<total>9</total>
				<timestamp>3294.302581</timestamp>
			</report>
			<report>
				<misses>9161001</misses>
				<total>9</total>
				<timestamp>3294.662238</timestamp>
			</report>
			<report>
				<misses>9162001</misses>
				<total>9</total>
				<timestamp>3295.021873</timestamp>
			</report>
			<report>
				<misses>9163001</misses>
				<total>9</total>
				<timestamp>3295.381553</timestamp>
			</report>
			<report>
				<misses>9164001</misses>
				<total>9</total>
				<timestamp>3295.741166</timestamp>
			</report>
			<report>
				<misses>9165001</misses>
				<total>9</total>
				<timestamp>3296.100778</timestamp>
			</report>
			<report>
				<misses>9166001</misses>
				<total>9</total>
				<timestamp>3296.460441</timestamp>
			</report>
			<report>
				<misses>9167001</misses>
				<total>9</total>
				<timestamp>3296.820052</timestamp>
			</report>
			<report>
				<misses>9168001</misses>
				<total>9</total>
				<timestamp>3297.179794</timestamp>
			</report>
			<report>
				<misses>9169001</misses>
				<total>9</total>
				<timestamp>3297.539350</timestamp>
			</report>
			<report>
				<misses>9170001</misses>
				<total>9</total>
				<timestamp>3297.899002</timestamp>
			</report>
			<report>
				<misses>9171001</misses>
				<total>9</total>
				<timestamp>3298.258626</timestamp>
			</report>
			<report>
				<misses>9172001</misses>
				<total>9</total>
				<timestamp>3298.618326</timestamp>
			</report>
			<report>
				<misses>9173001</misses>
				<total>9</total>
				<timestamp>3298.977879</timestamp>
			</report>
			<report>
				<misses>9174001</misses>
				<total>9</total>
				<timestamp>3299.337573</timestamp>
			</report>
			<report>
				<misses>9175001</misses>
				<total>9</total>
				<timestamp>3299.697215</timestamp>
			</report>
			<report>
				<misses>9176001</misses>
				<total>9</total>
				<timestamp>3300.056834</timestamp>
			</report>
			<report>
				<misses>9177001</misses>
				<total>9</total>
				<timestamp>3300.416532</timestamp>
			</report>
			<report>
				<misses>9178001</misses>
				<total>9</total>
				<timestamp>3300.776181</timestamp>
			</report>
			<report>
				<misses>9179001</misses>
				<total>9</total>
				<timestamp>3301.135769</timestamp>
			</report>
			<report>
				<misses>9180001</misses>
				<total>9</total>
				<timestamp>3301.495453</timestamp>
			</report>
			<report>
				<misses>9181001</misses>
				<total>9</total>
				<timestamp>3301.855066</timestamp>
			</report>
			<report>
				<misses>9182001</misses>
				<total>9</total>
				<timestamp>3302.214733</timestamp>
			</report>
			<report>
				<misses>9183001</misses>
				<total>9</total>
				<timestamp>3302.574317</timestamp>
			</report>
			<report>
				<misses>9184001</misses>
				<total>9</total>
				<timestamp>3302.934016</timestamp>
			</report>
			<report>
				<misses>9185001</misses>
				<total>9</total>
				<timestamp>3303.293665</timestamp>
			</report>
			<report>
				<misses>9186001</misses>
				<total>9</total>
				<timestamp>3303.653245</timestamp>
			</report>
			<report>
				<misses>9187001</misses>
				<total>9</total>
				<timestamp>3304.012882</timestamp>
			</report>
			<report>
				<misses>9188001</misses>
				<total>9</total>
				<timestamp>3304.372506</timestamp>
			</report>
			<report>
				<misses>9189001</misses>
				<total>9</total>
				<timestamp>3304.732168</timestamp>
			</report>
			<report>
				<misses>9190001</misses>
				<total>9</total>
				<timestamp>3305.091805</timestamp>
			</report>
			<report>
				<misses>9191001</misses>
				<total>9</total>
				<timestamp>3305.451411</timestamp>
			</report>
			<report>
				<misses>9192001</misses>
				<total>9</total>
				<timestamp>3305.811087</timestamp>
			</report>
			<report>
				<misses>9193001</misses>
				<total>9</total>
				<timestamp>3306.170710</timestamp>
			</report>
			<report>
				<misses>9194001</misses>
				<total>9</total>
				<timestamp>3306.530397</timestamp>
			</report>
			<report>
				<misses>9195001</misses>
				<total>9</total>
				<timestamp>3306.890085</timestamp>
			</report>
			<report>
				<misses>9196001</misses>
				<total>9</total>
				<timestamp>3307.249670</timestamp>
			</report>
			<report>
				<misses>9197001</misses>
				<total>9</total>
				<timestamp>3307.609341</timestamp>
			</report>
			<report>
				<misses>9198001</misses>
				<total>9</total>
				<timestamp>3307.968946</timestamp>
			</report>
			<report>
				<misses>9199001</misses>
				<total>9</total>
				<timestamp>3308.328594</timestamp>
			</report>
			<report>
				<misses>9200001</misses>
				<total>9</total>
				<timestamp>3308.688187</timestamp>
			</report>
			<report>
				<misses>9201001</misses>
				<total>9</total>
				<timestamp>3309.047807</timestamp>
			</report>
			<report>
				<misses>9202001</misses>
				<total>9</total>
				<timestamp>3309.407509</timestamp>
			</report>
			<report>
				<misses>9203001</misses>
				<total>9</total>
				<timestamp>3309.767114</timestamp>
			</report>
			<report>
				<misses>9204001</misses>
				<total>9</total>
				<timestamp>3310.126817</timestamp>
			</report>
			<report>
				<misses>9205001</misses>
				<total>9</total>
				<timestamp>3310.486382</timestamp>
			</report>
			<report>
				<misses>9206001</misses>
				<total>9</total>
				<timestamp>3310.846067</timestamp>
			</report>
			<report>
				<misses>9207001</misses>
				<total>9</total>
				<timestamp>3311.205706</timestamp>
			</report>
			<report>
				<misses>9208001</misses>
				<total>9</total>
				<timestamp>3311.565327</timestamp>
			</report>
			<report>
				<misses>9209001</misses>
				<total>9</total>
				<timestamp>3311.924938</timestamp>
			</report>
			<report>
				<misses>9210001</misses>
				<total>9</total>
				<timestamp>3312.284581</timestamp>
			</report>
			<report>
				<misses>9211001</misses>
				<total>9</total>
				<timestamp>3312.644312</timestamp>
			</report>
			<report>
				<misses>9212001</misses>
				<total>9</total>
				<timestamp>3313.003871</timestamp>
			</report>
			<report>
				<misses>9213001</misses>
				<total>9</total>
				<timestamp>3313.363540</timestamp>
			</report>
			<report>
				<misses>9214001</misses>
				<total>9</total>
				<timestamp>3313.723197</timestamp>
			</report>
			<report>
				<misses>9215001</misses>
				<total>9</total>
				<timestamp>3314.082812</timestamp>
			</report>
			<report>
				<misses>9216001</misses>
				<total>9</total>
				<timestamp>3314.442518</timestamp>
			</report>
			<report>
				<misses>9217001</misses>
				<total>9</total>
				<timestamp>3314.802069</timestamp>
			</report>
			<report>
				<misses>9218001</misses>
				<total>9</total>
				<timestamp>3315.161685</timestamp>
			</report>
			<report>
				<misses>9219001</misses>
				<total>9</total>
				<timestamp>3315.521374</timestamp>
			</report>
			<report>
				<misses>9220001</misses>
				<total>9</total>
				<timestamp>3315.881046</timestamp>
			</report>
			<report>
				<misses>9221001</misses>
				<total>9</total>
				<timestamp>3316.240634</timestamp>
			</report>
			<report>
				<misses>9222001</misses>
				<total>9</total>
				<timestamp>3316.600370</timestamp>
			</report>
			<report>
				<misses>9223001</misses>
				<total>9</total>
				<timestamp>3316.959907</timestamp>
			</report>
			<report>
				<misses>9224001</misses>
				<total>9</total>
				<timestamp>3317.319607</timestamp>
			</report>
			<report>
				<misses>9225001</misses>
				<total>9</total>
				<timestamp>3317.679201</timestamp>
			</report>
			<report>
				<misses>9226001</misses>
				<total>9</total>
				<timestamp>3318.038827</timestamp>
			</report>
			<report>
				<misses>9227001</misses>
				<total>9</total>
				<timestamp>3318.398450</timestamp>
			</report>
			<report>
				<misses>9228001</misses>
				<total>9</total>
				<timestamp>3318.758122</timestamp>
			</report>
			<report>
				<misses>9229001</misses>
				<total>9</total>
				<timestamp>3319.117780</timestamp>
			</report>
			<report>
				<misses>9230001</misses>
				<total>9</total>
				<timestamp>3319.477396</timestamp>
			</report>
			<report>
				<misses>9231001</misses>
				<total>9</total>
				<timestamp>3319.837001</timestamp>
			</report>
			<report>
				<misses>9232001</misses>
				<total>9</total>
				<timestamp>3320.196633</timestamp>
			</report>
			<report>
				<misses>9233001</misses>
				<total>9</total>
				<timestamp>3320.556292</timestamp>
			</report>
			<report>
				<misses>9234001</misses>
				<total>9</total>
				<timestamp>3320.915970</timestamp>
			</report>
			<report>
				<misses>9235001</misses>
				<total>9</total>
				<timestamp>3321.275596</timestamp>
			</report>
			<report>
				<misses>9236001</misses>
				<total>9</total>
				<timestamp>3321.635240</timestamp>
			</report>
			<report>
				<misses>9237001</misses>
				<total>9</total>
				<timestamp>3321.994866</timestamp>
			</report>
			<report>
				<misses>9238001</misses>
				<total>9</total>
				<timestamp>3322.354511</timestamp>
			</report>
			<report>
				<misses>9239001</misses>
				<total>9</total>
				<timestamp>3322.714143</timestamp>
			</report>
			<report>
				<misses>9240001</misses>
				<total>9</total>
				<timestamp>3323.073829</timestamp>
			</report>
			<report>
				<misses>9241001</misses>
				<total>9</total>
				<timestamp>3323.433407</timestamp>
			</report>
			<report>
				<misses>9242001</misses>
				<total>9</total>
				<timestamp>3323.793133</timestamp>
			</report>
			<report>
				<misses>9243001</misses>
				<total>9</total>
				<timestamp>3324.152776</timestamp>
			</report>
			<report>
				<misses>9244001</misses>
				<total>9</total>
				<timestamp>3324.512319</timestamp>
			</report>
			<report>
				<misses>9245001</misses>
				<total>9</total>
				<timestamp>3324.871989</timestamp>
			</report>
			<report>
				<misses>9246001</misses>
				<total>9</total>
				<timestamp>3325.231671</timestamp>
			</report>
			<report>
				<misses>9247001</misses>
				<total>9</total>
				<timestamp>3325.591273</timestamp>
			</report>
			<report>
				<misses>9248001</misses>
				<total>9</total>
				<timestamp>3325.950897</timestamp>
			</report>
			<report>
				<misses>9249001</misses>
				<total>9</total>
				<timestamp>3326.310592</timestamp>
			</report>
			<report>
				<misses>9250001</misses>
				<total>9</total>
				<timestamp>3326.670244</timestamp>
			</report>
			<report>
				<misses>9251001</misses>
				<total>9</total>
				<timestamp>3327.029856</timestamp>
			</report>
			<report>
				<misses>9252001</misses>
				<total>9</total>
				<timestamp>3327.389514</timestamp>
			</report>
			<report>
				<misses>9253001</misses>
				<total>9</total>
				<timestamp>3327.749146</timestamp>
			</report>
			<report>
				<misses>9254001</misses>
				<total>9</total>
				<timestamp>3328.108749</timestamp>
			</report>
			<report>
				<misses>9255001</misses>
				<total>9</total>
				<timestamp>3328.468393</timestamp>
			</report>
			<report>
				<misses>9256001</misses>
				<total>9</total>
				<timestamp>3328.828081</timestamp>
			</report>
			<report>
				<misses>9257001</misses>
				<total>9</total>
				<timestamp>3329.187744</timestamp>
			</report>
			<report>
				<misses>9258001</misses>
				<total>9</total>
				<timestamp>3329.547292</timestamp>
			</report>
			<report>
				<misses>9259001</misses>
				<total>9</total>
				<timestamp>3329.906995</timestamp>
			</report>
			<report>
				<misses>9260001</misses>
				<total>9</total>
				<timestamp>3330.266624</timestamp>
			</report>
			<report>
				<misses>9261001</misses>
				<total>9</total>
				<timestamp>3330.626230</timestamp>
			</report>
			<report>
				<misses>9262001</misses>
				<total>9</total>
				<timestamp>3330.985921</timestamp>
			</report>
			<report>
				<misses>9263001</misses>
				<total>9</total>
				<timestamp>3331.345506</timestamp>
			</report>
			<report>
				<misses>9264001</misses>
				<total>9</total>
				<timestamp>3331.705181</timestamp>
			</report>
			<report>
				<misses>9265001</misses>
				<total>9</total>
				<timestamp>3332.064805</timestamp>
			</report>
			<report>
				<misses>9266001</misses>
				<total>9</total>
				<timestamp>3332.424497</timestamp>
			</report>
			<report>
				<misses>9267001</misses>
				<total>9</total>
				<timestamp>3332.784080</timestamp>
			</report>
			<report>
				<misses>9268001</misses>
				<total>9</total>
				<timestamp>3333.143736</timestamp>
			</report>
			<report>
				<misses>9269001</misses>
				<total>9</total>
				<timestamp>3333.503375</timestamp>
			</report>
			<report>
				<misses>9270001</misses>
				<total>9</total>
				<timestamp>3333.863061</timestamp>
			</report>
			<report>
				<misses>9271001</misses>
				<total>9</total>
				<timestamp>3334.222659</timestamp>
			</report>
			<report>
				<misses>9272001</misses>
				<total>9</total>
				<timestamp>3334.582267</timestamp>
			</report>
			<report>
				<misses>9273001</misses>
				<total>9</total>
				<timestamp>3334.941909</timestamp>
			</report>
			<report>
				<misses>9274001</misses>
				<total>9</total>
				<timestamp>3335.301555</timestamp>
			</report>
			<report>
				<misses>9275001</misses>
				<total>9</total>
				<timestamp>3335.661252</timestamp>
			</report>
			<report>
				<misses>9276001</misses>
				<total>9</total>
				<timestamp>3336.020860</timestamp>
			</report>
			<report>
				<misses>9277001</misses>
				<total>9</total>
				<timestamp>3336.380466</timestamp>
			</report>
			<report>
				<misses>9278001</misses>
				<total>9</total>
				<timestamp>3336.740156</timestamp>
			</report>
			<report>
				<misses>9279001</misses>
				<total>9</total>
				<timestamp>3337.099810</timestamp>
			</report>
			<report>
				<misses>9280001</misses>
				<total>9</total>
				<timestamp>3337.459386</timestamp>
			</report>
			<report>
				<misses>9281001</misses>
				<total>9</total>
				<timestamp>3337.819042</timestamp>
			</report>
			<report>
				<misses>9282001</misses>
				<total>9</total>
				<timestamp>3338.178670</timestamp>
			</report>
			<report>
				<misses>9283001</misses>
				<total>9</total>
				<timestamp>3338.538308</timestamp>
			</report>
			<report>
				<misses>9284001</misses>
				<total>9</total>
				<timestamp>3338.898000</timestamp>
			</report>
			<report>
				<misses>9285001</misses>
				<total>9</total>
				<timestamp>3339.257578</timestamp>
			</report>
			<report>
				<misses>9286001</misses>
				<total>9</total>
				<timestamp>3339.617314</timestamp>
			</report>
			<report>
				<misses>9287001</misses>
				<total>9</total>
				<timestamp>3339.976855</timestamp>
			</report>
			<report>
				<misses>9288001</misses>
				<total>9</total>
				<timestamp>3340.336507</timestamp>
			</report>
			<report>
				<misses>9289001</misses>
				<total>9</total>
				<timestamp>3340.696148</timestamp>
			</report>
			<report>
				<misses>9290001</misses>
				<total>9</total>
				<timestamp>3341.055766</timestamp>
			</report>
			<report>
				<misses>9291001</misses>
				<total>9</total>
				<timestamp>3341.415428</timestamp>
			</report>
			<report>
				<misses>9292001</misses>
				<total>9</total>
				<timestamp>3341.775158</timestamp>
			</report>
			<report>
				<misses>9293001</misses>
				<total>9</total>
				<timestamp>3342.134735</timestamp>
			</report>
			<report>
				<misses>9294001</misses>
				<total>9</total>
				<timestamp>3342.494363</timestamp>
			</report>
			<report>
				<misses>9295001</misses>
				<total>9</total>
				<timestamp>3342.854024</timestamp>
			</report>
			<report>
				<misses>9296001</misses>
				<total>9</total>
				<timestamp>3343.213616</timestamp>
			</report>
			<report>
				<misses>9297001</misses>
				<total>9</total>
				<timestamp>3343.573259</timestamp>
			</report>
			<report>
				<misses>9298001</misses>
				<total>9</total>
				<timestamp>3343.932929</timestamp>
			</report>
			<report>
				<misses>9299001</misses>
				<total>9</total>
				<timestamp>3344.292585</timestamp>
			</report>
			<report>
				<misses>9300001</misses>
				<total>9</total>
				<timestamp>3344.652171</timestamp>
			</report>
			<report>
				<misses>9301001</misses>
				<total>9</total>
				<timestamp>3345.011848</timestamp>
			</report>
			<report>
				<misses>9302001</misses>
				<total>9</total>
				<timestamp>3345.371455</timestamp>
			</report>
			<report>
				<misses>9303001</misses>
				<total>9</total>
				<timestamp>3345.731104</timestamp>
			</report>
			<report>
				<misses>9304001</misses>
				<total>9</total>
				<timestamp>3346.090772</timestamp>
			</report>
			<report>
				<misses>9305001</misses>
				<total>9</total>
				<timestamp>3346.450426</timestamp>
			</report>
			<report>
				<misses>9306001</misses>
				<total>9</total>
				<timestamp>3346.809999</timestamp>
			</report>
			<report>
				<misses>9307001</misses>
				<total>9</total>
				<timestamp>3347.169692</timestamp>
			</report>
			<report>
				<misses>9308001</misses>
				<total>9</total>
				<timestamp>3347.529292</timestamp>
			</report>
			<report>
				<misses>9309001</misses>
				<total>9</total>
				<timestamp>3347.888981</timestamp>
			</report>
			<report>
				<misses>9310001</misses>
				<total>9</total>
				<timestamp>3348.248656</timestamp>
			</report>
			<report>
				<misses>9311001</misses>
				<total>9</total>
				<timestamp>3348.608224</timestamp>
			</report>
			<report>
				<misses>9312001</misses>
				<total>9</total>
				<timestamp>3348.967883</timestamp>
			</report>
			<report>
				<misses>9313001</misses>
				<total>9</total>
				<timestamp>3349.327604</timestamp>
			</report>
			<report>
				<misses>9314001</misses>
				<total>9</total>
				<timestamp>3349.687210</timestamp>
			</report>
			<report>
				<misses>9315001</misses>
				<total>9</total>
				<timestamp>3350.046821</timestamp>
			</report>
			<report>
				<misses>9316001</misses>
				<total>9</total>
				<timestamp>3350.406490</timestamp>
			</report>
			<report>
				<misses>9317001</misses>
				<total>9</total>
				<timestamp>3350.766098</timestamp>
			</report>
			<report>
				<misses>9318001</misses>
				<total>9</total>
				<timestamp>3351.125703</timestamp>
			</report>
			<report>
				<misses>9319001</misses>
				<total>9</total>
				<timestamp>3351.485352</timestamp>
			</report>
			<report>
				<misses>9320001</misses>
				<total>9</total>
				<timestamp>3351.845018</timestamp>
			</report>
			<report>
				<misses>9321001</misses>
				<total>9</total>
				<timestamp>3352.204609</timestamp>
			</report>
			<report>
				<misses>9322001</misses>
				<total>9</total>
				<timestamp>3352.564359</timestamp>
			</report>
			<report>
				<misses>9323001</misses>
				<total>9</total>
				<timestamp>3352.923950</timestamp>
			</report>
			<report>
				<misses>9324001</misses>
				<total>9</total>
				<timestamp>3353.283541</timestamp>
			</report>
			<report>
				<misses>9325001</misses>
				<total>9</total>
				<timestamp>3353.643229</timestamp>
			</report>
			<report>
				<misses>9326001</misses>
				<total>9</total>
				<timestamp>3354.002836</timestamp>
			</report>
			<report>
				<misses>9327001</misses>
				<total>9</total>
				<timestamp>3354.362489</timestamp>
			</report>
			<report>
				<misses>9328001</misses>
				<total>9</total>
				<timestamp>3354.722091</timestamp>
			</report>
			<report>
				<misses>9329001</misses>
				<total>9</total>
				<timestamp>3355.081751</timestamp>
			</report>
			<report>
				<misses>9330001</misses>
				<total>9</total>
				<timestamp>3355.441402</timestamp>
			</report>
			<report>
				<misses>9331001</misses>
				<total>9</total>
				<timestamp>3355.801038</timestamp>
			</report>
			<report>
				<misses>9332001</misses>
				<total>9</total>
				<timestamp>3356.160661</timestamp>
			</report>
			<report>
				<misses>9333001</misses>
				<total>9</total>
				<timestamp>3356.520324</timestamp>
			</report>
			<report>
				<misses>9334001</misses>
				<total>9</total>
				<timestamp>3356.879958</timestamp>
			</report>
			<report>
				<misses>9335001</misses>
				<total>9</total>
				<timestamp>3357.239570</timestamp>
			</report>
			<report>
				<misses>9336001</misses>
				<total>9</total>
				<timestamp>3357.599313</timestamp>
			</report>
			<report>
				<misses>9337001</misses>
				<total>9</total>
				<timestamp>3357.958927</timestamp>
			</report>
			<report>
				<misses>9338001</misses>
				<total>9</total>
				<timestamp>3358.318503</timestamp>
			</report>
			<report>
				<misses>9339001</misses>
				<total>9</total>
				<timestamp>3358.678145</timestamp>
			</report>
			<report>
				<misses>9340001</misses>
				<total>9</total>
				<timestamp>3359.037774</timestamp>
			</report>
			<report>
				<misses>9341001</misses>
				<total>9</total>
				<timestamp>3359.397426</timestamp>
			</report>
			<report>
				<misses>9342001</misses>
				<total>9</total>
				<timestamp>3359.757084</timestamp>
			</report>
			<report>
				<misses>9343001</misses>
				<total>9</total>
				<timestamp>3360.116715</timestamp>
			</report>
			<report>
				<misses>9344001</misses>
				<total>9</total>
				<timestamp>3360.476377</timestamp>
			</report>
			<report>
				<misses>9345001</misses>
				<total>9</total>
				<timestamp>3360.836026</timestamp>
			</report>
			<report>
				<misses>9346001</misses>
				<total>9</total>
				<timestamp>3361.195616</timestamp>
			</report>
			<report>
				<misses>9347001</misses>
				<total>9</total>
				<timestamp>3361.555292</timestamp>
			</report>
			<report>
				<misses>9348001</misses>
				<total>9</total>
				<timestamp>3361.914899</timestamp>
			</report>
			<report>
				<misses>9349001</misses>
				<total>9</total>
				<timestamp>3362.274596</timestamp>
			</report>
			<report>
				<misses>9350001</misses>
				<total>9</total>
				<timestamp>3362.634168</timestamp>
			</report>
			<report>
				<misses>9351001</misses>
				<total>9</total>
				<timestamp>3362.993848</timestamp>
			</report>
			<report>
				<misses>9352001</misses>
				<total>9</total>
				<timestamp>3363.353522</timestamp>
			</report>
			<report>
				<misses>9353001</misses>
				<total>9</total>
				<timestamp>3363.713098</timestamp>
			</report>
			<report>
				<misses>9354001</misses>
				<total>9</total>
				<timestamp>3364.072750</timestamp>
			</report>
			<report>
				<misses>9355001</misses>
				<total>9</total>
				<timestamp>3364.432367</timestamp>
			</report>
			<report>
				<misses>9356001</misses>
				<total>9</total>
				<timestamp>3364.792042</timestamp>
			</report>
			<report>
				<misses>9357001</misses>
				<total>9</total>
				<timestamp>3365.151671</timestamp>
			</report>
			<report>
				<misses>9358001</misses>
				<total>9</total>
				<timestamp>3365.511306</timestamp>
			</report>
			<report>
				<misses>9359001</misses>
				<total>9</total>
				<timestamp>3365.870930</timestamp>
			</report>
			<report>
				<misses>9360001</misses>
				<total>9</total>
				<timestamp>3366.230608</timestamp>
			</report>
			<report>
				<misses>9361001</misses>
				<total>9</total>
				<timestamp>3366.590258</timestamp>
			</report>
			<report>
				<misses>9362001</misses>
				<total>9</total>
				<timestamp>3366.949915</timestamp>
			</report>
			<report>
				<misses>9363001</misses>
				<total>9</total>
				<timestamp>3367.309543</timestamp>
			</report>
			<report>
				<misses>9364001</misses>
				<total>9</total>
				<timestamp>3367.669156</timestamp>
			</report>
			<report>
				<misses>9365001</misses>
				<total>9</total>
				<timestamp>3368.028782</timestamp>
			</report>
			<report>
				<misses>9366001</misses>
				<total>9</total>
				<timestamp>3368.388437</timestamp>
			</report>
			<report>
				<misses>9367001</misses>
				<total>9</total>
				<timestamp>3368.748111</timestamp>
			</report>
			<report>
				<misses>9368001</misses>
				<total>9</total>
				<timestamp>3369.107749</timestamp>
			</report>
			<report>
				<misses>9369001</misses>
				<total>9</total>
				<timestamp>3369.467361</timestamp>
			</report>
			<report>
				<misses>9370001</misses>
				<total>9</total>
				<timestamp>3369.827003</timestamp>
			</report>
			<report>
				<misses>9371001</misses>
				<total>9</total>
				<timestamp>3370.186650</timestamp>
			</report>
			<report>
				<misses>9372001</misses>
				<total>9</total>
				<timestamp>3370.546291</timestamp>
			</report>
			<report>
				<misses>9373001</misses>
				<total>9</total>
				<timestamp>3370.905884</timestamp>
			</report>
			<report>
				<misses>9374001</misses>
				<total>9</total>
				<timestamp>3371.265560</timestamp>
			</report>
			<report>
				<misses>9375001</misses>
				<total>9</total>
				<timestamp>3371.625187</timestamp>
			</report>
			<report>
				<misses>9376001</misses>
				<total>9</total>
				<timestamp>3371.984870</timestamp>
			</report>
			<report>
				<misses>9377001</misses>
				<total>9</total>
				<timestamp>3372.344509</timestamp>
			</report>
			<report>
				<misses>9378001</misses>
				<total>9</total>
				<timestamp>3372.704088</timestamp>
			</report>
			<report>
				<misses>9379001</misses>
				<total>9</total>
				<timestamp>3373.063743</timestamp>
			</report>
			<report>
				<misses>9380001</misses>
				<total>9</total>
				<timestamp>3373.423446</timestamp>
			</report>
			<report>
				<misses>9381001</misses>
				<total>9</total>
				<timestamp>3373.783035</timestamp>
			</report>
			<report>
				<misses>9382001</misses>
				<total>9</total>
				<timestamp>3374.142662</timestamp>
			</report>
			<report>
				<misses>9383001</misses>
				<total>9</total>
				<timestamp>3374.502292</timestamp>
			</report>
			<report>
				<misses>9384001</misses>
				<total>9</total>
				<timestamp>3374.861990</timestamp>
			</report>
			<report>
				<misses>9385001</misses>
				<total>9</total>
				<timestamp>3375.221602</timestamp>
			</report>
			<report>
				<misses>9386001</misses>
				<total>9</total>
				<timestamp>3375.581245</timestamp>
			</report>
			<report>
				<misses>9387001</misses>
				<total>9</total>
				<timestamp>3375.940875</timestamp>
			</report>
			<report>
				<misses>9388001</misses>
				<total>9</total>
				<timestamp>3376.300513</timestamp>
			</report>
			<report>
				<misses>9389001</misses>
				<total>9</total>
				<timestamp>3376.660191</timestamp>
			</report>
			<report>
				<misses>9390001</misses>
				<total>9</total>
				<timestamp>3377.019822</timestamp>
			</report>
			<report>
				<misses>9391001</misses>
				<total>9</total>
				<timestamp>3377.379440</timestamp>
			</report>
			<report>
				<misses>9392001</misses>
				<total>9</total>
				<timestamp>3377.739119</timestamp>
			</report>
			<report>
				<misses>9393001</misses>
				<total>9</total>
				<timestamp>3378.098723</timestamp>
			</report>
			<report>
				<misses>9394001</misses>
				<total>9</total>
				<timestamp>3378.458400</timestamp>
			</report>
			<report>
				<misses>9395001</misses>
				<total>9</total>
				<timestamp>3378.818036</timestamp>
			</report>
			<report>
				<misses>9396001</misses>
				<total>9</total>
				<timestamp>3379.177648</timestamp>
			</report>
			<report>
				<misses>9397001</misses>
				<total>9</total>
				<timestamp>3379.537304</timestamp>
			</report>
			<report>
				<misses>9398001</misses>
				<total>9</total>
				<timestamp>3379.896920</timestamp>
			</report>
			<report>
				<misses>9399001</misses>
				<total>9</total>
				<timestamp>3380.256594</timestamp>
			</report>
			<report>
				<misses>9400001</misses>
				<total>9</total>
				<timestamp>3380.616218</timestamp>
			</report>
			<report>
				<misses>9401001</misses>
				<total>9</total>
				<timestamp>3380.975839</timestamp>
			</report>
			<report>
				<misses>9402001</misses>
				<total>9</total>
				<timestamp>3381.335460</timestamp>
			</report>
			<report>
				<misses>9403001</misses>
				<total>9</total>
				<timestamp>3381.695117</timestamp>
			</report>
			<report>
				<misses>9404001</misses>
				<total>9</total>
				<timestamp>3382.054787</timestamp>
			</report>
			<report>
				<misses>9405001</misses>
				<total>9</total>
				<timestamp>3382.414375</timestamp>
			</report>
			<report>
				<misses>9406001</misses>
				<total>9</total>
				<timestamp>3382.774028</timestamp>
			</report>
			<report>
				<misses>9407001</misses>
				<total>9</total>
				<timestamp>3383.133658</timestamp>
			</report>
			<report>
				<misses>9408001</misses>
				<total>9</total>
				<timestamp>3383.493306</timestamp>
			</report>
			<report>
				<misses>9409001</misses>
				<total>9</total>
				<timestamp>3383.852939</timestamp>
			</report>
			<report>
				<misses>9410001</misses>
				<total>9</total>
				<timestamp>3384.212609</timestamp>
			</report>
			<report>
				<misses>9411001</misses>
				<total>9</total>
				<timestamp>3384.572311</timestamp>
			</report>
			<report>
				<misses>9412001</misses>
				<total>9</total>
				<timestamp>3384.931897</timestamp>
			</report>
			<report>
				<misses>9413001</misses>
				<total>9</total>
				<timestamp>3385.291521</timestamp>
			</report>
			<report>
				<misses>9414001</misses>
				<total>9</total>
				<timestamp>3385.651168</timestamp>
			</report>
			<report>
				<misses>9415001</misses>
				<total>9</total>
				<timestamp>3386.010795</timestamp>
			</report>
			<report>
				<misses>9416001</misses>
				<total>9</total>
				<timestamp>3386.370442</timestamp>
			</report>
			<report>
				<misses>9417001</misses>
				<total>9</total>
				<timestamp>3386.730062</timestamp>
			</report>
			<report>
				<misses>9418001</misses>
				<total>9</total>
				<timestamp>3387.089773</timestamp>
			</report>
			<report>
				<misses>9419001</misses>
				<total>9</total>
				<timestamp>3387.449415</timestamp>
			</report>
			<report>
				<misses>9420001</misses>
				<total>9</total>
				<timestamp>3387.808975</timestamp>
			</report>
			<report>
				<misses>9421001</misses>
				<total>9</total>
				<timestamp>3388.168623</timestamp>
			</report>
			<report>
				<misses>9422001</misses>
				<total>9</total>
				<timestamp>3388.528254</timestamp>
			</report>
			<report>
				<misses>9423001</misses>
				<total>9</total>
				<timestamp>3388.887903</timestamp>
			</report>
			<report>
				<misses>9424001</misses>
				<total>9</total>
				<timestamp>3389.247584</timestamp>
			</report>
			<report>
				<misses>9425001</misses>
				<total>9</total>
				<timestamp>3389.607212</timestamp>
			</report>
			<report>
				<misses>9426001</misses>
				<total>9</total>
				<timestamp>3389.966820</timestamp>
			</report>
			<report>
				<misses>9427001</misses>
				<total>9</total>
				<timestamp>3390.326465</timestamp>
			</report>
			<report>
				<misses>9428001</misses>
				<total>9</total>
				<timestamp>3390.686091</timestamp>
			</report>
			<report>
				<misses>9429001</misses>
				<total>9</total>
				<timestamp>3391.045768</timestamp>
			</report>
			<report>
				<misses>9430001</misses>
				<total>9</total>
				<timestamp>3391.405398</timestamp>
			</report>
			<report>
				<misses>9431001</misses>
				<total>9</total>
				<timestamp>3391.765064</timestamp>
			</report>
			<report>
				<misses>9432001</misses>
				<total>9</total>
				<timestamp>3392.124731</timestamp>
			</report>
			<report>
				<misses>9433001</misses>
				<total>9</total>
				<timestamp>3392.484311</timestamp>
			</report>
			<report>
				<misses>9434001</misses>
				<total>9</total>
				<timestamp>3392.843952</timestamp>
			</report>
			<report>
				<misses>9435001</misses>
				<total>9</total>
				<timestamp>3393.203586</timestamp>
			</report>
			<report>
				<misses>9436001</misses>
				<total>9</total>
				<timestamp>3393.563315</timestamp>
			</report>
			<report>
				<misses>9437001</misses>
				<total>9</total>
				<timestamp>3393.922846</timestamp>
			</report>
			<report>
				<misses>9438001</misses>
				<total>9</total>
				<timestamp>3394.282517</timestamp>
			</report>
			<report>
				<misses>9439001</misses>
				<total>9</total>
				<timestamp>3394.642119</timestamp>
			</report>
			<report>
				<misses>9440001</misses>
				<total>9</total>
				<timestamp>3395.001899</timestamp>
			</report>
			<report>
				<misses>9441001</misses>
				<total>9</total>
				<timestamp>3395.361417</timestamp>
			</report>
			<report>
				<misses>9442001</misses>
				<total>9</total>
				<timestamp>3395.721102</timestamp>
			</report>
			<report>
				<misses>9443001</misses>
				<total>9</total>
				<timestamp>3396.080723</timestamp>
			</report>
			<report>
				<misses>9444001</misses>
				<total>9</total>
				<timestamp>3396.440388</timestamp>
			</report>
			<report>
				<misses>9445001</misses>
				<total>9</total>
				<timestamp>3396.800020</timestamp>
			</report>
			<report>
				<misses>9446001</misses>
				<total>9</total>
				<timestamp>3397.159634</timestamp>
			</report>
			<report>
				<misses>9447001</misses>
				<total>9</total>
				<timestamp>3397.519305</timestamp>
			</report>
			<report>
				<misses>9448001</misses>
				<total>9</total>
				<timestamp>3397.878908</timestamp>
			</report>
			<report>
				<misses>9449001</misses>
				<total>9</total>
				<timestamp>3398.238612</timestamp>
			</report>
			<report>
				<misses>9450001</misses>
				<total>9</total>
				<timestamp>3398.598165</timestamp>
			</report>
			<report>
				<misses>9451001</misses>
				<total>9</total>
				<timestamp>3398.957823</timestamp>
			</report>
			<report>
				<misses>9452001</misses>
				<total>9</total>
				<timestamp>3399.317506</timestamp>
			</report>
			<report>
				<misses>9453001</misses>
				<total>9</total>
				<timestamp>3399.677072</timestamp>
			</report>
			<report>
				<misses>9454001</misses>
				<total>9</total>
				<timestamp>3400.036761</timestamp>
			</report>
			<report>
				<misses>9455001</misses>
				<total>9</total>
				<timestamp>3400.396418</timestamp>
			</report>
			<report>
				<misses>9456001</misses>
				<total>9</total>
				<timestamp>3400.756003</timestamp>
			</report>
			<report>
				<misses>9457001</misses>
				<total>9</total>
				<timestamp>3401.115695</timestamp>
			</report>
			<report>
				<misses>9458001</misses>
				<total>9</total>
				<timestamp>3401.475296</timestamp>
			</report>
			<report>
				<misses>9459001</misses>
				<total>9</total>
				<timestamp>3401.834917</timestamp>
			</report>
			<report>
				<misses>9460001</misses>
				<total>9</total>
				<timestamp>3402.194696</timestamp>
			</report>
			<report>
				<misses>9461001</misses>
				<total>9</total>
				<timestamp>3402.554291</timestamp>
			</report>
			<report>
				<misses>9462001</misses>
				<total>9</total>
				<timestamp>3402.913859</timestamp>
			</report>
			<report>
				<misses>9463001</misses>
				<total>9</total>
				<timestamp>3403.273504</timestamp>
			</report>
			<report>
				<misses>9464001</misses>
				<total>9</total>
				<timestamp>3403.633197</timestamp>
			</report>
			<report>
				<misses>9465001</misses>
				<total>9</total>
				<timestamp>3403.992814</timestamp>
			</report>
			<report>
				<misses>9466001</misses>
				<total>9</total>
				<timestamp>3404.352420</timestamp>
			</report>
			<report>
				<misses>9467001</misses>
				<total>9</total>
				<timestamp>3404.712090</timestamp>
			</report>
			<report>
				<misses>9468001</misses>
				<total>9</total>
				<timestamp>3405.071686</timestamp>
			</report>
			<report>
				<misses>9469001</misses>
				<total>9</total>
				<timestamp>3405.431371</timestamp>
			</report>
			<report>
				<misses>9470001</misses>
				<total>9</total>
				<timestamp>3405.791053</timestamp>
			</report>
			<report>
				<misses>9471001</misses>
				<total>9</total>
				<timestamp>3406.150712</timestamp>
			</report>
			<report>
				<misses>9472001</misses>
				<total>9</total>
				<timestamp>3406.510300</timestamp>
			</report>
			<report>
				<misses>9473001</misses>
				<total>9</total>
				<timestamp>3406.869930</timestamp>
			</report>
			<report>
				<misses>9474001</misses>
				<total>9</total>
				<timestamp>3407.229527</timestamp>
			</report>
			<report>
				<misses>9475001</misses>
				<total>9</total>
				<timestamp>3407.589214</timestamp>
			</report>
			<report>
				<misses>9476001</misses>
				<total>9</total>
				<timestamp>3407.948839</timestamp>
			</report>
			<report>
				<misses>9477001</misses>
				<total>9</total>
				<timestamp>3408.308492</timestamp>
			</report>
			<report>
				<misses>9478001</misses>
				<total>9</total>
				<timestamp>3408.668190</timestamp>
			</report>
			<report>
				<misses>9479001</misses>
				<total>9</total>
				<timestamp>3409.027751</timestamp>
			</report>
			<report>
				<misses>9480001</misses>
				<total>9</total>
				<timestamp>3409.387368</timestamp>
			</report>
			<report>
				<misses>9481001</misses>
				<total>9</total>
				<timestamp>3409.747032</timestamp>
			</report>
			<report>
				<misses>9482001</misses>
				<total>9</total>
				<timestamp>3410.106732</timestamp>
			</report>
			<report>
				<misses>9483001</misses>
				<total>9</total>
				<timestamp>3410.466297</timestamp>
			</report>
			<report>
				<misses>9484001</misses>
				<total>9</total>
				<timestamp>3410.826025</timestamp>
			</report>
			<report>
				<misses>9485001</misses>
				<total>9</total>
				<timestamp>3411.185594</timestamp>
			</report>
			<report>
				<misses>9486001</misses>
				<total>9</total>
				<timestamp>3411.545216</timestamp>
			</report>
			<report>
				<misses>9487001</misses>
				<total>9</total>
				<timestamp>3411.904867</timestamp>
			</report>
			<report>
				<misses>9488001</misses>
				<total>9</total>
				<timestamp>3412.264541</timestamp>
			</report>
			<report>
				<misses>9489001</misses>
				<total>9</total>
				<timestamp>3412.624202</timestamp>
			</report>
			<report>
				<misses>9490001</misses>
				<total>9</total>
				<timestamp>3412.983856</timestamp>
			</report>
			<report>
				<misses>9491001</misses>
				<total>9</total>
				<timestamp>3413.343418</timestamp>
			</report>
			<report>
				<misses>9492001</misses>
				<total>9</total>
				<timestamp>3413.703092</timestamp>
			</report>
			<report>
				<misses>9493001</misses>
				<total>9</total>
				<timestamp>3414.062790</timestamp>
			</report>
			<report>
				<misses>9494001</misses>
				<total>9</total>
				<timestamp>3414.422438</timestamp>
			</report>
			<report>
				<misses>9495001</misses>
				<total>9</total>
				<timestamp>3414.782024</timestamp>
			</report>
			<report>
				<misses>9496001</misses>
				<total>9</total>
				<timestamp>3415.141691</timestamp>
			</report>
			<report>
				<misses>9497001</misses>
				<total>9</total>
				<timestamp>3415.501264</timestamp>
			</report>
			<report>
				<misses>9498001</misses>
				<total>9</total>
				<timestamp>3415.860944</timestamp>
			</report>
			<report>
				<misses>9499001</misses>
				<total>9</total>
				<timestamp>3416.220564</timestamp>
			</report>
			<report>
				<misses>9500001</misses>
				<total>9</total>
				<timestamp>3416.580256</timestamp>
			</report>
			<report>
				<misses>9501001</misses>
				<total>9</total>
				<timestamp>3416.939841</timestamp>
			</report>
			<report>
				<misses>9502001</misses>
				<total>9</total>
				<timestamp>3417.299502</timestamp>
			</report>
			<report>
				<misses>9503001</misses>
				<total>9</total>
				<timestamp>3417.659130</timestamp>
			</report>
			<report>
				<misses>9504001</misses>
				<total>9</total>
				<timestamp>3418.018736</timestamp>
			</report>
			<report>
				<misses>9505001</misses>
				<total>9</total>
				<timestamp>3418.378377</timestamp>
			</report>
			<report>
				<misses>9506001</misses>
				<total>9</total>
				<timestamp>3418.738026</timestamp>
			</report>
			<report>
				<misses>9507001</misses>
				<total>9</total>
				<timestamp>3419.097647</timestamp>
			</report>
			<report>
				<misses>9508001</misses>
				<total>9</total>
				<timestamp>3419.457297</timestamp>
			</report>
			<report>
				<misses>9509001</misses>
				<total>9</total>
				<timestamp>3419.816991</timestamp>
			</report>
			<report>
				<misses>9510001</misses>
				<total>9</total>
				<timestamp>3420.176580</timestamp>
			</report>
			<report>
				<misses>9511001</misses>
				<total>9</total>
				<timestamp>3420.536272</timestamp>
			</report>
			<report>
				<misses>9512001</misses>
				<total>9</total>
				<timestamp>3420.895877</timestamp>
			</report>
			<report>
				<misses>9513001</misses>
				<total>9</total>
				<timestamp>3421.255570</timestamp>
			</report>
			<report>
				<misses>9514001</misses>
				<total>9</total>
				<timestamp>3421.615144</timestamp>
			</report>
			<report>
				<misses>9515001</misses>
				<total>9</total>
				<timestamp>3421.974777</timestamp>
			</report>
			<report>
				<misses>9516001</misses>
				<total>9</total>
				<timestamp>3422.334435</timestamp>
			</report>
			<report>
				<misses>9517001</misses>
				<total>9</total>
				<timestamp>3422.694126</timestamp>
			</report>
			<report>
				<misses>9518001</misses>
				<total>9</total>
				<timestamp>3423.053711</timestamp>
			</report>
			<report>
				<misses>9519001</misses>
				<total>9</total>
				<timestamp>3423.413335</timestamp>
			</report>
			<report>
				<misses>9520001</misses>
				<total>9</total>
				<timestamp>3423.773050</timestamp>
			</report>
			<report>
				<misses>9521001</misses>
				<total>9</total>
				<timestamp>3424.132633</timestamp>
			</report>
			<report>
				<misses>9522001</misses>
				<total>9</total>
				<timestamp>3424.492316</timestamp>
			</report>
			<report>
				<misses>9523001</misses>
				<total>9</total>
				<timestamp>3424.851941</timestamp>
			</report>
			<report>
				<misses>9524001</misses>
				<total>9</total>
				<timestamp>3425.211622</timestamp>
			</report>
			<report>
				<misses>9525001</misses>
				<total>9</total>
				<timestamp>3425.571179</timestamp>
			</report>
			<report>
				<misses>9526001</misses>
				<total>9</total>
				<timestamp>3425.930853</timestamp>
			</report>
			<report>
				<misses>9527001</misses>
				<total>9</total>
				<timestamp>3426.290493</timestamp>
			</report>
			<report>
				<misses>9528001</misses>
				<total>9</total>
				<timestamp>3426.650109</timestamp>
			</report>
			<report>
				<misses>9529001</misses>
				<total>9</total>
				<timestamp>3427.009749</timestamp>
			</report>
			<report>
				<misses>9530001</misses>
				<total>9</total>
				<timestamp>3427.369375</timestamp>
			</report>
			<report>
				<misses>9531001</misses>
				<total>9</total>
				<timestamp>3427.729059</timestamp>
			</report>
			<report>
				<misses>9532001</misses>
				<total>9</total>
				<timestamp>3428.088649</timestamp>
			</report>
			<report>
				<misses>9533001</misses>
				<total>9</total>
				<timestamp>3428.448396</timestamp>
			</report>
			<report>
				<misses>9534001</misses>
				<total>9</total>
				<timestamp>3428.807953</timestamp>
			</report>
			<report>
				<misses>9535001</misses>
				<total>9</total>
				<timestamp>3429.167616</timestamp>
			</report>
			<report>
				<misses>9536001</misses>
				<total>9</total>
				<timestamp>3429.527228</timestamp>
			</report>
			<report>
				<misses>9537001</misses>
				<total>9</total>
				<timestamp>3429.886862</timestamp>
			</report>
			<report>
				<misses>9538001</misses>
				<total>9</total>
				<timestamp>3430.246510</timestamp>
			</report>
			<report>
				<misses>9539001</misses>
				<total>9</total>
				<timestamp>3430.606198</timestamp>
			</report>
			<report>
				<misses>9540001</misses>
				<total>9</total>
				<timestamp>3430.965869</timestamp>
			</report>
			<report>
				<misses>9541001</misses>
				<total>9</total>
				<timestamp>3431.325457</timestamp>
			</report>
			<report>
				<misses>9542001</misses>
				<total>9</total>
				<timestamp>3431.685048</timestamp>
			</report>
			<report>
				<misses>9543001</misses>
				<total>9</total>
				<timestamp>3432.044688</timestamp>
			</report>
			<report>
				<misses>9544001</misses>
				<total>9</total>
				<timestamp>3432.404440</timestamp>
			</report>
			<report>
				<misses>9545001</misses>
				<total>9</total>
				<timestamp>3432.764072</timestamp>
			</report>
			<report>
				<misses>9546001</misses>
				<total>9</total>
				<timestamp>3433.123641</timestamp>
			</report>
			<report>
				<misses>9547001</misses>
				<total>9</total>
				<timestamp>3433.483266</timestamp>
			</report>
			<report>
				<misses>9548001</misses>
				<total>9</total>
				<timestamp>3433.842956</timestamp>
			</report>
			<report>
				<misses>9549001</misses>
				<total>9</total>
				<timestamp>3434.202616</timestamp>
			</report>
			<report>
				<misses>9550001</misses>
				<total>9</total>
				<timestamp>3434.562208</timestamp>
			</report>
			<report>
				<misses>9551001</misses>
				<total>9</total>
				<timestamp>3434.921850</timestamp>
			</report>
			<report>
				<misses>9552001</misses>
				<total>9</total>
				<timestamp>3435.281487</timestamp>
			</report>
			<report>
				<misses>9553001</misses>
				<total>9</total>
				<timestamp>3435.641144</timestamp>
			</report>
			<report>
				<misses>9554001</misses>
				<total>9</total>
				<timestamp>3436.000770</timestamp>
			</report>
			<report>
				<misses>9555001</misses>
				<total>9</total>
				<timestamp>3436.360443</timestamp>
			</report>
			<report>
				<misses>9556001</misses>
				<total>9</total>
				<timestamp>3436.720062</timestamp>
			</report>
			<report>
				<misses>9557001</misses>
				<total>9</total>
				<timestamp>3437.079684</timestamp>
			</report>
			<report>
				<misses>9558001</misses>
				<total>9</total>
				<timestamp>3437.439351</timestamp>
			</report>
			<report>
				<misses>9559001</misses>
				<total>9</total>
				<timestamp>3437.798935</timestamp>
			</report>
			<report>
				<misses>9560001</misses>
				<total>9</total>
				<timestamp>3438.158603</timestamp>
			</report>
			<report>
				<misses>9561001</misses>
				<total>9</total>
				<timestamp>3438.518308</timestamp>
			</report>
			<report>
				<misses>9562001</misses>
				<total>9</total>
				<timestamp>3438.877866</timestamp>
			</report>
			<report>
				<misses>9563001</misses>
				<total>9</total>
				<timestamp>3439.237519</timestamp>
			</report>
			<report>
				<misses>9564001</misses>
				<total>9</total>
				<timestamp>3439.597228</timestamp>
			</report>
			<report>
				<misses>9565001</misses>
				<total>9</total>
				<timestamp>3439.956809</timestamp>
			</report>
			<report>
				<misses>9566001</misses>
				<total>9</total>
				<timestamp>3440.316465</timestamp>
			</report>
			<report>
				<misses>9567001</misses>
				<total>9</total>
				<timestamp>3440.676049</timestamp>
			</report>
			<report>
				<misses>9568001</misses>
				<total>9</total>
				<timestamp>3441.035775</timestamp>
			</report>
			<report>
				<misses>9569001</misses>
				<total>9</total>
				<timestamp>3441.395380</timestamp>
			</report>
			<report>
				<misses>9570001</misses>
				<total>9</total>
				<timestamp>3441.755018</timestamp>
			</report>
			<report>
				<misses>9571001</misses>
				<total>9</total>
				<timestamp>3442.114687</timestamp>
			</report>
			<report>
				<misses>9572001</misses>
				<total>9</total>
				<timestamp>3442.474275</timestamp>
			</report>
			<report>
				<misses>9573001</misses>
				<total>9</total>
				<timestamp>3442.833920</timestamp>
			</report>
			<report>
				<misses>9574001</misses>
				<total>9</total>
				<timestamp>3443.193619</timestamp>
			</report>
			<report>
				<misses>9575001</misses>
				<total>9</total>
				<timestamp>3443.553165</timestamp>
			</report>
			<report>
				<misses>9576001</misses>
				<total>9</total>
				<timestamp>3443.912875</timestamp>
			</report>
			<report>
				<misses>9577001</misses>
				<total>9</total>
				<timestamp>3444.272482</timestamp>
			</report>
			<report>
				<misses>9578001</misses>
				<total>9</total>
				<timestamp>3444.632104</timestamp>
			</report>
			<report>
				<misses>9579001</misses>
				<total>9</total>
				<timestamp>3444.991812</timestamp>
			</report>
			<report>
				<misses>9580001</misses>
				<total>9</total>
				<timestamp>3445.351436</timestamp>
			</report>
			<report>
				<misses>9581001</misses>
				<total>9</total>
				<timestamp>3445.711030</timestamp>
			</report>
			<report>
				<misses>9582001</misses>
				<total>9</total>
				<timestamp>3446.070781</timestamp>
			</report>
			<report>
				<misses>9583001</misses>
				<total>9</total>
				<timestamp>3446.430433</timestamp>
			</report>
			<report>
				<misses>9584001</misses>
				<total>9</total>
				<timestamp>3446.789971</timestamp>
			</report>
			<report>
				<misses>9585001</misses>
				<total>9</total>
				<timestamp>3447.149575</timestamp>
			</report>
			<report>
				<misses>9586001</misses>
				<total>9</total>
				<timestamp>3447.509251</timestamp>
			</report>
			<report>
				<misses>9587001</misses>
				<total>9</total>
				<timestamp>3447.868942</timestamp>
			</report>
			<report>
				<misses>9588001</misses>
				<total>9</total>
				<timestamp>3448.228486</timestamp>
			</report>
			<report>
				<misses>9589001</misses>
				<total>9</total>
				<timestamp>3448.588175</timestamp>
			</report>
			<report>
				<misses>9590001</misses>
				<total>9</total>
				<timestamp>3448.947808</timestamp>
			</report>
			<report>
				<misses>9591001</misses>
				<total>9</total>
				<timestamp>3449.307426</timestamp>
			</report>
			<report>
				<misses>9592001</misses>
				<total>9</total>
				<timestamp>3449.667105</timestamp>
			</report>
			<report>
				<misses>9593001</misses>
				<total>9</total>
				<timestamp>3450.026682</timestamp>
			</report>
			<report>
				<misses>9594001</misses>
				<total>9</total>
				<timestamp>3450.386373</timestamp>
			</report>
			<report>
				<misses>9595001</misses>
				<total>9</total>
				<timestamp>3450.745978</timestamp>
			</report>
			<report>
				<misses>9596001</misses>
				<total>9</total>
				<timestamp>3451.105611</timestamp>
			</report>
			<report>
				<misses>9597001</misses>
				<total>9</total>
				<timestamp>3451.465273</timestamp>
			</report>
			<report>
				<misses>9598001</misses>
				<total>9</total>
				<timestamp>3451.824905</timestamp>
			</report>
			<report>
				<misses>9599001</misses>
				<total>9</total>
				<timestamp>3452.184532</timestamp>
			</report>
			<report>
				<misses>9600001</misses>
				<total>9</total>
				<timestamp>3452.544204</timestamp>
			</report>
			<report>
				<misses>9601001</misses>
				<total>9</total>
				<timestamp>3452.903835</timestamp>
			</report>
			<report>
				<misses>9602001</misses>
				<total>9</total>
				<timestamp>3453.263553</timestamp>
			</report>
			<report>
				<misses>9603001</misses>
				<total>9</total>
				<timestamp>3453.623126</timestamp>
			</report>
			<report>
				<misses>9604001</misses>
				<total>9</total>
				<timestamp>3453.982736</timestamp>
			</report>
			<report>
				<misses>9605001</misses>
				<total>9</total>
				<timestamp>3454.342419</timestamp>
			</report>
			<report>
				<misses>9606001</misses>
				<total>9</total>
				<timestamp>3454.702013</timestamp>
			</report>
			<report>
				<misses>9607001</misses>
				<total>9</total>
				<timestamp>3455.061658</timestamp>
			</report>
			<report>
				<misses>9608001</misses>
				<total>9</total>
				<timestamp>3455.421357</timestamp>
			</report>
			<report>
				<misses>9609001</misses>
				<total>9</total>
				<timestamp>3455.780975</timestamp>
			</report>
			<report>
				<misses>9610001</misses>
				<total>9</total>
				<timestamp>3456.140674</timestamp>
			</report>
			<report>
				<misses>9611001</misses>
				<total>9</total>
				<timestamp>3456.500240</timestamp>
			</report>
			<report>
				<misses>9612001</misses>
				<total>9</total>
				<timestamp>3456.859884</timestamp>
			</report>
			<report>
				<misses>9613001</misses>
				<total>9</total>
				<timestamp>3457.219491</timestamp>
			</report>
			<report>
				<misses>9614001</misses>
				<total>9</total>
				<timestamp>3457.579216</timestamp>
			</report>
			<report>
				<misses>9615001</misses>
				<total>9</total>
				<timestamp>3457.938771</timestamp>
			</report>
			<report>
				<misses>9616001</misses>
				<total>9</total>
				<timestamp>3458.298472</timestamp>
			</report>
			<report>
				<misses>9617001</misses>
				<total>9</total>
				<timestamp>3458.658077</timestamp>
			</report>
			<report>
				<misses>9618001</misses>
				<total>9</total>
				<timestamp>3459.017735</timestamp>
			</report>
			<report>
				<misses>9619001</misses>
				<total>9</total>
				<timestamp>3459.377359</timestamp>
			</report>
			<report>
				<misses>9620001</misses>
				<total>9</total>
				<timestamp>3459.737006</timestamp>
			</report>
			<report>
				<misses>9621001</misses>
				<total>9</total>
				<timestamp>3460.096614</timestamp>
			</report>
			<report>
				<misses>9622001</misses>
				<total>9</total>
				<timestamp>3460.456318</timestamp>
			</report>
			<report>
				<misses>9623001</misses>
				<total>9</total>
				<timestamp>3460.815914</timestamp>
			</report>
			<report>
				<misses>9624001</misses>
				<total>9</total>
				<timestamp>3461.175570</timestamp>
			</report>
			<report>
				<misses>9625001</misses>
				<total>9</total>
				<timestamp>3461.535230</timestamp>
			</report>
			<report>
				<misses>9626001</misses>
				<total>9</total>
				<timestamp>3461.894954</timestamp>
			</report>
			<report>
				<misses>9627001</misses>
				<total>9</total>
				<timestamp>3462.254520</timestamp>
			</report>
			<report>
				<misses>9628001</misses>
				<total>9</total>
				<timestamp>3462.614149</timestamp>
			</report>
			<report>
				<misses>9629001</misses>
				<total>9</total>
				<timestamp>3462.973775</timestamp>
			</report>
			<report>
				<misses>9630001</misses>
				<total>9</total>
				<timestamp>3463.333371</timestamp>
			</report>
			<report>
				<misses>9631001</misses>
				<total>9</total>
				<timestamp>3463.693028</timestamp>
			</report>
			<report>
				<misses>9632001</misses>
				<total>9</total>
				<timestamp>3464.052741</timestamp>
			</report>
			<report>
				<misses>9633001</misses>
				<total>9</total>
				<timestamp>3464.412345</timestamp>
			</report>
			<report>
				<misses>9634001</misses>
				<total>9</total>
				<timestamp>3464.771944</timestamp>
			</report>
			<report>
				<misses>9635001</misses>
				<total>9</total>
				<timestamp>3465.131632</timestamp>
			</report>
			<report>
				<misses>9636001</misses>
				<total>9</total>
				<timestamp>3465.491251</timestamp>
			</report>
			<report>
				<misses>9637001</misses>
				<total>9</total>
				<timestamp>3465.850876</timestamp>
			</report>
			<report>
				<misses>9638001</misses>
				<total>9</total>
				<timestamp>3466.210517</timestamp>
			</report>
			<report>
				<misses>9639001</misses>
				<total>9</total>
				<timestamp>3466.570199</timestamp>
			</report>
			<report>
				<misses>9640001</misses>
				<total>9</total>
				<timestamp>3466.929781</timestamp>
			</report>
			<report>
				<misses>9641001</misses>
				<total>9</total>
				<timestamp>3467.289462</timestamp>
			</report>
			<report>
				<misses>9642001</misses>
				<total>9</total>
				<timestamp>3467.649075</timestamp>
			</report>
			<report>
				<misses>9643001</misses>
				<total>9</total>
				<timestamp>3468.008715</timestamp>
			</report>
			<report>
				<misses>9644001</misses>
				<total>9</total>
				<timestamp>3468.368367</timestamp>
			</report>
			<report>
				<misses>9645001</misses>
				<total>9</total>
				<timestamp>3468.727994</timestamp>
			</report>
			<report>
				<misses>9646001</misses>
				<total>9</total>
				<timestamp>3469.087612</timestamp>
			</report>
			<report>
				<misses>9647001</misses>
				<total>9</total>
				<timestamp>3469.447289</timestamp>
			</report>
			<report>
				<misses>9648001</misses>
				<total>9</total>
				<timestamp>3469.806889</timestamp>
			</report>
			<report>
				<misses>9649001</misses>
				<total>9</total>
				<timestamp>3470.166553</timestamp>
			</report>
			<report>
				<misses>9650001</misses>
				<total>9</total>
				<timestamp>3470.526307</timestamp>
			</report>
			<report>
				<misses>9651001</misses>
				<total>9</total>
				<timestamp>3470.885838</timestamp>
			</report>
			<report>
				<misses>9652001</misses>
				<total>9</total>
				<timestamp>3471.245473</timestamp>
			</report>
			<report>
				<misses>9653001</misses>
				<total>9</total>
				<timestamp>3471.605130</timestamp>
			</report>
			<report>
				<misses>9654001</misses>
				<total>9</total>
				<timestamp>3471.964814</timestamp>
			</report>
			<report>
				<misses>9655001</misses>
				<total>9</total>
				<timestamp>3472.324402</timestamp>
			</report>
			<report>
				<misses>9656001</misses>
				<total>9</total>
				<timestamp>3472.684033</timestamp>
			</report>
			<report>
				<misses>9657001</misses>
				<total>9</total>
				<timestamp>3473.043649</timestamp>
			</report>
			<report>
				<misses>9658001</misses>
				<total>9</total>
				<timestamp>3473.403432</timestamp>
			</report>
			<report>
				<misses>9659001</misses>
				<total>9</total>
				<timestamp>3473.763049</timestamp>
			</report>
			<report>
				<misses>9660001</misses>
				<total>9</total>
				<timestamp>3474.122587</timestamp>
			</report>
			<report>
				<misses>9661001</misses>
				<total>9</total>
				<timestamp>3474.482304</timestamp>
			</report>
			<report>
				<misses>9662001</misses>
				<total>9</total>
				<timestamp>3474.841885</timestamp>
			</report>
			<report>
				<misses>9663001</misses>
				<total>9</total>
				<timestamp>3475.201501</timestamp>
			</report>
			<report>
				<misses>9664001</misses>
				<total>9</total>
				<timestamp>3475.561188</timestamp>
			</report>
			<report>
				<misses>9665001</misses>
				<total>9</total>
				<timestamp>3475.920844</timestamp>
			</report>
			<report>
				<misses>9666001</misses>
				<total>9</total>
				<timestamp>3476.280453</timestamp>
			</report>
			<report>
				<misses>9667001</misses>
				<total>9</total>
				<timestamp>3476.640131</timestamp>
			</report>
			<report>
				<misses>9668001</misses>
				<total>9</total>
				<timestamp>3476.999706</timestamp>
			</report>
			<report>
				<misses>9669001</misses>
				<total>9</total>
				<timestamp>3477.359360</timestamp>
			</report>
			<report>
				<misses>9670001</misses>
				<total>9</total>
				<timestamp>3477.719032</timestamp>
			</report>
			<report>
				<misses>9671001</misses>
				<total>9</total>
				<timestamp>3478.078684</timestamp>
			</report>
			<report>
				<misses>9672001</misses>
				<total>9</total>
				<timestamp>3478.438275</timestamp>
			</report>
			<report>
				<misses>9673001</misses>
				<total>9</total>
				<timestamp>3478.797918</timestamp>
			</report>
			<report>
				<misses>9674001</misses>
				<total>9</total>
				<timestamp>3479.157548</timestamp>
			</report>
			<report>
				<misses>9675001</misses>
				<total>9</total>
				<timestamp>3479.517255</timestamp>
			</report>
			<report>
				<misses>9676001</misses>
				<total>9</total>
				<timestamp>3479.876861</timestamp>
			</report>
			<report>
				<misses>9677001</misses>
				<total>9</total>
				<timestamp>3480.236478</timestamp>
			</report>
			<report>
				<misses>9678001</misses>
				<total>9</total>
				<timestamp>3480.596163</timestamp>
			</report>
			<report>
				<misses>9679001</misses>
				<total>9</total>
				<timestamp>3480.955766</timestamp>
			</report>
			<report>
				<misses>9680001</misses>
				<total>9</total>
				<timestamp>3481.315400</timestamp>
			</report>
			<report>
				<misses>9681001</misses>
				<total>9</total>
				<timestamp>3481.675041</timestamp>
			</report>
			<report>
				<misses>9682001</misses>
				<total>9</total>
				<timestamp>3482.034680</timestamp>
			</report>
			<report>
				<misses>9683001</misses>
				<total>9</total>
				<timestamp>3482.394315</timestamp>
			</report>
			<report>
				<misses>9684001</misses>
				<total>9</total>
				<timestamp>3482.753945</timestamp>
			</report>
			<report>
				<misses>9685001</misses>
				<total>9</total>
				<timestamp>3483.113658</timestamp>
			</report>
			<report>
				<misses>9686001</misses>
				<total>9</total>
				<timestamp>3483.473339</timestamp>
			</report>
			<report>
				<misses>9687001</misses>
				<total>9</total>
				<timestamp>3483.832866</timestamp>
			</report>
			<report>
				<misses>9688001</misses>
				<total>9</total>
				<timestamp>3484.192509</timestamp>
			</report>
			<report>
				<misses>9689001</misses>
				<total>9</total>
				<timestamp>3484.552188</timestamp>
			</report>
			<report>
				<misses>9690001</misses>
				<total>9</total>
				<timestamp>3484.911774</timestamp>
			</report>
			<report>
				<misses>9691001</misses>
				<total>9</total>
				<timestamp>3485.271466</timestamp>
			</report>
			<report>
				<misses>9692001</misses>
				<total>9</total>
				<timestamp>3485.631088</timestamp>
			</report>
			<report>
				<misses>9693001</misses>
				<total>9</total>
				<timestamp>3485.990778</timestamp>
			</report>
			<report>
				<misses>9694001</misses>
				<total>9</total>
				<timestamp>3486.350359</timestamp>
			</report>
			<report>
				<misses>9695001</misses>
				<total>9</total>
				<timestamp>3486.710075</timestamp>
			</report>
			<report>
				<misses>9696001</misses>
				<total>9</total>
				<timestamp>3487.069660</timestamp>
			</report>
			<report>
				<misses>9697001</misses>
				<total>9</total>
				<timestamp>3487.429311</timestamp>
			</report>
			<report>
				<misses>9698001</misses>
				<total>9</total>
				<timestamp>3487.788902</timestamp>
			</report>
			<report>
				<misses>9699001</misses>
				<total>9</total>
				<timestamp>3488.148595</timestamp>
			</report>
			<report>
				<misses>9700001</misses>
				<total>9</total>
				<timestamp>3488.508186</timestamp>
			</report>
			<report>
				<misses>9701001</misses>
				<total>9</total>
				<timestamp>3488.867822</timestamp>
			</report>
			<report>
				<misses>9702001</misses>
				<total>9</total>
				<timestamp>3489.227446</timestamp>
			</report>
			<report>
				<misses>9703001</misses>
				<total>9</total>
				<timestamp>3489.587168</timestamp>
			</report>
			<report>
				<misses>9704001</misses>
				<total>9</total>
				<timestamp>3489.946781</timestamp>
			</report>
			<report>
				<misses>9705001</misses>
				<total>9</total>
				<timestamp>3490.306419</timestamp>
			</report>
			<report>
				<misses>9706001</misses>
				<total>9</total>
				<timestamp>3490.666025</timestamp>
			</report>
			<report>
				<misses>9707001</misses>
				<total>9</total>
				<timestamp>3491.025662</timestamp>
			</report>
			<report>
				<misses>9708001</misses>
				<total>9</total>
				<timestamp>3491.385317</timestamp>
			</report>
			<report>
				<misses>9709001</misses>
				<total>9</total>
				<timestamp>3491.744928</timestamp>
			</report>
			<report>
				<misses>9710001</misses>
				<total>9</total>
				<timestamp>3492.104570</timestamp>
			</report>
			<report>
				<misses>9711001</misses>
				<total>9</total>
				<timestamp>3492.464236</timestamp>
			</report>
			<report>
				<misses>9712001</misses>
				<total>9</total>
				<timestamp>3492.823873</timestamp>
			</report>
			<report>
				<misses>9713001</misses>
				<total>9</total>
				<timestamp>3493.183512</timestamp>
			</report>
			<report>
				<misses>9714001</misses>
				<total>9</total>
				<timestamp>3493.543218</timestamp>
			</report>
			<report>
				<misses>9715001</misses>
				<total>9</total>
				<timestamp>3493.902788</timestamp>
			</report>
			<report>
				<misses>9716001</misses>
				<total>9</total>
				<timestamp>3494.262405</timestamp>
			</report>
			<report>
				<misses>9717001</misses>
				<total>9</total>
				<timestamp>3494.622066</timestamp>
			</report>
			<report>
				<misses>9718001</misses>
				<total>9</total>
				<timestamp>3494.981752</timestamp>
			</report>
			<report>
				<misses>9719001</misses>
				<total>9</total>
				<timestamp>3495.341399</timestamp>
			</report>
			<report>
				<misses>9720001</misses>
				<total>9</total>
				<timestamp>3495.701050</timestamp>
			</report>
			<report>
				<misses>9721001</misses>
				<total>9</total>
				<timestamp>3496.060655</timestamp>
			</report>
			<report>
				<misses>9722001</misses>
				<total>9</total>
				<timestamp>3496.420264</timestamp>
			</report>
			<report>
				<misses>9723001</misses>
				<total>9</total>
				<timestamp>3496.779884</timestamp>
			</report>
			<report>
				<misses>9724001</misses>
				<total>9</total>
				<timestamp>3497.139595</timestamp>
			</report>
			<report>
				<misses>9725001</misses>
				<total>9</total>
				<timestamp>3497.499180</timestamp>
			</report>
			<report>
				<misses>9726001</misses>
				<total>9</total>
				<timestamp>3497.858825</timestamp>
			</report>
			<report>
				<misses>9727001</misses>
				<total>9</total>
				<timestamp>3498.218528</timestamp>
			</report>
			<report>
				<misses>9728001</misses>
				<total>9</total>
				<timestamp>3498.578151</timestamp>
			</report>
			<report>
				<misses>9729001</misses>
				<total>9</total>
				<timestamp>3498.937742</timestamp>
			</report>
			<report>
				<misses>9730001</misses>
				<total>9</total>
				<timestamp>3499.297487</timestamp>
			</report>
			<report>
				<misses>9731001</misses>
				<total>9</total>
				<timestamp>3499.657101</timestamp>
			</report>
			<report>
				<misses>9732001</misses>
				<total>9</total>
				<timestamp>3500.016705</timestamp>
			</report>
			<report>
				<misses>9733001</misses>
				<total>8</total>
				<timestamp>3500.376453</timestamp>
			</report>
			<report>
				<misses>9734001</misses>
				<total>9</total>
				<timestamp>3500.736004</timestamp>
			</report>
			<report>
				<misses>9735001</misses>
				<total>9</total>
				<timestamp>3501.095568</timestamp>
			</report>
			<report>
				<misses>9736001</misses>
				<total>9</total>
				<timestamp>3501.455262</timestamp>
			</report>
			<report>
				<misses>9737001</misses>
				<total>9</total>
				<timestamp>3501.814899</timestamp>
			</report>
			<report>
				<misses>9738001</misses>
				<total>9</total>
				<timestamp>3502.174512</timestamp>
			</report>
			<report>
				<misses>9739001</misses>
				<total>9</total>
				<timestamp>3502.534212</timestamp>
			</report>
			<report>
				<misses>9740001</misses>
				<total>9</total>
				<timestamp>3502.893779</timestamp>
			</report>
			<report>
				<misses>9741001</misses>
				<total>9</total>
				<timestamp>3503.253434</timestamp>
			</report>
			<report>
				<misses>9742001</misses>
				<total>9</total>
				<timestamp>3503.613132</timestamp>
			</report>
			<report>
				<misses>9743001</misses>
				<total>9</total>
				<timestamp>3503.972733</timestamp>
			</report>
			<report>
				<misses>9744001</misses>
				<total>9</total>
				<timestamp>3504.332355</timestamp>
			</report>
			<report>
				<misses>9745001</misses>
				<total>9</total>
				<timestamp>3504.692096</timestamp>
			</report>
			<report>
				<misses>9746001</misses>
				<total>9</total>
				<timestamp>3505.051619</timestamp>
			</report>
			<report>
				<misses>9747001</misses>
				<total>9</total>
				<timestamp>3505.411264</timestamp>
			</report>
			<report>
				<misses>9748001</misses>
				<total>9</total>
				<timestamp>3505.770911</timestamp>
			</report>
			<report>
				<misses>9749001</misses>
				<total>9</total>
				<timestamp>3506.130543</timestamp>
			</report>
			<report>
				<misses>9750001</misses>
				<total>9</total>
				<timestamp>3506.490213</timestamp>
			</report>
			<report>
				<misses>9751001</misses>
				<total>9</total>
				<timestamp>3506.849809</timestamp>
			</report>
			<report>
				<misses>9752001</misses>
				<total>9</total>
				<timestamp>3507.209560</timestamp>
			</report>
			<report>
				<misses>9753001</misses>
				<total>9</total>
				<timestamp>3507.569105</timestamp>
			</report>
			<report>
				<misses>9754001</misses>
				<total>9</total>
				<timestamp>3507.928749</timestamp>
			</report>
			<report>
				<misses>9755001</misses>
				<total>9</total>
				<timestamp>3508.288375</timestamp>
			</report>
			<report>
				<misses>9756001</misses>
				<total>9</total>
				<timestamp>3508.648074</timestamp>
			</report>
			<report>
				<misses>9757001</misses>
				<total>9</total>
				<timestamp>3509.007659</timestamp>
			</report>
			<report>
				<misses>9758001</misses>
				<total>9</total>
				<timestamp>3509.367358</timestamp>
			</report>
			<report>
				<misses>9759001</misses>
				<total>9</total>
				<timestamp>3509.726961</timestamp>
			</report>
			<report>
				<misses>9760001</misses>
				<total>9</total>
				<timestamp>3510.086625</timestamp>
			</report>
			<report>
				<misses>9761001</misses>
				<total>9</total>
				<timestamp>3510.446207</timestamp>
			</report>
			<report>
				<misses>9762001</misses>
				<total>9</total>
				<timestamp>3510.805931</timestamp>
			</report>
			<report>
				<misses>9763001</misses>
				<total>9</total>
				<timestamp>3511.165495</timestamp>
			</report>
			<report>
				<misses>9764001</misses>
				<total>9</total>
				<timestamp>3511.525176</timestamp>
			</report>
			<report>
				<misses>9765001</misses>
				<total>9</total>
				<timestamp>3511.884781</timestamp>
			</report>
			<report>
				<misses>9766001</misses>
				<total>9</total>
				<timestamp>3512.244454</timestamp>
			</report>
			<report>
				<misses>9767001</misses>
				<total>9</total>
				<timestamp>3512.604092</timestamp>
			</report>
			<report>
				<misses>9768001</misses>
				<total>9</total>
				<timestamp>3512.963741</timestamp>
			</report>
			<report>
				<misses>9769001</misses>
				<total>9</total>
				<timestamp>3513.323446</timestamp>
			</report>
			<report>
				<misses>9770001</misses>
				<total>9</total>
				<timestamp>3513.683108</timestamp>
			</report>
			<report>
				<misses>9771001</misses>
				<total>9</total>
				<timestamp>3514.042638</timestamp>
			</report>
			<report>
				<misses>9772001</misses>
				<total>9</total>
				<timestamp>3514.402273</timestamp>
			</report>
			<report>
				<misses>9773001</misses>
				<total>9</total>
				<timestamp>3514.761889</timestamp>
			</report>
			<report>
				<misses>9774001</misses>
				<total>9</total>
				<timestamp>3515.121579</timestamp>
			</report>
			<report>
				<misses>9775001</misses>
				<total>9</total>
				<timestamp>3515.481197</timestamp>
			</report>
			<report>
				<misses>9776001</misses>
				<total>9</total>
				<timestamp>3515.840855</timestamp>
			</report>
			<report>
				<misses>9777001</misses>
				<total>9</total>
				<timestamp>3516.200473</timestamp>
			</report>
			<report>
				<misses>9778001</misses>
				<total>9</total>
				<timestamp>3516.560127</timestamp>
			</report>
			<report>
				<misses>9779001</misses>
				<total>9</total>
				<timestamp>3516.919738</timestamp>
			</report>
			<report>
				<misses>9780001</misses>
				<total>9</total>
				<timestamp>3517.279360</timestamp>
			</report>
			<report>
				<misses>9781001</misses>
				<total>9</total>
				<timestamp>3517.639170</timestamp>
			</report>
			<report>
				<misses>9782001</misses>
				<total>9</total>
				<timestamp>3517.998728</timestamp>
			</report>
			<report>
				<misses>9783001</misses>
				<total>9</total>
				<timestamp>3518.358334</timestamp>
			</report>
			<report>
				<misses>9784001</misses>
				<total>9</total>
				<timestamp>3518.717984</timestamp>
			</report>
			<report>
				<misses>9785001</misses>
				<total>9</total>
				<timestamp>3519.077596</timestamp>
			</report>
			<report>
				<misses>9786001</misses>
				<total>9</total>
				<timestamp>3519.437208</timestamp>
			</report>
			<report>
				<misses>9787001</misses>
				<total>9</total>
				<timestamp>3519.796900</timestamp>
			</report>
			<report>
				<misses>9788001</misses>
				<total>9</total>
				<timestamp>3520.156551</timestamp>
			</report>
			<report>
				<misses>9789001</misses>
				<total>9</total>
				<timestamp>3520.516161</timestamp>
			</report>
			<report>
				<misses>9790001</misses>
				<total>9</total>
				<timestamp>3520.875800</timestamp>
			</report>
			<report>
				<misses>9791001</misses>
				<total>9</total>
				<timestamp>3521.235426</timestamp>
			</report>
			<report>
				<misses>9792001</misses>
				<total>9</total>
				<timestamp>3521.595106</timestamp>
			</report>
			<report>
				<misses>9793001</misses>
				<total>9</total>
				<timestamp>3521.954688</timestamp>
			</report>
			<report>
				<misses>9794001</misses>
				<total>9</total>
				<timestamp>3522.314332</timestamp>
			</report>
			<report>
				<misses>9795001</misses>
				<total>9</total>
				<timestamp>3522.674041</timestamp>
			</report>
			<report>
				<misses>9796001</misses>
				<total>9</total>
				<timestamp>3523.033639</timestamp>
			</report>
			<report>
				<misses>9797001</misses>
				<total>9</total>
				<timestamp>3523.393298</timestamp>
			</report>
			<report>
				<misses>9798001</misses>
				<total>9</total>
				<timestamp>3523.752918</timestamp>
			</report>
			<report>
				<misses>9799001</misses>
				<total>9</total>
				<timestamp>3524.112549</timestamp>
			</report>
			<report>
				<misses>9800001</misses>
				<total>9</total>
				<timestamp>3524.472188</timestamp>
			</report>
			<report>
				<misses>9801001</misses>
				<total>9</total>
				<timestamp>3524.831891</timestamp>
			</report>
			<report>
				<misses>9802001</misses>
				<total>9</total>
				<timestamp>3525.191448</timestamp>
			</report>
			<report>
				<misses>9803001</misses>
				<total>9</total>
				<timestamp>3525.551094</timestamp>
			</report>
			<report>
				<misses>9804001</misses>
				<total>9</total>
				<timestamp>3525.910896</timestamp>
			</report>
			<report>
				<misses>9805001</misses>
				<total>9</total>
				<timestamp>3526.270473</timestamp>
			</report>
			<report>
				<misses>9806001</misses>
				<total>9</total>
				<timestamp>3526.630119</timestamp>
			</report>
			<report>
				<misses>9807001</misses>
				<total>9</total>
				<timestamp>3526.989720</timestamp>
			</report>
			<report>
				<misses>9808001</misses>
				<total>9</total>
				<timestamp>3527.349294</timestamp>
			</report>
			<report>
				<misses>9809001</misses>
				<total>9</total>
				<timestamp>3527.708994</timestamp>
			</report>
			<report>
				<misses>9810001</misses>
				<total>9</total>
				<timestamp>3528.068581</timestamp>
			</report>
			<report>
				<misses>9811001</misses>
				<total>9</total>
				<timestamp>3528.428233</timestamp>
			</report>
			<report>
				<misses>9812001</misses>
				<total>9</total>
				<timestamp>3528.787862</timestamp>
			</report>
			<report>
				<misses>9813001</misses>
				<total>9</total>
				<timestamp>3529.147562</timestamp>
			</report>
			<report>
				<misses>9814001</misses>
				<total>9</total>
				<timestamp>3529.507132</timestamp>
			</report>
			<report>
				<misses>9815001</misses>
				<total>9</total>
				<timestamp>3529.866850</timestamp>
			</report>
			<report>
				<misses>9816001</misses>
				<total>9</total>
				<timestamp>3530.226440</timestamp>
			</report>
			<report>
				<misses>9817001</misses>
				<total>9</total>
				<timestamp>3530.586062</timestamp>
			</report>
			<report>
				<misses>9818001</misses>
				<total>9</total>
				<timestamp>3530.945761</timestamp>
			</report>
			<report>
				<misses>9819001</misses>
				<total>9</total>
				<timestamp>3531.305346</timestamp>
			</report>
			<report>
				<misses>9820001</misses>
				<total>9</total>
				<timestamp>3531.665000</timestamp>
			</report>
			<report>
				<misses>9821001</misses>
				<total>9</total>
				<timestamp>3532.024652</timestamp>
			</report>
			<report>
				<misses>9822001</misses>
				<total>9</total>
				<timestamp>3532.384254</timestamp>
			</report>
			<report>
				<misses>9823001</misses>
				<total>9</total>
				<timestamp>3532.743920</timestamp>
			</report>
			<report>
				<misses>9824001</misses>
				<total>9</total>
				<timestamp>3533.103578</timestamp>
			</report>
			<report>
				<misses>9825001</misses>
				<total>9</total>
				<timestamp>3533.463198</timestamp>
			</report>
			<report>
				<misses>9826001</misses>
				<total>9</total>
				<timestamp>3533.822856</timestamp>
			</report>
			<report>
				<misses>9827001</misses>
				<total>9</total>
				<timestamp>3534.182492</timestamp>
			</report>
			<report>
				<misses>9828001</misses>
				<total>9</total>
				<timestamp>3534.542150</timestamp>
			</report>
			<report>
				<misses>9829001</misses>
				<total>9</total>
				<timestamp>3534.901793</timestamp>
			</report>
			<report>
				<misses>9830001</misses>
				<total>9</total>
				<timestamp>3535.261402</timestamp>
			</report>
			<report>
				<misses>9831001</misses>
				<total>9</total>
				<timestamp>3535.621042</timestamp>
			</report>
			<report>
				<misses>9832001</misses>
				<total>9</total>
				<timestamp>3535.980746</timestamp>
			</report>
			<report>
				<misses>9833001</misses>
				<total>9</total>
				<timestamp>3536.340333</timestamp>
			</report>
			<report>
				<misses>9834001</misses>
				<total>9</total>
				<timestamp>3536.700050</timestamp>
			</report>
			<report>
				<misses>9835001</misses>
				<total>9</total>
				<timestamp>3537.059659</timestamp>
			</report>
			<report>
				<misses>9836001</misses>
				<total>9</total>
				<timestamp>3537.419216</timestamp>
			</report>
			<report>
				<misses>9837001</misses>
				<total>9</total>
				<timestamp>3537.778931</timestamp>
			</report>
			<report>
				<misses>9838001</misses>
				<total>9</total>
				<timestamp>3538.138513</timestamp>
			</report>
			<report>
				<misses>9839001</misses>
				<total>9</total>
				<timestamp>3538.498190</timestamp>
			</report>
			<report>
				<misses>9840001</misses>
				<total>9</total>
				<timestamp>3538.857826</timestamp>
			</report>
			<report>
				<misses>9841001</misses>
				<total>9</total>
				<timestamp>3539.217452</timestamp>
			</report>
			<report>
				<misses>9842001</misses>
				<total>9</total>
				<timestamp>3539.577180</timestamp>
			</report>
			<report>
				<misses>9843001</misses>
				<total>9</total>
				<timestamp>3539.936745</timestamp>
			</report>
			<report>
				<misses>9844001</misses>
				<total>9</total>
				<timestamp>3540.296388</timestamp>
			</report>
			<report>
				<misses>9845001</misses>
				<total>9</total>
				<timestamp>3540.656012</timestamp>
			</report>
			<report>
				<misses>9846001</misses>
				<total>9</total>
				<timestamp>3541.015621</timestamp>
			</report>
			<report>
				<misses>9847001</misses>
				<total>9</total>
				<timestamp>3541.375274</timestamp>
			</report>
			<report>
				<misses>9848001</misses>
				<total>9</total>
				<timestamp>3541.734929</timestamp>
			</report>
			<report>
				<misses>9849001</misses>
				<total>9</total>
				<timestamp>3542.094532</timestamp>
			</report>
			<report>
				<misses>9850001</misses>
				<total>9</total>
				<timestamp>3542.454168</timestamp>
			</report>
			<report>
				<misses>9851001</misses>
				<total>9</total>
				<timestamp>3542.813896</timestamp>
			</report>
			<report>
				<misses>9852001</misses>
				<total>9</total>
				<timestamp>3543.173509</timestamp>
			</report>
			<report>
				<misses>9853001</misses>
				<total>9</total>
				<timestamp>3543.533163</timestamp>
			</report>
			<report>
				<misses>9854001</misses>
				<total>9</total>
				<timestamp>3543.892746</timestamp>
			</report>
			<report>
				<misses>9855001</misses>
				<total>9</total>
				<timestamp>3544.252433</timestamp>
			</report>
			<report>
				<misses>9856001</misses>
				<total>9</total>
				<timestamp>3544.612079</timestamp>
			</report>
			<report>
				<misses>9857001</misses>
				<total>9</total>
				<timestamp>3544.971670</timestamp>
			</report>
			<report>
				<misses>9858001</misses>
				<total>9</total>
				<timestamp>3545.331333</timestamp>
			</report>
			<report>
				<misses>9859001</misses>
				<total>9</total>
				<timestamp>3545.690974</timestamp>
			</report>
			<report>
				<misses>9860001</misses>
				<total>9</total>
				<timestamp>3546.050590</timestamp>
			</report>
			<report>
				<misses>9861001</misses>
				<total>9</total>
				<timestamp>3546.410257</timestamp>
			</report>
			<report>
				<misses>9862001</misses>
				<total>9</total>
				<timestamp>3546.769995</timestamp>
			</report>
			<report>
				<misses>9863001</misses>
				<total>9</total>
				<timestamp>3547.129528</timestamp>
			</report>
			<report>
				<misses>9864001</misses>
				<total>9</total>
				<timestamp>3547.489193</timestamp>
			</report>
			<report>
				<misses>9865001</misses>
				<total>9</total>
				<timestamp>3547.848810</timestamp>
			</report>
			<report>
				<misses>9866001</misses>
				<total>9</total>
				<timestamp>3548.208398</timestamp>
			</report>
			<report>
				<misses>9867001</misses>
				<total>9</total>
				<timestamp>3548.568129</timestamp>
			</report>
			<report>
				<misses>9868001</misses>
				<total>9</total>
				<timestamp>3548.927775</timestamp>
			</report>
			<report>
				<misses>9869001</misses>
				<total>9</total>
				<timestamp>3549.287375</timestamp>
			</report>
			<report>
				<misses>9870001</misses>
				<total>9</total>
				<timestamp>3549.647078</timestamp>
			</report>
			<report>
				<misses>9871001</misses>
				<total>9</total>
				<timestamp>3550.006672</timestamp>
			</report>
			<report>
				<misses>9872001</misses>
				<total>9</total>
				<timestamp>3550.366328</timestamp>
			</report>
			<report>
				<misses>9873001</misses>
				<total>9</total>
				<timestamp>3550.725898</timestamp>
			</report>
			<report>
				<misses>9874001</misses>
				<total>9</total>
				<timestamp>3551.085539</timestamp>
			</report>
			<report>
				<misses>9875001</misses>
				<total>9</total>
				<timestamp>3551.445234</timestamp>
			</report>
			<report>
				<misses>9876001</misses>
				<total>9</total>
				<timestamp>3551.804860</timestamp>
			</report>
			<report>
				<misses>9877001</misses>
				<total>9</total>
				<timestamp>3552.164479</timestamp>
			</report>
			<report>
				<misses>9878001</misses>
				<total>9</total>
				<timestamp>3552.524084</timestamp>
			</report>
			<report>
				<misses>9879001</misses>
				<total>9</total>
				<timestamp>3552.883786</timestamp>
			</report>
			<report>
				<misses>9880001</misses>
				<total>9</total>
				<timestamp>3553.243421</timestamp>
			</report>
			<report>
				<misses>9881001</misses>
				<total>9</total>
				<timestamp>3553.603020</timestamp>
			</report>
			<report>
				<misses>9882001</misses>
				<total>9</total>
				<timestamp>3553.962699</timestamp>
			</report>
			<report>
				<misses>9883001</misses>
				<total>9</total>
				<timestamp>3554.322328</timestamp>
			</report>
			<report>
				<misses>9884001</misses>
				<total>9</total>
				<timestamp>3554.681940</timestamp>
			</report>
			<report>
				<misses>9885001</misses>
				<total>9</total>
				<timestamp>3555.041586</timestamp>
			</report>
			<report>
				<misses>9886001</misses>
				<total>9</total>
				<timestamp>3555.401281</timestamp>
			</report>
			<report>
				<misses>9887001</misses>
				<total>9</total>
				<timestamp>3555.760922</timestamp>
			</report>
			<report>
				<misses>9888001</misses>
				<total>9</total>
				<timestamp>3556.120598</timestamp>
			</report>
			<report>
				<misses>9889001</misses>
				<total>9</total>
				<timestamp>3556.480147</timestamp>
			</report>
			<report>
				<misses>9890001</misses>
				<total>9</total>
				<timestamp>3556.839790</timestamp>
			</report>
			<report>
				<misses>9891001</misses>
				<total>9</total>
				<timestamp>3557.199467</timestamp>
			</report>
			<report>
				<misses>9892001</misses>
				<total>9</total>
				<timestamp>3557.559063</timestamp>
			</report>
			<report>
				<misses>9893001</misses>
				<total>9</total>
				<timestamp>3557.918719</timestamp>
			</report>
			<report>
				<misses>9894001</misses>
				<total>9</total>
				<timestamp>3558.278381</timestamp>
			</report>
			<report>
				<misses>9895001</misses>
				<total>9</total>
				<timestamp>3558.638057</timestamp>
			</report>
			<report>
				<misses>9896001</misses>
				<total>9</total>
				<timestamp>3558.997675</timestamp>
			</report>
			<report>
				<misses>9897001</misses>
				<total>9</total>
				<timestamp>3559.357251</timestamp>
			</report>
			<report>
				<misses>9898001</misses>
				<total>9</total>
				<timestamp>3559.716894</timestamp>
			</report>
			<report>
				<misses>9899001</misses>
				<total>9</total>
				<timestamp>3560.076572</timestamp>
			</report>
			<report>
				<misses>9900001</misses>
				<total>9</total>
				<timestamp>3560.436209</timestamp>
			</report>
			<report>
				<misses>9901001</misses>
				<total>9</total>
				<timestamp>3560.795876</timestamp>
			</report>
			<report>
				<misses>9902001</misses>
				<total>9</total>
				<timestamp>3561.155505</timestamp>
			</report>
			<report>
				<misses>9903001</misses>
				<total>9</total>
				<timestamp>3561.515154</timestamp>
			</report>
			<report>
				<misses>9904001</misses>
				<total>9</total>
				<timestamp>3561.874820</timestamp>
			</report>
			<report>
				<misses>9905001</misses>
				<total>9</total>
				<timestamp>3562.234419</timestamp>
			</report>
			<report>
				<misses>9906001</misses>
				<total>9</total>
				<timestamp>3562.594027</timestamp>
			</report>
			<report>
				<misses>9907001</misses>
				<total>9</total>
				<timestamp>3562.953676</timestamp>
			</report>
			<report>
				<misses>9908001</misses>
				<total>9</total>
				<timestamp>3563.313387</timestamp>
			</report>
			<report>
				<misses>9909001</misses>
				<total>9</total>
				<timestamp>3563.672936</timestamp>
			</report>
			<report>
				<misses>9910001</misses>
				<total>9</total>
				<timestamp>3564.032636</timestamp>
			</report>
			<report>
				<misses>9911001</misses>
				<total>9</total>
				<timestamp>3564.392256</timestamp>
			</report>
			<report>
				<misses>9912001</misses>
				<total>9</total>
				<timestamp>3564.751890</timestamp>
			</report>
			<report>
				<misses>9913001</misses>
				<total>9</total>
				<timestamp>3565.111576</timestamp>
			</report>
			<report>
				<misses>9914001</misses>
				<total>9</total>
				<timestamp>3565.471133</timestamp>
			</report>
			<report>
				<misses>9915001</misses>
				<total>9</total>
				<timestamp>3565.830861</timestamp>
			</report>
			<report>
				<misses>9916001</misses>
				<total>9</total>
				<timestamp>3566.190406</timestamp>
			</report>
			<report>
				<misses>9917001</misses>
				<total>9</total>
				<timestamp>3566.550144</timestamp>
			</report>
			<report>
				<misses>9918001</misses>
				<total>9</total>
				<timestamp>3566.909795</timestamp>
			</report>
			<report>
				<misses>9919001</misses>
				<total>9</total>
				<timestamp>3567.269321</timestamp>
			</report>
			<report>
				<misses>9920001</misses>
				<total>9</total>
				<timestamp>3567.629063</timestamp>
			</report>
			<report>
				<misses>9921001</misses>
				<total>9</total>
				<timestamp>3567.988613</timestamp>
			</report>
			<report>
				<misses>9922001</misses>
				<total>9</total>
				<timestamp>3568.348299</timestamp>
			</report>
			<report>
				<misses>9923001</misses>
				<total>9</total>
				<timestamp>3568.707934</timestamp>
			</report>
			<report>
				<misses>9924001</misses>
				<total>9</total>
				<timestamp>3569.067580</timestamp>
			</report>
			<report>
				<misses>9925001</misses>
				<total>11</total>
				<timestamp>3569.427206</timestamp>
			</report>
			<report>
				<misses>9926001</misses>
				<total>11</total>
				<timestamp>3569.786804</timestamp>
			</report>
			<report>
				<misses>9927001</misses>
				<total>11</total>
				<timestamp>3570.146462</timestamp>
			</report>
			<report>
				<misses>9928001</misses>
				<total>11</total>
				<timestamp>3570.506128</timestamp>
			</report>
			<report>
				<misses>9929001</misses>
				<total>11</total>
				<timestamp>3570.865763</timestamp>
			</report>
			<report>
				<misses>9930001</misses>
				<total>11</total>
				<timestamp>3571.225397</timestamp>
			</report>
			<report>
				<misses>9931001</misses>
				<total>11</total>
				<timestamp>3571.585092</timestamp>
			</report>
			<report>
				<misses>9932001</misses>
				<total>11</total>
				<timestamp>3571.944672</timestamp>
			</report>
			<report>
				<misses>9933001</misses>
				<total>11</total>
				<timestamp>3572.304326</timestamp>
			</report>
			<report>
				<misses>9934001</misses>
				<total>11</total>
				<timestamp>3572.663961</timestamp>
			</report>
			<report>
				<misses>9935001</misses>
				<total>11</total>
				<timestamp>3573.023570</timestamp>
			</report>
			<report>
				<misses>9936001</misses>
				<total>11</total>
				<timestamp>3573.383257</timestamp>
			</report>
			<report>
				<misses>9937001</misses>
				<total>11</total>
				<timestamp>3573.742923</timestamp>
			</report>
			<report>
				<misses>9938001</misses>
				<total>11</total>
				<timestamp>3574.102516</timestamp>
			</report>
			<report>
				<misses>9939001</misses>
				<total>11</total>
				<timestamp>3574.462236</timestamp>
			</report>
			<report>
				<misses>9940001</misses>
				<total>11</total>
				<timestamp>3574.821817</timestamp>
			</report>
			<report>
				<misses>9941001</misses>
				<total>11</total>
				<timestamp>3575.181464</timestamp>
			</report>
			<report>
				<misses>9942001</misses>
				<total>11</total>
				<timestamp>3575.541129</timestamp>
			</report>
			<report>
				<misses>9943001</misses>
				<total>11</total>
				<timestamp>3575.900699</timestamp>
			</report>
			<report>
				<misses>9944001</misses>
				<total>11</total>
				<timestamp>3576.260470</timestamp>
			</report>
			<report>
				<misses>9945001</misses>
				<total>11</total>
				<timestamp>3576.619990</timestamp>
			</report>
			<report>
				<misses>9946001</misses>
				<total>11</total>
				<timestamp>3576.979618</timestamp>
			</report>
			<report>
				<misses>9947001</misses>
				<total>11</total>
				<timestamp>3577.339302</timestamp>
			</report>
			<report>
				<misses>9948001</misses>
				<total>11</total>
				<timestamp>3577.698915</timestamp>
			</report>
			<report>
				<misses>9949001</misses>
				<total>11</total>
				<timestamp>3578.058550</timestamp>
			</report>
			<report>
				<misses>9950001</misses>
				<total>11</total>
				<timestamp>3578.418188</timestamp>
			</report>
			<report>
				<misses>9951001</misses>
				<total>11</total>
				<timestamp>3578.777829</timestamp>
			</report>
			<report>
				<misses>9952001</misses>
				<total>11</total>
				<timestamp>3579.137517</timestamp>
			</report>
			<report>
				<misses>9953001</misses>
				<total>11</total>
				<timestamp>3579.497095</timestamp>
			</report>
			<report>
				<misses>9954001</misses>
				<total>11</total>
				<timestamp>3579.856759</timestamp>
			</report>
			<report>
				<misses>9955001</misses>
				<total>11</total>
				<timestamp>3580.216469</timestamp>
			</report>
			<report>
				<misses>9956001</misses>
				<total>11</total>
				<timestamp>3580.576015</timestamp>
			</report>
			<report>
				<misses>9957001</misses>
				<total>11</total>
				<timestamp>3580.935761</timestamp>
			</report>
			<report>
				<misses>9958001</misses>
				<total>11</total>
				<timestamp>3581.295345</timestamp>
			</report>
			<report>
				<misses>9959001</misses>
				<total>11</total>
				<timestamp>3581.654959</timestamp>
			</report>
			<report>
				<misses>9960001</misses>
				<total>11</total>
				<timestamp>3582.014657</timestamp>
			</report>
			<report>
				<misses>9961001</misses>
				<total>11</total>
				<timestamp>3582.374258</timestamp>
			</report>
			<report>
				<misses>9962001</misses>
				<total>11</total>
				<timestamp>3582.733861</timestamp>
			</report>
			<report>
				<misses>9963001</misses>
				<total>11</total>
				<timestamp>3583.093551</timestamp>
			</report>
			<report>
				<misses>9964001</misses>
				<total>11</total>
				<timestamp>3583.453147</timestamp>
			</report>
			<report>
				<misses>9965001</misses>
				<total>11</total>
				<timestamp>3583.812770</timestamp>
			</report>
			<report>
				<misses>9966001</misses>
				<total>11</total>
				<timestamp>3584.172434</timestamp>
			</report>
			<report>
				<misses>9967001</misses>
				<total>11</total>
				<timestamp>3584.532063</timestamp>
			</report>
			<report>
				<misses>9968001</misses>
				<total>11</total>
				<timestamp>3584.891744</timestamp>
			</report>
			<report>
				<misses>9969001</misses>
				<total>11</total>
				<timestamp>3585.251345</timestamp>
			</report>
			<report>
				<misses>9970001</misses>
				<total>11</total>
				<timestamp>3585.611065</timestamp>
			</report>
			<report>
				<misses>9971001</misses>
				<total>11</total>
				<timestamp>3585.970640</timestamp>
			</report>
			<report>
				<misses>9972001</misses>
				<total>11</total>
				<timestamp>3586.330296</timestamp>
			</report>
			<report>
				<misses>9973001</misses>
				<total>11</total>
				<timestamp>3586.689929</timestamp>
			</report>
			<report>
				<misses>9974001</misses>
				<total>11</total>
				<timestamp>3587.049558</timestamp>
			</report>
			<report>
				<misses>9975001</misses>
				<total>11</total>
				<timestamp>3587.409193</timestamp>
			</report>
			<report>
				<misses>9976001</misses>
				<total>11</total>
				<timestamp>3587.768830</timestamp>
			</report>
			<report>
				<misses>9977001</misses>
				<total>11</total>
				<timestamp>3588.128522</timestamp>
			</report>
			<report>
				<misses>9978001</misses>
				<total>11</total>
				<timestamp>3588.488142</timestamp>
			</report>
			<report>
				<misses>9979001</misses>
				<total>11</total>
				<timestamp>3588.847726</timestamp>
			</report>
			<report>
				<misses>9980001</misses>
				<total>11</total>
				<timestamp>3589.207507</timestamp>
			</report>
			<report>
				<misses>9981001</misses>
				<total>11</total>
				<timestamp>3589.567071</timestamp>
			</report>
			<report>
				<misses>9982001</misses>
				<total>11</total>
				<timestamp>3589.926710</timestamp>
			</report>
			<report>
				<misses>9983001</misses>
				<total>11</total>
				<timestamp>3590.286346</timestamp>
			</report>
			<report>
				<misses>9984001</misses>
				<total>11</total>
				<timestamp>3590.645952</timestamp>
			</report>
			<report>
				<misses>9985001</misses>
				<total>11</total>
				<timestamp>3591.005621</timestamp>
			</report>
			<report>
				<misses>9986001</misses>
				<total>11</total>
				<timestamp>3591.365223</timestamp>
			</report>
			<report>
				<misses>9987001</misses>
				<total>11</total>
				<timestamp>3591.724857</timestamp>
			</report>
			<report>
				<misses>9988001</misses>
				<total>11</total>
				<timestamp>3592.084521</timestamp>
			</report>
			<report>
				<misses>9989001</misses>
				<total>11</total>
				<timestamp>3592.444122</timestamp>
			</report>
			<report>
				<misses>9990001</misses>
				<total>11</total>
				<timestamp>3592.803817</timestamp>
			</report>
			<report>
				<misses>9991001</misses>
				<total>11</total>
				<timestamp>3593.163567</timestamp>
			</report>
			<report>
				<misses>9992001</misses>
				<total>11</total>
				<timestamp>3593.523102</timestamp>
			</report>
			<report>
				<misses>9993001</misses>
				<total>11</total>
				<timestamp>3593.882711</timestamp>
			</report>
			<report>
				<misses>9994001</misses>
				<total>11</total>
				<timestamp>3594.242419</timestamp>
			</report>
			<report>
				<misses>9995001</misses>
				<total>11</total>
				<timestamp>3594.601980</timestamp>
			</report>
			<report>
				<misses>9996001</misses>
				<total>11</total>
				<timestamp>3594.961672</timestamp>
			</report>
			<report>
				<misses>9997001</misses>
				<total>11</total>
				<timestamp>3595.321329</timestamp>
			</report>
			<report>
				<misses>9998001</misses>
				<total>11</total>
				<timestamp>3595.680933</timestamp>
			</report>
			<report>
				<misses>9999001</misses>
				<total>11</total>
				<timestamp>3596.040539</timestamp>
			</report>
			<report>
				<misses>10000001</misses>
				<total>11</total>
				<timestamp>3596.400189</timestamp>
			</report>
			<report>
				<misses>10001001</misses>
				<total>11</total>
				<timestamp>3596.759839</timestamp>
			</report>
			<report>
				<misses>10002001</misses>
				<total>11</total>
				<timestamp>3597.119478</timestamp>
			</report>
			<report>
				<misses>10003001</misses>
				<total>11</total>
				<timestamp>3597.479100</timestamp>
			</report>
			<report>
				<misses>10004001</misses>
				<total>11</total>
				<timestamp>3597.838735</timestamp>
			</report>
			<report>
				<misses>10005001</misses>
				<total>11</total>
				<timestamp>3598.198434</timestamp>
			</report>
			<report>
				<misses>10006001</misses>
				<total>11</total>
				<timestamp>3598.558019</timestamp>
			</report>
			<report>
				<misses>10007001</misses>
				<total>11</total>
				<timestamp>3598.917639</timestamp>
			</report>
			<report>
				<misses>10008001</misses>
				<total>11</total>
				<timestamp>3599.277332</timestamp>
			</report>
			<report>
				<misses>10009001</misses>
				<total>11</total>
				<timestamp>3599.636936</timestamp>
			</report>
			<report>
				<misses>10010001</misses>
				<total>11</total>
				<timestamp>3599.996606</timestamp>
			</report>
			<report>
				<misses>10011001</misses>
				<total>11</total>
				<timestamp>3600.356272</timestamp>
			</report>
			<report>
				<misses>10012001</misses>
				<total>11</total>
				<timestamp>3600.715868</timestamp>
			</report>
			<report>
				<misses>10013001</misses>
				<total>11</total>
				<timestamp>3601.075565</timestamp>
			</report>
			<report>
				<misses>10014001</misses>
				<total>11</total>
				<timestamp>3601.435164</timestamp>
			</report>
			<report>
				<misses>10015001</misses>
				<total>11</total>
				<timestamp>3601.794779</timestamp>
			</report>
			<report>
				<misses>10016001</misses>
				<total>11</total>
				<timestamp>3602.154436</timestamp>
			</report>
			<report>
				<misses>10017001</misses>
				<total>11</total>
				<timestamp>3602.514092</timestamp>
			</report>
			<report>
				<misses>10018001</misses>
				<total>11</total>
				<timestamp>3602.873702</timestamp>
			</report>
			<report>
				<misses>10019001</misses>
				<total>11</total>
				<timestamp>3603.233424</timestamp>
			</report>
			<report>
				<misses>10020001</misses>
				<total>11</total>
				<timestamp>3603.592984</timestamp>
			</report>
			<report>
				<misses>10021001</misses>
				<total>11</total>
				<timestamp>3603.952617</timestamp>
			</report>
			<report>
				<misses>10022001</misses>
				<total>11</total>
				<timestamp>3604.312269</timestamp>
			</report>
			<report>
				<misses>10023001</misses>
				<total>11</total>
				<timestamp>3604.671955</timestamp>
			</report>
			<report>
				<misses>10024001</misses>
				<total>11</total>
				<timestamp>3605.031580</timestamp>
			</report>
			<report>
				<misses>10025001</misses>
				<total>11</total>
				<timestamp>3605.391249</timestamp>
			</report>
			<report>
				<misses>10026001</misses>
				<total>11</total>
				<timestamp>3605.750827</timestamp>
			</report>
			<report>
				<misses>10027001</misses>
				<total>11</total>
				<timestamp>3606.110485</timestamp>
			</report>
			<report>
				<misses>10028001</misses>
				<total>11</total>
				<timestamp>3606.470166</timestamp>
			</report>
			<report>
				<misses>10029001</misses>
				<total>11</total>
				<timestamp>3606.829781</timestamp>
			</report>
			<report>
				<misses>10030001</misses>
				<total>11</total>
				<timestamp>3607.189430</timestamp>
			</report>
			<report>
				<misses>10031001</misses>
				<total>11</total>
				<timestamp>3607.549017</timestamp>
			</report>
			<report>
				<misses>10032001</misses>
				<total>11</total>
				<timestamp>3607.908792</timestamp>
			</report>
			<report>
				<misses>10033001</misses>
				<total>11</total>
				<timestamp>3608.268355</timestamp>
			</report>
			<report>
				<misses>10034001</misses>
				<total>11</total>
				<timestamp>3608.628005</timestamp>
			</report>
			<report>
				<misses>10035001</misses>
				<total>11</total>
				<timestamp>3608.987625</timestamp>
			</report>
			<report>
				<misses>10036001</misses>
				<total>11</total>
				<timestamp>3609.347304</timestamp>
			</report>
			<report>
				<misses>10037001</misses>
				<total>11</total>
				<timestamp>3609.706901</timestamp>
			</report>
			<report>
				<misses>10038001</misses>
				<total>11</total>
				<timestamp>3610.066565</timestamp>
			</report>
			<report>
				<misses>10039001</misses>
				<total>11</total>
				<timestamp>3610.426164</timestamp>
			</report>
			<report>
				<misses>10040001</misses>
				<total>11</total>
				<timestamp>3610.785777</timestamp>
			</report>
			<report>
				<misses>10041001</misses>
				<total>11</total>
				<timestamp>3611.145469</timestamp>
			</report>
			<report>
				<misses>10042001</misses>
				<total>11</total>
				<timestamp>3611.505112</timestamp>
			</report>
			<report>
				<misses>10043001</misses>
				<total>11</total>
				<timestamp>3611.864702</timestamp>
			</report>
			<report>
				<misses>10044001</misses>
				<total>11</total>
				<timestamp>3612.224390</timestamp>
			</report>
			<report>
				<misses>10045001</misses>
				<total>11</total>
				<timestamp>3612.583972</timestamp>
			</report>
			<report>
				<misses>10046001</misses>
				<total>11</total>
				<timestamp>3612.943637</timestamp>
			</report>
			<report>
				<misses>10047001</misses>
				<total>11</total>
				<timestamp>3613.303339</timestamp>
			</report>
			<report>
				<misses>10048001</misses>
				<total>11</total>
				<timestamp>3613.662900</timestamp>
			</report>
			<report>
				<misses>10049001</misses>
				<total>11</total>
				<timestamp>3614.022579</timestamp>
			</report>
			<report>
				<misses>10050001</misses>
				<total>11</total>
				<timestamp>3614.382209</timestamp>
			</report>
			<report>
				<misses>10051001</misses>
				<total>11</total>
				<timestamp>3614.741834</timestamp>
			</report>
			<report>
				<misses>10052001</misses>
				<total>11</total>
				<timestamp>3615.101498</timestamp>
			</report>
			<report>
				<misses>10053001</misses>
				<total>11</total>
				<timestamp>3615.461142</timestamp>
			</report>
			<report>
				<misses>10054001</misses>
				<total>11</total>
				<timestamp>3615.820736</timestamp>
			</report>
			<report>
				<misses>10055001</misses>
				<total>11</total>
				<timestamp>3616.180433</timestamp>
			</report>
			<report>
				<misses>10056001</misses>
				<total>11</total>
				<timestamp>3616.540026</timestamp>
			</report>
			<report>
				<misses>10057001</misses>
				<total>11</total>
				<timestamp>3616.899661</timestamp>
			</report>
			<report>
				<misses>10058001</misses>
				<total>11</total>
				<timestamp>3617.259326</timestamp>
			</report>
			<report>
				<misses>10059001</misses>
				<total>11</total>
				<timestamp>3617.619001</timestamp>
			</report>
			<report>
				<misses>10060001</misses>
				<total>11</total>
				<timestamp>3617.978582</timestamp>
			</report>
			<report>
				<misses>10061001</misses>
				<total>11</total>
				<timestamp>3618.338223</timestamp>
			</report>
			<report>
				<misses>10062001</misses>
				<total>11</total>
				<timestamp>3618.697846</timestamp>
			</report>
			<report>
				<misses>10063001</misses>
				<total>11</total>
				<timestamp>3619.057522</timestamp>
			</report>
			<report>
				<misses>10064001</misses>
				<total>11</total>
				<timestamp>3619.417181</timestamp>
			</report>
			<report>
				<misses>10065001</misses>
				<total>11</total>
				<timestamp>3619.776836</timestamp>
			</report>
			<report>
				<misses>10066001</misses>
				<total>11</total>
				<timestamp>3620.136454</timestamp>
			</report>
			<report>
				<misses>10067001</misses>
				<total>11</total>
				<timestamp>3620.496055</timestamp>
			</report>
			<report>
				<misses>10068001</misses>
				<total>11</total>
				<timestamp>3620.855773</timestamp>
			</report>
			<report>
				<misses>10069001</misses>
				<total>11</total>
				<timestamp>3621.215377</timestamp>
			</report>
			<report>
				<misses>10070001</misses>
				<total>11</total>
				<timestamp>3621.575086</timestamp>
			</report>
			<report>
				<misses>10071001</misses>
				<total>11</total>
				<timestamp>3621.934611</timestamp>
			</report>
			<report>
				<misses>10072001</misses>
				<total>11</total>
				<timestamp>3622.294334</timestamp>
			</report>
			<report>
				<misses>10073001</misses>
				<total>12</total>
				<timestamp>3622.653895</timestamp>
			</report>
			<report>
				<misses>10074001</misses>
				<total>12</total>
				<timestamp>3623.013549</timestamp>
			</report>
			<report>
				<misses>10075001</misses>
				<total>12</total>
				<timestamp>3623.373220</timestamp>
			</report>
			<report>
				<misses>10076001</misses>
				<total>12</total>
				<timestamp>3623.732813</timestamp>
			</report>
			<report>
				<misses>10077001</misses>
				<total>12</total>
				<timestamp>3624.092462</timestamp>
			</report>
			<report>
				<misses>10078001</misses>
				<total>12</total>
				<timestamp>3624.452257</timestamp>
			</report>
			<report>
				<misses>10079001</misses>
				<total>12</total>
				<timestamp>3624.811781</timestamp>
			</report>
			<report>
				<misses>10080001</misses>
				<total>12</total>
				<timestamp>3625.171436</timestamp>
			</report>
			<report>
				<misses>10081001</misses>
				<total>12</total>
				<timestamp>3625.531029</timestamp>
			</report>
			<report>
				<misses>10082001</misses>
				<total>12</total>
				<timestamp>3625.890677</timestamp>
			</report>
			<report>
				<misses>10083001</misses>
				<total>12</total>
				<timestamp>3626.250295</timestamp>
			</report>
			<report>
				<misses>10084001</misses>
				<total>12</total>
				<timestamp>3626.609930</timestamp>
			</report>
			<report>
				<misses>10085001</misses>
				<total>12</total>
				<timestamp>3626.969579</timestamp>
			</report>
			<report>
				<misses>10086001</misses>
				<total>12</total>
				<timestamp>3627.329264</timestamp>
			</report>
			<report>
				<misses>10087001</misses>
				<total>12</total>
				<timestamp>3627.688926</timestamp>
			</report>
			<report>
				<misses>10088001</misses>
				<total>12</total>
				<timestamp>3628.048503</timestamp>
			</report>
			<report>
				<misses>10089001</misses>
				<total>12</total>
				<timestamp>3628.408201</timestamp>
			</report>
			<report>
				<misses>10090001</misses>
				<total>12</total>
				<timestamp>3628.767856</timestamp>
			</report>
			<report>
				<misses>10091001</misses>
				<total>12</total>
				<timestamp>3629.127415</timestamp>
			</report>
			<report>
				<misses>10092001</misses>
				<total>12</total>
				<timestamp>3629.487089</timestamp>
			</report>
			<report>
				<misses>10093001</misses>
				<total>12</total>
				<timestamp>3629.846736</timestamp>
			</report>
			<report>
				<misses>10094001</misses>
				<total>12</total>
				<timestamp>3630.206369</timestamp>
			</report>
			<report>
				<misses>10095001</misses>
				<total>12</total>
				<timestamp>3630.566023</timestamp>
			</report>
			<report>
				<misses>10096001</misses>
				<total>12</total>
				<timestamp>3630.925614</timestamp>
			</report>
			<report>
				<misses>10097001</misses>
				<total>12</total>
				<timestamp>3631.285318</timestamp>
			</report>
			<report>
				<misses>10098001</misses>
				<total>12</total>
				<timestamp>3631.644958</timestamp>
			</report>
			<report>
				<misses>10099001</misses>
				<total>12</total>
				<timestamp>3632.004550</timestamp>
			</report>
			<report>
				<misses>10100001</misses>
				<total>12</total>
				<timestamp>3632.364219</timestamp>
			</report>
			<report>
				<misses>10101001</misses>
				<total>12</total>
				<timestamp>3632.723839</timestamp>
			</report>
			<report>
				<misses>10102001</misses>
				<total>12</total>
				<timestamp>3633.083507</timestamp>
			</report>
			<report>
				<misses>10103001</misses>
				<total>12</total>
				<timestamp>3633.443147</timestamp>
			</report>
			<report>
				<misses>10104001</misses>
				<total>12</total>
				<timestamp>3633.802766</timestamp>
			</report>
			<report>
				<misses>10105001</misses>
				<total>12</total>
				<timestamp>3634.162456</timestamp>
			</report>
			<report>
				<misses>10106001</misses>
				<total>12</total>
				<timestamp>3634.522064</timestamp>
			</report>
			<report>
				<misses>10107001</misses>
				<total>12</total>
				<timestamp>3634.881651</timestamp>
			</report>
			<report>
				<misses>10108001</misses>
				<total>12</total>
				<timestamp>3635.241302</timestamp>
			</report>
			<report>
				<misses>10109001</misses>
				<total>12</total>
				<timestamp>3635.600930</timestamp>
			</report>
			<report>
				<misses>10110001</misses>
				<total>12</total>
				<timestamp>3635.960600</timestamp>
			</report>
			<report>
				<misses>10111001</misses>
				<total>12</total>
				<timestamp>3636.320227</timestamp>
			</report>
			<report>
				<misses>10112001</misses>
				<total>12</total>
				<timestamp>3636.679867</timestamp>
			</report>
			<report>
				<misses>10113001</misses>
				<total>12</total>
				<timestamp>3637.039505</timestamp>
			</report>
			<report>
				<misses>10114001</misses>
				<total>12</total>
				<timestamp>3637.399172</timestamp>
			</report>
			<report>
				<misses>10115001</misses>
				<total>12</total>
				<timestamp>3637.758766</timestamp>
			</report>
			<report>
				<misses>10116001</misses>
				<total>12</total>
				<timestamp>3638.118419</timestamp>
			</report>
			<report>
				<misses>10117001</misses>
				<total>12</total>
				<timestamp>3638.478151</timestamp>
			</report>
			<report>
				<misses>10118001</misses>
				<total>12</total>
				<timestamp>3638.837702</timestamp>
			</report>
			<report>
				<misses>10119001</misses>
				<total>12</total>
				<timestamp>3639.197393</timestamp>
			</report>
			<report>
				<misses>10120001</misses>
				<total>12</total>
				<timestamp>3639.557013</timestamp>
			</report>
			<report>
				<misses>10121001</misses>
				<total>12</total>
				<timestamp>3639.916633</timestamp>
			</report>
			<report>
				<misses>10122001</misses>
				<total>12</total>
				<timestamp>3640.276354</timestamp>
			</report>
			<report>
				<misses>10123001</misses>
				<total>12</total>
				<timestamp>3640.635894</timestamp>
			</report>
			<report>
				<misses>10124001</misses>
				<total>12</total>
				<timestamp>3640.995622</timestamp>
			</report>
			<report>
				<misses>10125001</misses>
				<total>12</total>
				<timestamp>3641.355210</timestamp>
			</report>
			<report>
				<misses>10126001</misses>
				<total>12</total>
				<timestamp>3641.714934</timestamp>
			</report>
			<report>
				<misses>10127001</misses>
				<total>12</total>
				<timestamp>3642.074456</timestamp>
			</report>
			<report>
				<misses>10128001</misses>
				<total>12</total>
				<timestamp>3642.434186</timestamp>
			</report>
			<report>
				<misses>10129001</misses>
				<total>12</total>
				<timestamp>3642.793744</timestamp>
			</report>
			<report>
				<misses>10130001</misses>
				<total>12</total>
				<timestamp>3643.153364</timestamp>
			</report>
			<report>
				<misses>10131001</misses>
				<total>12</total>
				<timestamp>3643.513050</timestamp>
			</report>
			<report>
				<misses>10132001</misses>
				<total>12</total>
				<timestamp>3643.872645</timestamp>
			</report>
			<report>
				<misses>10133001</misses>
				<total>12</total>
				<timestamp>3644.232366</timestamp>
			</report>
			<report>
				<misses>10134001</misses>
				<total>12</total>
				<timestamp>3644.592001</timestamp>
			</report>
			<report>
				<misses>10135001</misses>
				<total>12</total>
				<timestamp>3644.951558</timestamp>
			</report>
			<report>
				<misses>10136001</misses>
				<total>12</total>
				<timestamp>3645.311253</timestamp>
			</report>
			<report>
				<misses>10137001</misses>
				<total>12</total>
				<timestamp>3645.670859</timestamp>
			</report>
			<report>
				<misses>10138001</misses>
				<total>12</total>
				<timestamp>3646.030492</timestamp>
			</report>
			<report>
				<misses>10139001</misses>
				<total>12</total>
				<timestamp>3646.390171</timestamp>
			</report>
			<report>
				<misses>10140001</misses>
				<total>12</total>
				<timestamp>3646.749829</timestamp>
			</report>
			<report>
				<misses>10141001</misses>
				<total>12</total>
				<timestamp>3647.109484</timestamp>
			</report>
			<report>
				<misses>10142001</misses>
				<total>12</total>
				<timestamp>3647.469116</timestamp>
			</report>
			<report>
				<misses>10143001</misses>
				<total>12</total>
				<timestamp>3647.828704</timestamp>
			</report>
			<report>
				<misses>10144001</misses>
				<total>12</total>
				<timestamp>3648.188365</timestamp>
			</report>
			<report>
				<misses>10145001</misses>
				<total>12</total>
				<timestamp>3648.548083</timestamp>
			</report>
			<report>
				<misses>10146001</misses>
				<total>12</total>
				<timestamp>3648.907655</timestamp>
			</report>
			<report>
				<misses>10147001</misses>
				<total>12</total>
				<timestamp>3649.267280</timestamp>
			</report>
			<report>
				<misses>10148001</misses>
				<total>12</total>
				<timestamp>3649.626941</timestamp>
			</report>
			<report>
				<misses>10149001</misses>
				<total>12</total>
				<timestamp>3649.986580</timestamp>
			</report>
			<report>
				<misses>10150001</misses>
				<total>12</total>
				<timestamp>3650.346265</timestamp>
			</report>
			<report>
				<misses>10151001</misses>
				<total>12</total>
				<timestamp>3650.705843</timestamp>
			</report>
			<report>
				<misses>10152001</misses>
				<total>12</total>
				<timestamp>3651.065551</timestamp>
			</report>
			<report>
				<misses>10153001</misses>
				<total>12</total>
				<timestamp>3651.425135</timestamp>
			</report>
			<report>
				<misses>10154001</misses>
				<total>12</total>
				<timestamp>3651.784824</timestamp>
			</report>
			<report>
				<misses>10155001</misses>
				<total>12</total>
				<timestamp>3652.144449</timestamp>
			</report>
			<report>
				<misses>10156001</misses>
				<total>12</total>
				<timestamp>3652.504095</timestamp>
			</report>
			<report>
				<misses>10157001</misses>
				<total>12</total>
				<timestamp>3652.863668</timestamp>
			</report>
			<report>
				<misses>10158001</misses>
				<total>12</total>
				<timestamp>3653.223299</timestamp>
			</report>
			<report>
				<misses>10159001</misses>
				<total>12</total>
				<timestamp>3653.583012</timestamp>
			</report>
			<report>
				<misses>10160001</misses>
				<total>12</total>
				<timestamp>3653.942621</timestamp>
			</report>
			<report>
				<misses>10161001</misses>
				<total>12</total>
				<timestamp>3654.302225</timestamp>
			</report>
			<report>
				<misses>10162001</misses>
				<total>12</total>
				<timestamp>3654.661888</timestamp>
			</report>
			<report>
				<misses>10163001</misses>
				<total>12</total>
				<timestamp>3655.021535</timestamp>
			</report>
			<report>
				<misses>10164001</misses>
				<total>12</total>
				<timestamp>3655.381310</timestamp>
			</report>
			<report>
				<misses>10165001</misses>
				<total>12</total>
				<timestamp>3655.740781</timestamp>
			</report>
			<report>
				<misses>10166001</misses>
				<total>12</total>
				<timestamp>3656.100427</timestamp>
			</report>
			<report>
				<misses>10167001</misses>
				<total>12</total>
				<timestamp>3656.460136</timestamp>
			</report>
			<report>
				<misses>10168001</misses>
				<total>12</total>
				<timestamp>3656.819696</timestamp>
			</report>
			<report>
				<misses>10169001</misses>
				<total>12</total>
				<timestamp>3657.179410</timestamp>
			</report>
			<report>
				<misses>10170001</misses>
				<total>12</total>
				<timestamp>3657.539006</timestamp>
			</report>
			<report>
				<misses>10171001</misses>
				<total>12</total>
				<timestamp>3657.898613</timestamp>
			</report>
			<report>
				<misses>10172001</misses>
				<total>12</total>
				<timestamp>3658.258329</timestamp>
			</report>
			<report>
				<misses>10173001</misses>
				<total>12</total>
				<timestamp>3658.617920</timestamp>
			</report>
			<report>
				<misses>10174001</misses>
				<total>12</total>
				<timestamp>3658.977595</timestamp>
			</report>
			<report>
				<misses>10175001</misses>
				<total>12</total>
				<timestamp>3659.337189</timestamp>
			</report>
			<report>
				<misses>10176001</misses>
				<total>12</total>
				<timestamp>3659.696812</timestamp>
			</report>
			<report>
				<misses>10177001</misses>
				<total>12</total>
				<timestamp>3660.056448</timestamp>
			</report>
			<report>
				<misses>10178001</misses>
				<total>12</total>
				<timestamp>3660.416116</timestamp>
			</report>
			<report>
				<misses>10179001</misses>
				<total>12</total>
				<timestamp>3660.775731</timestamp>
			</report>
			<report>
				<misses>10180001</misses>
				<total>12</total>
				<timestamp>3661.135373</timestamp>
			</report>
			<report>
				<misses>10181001</misses>
				<total>12</total>
				<timestamp>3661.495083</timestamp>
			</report>
			<report>
				<misses>10182001</misses>
				<total>12</total>
				<timestamp>3661.854666</timestamp>
			</report>
			<report>
				<misses>10183001</misses>
				<total>12</total>
				<timestamp>3662.214309</timestamp>
			</report>
			<report>
				<misses>10184001</misses>
				<total>12</total>
				<timestamp>3662.574004</timestamp>
			</report>
			<report>
				<misses>10185001</misses>
				<total>12</total>
				<timestamp>3662.933570</timestamp>
			</report>
			<report>
				<misses>10186001</misses>
				<total>12</total>
				<timestamp>3663.293224</timestamp>
			</report>
			<report>
				<misses>10187001</misses>
				<total>12</total>
				<timestamp>3663.652858</timestamp>
			</report>
			<report>
				<misses>10188001</misses>
				<total>12</total>
				<timestamp>3664.012536</timestamp>
			</report>
			<report>
				<misses>10189001</misses>
				<total>12</total>
				<timestamp>3664.372154</timestamp>
			</report>
			<report>
				<misses>10190001</misses>
				<total>12</total>
				<timestamp>3664.731776</timestamp>
			</report>
			<report>
				<misses>10191001</misses>
				<total>12</total>
				<timestamp>3665.091412</timestamp>
			</report>
			<report>
				<misses>10192001</misses>
				<total>12</total>
				<timestamp>3665.451135</timestamp>
			</report>
			<report>
				<misses>10193001</misses>
				<total>12</total>
				<timestamp>3665.810699</timestamp>
			</report>
			<report>
				<misses>10194001</misses>
				<total>12</total>
				<timestamp>3666.170364</timestamp>
			</report>
			<report>
				<misses>10195001</misses>
				<total>12</total>
				<timestamp>3666.530005</timestamp>
			</report>
			<report>
				<misses>10196001</misses>
				<total>12</total>
				<timestamp>3666.889669</timestamp>
			</report>
			<report>
				<misses>10197001</misses>
				<total>12</total>
				<timestamp>3667.249334</timestamp>
			</report>
			<report>
				<misses>10198001</misses>
				<total>12</total>
				<timestamp>3667.608933</timestamp>
			</report>
			<report>
				<misses>10199001</misses>
				<total>12</total>
				<timestamp>3667.968548</timestamp>
			</report>
			<report>
				<misses>10200001</misses>
				<total>12</total>
				<timestamp>3668.328185</timestamp>
			</report>
			<report>
				<misses>10201001</misses>
				<total>12</total>
				<timestamp>3668.687841</timestamp>
			</report>
			<report>
				<misses>10202001</misses>
				<total>12</total>
				<timestamp>3669.047450</timestamp>
			</report>
			<report>
				<misses>10203001</misses>
				<total>12</total>
				<timestamp>3669.407147</timestamp>
			</report>
			<report>
				<misses>10204001</misses>
				<total>12</total>
				<timestamp>3669.766762</timestamp>
			</report>
			<report>
				<misses>10205001</misses>
				<total>12</total>
				<timestamp>3670.126429</timestamp>
			</report>
			<report>
				<misses>10206001</misses>
				<total>12</total>
				<timestamp>3670.486061</timestamp>
			</report>
			<report>
				<misses>10207001</misses>
				<total>12</total>
				<timestamp>3670.845703</timestamp>
			</report>
			<report>
				<misses>10208001</misses>
				<total>12</total>
				<timestamp>3671.205295</timestamp>
			</report>
			<report>
				<misses>10209001</misses>
				<total>12</total>
				<timestamp>3671.564973</timestamp>
			</report>
			<report>
				<misses>10210001</misses>
				<total>12</total>
				<timestamp>3671.924625</timestamp>
			</report>
			<report>
				<misses>10211001</misses>
				<total>12</total>
				<timestamp>3672.284244</timestamp>
			</report>
			<report>
				<misses>10212001</misses>
				<total>12</total>
				<timestamp>3672.643877</timestamp>
			</report>
			<report>
				<misses>10213001</misses>
				<total>12</total>
				<timestamp>3673.003533</timestamp>
			</report>
			<report>
				<misses>10214001</misses>
				<total>12</total>
				<timestamp>3673.363131</timestamp>
			</report>
			<report>
				<misses>10215001</misses>
				<total>12</total>
				<timestamp>3673.722790</timestamp>
			</report>
			<report>
				<misses>10216001</misses>
				<total>12</total>
				<timestamp>3674.082441</timestamp>
			</report>
			<report>
				<misses>10217001</misses>
				<total>12</total>
				<timestamp>3674.442087</timestamp>
			</report>
			<report>
				<misses>10218001</misses>
				<total>12</total>
				<timestamp>3674.801710</timestamp>
			</report>
			<report>
				<misses>10219001</misses>
				<total>12</total>
				<timestamp>3675.161364</timestamp>
			</report>
			<report>
				<misses>10220001</misses>
				<total>12</total>
				<timestamp>3675.521087</timestamp>
			</report>
			<report>
				<misses>10221001</misses>
				<total>12</total>
				<timestamp>3675.880622</timestamp>
			</report>
			<report>
				<misses>10222001</misses>
				<total>12</total>
				<timestamp>3676.240291</timestamp>
			</report>
			<report>
				<misses>10223001</misses>
				<total>12</total>
				<timestamp>3676.600017</timestamp>
			</report>
			<report>
				<misses>10224001</misses>
				<total>12</total>
				<timestamp>3676.959547</timestamp>
			</report>
			<report>
				<misses>10225001</misses>
				<total>12</total>
				<timestamp>3677.319218</timestamp>
			</report>
			<report>
				<misses>10226001</misses>
				<total>12</total>
				<timestamp>3677.678831</timestamp>
			</report>
			<report>
				<misses>10227001</misses>
				<total>12</total>
				<timestamp>3678.038441</timestamp>
			</report>
			<report>
				<misses>10228001</misses>
				<total>12</total>
				<timestamp>3678.398106</timestamp>
			</report>
			<report>
				<misses>10229001</misses>
				<total>12</total>
				<timestamp>3678.757846</timestamp>
			</report>
			<report>
				<misses>10230001</misses>
				<total>12</total>
				<timestamp>3679.117385</timestamp>
			</report>
			<report>
				<misses>10231001</misses>
				<total>12</total>
				<timestamp>3679.477093</timestamp>
			</report>
			<report>
				<misses>10232001</misses>
				<total>12</total>
				<timestamp>3679.836689</timestamp>
			</report>
			<report>
				<misses>10233001</misses>
				<total>12</total>
				<timestamp>3680.196311</timestamp>
			</report>
			<report>
				<misses>10234001</misses>
				<total>12</total>
				<timestamp>3680.555993</timestamp>
			</report>
			<report>
				<misses>10235001</misses>
				<total>12</total>
				<timestamp>3680.915571</timestamp>
			</report>
			<report>
				<misses>10236001</misses>
				<total>12</total>
				<timestamp>3681.275225</timestamp>
			</report>
			<report>
				<misses>10237001</misses>
				<total>12</total>
				<timestamp>3681.634954</timestamp>
			</report>
			<report>
				<misses>10238001</misses>
				<total>12</total>
				<timestamp>3681.994537</timestamp>
			</report>
			<report>
				<misses>10239001</misses>
				<total>12</total>
				<timestamp>3682.354142</timestamp>
			</report>
			<report>
				<misses>10240001</misses>
				<total>12</total>
				<timestamp>3682.713799</timestamp>
			</report>
			<report>
				<misses>10241001</misses>
				<total>12</total>
				<timestamp>3683.073419</timestamp>
			</report>
			<report>
				<misses>10242001</misses>
				<total>12</total>
				<timestamp>3683.433077</timestamp>
			</report>
			<report>
				<misses>10243001</misses>
				<total>12</total>
				<timestamp>3683.792742</timestamp>
			</report>
			<report>
				<misses>10244001</misses>
				<total>12</total>
				<timestamp>3684.152356</timestamp>
			</report>
			<report>
				<misses>10245001</misses>
				<total>12</total>
				<timestamp>3684.512057</timestamp>
			</report>
			<report>
				<misses>10246001</misses>
				<total>12</total>
				<timestamp>3684.871621</timestamp>
			</report>
			<report>
				<misses>10247001</misses>
				<total>12</total>
				<timestamp>3685.231284</timestamp>
			</report>
			<report>
				<misses>10248001</misses>
				<total>12</total>
				<timestamp>3685.590913</timestamp>
			</report>
			<report>
				<misses>10249001</misses>
				<total>12</total>
				<timestamp>3685.950592</timestamp>
			</report>
			<report>
				<misses>10250001</misses>
				<total>12</total>
				<timestamp>3686.310183</timestamp>
			</report>
			<report>
				<misses>10251001</misses>
				<total>12</total>
				<timestamp>3686.669878</timestamp>
			</report>
			<report>
				<misses>10252001</misses>
				<total>12</total>
				<timestamp>3687.029491</timestamp>
			</report>
			<report>
				<misses>10253001</misses>
				<total>12</total>
				<timestamp>3687.389129</timestamp>
			</report>
			<report>
				<misses>10254001</misses>
				<total>12</total>
				<timestamp>3687.748757</timestamp>
			</report>
			<report>
				<misses>10255001</misses>
				<total>12</total>
				<timestamp>3688.108381</timestamp>
			</report>
			<report>
				<misses>10256001</misses>
				<total>12</total>
				<timestamp>3688.468131</timestamp>
			</report>
			<report>
				<misses>10257001</misses>
				<total>12</total>
				<timestamp>3688.827743</timestamp>
			</report>
			<report>
				<misses>10258001</misses>
				<total>12</total>
				<timestamp>3689.187311</timestamp>
			</report>
			<report>
				<misses>10259001</misses>
				<total>12</total>
				<timestamp>3689.546982</timestamp>
			</report>
			<report>
				<misses>10260001</misses>
				<total>12</total>
				<timestamp>3689.906634</timestamp>
			</report>
			<report>
				<misses>10261001</misses>
				<total>12</total>
				<timestamp>3690.266220</timestamp>
			</report>
			<report>
				<misses>10262001</misses>
				<total>12</total>
				<timestamp>3690.625916</timestamp>
			</report>
			<report>
				<misses>10263001</misses>
				<total>12</total>
				<timestamp>3690.985492</timestamp>
			</report>
			<report>
				<misses>10264001</misses>
				<total>12</total>
				<timestamp>3691.345180</timestamp>
			</report>
			<report>
				<misses>10265001</misses>
				<total>12</total>
				<timestamp>3691.704857</timestamp>
			</report>
			<report>
				<misses>10266001</misses>
				<total>12</total>
				<timestamp>3692.064520</timestamp>
			</report>
			<report>
				<misses>10267001</misses>
				<total>12</total>
				<timestamp>3692.424117</timestamp>
			</report>
			<report>
				<misses>10268001</misses>
				<total>12</total>
				<timestamp>3692.783687</timestamp>
			</report>
			<report>
				<misses>10269001</misses>
				<total>12</total>
				<timestamp>3693.143347</timestamp>
			</report>
			<report>
				<misses>10270001</misses>
				<total>12</total>
				<timestamp>3693.503012</timestamp>
			</report>
			<report>
				<misses>10271001</misses>
				<total>12</total>
				<timestamp>3693.862629</timestamp>
			</report>
			<report>
				<misses>10272001</misses>
				<total>12</total>
				<timestamp>3694.222317</timestamp>
			</report>
			<report>
				<misses>10273001</misses>
				<total>12</total>
				<timestamp>3694.581965</timestamp>
			</report>
			<report>
				<misses>10274001</misses>
				<total>12</total>
				<timestamp>3694.941604</timestamp>
			</report>
			<report>
				<misses>10275001</misses>
				<total>12</total>
				<timestamp>3695.301227</timestamp>
			</report>
			<report>
				<misses>10276001</misses>
				<total>12</total>
				<timestamp>3695.660838</timestamp>
			</report>
			<report>
				<misses>10277001</misses>
				<total>12</total>
				<timestamp>3696.020457</timestamp>
			</report>
			<report>
				<misses>10278001</misses>
				<total>12</total>
				<timestamp>3696.380167</timestamp>
			</report>
			<report>
				<misses>10279001</misses>
				<total>12</total>
				<timestamp>3696.739809</timestamp>
			</report>
			<report>
				<misses>10280001</misses>
				<total>12</total>
				<timestamp>3697.099381</timestamp>
			</report>
			<report>
				<misses>10281001</misses>
				<total>12</total>
				<timestamp>3697.459031</timestamp>
			</report>
			<report>
				<misses>10282001</misses>
				<total>12</total>
				<timestamp>3697.818649</timestamp>
			</report>
			<report>
				<misses>10283001</misses>
				<total>12</total>
				<timestamp>3698.178324</timestamp>
			</report>
			<report>
				<misses>10284001</misses>
				<total>12</total>
				<timestamp>3698.538013</timestamp>
			</report>
			<report>
				<misses>10285001</misses>
				<total>12</total>
				<timestamp>3698.897617</timestamp>
			</report>
			<report>
				<misses>10286001</misses>
				<total>12</total>
				<timestamp>3699.257234</timestamp>
			</report>
			<report>
				<misses>10287001</misses>
				<total>12</total>
				<timestamp>3699.616872</timestamp>
			</report>
			<report>
				<misses>10288001</misses>
				<total>12</total>
				<timestamp>3699.976498</timestamp>
			</report>
			<report>
				<misses>10289001</misses>
				<total>12</total>
				<timestamp>3700.336210</timestamp>
			</report>
			<report>
				<misses>10290001</misses>
				<total>12</total>
				<timestamp>3700.695814</timestamp>
			</report>
			<report>
				<misses>10291001</misses>
				<total>12</total>
				<timestamp>3701.055412</timestamp>
			</report>
			<report>
				<misses>10292001</misses>
				<total>12</total>
				<timestamp>3701.415068</timestamp>
			</report>
			<report>
				<misses>10293001</misses>
				<total>12</total>
				<timestamp>3701.774788</timestamp>
			</report>
			<report>
				<misses>10294001</misses>
				<total>12</total>
				<timestamp>3702.134352</timestamp>
			</report>
			<report>
				<misses>10295001</misses>
				<total>12</total>
				<timestamp>3702.493994</timestamp>
			</report>
			<report>
				<misses>10296001</misses>
				<total>12</total>
				<timestamp>3702.853598</timestamp>
			</report>
			<report>
				<misses>10297001</misses>
				<total>12</total>
				<timestamp>3703.213256</timestamp>
			</report>
			<report>
				<misses>10298001</misses>
				<total>12</total>
				<timestamp>3703.573034</timestamp>
			</report>
			<report>
				<misses>10299001</misses>
				<total>12</total>
				<timestamp>3703.932579</timestamp>
			</report>
			<report>
				<misses>10300001</misses>
				<total>12</total>
				<timestamp>3704.292193</timestamp>
			</report>
			<report>
				<misses>10301001</misses>
				<total>12</total>
				<timestamp>3704.651817</timestamp>
			</report>
			<report>
				<misses>10302001</misses>
				<total>12</total>
				<timestamp>3705.011496</timestamp>
			</report>
			<report>
				<misses>10303001</misses>
				<total>12</total>
				<timestamp>3705.371118</timestamp>
			</report>
			<report>
				<misses>10304001</misses>
				<total>12</total>
				<timestamp>3705.730783</timestamp>
			</report>
			<report>
				<misses>10305001</misses>
				<total>12</total>
				<timestamp>3706.090490</timestamp>
			</report>
			<report>
				<misses>10306001</misses>
				<total>12</total>
				<timestamp>3706.450018</timestamp>
			</report>
			<report>
				<misses>10307001</misses>
				<total>12</total>
				<timestamp>3706.809759</timestamp>
			</report>
			<report>
				<misses>10308001</misses>
				<total>12</total>
				<timestamp>3707.169408</timestamp>
			</report>
			<report>
				<misses>10309001</misses>
				<total>12</total>
				<timestamp>3707.528946</timestamp>
			</report>
			<report>
				<misses>10310001</misses>
				<total>12</total>
				<timestamp>3707.888626</timestamp>
			</report>
			<report>
				<misses>10311001</misses>
				<total>12</total>
				<timestamp>3708.248210</timestamp>
			</report>
			<report>
				<misses>10312001</misses>
				<total>12</total>
				<timestamp>3708.607914</timestamp>
			</report>
			<report>
				<misses>10313001</misses>
				<total>12</total>
				<timestamp>3708.967492</timestamp>
			</report>
			<report>
				<misses>10314001</misses>
				<total>12</total>
				<timestamp>3709.327138</timestamp>
			</report>
			<report>
				<misses>10315001</misses>
				<total>12</total>
				<timestamp>3709.686796</timestamp>
			</report>
			<report>
				<misses>10316001</misses>
				<total>12</total>
				<timestamp>3710.046464</timestamp>
			</report>
			<report>
				<misses>10317001</misses>
				<total>12</total>
				<timestamp>3710.406054</timestamp>
			</report>
			<report>
				<misses>10318001</misses>
				<total>12</total>
				<timestamp>3710.765753</timestamp>
			</report>
			<report>
				<misses>10319001</misses>
				<total>12</total>
				<timestamp>3711.125335</timestamp>
			</report>
			<report>
				<misses>10320001</misses>
				<total>12</total>
				<timestamp>3711.485041</timestamp>
			</report>
			<report>
				<misses>10321001</misses>
				<total>12</total>
				<timestamp>3711.844629</timestamp>
			</report>
			<report>
				<misses>10322001</misses>
				<total>12</total>
				<timestamp>3712.204282</timestamp>
			</report>
			<report>
				<misses>10323001</misses>
				<total>12</total>
				<timestamp>3712.563938</timestamp>
			</report>
			<report>
				<misses>10324001</misses>
				<total>12</total>
				<timestamp>3712.923551</timestamp>
			</report>
			<report>
				<misses>10325001</misses>
				<total>12</total>
				<timestamp>3713.283193</timestamp>
			</report>
			<report>
				<misses>10326001</misses>
				<total>12</total>
				<timestamp>3713.642895</timestamp>
			</report>
			<report>
				<misses>10327001</misses>
				<total>12</total>
				<timestamp>3714.002474</timestamp>
			</report>
			<report>
				<misses>10328001</misses>
				<total>12</total>
				<timestamp>3714.362196</timestamp>
			</report>
			<report>
				<misses>10329001</misses>
				<total>12</total>
				<timestamp>3714.721793</timestamp>
			</report>
			<report>
				<misses>10330001</misses>
				<total>12</total>
				<timestamp>3715.081441</timestamp>
			</report>
			<report>
				<misses>10331001</misses>
				<total>12</total>
				<timestamp>3715.441055</timestamp>
			</report>
			<report>
				<misses>10332001</misses>
				<total>12</total>
				<timestamp>3715.800673</timestamp>
			</report>
			<report>
				<misses>10333001</misses>
				<total>12</total>
				<timestamp>3716.160310</timestamp>
			</report>
			<report>
				<misses>10334001</misses>
				<total>12</total>
				<timestamp>3716.519957</timestamp>
			</report>
			<report>
				<misses>10335001</misses>
				<total>12</total>
				<timestamp>3716.879579</timestamp>
			</report>
			<report>
				<misses>10336001</misses>
				<total>12</total>
				<timestamp>3717.239204</timestamp>
			</report>
			<report>
				<misses>10337001</misses>
				<total>12</total>
				<timestamp>3717.598891</timestamp>
			</report>
			<report>
				<misses>10338001</misses>
				<total>12</total>
				<timestamp>3717.958507</timestamp>
			</report>
			<report>
				<misses>10339001</misses>
				<total>12</total>
				<timestamp>3718.318175</timestamp>
			</report>
			<report>
				<misses>10340001</misses>
				<total>12</total>
				<timestamp>3718.677818</timestamp>
			</report>
			<report>
				<misses>10341001</misses>
				<total>12</total>
				<timestamp>3719.037446</timestamp>
			</report>
			<report>
				<misses>10342001</misses>
				<total>12</total>
				<timestamp>3719.397180</timestamp>
			</report>
			<report>
				<misses>10343001</misses>
				<total>12</total>
				<timestamp>3719.756711</timestamp>
			</report>
			<report>
				<misses>10344001</misses>
				<total>12</total>
				<timestamp>3720.116364</timestamp>
			</report>
			<report>
				<misses>10345001</misses>
				<total>12</total>
				<timestamp>3720.475999</timestamp>
			</report>
			<report>
				<misses>10346001</misses>
				<total>12</total>
				<timestamp>3720.835652</timestamp>
			</report>
			<report>
				<misses>10347001</misses>
				<total>12</total>
				<timestamp>3721.195287</timestamp>
			</report>
			<report>
				<misses>10348001</misses>
				<total>12</total>
				<timestamp>3721.555016</timestamp>
			</report>
			<report>
				<misses>10349001</misses>
				<total>12</total>
				<timestamp>3721.914530</timestamp>
			</report>
			<report>
				<misses>10350001</misses>
				<total>12</total>
				<timestamp>3722.274173</timestamp>
			</report>
			<report>
				<misses>10351001</misses>
				<total>12</total>
				<timestamp>3722.633820</timestamp>
			</report>
			<report>
				<misses>10352001</misses>
				<total>12</total>
				<timestamp>3722.993505</timestamp>
			</report>
			<report>
				<misses>10353001</misses>
				<total>12</total>
				<timestamp>3723.353133</timestamp>
			</report>
			<report>
				<misses>10354001</misses>
				<total>12</total>
				<timestamp>3723.712790</timestamp>
			</report>
			<report>
				<misses>10355001</misses>
				<total>12</total>
				<timestamp>3724.072375</timestamp>
			</report>
			<report>
				<misses>10356001</misses>
				<total>12</total>
				<timestamp>3724.432060</timestamp>
			</report>
			<report>
				<misses>10357001</misses>
				<total>12</total>
				<timestamp>3724.791749</timestamp>
			</report>
			<report>
				<misses>10358001</misses>
				<total>12</total>
				<timestamp>3725.151296</timestamp>
			</report>
			<report>
				<misses>10359001</misses>
				<total>12</total>
				<timestamp>3725.510934</timestamp>
			</report>
			<report>
				<misses>10360001</misses>
				<total>12</total>
				<timestamp>3725.870616</timestamp>
			</report>
			<report>
				<misses>10361001</misses>
				<total>12</total>
				<timestamp>3726.230250</timestamp>
			</report>
			<report>
				<misses>10362001</misses>
				<total>12</total>
				<timestamp>3726.589887</timestamp>
			</report>
			<report>
				<misses>10363001</misses>
				<total>12</total>
				<timestamp>3726.949501</timestamp>
			</report>
			<report>
				<misses>10364001</misses>
				<total>12</total>
				<timestamp>3727.309139</timestamp>
			</report>
			<report>
				<misses>10365001</misses>
				<total>12</total>
				<timestamp>3727.668820</timestamp>
			</report>
			<report>
				<misses>10366001</misses>
				<total>12</total>
				<timestamp>3728.028434</timestamp>
			</report>
			<report>
				<misses>10367001</misses>
				<total>12</total>
				<timestamp>3728.388135</timestamp>
			</report>
			<report>
				<misses>10368001</misses>
				<total>12</total>
				<timestamp>3728.747762</timestamp>
			</report>
			<report>
				<misses>10369001</misses>
				<total>12</total>
				<timestamp>3729.107380</timestamp>
			</report>
			<report>
				<misses>10370001</misses>
				<total>12</total>
				<timestamp>3729.467034</timestamp>
			</report>
			<report>
				<misses>10371001</misses>
				<total>12</total>
				<timestamp>3729.826723</timestamp>
			</report>
			<report>
				<misses>10372001</misses>
				<total>12</total>
				<timestamp>3730.186329</timestamp>
			</report>
			<report>
				<misses>10373001</misses>
				<total>12</total>
				<timestamp>3730.545928</timestamp>
			</report>
			<report>
				<misses>10374001</misses>
				<total>12</total>
				<timestamp>3730.905596</timestamp>
			</report>
			<report>
				<misses>10375001</misses>
				<total>12</total>
				<timestamp>3731.265172</timestamp>
			</report>
			<report>
				<misses>10376001</misses>
				<total>12</total>
				<timestamp>3731.624827</timestamp>
			</report>
			<report>
				<misses>10377001</misses>
				<total>12</total>
				<timestamp>3731.984468</timestamp>
			</report>
			<report>
				<misses>10378001</misses>
				<total>12</total>
				<timestamp>3732.344128</timestamp>
			</report>
			<report>
				<misses>10379001</misses>
				<total>12</total>
				<timestamp>3732.703762</timestamp>
			</report>
			<report>
				<misses>10380001</misses>
				<total>12</total>
				<timestamp>3733.063380</timestamp>
			</report>
			<report>
				<misses>10381001</misses>
				<total>12</total>
				<timestamp>3733.423102</timestamp>
			</report>
			<report>
				<misses>10382001</misses>
				<total>12</total>
				<timestamp>3733.782700</timestamp>
			</report>
			<report>
				<misses>10383001</misses>
				<total>12</total>
				<timestamp>3734.142357</timestamp>
			</report>
			<report>
				<misses>10384001</misses>
				<total>12</total>
				<timestamp>3734.501935</timestamp>
			</report>
			<report>
				<misses>10385001</misses>
				<total>12</total>
				<timestamp>3734.861639</timestamp>
			</report>
			<report>
				<misses>10386001</misses>
				<total>12</total>
				<timestamp>3735.221294</timestamp>
			</report>
			<report>
				<misses>10387001</misses>
				<total>12</total>
				<timestamp>3735.580889</timestamp>
			</report>
			<report>
				<misses>10388001</misses>
				<total>12</total>
				<timestamp>3735.940528</timestamp>
			</report>
			<report>
				<misses>10389001</misses>
				<total>12</total>
				<timestamp>3736.300160</timestamp>
			</report>
			<report>
				<misses>10390001</misses>
				<total>12</total>
				<timestamp>3736.659798</timestamp>
			</report>
			<report>
				<misses>10391001</misses>
				<total>12</total>
				<timestamp>3737.019462</timestamp>
			</report>
			<report>
				<misses>10392001</misses>
				<total>12</total>
				<timestamp>3737.379087</timestamp>
			</report>
			<report>
				<misses>10393001</misses>
				<total>12</total>
				<timestamp>3737.738715</timestamp>
			</report>
			<report>
				<misses>10394001</misses>
				<total>12</total>
				<timestamp>3738.098335</timestamp>
			</report>
			<report>
				<misses>10395001</misses>
				<total>12</total>
				<timestamp>3738.457995</timestamp>
			</report>
			<report>
				<misses>10396001</misses>
				<total>12</total>
				<timestamp>3738.817651</timestamp>
			</report>
			<report>
				<misses>10397001</misses>
				<total>12</total>
				<timestamp>3739.177262</timestamp>
			</report>
			<report>
				<misses>10398001</misses>
				<total>12</total>
				<timestamp>3739.536900</timestamp>
			</report>
			<report>
				<misses>10399001</misses>
				<total>12</total>
				<timestamp>3739.896589</timestamp>
			</report>
			<report>
				<misses>10400001</misses>
				<total>12</total>
				<timestamp>3740.256247</timestamp>
			</report>
			<report>
				<misses>10401001</misses>
				<total>12</total>
				<timestamp>3740.615916</timestamp>
			</report>
			<report>
				<misses>10402001</misses>
				<total>12</total>
				<timestamp>3740.975476</timestamp>
			</report>
			<report>
				<misses>10403001</misses>
				<total>12</total>
				<timestamp>3741.335097</timestamp>
			</report>
			<report>
				<misses>10404001</misses>
				<total>12</total>
				<timestamp>3741.694774</timestamp>
			</report>
			<report>
				<misses>10405001</misses>
				<total>12</total>
				<timestamp>3742.054377</timestamp>
			</report>
			<report>
				<misses>10406001</misses>
				<total>12</total>
				<timestamp>3742.414036</timestamp>
			</report>
			<report>
				<misses>10407001</misses>
				<total>12</total>
				<timestamp>3742.773664</timestamp>
			</report>
			<report>
				<misses>10408001</misses>
				<total>12</total>
				<timestamp>3743.133297</timestamp>
			</report>
			<report>
				<misses>10409001</misses>
				<total>12</total>
				<timestamp>3743.492963</timestamp>
			</report>
			<report>
				<misses>10410001</misses>
				<total>12</total>
				<timestamp>3743.852649</timestamp>
			</report>
			<report>
				<misses>10411001</misses>
				<total>12</total>
				<timestamp>3744.212241</timestamp>
			</report>
			<report>
				<misses>10412001</misses>
				<total>12</total>
				<timestamp>3744.571868</timestamp>
			</report>
			<report>
				<misses>10413001</misses>
				<total>12</total>
				<timestamp>3744.931539</timestamp>
			</report>
			<report>
				<misses>10414001</misses>
				<total>12</total>
				<timestamp>3745.291138</timestamp>
			</report>
			<report>
				<misses>10415001</misses>
				<total>12</total>
				<timestamp>3745.650807</timestamp>
			</report>
			<report>
				<misses>10416001</misses>
				<total>12</total>
				<timestamp>3746.010439</timestamp>
			</report>
			<report>
				<misses>10417001</misses>
				<total>12</total>
				<timestamp>3746.370067</timestamp>
			</report>
			<report>
				<misses>10418001</misses>
				<total>12</total>
				<timestamp>3746.729796</timestamp>
			</report>
			<report>
				<misses>10419001</misses>
				<total>12</total>
				<timestamp>3747.089367</timestamp>
			</report>
			<report>
				<misses>10420001</misses>
				<total>12</total>
				<timestamp>3747.448996</timestamp>
			</report>
			<report>
				<misses>10421001</misses>
				<total>12</total>
				<timestamp>3747.808631</timestamp>
			</report>
			<report>
				<misses>10422001</misses>
				<total>12</total>
				<timestamp>3748.168274</timestamp>
			</report>
			<report>
				<misses>10423001</misses>
				<total>12</total>
				<timestamp>3748.527918</timestamp>
			</report>
			<report>
				<misses>10424001</misses>
				<total>12</total>
				<timestamp>3748.887543</timestamp>
			</report>
			<report>
				<misses>10425001</misses>
				<total>12</total>
				<timestamp>3749.247196</timestamp>
			</report>
			<report>
				<misses>10426001</misses>
				<total>12</total>
				<timestamp>3749.606913</timestamp>
			</report>
			<report>
				<misses>10427001</misses>
				<total>12</total>
				<timestamp>3749.966511</timestamp>
			</report>
			<report>
				<misses>10428001</misses>
				<total>12</total>
				<timestamp>3750.326082</timestamp>
			</report>
			<report>
				<misses>10429001</misses>
				<total>12</total>
				<timestamp>3750.685799</timestamp>
			</report>
			<report>
				<misses>10430001</misses>
				<total>12</total>
				<timestamp>3751.045388</timestamp>
			</report>
			<report>
				<misses>10431001</misses>
				<total>12</total>
				<timestamp>3751.405063</timestamp>
			</report>
			<report>
				<misses>10432001</misses>
				<total>12</total>
				<timestamp>3751.764684</timestamp>
			</report>
			<report>
				<misses>10433001</misses>
				<total>12</total>
				<timestamp>3752.124335</timestamp>
			</report>
			<report>
				<misses>10434001</misses>
				<total>12</total>
				<timestamp>3752.483962</timestamp>
			</report>
			<report>
				<misses>10435001</misses>
				<total>12</total>
				<timestamp>3752.843621</timestamp>
			</report>
			<report>
				<misses>10436001</misses>
				<total>12</total>
				<timestamp>3753.203226</timestamp>
			</report>
			<report>
				<misses>10437001</misses>
				<total>12</total>
				<timestamp>3753.562886</timestamp>
			</report>
			<report>
				<misses>10438001</misses>
				<total>12</total>
				<timestamp>3753.922595</timestamp>
			</report>
			<report>
				<misses>10439001</misses>
				<total>12</total>
				<timestamp>3754.282165</timestamp>
			</report>
			<report>
				<misses>10440001</misses>
				<total>12</total>
				<timestamp>3754.641778</timestamp>
			</report>
			<report>
				<misses>10441001</misses>
				<total>12</total>
				<timestamp>3755.001466</timestamp>
			</report>
			<report>
				<misses>10442001</misses>
				<total>12</total>
				<timestamp>3755.361051</timestamp>
			</report>
			<report>
				<misses>10443001</misses>
				<total>12</total>
				<timestamp>3755.720704</timestamp>
			</report>
			<report>
				<misses>10444001</misses>
				<total>12</total>
				<timestamp>3756.080391</timestamp>
			</report>
			<report>
				<misses>10445001</misses>
				<total>12</total>
				<timestamp>3756.439991</timestamp>
			</report>
			<report>
				<misses>10446001</misses>
				<total>12</total>
				<timestamp>3756.799668</timestamp>
			</report>
			<report>
				<misses>10447001</misses>
				<total>12</total>
				<timestamp>3757.159309</timestamp>
			</report>
			<report>
				<misses>10448001</misses>
				<total>12</total>
				<timestamp>3757.518952</timestamp>
			</report>
			<report>
				<misses>10449001</misses>
				<total>12</total>
				<timestamp>3757.878620</timestamp>
			</report>
			<report>
				<misses>10450001</misses>
				<total>12</total>
				<timestamp>3758.238183</timestamp>
			</report>
			<report>
				<misses>10451001</misses>
				<total>12</total>
				<timestamp>3758.597813</timestamp>
			</report>
			<report>
				<misses>10452001</misses>
				<total>12</total>
				<timestamp>3758.957538</timestamp>
			</report>
			<report>
				<misses>10453001</misses>
				<total>12</total>
				<timestamp>3759.317140</timestamp>
			</report>
			<report>
				<misses>10454001</misses>
				<total>12</total>
				<timestamp>3759.676765</timestamp>
			</report>
			<report>
				<misses>10455001</misses>
				<total>12</total>
				<timestamp>3760.036411</timestamp>
			</report>
			<report>
				<misses>10456001</misses>
				<total>12</total>
				<timestamp>3760.396076</timestamp>
			</report>
			<report>
				<misses>10457001</misses>
				<total>12</total>
				<timestamp>3760.755695</timestamp>
			</report>
			<report>
				<misses>10458001</misses>
				<total>12</total>
				<timestamp>3761.115343</timestamp>
			</report>
			<report>
				<misses>10459001</misses>
				<total>12</total>
				<timestamp>3761.474959</timestamp>
			</report>
			<report>
				<misses>10460001</misses>
				<total>12</total>
				<timestamp>3761.834657</timestamp>
			</report>
			<report>
				<misses>10461001</misses>
				<total>12</total>
				<timestamp>3762.194208</timestamp>
			</report>
			<report>
				<misses>10462001</misses>
				<total>12</total>
				<timestamp>3762.553964</timestamp>
			</report>
			<report>
				<misses>10463001</misses>
				<total>12</total>
				<timestamp>3762.913572</timestamp>
			</report>
			<report>
				<misses>10464001</misses>
				<total>12</total>
				<timestamp>3763.273147</timestamp>
			</report>
			<report>
				<misses>10465001</misses>
				<total>12</total>
				<timestamp>3763.632826</timestamp>
			</report>
			<report>
				<misses>10466001</misses>
				<total>12</total>
				<timestamp>3763.992536</timestamp>
			</report>
			<report>
				<misses>10467001</misses>
				<total>12</total>
				<timestamp>3764.352074</timestamp>
			</report>
			<report>
				<misses>10468001</misses>
				<total>12</total>
				<timestamp>3764.711756</timestamp>
			</report>
			<report>
				<misses>10469001</misses>
				<total>12</total>
				<timestamp>3765.071355</timestamp>
			</report>
			<report>
				<misses>10470001</misses>
				<total>12</total>
				<timestamp>3765.431025</timestamp>
			</report>
			<report>
				<misses>10471001</misses>
				<total>12</total>
				<timestamp>3765.790662</timestamp>
			</report>
			<report>
				<misses>10472001</misses>
				<total>12</total>
				<timestamp>3766.150345</timestamp>
			</report>
			<report>
				<misses>10473001</misses>
				<total>12</total>
				<timestamp>3766.509897</timestamp>
			</report>
			<report>
				<misses>10474001</misses>
				<total>12</total>
				<timestamp>3766.869572</timestamp>
			</report>
			<report>
				<misses>10475001</misses>
				<total>12</total>
				<timestamp>3767.229222</timestamp>
			</report>
			<report>
				<misses>10476001</misses>
				<total>12</total>
				<timestamp>3767.588828</timestamp>
			</report>
			<report>
				<misses>10477001</misses>
				<total>12</total>
				<timestamp>3767.948526</timestamp>
			</report>
			<report>
				<misses>10478001</misses>
				<total>12</total>
				<timestamp>3768.308122</timestamp>
			</report>
			<report>
				<misses>10479001</misses>
				<total>12</total>
				<timestamp>3768.667775</timestamp>
			</report>
			<report>
				<misses>10480001</misses>
				<total>12</total>
				<timestamp>3769.027440</timestamp>
			</report>
			<report>
				<misses>10481001</misses>
				<total>12</total>
				<timestamp>3769.387033</timestamp>
			</report>
			<report>
				<misses>10482001</misses>
				<total>12</total>
				<timestamp>3769.746696</timestamp>
			</report>
			<report>
				<misses>10483001</misses>
				<total>12</total>
				<timestamp>3770.106373</timestamp>
			</report>
			<report>
				<misses>10484001</misses>
				<total>12</total>
				<timestamp>3770.465940</timestamp>
			</report>
			<report>
				<misses>10485001</misses>
				<total>12</total>
				<timestamp>3770.825574</timestamp>
			</report>
			<report>
				<misses>10486001</misses>
				<total>12</total>
				<timestamp>3771.185220</timestamp>
			</report>
			<report>
				<misses>10487001</misses>
				<total>12</total>
				<timestamp>3771.544876</timestamp>
			</report>
			<report>
				<misses>10488001</misses>
				<total>12</total>
				<timestamp>3771.904512</timestamp>
			</report>
			<report>
				<misses>10489001</misses>
				<total>12</total>
				<timestamp>3772.264161</timestamp>
			</report>
			<report>
				<misses>10490001</misses>
				<total>12</total>
				<timestamp>3772.623827</timestamp>
			</report>
			<report>
				<misses>10491001</misses>
				<total>12</total>
				<timestamp>3772.983505</timestamp>
			</report>
			<report>
				<misses>10492001</misses>
				<total>12</total>
				<timestamp>3773.343079</timestamp>
			</report>
			<report>
				<misses>10493001</misses>
				<total>12</total>
				<timestamp>3773.702730</timestamp>
			</report>
			<report>
				<misses>10494001</misses>
				<total>12</total>
				<timestamp>3774.062430</timestamp>
			</report>
			<report>
				<misses>10495001</misses>
				<total>12</total>
				<timestamp>3774.422030</timestamp>
			</report>
			<report>
				<misses>10496001</misses>
				<total>12</total>
				<timestamp>3774.781627</timestamp>
			</report>
			<report>
				<misses>10497001</misses>
				<total>12</total>
				<timestamp>3775.141274</timestamp>
			</report>
			<report>
				<misses>10498001</misses>
				<total>12</total>
				<timestamp>3775.500889</timestamp>
			</report>
			<report>
				<misses>10499001</misses>
				<total>12</total>
				<timestamp>3775.860543</timestamp>
			</report>
			<report>
				<misses>10500001</misses>
				<total>12</total>
				<timestamp>3776.220268</timestamp>
			</report>
			<report>
				<misses>10501001</misses>
				<total>12</total>
				<timestamp>3776.579881</timestamp>
			</report>
			<report>
				<misses>10502001</misses>
				<total>12</total>
				<timestamp>3776.939487</timestamp>
			</report>
			<report>
				<misses>10503001</misses>
				<total>12</total>
				<timestamp>3777.299153</timestamp>
			</report>
			<report>
				<misses>10504001</misses>
				<total>12</total>
				<timestamp>3777.658741</timestamp>
			</report>
			<report>
				<misses>10505001</misses>
				<total>12</total>
				<timestamp>3778.018515</timestamp>
			</report>
			<report>
				<misses>10506001</misses>
				<total>12</total>
				<timestamp>3778.378087</timestamp>
			</report>
			<report>
				<misses>10507001</misses>
				<total>12</total>
				<timestamp>3778.737704</timestamp>
			</report>
			<report>
				<misses>10508001</misses>
				<total>12</total>
				<timestamp>3779.097302</timestamp>
			</report>
			<report>
				<misses>10509001</misses>
				<total>12</total>
				<timestamp>3779.456988</timestamp>
			</report>
			<report>
				<misses>10510001</misses>
				<total>12</total>
				<timestamp>3779.816582</timestamp>
			</report>
			<report>
				<misses>10511001</misses>
				<total>12</total>
				<timestamp>3780.176261</timestamp>
			</report>
			<report>
				<misses>10512001</misses>
				<total>12</total>
				<timestamp>3780.535855</timestamp>
			</report>
			<report>
				<misses>10513001</misses>
				<total>12</total>
				<timestamp>3780.895554</timestamp>
			</report>
			<report>
				<misses>10514001</misses>
				<total>12</total>
				<timestamp>3781.255139</timestamp>
			</report>
			<report>
				<misses>10515001</misses>
				<total>12</total>
				<timestamp>3781.614764</timestamp>
			</report>
			<report>
				<misses>10516001</misses>
				<total>12</total>
				<timestamp>3781.974424</timestamp>
			</report>
			<report>
				<misses>10517001</misses>
				<total>12</total>
				<timestamp>3782.334093</timestamp>
			</report>
			<report>
				<misses>10518001</misses>
				<total>12</total>
				<timestamp>3782.693775</timestamp>
			</report>
			<report>
				<misses>10519001</misses>
				<total>12</total>
				<timestamp>3783.053333</timestamp>
			</report>
			<report>
				<misses>10520001</misses>
				<total>12</total>
				<timestamp>3783.412996</timestamp>
			</report>
			<report>
				<misses>10521001</misses>
				<total>12</total>
				<timestamp>3783.772651</timestamp>
			</report>
			<report>
				<misses>10522001</misses>
				<total>12</total>
				<timestamp>3784.132364</timestamp>
			</report>
			<report>
				<misses>10523001</misses>
				<total>12</total>
				<timestamp>3784.491924</timestamp>
			</report>
			<report>
				<misses>10524001</misses>
				<total>12</total>
				<timestamp>3784.851542</timestamp>
			</report>
			<report>
				<misses>10525001</misses>
				<total>12</total>
				<timestamp>3785.211179</timestamp>
			</report>
			<report>
				<misses>10526001</misses>
				<total>12</total>
				<timestamp>3785.570862</timestamp>
			</report>
			<report>
				<misses>10527001</misses>
				<total>12</total>
				<timestamp>3785.930562</timestamp>
			</report>
			<report>
				<misses>10528001</misses>
				<total>12</total>
				<timestamp>3786.290128</timestamp>
			</report>
			<report>
				<misses>10529001</misses>
				<total>12</total>
				<timestamp>3786.649783</timestamp>
			</report>
			<report>
				<misses>10530001</misses>
				<total>12</total>
				<timestamp>3787.009390</timestamp>
			</report>
			<report>
				<misses>10531001</misses>
				<total>12</total>
				<timestamp>3787.369041</timestamp>
			</report>
			<report>
				<misses>10532001</misses>
				<total>12</total>
				<timestamp>3787.728690</timestamp>
			</report>
			<report>
				<misses>10533001</misses>
				<total>12</total>
				<timestamp>3788.088361</timestamp>
			</report>
			<report>
				<misses>10534001</misses>
				<total>12</total>
				<timestamp>3788.447942</timestamp>
			</report>
			<report>
				<misses>10535001</misses>
				<total>12</total>
				<timestamp>3788.807608</timestamp>
			</report>
			<report>
				<misses>10536001</misses>
				<total>12</total>
				<timestamp>3789.167225</timestamp>
			</report>
			<report>
				<misses>10537001</misses>
				<total>12</total>
				<timestamp>3789.526890</timestamp>
			</report>
			<report>
				<misses>10538001</misses>
				<total>12</total>
				<timestamp>3789.886540</timestamp>
			</report>
			<report>
				<misses>10539001</misses>
				<total>12</total>
				<timestamp>3790.246199</timestamp>
			</report>
			<report>
				<misses>10540001</misses>
				<total>12</total>
				<timestamp>3790.605777</timestamp>
			</report>
			<report>
				<misses>10541001</misses>
				<total>12</total>
				<timestamp>3790.965472</timestamp>
			</report>
			<report>
				<misses>10542001</misses>
				<total>12</total>
				<timestamp>3791.325046</timestamp>
			</report>
			<report>
				<misses>10543001</misses>
				<total>12</total>
				<timestamp>3791.684719</timestamp>
			</report>
			<report>
				<misses>10544001</misses>
				<total>12</total>
				<timestamp>3792.044405</timestamp>
			</report>
			<report>
				<misses>10545001</misses>
				<total>12</total>
				<timestamp>3792.404073</timestamp>
			</report>
			<report>
				<misses>10546001</misses>
				<total>12</total>
				<timestamp>3792.763675</timestamp>
			</report>
			<report>
				<misses>10547001</misses>
				<total>12</total>
				<timestamp>3793.123313</timestamp>
			</report>
			<report>
				<misses>10548001</misses>
				<total>12</total>
				<timestamp>3793.482932</timestamp>
			</report>
			<report>
				<misses>10549001</misses>
				<total>12</total>
				<timestamp>3793.842561</timestamp>
			</report>
			<report>
				<misses>10550001</misses>
				<total>12</total>
				<timestamp>3794.202237</timestamp>
			</report>
			<report>
				<misses>10551001</misses>
				<total>12</total>
				<timestamp>3794.561830</timestamp>
			</report>
			<report>
				<misses>10552001</misses>
				<total>12</total>
				<timestamp>3794.921510</timestamp>
			</report>
			<report>
				<misses>10553001</misses>
				<total>12</total>
				<timestamp>3795.281163</timestamp>
			</report>
			<report>
				<misses>10554001</misses>
				<total>12</total>
				<timestamp>3795.640726</timestamp>
			</report>
			<report>
				<misses>10555001</misses>
				<total>12</total>
				<timestamp>3796.000360</timestamp>
			</report>
			<report>
				<misses>10556001</misses>
				<total>12</total>
				<timestamp>3796.360137</timestamp>
			</report>
			<report>
				<misses>10557001</misses>
				<total>12</total>
				<timestamp>3796.719734</timestamp>
			</report>
			<report>
				<misses>10558001</misses>
				<total>12</total>
				<timestamp>3797.079340</timestamp>
			</report>
			<report>
				<misses>10559001</misses>
				<total>12</total>
				<timestamp>3797.438965</timestamp>
			</report>
			<report>
				<misses>10560001</misses>
				<total>12</total>
				<timestamp>3797.798602</timestamp>
			</report>
			<report>
				<misses>10561001</misses>
				<total>12</total>
				<timestamp>3798.158344</timestamp>
			</report>
			<report>
				<misses>10562001</misses>
				<total>12</total>
				<timestamp>3798.517929</timestamp>
			</report>
			<report>
				<misses>10563001</misses>
				<total>12</total>
				<timestamp>3798.877534</timestamp>
			</report>
			<report>
				<misses>10564001</misses>
				<total>12</total>
				<timestamp>3799.237183</timestamp>
			</report>
			<report>
				<misses>10565001</misses>
				<total>12</total>
				<timestamp>3799.596808</timestamp>
			</report>
			<report>
				<misses>10566001</misses>
				<total>12</total>
				<timestamp>3799.956408</timestamp>
			</report>
			<report>
				<misses>10567001</misses>
				<total>12</total>
				<timestamp>3800.316124</timestamp>
			</report>
			<report>
				<misses>10568001</misses>
				<total>12</total>
				<timestamp>3800.675798</timestamp>
			</report>
			<report>
				<misses>10569001</misses>
				<total>12</total>
				<timestamp>3801.035409</timestamp>
			</report>
			<report>
				<misses>10570001</misses>
				<total>12</total>
				<timestamp>3801.395075</timestamp>
			</report>
			<report>
				<misses>10571001</misses>
				<total>12</total>
				<timestamp>3801.754615</timestamp>
			</report>
			<report>
				<misses>10572001</misses>
				<total>12</total>
				<timestamp>3802.114339</timestamp>
			</report>
			<report>
				<misses>10573001</misses>
				<total>12</total>
				<timestamp>3802.473904</timestamp>
			</report>
			<report>
				<misses>10574001</misses>
				<total>12</total>
				<timestamp>3802.833544</timestamp>
			</report>
			<report>
				<misses>10575001</misses>
				<total>12</total>
				<timestamp>3803.193222</timestamp>
			</report>
			<report>
				<misses>10576001</misses>
				<total>12</total>
				<timestamp>3803.552836</timestamp>
			</report>
			<report>
				<misses>10577001</misses>
				<total>12</total>
				<timestamp>3803.912502</timestamp>
			</report>
			<report>
				<misses>10578001</misses>
				<total>12</total>
				<timestamp>3804.272139</timestamp>
			</report>
			<report>
				<misses>10579001</misses>
				<total>12</total>
				<timestamp>3804.631739</timestamp>
			</report>
			<report>
				<misses>10580001</misses>
				<total>12</total>
				<timestamp>3804.991396</timestamp>
			</report>
			<report>
				<misses>10581001</misses>
				<total>12</total>
				<timestamp>3805.351102</timestamp>
			</report>
			<report>
				<misses>10582001</misses>
				<total>12</total>
				<timestamp>3805.710660</timestamp>
			</report>
			<report>
				<misses>10583001</misses>
				<total>12</total>
				<timestamp>3806.070306</timestamp>
			</report>
			<report>
				<misses>10584001</misses>
				<total>12</total>
				<timestamp>3806.429957</timestamp>
			</report>
			<report>
				<misses>10585001</misses>
				<total>12</total>
				<timestamp>3806.789612</timestamp>
			</report>
			<report>
				<misses>10586001</misses>
				<total>12</total>
				<timestamp>3807.149275</timestamp>
			</report>
			<report>
				<misses>10587001</misses>
				<total>12</total>
				<timestamp>3807.508892</timestamp>
			</report>
			<report>
				<misses>10588001</misses>
				<total>12</total>
				<timestamp>3807.868567</timestamp>
			</report>
			<report>
				<misses>10589001</misses>
				<total>12</total>
				<timestamp>3808.228258</timestamp>
			</report>
			<report>
				<misses>10590001</misses>
				<total>12</total>
				<timestamp>3808.587826</timestamp>
			</report>
			<report>
				<misses>10591001</misses>
				<total>12</total>
				<timestamp>3808.947424</timestamp>
			</report>
			<report>
				<misses>10592001</misses>
				<total>12</total>
				<timestamp>3809.307149</timestamp>
			</report>
			<report>
				<misses>10593001</misses>
				<total>12</total>
				<timestamp>3809.666755</timestamp>
			</report>
			<report>
				<misses>10594001</misses>
				<total>12</total>
				<timestamp>3810.026362</timestamp>
			</report>
			<report>
				<misses>10595001</misses>
				<total>12</total>
				<timestamp>3810.385998</timestamp>
			</report>
			<report>
				<misses>10596001</misses>
				<total>12</total>
				<timestamp>3810.745616</timestamp>
			</report>
			<report>
				<misses>10597001</misses>
				<total>12</total>
				<timestamp>3811.105248</timestamp>
			</report>
			<report>
				<misses>10598001</misses>
				<total>12</total>
				<timestamp>3811.464936</timestamp>
			</report>
			<report>
				<misses>10599001</misses>
				<total>12</total>
				<timestamp>3811.824525</timestamp>
			</report>
			<report>
				<misses>10600001</misses>
				<total>12</total>
				<timestamp>3812.184253</timestamp>
			</report>
			<report>
				<misses>10601001</misses>
				<total>12</total>
				<timestamp>3812.543888</timestamp>
			</report>
			<report>
				<misses>10602001</misses>
				<total>12</total>
				<timestamp>3812.903491</timestamp>
			</report>
			<report>
				<misses>10603001</misses>
				<total>12</total>
				<timestamp>3813.263095</timestamp>
			</report>
			<report>
				<misses>10604001</misses>
				<total>12</total>
				<timestamp>3813.622763</timestamp>
			</report>
			<report>
				<misses>10605001</misses>
				<total>12</total>
				<timestamp>3813.982446</timestamp>
			</report>
			<report>
				<misses>10606001</misses>
				<total>12</total>
				<timestamp>3814.342028</timestamp>
			</report>
			<report>
				<misses>10607001</misses>
				<total>12</total>
				<timestamp>3814.701652</timestamp>
			</report>
			<report>
				<misses>10608001</misses>
				<total>12</total>
				<timestamp>3815.061393</timestamp>
			</report>
			<report>
				<misses>10609001</misses>
				<total>12</total>
				<timestamp>3815.421004</timestamp>
			</report>
			<report>
				<misses>10610001</misses>
				<total>12</total>
				<timestamp>3815.780620</timestamp>
			</report>
			<report>
				<misses>10611001</misses>
				<total>12</total>
				<timestamp>3816.140268</timestamp>
			</report>
			<report>
				<misses>10612001</misses>
				<total>12</total>
				<timestamp>3816.499907</timestamp>
			</report>
			<report>
				<misses>10613001</misses>
				<total>12</total>
				<timestamp>3816.859495</timestamp>
			</report>
			<report>
				<misses>10614001</misses>
				<total>12</total>
				<timestamp>3817.219157</timestamp>
			</report>
			<report>
				<misses>10615001</misses>
				<total>12</total>
				<timestamp>3817.578865</timestamp>
			</report>
			<report>
				<misses>10616001</misses>
				<total>12</total>
				<timestamp>3817.938424</timestamp>
			</report>
			<report>
				<misses>10617001</misses>
				<total>12</total>
				<timestamp>3818.298111</timestamp>
			</report>
			<report>
				<misses>10618001</misses>
				<total>12</total>
				<timestamp>3818.657718</timestamp>
			</report>
			<report>
				<misses>10619001</misses>
				<total>12</total>
				<timestamp>3819.017361</timestamp>
			</report>
			<report>
				<misses>10620001</misses>
				<total>12</total>
				<timestamp>3819.377083</timestamp>
			</report>
			<report>
				<misses>10621001</misses>
				<total>12</total>
				<timestamp>3819.736665</timestamp>
			</report>
			<report>
				<misses>10622001</misses>
				<total>12</total>
				<timestamp>3820.096291</timestamp>
			</report>
			<report>
				<misses>10623001</misses>
				<total>12</total>
				<timestamp>3820.455901</timestamp>
			</report>
			<report>
				<misses>10624001</misses>
				<total>11</total>
				<timestamp>3820.815717</timestamp>
			</report>
			<report>
				<misses>10625001</misses>
				<total>12</total>
				<timestamp>3821.175247</timestamp>
			</report>
			<report>
				<misses>10626001</misses>
				<total>12</total>
				<timestamp>3821.534865</timestamp>
			</report>
			<report>
				<misses>10627001</misses>
				<total>12</total>
				<timestamp>3821.894455</timestamp>
			</report>
			<report>
				<misses>10628001</misses>
				<total>12</total>
				<timestamp>3822.254165</timestamp>
			</report>
			<report>
				<misses>10629001</misses>
				<total>12</total>
				<timestamp>3822.613757</timestamp>
			</report>
			<report>
				<misses>10630001</misses>
				<total>12</total>
				<timestamp>3822.973378</timestamp>
			</report>
			<report>
				<misses>10631001</misses>
				<total>12</total>
				<timestamp>3823.333047</timestamp>
			</report>
			<report>
				<misses>10632001</misses>
				<total>12</total>
				<timestamp>3823.692649</timestamp>
			</report>
			<report>
				<misses>10633001</misses>
				<total>12</total>
				<timestamp>3824.052342</timestamp>
			</report>
			<report>
				<misses>10634001</misses>
				<total>12</total>
				<timestamp>3824.411944</timestamp>
			</report>
			<report>
				<misses>10635001</misses>
				<total>12</total>
				<timestamp>3824.771583</timestamp>
			</report>
			<report>
				<misses>10636001</misses>
				<total>12</total>
				<timestamp>3825.131238</timestamp>
			</report>
			<report>
				<misses>10637001</misses>
				<total>12</total>
				<timestamp>3825.490898</timestamp>
			</report>
			<report>
				<misses>10638001</misses>
				<total>12</total>
				<timestamp>3825.850499</timestamp>
			</report>
			<report>
				<misses>10639001</misses>
				<total>12</total>
				<timestamp>3826.210186</timestamp>
			</report>
			<report>
				<misses>10640001</misses>
				<total>12</total>
				<timestamp>3826.569783</timestamp>
			</report>
			<report>
				<misses>10641001</misses>
				<total>12</total>
				<timestamp>3826.929417</timestamp>
			</report>
			<report>
				<misses>10642001</misses>
				<total>12</total>
				<timestamp>3827.289095</timestamp>
			</report>
			<report>
				<misses>10643001</misses>
				<total>12</total>
				<timestamp>3827.648723</timestamp>
			</report>
			<report>
				<misses>10644001</misses>
				<total>12</total>
				<timestamp>3828.008359</timestamp>
			</report>
			<report>
				<misses>10645001</misses>
				<total>12</total>
				<timestamp>3828.367986</timestamp>
			</report>
			<report>
				<misses>10646001</misses>
				<total>12</total>
				<timestamp>3828.727671</timestamp>
			</report>
			<report>
				<misses>10647001</misses>
				<total>12</total>
				<timestamp>3829.087288</timestamp>
			</report>
			<report>
				<misses>10648001</misses>
				<total>12</total>
				<timestamp>3829.446914</timestamp>
			</report>
			<report>
				<misses>10649001</misses>
				<total>12</total>
				<timestamp>3829.806538</timestamp>
			</report>
			<report>
				<misses>10650001</misses>
				<total>12</total>
				<timestamp>3830.166210</timestamp>
			</report>
			<report>
				<misses>10651001</misses>
				<total>12</total>
				<timestamp>3830.525816</timestamp>
			</report>
			<report>
				<misses>10652001</misses>
				<total>12</total>
				<timestamp>3830.885499</timestamp>
			</report>
			<report>
				<misses>10653001</misses>
				<total>12</total>
				<timestamp>3831.245142</timestamp>
			</report>
			<report>
				<misses>10654001</misses>
				<total>12</total>
				<timestamp>3831.604795</timestamp>
			</report>
			<report>
				<misses>10655001</misses>
				<total>12</total>
				<timestamp>3831.964362</timestamp>
			</report>
			<report>
				<misses>10656001</misses>
				<total>12</total>
				<timestamp>3832.324107</timestamp>
			</report>
			<report>
				<misses>10657001</misses>
				<total>12</total>
				<timestamp>3832.683668</timestamp>
			</report>
			<report>
				<misses>10658001</misses>
				<total>12</total>
				<timestamp>3833.043326</timestamp>
			</report>
			<report>
				<misses>10659001</misses>
				<total>12</total>
				<timestamp>3833.403028</timestamp>
			</report>
			<report>
				<misses>10660001</misses>
				<total>12</total>
				<timestamp>3833.762577</timestamp>
			</report>
			<report>
				<misses>10661001</misses>
				<total>12</total>
				<timestamp>3834.122236</timestamp>
			</report>
			<report>
				<misses>10662001</misses>
				<total>12</total>
				<timestamp>3834.481914</timestamp>
			</report>
			<report>
				<misses>10663001</misses>
				<total>12</total>
				<timestamp>3834.841567</timestamp>
			</report>
			<report>
				<misses>10664001</misses>
				<total>12</total>
				<timestamp>3835.201165</timestamp>
			</report>
			<report>
				<misses>10665001</misses>
				<total>12</total>
				<timestamp>3835.560793</timestamp>
			</report>
			<report>
				<misses>10666001</misses>
				<total>12</total>
				<timestamp>3835.920453</timestamp>
			</report>
			<report>
				<misses>10667001</misses>
				<total>12</total>
				<timestamp>3836.280133</timestamp>
			</report>
			<report>
				<misses>10668001</misses>
				<total>12</total>
				<timestamp>3836.639736</timestamp>
			</report>
			<report>
				<misses>10669001</misses>
				<total>12</total>
				<timestamp>3836.999399</timestamp>
			</report>
			<report>
				<misses>10670001</misses>
				<total>12</total>
				<timestamp>3837.359042</timestamp>
			</report>
			<report>
				<misses>10671001</misses>
				<total>12</total>
				<timestamp>3837.718654</timestamp>
			</report>
			<report>
				<misses>10672001</misses>
				<total>12</total>
				<timestamp>3838.078262</timestamp>
			</report>
			<report>
				<misses>10673001</misses>
				<total>12</total>
				<timestamp>3838.437951</timestamp>
			</report>
			<report>
				<misses>10674001</misses>
				<total>12</total>
				<timestamp>3838.797537</timestamp>
			</report>
			<report>
				<misses>10675001</misses>
				<total>12</total>
				<timestamp>3839.157194</timestamp>
			</report>
			<report>
				<misses>10676001</misses>
				<total>12</total>
				<timestamp>3839.516845</timestamp>
			</report>
			<report>
				<misses>10677001</misses>
				<total>12</total>
				<timestamp>3839.876453</timestamp>
			</report>
			<report>
				<misses>10678001</misses>
				<total>12</total>
				<timestamp>3840.236160</timestamp>
			</report>
			<report>
				<misses>10679001</misses>
				<total>12</total>
				<timestamp>3840.595738</timestamp>
			</report>
			<report>
				<misses>10680001</misses>
				<total>12</total>
				<timestamp>3840.955399</timestamp>
			</report>
			<report>
				<misses>10681001</misses>
				<total>12</total>
				<timestamp>3841.315084</timestamp>
			</report>
			<report>
				<misses>10682001</misses>
				<total>12</total>
				<timestamp>3841.674654</timestamp>
			</report>
			<report>
				<misses>10683001</misses>
				<total>12</total>
				<timestamp>3842.034299</timestamp>
			</report>
			<report>
				<misses>10684001</misses>
				<total>12</total>
				<timestamp>3842.393983</timestamp>
			</report>
			<report>
				<misses>10685001</misses>
				<total>12</total>
				<timestamp>3842.753604</timestamp>
			</report>
			<report>
				<misses>10686001</misses>
				<total>12</total>
				<timestamp>3843.113226</timestamp>
			</report>
			<report>
				<misses>10687001</misses>
				<total>12</total>
				<timestamp>3843.472922</timestamp>
			</report>
			<report>
				<misses>10688001</misses>
				<total>12</total>
				<timestamp>3843.832539</timestamp>
			</report>
			<report>
				<misses>10689001</misses>
				<total>12</total>
				<timestamp>3844.192205</timestamp>
			</report>
			<report>
				<misses>10690001</misses>
				<total>12</total>
				<timestamp>3844.551833</timestamp>
			</report>
			<report>
				<misses>10691001</misses>
				<total>12</total>
				<timestamp>3844.911481</timestamp>
			</report>
			<report>
				<misses>10692001</misses>
				<total>12</total>
				<timestamp>3845.271066</timestamp>
			</report>
			<report>
				<misses>10693001</misses>
				<total>12</total>
				<timestamp>3845.630750</timestamp>
			</report>
			<report>
				<misses>10694001</misses>
				<total>12</total>
				<timestamp>3845.990334</timestamp>
			</report>
			<report>
				<misses>10695001</misses>
				<total>12</total>
				<timestamp>3846.350006</timestamp>
			</report>
			<report>
				<misses>10696001</misses>
				<total>12</total>
				<timestamp>3846.709620</timestamp>
			</report>
			<report>
				<misses>10697001</misses>
				<total>12</total>
				<timestamp>3847.069374</timestamp>
			</report>
			<report>
				<misses>10698001</misses>
				<total>12</total>
				<timestamp>3847.428888</timestamp>
			</report>
			<report>
				<misses>10699001</misses>
				<total>12</total>
				<timestamp>3847.788596</timestamp>
			</report>
			<report>
				<misses>10700001</misses>
				<total>12</total>
				<timestamp>3848.148176</timestamp>
			</report>
			<report>
				<misses>10701001</misses>
				<total>12</total>
				<timestamp>3848.507887</timestamp>
			</report>
			<report>
				<misses>10702001</misses>
				<total>12</total>
				<timestamp>3848.867488</timestamp>
			</report>
			<report>
				<misses>10703001</misses>
				<total>12</total>
				<timestamp>3849.227152</timestamp>
			</report>
			<report>
				<misses>10704001</misses>
				<total>12</total>
				<timestamp>3849.586750</timestamp>
			</report>
			<report>
				<misses>10705001</misses>
				<total>12</total>
				<timestamp>3849.946383</timestamp>
			</report>
			<report>
				<misses>10706001</misses>
				<total>12</total>
				<timestamp>3850.306140</timestamp>
			</report>
			<report>
				<misses>10707001</misses>
				<total>12</total>
				<timestamp>3850.665723</timestamp>
			</report>
			<report>
				<misses>10708001</misses>
				<total>12</total>
				<timestamp>3851.025308</timestamp>
			</report>
			<report>
				<misses>10709001</misses>
				<total>12</total>
				<timestamp>3851.384968</timestamp>
			</report>
			<report>
				<misses>10710001</misses>
				<total>12</total>
				<timestamp>3851.744648</timestamp>
			</report>
			<report>
				<misses>10711001</misses>
				<total>12</total>
				<timestamp>3852.104222</timestamp>
			</report>
			<report>
				<misses>10712001</misses>
				<total>12</total>
				<timestamp>3852.463881</timestamp>
			</report>
			<report>
				<misses>10713001</misses>
				<total>12</total>
				<timestamp>3852.823484</timestamp>
			</report>
			<report>
				<misses>10714001</misses>
				<total>12</total>
				<timestamp>3853.183155</timestamp>
			</report>
			<report>
				<misses>10715001</misses>
				<total>12</total>
				<timestamp>3853.542793</timestamp>
			</report>
			<report>
				<misses>10716001</misses>
				<total>12</total>
				<timestamp>3853.902443</timestamp>
			</report>
			<report>
				<misses>10717001</misses>
				<total>12</total>
				<timestamp>3854.262080</timestamp>
			</report>
			<report>
				<misses>10718001</misses>
				<total>12</total>
				<timestamp>3854.621715</timestamp>
			</report>
			<report>
				<misses>10719001</misses>
				<total>12</total>
				<timestamp>3854.981370</timestamp>
			</report>
			<report>
				<misses>10720001</misses>
				<total>12</total>
				<timestamp>3855.340999</timestamp>
			</report>
			<report>
				<misses>10721001</misses>
				<total>12</total>
				<timestamp>3855.700633</timestamp>
			</report>
			<report>
				<misses>10722001</misses>
				<total>12</total>
				<timestamp>3856.060274</timestamp>
			</report>
			<report>
				<misses>10723001</misses>
				<total>12</total>
				<timestamp>3856.419989</timestamp>
			</report>
			<report>
				<misses>10724001</misses>
				<total>12</total>
				<timestamp>3856.779596</timestamp>
			</report>
			<report>
				<misses>10725001</misses>
				<total>12</total>
				<timestamp>3857.139199</timestamp>
			</report>
			<report>
				<misses>10726001</misses>
				<total>12</total>
				<timestamp>3857.498839</timestamp>
			</report>
			<report>
				<misses>10727001</misses>
				<total>12</total>
				<timestamp>3857.858548</timestamp>
			</report>
			<report>
				<misses>10728001</misses>
				<total>12</total>
				<timestamp>3858.218100</timestamp>
			</report>
			<report>
				<misses>10729001</misses>
				<total>12</total>
				<timestamp>3858.577808</timestamp>
			</report>
			<report>
				<misses>10730001</misses>
				<total>12</total>
				<timestamp>3858.937378</timestamp>
			</report>
			<report>
				<misses>10731001</misses>
				<total>12</total>
				<timestamp>3859.297040</timestamp>
			</report>
			<report>
				<misses>10732001</misses>
				<total>12</total>
				<timestamp>3859.656759</timestamp>
			</report>
			<report>
				<misses>10733001</misses>
				<total>12</total>
				<timestamp>3860.016316</timestamp>
			</report>
			<report>
				<misses>10734001</misses>
				<total>12</total>
				<timestamp>3860.375979</timestamp>
			</report>
			<report>
				<misses>10735001</misses>
				<total>12</total>
				<timestamp>3860.735613</timestamp>
			</report>
			<report>
				<misses>10736001</misses>
				<total>12</total>
				<timestamp>3861.095235</timestamp>
			</report>
			<report>
				<misses>10737001</misses>
				<total>12</total>
				<timestamp>3861.454851</timestamp>
			</report>
			<report>
				<misses>10738001</misses>
				<total>12</total>
				<timestamp>3861.814486</timestamp>
			</report>
			<report>
				<misses>10739001</misses>
				<total>12</total>
				<timestamp>3862.174207</timestamp>
			</report>
			<report>
				<misses>10740001</misses>
				<total>12</total>
				<timestamp>3862.533854</timestamp>
			</report>
			<report>
				<misses>10741001</misses>
				<total>12</total>
				<timestamp>3862.893411</timestamp>
			</report>
			<report>
				<misses>10742001</misses>
				<total>12</total>
				<timestamp>3863.253075</timestamp>
			</report>
			<report>
				<misses>10743001</misses>
				<total>12</total>
				<timestamp>3863.612711</timestamp>
			</report>
			<report>
				<misses>10744001</misses>
				<total>12</total>
				<timestamp>3863.972334</timestamp>
			</report>
			<report>
				<misses>10745001</misses>
				<total>12</total>
				<timestamp>3864.331991</timestamp>
			</report>
			<report>
				<misses>10746001</misses>
				<total>12</total>
				<timestamp>3864.691628</timestamp>
			</report>
			<report>
				<misses>10747001</misses>
				<total>12</total>
				<timestamp>3865.051259</timestamp>
			</report>
			<report>
				<misses>10748001</misses>
				<total>12</total>
				<timestamp>3865.410893</timestamp>
			</report>
			<report>
				<misses>10749001</misses>
				<total>12</total>
				<timestamp>3865.770532</timestamp>
			</report>
			<report>
				<misses>10750001</misses>
				<total>12</total>
				<timestamp>3866.130216</timestamp>
			</report>
			<report>
				<misses>10751001</misses>
				<total>12</total>
				<timestamp>3866.489837</timestamp>
			</report>
			<report>
				<misses>10752001</misses>
				<total>12</total>
				<timestamp>3866.849465</timestamp>
			</report>
			<report>
				<misses>10753001</misses>
				<total>12</total>
				<timestamp>3867.209103</timestamp>
			</report>
			<report>
				<misses>10754001</misses>
				<total>12</total>
				<timestamp>3867.568749</timestamp>
			</report>
			<report>
				<misses>10755001</misses>
				<total>12</total>
				<timestamp>3867.928362</timestamp>
			</report>
			<report>
				<misses>10756001</misses>
				<total>12</total>
				<timestamp>3868.288025</timestamp>
			</report>
			<report>
				<misses>10757001</misses>
				<total>12</total>
				<timestamp>3868.647653</timestamp>
			</report>
			<report>
				<misses>10758001</misses>
				<total>12</total>
				<timestamp>3869.007291</timestamp>
			</report>
			<report>
				<misses>10759001</misses>
				<total>12</total>
				<timestamp>3869.366964</timestamp>
			</report>
			<report>
				<misses>10760001</misses>
				<total>12</total>
				<timestamp>3869.726574</timestamp>
			</report>
			<report>
				<misses>10761001</misses>
				<total>12</total>
				<timestamp>3870.086262</timestamp>
			</report>
			<report>
				<misses>10762001</misses>
				<total>12</total>
				<timestamp>3870.445884</timestamp>
			</report>
			<report>
				<misses>10763001</misses>
				<total>12</total>
				<timestamp>3870.805489</timestamp>
			</report>
			<report>
				<misses>10764001</misses>
				<total>12</total>
				<timestamp>3871.165218</timestamp>
			</report>
			<report>
				<misses>10765001</misses>
				<total>12</total>
				<timestamp>3871.524849</timestamp>
			</report>
			<report>
				<misses>10766001</misses>
				<total>12</total>
				<timestamp>3871.884424</timestamp>
			</report>
			<report>
				<misses>10767001</misses>
				<total>12</total>
				<timestamp>3872.244110</timestamp>
			</report>
			<report>
				<misses>10768001</misses>
				<total>12</total>
				<timestamp>3872.603699</timestamp>
			</report>
			<report>
				<misses>10769001</misses>
				<total>12</total>
				<timestamp>3872.963437</timestamp>
			</report>
			<report>
				<misses>10770001</misses>
				<total>12</total>
				<timestamp>3873.322978</timestamp>
			</report>
			<report>
				<misses>10771001</misses>
				<total>12</total>
				<timestamp>3873.682646</timestamp>
			</report>
			<report>
				<misses>10772001</misses>
				<total>12</total>
				<timestamp>3874.042260</timestamp>
			</report>
			<report>
				<misses>10773001</misses>
				<total>12</total>
				<timestamp>3874.401917</timestamp>
			</report>
			<report>
				<misses>10774001</misses>
				<total>12</total>
				<timestamp>3874.761615</timestamp>
			</report>
			<report>
				<misses>10775001</misses>
				<total>12</total>
				<timestamp>3875.121197</timestamp>
			</report>
			<report>
				<misses>10776001</misses>
				<total>12</total>
				<timestamp>3875.480862</timestamp>
			</report>
			<report>
				<misses>10777001</misses>
				<total>12</total>
				<timestamp>3875.840501</timestamp>
			</report>
			<report>
				<misses>10778001</misses>
				<total>12</total>
				<timestamp>3876.200131</timestamp>
			</report>
			<report>
				<misses>10779001</misses>
				<total>12</total>
				<timestamp>3876.559860</timestamp>
			</report>
			<report>
				<misses>10780001</misses>
				<total>12</total>
				<timestamp>3876.919446</timestamp>
			</report>
			<report>
				<misses>10781001</misses>
				<total>12</total>
				<timestamp>3877.279028</timestamp>
			</report>
			<report>
				<misses>10782001</misses>
				<total>12</total>
				<timestamp>3877.638729</timestamp>
			</report>
			<report>
				<misses>10783001</misses>
				<total>12</total>
				<timestamp>3877.998308</timestamp>
			</report>
			<report>
				<misses>10784001</misses>
				<total>12</total>
				<timestamp>3878.357993</timestamp>
			</report>
			<report>
				<misses>10785001</misses>
				<total>12</total>
				<timestamp>3878.717590</timestamp>
			</report>
			<report>
				<misses>10786001</misses>
				<total>12</total>
				<timestamp>3879.077211</timestamp>
			</report>
			<report>
				<misses>10787001</misses>
				<total>12</total>
				<timestamp>3879.436902</timestamp>
			</report>
			<report>
				<misses>10788001</misses>
				<total>12</total>
				<timestamp>3879.796491</timestamp>
			</report>
			<report>
				<misses>10789001</misses>
				<total>12</total>
				<timestamp>3880.156197</timestamp>
			</report>
			<report>
				<misses>10790001</misses>
				<total>12</total>
				<timestamp>3880.515802</timestamp>
			</report>
			<report>
				<misses>10791001</misses>
				<total>12</total>
				<timestamp>3880.875474</timestamp>
			</report>
			<report>
				<misses>10792001</misses>
				<total>12</total>
				<timestamp>3881.235111</timestamp>
			</report>
			<report>
				<misses>10793001</misses>
				<total>12</total>
				<timestamp>3881.594796</timestamp>
			</report>
			<report>
				<misses>10794001</misses>
				<total>12</total>
				<timestamp>3881.954333</timestamp>
			</report>
			<report>
				<misses>10795001</misses>
				<total>12</total>
				<timestamp>3882.313999</timestamp>
			</report>
			<report>
				<misses>10796001</misses>
				<total>12</total>
				<timestamp>3882.673658</timestamp>
			</report>
			<report>
				<misses>10797001</misses>
				<total>12</total>
				<timestamp>3883.033300</timestamp>
			</report>
			<report>
				<misses>10798001</misses>
				<total>12</total>
				<timestamp>3883.392914</timestamp>
			</report>
			<report>
				<misses>10799001</misses>
				<total>12</total>
				<timestamp>3883.752561</timestamp>
			</report>
			<report>
				<misses>10800001</misses>
				<total>12</total>
				<timestamp>3884.112164</timestamp>
			</report>
			<report>
				<misses>10801001</misses>
				<total>12</total>
				<timestamp>3884.471855</timestamp>
			</report>
			<report>
				<misses>10802001</misses>
				<total>12</total>
				<timestamp>3884.831454</timestamp>
			</report>
			<report>
				<misses>10803001</misses>
				<total>12</total>
				<timestamp>3885.191137</timestamp>
			</report>
			<report>
				<misses>10804001</misses>
				<total>12</total>
				<timestamp>3885.550753</timestamp>
			</report>
			<report>
				<misses>10805001</misses>
				<total>12</total>
				<timestamp>3885.910376</timestamp>
			</report>
			<report>
				<misses>10806001</misses>
				<total>12</total>
				<timestamp>3886.270051</timestamp>
			</report>
			<report>
				<misses>10807001</misses>
				<total>12</total>
				<timestamp>3886.629696</timestamp>
			</report>
			<report>
				<misses>10808001</misses>
				<total>12</total>
				<timestamp>3886.989287</timestamp>
			</report>
			<report>
				<misses>10809001</misses>
				<total>12</total>
				<timestamp>3887.348962</timestamp>
			</report>
			<report>
				<misses>10810001</misses>
				<total>12</total>
				<timestamp>3887.708656</timestamp>
			</report>
			<report>
				<misses>10811001</misses>
				<total>12</total>
				<timestamp>3888.068264</timestamp>
			</report>
			<report>
				<misses>10812001</misses>
				<total>12</total>
				<timestamp>3888.427885</timestamp>
			</report>
			<report>
				<misses>10813001</misses>
				<total>12</total>
				<timestamp>3888.787481</timestamp>
			</report>
			<report>
				<misses>10814001</misses>
				<total>12</total>
				<timestamp>3889.147182</timestamp>
			</report>
			<report>
				<misses>10815001</misses>
				<total>12</total>
				<timestamp>3889.506836</timestamp>
			</report>
			<report>
				<misses>10816001</misses>
				<total>12</total>
				<timestamp>3889.866447</timestamp>
			</report>
			<report>
				<misses>10817001</misses>
				<total>12</total>
				<timestamp>3890.226058</timestamp>
			</report>
			<report>
				<misses>10818001</misses>
				<total>12</total>
				<timestamp>3890.585769</timestamp>
			</report>
			<report>
				<misses>10819001</misses>
				<total>12</total>
				<timestamp>3890.945342</timestamp>
			</report>
			<report>
				<misses>10820001</misses>
				<total>12</total>
				<timestamp>3891.305021</timestamp>
			</report>
			<report>
				<misses>10821001</misses>
				<total>12</total>
				<timestamp>3891.664659</timestamp>
			</report>
			<report>
				<misses>10822001</misses>
				<total>12</total>
				<timestamp>3892.024253</timestamp>
			</report>
			<report>
				<misses>10823001</misses>
				<total>12</total>
				<timestamp>3892.383957</timestamp>
			</report>
			<report>
				<misses>10824001</misses>
				<total>12</total>
				<timestamp>3892.743551</timestamp>
			</report>
			<report>
				<misses>10825001</misses>
				<total>12</total>
				<timestamp>3893.103298</timestamp>
			</report>
			<report>
				<misses>10826001</misses>
				<total>12</total>
				<timestamp>3893.462812</timestamp>
			</report>
			<report>
				<misses>10827001</misses>
				<total>12</total>
				<timestamp>3893.822467</timestamp>
			</report>
			<report>
				<misses>10828001</misses>
				<total>12</total>
				<timestamp>3894.182135</timestamp>
			</report>
			<report>
				<misses>10829001</misses>
				<total>12</total>
				<timestamp>3894.541801</timestamp>
			</report>
			<report>
				<misses>10830001</misses>
				<total>12</total>
				<timestamp>3894.901515</timestamp>
			</report>
			<report>
				<misses>10831001</misses>
				<total>12</total>
				<timestamp>3895.261075</timestamp>
			</report>
			<report>
				<misses>10832001</misses>
				<total>12</total>
				<timestamp>3895.620673</timestamp>
			</report>
			<report>
				<misses>10833001</misses>
				<total>12</total>
				<timestamp>3895.980329</timestamp>
			</report>
			<report>
				<misses>10834001</misses>
				<total>12</total>
				<timestamp>3896.339967</timestamp>
			</report>
			<report>
				<misses>10835001</misses>
				<total>12</total>
				<timestamp>3896.699574</timestamp>
			</report>
			<report>
				<misses>10836001</misses>
				<total>12</total>
				<timestamp>3897.059246</timestamp>
			</report>
			<report>
				<misses>10837001</misses>
				<total>12</total>
				<timestamp>3897.418940</timestamp>
			</report>
			<report>
				<misses>10838001</misses>
				<total>12</total>
				<timestamp>3897.778541</timestamp>
			</report>
			<report>
				<misses>10839001</misses>
				<total>12</total>
				<timestamp>3898.138138</timestamp>
			</report>
			<report>
				<misses>10840001</misses>
				<total>12</total>
				<timestamp>3898.497787</timestamp>
			</report>
			<report>
				<misses>10841001</misses>
				<total>12</total>
				<timestamp>3898.857465</timestamp>
			</report>
			<report>
				<misses>10842001</misses>
				<total>12</total>
				<timestamp>3899.217069</timestamp>
			</report>
			<report>
				<misses>10843001</misses>
				<total>12</total>
				<timestamp>3899.576760</timestamp>
			</report>
			<report>
				<misses>10844001</misses>
				<total>12</total>
				<timestamp>3899.936406</timestamp>
			</report>
			<report>
				<misses>10845001</misses>
				<total>12</total>
				<timestamp>3900.296070</timestamp>
			</report>
			<report>
				<misses>10846001</misses>
				<total>12</total>
				<timestamp>3900.655640</timestamp>
			</report>
			<report>
				<misses>10847001</misses>
				<total>12</total>
				<timestamp>3901.015247</timestamp>
			</report>
			<report>
				<misses>10848001</misses>
				<total>12</total>
				<timestamp>3901.374937</timestamp>
			</report>
			<report>
				<misses>10849001</misses>
				<total>12</total>
				<timestamp>3901.734587</timestamp>
			</report>
			<report>
				<misses>10850001</misses>
				<total>12</total>
				<timestamp>3902.094189</timestamp>
			</report>
			<report>
				<misses>10851001</misses>
				<total>12</total>
				<timestamp>3902.453843</timestamp>
			</report>
			<report>
				<misses>10852001</misses>
				<total>12</total>
				<timestamp>3902.813469</timestamp>
			</report>
			<report>
				<misses>10853001</misses>
				<total>12</total>
				<timestamp>3903.173087</timestamp>
			</report>
			<report>
				<misses>10854001</misses>
				<total>12</total>
				<timestamp>3903.532744</timestamp>
			</report>
			<report>
				<misses>10855001</misses>
				<total>12</total>
				<timestamp>3903.892381</timestamp>
			</report>
			<report>
				<misses>10856001</misses>
				<total>12</total>
				<timestamp>3904.252072</timestamp>
			</report>
			<report>
				<misses>10857001</misses>
				<total>12</total>
				<timestamp>3904.611719</timestamp>
			</report>
			<report>
				<misses>10858001</misses>
				<total>12</total>
				<timestamp>3904.971367</timestamp>
			</report>
			<report>
				<misses>10859001</misses>
				<total>12</total>
				<timestamp>3905.331039</timestamp>
			</report>
			<report>
				<misses>10860001</misses>
				<total>12</total>
				<timestamp>3905.690568</timestamp>
			</report>
			<report>
				<misses>10861001</misses>
				<total>12</total>
				<timestamp>3906.050270</timestamp>
			</report>
			<report>
				<misses>10862001</misses>
				<total>12</total>
				<timestamp>3906.409859</timestamp>
			</report>
			<report>
				<misses>10863001</misses>
				<total>12</total>
				<timestamp>3906.769551</timestamp>
			</report>
			<report>
				<misses>10864001</misses>
				<total>12</total>
				<timestamp>3907.129159</timestamp>
			</report>
			<report>
				<misses>10865001</misses>
				<total>12</total>
				<timestamp>3907.488827</timestamp>
			</report>
			<report>
				<misses>10866001</misses>
				<total>12</total>
				<timestamp>3907.848418</timestamp>
			</report>
			<report>
				<misses>10867001</misses>
				<total>12</total>
				<timestamp>3908.208134</timestamp>
			</report>
			<report>
				<misses>10868001</misses>
				<total>12</total>
				<timestamp>3908.567741</timestamp>
			</report>
			<report>
				<misses>10869001</misses>
				<total>12</total>
				<timestamp>3908.927389</timestamp>
			</report>
			<report>
				<misses>10870001</misses>
				<total>12</total>
				<timestamp>3909.286999</timestamp>
			</report>
			<report>
				<misses>10871001</misses>
				<total>12</total>
				<timestamp>3909.646630</timestamp>
			</report>
			<report>
				<misses>10872001</misses>
				<total>12</total>
				<timestamp>3910.006342</timestamp>
			</report>
			<report>
				<misses>10873001</misses>
				<total>12</total>
				<timestamp>3910.365953</timestamp>
			</report>
			<report>
				<misses>10874001</misses>
				<total>12</total>
				<timestamp>3910.725609</timestamp>
			</report>
			<report>
				<misses>10875001</misses>
				<total>12</total>
				<timestamp>3911.085182</timestamp>
			</report>
			<report>
				<misses>10876001</misses>
				<total>12</total>
				<timestamp>3911.444840</timestamp>
			</report>
			<report>
				<misses>10877001</misses>
				<total>12</total>
				<timestamp>3911.804484</timestamp>
			</report>
			<report>
				<misses>10878001</misses>
				<total>12</total>
				<timestamp>3912.164173</timestamp>
			</report>
			<report>
				<misses>10879001</misses>
				<total>12</total>
				<timestamp>3912.523770</timestamp>
			</report>
			<report>
				<misses>10880001</misses>
				<total>12</total>
				<timestamp>3912.883419</timestamp>
			</report>
			<report>
				<misses>10881001</misses>
				<total>12</total>
				<timestamp>3913.243041</timestamp>
			</report>
			<report>
				<misses>10882001</misses>
				<total>12</total>
				<timestamp>3913.602683</timestamp>
			</report>
			<report>
				<misses>10883001</misses>
				<total>12</total>
				<timestamp>3913.962377</timestamp>
			</report>
			<report>
				<misses>10884001</misses>
				<total>12</total>
				<timestamp>3914.321963</timestamp>
			</report>
			<report>
				<misses>10885001</misses>
				<total>12</total>
				<timestamp>3914.681624</timestamp>
			</report>
			<report>
				<misses>10886001</misses>
				<total>12</total>
				<timestamp>3915.041205</timestamp>
			</report>
			<report>
				<misses>10887001</misses>
				<total>12</total>
				<timestamp>3915.400880</timestamp>
			</report>
			<report>
				<misses>10888001</misses>
				<total>12</total>
				<timestamp>3915.760492</timestamp>
			</report>
			<report>
				<misses>10889001</misses>
				<total>12</total>
				<timestamp>3916.120139</timestamp>
			</report>
			<report>
				<misses>10890001</misses>
				<total>12</total>
				<timestamp>3916.479815</timestamp>
			</report>
			<report>
				<misses>10891001</misses>
				<total>12</total>
				<timestamp>3916.839488</timestamp>
			</report>
			<report>
				<misses>10892001</misses>
				<total>12</total>
				<timestamp>3917.199055</timestamp>
			</report>
			<report>
				<misses>10893001</misses>
				<total>12</total>
				<timestamp>3917.558698</timestamp>
			</report>
			<report>
				<misses>10894001</misses>
				<total>12</total>
				<timestamp>3917.918361</timestamp>
			</report>
			<report>
				<misses>10895001</misses>
				<total>12</total>
				<timestamp>3918.278081</timestamp>
			</report>
			<report>
				<misses>10896001</misses>
				<total>12</total>
				<timestamp>3918.637606</timestamp>
			</report>
			<report>
				<misses>10897001</misses>
				<total>12</total>
				<timestamp>3918.997276</timestamp>
			</report>
			<report>
				<misses>10898001</misses>
				<total>12</total>
				<timestamp>3919.356964</timestamp>
			</report>
			<report>
				<misses>10899001</misses>
				<total>12</total>
				<timestamp>3919.716595</timestamp>
			</report>
			<report>
				<misses>10900001</misses>
				<total>12</total>
				<timestamp>3920.076218</timestamp>
			</report>
			<report>
				<misses>10901001</misses>
				<total>12</total>
				<timestamp>3920.435848</timestamp>
			</report>
			<report>
				<misses>10902001</misses>
				<total>12</total>
				<timestamp>3920.795470</timestamp>
			</report>
			<report>
				<misses>10903001</misses>
				<total>12</total>
				<timestamp>3921.155095</timestamp>
			</report>
			<report>
				<misses>10904001</misses>
				<total>12</total>
				<timestamp>3921.514758</timestamp>
			</report>
			<report>
				<misses>10905001</misses>
				<total>12</total>
				<timestamp>3921.874399</timestamp>
			</report>
			<report>
				<misses>10906001</misses>
				<total>12</total>
				<timestamp>3922.234011</timestamp>
			</report>
			<report>
				<misses>10907001</misses>
				<total>12</total>
				<timestamp>3922.593654</timestamp>
			</report>
			<report>
				<misses>10908001</misses>
				<total>12</total>
				<timestamp>3922.953316</timestamp>
			</report>
			<report>
				<misses>10909001</misses>
				<total>12</total>
				<timestamp>3923.313024</timestamp>
			</report>
			<report>
				<misses>10910001</misses>
				<total>12</total>
				<timestamp>3923.672666</timestamp>
			</report>
			<report>
				<misses>10911001</misses>
				<total>12</total>
				<timestamp>3924.032261</timestamp>
			</report>
			<report>
				<misses>10912001</misses>
				<total>12</total>
				<timestamp>3924.391859</timestamp>
			</report>
			<report>
				<misses>10913001</misses>
				<total>12</total>
				<timestamp>3924.751550</timestamp>
			</report>
			<report>
				<misses>10914001</misses>
				<total>12</total>
				<timestamp>3925.111185</timestamp>
			</report>
			<report>
				<misses>10915001</misses>
				<total>12</total>
				<timestamp>3925.470783</timestamp>
			</report>
			<report>
				<misses>10916001</misses>
				<total>12</total>
				<timestamp>3925.830442</timestamp>
			</report>
			<report>
				<misses>10917001</misses>
				<total>12</total>
				<timestamp>3926.190063</timestamp>
			</report>
			<report>
				<misses>10918001</misses>
				<total>12</total>
				<timestamp>3926.549698</timestamp>
			</report>
			<report>
				<misses>10919001</misses>
				<total>12</total>
				<timestamp>3926.909342</timestamp>
			</report>
			<report>
				<misses>10920001</misses>
				<total>12</total>
				<timestamp>3927.269047</timestamp>
			</report>
			<report>
				<misses>10921001</misses>
				<total>12</total>
				<timestamp>3927.628661</timestamp>
			</report>
			<report>
				<misses>10922001</misses>
				<total>12</total>
				<timestamp>3927.988274</timestamp>
			</report>
			<report>
				<misses>10923001</misses>
				<total>12</total>
				<timestamp>3928.347929</timestamp>
			</report>
			<report>
				<misses>10924001</misses>
				<total>12</total>
				<timestamp>3928.707545</timestamp>
			</report>
			<report>
				<misses>10925001</misses>
				<total>12</total>
				<timestamp>3929.067181</timestamp>
			</report>
			<report>
				<misses>10926001</misses>
				<total>12</total>
				<timestamp>3929.426829</timestamp>
			</report>
			<report>
				<misses>10927001</misses>
				<total>12</total>
				<timestamp>3929.786502</timestamp>
			</report>
			<report>
				<misses>10928001</misses>
				<total>12</total>
				<timestamp>3930.146143</timestamp>
			</report>
			<report>
				<misses>10929001</misses>
				<total>12</total>
				<timestamp>3930.505733</timestamp>
			</report>
			<report>
				<misses>10930001</misses>
				<total>12</total>
				<timestamp>3930.865432</timestamp>
			</report>
			<report>
				<misses>10931001</misses>
				<total>12</total>
				<timestamp>3931.225076</timestamp>
			</report>
			<report>
				<misses>10932001</misses>
				<total>12</total>
				<timestamp>3931.584650</timestamp>
			</report>
			<report>
				<misses>10933001</misses>
				<total>12</total>
				<timestamp>3931.944301</timestamp>
			</report>
			<report>
				<misses>10934001</misses>
				<total>12</total>
				<timestamp>3932.303932</timestamp>
			</report>
			<report>
				<misses>10935001</misses>
				<total>12</total>
				<timestamp>3932.663566</timestamp>
			</report>
			<report>
				<misses>10936001</misses>
				<total>12</total>
				<timestamp>3933.023252</timestamp>
			</report>
			<report>
				<misses>10937001</misses>
				<total>12</total>
				<timestamp>3933.382890</timestamp>
			</report>
			<report>
				<misses>10938001</misses>
				<total>12</total>
				<timestamp>3933.742536</timestamp>
			</report>
			<report>
				<misses>10939001</misses>
				<total>12</total>
				<timestamp>3934.102222</timestamp>
			</report>
			<report>
				<misses>10940001</misses>
				<total>12</total>
				<timestamp>3934.461853</timestamp>
			</report>
			<report>
				<misses>10941001</misses>
				<total>12</total>
				<timestamp>3934.821462</timestamp>
			</report>
			<report>
				<misses>10942001</misses>
				<total>12</total>
				<timestamp>3935.181067</timestamp>
			</report>
			<report>
				<misses>10943001</misses>
				<total>12</total>
				<timestamp>3935.540787</timestamp>
			</report>
			<report>
				<misses>10944001</misses>
				<total>12</total>
				<timestamp>3935.900405</timestamp>
			</report>
			<report>
				<misses>10945001</misses>
				<total>12</total>
				<timestamp>3936.259997</timestamp>
			</report>
			<report>
				<misses>10946001</misses>
				<total>12</total>
				<timestamp>3936.619675</timestamp>
			</report>
			<report>
				<misses>10947001</misses>
				<total>12</total>
				<timestamp>3936.979362</timestamp>
			</report>
			<report>
				<misses>10948001</misses>
				<total>12</total>
				<timestamp>3937.338928</timestamp>
			</report>
			<report>
				<misses>10949001</misses>
				<total>12</total>
				<timestamp>3937.698544</timestamp>
			</report>
			<report>
				<misses>10950001</misses>
				<total>12</total>
				<timestamp>3938.058168</timestamp>
			</report>
			<report>
				<misses>10951001</misses>
				<total>12</total>
				<timestamp>3938.417902</timestamp>
			</report>
			<report>
				<misses>10952001</misses>
				<total>12</total>
				<timestamp>3938.777541</timestamp>
			</report>
			<report>
				<misses>10953001</misses>
				<total>12</total>
				<timestamp>3939.137105</timestamp>
			</report>
			<report>
				<misses>10954001</misses>
				<total>12</total>
				<timestamp>3939.496739</timestamp>
			</report>
			<report>
				<misses>10955001</misses>
				<total>12</total>
				<timestamp>3939.856375</timestamp>
			</report>
			<report>
				<misses>10956001</misses>
				<total>12</total>
				<timestamp>3940.216071</timestamp>
			</report>
			<report>
				<misses>10957001</misses>
				<total>12</total>
				<timestamp>3940.575649</timestamp>
			</report>
			<report>
				<misses>10958001</misses>
				<total>12</total>
				<timestamp>3940.935320</timestamp>
			</report>
			<report>
				<misses>10959001</misses>
				<total>12</total>
				<timestamp>3941.294988</timestamp>
			</report>
			<report>
				<misses>10960001</misses>
				<total>12</total>
				<timestamp>3941.654582</timestamp>
			</report>
			<report>
				<misses>10961001</misses>
				<total>12</total>
				<timestamp>3942.014272</timestamp>
			</report>
			<report>
				<misses>10962001</misses>
				<total>12</total>
				<timestamp>3942.373883</timestamp>
			</report>
			<report>
				<misses>10963001</misses>
				<total>12</total>
				<timestamp>3942.733504</timestamp>
			</report>
			<report>
				<misses>10964001</misses>
				<total>12</total>
				<timestamp>3943.093145</timestamp>
			</report>
			<report>
				<misses>10965001</misses>
				<total>12</total>
				<timestamp>3943.452794</timestamp>
			</report>
			<report>
				<misses>10966001</misses>
				<total>12</total>
				<timestamp>3943.812495</timestamp>
			</report>
			<report>
				<misses>10967001</misses>
				<total>12</total>
				<timestamp>3944.172064</timestamp>
			</report>
			<report>
				<misses>10968001</misses>
				<total>12</total>
				<timestamp>3944.531756</timestamp>
			</report>
			<report>
				<misses>10969001</misses>
				<total>12</total>
				<timestamp>3944.891357</timestamp>
			</report>
			<report>
				<misses>10970001</misses>
				<total>12</total>
				<timestamp>3945.250988</timestamp>
			</report>
			<report>
				<misses>10971001</misses>
				<total>12</total>
				<timestamp>3945.610647</timestamp>
			</report>
			<report>
				<misses>10972001</misses>
				<total>12</total>
				<timestamp>3945.970334</timestamp>
			</report>
			<report>
				<misses>10973001</misses>
				<total>12</total>
				<timestamp>3946.329953</timestamp>
			</report>
			<report>
				<misses>10974001</misses>
				<total>12</total>
				<timestamp>3946.689567</timestamp>
			</report>
			<report>
				<misses>10975001</misses>
				<total>12</total>
				<timestamp>3947.049190</timestamp>
			</report>
			<report>
				<misses>10976001</misses>
				<total>12</total>
				<timestamp>3947.408880</timestamp>
			</report>
			<report>
				<misses>10977001</misses>
				<total>12</total>
				<timestamp>3947.768462</timestamp>
			</report>
			<report>
				<misses>10978001</misses>
				<total>12</total>
				<timestamp>3948.128189</timestamp>
			</report>
			<report>
				<misses>10979001</misses>
				<total>12</total>
				<timestamp>3948.487855</timestamp>
			</report>
			<report>
				<misses>10980001</misses>
				<total>12</total>
				<timestamp>3948.847376</timestamp>
			</report>
			<report>
				<misses>10981001</misses>
				<total>12</total>
				<timestamp>3949.207032</timestamp>
			</report>
			<report>
				<misses>10982001</misses>
				<total>12</total>
				<timestamp>3949.566735</timestamp>
			</report>
			<report>
				<misses>10983001</misses>
				<total>12</total>
				<timestamp>3949.926308</timestamp>
			</report>
			<report>
				<misses>10984001</misses>
				<total>12</total>
				<timestamp>3950.285942</timestamp>
			</report>
			<report>
				<misses>10985001</misses>
				<total>12</total>
				<timestamp>3950.645580</timestamp>
			</report>
			<report>
				<misses>10986001</misses>
				<total>12</total>
				<timestamp>3951.005257</timestamp>
			</report>
			<report>
				<misses>10987001</misses>
				<total>12</total>
				<timestamp>3951.364851</timestamp>
			</report>
			<report>
				<misses>10988001</misses>
				<total>12</total>
				<timestamp>3951.724576</timestamp>
			</report>
			<report>
				<misses>10989001</misses>
				<total>12</total>
				<timestamp>3952.084223</timestamp>
			</report>
			<report>
				<misses>10990001</misses>
				<total>12</total>
				<timestamp>3952.443811</timestamp>
			</report>
			<report>
				<misses>10991001</misses>
				<total>12</total>
				<timestamp>3952.803470</timestamp>
			</report>
			<report>
				<misses>10992001</misses>
				<total>12</total>
				<timestamp>3953.163066</timestamp>
			</report>
			<report>
				<misses>10993001</misses>
				<total>12</total>
				<timestamp>3953.522709</timestamp>
			</report>
			<report>
				<misses>10994001</misses>
				<total>12</total>
				<timestamp>3953.882401</timestamp>
			</report>
			<report>
				<misses>10995001</misses>
				<total>12</total>
				<timestamp>3954.242004</timestamp>
			</report>
			<report>
				<misses>10996001</misses>
				<total>12</total>
				<timestamp>3954.601685</timestamp>
			</report>
			<report>
				<misses>10997001</misses>
				<total>12</total>
				<timestamp>3954.961318</timestamp>
			</report>
			<report>
				<misses>10998001</misses>
				<total>12</total>
				<timestamp>3955.320894</timestamp>
			</report>
			<report>
				<misses>10999001</misses>
				<total>12</total>
				<timestamp>3955.680537</timestamp>
			</report>
			<report>
				<misses>11000001</misses>
				<total>12</total>
				<timestamp>3956.040234</timestamp>
			</report>
			<report>
				<misses>11001001</misses>
				<total>12</total>
				<timestamp>3956.399836</timestamp>
			</report>
			<report>
				<misses>11002001</misses>
				<total>12</total>
				<timestamp>3956.759521</timestamp>
			</report>
			<report>
				<misses>11003001</misses>
				<total>12</total>
				<timestamp>3957.119155</timestamp>
			</report>
			<report>
				<misses>11004001</misses>
				<total>12</total>
				<timestamp>3957.478786</timestamp>
			</report>
			<report>
				<misses>11005001</misses>
				<total>12</total>
				<timestamp>3957.838408</timestamp>
			</report>
			<report>
				<misses>11006001</misses>
				<total>12</total>
				<timestamp>3958.198043</timestamp>
			</report>
			<report>
				<misses>11007001</misses>
				<total>12</total>
				<timestamp>3958.557667</timestamp>
			</report>
			<report>
				<misses>11008001</misses>
				<total>12</total>
				<timestamp>3958.917337</timestamp>
			</report>
			<report>
				<misses>11009001</misses>
				<total>12</total>
				<timestamp>3959.277015</timestamp>
			</report>
			<report>
				<misses>11010001</misses>
				<total>12</total>
				<timestamp>3959.636579</timestamp>
			</report>
			<report>
				<misses>11011001</misses>
				<total>12</total>
				<timestamp>3959.996293</timestamp>
			</report>
			<report>
				<misses>11012001</misses>
				<total>12</total>
				<timestamp>3960.355859</timestamp>
			</report>
			<report>
				<misses>11013001</misses>
				<total>12</total>
				<timestamp>3960.715492</timestamp>
			</report>
			<report>
				<misses>11014001</misses>
				<total>12</total>
				<timestamp>3961.075195</timestamp>
			</report>
			<report>
				<misses>11015001</misses>
				<total>12</total>
				<timestamp>3961.434798</timestamp>
			</report>
			<report>
				<misses>11016001</misses>
				<total>12</total>
				<timestamp>3961.794423</timestamp>
			</report>
			<report>
				<misses>11017001</misses>
				<total>12</total>
				<timestamp>3962.154106</timestamp>
			</report>
			<report>
				<misses>11018001</misses>
				<total>12</total>
				<timestamp>3962.513722</timestamp>
			</report>
			<report>
				<misses>11019001</misses>
				<total>12</total>
				<timestamp>3962.873321</timestamp>
			</report>
			<report>
				<misses>11020001</misses>
				<total>12</total>
				<timestamp>3963.233034</timestamp>
			</report>
			<report>
				<misses>11021001</misses>
				<total>12</total>
				<timestamp>3963.592609</timestamp>
			</report>
			<report>
				<misses>11022001</misses>
				<total>12</total>
				<timestamp>3963.952318</timestamp>
			</report>
			<report>
				<misses>11023001</misses>
				<total>12</total>
				<timestamp>3964.311984</timestamp>
			</report>
			<report>
				<misses>11024001</misses>
				<total>12</total>
				<timestamp>3964.671564</timestamp>
			</report>
			<report>
				<misses>11025001</misses>
				<total>12</total>
				<timestamp>3965.031232</timestamp>
			</report>
			<report>
				<misses>11026001</misses>
				<total>12</total>
				<timestamp>3965.390850</timestamp>
			</report>
			<report>
				<misses>11027001</misses>
				<total>12</total>
				<timestamp>3965.750511</timestamp>
			</report>
			<report>
				<misses>11028001</misses>
				<total>12</total>
				<timestamp>3966.110178</timestamp>
			</report>
			<report>
				<misses>11029001</misses>
				<total>12</total>
				<timestamp>3966.469753</timestamp>
			</report>
			<report>
				<misses>11030001</misses>
				<total>12</total>
				<timestamp>3966.829406</timestamp>
			</report>
			<report>
				<misses>11031001</misses>
				<total>12</total>
				<timestamp>3967.189040</timestamp>
			</report>
			<report>
				<misses>11032001</misses>
				<total>12</total>
				<timestamp>3967.548686</timestamp>
			</report>
			<report>
				<misses>11033001</misses>
				<total>12</total>
				<timestamp>3967.908292</timestamp>
			</report>
			<report>
				<misses>11034001</misses>
				<total>12</total>
				<timestamp>3968.267955</timestamp>
			</report>
			<report>
				<misses>11035001</misses>
				<total>12</total>
				<timestamp>3968.627680</timestamp>
			</report>
			<report>
				<misses>11036001</misses>
				<total>12</total>
				<timestamp>3968.987251</timestamp>
			</report>
			<report>
				<misses>11037001</misses>
				<total>12</total>
				<timestamp>3969.346858</timestamp>
			</report>
			<report>
				<misses>11038001</misses>
				<total>12</total>
				<timestamp>3969.706498</timestamp>
			</report>
			<report>
				<misses>11039001</misses>
				<total>12</total>
				<timestamp>3970.066206</timestamp>
			</report>
			<report>
				<misses>11040001</misses>
				<total>12</total>
				<timestamp>3970.425829</timestamp>
			</report>
			<report>
				<misses>11041001</misses>
				<total>12</total>
				<timestamp>3970.785435</timestamp>
			</report>
			<report>
				<misses>11042001</misses>
				<total>12</total>
				<timestamp>3971.145088</timestamp>
			</report>
			<report>
				<misses>11043001</misses>
				<total>12</total>
				<timestamp>3971.504750</timestamp>
			</report>
			<report>
				<misses>11044001</misses>
				<total>12</total>
				<timestamp>3971.864353</timestamp>
			</report>
			<report>
				<misses>11045001</misses>
				<total>12</total>
				<timestamp>3972.224078</timestamp>
			</report>
			<report>
				<misses>11046001</misses>
				<total>12</total>
				<timestamp>3972.583610</timestamp>
			</report>
			<report>
				<misses>11047001</misses>
				<total>12</total>
				<timestamp>3972.943281</timestamp>
			</report>
			<report>
				<misses>11048001</misses>
				<total>12</total>
				<timestamp>3973.302916</timestamp>
			</report>
			<report>
				<misses>11049001</misses>
				<total>12</total>
				<timestamp>3973.662570</timestamp>
			</report>
			<report>
				<misses>11050001</misses>
				<total>12</total>
				<timestamp>3974.022173</timestamp>
			</report>
			<report>
				<misses>11051001</misses>
				<total>12</total>
				<timestamp>3974.381812</timestamp>
			</report>
			<report>
				<misses>11052001</misses>
				<total>12</total>
				<timestamp>3974.741492</timestamp>
			</report>
			<report>
				<misses>11053001</misses>
				<total>12</total>
				<timestamp>3975.101205</timestamp>
			</report>
			<report>
				<misses>11054001</misses>
				<total>12</total>
				<timestamp>3975.460748</timestamp>
			</report>
			<report>
				<misses>11055001</misses>
				<total>12</total>
				<timestamp>3975.820390</timestamp>
			</report>
			<report>
				<misses>11056001</misses>
				<total>12</total>
				<timestamp>3976.180035</timestamp>
			</report>
			<report>
				<misses>11057001</misses>
				<total>12</total>
				<timestamp>3976.539658</timestamp>
			</report>
			<report>
				<misses>11058001</misses>
				<total>12</total>
				<timestamp>3976.899293</timestamp>
			</report>
			<report>
				<misses>11059001</misses>
				<total>12</total>
				<timestamp>3977.258935</timestamp>
			</report>
			<report>
				<misses>11060001</misses>
				<total>12</total>
				<timestamp>3977.618630</timestamp>
			</report>
			<report>
				<misses>11061001</misses>
				<total>12</total>
				<timestamp>3977.978208</timestamp>
			</report>
			<report>
				<misses>11062001</misses>
				<total>12</total>
				<timestamp>3978.337866</timestamp>
			</report>
			<report>
				<misses>11063001</misses>
				<total>12</total>
				<timestamp>3978.697511</timestamp>
			</report>
			<report>
				<misses>11064001</misses>
				<total>12</total>
				<timestamp>3979.057131</timestamp>
			</report>
			<report>
				<misses>11065001</misses>
				<total>12</total>
				<timestamp>3979.416778</timestamp>
			</report>
			<report>
				<misses>11066001</misses>
				<total>12</total>
				<timestamp>3979.776467</timestamp>
			</report>
			<report>
				<misses>11067001</misses>
				<total>12</total>
				<timestamp>3980.136094</timestamp>
			</report>
			<report>
				<misses>11068001</misses>
				<total>12</total>
				<timestamp>3980.495696</timestamp>
			</report>
			<report>
				<misses>11069001</misses>
				<total>12</total>
				<timestamp>3980.855366</timestamp>
			</report>
			<report>
				<misses>11070001</misses>
				<total>12</total>
				<timestamp>3981.215112</timestamp>
			</report>
			<report>
				<misses>11071001</misses>
				<total>12</total>
				<timestamp>3981.574634</timestamp>
			</report>
			<report>
				<misses>11072001</misses>
				<total>12</total>
				<timestamp>3981.934270</timestamp>
			</report>
			<report>
				<misses>11073001</misses>
				<total>12</total>
				<timestamp>3982.293953</timestamp>
			</report>
			<report>
				<misses>11074001</misses>
				<total>12</total>
				<timestamp>3982.653594</timestamp>
			</report>
			<report>
				<misses>11075001</misses>
				<total>12</total>
				<timestamp>3983.013209</timestamp>
			</report>
			<report>
				<misses>11076001</misses>
				<total>12</total>
				<timestamp>3983.372836</timestamp>
			</report>
			<report>
				<misses>11077001</misses>
				<total>12</total>
				<timestamp>3983.732497</timestamp>
			</report>
			<report>
				<misses>11078001</misses>
				<total>12</total>
				<timestamp>3984.092137</timestamp>
			</report>
			<report>
				<misses>11079001</misses>
				<total>12</total>
				<timestamp>3984.451839</timestamp>
			</report>
			<report>
				<misses>11080001</misses>
				<total>12</total>
				<timestamp>3984.811464</timestamp>
			</report>
			<report>
				<misses>11081001</misses>
				<total>12</total>
				<timestamp>3985.171062</timestamp>
			</report>
			<report>
				<misses>11082001</misses>
				<total>12</total>
				<timestamp>3985.530661</timestamp>
			</report>
			<report>
				<misses>11083001</misses>
				<total>12</total>
				<timestamp>3985.890349</timestamp>
			</report>
			<report>
				<misses>11084001</misses>
				<total>12</total>
				<timestamp>3986.249950</timestamp>
			</report>
			<report>
				<misses>11085001</misses>
				<total>12</total>
				<timestamp>3986.609653</timestamp>
			</report>
			<report>
				<misses>11086001</misses>
				<total>12</total>
				<timestamp>3986.969235</timestamp>
			</report>
			<report>
				<misses>11087001</misses>
				<total>12</total>
				<timestamp>3987.328934</timestamp>
			</report>
			<report>
				<misses>11088001</misses>
				<total>12</total>
				<timestamp>3987.688588</timestamp>
			</report>
			<report>
				<misses>11089001</misses>
				<total>12</total>
				<timestamp>3988.048148</timestamp>
			</report>
			<report>
				<misses>11090001</misses>
				<total>12</total>
				<timestamp>3988.407777</timestamp>
			</report>
			<report>
				<misses>11091001</misses>
				<total>12</total>
				<timestamp>3988.767419</timestamp>
			</report>
			<report>
				<misses>11092001</misses>
				<total>12</total>
				<timestamp>3989.127158</timestamp>
			</report>
			<report>
				<misses>11093001</misses>
				<total>12</total>
				<timestamp>3989.486721</timestamp>
			</report>
			<report>
				<misses>11094001</misses>
				<total>12</total>
				<timestamp>3989.846423</timestamp>
			</report>
			<report>
				<misses>11095001</misses>
				<total>12</total>
				<timestamp>3990.206047</timestamp>
			</report>
			<report>
				<misses>11096001</misses>
				<total>12</total>
				<timestamp>3990.565600</timestamp>
			</report>
			<report>
				<misses>11097001</misses>
				<total>12</total>
				<timestamp>3990.925323</timestamp>
			</report>
			<report>
				<misses>11098001</misses>
				<total>12</total>
				<timestamp>3991.284913</timestamp>
			</report>
			<report>
				<misses>11099001</misses>
				<total>12</total>
				<timestamp>3991.644543</timestamp>
			</report>
			<report>
				<misses>11100001</misses>
				<total>12</total>
				<timestamp>3992.004207</timestamp>
			</report>
			<report>
				<misses>11101001</misses>
				<total>12</total>
				<timestamp>3992.363895</timestamp>
			</report>
			<report>
				<misses>11102001</misses>
				<total>12</total>
				<timestamp>3992.723476</timestamp>
			</report>
			<report>
				<misses>11103001</misses>
				<total>12</total>
				<timestamp>3993.083205</timestamp>
			</report>
			<report>
				<misses>11104001</misses>
				<total>12</total>
				<timestamp>3993.442732</timestamp>
			</report>
			<report>
				<misses>11105001</misses>
				<total>12</total>
				<timestamp>3993.802381</timestamp>
			</report>
			<report>
				<misses>11106001</misses>
				<total>12</total>
				<timestamp>3994.162038</timestamp>
			</report>
			<report>
				<misses>11107001</misses>
				<total>12</total>
				<timestamp>3994.521693</timestamp>
			</report>
			<report>
				<misses>11108001</misses>
				<total>12</total>
				<timestamp>3994.881302</timestamp>
			</report>
			<report>
				<misses>11109001</misses>
				<total>12</total>
				<timestamp>3995.240983</timestamp>
			</report>
			<report>
				<misses>11110001</misses>
				<total>12</total>
				<timestamp>3995.600582</timestamp>
			</report>
			<report>
				<misses>11111001</misses>
				<total>12</total>
				<timestamp>3995.960246</timestamp>
			</report>
			<report>
				<misses>11112001</misses>
				<total>12</total>
				<timestamp>3996.319934</timestamp>
			</report>
			<report>
				<misses>11113001</misses>
				<total>12</total>
				<timestamp>3996.679547</timestamp>
			</report>
			<report>
				<misses>11114001</misses>
				<total>12</total>
				<timestamp>3997.039178</timestamp>
			</report>
			<report>
				<misses>11115001</misses>
				<total>12</total>
				<timestamp>3997.398867</timestamp>
			</report>
			<report>
				<misses>11116001</misses>
				<total>12</total>
				<timestamp>3997.758400</timestamp>
			</report>
			<report>
				<misses>11117001</misses>
				<total>12</total>
				<timestamp>3998.118115</timestamp>
			</report>
			<report>
				<misses>11118001</misses>
				<total>12</total>
				<timestamp>3998.477693</timestamp>
			</report>
			<report>
				<misses>11119001</misses>
				<total>12</total>
				<timestamp>3998.837358</timestamp>
			</report>
			<report>
				<misses>11120001</misses>
				<total>12</total>
				<timestamp>3999.196999</timestamp>
			</report>
			<report>
				<misses>11121001</misses>
				<total>12</total>
				<timestamp>3999.556662</timestamp>
			</report>
			<report>
				<misses>11122001</misses>
				<total>12</total>
				<timestamp>3999.916272</timestamp>
			</report>
			<report>
				<misses>11123001</misses>
				<total>12</total>
				<timestamp>4000.275959</timestamp>
			</report>
			<report>
				<misses>11124001</misses>
				<total>12</total>
				<timestamp>4000.635562</timestamp>
			</report>
			<report>
				<misses>11125001</misses>
				<total>12</total>
				<timestamp>4000.995280</timestamp>
			</report>
			<report>
				<misses>11126001</misses>
				<total>12</total>
				<timestamp>4001.354828</timestamp>
			</report>
			<report>
				<misses>11127001</misses>
				<total>12</total>
				<timestamp>4001.714524</timestamp>
			</report>
			<report>
				<misses>11128001</misses>
				<total>12</total>
				<timestamp>4002.074184</timestamp>
			</report>
			<report>
				<misses>11129001</misses>
				<total>12</total>
				<timestamp>4002.433735</timestamp>
			</report>
			<report>
				<misses>11130001</misses>
				<total>12</total>
				<timestamp>4002.793397</timestamp>
			</report>
			<report>
				<misses>11131001</misses>
				<total>12</total>
				<timestamp>4003.153049</timestamp>
			</report>
			<report>
				<misses>11132001</misses>
				<total>12</total>
				<timestamp>4003.512702</timestamp>
			</report>
			<report>
				<misses>11133001</misses>
				<total>12</total>
				<timestamp>4003.872354</timestamp>
			</report>
			<report>
				<misses>11134001</misses>
				<total>12</total>
				<timestamp>4004.232024</timestamp>
			</report>
			<report>
				<misses>11135001</misses>
				<total>12</total>
				<timestamp>4004.591606</timestamp>
			</report>
			<report>
				<misses>11136001</misses>
				<total>12</total>
				<timestamp>4004.951217</timestamp>
			</report>
			<report>
				<misses>11137001</misses>
				<total>12</total>
				<timestamp>4005.310900</timestamp>
			</report>
			<report>
				<misses>11138001</misses>
				<total>12</total>
				<timestamp>4005.670501</timestamp>
			</report>
			<report>
				<misses>11139001</misses>
				<total>12</total>
				<timestamp>4006.030197</timestamp>
			</report>
			<report>
				<misses>11140001</misses>
				<total>12</total>
				<timestamp>4006.389783</timestamp>
			</report>
			<report>
				<misses>11141001</misses>
				<total>12</total>
				<timestamp>4006.749514</timestamp>
			</report>
			<report>
				<misses>11142001</misses>
				<total>12</total>
				<timestamp>4007.109092</timestamp>
			</report>
			<report>
				<misses>11143001</misses>
				<total>12</total>
				<timestamp>4007.468732</timestamp>
			</report>
			<report>
				<misses>11144001</misses>
				<total>12</total>
				<timestamp>4007.828372</timestamp>
			</report>
			<report>
				<misses>11145001</misses>
				<total>12</total>
				<timestamp>4008.188070</timestamp>
			</report>
			<report>
				<misses>11146001</misses>
				<total>12</total>
				<timestamp>4008.547623</timestamp>
			</report>
			<report>
				<misses>11147001</misses>
				<total>12</total>
				<timestamp>4008.907267</timestamp>
			</report>
			<report>
				<misses>11148001</misses>
				<total>12</total>
				<timestamp>4009.266922</timestamp>
			</report>
			<report>
				<misses>11149001</misses>
				<total>12</total>
				<timestamp>4009.626618</timestamp>
			</report>
			<report>
				<misses>11150001</misses>
				<total>12</total>
				<timestamp>4009.986187</timestamp>
			</report>
			<report>
				<misses>11151001</misses>
				<total>12</total>
				<timestamp>4010.345892</timestamp>
			</report>
			<report>
				<misses>11152001</misses>
				<total>12</total>
				<timestamp>4010.705460</timestamp>
			</report>
			<report>
				<misses>11153001</misses>
				<total>12</total>
				<timestamp>4011.065102</timestamp>
			</report>
			<report>
				<misses>11154001</misses>
				<total>12</total>
				<timestamp>4011.424763</timestamp>
			</report>
			<report>
				<misses>11155001</misses>
				<total>12</total>
				<timestamp>4011.784404</timestamp>
			</report>
			<report>
				<misses>11156001</misses>
				<total>12</total>
				<timestamp>4012.144087</timestamp>
			</report>
			<report>
				<misses>11157001</misses>
				<total>12</total>
				<timestamp>4012.503672</timestamp>
			</report>
			<report>
				<misses>11158001</misses>
				<total>12</total>
				<timestamp>4012.863289</timestamp>
			</report>
			<report>
				<misses>11159001</misses>
				<total>12</total>
				<timestamp>4013.222988</timestamp>
			</report>
			<report>
				<misses>11160001</misses>
				<total>12</total>
				<timestamp>4013.582592</timestamp>
			</report>
			<report>
				<misses>11161001</misses>
				<total>12</total>
				<timestamp>4013.942215</timestamp>
			</report>
			<report>
				<misses>11162001</misses>
				<total>12</total>
				<timestamp>4014.301923</timestamp>
			</report>
			<report>
				<misses>11163001</misses>
				<total>12</total>
				<timestamp>4014.661595</timestamp>
			</report>
			<report>
				<misses>11164001</misses>
				<total>12</total>
				<timestamp>4015.021132</timestamp>
			</report>
			<report>
				<misses>11165001</misses>
				<total>12</total>
				<timestamp>4015.380780</timestamp>
			</report>
			<report>
				<misses>11166001</misses>
				<total>12</total>
				<timestamp>4015.740432</timestamp>
			</report>
			<report>
				<misses>11167001</misses>
				<total>12</total>
				<timestamp>4016.100070</timestamp>
			</report>
			<report>
				<misses>11168001</misses>
				<total>12</total>
				<timestamp>4016.459740</timestamp>
			</report>
			<report>
				<misses>11169001</misses>
				<total>12</total>
				<timestamp>4016.819468</timestamp>
			</report>
			<report>
				<misses>11170001</misses>
				<total>12</total>
				<timestamp>4017.178989</timestamp>
			</report>
			<report>
				<misses>11171001</misses>
				<total>12</total>
				<timestamp>4017.538640</timestamp>
			</report>
			<report>
				<misses>11172001</misses>
				<total>12</total>
				<timestamp>4017.898298</timestamp>
			</report>
			<report>
				<misses>11173001</misses>
				<total>12</total>
				<timestamp>4018.257995</timestamp>
			</report>
			<report>
				<misses>11174001</misses>
				<total>12</total>
				<timestamp>4018.617557</timestamp>
			</report>
			<report>
				<misses>11175001</misses>
				<total>12</total>
				<timestamp>4018.977173</timestamp>
			</report>
			<report>
				<misses>11176001</misses>
				<total>12</total>
				<timestamp>4019.336959</timestamp>
			</report>
			<report>
				<misses>11177001</misses>
				<total>12</total>
				<timestamp>4019.696574</timestamp>
			</report>
			<report>
				<misses>11178001</misses>
				<total>12</total>
				<timestamp>4020.056085</timestamp>
			</report>
			<report>
				<misses>11179001</misses>
				<total>12</total>
				<timestamp>4020.415746</timestamp>
			</report>
			<report>
				<misses>11180001</misses>
				<total>12</total>
				<timestamp>4020.775379</timestamp>
			</report>
			<report>
				<misses>11181001</misses>
				<total>12</total>
				<timestamp>4021.135032</timestamp>
			</report>
			<report>
				<misses>11182001</misses>
				<total>12</total>
				<timestamp>4021.494670</timestamp>
			</report>
			<report>
				<misses>11183001</misses>
				<total>12</total>
				<timestamp>4021.854379</timestamp>
			</report>
			<report>
				<misses>11184001</misses>
				<total>12</total>
				<timestamp>4022.213963</timestamp>
			</report>
			<report>
				<misses>11185001</misses>
				<total>12</total>
				<timestamp>4022.573604</timestamp>
			</report>
			<report>
				<misses>11186001</misses>
				<total>12</total>
				<timestamp>4022.933253</timestamp>
			</report>
			<report>
				<misses>11187001</misses>
				<total>12</total>
				<timestamp>4023.292870</timestamp>
			</report>
			<report>
				<misses>11188001</misses>
				<total>12</total>
				<timestamp>4023.652495</timestamp>
			</report>
			<report>
				<misses>11189001</misses>
				<total>12</total>
				<timestamp>4024.012135</timestamp>
			</report>
			<report>
				<misses>11190001</misses>
				<total>12</total>
				<timestamp>4024.371904</timestamp>
			</report>
			<report>
				<misses>11191001</misses>
				<total>12</total>
				<timestamp>4024.731414</timestamp>
			</report>
			<report>
				<misses>11192001</misses>
				<total>12</total>
				<timestamp>4025.091060</timestamp>
			</report>
			<report>
				<misses>11193001</misses>
				<total>12</total>
				<timestamp>4025.450720</timestamp>
			</report>
			<report>
				<misses>11194001</misses>
				<total>12</total>
				<timestamp>4025.810328</timestamp>
			</report>
			<report>
				<misses>11195001</misses>
				<total>12</total>
				<timestamp>4026.169997</timestamp>
			</report>
			<report>
				<misses>11196001</misses>
				<total>12</total>
				<timestamp>4026.529655</timestamp>
			</report>
			<report>
				<misses>11197001</misses>
				<total>12</total>
				<timestamp>4026.889259</timestamp>
			</report>
			<report>
				<misses>11198001</misses>
				<total>12</total>
				<timestamp>4027.248926</timestamp>
			</report>
			<report>
				<misses>11199001</misses>
				<total>12</total>
				<timestamp>4027.608559</timestamp>
			</report>
			<report>
				<misses>11200001</misses>
				<total>12</total>
				<timestamp>4027.968201</timestamp>
			</report>
			<report>
				<misses>11201001</misses>
				<total>12</total>
				<timestamp>4028.327860</timestamp>
			</report>
			<report>
				<misses>11202001</misses>
				<total>12</total>
				<timestamp>4028.687460</timestamp>
			</report>
			<report>
				<misses>11203001</misses>
				<total>12</total>
				<timestamp>4029.047108</timestamp>
			</report>
			<report>
				<misses>11204001</misses>
				<total>12</total>
				<timestamp>4029.406883</timestamp>
			</report>
			<report>
				<misses>11205001</misses>
				<total>12</total>
				<timestamp>4029.766375</timestamp>
			</report>
			<report>
				<misses>11206001</misses>
				<total>12</total>
				<timestamp>4030.126080</timestamp>
			</report>
			<report>
				<misses>11207001</misses>
				<total>12</total>
				<timestamp>4030.485725</timestamp>
			</report>
			<report>
				<misses>11208001</misses>
				<total>12</total>
				<timestamp>4030.845382</timestamp>
			</report>
			<report>
				<misses>11209001</misses>
				<total>12</total>
				<timestamp>4031.205037</timestamp>
			</report>
			<report>
				<misses>11210001</misses>
				<total>12</total>
				<timestamp>4031.564585</timestamp>
			</report>
			<report>
				<misses>11211001</misses>
				<total>12</total>
				<timestamp>4031.924207</timestamp>
			</report>
			<report>
				<misses>11212001</misses>
				<total>12</total>
				<timestamp>4032.283893</timestamp>
			</report>
			<report>
				<misses>11213001</misses>
				<total>12</total>
				<timestamp>4032.643526</timestamp>
			</report>
			<report>
				<misses>11214001</misses>
				<total>12</total>
				<timestamp>4033.003169</timestamp>
			</report>
			<report>
				<misses>11215001</misses>
				<total>12</total>
				<timestamp>4033.362766</timestamp>
			</report>
			<report>
				<misses>11216001</misses>
				<total>12</total>
				<timestamp>4033.722473</timestamp>
			</report>
			<report>
				<misses>11217001</misses>
				<total>12</total>
				<timestamp>4034.082073</timestamp>
			</report>
			<report>
				<misses>11218001</misses>
				<total>12</total>
				<timestamp>4034.441771</timestamp>
			</report>
			<report>
				<misses>11219001</misses>
				<total>12</total>
				<timestamp>4034.801327</timestamp>
			</report>
			<report>
				<misses>11220001</misses>
				<total>12</total>
				<timestamp>4035.161001</timestamp>
			</report>
			<report>
				<misses>11221001</misses>
				<total>12</total>
				<timestamp>4035.520710</timestamp>
			</report>
			<report>
				<misses>11222001</misses>
				<total>12</total>
				<timestamp>4035.880323</timestamp>
			</report>
			<report>
				<misses>11223001</misses>
				<total>12</total>
				<timestamp>4036.239912</timestamp>
			</report>
			<report>
				<misses>11224001</misses>
				<total>12</total>
				<timestamp>4036.599587</timestamp>
			</report>
			<report>
				<misses>11225001</misses>
				<total>12</total>
				<timestamp>4036.959178</timestamp>
			</report>
			<report>
				<misses>11226001</misses>
				<total>12</total>
				<timestamp>4037.318873</timestamp>
			</report>
			<report>
				<misses>11227001</misses>
				<total>12</total>
				<timestamp>4037.678459</timestamp>
			</report>
			<report>
				<misses>11228001</misses>
				<total>12</total>
				<timestamp>4038.038102</timestamp>
			</report>
			<report>
				<misses>11229001</misses>
				<total>12</total>
				<timestamp>4038.397738</timestamp>
			</report>
			<report>
				<misses>11230001</misses>
				<total>12</total>
				<timestamp>4038.757378</timestamp>
			</report>
			<report>
				<misses>11231001</misses>
				<total>12</total>
				<timestamp>4039.117083</timestamp>
			</report>
			<report>
				<misses>11232001</misses>
				<total>12</total>
				<timestamp>4039.476762</timestamp>
			</report>
			<report>
				<misses>11233001</misses>
				<total>12</total>
				<timestamp>4039.836298</timestamp>
			</report>
			<report>
				<misses>11234001</misses>
				<total>12</total>
				<timestamp>4040.195974</timestamp>
			</report>
			<report>
				<misses>11235001</misses>
				<total>12</total>
				<timestamp>4040.555673</timestamp>
			</report>
			<report>
				<misses>11236001</misses>
				<total>12</total>
				<timestamp>4040.915233</timestamp>
			</report>
			<report>
				<misses>11237001</misses>
				<total>12</total>
				<timestamp>4041.274895</timestamp>
			</report>
			<report>
				<misses>11238001</misses>
				<total>12</total>
				<timestamp>4041.634496</timestamp>
			</report>
			<report>
				<misses>11239001</misses>
				<total>12</total>
				<timestamp>4041.994150</timestamp>
			</report>
			<report>
				<misses>11240001</misses>
				<total>12</total>
				<timestamp>4042.353836</timestamp>
			</report>
			<report>
				<misses>11241001</misses>
				<total>12</total>
				<timestamp>4042.713445</timestamp>
			</report>
			<report>
				<misses>11242001</misses>
				<total>12</total>
				<timestamp>4043.073065</timestamp>
			</report>
			<report>
				<misses>11243001</misses>
				<total>12</total>
				<timestamp>4043.432758</timestamp>
			</report>
			<report>
				<misses>11244001</misses>
				<total>12</total>
				<timestamp>4043.792339</timestamp>
			</report>
			<report>
				<misses>11245001</misses>
				<total>12</total>
				<timestamp>4044.151987</timestamp>
			</report>
			<report>
				<misses>11246001</misses>
				<total>12</total>
				<timestamp>4044.511693</timestamp>
			</report>
			<report>
				<misses>11247001</misses>
				<total>12</total>
				<timestamp>4044.871271</timestamp>
			</report>
			<report>
				<misses>11248001</misses>
				<total>12</total>
				<timestamp>4045.230941</timestamp>
			</report>
			<report>
				<misses>11249001</misses>
				<total>12</total>
				<timestamp>4045.590575</timestamp>
			</report>
			<report>
				<misses>11250001</misses>
				<total>12</total>
				<timestamp>4045.950177</timestamp>
			</report>
			<report>
				<misses>11251001</misses>
				<total>12</total>
				<timestamp>4046.309841</timestamp>
			</report>
			<report>
				<misses>11252001</misses>
				<total>12</total>
				<timestamp>4046.669549</timestamp>
			</report>
			<report>
				<misses>11253001</misses>
				<total>12</total>
				<timestamp>4047.029135</timestamp>
			</report>
			<report>
				<misses>11254001</misses>
				<total>12</total>
				<timestamp>4047.388834</timestamp>
			</report>
			<report>
				<misses>11255001</misses>
				<total>12</total>
				<timestamp>4047.748376</timestamp>
			</report>
			<report>
				<misses>11256001</misses>
				<total>12</total>
				<timestamp>4048.108038</timestamp>
			</report>
			<report>
				<misses>11257001</misses>
				<total>12</total>
				<timestamp>4048.467720</timestamp>
			</report>
			<report>
				<misses>11258001</misses>
				<total>12</total>
				<timestamp>4048.827349</timestamp>
			</report>
			<report>
				<misses>11259001</misses>
				<total>12</total>
				<timestamp>4049.186932</timestamp>
			</report>
			<report>
				<misses>11260001</misses>
				<total>12</total>
				<timestamp>4049.546659</timestamp>
			</report>
			<report>
				<misses>11261001</misses>
				<total>12</total>
				<timestamp>4049.906262</timestamp>
			</report>
			<report>
				<misses>11262001</misses>
				<total>12</total>
				<timestamp>4050.265853</timestamp>
			</report>
			<report>
				<misses>11263001</misses>
				<total>12</total>
				<timestamp>4050.625528</timestamp>
			</report>
			<report>
				<misses>11264001</misses>
				<total>12</total>
				<timestamp>4050.985139</timestamp>
			</report>
			<report>
				<misses>11265001</misses>
				<total>12</total>
				<timestamp>4051.344775</timestamp>
			</report>
			<report>
				<misses>11266001</misses>
				<total>12</total>
				<timestamp>4051.704408</timestamp>
			</report>
			<report>
				<misses>11267001</misses>
				<total>12</total>
				<timestamp>4052.064048</timestamp>
			</report>
			<report>
				<misses>11268001</misses>
				<total>12</total>
				<timestamp>4052.423737</timestamp>
			</report>
			<report>
				<misses>11269001</misses>
				<total>12</total>
				<timestamp>4052.783350</timestamp>
			</report>
			<report>
				<misses>11270001</misses>
				<total>12</total>
				<timestamp>4053.143010</timestamp>
			</report>
			<report>
				<misses>11271001</misses>
				<total>12</total>
				<timestamp>4053.502631</timestamp>
			</report>
			<report>
				<misses>11272001</misses>
				<total>12</total>
				<timestamp>4053.862277</timestamp>
			</report>
			<report>
				<misses>11273001</misses>
				<total>12</total>
				<timestamp>4054.221957</timestamp>
			</report>
			<report>
				<misses>11274001</misses>
				<total>12</total>
				<timestamp>4054.581598</timestamp>
			</report>
			<report>
				<misses>11275001</misses>
				<total>12</total>
				<timestamp>4054.941229</timestamp>
			</report>
			<report>
				<misses>11276001</misses>
				<total>12</total>
				<timestamp>4055.300887</timestamp>
			</report>
			<report>
				<misses>11277001</misses>
				<total>12</total>
				<timestamp>4055.660583</timestamp>
			</report>
			<report>
				<misses>11278001</misses>
				<total>12</total>
				<timestamp>4056.020094</timestamp>
			</report>
			<report>
				<misses>11279001</misses>
				<total>12</total>
				<timestamp>4056.379730</timestamp>
			</report>
			<report>
				<misses>11280001</misses>
				<total>12</total>
				<timestamp>4056.739399</timestamp>
			</report>
			<report>
				<misses>11281001</misses>
				<total>12</total>
				<timestamp>4057.099053</timestamp>
			</report>
			<report>
				<misses>11282001</misses>
				<total>12</total>
				<timestamp>4057.458672</timestamp>
			</report>
			<report>
				<misses>11283001</misses>
				<total>12</total>
				<timestamp>4057.818354</timestamp>
			</report>
			<report>
				<misses>11284001</misses>
				<total>12</total>
				<timestamp>4058.178002</timestamp>
			</report>
			<report>
				<misses>11285001</misses>
				<total>12</total>
				<timestamp>4058.537682</timestamp>
			</report>
			<report>
				<misses>11286001</misses>
				<total>12</total>
				<timestamp>4058.897222</timestamp>
			</report>
			<report>
				<misses>11287001</misses>
				<total>12</total>
				<timestamp>4059.256950</timestamp>
			</report>
			<report>
				<misses>11288001</misses>
				<total>12</total>
				<timestamp>4059.616543</timestamp>
			</report>
			<report>
				<misses>11289001</misses>
				<total>12</total>
				<timestamp>4059.976160</timestamp>
			</report>
			<report>
				<misses>11290001</misses>
				<total>12</total>
				<timestamp>4060.335782</timestamp>
			</report>
			<report>
				<misses>11291001</misses>
				<total>12</total>
				<timestamp>4060.695423</timestamp>
			</report>
			<report>
				<misses>11292001</misses>
				<total>12</total>
				<timestamp>4061.055097</timestamp>
			</report>
			<report>
				<misses>11293001</misses>
				<total>12</total>
				<timestamp>4061.414798</timestamp>
			</report>
			<report>
				<misses>11294001</misses>
				<total>12</total>
				<timestamp>4061.774333</timestamp>
			</report>
			<report>
				<misses>11295001</misses>
				<total>12</total>
				<timestamp>4062.133997</timestamp>
			</report>
			<report>
				<misses>11296001</misses>
				<total>12</total>
				<timestamp>4062.493670</timestamp>
			</report>
			<report>
				<misses>11297001</misses>
				<total>12</total>
				<timestamp>4062.853331</timestamp>
			</report>
			<report>
				<misses>11298001</misses>
				<total>12</total>
				<timestamp>4063.212887</timestamp>
			</report>
			<report>
				<misses>11299001</misses>
				<total>12</total>
				<timestamp>4063.572555</timestamp>
			</report>
			<report>
				<misses>11300001</misses>
				<total>12</total>
				<timestamp>4063.932197</timestamp>
			</report>
			<report>
				<misses>11301001</misses>
				<total>12</total>
				<timestamp>4064.291861</timestamp>
			</report>
			<report>
				<misses>11302001</misses>
				<total>12</total>
				<timestamp>4064.651480</timestamp>
			</report>
			<report>
				<misses>11303001</misses>
				<total>12</total>
				<timestamp>4065.011116</timestamp>
			</report>
			<report>
				<misses>11304001</misses>
				<total>12</total>
				<timestamp>4065.370752</timestamp>
			</report>
			<report>
				<misses>11305001</misses>
				<total>12</total>
				<timestamp>4065.730387</timestamp>
			</report>
			<report>
				<misses>11306001</misses>
				<total>12</total>
				<timestamp>4066.090111</timestamp>
			</report>
			<report>
				<misses>11307001</misses>
				<total>12</total>
				<timestamp>4066.449698</timestamp>
			</report>
			<report>
				<misses>11308001</misses>
				<total>12</total>
				<timestamp>4066.809348</timestamp>
			</report>
			<report>
				<misses>11309001</misses>
				<total>12</total>
				<timestamp>4067.168958</timestamp>
			</report>
			<report>
				<misses>11310001</misses>
				<total>12</total>
				<timestamp>4067.528641</timestamp>
			</report>
			<report>
				<misses>11311001</misses>
				<total>12</total>
				<timestamp>4067.888232</timestamp>
			</report>
			<report>
				<misses>11312001</misses>
				<total>12</total>
				<timestamp>4068.247881</timestamp>
			</report>
			<report>
				<misses>11313001</misses>
				<total>12</total>
				<timestamp>4068.607571</timestamp>
			</report>
			<report>
				<misses>11314001</misses>
				<total>12</total>
				<timestamp>4068.967202</timestamp>
			</report>
			<report>
				<misses>11315001</misses>
				<total>12</total>
				<timestamp>4069.326816</timestamp>
			</report>
			<report>
				<misses>11316001</misses>
				<total>12</total>
				<timestamp>4069.686439</timestamp>
			</report>
			<report>
				<misses>11317001</misses>
				<total>12</total>
				<timestamp>4070.046070</timestamp>
			</report>
			<report>
				<misses>11318001</misses>
				<total>12</total>
				<timestamp>4070.405762</timestamp>
			</report>
			<report>
				<misses>11319001</misses>
				<total>12</total>
				<timestamp>4070.765349</timestamp>
			</report>
			<report>
				<misses>11320001</misses>
				<total>12</total>
				<timestamp>4071.125065</timestamp>
			</report>
			<report>
				<misses>11321001</misses>
				<total>12</total>
				<timestamp>4071.484645</timestamp>
			</report>
			<report>
				<misses>11322001</misses>
				<total>12</total>
				<timestamp>4071.844336</timestamp>
			</report>
			<report>
				<misses>11323001</misses>
				<total>12</total>
				<timestamp>4072.203902</timestamp>
			</report>
			<report>
				<misses>11324001</misses>
				<total>12</total>
				<timestamp>4072.563589</timestamp>
			</report>
			<report>
				<misses>11325001</misses>
				<total>12</total>
				<timestamp>4072.923165</timestamp>
			</report>
			<report>
				<misses>11326001</misses>
				<total>12</total>
				<timestamp>4073.282859</timestamp>
			</report>
			<report>
				<misses>11327001</misses>
				<total>12</total>
				<timestamp>4073.642587</timestamp>
			</report>
			<report>
				<misses>11328001</misses>
				<total>12</total>
				<timestamp>4074.002122</timestamp>
			</report>
			<report>
				<misses>11329001</misses>
				<total>12</total>
				<timestamp>4074.361821</timestamp>
			</report>
			<report>
				<misses>11330001</misses>
				<total>12</total>
				<timestamp>4074.721379</timestamp>
			</report>
			<report>
				<misses>11331001</misses>
				<total>12</total>
				<timestamp>4075.081016</timestamp>
			</report>
			<report>
				<misses>11332001</misses>
				<total>12</total>
				<timestamp>4075.440664</timestamp>
			</report>
			<report>
				<misses>11333001</misses>
				<total>12</total>
				<timestamp>4075.800315</timestamp>
			</report>
			<report>
				<misses>11334001</misses>
				<total>12</total>
				<timestamp>4076.159939</timestamp>
			</report>
			<report>
				<misses>11335001</misses>
				<total>12</total>
				<timestamp>4076.519626</timestamp>
			</report>
			<report>
				<misses>11336001</misses>
				<total>12</total>
				<timestamp>4076.879222</timestamp>
			</report>
			<report>
				<misses>11337001</misses>
				<total>12</total>
				<timestamp>4077.238934</timestamp>
			</report>
			<report>
				<misses>11338001</misses>
				<total>12</total>
				<timestamp>4077.598513</timestamp>
			</report>
			<report>
				<misses>11339001</misses>
				<total>12</total>
				<timestamp>4077.958187</timestamp>
			</report>
			<report>
				<misses>11340001</misses>
				<total>12</total>
				<timestamp>4078.317773</timestamp>
			</report>
			<report>
				<misses>11341001</misses>
				<total>12</total>
				<timestamp>4078.677449</timestamp>
			</report>
			<report>
				<misses>11342001</misses>
				<total>12</total>
				<timestamp>4079.037085</timestamp>
			</report>
			<report>
				<misses>11343001</misses>
				<total>12</total>
				<timestamp>4079.396753</timestamp>
			</report>
			<report>
				<misses>11344001</misses>
				<total>12</total>
				<timestamp>4079.756346</timestamp>
			</report>
			<report>
				<misses>11345001</misses>
				<total>12</total>
				<timestamp>4080.116069</timestamp>
			</report>
			<report>
				<misses>11346001</misses>
				<total>12</total>
				<timestamp>4080.475625</timestamp>
			</report>
			<report>
				<misses>11347001</misses>
				<total>12</total>
				<timestamp>4080.835381</timestamp>
			</report>
			<report>
				<misses>11348001</misses>
				<total>12</total>
				<timestamp>4081.194982</timestamp>
			</report>
			<report>
				<misses>11349001</misses>
				<total>12</total>
				<timestamp>4081.554623</timestamp>
			</report>
			<report>
				<misses>11350001</misses>
				<total>12</total>
				<timestamp>4081.914193</timestamp>
			</report>
			<report>
				<misses>11351001</misses>
				<total>12</total>
				<timestamp>4082.273880</timestamp>
			</report>
			<report>
				<misses>11352001</misses>
				<total>12</total>
				<timestamp>4082.633463</timestamp>
			</report>
			<report>
				<misses>11353001</misses>
				<total>12</total>
				<timestamp>4082.993088</timestamp>
			</report>
			<report>
				<misses>11354001</misses>
				<total>12</total>
				<timestamp>4083.352728</timestamp>
			</report>
			<report>
				<misses>11355001</misses>
				<total>12</total>
				<timestamp>4083.712398</timestamp>
			</report>
			<report>
				<misses>11356001</misses>
				<total>12</total>
				<timestamp>4084.072027</timestamp>
			</report>
			<report>
				<misses>11357001</misses>
				<total>12</total>
				<timestamp>4084.431646</timestamp>
			</report>
			<report>
				<misses>11358001</misses>
				<total>12</total>
				<timestamp>4084.791304</timestamp>
			</report>
			<report>
				<misses>11359001</misses>
				<total>12</total>
				<timestamp>4085.150946</timestamp>
			</report>
			<report>
				<misses>11360001</misses>
				<total>12</total>
				<timestamp>4085.510590</timestamp>
			</report>
			<report>
				<misses>11361001</misses>
				<total>12</total>
				<timestamp>4085.870218</timestamp>
			</report>
			<report>
				<misses>11362001</misses>
				<total>12</total>
				<timestamp>4086.229860</timestamp>
			</report>
			<report>
				<misses>11363001</misses>
				<total>12</total>
				<timestamp>4086.589521</timestamp>
			</report>
			<report>
				<misses>11364001</misses>
				<total>12</total>
				<timestamp>4086.949162</timestamp>
			</report>
			<report>
				<misses>11365001</misses>
				<total>12</total>
				<timestamp>4087.308879</timestamp>
			</report>
			<report>
				<misses>11366001</misses>
				<total>12</total>
				<timestamp>4087.668500</timestamp>
			</report>
			<report>
				<misses>11367001</misses>
				<total>12</total>
				<timestamp>4088.028140</timestamp>
			</report>
			<report>
				<misses>11368001</misses>
				<total>12</total>
				<timestamp>4088.387759</timestamp>
			</report>
			<report>
				<misses>11369001</misses>
				<total>12</total>
				<timestamp>4088.747447</timestamp>
			</report>
			<report>
				<misses>11370001</misses>
				<total>12</total>
				<timestamp>4089.106962</timestamp>
			</report>
			<report>
				<misses>11371001</misses>
				<total>12</total>
				<timestamp>4089.466717</timestamp>
			</report>
			<report>
				<misses>11372001</misses>
				<total>12</total>
				<timestamp>4089.826294</timestamp>
			</report>
			<report>
				<misses>11373001</misses>
				<total>12</total>
				<timestamp>4090.185899</timestamp>
			</report>
			<report>
				<misses>11374001</misses>
				<total>12</total>
				<timestamp>4090.545550</timestamp>
			</report>
			<report>
				<misses>11375001</misses>
				<total>12</total>
				<timestamp>4090.905176</timestamp>
			</report>
			<report>
				<misses>11376001</misses>
				<total>12</total>
				<timestamp>4091.264835</timestamp>
			</report>
			<report>
				<misses>11377001</misses>
				<total>12</total>
				<timestamp>4091.624511</timestamp>
			</report>
			<report>
				<misses>11378001</misses>
				<total>12</total>
				<timestamp>4091.984091</timestamp>
			</report>
			<report>
				<misses>11379001</misses>
				<total>12</total>
				<timestamp>4092.343755</timestamp>
			</report>
			<report>
				<misses>11380001</misses>
				<total>12</total>
				<timestamp>4092.703392</timestamp>
			</report>
			<report>
				<misses>11381001</misses>
				<total>12</total>
				<timestamp>4093.063020</timestamp>
			</report>
			<report>
				<misses>11382001</misses>
				<total>12</total>
				<timestamp>4093.422671</timestamp>
			</report>
			<report>
				<misses>11383001</misses>
				<total>12</total>
				<timestamp>4093.782433</timestamp>
			</report>
			<report>
				<misses>11384001</misses>
				<total>12</total>
				<timestamp>4094.141925</timestamp>
			</report>
			<report>
				<misses>11385001</misses>
				<total>12</total>
				<timestamp>4094.501558</timestamp>
			</report>
			<report>
				<misses>11386001</misses>
				<total>12</total>
				<timestamp>4094.861232</timestamp>
			</report>
			<report>
				<misses>11387001</misses>
				<total>12</total>
				<timestamp>4095.220876</timestamp>
			</report>
			<report>
				<misses>11388001</misses>
				<total>12</total>
				<timestamp>4095.580506</timestamp>
			</report>
			<report>
				<misses>11389001</misses>
				<total>12</total>
				<timestamp>4095.940145</timestamp>
			</report>
			<report>
				<misses>11390001</misses>
				<total>12</total>
				<timestamp>4096.299816</timestamp>
			</report>
			<report>
				<misses>11391001</misses>
				<total>12</total>
				<timestamp>4096.659449</timestamp>
			</report>
			<report>
				<misses>11392001</misses>
				<total>12</total>
				<timestamp>4097.019087</timestamp>
			</report>
			<report>
				<misses>11393001</misses>
				<total>12</total>
				<timestamp>4097.378711</timestamp>
			</report>
			<report>
				<misses>11394001</misses>
				<total>12</total>
				<timestamp>4097.738349</timestamp>
			</report>
			<report>
				<misses>11395001</misses>
				<total>12</total>
				<timestamp>4098.098088</timestamp>
			</report>
			<report>
				<misses>11396001</misses>
				<total>12</total>
				<timestamp>4098.457635</timestamp>
			</report>
			<report>
				<misses>11397001</misses>
				<total>12</total>
				<timestamp>4098.817360</timestamp>
			</report>
			<report>
				<misses>11398001</misses>
				<total>12</total>
				<timestamp>4099.176916</timestamp>
			</report>
			<report>
				<misses>11399001</misses>
				<total>12</total>
				<timestamp>4099.536572</timestamp>
			</report>
			<report>
				<misses>11400001</misses>
				<total>12</total>
				<timestamp>4099.896220</timestamp>
			</report>
			<report>
				<misses>11401001</misses>
				<total>12</total>
				<timestamp>4100.255887</timestamp>
			</report>
			<report>
				<misses>11402001</misses>
				<total>12</total>
				<timestamp>4100.615480</timestamp>
			</report>
			<report>
				<misses>11403001</misses>
				<total>12</total>
				<timestamp>4100.975223</timestamp>
			</report>
			<report>
				<misses>11404001</misses>
				<total>12</total>
				<timestamp>4101.334734</timestamp>
			</report>
			<report>
				<misses>11405001</misses>
				<total>12</total>
				<timestamp>4101.694437</timestamp>
			</report>
			<report>
				<misses>11406001</misses>
				<total>12</total>
				<timestamp>4102.054145</timestamp>
			</report>
			<report>
				<misses>11407001</misses>
				<total>12</total>
				<timestamp>4102.413713</timestamp>
			</report>
			<report>
				<misses>11408001</misses>
				<total>12</total>
				<timestamp>4102.773423</timestamp>
			</report>
			<report>
				<misses>11409001</misses>
				<total>12</total>
				<timestamp>4103.132975</timestamp>
			</report>
			<report>
				<misses>11410001</misses>
				<total>12</total>
				<timestamp>4103.492631</timestamp>
			</report>
			<report>
				<misses>11411001</misses>
				<total>12</total>
				<timestamp>4103.852280</timestamp>
			</report>
			<report>
				<misses>11412001</misses>
				<total>12</total>
				<timestamp>4104.211927</timestamp>
			</report>
			<report>
				<misses>11413001</misses>
				<total>12</total>
				<timestamp>4104.571503</timestamp>
			</report>
			<report>
				<misses>11414001</misses>
				<total>12</total>
				<timestamp>4104.931159</timestamp>
			</report>
			<report>
				<misses>11415001</misses>
				<total>12</total>
				<timestamp>4105.290786</timestamp>
			</report>
			<report>
				<misses>11416001</misses>
				<total>12</total>
				<timestamp>4105.650510</timestamp>
			</report>
			<report>
				<misses>11417001</misses>
				<total>12</total>
				<timestamp>4106.010095</timestamp>
			</report>
			<report>
				<misses>11418001</misses>
				<total>12</total>
				<timestamp>4106.369696</timestamp>
			</report>
			<report>
				<misses>11419001</misses>
				<total>12</total>
				<timestamp>4106.729375</timestamp>
			</report>
			<report>
				<misses>11420001</misses>
				<total>12</total>
				<timestamp>4107.089077</timestamp>
			</report>
			<report>
				<misses>11421001</misses>
				<total>12</total>
				<timestamp>4107.448619</timestamp>
			</report>
			<report>
				<misses>11422001</misses>
				<total>12</total>
				<timestamp>4107.808322</timestamp>
			</report>
			<report>
				<misses>11423001</misses>
				<total>12</total>
				<timestamp>4108.167978</timestamp>
			</report>
			<report>
				<misses>11424001</misses>
				<total>12</total>
				<timestamp>4108.527531</timestamp>
			</report>
			<report>
				<misses>11425001</misses>
				<total>12</total>
				<timestamp>4108.887267</timestamp>
			</report>
			<report>
				<misses>11426001</misses>
				<total>12</total>
				<timestamp>4109.246825</timestamp>
			</report>
			<report>
				<misses>11427001</misses>
				<total>12</total>
				<timestamp>4109.606470</timestamp>
			</report>
			<report>
				<misses>11428001</misses>
				<total>12</total>
				<timestamp>4109.966162</timestamp>
			</report>
			<report>
				<misses>11429001</misses>
				<total>12</total>
				<timestamp>4110.325753</timestamp>
			</report>
			<report>
				<misses>11430001</misses>
				<total>12</total>
				<timestamp>4110.685403</timestamp>
			</report>
			<report>
				<misses>11431001</misses>
				<total>12</total>
				<timestamp>4111.045018</timestamp>
			</report>
			<report>
				<misses>11432001</misses>
				<total>12</total>
				<timestamp>4111.404698</timestamp>
			</report>
			<report>
				<misses>11433001</misses>
				<total>12</total>
				<timestamp>4111.764316</timestamp>
			</report>
			<report>
				<misses>11434001</misses>
				<total>12</total>
				<timestamp>4112.123987</timestamp>
			</report>
			<report>
				<misses>11435001</misses>
				<total>12</total>
				<timestamp>4112.483584</timestamp>
			</report>
			<report>
				<misses>11436001</misses>
				<total>12</total>
				<timestamp>4112.843339</timestamp>
			</report>
			<report>
				<misses>11437001</misses>
				<total>12</total>
				<timestamp>4113.202854</timestamp>
			</report>
			<report>
				<misses>11438001</misses>
				<total>12</total>
				<timestamp>4113.562499</timestamp>
			</report>
			<report>
				<misses>11439001</misses>
				<total>12</total>
				<timestamp>4113.922200</timestamp>
			</report>
			<report>
				<misses>11440001</misses>
				<total>12</total>
				<timestamp>4114.281801</timestamp>
			</report>
			<report>
				<misses>11441001</misses>
				<total>12</total>
				<timestamp>4114.641427</timestamp>
			</report>
			<report>
				<misses>11442001</misses>
				<total>12</total>
				<timestamp>4115.001078</timestamp>
			</report>
			<report>
				<misses>11443001</misses>
				<total>12</total>
				<timestamp>4115.360717</timestamp>
			</report>
			<report>
				<misses>11444001</misses>
				<total>12</total>
				<timestamp>4115.720339</timestamp>
			</report>
			<report>
				<misses>11445001</misses>
				<total>12</total>
				<timestamp>4116.080004</timestamp>
			</report>
			<report>
				<misses>11446001</misses>
				<total>12</total>
				<timestamp>4116.439600</timestamp>
			</report>
			<report>
				<misses>11447001</misses>
				<total>12</total>
				<timestamp>4116.799253</timestamp>
			</report>
			<report>
				<misses>11448001</misses>
				<total>12</total>
				<timestamp>4117.158941</timestamp>
			</report>
			<report>
				<misses>11449001</misses>
				<total>12</total>
				<timestamp>4117.518585</timestamp>
			</report>
			<report>
				<misses>11450001</misses>
				<total>12</total>
				<timestamp>4117.878261</timestamp>
			</report>
			<report>
				<misses>11451001</misses>
				<total>12</total>
				<timestamp>4118.237823</timestamp>
			</report>
			<report>
				<misses>11452001</misses>
				<total>13</total>
				<timestamp>4118.597473</timestamp>
			</report>
			<report>
				<misses>11453001</misses>
				<total>13</total>
				<timestamp>4118.957109</timestamp>
			</report>
			<report>
				<misses>11454001</misses>
				<total>13</total>
				<timestamp>4119.316753</timestamp>
			</report>
			<report>
				<misses>11455001</misses>
				<total>13</total>
				<timestamp>4119.676419</timestamp>
			</report>
			<report>
				<misses>11456001</misses>
				<total>13</total>
				<timestamp>4120.036046</timestamp>
			</report>
			<report>
				<misses>11457001</misses>
				<total>13</total>
				<timestamp>4120.395688</timestamp>
			</report>
			<report>
				<misses>11458001</misses>
				<total>13</total>
				<timestamp>4120.755305</timestamp>
			</report>
			<report>
				<misses>11459001</misses>
				<total>13</total>
				<timestamp>4121.114968</timestamp>
			</report>
			<report>
				<misses>11460001</misses>
				<total>13</total>
				<timestamp>4121.474585</timestamp>
			</report>
			<report>
				<misses>11461001</misses>
				<total>13</total>
				<timestamp>4121.834209</timestamp>
			</report>
			<report>
				<misses>11462001</misses>
				<total>13</total>
				<timestamp>4122.193893</timestamp>
			</report>
			<report>
				<misses>11463001</misses>
				<total>13</total>
				<timestamp>4122.553517</timestamp>
			</report>
			<report>
				<misses>11464001</misses>
				<total>13</total>
				<timestamp>4122.913267</timestamp>
			</report>
			<report>
				<misses>11465001</misses>
				<total>13</total>
				<timestamp>4123.272797</timestamp>
			</report>
			<report>
				<misses>11466001</misses>
				<total>13</total>
				<timestamp>4123.632402</timestamp>
			</report>
			<report>
				<misses>11467001</misses>
				<total>13</total>
				<timestamp>4123.992124</timestamp>
			</report>
			<report>
				<misses>11468001</misses>
				<total>13</total>
				<timestamp>4124.351729</timestamp>
			</report>
			<report>
				<misses>11469001</misses>
				<total>13</total>
				<timestamp>4124.711331</timestamp>
			</report>
			<report>
				<misses>11470001</misses>
				<total>13</total>
				<timestamp>4125.071043</timestamp>
			</report>
			<report>
				<misses>11471001</misses>
				<total>13</total>
				<timestamp>4125.430652</timestamp>
			</report>
			<report>
				<misses>11472001</misses>
				<total>13</total>
				<timestamp>4125.790364</timestamp>
			</report>
			<report>
				<misses>11473001</misses>
				<total>13</total>
				<timestamp>4126.149896</timestamp>
			</report>
			<report>
				<misses>11474001</misses>
				<total>13</total>
				<timestamp>4126.509586</timestamp>
			</report>
			<report>
				<misses>11475001</misses>
				<total>13</total>
				<timestamp>4126.869232</timestamp>
			</report>
			<report>
				<misses>11476001</misses>
				<total>13</total>
				<timestamp>4127.228854</timestamp>
			</report>
			<report>
				<misses>11477001</misses>
				<total>13</total>
				<timestamp>4127.588457</timestamp>
			</report>
			<report>
				<misses>11478001</misses>
				<total>13</total>
				<timestamp>4127.948200</timestamp>
			</report>
			<report>
				<misses>11479001</misses>
				<total>13</total>
				<timestamp>4128.307763</timestamp>
			</report>
			<report>
				<misses>11480001</misses>
				<total>13</total>
				<timestamp>4128.667408</timestamp>
			</report>
			<report>
				<misses>11481001</misses>
				<total>13</total>
				<timestamp>4129.027033</timestamp>
			</report>
			<report>
				<misses>11482001</misses>
				<total>13</total>
				<timestamp>4129.386650</timestamp>
			</report>
			<report>
				<misses>11483001</misses>
				<total>13</total>
				<timestamp>4129.746365</timestamp>
			</report>
			<report>
				<misses>11484001</misses>
				<total>13</total>
				<timestamp>4130.105926</timestamp>
			</report>
			<report>
				<misses>11485001</misses>
				<total>13</total>
				<timestamp>4130.465580</timestamp>
			</report>
			<report>
				<misses>11486001</misses>
				<total>13</total>
				<timestamp>4130.825233</timestamp>
			</report>
			<report>
				<misses>11487001</misses>
				<total>13</total>
				<timestamp>4131.184899</timestamp>
			</report>
			<report>
				<misses>11488001</misses>
				<total>13</total>
				<timestamp>4131.544570</timestamp>
			</report>
			<report>
				<misses>11489001</misses>
				<total>13</total>
				<timestamp>4131.904160</timestamp>
			</report>
			<report>
				<misses>11490001</misses>
				<total>13</total>
				<timestamp>4132.263818</timestamp>
			</report>
			<report>
				<misses>11491001</misses>
				<total>13</total>
				<timestamp>4132.623465</timestamp>
			</report>
			<report>
				<misses>11492001</misses>
				<total>13</total>
				<timestamp>4132.983130</timestamp>
			</report>
			<report>
				<misses>11493001</misses>
				<total>13</total>
				<timestamp>4133.342761</timestamp>
			</report>
			<report>
				<misses>11494001</misses>
				<total>13</total>
				<timestamp>4133.702365</timestamp>
			</report>
			<report>
				<misses>11495001</misses>
				<total>13</total>
				<timestamp>4134.062008</timestamp>
			</report>
			<report>
				<misses>11496001</misses>
				<total>13</total>
				<timestamp>4134.421612</timestamp>
			</report>
			<report>
				<misses>11497001</misses>
				<total>13</total>
				<timestamp>4134.781260</timestamp>
			</report>
			<report>
				<misses>11498001</misses>
				<total>13</total>
				<timestamp>4135.140928</timestamp>
			</report>
			<report>
				<misses>11499001</misses>
				<total>13</total>
				<timestamp>4135.500544</timestamp>
			</report>
			<report>
				<misses>11500001</misses>
				<total>13</total>
				<timestamp>4135.860223</timestamp>
			</report>
			<report>
				<misses>11501001</misses>
				<total>13</total>
				<timestamp>4136.219886</timestamp>
			</report>
			<report>
				<misses>11502001</misses>
				<total>13</total>
				<timestamp>4136.579464</timestamp>
			</report>
			<report>
				<misses>11503001</misses>
				<total>13</total>
				<timestamp>4136.939108</timestamp>
			</report>
			<report>
				<misses>11504001</misses>
				<total>13</total>
				<timestamp>4137.298810</timestamp>
			</report>
			<report>
				<misses>11505001</misses>
				<total>13</total>
				<timestamp>4137.658390</timestamp>
			</report>
			<report>
				<misses>11506001</misses>
				<total>13</total>
				<timestamp>4138.018035</timestamp>
			</report>
			<report>
				<misses>11507001</misses>
				<total>13</total>
				<timestamp>4138.377663</timestamp>
			</report>
			<report>
				<misses>11508001</misses>
				<total>13</total>
				<timestamp>4138.737339</timestamp>
			</report>
			<report>
				<misses>11509001</misses>
				<total>13</total>
				<timestamp>4139.096954</timestamp>
			</report>
			<report>
				<misses>11510001</misses>
				<total>13</total>
				<timestamp>4139.456577</timestamp>
			</report>
			<report>
				<misses>11511001</misses>
				<total>13</total>
				<timestamp>4139.816222</timestamp>
			</report>
			<report>
				<misses>11512001</misses>
				<total>13</total>
				<timestamp>4140.175975</timestamp>
			</report>
			<report>
				<misses>11513001</misses>
				<total>13</total>
				<timestamp>4140.535568</timestamp>
			</report>
			<report>
				<misses>11514001</misses>
				<total>13</total>
				<timestamp>4140.895180</timestamp>
			</report>
			<report>
				<misses>11515001</misses>
				<total>13</total>
				<timestamp>4141.254803</timestamp>
			</report>
			<report>
				<misses>11516001</misses>
				<total>13</total>
				<timestamp>4141.614425</timestamp>
			</report>
			<report>
				<misses>11517001</misses>
				<total>13</total>
				<timestamp>4141.974149</timestamp>
			</report>
			<report>
				<misses>11518001</misses>
				<total>13</total>
				<timestamp>4142.333742</timestamp>
			</report>
			<report>
				<misses>11519001</misses>
				<total>13</total>
				<timestamp>4142.693335</timestamp>
			</report>
			<report>
				<misses>11520001</misses>
				<total>13</total>
				<timestamp>4143.053118</timestamp>
			</report>
			<report>
				<misses>11521001</misses>
				<total>13</total>
				<timestamp>4143.412603</timestamp>
			</report>
			<report>
				<misses>11522001</misses>
				<total>13</total>
				<timestamp>4143.772295</timestamp>
			</report>
			<report>
				<misses>11523001</misses>
				<total>13</total>
				<timestamp>4144.131924</timestamp>
			</report>
			<report>
				<misses>11524001</misses>
				<total>13</total>
				<timestamp>4144.491553</timestamp>
			</report>
			<report>
				<misses>11525001</misses>
				<total>13</total>
				<timestamp>4144.851209</timestamp>
			</report>
			<report>
				<misses>11526001</misses>
				<total>13</total>
				<timestamp>4145.210910</timestamp>
			</report>
			<report>
				<misses>11527001</misses>
				<total>13</total>
				<timestamp>4145.570458</timestamp>
			</report>
			<report>
				<misses>11528001</misses>
				<total>13</total>
				<timestamp>4145.930224</timestamp>
			</report>
			<report>
				<misses>11529001</misses>
				<total>13</total>
				<timestamp>4146.289744</timestamp>
			</report>
			<report>
				<misses>11530001</misses>
				<total>13</total>
				<timestamp>4146.649456</timestamp>
			</report>
			<report>
				<misses>11531001</misses>
				<total>13</total>
				<timestamp>4147.009042</timestamp>
			</report>
			<report>
				<misses>11532001</misses>
				<total>13</total>
				<timestamp>4147.368715</timestamp>
			</report>
			<report>
				<misses>11533001</misses>
				<total>13</total>
				<timestamp>4147.728324</timestamp>
			</report>
			<report>
				<misses>11534001</misses>
				<total>13</total>
				<timestamp>4148.087958</timestamp>
			</report>
			<report>
				<misses>11535001</misses>
				<total>13</total>
				<timestamp>4148.447577</timestamp>
			</report>
			<report>
				<misses>11536001</misses>
				<total>13</total>
				<timestamp>4148.807235</timestamp>
			</report>
			<report>
				<misses>11537001</misses>
				<total>13</total>
				<timestamp>4149.166916</timestamp>
			</report>
			<report>
				<misses>11538001</misses>
				<total>13</total>
				<timestamp>4149.526479</timestamp>
			</report>
			<report>
				<misses>11539001</misses>
				<total>13</total>
				<timestamp>4149.886141</timestamp>
			</report>
			<report>
				<misses>11540001</misses>
				<total>13</total>
				<timestamp>4150.245861</timestamp>
			</report>
			<report>
				<misses>11541001</misses>
				<total>13</total>
				<timestamp>4150.605416</timestamp>
			</report>
			<report>
				<misses>11542001</misses>
				<total>13</total>
				<timestamp>4150.965115</timestamp>
			</report>
			<report>
				<misses>11543001</misses>
				<total>13</total>
				<timestamp>4151.324796</timestamp>
			</report>
			<report>
				<misses>11544001</misses>
				<total>13</total>
				<timestamp>4151.684337</timestamp>
			</report>
			<report>
				<misses>11545001</misses>
				<total>13</total>
				<timestamp>4152.044000</timestamp>
			</report>
			<report>
				<misses>11546001</misses>
				<total>13</total>
				<timestamp>4152.403629</timestamp>
			</report>
			<report>
				<misses>11547001</misses>
				<total>13</total>
				<timestamp>4152.763277</timestamp>
			</report>
			<report>
				<misses>11548001</misses>
				<total>13</total>
				<timestamp>4153.122988</timestamp>
			</report>
			<report>
				<misses>11549001</misses>
				<total>13</total>
				<timestamp>4153.482576</timestamp>
			</report>
			<report>
				<misses>11550001</misses>
				<total>13</total>
				<timestamp>4153.842186</timestamp>
			</report>
			<report>
				<misses>11551001</misses>
				<total>13</total>
				<timestamp>4154.201816</timestamp>
			</report>
			<report>
				<misses>11552001</misses>
				<total>13</total>
				<timestamp>4154.561446</timestamp>
			</report>
			<report>
				<misses>11553001</misses>
				<total>13</total>
				<timestamp>4154.921119</timestamp>
			</report>
			<report>
				<misses>11554001</misses>
				<total>13</total>
				<timestamp>4155.280767</timestamp>
			</report>
			<report>
				<misses>11555001</misses>
				<total>13</total>
				<timestamp>4155.640374</timestamp>
			</report>
			<report>
				<misses>11556001</misses>
				<total>13</total>
				<timestamp>4156.000066</timestamp>
			</report>
			<report>
				<misses>11557001</misses>
				<total>13</total>
				<timestamp>4156.359687</timestamp>
			</report>
			<report>
				<misses>11558001</misses>
				<total>13</total>
				<timestamp>4156.719393</timestamp>
			</report>
			<report>
				<misses>11559001</misses>
				<total>13</total>
				<timestamp>4157.078954</timestamp>
			</report>
			<report>
				<misses>11560001</misses>
				<total>13</total>
				<timestamp>4157.438636</timestamp>
			</report>
			<report>
				<misses>11561001</misses>
				<total>13</total>
				<timestamp>4157.798228</timestamp>
			</report>
			<report>
				<misses>11562001</misses>
				<total>13</total>
				<timestamp>4158.157910</timestamp>
			</report>
			<report>
				<misses>11563001</misses>
				<total>13</total>
				<timestamp>4158.517521</timestamp>
			</report>
			<report>
				<misses>11564001</misses>
				<total>13</total>
				<timestamp>4158.877215</timestamp>
			</report>
			<report>
				<misses>11565001</misses>
				<total>13</total>
				<timestamp>4159.236812</timestamp>
			</report>
			<report>
				<misses>11566001</misses>
				<total>13</total>
				<timestamp>4159.596460</timestamp>
			</report>
			<report>
				<misses>11567001</misses>
				<total>13</total>
				<timestamp>4159.956088</timestamp>
			</report>
			<report>
				<misses>11568001</misses>
				<total>13</total>
				<timestamp>4160.315738</timestamp>
			</report>
			<report>
				<misses>11569001</misses>
				<total>13</total>
				<timestamp>4160.675322</timestamp>
			</report>
			<report>
				<misses>11570001</misses>
				<total>13</total>
				<timestamp>4161.035064</timestamp>
			</report>
			<report>
				<misses>11571001</misses>
				<total>13</total>
				<timestamp>4161.394617</timestamp>
			</report>
			<report>
				<misses>11572001</misses>
				<total>13</total>
				<timestamp>4161.754275</timestamp>
			</report>
			<report>
				<misses>11573001</misses>
				<total>13</total>
				<timestamp>4162.113990</timestamp>
			</report>
			<report>
				<misses>11574001</misses>
				<total>13</total>
				<timestamp>4162.473539</timestamp>
			</report>
			<report>
				<misses>11575001</misses>
				<total>13</total>
				<timestamp>4162.833195</timestamp>
			</report>
			<report>
				<misses>11576001</misses>
				<total>13</total>
				<timestamp>4163.192881</timestamp>
			</report>
			<report>
				<misses>11577001</misses>
				<total>13</total>
				<timestamp>4163.552458</timestamp>
			</report>
			<report>
				<misses>11578001</misses>
				<total>13</total>
				<timestamp>4163.912100</timestamp>
			</report>
			<report>
				<misses>11579001</misses>
				<total>13</total>
				<timestamp>4164.271746</timestamp>
			</report>
			<report>
				<misses>11580001</misses>
				<total>13</total>
				<timestamp>4164.631366</timestamp>
			</report>
			<report>
				<misses>11581001</misses>
				<total>13</total>
				<timestamp>4164.991037</timestamp>
			</report>
			<report>
				<misses>11582001</misses>
				<total>13</total>
				<timestamp>4165.350655</timestamp>
			</report>
			<report>
				<misses>11583001</misses>
				<total>13</total>
				<timestamp>4165.710354</timestamp>
			</report>
			<report>
				<misses>11584001</misses>
				<total>13</total>
				<timestamp>4166.069977</timestamp>
			</report>
			<report>
				<misses>11585001</misses>
				<total>13</total>
				<timestamp>4166.429576</timestamp>
			</report>
			<report>
				<misses>11586001</misses>
				<total>13</total>
				<timestamp>4166.789263</timestamp>
			</report>
			<report>
				<misses>11587001</misses>
				<total>13</total>
				<timestamp>4167.148891</timestamp>
			</report>
			<report>
				<misses>11588001</misses>
				<total>13</total>
				<timestamp>4167.508600</timestamp>
			</report>
			<report>
				<misses>11589001</misses>
				<total>13</total>
				<timestamp>4167.868136</timestamp>
			</report>
			<report>
				<misses>11590001</misses>
				<total>13</total>
				<timestamp>4168.227773</timestamp>
			</report>
			<report>
				<misses>11591001</misses>
				<total>13</total>
				<timestamp>4168.587407</timestamp>
			</report>
			<report>
				<misses>11592001</misses>
				<total>13</total>
				<timestamp>4168.947126</timestamp>
			</report>
			<report>
				<misses>11593001</misses>
				<total>13</total>
				<timestamp>4169.306727</timestamp>
			</report>
			<report>
				<misses>11594001</misses>
				<total>13</total>
				<timestamp>4169.666426</timestamp>
			</report>
			<report>
				<misses>11595001</misses>
				<total>13</total>
				<timestamp>4170.026078</timestamp>
			</report>
			<report>
				<misses>11596001</misses>
				<total>13</total>
				<timestamp>4170.385625</timestamp>
			</report>
			<report>
				<misses>11597001</misses>
				<total>13</total>
				<timestamp>4170.745297</timestamp>
			</report>
			<report>
				<misses>11598001</misses>
				<total>13</total>
				<timestamp>4171.104919</timestamp>
			</report>
			<report>
				<misses>11599001</misses>
				<total>13</total>
				<timestamp>4171.464604</timestamp>
			</report>
			<report>
				<misses>11600001</misses>
				<total>13</total>
				<timestamp>4171.824232</timestamp>
			</report>
			<report>
				<misses>11601001</misses>
				<total>13</total>
				<timestamp>4172.183849</timestamp>
			</report>
			<report>
				<misses>11602001</misses>
				<total>13</total>
				<timestamp>4172.543489</timestamp>
			</report>
			<report>
				<misses>11603001</misses>
				<total>13</total>
				<timestamp>4172.903103</timestamp>
			</report>
			<report>
				<misses>11604001</misses>
				<total>13</total>
				<timestamp>4173.262754</timestamp>
			</report>
			<report>
				<misses>11605001</misses>
				<total>13</total>
				<timestamp>4173.622364</timestamp>
			</report>
			<report>
				<misses>11606001</misses>
				<total>13</total>
				<timestamp>4173.982087</timestamp>
			</report>
			<report>
				<misses>11607001</misses>
				<total>13</total>
				<timestamp>4174.341657</timestamp>
			</report>
			<report>
				<misses>11608001</misses>
				<total>13</total>
				<timestamp>4174.701365</timestamp>
			</report>
			<report>
				<misses>11609001</misses>
				<total>13</total>
				<timestamp>4175.061046</timestamp>
			</report>
			<report>
				<misses>11610001</misses>
				<total>13</total>
				<timestamp>4175.420618</timestamp>
			</report>
			<report>
				<misses>11611001</misses>
				<total>13</total>
				<timestamp>4175.780246</timestamp>
			</report>
			<report>
				<misses>11612001</misses>
				<total>13</total>
				<timestamp>4176.139906</timestamp>
			</report>
			<report>
				<misses>11613001</misses>
				<total>13</total>
				<timestamp>4176.499536</timestamp>
			</report>
			<report>
				<misses>11614001</misses>
				<total>13</total>
				<timestamp>4176.859143</timestamp>
			</report>
			<report>
				<misses>11615001</misses>
				<total>13</total>
				<timestamp>4177.218817</timestamp>
			</report>
			<report>
				<misses>11616001</misses>
				<total>13</total>
				<timestamp>4177.578459</timestamp>
			</report>
			<report>
				<misses>11617001</misses>
				<total>13</total>
				<timestamp>4177.938096</timestamp>
			</report>
			<report>
				<misses>11618001</misses>
				<total>13</total>
				<timestamp>4178.297763</timestamp>
			</report>
			<report>
				<misses>11619001</misses>
				<total>13</total>
				<timestamp>4178.657365</timestamp>
			</report>
			<report>
				<misses>11620001</misses>
				<total>13</total>
				<timestamp>4179.017060</timestamp>
			</report>
			<report>
				<misses>11621001</misses>
				<total>13</total>
				<timestamp>4179.376650</timestamp>
			</report>
			<report>
				<misses>11622001</misses>
				<total>13</total>
				<timestamp>4179.736258</timestamp>
			</report>
			<report>
				<misses>11623001</misses>
				<total>13</total>
				<timestamp>4180.095982</timestamp>
			</report>
			<report>
				<misses>11624001</misses>
				<total>13</total>
				<timestamp>4180.455555</timestamp>
			</report>
			<report>
				<misses>11625001</misses>
				<total>13</total>
				<timestamp>4180.815164</timestamp>
			</report>
			<report>
				<misses>11626001</misses>
				<total>13</total>
				<timestamp>4181.174825</timestamp>
			</report>
			<report>
				<misses>11627001</misses>
				<total>13</total>
				<timestamp>4181.534452</timestamp>
			</report>
			<report>
				<misses>11628001</misses>
				<total>13</total>
				<timestamp>4181.894156</timestamp>
			</report>
			<report>
				<misses>11629001</misses>
				<total>13</total>
				<timestamp>4182.253791</timestamp>
			</report>
			<report>
				<misses>11630001</misses>
				<total>13</total>
				<timestamp>4182.613383</timestamp>
			</report>
			<report>
				<misses>11631001</misses>
				<total>13</total>
				<timestamp>4182.973054</timestamp>
			</report>
			<report>
				<misses>11632001</misses>
				<total>13</total>
				<timestamp>4183.332678</timestamp>
			</report>
			<report>
				<misses>11633001</misses>
				<total>13</total>
				<timestamp>4183.692325</timestamp>
			</report>
			<report>
				<misses>11634001</misses>
				<total>13</total>
				<timestamp>4184.051972</timestamp>
			</report>
			<report>
				<misses>11635001</misses>
				<total>13</total>
				<timestamp>4184.411575</timestamp>
			</report>
			<report>
				<misses>11636001</misses>
				<total>13</total>
				<timestamp>4184.771231</timestamp>
			</report>
			<report>
				<misses>11637001</misses>
				<total>13</total>
				<timestamp>4185.130874</timestamp>
			</report>
			<report>
				<misses>11638001</misses>
				<total>13</total>
				<timestamp>4185.490494</timestamp>
			</report>
			<report>
				<misses>11639001</misses>
				<total>13</total>
				<timestamp>4185.850169</timestamp>
			</report>
			<report>
				<misses>11640001</misses>
				<total>13</total>
				<timestamp>4186.209838</timestamp>
			</report>
			<report>
				<misses>11641001</misses>
				<total>13</total>
				<timestamp>4186.569433</timestamp>
			</report>
			<report>
				<misses>11642001</misses>
				<total>13</total>
				<timestamp>4186.929049</timestamp>
			</report>
			<report>
				<misses>11643001</misses>
				<total>13</total>
				<timestamp>4187.288793</timestamp>
			</report>
			<report>
				<misses>11644001</misses>
				<total>13</total>
				<timestamp>4187.648383</timestamp>
			</report>
			<report>
				<misses>11645001</misses>
				<total>13</total>
				<timestamp>4188.007996</timestamp>
			</report>
			<report>
				<misses>11646001</misses>
				<total>13</total>
				<timestamp>4188.367699</timestamp>
			</report>
			<report>
				<misses>11647001</misses>
				<total>13</total>
				<timestamp>4188.727398</timestamp>
			</report>
			<report>
				<misses>11648001</misses>
				<total>13</total>
				<timestamp>4189.086953</timestamp>
			</report>
			<report>
				<misses>11649001</misses>
				<total>13</total>
				<timestamp>4189.446586</timestamp>
			</report>
			<report>
				<misses>11650001</misses>
				<total>13</total>
				<timestamp>4189.806177</timestamp>
			</report>
			<report>
				<misses>11651001</misses>
				<total>13</total>
				<timestamp>4190.165837</timestamp>
			</report>
			<report>
				<misses>11652001</misses>
				<total>13</total>
				<timestamp>4190.525458</timestamp>
			</report>
			<report>
				<misses>11653001</misses>
				<total>13</total>
				<timestamp>4190.885115</timestamp>
			</report>
			<report>
				<misses>11654001</misses>
				<total>13</total>
				<timestamp>4191.244796</timestamp>
			</report>
			<report>
				<misses>11655001</misses>
				<total>13</total>
				<timestamp>4191.604401</timestamp>
			</report>
			<report>
				<misses>11656001</misses>
				<total>13</total>
				<timestamp>4191.964125</timestamp>
			</report>
			<report>
				<misses>11657001</misses>
				<total>13</total>
				<timestamp>4192.323726</timestamp>
			</report>
			<report>
				<misses>11658001</misses>
				<total>13</total>
				<timestamp>4192.683279</timestamp>
			</report>
			<report>
				<misses>11659001</misses>
				<total>13</total>
				<timestamp>4193.043016</timestamp>
			</report>
			<report>
				<misses>11660001</misses>
				<total>13</total>
				<timestamp>4193.402642</timestamp>
			</report>
			<report>
				<misses>11661001</misses>
				<total>13</total>
				<timestamp>4193.762226</timestamp>
			</report>
			<report>
				<misses>11662001</misses>
				<total>13</total>
				<timestamp>4194.121888</timestamp>
			</report>
			<report>
				<misses>11663001</misses>
				<total>13</total>
				<timestamp>4194.481497</timestamp>
			</report>
			<report>
				<misses>11664001</misses>
				<total>13</total>
				<timestamp>4194.841170</timestamp>
			</report>
			<report>
				<misses>11665001</misses>
				<total>13</total>
				<timestamp>4195.200817</timestamp>
			</report>
			<report>
				<misses>11666001</misses>
				<total>13</total>
				<timestamp>4195.560486</timestamp>
			</report>
			<report>
				<misses>11667001</misses>
				<total>13</total>
				<timestamp>4195.920080</timestamp>
			</report>
			<report>
				<misses>11668001</misses>
				<total>13</total>
				<timestamp>4196.279774</timestamp>
			</report>
			<report>
				<misses>11669001</misses>
				<total>13</total>
				<timestamp>4196.639334</timestamp>
			</report>
			<report>
				<misses>11670001</misses>
				<total>13</total>
				<timestamp>4196.999030</timestamp>
			</report>
			<report>
				<misses>11671001</misses>
				<total>13</total>
				<timestamp>4197.358631</timestamp>
			</report>
			<report>
				<misses>11672001</misses>
				<total>13</total>
				<timestamp>4197.718324</timestamp>
			</report>
			<report>
				<misses>11673001</misses>
				<total>13</total>
				<timestamp>4198.077921</timestamp>
			</report>
			<report>
				<misses>11674001</misses>
				<total>13</total>
				<timestamp>4198.437612</timestamp>
			</report>
			<report>
				<misses>11675001</misses>
				<total>13</total>
				<timestamp>4198.797195</timestamp>
			</report>
			<report>
				<misses>11676001</misses>
				<total>13</total>
				<timestamp>4199.156863</timestamp>
			</report>
			<report>
				<misses>11677001</misses>
				<total>13</total>
				<timestamp>4199.516478</timestamp>
			</report>
			<report>
				<misses>11678001</misses>
				<total>13</total>
				<timestamp>4199.876102</timestamp>
			</report>
			<report>
				<misses>11679001</misses>
				<total>13</total>
				<timestamp>4200.235736</timestamp>
			</report>
			<report>
				<misses>11680001</misses>
				<total>13</total>
				<timestamp>4200.595364</timestamp>
			</report>
			<report>
				<misses>11681001</misses>
				<total>13</total>
				<timestamp>4200.955059</timestamp>
			</report>
			<report>
				<misses>11682001</misses>
				<total>13</total>
				<timestamp>4201.314722</timestamp>
			</report>
			<report>
				<misses>11683001</misses>
				<total>13</total>
				<timestamp>4201.674335</timestamp>
			</report>
			<report>
				<misses>11684001</misses>
				<total>13</total>
				<timestamp>4202.033942</timestamp>
			</report>
			<report>
				<misses>11685001</misses>
				<total>13</total>
				<timestamp>4202.393578</timestamp>
			</report>
			<report>
				<misses>11686001</misses>
				<total>13</total>
				<timestamp>4202.753255</timestamp>
			</report>
			<report>
				<misses>11687001</misses>
				<total>13</total>
				<timestamp>4203.112885</timestamp>
			</report>
			<report>
				<misses>11688001</misses>
				<total>13</total>
				<timestamp>4203.472587</timestamp>
			</report>
			<report>
				<misses>11689001</misses>
				<total>13</total>
				<timestamp>4203.832172</timestamp>
			</report>
			<report>
				<misses>11690001</misses>
				<total>13</total>
				<timestamp>4204.191852</timestamp>
			</report>
			<report>
				<misses>11691001</misses>
				<total>13</total>
				<timestamp>4204.551444</timestamp>
			</report>
			<report>
				<misses>11692001</misses>
				<total>13</total>
				<timestamp>4204.911098</timestamp>
			</report>
			<report>
				<misses>11693001</misses>
				<total>13</total>
				<timestamp>4205.270686</timestamp>
			</report>
			<report>
				<misses>11694001</misses>
				<total>13</total>
				<timestamp>4205.630340</timestamp>
			</report>
			<report>
				<misses>11695001</misses>
				<total>13</total>
				<timestamp>4205.990059</timestamp>
			</report>
			<report>
				<misses>11696001</misses>
				<total>13</total>
				<timestamp>4206.349661</timestamp>
			</report>
			<report>
				<misses>11697001</misses>
				<total>13</total>
				<timestamp>4206.709261</timestamp>
			</report>
			<report>
				<misses>11698001</misses>
				<total>13</total>
				<timestamp>4207.068913</timestamp>
			</report>
			<report>
				<misses>11699001</misses>
				<total>13</total>
				<timestamp>4207.428597</timestamp>
			</report>
			<report>
				<misses>11700001</misses>
				<total>13</total>
				<timestamp>4207.788189</timestamp>
			</report>
			<report>
				<misses>11701001</misses>
				<total>13</total>
				<timestamp>4208.147815</timestamp>
			</report>
			<report>
				<misses>11702001</misses>
				<total>13</total>
				<timestamp>4208.507448</timestamp>
			</report>
			<report>
				<misses>11703001</misses>
				<total>13</total>
				<timestamp>4208.867117</timestamp>
			</report>
			<report>
				<misses>11704001</misses>
				<total>13</total>
				<timestamp>4209.226759</timestamp>
			</report>
			<report>
				<misses>11705001</misses>
				<total>13</total>
				<timestamp>4209.586463</timestamp>
			</report>
			<report>
				<misses>11706001</misses>
				<total>13</total>
				<timestamp>4209.946045</timestamp>
			</report>
			<report>
				<misses>11707001</misses>
				<total>13</total>
				<timestamp>4210.305673</timestamp>
			</report>
			<report>
				<misses>11708001</misses>
				<total>13</total>
				<timestamp>4210.665284</timestamp>
			</report>
			<report>
				<misses>11709001</misses>
				<total>13</total>
				<timestamp>4211.024959</timestamp>
			</report>
			<report>
				<misses>11710001</misses>
				<total>13</total>
				<timestamp>4211.384640</timestamp>
			</report>
			<report>
				<misses>11711001</misses>
				<total>13</total>
				<timestamp>4211.744225</timestamp>
			</report>
			<report>
				<misses>11712001</misses>
				<total>13</total>
				<timestamp>4212.103936</timestamp>
			</report>
			<report>
				<misses>11713001</misses>
				<total>13</total>
				<timestamp>4212.463576</timestamp>
			</report>
			<report>
				<misses>11714001</misses>
				<total>13</total>
				<timestamp>4212.823210</timestamp>
			</report>
			<report>
				<misses>11715001</misses>
				<total>13</total>
				<timestamp>4213.182784</timestamp>
			</report>
			<report>
				<misses>11716001</misses>
				<total>13</total>
				<timestamp>4213.542458</timestamp>
			</report>
			<report>
				<misses>11717001</misses>
				<total>13</total>
				<timestamp>4213.902063</timestamp>
			</report>
			<report>
				<misses>11718001</misses>
				<total>13</total>
				<timestamp>4214.261772</timestamp>
			</report>
			<report>
				<misses>11719001</misses>
				<total>13</total>
				<timestamp>4214.621373</timestamp>
			</report>
			<report>
				<misses>11720001</misses>
				<total>13</total>
				<timestamp>4214.981010</timestamp>
			</report>
			<report>
				<misses>11721001</misses>
				<total>13</total>
				<timestamp>4215.340688</timestamp>
			</report>
			<report>
				<misses>11722001</misses>
				<total>13</total>
				<timestamp>4215.700300</timestamp>
			</report>
			<report>
				<misses>11723001</misses>
				<total>13</total>
				<timestamp>4216.059955</timestamp>
			</report>
			<report>
				<misses>11724001</misses>
				<total>13</total>
				<timestamp>4216.419555</timestamp>
			</report>
			<report>
				<misses>11725001</misses>
				<total>13</total>
				<timestamp>4216.779190</timestamp>
			</report>
			<report>
				<misses>11726001</misses>
				<total>13</total>
				<timestamp>4217.138876</timestamp>
			</report>
			<report>
				<misses>11727001</misses>
				<total>13</total>
				<timestamp>4217.498481</timestamp>
			</report>
			<report>
				<misses>11728001</misses>
				<total>13</total>
				<timestamp>4217.858132</timestamp>
			</report>
			<report>
				<misses>11729001</misses>
				<total>13</total>
				<timestamp>4218.217734</timestamp>
			</report>
			<report>
				<misses>11730001</misses>
				<total>13</total>
				<timestamp>4218.577372</timestamp>
			</report>
			<report>
				<misses>11731001</misses>
				<total>13</total>
				<timestamp>4218.937091</timestamp>
			</report>
			<report>
				<misses>11732001</misses>
				<total>13</total>
				<timestamp>4219.296663</timestamp>
			</report>
			<report>
				<misses>11733001</misses>
				<total>13</total>
				<timestamp>4219.656352</timestamp>
			</report>
			<report>
				<misses>11734001</misses>
				<total>13</total>
				<timestamp>4220.015966</timestamp>
			</report>
			<report>
				<misses>11735001</misses>
				<total>13</total>
				<timestamp>4220.375601</timestamp>
			</report>
			<report>
				<misses>11736001</misses>
				<total>13</total>
				<timestamp>4220.735298</timestamp>
			</report>
			<report>
				<misses>11737001</misses>
				<total>13</total>
				<timestamp>4221.094911</timestamp>
			</report>
			<report>
				<misses>11738001</misses>
				<total>13</total>
				<timestamp>4221.454590</timestamp>
			</report>
			<report>
				<misses>11739001</misses>
				<total>13</total>
				<timestamp>4221.814153</timestamp>
			</report>
			<report>
				<misses>11740001</misses>
				<total>13</total>
				<timestamp>4222.173809</timestamp>
			</report>
			<report>
				<misses>11741001</misses>
				<total>13</total>
				<timestamp>4222.533467</timestamp>
			</report>
			<report>
				<misses>11742001</misses>
				<total>13</total>
				<timestamp>4222.893098</timestamp>
			</report>
			<report>
				<misses>11743001</misses>
				<total>13</total>
				<timestamp>4223.252720</timestamp>
			</report>
			<report>
				<misses>11744001</misses>
				<total>13</total>
				<timestamp>4223.612328</timestamp>
			</report>
			<report>
				<misses>11745001</misses>
				<total>13</total>
				<timestamp>4223.972021</timestamp>
			</report>
			<report>
				<misses>11746001</misses>
				<total>13</total>
				<timestamp>4224.331672</timestamp>
			</report>
			<report>
				<misses>11747001</misses>
				<total>13</total>
				<timestamp>4224.691330</timestamp>
			</report>
			<report>
				<misses>11748001</misses>
				<total>13</total>
				<timestamp>4225.050903</timestamp>
			</report>
			<report>
				<misses>11749001</misses>
				<total>13</total>
				<timestamp>4225.410593</timestamp>
			</report>
			<report>
				<misses>11750001</misses>
				<total>13</total>
				<timestamp>4225.770206</timestamp>
			</report>
			<report>
				<misses>11751001</misses>
				<total>13</total>
				<timestamp>4226.129819</timestamp>
			</report>
			<report>
				<misses>11752001</misses>
				<total>13</total>
				<timestamp>4226.489484</timestamp>
			</report>
			<report>
				<misses>11753001</misses>
				<total>13</total>
				<timestamp>4226.849102</timestamp>
			</report>
			<report>
				<misses>11754001</misses>
				<total>13</total>
				<timestamp>4227.208751</timestamp>
			</report>
			<report>
				<misses>11755001</misses>
				<total>13</total>
				<timestamp>4227.568370</timestamp>
			</report>
			<report>
				<misses>11756001</misses>
				<total>13</total>
				<timestamp>4227.928074</timestamp>
			</report>
			<report>
				<misses>11757001</misses>
				<total>13</total>
				<timestamp>4228.287687</timestamp>
			</report>
			<report>
				<misses>11758001</misses>
				<total>13</total>
				<timestamp>4228.647320</timestamp>
			</report>
			<report>
				<misses>11759001</misses>
				<total>13</total>
				<timestamp>4229.006941</timestamp>
			</report>
			<report>
				<misses>11760001</misses>
				<total>13</total>
				<timestamp>4229.366600</timestamp>
			</report>
			<report>
				<misses>11761001</misses>
				<total>13</total>
				<timestamp>4229.726234</timestamp>
			</report>
			<report>
				<misses>11762001</misses>
				<total>13</total>
				<timestamp>4230.085886</timestamp>
			</report>
			<report>
				<misses>11763001</misses>
				<total>13</total>
				<timestamp>4230.445528</timestamp>
			</report>
			<report>
				<misses>11764001</misses>
				<total>13</total>
				<timestamp>4230.805143</timestamp>
			</report>
			<report>
				<misses>11765001</misses>
				<total>13</total>
				<timestamp>4231.164820</timestamp>
			</report>
			<report>
				<misses>11766001</misses>
				<total>13</total>
				<timestamp>4231.524584</timestamp>
			</report>
			<report>
				<misses>11767001</misses>
				<total>13</total>
				<timestamp>4231.884092</timestamp>
			</report>
			<report>
				<misses>11768001</misses>
				<total>13</total>
				<timestamp>4232.243742</timestamp>
			</report>
			<report>
				<misses>11769001</misses>
				<total>13</total>
				<timestamp>4232.603334</timestamp>
			</report>
			<report>
				<misses>11770001</misses>
				<total>13</total>
				<timestamp>4232.962994</timestamp>
			</report>
			<report>
				<misses>11771001</misses>
				<total>13</total>
				<timestamp>4233.322619</timestamp>
			</report>
			<report>
				<misses>11772001</misses>
				<total>13</total>
				<timestamp>4233.682258</timestamp>
			</report>
			<report>
				<misses>11773001</misses>
				<total>13</total>
				<timestamp>4234.041895</timestamp>
			</report>
			<report>
				<misses>11774001</misses>
				<total>13</total>
				<timestamp>4234.401561</timestamp>
			</report>
			<report>
				<misses>11775001</misses>
				<total>13</total>
				<timestamp>4234.761198</timestamp>
			</report>
			<report>
				<misses>11776001</misses>
				<total>13</total>
				<timestamp>4235.120852</timestamp>
			</report>
			<report>
				<misses>11777001</misses>
				<total>13</total>
				<timestamp>4235.480537</timestamp>
			</report>
			<report>
				<misses>11778001</misses>
				<total>13</total>
				<timestamp>4235.840137</timestamp>
			</report>
			<report>
				<misses>11779001</misses>
				<total>13</total>
				<timestamp>4236.199760</timestamp>
			</report>
			<report>
				<misses>11780001</misses>
				<total>13</total>
				<timestamp>4236.559417</timestamp>
			</report>
			<report>
				<misses>11781001</misses>
				<total>13</total>
				<timestamp>4236.919087</timestamp>
			</report>
			<report>
				<misses>11782001</misses>
				<total>13</total>
				<timestamp>4237.278736</timestamp>
			</report>
			<report>
				<misses>11783001</misses>
				<total>13</total>
				<timestamp>4237.638359</timestamp>
			</report>
			<report>
				<misses>11784001</misses>
				<total>13</total>
				<timestamp>4237.997951</timestamp>
			</report>
			<report>
				<misses>11785001</misses>
				<total>13</total>
				<timestamp>4238.357599</timestamp>
			</report>
			<report>
				<misses>11786001</misses>
				<total>13</total>
				<timestamp>4238.717235</timestamp>
			</report>
			<report>
				<misses>11787001</misses>
				<total>13</total>
				<timestamp>4239.076898</timestamp>
			</report>
			<report>
				<misses>11788001</misses>
				<total>13</total>
				<timestamp>4239.436498</timestamp>
			</report>
			<report>
				<misses>11789001</misses>
				<total>13</total>
				<timestamp>4239.796157</timestamp>
			</report>
			<report>
				<misses>11790001</misses>
				<total>13</total>
				<timestamp>4240.155775</timestamp>
			</report>
			<report>
				<misses>11791001</misses>
				<total>13</total>
				<timestamp>4240.515451</timestamp>
			</report>
			<report>
				<misses>11792001</misses>
				<total>13</total>
				<timestamp>4240.875055</timestamp>
			</report>
			<report>
				<misses>11793001</misses>
				<total>13</total>
				<timestamp>4241.234716</timestamp>
			</report>
			<report>
				<misses>11794001</misses>
				<total>13</total>
				<timestamp>4241.594415</timestamp>
			</report>
			<report>
				<misses>11795001</misses>
				<total>13</total>
				<timestamp>4241.953999</timestamp>
			</report>
			<report>
				<misses>11796001</misses>
				<total>13</total>
				<timestamp>4242.313626</timestamp>
			</report>
			<report>
				<misses>11797001</misses>
				<total>13</total>
				<timestamp>4242.673251</timestamp>
			</report>
			<report>
				<misses>11798001</misses>
				<total>13</total>
				<timestamp>4243.032944</timestamp>
			</report>
			<report>
				<misses>11799001</misses>
				<total>13</total>
				<timestamp>4243.392552</timestamp>
			</report>
			<report>
				<misses>11800001</misses>
				<total>13</total>
				<timestamp>4243.752276</timestamp>
			</report>
			<report>
				<misses>11801001</misses>
				<total>13</total>
				<timestamp>4244.111863</timestamp>
			</report>
			<report>
				<misses>11802001</misses>
				<total>13</total>
				<timestamp>4244.471621</timestamp>
			</report>
			<report>
				<misses>11803001</misses>
				<total>13</total>
				<timestamp>4244.831180</timestamp>
			</report>
			<report>
				<misses>11804001</misses>
				<total>13</total>
				<timestamp>4245.190784</timestamp>
			</report>
			<report>
				<misses>11805001</misses>
				<total>13</total>
				<timestamp>4245.550495</timestamp>
			</report>
			<report>
				<misses>11806001</misses>
				<total>13</total>
				<timestamp>4245.910012</timestamp>
			</report>
			<report>
				<misses>11807001</misses>
				<total>13</total>
				<timestamp>4246.269656</timestamp>
			</report>
			<report>
				<misses>11808001</misses>
				<total>13</total>
				<timestamp>4246.629305</timestamp>
			</report>
			<report>
				<misses>11809001</misses>
				<total>13</total>
				<timestamp>4246.988949</timestamp>
			</report>
			<report>
				<misses>11810001</misses>
				<total>13</total>
				<timestamp>4247.348591</timestamp>
			</report>
			<report>
				<misses>11811001</misses>
				<total>13</total>
				<timestamp>4247.708202</timestamp>
			</report>
			<report>
				<misses>11812001</misses>
				<total>13</total>
				<timestamp>4248.067864</timestamp>
			</report>
			<report>
				<misses>11813001</misses>
				<total>13</total>
				<timestamp>4248.427520</timestamp>
			</report>
			<report>
				<misses>11814001</misses>
				<total>13</total>
				<timestamp>4248.787137</timestamp>
			</report>
			<report>
				<misses>11815001</misses>
				<total>13</total>
				<timestamp>4249.146761</timestamp>
			</report>
			<report>
				<misses>11816001</misses>
				<total>13</total>
				<timestamp>4249.506480</timestamp>
			</report>
			<report>
				<misses>11817001</misses>
				<total>13</total>
				<timestamp>4249.866130</timestamp>
			</report>
			<report>
				<misses>11818001</misses>
				<total>13</total>
				<timestamp>4250.225703</timestamp>
			</report>
			<report>
				<misses>11819001</misses>
				<total>13</total>
				<timestamp>4250.585466</timestamp>
			</report>
			<report>
				<misses>11820001</misses>
				<total>13</total>
				<timestamp>4250.945033</timestamp>
			</report>
			<report>
				<misses>11821001</misses>
				<total>13</total>
				<timestamp>4251.304628</timestamp>
			</report>
			<report>
				<misses>11822001</misses>
				<total>13</total>
				<timestamp>4251.664274</timestamp>
			</report>
			<report>
				<misses>11823001</misses>
				<total>13</total>
				<timestamp>4252.023952</timestamp>
			</report>
			<report>
				<misses>11824001</misses>
				<total>13</total>
				<timestamp>4252.383573</timestamp>
			</report>
			<report>
				<misses>11825001</misses>
				<total>13</total>
				<timestamp>4252.743236</timestamp>
			</report>
			<report>
				<misses>11826001</misses>
				<total>13</total>
				<timestamp>4253.102859</timestamp>
			</report>
			<report>
				<misses>11827001</misses>
				<total>13</total>
				<timestamp>4253.462500</timestamp>
			</report>
			<report>
				<misses>11828001</misses>
				<total>13</total>
				<timestamp>4253.822153</timestamp>
			</report>
			<report>
				<misses>11829001</misses>
				<total>13</total>
				<timestamp>4254.181762</timestamp>
			</report>
			<report>
				<misses>11830001</misses>
				<total>13</total>
				<timestamp>4254.541476</timestamp>
			</report>
			<report>
				<misses>11831001</misses>
				<total>13</total>
				<timestamp>4254.901070</timestamp>
			</report>
			<report>
				<misses>11832001</misses>
				<total>13</total>
				<timestamp>4255.260655</timestamp>
			</report>
			<report>
				<misses>11833001</misses>
				<total>13</total>
				<timestamp>4255.620418</timestamp>
			</report>
			<report>
				<misses>11834001</misses>
				<total>13</total>
				<timestamp>4255.980024</timestamp>
			</report>
			<report>
				<misses>11835001</misses>
				<total>13</total>
				<timestamp>4256.339614</timestamp>
			</report>
			<report>
				<misses>11836001</misses>
				<total>13</total>
				<timestamp>4256.699218</timestamp>
			</report>
			<report>
				<misses>11837001</misses>
				<total>13</total>
				<timestamp>4257.058887</timestamp>
			</report>
			<report>
				<misses>11838001</misses>
				<total>13</total>
				<timestamp>4257.418500</timestamp>
			</report>
			<report>
				<misses>11839001</misses>
				<total>13</total>
				<timestamp>4257.778223</timestamp>
			</report>
			<report>
				<misses>11840001</misses>
				<total>13</total>
				<timestamp>4258.137806</timestamp>
			</report>
			<report>
				<misses>11841001</misses>
				<total>13</total>
				<timestamp>4258.497494</timestamp>
			</report>
			<report>
				<misses>11842001</misses>
				<total>13</total>
				<timestamp>4258.857079</timestamp>
			</report>
			<report>
				<misses>11843001</misses>
				<total>13</total>
				<timestamp>4259.216694</timestamp>
			</report>
			<report>
				<misses>11844001</misses>
				<total>13</total>
				<timestamp>4259.576445</timestamp>
			</report>
			<report>
				<misses>11845001</misses>
				<total>13</total>
				<timestamp>4259.936050</timestamp>
			</report>
			<report>
				<misses>11846001</misses>
				<total>13</total>
				<timestamp>4260.295667</timestamp>
			</report>
			<report>
				<misses>11847001</misses>
				<total>13</total>
				<timestamp>4260.655295</timestamp>
			</report>
			<report>
				<misses>11848001</misses>
				<total>13</total>
				<timestamp>4261.014923</timestamp>
			</report>
			<report>
				<misses>11849001</misses>
				<total>13</total>
				<timestamp>4261.374542</timestamp>
			</report>
			<report>
				<misses>11850001</misses>
				<total>13</total>
				<timestamp>4261.734293</timestamp>
			</report>
			<report>
				<misses>11851001</misses>
				<total>13</total>
				<timestamp>4262.093914</timestamp>
			</report>
			<report>
				<misses>11852001</misses>
				<total>13</total>
				<timestamp>4262.453558</timestamp>
			</report>
			<report>
				<misses>11853001</misses>
				<total>13</total>
				<timestamp>4262.813090</timestamp>
			</report>
			<report>
				<misses>11854001</misses>
				<total>13</total>
				<timestamp>4263.172753</timestamp>
			</report>
			<report>
				<misses>11855001</misses>
				<total>13</total>
				<timestamp>4263.532455</timestamp>
			</report>
			<report>
				<misses>11856001</misses>
				<total>13</total>
				<timestamp>4263.892083</timestamp>
			</report>
			<report>
				<misses>11857001</misses>
				<total>13</total>
				<timestamp>4264.251716</timestamp>
			</report>
			<report>
				<misses>11858001</misses>
				<total>13</total>
				<timestamp>4264.611315</timestamp>
			</report>
			<report>
				<misses>11859001</misses>
				<total>13</total>
				<timestamp>4264.970991</timestamp>
			</report>
			<report>
				<misses>11860001</misses>
				<total>13</total>
				<timestamp>4265.330597</timestamp>
			</report>
			<report>
				<misses>11861001</misses>
				<total>13</total>
				<timestamp>4265.690272</timestamp>
			</report>
			<report>
				<misses>11862001</misses>
				<total>13</total>
				<timestamp>4266.049876</timestamp>
			</report>
			<report>
				<misses>11863001</misses>
				<total>13</total>
				<timestamp>4266.409488</timestamp>
			</report>
			<report>
				<misses>11864001</misses>
				<total>13</total>
				<timestamp>4266.769140</timestamp>
			</report>
			<report>
				<misses>11865001</misses>
				<total>13</total>
				<timestamp>4267.128807</timestamp>
			</report>
			<report>
				<misses>11866001</misses>
				<total>13</total>
				<timestamp>4267.488484</timestamp>
			</report>
			<report>
				<misses>11867001</misses>
				<total>13</total>
				<timestamp>4267.848155</timestamp>
			</report>
			<report>
				<misses>11868001</misses>
				<total>13</total>
				<timestamp>4268.207708</timestamp>
			</report>
			<report>
				<misses>11869001</misses>
				<total>13</total>
				<timestamp>4268.567365</timestamp>
			</report>
			<report>
				<misses>11870001</misses>
				<total>13</total>
				<timestamp>4268.927033</timestamp>
			</report>
			<report>
				<misses>11871001</misses>
				<total>13</total>
				<timestamp>4269.286619</timestamp>
			</report>
			<report>
				<misses>11872001</misses>
				<total>13</total>
				<timestamp>4269.646320</timestamp>
			</report>
			<report>
				<misses>11873001</misses>
				<total>13</total>
				<timestamp>4270.005910</timestamp>
			</report>
			<report>
				<misses>11874001</misses>
				<total>13</total>
				<timestamp>4270.365536</timestamp>
			</report>
			<report>
				<misses>11875001</misses>
				<total>13</total>
				<timestamp>4270.725255</timestamp>
			</report>
			<report>
				<misses>11876001</misses>
				<total>13</total>
				<timestamp>4271.084874</timestamp>
			</report>
			<report>
				<misses>11877001</misses>
				<total>13</total>
				<timestamp>4271.444446</timestamp>
			</report>
			<report>
				<misses>11878001</misses>
				<total>13</total>
				<timestamp>4271.804129</timestamp>
			</report>
			<report>
				<misses>11879001</misses>
				<total>13</total>
				<timestamp>4272.163762</timestamp>
			</report>
			<report>
				<misses>11880001</misses>
				<total>13</total>
				<timestamp>4272.523487</timestamp>
			</report>
			<report>
				<misses>11881001</misses>
				<total>13</total>
				<timestamp>4272.883016</timestamp>
			</report>
			<report>
				<misses>11882001</misses>
				<total>13</total>
				<timestamp>4273.242702</timestamp>
			</report>
			<report>
				<misses>11883001</misses>
				<total>13</total>
				<timestamp>4273.602315</timestamp>
			</report>
			<report>
				<misses>11884001</misses>
				<total>13</total>
				<timestamp>4273.961986</timestamp>
			</report>
			<report>
				<misses>11885001</misses>
				<total>13</total>
				<timestamp>4274.321588</timestamp>
			</report>
			<report>
				<misses>11886001</misses>
				<total>13</total>
				<timestamp>4274.681252</timestamp>
			</report>
			<report>
				<misses>11887001</misses>
				<total>13</total>
				<timestamp>4275.040879</timestamp>
			</report>
			<report>
				<misses>11888001</misses>
				<total>13</total>
				<timestamp>4275.400481</timestamp>
			</report>
			<report>
				<misses>11889001</misses>
				<total>13</total>
				<timestamp>4275.760225</timestamp>
			</report>
			<report>
				<misses>11890001</misses>
				<total>13</total>
				<timestamp>4276.119778</timestamp>
			</report>
			<report>
				<misses>11891001</misses>
				<total>13</total>
				<timestamp>4276.479443</timestamp>
			</report>
			<report>
				<misses>11892001</misses>
				<total>13</total>
				<timestamp>4276.839054</timestamp>
			</report>
			<report>
				<misses>11893001</misses>
				<total>13</total>
				<timestamp>4277.198750</timestamp>
			</report>
			<report>
				<misses>11894001</misses>
				<total>13</total>
				<timestamp>4277.558340</timestamp>
			</report>
			<report>
				<misses>11895001</misses>
				<total>13</total>
				<timestamp>4277.918029</timestamp>
			</report>
			<report>
				<misses>11896001</misses>
				<total>13</total>
				<timestamp>4278.277613</timestamp>
			</report>
			<report>
				<misses>11897001</misses>
				<total>13</total>
				<timestamp>4278.637318</timestamp>
			</report>
			<report>
				<misses>11898001</misses>
				<total>13</total>
				<timestamp>4278.996935</timestamp>
			</report>
			<report>
				<misses>11899001</misses>
				<total>13</total>
				<timestamp>4279.356550</timestamp>
			</report>
			<report>
				<misses>11900001</misses>
				<total>13</total>
				<timestamp>4279.716274</timestamp>
			</report>
			<report>
				<misses>11901001</misses>
				<total>13</total>
				<timestamp>4280.075867</timestamp>
			</report>
			<report>
				<misses>11902001</misses>
				<total>13</total>
				<timestamp>4280.435504</timestamp>
			</report>
			<report>
				<misses>11903001</misses>
				<total>13</total>
				<timestamp>4280.795204</timestamp>
			</report>
			<report>
				<misses>11904001</misses>
				<total>13</total>
				<timestamp>4281.154744</timestamp>
			</report>
			<report>
				<misses>11905001</misses>
				<total>13</total>
				<timestamp>4281.514418</timestamp>
			</report>
			<report>
				<misses>11906001</misses>
				<total>13</total>
				<timestamp>4281.874010</timestamp>
			</report>
			<report>
				<misses>11907001</misses>
				<total>13</total>
				<timestamp>4282.233659</timestamp>
			</report>
			<report>
				<misses>11908001</misses>
				<total>13</total>
				<timestamp>4282.593323</timestamp>
			</report>
			<report>
				<misses>11909001</misses>
				<total>13</total>
				<timestamp>4282.953019</timestamp>
			</report>
			<report>
				<misses>11910001</misses>
				<total>13</total>
				<timestamp>4283.312574</timestamp>
			</report>
			<report>
				<misses>11911001</misses>
				<total>13</total>
				<timestamp>4283.672226</timestamp>
			</report>
			<report>
				<misses>11912001</misses>
				<total>13</total>
				<timestamp>4284.031874</timestamp>
			</report>
			<report>
				<misses>11913001</misses>
				<total>13</total>
				<timestamp>4284.391520</timestamp>
			</report>
			<report>
				<misses>11914001</misses>
				<total>13</total>
				<timestamp>4284.751168</timestamp>
			</report>
			<report>
				<misses>11915001</misses>
				<total>13</total>
				<timestamp>4285.110805</timestamp>
			</report>
			<report>
				<misses>11916001</misses>
				<total>13</total>
				<timestamp>4285.470502</timestamp>
			</report>
			<report>
				<misses>11917001</misses>
				<total>13</total>
				<timestamp>4285.830059</timestamp>
			</report>
			<report>
				<misses>11918001</misses>
				<total>13</total>
				<timestamp>4286.189762</timestamp>
			</report>
			<report>
				<misses>11919001</misses>
				<total>13</total>
				<timestamp>4286.549368</timestamp>
			</report>
			<report>
				<misses>11920001</misses>
				<total>13</total>
				<timestamp>4286.909021</timestamp>
			</report>
			<report>
				<misses>11921001</misses>
				<total>13</total>
				<timestamp>4287.268671</timestamp>
			</report>
			<report>
				<misses>11922001</misses>
				<total>13</total>
				<timestamp>4287.628291</timestamp>
			</report>
			<report>
				<misses>11923001</misses>
				<total>13</total>
				<timestamp>4287.987921</timestamp>
			</report>
			<report>
				<misses>11924001</misses>
				<total>13</total>
				<timestamp>4288.347553</timestamp>
			</report>
			<report>
				<misses>11925001</misses>
				<total>13</total>
				<timestamp>4288.707331</timestamp>
			</report>
			<report>
				<misses>11926001</misses>
				<total>13</total>
				<timestamp>4289.066907</timestamp>
			</report>
			<report>
				<misses>11927001</misses>
				<total>13</total>
				<timestamp>4289.426483</timestamp>
			</report>
			<report>
				<misses>11928001</misses>
				<total>13</total>
				<timestamp>4289.786161</timestamp>
			</report>
			<report>
				<misses>11929001</misses>
				<total>13</total>
				<timestamp>4290.145783</timestamp>
			</report>
			<report>
				<misses>11930001</misses>
				<total>13</total>
				<timestamp>4290.505419</timestamp>
			</report>
			<report>
				<misses>11931001</misses>
				<total>13</total>
				<timestamp>4290.865067</timestamp>
			</report>
			<report>
				<misses>11932001</misses>
				<total>13</total>
				<timestamp>4291.224649</timestamp>
			</report>
			<report>
				<misses>11933001</misses>
				<total>13</total>
				<timestamp>4291.584331</timestamp>
			</report>
			<report>
				<misses>11934001</misses>
				<total>13</total>
				<timestamp>4291.943931</timestamp>
			</report>
			<report>
				<misses>11935001</misses>
				<total>13</total>
				<timestamp>4292.303622</timestamp>
			</report>
			<report>
				<misses>11936001</misses>
				<total>13</total>
				<timestamp>4292.663328</timestamp>
			</report>
			<report>
				<misses>11937001</misses>
				<total>13</total>
				<timestamp>4293.022907</timestamp>
			</report>
			<report>
				<misses>11938001</misses>
				<total>13</total>
				<timestamp>4293.382502</timestamp>
			</report>
			<report>
				<misses>11939001</misses>
				<total>13</total>
				<timestamp>4293.742162</timestamp>
			</report>
			<report>
				<misses>11940001</misses>
				<total>13</total>
				<timestamp>4294.101796</timestamp>
			</report>
			<report>
				<misses>11941001</misses>
				<total>13</total>
				<timestamp>4294.461437</timestamp>
			</report>
			<report>
				<misses>11942001</misses>
				<total>13</total>
				<timestamp>4294.821111</timestamp>
			</report>
			<report>
				<misses>11943001</misses>
				<total>13</total>
				<timestamp>4295.180696</timestamp>
			</report>
			<report>
				<misses>11944001</misses>
				<total>13</total>
				<timestamp>4295.540395</timestamp>
			</report>
			<report>
				<misses>11945001</misses>
				<total>13</total>
				<timestamp>4295.899972</timestamp>
			</report>
			<report>
				<misses>11946001</misses>
				<total>13</total>
				<timestamp>4296.259635</timestamp>
			</report>
			<report>
				<misses>11947001</misses>
				<total>13</total>
				<timestamp>4296.619356</timestamp>
			</report>
			<report>
				<misses>11948001</misses>
				<total>13</total>
				<timestamp>4296.978934</timestamp>
			</report>
			<report>
				<misses>11949001</misses>
				<total>13</total>
				<timestamp>4297.338631</timestamp>
			</report>
			<report>
				<misses>11950001</misses>
				<total>13</total>
				<timestamp>4297.698220</timestamp>
			</report>
			<report>
				<misses>11951001</misses>
				<total>13</total>
				<timestamp>4298.057836</timestamp>
			</report>
			<report>
				<misses>11952001</misses>
				<total>13</total>
				<timestamp>4298.417459</timestamp>
			</report>
			<report>
				<misses>11953001</misses>
				<total>13</total>
				<timestamp>4298.777210</timestamp>
			</report>
			<report>
				<misses>11954001</misses>
				<total>13</total>
				<timestamp>4299.136736</timestamp>
			</report>
			<report>
				<misses>11955001</misses>
				<total>13</total>
				<timestamp>4299.496364</timestamp>
			</report>
			<report>
				<misses>11956001</misses>
				<total>13</total>
				<timestamp>4299.856075</timestamp>
			</report>
			<report>
				<misses>11957001</misses>
				<total>13</total>
				<timestamp>4300.215671</timestamp>
			</report>
			<report>
				<misses>11958001</misses>
				<total>13</total>
				<timestamp>4300.575350</timestamp>
			</report>
			<report>
				<misses>11959001</misses>
				<total>13</total>
				<timestamp>4300.934934</timestamp>
			</report>
			<report>
				<misses>11960001</misses>
				<total>13</total>
				<timestamp>4301.294630</timestamp>
			</report>
			<report>
				<misses>11961001</misses>
				<total>13</total>
				<timestamp>4301.654272</timestamp>
			</report>
			<report>
				<misses>11962001</misses>
				<total>13</total>
				<timestamp>4302.013914</timestamp>
			</report>
			<report>
				<misses>11963001</misses>
				<total>13</total>
				<timestamp>4302.373489</timestamp>
			</report>
			<report>
				<misses>11964001</misses>
				<total>13</total>
				<timestamp>4302.733145</timestamp>
			</report>
			<report>
				<misses>11965001</misses>
				<total>13</total>
				<timestamp>4303.092792</timestamp>
			</report>
			<report>
				<misses>11966001</misses>
				<total>13</total>
				<timestamp>4303.452429</timestamp>
			</report>
			<report>
				<misses>11967001</misses>
				<total>13</total>
				<timestamp>4303.812123</timestamp>
			</report>
			<report>
				<misses>11968001</misses>
				<total>13</total>
				<timestamp>4304.171697</timestamp>
			</report>
			<report>
				<misses>11969001</misses>
				<total>13</total>
				<timestamp>4304.531339</timestamp>
			</report>
			<report>
				<misses>11970001</misses>
				<total>13</total>
				<timestamp>4304.891021</timestamp>
			</report>
			<report>
				<misses>11971001</misses>
				<total>13</total>
				<timestamp>4305.250625</timestamp>
			</report>
			<report>
				<misses>11972001</misses>
				<total>13</total>
				<timestamp>4305.610271</timestamp>
			</report>
			<report>
				<misses>11973001</misses>
				<total>13</total>
				<timestamp>4305.969959</timestamp>
			</report>
			<report>
				<misses>11974001</misses>
				<total>13</total>
				<timestamp>4306.329553</timestamp>
			</report>
			<report>
				<misses>11975001</misses>
				<total>13</total>
				<timestamp>4306.689251</timestamp>
			</report>
			<report>
				<misses>11976001</misses>
				<total>13</total>
				<timestamp>4307.048819</timestamp>
			</report>
			<report>
				<misses>11977001</misses>
				<total>13</total>
				<timestamp>4307.408507</timestamp>
			</report>
			<report>
				<misses>11978001</misses>
				<total>13</total>
				<timestamp>4307.768107</timestamp>
			</report>
			<report>
				<misses>11979001</misses>
				<total>13</total>
				<timestamp>4308.127741</timestamp>
			</report>
			<report>
				<misses>11980001</misses>
				<total>13</total>
				<timestamp>4308.487367</timestamp>
			</report>
			<report>
				<misses>11981001</misses>
				<total>13</total>
				<timestamp>4308.847034</timestamp>
			</report>
			<report>
				<misses>11982001</misses>
				<total>13</total>
				<timestamp>4309.206707</timestamp>
			</report>
			<report>
				<misses>11983001</misses>
				<total>13</total>
				<timestamp>4309.566303</timestamp>
			</report>
			<report>
				<misses>11984001</misses>
				<total>13</total>
				<timestamp>4309.926028</timestamp>
			</report>
			<report>
				<misses>11985001</misses>
				<total>13</total>
				<timestamp>4310.285572</timestamp>
			</report>
			<report>
				<misses>11986001</misses>
				<total>13</total>
				<timestamp>4310.645205</timestamp>
			</report>
			<report>
				<misses>11987001</misses>
				<total>13</total>
				<timestamp>4311.004939</timestamp>
			</report>
			<report>
				<misses>11988001</misses>
				<total>13</total>
				<timestamp>4311.364539</timestamp>
			</report>
			<report>
				<misses>11989001</misses>
				<total>13</total>
				<timestamp>4311.724183</timestamp>
			</report>
			<report>
				<misses>11990001</misses>
				<total>13</total>
				<timestamp>4312.083895</timestamp>
			</report>
			<report>
				<misses>11991001</misses>
				<total>13</total>
				<timestamp>4312.443434</timestamp>
			</report>
			<report>
				<misses>11992001</misses>
				<total>13</total>
				<timestamp>4312.803093</timestamp>
			</report>
			<report>
				<misses>11993001</misses>
				<total>13</total>
				<timestamp>4313.162766</timestamp>
			</report>
			<report>
				<misses>11994001</misses>
				<total>13</total>
				<timestamp>4313.522335</timestamp>
			</report>
			<report>
				<misses>11995001</misses>
				<total>13</total>
				<timestamp>4313.882004</timestamp>
			</report>
			<report>
				<misses>11996001</misses>
				<total>13</total>
				<timestamp>4314.241664</timestamp>
			</report>
			<report>
				<misses>11997001</misses>
				<total>13</total>
				<timestamp>4314.601340</timestamp>
			</report>
			<report>
				<misses>11998001</misses>
				<total>13</total>
				<timestamp>4314.960909</timestamp>
			</report>
			<report>
				<misses>11999001</misses>
				<total>13</total>
				<timestamp>4315.320544</timestamp>
			</report>
			<report>
				<misses>12000001</misses>
				<total>13</total>
				<timestamp>4315.680221</timestamp>
			</report>
			<report>
				<misses>12001001</misses>
				<total>13</total>
				<timestamp>4316.039829</timestamp>
			</report>
			<report>
				<misses>12002001</misses>
				<total>13</total>
				<timestamp>4316.399457</timestamp>
			</report>
			<report>
				<misses>12003001</misses>
				<total>13</total>
				<timestamp>4316.759116</timestamp>
			</report>
			<report>
				<misses>12004001</misses>
				<total>13</total>
				<timestamp>4317.118769</timestamp>
			</report>
			<report>
				<misses>12005001</misses>
				<total>13</total>
				<timestamp>4317.478371</timestamp>
			</report>
			<report>
				<misses>12006001</misses>
				<total>13</total>
				<timestamp>4317.838071</timestamp>
			</report>
			<report>
				<misses>12007001</misses>
				<total>13</total>
				<timestamp>4318.197694</timestamp>
			</report>
			<report>
				<misses>12008001</misses>
				<total>13</total>
				<timestamp>4318.557310</timestamp>
			</report>
			<report>
				<misses>12009001</misses>
				<total>13</total>
				<timestamp>4318.917015</timestamp>
			</report>
			<report>
				<misses>12010001</misses>
				<total>13</total>
				<timestamp>4319.276630</timestamp>
			</report>
			<report>
				<misses>12011001</misses>
				<total>13</total>
				<timestamp>4319.636303</timestamp>
			</report>
			<report>
				<misses>12012001</misses>
				<total>13</total>
				<timestamp>4319.995891</timestamp>
			</report>
			<report>
				<misses>12013001</misses>
				<total>13</total>
				<timestamp>4320.355557</timestamp>
			</report>
			<report>
				<misses>12014001</misses>
				<total>13</total>
				<timestamp>4320.715149</timestamp>
			</report>
			<report>
				<misses>12015001</misses>
				<total>13</total>
				<timestamp>4321.074789</timestamp>
			</report>
			<report>
				<misses>12016001</misses>
				<total>13</total>
				<timestamp>4321.434409</timestamp>
			</report>
			<report>
				<misses>12017001</misses>
				<total>13</total>
				<timestamp>4321.794122</timestamp>
			</report>
			<report>
				<misses>12018001</misses>
				<total>13</total>
				<timestamp>4322.153709</timestamp>
			</report>
			<report>
				<misses>12019001</misses>
				<total>13</total>
				<timestamp>4322.513403</timestamp>
			</report>
			<report>
				<misses>12020001</misses>
				<total>13</total>
				<timestamp>4322.873060</timestamp>
			</report>
			<report>
				<misses>12021001</misses>
				<total>13</total>
				<timestamp>4323.232686</timestamp>
			</report>
			<report>
				<misses>12022001</misses>
				<total>13</total>
				<timestamp>4323.592280</timestamp>
			</report>
			<report>
				<misses>12023001</misses>
				<total>13</total>
				<timestamp>4323.952002</timestamp>
			</report>
			<report>
				<misses>12024001</misses>
				<total>13</total>
				<timestamp>4324.311571</timestamp>
			</report>
			<report>
				<misses>12025001</misses>
				<total>13</total>
				<timestamp>4324.671216</timestamp>
			</report>
			<report>
				<misses>12026001</misses>
				<total>13</total>
				<timestamp>4325.030823</timestamp>
			</report>
			<report>
				<misses>12027001</misses>
				<total>13</total>
				<timestamp>4325.390461</timestamp>
			</report>
			<report>
				<misses>12028001</misses>
				<total>13</total>
				<timestamp>4325.750094</timestamp>
			</report>
			<report>
				<misses>12029001</misses>
				<total>13</total>
				<timestamp>4326.109789</timestamp>
			</report>
			<report>
				<misses>12030001</misses>
				<total>13</total>
				<timestamp>4326.469385</timestamp>
			</report>
			<report>
				<misses>12031001</misses>
				<total>13</total>
				<timestamp>4326.829087</timestamp>
			</report>
			<report>
				<misses>12032001</misses>
				<total>13</total>
				<timestamp>4327.188651</timestamp>
			</report>
			<report>
				<misses>12033001</misses>
				<total>13</total>
				<timestamp>4327.548294</timestamp>
			</report>
			<report>
				<misses>12034001</misses>
				<total>13</total>
				<timestamp>4327.907964</timestamp>
			</report>
			<report>
				<misses>12035001</misses>
				<total>13</total>
				<timestamp>4328.267607</timestamp>
			</report>
			<report>
				<misses>12036001</misses>
				<total>13</total>
				<timestamp>4328.627237</timestamp>
			</report>
			<report>
				<misses>12037001</misses>
				<total>13</total>
				<timestamp>4328.986855</timestamp>
			</report>
			<report>
				<misses>12038001</misses>
				<total>13</total>
				<timestamp>4329.346496</timestamp>
			</report>
			<report>
				<misses>12039001</misses>
				<total>13</total>
				<timestamp>4329.706131</timestamp>
			</report>
			<report>
				<misses>12040001</misses>
				<total>13</total>
				<timestamp>4330.065788</timestamp>
			</report>
			<report>
				<misses>12041001</misses>
				<total>13</total>
				<timestamp>4330.425434</timestamp>
			</report>
			<report>
				<misses>12042001</misses>
				<total>13</total>
				<timestamp>4330.785068</timestamp>
			</report>
			<report>
				<misses>12043001</misses>
				<total>13</total>
				<timestamp>4331.144746</timestamp>
			</report>
			<report>
				<misses>12044001</misses>
				<total>13</total>
				<timestamp>4331.504406</timestamp>
			</report>
			<report>
				<misses>12045001</misses>
				<total>13</total>
				<timestamp>4331.864040</timestamp>
			</report>
			<report>
				<misses>12046001</misses>
				<total>13</total>
				<timestamp>4332.223601</timestamp>
			</report>
			<report>
				<misses>12047001</misses>
				<total>13</total>
				<timestamp>4332.583274</timestamp>
			</report>
			<report>
				<misses>12048001</misses>
				<total>13</total>
				<timestamp>4332.942882</timestamp>
			</report>
			<report>
				<misses>12049001</misses>
				<total>13</total>
				<timestamp>4333.302609</timestamp>
			</report>
			<report>
				<misses>12050001</misses>
				<total>13</total>
				<timestamp>4333.662172</timestamp>
			</report>
			<report>
				<misses>12051001</misses>
				<total>13</total>
				<timestamp>4334.021880</timestamp>
			</report>
			<report>
				<misses>12052001</misses>
				<total>13</total>
				<timestamp>4334.381489</timestamp>
			</report>
			<report>
				<misses>12053001</misses>
				<total>13</total>
				<timestamp>4334.741132</timestamp>
			</report>
			<report>
				<misses>12054001</misses>
				<total>13</total>
				<timestamp>4335.100774</timestamp>
			</report>
			<report>
				<misses>12055001</misses>
				<total>13</total>
				<timestamp>4335.460388</timestamp>
			</report>
			<report>
				<misses>12056001</misses>
				<total>13</total>
				<timestamp>4335.820069</timestamp>
			</report>
			<report>
				<misses>12057001</misses>
				<total>13</total>
				<timestamp>4336.179722</timestamp>
			</report>
			<report>
				<misses>12058001</misses>
				<total>13</total>
				<timestamp>4336.539289</timestamp>
			</report>
			<report>
				<misses>12059001</misses>
				<total>13</total>
				<timestamp>4336.899036</timestamp>
			</report>
			<report>
				<misses>12060001</misses>
				<total>13</total>
				<timestamp>4337.258588</timestamp>
			</report>
			<report>
				<misses>12061001</misses>
				<total>13</total>
				<timestamp>4337.618250</timestamp>
			</report>
			<report>
				<misses>12062001</misses>
				<total>13</total>
				<timestamp>4337.977871</timestamp>
			</report>
			<report>
				<misses>12063001</misses>
				<total>13</total>
				<timestamp>4338.337625</timestamp>
			</report>
			<report>
				<misses>12064001</misses>
				<total>13</total>
				<timestamp>4338.697137</timestamp>
			</report>
			<report>
				<misses>12065001</misses>
				<total>13</total>
				<timestamp>4339.056826</timestamp>
			</report>
			<report>
				<misses>12066001</misses>
				<total>13</total>
				<timestamp>4339.416422</timestamp>
			</report>
			<report>
				<misses>12067001</misses>
				<total>13</total>
				<timestamp>4339.776065</timestamp>
			</report>
			<report>
				<misses>12068001</misses>
				<total>13</total>
				<timestamp>4340.135759</timestamp>
			</report>
			<report>
				<misses>12069001</misses>
				<total>13</total>
				<timestamp>4340.495339</timestamp>
			</report>
			<report>
				<misses>12070001</misses>
				<total>13</total>
				<timestamp>4340.855136</timestamp>
			</report>
			<report>
				<misses>12071001</misses>
				<total>13</total>
				<timestamp>4341.214610</timestamp>
			</report>
			<report>
				<misses>12072001</misses>
				<total>13</total>
				<timestamp>4341.574263</timestamp>
			</report>
			<report>
				<misses>12073001</misses>
				<total>13</total>
				<timestamp>4341.933952</timestamp>
			</report>
			<report>
				<misses>12074001</misses>
				<total>13</total>
				<timestamp>4342.293583</timestamp>
			</report>
			<report>
				<misses>12075001</misses>
				<total>13</total>
				<timestamp>4342.653254</timestamp>
			</report>
			<report>
				<misses>12076001</misses>
				<total>13</total>
				<timestamp>4343.012845</timestamp>
			</report>
			<report>
				<misses>12077001</misses>
				<total>13</total>
				<timestamp>4343.372443</timestamp>
			</report>
			<report>
				<misses>12078001</misses>
				<total>13</total>
				<timestamp>4343.732098</timestamp>
			</report>
			<report>
				<misses>12079001</misses>
				<total>13</total>
				<timestamp>4344.091770</timestamp>
			</report>
			<report>
				<misses>12080001</misses>
				<total>13</total>
				<timestamp>4344.451388</timestamp>
			</report>
			<report>
				<misses>12081001</misses>
				<total>13</total>
				<timestamp>4344.811076</timestamp>
			</report>
			<report>
				<misses>12082001</misses>
				<total>13</total>
				<timestamp>4345.170701</timestamp>
			</report>
			<report>
				<misses>12083001</misses>
				<total>13</total>
				<timestamp>4345.530354</timestamp>
			</report>
			<report>
				<misses>12084001</misses>
				<total>13</total>
				<timestamp>4345.889950</timestamp>
			</report>
			<report>
				<misses>12085001</misses>
				<total>13</total>
				<timestamp>4346.249607</timestamp>
			</report>
			<report>
				<misses>12086001</misses>
				<total>13</total>
				<timestamp>4346.609200</timestamp>
			</report>
			<report>
				<misses>12087001</misses>
				<total>13</total>
				<timestamp>4346.968890</timestamp>
			</report>
			<report>
				<misses>12088001</misses>
				<total>13</total>
				<timestamp>4347.328503</timestamp>
			</report>
			<report>
				<misses>12089001</misses>
				<total>13</total>
				<timestamp>4347.688198</timestamp>
			</report>
			<report>
				<misses>12090001</misses>
				<total>13</total>
				<timestamp>4348.047808</timestamp>
			</report>
			<report>
				<misses>12091001</misses>
				<total>13</total>
				<timestamp>4348.407436</timestamp>
			</report>
			<report>
				<misses>12092001</misses>
				<total>13</total>
				<timestamp>4348.767075</timestamp>
			</report>
			<report>
				<misses>12093001</misses>
				<total>13</total>
				<timestamp>4349.126738</timestamp>
			</report>
			<report>
				<misses>12094001</misses>
				<total>13</total>
				<timestamp>4349.486353</timestamp>
			</report>
			<report>
				<misses>12095001</misses>
				<total>13</total>
				<timestamp>4349.846043</timestamp>
			</report>
			<report>
				<misses>12096001</misses>
				<total>13</total>
				<timestamp>4350.205681</timestamp>
			</report>
			<report>
				<misses>12097001</misses>
				<total>13</total>
				<timestamp>4350.565296</timestamp>
			</report>
			<report>
				<misses>12098001</misses>
				<total>13</total>
				<timestamp>4350.924988</timestamp>
			</report>
			<report>
				<misses>12099001</misses>
				<total>13</total>
				<timestamp>4351.284540</timestamp>
			</report>
			<report>
				<misses>12100001</misses>
				<total>13</total>
				<timestamp>4351.644209</timestamp>
			</report>
			<report>
				<misses>12101001</misses>
				<total>13</total>
				<timestamp>4352.003834</timestamp>
			</report>
			<report>
				<misses>12102001</misses>
				<total>13</total>
				<timestamp>4352.363520</timestamp>
			</report>
			<report>
				<misses>12103001</misses>
				<total>13</total>
				<timestamp>4352.723100</timestamp>
			</report>
			<report>
				<misses>12104001</misses>
				<total>13</total>
				<timestamp>4353.082809</timestamp>
			</report>
			<report>
				<misses>12105001</misses>
				<total>13</total>
				<timestamp>4353.442387</timestamp>
			</report>
			<report>
				<misses>12106001</misses>
				<total>13</total>
				<timestamp>4353.802029</timestamp>
			</report>
			<report>
				<misses>12107001</misses>
				<total>13</total>
				<timestamp>4354.161690</timestamp>
			</report>
			<report>
				<misses>12108001</misses>
				<total>13</total>
				<timestamp>4354.521320</timestamp>
			</report>
			<report>
				<misses>12109001</misses>
				<total>13</total>
				<timestamp>4354.880963</timestamp>
			</report>
			<report>
				<misses>12110001</misses>
				<total>13</total>
				<timestamp>4355.240614</timestamp>
			</report>
			<report>
				<misses>12111001</misses>
				<total>13</total>
				<timestamp>4355.600215</timestamp>
			</report>
			<report>
				<misses>12112001</misses>
				<total>13</total>
				<timestamp>4355.959942</timestamp>
			</report>
			<report>
				<misses>12113001</misses>
				<total>13</total>
				<timestamp>4356.319501</timestamp>
			</report>
			<report>
				<misses>12114001</misses>
				<total>13</total>
				<timestamp>4356.679130</timestamp>
			</report>
			<report>
				<misses>12115001</misses>
				<total>13</total>
				<timestamp>4357.038810</timestamp>
			</report>
			<report>
				<misses>12116001</misses>
				<total>13</total>
				<timestamp>4357.398432</timestamp>
			</report>
			<report>
				<misses>12117001</misses>
				<total>13</total>
				<timestamp>4357.758097</timestamp>
			</report>
			<report>
				<misses>12118001</misses>
				<total>13</total>
				<timestamp>4358.117735</timestamp>
			</report>
			<report>
				<misses>12119001</misses>
				<total>13</total>
				<timestamp>4358.477350</timestamp>
			</report>
			<report>
				<misses>12120001</misses>
				<total>13</total>
				<timestamp>4358.837040</timestamp>
			</report>
			<report>
				<misses>12121001</misses>
				<total>13</total>
				<timestamp>4359.196630</timestamp>
			</report>
			<report>
				<misses>12122001</misses>
				<total>13</total>
				<timestamp>4359.556254</timestamp>
			</report>
			<report>
				<misses>12123001</misses>
				<total>13</total>
				<timestamp>4359.915931</timestamp>
			</report>
			<report>
				<misses>12124001</misses>
				<total>13</total>
				<timestamp>4360.275548</timestamp>
			</report>
			<report>
				<misses>12125001</misses>
				<total>13</total>
				<timestamp>4360.635241</timestamp>
			</report>
			<report>
				<misses>12126001</misses>
				<total>13</total>
				<timestamp>4360.994862</timestamp>
			</report>
			<report>
				<misses>12127001</misses>
				<total>13</total>
				<timestamp>4361.354466</timestamp>
			</report>
			<report>
				<misses>12128001</misses>
				<total>13</total>
				<timestamp>4361.714117</timestamp>
			</report>
			<report>
				<misses>12129001</misses>
				<total>13</total>
				<timestamp>4362.073770</timestamp>
			</report>
			<report>
				<misses>12130001</misses>
				<total>13</total>
				<timestamp>4362.433402</timestamp>
			</report>
			<report>
				<misses>12131001</misses>
				<total>13</total>
				<timestamp>4362.793043</timestamp>
			</report>
			<report>
				<misses>12132001</misses>
				<total>13</total>
				<timestamp>4363.152717</timestamp>
			</report>
			<report>
				<misses>12133001</misses>
				<total>13</total>
				<timestamp>4363.512319</timestamp>
			</report>
			<report>
				<misses>12134001</misses>
				<total>13</total>
				<timestamp>4363.871953</timestamp>
			</report>
			<report>
				<misses>12135001</misses>
				<total>13</total>
				<timestamp>4364.231587</timestamp>
			</report>
			<report>
				<misses>12136001</misses>
				<total>13</total>
				<timestamp>4364.591210</timestamp>
			</report>
			<report>
				<misses>12137001</misses>
				<total>13</total>
				<timestamp>4364.950896</timestamp>
			</report>
			<report>
				<misses>12138001</misses>
				<total>13</total>
				<timestamp>4365.310503</timestamp>
			</report>
			<report>
				<misses>12139001</misses>
				<total>13</total>
				<timestamp>4365.670182</timestamp>
			</report>
			<report>
				<misses>12140001</misses>
				<total>13</total>
				<timestamp>4366.029803</timestamp>
			</report>
			<report>
				<misses>12141001</misses>
				<total>13</total>
				<timestamp>4366.389508</timestamp>
			</report>
			<report>
				<misses>12142001</misses>
				<total>13</total>
				<timestamp>4366.749079</timestamp>
			</report>
			<report>
				<misses>12143001</misses>
				<total>13</total>
				<timestamp>4367.108770</timestamp>
			</report>
			<report>
				<misses>12144001</misses>
				<total>13</total>
				<timestamp>4367.468370</timestamp>
			</report>
			<report>
				<misses>12145001</misses>
				<total>13</total>
				<timestamp>4367.828039</timestamp>
			</report>
			<report>
				<misses>12146001</misses>
				<total>13</total>
				<timestamp>4368.187631</timestamp>
			</report>
			<report>
				<misses>12147001</misses>
				<total>13</total>
				<timestamp>4368.547262</timestamp>
			</report>
			<report>
				<misses>12148001</misses>
				<total>13</total>
				<timestamp>4368.906973</timestamp>
			</report>
			<report>
				<misses>12149001</misses>
				<total>13</total>
				<timestamp>4369.266538</timestamp>
			</report>
			<report>
				<misses>12150001</misses>
				<total>13</total>
				<timestamp>4369.626263</timestamp>
			</report>
			<report>
				<misses>12151001</misses>
				<total>13</total>
				<timestamp>4369.985855</timestamp>
			</report>
			<report>
				<misses>12152001</misses>
				<total>13</total>
				<timestamp>4370.345468</timestamp>
			</report>
			<report>
				<misses>12153001</misses>
				<total>13</total>
				<timestamp>4370.705133</timestamp>
			</report>
			<report>
				<misses>12154001</misses>
				<total>13</total>
				<timestamp>4371.064827</timestamp>
			</report>
			<report>
				<misses>12155001</misses>
				<total>13</total>
				<timestamp>4371.424383</timestamp>
			</report>
			<report>
				<misses>12156001</misses>
				<total>13</total>
				<timestamp>4371.784058</timestamp>
			</report>
			<report>
				<misses>12157001</misses>
				<total>13</total>
				<timestamp>4372.143829</timestamp>
			</report>
			<report>
				<misses>12158001</misses>
				<total>13</total>
				<timestamp>4372.503309</timestamp>
			</report>
			<report>
				<misses>12159001</misses>
				<total>13</total>
				<timestamp>4372.862996</timestamp>
			</report>
			<report>
				<misses>12160001</misses>
				<total>13</total>
				<timestamp>4373.222605</timestamp>
			</report>
			<report>
				<misses>12161001</misses>
				<total>13</total>
				<timestamp>4373.582261</timestamp>
			</report>
			<report>
				<misses>12162001</misses>
				<total>13</total>
				<timestamp>4373.941907</timestamp>
			</report>
			<report>
				<misses>12163001</misses>
				<total>13</total>
				<timestamp>4374.301523</timestamp>
			</report>
			<report>
				<misses>12164001</misses>
				<total>13</total>
				<timestamp>4374.661152</timestamp>
			</report>
			<report>
				<misses>12165001</misses>
				<total>13</total>
				<timestamp>4375.020791</timestamp>
			</report>
			<report>
				<misses>12166001</misses>
				<total>13</total>
				<timestamp>4375.380439</timestamp>
			</report>
			<report>
				<misses>12167001</misses>
				<total>13</total>
				<timestamp>4375.740087</timestamp>
			</report>
			<report>
				<misses>12168001</misses>
				<total>13</total>
				<timestamp>4376.099797</timestamp>
			</report>
			<report>
				<misses>12169001</misses>
				<total>13</total>
				<timestamp>4376.459414</timestamp>
			</report>
			<report>
				<misses>12170001</misses>
				<total>13</total>
				<timestamp>4376.819011</timestamp>
			</report>
			<report>
				<misses>12171001</misses>
				<total>13</total>
				<timestamp>4377.178668</timestamp>
			</report>
			<report>
				<misses>12172001</misses>
				<total>13</total>
				<timestamp>4377.538250</timestamp>
			</report>
			<report>
				<misses>12173001</misses>
				<total>13</total>
				<timestamp>4377.897926</timestamp>
			</report>
			<report>
				<misses>12174001</misses>
				<total>13</total>
				<timestamp>4378.257623</timestamp>
			</report>
			<report>
				<misses>12175001</misses>
				<total>13</total>
				<timestamp>4378.617195</timestamp>
			</report>
			<report>
				<misses>12176001</misses>
				<total>13</total>
				<timestamp>4378.976879</timestamp>
			</report>
			<report>
				<misses>12177001</misses>
				<total>13</total>
				<timestamp>4379.336486</timestamp>
			</report>
			<report>
				<misses>12178001</misses>
				<total>13</total>
				<timestamp>4379.696157</timestamp>
			</report>
			<report>
				<misses>12179001</misses>
				<total>13</total>
				<timestamp>4380.055793</timestamp>
			</report>
			<report>
				<misses>12180001</misses>
				<total>13</total>
				<timestamp>4380.415455</timestamp>
			</report>
			<report>
				<misses>12181001</misses>
				<total>13</total>
				<timestamp>4380.775019</timestamp>
			</report>
			<report>
				<misses>12182001</misses>
				<total>13</total>
				<timestamp>4381.134734</timestamp>
			</report>
			<report>
				<misses>12183001</misses>
				<total>13</total>
				<timestamp>4381.494367</timestamp>
			</report>
			<report>
				<misses>12184001</misses>
				<total>13</total>
				<timestamp>4381.853984</timestamp>
			</report>
			<report>
				<misses>12185001</misses>
				<total>13</total>
				<timestamp>4382.213579</timestamp>
			</report>
			<report>
				<misses>12186001</misses>
				<total>13</total>
				<timestamp>4382.573282</timestamp>
			</report>
			<report>
				<misses>12187001</misses>
				<total>13</total>
				<timestamp>4382.932885</timestamp>
			</report>
			<report>
				<misses>12188001</misses>
				<total>13</total>
				<timestamp>4383.292555</timestamp>
			</report>
			<report>
				<misses>12189001</misses>
				<total>13</total>
				<timestamp>4383.652147</timestamp>
			</report>
			<report>
				<misses>12190001</misses>
				<total>13</total>
				<timestamp>4384.011831</timestamp>
			</report>
			<report>
				<misses>12191001</misses>
				<total>13</total>
				<timestamp>4384.371429</timestamp>
			</report>
			<report>
				<misses>12192001</misses>
				<total>13</total>
				<timestamp>4384.731065</timestamp>
			</report>
			<report>
				<misses>12193001</misses>
				<total>13</total>
				<timestamp>4385.090729</timestamp>
			</report>
			<report>
				<misses>12194001</misses>
				<total>13</total>
				<timestamp>4385.450395</timestamp>
			</report>
			<report>
				<misses>12195001</misses>
				<total>13</total>
				<timestamp>4385.810094</timestamp>
			</report>
			<report>
				<misses>12196001</misses>
				<total>13</total>
				<timestamp>4386.169605</timestamp>
			</report>
			<report>
				<misses>12197001</misses>
				<total>13</total>
				<timestamp>4386.529255</timestamp>
			</report>
			<report>
				<misses>12198001</misses>
				<total>13</total>
				<timestamp>4386.888939</timestamp>
			</report>
			<report>
				<misses>12199001</misses>
				<total>13</total>
				<timestamp>4387.248577</timestamp>
			</report>
			<report>
				<misses>12200001</misses>
				<total>13</total>
				<timestamp>4387.608162</timestamp>
			</report>
			<report>
				<misses>12201001</misses>
				<total>13</total>
				<timestamp>4387.967807</timestamp>
			</report>
			<report>
				<misses>12202001</misses>
				<total>13</total>
				<timestamp>4388.327498</timestamp>
			</report>
			<report>
				<misses>12203001</misses>
				<total>13</total>
				<timestamp>4388.687122</timestamp>
			</report>
			<report>
				<misses>12204001</misses>
				<total>13</total>
				<timestamp>4389.046752</timestamp>
			</report>
			<report>
				<misses>12205001</misses>
				<total>13</total>
				<timestamp>4389.406407</timestamp>
			</report>
			<report>
				<misses>12206001</misses>
				<total>13</total>
				<timestamp>4389.766083</timestamp>
			</report>
			<report>
				<misses>12207001</misses>
				<total>13</total>
				<timestamp>4390.125658</timestamp>
			</report>
			<report>
				<misses>12208001</misses>
				<total>13</total>
				<timestamp>4390.485380</timestamp>
			</report>
			<report>
				<misses>12209001</misses>
				<total>13</total>
				<timestamp>4390.845031</timestamp>
			</report>
			<report>
				<misses>12210001</misses>
				<total>13</total>
				<timestamp>4391.204579</timestamp>
			</report>
			<report>
				<misses>12211001</misses>
				<total>13</total>
				<timestamp>4391.564221</timestamp>
			</report>
			<report>
				<misses>12212001</misses>
				<total>13</total>
				<timestamp>4391.923899</timestamp>
			</report>
			<report>
				<misses>12213001</misses>
				<total>13</total>
				<timestamp>4392.283573</timestamp>
			</report>
			<report>
				<misses>12214001</misses>
				<total>13</total>
				<timestamp>4392.643171</timestamp>
			</report>
			<report>
				<misses>12215001</misses>
				<total>13</total>
				<timestamp>4393.002845</timestamp>
			</report>
			<report>
				<misses>12216001</misses>
				<total>13</total>
				<timestamp>4393.362529</timestamp>
			</report>
			<report>
				<misses>12217001</misses>
				<total>13</total>
				<timestamp>4393.722124</timestamp>
			</report>
			<report>
				<misses>12218001</misses>
				<total>13</total>
				<timestamp>4394.081776</timestamp>
			</report>
			<report>
				<misses>12219001</misses>
				<total>13</total>
				<timestamp>4394.441388</timestamp>
			</report>
			<report>
				<misses>12220001</misses>
				<total>13</total>
				<timestamp>4394.801006</timestamp>
			</report>
			<report>
				<misses>12221001</misses>
				<total>13</total>
				<timestamp>4395.160621</timestamp>
			</report>
			<report>
				<misses>12222001</misses>
				<total>13</total>
				<timestamp>4395.520264</timestamp>
			</report>
			<report>
				<misses>12223001</misses>
				<total>13</total>
				<timestamp>4395.879937</timestamp>
			</report>
			<report>
				<misses>12224001</misses>
				<total>13</total>
				<timestamp>4396.239555</timestamp>
			</report>
			<report>
				<misses>12225001</misses>
				<total>13</total>
				<timestamp>4396.599208</timestamp>
			</report>
			<report>
				<misses>12226001</misses>
				<total>13</total>
				<timestamp>4396.958891</timestamp>
			</report>
			<report>
				<misses>12227001</misses>
				<total>13</total>
				<timestamp>4397.318467</timestamp>
			</report>
			<report>
				<misses>12228001</misses>
				<total>13</total>
				<timestamp>4397.678197</timestamp>
			</report>
			<report>
				<misses>12229001</misses>
				<total>13</total>
				<timestamp>4398.037754</timestamp>
			</report>
			<report>
				<misses>12230001</misses>
				<total>13</total>
				<timestamp>4398.397433</timestamp>
			</report>
			<report>
				<misses>12231001</misses>
				<total>13</total>
				<timestamp>4398.757050</timestamp>
			</report>
			<report>
				<misses>12232001</misses>
				<total>13</total>
				<timestamp>4399.116693</timestamp>
			</report>
			<report>
				<misses>12233001</misses>
				<total>13</total>
				<timestamp>4399.476312</timestamp>
			</report>
			<report>
				<misses>12234001</misses>
				<total>13</total>
				<timestamp>4399.836050</timestamp>
			</report>
			<report>
				<misses>12235001</misses>
				<total>13</total>
				<timestamp>4400.195679</timestamp>
			</report>
			<report>
				<misses>12236001</misses>
				<total>13</total>
				<timestamp>4400.555204</timestamp>
			</report>
			<report>
				<misses>12237001</misses>
				<total>13</total>
				<timestamp>4400.914895</timestamp>
			</report>
			<report>
				<misses>12238001</misses>
				<total>13</total>
				<timestamp>4401.274501</timestamp>
			</report>
			<report>
				<misses>12239001</misses>
				<total>13</total>
				<timestamp>4401.634240</timestamp>
			</report>
			<report>
				<misses>12240001</misses>
				<total>13</total>
				<timestamp>4401.993829</timestamp>
			</report>
			<report>
				<misses>12241001</misses>
				<total>13</total>
				<timestamp>4402.353449</timestamp>
			</report>
			<report>
				<misses>12242001</misses>
				<total>13</total>
				<timestamp>4402.713064</timestamp>
			</report>
			<report>
				<misses>12243001</misses>
				<total>13</total>
				<timestamp>4403.072744</timestamp>
			</report>
			<report>
				<misses>12244001</misses>
				<total>13</total>
				<timestamp>4403.432364</timestamp>
			</report>
			<report>
				<misses>12245001</misses>
				<total>13</total>
				<timestamp>4403.792087</timestamp>
			</report>
			<report>
				<misses>12246001</misses>
				<total>13</total>
				<timestamp>4404.151652</timestamp>
			</report>
			<report>
				<misses>12247001</misses>
				<total>13</total>
				<timestamp>4404.511346</timestamp>
			</report>
			<report>
				<misses>12248001</misses>
				<total>13</total>
				<timestamp>4404.870927</timestamp>
			</report>
			<report>
				<misses>12249001</misses>
				<total>13</total>
				<timestamp>4405.230624</timestamp>
			</report>
			<report>
				<misses>12250001</misses>
				<total>13</total>
				<timestamp>4405.590208</timestamp>
			</report>
			<report>
				<misses>12251001</misses>
				<total>13</total>
				<timestamp>4405.949852</timestamp>
			</report>
			<report>
				<misses>12252001</misses>
				<total>13</total>
				<timestamp>4406.309466</timestamp>
			</report>
			<report>
				<misses>12253001</misses>
				<total>13</total>
				<timestamp>4406.669091</timestamp>
			</report>
			<report>
				<misses>12254001</misses>
				<total>13</total>
				<timestamp>4407.028771</timestamp>
			</report>
			<report>
				<misses>12255001</misses>
				<total>13</total>
				<timestamp>4407.388408</timestamp>
			</report>
			<report>
				<misses>12256001</misses>
				<total>13</total>
				<timestamp>4407.748042</timestamp>
			</report>
			<report>
				<misses>12257001</misses>
				<total>13</total>
				<timestamp>4408.107691</timestamp>
			</report>
			<report>
				<misses>12258001</misses>
				<total>13</total>
				<timestamp>4408.467319</timestamp>
			</report>
			<report>
				<misses>12259001</misses>
				<total>13</total>
				<timestamp>4408.826933</timestamp>
			</report>
			<report>
				<misses>12260001</misses>
				<total>13</total>
				<timestamp>4409.186692</timestamp>
			</report>
			<report>
				<misses>12261001</misses>
				<total>13</total>
				<timestamp>4409.546260</timestamp>
			</report>
			<report>
				<misses>12262001</misses>
				<total>13</total>
				<timestamp>4409.905869</timestamp>
			</report>
			<report>
				<misses>12263001</misses>
				<total>13</total>
				<timestamp>4410.265538</timestamp>
			</report>
			<report>
				<misses>12264001</misses>
				<total>13</total>
				<timestamp>4410.625218</timestamp>
			</report>
			<report>
				<misses>12265001</misses>
				<total>13</total>
				<timestamp>4410.984823</timestamp>
			</report>
			<report>
				<misses>12266001</misses>
				<total>13</total>
				<timestamp>4411.344439</timestamp>
			</report>
			<report>
				<misses>12267001</misses>
				<total>13</total>
				<timestamp>4411.704102</timestamp>
			</report>
			<report>
				<misses>12268001</misses>
				<total>13</total>
				<timestamp>4412.063731</timestamp>
			</report>
			<report>
				<misses>12269001</misses>
				<total>13</total>
				<timestamp>4412.423387</timestamp>
			</report>
			<report>
				<misses>12270001</misses>
				<total>13</total>
				<timestamp>4412.783039</timestamp>
			</report>
			<report>
				<misses>12271001</misses>
				<total>13</total>
				<timestamp>4413.142618</timestamp>
			</report>
			<report>
				<misses>12272001</misses>
				<total>13</total>
				<timestamp>4413.502246</timestamp>
			</report>
			<report>
				<misses>12273001</misses>
				<total>13</total>
				<timestamp>4413.861917</timestamp>
			</report>
			<report>
				<misses>12274001</misses>
				<total>13</total>
				<timestamp>4414.221542</timestamp>
			</report>
			<report>
				<misses>12275001</misses>
				<total>13</total>
				<timestamp>4414.581227</timestamp>
			</report>
			<report>
				<misses>12276001</misses>
				<total>13</total>
				<timestamp>4414.940818</timestamp>
			</report>
			<report>
				<misses>12277001</misses>
				<total>13</total>
				<timestamp>4415.300559</timestamp>
			</report>
			<report>
				<misses>12278001</misses>
				<total>13</total>
				<timestamp>4415.660129</timestamp>
			</report>
			<report>
				<misses>12279001</misses>
				<total>13</total>
				<timestamp>4416.019790</timestamp>
			</report>
			<report>
				<misses>12280001</misses>
				<total>13</total>
				<timestamp>4416.379407</timestamp>
			</report>
			<report>
				<misses>12281001</misses>
				<total>13</total>
				<timestamp>4416.739056</timestamp>
			</report>
			<report>
				<misses>12282001</misses>
				<total>13</total>
				<timestamp>4417.098677</timestamp>
			</report>
			<report>
				<misses>12283001</misses>
				<total>13</total>
				<timestamp>4417.458351</timestamp>
			</report>
			<report>
				<misses>12284001</misses>
				<total>13</total>
				<timestamp>4417.818039</timestamp>
			</report>
			<report>
				<misses>12285001</misses>
				<total>13</total>
				<timestamp>4418.177572</timestamp>
			</report>
			<report>
				<misses>12286001</misses>
				<total>13</total>
				<timestamp>4418.537244</timestamp>
			</report>
			<report>
				<misses>12287001</misses>
				<total>13</total>
				<timestamp>4418.896851</timestamp>
			</report>
			<report>
				<misses>12288001</misses>
				<total>13</total>
				<timestamp>4419.256478</timestamp>
			</report>
			<report>
				<misses>12289001</misses>
				<total>13</total>
				<timestamp>4419.616162</timestamp>
			</report>
			<report>
				<misses>12290001</misses>
				<total>13</total>
				<timestamp>4419.975788</timestamp>
			</report>
			<report>
				<misses>12291001</misses>
				<total>13</total>
				<timestamp>4420.335447</timestamp>
			</report>
			<report>
				<misses>12292001</misses>
				<total>13</total>
				<timestamp>4420.695101</timestamp>
			</report>
			<report>
				<misses>12293001</misses>
				<total>13</total>
				<timestamp>4421.054739</timestamp>
			</report>
			<report>
				<misses>12294001</misses>
				<total>13</total>
				<timestamp>4421.414360</timestamp>
			</report>
			<report>
				<misses>12295001</misses>
				<total>13</total>
				<timestamp>4421.774062</timestamp>
			</report>
			<report>
				<misses>12296001</misses>
				<total>13</total>
				<timestamp>4422.133653</timestamp>
			</report>
			<report>
				<misses>12297001</misses>
				<total>13</total>
				<timestamp>4422.493318</timestamp>
			</report>
			<report>
				<misses>12298001</misses>
				<total>13</total>
				<timestamp>4422.852918</timestamp>
			</report>
			<report>
				<misses>12299001</misses>
				<total>13</total>
				<timestamp>4423.212534</timestamp>
			</report>
			<report>
				<misses>12300001</misses>
				<total>13</total>
				<timestamp>4423.572254</timestamp>
			</report>
			<report>
				<misses>12301001</misses>
				<total>13</total>
				<timestamp>4423.931847</timestamp>
			</report>
			<report>
				<misses>12302001</misses>
				<total>13</total>
				<timestamp>4424.291491</timestamp>
			</report>
			<report>
				<misses>12303001</misses>
				<total>13</total>
				<timestamp>4424.651134</timestamp>
			</report>
			<report>
				<misses>12304001</misses>
				<total>13</total>
				<timestamp>4425.010749</timestamp>
			</report>
			<report>
				<misses>12305001</misses>
				<total>13</total>
				<timestamp>4425.370450</timestamp>
			</report>
			<report>
				<misses>12306001</misses>
				<total>13</total>
				<timestamp>4425.730027</timestamp>
			</report>
			<report>
				<misses>12307001</misses>
				<total>13</total>
				<timestamp>4426.089680</timestamp>
			</report>
			<report>
				<misses>12308001</misses>
				<total>13</total>
				<timestamp>4426.449360</timestamp>
			</report>
			<report>
				<misses>12309001</misses>
				<total>13</total>
				<timestamp>4426.808949</timestamp>
			</report>
			<report>
				<misses>12310001</misses>
				<total>13</total>
				<timestamp>4427.168585</timestamp>
			</report>
			<report>
				<misses>12311001</misses>
				<total>13</total>
				<timestamp>4427.528240</timestamp>
			</report>
			<report>
				<misses>12312001</misses>
				<total>13</total>
				<timestamp>4427.887918</timestamp>
			</report>
			<report>
				<misses>12313001</misses>
				<total>13</total>
				<timestamp>4428.247518</timestamp>
			</report>
			<report>
				<misses>12314001</misses>
				<total>13</total>
				<timestamp>4428.607140</timestamp>
			</report>
			<report>
				<misses>12315001</misses>
				<total>13</total>
				<timestamp>4428.966838</timestamp>
			</report>
			<report>
				<misses>12316001</misses>
				<total>13</total>
				<timestamp>4429.326429</timestamp>
			</report>
			<report>
				<misses>12317001</misses>
				<total>13</total>
				<timestamp>4429.686082</timestamp>
			</report>
			<report>
				<misses>12318001</misses>
				<total>13</total>
				<timestamp>4430.045692</timestamp>
			</report>
			<report>
				<misses>12319001</misses>
				<total>13</total>
				<timestamp>4430.405351</timestamp>
			</report>
			<report>
				<misses>12320001</misses>
				<total>13</total>
				<timestamp>4430.765026</timestamp>
			</report>
			<report>
				<misses>12321001</misses>
				<total>13</total>
				<timestamp>4431.124613</timestamp>
			</report>
			<report>
				<misses>12322001</misses>
				<total>13</total>
				<timestamp>4431.484340</timestamp>
			</report>
			<report>
				<misses>12323001</misses>
				<total>13</total>
				<timestamp>4431.843900</timestamp>
			</report>
			<report>
				<misses>12324001</misses>
				<total>13</total>
				<timestamp>4432.203537</timestamp>
			</report>
			<report>
				<misses>12325001</misses>
				<total>13</total>
				<timestamp>4432.563182</timestamp>
			</report>
			<report>
				<misses>12326001</misses>
				<total>13</total>
				<timestamp>4432.922859</timestamp>
			</report>
			<report>
				<misses>12327001</misses>
				<total>13</total>
				<timestamp>4433.282488</timestamp>
			</report>
			<report>
				<misses>12328001</misses>
				<total>13</total>
				<timestamp>4433.642134</timestamp>
			</report>
			<report>
				<misses>12329001</misses>
				<total>13</total>
				<timestamp>4434.001744</timestamp>
			</report>
			<report>
				<misses>12330001</misses>
				<total>13</total>
				<timestamp>4434.361391</timestamp>
			</report>
			<report>
				<misses>12331001</misses>
				<total>13</total>
				<timestamp>4434.721036</timestamp>
			</report>
			<report>
				<misses>12332001</misses>
				<total>13</total>
				<timestamp>4435.080665</timestamp>
			</report>
			<report>
				<misses>12333001</misses>
				<total>13</total>
				<timestamp>4435.440295</timestamp>
			</report>
			<report>
				<misses>12334001</misses>
				<total>13</total>
				<timestamp>4435.799956</timestamp>
			</report>
			<report>
				<misses>12335001</misses>
				<total>13</total>
				<timestamp>4436.159598</timestamp>
			</report>
			<report>
				<misses>12336001</misses>
				<total>13</total>
				<timestamp>4436.519233</timestamp>
			</report>
			<report>
				<misses>12337001</misses>
				<total>13</total>
				<timestamp>4436.878886</timestamp>
			</report>
			<report>
				<misses>12338001</misses>
				<total>13</total>
				<timestamp>4437.238516</timestamp>
			</report>
			<report>
				<misses>12339001</misses>
				<total>13</total>
				<timestamp>4437.598155</timestamp>
			</report>
			<report>
				<misses>12340001</misses>
				<total>13</total>
				<timestamp>4437.957779</timestamp>
			</report>
			<report>
				<misses>12341001</misses>
				<total>13</total>
				<timestamp>4438.317475</timestamp>
			</report>
			<report>
				<misses>12342001</misses>
				<total>13</total>
				<timestamp>4438.677070</timestamp>
			</report>
			<report>
				<misses>12343001</misses>
				<total>13</total>
				<timestamp>4439.036705</timestamp>
			</report>
			<report>
				<misses>12344001</misses>
				<total>13</total>
				<timestamp>4439.396357</timestamp>
			</report>
			<report>
				<misses>12345001</misses>
				<total>13</total>
				<timestamp>4439.755987</timestamp>
			</report>
			<report>
				<misses>12346001</misses>
				<total>13</total>
				<timestamp>4440.115608</timestamp>
			</report>
			<report>
				<misses>12347001</misses>
				<total>13</total>
				<timestamp>4440.475264</timestamp>
			</report>
			<report>
				<misses>12348001</misses>
				<total>13</total>
				<timestamp>4440.834904</timestamp>
			</report>
			<report>
				<misses>12349001</misses>
				<total>13</total>
				<timestamp>4441.194583</timestamp>
			</report>
			<report>
				<misses>12350001</misses>
				<total>13</total>
				<timestamp>4441.554183</timestamp>
			</report>
			<report>
				<misses>12351001</misses>
				<total>14</total>
				<timestamp>4441.913842</timestamp>
			</report>
			<report>
				<misses>12352001</misses>
				<total>14</total>
				<timestamp>4442.273461</timestamp>
			</report>
			<report>
				<misses>12353001</misses>
				<total>14</total>
				<timestamp>4442.633095</timestamp>
			</report>
			<report>
				<misses>12354001</misses>
				<total>14</total>
				<timestamp>4442.992734</timestamp>
			</report>
			<report>
				<misses>12355001</misses>
				<total>14</total>
				<timestamp>4443.352375</timestamp>
			</report>
			<report>
				<misses>12356001</misses>
				<total>14</total>
				<timestamp>4443.712030</timestamp>
			</report>
			<report>
				<misses>12357001</misses>
				<total>14</total>
				<timestamp>4444.071693</timestamp>
			</report>
			<report>
				<misses>12358001</misses>
				<total>14</total>
				<timestamp>4444.431381</timestamp>
			</report>
			<report>
				<misses>12359001</misses>
				<total>14</total>
				<timestamp>4444.790982</timestamp>
			</report>
			<report>
				<misses>12360001</misses>
				<total>14</total>
				<timestamp>4445.150584</timestamp>
			</report>
			<report>
				<misses>12361001</misses>
				<total>14</total>
				<timestamp>4445.510251</timestamp>
			</report>
			<report>
				<misses>12362001</misses>
				<total>14</total>
				<timestamp>4445.869853</timestamp>
			</report>
			<report>
				<misses>12363001</misses>
				<total>14</total>
				<timestamp>4446.229564</timestamp>
			</report>
			<report>
				<misses>12364001</misses>
				<total>14</total>
				<timestamp>4446.589205</timestamp>
			</report>
			<report>
				<misses>12365001</misses>
				<total>14</total>
				<timestamp>4446.948784</timestamp>
			</report>
			<report>
				<misses>12366001</misses>
				<total>14</total>
				<timestamp>4447.308427</timestamp>
			</report>
			<report>
				<misses>12367001</misses>
				<total>14</total>
				<timestamp>4447.668132</timestamp>
			</report>
			<report>
				<misses>12368001</misses>
				<total>14</total>
				<timestamp>4448.027742</timestamp>
			</report>
			<report>
				<misses>12369001</misses>
				<total>14</total>
				<timestamp>4448.387335</timestamp>
			</report>
			<report>
				<misses>12370001</misses>
				<total>14</total>
				<timestamp>4448.747109</timestamp>
			</report>
			<report>
				<misses>12371001</misses>
				<total>14</total>
				<timestamp>4449.106766</timestamp>
			</report>
			<report>
				<misses>12372001</misses>
				<total>14</total>
				<timestamp>4449.466305</timestamp>
			</report>
			<report>
				<misses>12373001</misses>
				<total>14</total>
				<timestamp>4449.825895</timestamp>
			</report>
			<report>
				<misses>12374001</misses>
				<total>14</total>
				<timestamp>4450.185617</timestamp>
			</report>
			<report>
				<misses>12375001</misses>
				<total>14</total>
				<timestamp>4450.545197</timestamp>
			</report>
			<report>
				<misses>12376001</misses>
				<total>14</total>
				<timestamp>4450.904853</timestamp>
			</report>
			<report>
				<misses>12377001</misses>
				<total>14</total>
				<timestamp>4451.264513</timestamp>
			</report>
			<report>
				<misses>12378001</misses>
				<total>14</total>
				<timestamp>4451.624142</timestamp>
			</report>
			<report>
				<misses>12379001</misses>
				<total>14</total>
				<timestamp>4451.983736</timestamp>
			</report>
			<report>
				<misses>12380001</misses>
				<total>14</total>
				<timestamp>4452.343379</timestamp>
			</report>
			<report>
				<misses>12381001</misses>
				<total>14</total>
				<timestamp>4452.703144</timestamp>
			</report>
			<report>
				<misses>12382001</misses>
				<total>14</total>
				<timestamp>4453.062642</timestamp>
			</report>
			<report>
				<misses>12383001</misses>
				<total>14</total>
				<timestamp>4453.422307</timestamp>
			</report>
			<report>
				<misses>12384001</misses>
				<total>14</total>
				<timestamp>4453.781930</timestamp>
			</report>
			<report>
				<misses>12385001</misses>
				<total>14</total>
				<timestamp>4454.141623</timestamp>
			</report>
			<report>
				<misses>12386001</misses>
				<total>14</total>
				<timestamp>4454.501260</timestamp>
			</report>
			<report>
				<misses>12387001</misses>
				<total>14</total>
				<timestamp>4454.860848</timestamp>
			</report>
			<report>
				<misses>12388001</misses>
				<total>14</total>
				<timestamp>4455.220605</timestamp>
			</report>
			<report>
				<misses>12389001</misses>
				<total>14</total>
				<timestamp>4455.580185</timestamp>
			</report>
			<report>
				<misses>12390001</misses>
				<total>14</total>
				<timestamp>4455.939831</timestamp>
			</report>
			<report>
				<misses>12391001</misses>
				<total>14</total>
				<timestamp>4456.299460</timestamp>
			</report>
			<report>
				<misses>12392001</misses>
				<total>14</total>
				<timestamp>4456.659204</timestamp>
			</report>
			<report>
				<misses>12393001</misses>
				<total>14</total>
				<timestamp>4457.018702</timestamp>
			</report>
			<report>
				<misses>12394001</misses>
				<total>14</total>
				<timestamp>4457.378356</timestamp>
			</report>
			<report>
				<misses>12395001</misses>
				<total>14</total>
				<timestamp>4457.737997</timestamp>
			</report>
			<report>
				<misses>12396001</misses>
				<total>14</total>
				<timestamp>4458.097674</timestamp>
			</report>
			<report>
				<misses>12397001</misses>
				<total>14</total>
				<timestamp>4458.457279</timestamp>
			</report>
			<report>
				<misses>12398001</misses>
				<total>14</total>
				<timestamp>4458.816941</timestamp>
			</report>
			<report>
				<misses>12399001</misses>
				<total>14</total>
				<timestamp>4459.176577</timestamp>
			</report>
			<report>
				<misses>12400001</misses>
				<total>14</total>
				<timestamp>4459.536228</timestamp>
			</report>
			<report>
				<misses>12401001</misses>
				<total>14</total>
				<timestamp>4459.895914</timestamp>
			</report>
			<report>
				<misses>12402001</misses>
				<total>14</total>
				<timestamp>4460.255445</timestamp>
			</report>
			<report>
				<misses>12403001</misses>
				<total>14</total>
				<timestamp>4460.615188</timestamp>
			</report>
			<report>
				<misses>12404001</misses>
				<total>14</total>
				<timestamp>4460.974741</timestamp>
			</report>
			<report>
				<misses>12405001</misses>
				<total>14</total>
				<timestamp>4461.334371</timestamp>
			</report>
			<report>
				<misses>12406001</misses>
				<total>14</total>
				<timestamp>4461.694054</timestamp>
			</report>
			<report>
				<misses>12407001</misses>
				<total>14</total>
				<timestamp>4462.053688</timestamp>
			</report>
			<report>
				<misses>12408001</misses>
				<total>14</total>
				<timestamp>4462.413353</timestamp>
			</report>
			<report>
				<misses>12409001</misses>
				<total>14</total>
				<timestamp>4462.772966</timestamp>
			</report>
			<report>
				<misses>12410001</misses>
				<total>14</total>
				<timestamp>4463.132602</timestamp>
			</report>
			<report>
				<misses>12411001</misses>
				<total>14</total>
				<timestamp>4463.492242</timestamp>
			</report>
			<report>
				<misses>12412001</misses>
				<total>14</total>
				<timestamp>4463.851895</timestamp>
			</report>
			<report>
				<misses>12413001</misses>
				<total>14</total>
				<timestamp>4464.211590</timestamp>
			</report>
			<report>
				<misses>12414001</misses>
				<total>14</total>
				<timestamp>4464.571184</timestamp>
			</report>
			<report>
				<misses>12415001</misses>
				<total>14</total>
				<timestamp>4464.930802</timestamp>
			</report>
			<report>
				<misses>12416001</misses>
				<total>14</total>
				<timestamp>4465.290420</timestamp>
			</report>
			<report>
				<misses>12417001</misses>
				<total>14</total>
				<timestamp>4465.650061</timestamp>
			</report>
			<report>
				<misses>12418001</misses>
				<total>14</total>
				<timestamp>4466.009700</timestamp>
			</report>
			<report>
				<misses>12419001</misses>
				<total>14</total>
				<timestamp>4466.369406</timestamp>
			</report>
			<report>
				<misses>12420001</misses>
				<total>14</total>
				<timestamp>4466.729044</timestamp>
			</report>
			<report>
				<misses>12421001</misses>
				<total>14</total>
				<timestamp>4467.088606</timestamp>
			</report>
			<report>
				<misses>12422001</misses>
				<total>14</total>
				<timestamp>4467.448259</timestamp>
			</report>
			<report>
				<misses>12423001</misses>
				<total>14</total>
				<timestamp>4467.807955</timestamp>
			</report>
			<report>
				<misses>12424001</misses>
				<total>14</total>
				<timestamp>4468.167586</timestamp>
			</report>
			<report>
				<misses>12425001</misses>
				<total>14</total>
				<timestamp>4468.527184</timestamp>
			</report>
			<report>
				<misses>12426001</misses>
				<total>14</total>
				<timestamp>4468.886829</timestamp>
			</report>
			<report>
				<misses>12427001</misses>
				<total>14</total>
				<timestamp>4469.246477</timestamp>
			</report>
			<report>
				<misses>12428001</misses>
				<total>14</total>
				<timestamp>4469.606144</timestamp>
			</report>
			<report>
				<misses>12429001</misses>
				<total>14</total>
				<timestamp>4469.965748</timestamp>
			</report>
			<report>
				<misses>12430001</misses>
				<total>14</total>
				<timestamp>4470.325408</timestamp>
			</report>
			<report>
				<misses>12431001</misses>
				<total>14</total>
				<timestamp>4470.685028</timestamp>
			</report>
			<report>
				<misses>12432001</misses>
				<total>14</total>
				<timestamp>4471.044655</timestamp>
			</report>
			<report>
				<misses>12433001</misses>
				<total>14</total>
				<timestamp>4471.404347</timestamp>
			</report>
			<report>
				<misses>12434001</misses>
				<total>14</total>
				<timestamp>4471.763972</timestamp>
			</report>
			<report>
				<misses>12435001</misses>
				<total>14</total>
				<timestamp>4472.123603</timestamp>
			</report>
			<report>
				<misses>12436001</misses>
				<total>14</total>
				<timestamp>4472.483299</timestamp>
			</report>
			<report>
				<misses>12437001</misses>
				<total>14</total>
				<timestamp>4472.842872</timestamp>
			</report>
			<report>
				<misses>12438001</misses>
				<total>14</total>
				<timestamp>4473.202543</timestamp>
			</report>
			<report>
				<misses>12439001</misses>
				<total>14</total>
				<timestamp>4473.562152</timestamp>
			</report>
			<report>
				<misses>12440001</misses>
				<total>14</total>
				<timestamp>4473.921781</timestamp>
			</report>
			<report>
				<misses>12441001</misses>
				<total>14</total>
				<timestamp>4474.281421</timestamp>
			</report>
			<report>
				<misses>12442001</misses>
				<total>14</total>
				<timestamp>4474.641065</timestamp>
			</report>
			<report>
				<misses>12443001</misses>
				<total>14</total>
				<timestamp>4475.000693</timestamp>
			</report>
			<report>
				<misses>12444001</misses>
				<total>14</total>
				<timestamp>4475.360367</timestamp>
			</report>
			<report>
				<misses>12445001</misses>
				<total>14</total>
				<timestamp>4475.720038</timestamp>
			</report>
			<report>
				<misses>12446001</misses>
				<total>14</total>
				<timestamp>4476.079769</timestamp>
			</report>
			<report>
				<misses>12447001</misses>
				<total>14</total>
				<timestamp>4476.439305</timestamp>
			</report>
			<report>
				<misses>12448001</misses>
				<total>14</total>
				<timestamp>4476.798917</timestamp>
			</report>
			<report>
				<misses>12449001</misses>
				<total>14</total>
				<timestamp>4477.158594</timestamp>
			</report>
			<report>
				<misses>12450001</misses>
				<total>14</total>
				<timestamp>4477.518190</timestamp>
			</report>
			<report>
				<misses>12451001</misses>
				<total>14</total>
				<timestamp>4477.877901</timestamp>
			</report>
			<report>
				<misses>12452001</misses>
				<total>14</total>
				<timestamp>4478.237447</timestamp>
			</report>
			<report>
				<misses>12453001</misses>
				<total>14</total>
				<timestamp>4478.597101</timestamp>
			</report>
			<report>
				<misses>12454001</misses>
				<total>14</total>
				<timestamp>4478.956738</timestamp>
			</report>
			<report>
				<misses>12455001</misses>
				<total>14</total>
				<timestamp>4479.316405</timestamp>
			</report>
			<report>
				<misses>12456001</misses>
				<total>14</total>
				<timestamp>4479.676107</timestamp>
			</report>
			<report>
				<misses>12457001</misses>
				<total>14</total>
				<timestamp>4480.035674</timestamp>
			</report>
			<report>
				<misses>12458001</misses>
				<total>14</total>
				<timestamp>4480.395333</timestamp>
			</report>
			<report>
				<misses>12459001</misses>
				<total>14</total>
				<timestamp>4480.754957</timestamp>
			</report>
			<report>
				<misses>12460001</misses>
				<total>14</total>
				<timestamp>4481.114578</timestamp>
			</report>
			<report>
				<misses>12461001</misses>
				<total>14</total>
				<timestamp>4481.474239</timestamp>
			</report>
			<report>
				<misses>12462001</misses>
				<total>14</total>
				<timestamp>4481.833942</timestamp>
			</report>
			<report>
				<misses>12463001</misses>
				<total>14</total>
				<timestamp>4482.193557</timestamp>
			</report>
			<report>
				<misses>12464001</misses>
				<total>14</total>
				<timestamp>4482.553181</timestamp>
			</report>
			<report>
				<misses>12465001</misses>
				<total>14</total>
				<timestamp>4482.912807</timestamp>
			</report>
			<report>
				<misses>12466001</misses>
				<total>14</total>
				<timestamp>4483.272421</timestamp>
			</report>
			<report>
				<misses>12467001</misses>
				<total>14</total>
				<timestamp>4483.632099</timestamp>
			</report>
			<report>
				<misses>12468001</misses>
				<total>14</total>
				<timestamp>4483.991764</timestamp>
			</report>
			<report>
				<misses>12469001</misses>
				<total>14</total>
				<timestamp>4484.351365</timestamp>
			</report>
			<report>
				<misses>12470001</misses>
				<total>14</total>
				<timestamp>4484.711023</timestamp>
			</report>
			<report>
				<misses>12471001</misses>
				<total>14</total>
				<timestamp>4485.070639</timestamp>
			</report>
			<report>
				<misses>12472001</misses>
				<total>14</total>
				<timestamp>4485.430247</timestamp>
			</report>
			<report>
				<misses>12473001</misses>
				<total>14</total>
				<timestamp>4485.789947</timestamp>
			</report>
			<report>
				<misses>12474001</misses>
				<total>14</total>
				<timestamp>4486.149575</timestamp>
			</report>
			<report>
				<misses>12475001</misses>
				<total>14</total>
				<timestamp>4486.509199</timestamp>
			</report>
			<report>
				<misses>12476001</misses>
				<total>14</total>
				<timestamp>4486.868818</timestamp>
			</report>
			<report>
				<misses>12477001</misses>
				<total>14</total>
				<timestamp>4487.228500</timestamp>
			</report>
			<report>
				<misses>12478001</misses>
				<total>14</total>
				<timestamp>4487.588149</timestamp>
			</report>
			<report>
				<misses>12479001</misses>
				<total>14</total>
				<timestamp>4487.947748</timestamp>
			</report>
			<report>
				<misses>12480001</misses>
				<total>14</total>
				<timestamp>4488.307392</timestamp>
			</report>
			<report>
				<misses>12481001</misses>
				<total>14</total>
				<timestamp>4488.667087</timestamp>
			</report>
			<report>
				<misses>12482001</misses>
				<total>14</total>
				<timestamp>4489.026648</timestamp>
			</report>
			<report>
				<misses>12483001</misses>
				<total>14</total>
				<timestamp>4489.386329</timestamp>
			</report>
			<report>
				<misses>12484001</misses>
				<total>14</total>
				<timestamp>4489.746024</timestamp>
			</report>
			<report>
				<misses>12485001</misses>
				<total>14</total>
				<timestamp>4490.105649</timestamp>
			</report>
			<report>
				<misses>12486001</misses>
				<total>14</total>
				<timestamp>4490.465272</timestamp>
			</report>
			<report>
				<misses>12487001</misses>
				<total>14</total>
				<timestamp>4490.824900</timestamp>
			</report>
			<report>
				<misses>12488001</misses>
				<total>14</total>
				<timestamp>4491.184498</timestamp>
			</report>
			<report>
				<misses>12489001</misses>
				<total>14</total>
				<timestamp>4491.544152</timestamp>
			</report>
			<report>
				<misses>12490001</misses>
				<total>14</total>
				<timestamp>4491.903796</timestamp>
			</report>
			<report>
				<misses>12491001</misses>
				<total>14</total>
				<timestamp>4492.263399</timestamp>
			</report>
			<report>
				<misses>12492001</misses>
				<total>14</total>
				<timestamp>4492.623082</timestamp>
			</report>
			<report>
				<misses>12493001</misses>
				<total>14</total>
				<timestamp>4492.982712</timestamp>
			</report>
			<report>
				<misses>12494001</misses>
				<total>14</total>
				<timestamp>4493.342333</timestamp>
			</report>
			<report>
				<misses>12495001</misses>
				<total>14</total>
				<timestamp>4493.702015</timestamp>
			</report>
			<report>
				<misses>12496001</misses>
				<total>14</total>
				<timestamp>4494.061638</timestamp>
			</report>
			<report>
				<misses>12497001</misses>
				<total>14</total>
				<timestamp>4494.421350</timestamp>
			</report>
			<report>
				<misses>12498001</misses>
				<total>14</total>
				<timestamp>4494.780964</timestamp>
			</report>
			<report>
				<misses>12499001</misses>
				<total>14</total>
				<timestamp>4495.140565</timestamp>
			</report>
			<report>
				<misses>12500001</misses>
				<total>14</total>
				<timestamp>4495.500285</timestamp>
			</report>
			<report>
				<misses>12501001</misses>
				<total>14</total>
				<timestamp>4495.859889</timestamp>
			</report>
			<report>
				<misses>12502001</misses>
				<total>14</total>
				<timestamp>4496.219462</timestamp>
			</report>
			<report>
				<misses>12503001</misses>
				<total>14</total>
				<timestamp>4496.579141</timestamp>
			</report>
			<report>
				<misses>12504001</misses>
				<total>14</total>
				<timestamp>4496.938734</timestamp>
			</report>
			<report>
				<misses>12505001</misses>
				<total>14</total>
				<timestamp>4497.298444</timestamp>
			</report>
			<report>
				<misses>12506001</misses>
				<total>14</total>
				<timestamp>4497.658072</timestamp>
			</report>
			<report>
				<misses>12507001</misses>
				<total>14</total>
				<timestamp>4498.017677</timestamp>
			</report>
			<report>
				<misses>12508001</misses>
				<total>14</total>
				<timestamp>4498.377383</timestamp>
			</report>
			<report>
				<misses>12509001</misses>
				<total>14</total>
				<timestamp>4498.736995</timestamp>
			</report>
			<report>
				<misses>12510001</misses>
				<total>14</total>
				<timestamp>4499.096630</timestamp>
			</report>
			<report>
				<misses>12511001</misses>
				<total>14</total>
				<timestamp>4499.456232</timestamp>
			</report>
			<report>
				<misses>12512001</misses>
				<total>14</total>
				<timestamp>4499.815896</timestamp>
			</report>
			<report>
				<misses>12513001</misses>
				<total>14</total>
				<timestamp>4500.175554</timestamp>
			</report>
			<report>
				<misses>12514001</misses>
				<total>14</total>
				<timestamp>4500.535144</timestamp>
			</report>
			<report>
				<misses>12515001</misses>
				<total>14</total>
				<timestamp>4500.894843</timestamp>
			</report>
			<report>
				<misses>12516001</misses>
				<total>14</total>
				<timestamp>4501.254460</timestamp>
			</report>
			<report>
				<misses>12517001</misses>
				<total>14</total>
				<timestamp>4501.614137</timestamp>
			</report>
			<report>
				<misses>12518001</misses>
				<total>14</total>
				<timestamp>4501.973708</timestamp>
			</report>
			<report>
				<misses>12519001</misses>
				<total>14</total>
				<timestamp>4502.333351</timestamp>
			</report>
			<report>
				<misses>12520001</misses>
				<total>14</total>
				<timestamp>4502.693024</timestamp>
			</report>
			<report>
				<misses>12521001</misses>
				<total>14</total>
				<timestamp>4503.052660</timestamp>
			</report>
			<report>
				<misses>12522001</misses>
				<total>14</total>
				<timestamp>4503.412321</timestamp>
			</report>
			<report>
				<misses>12523001</misses>
				<total>14</total>
				<timestamp>4503.771923</timestamp>
			</report>
			<report>
				<misses>12524001</misses>
				<total>14</total>
				<timestamp>4504.131581</timestamp>
			</report>
			<report>
				<misses>12525001</misses>
				<total>14</total>
				<timestamp>4504.491188</timestamp>
			</report>
			<report>
				<misses>12526001</misses>
				<total>14</total>
				<timestamp>4504.850885</timestamp>
			</report>
			<report>
				<misses>12527001</misses>
				<total>14</total>
				<timestamp>4505.210513</timestamp>
			</report>
			<report>
				<misses>12528001</misses>
				<total>14</total>
				<timestamp>4505.570094</timestamp>
			</report>
			<report>
				<misses>12529001</misses>
				<total>14</total>
				<timestamp>4505.929813</timestamp>
			</report>
			<report>
				<misses>12530001</misses>
				<total>14</total>
				<timestamp>4506.289390</timestamp>
			</report>
			<report>
				<misses>12531001</misses>
				<total>14</total>
				<timestamp>4506.649042</timestamp>
			</report>
			<report>
				<misses>12532001</misses>
				<total>14</total>
				<timestamp>4507.008705</timestamp>
			</report>
			<report>
				<misses>12533001</misses>
				<total>14</total>
				<timestamp>4507.368339</timestamp>
			</report>
			<report>
				<misses>12534001</misses>
				<total>14</total>
				<timestamp>4507.727992</timestamp>
			</report>
			<report>
				<misses>12535001</misses>
				<total>14</total>
				<timestamp>4508.087617</timestamp>
			</report>
			<report>
				<misses>12536001</misses>
				<total>14</total>
				<timestamp>4508.447260</timestamp>
			</report>
			<report>
				<misses>12537001</misses>
				<total>14</total>
				<timestamp>4508.806913</timestamp>
			</report>
			<report>
				<misses>12538001</misses>
				<total>14</total>
				<timestamp>4509.166509</timestamp>
			</report>
			<report>
				<misses>12539001</misses>
				<total>14</total>
				<timestamp>4509.526186</timestamp>
			</report>
			<report>
				<misses>12540001</misses>
				<total>14</total>
				<timestamp>4509.885852</timestamp>
			</report>
			<report>
				<misses>12541001</misses>
				<total>14</total>
				<timestamp>4510.245455</timestamp>
			</report>
			<report>
				<misses>12542001</misses>
				<total>14</total>
				<timestamp>4510.605093</timestamp>
			</report>
			<report>
				<misses>12543001</misses>
				<total>14</total>
				<timestamp>4510.964711</timestamp>
			</report>
			<report>
				<misses>12544001</misses>
				<total>14</total>
				<timestamp>4511.324361</timestamp>
			</report>
			<report>
				<misses>12545001</misses>
				<total>14</total>
				<timestamp>4511.684032</timestamp>
			</report>
			<report>
				<misses>12546001</misses>
				<total>14</total>
				<timestamp>4512.043615</timestamp>
			</report>
			<report>
				<misses>12547001</misses>
				<total>14</total>
				<timestamp>4512.403342</timestamp>
			</report>
			<report>
				<misses>12548001</misses>
				<total>14</total>
				<timestamp>4512.762978</timestamp>
			</report>
			<report>
				<misses>12549001</misses>
				<total>14</total>
				<timestamp>4513.122543</timestamp>
			</report>
			<report>
				<misses>12550001</misses>
				<total>14</total>
				<timestamp>4513.482260</timestamp>
			</report>
			<report>
				<misses>12551001</misses>
				<total>14</total>
				<timestamp>4513.841843</timestamp>
			</report>
			<report>
				<misses>12552001</misses>
				<total>14</total>
				<timestamp>4514.201517</timestamp>
			</report>
			<report>
				<misses>12553001</misses>
				<total>14</total>
				<timestamp>4514.561163</timestamp>
			</report>
			<report>
				<misses>12554001</misses>
				<total>14</total>
				<timestamp>4514.920809</timestamp>
			</report>
			<report>
				<misses>12555001</misses>
				<total>14</total>
				<timestamp>4515.280380</timestamp>
			</report>
			<report>
				<misses>12556001</misses>
				<total>14</total>
				<timestamp>4515.640070</timestamp>
			</report>
			<report>
				<misses>12557001</misses>
				<total>14</total>
				<timestamp>4515.999667</timestamp>
			</report>
			<report>
				<misses>12558001</misses>
				<total>14</total>
				<timestamp>4516.359313</timestamp>
			</report>
			<report>
				<misses>12559001</misses>
				<total>14</total>
				<timestamp>4516.718961</timestamp>
			</report>
			<report>
				<misses>12560001</misses>
				<total>14</total>
				<timestamp>4517.078585</timestamp>
			</report>
			<report>
				<misses>12561001</misses>
				<total>14</total>
				<timestamp>4517.438211</timestamp>
			</report>
			<report>
				<misses>12562001</misses>
				<total>14</total>
				<timestamp>4517.797873</timestamp>
			</report>
			<report>
				<misses>12563001</misses>
				<total>14</total>
				<timestamp>4518.157500</timestamp>
			</report>
			<report>
				<misses>12564001</misses>
				<total>14</total>
				<timestamp>4518.517186</timestamp>
			</report>
			<report>
				<misses>12565001</misses>
				<total>14</total>
				<timestamp>4518.876782</timestamp>
			</report>
			<report>
				<misses>12566001</misses>
				<total>14</total>
				<timestamp>4519.236423</timestamp>
			</report>
			<report>
				<misses>12567001</misses>
				<total>14</total>
				<timestamp>4519.596133</timestamp>
			</report>
			<report>
				<misses>12568001</misses>
				<total>14</total>
				<timestamp>4519.955754</timestamp>
			</report>
			<report>
				<misses>12569001</misses>
				<total>14</total>
				<timestamp>4520.315365</timestamp>
			</report>
			<report>
				<misses>12570001</misses>
				<total>14</total>
				<timestamp>4520.675026</timestamp>
			</report>
			<report>
				<misses>12571001</misses>
				<total>14</total>
				<timestamp>4521.034683</timestamp>
			</report>
			<report>
				<misses>12572001</misses>
				<total>14</total>
				<timestamp>4521.394309</timestamp>
			</report>
			<report>
				<misses>12573001</misses>
				<total>14</total>
				<timestamp>4521.753892</timestamp>
			</report>
			<report>
				<misses>12574001</misses>
				<total>14</total>
				<timestamp>4522.113547</timestamp>
			</report>
			<report>
				<misses>12575001</misses>
				<total>14</total>
				<timestamp>4522.473174</timestamp>
			</report>
			<report>
				<misses>12576001</misses>
				<total>14</total>
				<timestamp>4522.832832</timestamp>
			</report>
			<report>
				<misses>12577001</misses>
				<total>14</total>
				<timestamp>4523.192525</timestamp>
			</report>
			<report>
				<misses>12578001</misses>
				<total>14</total>
				<timestamp>4523.552153</timestamp>
			</report>
			<report>
				<misses>12579001</misses>
				<total>14</total>
				<timestamp>4523.911760</timestamp>
			</report>
			<report>
				<misses>12580001</misses>
				<total>14</total>
				<timestamp>4524.271356</timestamp>
			</report>
			<report>
				<misses>12581001</misses>
				<total>14</total>
				<timestamp>4524.631065</timestamp>
			</report>
			<report>
				<misses>12582001</misses>
				<total>14</total>
				<timestamp>4524.990772</timestamp>
			</report>
			<report>
				<misses>12583001</misses>
				<total>14</total>
				<timestamp>4525.350299</timestamp>
			</report>
			<report>
				<misses>12584001</misses>
				<total>14</total>
				<timestamp>4525.709953</timestamp>
			</report>
			<report>
				<misses>12585001</misses>
				<total>14</total>
				<timestamp>4526.069632</timestamp>
			</report>
			<report>
				<misses>12586001</misses>
				<total>14</total>
				<timestamp>4526.429259</timestamp>
			</report>
			<report>
				<misses>12587001</misses>
				<total>14</total>
				<timestamp>4526.788859</timestamp>
			</report>
			<report>
				<misses>12588001</misses>
				<total>14</total>
				<timestamp>4527.148544</timestamp>
			</report>
			<report>
				<misses>12589001</misses>
				<total>14</total>
				<timestamp>4527.508178</timestamp>
			</report>
			<report>
				<misses>12590001</misses>
				<total>14</total>
				<timestamp>4527.867833</timestamp>
			</report>
			<report>
				<misses>12591001</misses>
				<total>14</total>
				<timestamp>4528.227474</timestamp>
			</report>
			<report>
				<misses>12592001</misses>
				<total>14</total>
				<timestamp>4528.587074</timestamp>
			</report>
			<report>
				<misses>12593001</misses>
				<total>14</total>
				<timestamp>4528.946796</timestamp>
			</report>
			<report>
				<misses>12594001</misses>
				<total>14</total>
				<timestamp>4529.306360</timestamp>
			</report>
			<report>
				<misses>12595001</misses>
				<total>14</total>
				<timestamp>4529.666007</timestamp>
			</report>
			<report>
				<misses>12596001</misses>
				<total>14</total>
				<timestamp>4530.025661</timestamp>
			</report>
			<report>
				<misses>12597001</misses>
				<total>14</total>
				<timestamp>4530.385274</timestamp>
			</report>
			<report>
				<misses>12598001</misses>
				<total>14</total>
				<timestamp>4530.744894</timestamp>
			</report>
			<report>
				<misses>12599001</misses>
				<total>14</total>
				<timestamp>4531.104564</timestamp>
			</report>
			<report>
				<misses>12600001</misses>
				<total>14</total>
				<timestamp>4531.464325</timestamp>
			</report>
			<report>
				<misses>12601001</misses>
				<total>14</total>
				<timestamp>4531.823817</timestamp>
			</report>
			<report>
				<misses>12602001</misses>
				<total>14</total>
				<timestamp>4532.183478</timestamp>
			</report>
			<report>
				<misses>12603001</misses>
				<total>14</total>
				<timestamp>4532.543182</timestamp>
			</report>
			<report>
				<misses>12604001</misses>
				<total>14</total>
				<timestamp>4532.902776</timestamp>
			</report>
			<report>
				<misses>12605001</misses>
				<total>14</total>
				<timestamp>4533.262364</timestamp>
			</report>
			<report>
				<misses>12606001</misses>
				<total>14</total>
				<timestamp>4533.622034</timestamp>
			</report>
			<report>
				<misses>12607001</misses>
				<total>14</total>
				<timestamp>4533.981675</timestamp>
			</report>
			<report>
				<misses>12608001</misses>
				<total>14</total>
				<timestamp>4534.341375</timestamp>
			</report>
			<report>
				<misses>12609001</misses>
				<total>14</total>
				<timestamp>4534.700931</timestamp>
			</report>
			<report>
				<misses>12610001</misses>
				<total>14</total>
				<timestamp>4535.060599</timestamp>
			</report>
			<report>
				<misses>12611001</misses>
				<total>14</total>
				<timestamp>4535.420222</timestamp>
			</report>
			<report>
				<misses>12612001</misses>
				<total>14</total>
				<timestamp>4535.779849</timestamp>
			</report>
			<report>
				<misses>12613001</misses>
				<total>14</total>
				<timestamp>4536.139532</timestamp>
			</report>
			<report>
				<misses>12614001</misses>
				<total>14</total>
				<timestamp>4536.499127</timestamp>
			</report>
			<report>
				<misses>12615001</misses>
				<total>14</total>
				<timestamp>4536.858776</timestamp>
			</report>
			<report>
				<misses>12616001</misses>
				<total>14</total>
				<timestamp>4537.218424</timestamp>
			</report>
			<report>
				<misses>12617001</misses>
				<total>14</total>
				<timestamp>4537.578089</timestamp>
			</report>
			<report>
				<misses>12618001</misses>
				<total>14</total>
				<timestamp>4537.937757</timestamp>
			</report>
			<report>
				<misses>12619001</misses>
				<total>14</total>
				<timestamp>4538.297377</timestamp>
			</report>
			<report>
				<misses>12620001</misses>
				<total>14</total>
				<timestamp>4538.657011</timestamp>
			</report>
			<report>
				<misses>12621001</misses>
				<total>14</total>
				<timestamp>4539.016617</timestamp>
			</report>
			<report>
				<misses>12622001</misses>
				<total>14</total>
				<timestamp>4539.376306</timestamp>
			</report>
			<report>
				<misses>12623001</misses>
				<total>14</total>
				<timestamp>4539.735918</timestamp>
			</report>
			<report>
				<misses>12624001</misses>
				<total>14</total>
				<timestamp>4540.095591</timestamp>
			</report>
			<report>
				<misses>12625001</misses>
				<total>14</total>
				<timestamp>4540.455216</timestamp>
			</report>
			<report>
				<misses>12626001</misses>
				<total>14</total>
				<timestamp>4540.814864</timestamp>
			</report>
			<report>
				<misses>12627001</misses>
				<total>14</total>
				<timestamp>4541.174502</timestamp>
			</report>
			<report>
				<misses>12628001</misses>
				<total>14</total>
				<timestamp>4541.534139</timestamp>
			</report>
			<report>
				<misses>12629001</misses>
				<total>14</total>
				<timestamp>4541.893785</timestamp>
			</report>
			<report>
				<misses>12630001</misses>
				<total>14</total>
				<timestamp>4542.253439</timestamp>
			</report>
			<report>
				<misses>12631001</misses>
				<total>14</total>
				<timestamp>4542.613036</timestamp>
			</report>
			<report>
				<misses>12632001</misses>
				<total>14</total>
				<timestamp>4542.972687</timestamp>
			</report>
			<report>
				<misses>12633001</misses>
				<total>14</total>
				<timestamp>4543.332309</timestamp>
			</report>
			<report>
				<misses>12634001</misses>
				<total>14</total>
				<timestamp>4543.691983</timestamp>
			</report>
			<report>
				<misses>12635001</misses>
				<total>14</total>
				<timestamp>4544.051628</timestamp>
			</report>
			<report>
				<misses>12636001</misses>
				<total>14</total>
				<timestamp>4544.411305</timestamp>
			</report>
			<report>
				<misses>12637001</misses>
				<total>14</total>
				<timestamp>4544.770923</timestamp>
			</report>
			<report>
				<misses>12638001</misses>
				<total>14</total>
				<timestamp>4545.130502</timestamp>
			</report>
			<report>
				<misses>12639001</misses>
				<total>14</total>
				<timestamp>4545.490150</timestamp>
			</report>
			<report>
				<misses>12640001</misses>
				<total>14</total>
				<timestamp>4545.849796</timestamp>
			</report>
			<report>
				<misses>12641001</misses>
				<total>14</total>
				<timestamp>4546.209509</timestamp>
			</report>
			<report>
				<misses>12642001</misses>
				<total>14</total>
				<timestamp>4546.569085</timestamp>
			</report>
			<report>
				<misses>12643001</misses>
				<total>14</total>
				<timestamp>4546.928744</timestamp>
			</report>
			<report>
				<misses>12644001</misses>
				<total>14</total>
				<timestamp>4547.288409</timestamp>
			</report>
			<report>
				<misses>12645001</misses>
				<total>14</total>
				<timestamp>4547.648017</timestamp>
			</report>
			<report>
				<misses>12646001</misses>
				<total>14</total>
				<timestamp>4548.007662</timestamp>
			</report>
			<report>
				<misses>12647001</misses>
				<total>14</total>
				<timestamp>4548.367318</timestamp>
			</report>
			<report>
				<misses>12648001</misses>
				<total>14</total>
				<timestamp>4548.726913</timestamp>
			</report>
			<report>
				<misses>12649001</misses>
				<total>14</total>
				<timestamp>4549.086546</timestamp>
			</report>
			<report>
				<misses>12650001</misses>
				<total>14</total>
				<timestamp>4549.446257</timestamp>
			</report>
			<report>
				<misses>12651001</misses>
				<total>14</total>
				<timestamp>4549.805825</timestamp>
			</report>
			<report>
				<misses>12652001</misses>
				<total>14</total>
				<timestamp>4550.165521</timestamp>
			</report>
			<report>
				<misses>12653001</misses>
				<total>14</total>
				<timestamp>4550.525155</timestamp>
			</report>
			<report>
				<misses>12654001</misses>
				<total>14</total>
				<timestamp>4550.884722</timestamp>
			</report>
			<report>
				<misses>12655001</misses>
				<total>14</total>
				<timestamp>4551.244381</timestamp>
			</report>
			<report>
				<misses>12656001</misses>
				<total>14</total>
				<timestamp>4551.604028</timestamp>
			</report>
			<report>
				<misses>12657001</misses>
				<total>14</total>
				<timestamp>4551.963665</timestamp>
			</report>
			<report>
				<misses>12658001</misses>
				<total>14</total>
				<timestamp>4552.323326</timestamp>
			</report>
			<report>
				<misses>12659001</misses>
				<total>14</total>
				<timestamp>4552.682939</timestamp>
			</report>
			<report>
				<misses>12660001</misses>
				<total>14</total>
				<timestamp>4553.042629</timestamp>
			</report>
			<report>
				<misses>12661001</misses>
				<total>14</total>
				<timestamp>4553.402215</timestamp>
			</report>
			<report>
				<misses>12662001</misses>
				<total>14</total>
				<timestamp>4553.761956</timestamp>
			</report>
			<report>
				<misses>12663001</misses>
				<total>14</total>
				<timestamp>4554.121548</timestamp>
			</report>
			<report>
				<misses>12664001</misses>
				<total>14</total>
				<timestamp>4554.481195</timestamp>
			</report>
			<report>
				<misses>12665001</misses>
				<total>14</total>
				<timestamp>4554.840786</timestamp>
			</report>
			<report>
				<misses>12666001</misses>
				<total>14</total>
				<timestamp>4555.200535</timestamp>
			</report>
			<report>
				<misses>12667001</misses>
				<total>14</total>
				<timestamp>4555.560083</timestamp>
			</report>
			<report>
				<misses>12668001</misses>
				<total>14</total>
				<timestamp>4555.919696</timestamp>
			</report>
			<report>
				<misses>12669001</misses>
				<total>14</total>
				<timestamp>4556.279384</timestamp>
			</report>
			<report>
				<misses>12670001</misses>
				<total>14</total>
				<timestamp>4556.639069</timestamp>
			</report>
			<report>
				<misses>12671001</misses>
				<total>14</total>
				<timestamp>4556.998686</timestamp>
			</report>
			<report>
				<misses>12672001</misses>
				<total>14</total>
				<timestamp>4557.358270</timestamp>
			</report>
			<report>
				<misses>12673001</misses>
				<total>14</total>
				<timestamp>4557.717941</timestamp>
			</report>
			<report>
				<misses>12674001</misses>
				<total>14</total>
				<timestamp>4558.077558</timestamp>
			</report>
			<report>
				<misses>12675001</misses>
				<total>14</total>
				<timestamp>4558.437234</timestamp>
			</report>
			<report>
				<misses>12676001</misses>
				<total>14</total>
				<timestamp>4558.796835</timestamp>
			</report>
			<report>
				<misses>12677001</misses>
				<total>14</total>
				<timestamp>4559.156544</timestamp>
			</report>
			<report>
				<misses>12678001</misses>
				<total>14</total>
				<timestamp>4559.516188</timestamp>
			</report>
			<report>
				<misses>12679001</misses>
				<total>14</total>
				<timestamp>4559.875794</timestamp>
			</report>
			<report>
				<misses>12680001</misses>
				<total>14</total>
				<timestamp>4560.235461</timestamp>
			</report>
			<report>
				<misses>12681001</misses>
				<total>14</total>
				<timestamp>4560.595068</timestamp>
			</report>
			<report>
				<misses>12682001</misses>
				<total>14</total>
				<timestamp>4560.954643</timestamp>
			</report>
			<report>
				<misses>12683001</misses>
				<total>14</total>
				<timestamp>4561.314323</timestamp>
			</report>
			<report>
				<misses>12684001</misses>
				<total>14</total>
				<timestamp>4561.673948</timestamp>
			</report>
			<report>
				<misses>12685001</misses>
				<total>14</total>
				<timestamp>4562.033619</timestamp>
			</report>
			<report>
				<misses>12686001</misses>
				<total>14</total>
				<timestamp>4562.393215</timestamp>
			</report>
			<report>
				<misses>12687001</misses>
				<total>14</total>
				<timestamp>4562.752877</timestamp>
			</report>
			<report>
				<misses>12688001</misses>
				<total>14</total>
				<timestamp>4563.112537</timestamp>
			</report>
			<report>
				<misses>12689001</misses>
				<total>14</total>
				<timestamp>4563.472150</timestamp>
			</report>
			<report>
				<misses>12690001</misses>
				<total>14</total>
				<timestamp>4563.831783</timestamp>
			</report>
			<report>
				<misses>12691001</misses>
				<total>14</total>
				<timestamp>4564.191478</timestamp>
			</report>
			<report>
				<misses>12692001</misses>
				<total>14</total>
				<timestamp>4564.551094</timestamp>
			</report>
			<report>
				<misses>12693001</misses>
				<total>14</total>
				<timestamp>4564.910706</timestamp>
			</report>
			<report>
				<misses>12694001</misses>
				<total>14</total>
				<timestamp>4565.270422</timestamp>
			</report>
			<report>
				<misses>12695001</misses>
				<total>14</total>
				<timestamp>4565.630029</timestamp>
			</report>
			<report>
				<misses>12696001</misses>
				<total>14</total>
				<timestamp>4565.989620</timestamp>
			</report>
			<report>
				<misses>12697001</misses>
				<total>14</total>
				<timestamp>4566.349318</timestamp>
			</report>
			<report>
				<misses>12698001</misses>
				<total>14</total>
				<timestamp>4566.708904</timestamp>
			</report>
			<report>
				<misses>12699001</misses>
				<total>14</total>
				<timestamp>4567.068615</timestamp>
			</report>
			<report>
				<misses>12700001</misses>
				<total>14</total>
				<timestamp>4567.428174</timestamp>
			</report>
			<report>
				<misses>12701001</misses>
				<total>14</total>
				<timestamp>4567.787824</timestamp>
			</report>
			<report>
				<misses>12702001</misses>
				<total>14</total>
				<timestamp>4568.147500</timestamp>
			</report>
			<report>
				<misses>12703001</misses>
				<total>14</total>
				<timestamp>4568.507135</timestamp>
			</report>
			<report>
				<misses>12704001</misses>
				<total>14</total>
				<timestamp>4568.866732</timestamp>
			</report>
			<report>
				<misses>12705001</misses>
				<total>14</total>
				<timestamp>4569.226406</timestamp>
			</report>
			<report>
				<misses>12706001</misses>
				<total>14</total>
				<timestamp>4569.586040</timestamp>
			</report>
			<report>
				<misses>12707001</misses>
				<total>14</total>
				<timestamp>4569.945675</timestamp>
			</report>
			<report>
				<misses>12708001</misses>
				<total>14</total>
				<timestamp>4570.305355</timestamp>
			</report>
			<report>
				<misses>12709001</misses>
				<total>14</total>
				<timestamp>4570.664998</timestamp>
			</report>
			<report>
				<misses>12710001</misses>
				<total>14</total>
				<timestamp>4571.024586</timestamp>
			</report>
			<report>
				<misses>12711001</misses>
				<total>14</total>
				<timestamp>4571.384223</timestamp>
			</report>
			<report>
				<misses>12712001</misses>
				<total>14</total>
				<timestamp>4571.743872</timestamp>
			</report>
			<report>
				<misses>12713001</misses>
				<total>14</total>
				<timestamp>4572.103546</timestamp>
			</report>
			<report>
				<misses>12714001</misses>
				<total>14</total>
				<timestamp>4572.463178</timestamp>
			</report>
			<report>
				<misses>12715001</misses>
				<total>14</total>
				<timestamp>4572.822779</timestamp>
			</report>
			<report>
				<misses>12716001</misses>
				<total>14</total>
				<timestamp>4573.182450</timestamp>
			</report>
			<report>
				<misses>12717001</misses>
				<total>14</total>
				<timestamp>4573.542082</timestamp>
			</report>
			<report>
				<misses>12718001</misses>
				<total>14</total>
				<timestamp>4573.901719</timestamp>
			</report>
			<report>
				<misses>12719001</misses>
				<total>14</total>
				<timestamp>4574.261377</timestamp>
			</report>
			<report>
				<misses>12720001</misses>
				<total>14</total>
				<timestamp>4574.621018</timestamp>
			</report>
			<report>
				<misses>12721001</misses>
				<total>14</total>
				<timestamp>4574.980653</timestamp>
			</report>
			<report>
				<misses>12722001</misses>
				<total>14</total>
				<timestamp>4575.340256</timestamp>
			</report>
			<report>
				<misses>12723001</misses>
				<total>14</total>
				<timestamp>4575.699912</timestamp>
			</report>
			<report>
				<misses>12724001</misses>
				<total>14</total>
				<timestamp>4576.059584</timestamp>
			</report>
			<report>
				<misses>12725001</misses>
				<total>14</total>
				<timestamp>4576.419227</timestamp>
			</report>
			<report>
				<misses>12726001</misses>
				<total>14</total>
				<timestamp>4576.778870</timestamp>
			</report>
			<report>
				<misses>12727001</misses>
				<total>14</total>
				<timestamp>4577.138486</timestamp>
			</report>
			<report>
				<misses>12728001</misses>
				<total>14</total>
				<timestamp>4577.498134</timestamp>
			</report>
			<report>
				<misses>12729001</misses>
				<total>14</total>
				<timestamp>4577.857768</timestamp>
			</report>
			<report>
				<misses>12730001</misses>
				<total>14</total>
				<timestamp>4578.217412</timestamp>
			</report>
			<report>
				<misses>12731001</misses>
				<total>14</total>
				<timestamp>4578.577018</timestamp>
			</report>
			<report>
				<misses>12732001</misses>
				<total>14</total>
				<timestamp>4578.936698</timestamp>
			</report>
			<report>
				<misses>12733001</misses>
				<total>14</total>
				<timestamp>4579.296378</timestamp>
			</report>
			<report>
				<misses>12734001</misses>
				<total>14</total>
				<timestamp>4579.656017</timestamp>
			</report>
			<report>
				<misses>12735001</misses>
				<total>14</total>
				<timestamp>4580.015588</timestamp>
			</report>
			<report>
				<misses>12736001</misses>
				<total>14</total>
				<timestamp>4580.375253</timestamp>
			</report>
			<report>
				<misses>12737001</misses>
				<total>14</total>
				<timestamp>4580.734874</timestamp>
			</report>
			<report>
				<misses>12738001</misses>
				<total>14</total>
				<timestamp>4581.094521</timestamp>
			</report>
			<report>
				<misses>12739001</misses>
				<total>14</total>
				<timestamp>4581.454146</timestamp>
			</report>
			<report>
				<misses>12740001</misses>
				<total>14</total>
				<timestamp>4581.813780</timestamp>
			</report>
			<report>
				<misses>12741001</misses>
				<total>14</total>
				<timestamp>4582.173465</timestamp>
			</report>
			<report>
				<misses>12742001</misses>
				<total>14</total>
				<timestamp>4582.533077</timestamp>
			</report>
			<report>
				<misses>12743001</misses>
				<total>14</total>
				<timestamp>4582.892762</timestamp>
			</report>
			<report>
				<misses>12744001</misses>
				<total>14</total>
				<timestamp>4583.252363</timestamp>
			</report>
			<report>
				<misses>12745001</misses>
				<total>14</total>
				<timestamp>4583.612166</timestamp>
			</report>
			<report>
				<misses>12746001</misses>
				<total>14</total>
				<timestamp>4583.971634</timestamp>
			</report>
			<report>
				<misses>12747001</misses>
				<total>14</total>
				<timestamp>4584.331295</timestamp>
			</report>
			<report>
				<misses>12748001</misses>
				<total>14</total>
				<timestamp>4584.690907</timestamp>
			</report>
			<report>
				<misses>12749001</misses>
				<total>14</total>
				<timestamp>4585.050615</timestamp>
			</report>
			<report>
				<misses>12750001</misses>
				<total>14</total>
				<timestamp>4585.410183</timestamp>
			</report>
			<report>
				<misses>12751001</misses>
				<total>14</total>
				<timestamp>4585.769833</timestamp>
			</report>
			<report>
				<misses>12752001</misses>
				<total>14</total>
				<timestamp>4586.129469</timestamp>
			</report>
			<report>
				<misses>12753001</misses>
				<total>14</total>
				<timestamp>4586.489106</timestamp>
			</report>
			<report>
				<misses>12754001</misses>
				<total>14</total>
				<timestamp>4586.848770</timestamp>
			</report>
			<report>
				<misses>12755001</misses>
				<total>14</total>
				<timestamp>4587.208437</timestamp>
			</report>
			<report>
				<misses>12756001</misses>
				<total>14</total>
				<timestamp>4587.568037</timestamp>
			</report>
			<report>
				<misses>12757001</misses>
				<total>14</total>
				<timestamp>4587.927723</timestamp>
			</report>
			<report>
				<misses>12758001</misses>
				<total>14</total>
				<timestamp>4588.287391</timestamp>
			</report>
			<report>
				<misses>12759001</misses>
				<total>14</total>
				<timestamp>4588.646948</timestamp>
			</report>
			<report>
				<misses>12760001</misses>
				<total>14</total>
				<timestamp>4589.006571</timestamp>
			</report>
			<report>
				<misses>12761001</misses>
				<total>14</total>
				<timestamp>4589.366296</timestamp>
			</report>
			<report>
				<misses>12762001</misses>
				<total>14</total>
				<timestamp>4589.725963</timestamp>
			</report>
			<report>
				<misses>12763001</misses>
				<total>14</total>
				<timestamp>4590.085493</timestamp>
			</report>
			<report>
				<misses>12764001</misses>
				<total>14</total>
				<timestamp>4590.445168</timestamp>
			</report>
			<report>
				<misses>12765001</misses>
				<total>14</total>
				<timestamp>4590.804797</timestamp>
			</report>
			<report>
				<misses>12766001</misses>
				<total>14</total>
				<timestamp>4591.164491</timestamp>
			</report>
			<report>
				<misses>12767001</misses>
				<total>14</total>
				<timestamp>4591.524080</timestamp>
			</report>
			<report>
				<misses>12768001</misses>
				<total>14</total>
				<timestamp>4591.883758</timestamp>
			</report>
			<report>
				<misses>12769001</misses>
				<total>14</total>
				<timestamp>4592.243443</timestamp>
			</report>
			<report>
				<misses>12770001</misses>
				<total>14</total>
				<timestamp>4592.602978</timestamp>
			</report>
			<report>
				<misses>12771001</misses>
				<total>14</total>
				<timestamp>4592.962661</timestamp>
			</report>
			<report>
				<misses>12772001</misses>
				<total>14</total>
				<timestamp>4593.322269</timestamp>
			</report>
			<report>
				<misses>12773001</misses>
				<total>14</total>
				<timestamp>4593.681892</timestamp>
			</report>
			<report>
				<misses>12774001</misses>
				<total>14</total>
				<timestamp>4594.041539</timestamp>
			</report>
			<report>
				<misses>12775001</misses>
				<total>14</total>
				<timestamp>4594.401230</timestamp>
			</report>
			<report>
				<misses>12776001</misses>
				<total>14</total>
				<timestamp>4594.760857</timestamp>
			</report>
			<report>
				<misses>12777001</misses>
				<total>14</total>
				<timestamp>4595.120443</timestamp>
			</report>
			<report>
				<misses>12778001</misses>
				<total>14</total>
				<timestamp>4595.480131</timestamp>
			</report>
			<report>
				<misses>12779001</misses>
				<total>14</total>
				<timestamp>4595.839749</timestamp>
			</report>
			<report>
				<misses>12780001</misses>
				<total>14</total>
				<timestamp>4596.199461</timestamp>
			</report>
			<report>
				<misses>12781001</misses>
				<total>14</total>
				<timestamp>4596.559040</timestamp>
			</report>
			<report>
				<misses>12782001</misses>
				<total>14</total>
				<timestamp>4596.918725</timestamp>
			</report>
			<report>
				<misses>12783001</misses>
				<total>14</total>
				<timestamp>4597.278382</timestamp>
			</report>
			<report>
				<misses>12784001</misses>
				<total>14</total>
				<timestamp>4597.637995</timestamp>
			</report>
			<report>
				<misses>12785001</misses>
				<total>14</total>
				<timestamp>4597.997591</timestamp>
			</report>
			<report>
				<misses>12786001</misses>
				<total>14</total>
				<timestamp>4598.357271</timestamp>
			</report>
			<report>
				<misses>12787001</misses>
				<total>14</total>
				<timestamp>4598.716855</timestamp>
			</report>
			<report>
				<misses>12788001</misses>
				<total>14</total>
				<timestamp>4599.076528</timestamp>
			</report>
			<report>
				<misses>12789001</misses>
				<total>14</total>
				<timestamp>4599.436184</timestamp>
			</report>
			<report>
				<misses>12790001</misses>
				<total>14</total>
				<timestamp>4599.795768</timestamp>
			</report>
			<report>
				<misses>12791001</misses>
				<total>14</total>
				<timestamp>4600.155421</timestamp>
			</report>
			<report>
				<misses>12792001</misses>
				<total>14</total>
				<timestamp>4600.515118</timestamp>
			</report>
			<report>
				<misses>12793001</misses>
				<total>14</total>
				<timestamp>4600.874716</timestamp>
			</report>
			<report>
				<misses>12794001</misses>
				<total>14</total>
				<timestamp>4601.234393</timestamp>
			</report>
			<report>
				<misses>12795001</misses>
				<total>14</total>
				<timestamp>4601.594006</timestamp>
			</report>
			<report>
				<misses>12796001</misses>
				<total>14</total>
				<timestamp>4601.953622</timestamp>
			</report>
			<report>
				<misses>12797001</misses>
				<total>14</total>
				<timestamp>4602.313322</timestamp>
			</report>
			<report>
				<misses>12798001</misses>
				<total>14</total>
				<timestamp>4602.672894</timestamp>
			</report>
			<report>
				<misses>12799001</misses>
				<total>14</total>
				<timestamp>4603.032580</timestamp>
			</report>
			<report>
				<misses>12800001</misses>
				<total>14</total>
				<timestamp>4603.392188</timestamp>
			</report>
			<report>
				<misses>12801001</misses>
				<total>14</total>
				<timestamp>4603.751902</timestamp>
			</report>
			<report>
				<misses>12802001</misses>
				<total>14</total>
				<timestamp>4604.111453</timestamp>
			</report>
			<report>
				<misses>12803001</misses>
				<total>14</total>
				<timestamp>4604.471176</timestamp>
			</report>
			<report>
				<misses>12804001</misses>
				<total>14</total>
				<timestamp>4604.830755</timestamp>
			</report>
			<report>
				<misses>12805001</misses>
				<total>14</total>
				<timestamp>4605.190432</timestamp>
			</report>
			<report>
				<misses>12806001</misses>
				<total>14</total>
				<timestamp>4605.550021</timestamp>
			</report>
			<report>
				<misses>12807001</misses>
				<total>14</total>
				<timestamp>4605.909665</timestamp>
			</report>
			<report>
				<misses>12808001</misses>
				<total>14</total>
				<timestamp>4606.269308</timestamp>
			</report>
			<report>
				<misses>12809001</misses>
				<total>14</total>
				<timestamp>4606.628954</timestamp>
			</report>
			<report>
				<misses>12810001</misses>
				<total>14</total>
				<timestamp>4606.988579</timestamp>
			</report>
			<report>
				<misses>12811001</misses>
				<total>14</total>
				<timestamp>4607.348230</timestamp>
			</report>
			<report>
				<misses>12812001</misses>
				<total>14</total>
				<timestamp>4607.707875</timestamp>
			</report>
			<report>
				<misses>12813001</misses>
				<total>14</total>
				<timestamp>4608.067500</timestamp>
			</report>
			<report>
				<misses>12814001</misses>
				<total>14</total>
				<timestamp>4608.427166</timestamp>
			</report>
			<report>
				<misses>12815001</misses>
				<total>14</total>
				<timestamp>4608.786820</timestamp>
			</report>
			<report>
				<misses>12816001</misses>
				<total>14</total>
				<timestamp>4609.146447</timestamp>
			</report>
			<report>
				<misses>12817001</misses>
				<total>14</total>
				<timestamp>4609.506070</timestamp>
			</report>
			<report>
				<misses>12818001</misses>
				<total>14</total>
				<timestamp>4609.865690</timestamp>
			</report>
			<report>
				<misses>12819001</misses>
				<total>14</total>
				<timestamp>4610.225349</timestamp>
			</report>
			<report>
				<misses>12820001</misses>
				<total>14</total>
				<timestamp>4610.585026</timestamp>
			</report>
			<report>
				<misses>12821001</misses>
				<total>14</total>
				<timestamp>4610.944624</timestamp>
			</report>
			<report>
				<misses>12822001</misses>
				<total>14</total>
				<timestamp>4611.304327</timestamp>
			</report>
			<report>
				<misses>12823001</misses>
				<total>14</total>
				<timestamp>4611.663954</timestamp>
			</report>
			<report>
				<misses>12824001</misses>
				<total>14</total>
				<timestamp>4612.023641</timestamp>
			</report>
			<report>
				<misses>12825001</misses>
				<total>14</total>
				<timestamp>4612.383223</timestamp>
			</report>
			<report>
				<misses>12826001</misses>
				<total>14</total>
				<timestamp>4612.742884</timestamp>
			</report>
			<report>
				<misses>12827001</misses>
				<total>14</total>
				<timestamp>4613.102456</timestamp>
			</report>
			<report>
				<misses>12828001</misses>
				<total>14</total>
				<timestamp>4613.462178</timestamp>
			</report>
			<report>
				<misses>12829001</misses>
				<total>14</total>
				<timestamp>4613.821744</timestamp>
			</report>
			<report>
				<misses>12830001</misses>
				<total>14</total>
				<timestamp>4614.181368</timestamp>
			</report>
			<report>
				<misses>12831001</misses>
				<total>14</total>
				<timestamp>4614.541136</timestamp>
			</report>
			<report>
				<misses>12832001</misses>
				<total>14</total>
				<timestamp>4614.900652</timestamp>
			</report>
			<report>
				<misses>12833001</misses>
				<total>14</total>
				<timestamp>4615.260300</timestamp>
			</report>
			<report>
				<misses>12834001</misses>
				<total>14</total>
				<timestamp>4615.619929</timestamp>
			</report>
			<report>
				<misses>12835001</misses>
				<total>14</total>
				<timestamp>4615.979586</timestamp>
			</report>
			<report>
				<misses>12836001</misses>
				<total>14</total>
				<timestamp>4616.339309</timestamp>
			</report>
			<report>
				<misses>12837001</misses>
				<total>14</total>
				<timestamp>4616.698884</timestamp>
			</report>
			<report>
				<misses>12838001</misses>
				<total>14</total>
				<timestamp>4617.058497</timestamp>
			</report>
			<report>
				<misses>12839001</misses>
				<total>14</total>
				<timestamp>4617.418159</timestamp>
			</report>
			<report>
				<misses>12840001</misses>
				<total>14</total>
				<timestamp>4617.777840</timestamp>
			</report>
			<report>
				<misses>12841001</misses>
				<total>14</total>
				<timestamp>4618.137427</timestamp>
			</report>
			<report>
				<misses>12842001</misses>
				<total>14</total>
				<timestamp>4618.497166</timestamp>
			</report>
			<report>
				<misses>12843001</misses>
				<total>14</total>
				<timestamp>4618.856775</timestamp>
			</report>
			<report>
				<misses>12844001</misses>
				<total>14</total>
				<timestamp>4619.216399</timestamp>
			</report>
			<report>
				<misses>12845001</misses>
				<total>14</total>
				<timestamp>4619.576003</timestamp>
			</report>
			<report>
				<misses>12846001</misses>
				<total>14</total>
				<timestamp>4619.935673</timestamp>
			</report>
			<report>
				<misses>12847001</misses>
				<total>14</total>
				<timestamp>4620.295277</timestamp>
			</report>
			<report>
				<misses>12848001</misses>
				<total>14</total>
				<timestamp>4620.654956</timestamp>
			</report>
			<report>
				<misses>12849001</misses>
				<total>14</total>
				<timestamp>4621.014602</timestamp>
			</report>
			<report>
				<misses>12850001</misses>
				<total>14</total>
				<timestamp>4621.374210</timestamp>
			</report>
			<report>
				<misses>12851001</misses>
				<total>14</total>
				<timestamp>4621.733827</timestamp>
			</report>
			<report>
				<misses>12852001</misses>
				<total>14</total>
				<timestamp>4622.093482</timestamp>
			</report>
			<report>
				<misses>12853001</misses>
				<total>14</total>
				<timestamp>4622.453125</timestamp>
			</report>
			<report>
				<misses>12854001</misses>
				<total>14</total>
				<timestamp>4622.812763</timestamp>
			</report>
			<report>
				<misses>12855001</misses>
				<total>14</total>
				<timestamp>4623.172396</timestamp>
			</report>
			<report>
				<misses>12856001</misses>
				<total>14</total>
				<timestamp>4623.532101</timestamp>
			</report>
			<report>
				<misses>12857001</misses>
				<total>14</total>
				<timestamp>4623.891657</timestamp>
			</report>
			<report>
				<misses>12858001</misses>
				<total>14</total>
				<timestamp>4624.251287</timestamp>
			</report>
			<report>
				<misses>12859001</misses>
				<total>14</total>
				<timestamp>4624.610952</timestamp>
			</report>
			<report>
				<misses>12860001</misses>
				<total>14</total>
				<timestamp>4624.970624</timestamp>
			</report>
			<report>
				<misses>12861001</misses>
				<total>14</total>
				<timestamp>4625.330322</timestamp>
			</report>
			<report>
				<misses>12862001</misses>
				<total>14</total>
				<timestamp>4625.689877</timestamp>
			</report>
			<report>
				<misses>12863001</misses>
				<total>14</total>
				<timestamp>4626.049612</timestamp>
			</report>
			<report>
				<misses>12864001</misses>
				<total>14</total>
				<timestamp>4626.409229</timestamp>
			</report>
			<report>
				<misses>12865001</misses>
				<total>14</total>
				<timestamp>4626.768884</timestamp>
			</report>
			<report>
				<misses>12866001</misses>
				<total>14</total>
				<timestamp>4627.128417</timestamp>
			</report>
			<report>
				<misses>12867001</misses>
				<total>14</total>
				<timestamp>4627.488104</timestamp>
			</report>
			<report>
				<misses>12868001</misses>
				<total>14</total>
				<timestamp>4627.847696</timestamp>
			</report>
			<report>
				<misses>12869001</misses>
				<total>14</total>
				<timestamp>4628.207400</timestamp>
			</report>
			<report>
				<misses>12870001</misses>
				<total>14</total>
				<timestamp>4628.567014</timestamp>
			</report>
			<report>
				<misses>12871001</misses>
				<total>14</total>
				<timestamp>4628.926623</timestamp>
			</report>
			<report>
				<misses>12872001</misses>
				<total>14</total>
				<timestamp>4629.286269</timestamp>
			</report>
			<report>
				<misses>12873001</misses>
				<total>14</total>
				<timestamp>4629.645911</timestamp>
			</report>
			<report>
				<misses>12874001</misses>
				<total>14</total>
				<timestamp>4630.005555</timestamp>
			</report>
			<report>
				<misses>12875001</misses>
				<total>14</total>
				<timestamp>4630.365205</timestamp>
			</report>
			<report>
				<misses>12876001</misses>
				<total>14</total>
				<timestamp>4630.724820</timestamp>
			</report>
			<report>
				<misses>12877001</misses>
				<total>14</total>
				<timestamp>4631.084567</timestamp>
			</report>
			<report>
				<misses>12878001</misses>
				<total>14</total>
				<timestamp>4631.444243</timestamp>
			</report>
			<report>
				<misses>12879001</misses>
				<total>14</total>
				<timestamp>4631.803746</timestamp>
			</report>
			<report>
				<misses>12880001</misses>
				<total>14</total>
				<timestamp>4632.163383</timestamp>
			</report>
			<report>
				<misses>12881001</misses>
				<total>14</total>
				<timestamp>4632.523095</timestamp>
			</report>
			<report>
				<misses>12882001</misses>
				<total>14</total>
				<timestamp>4632.882706</timestamp>
			</report>
			<report>
				<misses>12883001</misses>
				<total>14</total>
				<timestamp>4633.242357</timestamp>
			</report>
			<report>
				<misses>12884001</misses>
				<total>14</total>
				<timestamp>4633.602018</timestamp>
			</report>
			<report>
				<misses>12885001</misses>
				<total>14</total>
				<timestamp>4633.961629</timestamp>
			</report>
			<report>
				<misses>12886001</misses>
				<total>14</total>
				<timestamp>4634.321294</timestamp>
			</report>
			<report>
				<misses>12887001</misses>
				<total>14</total>
				<timestamp>4634.680904</timestamp>
			</report>
			<report>
				<misses>12888001</misses>
				<total>14</total>
				<timestamp>4635.040511</timestamp>
			</report>
			<report>
				<misses>12889001</misses>
				<total>14</total>
				<timestamp>4635.400175</timestamp>
			</report>
			<report>
				<misses>12890001</misses>
				<total>14</total>
				<timestamp>4635.759772</timestamp>
			</report>
			<report>
				<misses>12891001</misses>
				<total>14</total>
				<timestamp>4636.119440</timestamp>
			</report>
			<report>
				<misses>12892001</misses>
				<total>14</total>
				<timestamp>4636.479091</timestamp>
			</report>
			<report>
				<misses>12893001</misses>
				<total>14</total>
				<timestamp>4636.838720</timestamp>
			</report>
			<report>
				<misses>12894001</misses>
				<total>14</total>
				<timestamp>4637.198400</timestamp>
			</report>
			<report>
				<misses>12895001</misses>
				<total>14</total>
				<timestamp>4637.558024</timestamp>
			</report>
			<report>
				<misses>12896001</misses>
				<total>14</total>
				<timestamp>4637.917669</timestamp>
			</report>
			<report>
				<misses>12897001</misses>
				<total>14</total>
				<timestamp>4638.277264</timestamp>
			</report>
			<report>
				<misses>12898001</misses>
				<total>14</total>
				<timestamp>4638.636928</timestamp>
			</report>
			<report>
				<misses>12899001</misses>
				<total>14</total>
				<timestamp>4638.996522</timestamp>
			</report>
			<report>
				<misses>12900001</misses>
				<total>14</total>
				<timestamp>4639.356198</timestamp>
			</report>
			<report>
				<misses>12901001</misses>
				<total>14</total>
				<timestamp>4639.715821</timestamp>
			</report>
			<report>
				<misses>12902001</misses>
				<total>14</total>
				<timestamp>4640.075474</timestamp>
			</report>
			<report>
				<misses>12903001</misses>
				<total>14</total>
				<timestamp>4640.435125</timestamp>
			</report>
			<report>
				<misses>12904001</misses>
				<total>14</total>
				<timestamp>4640.794777</timestamp>
			</report>
			<report>
				<misses>12905001</misses>
				<total>14</total>
				<timestamp>4641.154413</timestamp>
			</report>
			<report>
				<misses>12906001</misses>
				<total>14</total>
				<timestamp>4641.514105</timestamp>
			</report>
			<report>
				<misses>12907001</misses>
				<total>14</total>
				<timestamp>4641.873658</timestamp>
			</report>
			<report>
				<misses>12908001</misses>
				<total>14</total>
				<timestamp>4642.233303</timestamp>
			</report>
			<report>
				<misses>12909001</misses>
				<total>14</total>
				<timestamp>4642.592982</timestamp>
			</report>
			<report>
				<misses>12910001</misses>
				<total>14</total>
				<timestamp>4642.952646</timestamp>
			</report>
			<report>
				<misses>12911001</misses>
				<total>14</total>
				<timestamp>4643.312225</timestamp>
			</report>
			<report>
				<misses>12912001</misses>
				<total>14</total>
				<timestamp>4643.671871</timestamp>
			</report>
			<report>
				<misses>12913001</misses>
				<total>14</total>
				<timestamp>4644.031484</timestamp>
			</report>
			<report>
				<misses>12914001</misses>
				<total>14</total>
				<timestamp>4644.391215</timestamp>
			</report>
			<report>
				<misses>12915001</misses>
				<total>14</total>
				<timestamp>4644.750782</timestamp>
			</report>
			<report>
				<misses>12916001</misses>
				<total>14</total>
				<timestamp>4645.110429</timestamp>
			</report>
			<report>
				<misses>12917001</misses>
				<total>14</total>
				<timestamp>4645.470143</timestamp>
			</report>
			<report>
				<misses>12918001</misses>
				<total>14</total>
				<timestamp>4645.829815</timestamp>
			</report>
			<report>
				<misses>12919001</misses>
				<total>14</total>
				<timestamp>4646.189334</timestamp>
			</report>
			<report>
				<misses>12920001</misses>
				<total>14</total>
				<timestamp>4646.548997</timestamp>
			</report>
			<report>
				<misses>12921001</misses>
				<total>14</total>
				<timestamp>4646.908676</timestamp>
			</report>
			<report>
				<misses>12922001</misses>
				<total>14</total>
				<timestamp>4647.268268</timestamp>
			</report>
			<report>
				<misses>12923001</misses>
				<total>14</total>
				<timestamp>4647.627989</timestamp>
			</report>
			<report>
				<misses>12924001</misses>
				<total>14</total>
				<timestamp>4647.987528</timestamp>
			</report>
			<report>
				<misses>12925001</misses>
				<total>14</total>
				<timestamp>4648.347180</timestamp>
			</report>
			<report>
				<misses>12926001</misses>
				<total>14</total>
				<timestamp>4648.706878</timestamp>
			</report>
			<report>
				<misses>12927001</misses>
				<total>14</total>
				<timestamp>4649.066597</timestamp>
			</report>
			<report>
				<misses>12928001</misses>
				<total>14</total>
				<timestamp>4649.426103</timestamp>
			</report>
			<report>
				<misses>12929001</misses>
				<total>14</total>
				<timestamp>4649.785744</timestamp>
			</report>
			<report>
				<misses>12930001</misses>
				<total>14</total>
				<timestamp>4650.145381</timestamp>
			</report>
			<report>
				<misses>12931001</misses>
				<total>14</total>
				<timestamp>4650.505090</timestamp>
			</report>
			<report>
				<misses>12932001</misses>
				<total>14</total>
				<timestamp>4650.864669</timestamp>
			</report>
			<report>
				<misses>12933001</misses>
				<total>14</total>
				<timestamp>4651.224298</timestamp>
			</report>
			<report>
				<misses>12934001</misses>
				<total>14</total>
				<timestamp>4651.583994</timestamp>
			</report>
			<report>
				<misses>12935001</misses>
				<total>14</total>
				<timestamp>4651.943596</timestamp>
			</report>
			<report>
				<misses>12936001</misses>
				<total>14</total>
				<timestamp>4652.303219</timestamp>
			</report>
			<report>
				<misses>12937001</misses>
				<total>14</total>
				<timestamp>4652.662891</timestamp>
			</report>
			<report>
				<misses>12938001</misses>
				<total>14</total>
				<timestamp>4653.022542</timestamp>
			</report>
			<report>
				<misses>12939001</misses>
				<total>14</total>
				<timestamp>4653.382157</timestamp>
			</report>
			<report>
				<misses>12940001</misses>
				<total>14</total>
				<timestamp>4653.741822</timestamp>
			</report>
			<report>
				<misses>12941001</misses>
				<total>14</total>
				<timestamp>4654.101468</timestamp>
			</report>
			<report>
				<misses>12942001</misses>
				<total>14</total>
				<timestamp>4654.461058</timestamp>
			</report>
			<report>
				<misses>12943001</misses>
				<total>14</total>
				<timestamp>4654.820753</timestamp>
			</report>
			<report>
				<misses>12944001</misses>
				<total>14</total>
				<timestamp>4655.180354</timestamp>
			</report>
			<report>
				<misses>12945001</misses>
				<total>14</total>
				<timestamp>4655.540034</timestamp>
			</report>
			<report>
				<misses>12946001</misses>
				<total>14</total>
				<timestamp>4655.899644</timestamp>
			</report>
			<report>
				<misses>12947001</misses>
				<total>14</total>
				<timestamp>4656.259274</timestamp>
			</report>
			<report>
				<misses>12948001</misses>
				<total>14</total>
				<timestamp>4656.618955</timestamp>
			</report>
			<report>
				<misses>12949001</misses>
				<total>14</total>
				<timestamp>4656.978578</timestamp>
			</report>
			<report>
				<misses>12950001</misses>
				<total>14</total>
				<timestamp>4657.338206</timestamp>
			</report>
			<report>
				<misses>12951001</misses>
				<total>14</total>
				<timestamp>4657.697913</timestamp>
			</report>
			<report>
				<misses>12952001</misses>
				<total>14</total>
				<timestamp>4658.057518</timestamp>
			</report>
			<report>
				<misses>12953001</misses>
				<total>14</total>
				<timestamp>4658.417137</timestamp>
			</report>
			<report>
				<misses>12954001</misses>
				<total>14</total>
				<timestamp>4658.776806</timestamp>
			</report>
			<report>
				<misses>12955001</misses>
				<total>14</total>
				<timestamp>4659.136411</timestamp>
			</report>
			<report>
				<misses>12956001</misses>
				<total>14</total>
				<timestamp>4659.496105</timestamp>
			</report>
			<report>
				<misses>12957001</misses>
				<total>14</total>
				<timestamp>4659.855650</timestamp>
			</report>
			<report>
				<misses>12958001</misses>
				<total>14</total>
				<timestamp>4660.215290</timestamp>
			</report>
			<report>
				<misses>12959001</misses>
				<total>14</total>
				<timestamp>4660.574960</timestamp>
			</report>
			<report>
				<misses>12960001</misses>
				<total>14</total>
				<timestamp>4660.934582</timestamp>
			</report>
			<report>
				<misses>12961001</misses>
				<total>14</total>
				<timestamp>4661.294226</timestamp>
			</report>
			<report>
				<misses>12962001</misses>
				<total>14</total>
				<timestamp>4661.653851</timestamp>
			</report>
			<report>
				<misses>12963001</misses>
				<total>14</total>
				<timestamp>4662.013516</timestamp>
			</report>
			<report>
				<misses>12964001</misses>
				<total>14</total>
				<timestamp>4662.373149</timestamp>
			</report>
			<report>
				<misses>12965001</misses>
				<total>14</total>
				<timestamp>4662.732865</timestamp>
			</report>
			<report>
				<misses>12966001</misses>
				<total>14</total>
				<timestamp>4663.092452</timestamp>
			</report>
			<report>
				<misses>12967001</misses>
				<total>14</total>
				<timestamp>4663.452076</timestamp>
			</report>
			<report>
				<misses>12968001</misses>
				<total>14</total>
				<timestamp>4663.811741</timestamp>
			</report>
			<report>
				<misses>12969001</misses>
				<total>14</total>
				<timestamp>4664.171340</timestamp>
			</report>
			<report>
				<misses>12970001</misses>
				<total>14</total>
				<timestamp>4664.531001</timestamp>
			</report>
			<report>
				<misses>12971001</misses>
				<total>14</total>
				<timestamp>4664.890616</timestamp>
			</report>
			<report>
				<misses>12972001</misses>
				<total>14</total>
				<timestamp>4665.250287</timestamp>
			</report>
			<report>
				<misses>12973001</misses>
				<total>14</total>
				<timestamp>4665.610042</timestamp>
			</report>
			<report>
				<misses>12974001</misses>
				<total>14</total>
				<timestamp>4665.969588</timestamp>
			</report>
			<report>
				<misses>12975001</misses>
				<total>14</total>
				<timestamp>4666.329173</timestamp>
			</report>
			<report>
				<misses>12976001</misses>
				<total>14</total>
				<timestamp>4666.688825</timestamp>
			</report>
			<report>
				<misses>12977001</misses>
				<total>14</total>
				<timestamp>4667.048508</timestamp>
			</report>
			<report>
				<misses>12978001</misses>
				<total>14</total>
				<timestamp>4667.408081</timestamp>
			</report>
			<report>
				<misses>12979001</misses>
				<total>14</total>
				<timestamp>4667.767795</timestamp>
			</report>
			<report>
				<misses>12980001</misses>
				<total>14</total>
				<timestamp>4668.127406</timestamp>
			</report>
			<report>
				<misses>12981001</misses>
				<total>14</total>
				<timestamp>4668.487070</timestamp>
			</report>
			<report>
				<misses>12982001</misses>
				<total>14</total>
				<timestamp>4668.846729</timestamp>
			</report>
			<report>
				<misses>12983001</misses>
				<total>14</total>
				<timestamp>4669.206328</timestamp>
			</report>
			<report>
				<misses>12984001</misses>
				<total>14</total>
				<timestamp>4669.565934</timestamp>
			</report>
			<report>
				<misses>12985001</misses>
				<total>14</total>
				<timestamp>4669.925570</timestamp>
			</report>
			<report>
				<misses>12986001</misses>
				<total>14</total>
				<timestamp>4670.285254</timestamp>
			</report>
			<report>
				<misses>12987001</misses>
				<total>14</total>
				<timestamp>4670.644866</timestamp>
			</report>
			<report>
				<misses>12988001</misses>
				<total>14</total>
				<timestamp>4671.004524</timestamp>
			</report>
			<report>
				<misses>12989001</misses>
				<total>14</total>
				<timestamp>4671.364249</timestamp>
			</report>
			<report>
				<misses>12990001</misses>
				<total>14</total>
				<timestamp>4671.723798</timestamp>
			</report>
			<report>
				<misses>12991001</misses>
				<total>14</total>
				<timestamp>4672.083480</timestamp>
			</report>
			<report>
				<misses>12992001</misses>
				<total>14</total>
				<timestamp>4672.443075</timestamp>
			</report>
			<report>
				<misses>12993001</misses>
				<total>14</total>
				<timestamp>4672.802740</timestamp>
			</report>
			<report>
				<misses>12994001</misses>
				<total>14</total>
				<timestamp>4673.162332</timestamp>
			</report>
			<report>
				<misses>12995001</misses>
				<total>14</total>
				<timestamp>4673.522087</timestamp>
			</report>
			<report>
				<misses>12996001</misses>
				<total>14</total>
				<timestamp>4673.881658</timestamp>
			</report>
			<report>
				<misses>12997001</misses>
				<total>14</total>
				<timestamp>4674.241290</timestamp>
			</report>
			<report>
				<misses>12998001</misses>
				<total>14</total>
				<timestamp>4674.600945</timestamp>
			</report>
			<report>
				<misses>12999001</misses>
				<total>14</total>
				<timestamp>4674.960534</timestamp>
			</report>
			<report>
				<misses>13000001</misses>
				<total>14</total>
				<timestamp>4675.320172</timestamp>
			</report>
			<report>
				<misses>13001001</misses>
				<total>14</total>
				<timestamp>4675.679851</timestamp>
			</report>
			<report>
				<misses>13002001</misses>
				<total>14</total>
				<timestamp>4676.039520</timestamp>
			</report>
			<report>
				<misses>13003001</misses>
				<total>14</total>
				<timestamp>4676.399169</timestamp>
			</report>
			<report>
				<misses>13004001</misses>
				<total>14</total>
				<timestamp>4676.758763</timestamp>
			</report>
			<report>
				<misses>13005001</misses>
				<total>14</total>
				<timestamp>4677.118448</timestamp>
			</report>
			<report>
				<misses>13006001</misses>
				<total>14</total>
				<timestamp>4677.478037</timestamp>
			</report>
			<report>
				<misses>13007001</misses>
				<total>14</total>
				<timestamp>4677.837665</timestamp>
			</report>
			<report>
				<misses>13008001</misses>
				<total>14</total>
				<timestamp>4678.197294</timestamp>
			</report>
			<report>
				<misses>13009001</misses>
				<total>14</total>
				<timestamp>4678.556968</timestamp>
			</report>
			<report>
				<misses>13010001</misses>
				<total>14</total>
				<timestamp>4678.916570</timestamp>
			</report>
			<report>
				<misses>13011001</misses>
				<total>14</total>
				<timestamp>4679.276208</timestamp>
			</report>
			<report>
				<misses>13012001</misses>
				<total>14</total>
				<timestamp>4679.635907</timestamp>
			</report>
			<report>
				<misses>13013001</misses>
				<total>14</total>
				<timestamp>4679.995542</timestamp>
			</report>
			<report>
				<misses>13014001</misses>
				<total>14</total>
				<timestamp>4680.355131</timestamp>
			</report>
			<report>
				<misses>13015001</misses>
				<total>14</total>
				<timestamp>4680.714854</timestamp>
			</report>
			<report>
				<misses>13016001</misses>
				<total>14</total>
				<timestamp>4681.074460</timestamp>
			</report>
			<report>
				<misses>13017001</misses>
				<total>14</total>
				<timestamp>4681.434073</timestamp>
			</report>
			<report>
				<misses>13018001</misses>
				<total>14</total>
				<timestamp>4681.793704</timestamp>
			</report>
			<report>
				<misses>13019001</misses>
				<total>14</total>
				<timestamp>4682.153336</timestamp>
			</report>
			<report>
				<misses>13020001</misses>
				<total>14</total>
				<timestamp>4682.513028</timestamp>
			</report>
			<report>
				<misses>13021001</misses>
				<total>14</total>
				<timestamp>4682.872640</timestamp>
			</report>
			<report>
				<misses>13022001</misses>
				<total>14</total>
				<timestamp>4683.232345</timestamp>
			</report>
			<report>
				<misses>13023001</misses>
				<total>14</total>
				<timestamp>4683.591878</timestamp>
			</report>
			<report>
				<misses>13024001</misses>
				<total>14</total>
				<timestamp>4683.951566</timestamp>
			</report>
			<report>
				<misses>13025001</misses>
				<total>14</total>
				<timestamp>4684.311170</timestamp>
			</report>
			<report>
				<misses>13026001</misses>
				<total>14</total>
				<timestamp>4684.670919</timestamp>
			</report>
			<report>
				<misses>13027001</misses>
				<total>14</total>
				<timestamp>4685.030480</timestamp>
			</report>
			<report>
				<misses>13028001</misses>
				<total>14</total>
				<timestamp>4685.390111</timestamp>
			</report>
			<report>
				<misses>13029001</misses>
				<total>14</total>
				<timestamp>4685.749749</timestamp>
			</report>
			<report>
				<misses>13030001</misses>
				<total>14</total>
				<timestamp>4686.109377</timestamp>
			</report>
			<report>
				<misses>13031001</misses>
				<total>14</total>
				<timestamp>4686.469061</timestamp>
			</report>
			<report>
				<misses>13032001</misses>
				<total>14</total>
				<timestamp>4686.828747</timestamp>
			</report>
			<report>
				<misses>13033001</misses>
				<total>14</total>
				<timestamp>4687.188357</timestamp>
			</report>
			<report>
				<misses>13034001</misses>
				<total>14</total>
				<timestamp>4687.548044</timestamp>
			</report>
			<report>
				<misses>13035001</misses>
				<total>14</total>
				<timestamp>4687.907654</timestamp>
			</report>
			<report>
				<misses>13036001</misses>
				<total>14</total>
				<timestamp>4688.267229</timestamp>
			</report>
			<report>
				<misses>13037001</misses>
				<total>14</total>
				<timestamp>4688.626868</timestamp>
			</report>
			<report>
				<misses>13038001</misses>
				<total>14</total>
				<timestamp>4688.986536</timestamp>
			</report>
			<report>
				<misses>13039001</misses>
				<total>14</total>
				<timestamp>4689.346158</timestamp>
			</report>
			<report>
				<misses>13040001</misses>
				<total>14</total>
				<timestamp>4689.705829</timestamp>
			</report>
			<report>
				<misses>13041001</misses>
				<total>14</total>
				<timestamp>4690.065437</timestamp>
			</report>
			<report>
				<misses>13042001</misses>
				<total>14</total>
				<timestamp>4690.425111</timestamp>
			</report>
			<report>
				<misses>13043001</misses>
				<total>14</total>
				<timestamp>4690.784716</timestamp>
			</report>
			<report>
				<misses>13044001</misses>
				<total>14</total>
				<timestamp>4691.144404</timestamp>
			</report>
			<report>
				<misses>13045001</misses>
				<total>14</total>
				<timestamp>4691.504128</timestamp>
			</report>
			<report>
				<misses>13046001</misses>
				<total>14</total>
				<timestamp>4691.863652</timestamp>
			</report>
			<report>
				<misses>13047001</misses>
				<total>14</total>
				<timestamp>4692.223294</timestamp>
			</report>
			<report>
				<misses>13048001</misses>
				<total>14</total>
				<timestamp>4692.582918</timestamp>
			</report>
			<report>
				<misses>13049001</misses>
				<total>14</total>
				<timestamp>4692.942582</timestamp>
			</report>
			<report>
				<misses>13050001</misses>
				<total>14</total>
				<timestamp>4693.302154</timestamp>
			</report>
			<report>
				<misses>13051001</misses>
				<total>14</total>
				<timestamp>4693.661830</timestamp>
			</report>
			<report>
				<misses>13052001</misses>
				<total>14</total>
				<timestamp>4694.021468</timestamp>
			</report>
			<report>
				<misses>13053001</misses>
				<total>14</total>
				<timestamp>4694.381135</timestamp>
			</report>
			<report>
				<misses>13054001</misses>
				<total>14</total>
				<timestamp>4694.740768</timestamp>
			</report>
			<report>
				<misses>13055001</misses>
				<total>14</total>
				<timestamp>4695.100411</timestamp>
			</report>
			<report>
				<misses>13056001</misses>
				<total>14</total>
				<timestamp>4695.460045</timestamp>
			</report>
			<report>
				<misses>13057001</misses>
				<total>14</total>
				<timestamp>4695.819652</timestamp>
			</report>
			<report>
				<misses>13058001</misses>
				<total>14</total>
				<timestamp>4696.179378</timestamp>
			</report>
			<report>
				<misses>13059001</misses>
				<total>14</total>
				<timestamp>4696.538980</timestamp>
			</report>
			<report>
				<misses>13060001</misses>
				<total>14</total>
				<timestamp>4696.898651</timestamp>
			</report>
			<report>
				<misses>13061001</misses>
				<total>14</total>
				<timestamp>4697.258219</timestamp>
			</report>
			<report>
				<misses>13062001</misses>
				<total>14</total>
				<timestamp>4697.617861</timestamp>
			</report>
			<report>
				<misses>13063001</misses>
				<total>14</total>
				<timestamp>4697.977551</timestamp>
			</report>
			<report>
				<misses>13064001</misses>
				<total>14</total>
				<timestamp>4698.337150</timestamp>
			</report>
			<report>
				<misses>13065001</misses>
				<total>14</total>
				<timestamp>4698.696783</timestamp>
			</report>
			<report>
				<misses>13066001</misses>
				<total>14</total>
				<timestamp>4699.056524</timestamp>
			</report>
			<report>
				<misses>13067001</misses>
				<total>14</total>
				<timestamp>4699.416128</timestamp>
			</report>
			<report>
				<misses>13068001</misses>
				<total>14</total>
				<timestamp>4699.775735</timestamp>
			</report>
			<report>
				<misses>13069001</misses>
				<total>14</total>
				<timestamp>4700.135385</timestamp>
			</report>
			<report>
				<misses>13070001</misses>
				<total>14</total>
				<timestamp>4700.494981</timestamp>
			</report>
			<report>
				<misses>13071001</misses>
				<total>14</total>
				<timestamp>4700.854634</timestamp>
			</report>
			<report>
				<misses>13072001</misses>
				<total>14</total>
				<timestamp>4701.214264</timestamp>
			</report>
			<report>
				<misses>13073001</misses>
				<total>14</total>
				<timestamp>4701.573980</timestamp>
			</report>
			<report>
				<misses>13074001</misses>
				<total>14</total>
				<timestamp>4701.933586</timestamp>
			</report>
			<report>
				<misses>13075001</misses>
				<total>14</total>
				<timestamp>4702.293176</timestamp>
			</report>
			<report>
				<misses>13076001</misses>
				<total>14</total>
				<timestamp>4702.652818</timestamp>
			</report>
			<report>
				<misses>13077001</misses>
				<total>14</total>
				<timestamp>4703.012479</timestamp>
			</report>
			<report>
				<misses>13078001</misses>
				<total>14</total>
				<timestamp>4703.372103</timestamp>
			</report>
			<report>
				<misses>13079001</misses>
				<total>14</total>
				<timestamp>4703.731726</timestamp>
			</report>
			<report>
				<misses>13080001</misses>
				<total>14</total>
				<timestamp>4704.091406</timestamp>
			</report>
			<report>
				<misses>13081001</misses>
				<total>14</total>
				<timestamp>4704.451063</timestamp>
			</report>
			<report>
				<misses>13082001</misses>
				<total>14</total>
				<timestamp>4704.810714</timestamp>
			</report>
			<report>
				<misses>13083001</misses>
				<total>14</total>
				<timestamp>4705.170336</timestamp>
			</report>
			<report>
				<misses>13084001</misses>
				<total>14</total>
				<timestamp>4705.529985</timestamp>
			</report>
			<report>
				<misses>13085001</misses>
				<total>14</total>
				<timestamp>4705.889632</timestamp>
			</report>
			<report>
				<misses>13086001</misses>
				<total>14</total>
				<timestamp>4706.249216</timestamp>
			</report>
			<report>
				<misses>13087001</misses>
				<total>14</total>
				<timestamp>4706.608869</timestamp>
			</report>
			<report>
				<misses>13088001</misses>
				<total>14</total>
				<timestamp>4706.968533</timestamp>
			</report>
			<report>
				<misses>13089001</misses>
				<total>14</total>
				<timestamp>4707.328127</timestamp>
			</report>
			<report>
				<misses>13090001</misses>
				<total>14</total>
				<timestamp>4707.687782</timestamp>
			</report>
			<report>
				<misses>13091001</misses>
				<total>14</total>
				<timestamp>4708.047450</timestamp>
			</report>
			<report>
				<misses>13092001</misses>
				<total>14</total>
				<timestamp>4708.407138</timestamp>
			</report>
			<report>
				<misses>13093001</misses>
				<total>14</total>
				<timestamp>4708.766726</timestamp>
			</report>
			<report>
				<misses>13094001</misses>
				<total>14</total>
				<timestamp>4709.126358</timestamp>
			</report>
			<report>
				<misses>13095001</misses>
				<total>14</total>
				<timestamp>4709.485974</timestamp>
			</report>
			<report>
				<misses>13096001</misses>
				<total>14</total>
				<timestamp>4709.845632</timestamp>
			</report>
			<report>
				<misses>13097001</misses>
				<total>14</total>
				<timestamp>4710.205291</timestamp>
			</report>
			<report>
				<misses>13098001</misses>
				<total>14</total>
				<timestamp>4710.564905</timestamp>
			</report>
			<report>
				<misses>13099001</misses>
				<total>14</total>
				<timestamp>4710.924556</timestamp>
			</report>
			<report>
				<misses>13100001</misses>
				<total>14</total>
				<timestamp>4711.284183</timestamp>
			</report>
			<report>
				<misses>13101001</misses>
				<total>14</total>
				<timestamp>4711.643829</timestamp>
			</report>
			<report>
				<misses>13102001</misses>
				<total>14</total>
				<timestamp>4712.003478</timestamp>
			</report>
			<report>
				<misses>13103001</misses>
				<total>14</total>
				<timestamp>4712.363117</timestamp>
			</report>
			<report>
				<misses>13104001</misses>
				<total>14</total>
				<timestamp>4712.722744</timestamp>
			</report>
			<report>
				<misses>13105001</misses>
				<total>14</total>
				<timestamp>4713.082458</timestamp>
			</report>
			<report>
				<misses>13106001</misses>
				<total>14</total>
				<timestamp>4713.442026</timestamp>
			</report>
			<report>
				<misses>13107001</misses>
				<total>14</total>
				<timestamp>4713.801704</timestamp>
			</report>
			<report>
				<misses>13108001</misses>
				<total>14</total>
				<timestamp>4714.161282</timestamp>
			</report>
			<report>
				<misses>13109001</misses>
				<total>14</total>
				<timestamp>4714.520986</timestamp>
			</report>
			<report>
				<misses>13110001</misses>
				<total>14</total>
				<timestamp>4714.880614</timestamp>
			</report>
			<report>
				<misses>13111001</misses>
				<total>14</total>
				<timestamp>4715.240249</timestamp>
			</report>
			<report>
				<misses>13112001</misses>
				<total>14</total>
				<timestamp>4715.599854</timestamp>
			</report>
			<report>
				<misses>13113001</misses>
				<total>14</total>
				<timestamp>4715.959520</timestamp>
			</report>
			<report>
				<misses>13114001</misses>
				<total>14</total>
				<timestamp>4716.319135</timestamp>
			</report>
			<report>
				<misses>13115001</misses>
				<total>14</total>
				<timestamp>4716.678839</timestamp>
			</report>
			<report>
				<misses>13116001</misses>
				<total>14</total>
				<timestamp>4717.038488</timestamp>
			</report>
			<report>
				<misses>13117001</misses>
				<total>14</total>
				<timestamp>4717.398126</timestamp>
			</report>
			<report>
				<misses>13118001</misses>
				<total>14</total>
				<timestamp>4717.757779</timestamp>
			</report>
			<report>
				<misses>13119001</misses>
				<total>14</total>
				<timestamp>4718.117379</timestamp>
			</report>
			<report>
				<misses>13120001</misses>
				<total>14</total>
				<timestamp>4718.477057</timestamp>
			</report>
			<report>
				<misses>13121001</misses>
				<total>14</total>
				<timestamp>4718.836612</timestamp>
			</report>
			<report>
				<misses>13122001</misses>
				<total>14</total>
				<timestamp>4719.196277</timestamp>
			</report>
			<report>
				<misses>13123001</misses>
				<total>14</total>
				<timestamp>4719.555970</timestamp>
			</report>
			<report>
				<misses>13124001</misses>
				<total>14</total>
				<timestamp>4719.915553</timestamp>
			</report>
			<report>
				<misses>13125001</misses>
				<total>14</total>
				<timestamp>4720.275198</timestamp>
			</report>
			<report>
				<misses>13126001</misses>
				<total>14</total>
				<timestamp>4720.634837</timestamp>
			</report>
			<report>
				<misses>13127001</misses>
				<total>14</total>
				<timestamp>4720.994529</timestamp>
			</report>
			<report>
				<misses>13128001</misses>
				<total>14</total>
				<timestamp>4721.354219</timestamp>
			</report>
			<report>
				<misses>13129001</misses>
				<total>14</total>
				<timestamp>4721.713742</timestamp>
			</report>
			<report>
				<misses>13130001</misses>
				<total>14</total>
				<timestamp>4722.073416</timestamp>
			</report>
			<report>
				<misses>13131001</misses>
				<total>14</total>
				<timestamp>4722.433142</timestamp>
			</report>
			<report>
				<misses>13132001</misses>
				<total>14</total>
				<timestamp>4722.792701</timestamp>
			</report>
			<report>
				<misses>13133001</misses>
				<total>14</total>
				<timestamp>4723.152346</timestamp>
			</report>
			<report>
				<misses>13134001</misses>
				<total>14</total>
				<timestamp>4723.511951</timestamp>
			</report>
			<report>
				<misses>13135001</misses>
				<total>14</total>
				<timestamp>4723.871595</timestamp>
			</report>
			<report>
				<misses>13136001</misses>
				<total>14</total>
				<timestamp>4724.231209</timestamp>
			</report>
			<report>
				<misses>13137001</misses>
				<total>14</total>
				<timestamp>4724.590896</timestamp>
			</report>
			<report>
				<misses>13138001</misses>
				<total>14</total>
				<timestamp>4724.950518</timestamp>
			</report>
			<report>
				<misses>13139001</misses>
				<total>14</total>
				<timestamp>4725.310176</timestamp>
			</report>
			<report>
				<misses>13140001</misses>
				<total>14</total>
				<timestamp>4725.669918</timestamp>
			</report>
			<report>
				<misses>13141001</misses>
				<total>14</total>
				<timestamp>4726.029456</timestamp>
			</report>
			<report>
				<misses>13142001</misses>
				<total>14</total>
				<timestamp>4726.389125</timestamp>
			</report>
			<report>
				<misses>13143001</misses>
				<total>14</total>
				<timestamp>4726.748693</timestamp>
			</report>
			<report>
				<misses>13144001</misses>
				<total>14</total>
				<timestamp>4727.108382</timestamp>
			</report>
			<report>
				<misses>13145001</misses>
				<total>14</total>
				<timestamp>4727.468026</timestamp>
			</report>
			<report>
				<misses>13146001</misses>
				<total>14</total>
				<timestamp>4727.827618</timestamp>
			</report>
			<report>
				<misses>13147001</misses>
				<total>14</total>
				<timestamp>4728.187322</timestamp>
			</report>
			<report>
				<misses>13148001</misses>
				<total>14</total>
				<timestamp>4728.546933</timestamp>
			</report>
			<report>
				<misses>13149001</misses>
				<total>14</total>
				<timestamp>4728.906563</timestamp>
			</report>
			<report>
				<misses>13150001</misses>
				<total>14</total>
				<timestamp>4729.266182</timestamp>
			</report>
			<report>
				<misses>13151001</misses>
				<total>14</total>
				<timestamp>4729.625830</timestamp>
			</report>
			<report>
				<misses>13152001</misses>
				<total>14</total>
				<timestamp>4729.985477</timestamp>
			</report>
			<report>
				<misses>13153001</misses>
				<total>14</total>
				<timestamp>4730.345107</timestamp>
			</report>
			<report>
				<misses>13154001</misses>
				<total>14</total>
				<timestamp>4730.704748</timestamp>
			</report>
			<report>
				<misses>13155001</misses>
				<total>14</total>
				<timestamp>4731.064420</timestamp>
			</report>
			<report>
				<misses>13156001</misses>
				<total>14</total>
				<timestamp>4731.424036</timestamp>
			</report>
			<report>
				<misses>13157001</misses>
				<total>14</total>
				<timestamp>4731.783701</timestamp>
			</report>
			<report>
				<misses>13158001</misses>
				<total>14</total>
				<timestamp>4732.143429</timestamp>
			</report>
			<report>
				<misses>13159001</misses>
				<total>14</total>
				<timestamp>4732.502995</timestamp>
			</report>
			<report>
				<misses>13160001</misses>
				<total>14</total>
				<timestamp>4732.862683</timestamp>
			</report>
			<report>
				<misses>13161001</misses>
				<total>14</total>
				<timestamp>4733.222210</timestamp>
			</report>
			<report>
				<misses>13162001</misses>
				<total>14</total>
				<timestamp>4733.581858</timestamp>
			</report>
			<report>
				<misses>13163001</misses>
				<total>14</total>
				<timestamp>4733.941510</timestamp>
			</report>
			<report>
				<misses>13164001</misses>
				<total>14</total>
				<timestamp>4734.301188</timestamp>
			</report>
			<report>
				<misses>13165001</misses>
				<total>14</total>
				<timestamp>4734.660801</timestamp>
			</report>
			<report>
				<misses>13166001</misses>
				<total>14</total>
				<timestamp>4735.020468</timestamp>
			</report>
			<report>
				<misses>13167001</misses>
				<total>14</total>
				<timestamp>4735.380062</timestamp>
			</report>
			<report>
				<misses>13168001</misses>
				<total>14</total>
				<timestamp>4735.739731</timestamp>
			</report>
			<report>
				<misses>13169001</misses>
				<total>14</total>
				<timestamp>4736.099410</timestamp>
			</report>
			<report>
				<misses>13170001</misses>
				<total>14</total>
				<timestamp>4736.459010</timestamp>
			</report>
			<report>
				<misses>13171001</misses>
				<total>14</total>
				<timestamp>4736.818649</timestamp>
			</report>
			<report>
				<misses>13172001</misses>
				<total>14</total>
				<timestamp>4737.178260</timestamp>
			</report>
			<report>
				<misses>13173001</misses>
				<total>14</total>
				<timestamp>4737.537957</timestamp>
			</report>
			<report>
				<misses>13174001</misses>
				<total>14</total>
				<timestamp>4737.897610</timestamp>
			</report>
			<report>
				<misses>13175001</misses>
				<total>14</total>
				<timestamp>4738.257174</timestamp>
			</report>
			<report>
				<misses>13176001</misses>
				<total>14</total>
				<timestamp>4738.616930</timestamp>
			</report>
			<report>
				<misses>13177001</misses>
				<total>14</total>
				<timestamp>4738.976539</timestamp>
			</report>
			<report>
				<misses>13178001</misses>
				<total>14</total>
				<timestamp>4739.336149</timestamp>
			</report>
			<report>
				<misses>13179001</misses>
				<total>14</total>
				<timestamp>4739.695839</timestamp>
			</report>
			<report>
				<misses>13180001</misses>
				<total>14</total>
				<timestamp>4740.055379</timestamp>
			</report>
			<report>
				<misses>13181001</misses>
				<total>14</total>
				<timestamp>4740.415060</timestamp>
			</report>
			<report>
				<misses>13182001</misses>
				<total>14</total>
				<timestamp>4740.774662</timestamp>
			</report>
			<report>
				<misses>13183001</misses>
				<total>14</total>
				<timestamp>4741.134338</timestamp>
			</report>
			<report>
				<misses>13184001</misses>
				<total>14</total>
				<timestamp>4741.493937</timestamp>
			</report>
			<report>
				<misses>13185001</misses>
				<total>14</total>
				<timestamp>4741.853585</timestamp>
			</report>
			<report>
				<misses>13186001</misses>
				<total>14</total>
				<timestamp>4742.213273</timestamp>
			</report>
			<report>
				<misses>13187001</misses>
				<total>14</total>
				<timestamp>4742.572871</timestamp>
			</report>
			<report>
				<misses>13188001</misses>
				<total>14</total>
				<timestamp>4742.932514</timestamp>
			</report>
			<report>
				<misses>13189001</misses>
				<total>14</total>
				<timestamp>4743.292142</timestamp>
			</report>
			<report>
				<misses>13190001</misses>
				<total>14</total>
				<timestamp>4743.651825</timestamp>
			</report>
			<report>
				<misses>13191001</misses>
				<total>14</total>
				<timestamp>4744.011441</timestamp>
			</report>
			<report>
				<misses>13192001</misses>
				<total>14</total>
				<timestamp>4744.371073</timestamp>
			</report>
			<report>
				<misses>13193001</misses>
				<total>14</total>
				<timestamp>4744.730687</timestamp>
			</report>
			<report>
				<misses>13194001</misses>
				<total>14</total>
				<timestamp>4745.090392</timestamp>
			</report>
			<report>
				<misses>13195001</misses>
				<total>14</total>
				<timestamp>4745.450020</timestamp>
			</report>
			<report>
				<misses>13196001</misses>
				<total>14</total>
				<timestamp>4745.809619</timestamp>
			</report>
			<report>
				<misses>13197001</misses>
				<total>14</total>
				<timestamp>4746.169296</timestamp>
			</report>
			<report>
				<misses>13198001</misses>
				<total>14</total>
				<timestamp>4746.528910</timestamp>
			</report>
			<report>
				<misses>13199001</misses>
				<total>14</total>
				<timestamp>4746.888535</timestamp>
			</report>
			<report>
				<misses>13200001</misses>
				<total>14</total>
				<timestamp>4747.248226</timestamp>
			</report>
			<report>
				<misses>13201001</misses>
				<total>14</total>
				<timestamp>4747.607895</timestamp>
			</report>
			<report>
				<misses>13202001</misses>
				<total>14</total>
				<timestamp>4747.967453</timestamp>
			</report>
			<report>
				<misses>13203001</misses>
				<total>14</total>
				<timestamp>4748.327105</timestamp>
			</report>
			<report>
				<misses>13204001</misses>
				<total>14</total>
				<timestamp>4748.686784</timestamp>
			</report>
			<report>
				<misses>13205001</misses>
				<total>14</total>
				<timestamp>4749.046397</timestamp>
			</report>
			<report>
				<misses>13206001</misses>
				<total>14</total>
				<timestamp>4749.406015</timestamp>
			</report>
			<report>
				<misses>13207001</misses>
				<total>14</total>
				<timestamp>4749.765649</timestamp>
			</report>
			<report>
				<misses>13208001</misses>
				<total>14</total>
				<timestamp>4750.125432</timestamp>
			</report>
			<report>
				<misses>13209001</misses>
				<total>14</total>
				<timestamp>4750.485000</timestamp>
			</report>
			<report>
				<misses>13210001</misses>
				<total>14</total>
				<timestamp>4750.844610</timestamp>
			</report>
			<report>
				<misses>13211001</misses>
				<total>14</total>
				<timestamp>4751.204301</timestamp>
			</report>
			<report>
				<misses>13212001</misses>
				<total>14</total>
				<timestamp>4751.563863</timestamp>
			</report>
			<report>
				<misses>13213001</misses>
				<total>14</total>
				<timestamp>4751.923488</timestamp>
			</report>
			<report>
				<misses>13214001</misses>
				<total>14</total>
				<timestamp>4752.283190</timestamp>
			</report>
			<report>
				<misses>13215001</misses>
				<total>14</total>
				<timestamp>4752.642796</timestamp>
			</report>
			<report>
				<misses>13216001</misses>
				<total>14</total>
				<timestamp>4753.002492</timestamp>
			</report>
			<report>
				<misses>13217001</misses>
				<total>14</total>
				<timestamp>4753.362065</timestamp>
			</report>
			<report>
				<misses>13218001</misses>
				<total>14</total>
				<timestamp>4753.721740</timestamp>
			</report>
			<report>
				<misses>13219001</misses>
				<total>14</total>
				<timestamp>4754.081452</timestamp>
			</report>
			<report>
				<misses>13220001</misses>
				<total>14</total>
				<timestamp>4754.440989</timestamp>
			</report>
			<report>
				<misses>13221001</misses>
				<total>14</total>
				<timestamp>4754.800626</timestamp>
			</report>
			<report>
				<misses>13222001</misses>
				<total>14</total>
				<timestamp>4755.160268</timestamp>
			</report>
			<report>
				<misses>13223001</misses>
				<total>14</total>
				<timestamp>4755.520025</timestamp>
			</report>
			<report>
				<misses>13224001</misses>
				<total>14</total>
				<timestamp>4755.879528</timestamp>
			</report>
			<report>
				<misses>13225001</misses>
				<total>14</total>
				<timestamp>4756.239244</timestamp>
			</report>
			<report>
				<misses>13226001</misses>
				<total>14</total>
				<timestamp>4756.598927</timestamp>
			</report>
			<report>
				<misses>13227001</misses>
				<total>14</total>
				<timestamp>4756.958486</timestamp>
			</report>
			<report>
				<misses>13228001</misses>
				<total>14</total>
				<timestamp>4757.318140</timestamp>
			</report>
			<report>
				<misses>13229001</misses>
				<total>14</total>
				<timestamp>4757.677819</timestamp>
			</report>
			<report>
				<misses>13230001</misses>
				<total>14</total>
				<timestamp>4758.037385</timestamp>
			</report>
			<report>
				<misses>13231001</misses>
				<total>14</total>
				<timestamp>4758.397013</timestamp>
			</report>
			<report>
				<misses>13232001</misses>
				<total>14</total>
				<timestamp>4758.756655</timestamp>
			</report>
			<report>
				<misses>13233001</misses>
				<total>14</total>
				<timestamp>4759.116347</timestamp>
			</report>
			<report>
				<misses>13234001</misses>
				<total>14</total>
				<timestamp>4759.475943</timestamp>
			</report>
			<report>
				<misses>13235001</misses>
				<total>14</total>
				<timestamp>4759.835633</timestamp>
			</report>
			<report>
				<misses>13236001</misses>
				<total>14</total>
				<timestamp>4760.195247</timestamp>
			</report>
			<report>
				<misses>13237001</misses>
				<total>14</total>
				<timestamp>4760.554872</timestamp>
			</report>
			<report>
				<misses>13238001</misses>
				<total>14</total>
				<timestamp>4760.914563</timestamp>
			</report>
			<report>
				<misses>13239001</misses>
				<total>14</total>
				<timestamp>4761.274244</timestamp>
			</report>
			<report>
				<misses>13240001</misses>
				<total>14</total>
				<timestamp>4761.633843</timestamp>
			</report>
			<report>
				<misses>13241001</misses>
				<total>14</total>
				<timestamp>4761.993453</timestamp>
			</report>
			<report>
				<misses>13242001</misses>
				<total>14</total>
				<timestamp>4762.353137</timestamp>
			</report>
			<report>
				<misses>13243001</misses>
				<total>14</total>
				<timestamp>4762.712747</timestamp>
			</report>
			<report>
				<misses>13244001</misses>
				<total>14</total>
				<timestamp>4763.072358</timestamp>
			</report>
			<report>
				<misses>13245001</misses>
				<total>14</total>
				<timestamp>4763.431978</timestamp>
			</report>
			<report>
				<misses>13246001</misses>
				<total>14</total>
				<timestamp>4763.791670</timestamp>
			</report>
			<report>
				<misses>13247001</misses>
				<total>14</total>
				<timestamp>4764.151435</timestamp>
			</report>
			<report>
				<misses>13248001</misses>
				<total>14</total>
				<timestamp>4764.510905</timestamp>
			</report>
			<report>
				<misses>13249001</misses>
				<total>14</total>
				<timestamp>4764.870534</timestamp>
			</report>
			<report>
				<misses>13250001</misses>
				<total>14</total>
				<timestamp>4765.230217</timestamp>
			</report>
			<report>
				<misses>13251001</misses>
				<total>14</total>
				<timestamp>4765.589818</timestamp>
			</report>
			<report>
				<misses>13252001</misses>
				<total>14</total>
				<timestamp>4765.949452</timestamp>
			</report>
			<report>
				<misses>13253001</misses>
				<total>14</total>
				<timestamp>4766.309185</timestamp>
			</report>
			<report>
				<misses>13254001</misses>
				<total>14</total>
				<timestamp>4766.668736</timestamp>
			</report>
			<report>
				<misses>13255001</misses>
				<total>14</total>
				<timestamp>4767.028368</timestamp>
			</report>
			<report>
				<misses>13256001</misses>
				<total>14</total>
				<timestamp>4767.388075</timestamp>
			</report>
			<report>
				<misses>13257001</misses>
				<total>14</total>
				<timestamp>4767.747662</timestamp>
			</report>
			<report>
				<misses>13258001</misses>
				<total>14</total>
				<timestamp>4768.107340</timestamp>
			</report>
			<report>
				<misses>13259001</misses>
				<total>14</total>
				<timestamp>4768.467008</timestamp>
			</report>
			<report>
				<misses>13260001</misses>
				<total>14</total>
				<timestamp>4768.826648</timestamp>
			</report>
			<report>
				<misses>13261001</misses>
				<total>14</total>
				<timestamp>4769.186260</timestamp>
			</report>
			<report>
				<misses>13262001</misses>
				<total>14</total>
				<timestamp>4769.545875</timestamp>
			</report>
			<report>
				<misses>13263001</misses>
				<total>14</total>
				<timestamp>4769.905497</timestamp>
			</report>
			<report>
				<misses>13264001</misses>
				<total>14</total>
				<timestamp>4770.265225</timestamp>
			</report>
			<report>
				<misses>13265001</misses>
				<total>14</total>
				<timestamp>4770.624810</timestamp>
			</report>
			<report>
				<misses>13266001</misses>
				<total>14</total>
				<timestamp>4770.984411</timestamp>
			</report>
			<report>
				<misses>13267001</misses>
				<total>14</total>
				<timestamp>4771.344119</timestamp>
			</report>
			<report>
				<misses>13268001</misses>
				<total>14</total>
				<timestamp>4771.703729</timestamp>
			</report>
			<report>
				<misses>13269001</misses>
				<total>14</total>
				<timestamp>4772.063351</timestamp>
			</report>
			<report>
				<misses>13270001</misses>
				<total>14</total>
				<timestamp>4772.423039</timestamp>
			</report>
			<report>
				<misses>13271001</misses>
				<total>14</total>
				<timestamp>4772.782661</timestamp>
			</report>
			<report>
				<misses>13272001</misses>
				<total>14</total>
				<timestamp>4773.142268</timestamp>
			</report>
			<report>
				<misses>13273001</misses>
				<total>14</total>
				<timestamp>4773.501929</timestamp>
			</report>
			<report>
				<misses>13274001</misses>
				<total>14</total>
				<timestamp>4773.861563</timestamp>
			</report>
			<report>
				<misses>13275001</misses>
				<total>14</total>
				<timestamp>4774.221236</timestamp>
			</report>
			<report>
				<misses>13276001</misses>
				<total>14</total>
				<timestamp>4774.580877</timestamp>
			</report>
			<report>
				<misses>13277001</misses>
				<total>14</total>
				<timestamp>4774.940569</timestamp>
			</report>
			<report>
				<misses>13278001</misses>
				<total>14</total>
				<timestamp>4775.300194</timestamp>
			</report>
			<report>
				<misses>13279001</misses>
				<total>14</total>
				<timestamp>4775.659787</timestamp>
			</report>
			<report>
				<misses>13280001</misses>
				<total>14</total>
				<timestamp>4776.019397</timestamp>
			</report>
			<report>
				<misses>13281001</misses>
				<total>14</total>
				<timestamp>4776.379102</timestamp>
			</report>
			<report>
				<misses>13282001</misses>
				<total>14</total>
				<timestamp>4776.738704</timestamp>
			</report>
			<report>
				<misses>13283001</misses>
				<total>14</total>
				<timestamp>4777.098393</timestamp>
			</report>
			<report>
				<misses>13284001</misses>
				<total>14</total>
				<timestamp>4777.457956</timestamp>
			</report>
			<report>
				<misses>13285001</misses>
				<total>14</total>
				<timestamp>4777.817619</timestamp>
			</report>
			<report>
				<misses>13286001</misses>
				<total>14</total>
				<timestamp>4778.177257</timestamp>
			</report>
			<report>
				<misses>13287001</misses>
				<total>14</total>
				<timestamp>4778.536902</timestamp>
			</report>
			<report>
				<misses>13288001</misses>
				<total>14</total>
				<timestamp>4778.896568</timestamp>
			</report>
			<report>
				<misses>13289001</misses>
				<total>14</total>
				<timestamp>4779.256175</timestamp>
			</report>
			<report>
				<misses>13290001</misses>
				<total>14</total>
				<timestamp>4779.615806</timestamp>
			</report>
			<report>
				<misses>13291001</misses>
				<total>14</total>
				<timestamp>4779.975423</timestamp>
			</report>
			<report>
				<misses>13292001</misses>
				<total>14</total>
				<timestamp>4780.335164</timestamp>
			</report>
			<report>
				<misses>13293001</misses>
				<total>14</total>
				<timestamp>4780.694707</timestamp>
			</report>
			<report>
				<misses>13294001</misses>
				<total>14</total>
				<timestamp>4781.054333</timestamp>
			</report>
			<report>
				<misses>13295001</misses>
				<total>14</total>
				<timestamp>4781.414022</timestamp>
			</report>
			<report>
				<misses>13296001</misses>
				<total>14</total>
				<timestamp>4781.773629</timestamp>
			</report>
			<report>
				<misses>13297001</misses>
				<total>14</total>
				<timestamp>4782.133256</timestamp>
			</report>
			<report>
				<misses>13298001</misses>
				<total>14</total>
				<timestamp>4782.492957</timestamp>
			</report>
			<report>
				<misses>13299001</misses>
				<total>14</total>
				<timestamp>4782.852548</timestamp>
			</report>
			<report>
				<misses>13300001</misses>
				<total>14</total>
				<timestamp>4783.212201</timestamp>
			</report>
			<report>
				<misses>13301001</misses>
				<total>14</total>
				<timestamp>4783.571821</timestamp>
			</report>
			<report>
				<misses>13302001</misses>
				<total>14</total>
				<timestamp>4783.931487</timestamp>
			</report>
			<report>
				<misses>13303001</misses>
				<total>14</total>
				<timestamp>4784.291139</timestamp>
			</report>
			<report>
				<misses>13304001</misses>
				<total>14</total>
				<timestamp>4784.650801</timestamp>
			</report>
			<report>
				<misses>13305001</misses>
				<total>14</total>
				<timestamp>4785.010365</timestamp>
			</report>
			<report>
				<misses>13306001</misses>
				<total>14</total>
				<timestamp>4785.370062</timestamp>
			</report>
			<report>
				<misses>13307001</misses>
				<total>14</total>
				<timestamp>4785.729671</timestamp>
			</report>
			<report>
				<misses>13308001</misses>
				<total>14</total>
				<timestamp>4786.089336</timestamp>
			</report>
			<report>
				<misses>13309001</misses>
				<total>14</total>
				<timestamp>4786.448964</timestamp>
			</report>
			<report>
				<misses>13310001</misses>
				<total>14</total>
				<timestamp>4786.808566</timestamp>
			</report>
			<report>
				<misses>13311001</misses>
				<total>14</total>
				<timestamp>4787.168263</timestamp>
			</report>
			<report>
				<misses>13312001</misses>
				<total>14</total>
				<timestamp>4787.527852</timestamp>
			</report>
			<report>
				<misses>13313001</misses>
				<total>14</total>
				<timestamp>4787.887574</timestamp>
			</report>
			<report>
				<misses>13314001</misses>
				<total>14</total>
				<timestamp>4788.247179</timestamp>
			</report>
			<report>
				<misses>13315001</misses>
				<total>14</total>
				<timestamp>4788.606791</timestamp>
			</report>
			<report>
				<misses>13316001</misses>
				<total>14</total>
				<timestamp>4788.966433</timestamp>
			</report>
			<report>
				<misses>13317001</misses>
				<total>14</total>
				<timestamp>4789.326086</timestamp>
			</report>
			<report>
				<misses>13318001</misses>
				<total>14</total>
				<timestamp>4789.685740</timestamp>
			</report>
			<report>
				<misses>13319001</misses>
				<total>14</total>
				<timestamp>4790.045333</timestamp>
			</report>
			<report>
				<misses>13320001</misses>
				<total>14</total>
				<timestamp>4790.405104</timestamp>
			</report>
			<report>
				<misses>13321001</misses>
				<total>14</total>
				<timestamp>4790.764662</timestamp>
			</report>
			<report>
				<misses>13322001</misses>
				<total>14</total>
				<timestamp>4791.124286</timestamp>
			</report>
			<report>
				<misses>13323001</misses>
				<total>14</total>
				<timestamp>4791.483907</timestamp>
			</report>
			<report>
				<misses>13324001</misses>
				<total>14</total>
				<timestamp>4791.843542</timestamp>
			</report>
			<report>
				<misses>13325001</misses>
				<total>14</total>
				<timestamp>4792.203234</timestamp>
			</report>
			<report>
				<misses>13326001</misses>
				<total>14</total>
				<timestamp>4792.562921</timestamp>
			</report>
			<report>
				<misses>13327001</misses>
				<total>14</total>
				<timestamp>4792.922464</timestamp>
			</report>
			<report>
				<misses>13328001</misses>
				<total>14</total>
				<timestamp>4793.282139</timestamp>
			</report>
			<report>
				<misses>13329001</misses>
				<total>14</total>
				<timestamp>4793.641879</timestamp>
			</report>
			<report>
				<misses>13330001</misses>
				<total>14</total>
				<timestamp>4794.001483</timestamp>
			</report>
			<report>
				<misses>13331001</misses>
				<total>14</total>
				<timestamp>4794.361031</timestamp>
			</report>
			<report>
				<misses>13332001</misses>
				<total>14</total>
				<timestamp>4794.720687</timestamp>
			</report>
			<report>
				<misses>13333001</misses>
				<total>14</total>
				<timestamp>4795.080344</timestamp>
			</report>
			<report>
				<misses>13334001</misses>
				<total>14</total>
				<timestamp>4795.439993</timestamp>
			</report>
			<report>
				<misses>13335001</misses>
				<total>14</total>
				<timestamp>4795.799586</timestamp>
			</report>
			<report>
				<misses>13336001</misses>
				<total>14</total>
				<timestamp>4796.159231</timestamp>
			</report>
			<report>
				<misses>13337001</misses>
				<total>14</total>
				<timestamp>4796.518852</timestamp>
			</report>
			<report>
				<misses>13338001</misses>
				<total>14</total>
				<timestamp>4796.878519</timestamp>
			</report>
			<report>
				<misses>13339001</misses>
				<total>14</total>
				<timestamp>4797.238277</timestamp>
			</report>
			<report>
				<misses>13340001</misses>
				<total>14</total>
				<timestamp>4797.597818</timestamp>
			</report>
			<report>
				<misses>13341001</misses>
				<total>14</total>
				<timestamp>4797.957487</timestamp>
			</report>
			<report>
				<misses>13342001</misses>
				<total>14</total>
				<timestamp>4798.317116</timestamp>
			</report>
			<report>
				<misses>13343001</misses>
				<total>14</total>
				<timestamp>4798.676701</timestamp>
			</report>
			<report>
				<misses>13344001</misses>
				<total>14</total>
				<timestamp>4799.036362</timestamp>
			</report>
			<report>
				<misses>13345001</misses>
				<total>14</total>
				<timestamp>4799.396101</timestamp>
			</report>
			<report>
				<misses>13346001</misses>
				<total>14</total>
				<timestamp>4799.755601</timestamp>
			</report>
			<report>
				<misses>13347001</misses>
				<total>14</total>
				<timestamp>4800.115283</timestamp>
			</report>
			<report>
				<misses>13348001</misses>
				<total>14</total>
				<timestamp>4800.474956</timestamp>
			</report>
			<report>
				<misses>13349001</misses>
				<total>14</total>
				<timestamp>4800.834599</timestamp>
			</report>
			<report>
				<misses>13350001</misses>
				<total>14</total>
				<timestamp>4801.194173</timestamp>
			</report>
			<report>
				<misses>13351001</misses>
				<total>14</total>
				<timestamp>4801.553852</timestamp>
			</report>
			<report>
				<misses>13352001</misses>
				<total>14</total>
				<timestamp>4801.913485</timestamp>
			</report>
			<report>
				<misses>13353001</misses>
				<total>14</total>
				<timestamp>4802.273130</timestamp>
			</report>
			<report>
				<misses>13354001</misses>
				<total>14</total>
				<timestamp>4802.632738</timestamp>
			</report>
			<report>
				<misses>13355001</misses>
				<total>14</total>
				<timestamp>4802.992450</timestamp>
			</report>
			<report>
				<misses>13356001</misses>
				<total>14</total>
				<timestamp>4803.352065</timestamp>
			</report>
			<report>
				<misses>13357001</misses>
				<total>14</total>
				<timestamp>4803.711662</timestamp>
			</report>
			<report>
				<misses>13358001</misses>
				<total>14</total>
				<timestamp>4804.071321</timestamp>
			</report>
			<report>
				<misses>13359001</misses>
				<total>14</total>
				<timestamp>4804.430948</timestamp>
			</report>
			<report>
				<misses>13360001</misses>
				<total>14</total>
				<timestamp>4804.790593</timestamp>
			</report>
			<report>
				<misses>13361001</misses>
				<total>14</total>
				<timestamp>4805.150290</timestamp>
			</report>
			<report>
				<misses>13362001</misses>
				<total>14</total>
				<timestamp>4805.509883</timestamp>
			</report>
			<report>
				<misses>13363001</misses>
				<total>14</total>
				<timestamp>4805.869542</timestamp>
			</report>
			<report>
				<misses>13364001</misses>
				<total>14</total>
				<timestamp>4806.229168</timestamp>
			</report>
			<report>
				<misses>13365001</misses>
				<total>14</total>
				<timestamp>4806.588765</timestamp>
			</report>
			<report>
				<misses>13366001</misses>
				<total>14</total>
				<timestamp>4806.948446</timestamp>
			</report>
			<report>
				<misses>13367001</misses>
				<total>14</total>
				<timestamp>4807.308084</timestamp>
			</report>
			<report>
				<misses>13368001</misses>
				<total>14</total>
				<timestamp>4807.667720</timestamp>
			</report>
			<report>
				<misses>13369001</misses>
				<total>14</total>
				<timestamp>4808.027359</timestamp>
			</report>
			<report>
				<misses>13370001</misses>
				<total>14</total>
				<timestamp>4808.387074</timestamp>
			</report>
			<report>
				<misses>13371001</misses>
				<total>14</total>
				<timestamp>4808.746628</timestamp>
			</report>
			<report>
				<misses>13372001</misses>
				<total>14</total>
				<timestamp>4809.106374</timestamp>
			</report>
			<report>
				<misses>13373001</misses>
				<total>14</total>
				<timestamp>4809.466056</timestamp>
			</report>
			<report>
				<misses>13374001</misses>
				<total>14</total>
				<timestamp>4809.825549</timestamp>
			</report>
			<report>
				<misses>13375001</misses>
				<total>14</total>
				<timestamp>4810.185195</timestamp>
			</report>
			<report>
				<misses>13376001</misses>
				<total>14</total>
				<timestamp>4810.544830</timestamp>
			</report>
			<report>
				<misses>13377001</misses>
				<total>14</total>
				<timestamp>4810.904466</timestamp>
			</report>
			<report>
				<misses>13378001</misses>
				<total>14</total>
				<timestamp>4811.264104</timestamp>
			</report>
			<report>
				<misses>13379001</misses>
				<total>14</total>
				<timestamp>4811.623742</timestamp>
			</report>
			<report>
				<misses>13380001</misses>
				<total>14</total>
				<timestamp>4811.983410</timestamp>
			</report>
			<report>
				<misses>13381001</misses>
				<total>14</total>
				<timestamp>4812.343086</timestamp>
			</report>
			<report>
				<misses>13382001</misses>
				<total>14</total>
				<timestamp>4812.702672</timestamp>
			</report>
			<report>
				<misses>13383001</misses>
				<total>14</total>
				<timestamp>4813.062310</timestamp>
			</report>
			<report>
				<misses>13384001</misses>
				<total>14</total>
				<timestamp>4813.421962</timestamp>
			</report>
			<report>
				<misses>13385001</misses>
				<total>14</total>
				<timestamp>4813.781561</timestamp>
			</report>
			<report>
				<misses>13386001</misses>
				<total>14</total>
				<timestamp>4814.141246</timestamp>
			</report>
			<report>
				<misses>13387001</misses>
				<total>14</total>
				<timestamp>4814.500913</timestamp>
			</report>
			<report>
				<misses>13388001</misses>
				<total>14</total>
				<timestamp>4814.860500</timestamp>
			</report>
			<report>
				<misses>13389001</misses>
				<total>14</total>
				<timestamp>4815.220129</timestamp>
			</report>
			<report>
				<misses>13390001</misses>
				<total>14</total>
				<timestamp>4815.579875</timestamp>
			</report>
			<report>
				<misses>13391001</misses>
				<total>14</total>
				<timestamp>4815.939456</timestamp>
			</report>
			<report>
				<misses>13392001</misses>
				<total>14</total>
				<timestamp>4816.299066</timestamp>
			</report>
			<report>
				<misses>13393001</misses>
				<total>14</total>
				<timestamp>4816.658742</timestamp>
			</report>
			<report>
				<misses>13394001</misses>
				<total>14</total>
				<timestamp>4817.018339</timestamp>
			</report>
			<report>
				<misses>13395001</misses>
				<total>14</total>
				<timestamp>4817.378011</timestamp>
			</report>
			<report>
				<misses>13396001</misses>
				<total>14</total>
				<timestamp>4817.737614</timestamp>
			</report>
			<report>
				<misses>13397001</misses>
				<total>14</total>
				<timestamp>4818.097286</timestamp>
			</report>
			<report>
				<misses>13398001</misses>
				<total>14</total>
				<timestamp>4818.456963</timestamp>
			</report>
			<report>
				<misses>13399001</misses>
				<total>14</total>
				<timestamp>4818.816541</timestamp>
			</report>
			<report>
				<misses>13400001</misses>
				<total>14</total>
				<timestamp>4819.176178</timestamp>
			</report>
			<report>
				<misses>13401001</misses>
				<total>14</total>
				<timestamp>4819.535837</timestamp>
			</report>
			<report>
				<misses>13402001</misses>
				<total>14</total>
				<timestamp>4819.895474</timestamp>
			</report>
			<report>
				<misses>13403001</misses>
				<total>14</total>
				<timestamp>4820.255097</timestamp>
			</report>
			<report>
				<misses>13404001</misses>
				<total>14</total>
				<timestamp>4820.614770</timestamp>
			</report>
			<report>
				<misses>13405001</misses>
				<total>14</total>
				<timestamp>4820.974401</timestamp>
			</report>
			<report>
				<misses>13406001</misses>
				<total>14</total>
				<timestamp>4821.334027</timestamp>
			</report>
			<report>
				<misses>13407001</misses>
				<total>14</total>
				<timestamp>4821.693668</timestamp>
			</report>
			<report>
				<misses>13408001</misses>
				<total>14</total>
				<timestamp>4822.053330</timestamp>
			</report>
			<report>
				<misses>13409001</misses>
				<total>14</total>
				<timestamp>4822.412966</timestamp>
			</report>
			<report>
				<misses>13410001</misses>
				<total>14</total>
				<timestamp>4822.772613</timestamp>
			</report>
			<report>
				<misses>13411001</misses>
				<total>14</total>
				<timestamp>4823.132212</timestamp>
			</report>
			<report>
				<misses>13412001</misses>
				<total>14</total>
				<timestamp>4823.491858</timestamp>
			</report>
			<report>
				<misses>13413001</misses>
				<total>14</total>
				<timestamp>4823.851503</timestamp>
			</report>
			<report>
				<misses>13414001</misses>
				<total>14</total>
				<timestamp>4824.211197</timestamp>
			</report>
			<report>
				<misses>13415001</misses>
				<total>14</total>
				<timestamp>4824.570876</timestamp>
			</report>
			<report>
				<misses>13416001</misses>
				<total>14</total>
				<timestamp>4824.930421</timestamp>
			</report>
			<report>
				<misses>13417001</misses>
				<total>14</total>
				<timestamp>4825.290049</timestamp>
			</report>
			<report>
				<misses>13418001</misses>
				<total>14</total>
				<timestamp>4825.649778</timestamp>
			</report>
			<report>
				<misses>13419001</misses>
				<total>14</total>
				<timestamp>4826.009347</timestamp>
			</report>
			<report>
				<misses>13420001</misses>
				<total>14</total>
				<timestamp>4826.369046</timestamp>
			</report>
			<report>
				<misses>13421001</misses>
				<total>14</total>
				<timestamp>4826.728670</timestamp>
			</report>
			<report>
				<misses>13422001</misses>
				<total>14</total>
				<timestamp>4827.088311</timestamp>
			</report>
			<report>
				<misses>13423001</misses>
				<total>14</total>
				<timestamp>4827.447936</timestamp>
			</report>
			<report>
				<misses>13424001</misses>
				<total>14</total>
				<timestamp>4827.807595</timestamp>
			</report>
			<report>
				<misses>13425001</misses>
				<total>14</total>
				<timestamp>4828.167160</timestamp>
			</report>
			<report>
				<misses>13426001</misses>
				<total>14</total>
				<timestamp>4828.526845</timestamp>
			</report>
			<report>
				<misses>13427001</misses>
				<total>14</total>
				<timestamp>4828.886475</timestamp>
			</report>
			<report>
				<misses>13428001</misses>
				<total>14</total>
				<timestamp>4829.246128</timestamp>
			</report>
			<report>
				<misses>13429001</misses>
				<total>14</total>
				<timestamp>4829.605868</timestamp>
			</report>
			<report>
				<misses>13430001</misses>
				<total>14</total>
				<timestamp>4829.965403</timestamp>
			</report>
			<report>
				<misses>13431001</misses>
				<total>14</total>
				<timestamp>4830.325060</timestamp>
			</report>
			<report>
				<misses>13432001</misses>
				<total>14</total>
				<timestamp>4830.684719</timestamp>
			</report>
			<report>
				<misses>13433001</misses>
				<total>14</total>
				<timestamp>4831.044338</timestamp>
			</report>
			<report>
				<misses>13434001</misses>
				<total>14</total>
				<timestamp>4831.403946</timestamp>
			</report>
			<report>
				<misses>13435001</misses>
				<total>14</total>
				<timestamp>4831.763565</timestamp>
			</report>
			<report>
				<misses>13436001</misses>
				<total>14</total>
				<timestamp>4832.123276</timestamp>
			</report>
			<report>
				<misses>13437001</misses>
				<total>14</total>
				<timestamp>4832.482896</timestamp>
			</report>
			<report>
				<misses>13438001</misses>
				<total>14</total>
				<timestamp>4832.842533</timestamp>
			</report>
			<report>
				<misses>13439001</misses>
				<total>14</total>
				<timestamp>4833.202173</timestamp>
			</report>
			<report>
				<misses>13440001</misses>
				<total>14</total>
				<timestamp>4833.561843</timestamp>
			</report>
			<report>
				<misses>13441001</misses>
				<total>14</total>
				<timestamp>4833.921434</timestamp>
			</report>
			<report>
				<misses>13442001</misses>
				<total>14</total>
				<timestamp>4834.281110</timestamp>
			</report>
			<report>
				<misses>13443001</misses>
				<total>14</total>
				<timestamp>4834.640712</timestamp>
			</report>
			<report>
				<misses>13444001</misses>
				<total>14</total>
				<timestamp>4835.000363</timestamp>
			</report>
			<report>
				<misses>13445001</misses>
				<total>14</total>
				<timestamp>4835.360022</timestamp>
			</report>
			<report>
				<misses>13446001</misses>
				<total>14</total>
				<timestamp>4835.719645</timestamp>
			</report>
			<report>
				<misses>13447001</misses>
				<total>14</total>
				<timestamp>4836.079271</timestamp>
			</report>
			<report>
				<misses>13448001</misses>
				<total>14</total>
				<timestamp>4836.438900</timestamp>
			</report>
			<report>
				<misses>13449001</misses>
				<total>14</total>
				<timestamp>4836.798555</timestamp>
			</report>
			<report>
				<misses>13450001</misses>
				<total>14</total>
				<timestamp>4837.158197</timestamp>
			</report>
			<report>
				<misses>13451001</misses>
				<total>14</total>
				<timestamp>4837.517858</timestamp>
			</report>
			<report>
				<misses>13452001</misses>
				<total>14</total>
				<timestamp>4837.877456</timestamp>
			</report>
			<report>
				<misses>13453001</misses>
				<total>14</total>
				<timestamp>4838.237109</timestamp>
			</report>
			<report>
				<misses>13454001</misses>
				<total>14</total>
				<timestamp>4838.596747</timestamp>
			</report>
			<report>
				<misses>13455001</misses>
				<total>14</total>
				<timestamp>4838.956378</timestamp>
			</report>
			<report>
				<misses>13456001</misses>
				<total>14</total>
				<timestamp>4839.316039</timestamp>
			</report>
			<report>
				<misses>13457001</misses>
				<total>14</total>
				<timestamp>4839.675697</timestamp>
			</report>
			<report>
				<misses>13458001</misses>
				<total>14</total>
				<timestamp>4840.035339</timestamp>
			</report>
			<report>
				<misses>13459001</misses>
				<total>14</total>
				<timestamp>4840.394976</timestamp>
			</report>
			<report>
				<misses>13460001</misses>
				<total>14</total>
				<timestamp>4840.754584</timestamp>
			</report>
			<report>
				<misses>13461001</misses>
				<total>14</total>
				<timestamp>4841.114200</timestamp>
			</report>
			<report>
				<misses>13462001</misses>
				<total>14</total>
				<timestamp>4841.473881</timestamp>
			</report>
			<report>
				<misses>13463001</misses>
				<total>14</total>
				<timestamp>4841.833531</timestamp>
			</report>
			<report>
				<misses>13464001</misses>
				<total>14</total>
				<timestamp>4842.193137</timestamp>
			</report>
			<report>
				<misses>13465001</misses>
				<total>14</total>
				<timestamp>4842.552825</timestamp>
			</report>
			<report>
				<misses>13466001</misses>
				<total>14</total>
				<timestamp>4842.912490</timestamp>
			</report>
			<report>
				<misses>13467001</misses>
				<total>14</total>
				<timestamp>4843.272100</timestamp>
			</report>
			<report>
				<misses>13468001</misses>
				<total>14</total>
				<timestamp>4843.631718</timestamp>
			</report>
			<report>
				<misses>13469001</misses>
				<total>14</total>
				<timestamp>4843.991343</timestamp>
			</report>
			<report>
				<misses>13470001</misses>
				<total>14</total>
				<timestamp>4844.351048</timestamp>
			</report>
			<report>
				<misses>13471001</misses>
				<total>14</total>
				<timestamp>4844.710621</timestamp>
			</report>
			<report>
				<misses>13472001</misses>
				<total>14</total>
				<timestamp>4845.070319</timestamp>
			</report>
			<report>
				<misses>13473001</misses>
				<total>14</total>
				<timestamp>4845.429941</timestamp>
			</report>
			<report>
				<misses>13474001</misses>
				<total>14</total>
				<timestamp>4845.789576</timestamp>
			</report>
			<report>
				<misses>13475001</misses>
				<total>14</total>
				<timestamp>4846.149200</timestamp>
			</report>
			<report>
				<misses>13476001</misses>
				<total>14</total>
				<timestamp>4846.508866</timestamp>
			</report>
			<report>
				<misses>13477001</misses>
				<total>14</total>
				<timestamp>4846.868448</timestamp>
			</report>
			<report>
				<misses>13478001</misses>
				<total>14</total>
				<timestamp>4847.228109</timestamp>
			</report>
			<report>
				<misses>13479001</misses>
				<total>14</total>
				<timestamp>4847.587747</timestamp>
			</report>
			<report>
				<misses>13480001</misses>
				<total>14</total>
				<timestamp>4847.947493</timestamp>
			</report>
			<report>
				<misses>13481001</misses>
				<total>14</total>
				<timestamp>4848.307093</timestamp>
			</report>
			<report>
				<misses>13482001</misses>
				<total>14</total>
				<timestamp>4848.666683</timestamp>
			</report>
			<report>
				<misses>13483001</misses>
				<total>14</total>
				<timestamp>4849.026310</timestamp>
			</report>
			<report>
				<misses>13484001</misses>
				<total>14</total>
				<timestamp>4849.385938</timestamp>
			</report>
			<report>
				<misses>13485001</misses>
				<total>14</total>
				<timestamp>4849.745578</timestamp>
			</report>
			<report>
				<misses>13486001</misses>
				<total>14</total>
				<timestamp>4850.105242</timestamp>
			</report>
			<report>
				<misses>13487001</misses>
				<total>14</total>
				<timestamp>4850.464910</timestamp>
			</report>
			<report>
				<misses>13488001</misses>
				<total>14</total>
				<timestamp>4850.824502</timestamp>
			</report>
			<report>
				<misses>13489001</misses>
				<total>14</total>
				<timestamp>4851.184178</timestamp>
			</report>
			<report>
				<misses>13490001</misses>
				<total>14</total>
				<timestamp>4851.543838</timestamp>
			</report>
			<report>
				<misses>13491001</misses>
				<total>14</total>
				<timestamp>4851.903499</timestamp>
			</report>
			<report>
				<misses>13492001</misses>
				<total>14</total>
				<timestamp>4852.263097</timestamp>
			</report>
			<report>
				<misses>13493001</misses>
				<total>14</total>
				<timestamp>4852.622791</timestamp>
			</report>
			<report>
				<misses>13494001</misses>
				<total>14</total>
				<timestamp>4852.982347</timestamp>
			</report>
			<report>
				<misses>13495001</misses>
				<total>14</total>
				<timestamp>4853.342049</timestamp>
			</report>
			<report>
				<misses>13496001</misses>
				<total>14</total>
				<timestamp>4853.701666</timestamp>
			</report>
			<report>
				<misses>13497001</misses>
				<total>14</total>
				<timestamp>4854.061279</timestamp>
			</report>
			<report>
				<misses>13498001</misses>
				<total>14</total>
				<timestamp>4854.420962</timestamp>
			</report>
			<report>
				<misses>13499001</misses>
				<total>14</total>
				<timestamp>4854.780563</timestamp>
			</report>
			<report>
				<misses>13500001</misses>
				<total>14</total>
				<timestamp>4855.140243</timestamp>
			</report>
			<report>
				<misses>13501001</misses>
				<total>14</total>
				<timestamp>4855.499910</timestamp>
			</report>
			<report>
				<misses>13502001</misses>
				<total>14</total>
				<timestamp>4855.859446</timestamp>
			</report>
			<report>
				<misses>13503001</misses>
				<total>14</total>
				<timestamp>4856.219130</timestamp>
			</report>
			<report>
				<misses>13504001</misses>
				<total>14</total>
				<timestamp>4856.578768</timestamp>
			</report>
			<report>
				<misses>13505001</misses>
				<total>14</total>
				<timestamp>4856.938435</timestamp>
			</report>
			<report>
				<misses>13506001</misses>
				<total>14</total>
				<timestamp>4857.298182</timestamp>
			</report>
			<report>
				<misses>13507001</misses>
				<total>14</total>
				<timestamp>4857.657761</timestamp>
			</report>
			<report>
				<misses>13508001</misses>
				<total>14</total>
				<timestamp>4858.017357</timestamp>
			</report>
			<report>
				<misses>13509001</misses>
				<total>14</total>
				<timestamp>4858.376959</timestamp>
			</report>
			<report>
				<misses>13510001</misses>
				<total>14</total>
				<timestamp>4858.736653</timestamp>
			</report>
			<report>
				<misses>13511001</misses>
				<total>14</total>
				<timestamp>4859.096260</timestamp>
			</report>
			<report>
				<misses>13512001</misses>
				<total>14</total>
				<timestamp>4859.455903</timestamp>
			</report>
			<report>
				<misses>13513001</misses>
				<total>14</total>
				<timestamp>4859.815488</timestamp>
			</report>
			<report>
				<misses>13514001</misses>
				<total>14</total>
				<timestamp>4860.175166</timestamp>
			</report>
			<report>
				<misses>13515001</misses>
				<total>14</total>
				<timestamp>4860.534767</timestamp>
			</report>
			<report>
				<misses>13516001</misses>
				<total>14</total>
				<timestamp>4860.894552</timestamp>
			</report>
			<report>
				<misses>13517001</misses>
				<total>14</total>
				<timestamp>4861.254056</timestamp>
			</report>
			<report>
				<misses>13518001</misses>
				<total>14</total>
				<timestamp>4861.613715</timestamp>
			</report>
			<report>
				<misses>13519001</misses>
				<total>14</total>
				<timestamp>4861.973352</timestamp>
			</report>
			<report>
				<misses>13520001</misses>
				<total>14</total>
				<timestamp>4862.333071</timestamp>
			</report>
			<report>
				<misses>13521001</misses>
				<total>14</total>
				<timestamp>4862.692654</timestamp>
			</report>
			<report>
				<misses>13522001</misses>
				<total>14</total>
				<timestamp>4863.052314</timestamp>
			</report>
			<report>
				<misses>13523001</misses>
				<total>14</total>
				<timestamp>4863.411924</timestamp>
			</report>
			<report>
				<misses>13524001</misses>
				<total>14</total>
				<timestamp>4863.771536</timestamp>
			</report>
			<report>
				<misses>13525001</misses>
				<total>14</total>
				<timestamp>4864.131200</timestamp>
			</report>
			<report>
				<misses>13526001</misses>
				<total>14</total>
				<timestamp>4864.490811</timestamp>
			</report>
			<report>
				<misses>13527001</misses>
				<total>14</total>
				<timestamp>4864.850480</timestamp>
			</report>
			<report>
				<misses>13528001</misses>
				<total>14</total>
				<timestamp>4865.210096</timestamp>
			</report>
			<report>
				<misses>13529001</misses>
				<total>14</total>
				<timestamp>4865.569754</timestamp>
			</report>
			<report>
				<misses>13530001</misses>
				<total>14</total>
				<timestamp>4865.929433</timestamp>
			</report>
			<report>
				<misses>13531001</misses>
				<total>14</total>
				<timestamp>4866.289066</timestamp>
			</report>
			<report>
				<misses>13532001</misses>
				<total>14</total>
				<timestamp>4866.648766</timestamp>
			</report>
			<report>
				<misses>13533001</misses>
				<total>14</total>
				<timestamp>4867.008304</timestamp>
			</report>
			<report>
				<misses>13534001</misses>
				<total>14</total>
				<timestamp>4867.367987</timestamp>
			</report>
			<report>
				<misses>13535001</misses>
				<total>14</total>
				<timestamp>4867.727622</timestamp>
			</report>
			<report>
				<misses>13536001</misses>
				<total>14</total>
				<timestamp>4868.087247</timestamp>
			</report>
			<report>
				<misses>13537001</misses>
				<total>14</total>
				<timestamp>4868.446879</timestamp>
			</report>
			<report>
				<misses>13538001</misses>
				<total>14</total>
				<timestamp>4868.806526</timestamp>
			</report>
			<report>
				<misses>13539001</misses>
				<total>14</total>
				<timestamp>4869.166134</timestamp>
			</report>
			<report>
				<misses>13540001</misses>
				<total>14</total>
				<timestamp>4869.525794</timestamp>
			</report>
			<report>
				<misses>13541001</misses>
				<total>14</total>
				<timestamp>4869.885448</timestamp>
			</report>
			<report>
				<misses>13542001</misses>
				<total>14</total>
				<timestamp>4870.245075</timestamp>
			</report>
			<report>
				<misses>13543001</misses>
				<total>14</total>
				<timestamp>4870.604745</timestamp>
			</report>
			<report>
				<misses>13544001</misses>
				<total>14</total>
				<timestamp>4870.964335</timestamp>
			</report>
			<report>
				<misses>13545001</misses>
				<total>14</total>
				<timestamp>4871.324031</timestamp>
			</report>
			<report>
				<misses>13546001</misses>
				<total>14</total>
				<timestamp>4871.683673</timestamp>
			</report>
			<report>
				<misses>13547001</misses>
				<total>14</total>
				<timestamp>4872.043265</timestamp>
			</report>
			<report>
				<misses>13548001</misses>
				<total>14</total>
				<timestamp>4872.402902</timestamp>
			</report>
			<report>
				<misses>13549001</misses>
				<total>14</total>
				<timestamp>4872.762563</timestamp>
			</report>
			<report>
				<misses>13550001</misses>
				<total>14</total>
				<timestamp>4873.122221</timestamp>
			</report>
			<report>
				<misses>13551001</misses>
				<total>14</total>
				<timestamp>4873.481878</timestamp>
			</report>
			<report>
				<misses>13552001</misses>
				<total>14</total>
				<timestamp>4873.841501</timestamp>
			</report>
			<report>
				<misses>13553001</misses>
				<total>14</total>
				<timestamp>4874.201092</timestamp>
			</report>
			<report>
				<misses>13554001</misses>
				<total>14</total>
				<timestamp>4874.560845</timestamp>
			</report>
			<report>
				<misses>13555001</misses>
				<total>14</total>
				<timestamp>4874.920398</timestamp>
			</report>
			<report>
				<misses>13556001</misses>
				<total>14</total>
				<timestamp>4875.280058</timestamp>
			</report>
			<report>
				<misses>13557001</misses>
				<total>14</total>
				<timestamp>4875.639733</timestamp>
			</report>
			<report>
				<misses>13558001</misses>
				<total>14</total>
				<timestamp>4875.999358</timestamp>
			</report>
			<report>
				<misses>13559001</misses>
				<total>14</total>
				<timestamp>4876.358971</timestamp>
			</report>
			<report>
				<misses>13560001</misses>
				<total>14</total>
				<timestamp>4876.718636</timestamp>
			</report>
			<report>
				<misses>13561001</misses>
				<total>14</total>
				<timestamp>4877.078209</timestamp>
			</report>
			<report>
				<misses>13562001</misses>
				<total>14</total>
				<timestamp>4877.437864</timestamp>
			</report>
			<report>
				<misses>13563001</misses>
				<total>14</total>
				<timestamp>4877.797507</timestamp>
			</report>
			<report>
				<misses>13564001</misses>
				<total>14</total>
				<timestamp>4878.157187</timestamp>
			</report>
			<report>
				<misses>13565001</misses>
				<total>14</total>
				<timestamp>4878.516820</timestamp>
			</report>
			<report>
				<misses>13566001</misses>
				<total>14</total>
				<timestamp>4878.876421</timestamp>
			</report>
			<report>
				<misses>13567001</misses>
				<total>14</total>
				<timestamp>4879.236100</timestamp>
			</report>
			<report>
				<misses>13568001</misses>
				<total>14</total>
				<timestamp>4879.595685</timestamp>
			</report>
			<report>
				<misses>13569001</misses>
				<total>14</total>
				<timestamp>4879.955416</timestamp>
			</report>
			<report>
				<misses>13570001</misses>
				<total>14</total>
				<timestamp>4880.315003</timestamp>
			</report>
			<report>
				<misses>13571001</misses>
				<total>14</total>
				<timestamp>4880.674660</timestamp>
			</report>
			<report>
				<misses>13572001</misses>
				<total>14</total>
				<timestamp>4881.034298</timestamp>
			</report>
			<report>
				<misses>13573001</misses>
				<total>14</total>
				<timestamp>4881.393948</timestamp>
			</report>
			<report>
				<misses>13574001</misses>
				<total>14</total>
				<timestamp>4881.753591</timestamp>
			</report>
			<report>
				<misses>13575001</misses>
				<total>14</total>
				<timestamp>4882.113188</timestamp>
			</report>
			<report>
				<misses>13576001</misses>
				<total>14</total>
				<timestamp>4882.472821</timestamp>
			</report>
			<report>
				<misses>13577001</misses>
				<total>14</total>
				<timestamp>4882.832501</timestamp>
			</report>
			<report>
				<misses>13578001</misses>
				<total>14</total>
				<timestamp>4883.192132</timestamp>
			</report>
			<report>
				<misses>13579001</misses>
				<total>14</total>
				<timestamp>4883.551773</timestamp>
			</report>
			<report>
				<misses>13580001</misses>
				<total>14</total>
				<timestamp>4883.911451</timestamp>
			</report>
			<report>
				<misses>13581001</misses>
				<total>14</total>
				<timestamp>4884.271025</timestamp>
			</report>
			<report>
				<misses>13582001</misses>
				<total>14</total>
				<timestamp>4884.630720</timestamp>
			</report>
			<report>
				<misses>13583001</misses>
				<total>14</total>
				<timestamp>4884.990303</timestamp>
			</report>
			<report>
				<misses>13584001</misses>
				<total>14</total>
				<timestamp>4885.349976</timestamp>
			</report>
			<report>
				<misses>13585001</misses>
				<total>14</total>
				<timestamp>4885.709637</timestamp>
			</report>
			<report>
				<misses>13586001</misses>
				<total>14</total>
				<timestamp>4886.069240</timestamp>
			</report>
			<report>
				<misses>13587001</misses>
				<total>14</total>
				<timestamp>4886.428860</timestamp>
			</report>
			<report>
				<misses>13588001</misses>
				<total>14</total>
				<timestamp>4886.788605</timestamp>
			</report>
			<report>
				<misses>13589001</misses>
				<total>14</total>
				<timestamp>4887.148255</timestamp>
			</report>
			<report>
				<misses>13590001</misses>
				<total>14</total>
				<timestamp>4887.507766</timestamp>
			</report>
			<report>
				<misses>13591001</misses>
				<total>14</total>
				<timestamp>4887.867479</timestamp>
			</report>
			<report>
				<misses>13592001</misses>
				<total>14</total>
				<timestamp>4888.227072</timestamp>
			</report>
			<report>
				<misses>13593001</misses>
				<total>14</total>
				<timestamp>4888.586783</timestamp>
			</report>
			<report>
				<misses>13594001</misses>
				<total>14</total>
				<timestamp>4888.946370</timestamp>
			</report>
			<report>
				<misses>13595001</misses>
				<total>14</total>
				<timestamp>4889.306003</timestamp>
			</report>
			<report>
				<misses>13596001</misses>
				<total>14</total>
				<timestamp>4889.665656</timestamp>
			</report>
			<report>
				<misses>13597001</misses>
				<total>14</total>
				<timestamp>4890.025342</timestamp>
			</report>
			<report>
				<misses>13598001</misses>
				<total>14</total>
				<timestamp>4890.384962</timestamp>
			</report>
			<report>
				<misses>13599001</misses>
				<total>14</total>
				<timestamp>4890.744646</timestamp>
			</report>
			<report>
				<misses>13600001</misses>
				<total>14</total>
				<timestamp>4891.104172</timestamp>
			</report>
			<report>
				<misses>13601001</misses>
				<total>14</total>
				<timestamp>4891.463812</timestamp>
			</report>
			<report>
				<misses>13602001</misses>
				<total>14</total>
				<timestamp>4891.823536</timestamp>
			</report>
			<report>
				<misses>13603001</misses>
				<total>14</total>
				<timestamp>4892.183103</timestamp>
			</report>
			<report>
				<misses>13604001</misses>
				<total>14</total>
				<timestamp>4892.542733</timestamp>
			</report>
			<report>
				<misses>13605001</misses>
				<total>14</total>
				<timestamp>4892.902401</timestamp>
			</report>
			<report>
				<misses>13606001</misses>
				<total>14</total>
				<timestamp>4893.262109</timestamp>
			</report>
			<report>
				<misses>13607001</misses>
				<total>14</total>
				<timestamp>4893.621749</timestamp>
			</report>
			<report>
				<misses>13608001</misses>
				<total>14</total>
				<timestamp>4893.981327</timestamp>
			</report>
			<report>
				<misses>13609001</misses>
				<total>14</total>
				<timestamp>4894.340939</timestamp>
			</report>
			<report>
				<misses>13610001</misses>
				<total>14</total>
				<timestamp>4894.700633</timestamp>
			</report>
			<report>
				<misses>13611001</misses>
				<total>14</total>
				<timestamp>4895.060208</timestamp>
			</report>
			<report>
				<misses>13612001</misses>
				<total>14</total>
				<timestamp>4895.419988</timestamp>
			</report>
			<report>
				<misses>13613001</misses>
				<total>14</total>
				<timestamp>4895.779509</timestamp>
			</report>
			<report>
				<misses>13614001</misses>
				<total>14</total>
				<timestamp>4896.139172</timestamp>
			</report>
			<report>
				<misses>13615001</misses>
				<total>14</total>
				<timestamp>4896.498827</timestamp>
			</report>
			<report>
				<misses>13616001</misses>
				<total>14</total>
				<timestamp>4896.858425</timestamp>
			</report>
			<report>
				<misses>13617001</misses>
				<total>14</total>
				<timestamp>4897.218079</timestamp>
			</report>
			<report>
				<misses>13618001</misses>
				<total>14</total>
				<timestamp>4897.577699</timestamp>
			</report>
			<report>
				<misses>13619001</misses>
				<total>14</total>
				<timestamp>4897.937356</timestamp>
			</report>
			<report>
				<misses>13620001</misses>
				<total>14</total>
				<timestamp>4898.297048</timestamp>
			</report>
			<report>
				<misses>13621001</misses>
				<total>14</total>
				<timestamp>4898.656675</timestamp>
			</report>
			<report>
				<misses>13622001</misses>
				<total>14</total>
				<timestamp>4899.016279</timestamp>
			</report>
			<report>
				<misses>13623001</misses>
				<total>14</total>
				<timestamp>4899.375923</timestamp>
			</report>
			<report>
				<misses>13624001</misses>
				<total>14</total>
				<timestamp>4899.735548</timestamp>
			</report>
			<report>
				<misses>13625001</misses>
				<total>14</total>
				<timestamp>4900.095206</timestamp>
			</report>
			<report>
				<misses>13626001</misses>
				<total>14</total>
				<timestamp>4900.454845</timestamp>
			</report>
			<report>
				<misses>13627001</misses>
				<total>14</total>
				<timestamp>4900.814506</timestamp>
			</report>
			<report>
				<misses>13628001</misses>
				<total>14</total>
				<timestamp>4901.174170</timestamp>
			</report>
			<report>
				<misses>13629001</misses>
				<total>14</total>
				<timestamp>4901.533747</timestamp>
			</report>
			<report>
				<misses>13630001</misses>
				<total>14</total>
				<timestamp>4901.893391</timestamp>
			</report>
			<report>
				<misses>13631001</misses>
				<total>14</total>
				<timestamp>4902.253075</timestamp>
			</report>
			<report>
				<misses>13632001</misses>
				<total>14</total>
				<timestamp>4902.612647</timestamp>
			</report>
			<report>
				<misses>13633001</misses>
				<total>14</total>
				<timestamp>4902.972412</timestamp>
			</report>
			<report>
				<misses>13634001</misses>
				<total>14</total>
				<timestamp>4903.331948</timestamp>
			</report>
			<report>
				<misses>13635001</misses>
				<total>14</total>
				<timestamp>4903.691607</timestamp>
			</report>
			<report>
				<misses>13636001</misses>
				<total>14</total>
				<timestamp>4904.051221</timestamp>
			</report>
			<report>
				<misses>13637001</misses>
				<total>14</total>
				<timestamp>4904.410853</timestamp>
			</report>
			<report>
				<misses>13638001</misses>
				<total>14</total>
				<timestamp>4904.770508</timestamp>
			</report>
			<report>
				<misses>13639001</misses>
				<total>14</total>
				<timestamp>4905.130212</timestamp>
			</report>
			<report>
				<misses>13640001</misses>
				<total>14</total>
				<timestamp>4905.489774</timestamp>
			</report>
			<report>
				<misses>13641001</misses>
				<total>14</total>
				<timestamp>4905.849488</timestamp>
			</report>
			<report>
				<misses>13642001</misses>
				<total>14</total>
				<timestamp>4906.209059</timestamp>
			</report>
			<report>
				<misses>13643001</misses>
				<total>14</total>
				<timestamp>4906.568741</timestamp>
			</report>
			<report>
				<misses>13644001</misses>
				<total>14</total>
				<timestamp>4906.928347</timestamp>
			</report>
			<report>
				<misses>13645001</misses>
				<total>14</total>
				<timestamp>4907.288000</timestamp>
			</report>
			<report>
				<misses>13646001</misses>
				<total>14</total>
				<timestamp>4907.647635</timestamp>
			</report>
			<report>
				<misses>13647001</misses>
				<total>14</total>
				<timestamp>4908.007300</timestamp>
			</report>
			<report>
				<misses>13648001</misses>
				<total>14</total>
				<timestamp>4908.366932</timestamp>
			</report>
			<report>
				<misses>13649001</misses>
				<total>14</total>
				<timestamp>4908.726596</timestamp>
			</report>
			<report>
				<misses>13650001</misses>
				<total>14</total>
				<timestamp>4909.086180</timestamp>
			</report>
			<report>
				<misses>13651001</misses>
				<total>14</total>
				<timestamp>4909.445883</timestamp>
			</report>
			<report>
				<misses>13652001</misses>
				<total>14</total>
				<timestamp>4909.805501</timestamp>
			</report>
			<report>
				<misses>13653001</misses>
				<total>14</total>
				<timestamp>4910.165125</timestamp>
			</report>
			<report>
				<misses>13654001</misses>
				<total>14</total>
				<timestamp>4910.524733</timestamp>
			</report>
			<report>
				<misses>13655001</misses>
				<total>14</total>
				<timestamp>4910.884439</timestamp>
			</report>
			<report>
				<misses>13656001</misses>
				<total>14</total>
				<timestamp>4911.244040</timestamp>
			</report>
			<report>
				<misses>13657001</misses>
				<total>14</total>
				<timestamp>4911.603682</timestamp>
			</report>
			<report>
				<misses>13658001</misses>
				<total>14</total>
				<timestamp>4911.963303</timestamp>
			</report>
			<report>
				<misses>13659001</misses>
				<total>14</total>
				<timestamp>4912.322923</timestamp>
			</report>
			<report>
				<misses>13660001</misses>
				<total>14</total>
				<timestamp>4912.682585</timestamp>
			</report>
			<report>
				<misses>13661001</misses>
				<total>14</total>
				<timestamp>4913.042316</timestamp>
			</report>
			<report>
				<misses>13662001</misses>
				<total>14</total>
				<timestamp>4913.401864</timestamp>
			</report>
			<report>
				<misses>13663001</misses>
				<total>14</total>
				<timestamp>4913.761530</timestamp>
			</report>
			<report>
				<misses>13664001</misses>
				<total>14</total>
				<timestamp>4914.121220</timestamp>
			</report>
			<report>
				<misses>13665001</misses>
				<total>14</total>
				<timestamp>4914.480780</timestamp>
			</report>
			<report>
				<misses>13666001</misses>
				<total>14</total>
				<timestamp>4914.840466</timestamp>
			</report>
			<report>
				<misses>13667001</misses>
				<total>14</total>
				<timestamp>4915.200142</timestamp>
			</report>
			<report>
				<misses>13668001</misses>
				<total>14</total>
				<timestamp>4915.559737</timestamp>
			</report>
			<report>
				<misses>13669001</misses>
				<total>14</total>
				<timestamp>4915.919359</timestamp>
			</report>
			<report>
				<misses>13670001</misses>
				<total>14</total>
				<timestamp>4916.278987</timestamp>
			</report>
			<report>
				<misses>13671001</misses>
				<total>14</total>
				<timestamp>4916.638631</timestamp>
			</report>
			<report>
				<misses>13672001</misses>
				<total>14</total>
				<timestamp>4916.998282</timestamp>
			</report>
			<report>
				<misses>13673001</misses>
				<total>14</total>
				<timestamp>4917.357908</timestamp>
			</report>
			<report>
				<misses>13674001</misses>
				<total>14</total>
				<timestamp>4917.717599</timestamp>
			</report>
			<report>
				<misses>13675001</misses>
				<total>14</total>
				<timestamp>4918.077231</timestamp>
			</report>
			<report>
				<misses>13676001</misses>
				<total>14</total>
				<timestamp>4918.436820</timestamp>
			</report>
			<report>
				<misses>13677001</misses>
				<total>14</total>
				<timestamp>4918.796472</timestamp>
			</report>
			<report>
				<misses>13678001</misses>
				<total>14</total>
				<timestamp>4919.156119</timestamp>
			</report>
			<report>
				<misses>13679001</misses>
				<total>14</total>
				<timestamp>4919.515757</timestamp>
			</report>
			<report>
				<misses>13680001</misses>
				<total>14</total>
				<timestamp>4919.875390</timestamp>
			</report>
			<report>
				<misses>13681001</misses>
				<total>14</total>
				<timestamp>4920.235047</timestamp>
			</report>
			<report>
				<misses>13682001</misses>
				<total>14</total>
				<timestamp>4920.594684</timestamp>
			</report>
			<report>
				<misses>13683001</misses>
				<total>14</total>
				<timestamp>4920.954298</timestamp>
			</report>
			<report>
				<misses>13684001</misses>
				<total>14</total>
				<timestamp>4921.313943</timestamp>
			</report>
			<report>
				<misses>13685001</misses>
				<total>14</total>
				<timestamp>4921.673614</timestamp>
			</report>
			<report>
				<misses>13686001</misses>
				<total>14</total>
				<timestamp>4922.033262</timestamp>
			</report>
			<report>
				<misses>13687001</misses>
				<total>14</total>
				<timestamp>4922.392855</timestamp>
			</report>
			<report>
				<misses>13688001</misses>
				<total>14</total>
				<timestamp>4922.752519</timestamp>
			</report>
			<report>
				<misses>13689001</misses>
				<total>14</total>
				<timestamp>4923.112169</timestamp>
			</report>
			<report>
				<misses>13690001</misses>
				<total>14</total>
				<timestamp>4923.471825</timestamp>
			</report>
			<report>
				<misses>13691001</misses>
				<total>14</total>
				<timestamp>4923.831437</timestamp>
			</report>
			<report>
				<misses>13692001</misses>
				<total>14</total>
				<timestamp>4924.191062</timestamp>
			</report>
			<report>
				<misses>13693001</misses>
				<total>14</total>
				<timestamp>4924.550728</timestamp>
			</report>
			<report>
				<misses>13694001</misses>
				<total>14</total>
				<timestamp>4924.910367</timestamp>
			</report>
			<report>
				<misses>13695001</misses>
				<total>14</total>
				<timestamp>4925.270048</timestamp>
			</report>
			<report>
				<misses>13696001</misses>
				<total>14</total>
				<timestamp>4925.629696</timestamp>
			</report>
			<report>
				<misses>13697001</misses>
				<total>14</total>
				<timestamp>4925.989250</timestamp>
			</report>
			<report>
				<misses>13698001</misses>
				<total>14</total>
				<timestamp>4926.348897</timestamp>
			</report>
			<report>
				<misses>13699001</misses>
				<total>14</total>
				<timestamp>4926.708615</timestamp>
			</report>
			<report>
				<misses>13700001</misses>
				<total>14</total>
				<timestamp>4927.068268</timestamp>
			</report>
			<report>
				<misses>13701001</misses>
				<total>14</total>
				<timestamp>4927.427823</timestamp>
			</report>
			<report>
				<misses>13702001</misses>
				<total>14</total>
				<timestamp>4927.787449</timestamp>
			</report>
			<report>
				<misses>13703001</misses>
				<total>14</total>
				<timestamp>4928.147134</timestamp>
			</report>
			<report>
				<misses>13704001</misses>
				<total>14</total>
				<timestamp>4928.506742</timestamp>
			</report>
			<report>
				<misses>13705001</misses>
				<total>14</total>
				<timestamp>4928.866415</timestamp>
			</report>
			<report>
				<misses>13706001</misses>
				<total>14</total>
				<timestamp>4929.226020</timestamp>
			</report>
			<report>
				<misses>13707001</misses>
				<total>14</total>
				<timestamp>4929.585715</timestamp>
			</report>
			<report>
				<misses>13708001</misses>
				<total>14</total>
				<timestamp>4929.945330</timestamp>
			</report>
			<report>
				<misses>13709001</misses>
				<total>14</total>
				<timestamp>4930.304982</timestamp>
			</report>
			<report>
				<misses>13710001</misses>
				<total>14</total>
				<timestamp>4930.664604</timestamp>
			</report>
			<report>
				<misses>13711001</misses>
				<total>14</total>
				<timestamp>4931.024208</timestamp>
			</report>
			<report>
				<misses>13712001</misses>
				<total>14</total>
				<timestamp>4931.383931</timestamp>
			</report>
			<report>
				<misses>13713001</misses>
				<total>14</total>
				<timestamp>4931.743561</timestamp>
			</report>
			<report>
				<misses>13714001</misses>
				<total>14</total>
				<timestamp>4932.103152</timestamp>
			</report>
			<report>
				<misses>13715001</misses>
				<total>14</total>
				<timestamp>4932.462775</timestamp>
			</report>
			<report>
				<misses>13716001</misses>
				<total>14</total>
				<timestamp>4932.822475</timestamp>
			</report>
			<report>
				<misses>13717001</misses>
				<total>14</total>
				<timestamp>4933.182112</timestamp>
			</report>
			<report>
				<misses>13718001</misses>
				<total>14</total>
				<timestamp>4933.541697</timestamp>
			</report>
			<report>
				<misses>13719001</misses>
				<total>14</total>
				<timestamp>4933.901334</timestamp>
			</report>
			<report>
				<misses>13720001</misses>
				<total>14</total>
				<timestamp>4934.261013</timestamp>
			</report>
			<report>
				<misses>13721001</misses>
				<total>14</total>
				<timestamp>4934.620683</timestamp>
			</report>
			<report>
				<misses>13722001</misses>
				<total>14</total>
				<timestamp>4934.980280</timestamp>
			</report>
			<report>
				<misses>13723001</misses>
				<total>14</total>
				<timestamp>4935.339929</timestamp>
			</report>
			<report>
				<misses>13724001</misses>
				<total>14</total>
				<timestamp>4935.699542</timestamp>
			</report>
			<report>
				<misses>13725001</misses>
				<total>14</total>
				<timestamp>4936.059176</timestamp>
			</report>
			<report>
				<misses>13726001</misses>
				<total>14</total>
				<timestamp>4936.418864</timestamp>
			</report>
			<report>
				<misses>13727001</misses>
				<total>14</total>
				<timestamp>4936.778463</timestamp>
			</report>
			<report>
				<misses>13728001</misses>
				<total>14</total>
				<timestamp>4937.138167</timestamp>
			</report>
			<report>
				<misses>13729001</misses>
				<total>14</total>
				<timestamp>4937.497761</timestamp>
			</report>
			<report>
				<misses>13730001</misses>
				<total>14</total>
				<timestamp>4937.857517</timestamp>
			</report>
			<report>
				<misses>13731001</misses>
				<total>14</total>
				<timestamp>4938.217108</timestamp>
			</report>
			<report>
				<misses>13732001</misses>
				<total>14</total>
				<timestamp>4938.576656</timestamp>
			</report>
			<report>
				<misses>13733001</misses>
				<total>14</total>
				<timestamp>4938.936300</timestamp>
			</report>
			<report>
				<misses>13734001</misses>
				<total>14</total>
				<timestamp>4939.295978</timestamp>
			</report>
			<report>
				<misses>13735001</misses>
				<total>14</total>
				<timestamp>4939.655629</timestamp>
			</report>
			<report>
				<misses>13736001</misses>
				<total>14</total>
				<timestamp>4940.015215</timestamp>
			</report>
			<report>
				<misses>13737001</misses>
				<total>14</total>
				<timestamp>4940.374923</timestamp>
			</report>
			<report>
				<misses>13738001</misses>
				<total>14</total>
				<timestamp>4940.734493</timestamp>
			</report>
			<report>
				<misses>13739001</misses>
				<total>14</total>
				<timestamp>4941.094163</timestamp>
			</report>
			<report>
				<misses>13740001</misses>
				<total>14</total>
				<timestamp>4941.453785</timestamp>
			</report>
			<report>
				<misses>13741001</misses>
				<total>14</total>
				<timestamp>4941.813446</timestamp>
			</report>
			<report>
				<misses>13742001</misses>
				<total>14</total>
				<timestamp>4942.173093</timestamp>
			</report>
			<report>
				<misses>13743001</misses>
				<total>14</total>
				<timestamp>4942.532747</timestamp>
			</report>
			<report>
				<misses>13744001</misses>
				<total>14</total>
				<timestamp>4942.892381</timestamp>
			</report>
			<report>
				<misses>13745001</misses>
				<total>14</total>
				<timestamp>4943.251993</timestamp>
			</report>
			<report>
				<misses>13746001</misses>
				<total>14</total>
				<timestamp>4943.611603</timestamp>
			</report>
			<report>
				<misses>13747001</misses>
				<total>14</total>
				<timestamp>4943.971266</timestamp>
			</report>
			<report>
				<misses>13748001</misses>
				<total>14</total>
				<timestamp>4944.330946</timestamp>
			</report>
			<report>
				<misses>13749001</misses>
				<total>14</total>
				<timestamp>4944.690517</timestamp>
			</report>
			<report>
				<misses>13750001</misses>
				<total>14</total>
				<timestamp>4945.050271</timestamp>
			</report>
			<report>
				<misses>13751001</misses>
				<total>14</total>
				<timestamp>4945.409808</timestamp>
			</report>
			<report>
				<misses>13752001</misses>
				<total>14</total>
				<timestamp>4945.769457</timestamp>
			</report>
			<report>
				<misses>13753001</misses>
				<total>14</total>
				<timestamp>4946.129184</timestamp>
			</report>
			<report>
				<misses>13754001</misses>
				<total>14</total>
				<timestamp>4946.488745</timestamp>
			</report>
			<report>
				<misses>13755001</misses>
				<total>14</total>
				<timestamp>4946.848433</timestamp>
			</report>
			<report>
				<misses>13756001</misses>
				<total>14</total>
				<timestamp>4947.208127</timestamp>
			</report>
			<report>
				<misses>13757001</misses>
				<total>14</total>
				<timestamp>4947.567705</timestamp>
			</report>
			<report>
				<misses>13758001</misses>
				<total>14</total>
				<timestamp>4947.927319</timestamp>
			</report>
			<report>
				<misses>13759001</misses>
				<total>14</total>
				<timestamp>4948.286979</timestamp>
			</report>
			<report>
				<misses>13760001</misses>
				<total>14</total>
				<timestamp>4948.646588</timestamp>
			</report>
			<report>
				<misses>13761001</misses>
				<total>14</total>
				<timestamp>4949.006271</timestamp>
			</report>
			<report>
				<misses>13762001</misses>
				<total>14</total>
				<timestamp>4949.365909</timestamp>
			</report>
			<report>
				<misses>13763001</misses>
				<total>14</total>
				<timestamp>4949.725526</timestamp>
			</report>
			<report>
				<misses>13764001</misses>
				<total>14</total>
				<timestamp>4950.085202</timestamp>
			</report>
			<report>
				<misses>13765001</misses>
				<total>14</total>
				<timestamp>4950.444818</timestamp>
			</report>
			<report>
				<misses>13766001</misses>
				<total>14</total>
				<timestamp>4950.804468</timestamp>
			</report>
			<report>
				<misses>13767001</misses>
				<total>14</total>
				<timestamp>4951.164056</timestamp>
			</report>
			<report>
				<misses>13768001</misses>
				<total>14</total>
				<timestamp>4951.523744</timestamp>
			</report>
			<report>
				<misses>13769001</misses>
				<total>14</total>
				<timestamp>4951.883345</timestamp>
			</report>
			<report>
				<misses>13770001</misses>
				<total>14</total>
				<timestamp>4952.243058</timestamp>
			</report>
			<report>
				<misses>13771001</misses>
				<total>14</total>
				<timestamp>4952.602652</timestamp>
			</report>
			<report>
				<misses>13772001</misses>
				<total>14</total>
				<timestamp>4952.962255</timestamp>
			</report>
			<report>
				<misses>13773001</misses>
				<total>14</total>
				<timestamp>4953.321884</timestamp>
			</report>
			<report>
				<misses>13774001</misses>
				<total>14</total>
				<timestamp>4953.681537</timestamp>
			</report>
			<report>
				<misses>13775001</misses>
				<total>14</total>
				<timestamp>4954.041167</timestamp>
			</report>
			<report>
				<misses>13776001</misses>
				<total>14</total>
				<timestamp>4954.400818</timestamp>
			</report>
			<report>
				<misses>13777001</misses>
				<total>14</total>
				<timestamp>4954.760535</timestamp>
			</report>
			<report>
				<misses>13778001</misses>
				<total>14</total>
				<timestamp>4955.120131</timestamp>
			</report>
			<report>
				<misses>13779001</misses>
				<total>14</total>
				<timestamp>4955.479731</timestamp>
			</report>
			<report>
				<misses>13780001</misses>
				<total>14</total>
				<timestamp>4955.839446</timestamp>
			</report>
			<report>
				<misses>13781001</misses>
				<total>14</total>
				<timestamp>4956.199022</timestamp>
			</report>
			<report>
				<misses>13782001</misses>
				<total>14</total>
				<timestamp>4956.558755</timestamp>
			</report>
			<report>
				<misses>13783001</misses>
				<total>14</total>
				<timestamp>4956.918316</timestamp>
			</report>
			<report>
				<misses>13784001</misses>
				<total>14</total>
				<timestamp>4957.277975</timestamp>
			</report>
			<report>
				<misses>13785001</misses>
				<total>14</total>
				<timestamp>4957.637599</timestamp>
			</report>
			<report>
				<misses>13786001</misses>
				<total>14</total>
				<timestamp>4957.997232</timestamp>
			</report>
			<report>
				<misses>13787001</misses>
				<total>14</total>
				<timestamp>4958.356873</timestamp>
			</report>
			<report>
				<misses>13788001</misses>
				<total>14</total>
				<timestamp>4958.716566</timestamp>
			</report>
			<report>
				<misses>13789001</misses>
				<total>14</total>
				<timestamp>4959.076138</timestamp>
			</report>
			<report>
				<misses>13790001</misses>
				<total>14</total>
				<timestamp>4959.435798</timestamp>
			</report>
			<report>
				<misses>13791001</misses>
				<total>14</total>
				<timestamp>4959.795421</timestamp>
			</report>
			<report>
				<misses>13792001</misses>
				<total>14</total>
				<timestamp>4960.155067</timestamp>
			</report>
			<report>
				<misses>13793001</misses>
				<total>14</total>
				<timestamp>4960.514711</timestamp>
			</report>
			<report>
				<misses>13794001</misses>
				<total>14</total>
				<timestamp>4960.874464</timestamp>
			</report>
			<report>
				<misses>13795001</misses>
				<total>14</total>
				<timestamp>4961.234030</timestamp>
			</report>
			<report>
				<misses>13796001</misses>
				<total>14</total>
				<timestamp>4961.593664</timestamp>
			</report>
			<report>
				<misses>13797001</misses>
				<total>14</total>
				<timestamp>4961.953310</timestamp>
			</report>
			<report>
				<misses>13798001</misses>
				<total>14</total>
				<timestamp>4962.312917</timestamp>
			</report>
			<report>
				<misses>13799001</misses>
				<total>14</total>
				<timestamp>4962.672535</timestamp>
			</report>
			<report>
				<misses>13800001</misses>
				<total>14</total>
				<timestamp>4963.032217</timestamp>
			</report>
			<report>
				<misses>13801001</misses>
				<total>14</total>
				<timestamp>4963.391844</timestamp>
			</report>
			<report>
				<misses>13802001</misses>
				<total>14</total>
				<timestamp>4963.751518</timestamp>
			</report>
			<report>
				<misses>13803001</misses>
				<total>14</total>
				<timestamp>4964.111145</timestamp>
			</report>
			<report>
				<misses>13804001</misses>
				<total>14</total>
				<timestamp>4964.470774</timestamp>
			</report>
			<report>
				<misses>13805001</misses>
				<total>14</total>
				<timestamp>4964.830375</timestamp>
			</report>
			<report>
				<misses>13806001</misses>
				<total>14</total>
				<timestamp>4965.190020</timestamp>
			</report>
			<report>
				<misses>13807001</misses>
				<total>14</total>
				<timestamp>4965.549646</timestamp>
			</report>
			<report>
				<misses>13808001</misses>
				<total>14</total>
				<timestamp>4965.909313</timestamp>
			</report>
			<report>
				<misses>13809001</misses>
				<total>14</total>
				<timestamp>4966.268946</timestamp>
			</report>
			<report>
				<misses>13810001</misses>
				<total>14</total>
				<timestamp>4966.628664</timestamp>
			</report>
			<report>
				<misses>13811001</misses>
				<total>14</total>
				<timestamp>4966.988232</timestamp>
			</report>
			<report>
				<misses>13812001</misses>
				<total>14</total>
				<timestamp>4967.347871</timestamp>
			</report>
			<report>
				<misses>13813001</misses>
				<total>14</total>
				<timestamp>4967.707506</timestamp>
			</report>
			<report>
				<misses>13814001</misses>
				<total>14</total>
				<timestamp>4968.067161</timestamp>
			</report>
			<report>
				<misses>13815001</misses>
				<total>14</total>
				<timestamp>4968.426764</timestamp>
			</report>
			<report>
				<misses>13816001</misses>
				<total>14</total>
				<timestamp>4968.786422</timestamp>
			</report>
			<report>
				<misses>13817001</misses>
				<total>14</total>
				<timestamp>4969.146073</timestamp>
			</report>
			<report>
				<misses>13818001</misses>
				<total>14</total>
				<timestamp>4969.505713</timestamp>
			</report>
			<report>
				<misses>13819001</misses>
				<total>14</total>
				<timestamp>4969.865378</timestamp>
			</report>
			<report>
				<misses>13820001</misses>
				<total>14</total>
				<timestamp>4970.225017</timestamp>
			</report>
			<report>
				<misses>13821001</misses>
				<total>14</total>
				<timestamp>4970.584623</timestamp>
			</report>
			<report>
				<misses>13822001</misses>
				<total>14</total>
				<timestamp>4970.944325</timestamp>
			</report>
			<report>
				<misses>13823001</misses>
				<total>14</total>
				<timestamp>4971.303926</timestamp>
			</report>
			<report>
				<misses>13824001</misses>
				<total>14</total>
				<timestamp>4971.663555</timestamp>
			</report>
			<report>
				<misses>13825001</misses>
				<total>14</total>
				<timestamp>4972.023328</timestamp>
			</report>
			<report>
				<misses>13826001</misses>
				<total>14</total>
				<timestamp>4972.382826</timestamp>
			</report>
			<report>
				<misses>13827001</misses>
				<total>14</total>
				<timestamp>4972.742489</timestamp>
			</report>
			<report>
				<misses>13828001</misses>
				<total>14</total>
				<timestamp>4973.102148</timestamp>
			</report>
			<report>
				<misses>13829001</misses>
				<total>14</total>
				<timestamp>4973.461831</timestamp>
			</report>
			<report>
				<misses>13830001</misses>
				<total>14</total>
				<timestamp>4973.821388</timestamp>
			</report>
			<report>
				<misses>13831001</misses>
				<total>14</total>
				<timestamp>4974.181066</timestamp>
			</report>
			<report>
				<misses>13832001</misses>
				<total>14</total>
				<timestamp>4974.540688</timestamp>
			</report>
			<report>
				<misses>13833001</misses>
				<total>14</total>
				<timestamp>4974.900354</timestamp>
			</report>
			<report>
				<misses>13834001</misses>
				<total>14</total>
				<timestamp>4975.259924</timestamp>
			</report>
			<report>
				<misses>13835001</misses>
				<total>14</total>
				<timestamp>4975.619621</timestamp>
			</report>
			<report>
				<misses>13836001</misses>
				<total>14</total>
				<timestamp>4975.979289</timestamp>
			</report>
			<report>
				<misses>13837001</misses>
				<total>14</total>
				<timestamp>4976.338944</timestamp>
			</report>
			<report>
				<misses>13838001</misses>
				<total>14</total>
				<timestamp>4976.698501</timestamp>
			</report>
			<report>
				<misses>13839001</misses>
				<total>14</total>
				<timestamp>4977.058132</timestamp>
			</report>
			<report>
				<misses>13840001</misses>
				<total>14</total>
				<timestamp>4977.417824</timestamp>
			</report>
			<report>
				<misses>13841001</misses>
				<total>14</total>
				<timestamp>4977.777486</timestamp>
			</report>
			<report>
				<misses>13842001</misses>
				<total>14</total>
				<timestamp>4978.137058</timestamp>
			</report>
			<report>
				<misses>13843001</misses>
				<total>14</total>
				<timestamp>4978.496763</timestamp>
			</report>
			<report>
				<misses>13844001</misses>
				<total>14</total>
				<timestamp>4978.856369</timestamp>
			</report>
			<report>
				<misses>13845001</misses>
				<total>14</total>
				<timestamp>4979.215993</timestamp>
			</report>
			<report>
				<misses>13846001</misses>
				<total>14</total>
				<timestamp>4979.575628</timestamp>
			</report>
			<report>
				<misses>13847001</misses>
				<total>14</total>
				<timestamp>4979.935314</timestamp>
			</report>
			<report>
				<misses>13848001</misses>
				<total>14</total>
				<timestamp>4980.294989</timestamp>
			</report>
			<report>
				<misses>13849001</misses>
				<total>14</total>
				<timestamp>4980.654525</timestamp>
			</report>
			<report>
				<misses>13850001</misses>
				<total>14</total>
				<timestamp>4981.014173</timestamp>
			</report>
			<report>
				<misses>13851001</misses>
				<total>14</total>
				<timestamp>4981.373826</timestamp>
			</report>
			<report>
				<misses>13852001</misses>
				<total>14</total>
				<timestamp>4981.733452</timestamp>
			</report>
			<report>
				<misses>13853001</misses>
				<total>14</total>
				<timestamp>4982.093115</timestamp>
			</report>
			<report>
				<misses>13854001</misses>
				<total>14</total>
				<timestamp>4982.452754</timestamp>
			</report>
			<report>
				<misses>13855001</misses>
				<total>14</total>
				<timestamp>4982.812385</timestamp>
			</report>
			<report>
				<misses>13856001</misses>
				<total>14</total>
				<timestamp>4983.172067</timestamp>
			</report>
			<report>
				<misses>13857001</misses>
				<total>14</total>
				<timestamp>4983.531738</timestamp>
			</report>
			<report>
				<misses>13858001</misses>
				<total>14</total>
				<timestamp>4983.891307</timestamp>
			</report>
			<report>
				<misses>13859001</misses>
				<total>14</total>
				<timestamp>4984.251001</timestamp>
			</report>
			<report>
				<misses>13860001</misses>
				<total>14</total>
				<timestamp>4984.610601</timestamp>
			</report>
			<report>
				<misses>13861001</misses>
				<total>14</total>
				<timestamp>4984.970251</timestamp>
			</report>
			<report>
				<misses>13862001</misses>
				<total>14</total>
				<timestamp>4985.329890</timestamp>
			</report>
			<report>
				<misses>13863001</misses>
				<total>14</total>
				<timestamp>4985.689549</timestamp>
			</report>
			<report>
				<misses>13864001</misses>
				<total>14</total>
				<timestamp>4986.049149</timestamp>
			</report>
			<report>
				<misses>13865001</misses>
				<total>14</total>
				<timestamp>4986.408785</timestamp>
			</report>
			<report>
				<misses>13866001</misses>
				<total>14</total>
				<timestamp>4986.768419</timestamp>
			</report>
			<report>
				<misses>13867001</misses>
				<total>14</total>
				<timestamp>4987.128072</timestamp>
			</report>
			<report>
				<misses>13868001</misses>
				<total>14</total>
				<timestamp>4987.487748</timestamp>
			</report>
			<report>
				<misses>13869001</misses>
				<total>14</total>
				<timestamp>4987.847396</timestamp>
			</report>
			<report>
				<misses>13870001</misses>
				<total>14</total>
				<timestamp>4988.206989</timestamp>
			</report>
			<report>
				<misses>13871001</misses>
				<total>14</total>
				<timestamp>4988.566671</timestamp>
			</report>
			<report>
				<misses>13872001</misses>
				<total>14</total>
				<timestamp>4988.926310</timestamp>
			</report>
			<report>
				<misses>13873001</misses>
				<total>14</total>
				<timestamp>4989.285910</timestamp>
			</report>
			<report>
				<misses>13874001</misses>
				<total>14</total>
				<timestamp>4989.645584</timestamp>
			</report>
			<report>
				<misses>13875001</misses>
				<total>14</total>
				<timestamp>4990.005176</timestamp>
			</report>
			<report>
				<misses>13876001</misses>
				<total>14</total>
				<timestamp>4990.364920</timestamp>
			</report>
			<report>
				<misses>13877001</misses>
				<total>14</total>
				<timestamp>4990.724446</timestamp>
			</report>
			<report>
				<misses>13878001</misses>
				<total>14</total>
				<timestamp>4991.084096</timestamp>
			</report>
			<report>
				<misses>13879001</misses>
				<total>14</total>
				<timestamp>4991.443783</timestamp>
			</report>
			<report>
				<misses>13880001</misses>
				<total>14</total>
				<timestamp>4991.803436</timestamp>
			</report>
			<report>
				<misses>13881001</misses>
				<total>14</total>
				<timestamp>4992.163013</timestamp>
			</report>
			<report>
				<misses>13882001</misses>
				<total>14</total>
				<timestamp>4992.522663</timestamp>
			</report>
			<report>
				<misses>13883001</misses>
				<total>14</total>
				<timestamp>4992.882322</timestamp>
			</report>
			<report>
				<misses>13884001</misses>
				<total>14</total>
				<timestamp>4993.241952</timestamp>
			</report>
			<report>
				<misses>13885001</misses>
				<total>14</total>
				<timestamp>4993.601588</timestamp>
			</report>
			<report>
				<misses>13886001</misses>
				<total>14</total>
				<timestamp>4993.961293</timestamp>
			</report>
			<report>
				<misses>13887001</misses>
				<total>14</total>
				<timestamp>4994.320880</timestamp>
			</report>
			<report>
				<misses>13888001</misses>
				<total>14</total>
				<timestamp>4994.680633</timestamp>
			</report>
			<report>
				<misses>13889001</misses>
				<total>14</total>
				<timestamp>4995.040137</timestamp>
			</report>
			<report>
				<misses>13890001</misses>
				<total>14</total>
				<timestamp>4995.399790</timestamp>
			</report>
			<report>
				<misses>13891001</misses>
				<total>14</total>
				<timestamp>4995.759433</timestamp>
			</report>
			<report>
				<misses>13892001</misses>
				<total>14</total>
				<timestamp>4996.119067</timestamp>
			</report>
			<report>
				<misses>13893001</misses>
				<total>14</total>
				<timestamp>4996.478726</timestamp>
			</report>
			<report>
				<misses>13894001</misses>
				<total>14</total>
				<timestamp>4996.838373</timestamp>
			</report>
			<report>
				<misses>13895001</misses>
				<total>14</total>
				<timestamp>4997.198043</timestamp>
			</report>
			<report>
				<misses>13896001</misses>
				<total>14</total>
				<timestamp>4997.557613</timestamp>
			</report>
			<report>
				<misses>13897001</misses>
				<total>14</total>
				<timestamp>4997.917289</timestamp>
			</report>
			<report>
				<misses>13898001</misses>
				<total>14</total>
				<timestamp>4998.276949</timestamp>
			</report>
			<report>
				<misses>13899001</misses>
				<total>14</total>
				<timestamp>4998.636555</timestamp>
			</report>
			<report>
				<misses>13900001</misses>
				<total>14</total>
				<timestamp>4998.996239</timestamp>
			</report>
			<report>
				<misses>13901001</misses>
				<total>14</total>
				<timestamp>4999.355847</timestamp>
			</report>
			<report>
				<misses>13902001</misses>
				<total>14</total>
				<timestamp>4999.715508</timestamp>
			</report>
			<report>
				<misses>13903001</misses>
				<total>14</total>
				<timestamp>5000.075207</timestamp>
			</report>
			<report>
				<misses>13904001</misses>
				<total>14</total>
				<timestamp>5000.434798</timestamp>
			</report>
			<report>
				<misses>13905001</misses>
				<total>14</total>
				<timestamp>5000.794401</timestamp>
			</report>
			<report>
				<misses>13906001</misses>
				<total>14</total>
				<timestamp>5001.154061</timestamp>
			</report>
			<report>
				<misses>13907001</misses>
				<total>14</total>
				<timestamp>5001.513677</timestamp>
			</report>
			<report>
				<misses>13908001</misses>
				<total>14</total>
				<timestamp>5001.873375</timestamp>
			</report>
			<report>
				<misses>13909001</misses>
				<total>14</total>
				<timestamp>5002.233051</timestamp>
			</report>
			<report>
				<misses>13910001</misses>
				<total>14</total>
				<timestamp>5002.592579</timestamp>
			</report>
			<report>
				<misses>13911001</misses>
				<total>14</total>
				<timestamp>5002.952347</timestamp>
			</report>
			<report>
				<misses>13912001</misses>
				<total>14</total>
				<timestamp>5003.311868</timestamp>
			</report>
			<report>
				<misses>13913001</misses>
				<total>14</total>
				<timestamp>5003.671510</timestamp>
			</report>
			<report>
				<misses>13914001</misses>
				<total>14</total>
				<timestamp>5004.031149</timestamp>
			</report>
			<report>
				<misses>13915001</misses>
				<total>14</total>
				<timestamp>5004.390798</timestamp>
			</report>
			<report>
				<misses>13916001</misses>
				<total>14</total>
				<timestamp>5004.750487</timestamp>
			</report>
			<report>
				<misses>13917001</misses>
				<total>14</total>
				<timestamp>5005.110055</timestamp>
			</report>
			<report>
				<misses>13918001</misses>
				<total>14</total>
				<timestamp>5005.469748</timestamp>
			</report>
			<report>
				<misses>13919001</misses>
				<total>14</total>
				<timestamp>5005.829343</timestamp>
			</report>
			<report>
				<misses>13920001</misses>
				<total>14</total>
				<timestamp>5006.189025</timestamp>
			</report>
			<report>
				<misses>13921001</misses>
				<total>14</total>
				<timestamp>5006.548684</timestamp>
			</report>
			<report>
				<misses>13922001</misses>
				<total>14</total>
				<timestamp>5006.908269</timestamp>
			</report>
			<report>
				<misses>13923001</misses>
				<total>14</total>
				<timestamp>5007.267918</timestamp>
			</report>
			<report>
				<misses>13924001</misses>
				<total>14</total>
				<timestamp>5007.627623</timestamp>
			</report>
			<report>
				<misses>13925001</misses>
				<total>14</total>
				<timestamp>5007.987196</timestamp>
			</report>
			<report>
				<misses>13926001</misses>
				<total>14</total>
				<timestamp>5008.346878</timestamp>
			</report>
			<report>
				<misses>13927001</misses>
				<total>14</total>
				<timestamp>5008.706547</timestamp>
			</report>
			<report>
				<misses>13928001</misses>
				<total>14</total>
				<timestamp>5009.066139</timestamp>
			</report>
			<report>
				<misses>13929001</misses>
				<total>14</total>
				<timestamp>5009.425807</timestamp>
			</report>
			<report>
				<misses>13930001</misses>
				<total>14</total>
				<timestamp>5009.785401</timestamp>
			</report>
			<report>
				<misses>13931001</misses>
				<total>14</total>
				<timestamp>5010.145029</timestamp>
			</report>
			<report>
				<misses>13932001</misses>
				<total>14</total>
				<timestamp>5010.504697</timestamp>
			</report>
			<report>
				<misses>13933001</misses>
				<total>14</total>
				<timestamp>5010.864331</timestamp>
			</report>
			<report>
				<misses>13934001</misses>
				<total>14</total>
				<timestamp>5011.223961</timestamp>
			</report>
			<report>
				<misses>13935001</misses>
				<total>14</total>
				<timestamp>5011.583646</timestamp>
			</report>
			<report>
				<misses>13936001</misses>
				<total>14</total>
				<timestamp>5011.943218</timestamp>
			</report>
			<report>
				<misses>13937001</misses>
				<total>14</total>
				<timestamp>5012.302939</timestamp>
			</report>
			<report>
				<misses>13938001</misses>
				<total>14</total>
				<timestamp>5012.662516</timestamp>
			</report>
			<report>
				<misses>13939001</misses>
				<total>14</total>
				<timestamp>5013.022145</timestamp>
			</report>
			<report>
				<misses>13940001</misses>
				<total>14</total>
				<timestamp>5013.381797</timestamp>
			</report>
			<report>
				<misses>13941001</misses>
				<total>14</total>
				<timestamp>5013.741428</timestamp>
			</report>
			<report>
				<misses>13942001</misses>
				<total>14</total>
				<timestamp>5014.101090</timestamp>
			</report>
			<report>
				<misses>13943001</misses>
				<total>14</total>
				<timestamp>5014.460741</timestamp>
			</report>
			<report>
				<misses>13944001</misses>
				<total>14</total>
				<timestamp>5014.820352</timestamp>
			</report>
			<report>
				<misses>13945001</misses>
				<total>14</total>
				<timestamp>5015.180008</timestamp>
			</report>
			<report>
				<misses>13946001</misses>
				<total>14</total>
				<timestamp>5015.539731</timestamp>
			</report>
			<report>
				<misses>13947001</misses>
				<total>14</total>
				<timestamp>5015.899254</timestamp>
			</report>
			<report>
				<misses>13948001</misses>
				<total>14</total>
				<timestamp>5016.258917</timestamp>
			</report>
			<report>
				<misses>13949001</misses>
				<total>14</total>
				<timestamp>5016.618529</timestamp>
			</report>
			<report>
				<misses>13950001</misses>
				<total>14</total>
				<timestamp>5016.978179</timestamp>
			</report>
			<report>
				<misses>13951001</misses>
				<total>14</total>
				<timestamp>5017.337872</timestamp>
			</report>
			<report>
				<misses>13952001</misses>
				<total>14</total>
				<timestamp>5017.697464</timestamp>
			</report>
			<report>
				<misses>13953001</misses>
				<total>14</total>
				<timestamp>5018.057128</timestamp>
			</report>
			<report>
				<misses>13954001</misses>
				<total>14</total>
				<timestamp>5018.416783</timestamp>
			</report>
			<report>
				<misses>13955001</misses>
				<total>14</total>
				<timestamp>5018.776381</timestamp>
			</report>
			<report>
				<misses>13956001</misses>
				<total>14</total>
				<timestamp>5019.136046</timestamp>
			</report>
			<report>
				<misses>13957001</misses>
				<total>14</total>
				<timestamp>5019.495771</timestamp>
			</report>
			<report>
				<misses>13958001</misses>
				<total>14</total>
				<timestamp>5019.855299</timestamp>
			</report>
			<report>
				<misses>13959001</misses>
				<total>14</total>
				<timestamp>5020.215020</timestamp>
			</report>
			<report>
				<misses>13960001</misses>
				<total>14</total>
				<timestamp>5020.574674</timestamp>
			</report>
			<report>
				<misses>13961001</misses>
				<total>14</total>
				<timestamp>5020.934222</timestamp>
			</report>
			<report>
				<misses>13962001</misses>
				<total>14</total>
				<timestamp>5021.293866</timestamp>
			</report>
			<report>
				<misses>13963001</misses>
				<total>14</total>
				<timestamp>5021.653581</timestamp>
			</report>
			<report>
				<misses>13964001</misses>
				<total>14</total>
				<timestamp>5022.013136</timestamp>
			</report>
			<report>
				<misses>13965001</misses>
				<total>14</total>
				<timestamp>5022.372800</timestamp>
			</report>
			<report>
				<misses>13966001</misses>
				<total>14</total>
				<timestamp>5022.732461</timestamp>
			</report>
			<report>
				<misses>13967001</misses>
				<total>14</total>
				<timestamp>5023.092196</timestamp>
			</report>
			<report>
				<misses>13968001</misses>
				<total>14</total>
				<timestamp>5023.451702</timestamp>
			</report>
			<report>
				<misses>13969001</misses>
				<total>14</total>
				<timestamp>5023.811345</timestamp>
			</report>
			<report>
				<misses>13970001</misses>
				<total>14</total>
				<timestamp>5024.171030</timestamp>
			</report>
			<report>
				<misses>13971001</misses>
				<total>14</total>
				<timestamp>5024.530632</timestamp>
			</report>
			<report>
				<misses>13972001</misses>
				<total>14</total>
				<timestamp>5024.890253</timestamp>
			</report>
			<report>
				<misses>13973001</misses>
				<total>14</total>
				<timestamp>5025.249922</timestamp>
			</report>
			<report>
				<misses>13974001</misses>
				<total>14</total>
				<timestamp>5025.609653</timestamp>
			</report>
			<report>
				<misses>13975001</misses>
				<total>14</total>
				<timestamp>5025.969180</timestamp>
			</report>
			<report>
				<misses>13976001</misses>
				<total>14</total>
				<timestamp>5026.328860</timestamp>
			</report>
			<report>
				<misses>13977001</misses>
				<total>14</total>
				<timestamp>5026.688467</timestamp>
			</report>
			<report>
				<misses>13978001</misses>
				<total>14</total>
				<timestamp>5027.048115</timestamp>
			</report>
			<report>
				<misses>13979001</misses>
				<total>14</total>
				<timestamp>5027.407760</timestamp>
			</report>
			<report>
				<misses>13980001</misses>
				<total>14</total>
				<timestamp>5027.767368</timestamp>
			</report>
			<report>
				<misses>13981001</misses>
				<total>14</total>
				<timestamp>5028.127075</timestamp>
			</report>
			<report>
				<misses>13982001</misses>
				<total>14</total>
				<timestamp>5028.486677</timestamp>
			</report>
			<report>
				<misses>13983001</misses>
				<total>14</total>
				<timestamp>5028.846299</timestamp>
			</report>
			<report>
				<misses>13984001</misses>
				<total>14</total>
				<timestamp>5029.205956</timestamp>
			</report>
			<report>
				<misses>13985001</misses>
				<total>14</total>
				<timestamp>5029.565606</timestamp>
			</report>
			<report>
				<misses>13986001</misses>
				<total>14</total>
				<timestamp>5029.925223</timestamp>
			</report>
			<report>
				<misses>13987001</misses>
				<total>14</total>
				<timestamp>5030.284909</timestamp>
			</report>
			<report>
				<misses>13988001</misses>
				<total>14</total>
				<timestamp>5030.644527</timestamp>
			</report>
			<report>
				<misses>13989001</misses>
				<total>14</total>
				<timestamp>5031.004143</timestamp>
			</report>
			<report>
				<misses>13990001</misses>
				<total>14</total>
				<timestamp>5031.363764</timestamp>
			</report>
			<report>
				<misses>13991001</misses>
				<total>14</total>
				<timestamp>5031.723554</timestamp>
			</report>
			<report>
				<misses>13992001</misses>
				<total>14</total>
				<timestamp>5032.083085</timestamp>
			</report>
			<report>
				<misses>13993001</misses>
				<total>14</total>
				<timestamp>5032.442682</timestamp>
			</report>
			<report>
				<misses>13994001</misses>
				<total>14</total>
				<timestamp>5032.802354</timestamp>
			</report>
			<report>
				<misses>13995001</misses>
				<total>14</total>
				<timestamp>5033.162012</timestamp>
			</report>
			<report>
				<misses>13996001</misses>
				<total>14</total>
				<timestamp>5033.521626</timestamp>
			</report>
			<report>
				<misses>13997001</misses>
				<total>14</total>
				<timestamp>5033.881278</timestamp>
			</report>
			<report>
				<misses>13998001</misses>
				<total>14</total>
				<timestamp>5034.240941</timestamp>
			</report>
			<report>
				<misses>13999001</misses>
				<total>14</total>
				<timestamp>5034.600576</timestamp>
			</report>
			<report>
				<misses>14000001</misses>
				<total>14</total>
				<timestamp>5034.960193</timestamp>
			</report>
			<report>
				<misses>14001001</misses>
				<total>14</total>
				<timestamp>5035.319835</timestamp>
			</report>
			<report>
				<misses>14002001</misses>
				<total>14</total>
				<timestamp>5035.679525</timestamp>
			</report>
			<report>
				<misses>14003001</misses>
				<total>14</total>
				<timestamp>5036.039185</timestamp>
			</report>
			<report>
				<misses>14004001</misses>
				<total>14</total>
				<timestamp>5036.398738</timestamp>
			</report>
			<report>
				<misses>14005001</misses>
				<total>14</total>
				<timestamp>5036.758408</timestamp>
			</report>
			<report>
				<misses>14006001</misses>
				<total>14</total>
				<timestamp>5037.118073</timestamp>
			</report>
			<report>
				<misses>14007001</misses>
				<total>14</total>
				<timestamp>5037.477716</timestamp>
			</report>
			<report>
				<misses>14008001</misses>
				<total>14</total>
				<timestamp>5037.837323</timestamp>
			</report>
			<report>
				<misses>14009001</misses>
				<total>14</total>
				<timestamp>5038.197051</timestamp>
			</report>
			<report>
				<misses>14010001</misses>
				<total>14</total>
				<timestamp>5038.556600</timestamp>
			</report>
			<report>
				<misses>14011001</misses>
				<total>14</total>
				<timestamp>5038.916207</timestamp>
			</report>
			<report>
				<misses>14012001</misses>
				<total>14</total>
				<timestamp>5039.275889</timestamp>
			</report>
			<report>
				<misses>14013001</misses>
				<total>14</total>
				<timestamp>5039.635602</timestamp>
			</report>
			<report>
				<misses>14014001</misses>
				<total>14</total>
				<timestamp>5039.995164</timestamp>
			</report>
			<report>
				<misses>14015001</misses>
				<total>14</total>
				<timestamp>5040.354780</timestamp>
			</report>
			<report>
				<misses>14016001</misses>
				<total>14</total>
				<timestamp>5040.714473</timestamp>
			</report>
			<report>
				<misses>14017001</misses>
				<total>14</total>
				<timestamp>5041.074101</timestamp>
			</report>
			<report>
				<misses>14018001</misses>
				<total>14</total>
				<timestamp>5041.433766</timestamp>
			</report>
			<report>
				<misses>14019001</misses>
				<total>14</total>
				<timestamp>5041.793344</timestamp>
			</report>
			<report>
				<misses>14020001</misses>
				<total>14</total>
				<timestamp>5042.153024</timestamp>
			</report>
			<report>
				<misses>14021001</misses>
				<total>14</total>
				<timestamp>5042.512695</timestamp>
			</report>
			<report>
				<misses>14022001</misses>
				<total>14</total>
				<timestamp>5042.872304</timestamp>
			</report>
			<report>
				<misses>14023001</misses>
				<total>14</total>
				<timestamp>5043.231897</timestamp>
			</report>
			<report>
				<misses>14024001</misses>
				<total>14</total>
				<timestamp>5043.591536</timestamp>
			</report>
			<report>
				<misses>14025001</misses>
				<total>14</total>
				<timestamp>5043.951184</timestamp>
			</report>
			<report>
				<misses>14026001</misses>
				<total>14</total>
				<timestamp>5044.310819</timestamp>
			</report>
			<report>
				<misses>14027001</misses>
				<total>14</total>
				<timestamp>5044.670522</timestamp>
			</report>
			<report>
				<misses>14028001</misses>
				<total>14</total>
				<timestamp>5045.030125</timestamp>
			</report>
			<report>
				<misses>14029001</misses>
				<total>14</total>
				<timestamp>5045.389730</timestamp>
			</report>
			<report>
				<misses>14030001</misses>
				<total>14</total>
				<timestamp>5045.749477</timestamp>
			</report>
			<report>
				<misses>14031001</misses>
				<total>14</total>
				<timestamp>5046.109038</timestamp>
			</report>
			<report>
				<misses>14032001</misses>
				<total>14</total>
				<timestamp>5046.468697</timestamp>
			</report>
			<report>
				<misses>14033001</misses>
				<total>14</total>
				<timestamp>5046.828326</timestamp>
			</report>
			<report>
				<misses>14034001</misses>
				<total>14</total>
				<timestamp>5047.188046</timestamp>
			</report>
			<report>
				<misses>14035001</misses>
				<total>14</total>
				<timestamp>5047.547598</timestamp>
			</report>
			<report>
				<misses>14036001</misses>
				<total>14</total>
				<timestamp>5047.907215</timestamp>
			</report>
			<report>
				<misses>14037001</misses>
				<total>14</total>
				<timestamp>5048.266848</timestamp>
			</report>
			<report>
				<misses>14038001</misses>
				<total>14</total>
				<timestamp>5048.626511</timestamp>
			</report>
			<report>
				<misses>14039001</misses>
				<total>14</total>
				<timestamp>5048.986166</timestamp>
			</report>
			<report>
				<misses>14040001</misses>
				<total>14</total>
				<timestamp>5049.345780</timestamp>
			</report>
			<report>
				<misses>14041001</misses>
				<total>14</total>
				<timestamp>5049.705444</timestamp>
			</report>
			<report>
				<misses>14042001</misses>
				<total>14</total>
				<timestamp>5050.065058</timestamp>
			</report>
			<report>
				<misses>14043001</misses>
				<total>14</total>
				<timestamp>5050.424759</timestamp>
			</report>
			<report>
				<misses>14044001</misses>
				<total>14</total>
				<timestamp>5050.784378</timestamp>
			</report>
			<report>
				<misses>14045001</misses>
				<total>14</total>
				<timestamp>5051.143972</timestamp>
			</report>
			<report>
				<misses>14046001</misses>
				<total>14</total>
				<timestamp>5051.503658</timestamp>
			</report>
			<report>
				<misses>14047001</misses>
				<total>14</total>
				<timestamp>5051.863265</timestamp>
			</report>
			<report>
				<misses>14048001</misses>
				<total>14</total>
				<timestamp>5052.222937</timestamp>
			</report>
			<report>
				<misses>14049001</misses>
				<total>14</total>
				<timestamp>5052.582646</timestamp>
			</report>
			<report>
				<misses>14050001</misses>
				<total>14</total>
				<timestamp>5052.942191</timestamp>
			</report>
			<report>
				<misses>14051001</misses>
				<total>14</total>
				<timestamp>5053.301831</timestamp>
			</report>
			<report>
				<misses>14052001</misses>
				<total>14</total>
				<timestamp>5053.661458</timestamp>
			</report>
			<report>
				<misses>14053001</misses>
				<total>14</total>
				<timestamp>5054.021106</timestamp>
			</report>
			<report>
				<misses>14054001</misses>
				<total>14</total>
				<timestamp>5054.380736</timestamp>
			</report>
			<report>
				<misses>14055001</misses>
				<total>14</total>
				<timestamp>5054.740428</timestamp>
			</report>
			<report>
				<misses>14056001</misses>
				<total>14</total>
				<timestamp>5055.100098</timestamp>
			</report>
			<report>
				<misses>14057001</misses>
				<total>14</total>
				<timestamp>5055.459676</timestamp>
			</report>
			<report>
				<misses>14058001</misses>
				<total>14</total>
				<timestamp>5055.819317</timestamp>
			</report>
			<report>
				<misses>14059001</misses>
				<total>14</total>
				<timestamp>5056.178976</timestamp>
			</report>
			<report>
				<misses>14060001</misses>
				<total>14</total>
				<timestamp>5056.538581</timestamp>
			</report>
			<report>
				<misses>14061001</misses>
				<total>14</total>
				<timestamp>5056.898265</timestamp>
			</report>
			<report>
				<misses>14062001</misses>
				<total>14</total>
				<timestamp>5057.257927</timestamp>
			</report>
			<report>
				<misses>14063001</misses>
				<total>14</total>
				<timestamp>5057.617596</timestamp>
			</report>
			<report>
				<misses>14064001</misses>
				<total>14</total>
				<timestamp>5057.977136</timestamp>
			</report>
			<report>
				<misses>14065001</misses>
				<total>14</total>
				<timestamp>5058.336796</timestamp>
			</report>
			<report>
				<misses>14066001</misses>
				<total>14</total>
				<timestamp>5058.696449</timestamp>
			</report>
			<report>
				<misses>14067001</misses>
				<total>14</total>
				<timestamp>5059.056058</timestamp>
			</report>
			<report>
				<misses>14068001</misses>
				<total>14</total>
				<timestamp>5059.415764</timestamp>
			</report>
			<report>
				<misses>14069001</misses>
				<total>14</total>
				<timestamp>5059.775424</timestamp>
			</report>
			<report>
				<misses>14070001</misses>
				<total>14</total>
				<timestamp>5060.135003</timestamp>
			</report>
			<report>
				<misses>14071001</misses>
				<total>14</total>
				<timestamp>5060.494686</timestamp>
			</report>
			<report>
				<misses>14072001</misses>
				<total>14</total>
				<timestamp>5060.854282</timestamp>
			</report>
			<report>
				<misses>14073001</misses>
				<total>14</total>
				<timestamp>5061.213996</timestamp>
			</report>
			<report>
				<misses>14074001</misses>
				<total>14</total>
				<timestamp>5061.573612</timestamp>
			</report>
			<report>
				<misses>14075001</misses>
				<total>14</total>
				<timestamp>5061.933179</timestamp>
			</report>
			<report>
				<misses>14076001</misses>
				<total>14</total>
				<timestamp>5062.292878</timestamp>
			</report>
			<report>
				<misses>14077001</misses>
				<total>14</total>
				<timestamp>5062.652551</timestamp>
			</report>
			<report>
				<misses>14078001</misses>
				<total>14</total>
				<timestamp>5063.012176</timestamp>
			</report>
			<report>
				<misses>14079001</misses>
				<total>14</total>
				<timestamp>5063.371735</timestamp>
			</report>
			<report>
				<misses>14080001</misses>
				<total>14</total>
				<timestamp>5063.731409</timestamp>
			</report>
			<report>
				<misses>14081001</misses>
				<total>14</total>
				<timestamp>5064.091053</timestamp>
			</report>
			<report>
				<misses>14082001</misses>
				<total>14</total>
				<timestamp>5064.450655</timestamp>
			</report>
			<report>
				<misses>14083001</misses>
				<total>14</total>
				<timestamp>5064.810375</timestamp>
			</report>
			<report>
				<misses>14084001</misses>
				<total>14</total>
				<timestamp>5065.169957</timestamp>
			</report>
			<report>
				<misses>14085001</misses>
				<total>14</total>
				<timestamp>5065.529567</timestamp>
			</report>
			<report>
				<misses>14086001</misses>
				<total>14</total>
				<timestamp>5065.889227</timestamp>
			</report>
			<report>
				<misses>14087001</misses>
				<total>14</total>
				<timestamp>5066.248854</timestamp>
			</report>
			<report>
				<misses>14088001</misses>
				<total>14</total>
				<timestamp>5066.608535</timestamp>
			</report>
			<report>
				<misses>14089001</misses>
				<total>14</total>
				<timestamp>5066.968173</timestamp>
			</report>
			<report>
				<misses>14090001</misses>
				<total>14</total>
				<timestamp>5067.327847</timestamp>
			</report>
			<report>
				<misses>14091001</misses>
				<total>14</total>
				<timestamp>5067.687455</timestamp>
			</report>
			<report>
				<misses>14092001</misses>
				<total>14</total>
				<timestamp>5068.047122</timestamp>
			</report>
			<report>
				<misses>14093001</misses>
				<total>14</total>
				<timestamp>5068.406749</timestamp>
			</report>
			<report>
				<misses>14094001</misses>
				<total>14</total>
				<timestamp>5068.766405</timestamp>
			</report>
			<report>
				<misses>14095001</misses>
				<total>14</total>
				<timestamp>5069.126011</timestamp>
			</report>
			<report>
				<misses>14096001</misses>
				<total>14</total>
				<timestamp>5069.485657</timestamp>
			</report>
			<report>
				<misses>14097001</misses>
				<total>14</total>
				<timestamp>5069.845335</timestamp>
			</report>
			<report>
				<misses>14098001</misses>
				<total>14</total>
				<timestamp>5070.204915</timestamp>
			</report>
			<report>
				<misses>14099001</misses>
				<total>14</total>
				<timestamp>5070.564560</timestamp>
			</report>
			<report>
				<misses>14100001</misses>
				<total>14</total>
				<timestamp>5070.924194</timestamp>
			</report>
			<report>
				<misses>14101001</misses>
				<total>14</total>
				<timestamp>5071.283808</timestamp>
			</report>
			<report>
				<misses>14102001</misses>
				<total>14</total>
				<timestamp>5071.643451</timestamp>
			</report>
			<report>
				<misses>14103001</misses>
				<total>14</total>
				<timestamp>5072.003220</timestamp>
			</report>
			<report>
				<misses>14104001</misses>
				<total>14</total>
				<timestamp>5072.362811</timestamp>
			</report>
			<report>
				<misses>14105001</misses>
				<total>14</total>
				<timestamp>5072.722450</timestamp>
			</report>
			<report>
				<misses>14106001</misses>
				<total>14</total>
				<timestamp>5073.082008</timestamp>
			</report>
			<report>
				<misses>14107001</misses>
				<total>14</total>
				<timestamp>5073.441717</timestamp>
			</report>
			<report>
				<misses>14108001</misses>
				<total>14</total>
				<timestamp>5073.801362</timestamp>
			</report>
			<report>
				<misses>14109001</misses>
				<total>14</total>
				<timestamp>5074.160969</timestamp>
			</report>
			<report>
				<misses>14110001</misses>
				<total>14</total>
				<timestamp>5074.520584</timestamp>
			</report>
			<report>
				<misses>14111001</misses>
				<total>14</total>
				<timestamp>5074.880246</timestamp>
			</report>
			<report>
				<misses>14112001</misses>
				<total>14</total>
				<timestamp>5075.239894</timestamp>
			</report>
			<report>
				<misses>14113001</misses>
				<total>14</total>
				<timestamp>5075.599518</timestamp>
			</report>
			<report>
				<misses>14114001</misses>
				<total>14</total>
				<timestamp>5075.959132</timestamp>
			</report>
			<report>
				<misses>14115001</misses>
				<total>14</total>
				<timestamp>5076.318782</timestamp>
			</report>
			<report>
				<misses>14116001</misses>
				<total>14</total>
				<timestamp>5076.678444</timestamp>
			</report>
			<report>
				<misses>14117001</misses>
				<total>14</total>
				<timestamp>5077.038050</timestamp>
			</report>
			<report>
				<misses>14118001</misses>
				<total>14</total>
				<timestamp>5077.397711</timestamp>
			</report>
			<report>
				<misses>14119001</misses>
				<total>14</total>
				<timestamp>5077.757392</timestamp>
			</report>
			<report>
				<misses>14120001</misses>
				<total>14</total>
				<timestamp>5078.117041</timestamp>
			</report>
			<report>
				<misses>14121001</misses>
				<total>14</total>
				<timestamp>5078.476651</timestamp>
			</report>
			<report>
				<misses>14122001</misses>
				<total>14</total>
				<timestamp>5078.836259</timestamp>
			</report>
			<report>
				<misses>14123001</misses>
				<total>14</total>
				<timestamp>5079.195887</timestamp>
			</report>
			<report>
				<misses>14124001</misses>
				<total>14</total>
				<timestamp>5079.555590</timestamp>
			</report>
			<report>
				<misses>14125001</misses>
				<total>14</total>
				<timestamp>5079.915363</timestamp>
			</report>
			<report>
				<misses>14126001</misses>
				<total>14</total>
				<timestamp>5080.274822</timestamp>
			</report>
			<report>
				<misses>14127001</misses>
				<total>14</total>
				<timestamp>5080.634536</timestamp>
			</report>
			<report>
				<misses>14128001</misses>
				<total>14</total>
				<timestamp>5080.994107</timestamp>
			</report>
			<report>
				<misses>14129001</misses>
				<total>14</total>
				<timestamp>5081.353771</timestamp>
			</report>
			<report>
				<misses>14130001</misses>
				<total>14</total>
				<timestamp>5081.713423</timestamp>
			</report>
			<report>
				<misses>14131001</misses>
				<total>14</total>
				<timestamp>5082.073053</timestamp>
			</report>
			<report>
				<misses>14132001</misses>
				<total>14</total>
				<timestamp>5082.432661</timestamp>
			</report>
			<report>
				<misses>14133001</misses>
				<total>14</total>
				<timestamp>5082.792327</timestamp>
			</report>
			<report>
				<misses>14134001</misses>
				<total>14</total>
				<timestamp>5083.151949</timestamp>
			</report>
			<report>
				<misses>14135001</misses>
				<total>14</total>
				<timestamp>5083.511673</timestamp>
			</report>
			<report>
				<misses>14136001</misses>
				<total>14</total>
				<timestamp>5083.871253</timestamp>
			</report>
			<report>
				<misses>14137001</misses>
				<total>14</total>
				<timestamp>5084.230900</timestamp>
			</report>
			<report>
				<misses>14138001</misses>
				<total>14</total>
				<timestamp>5084.590559</timestamp>
			</report>
			<report>
				<misses>14139001</misses>
				<total>14</total>
				<timestamp>5084.950247</timestamp>
			</report>
			<report>
				<misses>14140001</misses>
				<total>14</total>
				<timestamp>5085.309858</timestamp>
			</report>
			<report>
				<misses>14141001</misses>
				<total>14</total>
				<timestamp>5085.669483</timestamp>
			</report>
			<report>
				<misses>14142001</misses>
				<total>14</total>
				<timestamp>5086.029063</timestamp>
			</report>
			<report>
				<misses>14143001</misses>
				<total>14</total>
				<timestamp>5086.388727</timestamp>
			</report>
			<report>
				<misses>14144001</misses>
				<total>14</total>
				<timestamp>5086.748359</timestamp>
			</report>
			<report>
				<misses>14145001</misses>
				<total>14</total>
				<timestamp>5087.107979</timestamp>
			</report>
			<report>
				<misses>14146001</misses>
				<total>14</total>
				<timestamp>5087.467667</timestamp>
			</report>
			<report>
				<misses>14147001</misses>
				<total>14</total>
				<timestamp>5087.827307</timestamp>
			</report>
			<report>
				<misses>14148001</misses>
				<total>14</total>
				<timestamp>5088.186936</timestamp>
			</report>
			<report>
				<misses>14149001</misses>
				<total>14</total>
				<timestamp>5088.546534</timestamp>
			</report>
			<report>
				<misses>14150001</misses>
				<total>14</total>
				<timestamp>5088.906266</timestamp>
			</report>
			<report>
				<misses>14151001</misses>
				<total>14</total>
				<timestamp>5089.265864</timestamp>
			</report>
			<report>
				<misses>14152001</misses>
				<total>14</total>
				<timestamp>5089.625441</timestamp>
			</report>
			<report>
				<misses>14153001</misses>
				<total>14</total>
				<timestamp>5089.985138</timestamp>
			</report>
			<report>
				<misses>14154001</misses>
				<total>14</total>
				<timestamp>5090.344766</timestamp>
			</report>
			<report>
				<misses>14155001</misses>
				<total>14</total>
				<timestamp>5090.704377</timestamp>
			</report>
			<report>
				<misses>14156001</misses>
				<total>14</total>
				<timestamp>5091.064051</timestamp>
			</report>
			<report>
				<misses>14157001</misses>
				<total>14</total>
				<timestamp>5091.423742</timestamp>
			</report>
			<report>
				<misses>14158001</misses>
				<total>14</total>
				<timestamp>5091.783311</timestamp>
			</report>
			<report>
				<misses>14159001</misses>
				<total>14</total>
				<timestamp>5092.142937</timestamp>
			</report>
			<report>
				<misses>14160001</misses>
				<total>14</total>
				<timestamp>5092.502642</timestamp>
			</report>
			<report>
				<misses>14161001</misses>
				<total>14</total>
				<timestamp>5092.862228</timestamp>
			</report>
			<report>
				<misses>14162001</misses>
				<total>14</total>
				<timestamp>5093.221872</timestamp>
			</report>
			<report>
				<misses>14163001</misses>
				<total>14</total>
				<timestamp>5093.581488</timestamp>
			</report>
			<report>
				<misses>14164001</misses>
				<total>14</total>
				<timestamp>5093.941224</timestamp>
			</report>
			<report>
				<misses>14165001</misses>
				<total>14</total>
				<timestamp>5094.300774</timestamp>
			</report>
			<report>
				<misses>14166001</misses>
				<total>14</total>
				<timestamp>5094.660409</timestamp>
			</report>
			<report>
				<misses>14167001</misses>
				<total>14</total>
				<timestamp>5095.020208</timestamp>
			</report>
			<report>
				<misses>14168001</misses>
				<total>14</total>
				<timestamp>5095.379722</timestamp>
			</report>
			<report>
				<misses>14169001</misses>
				<total>14</total>
				<timestamp>5095.739325</timestamp>
			</report>
			<report>
				<misses>14170001</misses>
				<total>14</total>
				<timestamp>5096.099074</timestamp>
			</report>
			<report>
				<misses>14171001</misses>
				<total>14</total>
				<timestamp>5096.458658</timestamp>
			</report>
			<report>
				<misses>14172001</misses>
				<total>14</total>
				<timestamp>5096.818272</timestamp>
			</report>
			<report>
				<misses>14173001</misses>
				<total>14</total>
				<timestamp>5097.177910</timestamp>
			</report>
			<report>
				<misses>14174001</misses>
				<total>14</total>
				<timestamp>5097.537526</timestamp>
			</report>
			<report>
				<misses>14175001</misses>
				<total>14</total>
				<timestamp>5097.897261</timestamp>
			</report>
			<report>
				<misses>14176001</misses>
				<total>14</total>
				<timestamp>5098.256802</timestamp>
			</report>
			<report>
				<misses>14177001</misses>
				<total>14</total>
				<timestamp>5098.616485</timestamp>
			</report>
			<report>
				<misses>14178001</misses>
				<total>14</total>
				<timestamp>5098.976178</timestamp>
			</report>
			<report>
				<misses>14179001</misses>
				<total>14</total>
				<timestamp>5099.335736</timestamp>
			</report>
			<report>
				<misses>14180001</misses>
				<total>14</total>
				<timestamp>5099.695365</timestamp>
			</report>
			<report>
				<misses>14181001</misses>
				<total>14</total>
				<timestamp>5100.055080</timestamp>
			</report>
			<report>
				<misses>14182001</misses>
				<total>14</total>
				<timestamp>5100.414696</timestamp>
			</report>
			<report>
				<misses>14183001</misses>
				<total>14</total>
				<timestamp>5100.774346</timestamp>
			</report>
			<report>
				<misses>14184001</misses>
				<total>14</total>
				<timestamp>5101.133944</timestamp>
			</report>
			<report>
				<misses>14185001</misses>
				<total>14</total>
				<timestamp>5101.493580</timestamp>
			</report>
			<report>
				<misses>14186001</misses>
				<total>14</total>
				<timestamp>5101.853252</timestamp>
			</report>
			<report>
				<misses>14187001</misses>
				<total>14</total>
				<timestamp>5102.212863</timestamp>
			</report>
			<report>
				<misses>14188001</misses>
				<total>14</total>
				<timestamp>5102.572548</timestamp>
			</report>
			<report>
				<misses>14189001</misses>
				<total>14</total>
				<timestamp>5102.932173</timestamp>
			</report>
			<report>
				<misses>14190001</misses>
				<total>14</total>
				<timestamp>5103.291795</timestamp>
			</report>
			<report>
				<misses>14191001</misses>
				<total>14</total>
				<timestamp>5103.651507</timestamp>
			</report>
			<report>
				<misses>14192001</misses>
				<total>14</total>
				<timestamp>5104.011158</timestamp>
			</report>
			<report>
				<misses>14193001</misses>
				<total>14</total>
				<timestamp>5104.370701</timestamp>
			</report>
			<report>
				<misses>14194001</misses>
				<total>14</total>
				<timestamp>5104.730418</timestamp>
			</report>
			<report>
				<misses>14195001</misses>
				<total>14</total>
				<timestamp>5105.090076</timestamp>
			</report>
			<report>
				<misses>14196001</misses>
				<total>14</total>
				<timestamp>5105.449699</timestamp>
			</report>
			<report>
				<misses>14197001</misses>
				<total>14</total>
				<timestamp>5105.809349</timestamp>
			</report>
			<report>
				<misses>14198001</misses>
				<total>14</total>
				<timestamp>5106.168929</timestamp>
			</report>
			<report>
				<misses>14199001</misses>
				<total>14</total>
				<timestamp>5106.528553</timestamp>
			</report>
			<report>
				<misses>14200001</misses>
				<total>14</total>
				<timestamp>5106.888295</timestamp>
			</report>
			<report>
				<misses>14201001</misses>
				<total>14</total>
				<timestamp>5107.247829</timestamp>
			</report>
			<report>
				<misses>14202001</misses>
				<total>14</total>
				<timestamp>5107.607500</timestamp>
			</report>
			<report>
				<misses>14203001</misses>
				<total>14</total>
				<timestamp>5107.967125</timestamp>
			</report>
			<report>
				<misses>14204001</misses>
				<total>14</total>
				<timestamp>5108.326842</timestamp>
			</report>
			<report>
				<misses>14205001</misses>
				<total>14</total>
				<timestamp>5108.686487</timestamp>
			</report>
			<report>
				<misses>14206001</misses>
				<total>14</total>
				<timestamp>5109.046112</timestamp>
			</report>
			<report>
				<misses>14207001</misses>
				<total>14</total>
				<timestamp>5109.405712</timestamp>
			</report>
			<report>
				<misses>14208001</misses>
				<total>14</total>
				<timestamp>5109.765305</timestamp>
			</report>
			<report>
				<misses>14209001</misses>
				<total>14</total>
				<timestamp>5110.124970</timestamp>
			</report>
			<report>
				<misses>14210001</misses>
				<total>14</total>
				<timestamp>5110.484663</timestamp>
			</report>
			<report>
				<misses>14211001</misses>
				<total>14</total>
				<timestamp>5110.844222</timestamp>
			</report>
			<report>
				<misses>14212001</misses>
				<total>14</total>
				<timestamp>5111.203883</timestamp>
			</report>
			<report>
				<misses>14213001</misses>
				<total>14</total>
				<timestamp>5111.563514</timestamp>
			</report>
			<report>
				<misses>14214001</misses>
				<total>14</total>
				<timestamp>5111.923194</timestamp>
			</report>
			<report>
				<misses>14215001</misses>
				<total>14</total>
				<timestamp>5112.282789</timestamp>
			</report>
			<report>
				<misses>14216001</misses>
				<total>14</total>
				<timestamp>5112.642435</timestamp>
			</report>
			<report>
				<misses>14217001</misses>
				<total>14</total>
				<timestamp>5113.002152</timestamp>
			</report>
			<report>
				<misses>14218001</misses>
				<total>14</total>
				<timestamp>5113.361701</timestamp>
			</report>
			<report>
				<misses>14219001</misses>
				<total>14</total>
				<timestamp>5113.721331</timestamp>
			</report>
			<report>
				<misses>14220001</misses>
				<total>14</total>
				<timestamp>5114.081077</timestamp>
			</report>
			<report>
				<misses>14221001</misses>
				<total>14</total>
				<timestamp>5114.440654</timestamp>
			</report>
			<report>
				<misses>14222001</misses>
				<total>14</total>
				<timestamp>5114.800315</timestamp>
			</report>
			<report>
				<misses>14223001</misses>
				<total>14</total>
				<timestamp>5115.159941</timestamp>
			</report>
			<report>
				<misses>14224001</misses>
				<total>14</total>
				<timestamp>5115.519585</timestamp>
			</report>
			<report>
				<misses>14225001</misses>
				<total>14</total>
				<timestamp>5115.879196</timestamp>
			</report>
			<report>
				<misses>14226001</misses>
				<total>14</total>
				<timestamp>5116.238878</timestamp>
			</report>
			<report>
				<misses>14227001</misses>
				<total>14</total>
				<timestamp>5116.598516</timestamp>
			</report>
			<report>
				<misses>14228001</misses>
				<total>14</total>
				<timestamp>5116.958209</timestamp>
			</report>
			<report>
				<misses>14229001</misses>
				<total>14</total>
				<timestamp>5117.317760</timestamp>
			</report>
			<report>
				<misses>14230001</misses>
				<total>14</total>
				<timestamp>5117.677422</timestamp>
			</report>
			<report>
				<misses>14231001</misses>
				<total>14</total>
				<timestamp>5118.037115</timestamp>
			</report>
			<report>
				<misses>14232001</misses>
				<total>14</total>
				<timestamp>5118.396779</timestamp>
			</report>
			<report>
				<misses>14233001</misses>
				<total>14</total>
				<timestamp>5118.756320</timestamp>
			</report>
			<report>
				<misses>14234001</misses>
				<total>14</total>
				<timestamp>5119.115957</timestamp>
			</report>
			<report>
				<misses>14235001</misses>
				<total>14</total>
				<timestamp>5119.475617</timestamp>
			</report>
			<report>
				<misses>14236001</misses>
				<total>14</total>
				<timestamp>5119.835248</timestamp>
			</report>
			<report>
				<misses>14237001</misses>
				<total>14</total>
				<timestamp>5120.194907</timestamp>
			</report>
			<report>
				<misses>14238001</misses>
				<total>14</total>
				<timestamp>5120.554487</timestamp>
			</report>
			<report>
				<misses>14239001</misses>
				<total>14</total>
				<timestamp>5120.914201</timestamp>
			</report>
			<report>
				<misses>14240001</misses>
				<total>14</total>
				<timestamp>5121.273830</timestamp>
			</report>
			<report>
				<misses>14241001</misses>
				<total>14</total>
				<timestamp>5121.633466</timestamp>
			</report>
			<report>
				<misses>14242001</misses>
				<total>14</total>
				<timestamp>5121.993103</timestamp>
			</report>
			<report>
				<misses>14243001</misses>
				<total>14</total>
				<timestamp>5122.352708</timestamp>
			</report>
			<report>
				<misses>14244001</misses>
				<total>14</total>
				<timestamp>5122.712349</timestamp>
			</report>
			<report>
				<misses>14245001</misses>
				<total>14</total>
				<timestamp>5123.072006</timestamp>
			</report>
			<report>
				<misses>14246001</misses>
				<total>14</total>
				<timestamp>5123.431650</timestamp>
			</report>
			<report>
				<misses>14247001</misses>
				<total>14</total>
				<timestamp>5123.791247</timestamp>
			</report>
			<report>
				<misses>14248001</misses>
				<total>14</total>
				<timestamp>5124.150935</timestamp>
			</report>
			<report>
				<misses>14249001</misses>
				<total>14</total>
				<timestamp>5124.510603</timestamp>
			</report>
			<report>
				<misses>14250001</misses>
				<total>14</total>
				<timestamp>5124.870183</timestamp>
			</report>
			<report>
				<misses>14251001</misses>
				<total>14</total>
				<timestamp>5125.229880</timestamp>
			</report>
			<report>
				<misses>14252001</misses>
				<total>14</total>
				<timestamp>5125.589464</timestamp>
			</report>
			<report>
				<misses>14253001</misses>
				<total>14</total>
				<timestamp>5125.949203</timestamp>
			</report>
			<report>
				<misses>14254001</misses>
				<total>14</total>
				<timestamp>5126.308749</timestamp>
			</report>
			<report>
				<misses>14255001</misses>
				<total>14</total>
				<timestamp>5126.668379</timestamp>
			</report>
			<report>
				<misses>14256001</misses>
				<total>14</total>
				<timestamp>5127.028102</timestamp>
			</report>
			<report>
				<misses>14257001</misses>
				<total>14</total>
				<timestamp>5127.387669</timestamp>
			</report>
			<report>
				<misses>14258001</misses>
				<total>14</total>
				<timestamp>5127.747296</timestamp>
			</report>
			<report>
				<misses>14259001</misses>
				<total>14</total>
				<timestamp>5128.106984</timestamp>
			</report>
			<report>
				<misses>14260001</misses>
				<total>14</total>
				<timestamp>5128.466617</timestamp>
			</report>
			<report>
				<misses>14261001</misses>
				<total>14</total>
				<timestamp>5128.826221</timestamp>
			</report>
			<report>
				<misses>14262001</misses>
				<total>14</total>
				<timestamp>5129.185877</timestamp>
			</report>
			<report>
				<misses>14263001</misses>
				<total>14</total>
				<timestamp>5129.545535</timestamp>
			</report>
			<report>
				<misses>14264001</misses>
				<total>14</total>
				<timestamp>5129.905141</timestamp>
			</report>
			<report>
				<misses>14265001</misses>
				<total>14</total>
				<timestamp>5130.264789</timestamp>
			</report>
			<report>
				<misses>14266001</misses>
				<total>14</total>
				<timestamp>5130.624449</timestamp>
			</report>
			<report>
				<misses>14267001</misses>
				<total>14</total>
				<timestamp>5130.984074</timestamp>
			</report>
			<report>
				<misses>14268001</misses>
				<total>14</total>
				<timestamp>5131.343731</timestamp>
			</report>
			<report>
				<misses>14269001</misses>
				<total>14</total>
				<timestamp>5131.703327</timestamp>
			</report>
			<report>
				<misses>14270001</misses>
				<total>14</total>
				<timestamp>5132.063010</timestamp>
			</report>
			<report>
				<misses>14271001</misses>
				<total>14</total>
				<timestamp>5132.422742</timestamp>
			</report>
			<report>
				<misses>14272001</misses>
				<total>14</total>
				<timestamp>5132.782292</timestamp>
			</report>
			<report>
				<misses>14273001</misses>
				<total>14</total>
				<timestamp>5133.141964</timestamp>
			</report>
			<report>
				<misses>14274001</misses>
				<total>14</total>
				<timestamp>5133.501551</timestamp>
			</report>
			<report>
				<misses>14275001</misses>
				<total>14</total>
				<timestamp>5133.861303</timestamp>
			</report>
			<report>
				<misses>14276001</misses>
				<total>14</total>
				<timestamp>5134.220963</timestamp>
			</report>
			<report>
				<misses>14277001</misses>
				<total>14</total>
				<timestamp>5134.580521</timestamp>
			</report>
			<report>
				<misses>14278001</misses>
				<total>14</total>
				<timestamp>5134.940111</timestamp>
			</report>
			<report>
				<misses>14279001</misses>
				<total>14</total>
				<timestamp>5135.299742</timestamp>
			</report>
			<report>
				<misses>14280001</misses>
				<total>14</total>
				<timestamp>5135.659389</timestamp>
			</report>
			<report>
				<misses>14281001</misses>
				<total>14</total>
				<timestamp>5136.019083</timestamp>
			</report>
			<report>
				<misses>14282001</misses>
				<total>14</total>
				<timestamp>5136.378676</timestamp>
			</report>
			<report>
				<misses>14283001</misses>
				<total>14</total>
				<timestamp>5136.738354</timestamp>
			</report>
			<report>
				<misses>14284001</misses>
				<total>14</total>
				<timestamp>5137.097940</timestamp>
			</report>
			<report>
				<misses>14285001</misses>
				<total>14</total>
				<timestamp>5137.457588</timestamp>
			</report>
			<report>
				<misses>14286001</misses>
				<total>14</total>
				<timestamp>5137.817235</timestamp>
			</report>
			<report>
				<misses>14287001</misses>
				<total>14</total>
				<timestamp>5138.176941</timestamp>
			</report>
			<report>
				<misses>14288001</misses>
				<total>14</total>
				<timestamp>5138.536594</timestamp>
			</report>
			<report>
				<misses>14289001</misses>
				<total>14</total>
				<timestamp>5138.896190</timestamp>
			</report>
			<report>
				<misses>14290001</misses>
				<total>14</total>
				<timestamp>5139.255805</timestamp>
			</report>
			<report>
				<misses>14291001</misses>
				<total>14</total>
				<timestamp>5139.615428</timestamp>
			</report>
			<report>
				<misses>14292001</misses>
				<total>14</total>
				<timestamp>5139.975076</timestamp>
			</report>
			<report>
				<misses>14293001</misses>
				<total>14</total>
				<timestamp>5140.334773</timestamp>
			</report>
			<report>
				<misses>14294001</misses>
				<total>14</total>
				<timestamp>5140.694423</timestamp>
			</report>
			<report>
				<misses>14295001</misses>
				<total>14</total>
				<timestamp>5141.054041</timestamp>
			</report>
			<report>
				<misses>14296001</misses>
				<total>14</total>
				<timestamp>5141.413626</timestamp>
			</report>
			<report>
				<misses>14297001</misses>
				<total>14</total>
				<timestamp>5141.773304</timestamp>
			</report>
			<report>
				<misses>14298001</misses>
				<total>14</total>
				<timestamp>5142.132926</timestamp>
			</report>
			<report>
				<misses>14299001</misses>
				<total>14</total>
				<timestamp>5142.492540</timestamp>
			</report>
			<report>
				<misses>14300001</misses>
				<total>14</total>
				<timestamp>5142.852180</timestamp>
			</report>
			<report>
				<misses>14301001</misses>
				<total>14</total>
				<timestamp>5143.211849</timestamp>
			</report>
			<report>
				<misses>14302001</misses>
				<total>14</total>
				<timestamp>5143.571451</timestamp>
			</report>
			<report>
				<misses>14303001</misses>
				<total>14</total>
				<timestamp>5143.931090</timestamp>
			</report>
			<report>
				<misses>14304001</misses>
				<total>14</total>
				<timestamp>5144.290744</timestamp>
			</report>
			<report>
				<misses>14305001</misses>
				<total>14</total>
				<timestamp>5144.650387</timestamp>
			</report>
			<report>
				<misses>14306001</misses>
				<total>14</total>
				<timestamp>5145.010043</timestamp>
			</report>
			<report>
				<misses>14307001</misses>
				<total>14</total>
				<timestamp>5145.369652</timestamp>
			</report>
			<report>
				<misses>14308001</misses>
				<total>14</total>
				<timestamp>5145.729363</timestamp>
			</report>
			<report>
				<misses>14309001</misses>
				<total>14</total>
				<timestamp>5146.089012</timestamp>
			</report>
			<report>
				<misses>14310001</misses>
				<total>14</total>
				<timestamp>5146.448682</timestamp>
			</report>
			<report>
				<misses>14311001</misses>
				<total>14</total>
				<timestamp>5146.808316</timestamp>
			</report>
			<report>
				<misses>14312001</misses>
				<total>14</total>
				<timestamp>5147.167865</timestamp>
			</report>
			<report>
				<misses>14313001</misses>
				<total>14</total>
				<timestamp>5147.527524</timestamp>
			</report>
			<report>
				<misses>14314001</misses>
				<total>14</total>
				<timestamp>5147.887144</timestamp>
			</report>
			<report>
				<misses>14315001</misses>
				<total>14</total>
				<timestamp>5148.246800</timestamp>
			</report>
			<report>
				<misses>14316001</misses>
				<total>14</total>
				<timestamp>5148.606515</timestamp>
			</report>
			<report>
				<misses>14317001</misses>
				<total>14</total>
				<timestamp>5148.966066</timestamp>
			</report>
			<report>
				<misses>14318001</misses>
				<total>14</total>
				<timestamp>5149.325696</timestamp>
			</report>
			<report>
				<misses>14319001</misses>
				<total>14</total>
				<timestamp>5149.685385</timestamp>
			</report>
			<report>
				<misses>14320001</misses>
				<total>14</total>
				<timestamp>5150.045049</timestamp>
			</report>
			<report>
				<misses>14321001</misses>
				<total>14</total>
				<timestamp>5150.404610</timestamp>
			</report>
			<report>
				<misses>14322001</misses>
				<total>14</total>
				<timestamp>5150.764272</timestamp>
			</report>
			<report>
				<misses>14323001</misses>
				<total>14</total>
				<timestamp>5151.123968</timestamp>
			</report>
			<report>
				<misses>14324001</misses>
				<total>14</total>
				<timestamp>5151.483573</timestamp>
			</report>
			<report>
				<misses>14325001</misses>
				<total>14</total>
				<timestamp>5151.843246</timestamp>
			</report>
			<report>
				<misses>14326001</misses>
				<total>14</total>
				<timestamp>5152.202885</timestamp>
			</report>
			<report>
				<misses>14327001</misses>
				<total>14</total>
				<timestamp>5152.562492</timestamp>
			</report>
			<report>
				<misses>14328001</misses>
				<total>14</total>
				<timestamp>5152.922087</timestamp>
			</report>
			<report>
				<misses>14329001</misses>
				<total>14</total>
				<timestamp>5153.281880</timestamp>
			</report>
			<report>
				<misses>14330001</misses>
				<total>14</total>
				<timestamp>5153.641406</timestamp>
			</report>
			<report>
				<misses>14331001</misses>
				<total>14</total>
				<timestamp>5154.001089</timestamp>
			</report>
			<report>
				<misses>14332001</misses>
				<total>14</total>
				<timestamp>5154.360770</timestamp>
			</report>
			<report>
				<misses>14333001</misses>
				<total>14</total>
				<timestamp>5154.720305</timestamp>
			</report>
			<report>
				<misses>14334001</misses>
				<total>14</total>
				<timestamp>5155.080017</timestamp>
			</report>
			<report>
				<misses>14335001</misses>
				<total>14</total>
				<timestamp>5155.439571</timestamp>
			</report>
			<report>
				<misses>14336001</misses>
				<total>14</total>
				<timestamp>5155.799225</timestamp>
			</report>
			<report>
				<misses>14337001</misses>
				<total>14</total>
				<timestamp>5156.158992</timestamp>
			</report>
			<report>
				<misses>14338001</misses>
				<total>14</total>
				<timestamp>5156.518501</timestamp>
			</report>
			<report>
				<misses>14339001</misses>
				<total>14</total>
				<timestamp>5156.878118</timestamp>
			</report>
			<report>
				<misses>14340001</misses>
				<total>14</total>
				<timestamp>5157.237792</timestamp>
			</report>
			<report>
				<misses>14341001</misses>
				<total>14</total>
				<timestamp>5157.597488</timestamp>
			</report>
			<report>
				<misses>14342001</misses>
				<total>14</total>
				<timestamp>5157.957111</timestamp>
			</report>
			<report>
				<misses>14343001</misses>
				<total>14</total>
				<timestamp>5158.316694</timestamp>
			</report>
			<report>
				<misses>14344001</misses>
				<total>14</total>
				<timestamp>5158.676362</timestamp>
			</report>
			<report>
				<misses>14345001</misses>
				<total>14</total>
				<timestamp>5159.036006</timestamp>
			</report>
			<report>
				<misses>14346001</misses>
				<total>14</total>
				<timestamp>5159.395703</timestamp>
			</report>
			<report>
				<misses>14347001</misses>
				<total>14</total>
				<timestamp>5159.755274</timestamp>
			</report>
			<report>
				<misses>14348001</misses>
				<total>14</total>
				<timestamp>5160.114961</timestamp>
			</report>
			<report>
				<misses>14349001</misses>
				<total>14</total>
				<timestamp>5160.474558</timestamp>
			</report>
			<report>
				<misses>14350001</misses>
				<total>14</total>
				<timestamp>5160.834190</timestamp>
			</report>
			<report>
				<misses>14351001</misses>
				<total>14</total>
				<timestamp>5161.193847</timestamp>
			</report>
			<report>
				<misses>14352001</misses>
				<total>14</total>
				<timestamp>5161.553482</timestamp>
			</report>
			<report>
				<misses>14353001</misses>
				<total>14</total>
				<timestamp>5161.913095</timestamp>
			</report>
			<report>
				<misses>14354001</misses>
				<total>14</total>
				<timestamp>5162.272773</timestamp>
			</report>
			<report>
				<misses>14355001</misses>
				<total>14</total>
				<timestamp>5162.632432</timestamp>
			</report>
			<report>
				<misses>14356001</misses>
				<total>14</total>
				<timestamp>5162.992114</timestamp>
			</report>
			<report>
				<misses>14357001</misses>
				<total>14</total>
				<timestamp>5163.351658</timestamp>
			</report>
			<report>
				<misses>14358001</misses>
				<total>14</total>
				<timestamp>5163.711294</timestamp>
			</report>
			<report>
				<misses>14359001</misses>
				<total>14</total>
				<timestamp>5164.070929</timestamp>
			</report>
			<report>
				<misses>14360001</misses>
				<total>14</total>
				<timestamp>5164.430594</timestamp>
			</report>
			<report>
				<misses>14361001</misses>
				<total>14</total>
				<timestamp>5164.790214</timestamp>
			</report>
			<report>
				<misses>14362001</misses>
				<total>14</total>
				<timestamp>5165.149862</timestamp>
			</report>
			<report>
				<misses>14363001</misses>
				<total>14</total>
				<timestamp>5165.509539</timestamp>
			</report>
			<report>
				<misses>14364001</misses>
				<total>14</total>
				<timestamp>5165.869210</timestamp>
			</report>
			<report>
				<misses>14365001</misses>
				<total>14</total>
				<timestamp>5166.228855</timestamp>
			</report>
			<report>
				<misses>14366001</misses>
				<total>14</total>
				<timestamp>5166.588494</timestamp>
			</report>
			<report>
				<misses>14367001</misses>
				<total>14</total>
				<timestamp>5166.948123</timestamp>
			</report>
			<report>
				<misses>14368001</misses>
				<total>14</total>
				<timestamp>5167.307773</timestamp>
			</report>
			<report>
				<misses>14369001</misses>
				<total>14</total>
				<timestamp>5167.667425</timestamp>
			</report>
			<report>
				<misses>14370001</misses>
				<total>14</total>
				<timestamp>5168.027029</timestamp>
			</report>
			<report>
				<misses>14371001</misses>
				<total>14</total>
				<timestamp>5168.386696</timestamp>
			</report>
			<report>
				<misses>14372001</misses>
				<total>14</total>
				<timestamp>5168.746329</timestamp>
			</report>
			<report>
				<misses>14373001</misses>
				<total>14</total>
				<timestamp>5169.105900</timestamp>
			</report>
			<report>
				<misses>14374001</misses>
				<total>14</total>
				<timestamp>5169.465634</timestamp>
			</report>
			<report>
				<misses>14375001</misses>
				<total>14</total>
				<timestamp>5169.825197</timestamp>
			</report>
			<report>
				<misses>14376001</misses>
				<total>14</total>
				<timestamp>5170.184879</timestamp>
			</report>
			<report>
				<misses>14377001</misses>
				<total>14</total>
				<timestamp>5170.544493</timestamp>
			</report>
			<report>
				<misses>14378001</misses>
				<total>14</total>
				<timestamp>5170.904196</timestamp>
			</report>
			<report>
				<misses>14379001</misses>
				<total>14</total>
				<timestamp>5171.263785</timestamp>
			</report>
			<report>
				<misses>14380001</misses>
				<total>14</total>
				<timestamp>5171.623387</timestamp>
			</report>
			<report>
				<misses>14381001</misses>
				<total>14</total>
				<timestamp>5171.983061</timestamp>
			</report>
			<report>
				<misses>14382001</misses>
				<total>14</total>
				<timestamp>5172.342783</timestamp>
			</report>
			<report>
				<misses>14383001</misses>
				<total>14</total>
				<timestamp>5172.702383</timestamp>
			</report>
			<report>
				<misses>14384001</misses>
				<total>14</total>
				<timestamp>5173.061986</timestamp>
			</report>
			<report>
				<misses>14385001</misses>
				<total>14</total>
				<timestamp>5173.421647</timestamp>
			</report>
			<report>
				<misses>14386001</misses>
				<total>14</total>
				<timestamp>5173.781212</timestamp>
			</report>
			<report>
				<misses>14387001</misses>
				<total>14</total>
				<timestamp>5174.140859</timestamp>
			</report>
			<report>
				<misses>14388001</misses>
				<total>14</total>
				<timestamp>5174.500558</timestamp>
			</report>
			<report>
				<misses>14389001</misses>
				<total>14</total>
				<timestamp>5174.860154</timestamp>
			</report>
			<report>
				<misses>14390001</misses>
				<total>14</total>
				<timestamp>5175.219794</timestamp>
			</report>
			<report>
				<misses>14391001</misses>
				<total>14</total>
				<timestamp>5175.579420</timestamp>
			</report>
			<report>
				<misses>14392001</misses>
				<total>14</total>
				<timestamp>5175.939070</timestamp>
			</report>
			<report>
				<misses>14393001</misses>
				<total>14</total>
				<timestamp>5176.298716</timestamp>
			</report>
			<report>
				<misses>14394001</misses>
				<total>14</total>
				<timestamp>5176.658337</timestamp>
			</report>
			<report>
				<misses>14395001</misses>
				<total>14</total>
				<timestamp>5177.017967</timestamp>
			</report>
			<report>
				<misses>14396001</misses>
				<total>14</total>
				<timestamp>5177.377658</timestamp>
			</report>
			<report>
				<misses>14397001</misses>
				<total>14</total>
				<timestamp>5177.737252</timestamp>
			</report>
			<report>
				<misses>14398001</misses>
				<total>14</total>
				<timestamp>5178.096896</timestamp>
			</report>
			<report>
				<misses>14399001</misses>
				<total>14</total>
				<timestamp>5178.456684</timestamp>
			</report>
			<report>
				<misses>14400001</misses>
				<total>14</total>
				<timestamp>5178.816171</timestamp>
			</report>
			<report>
				<misses>14401001</misses>
				<total>14</total>
				<timestamp>5179.175826</timestamp>
			</report>
			<report>
				<misses>14402001</misses>
				<total>14</total>
				<timestamp>5179.535466</timestamp>
			</report>
			<report>
				<misses>14403001</misses>
				<total>14</total>
				<timestamp>5179.895117</timestamp>
			</report>
			<report>
				<misses>14404001</misses>
				<total>14</total>
				<timestamp>5180.254871</timestamp>
			</report>
			<report>
				<misses>14405001</misses>
				<total>14</total>
				<timestamp>5180.614386</timestamp>
			</report>
			<report>
				<misses>14406001</misses>
				<total>14</total>
				<timestamp>5180.974022</timestamp>
			</report>
			<report>
				<misses>14407001</misses>
				<total>14</total>
				<timestamp>5181.333711</timestamp>
			</report>
			<report>
				<misses>14408001</misses>
				<total>14</total>
				<timestamp>5181.693396</timestamp>
			</report>
			<report>
				<misses>14409001</misses>
				<total>14</total>
				<timestamp>5182.052946</timestamp>
			</report>
			<report>
				<misses>14410001</misses>
				<total>14</total>
				<timestamp>5182.412601</timestamp>
			</report>
			<report>
				<misses>14411001</misses>
				<total>14</total>
				<timestamp>5182.772222</timestamp>
			</report>
			<report>
				<misses>14412001</misses>
				<total>14</total>
				<timestamp>5183.131853</timestamp>
			</report>
			<report>
				<misses>14413001</misses>
				<total>14</total>
				<timestamp>5183.491550</timestamp>
			</report>
			<report>
				<misses>14414001</misses>
				<total>14</total>
				<timestamp>5183.851119</timestamp>
			</report>
			<report>
				<misses>14415001</misses>
				<total>14</total>
				<timestamp>5184.210865</timestamp>
			</report>
			<report>
				<misses>14416001</misses>
				<total>14</total>
				<timestamp>5184.570408</timestamp>
			</report>
			<report>
				<misses>14417001</misses>
				<total>14</total>
				<timestamp>5184.930071</timestamp>
			</report>
			<report>
				<misses>14418001</misses>
				<total>14</total>
				<timestamp>5185.289727</timestamp>
			</report>
			<report>
				<misses>14419001</misses>
				<total>14</total>
				<timestamp>5185.649423</timestamp>
			</report>
			<report>
				<misses>14420001</misses>
				<total>14</total>
				<timestamp>5186.009035</timestamp>
			</report>
			<report>
				<misses>14421001</misses>
				<total>14</total>
				<timestamp>5186.368630</timestamp>
			</report>
			<report>
				<misses>14422001</misses>
				<total>14</total>
				<timestamp>5186.728302</timestamp>
			</report>
			<report>
				<misses>14423001</misses>
				<total>14</total>
				<timestamp>5187.087885</timestamp>
			</report>
			<report>
				<misses>14424001</misses>
				<total>14</total>
				<timestamp>5187.447611</timestamp>
			</report>
			<report>
				<misses>14425001</misses>
				<total>14</total>
				<timestamp>5187.807226</timestamp>
			</report>
			<report>
				<misses>14426001</misses>
				<total>14</total>
				<timestamp>5188.166816</timestamp>
			</report>
			<report>
				<misses>14427001</misses>
				<total>14</total>
				<timestamp>5188.526461</timestamp>
			</report>
			<report>
				<misses>14428001</misses>
				<total>14</total>
				<timestamp>5188.886170</timestamp>
			</report>
			<report>
				<misses>14429001</misses>
				<total>14</total>
				<timestamp>5189.245812</timestamp>
			</report>
			<report>
				<misses>14430001</misses>
				<total>14</total>
				<timestamp>5189.605376</timestamp>
			</report>
			<report>
				<misses>14431001</misses>
				<total>14</total>
				<timestamp>5189.965078</timestamp>
			</report>
			<report>
				<misses>14432001</misses>
				<total>14</total>
				<timestamp>5190.324826</timestamp>
			</report>
			<report>
				<misses>14433001</misses>
				<total>14</total>
				<timestamp>5190.684341</timestamp>
			</report>
			<report>
				<misses>14434001</misses>
				<total>14</total>
				<timestamp>5191.043934</timestamp>
			</report>
			<report>
				<misses>14435001</misses>
				<total>14</total>
				<timestamp>5191.403623</timestamp>
			</report>
			<report>
				<misses>14436001</misses>
				<total>14</total>
				<timestamp>5191.763266</timestamp>
			</report>
			<report>
				<misses>14437001</misses>
				<total>14</total>
				<timestamp>5192.122851</timestamp>
			</report>
			<report>
				<misses>14438001</misses>
				<total>14</total>
				<timestamp>5192.482616</timestamp>
			</report>
			<report>
				<misses>14439001</misses>
				<total>14</total>
				<timestamp>5192.842147</timestamp>
			</report>
			<report>
				<misses>14440001</misses>
				<total>14</total>
				<timestamp>5193.201792</timestamp>
			</report>
			<report>
				<misses>14441001</misses>
				<total>14</total>
				<timestamp>5193.561500</timestamp>
			</report>
			<report>
				<misses>14442001</misses>
				<total>14</total>
				<timestamp>5193.921113</timestamp>
			</report>
			<report>
				<misses>14443001</misses>
				<total>14</total>
				<timestamp>5194.280722</timestamp>
			</report>
			<report>
				<misses>14444001</misses>
				<total>14</total>
				<timestamp>5194.640375</timestamp>
			</report>
			<report>
				<misses>14445001</misses>
				<total>14</total>
				<timestamp>5195.000053</timestamp>
			</report>
			<report>
				<misses>14446001</misses>
				<total>14</total>
				<timestamp>5195.359701</timestamp>
			</report>
			<report>
				<misses>14447001</misses>
				<total>14</total>
				<timestamp>5195.719343</timestamp>
			</report>
			<report>
				<misses>14448001</misses>
				<total>14</total>
				<timestamp>5196.078904</timestamp>
			</report>
			<report>
				<misses>14449001</misses>
				<total>14</total>
				<timestamp>5196.438554</timestamp>
			</report>
			<report>
				<misses>14450001</misses>
				<total>14</total>
				<timestamp>5196.798187</timestamp>
			</report>
			<report>
				<misses>14451001</misses>
				<total>14</total>
				<timestamp>5197.157807</timestamp>
			</report>
			<report>
				<misses>14452001</misses>
				<total>14</total>
				<timestamp>5197.517471</timestamp>
			</report>
			<report>
				<misses>14453001</misses>
				<total>14</total>
				<timestamp>5197.877099</timestamp>
			</report>
			<report>
				<misses>14454001</misses>
				<total>14</total>
				<timestamp>5198.236753</timestamp>
			</report>
			<report>
				<misses>14455001</misses>
				<total>14</total>
				<timestamp>5198.596476</timestamp>
			</report>
			<report>
				<misses>14456001</misses>
				<total>14</total>
				<timestamp>5198.956086</timestamp>
			</report>
			<report>
				<misses>14457001</misses>
				<total>14</total>
				<timestamp>5199.315705</timestamp>
			</report>
			<report>
				<misses>14458001</misses>
				<total>14</total>
				<timestamp>5199.675328</timestamp>
			</report>
			<report>
				<misses>14459001</misses>
				<total>14</total>
				<timestamp>5200.034929</timestamp>
			</report>
			<report>
				<misses>14460001</misses>
				<total>14</total>
				<timestamp>5200.394673</timestamp>
			</report>
			<report>
				<misses>14461001</misses>
				<total>14</total>
				<timestamp>5200.754229</timestamp>
			</report>
			<report>
				<misses>14462001</misses>
				<total>14</total>
				<timestamp>5201.113852</timestamp>
			</report>
			<report>
				<misses>14463001</misses>
				<total>14</total>
				<timestamp>5201.473525</timestamp>
			</report>
			<report>
				<misses>14464001</misses>
				<total>14</total>
				<timestamp>5201.833207</timestamp>
			</report>
			<report>
				<misses>14465001</misses>
				<total>14</total>
				<timestamp>5202.192831</timestamp>
			</report>
			<report>
				<misses>14466001</misses>
				<total>14</total>
				<timestamp>5202.552463</timestamp>
			</report>
			<report>
				<misses>14467001</misses>
				<total>14</total>
				<timestamp>5202.912068</timestamp>
			</report>
			<report>
				<misses>14468001</misses>
				<total>14</total>
				<timestamp>5203.271711</timestamp>
			</report>
			<report>
				<misses>14469001</misses>
				<total>14</total>
				<timestamp>5203.631328</timestamp>
			</report>
			<report>
				<misses>14470001</misses>
				<total>14</total>
				<timestamp>5203.991024</timestamp>
			</report>
			<report>
				<misses>14471001</misses>
				<total>14</total>
				<timestamp>5204.350710</timestamp>
			</report>
			<report>
				<misses>14472001</misses>
				<total>14</total>
				<timestamp>5204.710276</timestamp>
			</report>
			<report>
				<misses>14473001</misses>
				<total>14</total>
				<timestamp>5205.069960</timestamp>
			</report>
			<report>
				<misses>14474001</misses>
				<total>14</total>
				<timestamp>5205.429591</timestamp>
			</report>
			<report>
				<misses>14475001</misses>
				<total>14</total>
				<timestamp>5205.789215</timestamp>
			</report>
			<report>
				<misses>14476001</misses>
				<total>14</total>
				<timestamp>5206.148852</timestamp>
			</report>
			<report>
				<misses>14477001</misses>
				<total>14</total>
				<timestamp>5206.508468</timestamp>
			</report>
			<report>
				<misses>14478001</misses>
				<total>14</total>
				<timestamp>5206.868152</timestamp>
			</report>
			<report>
				<misses>14479001</misses>
				<total>14</total>
				<timestamp>5207.227770</timestamp>
			</report>
			<report>
				<misses>14480001</misses>
				<total>14</total>
				<timestamp>5207.587377</timestamp>
			</report>
			<report>
				<misses>14481001</misses>
				<total>14</total>
				<timestamp>5207.947029</timestamp>
			</report>
			<report>
				<misses>14482001</misses>
				<total>14</total>
				<timestamp>5208.306722</timestamp>
			</report>
			<report>
				<misses>14483001</misses>
				<total>14</total>
				<timestamp>5208.666366</timestamp>
			</report>
			<report>
				<misses>14484001</misses>
				<total>14</total>
				<timestamp>5209.025949</timestamp>
			</report>
			<report>
				<misses>14485001</misses>
				<total>14</total>
				<timestamp>5209.385596</timestamp>
			</report>
			<report>
				<misses>14486001</misses>
				<total>14</total>
				<timestamp>5209.745262</timestamp>
			</report>
			<report>
				<misses>14487001</misses>
				<total>14</total>
				<timestamp>5210.104906</timestamp>
			</report>
			<report>
				<misses>14488001</misses>
				<total>14</total>
				<timestamp>5210.464602</timestamp>
			</report>
			<report>
				<misses>14489001</misses>
				<total>14</total>
				<timestamp>5210.824173</timestamp>
			</report>
			<report>
				<misses>14490001</misses>
				<total>14</total>
				<timestamp>5211.183783</timestamp>
			</report>
			<report>
				<misses>14491001</misses>
				<total>14</total>
				<timestamp>5211.543476</timestamp>
			</report>
			<report>
				<misses>14492001</misses>
				<total>14</total>
				<timestamp>5211.903059</timestamp>
			</report>
			<report>
				<misses>14493001</misses>
				<total>14</total>
				<timestamp>5212.262694</timestamp>
			</report>
			<report>
				<misses>14494001</misses>
				<total>14</total>
				<timestamp>5212.622367</timestamp>
			</report>
			<report>
				<misses>14495001</misses>
				<total>14</total>
				<timestamp>5212.982059</timestamp>
			</report>
			<report>
				<misses>14496001</misses>
				<total>14</total>
				<timestamp>5213.341738</timestamp>
			</report>
			<report>
				<misses>14497001</misses>
				<total>14</total>
				<timestamp>5213.701295</timestamp>
			</report>
			<report>
				<misses>14498001</misses>
				<total>14</total>
				<timestamp>5214.060954</timestamp>
			</report>
			<report>
				<misses>14499001</misses>
				<total>14</total>
				<timestamp>5214.420584</timestamp>
			</report>
			<report>
				<misses>14500001</misses>
				<total>14</total>
				<timestamp>5214.780211</timestamp>
			</report>
			<report>
				<misses>14501001</misses>
				<total>14</total>
				<timestamp>5215.139817</timestamp>
			</report>
			<report>
				<misses>14502001</misses>
				<total>14</total>
				<timestamp>5215.499445</timestamp>
			</report>
			<report>
				<misses>14503001</misses>
				<total>14</total>
				<timestamp>5215.859084</timestamp>
			</report>
			<report>
				<misses>14504001</misses>
				<total>14</total>
				<timestamp>5216.218778</timestamp>
			</report>
			<report>
				<misses>14505001</misses>
				<total>14</total>
				<timestamp>5216.578435</timestamp>
			</report>
			<report>
				<misses>14506001</misses>
				<total>14</total>
				<timestamp>5216.938043</timestamp>
			</report>
			<report>
				<misses>14507001</misses>
				<total>14</total>
				<timestamp>5217.297668</timestamp>
			</report>
			<report>
				<misses>14508001</misses>
				<total>14</total>
				<timestamp>5217.657311</timestamp>
			</report>
			<report>
				<misses>14509001</misses>
				<total>14</total>
				<timestamp>5218.016969</timestamp>
			</report>
			<report>
				<misses>14510001</misses>
				<total>14</total>
				<timestamp>5218.376603</timestamp>
			</report>
			<report>
				<misses>14511001</misses>
				<total>14</total>
				<timestamp>5218.736248</timestamp>
			</report>
			<report>
				<misses>14512001</misses>
				<total>14</total>
				<timestamp>5219.095865</timestamp>
			</report>
			<report>
				<misses>14513001</misses>
				<total>14</total>
				<timestamp>5219.455499</timestamp>
			</report>
			<report>
				<misses>14514001</misses>
				<total>14</total>
				<timestamp>5219.815202</timestamp>
			</report>
			<report>
				<misses>14515001</misses>
				<total>14</total>
				<timestamp>5220.174789</timestamp>
			</report>
			<report>
				<misses>14516001</misses>
				<total>14</total>
				<timestamp>5220.534466</timestamp>
			</report>
			<report>
				<misses>14517001</misses>
				<total>14</total>
				<timestamp>5220.894056</timestamp>
			</report>
			<report>
				<misses>14518001</misses>
				<total>14</total>
				<timestamp>5221.253686</timestamp>
			</report>
			<report>
				<misses>14519001</misses>
				<total>14</total>
				<timestamp>5221.613351</timestamp>
			</report>
			<report>
				<misses>14520001</misses>
				<total>14</total>
				<timestamp>5221.973000</timestamp>
			</report>
			<report>
				<misses>14521001</misses>
				<total>14</total>
				<timestamp>5222.332662</timestamp>
			</report>
			<report>
				<misses>14522001</misses>
				<total>14</total>
				<timestamp>5222.692262</timestamp>
			</report>
			<report>
				<misses>14523001</misses>
				<total>14</total>
				<timestamp>5223.051887</timestamp>
			</report>
			<report>
				<misses>14524001</misses>
				<total>14</total>
				<timestamp>5223.411539</timestamp>
			</report>
			<report>
				<misses>14525001</misses>
				<total>14</total>
				<timestamp>5223.771231</timestamp>
			</report>
			<report>
				<misses>14526001</misses>
				<total>14</total>
				<timestamp>5224.130809</timestamp>
			</report>
			<report>
				<misses>14527001</misses>
				<total>14</total>
				<timestamp>5224.490518</timestamp>
			</report>
			<report>
				<misses>14528001</misses>
				<total>14</total>
				<timestamp>5224.850106</timestamp>
			</report>
			<report>
				<misses>14529001</misses>
				<total>14</total>
				<timestamp>5225.209769</timestamp>
			</report>
			<report>
				<misses>14530001</misses>
				<total>14</total>
				<timestamp>5225.569442</timestamp>
			</report>
			<report>
				<misses>14531001</misses>
				<total>14</total>
				<timestamp>5225.929043</timestamp>
			</report>
			<report>
				<misses>14532001</misses>
				<total>14</total>
				<timestamp>5226.288676</timestamp>
			</report>
			<report>
				<misses>14533001</misses>
				<total>14</total>
				<timestamp>5226.648402</timestamp>
			</report>
			<report>
				<misses>14534001</misses>
				<total>14</total>
				<timestamp>5227.007944</timestamp>
			</report>
			<report>
				<misses>14535001</misses>
				<total>14</total>
				<timestamp>5227.367570</timestamp>
			</report>
			<report>
				<misses>14536001</misses>
				<total>14</total>
				<timestamp>5227.727241</timestamp>
			</report>
			<report>
				<misses>14537001</misses>
				<total>14</total>
				<timestamp>5228.086899</timestamp>
			</report>
			<report>
				<misses>14538001</misses>
				<total>14</total>
				<timestamp>5228.446499</timestamp>
			</report>
			<report>
				<misses>14539001</misses>
				<total>14</total>
				<timestamp>5228.806212</timestamp>
			</report>
			<report>
				<misses>14540001</misses>
				<total>14</total>
				<timestamp>5229.165788</timestamp>
			</report>
			<report>
				<misses>14541001</misses>
				<total>14</total>
				<timestamp>5229.525451</timestamp>
			</report>
			<report>
				<misses>14542001</misses>
				<total>14</total>
				<timestamp>5229.885096</timestamp>
			</report>
			<report>
				<misses>14543001</misses>
				<total>14</total>
				<timestamp>5230.244734</timestamp>
			</report>
			<report>
				<misses>14544001</misses>
				<total>14</total>
				<timestamp>5230.604359</timestamp>
			</report>
			<report>
				<misses>14545001</misses>
				<total>14</total>
				<timestamp>5230.963986</timestamp>
			</report>
			<report>
				<misses>14546001</misses>
				<total>14</total>
				<timestamp>5231.323636</timestamp>
			</report>
			<report>
				<misses>14547001</misses>
				<total>14</total>
				<timestamp>5231.683342</timestamp>
			</report>
			<report>
				<misses>14548001</misses>
				<total>14</total>
				<timestamp>5232.042955</timestamp>
			</report>
			<report>
				<misses>14549001</misses>
				<total>14</total>
				<timestamp>5232.402546</timestamp>
			</report>
			<report>
				<misses>14550001</misses>
				<total>14</total>
				<timestamp>5232.762166</timestamp>
			</report>
			<report>
				<misses>14551001</misses>
				<total>14</total>
				<timestamp>5233.121824</timestamp>
			</report>
			<report>
				<misses>14552001</misses>
				<total>14</total>
				<timestamp>5233.481529</timestamp>
			</report>
			<report>
				<misses>14553001</misses>
				<total>14</total>
				<timestamp>5233.841131</timestamp>
			</report>
			<report>
				<misses>14554001</misses>
				<total>14</total>
				<timestamp>5234.200804</timestamp>
			</report>
			<report>
				<misses>14555001</misses>
				<total>14</total>
				<timestamp>5234.560434</timestamp>
			</report>
			<report>
				<misses>14556001</misses>
				<total>14</total>
				<timestamp>5234.920050</timestamp>
			</report>
			<report>
				<misses>14557001</misses>
				<total>14</total>
				<timestamp>5235.279695</timestamp>
			</report>
			<report>
				<misses>14558001</misses>
				<total>14</total>
				<timestamp>5235.639373</timestamp>
			</report>
			<report>
				<misses>14559001</misses>
				<total>14</total>
				<timestamp>5235.998934</timestamp>
			</report>
			<report>
				<misses>14560001</misses>
				<total>14</total>
				<timestamp>5236.358623</timestamp>
			</report>
			<report>
				<misses>14561001</misses>
				<total>14</total>
				<timestamp>5236.718222</timestamp>
			</report>
			<report>
				<misses>14562001</misses>
				<total>14</total>
				<timestamp>5237.077859</timestamp>
			</report>
			<report>
				<misses>14563001</misses>
				<total>14</total>
				<timestamp>5237.437510</timestamp>
			</report>
			<report>
				<misses>14564001</misses>
				<total>14</total>
				<timestamp>5237.797225</timestamp>
			</report>
			<report>
				<misses>14565001</misses>
				<total>14</total>
				<timestamp>5238.156788</timestamp>
			</report>
			<report>
				<misses>14566001</misses>
				<total>14</total>
				<timestamp>5238.516531</timestamp>
			</report>
			<report>
				<misses>14567001</misses>
				<total>14</total>
				<timestamp>5238.876110</timestamp>
			</report>
			<report>
				<misses>14568001</misses>
				<total>14</total>
				<timestamp>5239.235704</timestamp>
			</report>
			<report>
				<misses>14569001</misses>
				<total>14</total>
				<timestamp>5239.595393</timestamp>
			</report>
			<report>
				<misses>14570001</misses>
				<total>14</total>
				<timestamp>5239.955048</timestamp>
			</report>
			<report>
				<misses>14571001</misses>
				<total>14</total>
				<timestamp>5240.314727</timestamp>
			</report>
			<report>
				<misses>14572001</misses>
				<total>14</total>
				<timestamp>5240.674277</timestamp>
			</report>
			<report>
				<misses>14573001</misses>
				<total>14</total>
				<timestamp>5241.033964</timestamp>
			</report>
			<report>
				<misses>14574001</misses>
				<total>14</total>
				<timestamp>5241.393621</timestamp>
			</report>
			<report>
				<misses>14575001</misses>
				<total>14</total>
				<timestamp>5241.753246</timestamp>
			</report>
			<report>
				<misses>14576001</misses>
				<total>14</total>
				<timestamp>5242.112811</timestamp>
			</report>
			<report>
				<misses>14577001</misses>
				<total>14</total>
				<timestamp>5242.472503</timestamp>
			</report>
			<report>
				<misses>14578001</misses>
				<total>14</total>
				<timestamp>5242.832221</timestamp>
			</report>
			<report>
				<misses>14579001</misses>
				<total>14</total>
				<timestamp>5243.191728</timestamp>
			</report>
			<report>
				<misses>14580001</misses>
				<total>14</total>
				<timestamp>5243.551452</timestamp>
			</report>
			<report>
				<misses>14581001</misses>
				<total>14</total>
				<timestamp>5243.911064</timestamp>
			</report>
			<report>
				<misses>14582001</misses>
				<total>14</total>
				<timestamp>5244.270686</timestamp>
			</report>
			<report>
				<misses>14583001</misses>
				<total>14</total>
				<timestamp>5244.630319</timestamp>
			</report>
			<report>
				<misses>14584001</misses>
				<total>14</total>
				<timestamp>5244.989981</timestamp>
			</report>
			<report>
				<misses>14585001</misses>
				<total>14</total>
				<timestamp>5245.349590</timestamp>
			</report>
			<report>
				<misses>14586001</misses>
				<total>14</total>
				<timestamp>5245.709215</timestamp>
			</report>
			<report>
				<misses>14587001</misses>
				<total>14</total>
				<timestamp>5246.068871</timestamp>
			</report>
			<report>
				<misses>14588001</misses>
				<total>14</total>
				<timestamp>5246.428525</timestamp>
			</report>
			<report>
				<misses>14589001</misses>
				<total>14</total>
				<timestamp>5246.788181</timestamp>
			</report>
			<report>
				<misses>14590001</misses>
				<total>14</total>
				<timestamp>5247.147785</timestamp>
			</report>
			<report>
				<misses>14591001</misses>
				<total>14</total>
				<timestamp>5247.507483</timestamp>
			</report>
			<report>
				<misses>14592001</misses>
				<total>14</total>
				<timestamp>5247.867142</timestamp>
			</report>
			<report>
				<misses>14593001</misses>
				<total>14</total>
				<timestamp>5248.226731</timestamp>
			</report>
			<report>
				<misses>14594001</misses>
				<total>14</total>
				<timestamp>5248.586434</timestamp>
			</report>
			<report>
				<misses>14595001</misses>
				<total>14</total>
				<timestamp>5248.945996</timestamp>
			</report>
			<report>
				<misses>14596001</misses>
				<total>14</total>
				<timestamp>5249.305640</timestamp>
			</report>
			<report>
				<misses>14597001</misses>
				<total>14</total>
				<timestamp>5249.665302</timestamp>
			</report>
			<report>
				<misses>14598001</misses>
				<total>14</total>
				<timestamp>5250.024890</timestamp>
			</report>
			<report>
				<misses>14599001</misses>
				<total>14</total>
				<timestamp>5250.384578</timestamp>
			</report>
			<report>
				<misses>14600001</misses>
				<total>14</total>
				<timestamp>5250.744291</timestamp>
			</report>
			<report>
				<misses>14601001</misses>
				<total>14</total>
				<timestamp>5251.103835</timestamp>
			</report>
			<report>
				<misses>14602001</misses>
				<total>14</total>
				<timestamp>5251.463489</timestamp>
			</report>
			<report>
				<misses>14603001</misses>
				<total>14</total>
				<timestamp>5251.823185</timestamp>
			</report>
			<report>
				<misses>14604001</misses>
				<total>14</total>
				<timestamp>5252.182742</timestamp>
			</report>
			<report>
				<misses>14605001</misses>
				<total>14</total>
				<timestamp>5252.542416</timestamp>
			</report>
			<report>
				<misses>14606001</misses>
				<total>14</total>
				<timestamp>5252.902028</timestamp>
			</report>
			<report>
				<misses>14607001</misses>
				<total>14</total>
				<timestamp>5253.261710</timestamp>
			</report>
			<report>
				<misses>14608001</misses>
				<total>14</total>
				<timestamp>5253.621286</timestamp>
			</report>
			<report>
				<misses>14609001</misses>
				<total>14</total>
				<timestamp>5253.980940</timestamp>
			</report>
			<report>
				<misses>14610001</misses>
				<total>14</total>
				<timestamp>5254.340583</timestamp>
			</report>
			<report>
				<misses>14611001</misses>
				<total>14</total>
				<timestamp>5254.700239</timestamp>
			</report>
			<report>
				<misses>14612001</misses>
				<total>14</total>
				<timestamp>5255.059875</timestamp>
			</report>
			<report>
				<misses>14613001</misses>
				<total>14</total>
				<timestamp>5255.419524</timestamp>
			</report>
			<report>
				<misses>14614001</misses>
				<total>14</total>
				<timestamp>5255.779212</timestamp>
			</report>
			<report>
				<misses>14615001</misses>
				<total>14</total>
				<timestamp>5256.138783</timestamp>
			</report>
			<report>
				<misses>14616001</misses>
				<total>14</total>
				<timestamp>5256.498436</timestamp>
			</report>
			<report>
				<misses>14617001</misses>
				<total>14</total>
				<timestamp>5256.858072</timestamp>
			</report>
			<report>
				<misses>14618001</misses>
				<total>14</total>
				<timestamp>5257.217813</timestamp>
			</report>
			<report>
				<misses>14619001</misses>
				<total>14</total>
				<timestamp>5257.577418</timestamp>
			</report>
			<report>
				<misses>14620001</misses>
				<total>14</total>
				<timestamp>5257.937042</timestamp>
			</report>
			<report>
				<misses>14621001</misses>
				<total>14</total>
				<timestamp>5258.296622</timestamp>
			</report>
			<report>
				<misses>14622001</misses>
				<total>14</total>
				<timestamp>5258.656350</timestamp>
			</report>
			<report>
				<misses>14623001</misses>
				<total>14</total>
				<timestamp>5259.015927</timestamp>
			</report>
			<report>
				<misses>14624001</misses>
				<total>14</total>
				<timestamp>5259.375578</timestamp>
			</report>
			<report>
				<misses>14625001</misses>
				<total>14</total>
				<timestamp>5259.735199</timestamp>
			</report>
			<report>
				<misses>14626001</misses>
				<total>14</total>
				<timestamp>5260.094817</timestamp>
			</report>
			<report>
				<misses>14627001</misses>
				<total>14</total>
				<timestamp>5260.454517</timestamp>
			</report>
			<report>
				<misses>14628001</misses>
				<total>14</total>
				<timestamp>5260.814129</timestamp>
			</report>
			<report>
				<misses>14629001</misses>
				<total>14</total>
				<timestamp>5261.173750</timestamp>
			</report>
			<report>
				<misses>14630001</misses>
				<total>14</total>
				<timestamp>5261.533399</timestamp>
			</report>
			<report>
				<misses>14631001</misses>
				<total>14</total>
				<timestamp>5261.893029</timestamp>
			</report>
			<report>
				<misses>14632001</misses>
				<total>14</total>
				<timestamp>5262.252669</timestamp>
			</report>
			<report>
				<misses>14633001</misses>
				<total>14</total>
				<timestamp>5262.612368</timestamp>
			</report>
			<report>
				<misses>14634001</misses>
				<total>14</total>
				<timestamp>5262.971962</timestamp>
			</report>
			<report>
				<misses>14635001</misses>
				<total>14</total>
				<timestamp>5263.331581</timestamp>
			</report>
			<report>
				<misses>14636001</misses>
				<total>14</total>
				<timestamp>5263.691249</timestamp>
			</report>
			<report>
				<misses>14637001</misses>
				<total>14</total>
				<timestamp>5264.050881</timestamp>
			</report>
			<report>
				<misses>14638001</misses>
				<total>14</total>
				<timestamp>5264.410539</timestamp>
			</report>
			<report>
				<misses>14639001</misses>
				<total>14</total>
				<timestamp>5264.770198</timestamp>
			</report>
			<report>
				<misses>14640001</misses>
				<total>14</total>
				<timestamp>5265.129768</timestamp>
			</report>
			<report>
				<misses>14641001</misses>
				<total>14</total>
				<timestamp>5265.489434</timestamp>
			</report>
			<report>
				<misses>14642001</misses>
				<total>14</total>
				<timestamp>5265.849167</timestamp>
			</report>
			<report>
				<misses>14643001</misses>
				<total>14</total>
				<timestamp>5266.208753</timestamp>
			</report>
			<report>
				<misses>14644001</misses>
				<total>14</total>
				<timestamp>5266.568386</timestamp>
			</report>
			<report>
				<misses>14645001</misses>
				<total>14</total>
				<timestamp>5266.928119</timestamp>
			</report>
			<report>
				<misses>14646001</misses>
				<total>14</total>
				<timestamp>5267.287655</timestamp>
			</report>
			<report>
				<misses>14647001</misses>
				<total>14</total>
				<timestamp>5267.647307</timestamp>
			</report>
			<report>
				<misses>14648001</misses>
				<total>14</total>
				<timestamp>5268.007001</timestamp>
			</report>
			<report>
				<misses>14649001</misses>
				<total>14</total>
				<timestamp>5268.366553</timestamp>
			</report>
			<report>
				<misses>14650001</misses>
				<total>14</total>
				<timestamp>5268.726222</timestamp>
			</report>
			<report>
				<misses>14651001</misses>
				<total>14</total>
				<timestamp>5269.085815</timestamp>
			</report>
			<report>
				<misses>14652001</misses>
				<total>14</total>
				<timestamp>5269.445450</timestamp>
			</report>
			<report>
				<misses>14653001</misses>
				<total>14</total>
				<timestamp>5269.805135</timestamp>
			</report>
			<report>
				<misses>14654001</misses>
				<total>14</total>
				<timestamp>5270.164745</timestamp>
			</report>
			<report>
				<misses>14655001</misses>
				<total>14</total>
				<timestamp>5270.524426</timestamp>
			</report>
			<report>
				<misses>14656001</misses>
				<total>14</total>
				<timestamp>5270.884083</timestamp>
			</report>
			<report>
				<misses>14657001</misses>
				<total>14</total>
				<timestamp>5271.243648</timestamp>
			</report>
			<report>
				<misses>14658001</misses>
				<total>14</total>
				<timestamp>5271.603342</timestamp>
			</report>
			<report>
				<misses>14659001</misses>
				<total>14</total>
				<timestamp>5271.963040</timestamp>
			</report>
			<report>
				<misses>14660001</misses>
				<total>14</total>
				<timestamp>5272.322576</timestamp>
			</report>
			<report>
				<misses>14661001</misses>
				<total>14</total>
				<timestamp>5272.682276</timestamp>
			</report>
			<report>
				<misses>14662001</misses>
				<total>14</total>
				<timestamp>5273.041920</timestamp>
			</report>
			<report>
				<misses>14663001</misses>
				<total>14</total>
				<timestamp>5273.401539</timestamp>
			</report>
			<report>
				<misses>14664001</misses>
				<total>14</total>
				<timestamp>5273.761301</timestamp>
			</report>
			<report>
				<misses>14665001</misses>
				<total>14</total>
				<timestamp>5274.120814</timestamp>
			</report>
			<report>
				<misses>14666001</misses>
				<total>14</total>
				<timestamp>5274.480414</timestamp>
			</report>
			<report>
				<misses>14667001</misses>
				<total>14</total>
				<timestamp>5274.840077</timestamp>
			</report>
			<report>
				<misses>14668001</misses>
				<total>14</total>
				<timestamp>5275.199744</timestamp>
			</report>
			<report>
				<misses>14669001</misses>
				<total>14</total>
				<timestamp>5275.559339</timestamp>
			</report>
			<report>
				<misses>14670001</misses>
				<total>14</total>
				<timestamp>5275.919134</timestamp>
			</report>
			<report>
				<misses>14671001</misses>
				<total>14</total>
				<timestamp>5276.278668</timestamp>
			</report>
			<report>
				<misses>14672001</misses>
				<total>14</total>
				<timestamp>5276.638278</timestamp>
			</report>
			<report>
				<misses>14673001</misses>
				<total>14</total>
				<timestamp>5276.997921</timestamp>
			</report>
			<report>
				<misses>14674001</misses>
				<total>14</total>
				<timestamp>5277.357567</timestamp>
			</report>
			<report>
				<misses>14675001</misses>
				<total>14</total>
				<timestamp>5277.717178</timestamp>
			</report>
			<report>
				<misses>14676001</misses>
				<total>14</total>
				<timestamp>5278.076861</timestamp>
			</report>
			<report>
				<misses>14677001</misses>
				<total>14</total>
				<timestamp>5278.436513</timestamp>
			</report>
			<report>
				<misses>14678001</misses>
				<total>14</total>
				<timestamp>5278.796167</timestamp>
			</report>
			<report>
				<misses>14679001</misses>
				<total>14</total>
				<timestamp>5279.155749</timestamp>
			</report>
			<report>
				<misses>14680001</misses>
				<total>14</total>
				<timestamp>5279.515361</timestamp>
			</report>
			<report>
				<misses>14681001</misses>
				<total>14</total>
				<timestamp>5279.875031</timestamp>
			</report>
			<report>
				<misses>14682001</misses>
				<total>14</total>
				<timestamp>5280.234706</timestamp>
			</report>
			<report>
				<misses>14683001</misses>
				<total>14</total>
				<timestamp>5280.594350</timestamp>
			</report>
			<report>
				<misses>14684001</misses>
				<total>14</total>
				<timestamp>5280.953999</timestamp>
			</report>
			<report>
				<misses>14685001</misses>
				<total>14</total>
				<timestamp>5281.313597</timestamp>
			</report>
			<report>
				<misses>14686001</misses>
				<total>14</total>
				<timestamp>5281.673223</timestamp>
			</report>
			<report>
				<misses>14687001</misses>
				<total>14</total>
				<timestamp>5282.032959</timestamp>
			</report>
			<report>
				<misses>14688001</misses>
				<total>14</total>
				<timestamp>5282.392517</timestamp>
			</report>
			<report>
				<misses>14689001</misses>
				<total>14</total>
				<timestamp>5282.752151</timestamp>
			</report>
			<report>
				<misses>14690001</misses>
				<total>14</total>
				<timestamp>5283.111799</timestamp>
			</report>
			<report>
				<misses>14691001</misses>
				<total>14</total>
				<timestamp>5283.471464</timestamp>
			</report>
			<report>
				<misses>14692001</misses>
				<total>14</total>
				<timestamp>5283.831142</timestamp>
			</report>
			<report>
				<misses>14693001</misses>
				<total>14</total>
				<timestamp>5284.190700</timestamp>
			</report>
			<report>
				<misses>14694001</misses>
				<total>14</total>
				<timestamp>5284.550373</timestamp>
			</report>
			<report>
				<misses>14695001</misses>
				<total>14</total>
				<timestamp>5284.910095</timestamp>
			</report>
			<report>
				<misses>14696001</misses>
				<total>14</total>
				<timestamp>5285.269611</timestamp>
			</report>
			<report>
				<misses>14697001</misses>
				<total>14</total>
				<timestamp>5285.629350</timestamp>
			</report>
			<report>
				<misses>14698001</misses>
				<total>14</total>
				<timestamp>5285.988906</timestamp>
			</report>
			<report>
				<misses>14699001</misses>
				<total>14</total>
				<timestamp>5286.348647</timestamp>
			</report>
			<report>
				<misses>14700001</misses>
				<total>14</total>
				<timestamp>5286.708221</timestamp>
			</report>
			<report>
				<misses>14701001</misses>
				<total>14</total>
				<timestamp>5287.067864</timestamp>
			</report>
			<report>
				<misses>14702001</misses>
				<total>14</total>
				<timestamp>5287.427479</timestamp>
			</report>
			<report>
				<misses>14703001</misses>
				<total>14</total>
				<timestamp>5287.787156</timestamp>
			</report>
			<report>
				<misses>14704001</misses>
				<total>14</total>
				<timestamp>5288.146754</timestamp>
			</report>
			<report>
				<misses>14705001</misses>
				<total>14</total>
				<timestamp>5288.506378</timestamp>
			</report>
			<report>
				<misses>14706001</misses>
				<total>14</total>
				<timestamp>5288.866026</timestamp>
			</report>
			<report>
				<misses>14707001</misses>
				<total>14</total>
				<timestamp>5289.225740</timestamp>
			</report>
			<report>
				<misses>14708001</misses>
				<total>14</total>
				<timestamp>5289.585330</timestamp>
			</report>
			<report>
				<misses>14709001</misses>
				<total>14</total>
				<timestamp>5289.944946</timestamp>
			</report>
			<report>
				<misses>14710001</misses>
				<total>14</total>
				<timestamp>5290.304609</timestamp>
			</report>
			<report>
				<misses>14711001</misses>
				<total>14</total>
				<timestamp>5290.664219</timestamp>
			</report>
			<report>
				<misses>14712001</misses>
				<total>14</total>
				<timestamp>5291.023951</timestamp>
			</report>
			<report>
				<misses>14713001</misses>
				<total>14</total>
				<timestamp>5291.383522</timestamp>
			</report>
			<report>
				<misses>14714001</misses>
				<total>14</total>
				<timestamp>5291.743281</timestamp>
			</report>
			<report>
				<misses>14715001</misses>
				<total>14</total>
				<timestamp>5292.102843</timestamp>
			</report>
			<report>
				<misses>14716001</misses>
				<total>14</total>
				<timestamp>5292.462429</timestamp>
			</report>
			<report>
				<misses>14717001</misses>
				<total>14</total>
				<timestamp>5292.822110</timestamp>
			</report>
			<report>
				<misses>14718001</misses>
				<total>14</total>
				<timestamp>5293.181732</timestamp>
			</report>
			<report>
				<misses>14719001</misses>
				<total>14</total>
				<timestamp>5293.541444</timestamp>
			</report>
			<report>
				<misses>14720001</misses>
				<total>14</total>
				<timestamp>5293.901026</timestamp>
			</report>
			<report>
				<misses>14721001</misses>
				<total>14</total>
				<timestamp>5294.260610</timestamp>
			</report>
			<report>
				<misses>14722001</misses>
				<total>14</total>
				<timestamp>5294.620294</timestamp>
			</report>
			<report>
				<misses>14723001</misses>
				<total>14</total>
				<timestamp>5294.979907</timestamp>
			</report>
			<report>
				<misses>14724001</misses>
				<total>14</total>
				<timestamp>5295.339568</timestamp>
			</report>
			<report>
				<misses>14725001</misses>
				<total>14</total>
				<timestamp>5295.699197</timestamp>
			</report>
			<report>
				<misses>14726001</misses>
				<total>14</total>
				<timestamp>5296.058905</timestamp>
			</report>
			<report>
				<misses>14727001</misses>
				<total>14</total>
				<timestamp>5296.418493</timestamp>
			</report>
			<report>
				<misses>14728001</misses>
				<total>14</total>
				<timestamp>5296.778118</timestamp>
			</report>
			<report>
				<misses>14729001</misses>
				<total>14</total>
				<timestamp>5297.137765</timestamp>
			</report>
			<report>
				<misses>14730001</misses>
				<total>14</total>
				<timestamp>5297.497372</timestamp>
			</report>
			<report>
				<misses>14731001</misses>
				<total>14</total>
				<timestamp>5297.857054</timestamp>
			</report>
			<report>
				<misses>14732001</misses>
				<total>14</total>
				<timestamp>5298.216649</timestamp>
			</report>
			<report>
				<misses>14733001</misses>
				<total>14</total>
				<timestamp>5298.576302</timestamp>
			</report>
			<report>
				<misses>14734001</misses>
				<total>14</total>
				<timestamp>5298.936004</timestamp>
			</report>
			<report>
				<misses>14735001</misses>
				<total>14</total>
				<timestamp>5299.295577</timestamp>
			</report>
			<report>
				<misses>14736001</misses>
				<total>14</total>
				<timestamp>5299.655214</timestamp>
			</report>
			<report>
				<misses>14737001</misses>
				<total>14</total>
				<timestamp>5300.014914</timestamp>
			</report>
			<report>
				<misses>14738001</misses>
				<total>14</total>
				<timestamp>5300.374499</timestamp>
			</report>
			<report>
				<misses>14739001</misses>
				<total>14</total>
				<timestamp>5300.734129</timestamp>
			</report>
			<report>
				<misses>14740001</misses>
				<total>14</total>
				<timestamp>5301.093808</timestamp>
			</report>
			<report>
				<misses>14741001</misses>
				<total>14</total>
				<timestamp>5301.453408</timestamp>
			</report>
			<report>
				<misses>14742001</misses>
				<total>14</total>
				<timestamp>5301.813124</timestamp>
			</report>
			<report>
				<misses>14743001</misses>
				<total>14</total>
				<timestamp>5302.172680</timestamp>
			</report>
			<report>
				<misses>14744001</misses>
				<total>14</total>
				<timestamp>5302.532346</timestamp>
			</report>
			<report>
				<misses>14745001</misses>
				<total>14</total>
				<timestamp>5302.892012</timestamp>
			</report>
			<report>
				<misses>14746001</misses>
				<total>14</total>
				<timestamp>5303.251619</timestamp>
			</report>
			<report>
				<misses>14747001</misses>
				<total>14</total>
				<timestamp>5303.611260</timestamp>
			</report>
			<report>
				<misses>14748001</misses>
				<total>14</total>
				<timestamp>5303.970922</timestamp>
			</report>
			<report>
				<misses>14749001</misses>
				<total>14</total>
				<timestamp>5304.330558</timestamp>
			</report>
			<report>
				<misses>14750001</misses>
				<total>14</total>
				<timestamp>5304.690189</timestamp>
			</report>
			<report>
				<misses>14751001</misses>
				<total>14</total>
				<timestamp>5305.049915</timestamp>
			</report>
			<report>
				<misses>14752001</misses>
				<total>14</total>
				<timestamp>5305.409448</timestamp>
			</report>
			<report>
				<misses>14753001</misses>
				<total>14</total>
				<timestamp>5305.769134</timestamp>
			</report>
			<report>
				<misses>14754001</misses>
				<total>14</total>
				<timestamp>5306.128787</timestamp>
			</report>
			<report>
				<misses>14755001</misses>
				<total>14</total>
				<timestamp>5306.488457</timestamp>
			</report>
			<report>
				<misses>14756001</misses>
				<total>14</total>
				<timestamp>5306.848103</timestamp>
			</report>
			<report>
				<misses>14757001</misses>
				<total>14</total>
				<timestamp>5307.207719</timestamp>
			</report>
			<report>
				<misses>14758001</misses>
				<total>14</total>
				<timestamp>5307.567356</timestamp>
			</report>
			<report>
				<misses>14759001</misses>
				<total>14</total>
				<timestamp>5307.926946</timestamp>
			</report>
			<report>
				<misses>14760001</misses>
				<total>14</total>
				<timestamp>5308.286612</timestamp>
			</report>
			<report>
				<misses>14761001</misses>
				<total>14</total>
				<timestamp>5308.646305</timestamp>
			</report>
			<report>
				<misses>14762001</misses>
				<total>14</total>
				<timestamp>5309.005936</timestamp>
			</report>
			<report>
				<misses>14763001</misses>
				<total>14</total>
				<timestamp>5309.365531</timestamp>
			</report>
			<report>
				<misses>14764001</misses>
				<total>14</total>
				<timestamp>5309.725192</timestamp>
			</report>
			<report>
				<misses>14765001</misses>
				<total>14</total>
				<timestamp>5310.084879</timestamp>
			</report>
			<report>
				<misses>14766001</misses>
				<total>14</total>
				<timestamp>5310.444420</timestamp>
			</report>
			<report>
				<misses>14767001</misses>
				<total>14</total>
				<timestamp>5310.804109</timestamp>
			</report>
			<report>
				<misses>14768001</misses>
				<total>14</total>
				<timestamp>5311.163708</timestamp>
			</report>
			<report>
				<misses>14769001</misses>
				<total>14</total>
				<timestamp>5311.523329</timestamp>
			</report>
			<report>
				<misses>14770001</misses>
				<total>14</total>
				<timestamp>5311.883005</timestamp>
			</report>
			<report>
				<misses>14771001</misses>
				<total>14</total>
				<timestamp>5312.242620</timestamp>
			</report>
			<report>
				<misses>14772001</misses>
				<total>14</total>
				<timestamp>5312.602300</timestamp>
			</report>
			<report>
				<misses>14773001</misses>
				<total>14</total>
				<timestamp>5312.961943</timestamp>
			</report>
			<report>
				<misses>14774001</misses>
				<total>14</total>
				<timestamp>5313.321550</timestamp>
			</report>
			<report>
				<misses>14775001</misses>
				<total>14</total>
				<timestamp>5313.681191</timestamp>
			</report>
			<report>
				<misses>14776001</misses>
				<total>14</total>
				<timestamp>5314.040880</timestamp>
			</report>
			<report>
				<misses>14777001</misses>
				<total>14</total>
				<timestamp>5314.400508</timestamp>
			</report>
			<report>
				<misses>14778001</misses>
				<total>14</total>
				<timestamp>5314.760102</timestamp>
			</report>
			<report>
				<misses>14779001</misses>
				<total>14</total>
				<timestamp>5315.119856</timestamp>
			</report>
			<report>
				<misses>14780001</misses>
				<total>14</total>
				<timestamp>5315.479411</timestamp>
			</report>
			<report>
				<misses>14781001</misses>
				<total>14</total>
				<timestamp>5315.839118</timestamp>
			</report>
			<report>
				<misses>14782001</misses>
				<total>14</total>
				<timestamp>5316.198649</timestamp>
			</report>
			<report>
				<misses>14783001</misses>
				<total>14</total>
				<timestamp>5316.558294</timestamp>
			</report>
			<report>
				<misses>14784001</misses>
				<total>14</total>
				<timestamp>5316.917935</timestamp>
			</report>
			<report>
				<misses>14785001</misses>
				<total>14</total>
				<timestamp>5317.277576</timestamp>
			</report>
			<report>
				<misses>14786001</misses>
				<total>14</total>
				<timestamp>5317.637213</timestamp>
			</report>
			<report>
				<misses>14787001</misses>
				<total>14</total>
				<timestamp>5317.996923</timestamp>
			</report>
			<report>
				<misses>14788001</misses>
				<total>14</total>
				<timestamp>5318.356498</timestamp>
			</report>
			<report>
				<misses>14789001</misses>
				<total>14</total>
				<timestamp>5318.716188</timestamp>
			</report>
			<report>
				<misses>14790001</misses>
				<total>14</total>
				<timestamp>5319.075834</timestamp>
			</report>
			<report>
				<misses>14791001</misses>
				<total>14</total>
				<timestamp>5319.435422</timestamp>
			</report>
			<report>
				<misses>14792001</misses>
				<total>14</total>
				<timestamp>5319.795133</timestamp>
			</report>
			<report>
				<misses>14793001</misses>
				<total>14</total>
				<timestamp>5320.154793</timestamp>
			</report>
			<report>
				<misses>14794001</misses>
				<total>14</total>
				<timestamp>5320.514329</timestamp>
			</report>
			<report>
				<misses>14795001</misses>
				<total>14</total>
				<timestamp>5320.874058</timestamp>
			</report>
			<report>
				<misses>14796001</misses>
				<total>14</total>
				<timestamp>5321.233699</timestamp>
			</report>
			<report>
				<misses>14797001</misses>
				<total>14</total>
				<timestamp>5321.593285</timestamp>
			</report>
			<report>
				<misses>14798001</misses>
				<total>14</total>
				<timestamp>5321.952931</timestamp>
			</report>
			<report>
				<misses>14799001</misses>
				<total>14</total>
				<timestamp>5322.312556</timestamp>
			</report>
			<report>
				<misses>14800001</misses>
				<total>14</total>
				<timestamp>5322.672195</timestamp>
			</report>
			<report>
				<misses>14801001</misses>
				<total>14</total>
				<timestamp>5323.031855</timestamp>
			</report>
			<report>
				<misses>14802001</misses>
				<total>14</total>
				<timestamp>5323.391459</timestamp>
			</report>
			<report>
				<misses>14803001</misses>
				<total>14</total>
				<timestamp>5323.751110</timestamp>
			</report>
			<report>
				<misses>14804001</misses>
				<total>14</total>
				<timestamp>5324.110769</timestamp>
			</report>
			<report>
				<misses>14805001</misses>
				<total>14</total>
				<timestamp>5324.470441</timestamp>
			</report>
			<report>
				<misses>14806001</misses>
				<total>14</total>
				<timestamp>5324.830054</timestamp>
			</report>
			<report>
				<misses>14807001</misses>
				<total>14</total>
				<timestamp>5325.189738</timestamp>
			</report>
			<report>
				<misses>14808001</misses>
				<total>14</total>
				<timestamp>5325.549345</timestamp>
			</report>
			<report>
				<misses>14809001</misses>
				<total>14</total>
				<timestamp>5325.908957</timestamp>
			</report>
			<report>
				<misses>14810001</misses>
				<total>14</total>
				<timestamp>5326.268696</timestamp>
			</report>
			<report>
				<misses>14811001</misses>
				<total>14</total>
				<timestamp>5326.628275</timestamp>
			</report>
			<report>
				<misses>14812001</misses>
				<total>14</total>
				<timestamp>5326.987878</timestamp>
			</report>
			<report>
				<misses>14813001</misses>
				<total>14</total>
				<timestamp>5327.347497</timestamp>
			</report>
			<report>
				<misses>14814001</misses>
				<total>14</total>
				<timestamp>5327.707134</timestamp>
			</report>
			<report>
				<misses>14815001</misses>
				<total>14</total>
				<timestamp>5328.066795</timestamp>
			</report>
			<report>
				<misses>14816001</misses>
				<total>14</total>
				<timestamp>5328.426468</timestamp>
			</report>
			<report>
				<misses>14817001</misses>
				<total>14</total>
				<timestamp>5328.786063</timestamp>
			</report>
			<report>
				<misses>14818001</misses>
				<total>14</total>
				<timestamp>5329.145746</timestamp>
			</report>
			<report>
				<misses>14819001</misses>
				<total>14</total>
				<timestamp>5329.505339</timestamp>
			</report>
			<report>
				<misses>14820001</misses>
				<total>14</total>
				<timestamp>5329.865000</timestamp>
			</report>
			<report>
				<misses>14821001</misses>
				<total>14</total>
				<timestamp>5330.224639</timestamp>
			</report>
			<report>
				<misses>14822001</misses>
				<total>14</total>
				<timestamp>5330.584273</timestamp>
			</report>
			<report>
				<misses>14823001</misses>
				<total>14</total>
				<timestamp>5330.943943</timestamp>
			</report>
			<report>
				<misses>14824001</misses>
				<total>14</total>
				<timestamp>5331.303539</timestamp>
			</report>
			<report>
				<misses>14825001</misses>
				<total>14</total>
				<timestamp>5331.663185</timestamp>
			</report>
			<report>
				<misses>14826001</misses>
				<total>14</total>
				<timestamp>5332.022831</timestamp>
			</report>
			<report>
				<misses>14827001</misses>
				<total>14</total>
				<timestamp>5332.382502</timestamp>
			</report>
			<report>
				<misses>14828001</misses>
				<total>14</total>
				<timestamp>5332.742097</timestamp>
			</report>
			<report>
				<misses>14829001</misses>
				<total>14</total>
				<timestamp>5333.101725</timestamp>
			</report>
			<report>
				<misses>14830001</misses>
				<total>14</total>
				<timestamp>5333.461440</timestamp>
			</report>
			<report>
				<misses>14831001</misses>
				<total>14</total>
				<timestamp>5333.820997</timestamp>
			</report>
			<report>
				<misses>14832001</misses>
				<total>14</total>
				<timestamp>5334.180681</timestamp>
			</report>
			<report>
				<misses>14833001</misses>
				<total>14</total>
				<timestamp>5334.540285</timestamp>
			</report>
			<report>
				<misses>14834001</misses>
				<total>14</total>
				<timestamp>5334.899973</timestamp>
			</report>
			<report>
				<misses>14835001</misses>
				<total>14</total>
				<timestamp>5335.259719</timestamp>
			</report>
			<report>
				<misses>14836001</misses>
				<total>14</total>
				<timestamp>5335.619230</timestamp>
			</report>
			<report>
				<misses>14837001</misses>
				<total>14</total>
				<timestamp>5335.978848</timestamp>
			</report>
			<report>
				<misses>14838001</misses>
				<total>14</total>
				<timestamp>5336.338560</timestamp>
			</report>
			<report>
				<misses>14839001</misses>
				<total>14</total>
				<timestamp>5336.698151</timestamp>
			</report>
			<report>
				<misses>14840001</misses>
				<total>14</total>
				<timestamp>5337.057800</timestamp>
			</report>
			<report>
				<misses>14841001</misses>
				<total>14</total>
				<timestamp>5337.417422</timestamp>
			</report>
			<report>
				<misses>14842001</misses>
				<total>14</total>
				<timestamp>5337.777074</timestamp>
			</report>
			<report>
				<misses>14843001</misses>
				<total>14</total>
				<timestamp>5338.136700</timestamp>
			</report>
			<report>
				<misses>14844001</misses>
				<total>14</total>
				<timestamp>5338.496376</timestamp>
			</report>
			<report>
				<misses>14845001</misses>
				<total>14</total>
				<timestamp>5338.856005</timestamp>
			</report>
			<report>
				<misses>14846001</misses>
				<total>14</total>
				<timestamp>5339.215637</timestamp>
			</report>
			<report>
				<misses>14847001</misses>
				<total>14</total>
				<timestamp>5339.575262</timestamp>
			</report>
			<report>
				<misses>14848001</misses>
				<total>14</total>
				<timestamp>5339.934949</timestamp>
			</report>
			<report>
				<misses>14849001</misses>
				<total>14</total>
				<timestamp>5340.294631</timestamp>
			</report>
			<report>
				<misses>14850001</misses>
				<total>14</total>
				<timestamp>5340.654205</timestamp>
			</report>
			<report>
				<misses>14851001</misses>
				<total>14</total>
				<timestamp>5341.013834</timestamp>
			</report>
			<report>
				<misses>14852001</misses>
				<total>14</total>
				<timestamp>5341.373497</timestamp>
			</report>
			<report>
				<misses>14853001</misses>
				<total>14</total>
				<timestamp>5341.733094</timestamp>
			</report>
			<report>
				<misses>14854001</misses>
				<total>14</total>
				<timestamp>5342.092746</timestamp>
			</report>
			<report>
				<misses>14855001</misses>
				<total>14</total>
				<timestamp>5342.452413</timestamp>
			</report>
			<report>
				<misses>14856001</misses>
				<total>14</total>
				<timestamp>5342.812103</timestamp>
			</report>
			<report>
				<misses>14857001</misses>
				<total>14</total>
				<timestamp>5343.171716</timestamp>
			</report>
			<report>
				<misses>14858001</misses>
				<total>14</total>
				<timestamp>5343.531300</timestamp>
			</report>
			<report>
				<misses>14859001</misses>
				<total>14</total>
				<timestamp>5343.890968</timestamp>
			</report>
			<report>
				<misses>14860001</misses>
				<total>14</total>
				<timestamp>5344.250629</timestamp>
			</report>
			<report>
				<misses>14861001</misses>
				<total>14</total>
				<timestamp>5344.610251</timestamp>
			</report>
			<report>
				<misses>14862001</misses>
				<total>14</total>
				<timestamp>5344.969888</timestamp>
			</report>
			<report>
				<misses>14863001</misses>
				<total>14</total>
				<timestamp>5345.329548</timestamp>
			</report>
			<report>
				<misses>14864001</misses>
				<total>14</total>
				<timestamp>5345.689165</timestamp>
			</report>
			<report>
				<misses>14865001</misses>
				<total>14</total>
				<timestamp>5346.048778</timestamp>
			</report>
			<report>
				<misses>14866001</misses>
				<total>14</total>
				<timestamp>5346.408425</timestamp>
			</report>
			<report>
				<misses>14867001</misses>
				<total>14</total>
				<timestamp>5346.768126</timestamp>
			</report>
			<report>
				<misses>14868001</misses>
				<total>14</total>
				<timestamp>5347.127723</timestamp>
			</report>
			<report>
				<misses>14869001</misses>
				<total>14</total>
				<timestamp>5347.487352</timestamp>
			</report>
			<report>
				<misses>14870001</misses>
				<total>14</total>
				<timestamp>5347.847034</timestamp>
			</report>
			<report>
				<misses>14871001</misses>
				<total>14</total>
				<timestamp>5348.206665</timestamp>
			</report>
			<report>
				<misses>14872001</misses>
				<total>14</total>
				<timestamp>5348.566305</timestamp>
			</report>
			<report>
				<misses>14873001</misses>
				<total>14</total>
				<timestamp>5348.925911</timestamp>
			</report>
			<report>
				<misses>14874001</misses>
				<total>14</total>
				<timestamp>5349.285579</timestamp>
			</report>
			<report>
				<misses>14875001</misses>
				<total>14</total>
				<timestamp>5349.645192</timestamp>
			</report>
			<report>
				<misses>14876001</misses>
				<total>14</total>
				<timestamp>5350.004823</timestamp>
			</report>
			<report>
				<misses>14877001</misses>
				<total>14</total>
				<timestamp>5350.364449</timestamp>
			</report>
			<report>
				<misses>14878001</misses>
				<total>14</total>
				<timestamp>5350.724147</timestamp>
			</report>
			<report>
				<misses>14879001</misses>
				<total>14</total>
				<timestamp>5351.083736</timestamp>
			</report>
			<report>
				<misses>14880001</misses>
				<total>14</total>
				<timestamp>5351.443387</timestamp>
			</report>
			<report>
				<misses>14881001</misses>
				<total>14</total>
				<timestamp>5351.803033</timestamp>
			</report>
			<report>
				<misses>14882001</misses>
				<total>14</total>
				<timestamp>5352.162730</timestamp>
			</report>
			<report>
				<misses>14883001</misses>
				<total>14</total>
				<timestamp>5352.522330</timestamp>
			</report>
			<report>
				<misses>14884001</misses>
				<total>14</total>
				<timestamp>5352.881990</timestamp>
			</report>
			<report>
				<misses>14885001</misses>
				<total>14</total>
				<timestamp>5353.241618</timestamp>
			</report>
			<report>
				<misses>14886001</misses>
				<total>14</total>
				<timestamp>5353.601262</timestamp>
			</report>
			<report>
				<misses>14887001</misses>
				<total>14</total>
				<timestamp>5353.960868</timestamp>
			</report>
			<report>
				<misses>14888001</misses>
				<total>14</total>
				<timestamp>5354.320580</timestamp>
			</report>
			<report>
				<misses>14889001</misses>
				<total>14</total>
				<timestamp>5354.680134</timestamp>
			</report>
			<report>
				<misses>14890001</misses>
				<total>14</total>
				<timestamp>5355.039820</timestamp>
			</report>
			<report>
				<misses>14891001</misses>
				<total>14</total>
				<timestamp>5355.399545</timestamp>
			</report>
			<report>
				<misses>14892001</misses>
				<total>14</total>
				<timestamp>5355.759073</timestamp>
			</report>
			<report>
				<misses>14893001</misses>
				<total>14</total>
				<timestamp>5356.118731</timestamp>
			</report>
			<report>
				<misses>14894001</misses>
				<total>14</total>
				<timestamp>5356.478381</timestamp>
			</report>
			<report>
				<misses>14895001</misses>
				<total>14</total>
				<timestamp>5356.838048</timestamp>
			</report>
			<report>
				<misses>14896001</misses>
				<total>14</total>
				<timestamp>5357.197668</timestamp>
			</report>
			<report>
				<misses>14897001</misses>
				<total>14</total>
				<timestamp>5357.557301</timestamp>
			</report>
			<report>
				<misses>14898001</misses>
				<total>14</total>
				<timestamp>5357.916978</timestamp>
			</report>
			<report>
				<misses>14899001</misses>
				<total>14</total>
				<timestamp>5358.276550</timestamp>
			</report>
			<report>
				<misses>14900001</misses>
				<total>14</total>
				<timestamp>5358.636181</timestamp>
			</report>
			<report>
				<misses>14901001</misses>
				<total>14</total>
				<timestamp>5358.995880</timestamp>
			</report>
			<report>
				<misses>14902001</misses>
				<total>14</total>
				<timestamp>5359.355477</timestamp>
			</report>
			<report>
				<misses>14903001</misses>
				<total>14</total>
				<timestamp>5359.715137</timestamp>
			</report>
			<report>
				<misses>14904001</misses>
				<total>14</total>
				<timestamp>5360.074788</timestamp>
			</report>
			<report>
				<misses>14905001</misses>
				<total>14</total>
				<timestamp>5360.434399</timestamp>
			</report>
			<report>
				<misses>14906001</misses>
				<total>14</total>
				<timestamp>5360.794011</timestamp>
			</report>
			<report>
				<misses>14907001</misses>
				<total>14</total>
				<timestamp>5361.153669</timestamp>
			</report>
			<report>
				<misses>14908001</misses>
				<total>14</total>
				<timestamp>5361.513336</timestamp>
			</report>
			<report>
				<misses>14909001</misses>
				<total>14</total>
				<timestamp>5361.872938</timestamp>
			</report>
			<report>
				<misses>14910001</misses>
				<total>14</total>
				<timestamp>5362.232629</timestamp>
			</report>
			<report>
				<misses>14911001</misses>
				<total>14</total>
				<timestamp>5362.592242</timestamp>
			</report>
			<report>
				<misses>14912001</misses>
				<total>14</total>
				<timestamp>5362.951862</timestamp>
			</report>
			<report>
				<misses>14913001</misses>
				<total>14</total>
				<timestamp>5363.311591</timestamp>
			</report>
			<report>
				<misses>14914001</misses>
				<total>14</total>
				<timestamp>5363.671136</timestamp>
			</report>
			<report>
				<misses>14915001</misses>
				<total>14</total>
				<timestamp>5364.030792</timestamp>
			</report>
			<report>
				<misses>14916001</misses>
				<total>14</total>
				<timestamp>5364.390482</timestamp>
			</report>
			<report>
				<misses>14917001</misses>
				<total>14</total>
				<timestamp>5364.750050</timestamp>
			</report>
			<report>
				<misses>14918001</misses>
				<total>14</total>
				<timestamp>5365.109727</timestamp>
			</report>
			<report>
				<misses>14919001</misses>
				<total>14</total>
				<timestamp>5365.469347</timestamp>
			</report>
			<report>
				<misses>14920001</misses>
				<total>14</total>
				<timestamp>5365.829037</timestamp>
			</report>
			<report>
				<misses>14921001</misses>
				<total>14</total>
				<timestamp>5366.188628</timestamp>
			</report>
			<report>
				<misses>14922001</misses>
				<total>14</total>
				<timestamp>5366.548274</timestamp>
			</report>
			<report>
				<misses>14923001</misses>
				<total>14</total>
				<timestamp>5366.907921</timestamp>
			</report>
			<report>
				<misses>14924001</misses>
				<total>14</total>
				<timestamp>5367.267602</timestamp>
			</report>
			<report>
				<misses>14925001</misses>
				<total>14</total>
				<timestamp>5367.627172</timestamp>
			</report>
			<report>
				<misses>14926001</misses>
				<total>14</total>
				<timestamp>5367.986851</timestamp>
			</report>
			<report>
				<misses>14927001</misses>
				<total>14</total>
				<timestamp>5368.346545</timestamp>
			</report>
			<report>
				<misses>14928001</misses>
				<total>14</total>
				<timestamp>5368.706098</timestamp>
			</report>
			<report>
				<misses>14929001</misses>
				<total>14</total>
				<timestamp>5369.065848</timestamp>
			</report>
			<report>
				<misses>14930001</misses>
				<total>14</total>
				<timestamp>5369.425391</timestamp>
			</report>
			<report>
				<misses>14931001</misses>
				<total>14</total>
				<timestamp>5369.785079</timestamp>
			</report>
			<report>
				<misses>14932001</misses>
				<total>14</total>
				<timestamp>5370.144706</timestamp>
			</report>
			<report>
				<misses>14933001</misses>
				<total>14</total>
				<timestamp>5370.504305</timestamp>
			</report>
			<report>
				<misses>14934001</misses>
				<total>14</total>
				<timestamp>5370.863943</timestamp>
			</report>
			<report>
				<misses>14935001</misses>
				<total>14</total>
				<timestamp>5371.223655</timestamp>
			</report>
			<report>
				<misses>14936001</misses>
				<total>14</total>
				<timestamp>5371.583216</timestamp>
			</report>
			<report>
				<misses>14937001</misses>
				<total>14</total>
				<timestamp>5371.942935</timestamp>
			</report>
			<report>
				<misses>14938001</misses>
				<total>14</total>
				<timestamp>5372.302514</timestamp>
			</report>
			<report>
				<misses>14939001</misses>
				<total>14</total>
				<timestamp>5372.662205</timestamp>
			</report>
			<report>
				<misses>14940001</misses>
				<total>14</total>
				<timestamp>5373.021863</timestamp>
			</report>
			<report>
				<misses>14941001</misses>
				<total>14</total>
				<timestamp>5373.381447</timestamp>
			</report>
			<report>
				<misses>14942001</misses>
				<total>14</total>
				<timestamp>5373.741151</timestamp>
			</report>
			<report>
				<misses>14943001</misses>
				<total>14</total>
				<timestamp>5374.100688</timestamp>
			</report>
			<report>
				<misses>14944001</misses>
				<total>14</total>
				<timestamp>5374.460412</timestamp>
			</report>
			<report>
				<misses>14945001</misses>
				<total>14</total>
				<timestamp>5374.820033</timestamp>
			</report>
			<report>
				<misses>14946001</misses>
				<total>14</total>
				<timestamp>5375.179625</timestamp>
			</report>
			<report>
				<misses>14947001</misses>
				<total>14</total>
				<timestamp>5375.539267</timestamp>
			</report>
			<report>
				<misses>14948001</misses>
				<total>14</total>
				<timestamp>5375.898980</timestamp>
			</report>
			<report>
				<misses>14949001</misses>
				<total>14</total>
				<timestamp>5376.258540</timestamp>
			</report>
			<report>
				<misses>14950001</misses>
				<total>14</total>
				<timestamp>5376.618229</timestamp>
			</report>
			<report>
				<misses>14951001</misses>
				<total>14</total>
				<timestamp>5376.977810</timestamp>
			</report>
			<report>
				<misses>14952001</misses>
				<total>14</total>
				<timestamp>5377.337527</timestamp>
			</report>
			<report>
				<misses>14953001</misses>
				<total>14</total>
				<timestamp>5377.697142</timestamp>
			</report>
			<report>
				<misses>14954001</misses>
				<total>14</total>
				<timestamp>5378.056815</timestamp>
			</report>
			<report>
				<misses>14955001</misses>
				<total>14</total>
				<timestamp>5378.416405</timestamp>
			</report>
			<report>
				<misses>14956001</misses>
				<total>14</total>
				<timestamp>5378.776026</timestamp>
			</report>
			<report>
				<misses>14957001</misses>
				<total>14</total>
				<timestamp>5379.135654</timestamp>
			</report>
			<report>
				<misses>14958001</misses>
				<total>14</total>
				<timestamp>5379.495353</timestamp>
			</report>
			<report>
				<misses>14959001</misses>
				<total>14</total>
				<timestamp>5379.854931</timestamp>
			</report>
			<report>
				<misses>14960001</misses>
				<total>14</total>
				<timestamp>5380.214570</timestamp>
			</report>
			<report>
				<misses>14961001</misses>
				<total>14</total>
				<timestamp>5380.574248</timestamp>
			</report>
			<report>
				<misses>14962001</misses>
				<total>14</total>
				<timestamp>5380.933855</timestamp>
			</report>
			<report>
				<misses>14963001</misses>
				<total>14</total>
				<timestamp>5381.293532</timestamp>
			</report>
			<report>
				<misses>14964001</misses>
				<total>14</total>
				<timestamp>5381.653146</timestamp>
			</report>
			<report>
				<misses>14965001</misses>
				<total>14</total>
				<timestamp>5382.012837</timestamp>
			</report>
			<report>
				<misses>14966001</misses>
				<total>14</total>
				<timestamp>5382.372491</timestamp>
			</report>
			<report>
				<misses>14967001</misses>
				<total>14</total>
				<timestamp>5382.732067</timestamp>
			</report>
			<report>
				<misses>14968001</misses>
				<total>14</total>
				<timestamp>5383.091711</timestamp>
			</report>
			<report>
				<misses>14969001</misses>
				<total>14</total>
				<timestamp>5383.451360</timestamp>
			</report>
			<report>
				<misses>14970001</misses>
				<total>14</total>
				<timestamp>5383.811013</timestamp>
			</report>
			<report>
				<misses>14971001</misses>
				<total>14</total>
				<timestamp>5384.170771</timestamp>
			</report>
			<report>
				<misses>14972001</misses>
				<total>14</total>
				<timestamp>5384.530312</timestamp>
			</report>
			<report>
				<misses>14973001</misses>
				<total>14</total>
				<timestamp>5384.890026</timestamp>
			</report>
			<report>
				<misses>14974001</misses>
				<total>14</total>
				<timestamp>5385.249563</timestamp>
			</report>
			<report>
				<misses>14975001</misses>
				<total>14</total>
				<timestamp>5385.609232</timestamp>
			</report>
			<report>
				<misses>14976001</misses>
				<total>14</total>
				<timestamp>5385.968880</timestamp>
			</report>
			<report>
				<misses>14977001</misses>
				<total>14</total>
				<timestamp>5386.328466</timestamp>
			</report>
			<report>
				<misses>14978001</misses>
				<total>14</total>
				<timestamp>5386.688138</timestamp>
			</report>
			<report>
				<misses>14979001</misses>
				<total>14</total>
				<timestamp>5387.047766</timestamp>
			</report>
			<report>
				<misses>14980001</misses>
				<total>14</total>
				<timestamp>5387.407433</timestamp>
			</report>
			<report>
				<misses>14981001</misses>
				<total>14</total>
				<timestamp>5387.767013</timestamp>
			</report>
			<report>
				<misses>14982001</misses>
				<total>14</total>
				<timestamp>5388.126655</timestamp>
			</report>
			<report>
				<misses>14983001</misses>
				<total>14</total>
				<timestamp>5388.486320</timestamp>
			</report>
			<report>
				<misses>14984001</misses>
				<total>14</total>
				<timestamp>5388.845931</timestamp>
			</report>
			<report>
				<misses>14985001</misses>
				<total>14</total>
				<timestamp>5389.205583</timestamp>
			</report>
			<report>
				<misses>14986001</misses>
				<total>14</total>
				<timestamp>5389.565217</timestamp>
			</report>
			<report>
				<misses>14987001</misses>
				<total>14</total>
				<timestamp>5389.924912</timestamp>
			</report>
			<report>
				<misses>14988001</misses>
				<total>14</total>
				<timestamp>5390.284523</timestamp>
			</report>
			<report>
				<misses>14989001</misses>
				<total>14</total>
				<timestamp>5390.644244</timestamp>
			</report>
			<report>
				<misses>14990001</misses>
				<total>14</total>
				<timestamp>5391.003780</timestamp>
			</report>
			<report>
				<misses>14991001</misses>
				<total>14</total>
				<timestamp>5391.363497</timestamp>
			</report>
			<report>
				<misses>14992001</misses>
				<total>14</total>
				<timestamp>5391.723110</timestamp>
			</report>
			<report>
				<misses>14993001</misses>
				<total>14</total>
				<timestamp>5392.082730</timestamp>
			</report>
			<report>
				<misses>14994001</misses>
				<total>14</total>
				<timestamp>5392.442386</timestamp>
			</report>
			<report>
				<misses>14995001</misses>
				<total>14</total>
				<timestamp>5392.802062</timestamp>
			</report>
			<report>
				<misses>14996001</misses>
				<total>14</total>
				<timestamp>5393.161693</timestamp>
			</report>
			<report>
				<misses>14997001</misses>
				<total>14</total>
				<timestamp>5393.521316</timestamp>
			</report>
			<report>
				<misses>14998001</misses>
				<total>14</total>
				<timestamp>5393.880972</timestamp>
			</report>
			<report>
				<misses>14999001</misses>
				<total>14</total>
				<timestamp>5394.240601</timestamp>
			</report>
			<report>
				<misses>15000001</misses>
				<total>14</total>
				<timestamp>5394.600229</timestamp>
			</report>
			<report>
				<misses>15001001</misses>
				<total>14</total>
				<timestamp>5394.959859</timestamp>
			</report>
			<report>
				<misses>15002001</misses>
				<total>14</total>
				<timestamp>5395.319523</timestamp>
			</report>
			<report>
				<misses>15003001</misses>
				<total>14</total>
				<timestamp>5395.679100</timestamp>
			</report>
			<report>
				<misses>15004001</misses>
				<total>14</total>
				<timestamp>5396.038737</timestamp>
			</report>
			<report>
				<misses>15005001</misses>
				<total>14</total>
				<timestamp>5396.398452</timestamp>
			</report>
			<report>
				<misses>15006001</misses>
				<total>14</total>
				<timestamp>5396.758021</timestamp>
			</report>
			<report>
				<misses>15007001</misses>
				<total>14</total>
				<timestamp>5397.117689</timestamp>
			</report>
			<report>
				<misses>15008001</misses>
				<total>14</total>
				<timestamp>5397.477310</timestamp>
			</report>
			<report>
				<misses>15009001</misses>
				<total>14</total>
				<timestamp>5397.836976</timestamp>
			</report>
			<report>
				<misses>15010001</misses>
				<total>14</total>
				<timestamp>5398.196642</timestamp>
			</report>
			<report>
				<misses>15011001</misses>
				<total>14</total>
				<timestamp>5398.556223</timestamp>
			</report>
			<report>
				<misses>15012001</misses>
				<total>14</total>
				<timestamp>5398.915860</timestamp>
			</report>
			<report>
				<misses>15013001</misses>
				<total>14</total>
				<timestamp>5399.275570</timestamp>
			</report>
			<report>
				<misses>15014001</misses>
				<total>14</total>
				<timestamp>5399.635136</timestamp>
			</report>
			<report>
				<misses>15015001</misses>
				<total>14</total>
				<timestamp>5399.994830</timestamp>
			</report>
			<report>
				<misses>15016001</misses>
				<total>14</total>
				<timestamp>5400.354430</timestamp>
			</report>
			<report>
				<misses>15017001</misses>
				<total>14</total>
				<timestamp>5400.714074</timestamp>
			</report>
			<report>
				<misses>15018001</misses>
				<total>14</total>
				<timestamp>5401.073744</timestamp>
			</report>
			<report>
				<misses>15019001</misses>
				<total>14</total>
				<timestamp>5401.433377</timestamp>
			</report>
			<report>
				<misses>15020001</misses>
				<total>14</total>
				<timestamp>5401.793068</timestamp>
			</report>
			<report>
				<misses>15021001</misses>
				<total>14</total>
				<timestamp>5402.152613</timestamp>
			</report>
			<report>
				<misses>15022001</misses>
				<total>14</total>
				<timestamp>5402.512276</timestamp>
			</report>
			<report>
				<misses>15023001</misses>
				<total>14</total>
				<timestamp>5402.871960</timestamp>
			</report>
			<report>
				<misses>15024001</misses>
				<total>14</total>
				<timestamp>5403.231595</timestamp>
			</report>
			<report>
				<misses>15025001</misses>
				<total>14</total>
				<timestamp>5403.591228</timestamp>
			</report>
			<report>
				<misses>15026001</misses>
				<total>14</total>
				<timestamp>5403.950864</timestamp>
			</report>
			<report>
				<misses>15027001</misses>
				<total>14</total>
				<timestamp>5404.310482</timestamp>
			</report>
			<report>
				<misses>15028001</misses>
				<total>14</total>
				<timestamp>5404.670168</timestamp>
			</report>
			<report>
				<misses>15029001</misses>
				<total>14</total>
				<timestamp>5405.029778</timestamp>
			</report>
			<report>
				<misses>15030001</misses>
				<total>14</total>
				<timestamp>5405.389445</timestamp>
			</report>
			<report>
				<misses>15031001</misses>
				<total>14</total>
				<timestamp>5405.749079</timestamp>
			</report>
			<report>
				<misses>15032001</misses>
				<total>14</total>
				<timestamp>5406.108663</timestamp>
			</report>
			<report>
				<misses>15033001</misses>
				<total>14</total>
				<timestamp>5406.468316</timestamp>
			</report>
			<report>
				<misses>15034001</misses>
				<total>14</total>
				<timestamp>5406.827958</timestamp>
			</report>
			<report>
				<misses>15035001</misses>
				<total>14</total>
				<timestamp>5407.187631</timestamp>
			</report>
			<report>
				<misses>15036001</misses>
				<total>14</total>
				<timestamp>5407.547244</timestamp>
			</report>
			<report>
				<misses>15037001</misses>
				<total>14</total>
				<timestamp>5407.906917</timestamp>
			</report>
			<report>
				<misses>15038001</misses>
				<total>14</total>
				<timestamp>5408.266551</timestamp>
			</report>
			<report>
				<misses>15039001</misses>
				<total>14</total>
				<timestamp>5408.626170</timestamp>
			</report>
			<report>
				<misses>15040001</misses>
				<total>14</total>
				<timestamp>5408.985769</timestamp>
			</report>
			<report>
				<misses>15041001</misses>
				<total>14</total>
				<timestamp>5409.345415</timestamp>
			</report>
			<report>
				<misses>15042001</misses>
				<total>14</total>
				<timestamp>5409.705117</timestamp>
			</report>
			<report>
				<misses>15043001</misses>
				<total>14</total>
				<timestamp>5410.064761</timestamp>
			</report>
			<report>
				<misses>15044001</misses>
				<total>14</total>
				<timestamp>5410.424337</timestamp>
			</report>
			<report>
				<misses>15045001</misses>
				<total>14</total>
				<timestamp>5410.784007</timestamp>
			</report>
			<report>
				<misses>15046001</misses>
				<total>14</total>
				<timestamp>5411.143640</timestamp>
			</report>
			<report>
				<misses>15047001</misses>
				<total>14</total>
				<timestamp>5411.503295</timestamp>
			</report>
			<report>
				<misses>15048001</misses>
				<total>14</total>
				<timestamp>5411.862977</timestamp>
			</report>
			<report>
				<misses>15049001</misses>
				<total>14</total>
				<timestamp>5412.222558</timestamp>
			</report>
			<report>
				<misses>15050001</misses>
				<total>14</total>
				<timestamp>5412.582256</timestamp>
			</report>
			<report>
				<misses>15051001</misses>
				<total>14</total>
				<timestamp>5412.941875</timestamp>
			</report>
			<report>
				<misses>15052001</misses>
				<total>14</total>
				<timestamp>5413.301502</timestamp>
			</report>
			<report>
				<misses>15053001</misses>
				<total>14</total>
				<timestamp>5413.661144</timestamp>
			</report>
			<report>
				<misses>15054001</misses>
				<total>14</total>
				<timestamp>5414.020818</timestamp>
			</report>
			<report>
				<misses>15055001</misses>
				<total>14</total>
				<timestamp>5414.380430</timestamp>
			</report>
			<report>
				<misses>15056001</misses>
				<total>14</total>
				<timestamp>5414.740028</timestamp>
			</report>
			<report>
				<misses>15057001</misses>
				<total>14</total>
				<timestamp>5415.099661</timestamp>
			</report>
			<report>
				<misses>15058001</misses>
				<total>14</total>
				<timestamp>5415.459387</timestamp>
			</report>
			<report>
				<misses>15059001</misses>
				<total>14</total>
				<timestamp>5415.818980</timestamp>
			</report>
			<report>
				<misses>15060001</misses>
				<total>14</total>
				<timestamp>5416.178634</timestamp>
			</report>
			<report>
				<misses>15061001</misses>
				<total>14</total>
				<timestamp>5416.538249</timestamp>
			</report>
			<report>
				<misses>15062001</misses>
				<total>14</total>
				<timestamp>5416.897878</timestamp>
			</report>
			<report>
				<misses>15063001</misses>
				<total>14</total>
				<timestamp>5417.257517</timestamp>
			</report>
			<report>
				<misses>15064001</misses>
				<total>14</total>
				<timestamp>5417.617172</timestamp>
			</report>
			<report>
				<misses>15065001</misses>
				<total>14</total>
				<timestamp>5417.976845</timestamp>
			</report>
			<report>
				<misses>15066001</misses>
				<total>14</total>
				<timestamp>5418.336454</timestamp>
			</report>
			<report>
				<misses>15067001</misses>
				<total>14</total>
				<timestamp>5418.696112</timestamp>
			</report>
			<report>
				<misses>15068001</misses>
				<total>14</total>
				<timestamp>5419.055705</timestamp>
			</report>
			<report>
				<misses>15069001</misses>
				<total>14</total>
				<timestamp>5419.415393</timestamp>
			</report>
			<report>
				<misses>15070001</misses>
				<total>14</total>
				<timestamp>5419.775092</timestamp>
			</report>
			<report>
				<misses>15071001</misses>
				<total>14</total>
				<timestamp>5420.134609</timestamp>
			</report>
			<report>
				<misses>15072001</misses>
				<total>14</total>
				<timestamp>5420.494301</timestamp>
			</report>
			<report>
				<misses>15073001</misses>
				<total>14</total>
				<timestamp>5420.853940</timestamp>
			</report>
			<report>
				<misses>15074001</misses>
				<total>14</total>
				<timestamp>5421.213589</timestamp>
			</report>
			<report>
				<misses>15075001</misses>
				<total>14</total>
				<timestamp>5421.573191</timestamp>
			</report>
			<report>
				<misses>15076001</misses>
				<total>14</total>
				<timestamp>5421.932813</timestamp>
			</report>
			<report>
				<misses>15077001</misses>
				<total>14</total>
				<timestamp>5422.292492</timestamp>
			</report>
			<report>
				<misses>15078001</misses>
				<total>14</total>
				<timestamp>5422.652161</timestamp>
			</report>
			<report>
				<misses>15079001</misses>
				<total>14</total>
				<timestamp>5423.011740</timestamp>
			</report>
			<report>
				<misses>15080001</misses>
				<total>14</total>
				<timestamp>5423.371380</timestamp>
			</report>
			<report>
				<misses>15081001</misses>
				<total>14</total>
				<timestamp>5423.731180</timestamp>
			</report>
			<report>
				<misses>15082001</misses>
				<total>14</total>
				<timestamp>5424.090718</timestamp>
			</report>
			<report>
				<misses>15083001</misses>
				<total>14</total>
				<timestamp>5424.450296</timestamp>
			</report>
			<report>
				<misses>15084001</misses>
				<total>14</total>
				<timestamp>5424.809928</timestamp>
			</report>
			<report>
				<misses>15085001</misses>
				<total>14</total>
				<timestamp>5425.169572</timestamp>
			</report>
			<report>
				<misses>15086001</misses>
				<total>14</total>
				<timestamp>5425.529259</timestamp>
			</report>
			<report>
				<misses>15087001</misses>
				<total>14</total>
				<timestamp>5425.888881</timestamp>
			</report>
			<report>
				<misses>15088001</misses>
				<total>14</total>
				<timestamp>5426.248507</timestamp>
			</report>
			<report>
				<misses>15089001</misses>
				<total>14</total>
				<timestamp>5426.608151</timestamp>
			</report>
			<report>
				<misses>15090001</misses>
				<total>14</total>
				<timestamp>5426.967859</timestamp>
			</report>
			<report>
				<misses>15091001</misses>
				<total>14</total>
				<timestamp>5427.327501</timestamp>
			</report>
			<report>
				<misses>15092001</misses>
				<total>14</total>
				<timestamp>5427.687092</timestamp>
			</report>
			<report>
				<misses>15093001</misses>
				<total>14</total>
				<timestamp>5428.046705</timestamp>
			</report>
			<report>
				<misses>15094001</misses>
				<total>14</total>
				<timestamp>5428.406352</timestamp>
			</report>
			<report>
				<misses>15095001</misses>
				<total>14</total>
				<timestamp>5428.766034</timestamp>
			</report>
			<report>
				<misses>15096001</misses>
				<total>14</total>
				<timestamp>5429.125635</timestamp>
			</report>
			<report>
				<misses>15097001</misses>
				<total>14</total>
				<timestamp>5429.485281</timestamp>
			</report>
			<report>
				<misses>15098001</misses>
				<total>14</total>
				<timestamp>5429.844900</timestamp>
			</report>
			<report>
				<misses>15099001</misses>
				<total>14</total>
				<timestamp>5430.204587</timestamp>
			</report>
			<report>
				<misses>15100001</misses>
				<total>14</total>
				<timestamp>5430.564197</timestamp>
			</report>
			<report>
				<misses>15101001</misses>
				<total>14</total>
				<timestamp>5430.923832</timestamp>
			</report>
			<report>
				<misses>15102001</misses>
				<total>14</total>
				<timestamp>5431.283484</timestamp>
			</report>
			<report>
				<misses>15103001</misses>
				<total>14</total>
				<timestamp>5431.643137</timestamp>
			</report>
			<report>
				<misses>15104001</misses>
				<total>14</total>
				<timestamp>5432.002734</timestamp>
			</report>
			<report>
				<misses>15105001</misses>
				<total>14</total>
				<timestamp>5432.362407</timestamp>
			</report>
			<report>
				<misses>15106001</misses>
				<total>14</total>
				<timestamp>5432.722105</timestamp>
			</report>
			<report>
				<misses>15107001</misses>
				<total>14</total>
				<timestamp>5433.081652</timestamp>
			</report>
			<report>
				<misses>15108001</misses>
				<total>14</total>
				<timestamp>5433.441304</timestamp>
			</report>
			<report>
				<misses>15109001</misses>
				<total>14</total>
				<timestamp>5433.800948</timestamp>
			</report>
			<report>
				<misses>15110001</misses>
				<total>14</total>
				<timestamp>5434.160565</timestamp>
			</report>
			<report>
				<misses>15111001</misses>
				<total>14</total>
				<timestamp>5434.520279</timestamp>
			</report>
			<report>
				<misses>15112001</misses>
				<total>14</total>
				<timestamp>5434.879871</timestamp>
			</report>
			<report>
				<misses>15113001</misses>
				<total>14</total>
				<timestamp>5435.239568</timestamp>
			</report>
			<report>
				<misses>15114001</misses>
				<total>14</total>
				<timestamp>5435.599154</timestamp>
			</report>
			<report>
				<misses>15115001</misses>
				<total>14</total>
				<timestamp>5435.958788</timestamp>
			</report>
			<report>
				<misses>15116001</misses>
				<total>14</total>
				<timestamp>5436.318414</timestamp>
			</report>
			<report>
				<misses>15117001</misses>
				<total>14</total>
				<timestamp>5436.678074</timestamp>
			</report>
			<report>
				<misses>15118001</misses>
				<total>14</total>
				<timestamp>5437.037744</timestamp>
			</report>
			<report>
				<misses>15119001</misses>
				<total>14</total>
				<timestamp>5437.397346</timestamp>
			</report>
			<report>
				<misses>15120001</misses>
				<total>14</total>
				<timestamp>5437.757026</timestamp>
			</report>
			<report>
				<misses>15121001</misses>
				<total>14</total>
				<timestamp>5438.116627</timestamp>
			</report>
			<report>
				<misses>15122001</misses>
				<total>14</total>
				<timestamp>5438.476257</timestamp>
			</report>
			<report>
				<misses>15123001</misses>
				<total>14</total>
				<timestamp>5438.835920</timestamp>
			</report>
			<report>
				<misses>15124001</misses>
				<total>14</total>
				<timestamp>5439.195537</timestamp>
			</report>
			<report>
				<misses>15125001</misses>
				<total>14</total>
				<timestamp>5439.555212</timestamp>
			</report>
			<report>
				<misses>15126001</misses>
				<total>14</total>
				<timestamp>5439.914859</timestamp>
			</report>
			<report>
				<misses>15127001</misses>
				<total>14</total>
				<timestamp>5440.274466</timestamp>
			</report>
			<report>
				<misses>15128001</misses>
				<total>14</total>
				<timestamp>5440.634200</timestamp>
			</report>
			<report>
				<misses>15129001</misses>
				<total>14</total>
				<timestamp>5440.993736</timestamp>
			</report>
			<report>
				<misses>15130001</misses>
				<total>14</total>
				<timestamp>5441.353382</timestamp>
			</report>
			<report>
				<misses>15131001</misses>
				<total>14</total>
				<timestamp>5441.713114</timestamp>
			</report>
			<report>
				<misses>15132001</misses>
				<total>14</total>
				<timestamp>5442.072651</timestamp>
			</report>
			<report>
				<misses>15133001</misses>
				<total>14</total>
				<timestamp>5442.432378</timestamp>
			</report>
			<report>
				<misses>15134001</misses>
				<total>14</total>
				<timestamp>5442.792012</timestamp>
			</report>
			<report>
				<misses>15135001</misses>
				<total>14</total>
				<timestamp>5443.151580</timestamp>
			</report>
			<report>
				<misses>15136001</misses>
				<total>14</total>
				<timestamp>5443.511242</timestamp>
			</report>
			<report>
				<misses>15137001</misses>
				<total>14</total>
				<timestamp>5443.870841</timestamp>
			</report>
			<report>
				<misses>15138001</misses>
				<total>14</total>
				<timestamp>5444.230516</timestamp>
			</report>
			<report>
				<misses>15139001</misses>
				<total>14</total>
				<timestamp>5444.590130</timestamp>
			</report>
			<report>
				<misses>15140001</misses>
				<total>14</total>
				<timestamp>5444.949781</timestamp>
			</report>
			<report>
				<misses>15141001</misses>
				<total>14</total>
				<timestamp>5445.309407</timestamp>
			</report>
			<report>
				<misses>15142001</misses>
				<total>14</total>
				<timestamp>5445.669104</timestamp>
			</report>
			<report>
				<misses>15143001</misses>
				<total>14</total>
				<timestamp>5446.028721</timestamp>
			</report>
			<report>
				<misses>15144001</misses>
				<total>14</total>
				<timestamp>5446.388375</timestamp>
			</report>
			<report>
				<misses>15145001</misses>
				<total>14</total>
				<timestamp>5446.748112</timestamp>
			</report>
			<report>
				<misses>15146001</misses>
				<total>14</total>
				<timestamp>5447.107662</timestamp>
			</report>
			<report>
				<misses>15147001</misses>
				<total>14</total>
				<timestamp>5447.467323</timestamp>
			</report>
			<report>
				<misses>15148001</misses>
				<total>14</total>
				<timestamp>5447.826906</timestamp>
			</report>
			<report>
				<misses>15149001</misses>
				<total>14</total>
				<timestamp>5448.186558</timestamp>
			</report>
			<report>
				<misses>15150001</misses>
				<total>14</total>
				<timestamp>5448.546226</timestamp>
			</report>
			<report>
				<misses>15151001</misses>
				<total>14</total>
				<timestamp>5448.905814</timestamp>
			</report>
			<report>
				<misses>15152001</misses>
				<total>14</total>
				<timestamp>5449.265512</timestamp>
			</report>
			<report>
				<misses>15153001</misses>
				<total>14</total>
				<timestamp>5449.625195</timestamp>
			</report>
			<report>
				<misses>15154001</misses>
				<total>14</total>
				<timestamp>5449.984769</timestamp>
			</report>
			<report>
				<misses>15155001</misses>
				<total>14</total>
				<timestamp>5450.344406</timestamp>
			</report>
			<report>
				<misses>15156001</misses>
				<total>14</total>
				<timestamp>5450.704058</timestamp>
			</report>
			<report>
				<misses>15157001</misses>
				<total>14</total>
				<timestamp>5451.063647</timestamp>
			</report>
			<report>
				<misses>15158001</misses>
				<total>14</total>
				<timestamp>5451.423295</timestamp>
			</report>
			<report>
				<misses>15159001</misses>
				<total>14</total>
				<timestamp>5451.782944</timestamp>
			</report>
			<report>
				<misses>15160001</misses>
				<total>14</total>
				<timestamp>5452.142568</timestamp>
			</report>
			<report>
				<misses>15161001</misses>
				<total>14</total>
				<timestamp>5452.502230</timestamp>
			</report>
			<report>
				<misses>15162001</misses>
				<total>14</total>
				<timestamp>5452.861912</timestamp>
			</report>
			<report>
				<misses>15163001</misses>
				<total>14</total>
				<timestamp>5453.221494</timestamp>
			</report>
			<report>
				<misses>15164001</misses>
				<total>14</total>
				<timestamp>5453.581125</timestamp>
			</report>
			<report>
				<misses>15165001</misses>
				<total>14</total>
				<timestamp>5453.940778</timestamp>
			</report>
			<report>
				<misses>15166001</misses>
				<total>14</total>
				<timestamp>5454.300454</timestamp>
			</report>
			<report>
				<misses>15167001</misses>
				<total>14</total>
				<timestamp>5454.660074</timestamp>
			</report>
			<report>
				<misses>15168001</misses>
				<total>14</total>
				<timestamp>5455.019721</timestamp>
			</report>
			<report>
				<misses>15169001</misses>
				<total>14</total>
				<timestamp>5455.379393</timestamp>
			</report>
			<report>
				<misses>15170001</misses>
				<total>14</total>
				<timestamp>5455.739052</timestamp>
			</report>
			<report>
				<misses>15171001</misses>
				<total>14</total>
				<timestamp>5456.098650</timestamp>
			</report>
			<report>
				<misses>15172001</misses>
				<total>14</total>
				<timestamp>5456.458332</timestamp>
			</report>
			<report>
				<misses>15173001</misses>
				<total>14</total>
				<timestamp>5456.817954</timestamp>
			</report>
			<report>
				<misses>15174001</misses>
				<total>14</total>
				<timestamp>5457.177579</timestamp>
			</report>
			<report>
				<misses>15175001</misses>
				<total>14</total>
				<timestamp>5457.537211</timestamp>
			</report>
			<report>
				<misses>15176001</misses>
				<total>14</total>
				<timestamp>5457.896882</timestamp>
			</report>
			<report>
				<misses>15177001</misses>
				<total>14</total>
				<timestamp>5458.256479</timestamp>
			</report>
			<report>
				<misses>15178001</misses>
				<total>14</total>
				<timestamp>5458.616143</timestamp>
			</report>
			<report>
				<misses>15179001</misses>
				<total>14</total>
				<timestamp>5458.975762</timestamp>
			</report>
			<report>
				<misses>15180001</misses>
				<total>14</total>
				<timestamp>5459.335398</timestamp>
			</report>
			<report>
				<misses>15181001</misses>
				<total>14</total>
				<timestamp>5459.695049</timestamp>
			</report>
			<report>
				<misses>15182001</misses>
				<total>14</total>
				<timestamp>5460.054665</timestamp>
			</report>
			<report>
				<misses>15183001</misses>
				<total>14</total>
				<timestamp>5460.414312</timestamp>
			</report>
			<report>
				<misses>15184001</misses>
				<total>14</total>
				<timestamp>5460.773954</timestamp>
			</report>
			<report>
				<misses>15185001</misses>
				<total>14</total>
				<timestamp>5461.133588</timestamp>
			</report>
			<report>
				<misses>15186001</misses>
				<total>14</total>
				<timestamp>5461.493256</timestamp>
			</report>
			<report>
				<misses>15187001</misses>
				<total>14</total>
				<timestamp>5461.852861</timestamp>
			</report>
			<report>
				<misses>15188001</misses>
				<total>14</total>
				<timestamp>5462.212554</timestamp>
			</report>
			<report>
				<misses>15189001</misses>
				<total>14</total>
				<timestamp>5462.572134</timestamp>
			</report>
			<report>
				<misses>15190001</misses>
				<total>14</total>
				<timestamp>5462.931859</timestamp>
			</report>
			<report>
				<misses>15191001</misses>
				<total>14</total>
				<timestamp>5463.291452</timestamp>
			</report>
			<report>
				<misses>15192001</misses>
				<total>14</total>
				<timestamp>5463.651139</timestamp>
			</report>
			<report>
				<misses>15193001</misses>
				<total>14</total>
				<timestamp>5464.010706</timestamp>
			</report>
			<report>
				<misses>15194001</misses>
				<total>14</total>
				<timestamp>5464.370339</timestamp>
			</report>
			<report>
				<misses>15195001</misses>
				<total>14</total>
				<timestamp>5464.730053</timestamp>
			</report>
			<report>
				<misses>15196001</misses>
				<total>14</total>
				<timestamp>5465.089690</timestamp>
			</report>
			<report>
				<misses>15197001</misses>
				<total>14</total>
				<timestamp>5465.449279</timestamp>
			</report>
			<report>
				<misses>15198001</misses>
				<total>14</total>
				<timestamp>5465.808938</timestamp>
			</report>
			<report>
				<misses>15199001</misses>
				<total>14</total>
				<timestamp>5466.168638</timestamp>
			</report>
			<report>
				<misses>15200001</misses>
				<total>14</total>
				<timestamp>5466.528236</timestamp>
			</report>
			<report>
				<misses>15201001</misses>
				<total>14</total>
				<timestamp>5466.887868</timestamp>
			</report>
			<report>
				<misses>15202001</misses>
				<total>14</total>
				<timestamp>5467.247461</timestamp>
			</report>
			<report>
				<misses>15203001</misses>
				<total>14</total>
				<timestamp>5467.607137</timestamp>
			</report>
			<report>
				<misses>15204001</misses>
				<total>14</total>
				<timestamp>5467.966766</timestamp>
			</report>
			<report>
				<misses>15205001</misses>
				<total>14</total>
				<timestamp>5468.326383</timestamp>
			</report>
			<report>
				<misses>15206001</misses>
				<total>14</total>
				<timestamp>5468.686051</timestamp>
			</report>
			<report>
				<misses>15207001</misses>
				<total>14</total>
				<timestamp>5469.045640</timestamp>
			</report>
			<report>
				<misses>15208001</misses>
				<total>14</total>
				<timestamp>5469.405287</timestamp>
			</report>
			<report>
				<misses>15209001</misses>
				<total>14</total>
				<timestamp>5469.764970</timestamp>
			</report>
			<report>
				<misses>15210001</misses>
				<total>14</total>
				<timestamp>5470.124620</timestamp>
			</report>
			<report>
				<misses>15211001</misses>
				<total>14</total>
				<timestamp>5470.484257</timestamp>
			</report>
			<report>
				<misses>15212001</misses>
				<total>14</total>
				<timestamp>5470.843962</timestamp>
			</report>
			<report>
				<misses>15213001</misses>
				<total>14</total>
				<timestamp>5471.203519</timestamp>
			</report>
			<report>
				<misses>15214001</misses>
				<total>14</total>
				<timestamp>5471.563216</timestamp>
			</report>
			<report>
				<misses>15215001</misses>
				<total>14</total>
				<timestamp>5471.922822</timestamp>
			</report>
			<report>
				<misses>15216001</misses>
				<total>14</total>
				<timestamp>5472.282427</timestamp>
			</report>
			<report>
				<misses>15217001</misses>
				<total>14</total>
				<timestamp>5472.642042</timestamp>
			</report>
			<report>
				<misses>15218001</misses>
				<total>14</total>
				<timestamp>5473.001715</timestamp>
			</report>
			<report>
				<misses>15219001</misses>
				<total>14</total>
				<timestamp>5473.361340</timestamp>
			</report>
			<report>
				<misses>15220001</misses>
				<total>14</total>
				<timestamp>5473.721031</timestamp>
			</report>
			<report>
				<misses>15221001</misses>
				<total>14</total>
				<timestamp>5474.080687</timestamp>
			</report>
			<report>
				<misses>15222001</misses>
				<total>14</total>
				<timestamp>5474.440271</timestamp>
			</report>
			<report>
				<misses>15223001</misses>
				<total>14</total>
				<timestamp>5474.799903</timestamp>
			</report>
			<report>
				<misses>15224001</misses>
				<total>14</total>
				<timestamp>5475.159586</timestamp>
			</report>
			<report>
				<misses>15225001</misses>
				<total>14</total>
				<timestamp>5475.519192</timestamp>
			</report>
			<report>
				<misses>15226001</misses>
				<total>14</total>
				<timestamp>5475.878845</timestamp>
			</report>
			<report>
				<misses>15227001</misses>
				<total>14</total>
				<timestamp>5476.238459</timestamp>
			</report>
			<report>
				<misses>15228001</misses>
				<total>14</total>
				<timestamp>5476.598094</timestamp>
			</report>
			<report>
				<misses>15229001</misses>
				<total>14</total>
				<timestamp>5476.957832</timestamp>
			</report>
			<report>
				<misses>15230001</misses>
				<total>14</total>
				<timestamp>5477.317381</timestamp>
			</report>
			<report>
				<misses>15231001</misses>
				<total>14</total>
				<timestamp>5477.677132</timestamp>
			</report>
			<report>
				<misses>15232001</misses>
				<total>14</total>
				<timestamp>5478.036666</timestamp>
			</report>
			<report>
				<misses>15233001</misses>
				<total>14</total>
				<timestamp>5478.396328</timestamp>
			</report>
			<report>
				<misses>15234001</misses>
				<total>14</total>
				<timestamp>5478.755931</timestamp>
			</report>
			<report>
				<misses>15235001</misses>
				<total>14</total>
				<timestamp>5479.115619</timestamp>
			</report>
			<report>
				<misses>15236001</misses>
				<total>14</total>
				<timestamp>5479.475226</timestamp>
			</report>
			<report>
				<misses>15237001</misses>
				<total>14</total>
				<timestamp>5479.834888</timestamp>
			</report>
			<report>
				<misses>15238001</misses>
				<total>14</total>
				<timestamp>5480.194512</timestamp>
			</report>
			<report>
				<misses>15239001</misses>
				<total>14</total>
				<timestamp>5480.554192</timestamp>
			</report>
			<report>
				<misses>15240001</misses>
				<total>14</total>
				<timestamp>5480.913790</timestamp>
			</report>
			<report>
				<misses>15241001</misses>
				<total>14</total>
				<timestamp>5481.273445</timestamp>
			</report>
			<report>
				<misses>15242001</misses>
				<total>14</total>
				<timestamp>5481.633181</timestamp>
			</report>
			<report>
				<misses>15243001</misses>
				<total>14</total>
				<timestamp>5481.992783</timestamp>
			</report>
			<report>
				<misses>15244001</misses>
				<total>14</total>
				<timestamp>5482.352366</timestamp>
			</report>
			<report>
				<misses>15245001</misses>
				<total>14</total>
				<timestamp>5482.711992</timestamp>
			</report>
			<report>
				<misses>15246001</misses>
				<total>14</total>
				<timestamp>5483.071670</timestamp>
			</report>
			<report>
				<misses>15247001</misses>
				<total>14</total>
				<timestamp>5483.431252</timestamp>
			</report>
			<report>
				<misses>15248001</misses>
				<total>14</total>
				<timestamp>5483.790948</timestamp>
			</report>
			<report>
				<misses>15249001</misses>
				<total>14</total>
				<timestamp>5484.150586</timestamp>
			</report>
			<report>
				<misses>15250001</misses>
				<total>14</total>
				<timestamp>5484.510185</timestamp>
			</report>
			<report>
				<misses>15251001</misses>
				<total>14</total>
				<timestamp>5484.869867</timestamp>
			</report>
			<report>
				<misses>15252001</misses>
				<total>14</total>
				<timestamp>5485.229466</timestamp>
			</report>
			<report>
				<misses>15253001</misses>
				<total>14</total>
				<timestamp>5485.589177</timestamp>
			</report>
			<report>
				<misses>15254001</misses>
				<total>14</total>
				<timestamp>5485.948733</timestamp>
			</report>
			<report>
				<misses>15255001</misses>
				<total>14</total>
				<timestamp>5486.308377</timestamp>
			</report>
			<report>
				<misses>15256001</misses>
				<total>14</total>
				<timestamp>5486.668032</timestamp>
			</report>
			<report>
				<misses>15257001</misses>
				<total>14</total>
				<timestamp>5487.027659</timestamp>
			</report>
			<report>
				<misses>15258001</misses>
				<total>14</total>
				<timestamp>5487.387368</timestamp>
			</report>
			<report>
				<misses>15259001</misses>
				<total>14</total>
				<timestamp>5487.746977</timestamp>
			</report>
			<report>
				<misses>15260001</misses>
				<total>14</total>
				<timestamp>5488.106571</timestamp>
			</report>
			<report>
				<misses>15261001</misses>
				<total>14</total>
				<timestamp>5488.466252</timestamp>
			</report>
			<report>
				<misses>15262001</misses>
				<total>14</total>
				<timestamp>5488.825854</timestamp>
			</report>
			<report>
				<misses>15263001</misses>
				<total>14</total>
				<timestamp>5489.185495</timestamp>
			</report>
			<report>
				<misses>15264001</misses>
				<total>14</total>
				<timestamp>5489.545161</timestamp>
			</report>
			<report>
				<misses>15265001</misses>
				<total>14</total>
				<timestamp>5489.904814</timestamp>
			</report>
			<report>
				<misses>15266001</misses>
				<total>14</total>
				<timestamp>5490.264413</timestamp>
			</report>
			<report>
				<misses>15267001</misses>
				<total>14</total>
				<timestamp>5490.624096</timestamp>
			</report>
			<report>
				<misses>15268001</misses>
				<total>14</total>
				<timestamp>5490.983761</timestamp>
			</report>
			<report>
				<misses>15269001</misses>
				<total>14</total>
				<timestamp>5491.343365</timestamp>
			</report>
			<report>
				<misses>15270001</misses>
				<total>14</total>
				<timestamp>5491.702992</timestamp>
			</report>
			<report>
				<misses>15271001</misses>
				<total>14</total>
				<timestamp>5492.062646</timestamp>
			</report>
			<report>
				<misses>15272001</misses>
				<total>14</total>
				<timestamp>5492.422275</timestamp>
			</report>
			<report>
				<misses>15273001</misses>
				<total>14</total>
				<timestamp>5492.781916</timestamp>
			</report>
			<report>
				<misses>15274001</misses>
				<total>14</total>
				<timestamp>5493.141638</timestamp>
			</report>
			<report>
				<misses>15275001</misses>
				<total>14</total>
				<timestamp>5493.501169</timestamp>
			</report>
			<report>
				<misses>15276001</misses>
				<total>14</total>
				<timestamp>5493.860887</timestamp>
			</report>
			<report>
				<misses>15277001</misses>
				<total>14</total>
				<timestamp>5494.220461</timestamp>
			</report>
			<report>
				<misses>15278001</misses>
				<total>14</total>
				<timestamp>5494.580108</timestamp>
			</report>
			<report>
				<misses>15279001</misses>
				<total>14</total>
				<timestamp>5494.939751</timestamp>
			</report>
			<report>
				<misses>15280001</misses>
				<total>14</total>
				<timestamp>5495.299419</timestamp>
			</report>
			<report>
				<misses>15281001</misses>
				<total>14</total>
				<timestamp>5495.659065</timestamp>
			</report>
			<report>
				<misses>15282001</misses>
				<total>14</total>
				<timestamp>5496.018759</timestamp>
			</report>
			<report>
				<misses>15283001</misses>
				<total>14</total>
				<timestamp>5496.378315</timestamp>
			</report>
			<report>
				<misses>15284001</misses>
				<total>14</total>
				<timestamp>5496.737971</timestamp>
			</report>
			<report>
				<misses>15285001</misses>
				<total>14</total>
				<timestamp>5497.097650</timestamp>
			</report>
			<report>
				<misses>15286001</misses>
				<total>14</total>
				<timestamp>5497.457246</timestamp>
			</report>
			<report>
				<misses>15287001</misses>
				<total>14</total>
				<timestamp>5497.816898</timestamp>
			</report>
			<report>
				<misses>15288001</misses>
				<total>14</total>
				<timestamp>5498.176500</timestamp>
			</report>
			<report>
				<misses>15289001</misses>
				<total>14</total>
				<timestamp>5498.536179</timestamp>
			</report>
			<report>
				<misses>15290001</misses>
				<total>14</total>
				<timestamp>5498.895805</timestamp>
			</report>
			<report>
				<misses>15291001</misses>
				<total>14</total>
				<timestamp>5499.255412</timestamp>
			</report>
			<report>
				<misses>15292001</misses>
				<total>14</total>
				<timestamp>5499.615063</timestamp>
			</report>
			<report>
				<misses>15293001</misses>
				<total>14</total>
				<timestamp>5499.974785</timestamp>
			</report>
			<report>
				<misses>15294001</misses>
				<total>14</total>
				<timestamp>5500.334331</timestamp>
			</report>
			<report>
				<misses>15295001</misses>
				<total>14</total>
				<timestamp>5500.694084</timestamp>
			</report>
			<report>
				<misses>15296001</misses>
				<total>14</total>
				<timestamp>5501.053651</timestamp>
			</report>
			<report>
				<misses>15297001</misses>
				<total>14</total>
				<timestamp>5501.413318</timestamp>
			</report>
			<report>
				<misses>15298001</misses>
				<total>14</total>
				<timestamp>5501.772947</timestamp>
			</report>
			<report>
				<misses>15299001</misses>
				<total>14</total>
				<timestamp>5502.132612</timestamp>
			</report>
			<report>
				<misses>15300001</misses>
				<total>14</total>
				<timestamp>5502.492193</timestamp>
			</report>
			<report>
				<misses>15301001</misses>
				<total>14</total>
				<timestamp>5502.851888</timestamp>
			</report>
			<report>
				<misses>15302001</misses>
				<total>14</total>
				<timestamp>5503.211462</timestamp>
			</report>
			<report>
				<misses>15303001</misses>
				<total>14</total>
				<timestamp>5503.571184</timestamp>
			</report>
			<report>
				<misses>15304001</misses>
				<total>14</total>
				<timestamp>5503.930769</timestamp>
			</report>
			<report>
				<misses>15305001</misses>
				<total>14</total>
				<timestamp>5504.290383</timestamp>
			</report>
			<report>
				<misses>15306001</misses>
				<total>14</total>
				<timestamp>5504.650068</timestamp>
			</report>
			<report>
				<misses>15307001</misses>
				<total>14</total>
				<timestamp>5505.009661</timestamp>
			</report>
			<report>
				<misses>15308001</misses>
				<total>14</total>
				<timestamp>5505.369298</timestamp>
			</report>
			<report>
				<misses>15309001</misses>
				<total>14</total>
				<timestamp>5505.729037</timestamp>
			</report>
			<report>
				<misses>15310001</misses>
				<total>14</total>
				<timestamp>5506.088674</timestamp>
			</report>
			<report>
				<misses>15311001</misses>
				<total>14</total>
				<timestamp>5506.448202</timestamp>
			</report>
			<report>
				<misses>15312001</misses>
				<total>14</total>
				<timestamp>5506.807968</timestamp>
			</report>
			<report>
				<misses>15313001</misses>
				<total>14</total>
				<timestamp>5507.167567</timestamp>
			</report>
			<report>
				<misses>15314001</misses>
				<total>14</total>
				<timestamp>5507.527170</timestamp>
			</report>
			<report>
				<misses>15315001</misses>
				<total>14</total>
				<timestamp>5507.886765</timestamp>
			</report>
			<report>
				<misses>15316001</misses>
				<total>14</total>
				<timestamp>5508.246431</timestamp>
			</report>
			<report>
				<misses>15317001</misses>
				<total>14</total>
				<timestamp>5508.606094</timestamp>
			</report>
			<report>
				<misses>15318001</misses>
				<total>14</total>
				<timestamp>5508.965734</timestamp>
			</report>
			<report>
				<misses>15319001</misses>
				<total>14</total>
				<timestamp>5509.325333</timestamp>
			</report>
			<report>
				<misses>15320001</misses>
				<total>14</total>
				<timestamp>5509.685050</timestamp>
			</report>
			<report>
				<misses>15321001</misses>
				<total>14</total>
				<timestamp>5510.044678</timestamp>
			</report>
			<report>
				<misses>15322001</misses>
				<total>14</total>
				<timestamp>5510.404279</timestamp>
			</report>
			<report>
				<misses>15323001</misses>
				<total>14</total>
				<timestamp>5510.763925</timestamp>
			</report>
			<report>
				<misses>15324001</misses>
				<total>14</total>
				<timestamp>5511.123535</timestamp>
			</report>
			<report>
				<misses>15325001</misses>
				<total>14</total>
				<timestamp>5511.483193</timestamp>
			</report>
			<report>
				<misses>15326001</misses>
				<total>14</total>
				<timestamp>5511.842880</timestamp>
			</report>
			<report>
				<misses>15327001</misses>
				<total>14</total>
				<timestamp>5512.202448</timestamp>
			</report>
			<report>
				<misses>15328001</misses>
				<total>14</total>
				<timestamp>5512.562148</timestamp>
			</report>
			<report>
				<misses>15329001</misses>
				<total>14</total>
				<timestamp>5512.921742</timestamp>
			</report>
			<report>
				<misses>15330001</misses>
				<total>14</total>
				<timestamp>5513.281383</timestamp>
			</report>
			<report>
				<misses>15331001</misses>
				<total>14</total>
				<timestamp>5513.641079</timestamp>
			</report>
			<report>
				<misses>15332001</misses>
				<total>14</total>
				<timestamp>5514.000676</timestamp>
			</report>
			<report>
				<misses>15333001</misses>
				<total>14</total>
				<timestamp>5514.360296</timestamp>
			</report>
			<report>
				<misses>15334001</misses>
				<total>14</total>
				<timestamp>5514.719933</timestamp>
			</report>
			<report>
				<misses>15335001</misses>
				<total>14</total>
				<timestamp>5515.079618</timestamp>
			</report>
			<report>
				<misses>15336001</misses>
				<total>14</total>
				<timestamp>5515.439210</timestamp>
			</report>
			<report>
				<misses>15337001</misses>
				<total>14</total>
				<timestamp>5515.798937</timestamp>
			</report>
			<report>
				<misses>15338001</misses>
				<total>14</total>
				<timestamp>5516.158532</timestamp>
			</report>
			<report>
				<misses>15339001</misses>
				<total>14</total>
				<timestamp>5516.518220</timestamp>
			</report>
			<report>
				<misses>15340001</misses>
				<total>14</total>
				<timestamp>5516.877779</timestamp>
			</report>
			<report>
				<misses>15341001</misses>
				<total>14</total>
				<timestamp>5517.237460</timestamp>
			</report>
			<report>
				<misses>15342001</misses>
				<total>14</total>
				<timestamp>5517.597099</timestamp>
			</report>
			<report>
				<misses>15343001</misses>
				<total>14</total>
				<timestamp>5517.956705</timestamp>
			</report>
			<report>
				<misses>15344001</misses>
				<total>14</total>
				<timestamp>5518.316339</timestamp>
			</report>
			<report>
				<misses>15345001</misses>
				<total>14</total>
				<timestamp>5518.676054</timestamp>
			</report>
			<report>
				<misses>15346001</misses>
				<total>14</total>
				<timestamp>5519.035715</timestamp>
			</report>
			<report>
				<misses>15347001</misses>
				<total>14</total>
				<timestamp>5519.395261</timestamp>
			</report>
			<report>
				<misses>15348001</misses>
				<total>14</total>
				<timestamp>5519.754918</timestamp>
			</report>
			<report>
				<misses>15349001</misses>
				<total>14</total>
				<timestamp>5520.114534</timestamp>
			</report>
			<report>
				<misses>15350001</misses>
				<total>14</total>
				<timestamp>5520.474201</timestamp>
			</report>
			<report>
				<misses>15351001</misses>
				<total>14</total>
				<timestamp>5520.833816</timestamp>
			</report>
			<report>
				<misses>15352001</misses>
				<total>14</total>
				<timestamp>5521.193520</timestamp>
			</report>
			<report>
				<misses>15353001</misses>
				<total>14</total>
				<timestamp>5521.553148</timestamp>
			</report>
			<report>
				<misses>15354001</misses>
				<total>14</total>
				<timestamp>5521.912764</timestamp>
			</report>
			<report>
				<misses>15355001</misses>
				<total>14</total>
				<timestamp>5522.272372</timestamp>
			</report>
			<report>
				<misses>15356001</misses>
				<total>14</total>
				<timestamp>5522.632031</timestamp>
			</report>
			<report>
				<misses>15357001</misses>
				<total>14</total>
				<timestamp>5522.991703</timestamp>
			</report>
			<report>
				<misses>15358001</misses>
				<total>14</total>
				<timestamp>5523.351308</timestamp>
			</report>
			<report>
				<misses>15359001</misses>
				<total>14</total>
				<timestamp>5523.710976</timestamp>
			</report>
			<report>
				<misses>15360001</misses>
				<total>14</total>
				<timestamp>5524.070634</timestamp>
			</report>
			<report>
				<misses>15361001</misses>
				<total>14</total>
				<timestamp>5524.430230</timestamp>
			</report>
			<report>
				<misses>15362001</misses>
				<total>14</total>
				<timestamp>5524.789953</timestamp>
			</report>
			<report>
				<misses>15363001</misses>
				<total>14</total>
				<timestamp>5525.149502</timestamp>
			</report>
			<report>
				<misses>15364001</misses>
				<total>14</total>
				<timestamp>5525.509152</timestamp>
			</report>
			<report>
				<misses>15365001</misses>
				<total>14</total>
				<timestamp>5525.868825</timestamp>
			</report>
			<report>
				<misses>15366001</misses>
				<total>14</total>
				<timestamp>5526.228470</timestamp>
			</report>
			<report>
				<misses>15367001</misses>
				<total>14</total>
				<timestamp>5526.588098</timestamp>
			</report>
			<report>
				<misses>15368001</misses>
				<total>14</total>
				<timestamp>5526.947683</timestamp>
			</report>
			<report>
				<misses>15369001</misses>
				<total>14</total>
				<timestamp>5527.307366</timestamp>
			</report>
			<report>
				<misses>15370001</misses>
				<total>14</total>
				<timestamp>5527.666977</timestamp>
			</report>
			<report>
				<misses>15371001</misses>
				<total>14</total>
				<timestamp>5528.026653</timestamp>
			</report>
			<report>
				<misses>15372001</misses>
				<total>14</total>
				<timestamp>5528.386294</timestamp>
			</report>
			<report>
				<misses>15373001</misses>
				<total>14</total>
				<timestamp>5528.745914</timestamp>
			</report>
			<report>
				<misses>15374001</misses>
				<total>14</total>
				<timestamp>5529.105548</timestamp>
			</report>
			<report>
				<misses>15375001</misses>
				<total>14</total>
				<timestamp>5529.465191</timestamp>
			</report>
			<report>
				<misses>15376001</misses>
				<total>14</total>
				<timestamp>5529.824811</timestamp>
			</report>
			<report>
				<misses>15377001</misses>
				<total>14</total>
				<timestamp>5530.184592</timestamp>
			</report>
			<report>
				<misses>15378001</misses>
				<total>14</total>
				<timestamp>5530.544114</timestamp>
			</report>
			<report>
				<misses>15379001</misses>
				<total>14</total>
				<timestamp>5530.903734</timestamp>
			</report>
			<report>
				<misses>15380001</misses>
				<total>14</total>
				<timestamp>5531.263421</timestamp>
			</report>
			<report>
				<misses>15381001</misses>
				<total>14</total>
				<timestamp>5531.623108</timestamp>
			</report>
			<report>
				<misses>15382001</misses>
				<total>14</total>
				<timestamp>5531.982680</timestamp>
			</report>
			<report>
				<misses>15383001</misses>
				<total>14</total>
				<timestamp>5532.342317</timestamp>
			</report>
			<report>
				<misses>15384001</misses>
				<total>14</total>
				<timestamp>5532.701952</timestamp>
			</report>
			<report>
				<misses>15385001</misses>
				<total>14</total>
				<timestamp>5533.061585</timestamp>
			</report>
			<report>
				<misses>15386001</misses>
				<total>14</total>
				<timestamp>5533.421273</timestamp>
			</report>
			<report>
				<misses>15387001</misses>
				<total>14</total>
				<timestamp>5533.780865</timestamp>
			</report>
			<report>
				<misses>15388001</misses>
				<total>14</total>
				<timestamp>5534.140590</timestamp>
			</report>
			<report>
				<misses>15389001</misses>
				<total>14</total>
				<timestamp>5534.500184</timestamp>
			</report>
			<report>
				<misses>15390001</misses>
				<total>14</total>
				<timestamp>5534.859788</timestamp>
			</report>
			<report>
				<misses>15391001</misses>
				<total>14</total>
				<timestamp>5535.219506</timestamp>
			</report>
			<report>
				<misses>15392001</misses>
				<total>14</total>
				<timestamp>5535.579094</timestamp>
			</report>
			<report>
				<misses>15393001</misses>
				<total>14</total>
				<timestamp>5535.938694</timestamp>
			</report>
			<report>
				<misses>15394001</misses>
				<total>14</total>
				<timestamp>5536.298396</timestamp>
			</report>
			<report>
				<misses>15395001</misses>
				<total>14</total>
				<timestamp>5536.658011</timestamp>
			</report>
			<report>
				<misses>15396001</misses>
				<total>14</total>
				<timestamp>5537.017663</timestamp>
			</report>
			<report>
				<misses>15397001</misses>
				<total>14</total>
				<timestamp>5537.377287</timestamp>
			</report>
			<report>
				<misses>15398001</misses>
				<total>14</total>
				<timestamp>5537.736921</timestamp>
			</report>
			<report>
				<misses>15399001</misses>
				<total>14</total>
				<timestamp>5538.096652</timestamp>
			</report>
			<report>
				<misses>15400001</misses>
				<total>14</total>
				<timestamp>5538.456189</timestamp>
			</report>
			<report>
				<misses>15401001</misses>
				<total>14</total>
				<timestamp>5538.815836</timestamp>
			</report>
			<report>
				<misses>15402001</misses>
				<total>14</total>
				<timestamp>5539.175457</timestamp>
			</report>
			<report>
				<misses>15403001</misses>
				<total>14</total>
				<timestamp>5539.535113</timestamp>
			</report>
			<report>
				<misses>15404001</misses>
				<total>14</total>
				<timestamp>5539.894752</timestamp>
			</report>
			<report>
				<misses>15405001</misses>
				<total>14</total>
				<timestamp>5540.254418</timestamp>
			</report>
			<report>
				<misses>15406001</misses>
				<total>14</total>
				<timestamp>5540.614032</timestamp>
			</report>
			<report>
				<misses>15407001</misses>
				<total>14</total>
				<timestamp>5540.973740</timestamp>
			</report>
			<report>
				<misses>15408001</misses>
				<total>14</total>
				<timestamp>5541.333362</timestamp>
			</report>
			<report>
				<misses>15409001</misses>
				<total>14</total>
				<timestamp>5541.692948</timestamp>
			</report>
			<report>
				<misses>15410001</misses>
				<total>14</total>
				<timestamp>5542.052608</timestamp>
			</report>
			<report>
				<misses>15411001</misses>
				<total>14</total>
				<timestamp>5542.412290</timestamp>
			</report>
			<report>
				<misses>15412001</misses>
				<total>14</total>
				<timestamp>5542.771876</timestamp>
			</report>
			<report>
				<misses>15413001</misses>
				<total>14</total>
				<timestamp>5543.131512</timestamp>
			</report>
			<report>
				<misses>15414001</misses>
				<total>14</total>
				<timestamp>5543.491204</timestamp>
			</report>
			<report>
				<misses>15415001</misses>
				<total>14</total>
				<timestamp>5543.850807</timestamp>
			</report>
			<report>
				<misses>15416001</misses>
				<total>14</total>
				<timestamp>5544.210465</timestamp>
			</report>
			<report>
				<misses>15417001</misses>
				<total>14</total>
				<timestamp>5544.570087</timestamp>
			</report>
			<report>
				<misses>15418001</misses>
				<total>14</total>
				<timestamp>5544.929712</timestamp>
			</report>
			<report>
				<misses>15419001</misses>
				<total>14</total>
				<timestamp>5545.289356</timestamp>
			</report>
			<report>
				<misses>15420001</misses>
				<total>14</total>
				<timestamp>5545.649010</timestamp>
			</report>
			<report>
				<misses>15421001</misses>
				<total>14</total>
				<timestamp>5546.008627</timestamp>
			</report>
			<report>
				<misses>15422001</misses>
				<total>14</total>
				<timestamp>5546.368278</timestamp>
			</report>
			<report>
				<misses>15423001</misses>
				<total>14</total>
				<timestamp>5546.727904</timestamp>
			</report>
			<report>
				<misses>15424001</misses>
				<total>14</total>
				<timestamp>5547.087577</timestamp>
			</report>
			<report>
				<misses>15425001</misses>
				<total>14</total>
				<timestamp>5547.447258</timestamp>
			</report>
			<report>
				<misses>15426001</misses>
				<total>14</total>
				<timestamp>5547.806842</timestamp>
			</report>
			<report>
				<misses>15427001</misses>
				<total>14</total>
				<timestamp>5548.166488</timestamp>
			</report>
			<report>
				<misses>15428001</misses>
				<total>14</total>
				<timestamp>5548.526131</timestamp>
			</report>
			<report>
				<misses>15429001</misses>
				<total>14</total>
				<timestamp>5548.885745</timestamp>
			</report>
			<report>
				<misses>15430001</misses>
				<total>14</total>
				<timestamp>5549.245461</timestamp>
			</report>
			<report>
				<misses>15431001</misses>
				<total>14</total>
				<timestamp>5549.605024</timestamp>
			</report>
			<report>
				<misses>15432001</misses>
				<total>14</total>
				<timestamp>5549.964662</timestamp>
			</report>
			<report>
				<misses>15433001</misses>
				<total>14</total>
				<timestamp>5550.324454</timestamp>
			</report>
			<report>
				<misses>15434001</misses>
				<total>14</total>
				<timestamp>5550.683977</timestamp>
			</report>
			<report>
				<misses>15435001</misses>
				<total>14</total>
				<timestamp>5551.043616</timestamp>
			</report>
			<report>
				<misses>15436001</misses>
				<total>14</total>
				<timestamp>5551.403284</timestamp>
			</report>
			<report>
				<misses>15437001</misses>
				<total>14</total>
				<timestamp>5551.762967</timestamp>
			</report>
			<report>
				<misses>15438001</misses>
				<total>14</total>
				<timestamp>5552.122618</timestamp>
			</report>
			<report>
				<misses>15439001</misses>
				<total>14</total>
				<timestamp>5552.482134</timestamp>
			</report>
			<report>
				<misses>15440001</misses>
				<total>14</total>
				<timestamp>5552.841862</timestamp>
			</report>
			<report>
				<misses>15441001</misses>
				<total>14</total>
				<timestamp>5553.201491</timestamp>
			</report>
			<report>
				<misses>15442001</misses>
				<total>14</total>
				<timestamp>5553.561069</timestamp>
			</report>
			<report>
				<misses>15443001</misses>
				<total>14</total>
				<timestamp>5553.920729</timestamp>
			</report>
			<report>
				<misses>15444001</misses>
				<total>14</total>
				<timestamp>5554.280390</timestamp>
			</report>
			<report>
				<misses>15445001</misses>
				<total>14</total>
				<timestamp>5554.639994</timestamp>
			</report>
			<report>
				<misses>15446001</misses>
				<total>14</total>
				<timestamp>5554.999694</timestamp>
			</report>
			<report>
				<misses>15447001</misses>
				<total>14</total>
				<timestamp>5555.359299</timestamp>
			</report>
			<report>
				<misses>15448001</misses>
				<total>14</total>
				<timestamp>5555.718977</timestamp>
			</report>
			<report>
				<misses>15449001</misses>
				<total>14</total>
				<timestamp>5556.078601</timestamp>
			</report>
			<report>
				<misses>15450001</misses>
				<total>14</total>
				<timestamp>5556.438210</timestamp>
			</report>
			<report>
				<misses>15451001</misses>
				<total>14</total>
				<timestamp>5556.797824</timestamp>
			</report>
			<report>
				<misses>15452001</misses>
				<total>14</total>
				<timestamp>5557.157472</timestamp>
			</report>
			<report>
				<misses>15453001</misses>
				<total>14</total>
				<timestamp>5557.517133</timestamp>
			</report>
			<report>
				<misses>15454001</misses>
				<total>14</total>
				<timestamp>5557.876865</timestamp>
			</report>
			<report>
				<misses>15455001</misses>
				<total>14</total>
				<timestamp>5558.236506</timestamp>
			</report>
			<report>
				<misses>15456001</misses>
				<total>14</total>
				<timestamp>5558.596034</timestamp>
			</report>
			<report>
				<misses>15457001</misses>
				<total>14</total>
				<timestamp>5558.955706</timestamp>
			</report>
			<report>
				<misses>15458001</misses>
				<total>14</total>
				<timestamp>5559.315349</timestamp>
			</report>
			<report>
				<misses>15459001</misses>
				<total>14</total>
				<timestamp>5559.674965</timestamp>
			</report>
			<report>
				<misses>15460001</misses>
				<total>14</total>
				<timestamp>5560.034640</timestamp>
			</report>
			<report>
				<misses>15461001</misses>
				<total>14</total>
				<timestamp>5560.394246</timestamp>
			</report>
			<report>
				<misses>15462001</misses>
				<total>14</total>
				<timestamp>5560.753852</timestamp>
			</report>
			<report>
				<misses>15463001</misses>
				<total>14</total>
				<timestamp>5561.113515</timestamp>
			</report>
			<report>
				<misses>15464001</misses>
				<total>14</total>
				<timestamp>5561.473185</timestamp>
			</report>
			<report>
				<misses>15465001</misses>
				<total>14</total>
				<timestamp>5561.832885</timestamp>
			</report>
			<report>
				<misses>15466001</misses>
				<total>14</total>
				<timestamp>5562.192413</timestamp>
			</report>
			<report>
				<misses>15467001</misses>
				<total>14</total>
				<timestamp>5562.552091</timestamp>
			</report>
			<report>
				<misses>15468001</misses>
				<total>14</total>
				<timestamp>5562.911695</timestamp>
			</report>
			<report>
				<misses>15469001</misses>
				<total>14</total>
				<timestamp>5563.271409</timestamp>
			</report>
			<report>
				<misses>15470001</misses>
				<total>14</total>
				<timestamp>5563.631122</timestamp>
			</report>
			<report>
				<misses>15471001</misses>
				<total>14</total>
				<timestamp>5563.990672</timestamp>
			</report>
			<report>
				<misses>15472001</misses>
				<total>14</total>
				<timestamp>5564.350290</timestamp>
			</report>
			<report>
				<misses>15473001</misses>
				<total>14</total>
				<timestamp>5564.709919</timestamp>
			</report>
			<report>
				<misses>15474001</misses>
				<total>14</total>
				<timestamp>5565.069609</timestamp>
			</report>
			<report>
				<misses>15475001</misses>
				<total>14</total>
				<timestamp>5565.429210</timestamp>
			</report>
			<report>
				<misses>15476001</misses>
				<total>14</total>
				<timestamp>5565.788822</timestamp>
			</report>
			<report>
				<misses>15477001</misses>
				<total>14</total>
				<timestamp>5566.148462</timestamp>
			</report>
			<report>
				<misses>15478001</misses>
				<total>14</total>
				<timestamp>5566.508123</timestamp>
			</report>
			<report>
				<misses>15479001</misses>
				<total>14</total>
				<timestamp>5566.867805</timestamp>
			</report>
			<report>
				<misses>15480001</misses>
				<total>14</total>
				<timestamp>5567.227457</timestamp>
			</report>
			<report>
				<misses>15481001</misses>
				<total>14</total>
				<timestamp>5567.587052</timestamp>
			</report>
			<report>
				<misses>15482001</misses>
				<total>14</total>
				<timestamp>5567.946770</timestamp>
			</report>
			<report>
				<misses>15483001</misses>
				<total>14</total>
				<timestamp>5568.306379</timestamp>
			</report>
			<report>
				<misses>15484001</misses>
				<total>14</total>
				<timestamp>5568.665985</timestamp>
			</report>
			<report>
				<misses>15485001</misses>
				<total>14</total>
				<timestamp>5569.025629</timestamp>
			</report>
			<report>
				<misses>15486001</misses>
				<total>14</total>
				<timestamp>5569.385264</timestamp>
			</report>
			<report>
				<misses>15487001</misses>
				<total>14</total>
				<timestamp>5569.744913</timestamp>
			</report>
			<report>
				<misses>15488001</misses>
				<total>14</total>
				<timestamp>5570.104496</timestamp>
			</report>
			<report>
				<misses>15489001</misses>
				<total>14</total>
				<timestamp>5570.464218</timestamp>
			</report>
			<report>
				<misses>15490001</misses>
				<total>14</total>
				<timestamp>5570.823824</timestamp>
			</report>
			<report>
				<misses>15491001</misses>
				<total>14</total>
				<timestamp>5571.183495</timestamp>
			</report>
			<report>
				<misses>15492001</misses>
				<total>14</total>
				<timestamp>5571.543079</timestamp>
			</report>
			<report>
				<misses>15493001</misses>
				<total>14</total>
				<timestamp>5571.902679</timestamp>
			</report>
			<report>
				<misses>15494001</misses>
				<total>14</total>
				<timestamp>5572.262395</timestamp>
			</report>
			<report>
				<misses>15495001</misses>
				<total>14</total>
				<timestamp>5572.622001</timestamp>
			</report>
			<report>
				<misses>15496001</misses>
				<total>14</total>
				<timestamp>5572.981661</timestamp>
			</report>
			<report>
				<misses>15497001</misses>
				<total>14</total>
				<timestamp>5573.341301</timestamp>
			</report>
			<report>
				<misses>15498001</misses>
				<total>14</total>
				<timestamp>5573.700931</timestamp>
			</report>
			<report>
				<misses>15499001</misses>
				<total>14</total>
				<timestamp>5574.060570</timestamp>
			</report>
			<report>
				<misses>15500001</misses>
				<total>14</total>
				<timestamp>5574.420238</timestamp>
			</report>
			<report>
				<misses>15501001</misses>
				<total>14</total>
				<timestamp>5574.779823</timestamp>
			</report>
			<report>
				<misses>15502001</misses>
				<total>14</total>
				<timestamp>5575.139479</timestamp>
			</report>
			<report>
				<misses>15503001</misses>
				<total>14</total>
				<timestamp>5575.499153</timestamp>
			</report>
			<report>
				<misses>15504001</misses>
				<total>14</total>
				<timestamp>5575.858752</timestamp>
			</report>
			<report>
				<misses>15505001</misses>
				<total>14</total>
				<timestamp>5576.218380</timestamp>
			</report>
			<report>
				<misses>15506001</misses>
				<total>14</total>
				<timestamp>5576.578115</timestamp>
			</report>
			<report>
				<misses>15507001</misses>
				<total>14</total>
				<timestamp>5576.937656</timestamp>
			</report>
			<report>
				<misses>15508001</misses>
				<total>14</total>
				<timestamp>5577.297303</timestamp>
			</report>
			<report>
				<misses>15509001</misses>
				<total>14</total>
				<timestamp>5577.656928</timestamp>
			</report>
			<report>
				<misses>15510001</misses>
				<total>14</total>
				<timestamp>5578.016592</timestamp>
			</report>
			<report>
				<misses>15511001</misses>
				<total>14</total>
				<timestamp>5578.376232</timestamp>
			</report>
			<report>
				<misses>15512001</misses>
				<total>14</total>
				<timestamp>5578.735915</timestamp>
			</report>
			<report>
				<misses>15513001</misses>
				<total>14</total>
				<timestamp>5579.095476</timestamp>
			</report>
			<report>
				<misses>15514001</misses>
				<total>14</total>
				<timestamp>5579.455213</timestamp>
			</report>
			<report>
				<misses>15515001</misses>
				<total>14</total>
				<timestamp>5579.814816</timestamp>
			</report>
			<report>
				<misses>15516001</misses>
				<total>14</total>
				<timestamp>5580.174484</timestamp>
			</report>
			<report>
				<misses>15517001</misses>
				<total>14</total>
				<timestamp>5580.534090</timestamp>
			</report>
			<report>
				<misses>15518001</misses>
				<total>14</total>
				<timestamp>5580.893753</timestamp>
			</report>
			<report>
				<misses>15519001</misses>
				<total>14</total>
				<timestamp>5581.253334</timestamp>
			</report>
			<report>
				<misses>15520001</misses>
				<total>14</total>
				<timestamp>5581.613032</timestamp>
			</report>
			<report>
				<misses>15521001</misses>
				<total>14</total>
				<timestamp>5581.972714</timestamp>
			</report>
			<report>
				<misses>15522001</misses>
				<total>14</total>
				<timestamp>5582.332318</timestamp>
			</report>
			<report>
				<misses>15523001</misses>
				<total>14</total>
				<timestamp>5582.691897</timestamp>
			</report>
			<report>
				<misses>15524001</misses>
				<total>14</total>
				<timestamp>5583.051520</timestamp>
			</report>
			<report>
				<misses>15525001</misses>
				<total>14</total>
				<timestamp>5583.411222</timestamp>
			</report>
			<report>
				<misses>15526001</misses>
				<total>14</total>
				<timestamp>5583.770896</timestamp>
			</report>
			<report>
				<misses>15527001</misses>
				<total>14</total>
				<timestamp>5584.130554</timestamp>
			</report>
			<report>
				<misses>15528001</misses>
				<total>14</total>
				<timestamp>5584.490164</timestamp>
			</report>
			<report>
				<misses>15529001</misses>
				<total>14</total>
				<timestamp>5584.849739</timestamp>
			</report>
			<report>
				<misses>15530001</misses>
				<total>14</total>
				<timestamp>5585.209389</timestamp>
			</report>
			<report>
				<misses>15531001</misses>
				<total>14</total>
				<timestamp>5585.569046</timestamp>
			</report>
			<report>
				<misses>15532001</misses>
				<total>14</total>
				<timestamp>5585.928715</timestamp>
			</report>
			<report>
				<misses>15533001</misses>
				<total>14</total>
				<timestamp>5586.288303</timestamp>
			</report>
			<report>
				<misses>15534001</misses>
				<total>14</total>
				<timestamp>5586.647979</timestamp>
			</report>
			<report>
				<misses>15535001</misses>
				<total>14</total>
				<timestamp>5587.007629</timestamp>
			</report>
			<report>
				<misses>15536001</misses>
				<total>14</total>
				<timestamp>5587.367244</timestamp>
			</report>
			<report>
				<misses>15537001</misses>
				<total>14</total>
				<timestamp>5587.726858</timestamp>
			</report>
			<report>
				<misses>15538001</misses>
				<total>14</total>
				<timestamp>5588.086511</timestamp>
			</report>
			<report>
				<misses>15539001</misses>
				<total>14</total>
				<timestamp>5588.446161</timestamp>
			</report>
			<report>
				<misses>15540001</misses>
				<total>14</total>
				<timestamp>5588.805783</timestamp>
			</report>
			<report>
				<misses>15541001</misses>
				<total>14</total>
				<timestamp>5589.165456</timestamp>
			</report>
			<report>
				<misses>15542001</misses>
				<total>14</total>
				<timestamp>5589.525071</timestamp>
			</report>
			<report>
				<misses>15543001</misses>
				<total>14</total>
				<timestamp>5589.884761</timestamp>
			</report>
			<report>
				<misses>15544001</misses>
				<total>14</total>
				<timestamp>5590.244382</timestamp>
			</report>
			<report>
				<misses>15545001</misses>
				<total>14</total>
				<timestamp>5590.604131</timestamp>
			</report>
			<report>
				<misses>15546001</misses>
				<total>14</total>
				<timestamp>5590.963641</timestamp>
			</report>
			<report>
				<misses>15547001</misses>
				<total>14</total>
				<timestamp>5591.323328</timestamp>
			</report>
			<report>
				<misses>15548001</misses>
				<total>14</total>
				<timestamp>5591.682972</timestamp>
			</report>
			<report>
				<misses>15549001</misses>
				<total>14</total>
				<timestamp>5592.042559</timestamp>
			</report>
			<report>
				<misses>15550001</misses>
				<total>14</total>
				<timestamp>5592.402271</timestamp>
			</report>
			<report>
				<misses>15551001</misses>
				<total>14</total>
				<timestamp>5592.761840</timestamp>
			</report>
			<report>
				<misses>15552001</misses>
				<total>14</total>
				<timestamp>5593.121478</timestamp>
			</report>
			<report>
				<misses>15553001</misses>
				<total>14</total>
				<timestamp>5593.481150</timestamp>
			</report>
			<report>
				<misses>15554001</misses>
				<total>14</total>
				<timestamp>5593.840775</timestamp>
			</report>
			<report>
				<misses>15555001</misses>
				<total>14</total>
				<timestamp>5594.200401</timestamp>
			</report>
			<report>
				<misses>15556001</misses>
				<total>14</total>
				<timestamp>5594.560112</timestamp>
			</report>
			<report>
				<misses>15557001</misses>
				<total>14</total>
				<timestamp>5594.919696</timestamp>
			</report>
			<report>
				<misses>15558001</misses>
				<total>14</total>
				<timestamp>5595.279315</timestamp>
			</report>
			<report>
				<misses>15559001</misses>
				<total>14</total>
				<timestamp>5595.638976</timestamp>
			</report>
			<report>
				<misses>15560001</misses>
				<total>14</total>
				<timestamp>5595.998640</timestamp>
			</report>
			<report>
				<misses>15561001</misses>
				<total>14</total>
				<timestamp>5596.358215</timestamp>
			</report>
			<report>
				<misses>15562001</misses>
				<total>14</total>
				<timestamp>5596.717907</timestamp>
			</report>
			<report>
				<misses>15563001</misses>
				<total>14</total>
				<timestamp>5597.077562</timestamp>
			</report>
			<report>
				<misses>15564001</misses>
				<total>14</total>
				<timestamp>5597.437156</timestamp>
			</report>
			<report>
				<misses>15565001</misses>
				<total>14</total>
				<timestamp>5597.796778</timestamp>
			</report>
			<report>
				<misses>15566001</misses>
				<total>14</total>
				<timestamp>5598.156442</timestamp>
			</report>
			<report>
				<misses>15567001</misses>
				<total>14</total>
				<timestamp>5598.516157</timestamp>
			</report>
			<report>
				<misses>15568001</misses>
				<total>14</total>
				<timestamp>5598.875785</timestamp>
			</report>
			<report>
				<misses>15569001</misses>
				<total>14</total>
				<timestamp>5599.235331</timestamp>
			</report>
			<report>
				<misses>15570001</misses>
				<total>14</total>
				<timestamp>5599.595028</timestamp>
			</report>
			<report>
				<misses>15571001</misses>
				<total>14</total>
				<timestamp>5599.954605</timestamp>
			</report>
			<report>
				<misses>15572001</misses>
				<total>14</total>
				<timestamp>5600.314301</timestamp>
			</report>
			<report>
				<misses>15573001</misses>
				<total>14</total>
				<timestamp>5600.673931</timestamp>
			</report>
			<report>
				<misses>15574001</misses>
				<total>14</total>
				<timestamp>5601.033553</timestamp>
			</report>
			<report>
				<misses>15575001</misses>
				<total>14</total>
				<timestamp>5601.393214</timestamp>
			</report>
			<report>
				<misses>15576001</misses>
				<total>14</total>
				<timestamp>5601.752824</timestamp>
			</report>
			<report>
				<misses>15577001</misses>
				<total>14</total>
				<timestamp>5602.112487</timestamp>
			</report>
			<report>
				<misses>15578001</misses>
				<total>14</total>
				<timestamp>5602.472141</timestamp>
			</report>
			<report>
				<misses>15579001</misses>
				<total>14</total>
				<timestamp>5602.831733</timestamp>
			</report>
			<report>
				<misses>15580001</misses>
				<total>14</total>
				<timestamp>5603.191451</timestamp>
			</report>
			<report>
				<misses>15581001</misses>
				<total>14</total>
				<timestamp>5603.551047</timestamp>
			</report>
			<report>
				<misses>15582001</misses>
				<total>14</total>
				<timestamp>5603.910792</timestamp>
			</report>
			<report>
				<misses>15583001</misses>
				<total>14</total>
				<timestamp>5604.270334</timestamp>
			</report>
			<report>
				<misses>15584001</misses>
				<total>14</total>
				<timestamp>5604.630019</timestamp>
			</report>
			<report>
				<misses>15585001</misses>
				<total>14</total>
				<timestamp>5604.989639</timestamp>
			</report>
			<report>
				<misses>15586001</misses>
				<total>14</total>
				<timestamp>5605.349245</timestamp>
			</report>
			<report>
				<misses>15587001</misses>
				<total>14</total>
				<timestamp>5605.708935</timestamp>
			</report>
			<report>
				<misses>15588001</misses>
				<total>14</total>
				<timestamp>5606.068492</timestamp>
			</report>
			<report>
				<misses>15589001</misses>
				<total>14</total>
				<timestamp>5606.428152</timestamp>
			</report>
			<report>
				<misses>15590001</misses>
				<total>14</total>
				<timestamp>5606.787794</timestamp>
			</report>
			<report>
				<misses>15591001</misses>
				<total>14</total>
				<timestamp>5607.147441</timestamp>
			</report>
			<report>
				<misses>15592001</misses>
				<total>14</total>
				<timestamp>5607.507095</timestamp>
			</report>
			<report>
				<misses>15593001</misses>
				<total>14</total>
				<timestamp>5607.866705</timestamp>
			</report>
			<report>
				<misses>15594001</misses>
				<total>14</total>
				<timestamp>5608.226355</timestamp>
			</report>
			<report>
				<misses>15595001</misses>
				<total>14</total>
				<timestamp>5608.586059</timestamp>
			</report>
			<report>
				<misses>15596001</misses>
				<total>14</total>
				<timestamp>5608.945603</timestamp>
			</report>
			<report>
				<misses>15597001</misses>
				<total>14</total>
				<timestamp>5609.305290</timestamp>
			</report>
			<report>
				<misses>15598001</misses>
				<total>14</total>
				<timestamp>5609.664917</timestamp>
			</report>
			<report>
				<misses>15599001</misses>
				<total>14</total>
				<timestamp>5610.024677</timestamp>
			</report>
			<report>
				<misses>15600001</misses>
				<total>14</total>
				<timestamp>5610.384237</timestamp>
			</report>
			<report>
				<misses>15601001</misses>
				<total>14</total>
				<timestamp>5610.743853</timestamp>
			</report>
			<report>
				<misses>15602001</misses>
				<total>14</total>
				<timestamp>5611.103486</timestamp>
			</report>
			<report>
				<misses>15603001</misses>
				<total>14</total>
				<timestamp>5611.463103</timestamp>
			</report>
			<report>
				<misses>15604001</misses>
				<total>14</total>
				<timestamp>5611.822797</timestamp>
			</report>
			<report>
				<misses>15605001</misses>
				<total>14</total>
				<timestamp>5612.182409</timestamp>
			</report>
			<report>
				<misses>15606001</misses>
				<total>14</total>
				<timestamp>5612.542038</timestamp>
			</report>
			<report>
				<misses>15607001</misses>
				<total>14</total>
				<timestamp>5612.901641</timestamp>
			</report>
			<report>
				<misses>15608001</misses>
				<total>14</total>
				<timestamp>5613.261295</timestamp>
			</report>
			<report>
				<misses>15609001</misses>
				<total>14</total>
				<timestamp>5613.620993</timestamp>
			</report>
			<report>
				<misses>15610001</misses>
				<total>14</total>
				<timestamp>5613.980583</timestamp>
			</report>
			<report>
				<misses>15611001</misses>
				<total>14</total>
				<timestamp>5614.340222</timestamp>
			</report>
			<report>
				<misses>15612001</misses>
				<total>14</total>
				<timestamp>5614.699864</timestamp>
			</report>
			<report>
				<misses>15613001</misses>
				<total>14</total>
				<timestamp>5615.059513</timestamp>
			</report>
			<report>
				<misses>15614001</misses>
				<total>14</total>
				<timestamp>5615.419140</timestamp>
			</report>
			<report>
				<misses>15615001</misses>
				<total>14</total>
				<timestamp>5615.778841</timestamp>
			</report>
			<report>
				<misses>15616001</misses>
				<total>13</total>
				<timestamp>5616.138528</timestamp>
			</report>
			<report>
				<misses>15617001</misses>
				<total>14</total>
				<timestamp>5616.498105</timestamp>
			</report>
			<report>
				<misses>15618001</misses>
				<total>14</total>
				<timestamp>5616.857728</timestamp>
			</report>
			<report>
				<misses>15619001</misses>
				<total>14</total>
				<timestamp>5617.217360</timestamp>
			</report>
			<report>
				<misses>15620001</misses>
				<total>14</total>
				<timestamp>5617.577087</timestamp>
			</report>
			<report>
				<misses>15621001</misses>
				<total>14</total>
				<timestamp>5617.936642</timestamp>
			</report>
			<report>
				<misses>15622001</misses>
				<total>14</total>
				<timestamp>5618.296356</timestamp>
			</report>
			<report>
				<misses>15623001</misses>
				<total>14</total>
				<timestamp>5618.656004</timestamp>
			</report>
			<report>
				<misses>15624001</misses>
				<total>14</total>
				<timestamp>5619.015558</timestamp>
			</report>
			<report>
				<misses>15625001</misses>
				<total>14</total>
				<timestamp>5619.375199</timestamp>
			</report>
			<report>
				<misses>15626001</misses>
				<total>14</total>
				<timestamp>5619.734853</timestamp>
			</report>
			<report>
				<misses>15627001</misses>
				<total>14</total>
				<timestamp>5620.094465</timestamp>
			</report>
			<report>
				<misses>15628001</misses>
				<total>14</total>
				<timestamp>5620.454147</timestamp>
			</report>
			<report>
				<misses>15629001</misses>
				<total>14</total>
				<timestamp>5620.813740</timestamp>
			</report>
			<report>
				<misses>15630001</misses>
				<total>14</total>
				<timestamp>5621.173398</timestamp>
			</report>
			<report>
				<misses>15631001</misses>
				<total>14</total>
				<timestamp>5621.533035</timestamp>
			</report>
			<report>
				<misses>15632001</misses>
				<total>14</total>
				<timestamp>5621.892653</timestamp>
			</report>
			<report>
				<misses>15633001</misses>
				<total>14</total>
				<timestamp>5622.252294</timestamp>
			</report>
			<report>
				<misses>15634001</misses>
				<total>14</total>
				<timestamp>5622.611970</timestamp>
			</report>
			<report>
				<misses>15635001</misses>
				<total>14</total>
				<timestamp>5622.971624</timestamp>
			</report>
			<report>
				<misses>15636001</misses>
				<total>14</total>
				<timestamp>5623.331268</timestamp>
			</report>
			<report>
				<misses>15637001</misses>
				<total>14</total>
				<timestamp>5623.690877</timestamp>
			</report>
			<report>
				<misses>15638001</misses>
				<total>14</total>
				<timestamp>5624.050570</timestamp>
			</report>
			<report>
				<misses>15639001</misses>
				<total>14</total>
				<timestamp>5624.410153</timestamp>
			</report>
			<report>
				<misses>15640001</misses>
				<total>14</total>
				<timestamp>5624.769877</timestamp>
			</report>
			<report>
				<misses>15641001</misses>
				<total>14</total>
				<timestamp>5625.129416</timestamp>
			</report>
			<report>
				<misses>15642001</misses>
				<total>14</total>
				<timestamp>5625.489093</timestamp>
			</report>
			<report>
				<misses>15643001</misses>
				<total>14</total>
				<timestamp>5625.848713</timestamp>
			</report>
			<report>
				<misses>15644001</misses>
				<total>14</total>
				<timestamp>5626.208360</timestamp>
			</report>
			<report>
				<misses>15645001</misses>
				<total>14</total>
				<timestamp>5626.568064</timestamp>
			</report>
			<report>
				<misses>15646001</misses>
				<total>14</total>
				<timestamp>5626.927700</timestamp>
			</report>
			<report>
				<misses>15647001</misses>
				<total>14</total>
				<timestamp>5627.287255</timestamp>
			</report>
			<report>
				<misses>15648001</misses>
				<total>14</total>
				<timestamp>5627.646884</timestamp>
			</report>
			<report>
				<misses>15649001</misses>
				<total>14</total>
				<timestamp>5628.006545</timestamp>
			</report>
			<report>
				<misses>15650001</misses>
				<total>14</total>
				<timestamp>5628.366245</timestamp>
			</report>
			<report>
				<misses>15651001</misses>
				<total>14</total>
				<timestamp>5628.725863</timestamp>
			</report>
			<report>
				<misses>15652001</misses>
				<total>14</total>
				<timestamp>5629.085450</timestamp>
			</report>
			<report>
				<misses>15653001</misses>
				<total>14</total>
				<timestamp>5629.445098</timestamp>
			</report>
			<report>
				<misses>15654001</misses>
				<total>14</total>
				<timestamp>5629.804813</timestamp>
			</report>
			<report>
				<misses>15655001</misses>
				<total>14</total>
				<timestamp>5630.164464</timestamp>
			</report>
			<report>
				<misses>15656001</misses>
				<total>14</total>
				<timestamp>5630.524068</timestamp>
			</report>
			<report>
				<misses>15657001</misses>
				<total>14</total>
				<timestamp>5630.883674</timestamp>
			</report>
			<report>
				<misses>15658001</misses>
				<total>14</total>
				<timestamp>5631.243425</timestamp>
			</report>
			<report>
				<misses>15659001</misses>
				<total>14</total>
				<timestamp>5631.602974</timestamp>
			</report>
			<report>
				<misses>15660001</misses>
				<total>14</total>
				<timestamp>5631.962569</timestamp>
			</report>
			<report>
				<misses>15661001</misses>
				<total>14</total>
				<timestamp>5632.322203</timestamp>
			</report>
			<report>
				<misses>15662001</misses>
				<total>14</total>
				<timestamp>5632.681870</timestamp>
			</report>
			<report>
				<misses>15663001</misses>
				<total>14</total>
				<timestamp>5633.041509</timestamp>
			</report>
			<report>
				<misses>15664001</misses>
				<total>14</total>
				<timestamp>5633.401167</timestamp>
			</report>
			<report>
				<misses>15665001</misses>
				<total>14</total>
				<timestamp>5633.760854</timestamp>
			</report>
			<report>
				<misses>15666001</misses>
				<total>14</total>
				<timestamp>5634.120433</timestamp>
			</report>
			<report>
				<misses>15667001</misses>
				<total>14</total>
				<timestamp>5634.480111</timestamp>
			</report>
			<report>
				<misses>15668001</misses>
				<total>14</total>
				<timestamp>5634.839711</timestamp>
			</report>
			<report>
				<misses>15669001</misses>
				<total>14</total>
				<timestamp>5635.199351</timestamp>
			</report>
			<report>
				<misses>15670001</misses>
				<total>14</total>
				<timestamp>5635.559027</timestamp>
			</report>
			<report>
				<misses>15671001</misses>
				<total>14</total>
				<timestamp>5635.918673</timestamp>
			</report>
			<report>
				<misses>15672001</misses>
				<total>14</total>
				<timestamp>5636.278295</timestamp>
			</report>
			<report>
				<misses>15673001</misses>
				<total>14</total>
				<timestamp>5636.637922</timestamp>
			</report>
			<report>
				<misses>15674001</misses>
				<total>14</total>
				<timestamp>5636.997528</timestamp>
			</report>
			<report>
				<misses>15675001</misses>
				<total>14</total>
				<timestamp>5637.357219</timestamp>
			</report>
			<report>
				<misses>15676001</misses>
				<total>14</total>
				<timestamp>5637.716830</timestamp>
			</report>
			<report>
				<misses>15677001</misses>
				<total>14</total>
				<timestamp>5638.076482</timestamp>
			</report>
			<report>
				<misses>15678001</misses>
				<total>14</total>
				<timestamp>5638.436129</timestamp>
			</report>
			<report>
				<misses>15679001</misses>
				<total>14</total>
				<timestamp>5638.795826</timestamp>
			</report>
			<report>
				<misses>15680001</misses>
				<total>14</total>
				<timestamp>5639.155426</timestamp>
			</report>
			<report>
				<misses>15681001</misses>
				<total>14</total>
				<timestamp>5639.515069</timestamp>
			</report>
			<report>
				<misses>15682001</misses>
				<total>14</total>
				<timestamp>5639.874706</timestamp>
			</report>
			<report>
				<misses>15683001</misses>
				<total>14</total>
				<timestamp>5640.234355</timestamp>
			</report>
			<report>
				<misses>15684001</misses>
				<total>14</total>
				<timestamp>5640.593971</timestamp>
			</report>
			<report>
				<misses>15685001</misses>
				<total>14</total>
				<timestamp>5640.953628</timestamp>
			</report>
			<report>
				<misses>15686001</misses>
				<total>14</total>
				<timestamp>5641.313211</timestamp>
			</report>
			<report>
				<misses>15687001</misses>
				<total>14</total>
				<timestamp>5641.672901</timestamp>
			</report>
			<report>
				<misses>15688001</misses>
				<total>14</total>
				<timestamp>5642.032525</timestamp>
			</report>
			<report>
				<misses>15689001</misses>
				<total>14</total>
				<timestamp>5642.392141</timestamp>
			</report>
			<report>
				<misses>15690001</misses>
				<total>14</total>
				<timestamp>5642.751807</timestamp>
			</report>
			<report>
				<misses>15691001</misses>
				<total>14</total>
				<timestamp>5643.111424</timestamp>
			</report>
			<report>
				<misses>15692001</misses>
				<total>14</total>
				<timestamp>5643.471077</timestamp>
			</report>
			<report>
				<misses>15693001</misses>
				<total>14</total>
				<timestamp>5643.830773</timestamp>
			</report>
			<report>
				<misses>15694001</misses>
				<total>14</total>
				<timestamp>5644.190425</timestamp>
			</report>
			<report>
				<misses>15695001</misses>
				<total>14</total>
				<timestamp>5644.549990</timestamp>
			</report>
			<report>
				<misses>15696001</misses>
				<total>14</total>
				<timestamp>5644.909607</timestamp>
			</report>
			<report>
				<misses>15697001</misses>
				<total>14</total>
				<timestamp>5645.269298</timestamp>
			</report>
			<report>
				<misses>15698001</misses>
				<total>14</total>
				<timestamp>5645.628914</timestamp>
			</report>
			<report>
				<misses>15699001</misses>
				<total>14</total>
				<timestamp>5645.988588</timestamp>
			</report>
			<report>
				<misses>15700001</misses>
				<total>14</total>
				<timestamp>5646.348210</timestamp>
			</report>
			<report>
				<misses>15701001</misses>
				<total>14</total>
				<timestamp>5646.707864</timestamp>
			</report>
			<report>
				<misses>15702001</misses>
				<total>14</total>
				<timestamp>5647.067501</timestamp>
			</report>
			<report>
				<misses>15703001</misses>
				<total>14</total>
				<timestamp>5647.427144</timestamp>
			</report>
			<report>
				<misses>15704001</misses>
				<total>14</total>
				<timestamp>5647.786829</timestamp>
			</report>
			<report>
				<misses>15705001</misses>
				<total>14</total>
				<timestamp>5648.146401</timestamp>
			</report>
			<report>
				<misses>15706001</misses>
				<total>14</total>
				<timestamp>5648.506047</timestamp>
			</report>
			<report>
				<misses>15707001</misses>
				<total>14</total>
				<timestamp>5648.865764</timestamp>
			</report>
			<report>
				<misses>15708001</misses>
				<total>14</total>
				<timestamp>5649.225330</timestamp>
			</report>
			<report>
				<misses>15709001</misses>
				<total>14</total>
				<timestamp>5649.585012</timestamp>
			</report>
			<report>
				<misses>15710001</misses>
				<total>14</total>
				<timestamp>5649.944591</timestamp>
			</report>
			<report>
				<misses>15711001</misses>
				<total>14</total>
				<timestamp>5650.304220</timestamp>
			</report>
			<report>
				<misses>15712001</misses>
				<total>14</total>
				<timestamp>5650.663856</timestamp>
			</report>
			<report>
				<misses>15713001</misses>
				<total>14</total>
				<timestamp>5651.023506</timestamp>
			</report>
			<report>
				<misses>15714001</misses>
				<total>14</total>
				<timestamp>5651.383209</timestamp>
			</report>
			<report>
				<misses>15715001</misses>
				<total>14</total>
				<timestamp>5651.742842</timestamp>
			</report>
			<report>
				<misses>15716001</misses>
				<total>14</total>
				<timestamp>5652.102436</timestamp>
			</report>
			<report>
				<misses>15717001</misses>
				<total>14</total>
				<timestamp>5652.462071</timestamp>
			</report>
			<report>
				<misses>15718001</misses>
				<total>14</total>
				<timestamp>5652.821733</timestamp>
			</report>
			<report>
				<misses>15719001</misses>
				<total>14</total>
				<timestamp>5653.181337</timestamp>
			</report>
			<report>
				<misses>15720001</misses>
				<total>14</total>
				<timestamp>5653.541044</timestamp>
			</report>
			<report>
				<misses>15721001</misses>
				<total>14</total>
				<timestamp>5653.900657</timestamp>
			</report>
			<report>
				<misses>15722001</misses>
				<total>14</total>
				<timestamp>5654.260303</timestamp>
			</report>
			<report>
				<misses>15723001</misses>
				<total>14</total>
				<timestamp>5654.619892</timestamp>
			</report>
			<report>
				<misses>15724001</misses>
				<total>14</total>
				<timestamp>5654.979547</timestamp>
			</report>
			<report>
				<misses>15725001</misses>
				<total>14</total>
				<timestamp>5655.339211</timestamp>
			</report>
			<report>
				<misses>15726001</misses>
				<total>14</total>
				<timestamp>5655.698843</timestamp>
			</report>
			<report>
				<misses>15727001</misses>
				<total>14</total>
				<timestamp>5656.058495</timestamp>
			</report>
			<report>
				<misses>15728001</misses>
				<total>14</total>
				<timestamp>5656.418131</timestamp>
			</report>
			<report>
				<misses>15729001</misses>
				<total>14</total>
				<timestamp>5656.777761</timestamp>
			</report>
			<report>
				<misses>15730001</misses>
				<total>14</total>
				<timestamp>5657.137365</timestamp>
			</report>
			<report>
				<misses>15731001</misses>
				<total>14</total>
				<timestamp>5657.497015</timestamp>
			</report>
			<report>
				<misses>15732001</misses>
				<total>14</total>
				<timestamp>5657.856702</timestamp>
			</report>
			<report>
				<misses>15733001</misses>
				<total>14</total>
				<timestamp>5658.216309</timestamp>
			</report>
			<report>
				<misses>15734001</misses>
				<total>14</total>
				<timestamp>5658.575932</timestamp>
			</report>
			<report>
				<misses>15735001</misses>
				<total>14</total>
				<timestamp>5658.935614</timestamp>
			</report>
			<report>
				<misses>15736001</misses>
				<total>14</total>
				<timestamp>5659.295207</timestamp>
			</report>
			<report>
				<misses>15737001</misses>
				<total>14</total>
				<timestamp>5659.654868</timestamp>
			</report>
			<report>
				<misses>15738001</misses>
				<total>14</total>
				<timestamp>5660.014487</timestamp>
			</report>
			<report>
				<misses>15739001</misses>
				<total>14</total>
				<timestamp>5660.374184</timestamp>
			</report>
			<report>
				<misses>15740001</misses>
				<total>14</total>
				<timestamp>5660.733842</timestamp>
			</report>
			<report>
				<misses>15741001</misses>
				<total>14</total>
				<timestamp>5661.093431</timestamp>
			</report>
			<report>
				<misses>15742001</misses>
				<total>14</total>
				<timestamp>5661.453182</timestamp>
			</report>
			<report>
				<misses>15743001</misses>
				<total>14</total>
				<timestamp>5661.812714</timestamp>
			</report>
			<report>
				<misses>15744001</misses>
				<total>14</total>
				<timestamp>5662.172341</timestamp>
			</report>
			<report>
				<misses>15745001</misses>
				<total>14</total>
				<timestamp>5662.532009</timestamp>
			</report>
			<report>
				<misses>15746001</misses>
				<total>14</total>
				<timestamp>5662.891667</timestamp>
			</report>
			<report>
				<misses>15747001</misses>
				<total>14</total>
				<timestamp>5663.251288</timestamp>
			</report>
			<report>
				<misses>15748001</misses>
				<total>14</total>
				<timestamp>5663.610926</timestamp>
			</report>
			<report>
				<misses>15749001</misses>
				<total>14</total>
				<timestamp>5663.970649</timestamp>
			</report>
			<report>
				<misses>15750001</misses>
				<total>14</total>
				<timestamp>5664.330233</timestamp>
			</report>
			<report>
				<misses>15751001</misses>
				<total>14</total>
				<timestamp>5664.689824</timestamp>
			</report>
			<report>
				<misses>15752001</misses>
				<total>14</total>
				<timestamp>5665.049492</timestamp>
			</report>
			<report>
				<misses>15753001</misses>
				<total>14</total>
				<timestamp>5665.409169</timestamp>
			</report>
			<report>
				<misses>15754001</misses>
				<total>14</total>
				<timestamp>5665.768849</timestamp>
			</report>
			<report>
				<misses>15755001</misses>
				<total>14</total>
				<timestamp>5666.128392</timestamp>
			</report>
			<report>
				<misses>15756001</misses>
				<total>14</total>
				<timestamp>5666.488039</timestamp>
			</report>
			<report>
				<misses>15757001</misses>
				<total>14</total>
				<timestamp>5666.847686</timestamp>
			</report>
			<report>
				<misses>15758001</misses>
				<total>14</total>
				<timestamp>5667.207290</timestamp>
			</report>
			<report>
				<misses>15759001</misses>
				<total>14</total>
				<timestamp>5667.566988</timestamp>
			</report>
			<report>
				<misses>15760001</misses>
				<total>14</total>
				<timestamp>5667.926736</timestamp>
			</report>
			<report>
				<misses>15761001</misses>
				<total>14</total>
				<timestamp>5668.286325</timestamp>
			</report>
			<report>
				<misses>15762001</misses>
				<total>14</total>
				<timestamp>5668.645872</timestamp>
			</report>
			<report>
				<misses>15763001</misses>
				<total>14</total>
				<timestamp>5669.005554</timestamp>
			</report>
			<report>
				<misses>15764001</misses>
				<total>14</total>
				<timestamp>5669.365197</timestamp>
			</report>
			<report>
				<misses>15765001</misses>
				<total>14</total>
				<timestamp>5669.724811</timestamp>
			</report>
			<report>
				<misses>15766001</misses>
				<total>14</total>
				<timestamp>5670.084479</timestamp>
			</report>
			<report>
				<misses>15767001</misses>
				<total>14</total>
				<timestamp>5670.444086</timestamp>
			</report>
			<report>
				<misses>15768001</misses>
				<total>14</total>
				<timestamp>5670.803770</timestamp>
			</report>
			<report>
				<misses>15769001</misses>
				<total>14</total>
				<timestamp>5671.163335</timestamp>
			</report>
			<report>
				<misses>15770001</misses>
				<total>14</total>
				<timestamp>5671.523004</timestamp>
			</report>
			<report>
				<misses>15771001</misses>
				<total>14</total>
				<timestamp>5671.882693</timestamp>
			</report>
			<report>
				<misses>15772001</misses>
				<total>14</total>
				<timestamp>5672.242276</timestamp>
			</report>
			<report>
				<misses>15773001</misses>
				<total>14</total>
				<timestamp>5672.601916</timestamp>
			</report>
			<report>
				<misses>15774001</misses>
				<total>14</total>
				<timestamp>5672.961603</timestamp>
			</report>
			<report>
				<misses>15775001</misses>
				<total>14</total>
				<timestamp>5673.321233</timestamp>
			</report>
			<report>
				<misses>15776001</misses>
				<total>14</total>
				<timestamp>5673.680833</timestamp>
			</report>
			<report>
				<misses>15777001</misses>
				<total>14</total>
				<timestamp>5674.040456</timestamp>
			</report>
			<report>
				<misses>15778001</misses>
				<total>14</total>
				<timestamp>5674.400141</timestamp>
			</report>
			<report>
				<misses>15779001</misses>
				<total>14</total>
				<timestamp>5674.759753</timestamp>
			</report>
			<report>
				<misses>15780001</misses>
				<total>14</total>
				<timestamp>5675.119375</timestamp>
			</report>
			<report>
				<misses>15781001</misses>
				<total>14</total>
				<timestamp>5675.479043</timestamp>
			</report>
			<report>
				<misses>15782001</misses>
				<total>14</total>
				<timestamp>5675.838705</timestamp>
			</report>
			<report>
				<misses>15783001</misses>
				<total>14</total>
				<timestamp>5676.198363</timestamp>
			</report>
			<report>
				<misses>15784001</misses>
				<total>14</total>
				<timestamp>5676.557937</timestamp>
			</report>
			<report>
				<misses>15785001</misses>
				<total>14</total>
				<timestamp>5676.917598</timestamp>
			</report>
			<report>
				<misses>15786001</misses>
				<total>14</total>
				<timestamp>5677.277354</timestamp>
			</report>
			<report>
				<misses>15787001</misses>
				<total>14</total>
				<timestamp>5677.636869</timestamp>
			</report>
			<report>
				<misses>15788001</misses>
				<total>14</total>
				<timestamp>5677.996533</timestamp>
			</report>
			<report>
				<misses>15789001</misses>
				<total>14</total>
				<timestamp>5678.356169</timestamp>
			</report>
			<report>
				<misses>15790001</misses>
				<total>14</total>
				<timestamp>5678.715773</timestamp>
			</report>
			<report>
				<misses>15791001</misses>
				<total>14</total>
				<timestamp>5679.075460</timestamp>
			</report>
			<report>
				<misses>15792001</misses>
				<total>14</total>
				<timestamp>5679.435072</timestamp>
			</report>
			<report>
				<misses>15793001</misses>
				<total>14</total>
				<timestamp>5679.794690</timestamp>
			</report>
			<report>
				<misses>15794001</misses>
				<total>14</total>
				<timestamp>5680.154339</timestamp>
			</report>
			<report>
				<misses>15795001</misses>
				<total>14</total>
				<timestamp>5680.514064</timestamp>
			</report>
			<report>
				<misses>15796001</misses>
				<total>14</total>
				<timestamp>5680.873716</timestamp>
			</report>
			<report>
				<misses>15797001</misses>
				<total>14</total>
				<timestamp>5681.233300</timestamp>
			</report>
			<report>
				<misses>15798001</misses>
				<total>14</total>
				<timestamp>5681.592904</timestamp>
			</report>
			<report>
				<misses>15799001</misses>
				<total>14</total>
				<timestamp>5681.952575</timestamp>
			</report>
			<report>
				<misses>15800001</misses>
				<total>14</total>
				<timestamp>5682.312268</timestamp>
			</report>
			<report>
				<misses>15801001</misses>
				<total>14</total>
				<timestamp>5682.671893</timestamp>
			</report>
			<report>
				<misses>15802001</misses>
				<total>14</total>
				<timestamp>5683.031495</timestamp>
			</report>
			<report>
				<misses>15803001</misses>
				<total>14</total>
				<timestamp>5683.391111</timestamp>
			</report>
			<report>
				<misses>15804001</misses>
				<total>14</total>
				<timestamp>5683.750748</timestamp>
			</report>
			<report>
				<misses>15805001</misses>
				<total>14</total>
				<timestamp>5684.110384</timestamp>
			</report>
			<report>
				<misses>15806001</misses>
				<total>14</total>
				<timestamp>5684.470071</timestamp>
			</report>
			<report>
				<misses>15807001</misses>
				<total>14</total>
				<timestamp>5684.829694</timestamp>
			</report>
			<report>
				<misses>15808001</misses>
				<total>14</total>
				<timestamp>5685.189307</timestamp>
			</report>
			<report>
				<misses>15809001</misses>
				<total>14</total>
				<timestamp>5685.548945</timestamp>
			</report>
			<report>
				<misses>15810001</misses>
				<total>14</total>
				<timestamp>5685.908590</timestamp>
			</report>
			<report>
				<misses>15811001</misses>
				<total>14</total>
				<timestamp>5686.268272</timestamp>
			</report>
			<report>
				<misses>15812001</misses>
				<total>14</total>
				<timestamp>5686.627855</timestamp>
			</report>
			<report>
				<misses>15813001</misses>
				<total>14</total>
				<timestamp>5686.987510</timestamp>
			</report>
			<report>
				<misses>15814001</misses>
				<total>14</total>
				<timestamp>5687.347146</timestamp>
			</report>
			<report>
				<misses>15815001</misses>
				<total>14</total>
				<timestamp>5687.706776</timestamp>
			</report>
			<report>
				<misses>15816001</misses>
				<total>14</total>
				<timestamp>5688.066415</timestamp>
			</report>
			<report>
				<misses>15817001</misses>
				<total>14</total>
				<timestamp>5688.426096</timestamp>
			</report>
			<report>
				<misses>15818001</misses>
				<total>14</total>
				<timestamp>5688.785740</timestamp>
			</report>
			<report>
				<misses>15819001</misses>
				<total>14</total>
				<timestamp>5689.145412</timestamp>
			</report>
			<report>
				<misses>15820001</misses>
				<total>14</total>
				<timestamp>5689.505005</timestamp>
			</report>
			<report>
				<misses>15821001</misses>
				<total>14</total>
				<timestamp>5689.864630</timestamp>
			</report>
			<report>
				<misses>15822001</misses>
				<total>14</total>
				<timestamp>5690.224377</timestamp>
			</report>
			<report>
				<misses>15823001</misses>
				<total>14</total>
				<timestamp>5690.583991</timestamp>
			</report>
			<report>
				<misses>15824001</misses>
				<total>14</total>
				<timestamp>5690.943571</timestamp>
			</report>
			<report>
				<misses>15825001</misses>
				<total>14</total>
				<timestamp>5691.303223</timestamp>
			</report>
			<report>
				<misses>15826001</misses>
				<total>14</total>
				<timestamp>5691.662866</timestamp>
			</report>
			<report>
				<misses>15827001</misses>
				<total>14</total>
				<timestamp>5692.022511</timestamp>
			</report>
			<report>
				<misses>15828001</misses>
				<total>14</total>
				<timestamp>5692.382105</timestamp>
			</report>
			<report>
				<misses>15829001</misses>
				<total>14</total>
				<timestamp>5692.741746</timestamp>
			</report>
			<report>
				<misses>15830001</misses>
				<total>14</total>
				<timestamp>5693.101439</timestamp>
			</report>
			<report>
				<misses>15831001</misses>
				<total>14</total>
				<timestamp>5693.461030</timestamp>
			</report>
			<report>
				<misses>15832001</misses>
				<total>14</total>
				<timestamp>5693.820651</timestamp>
			</report>
			<report>
				<misses>15833001</misses>
				<total>14</total>
				<timestamp>5694.180304</timestamp>
			</report>
			<report>
				<misses>15834001</misses>
				<total>14</total>
				<timestamp>5694.539960</timestamp>
			</report>
			<report>
				<misses>15835001</misses>
				<total>14</total>
				<timestamp>5694.899587</timestamp>
			</report>
			<report>
				<misses>15836001</misses>
				<total>14</total>
				<timestamp>5695.259220</timestamp>
			</report>
			<report>
				<misses>15837001</misses>
				<total>14</total>
				<timestamp>5695.618849</timestamp>
			</report>
			<report>
				<misses>15838001</misses>
				<total>14</total>
				<timestamp>5695.978531</timestamp>
			</report>
			<report>
				<misses>15839001</misses>
				<total>14</total>
				<timestamp>5696.338208</timestamp>
			</report>
			<report>
				<misses>15840001</misses>
				<total>14</total>
				<timestamp>5696.697814</timestamp>
			</report>
			<report>
				<misses>15841001</misses>
				<total>14</total>
				<timestamp>5697.057444</timestamp>
			</report>
			<report>
				<misses>15842001</misses>
				<total>14</total>
				<timestamp>5697.417152</timestamp>
			</report>
			<report>
				<misses>15843001</misses>
				<total>14</total>
				<timestamp>5697.776799</timestamp>
			</report>
			<report>
				<misses>15844001</misses>
				<total>14</total>
				<timestamp>5698.136437</timestamp>
			</report>
			<report>
				<misses>15845001</misses>
				<total>14</total>
				<timestamp>5698.496052</timestamp>
			</report>
			<report>
				<misses>15846001</misses>
				<total>14</total>
				<timestamp>5698.855690</timestamp>
			</report>
			<report>
				<misses>15847001</misses>
				<total>14</total>
				<timestamp>5699.215249</timestamp>
			</report>
			<report>
				<misses>15848001</misses>
				<total>14</total>
				<timestamp>5699.574912</timestamp>
			</report>
			<report>
				<misses>15849001</misses>
				<total>14</total>
				<timestamp>5699.934581</timestamp>
			</report>
			<report>
				<misses>15850001</misses>
				<total>14</total>
				<timestamp>5700.294198</timestamp>
			</report>
			<report>
				<misses>15851001</misses>
				<total>14</total>
				<timestamp>5700.653826</timestamp>
			</report>
			<report>
				<misses>15852001</misses>
				<total>14</total>
				<timestamp>5701.013479</timestamp>
			</report>
			<report>
				<misses>15853001</misses>
				<total>14</total>
				<timestamp>5701.373208</timestamp>
			</report>
			<report>
				<misses>15854001</misses>
				<total>14</total>
				<timestamp>5701.732742</timestamp>
			</report>
			<report>
				<misses>15855001</misses>
				<total>14</total>
				<timestamp>5702.092403</timestamp>
			</report>
			<report>
				<misses>15856001</misses>
				<total>14</total>
				<timestamp>5702.452084</timestamp>
			</report>
			<report>
				<misses>15857001</misses>
				<total>14</total>
				<timestamp>5702.811699</timestamp>
			</report>
			<report>
				<misses>15858001</misses>
				<total>14</total>
				<timestamp>5703.171348</timestamp>
			</report>
			<report>
				<misses>15859001</misses>
				<total>14</total>
				<timestamp>5703.530956</timestamp>
			</report>
			<report>
				<misses>15860001</misses>
				<total>14</total>
				<timestamp>5703.890636</timestamp>
			</report>
			<report>
				<misses>15861001</misses>
				<total>14</total>
				<timestamp>5704.250209</timestamp>
			</report>
			<report>
				<misses>15862001</misses>
				<total>14</total>
				<timestamp>5704.609856</timestamp>
			</report>
			<report>
				<misses>15863001</misses>
				<total>14</total>
				<timestamp>5704.969592</timestamp>
			</report>
			<report>
				<misses>15864001</misses>
				<total>14</total>
				<timestamp>5705.329200</timestamp>
			</report>
			<report>
				<misses>15865001</misses>
				<total>14</total>
				<timestamp>5705.688837</timestamp>
			</report>
			<report>
				<misses>15866001</misses>
				<total>14</total>
				<timestamp>5706.048498</timestamp>
			</report>
			<report>
				<misses>15867001</misses>
				<total>14</total>
				<timestamp>5706.408105</timestamp>
			</report>
			<report>
				<misses>15868001</misses>
				<total>14</total>
				<timestamp>5706.767743</timestamp>
			</report>
			<report>
				<misses>15869001</misses>
				<total>14</total>
				<timestamp>5707.127400</timestamp>
			</report>
			<report>
				<misses>15870001</misses>
				<total>14</total>
				<timestamp>5707.487011</timestamp>
			</report>
			<report>
				<misses>15871001</misses>
				<total>14</total>
				<timestamp>5707.846631</timestamp>
			</report>
			<report>
				<misses>15872001</misses>
				<total>14</total>
				<timestamp>5708.206297</timestamp>
			</report>
			<report>
				<misses>15873001</misses>
				<total>14</total>
				<timestamp>5708.565999</timestamp>
			</report>
			<report>
				<misses>15874001</misses>
				<total>14</total>
				<timestamp>5708.925603</timestamp>
			</report>
			<report>
				<misses>15875001</misses>
				<total>14</total>
				<timestamp>5709.285215</timestamp>
			</report>
			<report>
				<misses>15876001</misses>
				<total>14</total>
				<timestamp>5709.644819</timestamp>
			</report>
			<report>
				<misses>15877001</misses>
				<total>14</total>
				<timestamp>5710.004489</timestamp>
			</report>
			<report>
				<misses>15878001</misses>
				<total>14</total>
				<timestamp>5710.364107</timestamp>
			</report>
			<report>
				<misses>15879001</misses>
				<total>14</total>
				<timestamp>5710.723731</timestamp>
			</report>
			<report>
				<misses>15880001</misses>
				<total>14</total>
				<timestamp>5711.083435</timestamp>
			</report>
			<report>
				<misses>15881001</misses>
				<total>14</total>
				<timestamp>5711.443020</timestamp>
			</report>
			<report>
				<misses>15882001</misses>
				<total>14</total>
				<timestamp>5711.802709</timestamp>
			</report>
			<report>
				<misses>15883001</misses>
				<total>14</total>
				<timestamp>5712.162321</timestamp>
			</report>
			<report>
				<misses>15884001</misses>
				<total>14</total>
				<timestamp>5712.521942</timestamp>
			</report>
			<report>
				<misses>15885001</misses>
				<total>14</total>
				<timestamp>5712.881613</timestamp>
			</report>
			<report>
				<misses>15886001</misses>
				<total>14</total>
				<timestamp>5713.241282</timestamp>
			</report>
			<report>
				<misses>15887001</misses>
				<total>14</total>
				<timestamp>5713.600851</timestamp>
			</report>
			<report>
				<misses>15888001</misses>
				<total>14</total>
				<timestamp>5713.960528</timestamp>
			</report>
			<report>
				<misses>15889001</misses>
				<total>14</total>
				<timestamp>5714.320166</timestamp>
			</report>
			<report>
				<misses>15890001</misses>
				<total>14</total>
				<timestamp>5714.679779</timestamp>
			</report>
			<report>
				<misses>15891001</misses>
				<total>14</total>
				<timestamp>5715.039502</timestamp>
			</report>
			<report>
				<misses>15892001</misses>
				<total>14</total>
				<timestamp>5715.399107</timestamp>
			</report>
			<report>
				<misses>15893001</misses>
				<total>14</total>
				<timestamp>5715.758735</timestamp>
			</report>
			<report>
				<misses>15894001</misses>
				<total>14</total>
				<timestamp>5716.118351</timestamp>
			</report>
			<report>
				<misses>15895001</misses>
				<total>14</total>
				<timestamp>5716.478014</timestamp>
			</report>
			<report>
				<misses>15896001</misses>
				<total>14</total>
				<timestamp>5716.837614</timestamp>
			</report>
			<report>
				<misses>15897001</misses>
				<total>14</total>
				<timestamp>5717.197334</timestamp>
			</report>
			<report>
				<misses>15898001</misses>
				<total>14</total>
				<timestamp>5717.556911</timestamp>
			</report>
			<report>
				<misses>15899001</misses>
				<total>14</total>
				<timestamp>5717.916607</timestamp>
			</report>
			<report>
				<misses>15900001</misses>
				<total>14</total>
				<timestamp>5718.276275</timestamp>
			</report>
			<report>
				<misses>15901001</misses>
				<total>14</total>
				<timestamp>5718.635842</timestamp>
			</report>
			<report>
				<misses>15902001</misses>
				<total>14</total>
				<timestamp>5718.995447</timestamp>
			</report>
			<report>
				<misses>15903001</misses>
				<total>14</total>
				<timestamp>5719.355101</timestamp>
			</report>
			<report>
				<misses>15904001</misses>
				<total>14</total>
				<timestamp>5719.714746</timestamp>
			</report>
			<report>
				<misses>15905001</misses>
				<total>14</total>
				<timestamp>5720.074450</timestamp>
			</report>
			<report>
				<misses>15906001</misses>
				<total>14</total>
				<timestamp>5720.434015</timestamp>
			</report>
			<report>
				<misses>15907001</misses>
				<total>14</total>
				<timestamp>5720.793649</timestamp>
			</report>
			<report>
				<misses>15908001</misses>
				<total>14</total>
				<timestamp>5721.153319</timestamp>
			</report>
			<report>
				<misses>15909001</misses>
				<total>14</total>
				<timestamp>5721.512987</timestamp>
			</report>
			<report>
				<misses>15910001</misses>
				<total>14</total>
				<timestamp>5721.872574</timestamp>
			</report>
			<report>
				<misses>15911001</misses>
				<total>14</total>
				<timestamp>5722.232295</timestamp>
			</report>
			<report>
				<misses>15912001</misses>
				<total>14</total>
				<timestamp>5722.591854</timestamp>
			</report>
			<report>
				<misses>15913001</misses>
				<total>14</total>
				<timestamp>5722.951495</timestamp>
			</report>
			<report>
				<misses>15914001</misses>
				<total>14</total>
				<timestamp>5723.311166</timestamp>
			</report>
			<report>
				<misses>15915001</misses>
				<total>14</total>
				<timestamp>5723.670777</timestamp>
			</report>
			<report>
				<misses>15916001</misses>
				<total>14</total>
				<timestamp>5724.030425</timestamp>
			</report>
			<report>
				<misses>15917001</misses>
				<total>14</total>
				<timestamp>5724.390100</timestamp>
			</report>
			<report>
				<misses>15918001</misses>
				<total>14</total>
				<timestamp>5724.749701</timestamp>
			</report>
			<report>
				<misses>15919001</misses>
				<total>14</total>
				<timestamp>5725.109452</timestamp>
			</report>
			<report>
				<misses>15920001</misses>
				<total>14</total>
				<timestamp>5725.469017</timestamp>
			</report>
			<report>
				<misses>15921001</misses>
				<total>14</total>
				<timestamp>5725.828621</timestamp>
			</report>
			<report>
				<misses>15922001</misses>
				<total>14</total>
				<timestamp>5726.188280</timestamp>
			</report>
			<report>
				<misses>15923001</misses>
				<total>14</total>
				<timestamp>5726.547906</timestamp>
			</report>
			<report>
				<misses>15924001</misses>
				<total>14</total>
				<timestamp>5726.907559</timestamp>
			</report>
			<report>
				<misses>15925001</misses>
				<total>14</total>
				<timestamp>5727.267214</timestamp>
			</report>
			<report>
				<misses>15926001</misses>
				<total>14</total>
				<timestamp>5727.626806</timestamp>
			</report>
			<report>
				<misses>15927001</misses>
				<total>14</total>
				<timestamp>5727.986492</timestamp>
			</report>
			<report>
				<misses>15928001</misses>
				<total>14</total>
				<timestamp>5728.346187</timestamp>
			</report>
			<report>
				<misses>15929001</misses>
				<total>14</total>
				<timestamp>5728.705751</timestamp>
			</report>
			<report>
				<misses>15930001</misses>
				<total>14</total>
				<timestamp>5729.065423</timestamp>
			</report>
			<report>
				<misses>15931001</misses>
				<total>14</total>
				<timestamp>5729.425029</timestamp>
			</report>
			<report>
				<misses>15932001</misses>
				<total>14</total>
				<timestamp>5729.784680</timestamp>
			</report>
			<report>
				<misses>15933001</misses>
				<total>14</total>
				<timestamp>5730.144334</timestamp>
			</report>
			<report>
				<misses>15934001</misses>
				<total>14</total>
				<timestamp>5730.504018</timestamp>
			</report>
			<report>
				<misses>15935001</misses>
				<total>14</total>
				<timestamp>5730.863594</timestamp>
			</report>
			<report>
				<misses>15936001</misses>
				<total>14</total>
				<timestamp>5731.223246</timestamp>
			</report>
			<report>
				<misses>15937001</misses>
				<total>14</total>
				<timestamp>5731.582860</timestamp>
			</report>
			<report>
				<misses>15938001</misses>
				<total>14</total>
				<timestamp>5731.942551</timestamp>
			</report>
			<report>
				<misses>15939001</misses>
				<total>14</total>
				<timestamp>5732.302247</timestamp>
			</report>
			<report>
				<misses>15940001</misses>
				<total>14</total>
				<timestamp>5732.661791</timestamp>
			</report>
			<report>
				<misses>15941001</misses>
				<total>14</total>
				<timestamp>5733.021416</timestamp>
			</report>
			<report>
				<misses>15942001</misses>
				<total>14</total>
				<timestamp>5733.381072</timestamp>
			</report>
			<report>
				<misses>15943001</misses>
				<total>14</total>
				<timestamp>5733.740753</timestamp>
			</report>
			<report>
				<misses>15944001</misses>
				<total>14</total>
				<timestamp>5734.100363</timestamp>
			</report>
			<report>
				<misses>15945001</misses>
				<total>14</total>
				<timestamp>5734.460004</timestamp>
			</report>
			<report>
				<misses>15946001</misses>
				<total>14</total>
				<timestamp>5734.819661</timestamp>
			</report>
			<report>
				<misses>15947001</misses>
				<total>14</total>
				<timestamp>5735.179272</timestamp>
			</report>
			<report>
				<misses>15948001</misses>
				<total>14</total>
				<timestamp>5735.538894</timestamp>
			</report>
			<report>
				<misses>15949001</misses>
				<total>14</total>
				<timestamp>5735.898556</timestamp>
			</report>
			<report>
				<misses>15950001</misses>
				<total>14</total>
				<timestamp>5736.258220</timestamp>
			</report>
			<report>
				<misses>15951001</misses>
				<total>14</total>
				<timestamp>5736.617809</timestamp>
			</report>
			<report>
				<misses>15952001</misses>
				<total>14</total>
				<timestamp>5736.977444</timestamp>
			</report>
			<report>
				<misses>15953001</misses>
				<total>14</total>
				<timestamp>5737.337160</timestamp>
			</report>
			<report>
				<misses>15954001</misses>
				<total>14</total>
				<timestamp>5737.696744</timestamp>
			</report>
			<report>
				<misses>15955001</misses>
				<total>14</total>
				<timestamp>5738.056398</timestamp>
			</report>
			<report>
				<misses>15956001</misses>
				<total>14</total>
				<timestamp>5738.416025</timestamp>
			</report>
			<report>
				<misses>15957001</misses>
				<total>14</total>
				<timestamp>5738.775673</timestamp>
			</report>
			<report>
				<misses>15958001</misses>
				<total>14</total>
				<timestamp>5739.135316</timestamp>
			</report>
			<report>
				<misses>15959001</misses>
				<total>14</total>
				<timestamp>5739.494977</timestamp>
			</report>
			<report>
				<misses>15960001</misses>
				<total>14</total>
				<timestamp>5739.854587</timestamp>
			</report>
			<report>
				<misses>15961001</misses>
				<total>14</total>
				<timestamp>5740.214256</timestamp>
			</report>
			<report>
				<misses>15962001</misses>
				<total>14</total>
				<timestamp>5740.574015</timestamp>
			</report>
			<report>
				<misses>15963001</misses>
				<total>14</total>
				<timestamp>5740.933569</timestamp>
			</report>
			<report>
				<misses>15964001</misses>
				<total>14</total>
				<timestamp>5741.293223</timestamp>
			</report>
			<report>
				<misses>15965001</misses>
				<total>14</total>
				<timestamp>5741.652778</timestamp>
			</report>
			<report>
				<misses>15966001</misses>
				<total>14</total>
				<timestamp>5742.012460</timestamp>
			</report>
			<report>
				<misses>15967001</misses>
				<total>14</total>
				<timestamp>5742.372060</timestamp>
			</report>
			<report>
				<misses>15968001</misses>
				<total>14</total>
				<timestamp>5742.731727</timestamp>
			</report>
			<report>
				<misses>15969001</misses>
				<total>14</total>
				<timestamp>5743.091336</timestamp>
			</report>
			<report>
				<misses>15970001</misses>
				<total>14</total>
				<timestamp>5743.451091</timestamp>
			</report>
			<report>
				<misses>15971001</misses>
				<total>14</total>
				<timestamp>5743.810700</timestamp>
			</report>
			<report>
				<misses>15972001</misses>
				<total>14</total>
				<timestamp>5744.170262</timestamp>
			</report>
			<report>
				<misses>15973001</misses>
				<total>14</total>
				<timestamp>5744.529952</timestamp>
			</report>
			<report>
				<misses>15974001</misses>
				<total>14</total>
				<timestamp>5744.889521</timestamp>
			</report>
			<report>
				<misses>15975001</misses>
				<total>14</total>
				<timestamp>5745.249229</timestamp>
			</report>
			<report>
				<misses>15976001</misses>
				<total>14</total>
				<timestamp>5745.608894</timestamp>
			</report>
			<report>
				<misses>15977001</misses>
				<total>14</total>
				<timestamp>5745.968460</timestamp>
			</report>
			<report>
				<misses>15978001</misses>
				<total>14</total>
				<timestamp>5746.328145</timestamp>
			</report>
			<report>
				<misses>15979001</misses>
				<total>14</total>
				<timestamp>5746.687795</timestamp>
			</report>
			<report>
				<misses>15980001</misses>
				<total>14</total>
				<timestamp>5747.047452</timestamp>
			</report>
			<report>
				<misses>15981001</misses>
				<total>14</total>
				<timestamp>5747.407087</timestamp>
			</report>
			<report>
				<misses>15982001</misses>
				<total>14</total>
				<timestamp>5747.766646</timestamp>
			</report>
			<report>
				<misses>15983001</misses>
				<total>14</total>
				<timestamp>5748.126331</timestamp>
			</report>
			<report>
				<misses>15984001</misses>
				<total>14</total>
				<timestamp>5748.485950</timestamp>
			</report>
			<report>
				<misses>15985001</misses>
				<total>14</total>
				<timestamp>5748.845631</timestamp>
			</report>
			<report>
				<misses>15986001</misses>
				<total>14</total>
				<timestamp>5749.205232</timestamp>
			</report>
			<report>
				<misses>15987001</misses>
				<total>14</total>
				<timestamp>5749.564850</timestamp>
			</report>
			<report>
				<misses>15988001</misses>
				<total>14</total>
				<timestamp>5749.924502</timestamp>
			</report>
			<report>
				<misses>15989001</misses>
				<total>14</total>
				<timestamp>5750.284145</timestamp>
			</report>
			<report>
				<misses>15990001</misses>
				<total>14</total>
				<timestamp>5750.643789</timestamp>
			</report>
			<report>
				<misses>15991001</misses>
				<total>14</total>
				<timestamp>5751.003453</timestamp>
			</report>
			<report>
				<misses>15992001</misses>
				<total>14</total>
				<timestamp>5751.363080</timestamp>
			</report>
			<report>
				<misses>15993001</misses>
				<total>14</total>
				<timestamp>5751.722745</timestamp>
			</report>
			<report>
				<misses>15994001</misses>
				<total>14</total>
				<timestamp>5752.082342</timestamp>
			</report>
			<report>
				<misses>15995001</misses>
				<total>14</total>
				<timestamp>5752.442015</timestamp>
			</report>
			<report>
				<misses>15996001</misses>
				<total>14</total>
				<timestamp>5752.801670</timestamp>
			</report>
			<report>
				<misses>15997001</misses>
				<total>14</total>
				<timestamp>5753.161335</timestamp>
			</report>
			<report>
				<misses>15998001</misses>
				<total>14</total>
				<timestamp>5753.521031</timestamp>
			</report>
			<report>
				<misses>15999001</misses>
				<total>14</total>
				<timestamp>5753.880562</timestamp>
			</report>
			<report>
				<misses>16000001</misses>
				<total>14</total>
				<timestamp>5754.240258</timestamp>
			</report>
			<report>
				<misses>16001001</misses>
				<total>14</total>
				<timestamp>5754.599958</timestamp>
			</report>
			<report>
				<misses>16002001</misses>
				<total>14</total>
				<timestamp>5754.959513</timestamp>
			</report>
			<report>
				<misses>16003001</misses>
				<total>14</total>
				<timestamp>5755.319115</timestamp>
			</report>
			<report>
				<misses>16004001</misses>
				<total>14</total>
				<timestamp>5755.678750</timestamp>
			</report>
			<report>
				<misses>16005001</misses>
				<total>14</total>
				<timestamp>5756.038414</timestamp>
			</report>
			<report>
				<misses>16006001</misses>
				<total>14</total>
				<timestamp>5756.398106</timestamp>
			</report>
			<report>
				<misses>16007001</misses>
				<total>14</total>
				<timestamp>5756.757703</timestamp>
			</report>
			<report>
				<misses>16008001</misses>
				<total>14</total>
				<timestamp>5757.117310</timestamp>
			</report>
			<report>
				<misses>16009001</misses>
				<total>14</total>
				<timestamp>5757.476996</timestamp>
			</report>
			<report>
				<misses>16010001</misses>
				<total>14</total>
				<timestamp>5757.836599</timestamp>
			</report>
			<report>
				<misses>16011001</misses>
				<total>14</total>
				<timestamp>5758.196298</timestamp>
			</report>
			<report>
				<misses>16012001</misses>
				<total>14</total>
				<timestamp>5758.555853</timestamp>
			</report>
			<report>
				<misses>16013001</misses>
				<total>14</total>
				<timestamp>5758.915538</timestamp>
			</report>
			<report>
				<misses>16014001</misses>
				<total>14</total>
				<timestamp>5759.275173</timestamp>
			</report>
			<report>
				<misses>16015001</misses>
				<total>14</total>
				<timestamp>5759.634795</timestamp>
			</report>
			<report>
				<misses>16016001</misses>
				<total>14</total>
				<timestamp>5759.994449</timestamp>
			</report>
			<report>
				<misses>16017001</misses>
				<total>14</total>
				<timestamp>5760.354084</timestamp>
			</report>
			<report>
				<misses>16018001</misses>
				<total>14</total>
				<timestamp>5760.713695</timestamp>
			</report>
			<report>
				<misses>16019001</misses>
				<total>14</total>
				<timestamp>5761.073352</timestamp>
			</report>
			<report>
				<misses>16020001</misses>
				<total>14</total>
				<timestamp>5761.433024</timestamp>
			</report>
			<report>
				<misses>16021001</misses>
				<total>14</total>
				<timestamp>5761.792674</timestamp>
			</report>
			<report>
				<misses>16022001</misses>
				<total>14</total>
				<timestamp>5762.152271</timestamp>
			</report>
			<report>
				<misses>16023001</misses>
				<total>14</total>
				<timestamp>5762.511944</timestamp>
			</report>
			<report>
				<misses>16024001</misses>
				<total>14</total>
				<timestamp>5762.871554</timestamp>
			</report>
			<report>
				<misses>16025001</misses>
				<total>14</total>
				<timestamp>5763.231179</timestamp>
			</report>
			<report>
				<misses>16026001</misses>
				<total>14</total>
				<timestamp>5763.590825</timestamp>
			</report>
			<report>
				<misses>16027001</misses>
				<total>14</total>
				<timestamp>5763.950451</timestamp>
			</report>
			<report>
				<misses>16028001</misses>
				<total>14</total>
				<timestamp>5764.310164</timestamp>
			</report>
			<report>
				<misses>16029001</misses>
				<total>14</total>
				<timestamp>5764.669784</timestamp>
			</report>
			<report>
				<misses>16030001</misses>
				<total>14</total>
				<timestamp>5765.029383</timestamp>
			</report>
			<report>
				<misses>16031001</misses>
				<total>14</total>
				<timestamp>5765.389036</timestamp>
			</report>
			<report>
				<misses>16032001</misses>
				<total>14</total>
				<timestamp>5765.748658</timestamp>
			</report>
			<report>
				<misses>16033001</misses>
				<total>14</total>
				<timestamp>5766.108346</timestamp>
			</report>
			<report>
				<misses>16034001</misses>
				<total>14</total>
				<timestamp>5766.467963</timestamp>
			</report>
			<report>
				<misses>16035001</misses>
				<total>14</total>
				<timestamp>5766.827575</timestamp>
			</report>
			<report>
				<misses>16036001</misses>
				<total>14</total>
				<timestamp>5767.187249</timestamp>
			</report>
			<report>
				<misses>16037001</misses>
				<total>14</total>
				<timestamp>5767.546902</timestamp>
			</report>
			<report>
				<misses>16038001</misses>
				<total>14</total>
				<timestamp>5767.906523</timestamp>
			</report>
			<report>
				<misses>16039001</misses>
				<total>14</total>
				<timestamp>5768.266220</timestamp>
			</report>
			<report>
				<misses>16040001</misses>
				<total>14</total>
				<timestamp>5768.625840</timestamp>
			</report>
			<report>
				<misses>16041001</misses>
				<total>14</total>
				<timestamp>5768.985478</timestamp>
			</report>
			<report>
				<misses>16042001</misses>
				<total>14</total>
				<timestamp>5769.345093</timestamp>
			</report>
			<report>
				<misses>16043001</misses>
				<total>14</total>
				<timestamp>5769.704698</timestamp>
			</report>
			<report>
				<misses>16044001</misses>
				<total>14</total>
				<timestamp>5770.064366</timestamp>
			</report>
			<report>
				<misses>16045001</misses>
				<total>14</total>
				<timestamp>5770.424069</timestamp>
			</report>
			<report>
				<misses>16046001</misses>
				<total>14</total>
				<timestamp>5770.783614</timestamp>
			</report>
			<report>
				<misses>16047001</misses>
				<total>14</total>
				<timestamp>5771.143290</timestamp>
			</report>
			<report>
				<misses>16048001</misses>
				<total>14</total>
				<timestamp>5771.502969</timestamp>
			</report>
			<report>
				<misses>16049001</misses>
				<total>14</total>
				<timestamp>5771.862522</timestamp>
			</report>
			<report>
				<misses>16050001</misses>
				<total>14</total>
				<timestamp>5772.222209</timestamp>
			</report>
			<report>
				<misses>16051001</misses>
				<total>14</total>
				<timestamp>5772.581895</timestamp>
			</report>
			<report>
				<misses>16052001</misses>
				<total>14</total>
				<timestamp>5772.941510</timestamp>
			</report>
			<report>
				<misses>16053001</misses>
				<total>14</total>
				<timestamp>5773.301140</timestamp>
			</report>
			<report>
				<misses>16054001</misses>
				<total>14</total>
				<timestamp>5773.660783</timestamp>
			</report>
			<report>
				<misses>16055001</misses>
				<total>14</total>
				<timestamp>5774.020419</timestamp>
			</report>
			<report>
				<misses>16056001</misses>
				<total>14</total>
				<timestamp>5774.380086</timestamp>
			</report>
			<report>
				<misses>16057001</misses>
				<total>14</total>
				<timestamp>5774.739679</timestamp>
			</report>
			<report>
				<misses>16058001</misses>
				<total>14</total>
				<timestamp>5775.099294</timestamp>
			</report>
			<report>
				<misses>16059001</misses>
				<total>14</total>
				<timestamp>5775.459020</timestamp>
			</report>
			<report>
				<misses>16060001</misses>
				<total>14</total>
				<timestamp>5775.818585</timestamp>
			</report>
			<report>
				<misses>16061001</misses>
				<total>14</total>
				<timestamp>5776.178242</timestamp>
			</report>
			<report>
				<misses>16062001</misses>
				<total>14</total>
				<timestamp>5776.537899</timestamp>
			</report>
			<report>
				<misses>16063001</misses>
				<total>14</total>
				<timestamp>5776.897527</timestamp>
			</report>
			<report>
				<misses>16064001</misses>
				<total>14</total>
				<timestamp>5777.257152</timestamp>
			</report>
			<report>
				<misses>16065001</misses>
				<total>14</total>
				<timestamp>5777.616775</timestamp>
			</report>
			<report>
				<misses>16066001</misses>
				<total>14</total>
				<timestamp>5777.976449</timestamp>
			</report>
			<report>
				<misses>16067001</misses>
				<total>14</total>
				<timestamp>5778.336068</timestamp>
			</report>
			<report>
				<misses>16068001</misses>
				<total>14</total>
				<timestamp>5778.695703</timestamp>
			</report>
			<report>
				<misses>16069001</misses>
				<total>14</total>
				<timestamp>5779.055371</timestamp>
			</report>
			<report>
				<misses>16070001</misses>
				<total>14</total>
				<timestamp>5779.415011</timestamp>
			</report>
			<report>
				<misses>16071001</misses>
				<total>14</total>
				<timestamp>5779.774611</timestamp>
			</report>
			<report>
				<misses>16072001</misses>
				<total>14</total>
				<timestamp>5780.134255</timestamp>
			</report>
			<report>
				<misses>16073001</misses>
				<total>14</total>
				<timestamp>5780.493930</timestamp>
			</report>
			<report>
				<misses>16074001</misses>
				<total>14</total>
				<timestamp>5780.853647</timestamp>
			</report>
			<report>
				<misses>16075001</misses>
				<total>14</total>
				<timestamp>5781.213165</timestamp>
			</report>
			<report>
				<misses>16076001</misses>
				<total>14</total>
				<timestamp>5781.572874</timestamp>
			</report>
			<report>
				<misses>16077001</misses>
				<total>14</total>
				<timestamp>5781.932544</timestamp>
			</report>
			<report>
				<misses>16078001</misses>
				<total>14</total>
				<timestamp>5782.292123</timestamp>
			</report>
			<report>
				<misses>16079001</misses>
				<total>14</total>
				<timestamp>5782.651795</timestamp>
			</report>
			<report>
				<misses>16080001</misses>
				<total>14</total>
				<timestamp>5783.011374</timestamp>
			</report>
			<report>
				<misses>16081001</misses>
				<total>14</total>
				<timestamp>5783.371113</timestamp>
			</report>
			<report>
				<misses>16082001</misses>
				<total>14</total>
				<timestamp>5783.730691</timestamp>
			</report>
			<report>
				<misses>16083001</misses>
				<total>14</total>
				<timestamp>5784.090295</timestamp>
			</report>
			<report>
				<misses>16084001</misses>
				<total>14</total>
				<timestamp>5784.449966</timestamp>
			</report>
			<report>
				<misses>16085001</misses>
				<total>14</total>
				<timestamp>5784.809605</timestamp>
			</report>
			<report>
				<misses>16086001</misses>
				<total>14</total>
				<timestamp>5785.169260</timestamp>
			</report>
			<report>
				<misses>16087001</misses>
				<total>14</total>
				<timestamp>5785.528886</timestamp>
			</report>
			<report>
				<misses>16088001</misses>
				<total>14</total>
				<timestamp>5785.888521</timestamp>
			</report>
			<report>
				<misses>16089001</misses>
				<total>14</total>
				<timestamp>5786.248188</timestamp>
			</report>
			<report>
				<misses>16090001</misses>
				<total>14</total>
				<timestamp>5786.607865</timestamp>
			</report>
			<report>
				<misses>16091001</misses>
				<total>14</total>
				<timestamp>5786.967479</timestamp>
			</report>
			<report>
				<misses>16092001</misses>
				<total>14</total>
				<timestamp>5787.327119</timestamp>
			</report>
			<report>
				<misses>16093001</misses>
				<total>14</total>
				<timestamp>5787.686741</timestamp>
			</report>
			<report>
				<misses>16094001</misses>
				<total>14</total>
				<timestamp>5788.046323</timestamp>
			</report>
			<report>
				<misses>16095001</misses>
				<total>14</total>
				<timestamp>5788.406005</timestamp>
			</report>
			<report>
				<misses>16096001</misses>
				<total>14</total>
				<timestamp>5788.765659</timestamp>
			</report>
			<report>
				<misses>16097001</misses>
				<total>14</total>
				<timestamp>5789.125259</timestamp>
			</report>
			<report>
				<misses>16098001</misses>
				<total>14</total>
				<timestamp>5789.485001</timestamp>
			</report>
			<report>
				<misses>16099001</misses>
				<total>14</total>
				<timestamp>5789.844563</timestamp>
			</report>
			<report>
				<misses>16100001</misses>
				<total>14</total>
				<timestamp>5790.204182</timestamp>
			</report>
			<report>
				<misses>16101001</misses>
				<total>14</total>
				<timestamp>5790.563896</timestamp>
			</report>
			<report>
				<misses>16102001</misses>
				<total>14</total>
				<timestamp>5790.923513</timestamp>
			</report>
			<report>
				<misses>16103001</misses>
				<total>14</total>
				<timestamp>5791.283116</timestamp>
			</report>
			<report>
				<misses>16104001</misses>
				<total>14</total>
				<timestamp>5791.642801</timestamp>
			</report>
			<report>
				<misses>16105001</misses>
				<total>14</total>
				<timestamp>5792.002373</timestamp>
			</report>
			<report>
				<misses>16106001</misses>
				<total>14</total>
				<timestamp>5792.362040</timestamp>
			</report>
			<report>
				<misses>16107001</misses>
				<total>14</total>
				<timestamp>5792.721685</timestamp>
			</report>
			<report>
				<misses>16108001</misses>
				<total>14</total>
				<timestamp>5793.081307</timestamp>
			</report>
			<report>
				<misses>16109001</misses>
				<total>14</total>
				<timestamp>5793.441031</timestamp>
			</report>
			<report>
				<misses>16110001</misses>
				<total>14</total>
				<timestamp>5793.800616</timestamp>
			</report>
			<report>
				<misses>16111001</misses>
				<total>14</total>
				<timestamp>5794.160312</timestamp>
			</report>
			<report>
				<misses>16112001</misses>
				<total>14</total>
				<timestamp>5794.519884</timestamp>
			</report>
			<report>
				<misses>16113001</misses>
				<total>14</total>
				<timestamp>5794.879552</timestamp>
			</report>
			<report>
				<misses>16114001</misses>
				<total>14</total>
				<timestamp>5795.239204</timestamp>
			</report>
			<report>
				<misses>16115001</misses>
				<total>14</total>
				<timestamp>5795.598817</timestamp>
			</report>
			<report>
				<misses>16116001</misses>
				<total>14</total>
				<timestamp>5795.958413</timestamp>
			</report>
			<report>
				<misses>16117001</misses>
				<total>14</total>
				<timestamp>5796.318129</timestamp>
			</report>
			<report>
				<misses>16118001</misses>
				<total>14</total>
				<timestamp>5796.677803</timestamp>
			</report>
			<report>
				<misses>16119001</misses>
				<total>14</total>
				<timestamp>5797.037325</timestamp>
			</report>
			<report>
				<misses>16120001</misses>
				<total>14</total>
				<timestamp>5797.397045</timestamp>
			</report>
			<report>
				<misses>16121001</misses>
				<total>14</total>
				<timestamp>5797.756614</timestamp>
			</report>
			<report>
				<misses>16122001</misses>
				<total>14</total>
				<timestamp>5798.116278</timestamp>
			</report>
			<report>
				<misses>16123001</misses>
				<total>14</total>
				<timestamp>5798.475961</timestamp>
			</report>
			<report>
				<misses>16124001</misses>
				<total>14</total>
				<timestamp>5798.835604</timestamp>
			</report>
			<report>
				<misses>16125001</misses>
				<total>14</total>
				<timestamp>5799.195197</timestamp>
			</report>
			<report>
				<misses>16126001</misses>
				<total>14</total>
				<timestamp>5799.554880</timestamp>
			</report>
			<report>
				<misses>16127001</misses>
				<total>14</total>
				<timestamp>5799.914497</timestamp>
			</report>
			<report>
				<misses>16128001</misses>
				<total>14</total>
				<timestamp>5800.274093</timestamp>
			</report>
			<report>
				<misses>16129001</misses>
				<total>14</total>
				<timestamp>5800.633813</timestamp>
			</report>
			<report>
				<misses>16130001</misses>
				<total>14</total>
				<timestamp>5800.993436</timestamp>
			</report>
			<report>
				<misses>16131001</misses>
				<total>14</total>
				<timestamp>5801.353059</timestamp>
			</report>
			<report>
				<misses>16132001</misses>
				<total>14</total>
				<timestamp>5801.712695</timestamp>
			</report>
			<report>
				<misses>16133001</misses>
				<total>14</total>
				<timestamp>5802.072290</timestamp>
			</report>
			<report>
				<misses>16134001</misses>
				<total>14</total>
				<timestamp>5802.431980</timestamp>
			</report>
			<report>
				<misses>16135001</misses>
				<total>14</total>
				<timestamp>5802.791632</timestamp>
			</report>
			<report>
				<misses>16136001</misses>
				<total>14</total>
				<timestamp>5803.151241</timestamp>
			</report>
			<report>
				<misses>16137001</misses>
				<total>14</total>
				<timestamp>5803.510893</timestamp>
			</report>
			<report>
				<misses>16138001</misses>
				<total>14</total>
				<timestamp>5803.870506</timestamp>
			</report>
			<report>
				<misses>16139001</misses>
				<total>14</total>
				<timestamp>5804.230157</timestamp>
			</report>
			<report>
				<misses>16140001</misses>
				<total>14</total>
				<timestamp>5804.589763</timestamp>
			</report>
			<report>
				<misses>16141001</misses>
				<total>14</total>
				<timestamp>5804.949448</timestamp>
			</report>
			<report>
				<misses>16142001</misses>
				<total>14</total>
				<timestamp>5805.309106</timestamp>
			</report>
			<report>
				<misses>16143001</misses>
				<total>14</total>
				<timestamp>5805.668749</timestamp>
			</report>
			<report>
				<misses>16144001</misses>
				<total>14</total>
				<timestamp>5806.028357</timestamp>
			</report>
			<report>
				<misses>16145001</misses>
				<total>14</total>
				<timestamp>5806.387995</timestamp>
			</report>
			<report>
				<misses>16146001</misses>
				<total>14</total>
				<timestamp>5806.747643</timestamp>
			</report>
			<report>
				<misses>16147001</misses>
				<total>14</total>
				<timestamp>5807.107261</timestamp>
			</report>
			<report>
				<misses>16148001</misses>
				<total>14</total>
				<timestamp>5807.466899</timestamp>
			</report>
			<report>
				<misses>16149001</misses>
				<total>14</total>
				<timestamp>5807.826541</timestamp>
			</report>
			<report>
				<misses>16150001</misses>
				<total>14</total>
				<timestamp>5808.186184</timestamp>
			</report>
			<report>
				<misses>16151001</misses>
				<total>14</total>
				<timestamp>5808.545901</timestamp>
			</report>
			<report>
				<misses>16152001</misses>
				<total>14</total>
				<timestamp>5808.905573</timestamp>
			</report>
			<report>
				<misses>16153001</misses>
				<total>14</total>
				<timestamp>5809.265112</timestamp>
			</report>
			<report>
				<misses>16154001</misses>
				<total>14</total>
				<timestamp>5809.624840</timestamp>
			</report>
			<report>
				<misses>16155001</misses>
				<total>14</total>
				<timestamp>5809.984376</timestamp>
			</report>
			<report>
				<misses>16156001</misses>
				<total>14</total>
				<timestamp>5810.344123</timestamp>
			</report>
			<report>
				<misses>16157001</misses>
				<total>14</total>
				<timestamp>5810.703695</timestamp>
			</report>
			<report>
				<misses>16158001</misses>
				<total>14</total>
				<timestamp>5811.063295</timestamp>
			</report>
			<report>
				<misses>16159001</misses>
				<total>14</total>
				<timestamp>5811.422957</timestamp>
			</report>
			<report>
				<misses>16160001</misses>
				<total>14</total>
				<timestamp>5811.782638</timestamp>
			</report>
			<report>
				<misses>16161001</misses>
				<total>14</total>
				<timestamp>5812.142255</timestamp>
			</report>
			<report>
				<misses>16162001</misses>
				<total>14</total>
				<timestamp>5812.501853</timestamp>
			</report>
			<report>
				<misses>16163001</misses>
				<total>14</total>
				<timestamp>5812.861594</timestamp>
			</report>
			<report>
				<misses>16164001</misses>
				<total>14</total>
				<timestamp>5813.221174</timestamp>
			</report>
			<report>
				<misses>16165001</misses>
				<total>14</total>
				<timestamp>5813.580787</timestamp>
			</report>
			<report>
				<misses>16166001</misses>
				<total>14</total>
				<timestamp>5813.940456</timestamp>
			</report>
			<report>
				<misses>16167001</misses>
				<total>14</total>
				<timestamp>5814.300063</timestamp>
			</report>
			<report>
				<misses>16168001</misses>
				<total>14</total>
				<timestamp>5814.659730</timestamp>
			</report>
			<report>
				<misses>16169001</misses>
				<total>14</total>
				<timestamp>5815.019400</timestamp>
			</report>
			<report>
				<misses>16170001</misses>
				<total>14</total>
				<timestamp>5815.379030</timestamp>
			</report>
			<report>
				<misses>16171001</misses>
				<total>14</total>
				<timestamp>5815.738682</timestamp>
			</report>
			<report>
				<misses>16172001</misses>
				<total>14</total>
				<timestamp>5816.098256</timestamp>
			</report>
			<report>
				<misses>16173001</misses>
				<total>14</total>
				<timestamp>5816.457930</timestamp>
			</report>
			<report>
				<misses>16174001</misses>
				<total>14</total>
				<timestamp>5816.817537</timestamp>
			</report>
			<report>
				<misses>16175001</misses>
				<total>14</total>
				<timestamp>5817.177188</timestamp>
			</report>
			<report>
				<misses>16176001</misses>
				<total>14</total>
				<timestamp>5817.536890</timestamp>
			</report>
			<report>
				<misses>16177001</misses>
				<total>14</total>
				<timestamp>5817.896455</timestamp>
			</report>
			<report>
				<misses>16178001</misses>
				<total>14</total>
				<timestamp>5818.256111</timestamp>
			</report>
			<report>
				<misses>16179001</misses>
				<total>14</total>
				<timestamp>5818.615764</timestamp>
			</report>
			<report>
				<misses>16180001</misses>
				<total>14</total>
				<timestamp>5818.975379</timestamp>
			</report>
			<report>
				<misses>16181001</misses>
				<total>14</total>
				<timestamp>5819.335139</timestamp>
			</report>
			<report>
				<misses>16182001</misses>
				<total>14</total>
				<timestamp>5819.694759</timestamp>
			</report>
			<report>
				<misses>16183001</misses>
				<total>14</total>
				<timestamp>5820.054285</timestamp>
			</report>
			<report>
				<misses>16184001</misses>
				<total>14</total>
				<timestamp>5820.413948</timestamp>
			</report>
			<report>
				<misses>16185001</misses>
				<total>14</total>
				<timestamp>5820.773618</timestamp>
			</report>
			<report>
				<misses>16186001</misses>
				<total>14</total>
				<timestamp>5821.133212</timestamp>
			</report>
			<report>
				<misses>16187001</misses>
				<total>14</total>
				<timestamp>5821.492871</timestamp>
			</report>
			<report>
				<misses>16188001</misses>
				<total>14</total>
				<timestamp>5821.852552</timestamp>
			</report>
			<report>
				<misses>16189001</misses>
				<total>14</total>
				<timestamp>5822.212183</timestamp>
			</report>
			<report>
				<misses>16190001</misses>
				<total>14</total>
				<timestamp>5822.571808</timestamp>
			</report>
			<report>
				<misses>16191001</misses>
				<total>14</total>
				<timestamp>5822.931478</timestamp>
			</report>
			<report>
				<misses>16192001</misses>
				<total>14</total>
				<timestamp>5823.291092</timestamp>
			</report>
			<report>
				<misses>16193001</misses>
				<total>14</total>
				<timestamp>5823.650729</timestamp>
			</report>
			<report>
				<misses>16194001</misses>
				<total>14</total>
				<timestamp>5824.010372</timestamp>
			</report>
			<report>
				<misses>16195001</misses>
				<total>14</total>
				<timestamp>5824.369999</timestamp>
			</report>
			<report>
				<misses>16196001</misses>
				<total>14</total>
				<timestamp>5824.729664</timestamp>
			</report>
			<report>
				<misses>16197001</misses>
				<total>14</total>
				<timestamp>5825.089282</timestamp>
			</report>
			<report>
				<misses>16198001</misses>
				<total>14</total>
				<timestamp>5825.448935</timestamp>
			</report>
			<report>
				<misses>16199001</misses>
				<total>14</total>
				<timestamp>5825.808594</timestamp>
			</report>
			<report>
				<misses>16200001</misses>
				<total>14</total>
				<timestamp>5826.168212</timestamp>
			</report>
			<report>
				<misses>16201001</misses>
				<total>14</total>
				<timestamp>5826.527860</timestamp>
			</report>
			<report>
				<misses>16202001</misses>
				<total>14</total>
				<timestamp>5826.887467</timestamp>
			</report>
			<report>
				<misses>16203001</misses>
				<total>14</total>
				<timestamp>5827.247099</timestamp>
			</report>
			<report>
				<misses>16204001</misses>
				<total>14</total>
				<timestamp>5827.606745</timestamp>
			</report>
			<report>
				<misses>16205001</misses>
				<total>14</total>
				<timestamp>5827.966447</timestamp>
			</report>
			<report>
				<misses>16206001</misses>
				<total>14</total>
				<timestamp>5828.326099</timestamp>
			</report>
			<report>
				<misses>16207001</misses>
				<total>14</total>
				<timestamp>5828.685659</timestamp>
			</report>
			<report>
				<misses>16208001</misses>
				<total>14</total>
				<timestamp>5829.045332</timestamp>
			</report>
			<report>
				<misses>16209001</misses>
				<total>14</total>
				<timestamp>5829.404982</timestamp>
			</report>
			<report>
				<misses>16210001</misses>
				<total>14</total>
				<timestamp>5829.764614</timestamp>
			</report>
			<report>
				<misses>16211001</misses>
				<total>14</total>
				<timestamp>5830.124207</timestamp>
			</report>
			<report>
				<misses>16212001</misses>
				<total>14</total>
				<timestamp>5830.483876</timestamp>
			</report>
			<report>
				<misses>16213001</misses>
				<total>14</total>
				<timestamp>5830.843562</timestamp>
			</report>
			<report>
				<misses>16214001</misses>
				<total>14</total>
				<timestamp>5831.203137</timestamp>
			</report>
			<report>
				<misses>16215001</misses>
				<total>14</total>
				<timestamp>5831.562765</timestamp>
			</report>
			<report>
				<misses>16216001</misses>
				<total>14</total>
				<timestamp>5831.922430</timestamp>
			</report>
			<report>
				<misses>16217001</misses>
				<total>14</total>
				<timestamp>5832.282098</timestamp>
			</report>
			<report>
				<misses>16218001</misses>
				<total>14</total>
				<timestamp>5832.641692</timestamp>
			</report>
			<report>
				<misses>16219001</misses>
				<total>14</total>
				<timestamp>5833.001377</timestamp>
			</report>
			<report>
				<misses>16220001</misses>
				<total>14</total>
				<timestamp>5833.361025</timestamp>
			</report>
			<report>
				<misses>16221001</misses>
				<total>14</total>
				<timestamp>5833.720672</timestamp>
			</report>
			<report>
				<misses>16222001</misses>
				<total>14</total>
				<timestamp>5834.080284</timestamp>
			</report>
			<report>
				<misses>16223001</misses>
				<total>14</total>
				<timestamp>5834.439901</timestamp>
			</report>
			<report>
				<misses>16224001</misses>
				<total>14</total>
				<timestamp>5834.799579</timestamp>
			</report>
			<report>
				<misses>16225001</misses>
				<total>14</total>
				<timestamp>5835.159195</timestamp>
			</report>
			<report>
				<misses>16226001</misses>
				<total>14</total>
				<timestamp>5835.518829</timestamp>
			</report>
			<report>
				<misses>16227001</misses>
				<total>14</total>
				<timestamp>5835.878545</timestamp>
			</report>
			<report>
				<misses>16228001</misses>
				<total>14</total>
				<timestamp>5836.238127</timestamp>
			</report>
			<report>
				<misses>16229001</misses>
				<total>14</total>
				<timestamp>5836.597763</timestamp>
			</report>
			<report>
				<misses>16230001</misses>
				<total>14</total>
				<timestamp>5836.957418</timestamp>
			</report>
			<report>
				<misses>16231001</misses>
				<total>14</total>
				<timestamp>5837.317046</timestamp>
			</report>
			<report>
				<misses>16232001</misses>
				<total>14</total>
				<timestamp>5837.676703</timestamp>
			</report>
			<report>
				<misses>16233001</misses>
				<total>14</total>
				<timestamp>5838.036316</timestamp>
			</report>
			<report>
				<misses>16234001</misses>
				<total>14</total>
				<timestamp>5838.395937</timestamp>
			</report>
			<report>
				<misses>16235001</misses>
				<total>14</total>
				<timestamp>5838.755589</timestamp>
			</report>
			<report>
				<misses>16236001</misses>
				<total>14</total>
				<timestamp>5839.115257</timestamp>
			</report>
			<report>
				<misses>16237001</misses>
				<total>14</total>
				<timestamp>5839.474858</timestamp>
			</report>
			<report>
				<misses>16238001</misses>
				<total>14</total>
				<timestamp>5839.834611</timestamp>
			</report>
			<report>
				<misses>16239001</misses>
				<total>14</total>
				<timestamp>5840.194150</timestamp>
			</report>
			<report>
				<misses>16240001</misses>
				<total>14</total>
				<timestamp>5840.553799</timestamp>
			</report>
			<report>
				<misses>16241001</misses>
				<total>14</total>
				<timestamp>5840.913532</timestamp>
			</report>
			<report>
				<misses>16242001</misses>
				<total>14</total>
				<timestamp>5841.273117</timestamp>
			</report>
			<report>
				<misses>16243001</misses>
				<total>14</total>
				<timestamp>5841.632697</timestamp>
			</report>
			<report>
				<misses>16244001</misses>
				<total>14</total>
				<timestamp>5841.992410</timestamp>
			</report>
			<report>
				<misses>16245001</misses>
				<total>14</total>
				<timestamp>5842.352093</timestamp>
			</report>
			<report>
				<misses>16246001</misses>
				<total>14</total>
				<timestamp>5842.711647</timestamp>
			</report>
			<report>
				<misses>16247001</misses>
				<total>14</total>
				<timestamp>5843.071294</timestamp>
			</report>
			<report>
				<misses>16248001</misses>
				<total>14</total>
				<timestamp>5843.430947</timestamp>
			</report>
			<report>
				<misses>16249001</misses>
				<total>14</total>
				<timestamp>5843.790569</timestamp>
			</report>
			<report>
				<misses>16250001</misses>
				<total>14</total>
				<timestamp>5844.150233</timestamp>
			</report>
			<report>
				<misses>16251001</misses>
				<total>14</total>
				<timestamp>5844.509854</timestamp>
			</report>
			<report>
				<misses>16252001</misses>
				<total>14</total>
				<timestamp>5844.869471</timestamp>
			</report>
			<report>
				<misses>16253001</misses>
				<total>14</total>
				<timestamp>5845.229095</timestamp>
			</report>
			<report>
				<misses>16254001</misses>
				<total>14</total>
				<timestamp>5845.588822</timestamp>
			</report>
			<report>
				<misses>16255001</misses>
				<total>14</total>
				<timestamp>5845.948397</timestamp>
			</report>
			<report>
				<misses>16256001</misses>
				<total>14</total>
				<timestamp>5846.308017</timestamp>
			</report>
			<report>
				<misses>16257001</misses>
				<total>14</total>
				<timestamp>5846.667688</timestamp>
			</report>
			<report>
				<misses>16258001</misses>
				<total>14</total>
				<timestamp>5847.027341</timestamp>
			</report>
			<report>
				<misses>16259001</misses>
				<total>14</total>
				<timestamp>5847.386943</timestamp>
			</report>
			<report>
				<misses>16260001</misses>
				<total>14</total>
				<timestamp>5847.746629</timestamp>
			</report>
			<report>
				<misses>16261001</misses>
				<total>14</total>
				<timestamp>5848.106204</timestamp>
			</report>
			<report>
				<misses>16262001</misses>
				<total>14</total>
				<timestamp>5848.465870</timestamp>
			</report>
			<report>
				<misses>16263001</misses>
				<total>14</total>
				<timestamp>5848.825609</timestamp>
			</report>
			<report>
				<misses>16264001</misses>
				<total>14</total>
				<timestamp>5849.185169</timestamp>
			</report>
			<report>
				<misses>16265001</misses>
				<total>14</total>
				<timestamp>5849.544852</timestamp>
			</report>
			<report>
				<misses>16266001</misses>
				<total>14</total>
				<timestamp>5849.904475</timestamp>
			</report>
			<report>
				<misses>16267001</misses>
				<total>14</total>
				<timestamp>5850.264047</timestamp>
			</report>
			<report>
				<misses>16268001</misses>
				<total>14</total>
				<timestamp>5850.623762</timestamp>
			</report>
			<report>
				<misses>16269001</misses>
				<total>14</total>
				<timestamp>5850.983459</timestamp>
			</report>
			<report>
				<misses>16270001</misses>
				<total>14</total>
				<timestamp>5851.343001</timestamp>
			</report>
			<report>
				<misses>16271001</misses>
				<total>14</total>
				<timestamp>5851.702676</timestamp>
			</report>
			<report>
				<misses>16272001</misses>
				<total>14</total>
				<timestamp>5852.062292</timestamp>
			</report>
			<report>
				<misses>16273001</misses>
				<total>14</total>
				<timestamp>5852.421943</timestamp>
			</report>
			<report>
				<misses>16274001</misses>
				<total>14</total>
				<timestamp>5852.781677</timestamp>
			</report>
			<report>
				<misses>16275001</misses>
				<total>14</total>
				<timestamp>5853.141209</timestamp>
			</report>
			<report>
				<misses>16276001</misses>
				<total>14</total>
				<timestamp>5853.500841</timestamp>
			</report>
			<report>
				<misses>16277001</misses>
				<total>14</total>
				<timestamp>5853.860492</timestamp>
			</report>
			<report>
				<misses>16278001</misses>
				<total>14</total>
				<timestamp>5854.220131</timestamp>
			</report>
			<report>
				<misses>16279001</misses>
				<total>14</total>
				<timestamp>5854.579747</timestamp>
			</report>
			<report>
				<misses>16280001</misses>
				<total>14</total>
				<timestamp>5854.939454</timestamp>
			</report>
			<report>
				<misses>16281001</misses>
				<total>14</total>
				<timestamp>5855.299021</timestamp>
			</report>
			<report>
				<misses>16282001</misses>
				<total>14</total>
				<timestamp>5855.658701</timestamp>
			</report>
			<report>
				<misses>16283001</misses>
				<total>14</total>
				<timestamp>5856.018315</timestamp>
			</report>
			<report>
				<misses>16284001</misses>
				<total>14</total>
				<timestamp>5856.377956</timestamp>
			</report>
			<report>
				<misses>16285001</misses>
				<total>14</total>
				<timestamp>5856.737616</timestamp>
			</report>
			<report>
				<misses>16286001</misses>
				<total>14</total>
				<timestamp>5857.097221</timestamp>
			</report>
			<report>
				<misses>16287001</misses>
				<total>14</total>
				<timestamp>5857.456873</timestamp>
			</report>
			<report>
				<misses>16288001</misses>
				<total>14</total>
				<timestamp>5857.816527</timestamp>
			</report>
			<report>
				<misses>16289001</misses>
				<total>14</total>
				<timestamp>5858.176148</timestamp>
			</report>
			<report>
				<misses>16290001</misses>
				<total>14</total>
				<timestamp>5858.535864</timestamp>
			</report>
			<report>
				<misses>16291001</misses>
				<total>14</total>
				<timestamp>5858.895433</timestamp>
			</report>
			<report>
				<misses>16292001</misses>
				<total>14</total>
				<timestamp>5859.255062</timestamp>
			</report>
			<report>
				<misses>16293001</misses>
				<total>14</total>
				<timestamp>5859.614771</timestamp>
			</report>
			<report>
				<misses>16294001</misses>
				<total>14</total>
				<timestamp>5859.974385</timestamp>
			</report>
			<report>
				<misses>16295001</misses>
				<total>14</total>
				<timestamp>5860.334040</timestamp>
			</report>
			<report>
				<misses>16296001</misses>
				<total>14</total>
				<timestamp>5860.693728</timestamp>
			</report>
			<report>
				<misses>16297001</misses>
				<total>14</total>
				<timestamp>5861.053314</timestamp>
			</report>
			<report>
				<misses>16298001</misses>
				<total>14</total>
				<timestamp>5861.413016</timestamp>
			</report>
			<report>
				<misses>16299001</misses>
				<total>14</total>
				<timestamp>5861.772628</timestamp>
			</report>
			<report>
				<misses>16300001</misses>
				<total>14</total>
				<timestamp>5862.132253</timestamp>
			</report>
			<report>
				<misses>16301001</misses>
				<total>14</total>
				<timestamp>5862.491877</timestamp>
			</report>
			<report>
				<misses>16302001</misses>
				<total>14</total>
				<timestamp>5862.851494</timestamp>
			</report>
			<report>
				<misses>16303001</misses>
				<total>14</total>
				<timestamp>5863.211112</timestamp>
			</report>
			<report>
				<misses>16304001</misses>
				<total>14</total>
				<timestamp>5863.570771</timestamp>
			</report>
			<report>
				<misses>16305001</misses>
				<total>14</total>
				<timestamp>5863.930464</timestamp>
			</report>
			<report>
				<misses>16306001</misses>
				<total>14</total>
				<timestamp>5864.290048</timestamp>
			</report>
			<report>
				<misses>16307001</misses>
				<total>14</total>
				<timestamp>5864.649758</timestamp>
			</report>
			<report>
				<misses>16308001</misses>
				<total>14</total>
				<timestamp>5865.009355</timestamp>
			</report>
			<report>
				<misses>16309001</misses>
				<total>14</total>
				<timestamp>5865.368989</timestamp>
			</report>
			<report>
				<misses>16310001</misses>
				<total>14</total>
				<timestamp>5865.728602</timestamp>
			</report>
			<report>
				<misses>16311001</misses>
				<total>14</total>
				<timestamp>5866.088221</timestamp>
			</report>
			<report>
				<misses>16312001</misses>
				<total>14</total>
				<timestamp>5866.447905</timestamp>
			</report>
			<report>
				<misses>16313001</misses>
				<total>14</total>
				<timestamp>5866.807544</timestamp>
			</report>
			<report>
				<misses>16314001</misses>
				<total>14</total>
				<timestamp>5867.167170</timestamp>
			</report>
			<report>
				<misses>16315001</misses>
				<total>14</total>
				<timestamp>5867.526772</timestamp>
			</report>
			<report>
				<misses>16316001</misses>
				<total>14</total>
				<timestamp>5867.886424</timestamp>
			</report>
			<report>
				<misses>16317001</misses>
				<total>14</total>
				<timestamp>5868.246124</timestamp>
			</report>
			<report>
				<misses>16318001</misses>
				<total>14</total>
				<timestamp>5868.605705</timestamp>
			</report>
			<report>
				<misses>16319001</misses>
				<total>14</total>
				<timestamp>5868.965347</timestamp>
			</report>
			<report>
				<misses>16320001</misses>
				<total>14</total>
				<timestamp>5869.325000</timestamp>
			</report>
			<report>
				<misses>16321001</misses>
				<total>14</total>
				<timestamp>5869.684626</timestamp>
			</report>
			<report>
				<misses>16322001</misses>
				<total>14</total>
				<timestamp>5870.044374</timestamp>
			</report>
			<report>
				<misses>16323001</misses>
				<total>14</total>
				<timestamp>5870.403897</timestamp>
			</report>
			<report>
				<misses>16324001</misses>
				<total>14</total>
				<timestamp>5870.763544</timestamp>
			</report>
			<report>
				<misses>16325001</misses>
				<total>14</total>
				<timestamp>5871.123186</timestamp>
			</report>
			<report>
				<misses>16326001</misses>
				<total>14</total>
				<timestamp>5871.482824</timestamp>
			</report>
			<report>
				<misses>16327001</misses>
				<total>14</total>
				<timestamp>5871.842500</timestamp>
			</report>
			<report>
				<misses>16328001</misses>
				<total>14</total>
				<timestamp>5872.202139</timestamp>
			</report>
			<report>
				<misses>16329001</misses>
				<total>14</total>
				<timestamp>5872.561798</timestamp>
			</report>
			<report>
				<misses>16330001</misses>
				<total>14</total>
				<timestamp>5872.921477</timestamp>
			</report>
			<report>
				<misses>16331001</misses>
				<total>14</total>
				<timestamp>5873.281065</timestamp>
			</report>
			<report>
				<misses>16332001</misses>
				<total>14</total>
				<timestamp>5873.640686</timestamp>
			</report>
			<report>
				<misses>16333001</misses>
				<total>14</total>
				<timestamp>5874.000374</timestamp>
			</report>
			<report>
				<misses>16334001</misses>
				<total>14</total>
				<timestamp>5874.359943</timestamp>
			</report>
			<report>
				<misses>16335001</misses>
				<total>14</total>
				<timestamp>5874.719568</timestamp>
			</report>
			<report>
				<misses>16336001</misses>
				<total>14</total>
				<timestamp>5875.079248</timestamp>
			</report>
			<report>
				<misses>16337001</misses>
				<total>14</total>
				<timestamp>5875.438861</timestamp>
			</report>
			<report>
				<misses>16338001</misses>
				<total>14</total>
				<timestamp>5875.798537</timestamp>
			</report>
			<report>
				<misses>16339001</misses>
				<total>14</total>
				<timestamp>5876.158140</timestamp>
			</report>
			<report>
				<misses>16340001</misses>
				<total>14</total>
				<timestamp>5876.517793</timestamp>
			</report>
			<report>
				<misses>16341001</misses>
				<total>14</total>
				<timestamp>5876.877434</timestamp>
			</report>
			<report>
				<misses>16342001</misses>
				<total>14</total>
				<timestamp>5877.237050</timestamp>
			</report>
			<report>
				<misses>16343001</misses>
				<total>14</total>
				<timestamp>5877.596697</timestamp>
			</report>
			<report>
				<misses>16344001</misses>
				<total>14</total>
				<timestamp>5877.956412</timestamp>
			</report>
			<report>
				<misses>16345001</misses>
				<total>14</total>
				<timestamp>5878.316059</timestamp>
			</report>
			<report>
				<misses>16346001</misses>
				<total>14</total>
				<timestamp>5878.675630</timestamp>
			</report>
			<report>
				<misses>16347001</misses>
				<total>14</total>
				<timestamp>5879.035352</timestamp>
			</report>
			<report>
				<misses>16348001</misses>
				<total>14</total>
				<timestamp>5879.394985</timestamp>
			</report>
			<report>
				<misses>16349001</misses>
				<total>14</total>
				<timestamp>5879.754564</timestamp>
			</report>
			<report>
				<misses>16350001</misses>
				<total>14</total>
				<timestamp>5880.114170</timestamp>
			</report>
			<report>
				<misses>16351001</misses>
				<total>14</total>
				<timestamp>5880.473834</timestamp>
			</report>
			<report>
				<misses>16352001</misses>
				<total>14</total>
				<timestamp>5880.833526</timestamp>
			</report>
			<report>
				<misses>16353001</misses>
				<total>14</total>
				<timestamp>5881.193107</timestamp>
			</report>
			<report>
				<misses>16354001</misses>
				<total>14</total>
				<timestamp>5881.552785</timestamp>
			</report>
			<report>
				<misses>16355001</misses>
				<total>14</total>
				<timestamp>5881.912448</timestamp>
			</report>
			<report>
				<misses>16356001</misses>
				<total>14</total>
				<timestamp>5882.272028</timestamp>
			</report>
			<report>
				<misses>16357001</misses>
				<total>14</total>
				<timestamp>5882.631702</timestamp>
			</report>
			<report>
				<misses>16358001</misses>
				<total>14</total>
				<timestamp>5882.991343</timestamp>
			</report>
			<report>
				<misses>16359001</misses>
				<total>14</total>
				<timestamp>5883.351020</timestamp>
			</report>
			<report>
				<misses>16360001</misses>
				<total>14</total>
				<timestamp>5883.710636</timestamp>
			</report>
			<report>
				<misses>16361001</misses>
				<total>14</total>
				<timestamp>5884.070276</timestamp>
			</report>
			<report>
				<misses>16362001</misses>
				<total>14</total>
				<timestamp>5884.429880</timestamp>
			</report>
			<report>
				<misses>16363001</misses>
				<total>14</total>
				<timestamp>5884.789488</timestamp>
			</report>
			<report>
				<misses>16364001</misses>
				<total>14</total>
				<timestamp>5885.149190</timestamp>
			</report>
			<report>
				<misses>16365001</misses>
				<total>14</total>
				<timestamp>5885.508830</timestamp>
			</report>
			<report>
				<misses>16366001</misses>
				<total>14</total>
				<timestamp>5885.868405</timestamp>
			</report>
			<report>
				<misses>16367001</misses>
				<total>14</total>
				<timestamp>5886.228106</timestamp>
			</report>
			<report>
				<misses>16368001</misses>
				<total>14</total>
				<timestamp>5886.587703</timestamp>
			</report>
			<report>
				<misses>16369001</misses>
				<total>14</total>
				<timestamp>5886.947368</timestamp>
			</report>
			<report>
				<misses>16370001</misses>
				<total>14</total>
				<timestamp>5887.307021</timestamp>
			</report>
			<report>
				<misses>16371001</misses>
				<total>14</total>
				<timestamp>5887.666614</timestamp>
			</report>
			<report>
				<misses>16372001</misses>
				<total>14</total>
				<timestamp>5888.026278</timestamp>
			</report>
			<report>
				<misses>16373001</misses>
				<total>14</total>
				<timestamp>5888.385951</timestamp>
			</report>
			<report>
				<misses>16374001</misses>
				<total>14</total>
				<timestamp>5888.745543</timestamp>
			</report>
			<report>
				<misses>16375001</misses>
				<total>14</total>
				<timestamp>5889.105184</timestamp>
			</report>
			<report>
				<misses>16376001</misses>
				<total>14</total>
				<timestamp>5889.464879</timestamp>
			</report>
			<report>
				<misses>16377001</misses>
				<total>14</total>
				<timestamp>5889.824446</timestamp>
			</report>
			<report>
				<misses>16378001</misses>
				<total>14</total>
				<timestamp>5890.184173</timestamp>
			</report>
			<report>
				<misses>16379001</misses>
				<total>14</total>
				<timestamp>5890.543779</timestamp>
			</report>
			<report>
				<misses>16380001</misses>
				<total>14</total>
				<timestamp>5890.903407</timestamp>
			</report>
			<report>
				<misses>16381001</misses>
				<total>14</total>
				<timestamp>5891.263104</timestamp>
			</report>
			<report>
				<misses>16382001</misses>
				<total>14</total>
				<timestamp>5891.622729</timestamp>
			</report>
			<report>
				<misses>16383001</misses>
				<total>14</total>
				<timestamp>5891.982343</timestamp>
			</report>
			<report>
				<misses>16384001</misses>
				<total>14</total>
				<timestamp>5892.341932</timestamp>
			</report>
			<report>
				<misses>16385001</misses>
				<total>14</total>
				<timestamp>5892.701626</timestamp>
			</report>
			<report>
				<misses>16386001</misses>
				<total>14</total>
				<timestamp>5893.061312</timestamp>
			</report>
			<report>
				<misses>16387001</misses>
				<total>14</total>
				<timestamp>5893.420896</timestamp>
			</report>
			<report>
				<misses>16388001</misses>
				<total>14</total>
				<timestamp>5893.780499</timestamp>
			</report>
			<report>
				<misses>16389001</misses>
				<total>14</total>
				<timestamp>5894.140211</timestamp>
			</report>
			<report>
				<misses>16390001</misses>
				<total>14</total>
				<timestamp>5894.499799</timestamp>
			</report>
			<report>
				<misses>16391001</misses>
				<total>14</total>
				<timestamp>5894.859505</timestamp>
			</report>
			<report>
				<misses>16392001</misses>
				<total>14</total>
				<timestamp>5895.219107</timestamp>
			</report>
			<report>
				<misses>16393001</misses>
				<total>14</total>
				<timestamp>5895.578819</timestamp>
			</report>
			<report>
				<misses>16394001</misses>
				<total>14</total>
				<timestamp>5895.938354</timestamp>
			</report>
			<report>
				<misses>16395001</misses>
				<total>14</total>
				<timestamp>5896.297978</timestamp>
			</report>
			<report>
				<misses>16396001</misses>
				<total>14</total>
				<timestamp>5896.657630</timestamp>
			</report>
			<report>
				<misses>16397001</misses>
				<total>14</total>
				<timestamp>5897.017319</timestamp>
			</report>
			<report>
				<misses>16398001</misses>
				<total>14</total>
				<timestamp>5897.376959</timestamp>
			</report>
			<report>
				<misses>16399001</misses>
				<total>14</total>
				<timestamp>5897.736584</timestamp>
			</report>
			<report>
				<misses>16400001</misses>
				<total>14</total>
				<timestamp>5898.096201</timestamp>
			</report>
			<report>
				<misses>16401001</misses>
				<total>14</total>
				<timestamp>5898.455842</timestamp>
			</report>
			<report>
				<misses>16402001</misses>
				<total>14</total>
				<timestamp>5898.815452</timestamp>
			</report>
			<report>
				<misses>16403001</misses>
				<total>14</total>
				<timestamp>5899.175224</timestamp>
			</report>
			<report>
				<misses>16404001</misses>
				<total>14</total>
				<timestamp>5899.534820</timestamp>
			</report>
			<report>
				<misses>16405001</misses>
				<total>14</total>
				<timestamp>5899.894405</timestamp>
			</report>
			<report>
				<misses>16406001</misses>
				<total>14</total>
				<timestamp>5900.254032</timestamp>
			</report>
			<report>
				<misses>16407001</misses>
				<total>14</total>
				<timestamp>5900.613721</timestamp>
			</report>
			<report>
				<misses>16408001</misses>
				<total>14</total>
				<timestamp>5900.973403</timestamp>
			</report>
			<report>
				<misses>16409001</misses>
				<total>14</total>
				<timestamp>5901.332959</timestamp>
			</report>
			<report>
				<misses>16410001</misses>
				<total>14</total>
				<timestamp>5901.692589</timestamp>
			</report>
			<report>
				<misses>16411001</misses>
				<total>14</total>
				<timestamp>5902.052262</timestamp>
			</report>
			<report>
				<misses>16412001</misses>
				<total>14</total>
				<timestamp>5902.411970</timestamp>
			</report>
			<report>
				<misses>16413001</misses>
				<total>14</total>
				<timestamp>5902.771506</timestamp>
			</report>
			<report>
				<misses>16414001</misses>
				<total>14</total>
				<timestamp>5903.131212</timestamp>
			</report>
			<report>
				<misses>16415001</misses>
				<total>14</total>
				<timestamp>5903.490769</timestamp>
			</report>
			<report>
				<misses>16416001</misses>
				<total>14</total>
				<timestamp>5903.850430</timestamp>
			</report>
			<report>
				<misses>16417001</misses>
				<total>14</total>
				<timestamp>5904.210126</timestamp>
			</report>
			<report>
				<misses>16418001</misses>
				<total>14</total>
				<timestamp>5904.569716</timestamp>
			</report>
			<report>
				<misses>16419001</misses>
				<total>14</total>
				<timestamp>5904.929357</timestamp>
			</report>
			<report>
				<misses>16420001</misses>
				<total>14</total>
				<timestamp>5905.289010</timestamp>
			</report>
			<report>
				<misses>16421001</misses>
				<total>14</total>
				<timestamp>5905.648632</timestamp>
			</report>
			<report>
				<misses>16422001</misses>
				<total>14</total>
				<timestamp>5906.008292</timestamp>
			</report>
			<report>
				<misses>16423001</misses>
				<total>14</total>
				<timestamp>5906.367906</timestamp>
			</report>
			<report>
				<misses>16424001</misses>
				<total>14</total>
				<timestamp>5906.727575</timestamp>
			</report>
			<report>
				<misses>16425001</misses>
				<total>14</total>
				<timestamp>5907.087240</timestamp>
			</report>
			<report>
				<misses>16426001</misses>
				<total>14</total>
				<timestamp>5907.446813</timestamp>
			</report>
			<report>
				<misses>16427001</misses>
				<total>14</total>
				<timestamp>5907.806455</timestamp>
			</report>
			<report>
				<misses>16428001</misses>
				<total>14</total>
				<timestamp>5908.166148</timestamp>
			</report>
			<report>
				<misses>16429001</misses>
				<total>14</total>
				<timestamp>5908.525757</timestamp>
			</report>
			<report>
				<misses>16430001</misses>
				<total>14</total>
				<timestamp>5908.885452</timestamp>
			</report>
			<report>
				<misses>16431001</misses>
				<total>14</total>
				<timestamp>5909.245012</timestamp>
			</report>
			<report>
				<misses>16432001</misses>
				<total>14</total>
				<timestamp>5909.604679</timestamp>
			</report>
			<report>
				<misses>16433001</misses>
				<total>14</total>
				<timestamp>5909.964298</timestamp>
			</report>
			<report>
				<misses>16434001</misses>
				<total>14</total>
				<timestamp>5910.323940</timestamp>
			</report>
			<report>
				<misses>16435001</misses>
				<total>14</total>
				<timestamp>5910.683603</timestamp>
			</report>
			<report>
				<misses>16436001</misses>
				<total>14</total>
				<timestamp>5911.043258</timestamp>
			</report>
			<report>
				<misses>16437001</misses>
				<total>14</total>
				<timestamp>5911.402923</timestamp>
			</report>
			<report>
				<misses>16438001</misses>
				<total>14</total>
				<timestamp>5911.762521</timestamp>
			</report>
			<report>
				<misses>16439001</misses>
				<total>14</total>
				<timestamp>5912.122239</timestamp>
			</report>
			<report>
				<misses>16440001</misses>
				<total>14</total>
				<timestamp>5912.481825</timestamp>
			</report>
			<report>
				<misses>16441001</misses>
				<total>14</total>
				<timestamp>5912.841487</timestamp>
			</report>
			<report>
				<misses>16442001</misses>
				<total>14</total>
				<timestamp>5913.201194</timestamp>
			</report>
			<report>
				<misses>16443001</misses>
				<total>14</total>
				<timestamp>5913.560719</timestamp>
			</report>
			<report>
				<misses>16444001</misses>
				<total>14</total>
				<timestamp>5913.920362</timestamp>
			</report>
			<report>
				<misses>16445001</misses>
				<total>14</total>
				<timestamp>5914.280040</timestamp>
			</report>
			<report>
				<misses>16446001</misses>
				<total>14</total>
				<timestamp>5914.639642</timestamp>
			</report>
			<report>
				<misses>16447001</misses>
				<total>14</total>
				<timestamp>5914.999324</timestamp>
			</report>
			<report>
				<misses>16448001</misses>
				<total>14</total>
				<timestamp>5915.358930</timestamp>
			</report>
			<report>
				<misses>16449001</misses>
				<total>14</total>
				<timestamp>5915.718604</timestamp>
			</report>
			<report>
				<misses>16450001</misses>
				<total>14</total>
				<timestamp>5916.078210</timestamp>
			</report>
			<report>
				<misses>16451001</misses>
				<total>14</total>
				<timestamp>5916.437846</timestamp>
			</report>
			<report>
				<misses>16452001</misses>
				<total>14</total>
				<timestamp>5916.797452</timestamp>
			</report>
			<report>
				<misses>16453001</misses>
				<total>14</total>
				<timestamp>5917.157141</timestamp>
			</report>
			<report>
				<misses>16454001</misses>
				<total>14</total>
				<timestamp>5917.516745</timestamp>
			</report>
			<report>
				<misses>16455001</misses>
				<total>14</total>
				<timestamp>5917.876383</timestamp>
			</report>
			<report>
				<misses>16456001</misses>
				<total>14</total>
				<timestamp>5918.236074</timestamp>
			</report>
			<report>
				<misses>16457001</misses>
				<total>14</total>
				<timestamp>5918.595675</timestamp>
			</report>
			<report>
				<misses>16458001</misses>
				<total>14</total>
				<timestamp>5918.955334</timestamp>
			</report>
			<report>
				<misses>16459001</misses>
				<total>14</total>
				<timestamp>5919.315030</timestamp>
			</report>
			<report>
				<misses>16460001</misses>
				<total>14</total>
				<timestamp>5919.674606</timestamp>
			</report>
			<report>
				<misses>16461001</misses>
				<total>14</total>
				<timestamp>5920.034291</timestamp>
			</report>
			<report>
				<misses>16462001</misses>
				<total>14</total>
				<timestamp>5920.393875</timestamp>
			</report>
			<report>
				<misses>16463001</misses>
				<total>14</total>
				<timestamp>5920.753488</timestamp>
			</report>
			<report>
				<misses>16464001</misses>
				<total>14</total>
				<timestamp>5921.113161</timestamp>
			</report>
			<report>
				<misses>16465001</misses>
				<total>14</total>
				<timestamp>5921.472801</timestamp>
			</report>
			<report>
				<misses>16466001</misses>
				<total>14</total>
				<timestamp>5921.832420</timestamp>
			</report>
			<report>
				<misses>16467001</misses>
				<total>14</total>
				<timestamp>5922.192067</timestamp>
			</report>
			<report>
				<misses>16468001</misses>
				<total>14</total>
				<timestamp>5922.551710</timestamp>
			</report>
			<report>
				<misses>16469001</misses>
				<total>14</total>
				<timestamp>5922.911391</timestamp>
			</report>
			<report>
				<misses>16470001</misses>
				<total>14</total>
				<timestamp>5923.271060</timestamp>
			</report>
			<report>
				<misses>16471001</misses>
				<total>14</total>
				<timestamp>5923.630629</timestamp>
			</report>
			<report>
				<misses>16472001</misses>
				<total>14</total>
				<timestamp>5923.990289</timestamp>
			</report>
			<report>
				<misses>16473001</misses>
				<total>14</total>
				<timestamp>5924.349909</timestamp>
			</report>
			<report>
				<misses>16474001</misses>
				<total>14</total>
				<timestamp>5924.709538</timestamp>
			</report>
			<report>
				<misses>16475001</misses>
				<total>14</total>
				<timestamp>5925.069172</timestamp>
			</report>
			<report>
				<misses>16476001</misses>
				<total>14</total>
				<timestamp>5925.428823</timestamp>
			</report>
			<report>
				<misses>16477001</misses>
				<total>14</total>
				<timestamp>5925.788439</timestamp>
			</report>
			<report>
				<misses>16478001</misses>
				<total>14</total>
				<timestamp>5926.148124</timestamp>
			</report>
			<report>
				<misses>16479001</misses>
				<total>14</total>
				<timestamp>5926.507786</timestamp>
			</report>
			<report>
				<misses>16480001</misses>
				<total>14</total>
				<timestamp>5926.867384</timestamp>
			</report>
			<report>
				<misses>16481001</misses>
				<total>14</total>
				<timestamp>5927.227063</timestamp>
			</report>
			<report>
				<misses>16482001</misses>
				<total>14</total>
				<timestamp>5927.586677</timestamp>
			</report>
			<report>
				<misses>16483001</misses>
				<total>14</total>
				<timestamp>5927.946289</timestamp>
			</report>
			<report>
				<misses>16484001</misses>
				<total>14</total>
				<timestamp>5928.305962</timestamp>
			</report>
			<report>
				<misses>16485001</misses>
				<total>14</total>
				<timestamp>5928.665584</timestamp>
			</report>
			<report>
				<misses>16486001</misses>
				<total>14</total>
				<timestamp>5929.025217</timestamp>
			</report>
			<report>
				<misses>16487001</misses>
				<total>14</total>
				<timestamp>5929.384862</timestamp>
			</report>
			<report>
				<misses>16488001</misses>
				<total>14</total>
				<timestamp>5929.744582</timestamp>
			</report>
			<report>
				<misses>16489001</misses>
				<total>14</total>
				<timestamp>5930.104133</timestamp>
			</report>
			<report>
				<misses>16490001</misses>
				<total>14</total>
				<timestamp>5930.463770</timestamp>
			</report>
			<report>
				<misses>16491001</misses>
				<total>14</total>
				<timestamp>5930.823416</timestamp>
			</report>
			<report>
				<misses>16492001</misses>
				<total>14</total>
				<timestamp>5931.183099</timestamp>
			</report>
			<report>
				<misses>16493001</misses>
				<total>14</total>
				<timestamp>5931.542700</timestamp>
			</report>
			<report>
				<misses>16494001</misses>
				<total>14</total>
				<timestamp>5931.902345</timestamp>
			</report>
			<report>
				<misses>16495001</misses>
				<total>14</total>
				<timestamp>5932.262094</timestamp>
			</report>
			<report>
				<misses>16496001</misses>
				<total>14</total>
				<timestamp>5932.621652</timestamp>
			</report>
			<report>
				<misses>16497001</misses>
				<total>14</total>
				<timestamp>5932.981304</timestamp>
			</report>
			<report>
				<misses>16498001</misses>
				<total>14</total>
				<timestamp>5933.340974</timestamp>
			</report>
			<report>
				<misses>16499001</misses>
				<total>14</total>
				<timestamp>5933.700576</timestamp>
			</report>
			<report>
				<misses>16500001</misses>
				<total>14</total>
				<timestamp>5934.060174</timestamp>
			</report>
			<report>
				<misses>16501001</misses>
				<total>14</total>
				<timestamp>5934.419819</timestamp>
			</report>
			<report>
				<misses>16502001</misses>
				<total>14</total>
				<timestamp>5934.779456</timestamp>
			</report>
			<report>
				<misses>16503001</misses>
				<total>14</total>
				<timestamp>5935.139117</timestamp>
			</report>
			<report>
				<misses>16504001</misses>
				<total>14</total>
				<timestamp>5935.498792</timestamp>
			</report>
			<report>
				<misses>16505001</misses>
				<total>14</total>
				<timestamp>5935.858371</timestamp>
			</report>
			<report>
				<misses>16506001</misses>
				<total>14</total>
				<timestamp>5936.218051</timestamp>
			</report>
			<report>
				<misses>16507001</misses>
				<total>14</total>
				<timestamp>5936.577663</timestamp>
			</report>
			<report>
				<misses>16508001</misses>
				<total>14</total>
				<timestamp>5936.937310</timestamp>
			</report>
			<report>
				<misses>16509001</misses>
				<total>14</total>
				<timestamp>5937.296965</timestamp>
			</report>
			<report>
				<misses>16510001</misses>
				<total>14</total>
				<timestamp>5937.656625</timestamp>
			</report>
			<report>
				<misses>16511001</misses>
				<total>14</total>
				<timestamp>5938.016238</timestamp>
			</report>
			<report>
				<misses>16512001</misses>
				<total>14</total>
				<timestamp>5938.375904</timestamp>
			</report>
			<report>
				<misses>16513001</misses>
				<total>14</total>
				<timestamp>5938.735501</timestamp>
			</report>
			<report>
				<misses>16514001</misses>
				<total>14</total>
				<timestamp>5939.095185</timestamp>
			</report>
			<report>
				<misses>16515001</misses>
				<total>14</total>
				<timestamp>5939.454788</timestamp>
			</report>
			<report>
				<misses>16516001</misses>
				<total>14</total>
				<timestamp>5939.814497</timestamp>
			</report>
			<report>
				<misses>16517001</misses>
				<total>14</total>
				<timestamp>5940.174077</timestamp>
			</report>
			<report>
				<misses>16518001</misses>
				<total>14</total>
				<timestamp>5940.533733</timestamp>
			</report>
			<report>
				<misses>16519001</misses>
				<total>14</total>
				<timestamp>5940.893341</timestamp>
			</report>
			<report>
				<misses>16520001</misses>
				<total>14</total>
				<timestamp>5941.253037</timestamp>
			</report>
			<report>
				<misses>16521001</misses>
				<total>14</total>
				<timestamp>5941.612616</timestamp>
			</report>
			<report>
				<misses>16522001</misses>
				<total>14</total>
				<timestamp>5941.972280</timestamp>
			</report>
			<report>
				<misses>16523001</misses>
				<total>14</total>
				<timestamp>5942.331964</timestamp>
			</report>
			<report>
				<misses>16524001</misses>
				<total>14</total>
				<timestamp>5942.691544</timestamp>
			</report>
			<report>
				<misses>16525001</misses>
				<total>14</total>
				<timestamp>5943.051219</timestamp>
			</report>
			<report>
				<misses>16526001</misses>
				<total>14</total>
				<timestamp>5943.410869</timestamp>
			</report>
			<report>
				<misses>16527001</misses>
				<total>14</total>
				<timestamp>5943.770491</timestamp>
			</report>
			<report>
				<misses>16528001</misses>
				<total>14</total>
				<timestamp>5944.130131</timestamp>
			</report>
			<report>
				<misses>16529001</misses>
				<total>14</total>
				<timestamp>5944.489733</timestamp>
			</report>
			<report>
				<misses>16530001</misses>
				<total>14</total>
				<timestamp>5944.849374</timestamp>
			</report>
			<report>
				<misses>16531001</misses>
				<total>14</total>
				<timestamp>5945.209023</timestamp>
			</report>
			<report>
				<misses>16532001</misses>
				<total>14</total>
				<timestamp>5945.568706</timestamp>
			</report>
			<report>
				<misses>16533001</misses>
				<total>14</total>
				<timestamp>5945.928344</timestamp>
			</report>
			<report>
				<misses>16534001</misses>
				<total>14</total>
				<timestamp>5946.287946</timestamp>
			</report>
			<report>
				<misses>16535001</misses>
				<total>14</total>
				<timestamp>5946.647606</timestamp>
			</report>
			<report>
				<misses>16536001</misses>
				<total>14</total>
				<timestamp>5947.007217</timestamp>
			</report>
			<report>
				<misses>16537001</misses>
				<total>14</total>
				<timestamp>5947.366864</timestamp>
			</report>
			<report>
				<misses>16538001</misses>
				<total>14</total>
				<timestamp>5947.726561</timestamp>
			</report>
			<report>
				<misses>16539001</misses>
				<total>14</total>
				<timestamp>5948.086164</timestamp>
			</report>
			<report>
				<misses>16540001</misses>
				<total>14</total>
				<timestamp>5948.445878</timestamp>
			</report>
			<report>
				<misses>16541001</misses>
				<total>14</total>
				<timestamp>5948.805443</timestamp>
			</report>
			<report>
				<misses>16542001</misses>
				<total>14</total>
				<timestamp>5949.165061</timestamp>
			</report>
			<report>
				<misses>16543001</misses>
				<total>14</total>
				<timestamp>5949.524704</timestamp>
			</report>
			<report>
				<misses>16544001</misses>
				<total>14</total>
				<timestamp>5949.884327</timestamp>
			</report>
			<report>
				<misses>16545001</misses>
				<total>14</total>
				<timestamp>5950.244022</timestamp>
			</report>
			<report>
				<misses>16546001</misses>
				<total>14</total>
				<timestamp>5950.603685</timestamp>
			</report>
			<report>
				<misses>16547001</misses>
				<total>14</total>
				<timestamp>5950.963261</timestamp>
			</report>
			<report>
				<misses>16548001</misses>
				<total>14</total>
				<timestamp>5951.322943</timestamp>
			</report>
			<report>
				<misses>16549001</misses>
				<total>14</total>
				<timestamp>5951.682570</timestamp>
			</report>
			<report>
				<misses>16550001</misses>
				<total>14</total>
				<timestamp>5952.042225</timestamp>
			</report>
			<report>
				<misses>16551001</misses>
				<total>14</total>
				<timestamp>5952.401860</timestamp>
			</report>
			<report>
				<misses>16552001</misses>
				<total>14</total>
				<timestamp>5952.761531</timestamp>
			</report>
			<report>
				<misses>16553001</misses>
				<total>14</total>
				<timestamp>5953.121107</timestamp>
			</report>
			<report>
				<misses>16554001</misses>
				<total>14</total>
				<timestamp>5953.480836</timestamp>
			</report>
			<report>
				<misses>16555001</misses>
				<total>14</total>
				<timestamp>5953.840418</timestamp>
			</report>
			<report>
				<misses>16556001</misses>
				<total>14</total>
				<timestamp>5954.200011</timestamp>
			</report>
			<report>
				<misses>16557001</misses>
				<total>14</total>
				<timestamp>5954.559652</timestamp>
			</report>
			<report>
				<misses>16558001</misses>
				<total>14</total>
				<timestamp>5954.919331</timestamp>
			</report>
			<report>
				<misses>16559001</misses>
				<total>14</total>
				<timestamp>5955.278969</timestamp>
			</report>
			<report>
				<misses>16560001</misses>
				<total>14</total>
				<timestamp>5955.638571</timestamp>
			</report>
			<report>
				<misses>16561001</misses>
				<total>14</total>
				<timestamp>5955.998216</timestamp>
			</report>
			<report>
				<misses>16562001</misses>
				<total>14</total>
				<timestamp>5956.357898</timestamp>
			</report>
			<report>
				<misses>16563001</misses>
				<total>14</total>
				<timestamp>5956.717505</timestamp>
			</report>
			<report>
				<misses>16564001</misses>
				<total>14</total>
				<timestamp>5957.077142</timestamp>
			</report>
			<report>
				<misses>16565001</misses>
				<total>14</total>
				<timestamp>5957.436808</timestamp>
			</report>
			<report>
				<misses>16566001</misses>
				<total>14</total>
				<timestamp>5957.796414</timestamp>
			</report>
			<report>
				<misses>16567001</misses>
				<total>14</total>
				<timestamp>5958.156087</timestamp>
			</report>
			<report>
				<misses>16568001</misses>
				<total>14</total>
				<timestamp>5958.515694</timestamp>
			</report>
			<report>
				<misses>16569001</misses>
				<total>14</total>
				<timestamp>5958.875340</timestamp>
			</report>
			<report>
				<misses>16570001</misses>
				<total>14</total>
				<timestamp>5959.235020</timestamp>
			</report>
			<report>
				<misses>16571001</misses>
				<total>14</total>
				<timestamp>5959.594617</timestamp>
			</report>
			<report>
				<misses>16572001</misses>
				<total>14</total>
				<timestamp>5959.954305</timestamp>
			</report>
			<report>
				<misses>16573001</misses>
				<total>14</total>
				<timestamp>5960.313944</timestamp>
			</report>
			<report>
				<misses>16574001</misses>
				<total>14</total>
				<timestamp>5960.673574</timestamp>
			</report>
			<report>
				<misses>16575001</misses>
				<total>14</total>
				<timestamp>5961.033171</timestamp>
			</report>
			<report>
				<misses>16576001</misses>
				<total>14</total>
				<timestamp>5961.392895</timestamp>
			</report>
			<report>
				<misses>16577001</misses>
				<total>14</total>
				<timestamp>5961.752441</timestamp>
			</report>
			<report>
				<misses>16578001</misses>
				<total>14</total>
				<timestamp>5962.112141</timestamp>
			</report>
			<report>
				<misses>16579001</misses>
				<total>14</total>
				<timestamp>5962.471837</timestamp>
			</report>
			<report>
				<misses>16580001</misses>
				<total>14</total>
				<timestamp>5962.831374</timestamp>
			</report>
			<report>
				<misses>16581001</misses>
				<total>14</total>
				<timestamp>5963.191098</timestamp>
			</report>
			<report>
				<misses>16582001</misses>
				<total>14</total>
				<timestamp>5963.550664</timestamp>
			</report>
			<report>
				<misses>16583001</misses>
				<total>14</total>
				<timestamp>5963.910331</timestamp>
			</report>
			<report>
				<misses>16584001</misses>
				<total>14</total>
				<timestamp>5964.270003</timestamp>
			</report>
			<report>
				<misses>16585001</misses>
				<total>14</total>
				<timestamp>5964.629667</timestamp>
			</report>
			<report>
				<misses>16586001</misses>
				<total>14</total>
				<timestamp>5964.989259</timestamp>
			</report>
			<report>
				<misses>16587001</misses>
				<total>14</total>
				<timestamp>5965.348910</timestamp>
			</report>
			<report>
				<misses>16588001</misses>
				<total>14</total>
				<timestamp>5965.708496</timestamp>
			</report>
			<report>
				<misses>16589001</misses>
				<total>14</total>
				<timestamp>5966.068240</timestamp>
			</report>
			<report>
				<misses>16590001</misses>
				<total>14</total>
				<timestamp>5966.427815</timestamp>
			</report>
			<report>
				<misses>16591001</misses>
				<total>14</total>
				<timestamp>5966.787485</timestamp>
			</report>
			<report>
				<misses>16592001</misses>
				<total>14</total>
				<timestamp>5967.147105</timestamp>
			</report>
			<report>
				<misses>16593001</misses>
				<total>14</total>
				<timestamp>5967.506779</timestamp>
			</report>
			<report>
				<misses>16594001</misses>
				<total>14</total>
				<timestamp>5967.866340</timestamp>
			</report>
			<report>
				<misses>16595001</misses>
				<total>14</total>
				<timestamp>5968.226013</timestamp>
			</report>
			<report>
				<misses>16596001</misses>
				<total>14</total>
				<timestamp>5968.585644</timestamp>
			</report>
			<report>
				<misses>16597001</misses>
				<total>14</total>
				<timestamp>5968.945267</timestamp>
			</report>
			<report>
				<misses>16598001</misses>
				<total>14</total>
				<timestamp>5969.304895</timestamp>
			</report>
			<report>
				<misses>16599001</misses>
				<total>14</total>
				<timestamp>5969.664551</timestamp>
			</report>
			<report>
				<misses>16600001</misses>
				<total>14</total>
				<timestamp>5970.024214</timestamp>
			</report>
			<report>
				<misses>16601001</misses>
				<total>14</total>
				<timestamp>5970.383862</timestamp>
			</report>
			<report>
				<misses>16602001</misses>
				<total>14</total>
				<timestamp>5970.743456</timestamp>
			</report>
			<report>
				<misses>16603001</misses>
				<total>14</total>
				<timestamp>5971.103186</timestamp>
			</report>
			<report>
				<misses>16604001</misses>
				<total>14</total>
				<timestamp>5971.462730</timestamp>
			</report>
			<report>
				<misses>16605001</misses>
				<total>14</total>
				<timestamp>5971.822417</timestamp>
			</report>
			<report>
				<misses>16606001</misses>
				<total>14</total>
				<timestamp>5972.182054</timestamp>
			</report>
			<report>
				<misses>16607001</misses>
				<total>14</total>
				<timestamp>5972.541689</timestamp>
			</report>
			<report>
				<misses>16608001</misses>
				<total>14</total>
				<timestamp>5972.901324</timestamp>
			</report>
			<report>
				<misses>16609001</misses>
				<total>14</total>
				<timestamp>5973.260953</timestamp>
			</report>
			<report>
				<misses>16610001</misses>
				<total>14</total>
				<timestamp>5973.620598</timestamp>
			</report>
			<report>
				<misses>16611001</misses>
				<total>14</total>
				<timestamp>5973.980215</timestamp>
			</report>
			<report>
				<misses>16612001</misses>
				<total>14</total>
				<timestamp>5974.339871</timestamp>
			</report>
			<report>
				<misses>16613001</misses>
				<total>14</total>
				<timestamp>5974.699545</timestamp>
			</report>
			<report>
				<misses>16614001</misses>
				<total>14</total>
				<timestamp>5975.059134</timestamp>
			</report>
			<report>
				<misses>16615001</misses>
				<total>14</total>
				<timestamp>5975.418855</timestamp>
			</report>
			<report>
				<misses>16616001</misses>
				<total>14</total>
				<timestamp>5975.778410</timestamp>
			</report>
			<report>
				<misses>16617001</misses>
				<total>14</total>
				<timestamp>5976.138116</timestamp>
			</report>
			<report>
				<misses>16618001</misses>
				<total>14</total>
				<timestamp>5976.497705</timestamp>
			</report>
			<report>
				<misses>16619001</misses>
				<total>14</total>
				<timestamp>5976.857360</timestamp>
			</report>
			<report>
				<misses>16620001</misses>
				<total>14</total>
				<timestamp>5977.217067</timestamp>
			</report>
			<report>
				<misses>16621001</misses>
				<total>14</total>
				<timestamp>5977.576684</timestamp>
			</report>
			<report>
				<misses>16622001</misses>
				<total>14</total>
				<timestamp>5977.936246</timestamp>
			</report>
			<report>
				<misses>16623001</misses>
				<total>14</total>
				<timestamp>5978.295915</timestamp>
			</report>
			<report>
				<misses>16624001</misses>
				<total>14</total>
				<timestamp>5978.655552</timestamp>
			</report>
			<report>
				<misses>16625001</misses>
				<total>14</total>
				<timestamp>5979.015250</timestamp>
			</report>
			<report>
				<misses>16626001</misses>
				<total>14</total>
				<timestamp>5979.374844</timestamp>
			</report>
			<report>
				<misses>16627001</misses>
				<total>14</total>
				<timestamp>5979.734514</timestamp>
			</report>
			<report>
				<misses>16628001</misses>
				<total>14</total>
				<timestamp>5980.094140</timestamp>
			</report>
			<report>
				<misses>16629001</misses>
				<total>14</total>
				<timestamp>5980.453741</timestamp>
			</report>
			<report>
				<misses>16630001</misses>
				<total>14</total>
				<timestamp>5980.813378</timestamp>
			</report>
			<report>
				<misses>16631001</misses>
				<total>14</total>
				<timestamp>5981.173030</timestamp>
			</report>
			<report>
				<misses>16632001</misses>
				<total>14</total>
				<timestamp>5981.532717</timestamp>
			</report>
			<report>
				<misses>16633001</misses>
				<total>14</total>
				<timestamp>5981.892301</timestamp>
			</report>
			<report>
				<misses>16634001</misses>
				<total>14</total>
				<timestamp>5982.251933</timestamp>
			</report>
			<report>
				<misses>16635001</misses>
				<total>14</total>
				<timestamp>5982.611673</timestamp>
			</report>
			<report>
				<misses>16636001</misses>
				<total>14</total>
				<timestamp>5982.971285</timestamp>
			</report>
			<report>
				<misses>16637001</misses>
				<total>14</total>
				<timestamp>5983.330890</timestamp>
			</report>
			<report>
				<misses>16638001</misses>
				<total>14</total>
				<timestamp>5983.690488</timestamp>
			</report>
			<report>
				<misses>16639001</misses>
				<total>14</total>
				<timestamp>5984.050142</timestamp>
			</report>
			<report>
				<misses>16640001</misses>
				<total>14</total>
				<timestamp>5984.409796</timestamp>
			</report>
			<report>
				<misses>16641001</misses>
				<total>14</total>
				<timestamp>5984.769422</timestamp>
			</report>
			<report>
				<misses>16642001</misses>
				<total>14</total>
				<timestamp>5985.129072</timestamp>
			</report>
			<report>
				<misses>16643001</misses>
				<total>14</total>
				<timestamp>5985.488696</timestamp>
			</report>
			<report>
				<misses>16644001</misses>
				<total>14</total>
				<timestamp>5985.848360</timestamp>
			</report>
			<report>
				<misses>16645001</misses>
				<total>14</total>
				<timestamp>5986.208096</timestamp>
			</report>
			<report>
				<misses>16646001</misses>
				<total>14</total>
				<timestamp>5986.567682</timestamp>
			</report>
			<report>
				<misses>16647001</misses>
				<total>14</total>
				<timestamp>5986.927339</timestamp>
			</report>
			<report>
				<misses>16648001</misses>
				<total>14</total>
				<timestamp>5987.286940</timestamp>
			</report>
			<report>
				<misses>16649001</misses>
				<total>14</total>
				<timestamp>5987.646541</timestamp>
			</report>
			<report>
				<misses>16650001</misses>
				<total>14</total>
				<timestamp>5988.006190</timestamp>
			</report>
			<report>
				<misses>16651001</misses>
				<total>14</total>
				<timestamp>5988.365854</timestamp>
			</report>
			<report>
				<misses>16652001</misses>
				<total>14</total>
				<timestamp>5988.725474</timestamp>
			</report>
			<report>
				<misses>16653001</misses>
				<total>14</total>
				<timestamp>5989.085131</timestamp>
			</report>
			<report>
				<misses>16654001</misses>
				<total>14</total>
				<timestamp>5989.444779</timestamp>
			</report>
			<report>
				<misses>16655001</misses>
				<total>14</total>
				<timestamp>5989.804411</timestamp>
			</report>
			<report>
				<misses>16656001</misses>
				<total>14</total>
				<timestamp>5990.164014</timestamp>
			</report>
			<report>
				<misses>16657001</misses>
				<total>14</total>
				<timestamp>5990.523723</timestamp>
			</report>
			<report>
				<misses>16658001</misses>
				<total>14</total>
				<timestamp>5990.883293</timestamp>
			</report>
			<report>
				<misses>16659001</misses>
				<total>14</total>
				<timestamp>5991.243012</timestamp>
			</report>
			<report>
				<misses>16660001</misses>
				<total>14</total>
				<timestamp>5991.602716</timestamp>
			</report>
			<report>
				<misses>16661001</misses>
				<total>14</total>
				<timestamp>5991.962226</timestamp>
			</report>
			<report>
				<misses>16662001</misses>
				<total>14</total>
				<timestamp>5992.321892</timestamp>
			</report>
			<report>
				<misses>16663001</misses>
				<total>14</total>
				<timestamp>5992.681537</timestamp>
			</report>
			<report>
				<misses>16664001</misses>
				<total>14</total>
				<timestamp>5993.041147</timestamp>
			</report>
			<report>
				<misses>16665001</misses>
				<total>14</total>
				<timestamp>5993.400786</timestamp>
			</report>
			<report>
				<misses>16666001</misses>
				<total>14</total>
				<timestamp>5993.760409</timestamp>
			</report>
			<report>
				<misses>16667001</misses>
				<total>14</total>
				<timestamp>5994.120064</timestamp>
			</report>
			<report>
				<misses>16668001</misses>
				<total>14</total>
				<timestamp>5994.479702</timestamp>
			</report>
			<report>
				<misses>16669001</misses>
				<total>14</total>
				<timestamp>5994.839435</timestamp>
			</report>
			<report>
				<misses>16670001</misses>
				<total>14</total>
				<timestamp>5995.199014</timestamp>
			</report>
			<report>
				<misses>16671001</misses>
				<total>14</total>
				<timestamp>5995.558637</timestamp>
			</report>
			<report>
				<misses>16672001</misses>
				<total>14</total>
				<timestamp>5995.918347</timestamp>
			</report>
			<report>
				<misses>16673001</misses>
				<total>14</total>
				<timestamp>5996.277902</timestamp>
			</report>
			<report>
				<misses>16674001</misses>
				<total>14</total>
				<timestamp>5996.637564</timestamp>
			</report>
			<report>
				<misses>16675001</misses>
				<total>14</total>
				<timestamp>5996.997248</timestamp>
			</report>
			<report>
				<misses>16676001</misses>
				<total>14</total>
				<timestamp>5997.356877</timestamp>
			</report>
			<report>
				<misses>16677001</misses>
				<total>14</total>
				<timestamp>5997.716465</timestamp>
			</report>
			<report>
				<misses>16678001</misses>
				<total>14</total>
				<timestamp>5998.076155</timestamp>
			</report>
			<report>
				<misses>16679001</misses>
				<total>14</total>
				<timestamp>5998.435773</timestamp>
			</report>
			<report>
				<misses>16680001</misses>
				<total>14</total>
				<timestamp>5998.795391</timestamp>
			</report>
			<report>
				<misses>16681001</misses>
				<total>14</total>
				<timestamp>5999.155032</timestamp>
			</report>
			<report>
				<misses>16682001</misses>
				<total>14</total>
				<timestamp>5999.514739</timestamp>
			</report>
			<report>
				<misses>16683001</misses>
				<total>14</total>
				<timestamp>5999.874343</timestamp>
			</report>
			<report>
				<misses>16684001</misses>
				<total>14</total>
				<timestamp>6000.233962</timestamp>
			</report>
			<report>
				<misses>16685001</misses>
				<total>14</total>
				<timestamp>6000.593586</timestamp>
			</report>
			<report>
				<misses>16686001</misses>
				<total>14</total>
				<timestamp>6000.953316</timestamp>
			</report>
			<report>
				<misses>16687001</misses>
				<total>14</total>
				<timestamp>6001.312869</timestamp>
			</report>
			<report>
				<misses>16688001</misses>
				<total>14</total>
				<timestamp>6001.672613</timestamp>
			</report>
			<report>
				<misses>16689001</misses>
				<total>14</total>
				<timestamp>6002.032161</timestamp>
			</report>
			<report>
				<misses>16690001</misses>
				<total>14</total>
				<timestamp>6002.391790</timestamp>
			</report>
			<report>
				<misses>16691001</misses>
				<total>14</total>
				<timestamp>6002.751464</timestamp>
			</report>
			<report>
				<misses>16692001</misses>
				<total>14</total>
				<timestamp>6003.111130</timestamp>
			</report>
			<report>
				<misses>16693001</misses>
				<total>14</total>
				<timestamp>6003.470740</timestamp>
			</report>
			<report>
				<misses>16694001</misses>
				<total>14</total>
				<timestamp>6003.830352</timestamp>
			</report>
			<report>
				<misses>16695001</misses>
				<total>14</total>
				<timestamp>6004.190038</timestamp>
			</report>
			<report>
				<misses>16696001</misses>
				<total>14</total>
				<timestamp>6004.549654</timestamp>
			</report>
			<report>
				<misses>16697001</misses>
				<total>14</total>
				<timestamp>6004.909332</timestamp>
			</report>
			<report>
				<misses>16698001</misses>
				<total>14</total>
				<timestamp>6005.268896</timestamp>
			</report>
			<report>
				<misses>16699001</misses>
				<total>14</total>
				<timestamp>6005.628552</timestamp>
			</report>
			<report>
				<misses>16700001</misses>
				<total>14</total>
				<timestamp>6005.988181</timestamp>
			</report>
			<report>
				<misses>16701001</misses>
				<total>14</total>
				<timestamp>6006.347849</timestamp>
			</report>
			<report>
				<misses>16702001</misses>
				<total>14</total>
				<timestamp>6006.707528</timestamp>
			</report>
			<report>
				<misses>16703001</misses>
				<total>14</total>
				<timestamp>6007.067109</timestamp>
			</report>
			<report>
				<misses>16704001</misses>
				<total>14</total>
				<timestamp>6007.426759</timestamp>
			</report>
			<report>
				<misses>16705001</misses>
				<total>14</total>
				<timestamp>6007.786428</timestamp>
			</report>
			<report>
				<misses>16706001</misses>
				<total>14</total>
				<timestamp>6008.146044</timestamp>
			</report>
			<report>
				<misses>16707001</misses>
				<total>14</total>
				<timestamp>6008.505693</timestamp>
			</report>
			<report>
				<misses>16708001</misses>
				<total>14</total>
				<timestamp>6008.865310</timestamp>
			</report>
			<report>
				<misses>16709001</misses>
				<total>14</total>
				<timestamp>6009.224952</timestamp>
			</report>
			<report>
				<misses>16710001</misses>
				<total>14</total>
				<timestamp>6009.584617</timestamp>
			</report>
			<report>
				<misses>16711001</misses>
				<total>14</total>
				<timestamp>6009.944230</timestamp>
			</report>
			<report>
				<misses>16712001</misses>
				<total>14</total>
				<timestamp>6010.303857</timestamp>
			</report>
			<report>
				<misses>16713001</misses>
				<total>14</total>
				<timestamp>6010.663518</timestamp>
			</report>
			<report>
				<misses>16714001</misses>
				<total>14</total>
				<timestamp>6011.023152</timestamp>
			</report>
			<report>
				<misses>16715001</misses>
				<total>14</total>
				<timestamp>6011.382851</timestamp>
			</report>
			<report>
				<misses>16716001</misses>
				<total>14</total>
				<timestamp>6011.742519</timestamp>
			</report>
			<report>
				<misses>16717001</misses>
				<total>14</total>
				<timestamp>6012.102068</timestamp>
			</report>
			<report>
				<misses>16718001</misses>
				<total>14</total>
				<timestamp>6012.461750</timestamp>
			</report>
			<report>
				<misses>16719001</misses>
				<total>14</total>
				<timestamp>6012.821341</timestamp>
			</report>
			<report>
				<misses>16720001</misses>
				<total>14</total>
				<timestamp>6013.181011</timestamp>
			</report>
			<report>
				<misses>16721001</misses>
				<total>14</total>
				<timestamp>6013.540625</timestamp>
			</report>
			<report>
				<misses>16722001</misses>
				<total>14</total>
				<timestamp>6013.900311</timestamp>
			</report>
			<report>
				<misses>16723001</misses>
				<total>14</total>
				<timestamp>6014.259904</timestamp>
			</report>
			<report>
				<misses>16724001</misses>
				<total>14</total>
				<timestamp>6014.619568</timestamp>
			</report>
			<report>
				<misses>16725001</misses>
				<total>14</total>
				<timestamp>6014.979229</timestamp>
			</report>
			<report>
				<misses>16726001</misses>
				<total>14</total>
				<timestamp>6015.338844</timestamp>
			</report>
			<report>
				<misses>16727001</misses>
				<total>14</total>
				<timestamp>6015.698472</timestamp>
			</report>
			<report>
				<misses>16728001</misses>
				<total>14</total>
				<timestamp>6016.058112</timestamp>
			</report>
			<report>
				<misses>16729001</misses>
				<total>14</total>
				<timestamp>6016.417753</timestamp>
			</report>
			<report>
				<misses>16730001</misses>
				<total>14</total>
				<timestamp>6016.777388</timestamp>
			</report>
			<report>
				<misses>16731001</misses>
				<total>14</total>
				<timestamp>6017.137066</timestamp>
			</report>
			<report>
				<misses>16732001</misses>
				<total>14</total>
				<timestamp>6017.496701</timestamp>
			</report>
			<report>
				<misses>16733001</misses>
				<total>14</total>
				<timestamp>6017.856293</timestamp>
			</report>
			<report>
				<misses>16734001</misses>
				<total>14</total>
				<timestamp>6018.216017</timestamp>
			</report>
			<report>
				<misses>16735001</misses>
				<total>14</total>
				<timestamp>6018.575634</timestamp>
			</report>
			<report>
				<misses>16736001</misses>
				<total>14</total>
				<timestamp>6018.935250</timestamp>
			</report>
			<report>
				<misses>16737001</misses>
				<total>14</total>
				<timestamp>6019.294857</timestamp>
			</report>
			<report>
				<misses>16738001</misses>
				<total>14</total>
				<timestamp>6019.654581</timestamp>
			</report>
			<report>
				<misses>16739001</misses>
				<total>14</total>
				<timestamp>6020.014141</timestamp>
			</report>
			<report>
				<misses>16740001</misses>
				<total>14</total>
				<timestamp>6020.373768</timestamp>
			</report>
			<report>
				<misses>16741001</misses>
				<total>14</total>
				<timestamp>6020.733437</timestamp>
			</report>
			<report>
				<misses>16742001</misses>
				<total>14</total>
				<timestamp>6021.093041</timestamp>
			</report>
			<report>
				<misses>16743001</misses>
				<total>14</total>
				<timestamp>6021.452727</timestamp>
			</report>
			<report>
				<misses>16744001</misses>
				<total>14</total>
				<timestamp>6021.812365</timestamp>
			</report>
			<report>
				<misses>16745001</misses>
				<total>14</total>
				<timestamp>6022.172058</timestamp>
			</report>
			<report>
				<misses>16746001</misses>
				<total>14</total>
				<timestamp>6022.531680</timestamp>
			</report>
			<report>
				<misses>16747001</misses>
				<total>14</total>
				<timestamp>6022.891296</timestamp>
			</report>
			<report>
				<misses>16748001</misses>
				<total>14</total>
				<timestamp>6023.250901</timestamp>
			</report>
			<report>
				<misses>16749001</misses>
				<total>14</total>
				<timestamp>6023.610545</timestamp>
			</report>
			<report>
				<misses>16750001</misses>
				<total>14</total>
				<timestamp>6023.970189</timestamp>
			</report>
			<report>
				<misses>16751001</misses>
				<total>14</total>
				<timestamp>6024.329824</timestamp>
			</report>
			<report>
				<misses>16752001</misses>
				<total>14</total>
				<timestamp>6024.689447</timestamp>
			</report>
			<report>
				<misses>16753001</misses>
				<total>14</total>
				<timestamp>6025.049160</timestamp>
			</report>
			<report>
				<misses>16754001</misses>
				<total>14</total>
				<timestamp>6025.408743</timestamp>
			</report>
			<report>
				<misses>16755001</misses>
				<total>14</total>
				<timestamp>6025.768429</timestamp>
			</report>
			<report>
				<misses>16756001</misses>
				<total>14</total>
				<timestamp>6026.128019</timestamp>
			</report>
			<report>
				<misses>16757001</misses>
				<total>14</total>
				<timestamp>6026.487696</timestamp>
			</report>
			<report>
				<misses>16758001</misses>
				<total>14</total>
				<timestamp>6026.847290</timestamp>
			</report>
			<report>
				<misses>16759001</misses>
				<total>14</total>
				<timestamp>6027.207018</timestamp>
			</report>
			<report>
				<misses>16760001</misses>
				<total>14</total>
				<timestamp>6027.566644</timestamp>
			</report>
			<report>
				<misses>16761001</misses>
				<total>14</total>
				<timestamp>6027.926245</timestamp>
			</report>
			<report>
				<misses>16762001</misses>
				<total>14</total>
				<timestamp>6028.285890</timestamp>
			</report>
			<report>
				<misses>16763001</misses>
				<total>14</total>
				<timestamp>6028.645518</timestamp>
			</report>
			<report>
				<misses>16764001</misses>
				<total>14</total>
				<timestamp>6029.005151</timestamp>
			</report>
			<report>
				<misses>16765001</misses>
				<total>14</total>
				<timestamp>6029.364841</timestamp>
			</report>
			<report>
				<misses>16766001</misses>
				<total>14</total>
				<timestamp>6029.724488</timestamp>
			</report>
			<report>
				<misses>16767001</misses>
				<total>14</total>
				<timestamp>6030.084051</timestamp>
			</report>
			<report>
				<misses>16768001</misses>
				<total>14</total>
				<timestamp>6030.443714</timestamp>
			</report>
			<report>
				<misses>16769001</misses>
				<total>14</total>
				<timestamp>6030.803376</timestamp>
			</report>
			<report>
				<misses>16770001</misses>
				<total>14</total>
				<timestamp>6031.163041</timestamp>
			</report>
			<report>
				<misses>16771001</misses>
				<total>14</total>
				<timestamp>6031.522645</timestamp>
			</report>
			<report>
				<misses>16772001</misses>
				<total>14</total>
				<timestamp>6031.882387</timestamp>
			</report>
			<report>
				<misses>16773001</misses>
				<total>14</total>
				<timestamp>6032.241941</timestamp>
			</report>
			<report>
				<misses>16774001</misses>
				<total>14</total>
				<timestamp>6032.601602</timestamp>
			</report>
			<report>
				<misses>16775001</misses>
				<total>14</total>
				<timestamp>6032.961207</timestamp>
			</report>
			<report>
				<misses>16776001</misses>
				<total>14</total>
				<timestamp>6033.320867</timestamp>
			</report>
			<report>
				<misses>16777001</misses>
				<total>14</total>
				<timestamp>6033.680483</timestamp>
			</report>
			<report>
				<misses>16778001</misses>
				<total>14</total>
				<timestamp>6034.040126</timestamp>
			</report>
			<report>
				<misses>16779001</misses>
				<total>14</total>
				<timestamp>6034.399784</timestamp>
			</report>
			<report>
				<misses>16780001</misses>
				<total>14</total>
				<timestamp>6034.759410</timestamp>
			</report>
			<report>
				<misses>16781001</misses>
				<total>14</total>
				<timestamp>6035.119086</timestamp>
			</report>
			<report>
				<misses>16782001</misses>
				<total>14</total>
				<timestamp>6035.478667</timestamp>
			</report>
			<report>
				<misses>16783001</misses>
				<total>14</total>
				<timestamp>6035.838347</timestamp>
			</report>
			<report>
				<misses>16784001</misses>
				<total>14</total>
				<timestamp>6036.197971</timestamp>
			</report>
			<report>
				<misses>16785001</misses>
				<total>14</total>
				<timestamp>6036.557594</timestamp>
			</report>
			<report>
				<misses>16786001</misses>
				<total>14</total>
				<timestamp>6036.917246</timestamp>
			</report>
			<report>
				<misses>16787001</misses>
				<total>14</total>
				<timestamp>6037.276901</timestamp>
			</report>
			<report>
				<misses>16788001</misses>
				<total>14</total>
				<timestamp>6037.636578</timestamp>
			</report>
			<report>
				<misses>16789001</misses>
				<total>14</total>
				<timestamp>6037.996172</timestamp>
			</report>
			<report>
				<misses>16790001</misses>
				<total>14</total>
				<timestamp>6038.355788</timestamp>
			</report>
			<report>
				<misses>16791001</misses>
				<total>14</total>
				<timestamp>6038.715422</timestamp>
			</report>
			<report>
				<misses>16792001</misses>
				<total>14</total>
				<timestamp>6039.075137</timestamp>
			</report>
			<report>
				<misses>16793001</misses>
				<total>14</total>
				<timestamp>6039.434750</timestamp>
			</report>
			<report>
				<misses>16794001</misses>
				<total>14</total>
				<timestamp>6039.794369</timestamp>
			</report>
			<report>
				<misses>16795001</misses>
				<total>14</total>
				<timestamp>6040.154013</timestamp>
			</report>
			<report>
				<misses>16796001</misses>
				<total>14</total>
				<timestamp>6040.513611</timestamp>
			</report>
			<report>
				<misses>16797001</misses>
				<total>14</total>
				<timestamp>6040.873303</timestamp>
			</report>
			<report>
				<misses>16798001</misses>
				<total>14</total>
				<timestamp>6041.232891</timestamp>
			</report>
			<report>
				<misses>16799001</misses>
				<total>14</total>
				<timestamp>6041.592579</timestamp>
			</report>
			<report>
				<misses>16800001</misses>
				<total>14</total>
				<timestamp>6041.952233</timestamp>
			</report>
			<report>
				<misses>16801001</misses>
				<total>14</total>
				<timestamp>6042.311844</timestamp>
			</report>
			<report>
				<misses>16802001</misses>
				<total>14</total>
				<timestamp>6042.671518</timestamp>
			</report>
			<report>
				<misses>16803001</misses>
				<total>14</total>
				<timestamp>6043.031164</timestamp>
			</report>
			<report>
				<misses>16804001</misses>
				<total>14</total>
				<timestamp>6043.390734</timestamp>
			</report>
			<report>
				<misses>16805001</misses>
				<total>14</total>
				<timestamp>6043.750465</timestamp>
			</report>
			<report>
				<misses>16806001</misses>
				<total>14</total>
				<timestamp>6044.110050</timestamp>
			</report>
			<report>
				<misses>16807001</misses>
				<total>14</total>
				<timestamp>6044.469701</timestamp>
			</report>
			<report>
				<misses>16808001</misses>
				<total>14</total>
				<timestamp>6044.829311</timestamp>
			</report>
			<report>
				<misses>16809001</misses>
				<total>14</total>
				<timestamp>6045.188977</timestamp>
			</report>
			<report>
				<misses>16810001</misses>
				<total>14</total>
				<timestamp>6045.548627</timestamp>
			</report>
			<report>
				<misses>16811001</misses>
				<total>14</total>
				<timestamp>6045.908289</timestamp>
			</report>
			<report>
				<misses>16812001</misses>
				<total>14</total>
				<timestamp>6046.267855</timestamp>
			</report>
			<report>
				<misses>16813001</misses>
				<total>14</total>
				<timestamp>6046.627536</timestamp>
			</report>
			<report>
				<misses>16814001</misses>
				<total>14</total>
				<timestamp>6046.987192</timestamp>
			</report>
			<report>
				<misses>16815001</misses>
				<total>14</total>
				<timestamp>6047.346782</timestamp>
			</report>
			<report>
				<misses>16816001</misses>
				<total>14</total>
				<timestamp>6047.706453</timestamp>
			</report>
			<report>
				<misses>16817001</misses>
				<total>14</total>
				<timestamp>6048.066061</timestamp>
			</report>
			<report>
				<misses>16818001</misses>
				<total>14</total>
				<timestamp>6048.425767</timestamp>
			</report>
			<report>
				<misses>16819001</misses>
				<total>14</total>
				<timestamp>6048.785367</timestamp>
			</report>
			<report>
				<misses>16820001</misses>
				<total>14</total>
				<timestamp>6049.145013</timestamp>
			</report>
			<report>
				<misses>16821001</misses>
				<total>14</total>
				<timestamp>6049.504710</timestamp>
			</report>
			<report>
				<misses>16822001</misses>
				<total>14</total>
				<timestamp>6049.864267</timestamp>
			</report>
			<report>
				<misses>16823001</misses>
				<total>14</total>
				<timestamp>6050.223891</timestamp>
			</report>
			<report>
				<misses>16824001</misses>
				<total>14</total>
				<timestamp>6050.583575</timestamp>
			</report>
			<report>
				<misses>16825001</misses>
				<total>14</total>
				<timestamp>6050.943243</timestamp>
			</report>
			<report>
				<misses>16826001</misses>
				<total>14</total>
				<timestamp>6051.302876</timestamp>
			</report>
			<report>
				<misses>16827001</misses>
				<total>14</total>
				<timestamp>6051.662472</timestamp>
			</report>
			<report>
				<misses>16828001</misses>
				<total>14</total>
				<timestamp>6052.022154</timestamp>
			</report>
			<report>
				<misses>16829001</misses>
				<total>14</total>
				<timestamp>6052.381788</timestamp>
			</report>
			<report>
				<misses>16830001</misses>
				<total>14</total>
				<timestamp>6052.741369</timestamp>
			</report>
			<report>
				<misses>16831001</misses>
				<total>14</total>
				<timestamp>6053.101028</timestamp>
			</report>
			<report>
				<misses>16832001</misses>
				<total>14</total>
				<timestamp>6053.460739</timestamp>
			</report>
			<report>
				<misses>16833001</misses>
				<total>14</total>
				<timestamp>6053.820379</timestamp>
			</report>
			<report>
				<misses>16834001</misses>
				<total>14</total>
				<timestamp>6054.179951</timestamp>
			</report>
			<report>
				<misses>16835001</misses>
				<total>14</total>
				<timestamp>6054.539585</timestamp>
			</report>
			<report>
				<misses>16836001</misses>
				<total>14</total>
				<timestamp>6054.899252</timestamp>
			</report>
			<report>
				<misses>16837001</misses>
				<total>14</total>
				<timestamp>6055.258882</timestamp>
			</report>
			<report>
				<misses>16838001</misses>
				<total>14</total>
				<timestamp>6055.618510</timestamp>
			</report>
			<report>
				<misses>16839001</misses>
				<total>14</total>
				<timestamp>6055.978204</timestamp>
			</report>
			<report>
				<misses>16840001</misses>
				<total>14</total>
				<timestamp>6056.337774</timestamp>
			</report>
			<report>
				<misses>16841001</misses>
				<total>14</total>
				<timestamp>6056.697426</timestamp>
			</report>
			<report>
				<misses>16842001</misses>
				<total>14</total>
				<timestamp>6057.057106</timestamp>
			</report>
			<report>
				<misses>16843001</misses>
				<total>14</total>
				<timestamp>6057.416695</timestamp>
			</report>
			<report>
				<misses>16844001</misses>
				<total>14</total>
				<timestamp>6057.776361</timestamp>
			</report>
			<report>
				<misses>16845001</misses>
				<total>14</total>
				<timestamp>6058.135984</timestamp>
			</report>
			<report>
				<misses>16846001</misses>
				<total>14</total>
				<timestamp>6058.495645</timestamp>
			</report>
			<report>
				<misses>16847001</misses>
				<total>15</total>
				<timestamp>6058.855364</timestamp>
			</report>
			<report>
				<misses>16848001</misses>
				<total>15</total>
				<timestamp>6059.214897</timestamp>
			</report>
			<report>
				<misses>16849001</misses>
				<total>15</total>
				<timestamp>6059.574651</timestamp>
			</report>
			<report>
				<misses>16850001</misses>
				<total>15</total>
				<timestamp>6059.934212</timestamp>
			</report>
			<report>
				<misses>16851001</misses>
				<total>15</total>
				<timestamp>6060.293881</timestamp>
			</report>
			<report>
				<misses>16852001</misses>
				<total>15</total>
				<timestamp>6060.653538</timestamp>
			</report>
			<report>
				<misses>16853001</misses>
				<total>15</total>
				<timestamp>6061.013178</timestamp>
			</report>
			<report>
				<misses>16854001</misses>
				<total>15</total>
				<timestamp>6061.372802</timestamp>
			</report>
			<report>
				<misses>16855001</misses>
				<total>15</total>
				<timestamp>6061.732409</timestamp>
			</report>
			<report>
				<misses>16856001</misses>
				<total>15</total>
				<timestamp>6062.092063</timestamp>
			</report>
			<report>
				<misses>16857001</misses>
				<total>15</total>
				<timestamp>6062.451655</timestamp>
			</report>
			<report>
				<misses>16858001</misses>
				<total>15</total>
				<timestamp>6062.811309</timestamp>
			</report>
			<report>
				<misses>16859001</misses>
				<total>15</total>
				<timestamp>6063.170974</timestamp>
			</report>
			<report>
				<misses>16860001</misses>
				<total>15</total>
				<timestamp>6063.530630</timestamp>
			</report>
			<report>
				<misses>16861001</misses>
				<total>15</total>
				<timestamp>6063.890277</timestamp>
			</report>
			<report>
				<misses>16862001</misses>
				<total>15</total>
				<timestamp>6064.249902</timestamp>
			</report>
			<report>
				<misses>16863001</misses>
				<total>15</total>
				<timestamp>6064.609493</timestamp>
			</report>
			<report>
				<misses>16864001</misses>
				<total>15</total>
				<timestamp>6064.969201</timestamp>
			</report>
			<report>
				<misses>16865001</misses>
				<total>15</total>
				<timestamp>6065.328783</timestamp>
			</report>
			<report>
				<misses>16866001</misses>
				<total>15</total>
				<timestamp>6065.688471</timestamp>
			</report>
			<report>
				<misses>16867001</misses>
				<total>15</total>
				<timestamp>6066.048126</timestamp>
			</report>
			<report>
				<misses>16868001</misses>
				<total>15</total>
				<timestamp>6066.407698</timestamp>
			</report>
			<report>
				<misses>16869001</misses>
				<total>15</total>
				<timestamp>6066.767368</timestamp>
			</report>
			<report>
				<misses>16870001</misses>
				<total>15</total>
				<timestamp>6067.126974</timestamp>
			</report>
			<report>
				<misses>16871001</misses>
				<total>15</total>
				<timestamp>6067.486666</timestamp>
			</report>
			<report>
				<misses>16872001</misses>
				<total>15</total>
				<timestamp>6067.846296</timestamp>
			</report>
			<report>
				<misses>16873001</misses>
				<total>15</total>
				<timestamp>6068.205910</timestamp>
			</report>
			<report>
				<misses>16874001</misses>
				<total>15</total>
				<timestamp>6068.565585</timestamp>
			</report>
			<report>
				<misses>16875001</misses>
				<total>15</total>
				<timestamp>6068.925192</timestamp>
			</report>
			<report>
				<misses>16876001</misses>
				<total>15</total>
				<timestamp>6069.284861</timestamp>
			</report>
			<report>
				<misses>16877001</misses>
				<total>15</total>
				<timestamp>6069.644494</timestamp>
			</report>
			<report>
				<misses>16878001</misses>
				<total>15</total>
				<timestamp>6070.004172</timestamp>
			</report>
			<report>
				<misses>16879001</misses>
				<total>15</total>
				<timestamp>6070.363729</timestamp>
			</report>
			<report>
				<misses>16880001</misses>
				<total>15</total>
				<timestamp>6070.723378</timestamp>
			</report>
			<report>
				<misses>16881001</misses>
				<total>15</total>
				<timestamp>6071.083058</timestamp>
			</report>
			<report>
				<misses>16882001</misses>
				<total>15</total>
				<timestamp>6071.442649</timestamp>
			</report>
			<report>
				<misses>16883001</misses>
				<total>15</total>
				<timestamp>6071.802288</timestamp>
			</report>
			<report>
				<misses>16884001</misses>
				<total>15</total>
				<timestamp>6072.162030</timestamp>
			</report>
			<report>
				<misses>16885001</misses>
				<total>15</total>
				<timestamp>6072.521567</timestamp>
			</report>
			<report>
				<misses>16886001</misses>
				<total>15</total>
				<timestamp>6072.881238</timestamp>
			</report>
			<report>
				<misses>16887001</misses>
				<total>15</total>
				<timestamp>6073.240855</timestamp>
			</report>
			<report>
				<misses>16888001</misses>
				<total>15</total>
				<timestamp>6073.600506</timestamp>
			</report>
			<report>
				<misses>16889001</misses>
				<total>15</total>
				<timestamp>6073.960176</timestamp>
			</report>
			<report>
				<misses>16890001</misses>
				<total>15</total>
				<timestamp>6074.319843</timestamp>
			</report>
			<report>
				<misses>16891001</misses>
				<total>15</total>
				<timestamp>6074.679413</timestamp>
			</report>
			<report>
				<misses>16892001</misses>
				<total>15</total>
				<timestamp>6075.039120</timestamp>
			</report>
			<report>
				<misses>16893001</misses>
				<total>15</total>
				<timestamp>6075.398696</timestamp>
			</report>
			<report>
				<misses>16894001</misses>
				<total>15</total>
				<timestamp>6075.758384</timestamp>
			</report>
			<report>
				<misses>16895001</misses>
				<total>15</total>
				<timestamp>6076.118032</timestamp>
			</report>
			<report>
				<misses>16896001</misses>
				<total>15</total>
				<timestamp>6076.477607</timestamp>
			</report>
			<report>
				<misses>16897001</misses>
				<total>15</total>
				<timestamp>6076.837285</timestamp>
			</report>
			<report>
				<misses>16898001</misses>
				<total>15</total>
				<timestamp>6077.196899</timestamp>
			</report>
			<report>
				<misses>16899001</misses>
				<total>15</total>
				<timestamp>6077.556556</timestamp>
			</report>
			<report>
				<misses>16900001</misses>
				<total>15</total>
				<timestamp>6077.916203</timestamp>
			</report>
			<report>
				<misses>16901001</misses>
				<total>15</total>
				<timestamp>6078.275810</timestamp>
			</report>
			<report>
				<misses>16902001</misses>
				<total>15</total>
				<timestamp>6078.635467</timestamp>
			</report>
			<report>
				<misses>16903001</misses>
				<total>15</total>
				<timestamp>6078.995115</timestamp>
			</report>
			<report>
				<misses>16904001</misses>
				<total>15</total>
				<timestamp>6079.354766</timestamp>
			</report>
			<report>
				<misses>16905001</misses>
				<total>15</total>
				<timestamp>6079.714371</timestamp>
			</report>
			<report>
				<misses>16906001</misses>
				<total>15</total>
				<timestamp>6080.074108</timestamp>
			</report>
			<report>
				<misses>16907001</misses>
				<total>15</total>
				<timestamp>6080.433655</timestamp>
			</report>
			<report>
				<misses>16908001</misses>
				<total>15</total>
				<timestamp>6080.793380</timestamp>
			</report>
			<report>
				<misses>16909001</misses>
				<total>15</total>
				<timestamp>6081.152964</timestamp>
			</report>
			<report>
				<misses>16910001</misses>
				<total>15</total>
				<timestamp>6081.512630</timestamp>
			</report>
			<report>
				<misses>16911001</misses>
				<total>15</total>
				<timestamp>6081.872207</timestamp>
			</report>
			<report>
				<misses>16912001</misses>
				<total>15</total>
				<timestamp>6082.231858</timestamp>
			</report>
			<report>
				<misses>16913001</misses>
				<total>15</total>
				<timestamp>6082.591514</timestamp>
			</report>
			<report>
				<misses>16914001</misses>
				<total>15</total>
				<timestamp>6082.951223</timestamp>
			</report>
			<report>
				<misses>16915001</misses>
				<total>15</total>
				<timestamp>6083.310801</timestamp>
			</report>
			<report>
				<misses>16916001</misses>
				<total>15</total>
				<timestamp>6083.670418</timestamp>
			</report>
			<report>
				<misses>16917001</misses>
				<total>15</total>
				<timestamp>6084.030074</timestamp>
			</report>
			<report>
				<misses>16918001</misses>
				<total>15</total>
				<timestamp>6084.389686</timestamp>
			</report>
			<report>
				<misses>16919001</misses>
				<total>15</total>
				<timestamp>6084.749352</timestamp>
			</report>
			<report>
				<misses>16920001</misses>
				<total>15</total>
				<timestamp>6085.108999</timestamp>
			</report>
			<report>
				<misses>16921001</misses>
				<total>15</total>
				<timestamp>6085.468620</timestamp>
			</report>
			<report>
				<misses>16922001</misses>
				<total>15</total>
				<timestamp>6085.828249</timestamp>
			</report>
			<report>
				<misses>16923001</misses>
				<total>15</total>
				<timestamp>6086.187928</timestamp>
			</report>
			<report>
				<misses>16924001</misses>
				<total>15</total>
				<timestamp>6086.547547</timestamp>
			</report>
			<report>
				<misses>16925001</misses>
				<total>15</total>
				<timestamp>6086.907191</timestamp>
			</report>
			<report>
				<misses>16926001</misses>
				<total>15</total>
				<timestamp>6087.266880</timestamp>
			</report>
			<report>
				<misses>16927001</misses>
				<total>15</total>
				<timestamp>6087.626473</timestamp>
			</report>
			<report>
				<misses>16928001</misses>
				<total>15</total>
				<timestamp>6087.986128</timestamp>
			</report>
			<report>
				<misses>16929001</misses>
				<total>15</total>
				<timestamp>6088.345751</timestamp>
			</report>
			<report>
				<misses>16930001</misses>
				<total>15</total>
				<timestamp>6088.705422</timestamp>
			</report>
			<report>
				<misses>16931001</misses>
				<total>15</total>
				<timestamp>6089.065014</timestamp>
			</report>
			<report>
				<misses>16932001</misses>
				<total>15</total>
				<timestamp>6089.424729</timestamp>
			</report>
			<report>
				<misses>16933001</misses>
				<total>15</total>
				<timestamp>6089.784315</timestamp>
			</report>
			<report>
				<misses>16934001</misses>
				<total>15</total>
				<timestamp>6090.144025</timestamp>
			</report>
			<report>
				<misses>16935001</misses>
				<total>15</total>
				<timestamp>6090.503624</timestamp>
			</report>
			<report>
				<misses>16936001</misses>
				<total>15</total>
				<timestamp>6090.863264</timestamp>
			</report>
			<report>
				<misses>16937001</misses>
				<total>15</total>
				<timestamp>6091.222864</timestamp>
			</report>
			<report>
				<misses>16938001</misses>
				<total>15</total>
				<timestamp>6091.582579</timestamp>
			</report>
			<report>
				<misses>16939001</misses>
				<total>15</total>
				<timestamp>6091.942135</timestamp>
			</report>
			<report>
				<misses>16940001</misses>
				<total>15</total>
				<timestamp>6092.301815</timestamp>
			</report>
			<report>
				<misses>16941001</misses>
				<total>15</total>
				<timestamp>6092.661446</timestamp>
			</report>
			<report>
				<misses>16942001</misses>
				<total>15</total>
				<timestamp>6093.021106</timestamp>
			</report>
			<report>
				<misses>16943001</misses>
				<total>15</total>
				<timestamp>6093.380727</timestamp>
			</report>
			<report>
				<misses>16944001</misses>
				<total>15</total>
				<timestamp>6093.740355</timestamp>
			</report>
			<report>
				<misses>16945001</misses>
				<total>15</total>
				<timestamp>6094.100047</timestamp>
			</report>
			<report>
				<misses>16946001</misses>
				<total>15</total>
				<timestamp>6094.459689</timestamp>
			</report>
			<report>
				<misses>16947001</misses>
				<total>15</total>
				<timestamp>6094.819336</timestamp>
			</report>
			<report>
				<misses>16948001</misses>
				<total>15</total>
				<timestamp>6095.178940</timestamp>
			</report>
			<report>
				<misses>16949001</misses>
				<total>15</total>
				<timestamp>6095.538583</timestamp>
			</report>
			<report>
				<misses>16950001</misses>
				<total>15</total>
				<timestamp>6095.898236</timestamp>
			</report>
			<report>
				<misses>16951001</misses>
				<total>15</total>
				<timestamp>6096.257829</timestamp>
			</report>
			<report>
				<misses>16952001</misses>
				<total>15</total>
				<timestamp>6096.617533</timestamp>
			</report>
			<report>
				<misses>16953001</misses>
				<total>15</total>
				<timestamp>6096.977104</timestamp>
			</report>
			<report>
				<misses>16954001</misses>
				<total>15</total>
				<timestamp>6097.336797</timestamp>
			</report>
			<report>
				<misses>16955001</misses>
				<total>15</total>
				<timestamp>6097.696379</timestamp>
			</report>
			<report>
				<misses>16956001</misses>
				<total>15</total>
				<timestamp>6098.056040</timestamp>
			</report>
			<report>
				<misses>16957001</misses>
				<total>15</total>
				<timestamp>6098.415692</timestamp>
			</report>
			<report>
				<misses>16958001</misses>
				<total>15</total>
				<timestamp>6098.775317</timestamp>
			</report>
			<report>
				<misses>16959001</misses>
				<total>15</total>
				<timestamp>6099.134976</timestamp>
			</report>
			<report>
				<misses>16960001</misses>
				<total>15</total>
				<timestamp>6099.494587</timestamp>
			</report>
			<report>
				<misses>16961001</misses>
				<total>15</total>
				<timestamp>6099.854273</timestamp>
			</report>
			<report>
				<misses>16962001</misses>
				<total>15</total>
				<timestamp>6100.213912</timestamp>
			</report>
			<report>
				<misses>16963001</misses>
				<total>15</total>
				<timestamp>6100.573488</timestamp>
			</report>
			<report>
				<misses>16964001</misses>
				<total>15</total>
				<timestamp>6100.933156</timestamp>
			</report>
			<report>
				<misses>16965001</misses>
				<total>15</total>
				<timestamp>6101.292801</timestamp>
			</report>
			<report>
				<misses>16966001</misses>
				<total>15</total>
				<timestamp>6101.652450</timestamp>
			</report>
			<report>
				<misses>16967001</misses>
				<total>15</total>
				<timestamp>6102.012063</timestamp>
			</report>
			<report>
				<misses>16968001</misses>
				<total>15</total>
				<timestamp>6102.371692</timestamp>
			</report>
			<report>
				<misses>16969001</misses>
				<total>15</total>
				<timestamp>6102.731378</timestamp>
			</report>
			<report>
				<misses>16970001</misses>
				<total>15</total>
				<timestamp>6103.091017</timestamp>
			</report>
			<report>
				<misses>16971001</misses>
				<total>15</total>
				<timestamp>6103.450631</timestamp>
			</report>
			<report>
				<misses>16972001</misses>
				<total>15</total>
				<timestamp>6103.810285</timestamp>
			</report>
			<report>
				<misses>16973001</misses>
				<total>15</total>
				<timestamp>6104.169963</timestamp>
			</report>
			<report>
				<misses>16974001</misses>
				<total>15</total>
				<timestamp>6104.529551</timestamp>
			</report>
			<report>
				<misses>16975001</misses>
				<total>15</total>
				<timestamp>6104.889178</timestamp>
			</report>
			<report>
				<misses>16976001</misses>
				<total>15</total>
				<timestamp>6105.248866</timestamp>
			</report>
			<report>
				<misses>16977001</misses>
				<total>15</total>
				<timestamp>6105.608532</timestamp>
			</report>
			<report>
				<misses>16978001</misses>
				<total>15</total>
				<timestamp>6105.968116</timestamp>
			</report>
			<report>
				<misses>16979001</misses>
				<total>15</total>
				<timestamp>6106.327750</timestamp>
			</report>
			<report>
				<misses>16980001</misses>
				<total>15</total>
				<timestamp>6106.687388</timestamp>
			</report>
			<report>
				<misses>16981001</misses>
				<total>15</total>
				<timestamp>6107.047053</timestamp>
			</report>
			<report>
				<misses>16982001</misses>
				<total>15</total>
				<timestamp>6107.406741</timestamp>
			</report>
			<report>
				<misses>16983001</misses>
				<total>15</total>
				<timestamp>6107.766322</timestamp>
			</report>
			<report>
				<misses>16984001</misses>
				<total>15</total>
				<timestamp>6108.125960</timestamp>
			</report>
			<report>
				<misses>16985001</misses>
				<total>15</total>
				<timestamp>6108.485646</timestamp>
			</report>
			<report>
				<misses>16986001</misses>
				<total>15</total>
				<timestamp>6108.845266</timestamp>
			</report>
			<report>
				<misses>16987001</misses>
				<total>15</total>
				<timestamp>6109.204929</timestamp>
			</report>
			<report>
				<misses>16988001</misses>
				<total>15</total>
				<timestamp>6109.564554</timestamp>
			</report>
			<report>
				<misses>16989001</misses>
				<total>15</total>
				<timestamp>6109.924183</timestamp>
			</report>
			<report>
				<misses>16990001</misses>
				<total>15</total>
				<timestamp>6110.283823</timestamp>
			</report>
			<report>
				<misses>16991001</misses>
				<total>15</total>
				<timestamp>6110.643412</timestamp>
			</report>
			<report>
				<misses>16992001</misses>
				<total>15</total>
				<timestamp>6111.003121</timestamp>
			</report>
			<report>
				<misses>16993001</misses>
				<total>15</total>
				<timestamp>6111.362712</timestamp>
			</report>
			<report>
				<misses>16994001</misses>
				<total>15</total>
				<timestamp>6111.722341</timestamp>
			</report>
			<report>
				<misses>16995001</misses>
				<total>15</total>
				<timestamp>6112.082010</timestamp>
			</report>
			<report>
				<misses>16996001</misses>
				<total>15</total>
				<timestamp>6112.441659</timestamp>
			</report>
			<report>
				<misses>16997001</misses>
				<total>15</total>
				<timestamp>6112.801343</timestamp>
			</report>
			<report>
				<misses>16998001</misses>
				<total>15</total>
				<timestamp>6113.160925</timestamp>
			</report>
			<report>
				<misses>16999001</misses>
				<total>15</total>
				<timestamp>6113.520623</timestamp>
			</report>
			<report>
				<misses>17000001</misses>
				<total>15</total>
				<timestamp>6113.880205</timestamp>
			</report>
			<report>
				<misses>17001001</misses>
				<total>15</total>
				<timestamp>6114.239822</timestamp>
			</report>
			<report>
				<misses>17002001</misses>
				<total>15</total>
				<timestamp>6114.599448</timestamp>
			</report>
			<report>
				<misses>17003001</misses>
				<total>15</total>
				<timestamp>6114.959117</timestamp>
			</report>
			<report>
				<misses>17004001</misses>
				<total>15</total>
				<timestamp>6115.318794</timestamp>
			</report>
			<report>
				<misses>17005001</misses>
				<total>15</total>
				<timestamp>6115.678403</timestamp>
			</report>
			<report>
				<misses>17006001</misses>
				<total>15</total>
				<timestamp>6116.038052</timestamp>
			</report>
			<report>
				<misses>17007001</misses>
				<total>15</total>
				<timestamp>6116.397659</timestamp>
			</report>
			<report>
				<misses>17008001</misses>
				<total>15</total>
				<timestamp>6116.757299</timestamp>
			</report>
			<report>
				<misses>17009001</misses>
				<total>15</total>
				<timestamp>6117.117084</timestamp>
			</report>
			<report>
				<misses>17010001</misses>
				<total>15</total>
				<timestamp>6117.476584</timestamp>
			</report>
			<report>
				<misses>17011001</misses>
				<total>15</total>
				<timestamp>6117.836243</timestamp>
			</report>
			<report>
				<misses>17012001</misses>
				<total>15</total>
				<timestamp>6118.195884</timestamp>
			</report>
			<report>
				<misses>17013001</misses>
				<total>15</total>
				<timestamp>6118.555544</timestamp>
			</report>
			<report>
				<misses>17014001</misses>
				<total>15</total>
				<timestamp>6118.915170</timestamp>
			</report>
			<report>
				<misses>17015001</misses>
				<total>15</total>
				<timestamp>6119.274866</timestamp>
			</report>
			<report>
				<misses>17016001</misses>
				<total>15</total>
				<timestamp>6119.634453</timestamp>
			</report>
			<report>
				<misses>17017001</misses>
				<total>15</total>
				<timestamp>6119.994099</timestamp>
			</report>
			<report>
				<misses>17018001</misses>
				<total>15</total>
				<timestamp>6120.353770</timestamp>
			</report>
			<report>
				<misses>17019001</misses>
				<total>15</total>
				<timestamp>6120.713373</timestamp>
			</report>
			<report>
				<misses>17020001</misses>
				<total>15</total>
				<timestamp>6121.073045</timestamp>
			</report>
			<report>
				<misses>17021001</misses>
				<total>15</total>
				<timestamp>6121.432671</timestamp>
			</report>
			<report>
				<misses>17022001</misses>
				<total>15</total>
				<timestamp>6121.792300</timestamp>
			</report>
			<report>
				<misses>17023001</misses>
				<total>15</total>
				<timestamp>6122.151924</timestamp>
			</report>
			<report>
				<misses>17024001</misses>
				<total>15</total>
				<timestamp>6122.511541</timestamp>
			</report>
			<report>
				<misses>17025001</misses>
				<total>15</total>
				<timestamp>6122.871198</timestamp>
			</report>
			<report>
				<misses>17026001</misses>
				<total>15</total>
				<timestamp>6123.230860</timestamp>
			</report>
			<report>
				<misses>17027001</misses>
				<total>15</total>
				<timestamp>6123.590490</timestamp>
			</report>
			<report>
				<misses>17028001</misses>
				<total>15</total>
				<timestamp>6123.950112</timestamp>
			</report>
			<report>
				<misses>17029001</misses>
				<total>15</total>
				<timestamp>6124.309789</timestamp>
			</report>
			<report>
				<misses>17030001</misses>
				<total>15</total>
				<timestamp>6124.669422</timestamp>
			</report>
			<report>
				<misses>17031001</misses>
				<total>15</total>
				<timestamp>6125.029047</timestamp>
			</report>
			<report>
				<misses>17032001</misses>
				<total>15</total>
				<timestamp>6125.388688</timestamp>
			</report>
			<report>
				<misses>17033001</misses>
				<total>15</total>
				<timestamp>6125.748324</timestamp>
			</report>
			<report>
				<misses>17034001</misses>
				<total>15</total>
				<timestamp>6126.107958</timestamp>
			</report>
			<report>
				<misses>17035001</misses>
				<total>15</total>
				<timestamp>6126.467580</timestamp>
			</report>
			<report>
				<misses>17036001</misses>
				<total>15</total>
				<timestamp>6126.827272</timestamp>
			</report>
			<report>
				<misses>17037001</misses>
				<total>15</total>
				<timestamp>6127.186881</timestamp>
			</report>
			<report>
				<misses>17038001</misses>
				<total>15</total>
				<timestamp>6127.546509</timestamp>
			</report>
			<report>
				<misses>17039001</misses>
				<total>15</total>
				<timestamp>6127.906210</timestamp>
			</report>
			<report>
				<misses>17040001</misses>
				<total>15</total>
				<timestamp>6128.265785</timestamp>
			</report>
			<report>
				<misses>17041001</misses>
				<total>15</total>
				<timestamp>6128.625461</timestamp>
			</report>
			<report>
				<misses>17042001</misses>
				<total>15</total>
				<timestamp>6128.985100</timestamp>
			</report>
			<report>
				<misses>17043001</misses>
				<total>15</total>
				<timestamp>6129.344777</timestamp>
			</report>
			<report>
				<misses>17044001</misses>
				<total>15</total>
				<timestamp>6129.704356</timestamp>
			</report>
			<report>
				<misses>17045001</misses>
				<total>15</total>
				<timestamp>6130.064053</timestamp>
			</report>
			<report>
				<misses>17046001</misses>
				<total>15</total>
				<timestamp>6130.423674</timestamp>
			</report>
			<report>
				<misses>17047001</misses>
				<total>15</total>
				<timestamp>6130.783252</timestamp>
			</report>
			<report>
				<misses>17048001</misses>
				<total>15</total>
				<timestamp>6131.142903</timestamp>
			</report>
			<report>
				<misses>17049001</misses>
				<total>15</total>
				<timestamp>6131.502530</timestamp>
			</report>
			<report>
				<misses>17050001</misses>
				<total>15</total>
				<timestamp>6131.862205</timestamp>
			</report>
			<report>
				<misses>17051001</misses>
				<total>15</total>
				<timestamp>6132.221877</timestamp>
			</report>
			<report>
				<misses>17052001</misses>
				<total>15</total>
				<timestamp>6132.581534</timestamp>
			</report>
			<report>
				<misses>17053001</misses>
				<total>15</total>
				<timestamp>6132.941094</timestamp>
			</report>
			<report>
				<misses>17054001</misses>
				<total>15</total>
				<timestamp>6133.300772</timestamp>
			</report>
			<report>
				<misses>17055001</misses>
				<total>15</total>
				<timestamp>6133.660372</timestamp>
			</report>
			<report>
				<misses>17056001</misses>
				<total>15</total>
				<timestamp>6134.020017</timestamp>
			</report>
			<report>
				<misses>17057001</misses>
				<total>15</total>
				<timestamp>6134.379750</timestamp>
			</report>
			<report>
				<misses>17058001</misses>
				<total>15</total>
				<timestamp>6134.739302</timestamp>
			</report>
			<report>
				<misses>17059001</misses>
				<total>15</total>
				<timestamp>6135.098967</timestamp>
			</report>
			<report>
				<misses>17060001</misses>
				<total>15</total>
				<timestamp>6135.458620</timestamp>
			</report>
			<report>
				<misses>17061001</misses>
				<total>15</total>
				<timestamp>6135.818283</timestamp>
			</report>
			<report>
				<misses>17062001</misses>
				<total>15</total>
				<timestamp>6136.177847</timestamp>
			</report>
			<report>
				<misses>17063001</misses>
				<total>15</total>
				<timestamp>6136.537507</timestamp>
			</report>
			<report>
				<misses>17064001</misses>
				<total>15</total>
				<timestamp>6136.897150</timestamp>
			</report>
			<report>
				<misses>17065001</misses>
				<total>15</total>
				<timestamp>6137.256855</timestamp>
			</report>
			<report>
				<misses>17066001</misses>
				<total>15</total>
				<timestamp>6137.616427</timestamp>
			</report>
			<report>
				<misses>17067001</misses>
				<total>15</total>
				<timestamp>6137.976060</timestamp>
			</report>
			<report>
				<misses>17068001</misses>
				<total>15</total>
				<timestamp>6138.335747</timestamp>
			</report>
			<report>
				<misses>17069001</misses>
				<total>15</total>
				<timestamp>6138.695351</timestamp>
			</report>
			<report>
				<misses>17070001</misses>
				<total>15</total>
				<timestamp>6139.054995</timestamp>
			</report>
			<report>
				<misses>17071001</misses>
				<total>15</total>
				<timestamp>6139.414646</timestamp>
			</report>
			<report>
				<misses>17072001</misses>
				<total>15</total>
				<timestamp>6139.774250</timestamp>
			</report>
			<report>
				<misses>17073001</misses>
				<total>15</total>
				<timestamp>6140.133892</timestamp>
			</report>
			<report>
				<misses>17074001</misses>
				<total>15</total>
				<timestamp>6140.493548</timestamp>
			</report>
			<report>
				<misses>17075001</misses>
				<total>15</total>
				<timestamp>6140.853259</timestamp>
			</report>
			<report>
				<misses>17076001</misses>
				<total>15</total>
				<timestamp>6141.212860</timestamp>
			</report>
			<report>
				<misses>17077001</misses>
				<total>15</total>
				<timestamp>6141.572483</timestamp>
			</report>
			<report>
				<misses>17078001</misses>
				<total>15</total>
				<timestamp>6141.932154</timestamp>
			</report>
			<report>
				<misses>17079001</misses>
				<total>15</total>
				<timestamp>6142.291782</timestamp>
			</report>
			<report>
				<misses>17080001</misses>
				<total>15</total>
				<timestamp>6142.651366</timestamp>
			</report>
			<report>
				<misses>17081001</misses>
				<total>15</total>
				<timestamp>6143.011035</timestamp>
			</report>
			<report>
				<misses>17082001</misses>
				<total>15</total>
				<timestamp>6143.370690</timestamp>
			</report>
			<report>
				<misses>17083001</misses>
				<total>15</total>
				<timestamp>6143.730343</timestamp>
			</report>
			<report>
				<misses>17084001</misses>
				<total>15</total>
				<timestamp>6144.089966</timestamp>
			</report>
			<report>
				<misses>17085001</misses>
				<total>15</total>
				<timestamp>6144.449637</timestamp>
			</report>
			<report>
				<misses>17086001</misses>
				<total>15</total>
				<timestamp>6144.809301</timestamp>
			</report>
			<report>
				<misses>17087001</misses>
				<total>15</total>
				<timestamp>6145.168912</timestamp>
			</report>
			<report>
				<misses>17088001</misses>
				<total>15</total>
				<timestamp>6145.528544</timestamp>
			</report>
			<report>
				<misses>17089001</misses>
				<total>15</total>
				<timestamp>6145.888257</timestamp>
			</report>
			<report>
				<misses>17090001</misses>
				<total>15</total>
				<timestamp>6146.247790</timestamp>
			</report>
			<report>
				<misses>17091001</misses>
				<total>15</total>
				<timestamp>6146.607403</timestamp>
			</report>
			<report>
				<misses>17092001</misses>
				<total>15</total>
				<timestamp>6146.967059</timestamp>
			</report>
			<report>
				<misses>17093001</misses>
				<total>15</total>
				<timestamp>6147.326759</timestamp>
			</report>
			<report>
				<misses>17094001</misses>
				<total>15</total>
				<timestamp>6147.686331</timestamp>
			</report>
			<report>
				<misses>17095001</misses>
				<total>15</total>
				<timestamp>6148.046011</timestamp>
			</report>
			<report>
				<misses>17096001</misses>
				<total>15</total>
				<timestamp>6148.405646</timestamp>
			</report>
			<report>
				<misses>17097001</misses>
				<total>15</total>
				<timestamp>6148.765287</timestamp>
			</report>
			<report>
				<misses>17098001</misses>
				<total>15</total>
				<timestamp>6149.124996</timestamp>
			</report>
			<report>
				<misses>17099001</misses>
				<total>15</total>
				<timestamp>6149.484602</timestamp>
			</report>
			<report>
				<misses>17100001</misses>
				<total>15</total>
				<timestamp>6149.844180</timestamp>
			</report>
			<report>
				<misses>17101001</misses>
				<total>15</total>
				<timestamp>6150.203848</timestamp>
			</report>
			<report>
				<misses>17102001</misses>
				<total>15</total>
				<timestamp>6150.563464</timestamp>
			</report>
			<report>
				<misses>17103001</misses>
				<total>15</total>
				<timestamp>6150.923195</timestamp>
			</report>
			<report>
				<misses>17104001</misses>
				<total>15</total>
				<timestamp>6151.282762</timestamp>
			</report>
			<report>
				<misses>17105001</misses>
				<total>15</total>
				<timestamp>6151.642402</timestamp>
			</report>
			<report>
				<misses>17106001</misses>
				<total>15</total>
				<timestamp>6152.002038</timestamp>
			</report>
			<report>
				<misses>17107001</misses>
				<total>15</total>
				<timestamp>6152.361685</timestamp>
			</report>
			<report>
				<misses>17108001</misses>
				<total>15</total>
				<timestamp>6152.721290</timestamp>
			</report>
			<report>
				<misses>17109001</misses>
				<total>15</total>
				<timestamp>6153.080930</timestamp>
			</report>
			<report>
				<misses>17110001</misses>
				<total>15</total>
				<timestamp>6153.440606</timestamp>
			</report>
			<report>
				<misses>17111001</misses>
				<total>15</total>
				<timestamp>6153.800212</timestamp>
			</report>
			<report>
				<misses>17112001</misses>
				<total>15</total>
				<timestamp>6154.159889</timestamp>
			</report>
			<report>
				<misses>17113001</misses>
				<total>15</total>
				<timestamp>6154.519489</timestamp>
			</report>
			<report>
				<misses>17114001</misses>
				<total>15</total>
				<timestamp>6154.879151</timestamp>
			</report>
			<report>
				<misses>17115001</misses>
				<total>15</total>
				<timestamp>6155.238871</timestamp>
			</report>
			<report>
				<misses>17116001</misses>
				<total>15</total>
				<timestamp>6155.598421</timestamp>
			</report>
			<report>
				<misses>17117001</misses>
				<total>15</total>
				<timestamp>6155.958065</timestamp>
			</report>
			<report>
				<misses>17118001</misses>
				<total>15</total>
				<timestamp>6156.317783</timestamp>
			</report>
			<report>
				<misses>17119001</misses>
				<total>15</total>
				<timestamp>6156.677433</timestamp>
			</report>
			<report>
				<misses>17120001</misses>
				<total>15</total>
				<timestamp>6157.037018</timestamp>
			</report>
			<report>
				<misses>17121001</misses>
				<total>15</total>
				<timestamp>6157.396644</timestamp>
			</report>
			<report>
				<misses>17122001</misses>
				<total>15</total>
				<timestamp>6157.756274</timestamp>
			</report>
			<report>
				<misses>17123001</misses>
				<total>15</total>
				<timestamp>6158.115954</timestamp>
			</report>
			<report>
				<misses>17124001</misses>
				<total>15</total>
				<timestamp>6158.475607</timestamp>
			</report>
			<report>
				<misses>17125001</misses>
				<total>15</total>
				<timestamp>6158.835216</timestamp>
			</report>
			<report>
				<misses>17126001</misses>
				<total>15</total>
				<timestamp>6159.194813</timestamp>
			</report>
			<report>
				<misses>17127001</misses>
				<total>15</total>
				<timestamp>6159.554492</timestamp>
			</report>
			<report>
				<misses>17128001</misses>
				<total>15</total>
				<timestamp>6159.914080</timestamp>
			</report>
			<report>
				<misses>17129001</misses>
				<total>15</total>
				<timestamp>6160.273774</timestamp>
			</report>
			<report>
				<misses>17130001</misses>
				<total>15</total>
				<timestamp>6160.633423</timestamp>
			</report>
			<report>
				<misses>17131001</misses>
				<total>15</total>
				<timestamp>6160.993082</timestamp>
			</report>
			<report>
				<misses>17132001</misses>
				<total>15</total>
				<timestamp>6161.352719</timestamp>
			</report>
			<report>
				<misses>17133001</misses>
				<total>15</total>
				<timestamp>6161.712359</timestamp>
			</report>
			<report>
				<misses>17134001</misses>
				<total>15</total>
				<timestamp>6162.072061</timestamp>
			</report>
			<report>
				<misses>17135001</misses>
				<total>15</total>
				<timestamp>6162.431656</timestamp>
			</report>
			<report>
				<misses>17136001</misses>
				<total>15</total>
				<timestamp>6162.791245</timestamp>
			</report>
			<report>
				<misses>17137001</misses>
				<total>15</total>
				<timestamp>6163.150866</timestamp>
			</report>
			<report>
				<misses>17138001</misses>
				<total>15</total>
				<timestamp>6163.510537</timestamp>
			</report>
			<report>
				<misses>17139001</misses>
				<total>15</total>
				<timestamp>6163.870164</timestamp>
			</report>
			<report>
				<misses>17140001</misses>
				<total>15</total>
				<timestamp>6164.229769</timestamp>
			</report>
			<report>
				<misses>17141001</misses>
				<total>15</total>
				<timestamp>6164.589450</timestamp>
			</report>
			<report>
				<misses>17142001</misses>
				<total>15</total>
				<timestamp>6164.949088</timestamp>
			</report>
			<report>
				<misses>17143001</misses>
				<total>15</total>
				<timestamp>6165.308737</timestamp>
			</report>
			<report>
				<misses>17144001</misses>
				<total>15</total>
				<timestamp>6165.668317</timestamp>
			</report>
			<report>
				<misses>17145001</misses>
				<total>15</total>
				<timestamp>6166.028082</timestamp>
			</report>
			<report>
				<misses>17146001</misses>
				<total>15</total>
				<timestamp>6166.387641</timestamp>
			</report>
			<report>
				<misses>17147001</misses>
				<total>15</total>
				<timestamp>6166.747247</timestamp>
			</report>
			<report>
				<misses>17148001</misses>
				<total>15</total>
				<timestamp>6167.106928</timestamp>
			</report>
			<report>
				<misses>17149001</misses>
				<total>15</total>
				<timestamp>6167.466568</timestamp>
			</report>
			<report>
				<misses>17150001</misses>
				<total>15</total>
				<timestamp>6167.826222</timestamp>
			</report>
			<report>
				<misses>17151001</misses>
				<total>15</total>
				<timestamp>6168.185801</timestamp>
			</report>
			<report>
				<misses>17152001</misses>
				<total>15</total>
				<timestamp>6168.545509</timestamp>
			</report>
			<report>
				<misses>17153001</misses>
				<total>15</total>
				<timestamp>6168.905117</timestamp>
			</report>
			<report>
				<misses>17154001</misses>
				<total>15</total>
				<timestamp>6169.264719</timestamp>
			</report>
			<report>
				<misses>17155001</misses>
				<total>15</total>
				<timestamp>6169.624366</timestamp>
			</report>
			<report>
				<misses>17156001</misses>
				<total>15</total>
				<timestamp>6169.984036</timestamp>
			</report>
			<report>
				<misses>17157001</misses>
				<total>15</total>
				<timestamp>6170.343677</timestamp>
			</report>
			<report>
				<misses>17158001</misses>
				<total>15</total>
				<timestamp>6170.703290</timestamp>
			</report>
			<report>
				<misses>17159001</misses>
				<total>15</total>
				<timestamp>6171.062987</timestamp>
			</report>
			<report>
				<misses>17160001</misses>
				<total>15</total>
				<timestamp>6171.422615</timestamp>
			</report>
			<report>
				<misses>17161001</misses>
				<total>15</total>
				<timestamp>6171.782281</timestamp>
			</report>
			<report>
				<misses>17162001</misses>
				<total>15</total>
				<timestamp>6172.141856</timestamp>
			</report>
			<report>
				<misses>17163001</misses>
				<total>15</total>
				<timestamp>6172.501561</timestamp>
			</report>
			<report>
				<misses>17164001</misses>
				<total>15</total>
				<timestamp>6172.861171</timestamp>
			</report>
			<report>
				<misses>17165001</misses>
				<total>15</total>
				<timestamp>6173.220780</timestamp>
			</report>
			<report>
				<misses>17166001</misses>
				<total>15</total>
				<timestamp>6173.580495</timestamp>
			</report>
			<report>
				<misses>17167001</misses>
				<total>15</total>
				<timestamp>6173.940067</timestamp>
			</report>
			<report>
				<misses>17168001</misses>
				<total>15</total>
				<timestamp>6174.299691</timestamp>
			</report>
			<report>
				<misses>17169001</misses>
				<total>15</total>
				<timestamp>6174.659324</timestamp>
			</report>
			<report>
				<misses>17170001</misses>
				<total>15</total>
				<timestamp>6175.019004</timestamp>
			</report>
			<report>
				<misses>17171001</misses>
				<total>15</total>
				<timestamp>6175.378651</timestamp>
			</report>
			<report>
				<misses>17172001</misses>
				<total>15</total>
				<timestamp>6175.738261</timestamp>
			</report>
			<report>
				<misses>17173001</misses>
				<total>15</total>
				<timestamp>6176.097919</timestamp>
			</report>
			<report>
				<misses>17174001</misses>
				<total>15</total>
				<timestamp>6176.457542</timestamp>
			</report>
			<report>
				<misses>17175001</misses>
				<total>15</total>
				<timestamp>6176.817162</timestamp>
			</report>
			<report>
				<misses>17176001</misses>
				<total>15</total>
				<timestamp>6177.176797</timestamp>
			</report>
			<report>
				<misses>17177001</misses>
				<total>15</total>
				<timestamp>6177.536536</timestamp>
			</report>
			<report>
				<misses>17178001</misses>
				<total>15</total>
				<timestamp>6177.896153</timestamp>
			</report>
			<report>
				<misses>17179001</misses>
				<total>15</total>
				<timestamp>6178.255754</timestamp>
			</report>
			<report>
				<misses>17180001</misses>
				<total>15</total>
				<timestamp>6178.615421</timestamp>
			</report>
			<report>
				<misses>17181001</misses>
				<total>15</total>
				<timestamp>6178.975088</timestamp>
			</report>
			<report>
				<misses>17182001</misses>
				<total>15</total>
				<timestamp>6179.334706</timestamp>
			</report>
			<report>
				<misses>17183001</misses>
				<total>15</total>
				<timestamp>6179.694291</timestamp>
			</report>
			<report>
				<misses>17184001</misses>
				<total>15</total>
				<timestamp>6180.053959</timestamp>
			</report>
			<report>
				<misses>17185001</misses>
				<total>15</total>
				<timestamp>6180.413629</timestamp>
			</report>
			<report>
				<misses>17186001</misses>
				<total>15</total>
				<timestamp>6180.773213</timestamp>
			</report>
			<report>
				<misses>17187001</misses>
				<total>15</total>
				<timestamp>6181.132897</timestamp>
			</report>
			<report>
				<misses>17188001</misses>
				<total>15</total>
				<timestamp>6181.492490</timestamp>
			</report>
			<report>
				<misses>17189001</misses>
				<total>15</total>
				<timestamp>6181.852117</timestamp>
			</report>
			<report>
				<misses>17190001</misses>
				<total>15</total>
				<timestamp>6182.211794</timestamp>
			</report>
			<report>
				<misses>17191001</misses>
				<total>15</total>
				<timestamp>6182.571494</timestamp>
			</report>
			<report>
				<misses>17192001</misses>
				<total>15</total>
				<timestamp>6182.931070</timestamp>
			</report>
			<report>
				<misses>17193001</misses>
				<total>15</total>
				<timestamp>6183.290683</timestamp>
			</report>
			<report>
				<misses>17194001</misses>
				<total>15</total>
				<timestamp>6183.650444</timestamp>
			</report>
			<report>
				<misses>17195001</misses>
				<total>15</total>
				<timestamp>6184.010045</timestamp>
			</report>
			<report>
				<misses>17196001</misses>
				<total>15</total>
				<timestamp>6184.369646</timestamp>
			</report>
			<report>
				<misses>17197001</misses>
				<total>15</total>
				<timestamp>6184.729292</timestamp>
			</report>
			<report>
				<misses>17198001</misses>
				<total>15</total>
				<timestamp>6185.088967</timestamp>
			</report>
			<report>
				<misses>17199001</misses>
				<total>15</total>
				<timestamp>6185.448625</timestamp>
			</report>
			<report>
				<misses>17200001</misses>
				<total>15</total>
				<timestamp>6185.808177</timestamp>
			</report>
			<report>
				<misses>17201001</misses>
				<total>15</total>
				<timestamp>6186.167904</timestamp>
			</report>
			<report>
				<misses>17202001</misses>
				<total>15</total>
				<timestamp>6186.527459</timestamp>
			</report>
			<report>
				<misses>17203001</misses>
				<total>15</total>
				<timestamp>6186.887137</timestamp>
			</report>
			<report>
				<misses>17204001</misses>
				<total>15</total>
				<timestamp>6187.246751</timestamp>
			</report>
			<report>
				<misses>17205001</misses>
				<total>15</total>
				<timestamp>6187.606389</timestamp>
			</report>
			<report>
				<misses>17206001</misses>
				<total>15</total>
				<timestamp>6187.966018</timestamp>
			</report>
			<report>
				<misses>17207001</misses>
				<total>15</total>
				<timestamp>6188.325639</timestamp>
			</report>
			<report>
				<misses>17208001</misses>
				<total>15</total>
				<timestamp>6188.685351</timestamp>
			</report>
			<report>
				<misses>17209001</misses>
				<total>15</total>
				<timestamp>6189.044999</timestamp>
			</report>
			<report>
				<misses>17210001</misses>
				<total>15</total>
				<timestamp>6189.404610</timestamp>
			</report>
			<report>
				<misses>17211001</misses>
				<total>15</total>
				<timestamp>6189.764227</timestamp>
			</report>
			<report>
				<misses>17212001</misses>
				<total>15</total>
				<timestamp>6190.123915</timestamp>
			</report>
			<report>
				<misses>17213001</misses>
				<total>15</total>
				<timestamp>6190.483490</timestamp>
			</report>
			<report>
				<misses>17214001</misses>
				<total>15</total>
				<timestamp>6190.843169</timestamp>
			</report>
			<report>
				<misses>17215001</misses>
				<total>15</total>
				<timestamp>6191.202790</timestamp>
			</report>
			<report>
				<misses>17216001</misses>
				<total>15</total>
				<timestamp>6191.562440</timestamp>
			</report>
			<report>
				<misses>17217001</misses>
				<total>15</total>
				<timestamp>6191.922087</timestamp>
			</report>
			<report>
				<misses>17218001</misses>
				<total>15</total>
				<timestamp>6192.281708</timestamp>
			</report>
			<report>
				<misses>17219001</misses>
				<total>15</total>
				<timestamp>6192.641355</timestamp>
			</report>
			<report>
				<misses>17220001</misses>
				<total>15</total>
				<timestamp>6193.000989</timestamp>
			</report>
			<report>
				<misses>17221001</misses>
				<total>15</total>
				<timestamp>6193.360680</timestamp>
			</report>
			<report>
				<misses>17222001</misses>
				<total>15</total>
				<timestamp>6193.720341</timestamp>
			</report>
			<report>
				<misses>17223001</misses>
				<total>15</total>
				<timestamp>6194.079931</timestamp>
			</report>
			<report>
				<misses>17224001</misses>
				<total>15</total>
				<timestamp>6194.439554</timestamp>
			</report>
			<report>
				<misses>17225001</misses>
				<total>15</total>
				<timestamp>6194.799215</timestamp>
			</report>
			<report>
				<misses>17226001</misses>
				<total>15</total>
				<timestamp>6195.158868</timestamp>
			</report>
			<report>
				<misses>17227001</misses>
				<total>15</total>
				<timestamp>6195.518533</timestamp>
			</report>
			<report>
				<misses>17228001</misses>
				<total>15</total>
				<timestamp>6195.878130</timestamp>
			</report>
			<report>
				<misses>17229001</misses>
				<total>15</total>
				<timestamp>6196.237760</timestamp>
			</report>
			<report>
				<misses>17230001</misses>
				<total>15</total>
				<timestamp>6196.597375</timestamp>
			</report>
			<report>
				<misses>17231001</misses>
				<total>15</total>
				<timestamp>6196.957024</timestamp>
			</report>
			<report>
				<misses>17232001</misses>
				<total>15</total>
				<timestamp>6197.316657</timestamp>
			</report>
			<report>
				<misses>17233001</misses>
				<total>15</total>
				<timestamp>6197.676354</timestamp>
			</report>
			<report>
				<misses>17234001</misses>
				<total>15</total>
				<timestamp>6198.035965</timestamp>
			</report>
			<report>
				<misses>17235001</misses>
				<total>15</total>
				<timestamp>6198.395628</timestamp>
			</report>
			<report>
				<misses>17236001</misses>
				<total>15</total>
				<timestamp>6198.755294</timestamp>
			</report>
			<report>
				<misses>17237001</misses>
				<total>15</total>
				<timestamp>6199.114899</timestamp>
			</report>
			<report>
				<misses>17238001</misses>
				<total>15</total>
				<timestamp>6199.474534</timestamp>
			</report>
			<report>
				<misses>17239001</misses>
				<total>15</total>
				<timestamp>6199.834158</timestamp>
			</report>
			<report>
				<misses>17240001</misses>
				<total>15</total>
				<timestamp>6200.193784</timestamp>
			</report>
			<report>
				<misses>17241001</misses>
				<total>15</total>
				<timestamp>6200.553428</timestamp>
			</report>
			<report>
				<misses>17242001</misses>
				<total>15</total>
				<timestamp>6200.913096</timestamp>
			</report>
			<report>
				<misses>17243001</misses>
				<total>15</total>
				<timestamp>6201.272723</timestamp>
			</report>
			<report>
				<misses>17244001</misses>
				<total>15</total>
				<timestamp>6201.632456</timestamp>
			</report>
			<report>
				<misses>17245001</misses>
				<total>15</total>
				<timestamp>6201.991992</timestamp>
			</report>
			<report>
				<misses>17246001</misses>
				<total>15</total>
				<timestamp>6202.351663</timestamp>
			</report>
			<report>
				<misses>17247001</misses>
				<total>15</total>
				<timestamp>6202.711300</timestamp>
			</report>
			<report>
				<misses>17248001</misses>
				<total>15</total>
				<timestamp>6203.070949</timestamp>
			</report>
			<report>
				<misses>17249001</misses>
				<total>15</total>
				<timestamp>6203.430619</timestamp>
			</report>
			<report>
				<misses>17250001</misses>
				<total>15</total>
				<timestamp>6203.790174</timestamp>
			</report>
			<report>
				<misses>17251001</misses>
				<total>15</total>
				<timestamp>6204.149859</timestamp>
			</report>
			<report>
				<misses>17252001</misses>
				<total>15</total>
				<timestamp>6204.509444</timestamp>
			</report>
			<report>
				<misses>17253001</misses>
				<total>15</total>
				<timestamp>6204.869123</timestamp>
			</report>
			<report>
				<misses>17254001</misses>
				<total>15</total>
				<timestamp>6205.228790</timestamp>
			</report>
			<report>
				<misses>17255001</misses>
				<total>15</total>
				<timestamp>6205.588416</timestamp>
			</report>
			<report>
				<misses>17256001</misses>
				<total>15</total>
				<timestamp>6205.948105</timestamp>
			</report>
			<report>
				<misses>17257001</misses>
				<total>15</total>
				<timestamp>6206.307684</timestamp>
			</report>
			<report>
				<misses>17258001</misses>
				<total>15</total>
				<timestamp>6206.667339</timestamp>
			</report>
			<report>
				<misses>17259001</misses>
				<total>15</total>
				<timestamp>6207.026982</timestamp>
			</report>
			<report>
				<misses>17260001</misses>
				<total>15</total>
				<timestamp>6207.386582</timestamp>
			</report>
			<report>
				<misses>17261001</misses>
				<total>15</total>
				<timestamp>6207.746363</timestamp>
			</report>
			<report>
				<misses>17262001</misses>
				<total>15</total>
				<timestamp>6208.105881</timestamp>
			</report>
			<report>
				<misses>17263001</misses>
				<total>15</total>
				<timestamp>6208.465484</timestamp>
			</report>
			<report>
				<misses>17264001</misses>
				<total>15</total>
				<timestamp>6208.825171</timestamp>
			</report>
			<report>
				<misses>17265001</misses>
				<total>15</total>
				<timestamp>6209.184841</timestamp>
			</report>
			<report>
				<misses>17266001</misses>
				<total>15</total>
				<timestamp>6209.544426</timestamp>
			</report>
			<report>
				<misses>17267001</misses>
				<total>15</total>
				<timestamp>6209.904091</timestamp>
			</report>
			<report>
				<misses>17268001</misses>
				<total>15</total>
				<timestamp>6210.263711</timestamp>
			</report>
			<report>
				<misses>17269001</misses>
				<total>15</total>
				<timestamp>6210.623435</timestamp>
			</report>
			<report>
				<misses>17270001</misses>
				<total>15</total>
				<timestamp>6210.983013</timestamp>
			</report>
			<report>
				<misses>17271001</misses>
				<total>15</total>
				<timestamp>6211.342646</timestamp>
			</report>
			<report>
				<misses>17272001</misses>
				<total>15</total>
				<timestamp>6211.702285</timestamp>
			</report>
			<report>
				<misses>17273001</misses>
				<total>15</total>
				<timestamp>6212.061969</timestamp>
			</report>
			<report>
				<misses>17274001</misses>
				<total>15</total>
				<timestamp>6212.421532</timestamp>
			</report>
			<report>
				<misses>17275001</misses>
				<total>15</total>
				<timestamp>6212.781236</timestamp>
			</report>
			<report>
				<misses>17276001</misses>
				<total>15</total>
				<timestamp>6213.140832</timestamp>
			</report>
			<report>
				<misses>17277001</misses>
				<total>15</total>
				<timestamp>6213.500454</timestamp>
			</report>
			<report>
				<misses>17278001</misses>
				<total>15</total>
				<timestamp>6213.860101</timestamp>
			</report>
			<report>
				<misses>17279001</misses>
				<total>15</total>
				<timestamp>6214.219757</timestamp>
			</report>
			<report>
				<misses>17280001</misses>
				<total>15</total>
				<timestamp>6214.579404</timestamp>
			</report>
			<report>
				<misses>17281001</misses>
				<total>15</total>
				<timestamp>6214.939025</timestamp>
			</report>
			<report>
				<misses>17282001</misses>
				<total>15</total>
				<timestamp>6215.298685</timestamp>
			</report>
			<report>
				<misses>17283001</misses>
				<total>15</total>
				<timestamp>6215.658336</timestamp>
			</report>
			<report>
				<misses>17284001</misses>
				<total>15</total>
				<timestamp>6216.017939</timestamp>
			</report>
			<report>
				<misses>17285001</misses>
				<total>15</total>
				<timestamp>6216.377596</timestamp>
			</report>
			<report>
				<misses>17286001</misses>
				<total>15</total>
				<timestamp>6216.737284</timestamp>
			</report>
			<report>
				<misses>17287001</misses>
				<total>15</total>
				<timestamp>6217.096911</timestamp>
			</report>
			<report>
				<misses>17288001</misses>
				<total>15</total>
				<timestamp>6217.456507</timestamp>
			</report>
			<report>
				<misses>17289001</misses>
				<total>15</total>
				<timestamp>6217.816166</timestamp>
			</report>
			<report>
				<misses>17290001</misses>
				<total>15</total>
				<timestamp>6218.175777</timestamp>
			</report>
			<report>
				<misses>17291001</misses>
				<total>15</total>
				<timestamp>6218.535444</timestamp>
			</report>
			<report>
				<misses>17292001</misses>
				<total>15</total>
				<timestamp>6218.895082</timestamp>
			</report>
			<report>
				<misses>17293001</misses>
				<total>15</total>
				<timestamp>6219.254727</timestamp>
			</report>
			<report>
				<misses>17294001</misses>
				<total>15</total>
				<timestamp>6219.614380</timestamp>
			</report>
			<report>
				<misses>17295001</misses>
				<total>15</total>
				<timestamp>6219.974018</timestamp>
			</report>
			<report>
				<misses>17296001</misses>
				<total>15</total>
				<timestamp>6220.333636</timestamp>
			</report>
			<report>
				<misses>17297001</misses>
				<total>15</total>
				<timestamp>6220.693306</timestamp>
			</report>
			<report>
				<misses>17298001</misses>
				<total>15</total>
				<timestamp>6221.052925</timestamp>
			</report>
			<report>
				<misses>17299001</misses>
				<total>15</total>
				<timestamp>6221.412609</timestamp>
			</report>
			<report>
				<misses>17300001</misses>
				<total>15</total>
				<timestamp>6221.772371</timestamp>
			</report>
			<report>
				<misses>17301001</misses>
				<total>15</total>
				<timestamp>6222.131864</timestamp>
			</report>
			<report>
				<misses>17302001</misses>
				<total>15</total>
				<timestamp>6222.491481</timestamp>
			</report>
			<report>
				<misses>17303001</misses>
				<total>15</total>
				<timestamp>6222.851156</timestamp>
			</report>
			<report>
				<misses>17304001</misses>
				<total>15</total>
				<timestamp>6223.210885</timestamp>
			</report>
			<report>
				<misses>17305001</misses>
				<total>15</total>
				<timestamp>6223.570397</timestamp>
			</report>
			<report>
				<misses>17306001</misses>
				<total>15</total>
				<timestamp>6223.930027</timestamp>
			</report>
			<report>
				<misses>17307001</misses>
				<total>15</total>
				<timestamp>6224.289694</timestamp>
			</report>
			<report>
				<misses>17308001</misses>
				<total>15</total>
				<timestamp>6224.649318</timestamp>
			</report>
			<report>
				<misses>17309001</misses>
				<total>15</total>
				<timestamp>6225.008973</timestamp>
			</report>
			<report>
				<misses>17310001</misses>
				<total>15</total>
				<timestamp>6225.368576</timestamp>
			</report>
			<report>
				<misses>17311001</misses>
				<total>15</total>
				<timestamp>6225.728279</timestamp>
			</report>
			<report>
				<misses>17312001</misses>
				<total>15</total>
				<timestamp>6226.087901</timestamp>
			</report>
			<report>
				<misses>17313001</misses>
				<total>15</total>
				<timestamp>6226.447501</timestamp>
			</report>
			<report>
				<misses>17314001</misses>
				<total>15</total>
				<timestamp>6226.807175</timestamp>
			</report>
			<report>
				<misses>17315001</misses>
				<total>15</total>
				<timestamp>6227.166774</timestamp>
			</report>
			<report>
				<misses>17316001</misses>
				<total>15</total>
				<timestamp>6227.526407</timestamp>
			</report>
			<report>
				<misses>17317001</misses>
				<total>15</total>
				<timestamp>6227.886164</timestamp>
			</report>
			<report>
				<misses>17318001</misses>
				<total>15</total>
				<timestamp>6228.245711</timestamp>
			</report>
			<report>
				<misses>17319001</misses>
				<total>15</total>
				<timestamp>6228.605371</timestamp>
			</report>
			<report>
				<misses>17320001</misses>
				<total>15</total>
				<timestamp>6228.965038</timestamp>
			</report>
			<report>
				<misses>17321001</misses>
				<total>15</total>
				<timestamp>6229.324719</timestamp>
			</report>
			<report>
				<misses>17322001</misses>
				<total>15</total>
				<timestamp>6229.684291</timestamp>
			</report>
			<report>
				<misses>17323001</misses>
				<total>15</total>
				<timestamp>6230.043907</timestamp>
			</report>
			<report>
				<misses>17324001</misses>
				<total>15</total>
				<timestamp>6230.403550</timestamp>
			</report>
			<report>
				<misses>17325001</misses>
				<total>15</total>
				<timestamp>6230.763246</timestamp>
			</report>
			<report>
				<misses>17326001</misses>
				<total>15</total>
				<timestamp>6231.122819</timestamp>
			</report>
			<report>
				<misses>17327001</misses>
				<total>15</total>
				<timestamp>6231.482491</timestamp>
			</report>
			<report>
				<misses>17328001</misses>
				<total>15</total>
				<timestamp>6231.842168</timestamp>
			</report>
			<report>
				<misses>17329001</misses>
				<total>15</total>
				<timestamp>6232.201820</timestamp>
			</report>
			<report>
				<misses>17330001</misses>
				<total>15</total>
				<timestamp>6232.561402</timestamp>
			</report>
			<report>
				<misses>17331001</misses>
				<total>15</total>
				<timestamp>6232.921020</timestamp>
			</report>
			<report>
				<misses>17332001</misses>
				<total>15</total>
				<timestamp>6233.280692</timestamp>
			</report>
			<report>
				<misses>17333001</misses>
				<total>15</total>
				<timestamp>6233.640312</timestamp>
			</report>
			<report>
				<misses>17334001</misses>
				<total>15</total>
				<timestamp>6233.999972</timestamp>
			</report>
			<report>
				<misses>17335001</misses>
				<total>15</total>
				<timestamp>6234.359665</timestamp>
			</report>
			<report>
				<misses>17336001</misses>
				<total>15</total>
				<timestamp>6234.719327</timestamp>
			</report>
			<report>
				<misses>17337001</misses>
				<total>15</total>
				<timestamp>6235.078862</timestamp>
			</report>
			<report>
				<misses>17338001</misses>
				<total>15</total>
				<timestamp>6235.438494</timestamp>
			</report>
			<report>
				<misses>17339001</misses>
				<total>15</total>
				<timestamp>6235.798224</timestamp>
			</report>
			<report>
				<misses>17340001</misses>
				<total>15</total>
				<timestamp>6236.157793</timestamp>
			</report>
			<report>
				<misses>17341001</misses>
				<total>15</total>
				<timestamp>6236.517451</timestamp>
			</report>
			<report>
				<misses>17342001</misses>
				<total>15</total>
				<timestamp>6236.877193</timestamp>
			</report>
			<report>
				<misses>17343001</misses>
				<total>15</total>
				<timestamp>6237.236731</timestamp>
			</report>
			<report>
				<misses>17344001</misses>
				<total>15</total>
				<timestamp>6237.596327</timestamp>
			</report>
			<report>
				<misses>17345001</misses>
				<total>15</total>
				<timestamp>6237.955993</timestamp>
			</report>
			<report>
				<misses>17346001</misses>
				<total>15</total>
				<timestamp>6238.315650</timestamp>
			</report>
			<report>
				<misses>17347001</misses>
				<total>15</total>
				<timestamp>6238.675259</timestamp>
			</report>
			<report>
				<misses>17348001</misses>
				<total>15</total>
				<timestamp>6239.034971</timestamp>
			</report>
			<report>
				<misses>17349001</misses>
				<total>15</total>
				<timestamp>6239.394538</timestamp>
			</report>
			<report>
				<misses>17350001</misses>
				<total>15</total>
				<timestamp>6239.754297</timestamp>
			</report>
			<report>
				<misses>17351001</misses>
				<total>15</total>
				<timestamp>6240.113820</timestamp>
			</report>
			<report>
				<misses>17352001</misses>
				<total>15</total>
				<timestamp>6240.473451</timestamp>
			</report>
			<report>
				<misses>17353001</misses>
				<total>15</total>
				<timestamp>6240.833190</timestamp>
			</report>
			<report>
				<misses>17354001</misses>
				<total>15</total>
				<timestamp>6241.192846</timestamp>
			</report>
			<report>
				<misses>17355001</misses>
				<total>15</total>
				<timestamp>6241.552438</timestamp>
			</report>
			<report>
				<misses>17356001</misses>
				<total>15</total>
				<timestamp>6241.912134</timestamp>
			</report>
			<report>
				<misses>17357001</misses>
				<total>15</total>
				<timestamp>6242.271664</timestamp>
			</report>
			<report>
				<misses>17358001</misses>
				<total>15</total>
				<timestamp>6242.631309</timestamp>
			</report>
			<report>
				<misses>17359001</misses>
				<total>15</total>
				<timestamp>6242.991057</timestamp>
			</report>
			<report>
				<misses>17360001</misses>
				<total>15</total>
				<timestamp>6243.350590</timestamp>
			</report>
			<report>
				<misses>17361001</misses>
				<total>15</total>
				<timestamp>6243.710237</timestamp>
			</report>
			<report>
				<misses>17362001</misses>
				<total>15</total>
				<timestamp>6244.069865</timestamp>
			</report>
			<report>
				<misses>17363001</misses>
				<total>15</total>
				<timestamp>6244.429516</timestamp>
			</report>
			<report>
				<misses>17364001</misses>
				<total>15</total>
				<timestamp>6244.789182</timestamp>
			</report>
			<report>
				<misses>17365001</misses>
				<total>15</total>
				<timestamp>6245.148778</timestamp>
			</report>
			<report>
				<misses>17366001</misses>
				<total>15</total>
				<timestamp>6245.508424</timestamp>
			</report>
			<report>
				<misses>17367001</misses>
				<total>15</total>
				<timestamp>6245.868086</timestamp>
			</report>
			<report>
				<misses>17368001</misses>
				<total>15</total>
				<timestamp>6246.227706</timestamp>
			</report>
			<report>
				<misses>17369001</misses>
				<total>15</total>
				<timestamp>6246.587337</timestamp>
			</report>
			<report>
				<misses>17370001</misses>
				<total>15</total>
				<timestamp>6246.947020</timestamp>
			</report>
			<report>
				<misses>17371001</misses>
				<total>15</total>
				<timestamp>6247.306624</timestamp>
			</report>
			<report>
				<misses>17372001</misses>
				<total>15</total>
				<timestamp>6247.666288</timestamp>
			</report>
			<report>
				<misses>17373001</misses>
				<total>15</total>
				<timestamp>6248.025891</timestamp>
			</report>
			<report>
				<misses>17374001</misses>
				<total>15</total>
				<timestamp>6248.385544</timestamp>
			</report>
			<report>
				<misses>17375001</misses>
				<total>15</total>
				<timestamp>6248.745173</timestamp>
			</report>
			<report>
				<misses>17376001</misses>
				<total>15</total>
				<timestamp>6249.104918</timestamp>
			</report>
			<report>
				<misses>17377001</misses>
				<total>15</total>
				<timestamp>6249.464490</timestamp>
			</report>
			<report>
				<misses>17378001</misses>
				<total>15</total>
				<timestamp>6249.824185</timestamp>
			</report>
			<report>
				<misses>17379001</misses>
				<total>15</total>
				<timestamp>6250.183771</timestamp>
			</report>
			<report>
				<misses>17380001</misses>
				<total>15</total>
				<timestamp>6250.543407</timestamp>
			</report>
			<report>
				<misses>17381001</misses>
				<total>15</total>
				<timestamp>6250.903051</timestamp>
			</report>
			<report>
				<misses>17382001</misses>
				<total>15</total>
				<timestamp>6251.262708</timestamp>
			</report>
			<report>
				<misses>17383001</misses>
				<total>15</total>
				<timestamp>6251.622362</timestamp>
			</report>
			<report>
				<misses>17384001</misses>
				<total>15</total>
				<timestamp>6251.982055</timestamp>
			</report>
			<report>
				<misses>17385001</misses>
				<total>15</total>
				<timestamp>6252.341603</timestamp>
			</report>
			<report>
				<misses>17386001</misses>
				<total>15</total>
				<timestamp>6252.701299</timestamp>
			</report>
			<report>
				<misses>17387001</misses>
				<total>15</total>
				<timestamp>6253.060874</timestamp>
			</report>
			<report>
				<misses>17388001</misses>
				<total>15</total>
				<timestamp>6253.420576</timestamp>
			</report>
			<report>
				<misses>17389001</misses>
				<total>15</total>
				<timestamp>6253.780149</timestamp>
			</report>
			<report>
				<misses>17390001</misses>
				<total>15</total>
				<timestamp>6254.139779</timestamp>
			</report>
			<report>
				<misses>17391001</misses>
				<total>15</total>
				<timestamp>6254.499510</timestamp>
			</report>
			<report>
				<misses>17392001</misses>
				<total>15</total>
				<timestamp>6254.859166</timestamp>
			</report>
			<report>
				<misses>17393001</misses>
				<total>15</total>
				<timestamp>6255.218723</timestamp>
			</report>
			<report>
				<misses>17394001</misses>
				<total>15</total>
				<timestamp>6255.578383</timestamp>
			</report>
			<report>
				<misses>17395001</misses>
				<total>15</total>
				<timestamp>6255.938007</timestamp>
			</report>
			<report>
				<misses>17396001</misses>
				<total>15</total>
				<timestamp>6256.297682</timestamp>
			</report>
			<report>
				<misses>17397001</misses>
				<total>15</total>
				<timestamp>6256.657284</timestamp>
			</report>
			<report>
				<misses>17398001</misses>
				<total>15</total>
				<timestamp>6257.016980</timestamp>
			</report>
			<report>
				<misses>17399001</misses>
				<total>15</total>
				<timestamp>6257.376551</timestamp>
			</report>
			<report>
				<misses>17400001</misses>
				<total>15</total>
				<timestamp>6257.736237</timestamp>
			</report>
			<report>
				<misses>17401001</misses>
				<total>15</total>
				<timestamp>6258.095818</timestamp>
			</report>
			<report>
				<misses>17402001</misses>
				<total>15</total>
				<timestamp>6258.455558</timestamp>
			</report>
			<report>
				<misses>17403001</misses>
				<total>15</total>
				<timestamp>6258.815127</timestamp>
			</report>
			<report>
				<misses>17404001</misses>
				<total>15</total>
				<timestamp>6259.174766</timestamp>
			</report>
			<report>
				<misses>17405001</misses>
				<total>15</total>
				<timestamp>6259.534370</timestamp>
			</report>
			<report>
				<misses>17406001</misses>
				<total>15</total>
				<timestamp>6259.894077</timestamp>
			</report>
			<report>
				<misses>17407001</misses>
				<total>15</total>
				<timestamp>6260.253677</timestamp>
			</report>
			<report>
				<misses>17408001</misses>
				<total>15</total>
				<timestamp>6260.613316</timestamp>
			</report>
			<report>
				<misses>17409001</misses>
				<total>15</total>
				<timestamp>6260.972934</timestamp>
			</report>
			<report>
				<misses>17410001</misses>
				<total>15</total>
				<timestamp>6261.332615</timestamp>
			</report>
			<report>
				<misses>17411001</misses>
				<total>15</total>
				<timestamp>6261.692233</timestamp>
			</report>
			<report>
				<misses>17412001</misses>
				<total>15</total>
				<timestamp>6262.051869</timestamp>
			</report>
			<report>
				<misses>17413001</misses>
				<total>15</total>
				<timestamp>6262.411505</timestamp>
			</report>
			<report>
				<misses>17414001</misses>
				<total>15</total>
				<timestamp>6262.771201</timestamp>
			</report>
			<report>
				<misses>17415001</misses>
				<total>15</total>
				<timestamp>6263.130805</timestamp>
			</report>
			<report>
				<misses>17416001</misses>
				<total>15</total>
				<timestamp>6263.490423</timestamp>
			</report>
			<report>
				<misses>17417001</misses>
				<total>15</total>
				<timestamp>6263.850114</timestamp>
			</report>
			<report>
				<misses>17418001</misses>
				<total>15</total>
				<timestamp>6264.209736</timestamp>
			</report>
			<report>
				<misses>17419001</misses>
				<total>15</total>
				<timestamp>6264.569337</timestamp>
			</report>
			<report>
				<misses>17420001</misses>
				<total>15</total>
				<timestamp>6264.929014</timestamp>
			</report>
			<report>
				<misses>17421001</misses>
				<total>15</total>
				<timestamp>6265.288612</timestamp>
			</report>
			<report>
				<misses>17422001</misses>
				<total>15</total>
				<timestamp>6265.648280</timestamp>
			</report>
			<report>
				<misses>17423001</misses>
				<total>15</total>
				<timestamp>6266.007915</timestamp>
			</report>
			<report>
				<misses>17424001</misses>
				<total>15</total>
				<timestamp>6266.367537</timestamp>
			</report>
			<report>
				<misses>17425001</misses>
				<total>15</total>
				<timestamp>6266.727217</timestamp>
			</report>
			<report>
				<misses>17426001</misses>
				<total>15</total>
				<timestamp>6267.086893</timestamp>
			</report>
			<report>
				<misses>17427001</misses>
				<total>15</total>
				<timestamp>6267.446457</timestamp>
			</report>
			<report>
				<misses>17428001</misses>
				<total>15</total>
				<timestamp>6267.806096</timestamp>
			</report>
			<report>
				<misses>17429001</misses>
				<total>15</total>
				<timestamp>6268.165739</timestamp>
			</report>
			<report>
				<misses>17430001</misses>
				<total>15</total>
				<timestamp>6268.525470</timestamp>
			</report>
			<report>
				<misses>17431001</misses>
				<total>15</total>
				<timestamp>6268.885060</timestamp>
			</report>
			<report>
				<misses>17432001</misses>
				<total>15</total>
				<timestamp>6269.244679</timestamp>
			</report>
			<report>
				<misses>17433001</misses>
				<total>15</total>
				<timestamp>6269.604327</timestamp>
			</report>
			<report>
				<misses>17434001</misses>
				<total>15</total>
				<timestamp>6269.963982</timestamp>
			</report>
			<report>
				<misses>17435001</misses>
				<total>15</total>
				<timestamp>6270.323661</timestamp>
			</report>
			<report>
				<misses>17436001</misses>
				<total>15</total>
				<timestamp>6270.683292</timestamp>
			</report>
			<report>
				<misses>17437001</misses>
				<total>15</total>
				<timestamp>6271.042875</timestamp>
			</report>
			<report>
				<misses>17438001</misses>
				<total>15</total>
				<timestamp>6271.402492</timestamp>
			</report>
			<report>
				<misses>17439001</misses>
				<total>15</total>
				<timestamp>6271.762170</timestamp>
			</report>
			<report>
				<misses>17440001</misses>
				<total>15</total>
				<timestamp>6272.121790</timestamp>
			</report>
			<report>
				<misses>17441001</misses>
				<total>15</total>
				<timestamp>6272.481421</timestamp>
			</report>
			<report>
				<misses>17442001</misses>
				<total>15</total>
				<timestamp>6272.841125</timestamp>
			</report>
			<report>
				<misses>17443001</misses>
				<total>15</total>
				<timestamp>6273.200697</timestamp>
			</report>
			<report>
				<misses>17444001</misses>
				<total>15</total>
				<timestamp>6273.560333</timestamp>
			</report>
			<report>
				<misses>17445001</misses>
				<total>15</total>
				<timestamp>6273.920022</timestamp>
			</report>
			<report>
				<misses>17446001</misses>
				<total>15</total>
				<timestamp>6274.279658</timestamp>
			</report>
			<report>
				<misses>17447001</misses>
				<total>15</total>
				<timestamp>6274.639245</timestamp>
			</report>
			<report>
				<misses>17448001</misses>
				<total>15</total>
				<timestamp>6274.998918</timestamp>
			</report>
			<report>
				<misses>17449001</misses>
				<total>15</total>
				<timestamp>6275.358553</timestamp>
			</report>
			<report>
				<misses>17450001</misses>
				<total>15</total>
				<timestamp>6275.718196</timestamp>
			</report>
			<report>
				<misses>17451001</misses>
				<total>15</total>
				<timestamp>6276.077886</timestamp>
			</report>
			<report>
				<misses>17452001</misses>
				<total>15</total>
				<timestamp>6276.437537</timestamp>
			</report>
			<report>
				<misses>17453001</misses>
				<total>15</total>
				<timestamp>6276.797094</timestamp>
			</report>
			<report>
				<misses>17454001</misses>
				<total>15</total>
				<timestamp>6277.156737</timestamp>
			</report>
			<report>
				<misses>17455001</misses>
				<total>15</total>
				<timestamp>6277.516382</timestamp>
			</report>
			<report>
				<misses>17456001</misses>
				<total>15</total>
				<timestamp>6277.876028</timestamp>
			</report>
			<report>
				<misses>17457001</misses>
				<total>15</total>
				<timestamp>6278.235651</timestamp>
			</report>
			<report>
				<misses>17458001</misses>
				<total>15</total>
				<timestamp>6278.595338</timestamp>
			</report>
			<report>
				<misses>17459001</misses>
				<total>15</total>
				<timestamp>6278.955000</timestamp>
			</report>
			<report>
				<misses>17460001</misses>
				<total>15</total>
				<timestamp>6279.314574</timestamp>
			</report>
			<report>
				<misses>17461001</misses>
				<total>15</total>
				<timestamp>6279.674259</timestamp>
			</report>
			<report>
				<misses>17462001</misses>
				<total>15</total>
				<timestamp>6280.033859</timestamp>
			</report>
			<report>
				<misses>17463001</misses>
				<total>15</total>
				<timestamp>6280.393503</timestamp>
			</report>
			<report>
				<misses>17464001</misses>
				<total>15</total>
				<timestamp>6280.753234</timestamp>
			</report>
			<report>
				<misses>17465001</misses>
				<total>15</total>
				<timestamp>6281.112827</timestamp>
			</report>
			<report>
				<misses>17466001</misses>
				<total>15</total>
				<timestamp>6281.472420</timestamp>
			</report>
			<report>
				<misses>17467001</misses>
				<total>15</total>
				<timestamp>6281.832130</timestamp>
			</report>
			<report>
				<misses>17468001</misses>
				<total>15</total>
				<timestamp>6282.191765</timestamp>
			</report>
			<report>
				<misses>17469001</misses>
				<total>15</total>
				<timestamp>6282.551349</timestamp>
			</report>
			<report>
				<misses>17470001</misses>
				<total>15</total>
				<timestamp>6282.910995</timestamp>
			</report>
			<report>
				<misses>17471001</misses>
				<total>15</total>
				<timestamp>6283.270615</timestamp>
			</report>
			<report>
				<misses>17472001</misses>
				<total>15</total>
				<timestamp>6283.630266</timestamp>
			</report>
			<report>
				<misses>17473001</misses>
				<total>15</total>
				<timestamp>6283.989942</timestamp>
			</report>
			<report>
				<misses>17474001</misses>
				<total>15</total>
				<timestamp>6284.349583</timestamp>
			</report>
			<report>
				<misses>17475001</misses>
				<total>15</total>
				<timestamp>6284.709182</timestamp>
			</report>
			<report>
				<misses>17476001</misses>
				<total>15</total>
				<timestamp>6285.068825</timestamp>
			</report>
			<report>
				<misses>17477001</misses>
				<total>15</total>
				<timestamp>6285.428434</timestamp>
			</report>
			<report>
				<misses>17478001</misses>
				<total>15</total>
				<timestamp>6285.788092</timestamp>
			</report>
			<report>
				<misses>17479001</misses>
				<total>15</total>
				<timestamp>6286.147792</timestamp>
			</report>
			<report>
				<misses>17480001</misses>
				<total>15</total>
				<timestamp>6286.507397</timestamp>
			</report>
			<report>
				<misses>17481001</misses>
				<total>15</total>
				<timestamp>6286.867030</timestamp>
			</report>
			<report>
				<misses>17482001</misses>
				<total>15</total>
				<timestamp>6287.226670</timestamp>
			</report>
			<report>
				<misses>17483001</misses>
				<total>15</total>
				<timestamp>6287.586312</timestamp>
			</report>
			<report>
				<misses>17484001</misses>
				<total>15</total>
				<timestamp>6287.945960</timestamp>
			</report>
			<report>
				<misses>17485001</misses>
				<total>15</total>
				<timestamp>6288.305647</timestamp>
			</report>
			<report>
				<misses>17486001</misses>
				<total>15</total>
				<timestamp>6288.665261</timestamp>
			</report>
			<report>
				<misses>17487001</misses>
				<total>15</total>
				<timestamp>6289.024944</timestamp>
			</report>
			<report>
				<misses>17488001</misses>
				<total>15</total>
				<timestamp>6289.384575</timestamp>
			</report>
			<report>
				<misses>17489001</misses>
				<total>15</total>
				<timestamp>6289.744142</timestamp>
			</report>
			<report>
				<misses>17490001</misses>
				<total>15</total>
				<timestamp>6290.103965</timestamp>
			</report>
			<report>
				<misses>17491001</misses>
				<total>15</total>
				<timestamp>6290.463435</timestamp>
			</report>
			<report>
				<misses>17492001</misses>
				<total>15</total>
				<timestamp>6290.823067</timestamp>
			</report>
			<report>
				<misses>17493001</misses>
				<total>15</total>
				<timestamp>6291.182758</timestamp>
			</report>
			<report>
				<misses>17494001</misses>
				<total>15</total>
				<timestamp>6291.542394</timestamp>
			</report>
			<report>
				<misses>17495001</misses>
				<total>15</total>
				<timestamp>6291.902040</timestamp>
			</report>
			<report>
				<misses>17496001</misses>
				<total>15</total>
				<timestamp>6292.261682</timestamp>
			</report>
			<report>
				<misses>17497001</misses>
				<total>15</total>
				<timestamp>6292.621259</timestamp>
			</report>
			<report>
				<misses>17498001</misses>
				<total>15</total>
				<timestamp>6292.980926</timestamp>
			</report>
			<report>
				<misses>17499001</misses>
				<total>15</total>
				<timestamp>6293.340525</timestamp>
			</report>
			<report>
				<misses>17500001</misses>
				<total>15</total>
				<timestamp>6293.700177</timestamp>
			</report>
			<report>
				<misses>17501001</misses>
				<total>15</total>
				<timestamp>6294.059869</timestamp>
			</report>
			<report>
				<misses>17502001</misses>
				<total>15</total>
				<timestamp>6294.419459</timestamp>
			</report>
			<report>
				<misses>17503001</misses>
				<total>15</total>
				<timestamp>6294.779094</timestamp>
			</report>
			<report>
				<misses>17504001</misses>
				<total>15</total>
				<timestamp>6295.138767</timestamp>
			</report>
			<report>
				<misses>17505001</misses>
				<total>15</total>
				<timestamp>6295.498458</timestamp>
			</report>
			<report>
				<misses>17506001</misses>
				<total>15</total>
				<timestamp>6295.858097</timestamp>
			</report>
			<report>
				<misses>17507001</misses>
				<total>15</total>
				<timestamp>6296.217686</timestamp>
			</report>
			<report>
				<misses>17508001</misses>
				<total>15</total>
				<timestamp>6296.577364</timestamp>
			</report>
			<report>
				<misses>17509001</misses>
				<total>15</total>
				<timestamp>6296.936977</timestamp>
			</report>
			<report>
				<misses>17510001</misses>
				<total>15</total>
				<timestamp>6297.296604</timestamp>
			</report>
			<report>
				<misses>17511001</misses>
				<total>15</total>
				<timestamp>6297.656216</timestamp>
			</report>
			<report>
				<misses>17512001</misses>
				<total>15</total>
				<timestamp>6298.015883</timestamp>
			</report>
			<report>
				<misses>17513001</misses>
				<total>15</total>
				<timestamp>6298.375576</timestamp>
			</report>
			<report>
				<misses>17514001</misses>
				<total>15</total>
				<timestamp>6298.735175</timestamp>
			</report>
			<report>
				<misses>17515001</misses>
				<total>15</total>
				<timestamp>6299.094795</timestamp>
			</report>
			<report>
				<misses>17516001</misses>
				<total>15</total>
				<timestamp>6299.454448</timestamp>
			</report>
			<report>
				<misses>17517001</misses>
				<total>15</total>
				<timestamp>6299.814146</timestamp>
			</report>
			<report>
				<misses>17518001</misses>
				<total>15</total>
				<timestamp>6300.173698</timestamp>
			</report>
			<report>
				<misses>17519001</misses>
				<total>15</total>
				<timestamp>6300.533352</timestamp>
			</report>
			<report>
				<misses>17520001</misses>
				<total>15</total>
				<timestamp>6300.893020</timestamp>
			</report>
			<report>
				<misses>17521001</misses>
				<total>15</total>
				<timestamp>6301.252704</timestamp>
			</report>
			<report>
				<misses>17522001</misses>
				<total>15</total>
				<timestamp>6301.612319</timestamp>
			</report>
			<report>
				<misses>17523001</misses>
				<total>15</total>
				<timestamp>6301.971926</timestamp>
			</report>
			<report>
				<misses>17524001</misses>
				<total>15</total>
				<timestamp>6302.331542</timestamp>
			</report>
			<report>
				<misses>17525001</misses>
				<total>15</total>
				<timestamp>6302.691174</timestamp>
			</report>
			<report>
				<misses>17526001</misses>
				<total>15</total>
				<timestamp>6303.050869</timestamp>
			</report>
			<report>
				<misses>17527001</misses>
				<total>15</total>
				<timestamp>6303.410475</timestamp>
			</report>
			<report>
				<misses>17528001</misses>
				<total>15</total>
				<timestamp>6303.770131</timestamp>
			</report>
			<report>
				<misses>17529001</misses>
				<total>15</total>
				<timestamp>6304.129746</timestamp>
			</report>
			<report>
				<misses>17530001</misses>
				<total>15</total>
				<timestamp>6304.489385</timestamp>
			</report>
			<report>
				<misses>17531001</misses>
				<total>15</total>
				<timestamp>6304.849093</timestamp>
			</report>
			<report>
				<misses>17532001</misses>
				<total>15</total>
				<timestamp>6305.208664</timestamp>
			</report>
			<report>
				<misses>17533001</misses>
				<total>15</total>
				<timestamp>6305.568289</timestamp>
			</report>
			<report>
				<misses>17534001</misses>
				<total>15</total>
				<timestamp>6305.927939</timestamp>
			</report>
			<report>
				<misses>17535001</misses>
				<total>15</total>
				<timestamp>6306.287717</timestamp>
			</report>
			<report>
				<misses>17536001</misses>
				<total>15</total>
				<timestamp>6306.647225</timestamp>
			</report>
			<report>
				<misses>17537001</misses>
				<total>15</total>
				<timestamp>6307.006884</timestamp>
			</report>
			<report>
				<misses>17538001</misses>
				<total>15</total>
				<timestamp>6307.366533</timestamp>
			</report>
			<report>
				<misses>17539001</misses>
				<total>15</total>
				<timestamp>6307.726250</timestamp>
			</report>
			<report>
				<misses>17540001</misses>
				<total>15</total>
				<timestamp>6308.085789</timestamp>
			</report>
			<report>
				<misses>17541001</misses>
				<total>15</total>
				<timestamp>6308.445449</timestamp>
			</report>
			<report>
				<misses>17542001</misses>
				<total>15</total>
				<timestamp>6308.805055</timestamp>
			</report>
			<report>
				<misses>17543001</misses>
				<total>15</total>
				<timestamp>6309.164775</timestamp>
			</report>
			<report>
				<misses>17544001</misses>
				<total>15</total>
				<timestamp>6309.524362</timestamp>
			</report>
			<report>
				<misses>17545001</misses>
				<total>15</total>
				<timestamp>6309.883999</timestamp>
			</report>
			<report>
				<misses>17546001</misses>
				<total>15</total>
				<timestamp>6310.243639</timestamp>
			</report>
			<report>
				<misses>17547001</misses>
				<total>15</total>
				<timestamp>6310.603302</timestamp>
			</report>
			<report>
				<misses>17548001</misses>
				<total>15</total>
				<timestamp>6310.962895</timestamp>
			</report>
			<report>
				<misses>17549001</misses>
				<total>15</total>
				<timestamp>6311.322565</timestamp>
			</report>
			<report>
				<misses>17550001</misses>
				<total>15</total>
				<timestamp>6311.682216</timestamp>
			</report>
			<report>
				<misses>17551001</misses>
				<total>15</total>
				<timestamp>6312.041827</timestamp>
			</report>
			<report>
				<misses>17552001</misses>
				<total>15</total>
				<timestamp>6312.401533</timestamp>
			</report>
			<report>
				<misses>17553001</misses>
				<total>15</total>
				<timestamp>6312.761114</timestamp>
			</report>
			<report>
				<misses>17554001</misses>
				<total>15</total>
				<timestamp>6313.120782</timestamp>
			</report>
			<report>
				<misses>17555001</misses>
				<total>15</total>
				<timestamp>6313.480419</timestamp>
			</report>
			<report>
				<misses>17556001</misses>
				<total>15</total>
				<timestamp>6313.840046</timestamp>
			</report>
			<report>
				<misses>17557001</misses>
				<total>15</total>
				<timestamp>6314.199743</timestamp>
			</report>
			<report>
				<misses>17558001</misses>
				<total>15</total>
				<timestamp>6314.559325</timestamp>
			</report>
			<report>
				<misses>17559001</misses>
				<total>15</total>
				<timestamp>6314.918989</timestamp>
			</report>
			<report>
				<misses>17560001</misses>
				<total>15</total>
				<timestamp>6315.278598</timestamp>
			</report>
			<report>
				<misses>17561001</misses>
				<total>15</total>
				<timestamp>6315.638225</timestamp>
			</report>
			<report>
				<misses>17562001</misses>
				<total>15</total>
				<timestamp>6315.997863</timestamp>
			</report>
			<report>
				<misses>17563001</misses>
				<total>15</total>
				<timestamp>6316.357565</timestamp>
			</report>
			<report>
				<misses>17564001</misses>
				<total>15</total>
				<timestamp>6316.717136</timestamp>
			</report>
			<report>
				<misses>17565001</misses>
				<total>15</total>
				<timestamp>6317.076853</timestamp>
			</report>
			<report>
				<misses>17566001</misses>
				<total>15</total>
				<timestamp>6317.436522</timestamp>
			</report>
			<report>
				<misses>17567001</misses>
				<total>15</total>
				<timestamp>6317.796124</timestamp>
			</report>
			<report>
				<misses>17568001</misses>
				<total>15</total>
				<timestamp>6318.155740</timestamp>
			</report>
			<report>
				<misses>17569001</misses>
				<total>15</total>
				<timestamp>6318.515389</timestamp>
			</report>
			<report>
				<misses>17570001</misses>
				<total>15</total>
				<timestamp>6318.875033</timestamp>
			</report>
			<report>
				<misses>17571001</misses>
				<total>15</total>
				<timestamp>6319.234630</timestamp>
			</report>
			<report>
				<misses>17572001</misses>
				<total>15</total>
				<timestamp>6319.594278</timestamp>
			</report>
			<report>
				<misses>17573001</misses>
				<total>15</total>
				<timestamp>6319.953910</timestamp>
			</report>
			<report>
				<misses>17574001</misses>
				<total>15</total>
				<timestamp>6320.313701</timestamp>
			</report>
			<report>
				<misses>17575001</misses>
				<total>15</total>
				<timestamp>6320.673279</timestamp>
			</report>
			<report>
				<misses>17576001</misses>
				<total>15</total>
				<timestamp>6321.032806</timestamp>
			</report>
			<report>
				<misses>17577001</misses>
				<total>15</total>
				<timestamp>6321.392477</timestamp>
			</report>
			<report>
				<misses>17578001</misses>
				<total>15</total>
				<timestamp>6321.752101</timestamp>
			</report>
			<report>
				<misses>17579001</misses>
				<total>15</total>
				<timestamp>6322.111732</timestamp>
			</report>
			<report>
				<misses>17580001</misses>
				<total>15</total>
				<timestamp>6322.471396</timestamp>
			</report>
			<report>
				<misses>17581001</misses>
				<total>15</total>
				<timestamp>6322.831051</timestamp>
			</report>
			<report>
				<misses>17582001</misses>
				<total>15</total>
				<timestamp>6323.190703</timestamp>
			</report>
			<report>
				<misses>17583001</misses>
				<total>15</total>
				<timestamp>6323.550312</timestamp>
			</report>
			<report>
				<misses>17584001</misses>
				<total>15</total>
				<timestamp>6323.909940</timestamp>
			</report>
			<report>
				<misses>17585001</misses>
				<total>15</total>
				<timestamp>6324.269652</timestamp>
			</report>
			<report>
				<misses>17586001</misses>
				<total>15</total>
				<timestamp>6324.629280</timestamp>
			</report>
			<report>
				<misses>17587001</misses>
				<total>15</total>
				<timestamp>6324.988922</timestamp>
			</report>
			<report>
				<misses>17588001</misses>
				<total>15</total>
				<timestamp>6325.348545</timestamp>
			</report>
			<report>
				<misses>17589001</misses>
				<total>15</total>
				<timestamp>6325.708146</timestamp>
			</report>
			<report>
				<misses>17590001</misses>
				<total>15</total>
				<timestamp>6326.067878</timestamp>
			</report>
			<report>
				<misses>17591001</misses>
				<total>15</total>
				<timestamp>6326.427451</timestamp>
			</report>
			<report>
				<misses>17592001</misses>
				<total>15</total>
				<timestamp>6326.787043</timestamp>
			</report>
			<report>
				<misses>17593001</misses>
				<total>15</total>
				<timestamp>6327.146755</timestamp>
			</report>
			<report>
				<misses>17594001</misses>
				<total>15</total>
				<timestamp>6327.506350</timestamp>
			</report>
			<report>
				<misses>17595001</misses>
				<total>15</total>
				<timestamp>6327.866004</timestamp>
			</report>
			<report>
				<misses>17596001</misses>
				<total>15</total>
				<timestamp>6328.225696</timestamp>
			</report>
			<report>
				<misses>17597001</misses>
				<total>15</total>
				<timestamp>6328.585387</timestamp>
			</report>
			<report>
				<misses>17598001</misses>
				<total>15</total>
				<timestamp>6328.944901</timestamp>
			</report>
			<report>
				<misses>17599001</misses>
				<total>15</total>
				<timestamp>6329.304610</timestamp>
			</report>
			<report>
				<misses>17600001</misses>
				<total>15</total>
				<timestamp>6329.664173</timestamp>
			</report>
			<report>
				<misses>17601001</misses>
				<total>15</total>
				<timestamp>6330.023821</timestamp>
			</report>
			<report>
				<misses>17602001</misses>
				<total>15</total>
				<timestamp>6330.383547</timestamp>
			</report>
			<report>
				<misses>17603001</misses>
				<total>15</total>
				<timestamp>6330.743102</timestamp>
			</report>
			<report>
				<misses>17604001</misses>
				<total>15</total>
				<timestamp>6331.102802</timestamp>
			</report>
			<report>
				<misses>17605001</misses>
				<total>15</total>
				<timestamp>6331.462395</timestamp>
			</report>
			<report>
				<misses>17606001</misses>
				<total>15</total>
				<timestamp>6331.822021</timestamp>
			</report>
			<report>
				<misses>17607001</misses>
				<total>15</total>
				<timestamp>6332.181674</timestamp>
			</report>
			<report>
				<misses>17608001</misses>
				<total>15</total>
				<timestamp>6332.541296</timestamp>
			</report>
			<report>
				<misses>17609001</misses>
				<total>15</total>
				<timestamp>6332.900954</timestamp>
			</report>
			<report>
				<misses>17610001</misses>
				<total>15</total>
				<timestamp>6333.260703</timestamp>
			</report>
			<report>
				<misses>17611001</misses>
				<total>15</total>
				<timestamp>6333.620251</timestamp>
			</report>
			<report>
				<misses>17612001</misses>
				<total>15</total>
				<timestamp>6333.979852</timestamp>
			</report>
			<report>
				<misses>17613001</misses>
				<total>15</total>
				<timestamp>6334.339523</timestamp>
			</report>
			<report>
				<misses>17614001</misses>
				<total>15</total>
				<timestamp>6334.699145</timestamp>
			</report>
			<report>
				<misses>17615001</misses>
				<total>15</total>
				<timestamp>6335.058825</timestamp>
			</report>
			<report>
				<misses>17616001</misses>
				<total>15</total>
				<timestamp>6335.418469</timestamp>
			</report>
			<report>
				<misses>17617001</misses>
				<total>15</total>
				<timestamp>6335.778134</timestamp>
			</report>
			<report>
				<misses>17618001</misses>
				<total>15</total>
				<timestamp>6336.137752</timestamp>
			</report>
			<report>
				<misses>17619001</misses>
				<total>15</total>
				<timestamp>6336.497383</timestamp>
			</report>
			<report>
				<misses>17620001</misses>
				<total>15</total>
				<timestamp>6336.856994</timestamp>
			</report>
			<report>
				<misses>17621001</misses>
				<total>15</total>
				<timestamp>6337.216694</timestamp>
			</report>
			<report>
				<misses>17622001</misses>
				<total>15</total>
				<timestamp>6337.576275</timestamp>
			</report>
			<report>
				<misses>17623001</misses>
				<total>15</total>
				<timestamp>6337.935901</timestamp>
			</report>
			<report>
				<misses>17624001</misses>
				<total>15</total>
				<timestamp>6338.295615</timestamp>
			</report>
			<report>
				<misses>17625001</misses>
				<total>15</total>
				<timestamp>6338.655190</timestamp>
			</report>
			<report>
				<misses>17626001</misses>
				<total>15</total>
				<timestamp>6339.014810</timestamp>
			</report>
			<report>
				<misses>17627001</misses>
				<total>15</total>
				<timestamp>6339.374461</timestamp>
			</report>
			<report>
				<misses>17628001</misses>
				<total>15</total>
				<timestamp>6339.734237</timestamp>
			</report>
			<report>
				<misses>17629001</misses>
				<total>15</total>
				<timestamp>6340.093737</timestamp>
			</report>
			<report>
				<misses>17630001</misses>
				<total>15</total>
				<timestamp>6340.453439</timestamp>
			</report>
			<report>
				<misses>17631001</misses>
				<total>15</total>
				<timestamp>6340.813098</timestamp>
			</report>
			<report>
				<misses>17632001</misses>
				<total>15</total>
				<timestamp>6341.172694</timestamp>
			</report>
			<report>
				<misses>17633001</misses>
				<total>15</total>
				<timestamp>6341.532309</timestamp>
			</report>
			<report>
				<misses>17634001</misses>
				<total>15</total>
				<timestamp>6341.891979</timestamp>
			</report>
			<report>
				<misses>17635001</misses>
				<total>15</total>
				<timestamp>6342.251585</timestamp>
			</report>
			<report>
				<misses>17636001</misses>
				<total>15</total>
				<timestamp>6342.611255</timestamp>
			</report>
			<report>
				<misses>17637001</misses>
				<total>15</total>
				<timestamp>6342.970852</timestamp>
			</report>
			<report>
				<misses>17638001</misses>
				<total>15</total>
				<timestamp>6343.330556</timestamp>
			</report>
			<report>
				<misses>17639001</misses>
				<total>15</total>
				<timestamp>6343.690193</timestamp>
			</report>
			<report>
				<misses>17640001</misses>
				<total>15</total>
				<timestamp>6344.049805</timestamp>
			</report>
			<report>
				<misses>17641001</misses>
				<total>15</total>
				<timestamp>6344.409587</timestamp>
			</report>
			<report>
				<misses>17642001</misses>
				<total>15</total>
				<timestamp>6344.769068</timestamp>
			</report>
			<report>
				<misses>17643001</misses>
				<total>15</total>
				<timestamp>6345.128724</timestamp>
			</report>
			<report>
				<misses>17644001</misses>
				<total>15</total>
				<timestamp>6345.488349</timestamp>
			</report>
			<report>
				<misses>17645001</misses>
				<total>15</total>
				<timestamp>6345.847987</timestamp>
			</report>
			<report>
				<misses>17646001</misses>
				<total>15</total>
				<timestamp>6346.207610</timestamp>
			</report>
			<report>
				<misses>17647001</misses>
				<total>15</total>
				<timestamp>6346.567361</timestamp>
			</report>
			<report>
				<misses>17648001</misses>
				<total>15</total>
				<timestamp>6346.926910</timestamp>
			</report>
			<report>
				<misses>17649001</misses>
				<total>15</total>
				<timestamp>6347.286532</timestamp>
			</report>
			<report>
				<misses>17650001</misses>
				<total>15</total>
				<timestamp>6347.646216</timestamp>
			</report>
			<report>
				<misses>17651001</misses>
				<total>15</total>
				<timestamp>6348.005848</timestamp>
			</report>
			<report>
				<misses>17652001</misses>
				<total>15</total>
				<timestamp>6348.365563</timestamp>
			</report>
			<report>
				<misses>17653001</misses>
				<total>15</total>
				<timestamp>6348.725134</timestamp>
			</report>
			<report>
				<misses>17654001</misses>
				<total>15</total>
				<timestamp>6349.084796</timestamp>
			</report>
			<report>
				<misses>17655001</misses>
				<total>15</total>
				<timestamp>6349.444398</timestamp>
			</report>
			<report>
				<misses>17656001</misses>
				<total>15</total>
				<timestamp>6349.804095</timestamp>
			</report>
			<report>
				<misses>17657001</misses>
				<total>15</total>
				<timestamp>6350.163696</timestamp>
			</report>
			<report>
				<misses>17658001</misses>
				<total>15</total>
				<timestamp>6350.523343</timestamp>
			</report>
			<report>
				<misses>17659001</misses>
				<total>15</total>
				<timestamp>6350.882949</timestamp>
			</report>
			<report>
				<misses>17660001</misses>
				<total>15</total>
				<timestamp>6351.242578</timestamp>
			</report>
			<report>
				<misses>17661001</misses>
				<total>15</total>
				<timestamp>6351.602270</timestamp>
			</report>
			<report>
				<misses>17662001</misses>
				<total>15</total>
				<timestamp>6351.961904</timestamp>
			</report>
			<report>
				<misses>17663001</misses>
				<total>15</total>
				<timestamp>6352.321516</timestamp>
			</report>
			<report>
				<misses>17664001</misses>
				<total>15</total>
				<timestamp>6352.681147</timestamp>
			</report>
			<report>
				<misses>17665001</misses>
				<total>15</total>
				<timestamp>6353.040784</timestamp>
			</report>
			<report>
				<misses>17666001</misses>
				<total>15</total>
				<timestamp>6353.400444</timestamp>
			</report>
			<report>
				<misses>17667001</misses>
				<total>15</total>
				<timestamp>6353.760098</timestamp>
			</report>
			<report>
				<misses>17668001</misses>
				<total>15</total>
				<timestamp>6354.119764</timestamp>
			</report>
			<report>
				<misses>17669001</misses>
				<total>15</total>
				<timestamp>6354.479382</timestamp>
			</report>
			<report>
				<misses>17670001</misses>
				<total>15</total>
				<timestamp>6354.838986</timestamp>
			</report>
			<report>
				<misses>17671001</misses>
				<total>15</total>
				<timestamp>6355.198624</timestamp>
			</report>
			<report>
				<misses>17672001</misses>
				<total>15</total>
				<timestamp>6355.558391</timestamp>
			</report>
			<report>
				<misses>17673001</misses>
				<total>15</total>
				<timestamp>6355.917890</timestamp>
			</report>
			<report>
				<misses>17674001</misses>
				<total>15</total>
				<timestamp>6356.277538</timestamp>
			</report>
			<report>
				<misses>17675001</misses>
				<total>15</total>
				<timestamp>6356.637203</timestamp>
			</report>
			<report>
				<misses>17676001</misses>
				<total>15</total>
				<timestamp>6356.996814</timestamp>
			</report>
			<report>
				<misses>17677001</misses>
				<total>15</total>
				<timestamp>6357.356489</timestamp>
			</report>
			<report>
				<misses>17678001</misses>
				<total>15</total>
				<timestamp>6357.716087</timestamp>
			</report>
			<report>
				<misses>17679001</misses>
				<total>15</total>
				<timestamp>6358.075762</timestamp>
			</report>
			<report>
				<misses>17680001</misses>
				<total>15</total>
				<timestamp>6358.435439</timestamp>
			</report>
			<report>
				<misses>17681001</misses>
				<total>15</total>
				<timestamp>6358.795086</timestamp>
			</report>
			<report>
				<misses>17682001</misses>
				<total>15</total>
				<timestamp>6359.154643</timestamp>
			</report>
			<report>
				<misses>17683001</misses>
				<total>15</total>
				<timestamp>6359.514341</timestamp>
			</report>
			<report>
				<misses>17684001</misses>
				<total>15</total>
				<timestamp>6359.873982</timestamp>
			</report>
			<report>
				<misses>17685001</misses>
				<total>15</total>
				<timestamp>6360.233615</timestamp>
			</report>
			<report>
				<misses>17686001</misses>
				<total>15</total>
				<timestamp>6360.593247</timestamp>
			</report>
			<report>
				<misses>17687001</misses>
				<total>15</total>
				<timestamp>6360.952853</timestamp>
			</report>
			<report>
				<misses>17688001</misses>
				<total>15</total>
				<timestamp>6361.312515</timestamp>
			</report>
			<report>
				<misses>17689001</misses>
				<total>15</total>
				<timestamp>6361.672175</timestamp>
			</report>
			<report>
				<misses>17690001</misses>
				<total>15</total>
				<timestamp>6362.031775</timestamp>
			</report>
			<report>
				<misses>17691001</misses>
				<total>15</total>
				<timestamp>6362.391468</timestamp>
			</report>
			<report>
				<misses>17692001</misses>
				<total>15</total>
				<timestamp>6362.751124</timestamp>
			</report>
			<report>
				<misses>17693001</misses>
				<total>15</total>
				<timestamp>6363.110765</timestamp>
			</report>
			<report>
				<misses>17694001</misses>
				<total>15</total>
				<timestamp>6363.470359</timestamp>
			</report>
			<report>
				<misses>17695001</misses>
				<total>15</total>
				<timestamp>6363.830007</timestamp>
			</report>
			<report>
				<misses>17696001</misses>
				<total>15</total>
				<timestamp>6364.189603</timestamp>
			</report>
			<report>
				<misses>17697001</misses>
				<total>15</total>
				<timestamp>6364.549352</timestamp>
			</report>
			<report>
				<misses>17698001</misses>
				<total>15</total>
				<timestamp>6364.908885</timestamp>
			</report>
			<report>
				<misses>17699001</misses>
				<total>15</total>
				<timestamp>6365.268594</timestamp>
			</report>
			<report>
				<misses>17700001</misses>
				<total>15</total>
				<timestamp>6365.628166</timestamp>
			</report>
			<report>
				<misses>17701001</misses>
				<total>15</total>
				<timestamp>6365.987812</timestamp>
			</report>
			<report>
				<misses>17702001</misses>
				<total>15</total>
				<timestamp>6366.347462</timestamp>
			</report>
			<report>
				<misses>17703001</misses>
				<total>15</total>
				<timestamp>6366.707180</timestamp>
			</report>
			<report>
				<misses>17704001</misses>
				<total>15</total>
				<timestamp>6367.066776</timestamp>
			</report>
			<report>
				<misses>17705001</misses>
				<total>15</total>
				<timestamp>6367.426419</timestamp>
			</report>
			<report>
				<misses>17706001</misses>
				<total>15</total>
				<timestamp>6367.786082</timestamp>
			</report>
			<report>
				<misses>17707001</misses>
				<total>15</total>
				<timestamp>6368.145638</timestamp>
			</report>
			<report>
				<misses>17708001</misses>
				<total>15</total>
				<timestamp>6368.505396</timestamp>
			</report>
			<report>
				<misses>17709001</misses>
				<total>15</total>
				<timestamp>6368.864955</timestamp>
			</report>
			<report>
				<misses>17710001</misses>
				<total>15</total>
				<timestamp>6369.224649</timestamp>
			</report>
			<report>
				<misses>17711001</misses>
				<total>15</total>
				<timestamp>6369.584315</timestamp>
			</report>
			<report>
				<misses>17712001</misses>
				<total>15</total>
				<timestamp>6369.943853</timestamp>
			</report>
			<report>
				<misses>17713001</misses>
				<total>15</total>
				<timestamp>6370.303540</timestamp>
			</report>
			<report>
				<misses>17714001</misses>
				<total>15</total>
				<timestamp>6370.663294</timestamp>
			</report>
			<report>
				<misses>17715001</misses>
				<total>15</total>
				<timestamp>6371.022784</timestamp>
			</report>
			<report>
				<misses>17716001</misses>
				<total>15</total>
				<timestamp>6371.382452</timestamp>
			</report>
			<report>
				<misses>17717001</misses>
				<total>15</total>
				<timestamp>6371.742085</timestamp>
			</report>
			<report>
				<misses>17718001</misses>
				<total>15</total>
				<timestamp>6372.101725</timestamp>
			</report>
			<report>
				<misses>17719001</misses>
				<total>15</total>
				<timestamp>6372.461351</timestamp>
			</report>
			<report>
				<misses>17720001</misses>
				<total>15</total>
				<timestamp>6372.820982</timestamp>
			</report>
			<report>
				<misses>17721001</misses>
				<total>15</total>
				<timestamp>6373.180657</timestamp>
			</report>
			<report>
				<misses>17722001</misses>
				<total>15</total>
				<timestamp>6373.540281</timestamp>
			</report>
			<report>
				<misses>17723001</misses>
				<total>15</total>
				<timestamp>6373.899959</timestamp>
			</report>
			<report>
				<misses>17724001</misses>
				<total>15</total>
				<timestamp>6374.259525</timestamp>
			</report>
			<report>
				<misses>17725001</misses>
				<total>15</total>
				<timestamp>6374.619245</timestamp>
			</report>
			<report>
				<misses>17726001</misses>
				<total>15</total>
				<timestamp>6374.978830</timestamp>
			</report>
			<report>
				<misses>17727001</misses>
				<total>15</total>
				<timestamp>6375.338453</timestamp>
			</report>
			<report>
				<misses>17728001</misses>
				<total>15</total>
				<timestamp>6375.698097</timestamp>
			</report>
			<report>
				<misses>17729001</misses>
				<total>15</total>
				<timestamp>6376.057767</timestamp>
			</report>
			<report>
				<misses>17730001</misses>
				<total>15</total>
				<timestamp>6376.417418</timestamp>
			</report>
			<report>
				<misses>17731001</misses>
				<total>15</total>
				<timestamp>6376.777035</timestamp>
			</report>
			<report>
				<misses>17732001</misses>
				<total>15</total>
				<timestamp>6377.136740</timestamp>
			</report>
			<report>
				<misses>17733001</misses>
				<total>15</total>
				<timestamp>6377.496419</timestamp>
			</report>
			<report>
				<misses>17734001</misses>
				<total>15</total>
				<timestamp>6377.855931</timestamp>
			</report>
			<report>
				<misses>17735001</misses>
				<total>15</total>
				<timestamp>6378.215632</timestamp>
			</report>
			<report>
				<misses>17736001</misses>
				<total>15</total>
				<timestamp>6378.575238</timestamp>
			</report>
			<report>
				<misses>17737001</misses>
				<total>15</total>
				<timestamp>6378.934926</timestamp>
			</report>
			<report>
				<misses>17738001</misses>
				<total>15</total>
				<timestamp>6379.294522</timestamp>
			</report>
			<report>
				<misses>17739001</misses>
				<total>15</total>
				<timestamp>6379.654195</timestamp>
			</report>
			<report>
				<misses>17740001</misses>
				<total>15</total>
				<timestamp>6380.013825</timestamp>
			</report>
			<report>
				<misses>17741001</misses>
				<total>15</total>
				<timestamp>6380.373439</timestamp>
			</report>
			<report>
				<misses>17742001</misses>
				<total>15</total>
				<timestamp>6380.733072</timestamp>
			</report>
			<report>
				<misses>17743001</misses>
				<total>15</total>
				<timestamp>6381.092778</timestamp>
			</report>
			<report>
				<misses>17744001</misses>
				<total>15</total>
				<timestamp>6381.452334</timestamp>
			</report>
			<report>
				<misses>17745001</misses>
				<total>15</total>
				<timestamp>6381.812090</timestamp>
			</report>
			<report>
				<misses>17746001</misses>
				<total>15</total>
				<timestamp>6382.171619</timestamp>
			</report>
			<report>
				<misses>17747001</misses>
				<total>15</total>
				<timestamp>6382.531296</timestamp>
			</report>
			<report>
				<misses>17748001</misses>
				<total>15</total>
				<timestamp>6382.890930</timestamp>
			</report>
			<report>
				<misses>17749001</misses>
				<total>15</total>
				<timestamp>6383.250590</timestamp>
			</report>
			<report>
				<misses>17750001</misses>
				<total>15</total>
				<timestamp>6383.610199</timestamp>
			</report>
			<report>
				<misses>17751001</misses>
				<total>15</total>
				<timestamp>6383.969823</timestamp>
			</report>
			<report>
				<misses>17752001</misses>
				<total>15</total>
				<timestamp>6384.329494</timestamp>
			</report>
			<report>
				<misses>17753001</misses>
				<total>15</total>
				<timestamp>6384.689208</timestamp>
			</report>
			<report>
				<misses>17754001</misses>
				<total>15</total>
				<timestamp>6385.048752</timestamp>
			</report>
			<report>
				<misses>17755001</misses>
				<total>15</total>
				<timestamp>6385.408378</timestamp>
			</report>
			<report>
				<misses>17756001</misses>
				<total>15</total>
				<timestamp>6385.768099</timestamp>
			</report>
			<report>
				<misses>17757001</misses>
				<total>15</total>
				<timestamp>6386.127667</timestamp>
			</report>
			<report>
				<misses>17758001</misses>
				<total>15</total>
				<timestamp>6386.487347</timestamp>
			</report>
			<report>
				<misses>17759001</misses>
				<total>15</total>
				<timestamp>6386.846989</timestamp>
			</report>
			<report>
				<misses>17760001</misses>
				<total>15</total>
				<timestamp>6387.206562</timestamp>
			</report>
			<report>
				<misses>17761001</misses>
				<total>15</total>
				<timestamp>6387.566270</timestamp>
			</report>
			<report>
				<misses>17762001</misses>
				<total>15</total>
				<timestamp>6387.925868</timestamp>
			</report>
			<report>
				<misses>17763001</misses>
				<total>15</total>
				<timestamp>6388.285511</timestamp>
			</report>
			<report>
				<misses>17764001</misses>
				<total>15</total>
				<timestamp>6388.645192</timestamp>
			</report>
			<report>
				<misses>17765001</misses>
				<total>15</total>
				<timestamp>6389.004796</timestamp>
			</report>
			<report>
				<misses>17766001</misses>
				<total>15</total>
				<timestamp>6389.364464</timestamp>
			</report>
			<report>
				<misses>17767001</misses>
				<total>15</total>
				<timestamp>6389.724085</timestamp>
			</report>
			<report>
				<misses>17768001</misses>
				<total>15</total>
				<timestamp>6390.083751</timestamp>
			</report>
			<report>
				<misses>17769001</misses>
				<total>15</total>
				<timestamp>6390.443325</timestamp>
			</report>
			<report>
				<misses>17770001</misses>
				<total>15</total>
				<timestamp>6390.803068</timestamp>
			</report>
			<report>
				<misses>17771001</misses>
				<total>15</total>
				<timestamp>6391.162607</timestamp>
			</report>
			<report>
				<misses>17772001</misses>
				<total>15</total>
				<timestamp>6391.522249</timestamp>
			</report>
			<report>
				<misses>17773001</misses>
				<total>15</total>
				<timestamp>6391.881901</timestamp>
			</report>
			<report>
				<misses>17774001</misses>
				<total>15</total>
				<timestamp>6392.241539</timestamp>
			</report>
			<report>
				<misses>17775001</misses>
				<total>15</total>
				<timestamp>6392.601187</timestamp>
			</report>
			<report>
				<misses>17776001</misses>
				<total>15</total>
				<timestamp>6392.960810</timestamp>
			</report>
			<report>
				<misses>17777001</misses>
				<total>15</total>
				<timestamp>6393.320473</timestamp>
			</report>
			<report>
				<misses>17778001</misses>
				<total>15</total>
				<timestamp>6393.680251</timestamp>
			</report>
			<report>
				<misses>17779001</misses>
				<total>15</total>
				<timestamp>6394.039726</timestamp>
			</report>
			<report>
				<misses>17780001</misses>
				<total>15</total>
				<timestamp>6394.399365</timestamp>
			</report>
			<report>
				<misses>17781001</misses>
				<total>15</total>
				<timestamp>6394.759075</timestamp>
			</report>
			<report>
				<misses>17782001</misses>
				<total>15</total>
				<timestamp>6395.118720</timestamp>
			</report>
			<report>
				<misses>17783001</misses>
				<total>15</total>
				<timestamp>6395.478329</timestamp>
			</report>
			<report>
				<misses>17784001</misses>
				<total>15</total>
				<timestamp>6395.837965</timestamp>
			</report>
			<report>
				<misses>17785001</misses>
				<total>15</total>
				<timestamp>6396.197572</timestamp>
			</report>
			<report>
				<misses>17786001</misses>
				<total>15</total>
				<timestamp>6396.557300</timestamp>
			</report>
			<report>
				<misses>17787001</misses>
				<total>15</total>
				<timestamp>6396.916916</timestamp>
			</report>
			<report>
				<misses>17788001</misses>
				<total>15</total>
				<timestamp>6397.276502</timestamp>
			</report>
			<report>
				<misses>17789001</misses>
				<total>15</total>
				<timestamp>6397.636152</timestamp>
			</report>
			<report>
				<misses>17790001</misses>
				<total>15</total>
				<timestamp>6397.995803</timestamp>
			</report>
			<report>
				<misses>17791001</misses>
				<total>15</total>
				<timestamp>6398.355403</timestamp>
			</report>
			<report>
				<misses>17792001</misses>
				<total>15</total>
				<timestamp>6398.715165</timestamp>
			</report>
			<report>
				<misses>17793001</misses>
				<total>15</total>
				<timestamp>6399.074697</timestamp>
			</report>
			<report>
				<misses>17794001</misses>
				<total>15</total>
				<timestamp>6399.434346</timestamp>
			</report>
			<report>
				<misses>17795001</misses>
				<total>15</total>
				<timestamp>6399.794084</timestamp>
			</report>
			<report>
				<misses>17796001</misses>
				<total>15</total>
				<timestamp>6400.153610</timestamp>
			</report>
			<report>
				<misses>17797001</misses>
				<total>15</total>
				<timestamp>6400.513264</timestamp>
			</report>
			<report>
				<misses>17798001</misses>
				<total>15</total>
				<timestamp>6400.872893</timestamp>
			</report>
			<report>
				<misses>17799001</misses>
				<total>15</total>
				<timestamp>6401.232605</timestamp>
			</report>
			<report>
				<misses>17800001</misses>
				<total>15</total>
				<timestamp>6401.592262</timestamp>
			</report>
			<report>
				<misses>17801001</misses>
				<total>15</total>
				<timestamp>6401.951881</timestamp>
			</report>
			<report>
				<misses>17802001</misses>
				<total>15</total>
				<timestamp>6402.311512</timestamp>
			</report>
			<report>
				<misses>17803001</misses>
				<total>15</total>
				<timestamp>6402.671132</timestamp>
			</report>
			<report>
				<misses>17804001</misses>
				<total>15</total>
				<timestamp>6403.030790</timestamp>
			</report>
			<report>
				<misses>17805001</misses>
				<total>15</total>
				<timestamp>6403.390399</timestamp>
			</report>
			<report>
				<misses>17806001</misses>
				<total>15</total>
				<timestamp>6403.750081</timestamp>
			</report>
			<report>
				<misses>17807001</misses>
				<total>15</total>
				<timestamp>6404.109695</timestamp>
			</report>
			<report>
				<misses>17808001</misses>
				<total>15</total>
				<timestamp>6404.469323</timestamp>
			</report>
			<report>
				<misses>17809001</misses>
				<total>15</total>
				<timestamp>6404.829003</timestamp>
			</report>
			<report>
				<misses>17810001</misses>
				<total>15</total>
				<timestamp>6405.188562</timestamp>
			</report>
			<report>
				<misses>17811001</misses>
				<total>15</total>
				<timestamp>6405.548225</timestamp>
			</report>
			<report>
				<misses>17812001</misses>
				<total>15</total>
				<timestamp>6405.908002</timestamp>
			</report>
			<report>
				<misses>17813001</misses>
				<total>15</total>
				<timestamp>6406.267516</timestamp>
			</report>
			<report>
				<misses>17814001</misses>
				<total>15</total>
				<timestamp>6406.627163</timestamp>
			</report>
			<report>
				<misses>17815001</misses>
				<total>15</total>
				<timestamp>6406.986821</timestamp>
			</report>
			<report>
				<misses>17816001</misses>
				<total>15</total>
				<timestamp>6407.346416</timestamp>
			</report>
			<report>
				<misses>17817001</misses>
				<total>15</total>
				<timestamp>6407.706067</timestamp>
			</report>
			<report>
				<misses>17818001</misses>
				<total>15</total>
				<timestamp>6408.065703</timestamp>
			</report>
			<report>
				<misses>17819001</misses>
				<total>15</total>
				<timestamp>6408.425339</timestamp>
			</report>
			<report>
				<misses>17820001</misses>
				<total>15</total>
				<timestamp>6408.785031</timestamp>
			</report>
			<report>
				<misses>17821001</misses>
				<total>15</total>
				<timestamp>6409.144681</timestamp>
			</report>
			<report>
				<misses>17822001</misses>
				<total>15</total>
				<timestamp>6409.504303</timestamp>
			</report>
			<report>
				<misses>17823001</misses>
				<total>15</total>
				<timestamp>6409.863995</timestamp>
			</report>
			<report>
				<misses>17824001</misses>
				<total>15</total>
				<timestamp>6410.223568</timestamp>
			</report>
			<report>
				<misses>17825001</misses>
				<total>15</total>
				<timestamp>6410.583213</timestamp>
			</report>
			<report>
				<misses>17826001</misses>
				<total>15</total>
				<timestamp>6410.942862</timestamp>
			</report>
			<report>
				<misses>17827001</misses>
				<total>15</total>
				<timestamp>6411.302479</timestamp>
			</report>
			<report>
				<misses>17828001</misses>
				<total>15</total>
				<timestamp>6411.662131</timestamp>
			</report>
			<report>
				<misses>17829001</misses>
				<total>15</total>
				<timestamp>6412.021773</timestamp>
			</report>
			<report>
				<misses>17830001</misses>
				<total>15</total>
				<timestamp>6412.381383</timestamp>
			</report>
			<report>
				<misses>17831001</misses>
				<total>15</total>
				<timestamp>6412.741050</timestamp>
			</report>
			<report>
				<misses>17832001</misses>
				<total>15</total>
				<timestamp>6413.100654</timestamp>
			</report>
			<report>
				<misses>17833001</misses>
				<total>15</total>
				<timestamp>6413.460349</timestamp>
			</report>
			<report>
				<misses>17834001</misses>
				<total>15</total>
				<timestamp>6413.819971</timestamp>
			</report>
			<report>
				<misses>17835001</misses>
				<total>15</total>
				<timestamp>6414.179571</timestamp>
			</report>
			<report>
				<misses>17836001</misses>
				<total>15</total>
				<timestamp>6414.539251</timestamp>
			</report>
			<report>
				<misses>17837001</misses>
				<total>15</total>
				<timestamp>6414.898896</timestamp>
			</report>
			<report>
				<misses>17838001</misses>
				<total>15</total>
				<timestamp>6415.258517</timestamp>
			</report>
			<report>
				<misses>17839001</misses>
				<total>15</total>
				<timestamp>6415.618186</timestamp>
			</report>
			<report>
				<misses>17840001</misses>
				<total>15</total>
				<timestamp>6415.977849</timestamp>
			</report>
			<report>
				<misses>17841001</misses>
				<total>15</total>
				<timestamp>6416.337462</timestamp>
			</report>
			<report>
				<misses>17842001</misses>
				<total>15</total>
				<timestamp>6416.697092</timestamp>
			</report>
			<report>
				<misses>17843001</misses>
				<total>15</total>
				<timestamp>6417.056748</timestamp>
			</report>
			<report>
				<misses>17844001</misses>
				<total>15</total>
				<timestamp>6417.416367</timestamp>
			</report>
			<report>
				<misses>17845001</misses>
				<total>15</total>
				<timestamp>6417.776008</timestamp>
			</report>
			<report>
				<misses>17846001</misses>
				<total>15</total>
				<timestamp>6418.135681</timestamp>
			</report>
			<report>
				<misses>17847001</misses>
				<total>15</total>
				<timestamp>6418.495297</timestamp>
			</report>
			<report>
				<misses>17848001</misses>
				<total>15</total>
				<timestamp>6418.854945</timestamp>
			</report>
			<report>
				<misses>17849001</misses>
				<total>15</total>
				<timestamp>6419.214572</timestamp>
			</report>
			<report>
				<misses>17850001</misses>
				<total>15</total>
				<timestamp>6419.574176</timestamp>
			</report>
			<report>
				<misses>17851001</misses>
				<total>15</total>
				<timestamp>6419.933817</timestamp>
			</report>
			<report>
				<misses>17852001</misses>
				<total>15</total>
				<timestamp>6420.293470</timestamp>
			</report>
			<report>
				<misses>17853001</misses>
				<total>15</total>
				<timestamp>6420.653113</timestamp>
			</report>
			<report>
				<misses>17854001</misses>
				<total>15</total>
				<timestamp>6421.012828</timestamp>
			</report>
			<report>
				<misses>17855001</misses>
				<total>15</total>
				<timestamp>6421.372374</timestamp>
			</report>
			<report>
				<misses>17856001</misses>
				<total>15</total>
				<timestamp>6421.732068</timestamp>
			</report>
			<report>
				<misses>17857001</misses>
				<total>15</total>
				<timestamp>6422.091692</timestamp>
			</report>
			<report>
				<misses>17858001</misses>
				<total>15</total>
				<timestamp>6422.451313</timestamp>
			</report>
			<report>
				<misses>17859001</misses>
				<total>15</total>
				<timestamp>6422.811040</timestamp>
			</report>
			<report>
				<misses>17860001</misses>
				<total>15</total>
				<timestamp>6423.170660</timestamp>
			</report>
			<report>
				<misses>17861001</misses>
				<total>15</total>
				<timestamp>6423.530229</timestamp>
			</report>
			<report>
				<misses>17862001</misses>
				<total>15</total>
				<timestamp>6423.889910</timestamp>
			</report>
			<report>
				<misses>17863001</misses>
				<total>15</total>
				<timestamp>6424.249514</timestamp>
			</report>
			<report>
				<misses>17864001</misses>
				<total>15</total>
				<timestamp>6424.609149</timestamp>
			</report>
			<report>
				<misses>17865001</misses>
				<total>15</total>
				<timestamp>6424.968812</timestamp>
			</report>
			<report>
				<misses>17866001</misses>
				<total>15</total>
				<timestamp>6425.328449</timestamp>
			</report>
			<report>
				<misses>17867001</misses>
				<total>15</total>
				<timestamp>6425.688051</timestamp>
			</report>
			<report>
				<misses>17868001</misses>
				<total>15</total>
				<timestamp>6426.047757</timestamp>
			</report>
			<report>
				<misses>17869001</misses>
				<total>15</total>
				<timestamp>6426.407340</timestamp>
			</report>
			<report>
				<misses>17870001</misses>
				<total>15</total>
				<timestamp>6426.767071</timestamp>
			</report>
			<report>
				<misses>17871001</misses>
				<total>15</total>
				<timestamp>6427.126725</timestamp>
			</report>
			<report>
				<misses>17872001</misses>
				<total>15</total>
				<timestamp>6427.486252</timestamp>
			</report>
			<report>
				<misses>17873001</misses>
				<total>15</total>
				<timestamp>6427.845894</timestamp>
			</report>
			<report>
				<misses>17874001</misses>
				<total>15</total>
				<timestamp>6428.205577</timestamp>
			</report>
			<report>
				<misses>17875001</misses>
				<total>15</total>
				<timestamp>6428.565183</timestamp>
			</report>
			<report>
				<misses>17876001</misses>
				<total>15</total>
				<timestamp>6428.924907</timestamp>
			</report>
			<report>
				<misses>17877001</misses>
				<total>15</total>
				<timestamp>6429.284467</timestamp>
			</report>
			<report>
				<misses>17878001</misses>
				<total>15</total>
				<timestamp>6429.644127</timestamp>
			</report>
			<report>
				<misses>17879001</misses>
				<total>15</total>
				<timestamp>6430.003750</timestamp>
			</report>
			<report>
				<misses>17880001</misses>
				<total>15</total>
				<timestamp>6430.363401</timestamp>
			</report>
			<report>
				<misses>17881001</misses>
				<total>15</total>
				<timestamp>6430.723034</timestamp>
			</report>
			<report>
				<misses>17882001</misses>
				<total>15</total>
				<timestamp>6431.082657</timestamp>
			</report>
			<report>
				<misses>17883001</misses>
				<total>15</total>
				<timestamp>6431.442341</timestamp>
			</report>
			<report>
				<misses>17884001</misses>
				<total>15</total>
				<timestamp>6431.801958</timestamp>
			</report>
			<report>
				<misses>17885001</misses>
				<total>15</total>
				<timestamp>6432.161591</timestamp>
			</report>
			<report>
				<misses>17886001</misses>
				<total>15</total>
				<timestamp>6432.521221</timestamp>
			</report>
			<report>
				<misses>17887001</misses>
				<total>15</total>
				<timestamp>6432.880932</timestamp>
			</report>
			<report>
				<misses>17888001</misses>
				<total>15</total>
				<timestamp>6433.240509</timestamp>
			</report>
			<report>
				<misses>17889001</misses>
				<total>15</total>
				<timestamp>6433.600133</timestamp>
			</report>
			<report>
				<misses>17890001</misses>
				<total>15</total>
				<timestamp>6433.959822</timestamp>
			</report>
			<report>
				<misses>17891001</misses>
				<total>15</total>
				<timestamp>6434.319444</timestamp>
			</report>
			<report>
				<misses>17892001</misses>
				<total>15</total>
				<timestamp>6434.679062</timestamp>
			</report>
			<report>
				<misses>17893001</misses>
				<total>15</total>
				<timestamp>6435.038710</timestamp>
			</report>
			<report>
				<misses>17894001</misses>
				<total>15</total>
				<timestamp>6435.398352</timestamp>
			</report>
			<report>
				<misses>17895001</misses>
				<total>15</total>
				<timestamp>6435.757999</timestamp>
			</report>
			<report>
				<misses>17896001</misses>
				<total>15</total>
				<timestamp>6436.117618</timestamp>
			</report>
			<report>
				<misses>17897001</misses>
				<total>15</total>
				<timestamp>6436.477283</timestamp>
			</report>
			<report>
				<misses>17898001</misses>
				<total>15</total>
				<timestamp>6436.836917</timestamp>
			</report>
			<report>
				<misses>17899001</misses>
				<total>15</total>
				<timestamp>6437.196535</timestamp>
			</report>
			<report>
				<misses>17900001</misses>
				<total>15</total>
				<timestamp>6437.556234</timestamp>
			</report>
			<report>
				<misses>17901001</misses>
				<total>15</total>
				<timestamp>6437.915873</timestamp>
			</report>
			<report>
				<misses>17902001</misses>
				<total>15</total>
				<timestamp>6438.275544</timestamp>
			</report>
			<report>
				<misses>17903001</misses>
				<total>15</total>
				<timestamp>6438.635086</timestamp>
			</report>
			<report>
				<misses>17904001</misses>
				<total>15</total>
				<timestamp>6438.994776</timestamp>
			</report>
			<report>
				<misses>17905001</misses>
				<total>15</total>
				<timestamp>6439.354381</timestamp>
			</report>
			<report>
				<misses>17906001</misses>
				<total>15</total>
				<timestamp>6439.714061</timestamp>
			</report>
			<report>
				<misses>17907001</misses>
				<total>15</total>
				<timestamp>6440.073650</timestamp>
			</report>
			<report>
				<misses>17908001</misses>
				<total>15</total>
				<timestamp>6440.433340</timestamp>
			</report>
			<report>
				<misses>17909001</misses>
				<total>15</total>
				<timestamp>6440.792969</timestamp>
			</report>
			<report>
				<misses>17910001</misses>
				<total>15</total>
				<timestamp>6441.152624</timestamp>
			</report>
			<report>
				<misses>17911001</misses>
				<total>15</total>
				<timestamp>6441.512226</timestamp>
			</report>
			<report>
				<misses>17912001</misses>
				<total>15</total>
				<timestamp>6441.871885</timestamp>
			</report>
			<report>
				<misses>17913001</misses>
				<total>15</total>
				<timestamp>6442.231540</timestamp>
			</report>
			<report>
				<misses>17914001</misses>
				<total>15</total>
				<timestamp>6442.591136</timestamp>
			</report>
			<report>
				<misses>17915001</misses>
				<total>15</total>
				<timestamp>6442.950929</timestamp>
			</report>
			<report>
				<misses>17916001</misses>
				<total>15</total>
				<timestamp>6443.310402</timestamp>
			</report>
			<report>
				<misses>17917001</misses>
				<total>15</total>
				<timestamp>6443.670067</timestamp>
			</report>
			<report>
				<misses>17918001</misses>
				<total>15</total>
				<timestamp>6444.029718</timestamp>
			</report>
			<report>
				<misses>17919001</misses>
				<total>15</total>
				<timestamp>6444.389343</timestamp>
			</report>
			<report>
				<misses>17920001</misses>
				<total>15</total>
				<timestamp>6444.749045</timestamp>
			</report>
			<report>
				<misses>17921001</misses>
				<total>15</total>
				<timestamp>6445.108612</timestamp>
			</report>
			<report>
				<misses>17922001</misses>
				<total>15</total>
				<timestamp>6445.468271</timestamp>
			</report>
			<report>
				<misses>17923001</misses>
				<total>15</total>
				<timestamp>6445.827929</timestamp>
			</report>
			<report>
				<misses>17924001</misses>
				<total>15</total>
				<timestamp>6446.187538</timestamp>
			</report>
			<report>
				<misses>17925001</misses>
				<total>15</total>
				<timestamp>6446.547205</timestamp>
			</report>
			<report>
				<misses>17926001</misses>
				<total>15</total>
				<timestamp>6446.906822</timestamp>
			</report>
			<report>
				<misses>17927001</misses>
				<total>15</total>
				<timestamp>6447.266466</timestamp>
			</report>
			<report>
				<misses>17928001</misses>
				<total>15</total>
				<timestamp>6447.626131</timestamp>
			</report>
			<report>
				<misses>17929001</misses>
				<total>15</total>
				<timestamp>6447.985773</timestamp>
			</report>
			<report>
				<misses>17930001</misses>
				<total>15</total>
				<timestamp>6448.345387</timestamp>
			</report>
			<report>
				<misses>17931001</misses>
				<total>15</total>
				<timestamp>6448.705035</timestamp>
			</report>
			<report>
				<misses>17932001</misses>
				<total>15</total>
				<timestamp>6449.064736</timestamp>
			</report>
			<report>
				<misses>17933001</misses>
				<total>15</total>
				<timestamp>6449.424291</timestamp>
			</report>
			<report>
				<misses>17934001</misses>
				<total>15</total>
				<timestamp>6449.783941</timestamp>
			</report>
			<report>
				<misses>17935001</misses>
				<total>15</total>
				<timestamp>6450.143617</timestamp>
			</report>
			<report>
				<misses>17936001</misses>
				<total>15</total>
				<timestamp>6450.503211</timestamp>
			</report>
			<report>
				<misses>17937001</misses>
				<total>15</total>
				<timestamp>6450.862909</timestamp>
			</report>
			<report>
				<misses>17938001</misses>
				<total>15</total>
				<timestamp>6451.222491</timestamp>
			</report>
			<report>
				<misses>17939001</misses>
				<total>15</total>
				<timestamp>6451.582229</timestamp>
			</report>
			<report>
				<misses>17940001</misses>
				<total>15</total>
				<timestamp>6451.941846</timestamp>
			</report>
			<report>
				<misses>17941001</misses>
				<total>15</total>
				<timestamp>6452.301430</timestamp>
			</report>
			<report>
				<misses>17942001</misses>
				<total>15</total>
				<timestamp>6452.661055</timestamp>
			</report>
			<report>
				<misses>17943001</misses>
				<total>15</total>
				<timestamp>6453.020776</timestamp>
			</report>
			<report>
				<misses>17944001</misses>
				<total>15</total>
				<timestamp>6453.380346</timestamp>
			</report>
			<report>
				<misses>17945001</misses>
				<total>15</total>
				<timestamp>6453.740012</timestamp>
			</report>
			<report>
				<misses>17946001</misses>
				<total>15</total>
				<timestamp>6454.099674</timestamp>
			</report>
			<report>
				<misses>17947001</misses>
				<total>15</total>
				<timestamp>6454.459261</timestamp>
			</report>
			<report>
				<misses>17948001</misses>
				<total>15</total>
				<timestamp>6454.818890</timestamp>
			</report>
			<report>
				<misses>17949001</misses>
				<total>15</total>
				<timestamp>6455.178600</timestamp>
			</report>
			<report>
				<misses>17950001</misses>
				<total>15</total>
				<timestamp>6455.538192</timestamp>
			</report>
			<report>
				<misses>17951001</misses>
				<total>15</total>
				<timestamp>6455.897924</timestamp>
			</report>
			<report>
				<misses>17952001</misses>
				<total>15</total>
				<timestamp>6456.257488</timestamp>
			</report>
			<report>
				<misses>17953001</misses>
				<total>15</total>
				<timestamp>6456.617102</timestamp>
			</report>
			<report>
				<misses>17954001</misses>
				<total>15</total>
				<timestamp>6456.976748</timestamp>
			</report>
			<report>
				<misses>17955001</misses>
				<total>15</total>
				<timestamp>6457.336353</timestamp>
			</report>
			<report>
				<misses>17956001</misses>
				<total>15</total>
				<timestamp>6457.696030</timestamp>
			</report>
			<report>
				<misses>17957001</misses>
				<total>15</total>
				<timestamp>6458.055697</timestamp>
			</report>
			<report>
				<misses>17958001</misses>
				<total>15</total>
				<timestamp>6458.415367</timestamp>
			</report>
			<report>
				<misses>17959001</misses>
				<total>15</total>
				<timestamp>6458.774955</timestamp>
			</report>
			<report>
				<misses>17960001</misses>
				<total>15</total>
				<timestamp>6459.134601</timestamp>
			</report>
			<report>
				<misses>17961001</misses>
				<total>15</total>
				<timestamp>6459.494212</timestamp>
			</report>
			<report>
				<misses>17962001</misses>
				<total>15</total>
				<timestamp>6459.853938</timestamp>
			</report>
			<report>
				<misses>17963001</misses>
				<total>15</total>
				<timestamp>6460.213519</timestamp>
			</report>
			<report>
				<misses>17964001</misses>
				<total>15</total>
				<timestamp>6460.573190</timestamp>
			</report>
			<report>
				<misses>17965001</misses>
				<total>15</total>
				<timestamp>6460.932852</timestamp>
			</report>
			<report>
				<misses>17966001</misses>
				<total>15</total>
				<timestamp>6461.292496</timestamp>
			</report>
			<report>
				<misses>17967001</misses>
				<total>15</total>
				<timestamp>6461.652140</timestamp>
			</report>
			<report>
				<misses>17968001</misses>
				<total>15</total>
				<timestamp>6462.011727</timestamp>
			</report>
			<report>
				<misses>17969001</misses>
				<total>15</total>
				<timestamp>6462.371379</timestamp>
			</report>
			<report>
				<misses>17970001</misses>
				<total>15</total>
				<timestamp>6462.731038</timestamp>
			</report>
			<report>
				<misses>17971001</misses>
				<total>15</total>
				<timestamp>6463.090646</timestamp>
			</report>
			<report>
				<misses>17972001</misses>
				<total>15</total>
				<timestamp>6463.450371</timestamp>
			</report>
			<report>
				<misses>17973001</misses>
				<total>15</total>
				<timestamp>6463.809954</timestamp>
			</report>
			<report>
				<misses>17974001</misses>
				<total>15</total>
				<timestamp>6464.169578</timestamp>
			</report>
			<report>
				<misses>17975001</misses>
				<total>15</total>
				<timestamp>6464.529206</timestamp>
			</report>
			<report>
				<misses>17976001</misses>
				<total>15</total>
				<timestamp>6464.888887</timestamp>
			</report>
			<report>
				<misses>17977001</misses>
				<total>15</total>
				<timestamp>6465.248449</timestamp>
			</report>
			<report>
				<misses>17978001</misses>
				<total>15</total>
				<timestamp>6465.608148</timestamp>
			</report>
			<report>
				<misses>17979001</misses>
				<total>15</total>
				<timestamp>6465.967767</timestamp>
			</report>
			<report>
				<misses>17980001</misses>
				<total>15</total>
				<timestamp>6466.327397</timestamp>
			</report>
			<report>
				<misses>17981001</misses>
				<total>15</total>
				<timestamp>6466.687037</timestamp>
			</report>
			<report>
				<misses>17982001</misses>
				<total>15</total>
				<timestamp>6467.046677</timestamp>
			</report>
			<report>
				<misses>17983001</misses>
				<total>15</total>
				<timestamp>6467.406351</timestamp>
			</report>
			<report>
				<misses>17984001</misses>
				<total>15</total>
				<timestamp>6467.765980</timestamp>
			</report>
			<report>
				<misses>17985001</misses>
				<total>15</total>
				<timestamp>6468.125648</timestamp>
			</report>
			<report>
				<misses>17986001</misses>
				<total>15</total>
				<timestamp>6468.485222</timestamp>
			</report>
			<report>
				<misses>17987001</misses>
				<total>15</total>
				<timestamp>6468.844854</timestamp>
			</report>
			<report>
				<misses>17988001</misses>
				<total>15</total>
				<timestamp>6469.204615</timestamp>
			</report>
			<report>
				<misses>17989001</misses>
				<total>17</total>
				<timestamp>6469.564144</timestamp>
			</report>
			<report>
				<misses>17990001</misses>
				<total>17</total>
				<timestamp>6469.923781</timestamp>
			</report>
			<report>
				<misses>17991001</misses>
				<total>17</total>
				<timestamp>6470.283449</timestamp>
			</report>
			<report>
				<misses>17992001</misses>
				<total>17</total>
				<timestamp>6470.643113</timestamp>
			</report>
			<report>
				<misses>17993001</misses>
				<total>17</total>
				<timestamp>6471.002777</timestamp>
			</report>
			<report>
				<misses>17994001</misses>
				<total>17</total>
				<timestamp>6471.362333</timestamp>
			</report>
			<report>
				<misses>17995001</misses>
				<total>17</total>
				<timestamp>6471.722026</timestamp>
			</report>
			<report>
				<misses>17996001</misses>
				<total>17</total>
				<timestamp>6472.081683</timestamp>
			</report>
			<report>
				<misses>17997001</misses>
				<total>17</total>
				<timestamp>6472.441302</timestamp>
			</report>
			<report>
				<misses>17998001</misses>
				<total>17</total>
				<timestamp>6472.800949</timestamp>
			</report>
			<report>
				<misses>17999001</misses>
				<total>17</total>
				<timestamp>6473.160561</timestamp>
			</report>
			<report>
				<misses>18000001</misses>
				<total>17</total>
				<timestamp>6473.520219</timestamp>
			</report>
			<report>
				<misses>18001001</misses>
				<total>17</total>
				<timestamp>6473.879940</timestamp>
			</report>
			<report>
				<misses>18002001</misses>
				<total>17</total>
				<timestamp>6474.239450</timestamp>
			</report>
			<report>
				<misses>18003001</misses>
				<total>17</total>
				<timestamp>6474.599106</timestamp>
			</report>
			<report>
				<misses>18004001</misses>
				<total>17</total>
				<timestamp>6474.958777</timestamp>
			</report>
			<report>
				<misses>18005001</misses>
				<total>17</total>
				<timestamp>6475.318419</timestamp>
			</report>
			<report>
				<misses>18006001</misses>
				<total>17</total>
				<timestamp>6475.678060</timestamp>
			</report>
			<report>
				<misses>18007001</misses>
				<total>17</total>
				<timestamp>6476.037683</timestamp>
			</report>
			<report>
				<misses>18008001</misses>
				<total>17</total>
				<timestamp>6476.397317</timestamp>
			</report>
			<report>
				<misses>18009001</misses>
				<total>17</total>
				<timestamp>6476.756916</timestamp>
			</report>
			<report>
				<misses>18010001</misses>
				<total>17</total>
				<timestamp>6477.116634</timestamp>
			</report>
			<report>
				<misses>18011001</misses>
				<total>17</total>
				<timestamp>6477.476275</timestamp>
			</report>
			<report>
				<misses>18012001</misses>
				<total>17</total>
				<timestamp>6477.835857</timestamp>
			</report>
			<report>
				<misses>18013001</misses>
				<total>17</total>
				<timestamp>6478.195560</timestamp>
			</report>
			<report>
				<misses>18014001</misses>
				<total>17</total>
				<timestamp>6478.555127</timestamp>
			</report>
			<report>
				<misses>18015001</misses>
				<total>17</total>
				<timestamp>6478.914805</timestamp>
			</report>
			<report>
				<misses>18016001</misses>
				<total>17</total>
				<timestamp>6479.274410</timestamp>
			</report>
			<report>
				<misses>18017001</misses>
				<total>17</total>
				<timestamp>6479.634140</timestamp>
			</report>
			<report>
				<misses>18018001</misses>
				<total>17</total>
				<timestamp>6479.993725</timestamp>
			</report>
			<report>
				<misses>18019001</misses>
				<total>17</total>
				<timestamp>6480.353343</timestamp>
			</report>
			<report>
				<misses>18020001</misses>
				<total>17</total>
				<timestamp>6480.712994</timestamp>
			</report>
			<report>
				<misses>18021001</misses>
				<total>17</total>
				<timestamp>6481.072657</timestamp>
			</report>
			<report>
				<misses>18022001</misses>
				<total>17</total>
				<timestamp>6481.432287</timestamp>
			</report>
			<report>
				<misses>18023001</misses>
				<total>17</total>
				<timestamp>6481.791886</timestamp>
			</report>
			<report>
				<misses>18024001</misses>
				<total>17</total>
				<timestamp>6482.151581</timestamp>
			</report>
			<report>
				<misses>18025001</misses>
				<total>17</total>
				<timestamp>6482.511167</timestamp>
			</report>
			<report>
				<misses>18026001</misses>
				<total>17</total>
				<timestamp>6482.870817</timestamp>
			</report>
			<report>
				<misses>18027001</misses>
				<total>17</total>
				<timestamp>6483.230530</timestamp>
			</report>
			<report>
				<misses>18028001</misses>
				<total>17</total>
				<timestamp>6483.590168</timestamp>
			</report>
			<report>
				<misses>18029001</misses>
				<total>17</total>
				<timestamp>6483.949728</timestamp>
			</report>
			<report>
				<misses>18030001</misses>
				<total>17</total>
				<timestamp>6484.309385</timestamp>
			</report>
			<report>
				<misses>18031001</misses>
				<total>17</total>
				<timestamp>6484.669021</timestamp>
			</report>
			<report>
				<misses>18032001</misses>
				<total>17</total>
				<timestamp>6485.028712</timestamp>
			</report>
			<report>
				<misses>18033001</misses>
				<total>17</total>
				<timestamp>6485.388331</timestamp>
			</report>
			<report>
				<misses>18034001</misses>
				<total>17</total>
				<timestamp>6485.747957</timestamp>
			</report>
			<report>
				<misses>18035001</misses>
				<total>17</total>
				<timestamp>6486.107599</timestamp>
			</report>
			<report>
				<misses>18036001</misses>
				<total>17</total>
				<timestamp>6486.467230</timestamp>
			</report>
			<report>
				<misses>18037001</misses>
				<total>17</total>
				<timestamp>6486.826899</timestamp>
			</report>
			<report>
				<misses>18038001</misses>
				<total>17</total>
				<timestamp>6487.186573</timestamp>
			</report>
			<report>
				<misses>18039001</misses>
				<total>17</total>
				<timestamp>6487.546193</timestamp>
			</report>
			<report>
				<misses>18040001</misses>
				<total>17</total>
				<timestamp>6487.905807</timestamp>
			</report>
			<report>
				<misses>18041001</misses>
				<total>17</total>
				<timestamp>6488.265419</timestamp>
			</report>
			<report>
				<misses>18042001</misses>
				<total>17</total>
				<timestamp>6488.625073</timestamp>
			</report>
			<report>
				<misses>18043001</misses>
				<total>17</total>
				<timestamp>6488.984724</timestamp>
			</report>
			<report>
				<misses>18044001</misses>
				<total>17</total>
				<timestamp>6489.344389</timestamp>
			</report>
			<report>
				<misses>18045001</misses>
				<total>17</total>
				<timestamp>6489.704045</timestamp>
			</report>
			<report>
				<misses>18046001</misses>
				<total>17</total>
				<timestamp>6490.063689</timestamp>
			</report>
			<report>
				<misses>18047001</misses>
				<total>17</total>
				<timestamp>6490.423249</timestamp>
			</report>
			<report>
				<misses>18048001</misses>
				<total>17</total>
				<timestamp>6490.782952</timestamp>
			</report>
			<report>
				<misses>18049001</misses>
				<total>17</total>
				<timestamp>6491.142540</timestamp>
			</report>
			<report>
				<misses>18050001</misses>
				<total>17</total>
				<timestamp>6491.502195</timestamp>
			</report>
			<report>
				<misses>18051001</misses>
				<total>17</total>
				<timestamp>6491.861894</timestamp>
			</report>
			<report>
				<misses>18052001</misses>
				<total>17</total>
				<timestamp>6492.221549</timestamp>
			</report>
			<report>
				<misses>18053001</misses>
				<total>17</total>
				<timestamp>6492.581102</timestamp>
			</report>
			<report>
				<misses>18054001</misses>
				<total>17</total>
				<timestamp>6492.940795</timestamp>
			</report>
			<report>
				<misses>18055001</misses>
				<total>17</total>
				<timestamp>6493.300400</timestamp>
			</report>
			<report>
				<misses>18056001</misses>
				<total>17</total>
				<timestamp>6493.660028</timestamp>
			</report>
			<report>
				<misses>18057001</misses>
				<total>17</total>
				<timestamp>6494.019705</timestamp>
			</report>
			<report>
				<misses>18058001</misses>
				<total>17</total>
				<timestamp>6494.379320</timestamp>
			</report>
			<report>
				<misses>18059001</misses>
				<total>17</total>
				<timestamp>6494.738946</timestamp>
			</report>
			<report>
				<misses>18060001</misses>
				<total>17</total>
				<timestamp>6495.098626</timestamp>
			</report>
			<report>
				<misses>18061001</misses>
				<total>17</total>
				<timestamp>6495.458233</timestamp>
			</report>
			<report>
				<misses>18062001</misses>
				<total>17</total>
				<timestamp>6495.817857</timestamp>
			</report>
			<report>
				<misses>18063001</misses>
				<total>17</total>
				<timestamp>6496.177545</timestamp>
			</report>
			<report>
				<misses>18064001</misses>
				<total>17</total>
				<timestamp>6496.537152</timestamp>
			</report>
			<report>
				<misses>18065001</misses>
				<total>17</total>
				<timestamp>6496.896774</timestamp>
			</report>
			<report>
				<misses>18066001</misses>
				<total>17</total>
				<timestamp>6497.256475</timestamp>
			</report>
			<report>
				<misses>18067001</misses>
				<total>17</total>
				<timestamp>6497.616051</timestamp>
			</report>
			<report>
				<misses>18068001</misses>
				<total>17</total>
				<timestamp>6497.975776</timestamp>
			</report>
			<report>
				<misses>18069001</misses>
				<total>17</total>
				<timestamp>6498.335350</timestamp>
			</report>
			<report>
				<misses>18070001</misses>
				<total>17</total>
				<timestamp>6498.695065</timestamp>
			</report>
			<report>
				<misses>18071001</misses>
				<total>17</total>
				<timestamp>6499.054691</timestamp>
			</report>
			<report>
				<misses>18072001</misses>
				<total>17</total>
				<timestamp>6499.414293</timestamp>
			</report>
			<report>
				<misses>18073001</misses>
				<total>17</total>
				<timestamp>6499.773937</timestamp>
			</report>
			<report>
				<misses>18074001</misses>
				<total>17</total>
				<timestamp>6500.133591</timestamp>
			</report>
			<report>
				<misses>18075001</misses>
				<total>17</total>
				<timestamp>6500.493231</timestamp>
			</report>
			<report>
				<misses>18076001</misses>
				<total>17</total>
				<timestamp>6500.852813</timestamp>
			</report>
			<report>
				<misses>18077001</misses>
				<total>17</total>
				<timestamp>6501.212525</timestamp>
			</report>
			<report>
				<misses>18078001</misses>
				<total>17</total>
				<timestamp>6501.572086</timestamp>
			</report>
			<report>
				<misses>18079001</misses>
				<total>17</total>
				<timestamp>6501.931754</timestamp>
			</report>
			<report>
				<misses>18080001</misses>
				<total>17</total>
				<timestamp>6502.291419</timestamp>
			</report>
			<report>
				<misses>18081001</misses>
				<total>17</total>
				<timestamp>6502.651079</timestamp>
			</report>
			<report>
				<misses>18082001</misses>
				<total>17</total>
				<timestamp>6503.010675</timestamp>
			</report>
			<report>
				<misses>18083001</misses>
				<total>17</total>
				<timestamp>6503.370298</timestamp>
			</report>
			<report>
				<misses>18084001</misses>
				<total>17</total>
				<timestamp>6503.729947</timestamp>
			</report>
			<report>
				<misses>18085001</misses>
				<total>17</total>
				<timestamp>6504.089589</timestamp>
			</report>
			<report>
				<misses>18086001</misses>
				<total>17</total>
				<timestamp>6504.449246</timestamp>
			</report>
			<report>
				<misses>18087001</misses>
				<total>17</total>
				<timestamp>6504.808913</timestamp>
			</report>
			<report>
				<misses>18088001</misses>
				<total>17</total>
				<timestamp>6505.168570</timestamp>
			</report>
			<report>
				<misses>18089001</misses>
				<total>17</total>
				<timestamp>6505.528214</timestamp>
			</report>
			<report>
				<misses>18090001</misses>
				<total>17</total>
				<timestamp>6505.887781</timestamp>
			</report>
			<report>
				<misses>18091001</misses>
				<total>17</total>
				<timestamp>6506.247433</timestamp>
			</report>
			<report>
				<misses>18092001</misses>
				<total>17</total>
				<timestamp>6506.607113</timestamp>
			</report>
			<report>
				<misses>18093001</misses>
				<total>17</total>
				<timestamp>6506.966699</timestamp>
			</report>
			<report>
				<misses>18094001</misses>
				<total>17</total>
				<timestamp>6507.326478</timestamp>
			</report>
			<report>
				<misses>18095001</misses>
				<total>17</total>
				<timestamp>6507.686040</timestamp>
			</report>
			<report>
				<misses>18096001</misses>
				<total>17</total>
				<timestamp>6508.045628</timestamp>
			</report>
			<report>
				<misses>18097001</misses>
				<total>17</total>
				<timestamp>6508.405265</timestamp>
			</report>
			<report>
				<misses>18098001</misses>
				<total>17</total>
				<timestamp>6508.764966</timestamp>
			</report>
			<report>
				<misses>18099001</misses>
				<total>17</total>
				<timestamp>6509.124578</timestamp>
			</report>
			<report>
				<misses>18100001</misses>
				<total>17</total>
				<timestamp>6509.484190</timestamp>
			</report>
			<report>
				<misses>18101001</misses>
				<total>17</total>
				<timestamp>6509.843941</timestamp>
			</report>
			<report>
				<misses>18102001</misses>
				<total>17</total>
				<timestamp>6510.203451</timestamp>
			</report>
			<report>
				<misses>18103001</misses>
				<total>17</total>
				<timestamp>6510.563122</timestamp>
			</report>
			<report>
				<misses>18104001</misses>
				<total>17</total>
				<timestamp>6510.922755</timestamp>
			</report>
			<report>
				<misses>18105001</misses>
				<total>17</total>
				<timestamp>6511.282408</timestamp>
			</report>
			<report>
				<misses>18106001</misses>
				<total>17</total>
				<timestamp>6511.642097</timestamp>
			</report>
			<report>
				<misses>18107001</misses>
				<total>17</total>
				<timestamp>6512.001657</timestamp>
			</report>
			<report>
				<misses>18108001</misses>
				<total>17</total>
				<timestamp>6512.361325</timestamp>
			</report>
			<report>
				<misses>18109001</misses>
				<total>17</total>
				<timestamp>6512.720955</timestamp>
			</report>
			<report>
				<misses>18110001</misses>
				<total>17</total>
				<timestamp>6513.080601</timestamp>
			</report>
			<report>
				<misses>18111001</misses>
				<total>17</total>
				<timestamp>6513.440207</timestamp>
			</report>
			<report>
				<misses>18112001</misses>
				<total>17</total>
				<timestamp>6513.799871</timestamp>
			</report>
			<report>
				<misses>18113001</misses>
				<total>17</total>
				<timestamp>6514.159518</timestamp>
			</report>
			<report>
				<misses>18114001</misses>
				<total>17</total>
				<timestamp>6514.519127</timestamp>
			</report>
			<report>
				<misses>18115001</misses>
				<total>17</total>
				<timestamp>6514.878771</timestamp>
			</report>
			<report>
				<misses>18116001</misses>
				<total>17</total>
				<timestamp>6515.238473</timestamp>
			</report>
			<report>
				<misses>18117001</misses>
				<total>17</total>
				<timestamp>6515.598093</timestamp>
			</report>
			<report>
				<misses>18118001</misses>
				<total>17</total>
				<timestamp>6515.957735</timestamp>
			</report>
			<report>
				<misses>18119001</misses>
				<total>17</total>
				<timestamp>6516.317372</timestamp>
			</report>
			<report>
				<misses>18120001</misses>
				<total>17</total>
				<timestamp>6516.677003</timestamp>
			</report>
			<report>
				<misses>18121001</misses>
				<total>17</total>
				<timestamp>6517.036667</timestamp>
			</report>
			<report>
				<misses>18122001</misses>
				<total>17</total>
				<timestamp>6517.396252</timestamp>
			</report>
			<report>
				<misses>18123001</misses>
				<total>17</total>
				<timestamp>6517.755893</timestamp>
			</report>
			<report>
				<misses>18124001</misses>
				<total>17</total>
				<timestamp>6518.115626</timestamp>
			</report>
			<report>
				<misses>18125001</misses>
				<total>17</total>
				<timestamp>6518.475171</timestamp>
			</report>
			<report>
				<misses>18126001</misses>
				<total>17</total>
				<timestamp>6518.834885</timestamp>
			</report>
			<report>
				<misses>18127001</misses>
				<total>17</total>
				<timestamp>6519.194464</timestamp>
			</report>
			<report>
				<misses>18128001</misses>
				<total>17</total>
				<timestamp>6519.554115</timestamp>
			</report>
			<report>
				<misses>18129001</misses>
				<total>17</total>
				<timestamp>6519.913729</timestamp>
			</report>
			<report>
				<misses>18130001</misses>
				<total>17</total>
				<timestamp>6520.273435</timestamp>
			</report>
			<report>
				<misses>18131001</misses>
				<total>17</total>
				<timestamp>6520.633079</timestamp>
			</report>
			<report>
				<misses>18132001</misses>
				<total>17</total>
				<timestamp>6520.992686</timestamp>
			</report>
			<report>
				<misses>18133001</misses>
				<total>17</total>
				<timestamp>6521.352304</timestamp>
			</report>
			<report>
				<misses>18134001</misses>
				<total>17</total>
				<timestamp>6521.711933</timestamp>
			</report>
			<report>
				<misses>18135001</misses>
				<total>17</total>
				<timestamp>6522.071632</timestamp>
			</report>
			<report>
				<misses>18136001</misses>
				<total>17</total>
				<timestamp>6522.431253</timestamp>
			</report>
			<report>
				<misses>18137001</misses>
				<total>17</total>
				<timestamp>6522.790900</timestamp>
			</report>
			<report>
				<misses>18138001</misses>
				<total>17</total>
				<timestamp>6523.150515</timestamp>
			</report>
			<report>
				<misses>18139001</misses>
				<total>17</total>
				<timestamp>6523.510189</timestamp>
			</report>
			<report>
				<misses>18140001</misses>
				<total>17</total>
				<timestamp>6523.869773</timestamp>
			</report>
			<report>
				<misses>18141001</misses>
				<total>17</total>
				<timestamp>6524.229457</timestamp>
			</report>
			<report>
				<misses>18142001</misses>
				<total>17</total>
				<timestamp>6524.589093</timestamp>
			</report>
			<report>
				<misses>18143001</misses>
				<total>17</total>
				<timestamp>6524.948776</timestamp>
			</report>
			<report>
				<misses>18144001</misses>
				<total>17</total>
				<timestamp>6525.308358</timestamp>
			</report>
			<report>
				<misses>18145001</misses>
				<total>17</total>
				<timestamp>6525.667992</timestamp>
			</report>
			<report>
				<misses>18146001</misses>
				<total>17</total>
				<timestamp>6526.027685</timestamp>
			</report>
			<report>
				<misses>18147001</misses>
				<total>17</total>
				<timestamp>6526.387381</timestamp>
			</report>
			<report>
				<misses>18148001</misses>
				<total>17</total>
				<timestamp>6526.746955</timestamp>
			</report>
			<report>
				<misses>18149001</misses>
				<total>17</total>
				<timestamp>6527.106611</timestamp>
			</report>
			<report>
				<misses>18150001</misses>
				<total>17</total>
				<timestamp>6527.466185</timestamp>
			</report>
			<report>
				<misses>18151001</misses>
				<total>17</total>
				<timestamp>6527.825820</timestamp>
			</report>
			<report>
				<misses>18152001</misses>
				<total>17</total>
				<timestamp>6528.185471</timestamp>
			</report>
			<report>
				<misses>18153001</misses>
				<total>17</total>
				<timestamp>6528.545107</timestamp>
			</report>
			<report>
				<misses>18154001</misses>
				<total>17</total>
				<timestamp>6528.904743</timestamp>
			</report>
			<report>
				<misses>18155001</misses>
				<total>17</total>
				<timestamp>6529.264426</timestamp>
			</report>
			<report>
				<misses>18156001</misses>
				<total>17</total>
				<timestamp>6529.624020</timestamp>
			</report>
			<report>
				<misses>18157001</misses>
				<total>17</total>
				<timestamp>6529.983694</timestamp>
			</report>
			<report>
				<misses>18158001</misses>
				<total>17</total>
				<timestamp>6530.343329</timestamp>
			</report>
			<report>
				<misses>18159001</misses>
				<total>17</total>
				<timestamp>6530.702973</timestamp>
			</report>
			<report>
				<misses>18160001</misses>
				<total>17</total>
				<timestamp>6531.062649</timestamp>
			</report>
			<report>
				<misses>18161001</misses>
				<total>17</total>
				<timestamp>6531.422220</timestamp>
			</report>
			<report>
				<misses>18162001</misses>
				<total>17</total>
				<timestamp>6531.781898</timestamp>
			</report>
			<report>
				<misses>18163001</misses>
				<total>17</total>
				<timestamp>6532.141556</timestamp>
			</report>
			<report>
				<misses>18164001</misses>
				<total>17</total>
				<timestamp>6532.501176</timestamp>
			</report>
			<report>
				<misses>18165001</misses>
				<total>17</total>
				<timestamp>6532.860831</timestamp>
			</report>
			<report>
				<misses>18166001</misses>
				<total>17</total>
				<timestamp>6533.220498</timestamp>
			</report>
			<report>
				<misses>18167001</misses>
				<total>17</total>
				<timestamp>6533.580067</timestamp>
			</report>
			<report>
				<misses>18168001</misses>
				<total>17</total>
				<timestamp>6533.939721</timestamp>
			</report>
			<report>
				<misses>18169001</misses>
				<total>17</total>
				<timestamp>6534.299371</timestamp>
			</report>
			<report>
				<misses>18170001</misses>
				<total>17</total>
				<timestamp>6534.659027</timestamp>
			</report>
			<report>
				<misses>18171001</misses>
				<total>17</total>
				<timestamp>6535.018629</timestamp>
			</report>
			<report>
				<misses>18172001</misses>
				<total>17</total>
				<timestamp>6535.378275</timestamp>
			</report>
			<report>
				<misses>18173001</misses>
				<total>17</total>
				<timestamp>6535.737908</timestamp>
			</report>
			<report>
				<misses>18174001</misses>
				<total>17</total>
				<timestamp>6536.097571</timestamp>
			</report>
			<report>
				<misses>18175001</misses>
				<total>17</total>
				<timestamp>6536.457219</timestamp>
			</report>
			<report>
				<misses>18176001</misses>
				<total>17</total>
				<timestamp>6536.816898</timestamp>
			</report>
			<report>
				<misses>18177001</misses>
				<total>17</total>
				<timestamp>6537.176461</timestamp>
			</report>
			<report>
				<misses>18178001</misses>
				<total>17</total>
				<timestamp>6537.536105</timestamp>
			</report>
			<report>
				<misses>18179001</misses>
				<total>17</total>
				<timestamp>6537.895735</timestamp>
			</report>
			<report>
				<misses>18180001</misses>
				<total>17</total>
				<timestamp>6538.255430</timestamp>
			</report>
			<report>
				<misses>18181001</misses>
				<total>17</total>
				<timestamp>6538.615101</timestamp>
			</report>
			<report>
				<misses>18182001</misses>
				<total>17</total>
				<timestamp>6538.974714</timestamp>
			</report>
			<report>
				<misses>18183001</misses>
				<total>17</total>
				<timestamp>6539.334317</timestamp>
			</report>
			<report>
				<misses>18184001</misses>
				<total>17</total>
				<timestamp>6539.693995</timestamp>
			</report>
			<report>
				<misses>18185001</misses>
				<total>17</total>
				<timestamp>6540.053665</timestamp>
			</report>
			<report>
				<misses>18186001</misses>
				<total>17</total>
				<timestamp>6540.413314</timestamp>
			</report>
			<report>
				<misses>18187001</misses>
				<total>17</total>
				<timestamp>6540.772929</timestamp>
			</report>
			<report>
				<misses>18188001</misses>
				<total>17</total>
				<timestamp>6541.132506</timestamp>
			</report>
			<report>
				<misses>18189001</misses>
				<total>17</total>
				<timestamp>6541.492212</timestamp>
			</report>
			<report>
				<misses>18190001</misses>
				<total>17</total>
				<timestamp>6541.851840</timestamp>
			</report>
			<report>
				<misses>18191001</misses>
				<total>17</total>
				<timestamp>6542.211502</timestamp>
			</report>
			<report>
				<misses>18192001</misses>
				<total>17</total>
				<timestamp>6542.571083</timestamp>
			</report>
			<report>
				<misses>18193001</misses>
				<total>17</total>
				<timestamp>6542.930753</timestamp>
			</report>
			<report>
				<misses>18194001</misses>
				<total>17</total>
				<timestamp>6543.290339</timestamp>
			</report>
			<report>
				<misses>18195001</misses>
				<total>17</total>
				<timestamp>6543.649985</timestamp>
			</report>
			<report>
				<misses>18196001</misses>
				<total>17</total>
				<timestamp>6544.009617</timestamp>
			</report>
			<report>
				<misses>18197001</misses>
				<total>17</total>
				<timestamp>6544.369282</timestamp>
			</report>
			<report>
				<misses>18198001</misses>
				<total>17</total>
				<timestamp>6544.728897</timestamp>
			</report>
			<report>
				<misses>18199001</misses>
				<total>17</total>
				<timestamp>6545.088535</timestamp>
			</report>
			<report>
				<misses>18200001</misses>
				<total>17</total>
				<timestamp>6545.448244</timestamp>
			</report>
			<report>
				<misses>18201001</misses>
				<total>17</total>
				<timestamp>6545.807907</timestamp>
			</report>
			<report>
				<misses>18202001</misses>
				<total>17</total>
				<timestamp>6546.167474</timestamp>
			</report>
			<report>
				<misses>18203001</misses>
				<total>17</total>
				<timestamp>6546.527186</timestamp>
			</report>
			<report>
				<misses>18204001</misses>
				<total>17</total>
				<timestamp>6546.886818</timestamp>
			</report>
			<report>
				<misses>18205001</misses>
				<total>17</total>
				<timestamp>6547.246403</timestamp>
			</report>
			<report>
				<misses>18206001</misses>
				<total>17</total>
				<timestamp>6547.606041</timestamp>
			</report>
			<report>
				<misses>18207001</misses>
				<total>17</total>
				<timestamp>6547.965774</timestamp>
			</report>
			<report>
				<misses>18208001</misses>
				<total>17</total>
				<timestamp>6548.325335</timestamp>
			</report>
			<report>
				<misses>18209001</misses>
				<total>17</total>
				<timestamp>6548.684944</timestamp>
			</report>
			<report>
				<misses>18210001</misses>
				<total>17</total>
				<timestamp>6549.044659</timestamp>
			</report>
			<report>
				<misses>18211001</misses>
				<total>17</total>
				<timestamp>6549.404219</timestamp>
			</report>
			<report>
				<misses>18212001</misses>
				<total>17</total>
				<timestamp>6549.763881</timestamp>
			</report>
			<report>
				<misses>18213001</misses>
				<total>17</total>
				<timestamp>6550.123629</timestamp>
			</report>
			<report>
				<misses>18214001</misses>
				<total>17</total>
				<timestamp>6550.483159</timestamp>
			</report>
			<report>
				<misses>18215001</misses>
				<total>17</total>
				<timestamp>6550.842793</timestamp>
			</report>
			<report>
				<misses>18216001</misses>
				<total>17</total>
				<timestamp>6551.202436</timestamp>
			</report>
			<report>
				<misses>18217001</misses>
				<total>17</total>
				<timestamp>6551.562081</timestamp>
			</report>
			<report>
				<misses>18218001</misses>
				<total>17</total>
				<timestamp>6551.921768</timestamp>
			</report>
			<report>
				<misses>18219001</misses>
				<total>17</total>
				<timestamp>6552.281343</timestamp>
			</report>
			<report>
				<misses>18220001</misses>
				<total>17</total>
				<timestamp>6552.641019</timestamp>
			</report>
			<report>
				<misses>18221001</misses>
				<total>17</total>
				<timestamp>6553.000669</timestamp>
			</report>
			<report>
				<misses>18222001</misses>
				<total>17</total>
				<timestamp>6553.360267</timestamp>
			</report>
			<report>
				<misses>18223001</misses>
				<total>17</total>
				<timestamp>6553.719935</timestamp>
			</report>
			<report>
				<misses>18224001</misses>
				<total>17</total>
				<timestamp>6554.079543</timestamp>
			</report>
			<report>
				<misses>18225001</misses>
				<total>17</total>
				<timestamp>6554.439182</timestamp>
			</report>
			<report>
				<misses>18226001</misses>
				<total>17</total>
				<timestamp>6554.798838</timestamp>
			</report>
			<report>
				<misses>18227001</misses>
				<total>17</total>
				<timestamp>6555.158440</timestamp>
			</report>
			<report>
				<misses>18228001</misses>
				<total>17</total>
				<timestamp>6555.518119</timestamp>
			</report>
			<report>
				<misses>18229001</misses>
				<total>17</total>
				<timestamp>6555.877777</timestamp>
			</report>
			<report>
				<misses>18230001</misses>
				<total>17</total>
				<timestamp>6556.237378</timestamp>
			</report>
			<report>
				<misses>18231001</misses>
				<total>17</total>
				<timestamp>6556.597016</timestamp>
			</report>
			<report>
				<misses>18232001</misses>
				<total>17</total>
				<timestamp>6556.956698</timestamp>
			</report>
			<report>
				<misses>18233001</misses>
				<total>17</total>
				<timestamp>6557.316319</timestamp>
			</report>
			<report>
				<misses>18234001</misses>
				<total>17</total>
				<timestamp>6557.675949</timestamp>
			</report>
			<report>
				<misses>18235001</misses>
				<total>17</total>
				<timestamp>6558.035590</timestamp>
			</report>
			<report>
				<misses>18236001</misses>
				<total>17</total>
				<timestamp>6558.395241</timestamp>
			</report>
			<report>
				<misses>18237001</misses>
				<total>17</total>
				<timestamp>6558.754907</timestamp>
			</report>
			<report>
				<misses>18238001</misses>
				<total>17</total>
				<timestamp>6559.114558</timestamp>
			</report>
			<report>
				<misses>18239001</misses>
				<total>17</total>
				<timestamp>6559.474163</timestamp>
			</report>
			<report>
				<misses>18240001</misses>
				<total>17</total>
				<timestamp>6559.833796</timestamp>
			</report>
			<report>
				<misses>18241001</misses>
				<total>17</total>
				<timestamp>6560.193419</timestamp>
			</report>
			<report>
				<misses>18242001</misses>
				<total>17</total>
				<timestamp>6560.553101</timestamp>
			</report>
			<report>
				<misses>18243001</misses>
				<total>17</total>
				<timestamp>6560.912706</timestamp>
			</report>
			<report>
				<misses>18244001</misses>
				<total>17</total>
				<timestamp>6561.272368</timestamp>
			</report>
			<report>
				<misses>18245001</misses>
				<total>17</total>
				<timestamp>6561.632099</timestamp>
			</report>
			<report>
				<misses>18246001</misses>
				<total>17</total>
				<timestamp>6561.991616</timestamp>
			</report>
			<report>
				<misses>18247001</misses>
				<total>17</total>
				<timestamp>6562.351310</timestamp>
			</report>
			<report>
				<misses>18248001</misses>
				<total>17</total>
				<timestamp>6562.710958</timestamp>
			</report>
			<report>
				<misses>18249001</misses>
				<total>17</total>
				<timestamp>6563.070527</timestamp>
			</report>
			<report>
				<misses>18250001</misses>
				<total>17</total>
				<timestamp>6563.430211</timestamp>
			</report>
			<report>
				<misses>18251001</misses>
				<total>17</total>
				<timestamp>6563.789853</timestamp>
			</report>
			<report>
				<misses>18252001</misses>
				<total>17</total>
				<timestamp>6564.149483</timestamp>
			</report>
			<report>
				<misses>18253001</misses>
				<total>17</total>
				<timestamp>6564.509133</timestamp>
			</report>
			<report>
				<misses>18254001</misses>
				<total>17</total>
				<timestamp>6564.868737</timestamp>
			</report>
			<report>
				<misses>18255001</misses>
				<total>17</total>
				<timestamp>6565.228361</timestamp>
			</report>
			<report>
				<misses>18256001</misses>
				<total>17</total>
				<timestamp>6565.588079</timestamp>
			</report>
			<report>
				<misses>18257001</misses>
				<total>17</total>
				<timestamp>6565.947720</timestamp>
			</report>
			<report>
				<misses>18258001</misses>
				<total>17</total>
				<timestamp>6566.307350</timestamp>
			</report>
			<report>
				<misses>18259001</misses>
				<total>17</total>
				<timestamp>6566.666984</timestamp>
			</report>
			<report>
				<misses>18260001</misses>
				<total>17</total>
				<timestamp>6567.026628</timestamp>
			</report>
			<report>
				<misses>18261001</misses>
				<total>17</total>
				<timestamp>6567.386226</timestamp>
			</report>
			<report>
				<misses>18262001</misses>
				<total>17</total>
				<timestamp>6567.745912</timestamp>
			</report>
			<report>
				<misses>18263001</misses>
				<total>17</total>
				<timestamp>6568.105525</timestamp>
			</report>
			<report>
				<misses>18264001</misses>
				<total>17</total>
				<timestamp>6568.465162</timestamp>
			</report>
			<report>
				<misses>18265001</misses>
				<total>17</total>
				<timestamp>6568.824782</timestamp>
			</report>
			<report>
				<misses>18266001</misses>
				<total>17</total>
				<timestamp>6569.184451</timestamp>
			</report>
			<report>
				<misses>18267001</misses>
				<total>17</total>
				<timestamp>6569.544108</timestamp>
			</report>
			<report>
				<misses>18268001</misses>
				<total>17</total>
				<timestamp>6569.903705</timestamp>
			</report>
			<report>
				<misses>18269001</misses>
				<total>17</total>
				<timestamp>6570.263400</timestamp>
			</report>
			<report>
				<misses>18270001</misses>
				<total>17</total>
				<timestamp>6570.622999</timestamp>
			</report>
			<report>
				<misses>18271001</misses>
				<total>17</total>
				<timestamp>6570.982653</timestamp>
			</report>
			<report>
				<misses>18272001</misses>
				<total>17</total>
				<timestamp>6571.342336</timestamp>
			</report>
			<report>
				<misses>18273001</misses>
				<total>17</total>
				<timestamp>6571.701959</timestamp>
			</report>
			<report>
				<misses>18274001</misses>
				<total>17</total>
				<timestamp>6572.061559</timestamp>
			</report>
			<report>
				<misses>18275001</misses>
				<total>17</total>
				<timestamp>6572.421216</timestamp>
			</report>
			<report>
				<misses>18276001</misses>
				<total>17</total>
				<timestamp>6572.780817</timestamp>
			</report>
			<report>
				<misses>18277001</misses>
				<total>17</total>
				<timestamp>6573.140481</timestamp>
			</report>
			<report>
				<misses>18278001</misses>
				<total>17</total>
				<timestamp>6573.500104</timestamp>
			</report>
			<report>
				<misses>18279001</misses>
				<total>17</total>
				<timestamp>6573.859778</timestamp>
			</report>
			<report>
				<misses>18280001</misses>
				<total>18</total>
				<timestamp>6574.219438</timestamp>
			</report>
			<report>
				<misses>18281001</misses>
				<total>18</total>
				<timestamp>6574.579060</timestamp>
			</report>
			<report>
				<misses>18282001</misses>
				<total>18</total>
				<timestamp>6574.938682</timestamp>
			</report>
			<report>
				<misses>18283001</misses>
				<total>18</total>
				<timestamp>6575.298299</timestamp>
			</report>
			<report>
				<misses>18284001</misses>
				<total>18</total>
				<timestamp>6575.657965</timestamp>
			</report>
			<report>
				<misses>18285001</misses>
				<total>18</total>
				<timestamp>6576.017570</timestamp>
			</report>
			<report>
				<misses>18286001</misses>
				<total>18</total>
				<timestamp>6576.377235</timestamp>
			</report>
			<report>
				<misses>18287001</misses>
				<total>18</total>
				<timestamp>6576.736868</timestamp>
			</report>
			<report>
				<misses>18288001</misses>
				<total>18</total>
				<timestamp>6577.096487</timestamp>
			</report>
			<report>
				<misses>18289001</misses>
				<total>18</total>
				<timestamp>6577.456210</timestamp>
			</report>
			<report>
				<misses>18290001</misses>
				<total>18</total>
				<timestamp>6577.815823</timestamp>
			</report>
			<report>
				<misses>18291001</misses>
				<total>18</total>
				<timestamp>6578.175419</timestamp>
			</report>
			<report>
				<misses>18292001</misses>
				<total>18</total>
				<timestamp>6578.535083</timestamp>
			</report>
			<report>
				<misses>18293001</misses>
				<total>18</total>
				<timestamp>6578.894702</timestamp>
			</report>
			<report>
				<misses>18294001</misses>
				<total>18</total>
				<timestamp>6579.254371</timestamp>
			</report>
			<report>
				<misses>18295001</misses>
				<total>18</total>
				<timestamp>6579.614010</timestamp>
			</report>
			<report>
				<misses>18296001</misses>
				<total>18</total>
				<timestamp>6579.973607</timestamp>
			</report>
			<report>
				<misses>18297001</misses>
				<total>18</total>
				<timestamp>6580.333312</timestamp>
			</report>
			<report>
				<misses>18298001</misses>
				<total>18</total>
				<timestamp>6580.692933</timestamp>
			</report>
			<report>
				<misses>18299001</misses>
				<total>18</total>
				<timestamp>6581.052623</timestamp>
			</report>
			<report>
				<misses>18300001</misses>
				<total>18</total>
				<timestamp>6581.412249</timestamp>
			</report>
			<report>
				<misses>18301001</misses>
				<total>18</total>
				<timestamp>6581.771838</timestamp>
			</report>
			<report>
				<misses>18302001</misses>
				<total>18</total>
				<timestamp>6582.131451</timestamp>
			</report>
			<report>
				<misses>18303001</misses>
				<total>18</total>
				<timestamp>6582.491111</timestamp>
			</report>
			<report>
				<misses>18304001</misses>
				<total>18</total>
				<timestamp>6582.850733</timestamp>
			</report>
			<report>
				<misses>18305001</misses>
				<total>18</total>
				<timestamp>6583.210416</timestamp>
			</report>
			<report>
				<misses>18306001</misses>
				<total>18</total>
				<timestamp>6583.570057</timestamp>
			</report>
			<report>
				<misses>18307001</misses>
				<total>18</total>
				<timestamp>6583.929678</timestamp>
			</report>
			<report>
				<misses>18308001</misses>
				<total>18</total>
				<timestamp>6584.289293</timestamp>
			</report>
			<report>
				<misses>18309001</misses>
				<total>18</total>
				<timestamp>6584.648967</timestamp>
			</report>
			<report>
				<misses>18310001</misses>
				<total>18</total>
				<timestamp>6585.008612</timestamp>
			</report>
			<report>
				<misses>18311001</misses>
				<total>18</total>
				<timestamp>6585.368293</timestamp>
			</report>
			<report>
				<misses>18312001</misses>
				<total>18</total>
				<timestamp>6585.727917</timestamp>
			</report>
			<report>
				<misses>18313001</misses>
				<total>18</total>
				<timestamp>6586.087521</timestamp>
			</report>
			<report>
				<misses>18314001</misses>
				<total>18</total>
				<timestamp>6586.447187</timestamp>
			</report>
			<report>
				<misses>18315001</misses>
				<total>18</total>
				<timestamp>6586.806856</timestamp>
			</report>
			<report>
				<misses>18316001</misses>
				<total>18</total>
				<timestamp>6587.166418</timestamp>
			</report>
			<report>
				<misses>18317001</misses>
				<total>18</total>
				<timestamp>6587.526076</timestamp>
			</report>
			<report>
				<misses>18318001</misses>
				<total>18</total>
				<timestamp>6587.885763</timestamp>
			</report>
			<report>
				<misses>18319001</misses>
				<total>18</total>
				<timestamp>6588.245377</timestamp>
			</report>
			<report>
				<misses>18320001</misses>
				<total>18</total>
				<timestamp>6588.605084</timestamp>
			</report>
			<report>
				<misses>18321001</misses>
				<total>18</total>
				<timestamp>6588.964675</timestamp>
			</report>
			<report>
				<misses>18322001</misses>
				<total>18</total>
				<timestamp>6589.324327</timestamp>
			</report>
			<report>
				<misses>18323001</misses>
				<total>18</total>
				<timestamp>6589.683899</timestamp>
			</report>
			<report>
				<misses>18324001</misses>
				<total>18</total>
				<timestamp>6590.043533</timestamp>
			</report>
			<report>
				<misses>18325001</misses>
				<total>18</total>
				<timestamp>6590.403169</timestamp>
			</report>
			<report>
				<misses>18326001</misses>
				<total>18</total>
				<timestamp>6590.762878</timestamp>
			</report>
			<report>
				<misses>18327001</misses>
				<total>18</total>
				<timestamp>6591.122493</timestamp>
			</report>
			<report>
				<misses>18328001</misses>
				<total>18</total>
				<timestamp>6591.482084</timestamp>
			</report>
			<report>
				<misses>18329001</misses>
				<total>18</total>
				<timestamp>6591.841759</timestamp>
			</report>
			<report>
				<misses>18330001</misses>
				<total>18</total>
				<timestamp>6592.201382</timestamp>
			</report>
			<report>
				<misses>18331001</misses>
				<total>18</total>
				<timestamp>6592.561042</timestamp>
			</report>
			<report>
				<misses>18332001</misses>
				<total>18</total>
				<timestamp>6592.920656</timestamp>
			</report>
			<report>
				<misses>18333001</misses>
				<total>18</total>
				<timestamp>6593.280357</timestamp>
			</report>
			<report>
				<misses>18334001</misses>
				<total>18</total>
				<timestamp>6593.639960</timestamp>
			</report>
			<report>
				<misses>18335001</misses>
				<total>18</total>
				<timestamp>6593.999564</timestamp>
			</report>
			<report>
				<misses>18336001</misses>
				<total>18</total>
				<timestamp>6594.359238</timestamp>
			</report>
			<report>
				<misses>18337001</misses>
				<total>18</total>
				<timestamp>6594.718858</timestamp>
			</report>
			<report>
				<misses>18338001</misses>
				<total>18</total>
				<timestamp>6595.078499</timestamp>
			</report>
			<report>
				<misses>18339001</misses>
				<total>18</total>
				<timestamp>6595.438169</timestamp>
			</report>
			<report>
				<misses>18340001</misses>
				<total>18</total>
				<timestamp>6595.797870</timestamp>
			</report>
			<report>
				<misses>18341001</misses>
				<total>18</total>
				<timestamp>6596.157471</timestamp>
			</report>
			<report>
				<misses>18342001</misses>
				<total>18</total>
				<timestamp>6596.517074</timestamp>
			</report>
			<report>
				<misses>18343001</misses>
				<total>18</total>
				<timestamp>6596.876802</timestamp>
			</report>
			<report>
				<misses>18344001</misses>
				<total>18</total>
				<timestamp>6597.236381</timestamp>
			</report>
			<report>
				<misses>18345001</misses>
				<total>18</total>
				<timestamp>6597.596076</timestamp>
			</report>
			<report>
				<misses>18346001</misses>
				<total>18</total>
				<timestamp>6597.955679</timestamp>
			</report>
			<report>
				<misses>18347001</misses>
				<total>18</total>
				<timestamp>6598.315336</timestamp>
			</report>
			<report>
				<misses>18348001</misses>
				<total>18</total>
				<timestamp>6598.674926</timestamp>
			</report>
			<report>
				<misses>18349001</misses>
				<total>18</total>
				<timestamp>6599.034658</timestamp>
			</report>
			<report>
				<misses>18350001</misses>
				<total>18</total>
				<timestamp>6599.394191</timestamp>
			</report>
			<report>
				<misses>18351001</misses>
				<total>18</total>
				<timestamp>6599.753839</timestamp>
			</report>
			<report>
				<misses>18352001</misses>
				<total>18</total>
				<timestamp>6600.113499</timestamp>
			</report>
			<report>
				<misses>18353001</misses>
				<total>18</total>
				<timestamp>6600.473141</timestamp>
			</report>
			<report>
				<misses>18354001</misses>
				<total>18</total>
				<timestamp>6600.832792</timestamp>
			</report>
			<report>
				<misses>18355001</misses>
				<total>18</total>
				<timestamp>6601.192417</timestamp>
			</report>
			<report>
				<misses>18356001</misses>
				<total>18</total>
				<timestamp>6601.552017</timestamp>
			</report>
			<report>
				<misses>18357001</misses>
				<total>18</total>
				<timestamp>6601.911653</timestamp>
			</report>
			<report>
				<misses>18358001</misses>
				<total>18</total>
				<timestamp>6602.271342</timestamp>
			</report>
			<report>
				<misses>18359001</misses>
				<total>18</total>
				<timestamp>6602.630949</timestamp>
			</report>
			<report>
				<misses>18360001</misses>
				<total>18</total>
				<timestamp>6602.990589</timestamp>
			</report>
			<report>
				<misses>18361001</misses>
				<total>18</total>
				<timestamp>6603.350231</timestamp>
			</report>
			<report>
				<misses>18362001</misses>
				<total>18</total>
				<timestamp>6603.709891</timestamp>
			</report>
			<report>
				<misses>18363001</misses>
				<total>18</total>
				<timestamp>6604.069526</timestamp>
			</report>
			<report>
				<misses>18364001</misses>
				<total>18</total>
				<timestamp>6604.429132</timestamp>
			</report>
			<report>
				<misses>18365001</misses>
				<total>18</total>
				<timestamp>6604.788858</timestamp>
			</report>
			<report>
				<misses>18366001</misses>
				<total>18</total>
				<timestamp>6605.148402</timestamp>
			</report>
			<report>
				<misses>18367001</misses>
				<total>18</total>
				<timestamp>6605.508172</timestamp>
			</report>
			<report>
				<misses>18368001</misses>
				<total>18</total>
				<timestamp>6605.867698</timestamp>
			</report>
			<report>
				<misses>18369001</misses>
				<total>18</total>
				<timestamp>6606.227363</timestamp>
			</report>
			<report>
				<misses>18370001</misses>
				<total>18</total>
				<timestamp>6606.587009</timestamp>
			</report>
			<report>
				<misses>18371001</misses>
				<total>18</total>
				<timestamp>6606.946699</timestamp>
			</report>
			<report>
				<misses>18372001</misses>
				<total>18</total>
				<timestamp>6607.306247</timestamp>
			</report>
			<report>
				<misses>18373001</misses>
				<total>18</total>
				<timestamp>6607.665950</timestamp>
			</report>
			<report>
				<misses>18374001</misses>
				<total>18</total>
				<timestamp>6608.025601</timestamp>
			</report>
			<report>
				<misses>18375001</misses>
				<total>18</total>
				<timestamp>6608.385210</timestamp>
			</report>
			<report>
				<misses>18376001</misses>
				<total>18</total>
				<timestamp>6608.744892</timestamp>
			</report>
			<report>
				<misses>18377001</misses>
				<total>18</total>
				<timestamp>6609.104502</timestamp>
			</report>
			<report>
				<misses>18378001</misses>
				<total>18</total>
				<timestamp>6609.464097</timestamp>
			</report>
			<report>
				<misses>18379001</misses>
				<total>18</total>
				<timestamp>6609.823801</timestamp>
			</report>
			<report>
				<misses>18380001</misses>
				<total>18</total>
				<timestamp>6610.183388</timestamp>
			</report>
			<report>
				<misses>18381001</misses>
				<total>18</total>
				<timestamp>6610.543106</timestamp>
			</report>
			<report>
				<misses>18382001</misses>
				<total>18</total>
				<timestamp>6610.902669</timestamp>
			</report>
			<report>
				<misses>18383001</misses>
				<total>18</total>
				<timestamp>6611.262364</timestamp>
			</report>
			<report>
				<misses>18384001</misses>
				<total>18</total>
				<timestamp>6611.621922</timestamp>
			</report>
			<report>
				<misses>18385001</misses>
				<total>18</total>
				<timestamp>6611.981693</timestamp>
			</report>
			<report>
				<misses>18386001</misses>
				<total>18</total>
				<timestamp>6612.341262</timestamp>
			</report>
			<report>
				<misses>18387001</misses>
				<total>18</total>
				<timestamp>6612.700943</timestamp>
			</report>
			<report>
				<misses>18388001</misses>
				<total>18</total>
				<timestamp>6613.060492</timestamp>
			</report>
			<report>
				<misses>18389001</misses>
				<total>18</total>
				<timestamp>6613.420182</timestamp>
			</report>
			<report>
				<misses>18390001</misses>
				<total>18</total>
				<timestamp>6613.779813</timestamp>
			</report>
			<report>
				<misses>18391001</misses>
				<total>18</total>
				<timestamp>6614.139475</timestamp>
			</report>
			<report>
				<misses>18392001</misses>
				<total>18</total>
				<timestamp>6614.499098</timestamp>
			</report>
			<report>
				<misses>18393001</misses>
				<total>18</total>
				<timestamp>6614.858707</timestamp>
			</report>
			<report>
				<misses>18394001</misses>
				<total>18</total>
				<timestamp>6615.218338</timestamp>
			</report>
			<report>
				<misses>18395001</misses>
				<total>18</total>
				<timestamp>6615.578046</timestamp>
			</report>
			<report>
				<misses>18396001</misses>
				<total>18</total>
				<timestamp>6615.937674</timestamp>
			</report>
			<report>
				<misses>18397001</misses>
				<total>18</total>
				<timestamp>6616.297262</timestamp>
			</report>
			<report>
				<misses>18398001</misses>
				<total>18</total>
				<timestamp>6616.656919</timestamp>
			</report>
			<report>
				<misses>18399001</misses>
				<total>18</total>
				<timestamp>6617.016523</timestamp>
			</report>
			<report>
				<misses>18400001</misses>
				<total>18</total>
				<timestamp>6617.376192</timestamp>
			</report>
			<report>
				<misses>18401001</misses>
				<total>18</total>
				<timestamp>6617.735887</timestamp>
			</report>
			<report>
				<misses>18402001</misses>
				<total>18</total>
				<timestamp>6618.095479</timestamp>
			</report>
			<report>
				<misses>18403001</misses>
				<total>18</total>
				<timestamp>6618.455167</timestamp>
			</report>
			<report>
				<misses>18404001</misses>
				<total>18</total>
				<timestamp>6618.814727</timestamp>
			</report>
			<report>
				<misses>18405001</misses>
				<total>18</total>
				<timestamp>6619.174413</timestamp>
			</report>
			<report>
				<misses>18406001</misses>
				<total>18</total>
				<timestamp>6619.534117</timestamp>
			</report>
			<report>
				<misses>18407001</misses>
				<total>18</total>
				<timestamp>6619.893677</timestamp>
			</report>
			<report>
				<misses>18408001</misses>
				<total>18</total>
				<timestamp>6620.253318</timestamp>
			</report>
			<report>
				<misses>18409001</misses>
				<total>18</total>
				<timestamp>6620.612966</timestamp>
			</report>
			<report>
				<misses>18410001</misses>
				<total>18</total>
				<timestamp>6620.972618</timestamp>
			</report>
			<report>
				<misses>18411001</misses>
				<total>18</total>
				<timestamp>6621.332272</timestamp>
			</report>
			<report>
				<misses>18412001</misses>
				<total>18</total>
				<timestamp>6621.691909</timestamp>
			</report>
			<report>
				<misses>18413001</misses>
				<total>18</total>
				<timestamp>6622.051548</timestamp>
			</report>
			<report>
				<misses>18414001</misses>
				<total>18</total>
				<timestamp>6622.411128</timestamp>
			</report>
			<report>
				<misses>18415001</misses>
				<total>18</total>
				<timestamp>6622.770807</timestamp>
			</report>
			<report>
				<misses>18416001</misses>
				<total>18</total>
				<timestamp>6623.130412</timestamp>
			</report>
			<report>
				<misses>18417001</misses>
				<total>18</total>
				<timestamp>6623.490054</timestamp>
			</report>
			<report>
				<misses>18418001</misses>
				<total>18</total>
				<timestamp>6623.849755</timestamp>
			</report>
			<report>
				<misses>18419001</misses>
				<total>18</total>
				<timestamp>6624.209342</timestamp>
			</report>
			<report>
				<misses>18420001</misses>
				<total>18</total>
				<timestamp>6624.569072</timestamp>
			</report>
			<report>
				<misses>18421001</misses>
				<total>18</total>
				<timestamp>6624.928652</timestamp>
			</report>
			<report>
				<misses>18422001</misses>
				<total>18</total>
				<timestamp>6625.288308</timestamp>
			</report>
			<report>
				<misses>18423001</misses>
				<total>18</total>
				<timestamp>6625.647949</timestamp>
			</report>
			<report>
				<misses>18424001</misses>
				<total>18</total>
				<timestamp>6626.007563</timestamp>
			</report>
			<report>
				<misses>18425001</misses>
				<total>18</total>
				<timestamp>6626.367186</timestamp>
			</report>
			<report>
				<misses>18426001</misses>
				<total>18</total>
				<timestamp>6626.726811</timestamp>
			</report>
			<report>
				<misses>18427001</misses>
				<total>18</total>
				<timestamp>6627.086541</timestamp>
			</report>
			<report>
				<misses>18428001</misses>
				<total>18</total>
				<timestamp>6627.446173</timestamp>
			</report>
			<report>
				<misses>18429001</misses>
				<total>18</total>
				<timestamp>6627.805742</timestamp>
			</report>
			<report>
				<misses>18430001</misses>
				<total>18</total>
				<timestamp>6628.165405</timestamp>
			</report>
			<report>
				<misses>18431001</misses>
				<total>18</total>
				<timestamp>6628.525022</timestamp>
			</report>
			<report>
				<misses>18432001</misses>
				<total>18</total>
				<timestamp>6628.884661</timestamp>
			</report>
			<report>
				<misses>18433001</misses>
				<total>18</total>
				<timestamp>6629.244346</timestamp>
			</report>
			<report>
				<misses>18434001</misses>
				<total>18</total>
				<timestamp>6629.604005</timestamp>
			</report>
			<report>
				<misses>18435001</misses>
				<total>18</total>
				<timestamp>6629.963599</timestamp>
			</report>
			<report>
				<misses>18436001</misses>
				<total>18</total>
				<timestamp>6630.323218</timestamp>
			</report>
			<report>
				<misses>18437001</misses>
				<total>18</total>
				<timestamp>6630.682856</timestamp>
			</report>
			<report>
				<misses>18438001</misses>
				<total>18</total>
				<timestamp>6631.042501</timestamp>
			</report>
			<report>
				<misses>18439001</misses>
				<total>18</total>
				<timestamp>6631.402226</timestamp>
			</report>
			<report>
				<misses>18440001</misses>
				<total>18</total>
				<timestamp>6631.761787</timestamp>
			</report>
			<report>
				<misses>18441001</misses>
				<total>18</total>
				<timestamp>6632.121455</timestamp>
			</report>
			<report>
				<misses>18442001</misses>
				<total>18</total>
				<timestamp>6632.481072</timestamp>
			</report>
			<report>
				<misses>18443001</misses>
				<total>18</total>
				<timestamp>6632.840690</timestamp>
			</report>
			<report>
				<misses>18444001</misses>
				<total>18</total>
				<timestamp>6633.200447</timestamp>
			</report>
			<report>
				<misses>18445001</misses>
				<total>18</total>
				<timestamp>6633.560020</timestamp>
			</report>
			<report>
				<misses>18446001</misses>
				<total>18</total>
				<timestamp>6633.919621</timestamp>
			</report>
			<report>
				<misses>18447001</misses>
				<total>18</total>
				<timestamp>6634.279267</timestamp>
			</report>
			<report>
				<misses>18448001</misses>
				<total>18</total>
				<timestamp>6634.638930</timestamp>
			</report>
			<report>
				<misses>18449001</misses>
				<total>18</total>
				<timestamp>6634.998595</timestamp>
			</report>
			<report>
				<misses>18450001</misses>
				<total>18</total>
				<timestamp>6635.358189</timestamp>
			</report>
			<report>
				<misses>18451001</misses>
				<total>18</total>
				<timestamp>6635.717846</timestamp>
			</report>
			<report>
				<misses>18452001</misses>
				<total>18</total>
				<timestamp>6636.077501</timestamp>
			</report>
			<report>
				<misses>18453001</misses>
				<total>18</total>
				<timestamp>6636.437102</timestamp>
			</report>
			<report>
				<misses>18454001</misses>
				<total>18</total>
				<timestamp>6636.796733</timestamp>
			</report>
			<report>
				<misses>18455001</misses>
				<total>18</total>
				<timestamp>6637.156366</timestamp>
			</report>
			<report>
				<misses>18456001</misses>
				<total>18</total>
				<timestamp>6637.516088</timestamp>
			</report>
			<report>
				<misses>18457001</misses>
				<total>18</total>
				<timestamp>6637.875658</timestamp>
			</report>
			<report>
				<misses>18458001</misses>
				<total>18</total>
				<timestamp>6638.235305</timestamp>
			</report>
			<report>
				<misses>18459001</misses>
				<total>18</total>
				<timestamp>6638.594984</timestamp>
			</report>
			<report>
				<misses>18460001</misses>
				<total>18</total>
				<timestamp>6638.954582</timestamp>
			</report>
			<report>
				<misses>18461001</misses>
				<total>18</total>
				<timestamp>6639.314226</timestamp>
			</report>
			<report>
				<misses>18462001</misses>
				<total>18</total>
				<timestamp>6639.673867</timestamp>
			</report>
			<report>
				<misses>18463001</misses>
				<total>18</total>
				<timestamp>6640.033503</timestamp>
			</report>
			<report>
				<misses>18464001</misses>
				<total>18</total>
				<timestamp>6640.393150</timestamp>
			</report>
			<report>
				<misses>18465001</misses>
				<total>18</total>
				<timestamp>6640.752796</timestamp>
			</report>
			<report>
				<misses>18466001</misses>
				<total>18</total>
				<timestamp>6641.112443</timestamp>
			</report>
			<report>
				<misses>18467001</misses>
				<total>18</total>
				<timestamp>6641.472082</timestamp>
			</report>
			<report>
				<misses>18468001</misses>
				<total>18</total>
				<timestamp>6641.831717</timestamp>
			</report>
			<report>
				<misses>18469001</misses>
				<total>18</total>
				<timestamp>6642.191331</timestamp>
			</report>
			<report>
				<misses>18470001</misses>
				<total>18</total>
				<timestamp>6642.551076</timestamp>
			</report>
			<report>
				<misses>18471001</misses>
				<total>18</total>
				<timestamp>6642.910680</timestamp>
			</report>
			<report>
				<misses>18472001</misses>
				<total>18</total>
				<timestamp>6643.270318</timestamp>
			</report>
			<report>
				<misses>18473001</misses>
				<total>18</total>
				<timestamp>6643.629949</timestamp>
			</report>
			<report>
				<misses>18474001</misses>
				<total>18</total>
				<timestamp>6643.989546</timestamp>
			</report>
			<report>
				<misses>18475001</misses>
				<total>18</total>
				<timestamp>6644.349181</timestamp>
			</report>
			<report>
				<misses>18476001</misses>
				<total>18</total>
				<timestamp>6644.708809</timestamp>
			</report>
			<report>
				<misses>18477001</misses>
				<total>18</total>
				<timestamp>6645.068472</timestamp>
			</report>
			<report>
				<misses>18478001</misses>
				<total>18</total>
				<timestamp>6645.428110</timestamp>
			</report>
			<report>
				<misses>18479001</misses>
				<total>18</total>
				<timestamp>6645.787763</timestamp>
			</report>
			<report>
				<misses>18480001</misses>
				<total>18</total>
				<timestamp>6646.147513</timestamp>
			</report>
			<report>
				<misses>18481001</misses>
				<total>18</total>
				<timestamp>6646.507067</timestamp>
			</report>
			<report>
				<misses>18482001</misses>
				<total>18</total>
				<timestamp>6646.866697</timestamp>
			</report>
			<report>
				<misses>18483001</misses>
				<total>18</total>
				<timestamp>6647.226386</timestamp>
			</report>
			<report>
				<misses>18484001</misses>
				<total>18</total>
				<timestamp>6647.585947</timestamp>
			</report>
			<report>
				<misses>18485001</misses>
				<total>18</total>
				<timestamp>6647.945602</timestamp>
			</report>
			<report>
				<misses>18486001</misses>
				<total>18</total>
				<timestamp>6648.305207</timestamp>
			</report>
			<report>
				<misses>18487001</misses>
				<total>18</total>
				<timestamp>6648.664908</timestamp>
			</report>
			<report>
				<misses>18488001</misses>
				<total>18</total>
				<timestamp>6649.024607</timestamp>
			</report>
			<report>
				<misses>18489001</misses>
				<total>18</total>
				<timestamp>6649.384129</timestamp>
			</report>
			<report>
				<misses>18490001</misses>
				<total>18</total>
				<timestamp>6649.743769</timestamp>
			</report>
			<report>
				<misses>18491001</misses>
				<total>18</total>
				<timestamp>6650.103495</timestamp>
			</report>
			<report>
				<misses>18492001</misses>
				<total>18</total>
				<timestamp>6650.463072</timestamp>
			</report>
			<report>
				<misses>18493001</misses>
				<total>18</total>
				<timestamp>6650.822740</timestamp>
			</report>
			<report>
				<misses>18494001</misses>
				<total>18</total>
				<timestamp>6651.182341</timestamp>
			</report>
			<report>
				<misses>18495001</misses>
				<total>18</total>
				<timestamp>6651.542070</timestamp>
			</report>
			<report>
				<misses>18496001</misses>
				<total>18</total>
				<timestamp>6651.901680</timestamp>
			</report>
			<report>
				<misses>18497001</misses>
				<total>18</total>
				<timestamp>6652.261280</timestamp>
			</report>
			<report>
				<misses>18498001</misses>
				<total>18</total>
				<timestamp>6652.620893</timestamp>
			</report>
			<report>
				<misses>18499001</misses>
				<total>18</total>
				<timestamp>6652.980618</timestamp>
			</report>
			<report>
				<misses>18500001</misses>
				<total>18</total>
				<timestamp>6653.340201</timestamp>
			</report>
			<report>
				<misses>18501001</misses>
				<total>18</total>
				<timestamp>6653.699847</timestamp>
			</report>
			<report>
				<misses>18502001</misses>
				<total>18</total>
				<timestamp>6654.059547</timestamp>
			</report>
			<report>
				<misses>18503001</misses>
				<total>18</total>
				<timestamp>6654.419132</timestamp>
			</report>
			<report>
				<misses>18504001</misses>
				<total>18</total>
				<timestamp>6654.778741</timestamp>
			</report>
			<report>
				<misses>18505001</misses>
				<total>18</total>
				<timestamp>6655.138382</timestamp>
			</report>
			<report>
				<misses>18506001</misses>
				<total>18</total>
				<timestamp>6655.498021</timestamp>
			</report>
			<report>
				<misses>18507001</misses>
				<total>18</total>
				<timestamp>6655.857707</timestamp>
			</report>
			<report>
				<misses>18508001</misses>
				<total>18</total>
				<timestamp>6656.217334</timestamp>
			</report>
			<report>
				<misses>18509001</misses>
				<total>18</total>
				<timestamp>6656.577006</timestamp>
			</report>
			<report>
				<misses>18510001</misses>
				<total>18</total>
				<timestamp>6656.936585</timestamp>
			</report>
			<report>
				<misses>18511001</misses>
				<total>18</total>
				<timestamp>6657.296243</timestamp>
			</report>
			<report>
				<misses>18512001</misses>
				<total>18</total>
				<timestamp>6657.655941</timestamp>
			</report>
			<report>
				<misses>18513001</misses>
				<total>18</total>
				<timestamp>6658.015560</timestamp>
			</report>
			<report>
				<misses>18514001</misses>
				<total>18</total>
				<timestamp>6658.375155</timestamp>
			</report>
			<report>
				<misses>18515001</misses>
				<total>18</total>
				<timestamp>6658.734799</timestamp>
			</report>
			<report>
				<misses>18516001</misses>
				<total>18</total>
				<timestamp>6659.094468</timestamp>
			</report>
			<report>
				<misses>18517001</misses>
				<total>18</total>
				<timestamp>6659.454069</timestamp>
			</report>
			<report>
				<misses>18518001</misses>
				<total>18</total>
				<timestamp>6659.813721</timestamp>
			</report>
			<report>
				<misses>18519001</misses>
				<total>18</total>
				<timestamp>6660.173343</timestamp>
			</report>
			<report>
				<misses>18520001</misses>
				<total>18</total>
				<timestamp>6660.533034</timestamp>
			</report>
			<report>
				<misses>18521001</misses>
				<total>18</total>
				<timestamp>6660.892695</timestamp>
			</report>
			<report>
				<misses>18522001</misses>
				<total>18</total>
				<timestamp>6661.252308</timestamp>
			</report>
			<report>
				<misses>18523001</misses>
				<total>18</total>
				<timestamp>6661.611900</timestamp>
			</report>
			<report>
				<misses>18524001</misses>
				<total>18</total>
				<timestamp>6661.971614</timestamp>
			</report>
			<report>
				<misses>18525001</misses>
				<total>18</total>
				<timestamp>6662.331265</timestamp>
			</report>
			<report>
				<misses>18526001</misses>
				<total>18</total>
				<timestamp>6662.690886</timestamp>
			</report>
			<report>
				<misses>18527001</misses>
				<total>18</total>
				<timestamp>6663.050566</timestamp>
			</report>
			<report>
				<misses>18528001</misses>
				<total>18</total>
				<timestamp>6663.410128</timestamp>
			</report>
			<report>
				<misses>18529001</misses>
				<total>18</total>
				<timestamp>6663.769737</timestamp>
			</report>
			<report>
				<misses>18530001</misses>
				<total>18</total>
				<timestamp>6664.129398</timestamp>
			</report>
			<report>
				<misses>18531001</misses>
				<total>18</total>
				<timestamp>6664.489031</timestamp>
			</report>
			<report>
				<misses>18532001</misses>
				<total>18</total>
				<timestamp>6664.848663</timestamp>
			</report>
			<report>
				<misses>18533001</misses>
				<total>18</total>
				<timestamp>6665.208299</timestamp>
			</report>
			<report>
				<misses>18534001</misses>
				<total>18</total>
				<timestamp>6665.567969</timestamp>
			</report>
			<report>
				<misses>18535001</misses>
				<total>18</total>
				<timestamp>6665.927589</timestamp>
			</report>
			<report>
				<misses>18536001</misses>
				<total>18</total>
				<timestamp>6666.287204</timestamp>
			</report>
			<report>
				<misses>18537001</misses>
				<total>18</total>
				<timestamp>6666.646900</timestamp>
			</report>
			<report>
				<misses>18538001</misses>
				<total>18</total>
				<timestamp>6667.006557</timestamp>
			</report>
			<report>
				<misses>18539001</misses>
				<total>18</total>
				<timestamp>6667.366182</timestamp>
			</report>
			<report>
				<misses>18540001</misses>
				<total>18</total>
				<timestamp>6667.725854</timestamp>
			</report>
			<report>
				<misses>18541001</misses>
				<total>18</total>
				<timestamp>6668.085511</timestamp>
			</report>
			<report>
				<misses>18542001</misses>
				<total>18</total>
				<timestamp>6668.445072</timestamp>
			</report>
			<report>
				<misses>18543001</misses>
				<total>18</total>
				<timestamp>6668.804705</timestamp>
			</report>
			<report>
				<misses>18544001</misses>
				<total>18</total>
				<timestamp>6669.164361</timestamp>
			</report>
			<report>
				<misses>18545001</misses>
				<total>18</total>
				<timestamp>6669.524024</timestamp>
			</report>
			<report>
				<misses>18546001</misses>
				<total>18</total>
				<timestamp>6669.883611</timestamp>
			</report>
			<report>
				<misses>18547001</misses>
				<total>18</total>
				<timestamp>6670.243303</timestamp>
			</report>
			<report>
				<misses>18548001</misses>
				<total>18</total>
				<timestamp>6670.602971</timestamp>
			</report>
			<report>
				<misses>18549001</misses>
				<total>18</total>
				<timestamp>6670.962580</timestamp>
			</report>
			<report>
				<misses>18550001</misses>
				<total>18</total>
				<timestamp>6671.322172</timestamp>
			</report>
			<report>
				<misses>18551001</misses>
				<total>18</total>
				<timestamp>6671.681858</timestamp>
			</report>
			<report>
				<misses>18552001</misses>
				<total>18</total>
				<timestamp>6672.041486</timestamp>
			</report>
			<report>
				<misses>18553001</misses>
				<total>18</total>
				<timestamp>6672.401143</timestamp>
			</report>
			<report>
				<misses>18554001</misses>
				<total>18</total>
				<timestamp>6672.760780</timestamp>
			</report>
			<report>
				<misses>18555001</misses>
				<total>18</total>
				<timestamp>6673.120415</timestamp>
			</report>
			<report>
				<misses>18556001</misses>
				<total>18</total>
				<timestamp>6673.480045</timestamp>
			</report>
			<report>
				<misses>18557001</misses>
				<total>18</total>
				<timestamp>6673.839674</timestamp>
			</report>
			<report>
				<misses>18558001</misses>
				<total>18</total>
				<timestamp>6674.199402</timestamp>
			</report>
			<report>
				<misses>18559001</misses>
				<total>18</total>
				<timestamp>6674.558937</timestamp>
			</report>
			<report>
				<misses>18560001</misses>
				<total>18</total>
				<timestamp>6674.918592</timestamp>
			</report>
			<report>
				<misses>18561001</misses>
				<total>18</total>
				<timestamp>6675.278242</timestamp>
			</report>
			<report>
				<misses>18562001</misses>
				<total>18</total>
				<timestamp>6675.637866</timestamp>
			</report>
			<report>
				<misses>18563001</misses>
				<total>18</total>
				<timestamp>6675.997559</timestamp>
			</report>
			<report>
				<misses>18564001</misses>
				<total>18</total>
				<timestamp>6676.357155</timestamp>
			</report>
			<report>
				<misses>18565001</misses>
				<total>18</total>
				<timestamp>6676.716820</timestamp>
			</report>
			<report>
				<misses>18566001</misses>
				<total>18</total>
				<timestamp>6677.076436</timestamp>
			</report>
			<report>
				<misses>18567001</misses>
				<total>18</total>
				<timestamp>6677.436085</timestamp>
			</report>
			<report>
				<misses>18568001</misses>
				<total>18</total>
				<timestamp>6677.795739</timestamp>
			</report>
			<report>
				<misses>18569001</misses>
				<total>18</total>
				<timestamp>6678.155370</timestamp>
			</report>
			<report>
				<misses>18570001</misses>
				<total>18</total>
				<timestamp>6678.515082</timestamp>
			</report>
			<report>
				<misses>18571001</misses>
				<total>18</total>
				<timestamp>6678.874643</timestamp>
			</report>
			<report>
				<misses>18572001</misses>
				<total>18</total>
				<timestamp>6679.234264</timestamp>
			</report>
			<report>
				<misses>18573001</misses>
				<total>18</total>
				<timestamp>6679.593950</timestamp>
			</report>
			<report>
				<misses>18574001</misses>
				<total>18</total>
				<timestamp>6679.953550</timestamp>
			</report>
			<report>
				<misses>18575001</misses>
				<total>18</total>
				<timestamp>6680.313192</timestamp>
			</report>
			<report>
				<misses>18576001</misses>
				<total>18</total>
				<timestamp>6680.672881</timestamp>
			</report>
			<report>
				<misses>18577001</misses>
				<total>18</total>
				<timestamp>6681.032469</timestamp>
			</report>
			<report>
				<misses>18578001</misses>
				<total>18</total>
				<timestamp>6681.392101</timestamp>
			</report>
			<report>
				<misses>18579001</misses>
				<total>18</total>
				<timestamp>6681.751783</timestamp>
			</report>
			<report>
				<misses>18580001</misses>
				<total>18</total>
				<timestamp>6682.111400</timestamp>
			</report>
			<report>
				<misses>18581001</misses>
				<total>18</total>
				<timestamp>6682.471017</timestamp>
			</report>
			<report>
				<misses>18582001</misses>
				<total>18</total>
				<timestamp>6682.830675</timestamp>
			</report>
			<report>
				<misses>18583001</misses>
				<total>18</total>
				<timestamp>6683.190363</timestamp>
			</report>
			<report>
				<misses>18584001</misses>
				<total>18</total>
				<timestamp>6683.549936</timestamp>
			</report>
			<report>
				<misses>18585001</misses>
				<total>18</total>
				<timestamp>6683.909607</timestamp>
			</report>
			<report>
				<misses>18586001</misses>
				<total>18</total>
				<timestamp>6684.269253</timestamp>
			</report>
			<report>
				<misses>18587001</misses>
				<total>18</total>
				<timestamp>6684.628849</timestamp>
			</report>
			<report>
				<misses>18588001</misses>
				<total>18</total>
				<timestamp>6684.988533</timestamp>
			</report>
			<report>
				<misses>18589001</misses>
				<total>18</total>
				<timestamp>6685.348231</timestamp>
			</report>
			<report>
				<misses>18590001</misses>
				<total>18</total>
				<timestamp>6685.707780</timestamp>
			</report>
			<report>
				<misses>18591001</misses>
				<total>18</total>
				<timestamp>6686.067447</timestamp>
			</report>
			<report>
				<misses>18592001</misses>
				<total>18</total>
				<timestamp>6686.427069</timestamp>
			</report>
			<report>
				<misses>18593001</misses>
				<total>18</total>
				<timestamp>6686.786757</timestamp>
			</report>
			<report>
				<misses>18594001</misses>
				<total>18</total>
				<timestamp>6687.146331</timestamp>
			</report>
			<report>
				<misses>18595001</misses>
				<total>18</total>
				<timestamp>6687.506013</timestamp>
			</report>
			<report>
				<misses>18596001</misses>
				<total>18</total>
				<timestamp>6687.865648</timestamp>
			</report>
			<report>
				<misses>18597001</misses>
				<total>18</total>
				<timestamp>6688.225328</timestamp>
			</report>
			<report>
				<misses>18598001</misses>
				<total>18</total>
				<timestamp>6688.585019</timestamp>
			</report>
			<report>
				<misses>18599001</misses>
				<total>18</total>
				<timestamp>6688.944554</timestamp>
			</report>
			<report>
				<misses>18600001</misses>
				<total>18</total>
				<timestamp>6689.304241</timestamp>
			</report>
			<report>
				<misses>18601001</misses>
				<total>18</total>
				<timestamp>6689.663818</timestamp>
			</report>
			<report>
				<misses>18602001</misses>
				<total>18</total>
				<timestamp>6690.023468</timestamp>
			</report>
			<report>
				<misses>18603001</misses>
				<total>18</total>
				<timestamp>6690.383170</timestamp>
			</report>
			<report>
				<misses>18604001</misses>
				<total>18</total>
				<timestamp>6690.742736</timestamp>
			</report>
			<report>
				<misses>18605001</misses>
				<total>18</total>
				<timestamp>6691.102390</timestamp>
			</report>
			<report>
				<misses>18606001</misses>
				<total>18</total>
				<timestamp>6691.462025</timestamp>
			</report>
			<report>
				<misses>18607001</misses>
				<total>18</total>
				<timestamp>6691.821718</timestamp>
			</report>
			<report>
				<misses>18608001</misses>
				<total>18</total>
				<timestamp>6692.181343</timestamp>
			</report>
			<report>
				<misses>18609001</misses>
				<total>18</total>
				<timestamp>6692.540956</timestamp>
			</report>
			<report>
				<misses>18610001</misses>
				<total>18</total>
				<timestamp>6692.900604</timestamp>
			</report>
			<report>
				<misses>18611001</misses>
				<total>18</total>
				<timestamp>6693.260291</timestamp>
			</report>
			<report>
				<misses>18612001</misses>
				<total>18</total>
				<timestamp>6693.619842</timestamp>
			</report>
			<report>
				<misses>18613001</misses>
				<total>18</total>
				<timestamp>6693.979485</timestamp>
			</report>
			<report>
				<misses>18614001</misses>
				<total>18</total>
				<timestamp>6694.339179</timestamp>
			</report>
			<report>
				<misses>18615001</misses>
				<total>18</total>
				<timestamp>6694.698780</timestamp>
			</report>
			<report>
				<misses>18616001</misses>
				<total>18</total>
				<timestamp>6695.058454</timestamp>
			</report>
			<report>
				<misses>18617001</misses>
				<total>18</total>
				<timestamp>6695.418145</timestamp>
			</report>
			<report>
				<misses>18618001</misses>
				<total>18</total>
				<timestamp>6695.777695</timestamp>
			</report>
			<report>
				<misses>18619001</misses>
				<total>18</total>
				<timestamp>6696.137377</timestamp>
			</report>
			<report>
				<misses>18620001</misses>
				<total>18</total>
				<timestamp>6696.497049</timestamp>
			</report>
			<report>
				<misses>18621001</misses>
				<total>18</total>
				<timestamp>6696.856684</timestamp>
			</report>
			<report>
				<misses>18622001</misses>
				<total>18</total>
				<timestamp>6697.216363</timestamp>
			</report>
			<report>
				<misses>18623001</misses>
				<total>18</total>
				<timestamp>6697.575949</timestamp>
			</report>
			<report>
				<misses>18624001</misses>
				<total>18</total>
				<timestamp>6697.935560</timestamp>
			</report>
			<report>
				<misses>18625001</misses>
				<total>18</total>
				<timestamp>6698.295232</timestamp>
			</report>
			<report>
				<misses>18626001</misses>
				<total>18</total>
				<timestamp>6698.654820</timestamp>
			</report>
			<report>
				<misses>18627001</misses>
				<total>18</total>
				<timestamp>6699.014468</timestamp>
			</report>
			<report>
				<misses>18628001</misses>
				<total>18</total>
				<timestamp>6699.374151</timestamp>
			</report>
			<report>
				<misses>18629001</misses>
				<total>18</total>
				<timestamp>6699.733796</timestamp>
			</report>
			<report>
				<misses>18630001</misses>
				<total>18</total>
				<timestamp>6700.093379</timestamp>
			</report>
			<report>
				<misses>18631001</misses>
				<total>18</total>
				<timestamp>6700.453091</timestamp>
			</report>
			<report>
				<misses>18632001</misses>
				<total>18</total>
				<timestamp>6700.812702</timestamp>
			</report>
			<report>
				<misses>18633001</misses>
				<total>18</total>
				<timestamp>6701.172332</timestamp>
			</report>
			<report>
				<misses>18634001</misses>
				<total>18</total>
				<timestamp>6701.531939</timestamp>
			</report>
			<report>
				<misses>18635001</misses>
				<total>18</total>
				<timestamp>6701.891589</timestamp>
			</report>
			<report>
				<misses>18636001</misses>
				<total>18</total>
				<timestamp>6702.251222</timestamp>
			</report>
			<report>
				<misses>18637001</misses>
				<total>18</total>
				<timestamp>6702.610882</timestamp>
			</report>
			<report>
				<misses>18638001</misses>
				<total>18</total>
				<timestamp>6702.970502</timestamp>
			</report>
			<report>
				<misses>18639001</misses>
				<total>18</total>
				<timestamp>6703.330266</timestamp>
			</report>
			<report>
				<misses>18640001</misses>
				<total>18</total>
				<timestamp>6703.689780</timestamp>
			</report>
			<report>
				<misses>18641001</misses>
				<total>18</total>
				<timestamp>6704.049510</timestamp>
			</report>
			<report>
				<misses>18642001</misses>
				<total>18</total>
				<timestamp>6704.409109</timestamp>
			</report>
			<report>
				<misses>18643001</misses>
				<total>18</total>
				<timestamp>6704.768715</timestamp>
			</report>
			<report>
				<misses>18644001</misses>
				<total>18</total>
				<timestamp>6705.128385</timestamp>
			</report>
			<report>
				<misses>18645001</misses>
				<total>18</total>
				<timestamp>6705.488016</timestamp>
			</report>
			<report>
				<misses>18646001</misses>
				<total>18</total>
				<timestamp>6705.847656</timestamp>
			</report>
			<report>
				<misses>18647001</misses>
				<total>18</total>
				<timestamp>6706.207382</timestamp>
			</report>
			<report>
				<misses>18648001</misses>
				<total>18</total>
				<timestamp>6706.566892</timestamp>
			</report>
			<report>
				<misses>18649001</misses>
				<total>18</total>
				<timestamp>6706.926592</timestamp>
			</report>
			<report>
				<misses>18650001</misses>
				<total>18</total>
				<timestamp>6707.286245</timestamp>
			</report>
			<report>
				<misses>18651001</misses>
				<total>18</total>
				<timestamp>6707.645839</timestamp>
			</report>
			<report>
				<misses>18652001</misses>
				<total>18</total>
				<timestamp>6708.005456</timestamp>
			</report>
			<report>
				<misses>18653001</misses>
				<total>18</total>
				<timestamp>6708.365196</timestamp>
			</report>
			<report>
				<misses>18654001</misses>
				<total>18</total>
				<timestamp>6708.724761</timestamp>
			</report>
			<report>
				<misses>18655001</misses>
				<total>18</total>
				<timestamp>6709.084389</timestamp>
			</report>
			<report>
				<misses>18656001</misses>
				<total>18</total>
				<timestamp>6709.444044</timestamp>
			</report>
			<report>
				<misses>18657001</misses>
				<total>18</total>
				<timestamp>6709.803681</timestamp>
			</report>
			<report>
				<misses>18658001</misses>
				<total>18</total>
				<timestamp>6710.163352</timestamp>
			</report>
			<report>
				<misses>18659001</misses>
				<total>18</total>
				<timestamp>6710.522947</timestamp>
			</report>
			<report>
				<misses>18660001</misses>
				<total>18</total>
				<timestamp>6710.882573</timestamp>
			</report>
			<report>
				<misses>18661001</misses>
				<total>18</total>
				<timestamp>6711.242245</timestamp>
			</report>
			<report>
				<misses>18662001</misses>
				<total>18</total>
				<timestamp>6711.601846</timestamp>
			</report>
			<report>
				<misses>18663001</misses>
				<total>18</total>
				<timestamp>6711.961482</timestamp>
			</report>
			<report>
				<misses>18664001</misses>
				<total>18</total>
				<timestamp>6712.321212</timestamp>
			</report>
			<report>
				<misses>18665001</misses>
				<total>18</total>
				<timestamp>6712.680869</timestamp>
			</report>
			<report>
				<misses>18666001</misses>
				<total>18</total>
				<timestamp>6713.040463</timestamp>
			</report>
			<report>
				<misses>18667001</misses>
				<total>18</total>
				<timestamp>6713.400097</timestamp>
			</report>
			<report>
				<misses>18668001</misses>
				<total>18</total>
				<timestamp>6713.759697</timestamp>
			</report>
			<report>
				<misses>18669001</misses>
				<total>18</total>
				<timestamp>6714.119339</timestamp>
			</report>
			<report>
				<misses>18670001</misses>
				<total>18</total>
				<timestamp>6714.478980</timestamp>
			</report>
			<report>
				<misses>18671001</misses>
				<total>18</total>
				<timestamp>6714.838674</timestamp>
			</report>
			<report>
				<misses>18672001</misses>
				<total>18</total>
				<timestamp>6715.198261</timestamp>
			</report>
			<report>
				<misses>18673001</misses>
				<total>18</total>
				<timestamp>6715.557947</timestamp>
			</report>
			<report>
				<misses>18674001</misses>
				<total>18</total>
				<timestamp>6715.917534</timestamp>
			</report>
			<report>
				<misses>18675001</misses>
				<total>18</total>
				<timestamp>6716.277185</timestamp>
			</report>
			<report>
				<misses>18676001</misses>
				<total>18</total>
				<timestamp>6716.636819</timestamp>
			</report>
			<report>
				<misses>18677001</misses>
				<total>18</total>
				<timestamp>6716.996508</timestamp>
			</report>
			<report>
				<misses>18678001</misses>
				<total>18</total>
				<timestamp>6717.356138</timestamp>
			</report>
			<report>
				<misses>18679001</misses>
				<total>18</total>
				<timestamp>6717.715753</timestamp>
			</report>
			<report>
				<misses>18680001</misses>
				<total>18</total>
				<timestamp>6718.075431</timestamp>
			</report>
			<report>
				<misses>18681001</misses>
				<total>18</total>
				<timestamp>6718.435053</timestamp>
			</report>
			<report>
				<misses>18682001</misses>
				<total>18</total>
				<timestamp>6718.794709</timestamp>
			</report>
			<report>
				<misses>18683001</misses>
				<total>18</total>
				<timestamp>6719.154305</timestamp>
			</report>
			<report>
				<misses>18684001</misses>
				<total>18</total>
				<timestamp>6719.513973</timestamp>
			</report>
			<report>
				<misses>18685001</misses>
				<total>18</total>
				<timestamp>6719.873580</timestamp>
			</report>
			<report>
				<misses>18686001</misses>
				<total>18</total>
				<timestamp>6720.233263</timestamp>
			</report>
			<report>
				<misses>18687001</misses>
				<total>18</total>
				<timestamp>6720.592902</timestamp>
			</report>
			<report>
				<misses>18688001</misses>
				<total>18</total>
				<timestamp>6720.952505</timestamp>
			</report>
			<report>
				<misses>18689001</misses>
				<total>18</total>
				<timestamp>6721.312230</timestamp>
			</report>
			<report>
				<misses>18690001</misses>
				<total>18</total>
				<timestamp>6721.671791</timestamp>
			</report>
			<report>
				<misses>18691001</misses>
				<total>18</total>
				<timestamp>6722.031446</timestamp>
			</report>
			<report>
				<misses>18692001</misses>
				<total>18</total>
				<timestamp>6722.391173</timestamp>
			</report>
			<report>
				<misses>18693001</misses>
				<total>18</total>
				<timestamp>6722.750759</timestamp>
			</report>
			<report>
				<misses>18694001</misses>
				<total>18</total>
				<timestamp>6723.110358</timestamp>
			</report>
			<report>
				<misses>18695001</misses>
				<total>18</total>
				<timestamp>6723.470029</timestamp>
			</report>
			<report>
				<misses>18696001</misses>
				<total>18</total>
				<timestamp>6723.829689</timestamp>
			</report>
			<report>
				<misses>18697001</misses>
				<total>18</total>
				<timestamp>6724.189260</timestamp>
			</report>
			<report>
				<misses>18698001</misses>
				<total>18</total>
				<timestamp>6724.548944</timestamp>
			</report>
			<report>
				<misses>18699001</misses>
				<total>18</total>
				<timestamp>6724.908648</timestamp>
			</report>
			<report>
				<misses>18700001</misses>
				<total>18</total>
				<timestamp>6725.268236</timestamp>
			</report>
			<report>
				<misses>18701001</misses>
				<total>18</total>
				<timestamp>6725.627955</timestamp>
			</report>
			<report>
				<misses>18702001</misses>
				<total>18</total>
				<timestamp>6725.987468</timestamp>
			</report>
			<report>
				<misses>18703001</misses>
				<total>18</total>
				<timestamp>6726.347230</timestamp>
			</report>
			<report>
				<misses>18704001</misses>
				<total>18</total>
				<timestamp>6726.706784</timestamp>
			</report>
			<report>
				<misses>18705001</misses>
				<total>18</total>
				<timestamp>6727.066423</timestamp>
			</report>
			<report>
				<misses>18706001</misses>
				<total>18</total>
				<timestamp>6727.426085</timestamp>
			</report>
			<report>
				<misses>18707001</misses>
				<total>18</total>
				<timestamp>6727.785678</timestamp>
			</report>
			<report>
				<misses>18708001</misses>
				<total>18</total>
				<timestamp>6728.145305</timestamp>
			</report>
			<report>
				<misses>18709001</misses>
				<total>18</total>
				<timestamp>6728.505027</timestamp>
			</report>
			<report>
				<misses>18710001</misses>
				<total>18</total>
				<timestamp>6728.864568</timestamp>
			</report>
			<report>
				<misses>18711001</misses>
				<total>18</total>
				<timestamp>6729.224213</timestamp>
			</report>
			<report>
				<misses>18712001</misses>
				<total>18</total>
				<timestamp>6729.583878</timestamp>
			</report>
			<report>
				<misses>18713001</misses>
				<total>18</total>
				<timestamp>6729.943537</timestamp>
			</report>
			<report>
				<misses>18714001</misses>
				<total>18</total>
				<timestamp>6730.303151</timestamp>
			</report>
			<report>
				<misses>18715001</misses>
				<total>18</total>
				<timestamp>6730.662774</timestamp>
			</report>
			<report>
				<misses>18716001</misses>
				<total>18</total>
				<timestamp>6731.022417</timestamp>
			</report>
			<report>
				<misses>18717001</misses>
				<total>18</total>
				<timestamp>6731.382098</timestamp>
			</report>
			<report>
				<misses>18718001</misses>
				<total>18</total>
				<timestamp>6731.741698</timestamp>
			</report>
			<report>
				<misses>18719001</misses>
				<total>18</total>
				<timestamp>6732.101364</timestamp>
			</report>
			<report>
				<misses>18720001</misses>
				<total>18</total>
				<timestamp>6732.461055</timestamp>
			</report>
			<report>
				<misses>18721001</misses>
				<total>18</total>
				<timestamp>6732.820656</timestamp>
			</report>
			<report>
				<misses>18722001</misses>
				<total>18</total>
				<timestamp>6733.180258</timestamp>
			</report>
			<report>
				<misses>18723001</misses>
				<total>18</total>
				<timestamp>6733.539896</timestamp>
			</report>
			<report>
				<misses>18724001</misses>
				<total>18</total>
				<timestamp>6733.899533</timestamp>
			</report>
			<report>
				<misses>18725001</misses>
				<total>18</total>
				<timestamp>6734.259196</timestamp>
			</report>
			<report>
				<misses>18726001</misses>
				<total>18</total>
				<timestamp>6734.618818</timestamp>
			</report>
			<report>
				<misses>18727001</misses>
				<total>18</total>
				<timestamp>6734.978505</timestamp>
			</report>
			<report>
				<misses>18728001</misses>
				<total>18</total>
				<timestamp>6735.338144</timestamp>
			</report>
			<report>
				<misses>18729001</misses>
				<total>18</total>
				<timestamp>6735.697738</timestamp>
			</report>
			<report>
				<misses>18730001</misses>
				<total>18</total>
				<timestamp>6736.057449</timestamp>
			</report>
			<report>
				<misses>18731001</misses>
				<total>18</total>
				<timestamp>6736.417194</timestamp>
			</report>
			<report>
				<misses>18732001</misses>
				<total>18</total>
				<timestamp>6736.776655</timestamp>
			</report>
			<report>
				<misses>18733001</misses>
				<total>18</total>
				<timestamp>6737.136306</timestamp>
			</report>
			<report>
				<misses>18734001</misses>
				<total>18</total>
				<timestamp>6737.495964</timestamp>
			</report>
			<report>
				<misses>18735001</misses>
				<total>18</total>
				<timestamp>6737.855634</timestamp>
			</report>
			<report>
				<misses>18736001</misses>
				<total>18</total>
				<timestamp>6738.215295</timestamp>
			</report>
			<report>
				<misses>18737001</misses>
				<total>18</total>
				<timestamp>6738.574857</timestamp>
			</report>
			<report>
				<misses>18738001</misses>
				<total>18</total>
				<timestamp>6738.934529</timestamp>
			</report>
			<report>
				<misses>18739001</misses>
				<total>18</total>
				<timestamp>6739.294221</timestamp>
			</report>
			<report>
				<misses>18740001</misses>
				<total>18</total>
				<timestamp>6739.653773</timestamp>
			</report>
			<report>
				<misses>18741001</misses>
				<total>18</total>
				<timestamp>6740.013449</timestamp>
			</report>
			<report>
				<misses>18742001</misses>
				<total>18</total>
				<timestamp>6740.373117</timestamp>
			</report>
			<report>
				<misses>18743001</misses>
				<total>18</total>
				<timestamp>6740.732704</timestamp>
			</report>
			<report>
				<misses>18744001</misses>
				<total>18</total>
				<timestamp>6741.092423</timestamp>
			</report>
			<report>
				<misses>18745001</misses>
				<total>18</total>
				<timestamp>6741.452029</timestamp>
			</report>
			<report>
				<misses>18746001</misses>
				<total>18</total>
				<timestamp>6741.811684</timestamp>
			</report>
			<report>
				<misses>18747001</misses>
				<total>18</total>
				<timestamp>6742.171263</timestamp>
			</report>
			<report>
				<misses>18748001</misses>
				<total>18</total>
				<timestamp>6742.531028</timestamp>
			</report>
			<report>
				<misses>18749001</misses>
				<total>18</total>
				<timestamp>6742.890660</timestamp>
			</report>
			<report>
				<misses>18750001</misses>
				<total>18</total>
				<timestamp>6743.250167</timestamp>
			</report>
			<report>
				<misses>18751001</misses>
				<total>18</total>
				<timestamp>6743.609837</timestamp>
			</report>
			<report>
				<misses>18752001</misses>
				<total>18</total>
				<timestamp>6743.969458</timestamp>
			</report>
			<report>
				<misses>18753001</misses>
				<total>18</total>
				<timestamp>6744.329149</timestamp>
			</report>
			<report>
				<misses>18754001</misses>
				<total>18</total>
				<timestamp>6744.688750</timestamp>
			</report>
			<report>
				<misses>18755001</misses>
				<total>18</total>
				<timestamp>6745.048370</timestamp>
			</report>
			<report>
				<misses>18756001</misses>
				<total>18</total>
				<timestamp>6745.408077</timestamp>
			</report>
			<report>
				<misses>18757001</misses>
				<total>18</total>
				<timestamp>6745.767651</timestamp>
			</report>
			<report>
				<misses>18758001</misses>
				<total>18</total>
				<timestamp>6746.127296</timestamp>
			</report>
			<report>
				<misses>18759001</misses>
				<total>18</total>
				<timestamp>6746.486952</timestamp>
			</report>
			<report>
				<misses>18760001</misses>
				<total>18</total>
				<timestamp>6746.846583</timestamp>
			</report>
			<report>
				<misses>18761001</misses>
				<total>18</total>
				<timestamp>6747.206210</timestamp>
			</report>
			<report>
				<misses>18762001</misses>
				<total>18</total>
				<timestamp>6747.565896</timestamp>
			</report>
			<report>
				<misses>18763001</misses>
				<total>18</total>
				<timestamp>6747.925505</timestamp>
			</report>
			<report>
				<misses>18764001</misses>
				<total>18</total>
				<timestamp>6748.285134</timestamp>
			</report>
			<report>
				<misses>18765001</misses>
				<total>18</total>
				<timestamp>6748.644780</timestamp>
			</report>
			<report>
				<misses>18766001</misses>
				<total>18</total>
				<timestamp>6749.004453</timestamp>
			</report>
			<report>
				<misses>18767001</misses>
				<total>18</total>
				<timestamp>6749.364091</timestamp>
			</report>
			<report>
				<misses>18768001</misses>
				<total>18</total>
				<timestamp>6749.723700</timestamp>
			</report>
			<report>
				<misses>18769001</misses>
				<total>18</total>
				<timestamp>6750.083352</timestamp>
			</report>
			<report>
				<misses>18770001</misses>
				<total>18</total>
				<timestamp>6750.443022</timestamp>
			</report>
			<report>
				<misses>18771001</misses>
				<total>18</total>
				<timestamp>6750.802670</timestamp>
			</report>
			<report>
				<misses>18772001</misses>
				<total>18</total>
				<timestamp>6751.162280</timestamp>
			</report>
			<report>
				<misses>18773001</misses>
				<total>18</total>
				<timestamp>6751.521984</timestamp>
			</report>
			<report>
				<misses>18774001</misses>
				<total>18</total>
				<timestamp>6751.881560</timestamp>
			</report>
			<report>
				<misses>18775001</misses>
				<total>18</total>
				<timestamp>6752.241174</timestamp>
			</report>
			<report>
				<misses>18776001</misses>
				<total>18</total>
				<timestamp>6752.600938</timestamp>
			</report>
			<report>
				<misses>18777001</misses>
				<total>18</total>
				<timestamp>6752.960507</timestamp>
			</report>
			<report>
				<misses>18778001</misses>
				<total>18</total>
				<timestamp>6753.320118</timestamp>
			</report>
			<report>
				<misses>18779001</misses>
				<total>18</total>
				<timestamp>6753.679758</timestamp>
			</report>
			<report>
				<misses>18780001</misses>
				<total>18</total>
				<timestamp>6754.039411</timestamp>
			</report>
			<report>
				<misses>18781001</misses>
				<total>18</total>
				<timestamp>6754.399084</timestamp>
			</report>
			<report>
				<misses>18782001</misses>
				<total>18</total>
				<timestamp>6754.758646</timestamp>
			</report>
			<report>
				<misses>18783001</misses>
				<total>18</total>
				<timestamp>6755.118344</timestamp>
			</report>
			<report>
				<misses>18784001</misses>
				<total>18</total>
				<timestamp>6755.478044</timestamp>
			</report>
			<report>
				<misses>18785001</misses>
				<total>18</total>
				<timestamp>6755.837577</timestamp>
			</report>
			<report>
				<misses>18786001</misses>
				<total>18</total>
				<timestamp>6756.197256</timestamp>
			</report>
			<report>
				<misses>18787001</misses>
				<total>18</total>
				<timestamp>6756.556956</timestamp>
			</report>
			<report>
				<misses>18788001</misses>
				<total>18</total>
				<timestamp>6756.916534</timestamp>
			</report>
			<report>
				<misses>18789001</misses>
				<total>18</total>
				<timestamp>6757.276161</timestamp>
			</report>
			<report>
				<misses>18790001</misses>
				<total>18</total>
				<timestamp>6757.635831</timestamp>
			</report>
			<report>
				<misses>18791001</misses>
				<total>18</total>
				<timestamp>6757.995443</timestamp>
			</report>
			<report>
				<misses>18792001</misses>
				<total>18</total>
				<timestamp>6758.355059</timestamp>
			</report>
			<report>
				<misses>18793001</misses>
				<total>18</total>
				<timestamp>6758.714676</timestamp>
			</report>
			<report>
				<misses>18794001</misses>
				<total>18</total>
				<timestamp>6759.074330</timestamp>
			</report>
			<report>
				<misses>18795001</misses>
				<total>18</total>
				<timestamp>6759.434074</timestamp>
			</report>
			<report>
				<misses>18796001</misses>
				<total>18</total>
				<timestamp>6759.793629</timestamp>
			</report>
			<report>
				<misses>18797001</misses>
				<total>18</total>
				<timestamp>6760.153269</timestamp>
			</report>
			<report>
				<misses>18798001</misses>
				<total>18</total>
				<timestamp>6760.512920</timestamp>
			</report>
			<report>
				<misses>18799001</misses>
				<total>18</total>
				<timestamp>6760.872571</timestamp>
			</report>
			<report>
				<misses>18800001</misses>
				<total>18</total>
				<timestamp>6761.232202</timestamp>
			</report>
			<report>
				<misses>18801001</misses>
				<total>18</total>
				<timestamp>6761.591850</timestamp>
			</report>
			<report>
				<misses>18802001</misses>
				<total>18</total>
				<timestamp>6761.951562</timestamp>
			</report>
			<report>
				<misses>18803001</misses>
				<total>18</total>
				<timestamp>6762.311155</timestamp>
			</report>
			<report>
				<misses>18804001</misses>
				<total>18</total>
				<timestamp>6762.670766</timestamp>
			</report>
			<report>
				<misses>18805001</misses>
				<total>18</total>
				<timestamp>6763.030382</timestamp>
			</report>
			<report>
				<misses>18806001</misses>
				<total>18</total>
				<timestamp>6763.390073</timestamp>
			</report>
			<report>
				<misses>18807001</misses>
				<total>18</total>
				<timestamp>6763.749684</timestamp>
			</report>
			<report>
				<misses>18808001</misses>
				<total>18</total>
				<timestamp>6764.109291</timestamp>
			</report>
			<report>
				<misses>18809001</misses>
				<total>18</total>
				<timestamp>6764.469042</timestamp>
			</report>
			<report>
				<misses>18810001</misses>
				<total>18</total>
				<timestamp>6764.828588</timestamp>
			</report>
			<report>
				<misses>18811001</misses>
				<total>18</total>
				<timestamp>6765.188214</timestamp>
			</report>
			<report>
				<misses>18812001</misses>
				<total>18</total>
				<timestamp>6765.547888</timestamp>
			</report>
			<report>
				<misses>18813001</misses>
				<total>18</total>
				<timestamp>6765.907512</timestamp>
			</report>
			<report>
				<misses>18814001</misses>
				<total>18</total>
				<timestamp>6766.267154</timestamp>
			</report>
			<report>
				<misses>18815001</misses>
				<total>18</total>
				<timestamp>6766.626887</timestamp>
			</report>
			<report>
				<misses>18816001</misses>
				<total>18</total>
				<timestamp>6766.986486</timestamp>
			</report>
			<report>
				<misses>18817001</misses>
				<total>18</total>
				<timestamp>6767.346073</timestamp>
			</report>
			<report>
				<misses>18818001</misses>
				<total>18</total>
				<timestamp>6767.705762</timestamp>
			</report>
			<report>
				<misses>18819001</misses>
				<total>18</total>
				<timestamp>6768.065341</timestamp>
			</report>
			<report>
				<misses>18820001</misses>
				<total>18</total>
				<timestamp>6768.425052</timestamp>
			</report>
			<report>
				<misses>18821001</misses>
				<total>18</total>
				<timestamp>6768.784618</timestamp>
			</report>
			<report>
				<misses>18822001</misses>
				<total>18</total>
				<timestamp>6769.144283</timestamp>
			</report>
			<report>
				<misses>18823001</misses>
				<total>18</total>
				<timestamp>6769.503987</timestamp>
			</report>
			<report>
				<misses>18824001</misses>
				<total>18</total>
				<timestamp>6769.863581</timestamp>
			</report>
			<report>
				<misses>18825001</misses>
				<total>18</total>
				<timestamp>6770.223193</timestamp>
			</report>
			<report>
				<misses>18826001</misses>
				<total>18</total>
				<timestamp>6770.582831</timestamp>
			</report>
			<report>
				<misses>18827001</misses>
				<total>18</total>
				<timestamp>6770.942486</timestamp>
			</report>
			<report>
				<misses>18828001</misses>
				<total>18</total>
				<timestamp>6771.302171</timestamp>
			</report>
			<report>
				<misses>18829001</misses>
				<total>18</total>
				<timestamp>6771.661794</timestamp>
			</report>
			<report>
				<misses>18830001</misses>
				<total>18</total>
				<timestamp>6772.021465</timestamp>
			</report>
			<report>
				<misses>18831001</misses>
				<total>18</total>
				<timestamp>6772.381020</timestamp>
			</report>
			<report>
				<misses>18832001</misses>
				<total>18</total>
				<timestamp>6772.740689</timestamp>
			</report>
			<report>
				<misses>18833001</misses>
				<total>18</total>
				<timestamp>6773.100358</timestamp>
			</report>
			<report>
				<misses>18834001</misses>
				<total>18</total>
				<timestamp>6773.460044</timestamp>
			</report>
			<report>
				<misses>18835001</misses>
				<total>18</total>
				<timestamp>6773.819618</timestamp>
			</report>
			<report>
				<misses>18836001</misses>
				<total>18</total>
				<timestamp>6774.179251</timestamp>
			</report>
			<report>
				<misses>18837001</misses>
				<total>18</total>
				<timestamp>6774.538890</timestamp>
			</report>
			<report>
				<misses>18838001</misses>
				<total>18</total>
				<timestamp>6774.898516</timestamp>
			</report>
			<report>
				<misses>18839001</misses>
				<total>18</total>
				<timestamp>6775.258164</timestamp>
			</report>
			<report>
				<misses>18840001</misses>
				<total>18</total>
				<timestamp>6775.617846</timestamp>
			</report>
			<report>
				<misses>18841001</misses>
				<total>18</total>
				<timestamp>6775.977415</timestamp>
			</report>
			<report>
				<misses>18842001</misses>
				<total>18</total>
				<timestamp>6776.337074</timestamp>
			</report>
			<report>
				<misses>18843001</misses>
				<total>18</total>
				<timestamp>6776.696775</timestamp>
			</report>
			<report>
				<misses>18844001</misses>
				<total>18</total>
				<timestamp>6777.056416</timestamp>
			</report>
			<report>
				<misses>18845001</misses>
				<total>18</total>
				<timestamp>6777.416008</timestamp>
			</report>
			<report>
				<misses>18846001</misses>
				<total>18</total>
				<timestamp>6777.775671</timestamp>
			</report>
			<report>
				<misses>18847001</misses>
				<total>18</total>
				<timestamp>6778.135311</timestamp>
			</report>
			<report>
				<misses>18848001</misses>
				<total>18</total>
				<timestamp>6778.494910</timestamp>
			</report>
			<report>
				<misses>18849001</misses>
				<total>18</total>
				<timestamp>6778.854547</timestamp>
			</report>
			<report>
				<misses>18850001</misses>
				<total>18</total>
				<timestamp>6779.214191</timestamp>
			</report>
			<report>
				<misses>18851001</misses>
				<total>18</total>
				<timestamp>6779.573840</timestamp>
			</report>
			<report>
				<misses>18852001</misses>
				<total>18</total>
				<timestamp>6779.933533</timestamp>
			</report>
			<report>
				<misses>18853001</misses>
				<total>18</total>
				<timestamp>6780.293096</timestamp>
			</report>
			<report>
				<misses>18854001</misses>
				<total>18</total>
				<timestamp>6780.652797</timestamp>
			</report>
			<report>
				<misses>18855001</misses>
				<total>18</total>
				<timestamp>6781.012424</timestamp>
			</report>
			<report>
				<misses>18856001</misses>
				<total>18</total>
				<timestamp>6781.372118</timestamp>
			</report>
			<report>
				<misses>18857001</misses>
				<total>18</total>
				<timestamp>6781.731735</timestamp>
			</report>
			<report>
				<misses>18858001</misses>
				<total>18</total>
				<timestamp>6782.091307</timestamp>
			</report>
			<report>
				<misses>18859001</misses>
				<total>18</total>
				<timestamp>6782.450935</timestamp>
			</report>
			<report>
				<misses>18860001</misses>
				<total>18</total>
				<timestamp>6782.810582</timestamp>
			</report>
			<report>
				<misses>18861001</misses>
				<total>18</total>
				<timestamp>6783.170308</timestamp>
			</report>
			<report>
				<misses>18862001</misses>
				<total>18</total>
				<timestamp>6783.529858</timestamp>
			</report>
			<report>
				<misses>18863001</misses>
				<total>18</total>
				<timestamp>6783.889500</timestamp>
			</report>
			<report>
				<misses>18864001</misses>
				<total>18</total>
				<timestamp>6784.249144</timestamp>
			</report>
			<report>
				<misses>18865001</misses>
				<total>18</total>
				<timestamp>6784.608892</timestamp>
			</report>
			<report>
				<misses>18866001</misses>
				<total>18</total>
				<timestamp>6784.968509</timestamp>
			</report>
			<report>
				<misses>18867001</misses>
				<total>18</total>
				<timestamp>6785.328110</timestamp>
			</report>
			<report>
				<misses>18868001</misses>
				<total>18</total>
				<timestamp>6785.687731</timestamp>
			</report>
			<report>
				<misses>18869001</misses>
				<total>18</total>
				<timestamp>6786.047452</timestamp>
			</report>
			<report>
				<misses>18870001</misses>
				<total>18</total>
				<timestamp>6786.407016</timestamp>
			</report>
			<report>
				<misses>18871001</misses>
				<total>18</total>
				<timestamp>6786.766734</timestamp>
			</report>
			<report>
				<misses>18872001</misses>
				<total>18</total>
				<timestamp>6787.126295</timestamp>
			</report>
			<report>
				<misses>18873001</misses>
				<total>18</total>
				<timestamp>6787.485959</timestamp>
			</report>
			<report>
				<misses>18874001</misses>
				<total>18</total>
				<timestamp>6787.845530</timestamp>
			</report>
			<report>
				<misses>18875001</misses>
				<total>18</total>
				<timestamp>6788.205191</timestamp>
			</report>
			<report>
				<misses>18876001</misses>
				<total>18</total>
				<timestamp>6788.564822</timestamp>
			</report>
			<report>
				<misses>18877001</misses>
				<total>18</total>
				<timestamp>6788.924481</timestamp>
			</report>
			<report>
				<misses>18878001</misses>
				<total>18</total>
				<timestamp>6789.284100</timestamp>
			</report>
			<report>
				<misses>18879001</misses>
				<total>18</total>
				<timestamp>6789.643849</timestamp>
			</report>
			<report>
				<misses>18880001</misses>
				<total>18</total>
				<timestamp>6790.003434</timestamp>
			</report>
			<report>
				<misses>18881001</misses>
				<total>18</total>
				<timestamp>6790.363018</timestamp>
			</report>
			<report>
				<misses>18882001</misses>
				<total>18</total>
				<timestamp>6790.722731</timestamp>
			</report>
			<report>
				<misses>18883001</misses>
				<total>18</total>
				<timestamp>6791.082314</timestamp>
			</report>
			<report>
				<misses>18884001</misses>
				<total>18</total>
				<timestamp>6791.441976</timestamp>
			</report>
			<report>
				<misses>18885001</misses>
				<total>18</total>
				<timestamp>6791.801623</timestamp>
			</report>
			<report>
				<misses>18886001</misses>
				<total>18</total>
				<timestamp>6792.161256</timestamp>
			</report>
			<report>
				<misses>18887001</misses>
				<total>18</total>
				<timestamp>6792.520882</timestamp>
			</report>
			<report>
				<misses>18888001</misses>
				<total>18</total>
				<timestamp>6792.880486</timestamp>
			</report>
			<report>
				<misses>18889001</misses>
				<total>18</total>
				<timestamp>6793.240144</timestamp>
			</report>
			<report>
				<misses>18890001</misses>
				<total>18</total>
				<timestamp>6793.599782</timestamp>
			</report>
			<report>
				<misses>18891001</misses>
				<total>18</total>
				<timestamp>6793.959425</timestamp>
			</report>
			<report>
				<misses>18892001</misses>
				<total>18</total>
				<timestamp>6794.319106</timestamp>
			</report>
			<report>
				<misses>18893001</misses>
				<total>18</total>
				<timestamp>6794.678783</timestamp>
			</report>
			<report>
				<misses>18894001</misses>
				<total>18</total>
				<timestamp>6795.038350</timestamp>
			</report>
			<report>
				<misses>18895001</misses>
				<total>18</total>
				<timestamp>6795.398032</timestamp>
			</report>
			<report>
				<misses>18896001</misses>
				<total>18</total>
				<timestamp>6795.757616</timestamp>
			</report>
			<report>
				<misses>18897001</misses>
				<total>18</total>
				<timestamp>6796.117355</timestamp>
			</report>
			<report>
				<misses>18898001</misses>
				<total>18</total>
				<timestamp>6796.476943</timestamp>
			</report>
			<report>
				<misses>18899001</misses>
				<total>18</total>
				<timestamp>6796.836569</timestamp>
			</report>
			<report>
				<misses>18900001</misses>
				<total>18</total>
				<timestamp>6797.196258</timestamp>
			</report>
			<report>
				<misses>18901001</misses>
				<total>18</total>
				<timestamp>6797.555830</timestamp>
			</report>
			<report>
				<misses>18902001</misses>
				<total>18</total>
				<timestamp>6797.915464</timestamp>
			</report>
			<report>
				<misses>18903001</misses>
				<total>18</total>
				<timestamp>6798.275148</timestamp>
			</report>
			<report>
				<misses>18904001</misses>
				<total>18</total>
				<timestamp>6798.634788</timestamp>
			</report>
			<report>
				<misses>18905001</misses>
				<total>18</total>
				<timestamp>6798.994414</timestamp>
			</report>
			<report>
				<misses>18906001</misses>
				<total>18</total>
				<timestamp>6799.354065</timestamp>
			</report>
			<report>
				<misses>18907001</misses>
				<total>18</total>
				<timestamp>6799.713691</timestamp>
			</report>
			<report>
				<misses>18908001</misses>
				<total>18</total>
				<timestamp>6800.073302</timestamp>
			</report>
			<report>
				<misses>18909001</misses>
				<total>18</total>
				<timestamp>6800.432942</timestamp>
			</report>
			<report>
				<misses>18910001</misses>
				<total>18</total>
				<timestamp>6800.792602</timestamp>
			</report>
			<report>
				<misses>18911001</misses>
				<total>18</total>
				<timestamp>6801.152371</timestamp>
			</report>
			<report>
				<misses>18912001</misses>
				<total>18</total>
				<timestamp>6801.511851</timestamp>
			</report>
			<report>
				<misses>18913001</misses>
				<total>18</total>
				<timestamp>6801.871620</timestamp>
			</report>
			<report>
				<misses>18914001</misses>
				<total>18</total>
				<timestamp>6802.231200</timestamp>
			</report>
			<report>
				<misses>18915001</misses>
				<total>18</total>
				<timestamp>6802.590921</timestamp>
			</report>
			<report>
				<misses>18916001</misses>
				<total>18</total>
				<timestamp>6802.950407</timestamp>
			</report>
			<report>
				<misses>18917001</misses>
				<total>18</total>
				<timestamp>6803.310083</timestamp>
			</report>
			<report>
				<misses>18918001</misses>
				<total>18</total>
				<timestamp>6803.669768</timestamp>
			</report>
			<report>
				<misses>18919001</misses>
				<total>18</total>
				<timestamp>6804.029350</timestamp>
			</report>
			<report>
				<misses>18920001</misses>
				<total>18</total>
				<timestamp>6804.389047</timestamp>
			</report>
			<report>
				<misses>18921001</misses>
				<total>18</total>
				<timestamp>6804.748696</timestamp>
			</report>
			<report>
				<misses>18922001</misses>
				<total>18</total>
				<timestamp>6805.108393</timestamp>
			</report>
			<report>
				<misses>18923001</misses>
				<total>18</total>
				<timestamp>6805.467919</timestamp>
			</report>
			<report>
				<misses>18924001</misses>
				<total>18</total>
				<timestamp>6805.827606</timestamp>
			</report>
			<report>
				<misses>18925001</misses>
				<total>18</total>
				<timestamp>6806.187212</timestamp>
			</report>
			<report>
				<misses>18926001</misses>
				<total>18</total>
				<timestamp>6806.546875</timestamp>
			</report>
			<report>
				<misses>18927001</misses>
				<total>18</total>
				<timestamp>6806.906520</timestamp>
			</report>
			<report>
				<misses>18928001</misses>
				<total>18</total>
				<timestamp>6807.266140</timestamp>
			</report>
			<report>
				<misses>18929001</misses>
				<total>18</total>
				<timestamp>6807.625739</timestamp>
			</report>
			<report>
				<misses>18930001</misses>
				<total>18</total>
				<timestamp>6807.985412</timestamp>
			</report>
			<report>
				<misses>18931001</misses>
				<total>18</total>
				<timestamp>6808.345035</timestamp>
			</report>
			<report>
				<misses>18932001</misses>
				<total>18</total>
				<timestamp>6808.704710</timestamp>
			</report>
			<report>
				<misses>18933001</misses>
				<total>18</total>
				<timestamp>6809.064321</timestamp>
			</report>
			<report>
				<misses>18934001</misses>
				<total>18</total>
				<timestamp>6809.424041</timestamp>
			</report>
			<report>
				<misses>18935001</misses>
				<total>18</total>
				<timestamp>6809.783593</timestamp>
			</report>
			<report>
				<misses>18936001</misses>
				<total>18</total>
				<timestamp>6810.143200</timestamp>
			</report>
			<report>
				<misses>18937001</misses>
				<total>18</total>
				<timestamp>6810.502913</timestamp>
			</report>
			<report>
				<misses>18938001</misses>
				<total>18</total>
				<timestamp>6810.862566</timestamp>
			</report>
			<report>
				<misses>18939001</misses>
				<total>18</total>
				<timestamp>6811.222157</timestamp>
			</report>
			<report>
				<misses>18940001</misses>
				<total>18</total>
				<timestamp>6811.581824</timestamp>
			</report>
			<report>
				<misses>18941001</misses>
				<total>18</total>
				<timestamp>6811.941475</timestamp>
			</report>
			<report>
				<misses>18942001</misses>
				<total>18</total>
				<timestamp>6812.301110</timestamp>
			</report>
			<report>
				<misses>18943001</misses>
				<total>18</total>
				<timestamp>6812.660736</timestamp>
			</report>
			<report>
				<misses>18944001</misses>
				<total>18</total>
				<timestamp>6813.020374</timestamp>
			</report>
			<report>
				<misses>18945001</misses>
				<total>18</total>
				<timestamp>6813.380034</timestamp>
			</report>
			<report>
				<misses>18946001</misses>
				<total>18</total>
				<timestamp>6813.739700</timestamp>
			</report>
			<report>
				<misses>18947001</misses>
				<total>18</total>
				<timestamp>6814.099259</timestamp>
			</report>
			<report>
				<misses>18948001</misses>
				<total>18</total>
				<timestamp>6814.458896</timestamp>
			</report>
			<report>
				<misses>18949001</misses>
				<total>18</total>
				<timestamp>6814.818613</timestamp>
			</report>
			<report>
				<misses>18950001</misses>
				<total>18</total>
				<timestamp>6815.178209</timestamp>
			</report>
			<report>
				<misses>18951001</misses>
				<total>18</total>
				<timestamp>6815.537900</timestamp>
			</report>
			<report>
				<misses>18952001</misses>
				<total>18</total>
				<timestamp>6815.897506</timestamp>
			</report>
			<report>
				<misses>18953001</misses>
				<total>18</total>
				<timestamp>6816.257214</timestamp>
			</report>
			<report>
				<misses>18954001</misses>
				<total>18</total>
				<timestamp>6816.616748</timestamp>
			</report>
			<report>
				<misses>18955001</misses>
				<total>18</total>
				<timestamp>6816.976376</timestamp>
			</report>
			<report>
				<misses>18956001</misses>
				<total>18</total>
				<timestamp>6817.336081</timestamp>
			</report>
			<report>
				<misses>18957001</misses>
				<total>18</total>
				<timestamp>6817.695677</timestamp>
			</report>
			<report>
				<misses>18958001</misses>
				<total>18</total>
				<timestamp>6818.055306</timestamp>
			</report>
			<report>
				<misses>18959001</misses>
				<total>18</total>
				<timestamp>6818.414952</timestamp>
			</report>
			<report>
				<misses>18960001</misses>
				<total>18</total>
				<timestamp>6818.774689</timestamp>
			</report>
			<report>
				<misses>18961001</misses>
				<total>18</total>
				<timestamp>6819.134240</timestamp>
			</report>
			<report>
				<misses>18962001</misses>
				<total>18</total>
				<timestamp>6819.493890</timestamp>
			</report>
			<report>
				<misses>18963001</misses>
				<total>18</total>
				<timestamp>6819.853548</timestamp>
			</report>
			<report>
				<misses>18964001</misses>
				<total>18</total>
				<timestamp>6820.213178</timestamp>
			</report>
			<report>
				<misses>18965001</misses>
				<total>18</total>
				<timestamp>6820.572766</timestamp>
			</report>
			<report>
				<misses>18966001</misses>
				<total>18</total>
				<timestamp>6820.932594</timestamp>
			</report>
			<report>
				<misses>18967001</misses>
				<total>18</total>
				<timestamp>6821.292060</timestamp>
			</report>
			<report>
				<misses>18968001</misses>
				<total>18</total>
				<timestamp>6821.651766</timestamp>
			</report>
			<report>
				<misses>18969001</misses>
				<total>18</total>
				<timestamp>6822.011369</timestamp>
			</report>
			<report>
				<misses>18970001</misses>
				<total>18</total>
				<timestamp>6822.370991</timestamp>
			</report>
			<report>
				<misses>18971001</misses>
				<total>18</total>
				<timestamp>6822.730643</timestamp>
			</report>
			<report>
				<misses>18972001</misses>
				<total>18</total>
				<timestamp>6823.090284</timestamp>
			</report>
			<report>
				<misses>18973001</misses>
				<total>18</total>
				<timestamp>6823.449928</timestamp>
			</report>
			<report>
				<misses>18974001</misses>
				<total>18</total>
				<timestamp>6823.809571</timestamp>
			</report>
			<report>
				<misses>18975001</misses>
				<total>18</total>
				<timestamp>6824.169234</timestamp>
			</report>
			<report>
				<misses>18976001</misses>
				<total>18</total>
				<timestamp>6824.528812</timestamp>
			</report>
			<report>
				<misses>18977001</misses>
				<total>18</total>
				<timestamp>6824.888485</timestamp>
			</report>
			<report>
				<misses>18978001</misses>
				<total>18</total>
				<timestamp>6825.248136</timestamp>
			</report>
			<report>
				<misses>18979001</misses>
				<total>18</total>
				<timestamp>6825.607748</timestamp>
			</report>
			<report>
				<misses>18980001</misses>
				<total>18</total>
				<timestamp>6825.967437</timestamp>
			</report>
			<report>
				<misses>18981001</misses>
				<total>18</total>
				<timestamp>6826.327024</timestamp>
			</report>
			<report>
				<misses>18982001</misses>
				<total>18</total>
				<timestamp>6826.686688</timestamp>
			</report>
			<report>
				<misses>18983001</misses>
				<total>18</total>
				<timestamp>6827.046379</timestamp>
			</report>
			<report>
				<misses>18984001</misses>
				<total>18</total>
				<timestamp>6827.405980</timestamp>
			</report>
			<report>
				<misses>18985001</misses>
				<total>18</total>
				<timestamp>6827.765626</timestamp>
			</report>
			<report>
				<misses>18986001</misses>
				<total>18</total>
				<timestamp>6828.125209</timestamp>
			</report>
			<report>
				<misses>18987001</misses>
				<total>18</total>
				<timestamp>6828.484866</timestamp>
			</report>
			<report>
				<misses>18988001</misses>
				<total>18</total>
				<timestamp>6828.844588</timestamp>
			</report>
			<report>
				<misses>18989001</misses>
				<total>18</total>
				<timestamp>6829.204158</timestamp>
			</report>
			<report>
				<misses>18990001</misses>
				<total>18</total>
				<timestamp>6829.563828</timestamp>
			</report>
			<report>
				<misses>18991001</misses>
				<total>18</total>
				<timestamp>6829.923477</timestamp>
			</report>
			<report>
				<misses>18992001</misses>
				<total>18</total>
				<timestamp>6830.283091</timestamp>
			</report>
			<report>
				<misses>18993001</misses>
				<total>18</total>
				<timestamp>6830.642753</timestamp>
			</report>
			<report>
				<misses>18994001</misses>
				<total>18</total>
				<timestamp>6831.002380</timestamp>
			</report>
			<report>
				<misses>18995001</misses>
				<total>18</total>
				<timestamp>6831.362050</timestamp>
			</report>
			<report>
				<misses>18996001</misses>
				<total>18</total>
				<timestamp>6831.721673</timestamp>
			</report>
			<report>
				<misses>18997001</misses>
				<total>18</total>
				<timestamp>6832.081265</timestamp>
			</report>
			<report>
				<misses>18998001</misses>
				<total>18</total>
				<timestamp>6832.440913</timestamp>
			</report>
			<report>
				<misses>18999001</misses>
				<total>18</total>
				<timestamp>6832.800611</timestamp>
			</report>
			<report>
				<misses>19000001</misses>
				<total>18</total>
				<timestamp>6833.160178</timestamp>
			</report>
			<report>
				<misses>19001001</misses>
				<total>18</total>
				<timestamp>6833.519858</timestamp>
			</report>
			<report>
				<misses>19002001</misses>
				<total>18</total>
				<timestamp>6833.879470</timestamp>
			</report>
			<report>
				<misses>19003001</misses>
				<total>18</total>
				<timestamp>6834.239124</timestamp>
			</report>
			<report>
				<misses>19004001</misses>
				<total>18</total>
				<timestamp>6834.598782</timestamp>
			</report>
			<report>
				<misses>19005001</misses>
				<total>18</total>
				<timestamp>6834.958380</timestamp>
			</report>
			<report>
				<misses>19006001</misses>
				<total>18</total>
				<timestamp>6835.318036</timestamp>
			</report>
			<report>
				<misses>19007001</misses>
				<total>18</total>
				<timestamp>6835.677795</timestamp>
			</report>
			<report>
				<misses>19008001</misses>
				<total>18</total>
				<timestamp>6836.037379</timestamp>
			</report>
			<report>
				<misses>19009001</misses>
				<total>18</total>
				<timestamp>6836.396945</timestamp>
			</report>
			<report>
				<misses>19010001</misses>
				<total>18</total>
				<timestamp>6836.756584</timestamp>
			</report>
			<report>
				<misses>19011001</misses>
				<total>18</total>
				<timestamp>6837.116244</timestamp>
			</report>
			<report>
				<misses>19012001</misses>
				<total>18</total>
				<timestamp>6837.475853</timestamp>
			</report>
			<report>
				<misses>19013001</misses>
				<total>18</total>
				<timestamp>6837.835611</timestamp>
			</report>
			<report>
				<misses>19014001</misses>
				<total>18</total>
				<timestamp>6838.195177</timestamp>
			</report>
			<report>
				<misses>19015001</misses>
				<total>18</total>
				<timestamp>6838.554780</timestamp>
			</report>
			<report>
				<misses>19016001</misses>
				<total>18</total>
				<timestamp>6838.914553</timestamp>
			</report>
			<report>
				<misses>19017001</misses>
				<total>18</total>
				<timestamp>6839.274081</timestamp>
			</report>
			<report>
				<misses>19018001</misses>
				<total>18</total>
				<timestamp>6839.633692</timestamp>
			</report>
			<report>
				<misses>19019001</misses>
				<total>18</total>
				<timestamp>6839.993393</timestamp>
			</report>
			<report>
				<misses>19020001</misses>
				<total>18</total>
				<timestamp>6840.353013</timestamp>
			</report>
			<report>
				<misses>19021001</misses>
				<total>18</total>
				<timestamp>6840.712665</timestamp>
			</report>
			<report>
				<misses>19022001</misses>
				<total>18</total>
				<timestamp>6841.072265</timestamp>
			</report>
			<report>
				<misses>19023001</misses>
				<total>18</total>
				<timestamp>6841.431958</timestamp>
			</report>
			<report>
				<misses>19024001</misses>
				<total>18</total>
				<timestamp>6841.791606</timestamp>
			</report>
			<report>
				<misses>19025001</misses>
				<total>18</total>
				<timestamp>6842.151178</timestamp>
			</report>
			<report>
				<misses>19026001</misses>
				<total>18</total>
				<timestamp>6842.510807</timestamp>
			</report>
			<report>
				<misses>19027001</misses>
				<total>18</total>
				<timestamp>6842.870475</timestamp>
			</report>
			<report>
				<misses>19028001</misses>
				<total>18</total>
				<timestamp>6843.230147</timestamp>
			</report>
			<report>
				<misses>19029001</misses>
				<total>18</total>
				<timestamp>6843.589733</timestamp>
			</report>
			<report>
				<misses>19030001</misses>
				<total>18</total>
				<timestamp>6843.949413</timestamp>
			</report>
			<report>
				<misses>19031001</misses>
				<total>18</total>
				<timestamp>6844.309058</timestamp>
			</report>
			<report>
				<misses>19032001</misses>
				<total>18</total>
				<timestamp>6844.668698</timestamp>
			</report>
			<report>
				<misses>19033001</misses>
				<total>18</total>
				<timestamp>6845.028351</timestamp>
			</report>
			<report>
				<misses>19034001</misses>
				<total>18</total>
				<timestamp>6845.387928</timestamp>
			</report>
			<report>
				<misses>19035001</misses>
				<total>18</total>
				<timestamp>6845.747575</timestamp>
			</report>
			<report>
				<misses>19036001</misses>
				<total>18</total>
				<timestamp>6846.107331</timestamp>
			</report>
			<report>
				<misses>19037001</misses>
				<total>17</total>
				<timestamp>6846.466975</timestamp>
			</report>
			<report>
				<misses>19038001</misses>
				<total>18</total>
				<timestamp>6846.826509</timestamp>
			</report>
			<report>
				<misses>19039001</misses>
				<total>18</total>
				<timestamp>6847.186144</timestamp>
			</report>
			<report>
				<misses>19040001</misses>
				<total>18</total>
				<timestamp>6847.545850</timestamp>
			</report>
			<report>
				<misses>19041001</misses>
				<total>18</total>
				<timestamp>6847.905451</timestamp>
			</report>
			<report>
				<misses>19042001</misses>
				<total>18</total>
				<timestamp>6848.265122</timestamp>
			</report>
			<report>
				<misses>19043001</misses>
				<total>18</total>
				<timestamp>6848.624717</timestamp>
			</report>
			<report>
				<misses>19044001</misses>
				<total>18</total>
				<timestamp>6848.984405</timestamp>
			</report>
			<report>
				<misses>19045001</misses>
				<total>18</total>
				<timestamp>6849.344047</timestamp>
			</report>
			<report>
				<misses>19046001</misses>
				<total>18</total>
				<timestamp>6849.703625</timestamp>
			</report>
			<report>
				<misses>19047001</misses>
				<total>18</total>
				<timestamp>6850.063286</timestamp>
			</report>
			<report>
				<misses>19048001</misses>
				<total>18</total>
				<timestamp>6850.422890</timestamp>
			</report>
			<report>
				<misses>19049001</misses>
				<total>18</total>
				<timestamp>6850.782574</timestamp>
			</report>
			<report>
				<misses>19050001</misses>
				<total>18</total>
				<timestamp>6851.142190</timestamp>
			</report>
			<report>
				<misses>19051001</misses>
				<total>18</total>
				<timestamp>6851.501861</timestamp>
			</report>
			<report>
				<misses>19052001</misses>
				<total>18</total>
				<timestamp>6851.861497</timestamp>
			</report>
			<report>
				<misses>19053001</misses>
				<total>18</total>
				<timestamp>6852.221128</timestamp>
			</report>
			<report>
				<misses>19054001</misses>
				<total>18</total>
				<timestamp>6852.580804</timestamp>
			</report>
			<report>
				<misses>19055001</misses>
				<total>18</total>
				<timestamp>6852.940444</timestamp>
			</report>
			<report>
				<misses>19056001</misses>
				<total>18</total>
				<timestamp>6853.300025</timestamp>
			</report>
			<report>
				<misses>19057001</misses>
				<total>18</total>
				<timestamp>6853.659719</timestamp>
			</report>
			<report>
				<misses>19058001</misses>
				<total>18</total>
				<timestamp>6854.019330</timestamp>
			</report>
			<report>
				<misses>19059001</misses>
				<total>18</total>
				<timestamp>6854.378955</timestamp>
			</report>
			<report>
				<misses>19060001</misses>
				<total>18</total>
				<timestamp>6854.738624</timestamp>
			</report>
			<report>
				<misses>19061001</misses>
				<total>18</total>
				<timestamp>6855.098214</timestamp>
			</report>
			<report>
				<misses>19062001</misses>
				<total>18</total>
				<timestamp>6855.457851</timestamp>
			</report>
			<report>
				<misses>19063001</misses>
				<total>18</total>
				<timestamp>6855.817536</timestamp>
			</report>
			<report>
				<misses>19064001</misses>
				<total>18</total>
				<timestamp>6856.177203</timestamp>
			</report>
			<report>
				<misses>19065001</misses>
				<total>18</total>
				<timestamp>6856.536781</timestamp>
			</report>
			<report>
				<misses>19066001</misses>
				<total>18</total>
				<timestamp>6856.896435</timestamp>
			</report>
			<report>
				<misses>19067001</misses>
				<total>18</total>
				<timestamp>6857.256144</timestamp>
			</report>
			<report>
				<misses>19068001</misses>
				<total>18</total>
				<timestamp>6857.615805</timestamp>
			</report>
			<report>
				<misses>19069001</misses>
				<total>18</total>
				<timestamp>6857.975394</timestamp>
			</report>
			<report>
				<misses>19070001</misses>
				<total>18</total>
				<timestamp>6858.335015</timestamp>
			</report>
			<report>
				<misses>19071001</misses>
				<total>18</total>
				<timestamp>6858.694629</timestamp>
			</report>
			<report>
				<misses>19072001</misses>
				<total>18</total>
				<timestamp>6859.054271</timestamp>
			</report>
			<report>
				<misses>19073001</misses>
				<total>18</total>
				<timestamp>6859.413910</timestamp>
			</report>
			<report>
				<misses>19074001</misses>
				<total>18</total>
				<timestamp>6859.773559</timestamp>
			</report>
			<report>
				<misses>19075001</misses>
				<total>18</total>
				<timestamp>6860.133232</timestamp>
			</report>
			<report>
				<misses>19076001</misses>
				<total>18</total>
				<timestamp>6860.492810</timestamp>
			</report>
			<report>
				<misses>19077001</misses>
				<total>18</total>
				<timestamp>6860.852473</timestamp>
			</report>
			<report>
				<misses>19078001</misses>
				<total>18</total>
				<timestamp>6861.212206</timestamp>
			</report>
			<report>
				<misses>19079001</misses>
				<total>18</total>
				<timestamp>6861.571789</timestamp>
			</report>
			<report>
				<misses>19080001</misses>
				<total>18</total>
				<timestamp>6861.931388</timestamp>
			</report>
			<report>
				<misses>19081001</misses>
				<total>18</total>
				<timestamp>6862.291013</timestamp>
			</report>
			<report>
				<misses>19082001</misses>
				<total>18</total>
				<timestamp>6862.650639</timestamp>
			</report>
			<report>
				<misses>19083001</misses>
				<total>18</total>
				<timestamp>6863.010378</timestamp>
			</report>
			<report>
				<misses>19084001</misses>
				<total>18</total>
				<timestamp>6863.369971</timestamp>
			</report>
			<report>
				<misses>19085001</misses>
				<total>18</total>
				<timestamp>6863.729591</timestamp>
			</report>
			<report>
				<misses>19086001</misses>
				<total>18</total>
				<timestamp>6864.089285</timestamp>
			</report>
			<report>
				<misses>19087001</misses>
				<total>18</total>
				<timestamp>6864.448856</timestamp>
			</report>
			<report>
				<misses>19088001</misses>
				<total>18</total>
				<timestamp>6864.808518</timestamp>
			</report>
			<report>
				<misses>19089001</misses>
				<total>18</total>
				<timestamp>6865.168186</timestamp>
			</report>
			<report>
				<misses>19090001</misses>
				<total>18</total>
				<timestamp>6865.527780</timestamp>
			</report>
			<report>
				<misses>19091001</misses>
				<total>18</total>
				<timestamp>6865.887449</timestamp>
			</report>
			<report>
				<misses>19092001</misses>
				<total>18</total>
				<timestamp>6866.247082</timestamp>
			</report>
			<report>
				<misses>19093001</misses>
				<total>18</total>
				<timestamp>6866.606729</timestamp>
			</report>
			<report>
				<misses>19094001</misses>
				<total>18</total>
				<timestamp>6866.966419</timestamp>
			</report>
			<report>
				<misses>19095001</misses>
				<total>18</total>
				<timestamp>6867.326004</timestamp>
			</report>
			<report>
				<misses>19096001</misses>
				<total>18</total>
				<timestamp>6867.685698</timestamp>
			</report>
			<report>
				<misses>19097001</misses>
				<total>18</total>
				<timestamp>6868.045318</timestamp>
			</report>
			<report>
				<misses>19098001</misses>
				<total>18</total>
				<timestamp>6868.404932</timestamp>
			</report>
			<report>
				<misses>19099001</misses>
				<total>18</total>
				<timestamp>6868.764562</timestamp>
			</report>
			<report>
				<misses>19100001</misses>
				<total>18</total>
				<timestamp>6869.124187</timestamp>
			</report>
			<report>
				<misses>19101001</misses>
				<total>18</total>
				<timestamp>6869.483811</timestamp>
			</report>
			<report>
				<misses>19102001</misses>
				<total>18</total>
				<timestamp>6869.843461</timestamp>
			</report>
			<report>
				<misses>19103001</misses>
				<total>18</total>
				<timestamp>6870.203204</timestamp>
			</report>
			<report>
				<misses>19104001</misses>
				<total>18</total>
				<timestamp>6870.562780</timestamp>
			</report>
			<report>
				<misses>19105001</misses>
				<total>18</total>
				<timestamp>6870.922408</timestamp>
			</report>
			<report>
				<misses>19106001</misses>
				<total>18</total>
				<timestamp>6871.282023</timestamp>
			</report>
			<report>
				<misses>19107001</misses>
				<total>18</total>
				<timestamp>6871.641659</timestamp>
			</report>
			<report>
				<misses>19108001</misses>
				<total>18</total>
				<timestamp>6872.001324</timestamp>
			</report>
			<report>
				<misses>19109001</misses>
				<total>18</total>
				<timestamp>6872.360964</timestamp>
			</report>
			<report>
				<misses>19110001</misses>
				<total>18</total>
				<timestamp>6872.720596</timestamp>
			</report>
			<report>
				<misses>19111001</misses>
				<total>18</total>
				<timestamp>6873.080227</timestamp>
			</report>
			<report>
				<misses>19112001</misses>
				<total>18</total>
				<timestamp>6873.439907</timestamp>
			</report>
			<report>
				<misses>19113001</misses>
				<total>18</total>
				<timestamp>6873.799622</timestamp>
			</report>
			<report>
				<misses>19114001</misses>
				<total>18</total>
				<timestamp>6874.159154</timestamp>
			</report>
			<report>
				<misses>19115001</misses>
				<total>18</total>
				<timestamp>6874.518823</timestamp>
			</report>
			<report>
				<misses>19116001</misses>
				<total>18</total>
				<timestamp>6874.878431</timestamp>
			</report>
			<report>
				<misses>19117001</misses>
				<total>18</total>
				<timestamp>6875.238142</timestamp>
			</report>
			<report>
				<misses>19118001</misses>
				<total>18</total>
				<timestamp>6875.597743</timestamp>
			</report>
			<report>
				<misses>19119001</misses>
				<total>18</total>
				<timestamp>6875.957356</timestamp>
			</report>
			<report>
				<misses>19120001</misses>
				<total>18</total>
				<timestamp>6876.317074</timestamp>
			</report>
			<report>
				<misses>19121001</misses>
				<total>18</total>
				<timestamp>6876.676712</timestamp>
			</report>
			<report>
				<misses>19122001</misses>
				<total>18</total>
				<timestamp>6877.036348</timestamp>
			</report>
			<report>
				<misses>19123001</misses>
				<total>18</total>
				<timestamp>6877.395919</timestamp>
			</report>
			<report>
				<misses>19124001</misses>
				<total>18</total>
				<timestamp>6877.755597</timestamp>
			</report>
			<report>
				<misses>19125001</misses>
				<total>18</total>
				<timestamp>6878.115240</timestamp>
			</report>
			<report>
				<misses>19126001</misses>
				<total>18</total>
				<timestamp>6878.474832</timestamp>
			</report>
			<report>
				<misses>19127001</misses>
				<total>18</total>
				<timestamp>6878.834472</timestamp>
			</report>
			<report>
				<misses>19128001</misses>
				<total>18</total>
				<timestamp>6879.194145</timestamp>
			</report>
			<report>
				<misses>19129001</misses>
				<total>18</total>
				<timestamp>6879.553738</timestamp>
			</report>
			<report>
				<misses>19130001</misses>
				<total>18</total>
				<timestamp>6879.913375</timestamp>
			</report>
			<report>
				<misses>19131001</misses>
				<total>18</total>
				<timestamp>6880.273126</timestamp>
			</report>
			<report>
				<misses>19132001</misses>
				<total>18</total>
				<timestamp>6880.632702</timestamp>
			</report>
			<report>
				<misses>19133001</misses>
				<total>18</total>
				<timestamp>6880.992291</timestamp>
			</report>
			<report>
				<misses>19134001</misses>
				<total>18</total>
				<timestamp>6881.351953</timestamp>
			</report>
			<report>
				<misses>19135001</misses>
				<total>18</total>
				<timestamp>6881.711623</timestamp>
			</report>
			<report>
				<misses>19136001</misses>
				<total>18</total>
				<timestamp>6882.071255</timestamp>
			</report>
			<report>
				<misses>19137001</misses>
				<total>18</total>
				<timestamp>6882.430928</timestamp>
			</report>
			<report>
				<misses>19138001</misses>
				<total>18</total>
				<timestamp>6882.790492</timestamp>
			</report>
			<report>
				<misses>19139001</misses>
				<total>18</total>
				<timestamp>6883.150150</timestamp>
			</report>
			<report>
				<misses>19140001</misses>
				<total>18</total>
				<timestamp>6883.509799</timestamp>
			</report>
			<report>
				<misses>19141001</misses>
				<total>18</total>
				<timestamp>6883.869476</timestamp>
			</report>
			<report>
				<misses>19142001</misses>
				<total>18</total>
				<timestamp>6884.229085</timestamp>
			</report>
			<report>
				<misses>19143001</misses>
				<total>18</total>
				<timestamp>6884.588743</timestamp>
			</report>
			<report>
				<misses>19144001</misses>
				<total>18</total>
				<timestamp>6884.948374</timestamp>
			</report>
			<report>
				<misses>19145001</misses>
				<total>18</total>
				<timestamp>6885.308098</timestamp>
			</report>
			<report>
				<misses>19146001</misses>
				<total>18</total>
				<timestamp>6885.667610</timestamp>
			</report>
			<report>
				<misses>19147001</misses>
				<total>18</total>
				<timestamp>6886.027319</timestamp>
			</report>
			<report>
				<misses>19148001</misses>
				<total>18</total>
				<timestamp>6886.386880</timestamp>
			</report>
			<report>
				<misses>19149001</misses>
				<total>18</total>
				<timestamp>6886.746535</timestamp>
			</report>
			<report>
				<misses>19150001</misses>
				<total>18</total>
				<timestamp>6887.106245</timestamp>
			</report>
			<report>
				<misses>19151001</misses>
				<total>18</total>
				<timestamp>6887.465877</timestamp>
			</report>
			<report>
				<misses>19152001</misses>
				<total>18</total>
				<timestamp>6887.825509</timestamp>
			</report>
			<report>
				<misses>19153001</misses>
				<total>18</total>
				<timestamp>6888.185170</timestamp>
			</report>
			<report>
				<misses>19154001</misses>
				<total>18</total>
				<timestamp>6888.544778</timestamp>
			</report>
			<report>
				<misses>19155001</misses>
				<total>18</total>
				<timestamp>6888.904386</timestamp>
			</report>
			<report>
				<misses>19156001</misses>
				<total>18</total>
				<timestamp>6889.264087</timestamp>
			</report>
			<report>
				<misses>19157001</misses>
				<total>18</total>
				<timestamp>6889.623661</timestamp>
			</report>
			<report>
				<misses>19158001</misses>
				<total>18</total>
				<timestamp>6889.983287</timestamp>
			</report>
			<report>
				<misses>19159001</misses>
				<total>18</total>
				<timestamp>6890.343074</timestamp>
			</report>
			<report>
				<misses>19160001</misses>
				<total>18</total>
				<timestamp>6890.702572</timestamp>
			</report>
			<report>
				<misses>19161001</misses>
				<total>18</total>
				<timestamp>6891.062209</timestamp>
			</report>
			<report>
				<misses>19162001</misses>
				<total>18</total>
				<timestamp>6891.421868</timestamp>
			</report>
			<report>
				<misses>19163001</misses>
				<total>18</total>
				<timestamp>6891.781532</timestamp>
			</report>
			<report>
				<misses>19164001</misses>
				<total>18</total>
				<timestamp>6892.141181</timestamp>
			</report>
			<report>
				<misses>19165001</misses>
				<total>18</total>
				<timestamp>6892.500816</timestamp>
			</report>
			<report>
				<misses>19166001</misses>
				<total>18</total>
				<timestamp>6892.860415</timestamp>
			</report>
			<report>
				<misses>19167001</misses>
				<total>18</total>
				<timestamp>6893.220163</timestamp>
			</report>
			<report>
				<misses>19168001</misses>
				<total>18</total>
				<timestamp>6893.579726</timestamp>
			</report>
			<report>
				<misses>19169001</misses>
				<total>18</total>
				<timestamp>6893.939336</timestamp>
			</report>
			<report>
				<misses>19170001</misses>
				<total>18</total>
				<timestamp>6894.299026</timestamp>
			</report>
			<report>
				<misses>19171001</misses>
				<total>18</total>
				<timestamp>6894.658643</timestamp>
			</report>
			<report>
				<misses>19172001</misses>
				<total>18</total>
				<timestamp>6895.018271</timestamp>
			</report>
			<report>
				<misses>19173001</misses>
				<total>18</total>
				<timestamp>6895.377965</timestamp>
			</report>
			<report>
				<misses>19174001</misses>
				<total>18</total>
				<timestamp>6895.737554</timestamp>
			</report>
			<report>
				<misses>19175001</misses>
				<total>18</total>
				<timestamp>6896.097186</timestamp>
			</report>
			<report>
				<misses>19176001</misses>
				<total>18</total>
				<timestamp>6896.456870</timestamp>
			</report>
			<report>
				<misses>19177001</misses>
				<total>18</total>
				<timestamp>6896.816448</timestamp>
			</report>
			<report>
				<misses>19178001</misses>
				<total>18</total>
				<timestamp>6897.176178</timestamp>
			</report>
			<report>
				<misses>19179001</misses>
				<total>18</total>
				<timestamp>6897.535828</timestamp>
			</report>
			<report>
				<misses>19180001</misses>
				<total>18</total>
				<timestamp>6897.895449</timestamp>
			</report>
			<report>
				<misses>19181001</misses>
				<total>18</total>
				<timestamp>6898.255030</timestamp>
			</report>
			<report>
				<misses>19182001</misses>
				<total>18</total>
				<timestamp>6898.614648</timestamp>
			</report>
			<report>
				<misses>19183001</misses>
				<total>18</total>
				<timestamp>6898.974289</timestamp>
			</report>
			<report>
				<misses>19184001</misses>
				<total>18</total>
				<timestamp>6899.333973</timestamp>
			</report>
			<report>
				<misses>19185001</misses>
				<total>18</total>
				<timestamp>6899.693585</timestamp>
			</report>
			<report>
				<misses>19186001</misses>
				<total>18</total>
				<timestamp>6900.053240</timestamp>
			</report>
			<report>
				<misses>19187001</misses>
				<total>18</total>
				<timestamp>6900.412865</timestamp>
			</report>
			<report>
				<misses>19188001</misses>
				<total>18</total>
				<timestamp>6900.772520</timestamp>
			</report>
			<report>
				<misses>19189001</misses>
				<total>18</total>
				<timestamp>6901.132143</timestamp>
			</report>
			<report>
				<misses>19190001</misses>
				<total>18</total>
				<timestamp>6901.491816</timestamp>
			</report>
			<report>
				<misses>19191001</misses>
				<total>18</total>
				<timestamp>6901.851418</timestamp>
			</report>
			<report>
				<misses>19192001</misses>
				<total>18</total>
				<timestamp>6902.211104</timestamp>
			</report>
			<report>
				<misses>19193001</misses>
				<total>18</total>
				<timestamp>6902.570732</timestamp>
			</report>
			<report>
				<misses>19194001</misses>
				<total>18</total>
				<timestamp>6902.930372</timestamp>
			</report>
			<report>
				<misses>19195001</misses>
				<total>18</total>
				<timestamp>6903.289968</timestamp>
			</report>
			<report>
				<misses>19196001</misses>
				<total>18</total>
				<timestamp>6903.649605</timestamp>
			</report>
			<report>
				<misses>19197001</misses>
				<total>18</total>
				<timestamp>6904.009366</timestamp>
			</report>
			<report>
				<misses>19198001</misses>
				<total>18</total>
				<timestamp>6904.368953</timestamp>
			</report>
			<report>
				<misses>19199001</misses>
				<total>18</total>
				<timestamp>6904.728584</timestamp>
			</report>
			<report>
				<misses>19200001</misses>
				<total>18</total>
				<timestamp>6905.088182</timestamp>
			</report>
			<report>
				<misses>19201001</misses>
				<total>18</total>
				<timestamp>6905.447825</timestamp>
			</report>
			<report>
				<misses>19202001</misses>
				<total>18</total>
				<timestamp>6905.807458</timestamp>
			</report>
			<report>
				<misses>19203001</misses>
				<total>18</total>
				<timestamp>6906.167149</timestamp>
			</report>
			<report>
				<misses>19204001</misses>
				<total>18</total>
				<timestamp>6906.526778</timestamp>
			</report>
			<report>
				<misses>19205001</misses>
				<total>18</total>
				<timestamp>6906.886399</timestamp>
			</report>
			<report>
				<misses>19206001</misses>
				<total>18</total>
				<timestamp>6907.246091</timestamp>
			</report>
			<report>
				<misses>19207001</misses>
				<total>18</total>
				<timestamp>6907.605660</timestamp>
			</report>
			<report>
				<misses>19208001</misses>
				<total>18</total>
				<timestamp>6907.965283</timestamp>
			</report>
			<report>
				<misses>19209001</misses>
				<total>18</total>
				<timestamp>6908.324967</timestamp>
			</report>
			<report>
				<misses>19210001</misses>
				<total>18</total>
				<timestamp>6908.684584</timestamp>
			</report>
			<report>
				<misses>19211001</misses>
				<total>18</total>
				<timestamp>6909.044278</timestamp>
			</report>
			<report>
				<misses>19212001</misses>
				<total>18</total>
				<timestamp>6909.403899</timestamp>
			</report>
			<report>
				<misses>19213001</misses>
				<total>18</total>
				<timestamp>6909.763491</timestamp>
			</report>
			<report>
				<misses>19214001</misses>
				<total>18</total>
				<timestamp>6910.123207</timestamp>
			</report>
			<report>
				<misses>19215001</misses>
				<total>18</total>
				<timestamp>6910.482862</timestamp>
			</report>
			<report>
				<misses>19216001</misses>
				<total>18</total>
				<timestamp>6910.842457</timestamp>
			</report>
			<report>
				<misses>19217001</misses>
				<total>18</total>
				<timestamp>6911.202073</timestamp>
			</report>
			<report>
				<misses>19218001</misses>
				<total>18</total>
				<timestamp>6911.561861</timestamp>
			</report>
			<report>
				<misses>19219001</misses>
				<total>18</total>
				<timestamp>6911.921358</timestamp>
			</report>
			<report>
				<misses>19220001</misses>
				<total>18</total>
				<timestamp>6912.281031</timestamp>
			</report>
			<report>
				<misses>19221001</misses>
				<total>18</total>
				<timestamp>6912.640622</timestamp>
			</report>
			<report>
				<misses>19222001</misses>
				<total>18</total>
				<timestamp>6913.000406</timestamp>
			</report>
			<report>
				<misses>19223001</misses>
				<total>18</total>
				<timestamp>6913.359920</timestamp>
			</report>
			<report>
				<misses>19224001</misses>
				<total>18</total>
				<timestamp>6913.719532</timestamp>
			</report>
			<report>
				<misses>19225001</misses>
				<total>18</total>
				<timestamp>6914.079172</timestamp>
			</report>
			<report>
				<misses>19226001</misses>
				<total>18</total>
				<timestamp>6914.438863</timestamp>
			</report>
			<report>
				<misses>19227001</misses>
				<total>18</total>
				<timestamp>6914.798478</timestamp>
			</report>
			<report>
				<misses>19228001</misses>
				<total>18</total>
				<timestamp>6915.158098</timestamp>
			</report>
			<report>
				<misses>19229001</misses>
				<total>18</total>
				<timestamp>6915.517798</timestamp>
			</report>
			<report>
				<misses>19230001</misses>
				<total>18</total>
				<timestamp>6915.877372</timestamp>
			</report>
			<report>
				<misses>19231001</misses>
				<total>18</total>
				<timestamp>6916.237035</timestamp>
			</report>
			<report>
				<misses>19232001</misses>
				<total>18</total>
				<timestamp>6916.596666</timestamp>
			</report>
			<report>
				<misses>19233001</misses>
				<total>18</total>
				<timestamp>6916.956307</timestamp>
			</report>
			<report>
				<misses>19234001</misses>
				<total>18</total>
				<timestamp>6917.315964</timestamp>
			</report>
			<report>
				<misses>19235001</misses>
				<total>18</total>
				<timestamp>6917.675567</timestamp>
			</report>
			<report>
				<misses>19236001</misses>
				<total>18</total>
				<timestamp>6918.035227</timestamp>
			</report>
			<report>
				<misses>19237001</misses>
				<total>18</total>
				<timestamp>6918.394891</timestamp>
			</report>
			<report>
				<misses>19238001</misses>
				<total>18</total>
				<timestamp>6918.754499</timestamp>
			</report>
			<report>
				<misses>19239001</misses>
				<total>18</total>
				<timestamp>6919.114135</timestamp>
			</report>
			<report>
				<misses>19240001</misses>
				<total>18</total>
				<timestamp>6919.473875</timestamp>
			</report>
			<report>
				<misses>19241001</misses>
				<total>18</total>
				<timestamp>6919.833405</timestamp>
			</report>
			<report>
				<misses>19242001</misses>
				<total>18</total>
				<timestamp>6920.193124</timestamp>
			</report>
			<report>
				<misses>19243001</misses>
				<total>18</total>
				<timestamp>6920.552746</timestamp>
			</report>
			<report>
				<misses>19244001</misses>
				<total>18</total>
				<timestamp>6920.912367</timestamp>
			</report>
			<report>
				<misses>19245001</misses>
				<total>18</total>
				<timestamp>6921.271992</timestamp>
			</report>
			<report>
				<misses>19246001</misses>
				<total>18</total>
				<timestamp>6921.631648</timestamp>
			</report>
			<report>
				<misses>19247001</misses>
				<total>18</total>
				<timestamp>6921.991297</timestamp>
			</report>
			<report>
				<misses>19248001</misses>
				<total>18</total>
				<timestamp>6922.350889</timestamp>
			</report>
			<report>
				<misses>19249001</misses>
				<total>18</total>
				<timestamp>6922.710530</timestamp>
			</report>
			<report>
				<misses>19250001</misses>
				<total>18</total>
				<timestamp>6923.070245</timestamp>
			</report>
			<report>
				<misses>19251001</misses>
				<total>18</total>
				<timestamp>6923.429817</timestamp>
			</report>
			<report>
				<misses>19252001</misses>
				<total>18</total>
				<timestamp>6923.789479</timestamp>
			</report>
			<report>
				<misses>19253001</misses>
				<total>18</total>
				<timestamp>6924.149238</timestamp>
			</report>
			<report>
				<misses>19254001</misses>
				<total>18</total>
				<timestamp>6924.508784</timestamp>
			</report>
			<report>
				<misses>19255001</misses>
				<total>18</total>
				<timestamp>6924.868367</timestamp>
			</report>
			<report>
				<misses>19256001</misses>
				<total>18</total>
				<timestamp>6925.228119</timestamp>
			</report>
			<report>
				<misses>19257001</misses>
				<total>18</total>
				<timestamp>6925.587740</timestamp>
			</report>
			<report>
				<misses>19258001</misses>
				<total>18</total>
				<timestamp>6925.947346</timestamp>
			</report>
			<report>
				<misses>19259001</misses>
				<total>18</total>
				<timestamp>6926.306958</timestamp>
			</report>
			<report>
				<misses>19260001</misses>
				<total>18</total>
				<timestamp>6926.666639</timestamp>
			</report>
			<report>
				<misses>19261001</misses>
				<total>18</total>
				<timestamp>6927.026248</timestamp>
			</report>
			<report>
				<misses>19262001</misses>
				<total>18</total>
				<timestamp>6927.385863</timestamp>
			</report>
			<report>
				<misses>19263001</misses>
				<total>18</total>
				<timestamp>6927.745486</timestamp>
			</report>
			<report>
				<misses>19264001</misses>
				<total>18</total>
				<timestamp>6928.105165</timestamp>
			</report>
			<report>
				<misses>19265001</misses>
				<total>18</total>
				<timestamp>6928.464788</timestamp>
			</report>
			<report>
				<misses>19266001</misses>
				<total>18</total>
				<timestamp>6928.824419</timestamp>
			</report>
			<report>
				<misses>19267001</misses>
				<total>18</total>
				<timestamp>6929.184095</timestamp>
			</report>
			<report>
				<misses>19268001</misses>
				<total>18</total>
				<timestamp>6929.543731</timestamp>
			</report>
			<report>
				<misses>19269001</misses>
				<total>18</total>
				<timestamp>6929.903354</timestamp>
			</report>
			<report>
				<misses>19270001</misses>
				<total>18</total>
				<timestamp>6930.262987</timestamp>
			</report>
			<report>
				<misses>19271001</misses>
				<total>18</total>
				<timestamp>6930.622667</timestamp>
			</report>
			<report>
				<misses>19272001</misses>
				<total>18</total>
				<timestamp>6930.982278</timestamp>
			</report>
			<report>
				<misses>19273001</misses>
				<total>18</total>
				<timestamp>6931.341896</timestamp>
			</report>
			<report>
				<misses>19274001</misses>
				<total>18</total>
				<timestamp>6931.701536</timestamp>
			</report>
			<report>
				<misses>19275001</misses>
				<total>18</total>
				<timestamp>6932.061223</timestamp>
			</report>
			<report>
				<misses>19276001</misses>
				<total>18</total>
				<timestamp>6932.420824</timestamp>
			</report>
			<report>
				<misses>19277001</misses>
				<total>18</total>
				<timestamp>6932.780459</timestamp>
			</report>
			<report>
				<misses>19278001</misses>
				<total>18</total>
				<timestamp>6933.140107</timestamp>
			</report>
			<report>
				<misses>19279001</misses>
				<total>18</total>
				<timestamp>6933.499815</timestamp>
			</report>
			<report>
				<misses>19280001</misses>
				<total>18</total>
				<timestamp>6933.859435</timestamp>
			</report>
			<report>
				<misses>19281001</misses>
				<total>18</total>
				<timestamp>6934.219054</timestamp>
			</report>
			<report>
				<misses>19282001</misses>
				<total>18</total>
				<timestamp>6934.578696</timestamp>
			</report>
			<report>
				<misses>19283001</misses>
				<total>18</total>
				<timestamp>6934.938295</timestamp>
			</report>
			<report>
				<misses>19284001</misses>
				<total>18</total>
				<timestamp>6935.297947</timestamp>
			</report>
			<report>
				<misses>19285001</misses>
				<total>18</total>
				<timestamp>6935.657591</timestamp>
			</report>
			<report>
				<misses>19286001</misses>
				<total>18</total>
				<timestamp>6936.017255</timestamp>
			</report>
			<report>
				<misses>19287001</misses>
				<total>18</total>
				<timestamp>6936.376964</timestamp>
			</report>
			<report>
				<misses>19288001</misses>
				<total>18</total>
				<timestamp>6936.736569</timestamp>
			</report>
			<report>
				<misses>19289001</misses>
				<total>18</total>
				<timestamp>6937.096141</timestamp>
			</report>
			<report>
				<misses>19290001</misses>
				<total>18</total>
				<timestamp>6937.455792</timestamp>
			</report>
			<report>
				<misses>19291001</misses>
				<total>18</total>
				<timestamp>6937.815414</timestamp>
			</report>
			<report>
				<misses>19292001</misses>
				<total>18</total>
				<timestamp>6938.175071</timestamp>
			</report>
			<report>
				<misses>19293001</misses>
				<total>18</total>
				<timestamp>6938.534696</timestamp>
			</report>
			<report>
				<misses>19294001</misses>
				<total>18</total>
				<timestamp>6938.894339</timestamp>
			</report>
			<report>
				<misses>19295001</misses>
				<total>18</total>
				<timestamp>6939.253981</timestamp>
			</report>
			<report>
				<misses>19296001</misses>
				<total>18</total>
				<timestamp>6939.613685</timestamp>
			</report>
			<report>
				<misses>19297001</misses>
				<total>18</total>
				<timestamp>6939.973275</timestamp>
			</report>
			<report>
				<misses>19298001</misses>
				<total>18</total>
				<timestamp>6940.332998</timestamp>
			</report>
			<report>
				<misses>19299001</misses>
				<total>18</total>
				<timestamp>6940.692597</timestamp>
			</report>
			<report>
				<misses>19300001</misses>
				<total>18</total>
				<timestamp>6941.052180</timestamp>
			</report>
			<report>
				<misses>19301001</misses>
				<total>18</total>
				<timestamp>6941.411870</timestamp>
			</report>
			<report>
				<misses>19302001</misses>
				<total>18</total>
				<timestamp>6941.771514</timestamp>
			</report>
			<report>
				<misses>19303001</misses>
				<total>18</total>
				<timestamp>6942.131150</timestamp>
			</report>
			<report>
				<misses>19304001</misses>
				<total>18</total>
				<timestamp>6942.490746</timestamp>
			</report>
			<report>
				<misses>19305001</misses>
				<total>18</total>
				<timestamp>6942.850368</timestamp>
			</report>
			<report>
				<misses>19306001</misses>
				<total>18</total>
				<timestamp>6943.210016</timestamp>
			</report>
			<report>
				<misses>19307001</misses>
				<total>18</total>
				<timestamp>6943.569689</timestamp>
			</report>
			<report>
				<misses>19308001</misses>
				<total>18</total>
				<timestamp>6943.929304</timestamp>
			</report>
			<report>
				<misses>19309001</misses>
				<total>18</total>
				<timestamp>6944.288931</timestamp>
			</report>
			<report>
				<misses>19310001</misses>
				<total>18</total>
				<timestamp>6944.648613</timestamp>
			</report>
			<report>
				<misses>19311001</misses>
				<total>18</total>
				<timestamp>6945.008361</timestamp>
			</report>
			<report>
				<misses>19312001</misses>
				<total>18</total>
				<timestamp>6945.367845</timestamp>
			</report>
			<report>
				<misses>19313001</misses>
				<total>18</total>
				<timestamp>6945.727539</timestamp>
			</report>
			<report>
				<misses>19314001</misses>
				<total>18</total>
				<timestamp>6946.087221</timestamp>
			</report>
			<report>
				<misses>19315001</misses>
				<total>18</total>
				<timestamp>6946.446862</timestamp>
			</report>
			<report>
				<misses>19316001</misses>
				<total>18</total>
				<timestamp>6946.806484</timestamp>
			</report>
			<report>
				<misses>19317001</misses>
				<total>18</total>
				<timestamp>6947.166089</timestamp>
			</report>
			<report>
				<misses>19318001</misses>
				<total>18</total>
				<timestamp>6947.525734</timestamp>
			</report>
			<report>
				<misses>19319001</misses>
				<total>18</total>
				<timestamp>6947.885387</timestamp>
			</report>
			<report>
				<misses>19320001</misses>
				<total>18</total>
				<timestamp>6948.245038</timestamp>
			</report>
			<report>
				<misses>19321001</misses>
				<total>18</total>
				<timestamp>6948.604663</timestamp>
			</report>
			<report>
				<misses>19322001</misses>
				<total>18</total>
				<timestamp>6948.964250</timestamp>
			</report>
			<report>
				<misses>19323001</misses>
				<total>18</total>
				<timestamp>6949.323945</timestamp>
			</report>
			<report>
				<misses>19324001</misses>
				<total>18</total>
				<timestamp>6949.683546</timestamp>
			</report>
			<report>
				<misses>19325001</misses>
				<total>18</total>
				<timestamp>6950.043171</timestamp>
			</report>
			<report>
				<misses>19326001</misses>
				<total>18</total>
				<timestamp>6950.402842</timestamp>
			</report>
			<report>
				<misses>19327001</misses>
				<total>18</total>
				<timestamp>6950.762458</timestamp>
			</report>
			<report>
				<misses>19328001</misses>
				<total>18</total>
				<timestamp>6951.122148</timestamp>
			</report>
			<report>
				<misses>19329001</misses>
				<total>18</total>
				<timestamp>6951.481795</timestamp>
			</report>
			<report>
				<misses>19330001</misses>
				<total>18</total>
				<timestamp>6951.841399</timestamp>
			</report>
			<report>
				<misses>19331001</misses>
				<total>18</total>
				<timestamp>6952.201044</timestamp>
			</report>
			<report>
				<misses>19332001</misses>
				<total>18</total>
				<timestamp>6952.560744</timestamp>
			</report>
			<report>
				<misses>19333001</misses>
				<total>18</total>
				<timestamp>6952.920369</timestamp>
			</report>
			<report>
				<misses>19334001</misses>
				<total>18</total>
				<timestamp>6953.279998</timestamp>
			</report>
			<report>
				<misses>19335001</misses>
				<total>18</total>
				<timestamp>6953.639632</timestamp>
			</report>
			<report>
				<misses>19336001</misses>
				<total>18</total>
				<timestamp>6953.999262</timestamp>
			</report>
			<report>
				<misses>19337001</misses>
				<total>18</total>
				<timestamp>6954.358903</timestamp>
			</report>
			<report>
				<misses>19338001</misses>
				<total>18</total>
				<timestamp>6954.718487</timestamp>
			</report>
			<report>
				<misses>19339001</misses>
				<total>18</total>
				<timestamp>6955.078152</timestamp>
			</report>
			<report>
				<misses>19340001</misses>
				<total>18</total>
				<timestamp>6955.437807</timestamp>
			</report>
			<report>
				<misses>19341001</misses>
				<total>18</total>
				<timestamp>6955.797415</timestamp>
			</report>
			<report>
				<misses>19342001</misses>
				<total>18</total>
				<timestamp>6956.157084</timestamp>
			</report>
			<report>
				<misses>19343001</misses>
				<total>18</total>
				<timestamp>6956.516718</timestamp>
			</report>
			<report>
				<misses>19344001</misses>
				<total>18</total>
				<timestamp>6956.876343</timestamp>
			</report>
			<report>
				<misses>19345001</misses>
				<total>18</total>
				<timestamp>6957.236009</timestamp>
			</report>
			<report>
				<misses>19346001</misses>
				<total>18</total>
				<timestamp>6957.595620</timestamp>
			</report>
			<report>
				<misses>19347001</misses>
				<total>18</total>
				<timestamp>6957.955249</timestamp>
			</report>
			<report>
				<misses>19348001</misses>
				<total>18</total>
				<timestamp>6958.314950</timestamp>
			</report>
			<report>
				<misses>19349001</misses>
				<total>18</total>
				<timestamp>6958.674583</timestamp>
			</report>
			<report>
				<misses>19350001</misses>
				<total>18</total>
				<timestamp>6959.034196</timestamp>
			</report>
			<report>
				<misses>19351001</misses>
				<total>18</total>
				<timestamp>6959.393850</timestamp>
			</report>
			<report>
				<misses>19352001</misses>
				<total>18</total>
				<timestamp>6959.753444</timestamp>
			</report>
			<report>
				<misses>19353001</misses>
				<total>18</total>
				<timestamp>6960.113124</timestamp>
			</report>
			<report>
				<misses>19354001</misses>
				<total>18</total>
				<timestamp>6960.472773</timestamp>
			</report>
			<report>
				<misses>19355001</misses>
				<total>18</total>
				<timestamp>6960.832422</timestamp>
			</report>
			<report>
				<misses>19356001</misses>
				<total>18</total>
				<timestamp>6961.192034</timestamp>
			</report>
			<report>
				<misses>19357001</misses>
				<total>18</total>
				<timestamp>6961.551789</timestamp>
			</report>
			<report>
				<misses>19358001</misses>
				<total>18</total>
				<timestamp>6961.911296</timestamp>
			</report>
			<report>
				<misses>19359001</misses>
				<total>18</total>
				<timestamp>6962.271007</timestamp>
			</report>
			<report>
				<misses>19360001</misses>
				<total>18</total>
				<timestamp>6962.630600</timestamp>
			</report>
			<report>
				<misses>19361001</misses>
				<total>18</total>
				<timestamp>6962.990244</timestamp>
			</report>
			<report>
				<misses>19362001</misses>
				<total>18</total>
				<timestamp>6963.349919</timestamp>
			</report>
			<report>
				<misses>19363001</misses>
				<total>18</total>
				<timestamp>6963.709514</timestamp>
			</report>
			<report>
				<misses>19364001</misses>
				<total>18</total>
				<timestamp>6964.069150</timestamp>
			</report>
			<report>
				<misses>19365001</misses>
				<total>18</total>
				<timestamp>6964.428802</timestamp>
			</report>
			<report>
				<misses>19366001</misses>
				<total>18</total>
				<timestamp>6964.788419</timestamp>
			</report>
			<report>
				<misses>19367001</misses>
				<total>18</total>
				<timestamp>6965.148071</timestamp>
			</report>
			<report>
				<misses>19368001</misses>
				<total>18</total>
				<timestamp>6965.507728</timestamp>
			</report>
			<report>
				<misses>19369001</misses>
				<total>18</total>
				<timestamp>6965.867328</timestamp>
			</report>
			<report>
				<misses>19370001</misses>
				<total>18</total>
				<timestamp>6966.226974</timestamp>
			</report>
			<report>
				<misses>19371001</misses>
				<total>18</total>
				<timestamp>6966.586646</timestamp>
			</report>
			<report>
				<misses>19372001</misses>
				<total>18</total>
				<timestamp>6966.946361</timestamp>
			</report>
			<report>
				<misses>19373001</misses>
				<total>18</total>
				<timestamp>6967.305900</timestamp>
			</report>
			<report>
				<misses>19374001</misses>
				<total>18</total>
				<timestamp>6967.665611</timestamp>
			</report>
			<report>
				<misses>19375001</misses>
				<total>18</total>
				<timestamp>6968.025189</timestamp>
			</report>
			<report>
				<misses>19376001</misses>
				<total>18</total>
				<timestamp>6968.384824</timestamp>
			</report>
			<report>
				<misses>19377001</misses>
				<total>18</total>
				<timestamp>6968.744453</timestamp>
			</report>
			<report>
				<misses>19378001</misses>
				<total>18</total>
				<timestamp>6969.104176</timestamp>
			</report>
			<report>
				<misses>19379001</misses>
				<total>18</total>
				<timestamp>6969.463742</timestamp>
			</report>
			<report>
				<misses>19380001</misses>
				<total>18</total>
				<timestamp>6969.823370</timestamp>
			</report>
			<report>
				<misses>19381001</misses>
				<total>18</total>
				<timestamp>6970.183071</timestamp>
			</report>
			<report>
				<misses>19382001</misses>
				<total>18</total>
				<timestamp>6970.542781</timestamp>
			</report>
			<report>
				<misses>19383001</misses>
				<total>18</total>
				<timestamp>6970.902367</timestamp>
			</report>
			<report>
				<misses>19384001</misses>
				<total>18</total>
				<timestamp>6971.261984</timestamp>
			</report>
			<report>
				<misses>19385001</misses>
				<total>18</total>
				<timestamp>6971.621574</timestamp>
			</report>
			<report>
				<misses>19386001</misses>
				<total>18</total>
				<timestamp>6971.981230</timestamp>
			</report>
			<report>
				<misses>19387001</misses>
				<total>18</total>
				<timestamp>6972.340905</timestamp>
			</report>
			<report>
				<misses>19388001</misses>
				<total>18</total>
				<timestamp>6972.700547</timestamp>
			</report>
			<report>
				<misses>19389001</misses>
				<total>18</total>
				<timestamp>6973.060146</timestamp>
			</report>
			<report>
				<misses>19390001</misses>
				<total>18</total>
				<timestamp>6973.419779</timestamp>
			</report>
			<report>
				<misses>19391001</misses>
				<total>18</total>
				<timestamp>6973.779447</timestamp>
			</report>
			<report>
				<misses>19392001</misses>
				<total>18</total>
				<timestamp>6974.139045</timestamp>
			</report>
			<report>
				<misses>19393001</misses>
				<total>18</total>
				<timestamp>6974.498690</timestamp>
			</report>
			<report>
				<misses>19394001</misses>
				<total>18</total>
				<timestamp>6974.858345</timestamp>
			</report>
			<report>
				<misses>19395001</misses>
				<total>18</total>
				<timestamp>6975.218006</timestamp>
			</report>
			<report>
				<misses>19396001</misses>
				<total>18</total>
				<timestamp>6975.577703</timestamp>
			</report>
			<report>
				<misses>19397001</misses>
				<total>18</total>
				<timestamp>6975.937265</timestamp>
			</report>
			<report>
				<misses>19398001</misses>
				<total>18</total>
				<timestamp>6976.296882</timestamp>
			</report>
			<report>
				<misses>19399001</misses>
				<total>18</total>
				<timestamp>6976.656668</timestamp>
			</report>
			<report>
				<misses>19400001</misses>
				<total>18</total>
				<timestamp>6977.016278</timestamp>
			</report>
			<report>
				<misses>19401001</misses>
				<total>18</total>
				<timestamp>6977.375817</timestamp>
			</report>
			<report>
				<misses>19402001</misses>
				<total>18</total>
				<timestamp>6977.735521</timestamp>
			</report>
			<report>
				<misses>19403001</misses>
				<total>18</total>
				<timestamp>6978.095119</timestamp>
			</report>
			<report>
				<misses>19404001</misses>
				<total>18</total>
				<timestamp>6978.454767</timestamp>
			</report>
			<report>
				<misses>19405001</misses>
				<total>18</total>
				<timestamp>6978.814383</timestamp>
			</report>
			<report>
				<misses>19406001</misses>
				<total>18</total>
				<timestamp>6979.174030</timestamp>
			</report>
			<report>
				<misses>19407001</misses>
				<total>18</total>
				<timestamp>6979.533649</timestamp>
			</report>
			<report>
				<misses>19408001</misses>
				<total>18</total>
				<timestamp>6979.893325</timestamp>
			</report>
			<report>
				<misses>19409001</misses>
				<total>18</total>
				<timestamp>6980.252947</timestamp>
			</report>
			<report>
				<misses>19410001</misses>
				<total>18</total>
				<timestamp>6980.612628</timestamp>
			</report>
			<report>
				<misses>19411001</misses>
				<total>18</total>
				<timestamp>6980.972250</timestamp>
			</report>
			<report>
				<misses>19412001</misses>
				<total>18</total>
				<timestamp>6981.331878</timestamp>
			</report>
			<report>
				<misses>19413001</misses>
				<total>18</total>
				<timestamp>6981.691526</timestamp>
			</report>
			<report>
				<misses>19414001</misses>
				<total>18</total>
				<timestamp>6982.051142</timestamp>
			</report>
			<report>
				<misses>19415001</misses>
				<total>18</total>
				<timestamp>6982.410770</timestamp>
			</report>
			<report>
				<misses>19416001</misses>
				<total>18</total>
				<timestamp>6982.770502</timestamp>
			</report>
			<report>
				<misses>19417001</misses>
				<total>18</total>
				<timestamp>6983.130084</timestamp>
			</report>
			<report>
				<misses>19418001</misses>
				<total>18</total>
				<timestamp>6983.489684</timestamp>
			</report>
			<report>
				<misses>19419001</misses>
				<total>18</total>
				<timestamp>6983.849385</timestamp>
			</report>
			<report>
				<misses>19420001</misses>
				<total>18</total>
				<timestamp>6984.209042</timestamp>
			</report>
			<report>
				<misses>19421001</misses>
				<total>18</total>
				<timestamp>6984.568651</timestamp>
			</report>
			<report>
				<misses>19422001</misses>
				<total>18</total>
				<timestamp>6984.928290</timestamp>
			</report>
			<report>
				<misses>19423001</misses>
				<total>18</total>
				<timestamp>6985.287908</timestamp>
			</report>
			<report>
				<misses>19424001</misses>
				<total>18</total>
				<timestamp>6985.647577</timestamp>
			</report>
			<report>
				<misses>19425001</misses>
				<total>18</total>
				<timestamp>6986.007187</timestamp>
			</report>
			<report>
				<misses>19426001</misses>
				<total>18</total>
				<timestamp>6986.366824</timestamp>
			</report>
			<report>
				<misses>19427001</misses>
				<total>18</total>
				<timestamp>6986.726482</timestamp>
			</report>
			<report>
				<misses>19428001</misses>
				<total>18</total>
				<timestamp>6987.086117</timestamp>
			</report>
			<report>
				<misses>19429001</misses>
				<total>18</total>
				<timestamp>6987.445740</timestamp>
			</report>
			<report>
				<misses>19430001</misses>
				<total>18</total>
				<timestamp>6987.805402</timestamp>
			</report>
			<report>
				<misses>19431001</misses>
				<total>18</total>
				<timestamp>6988.165037</timestamp>
			</report>
			<report>
				<misses>19432001</misses>
				<total>18</total>
				<timestamp>6988.524683</timestamp>
			</report>
			<report>
				<misses>19433001</misses>
				<total>18</total>
				<timestamp>6988.884323</timestamp>
			</report>
			<report>
				<misses>19434001</misses>
				<total>18</total>
				<timestamp>6989.244014</timestamp>
			</report>
			<report>
				<misses>19435001</misses>
				<total>18</total>
				<timestamp>6989.603605</timestamp>
			</report>
			<report>
				<misses>19436001</misses>
				<total>18</total>
				<timestamp>6989.963238</timestamp>
			</report>
			<report>
				<misses>19437001</misses>
				<total>18</total>
				<timestamp>6990.322859</timestamp>
			</report>
			<report>
				<misses>19438001</misses>
				<total>18</total>
				<timestamp>6990.682574</timestamp>
			</report>
			<report>
				<misses>19439001</misses>
				<total>18</total>
				<timestamp>6991.042226</timestamp>
			</report>
			<report>
				<misses>19440001</misses>
				<total>18</total>
				<timestamp>6991.401776</timestamp>
			</report>
			<report>
				<misses>19441001</misses>
				<total>18</total>
				<timestamp>6991.761462</timestamp>
			</report>
			<report>
				<misses>19442001</misses>
				<total>18</total>
				<timestamp>6992.121095</timestamp>
			</report>
			<report>
				<misses>19443001</misses>
				<total>18</total>
				<timestamp>6992.480803</timestamp>
			</report>
			<report>
				<misses>19444001</misses>
				<total>18</total>
				<timestamp>6992.840366</timestamp>
			</report>
			<report>
				<misses>19445001</misses>
				<total>18</total>
				<timestamp>6993.200003</timestamp>
			</report>
			<report>
				<misses>19446001</misses>
				<total>18</total>
				<timestamp>6993.559616</timestamp>
			</report>
			<report>
				<misses>19447001</misses>
				<total>18</total>
				<timestamp>6993.919262</timestamp>
			</report>
			<report>
				<misses>19448001</misses>
				<total>18</total>
				<timestamp>6994.278924</timestamp>
			</report>
			<report>
				<misses>19449001</misses>
				<total>18</total>
				<timestamp>6994.638535</timestamp>
			</report>
			<report>
				<misses>19450001</misses>
				<total>18</total>
				<timestamp>6994.998177</timestamp>
			</report>
			<report>
				<misses>19451001</misses>
				<total>18</total>
				<timestamp>6995.357877</timestamp>
			</report>
			<report>
				<misses>19452001</misses>
				<total>18</total>
				<timestamp>6995.717478</timestamp>
			</report>
			<report>
				<misses>19453001</misses>
				<total>18</total>
				<timestamp>6996.077137</timestamp>
			</report>
			<report>
				<misses>19454001</misses>
				<total>18</total>
				<timestamp>6996.436760</timestamp>
			</report>
			<report>
				<misses>19455001</misses>
				<total>18</total>
				<timestamp>6996.796396</timestamp>
			</report>
			<report>
				<misses>19456001</misses>
				<total>18</total>
				<timestamp>6997.156029</timestamp>
			</report>
			<report>
				<misses>19457001</misses>
				<total>18</total>
				<timestamp>6997.515653</timestamp>
			</report>
			<report>
				<misses>19458001</misses>
				<total>18</total>
				<timestamp>6997.875322</timestamp>
			</report>
			<report>
				<misses>19459001</misses>
				<total>18</total>
				<timestamp>6998.234947</timestamp>
			</report>
			<report>
				<misses>19460001</misses>
				<total>18</total>
				<timestamp>6998.594602</timestamp>
			</report>
			<report>
				<misses>19461001</misses>
				<total>18</total>
				<timestamp>6998.954208</timestamp>
			</report>
			<report>
				<misses>19462001</misses>
				<total>18</total>
				<timestamp>6999.313962</timestamp>
			</report>
			<report>
				<misses>19463001</misses>
				<total>18</total>
				<timestamp>6999.673510</timestamp>
			</report>
			<report>
				<misses>19464001</misses>
				<total>18</total>
				<timestamp>7000.033158</timestamp>
			</report>
			<report>
				<misses>19465001</misses>
				<total>18</total>
				<timestamp>7000.392815</timestamp>
			</report>
			<report>
				<misses>19466001</misses>
				<total>18</total>
				<timestamp>7000.752481</timestamp>
			</report>
			<report>
				<misses>19467001</misses>
				<total>18</total>
				<timestamp>7001.112039</timestamp>
			</report>
			<report>
				<misses>19468001</misses>
				<total>18</total>
				<timestamp>7001.471732</timestamp>
			</report>
			<report>
				<misses>19469001</misses>
				<total>18</total>
				<timestamp>7001.831370</timestamp>
			</report>
			<report>
				<misses>19470001</misses>
				<total>18</total>
				<timestamp>7002.191024</timestamp>
			</report>
			<report>
				<misses>19471001</misses>
				<total>18</total>
				<timestamp>7002.550636</timestamp>
			</report>
			<report>
				<misses>19472001</misses>
				<total>18</total>
				<timestamp>7002.910303</timestamp>
			</report>
			<report>
				<misses>19473001</misses>
				<total>18</total>
				<timestamp>7003.269891</timestamp>
			</report>
			<report>
				<misses>19474001</misses>
				<total>18</total>
				<timestamp>7003.629563</timestamp>
			</report>
			<report>
				<misses>19475001</misses>
				<total>18</total>
				<timestamp>7003.989246</timestamp>
			</report>
			<report>
				<misses>19476001</misses>
				<total>18</total>
				<timestamp>7004.348832</timestamp>
			</report>
			<report>
				<misses>19477001</misses>
				<total>18</total>
				<timestamp>7004.708458</timestamp>
			</report>
			<report>
				<misses>19478001</misses>
				<total>18</total>
				<timestamp>7005.068108</timestamp>
			</report>
			<report>
				<misses>19479001</misses>
				<total>18</total>
				<timestamp>7005.427763</timestamp>
			</report>
			<report>
				<misses>19480001</misses>
				<total>18</total>
				<timestamp>7005.787377</timestamp>
			</report>
			<report>
				<misses>19481001</misses>
				<total>18</total>
				<timestamp>7006.147046</timestamp>
			</report>
			<report>
				<misses>19482001</misses>
				<total>18</total>
				<timestamp>7006.506758</timestamp>
			</report>
			<report>
				<misses>19483001</misses>
				<total>18</total>
				<timestamp>7006.866333</timestamp>
			</report>
			<report>
				<misses>19484001</misses>
				<total>18</total>
				<timestamp>7007.225966</timestamp>
			</report>
			<report>
				<misses>19485001</misses>
				<total>18</total>
				<timestamp>7007.585581</timestamp>
			</report>
			<report>
				<misses>19486001</misses>
				<total>18</total>
				<timestamp>7007.945283</timestamp>
			</report>
			<report>
				<misses>19487001</misses>
				<total>18</total>
				<timestamp>7008.304871</timestamp>
			</report>
			<report>
				<misses>19488001</misses>
				<total>18</total>
				<timestamp>7008.664540</timestamp>
			</report>
			<report>
				<misses>19489001</misses>
				<total>18</total>
				<timestamp>7009.024130</timestamp>
			</report>
			<report>
				<misses>19490001</misses>
				<total>18</total>
				<timestamp>7009.383795</timestamp>
			</report>
			<report>
				<misses>19491001</misses>
				<total>18</total>
				<timestamp>7009.743523</timestamp>
			</report>
			<report>
				<misses>19492001</misses>
				<total>18</total>
				<timestamp>7010.103072</timestamp>
			</report>
			<report>
				<misses>19493001</misses>
				<total>18</total>
				<timestamp>7010.462729</timestamp>
			</report>
			<report>
				<misses>19494001</misses>
				<total>18</total>
				<timestamp>7010.822391</timestamp>
			</report>
			<report>
				<misses>19495001</misses>
				<total>18</total>
				<timestamp>7011.182001</timestamp>
			</report>
			<report>
				<misses>19496001</misses>
				<total>18</total>
				<timestamp>7011.541667</timestamp>
			</report>
			<report>
				<misses>19497001</misses>
				<total>18</total>
				<timestamp>7011.901359</timestamp>
			</report>
			<report>
				<misses>19498001</misses>
				<total>18</total>
				<timestamp>7012.260999</timestamp>
			</report>
			<report>
				<misses>19499001</misses>
				<total>18</total>
				<timestamp>7012.620544</timestamp>
			</report>
			<report>
				<misses>19500001</misses>
				<total>18</total>
				<timestamp>7012.980203</timestamp>
			</report>
			<report>
				<misses>19501001</misses>
				<total>18</total>
				<timestamp>7013.339822</timestamp>
			</report>
			<report>
				<misses>19502001</misses>
				<total>18</total>
				<timestamp>7013.699535</timestamp>
			</report>
			<report>
				<misses>19503001</misses>
				<total>18</total>
				<timestamp>7014.059110</timestamp>
			</report>
			<report>
				<misses>19504001</misses>
				<total>18</total>
				<timestamp>7014.418812</timestamp>
			</report>
			<report>
				<misses>19505001</misses>
				<total>18</total>
				<timestamp>7014.778385</timestamp>
			</report>
			<report>
				<misses>19506001</misses>
				<total>18</total>
				<timestamp>7015.138023</timestamp>
			</report>
			<report>
				<misses>19507001</misses>
				<total>18</total>
				<timestamp>7015.497706</timestamp>
			</report>
			<report>
				<misses>19508001</misses>
				<total>18</total>
				<timestamp>7015.857385</timestamp>
			</report>
			<report>
				<misses>19509001</misses>
				<total>18</total>
				<timestamp>7016.216932</timestamp>
			</report>
			<report>
				<misses>19510001</misses>
				<total>18</total>
				<timestamp>7016.576666</timestamp>
			</report>
			<report>
				<misses>19511001</misses>
				<total>18</total>
				<timestamp>7016.936276</timestamp>
			</report>
			<report>
				<misses>19512001</misses>
				<total>18</total>
				<timestamp>7017.295870</timestamp>
			</report>
			<report>
				<misses>19513001</misses>
				<total>18</total>
				<timestamp>7017.655542</timestamp>
			</report>
			<report>
				<misses>19514001</misses>
				<total>18</total>
				<timestamp>7018.015126</timestamp>
			</report>
			<report>
				<misses>19515001</misses>
				<total>18</total>
				<timestamp>7018.374776</timestamp>
			</report>
			<report>
				<misses>19516001</misses>
				<total>18</total>
				<timestamp>7018.734418</timestamp>
			</report>
			<report>
				<misses>19517001</misses>
				<total>18</total>
				<timestamp>7019.094061</timestamp>
			</report>
			<report>
				<misses>19518001</misses>
				<total>18</total>
				<timestamp>7019.453691</timestamp>
			</report>
			<report>
				<misses>19519001</misses>
				<total>18</total>
				<timestamp>7019.813345</timestamp>
			</report>
			<report>
				<misses>19520001</misses>
				<total>18</total>
				<timestamp>7020.173008</timestamp>
			</report>
			<report>
				<misses>19521001</misses>
				<total>18</total>
				<timestamp>7020.532656</timestamp>
			</report>
			<report>
				<misses>19522001</misses>
				<total>18</total>
				<timestamp>7020.892330</timestamp>
			</report>
			<report>
				<misses>19523001</misses>
				<total>18</total>
				<timestamp>7021.251927</timestamp>
			</report>
			<report>
				<misses>19524001</misses>
				<total>18</total>
				<timestamp>7021.611538</timestamp>
			</report>
			<report>
				<misses>19525001</misses>
				<total>18</total>
				<timestamp>7021.971267</timestamp>
			</report>
			<report>
				<misses>19526001</misses>
				<total>18</total>
				<timestamp>7022.330814</timestamp>
			</report>
			<report>
				<misses>19527001</misses>
				<total>18</total>
				<timestamp>7022.690566</timestamp>
			</report>
			<report>
				<misses>19528001</misses>
				<total>18</total>
				<timestamp>7023.050166</timestamp>
			</report>
			<report>
				<misses>19529001</misses>
				<total>18</total>
				<timestamp>7023.409797</timestamp>
			</report>
			<report>
				<misses>19530001</misses>
				<total>18</total>
				<timestamp>7023.769420</timestamp>
			</report>
			<report>
				<misses>19531001</misses>
				<total>18</total>
				<timestamp>7024.129034</timestamp>
			</report>
			<report>
				<misses>19532001</misses>
				<total>18</total>
				<timestamp>7024.488707</timestamp>
			</report>
			<report>
				<misses>19533001</misses>
				<total>18</total>
				<timestamp>7024.848342</timestamp>
			</report>
			<report>
				<misses>19534001</misses>
				<total>18</total>
				<timestamp>7025.207951</timestamp>
			</report>
			<report>
				<misses>19535001</misses>
				<total>18</total>
				<timestamp>7025.567691</timestamp>
			</report>
			<report>
				<misses>19536001</misses>
				<total>18</total>
				<timestamp>7025.927223</timestamp>
			</report>
			<report>
				<misses>19537001</misses>
				<total>18</total>
				<timestamp>7026.286863</timestamp>
			</report>
			<report>
				<misses>19538001</misses>
				<total>18</total>
				<timestamp>7026.646505</timestamp>
			</report>
			<report>
				<misses>19539001</misses>
				<total>18</total>
				<timestamp>7027.006193</timestamp>
			</report>
			<report>
				<misses>19540001</misses>
				<total>18</total>
				<timestamp>7027.365812</timestamp>
			</report>
			<report>
				<misses>19541001</misses>
				<total>18</total>
				<timestamp>7027.725461</timestamp>
			</report>
			<report>
				<misses>19542001</misses>
				<total>18</total>
				<timestamp>7028.085060</timestamp>
			</report>
			<report>
				<misses>19543001</misses>
				<total>18</total>
				<timestamp>7028.444707</timestamp>
			</report>
			<report>
				<misses>19544001</misses>
				<total>18</total>
				<timestamp>7028.804339</timestamp>
			</report>
			<report>
				<misses>19545001</misses>
				<total>18</total>
				<timestamp>7029.164035</timestamp>
			</report>
			<report>
				<misses>19546001</misses>
				<total>18</total>
				<timestamp>7029.523613</timestamp>
			</report>
			<report>
				<misses>19547001</misses>
				<total>18</total>
				<timestamp>7029.883320</timestamp>
			</report>
			<report>
				<misses>19548001</misses>
				<total>18</total>
				<timestamp>7030.242889</timestamp>
			</report>
			<report>
				<misses>19549001</misses>
				<total>18</total>
				<timestamp>7030.602579</timestamp>
			</report>
			<report>
				<misses>19550001</misses>
				<total>18</total>
				<timestamp>7030.962200</timestamp>
			</report>
			<report>
				<misses>19551001</misses>
				<total>18</total>
				<timestamp>7031.321839</timestamp>
			</report>
			<report>
				<misses>19552001</misses>
				<total>18</total>
				<timestamp>7031.681503</timestamp>
			</report>
			<report>
				<misses>19553001</misses>
				<total>18</total>
				<timestamp>7032.041126</timestamp>
			</report>
			<report>
				<misses>19554001</misses>
				<total>18</total>
				<timestamp>7032.400780</timestamp>
			</report>
			<report>
				<misses>19555001</misses>
				<total>18</total>
				<timestamp>7032.760383</timestamp>
			</report>
			<report>
				<misses>19556001</misses>
				<total>18</total>
				<timestamp>7033.120110</timestamp>
			</report>
			<report>
				<misses>19557001</misses>
				<total>18</total>
				<timestamp>7033.479723</timestamp>
			</report>
			<report>
				<misses>19558001</misses>
				<total>18</total>
				<timestamp>7033.839289</timestamp>
			</report>
			<report>
				<misses>19559001</misses>
				<total>18</total>
				<timestamp>7034.199013</timestamp>
			</report>
			<report>
				<misses>19560001</misses>
				<total>18</total>
				<timestamp>7034.558569</timestamp>
			</report>
			<report>
				<misses>19561001</misses>
				<total>18</total>
				<timestamp>7034.918277</timestamp>
			</report>
			<report>
				<misses>19562001</misses>
				<total>18</total>
				<timestamp>7035.277878</timestamp>
			</report>
			<report>
				<misses>19563001</misses>
				<total>18</total>
				<timestamp>7035.637505</timestamp>
			</report>
			<report>
				<misses>19564001</misses>
				<total>18</total>
				<timestamp>7035.997170</timestamp>
			</report>
			<report>
				<misses>19565001</misses>
				<total>18</total>
				<timestamp>7036.356774</timestamp>
			</report>
			<report>
				<misses>19566001</misses>
				<total>18</total>
				<timestamp>7036.716463</timestamp>
			</report>
			<report>
				<misses>19567001</misses>
				<total>18</total>
				<timestamp>7037.076130</timestamp>
			</report>
			<report>
				<misses>19568001</misses>
				<total>18</total>
				<timestamp>7037.435714</timestamp>
			</report>
			<report>
				<misses>19569001</misses>
				<total>18</total>
				<timestamp>7037.795331</timestamp>
			</report>
			<report>
				<misses>19570001</misses>
				<total>18</total>
				<timestamp>7038.155023</timestamp>
			</report>
			<report>
				<misses>19571001</misses>
				<total>18</total>
				<timestamp>7038.514667</timestamp>
			</report>
			<report>
				<misses>19572001</misses>
				<total>18</total>
				<timestamp>7038.874260</timestamp>
			</report>
			<report>
				<misses>19573001</misses>
				<total>18</total>
				<timestamp>7039.233968</timestamp>
			</report>
			<report>
				<misses>19574001</misses>
				<total>18</total>
				<timestamp>7039.593540</timestamp>
			</report>
			<report>
				<misses>19575001</misses>
				<total>18</total>
				<timestamp>7039.953170</timestamp>
			</report>
			<report>
				<misses>19576001</misses>
				<total>18</total>
				<timestamp>7040.312877</timestamp>
			</report>
			<report>
				<misses>19577001</misses>
				<total>18</total>
				<timestamp>7040.672478</timestamp>
			</report>
			<report>
				<misses>19578001</misses>
				<total>18</total>
				<timestamp>7041.032170</timestamp>
			</report>
			<report>
				<misses>19579001</misses>
				<total>18</total>
				<timestamp>7041.391771</timestamp>
			</report>
			<report>
				<misses>19580001</misses>
				<total>18</total>
				<timestamp>7041.751368</timestamp>
			</report>
			<report>
				<misses>19581001</misses>
				<total>18</total>
				<timestamp>7042.111071</timestamp>
			</report>
			<report>
				<misses>19582001</misses>
				<total>18</total>
				<timestamp>7042.470703</timestamp>
			</report>
			<report>
				<misses>19583001</misses>
				<total>18</total>
				<timestamp>7042.830302</timestamp>
			</report>
			<report>
				<misses>19584001</misses>
				<total>18</total>
				<timestamp>7043.189952</timestamp>
			</report>
			<report>
				<misses>19585001</misses>
				<total>18</total>
				<timestamp>7043.549584</timestamp>
			</report>
			<report>
				<misses>19586001</misses>
				<total>18</total>
				<timestamp>7043.909235</timestamp>
			</report>
			<report>
				<misses>19587001</misses>
				<total>18</total>
				<timestamp>7044.268948</timestamp>
			</report>
			<report>
				<misses>19588001</misses>
				<total>18</total>
				<timestamp>7044.628496</timestamp>
			</report>
			<report>
				<misses>19589001</misses>
				<total>18</total>
				<timestamp>7044.988239</timestamp>
			</report>
			<report>
				<misses>19590001</misses>
				<total>18</total>
				<timestamp>7045.347795</timestamp>
			</report>
			<report>
				<misses>19591001</misses>
				<total>18</total>
				<timestamp>7045.707429</timestamp>
			</report>
			<report>
				<misses>19592001</misses>
				<total>18</total>
				<timestamp>7046.067108</timestamp>
			</report>
			<report>
				<misses>19593001</misses>
				<total>18</total>
				<timestamp>7046.426754</timestamp>
			</report>
			<report>
				<misses>19594001</misses>
				<total>18</total>
				<timestamp>7046.786368</timestamp>
			</report>
			<report>
				<misses>19595001</misses>
				<total>18</total>
				<timestamp>7047.146078</timestamp>
			</report>
			<report>
				<misses>19596001</misses>
				<total>18</total>
				<timestamp>7047.505613</timestamp>
			</report>
			<report>
				<misses>19597001</misses>
				<total>18</total>
				<timestamp>7047.865316</timestamp>
			</report>
			<report>
				<misses>19598001</misses>
				<total>18</total>
				<timestamp>7048.224912</timestamp>
			</report>
			<report>
				<misses>19599001</misses>
				<total>18</total>
				<timestamp>7048.584538</timestamp>
			</report>
			<report>
				<misses>19600001</misses>
				<total>18</total>
				<timestamp>7048.944202</timestamp>
			</report>
			<report>
				<misses>19601001</misses>
				<total>18</total>
				<timestamp>7049.303855</timestamp>
			</report>
			<report>
				<misses>19602001</misses>
				<total>18</total>
				<timestamp>7049.663484</timestamp>
			</report>
			<report>
				<misses>19603001</misses>
				<total>18</total>
				<timestamp>7050.023117</timestamp>
			</report>
			<report>
				<misses>19604001</misses>
				<total>18</total>
				<timestamp>7050.382721</timestamp>
			</report>
			<report>
				<misses>19605001</misses>
				<total>18</total>
				<timestamp>7050.742371</timestamp>
			</report>
			<report>
				<misses>19606001</misses>
				<total>18</total>
				<timestamp>7051.102059</timestamp>
			</report>
			<report>
				<misses>19607001</misses>
				<total>18</total>
				<timestamp>7051.461641</timestamp>
			</report>
			<report>
				<misses>19608001</misses>
				<total>18</total>
				<timestamp>7051.821305</timestamp>
			</report>
			<report>
				<misses>19609001</misses>
				<total>18</total>
				<timestamp>7052.180957</timestamp>
			</report>
			<report>
				<misses>19610001</misses>
				<total>18</total>
				<timestamp>7052.540575</timestamp>
			</report>
			<report>
				<misses>19611001</misses>
				<total>18</total>
				<timestamp>7052.900250</timestamp>
			</report>
			<report>
				<misses>19612001</misses>
				<total>18</total>
				<timestamp>7053.259854</timestamp>
			</report>
			<report>
				<misses>19613001</misses>
				<total>18</total>
				<timestamp>7053.619496</timestamp>
			</report>
			<report>
				<misses>19614001</misses>
				<total>18</total>
				<timestamp>7053.979273</timestamp>
			</report>
			<report>
				<misses>19615001</misses>
				<total>18</total>
				<timestamp>7054.338814</timestamp>
			</report>
			<report>
				<misses>19616001</misses>
				<total>18</total>
				<timestamp>7054.698487</timestamp>
			</report>
			<report>
				<misses>19617001</misses>
				<total>18</total>
				<timestamp>7055.058090</timestamp>
			</report>
			<report>
				<misses>19618001</misses>
				<total>18</total>
				<timestamp>7055.417707</timestamp>
			</report>
			<report>
				<misses>19619001</misses>
				<total>18</total>
				<timestamp>7055.777397</timestamp>
			</report>
			<report>
				<misses>19620001</misses>
				<total>18</total>
				<timestamp>7056.137016</timestamp>
			</report>
			<report>
				<misses>19621001</misses>
				<total>18</total>
				<timestamp>7056.496644</timestamp>
			</report>
			<report>
				<misses>19622001</misses>
				<total>18</total>
				<timestamp>7056.856282</timestamp>
			</report>
			<report>
				<misses>19623001</misses>
				<total>18</total>
				<timestamp>7057.215899</timestamp>
			</report>
			<report>
				<misses>19624001</misses>
				<total>18</total>
				<timestamp>7057.575531</timestamp>
			</report>
			<report>
				<misses>19625001</misses>
				<total>18</total>
				<timestamp>7057.935221</timestamp>
			</report>
			<report>
				<misses>19626001</misses>
				<total>18</total>
				<timestamp>7058.294812</timestamp>
			</report>
			<report>
				<misses>19627001</misses>
				<total>18</total>
				<timestamp>7058.654460</timestamp>
			</report>
			<report>
				<misses>19628001</misses>
				<total>18</total>
				<timestamp>7059.014128</timestamp>
			</report>
			<report>
				<misses>19629001</misses>
				<total>18</total>
				<timestamp>7059.373741</timestamp>
			</report>
			<report>
				<misses>19630001</misses>
				<total>18</total>
				<timestamp>7059.733435</timestamp>
			</report>
			<report>
				<misses>19631001</misses>
				<total>18</total>
				<timestamp>7060.093013</timestamp>
			</report>
			<report>
				<misses>19632001</misses>
				<total>18</total>
				<timestamp>7060.452662</timestamp>
			</report>
			<report>
				<misses>19633001</misses>
				<total>18</total>
				<timestamp>7060.812295</timestamp>
			</report>
			<report>
				<misses>19634001</misses>
				<total>18</total>
				<timestamp>7061.171941</timestamp>
			</report>
			<report>
				<misses>19635001</misses>
				<total>18</total>
				<timestamp>7061.531597</timestamp>
			</report>
			<report>
				<misses>19636001</misses>
				<total>18</total>
				<timestamp>7061.891243</timestamp>
			</report>
			<report>
				<misses>19637001</misses>
				<total>18</total>
				<timestamp>7062.250908</timestamp>
			</report>
			<report>
				<misses>19638001</misses>
				<total>18</total>
				<timestamp>7062.610537</timestamp>
			</report>
			<report>
				<misses>19639001</misses>
				<total>18</total>
				<timestamp>7062.970215</timestamp>
			</report>
			<report>
				<misses>19640001</misses>
				<total>18</total>
				<timestamp>7063.329807</timestamp>
			</report>
			<report>
				<misses>19641001</misses>
				<total>18</total>
				<timestamp>7063.689428</timestamp>
			</report>
			<report>
				<misses>19642001</misses>
				<total>18</total>
				<timestamp>7064.049105</timestamp>
			</report>
			<report>
				<misses>19643001</misses>
				<total>18</total>
				<timestamp>7064.408733</timestamp>
			</report>
			<report>
				<misses>19644001</misses>
				<total>18</total>
				<timestamp>7064.768342</timestamp>
			</report>
			<report>
				<misses>19645001</misses>
				<total>18</total>
				<timestamp>7065.128005</timestamp>
			</report>
			<report>
				<misses>19646001</misses>
				<total>18</total>
				<timestamp>7065.487657</timestamp>
			</report>
			<report>
				<misses>19647001</misses>
				<total>18</total>
				<timestamp>7065.847248</timestamp>
			</report>
			<report>
				<misses>19648001</misses>
				<total>18</total>
				<timestamp>7066.206961</timestamp>
			</report>
			<report>
				<misses>19649001</misses>
				<total>18</total>
				<timestamp>7066.566543</timestamp>
			</report>
			<report>
				<misses>19650001</misses>
				<total>18</total>
				<timestamp>7066.926187</timestamp>
			</report>
			<report>
				<misses>19651001</misses>
				<total>18</total>
				<timestamp>7067.285850</timestamp>
			</report>
			<report>
				<misses>19652001</misses>
				<total>18</total>
				<timestamp>7067.645457</timestamp>
			</report>
			<report>
				<misses>19653001</misses>
				<total>18</total>
				<timestamp>7068.005195</timestamp>
			</report>
			<report>
				<misses>19654001</misses>
				<total>18</total>
				<timestamp>7068.364809</timestamp>
			</report>
			<report>
				<misses>19655001</misses>
				<total>18</total>
				<timestamp>7068.724452</timestamp>
			</report>
			<report>
				<misses>19656001</misses>
				<total>18</total>
				<timestamp>7069.084058</timestamp>
			</report>
			<report>
				<misses>19657001</misses>
				<total>18</total>
				<timestamp>7069.443749</timestamp>
			</report>
			<report>
				<misses>19658001</misses>
				<total>18</total>
				<timestamp>7069.803293</timestamp>
			</report>
			<report>
				<misses>19659001</misses>
				<total>18</total>
				<timestamp>7070.162997</timestamp>
			</report>
			<report>
				<misses>19660001</misses>
				<total>18</total>
				<timestamp>7070.522671</timestamp>
			</report>
			<report>
				<misses>19661001</misses>
				<total>18</total>
				<timestamp>7070.882214</timestamp>
			</report>
			<report>
				<misses>19662001</misses>
				<total>18</total>
				<timestamp>7071.241927</timestamp>
			</report>
			<report>
				<misses>19663001</misses>
				<total>18</total>
				<timestamp>7071.601535</timestamp>
			</report>
			<report>
				<misses>19664001</misses>
				<total>18</total>
				<timestamp>7071.961212</timestamp>
			</report>
			<report>
				<misses>19665001</misses>
				<total>18</total>
				<timestamp>7072.320847</timestamp>
			</report>
			<report>
				<misses>19666001</misses>
				<total>18</total>
				<timestamp>7072.680450</timestamp>
			</report>
			<report>
				<misses>19667001</misses>
				<total>18</total>
				<timestamp>7073.040097</timestamp>
			</report>
			<report>
				<misses>19668001</misses>
				<total>18</total>
				<timestamp>7073.399743</timestamp>
			</report>
			<report>
				<misses>19669001</misses>
				<total>18</total>
				<timestamp>7073.759351</timestamp>
			</report>
			<report>
				<misses>19670001</misses>
				<total>18</total>
				<timestamp>7074.119038</timestamp>
			</report>
			<report>
				<misses>19671001</misses>
				<total>18</total>
				<timestamp>7074.478630</timestamp>
			</report>
			<report>
				<misses>19672001</misses>
				<total>18</total>
				<timestamp>7074.838319</timestamp>
			</report>
			<report>
				<misses>19673001</misses>
				<total>18</total>
				<timestamp>7075.197922</timestamp>
			</report>
			<report>
				<misses>19674001</misses>
				<total>18</total>
				<timestamp>7075.557551</timestamp>
			</report>
			<report>
				<misses>19675001</misses>
				<total>18</total>
				<timestamp>7075.917194</timestamp>
			</report>
			<report>
				<misses>19676001</misses>
				<total>18</total>
				<timestamp>7076.276823</timestamp>
			</report>
			<report>
				<misses>19677001</misses>
				<total>18</total>
				<timestamp>7076.636536</timestamp>
			</report>
			<report>
				<misses>19678001</misses>
				<total>18</total>
				<timestamp>7076.996097</timestamp>
			</report>
			<report>
				<misses>19679001</misses>
				<total>18</total>
				<timestamp>7077.355732</timestamp>
			</report>
			<report>
				<misses>19680001</misses>
				<total>18</total>
				<timestamp>7077.715384</timestamp>
			</report>
			<report>
				<misses>19681001</misses>
				<total>18</total>
				<timestamp>7078.075044</timestamp>
			</report>
			<report>
				<misses>19682001</misses>
				<total>18</total>
				<timestamp>7078.434684</timestamp>
			</report>
			<report>
				<misses>19683001</misses>
				<total>18</total>
				<timestamp>7078.794365</timestamp>
			</report>
			<report>
				<misses>19684001</misses>
				<total>18</total>
				<timestamp>7079.154021</timestamp>
			</report>
			<report>
				<misses>19685001</misses>
				<total>18</total>
				<timestamp>7079.513642</timestamp>
			</report>
			<report>
				<misses>19686001</misses>
				<total>18</total>
				<timestamp>7079.873254</timestamp>
			</report>
			<report>
				<misses>19687001</misses>
				<total>18</total>
				<timestamp>7080.232911</timestamp>
			</report>
			<report>
				<misses>19688001</misses>
				<total>18</total>
				<timestamp>7080.592563</timestamp>
			</report>
			<report>
				<misses>19689001</misses>
				<total>18</total>
				<timestamp>7080.952159</timestamp>
			</report>
			<report>
				<misses>19690001</misses>
				<total>18</total>
				<timestamp>7081.311772</timestamp>
			</report>
			<report>
				<misses>19691001</misses>
				<total>18</total>
				<timestamp>7081.671455</timestamp>
			</report>
			<report>
				<misses>19692001</misses>
				<total>18</total>
				<timestamp>7082.031114</timestamp>
			</report>
			<report>
				<misses>19693001</misses>
				<total>18</total>
				<timestamp>7082.390685</timestamp>
			</report>
			<report>
				<misses>19694001</misses>
				<total>18</total>
				<timestamp>7082.750382</timestamp>
			</report>
			<report>
				<misses>19695001</misses>
				<total>18</total>
				<timestamp>7083.110023</timestamp>
			</report>
			<report>
				<misses>19696001</misses>
				<total>18</total>
				<timestamp>7083.469647</timestamp>
			</report>
			<report>
				<misses>19697001</misses>
				<total>18</total>
				<timestamp>7083.829292</timestamp>
			</report>
			<report>
				<misses>19698001</misses>
				<total>18</total>
				<timestamp>7084.188938</timestamp>
			</report>
			<report>
				<misses>19699001</misses>
				<total>18</total>
				<timestamp>7084.548604</timestamp>
			</report>
			<report>
				<misses>19700001</misses>
				<total>18</total>
				<timestamp>7084.908171</timestamp>
			</report>
			<report>
				<misses>19701001</misses>
				<total>18</total>
				<timestamp>7085.267823</timestamp>
			</report>
			<report>
				<misses>19702001</misses>
				<total>18</total>
				<timestamp>7085.627477</timestamp>
			</report>
			<report>
				<misses>19703001</misses>
				<total>18</total>
				<timestamp>7085.987110</timestamp>
			</report>
			<report>
				<misses>19704001</misses>
				<total>18</total>
				<timestamp>7086.346769</timestamp>
			</report>
			<report>
				<misses>19705001</misses>
				<total>18</total>
				<timestamp>7086.706425</timestamp>
			</report>
			<report>
				<misses>19706001</misses>
				<total>18</total>
				<timestamp>7087.066104</timestamp>
			</report>
			<report>
				<misses>19707001</misses>
				<total>18</total>
				<timestamp>7087.425688</timestamp>
			</report>
			<report>
				<misses>19708001</misses>
				<total>18</total>
				<timestamp>7087.785303</timestamp>
			</report>
			<report>
				<misses>19709001</misses>
				<total>18</total>
				<timestamp>7088.144970</timestamp>
			</report>
			<report>
				<misses>19710001</misses>
				<total>18</total>
				<timestamp>7088.504606</timestamp>
			</report>
			<report>
				<misses>19711001</misses>
				<total>18</total>
				<timestamp>7088.864212</timestamp>
			</report>
			<report>
				<misses>19712001</misses>
				<total>18</total>
				<timestamp>7089.223894</timestamp>
			</report>
			<report>
				<misses>19713001</misses>
				<total>18</total>
				<timestamp>7089.583531</timestamp>
			</report>
			<report>
				<misses>19714001</misses>
				<total>18</total>
				<timestamp>7089.943182</timestamp>
			</report>
			<report>
				<misses>19715001</misses>
				<total>18</total>
				<timestamp>7090.302805</timestamp>
			</report>
			<report>
				<misses>19716001</misses>
				<total>18</total>
				<timestamp>7090.662499</timestamp>
			</report>
			<report>
				<misses>19717001</misses>
				<total>18</total>
				<timestamp>7091.022106</timestamp>
			</report>
			<report>
				<misses>19718001</misses>
				<total>18</total>
				<timestamp>7091.381750</timestamp>
			</report>
			<report>
				<misses>19719001</misses>
				<total>18</total>
				<timestamp>7091.741335</timestamp>
			</report>
			<report>
				<misses>19720001</misses>
				<total>18</total>
				<timestamp>7092.100997</timestamp>
			</report>
			<report>
				<misses>19721001</misses>
				<total>18</total>
				<timestamp>7092.460618</timestamp>
			</report>
			<report>
				<misses>19722001</misses>
				<total>18</total>
				<timestamp>7092.820309</timestamp>
			</report>
			<report>
				<misses>19723001</misses>
				<total>18</total>
				<timestamp>7093.179977</timestamp>
			</report>
			<report>
				<misses>19724001</misses>
				<total>18</total>
				<timestamp>7093.539535</timestamp>
			</report>
			<report>
				<misses>19725001</misses>
				<total>18</total>
				<timestamp>7093.899221</timestamp>
			</report>
			<report>
				<misses>19726001</misses>
				<total>18</total>
				<timestamp>7094.258825</timestamp>
			</report>
			<report>
				<misses>19727001</misses>
				<total>18</total>
				<timestamp>7094.618477</timestamp>
			</report>
			<report>
				<misses>19728001</misses>
				<total>18</total>
				<timestamp>7094.978100</timestamp>
			</report>
			<report>
				<misses>19729001</misses>
				<total>18</total>
				<timestamp>7095.337831</timestamp>
			</report>
			<report>
				<misses>19730001</misses>
				<total>18</total>
				<timestamp>7095.697360</timestamp>
			</report>
			<report>
				<misses>19731001</misses>
				<total>18</total>
				<timestamp>7096.057090</timestamp>
			</report>
			<report>
				<misses>19732001</misses>
				<total>18</total>
				<timestamp>7096.416675</timestamp>
			</report>
			<report>
				<misses>19733001</misses>
				<total>18</total>
				<timestamp>7096.776292</timestamp>
			</report>
			<report>
				<misses>19734001</misses>
				<total>18</total>
				<timestamp>7097.136001</timestamp>
			</report>
			<report>
				<misses>19735001</misses>
				<total>18</total>
				<timestamp>7097.495578</timestamp>
			</report>
			<report>
				<misses>19736001</misses>
				<total>18</total>
				<timestamp>7097.855260</timestamp>
			</report>
			<report>
				<misses>19737001</misses>
				<total>18</total>
				<timestamp>7098.214925</timestamp>
			</report>
			<report>
				<misses>19738001</misses>
				<total>18</total>
				<timestamp>7098.574496</timestamp>
			</report>
			<report>
				<misses>19739001</misses>
				<total>18</total>
				<timestamp>7098.934179</timestamp>
			</report>
			<report>
				<misses>19740001</misses>
				<total>18</total>
				<timestamp>7099.293821</timestamp>
			</report>
			<report>
				<misses>19741001</misses>
				<total>18</total>
				<timestamp>7099.653441</timestamp>
			</report>
			<report>
				<misses>19742001</misses>
				<total>18</total>
				<timestamp>7100.013117</timestamp>
			</report>
			<report>
				<misses>19743001</misses>
				<total>18</total>
				<timestamp>7100.372779</timestamp>
			</report>
			<report>
				<misses>19744001</misses>
				<total>18</total>
				<timestamp>7100.732339</timestamp>
			</report>
			<report>
				<misses>19745001</misses>
				<total>18</total>
				<timestamp>7101.092020</timestamp>
			</report>
			<report>
				<misses>19746001</misses>
				<total>18</total>
				<timestamp>7101.451736</timestamp>
			</report>
			<report>
				<misses>19747001</misses>
				<total>18</total>
				<timestamp>7101.811315</timestamp>
			</report>
			<report>
				<misses>19748001</misses>
				<total>18</total>
				<timestamp>7102.170974</timestamp>
			</report>
			<report>
				<misses>19749001</misses>
				<total>18</total>
				<timestamp>7102.530569</timestamp>
			</report>
			<report>
				<misses>19750001</misses>
				<total>18</total>
				<timestamp>7102.890175</timestamp>
			</report>
			<report>
				<misses>19751001</misses>
				<total>18</total>
				<timestamp>7103.249812</timestamp>
			</report>
			<report>
				<misses>19752001</misses>
				<total>18</total>
				<timestamp>7103.609454</timestamp>
			</report>
			<report>
				<misses>19753001</misses>
				<total>18</total>
				<timestamp>7103.969092</timestamp>
			</report>
			<report>
				<misses>19754001</misses>
				<total>18</total>
				<timestamp>7104.328789</timestamp>
			</report>
			<report>
				<misses>19755001</misses>
				<total>18</total>
				<timestamp>7104.688416</timestamp>
			</report>
			<report>
				<misses>19756001</misses>
				<total>18</total>
				<timestamp>7105.048024</timestamp>
			</report>
			<report>
				<misses>19757001</misses>
				<total>18</total>
				<timestamp>7105.407677</timestamp>
			</report>
			<report>
				<misses>19758001</misses>
				<total>18</total>
				<timestamp>7105.767347</timestamp>
			</report>
			<report>
				<misses>19759001</misses>
				<total>18</total>
				<timestamp>7106.127045</timestamp>
			</report>
			<report>
				<misses>19760001</misses>
				<total>18</total>
				<timestamp>7106.486603</timestamp>
			</report>
			<report>
				<misses>19761001</misses>
				<total>18</total>
				<timestamp>7106.846273</timestamp>
			</report>
			<report>
				<misses>19762001</misses>
				<total>18</total>
				<timestamp>7107.205932</timestamp>
			</report>
			<report>
				<misses>19763001</misses>
				<total>18</total>
				<timestamp>7107.565527</timestamp>
			</report>
			<report>
				<misses>19764001</misses>
				<total>18</total>
				<timestamp>7107.925186</timestamp>
			</report>
			<report>
				<misses>19765001</misses>
				<total>18</total>
				<timestamp>7108.284814</timestamp>
			</report>
			<report>
				<misses>19766001</misses>
				<total>18</total>
				<timestamp>7108.644467</timestamp>
			</report>
			<report>
				<misses>19767001</misses>
				<total>18</total>
				<timestamp>7109.004199</timestamp>
			</report>
			<report>
				<misses>19768001</misses>
				<total>18</total>
				<timestamp>7109.363795</timestamp>
			</report>
			<report>
				<misses>19769001</misses>
				<total>18</total>
				<timestamp>7109.723361</timestamp>
			</report>
			<report>
				<misses>19770001</misses>
				<total>18</total>
				<timestamp>7110.083045</timestamp>
			</report>
			<report>
				<misses>19771001</misses>
				<total>18</total>
				<timestamp>7110.442705</timestamp>
			</report>
			<report>
				<misses>19772001</misses>
				<total>18</total>
				<timestamp>7110.802277</timestamp>
			</report>
			<report>
				<misses>19773001</misses>
				<total>18</total>
				<timestamp>7111.161941</timestamp>
			</report>
			<report>
				<misses>19774001</misses>
				<total>18</total>
				<timestamp>7111.521553</timestamp>
			</report>
			<report>
				<misses>19775001</misses>
				<total>18</total>
				<timestamp>7111.881177</timestamp>
			</report>
			<report>
				<misses>19776001</misses>
				<total>18</total>
				<timestamp>7112.240809</timestamp>
			</report>
			<report>
				<misses>19777001</misses>
				<total>18</total>
				<timestamp>7112.600487</timestamp>
			</report>
			<report>
				<misses>19778001</misses>
				<total>18</total>
				<timestamp>7112.960116</timestamp>
			</report>
			<report>
				<misses>19779001</misses>
				<total>18</total>
				<timestamp>7113.319759</timestamp>
			</report>
			<report>
				<misses>19780001</misses>
				<total>18</total>
				<timestamp>7113.679401</timestamp>
			</report>
			<report>
				<misses>19781001</misses>
				<total>18</total>
				<timestamp>7114.039071</timestamp>
			</report>
			<report>
				<misses>19782001</misses>
				<total>18</total>
				<timestamp>7114.398704</timestamp>
			</report>
			<report>
				<misses>19783001</misses>
				<total>18</total>
				<timestamp>7114.758376</timestamp>
			</report>
			<report>
				<misses>19784001</misses>
				<total>18</total>
				<timestamp>7115.117997</timestamp>
			</report>
			<report>
				<misses>19785001</misses>
				<total>18</total>
				<timestamp>7115.477636</timestamp>
			</report>
			<report>
				<misses>19786001</misses>
				<total>18</total>
				<timestamp>7115.837254</timestamp>
			</report>
			<report>
				<misses>19787001</misses>
				<total>18</total>
				<timestamp>7116.196890</timestamp>
			</report>
			<report>
				<misses>19788001</misses>
				<total>18</total>
				<timestamp>7116.556492</timestamp>
			</report>
			<report>
				<misses>19789001</misses>
				<total>18</total>
				<timestamp>7116.916208</timestamp>
			</report>
			<report>
				<misses>19790001</misses>
				<total>18</total>
				<timestamp>7117.275818</timestamp>
			</report>
			<report>
				<misses>19791001</misses>
				<total>18</total>
				<timestamp>7117.635433</timestamp>
			</report>
			<report>
				<misses>19792001</misses>
				<total>18</total>
				<timestamp>7117.995057</timestamp>
			</report>
			<report>
				<misses>19793001</misses>
				<total>18</total>
				<timestamp>7118.354776</timestamp>
			</report>
			<report>
				<misses>19794001</misses>
				<total>18</total>
				<timestamp>7118.714332</timestamp>
			</report>
			<report>
				<misses>19795001</misses>
				<total>18</total>
				<timestamp>7119.073979</timestamp>
			</report>
			<report>
				<misses>19796001</misses>
				<total>18</total>
				<timestamp>7119.433640</timestamp>
			</report>
			<report>
				<misses>19797001</misses>
				<total>18</total>
				<timestamp>7119.793254</timestamp>
			</report>
			<report>
				<misses>19798001</misses>
				<total>18</total>
				<timestamp>7120.152942</timestamp>
			</report>
			<report>
				<misses>19799001</misses>
				<total>18</total>
				<timestamp>7120.512555</timestamp>
			</report>
			<report>
				<misses>19800001</misses>
				<total>18</total>
				<timestamp>7120.872225</timestamp>
			</report>
			<report>
				<misses>19801001</misses>
				<total>18</total>
				<timestamp>7121.231810</timestamp>
			</report>
			<report>
				<misses>19802001</misses>
				<total>18</total>
				<timestamp>7121.591497</timestamp>
			</report>
			<report>
				<misses>19803001</misses>
				<total>18</total>
				<timestamp>7121.951163</timestamp>
			</report>
			<report>
				<misses>19804001</misses>
				<total>18</total>
				<timestamp>7122.310742</timestamp>
			</report>
			<report>
				<misses>19805001</misses>
				<total>18</total>
				<timestamp>7122.670395</timestamp>
			</report>
			<report>
				<misses>19806001</misses>
				<total>18</total>
				<timestamp>7123.030108</timestamp>
			</report>
			<report>
				<misses>19807001</misses>
				<total>18</total>
				<timestamp>7123.389668</timestamp>
			</report>
			<report>
				<misses>19808001</misses>
				<total>18</total>
				<timestamp>7123.749331</timestamp>
			</report>
			<report>
				<misses>19809001</misses>
				<total>18</total>
				<timestamp>7124.108969</timestamp>
			</report>
			<report>
				<misses>19810001</misses>
				<total>18</total>
				<timestamp>7124.468596</timestamp>
			</report>
			<report>
				<misses>19811001</misses>
				<total>18</total>
				<timestamp>7124.828216</timestamp>
			</report>
			<report>
				<misses>19812001</misses>
				<total>18</total>
				<timestamp>7125.187886</timestamp>
			</report>
			<report>
				<misses>19813001</misses>
				<total>18</total>
				<timestamp>7125.547511</timestamp>
			</report>
			<report>
				<misses>19814001</misses>
				<total>18</total>
				<timestamp>7125.907180</timestamp>
			</report>
			<report>
				<misses>19815001</misses>
				<total>18</total>
				<timestamp>7126.266866</timestamp>
			</report>
			<report>
				<misses>19816001</misses>
				<total>18</total>
				<timestamp>7126.626496</timestamp>
			</report>
			<report>
				<misses>19817001</misses>
				<total>18</total>
				<timestamp>7126.986054</timestamp>
			</report>
			<report>
				<misses>19818001</misses>
				<total>18</total>
				<timestamp>7127.345709</timestamp>
			</report>
			<report>
				<misses>19819001</misses>
				<total>18</total>
				<timestamp>7127.705338</timestamp>
			</report>
			<report>
				<misses>19820001</misses>
				<total>18</total>
				<timestamp>7128.065024</timestamp>
			</report>
			<report>
				<misses>19821001</misses>
				<total>18</total>
				<timestamp>7128.424658</timestamp>
			</report>
			<report>
				<misses>19822001</misses>
				<total>18</total>
				<timestamp>7128.784263</timestamp>
			</report>
			<report>
				<misses>19823001</misses>
				<total>18</total>
				<timestamp>7129.143896</timestamp>
			</report>
			<report>
				<misses>19824001</misses>
				<total>18</total>
				<timestamp>7129.503628</timestamp>
			</report>
			<report>
				<misses>19825001</misses>
				<total>18</total>
				<timestamp>7129.863196</timestamp>
			</report>
			<report>
				<misses>19826001</misses>
				<total>18</total>
				<timestamp>7130.222859</timestamp>
			</report>
			<report>
				<misses>19827001</misses>
				<total>18</total>
				<timestamp>7130.582556</timestamp>
			</report>
			<report>
				<misses>19828001</misses>
				<total>18</total>
				<timestamp>7130.942122</timestamp>
			</report>
			<report>
				<misses>19829001</misses>
				<total>18</total>
				<timestamp>7131.301788</timestamp>
			</report>
			<report>
				<misses>19830001</misses>
				<total>18</total>
				<timestamp>7131.661393</timestamp>
			</report>
			<report>
				<misses>19831001</misses>
				<total>18</total>
				<timestamp>7132.021042</timestamp>
			</report>
			<report>
				<misses>19832001</misses>
				<total>18</total>
				<timestamp>7132.380684</timestamp>
			</report>
			<report>
				<misses>19833001</misses>
				<total>18</total>
				<timestamp>7132.740316</timestamp>
			</report>
			<report>
				<misses>19834001</misses>
				<total>18</total>
				<timestamp>7133.099937</timestamp>
			</report>
			<report>
				<misses>19835001</misses>
				<total>18</total>
				<timestamp>7133.459573</timestamp>
			</report>
			<report>
				<misses>19836001</misses>
				<total>18</total>
				<timestamp>7133.819242</timestamp>
			</report>
			<report>
				<misses>19837001</misses>
				<total>18</total>
				<timestamp>7134.178849</timestamp>
			</report>
			<report>
				<misses>19838001</misses>
				<total>18</total>
				<timestamp>7134.538491</timestamp>
			</report>
			<report>
				<misses>19839001</misses>
				<total>18</total>
				<timestamp>7134.898171</timestamp>
			</report>
			<report>
				<misses>19840001</misses>
				<total>18</total>
				<timestamp>7135.257842</timestamp>
			</report>
			<report>
				<misses>19841001</misses>
				<total>18</total>
				<timestamp>7135.617438</timestamp>
			</report>
			<report>
				<misses>19842001</misses>
				<total>18</total>
				<timestamp>7135.977066</timestamp>
			</report>
			<report>
				<misses>19843001</misses>
				<total>18</total>
				<timestamp>7136.336697</timestamp>
			</report>
			<report>
				<misses>19844001</misses>
				<total>18</total>
				<timestamp>7136.696330</timestamp>
			</report>
			<report>
				<misses>19845001</misses>
				<total>18</total>
				<timestamp>7137.056000</timestamp>
			</report>
			<report>
				<misses>19846001</misses>
				<total>18</total>
				<timestamp>7137.415684</timestamp>
			</report>
			<report>
				<misses>19847001</misses>
				<total>18</total>
				<timestamp>7137.775256</timestamp>
			</report>
			<report>
				<misses>19848001</misses>
				<total>18</total>
				<timestamp>7138.134980</timestamp>
			</report>
			<report>
				<misses>19849001</misses>
				<total>18</total>
				<timestamp>7138.494598</timestamp>
			</report>
			<report>
				<misses>19850001</misses>
				<total>18</total>
				<timestamp>7138.854191</timestamp>
			</report>
			<report>
				<misses>19851001</misses>
				<total>18</total>
				<timestamp>7139.213813</timestamp>
			</report>
			<report>
				<misses>19852001</misses>
				<total>18</total>
				<timestamp>7139.573511</timestamp>
			</report>
			<report>
				<misses>19853001</misses>
				<total>18</total>
				<timestamp>7139.933131</timestamp>
			</report>
			<report>
				<misses>19854001</misses>
				<total>19</total>
				<timestamp>7140.292796</timestamp>
			</report>
			<report>
				<misses>19855001</misses>
				<total>19</total>
				<timestamp>7140.652379</timestamp>
			</report>
			<report>
				<misses>19856001</misses>
				<total>19</total>
				<timestamp>7141.012036</timestamp>
			</report>
			<report>
				<misses>19857001</misses>
				<total>19</total>
				<timestamp>7141.371654</timestamp>
			</report>
			<report>
				<misses>19858001</misses>
				<total>19</total>
				<timestamp>7141.731352</timestamp>
			</report>
			<report>
				<misses>19859001</misses>
				<total>19</total>
				<timestamp>7142.090976</timestamp>
			</report>
			<report>
				<misses>19860001</misses>
				<total>19</total>
				<timestamp>7142.450603</timestamp>
			</report>
			<report>
				<misses>19861001</misses>
				<total>19</total>
				<timestamp>7142.810259</timestamp>
			</report>
			<report>
				<misses>19862001</misses>
				<total>19</total>
				<timestamp>7143.169904</timestamp>
			</report>
			<report>
				<misses>19863001</misses>
				<total>19</total>
				<timestamp>7143.529596</timestamp>
			</report>
			<report>
				<misses>19864001</misses>
				<total>19</total>
				<timestamp>7143.889190</timestamp>
			</report>
			<report>
				<misses>19865001</misses>
				<total>19</total>
				<timestamp>7144.248785</timestamp>
			</report>
			<report>
				<misses>19866001</misses>
				<total>19</total>
				<timestamp>7144.608502</timestamp>
			</report>
			<report>
				<misses>19867001</misses>
				<total>19</total>
				<timestamp>7144.968065</timestamp>
			</report>
			<report>
				<misses>19868001</misses>
				<total>19</total>
				<timestamp>7145.327784</timestamp>
			</report>
			<report>
				<misses>19869001</misses>
				<total>19</total>
				<timestamp>7145.687407</timestamp>
			</report>
			<report>
				<misses>19870001</misses>
				<total>19</total>
				<timestamp>7146.047016</timestamp>
			</report>
			<report>
				<misses>19871001</misses>
				<total>19</total>
				<timestamp>7146.406638</timestamp>
			</report>
			<report>
				<misses>19872001</misses>
				<total>19</total>
				<timestamp>7146.766264</timestamp>
			</report>
			<report>
				<misses>19873001</misses>
				<total>19</total>
				<timestamp>7147.125929</timestamp>
			</report>
			<report>
				<misses>19874001</misses>
				<total>19</total>
				<timestamp>7147.485564</timestamp>
			</report>
			<report>
				<misses>19875001</misses>
				<total>19</total>
				<timestamp>7147.845177</timestamp>
			</report>
			<report>
				<misses>19876001</misses>
				<total>19</total>
				<timestamp>7148.204867</timestamp>
			</report>
			<report>
				<misses>19877001</misses>
				<total>19</total>
				<timestamp>7148.564470</timestamp>
			</report>
			<report>
				<misses>19878001</misses>
				<total>19</total>
				<timestamp>7148.924155</timestamp>
			</report>
			<report>
				<misses>19879001</misses>
				<total>19</total>
				<timestamp>7149.283818</timestamp>
			</report>
			<report>
				<misses>19880001</misses>
				<total>19</total>
				<timestamp>7149.643451</timestamp>
			</report>
			<report>
				<misses>19881001</misses>
				<total>19</total>
				<timestamp>7150.003062</timestamp>
			</report>
			<report>
				<misses>19882001</misses>
				<total>19</total>
				<timestamp>7150.362683</timestamp>
			</report>
			<report>
				<misses>19883001</misses>
				<total>19</total>
				<timestamp>7150.722323</timestamp>
			</report>
			<report>
				<misses>19884001</misses>
				<total>19</total>
				<timestamp>7151.081934</timestamp>
			</report>
			<report>
				<misses>19885001</misses>
				<total>19</total>
				<timestamp>7151.441597</timestamp>
			</report>
			<report>
				<misses>19886001</misses>
				<total>19</total>
				<timestamp>7151.801242</timestamp>
			</report>
			<report>
				<misses>19887001</misses>
				<total>19</total>
				<timestamp>7152.160852</timestamp>
			</report>
			<report>
				<misses>19888001</misses>
				<total>19</total>
				<timestamp>7152.520563</timestamp>
			</report>
			<report>
				<misses>19889001</misses>
				<total>19</total>
				<timestamp>7152.880133</timestamp>
			</report>
			<report>
				<misses>19890001</misses>
				<total>19</total>
				<timestamp>7153.239867</timestamp>
			</report>
			<report>
				<misses>19891001</misses>
				<total>19</total>
				<timestamp>7153.599411</timestamp>
			</report>
			<report>
				<misses>19892001</misses>
				<total>19</total>
				<timestamp>7153.959059</timestamp>
			</report>
			<report>
				<misses>19893001</misses>
				<total>19</total>
				<timestamp>7154.318744</timestamp>
			</report>
			<report>
				<misses>19894001</misses>
				<total>19</total>
				<timestamp>7154.678353</timestamp>
			</report>
			<report>
				<misses>19895001</misses>
				<total>19</total>
				<timestamp>7155.038011</timestamp>
			</report>
			<report>
				<misses>19896001</misses>
				<total>19</total>
				<timestamp>7155.397619</timestamp>
			</report>
			<report>
				<misses>19897001</misses>
				<total>19</total>
				<timestamp>7155.757282</timestamp>
			</report>
			<report>
				<misses>19898001</misses>
				<total>19</total>
				<timestamp>7156.116966</timestamp>
			</report>
			<report>
				<misses>19899001</misses>
				<total>19</total>
				<timestamp>7156.476559</timestamp>
			</report>
			<report>
				<misses>19900001</misses>
				<total>19</total>
				<timestamp>7156.836248</timestamp>
			</report>
			<report>
				<misses>19901001</misses>
				<total>19</total>
				<timestamp>7157.195842</timestamp>
			</report>
			<report>
				<misses>19902001</misses>
				<total>19</total>
				<timestamp>7157.555480</timestamp>
			</report>
			<report>
				<misses>19903001</misses>
				<total>19</total>
				<timestamp>7157.915112</timestamp>
			</report>
			<report>
				<misses>19904001</misses>
				<total>19</total>
				<timestamp>7158.274755</timestamp>
			</report>
			<report>
				<misses>19905001</misses>
				<total>19</total>
				<timestamp>7158.634450</timestamp>
			</report>
			<report>
				<misses>19906001</misses>
				<total>19</total>
				<timestamp>7158.994071</timestamp>
			</report>
			<report>
				<misses>19907001</misses>
				<total>19</total>
				<timestamp>7159.353645</timestamp>
			</report>
			<report>
				<misses>19908001</misses>
				<total>19</total>
				<timestamp>7159.713331</timestamp>
			</report>
			<report>
				<misses>19909001</misses>
				<total>19</total>
				<timestamp>7160.072987</timestamp>
			</report>
			<report>
				<misses>19910001</misses>
				<total>19</total>
				<timestamp>7160.432579</timestamp>
			</report>
			<report>
				<misses>19911001</misses>
				<total>19</total>
				<timestamp>7160.792220</timestamp>
			</report>
			<report>
				<misses>19912001</misses>
				<total>19</total>
				<timestamp>7161.151858</timestamp>
			</report>
			<report>
				<misses>19913001</misses>
				<total>19</total>
				<timestamp>7161.511499</timestamp>
			</report>
			<report>
				<misses>19914001</misses>
				<total>19</total>
				<timestamp>7161.871142</timestamp>
			</report>
			<report>
				<misses>19915001</misses>
				<total>19</total>
				<timestamp>7162.230805</timestamp>
			</report>
			<report>
				<misses>19916001</misses>
				<total>19</total>
				<timestamp>7162.590453</timestamp>
			</report>
			<report>
				<misses>19917001</misses>
				<total>19</total>
				<timestamp>7162.950114</timestamp>
			</report>
			<report>
				<misses>19918001</misses>
				<total>19</total>
				<timestamp>7163.309773</timestamp>
			</report>
			<report>
				<misses>19919001</misses>
				<total>19</total>
				<timestamp>7163.669360</timestamp>
			</report>
			<report>
				<misses>19920001</misses>
				<total>19</total>
				<timestamp>7164.029001</timestamp>
			</report>
			<report>
				<misses>19921001</misses>
				<total>19</total>
				<timestamp>7164.388630</timestamp>
			</report>
			<report>
				<misses>19922001</misses>
				<total>19</total>
				<timestamp>7164.748314</timestamp>
			</report>
			<report>
				<misses>19923001</misses>
				<total>19</total>
				<timestamp>7165.107893</timestamp>
			</report>
			<report>
				<misses>19924001</misses>
				<total>19</total>
				<timestamp>7165.467584</timestamp>
			</report>
			<report>
				<misses>19925001</misses>
				<total>19</total>
				<timestamp>7165.827215</timestamp>
			</report>
			<report>
				<misses>19926001</misses>
				<total>19</total>
				<timestamp>7166.186822</timestamp>
			</report>
			<report>
				<misses>19927001</misses>
				<total>19</total>
				<timestamp>7166.546509</timestamp>
			</report>
			<report>
				<misses>19928001</misses>
				<total>19</total>
				<timestamp>7166.906095</timestamp>
			</report>
			<report>
				<misses>19929001</misses>
				<total>19</total>
				<timestamp>7167.265741</timestamp>
			</report>
			<report>
				<misses>19930001</misses>
				<total>19</total>
				<timestamp>7167.625405</timestamp>
			</report>
			<report>
				<misses>19931001</misses>
				<total>19</total>
				<timestamp>7167.985014</timestamp>
			</report>
			<report>
				<misses>19932001</misses>
				<total>19</total>
				<timestamp>7168.344667</timestamp>
			</report>
			<report>
				<misses>19933001</misses>
				<total>19</total>
				<timestamp>7168.704327</timestamp>
			</report>
			<report>
				<misses>19934001</misses>
				<total>19</total>
				<timestamp>7169.063984</timestamp>
			</report>
			<report>
				<misses>19935001</misses>
				<total>19</total>
				<timestamp>7169.423621</timestamp>
			</report>
			<report>
				<misses>19936001</misses>
				<total>19</total>
				<timestamp>7169.783215</timestamp>
			</report>
			<report>
				<misses>19937001</misses>
				<total>19</total>
				<timestamp>7170.142841</timestamp>
			</report>
			<report>
				<misses>19938001</misses>
				<total>19</total>
				<timestamp>7170.502505</timestamp>
			</report>
			<report>
				<misses>19939001</misses>
				<total>19</total>
				<timestamp>7170.862136</timestamp>
			</report>
			<report>
				<misses>19940001</misses>
				<total>19</total>
				<timestamp>7171.221773</timestamp>
			</report>
			<report>
				<misses>19941001</misses>
				<total>19</total>
				<timestamp>7171.581429</timestamp>
			</report>
			<report>
				<misses>19942001</misses>
				<total>19</total>
				<timestamp>7171.941156</timestamp>
			</report>
			<report>
				<misses>19943001</misses>
				<total>19</total>
				<timestamp>7172.300751</timestamp>
			</report>
			<report>
				<misses>19944001</misses>
				<total>19</total>
				<timestamp>7172.660376</timestamp>
			</report>
			<report>
				<misses>19945001</misses>
				<total>19</total>
				<timestamp>7173.019993</timestamp>
			</report>
			<report>
				<misses>19946001</misses>
				<total>19</total>
				<timestamp>7173.379661</timestamp>
			</report>
			<report>
				<misses>19947001</misses>
				<total>19</total>
				<timestamp>7173.739293</timestamp>
			</report>
			<report>
				<misses>19948001</misses>
				<total>19</total>
				<timestamp>7174.098924</timestamp>
			</report>
			<report>
				<misses>19949001</misses>
				<total>19</total>
				<timestamp>7174.458535</timestamp>
			</report>
			<report>
				<misses>19950001</misses>
				<total>19</total>
				<timestamp>7174.818241</timestamp>
			</report>
			<report>
				<misses>19951001</misses>
				<total>19</total>
				<timestamp>7175.177843</timestamp>
			</report>
			<report>
				<misses>19952001</misses>
				<total>19</total>
				<timestamp>7175.537486</timestamp>
			</report>
			<report>
				<misses>19953001</misses>
				<total>19</total>
				<timestamp>7175.897159</timestamp>
			</report>
			<report>
				<misses>19954001</misses>
				<total>19</total>
				<timestamp>7176.256834</timestamp>
			</report>
			<report>
				<misses>19955001</misses>
				<total>19</total>
				<timestamp>7176.616440</timestamp>
			</report>
			<report>
				<misses>19956001</misses>
				<total>19</total>
				<timestamp>7176.976043</timestamp>
			</report>
			<report>
				<misses>19957001</misses>
				<total>19</total>
				<timestamp>7177.335653</timestamp>
			</report>
			<report>
				<misses>19958001</misses>
				<total>19</total>
				<timestamp>7177.695366</timestamp>
			</report>
			<report>
				<misses>19959001</misses>
				<total>19</total>
				<timestamp>7178.054950</timestamp>
			</report>
			<report>
				<misses>19960001</misses>
				<total>19</total>
				<timestamp>7178.414632</timestamp>
			</report>
			<report>
				<misses>19961001</misses>
				<total>19</total>
				<timestamp>7178.774276</timestamp>
			</report>
			<report>
				<misses>19962001</misses>
				<total>19</total>
				<timestamp>7179.133921</timestamp>
			</report>
			<report>
				<misses>19963001</misses>
				<total>19</total>
				<timestamp>7179.493535</timestamp>
			</report>
			<report>
				<misses>19964001</misses>
				<total>19</total>
				<timestamp>7179.853182</timestamp>
			</report>
			<report>
				<misses>19965001</misses>
				<total>19</total>
				<timestamp>7180.212799</timestamp>
			</report>
			<report>
				<misses>19966001</misses>
				<total>19</total>
				<timestamp>7180.572412</timestamp>
			</report>
			<report>
				<misses>19967001</misses>
				<total>19</total>
				<timestamp>7180.932054</timestamp>
			</report>
			<report>
				<misses>19968001</misses>
				<total>19</total>
				<timestamp>7181.291688</timestamp>
			</report>
			<report>
				<misses>19969001</misses>
				<total>19</total>
				<timestamp>7181.651404</timestamp>
			</report>
			<report>
				<misses>19970001</misses>
				<total>19</total>
				<timestamp>7182.011044</timestamp>
			</report>
			<report>
				<misses>19971001</misses>
				<total>19</total>
				<timestamp>7182.370605</timestamp>
			</report>
			<report>
				<misses>19972001</misses>
				<total>19</total>
				<timestamp>7182.730422</timestamp>
			</report>
			<report>
				<misses>19973001</misses>
				<total>19</total>
				<timestamp>7183.089950</timestamp>
			</report>
			<report>
				<misses>19974001</misses>
				<total>19</total>
				<timestamp>7183.449525</timestamp>
			</report>
			<report>
				<misses>19975001</misses>
				<total>19</total>
				<timestamp>7183.809194</timestamp>
			</report>
			<report>
				<misses>19976001</misses>
				<total>19</total>
				<timestamp>7184.168816</timestamp>
			</report>
			<report>
				<misses>19977001</misses>
				<total>19</total>
				<timestamp>7184.528523</timestamp>
			</report>
			<report>
				<misses>19978001</misses>
				<total>19</total>
				<timestamp>7184.888151</timestamp>
			</report>
			<report>
				<misses>19979001</misses>
				<total>19</total>
				<timestamp>7185.247774</timestamp>
			</report>
			<report>
				<misses>19980001</misses>
				<total>19</total>
				<timestamp>7185.607412</timestamp>
			</report>
			<report>
				<misses>19981001</misses>
				<total>19</total>
				<timestamp>7185.967053</timestamp>
			</report>
			<report>
				<misses>19982001</misses>
				<total>19</total>
				<timestamp>7186.326679</timestamp>
			</report>
			<report>
				<misses>19983001</misses>
				<total>19</total>
				<timestamp>7186.686350</timestamp>
			</report>
			<report>
				<misses>19984001</misses>
				<total>19</total>
				<timestamp>7187.045981</timestamp>
			</report>
			<report>
				<misses>19985001</misses>
				<total>19</total>
				<timestamp>7187.405612</timestamp>
			</report>
			<report>
				<misses>19986001</misses>
				<total>19</total>
				<timestamp>7187.765229</timestamp>
			</report>
			<report>
				<misses>19987001</misses>
				<total>19</total>
				<timestamp>7188.124857</timestamp>
			</report>
			<report>
				<misses>19988001</misses>
				<total>19</total>
				<timestamp>7188.484483</timestamp>
			</report>
			<report>
				<misses>19989001</misses>
				<total>19</total>
				<timestamp>7188.844167</timestamp>
			</report>
			<report>
				<misses>19990001</misses>
				<total>19</total>
				<timestamp>7189.203780</timestamp>
			</report>
			<report>
				<misses>19991001</misses>
				<total>19</total>
				<timestamp>7189.563461</timestamp>
			</report>
			<report>
				<misses>19992001</misses>
				<total>19</total>
				<timestamp>7189.923075</timestamp>
			</report>
			<report>
				<misses>19993001</misses>
				<total>19</total>
				<timestamp>7190.282736</timestamp>
			</report>
			<report>
				<misses>19994001</misses>
				<total>19</total>
				<timestamp>7190.642403</timestamp>
			</report>
			<report>
				<misses>19995001</misses>
				<total>19</total>
				<timestamp>7191.002005</timestamp>
			</report>
			<report>
				<misses>19996001</misses>
				<total>19</total>
				<timestamp>7191.361643</timestamp>
			</report>
			<report>
				<misses>19997001</misses>
				<total>19</total>
				<timestamp>7191.721343</timestamp>
			</report>
			<report>
				<misses>19998001</misses>
				<total>19</total>
				<timestamp>7192.080930</timestamp>
			</report>
			<report>
				<misses>19999001</misses>
				<total>19</total>
				<timestamp>7192.440619</timestamp>
			</report>
			<report>
				<misses>20000001</misses>
				<total>19</total>
				<timestamp>7192.800188</timestamp>
			</report>
			<report>
				<misses>20001001</misses>
				<total>19</total>
				<timestamp>7193.159830</timestamp>
			</report>
			<report>
				<misses>20002001</misses>
				<total>19</total>
				<timestamp>7193.519444</timestamp>
			</report>
			<report>
				<misses>20003001</misses>
				<total>19</total>
				<timestamp>7193.879127</timestamp>
			</report>
			<report>
				<misses>20004001</misses>
				<total>19</total>
				<timestamp>7194.238741</timestamp>
			</report>
			<report>
				<misses>20005001</misses>
				<total>19</total>
				<timestamp>7194.598379</timestamp>
			</report>
			<report>
				<misses>20006001</misses>
				<total>19</total>
				<timestamp>7194.958047</timestamp>
			</report>
			<report>
				<misses>20007001</misses>
				<total>19</total>
				<timestamp>7195.317675</timestamp>
			</report>
			<report>
				<misses>20008001</misses>
				<total>19</total>
				<timestamp>7195.677404</timestamp>
			</report>
			<report>
				<misses>20009001</misses>
				<total>19</total>
				<timestamp>7196.036977</timestamp>
			</report>
			<report>
				<misses>20010001</misses>
				<total>19</total>
				<timestamp>7196.396575</timestamp>
			</report>
			<report>
				<misses>20011001</misses>
				<total>19</total>
				<timestamp>7196.756262</timestamp>
			</report>
			<report>
				<misses>20012001</misses>
				<total>19</total>
				<timestamp>7197.115890</timestamp>
			</report>
			<report>
				<misses>20013001</misses>
				<total>19</total>
				<timestamp>7197.475493</timestamp>
			</report>
			<report>
				<misses>20014001</misses>
				<total>19</total>
				<timestamp>7197.835235</timestamp>
			</report>
			<report>
				<misses>20015001</misses>
				<total>19</total>
				<timestamp>7198.194787</timestamp>
			</report>
			<report>
				<misses>20016001</misses>
				<total>19</total>
				<timestamp>7198.554431</timestamp>
			</report>
			<report>
				<misses>20017001</misses>
				<total>19</total>
				<timestamp>7198.914065</timestamp>
			</report>
			<report>
				<misses>20018001</misses>
				<total>19</total>
				<timestamp>7199.273739</timestamp>
			</report>
		</query>
	</custom>
	<ethtool_statistic>
		<rx_packets>
			<start>11938224095</start>
			<end>12459079296</end>
		</rx_packets>
		<tx_packets>
			<start>19338389383</start>
			<end>20221430716</end>
		</tx_packets>
		<rx_dropped>
			<start>1251</start>
			<end>1251</end>
		</rx_dropped>
		<tx_dropped>
			<start>0</start>
			<end>0</end>
		</tx_dropped>
		<collisions>
			<start>0</start>
			<end>0</end>
		</collisions>
		<port_tx_errors>
			<start>0</start>
			<end>0</end>
		</port_tx_errors>
		<port_rx_dropped>
			<start>0</start>
			<end>0</end>
		</port_rx_dropped>
		<port_tx_dropped_link_down>
			<start>0</start>
			<end>0</end>
		</port_tx_dropped_link_down>
	</ethtool_statistic>
	<ip_statistic>
		<mtu>
			<start>9000</start>
			<end>9000</end>
		</mtu>
		<rx_bytes>
			<start>48541363782385</start>
			<end>50827059671419</end>
		</rx_bytes>
		<rx_packets>
			<start>11938224159</start>
			<end>12459079402</end>
		</rx_packets>
		<rx_errors>
			<start>0</start>
			<end>0</end>
		</rx_errors>
		<rx_dropped>
			<start>1251</start>
			<end>1251</end>
		</rx_dropped>
		<rx_missed>
			<start>0</start>
			<end>0</end>
		</rx_missed>
		<rx_mcast>
			<start>5569</start>
			<end>5656</end>
		</rx_mcast>
		<tx_bytes>
			<start>68566078616510</start>
			<end>71703721349676</end>
		</tx_bytes>
		<tx_packets>
			<start>19338389411</start>
			<end>20221430934</end>
		</tx_packets>
		<tx_errors>
			<start>0</start>
			<end>0</end>
		</tx_errors>
		<tx_dropped>
			<start>0</start>
			<end>0</end>
		</tx_dropped>
		<tx_carrier>
			<start>0</start>
			<end>0</end>
		</tx_carrier>
		<tx_collisions>
			<start>0</start>
			<end>0</end>
		</tx_collisions>
	</ip_statistic>
	<netstat_statistic>
		<udp_pkg_rec>
			<start>10120019487</start>
			<end>10580007629</end>
		</udp_pkg_rec>
		<udp_pkg_snt>
			<start>16578268841</start>
			<end>17321358621</end>
		</udp_pkg_snt>
		<udp_rec_err>
			<start>1820414866</start>
			<end>1881318612</end>
		</udp_rec_err>
		<udp_rec_buf_err>
			<start>1820414866</start>
			<end>1881318612</end>
		</udp_rec_buf_err>
		<udp_snt_buf_err>
			<start>0</start>
			<end>0</end>
		</udp_snt_buf_err>
	</netstat_statistic>
</test_results>
