<?xml version="1.0"?>
<test_results>
	<status>STATUS_SUCCESS</status>
	<custom>
		<num_loss>0</num_loss>
		<num_total>1133563690</num_total>
		<num_misses>1746402219</num_misses>
		<elapsed_time>7199.886437</elapsed_time>
		<query>
			<report>
				<misses>100001</misses>
				<total>0</total>
				<timestamp>0.639289</timestamp>
			</report>
			<report>
				<misses>200001</misses>
				<total>0</total>
				<timestamp>1.279862</timestamp>
			</report>
			<report>
				<misses>300001</misses>
				<total>0</total>
				<timestamp>1.954180</timestamp>
			</report>
			<report>
				<misses>400001</misses>
				<total>0</total>
				<timestamp>2.632056</timestamp>
			</report>
			<report>
				<misses>500001</misses>
				<total>0</total>
				<timestamp>3.315016</timestamp>
			</report>
			<report>
				<misses>600001</misses>
				<total>0</total>
				<timestamp>4.006572</timestamp>
			</report>
			<report>
				<misses>700001</misses>
				<total>0</total>
				<timestamp>4.691380</timestamp>
			</report>
			<report>
				<misses>800001</misses>
				<total>0</total>
				<timestamp>5.325201</timestamp>
			</report>
			<report>
				<misses>900001</misses>
				<total>0</total>
				<timestamp>5.954555</timestamp>
			</report>
			<report>
				<misses>1000001</misses>
				<total>0</total>
				<timestamp>6.587524</timestamp>
			</report>
			<report>
				<misses>1100001</misses>
				<total>0</total>
				<timestamp>7.216978</timestamp>
			</report>
			<report>
				<misses>1200001</misses>
				<total>0</total>
				<timestamp>7.849347</timestamp>
			</report>
			<report>
				<misses>1300001</misses>
				<total>0</total>
				<timestamp>8.481257</timestamp>
			</report>
			<report>
				<misses>1400001</misses>
				<total>0</total>
				<timestamp>9.116452</timestamp>
			</report>
			<report>
				<misses>1500001</misses>
				<total>0</total>
				<timestamp>9.740840</timestamp>
			</report>
			<report>
				<misses>1600001</misses>
				<total>0</total>
				<timestamp>10.372536</timestamp>
			</report>
			<report>
				<misses>1700001</misses>
				<total>0</total>
				<timestamp>11.010269</timestamp>
			</report>
			<report>
				<misses>1800001</misses>
				<total>0</total>
				<timestamp>11.649428</timestamp>
			</report>
			<report>
				<misses>1900001</misses>
				<total>0</total>
				<timestamp>12.285639</timestamp>
			</report>
			<report>
				<misses>2000001</misses>
				<total>0</total>
				<timestamp>12.916823</timestamp>
			</report>
			<report>
				<misses>2100001</misses>
				<total>0</total>
				<timestamp>13.547847</timestamp>
			</report>
			<report>
				<misses>2200001</misses>
				<total>0</total>
				<timestamp>14.189126</timestamp>
			</report>
			<report>
				<misses>2300001</misses>
				<total>0</total>
				<timestamp>14.827200</timestamp>
			</report>
			<report>
				<misses>2400001</misses>
				<total>0</total>
				<timestamp>15.468966</timestamp>
			</report>
			<report>
				<misses>2500001</misses>
				<total>0</total>
				<timestamp>16.109556</timestamp>
			</report>
			<report>
				<misses>2600001</misses>
				<total>0</total>
				<timestamp>16.763703</timestamp>
			</report>
			<report>
				<misses>2700001</misses>
				<total>0</total>
				<timestamp>17.396811</timestamp>
			</report>
			<report>
				<misses>2800001</misses>
				<total>0</total>
				<timestamp>18.030150</timestamp>
			</report>
			<report>
				<misses>2900001</misses>
				<total>0</total>
				<timestamp>18.662464</timestamp>
			</report>
			<report>
				<misses>3000001</misses>
				<total>0</total>
				<timestamp>19.296092</timestamp>
			</report>
			<report>
				<misses>3100001</misses>
				<total>0</total>
				<timestamp>19.933921</timestamp>
			</report>
			<report>
				<misses>3200001</misses>
				<total>0</total>
				<timestamp>20.566758</timestamp>
			</report>
			<report>
				<misses>3300001</misses>
				<total>0</total>
				<timestamp>21.202360</timestamp>
			</report>
			<report>
				<misses>3400001</misses>
				<total>0</total>
				<timestamp>21.841022</timestamp>
			</report>
			<report>
				<misses>3500001</misses>
				<total>0</total>
				<timestamp>22.519255</timestamp>
			</report>
			<report>
				<misses>3600001</misses>
				<total>0</total>
				<timestamp>23.198646</timestamp>
			</report>
			<report>
				<misses>3700001</misses>
				<total>0</total>
				<timestamp>23.843431</timestamp>
			</report>
			<report>
				<misses>3800001</misses>
				<total>0</total>
				<timestamp>24.478118</timestamp>
			</report>
			<report>
				<misses>3900001</misses>
				<total>0</total>
				<timestamp>25.120386</timestamp>
			</report>
			<report>
				<misses>4000001</misses>
				<total>0</total>
				<timestamp>25.771841</timestamp>
			</report>
			<report>
				<misses>4100001</misses>
				<total>0</total>
				<timestamp>26.402896</timestamp>
			</report>
			<report>
				<misses>4200001</misses>
				<total>0</total>
				<timestamp>27.031117</timestamp>
			</report>
			<report>
				<misses>4300001</misses>
				<total>0</total>
				<timestamp>27.659387</timestamp>
			</report>
			<report>
				<misses>4400001</misses>
				<total>0</total>
				<timestamp>28.289772</timestamp>
			</report>
			<report>
				<misses>4500001</misses>
				<total>0</total>
				<timestamp>28.917661</timestamp>
			</report>
			<report>
				<misses>4600001</misses>
				<total>0</total>
				<timestamp>29.546565</timestamp>
			</report>
			<report>
				<misses>4700001</misses>
				<total>0</total>
				<timestamp>30.175300</timestamp>
			</report>
			<report>
				<misses>4800001</misses>
				<total>0</total>
				<timestamp>30.803718</timestamp>
			</report>
			<report>
				<misses>4900001</misses>
				<total>0</total>
				<timestamp>31.432433</timestamp>
			</report>
			<report>
				<misses>5000001</misses>
				<total>0</total>
				<timestamp>32.060986</timestamp>
			</report>
			<report>
				<misses>5100001</misses>
				<total>0</total>
				<timestamp>32.689283</timestamp>
			</report>
			<report>
				<misses>5200001</misses>
				<total>0</total>
				<timestamp>33.317581</timestamp>
			</report>
			<report>
				<misses>5300001</misses>
				<total>0</total>
				<timestamp>33.950098</timestamp>
			</report>
			<report>
				<misses>5400001</misses>
				<total>0</total>
				<timestamp>34.580989</timestamp>
			</report>
			<report>
				<misses>5500001</misses>
				<total>0</total>
				<timestamp>35.211892</timestamp>
			</report>
			<report>
				<misses>5600001</misses>
				<total>0</total>
				<timestamp>35.846285</timestamp>
			</report>
			<report>
				<misses>5700001</misses>
				<total>0</total>
				<timestamp>36.478115</timestamp>
			</report>
			<report>
				<misses>5800001</misses>
				<total>0</total>
				<timestamp>37.108651</timestamp>
			</report>
			<report>
				<misses>5900001</misses>
				<total>0</total>
				<timestamp>37.737649</timestamp>
			</report>
			<report>
				<misses>6000001</misses>
				<total>0</total>
				<timestamp>38.367209</timestamp>
			</report>
			<report>
				<misses>6100001</misses>
				<total>0</total>
				<timestamp>39.003157</timestamp>
			</report>
			<report>
				<misses>6200001</misses>
				<total>0</total>
				<timestamp>39.634776</timestamp>
			</report>
			<report>
				<misses>6300001</misses>
				<total>0</total>
				<timestamp>40.265911</timestamp>
			</report>
			<report>
				<misses>6400001</misses>
				<total>0</total>
				<timestamp>40.904661</timestamp>
			</report>
			<report>
				<misses>6500001</misses>
				<total>0</total>
				<timestamp>41.533893</timestamp>
			</report>
			<report>
				<misses>6600001</misses>
				<total>0</total>
				<timestamp>42.168544</timestamp>
			</report>
			<report>
				<misses>6700001</misses>
				<total>0</total>
				<timestamp>42.801530</timestamp>
			</report>
			<report>
				<misses>6800001</misses>
				<total>0</total>
				<timestamp>43.434384</timestamp>
			</report>
			<report>
				<misses>6900001</misses>
				<total>0</total>
				<timestamp>44.065347</timestamp>
			</report>
			<report>
				<misses>7000001</misses>
				<total>0</total>
				<timestamp>44.696568</timestamp>
			</report>
			<report>
				<misses>7100001</misses>
				<total>0</total>
				<timestamp>45.330282</timestamp>
			</report>
			<report>
				<misses>7200001</misses>
				<total>0</total>
				<timestamp>45.961050</timestamp>
			</report>
			<report>
				<misses>7300001</misses>
				<total>0</total>
				<timestamp>46.592167</timestamp>
			</report>
			<report>
				<misses>7400001</misses>
				<total>0</total>
				<timestamp>47.223055</timestamp>
			</report>
			<report>
				<misses>7500001</misses>
				<total>0</total>
				<timestamp>47.853837</timestamp>
			</report>
			<report>
				<misses>7600001</misses>
				<total>0</total>
				<timestamp>48.484921</timestamp>
			</report>
			<report>
				<misses>7700001</misses>
				<total>0</total>
				<timestamp>49.118382</timestamp>
			</report>
			<report>
				<misses>7800001</misses>
				<total>0</total>
				<timestamp>49.751461</timestamp>
			</report>
			<report>
				<misses>7900001</misses>
				<total>0</total>
				<timestamp>50.381885</timestamp>
			</report>
			<report>
				<misses>8000001</misses>
				<total>0</total>
				<timestamp>51.012477</timestamp>
			</report>
			<report>
				<misses>8100001</misses>
				<total>0</total>
				<timestamp>51.647900</timestamp>
			</report>
			<report>
				<misses>8200001</misses>
				<total>0</total>
				<timestamp>52.279633</timestamp>
			</report>
			<report>
				<misses>8300001</misses>
				<total>0</total>
				<timestamp>52.913328</timestamp>
			</report>
			<report>
				<misses>8400001</misses>
				<total>0</total>
				<timestamp>53.548503</timestamp>
			</report>
			<report>
				<misses>8500001</misses>
				<total>0</total>
				<timestamp>54.178851</timestamp>
			</report>
			<report>
				<misses>8600001</misses>
				<total>0</total>
				<timestamp>54.819159</timestamp>
			</report>
			<report>
				<misses>8700001</misses>
				<total>0</total>
				<timestamp>55.449792</timestamp>
			</report>
			<report>
				<misses>8800001</misses>
				<total>0</total>
				<timestamp>56.088067</timestamp>
			</report>
			<report>
				<misses>8900001</misses>
				<total>0</total>
				<timestamp>56.718511</timestamp>
			</report>
			<report>
				<misses>9000001</misses>
				<total>0</total>
				<timestamp>57.358954</timestamp>
			</report>
			<report>
				<misses>9100001</misses>
				<total>0</total>
				<timestamp>57.993029</timestamp>
			</report>
			<report>
				<misses>9200001</misses>
				<total>0</total>
				<timestamp>58.651398</timestamp>
			</report>
			<report>
				<misses>9300001</misses>
				<total>0</total>
				<timestamp>59.288610</timestamp>
			</report>
			<report>
				<misses>9400001</misses>
				<total>0</total>
				<timestamp>59.924063</timestamp>
			</report>
			<report>
				<misses>9500001</misses>
				<total>0</total>
				<timestamp>60.553100</timestamp>
			</report>
			<report>
				<misses>9600001</misses>
				<total>0</total>
				<timestamp>61.198435</timestamp>
			</report>
			<report>
				<misses>9700001</misses>
				<total>0</total>
				<timestamp>61.827857</timestamp>
			</report>
			<report>
				<misses>9800001</misses>
				<total>0</total>
				<timestamp>62.464786</timestamp>
			</report>
			<report>
				<misses>9900001</misses>
				<total>0</total>
				<timestamp>63.114868</timestamp>
			</report>
			<report>
				<misses>10000001</misses>
				<total>0</total>
				<timestamp>63.756219</timestamp>
			</report>
			<report>
				<misses>10100001</misses>
				<total>0</total>
				<timestamp>64.388072</timestamp>
			</report>
			<report>
				<misses>10200001</misses>
				<total>0</total>
				<timestamp>65.027598</timestamp>
			</report>
			<report>
				<misses>10300001</misses>
				<total>0</total>
				<timestamp>65.662526</timestamp>
			</report>
			<report>
				<misses>10400001</misses>
				<total>0</total>
				<timestamp>66.301573</timestamp>
			</report>
			<report>
				<misses>10500001</misses>
				<total>0</total>
				<timestamp>66.945658</timestamp>
			</report>
			<report>
				<misses>10600001</misses>
				<total>0</total>
				<timestamp>67.585088</timestamp>
			</report>
			<report>
				<misses>10700001</misses>
				<total>0</total>
				<timestamp>68.224406</timestamp>
			</report>
			<report>
				<misses>10800001</misses>
				<total>0</total>
				<timestamp>68.887655</timestamp>
			</report>
			<report>
				<misses>10900001</misses>
				<total>0</total>
				<timestamp>69.517652</timestamp>
			</report>
			<report>
				<misses>11000001</misses>
				<total>0</total>
				<timestamp>70.158972</timestamp>
			</report>
			<report>
				<misses>11100001</misses>
				<total>0</total>
				<timestamp>70.810922</timestamp>
			</report>
			<report>
				<misses>11200001</misses>
				<total>0</total>
				<timestamp>71.460353</timestamp>
			</report>
			<report>
				<misses>11300001</misses>
				<total>0</total>
				<timestamp>72.096308</timestamp>
			</report>
			<report>
				<misses>11400001</misses>
				<total>0</total>
				<timestamp>72.726171</timestamp>
			</report>
			<report>
				<misses>11500001</misses>
				<total>0</total>
				<timestamp>73.355760</timestamp>
			</report>
			<report>
				<misses>11600001</misses>
				<total>0</total>
				<timestamp>73.988986</timestamp>
			</report>
			<report>
				<misses>11700001</misses>
				<total>0</total>
				<timestamp>74.624572</timestamp>
			</report>
			<report>
				<misses>11800001</misses>
				<total>0</total>
				<timestamp>75.275471</timestamp>
			</report>
			<report>
				<misses>11900001</misses>
				<total>0</total>
				<timestamp>75.917624</timestamp>
			</report>
			<report>
				<misses>12000001</misses>
				<total>0</total>
				<timestamp>76.547122</timestamp>
			</report>
			<report>
				<misses>12100001</misses>
				<total>0</total>
				<timestamp>77.195436</timestamp>
			</report>
			<report>
				<misses>12200001</misses>
				<total>0</total>
				<timestamp>77.825969</timestamp>
			</report>
			<report>
				<misses>12300001</misses>
				<total>0</total>
				<timestamp>78.477511</timestamp>
			</report>
			<report>
				<misses>12400001</misses>
				<total>0</total>
				<timestamp>79.129079</timestamp>
			</report>
			<report>
				<misses>12500001</misses>
				<total>0</total>
				<timestamp>79.758891</timestamp>
			</report>
			<report>
				<misses>12600001</misses>
				<total>0</total>
				<timestamp>80.392131</timestamp>
			</report>
			<report>
				<misses>12700001</misses>
				<total>0</total>
				<timestamp>81.023231</timestamp>
			</report>
			<report>
				<misses>12800001</misses>
				<total>0</total>
				<timestamp>81.672892</timestamp>
			</report>
			<report>
				<misses>12900001</misses>
				<total>0</total>
				<timestamp>82.322422</timestamp>
			</report>
			<report>
				<misses>13000001</misses>
				<total>0</total>
				<timestamp>82.956427</timestamp>
			</report>
			<report>
				<misses>13100001</misses>
				<total>0</total>
				<timestamp>83.587020</timestamp>
			</report>
			<report>
				<misses>13200001</misses>
				<total>0</total>
				<timestamp>84.216679</timestamp>
			</report>
			<report>
				<misses>13300001</misses>
				<total>0</total>
				<timestamp>84.847785</timestamp>
			</report>
			<report>
				<misses>13400001</misses>
				<total>0</total>
				<timestamp>85.478278</timestamp>
			</report>
			<report>
				<misses>13500001</misses>
				<total>0</total>
				<timestamp>86.125161</timestamp>
			</report>
			<report>
				<misses>13600001</misses>
				<total>0</total>
				<timestamp>86.766452</timestamp>
			</report>
			<report>
				<misses>13700001</misses>
				<total>0</total>
				<timestamp>87.404207</timestamp>
			</report>
			<report>
				<misses>13800001</misses>
				<total>0</total>
				<timestamp>88.041071</timestamp>
			</report>
			<report>
				<misses>13900001</misses>
				<total>0</total>
				<timestamp>88.678783</timestamp>
			</report>
			<report>
				<misses>14000001</misses>
				<total>0</total>
				<timestamp>89.316391</timestamp>
			</report>
			<report>
				<misses>14100001</misses>
				<total>0</total>
				<timestamp>89.953809</timestamp>
			</report>
			<report>
				<misses>14200001</misses>
				<total>0</total>
				<timestamp>90.591819</timestamp>
			</report>
			<report>
				<misses>14300001</misses>
				<total>0</total>
				<timestamp>91.229644</timestamp>
			</report>
			<report>
				<misses>14400001</misses>
				<total>0</total>
				<timestamp>91.867858</timestamp>
			</report>
			<report>
				<misses>14500001</misses>
				<total>0</total>
				<timestamp>92.505466</timestamp>
			</report>
			<report>
				<misses>14600001</misses>
				<total>0</total>
				<timestamp>93.143094</timestamp>
			</report>
			<report>
				<misses>14700001</misses>
				<total>0</total>
				<timestamp>93.780236</timestamp>
			</report>
			<report>
				<misses>14800001</misses>
				<total>0</total>
				<timestamp>94.417511</timestamp>
			</report>
			<report>
				<misses>14900001</misses>
				<total>0</total>
				<timestamp>95.057874</timestamp>
			</report>
			<report>
				<misses>15000001</misses>
				<total>0</total>
				<timestamp>95.694407</timestamp>
			</report>
			<report>
				<misses>15100001</misses>
				<total>0</total>
				<timestamp>96.331634</timestamp>
			</report>
			<report>
				<misses>15200001</misses>
				<total>0</total>
				<timestamp>96.967815</timestamp>
			</report>
			<report>
				<misses>15300001</misses>
				<total>0</total>
				<timestamp>97.604120</timestamp>
			</report>
			<report>
				<misses>15400001</misses>
				<total>0</total>
				<timestamp>98.240512</timestamp>
			</report>
			<report>
				<misses>15500001</misses>
				<total>0</total>
				<timestamp>98.882477</timestamp>
			</report>
			<report>
				<misses>15600001</misses>
				<total>0</total>
				<timestamp>99.519485</timestamp>
			</report>
			<report>
				<misses>15700001</misses>
				<total>0</total>
				<timestamp>100.157015</timestamp>
			</report>
			<report>
				<misses>15800001</misses>
				<total>0</total>
				<timestamp>100.793514</timestamp>
			</report>
			<report>
				<misses>15900001</misses>
				<total>0</total>
				<timestamp>101.429925</timestamp>
			</report>
			<report>
				<misses>16000001</misses>
				<total>0</total>
				<timestamp>102.066875</timestamp>
			</report>
			<report>
				<misses>16100001</misses>
				<total>0</total>
				<timestamp>102.706248</timestamp>
			</report>
			<report>
				<misses>16200001</misses>
				<total>0</total>
				<timestamp>103.343156</timestamp>
			</report>
			<report>
				<misses>16300001</misses>
				<total>0</total>
				<timestamp>103.979605</timestamp>
			</report>
			<report>
				<misses>16400001</misses>
				<total>0</total>
				<timestamp>104.611190</timestamp>
			</report>
			<report>
				<misses>16500001</misses>
				<total>0</total>
				<timestamp>105.239830</timestamp>
			</report>
			<report>
				<misses>16600001</misses>
				<total>0</total>
				<timestamp>105.868406</timestamp>
			</report>
			<report>
				<misses>16700001</misses>
				<total>0</total>
				<timestamp>106.496703</timestamp>
			</report>
			<report>
				<misses>16800001</misses>
				<total>0</total>
				<timestamp>107.126015</timestamp>
			</report>
			<report>
				<misses>16900001</misses>
				<total>0</total>
				<timestamp>107.755140</timestamp>
			</report>
			<report>
				<misses>17000001</misses>
				<total>0</total>
				<timestamp>108.383785</timestamp>
			</report>
			<report>
				<misses>17100001</misses>
				<total>0</total>
				<timestamp>109.013025</timestamp>
			</report>
			<report>
				<misses>17200001</misses>
				<total>0</total>
				<timestamp>109.642227</timestamp>
			</report>
			<report>
				<misses>17300001</misses>
				<total>0</total>
				<timestamp>110.271079</timestamp>
			</report>
			<report>
				<misses>17400001</misses>
				<total>0</total>
				<timestamp>110.900755</timestamp>
			</report>
			<report>
				<misses>17500001</misses>
				<total>0</total>
				<timestamp>111.530487</timestamp>
			</report>
			<report>
				<misses>17600001</misses>
				<total>0</total>
				<timestamp>112.159684</timestamp>
			</report>
			<report>
				<misses>17700001</misses>
				<total>0</total>
				<timestamp>112.789839</timestamp>
			</report>
			<report>
				<misses>17800001</misses>
				<total>0</total>
				<timestamp>113.419640</timestamp>
			</report>
			<report>
				<misses>17900001</misses>
				<total>0</total>
				<timestamp>114.049520</timestamp>
			</report>
			<report>
				<misses>18000001</misses>
				<total>0</total>
				<timestamp>114.679442</timestamp>
			</report>
			<report>
				<misses>18100001</misses>
				<total>0</total>
				<timestamp>115.309766</timestamp>
			</report>
			<report>
				<misses>18200001</misses>
				<total>0</total>
				<timestamp>115.939290</timestamp>
			</report>
			<report>
				<misses>18300001</misses>
				<total>0</total>
				<timestamp>116.567743</timestamp>
			</report>
			<report>
				<misses>18400001</misses>
				<total>0</total>
				<timestamp>117.200806</timestamp>
			</report>
			<report>
				<misses>18500001</misses>
				<total>0</total>
				<timestamp>117.829340</timestamp>
			</report>
			<report>
				<misses>18600001</misses>
				<total>0</total>
				<timestamp>118.457974</timestamp>
			</report>
			<report>
				<misses>18700001</misses>
				<total>0</total>
				<timestamp>119.086384</timestamp>
			</report>
			<report>
				<misses>18800001</misses>
				<total>0</total>
				<timestamp>119.714820</timestamp>
			</report>
			<report>
				<misses>18900001</misses>
				<total>0</total>
				<timestamp>120.342950</timestamp>
			</report>
			<report>
				<misses>19000001</misses>
				<total>0</total>
				<timestamp>120.971149</timestamp>
			</report>
			<report>
				<misses>19100001</misses>
				<total>0</total>
				<timestamp>121.599274</timestamp>
			</report>
			<report>
				<misses>19200001</misses>
				<total>0</total>
				<timestamp>122.233962</timestamp>
			</report>
			<report>
				<misses>19300001</misses>
				<total>0</total>
				<timestamp>122.864460</timestamp>
			</report>
			<report>
				<misses>19400001</misses>
				<total>0</total>
				<timestamp>123.493548</timestamp>
			</report>
			<report>
				<misses>19500001</misses>
				<total>0</total>
				<timestamp>124.122145</timestamp>
			</report>
			<report>
				<misses>19600001</misses>
				<total>0</total>
				<timestamp>124.752653</timestamp>
			</report>
			<report>
				<misses>19700001</misses>
				<total>0</total>
				<timestamp>125.384450</timestamp>
			</report>
			<report>
				<misses>19800001</misses>
				<total>0</total>
				<timestamp>126.014033</timestamp>
			</report>
			<report>
				<misses>19900001</misses>
				<total>0</total>
				<timestamp>126.642549</timestamp>
			</report>
			<report>
				<misses>20000001</misses>
				<total>0</total>
				<timestamp>127.271312</timestamp>
			</report>
			<report>
				<misses>20100001</misses>
				<total>0</total>
				<timestamp>127.900719</timestamp>
			</report>
			<report>
				<misses>20200001</misses>
				<total>0</total>
				<timestamp>128.529669</timestamp>
			</report>
			<report>
				<misses>20300001</misses>
				<total>0</total>
				<timestamp>129.158592</timestamp>
			</report>
			<report>
				<misses>20400001</misses>
				<total>0</total>
				<timestamp>129.787535</timestamp>
			</report>
			<report>
				<misses>20500001</misses>
				<total>0</total>
				<timestamp>130.415993</timestamp>
			</report>
			<report>
				<misses>20600001</misses>
				<total>0</total>
				<timestamp>131.043780</timestamp>
			</report>
			<report>
				<misses>20700001</misses>
				<total>0</total>
				<timestamp>131.674655</timestamp>
			</report>
			<report>
				<misses>20800001</misses>
				<total>0</total>
				<timestamp>132.303246</timestamp>
			</report>
			<report>
				<misses>20900001</misses>
				<total>0</total>
				<timestamp>132.931545</timestamp>
			</report>
			<report>
				<misses>21000001</misses>
				<total>0</total>
				<timestamp>133.561101</timestamp>
			</report>
			<report>
				<misses>21100001</misses>
				<total>0</total>
				<timestamp>134.190556</timestamp>
			</report>
			<report>
				<misses>21200001</misses>
				<total>0</total>
				<timestamp>134.820093</timestamp>
			</report>
			<report>
				<misses>21300001</misses>
				<total>0</total>
				<timestamp>135.449474</timestamp>
			</report>
			<report>
				<misses>21400001</misses>
				<total>0</total>
				<timestamp>136.079100</timestamp>
			</report>
			<report>
				<misses>21500001</misses>
				<total>0</total>
				<timestamp>136.708237</timestamp>
			</report>
			<report>
				<misses>21600001</misses>
				<total>0</total>
				<timestamp>137.337745</timestamp>
			</report>
			<report>
				<misses>21700001</misses>
				<total>0</total>
				<timestamp>137.967278</timestamp>
			</report>
			<report>
				<misses>21800001</misses>
				<total>0</total>
				<timestamp>138.596379</timestamp>
			</report>
			<report>
				<misses>21900001</misses>
				<total>0</total>
				<timestamp>139.225078</timestamp>
			</report>
			<report>
				<misses>22000001</misses>
				<total>0</total>
				<timestamp>139.853295</timestamp>
			</report>
			<report>
				<misses>22100001</misses>
				<total>0</total>
				<timestamp>140.481996</timestamp>
			</report>
			<report>
				<misses>22200001</misses>
				<total>0</total>
				<timestamp>141.110488</timestamp>
			</report>
			<report>
				<misses>22300001</misses>
				<total>0</total>
				<timestamp>141.739511</timestamp>
			</report>
			<report>
				<misses>22400001</misses>
				<total>0</total>
				<timestamp>142.367953</timestamp>
			</report>
			<report>
				<misses>22500001</misses>
				<total>0</total>
				<timestamp>142.997152</timestamp>
			</report>
			<report>
				<misses>22600001</misses>
				<total>0</total>
				<timestamp>143.625714</timestamp>
			</report>
			<report>
				<misses>22700001</misses>
				<total>0</total>
				<timestamp>144.254624</timestamp>
			</report>
			<report>
				<misses>22800001</misses>
				<total>0</total>
				<timestamp>144.884042</timestamp>
			</report>
			<report>
				<misses>22900001</misses>
				<total>0</total>
				<timestamp>145.512790</timestamp>
			</report>
			<report>
				<misses>23000001</misses>
				<total>0</total>
				<timestamp>146.141783</timestamp>
			</report>
			<report>
				<misses>23100001</misses>
				<total>0</total>
				<timestamp>146.770193</timestamp>
			</report>
			<report>
				<misses>23200001</misses>
				<total>0</total>
				<timestamp>147.398680</timestamp>
			</report>
			<report>
				<misses>23300001</misses>
				<total>0</total>
				<timestamp>148.026665</timestamp>
			</report>
			<report>
				<misses>23400001</misses>
				<total>0</total>
				<timestamp>148.655024</timestamp>
			</report>
			<report>
				<misses>23500001</misses>
				<total>0</total>
				<timestamp>149.283294</timestamp>
			</report>
			<report>
				<misses>23600001</misses>
				<total>0</total>
				<timestamp>149.911154</timestamp>
			</report>
			<report>
				<misses>23700001</misses>
				<total>0</total>
				<timestamp>150.539644</timestamp>
			</report>
			<report>
				<misses>23800001</misses>
				<total>0</total>
				<timestamp>151.168274</timestamp>
			</report>
			<report>
				<misses>23900001</misses>
				<total>0</total>
				<timestamp>151.796587</timestamp>
			</report>
			<report>
				<misses>24000001</misses>
				<total>0</total>
				<timestamp>152.424834</timestamp>
			</report>
			<report>
				<misses>24100001</misses>
				<total>0</total>
				<timestamp>153.052741</timestamp>
			</report>
			<report>
				<misses>24200001</misses>
				<total>0</total>
				<timestamp>153.681021</timestamp>
			</report>
			<report>
				<misses>24300001</misses>
				<total>0</total>
				<timestamp>154.309359</timestamp>
			</report>
			<report>
				<misses>24400001</misses>
				<total>0</total>
				<timestamp>154.941273</timestamp>
			</report>
			<report>
				<misses>24500001</misses>
				<total>0</total>
				<timestamp>155.568847</timestamp>
			</report>
			<report>
				<misses>24600001</misses>
				<total>0</total>
				<timestamp>156.197339</timestamp>
			</report>
			<report>
				<misses>24700001</misses>
				<total>0</total>
				<timestamp>156.826331</timestamp>
			</report>
			<report>
				<misses>24800001</misses>
				<total>0</total>
				<timestamp>157.455292</timestamp>
			</report>
			<report>
				<misses>24900001</misses>
				<total>0</total>
				<timestamp>158.084596</timestamp>
			</report>
			<report>
				<misses>25000001</misses>
				<total>0</total>
				<timestamp>158.714052</timestamp>
			</report>
			<report>
				<misses>25100001</misses>
				<total>0</total>
				<timestamp>159.343645</timestamp>
			</report>
			<report>
				<misses>25200001</misses>
				<total>0</total>
				<timestamp>159.982885</timestamp>
			</report>
			<report>
				<misses>25300001</misses>
				<total>0</total>
				<timestamp>160.612065</timestamp>
			</report>
			<report>
				<misses>25400001</misses>
				<total>0</total>
				<timestamp>161.240291</timestamp>
			</report>
			<report>
				<misses>25500001</misses>
				<total>0</total>
				<timestamp>161.868125</timestamp>
			</report>
			<report>
				<misses>25600001</misses>
				<total>0</total>
				<timestamp>162.496268</timestamp>
			</report>
			<report>
				<misses>25700001</misses>
				<total>0</total>
				<timestamp>163.131379</timestamp>
			</report>
			<report>
				<misses>25800001</misses>
				<total>0</total>
				<timestamp>163.760454</timestamp>
			</report>
			<report>
				<misses>25900001</misses>
				<total>0</total>
				<timestamp>164.388469</timestamp>
			</report>
			<report>
				<misses>26000001</misses>
				<total>0</total>
				<timestamp>165.020902</timestamp>
			</report>
			<report>
				<misses>26100001</misses>
				<total>0</total>
				<timestamp>165.648946</timestamp>
			</report>
			<report>
				<misses>26200001</misses>
				<total>0</total>
				<timestamp>166.275563</timestamp>
			</report>
			<report>
				<misses>26300001</misses>
				<total>0</total>
				<timestamp>166.902127</timestamp>
			</report>
			<report>
				<misses>26400001</misses>
				<total>0</total>
				<timestamp>167.528601</timestamp>
			</report>
			<report>
				<misses>26500001</misses>
				<total>0</total>
				<timestamp>168.155174</timestamp>
			</report>
			<report>
				<misses>26600001</misses>
				<total>0</total>
				<timestamp>168.781574</timestamp>
			</report>
			<report>
				<misses>26700001</misses>
				<total>0</total>
				<timestamp>169.406579</timestamp>
			</report>
			<report>
				<misses>26800001</misses>
				<total>0</total>
				<timestamp>170.031893</timestamp>
			</report>
			<report>
				<misses>26900001</misses>
				<total>0</total>
				<timestamp>170.659223</timestamp>
			</report>
			<report>
				<misses>27000001</misses>
				<total>0</total>
				<timestamp>171.285938</timestamp>
			</report>
			<report>
				<misses>27100001</misses>
				<total>0</total>
				<timestamp>171.917781</timestamp>
			</report>
			<report>
				<misses>27200001</misses>
				<total>0</total>
				<timestamp>172.544959</timestamp>
			</report>
			<report>
				<misses>27300001</misses>
				<total>0</total>
				<timestamp>173.172093</timestamp>
			</report>
			<report>
				<misses>27400001</misses>
				<total>0</total>
				<timestamp>173.798956</timestamp>
			</report>
			<report>
				<misses>27500001</misses>
				<total>0</total>
				<timestamp>174.425323</timestamp>
			</report>
			<report>
				<misses>27600001</misses>
				<total>0</total>
				<timestamp>175.052179</timestamp>
			</report>
			<report>
				<misses>27700001</misses>
				<total>0</total>
				<timestamp>175.678322</timestamp>
			</report>
			<report>
				<misses>27800001</misses>
				<total>0</total>
				<timestamp>176.305543</timestamp>
			</report>
			<report>
				<misses>27900001</misses>
				<total>0</total>
				<timestamp>176.932796</timestamp>
			</report>
			<report>
				<misses>28000001</misses>
				<total>0</total>
				<timestamp>177.559429</timestamp>
			</report>
			<report>
				<misses>28100001</misses>
				<total>0</total>
				<timestamp>178.186559</timestamp>
			</report>
			<report>
				<misses>28200001</misses>
				<total>0</total>
				<timestamp>178.814107</timestamp>
			</report>
			<report>
				<misses>28300001</misses>
				<total>0</total>
				<timestamp>179.442287</timestamp>
			</report>
			<report>
				<misses>28400001</misses>
				<total>0</total>
				<timestamp>180.069954</timestamp>
			</report>
			<report>
				<misses>28500001</misses>
				<total>0</total>
				<timestamp>180.698201</timestamp>
			</report>
			<report>
				<misses>28600001</misses>
				<total>0</total>
				<timestamp>181.326813</timestamp>
			</report>
			<report>
				<misses>28700001</misses>
				<total>0</total>
				<timestamp>181.954911</timestamp>
			</report>
			<report>
				<misses>28800001</misses>
				<total>0</total>
				<timestamp>182.581659</timestamp>
			</report>
			<report>
				<misses>28900001</misses>
				<total>0</total>
				<timestamp>183.216009</timestamp>
			</report>
			<report>
				<misses>29000001</misses>
				<total>0</total>
				<timestamp>183.848429</timestamp>
			</report>
			<report>
				<misses>29100001</misses>
				<total>0</total>
				<timestamp>184.473050</timestamp>
			</report>
			<report>
				<misses>29200001</misses>
				<total>0</total>
				<timestamp>185.099048</timestamp>
			</report>
			<report>
				<misses>29300001</misses>
				<total>0</total>
				<timestamp>185.724366</timestamp>
			</report>
			<report>
				<misses>29400001</misses>
				<total>0</total>
				<timestamp>186.349992</timestamp>
			</report>
			<report>
				<misses>29500001</misses>
				<total>0</total>
				<timestamp>186.974967</timestamp>
			</report>
			<report>
				<misses>29600001</misses>
				<total>0</total>
				<timestamp>187.600660</timestamp>
			</report>
			<report>
				<misses>29700001</misses>
				<total>0</total>
				<timestamp>188.226888</timestamp>
			</report>
			<report>
				<misses>29800001</misses>
				<total>0</total>
				<timestamp>188.851796</timestamp>
			</report>
			<report>
				<misses>29900001</misses>
				<total>0</total>
				<timestamp>189.476625</timestamp>
			</report>
			<report>
				<misses>30000001</misses>
				<total>0</total>
				<timestamp>190.106677</timestamp>
			</report>
			<report>
				<misses>30100001</misses>
				<total>0</total>
				<timestamp>190.731196</timestamp>
			</report>
			<report>
				<misses>30200001</misses>
				<total>0</total>
				<timestamp>191.356839</timestamp>
			</report>
			<report>
				<misses>30300001</misses>
				<total>0</total>
				<timestamp>191.982126</timestamp>
			</report>
			<report>
				<misses>30400001</misses>
				<total>0</total>
				<timestamp>192.607133</timestamp>
			</report>
			<report>
				<misses>30500001</misses>
				<total>0</total>
				<timestamp>193.233082</timestamp>
			</report>
			<report>
				<misses>30600001</misses>
				<total>0</total>
				<timestamp>193.867696</timestamp>
			</report>
			<report>
				<misses>30700001</misses>
				<total>0</total>
				<timestamp>194.492859</timestamp>
			</report>
			<report>
				<misses>30800001</misses>
				<total>0</total>
				<timestamp>195.118486</timestamp>
			</report>
			<report>
				<misses>30900001</misses>
				<total>0</total>
				<timestamp>195.744104</timestamp>
			</report>
			<report>
				<misses>31000001</misses>
				<total>0</total>
				<timestamp>196.369877</timestamp>
			</report>
			<report>
				<misses>31100001</misses>
				<total>0</total>
				<timestamp>196.995562</timestamp>
			</report>
			<report>
				<misses>31200001</misses>
				<total>0</total>
				<timestamp>197.621361</timestamp>
			</report>
			<report>
				<misses>31300001</misses>
				<total>0</total>
				<timestamp>198.246550</timestamp>
			</report>
			<report>
				<misses>31400001</misses>
				<total>0</total>
				<timestamp>198.872229</timestamp>
			</report>
			<report>
				<misses>31500001</misses>
				<total>0</total>
				<timestamp>199.497467</timestamp>
			</report>
			<report>
				<misses>31600001</misses>
				<total>0</total>
				<timestamp>200.124860</timestamp>
			</report>
			<report>
				<misses>31700001</misses>
				<total>0</total>
				<timestamp>200.750406</timestamp>
			</report>
			<report>
				<misses>31800001</misses>
				<total>0</total>
				<timestamp>201.376028</timestamp>
			</report>
			<report>
				<misses>31900001</misses>
				<total>0</total>
				<timestamp>202.021866</timestamp>
			</report>
			<report>
				<misses>32000001</misses>
				<total>0</total>
				<timestamp>202.648145</timestamp>
			</report>
			<report>
				<misses>32100001</misses>
				<total>0</total>
				<timestamp>203.274097</timestamp>
			</report>
			<report>
				<misses>32200001</misses>
				<total>0</total>
				<timestamp>203.900176</timestamp>
			</report>
			<report>
				<misses>32300001</misses>
				<total>0</total>
				<timestamp>204.526321</timestamp>
			</report>
			<report>
				<misses>32400001</misses>
				<total>0</total>
				<timestamp>205.172733</timestamp>
			</report>
			<report>
				<misses>32500001</misses>
				<total>0</total>
				<timestamp>205.798685</timestamp>
			</report>
			<report>
				<misses>32600001</misses>
				<total>0</total>
				<timestamp>206.423527</timestamp>
			</report>
			<report>
				<misses>32700001</misses>
				<total>0</total>
				<timestamp>207.048377</timestamp>
			</report>
			<report>
				<misses>32800001</misses>
				<total>0</total>
				<timestamp>207.673014</timestamp>
			</report>
			<report>
				<misses>32900001</misses>
				<total>0</total>
				<timestamp>208.297305</timestamp>
			</report>
			<report>
				<misses>33000001</misses>
				<total>0</total>
				<timestamp>208.934254</timestamp>
			</report>
			<report>
				<misses>33100001</misses>
				<total>0</total>
				<timestamp>209.559287</timestamp>
			</report>
			<report>
				<misses>33200001</misses>
				<total>0</total>
				<timestamp>210.184027</timestamp>
			</report>
			<report>
				<misses>33300001</misses>
				<total>0</total>
				<timestamp>210.809573</timestamp>
			</report>
			<report>
				<misses>33400001</misses>
				<total>0</total>
				<timestamp>211.434970</timestamp>
			</report>
			<report>
				<misses>33500001</misses>
				<total>0</total>
				<timestamp>212.059834</timestamp>
			</report>
			<report>
				<misses>33600001</misses>
				<total>0</total>
				<timestamp>212.684291</timestamp>
			</report>
			<report>
				<misses>33700001</misses>
				<total>0</total>
				<timestamp>213.308726</timestamp>
			</report>
			<report>
				<misses>33800001</misses>
				<total>0</total>
				<timestamp>213.934574</timestamp>
			</report>
			<report>
				<misses>33900001</misses>
				<total>0</total>
				<timestamp>214.558414</timestamp>
			</report>
			<report>
				<misses>34000001</misses>
				<total>0</total>
				<timestamp>215.184478</timestamp>
			</report>
			<report>
				<misses>34100001</misses>
				<total>0</total>
				<timestamp>215.809541</timestamp>
			</report>
			<report>
				<misses>34200001</misses>
				<total>0</total>
				<timestamp>216.434078</timestamp>
			</report>
			<report>
				<misses>34300001</misses>
				<total>0</total>
				<timestamp>217.068170</timestamp>
			</report>
			<report>
				<misses>34400001</misses>
				<total>0</total>
				<timestamp>217.692765</timestamp>
			</report>
			<report>
				<misses>34500001</misses>
				<total>0</total>
				<timestamp>218.318221</timestamp>
			</report>
			<report>
				<misses>34600001</misses>
				<total>0</total>
				<timestamp>218.944194</timestamp>
			</report>
			<report>
				<misses>34700001</misses>
				<total>0</total>
				<timestamp>219.569419</timestamp>
			</report>
			<report>
				<misses>34800001</misses>
				<total>0</total>
				<timestamp>220.196678</timestamp>
			</report>
			<report>
				<misses>34900001</misses>
				<total>0</total>
				<timestamp>220.823369</timestamp>
			</report>
			<report>
				<misses>35000001</misses>
				<total>0</total>
				<timestamp>221.448371</timestamp>
			</report>
			<report>
				<misses>35100001</misses>
				<total>0</total>
				<timestamp>222.073060</timestamp>
			</report>
			<report>
				<misses>35200001</misses>
				<total>0</total>
				<timestamp>222.697238</timestamp>
			</report>
			<report>
				<misses>35300001</misses>
				<total>0</total>
				<timestamp>223.322368</timestamp>
			</report>
			<report>
				<misses>35400001</misses>
				<total>0</total>
				<timestamp>223.948056</timestamp>
			</report>
			<report>
				<misses>35500001</misses>
				<total>0</total>
				<timestamp>224.572372</timestamp>
			</report>
			<report>
				<misses>35600001</misses>
				<total>0</total>
				<timestamp>225.196999</timestamp>
			</report>
			<report>
				<misses>35700001</misses>
				<total>0</total>
				<timestamp>225.826280</timestamp>
			</report>
			<report>
				<misses>35800001</misses>
				<total>0</total>
				<timestamp>226.459639</timestamp>
			</report>
			<report>
				<misses>35900001</misses>
				<total>0</total>
				<timestamp>227.086061</timestamp>
			</report>
			<report>
				<misses>36000001</misses>
				<total>0</total>
				<timestamp>227.710440</timestamp>
			</report>
			<report>
				<misses>36100001</misses>
				<total>0</total>
				<timestamp>228.335506</timestamp>
			</report>
			<report>
				<misses>36200001</misses>
				<total>0</total>
				<timestamp>228.961245</timestamp>
			</report>
			<report>
				<misses>36300001</misses>
				<total>0</total>
				<timestamp>229.585736</timestamp>
			</report>
			<report>
				<misses>36400001</misses>
				<total>0</total>
				<timestamp>230.212862</timestamp>
			</report>
			<report>
				<misses>36500001</misses>
				<total>0</total>
				<timestamp>230.838204</timestamp>
			</report>
			<report>
				<misses>36600001</misses>
				<total>0</total>
				<timestamp>231.462547</timestamp>
			</report>
			<report>
				<misses>36700001</misses>
				<total>0</total>
				<timestamp>232.087224</timestamp>
			</report>
			<report>
				<misses>36800001</misses>
				<total>0</total>
				<timestamp>232.711805</timestamp>
			</report>
			<report>
				<misses>36900001</misses>
				<total>0</total>
				<timestamp>233.341110</timestamp>
			</report>
			<report>
				<misses>37000001</misses>
				<total>0</total>
				<timestamp>233.966766</timestamp>
			</report>
			<report>
				<misses>37100001</misses>
				<total>0</total>
				<timestamp>234.590660</timestamp>
			</report>
			<report>
				<misses>37200001</misses>
				<total>0</total>
				<timestamp>235.215577</timestamp>
			</report>
			<report>
				<misses>37300001</misses>
				<total>0</total>
				<timestamp>235.850570</timestamp>
			</report>
			<report>
				<misses>37400001</misses>
				<total>0</total>
				<timestamp>236.475703</timestamp>
			</report>
			<report>
				<misses>37500001</misses>
				<total>0</total>
				<timestamp>237.100444</timestamp>
			</report>
			<report>
				<misses>37600001</misses>
				<total>0</total>
				<timestamp>237.724624</timestamp>
			</report>
			<report>
				<misses>37700001</misses>
				<total>0</total>
				<timestamp>238.348861</timestamp>
			</report>
			<report>
				<misses>37800001</misses>
				<total>0</total>
				<timestamp>238.973079</timestamp>
			</report>
			<report>
				<misses>37900001</misses>
				<total>0</total>
				<timestamp>239.597171</timestamp>
			</report>
			<report>
				<misses>38000001</misses>
				<total>0</total>
				<timestamp>240.221738</timestamp>
			</report>
			<report>
				<misses>38100001</misses>
				<total>0</total>
				<timestamp>240.846783</timestamp>
			</report>
			<report>
				<misses>38200001</misses>
				<total>0</total>
				<timestamp>241.470841</timestamp>
			</report>
			<report>
				<misses>38300001</misses>
				<total>0</total>
				<timestamp>242.095376</timestamp>
			</report>
			<report>
				<misses>38400001</misses>
				<total>0</total>
				<timestamp>242.723096</timestamp>
			</report>
			<report>
				<misses>38500001</misses>
				<total>0</total>
				<timestamp>243.347259</timestamp>
			</report>
			<report>
				<misses>38600001</misses>
				<total>0</total>
				<timestamp>243.971855</timestamp>
			</report>
			<report>
				<misses>38700001</misses>
				<total>0</total>
				<timestamp>244.596043</timestamp>
			</report>
			<report>
				<misses>38800001</misses>
				<total>0</total>
				<timestamp>245.220272</timestamp>
			</report>
			<report>
				<misses>38900001</misses>
				<total>0</total>
				<timestamp>245.847746</timestamp>
			</report>
			<report>
				<misses>39000001</misses>
				<total>0</total>
				<timestamp>246.472250</timestamp>
			</report>
			<report>
				<misses>39100001</misses>
				<total>0</total>
				<timestamp>247.097115</timestamp>
			</report>
			<report>
				<misses>39200001</misses>
				<total>0</total>
				<timestamp>247.721365</timestamp>
			</report>
			<report>
				<misses>39300001</misses>
				<total>0</total>
				<timestamp>248.345617</timestamp>
			</report>
			<report>
				<misses>39400001</misses>
				<total>0</total>
				<timestamp>248.970006</timestamp>
			</report>
			<report>
				<misses>39500001</misses>
				<total>0</total>
				<timestamp>249.594047</timestamp>
			</report>
			<report>
				<misses>39600001</misses>
				<total>0</total>
				<timestamp>250.237379</timestamp>
			</report>
			<report>
				<misses>39700001</misses>
				<total>0</total>
				<timestamp>250.862952</timestamp>
			</report>
			<report>
				<misses>39800001</misses>
				<total>0</total>
				<timestamp>251.487457</timestamp>
			</report>
			<report>
				<misses>39900001</misses>
				<total>0</total>
				<timestamp>252.112990</timestamp>
			</report>
			<report>
				<misses>40000001</misses>
				<total>0</total>
				<timestamp>252.742454</timestamp>
			</report>
			<report>
				<misses>40100001</misses>
				<total>0</total>
				<timestamp>253.367033</timestamp>
			</report>
			<report>
				<misses>40200001</misses>
				<total>0</total>
				<timestamp>253.992118</timestamp>
			</report>
			<report>
				<misses>40300001</misses>
				<total>0</total>
				<timestamp>254.617555</timestamp>
			</report>
			<report>
				<misses>40400001</misses>
				<total>0</total>
				<timestamp>255.244119</timestamp>
			</report>
			<report>
				<misses>40500001</misses>
				<total>0</total>
				<timestamp>255.869855</timestamp>
			</report>
			<report>
				<misses>40600001</misses>
				<total>0</total>
				<timestamp>256.494147</timestamp>
			</report>
			<report>
				<misses>40700001</misses>
				<total>0</total>
				<timestamp>257.118768</timestamp>
			</report>
			<report>
				<misses>40800001</misses>
				<total>0</total>
				<timestamp>257.743957</timestamp>
			</report>
			<report>
				<misses>40900001</misses>
				<total>0</total>
				<timestamp>258.368443</timestamp>
			</report>
			<report>
				<misses>41000001</misses>
				<total>0</total>
				<timestamp>258.993504</timestamp>
			</report>
			<report>
				<misses>41100001</misses>
				<total>0</total>
				<timestamp>259.619522</timestamp>
			</report>
			<report>
				<misses>41200001</misses>
				<total>0</total>
				<timestamp>260.258117</timestamp>
			</report>
			<report>
				<misses>41300001</misses>
				<total>0</total>
				<timestamp>260.881973</timestamp>
			</report>
			<report>
				<misses>41400001</misses>
				<total>0</total>
				<timestamp>261.505572</timestamp>
			</report>
			<report>
				<misses>41500001</misses>
				<total>0</total>
				<timestamp>262.130221</timestamp>
			</report>
			<report>
				<misses>41600001</misses>
				<total>0</total>
				<timestamp>262.753705</timestamp>
			</report>
			<report>
				<misses>41700001</misses>
				<total>0</total>
				<timestamp>263.378018</timestamp>
			</report>
			<report>
				<misses>41800001</misses>
				<total>0</total>
				<timestamp>264.012439</timestamp>
			</report>
			<report>
				<misses>41900001</misses>
				<total>0</total>
				<timestamp>264.636468</timestamp>
			</report>
			<report>
				<misses>42000001</misses>
				<total>0</total>
				<timestamp>265.262985</timestamp>
			</report>
			<report>
				<misses>42100001</misses>
				<total>0</total>
				<timestamp>265.887976</timestamp>
			</report>
			<report>
				<misses>42200001</misses>
				<total>0</total>
				<timestamp>266.511502</timestamp>
			</report>
			<report>
				<misses>42300001</misses>
				<total>0</total>
				<timestamp>267.136477</timestamp>
			</report>
			<report>
				<misses>42400001</misses>
				<total>0</total>
				<timestamp>267.764347</timestamp>
			</report>
			<report>
				<misses>42500001</misses>
				<total>0</total>
				<timestamp>268.411532</timestamp>
			</report>
			<report>
				<misses>42600001</misses>
				<total>0</total>
				<timestamp>269.036872</timestamp>
			</report>
			<report>
				<misses>42700001</misses>
				<total>0</total>
				<timestamp>269.661636</timestamp>
			</report>
			<report>
				<misses>42800001</misses>
				<total>0</total>
				<timestamp>270.286219</timestamp>
			</report>
			<report>
				<misses>42900001</misses>
				<total>0</total>
				<timestamp>270.910769</timestamp>
			</report>
			<report>
				<misses>43000001</misses>
				<total>0</total>
				<timestamp>271.536090</timestamp>
			</report>
			<report>
				<misses>43100001</misses>
				<total>0</total>
				<timestamp>272.170251</timestamp>
			</report>
			<report>
				<misses>43200001</misses>
				<total>0</total>
				<timestamp>272.796172</timestamp>
			</report>
			<report>
				<misses>43300001</misses>
				<total>0</total>
				<timestamp>273.420337</timestamp>
			</report>
			<report>
				<misses>43400001</misses>
				<total>0</total>
				<timestamp>274.045909</timestamp>
			</report>
			<report>
				<misses>43500001</misses>
				<total>0</total>
				<timestamp>274.670146</timestamp>
			</report>
			<report>
				<misses>43600001</misses>
				<total>0</total>
				<timestamp>275.297646</timestamp>
			</report>
			<report>
				<misses>43700001</misses>
				<total>0</total>
				<timestamp>275.923556</timestamp>
			</report>
			<report>
				<misses>43800001</misses>
				<total>0</total>
				<timestamp>276.548005</timestamp>
			</report>
			<report>
				<misses>43900001</misses>
				<total>0</total>
				<timestamp>277.175696</timestamp>
			</report>
			<report>
				<misses>44000001</misses>
				<total>0</total>
				<timestamp>277.800325</timestamp>
			</report>
			<report>
				<misses>44100001</misses>
				<total>0</total>
				<timestamp>278.423623</timestamp>
			</report>
			<report>
				<misses>44200001</misses>
				<total>0</total>
				<timestamp>279.052989</timestamp>
			</report>
			<report>
				<misses>44300001</misses>
				<total>0</total>
				<timestamp>279.676626</timestamp>
			</report>
			<report>
				<misses>44400001</misses>
				<total>0</total>
				<timestamp>280.300712</timestamp>
			</report>
			<report>
				<misses>44500001</misses>
				<total>0</total>
				<timestamp>280.938996</timestamp>
			</report>
			<report>
				<misses>44600001</misses>
				<total>0</total>
				<timestamp>281.562927</timestamp>
			</report>
			<report>
				<misses>44700001</misses>
				<total>0</total>
				<timestamp>282.193313</timestamp>
			</report>
			<report>
				<misses>44800001</misses>
				<total>0</total>
				<timestamp>282.817673</timestamp>
			</report>
			<report>
				<misses>44900001</misses>
				<total>0</total>
				<timestamp>283.442051</timestamp>
			</report>
			<report>
				<misses>45000001</misses>
				<total>0</total>
				<timestamp>284.065526</timestamp>
			</report>
			<report>
				<misses>45100001</misses>
				<total>0</total>
				<timestamp>284.690415</timestamp>
			</report>
			<report>
				<misses>45200001</misses>
				<total>0</total>
				<timestamp>285.315490</timestamp>
			</report>
			<report>
				<misses>45300001</misses>
				<total>0</total>
				<timestamp>285.939690</timestamp>
			</report>
			<report>
				<misses>45400001</misses>
				<total>0</total>
				<timestamp>286.564655</timestamp>
			</report>
			<report>
				<misses>45500001</misses>
				<total>0</total>
				<timestamp>287.197070</timestamp>
			</report>
			<report>
				<misses>45600001</misses>
				<total>0</total>
				<timestamp>287.821828</timestamp>
			</report>
			<report>
				<misses>45700001</misses>
				<total>0</total>
				<timestamp>288.446246</timestamp>
			</report>
			<report>
				<misses>45800001</misses>
				<total>0</total>
				<timestamp>289.071732</timestamp>
			</report>
			<report>
				<misses>45900001</misses>
				<total>0</total>
				<timestamp>289.698772</timestamp>
			</report>
			<report>
				<misses>46000001</misses>
				<total>0</total>
				<timestamp>290.328486</timestamp>
			</report>
			<report>
				<misses>46100001</misses>
				<total>0</total>
				<timestamp>290.957266</timestamp>
			</report>
			<report>
				<misses>46200001</misses>
				<total>0</total>
				<timestamp>291.581507</timestamp>
			</report>
			<report>
				<misses>46300001</misses>
				<total>0</total>
				<timestamp>292.210423</timestamp>
			</report>
			<report>
				<misses>46400001</misses>
				<total>0</total>
				<timestamp>292.839391</timestamp>
			</report>
			<report>
				<misses>46500001</misses>
				<total>0</total>
				<timestamp>293.463628</timestamp>
			</report>
			<report>
				<misses>46600001</misses>
				<total>0</total>
				<timestamp>294.095053</timestamp>
			</report>
			<report>
				<misses>46700001</misses>
				<total>0</total>
				<timestamp>294.718654</timestamp>
			</report>
			<report>
				<misses>46800001</misses>
				<total>0</total>
				<timestamp>295.343025</timestamp>
			</report>
			<report>
				<misses>46900001</misses>
				<total>0</total>
				<timestamp>295.974744</timestamp>
			</report>
			<report>
				<misses>47000001</misses>
				<total>0</total>
				<timestamp>296.598555</timestamp>
			</report>
			<report>
				<misses>47100001</misses>
				<total>0</total>
				<timestamp>297.229761</timestamp>
			</report>
			<report>
				<misses>47200001</misses>
				<total>0</total>
				<timestamp>297.855900</timestamp>
			</report>
			<report>
				<misses>47300001</misses>
				<total>0</total>
				<timestamp>298.480143</timestamp>
			</report>
			<report>
				<misses>47400001</misses>
				<total>0</total>
				<timestamp>299.108754</timestamp>
			</report>
			<report>
				<misses>47500001</misses>
				<total>0</total>
				<timestamp>299.734116</timestamp>
			</report>
			<report>
				<misses>47600001</misses>
				<total>0</total>
				<timestamp>300.359620</timestamp>
			</report>
			<report>
				<misses>47700001</misses>
				<total>0</total>
				<timestamp>300.985036</timestamp>
			</report>
			<report>
				<misses>47800001</misses>
				<total>0</total>
				<timestamp>301.609443</timestamp>
			</report>
			<report>
				<misses>47900001</misses>
				<total>0</total>
				<timestamp>302.245546</timestamp>
			</report>
			<report>
				<misses>48000001</misses>
				<total>0</total>
				<timestamp>302.872477</timestamp>
			</report>
			<report>
				<misses>48100001</misses>
				<total>0</total>
				<timestamp>303.497181</timestamp>
			</report>
			<report>
				<misses>48200001</misses>
				<total>0</total>
				<timestamp>304.132907</timestamp>
			</report>
			<report>
				<misses>48300001</misses>
				<total>0</total>
				<timestamp>304.760571</timestamp>
			</report>
			<report>
				<misses>48400001</misses>
				<total>0</total>
				<timestamp>305.384368</timestamp>
			</report>
			<report>
				<misses>48500001</misses>
				<total>0</total>
				<timestamp>306.006494</timestamp>
			</report>
			<report>
				<misses>48600001</misses>
				<total>0</total>
				<timestamp>306.631499</timestamp>
			</report>
			<report>
				<misses>48700001</misses>
				<total>0</total>
				<timestamp>307.269668</timestamp>
			</report>
			<report>
				<misses>48800001</misses>
				<total>0</total>
				<timestamp>307.893978</timestamp>
			</report>
			<report>
				<misses>48900001</misses>
				<total>0</total>
				<timestamp>308.518697</timestamp>
			</report>
			<report>
				<misses>49000001</misses>
				<total>0</total>
				<timestamp>309.151385</timestamp>
			</report>
			<report>
				<misses>49100001</misses>
				<total>0</total>
				<timestamp>309.775222</timestamp>
			</report>
			<report>
				<misses>49200001</misses>
				<total>0</total>
				<timestamp>310.399131</timestamp>
			</report>
			<report>
				<misses>49300001</misses>
				<total>0</total>
				<timestamp>311.022580</timestamp>
			</report>
			<report>
				<misses>49400001</misses>
				<total>0</total>
				<timestamp>311.647343</timestamp>
			</report>
			<report>
				<misses>49500001</misses>
				<total>0</total>
				<timestamp>312.271141</timestamp>
			</report>
			<report>
				<misses>49600001</misses>
				<total>0</total>
				<timestamp>312.904707</timestamp>
			</report>
			<report>
				<misses>49700001</misses>
				<total>0</total>
				<timestamp>313.538498</timestamp>
			</report>
			<report>
				<misses>49800001</misses>
				<total>0</total>
				<timestamp>314.161799</timestamp>
			</report>
			<report>
				<misses>49900001</misses>
				<total>0</total>
				<timestamp>314.785894</timestamp>
			</report>
			<report>
				<misses>50000001</misses>
				<total>0</total>
				<timestamp>315.409412</timestamp>
			</report>
			<report>
				<misses>50100001</misses>
				<total>0</total>
				<timestamp>316.038794</timestamp>
			</report>
			<report>
				<misses>50200001</misses>
				<total>0</total>
				<timestamp>316.662857</timestamp>
			</report>
			<report>
				<misses>50300001</misses>
				<total>0</total>
				<timestamp>317.286105</timestamp>
			</report>
			<report>
				<misses>50400001</misses>
				<total>0</total>
				<timestamp>317.911655</timestamp>
			</report>
			<report>
				<misses>50500001</misses>
				<total>0</total>
				<timestamp>318.535625</timestamp>
			</report>
			<report>
				<misses>50600001</misses>
				<total>0</total>
				<timestamp>319.163284</timestamp>
			</report>
			<report>
				<misses>50700001</misses>
				<total>0</total>
				<timestamp>319.786555</timestamp>
			</report>
			<report>
				<misses>50800001</misses>
				<total>0</total>
				<timestamp>320.409834</timestamp>
			</report>
			<report>
				<misses>50900001</misses>
				<total>0</total>
				<timestamp>321.034212</timestamp>
			</report>
			<report>
				<misses>51000001</misses>
				<total>0</total>
				<timestamp>321.657758</timestamp>
			</report>
			<report>
				<misses>51100001</misses>
				<total>0</total>
				<timestamp>322.281569</timestamp>
			</report>
			<report>
				<misses>51200001</misses>
				<total>0</total>
				<timestamp>322.905755</timestamp>
			</report>
			<report>
				<misses>51300001</misses>
				<total>0</total>
				<timestamp>323.529530</timestamp>
			</report>
			<report>
				<misses>51400001</misses>
				<total>0</total>
				<timestamp>324.163271</timestamp>
			</report>
			<report>
				<misses>51500001</misses>
				<total>0</total>
				<timestamp>324.785358</timestamp>
			</report>
			<report>
				<misses>51600001</misses>
				<total>0</total>
				<timestamp>325.421104</timestamp>
			</report>
			<report>
				<misses>51700001</misses>
				<total>0</total>
				<timestamp>326.046191</timestamp>
			</report>
			<report>
				<misses>51800001</misses>
				<total>0</total>
				<timestamp>326.669980</timestamp>
			</report>
			<report>
				<misses>51900001</misses>
				<total>0</total>
				<timestamp>327.297607</timestamp>
			</report>
			<report>
				<misses>52000001</misses>
				<total>0</total>
				<timestamp>327.922185</timestamp>
			</report>
			<report>
				<misses>52100001</misses>
				<total>0</total>
				<timestamp>328.545636</timestamp>
			</report>
			<report>
				<misses>52200001</misses>
				<total>0</total>
				<timestamp>329.172720</timestamp>
			</report>
			<report>
				<misses>52300001</misses>
				<total>0</total>
				<timestamp>329.795692</timestamp>
			</report>
			<report>
				<misses>52400001</misses>
				<total>0</total>
				<timestamp>330.419393</timestamp>
			</report>
			<report>
				<misses>52500001</misses>
				<total>0</total>
				<timestamp>331.041929</timestamp>
			</report>
			<report>
				<misses>52600001</misses>
				<total>0</total>
				<timestamp>331.665160</timestamp>
			</report>
			<report>
				<misses>52700001</misses>
				<total>0</total>
				<timestamp>332.288870</timestamp>
			</report>
			<report>
				<misses>52800001</misses>
				<total>0</total>
				<timestamp>332.913759</timestamp>
			</report>
			<report>
				<misses>52900001</misses>
				<total>0</total>
				<timestamp>333.537032</timestamp>
			</report>
			<report>
				<misses>53000001</misses>
				<total>0</total>
				<timestamp>334.173503</timestamp>
			</report>
			<report>
				<misses>53100001</misses>
				<total>0</total>
				<timestamp>334.797454</timestamp>
			</report>
			<report>
				<misses>53200001</misses>
				<total>0</total>
				<timestamp>335.421301</timestamp>
			</report>
			<report>
				<misses>53300001</misses>
				<total>0</total>
				<timestamp>336.058069</timestamp>
			</report>
			<report>
				<misses>53400001</misses>
				<total>0</total>
				<timestamp>336.682732</timestamp>
			</report>
			<report>
				<misses>53500001</misses>
				<total>0</total>
				<timestamp>337.324328</timestamp>
			</report>
			<report>
				<misses>53600001</misses>
				<total>0</total>
				<timestamp>337.948160</timestamp>
			</report>
			<report>
				<misses>53700001</misses>
				<total>0</total>
				<timestamp>338.570727</timestamp>
			</report>
			<report>
				<misses>53800001</misses>
				<total>0</total>
				<timestamp>339.196269</timestamp>
			</report>
			<report>
				<misses>53900001</misses>
				<total>0</total>
				<timestamp>339.827865</timestamp>
			</report>
			<report>
				<misses>54000001</misses>
				<total>0</total>
				<timestamp>340.451765</timestamp>
			</report>
			<report>
				<misses>54100001</misses>
				<total>0</total>
				<timestamp>341.075361</timestamp>
			</report>
			<report>
				<misses>54200001</misses>
				<total>0</total>
				<timestamp>341.699087</timestamp>
			</report>
			<report>
				<misses>54300001</misses>
				<total>0</total>
				<timestamp>342.322460</timestamp>
			</report>
			<report>
				<misses>54400001</misses>
				<total>0</total>
				<timestamp>342.945892</timestamp>
			</report>
			<report>
				<misses>54500001</misses>
				<total>0</total>
				<timestamp>343.569790</timestamp>
			</report>
			<report>
				<misses>54600001</misses>
				<total>0</total>
				<timestamp>344.202847</timestamp>
			</report>
			<report>
				<misses>54700001</misses>
				<total>0</total>
				<timestamp>344.827066</timestamp>
			</report>
			<report>
				<misses>54800001</misses>
				<total>0</total>
				<timestamp>345.450985</timestamp>
			</report>
			<report>
				<misses>54900001</misses>
				<total>0</total>
				<timestamp>346.086527</timestamp>
			</report>
			<report>
				<misses>55000001</misses>
				<total>0</total>
				<timestamp>346.709135</timestamp>
			</report>
			<report>
				<misses>55100001</misses>
				<total>0</total>
				<timestamp>347.332659</timestamp>
			</report>
			<report>
				<misses>55200001</misses>
				<total>0</total>
				<timestamp>347.956452</timestamp>
			</report>
			<report>
				<misses>55300001</misses>
				<total>0</total>
				<timestamp>348.579922</timestamp>
			</report>
			<report>
				<misses>55400001</misses>
				<total>0</total>
				<timestamp>349.212567</timestamp>
			</report>
			<report>
				<misses>55500001</misses>
				<total>0</total>
				<timestamp>349.836724</timestamp>
			</report>
			<report>
				<misses>55600001</misses>
				<total>0</total>
				<timestamp>350.462095</timestamp>
			</report>
			<report>
				<misses>55700001</misses>
				<total>0</total>
				<timestamp>351.087046</timestamp>
			</report>
			<report>
				<misses>55800001</misses>
				<total>0</total>
				<timestamp>351.714243</timestamp>
			</report>
			<report>
				<misses>55900001</misses>
				<total>0</total>
				<timestamp>352.359191</timestamp>
			</report>
			<report>
				<misses>56000001</misses>
				<total>0</total>
				<timestamp>352.983644</timestamp>
			</report>
			<report>
				<misses>56100001</misses>
				<total>0</total>
				<timestamp>353.608345</timestamp>
			</report>
			<report>
				<misses>56200001</misses>
				<total>0</total>
				<timestamp>354.232343</timestamp>
			</report>
			<report>
				<misses>56300001</misses>
				<total>0</total>
				<timestamp>354.859060</timestamp>
			</report>
			<report>
				<misses>56400001</misses>
				<total>0</total>
				<timestamp>355.481727</timestamp>
			</report>
			<report>
				<misses>56500001</misses>
				<total>0</total>
				<timestamp>356.116731</timestamp>
			</report>
			<report>
				<misses>56600001</misses>
				<total>0</total>
				<timestamp>356.740095</timestamp>
			</report>
			<report>
				<misses>56700001</misses>
				<total>0</total>
				<timestamp>357.363097</timestamp>
			</report>
			<report>
				<misses>56800001</misses>
				<total>0</total>
				<timestamp>357.991168</timestamp>
			</report>
			<report>
				<misses>56900001</misses>
				<total>0</total>
				<timestamp>358.614375</timestamp>
			</report>
			<report>
				<misses>57000001</misses>
				<total>0</total>
				<timestamp>359.237838</timestamp>
			</report>
			<report>
				<misses>57100001</misses>
				<total>0</total>
				<timestamp>359.865325</timestamp>
			</report>
			<report>
				<misses>57200001</misses>
				<total>0</total>
				<timestamp>360.488847</timestamp>
			</report>
			<report>
				<misses>57300001</misses>
				<total>0</total>
				<timestamp>361.111814</timestamp>
			</report>
			<report>
				<misses>57400001</misses>
				<total>0</total>
				<timestamp>361.736842</timestamp>
			</report>
			<report>
				<misses>57500001</misses>
				<total>0</total>
				<timestamp>362.359447</timestamp>
			</report>
			<report>
				<misses>57600001</misses>
				<total>0</total>
				<timestamp>362.996975</timestamp>
			</report>
			<report>
				<misses>57700001</misses>
				<total>0</total>
				<timestamp>363.620883</timestamp>
			</report>
			<report>
				<misses>57800001</misses>
				<total>0</total>
				<timestamp>364.244042</timestamp>
			</report>
			<report>
				<misses>57900001</misses>
				<total>0</total>
				<timestamp>364.868468</timestamp>
			</report>
			<report>
				<misses>58000001</misses>
				<total>0</total>
				<timestamp>365.491463</timestamp>
			</report>
			<report>
				<misses>58100001</misses>
				<total>0</total>
				<timestamp>366.114960</timestamp>
			</report>
			<report>
				<misses>58200001</misses>
				<total>0</total>
				<timestamp>366.740264</timestamp>
			</report>
			<report>
				<misses>58300001</misses>
				<total>0</total>
				<timestamp>367.363860</timestamp>
			</report>
			<report>
				<misses>58400001</misses>
				<total>0</total>
				<timestamp>367.987959</timestamp>
			</report>
			<report>
				<misses>58500001</misses>
				<total>0</total>
				<timestamp>368.612038</timestamp>
			</report>
			<report>
				<misses>58600001</misses>
				<total>0</total>
				<timestamp>369.251949</timestamp>
			</report>
			<report>
				<misses>58700001</misses>
				<total>0</total>
				<timestamp>369.895101</timestamp>
			</report>
			<report>
				<misses>58800001</misses>
				<total>0</total>
				<timestamp>370.519217</timestamp>
			</report>
			<report>
				<misses>58900001</misses>
				<total>0</total>
				<timestamp>371.143199</timestamp>
			</report>
			<report>
				<misses>59000001</misses>
				<total>0</total>
				<timestamp>371.766996</timestamp>
			</report>
			<report>
				<misses>59100001</misses>
				<total>0</total>
				<timestamp>372.391076</timestamp>
			</report>
			<report>
				<misses>59200001</misses>
				<total>0</total>
				<timestamp>373.016862</timestamp>
			</report>
			<report>
				<misses>59300001</misses>
				<total>0</total>
				<timestamp>373.640486</timestamp>
			</report>
			<report>
				<misses>59400001</misses>
				<total>0</total>
				<timestamp>374.263824</timestamp>
			</report>
			<report>
				<misses>59500001</misses>
				<total>0</total>
				<timestamp>374.888230</timestamp>
			</report>
			<report>
				<misses>59600001</misses>
				<total>0</total>
				<timestamp>375.511378</timestamp>
			</report>
			<report>
				<misses>59700001</misses>
				<total>0</total>
				<timestamp>376.135233</timestamp>
			</report>
			<report>
				<misses>59800001</misses>
				<total>0</total>
				<timestamp>376.763947</timestamp>
			</report>
			<report>
				<misses>59900001</misses>
				<total>0</total>
				<timestamp>377.387109</timestamp>
			</report>
			<report>
				<misses>60000001</misses>
				<total>0</total>
				<timestamp>378.021276</timestamp>
			</report>
			<report>
				<misses>60100001</misses>
				<total>0</total>
				<timestamp>378.644463</timestamp>
			</report>
			<report>
				<misses>60200001</misses>
				<total>0</total>
				<timestamp>379.268058</timestamp>
			</report>
			<report>
				<misses>60300001</misses>
				<total>0</total>
				<timestamp>379.899896</timestamp>
			</report>
			<report>
				<misses>60400001</misses>
				<total>0</total>
				<timestamp>380.522555</timestamp>
			</report>
			<report>
				<misses>60500001</misses>
				<total>0</total>
				<timestamp>381.146181</timestamp>
			</report>
			<report>
				<misses>60600001</misses>
				<total>0</total>
				<timestamp>381.773265</timestamp>
			</report>
			<report>
				<misses>60700001</misses>
				<total>0</total>
				<timestamp>382.410955</timestamp>
			</report>
			<report>
				<misses>60800001</misses>
				<total>0</total>
				<timestamp>383.035883</timestamp>
			</report>
			<report>
				<misses>60900001</misses>
				<total>0</total>
				<timestamp>383.659769</timestamp>
			</report>
			<report>
				<misses>61000001</misses>
				<total>0</total>
				<timestamp>384.286559</timestamp>
			</report>
			<report>
				<misses>61100001</misses>
				<total>0</total>
				<timestamp>384.909844</timestamp>
			</report>
			<report>
				<misses>61200001</misses>
				<total>0</total>
				<timestamp>385.567446</timestamp>
			</report>
			<report>
				<misses>61300001</misses>
				<total>0</total>
				<timestamp>386.201795</timestamp>
			</report>
			<report>
				<misses>61400001</misses>
				<total>0</total>
				<timestamp>386.830570</timestamp>
			</report>
			<report>
				<misses>61500001</misses>
				<total>0</total>
				<timestamp>387.459317</timestamp>
			</report>
			<report>
				<misses>61600001</misses>
				<total>0</total>
				<timestamp>388.099937</timestamp>
			</report>
			<report>
				<misses>61700001</misses>
				<total>0</total>
				<timestamp>388.734825</timestamp>
			</report>
			<report>
				<misses>61800001</misses>
				<total>0</total>
				<timestamp>389.364075</timestamp>
			</report>
			<report>
				<misses>61900001</misses>
				<total>0</total>
				<timestamp>390.000728</timestamp>
			</report>
			<report>
				<misses>62000001</misses>
				<total>0</total>
				<timestamp>390.627490</timestamp>
			</report>
			<report>
				<misses>62100001</misses>
				<total>0</total>
				<timestamp>391.254491</timestamp>
			</report>
			<report>
				<misses>62200001</misses>
				<total>0</total>
				<timestamp>391.881792</timestamp>
			</report>
			<report>
				<misses>62300001</misses>
				<total>0</total>
				<timestamp>392.508082</timestamp>
			</report>
			<report>
				<misses>62400001</misses>
				<total>0</total>
				<timestamp>393.134752</timestamp>
			</report>
			<report>
				<misses>62500001</misses>
				<total>0</total>
				<timestamp>393.763077</timestamp>
			</report>
			<report>
				<misses>62600001</misses>
				<total>0</total>
				<timestamp>394.393737</timestamp>
			</report>
			<report>
				<misses>62700001</misses>
				<total>0</total>
				<timestamp>395.020003</timestamp>
			</report>
			<report>
				<misses>62800001</misses>
				<total>0</total>
				<timestamp>395.646905</timestamp>
			</report>
			<report>
				<misses>62900001</misses>
				<total>0</total>
				<timestamp>396.273610</timestamp>
			</report>
			<report>
				<misses>63000001</misses>
				<total>0</total>
				<timestamp>396.900304</timestamp>
			</report>
			<report>
				<misses>63100001</misses>
				<total>0</total>
				<timestamp>397.526551</timestamp>
			</report>
			<report>
				<misses>63200001</misses>
				<total>0</total>
				<timestamp>398.153933</timestamp>
			</report>
			<report>
				<misses>63300001</misses>
				<total>0</total>
				<timestamp>398.781275</timestamp>
			</report>
			<report>
				<misses>63400001</misses>
				<total>0</total>
				<timestamp>399.409060</timestamp>
			</report>
			<report>
				<misses>63500001</misses>
				<total>0</total>
				<timestamp>400.046095</timestamp>
			</report>
			<report>
				<misses>63600001</misses>
				<total>0</total>
				<timestamp>400.675054</timestamp>
			</report>
			<report>
				<misses>63700001</misses>
				<total>0</total>
				<timestamp>401.304332</timestamp>
			</report>
			<report>
				<misses>63800001</misses>
				<total>0</total>
				<timestamp>401.931532</timestamp>
			</report>
			<report>
				<misses>63900001</misses>
				<total>0</total>
				<timestamp>402.559476</timestamp>
			</report>
			<report>
				<misses>64000001</misses>
				<total>0</total>
				<timestamp>403.202228</timestamp>
			</report>
			<report>
				<misses>64100001</misses>
				<total>0</total>
				<timestamp>403.828973</timestamp>
			</report>
			<report>
				<misses>64200001</misses>
				<total>0</total>
				<timestamp>404.455677</timestamp>
			</report>
			<report>
				<misses>64300001</misses>
				<total>0</total>
				<timestamp>405.082176</timestamp>
			</report>
			<report>
				<misses>64400001</misses>
				<total>0</total>
				<timestamp>405.709263</timestamp>
			</report>
			<report>
				<misses>64500001</misses>
				<total>0</total>
				<timestamp>406.335941</timestamp>
			</report>
			<report>
				<misses>64600001</misses>
				<total>0</total>
				<timestamp>406.963370</timestamp>
			</report>
			<report>
				<misses>64700001</misses>
				<total>0</total>
				<timestamp>407.592140</timestamp>
			</report>
			<report>
				<misses>64800001</misses>
				<total>0</total>
				<timestamp>408.220633</timestamp>
			</report>
			<report>
				<misses>64900001</misses>
				<total>0</total>
				<timestamp>408.848225</timestamp>
			</report>
			<report>
				<misses>65000001</misses>
				<total>0</total>
				<timestamp>409.474773</timestamp>
			</report>
			<report>
				<misses>65100001</misses>
				<total>0</total>
				<timestamp>410.101317</timestamp>
			</report>
			<report>
				<misses>65200001</misses>
				<total>0</total>
				<timestamp>410.727936</timestamp>
			</report>
			<report>
				<misses>65300001</misses>
				<total>0</total>
				<timestamp>411.354068</timestamp>
			</report>
			<report>
				<misses>65400001</misses>
				<total>0</total>
				<timestamp>411.980204</timestamp>
			</report>
			<report>
				<misses>65500001</misses>
				<total>0</total>
				<timestamp>412.606447</timestamp>
			</report>
			<report>
				<misses>65600001</misses>
				<total>0</total>
				<timestamp>413.232520</timestamp>
			</report>
			<report>
				<misses>65700001</misses>
				<total>0</total>
				<timestamp>413.869301</timestamp>
			</report>
			<report>
				<misses>65800001</misses>
				<total>0</total>
				<timestamp>414.495841</timestamp>
			</report>
			<report>
				<misses>65900001</misses>
				<total>0</total>
				<timestamp>415.122501</timestamp>
			</report>
			<report>
				<misses>66000001</misses>
				<total>0</total>
				<timestamp>415.748646</timestamp>
			</report>
			<report>
				<misses>66100001</misses>
				<total>0</total>
				<timestamp>416.375463</timestamp>
			</report>
			<report>
				<misses>66200001</misses>
				<total>0</total>
				<timestamp>417.013075</timestamp>
			</report>
			<report>
				<misses>66300001</misses>
				<total>0</total>
				<timestamp>417.639048</timestamp>
			</report>
			<report>
				<misses>66400001</misses>
				<total>0</total>
				<timestamp>418.265756</timestamp>
			</report>
			<report>
				<misses>66500001</misses>
				<total>0</total>
				<timestamp>418.892047</timestamp>
			</report>
			<report>
				<misses>66600001</misses>
				<total>0</total>
				<timestamp>419.518407</timestamp>
			</report>
			<report>
				<misses>66700001</misses>
				<total>0</total>
				<timestamp>420.155952</timestamp>
			</report>
			<report>
				<misses>66800001</misses>
				<total>0</total>
				<timestamp>420.782794</timestamp>
			</report>
			<report>
				<misses>66900001</misses>
				<total>0</total>
				<timestamp>421.408865</timestamp>
			</report>
			<report>
				<misses>67000001</misses>
				<total>0</total>
				<timestamp>422.034955</timestamp>
			</report>
			<report>
				<misses>67100001</misses>
				<total>0</total>
				<timestamp>422.661075</timestamp>
			</report>
			<report>
				<misses>67200001</misses>
				<total>0</total>
				<timestamp>423.287653</timestamp>
			</report>
			<report>
				<misses>67300001</misses>
				<total>0</total>
				<timestamp>423.914278</timestamp>
			</report>
			<report>
				<misses>67400001</misses>
				<total>0</total>
				<timestamp>424.540630</timestamp>
			</report>
			<report>
				<misses>67500001</misses>
				<total>0</total>
				<timestamp>425.167363</timestamp>
			</report>
			<report>
				<misses>67600001</misses>
				<total>0</total>
				<timestamp>425.793987</timestamp>
			</report>
			<report>
				<misses>67700001</misses>
				<total>0</total>
				<timestamp>426.420441</timestamp>
			</report>
			<report>
				<misses>67800001</misses>
				<total>0</total>
				<timestamp>427.047212</timestamp>
			</report>
			<report>
				<misses>67900001</misses>
				<total>0</total>
				<timestamp>427.673780</timestamp>
			</report>
			<report>
				<misses>68000001</misses>
				<total>0</total>
				<timestamp>428.300357</timestamp>
			</report>
			<report>
				<misses>68100001</misses>
				<total>0</total>
				<timestamp>428.928932</timestamp>
			</report>
			<report>
				<misses>68200001</misses>
				<total>0</total>
				<timestamp>429.554954</timestamp>
			</report>
			<report>
				<misses>68300001</misses>
				<total>0</total>
				<timestamp>430.182336</timestamp>
			</report>
			<report>
				<misses>68400001</misses>
				<total>0</total>
				<timestamp>430.812912</timestamp>
			</report>
			<report>
				<misses>68500001</misses>
				<total>0</total>
				<timestamp>431.439247</timestamp>
			</report>
			<report>
				<misses>68600001</misses>
				<total>0</total>
				<timestamp>432.066537</timestamp>
			</report>
			<report>
				<misses>68700001</misses>
				<total>0</total>
				<timestamp>432.694109</timestamp>
			</report>
			<report>
				<misses>68800001</misses>
				<total>0</total>
				<timestamp>433.320740</timestamp>
			</report>
			<report>
				<misses>68900001</misses>
				<total>0</total>
				<timestamp>433.946679</timestamp>
			</report>
			<report>
				<misses>69000001</misses>
				<total>0</total>
				<timestamp>434.573843</timestamp>
			</report>
			<report>
				<misses>69100001</misses>
				<total>0</total>
				<timestamp>435.212999</timestamp>
			</report>
			<report>
				<misses>69200001</misses>
				<total>0</total>
				<timestamp>435.842584</timestamp>
			</report>
			<report>
				<misses>69300001</misses>
				<total>0</total>
				<timestamp>436.468918</timestamp>
			</report>
			<report>
				<misses>69400001</misses>
				<total>0</total>
				<timestamp>437.096326</timestamp>
			</report>
			<report>
				<misses>69500001</misses>
				<total>0</total>
				<timestamp>437.722266</timestamp>
			</report>
			<report>
				<misses>69600001</misses>
				<total>0</total>
				<timestamp>438.348242</timestamp>
			</report>
			<report>
				<misses>69700001</misses>
				<total>0</total>
				<timestamp>438.975126</timestamp>
			</report>
			<report>
				<misses>69800001</misses>
				<total>0</total>
				<timestamp>439.601545</timestamp>
			</report>
			<report>
				<misses>69900001</misses>
				<total>0</total>
				<timestamp>440.227796</timestamp>
			</report>
			<report>
				<misses>70000001</misses>
				<total>0</total>
				<timestamp>440.854909</timestamp>
			</report>
			<report>
				<misses>70100001</misses>
				<total>0</total>
				<timestamp>441.481212</timestamp>
			</report>
			<report>
				<misses>70200001</misses>
				<total>0</total>
				<timestamp>442.109270</timestamp>
			</report>
			<report>
				<misses>70300001</misses>
				<total>0</total>
				<timestamp>442.740096</timestamp>
			</report>
			<report>
				<misses>70400001</misses>
				<total>0</total>
				<timestamp>443.366816</timestamp>
			</report>
			<report>
				<misses>70500001</misses>
				<total>0</total>
				<timestamp>443.996909</timestamp>
			</report>
			<report>
				<misses>70600001</misses>
				<total>0</total>
				<timestamp>444.624990</timestamp>
			</report>
			<report>
				<misses>70700001</misses>
				<total>0</total>
				<timestamp>445.253610</timestamp>
			</report>
			<report>
				<misses>70800001</misses>
				<total>0</total>
				<timestamp>445.883693</timestamp>
			</report>
			<report>
				<misses>70900001</misses>
				<total>0</total>
				<timestamp>446.517377</timestamp>
			</report>
			<report>
				<misses>71000001</misses>
				<total>0</total>
				<timestamp>447.146400</timestamp>
			</report>
			<report>
				<misses>71100001</misses>
				<total>0</total>
				<timestamp>447.775319</timestamp>
			</report>
			<report>
				<misses>71200001</misses>
				<total>0</total>
				<timestamp>448.404732</timestamp>
			</report>
			<report>
				<misses>71300001</misses>
				<total>0</total>
				<timestamp>449.034330</timestamp>
			</report>
			<report>
				<misses>71400001</misses>
				<total>0</total>
				<timestamp>449.663933</timestamp>
			</report>
			<report>
				<misses>71500001</misses>
				<total>0</total>
				<timestamp>450.292927</timestamp>
			</report>
			<report>
				<misses>71600001</misses>
				<total>0</total>
				<timestamp>450.926477</timestamp>
			</report>
			<report>
				<misses>71700001</misses>
				<total>0</total>
				<timestamp>451.558448</timestamp>
			</report>
			<report>
				<misses>71800001</misses>
				<total>0</total>
				<timestamp>452.199731</timestamp>
			</report>
			<report>
				<misses>71900001</misses>
				<total>0</total>
				<timestamp>452.830214</timestamp>
			</report>
			<report>
				<misses>72000001</misses>
				<total>0</total>
				<timestamp>453.461551</timestamp>
			</report>
			<report>
				<misses>72100001</misses>
				<total>0</total>
				<timestamp>454.097990</timestamp>
			</report>
			<report>
				<misses>72200001</misses>
				<total>0</total>
				<timestamp>454.727683</timestamp>
			</report>
			<report>
				<misses>72300001</misses>
				<total>0</total>
				<timestamp>455.357582</timestamp>
			</report>
			<report>
				<misses>72400001</misses>
				<total>0</total>
				<timestamp>455.988572</timestamp>
			</report>
			<report>
				<misses>72500001</misses>
				<total>0</total>
				<timestamp>456.620024</timestamp>
			</report>
			<report>
				<misses>72600001</misses>
				<total>0</total>
				<timestamp>457.250631</timestamp>
			</report>
			<report>
				<misses>72700001</misses>
				<total>0</total>
				<timestamp>457.899777</timestamp>
			</report>
			<report>
				<misses>72800001</misses>
				<total>0</total>
				<timestamp>458.529733</timestamp>
			</report>
			<report>
				<misses>72900001</misses>
				<total>0</total>
				<timestamp>459.160483</timestamp>
			</report>
			<report>
				<misses>73000001</misses>
				<total>0</total>
				<timestamp>459.791608</timestamp>
			</report>
			<report>
				<misses>73100001</misses>
				<total>0</total>
				<timestamp>460.422407</timestamp>
			</report>
			<report>
				<misses>73200001</misses>
				<total>0</total>
				<timestamp>461.053162</timestamp>
			</report>
			<report>
				<misses>73300001</misses>
				<total>0</total>
				<timestamp>461.684333</timestamp>
			</report>
			<report>
				<misses>73400001</misses>
				<total>0</total>
				<timestamp>462.314609</timestamp>
			</report>
			<report>
				<misses>73500001</misses>
				<total>0</total>
				<timestamp>462.945509</timestamp>
			</report>
			<report>
				<misses>73600001</misses>
				<total>0</total>
				<timestamp>463.575815</timestamp>
			</report>
			<report>
				<misses>73700001</misses>
				<total>0</total>
				<timestamp>464.206443</timestamp>
			</report>
			<report>
				<misses>73800001</misses>
				<total>0</total>
				<timestamp>464.836787</timestamp>
			</report>
			<report>
				<misses>73900001</misses>
				<total>0</total>
				<timestamp>465.467650</timestamp>
			</report>
			<report>
				<misses>74000001</misses>
				<total>0</total>
				<timestamp>466.098250</timestamp>
			</report>
			<report>
				<misses>74100001</misses>
				<total>0</total>
				<timestamp>466.728606</timestamp>
			</report>
			<report>
				<misses>74200001</misses>
				<total>0</total>
				<timestamp>467.358522</timestamp>
			</report>
			<report>
				<misses>74300001</misses>
				<total>0</total>
				<timestamp>467.989228</timestamp>
			</report>
			<report>
				<misses>74400001</misses>
				<total>0</total>
				<timestamp>468.620067</timestamp>
			</report>
			<report>
				<misses>74500001</misses>
				<total>0</total>
				<timestamp>469.249873</timestamp>
			</report>
			<report>
				<misses>74600001</misses>
				<total>0</total>
				<timestamp>469.880362</timestamp>
			</report>
			<report>
				<misses>74700001</misses>
				<total>0</total>
				<timestamp>470.510369</timestamp>
			</report>
			<report>
				<misses>74800001</misses>
				<total>0</total>
				<timestamp>471.140468</timestamp>
			</report>
			<report>
				<misses>74900001</misses>
				<total>0</total>
				<timestamp>471.770206</timestamp>
			</report>
			<report>
				<misses>75000001</misses>
				<total>0</total>
				<timestamp>472.401218</timestamp>
			</report>
			<report>
				<misses>75100001</misses>
				<total>0</total>
				<timestamp>473.051357</timestamp>
			</report>
			<report>
				<misses>75200001</misses>
				<total>0</total>
				<timestamp>473.680821</timestamp>
			</report>
			<report>
				<misses>75300001</misses>
				<total>0</total>
				<timestamp>474.310901</timestamp>
			</report>
			<report>
				<misses>75400001</misses>
				<total>0</total>
				<timestamp>474.940756</timestamp>
			</report>
			<report>
				<misses>75500001</misses>
				<total>0</total>
				<timestamp>475.570961</timestamp>
			</report>
			<report>
				<misses>75600001</misses>
				<total>0</total>
				<timestamp>476.201414</timestamp>
			</report>
			<report>
				<misses>75700001</misses>
				<total>0</total>
				<timestamp>476.834314</timestamp>
			</report>
			<report>
				<misses>75800001</misses>
				<total>0</total>
				<timestamp>477.464540</timestamp>
			</report>
			<report>
				<misses>75900001</misses>
				<total>0</total>
				<timestamp>478.094636</timestamp>
			</report>
			<report>
				<misses>76000001</misses>
				<total>0</total>
				<timestamp>478.727936</timestamp>
			</report>
			<report>
				<misses>76100001</misses>
				<total>0</total>
				<timestamp>479.359137</timestamp>
			</report>
			<report>
				<misses>76200001</misses>
				<total>0</total>
				<timestamp>479.989460</timestamp>
			</report>
			<report>
				<misses>76300001</misses>
				<total>0</total>
				<timestamp>480.619114</timestamp>
			</report>
			<report>
				<misses>76400001</misses>
				<total>0</total>
				<timestamp>481.250142</timestamp>
			</report>
			<report>
				<misses>76500001</misses>
				<total>0</total>
				<timestamp>481.881170</timestamp>
			</report>
			<report>
				<misses>76600001</misses>
				<total>0</total>
				<timestamp>482.512584</timestamp>
			</report>
			<report>
				<misses>76700001</misses>
				<total>0</total>
				<timestamp>483.143536</timestamp>
			</report>
			<report>
				<misses>76800001</misses>
				<total>0</total>
				<timestamp>483.775357</timestamp>
			</report>
			<report>
				<misses>76900001</misses>
				<total>0</total>
				<timestamp>484.406643</timestamp>
			</report>
			<report>
				<misses>77000001</misses>
				<total>0</total>
				<timestamp>485.037864</timestamp>
			</report>
			<report>
				<misses>77100001</misses>
				<total>0</total>
				<timestamp>485.668762</timestamp>
			</report>
			<report>
				<misses>77200001</misses>
				<total>0</total>
				<timestamp>486.299485</timestamp>
			</report>
			<report>
				<misses>77300001</misses>
				<total>0</total>
				<timestamp>486.930215</timestamp>
			</report>
			<report>
				<misses>77400001</misses>
				<total>0</total>
				<timestamp>487.561484</timestamp>
			</report>
			<report>
				<misses>77500001</misses>
				<total>0</total>
				<timestamp>488.192391</timestamp>
			</report>
			<report>
				<misses>77600001</misses>
				<total>0</total>
				<timestamp>488.822827</timestamp>
			</report>
			<report>
				<misses>77700001</misses>
				<total>0</total>
				<timestamp>489.453136</timestamp>
			</report>
			<report>
				<misses>77800001</misses>
				<total>0</total>
				<timestamp>490.083965</timestamp>
			</report>
			<report>
				<misses>77900001</misses>
				<total>0</total>
				<timestamp>490.714414</timestamp>
			</report>
			<report>
				<misses>78000001</misses>
				<total>0</total>
				<timestamp>491.344518</timestamp>
			</report>
			<report>
				<misses>78100001</misses>
				<total>0</total>
				<timestamp>491.973869</timestamp>
			</report>
			<report>
				<misses>78200001</misses>
				<total>0</total>
				<timestamp>492.604200</timestamp>
			</report>
			<report>
				<misses>78300001</misses>
				<total>0</total>
				<timestamp>493.234618</timestamp>
			</report>
			<report>
				<misses>78400001</misses>
				<total>0</total>
				<timestamp>493.864664</timestamp>
			</report>
			<report>
				<misses>78500001</misses>
				<total>0</total>
				<timestamp>494.495005</timestamp>
			</report>
			<report>
				<misses>78600001</misses>
				<total>0</total>
				<timestamp>495.126769</timestamp>
			</report>
			<report>
				<misses>78700001</misses>
				<total>0</total>
				<timestamp>495.757000</timestamp>
			</report>
			<report>
				<misses>78800001</misses>
				<total>0</total>
				<timestamp>496.388211</timestamp>
			</report>
			<report>
				<misses>78900001</misses>
				<total>0</total>
				<timestamp>497.019635</timestamp>
			</report>
			<report>
				<misses>79000001</misses>
				<total>0</total>
				<timestamp>497.651353</timestamp>
			</report>
			<report>
				<misses>79100001</misses>
				<total>0</total>
				<timestamp>498.319449</timestamp>
			</report>
			<report>
				<misses>79200001</misses>
				<total>0</total>
				<timestamp>498.950604</timestamp>
			</report>
			<report>
				<misses>79300001</misses>
				<total>0</total>
				<timestamp>499.582724</timestamp>
			</report>
			<report>
				<misses>79400001</misses>
				<total>0</total>
				<timestamp>500.214758</timestamp>
			</report>
			<report>
				<misses>79500001</misses>
				<total>0</total>
				<timestamp>500.846804</timestamp>
			</report>
			<report>
				<misses>79600001</misses>
				<total>0</total>
				<timestamp>501.479114</timestamp>
			</report>
			<report>
				<misses>79700001</misses>
				<total>0</total>
				<timestamp>502.124162</timestamp>
			</report>
			<report>
				<misses>79800001</misses>
				<total>0</total>
				<timestamp>502.753985</timestamp>
			</report>
			<report>
				<misses>79900001</misses>
				<total>0</total>
				<timestamp>503.383013</timestamp>
			</report>
			<report>
				<misses>80000001</misses>
				<total>0</total>
				<timestamp>504.012016</timestamp>
			</report>
			<report>
				<misses>80100001</misses>
				<total>0</total>
				<timestamp>504.641917</timestamp>
			</report>
			<report>
				<misses>80200001</misses>
				<total>0</total>
				<timestamp>505.271366</timestamp>
			</report>
			<report>
				<misses>80300001</misses>
				<total>0</total>
				<timestamp>505.919100</timestamp>
			</report>
			<report>
				<misses>80400001</misses>
				<total>0</total>
				<timestamp>506.551463</timestamp>
			</report>
			<report>
				<misses>80500001</misses>
				<total>0</total>
				<timestamp>507.184505</timestamp>
			</report>
			<report>
				<misses>80600001</misses>
				<total>0</total>
				<timestamp>507.819790</timestamp>
			</report>
			<report>
				<misses>80700001</misses>
				<total>0</total>
				<timestamp>508.452681</timestamp>
			</report>
			<report>
				<misses>80800001</misses>
				<total>0</total>
				<timestamp>509.094135</timestamp>
			</report>
			<report>
				<misses>80900001</misses>
				<total>0</total>
				<timestamp>509.726953</timestamp>
			</report>
			<report>
				<misses>81000001</misses>
				<total>0</total>
				<timestamp>510.359122</timestamp>
			</report>
			<report>
				<misses>81100001</misses>
				<total>0</total>
				<timestamp>510.990951</timestamp>
			</report>
			<report>
				<misses>81200001</misses>
				<total>0</total>
				<timestamp>511.636624</timestamp>
			</report>
			<report>
				<misses>81300001</misses>
				<total>0</total>
				<timestamp>512.269667</timestamp>
			</report>
			<report>
				<misses>81400001</misses>
				<total>0</total>
				<timestamp>512.900839</timestamp>
			</report>
			<report>
				<misses>81500001</misses>
				<total>0</total>
				<timestamp>513.530849</timestamp>
			</report>
			<report>
				<misses>81600001</misses>
				<total>0</total>
				<timestamp>514.159829</timestamp>
			</report>
			<report>
				<misses>81700001</misses>
				<total>0</total>
				<timestamp>514.789637</timestamp>
			</report>
			<report>
				<misses>81800001</misses>
				<total>0</total>
				<timestamp>515.419295</timestamp>
			</report>
			<report>
				<misses>81900001</misses>
				<total>0</total>
				<timestamp>516.048898</timestamp>
			</report>
			<report>
				<misses>82000001</misses>
				<total>0</total>
				<timestamp>516.679600</timestamp>
			</report>
			<report>
				<misses>82100001</misses>
				<total>0</total>
				<timestamp>517.310141</timestamp>
			</report>
			<report>
				<misses>82200001</misses>
				<total>0</total>
				<timestamp>517.940646</timestamp>
			</report>
			<report>
				<misses>82300001</misses>
				<total>0</total>
				<timestamp>518.570262</timestamp>
			</report>
			<report>
				<misses>82400001</misses>
				<total>0</total>
				<timestamp>519.200024</timestamp>
			</report>
			<report>
				<misses>82500001</misses>
				<total>0</total>
				<timestamp>519.829889</timestamp>
			</report>
			<report>
				<misses>82600001</misses>
				<total>0</total>
				<timestamp>520.459009</timestamp>
			</report>
			<report>
				<misses>82700001</misses>
				<total>0</total>
				<timestamp>521.086973</timestamp>
			</report>
			<report>
				<misses>82800001</misses>
				<total>0</total>
				<timestamp>521.716146</timestamp>
			</report>
			<report>
				<misses>82900001</misses>
				<total>0</total>
				<timestamp>522.342823</timestamp>
			</report>
			<report>
				<misses>83000001</misses>
				<total>0</total>
				<timestamp>522.970083</timestamp>
			</report>
			<report>
				<misses>83100001</misses>
				<total>0</total>
				<timestamp>523.596490</timestamp>
			</report>
			<report>
				<misses>83200001</misses>
				<total>0</total>
				<timestamp>524.223243</timestamp>
			</report>
			<report>
				<misses>83300001</misses>
				<total>0</total>
				<timestamp>524.855101</timestamp>
			</report>
			<report>
				<misses>83400001</misses>
				<total>0</total>
				<timestamp>525.481527</timestamp>
			</report>
			<report>
				<misses>83500001</misses>
				<total>0</total>
				<timestamp>526.111139</timestamp>
			</report>
			<report>
				<misses>83600001</misses>
				<total>0</total>
				<timestamp>526.738039</timestamp>
			</report>
			<report>
				<misses>83700001</misses>
				<total>0</total>
				<timestamp>527.364800</timestamp>
			</report>
			<report>
				<misses>83800001</misses>
				<total>0</total>
				<timestamp>527.998228</timestamp>
			</report>
			<report>
				<misses>83900001</misses>
				<total>0</total>
				<timestamp>528.624795</timestamp>
			</report>
			<report>
				<misses>84000001</misses>
				<total>0</total>
				<timestamp>529.251437</timestamp>
			</report>
			<report>
				<misses>84100001</misses>
				<total>0</total>
				<timestamp>529.877244</timestamp>
			</report>
			<report>
				<misses>84200001</misses>
				<total>0</total>
				<timestamp>530.504145</timestamp>
			</report>
			<report>
				<misses>84300001</misses>
				<total>0</total>
				<timestamp>531.130797</timestamp>
			</report>
			<report>
				<misses>84400001</misses>
				<total>0</total>
				<timestamp>531.758243</timestamp>
			</report>
			<report>
				<misses>84500001</misses>
				<total>0</total>
				<timestamp>532.384015</timestamp>
			</report>
			<report>
				<misses>84600001</misses>
				<total>0</total>
				<timestamp>533.009857</timestamp>
			</report>
			<report>
				<misses>84700001</misses>
				<total>0</total>
				<timestamp>533.636393</timestamp>
			</report>
			<report>
				<misses>84800001</misses>
				<total>0</total>
				<timestamp>534.262433</timestamp>
			</report>
			<report>
				<misses>84900001</misses>
				<total>0</total>
				<timestamp>534.893876</timestamp>
			</report>
			<report>
				<misses>85000001</misses>
				<total>0</total>
				<timestamp>535.518650</timestamp>
			</report>
			<report>
				<misses>85100001</misses>
				<total>0</total>
				<timestamp>536.144778</timestamp>
			</report>
			<report>
				<misses>85200001</misses>
				<total>0</total>
				<timestamp>536.772556</timestamp>
			</report>
			<report>
				<misses>85300001</misses>
				<total>0</total>
				<timestamp>537.398047</timestamp>
			</report>
			<report>
				<misses>85400001</misses>
				<total>0</total>
				<timestamp>538.028218</timestamp>
			</report>
			<report>
				<misses>85500001</misses>
				<total>0</total>
				<timestamp>538.653795</timestamp>
			</report>
			<report>
				<misses>85600001</misses>
				<total>0</total>
				<timestamp>539.280127</timestamp>
			</report>
			<report>
				<misses>85700001</misses>
				<total>0</total>
				<timestamp>539.905981</timestamp>
			</report>
			<report>
				<misses>85800001</misses>
				<total>0</total>
				<timestamp>540.530447</timestamp>
			</report>
			<report>
				<misses>85900001</misses>
				<total>0</total>
				<timestamp>541.157022</timestamp>
			</report>
			<report>
				<misses>86000001</misses>
				<total>0</total>
				<timestamp>541.783637</timestamp>
			</report>
			<report>
				<misses>86100001</misses>
				<total>0</total>
				<timestamp>542.408177</timestamp>
			</report>
			<report>
				<misses>86200001</misses>
				<total>0</total>
				<timestamp>543.053819</timestamp>
			</report>
			<report>
				<misses>86300001</misses>
				<total>0</total>
				<timestamp>543.678455</timestamp>
			</report>
			<report>
				<misses>86400001</misses>
				<total>0</total>
				<timestamp>544.304041</timestamp>
			</report>
			<report>
				<misses>86500001</misses>
				<total>0</total>
				<timestamp>544.929386</timestamp>
			</report>
			<report>
				<misses>86600001</misses>
				<total>0</total>
				<timestamp>545.555961</timestamp>
			</report>
			<report>
				<misses>86700001</misses>
				<total>0</total>
				<timestamp>546.187048</timestamp>
			</report>
			<report>
				<misses>86800001</misses>
				<total>0</total>
				<timestamp>546.812687</timestamp>
			</report>
			<report>
				<misses>86900001</misses>
				<total>0</total>
				<timestamp>547.439334</timestamp>
			</report>
			<report>
				<misses>87000001</misses>
				<total>0</total>
				<timestamp>548.065316</timestamp>
			</report>
			<report>
				<misses>87100001</misses>
				<total>0</total>
				<timestamp>548.691493</timestamp>
			</report>
			<report>
				<misses>87200001</misses>
				<total>0</total>
				<timestamp>549.317826</timestamp>
			</report>
			<report>
				<misses>87300001</misses>
				<total>0</total>
				<timestamp>549.955320</timestamp>
			</report>
			<report>
				<misses>87400001</misses>
				<total>0</total>
				<timestamp>550.580733</timestamp>
			</report>
			<report>
				<misses>87500001</misses>
				<total>0</total>
				<timestamp>551.205105</timestamp>
			</report>
			<report>
				<misses>87600001</misses>
				<total>0</total>
				<timestamp>551.830519</timestamp>
			</report>
			<report>
				<misses>87700001</misses>
				<total>0</total>
				<timestamp>552.455912</timestamp>
			</report>
			<report>
				<misses>87800001</misses>
				<total>0</total>
				<timestamp>553.081133</timestamp>
			</report>
			<report>
				<misses>87900001</misses>
				<total>0</total>
				<timestamp>553.705679</timestamp>
			</report>
			<report>
				<misses>88000001</misses>
				<total>0</total>
				<timestamp>554.330762</timestamp>
			</report>
			<report>
				<misses>88100001</misses>
				<total>0</total>
				<timestamp>554.956155</timestamp>
			</report>
			<report>
				<misses>88200001</misses>
				<total>0</total>
				<timestamp>555.581195</timestamp>
			</report>
			<report>
				<misses>88300001</misses>
				<total>0</total>
				<timestamp>556.207268</timestamp>
			</report>
			<report>
				<misses>88400001</misses>
				<total>0</total>
				<timestamp>556.832927</timestamp>
			</report>
			<report>
				<misses>88500001</misses>
				<total>0</total>
				<timestamp>557.457952</timestamp>
			</report>
			<report>
				<misses>88600001</misses>
				<total>0</total>
				<timestamp>558.081889</timestamp>
			</report>
			<report>
				<misses>88700001</misses>
				<total>0</total>
				<timestamp>558.707007</timestamp>
			</report>
			<report>
				<misses>88800001</misses>
				<total>0</total>
				<timestamp>559.332489</timestamp>
			</report>
			<report>
				<misses>88900001</misses>
				<total>0</total>
				<timestamp>559.958003</timestamp>
			</report>
			<report>
				<misses>89000001</misses>
				<total>0</total>
				<timestamp>560.583622</timestamp>
			</report>
			<report>
				<misses>89100001</misses>
				<total>0</total>
				<timestamp>561.207763</timestamp>
			</report>
			<report>
				<misses>89200001</misses>
				<total>0</total>
				<timestamp>561.832596</timestamp>
			</report>
			<report>
				<misses>89300001</misses>
				<total>0</total>
				<timestamp>562.456946</timestamp>
			</report>
			<report>
				<misses>89400001</misses>
				<total>0</total>
				<timestamp>563.081005</timestamp>
			</report>
			<report>
				<misses>89500001</misses>
				<total>0</total>
				<timestamp>563.706630</timestamp>
			</report>
			<report>
				<misses>89600001</misses>
				<total>0</total>
				<timestamp>564.331578</timestamp>
			</report>
			<report>
				<misses>89700001</misses>
				<total>0</total>
				<timestamp>564.957991</timestamp>
			</report>
			<report>
				<misses>89800001</misses>
				<total>0</total>
				<timestamp>565.583991</timestamp>
			</report>
			<report>
				<misses>89900001</misses>
				<total>0</total>
				<timestamp>566.227185</timestamp>
			</report>
			<report>
				<misses>90000001</misses>
				<total>0</total>
				<timestamp>566.857669</timestamp>
			</report>
			<report>
				<misses>90100001</misses>
				<total>0</total>
				<timestamp>567.481603</timestamp>
			</report>
			<report>
				<misses>90200001</misses>
				<total>0</total>
				<timestamp>568.107113</timestamp>
			</report>
			<report>
				<misses>90300001</misses>
				<total>0</total>
				<timestamp>568.732665</timestamp>
			</report>
			<report>
				<misses>90400001</misses>
				<total>0</total>
				<timestamp>569.357203</timestamp>
			</report>
			<report>
				<misses>90500001</misses>
				<total>0</total>
				<timestamp>569.982301</timestamp>
			</report>
			<report>
				<misses>90600001</misses>
				<total>0</total>
				<timestamp>570.607293</timestamp>
			</report>
			<report>
				<misses>90700001</misses>
				<total>0</total>
				<timestamp>571.232125</timestamp>
			</report>
			<report>
				<misses>90800001</misses>
				<total>0</total>
				<timestamp>571.856711</timestamp>
			</report>
			<report>
				<misses>90900001</misses>
				<total>0</total>
				<timestamp>572.482105</timestamp>
			</report>
			<report>
				<misses>91000001</misses>
				<total>0</total>
				<timestamp>573.108048</timestamp>
			</report>
			<report>
				<misses>91100001</misses>
				<total>0</total>
				<timestamp>573.734772</timestamp>
			</report>
			<report>
				<misses>91200001</misses>
				<total>0</total>
				<timestamp>574.361025</timestamp>
			</report>
			<report>
				<misses>91300001</misses>
				<total>0</total>
				<timestamp>574.986894</timestamp>
			</report>
			<report>
				<misses>91400001</misses>
				<total>0</total>
				<timestamp>575.613440</timestamp>
			</report>
			<report>
				<misses>91500001</misses>
				<total>0</total>
				<timestamp>576.239253</timestamp>
			</report>
			<report>
				<misses>91600001</misses>
				<total>0</total>
				<timestamp>576.864924</timestamp>
			</report>
			<report>
				<misses>91700001</misses>
				<total>0</total>
				<timestamp>577.490031</timestamp>
			</report>
			<report>
				<misses>91800001</misses>
				<total>0</total>
				<timestamp>578.113841</timestamp>
			</report>
			<report>
				<misses>91900001</misses>
				<total>0</total>
				<timestamp>578.739485</timestamp>
			</report>
			<report>
				<misses>92000001</misses>
				<total>0</total>
				<timestamp>579.365023</timestamp>
			</report>
			<report>
				<misses>92100001</misses>
				<total>0</total>
				<timestamp>579.989960</timestamp>
			</report>
			<report>
				<misses>92200001</misses>
				<total>0</total>
				<timestamp>580.614572</timestamp>
			</report>
			<report>
				<misses>92300001</misses>
				<total>0</total>
				<timestamp>581.239098</timestamp>
			</report>
			<report>
				<misses>92400001</misses>
				<total>0</total>
				<timestamp>581.861555</timestamp>
			</report>
			<report>
				<misses>92500001</misses>
				<total>0</total>
				<timestamp>582.484264</timestamp>
			</report>
			<report>
				<misses>92600001</misses>
				<total>0</total>
				<timestamp>583.109103</timestamp>
			</report>
			<report>
				<misses>92700001</misses>
				<total>0</total>
				<timestamp>583.733652</timestamp>
			</report>
			<report>
				<misses>92800001</misses>
				<total>0</total>
				<timestamp>584.357218</timestamp>
			</report>
			<report>
				<misses>92900001</misses>
				<total>0</total>
				<timestamp>584.981131</timestamp>
			</report>
			<report>
				<misses>93000001</misses>
				<total>0</total>
				<timestamp>585.604477</timestamp>
			</report>
			<report>
				<misses>93100001</misses>
				<total>0</total>
				<timestamp>586.228065</timestamp>
			</report>
			<report>
				<misses>93200001</misses>
				<total>0</total>
				<timestamp>586.851713</timestamp>
			</report>
			<report>
				<misses>93300001</misses>
				<total>0</total>
				<timestamp>587.475302</timestamp>
			</report>
			<report>
				<misses>93400001</misses>
				<total>0</total>
				<timestamp>588.099536</timestamp>
			</report>
			<report>
				<misses>93500001</misses>
				<total>0</total>
				<timestamp>588.723784</timestamp>
			</report>
			<report>
				<misses>93600001</misses>
				<total>0</total>
				<timestamp>589.347741</timestamp>
			</report>
			<report>
				<misses>93700001</misses>
				<total>0</total>
				<timestamp>589.971222</timestamp>
			</report>
			<report>
				<misses>93800001</misses>
				<total>0</total>
				<timestamp>590.594718</timestamp>
			</report>
			<report>
				<misses>93900001</misses>
				<total>0</total>
				<timestamp>591.218136</timestamp>
			</report>
			<report>
				<misses>94000001</misses>
				<total>0</total>
				<timestamp>591.842981</timestamp>
			</report>
			<report>
				<misses>94100001</misses>
				<total>0</total>
				<timestamp>592.467527</timestamp>
			</report>
			<report>
				<misses>94200001</misses>
				<total>0</total>
				<timestamp>593.092050</timestamp>
			</report>
			<report>
				<misses>94300001</misses>
				<total>0</total>
				<timestamp>593.715993</timestamp>
			</report>
			<report>
				<misses>94400001</misses>
				<total>0</total>
				<timestamp>594.339102</timestamp>
			</report>
			<report>
				<misses>94500001</misses>
				<total>0</total>
				<timestamp>594.962092</timestamp>
			</report>
			<report>
				<misses>94600001</misses>
				<total>0</total>
				<timestamp>595.585053</timestamp>
			</report>
			<report>
				<misses>94700001</misses>
				<total>0</total>
				<timestamp>596.210780</timestamp>
			</report>
			<report>
				<misses>94800001</misses>
				<total>0</total>
				<timestamp>596.839218</timestamp>
			</report>
			<report>
				<misses>94900001</misses>
				<total>0</total>
				<timestamp>597.464133</timestamp>
			</report>
			<report>
				<misses>95000001</misses>
				<total>0</total>
				<timestamp>598.090211</timestamp>
			</report>
			<report>
				<misses>95100001</misses>
				<total>0</total>
				<timestamp>598.715355</timestamp>
			</report>
			<report>
				<misses>95200001</misses>
				<total>0</total>
				<timestamp>599.340432</timestamp>
			</report>
			<report>
				<misses>95300001</misses>
				<total>0</total>
				<timestamp>599.965373</timestamp>
			</report>
			<report>
				<misses>95400001</misses>
				<total>0</total>
				<timestamp>600.589188</timestamp>
			</report>
			<report>
				<misses>95500001</misses>
				<total>0</total>
				<timestamp>601.215544</timestamp>
			</report>
			<report>
				<misses>95600001</misses>
				<total>0</total>
				<timestamp>601.840173</timestamp>
			</report>
			<report>
				<misses>95700001</misses>
				<total>0</total>
				<timestamp>602.463834</timestamp>
			</report>
			<report>
				<misses>95800001</misses>
				<total>0</total>
				<timestamp>603.086860</timestamp>
			</report>
			<report>
				<misses>95900001</misses>
				<total>0</total>
				<timestamp>603.709720</timestamp>
			</report>
			<report>
				<misses>96000001</misses>
				<total>0</total>
				<timestamp>604.332639</timestamp>
			</report>
			<report>
				<misses>96100001</misses>
				<total>0</total>
				<timestamp>604.958253</timestamp>
			</report>
			<report>
				<misses>96200001</misses>
				<total>0</total>
				<timestamp>605.585500</timestamp>
			</report>
			<report>
				<misses>96300001</misses>
				<total>0</total>
				<timestamp>606.228017</timestamp>
			</report>
			<report>
				<misses>96400001</misses>
				<total>0</total>
				<timestamp>606.856509</timestamp>
			</report>
			<report>
				<misses>96500001</misses>
				<total>0</total>
				<timestamp>607.485828</timestamp>
			</report>
			<report>
				<misses>96600001</misses>
				<total>0</total>
				<timestamp>608.118880</timestamp>
			</report>
			<report>
				<misses>96700001</misses>
				<total>0</total>
				<timestamp>608.746013</timestamp>
			</report>
			<report>
				<misses>96800001</misses>
				<total>0</total>
				<timestamp>609.372835</timestamp>
			</report>
			<report>
				<misses>96900001</misses>
				<total>0</total>
				<timestamp>610.000754</timestamp>
			</report>
			<report>
				<misses>97000001</misses>
				<total>0</total>
				<timestamp>610.628807</timestamp>
			</report>
			<report>
				<misses>97100001</misses>
				<total>0</total>
				<timestamp>611.270256</timestamp>
			</report>
			<report>
				<misses>97200001</misses>
				<total>0</total>
				<timestamp>611.924662</timestamp>
			</report>
			<report>
				<misses>97300001</misses>
				<total>0</total>
				<timestamp>612.560282</timestamp>
			</report>
			<report>
				<misses>97400001</misses>
				<total>0</total>
				<timestamp>613.197616</timestamp>
			</report>
			<report>
				<misses>97500001</misses>
				<total>0</total>
				<timestamp>613.828547</timestamp>
			</report>
			<report>
				<misses>97600001</misses>
				<total>0</total>
				<timestamp>614.458764</timestamp>
			</report>
			<report>
				<misses>97700001</misses>
				<total>0</total>
				<timestamp>615.092413</timestamp>
			</report>
			<report>
				<misses>97800001</misses>
				<total>0</total>
				<timestamp>615.722158</timestamp>
			</report>
			<report>
				<misses>97900001</misses>
				<total>0</total>
				<timestamp>616.351887</timestamp>
			</report>
			<report>
				<misses>98000001</misses>
				<total>0</total>
				<timestamp>616.980857</timestamp>
			</report>
			<report>
				<misses>98100001</misses>
				<total>0</total>
				<timestamp>617.610346</timestamp>
			</report>
			<report>
				<misses>98200001</misses>
				<total>0</total>
				<timestamp>618.246478</timestamp>
			</report>
			<report>
				<misses>98300001</misses>
				<total>0</total>
				<timestamp>618.876558</timestamp>
			</report>
			<report>
				<misses>98400001</misses>
				<total>0</total>
				<timestamp>619.518108</timestamp>
			</report>
			<report>
				<misses>98500001</misses>
				<total>0</total>
				<timestamp>620.148881</timestamp>
			</report>
			<report>
				<misses>98600001</misses>
				<total>0</total>
				<timestamp>620.779093</timestamp>
			</report>
			<report>
				<misses>98700001</misses>
				<total>0</total>
				<timestamp>621.408312</timestamp>
			</report>
			<report>
				<misses>98800001</misses>
				<total>0</total>
				<timestamp>622.037973</timestamp>
			</report>
			<report>
				<misses>98900001</misses>
				<total>0</total>
				<timestamp>622.673553</timestamp>
			</report>
			<report>
				<misses>99000001</misses>
				<total>0</total>
				<timestamp>623.306108</timestamp>
			</report>
			<report>
				<misses>99100001</misses>
				<total>0</total>
				<timestamp>623.940283</timestamp>
			</report>
			<report>
				<misses>99200001</misses>
				<total>0</total>
				<timestamp>624.579765</timestamp>
			</report>
			<report>
				<misses>99300001</misses>
				<total>0</total>
				<timestamp>625.213113</timestamp>
			</report>
			<report>
				<misses>99400001</misses>
				<total>0</total>
				<timestamp>625.844255</timestamp>
			</report>
			<report>
				<misses>99500001</misses>
				<total>0</total>
				<timestamp>626.476213</timestamp>
			</report>
			<report>
				<misses>99600001</misses>
				<total>0</total>
				<timestamp>627.116321</timestamp>
			</report>
			<report>
				<misses>99700001</misses>
				<total>0</total>
				<timestamp>627.759485</timestamp>
			</report>
			<report>
				<misses>99800001</misses>
				<total>0</total>
				<timestamp>628.398014</timestamp>
			</report>
			<report>
				<misses>99900001</misses>
				<total>0</total>
				<timestamp>629.031598</timestamp>
			</report>
			<report>
				<misses>100000001</misses>
				<total>0</total>
				<timestamp>629.665956</timestamp>
			</report>
			<report>
				<misses>100100001</misses>
				<total>0</total>
				<timestamp>630.307063</timestamp>
			</report>
			<report>
				<misses>100200001</misses>
				<total>0</total>
				<timestamp>630.949991</timestamp>
			</report>
			<report>
				<misses>100300001</misses>
				<total>0</total>
				<timestamp>631.611404</timestamp>
			</report>
			<report>
				<misses>100400001</misses>
				<total>0</total>
				<timestamp>632.302126</timestamp>
			</report>
			<report>
				<misses>100500001</misses>
				<total>0</total>
				<timestamp>632.993841</timestamp>
			</report>
			<report>
				<misses>100600001</misses>
				<total>0</total>
				<timestamp>633.631538</timestamp>
			</report>
			<report>
				<misses>100700001</misses>
				<total>0</total>
				<timestamp>634.271284</timestamp>
			</report>
			<report>
				<misses>100800001</misses>
				<total>0</total>
				<timestamp>634.904743</timestamp>
			</report>
			<report>
				<misses>100900001</misses>
				<total>0</total>
				<timestamp>635.538338</timestamp>
			</report>
			<report>
				<misses>101000001</misses>
				<total>0</total>
				<timestamp>636.173289</timestamp>
			</report>
			<report>
				<misses>101100001</misses>
				<total>0</total>
				<timestamp>636.865202</timestamp>
			</report>
			<report>
				<misses>101200001</misses>
				<total>0</total>
				<timestamp>637.582923</timestamp>
			</report>
			<report>
				<misses>101300001</misses>
				<total>0</total>
				<timestamp>638.257971</timestamp>
			</report>
			<report>
				<misses>101400001</misses>
				<total>0</total>
				<timestamp>638.905972</timestamp>
			</report>
			<report>
				<misses>101500001</misses>
				<total>0</total>
				<timestamp>639.544029</timestamp>
			</report>
			<report>
				<misses>101600001</misses>
				<total>0</total>
				<timestamp>640.185658</timestamp>
			</report>
			<report>
				<misses>101700001</misses>
				<total>0</total>
				<timestamp>640.822023</timestamp>
			</report>
			<report>
				<misses>101800001</misses>
				<total>0</total>
				<timestamp>641.456888</timestamp>
			</report>
			<report>
				<misses>101900001</misses>
				<total>0</total>
				<timestamp>642.090731</timestamp>
			</report>
			<report>
				<misses>102000001</misses>
				<total>0</total>
				<timestamp>642.730035</timestamp>
			</report>
			<report>
				<misses>102100001</misses>
				<total>0</total>
				<timestamp>643.370971</timestamp>
			</report>
			<report>
				<misses>102200001</misses>
				<total>0</total>
				<timestamp>644.004258</timestamp>
			</report>
			<report>
				<misses>102300001</misses>
				<total>0</total>
				<timestamp>644.646609</timestamp>
			</report>
			<report>
				<misses>102400001</misses>
				<total>0</total>
				<timestamp>645.292468</timestamp>
			</report>
			<report>
				<misses>102500001</misses>
				<total>0</total>
				<timestamp>645.933319</timestamp>
			</report>
			<report>
				<misses>102600001</misses>
				<total>0</total>
				<timestamp>646.575507</timestamp>
			</report>
			<report>
				<misses>102700001</misses>
				<total>0</total>
				<timestamp>647.211432</timestamp>
			</report>
			<report>
				<misses>102800001</misses>
				<total>0</total>
				<timestamp>647.847294</timestamp>
			</report>
			<report>
				<misses>102900001</misses>
				<total>0</total>
				<timestamp>648.480503</timestamp>
			</report>
			<report>
				<misses>103000001</misses>
				<total>0</total>
				<timestamp>649.114278</timestamp>
			</report>
			<report>
				<misses>103100001</misses>
				<total>0</total>
				<timestamp>649.749924</timestamp>
			</report>
			<report>
				<misses>103200001</misses>
				<total>0</total>
				<timestamp>650.401132</timestamp>
			</report>
			<report>
				<misses>103300001</misses>
				<total>0</total>
				<timestamp>651.072487</timestamp>
			</report>
			<report>
				<misses>103400001</misses>
				<total>0</total>
				<timestamp>651.729073</timestamp>
			</report>
			<report>
				<misses>103500001</misses>
				<total>0</total>
				<timestamp>652.427953</timestamp>
			</report>
			<report>
				<misses>103600001</misses>
				<total>0</total>
				<timestamp>653.085631</timestamp>
			</report>
			<report>
				<misses>103700001</misses>
				<total>0</total>
				<timestamp>653.714984</timestamp>
			</report>
			<report>
				<misses>103800001</misses>
				<total>0</total>
				<timestamp>654.356304</timestamp>
			</report>
			<report>
				<misses>103900001</misses>
				<total>0</total>
				<timestamp>655.002381</timestamp>
			</report>
			<report>
				<misses>104000001</misses>
				<total>0</total>
				<timestamp>655.632810</timestamp>
			</report>
			<report>
				<misses>104100001</misses>
				<total>0</total>
				<timestamp>656.266959</timestamp>
			</report>
			<report>
				<misses>104200001</misses>
				<total>0</total>
				<timestamp>656.902009</timestamp>
			</report>
			<report>
				<misses>104300001</misses>
				<total>0</total>
				<timestamp>657.534442</timestamp>
			</report>
			<report>
				<misses>104400001</misses>
				<total>0</total>
				<timestamp>658.166901</timestamp>
			</report>
			<report>
				<misses>104500001</misses>
				<total>0</total>
				<timestamp>658.801687</timestamp>
			</report>
			<report>
				<misses>104600001</misses>
				<total>0</total>
				<timestamp>659.431464</timestamp>
			</report>
			<report>
				<misses>104700001</misses>
				<total>0</total>
				<timestamp>660.070014</timestamp>
			</report>
			<report>
				<misses>104800001</misses>
				<total>0</total>
				<timestamp>660.702162</timestamp>
			</report>
			<report>
				<misses>104900001</misses>
				<total>0</total>
				<timestamp>661.332005</timestamp>
			</report>
			<report>
				<misses>105000001</misses>
				<total>0</total>
				<timestamp>661.974723</timestamp>
			</report>
			<report>
				<misses>105100001</misses>
				<total>0</total>
				<timestamp>662.681323</timestamp>
			</report>
			<report>
				<misses>105200001</misses>
				<total>0</total>
				<timestamp>663.391388</timestamp>
			</report>
			<report>
				<misses>105300001</misses>
				<total>0</total>
				<timestamp>664.036864</timestamp>
			</report>
			<report>
				<misses>105400001</misses>
				<total>0</total>
				<timestamp>664.719823</timestamp>
			</report>
			<report>
				<misses>105500001</misses>
				<total>0</total>
				<timestamp>665.368474</timestamp>
			</report>
			<report>
				<misses>105600001</misses>
				<total>0</total>
				<timestamp>666.018302</timestamp>
			</report>
			<report>
				<misses>105700001</misses>
				<total>0</total>
				<timestamp>666.655900</timestamp>
			</report>
			<report>
				<misses>105800001</misses>
				<total>0</total>
				<timestamp>667.293756</timestamp>
			</report>
			<report>
				<misses>105900001</misses>
				<total>0</total>
				<timestamp>667.934170</timestamp>
			</report>
			<report>
				<misses>106000001</misses>
				<total>0</total>
				<timestamp>668.598938</timestamp>
			</report>
			<report>
				<misses>106100001</misses>
				<total>0</total>
				<timestamp>669.286105</timestamp>
			</report>
			<report>
				<misses>106200001</misses>
				<total>0</total>
				<timestamp>669.962461</timestamp>
			</report>
			<report>
				<misses>106300001</misses>
				<total>0</total>
				<timestamp>670.645875</timestamp>
			</report>
			<report>
				<misses>106400001</misses>
				<total>0</total>
				<timestamp>671.323822</timestamp>
			</report>
			<report>
				<misses>106500001</misses>
				<total>0</total>
				<timestamp>671.968205</timestamp>
			</report>
			<report>
				<misses>106600001</misses>
				<total>0</total>
				<timestamp>672.613181</timestamp>
			</report>
			<report>
				<misses>106700001</misses>
				<total>0</total>
				<timestamp>673.283194</timestamp>
			</report>
			<report>
				<misses>106800001</misses>
				<total>0</total>
				<timestamp>673.938021</timestamp>
			</report>
			<report>
				<misses>106900001</misses>
				<total>0</total>
				<timestamp>674.566344</timestamp>
			</report>
			<report>
				<misses>107000001</misses>
				<total>0</total>
				<timestamp>675.197591</timestamp>
			</report>
			<report>
				<misses>107100001</misses>
				<total>0</total>
				<timestamp>675.832567</timestamp>
			</report>
			<report>
				<misses>107200001</misses>
				<total>0</total>
				<timestamp>676.499043</timestamp>
			</report>
			<report>
				<misses>107300001</misses>
				<total>0</total>
				<timestamp>677.177145</timestamp>
			</report>
			<report>
				<misses>107400001</misses>
				<total>0</total>
				<timestamp>677.817642</timestamp>
			</report>
			<report>
				<misses>107500001</misses>
				<total>0</total>
				<timestamp>678.450856</timestamp>
			</report>
			<report>
				<misses>107600001</misses>
				<total>0</total>
				<timestamp>679.101041</timestamp>
			</report>
			<report>
				<misses>107700001</misses>
				<total>0</total>
				<timestamp>679.787361</timestamp>
			</report>
			<report>
				<misses>107800001</misses>
				<total>0</total>
				<timestamp>680.455532</timestamp>
			</report>
			<report>
				<misses>107900001</misses>
				<total>0</total>
				<timestamp>681.106693</timestamp>
			</report>
			<report>
				<misses>108000001</misses>
				<total>0</total>
				<timestamp>681.742252</timestamp>
			</report>
			<report>
				<misses>108100001</misses>
				<total>0</total>
				<timestamp>682.375502</timestamp>
			</report>
			<report>
				<misses>108200001</misses>
				<total>0</total>
				<timestamp>683.008448</timestamp>
			</report>
			<report>
				<misses>108300001</misses>
				<total>0</total>
				<timestamp>683.642278</timestamp>
			</report>
			<report>
				<misses>108400001</misses>
				<total>0</total>
				<timestamp>684.286863</timestamp>
			</report>
			<report>
				<misses>108500001</misses>
				<total>0</total>
				<timestamp>684.937165</timestamp>
			</report>
			<report>
				<misses>108600001</misses>
				<total>0</total>
				<timestamp>685.573805</timestamp>
			</report>
			<report>
				<misses>108700001</misses>
				<total>0</total>
				<timestamp>686.216743</timestamp>
			</report>
			<report>
				<misses>108800001</misses>
				<total>0</total>
				<timestamp>686.891633</timestamp>
			</report>
			<report>
				<misses>108900001</misses>
				<total>0</total>
				<timestamp>687.540420</timestamp>
			</report>
			<report>
				<misses>109000001</misses>
				<total>0</total>
				<timestamp>688.173851</timestamp>
			</report>
			<report>
				<misses>109100001</misses>
				<total>0</total>
				<timestamp>688.808150</timestamp>
			</report>
			<report>
				<misses>109200001</misses>
				<total>0</total>
				<timestamp>689.447416</timestamp>
			</report>
			<report>
				<misses>109300001</misses>
				<total>0</total>
				<timestamp>690.084496</timestamp>
			</report>
			<report>
				<misses>109400001</misses>
				<total>0</total>
				<timestamp>690.726325</timestamp>
			</report>
			<report>
				<misses>109500001</misses>
				<total>0</total>
				<timestamp>691.370280</timestamp>
			</report>
			<report>
				<misses>109600001</misses>
				<total>0</total>
				<timestamp>692.001883</timestamp>
			</report>
			<report>
				<misses>109700001</misses>
				<total>0</total>
				<timestamp>692.630107</timestamp>
			</report>
			<report>
				<misses>109800001</misses>
				<total>0</total>
				<timestamp>693.263569</timestamp>
			</report>
			<report>
				<misses>109900001</misses>
				<total>0</total>
				<timestamp>693.896604</timestamp>
			</report>
			<report>
				<misses>110000001</misses>
				<total>0</total>
				<timestamp>694.532214</timestamp>
			</report>
			<report>
				<misses>110100001</misses>
				<total>0</total>
				<timestamp>695.170651</timestamp>
			</report>
			<report>
				<misses>110200001</misses>
				<total>0</total>
				<timestamp>695.816279</timestamp>
			</report>
			<report>
				<misses>110300001</misses>
				<total>0</total>
				<timestamp>696.467706</timestamp>
			</report>
			<report>
				<misses>110400001</misses>
				<total>0</total>
				<timestamp>697.141174</timestamp>
			</report>
			<report>
				<misses>110500001</misses>
				<total>0</total>
				<timestamp>697.868554</timestamp>
			</report>
			<report>
				<misses>110600001</misses>
				<total>0</total>
				<timestamp>698.603728</timestamp>
			</report>
			<report>
				<misses>110700001</misses>
				<total>0</total>
				<timestamp>699.268080</timestamp>
			</report>
			<report>
				<misses>110800001</misses>
				<total>0</total>
				<timestamp>699.910053</timestamp>
			</report>
			<report>
				<misses>110900001</misses>
				<total>0</total>
				<timestamp>700.563927</timestamp>
			</report>
			<report>
				<misses>111000001</misses>
				<total>0</total>
				<timestamp>701.207757</timestamp>
			</report>
			<report>
				<misses>111100001</misses>
				<total>0</total>
				<timestamp>701.858398</timestamp>
			</report>
			<report>
				<misses>111200001</misses>
				<total>0</total>
				<timestamp>702.501878</timestamp>
			</report>
			<report>
				<misses>111300001</misses>
				<total>0</total>
				<timestamp>703.147021</timestamp>
			</report>
			<report>
				<misses>111400001</misses>
				<total>0</total>
				<timestamp>703.787850</timestamp>
			</report>
			<report>
				<misses>111500001</misses>
				<total>0</total>
				<timestamp>704.420597</timestamp>
			</report>
			<report>
				<misses>111600001</misses>
				<total>0</total>
				<timestamp>705.063970</timestamp>
			</report>
			<report>
				<misses>111700001</misses>
				<total>0</total>
				<timestamp>705.693562</timestamp>
			</report>
			<report>
				<misses>111800001</misses>
				<total>0</total>
				<timestamp>706.319665</timestamp>
			</report>
			<report>
				<misses>111900001</misses>
				<total>0</total>
				<timestamp>706.944491</timestamp>
			</report>
			<report>
				<misses>112000001</misses>
				<total>0</total>
				<timestamp>707.572223</timestamp>
			</report>
			<report>
				<misses>112100001</misses>
				<total>0</total>
				<timestamp>708.200926</timestamp>
			</report>
			<report>
				<misses>112200001</misses>
				<total>0</total>
				<timestamp>708.831475</timestamp>
			</report>
			<report>
				<misses>112300001</misses>
				<total>0</total>
				<timestamp>709.461168</timestamp>
			</report>
			<report>
				<misses>112400001</misses>
				<total>0</total>
				<timestamp>710.096270</timestamp>
			</report>
			<report>
				<misses>112500001</misses>
				<total>0</total>
				<timestamp>710.728925</timestamp>
			</report>
			<report>
				<misses>112600001</misses>
				<total>0</total>
				<timestamp>711.360135</timestamp>
			</report>
			<report>
				<misses>112700001</misses>
				<total>0</total>
				<timestamp>711.990152</timestamp>
			</report>
			<report>
				<misses>112800001</misses>
				<total>0</total>
				<timestamp>712.639973</timestamp>
			</report>
			<report>
				<misses>112900001</misses>
				<total>0</total>
				<timestamp>713.286120</timestamp>
			</report>
			<report>
				<misses>113000001</misses>
				<total>0</total>
				<timestamp>713.984333</timestamp>
			</report>
			<report>
				<misses>113100001</misses>
				<total>0</total>
				<timestamp>714.625590</timestamp>
			</report>
			<report>
				<misses>113200001</misses>
				<total>0</total>
				<timestamp>715.278761</timestamp>
			</report>
			<report>
				<misses>113300001</misses>
				<total>0</total>
				<timestamp>715.941190</timestamp>
			</report>
			<report>
				<misses>113400001</misses>
				<total>0</total>
				<timestamp>716.599823</timestamp>
			</report>
			<report>
				<misses>113500001</misses>
				<total>0</total>
				<timestamp>717.240384</timestamp>
			</report>
			<report>
				<misses>113600001</misses>
				<total>0</total>
				<timestamp>717.878962</timestamp>
			</report>
			<report>
				<misses>113700001</misses>
				<total>0</total>
				<timestamp>718.517263</timestamp>
			</report>
			<report>
				<misses>113800001</misses>
				<total>0</total>
				<timestamp>719.158769</timestamp>
			</report>
			<report>
				<misses>113900001</misses>
				<total>0</total>
				<timestamp>719.813641</timestamp>
			</report>
			<report>
				<misses>114000001</misses>
				<total>0</total>
				<timestamp>720.479432</timestamp>
			</report>
			<report>
				<misses>114100001</misses>
				<total>0</total>
				<timestamp>721.136849</timestamp>
			</report>
			<report>
				<misses>114200001</misses>
				<total>0</total>
				<timestamp>721.790725</timestamp>
			</report>
			<report>
				<misses>114300001</misses>
				<total>0</total>
				<timestamp>722.427070</timestamp>
			</report>
			<report>
				<misses>114400001</misses>
				<total>0</total>
				<timestamp>723.069783</timestamp>
			</report>
			<report>
				<misses>114500001</misses>
				<total>0</total>
				<timestamp>723.711033</timestamp>
			</report>
			<report>
				<misses>114600001</misses>
				<total>0</total>
				<timestamp>724.358446</timestamp>
			</report>
			<report>
				<misses>114700001</misses>
				<total>0</total>
				<timestamp>724.998898</timestamp>
			</report>
			<report>
				<misses>114800001</misses>
				<total>0</total>
				<timestamp>725.634705</timestamp>
			</report>
			<report>
				<misses>114900001</misses>
				<total>0</total>
				<timestamp>726.273272</timestamp>
			</report>
			<report>
				<misses>115000001</misses>
				<total>0</total>
				<timestamp>726.920975</timestamp>
			</report>
			<report>
				<misses>115100001</misses>
				<total>0</total>
				<timestamp>727.561737</timestamp>
			</report>
			<report>
				<misses>115200001</misses>
				<total>0</total>
				<timestamp>728.210045</timestamp>
			</report>
			<report>
				<misses>115300001</misses>
				<total>0</total>
				<timestamp>728.866995</timestamp>
			</report>
			<report>
				<misses>115400001</misses>
				<total>0</total>
				<timestamp>729.517398</timestamp>
			</report>
			<report>
				<misses>115500001</misses>
				<total>0</total>
				<timestamp>730.155839</timestamp>
			</report>
			<report>
				<misses>115600001</misses>
				<total>0</total>
				<timestamp>730.783227</timestamp>
			</report>
			<report>
				<misses>115700001</misses>
				<total>0</total>
				<timestamp>731.416288</timestamp>
			</report>
			<report>
				<misses>115800001</misses>
				<total>0</total>
				<timestamp>732.053895</timestamp>
			</report>
			<report>
				<misses>115900001</misses>
				<total>0</total>
				<timestamp>732.696389</timestamp>
			</report>
			<report>
				<misses>116000001</misses>
				<total>0</total>
				<timestamp>733.358140</timestamp>
			</report>
			<report>
				<misses>116100001</misses>
				<total>0</total>
				<timestamp>733.994168</timestamp>
			</report>
			<report>
				<misses>116200001</misses>
				<total>0</total>
				<timestamp>734.620218</timestamp>
			</report>
			<report>
				<misses>116300001</misses>
				<total>0</total>
				<timestamp>735.247634</timestamp>
			</report>
			<report>
				<misses>116400001</misses>
				<total>0</total>
				<timestamp>735.875841</timestamp>
			</report>
			<report>
				<misses>116500001</misses>
				<total>0</total>
				<timestamp>736.504479</timestamp>
			</report>
			<report>
				<misses>116600001</misses>
				<total>0</total>
				<timestamp>737.133348</timestamp>
			</report>
			<report>
				<misses>116700001</misses>
				<total>0</total>
				<timestamp>737.762458</timestamp>
			</report>
			<report>
				<misses>116800001</misses>
				<total>0</total>
				<timestamp>738.388992</timestamp>
			</report>
			<report>
				<misses>116900001</misses>
				<total>0</total>
				<timestamp>739.015929</timestamp>
			</report>
			<report>
				<misses>117000001</misses>
				<total>0</total>
				<timestamp>739.642944</timestamp>
			</report>
			<report>
				<misses>117100001</misses>
				<total>0</total>
				<timestamp>740.270002</timestamp>
			</report>
			<report>
				<misses>117200001</misses>
				<total>0</total>
				<timestamp>740.896549</timestamp>
			</report>
			<report>
				<misses>117300001</misses>
				<total>0</total>
				<timestamp>741.523440</timestamp>
			</report>
			<report>
				<misses>117400001</misses>
				<total>0</total>
				<timestamp>742.149550</timestamp>
			</report>
			<report>
				<misses>117500001</misses>
				<total>0</total>
				<timestamp>742.775008</timestamp>
			</report>
			<report>
				<misses>117600001</misses>
				<total>0</total>
				<timestamp>743.400651</timestamp>
			</report>
			<report>
				<misses>117700001</misses>
				<total>0</total>
				<timestamp>744.026832</timestamp>
			</report>
			<report>
				<misses>117800001</misses>
				<total>0</total>
				<timestamp>744.653336</timestamp>
			</report>
			<report>
				<misses>117900001</misses>
				<total>0</total>
				<timestamp>745.280356</timestamp>
			</report>
			<report>
				<misses>118000001</misses>
				<total>0</total>
				<timestamp>745.906695</timestamp>
			</report>
			<report>
				<misses>118100001</misses>
				<total>0</total>
				<timestamp>746.532309</timestamp>
			</report>
			<report>
				<misses>118200001</misses>
				<total>0</total>
				<timestamp>747.158256</timestamp>
			</report>
			<report>
				<misses>118300001</misses>
				<total>0</total>
				<timestamp>747.784898</timestamp>
			</report>
			<report>
				<misses>118400001</misses>
				<total>0</total>
				<timestamp>748.410920</timestamp>
			</report>
			<report>
				<misses>118500001</misses>
				<total>0</total>
				<timestamp>749.036316</timestamp>
			</report>
			<report>
				<misses>118600001</misses>
				<total>0</total>
				<timestamp>749.662373</timestamp>
			</report>
			<report>
				<misses>118700001</misses>
				<total>0</total>
				<timestamp>750.288250</timestamp>
			</report>
			<report>
				<misses>118800001</misses>
				<total>0</total>
				<timestamp>750.915860</timestamp>
			</report>
			<report>
				<misses>118900001</misses>
				<total>0</total>
				<timestamp>751.547298</timestamp>
			</report>
			<report>
				<misses>119000001</misses>
				<total>0</total>
				<timestamp>752.180650</timestamp>
			</report>
			<report>
				<misses>119100001</misses>
				<total>0</total>
				<timestamp>752.815930</timestamp>
			</report>
			<report>
				<misses>119200001</misses>
				<total>0</total>
				<timestamp>753.456495</timestamp>
			</report>
			<report>
				<misses>119300001</misses>
				<total>0</total>
				<timestamp>754.084281</timestamp>
			</report>
			<report>
				<misses>119400001</misses>
				<total>0</total>
				<timestamp>754.713517</timestamp>
			</report>
			<report>
				<misses>119500001</misses>
				<total>0</total>
				<timestamp>755.342723</timestamp>
			</report>
			<report>
				<misses>119600001</misses>
				<total>0</total>
				<timestamp>755.973035</timestamp>
			</report>
			<report>
				<misses>119700001</misses>
				<total>0</total>
				<timestamp>756.609400</timestamp>
			</report>
			<report>
				<misses>119800001</misses>
				<total>0</total>
				<timestamp>757.240008</timestamp>
			</report>
			<report>
				<misses>119900001</misses>
				<total>0</total>
				<timestamp>757.879975</timestamp>
			</report>
			<report>
				<misses>120000001</misses>
				<total>0</total>
				<timestamp>758.525384</timestamp>
			</report>
			<report>
				<misses>120100001</misses>
				<total>0</total>
				<timestamp>759.150082</timestamp>
			</report>
			<report>
				<misses>120200001</misses>
				<total>0</total>
				<timestamp>759.781501</timestamp>
			</report>
			<report>
				<misses>120300001</misses>
				<total>0</total>
				<timestamp>760.412966</timestamp>
			</report>
			<report>
				<misses>120400001</misses>
				<total>0</total>
				<timestamp>761.046006</timestamp>
			</report>
			<report>
				<misses>120500001</misses>
				<total>0</total>
				<timestamp>761.675407</timestamp>
			</report>
			<report>
				<misses>120600001</misses>
				<total>0</total>
				<timestamp>762.313448</timestamp>
			</report>
			<report>
				<misses>120700001</misses>
				<total>0</total>
				<timestamp>762.958092</timestamp>
			</report>
			<report>
				<misses>120800001</misses>
				<total>0</total>
				<timestamp>763.663611</timestamp>
			</report>
			<report>
				<misses>120900001</misses>
				<total>0</total>
				<timestamp>764.382931</timestamp>
			</report>
			<report>
				<misses>121000001</misses>
				<total>0</total>
				<timestamp>765.080885</timestamp>
			</report>
			<report>
				<misses>121100001</misses>
				<total>0</total>
				<timestamp>765.722465</timestamp>
			</report>
			<report>
				<misses>121200001</misses>
				<total>0</total>
				<timestamp>766.361831</timestamp>
			</report>
			<report>
				<misses>121300001</misses>
				<total>0</total>
				<timestamp>767.006461</timestamp>
			</report>
			<report>
				<misses>121400001</misses>
				<total>0</total>
				<timestamp>767.643127</timestamp>
			</report>
			<report>
				<misses>121500001</misses>
				<total>0</total>
				<timestamp>768.279700</timestamp>
			</report>
			<report>
				<misses>121600001</misses>
				<total>0</total>
				<timestamp>768.916888</timestamp>
			</report>
			<report>
				<misses>121700001</misses>
				<total>0</total>
				<timestamp>769.558721</timestamp>
			</report>
			<report>
				<misses>121800001</misses>
				<total>0</total>
				<timestamp>770.203568</timestamp>
			</report>
			<report>
				<misses>121900001</misses>
				<total>0</total>
				<timestamp>770.845345</timestamp>
			</report>
			<report>
				<misses>122000001</misses>
				<total>0</total>
				<timestamp>771.496847</timestamp>
			</report>
			<report>
				<misses>122100001</misses>
				<total>0</total>
				<timestamp>772.151175</timestamp>
			</report>
			<report>
				<misses>122200001</misses>
				<total>0</total>
				<timestamp>772.808942</timestamp>
			</report>
			<report>
				<misses>122300001</misses>
				<total>0</total>
				<timestamp>773.454371</timestamp>
			</report>
			<report>
				<misses>122400001</misses>
				<total>0</total>
				<timestamp>774.094106</timestamp>
			</report>
			<report>
				<misses>122500001</misses>
				<total>0</total>
				<timestamp>774.731049</timestamp>
			</report>
			<report>
				<misses>122600001</misses>
				<total>0</total>
				<timestamp>775.358426</timestamp>
			</report>
			<report>
				<misses>122700001</misses>
				<total>0</total>
				<timestamp>775.987032</timestamp>
			</report>
			<report>
				<misses>122800001</misses>
				<total>0</total>
				<timestamp>776.615217</timestamp>
			</report>
			<report>
				<misses>122900001</misses>
				<total>0</total>
				<timestamp>777.243307</timestamp>
			</report>
			<report>
				<misses>123000001</misses>
				<total>0</total>
				<timestamp>777.871918</timestamp>
			</report>
			<report>
				<misses>123100001</misses>
				<total>0</total>
				<timestamp>778.500428</timestamp>
			</report>
			<report>
				<misses>123200001</misses>
				<total>0</total>
				<timestamp>779.129362</timestamp>
			</report>
			<report>
				<misses>123300001</misses>
				<total>0</total>
				<timestamp>779.756947</timestamp>
			</report>
			<report>
				<misses>123400001</misses>
				<total>0</total>
				<timestamp>780.384447</timestamp>
			</report>
			<report>
				<misses>123500001</misses>
				<total>0</total>
				<timestamp>781.012702</timestamp>
			</report>
			<report>
				<misses>123600001</misses>
				<total>0</total>
				<timestamp>781.640066</timestamp>
			</report>
			<report>
				<misses>123700001</misses>
				<total>0</total>
				<timestamp>782.266221</timestamp>
			</report>
			<report>
				<misses>123800001</misses>
				<total>0</total>
				<timestamp>782.893161</timestamp>
			</report>
			<report>
				<misses>123900001</misses>
				<total>0</total>
				<timestamp>783.520819</timestamp>
			</report>
			<report>
				<misses>124000001</misses>
				<total>0</total>
				<timestamp>784.147836</timestamp>
			</report>
			<report>
				<misses>124100001</misses>
				<total>0</total>
				<timestamp>784.774962</timestamp>
			</report>
			<report>
				<misses>124200001</misses>
				<total>0</total>
				<timestamp>785.401847</timestamp>
			</report>
			<report>
				<misses>124300001</misses>
				<total>0</total>
				<timestamp>786.029507</timestamp>
			</report>
			<report>
				<misses>124400001</misses>
				<total>0</total>
				<timestamp>786.654923</timestamp>
			</report>
			<report>
				<misses>124500001</misses>
				<total>0</total>
				<timestamp>787.279818</timestamp>
			</report>
			<report>
				<misses>124600001</misses>
				<total>0</total>
				<timestamp>787.905111</timestamp>
			</report>
			<report>
				<misses>124700001</misses>
				<total>0</total>
				<timestamp>788.530618</timestamp>
			</report>
			<report>
				<misses>124800001</misses>
				<total>0</total>
				<timestamp>789.155510</timestamp>
			</report>
			<report>
				<misses>124900001</misses>
				<total>0</total>
				<timestamp>789.780554</timestamp>
			</report>
			<report>
				<misses>125000001</misses>
				<total>0</total>
				<timestamp>790.405470</timestamp>
			</report>
			<report>
				<misses>125100001</misses>
				<total>0</total>
				<timestamp>791.030747</timestamp>
			</report>
			<report>
				<misses>125200001</misses>
				<total>0</total>
				<timestamp>791.655830</timestamp>
			</report>
			<report>
				<misses>125300001</misses>
				<total>0</total>
				<timestamp>792.280261</timestamp>
			</report>
			<report>
				<misses>125400001</misses>
				<total>0</total>
				<timestamp>792.905118</timestamp>
			</report>
			<report>
				<misses>125500001</misses>
				<total>0</total>
				<timestamp>793.530015</timestamp>
			</report>
			<report>
				<misses>125600001</misses>
				<total>0</total>
				<timestamp>794.155371</timestamp>
			</report>
			<report>
				<misses>125700001</misses>
				<total>0</total>
				<timestamp>794.780207</timestamp>
			</report>
			<report>
				<misses>125800001</misses>
				<total>0</total>
				<timestamp>795.406607</timestamp>
			</report>
			<report>
				<misses>125900001</misses>
				<total>0</total>
				<timestamp>796.032624</timestamp>
			</report>
			<report>
				<misses>126000001</misses>
				<total>0</total>
				<timestamp>796.658134</timestamp>
			</report>
			<report>
				<misses>126100001</misses>
				<total>0</total>
				<timestamp>797.289102</timestamp>
			</report>
			<report>
				<misses>126200001</misses>
				<total>0</total>
				<timestamp>797.916316</timestamp>
			</report>
			<report>
				<misses>126300001</misses>
				<total>0</total>
				<timestamp>798.541929</timestamp>
			</report>
			<report>
				<misses>126400001</misses>
				<total>0</total>
				<timestamp>799.168137</timestamp>
			</report>
			<report>
				<misses>126500001</misses>
				<total>0</total>
				<timestamp>799.794354</timestamp>
			</report>
			<report>
				<misses>126600001</misses>
				<total>0</total>
				<timestamp>800.420686</timestamp>
			</report>
			<report>
				<misses>126700001</misses>
				<total>0</total>
				<timestamp>801.052077</timestamp>
			</report>
			<report>
				<misses>126800001</misses>
				<total>0</total>
				<timestamp>801.677152</timestamp>
			</report>
			<report>
				<misses>126900001</misses>
				<total>0</total>
				<timestamp>802.303673</timestamp>
			</report>
			<report>
				<misses>127000001</misses>
				<total>0</total>
				<timestamp>802.930307</timestamp>
			</report>
			<report>
				<misses>127100001</misses>
				<total>0</total>
				<timestamp>803.556563</timestamp>
			</report>
			<report>
				<misses>127200001</misses>
				<total>0</total>
				<timestamp>804.182991</timestamp>
			</report>
			<report>
				<misses>127300001</misses>
				<total>0</total>
				<timestamp>804.808428</timestamp>
			</report>
			<report>
				<misses>127400001</misses>
				<total>0</total>
				<timestamp>805.434699</timestamp>
			</report>
			<report>
				<misses>127500001</misses>
				<total>0</total>
				<timestamp>806.064980</timestamp>
			</report>
			<report>
				<misses>127600001</misses>
				<total>0</total>
				<timestamp>806.691143</timestamp>
			</report>
			<report>
				<misses>127700001</misses>
				<total>0</total>
				<timestamp>807.317014</timestamp>
			</report>
			<report>
				<misses>127800001</misses>
				<total>0</total>
				<timestamp>807.942722</timestamp>
			</report>
			<report>
				<misses>127900001</misses>
				<total>0</total>
				<timestamp>808.568149</timestamp>
			</report>
			<report>
				<misses>128000001</misses>
				<total>0</total>
				<timestamp>809.194192</timestamp>
			</report>
			<report>
				<misses>128100001</misses>
				<total>0</total>
				<timestamp>809.820519</timestamp>
			</report>
			<report>
				<misses>128200001</misses>
				<total>0</total>
				<timestamp>810.445409</timestamp>
			</report>
			<report>
				<misses>128300001</misses>
				<total>0</total>
				<timestamp>811.070891</timestamp>
			</report>
			<report>
				<misses>128400001</misses>
				<total>0</total>
				<timestamp>811.695962</timestamp>
			</report>
			<report>
				<misses>128500001</misses>
				<total>0</total>
				<timestamp>812.321405</timestamp>
			</report>
			<report>
				<misses>128600001</misses>
				<total>0</total>
				<timestamp>812.946986</timestamp>
			</report>
			<report>
				<misses>128700001</misses>
				<total>0</total>
				<timestamp>813.572532</timestamp>
			</report>
			<report>
				<misses>128800001</misses>
				<total>0</total>
				<timestamp>814.197260</timestamp>
			</report>
			<report>
				<misses>128900001</misses>
				<total>0</total>
				<timestamp>814.821964</timestamp>
			</report>
			<report>
				<misses>129000001</misses>
				<total>0</total>
				<timestamp>815.447011</timestamp>
			</report>
			<report>
				<misses>129100001</misses>
				<total>0</total>
				<timestamp>816.071739</timestamp>
			</report>
			<report>
				<misses>129200001</misses>
				<total>0</total>
				<timestamp>816.697130</timestamp>
			</report>
			<report>
				<misses>129300001</misses>
				<total>0</total>
				<timestamp>817.322393</timestamp>
			</report>
			<report>
				<misses>129400001</misses>
				<total>0</total>
				<timestamp>817.948028</timestamp>
			</report>
			<report>
				<misses>129500001</misses>
				<total>0</total>
				<timestamp>818.571979</timestamp>
			</report>
			<report>
				<misses>129600001</misses>
				<total>0</total>
				<timestamp>819.196013</timestamp>
			</report>
			<report>
				<misses>129700001</misses>
				<total>0</total>
				<timestamp>819.820256</timestamp>
			</report>
			<report>
				<misses>129800001</misses>
				<total>0</total>
				<timestamp>820.444701</timestamp>
			</report>
			<report>
				<misses>129900001</misses>
				<total>0</total>
				<timestamp>821.068831</timestamp>
			</report>
			<report>
				<misses>130000001</misses>
				<total>0</total>
				<timestamp>821.692969</timestamp>
			</report>
			<report>
				<misses>130100001</misses>
				<total>0</total>
				<timestamp>822.317241</timestamp>
			</report>
			<report>
				<misses>130200001</misses>
				<total>0</total>
				<timestamp>822.951588</timestamp>
			</report>
			<report>
				<misses>130300001</misses>
				<total>0</total>
				<timestamp>823.576623</timestamp>
			</report>
			<report>
				<misses>130400001</misses>
				<total>0</total>
				<timestamp>824.230193</timestamp>
			</report>
			<report>
				<misses>130500001</misses>
				<total>0</total>
				<timestamp>824.854835</timestamp>
			</report>
			<report>
				<misses>130600001</misses>
				<total>0</total>
				<timestamp>825.484936</timestamp>
			</report>
			<report>
				<misses>130700001</misses>
				<total>0</total>
				<timestamp>826.113502</timestamp>
			</report>
			<report>
				<misses>130800001</misses>
				<total>0</total>
				<timestamp>826.743189</timestamp>
			</report>
			<report>
				<misses>130900001</misses>
				<total>0</total>
				<timestamp>827.394512</timestamp>
			</report>
			<report>
				<misses>131000001</misses>
				<total>0</total>
				<timestamp>828.032716</timestamp>
			</report>
			<report>
				<misses>131100001</misses>
				<total>0</total>
				<timestamp>828.661508</timestamp>
			</report>
			<report>
				<misses>131200001</misses>
				<total>0</total>
				<timestamp>829.315492</timestamp>
			</report>
			<report>
				<misses>131300001</misses>
				<total>0</total>
				<timestamp>829.943730</timestamp>
			</report>
			<report>
				<misses>131400001</misses>
				<total>0</total>
				<timestamp>830.569951</timestamp>
			</report>
			<report>
				<misses>131500001</misses>
				<total>0</total>
				<timestamp>831.213268</timestamp>
			</report>
			<report>
				<misses>131600001</misses>
				<total>0</total>
				<timestamp>831.838625</timestamp>
			</report>
			<report>
				<misses>131700001</misses>
				<total>0</total>
				<timestamp>832.464184</timestamp>
			</report>
			<report>
				<misses>131800001</misses>
				<total>0</total>
				<timestamp>833.095530</timestamp>
			</report>
			<report>
				<misses>131900001</misses>
				<total>0</total>
				<timestamp>833.720234</timestamp>
			</report>
			<report>
				<misses>132000001</misses>
				<total>0</total>
				<timestamp>834.345065</timestamp>
			</report>
			<report>
				<misses>132100001</misses>
				<total>0</total>
				<timestamp>834.970505</timestamp>
			</report>
			<report>
				<misses>132200001</misses>
				<total>0</total>
				<timestamp>835.595455</timestamp>
			</report>
			<report>
				<misses>132300001</misses>
				<total>0</total>
				<timestamp>836.220526</timestamp>
			</report>
			<report>
				<misses>132400001</misses>
				<total>0</total>
				<timestamp>836.845411</timestamp>
			</report>
			<report>
				<misses>132500001</misses>
				<total>0</total>
				<timestamp>837.470635</timestamp>
			</report>
			<report>
				<misses>132600001</misses>
				<total>0</total>
				<timestamp>838.096316</timestamp>
			</report>
			<report>
				<misses>132700001</misses>
				<total>0</total>
				<timestamp>838.722694</timestamp>
			</report>
			<report>
				<misses>132800001</misses>
				<total>0</total>
				<timestamp>839.348493</timestamp>
			</report>
			<report>
				<misses>132900001</misses>
				<total>0</total>
				<timestamp>839.973946</timestamp>
			</report>
			<report>
				<misses>133000001</misses>
				<total>0</total>
				<timestamp>840.599923</timestamp>
			</report>
			<report>
				<misses>133100001</misses>
				<total>0</total>
				<timestamp>841.225023</timestamp>
			</report>
			<report>
				<misses>133200001</misses>
				<total>0</total>
				<timestamp>841.850545</timestamp>
			</report>
			<report>
				<misses>133300001</misses>
				<total>0</total>
				<timestamp>842.476386</timestamp>
			</report>
			<report>
				<misses>133400001</misses>
				<total>0</total>
				<timestamp>843.102022</timestamp>
			</report>
			<report>
				<misses>133500001</misses>
				<total>0</total>
				<timestamp>843.727626</timestamp>
			</report>
			<report>
				<misses>133600001</misses>
				<total>0</total>
				<timestamp>844.352634</timestamp>
			</report>
			<report>
				<misses>133700001</misses>
				<total>0</total>
				<timestamp>844.978410</timestamp>
			</report>
			<report>
				<misses>133800001</misses>
				<total>0</total>
				<timestamp>845.603255</timestamp>
			</report>
			<report>
				<misses>133900001</misses>
				<total>0</total>
				<timestamp>846.229097</timestamp>
			</report>
			<report>
				<misses>134000001</misses>
				<total>0</total>
				<timestamp>846.853979</timestamp>
			</report>
			<report>
				<misses>134100001</misses>
				<total>0</total>
				<timestamp>847.479125</timestamp>
			</report>
			<report>
				<misses>134200001</misses>
				<total>0</total>
				<timestamp>848.105160</timestamp>
			</report>
			<report>
				<misses>134300001</misses>
				<total>0</total>
				<timestamp>848.732771</timestamp>
			</report>
			<report>
				<misses>134400001</misses>
				<total>0</total>
				<timestamp>849.357977</timestamp>
			</report>
			<report>
				<misses>134500001</misses>
				<total>0</total>
				<timestamp>849.983501</timestamp>
			</report>
			<report>
				<misses>134600001</misses>
				<total>0</total>
				<timestamp>850.609065</timestamp>
			</report>
			<report>
				<misses>134700001</misses>
				<total>0</total>
				<timestamp>851.234939</timestamp>
			</report>
			<report>
				<misses>134800001</misses>
				<total>0</total>
				<timestamp>851.862053</timestamp>
			</report>
			<report>
				<misses>134900001</misses>
				<total>0</total>
				<timestamp>852.488379</timestamp>
			</report>
			<report>
				<misses>135000001</misses>
				<total>0</total>
				<timestamp>853.115570</timestamp>
			</report>
			<report>
				<misses>135100001</misses>
				<total>0</total>
				<timestamp>853.740218</timestamp>
			</report>
			<report>
				<misses>135200001</misses>
				<total>0</total>
				<timestamp>854.364500</timestamp>
			</report>
			<report>
				<misses>135300001</misses>
				<total>0</total>
				<timestamp>854.989142</timestamp>
			</report>
			<report>
				<misses>135400001</misses>
				<total>0</total>
				<timestamp>855.613990</timestamp>
			</report>
			<report>
				<misses>135500001</misses>
				<total>0</total>
				<timestamp>856.238857</timestamp>
			</report>
			<report>
				<misses>135600001</misses>
				<total>0</total>
				<timestamp>856.863946</timestamp>
			</report>
			<report>
				<misses>135700001</misses>
				<total>0</total>
				<timestamp>857.489155</timestamp>
			</report>
			<report>
				<misses>135800001</misses>
				<total>0</total>
				<timestamp>858.114978</timestamp>
			</report>
			<report>
				<misses>135900001</misses>
				<total>0</total>
				<timestamp>858.739775</timestamp>
			</report>
			<report>
				<misses>136000001</misses>
				<total>0</total>
				<timestamp>859.364667</timestamp>
			</report>
			<report>
				<misses>136100001</misses>
				<total>0</total>
				<timestamp>859.988817</timestamp>
			</report>
			<report>
				<misses>136200001</misses>
				<total>0</total>
				<timestamp>860.614263</timestamp>
			</report>
			<report>
				<misses>136300001</misses>
				<total>0</total>
				<timestamp>861.238384</timestamp>
			</report>
			<report>
				<misses>136400001</misses>
				<total>0</total>
				<timestamp>861.863497</timestamp>
			</report>
			<report>
				<misses>136500001</misses>
				<total>0</total>
				<timestamp>862.488014</timestamp>
			</report>
			<report>
				<misses>136600001</misses>
				<total>0</total>
				<timestamp>863.110962</timestamp>
			</report>
			<report>
				<misses>136700001</misses>
				<total>0</total>
				<timestamp>863.735496</timestamp>
			</report>
			<report>
				<misses>136800001</misses>
				<total>0</total>
				<timestamp>864.360350</timestamp>
			</report>
			<report>
				<misses>136900001</misses>
				<total>0</total>
				<timestamp>864.985010</timestamp>
			</report>
			<report>
				<misses>137000001</misses>
				<total>0</total>
				<timestamp>865.609631</timestamp>
			</report>
			<report>
				<misses>137100001</misses>
				<total>0</total>
				<timestamp>866.234945</timestamp>
			</report>
			<report>
				<misses>137200001</misses>
				<total>0</total>
				<timestamp>866.859307</timestamp>
			</report>
			<report>
				<misses>137300001</misses>
				<total>0</total>
				<timestamp>867.483051</timestamp>
			</report>
			<report>
				<misses>137400001</misses>
				<total>0</total>
				<timestamp>868.108407</timestamp>
			</report>
			<report>
				<misses>137500001</misses>
				<total>0</total>
				<timestamp>868.732425</timestamp>
			</report>
			<report>
				<misses>137600001</misses>
				<total>0</total>
				<timestamp>869.357130</timestamp>
			</report>
			<report>
				<misses>137700001</misses>
				<total>0</total>
				<timestamp>869.982432</timestamp>
			</report>
			<report>
				<misses>137800001</misses>
				<total>0</total>
				<timestamp>870.608164</timestamp>
			</report>
			<report>
				<misses>137900001</misses>
				<total>0</total>
				<timestamp>871.233012</timestamp>
			</report>
			<report>
				<misses>138000001</misses>
				<total>0</total>
				<timestamp>871.858088</timestamp>
			</report>
			<report>
				<misses>138100001</misses>
				<total>0</total>
				<timestamp>872.483136</timestamp>
			</report>
			<report>
				<misses>138200001</misses>
				<total>0</total>
				<timestamp>873.109282</timestamp>
			</report>
			<report>
				<misses>138300001</misses>
				<total>0</total>
				<timestamp>873.734740</timestamp>
			</report>
			<report>
				<misses>138400001</misses>
				<total>0</total>
				<timestamp>874.359726</timestamp>
			</report>
			<report>
				<misses>138500001</misses>
				<total>0</total>
				<timestamp>874.985641</timestamp>
			</report>
			<report>
				<misses>138600001</misses>
				<total>0</total>
				<timestamp>875.611660</timestamp>
			</report>
			<report>
				<misses>138700001</misses>
				<total>0</total>
				<timestamp>876.236973</timestamp>
			</report>
			<report>
				<misses>138800001</misses>
				<total>0</total>
				<timestamp>876.862525</timestamp>
			</report>
			<report>
				<misses>138900001</misses>
				<total>0</total>
				<timestamp>877.488168</timestamp>
			</report>
			<report>
				<misses>139000001</misses>
				<total>0</total>
				<timestamp>878.114022</timestamp>
			</report>
			<report>
				<misses>139100001</misses>
				<total>0</total>
				<timestamp>878.739864</timestamp>
			</report>
			<report>
				<misses>139200001</misses>
				<total>0</total>
				<timestamp>879.366130</timestamp>
			</report>
			<report>
				<misses>139300001</misses>
				<total>0</total>
				<timestamp>879.991968</timestamp>
			</report>
			<report>
				<misses>139400001</misses>
				<total>0</total>
				<timestamp>880.617821</timestamp>
			</report>
			<report>
				<misses>139500001</misses>
				<total>0</total>
				<timestamp>881.243717</timestamp>
			</report>
			<report>
				<misses>139600001</misses>
				<total>0</total>
				<timestamp>881.869963</timestamp>
			</report>
			<report>
				<misses>139700001</misses>
				<total>0</total>
				<timestamp>882.496294</timestamp>
			</report>
			<report>
				<misses>139800001</misses>
				<total>0</total>
				<timestamp>883.121445</timestamp>
			</report>
			<report>
				<misses>139900001</misses>
				<total>0</total>
				<timestamp>883.747083</timestamp>
			</report>
			<report>
				<misses>140000001</misses>
				<total>0</total>
				<timestamp>884.372993</timestamp>
			</report>
			<report>
				<misses>140100001</misses>
				<total>0</total>
				<timestamp>884.999463</timestamp>
			</report>
			<report>
				<misses>140200001</misses>
				<total>0</total>
				<timestamp>885.625488</timestamp>
			</report>
			<report>
				<misses>140300001</misses>
				<total>0</total>
				<timestamp>886.251610</timestamp>
			</report>
			<report>
				<misses>140400001</misses>
				<total>0</total>
				<timestamp>886.879061</timestamp>
			</report>
			<report>
				<misses>140500001</misses>
				<total>0</total>
				<timestamp>887.505310</timestamp>
			</report>
			<report>
				<misses>140600001</misses>
				<total>0</total>
				<timestamp>888.130964</timestamp>
			</report>
			<report>
				<misses>140700001</misses>
				<total>0</total>
				<timestamp>888.755369</timestamp>
			</report>
			<report>
				<misses>140800001</misses>
				<total>0</total>
				<timestamp>889.381616</timestamp>
			</report>
			<report>
				<misses>140900001</misses>
				<total>0</total>
				<timestamp>890.007814</timestamp>
			</report>
			<report>
				<misses>141000001</misses>
				<total>0</total>
				<timestamp>890.633441</timestamp>
			</report>
			<report>
				<misses>141100001</misses>
				<total>0</total>
				<timestamp>891.259530</timestamp>
			</report>
			<report>
				<misses>141200001</misses>
				<total>0</total>
				<timestamp>891.886406</timestamp>
			</report>
			<report>
				<misses>141300001</misses>
				<total>0</total>
				<timestamp>892.512985</timestamp>
			</report>
			<report>
				<misses>141400001</misses>
				<total>0</total>
				<timestamp>893.139420</timestamp>
			</report>
			<report>
				<misses>141500001</misses>
				<total>0</total>
				<timestamp>893.766146</timestamp>
			</report>
			<report>
				<misses>141600001</misses>
				<total>0</total>
				<timestamp>894.392559</timestamp>
			</report>
			<report>
				<misses>141700001</misses>
				<total>0</total>
				<timestamp>895.019617</timestamp>
			</report>
			<report>
				<misses>141800001</misses>
				<total>0</total>
				<timestamp>895.646555</timestamp>
			</report>
			<report>
				<misses>141900001</misses>
				<total>0</total>
				<timestamp>896.280666</timestamp>
			</report>
			<report>
				<misses>142000001</misses>
				<total>0</total>
				<timestamp>896.938479</timestamp>
			</report>
			<report>
				<misses>142100001</misses>
				<total>0</total>
				<timestamp>897.574660</timestamp>
			</report>
			<report>
				<misses>142200001</misses>
				<total>0</total>
				<timestamp>898.207021</timestamp>
			</report>
			<report>
				<misses>142300001</misses>
				<total>0</total>
				<timestamp>898.841130</timestamp>
			</report>
			<report>
				<misses>142400001</misses>
				<total>0</total>
				<timestamp>899.475176</timestamp>
			</report>
			<report>
				<misses>142500001</misses>
				<total>0</total>
				<timestamp>900.109679</timestamp>
			</report>
			<report>
				<misses>142600001</misses>
				<total>0</total>
				<timestamp>900.743409</timestamp>
			</report>
			<report>
				<misses>142700001</misses>
				<total>0</total>
				<timestamp>901.375288</timestamp>
			</report>
			<report>
				<misses>142800001</misses>
				<total>0</total>
				<timestamp>902.008905</timestamp>
			</report>
			<report>
				<misses>142900001</misses>
				<total>0</total>
				<timestamp>902.642724</timestamp>
			</report>
			<report>
				<misses>143000001</misses>
				<total>0</total>
				<timestamp>903.296130</timestamp>
			</report>
			<report>
				<misses>143100001</misses>
				<total>0</total>
				<timestamp>903.929598</timestamp>
			</report>
			<report>
				<misses>143200001</misses>
				<total>0</total>
				<timestamp>904.564322</timestamp>
			</report>
			<report>
				<misses>143300001</misses>
				<total>0</total>
				<timestamp>905.198045</timestamp>
			</report>
			<report>
				<misses>143400001</misses>
				<total>0</total>
				<timestamp>905.830442</timestamp>
			</report>
			<report>
				<misses>143500001</misses>
				<total>0</total>
				<timestamp>906.466126</timestamp>
			</report>
			<report>
				<misses>143600001</misses>
				<total>0</total>
				<timestamp>907.102386</timestamp>
			</report>
			<report>
				<misses>143700001</misses>
				<total>0</total>
				<timestamp>907.735914</timestamp>
			</report>
			<report>
				<misses>143800001</misses>
				<total>0</total>
				<timestamp>908.369212</timestamp>
			</report>
			<report>
				<misses>143900001</misses>
				<total>0</total>
				<timestamp>909.003970</timestamp>
			</report>
			<report>
				<misses>144000001</misses>
				<total>0</total>
				<timestamp>909.638331</timestamp>
			</report>
			<report>
				<misses>144100001</misses>
				<total>0</total>
				<timestamp>910.272292</timestamp>
			</report>
			<report>
				<misses>144200001</misses>
				<total>0</total>
				<timestamp>910.906201</timestamp>
			</report>
			<report>
				<misses>144300001</misses>
				<total>0</total>
				<timestamp>911.539488</timestamp>
			</report>
			<report>
				<misses>144400001</misses>
				<total>0</total>
				<timestamp>912.173478</timestamp>
			</report>
			<report>
				<misses>144500001</misses>
				<total>0</total>
				<timestamp>912.807110</timestamp>
			</report>
			<report>
				<misses>144600001</misses>
				<total>0</total>
				<timestamp>913.440824</timestamp>
			</report>
			<report>
				<misses>144700001</misses>
				<total>0</total>
				<timestamp>914.084041</timestamp>
			</report>
			<report>
				<misses>144800001</misses>
				<total>0</total>
				<timestamp>914.717255</timestamp>
			</report>
			<report>
				<misses>144900001</misses>
				<total>0</total>
				<timestamp>915.350378</timestamp>
			</report>
			<report>
				<misses>145000001</misses>
				<total>0</total>
				<timestamp>915.986421</timestamp>
			</report>
			<report>
				<misses>145100001</misses>
				<total>0</total>
				<timestamp>916.619928</timestamp>
			</report>
			<report>
				<misses>145200001</misses>
				<total>0</total>
				<timestamp>917.253025</timestamp>
			</report>
			<report>
				<misses>145300001</misses>
				<total>0</total>
				<timestamp>917.888103</timestamp>
			</report>
			<report>
				<misses>145400001</misses>
				<total>0</total>
				<timestamp>918.520756</timestamp>
			</report>
			<report>
				<misses>145500001</misses>
				<total>0</total>
				<timestamp>919.155925</timestamp>
			</report>
			<report>
				<misses>145600001</misses>
				<total>0</total>
				<timestamp>919.789758</timestamp>
			</report>
			<report>
				<misses>145700001</misses>
				<total>0</total>
				<timestamp>920.421352</timestamp>
			</report>
			<report>
				<misses>145800001</misses>
				<total>0</total>
				<timestamp>921.056070</timestamp>
			</report>
			<report>
				<misses>145900001</misses>
				<total>0</total>
				<timestamp>921.689841</timestamp>
			</report>
			<report>
				<misses>146000001</misses>
				<total>0</total>
				<timestamp>922.325216</timestamp>
			</report>
			<report>
				<misses>146100001</misses>
				<total>0</total>
				<timestamp>922.959723</timestamp>
			</report>
			<report>
				<misses>146200001</misses>
				<total>0</total>
				<timestamp>923.592415</timestamp>
			</report>
			<report>
				<misses>146300001</misses>
				<total>0</total>
				<timestamp>924.226937</timestamp>
			</report>
			<report>
				<misses>146400001</misses>
				<total>0</total>
				<timestamp>924.861539</timestamp>
			</report>
			<report>
				<misses>146500001</misses>
				<total>0</total>
				<timestamp>925.495844</timestamp>
			</report>
			<report>
				<misses>146600001</misses>
				<total>0</total>
				<timestamp>926.130605</timestamp>
			</report>
			<report>
				<misses>146700001</misses>
				<total>0</total>
				<timestamp>926.765461</timestamp>
			</report>
			<report>
				<misses>146800001</misses>
				<total>0</total>
				<timestamp>927.396432</timestamp>
			</report>
			<report>
				<misses>146900001</misses>
				<total>0</total>
				<timestamp>928.028837</timestamp>
			</report>
			<report>
				<misses>147000001</misses>
				<total>0</total>
				<timestamp>928.662731</timestamp>
			</report>
			<report>
				<misses>147100001</misses>
				<total>0</total>
				<timestamp>929.297268</timestamp>
			</report>
			<report>
				<misses>147200001</misses>
				<total>0</total>
				<timestamp>929.930743</timestamp>
			</report>
			<report>
				<misses>147300001</misses>
				<total>0</total>
				<timestamp>930.565180</timestamp>
			</report>
			<report>
				<misses>147400001</misses>
				<total>0</total>
				<timestamp>931.199444</timestamp>
			</report>
			<report>
				<misses>147500001</misses>
				<total>0</total>
				<timestamp>931.833180</timestamp>
			</report>
			<report>
				<misses>147600001</misses>
				<total>0</total>
				<timestamp>932.466533</timestamp>
			</report>
			<report>
				<misses>147700001</misses>
				<total>0</total>
				<timestamp>933.103413</timestamp>
			</report>
			<report>
				<misses>147800001</misses>
				<total>0</total>
				<timestamp>933.738144</timestamp>
			</report>
			<report>
				<misses>147900001</misses>
				<total>0</total>
				<timestamp>934.371674</timestamp>
			</report>
			<report>
				<misses>148000001</misses>
				<total>0</total>
				<timestamp>935.006492</timestamp>
			</report>
			<report>
				<misses>148100001</misses>
				<total>0</total>
				<timestamp>935.641557</timestamp>
			</report>
			<report>
				<misses>148200001</misses>
				<total>0</total>
				<timestamp>936.282325</timestamp>
			</report>
			<report>
				<misses>148300001</misses>
				<total>0</total>
				<timestamp>936.918076</timestamp>
			</report>
			<report>
				<misses>148400001</misses>
				<total>0</total>
				<timestamp>937.552047</timestamp>
			</report>
			<report>
				<misses>148500001</misses>
				<total>0</total>
				<timestamp>938.189375</timestamp>
			</report>
			<report>
				<misses>148600001</misses>
				<total>0</total>
				<timestamp>938.825312</timestamp>
			</report>
			<report>
				<misses>148700001</misses>
				<total>0</total>
				<timestamp>939.459044</timestamp>
			</report>
			<report>
				<misses>148800001</misses>
				<total>0</total>
				<timestamp>940.092010</timestamp>
			</report>
			<report>
				<misses>148900001</misses>
				<total>0</total>
				<timestamp>940.725370</timestamp>
			</report>
			<report>
				<misses>149000001</misses>
				<total>0</total>
				<timestamp>941.357972</timestamp>
			</report>
			<report>
				<misses>149100001</misses>
				<total>0</total>
				<timestamp>941.991884</timestamp>
			</report>
			<report>
				<misses>149200001</misses>
				<total>0</total>
				<timestamp>942.625374</timestamp>
			</report>
			<report>
				<misses>149300001</misses>
				<total>0</total>
				<timestamp>943.260468</timestamp>
			</report>
			<report>
				<misses>149400001</misses>
				<total>0</total>
				<timestamp>943.894232</timestamp>
			</report>
			<report>
				<misses>149500001</misses>
				<total>0</total>
				<timestamp>944.527826</timestamp>
			</report>
			<report>
				<misses>149600001</misses>
				<total>0</total>
				<timestamp>945.163293</timestamp>
			</report>
			<report>
				<misses>149700001</misses>
				<total>0</total>
				<timestamp>945.799730</timestamp>
			</report>
			<report>
				<misses>149800001</misses>
				<total>0</total>
				<timestamp>946.433331</timestamp>
			</report>
			<report>
				<misses>149900001</misses>
				<total>0</total>
				<timestamp>947.067275</timestamp>
			</report>
			<report>
				<misses>150000001</misses>
				<total>0</total>
				<timestamp>947.702122</timestamp>
			</report>
			<report>
				<misses>150100001</misses>
				<total>0</total>
				<timestamp>948.337296</timestamp>
			</report>
			<report>
				<misses>150200001</misses>
				<total>0</total>
				<timestamp>948.972489</timestamp>
			</report>
			<report>
				<misses>150300001</misses>
				<total>0</total>
				<timestamp>949.605706</timestamp>
			</report>
			<report>
				<misses>150400001</misses>
				<total>0</total>
				<timestamp>950.241556</timestamp>
			</report>
			<report>
				<misses>150500001</misses>
				<total>0</total>
				<timestamp>950.876359</timestamp>
			</report>
			<report>
				<misses>150600001</misses>
				<total>0</total>
				<timestamp>951.510798</timestamp>
			</report>
			<report>
				<misses>150700001</misses>
				<total>0</total>
				<timestamp>952.149793</timestamp>
			</report>
			<report>
				<misses>150800001</misses>
				<total>0</total>
				<timestamp>952.784465</timestamp>
			</report>
			<report>
				<misses>150900001</misses>
				<total>0</total>
				<timestamp>953.419250</timestamp>
			</report>
			<report>
				<misses>151000001</misses>
				<total>0</total>
				<timestamp>954.053441</timestamp>
			</report>
			<report>
				<misses>151100001</misses>
				<total>0</total>
				<timestamp>954.687476</timestamp>
			</report>
			<report>
				<misses>151200001</misses>
				<total>0</total>
				<timestamp>955.322363</timestamp>
			</report>
			<report>
				<misses>151300001</misses>
				<total>0</total>
				<timestamp>955.956435</timestamp>
			</report>
			<report>
				<misses>151400001</misses>
				<total>0</total>
				<timestamp>956.590157</timestamp>
			</report>
			<report>
				<misses>151500001</misses>
				<total>0</total>
				<timestamp>957.225775</timestamp>
			</report>
			<report>
				<misses>151600001</misses>
				<total>0</total>
				<timestamp>957.859757</timestamp>
			</report>
			<report>
				<misses>151700001</misses>
				<total>0</total>
				<timestamp>958.495643</timestamp>
			</report>
			<report>
				<misses>151800001</misses>
				<total>0</total>
				<timestamp>959.131543</timestamp>
			</report>
			<report>
				<misses>151900001</misses>
				<total>0</total>
				<timestamp>959.767457</timestamp>
			</report>
			<report>
				<misses>152000001</misses>
				<total>0</total>
				<timestamp>960.402575</timestamp>
			</report>
			<report>
				<misses>152100001</misses>
				<total>0</total>
				<timestamp>961.038674</timestamp>
			</report>
			<report>
				<misses>152200001</misses>
				<total>0</total>
				<timestamp>961.675590</timestamp>
			</report>
			<report>
				<misses>152300001</misses>
				<total>0</total>
				<timestamp>962.309615</timestamp>
			</report>
			<report>
				<misses>152400001</misses>
				<total>0</total>
				<timestamp>962.943348</timestamp>
			</report>
			<report>
				<misses>152500001</misses>
				<total>0</total>
				<timestamp>963.580129</timestamp>
			</report>
			<report>
				<misses>152600001</misses>
				<total>0</total>
				<timestamp>964.223110</timestamp>
			</report>
			<report>
				<misses>152700001</misses>
				<total>0</total>
				<timestamp>964.855853</timestamp>
			</report>
			<report>
				<misses>152800001</misses>
				<total>0</total>
				<timestamp>965.490223</timestamp>
			</report>
			<report>
				<misses>152900001</misses>
				<total>0</total>
				<timestamp>966.133135</timestamp>
			</report>
			<report>
				<misses>153000001</misses>
				<total>0</total>
				<timestamp>966.766362</timestamp>
			</report>
			<report>
				<misses>153100001</misses>
				<total>0</total>
				<timestamp>967.403546</timestamp>
			</report>
			<report>
				<misses>153200001</misses>
				<total>0</total>
				<timestamp>968.054790</timestamp>
			</report>
			<report>
				<misses>153300001</misses>
				<total>0</total>
				<timestamp>968.687634</timestamp>
			</report>
			<report>
				<misses>153400001</misses>
				<total>0</total>
				<timestamp>969.337238</timestamp>
			</report>
			<report>
				<misses>153500001</misses>
				<total>0</total>
				<timestamp>969.973837</timestamp>
			</report>
			<report>
				<misses>153600001</misses>
				<total>0</total>
				<timestamp>970.607613</timestamp>
			</report>
			<report>
				<misses>153700001</misses>
				<total>0</total>
				<timestamp>971.241683</timestamp>
			</report>
			<report>
				<misses>153800001</misses>
				<total>0</total>
				<timestamp>971.876589</timestamp>
			</report>
			<report>
				<misses>153900001</misses>
				<total>0</total>
				<timestamp>972.511296</timestamp>
			</report>
			<report>
				<misses>154000001</misses>
				<total>0</total>
				<timestamp>973.143947</timestamp>
			</report>
			<report>
				<misses>154100001</misses>
				<total>0</total>
				<timestamp>973.776774</timestamp>
			</report>
			<report>
				<misses>154200001</misses>
				<total>0</total>
				<timestamp>974.411697</timestamp>
			</report>
			<report>
				<misses>154300001</misses>
				<total>0</total>
				<timestamp>975.051721</timestamp>
			</report>
			<report>
				<misses>154400001</misses>
				<total>0</total>
				<timestamp>975.685723</timestamp>
			</report>
			<report>
				<misses>154500001</misses>
				<total>0</total>
				<timestamp>976.322606</timestamp>
			</report>
			<report>
				<misses>154600001</misses>
				<total>0</total>
				<timestamp>976.959029</timestamp>
			</report>
			<report>
				<misses>154700001</misses>
				<total>0</total>
				<timestamp>977.592372</timestamp>
			</report>
			<report>
				<misses>154800001</misses>
				<total>0</total>
				<timestamp>978.226648</timestamp>
			</report>
			<report>
				<misses>154900001</misses>
				<total>0</total>
				<timestamp>978.872371</timestamp>
			</report>
			<report>
				<misses>155000001</misses>
				<total>0</total>
				<timestamp>979.507545</timestamp>
			</report>
			<report>
				<misses>155100001</misses>
				<total>0</total>
				<timestamp>980.143694</timestamp>
			</report>
			<report>
				<misses>155200001</misses>
				<total>0</total>
				<timestamp>980.779222</timestamp>
			</report>
			<report>
				<misses>155300001</misses>
				<total>0</total>
				<timestamp>981.414236</timestamp>
			</report>
			<report>
				<misses>155400001</misses>
				<total>0</total>
				<timestamp>982.050999</timestamp>
			</report>
			<report>
				<misses>155500001</misses>
				<total>0</total>
				<timestamp>982.685593</timestamp>
			</report>
			<report>
				<misses>155600001</misses>
				<total>0</total>
				<timestamp>983.333376</timestamp>
			</report>
			<report>
				<misses>155700001</misses>
				<total>0</total>
				<timestamp>983.968398</timestamp>
			</report>
			<report>
				<misses>155800001</misses>
				<total>0</total>
				<timestamp>984.602479</timestamp>
			</report>
			<report>
				<misses>155900001</misses>
				<total>0</total>
				<timestamp>985.234965</timestamp>
			</report>
			<report>
				<misses>156000001</misses>
				<total>0</total>
				<timestamp>985.874930</timestamp>
			</report>
			<report>
				<misses>156100001</misses>
				<total>0</total>
				<timestamp>986.507570</timestamp>
			</report>
			<report>
				<misses>156200001</misses>
				<total>0</total>
				<timestamp>987.144007</timestamp>
			</report>
			<report>
				<misses>156300001</misses>
				<total>0</total>
				<timestamp>987.784208</timestamp>
			</report>
			<report>
				<misses>156400001</misses>
				<total>0</total>
				<timestamp>988.418068</timestamp>
			</report>
			<report>
				<misses>156500001</misses>
				<total>0</total>
				<timestamp>989.051682</timestamp>
			</report>
			<report>
				<misses>156600001</misses>
				<total>0</total>
				<timestamp>989.685814</timestamp>
			</report>
			<report>
				<misses>156700001</misses>
				<total>0</total>
				<timestamp>990.321823</timestamp>
			</report>
			<report>
				<misses>156800001</misses>
				<total>0</total>
				<timestamp>990.958793</timestamp>
			</report>
			<report>
				<misses>156900001</misses>
				<total>0</total>
				<timestamp>991.594940</timestamp>
			</report>
			<report>
				<misses>157000001</misses>
				<total>0</total>
				<timestamp>992.233184</timestamp>
			</report>
			<report>
				<misses>157100001</misses>
				<total>0</total>
				<timestamp>992.867414</timestamp>
			</report>
			<report>
				<misses>157200001</misses>
				<total>0</total>
				<timestamp>993.503683</timestamp>
			</report>
			<report>
				<misses>157300001</misses>
				<total>0</total>
				<timestamp>994.135785</timestamp>
			</report>
			<report>
				<misses>157400001</misses>
				<total>0</total>
				<timestamp>994.768557</timestamp>
			</report>
			<report>
				<misses>157500001</misses>
				<total>0</total>
				<timestamp>995.401784</timestamp>
			</report>
			<report>
				<misses>157600001</misses>
				<total>0</total>
				<timestamp>996.037929</timestamp>
			</report>
			<report>
				<misses>157700001</misses>
				<total>0</total>
				<timestamp>996.670336</timestamp>
			</report>
			<report>
				<misses>157800001</misses>
				<total>0</total>
				<timestamp>997.303949</timestamp>
			</report>
			<report>
				<misses>157900001</misses>
				<total>0</total>
				<timestamp>997.937492</timestamp>
			</report>
			<report>
				<misses>158000001</misses>
				<total>0</total>
				<timestamp>998.571248</timestamp>
			</report>
			<report>
				<misses>158100001</misses>
				<total>0</total>
				<timestamp>999.208503</timestamp>
			</report>
			<report>
				<misses>158200001</misses>
				<total>0</total>
				<timestamp>999.845134</timestamp>
			</report>
			<report>
				<misses>158300001</misses>
				<total>0</total>
				<timestamp>1000.479166</timestamp>
			</report>
			<report>
				<misses>158400001</misses>
				<total>0</total>
				<timestamp>1001.111515</timestamp>
			</report>
			<report>
				<misses>158500001</misses>
				<total>0</total>
				<timestamp>1001.745646</timestamp>
			</report>
			<report>
				<misses>158600001</misses>
				<total>0</total>
				<timestamp>1002.382628</timestamp>
			</report>
			<report>
				<misses>158700001</misses>
				<total>0</total>
				<timestamp>1003.017702</timestamp>
			</report>
			<report>
				<misses>158800001</misses>
				<total>0</total>
				<timestamp>1003.654795</timestamp>
			</report>
			<report>
				<misses>158900001</misses>
				<total>0</total>
				<timestamp>1004.288317</timestamp>
			</report>
			<report>
				<misses>159000001</misses>
				<total>0</total>
				<timestamp>1004.921663</timestamp>
			</report>
			<report>
				<misses>159100001</misses>
				<total>0</total>
				<timestamp>1005.556096</timestamp>
			</report>
			<report>
				<misses>159200001</misses>
				<total>0</total>
				<timestamp>1006.188421</timestamp>
			</report>
			<report>
				<misses>159300001</misses>
				<total>0</total>
				<timestamp>1006.821123</timestamp>
			</report>
			<report>
				<misses>159400001</misses>
				<total>0</total>
				<timestamp>1007.453714</timestamp>
			</report>
			<report>
				<misses>159500001</misses>
				<total>0</total>
				<timestamp>1008.087355</timestamp>
			</report>
			<report>
				<misses>159600001</misses>
				<total>0</total>
				<timestamp>1008.720986</timestamp>
			</report>
			<report>
				<misses>159700001</misses>
				<total>0</total>
				<timestamp>1009.353082</timestamp>
			</report>
			<report>
				<misses>159800001</misses>
				<total>0</total>
				<timestamp>1009.986329</timestamp>
			</report>
			<report>
				<misses>159900001</misses>
				<total>0</total>
				<timestamp>1010.620640</timestamp>
			</report>
			<report>
				<misses>160000001</misses>
				<total>0</total>
				<timestamp>1011.254360</timestamp>
			</report>
			<report>
				<misses>160100001</misses>
				<total>0</total>
				<timestamp>1011.887992</timestamp>
			</report>
			<report>
				<misses>160200001</misses>
				<total>0</total>
				<timestamp>1012.521081</timestamp>
			</report>
			<report>
				<misses>160300001</misses>
				<total>0</total>
				<timestamp>1013.157275</timestamp>
			</report>
			<report>
				<misses>160400001</misses>
				<total>0</total>
				<timestamp>1013.791862</timestamp>
			</report>
			<report>
				<misses>160500001</misses>
				<total>0</total>
				<timestamp>1014.425287</timestamp>
			</report>
			<report>
				<misses>160600001</misses>
				<total>0</total>
				<timestamp>1015.059452</timestamp>
			</report>
			<report>
				<misses>160700001</misses>
				<total>0</total>
				<timestamp>1015.692677</timestamp>
			</report>
			<report>
				<misses>160800001</misses>
				<total>0</total>
				<timestamp>1016.325356</timestamp>
			</report>
			<report>
				<misses>160900001</misses>
				<total>0</total>
				<timestamp>1016.958504</timestamp>
			</report>
			<report>
				<misses>161000001</misses>
				<total>0</total>
				<timestamp>1017.590979</timestamp>
			</report>
			<report>
				<misses>161100001</misses>
				<total>0</total>
				<timestamp>1018.223179</timestamp>
			</report>
			<report>
				<misses>161200001</misses>
				<total>0</total>
				<timestamp>1018.856771</timestamp>
			</report>
			<report>
				<misses>161300001</misses>
				<total>0</total>
				<timestamp>1019.491053</timestamp>
			</report>
			<report>
				<misses>161400001</misses>
				<total>0</total>
				<timestamp>1020.124729</timestamp>
			</report>
			<report>
				<misses>161500001</misses>
				<total>0</total>
				<timestamp>1020.761214</timestamp>
			</report>
			<report>
				<misses>161600001</misses>
				<total>0</total>
				<timestamp>1021.395017</timestamp>
			</report>
			<report>
				<misses>161700001</misses>
				<total>0</total>
				<timestamp>1022.032600</timestamp>
			</report>
			<report>
				<misses>161800001</misses>
				<total>0</total>
				<timestamp>1022.669044</timestamp>
			</report>
			<report>
				<misses>161900001</misses>
				<total>0</total>
				<timestamp>1023.303034</timestamp>
			</report>
			<report>
				<misses>162000001</misses>
				<total>0</total>
				<timestamp>1023.940539</timestamp>
			</report>
			<report>
				<misses>162100001</misses>
				<total>0</total>
				<timestamp>1024.575801</timestamp>
			</report>
			<report>
				<misses>162200001</misses>
				<total>0</total>
				<timestamp>1025.212652</timestamp>
			</report>
			<report>
				<misses>162300001</misses>
				<total>0</total>
				<timestamp>1025.845526</timestamp>
			</report>
			<report>
				<misses>162400001</misses>
				<total>0</total>
				<timestamp>1026.479826</timestamp>
			</report>
			<report>
				<misses>162500001</misses>
				<total>0</total>
				<timestamp>1027.129241</timestamp>
			</report>
			<report>
				<misses>162600001</misses>
				<total>0</total>
				<timestamp>1027.762788</timestamp>
			</report>
			<report>
				<misses>162700001</misses>
				<total>0</total>
				<timestamp>1028.396330</timestamp>
			</report>
			<report>
				<misses>162800001</misses>
				<total>0</total>
				<timestamp>1029.031557</timestamp>
			</report>
			<report>
				<misses>162900001</misses>
				<total>0</total>
				<timestamp>1029.665252</timestamp>
			</report>
			<report>
				<misses>163000001</misses>
				<total>0</total>
				<timestamp>1030.299686</timestamp>
			</report>
			<report>
				<misses>163100001</misses>
				<total>0</total>
				<timestamp>1030.932292</timestamp>
			</report>
			<report>
				<misses>163200001</misses>
				<total>0</total>
				<timestamp>1031.566171</timestamp>
			</report>
			<report>
				<misses>163300001</misses>
				<total>0</total>
				<timestamp>1032.199918</timestamp>
			</report>
			<report>
				<misses>163400001</misses>
				<total>0</total>
				<timestamp>1032.833171</timestamp>
			</report>
			<report>
				<misses>163500001</misses>
				<total>0</total>
				<timestamp>1033.466062</timestamp>
			</report>
			<report>
				<misses>163600001</misses>
				<total>0</total>
				<timestamp>1034.105863</timestamp>
			</report>
			<report>
				<misses>163700001</misses>
				<total>0</total>
				<timestamp>1034.739597</timestamp>
			</report>
			<report>
				<misses>163800001</misses>
				<total>0</total>
				<timestamp>1035.372801</timestamp>
			</report>
			<report>
				<misses>163900001</misses>
				<total>0</total>
				<timestamp>1036.005605</timestamp>
			</report>
			<report>
				<misses>164000001</misses>
				<total>0</total>
				<timestamp>1036.639567</timestamp>
			</report>
			<report>
				<misses>164100001</misses>
				<total>0</total>
				<timestamp>1037.274384</timestamp>
			</report>
			<report>
				<misses>164200001</misses>
				<total>0</total>
				<timestamp>1037.911537</timestamp>
			</report>
			<report>
				<misses>164300001</misses>
				<total>0</total>
				<timestamp>1038.547428</timestamp>
			</report>
			<report>
				<misses>164400001</misses>
				<total>0</total>
				<timestamp>1039.181691</timestamp>
			</report>
			<report>
				<misses>164500001</misses>
				<total>0</total>
				<timestamp>1039.814768</timestamp>
			</report>
			<report>
				<misses>164600001</misses>
				<total>0</total>
				<timestamp>1040.451373</timestamp>
			</report>
			<report>
				<misses>164700001</misses>
				<total>0</total>
				<timestamp>1041.086015</timestamp>
			</report>
			<report>
				<misses>164800001</misses>
				<total>0</total>
				<timestamp>1041.718882</timestamp>
			</report>
			<report>
				<misses>164900001</misses>
				<total>0</total>
				<timestamp>1042.356290</timestamp>
			</report>
			<report>
				<misses>165000001</misses>
				<total>0</total>
				<timestamp>1042.995461</timestamp>
			</report>
			<report>
				<misses>165100001</misses>
				<total>0</total>
				<timestamp>1043.630522</timestamp>
			</report>
			<report>
				<misses>165200001</misses>
				<total>0</total>
				<timestamp>1044.264993</timestamp>
			</report>
			<report>
				<misses>165300001</misses>
				<total>0</total>
				<timestamp>1044.901091</timestamp>
			</report>
			<report>
				<misses>165400001</misses>
				<total>0</total>
				<timestamp>1045.534554</timestamp>
			</report>
			<report>
				<misses>165500001</misses>
				<total>0</total>
				<timestamp>1046.168702</timestamp>
			</report>
			<report>
				<misses>165600001</misses>
				<total>0</total>
				<timestamp>1046.809675</timestamp>
			</report>
			<report>
				<misses>165700001</misses>
				<total>0</total>
				<timestamp>1047.443409</timestamp>
			</report>
			<report>
				<misses>165800001</misses>
				<total>0</total>
				<timestamp>1048.081093</timestamp>
			</report>
			<report>
				<misses>165900001</misses>
				<total>0</total>
				<timestamp>1048.715911</timestamp>
			</report>
			<report>
				<misses>166000001</misses>
				<total>0</total>
				<timestamp>1049.349389</timestamp>
			</report>
			<report>
				<misses>166100001</misses>
				<total>0</total>
				<timestamp>1049.985150</timestamp>
			</report>
			<report>
				<misses>166200001</misses>
				<total>0</total>
				<timestamp>1050.618531</timestamp>
			</report>
			<report>
				<misses>166300001</misses>
				<total>0</total>
				<timestamp>1051.252185</timestamp>
			</report>
			<report>
				<misses>166400001</misses>
				<total>0</total>
				<timestamp>1051.885978</timestamp>
			</report>
			<report>
				<misses>166500001</misses>
				<total>0</total>
				<timestamp>1052.520348</timestamp>
			</report>
			<report>
				<misses>166600001</misses>
				<total>0</total>
				<timestamp>1053.155315</timestamp>
			</report>
			<report>
				<misses>166700001</misses>
				<total>0</total>
				<timestamp>1053.787636</timestamp>
			</report>
			<report>
				<misses>166800001</misses>
				<total>0</total>
				<timestamp>1054.420218</timestamp>
			</report>
			<report>
				<misses>166900001</misses>
				<total>0</total>
				<timestamp>1055.051448</timestamp>
			</report>
			<report>
				<misses>167000001</misses>
				<total>0</total>
				<timestamp>1055.687794</timestamp>
			</report>
			<report>
				<misses>167100001</misses>
				<total>0</total>
				<timestamp>1056.321009</timestamp>
			</report>
			<report>
				<misses>167200001</misses>
				<total>0</total>
				<timestamp>1056.952679</timestamp>
			</report>
			<report>
				<misses>167300001</misses>
				<total>0</total>
				<timestamp>1057.587150</timestamp>
			</report>
			<report>
				<misses>167400001</misses>
				<total>0</total>
				<timestamp>1058.220476</timestamp>
			</report>
			<report>
				<misses>167500001</misses>
				<total>0</total>
				<timestamp>1058.854582</timestamp>
			</report>
			<report>
				<misses>167600001</misses>
				<total>0</total>
				<timestamp>1059.486083</timestamp>
			</report>
			<report>
				<misses>167700001</misses>
				<total>0</total>
				<timestamp>1060.117477</timestamp>
			</report>
			<report>
				<misses>167800001</misses>
				<total>0</total>
				<timestamp>1060.749888</timestamp>
			</report>
			<report>
				<misses>167900001</misses>
				<total>0</total>
				<timestamp>1061.382370</timestamp>
			</report>
			<report>
				<misses>168000001</misses>
				<total>0</total>
				<timestamp>1062.014479</timestamp>
			</report>
			<report>
				<misses>168100001</misses>
				<total>0</total>
				<timestamp>1062.647588</timestamp>
			</report>
			<report>
				<misses>168200001</misses>
				<total>0</total>
				<timestamp>1063.280550</timestamp>
			</report>
			<report>
				<misses>168300001</misses>
				<total>0</total>
				<timestamp>1063.915250</timestamp>
			</report>
			<report>
				<misses>168400001</misses>
				<total>0</total>
				<timestamp>1064.549335</timestamp>
			</report>
			<report>
				<misses>168500001</misses>
				<total>0</total>
				<timestamp>1065.182168</timestamp>
			</report>
			<report>
				<misses>168600001</misses>
				<total>0</total>
				<timestamp>1065.815548</timestamp>
			</report>
			<report>
				<misses>168700001</misses>
				<total>0</total>
				<timestamp>1066.447636</timestamp>
			</report>
			<report>
				<misses>168800001</misses>
				<total>0</total>
				<timestamp>1067.088256</timestamp>
			</report>
			<report>
				<misses>168900001</misses>
				<total>0</total>
				<timestamp>1067.719873</timestamp>
			</report>
			<report>
				<misses>169000001</misses>
				<total>0</total>
				<timestamp>1068.353541</timestamp>
			</report>
			<report>
				<misses>169100001</misses>
				<total>0</total>
				<timestamp>1068.988220</timestamp>
			</report>
			<report>
				<misses>169200001</misses>
				<total>0</total>
				<timestamp>1069.619192</timestamp>
			</report>
			<report>
				<misses>169300001</misses>
				<total>0</total>
				<timestamp>1070.253052</timestamp>
			</report>
			<report>
				<misses>169400001</misses>
				<total>0</total>
				<timestamp>1070.886922</timestamp>
			</report>
			<report>
				<misses>169500001</misses>
				<total>0</total>
				<timestamp>1071.520898</timestamp>
			</report>
			<report>
				<misses>169600001</misses>
				<total>0</total>
				<timestamp>1072.154905</timestamp>
			</report>
			<report>
				<misses>169700001</misses>
				<total>0</total>
				<timestamp>1072.790314</timestamp>
			</report>
			<report>
				<misses>169800001</misses>
				<total>0</total>
				<timestamp>1073.424386</timestamp>
			</report>
			<report>
				<misses>169900001</misses>
				<total>0</total>
				<timestamp>1074.059910</timestamp>
			</report>
			<report>
				<misses>170000001</misses>
				<total>0</total>
				<timestamp>1074.693548</timestamp>
			</report>
			<report>
				<misses>170100001</misses>
				<total>0</total>
				<timestamp>1075.327922</timestamp>
			</report>
			<report>
				<misses>170200001</misses>
				<total>0</total>
				<timestamp>1075.962016</timestamp>
			</report>
			<report>
				<misses>170300001</misses>
				<total>0</total>
				<timestamp>1076.594727</timestamp>
			</report>
			<report>
				<misses>170400001</misses>
				<total>0</total>
				<timestamp>1077.226726</timestamp>
			</report>
			<report>
				<misses>170500001</misses>
				<total>0</total>
				<timestamp>1077.859203</timestamp>
			</report>
			<report>
				<misses>170600001</misses>
				<total>0</total>
				<timestamp>1078.491291</timestamp>
			</report>
			<report>
				<misses>170700001</misses>
				<total>0</total>
				<timestamp>1079.122959</timestamp>
			</report>
			<report>
				<misses>170800001</misses>
				<total>0</total>
				<timestamp>1079.757321</timestamp>
			</report>
			<report>
				<misses>170900001</misses>
				<total>0</total>
				<timestamp>1080.391669</timestamp>
			</report>
			<report>
				<misses>171000001</misses>
				<total>0</total>
				<timestamp>1081.025595</timestamp>
			</report>
			<report>
				<misses>171100001</misses>
				<total>0</total>
				<timestamp>1081.660155</timestamp>
			</report>
			<report>
				<misses>171200001</misses>
				<total>0</total>
				<timestamp>1082.294504</timestamp>
			</report>
			<report>
				<misses>171300001</misses>
				<total>0</total>
				<timestamp>1082.928201</timestamp>
			</report>
			<report>
				<misses>171400001</misses>
				<total>0</total>
				<timestamp>1083.562587</timestamp>
			</report>
			<report>
				<misses>171500001</misses>
				<total>0</total>
				<timestamp>1084.195827</timestamp>
			</report>
			<report>
				<misses>171600001</misses>
				<total>0</total>
				<timestamp>1084.826530</timestamp>
			</report>
			<report>
				<misses>171700001</misses>
				<total>0</total>
				<timestamp>1085.460696</timestamp>
			</report>
			<report>
				<misses>171800001</misses>
				<total>0</total>
				<timestamp>1086.093377</timestamp>
			</report>
			<report>
				<misses>171900001</misses>
				<total>0</total>
				<timestamp>1086.725843</timestamp>
			</report>
			<report>
				<misses>172000001</misses>
				<total>0</total>
				<timestamp>1087.360401</timestamp>
			</report>
			<report>
				<misses>172100001</misses>
				<total>0</total>
				<timestamp>1087.992479</timestamp>
			</report>
			<report>
				<misses>172200001</misses>
				<total>0</total>
				<timestamp>1088.626107</timestamp>
			</report>
			<report>
				<misses>172300001</misses>
				<total>0</total>
				<timestamp>1089.259443</timestamp>
			</report>
			<report>
				<misses>172400001</misses>
				<total>0</total>
				<timestamp>1089.893675</timestamp>
			</report>
			<report>
				<misses>172500001</misses>
				<total>0</total>
				<timestamp>1090.527880</timestamp>
			</report>
			<report>
				<misses>172600001</misses>
				<total>0</total>
				<timestamp>1091.165109</timestamp>
			</report>
			<report>
				<misses>172700001</misses>
				<total>0</total>
				<timestamp>1091.799336</timestamp>
			</report>
			<report>
				<misses>172800001</misses>
				<total>0</total>
				<timestamp>1092.432587</timestamp>
			</report>
			<report>
				<misses>172900001</misses>
				<total>0</total>
				<timestamp>1093.066334</timestamp>
			</report>
			<report>
				<misses>173000001</misses>
				<total>0</total>
				<timestamp>1093.700476</timestamp>
			</report>
			<report>
				<misses>173100001</misses>
				<total>0</total>
				<timestamp>1094.335023</timestamp>
			</report>
			<report>
				<misses>173200001</misses>
				<total>0</total>
				<timestamp>1094.968944</timestamp>
			</report>
			<report>
				<misses>173300001</misses>
				<total>0</total>
				<timestamp>1095.602051</timestamp>
			</report>
			<report>
				<misses>173400001</misses>
				<total>0</total>
				<timestamp>1096.234930</timestamp>
			</report>
			<report>
				<misses>173500001</misses>
				<total>0</total>
				<timestamp>1096.869621</timestamp>
			</report>
			<report>
				<misses>173600001</misses>
				<total>0</total>
				<timestamp>1097.504242</timestamp>
			</report>
			<report>
				<misses>173700001</misses>
				<total>0</total>
				<timestamp>1098.151022</timestamp>
			</report>
			<report>
				<misses>173800001</misses>
				<total>0</total>
				<timestamp>1098.785343</timestamp>
			</report>
			<report>
				<misses>173900001</misses>
				<total>0</total>
				<timestamp>1099.418749</timestamp>
			</report>
			<report>
				<misses>174000001</misses>
				<total>0</total>
				<timestamp>1100.054037</timestamp>
			</report>
			<report>
				<misses>174100001</misses>
				<total>0</total>
				<timestamp>1100.690233</timestamp>
			</report>
			<report>
				<misses>174200001</misses>
				<total>0</total>
				<timestamp>1101.336380</timestamp>
			</report>
			<report>
				<misses>174300001</misses>
				<total>0</total>
				<timestamp>1101.969128</timestamp>
			</report>
			<report>
				<misses>174400001</misses>
				<total>0</total>
				<timestamp>1102.602109</timestamp>
			</report>
			<report>
				<misses>174500001</misses>
				<total>0</total>
				<timestamp>1103.236100</timestamp>
			</report>
			<report>
				<misses>174600001</misses>
				<total>0</total>
				<timestamp>1103.870102</timestamp>
			</report>
			<report>
				<misses>174700001</misses>
				<total>0</total>
				<timestamp>1104.502657</timestamp>
			</report>
			<report>
				<misses>174800001</misses>
				<total>0</total>
				<timestamp>1105.135564</timestamp>
			</report>
			<report>
				<misses>174900001</misses>
				<total>0</total>
				<timestamp>1105.771169</timestamp>
			</report>
			<report>
				<misses>175000001</misses>
				<total>0</total>
				<timestamp>1106.404425</timestamp>
			</report>
			<report>
				<misses>175100001</misses>
				<total>0</total>
				<timestamp>1107.049896</timestamp>
			</report>
			<report>
				<misses>175200001</misses>
				<total>0</total>
				<timestamp>1107.682994</timestamp>
			</report>
			<report>
				<misses>175300001</misses>
				<total>0</total>
				<timestamp>1108.316481</timestamp>
			</report>
			<report>
				<misses>175400001</misses>
				<total>0</total>
				<timestamp>1108.949921</timestamp>
			</report>
			<report>
				<misses>175500001</misses>
				<total>0</total>
				<timestamp>1109.582661</timestamp>
			</report>
			<report>
				<misses>175600001</misses>
				<total>0</total>
				<timestamp>1110.216446</timestamp>
			</report>
			<report>
				<misses>175700001</misses>
				<total>0</total>
				<timestamp>1110.849664</timestamp>
			</report>
			<report>
				<misses>175800001</misses>
				<total>0</total>
				<timestamp>1111.482702</timestamp>
			</report>
			<report>
				<misses>175900001</misses>
				<total>0</total>
				<timestamp>1112.114991</timestamp>
			</report>
			<report>
				<misses>176000001</misses>
				<total>0</total>
				<timestamp>1112.749062</timestamp>
			</report>
			<report>
				<misses>176100001</misses>
				<total>0</total>
				<timestamp>1113.381434</timestamp>
			</report>
			<report>
				<misses>176200001</misses>
				<total>0</total>
				<timestamp>1114.014121</timestamp>
			</report>
			<report>
				<misses>176300001</misses>
				<total>0</total>
				<timestamp>1114.648243</timestamp>
			</report>
			<report>
				<misses>176400001</misses>
				<total>0</total>
				<timestamp>1115.281901</timestamp>
			</report>
			<report>
				<misses>176500001</misses>
				<total>0</total>
				<timestamp>1115.913935</timestamp>
			</report>
			<report>
				<misses>176600001</misses>
				<total>0</total>
				<timestamp>1116.546854</timestamp>
			</report>
			<report>
				<misses>176700001</misses>
				<total>0</total>
				<timestamp>1117.178658</timestamp>
			</report>
			<report>
				<misses>176800001</misses>
				<total>0</total>
				<timestamp>1117.810797</timestamp>
			</report>
			<report>
				<misses>176900001</misses>
				<total>0</total>
				<timestamp>1118.441757</timestamp>
			</report>
			<report>
				<misses>177000001</misses>
				<total>0</total>
				<timestamp>1119.072852</timestamp>
			</report>
			<report>
				<misses>177100001</misses>
				<total>0</total>
				<timestamp>1119.704919</timestamp>
			</report>
			<report>
				<misses>177200001</misses>
				<total>0</total>
				<timestamp>1120.337986</timestamp>
			</report>
			<report>
				<misses>177300001</misses>
				<total>0</total>
				<timestamp>1120.969415</timestamp>
			</report>
			<report>
				<misses>177400001</misses>
				<total>0</total>
				<timestamp>1121.601878</timestamp>
			</report>
			<report>
				<misses>177500001</misses>
				<total>0</total>
				<timestamp>1122.234855</timestamp>
			</report>
			<report>
				<misses>177600001</misses>
				<total>0</total>
				<timestamp>1122.867450</timestamp>
			</report>
			<report>
				<misses>177700001</misses>
				<total>0</total>
				<timestamp>1123.498964</timestamp>
			</report>
			<report>
				<misses>177800001</misses>
				<total>0</total>
				<timestamp>1124.130647</timestamp>
			</report>
			<report>
				<misses>177900001</misses>
				<total>0</total>
				<timestamp>1124.761899</timestamp>
			</report>
			<report>
				<misses>178000001</misses>
				<total>0</total>
				<timestamp>1125.393444</timestamp>
			</report>
			<report>
				<misses>178100001</misses>
				<total>0</total>
				<timestamp>1126.025016</timestamp>
			</report>
			<report>
				<misses>178200001</misses>
				<total>0</total>
				<timestamp>1126.655829</timestamp>
			</report>
			<report>
				<misses>178300001</misses>
				<total>0</total>
				<timestamp>1127.286214</timestamp>
			</report>
			<report>
				<misses>178400001</misses>
				<total>0</total>
				<timestamp>1127.918717</timestamp>
			</report>
			<report>
				<misses>178500001</misses>
				<total>0</total>
				<timestamp>1128.552406</timestamp>
			</report>
			<report>
				<misses>178600001</misses>
				<total>0</total>
				<timestamp>1129.185533</timestamp>
			</report>
			<report>
				<misses>178700001</misses>
				<total>0</total>
				<timestamp>1129.818541</timestamp>
			</report>
			<report>
				<misses>178800001</misses>
				<total>0</total>
				<timestamp>1130.450288</timestamp>
			</report>
			<report>
				<misses>178900001</misses>
				<total>0</total>
				<timestamp>1131.082860</timestamp>
			</report>
			<report>
				<misses>179000001</misses>
				<total>0</total>
				<timestamp>1131.715449</timestamp>
			</report>
			<report>
				<misses>179100001</misses>
				<total>0</total>
				<timestamp>1132.347011</timestamp>
			</report>
			<report>
				<misses>179200001</misses>
				<total>0</total>
				<timestamp>1132.978904</timestamp>
			</report>
			<report>
				<misses>179300001</misses>
				<total>0</total>
				<timestamp>1133.612522</timestamp>
			</report>
			<report>
				<misses>179400001</misses>
				<total>0</total>
				<timestamp>1134.245875</timestamp>
			</report>
			<report>
				<misses>179500001</misses>
				<total>0</total>
				<timestamp>1134.878903</timestamp>
			</report>
			<report>
				<misses>179600001</misses>
				<total>0</total>
				<timestamp>1135.510923</timestamp>
			</report>
			<report>
				<misses>179700001</misses>
				<total>0</total>
				<timestamp>1136.143099</timestamp>
			</report>
			<report>
				<misses>179800001</misses>
				<total>0</total>
				<timestamp>1136.775960</timestamp>
			</report>
			<report>
				<misses>179900001</misses>
				<total>0</total>
				<timestamp>1137.407913</timestamp>
			</report>
			<report>
				<misses>180000001</misses>
				<total>0</total>
				<timestamp>1138.040109</timestamp>
			</report>
			<report>
				<misses>180100001</misses>
				<total>0</total>
				<timestamp>1138.671430</timestamp>
			</report>
			<report>
				<misses>180200001</misses>
				<total>0</total>
				<timestamp>1139.303728</timestamp>
			</report>
			<report>
				<misses>180300001</misses>
				<total>0</total>
				<timestamp>1139.937519</timestamp>
			</report>
			<report>
				<misses>180400001</misses>
				<total>0</total>
				<timestamp>1140.570582</timestamp>
			</report>
			<report>
				<misses>180500001</misses>
				<total>0</total>
				<timestamp>1141.203895</timestamp>
			</report>
			<report>
				<misses>180600001</misses>
				<total>0</total>
				<timestamp>1141.837990</timestamp>
			</report>
			<report>
				<misses>180700001</misses>
				<total>0</total>
				<timestamp>1142.470817</timestamp>
			</report>
			<report>
				<misses>180800001</misses>
				<total>0</total>
				<timestamp>1143.103427</timestamp>
			</report>
			<report>
				<misses>180900001</misses>
				<total>0</total>
				<timestamp>1143.737003</timestamp>
			</report>
			<report>
				<misses>181000001</misses>
				<total>0</total>
				<timestamp>1144.368593</timestamp>
			</report>
			<report>
				<misses>181100001</misses>
				<total>0</total>
				<timestamp>1144.999344</timestamp>
			</report>
			<report>
				<misses>181200001</misses>
				<total>0</total>
				<timestamp>1145.631180</timestamp>
			</report>
			<report>
				<misses>181300001</misses>
				<total>0</total>
				<timestamp>1146.263648</timestamp>
			</report>
			<report>
				<misses>181400001</misses>
				<total>0</total>
				<timestamp>1146.898529</timestamp>
			</report>
			<report>
				<misses>181500001</misses>
				<total>0</total>
				<timestamp>1147.531937</timestamp>
			</report>
			<report>
				<misses>181600001</misses>
				<total>0</total>
				<timestamp>1148.163744</timestamp>
			</report>
			<report>
				<misses>181700001</misses>
				<total>0</total>
				<timestamp>1148.806252</timestamp>
			</report>
			<report>
				<misses>181800001</misses>
				<total>0</total>
				<timestamp>1149.445952</timestamp>
			</report>
			<report>
				<misses>181900001</misses>
				<total>0</total>
				<timestamp>1150.076941</timestamp>
			</report>
			<report>
				<misses>182000001</misses>
				<total>0</total>
				<timestamp>1150.709687</timestamp>
			</report>
			<report>
				<misses>182100001</misses>
				<total>0</total>
				<timestamp>1151.342740</timestamp>
			</report>
			<report>
				<misses>182200001</misses>
				<total>0</total>
				<timestamp>1151.976137</timestamp>
			</report>
			<report>
				<misses>182300001</misses>
				<total>0</total>
				<timestamp>1152.608176</timestamp>
			</report>
			<report>
				<misses>182400001</misses>
				<total>0</total>
				<timestamp>1153.241135</timestamp>
			</report>
			<report>
				<misses>182500001</misses>
				<total>0</total>
				<timestamp>1153.875036</timestamp>
			</report>
			<report>
				<misses>182600001</misses>
				<total>0</total>
				<timestamp>1154.508019</timestamp>
			</report>
			<report>
				<misses>182700001</misses>
				<total>0</total>
				<timestamp>1155.141668</timestamp>
			</report>
			<report>
				<misses>182800001</misses>
				<total>0</total>
				<timestamp>1155.774642</timestamp>
			</report>
			<report>
				<misses>182900001</misses>
				<total>0</total>
				<timestamp>1156.407013</timestamp>
			</report>
			<report>
				<misses>183000001</misses>
				<total>0</total>
				<timestamp>1157.040659</timestamp>
			</report>
			<report>
				<misses>183100001</misses>
				<total>0</total>
				<timestamp>1157.673484</timestamp>
			</report>
			<report>
				<misses>183200001</misses>
				<total>0</total>
				<timestamp>1158.305826</timestamp>
			</report>
			<report>
				<misses>183300001</misses>
				<total>0</total>
				<timestamp>1158.940228</timestamp>
			</report>
			<report>
				<misses>183400001</misses>
				<total>0</total>
				<timestamp>1159.572425</timestamp>
			</report>
			<report>
				<misses>183500001</misses>
				<total>0</total>
				<timestamp>1160.203956</timestamp>
			</report>
			<report>
				<misses>183600001</misses>
				<total>0</total>
				<timestamp>1160.837901</timestamp>
			</report>
			<report>
				<misses>183700001</misses>
				<total>0</total>
				<timestamp>1161.469674</timestamp>
			</report>
			<report>
				<misses>183800001</misses>
				<total>0</total>
				<timestamp>1162.102633</timestamp>
			</report>
			<report>
				<misses>183900001</misses>
				<total>0</total>
				<timestamp>1162.734619</timestamp>
			</report>
			<report>
				<misses>184000001</misses>
				<total>0</total>
				<timestamp>1163.366392</timestamp>
			</report>
			<report>
				<misses>184100001</misses>
				<total>0</total>
				<timestamp>1163.999469</timestamp>
			</report>
			<report>
				<misses>184200001</misses>
				<total>0</total>
				<timestamp>1164.632059</timestamp>
			</report>
			<report>
				<misses>184300001</misses>
				<total>0</total>
				<timestamp>1165.265920</timestamp>
			</report>
			<report>
				<misses>184400001</misses>
				<total>0</total>
				<timestamp>1165.897897</timestamp>
			</report>
			<report>
				<misses>184500001</misses>
				<total>0</total>
				<timestamp>1166.529909</timestamp>
			</report>
			<report>
				<misses>184600001</misses>
				<total>0</total>
				<timestamp>1167.164035</timestamp>
			</report>
			<report>
				<misses>184700001</misses>
				<total>0</total>
				<timestamp>1167.796088</timestamp>
			</report>
			<report>
				<misses>184800001</misses>
				<total>0</total>
				<timestamp>1168.427718</timestamp>
			</report>
			<report>
				<misses>184900001</misses>
				<total>0</total>
				<timestamp>1169.059808</timestamp>
			</report>
			<report>
				<misses>185000001</misses>
				<total>0</total>
				<timestamp>1169.693506</timestamp>
			</report>
			<report>
				<misses>185100001</misses>
				<total>0</total>
				<timestamp>1170.325742</timestamp>
			</report>
			<report>
				<misses>185200001</misses>
				<total>0</total>
				<timestamp>1170.958609</timestamp>
			</report>
			<report>
				<misses>185300001</misses>
				<total>0</total>
				<timestamp>1171.592015</timestamp>
			</report>
			<report>
				<misses>185400001</misses>
				<total>0</total>
				<timestamp>1172.252644</timestamp>
			</report>
			<report>
				<misses>185500001</misses>
				<total>0</total>
				<timestamp>1172.886410</timestamp>
			</report>
			<report>
				<misses>185600001</misses>
				<total>0</total>
				<timestamp>1173.520399</timestamp>
			</report>
			<report>
				<misses>185700001</misses>
				<total>0</total>
				<timestamp>1174.154353</timestamp>
			</report>
			<report>
				<misses>185800001</misses>
				<total>0</total>
				<timestamp>1174.788411</timestamp>
			</report>
			<report>
				<misses>185900001</misses>
				<total>0</total>
				<timestamp>1175.421587</timestamp>
			</report>
			<report>
				<misses>186000001</misses>
				<total>0</total>
				<timestamp>1176.054301</timestamp>
			</report>
			<report>
				<misses>186100001</misses>
				<total>0</total>
				<timestamp>1176.687213</timestamp>
			</report>
			<report>
				<misses>186200001</misses>
				<total>0</total>
				<timestamp>1177.322102</timestamp>
			</report>
			<report>
				<misses>186300001</misses>
				<total>0</total>
				<timestamp>1177.954388</timestamp>
			</report>
			<report>
				<misses>186400001</misses>
				<total>0</total>
				<timestamp>1178.586321</timestamp>
			</report>
			<report>
				<misses>186500001</misses>
				<total>0</total>
				<timestamp>1179.218748</timestamp>
			</report>
			<report>
				<misses>186600001</misses>
				<total>0</total>
				<timestamp>1179.854780</timestamp>
			</report>
			<report>
				<misses>186700001</misses>
				<total>0</total>
				<timestamp>1180.488243</timestamp>
			</report>
			<report>
				<misses>186800001</misses>
				<total>0</total>
				<timestamp>1181.120516</timestamp>
			</report>
			<report>
				<misses>186900001</misses>
				<total>0</total>
				<timestamp>1181.756142</timestamp>
			</report>
			<report>
				<misses>187000001</misses>
				<total>0</total>
				<timestamp>1182.389783</timestamp>
			</report>
			<report>
				<misses>187100001</misses>
				<total>0</total>
				<timestamp>1183.024146</timestamp>
			</report>
			<report>
				<misses>187200001</misses>
				<total>0</total>
				<timestamp>1183.656542</timestamp>
			</report>
			<report>
				<misses>187300001</misses>
				<total>0</total>
				<timestamp>1184.289066</timestamp>
			</report>
			<report>
				<misses>187400001</misses>
				<total>0</total>
				<timestamp>1184.921517</timestamp>
			</report>
			<report>
				<misses>187500001</misses>
				<total>0</total>
				<timestamp>1185.554218</timestamp>
			</report>
			<report>
				<misses>187600001</misses>
				<total>0</total>
				<timestamp>1186.194921</timestamp>
			</report>
			<report>
				<misses>187700001</misses>
				<total>0</total>
				<timestamp>1186.828451</timestamp>
			</report>
			<report>
				<misses>187800001</misses>
				<total>0</total>
				<timestamp>1187.461940</timestamp>
			</report>
			<report>
				<misses>187900001</misses>
				<total>0</total>
				<timestamp>1188.096792</timestamp>
			</report>
			<report>
				<misses>188000001</misses>
				<total>0</total>
				<timestamp>1188.730889</timestamp>
			</report>
			<report>
				<misses>188100001</misses>
				<total>0</total>
				<timestamp>1189.364095</timestamp>
			</report>
			<report>
				<misses>188200001</misses>
				<total>0</total>
				<timestamp>1189.996828</timestamp>
			</report>
			<report>
				<misses>188300001</misses>
				<total>0</total>
				<timestamp>1190.631438</timestamp>
			</report>
			<report>
				<misses>188400001</misses>
				<total>0</total>
				<timestamp>1191.264741</timestamp>
			</report>
			<report>
				<misses>188500001</misses>
				<total>0</total>
				<timestamp>1191.900634</timestamp>
			</report>
			<report>
				<misses>188600001</misses>
				<total>0</total>
				<timestamp>1192.534531</timestamp>
			</report>
			<report>
				<misses>188700001</misses>
				<total>0</total>
				<timestamp>1193.169249</timestamp>
			</report>
			<report>
				<misses>188800001</misses>
				<total>0</total>
				<timestamp>1193.801748</timestamp>
			</report>
			<report>
				<misses>188900001</misses>
				<total>0</total>
				<timestamp>1194.434681</timestamp>
			</report>
			<report>
				<misses>189000001</misses>
				<total>0</total>
				<timestamp>1195.066755</timestamp>
			</report>
			<report>
				<misses>189100001</misses>
				<total>0</total>
				<timestamp>1195.701895</timestamp>
			</report>
			<report>
				<misses>189200001</misses>
				<total>0</total>
				<timestamp>1196.334774</timestamp>
			</report>
			<report>
				<misses>189300001</misses>
				<total>0</total>
				<timestamp>1196.968637</timestamp>
			</report>
			<report>
				<misses>189400001</misses>
				<total>0</total>
				<timestamp>1197.601803</timestamp>
			</report>
			<report>
				<misses>189500001</misses>
				<total>0</total>
				<timestamp>1198.237205</timestamp>
			</report>
			<report>
				<misses>189600001</misses>
				<total>0</total>
				<timestamp>1198.870977</timestamp>
			</report>
			<report>
				<misses>189700001</misses>
				<total>0</total>
				<timestamp>1199.505737</timestamp>
			</report>
			<report>
				<misses>189800001</misses>
				<total>0</total>
				<timestamp>1200.138316</timestamp>
			</report>
			<report>
				<misses>189900001</misses>
				<total>0</total>
				<timestamp>1200.770915</timestamp>
			</report>
			<report>
				<misses>190000001</misses>
				<total>0</total>
				<timestamp>1201.405631</timestamp>
			</report>
			<report>
				<misses>190100001</misses>
				<total>0</total>
				<timestamp>1202.039393</timestamp>
			</report>
			<report>
				<misses>190200001</misses>
				<total>0</total>
				<timestamp>1202.672239</timestamp>
			</report>
			<report>
				<misses>190300001</misses>
				<total>0</total>
				<timestamp>1203.304659</timestamp>
			</report>
			<report>
				<misses>190400001</misses>
				<total>0</total>
				<timestamp>1203.938770</timestamp>
			</report>
			<report>
				<misses>190500001</misses>
				<total>0</total>
				<timestamp>1204.572194</timestamp>
			</report>
			<report>
				<misses>190600001</misses>
				<total>0</total>
				<timestamp>1205.206081</timestamp>
			</report>
			<report>
				<misses>190700001</misses>
				<total>0</total>
				<timestamp>1205.842048</timestamp>
			</report>
			<report>
				<misses>190800001</misses>
				<total>0</total>
				<timestamp>1206.475421</timestamp>
			</report>
			<report>
				<misses>190900001</misses>
				<total>0</total>
				<timestamp>1207.108023</timestamp>
			</report>
			<report>
				<misses>191000001</misses>
				<total>0</total>
				<timestamp>1207.740783</timestamp>
			</report>
			<report>
				<misses>191100001</misses>
				<total>0</total>
				<timestamp>1208.373886</timestamp>
			</report>
			<report>
				<misses>191200001</misses>
				<total>0</total>
				<timestamp>1209.006100</timestamp>
			</report>
			<report>
				<misses>191300001</misses>
				<total>0</total>
				<timestamp>1209.637455</timestamp>
			</report>
			<report>
				<misses>191400001</misses>
				<total>0</total>
				<timestamp>1210.268466</timestamp>
			</report>
			<report>
				<misses>191500001</misses>
				<total>0</total>
				<timestamp>1210.900366</timestamp>
			</report>
			<report>
				<misses>191600001</misses>
				<total>0</total>
				<timestamp>1211.532782</timestamp>
			</report>
			<report>
				<misses>191700001</misses>
				<total>0</total>
				<timestamp>1212.168654</timestamp>
			</report>
			<report>
				<misses>191800001</misses>
				<total>0</total>
				<timestamp>1212.801596</timestamp>
			</report>
			<report>
				<misses>191900001</misses>
				<total>0</total>
				<timestamp>1213.434740</timestamp>
			</report>
			<report>
				<misses>192000001</misses>
				<total>0</total>
				<timestamp>1214.068408</timestamp>
			</report>
			<report>
				<misses>192100001</misses>
				<total>0</total>
				<timestamp>1214.700673</timestamp>
			</report>
			<report>
				<misses>192200001</misses>
				<total>0</total>
				<timestamp>1215.334685</timestamp>
			</report>
			<report>
				<misses>192300001</misses>
				<total>0</total>
				<timestamp>1215.966931</timestamp>
			</report>
			<report>
				<misses>192400001</misses>
				<total>0</total>
				<timestamp>1216.598800</timestamp>
			</report>
			<report>
				<misses>192500001</misses>
				<total>0</total>
				<timestamp>1217.232327</timestamp>
			</report>
			<report>
				<misses>192600001</misses>
				<total>0</total>
				<timestamp>1217.865238</timestamp>
			</report>
			<report>
				<misses>192700001</misses>
				<total>0</total>
				<timestamp>1218.499387</timestamp>
			</report>
			<report>
				<misses>192800001</misses>
				<total>0</total>
				<timestamp>1219.132638</timestamp>
			</report>
			<report>
				<misses>192900001</misses>
				<total>0</total>
				<timestamp>1219.769107</timestamp>
			</report>
			<report>
				<misses>193000001</misses>
				<total>0</total>
				<timestamp>1220.402003</timestamp>
			</report>
			<report>
				<misses>193100001</misses>
				<total>0</total>
				<timestamp>1221.036036</timestamp>
			</report>
			<report>
				<misses>193200001</misses>
				<total>0</total>
				<timestamp>1221.669933</timestamp>
			</report>
			<report>
				<misses>193300001</misses>
				<total>0</total>
				<timestamp>1222.304507</timestamp>
			</report>
			<report>
				<misses>193400001</misses>
				<total>0</total>
				<timestamp>1222.948653</timestamp>
			</report>
			<report>
				<misses>193500001</misses>
				<total>0</total>
				<timestamp>1223.584158</timestamp>
			</report>
			<report>
				<misses>193600001</misses>
				<total>0</total>
				<timestamp>1224.213032</timestamp>
			</report>
			<report>
				<misses>193700001</misses>
				<total>0</total>
				<timestamp>1224.836549</timestamp>
			</report>
			<report>
				<misses>193800001</misses>
				<total>0</total>
				<timestamp>1225.459700</timestamp>
			</report>
			<report>
				<misses>193900001</misses>
				<total>0</total>
				<timestamp>1226.082696</timestamp>
			</report>
			<report>
				<misses>194000001</misses>
				<total>0</total>
				<timestamp>1226.705373</timestamp>
			</report>
			<report>
				<misses>194100001</misses>
				<total>0</total>
				<timestamp>1227.328380</timestamp>
			</report>
			<report>
				<misses>194200001</misses>
				<total>0</total>
				<timestamp>1227.951115</timestamp>
			</report>
			<report>
				<misses>194300001</misses>
				<total>0</total>
				<timestamp>1228.574560</timestamp>
			</report>
			<report>
				<misses>194400001</misses>
				<total>0</total>
				<timestamp>1229.197966</timestamp>
			</report>
			<report>
				<misses>194500001</misses>
				<total>0</total>
				<timestamp>1229.824133</timestamp>
			</report>
			<report>
				<misses>194600001</misses>
				<total>0</total>
				<timestamp>1230.447459</timestamp>
			</report>
			<report>
				<misses>194700001</misses>
				<total>0</total>
				<timestamp>1231.071231</timestamp>
			</report>
			<report>
				<misses>194800001</misses>
				<total>0</total>
				<timestamp>1231.694623</timestamp>
			</report>
			<report>
				<misses>194900001</misses>
				<total>0</total>
				<timestamp>1232.317675</timestamp>
			</report>
			<report>
				<misses>195000001</misses>
				<total>0</total>
				<timestamp>1232.940839</timestamp>
			</report>
			<report>
				<misses>195100001</misses>
				<total>0</total>
				<timestamp>1233.564239</timestamp>
			</report>
			<report>
				<misses>195200001</misses>
				<total>0</total>
				<timestamp>1234.187083</timestamp>
			</report>
			<report>
				<misses>195300001</misses>
				<total>0</total>
				<timestamp>1234.816577</timestamp>
			</report>
			<report>
				<misses>195400001</misses>
				<total>0</total>
				<timestamp>1235.448320</timestamp>
			</report>
			<report>
				<misses>195500001</misses>
				<total>0</total>
				<timestamp>1236.082075</timestamp>
			</report>
			<report>
				<misses>195600001</misses>
				<total>0</total>
				<timestamp>1236.708042</timestamp>
			</report>
			<report>
				<misses>195700001</misses>
				<total>0</total>
				<timestamp>1237.333796</timestamp>
			</report>
			<report>
				<misses>195800001</misses>
				<total>0</total>
				<timestamp>1237.967036</timestamp>
			</report>
			<report>
				<misses>195900001</misses>
				<total>0</total>
				<timestamp>1238.593490</timestamp>
			</report>
			<report>
				<misses>196000001</misses>
				<total>0</total>
				<timestamp>1239.219830</timestamp>
			</report>
			<report>
				<misses>196100001</misses>
				<total>0</total>
				<timestamp>1239.851576</timestamp>
			</report>
			<report>
				<misses>196200001</misses>
				<total>0</total>
				<timestamp>1240.477873</timestamp>
			</report>
			<report>
				<misses>196300001</misses>
				<total>0</total>
				<timestamp>1241.138006</timestamp>
			</report>
			<report>
				<misses>196400001</misses>
				<total>0</total>
				<timestamp>1241.768463</timestamp>
			</report>
			<report>
				<misses>196500001</misses>
				<total>0</total>
				<timestamp>1242.392331</timestamp>
			</report>
			<report>
				<misses>196600001</misses>
				<total>0</total>
				<timestamp>1243.015471</timestamp>
			</report>
			<report>
				<misses>196700001</misses>
				<total>0</total>
				<timestamp>1243.644623</timestamp>
			</report>
			<report>
				<misses>196800001</misses>
				<total>0</total>
				<timestamp>1244.267180</timestamp>
			</report>
			<report>
				<misses>196900001</misses>
				<total>0</total>
				<timestamp>1244.923547</timestamp>
			</report>
			<report>
				<misses>197000001</misses>
				<total>0</total>
				<timestamp>1245.551577</timestamp>
			</report>
			<report>
				<misses>197100001</misses>
				<total>0</total>
				<timestamp>1246.179325</timestamp>
			</report>
			<report>
				<misses>197200001</misses>
				<total>0</total>
				<timestamp>1246.802189</timestamp>
			</report>
			<report>
				<misses>197300001</misses>
				<total>0</total>
				<timestamp>1247.425554</timestamp>
			</report>
			<report>
				<misses>197400001</misses>
				<total>0</total>
				<timestamp>1248.060819</timestamp>
			</report>
			<report>
				<misses>197500001</misses>
				<total>0</total>
				<timestamp>1248.689275</timestamp>
			</report>
			<report>
				<misses>197600001</misses>
				<total>0</total>
				<timestamp>1249.313656</timestamp>
			</report>
			<report>
				<misses>197700001</misses>
				<total>0</total>
				<timestamp>1249.937069</timestamp>
			</report>
			<report>
				<misses>197800001</misses>
				<total>0</total>
				<timestamp>1250.560111</timestamp>
			</report>
			<report>
				<misses>197900001</misses>
				<total>0</total>
				<timestamp>1251.183286</timestamp>
			</report>
			<report>
				<misses>198000001</misses>
				<total>0</total>
				<timestamp>1251.817327</timestamp>
			</report>
			<report>
				<misses>198100001</misses>
				<total>0</total>
				<timestamp>1252.441128</timestamp>
			</report>
			<report>
				<misses>198200001</misses>
				<total>0</total>
				<timestamp>1253.066875</timestamp>
			</report>
			<report>
				<misses>198300001</misses>
				<total>0</total>
				<timestamp>1253.692982</timestamp>
			</report>
			<report>
				<misses>198400001</misses>
				<total>0</total>
				<timestamp>1254.317032</timestamp>
			</report>
			<report>
				<misses>198500001</misses>
				<total>0</total>
				<timestamp>1254.939944</timestamp>
			</report>
			<report>
				<misses>198600001</misses>
				<total>0</total>
				<timestamp>1255.564124</timestamp>
			</report>
			<report>
				<misses>198700001</misses>
				<total>0</total>
				<timestamp>1256.195327</timestamp>
			</report>
			<report>
				<misses>198800001</misses>
				<total>0</total>
				<timestamp>1256.820889</timestamp>
			</report>
			<report>
				<misses>198900001</misses>
				<total>0</total>
				<timestamp>1257.446700</timestamp>
			</report>
			<report>
				<misses>199000001</misses>
				<total>0</total>
				<timestamp>1258.083035</timestamp>
			</report>
			<report>
				<misses>199100001</misses>
				<total>0</total>
				<timestamp>1258.706616</timestamp>
			</report>
			<report>
				<misses>199200001</misses>
				<total>0</total>
				<timestamp>1259.330325</timestamp>
			</report>
			<report>
				<misses>199300001</misses>
				<total>0</total>
				<timestamp>1259.961810</timestamp>
			</report>
			<report>
				<misses>199400001</misses>
				<total>0</total>
				<timestamp>1260.589969</timestamp>
			</report>
			<report>
				<misses>199500001</misses>
				<total>0</total>
				<timestamp>1261.212759</timestamp>
			</report>
			<report>
				<misses>199600001</misses>
				<total>0</total>
				<timestamp>1261.843774</timestamp>
			</report>
			<report>
				<misses>199700001</misses>
				<total>0</total>
				<timestamp>1262.475511</timestamp>
			</report>
			<report>
				<misses>199800001</misses>
				<total>0</total>
				<timestamp>1263.105899</timestamp>
			</report>
			<report>
				<misses>199900001</misses>
				<total>0</total>
				<timestamp>1263.736318</timestamp>
			</report>
			<report>
				<misses>200000001</misses>
				<total>0</total>
				<timestamp>1264.366840</timestamp>
			</report>
			<report>
				<misses>200100001</misses>
				<total>0</total>
				<timestamp>1265.000913</timestamp>
			</report>
			<report>
				<misses>200200001</misses>
				<total>0</total>
				<timestamp>1265.631064</timestamp>
			</report>
			<report>
				<misses>200300001</misses>
				<total>0</total>
				<timestamp>1266.260834</timestamp>
			</report>
			<report>
				<misses>200400001</misses>
				<total>0</total>
				<timestamp>1266.890541</timestamp>
			</report>
			<report>
				<misses>200500001</misses>
				<total>0</total>
				<timestamp>1267.520608</timestamp>
			</report>
			<report>
				<misses>200600001</misses>
				<total>0</total>
				<timestamp>1268.152243</timestamp>
			</report>
			<report>
				<misses>200700001</misses>
				<total>0</total>
				<timestamp>1268.784028</timestamp>
			</report>
			<report>
				<misses>200800001</misses>
				<total>0</total>
				<timestamp>1269.415108</timestamp>
			</report>
			<report>
				<misses>200900001</misses>
				<total>0</total>
				<timestamp>1270.046552</timestamp>
			</report>
			<report>
				<misses>201000001</misses>
				<total>0</total>
				<timestamp>1270.677151</timestamp>
			</report>
			<report>
				<misses>201100001</misses>
				<total>0</total>
				<timestamp>1271.308594</timestamp>
			</report>
			<report>
				<misses>201200001</misses>
				<total>0</total>
				<timestamp>1271.943827</timestamp>
			</report>
			<report>
				<misses>201300001</misses>
				<total>0</total>
				<timestamp>1272.574440</timestamp>
			</report>
			<report>
				<misses>201400001</misses>
				<total>0</total>
				<timestamp>1273.205373</timestamp>
			</report>
			<report>
				<misses>201500001</misses>
				<total>0</total>
				<timestamp>1273.840243</timestamp>
			</report>
			<report>
				<misses>201600001</misses>
				<total>0</total>
				<timestamp>1274.471113</timestamp>
			</report>
			<report>
				<misses>201700001</misses>
				<total>0</total>
				<timestamp>1275.101143</timestamp>
			</report>
			<report>
				<misses>201800001</misses>
				<total>0</total>
				<timestamp>1275.730987</timestamp>
			</report>
			<report>
				<misses>201900001</misses>
				<total>0</total>
				<timestamp>1276.361007</timestamp>
			</report>
			<report>
				<misses>202000001</misses>
				<total>0</total>
				<timestamp>1276.991371</timestamp>
			</report>
			<report>
				<misses>202100001</misses>
				<total>0</total>
				<timestamp>1277.621347</timestamp>
			</report>
			<report>
				<misses>202200001</misses>
				<total>0</total>
				<timestamp>1278.272325</timestamp>
			</report>
			<report>
				<misses>202300001</misses>
				<total>0</total>
				<timestamp>1278.901957</timestamp>
			</report>
			<report>
				<misses>202400001</misses>
				<total>0</total>
				<timestamp>1279.530784</timestamp>
			</report>
			<report>
				<misses>202500001</misses>
				<total>0</total>
				<timestamp>1280.159957</timestamp>
			</report>
			<report>
				<misses>202600001</misses>
				<total>0</total>
				<timestamp>1280.788773</timestamp>
			</report>
			<report>
				<misses>202700001</misses>
				<total>0</total>
				<timestamp>1281.417744</timestamp>
			</report>
			<report>
				<misses>202800001</misses>
				<total>0</total>
				<timestamp>1282.047929</timestamp>
			</report>
			<report>
				<misses>202900001</misses>
				<total>0</total>
				<timestamp>1282.686094</timestamp>
			</report>
			<report>
				<misses>203000001</misses>
				<total>0</total>
				<timestamp>1283.316072</timestamp>
			</report>
			<report>
				<misses>203100001</misses>
				<total>0</total>
				<timestamp>1283.945659</timestamp>
			</report>
			<report>
				<misses>203200001</misses>
				<total>0</total>
				<timestamp>1284.567483</timestamp>
			</report>
			<report>
				<misses>203300001</misses>
				<total>0</total>
				<timestamp>1285.197133</timestamp>
			</report>
			<report>
				<misses>203400001</misses>
				<total>0</total>
				<timestamp>1285.825814</timestamp>
			</report>
			<report>
				<misses>203500001</misses>
				<total>0</total>
				<timestamp>1286.454988</timestamp>
			</report>
			<report>
				<misses>203600001</misses>
				<total>0</total>
				<timestamp>1287.083770</timestamp>
			</report>
			<report>
				<misses>203700001</misses>
				<total>0</total>
				<timestamp>1287.713016</timestamp>
			</report>
			<report>
				<misses>203800001</misses>
				<total>0</total>
				<timestamp>1288.342257</timestamp>
			</report>
			<report>
				<misses>203900001</misses>
				<total>0</total>
				<timestamp>1288.972095</timestamp>
			</report>
			<report>
				<misses>204000001</misses>
				<total>0</total>
				<timestamp>1289.601263</timestamp>
			</report>
			<report>
				<misses>204100001</misses>
				<total>0</total>
				<timestamp>1290.231179</timestamp>
			</report>
			<report>
				<misses>204200001</misses>
				<total>0</total>
				<timestamp>1290.860353</timestamp>
			</report>
			<report>
				<misses>204300001</misses>
				<total>0</total>
				<timestamp>1291.489207</timestamp>
			</report>
			<report>
				<misses>204400001</misses>
				<total>0</total>
				<timestamp>1292.150711</timestamp>
			</report>
			<report>
				<misses>204500001</misses>
				<total>0</total>
				<timestamp>1292.779420</timestamp>
			</report>
			<report>
				<misses>204600001</misses>
				<total>0</total>
				<timestamp>1293.407926</timestamp>
			</report>
			<report>
				<misses>204700001</misses>
				<total>0</total>
				<timestamp>1294.036791</timestamp>
			</report>
			<report>
				<misses>204800001</misses>
				<total>0</total>
				<timestamp>1294.666167</timestamp>
			</report>
			<report>
				<misses>204900001</misses>
				<total>0</total>
				<timestamp>1295.296050</timestamp>
			</report>
			<report>
				<misses>205000001</misses>
				<total>0</total>
				<timestamp>1295.926040</timestamp>
			</report>
			<report>
				<misses>205100001</misses>
				<total>0</total>
				<timestamp>1296.556056</timestamp>
			</report>
			<report>
				<misses>205200001</misses>
				<total>0</total>
				<timestamp>1297.190133</timestamp>
			</report>
			<report>
				<misses>205300001</misses>
				<total>0</total>
				<timestamp>1297.820170</timestamp>
			</report>
			<report>
				<misses>205400001</misses>
				<total>0</total>
				<timestamp>1298.449234</timestamp>
			</report>
			<report>
				<misses>205500001</misses>
				<total>0</total>
				<timestamp>1299.081026</timestamp>
			</report>
			<report>
				<misses>205600001</misses>
				<total>0</total>
				<timestamp>1299.710223</timestamp>
			</report>
			<report>
				<misses>205700001</misses>
				<total>0</total>
				<timestamp>1300.339891</timestamp>
			</report>
			<report>
				<misses>205800001</misses>
				<total>0</total>
				<timestamp>1300.969572</timestamp>
			</report>
			<report>
				<misses>205900001</misses>
				<total>0</total>
				<timestamp>1301.599236</timestamp>
			</report>
			<report>
				<misses>206000001</misses>
				<total>0</total>
				<timestamp>1302.229166</timestamp>
			</report>
			<report>
				<misses>206100001</misses>
				<total>0</total>
				<timestamp>1302.859556</timestamp>
			</report>
			<report>
				<misses>206200001</misses>
				<total>0</total>
				<timestamp>1303.490065</timestamp>
			</report>
			<report>
				<misses>206300001</misses>
				<total>0</total>
				<timestamp>1304.124625</timestamp>
			</report>
			<report>
				<misses>206400001</misses>
				<total>0</total>
				<timestamp>1304.761940</timestamp>
			</report>
			<report>
				<misses>206500001</misses>
				<total>0</total>
				<timestamp>1305.395525</timestamp>
			</report>
			<report>
				<misses>206600001</misses>
				<total>0</total>
				<timestamp>1306.028655</timestamp>
			</report>
			<report>
				<misses>206700001</misses>
				<total>0</total>
				<timestamp>1306.661287</timestamp>
			</report>
			<report>
				<misses>206800001</misses>
				<total>0</total>
				<timestamp>1307.296428</timestamp>
			</report>
			<report>
				<misses>206900001</misses>
				<total>0</total>
				<timestamp>1307.939144</timestamp>
			</report>
			<report>
				<misses>207000001</misses>
				<total>0</total>
				<timestamp>1308.587718</timestamp>
			</report>
			<report>
				<misses>207100001</misses>
				<total>0</total>
				<timestamp>1309.235792</timestamp>
			</report>
			<report>
				<misses>207200001</misses>
				<total>0</total>
				<timestamp>1309.869735</timestamp>
			</report>
			<report>
				<misses>207300001</misses>
				<total>0</total>
				<timestamp>1310.497985</timestamp>
			</report>
			<report>
				<misses>207400001</misses>
				<total>0</total>
				<timestamp>1311.126175</timestamp>
			</report>
			<report>
				<misses>207500001</misses>
				<total>0</total>
				<timestamp>1311.754637</timestamp>
			</report>
			<report>
				<misses>207600001</misses>
				<total>0</total>
				<timestamp>1312.383660</timestamp>
			</report>
			<report>
				<misses>207700001</misses>
				<total>0</total>
				<timestamp>1313.011442</timestamp>
			</report>
			<report>
				<misses>207800001</misses>
				<total>0</total>
				<timestamp>1313.639408</timestamp>
			</report>
			<report>
				<misses>207900001</misses>
				<total>0</total>
				<timestamp>1314.267958</timestamp>
			</report>
			<report>
				<misses>208000001</misses>
				<total>0</total>
				<timestamp>1314.896153</timestamp>
			</report>
			<report>
				<misses>208100001</misses>
				<total>0</total>
				<timestamp>1315.524009</timestamp>
			</report>
			<report>
				<misses>208200001</misses>
				<total>0</total>
				<timestamp>1316.151666</timestamp>
			</report>
			<report>
				<misses>208300001</misses>
				<total>0</total>
				<timestamp>1316.777923</timestamp>
			</report>
			<report>
				<misses>208400001</misses>
				<total>0</total>
				<timestamp>1317.404326</timestamp>
			</report>
			<report>
				<misses>208500001</misses>
				<total>0</total>
				<timestamp>1318.031375</timestamp>
			</report>
			<report>
				<misses>208600001</misses>
				<total>0</total>
				<timestamp>1318.659206</timestamp>
			</report>
			<report>
				<misses>208700001</misses>
				<total>0</total>
				<timestamp>1319.286676</timestamp>
			</report>
			<report>
				<misses>208800001</misses>
				<total>0</total>
				<timestamp>1319.920768</timestamp>
			</report>
			<report>
				<misses>208900001</misses>
				<total>0</total>
				<timestamp>1320.548395</timestamp>
			</report>
			<report>
				<misses>209000001</misses>
				<total>0</total>
				<timestamp>1321.175964</timestamp>
			</report>
			<report>
				<misses>209100001</misses>
				<total>0</total>
				<timestamp>1321.803767</timestamp>
			</report>
			<report>
				<misses>209200001</misses>
				<total>0</total>
				<timestamp>1322.431405</timestamp>
			</report>
			<report>
				<misses>209300001</misses>
				<total>0</total>
				<timestamp>1323.059344</timestamp>
			</report>
			<report>
				<misses>209400001</misses>
				<total>0</total>
				<timestamp>1323.688488</timestamp>
			</report>
			<report>
				<misses>209500001</misses>
				<total>0</total>
				<timestamp>1324.316533</timestamp>
			</report>
			<report>
				<misses>209600001</misses>
				<total>0</total>
				<timestamp>1324.944893</timestamp>
			</report>
			<report>
				<misses>209700001</misses>
				<total>0</total>
				<timestamp>1325.572608</timestamp>
			</report>
			<report>
				<misses>209800001</misses>
				<total>0</total>
				<timestamp>1326.205183</timestamp>
			</report>
			<report>
				<misses>209900001</misses>
				<total>0</total>
				<timestamp>1326.832729</timestamp>
			</report>
			<report>
				<misses>210000001</misses>
				<total>0</total>
				<timestamp>1327.460706</timestamp>
			</report>
			<report>
				<misses>210100001</misses>
				<total>0</total>
				<timestamp>1328.088864</timestamp>
			</report>
			<report>
				<misses>210200001</misses>
				<total>0</total>
				<timestamp>1328.716417</timestamp>
			</report>
			<report>
				<misses>210300001</misses>
				<total>0</total>
				<timestamp>1329.344385</timestamp>
			</report>
			<report>
				<misses>210400001</misses>
				<total>0</total>
				<timestamp>1329.972268</timestamp>
			</report>
			<report>
				<misses>210500001</misses>
				<total>0</total>
				<timestamp>1330.599917</timestamp>
			</report>
			<report>
				<misses>210600001</misses>
				<total>0</total>
				<timestamp>1331.227612</timestamp>
			</report>
			<report>
				<misses>210700001</misses>
				<total>0</total>
				<timestamp>1331.855243</timestamp>
			</report>
			<report>
				<misses>210800001</misses>
				<total>0</total>
				<timestamp>1332.483586</timestamp>
			</report>
			<report>
				<misses>210900001</misses>
				<total>0</total>
				<timestamp>1333.112270</timestamp>
			</report>
			<report>
				<misses>211000001</misses>
				<total>0</total>
				<timestamp>1333.740605</timestamp>
			</report>
			<report>
				<misses>211100001</misses>
				<total>0</total>
				<timestamp>1334.369298</timestamp>
			</report>
			<report>
				<misses>211200001</misses>
				<total>0</total>
				<timestamp>1334.998183</timestamp>
			</report>
			<report>
				<misses>211300001</misses>
				<total>0</total>
				<timestamp>1335.626630</timestamp>
			</report>
			<report>
				<misses>211400001</misses>
				<total>0</total>
				<timestamp>1336.255297</timestamp>
			</report>
			<report>
				<misses>211500001</misses>
				<total>0</total>
				<timestamp>1336.884352</timestamp>
			</report>
			<report>
				<misses>211600001</misses>
				<total>0</total>
				<timestamp>1337.513000</timestamp>
			</report>
			<report>
				<misses>211700001</misses>
				<total>0</total>
				<timestamp>1338.140973</timestamp>
			</report>
			<report>
				<misses>211800001</misses>
				<total>0</total>
				<timestamp>1338.768927</timestamp>
			</report>
			<report>
				<misses>211900001</misses>
				<total>0</total>
				<timestamp>1339.395921</timestamp>
			</report>
			<report>
				<misses>212000001</misses>
				<total>0</total>
				<timestamp>1340.023194</timestamp>
			</report>
			<report>
				<misses>212100001</misses>
				<total>0</total>
				<timestamp>1340.651245</timestamp>
			</report>
			<report>
				<misses>212200001</misses>
				<total>0</total>
				<timestamp>1341.278996</timestamp>
			</report>
			<report>
				<misses>212300001</misses>
				<total>0</total>
				<timestamp>1341.907087</timestamp>
			</report>
			<report>
				<misses>212400001</misses>
				<total>0</total>
				<timestamp>1342.535019</timestamp>
			</report>
			<report>
				<misses>212500001</misses>
				<total>0</total>
				<timestamp>1343.163163</timestamp>
			</report>
			<report>
				<misses>212600001</misses>
				<total>0</total>
				<timestamp>1343.791481</timestamp>
			</report>
			<report>
				<misses>212700001</misses>
				<total>0</total>
				<timestamp>1344.419985</timestamp>
			</report>
			<report>
				<misses>212800001</misses>
				<total>0</total>
				<timestamp>1345.058332</timestamp>
			</report>
			<report>
				<misses>212900001</misses>
				<total>0</total>
				<timestamp>1345.687771</timestamp>
			</report>
			<report>
				<misses>213000001</misses>
				<total>0</total>
				<timestamp>1346.326939</timestamp>
			</report>
			<report>
				<misses>213100001</misses>
				<total>0</total>
				<timestamp>1346.954246</timestamp>
			</report>
			<report>
				<misses>213200001</misses>
				<total>0</total>
				<timestamp>1347.582257</timestamp>
			</report>
			<report>
				<misses>213300001</misses>
				<total>0</total>
				<timestamp>1348.212438</timestamp>
			</report>
			<report>
				<misses>213400001</misses>
				<total>0</total>
				<timestamp>1348.839507</timestamp>
			</report>
			<report>
				<misses>213500001</misses>
				<total>0</total>
				<timestamp>1349.466723</timestamp>
			</report>
			<report>
				<misses>213600001</misses>
				<total>0</total>
				<timestamp>1350.094649</timestamp>
			</report>
			<report>
				<misses>213700001</misses>
				<total>0</total>
				<timestamp>1350.722531</timestamp>
			</report>
			<report>
				<misses>213800001</misses>
				<total>0</total>
				<timestamp>1351.350435</timestamp>
			</report>
			<report>
				<misses>213900001</misses>
				<total>0</total>
				<timestamp>1351.981081</timestamp>
			</report>
			<report>
				<misses>214000001</misses>
				<total>0</total>
				<timestamp>1352.611679</timestamp>
			</report>
			<report>
				<misses>214100001</misses>
				<total>0</total>
				<timestamp>1353.241610</timestamp>
			</report>
			<report>
				<misses>214200001</misses>
				<total>0</total>
				<timestamp>1353.871826</timestamp>
			</report>
			<report>
				<misses>214300001</misses>
				<total>0</total>
				<timestamp>1354.501682</timestamp>
			</report>
			<report>
				<misses>214400001</misses>
				<total>0</total>
				<timestamp>1355.134466</timestamp>
			</report>
			<report>
				<misses>214500001</misses>
				<total>0</total>
				<timestamp>1355.773427</timestamp>
			</report>
			<report>
				<misses>214600001</misses>
				<total>0</total>
				<timestamp>1356.409550</timestamp>
			</report>
			<report>
				<misses>214700001</misses>
				<total>0</total>
				<timestamp>1357.045189</timestamp>
			</report>
			<report>
				<misses>214800001</misses>
				<total>0</total>
				<timestamp>1357.680183</timestamp>
			</report>
			<report>
				<misses>214900001</misses>
				<total>0</total>
				<timestamp>1358.314876</timestamp>
			</report>
			<report>
				<misses>215000001</misses>
				<total>0</total>
				<timestamp>1358.949637</timestamp>
			</report>
			<report>
				<misses>215100001</misses>
				<total>0</total>
				<timestamp>1359.584214</timestamp>
			</report>
			<report>
				<misses>215200001</misses>
				<total>0</total>
				<timestamp>1360.218657</timestamp>
			</report>
			<report>
				<misses>215300001</misses>
				<total>0</total>
				<timestamp>1360.853314</timestamp>
			</report>
			<report>
				<misses>215400001</misses>
				<total>0</total>
				<timestamp>1361.488083</timestamp>
			</report>
			<report>
				<misses>215500001</misses>
				<total>0</total>
				<timestamp>1362.123092</timestamp>
			</report>
			<report>
				<misses>215600001</misses>
				<total>0</total>
				<timestamp>1362.757924</timestamp>
			</report>
			<report>
				<misses>215700001</misses>
				<total>0</total>
				<timestamp>1363.393129</timestamp>
			</report>
			<report>
				<misses>215800001</misses>
				<total>0</total>
				<timestamp>1364.028393</timestamp>
			</report>
			<report>
				<misses>215900001</misses>
				<total>0</total>
				<timestamp>1364.681858</timestamp>
			</report>
			<report>
				<misses>216000001</misses>
				<total>0</total>
				<timestamp>1365.359956</timestamp>
			</report>
			<report>
				<misses>216100001</misses>
				<total>0</total>
				<timestamp>1366.001780</timestamp>
			</report>
			<report>
				<misses>216200001</misses>
				<total>0</total>
				<timestamp>1366.642333</timestamp>
			</report>
			<report>
				<misses>216300001</misses>
				<total>0</total>
				<timestamp>1367.278736</timestamp>
			</report>
			<report>
				<misses>216400001</misses>
				<total>0</total>
				<timestamp>1367.914431</timestamp>
			</report>
			<report>
				<misses>216500001</misses>
				<total>0</total>
				<timestamp>1368.555138</timestamp>
			</report>
			<report>
				<misses>216600001</misses>
				<total>0</total>
				<timestamp>1369.190030</timestamp>
			</report>
			<report>
				<misses>216700001</misses>
				<total>0</total>
				<timestamp>1369.824966</timestamp>
			</report>
			<report>
				<misses>216800001</misses>
				<total>0</total>
				<timestamp>1370.459945</timestamp>
			</report>
			<report>
				<misses>216900001</misses>
				<total>0</total>
				<timestamp>1371.095311</timestamp>
			</report>
			<report>
				<misses>217000001</misses>
				<total>0</total>
				<timestamp>1371.729721</timestamp>
			</report>
			<report>
				<misses>217100001</misses>
				<total>0</total>
				<timestamp>1372.363791</timestamp>
			</report>
			<report>
				<misses>217200001</misses>
				<total>0</total>
				<timestamp>1372.998867</timestamp>
			</report>
			<report>
				<misses>217300001</misses>
				<total>0</total>
				<timestamp>1373.633729</timestamp>
			</report>
			<report>
				<misses>217400001</misses>
				<total>0</total>
				<timestamp>1374.268657</timestamp>
			</report>
			<report>
				<misses>217500001</misses>
				<total>0</total>
				<timestamp>1374.903702</timestamp>
			</report>
			<report>
				<misses>217600001</misses>
				<total>0</total>
				<timestamp>1375.538669</timestamp>
			</report>
			<report>
				<misses>217700001</misses>
				<total>0</total>
				<timestamp>1376.184168</timestamp>
			</report>
			<report>
				<misses>217800001</misses>
				<total>0</total>
				<timestamp>1376.825644</timestamp>
			</report>
			<report>
				<misses>217900001</misses>
				<total>0</total>
				<timestamp>1377.460500</timestamp>
			</report>
			<report>
				<misses>218000001</misses>
				<total>0</total>
				<timestamp>1378.095678</timestamp>
			</report>
			<report>
				<misses>218100001</misses>
				<total>0</total>
				<timestamp>1378.731624</timestamp>
			</report>
			<report>
				<misses>218200001</misses>
				<total>0</total>
				<timestamp>1379.367191</timestamp>
			</report>
			<report>
				<misses>218300001</misses>
				<total>0</total>
				<timestamp>1380.002324</timestamp>
			</report>
			<report>
				<misses>218400001</misses>
				<total>0</total>
				<timestamp>1380.637450</timestamp>
			</report>
			<report>
				<misses>218500001</misses>
				<total>0</total>
				<timestamp>1381.272644</timestamp>
			</report>
			<report>
				<misses>218600001</misses>
				<total>0</total>
				<timestamp>1381.907617</timestamp>
			</report>
			<report>
				<misses>218700001</misses>
				<total>0</total>
				<timestamp>1382.542939</timestamp>
			</report>
			<report>
				<misses>218800001</misses>
				<total>0</total>
				<timestamp>1383.178881</timestamp>
			</report>
			<report>
				<misses>218900001</misses>
				<total>0</total>
				<timestamp>1383.814473</timestamp>
			</report>
			<report>
				<misses>219000001</misses>
				<total>0</total>
				<timestamp>1384.449525</timestamp>
			</report>
			<report>
				<misses>219100001</misses>
				<total>0</total>
				<timestamp>1385.084369</timestamp>
			</report>
			<report>
				<misses>219200001</misses>
				<total>0</total>
				<timestamp>1385.718981</timestamp>
			</report>
			<report>
				<misses>219300001</misses>
				<total>0</total>
				<timestamp>1386.365150</timestamp>
			</report>
			<report>
				<misses>219400001</misses>
				<total>0</total>
				<timestamp>1387.001474</timestamp>
			</report>
			<report>
				<misses>219500001</misses>
				<total>0</total>
				<timestamp>1387.637026</timestamp>
			</report>
			<report>
				<misses>219600001</misses>
				<total>0</total>
				<timestamp>1388.272532</timestamp>
			</report>
			<report>
				<misses>219700001</misses>
				<total>0</total>
				<timestamp>1388.907878</timestamp>
			</report>
			<report>
				<misses>219800001</misses>
				<total>0</total>
				<timestamp>1389.542354</timestamp>
			</report>
			<report>
				<misses>219900001</misses>
				<total>0</total>
				<timestamp>1390.177527</timestamp>
			</report>
			<report>
				<misses>220000001</misses>
				<total>0</total>
				<timestamp>1390.811818</timestamp>
			</report>
			<report>
				<misses>220100001</misses>
				<total>0</total>
				<timestamp>1391.446686</timestamp>
			</report>
			<report>
				<misses>220200001</misses>
				<total>0</total>
				<timestamp>1392.081613</timestamp>
			</report>
			<report>
				<misses>220300001</misses>
				<total>0</total>
				<timestamp>1392.716725</timestamp>
			</report>
			<report>
				<misses>220400001</misses>
				<total>0</total>
				<timestamp>1393.351809</timestamp>
			</report>
			<report>
				<misses>220500001</misses>
				<total>0</total>
				<timestamp>1393.986332</timestamp>
			</report>
			<report>
				<misses>220600001</misses>
				<total>0</total>
				<timestamp>1394.620440</timestamp>
			</report>
			<report>
				<misses>220700001</misses>
				<total>0</total>
				<timestamp>1395.255385</timestamp>
			</report>
			<report>
				<misses>220800001</misses>
				<total>0</total>
				<timestamp>1395.890714</timestamp>
			</report>
			<report>
				<misses>220900001</misses>
				<total>0</total>
				<timestamp>1396.527127</timestamp>
			</report>
			<report>
				<misses>221000001</misses>
				<total>0</total>
				<timestamp>1397.162849</timestamp>
			</report>
			<report>
				<misses>221100001</misses>
				<total>0</total>
				<timestamp>1397.799470</timestamp>
			</report>
			<report>
				<misses>221200001</misses>
				<total>0</total>
				<timestamp>1398.435893</timestamp>
			</report>
			<report>
				<misses>221300001</misses>
				<total>0</total>
				<timestamp>1399.072198</timestamp>
			</report>
			<report>
				<misses>221400001</misses>
				<total>0</total>
				<timestamp>1399.708425</timestamp>
			</report>
			<report>
				<misses>221500001</misses>
				<total>0</total>
				<timestamp>1400.344518</timestamp>
			</report>
			<report>
				<misses>221600001</misses>
				<total>0</total>
				<timestamp>1400.985520</timestamp>
			</report>
			<report>
				<misses>221700001</misses>
				<total>0</total>
				<timestamp>1401.620829</timestamp>
			</report>
			<report>
				<misses>221800001</misses>
				<total>0</total>
				<timestamp>1402.256088</timestamp>
			</report>
			<report>
				<misses>221900001</misses>
				<total>0</total>
				<timestamp>1402.891003</timestamp>
			</report>
			<report>
				<misses>222000001</misses>
				<total>0</total>
				<timestamp>1403.525810</timestamp>
			</report>
			<report>
				<misses>222100001</misses>
				<total>0</total>
				<timestamp>1404.159428</timestamp>
			</report>
			<report>
				<misses>222200001</misses>
				<total>0</total>
				<timestamp>1404.793935</timestamp>
			</report>
			<report>
				<misses>222300001</misses>
				<total>0</total>
				<timestamp>1405.439551</timestamp>
			</report>
			<report>
				<misses>222400001</misses>
				<total>0</total>
				<timestamp>1406.073496</timestamp>
			</report>
			<report>
				<misses>222500001</misses>
				<total>0</total>
				<timestamp>1406.700372</timestamp>
			</report>
			<report>
				<misses>222600001</misses>
				<total>0</total>
				<timestamp>1407.327423</timestamp>
			</report>
			<report>
				<misses>222700001</misses>
				<total>0</total>
				<timestamp>1407.954847</timestamp>
			</report>
			<report>
				<misses>222800001</misses>
				<total>0</total>
				<timestamp>1408.587820</timestamp>
			</report>
			<report>
				<misses>222900001</misses>
				<total>0</total>
				<timestamp>1409.214596</timestamp>
			</report>
			<report>
				<misses>223000001</misses>
				<total>0</total>
				<timestamp>1409.842244</timestamp>
			</report>
			<report>
				<misses>223100001</misses>
				<total>0</total>
				<timestamp>1410.471882</timestamp>
			</report>
			<report>
				<misses>223200001</misses>
				<total>0</total>
				<timestamp>1411.101748</timestamp>
			</report>
			<report>
				<misses>223300001</misses>
				<total>0</total>
				<timestamp>1411.731555</timestamp>
			</report>
			<report>
				<misses>223400001</misses>
				<total>0</total>
				<timestamp>1412.361131</timestamp>
			</report>
			<report>
				<misses>223500001</misses>
				<total>0</total>
				<timestamp>1412.991354</timestamp>
			</report>
			<report>
				<misses>223600001</misses>
				<total>0</total>
				<timestamp>1413.620450</timestamp>
			</report>
			<report>
				<misses>223700001</misses>
				<total>0</total>
				<timestamp>1414.272007</timestamp>
			</report>
			<report>
				<misses>223800001</misses>
				<total>0</total>
				<timestamp>1414.901247</timestamp>
			</report>
			<report>
				<misses>223900001</misses>
				<total>0</total>
				<timestamp>1415.531808</timestamp>
			</report>
			<report>
				<misses>224000001</misses>
				<total>0</total>
				<timestamp>1416.161757</timestamp>
			</report>
			<report>
				<misses>224100001</misses>
				<total>0</total>
				<timestamp>1416.791412</timestamp>
			</report>
			<report>
				<misses>224200001</misses>
				<total>0</total>
				<timestamp>1417.420751</timestamp>
			</report>
			<report>
				<misses>224300001</misses>
				<total>0</total>
				<timestamp>1418.050103</timestamp>
			</report>
			<report>
				<misses>224400001</misses>
				<total>0</total>
				<timestamp>1418.679507</timestamp>
			</report>
			<report>
				<misses>224500001</misses>
				<total>0</total>
				<timestamp>1419.308596</timestamp>
			</report>
			<report>
				<misses>224600001</misses>
				<total>0</total>
				<timestamp>1419.945772</timestamp>
			</report>
			<report>
				<misses>224700001</misses>
				<total>0</total>
				<timestamp>1420.575664</timestamp>
			</report>
			<report>
				<misses>224800001</misses>
				<total>0</total>
				<timestamp>1421.204938</timestamp>
			</report>
			<report>
				<misses>224900001</misses>
				<total>0</total>
				<timestamp>1421.834671</timestamp>
			</report>
			<report>
				<misses>225000001</misses>
				<total>0</total>
				<timestamp>1422.464352</timestamp>
			</report>
			<report>
				<misses>225100001</misses>
				<total>0</total>
				<timestamp>1423.099858</timestamp>
			</report>
			<report>
				<misses>225200001</misses>
				<total>0</total>
				<timestamp>1423.731803</timestamp>
			</report>
			<report>
				<misses>225300001</misses>
				<total>0</total>
				<timestamp>1424.360446</timestamp>
			</report>
			<report>
				<misses>225400001</misses>
				<total>0</total>
				<timestamp>1424.989548</timestamp>
			</report>
			<report>
				<misses>225500001</misses>
				<total>0</total>
				<timestamp>1425.618917</timestamp>
			</report>
			<report>
				<misses>225600001</misses>
				<total>0</total>
				<timestamp>1426.248420</timestamp>
			</report>
			<report>
				<misses>225700001</misses>
				<total>0</total>
				<timestamp>1426.878116</timestamp>
			</report>
			<report>
				<misses>225800001</misses>
				<total>0</total>
				<timestamp>1427.507574</timestamp>
			</report>
			<report>
				<misses>225900001</misses>
				<total>0</total>
				<timestamp>1428.136901</timestamp>
			</report>
			<report>
				<misses>226000001</misses>
				<total>0</total>
				<timestamp>1428.766545</timestamp>
			</report>
			<report>
				<misses>226100001</misses>
				<total>0</total>
				<timestamp>1429.396649</timestamp>
			</report>
			<report>
				<misses>226200001</misses>
				<total>0</total>
				<timestamp>1430.026921</timestamp>
			</report>
			<report>
				<misses>226300001</misses>
				<total>0</total>
				<timestamp>1430.656884</timestamp>
			</report>
			<report>
				<misses>226400001</misses>
				<total>0</total>
				<timestamp>1431.286912</timestamp>
			</report>
			<report>
				<misses>226500001</misses>
				<total>0</total>
				<timestamp>1431.917880</timestamp>
			</report>
			<report>
				<misses>226600001</misses>
				<total>0</total>
				<timestamp>1432.547426</timestamp>
			</report>
			<report>
				<misses>226700001</misses>
				<total>0</total>
				<timestamp>1433.177143</timestamp>
			</report>
			<report>
				<misses>226800001</misses>
				<total>0</total>
				<timestamp>1433.807357</timestamp>
			</report>
			<report>
				<misses>226900001</misses>
				<total>0</total>
				<timestamp>1434.436872</timestamp>
			</report>
			<report>
				<misses>227000001</misses>
				<total>0</total>
				<timestamp>1435.075791</timestamp>
			</report>
			<report>
				<misses>227100001</misses>
				<total>0</total>
				<timestamp>1435.702227</timestamp>
			</report>
			<report>
				<misses>227200001</misses>
				<total>0</total>
				<timestamp>1436.334463</timestamp>
			</report>
			<report>
				<misses>227300001</misses>
				<total>0</total>
				<timestamp>1436.961971</timestamp>
			</report>
			<report>
				<misses>227400001</misses>
				<total>0</total>
				<timestamp>1437.590474</timestamp>
			</report>
			<report>
				<misses>227500001</misses>
				<total>0</total>
				<timestamp>1438.218330</timestamp>
			</report>
			<report>
				<misses>227600001</misses>
				<total>0</total>
				<timestamp>1438.852157</timestamp>
			</report>
			<report>
				<misses>227700001</misses>
				<total>0</total>
				<timestamp>1439.479543</timestamp>
			</report>
			<report>
				<misses>227800001</misses>
				<total>0</total>
				<timestamp>1440.109422</timestamp>
			</report>
			<report>
				<misses>227900001</misses>
				<total>0</total>
				<timestamp>1440.732416</timestamp>
			</report>
			<report>
				<misses>228000001</misses>
				<total>0</total>
				<timestamp>1441.355595</timestamp>
			</report>
			<report>
				<misses>228100001</misses>
				<total>0</total>
				<timestamp>1441.980664</timestamp>
			</report>
			<report>
				<misses>228200001</misses>
				<total>0</total>
				<timestamp>1442.603303</timestamp>
			</report>
			<report>
				<misses>228300001</misses>
				<total>0</total>
				<timestamp>1443.226219</timestamp>
			</report>
			<report>
				<misses>228400001</misses>
				<total>0</total>
				<timestamp>1443.850664</timestamp>
			</report>
			<report>
				<misses>228500001</misses>
				<total>0</total>
				<timestamp>1444.486583</timestamp>
			</report>
			<report>
				<misses>228600001</misses>
				<total>0</total>
				<timestamp>1445.109155</timestamp>
			</report>
			<report>
				<misses>228700001</misses>
				<total>0</total>
				<timestamp>1445.736245</timestamp>
			</report>
			<report>
				<misses>228800001</misses>
				<total>0</total>
				<timestamp>1446.361327</timestamp>
			</report>
			<report>
				<misses>228900001</misses>
				<total>0</total>
				<timestamp>1446.984159</timestamp>
			</report>
			<report>
				<misses>229000001</misses>
				<total>0</total>
				<timestamp>1447.621375</timestamp>
			</report>
			<report>
				<misses>229100001</misses>
				<total>0</total>
				<timestamp>1448.248128</timestamp>
			</report>
			<report>
				<misses>229200001</misses>
				<total>0</total>
				<timestamp>1448.878150</timestamp>
			</report>
			<report>
				<misses>229300001</misses>
				<total>0</total>
				<timestamp>1449.511585</timestamp>
			</report>
			<report>
				<misses>229400001</misses>
				<total>0</total>
				<timestamp>1450.136279</timestamp>
			</report>
			<report>
				<misses>229500001</misses>
				<total>0</total>
				<timestamp>1450.762906</timestamp>
			</report>
			<report>
				<misses>229600001</misses>
				<total>0</total>
				<timestamp>1451.391877</timestamp>
			</report>
			<report>
				<misses>229700001</misses>
				<total>0</total>
				<timestamp>1452.017368</timestamp>
			</report>
			<report>
				<misses>229800001</misses>
				<total>0</total>
				<timestamp>1452.641582</timestamp>
			</report>
			<report>
				<misses>229900001</misses>
				<total>0</total>
				<timestamp>1453.265471</timestamp>
			</report>
			<report>
				<misses>230000001</misses>
				<total>0</total>
				<timestamp>1453.895073</timestamp>
			</report>
			<report>
				<misses>230100001</misses>
				<total>0</total>
				<timestamp>1454.517415</timestamp>
			</report>
			<report>
				<misses>230200001</misses>
				<total>0</total>
				<timestamp>1455.151269</timestamp>
			</report>
			<report>
				<misses>230300001</misses>
				<total>0</total>
				<timestamp>1455.794086</timestamp>
			</report>
			<report>
				<misses>230400001</misses>
				<total>0</total>
				<timestamp>1456.420150</timestamp>
			</report>
			<report>
				<misses>230500001</misses>
				<total>0</total>
				<timestamp>1457.051047</timestamp>
			</report>
			<report>
				<misses>230600001</misses>
				<total>0</total>
				<timestamp>1457.678039</timestamp>
			</report>
			<report>
				<misses>230700001</misses>
				<total>0</total>
				<timestamp>1458.318262</timestamp>
			</report>
			<report>
				<misses>230800001</misses>
				<total>0</total>
				<timestamp>1458.955857</timestamp>
			</report>
			<report>
				<misses>230900001</misses>
				<total>0</total>
				<timestamp>1459.597666</timestamp>
			</report>
			<report>
				<misses>231000001</misses>
				<total>0</total>
				<timestamp>1460.229915</timestamp>
			</report>
			<report>
				<misses>231100001</misses>
				<total>0</total>
				<timestamp>1460.857705</timestamp>
			</report>
			<report>
				<misses>231200001</misses>
				<total>0</total>
				<timestamp>1461.481450</timestamp>
			</report>
			<report>
				<misses>231300001</misses>
				<total>0</total>
				<timestamp>1462.104332</timestamp>
			</report>
			<report>
				<misses>231400001</misses>
				<total>0</total>
				<timestamp>1462.728965</timestamp>
			</report>
			<report>
				<misses>231500001</misses>
				<total>0</total>
				<timestamp>1463.363100</timestamp>
			</report>
			<report>
				<misses>231600001</misses>
				<total>0</total>
				<timestamp>1463.997118</timestamp>
			</report>
			<report>
				<misses>231700001</misses>
				<total>0</total>
				<timestamp>1464.620529</timestamp>
			</report>
			<report>
				<misses>231800001</misses>
				<total>0</total>
				<timestamp>1465.255804</timestamp>
			</report>
			<report>
				<misses>231900001</misses>
				<total>0</total>
				<timestamp>1465.884452</timestamp>
			</report>
			<report>
				<misses>232000001</misses>
				<total>0</total>
				<timestamp>1466.514721</timestamp>
			</report>
			<report>
				<misses>232100001</misses>
				<total>0</total>
				<timestamp>1467.142223</timestamp>
			</report>
			<report>
				<misses>232200001</misses>
				<total>0</total>
				<timestamp>1467.775644</timestamp>
			</report>
			<report>
				<misses>232300001</misses>
				<total>0</total>
				<timestamp>1468.402396</timestamp>
			</report>
			<report>
				<misses>232400001</misses>
				<total>0</total>
				<timestamp>1469.037007</timestamp>
			</report>
			<report>
				<misses>232500001</misses>
				<total>0</total>
				<timestamp>1469.661546</timestamp>
			</report>
			<report>
				<misses>232600001</misses>
				<total>0</total>
				<timestamp>1470.290294</timestamp>
			</report>
			<report>
				<misses>232700001</misses>
				<total>0</total>
				<timestamp>1470.915353</timestamp>
			</report>
			<report>
				<misses>232800001</misses>
				<total>0</total>
				<timestamp>1471.548345</timestamp>
			</report>
			<report>
				<misses>232900001</misses>
				<total>0</total>
				<timestamp>1472.194877</timestamp>
			</report>
			<report>
				<misses>233000001</misses>
				<total>0</total>
				<timestamp>1472.818640</timestamp>
			</report>
			<report>
				<misses>233100001</misses>
				<total>0</total>
				<timestamp>1473.450868</timestamp>
			</report>
			<report>
				<misses>233200001</misses>
				<total>0</total>
				<timestamp>1474.086105</timestamp>
			</report>
			<report>
				<misses>233300001</misses>
				<total>0</total>
				<timestamp>1474.708824</timestamp>
			</report>
			<report>
				<misses>233400001</misses>
				<total>0</total>
				<timestamp>1475.343816</timestamp>
			</report>
			<report>
				<misses>233500001</misses>
				<total>0</total>
				<timestamp>1475.971822</timestamp>
			</report>
			<report>
				<misses>233600001</misses>
				<total>0</total>
				<timestamp>1476.595134</timestamp>
			</report>
			<report>
				<misses>233700001</misses>
				<total>0</total>
				<timestamp>1477.223948</timestamp>
			</report>
			<report>
				<misses>233800001</misses>
				<total>0</total>
				<timestamp>1477.859893</timestamp>
			</report>
			<report>
				<misses>233900001</misses>
				<total>0</total>
				<timestamp>1478.502015</timestamp>
			</report>
			<report>
				<misses>234000001</misses>
				<total>0</total>
				<timestamp>1479.138466</timestamp>
			</report>
			<report>
				<misses>234100001</misses>
				<total>0</total>
				<timestamp>1479.766333</timestamp>
			</report>
			<report>
				<misses>234200001</misses>
				<total>0</total>
				<timestamp>1480.392232</timestamp>
			</report>
			<report>
				<misses>234300001</misses>
				<total>0</total>
				<timestamp>1481.016966</timestamp>
			</report>
			<report>
				<misses>234400001</misses>
				<total>0</total>
				<timestamp>1481.646891</timestamp>
			</report>
			<report>
				<misses>234500001</misses>
				<total>0</total>
				<timestamp>1482.271881</timestamp>
			</report>
			<report>
				<misses>234600001</misses>
				<total>0</total>
				<timestamp>1482.904687</timestamp>
			</report>
			<report>
				<misses>234700001</misses>
				<total>0</total>
				<timestamp>1483.547761</timestamp>
			</report>
			<report>
				<misses>234800001</misses>
				<total>0</total>
				<timestamp>1484.183776</timestamp>
			</report>
			<report>
				<misses>234900001</misses>
				<total>0</total>
				<timestamp>1484.810813</timestamp>
			</report>
			<report>
				<misses>235000001</misses>
				<total>0</total>
				<timestamp>1485.433769</timestamp>
			</report>
			<report>
				<misses>235100001</misses>
				<total>0</total>
				<timestamp>1486.077545</timestamp>
			</report>
			<report>
				<misses>235200001</misses>
				<total>0</total>
				<timestamp>1486.702545</timestamp>
			</report>
			<report>
				<misses>235300001</misses>
				<total>0</total>
				<timestamp>1487.343945</timestamp>
			</report>
			<report>
				<misses>235400001</misses>
				<total>0</total>
				<timestamp>1487.975020</timestamp>
			</report>
			<report>
				<misses>235500001</misses>
				<total>0</total>
				<timestamp>1488.598534</timestamp>
			</report>
			<report>
				<misses>235600001</misses>
				<total>0</total>
				<timestamp>1489.244266</timestamp>
			</report>
			<report>
				<misses>235700001</misses>
				<total>0</total>
				<timestamp>1489.876010</timestamp>
			</report>
			<report>
				<misses>235800001</misses>
				<total>0</total>
				<timestamp>1490.510371</timestamp>
			</report>
			<report>
				<misses>235900001</misses>
				<total>0</total>
				<timestamp>1491.137925</timestamp>
			</report>
			<report>
				<misses>236000001</misses>
				<total>0</total>
				<timestamp>1491.771906</timestamp>
			</report>
			<report>
				<misses>236100001</misses>
				<total>0</total>
				<timestamp>1492.394433</timestamp>
			</report>
			<report>
				<misses>236200001</misses>
				<total>0</total>
				<timestamp>1493.029032</timestamp>
			</report>
			<report>
				<misses>236300001</misses>
				<total>0</total>
				<timestamp>1493.657137</timestamp>
			</report>
			<report>
				<misses>236400001</misses>
				<total>0</total>
				<timestamp>1494.282586</timestamp>
			</report>
			<report>
				<misses>236500001</misses>
				<total>0</total>
				<timestamp>1494.905332</timestamp>
			</report>
			<report>
				<misses>236600001</misses>
				<total>0</total>
				<timestamp>1495.534473</timestamp>
			</report>
			<report>
				<misses>236700001</misses>
				<total>0</total>
				<timestamp>1496.167480</timestamp>
			</report>
			<report>
				<misses>236800001</misses>
				<total>0</total>
				<timestamp>1496.796401</timestamp>
			</report>
			<report>
				<misses>236900001</misses>
				<total>0</total>
				<timestamp>1497.421092</timestamp>
			</report>
			<report>
				<misses>237000001</misses>
				<total>0</total>
				<timestamp>1498.046110</timestamp>
			</report>
			<report>
				<misses>237100001</misses>
				<total>0</total>
				<timestamp>1498.668971</timestamp>
			</report>
			<report>
				<misses>237200001</misses>
				<total>0</total>
				<timestamp>1499.294862</timestamp>
			</report>
			<report>
				<misses>237300001</misses>
				<total>0</total>
				<timestamp>1499.934348</timestamp>
			</report>
			<report>
				<misses>237400001</misses>
				<total>0</total>
				<timestamp>1500.561041</timestamp>
			</report>
			<report>
				<misses>237500001</misses>
				<total>0</total>
				<timestamp>1501.196847</timestamp>
			</report>
			<report>
				<misses>237600001</misses>
				<total>0</total>
				<timestamp>1501.826563</timestamp>
			</report>
			<report>
				<misses>237700001</misses>
				<total>0</total>
				<timestamp>1502.452133</timestamp>
			</report>
			<report>
				<misses>237800001</misses>
				<total>0</total>
				<timestamp>1503.078866</timestamp>
			</report>
			<report>
				<misses>237900001</misses>
				<total>0</total>
				<timestamp>1503.710197</timestamp>
			</report>
			<report>
				<misses>238000001</misses>
				<total>0</total>
				<timestamp>1504.343981</timestamp>
			</report>
			<report>
				<misses>238100001</misses>
				<total>0</total>
				<timestamp>1504.967118</timestamp>
			</report>
			<report>
				<misses>238200001</misses>
				<total>0</total>
				<timestamp>1505.593622</timestamp>
			</report>
			<report>
				<misses>238300001</misses>
				<total>0</total>
				<timestamp>1506.227497</timestamp>
			</report>
			<report>
				<misses>238400001</misses>
				<total>0</total>
				<timestamp>1506.855990</timestamp>
			</report>
			<report>
				<misses>238500001</misses>
				<total>0</total>
				<timestamp>1507.496437</timestamp>
			</report>
			<report>
				<misses>238600001</misses>
				<total>0</total>
				<timestamp>1508.131605</timestamp>
			</report>
			<report>
				<misses>238700001</misses>
				<total>0</total>
				<timestamp>1508.754761</timestamp>
			</report>
			<report>
				<misses>238800001</misses>
				<total>0</total>
				<timestamp>1509.379993</timestamp>
			</report>
			<report>
				<misses>238900001</misses>
				<total>0</total>
				<timestamp>1510.004520</timestamp>
			</report>
			<report>
				<misses>239000001</misses>
				<total>0</total>
				<timestamp>1510.644387</timestamp>
			</report>
			<report>
				<misses>239100001</misses>
				<total>0</total>
				<timestamp>1511.281061</timestamp>
			</report>
			<report>
				<misses>239200001</misses>
				<total>0</total>
				<timestamp>1511.913638</timestamp>
			</report>
			<report>
				<misses>239300001</misses>
				<total>0</total>
				<timestamp>1512.541526</timestamp>
			</report>
			<report>
				<misses>239400001</misses>
				<total>0</total>
				<timestamp>1513.179679</timestamp>
			</report>
			<report>
				<misses>239500001</misses>
				<total>0</total>
				<timestamp>1513.805683</timestamp>
			</report>
			<report>
				<misses>239600001</misses>
				<total>0</total>
				<timestamp>1514.428598</timestamp>
			</report>
			<report>
				<misses>239700001</misses>
				<total>0</total>
				<timestamp>1515.063086</timestamp>
			</report>
			<report>
				<misses>239800001</misses>
				<total>0</total>
				<timestamp>1515.695963</timestamp>
			</report>
			<report>
				<misses>239900001</misses>
				<total>0</total>
				<timestamp>1516.321334</timestamp>
			</report>
			<report>
				<misses>240000001</misses>
				<total>0</total>
				<timestamp>1516.944892</timestamp>
			</report>
			<report>
				<misses>240100001</misses>
				<total>0</total>
				<timestamp>1517.569853</timestamp>
			</report>
			<report>
				<misses>240200001</misses>
				<total>0</total>
				<timestamp>1518.203271</timestamp>
			</report>
			<report>
				<misses>240300001</misses>
				<total>0</total>
				<timestamp>1518.829667</timestamp>
			</report>
			<report>
				<misses>240400001</misses>
				<total>0</total>
				<timestamp>1519.453697</timestamp>
			</report>
			<report>
				<misses>240500001</misses>
				<total>0</total>
				<timestamp>1520.081520</timestamp>
			</report>
			<report>
				<misses>240600001</misses>
				<total>0</total>
				<timestamp>1520.720492</timestamp>
			</report>
			<report>
				<misses>240700001</misses>
				<total>0</total>
				<timestamp>1521.342847</timestamp>
			</report>
			<report>
				<misses>240800001</misses>
				<total>0</total>
				<timestamp>1521.985378</timestamp>
			</report>
			<report>
				<misses>240900001</misses>
				<total>0</total>
				<timestamp>1522.611348</timestamp>
			</report>
			<report>
				<misses>241000001</misses>
				<total>0</total>
				<timestamp>1523.252417</timestamp>
			</report>
			<report>
				<misses>241100001</misses>
				<total>0</total>
				<timestamp>1523.885060</timestamp>
			</report>
			<report>
				<misses>241200001</misses>
				<total>0</total>
				<timestamp>1524.509399</timestamp>
			</report>
			<report>
				<misses>241300001</misses>
				<total>0</total>
				<timestamp>1525.141224</timestamp>
			</report>
			<report>
				<misses>241400001</misses>
				<total>0</total>
				<timestamp>1525.776764</timestamp>
			</report>
			<report>
				<misses>241500001</misses>
				<total>0</total>
				<timestamp>1526.406548</timestamp>
			</report>
			<report>
				<misses>241600001</misses>
				<total>0</total>
				<timestamp>1527.036221</timestamp>
			</report>
			<report>
				<misses>241700001</misses>
				<total>0</total>
				<timestamp>1527.666129</timestamp>
			</report>
			<report>
				<misses>241800001</misses>
				<total>0</total>
				<timestamp>1528.299501</timestamp>
			</report>
			<report>
				<misses>241900001</misses>
				<total>0</total>
				<timestamp>1528.932243</timestamp>
			</report>
			<report>
				<misses>242000001</misses>
				<total>0</total>
				<timestamp>1529.559843</timestamp>
			</report>
			<report>
				<misses>242100001</misses>
				<total>0</total>
				<timestamp>1530.188873</timestamp>
			</report>
			<report>
				<misses>242200001</misses>
				<total>0</total>
				<timestamp>1530.817349</timestamp>
			</report>
			<report>
				<misses>242300001</misses>
				<total>0</total>
				<timestamp>1531.462497</timestamp>
			</report>
			<report>
				<misses>242400001</misses>
				<total>0</total>
				<timestamp>1532.092959</timestamp>
			</report>
			<report>
				<misses>242500001</misses>
				<total>0</total>
				<timestamp>1532.717369</timestamp>
			</report>
			<report>
				<misses>242600001</misses>
				<total>0</total>
				<timestamp>1533.360318</timestamp>
			</report>
			<report>
				<misses>242700001</misses>
				<total>0</total>
				<timestamp>1533.992415</timestamp>
			</report>
			<report>
				<misses>242800001</misses>
				<total>0</total>
				<timestamp>1534.629071</timestamp>
			</report>
			<report>
				<misses>242900001</misses>
				<total>0</total>
				<timestamp>1535.285628</timestamp>
			</report>
			<report>
				<misses>243000001</misses>
				<total>0</total>
				<timestamp>1535.916626</timestamp>
			</report>
			<report>
				<misses>243100001</misses>
				<total>0</total>
				<timestamp>1536.539414</timestamp>
			</report>
			<report>
				<misses>243200001</misses>
				<total>0</total>
				<timestamp>1537.192288</timestamp>
			</report>
			<report>
				<misses>243300001</misses>
				<total>0</total>
				<timestamp>1537.828791</timestamp>
			</report>
			<report>
				<misses>243400001</misses>
				<total>0</total>
				<timestamp>1538.452719</timestamp>
			</report>
			<report>
				<misses>243500001</misses>
				<total>0</total>
				<timestamp>1539.077518</timestamp>
			</report>
			<report>
				<misses>243600001</misses>
				<total>0</total>
				<timestamp>1539.711499</timestamp>
			</report>
			<report>
				<misses>243700001</misses>
				<total>0</total>
				<timestamp>1540.338099</timestamp>
			</report>
			<report>
				<misses>243800001</misses>
				<total>0</total>
				<timestamp>1540.976128</timestamp>
			</report>
			<report>
				<misses>243900001</misses>
				<total>0</total>
				<timestamp>1541.601106</timestamp>
			</report>
			<report>
				<misses>244000001</misses>
				<total>0</total>
				<timestamp>1542.235865</timestamp>
			</report>
			<report>
				<misses>244100001</misses>
				<total>0</total>
				<timestamp>1542.859655</timestamp>
			</report>
			<report>
				<misses>244200001</misses>
				<total>0</total>
				<timestamp>1543.491390</timestamp>
			</report>
			<report>
				<misses>244300001</misses>
				<total>0</total>
				<timestamp>1544.126958</timestamp>
			</report>
			<report>
				<misses>244400001</misses>
				<total>0</total>
				<timestamp>1544.767884</timestamp>
			</report>
			<report>
				<misses>244500001</misses>
				<total>0</total>
				<timestamp>1545.389909</timestamp>
			</report>
			<report>
				<misses>244600001</misses>
				<total>0</total>
				<timestamp>1546.023426</timestamp>
			</report>
			<report>
				<misses>244700001</misses>
				<total>0</total>
				<timestamp>1546.646522</timestamp>
			</report>
			<report>
				<misses>244800001</misses>
				<total>0</total>
				<timestamp>1547.272643</timestamp>
			</report>
			<report>
				<misses>244900001</misses>
				<total>0</total>
				<timestamp>1547.897443</timestamp>
			</report>
			<report>
				<misses>245000001</misses>
				<total>0</total>
				<timestamp>1548.519637</timestamp>
			</report>
			<report>
				<misses>245100001</misses>
				<total>0</total>
				<timestamp>1549.147560</timestamp>
			</report>
			<report>
				<misses>245200001</misses>
				<total>0</total>
				<timestamp>1549.781093</timestamp>
			</report>
			<report>
				<misses>245300001</misses>
				<total>0</total>
				<timestamp>1550.403042</timestamp>
			</report>
			<report>
				<misses>245400001</misses>
				<total>0</total>
				<timestamp>1551.026690</timestamp>
			</report>
			<report>
				<misses>245500001</misses>
				<total>0</total>
				<timestamp>1551.665113</timestamp>
			</report>
			<report>
				<misses>245600001</misses>
				<total>0</total>
				<timestamp>1552.288936</timestamp>
			</report>
			<report>
				<misses>245700001</misses>
				<total>0</total>
				<timestamp>1552.916240</timestamp>
			</report>
			<report>
				<misses>245800001</misses>
				<total>0</total>
				<timestamp>1553.554164</timestamp>
			</report>
			<report>
				<misses>245900001</misses>
				<total>0</total>
				<timestamp>1554.183657</timestamp>
			</report>
			<report>
				<misses>246000001</misses>
				<total>0</total>
				<timestamp>1554.806513</timestamp>
			</report>
			<report>
				<misses>246100001</misses>
				<total>0</total>
				<timestamp>1555.433238</timestamp>
			</report>
			<report>
				<misses>246200001</misses>
				<total>0</total>
				<timestamp>1556.070872</timestamp>
			</report>
			<report>
				<misses>246300001</misses>
				<total>0</total>
				<timestamp>1556.701358</timestamp>
			</report>
			<report>
				<misses>246400001</misses>
				<total>0</total>
				<timestamp>1557.324572</timestamp>
			</report>
			<report>
				<misses>246500001</misses>
				<total>0</total>
				<timestamp>1557.947269</timestamp>
			</report>
			<report>
				<misses>246600001</misses>
				<total>0</total>
				<timestamp>1558.569777</timestamp>
			</report>
			<report>
				<misses>246700001</misses>
				<total>0</total>
				<timestamp>1559.192702</timestamp>
			</report>
			<report>
				<misses>246800001</misses>
				<total>0</total>
				<timestamp>1559.815784</timestamp>
			</report>
			<report>
				<misses>246900001</misses>
				<total>0</total>
				<timestamp>1560.438538</timestamp>
			</report>
			<report>
				<misses>247000001</misses>
				<total>0</total>
				<timestamp>1561.061167</timestamp>
			</report>
			<report>
				<misses>247100001</misses>
				<total>0</total>
				<timestamp>1561.685718</timestamp>
			</report>
			<report>
				<misses>247200001</misses>
				<total>0</total>
				<timestamp>1562.310548</timestamp>
			</report>
			<report>
				<misses>247300001</misses>
				<total>0</total>
				<timestamp>1562.934883</timestamp>
			</report>
			<report>
				<misses>247400001</misses>
				<total>0</total>
				<timestamp>1563.560603</timestamp>
			</report>
			<report>
				<misses>247500001</misses>
				<total>0</total>
				<timestamp>1564.189642</timestamp>
			</report>
			<report>
				<misses>247600001</misses>
				<total>0</total>
				<timestamp>1564.813955</timestamp>
			</report>
			<report>
				<misses>247700001</misses>
				<total>0</total>
				<timestamp>1565.439558</timestamp>
			</report>
			<report>
				<misses>247800001</misses>
				<total>0</total>
				<timestamp>1566.064654</timestamp>
			</report>
			<report>
				<misses>247900001</misses>
				<total>0</total>
				<timestamp>1566.689571</timestamp>
			</report>
			<report>
				<misses>248000001</misses>
				<total>0</total>
				<timestamp>1567.314844</timestamp>
			</report>
			<report>
				<misses>248100001</misses>
				<total>0</total>
				<timestamp>1567.943180</timestamp>
			</report>
			<report>
				<misses>248200001</misses>
				<total>0</total>
				<timestamp>1568.568061</timestamp>
			</report>
			<report>
				<misses>248300001</misses>
				<total>0</total>
				<timestamp>1569.193213</timestamp>
			</report>
			<report>
				<misses>248400001</misses>
				<total>0</total>
				<timestamp>1569.818152</timestamp>
			</report>
			<report>
				<misses>248500001</misses>
				<total>0</total>
				<timestamp>1570.443322</timestamp>
			</report>
			<report>
				<misses>248600001</misses>
				<total>0</total>
				<timestamp>1571.068744</timestamp>
			</report>
			<report>
				<misses>248700001</misses>
				<total>0</total>
				<timestamp>1571.694409</timestamp>
			</report>
			<report>
				<misses>248800001</misses>
				<total>0</total>
				<timestamp>1572.324207</timestamp>
			</report>
			<report>
				<misses>248900001</misses>
				<total>0</total>
				<timestamp>1572.949281</timestamp>
			</report>
			<report>
				<misses>249000001</misses>
				<total>0</total>
				<timestamp>1573.574837</timestamp>
			</report>
			<report>
				<misses>249100001</misses>
				<total>0</total>
				<timestamp>1574.206366</timestamp>
			</report>
			<report>
				<misses>249200001</misses>
				<total>0</total>
				<timestamp>1574.833022</timestamp>
			</report>
			<report>
				<misses>249300001</misses>
				<total>0</total>
				<timestamp>1575.459221</timestamp>
			</report>
			<report>
				<misses>249400001</misses>
				<total>0</total>
				<timestamp>1576.085490</timestamp>
			</report>
			<report>
				<misses>249500001</misses>
				<total>0</total>
				<timestamp>1576.711203</timestamp>
			</report>
			<report>
				<misses>249600001</misses>
				<total>0</total>
				<timestamp>1577.337232</timestamp>
			</report>
			<report>
				<misses>249700001</misses>
				<total>0</total>
				<timestamp>1577.964238</timestamp>
			</report>
			<report>
				<misses>249800001</misses>
				<total>0</total>
				<timestamp>1578.591354</timestamp>
			</report>
			<report>
				<misses>249900001</misses>
				<total>0</total>
				<timestamp>1579.223138</timestamp>
			</report>
			<report>
				<misses>250000001</misses>
				<total>0</total>
				<timestamp>1579.857713</timestamp>
			</report>
			<report>
				<misses>250100001</misses>
				<total>0</total>
				<timestamp>1580.482520</timestamp>
			</report>
			<report>
				<misses>250200001</misses>
				<total>0</total>
				<timestamp>1581.109741</timestamp>
			</report>
			<report>
				<misses>250300001</misses>
				<total>0</total>
				<timestamp>1581.735959</timestamp>
			</report>
			<report>
				<misses>250400001</misses>
				<total>0</total>
				<timestamp>1582.362459</timestamp>
			</report>
			<report>
				<misses>250500001</misses>
				<total>0</total>
				<timestamp>1582.988061</timestamp>
			</report>
			<report>
				<misses>250600001</misses>
				<total>0</total>
				<timestamp>1583.614144</timestamp>
			</report>
			<report>
				<misses>250700001</misses>
				<total>0</total>
				<timestamp>1584.240303</timestamp>
			</report>
			<report>
				<misses>250800001</misses>
				<total>0</total>
				<timestamp>1584.867020</timestamp>
			</report>
			<report>
				<misses>250900001</misses>
				<total>0</total>
				<timestamp>1585.492908</timestamp>
			</report>
			<report>
				<misses>251000001</misses>
				<total>0</total>
				<timestamp>1586.118980</timestamp>
			</report>
			<report>
				<misses>251100001</misses>
				<total>0</total>
				<timestamp>1586.744183</timestamp>
			</report>
			<report>
				<misses>251200001</misses>
				<total>0</total>
				<timestamp>1587.369800</timestamp>
			</report>
			<report>
				<misses>251300001</misses>
				<total>0</total>
				<timestamp>1587.995025</timestamp>
			</report>
			<report>
				<misses>251400001</misses>
				<total>0</total>
				<timestamp>1588.622854</timestamp>
			</report>
			<report>
				<misses>251500001</misses>
				<total>0</total>
				<timestamp>1589.255275</timestamp>
			</report>
			<report>
				<misses>251600001</misses>
				<total>0</total>
				<timestamp>1589.885904</timestamp>
			</report>
			<report>
				<misses>251700001</misses>
				<total>0</total>
				<timestamp>1590.520645</timestamp>
			</report>
			<report>
				<misses>251800001</misses>
				<total>0</total>
				<timestamp>1591.151623</timestamp>
			</report>
			<report>
				<misses>251900001</misses>
				<total>0</total>
				<timestamp>1591.786736</timestamp>
			</report>
			<report>
				<misses>252000001</misses>
				<total>0</total>
				<timestamp>1592.418721</timestamp>
			</report>
			<report>
				<misses>252100001</misses>
				<total>0</total>
				<timestamp>1593.049728</timestamp>
			</report>
			<report>
				<misses>252200001</misses>
				<total>0</total>
				<timestamp>1593.681011</timestamp>
			</report>
			<report>
				<misses>252300001</misses>
				<total>0</total>
				<timestamp>1594.312298</timestamp>
			</report>
			<report>
				<misses>252400001</misses>
				<total>0</total>
				<timestamp>1594.943922</timestamp>
			</report>
			<report>
				<misses>252500001</misses>
				<total>0</total>
				<timestamp>1595.575084</timestamp>
			</report>
			<report>
				<misses>252600001</misses>
				<total>0</total>
				<timestamp>1596.210669</timestamp>
			</report>
			<report>
				<misses>252700001</misses>
				<total>0</total>
				<timestamp>1596.853834</timestamp>
			</report>
			<report>
				<misses>252800001</misses>
				<total>0</total>
				<timestamp>1597.483328</timestamp>
			</report>
			<report>
				<misses>252900001</misses>
				<total>0</total>
				<timestamp>1598.112560</timestamp>
			</report>
			<report>
				<misses>253000001</misses>
				<total>0</total>
				<timestamp>1598.742085</timestamp>
			</report>
			<report>
				<misses>253100001</misses>
				<total>0</total>
				<timestamp>1599.369154</timestamp>
			</report>
			<report>
				<misses>253200001</misses>
				<total>0</total>
				<timestamp>1599.995691</timestamp>
			</report>
			<report>
				<misses>253300001</misses>
				<total>0</total>
				<timestamp>1600.622144</timestamp>
			</report>
			<report>
				<misses>253400001</misses>
				<total>0</total>
				<timestamp>1601.247265</timestamp>
			</report>
			<report>
				<misses>253500001</misses>
				<total>0</total>
				<timestamp>1601.871939</timestamp>
			</report>
			<report>
				<misses>253600001</misses>
				<total>0</total>
				<timestamp>1602.497035</timestamp>
			</report>
			<report>
				<misses>253700001</misses>
				<total>0</total>
				<timestamp>1603.122160</timestamp>
			</report>
			<report>
				<misses>253800001</misses>
				<total>0</total>
				<timestamp>1603.754465</timestamp>
			</report>
			<report>
				<misses>253900001</misses>
				<total>0</total>
				<timestamp>1604.381145</timestamp>
			</report>
			<report>
				<misses>254000001</misses>
				<total>0</total>
				<timestamp>1605.006473</timestamp>
			</report>
			<report>
				<misses>254100001</misses>
				<total>0</total>
				<timestamp>1605.635787</timestamp>
			</report>
			<report>
				<misses>254200001</misses>
				<total>0</total>
				<timestamp>1606.262818</timestamp>
			</report>
			<report>
				<misses>254300001</misses>
				<total>0</total>
				<timestamp>1606.886532</timestamp>
			</report>
			<report>
				<misses>254400001</misses>
				<total>0</total>
				<timestamp>1607.524482</timestamp>
			</report>
			<report>
				<misses>254500001</misses>
				<total>0</total>
				<timestamp>1608.155528</timestamp>
			</report>
			<report>
				<misses>254600001</misses>
				<total>0</total>
				<timestamp>1608.785318</timestamp>
			</report>
			<report>
				<misses>254700001</misses>
				<total>0</total>
				<timestamp>1609.422356</timestamp>
			</report>
			<report>
				<misses>254800001</misses>
				<total>0</total>
				<timestamp>1610.061269</timestamp>
			</report>
			<report>
				<misses>254900001</misses>
				<total>0</total>
				<timestamp>1610.693309</timestamp>
			</report>
			<report>
				<misses>255000001</misses>
				<total>0</total>
				<timestamp>1611.337970</timestamp>
			</report>
			<report>
				<misses>255100001</misses>
				<total>0</total>
				<timestamp>1611.985436</timestamp>
			</report>
			<report>
				<misses>255200001</misses>
				<total>0</total>
				<timestamp>1612.614538</timestamp>
			</report>
			<report>
				<misses>255300001</misses>
				<total>0</total>
				<timestamp>1613.257381</timestamp>
			</report>
			<report>
				<misses>255400001</misses>
				<total>0</total>
				<timestamp>1613.896094</timestamp>
			</report>
			<report>
				<misses>255500001</misses>
				<total>0</total>
				<timestamp>1614.526173</timestamp>
			</report>
			<report>
				<misses>255600001</misses>
				<total>0</total>
				<timestamp>1615.168380</timestamp>
			</report>
			<report>
				<misses>255700001</misses>
				<total>0</total>
				<timestamp>1615.806760</timestamp>
			</report>
			<report>
				<misses>255800001</misses>
				<total>0</total>
				<timestamp>1616.475413</timestamp>
			</report>
			<report>
				<misses>255900001</misses>
				<total>0</total>
				<timestamp>1617.110935</timestamp>
			</report>
			<report>
				<misses>256000001</misses>
				<total>0</total>
				<timestamp>1617.746491</timestamp>
			</report>
			<report>
				<misses>256100001</misses>
				<total>0</total>
				<timestamp>1618.392131</timestamp>
			</report>
			<report>
				<misses>256200001</misses>
				<total>0</total>
				<timestamp>1619.028590</timestamp>
			</report>
			<report>
				<misses>256300001</misses>
				<total>0</total>
				<timestamp>1619.666528</timestamp>
			</report>
			<report>
				<misses>256400001</misses>
				<total>0</total>
				<timestamp>1620.301399</timestamp>
			</report>
			<report>
				<misses>256500001</misses>
				<total>0</total>
				<timestamp>1620.957649</timestamp>
			</report>
			<report>
				<misses>256600001</misses>
				<total>0</total>
				<timestamp>1621.589298</timestamp>
			</report>
			<report>
				<misses>256700001</misses>
				<total>0</total>
				<timestamp>1622.222087</timestamp>
			</report>
			<report>
				<misses>256800001</misses>
				<total>0</total>
				<timestamp>1622.862067</timestamp>
			</report>
			<report>
				<misses>256900001</misses>
				<total>0</total>
				<timestamp>1623.503502</timestamp>
			</report>
			<report>
				<misses>257000001</misses>
				<total>0</total>
				<timestamp>1624.149536</timestamp>
			</report>
			<report>
				<misses>257100001</misses>
				<total>0</total>
				<timestamp>1624.784111</timestamp>
			</report>
			<report>
				<misses>257200001</misses>
				<total>0</total>
				<timestamp>1625.415428</timestamp>
			</report>
			<report>
				<misses>257300001</misses>
				<total>0</total>
				<timestamp>1626.065727</timestamp>
			</report>
			<report>
				<misses>257400001</misses>
				<total>0</total>
				<timestamp>1626.698045</timestamp>
			</report>
			<report>
				<misses>257500001</misses>
				<total>0</total>
				<timestamp>1627.347869</timestamp>
			</report>
			<report>
				<misses>257600001</misses>
				<total>0</total>
				<timestamp>1627.999863</timestamp>
			</report>
			<report>
				<misses>257700001</misses>
				<total>0</total>
				<timestamp>1628.634596</timestamp>
			</report>
			<report>
				<misses>257800001</misses>
				<total>0</total>
				<timestamp>1629.305633</timestamp>
			</report>
			<report>
				<misses>257900001</misses>
				<total>0</total>
				<timestamp>1629.960266</timestamp>
			</report>
			<report>
				<misses>258000001</misses>
				<total>0</total>
				<timestamp>1630.592113</timestamp>
			</report>
			<report>
				<misses>258100001</misses>
				<total>0</total>
				<timestamp>1631.234374</timestamp>
			</report>
			<report>
				<misses>258200001</misses>
				<total>0</total>
				<timestamp>1631.870810</timestamp>
			</report>
			<report>
				<misses>258300001</misses>
				<total>0</total>
				<timestamp>1632.501410</timestamp>
			</report>
			<report>
				<misses>258400001</misses>
				<total>0</total>
				<timestamp>1633.132458</timestamp>
			</report>
			<report>
				<misses>258500001</misses>
				<total>0</total>
				<timestamp>1633.762812</timestamp>
			</report>
			<report>
				<misses>258600001</misses>
				<total>0</total>
				<timestamp>1634.394008</timestamp>
			</report>
			<report>
				<misses>258700001</misses>
				<total>0</total>
				<timestamp>1635.024672</timestamp>
			</report>
			<report>
				<misses>258800001</misses>
				<total>0</total>
				<timestamp>1635.655287</timestamp>
			</report>
			<report>
				<misses>258900001</misses>
				<total>0</total>
				<timestamp>1636.286428</timestamp>
			</report>
			<report>
				<misses>259000001</misses>
				<total>0</total>
				<timestamp>1636.916944</timestamp>
			</report>
			<report>
				<misses>259100001</misses>
				<total>0</total>
				<timestamp>1637.547512</timestamp>
			</report>
			<report>
				<misses>259200001</misses>
				<total>0</total>
				<timestamp>1638.180708</timestamp>
			</report>
			<report>
				<misses>259300001</misses>
				<total>0</total>
				<timestamp>1638.811223</timestamp>
			</report>
			<report>
				<misses>259400001</misses>
				<total>0</total>
				<timestamp>1639.441226</timestamp>
			</report>
			<report>
				<misses>259500001</misses>
				<total>0</total>
				<timestamp>1640.071939</timestamp>
			</report>
			<report>
				<misses>259600001</misses>
				<total>0</total>
				<timestamp>1640.702256</timestamp>
			</report>
			<report>
				<misses>259700001</misses>
				<total>0</total>
				<timestamp>1641.332503</timestamp>
			</report>
			<report>
				<misses>259800001</misses>
				<total>0</total>
				<timestamp>1641.960087</timestamp>
			</report>
			<report>
				<misses>259900001</misses>
				<total>0</total>
				<timestamp>1642.586395</timestamp>
			</report>
			<report>
				<misses>260000001</misses>
				<total>0</total>
				<timestamp>1643.212312</timestamp>
			</report>
			<report>
				<misses>260100001</misses>
				<total>0</total>
				<timestamp>1643.838705</timestamp>
			</report>
			<report>
				<misses>260200001</misses>
				<total>0</total>
				<timestamp>1644.465081</timestamp>
			</report>
			<report>
				<misses>260300001</misses>
				<total>0</total>
				<timestamp>1645.090589</timestamp>
			</report>
			<report>
				<misses>260400001</misses>
				<total>0</total>
				<timestamp>1645.718297</timestamp>
			</report>
			<report>
				<misses>260500001</misses>
				<total>0</total>
				<timestamp>1646.347844</timestamp>
			</report>
			<report>
				<misses>260600001</misses>
				<total>0</total>
				<timestamp>1646.974532</timestamp>
			</report>
			<report>
				<misses>260700001</misses>
				<total>0</total>
				<timestamp>1647.600159</timestamp>
			</report>
			<report>
				<misses>260800001</misses>
				<total>0</total>
				<timestamp>1648.240234</timestamp>
			</report>
			<report>
				<misses>260900001</misses>
				<total>0</total>
				<timestamp>1648.870989</timestamp>
			</report>
			<report>
				<misses>261000001</misses>
				<total>0</total>
				<timestamp>1649.502614</timestamp>
			</report>
			<report>
				<misses>261100001</misses>
				<total>0</total>
				<timestamp>1650.144908</timestamp>
			</report>
			<report>
				<misses>261200001</misses>
				<total>0</total>
				<timestamp>1650.782465</timestamp>
			</report>
			<report>
				<misses>261300001</misses>
				<total>0</total>
				<timestamp>1651.417872</timestamp>
			</report>
			<report>
				<misses>261400001</misses>
				<total>0</total>
				<timestamp>1652.050469</timestamp>
			</report>
			<report>
				<misses>261500001</misses>
				<total>0</total>
				<timestamp>1652.680134</timestamp>
			</report>
			<report>
				<misses>261600001</misses>
				<total>0</total>
				<timestamp>1653.313977</timestamp>
			</report>
			<report>
				<misses>261700001</misses>
				<total>0</total>
				<timestamp>1653.952024</timestamp>
			</report>
			<report>
				<misses>261800001</misses>
				<total>0</total>
				<timestamp>1654.578662</timestamp>
			</report>
			<report>
				<misses>261900001</misses>
				<total>0</total>
				<timestamp>1655.211304</timestamp>
			</report>
			<report>
				<misses>262000001</misses>
				<total>0</total>
				<timestamp>1655.840965</timestamp>
			</report>
			<report>
				<misses>262100001</misses>
				<total>0</total>
				<timestamp>1656.473633</timestamp>
			</report>
			<report>
				<misses>262200001</misses>
				<total>0</total>
				<timestamp>1657.102234</timestamp>
			</report>
			<report>
				<misses>262300001</misses>
				<total>0</total>
				<timestamp>1657.727754</timestamp>
			</report>
			<report>
				<misses>262400001</misses>
				<total>0</total>
				<timestamp>1658.352197</timestamp>
			</report>
			<report>
				<misses>262500001</misses>
				<total>0</total>
				<timestamp>1658.976955</timestamp>
			</report>
			<report>
				<misses>262600001</misses>
				<total>0</total>
				<timestamp>1659.601702</timestamp>
			</report>
			<report>
				<misses>262700001</misses>
				<total>0</total>
				<timestamp>1660.227062</timestamp>
			</report>
			<report>
				<misses>262800001</misses>
				<total>0</total>
				<timestamp>1660.853048</timestamp>
			</report>
			<report>
				<misses>262900001</misses>
				<total>0</total>
				<timestamp>1661.479119</timestamp>
			</report>
			<report>
				<misses>263000001</misses>
				<total>0</total>
				<timestamp>1662.105699</timestamp>
			</report>
			<report>
				<misses>263100001</misses>
				<total>0</total>
				<timestamp>1662.731435</timestamp>
			</report>
			<report>
				<misses>263200001</misses>
				<total>0</total>
				<timestamp>1663.357266</timestamp>
			</report>
			<report>
				<misses>263300001</misses>
				<total>0</total>
				<timestamp>1663.988331</timestamp>
			</report>
			<report>
				<misses>263400001</misses>
				<total>0</total>
				<timestamp>1664.615290</timestamp>
			</report>
			<report>
				<misses>263500001</misses>
				<total>0</total>
				<timestamp>1665.241323</timestamp>
			</report>
			<report>
				<misses>263600001</misses>
				<total>0</total>
				<timestamp>1665.874622</timestamp>
			</report>
			<report>
				<misses>263700001</misses>
				<total>0</total>
				<timestamp>1666.501611</timestamp>
			</report>
			<report>
				<misses>263800001</misses>
				<total>0</total>
				<timestamp>1667.127813</timestamp>
			</report>
			<report>
				<misses>263900001</misses>
				<total>0</total>
				<timestamp>1667.754059</timestamp>
			</report>
			<report>
				<misses>264000001</misses>
				<total>0</total>
				<timestamp>1668.380007</timestamp>
			</report>
			<report>
				<misses>264100001</misses>
				<total>0</total>
				<timestamp>1669.014014</timestamp>
			</report>
			<report>
				<misses>264200001</misses>
				<total>0</total>
				<timestamp>1669.640207</timestamp>
			</report>
			<report>
				<misses>264300001</misses>
				<total>0</total>
				<timestamp>1670.266535</timestamp>
			</report>
			<report>
				<misses>264400001</misses>
				<total>0</total>
				<timestamp>1670.892504</timestamp>
			</report>
			<report>
				<misses>264500001</misses>
				<total>0</total>
				<timestamp>1671.518831</timestamp>
			</report>
			<report>
				<misses>264600001</misses>
				<total>0</total>
				<timestamp>1672.145628</timestamp>
			</report>
			<report>
				<misses>264700001</misses>
				<total>0</total>
				<timestamp>1672.779433</timestamp>
			</report>
			<report>
				<misses>264800001</misses>
				<total>0</total>
				<timestamp>1673.405789</timestamp>
			</report>
			<report>
				<misses>264900001</misses>
				<total>0</total>
				<timestamp>1674.032435</timestamp>
			</report>
			<report>
				<misses>265000001</misses>
				<total>0</total>
				<timestamp>1674.658949</timestamp>
			</report>
			<report>
				<misses>265100001</misses>
				<total>0</total>
				<timestamp>1675.285930</timestamp>
			</report>
			<report>
				<misses>265200001</misses>
				<total>0</total>
				<timestamp>1675.914148</timestamp>
			</report>
			<report>
				<misses>265300001</misses>
				<total>0</total>
				<timestamp>1676.541066</timestamp>
			</report>
			<report>
				<misses>265400001</misses>
				<total>0</total>
				<timestamp>1677.167962</timestamp>
			</report>
			<report>
				<misses>265500001</misses>
				<total>0</total>
				<timestamp>1677.794452</timestamp>
			</report>
			<report>
				<misses>265600001</misses>
				<total>0</total>
				<timestamp>1678.421368</timestamp>
			</report>
			<report>
				<misses>265700001</misses>
				<total>0</total>
				<timestamp>1679.048197</timestamp>
			</report>
			<report>
				<misses>265800001</misses>
				<total>0</total>
				<timestamp>1679.675414</timestamp>
			</report>
			<report>
				<misses>265900001</misses>
				<total>0</total>
				<timestamp>1680.302336</timestamp>
			</report>
			<report>
				<misses>266000001</misses>
				<total>0</total>
				<timestamp>1680.934457</timestamp>
			</report>
			<report>
				<misses>266100001</misses>
				<total>0</total>
				<timestamp>1681.560288</timestamp>
			</report>
			<report>
				<misses>266200001</misses>
				<total>0</total>
				<timestamp>1682.186471</timestamp>
			</report>
			<report>
				<misses>266300001</misses>
				<total>0</total>
				<timestamp>1682.812841</timestamp>
			</report>
			<report>
				<misses>266400001</misses>
				<total>0</total>
				<timestamp>1683.439499</timestamp>
			</report>
			<report>
				<misses>266500001</misses>
				<total>0</total>
				<timestamp>1684.069690</timestamp>
			</report>
			<report>
				<misses>266600001</misses>
				<total>0</total>
				<timestamp>1684.697997</timestamp>
			</report>
			<report>
				<misses>266700001</misses>
				<total>0</total>
				<timestamp>1685.328215</timestamp>
			</report>
			<report>
				<misses>266800001</misses>
				<total>0</total>
				<timestamp>1685.954793</timestamp>
			</report>
			<report>
				<misses>266900001</misses>
				<total>0</total>
				<timestamp>1686.580727</timestamp>
			</report>
			<report>
				<misses>267000001</misses>
				<total>0</total>
				<timestamp>1687.207401</timestamp>
			</report>
			<report>
				<misses>267100001</misses>
				<total>0</total>
				<timestamp>1687.832548</timestamp>
			</report>
			<report>
				<misses>267200001</misses>
				<total>0</total>
				<timestamp>1688.458433</timestamp>
			</report>
			<report>
				<misses>267300001</misses>
				<total>0</total>
				<timestamp>1689.084761</timestamp>
			</report>
			<report>
				<misses>267400001</misses>
				<total>0</total>
				<timestamp>1689.711239</timestamp>
			</report>
			<report>
				<misses>267500001</misses>
				<total>0</total>
				<timestamp>1690.337799</timestamp>
			</report>
			<report>
				<misses>267600001</misses>
				<total>0</total>
				<timestamp>1690.963728</timestamp>
			</report>
			<report>
				<misses>267700001</misses>
				<total>0</total>
				<timestamp>1691.589844</timestamp>
			</report>
			<report>
				<misses>267800001</misses>
				<total>0</total>
				<timestamp>1692.215960</timestamp>
			</report>
			<report>
				<misses>267900001</misses>
				<total>0</total>
				<timestamp>1692.842201</timestamp>
			</report>
			<report>
				<misses>268000001</misses>
				<total>0</total>
				<timestamp>1693.467539</timestamp>
			</report>
			<report>
				<misses>268100001</misses>
				<total>0</total>
				<timestamp>1694.093082</timestamp>
			</report>
			<report>
				<misses>268200001</misses>
				<total>0</total>
				<timestamp>1694.719774</timestamp>
			</report>
			<report>
				<misses>268300001</misses>
				<total>0</total>
				<timestamp>1695.345219</timestamp>
			</report>
			<report>
				<misses>268400001</misses>
				<total>0</total>
				<timestamp>1695.970608</timestamp>
			</report>
			<report>
				<misses>268500001</misses>
				<total>0</total>
				<timestamp>1696.596562</timestamp>
			</report>
			<report>
				<misses>268600001</misses>
				<total>0</total>
				<timestamp>1697.221684</timestamp>
			</report>
			<report>
				<misses>268700001</misses>
				<total>0</total>
				<timestamp>1697.846823</timestamp>
			</report>
			<report>
				<misses>268800001</misses>
				<total>0</total>
				<timestamp>1698.472425</timestamp>
			</report>
			<report>
				<misses>268900001</misses>
				<total>0</total>
				<timestamp>1699.097892</timestamp>
			</report>
			<report>
				<misses>269000001</misses>
				<total>0</total>
				<timestamp>1699.723416</timestamp>
			</report>
			<report>
				<misses>269100001</misses>
				<total>0</total>
				<timestamp>1700.348593</timestamp>
			</report>
			<report>
				<misses>269200001</misses>
				<total>0</total>
				<timestamp>1700.973466</timestamp>
			</report>
			<report>
				<misses>269300001</misses>
				<total>0</total>
				<timestamp>1701.598316</timestamp>
			</report>
			<report>
				<misses>269400001</misses>
				<total>0</total>
				<timestamp>1702.223136</timestamp>
			</report>
			<report>
				<misses>269500001</misses>
				<total>0</total>
				<timestamp>1702.848091</timestamp>
			</report>
			<report>
				<misses>269600001</misses>
				<total>0</total>
				<timestamp>1703.473957</timestamp>
			</report>
			<report>
				<misses>269700001</misses>
				<total>0</total>
				<timestamp>1704.100091</timestamp>
			</report>
			<report>
				<misses>269800001</misses>
				<total>0</total>
				<timestamp>1704.725718</timestamp>
			</report>
			<report>
				<misses>269900001</misses>
				<total>0</total>
				<timestamp>1705.352794</timestamp>
			</report>
			<report>
				<misses>270000001</misses>
				<total>0</total>
				<timestamp>1705.979703</timestamp>
			</report>
			<report>
				<misses>270100001</misses>
				<total>0</total>
				<timestamp>1706.606023</timestamp>
			</report>
			<report>
				<misses>270200001</misses>
				<total>0</total>
				<timestamp>1707.232257</timestamp>
			</report>
			<report>
				<misses>270300001</misses>
				<total>0</total>
				<timestamp>1707.859188</timestamp>
			</report>
			<report>
				<misses>270400001</misses>
				<total>0</total>
				<timestamp>1708.486173</timestamp>
			</report>
			<report>
				<misses>270500001</misses>
				<total>0</total>
				<timestamp>1709.116080</timestamp>
			</report>
			<report>
				<misses>270600001</misses>
				<total>0</total>
				<timestamp>1709.743199</timestamp>
			</report>
			<report>
				<misses>270700001</misses>
				<total>0</total>
				<timestamp>1710.370355</timestamp>
			</report>
			<report>
				<misses>270800001</misses>
				<total>0</total>
				<timestamp>1710.996928</timestamp>
			</report>
			<report>
				<misses>270900001</misses>
				<total>0</total>
				<timestamp>1711.623289</timestamp>
			</report>
			<report>
				<misses>271000001</misses>
				<total>0</total>
				<timestamp>1712.250821</timestamp>
			</report>
			<report>
				<misses>271100001</misses>
				<total>0</total>
				<timestamp>1712.877730</timestamp>
			</report>
			<report>
				<misses>271200001</misses>
				<total>0</total>
				<timestamp>1713.504945</timestamp>
			</report>
			<report>
				<misses>271300001</misses>
				<total>0</total>
				<timestamp>1714.140200</timestamp>
			</report>
			<report>
				<misses>271400001</misses>
				<total>0</total>
				<timestamp>1714.766889</timestamp>
			</report>
			<report>
				<misses>271500001</misses>
				<total>0</total>
				<timestamp>1715.394274</timestamp>
			</report>
			<report>
				<misses>271600001</misses>
				<total>0</total>
				<timestamp>1716.021619</timestamp>
			</report>
			<report>
				<misses>271700001</misses>
				<total>0</total>
				<timestamp>1716.649009</timestamp>
			</report>
			<report>
				<misses>271800001</misses>
				<total>0</total>
				<timestamp>1717.276202</timestamp>
			</report>
			<report>
				<misses>271900001</misses>
				<total>0</total>
				<timestamp>1717.902930</timestamp>
			</report>
			<report>
				<misses>272000001</misses>
				<total>0</total>
				<timestamp>1718.530094</timestamp>
			</report>
			<report>
				<misses>272100001</misses>
				<total>0</total>
				<timestamp>1719.156666</timestamp>
			</report>
			<report>
				<misses>272200001</misses>
				<total>0</total>
				<timestamp>1719.783035</timestamp>
			</report>
			<report>
				<misses>272300001</misses>
				<total>0</total>
				<timestamp>1720.409939</timestamp>
			</report>
			<report>
				<misses>272400001</misses>
				<total>0</total>
				<timestamp>1721.036983</timestamp>
			</report>
			<report>
				<misses>272500001</misses>
				<total>0</total>
				<timestamp>1721.664710</timestamp>
			</report>
			<report>
				<misses>272600001</misses>
				<total>0</total>
				<timestamp>1722.291976</timestamp>
			</report>
			<report>
				<misses>272700001</misses>
				<total>0</total>
				<timestamp>1722.922956</timestamp>
			</report>
			<report>
				<misses>272800001</misses>
				<total>0</total>
				<timestamp>1723.550445</timestamp>
			</report>
			<report>
				<misses>272900001</misses>
				<total>0</total>
				<timestamp>1724.178072</timestamp>
			</report>
			<report>
				<misses>273000001</misses>
				<total>0</total>
				<timestamp>1724.805572</timestamp>
			</report>
			<report>
				<misses>273100001</misses>
				<total>0</total>
				<timestamp>1725.433912</timestamp>
			</report>
			<report>
				<misses>273200001</misses>
				<total>0</total>
				<timestamp>1726.062521</timestamp>
			</report>
			<report>
				<misses>273300001</misses>
				<total>0</total>
				<timestamp>1726.690823</timestamp>
			</report>
			<report>
				<misses>273400001</misses>
				<total>0</total>
				<timestamp>1727.318862</timestamp>
			</report>
			<report>
				<misses>273500001</misses>
				<total>0</total>
				<timestamp>1727.951824</timestamp>
			</report>
			<report>
				<misses>273600001</misses>
				<total>0</total>
				<timestamp>1728.580202</timestamp>
			</report>
			<report>
				<misses>273700001</misses>
				<total>0</total>
				<timestamp>1729.208941</timestamp>
			</report>
			<report>
				<misses>273800001</misses>
				<total>0</total>
				<timestamp>1729.842630</timestamp>
			</report>
			<report>
				<misses>273900001</misses>
				<total>0</total>
				<timestamp>1730.472587</timestamp>
			</report>
			<report>
				<misses>274000001</misses>
				<total>0</total>
				<timestamp>1731.102612</timestamp>
			</report>
			<report>
				<misses>274100001</misses>
				<total>0</total>
				<timestamp>1731.733138</timestamp>
			</report>
			<report>
				<misses>274200001</misses>
				<total>0</total>
				<timestamp>1732.368894</timestamp>
			</report>
			<report>
				<misses>274300001</misses>
				<total>0</total>
				<timestamp>1733.003217</timestamp>
			</report>
			<report>
				<misses>274400001</misses>
				<total>0</total>
				<timestamp>1733.637933</timestamp>
			</report>
			<report>
				<misses>274500001</misses>
				<total>0</total>
				<timestamp>1734.273676</timestamp>
			</report>
			<report>
				<misses>274600001</misses>
				<total>0</total>
				<timestamp>1734.913157</timestamp>
			</report>
			<report>
				<misses>274700001</misses>
				<total>0</total>
				<timestamp>1735.543256</timestamp>
			</report>
			<report>
				<misses>274800001</misses>
				<total>0</total>
				<timestamp>1736.175313</timestamp>
			</report>
			<report>
				<misses>274900001</misses>
				<total>0</total>
				<timestamp>1736.808540</timestamp>
			</report>
			<report>
				<misses>275000001</misses>
				<total>0</total>
				<timestamp>1737.443148</timestamp>
			</report>
			<report>
				<misses>275100001</misses>
				<total>0</total>
				<timestamp>1738.079129</timestamp>
			</report>
			<report>
				<misses>275200001</misses>
				<total>0</total>
				<timestamp>1738.711568</timestamp>
			</report>
			<report>
				<misses>275300001</misses>
				<total>0</total>
				<timestamp>1739.346204</timestamp>
			</report>
			<report>
				<misses>275400001</misses>
				<total>0</total>
				<timestamp>1739.984209</timestamp>
			</report>
			<report>
				<misses>275500001</misses>
				<total>0</total>
				<timestamp>1740.614019</timestamp>
			</report>
			<report>
				<misses>275600001</misses>
				<total>0</total>
				<timestamp>1741.250506</timestamp>
			</report>
			<report>
				<misses>275700001</misses>
				<total>0</total>
				<timestamp>1741.881242</timestamp>
			</report>
			<report>
				<misses>275800001</misses>
				<total>0</total>
				<timestamp>1742.513755</timestamp>
			</report>
			<report>
				<misses>275900001</misses>
				<total>0</total>
				<timestamp>1743.154741</timestamp>
			</report>
			<report>
				<misses>276000001</misses>
				<total>0</total>
				<timestamp>1743.789269</timestamp>
			</report>
			<report>
				<misses>276100001</misses>
				<total>0</total>
				<timestamp>1744.419921</timestamp>
			</report>
			<report>
				<misses>276200001</misses>
				<total>0</total>
				<timestamp>1745.067837</timestamp>
			</report>
			<report>
				<misses>276300001</misses>
				<total>0</total>
				<timestamp>1745.698994</timestamp>
			</report>
			<report>
				<misses>276400001</misses>
				<total>0</total>
				<timestamp>1746.339756</timestamp>
			</report>
			<report>
				<misses>276500001</misses>
				<total>0</total>
				<timestamp>1746.970884</timestamp>
			</report>
			<report>
				<misses>276600001</misses>
				<total>0</total>
				<timestamp>1747.614636</timestamp>
			</report>
			<report>
				<misses>276700001</misses>
				<total>0</total>
				<timestamp>1748.259873</timestamp>
			</report>
			<report>
				<misses>276800001</misses>
				<total>0</total>
				<timestamp>1748.903585</timestamp>
			</report>
			<report>
				<misses>276900001</misses>
				<total>0</total>
				<timestamp>1749.533964</timestamp>
			</report>
			<report>
				<misses>277000001</misses>
				<total>0</total>
				<timestamp>1750.176836</timestamp>
			</report>
			<report>
				<misses>277100001</misses>
				<total>0</total>
				<timestamp>1750.806856</timestamp>
			</report>
			<report>
				<misses>277200001</misses>
				<total>0</total>
				<timestamp>1751.438119</timestamp>
			</report>
			<report>
				<misses>277300001</misses>
				<total>0</total>
				<timestamp>1752.070216</timestamp>
			</report>
			<report>
				<misses>277400001</misses>
				<total>0</total>
				<timestamp>1752.723823</timestamp>
			</report>
			<report>
				<misses>277500001</misses>
				<total>0</total>
				<timestamp>1753.389969</timestamp>
			</report>
			<report>
				<misses>277600001</misses>
				<total>0</total>
				<timestamp>1754.038240</timestamp>
			</report>
			<report>
				<misses>277700001</misses>
				<total>0</total>
				<timestamp>1754.669156</timestamp>
			</report>
			<report>
				<misses>277800001</misses>
				<total>0</total>
				<timestamp>1755.312853</timestamp>
			</report>
			<report>
				<misses>277900001</misses>
				<total>0</total>
				<timestamp>1755.953394</timestamp>
			</report>
			<report>
				<misses>278000001</misses>
				<total>0</total>
				<timestamp>1756.624535</timestamp>
			</report>
			<report>
				<misses>278100001</misses>
				<total>0</total>
				<timestamp>1757.261074</timestamp>
			</report>
			<report>
				<misses>278200001</misses>
				<total>0</total>
				<timestamp>1757.893055</timestamp>
			</report>
			<report>
				<misses>278300001</misses>
				<total>0</total>
				<timestamp>1758.523317</timestamp>
			</report>
			<report>
				<misses>278400001</misses>
				<total>0</total>
				<timestamp>1759.161399</timestamp>
			</report>
			<report>
				<misses>278500001</misses>
				<total>0</total>
				<timestamp>1759.813344</timestamp>
			</report>
			<report>
				<misses>278600001</misses>
				<total>0</total>
				<timestamp>1760.443586</timestamp>
			</report>
			<report>
				<misses>278700001</misses>
				<total>0</total>
				<timestamp>1761.079123</timestamp>
			</report>
			<report>
				<misses>278800001</misses>
				<total>0</total>
				<timestamp>1761.714406</timestamp>
			</report>
			<report>
				<misses>278900001</misses>
				<total>0</total>
				<timestamp>1762.345042</timestamp>
			</report>
			<report>
				<misses>279000001</misses>
				<total>0</total>
				<timestamp>1762.988278</timestamp>
			</report>
			<report>
				<misses>279100001</misses>
				<total>0</total>
				<timestamp>1763.620561</timestamp>
			</report>
			<report>
				<misses>279200001</misses>
				<total>0</total>
				<timestamp>1764.256504</timestamp>
			</report>
			<report>
				<misses>279300001</misses>
				<total>0</total>
				<timestamp>1764.903869</timestamp>
			</report>
			<report>
				<misses>279400001</misses>
				<total>0</total>
				<timestamp>1765.534036</timestamp>
			</report>
			<report>
				<misses>279500001</misses>
				<total>0</total>
				<timestamp>1766.165124</timestamp>
			</report>
			<report>
				<misses>279600001</misses>
				<total>0</total>
				<timestamp>1766.799790</timestamp>
			</report>
			<report>
				<misses>279700001</misses>
				<total>0</total>
				<timestamp>1767.434519</timestamp>
			</report>
			<report>
				<misses>279800001</misses>
				<total>0</total>
				<timestamp>1768.077693</timestamp>
			</report>
			<report>
				<misses>279900001</misses>
				<total>0</total>
				<timestamp>1768.742554</timestamp>
			</report>
			<report>
				<misses>280000001</misses>
				<total>0</total>
				<timestamp>1769.390076</timestamp>
			</report>
			<report>
				<misses>280100001</misses>
				<total>0</total>
				<timestamp>1770.030970</timestamp>
			</report>
			<report>
				<misses>280200001</misses>
				<total>0</total>
				<timestamp>1770.662258</timestamp>
			</report>
			<report>
				<misses>280300001</misses>
				<total>0</total>
				<timestamp>1771.312047</timestamp>
			</report>
			<report>
				<misses>280400001</misses>
				<total>0</total>
				<timestamp>1771.970506</timestamp>
			</report>
			<report>
				<misses>280500001</misses>
				<total>0</total>
				<timestamp>1772.601814</timestamp>
			</report>
			<report>
				<misses>280600001</misses>
				<total>0</total>
				<timestamp>1773.237425</timestamp>
			</report>
			<report>
				<misses>280700001</misses>
				<total>0</total>
				<timestamp>1773.875832</timestamp>
			</report>
			<report>
				<misses>280800001</misses>
				<total>0</total>
				<timestamp>1774.506807</timestamp>
			</report>
			<report>
				<misses>280900001</misses>
				<total>0</total>
				<timestamp>1775.155737</timestamp>
			</report>
			<report>
				<misses>281000001</misses>
				<total>0</total>
				<timestamp>1775.798351</timestamp>
			</report>
			<report>
				<misses>281100001</misses>
				<total>0</total>
				<timestamp>1776.436276</timestamp>
			</report>
			<report>
				<misses>281200001</misses>
				<total>0</total>
				<timestamp>1777.070696</timestamp>
			</report>
			<report>
				<misses>281300001</misses>
				<total>0</total>
				<timestamp>1777.702284</timestamp>
			</report>
			<report>
				<misses>281400001</misses>
				<total>0</total>
				<timestamp>1778.341590</timestamp>
			</report>
			<report>
				<misses>281500001</misses>
				<total>0</total>
				<timestamp>1778.981426</timestamp>
			</report>
			<report>
				<misses>281600001</misses>
				<total>0</total>
				<timestamp>1779.633280</timestamp>
			</report>
			<report>
				<misses>281700001</misses>
				<total>0</total>
				<timestamp>1780.276981</timestamp>
			</report>
			<report>
				<misses>281800001</misses>
				<total>0</total>
				<timestamp>1780.921528</timestamp>
			</report>
			<report>
				<misses>281900001</misses>
				<total>0</total>
				<timestamp>1781.576843</timestamp>
			</report>
			<report>
				<misses>282000001</misses>
				<total>0</total>
				<timestamp>1782.227831</timestamp>
			</report>
			<report>
				<misses>282100001</misses>
				<total>0</total>
				<timestamp>1782.863421</timestamp>
			</report>
			<report>
				<misses>282200001</misses>
				<total>0</total>
				<timestamp>1783.494048</timestamp>
			</report>
			<report>
				<misses>282300001</misses>
				<total>0</total>
				<timestamp>1784.145527</timestamp>
			</report>
			<report>
				<misses>282400001</misses>
				<total>0</total>
				<timestamp>1784.775533</timestamp>
			</report>
			<report>
				<misses>282500001</misses>
				<total>0</total>
				<timestamp>1785.408262</timestamp>
			</report>
			<report>
				<misses>282600001</misses>
				<total>0</total>
				<timestamp>1786.044433</timestamp>
			</report>
			<report>
				<misses>282700001</misses>
				<total>0</total>
				<timestamp>1786.674466</timestamp>
			</report>
			<report>
				<misses>282800001</misses>
				<total>0</total>
				<timestamp>1787.310359</timestamp>
			</report>
			<report>
				<misses>282900001</misses>
				<total>0</total>
				<timestamp>1787.964871</timestamp>
			</report>
			<report>
				<misses>283000001</misses>
				<total>0</total>
				<timestamp>1788.597978</timestamp>
			</report>
			<report>
				<misses>283100001</misses>
				<total>0</total>
				<timestamp>1789.261294</timestamp>
			</report>
			<report>
				<misses>283200001</misses>
				<total>0</total>
				<timestamp>1789.896305</timestamp>
			</report>
			<report>
				<misses>283300001</misses>
				<total>0</total>
				<timestamp>1790.527255</timestamp>
			</report>
			<report>
				<misses>283400001</misses>
				<total>0</total>
				<timestamp>1791.170173</timestamp>
			</report>
			<report>
				<misses>283500001</misses>
				<total>0</total>
				<timestamp>1791.804269</timestamp>
			</report>
			<report>
				<misses>283600001</misses>
				<total>0</total>
				<timestamp>1792.434995</timestamp>
			</report>
			<report>
				<misses>283700001</misses>
				<total>0</total>
				<timestamp>1793.081654</timestamp>
			</report>
			<report>
				<misses>283800001</misses>
				<total>0</total>
				<timestamp>1793.712951</timestamp>
			</report>
			<report>
				<misses>283900001</misses>
				<total>0</total>
				<timestamp>1794.349417</timestamp>
			</report>
			<report>
				<misses>284000001</misses>
				<total>0</total>
				<timestamp>1794.979703</timestamp>
			</report>
			<report>
				<misses>284100001</misses>
				<total>0</total>
				<timestamp>1795.609675</timestamp>
			</report>
			<report>
				<misses>284200001</misses>
				<total>0</total>
				<timestamp>1796.239254</timestamp>
			</report>
			<report>
				<misses>284300001</misses>
				<total>0</total>
				<timestamp>1796.868208</timestamp>
			</report>
			<report>
				<misses>284400001</misses>
				<total>0</total>
				<timestamp>1797.497744</timestamp>
			</report>
			<report>
				<misses>284500001</misses>
				<total>0</total>
				<timestamp>1798.126816</timestamp>
			</report>
			<report>
				<misses>284600001</misses>
				<total>0</total>
				<timestamp>1798.755855</timestamp>
			</report>
			<report>
				<misses>284700001</misses>
				<total>0</total>
				<timestamp>1799.385438</timestamp>
			</report>
			<report>
				<misses>284800001</misses>
				<total>0</total>
				<timestamp>1800.015171</timestamp>
			</report>
			<report>
				<misses>284900001</misses>
				<total>0</total>
				<timestamp>1800.644996</timestamp>
			</report>
			<report>
				<misses>285000001</misses>
				<total>0</total>
				<timestamp>1801.275144</timestamp>
			</report>
			<report>
				<misses>285100001</misses>
				<total>0</total>
				<timestamp>1801.905140</timestamp>
			</report>
			<report>
				<misses>285200001</misses>
				<total>0</total>
				<timestamp>1802.535444</timestamp>
			</report>
			<report>
				<misses>285300001</misses>
				<total>0</total>
				<timestamp>1803.165696</timestamp>
			</report>
			<report>
				<misses>285400001</misses>
				<total>0</total>
				<timestamp>1803.802735</timestamp>
			</report>
			<report>
				<misses>285500001</misses>
				<total>0</total>
				<timestamp>1804.432725</timestamp>
			</report>
			<report>
				<misses>285600001</misses>
				<total>0</total>
				<timestamp>1805.068627</timestamp>
			</report>
			<report>
				<misses>285700001</misses>
				<total>0</total>
				<timestamp>1805.700505</timestamp>
			</report>
			<report>
				<misses>285800001</misses>
				<total>0</total>
				<timestamp>1806.332241</timestamp>
			</report>
			<report>
				<misses>285900001</misses>
				<total>0</total>
				<timestamp>1806.963794</timestamp>
			</report>
			<report>
				<misses>286000001</misses>
				<total>0</total>
				<timestamp>1807.595104</timestamp>
			</report>
			<report>
				<misses>286100001</misses>
				<total>0</total>
				<timestamp>1808.228655</timestamp>
			</report>
			<report>
				<misses>286200001</misses>
				<total>0</total>
				<timestamp>1808.860397</timestamp>
			</report>
			<report>
				<misses>286300001</misses>
				<total>0</total>
				<timestamp>1809.492157</timestamp>
			</report>
			<report>
				<misses>286400001</misses>
				<total>0</total>
				<timestamp>1810.123735</timestamp>
			</report>
			<report>
				<misses>286500001</misses>
				<total>0</total>
				<timestamp>1810.762170</timestamp>
			</report>
			<report>
				<misses>286600001</misses>
				<total>0</total>
				<timestamp>1811.397953</timestamp>
			</report>
			<report>
				<misses>286700001</misses>
				<total>0</total>
				<timestamp>1812.040563</timestamp>
			</report>
			<report>
				<misses>286800001</misses>
				<total>0</total>
				<timestamp>1812.676096</timestamp>
			</report>
			<report>
				<misses>286900001</misses>
				<total>0</total>
				<timestamp>1813.311411</timestamp>
			</report>
			<report>
				<misses>287000001</misses>
				<total>0</total>
				<timestamp>1813.945606</timestamp>
			</report>
			<report>
				<misses>287100001</misses>
				<total>0</total>
				<timestamp>1814.580150</timestamp>
			</report>
			<report>
				<misses>287200001</misses>
				<total>0</total>
				<timestamp>1815.214548</timestamp>
			</report>
			<report>
				<misses>287300001</misses>
				<total>0</total>
				<timestamp>1815.849410</timestamp>
			</report>
			<report>
				<misses>287400001</misses>
				<total>0</total>
				<timestamp>1816.483531</timestamp>
			</report>
			<report>
				<misses>287500001</misses>
				<total>0</total>
				<timestamp>1817.117730</timestamp>
			</report>
			<report>
				<misses>287600001</misses>
				<total>0</total>
				<timestamp>1817.752178</timestamp>
			</report>
			<report>
				<misses>287700001</misses>
				<total>0</total>
				<timestamp>1818.386202</timestamp>
			</report>
			<report>
				<misses>287800001</misses>
				<total>0</total>
				<timestamp>1819.025677</timestamp>
			</report>
			<report>
				<misses>287900001</misses>
				<total>0</total>
				<timestamp>1819.660215</timestamp>
			</report>
			<report>
				<misses>288000001</misses>
				<total>0</total>
				<timestamp>1820.294399</timestamp>
			</report>
			<report>
				<misses>288100001</misses>
				<total>0</total>
				<timestamp>1820.936446</timestamp>
			</report>
			<report>
				<misses>288200001</misses>
				<total>0</total>
				<timestamp>1821.572069</timestamp>
			</report>
			<report>
				<misses>288300001</misses>
				<total>0</total>
				<timestamp>1822.219290</timestamp>
			</report>
			<report>
				<misses>288400001</misses>
				<total>0</total>
				<timestamp>1822.854718</timestamp>
			</report>
			<report>
				<misses>288500001</misses>
				<total>0</total>
				<timestamp>1823.490598</timestamp>
			</report>
			<report>
				<misses>288600001</misses>
				<total>0</total>
				<timestamp>1824.125942</timestamp>
			</report>
			<report>
				<misses>288700001</misses>
				<total>0</total>
				<timestamp>1824.761023</timestamp>
			</report>
			<report>
				<misses>288800001</misses>
				<total>0</total>
				<timestamp>1825.412375</timestamp>
			</report>
			<report>
				<misses>288900001</misses>
				<total>0</total>
				<timestamp>1826.053308</timestamp>
			</report>
			<report>
				<misses>289000001</misses>
				<total>0</total>
				<timestamp>1826.687847</timestamp>
			</report>
			<report>
				<misses>289100001</misses>
				<total>0</total>
				<timestamp>1827.322122</timestamp>
			</report>
			<report>
				<misses>289200001</misses>
				<total>0</total>
				<timestamp>1827.956050</timestamp>
			</report>
			<report>
				<misses>289300001</misses>
				<total>0</total>
				<timestamp>1828.595037</timestamp>
			</report>
			<report>
				<misses>289400001</misses>
				<total>0</total>
				<timestamp>1829.230054</timestamp>
			</report>
			<report>
				<misses>289500001</misses>
				<total>0</total>
				<timestamp>1829.865455</timestamp>
			</report>
			<report>
				<misses>289600001</misses>
				<total>0</total>
				<timestamp>1830.499932</timestamp>
			</report>
			<report>
				<misses>289700001</misses>
				<total>0</total>
				<timestamp>1831.135841</timestamp>
			</report>
			<report>
				<misses>289800001</misses>
				<total>0</total>
				<timestamp>1831.770561</timestamp>
			</report>
			<report>
				<misses>289900001</misses>
				<total>0</total>
				<timestamp>1832.405707</timestamp>
			</report>
			<report>
				<misses>290000001</misses>
				<total>0</total>
				<timestamp>1833.041540</timestamp>
			</report>
			<report>
				<misses>290100001</misses>
				<total>0</total>
				<timestamp>1833.676236</timestamp>
			</report>
			<report>
				<misses>290200001</misses>
				<total>0</total>
				<timestamp>1834.312746</timestamp>
			</report>
			<report>
				<misses>290300001</misses>
				<total>0</total>
				<timestamp>1834.951330</timestamp>
			</report>
			<report>
				<misses>290400001</misses>
				<total>0</total>
				<timestamp>1835.611663</timestamp>
			</report>
			<report>
				<misses>290500001</misses>
				<total>0</total>
				<timestamp>1836.252730</timestamp>
			</report>
			<report>
				<misses>290600001</misses>
				<total>0</total>
				<timestamp>1836.887166</timestamp>
			</report>
			<report>
				<misses>290700001</misses>
				<total>0</total>
				<timestamp>1837.520965</timestamp>
			</report>
			<report>
				<misses>290800001</misses>
				<total>0</total>
				<timestamp>1838.156582</timestamp>
			</report>
			<report>
				<misses>290900001</misses>
				<total>0</total>
				<timestamp>1838.791871</timestamp>
			</report>
			<report>
				<misses>291000001</misses>
				<total>0</total>
				<timestamp>1839.424417</timestamp>
			</report>
			<report>
				<misses>291100001</misses>
				<total>0</total>
				<timestamp>1840.058271</timestamp>
			</report>
			<report>
				<misses>291200001</misses>
				<total>0</total>
				<timestamp>1840.690850</timestamp>
			</report>
			<report>
				<misses>291300001</misses>
				<total>0</total>
				<timestamp>1841.324082</timestamp>
			</report>
			<report>
				<misses>291400001</misses>
				<total>0</total>
				<timestamp>1841.957921</timestamp>
			</report>
			<report>
				<misses>291500001</misses>
				<total>0</total>
				<timestamp>1842.593578</timestamp>
			</report>
			<report>
				<misses>291600001</misses>
				<total>0</total>
				<timestamp>1843.227983</timestamp>
			</report>
			<report>
				<misses>291700001</misses>
				<total>0</total>
				<timestamp>1843.864184</timestamp>
			</report>
			<report>
				<misses>291800001</misses>
				<total>0</total>
				<timestamp>1844.498525</timestamp>
			</report>
			<report>
				<misses>291900001</misses>
				<total>0</total>
				<timestamp>1845.133336</timestamp>
			</report>
			<report>
				<misses>292000001</misses>
				<total>0</total>
				<timestamp>1845.770822</timestamp>
			</report>
			<report>
				<misses>292100001</misses>
				<total>0</total>
				<timestamp>1846.406296</timestamp>
			</report>
			<report>
				<misses>292200001</misses>
				<total>0</total>
				<timestamp>1847.042324</timestamp>
			</report>
			<report>
				<misses>292300001</misses>
				<total>0</total>
				<timestamp>1847.678614</timestamp>
			</report>
			<report>
				<misses>292400001</misses>
				<total>0</total>
				<timestamp>1848.313774</timestamp>
			</report>
			<report>
				<misses>292500001</misses>
				<total>0</total>
				<timestamp>1848.948923</timestamp>
			</report>
			<report>
				<misses>292600001</misses>
				<total>0</total>
				<timestamp>1849.583139</timestamp>
			</report>
			<report>
				<misses>292700001</misses>
				<total>0</total>
				<timestamp>1850.236003</timestamp>
			</report>
			<report>
				<misses>292800001</misses>
				<total>0</total>
				<timestamp>1850.873064</timestamp>
			</report>
			<report>
				<misses>292900001</misses>
				<total>0</total>
				<timestamp>1851.506223</timestamp>
			</report>
			<report>
				<misses>293000001</misses>
				<total>0</total>
				<timestamp>1852.140160</timestamp>
			</report>
			<report>
				<misses>293100001</misses>
				<total>0</total>
				<timestamp>1852.775368</timestamp>
			</report>
			<report>
				<misses>293200001</misses>
				<total>0</total>
				<timestamp>1853.411403</timestamp>
			</report>
			<report>
				<misses>293300001</misses>
				<total>0</total>
				<timestamp>1854.046849</timestamp>
			</report>
			<report>
				<misses>293400001</misses>
				<total>0</total>
				<timestamp>1854.682118</timestamp>
			</report>
			<report>
				<misses>293500001</misses>
				<total>0</total>
				<timestamp>1855.317671</timestamp>
			</report>
			<report>
				<misses>293600001</misses>
				<total>0</total>
				<timestamp>1855.952545</timestamp>
			</report>
			<report>
				<misses>293700001</misses>
				<total>0</total>
				<timestamp>1856.586320</timestamp>
			</report>
			<report>
				<misses>293800001</misses>
				<total>0</total>
				<timestamp>1857.220948</timestamp>
			</report>
			<report>
				<misses>293900001</misses>
				<total>0</total>
				<timestamp>1857.854558</timestamp>
			</report>
			<report>
				<misses>294000001</misses>
				<total>0</total>
				<timestamp>1858.488359</timestamp>
			</report>
			<report>
				<misses>294100001</misses>
				<total>0</total>
				<timestamp>1859.125462</timestamp>
			</report>
			<report>
				<misses>294200001</misses>
				<total>0</total>
				<timestamp>1859.760474</timestamp>
			</report>
			<report>
				<misses>294300001</misses>
				<total>0</total>
				<timestamp>1860.395364</timestamp>
			</report>
			<report>
				<misses>294400001</misses>
				<total>0</total>
				<timestamp>1861.030772</timestamp>
			</report>
			<report>
				<misses>294500001</misses>
				<total>0</total>
				<timestamp>1861.665865</timestamp>
			</report>
			<report>
				<misses>294600001</misses>
				<total>0</total>
				<timestamp>1862.303133</timestamp>
			</report>
			<report>
				<misses>294700001</misses>
				<total>0</total>
				<timestamp>1862.937674</timestamp>
			</report>
			<report>
				<misses>294800001</misses>
				<total>0</total>
				<timestamp>1863.573391</timestamp>
			</report>
			<report>
				<misses>294900001</misses>
				<total>0</total>
				<timestamp>1864.207146</timestamp>
			</report>
			<report>
				<misses>295000001</misses>
				<total>0</total>
				<timestamp>1864.841732</timestamp>
			</report>
			<report>
				<misses>295100001</misses>
				<total>0</total>
				<timestamp>1865.475219</timestamp>
			</report>
			<report>
				<misses>295200001</misses>
				<total>0</total>
				<timestamp>1866.108482</timestamp>
			</report>
			<report>
				<misses>295300001</misses>
				<total>0</total>
				<timestamp>1866.742461</timestamp>
			</report>
			<report>
				<misses>295400001</misses>
				<total>0</total>
				<timestamp>1867.377785</timestamp>
			</report>
			<report>
				<misses>295500001</misses>
				<total>0</total>
				<timestamp>1868.015089</timestamp>
			</report>
			<report>
				<misses>295600001</misses>
				<total>0</total>
				<timestamp>1868.649386</timestamp>
			</report>
			<report>
				<misses>295700001</misses>
				<total>0</total>
				<timestamp>1869.287670</timestamp>
			</report>
			<report>
				<misses>295800001</misses>
				<total>0</total>
				<timestamp>1869.922702</timestamp>
			</report>
			<report>
				<misses>295900001</misses>
				<total>0</total>
				<timestamp>1870.557469</timestamp>
			</report>
			<report>
				<misses>296000001</misses>
				<total>0</total>
				<timestamp>1871.192174</timestamp>
			</report>
			<report>
				<misses>296100001</misses>
				<total>0</total>
				<timestamp>1871.830106</timestamp>
			</report>
			<report>
				<misses>296200001</misses>
				<total>0</total>
				<timestamp>1872.465002</timestamp>
			</report>
			<report>
				<misses>296300001</misses>
				<total>0</total>
				<timestamp>1873.102482</timestamp>
			</report>
			<report>
				<misses>296400001</misses>
				<total>0</total>
				<timestamp>1873.739864</timestamp>
			</report>
			<report>
				<misses>296500001</misses>
				<total>0</total>
				<timestamp>1874.374682</timestamp>
			</report>
			<report>
				<misses>296600001</misses>
				<total>0</total>
				<timestamp>1875.010460</timestamp>
			</report>
			<report>
				<misses>296700001</misses>
				<total>0</total>
				<timestamp>1875.644302</timestamp>
			</report>
			<report>
				<misses>296800001</misses>
				<total>0</total>
				<timestamp>1876.285871</timestamp>
			</report>
			<report>
				<misses>296900001</misses>
				<total>0</total>
				<timestamp>1876.921622</timestamp>
			</report>
			<report>
				<misses>297000001</misses>
				<total>0</total>
				<timestamp>1877.554857</timestamp>
			</report>
			<report>
				<misses>297100001</misses>
				<total>0</total>
				<timestamp>1878.189375</timestamp>
			</report>
			<report>
				<misses>297200001</misses>
				<total>0</total>
				<timestamp>1878.826709</timestamp>
			</report>
			<report>
				<misses>297300001</misses>
				<total>0</total>
				<timestamp>1879.460598</timestamp>
			</report>
			<report>
				<misses>297400001</misses>
				<total>0</total>
				<timestamp>1880.098161</timestamp>
			</report>
			<report>
				<misses>297500001</misses>
				<total>0</total>
				<timestamp>1880.733023</timestamp>
			</report>
			<report>
				<misses>297600001</misses>
				<total>0</total>
				<timestamp>1881.366577</timestamp>
			</report>
			<report>
				<misses>297700001</misses>
				<total>0</total>
				<timestamp>1882.001120</timestamp>
			</report>
			<report>
				<misses>297800001</misses>
				<total>0</total>
				<timestamp>1882.635524</timestamp>
			</report>
			<report>
				<misses>297900001</misses>
				<total>0</total>
				<timestamp>1883.270016</timestamp>
			</report>
			<report>
				<misses>298000001</misses>
				<total>0</total>
				<timestamp>1883.905041</timestamp>
			</report>
			<report>
				<misses>298100001</misses>
				<total>0</total>
				<timestamp>1884.539806</timestamp>
			</report>
			<report>
				<misses>298200001</misses>
				<total>0</total>
				<timestamp>1885.176568</timestamp>
			</report>
			<report>
				<misses>298300001</misses>
				<total>0</total>
				<timestamp>1885.812952</timestamp>
			</report>
			<report>
				<misses>298400001</misses>
				<total>0</total>
				<timestamp>1886.447433</timestamp>
			</report>
			<report>
				<misses>298500001</misses>
				<total>0</total>
				<timestamp>1887.090899</timestamp>
			</report>
			<report>
				<misses>298600001</misses>
				<total>0</total>
				<timestamp>1887.738289</timestamp>
			</report>
			<report>
				<misses>298700001</misses>
				<total>0</total>
				<timestamp>1888.383173</timestamp>
			</report>
			<report>
				<misses>298800001</misses>
				<total>0</total>
				<timestamp>1889.031958</timestamp>
			</report>
			<report>
				<misses>298900001</misses>
				<total>0</total>
				<timestamp>1889.677730</timestamp>
			</report>
			<report>
				<misses>299000001</misses>
				<total>0</total>
				<timestamp>1890.323310</timestamp>
			</report>
			<report>
				<misses>299100001</misses>
				<total>0</total>
				<timestamp>1890.970024</timestamp>
			</report>
			<report>
				<misses>299200001</misses>
				<total>0</total>
				<timestamp>1891.616537</timestamp>
			</report>
			<report>
				<misses>299300001</misses>
				<total>0</total>
				<timestamp>1892.251676</timestamp>
			</report>
			<report>
				<misses>299400001</misses>
				<total>0</total>
				<timestamp>1892.881295</timestamp>
			</report>
			<report>
				<misses>299500001</misses>
				<total>0</total>
				<timestamp>1893.510403</timestamp>
			</report>
			<report>
				<misses>299600001</misses>
				<total>0</total>
				<timestamp>1894.139207</timestamp>
			</report>
			<report>
				<misses>299700001</misses>
				<total>0</total>
				<timestamp>1894.765055</timestamp>
			</report>
			<report>
				<misses>299800001</misses>
				<total>0</total>
				<timestamp>1895.388827</timestamp>
			</report>
			<report>
				<misses>299900001</misses>
				<total>0</total>
				<timestamp>1896.011056</timestamp>
			</report>
			<report>
				<misses>300000001</misses>
				<total>0</total>
				<timestamp>1896.634069</timestamp>
			</report>
			<report>
				<misses>300100001</misses>
				<total>0</total>
				<timestamp>1897.257506</timestamp>
			</report>
			<report>
				<misses>300200001</misses>
				<total>0</total>
				<timestamp>1897.879661</timestamp>
			</report>
			<report>
				<misses>300300001</misses>
				<total>0</total>
				<timestamp>1898.503746</timestamp>
			</report>
			<report>
				<misses>300400001</misses>
				<total>0</total>
				<timestamp>1899.126713</timestamp>
			</report>
			<report>
				<misses>300500001</misses>
				<total>0</total>
				<timestamp>1899.750624</timestamp>
			</report>
			<report>
				<misses>300600001</misses>
				<total>0</total>
				<timestamp>1900.374008</timestamp>
			</report>
			<report>
				<misses>300700001</misses>
				<total>0</total>
				<timestamp>1900.997361</timestamp>
			</report>
			<report>
				<misses>300800001</misses>
				<total>0</total>
				<timestamp>1901.620620</timestamp>
			</report>
			<report>
				<misses>300900001</misses>
				<total>0</total>
				<timestamp>1902.244869</timestamp>
			</report>
			<report>
				<misses>301000001</misses>
				<total>0</total>
				<timestamp>1902.868450</timestamp>
			</report>
			<report>
				<misses>301100001</misses>
				<total>0</total>
				<timestamp>1903.491064</timestamp>
			</report>
			<report>
				<misses>301200001</misses>
				<total>0</total>
				<timestamp>1904.115757</timestamp>
			</report>
			<report>
				<misses>301300001</misses>
				<total>0</total>
				<timestamp>1904.740774</timestamp>
			</report>
			<report>
				<misses>301400001</misses>
				<total>0</total>
				<timestamp>1905.363854</timestamp>
			</report>
			<report>
				<misses>301500001</misses>
				<total>0</total>
				<timestamp>1905.985790</timestamp>
			</report>
			<report>
				<misses>301600001</misses>
				<total>0</total>
				<timestamp>1906.610811</timestamp>
			</report>
			<report>
				<misses>301700001</misses>
				<total>0</total>
				<timestamp>1907.234494</timestamp>
			</report>
			<report>
				<misses>301800001</misses>
				<total>0</total>
				<timestamp>1907.857951</timestamp>
			</report>
			<report>
				<misses>301900001</misses>
				<total>0</total>
				<timestamp>1908.482040</timestamp>
			</report>
			<report>
				<misses>302000001</misses>
				<total>0</total>
				<timestamp>1909.105384</timestamp>
			</report>
			<report>
				<misses>302100001</misses>
				<total>0</total>
				<timestamp>1909.731198</timestamp>
			</report>
			<report>
				<misses>302200001</misses>
				<total>0</total>
				<timestamp>1910.379266</timestamp>
			</report>
			<report>
				<misses>302300001</misses>
				<total>0</total>
				<timestamp>1911.003263</timestamp>
			</report>
			<report>
				<misses>302400001</misses>
				<total>0</total>
				<timestamp>1911.628600</timestamp>
			</report>
			<report>
				<misses>302500001</misses>
				<total>0</total>
				<timestamp>1912.251992</timestamp>
			</report>
			<report>
				<misses>302600001</misses>
				<total>0</total>
				<timestamp>1912.876939</timestamp>
			</report>
			<report>
				<misses>302700001</misses>
				<total>0</total>
				<timestamp>1913.500723</timestamp>
			</report>
			<report>
				<misses>302800001</misses>
				<total>0</total>
				<timestamp>1914.127278</timestamp>
			</report>
			<report>
				<misses>302900001</misses>
				<total>0</total>
				<timestamp>1914.755468</timestamp>
			</report>
			<report>
				<misses>303000001</misses>
				<total>0</total>
				<timestamp>1915.381772</timestamp>
			</report>
			<report>
				<misses>303100001</misses>
				<total>0</total>
				<timestamp>1916.006088</timestamp>
			</report>
			<report>
				<misses>303200001</misses>
				<total>0</total>
				<timestamp>1916.632435</timestamp>
			</report>
			<report>
				<misses>303300001</misses>
				<total>0</total>
				<timestamp>1917.257379</timestamp>
			</report>
			<report>
				<misses>303400001</misses>
				<total>0</total>
				<timestamp>1917.900316</timestamp>
			</report>
			<report>
				<misses>303500001</misses>
				<total>0</total>
				<timestamp>1918.527071</timestamp>
			</report>
			<report>
				<misses>303600001</misses>
				<total>0</total>
				<timestamp>1919.155684</timestamp>
			</report>
			<report>
				<misses>303700001</misses>
				<total>0</total>
				<timestamp>1919.782156</timestamp>
			</report>
			<report>
				<misses>303800001</misses>
				<total>0</total>
				<timestamp>1920.404546</timestamp>
			</report>
			<report>
				<misses>303900001</misses>
				<total>0</total>
				<timestamp>1921.030103</timestamp>
			</report>
			<report>
				<misses>304000001</misses>
				<total>0</total>
				<timestamp>1921.652668</timestamp>
			</report>
			<report>
				<misses>304100001</misses>
				<total>0</total>
				<timestamp>1922.296437</timestamp>
			</report>
			<report>
				<misses>304200001</misses>
				<total>0</total>
				<timestamp>1922.920811</timestamp>
			</report>
			<report>
				<misses>304300001</misses>
				<total>0</total>
				<timestamp>1923.543335</timestamp>
			</report>
			<report>
				<misses>304400001</misses>
				<total>0</total>
				<timestamp>1924.166008</timestamp>
			</report>
			<report>
				<misses>304500001</misses>
				<total>0</total>
				<timestamp>1924.791016</timestamp>
			</report>
			<report>
				<misses>304600001</misses>
				<total>0</total>
				<timestamp>1925.416168</timestamp>
			</report>
			<report>
				<misses>304700001</misses>
				<total>0</total>
				<timestamp>1926.040366</timestamp>
			</report>
			<report>
				<misses>304800001</misses>
				<total>0</total>
				<timestamp>1926.664652</timestamp>
			</report>
			<report>
				<misses>304900001</misses>
				<total>0</total>
				<timestamp>1927.290280</timestamp>
			</report>
			<report>
				<misses>305000001</misses>
				<total>0</total>
				<timestamp>1927.919963</timestamp>
			</report>
			<report>
				<misses>305100001</misses>
				<total>0</total>
				<timestamp>1928.543303</timestamp>
			</report>
			<report>
				<misses>305200001</misses>
				<total>0</total>
				<timestamp>1929.166605</timestamp>
			</report>
			<report>
				<misses>305300001</misses>
				<total>0</total>
				<timestamp>1929.788816</timestamp>
			</report>
			<report>
				<misses>305400001</misses>
				<total>0</total>
				<timestamp>1930.412107</timestamp>
			</report>
			<report>
				<misses>305500001</misses>
				<total>0</total>
				<timestamp>1931.040126</timestamp>
			</report>
			<report>
				<misses>305600001</misses>
				<total>0</total>
				<timestamp>1931.663512</timestamp>
			</report>
			<report>
				<misses>305700001</misses>
				<total>0</total>
				<timestamp>1932.286636</timestamp>
			</report>
			<report>
				<misses>305800001</misses>
				<total>0</total>
				<timestamp>1932.909531</timestamp>
			</report>
			<report>
				<misses>305900001</misses>
				<total>0</total>
				<timestamp>1933.533231</timestamp>
			</report>
			<report>
				<misses>306000001</misses>
				<total>0</total>
				<timestamp>1934.156908</timestamp>
			</report>
			<report>
				<misses>306100001</misses>
				<total>0</total>
				<timestamp>1934.779797</timestamp>
			</report>
			<report>
				<misses>306200001</misses>
				<total>0</total>
				<timestamp>1935.403153</timestamp>
			</report>
			<report>
				<misses>306300001</misses>
				<total>0</total>
				<timestamp>1936.028251</timestamp>
			</report>
			<report>
				<misses>306400001</misses>
				<total>0</total>
				<timestamp>1936.650759</timestamp>
			</report>
			<report>
				<misses>306500001</misses>
				<total>0</total>
				<timestamp>1937.273885</timestamp>
			</report>
			<report>
				<misses>306600001</misses>
				<total>0</total>
				<timestamp>1937.898278</timestamp>
			</report>
			<report>
				<misses>306700001</misses>
				<total>0</total>
				<timestamp>1938.521057</timestamp>
			</report>
			<report>
				<misses>306800001</misses>
				<total>0</total>
				<timestamp>1939.145462</timestamp>
			</report>
			<report>
				<misses>306900001</misses>
				<total>0</total>
				<timestamp>1939.768151</timestamp>
			</report>
			<report>
				<misses>307000001</misses>
				<total>0</total>
				<timestamp>1940.391692</timestamp>
			</report>
			<report>
				<misses>307100001</misses>
				<total>0</total>
				<timestamp>1941.014682</timestamp>
			</report>
			<report>
				<misses>307200001</misses>
				<total>0</total>
				<timestamp>1941.638981</timestamp>
			</report>
			<report>
				<misses>307300001</misses>
				<total>0</total>
				<timestamp>1942.265761</timestamp>
			</report>
			<report>
				<misses>307400001</misses>
				<total>0</total>
				<timestamp>1942.888256</timestamp>
			</report>
			<report>
				<misses>307500001</misses>
				<total>0</total>
				<timestamp>1943.509503</timestamp>
			</report>
			<report>
				<misses>307600001</misses>
				<total>0</total>
				<timestamp>1944.135610</timestamp>
			</report>
			<report>
				<misses>307700001</misses>
				<total>0</total>
				<timestamp>1944.759220</timestamp>
			</report>
			<report>
				<misses>307800001</misses>
				<total>0</total>
				<timestamp>1945.384593</timestamp>
			</report>
			<report>
				<misses>307900001</misses>
				<total>0</total>
				<timestamp>1946.008878</timestamp>
			</report>
			<report>
				<misses>308000001</misses>
				<total>0</total>
				<timestamp>1946.633584</timestamp>
			</report>
			<report>
				<misses>308100001</misses>
				<total>0</total>
				<timestamp>1947.257710</timestamp>
			</report>
			<report>
				<misses>308200001</misses>
				<total>0</total>
				<timestamp>1947.882267</timestamp>
			</report>
			<report>
				<misses>308300001</misses>
				<total>0</total>
				<timestamp>1948.505740</timestamp>
			</report>
			<report>
				<misses>308400001</misses>
				<total>0</total>
				<timestamp>1949.132529</timestamp>
			</report>
			<report>
				<misses>308500001</misses>
				<total>0</total>
				<timestamp>1949.760824</timestamp>
			</report>
			<report>
				<misses>308600001</misses>
				<total>0</total>
				<timestamp>1950.385411</timestamp>
			</report>
			<report>
				<misses>308700001</misses>
				<total>0</total>
				<timestamp>1951.008574</timestamp>
			</report>
			<report>
				<misses>308800001</misses>
				<total>0</total>
				<timestamp>1951.629222</timestamp>
			</report>
			<report>
				<misses>308900001</misses>
				<total>0</total>
				<timestamp>1952.252793</timestamp>
			</report>
			<report>
				<misses>309000001</misses>
				<total>0</total>
				<timestamp>1952.876431</timestamp>
			</report>
			<report>
				<misses>309100001</misses>
				<total>0</total>
				<timestamp>1953.499340</timestamp>
			</report>
			<report>
				<misses>309200001</misses>
				<total>0</total>
				<timestamp>1954.122929</timestamp>
			</report>
			<report>
				<misses>309300001</misses>
				<total>0</total>
				<timestamp>1954.752581</timestamp>
			</report>
			<report>
				<misses>309400001</misses>
				<total>0</total>
				<timestamp>1955.376549</timestamp>
			</report>
			<report>
				<misses>309500001</misses>
				<total>0</total>
				<timestamp>1956.004927</timestamp>
			</report>
			<report>
				<misses>309600001</misses>
				<total>0</total>
				<timestamp>1956.631958</timestamp>
			</report>
			<report>
				<misses>309700001</misses>
				<total>0</total>
				<timestamp>1957.258118</timestamp>
			</report>
			<report>
				<misses>309800001</misses>
				<total>0</total>
				<timestamp>1957.883596</timestamp>
			</report>
			<report>
				<misses>309900001</misses>
				<total>0</total>
				<timestamp>1958.509457</timestamp>
			</report>
			<report>
				<misses>310000001</misses>
				<total>0</total>
				<timestamp>1959.137662</timestamp>
			</report>
			<report>
				<misses>310100001</misses>
				<total>0</total>
				<timestamp>1959.766650</timestamp>
			</report>
			<report>
				<misses>310200001</misses>
				<total>0</total>
				<timestamp>1960.396486</timestamp>
			</report>
			<report>
				<misses>310300001</misses>
				<total>0</total>
				<timestamp>1961.029721</timestamp>
			</report>
			<report>
				<misses>310400001</misses>
				<total>0</total>
				<timestamp>1961.680806</timestamp>
			</report>
			<report>
				<misses>310500001</misses>
				<total>0</total>
				<timestamp>1962.316385</timestamp>
			</report>
			<report>
				<misses>310600001</misses>
				<total>0</total>
				<timestamp>1962.953480</timestamp>
			</report>
			<report>
				<misses>310700001</misses>
				<total>0</total>
				<timestamp>1963.579004</timestamp>
			</report>
			<report>
				<misses>310800001</misses>
				<total>0</total>
				<timestamp>1964.208585</timestamp>
			</report>
			<report>
				<misses>310900001</misses>
				<total>0</total>
				<timestamp>1964.833708</timestamp>
			</report>
			<report>
				<misses>311000001</misses>
				<total>0</total>
				<timestamp>1965.459143</timestamp>
			</report>
			<report>
				<misses>311100001</misses>
				<total>0</total>
				<timestamp>1966.084317</timestamp>
			</report>
			<report>
				<misses>311200001</misses>
				<total>0</total>
				<timestamp>1966.709651</timestamp>
			</report>
			<report>
				<misses>311300001</misses>
				<total>0</total>
				<timestamp>1967.334975</timestamp>
			</report>
			<report>
				<misses>311400001</misses>
				<total>0</total>
				<timestamp>1967.966432</timestamp>
			</report>
			<report>
				<misses>311500001</misses>
				<total>0</total>
				<timestamp>1968.593745</timestamp>
			</report>
			<report>
				<misses>311600001</misses>
				<total>0</total>
				<timestamp>1969.222660</timestamp>
			</report>
			<report>
				<misses>311700001</misses>
				<total>0</total>
				<timestamp>1969.849800</timestamp>
			</report>
			<report>
				<misses>311800001</misses>
				<total>0</total>
				<timestamp>1970.476080</timestamp>
			</report>
			<report>
				<misses>311900001</misses>
				<total>0</total>
				<timestamp>1971.102115</timestamp>
			</report>
			<report>
				<misses>312000001</misses>
				<total>0</total>
				<timestamp>1971.738157</timestamp>
			</report>
			<report>
				<misses>312100001</misses>
				<total>0</total>
				<timestamp>1972.367229</timestamp>
			</report>
			<report>
				<misses>312200001</misses>
				<total>0</total>
				<timestamp>1973.001476</timestamp>
			</report>
			<report>
				<misses>312300001</misses>
				<total>0</total>
				<timestamp>1973.627653</timestamp>
			</report>
			<report>
				<misses>312400001</misses>
				<total>0</total>
				<timestamp>1974.268251</timestamp>
			</report>
			<report>
				<misses>312500001</misses>
				<total>0</total>
				<timestamp>1974.894561</timestamp>
			</report>
			<report>
				<misses>312600001</misses>
				<total>0</total>
				<timestamp>1975.521281</timestamp>
			</report>
			<report>
				<misses>312700001</misses>
				<total>0</total>
				<timestamp>1976.157035</timestamp>
			</report>
			<report>
				<misses>312800001</misses>
				<total>0</total>
				<timestamp>1976.782997</timestamp>
			</report>
			<report>
				<misses>312900001</misses>
				<total>0</total>
				<timestamp>1977.416250</timestamp>
			</report>
			<report>
				<misses>313000001</misses>
				<total>0</total>
				<timestamp>1978.051026</timestamp>
			</report>
			<report>
				<misses>313100001</misses>
				<total>0</total>
				<timestamp>1978.708793</timestamp>
			</report>
			<report>
				<misses>313200001</misses>
				<total>0</total>
				<timestamp>1979.346413</timestamp>
			</report>
			<report>
				<misses>313300001</misses>
				<total>0</total>
				<timestamp>1979.982034</timestamp>
			</report>
			<report>
				<misses>313400001</misses>
				<total>0</total>
				<timestamp>1980.613452</timestamp>
			</report>
			<report>
				<misses>313500001</misses>
				<total>0</total>
				<timestamp>1981.247776</timestamp>
			</report>
			<report>
				<misses>313600001</misses>
				<total>0</total>
				<timestamp>1981.887426</timestamp>
			</report>
			<report>
				<misses>313700001</misses>
				<total>0</total>
				<timestamp>1982.513088</timestamp>
			</report>
			<report>
				<misses>313800001</misses>
				<total>0</total>
				<timestamp>1983.141010</timestamp>
			</report>
			<report>
				<misses>313900001</misses>
				<total>0</total>
				<timestamp>1983.783542</timestamp>
			</report>
			<report>
				<misses>314000001</misses>
				<total>0</total>
				<timestamp>1984.428702</timestamp>
			</report>
			<report>
				<misses>314100001</misses>
				<total>0</total>
				<timestamp>1985.086115</timestamp>
			</report>
			<report>
				<misses>314200001</misses>
				<total>0</total>
				<timestamp>1985.717649</timestamp>
			</report>
			<report>
				<misses>314300001</misses>
				<total>0</total>
				<timestamp>1986.363508</timestamp>
			</report>
			<report>
				<misses>314400001</misses>
				<total>0</total>
				<timestamp>1986.988964</timestamp>
			</report>
			<report>
				<misses>314500001</misses>
				<total>0</total>
				<timestamp>1987.628340</timestamp>
			</report>
			<report>
				<misses>314600001</misses>
				<total>0</total>
				<timestamp>1988.280637</timestamp>
			</report>
			<report>
				<misses>314700001</misses>
				<total>0</total>
				<timestamp>1988.925268</timestamp>
			</report>
			<report>
				<misses>314800001</misses>
				<total>0</total>
				<timestamp>1989.578263</timestamp>
			</report>
			<report>
				<misses>314900001</misses>
				<total>0</total>
				<timestamp>1990.208858</timestamp>
			</report>
			<report>
				<misses>315000001</misses>
				<total>0</total>
				<timestamp>1990.839382</timestamp>
			</report>
			<report>
				<misses>315100001</misses>
				<total>0</total>
				<timestamp>1991.470296</timestamp>
			</report>
			<report>
				<misses>315200001</misses>
				<total>0</total>
				<timestamp>1992.118473</timestamp>
			</report>
			<report>
				<misses>315300001</misses>
				<total>0</total>
				<timestamp>1992.759403</timestamp>
			</report>
			<report>
				<misses>315400001</misses>
				<total>0</total>
				<timestamp>1993.385679</timestamp>
			</report>
			<report>
				<misses>315500001</misses>
				<total>0</total>
				<timestamp>1994.017709</timestamp>
			</report>
			<report>
				<misses>315600001</misses>
				<total>0</total>
				<timestamp>1994.648857</timestamp>
			</report>
			<report>
				<misses>315700001</misses>
				<total>0</total>
				<timestamp>1995.282365</timestamp>
			</report>
			<report>
				<misses>315800001</misses>
				<total>0</total>
				<timestamp>1995.924138</timestamp>
			</report>
			<report>
				<misses>315900001</misses>
				<total>0</total>
				<timestamp>1996.555814</timestamp>
			</report>
			<report>
				<misses>316000001</misses>
				<total>0</total>
				<timestamp>1997.186915</timestamp>
			</report>
			<report>
				<misses>316100001</misses>
				<total>0</total>
				<timestamp>1997.825590</timestamp>
			</report>
			<report>
				<misses>316200001</misses>
				<total>0</total>
				<timestamp>1998.456085</timestamp>
			</report>
			<report>
				<misses>316300001</misses>
				<total>0</total>
				<timestamp>1999.086396</timestamp>
			</report>
			<report>
				<misses>316400001</misses>
				<total>0</total>
				<timestamp>1999.717336</timestamp>
			</report>
			<report>
				<misses>316500001</misses>
				<total>0</total>
				<timestamp>2000.348287</timestamp>
			</report>
			<report>
				<misses>316600001</misses>
				<total>0</total>
				<timestamp>2000.979183</timestamp>
			</report>
			<report>
				<misses>316700001</misses>
				<total>0</total>
				<timestamp>2001.610343</timestamp>
			</report>
			<report>
				<misses>316800001</misses>
				<total>0</total>
				<timestamp>2002.241503</timestamp>
			</report>
			<report>
				<misses>316900001</misses>
				<total>0</total>
				<timestamp>2002.872615</timestamp>
			</report>
			<report>
				<misses>317000001</misses>
				<total>0</total>
				<timestamp>2003.503942</timestamp>
			</report>
			<report>
				<misses>317100001</misses>
				<total>0</total>
				<timestamp>2004.134378</timestamp>
			</report>
			<report>
				<misses>317200001</misses>
				<total>0</total>
				<timestamp>2004.764996</timestamp>
			</report>
			<report>
				<misses>317300001</misses>
				<total>0</total>
				<timestamp>2005.394835</timestamp>
			</report>
			<report>
				<misses>317400001</misses>
				<total>0</total>
				<timestamp>2006.024241</timestamp>
			</report>
			<report>
				<misses>317500001</misses>
				<total>0</total>
				<timestamp>2006.653477</timestamp>
			</report>
			<report>
				<misses>317600001</misses>
				<total>0</total>
				<timestamp>2007.283586</timestamp>
			</report>
			<report>
				<misses>317700001</misses>
				<total>0</total>
				<timestamp>2007.913202</timestamp>
			</report>
			<report>
				<misses>317800001</misses>
				<total>0</total>
				<timestamp>2008.543616</timestamp>
			</report>
			<report>
				<misses>317900001</misses>
				<total>0</total>
				<timestamp>2009.174337</timestamp>
			</report>
			<report>
				<misses>318000001</misses>
				<total>0</total>
				<timestamp>2009.803892</timestamp>
			</report>
			<report>
				<misses>318100001</misses>
				<total>0</total>
				<timestamp>2010.432668</timestamp>
			</report>
			<report>
				<misses>318200001</misses>
				<total>0</total>
				<timestamp>2011.062054</timestamp>
			</report>
			<report>
				<misses>318300001</misses>
				<total>0</total>
				<timestamp>2011.691295</timestamp>
			</report>
			<report>
				<misses>318400001</misses>
				<total>0</total>
				<timestamp>2012.320842</timestamp>
			</report>
			<report>
				<misses>318500001</misses>
				<total>0</total>
				<timestamp>2012.950268</timestamp>
			</report>
			<report>
				<misses>318600001</misses>
				<total>0</total>
				<timestamp>2013.580285</timestamp>
			</report>
			<report>
				<misses>318700001</misses>
				<total>0</total>
				<timestamp>2014.210209</timestamp>
			</report>
			<report>
				<misses>318800001</misses>
				<total>0</total>
				<timestamp>2014.840092</timestamp>
			</report>
			<report>
				<misses>318900001</misses>
				<total>0</total>
				<timestamp>2015.469970</timestamp>
			</report>
			<report>
				<misses>319000001</misses>
				<total>0</total>
				<timestamp>2016.099387</timestamp>
			</report>
			<report>
				<misses>319100001</misses>
				<total>0</total>
				<timestamp>2016.730661</timestamp>
			</report>
			<report>
				<misses>319200001</misses>
				<total>0</total>
				<timestamp>2017.362866</timestamp>
			</report>
			<report>
				<misses>319300001</misses>
				<total>0</total>
				<timestamp>2017.992241</timestamp>
			</report>
			<report>
				<misses>319400001</misses>
				<total>0</total>
				<timestamp>2018.622670</timestamp>
			</report>
			<report>
				<misses>319500001</misses>
				<total>0</total>
				<timestamp>2019.252286</timestamp>
			</report>
			<report>
				<misses>319600001</misses>
				<total>0</total>
				<timestamp>2019.880839</timestamp>
			</report>
			<report>
				<misses>319700001</misses>
				<total>0</total>
				<timestamp>2020.509319</timestamp>
			</report>
			<report>
				<misses>319800001</misses>
				<total>0</total>
				<timestamp>2021.142431</timestamp>
			</report>
			<report>
				<misses>319900001</misses>
				<total>0</total>
				<timestamp>2021.775769</timestamp>
			</report>
			<report>
				<misses>320000001</misses>
				<total>0</total>
				<timestamp>2022.408753</timestamp>
			</report>
			<report>
				<misses>320100001</misses>
				<total>0</total>
				<timestamp>2023.041919</timestamp>
			</report>
			<report>
				<misses>320200001</misses>
				<total>0</total>
				<timestamp>2023.675069</timestamp>
			</report>
			<report>
				<misses>320300001</misses>
				<total>0</total>
				<timestamp>2024.308347</timestamp>
			</report>
			<report>
				<misses>320400001</misses>
				<total>0</total>
				<timestamp>2024.941024</timestamp>
			</report>
			<report>
				<misses>320500001</misses>
				<total>0</total>
				<timestamp>2025.573935</timestamp>
			</report>
			<report>
				<misses>320600001</misses>
				<total>0</total>
				<timestamp>2026.206903</timestamp>
			</report>
			<report>
				<misses>320700001</misses>
				<total>0</total>
				<timestamp>2026.853413</timestamp>
			</report>
			<report>
				<misses>320800001</misses>
				<total>0</total>
				<timestamp>2027.486929</timestamp>
			</report>
			<report>
				<misses>320900001</misses>
				<total>0</total>
				<timestamp>2028.124647</timestamp>
			</report>
			<report>
				<misses>321000001</misses>
				<total>0</total>
				<timestamp>2028.761122</timestamp>
			</report>
			<report>
				<misses>321100001</misses>
				<total>0</total>
				<timestamp>2029.397692</timestamp>
			</report>
			<report>
				<misses>321200001</misses>
				<total>0</total>
				<timestamp>2030.034447</timestamp>
			</report>
			<report>
				<misses>321300001</misses>
				<total>0</total>
				<timestamp>2030.671182</timestamp>
			</report>
			<report>
				<misses>321400001</misses>
				<total>0</total>
				<timestamp>2031.307540</timestamp>
			</report>
			<report>
				<misses>321500001</misses>
				<total>0</total>
				<timestamp>2031.950978</timestamp>
			</report>
			<report>
				<misses>321600001</misses>
				<total>0</total>
				<timestamp>2032.586173</timestamp>
			</report>
			<report>
				<misses>321700001</misses>
				<total>0</total>
				<timestamp>2033.220736</timestamp>
			</report>
			<report>
				<misses>321800001</misses>
				<total>0</total>
				<timestamp>2033.856016</timestamp>
			</report>
			<report>
				<misses>321900001</misses>
				<total>0</total>
				<timestamp>2034.490831</timestamp>
			</report>
			<report>
				<misses>322000001</misses>
				<total>0</total>
				<timestamp>2035.126167</timestamp>
			</report>
			<report>
				<misses>322100001</misses>
				<total>0</total>
				<timestamp>2035.761734</timestamp>
			</report>
			<report>
				<misses>322200001</misses>
				<total>0</total>
				<timestamp>2036.396042</timestamp>
			</report>
			<report>
				<misses>322300001</misses>
				<total>0</total>
				<timestamp>2037.041518</timestamp>
			</report>
			<report>
				<misses>322400001</misses>
				<total>0</total>
				<timestamp>2037.675516</timestamp>
			</report>
			<report>
				<misses>322500001</misses>
				<total>0</total>
				<timestamp>2038.310080</timestamp>
			</report>
			<report>
				<misses>322600001</misses>
				<total>0</total>
				<timestamp>2038.944567</timestamp>
			</report>
			<report>
				<misses>322700001</misses>
				<total>0</total>
				<timestamp>2039.578581</timestamp>
			</report>
			<report>
				<misses>322800001</misses>
				<total>0</total>
				<timestamp>2040.213322</timestamp>
			</report>
			<report>
				<misses>322900001</misses>
				<total>0</total>
				<timestamp>2040.847894</timestamp>
			</report>
			<report>
				<misses>323000001</misses>
				<total>0</total>
				<timestamp>2041.481918</timestamp>
			</report>
			<report>
				<misses>323100001</misses>
				<total>0</total>
				<timestamp>2042.115869</timestamp>
			</report>
			<report>
				<misses>323200001</misses>
				<total>0</total>
				<timestamp>2042.750619</timestamp>
			</report>
			<report>
				<misses>323300001</misses>
				<total>0</total>
				<timestamp>2043.384350</timestamp>
			</report>
			<report>
				<misses>323400001</misses>
				<total>0</total>
				<timestamp>2044.018758</timestamp>
			</report>
			<report>
				<misses>323500001</misses>
				<total>0</total>
				<timestamp>2044.651975</timestamp>
			</report>
			<report>
				<misses>323600001</misses>
				<total>0</total>
				<timestamp>2045.286467</timestamp>
			</report>
			<report>
				<misses>323700001</misses>
				<total>0</total>
				<timestamp>2045.921541</timestamp>
			</report>
			<report>
				<misses>323800001</misses>
				<total>0</total>
				<timestamp>2046.556194</timestamp>
			</report>
			<report>
				<misses>323900001</misses>
				<total>0</total>
				<timestamp>2047.192732</timestamp>
			</report>
			<report>
				<misses>324000001</misses>
				<total>0</total>
				<timestamp>2047.829942</timestamp>
			</report>
			<report>
				<misses>324100001</misses>
				<total>0</total>
				<timestamp>2048.464490</timestamp>
			</report>
			<report>
				<misses>324200001</misses>
				<total>0</total>
				<timestamp>2049.098643</timestamp>
			</report>
			<report>
				<misses>324300001</misses>
				<total>0</total>
				<timestamp>2049.733043</timestamp>
			</report>
			<report>
				<misses>324400001</misses>
				<total>0</total>
				<timestamp>2050.367715</timestamp>
			</report>
			<report>
				<misses>324500001</misses>
				<total>0</total>
				<timestamp>2051.007492</timestamp>
			</report>
			<report>
				<misses>324600001</misses>
				<total>0</total>
				<timestamp>2051.641675</timestamp>
			</report>
			<report>
				<misses>324700001</misses>
				<total>0</total>
				<timestamp>2052.276245</timestamp>
			</report>
			<report>
				<misses>324800001</misses>
				<total>0</total>
				<timestamp>2052.911281</timestamp>
			</report>
			<report>
				<misses>324900001</misses>
				<total>0</total>
				<timestamp>2053.546171</timestamp>
			</report>
			<report>
				<misses>325000001</misses>
				<total>0</total>
				<timestamp>2054.181186</timestamp>
			</report>
			<report>
				<misses>325100001</misses>
				<total>0</total>
				<timestamp>2054.824813</timestamp>
			</report>
			<report>
				<misses>325200001</misses>
				<total>0</total>
				<timestamp>2055.460312</timestamp>
			</report>
			<report>
				<misses>325300001</misses>
				<total>0</total>
				<timestamp>2056.093985</timestamp>
			</report>
			<report>
				<misses>325400001</misses>
				<total>0</total>
				<timestamp>2056.727173</timestamp>
			</report>
			<report>
				<misses>325500001</misses>
				<total>0</total>
				<timestamp>2057.360919</timestamp>
			</report>
			<report>
				<misses>325600001</misses>
				<total>0</total>
				<timestamp>2058.005624</timestamp>
			</report>
			<report>
				<misses>325700001</misses>
				<total>0</total>
				<timestamp>2058.639850</timestamp>
			</report>
			<report>
				<misses>325800001</misses>
				<total>0</total>
				<timestamp>2059.275702</timestamp>
			</report>
			<report>
				<misses>325900001</misses>
				<total>0</total>
				<timestamp>2059.909909</timestamp>
			</report>
			<report>
				<misses>326000001</misses>
				<total>0</total>
				<timestamp>2060.543870</timestamp>
			</report>
			<report>
				<misses>326100001</misses>
				<total>0</total>
				<timestamp>2061.212837</timestamp>
			</report>
			<report>
				<misses>326200001</misses>
				<total>0</total>
				<timestamp>2061.847553</timestamp>
			</report>
			<report>
				<misses>326300001</misses>
				<total>0</total>
				<timestamp>2062.481321</timestamp>
			</report>
			<report>
				<misses>326400001</misses>
				<total>0</total>
				<timestamp>2063.121875</timestamp>
			</report>
			<report>
				<misses>326500001</misses>
				<total>0</total>
				<timestamp>2063.756909</timestamp>
			</report>
			<report>
				<misses>326600001</misses>
				<total>0</total>
				<timestamp>2064.392258</timestamp>
			</report>
			<report>
				<misses>326700001</misses>
				<total>0</total>
				<timestamp>2065.028361</timestamp>
			</report>
			<report>
				<misses>326800001</misses>
				<total>0</total>
				<timestamp>2065.662924</timestamp>
			</report>
			<report>
				<misses>326900001</misses>
				<total>0</total>
				<timestamp>2066.297573</timestamp>
			</report>
			<report>
				<misses>327000001</misses>
				<total>0</total>
				<timestamp>2066.933820</timestamp>
			</report>
			<report>
				<misses>327100001</misses>
				<total>0</total>
				<timestamp>2067.567027</timestamp>
			</report>
			<report>
				<misses>327200001</misses>
				<total>0</total>
				<timestamp>2068.204797</timestamp>
			</report>
			<report>
				<misses>327300001</misses>
				<total>0</total>
				<timestamp>2068.837712</timestamp>
			</report>
			<report>
				<misses>327400001</misses>
				<total>0</total>
				<timestamp>2069.471321</timestamp>
			</report>
			<report>
				<misses>327500001</misses>
				<total>0</total>
				<timestamp>2070.107957</timestamp>
			</report>
			<report>
				<misses>327600001</misses>
				<total>0</total>
				<timestamp>2070.741222</timestamp>
			</report>
			<report>
				<misses>327700001</misses>
				<total>0</total>
				<timestamp>2071.374872</timestamp>
			</report>
			<report>
				<misses>327800001</misses>
				<total>0</total>
				<timestamp>2072.009429</timestamp>
			</report>
			<report>
				<misses>327900001</misses>
				<total>0</total>
				<timestamp>2072.642887</timestamp>
			</report>
			<report>
				<misses>328000001</misses>
				<total>0</total>
				<timestamp>2073.276219</timestamp>
			</report>
			<report>
				<misses>328100001</misses>
				<total>0</total>
				<timestamp>2073.909899</timestamp>
			</report>
			<report>
				<misses>328200001</misses>
				<total>0</total>
				<timestamp>2074.543861</timestamp>
			</report>
			<report>
				<misses>328300001</misses>
				<total>0</total>
				<timestamp>2075.177216</timestamp>
			</report>
			<report>
				<misses>328400001</misses>
				<total>0</total>
				<timestamp>2075.811457</timestamp>
			</report>
			<report>
				<misses>328500001</misses>
				<total>0</total>
				<timestamp>2076.444827</timestamp>
			</report>
			<report>
				<misses>328600001</misses>
				<total>0</total>
				<timestamp>2077.078754</timestamp>
			</report>
			<report>
				<misses>328700001</misses>
				<total>0</total>
				<timestamp>2077.712278</timestamp>
			</report>
			<report>
				<misses>328800001</misses>
				<total>0</total>
				<timestamp>2078.345733</timestamp>
			</report>
			<report>
				<misses>328900001</misses>
				<total>0</total>
				<timestamp>2078.978879</timestamp>
			</report>
			<report>
				<misses>329000001</misses>
				<total>0</total>
				<timestamp>2079.612373</timestamp>
			</report>
			<report>
				<misses>329100001</misses>
				<total>0</total>
				<timestamp>2080.245339</timestamp>
			</report>
			<report>
				<misses>329200001</misses>
				<total>0</total>
				<timestamp>2080.878902</timestamp>
			</report>
			<report>
				<misses>329300001</misses>
				<total>0</total>
				<timestamp>2081.512091</timestamp>
			</report>
			<report>
				<misses>329400001</misses>
				<total>0</total>
				<timestamp>2082.148173</timestamp>
			</report>
			<report>
				<misses>329500001</misses>
				<total>0</total>
				<timestamp>2082.780871</timestamp>
			</report>
			<report>
				<misses>329600001</misses>
				<total>0</total>
				<timestamp>2083.414564</timestamp>
			</report>
			<report>
				<misses>329700001</misses>
				<total>0</total>
				<timestamp>2084.048153</timestamp>
			</report>
			<report>
				<misses>329800001</misses>
				<total>0</total>
				<timestamp>2084.681668</timestamp>
			</report>
			<report>
				<misses>329900001</misses>
				<total>0</total>
				<timestamp>2085.315164</timestamp>
			</report>
			<report>
				<misses>330000001</misses>
				<total>0</total>
				<timestamp>2085.955207</timestamp>
			</report>
			<report>
				<misses>330100001</misses>
				<total>0</total>
				<timestamp>2086.587957</timestamp>
			</report>
			<report>
				<misses>330200001</misses>
				<total>0</total>
				<timestamp>2087.221345</timestamp>
			</report>
			<report>
				<misses>330300001</misses>
				<total>0</total>
				<timestamp>2087.854169</timestamp>
			</report>
			<report>
				<misses>330400001</misses>
				<total>0</total>
				<timestamp>2088.487998</timestamp>
			</report>
			<report>
				<misses>330500001</misses>
				<total>0</total>
				<timestamp>2089.124277</timestamp>
			</report>
			<report>
				<misses>330600001</misses>
				<total>0</total>
				<timestamp>2089.762825</timestamp>
			</report>
			<report>
				<misses>330700001</misses>
				<total>0</total>
				<timestamp>2090.397105</timestamp>
			</report>
			<report>
				<misses>330800001</misses>
				<total>0</total>
				<timestamp>2091.031858</timestamp>
			</report>
			<report>
				<misses>330900001</misses>
				<total>0</total>
				<timestamp>2091.665094</timestamp>
			</report>
			<report>
				<misses>331000001</misses>
				<total>0</total>
				<timestamp>2092.298370</timestamp>
			</report>
			<report>
				<misses>331100001</misses>
				<total>0</total>
				<timestamp>2092.931953</timestamp>
			</report>
			<report>
				<misses>331200001</misses>
				<total>0</total>
				<timestamp>2093.565087</timestamp>
			</report>
			<report>
				<misses>331300001</misses>
				<total>0</total>
				<timestamp>2094.198322</timestamp>
			</report>
			<report>
				<misses>331400001</misses>
				<total>0</total>
				<timestamp>2094.831518</timestamp>
			</report>
			<report>
				<misses>331500001</misses>
				<total>0</total>
				<timestamp>2095.464872</timestamp>
			</report>
			<report>
				<misses>331600001</misses>
				<total>0</total>
				<timestamp>2096.098473</timestamp>
			</report>
			<report>
				<misses>331700001</misses>
				<total>0</total>
				<timestamp>2096.733246</timestamp>
			</report>
			<report>
				<misses>331800001</misses>
				<total>0</total>
				<timestamp>2097.368104</timestamp>
			</report>
			<report>
				<misses>331900001</misses>
				<total>0</total>
				<timestamp>2098.009968</timestamp>
			</report>
			<report>
				<misses>332000001</misses>
				<total>0</total>
				<timestamp>2098.644735</timestamp>
			</report>
			<report>
				<misses>332100001</misses>
				<total>0</total>
				<timestamp>2099.280447</timestamp>
			</report>
			<report>
				<misses>332200001</misses>
				<total>0</total>
				<timestamp>2099.919738</timestamp>
			</report>
			<report>
				<misses>332300001</misses>
				<total>0</total>
				<timestamp>2100.554612</timestamp>
			</report>
			<report>
				<misses>332400001</misses>
				<total>0</total>
				<timestamp>2101.196869</timestamp>
			</report>
			<report>
				<misses>332500001</misses>
				<total>0</total>
				<timestamp>2101.835027</timestamp>
			</report>
			<report>
				<misses>332600001</misses>
				<total>0</total>
				<timestamp>2102.468938</timestamp>
			</report>
			<report>
				<misses>332700001</misses>
				<total>0</total>
				<timestamp>2103.102189</timestamp>
			</report>
			<report>
				<misses>332800001</misses>
				<total>0</total>
				<timestamp>2103.737256</timestamp>
			</report>
			<report>
				<misses>332900001</misses>
				<total>0</total>
				<timestamp>2104.371526</timestamp>
			</report>
			<report>
				<misses>333000001</misses>
				<total>0</total>
				<timestamp>2105.007543</timestamp>
			</report>
			<report>
				<misses>333100001</misses>
				<total>0</total>
				<timestamp>2105.641096</timestamp>
			</report>
			<report>
				<misses>333200001</misses>
				<total>0</total>
				<timestamp>2106.279584</timestamp>
			</report>
			<report>
				<misses>333300001</misses>
				<total>0</total>
				<timestamp>2106.927546</timestamp>
			</report>
			<report>
				<misses>333400001</misses>
				<total>0</total>
				<timestamp>2107.561099</timestamp>
			</report>
			<report>
				<misses>333500001</misses>
				<total>0</total>
				<timestamp>2108.195659</timestamp>
			</report>
			<report>
				<misses>333600001</misses>
				<total>0</total>
				<timestamp>2108.830728</timestamp>
			</report>
			<report>
				<misses>333700001</misses>
				<total>0</total>
				<timestamp>2109.465000</timestamp>
			</report>
			<report>
				<misses>333800001</misses>
				<total>0</total>
				<timestamp>2110.103648</timestamp>
			</report>
			<report>
				<misses>333900001</misses>
				<total>0</total>
				<timestamp>2110.745163</timestamp>
			</report>
			<report>
				<misses>334000001</misses>
				<total>0</total>
				<timestamp>2111.379466</timestamp>
			</report>
			<report>
				<misses>334100001</misses>
				<total>0</total>
				<timestamp>2112.013685</timestamp>
			</report>
			<report>
				<misses>334200001</misses>
				<total>0</total>
				<timestamp>2112.648086</timestamp>
			</report>
			<report>
				<misses>334300001</misses>
				<total>0</total>
				<timestamp>2113.311329</timestamp>
			</report>
			<report>
				<misses>334400001</misses>
				<total>0</total>
				<timestamp>2113.944668</timestamp>
			</report>
			<report>
				<misses>334500001</misses>
				<total>0</total>
				<timestamp>2114.578264</timestamp>
			</report>
			<report>
				<misses>334600001</misses>
				<total>0</total>
				<timestamp>2115.211525</timestamp>
			</report>
			<report>
				<misses>334700001</misses>
				<total>0</total>
				<timestamp>2115.848710</timestamp>
			</report>
			<report>
				<misses>334800001</misses>
				<total>0</total>
				<timestamp>2116.482604</timestamp>
			</report>
			<report>
				<misses>334900001</misses>
				<total>0</total>
				<timestamp>2117.115499</timestamp>
			</report>
			<report>
				<misses>335000001</misses>
				<total>0</total>
				<timestamp>2117.753523</timestamp>
			</report>
			<report>
				<misses>335100001</misses>
				<total>0</total>
				<timestamp>2118.389150</timestamp>
			</report>
			<report>
				<misses>335200001</misses>
				<total>0</total>
				<timestamp>2119.022982</timestamp>
			</report>
			<report>
				<misses>335300001</misses>
				<total>0</total>
				<timestamp>2119.656629</timestamp>
			</report>
			<report>
				<misses>335400001</misses>
				<total>0</total>
				<timestamp>2120.291360</timestamp>
			</report>
			<report>
				<misses>335500001</misses>
				<total>0</total>
				<timestamp>2120.924879</timestamp>
			</report>
			<report>
				<misses>335600001</misses>
				<total>0</total>
				<timestamp>2121.557916</timestamp>
			</report>
			<report>
				<misses>335700001</misses>
				<total>0</total>
				<timestamp>2122.191013</timestamp>
			</report>
			<report>
				<misses>335800001</misses>
				<total>0</total>
				<timestamp>2122.823978</timestamp>
			</report>
			<report>
				<misses>335900001</misses>
				<total>0</total>
				<timestamp>2123.457460</timestamp>
			</report>
			<report>
				<misses>336000001</misses>
				<total>0</total>
				<timestamp>2124.099187</timestamp>
			</report>
			<report>
				<misses>336100001</misses>
				<total>0</total>
				<timestamp>2124.732067</timestamp>
			</report>
			<report>
				<misses>336200001</misses>
				<total>0</total>
				<timestamp>2125.373215</timestamp>
			</report>
			<report>
				<misses>336300001</misses>
				<total>0</total>
				<timestamp>2126.007604</timestamp>
			</report>
			<report>
				<misses>336400001</misses>
				<total>0</total>
				<timestamp>2126.641539</timestamp>
			</report>
			<report>
				<misses>336500001</misses>
				<total>0</total>
				<timestamp>2127.274852</timestamp>
			</report>
			<report>
				<misses>336600001</misses>
				<total>0</total>
				<timestamp>2127.908457</timestamp>
			</report>
			<report>
				<misses>336700001</misses>
				<total>0</total>
				<timestamp>2128.541882</timestamp>
			</report>
			<report>
				<misses>336800001</misses>
				<total>0</total>
				<timestamp>2129.184270</timestamp>
			</report>
			<report>
				<misses>336900001</misses>
				<total>0</total>
				<timestamp>2129.817524</timestamp>
			</report>
			<report>
				<misses>337000001</misses>
				<total>0</total>
				<timestamp>2130.452053</timestamp>
			</report>
			<report>
				<misses>337100001</misses>
				<total>0</total>
				<timestamp>2131.088974</timestamp>
			</report>
			<report>
				<misses>337200001</misses>
				<total>0</total>
				<timestamp>2131.723049</timestamp>
			</report>
			<report>
				<misses>337300001</misses>
				<total>0</total>
				<timestamp>2132.357174</timestamp>
			</report>
			<report>
				<misses>337400001</misses>
				<total>0</total>
				<timestamp>2132.997807</timestamp>
			</report>
			<report>
				<misses>337500001</misses>
				<total>0</total>
				<timestamp>2133.632491</timestamp>
			</report>
			<report>
				<misses>337600001</misses>
				<total>0</total>
				<timestamp>2134.267314</timestamp>
			</report>
			<report>
				<misses>337700001</misses>
				<total>0</total>
				<timestamp>2134.911073</timestamp>
			</report>
			<report>
				<misses>337800001</misses>
				<total>0</total>
				<timestamp>2135.545944</timestamp>
			</report>
			<report>
				<misses>337900001</misses>
				<total>0</total>
				<timestamp>2136.182168</timestamp>
			</report>
			<report>
				<misses>338000001</misses>
				<total>0</total>
				<timestamp>2136.825115</timestamp>
			</report>
			<report>
				<misses>338100001</misses>
				<total>0</total>
				<timestamp>2137.459243</timestamp>
			</report>
			<report>
				<misses>338200001</misses>
				<total>0</total>
				<timestamp>2138.098303</timestamp>
			</report>
			<report>
				<misses>338300001</misses>
				<total>0</total>
				<timestamp>2138.731904</timestamp>
			</report>
			<report>
				<misses>338400001</misses>
				<total>0</total>
				<timestamp>2139.366638</timestamp>
			</report>
			<report>
				<misses>338500001</misses>
				<total>0</total>
				<timestamp>2140.001190</timestamp>
			</report>
			<report>
				<misses>338600001</misses>
				<total>0</total>
				<timestamp>2140.634088</timestamp>
			</report>
			<report>
				<misses>338700001</misses>
				<total>0</total>
				<timestamp>2141.267206</timestamp>
			</report>
			<report>
				<misses>338800001</misses>
				<total>0</total>
				<timestamp>2141.903791</timestamp>
			</report>
			<report>
				<misses>338900001</misses>
				<total>0</total>
				<timestamp>2142.537777</timestamp>
			</report>
			<report>
				<misses>339000001</misses>
				<total>0</total>
				<timestamp>2143.174030</timestamp>
			</report>
			<report>
				<misses>339100001</misses>
				<total>0</total>
				<timestamp>2143.806969</timestamp>
			</report>
			<report>
				<misses>339200001</misses>
				<total>0</total>
				<timestamp>2144.439410</timestamp>
			</report>
			<report>
				<misses>339300001</misses>
				<total>0</total>
				<timestamp>2145.072707</timestamp>
			</report>
			<report>
				<misses>339400001</misses>
				<total>0</total>
				<timestamp>2145.706427</timestamp>
			</report>
			<report>
				<misses>339500001</misses>
				<total>0</total>
				<timestamp>2146.355436</timestamp>
			</report>
			<report>
				<misses>339600001</misses>
				<total>0</total>
				<timestamp>2146.989425</timestamp>
			</report>
			<report>
				<misses>339700001</misses>
				<total>0</total>
				<timestamp>2147.623308</timestamp>
			</report>
			<report>
				<misses>339800001</misses>
				<total>0</total>
				<timestamp>2148.257405</timestamp>
			</report>
			<report>
				<misses>339900001</misses>
				<total>0</total>
				<timestamp>2148.895657</timestamp>
			</report>
			<report>
				<misses>340000001</misses>
				<total>0</total>
				<timestamp>2149.529343</timestamp>
			</report>
			<report>
				<misses>340100001</misses>
				<total>0</total>
				<timestamp>2150.163616</timestamp>
			</report>
			<report>
				<misses>340200001</misses>
				<total>0</total>
				<timestamp>2150.797363</timestamp>
			</report>
			<report>
				<misses>340300001</misses>
				<total>0</total>
				<timestamp>2151.431671</timestamp>
			</report>
			<report>
				<misses>340400001</misses>
				<total>0</total>
				<timestamp>2152.066834</timestamp>
			</report>
			<report>
				<misses>340500001</misses>
				<total>0</total>
				<timestamp>2152.700170</timestamp>
			</report>
			<report>
				<misses>340600001</misses>
				<total>0</total>
				<timestamp>2153.334094</timestamp>
			</report>
			<report>
				<misses>340700001</misses>
				<total>0</total>
				<timestamp>2153.967856</timestamp>
			</report>
			<report>
				<misses>340800001</misses>
				<total>0</total>
				<timestamp>2154.601269</timestamp>
			</report>
			<report>
				<misses>340900001</misses>
				<total>0</total>
				<timestamp>2155.236799</timestamp>
			</report>
			<report>
				<misses>341000001</misses>
				<total>0</total>
				<timestamp>2155.872245</timestamp>
			</report>
			<report>
				<misses>341100001</misses>
				<total>0</total>
				<timestamp>2156.506387</timestamp>
			</report>
			<report>
				<misses>341200001</misses>
				<total>0</total>
				<timestamp>2157.140835</timestamp>
			</report>
			<report>
				<misses>341300001</misses>
				<total>0</total>
				<timestamp>2157.778522</timestamp>
			</report>
			<report>
				<misses>341400001</misses>
				<total>0</total>
				<timestamp>2158.420915</timestamp>
			</report>
			<report>
				<misses>341500001</misses>
				<total>0</total>
				<timestamp>2159.054981</timestamp>
			</report>
			<report>
				<misses>341600001</misses>
				<total>0</total>
				<timestamp>2159.690083</timestamp>
			</report>
			<report>
				<misses>341700001</misses>
				<total>0</total>
				<timestamp>2160.330787</timestamp>
			</report>
			<report>
				<misses>341800001</misses>
				<total>0</total>
				<timestamp>2160.964124</timestamp>
			</report>
			<report>
				<misses>341900001</misses>
				<total>0</total>
				<timestamp>2161.598786</timestamp>
			</report>
			<report>
				<misses>342000001</misses>
				<total>0</total>
				<timestamp>2162.235933</timestamp>
			</report>
			<report>
				<misses>342100001</misses>
				<total>0</total>
				<timestamp>2162.869805</timestamp>
			</report>
			<report>
				<misses>342200001</misses>
				<total>0</total>
				<timestamp>2163.507255</timestamp>
			</report>
			<report>
				<misses>342300001</misses>
				<total>0</total>
				<timestamp>2164.152666</timestamp>
			</report>
			<report>
				<misses>342400001</misses>
				<total>0</total>
				<timestamp>2164.787760</timestamp>
			</report>
			<report>
				<misses>342500001</misses>
				<total>0</total>
				<timestamp>2165.423449</timestamp>
			</report>
			<report>
				<misses>342600001</misses>
				<total>0</total>
				<timestamp>2166.067100</timestamp>
			</report>
			<report>
				<misses>342700001</misses>
				<total>0</total>
				<timestamp>2166.701507</timestamp>
			</report>
			<report>
				<misses>342800001</misses>
				<total>0</total>
				<timestamp>2167.340959</timestamp>
			</report>
			<report>
				<misses>342900001</misses>
				<total>0</total>
				<timestamp>2167.975348</timestamp>
			</report>
			<report>
				<misses>343000001</misses>
				<total>0</total>
				<timestamp>2168.609826</timestamp>
			</report>
			<report>
				<misses>343100001</misses>
				<total>0</total>
				<timestamp>2169.247896</timestamp>
			</report>
			<report>
				<misses>343200001</misses>
				<total>0</total>
				<timestamp>2169.892728</timestamp>
			</report>
			<report>
				<misses>343300001</misses>
				<total>0</total>
				<timestamp>2170.526954</timestamp>
			</report>
			<report>
				<misses>343400001</misses>
				<total>0</total>
				<timestamp>2171.168352</timestamp>
			</report>
			<report>
				<misses>343500001</misses>
				<total>0</total>
				<timestamp>2171.803904</timestamp>
			</report>
			<report>
				<misses>343600001</misses>
				<total>0</total>
				<timestamp>2172.437428</timestamp>
			</report>
			<report>
				<misses>343700001</misses>
				<total>0</total>
				<timestamp>2173.072607</timestamp>
			</report>
			<report>
				<misses>343800001</misses>
				<total>0</total>
				<timestamp>2173.707324</timestamp>
			</report>
			<report>
				<misses>343900001</misses>
				<total>0</total>
				<timestamp>2174.342045</timestamp>
			</report>
			<report>
				<misses>344000001</misses>
				<total>0</total>
				<timestamp>2174.980369</timestamp>
			</report>
			<report>
				<misses>344100001</misses>
				<total>0</total>
				<timestamp>2175.614348</timestamp>
			</report>
			<report>
				<misses>344200001</misses>
				<total>0</total>
				<timestamp>2176.249250</timestamp>
			</report>
			<report>
				<misses>344300001</misses>
				<total>0</total>
				<timestamp>2176.887147</timestamp>
			</report>
			<report>
				<misses>344400001</misses>
				<total>0</total>
				<timestamp>2177.520906</timestamp>
			</report>
			<report>
				<misses>344500001</misses>
				<total>0</total>
				<timestamp>2178.161448</timestamp>
			</report>
			<report>
				<misses>344600001</misses>
				<total>0</total>
				<timestamp>2178.795079</timestamp>
			</report>
			<report>
				<misses>344700001</misses>
				<total>0</total>
				<timestamp>2179.428776</timestamp>
			</report>
			<report>
				<misses>344800001</misses>
				<total>0</total>
				<timestamp>2180.063687</timestamp>
			</report>
			<report>
				<misses>344900001</misses>
				<total>0</total>
				<timestamp>2180.698238</timestamp>
			</report>
			<report>
				<misses>345000001</misses>
				<total>0</total>
				<timestamp>2181.345601</timestamp>
			</report>
			<report>
				<misses>345100001</misses>
				<total>0</total>
				<timestamp>2181.980287</timestamp>
			</report>
			<report>
				<misses>345200001</misses>
				<total>0</total>
				<timestamp>2182.614264</timestamp>
			</report>
			<report>
				<misses>345300001</misses>
				<total>0</total>
				<timestamp>2183.248645</timestamp>
			</report>
			<report>
				<misses>345400001</misses>
				<total>0</total>
				<timestamp>2183.891223</timestamp>
			</report>
			<report>
				<misses>345500001</misses>
				<total>0</total>
				<timestamp>2184.524568</timestamp>
			</report>
			<report>
				<misses>345600001</misses>
				<total>0</total>
				<timestamp>2185.159192</timestamp>
			</report>
			<report>
				<misses>345700001</misses>
				<total>0</total>
				<timestamp>2185.795467</timestamp>
			</report>
			<report>
				<misses>345800001</misses>
				<total>0</total>
				<timestamp>2186.436328</timestamp>
			</report>
			<report>
				<misses>345900001</misses>
				<total>0</total>
				<timestamp>2187.071192</timestamp>
			</report>
			<report>
				<misses>346000001</misses>
				<total>0</total>
				<timestamp>2187.704659</timestamp>
			</report>
			<report>
				<misses>346100001</misses>
				<total>0</total>
				<timestamp>2188.338341</timestamp>
			</report>
			<report>
				<misses>346200001</misses>
				<total>0</total>
				<timestamp>2188.979186</timestamp>
			</report>
			<report>
				<misses>346300001</misses>
				<total>0</total>
				<timestamp>2189.612278</timestamp>
			</report>
			<report>
				<misses>346400001</misses>
				<total>0</total>
				<timestamp>2190.250925</timestamp>
			</report>
			<report>
				<misses>346500001</misses>
				<total>0</total>
				<timestamp>2190.891333</timestamp>
			</report>
			<report>
				<misses>346600001</misses>
				<total>0</total>
				<timestamp>2191.525498</timestamp>
			</report>
			<report>
				<misses>346700001</misses>
				<total>0</total>
				<timestamp>2192.161078</timestamp>
			</report>
			<report>
				<misses>346800001</misses>
				<total>0</total>
				<timestamp>2192.795204</timestamp>
			</report>
			<report>
				<misses>346900001</misses>
				<total>0</total>
				<timestamp>2193.429140</timestamp>
			</report>
			<report>
				<misses>347000001</misses>
				<total>0</total>
				<timestamp>2194.063083</timestamp>
			</report>
			<report>
				<misses>347100001</misses>
				<total>0</total>
				<timestamp>2194.696687</timestamp>
			</report>
			<report>
				<misses>347200001</misses>
				<total>0</total>
				<timestamp>2195.341407</timestamp>
			</report>
			<report>
				<misses>347300001</misses>
				<total>0</total>
				<timestamp>2195.986076</timestamp>
			</report>
			<report>
				<misses>347400001</misses>
				<total>0</total>
				<timestamp>2196.620605</timestamp>
			</report>
			<report>
				<misses>347500001</misses>
				<total>0</total>
				<timestamp>2197.254367</timestamp>
			</report>
			<report>
				<misses>347600001</misses>
				<total>0</total>
				<timestamp>2197.896801</timestamp>
			</report>
			<report>
				<misses>347700001</misses>
				<total>0</total>
				<timestamp>2198.531581</timestamp>
			</report>
			<report>
				<misses>347800001</misses>
				<total>0</total>
				<timestamp>2199.168148</timestamp>
			</report>
			<report>
				<misses>347900001</misses>
				<total>0</total>
				<timestamp>2199.803924</timestamp>
			</report>
			<report>
				<misses>348000001</misses>
				<total>0</total>
				<timestamp>2200.438312</timestamp>
			</report>
			<report>
				<misses>348100001</misses>
				<total>0</total>
				<timestamp>2201.083564</timestamp>
			</report>
			<report>
				<misses>348200001</misses>
				<total>0</total>
				<timestamp>2201.719680</timestamp>
			</report>
			<report>
				<misses>348300001</misses>
				<total>0</total>
				<timestamp>2202.354719</timestamp>
			</report>
			<report>
				<misses>348400001</misses>
				<total>0</total>
				<timestamp>2202.990583</timestamp>
			</report>
			<report>
				<misses>348500001</misses>
				<total>0</total>
				<timestamp>2203.626134</timestamp>
			</report>
			<report>
				<misses>348600001</misses>
				<total>0</total>
				<timestamp>2204.266583</timestamp>
			</report>
			<report>
				<misses>348700001</misses>
				<total>0</total>
				<timestamp>2204.901189</timestamp>
			</report>
			<report>
				<misses>348800001</misses>
				<total>0</total>
				<timestamp>2205.535597</timestamp>
			</report>
			<report>
				<misses>348900001</misses>
				<total>0</total>
				<timestamp>2206.176138</timestamp>
			</report>
			<report>
				<misses>349000001</misses>
				<total>0</total>
				<timestamp>2206.814526</timestamp>
			</report>
			<report>
				<misses>349100001</misses>
				<total>0</total>
				<timestamp>2207.449471</timestamp>
			</report>
			<report>
				<misses>349200001</misses>
				<total>0</total>
				<timestamp>2208.084057</timestamp>
			</report>
			<report>
				<misses>349300001</misses>
				<total>0</total>
				<timestamp>2208.719021</timestamp>
			</report>
			<report>
				<misses>349400001</misses>
				<total>0</total>
				<timestamp>2209.353931</timestamp>
			</report>
			<report>
				<misses>349500001</misses>
				<total>0</total>
				<timestamp>2209.995061</timestamp>
			</report>
			<report>
				<misses>349600001</misses>
				<total>0</total>
				<timestamp>2210.628719</timestamp>
			</report>
			<report>
				<misses>349700001</misses>
				<total>0</total>
				<timestamp>2211.262702</timestamp>
			</report>
			<report>
				<misses>349800001</misses>
				<total>0</total>
				<timestamp>2211.898187</timestamp>
			</report>
			<report>
				<misses>349900001</misses>
				<total>0</total>
				<timestamp>2212.532717</timestamp>
			</report>
			<report>
				<misses>350000001</misses>
				<total>0</total>
				<timestamp>2213.169359</timestamp>
			</report>
			<report>
				<misses>350100001</misses>
				<total>0</total>
				<timestamp>2213.804115</timestamp>
			</report>
			<report>
				<misses>350200001</misses>
				<total>0</total>
				<timestamp>2214.438457</timestamp>
			</report>
			<report>
				<misses>350300001</misses>
				<total>0</total>
				<timestamp>2215.081327</timestamp>
			</report>
			<report>
				<misses>350400001</misses>
				<total>0</total>
				<timestamp>2215.715977</timestamp>
			</report>
			<report>
				<misses>350500001</misses>
				<total>0</total>
				<timestamp>2216.349260</timestamp>
			</report>
			<report>
				<misses>350600001</misses>
				<total>0</total>
				<timestamp>2216.983914</timestamp>
			</report>
			<report>
				<misses>350700001</misses>
				<total>0</total>
				<timestamp>2217.618614</timestamp>
			</report>
			<report>
				<misses>350800001</misses>
				<total>0</total>
				<timestamp>2218.253095</timestamp>
			</report>
			<report>
				<misses>350900001</misses>
				<total>0</total>
				<timestamp>2218.887828</timestamp>
			</report>
			<report>
				<misses>351000001</misses>
				<total>0</total>
				<timestamp>2219.522901</timestamp>
			</report>
			<report>
				<misses>351100001</misses>
				<total>0</total>
				<timestamp>2220.161428</timestamp>
			</report>
			<report>
				<misses>351200001</misses>
				<total>0</total>
				<timestamp>2220.798985</timestamp>
			</report>
			<report>
				<misses>351300001</misses>
				<total>0</total>
				<timestamp>2221.434539</timestamp>
			</report>
			<report>
				<misses>351400001</misses>
				<total>0</total>
				<timestamp>2222.069880</timestamp>
			</report>
			<report>
				<misses>351500001</misses>
				<total>0</total>
				<timestamp>2222.704713</timestamp>
			</report>
			<report>
				<misses>351600001</misses>
				<total>0</total>
				<timestamp>2223.339614</timestamp>
			</report>
			<report>
				<misses>351700001</misses>
				<total>0</total>
				<timestamp>2223.973672</timestamp>
			</report>
			<report>
				<misses>351800001</misses>
				<total>0</total>
				<timestamp>2224.607883</timestamp>
			</report>
			<report>
				<misses>351900001</misses>
				<total>0</total>
				<timestamp>2225.242166</timestamp>
			</report>
			<report>
				<misses>352000001</misses>
				<total>0</total>
				<timestamp>2225.876981</timestamp>
			</report>
			<report>
				<misses>352100001</misses>
				<total>0</total>
				<timestamp>2226.511626</timestamp>
			</report>
			<report>
				<misses>352200001</misses>
				<total>0</total>
				<timestamp>2227.145652</timestamp>
			</report>
			<report>
				<misses>352300001</misses>
				<total>0</total>
				<timestamp>2227.781085</timestamp>
			</report>
			<report>
				<misses>352400001</misses>
				<total>0</total>
				<timestamp>2228.416115</timestamp>
			</report>
			<report>
				<misses>352500001</misses>
				<total>0</total>
				<timestamp>2229.050800</timestamp>
			</report>
			<report>
				<misses>352600001</misses>
				<total>0</total>
				<timestamp>2229.685022</timestamp>
			</report>
			<report>
				<misses>352700001</misses>
				<total>0</total>
				<timestamp>2230.318146</timestamp>
			</report>
			<report>
				<misses>352800001</misses>
				<total>0</total>
				<timestamp>2230.952127</timestamp>
			</report>
			<report>
				<misses>352900001</misses>
				<total>0</total>
				<timestamp>2231.587013</timestamp>
			</report>
			<report>
				<misses>353000001</misses>
				<total>0</total>
				<timestamp>2232.224639</timestamp>
			</report>
			<report>
				<misses>353100001</misses>
				<total>0</total>
				<timestamp>2232.859133</timestamp>
			</report>
			<report>
				<misses>353200001</misses>
				<total>0</total>
				<timestamp>2233.494347</timestamp>
			</report>
			<report>
				<misses>353300001</misses>
				<total>0</total>
				<timestamp>2234.131420</timestamp>
			</report>
			<report>
				<misses>353400001</misses>
				<total>0</total>
				<timestamp>2234.766724</timestamp>
			</report>
			<report>
				<misses>353500001</misses>
				<total>0</total>
				<timestamp>2235.403133</timestamp>
			</report>
			<report>
				<misses>353600001</misses>
				<total>0</total>
				<timestamp>2236.038624</timestamp>
			</report>
			<report>
				<misses>353700001</misses>
				<total>0</total>
				<timestamp>2236.673330</timestamp>
			</report>
			<report>
				<misses>353800001</misses>
				<total>0</total>
				<timestamp>2237.309368</timestamp>
			</report>
			<report>
				<misses>353900001</misses>
				<total>0</total>
				<timestamp>2237.944099</timestamp>
			</report>
			<report>
				<misses>354000001</misses>
				<total>0</total>
				<timestamp>2238.578987</timestamp>
			</report>
			<report>
				<misses>354100001</misses>
				<total>0</total>
				<timestamp>2239.213906</timestamp>
			</report>
			<report>
				<misses>354200001</misses>
				<total>0</total>
				<timestamp>2239.849713</timestamp>
			</report>
			<report>
				<misses>354300001</misses>
				<total>0</total>
				<timestamp>2240.484476</timestamp>
			</report>
			<report>
				<misses>354400001</misses>
				<total>0</total>
				<timestamp>2241.119367</timestamp>
			</report>
			<report>
				<misses>354500001</misses>
				<total>0</total>
				<timestamp>2241.754812</timestamp>
			</report>
			<report>
				<misses>354600001</misses>
				<total>0</total>
				<timestamp>2242.388473</timestamp>
			</report>
			<report>
				<misses>354700001</misses>
				<total>0</total>
				<timestamp>2243.029692</timestamp>
			</report>
			<report>
				<misses>354800001</misses>
				<total>0</total>
				<timestamp>2243.661810</timestamp>
			</report>
			<report>
				<misses>354900001</misses>
				<total>0</total>
				<timestamp>2244.295411</timestamp>
			</report>
			<report>
				<misses>355000001</misses>
				<total>0</total>
				<timestamp>2244.930176</timestamp>
			</report>
			<report>
				<misses>355100001</misses>
				<total>0</total>
				<timestamp>2245.564208</timestamp>
			</report>
			<report>
				<misses>355200001</misses>
				<total>0</total>
				<timestamp>2246.210712</timestamp>
			</report>
			<report>
				<misses>355300001</misses>
				<total>0</total>
				<timestamp>2246.845012</timestamp>
			</report>
			<report>
				<misses>355400001</misses>
				<total>0</total>
				<timestamp>2247.478737</timestamp>
			</report>
			<report>
				<misses>355500001</misses>
				<total>0</total>
				<timestamp>2248.113551</timestamp>
			</report>
			<report>
				<misses>355600001</misses>
				<total>0</total>
				<timestamp>2248.749922</timestamp>
			</report>
			<report>
				<misses>355700001</misses>
				<total>0</total>
				<timestamp>2249.386275</timestamp>
			</report>
			<report>
				<misses>355800001</misses>
				<total>0</total>
				<timestamp>2250.024577</timestamp>
			</report>
			<report>
				<misses>355900001</misses>
				<total>0</total>
				<timestamp>2250.660087</timestamp>
			</report>
			<report>
				<misses>356000001</misses>
				<total>0</total>
				<timestamp>2251.294561</timestamp>
			</report>
			<report>
				<misses>356100001</misses>
				<total>0</total>
				<timestamp>2251.930499</timestamp>
			</report>
			<report>
				<misses>356200001</misses>
				<total>0</total>
				<timestamp>2252.566207</timestamp>
			</report>
			<report>
				<misses>356300001</misses>
				<total>0</total>
				<timestamp>2253.201092</timestamp>
			</report>
			<report>
				<misses>356400001</misses>
				<total>0</total>
				<timestamp>2253.835239</timestamp>
			</report>
			<report>
				<misses>356500001</misses>
				<total>0</total>
				<timestamp>2254.470514</timestamp>
			</report>
			<report>
				<misses>356600001</misses>
				<total>0</total>
				<timestamp>2255.106633</timestamp>
			</report>
			<report>
				<misses>356700001</misses>
				<total>0</total>
				<timestamp>2255.745101</timestamp>
			</report>
			<report>
				<misses>356800001</misses>
				<total>0</total>
				<timestamp>2256.379198</timestamp>
			</report>
			<report>
				<misses>356900001</misses>
				<total>0</total>
				<timestamp>2257.015133</timestamp>
			</report>
			<report>
				<misses>357000001</misses>
				<total>0</total>
				<timestamp>2257.649839</timestamp>
			</report>
			<report>
				<misses>357100001</misses>
				<total>0</total>
				<timestamp>2258.284675</timestamp>
			</report>
			<report>
				<misses>357200001</misses>
				<total>0</total>
				<timestamp>2258.919147</timestamp>
			</report>
			<report>
				<misses>357300001</misses>
				<total>0</total>
				<timestamp>2259.553790</timestamp>
			</report>
			<report>
				<misses>357400001</misses>
				<total>0</total>
				<timestamp>2260.188638</timestamp>
			</report>
			<report>
				<misses>357500001</misses>
				<total>0</total>
				<timestamp>2260.829679</timestamp>
			</report>
			<report>
				<misses>357600001</misses>
				<total>0</total>
				<timestamp>2261.465410</timestamp>
			</report>
			<report>
				<misses>357700001</misses>
				<total>0</total>
				<timestamp>2262.116318</timestamp>
			</report>
			<report>
				<misses>357800001</misses>
				<total>0</total>
				<timestamp>2262.759649</timestamp>
			</report>
			<report>
				<misses>357900001</misses>
				<total>0</total>
				<timestamp>2263.395481</timestamp>
			</report>
			<report>
				<misses>358000001</misses>
				<total>0</total>
				<timestamp>2264.034160</timestamp>
			</report>
			<report>
				<misses>358100001</misses>
				<total>0</total>
				<timestamp>2264.672140</timestamp>
			</report>
			<report>
				<misses>358200001</misses>
				<total>0</total>
				<timestamp>2265.306446</timestamp>
			</report>
			<report>
				<misses>358300001</misses>
				<total>0</total>
				<timestamp>2265.941342</timestamp>
			</report>
			<report>
				<misses>358400001</misses>
				<total>0</total>
				<timestamp>2266.579321</timestamp>
			</report>
			<report>
				<misses>358500001</misses>
				<total>0</total>
				<timestamp>2267.215630</timestamp>
			</report>
			<report>
				<misses>358600001</misses>
				<total>0</total>
				<timestamp>2267.855350</timestamp>
			</report>
			<report>
				<misses>358700001</misses>
				<total>0</total>
				<timestamp>2268.496229</timestamp>
			</report>
			<report>
				<misses>358800001</misses>
				<total>0</total>
				<timestamp>2269.151639</timestamp>
			</report>
			<report>
				<misses>358900001</misses>
				<total>0</total>
				<timestamp>2269.787318</timestamp>
			</report>
			<report>
				<misses>359000001</misses>
				<total>0</total>
				<timestamp>2270.425934</timestamp>
			</report>
			<report>
				<misses>359100001</misses>
				<total>0</total>
				<timestamp>2271.060523</timestamp>
			</report>
			<report>
				<misses>359200001</misses>
				<total>0</total>
				<timestamp>2271.696407</timestamp>
			</report>
			<report>
				<misses>359300001</misses>
				<total>0</total>
				<timestamp>2272.332086</timestamp>
			</report>
			<report>
				<misses>359400001</misses>
				<total>0</total>
				<timestamp>2272.968467</timestamp>
			</report>
			<report>
				<misses>359500001</misses>
				<total>0</total>
				<timestamp>2273.603619</timestamp>
			</report>
			<report>
				<misses>359600001</misses>
				<total>0</total>
				<timestamp>2274.245554</timestamp>
			</report>
			<report>
				<misses>359700001</misses>
				<total>0</total>
				<timestamp>2274.888785</timestamp>
			</report>
			<report>
				<misses>359800001</misses>
				<total>0</total>
				<timestamp>2275.528297</timestamp>
			</report>
			<report>
				<misses>359900001</misses>
				<total>0</total>
				<timestamp>2276.165635</timestamp>
			</report>
			<report>
				<misses>360000001</misses>
				<total>0</total>
				<timestamp>2276.805428</timestamp>
			</report>
			<report>
				<misses>360100001</misses>
				<total>0</total>
				<timestamp>2277.451977</timestamp>
			</report>
			<report>
				<misses>360200001</misses>
				<total>0</total>
				<timestamp>2278.088884</timestamp>
			</report>
			<report>
				<misses>360300001</misses>
				<total>0</total>
				<timestamp>2278.723575</timestamp>
			</report>
			<report>
				<misses>360400001</misses>
				<total>0</total>
				<timestamp>2279.360003</timestamp>
			</report>
			<report>
				<misses>360500001</misses>
				<total>0</total>
				<timestamp>2279.996371</timestamp>
			</report>
			<report>
				<misses>360600001</misses>
				<total>0</total>
				<timestamp>2280.631679</timestamp>
			</report>
			<report>
				<misses>360700001</misses>
				<total>0</total>
				<timestamp>2281.267231</timestamp>
			</report>
			<report>
				<misses>360800001</misses>
				<total>0</total>
				<timestamp>2281.910593</timestamp>
			</report>
			<report>
				<misses>360900001</misses>
				<total>0</total>
				<timestamp>2282.544807</timestamp>
			</report>
			<report>
				<misses>361000001</misses>
				<total>0</total>
				<timestamp>2283.182177</timestamp>
			</report>
			<report>
				<misses>361100001</misses>
				<total>0</total>
				<timestamp>2283.821378</timestamp>
			</report>
			<report>
				<misses>361200001</misses>
				<total>0</total>
				<timestamp>2284.460009</timestamp>
			</report>
			<report>
				<misses>361300001</misses>
				<total>0</total>
				<timestamp>2285.094184</timestamp>
			</report>
			<report>
				<misses>361400001</misses>
				<total>0</total>
				<timestamp>2285.731498</timestamp>
			</report>
			<report>
				<misses>361500001</misses>
				<total>0</total>
				<timestamp>2286.366985</timestamp>
			</report>
			<report>
				<misses>361600001</misses>
				<total>0</total>
				<timestamp>2287.017974</timestamp>
			</report>
			<report>
				<misses>361700001</misses>
				<total>0</total>
				<timestamp>2287.651424</timestamp>
			</report>
			<report>
				<misses>361800001</misses>
				<total>0</total>
				<timestamp>2288.288163</timestamp>
			</report>
			<report>
				<misses>361900001</misses>
				<total>0</total>
				<timestamp>2288.922928</timestamp>
			</report>
			<report>
				<misses>362000001</misses>
				<total>0</total>
				<timestamp>2289.556364</timestamp>
			</report>
			<report>
				<misses>362100001</misses>
				<total>0</total>
				<timestamp>2290.192792</timestamp>
			</report>
			<report>
				<misses>362200001</misses>
				<total>0</total>
				<timestamp>2290.827350</timestamp>
			</report>
			<report>
				<misses>362300001</misses>
				<total>0</total>
				<timestamp>2291.465856</timestamp>
			</report>
			<report>
				<misses>362400001</misses>
				<total>0</total>
				<timestamp>2292.115625</timestamp>
			</report>
			<report>
				<misses>362500001</misses>
				<total>0</total>
				<timestamp>2292.751628</timestamp>
			</report>
			<report>
				<misses>362600001</misses>
				<total>0</total>
				<timestamp>2293.385790</timestamp>
			</report>
			<report>
				<misses>362700001</misses>
				<total>0</total>
				<timestamp>2294.030431</timestamp>
			</report>
			<report>
				<misses>362800001</misses>
				<total>0</total>
				<timestamp>2294.665321</timestamp>
			</report>
			<report>
				<misses>362900001</misses>
				<total>0</total>
				<timestamp>2295.302049</timestamp>
			</report>
			<report>
				<misses>363000001</misses>
				<total>0</total>
				<timestamp>2295.942209</timestamp>
			</report>
			<report>
				<misses>363100001</misses>
				<total>0</total>
				<timestamp>2296.577938</timestamp>
			</report>
			<report>
				<misses>363200001</misses>
				<total>0</total>
				<timestamp>2297.216301</timestamp>
			</report>
			<report>
				<misses>363300001</misses>
				<total>0</total>
				<timestamp>2297.854488</timestamp>
			</report>
			<report>
				<misses>363400001</misses>
				<total>0</total>
				<timestamp>2298.488019</timestamp>
			</report>
			<report>
				<misses>363500001</misses>
				<total>0</total>
				<timestamp>2299.127535</timestamp>
			</report>
			<report>
				<misses>363600001</misses>
				<total>0</total>
				<timestamp>2299.783296</timestamp>
			</report>
			<report>
				<misses>363700001</misses>
				<total>0</total>
				<timestamp>2300.409129</timestamp>
			</report>
			<report>
				<misses>363800001</misses>
				<total>0</total>
				<timestamp>2301.034489</timestamp>
			</report>
			<report>
				<misses>363900001</misses>
				<total>0</total>
				<timestamp>2301.659012</timestamp>
			</report>
			<report>
				<misses>364000001</misses>
				<total>0</total>
				<timestamp>2302.284961</timestamp>
			</report>
			<report>
				<misses>364100001</misses>
				<total>0</total>
				<timestamp>2302.916782</timestamp>
			</report>
			<report>
				<misses>364200001</misses>
				<total>0</total>
				<timestamp>2303.544606</timestamp>
			</report>
			<report>
				<misses>364300001</misses>
				<total>0</total>
				<timestamp>2304.170669</timestamp>
			</report>
			<report>
				<misses>364400001</misses>
				<total>0</total>
				<timestamp>2304.799284</timestamp>
			</report>
			<report>
				<misses>364500001</misses>
				<total>0</total>
				<timestamp>2305.438983</timestamp>
			</report>
			<report>
				<misses>364600001</misses>
				<total>0</total>
				<timestamp>2306.072066</timestamp>
			</report>
			<report>
				<misses>364700001</misses>
				<total>0</total>
				<timestamp>2306.707168</timestamp>
			</report>
			<report>
				<misses>364800001</misses>
				<total>0</total>
				<timestamp>2307.337358</timestamp>
			</report>
			<report>
				<misses>364900001</misses>
				<total>0</total>
				<timestamp>2307.968588</timestamp>
			</report>
			<report>
				<misses>365000001</misses>
				<total>0</total>
				<timestamp>2308.601196</timestamp>
			</report>
			<report>
				<misses>365100001</misses>
				<total>0</total>
				<timestamp>2309.245840</timestamp>
			</report>
			<report>
				<misses>365200001</misses>
				<total>0</total>
				<timestamp>2309.877749</timestamp>
			</report>
			<report>
				<misses>365300001</misses>
				<total>0</total>
				<timestamp>2310.509689</timestamp>
			</report>
			<report>
				<misses>365400001</misses>
				<total>0</total>
				<timestamp>2311.147811</timestamp>
			</report>
			<report>
				<misses>365500001</misses>
				<total>0</total>
				<timestamp>2311.784442</timestamp>
			</report>
			<report>
				<misses>365600001</misses>
				<total>0</total>
				<timestamp>2312.431456</timestamp>
			</report>
			<report>
				<misses>365700001</misses>
				<total>0</total>
				<timestamp>2313.072191</timestamp>
			</report>
			<report>
				<misses>365800001</misses>
				<total>0</total>
				<timestamp>2313.717392</timestamp>
			</report>
			<report>
				<misses>365900001</misses>
				<total>0</total>
				<timestamp>2314.376547</timestamp>
			</report>
			<report>
				<misses>366000001</misses>
				<total>0</total>
				<timestamp>2315.028678</timestamp>
			</report>
			<report>
				<misses>366100001</misses>
				<total>0</total>
				<timestamp>2315.658712</timestamp>
			</report>
			<report>
				<misses>366200001</misses>
				<total>0</total>
				<timestamp>2316.294962</timestamp>
			</report>
			<report>
				<misses>366300001</misses>
				<total>0</total>
				<timestamp>2316.935169</timestamp>
			</report>
			<report>
				<misses>366400001</misses>
				<total>0</total>
				<timestamp>2317.571231</timestamp>
			</report>
			<report>
				<misses>366500001</misses>
				<total>0</total>
				<timestamp>2318.205973</timestamp>
			</report>
			<report>
				<misses>366600001</misses>
				<total>0</total>
				<timestamp>2318.840426</timestamp>
			</report>
			<report>
				<misses>366700001</misses>
				<total>0</total>
				<timestamp>2319.479163</timestamp>
			</report>
			<report>
				<misses>366800001</misses>
				<total>0</total>
				<timestamp>2320.114275</timestamp>
			</report>
			<report>
				<misses>366900001</misses>
				<total>0</total>
				<timestamp>2320.765570</timestamp>
			</report>
			<report>
				<misses>367000001</misses>
				<total>0</total>
				<timestamp>2321.399364</timestamp>
			</report>
			<report>
				<misses>367100001</misses>
				<total>0</total>
				<timestamp>2322.034997</timestamp>
			</report>
			<report>
				<misses>367200001</misses>
				<total>0</total>
				<timestamp>2322.670886</timestamp>
			</report>
			<report>
				<misses>367300001</misses>
				<total>0</total>
				<timestamp>2323.304696</timestamp>
			</report>
			<report>
				<misses>367400001</misses>
				<total>0</total>
				<timestamp>2323.952919</timestamp>
			</report>
			<report>
				<misses>367500001</misses>
				<total>0</total>
				<timestamp>2324.588093</timestamp>
			</report>
			<report>
				<misses>367600001</misses>
				<total>0</total>
				<timestamp>2325.224647</timestamp>
			</report>
			<report>
				<misses>367700001</misses>
				<total>0</total>
				<timestamp>2325.860544</timestamp>
			</report>
			<report>
				<misses>367800001</misses>
				<total>0</total>
				<timestamp>2326.494311</timestamp>
			</report>
			<report>
				<misses>367900001</misses>
				<total>0</total>
				<timestamp>2327.128321</timestamp>
			</report>
			<report>
				<misses>368000001</misses>
				<total>0</total>
				<timestamp>2327.766235</timestamp>
			</report>
			<report>
				<misses>368100001</misses>
				<total>0</total>
				<timestamp>2328.400537</timestamp>
			</report>
			<report>
				<misses>368200001</misses>
				<total>0</total>
				<timestamp>2329.034589</timestamp>
			</report>
			<report>
				<misses>368300001</misses>
				<total>0</total>
				<timestamp>2329.670514</timestamp>
			</report>
			<report>
				<misses>368400001</misses>
				<total>0</total>
				<timestamp>2330.313641</timestamp>
			</report>
			<report>
				<misses>368500001</misses>
				<total>0</total>
				<timestamp>2330.950646</timestamp>
			</report>
			<report>
				<misses>368600001</misses>
				<total>0</total>
				<timestamp>2331.597484</timestamp>
			</report>
			<report>
				<misses>368700001</misses>
				<total>0</total>
				<timestamp>2332.234376</timestamp>
			</report>
			<report>
				<misses>368800001</misses>
				<total>0</total>
				<timestamp>2332.868343</timestamp>
			</report>
			<report>
				<misses>368900001</misses>
				<total>0</total>
				<timestamp>2333.500260</timestamp>
			</report>
			<report>
				<misses>369000001</misses>
				<total>0</total>
				<timestamp>2334.131400</timestamp>
			</report>
			<report>
				<misses>369100001</misses>
				<total>0</total>
				<timestamp>2334.762819</timestamp>
			</report>
			<report>
				<misses>369200001</misses>
				<total>0</total>
				<timestamp>2335.395218</timestamp>
			</report>
			<report>
				<misses>369300001</misses>
				<total>0</total>
				<timestamp>2336.031643</timestamp>
			</report>
			<report>
				<misses>369400001</misses>
				<total>0</total>
				<timestamp>2336.663671</timestamp>
			</report>
			<report>
				<misses>369500001</misses>
				<total>0</total>
				<timestamp>2337.328705</timestamp>
			</report>
			<report>
				<misses>369600001</misses>
				<total>0</total>
				<timestamp>2337.973710</timestamp>
			</report>
			<report>
				<misses>369700001</misses>
				<total>0</total>
				<timestamp>2338.611941</timestamp>
			</report>
			<report>
				<misses>369800001</misses>
				<total>0</total>
				<timestamp>2339.252437</timestamp>
			</report>
			<report>
				<misses>369900001</misses>
				<total>0</total>
				<timestamp>2339.901040</timestamp>
			</report>
			<report>
				<misses>370000001</misses>
				<total>0</total>
				<timestamp>2340.538257</timestamp>
			</report>
			<report>
				<misses>370100001</misses>
				<total>0</total>
				<timestamp>2341.173258</timestamp>
			</report>
			<report>
				<misses>370200001</misses>
				<total>0</total>
				<timestamp>2341.812460</timestamp>
			</report>
			<report>
				<misses>370300001</misses>
				<total>0</total>
				<timestamp>2342.445891</timestamp>
			</report>
			<report>
				<misses>370400001</misses>
				<total>0</total>
				<timestamp>2343.080627</timestamp>
			</report>
			<report>
				<misses>370500001</misses>
				<total>0</total>
				<timestamp>2343.714897</timestamp>
			</report>
			<report>
				<misses>370600001</misses>
				<total>0</total>
				<timestamp>2344.348898</timestamp>
			</report>
			<report>
				<misses>370700001</misses>
				<total>0</total>
				<timestamp>2344.982601</timestamp>
			</report>
			<report>
				<misses>370800001</misses>
				<total>0</total>
				<timestamp>2345.615520</timestamp>
			</report>
			<report>
				<misses>370900001</misses>
				<total>0</total>
				<timestamp>2346.249318</timestamp>
			</report>
			<report>
				<misses>371000001</misses>
				<total>0</total>
				<timestamp>2346.882658</timestamp>
			</report>
			<report>
				<misses>371100001</misses>
				<total>0</total>
				<timestamp>2347.517269</timestamp>
			</report>
			<report>
				<misses>371200001</misses>
				<total>0</total>
				<timestamp>2348.151447</timestamp>
			</report>
			<report>
				<misses>371300001</misses>
				<total>0</total>
				<timestamp>2348.785405</timestamp>
			</report>
			<report>
				<misses>371400001</misses>
				<total>0</total>
				<timestamp>2349.419142</timestamp>
			</report>
			<report>
				<misses>371500001</misses>
				<total>0</total>
				<timestamp>2350.052275</timestamp>
			</report>
			<report>
				<misses>371600001</misses>
				<total>0</total>
				<timestamp>2350.697241</timestamp>
			</report>
			<report>
				<misses>371700001</misses>
				<total>0</total>
				<timestamp>2351.352424</timestamp>
			</report>
			<report>
				<misses>371800001</misses>
				<total>0</total>
				<timestamp>2351.994595</timestamp>
			</report>
			<report>
				<misses>371900001</misses>
				<total>0</total>
				<timestamp>2352.645741</timestamp>
			</report>
			<report>
				<misses>372000001</misses>
				<total>0</total>
				<timestamp>2353.287521</timestamp>
			</report>
			<report>
				<misses>372100001</misses>
				<total>0</total>
				<timestamp>2353.920904</timestamp>
			</report>
			<report>
				<misses>372200001</misses>
				<total>0</total>
				<timestamp>2354.554510</timestamp>
			</report>
			<report>
				<misses>372300001</misses>
				<total>0</total>
				<timestamp>2355.199745</timestamp>
			</report>
			<report>
				<misses>372400001</misses>
				<total>0</total>
				<timestamp>2355.832536</timestamp>
			</report>
			<report>
				<misses>372500001</misses>
				<total>0</total>
				<timestamp>2356.465942</timestamp>
			</report>
			<report>
				<misses>372600001</misses>
				<total>0</total>
				<timestamp>2357.099261</timestamp>
			</report>
			<report>
				<misses>372700001</misses>
				<total>0</total>
				<timestamp>2357.734550</timestamp>
			</report>
			<report>
				<misses>372800001</misses>
				<total>0</total>
				<timestamp>2358.432328</timestamp>
			</report>
			<report>
				<misses>372900001</misses>
				<total>0</total>
				<timestamp>2359.064435</timestamp>
			</report>
			<report>
				<misses>373000001</misses>
				<total>0</total>
				<timestamp>2359.711512</timestamp>
			</report>
			<report>
				<misses>373100001</misses>
				<total>0</total>
				<timestamp>2360.417877</timestamp>
			</report>
			<report>
				<misses>373200001</misses>
				<total>0</total>
				<timestamp>2361.129955</timestamp>
			</report>
			<report>
				<misses>373300001</misses>
				<total>0</total>
				<timestamp>2361.778345</timestamp>
			</report>
			<report>
				<misses>373400001</misses>
				<total>0</total>
				<timestamp>2362.412942</timestamp>
			</report>
			<report>
				<misses>373500001</misses>
				<total>0</total>
				<timestamp>2363.064725</timestamp>
			</report>
			<report>
				<misses>373600001</misses>
				<total>0</total>
				<timestamp>2363.697662</timestamp>
			</report>
			<report>
				<misses>373700001</misses>
				<total>0</total>
				<timestamp>2364.377609</timestamp>
			</report>
			<report>
				<misses>373800001</misses>
				<total>0</total>
				<timestamp>2365.049817</timestamp>
			</report>
			<report>
				<misses>373900001</misses>
				<total>0</total>
				<timestamp>2365.702136</timestamp>
			</report>
			<report>
				<misses>374000001</misses>
				<total>0</total>
				<timestamp>2366.376247</timestamp>
			</report>
			<report>
				<misses>374100001</misses>
				<total>0</total>
				<timestamp>2367.043730</timestamp>
			</report>
			<report>
				<misses>374200001</misses>
				<total>0</total>
				<timestamp>2367.694279</timestamp>
			</report>
			<report>
				<misses>374300001</misses>
				<total>0</total>
				<timestamp>2368.322248</timestamp>
			</report>
			<report>
				<misses>374400001</misses>
				<total>0</total>
				<timestamp>2368.947119</timestamp>
			</report>
			<report>
				<misses>374500001</misses>
				<total>0</total>
				<timestamp>2369.583898</timestamp>
			</report>
			<report>
				<misses>374600001</misses>
				<total>0</total>
				<timestamp>2370.213164</timestamp>
			</report>
			<report>
				<misses>374700001</misses>
				<total>0</total>
				<timestamp>2370.841809</timestamp>
			</report>
			<report>
				<misses>374800001</misses>
				<total>0</total>
				<timestamp>2371.470937</timestamp>
			</report>
			<report>
				<misses>374900001</misses>
				<total>0</total>
				<timestamp>2372.118104</timestamp>
			</report>
			<report>
				<misses>375000001</misses>
				<total>0</total>
				<timestamp>2372.812375</timestamp>
			</report>
			<report>
				<misses>375100001</misses>
				<total>0</total>
				<timestamp>2373.531369</timestamp>
			</report>
			<report>
				<misses>375200001</misses>
				<total>0</total>
				<timestamp>2374.214694</timestamp>
			</report>
			<report>
				<misses>375300001</misses>
				<total>0</total>
				<timestamp>2374.875587</timestamp>
			</report>
			<report>
				<misses>375400001</misses>
				<total>0</total>
				<timestamp>2375.534963</timestamp>
			</report>
			<report>
				<misses>375500001</misses>
				<total>0</total>
				<timestamp>2376.225683</timestamp>
			</report>
			<report>
				<misses>375600001</misses>
				<total>0</total>
				<timestamp>2376.919404</timestamp>
			</report>
			<report>
				<misses>375700001</misses>
				<total>0</total>
				<timestamp>2377.561560</timestamp>
			</report>
			<report>
				<misses>375800001</misses>
				<total>0</total>
				<timestamp>2378.187332</timestamp>
			</report>
			<report>
				<misses>375900001</misses>
				<total>0</total>
				<timestamp>2378.822719</timestamp>
			</report>
			<report>
				<misses>376000001</misses>
				<total>0</total>
				<timestamp>2379.453855</timestamp>
			</report>
			<report>
				<misses>376100001</misses>
				<total>0</total>
				<timestamp>2380.079017</timestamp>
			</report>
			<report>
				<misses>376200001</misses>
				<total>0</total>
				<timestamp>2380.706614</timestamp>
			</report>
			<report>
				<misses>376300001</misses>
				<total>0</total>
				<timestamp>2381.332228</timestamp>
			</report>
			<report>
				<misses>376400001</misses>
				<total>0</total>
				<timestamp>2381.962499</timestamp>
			</report>
			<report>
				<misses>376500001</misses>
				<total>0</total>
				<timestamp>2382.590579</timestamp>
			</report>
			<report>
				<misses>376600001</misses>
				<total>0</total>
				<timestamp>2383.230057</timestamp>
			</report>
			<report>
				<misses>376700001</misses>
				<total>0</total>
				<timestamp>2383.858101</timestamp>
			</report>
			<report>
				<misses>376800001</misses>
				<total>0</total>
				<timestamp>2384.483733</timestamp>
			</report>
			<report>
				<misses>376900001</misses>
				<total>0</total>
				<timestamp>2385.113638</timestamp>
			</report>
			<report>
				<misses>377000001</misses>
				<total>0</total>
				<timestamp>2385.765247</timestamp>
			</report>
			<report>
				<misses>377100001</misses>
				<total>0</total>
				<timestamp>2386.398260</timestamp>
			</report>
			<report>
				<misses>377200001</misses>
				<total>0</total>
				<timestamp>2387.054898</timestamp>
			</report>
			<report>
				<misses>377300001</misses>
				<total>0</total>
				<timestamp>2387.702598</timestamp>
			</report>
			<report>
				<misses>377400001</misses>
				<total>0</total>
				<timestamp>2388.340722</timestamp>
			</report>
			<report>
				<misses>377500001</misses>
				<total>0</total>
				<timestamp>2388.972751</timestamp>
			</report>
			<report>
				<misses>377600001</misses>
				<total>0</total>
				<timestamp>2389.605287</timestamp>
			</report>
			<report>
				<misses>377700001</misses>
				<total>0</total>
				<timestamp>2390.234061</timestamp>
			</report>
			<report>
				<misses>377800001</misses>
				<total>0</total>
				<timestamp>2390.861694</timestamp>
			</report>
			<report>
				<misses>377900001</misses>
				<total>0</total>
				<timestamp>2391.488631</timestamp>
			</report>
			<report>
				<misses>378000001</misses>
				<total>0</total>
				<timestamp>2392.117246</timestamp>
			</report>
			<report>
				<misses>378100001</misses>
				<total>0</total>
				<timestamp>2392.748199</timestamp>
			</report>
			<report>
				<misses>378200001</misses>
				<total>0</total>
				<timestamp>2393.382132</timestamp>
			</report>
			<report>
				<misses>378300001</misses>
				<total>0</total>
				<timestamp>2394.011794</timestamp>
			</report>
			<report>
				<misses>378400001</misses>
				<total>0</total>
				<timestamp>2394.641754</timestamp>
			</report>
			<report>
				<misses>378500001</misses>
				<total>0</total>
				<timestamp>2395.273865</timestamp>
			</report>
			<report>
				<misses>378600001</misses>
				<total>0</total>
				<timestamp>2395.901769</timestamp>
			</report>
			<report>
				<misses>378700001</misses>
				<total>0</total>
				<timestamp>2396.529489</timestamp>
			</report>
			<report>
				<misses>378800001</misses>
				<total>0</total>
				<timestamp>2397.156715</timestamp>
			</report>
			<report>
				<misses>378900001</misses>
				<total>0</total>
				<timestamp>2397.788753</timestamp>
			</report>
			<report>
				<misses>379000001</misses>
				<total>0</total>
				<timestamp>2398.421828</timestamp>
			</report>
			<report>
				<misses>379100001</misses>
				<total>0</total>
				<timestamp>2399.052796</timestamp>
			</report>
			<report>
				<misses>379200001</misses>
				<total>0</total>
				<timestamp>2399.681814</timestamp>
			</report>
			<report>
				<misses>379300001</misses>
				<total>0</total>
				<timestamp>2400.319491</timestamp>
			</report>
			<report>
				<misses>379400001</misses>
				<total>0</total>
				<timestamp>2400.949785</timestamp>
			</report>
			<report>
				<misses>379500001</misses>
				<total>0</total>
				<timestamp>2401.581975</timestamp>
			</report>
			<report>
				<misses>379600001</misses>
				<total>0</total>
				<timestamp>2402.214980</timestamp>
			</report>
			<report>
				<misses>379700001</misses>
				<total>0</total>
				<timestamp>2402.865816</timestamp>
			</report>
			<report>
				<misses>379800001</misses>
				<total>0</total>
				<timestamp>2403.493420</timestamp>
			</report>
			<report>
				<misses>379900001</misses>
				<total>0</total>
				<timestamp>2404.125939</timestamp>
			</report>
			<report>
				<misses>380000001</misses>
				<total>0</total>
				<timestamp>2404.755836</timestamp>
			</report>
			<report>
				<misses>380100001</misses>
				<total>0</total>
				<timestamp>2405.383791</timestamp>
			</report>
			<report>
				<misses>380200001</misses>
				<total>0</total>
				<timestamp>2406.012705</timestamp>
			</report>
			<report>
				<misses>380300001</misses>
				<total>0</total>
				<timestamp>2406.645037</timestamp>
			</report>
			<report>
				<misses>380400001</misses>
				<total>0</total>
				<timestamp>2407.299761</timestamp>
			</report>
			<report>
				<misses>380500001</misses>
				<total>0</total>
				<timestamp>2407.946145</timestamp>
			</report>
			<report>
				<misses>380600001</misses>
				<total>0</total>
				<timestamp>2408.585223</timestamp>
			</report>
			<report>
				<misses>380700001</misses>
				<total>0</total>
				<timestamp>2409.215043</timestamp>
			</report>
			<report>
				<misses>380800001</misses>
				<total>0</total>
				<timestamp>2409.858670</timestamp>
			</report>
			<report>
				<misses>380900001</misses>
				<total>0</total>
				<timestamp>2410.499137</timestamp>
			</report>
			<report>
				<misses>381000001</misses>
				<total>0</total>
				<timestamp>2411.139824</timestamp>
			</report>
			<report>
				<misses>381100001</misses>
				<total>0</total>
				<timestamp>2411.767131</timestamp>
			</report>
			<report>
				<misses>381200001</misses>
				<total>0</total>
				<timestamp>2412.395378</timestamp>
			</report>
			<report>
				<misses>381300001</misses>
				<total>0</total>
				<timestamp>2413.028918</timestamp>
			</report>
			<report>
				<misses>381400001</misses>
				<total>0</total>
				<timestamp>2413.662336</timestamp>
			</report>
			<report>
				<misses>381500001</misses>
				<total>0</total>
				<timestamp>2414.296260</timestamp>
			</report>
			<report>
				<misses>381600001</misses>
				<total>0</total>
				<timestamp>2414.942363</timestamp>
			</report>
			<report>
				<misses>381700001</misses>
				<total>0</total>
				<timestamp>2415.589947</timestamp>
			</report>
			<report>
				<misses>381800001</misses>
				<total>0</total>
				<timestamp>2416.236580</timestamp>
			</report>
			<report>
				<misses>381900001</misses>
				<total>0</total>
				<timestamp>2416.883787</timestamp>
			</report>
			<report>
				<misses>382000001</misses>
				<total>0</total>
				<timestamp>2417.528801</timestamp>
			</report>
			<report>
				<misses>382100001</misses>
				<total>0</total>
				<timestamp>2418.162295</timestamp>
			</report>
			<report>
				<misses>382200001</misses>
				<total>0</total>
				<timestamp>2418.797756</timestamp>
			</report>
			<report>
				<misses>382300001</misses>
				<total>0</total>
				<timestamp>2419.428593</timestamp>
			</report>
			<report>
				<misses>382400001</misses>
				<total>0</total>
				<timestamp>2420.059036</timestamp>
			</report>
			<report>
				<misses>382500001</misses>
				<total>0</total>
				<timestamp>2420.693876</timestamp>
			</report>
			<report>
				<misses>382600001</misses>
				<total>0</total>
				<timestamp>2421.324309</timestamp>
			</report>
			<report>
				<misses>382700001</misses>
				<total>0</total>
				<timestamp>2421.956902</timestamp>
			</report>
			<report>
				<misses>382800001</misses>
				<total>0</total>
				<timestamp>2422.588236</timestamp>
			</report>
			<report>
				<misses>382900001</misses>
				<total>0</total>
				<timestamp>2423.219097</timestamp>
			</report>
			<report>
				<misses>383000001</misses>
				<total>0</total>
				<timestamp>2423.850106</timestamp>
			</report>
			<report>
				<misses>383100001</misses>
				<total>0</total>
				<timestamp>2424.484487</timestamp>
			</report>
			<report>
				<misses>383200001</misses>
				<total>0</total>
				<timestamp>2425.117449</timestamp>
			</report>
			<report>
				<misses>383300001</misses>
				<total>0</total>
				<timestamp>2425.749075</timestamp>
			</report>
			<report>
				<misses>383400001</misses>
				<total>0</total>
				<timestamp>2426.381710</timestamp>
			</report>
			<report>
				<misses>383500001</misses>
				<total>0</total>
				<timestamp>2427.014577</timestamp>
			</report>
			<report>
				<misses>383600001</misses>
				<total>0</total>
				<timestamp>2427.646688</timestamp>
			</report>
			<report>
				<misses>383700001</misses>
				<total>0</total>
				<timestamp>2428.279272</timestamp>
			</report>
			<report>
				<misses>383800001</misses>
				<total>0</total>
				<timestamp>2428.903615</timestamp>
			</report>
			<report>
				<misses>383900001</misses>
				<total>0</total>
				<timestamp>2429.530081</timestamp>
			</report>
			<report>
				<misses>384000001</misses>
				<total>0</total>
				<timestamp>2430.166194</timestamp>
			</report>
			<report>
				<misses>384100001</misses>
				<total>0</total>
				<timestamp>2430.799569</timestamp>
			</report>
			<report>
				<misses>384200001</misses>
				<total>0</total>
				<timestamp>2431.426125</timestamp>
			</report>
			<report>
				<misses>384300001</misses>
				<total>0</total>
				<timestamp>2432.056816</timestamp>
			</report>
			<report>
				<misses>384400001</misses>
				<total>0</total>
				<timestamp>2432.683249</timestamp>
			</report>
			<report>
				<misses>384500001</misses>
				<total>0</total>
				<timestamp>2433.310127</timestamp>
			</report>
			<report>
				<misses>384600001</misses>
				<total>0</total>
				<timestamp>2433.936517</timestamp>
			</report>
			<report>
				<misses>384700001</misses>
				<total>0</total>
				<timestamp>2434.563888</timestamp>
			</report>
			<report>
				<misses>384800001</misses>
				<total>0</total>
				<timestamp>2435.190991</timestamp>
			</report>
			<report>
				<misses>384900001</misses>
				<total>0</total>
				<timestamp>2435.818184</timestamp>
			</report>
			<report>
				<misses>385000001</misses>
				<total>0</total>
				<timestamp>2436.445123</timestamp>
			</report>
			<report>
				<misses>385100001</misses>
				<total>0</total>
				<timestamp>2437.071629</timestamp>
			</report>
			<report>
				<misses>385200001</misses>
				<total>0</total>
				<timestamp>2437.698417</timestamp>
			</report>
			<report>
				<misses>385300001</misses>
				<total>0</total>
				<timestamp>2438.325434</timestamp>
			</report>
			<report>
				<misses>385400001</misses>
				<total>0</total>
				<timestamp>2438.952085</timestamp>
			</report>
			<report>
				<misses>385500001</misses>
				<total>0</total>
				<timestamp>2439.579272</timestamp>
			</report>
			<report>
				<misses>385600001</misses>
				<total>0</total>
				<timestamp>2440.209186</timestamp>
			</report>
			<report>
				<misses>385700001</misses>
				<total>0</total>
				<timestamp>2440.836073</timestamp>
			</report>
			<report>
				<misses>385800001</misses>
				<total>0</total>
				<timestamp>2441.462691</timestamp>
			</report>
			<report>
				<misses>385900001</misses>
				<total>0</total>
				<timestamp>2442.092498</timestamp>
			</report>
			<report>
				<misses>386000001</misses>
				<total>0</total>
				<timestamp>2442.718179</timestamp>
			</report>
			<report>
				<misses>386100001</misses>
				<total>0</total>
				<timestamp>2443.344128</timestamp>
			</report>
			<report>
				<misses>386200001</misses>
				<total>0</total>
				<timestamp>2443.970144</timestamp>
			</report>
			<report>
				<misses>386300001</misses>
				<total>0</total>
				<timestamp>2444.597110</timestamp>
			</report>
			<report>
				<misses>386400001</misses>
				<total>0</total>
				<timestamp>2445.224261</timestamp>
			</report>
			<report>
				<misses>386500001</misses>
				<total>0</total>
				<timestamp>2445.855193</timestamp>
			</report>
			<report>
				<misses>386600001</misses>
				<total>0</total>
				<timestamp>2446.485335</timestamp>
			</report>
			<report>
				<misses>386700001</misses>
				<total>0</total>
				<timestamp>2447.124725</timestamp>
			</report>
			<report>
				<misses>386800001</misses>
				<total>0</total>
				<timestamp>2447.752786</timestamp>
			</report>
			<report>
				<misses>386900001</misses>
				<total>0</total>
				<timestamp>2448.381406</timestamp>
			</report>
			<report>
				<misses>387000001</misses>
				<total>0</total>
				<timestamp>2449.009626</timestamp>
			</report>
			<report>
				<misses>387100001</misses>
				<total>0</total>
				<timestamp>2449.637858</timestamp>
			</report>
			<report>
				<misses>387200001</misses>
				<total>0</total>
				<timestamp>2450.271640</timestamp>
			</report>
			<report>
				<misses>387300001</misses>
				<total>0</total>
				<timestamp>2450.901123</timestamp>
			</report>
			<report>
				<misses>387400001</misses>
				<total>0</total>
				<timestamp>2451.530792</timestamp>
			</report>
			<report>
				<misses>387500001</misses>
				<total>0</total>
				<timestamp>2452.163373</timestamp>
			</report>
			<report>
				<misses>387600001</misses>
				<total>0</total>
				<timestamp>2452.796135</timestamp>
			</report>
			<report>
				<misses>387700001</misses>
				<total>0</total>
				<timestamp>2453.425935</timestamp>
			</report>
			<report>
				<misses>387800001</misses>
				<total>0</total>
				<timestamp>2454.064194</timestamp>
			</report>
			<report>
				<misses>387900001</misses>
				<total>0</total>
				<timestamp>2454.697877</timestamp>
			</report>
			<report>
				<misses>388000001</misses>
				<total>0</total>
				<timestamp>2455.328792</timestamp>
			</report>
			<report>
				<misses>388100001</misses>
				<total>0</total>
				<timestamp>2455.965574</timestamp>
			</report>
			<report>
				<misses>388200001</misses>
				<total>0</total>
				<timestamp>2456.597191</timestamp>
			</report>
			<report>
				<misses>388300001</misses>
				<total>0</total>
				<timestamp>2457.231924</timestamp>
			</report>
			<report>
				<misses>388400001</misses>
				<total>0</total>
				<timestamp>2457.865886</timestamp>
			</report>
			<report>
				<misses>388500001</misses>
				<total>0</total>
				<timestamp>2458.500470</timestamp>
			</report>
			<report>
				<misses>388600001</misses>
				<total>0</total>
				<timestamp>2459.130159</timestamp>
			</report>
			<report>
				<misses>388700001</misses>
				<total>0</total>
				<timestamp>2459.760591</timestamp>
			</report>
			<report>
				<misses>388800001</misses>
				<total>0</total>
				<timestamp>2460.390776</timestamp>
			</report>
			<report>
				<misses>388900001</misses>
				<total>0</total>
				<timestamp>2461.019516</timestamp>
			</report>
			<report>
				<misses>389000001</misses>
				<total>0</total>
				<timestamp>2461.643355</timestamp>
			</report>
			<report>
				<misses>389100001</misses>
				<total>0</total>
				<timestamp>2462.268584</timestamp>
			</report>
			<report>
				<misses>389200001</misses>
				<total>0</total>
				<timestamp>2462.893542</timestamp>
			</report>
			<report>
				<misses>389300001</misses>
				<total>0</total>
				<timestamp>2463.522753</timestamp>
			</report>
			<report>
				<misses>389400001</misses>
				<total>0</total>
				<timestamp>2464.152123</timestamp>
			</report>
			<report>
				<misses>389500001</misses>
				<total>0</total>
				<timestamp>2464.782326</timestamp>
			</report>
			<report>
				<misses>389600001</misses>
				<total>0</total>
				<timestamp>2465.407440</timestamp>
			</report>
			<report>
				<misses>389700001</misses>
				<total>0</total>
				<timestamp>2466.048865</timestamp>
			</report>
			<report>
				<misses>389800001</misses>
				<total>0</total>
				<timestamp>2466.674866</timestamp>
			</report>
			<report>
				<misses>389900001</misses>
				<total>0</total>
				<timestamp>2467.299497</timestamp>
			</report>
			<report>
				<misses>390000001</misses>
				<total>0</total>
				<timestamp>2467.925107</timestamp>
			</report>
			<report>
				<misses>390100001</misses>
				<total>0</total>
				<timestamp>2468.550449</timestamp>
			</report>
			<report>
				<misses>390200001</misses>
				<total>0</total>
				<timestamp>2469.190493</timestamp>
			</report>
			<report>
				<misses>390300001</misses>
				<total>0</total>
				<timestamp>2469.818747</timestamp>
			</report>
			<report>
				<misses>390400001</misses>
				<total>0</total>
				<timestamp>2470.446750</timestamp>
			</report>
			<report>
				<misses>390500001</misses>
				<total>0</total>
				<timestamp>2471.073073</timestamp>
			</report>
			<report>
				<misses>390600001</misses>
				<total>0</total>
				<timestamp>2471.698554</timestamp>
			</report>
			<report>
				<misses>390700001</misses>
				<total>0</total>
				<timestamp>2472.324867</timestamp>
			</report>
			<report>
				<misses>390800001</misses>
				<total>0</total>
				<timestamp>2472.950755</timestamp>
			</report>
			<report>
				<misses>390900001</misses>
				<total>0</total>
				<timestamp>2473.574298</timestamp>
			</report>
			<report>
				<misses>391000001</misses>
				<total>0</total>
				<timestamp>2474.197391</timestamp>
			</report>
			<report>
				<misses>391100001</misses>
				<total>0</total>
				<timestamp>2474.820120</timestamp>
			</report>
			<report>
				<misses>391200001</misses>
				<total>0</total>
				<timestamp>2475.442738</timestamp>
			</report>
			<report>
				<misses>391300001</misses>
				<total>0</total>
				<timestamp>2476.065338</timestamp>
			</report>
			<report>
				<misses>391400001</misses>
				<total>0</total>
				<timestamp>2476.688270</timestamp>
			</report>
			<report>
				<misses>391500001</misses>
				<total>0</total>
				<timestamp>2477.311690</timestamp>
			</report>
			<report>
				<misses>391600001</misses>
				<total>0</total>
				<timestamp>2477.935215</timestamp>
			</report>
			<report>
				<misses>391700001</misses>
				<total>0</total>
				<timestamp>2478.558310</timestamp>
			</report>
			<report>
				<misses>391800001</misses>
				<total>0</total>
				<timestamp>2479.181714</timestamp>
			</report>
			<report>
				<misses>391900001</misses>
				<total>0</total>
				<timestamp>2479.807222</timestamp>
			</report>
			<report>
				<misses>392000001</misses>
				<total>0</total>
				<timestamp>2480.429937</timestamp>
			</report>
			<report>
				<misses>392100001</misses>
				<total>0</total>
				<timestamp>2481.052849</timestamp>
			</report>
			<report>
				<misses>392200001</misses>
				<total>0</total>
				<timestamp>2481.675386</timestamp>
			</report>
			<report>
				<misses>392300001</misses>
				<total>0</total>
				<timestamp>2482.297345</timestamp>
			</report>
			<report>
				<misses>392400001</misses>
				<total>0</total>
				<timestamp>2482.925014</timestamp>
			</report>
			<report>
				<misses>392500001</misses>
				<total>0</total>
				<timestamp>2483.557399</timestamp>
			</report>
			<report>
				<misses>392600001</misses>
				<total>0</total>
				<timestamp>2484.189658</timestamp>
			</report>
			<report>
				<misses>392700001</misses>
				<total>0</total>
				<timestamp>2484.821426</timestamp>
			</report>
			<report>
				<misses>392800001</misses>
				<total>0</total>
				<timestamp>2485.461025</timestamp>
			</report>
			<report>
				<misses>392900001</misses>
				<total>0</total>
				<timestamp>2486.092960</timestamp>
			</report>
			<report>
				<misses>393000001</misses>
				<total>0</total>
				<timestamp>2486.724953</timestamp>
			</report>
			<report>
				<misses>393100001</misses>
				<total>0</total>
				<timestamp>2487.355588</timestamp>
			</report>
			<report>
				<misses>393200001</misses>
				<total>0</total>
				<timestamp>2487.991645</timestamp>
			</report>
			<report>
				<misses>393300001</misses>
				<total>0</total>
				<timestamp>2488.625802</timestamp>
			</report>
			<report>
				<misses>393400001</misses>
				<total>0</total>
				<timestamp>2489.257028</timestamp>
			</report>
			<report>
				<misses>393500001</misses>
				<total>0</total>
				<timestamp>2489.887971</timestamp>
			</report>
			<report>
				<misses>393600001</misses>
				<total>0</total>
				<timestamp>2490.518689</timestamp>
			</report>
			<report>
				<misses>393700001</misses>
				<total>0</total>
				<timestamp>2491.152822</timestamp>
			</report>
			<report>
				<misses>393800001</misses>
				<total>0</total>
				<timestamp>2491.791729</timestamp>
			</report>
			<report>
				<misses>393900001</misses>
				<total>0</total>
				<timestamp>2492.422806</timestamp>
			</report>
			<report>
				<misses>394000001</misses>
				<total>0</total>
				<timestamp>2493.056937</timestamp>
			</report>
			<report>
				<misses>394100001</misses>
				<total>0</total>
				<timestamp>2493.688611</timestamp>
			</report>
			<report>
				<misses>394200001</misses>
				<total>0</total>
				<timestamp>2494.329617</timestamp>
			</report>
			<report>
				<misses>394300001</misses>
				<total>0</total>
				<timestamp>2494.970344</timestamp>
			</report>
			<report>
				<misses>394400001</misses>
				<total>0</total>
				<timestamp>2495.598958</timestamp>
			</report>
			<report>
				<misses>394500001</misses>
				<total>0</total>
				<timestamp>2496.226924</timestamp>
			</report>
			<report>
				<misses>394600001</misses>
				<total>0</total>
				<timestamp>2496.855216</timestamp>
			</report>
			<report>
				<misses>394700001</misses>
				<total>0</total>
				<timestamp>2497.482249</timestamp>
			</report>
			<report>
				<misses>394800001</misses>
				<total>0</total>
				<timestamp>2498.109694</timestamp>
			</report>
			<report>
				<misses>394900001</misses>
				<total>0</total>
				<timestamp>2498.737445</timestamp>
			</report>
			<report>
				<misses>395000001</misses>
				<total>0</total>
				<timestamp>2499.364932</timestamp>
			</report>
			<report>
				<misses>395100001</misses>
				<total>0</total>
				<timestamp>2499.992417</timestamp>
			</report>
			<report>
				<misses>395200001</misses>
				<total>0</total>
				<timestamp>2500.619488</timestamp>
			</report>
			<report>
				<misses>395300001</misses>
				<total>0</total>
				<timestamp>2501.247466</timestamp>
			</report>
			<report>
				<misses>395400001</misses>
				<total>0</total>
				<timestamp>2501.883388</timestamp>
			</report>
			<report>
				<misses>395500001</misses>
				<total>0</total>
				<timestamp>2502.509113</timestamp>
			</report>
			<report>
				<misses>395600001</misses>
				<total>0</total>
				<timestamp>2503.132726</timestamp>
			</report>
			<report>
				<misses>395700001</misses>
				<total>0</total>
				<timestamp>2503.757017</timestamp>
			</report>
			<report>
				<misses>395800001</misses>
				<total>0</total>
				<timestamp>2504.381238</timestamp>
			</report>
			<report>
				<misses>395900001</misses>
				<total>0</total>
				<timestamp>2505.004833</timestamp>
			</report>
			<report>
				<misses>396000001</misses>
				<total>0</total>
				<timestamp>2505.628605</timestamp>
			</report>
			<report>
				<misses>396100001</misses>
				<total>0</total>
				<timestamp>2506.255473</timestamp>
			</report>
			<report>
				<misses>396200001</misses>
				<total>0</total>
				<timestamp>2506.878339</timestamp>
			</report>
			<report>
				<misses>396300001</misses>
				<total>0</total>
				<timestamp>2507.502504</timestamp>
			</report>
			<report>
				<misses>396400001</misses>
				<total>0</total>
				<timestamp>2508.125883</timestamp>
			</report>
			<report>
				<misses>396500001</misses>
				<total>0</total>
				<timestamp>2508.748976</timestamp>
			</report>
			<report>
				<misses>396600001</misses>
				<total>0</total>
				<timestamp>2509.374479</timestamp>
			</report>
			<report>
				<misses>396700001</misses>
				<total>0</total>
				<timestamp>2510.004634</timestamp>
			</report>
			<report>
				<misses>396800001</misses>
				<total>0</total>
				<timestamp>2510.634336</timestamp>
			</report>
			<report>
				<misses>396900001</misses>
				<total>0</total>
				<timestamp>2511.264525</timestamp>
			</report>
			<report>
				<misses>397000001</misses>
				<total>0</total>
				<timestamp>2511.896930</timestamp>
			</report>
			<report>
				<misses>397100001</misses>
				<total>0</total>
				<timestamp>2512.526593</timestamp>
			</report>
			<report>
				<misses>397200001</misses>
				<total>0</total>
				<timestamp>2513.156455</timestamp>
			</report>
			<report>
				<misses>397300001</misses>
				<total>0</total>
				<timestamp>2513.786548</timestamp>
			</report>
			<report>
				<misses>397400001</misses>
				<total>0</total>
				<timestamp>2514.416054</timestamp>
			</report>
			<report>
				<misses>397500001</misses>
				<total>0</total>
				<timestamp>2515.049001</timestamp>
			</report>
			<report>
				<misses>397600001</misses>
				<total>0</total>
				<timestamp>2515.677067</timestamp>
			</report>
			<report>
				<misses>397700001</misses>
				<total>0</total>
				<timestamp>2516.305968</timestamp>
			</report>
			<report>
				<misses>397800001</misses>
				<total>0</total>
				<timestamp>2516.934112</timestamp>
			</report>
			<report>
				<misses>397900001</misses>
				<total>0</total>
				<timestamp>2517.561340</timestamp>
			</report>
			<report>
				<misses>398000001</misses>
				<total>0</total>
				<timestamp>2518.189138</timestamp>
			</report>
			<report>
				<misses>398100001</misses>
				<total>0</total>
				<timestamp>2518.815118</timestamp>
			</report>
			<report>
				<misses>398200001</misses>
				<total>0</total>
				<timestamp>2519.441481</timestamp>
			</report>
			<report>
				<misses>398300001</misses>
				<total>0</total>
				<timestamp>2520.067744</timestamp>
			</report>
			<report>
				<misses>398400001</misses>
				<total>0</total>
				<timestamp>2520.700485</timestamp>
			</report>
			<report>
				<misses>398500001</misses>
				<total>0</total>
				<timestamp>2521.329719</timestamp>
			</report>
			<report>
				<misses>398600001</misses>
				<total>0</total>
				<timestamp>2521.960847</timestamp>
			</report>
			<report>
				<misses>398700001</misses>
				<total>0</total>
				<timestamp>2522.587961</timestamp>
			</report>
			<report>
				<misses>398800001</misses>
				<total>0</total>
				<timestamp>2523.214666</timestamp>
			</report>
			<report>
				<misses>398900001</misses>
				<total>0</total>
				<timestamp>2523.841234</timestamp>
			</report>
			<report>
				<misses>399000001</misses>
				<total>0</total>
				<timestamp>2524.467957</timestamp>
			</report>
			<report>
				<misses>399100001</misses>
				<total>0</total>
				<timestamp>2525.094693</timestamp>
			</report>
			<report>
				<misses>399200001</misses>
				<total>0</total>
				<timestamp>2525.725502</timestamp>
			</report>
			<report>
				<misses>399300001</misses>
				<total>0</total>
				<timestamp>2526.351428</timestamp>
			</report>
			<report>
				<misses>399400001</misses>
				<total>0</total>
				<timestamp>2526.977081</timestamp>
			</report>
			<report>
				<misses>399500001</misses>
				<total>0</total>
				<timestamp>2527.603028</timestamp>
			</report>
			<report>
				<misses>399600001</misses>
				<total>0</total>
				<timestamp>2528.229817</timestamp>
			</report>
			<report>
				<misses>399700001</misses>
				<total>0</total>
				<timestamp>2528.855908</timestamp>
			</report>
			<report>
				<misses>399800001</misses>
				<total>0</total>
				<timestamp>2529.486262</timestamp>
			</report>
			<report>
				<misses>399900001</misses>
				<total>0</total>
				<timestamp>2530.116831</timestamp>
			</report>
			<report>
				<misses>400000001</misses>
				<total>0</total>
				<timestamp>2530.746883</timestamp>
			</report>
			<report>
				<misses>400100001</misses>
				<total>0</total>
				<timestamp>2531.377829</timestamp>
			</report>
			<report>
				<misses>400200001</misses>
				<total>0</total>
				<timestamp>2532.011847</timestamp>
			</report>
			<report>
				<misses>400300001</misses>
				<total>0</total>
				<timestamp>2532.641905</timestamp>
			</report>
			<report>
				<misses>400400001</misses>
				<total>0</total>
				<timestamp>2533.275261</timestamp>
			</report>
			<report>
				<misses>400500001</misses>
				<total>0</total>
				<timestamp>2533.905741</timestamp>
			</report>
			<report>
				<misses>400600001</misses>
				<total>0</total>
				<timestamp>2534.537494</timestamp>
			</report>
			<report>
				<misses>400700001</misses>
				<total>0</total>
				<timestamp>2535.168329</timestamp>
			</report>
			<report>
				<misses>400800001</misses>
				<total>0</total>
				<timestamp>2535.798089</timestamp>
			</report>
			<report>
				<misses>400900001</misses>
				<total>0</total>
				<timestamp>2536.426511</timestamp>
			</report>
			<report>
				<misses>401000001</misses>
				<total>0</total>
				<timestamp>2537.056391</timestamp>
			</report>
			<report>
				<misses>401100001</misses>
				<total>0</total>
				<timestamp>2537.685472</timestamp>
			</report>
			<report>
				<misses>401200001</misses>
				<total>0</total>
				<timestamp>2538.314307</timestamp>
			</report>
			<report>
				<misses>401300001</misses>
				<total>0</total>
				<timestamp>2538.943999</timestamp>
			</report>
			<report>
				<misses>401400001</misses>
				<total>0</total>
				<timestamp>2539.573087</timestamp>
			</report>
			<report>
				<misses>401500001</misses>
				<total>0</total>
				<timestamp>2540.201911</timestamp>
			</report>
			<report>
				<misses>401600001</misses>
				<total>0</total>
				<timestamp>2540.831245</timestamp>
			</report>
			<report>
				<misses>401700001</misses>
				<total>0</total>
				<timestamp>2541.460396</timestamp>
			</report>
			<report>
				<misses>401800001</misses>
				<total>0</total>
				<timestamp>2542.092188</timestamp>
			</report>
			<report>
				<misses>401900001</misses>
				<total>0</total>
				<timestamp>2542.726698</timestamp>
			</report>
			<report>
				<misses>402000001</misses>
				<total>0</total>
				<timestamp>2543.362584</timestamp>
			</report>
			<report>
				<misses>402100001</misses>
				<total>0</total>
				<timestamp>2543.993914</timestamp>
			</report>
			<report>
				<misses>402200001</misses>
				<total>0</total>
				<timestamp>2544.625361</timestamp>
			</report>
			<report>
				<misses>402300001</misses>
				<total>0</total>
				<timestamp>2545.255668</timestamp>
			</report>
			<report>
				<misses>402400001</misses>
				<total>0</total>
				<timestamp>2545.886533</timestamp>
			</report>
			<report>
				<misses>402500001</misses>
				<total>0</total>
				<timestamp>2546.518102</timestamp>
			</report>
			<report>
				<misses>402600001</misses>
				<total>0</total>
				<timestamp>2547.145934</timestamp>
			</report>
			<report>
				<misses>402700001</misses>
				<total>0</total>
				<timestamp>2547.774167</timestamp>
			</report>
			<report>
				<misses>402800001</misses>
				<total>0</total>
				<timestamp>2548.403410</timestamp>
			</report>
			<report>
				<misses>402900001</misses>
				<total>0</total>
				<timestamp>2549.032505</timestamp>
			</report>
			<report>
				<misses>403000001</misses>
				<total>0</total>
				<timestamp>2549.658108</timestamp>
			</report>
			<report>
				<misses>403100001</misses>
				<total>0</total>
				<timestamp>2550.283318</timestamp>
			</report>
			<report>
				<misses>403200001</misses>
				<total>0</total>
				<timestamp>2550.914306</timestamp>
			</report>
			<report>
				<misses>403300001</misses>
				<total>0</total>
				<timestamp>2551.541836</timestamp>
			</report>
			<report>
				<misses>403400001</misses>
				<total>0</total>
				<timestamp>2552.169813</timestamp>
			</report>
			<report>
				<misses>403500001</misses>
				<total>0</total>
				<timestamp>2552.801568</timestamp>
			</report>
			<report>
				<misses>403600001</misses>
				<total>0</total>
				<timestamp>2553.432134</timestamp>
			</report>
			<report>
				<misses>403700001</misses>
				<total>0</total>
				<timestamp>2554.063033</timestamp>
			</report>
			<report>
				<misses>403800001</misses>
				<total>0</total>
				<timestamp>2554.694092</timestamp>
			</report>
			<report>
				<misses>403900001</misses>
				<total>0</total>
				<timestamp>2555.324989</timestamp>
			</report>
			<report>
				<misses>404000001</misses>
				<total>0</total>
				<timestamp>2555.955408</timestamp>
			</report>
			<report>
				<misses>404100001</misses>
				<total>0</total>
				<timestamp>2556.586839</timestamp>
			</report>
			<report>
				<misses>404200001</misses>
				<total>0</total>
				<timestamp>2557.218387</timestamp>
			</report>
			<report>
				<misses>404300001</misses>
				<total>0</total>
				<timestamp>2557.849128</timestamp>
			</report>
			<report>
				<misses>404400001</misses>
				<total>0</total>
				<timestamp>2558.480295</timestamp>
			</report>
			<report>
				<misses>404500001</misses>
				<total>0</total>
				<timestamp>2559.111801</timestamp>
			</report>
			<report>
				<misses>404600001</misses>
				<total>0</total>
				<timestamp>2559.743028</timestamp>
			</report>
			<report>
				<misses>404700001</misses>
				<total>0</total>
				<timestamp>2560.374306</timestamp>
			</report>
			<report>
				<misses>404800001</misses>
				<total>0</total>
				<timestamp>2561.001633</timestamp>
			</report>
			<report>
				<misses>404900001</misses>
				<total>0</total>
				<timestamp>2561.646694</timestamp>
			</report>
			<report>
				<misses>405000001</misses>
				<total>0</total>
				<timestamp>2562.279819</timestamp>
			</report>
			<report>
				<misses>405100001</misses>
				<total>0</total>
				<timestamp>2562.927355</timestamp>
			</report>
			<report>
				<misses>405200001</misses>
				<total>0</total>
				<timestamp>2563.565607</timestamp>
			</report>
			<report>
				<misses>405300001</misses>
				<total>0</total>
				<timestamp>2564.203511</timestamp>
			</report>
			<report>
				<misses>405400001</misses>
				<total>0</total>
				<timestamp>2564.846346</timestamp>
			</report>
			<report>
				<misses>405500001</misses>
				<total>0</total>
				<timestamp>2565.496828</timestamp>
			</report>
			<report>
				<misses>405600001</misses>
				<total>0</total>
				<timestamp>2566.130838</timestamp>
			</report>
			<report>
				<misses>405700001</misses>
				<total>0</total>
				<timestamp>2566.765557</timestamp>
			</report>
			<report>
				<misses>405800001</misses>
				<total>0</total>
				<timestamp>2567.403878</timestamp>
			</report>
			<report>
				<misses>405900001</misses>
				<total>0</total>
				<timestamp>2568.053484</timestamp>
			</report>
			<report>
				<misses>406000001</misses>
				<total>0</total>
				<timestamp>2568.690276</timestamp>
			</report>
			<report>
				<misses>406100001</misses>
				<total>0</total>
				<timestamp>2569.324878</timestamp>
			</report>
			<report>
				<misses>406200001</misses>
				<total>0</total>
				<timestamp>2569.963426</timestamp>
			</report>
			<report>
				<misses>406300001</misses>
				<total>0</total>
				<timestamp>2570.597505</timestamp>
			</report>
			<report>
				<misses>406400001</misses>
				<total>0</total>
				<timestamp>2571.238855</timestamp>
			</report>
			<report>
				<misses>406500001</misses>
				<total>0</total>
				<timestamp>2571.872174</timestamp>
			</report>
			<report>
				<misses>406600001</misses>
				<total>0</total>
				<timestamp>2572.507717</timestamp>
			</report>
			<report>
				<misses>406700001</misses>
				<total>0</total>
				<timestamp>2573.147493</timestamp>
			</report>
			<report>
				<misses>406800001</misses>
				<total>0</total>
				<timestamp>2573.782400</timestamp>
			</report>
			<report>
				<misses>406900001</misses>
				<total>0</total>
				<timestamp>2574.418397</timestamp>
			</report>
			<report>
				<misses>407000001</misses>
				<total>0</total>
				<timestamp>2575.055662</timestamp>
			</report>
			<report>
				<misses>407100001</misses>
				<total>0</total>
				<timestamp>2575.691301</timestamp>
			</report>
			<report>
				<misses>407200001</misses>
				<total>0</total>
				<timestamp>2576.331074</timestamp>
			</report>
			<report>
				<misses>407300001</misses>
				<total>0</total>
				<timestamp>2576.961681</timestamp>
			</report>
			<report>
				<misses>407400001</misses>
				<total>0</total>
				<timestamp>2577.591757</timestamp>
			</report>
			<report>
				<misses>407500001</misses>
				<total>0</total>
				<timestamp>2578.224033</timestamp>
			</report>
			<report>
				<misses>407600001</misses>
				<total>0</total>
				<timestamp>2578.856159</timestamp>
			</report>
			<report>
				<misses>407700001</misses>
				<total>0</total>
				<timestamp>2579.486615</timestamp>
			</report>
			<report>
				<misses>407800001</misses>
				<total>0</total>
				<timestamp>2580.124622</timestamp>
			</report>
			<report>
				<misses>407900001</misses>
				<total>0</total>
				<timestamp>2580.756951</timestamp>
			</report>
			<report>
				<misses>408000001</misses>
				<total>0</total>
				<timestamp>2581.387758</timestamp>
			</report>
			<report>
				<misses>408100001</misses>
				<total>0</total>
				<timestamp>2582.020630</timestamp>
			</report>
			<report>
				<misses>408200001</misses>
				<total>0</total>
				<timestamp>2582.663165</timestamp>
			</report>
			<report>
				<misses>408300001</misses>
				<total>0</total>
				<timestamp>2583.311503</timestamp>
			</report>
			<report>
				<misses>408400001</misses>
				<total>0</total>
				<timestamp>2583.962934</timestamp>
			</report>
			<report>
				<misses>408500001</misses>
				<total>0</total>
				<timestamp>2584.595764</timestamp>
			</report>
			<report>
				<misses>408600001</misses>
				<total>0</total>
				<timestamp>2585.228418</timestamp>
			</report>
			<report>
				<misses>408700001</misses>
				<total>0</total>
				<timestamp>2585.859094</timestamp>
			</report>
			<report>
				<misses>408800001</misses>
				<total>0</total>
				<timestamp>2586.489242</timestamp>
			</report>
			<report>
				<misses>408900001</misses>
				<total>0</total>
				<timestamp>2587.119945</timestamp>
			</report>
			<report>
				<misses>409000001</misses>
				<total>0</total>
				<timestamp>2587.750503</timestamp>
			</report>
			<report>
				<misses>409100001</misses>
				<total>0</total>
				<timestamp>2588.380487</timestamp>
			</report>
			<report>
				<misses>409200001</misses>
				<total>0</total>
				<timestamp>2589.011390</timestamp>
			</report>
			<report>
				<misses>409300001</misses>
				<total>0</total>
				<timestamp>2589.644195</timestamp>
			</report>
			<report>
				<misses>409400001</misses>
				<total>0</total>
				<timestamp>2590.277381</timestamp>
			</report>
			<report>
				<misses>409500001</misses>
				<total>0</total>
				<timestamp>2590.912314</timestamp>
			</report>
			<report>
				<misses>409600001</misses>
				<total>0</total>
				<timestamp>2591.548043</timestamp>
			</report>
			<report>
				<misses>409700001</misses>
				<total>0</total>
				<timestamp>2592.179376</timestamp>
			</report>
			<report>
				<misses>409800001</misses>
				<total>0</total>
				<timestamp>2592.810901</timestamp>
			</report>
			<report>
				<misses>409900001</misses>
				<total>0</total>
				<timestamp>2593.445604</timestamp>
			</report>
			<report>
				<misses>410000001</misses>
				<total>0</total>
				<timestamp>2594.076662</timestamp>
			</report>
			<report>
				<misses>410100001</misses>
				<total>0</total>
				<timestamp>2594.707829</timestamp>
			</report>
			<report>
				<misses>410200001</misses>
				<total>0</total>
				<timestamp>2595.339651</timestamp>
			</report>
			<report>
				<misses>410300001</misses>
				<total>0</total>
				<timestamp>2595.971959</timestamp>
			</report>
			<report>
				<misses>410400001</misses>
				<total>0</total>
				<timestamp>2596.602905</timestamp>
			</report>
			<report>
				<misses>410500001</misses>
				<total>0</total>
				<timestamp>2597.233993</timestamp>
			</report>
			<report>
				<misses>410600001</misses>
				<total>0</total>
				<timestamp>2597.865167</timestamp>
			</report>
			<report>
				<misses>410700001</misses>
				<total>0</total>
				<timestamp>2598.496326</timestamp>
			</report>
			<report>
				<misses>410800001</misses>
				<total>0</total>
				<timestamp>2599.127191</timestamp>
			</report>
			<report>
				<misses>410900001</misses>
				<total>0</total>
				<timestamp>2599.757973</timestamp>
			</report>
			<report>
				<misses>411000001</misses>
				<total>0</total>
				<timestamp>2600.390235</timestamp>
			</report>
			<report>
				<misses>411100001</misses>
				<total>0</total>
				<timestamp>2601.021298</timestamp>
			</report>
			<report>
				<misses>411200001</misses>
				<total>0</total>
				<timestamp>2601.654215</timestamp>
			</report>
			<report>
				<misses>411300001</misses>
				<total>0</total>
				<timestamp>2602.290237</timestamp>
			</report>
			<report>
				<misses>411400001</misses>
				<total>0</total>
				<timestamp>2602.928527</timestamp>
			</report>
			<report>
				<misses>411500001</misses>
				<total>0</total>
				<timestamp>2603.559141</timestamp>
			</report>
			<report>
				<misses>411600001</misses>
				<total>0</total>
				<timestamp>2604.192137</timestamp>
			</report>
			<report>
				<misses>411700001</misses>
				<total>0</total>
				<timestamp>2604.826251</timestamp>
			</report>
			<report>
				<misses>411800001</misses>
				<total>0</total>
				<timestamp>2605.459163</timestamp>
			</report>
			<report>
				<misses>411900001</misses>
				<total>0</total>
				<timestamp>2606.091424</timestamp>
			</report>
			<report>
				<misses>412000001</misses>
				<total>0</total>
				<timestamp>2606.727482</timestamp>
			</report>
			<report>
				<misses>412100001</misses>
				<total>0</total>
				<timestamp>2607.359944</timestamp>
			</report>
			<report>
				<misses>412200001</misses>
				<total>0</total>
				<timestamp>2607.997062</timestamp>
			</report>
			<report>
				<misses>412300001</misses>
				<total>0</total>
				<timestamp>2608.630616</timestamp>
			</report>
			<report>
				<misses>412400001</misses>
				<total>0</total>
				<timestamp>2609.270540</timestamp>
			</report>
			<report>
				<misses>412500001</misses>
				<total>0</total>
				<timestamp>2609.904639</timestamp>
			</report>
			<report>
				<misses>412600001</misses>
				<total>0</total>
				<timestamp>2610.542245</timestamp>
			</report>
			<report>
				<misses>412700001</misses>
				<total>0</total>
				<timestamp>2611.177422</timestamp>
			</report>
			<report>
				<misses>412800001</misses>
				<total>0</total>
				<timestamp>2611.810401</timestamp>
			</report>
			<report>
				<misses>412900001</misses>
				<total>0</total>
				<timestamp>2612.443538</timestamp>
			</report>
			<report>
				<misses>413000001</misses>
				<total>0</total>
				<timestamp>2613.076038</timestamp>
			</report>
			<report>
				<misses>413100001</misses>
				<total>0</total>
				<timestamp>2613.715311</timestamp>
			</report>
			<report>
				<misses>413200001</misses>
				<total>0</total>
				<timestamp>2614.348323</timestamp>
			</report>
			<report>
				<misses>413300001</misses>
				<total>0</total>
				<timestamp>2614.986830</timestamp>
			</report>
			<report>
				<misses>413400001</misses>
				<total>0</total>
				<timestamp>2615.624707</timestamp>
			</report>
			<report>
				<misses>413500001</misses>
				<total>0</total>
				<timestamp>2616.273382</timestamp>
			</report>
			<report>
				<misses>413600001</misses>
				<total>0</total>
				<timestamp>2616.907761</timestamp>
			</report>
			<report>
				<misses>413700001</misses>
				<total>0</total>
				<timestamp>2617.555372</timestamp>
			</report>
			<report>
				<misses>413800001</misses>
				<total>0</total>
				<timestamp>2618.201452</timestamp>
			</report>
			<report>
				<misses>413900001</misses>
				<total>0</total>
				<timestamp>2618.836616</timestamp>
			</report>
			<report>
				<misses>414000001</misses>
				<total>0</total>
				<timestamp>2619.471350</timestamp>
			</report>
			<report>
				<misses>414100001</misses>
				<total>0</total>
				<timestamp>2620.111122</timestamp>
			</report>
			<report>
				<misses>414200001</misses>
				<total>0</total>
				<timestamp>2620.752952</timestamp>
			</report>
			<report>
				<misses>414300001</misses>
				<total>0</total>
				<timestamp>2621.388324</timestamp>
			</report>
			<report>
				<misses>414400001</misses>
				<total>0</total>
				<timestamp>2622.021643</timestamp>
			</report>
			<report>
				<misses>414500001</misses>
				<total>0</total>
				<timestamp>2622.655320</timestamp>
			</report>
			<report>
				<misses>414600001</misses>
				<total>0</total>
				<timestamp>2623.295702</timestamp>
			</report>
			<report>
				<misses>414700001</misses>
				<total>0</total>
				<timestamp>2623.937437</timestamp>
			</report>
			<report>
				<misses>414800001</misses>
				<total>0</total>
				<timestamp>2624.573128</timestamp>
			</report>
			<report>
				<misses>414900001</misses>
				<total>0</total>
				<timestamp>2625.216757</timestamp>
			</report>
			<report>
				<misses>415000001</misses>
				<total>0</total>
				<timestamp>2625.860070</timestamp>
			</report>
			<report>
				<misses>415100001</misses>
				<total>0</total>
				<timestamp>2626.502127</timestamp>
			</report>
			<report>
				<misses>415200001</misses>
				<total>0</total>
				<timestamp>2627.162118</timestamp>
			</report>
			<report>
				<misses>415300001</misses>
				<total>0</total>
				<timestamp>2627.797916</timestamp>
			</report>
			<report>
				<misses>415400001</misses>
				<total>0</total>
				<timestamp>2628.449526</timestamp>
			</report>
			<report>
				<misses>415500001</misses>
				<total>0</total>
				<timestamp>2629.104349</timestamp>
			</report>
			<report>
				<misses>415600001</misses>
				<total>0</total>
				<timestamp>2629.738650</timestamp>
			</report>
			<report>
				<misses>415700001</misses>
				<total>0</total>
				<timestamp>2630.374796</timestamp>
			</report>
			<report>
				<misses>415800001</misses>
				<total>0</total>
				<timestamp>2631.015446</timestamp>
			</report>
			<report>
				<misses>415900001</misses>
				<total>0</total>
				<timestamp>2631.645247</timestamp>
			</report>
			<report>
				<misses>416000001</misses>
				<total>0</total>
				<timestamp>2632.276632</timestamp>
			</report>
			<report>
				<misses>416100001</misses>
				<total>0</total>
				<timestamp>2632.906515</timestamp>
			</report>
			<report>
				<misses>416200001</misses>
				<total>0</total>
				<timestamp>2633.535706</timestamp>
			</report>
			<report>
				<misses>416300001</misses>
				<total>0</total>
				<timestamp>2634.164480</timestamp>
			</report>
			<report>
				<misses>416400001</misses>
				<total>0</total>
				<timestamp>2634.793679</timestamp>
			</report>
			<report>
				<misses>416500001</misses>
				<total>0</total>
				<timestamp>2635.422946</timestamp>
			</report>
			<report>
				<misses>416600001</misses>
				<total>0</total>
				<timestamp>2636.051597</timestamp>
			</report>
			<report>
				<misses>416700001</misses>
				<total>0</total>
				<timestamp>2636.681519</timestamp>
			</report>
			<report>
				<misses>416800001</misses>
				<total>0</total>
				<timestamp>2637.313214</timestamp>
			</report>
			<report>
				<misses>416900001</misses>
				<total>0</total>
				<timestamp>2637.942106</timestamp>
			</report>
			<report>
				<misses>417000001</misses>
				<total>0</total>
				<timestamp>2638.570659</timestamp>
			</report>
			<report>
				<misses>417100001</misses>
				<total>0</total>
				<timestamp>2639.199503</timestamp>
			</report>
			<report>
				<misses>417200001</misses>
				<total>0</total>
				<timestamp>2639.828027</timestamp>
			</report>
			<report>
				<misses>417300001</misses>
				<total>0</total>
				<timestamp>2640.456512</timestamp>
			</report>
			<report>
				<misses>417400001</misses>
				<total>0</total>
				<timestamp>2641.085085</timestamp>
			</report>
			<report>
				<misses>417500001</misses>
				<total>0</total>
				<timestamp>2641.713382</timestamp>
			</report>
			<report>
				<misses>417600001</misses>
				<total>0</total>
				<timestamp>2642.341735</timestamp>
			</report>
			<report>
				<misses>417700001</misses>
				<total>0</total>
				<timestamp>2642.969842</timestamp>
			</report>
			<report>
				<misses>417800001</misses>
				<total>0</total>
				<timestamp>2643.598266</timestamp>
			</report>
			<report>
				<misses>417900001</misses>
				<total>0</total>
				<timestamp>2644.226768</timestamp>
			</report>
			<report>
				<misses>418000001</misses>
				<total>0</total>
				<timestamp>2644.864411</timestamp>
			</report>
			<report>
				<misses>418100001</misses>
				<total>0</total>
				<timestamp>2645.496148</timestamp>
			</report>
			<report>
				<misses>418200001</misses>
				<total>0</total>
				<timestamp>2646.126668</timestamp>
			</report>
			<report>
				<misses>418300001</misses>
				<total>0</total>
				<timestamp>2646.756956</timestamp>
			</report>
			<report>
				<misses>418400001</misses>
				<total>0</total>
				<timestamp>2647.384759</timestamp>
			</report>
			<report>
				<misses>418500001</misses>
				<total>0</total>
				<timestamp>2648.011701</timestamp>
			</report>
			<report>
				<misses>418600001</misses>
				<total>0</total>
				<timestamp>2648.636199</timestamp>
			</report>
			<report>
				<misses>418700001</misses>
				<total>0</total>
				<timestamp>2649.262833</timestamp>
			</report>
			<report>
				<misses>418800001</misses>
				<total>0</total>
				<timestamp>2649.889179</timestamp>
			</report>
			<report>
				<misses>418900001</misses>
				<total>0</total>
				<timestamp>2650.515400</timestamp>
			</report>
			<report>
				<misses>419000001</misses>
				<total>0</total>
				<timestamp>2651.141713</timestamp>
			</report>
			<report>
				<misses>419100001</misses>
				<total>0</total>
				<timestamp>2651.770351</timestamp>
			</report>
			<report>
				<misses>419200001</misses>
				<total>0</total>
				<timestamp>2652.396626</timestamp>
			</report>
			<report>
				<misses>419300001</misses>
				<total>0</total>
				<timestamp>2653.028679</timestamp>
			</report>
			<report>
				<misses>419400001</misses>
				<total>0</total>
				<timestamp>2653.653975</timestamp>
			</report>
			<report>
				<misses>419500001</misses>
				<total>0</total>
				<timestamp>2654.279923</timestamp>
			</report>
			<report>
				<misses>419600001</misses>
				<total>0</total>
				<timestamp>2654.913068</timestamp>
			</report>
			<report>
				<misses>419700001</misses>
				<total>0</total>
				<timestamp>2655.543072</timestamp>
			</report>
			<report>
				<misses>419800001</misses>
				<total>0</total>
				<timestamp>2656.176198</timestamp>
			</report>
			<report>
				<misses>419900001</misses>
				<total>0</total>
				<timestamp>2656.804985</timestamp>
			</report>
			<report>
				<misses>420000001</misses>
				<total>0</total>
				<timestamp>2657.432399</timestamp>
			</report>
			<report>
				<misses>420100001</misses>
				<total>0</total>
				<timestamp>2658.062482</timestamp>
			</report>
			<report>
				<misses>420200001</misses>
				<total>0</total>
				<timestamp>2658.690951</timestamp>
			</report>
			<report>
				<misses>420300001</misses>
				<total>0</total>
				<timestamp>2659.321391</timestamp>
			</report>
			<report>
				<misses>420400001</misses>
				<total>0</total>
				<timestamp>2659.957197</timestamp>
			</report>
			<report>
				<misses>420500001</misses>
				<total>0</total>
				<timestamp>2660.586306</timestamp>
			</report>
			<report>
				<misses>420600001</misses>
				<total>0</total>
				<timestamp>2661.217038</timestamp>
			</report>
			<report>
				<misses>420700001</misses>
				<total>0</total>
				<timestamp>2661.849854</timestamp>
			</report>
			<report>
				<misses>420800001</misses>
				<total>0</total>
				<timestamp>2662.479301</timestamp>
			</report>
			<report>
				<misses>420900001</misses>
				<total>0</total>
				<timestamp>2663.110532</timestamp>
			</report>
			<report>
				<misses>421000001</misses>
				<total>0</total>
				<timestamp>2663.740301</timestamp>
			</report>
			<report>
				<misses>421100001</misses>
				<total>0</total>
				<timestamp>2664.366262</timestamp>
			</report>
			<report>
				<misses>421200001</misses>
				<total>0</total>
				<timestamp>2665.015157</timestamp>
			</report>
			<report>
				<misses>421300001</misses>
				<total>0</total>
				<timestamp>2665.653856</timestamp>
			</report>
			<report>
				<misses>421400001</misses>
				<total>0</total>
				<timestamp>2666.296692</timestamp>
			</report>
			<report>
				<misses>421500001</misses>
				<total>0</total>
				<timestamp>2666.924008</timestamp>
			</report>
			<report>
				<misses>421600001</misses>
				<total>0</total>
				<timestamp>2667.550396</timestamp>
			</report>
			<report>
				<misses>421700001</misses>
				<total>0</total>
				<timestamp>2668.177319</timestamp>
			</report>
			<report>
				<misses>421800001</misses>
				<total>0</total>
				<timestamp>2668.805075</timestamp>
			</report>
			<report>
				<misses>421900001</misses>
				<total>0</total>
				<timestamp>2669.431993</timestamp>
			</report>
			<report>
				<misses>422000001</misses>
				<total>0</total>
				<timestamp>2670.058360</timestamp>
			</report>
			<report>
				<misses>422100001</misses>
				<total>0</total>
				<timestamp>2670.683825</timestamp>
			</report>
			<report>
				<misses>422200001</misses>
				<total>0</total>
				<timestamp>2671.309586</timestamp>
			</report>
			<report>
				<misses>422300001</misses>
				<total>0</total>
				<timestamp>2671.946609</timestamp>
			</report>
			<report>
				<misses>422400001</misses>
				<total>0</total>
				<timestamp>2672.570883</timestamp>
			</report>
			<report>
				<misses>422500001</misses>
				<total>0</total>
				<timestamp>2673.196161</timestamp>
			</report>
			<report>
				<misses>422600001</misses>
				<total>0</total>
				<timestamp>2673.827625</timestamp>
			</report>
			<report>
				<misses>422700001</misses>
				<total>0</total>
				<timestamp>2674.455969</timestamp>
			</report>
			<report>
				<misses>422800001</misses>
				<total>0</total>
				<timestamp>2675.084506</timestamp>
			</report>
			<report>
				<misses>422900001</misses>
				<total>0</total>
				<timestamp>2675.716060</timestamp>
			</report>
			<report>
				<misses>423000001</misses>
				<total>0</total>
				<timestamp>2676.344895</timestamp>
			</report>
			<report>
				<misses>423100001</misses>
				<total>0</total>
				<timestamp>2676.974803</timestamp>
			</report>
			<report>
				<misses>423200001</misses>
				<total>0</total>
				<timestamp>2677.603219</timestamp>
			</report>
			<report>
				<misses>423300001</misses>
				<total>0</total>
				<timestamp>2678.236406</timestamp>
			</report>
			<report>
				<misses>423400001</misses>
				<total>0</total>
				<timestamp>2678.865631</timestamp>
			</report>
			<report>
				<misses>423500001</misses>
				<total>0</total>
				<timestamp>2679.494493</timestamp>
			</report>
			<report>
				<misses>423600001</misses>
				<total>0</total>
				<timestamp>2680.125493</timestamp>
			</report>
			<report>
				<misses>423700001</misses>
				<total>0</total>
				<timestamp>2680.757776</timestamp>
			</report>
			<report>
				<misses>423800001</misses>
				<total>0</total>
				<timestamp>2681.390340</timestamp>
			</report>
			<report>
				<misses>423900001</misses>
				<total>0</total>
				<timestamp>2682.018918</timestamp>
			</report>
			<report>
				<misses>424000001</misses>
				<total>0</total>
				<timestamp>2682.647630</timestamp>
			</report>
			<report>
				<misses>424100001</misses>
				<total>0</total>
				<timestamp>2683.275796</timestamp>
			</report>
			<report>
				<misses>424200001</misses>
				<total>0</total>
				<timestamp>2683.903276</timestamp>
			</report>
			<report>
				<misses>424300001</misses>
				<total>0</total>
				<timestamp>2684.532640</timestamp>
			</report>
			<report>
				<misses>424400001</misses>
				<total>0</total>
				<timestamp>2685.161233</timestamp>
			</report>
			<report>
				<misses>424500001</misses>
				<total>0</total>
				<timestamp>2685.795301</timestamp>
			</report>
			<report>
				<misses>424600001</misses>
				<total>0</total>
				<timestamp>2686.425674</timestamp>
			</report>
			<report>
				<misses>424700001</misses>
				<total>0</total>
				<timestamp>2687.055925</timestamp>
			</report>
			<report>
				<misses>424800001</misses>
				<total>0</total>
				<timestamp>2687.686043</timestamp>
			</report>
			<report>
				<misses>424900001</misses>
				<total>0</total>
				<timestamp>2688.315887</timestamp>
			</report>
			<report>
				<misses>425000001</misses>
				<total>0</total>
				<timestamp>2688.947195</timestamp>
			</report>
			<report>
				<misses>425100001</misses>
				<total>0</total>
				<timestamp>2689.581068</timestamp>
			</report>
			<report>
				<misses>425200001</misses>
				<total>0</total>
				<timestamp>2690.230260</timestamp>
			</report>
			<report>
				<misses>425300001</misses>
				<total>0</total>
				<timestamp>2690.869900</timestamp>
			</report>
			<report>
				<misses>425400001</misses>
				<total>0</total>
				<timestamp>2691.588566</timestamp>
			</report>
			<report>
				<misses>425500001</misses>
				<total>0</total>
				<timestamp>2692.300012</timestamp>
			</report>
			<report>
				<misses>425600001</misses>
				<total>0</total>
				<timestamp>2693.010452</timestamp>
			</report>
			<report>
				<misses>425700001</misses>
				<total>0</total>
				<timestamp>2693.674365</timestamp>
			</report>
			<report>
				<misses>425800001</misses>
				<total>0</total>
				<timestamp>2694.302488</timestamp>
			</report>
			<report>
				<misses>425900001</misses>
				<total>0</total>
				<timestamp>2694.928044</timestamp>
			</report>
			<report>
				<misses>426000001</misses>
				<total>0</total>
				<timestamp>2695.554748</timestamp>
			</report>
			<report>
				<misses>426100001</misses>
				<total>0</total>
				<timestamp>2696.180723</timestamp>
			</report>
			<report>
				<misses>426200001</misses>
				<total>0</total>
				<timestamp>2696.814711</timestamp>
			</report>
			<report>
				<misses>426300001</misses>
				<total>0</total>
				<timestamp>2697.448006</timestamp>
			</report>
			<report>
				<misses>426400001</misses>
				<total>0</total>
				<timestamp>2698.081596</timestamp>
			</report>
			<report>
				<misses>426500001</misses>
				<total>0</total>
				<timestamp>2698.719310</timestamp>
			</report>
			<report>
				<misses>426600001</misses>
				<total>0</total>
				<timestamp>2699.350265</timestamp>
			</report>
			<report>
				<misses>426700001</misses>
				<total>0</total>
				<timestamp>2699.981935</timestamp>
			</report>
			<report>
				<misses>426800001</misses>
				<total>0</total>
				<timestamp>2700.614418</timestamp>
			</report>
			<report>
				<misses>426900001</misses>
				<total>0</total>
				<timestamp>2701.244660</timestamp>
			</report>
			<report>
				<misses>427000001</misses>
				<total>0</total>
				<timestamp>2701.874402</timestamp>
			</report>
			<report>
				<misses>427100001</misses>
				<total>0</total>
				<timestamp>2702.503749</timestamp>
			</report>
			<report>
				<misses>427200001</misses>
				<total>0</total>
				<timestamp>2703.129983</timestamp>
			</report>
			<report>
				<misses>427300001</misses>
				<total>0</total>
				<timestamp>2703.755892</timestamp>
			</report>
			<report>
				<misses>427400001</misses>
				<total>0</total>
				<timestamp>2704.382526</timestamp>
			</report>
			<report>
				<misses>427500001</misses>
				<total>0</total>
				<timestamp>2705.014977</timestamp>
			</report>
			<report>
				<misses>427600001</misses>
				<total>0</total>
				<timestamp>2705.641201</timestamp>
			</report>
			<report>
				<misses>427700001</misses>
				<total>0</total>
				<timestamp>2706.265391</timestamp>
			</report>
			<report>
				<misses>427800001</misses>
				<total>0</total>
				<timestamp>2706.918139</timestamp>
			</report>
			<report>
				<misses>427900001</misses>
				<total>0</total>
				<timestamp>2707.544583</timestamp>
			</report>
			<report>
				<misses>428000001</misses>
				<total>0</total>
				<timestamp>2708.170930</timestamp>
			</report>
			<report>
				<misses>428100001</misses>
				<total>0</total>
				<timestamp>2708.800108</timestamp>
			</report>
			<report>
				<misses>428200001</misses>
				<total>0</total>
				<timestamp>2709.437391</timestamp>
			</report>
			<report>
				<misses>428300001</misses>
				<total>0</total>
				<timestamp>2710.072599</timestamp>
			</report>
			<report>
				<misses>428400001</misses>
				<total>0</total>
				<timestamp>2710.703675</timestamp>
			</report>
			<report>
				<misses>428500001</misses>
				<total>0</total>
				<timestamp>2711.338319</timestamp>
			</report>
			<report>
				<misses>428600001</misses>
				<total>0</total>
				<timestamp>2711.966836</timestamp>
			</report>
			<report>
				<misses>428700001</misses>
				<total>0</total>
				<timestamp>2712.594043</timestamp>
			</report>
			<report>
				<misses>428800001</misses>
				<total>0</total>
				<timestamp>2713.220937</timestamp>
			</report>
			<report>
				<misses>428900001</misses>
				<total>0</total>
				<timestamp>2713.851486</timestamp>
			</report>
			<report>
				<misses>429000001</misses>
				<total>0</total>
				<timestamp>2714.478545</timestamp>
			</report>
			<report>
				<misses>429100001</misses>
				<total>0</total>
				<timestamp>2715.106647</timestamp>
			</report>
			<report>
				<misses>429200001</misses>
				<total>0</total>
				<timestamp>2715.734883</timestamp>
			</report>
			<report>
				<misses>429300001</misses>
				<total>0</total>
				<timestamp>2716.367344</timestamp>
			</report>
			<report>
				<misses>429400001</misses>
				<total>0</total>
				<timestamp>2717.013421</timestamp>
			</report>
			<report>
				<misses>429500001</misses>
				<total>0</total>
				<timestamp>2717.673712</timestamp>
			</report>
			<report>
				<misses>429600001</misses>
				<total>0</total>
				<timestamp>2718.342167</timestamp>
			</report>
			<report>
				<misses>429700001</misses>
				<total>0</total>
				<timestamp>2718.998913</timestamp>
			</report>
			<report>
				<misses>429800001</misses>
				<total>0</total>
				<timestamp>2719.661348</timestamp>
			</report>
			<report>
				<misses>429900001</misses>
				<total>0</total>
				<timestamp>2720.313005</timestamp>
			</report>
			<report>
				<misses>430000001</misses>
				<total>0</total>
				<timestamp>2720.972575</timestamp>
			</report>
			<report>
				<misses>430100001</misses>
				<total>0</total>
				<timestamp>2721.641920</timestamp>
			</report>
			<report>
				<misses>430200001</misses>
				<total>0</total>
				<timestamp>2722.312828</timestamp>
			</report>
			<report>
				<misses>430300001</misses>
				<total>0</total>
				<timestamp>2722.945168</timestamp>
			</report>
			<report>
				<misses>430400001</misses>
				<total>0</total>
				<timestamp>2723.580274</timestamp>
			</report>
			<report>
				<misses>430500001</misses>
				<total>0</total>
				<timestamp>2724.212834</timestamp>
			</report>
			<report>
				<misses>430600001</misses>
				<total>0</total>
				<timestamp>2724.847804</timestamp>
			</report>
			<report>
				<misses>430700001</misses>
				<total>0</total>
				<timestamp>2725.498481</timestamp>
			</report>
			<report>
				<misses>430800001</misses>
				<total>0</total>
				<timestamp>2726.151138</timestamp>
			</report>
			<report>
				<misses>430900001</misses>
				<total>0</total>
				<timestamp>2726.785618</timestamp>
			</report>
			<report>
				<misses>431000001</misses>
				<total>0</total>
				<timestamp>2727.423875</timestamp>
			</report>
			<report>
				<misses>431100001</misses>
				<total>0</total>
				<timestamp>2728.067001</timestamp>
			</report>
			<report>
				<misses>431200001</misses>
				<total>0</total>
				<timestamp>2728.719353</timestamp>
			</report>
			<report>
				<misses>431300001</misses>
				<total>0</total>
				<timestamp>2729.374371</timestamp>
			</report>
			<report>
				<misses>431400001</misses>
				<total>0</total>
				<timestamp>2730.021962</timestamp>
			</report>
			<report>
				<misses>431500001</misses>
				<total>0</total>
				<timestamp>2730.668529</timestamp>
			</report>
			<report>
				<misses>431600001</misses>
				<total>0</total>
				<timestamp>2731.299110</timestamp>
			</report>
			<report>
				<misses>431700001</misses>
				<total>0</total>
				<timestamp>2731.937447</timestamp>
			</report>
			<report>
				<misses>431800001</misses>
				<total>0</total>
				<timestamp>2732.579404</timestamp>
			</report>
			<report>
				<misses>431900001</misses>
				<total>0</total>
				<timestamp>2733.227276</timestamp>
			</report>
			<report>
				<misses>432000001</misses>
				<total>0</total>
				<timestamp>2733.867667</timestamp>
			</report>
			<report>
				<misses>432100001</misses>
				<total>0</total>
				<timestamp>2734.529813</timestamp>
			</report>
			<report>
				<misses>432200001</misses>
				<total>0</total>
				<timestamp>2735.219212</timestamp>
			</report>
			<report>
				<misses>432300001</misses>
				<total>0</total>
				<timestamp>2735.861762</timestamp>
			</report>
			<report>
				<misses>432400001</misses>
				<total>0</total>
				<timestamp>2736.505347</timestamp>
			</report>
			<report>
				<misses>432500001</misses>
				<total>0</total>
				<timestamp>2737.206926</timestamp>
			</report>
			<report>
				<misses>432600001</misses>
				<total>0</total>
				<timestamp>2737.843029</timestamp>
			</report>
			<report>
				<misses>432700001</misses>
				<total>0</total>
				<timestamp>2738.539173</timestamp>
			</report>
			<report>
				<misses>432800001</misses>
				<total>0</total>
				<timestamp>2739.243028</timestamp>
			</report>
			<report>
				<misses>432900001</misses>
				<total>0</total>
				<timestamp>2739.873176</timestamp>
			</report>
			<report>
				<misses>433000001</misses>
				<total>0</total>
				<timestamp>2740.511859</timestamp>
			</report>
			<report>
				<misses>433100001</misses>
				<total>0</total>
				<timestamp>2741.164411</timestamp>
			</report>
			<report>
				<misses>433200001</misses>
				<total>0</total>
				<timestamp>2741.801514</timestamp>
			</report>
			<report>
				<misses>433300001</misses>
				<total>0</total>
				<timestamp>2742.463350</timestamp>
			</report>
			<report>
				<misses>433400001</misses>
				<total>0</total>
				<timestamp>2743.101695</timestamp>
			</report>
			<report>
				<misses>433500001</misses>
				<total>0</total>
				<timestamp>2743.732939</timestamp>
			</report>
			<report>
				<misses>433600001</misses>
				<total>0</total>
				<timestamp>2744.365888</timestamp>
			</report>
			<report>
				<misses>433700001</misses>
				<total>0</total>
				<timestamp>2745.005879</timestamp>
			</report>
			<report>
				<misses>433800001</misses>
				<total>0</total>
				<timestamp>2745.706568</timestamp>
			</report>
			<report>
				<misses>433900001</misses>
				<total>0</total>
				<timestamp>2746.428990</timestamp>
			</report>
			<report>
				<misses>434000001</misses>
				<total>0</total>
				<timestamp>2747.147325</timestamp>
			</report>
			<report>
				<misses>434100001</misses>
				<total>0</total>
				<timestamp>2747.813691</timestamp>
			</report>
			<report>
				<misses>434200001</misses>
				<total>0</total>
				<timestamp>2748.449359</timestamp>
			</report>
			<report>
				<misses>434300001</misses>
				<total>0</total>
				<timestamp>2749.083424</timestamp>
			</report>
			<report>
				<misses>434400001</misses>
				<total>0</total>
				<timestamp>2749.717779</timestamp>
			</report>
			<report>
				<misses>434500001</misses>
				<total>0</total>
				<timestamp>2750.360185</timestamp>
			</report>
			<report>
				<misses>434600001</misses>
				<total>0</total>
				<timestamp>2750.994105</timestamp>
			</report>
			<report>
				<misses>434700001</misses>
				<total>0</total>
				<timestamp>2751.627736</timestamp>
			</report>
			<report>
				<misses>434800001</misses>
				<total>0</total>
				<timestamp>2752.260459</timestamp>
			</report>
			<report>
				<misses>434900001</misses>
				<total>0</total>
				<timestamp>2752.907893</timestamp>
			</report>
			<report>
				<misses>435000001</misses>
				<total>0</total>
				<timestamp>2753.543137</timestamp>
			</report>
			<report>
				<misses>435100001</misses>
				<total>0</total>
				<timestamp>2754.181042</timestamp>
			</report>
			<report>
				<misses>435200001</misses>
				<total>0</total>
				<timestamp>2754.827176</timestamp>
			</report>
			<report>
				<misses>435300001</misses>
				<total>0</total>
				<timestamp>2755.459511</timestamp>
			</report>
			<report>
				<misses>435400001</misses>
				<total>0</total>
				<timestamp>2756.113824</timestamp>
			</report>
			<report>
				<misses>435500001</misses>
				<total>0</total>
				<timestamp>2756.741970</timestamp>
			</report>
			<report>
				<misses>435600001</misses>
				<total>0</total>
				<timestamp>2757.379156</timestamp>
			</report>
			<report>
				<misses>435700001</misses>
				<total>0</total>
				<timestamp>2758.023896</timestamp>
			</report>
			<report>
				<misses>435800001</misses>
				<total>0</total>
				<timestamp>2758.659682</timestamp>
			</report>
			<report>
				<misses>435900001</misses>
				<total>0</total>
				<timestamp>2759.293820</timestamp>
			</report>
			<report>
				<misses>436000001</misses>
				<total>0</total>
				<timestamp>2759.927983</timestamp>
			</report>
			<report>
				<misses>436100001</misses>
				<total>0</total>
				<timestamp>2760.564995</timestamp>
			</report>
			<report>
				<misses>436200001</misses>
				<total>0</total>
				<timestamp>2761.213520</timestamp>
			</report>
			<report>
				<misses>436300001</misses>
				<total>0</total>
				<timestamp>2761.852432</timestamp>
			</report>
			<report>
				<misses>436400001</misses>
				<total>0</total>
				<timestamp>2762.487947</timestamp>
			</report>
			<report>
				<misses>436500001</misses>
				<total>0</total>
				<timestamp>2763.131242</timestamp>
			</report>
			<report>
				<misses>436600001</misses>
				<total>0</total>
				<timestamp>2763.769379</timestamp>
			</report>
			<report>
				<misses>436700001</misses>
				<total>0</total>
				<timestamp>2764.408882</timestamp>
			</report>
			<report>
				<misses>436800001</misses>
				<total>0</total>
				<timestamp>2765.042090</timestamp>
			</report>
			<report>
				<misses>436900001</misses>
				<total>0</total>
				<timestamp>2765.675357</timestamp>
			</report>
			<report>
				<misses>437000001</misses>
				<total>0</total>
				<timestamp>2766.316403</timestamp>
			</report>
			<report>
				<misses>437100001</misses>
				<total>0</total>
				<timestamp>2766.954044</timestamp>
			</report>
			<report>
				<misses>437200001</misses>
				<total>0</total>
				<timestamp>2767.584584</timestamp>
			</report>
			<report>
				<misses>437300001</misses>
				<total>0</total>
				<timestamp>2768.213911</timestamp>
			</report>
			<report>
				<misses>437400001</misses>
				<total>0</total>
				<timestamp>2768.844259</timestamp>
			</report>
			<report>
				<misses>437500001</misses>
				<total>0</total>
				<timestamp>2769.470604</timestamp>
			</report>
			<report>
				<misses>437600001</misses>
				<total>0</total>
				<timestamp>2770.098049</timestamp>
			</report>
			<report>
				<misses>437700001</misses>
				<total>0</total>
				<timestamp>2770.737224</timestamp>
			</report>
			<report>
				<misses>437800001</misses>
				<total>0</total>
				<timestamp>2771.369078</timestamp>
			</report>
			<report>
				<misses>437900001</misses>
				<total>0</total>
				<timestamp>2772.028813</timestamp>
			</report>
			<report>
				<misses>438000001</misses>
				<total>0</total>
				<timestamp>2772.672107</timestamp>
			</report>
			<report>
				<misses>438100001</misses>
				<total>0</total>
				<timestamp>2773.304128</timestamp>
			</report>
			<report>
				<misses>438200001</misses>
				<total>0</total>
				<timestamp>2773.928267</timestamp>
			</report>
			<report>
				<misses>438300001</misses>
				<total>0</total>
				<timestamp>2774.556900</timestamp>
			</report>
			<report>
				<misses>438400001</misses>
				<total>0</total>
				<timestamp>2775.190415</timestamp>
			</report>
			<report>
				<misses>438500001</misses>
				<total>0</total>
				<timestamp>2775.831519</timestamp>
			</report>
			<report>
				<misses>438600001</misses>
				<total>0</total>
				<timestamp>2776.461604</timestamp>
			</report>
			<report>
				<misses>438700001</misses>
				<total>0</total>
				<timestamp>2777.092440</timestamp>
			</report>
			<report>
				<misses>438800001</misses>
				<total>0</total>
				<timestamp>2777.725677</timestamp>
			</report>
			<report>
				<misses>438900001</misses>
				<total>0</total>
				<timestamp>2778.355093</timestamp>
			</report>
			<report>
				<misses>439000001</misses>
				<total>0</total>
				<timestamp>2778.986686</timestamp>
			</report>
			<report>
				<misses>439100001</misses>
				<total>0</total>
				<timestamp>2779.618777</timestamp>
			</report>
			<report>
				<misses>439200001</misses>
				<total>0</total>
				<timestamp>2780.248973</timestamp>
			</report>
			<report>
				<misses>439300001</misses>
				<total>0</total>
				<timestamp>2780.900148</timestamp>
			</report>
			<report>
				<misses>439400001</misses>
				<total>0</total>
				<timestamp>2781.533325</timestamp>
			</report>
			<report>
				<misses>439500001</misses>
				<total>0</total>
				<timestamp>2782.172426</timestamp>
			</report>
			<report>
				<misses>439600001</misses>
				<total>0</total>
				<timestamp>2782.806562</timestamp>
			</report>
			<report>
				<misses>439700001</misses>
				<total>0</total>
				<timestamp>2783.446472</timestamp>
			</report>
			<report>
				<misses>439800001</misses>
				<total>0</total>
				<timestamp>2784.088908</timestamp>
			</report>
			<report>
				<misses>439900001</misses>
				<total>0</total>
				<timestamp>2784.725701</timestamp>
			</report>
			<report>
				<misses>440000001</misses>
				<total>0</total>
				<timestamp>2785.359495</timestamp>
			</report>
			<report>
				<misses>440100001</misses>
				<total>0</total>
				<timestamp>2785.992392</timestamp>
			</report>
			<report>
				<misses>440200001</misses>
				<total>0</total>
				<timestamp>2786.629506</timestamp>
			</report>
			<report>
				<misses>440300001</misses>
				<total>0</total>
				<timestamp>2787.269554</timestamp>
			</report>
			<report>
				<misses>440400001</misses>
				<total>0</total>
				<timestamp>2787.921308</timestamp>
			</report>
			<report>
				<misses>440500001</misses>
				<total>0</total>
				<timestamp>2788.552245</timestamp>
			</report>
			<report>
				<misses>440600001</misses>
				<total>0</total>
				<timestamp>2789.182809</timestamp>
			</report>
			<report>
				<misses>440700001</misses>
				<total>0</total>
				<timestamp>2789.813126</timestamp>
			</report>
			<report>
				<misses>440800001</misses>
				<total>0</total>
				<timestamp>2790.454964</timestamp>
			</report>
			<report>
				<misses>440900001</misses>
				<total>0</total>
				<timestamp>2791.081830</timestamp>
			</report>
			<report>
				<misses>441000001</misses>
				<total>0</total>
				<timestamp>2791.713105</timestamp>
			</report>
			<report>
				<misses>441100001</misses>
				<total>0</total>
				<timestamp>2792.367627</timestamp>
			</report>
			<report>
				<misses>441200001</misses>
				<total>0</total>
				<timestamp>2793.090577</timestamp>
			</report>
			<report>
				<misses>441300001</misses>
				<total>0</total>
				<timestamp>2793.810811</timestamp>
			</report>
			<report>
				<misses>441400001</misses>
				<total>0</total>
				<timestamp>2794.511554</timestamp>
			</report>
			<report>
				<misses>441500001</misses>
				<total>0</total>
				<timestamp>2795.203947</timestamp>
			</report>
			<report>
				<misses>441600001</misses>
				<total>0</total>
				<timestamp>2795.866671</timestamp>
			</report>
			<report>
				<misses>441700001</misses>
				<total>0</total>
				<timestamp>2796.569593</timestamp>
			</report>
			<report>
				<misses>441800001</misses>
				<total>0</total>
				<timestamp>2797.350452</timestamp>
			</report>
			<report>
				<misses>441900001</misses>
				<total>0</total>
				<timestamp>2798.085336</timestamp>
			</report>
			<report>
				<misses>442000001</misses>
				<total>0</total>
				<timestamp>2798.737035</timestamp>
			</report>
			<report>
				<misses>442100001</misses>
				<total>0</total>
				<timestamp>2799.376546</timestamp>
			</report>
			<report>
				<misses>442200001</misses>
				<total>0</total>
				<timestamp>2800.006715</timestamp>
			</report>
			<report>
				<misses>442300001</misses>
				<total>0</total>
				<timestamp>2800.637397</timestamp>
			</report>
			<report>
				<misses>442400001</misses>
				<total>0</total>
				<timestamp>2801.282483</timestamp>
			</report>
			<report>
				<misses>442500001</misses>
				<total>0</total>
				<timestamp>2801.920174</timestamp>
			</report>
			<report>
				<misses>442600001</misses>
				<total>0</total>
				<timestamp>2802.551329</timestamp>
			</report>
			<report>
				<misses>442700001</misses>
				<total>0</total>
				<timestamp>2803.194362</timestamp>
			</report>
			<report>
				<misses>442800001</misses>
				<total>0</total>
				<timestamp>2803.846949</timestamp>
			</report>
			<report>
				<misses>442900001</misses>
				<total>0</total>
				<timestamp>2804.485701</timestamp>
			</report>
			<report>
				<misses>443000001</misses>
				<total>0</total>
				<timestamp>2805.146493</timestamp>
			</report>
			<report>
				<misses>443100001</misses>
				<total>0</total>
				<timestamp>2805.783723</timestamp>
			</report>
			<report>
				<misses>443200001</misses>
				<total>0</total>
				<timestamp>2806.417718</timestamp>
			</report>
			<report>
				<misses>443300001</misses>
				<total>0</total>
				<timestamp>2807.055808</timestamp>
			</report>
			<report>
				<misses>443400001</misses>
				<total>0</total>
				<timestamp>2807.694380</timestamp>
			</report>
			<report>
				<misses>443500001</misses>
				<total>0</total>
				<timestamp>2808.332135</timestamp>
			</report>
			<report>
				<misses>443600001</misses>
				<total>0</total>
				<timestamp>2808.991947</timestamp>
			</report>
			<report>
				<misses>443700001</misses>
				<total>0</total>
				<timestamp>2809.637511</timestamp>
			</report>
			<report>
				<misses>443800001</misses>
				<total>0</total>
				<timestamp>2810.288977</timestamp>
			</report>
			<report>
				<misses>443900001</misses>
				<total>0</total>
				<timestamp>2810.939286</timestamp>
			</report>
			<report>
				<misses>444000001</misses>
				<total>0</total>
				<timestamp>2811.573232</timestamp>
			</report>
			<report>
				<misses>444100001</misses>
				<total>0</total>
				<timestamp>2812.206235</timestamp>
			</report>
			<report>
				<misses>444200001</misses>
				<total>0</total>
				<timestamp>2812.842604</timestamp>
			</report>
			<report>
				<misses>444300001</misses>
				<total>0</total>
				<timestamp>2813.504781</timestamp>
			</report>
			<report>
				<misses>444400001</misses>
				<total>0</total>
				<timestamp>2814.194765</timestamp>
			</report>
			<report>
				<misses>444500001</misses>
				<total>0</total>
				<timestamp>2814.829445</timestamp>
			</report>
			<report>
				<misses>444600001</misses>
				<total>0</total>
				<timestamp>2815.463191</timestamp>
			</report>
			<report>
				<misses>444700001</misses>
				<total>0</total>
				<timestamp>2816.098487</timestamp>
			</report>
			<report>
				<misses>444800001</misses>
				<total>0</total>
				<timestamp>2816.730830</timestamp>
			</report>
			<report>
				<misses>444900001</misses>
				<total>0</total>
				<timestamp>2817.363366</timestamp>
			</report>
			<report>
				<misses>445000001</misses>
				<total>0</total>
				<timestamp>2817.995733</timestamp>
			</report>
			<report>
				<misses>445100001</misses>
				<total>0</total>
				<timestamp>2818.633708</timestamp>
			</report>
			<report>
				<misses>445200001</misses>
				<total>0</total>
				<timestamp>2819.298628</timestamp>
			</report>
			<report>
				<misses>445300001</misses>
				<total>0</total>
				<timestamp>2819.950396</timestamp>
			</report>
			<report>
				<misses>445400001</misses>
				<total>0</total>
				<timestamp>2820.599877</timestamp>
			</report>
			<report>
				<misses>445500001</misses>
				<total>0</total>
				<timestamp>2821.233973</timestamp>
			</report>
			<report>
				<misses>445600001</misses>
				<total>0</total>
				<timestamp>2821.863555</timestamp>
			</report>
			<report>
				<misses>445700001</misses>
				<total>0</total>
				<timestamp>2822.499861</timestamp>
			</report>
			<report>
				<misses>445800001</misses>
				<total>0</total>
				<timestamp>2823.153766</timestamp>
			</report>
			<report>
				<misses>445900001</misses>
				<total>0</total>
				<timestamp>2823.792588</timestamp>
			</report>
			<report>
				<misses>446000001</misses>
				<total>0</total>
				<timestamp>2824.433195</timestamp>
			</report>
			<report>
				<misses>446100001</misses>
				<total>0</total>
				<timestamp>2825.082574</timestamp>
			</report>
			<report>
				<misses>446200001</misses>
				<total>0</total>
				<timestamp>2825.725949</timestamp>
			</report>
			<report>
				<misses>446300001</misses>
				<total>0</total>
				<timestamp>2826.380238</timestamp>
			</report>
			<report>
				<misses>446400001</misses>
				<total>0</total>
				<timestamp>2827.032300</timestamp>
			</report>
			<report>
				<misses>446500001</misses>
				<total>0</total>
				<timestamp>2827.669554</timestamp>
			</report>
			<report>
				<misses>446600001</misses>
				<total>0</total>
				<timestamp>2828.360259</timestamp>
			</report>
			<report>
				<misses>446700001</misses>
				<total>0</total>
				<timestamp>2829.075054</timestamp>
			</report>
			<report>
				<misses>446800001</misses>
				<total>0</total>
				<timestamp>2829.719750</timestamp>
			</report>
			<report>
				<misses>446900001</misses>
				<total>0</total>
				<timestamp>2830.423312</timestamp>
			</report>
			<report>
				<misses>447000001</misses>
				<total>0</total>
				<timestamp>2831.108866</timestamp>
			</report>
			<report>
				<misses>447100001</misses>
				<total>0</total>
				<timestamp>2831.754640</timestamp>
			</report>
			<report>
				<misses>447200001</misses>
				<total>0</total>
				<timestamp>2832.390582</timestamp>
			</report>
			<report>
				<misses>447300001</misses>
				<total>0</total>
				<timestamp>2833.021928</timestamp>
			</report>
			<report>
				<misses>447400001</misses>
				<total>0</total>
				<timestamp>2833.653892</timestamp>
			</report>
			<report>
				<misses>447500001</misses>
				<total>0</total>
				<timestamp>2834.288387</timestamp>
			</report>
			<report>
				<misses>447600001</misses>
				<total>0</total>
				<timestamp>2834.943176</timestamp>
			</report>
			<report>
				<misses>447700001</misses>
				<total>0</total>
				<timestamp>2835.582911</timestamp>
			</report>
			<report>
				<misses>447800001</misses>
				<total>0</total>
				<timestamp>2836.215271</timestamp>
			</report>
			<report>
				<misses>447900001</misses>
				<total>0</total>
				<timestamp>2836.859643</timestamp>
			</report>
			<report>
				<misses>448000001</misses>
				<total>0</total>
				<timestamp>2837.523468</timestamp>
			</report>
			<report>
				<misses>448100001</misses>
				<total>0</total>
				<timestamp>2838.207352</timestamp>
			</report>
			<report>
				<misses>448200001</misses>
				<total>0</total>
				<timestamp>2838.933962</timestamp>
			</report>
			<report>
				<misses>448300001</misses>
				<total>0</total>
				<timestamp>2839.653653</timestamp>
			</report>
			<report>
				<misses>448400001</misses>
				<total>0</total>
				<timestamp>2840.316222</timestamp>
			</report>
			<report>
				<misses>448500001</misses>
				<total>0</total>
				<timestamp>2840.956945</timestamp>
			</report>
			<report>
				<misses>448600001</misses>
				<total>0</total>
				<timestamp>2841.635432</timestamp>
			</report>
			<report>
				<misses>448700001</misses>
				<total>0</total>
				<timestamp>2842.300057</timestamp>
			</report>
			<report>
				<misses>448800001</misses>
				<total>0</total>
				<timestamp>2842.944311</timestamp>
			</report>
			<report>
				<misses>448900001</misses>
				<total>0</total>
				<timestamp>2843.646508</timestamp>
			</report>
			<report>
				<misses>449000001</misses>
				<total>0</total>
				<timestamp>2844.297516</timestamp>
			</report>
			<report>
				<misses>449100001</misses>
				<total>0</total>
				<timestamp>2844.947044</timestamp>
			</report>
			<report>
				<misses>449200001</misses>
				<total>0</total>
				<timestamp>2845.664234</timestamp>
			</report>
			<report>
				<misses>449300001</misses>
				<total>0</total>
				<timestamp>2846.317698</timestamp>
			</report>
			<report>
				<misses>449400001</misses>
				<total>0</total>
				<timestamp>2846.974782</timestamp>
			</report>
			<report>
				<misses>449500001</misses>
				<total>0</total>
				<timestamp>2847.696640</timestamp>
			</report>
			<report>
				<misses>449600001</misses>
				<total>0</total>
				<timestamp>2848.411866</timestamp>
			</report>
			<report>
				<misses>449700001</misses>
				<total>0</total>
				<timestamp>2849.118552</timestamp>
			</report>
			<report>
				<misses>449800001</misses>
				<total>0</total>
				<timestamp>2849.813835</timestamp>
			</report>
			<report>
				<misses>449900001</misses>
				<total>0</total>
				<timestamp>2850.443626</timestamp>
			</report>
			<report>
				<misses>450000001</misses>
				<total>0</total>
				<timestamp>2851.078155</timestamp>
			</report>
			<report>
				<misses>450100001</misses>
				<total>0</total>
				<timestamp>2851.716934</timestamp>
			</report>
			<report>
				<misses>450200001</misses>
				<total>0</total>
				<timestamp>2852.374057</timestamp>
			</report>
			<report>
				<misses>450300001</misses>
				<total>0</total>
				<timestamp>2853.018534</timestamp>
			</report>
			<report>
				<misses>450400001</misses>
				<total>0</total>
				<timestamp>2853.652330</timestamp>
			</report>
			<report>
				<misses>450500001</misses>
				<total>0</total>
				<timestamp>2854.276459</timestamp>
			</report>
			<report>
				<misses>450600001</misses>
				<total>0</total>
				<timestamp>2854.909509</timestamp>
			</report>
			<report>
				<misses>450700001</misses>
				<total>0</total>
				<timestamp>2855.546253</timestamp>
			</report>
			<report>
				<misses>450800001</misses>
				<total>0</total>
				<timestamp>2856.194366</timestamp>
			</report>
			<report>
				<misses>450900001</misses>
				<total>0</total>
				<timestamp>2856.833234</timestamp>
			</report>
			<report>
				<misses>451000001</misses>
				<total>0</total>
				<timestamp>2857.457508</timestamp>
			</report>
			<report>
				<misses>451100001</misses>
				<total>0</total>
				<timestamp>2858.104959</timestamp>
			</report>
			<report>
				<misses>451200001</misses>
				<total>0</total>
				<timestamp>2858.741086</timestamp>
			</report>
			<report>
				<misses>451300001</misses>
				<total>0</total>
				<timestamp>2859.378293</timestamp>
			</report>
			<report>
				<misses>451400001</misses>
				<total>0</total>
				<timestamp>2860.014701</timestamp>
			</report>
			<report>
				<misses>451500001</misses>
				<total>0</total>
				<timestamp>2860.649135</timestamp>
			</report>
			<report>
				<misses>451600001</misses>
				<total>0</total>
				<timestamp>2861.286833</timestamp>
			</report>
			<report>
				<misses>451700001</misses>
				<total>0</total>
				<timestamp>2861.951805</timestamp>
			</report>
			<report>
				<misses>451800001</misses>
				<total>0</total>
				<timestamp>2862.669812</timestamp>
			</report>
			<report>
				<misses>451900001</misses>
				<total>0</total>
				<timestamp>2863.369697</timestamp>
			</report>
			<report>
				<misses>452000001</misses>
				<total>0</total>
				<timestamp>2864.068756</timestamp>
			</report>
			<report>
				<misses>452100001</misses>
				<total>0</total>
				<timestamp>2864.784620</timestamp>
			</report>
			<report>
				<misses>452200001</misses>
				<total>0</total>
				<timestamp>2865.478839</timestamp>
			</report>
			<report>
				<misses>452300001</misses>
				<total>0</total>
				<timestamp>2866.183894</timestamp>
			</report>
			<report>
				<misses>452400001</misses>
				<total>0</total>
				<timestamp>2866.892781</timestamp>
			</report>
			<report>
				<misses>452500001</misses>
				<total>0</total>
				<timestamp>2867.601075</timestamp>
			</report>
			<report>
				<misses>452600001</misses>
				<total>0</total>
				<timestamp>2868.291267</timestamp>
			</report>
			<report>
				<misses>452700001</misses>
				<total>0</total>
				<timestamp>2868.940199</timestamp>
			</report>
			<report>
				<misses>452800001</misses>
				<total>0</total>
				<timestamp>2869.583876</timestamp>
			</report>
			<report>
				<misses>452900001</misses>
				<total>0</total>
				<timestamp>2870.234906</timestamp>
			</report>
			<report>
				<misses>453000001</misses>
				<total>0</total>
				<timestamp>2870.893465</timestamp>
			</report>
			<report>
				<misses>453100001</misses>
				<total>0</total>
				<timestamp>2871.532747</timestamp>
			</report>
			<report>
				<misses>453200001</misses>
				<total>0</total>
				<timestamp>2872.182873</timestamp>
			</report>
			<report>
				<misses>453300001</misses>
				<total>0</total>
				<timestamp>2872.817703</timestamp>
			</report>
			<report>
				<misses>453400001</misses>
				<total>0</total>
				<timestamp>2873.460013</timestamp>
			</report>
			<report>
				<misses>453500001</misses>
				<total>0</total>
				<timestamp>2874.105559</timestamp>
			</report>
			<report>
				<misses>453600001</misses>
				<total>0</total>
				<timestamp>2874.750381</timestamp>
			</report>
			<report>
				<misses>453700001</misses>
				<total>0</total>
				<timestamp>2875.409039</timestamp>
			</report>
			<report>
				<misses>453800001</misses>
				<total>0</total>
				<timestamp>2876.079159</timestamp>
			</report>
			<report>
				<misses>453900001</misses>
				<total>0</total>
				<timestamp>2876.741436</timestamp>
			</report>
			<report>
				<misses>454000001</misses>
				<total>0</total>
				<timestamp>2877.373957</timestamp>
			</report>
			<report>
				<misses>454100001</misses>
				<total>0</total>
				<timestamp>2878.025124</timestamp>
			</report>
			<report>
				<misses>454200001</misses>
				<total>0</total>
				<timestamp>2878.660418</timestamp>
			</report>
			<report>
				<misses>454300001</misses>
				<total>0</total>
				<timestamp>2879.322700</timestamp>
			</report>
			<report>
				<misses>454400001</misses>
				<total>0</total>
				<timestamp>2879.984453</timestamp>
			</report>
			<report>
				<misses>454500001</misses>
				<total>0</total>
				<timestamp>2880.633159</timestamp>
			</report>
			<report>
				<misses>454600001</misses>
				<total>0</total>
				<timestamp>2881.358116</timestamp>
			</report>
			<report>
				<misses>454700001</misses>
				<total>0</total>
				<timestamp>2882.064532</timestamp>
			</report>
			<report>
				<misses>454800001</misses>
				<total>0</total>
				<timestamp>2882.766211</timestamp>
			</report>
			<report>
				<misses>454900001</misses>
				<total>0</total>
				<timestamp>2883.495265</timestamp>
			</report>
			<report>
				<misses>455000001</misses>
				<total>0</total>
				<timestamp>2884.203545</timestamp>
			</report>
			<report>
				<misses>455100001</misses>
				<total>0</total>
				<timestamp>2884.914134</timestamp>
			</report>
			<report>
				<misses>455200001</misses>
				<total>0</total>
				<timestamp>2885.594623</timestamp>
			</report>
			<report>
				<misses>455300001</misses>
				<total>0</total>
				<timestamp>2886.297877</timestamp>
			</report>
			<report>
				<misses>455400001</misses>
				<total>0</total>
				<timestamp>2886.951067</timestamp>
			</report>
			<report>
				<misses>455500001</misses>
				<total>0</total>
				<timestamp>2887.598406</timestamp>
			</report>
			<report>
				<misses>455600001</misses>
				<total>0</total>
				<timestamp>2888.247540</timestamp>
			</report>
			<report>
				<misses>455700001</misses>
				<total>0</total>
				<timestamp>2888.881825</timestamp>
			</report>
			<report>
				<misses>455800001</misses>
				<total>0</total>
				<timestamp>2889.510811</timestamp>
			</report>
			<report>
				<misses>455900001</misses>
				<total>0</total>
				<timestamp>2890.137720</timestamp>
			</report>
			<report>
				<misses>456000001</misses>
				<total>0</total>
				<timestamp>2890.768890</timestamp>
			</report>
			<report>
				<misses>456100001</misses>
				<total>0</total>
				<timestamp>2891.393954</timestamp>
			</report>
			<report>
				<misses>456200001</misses>
				<total>0</total>
				<timestamp>2892.019954</timestamp>
			</report>
			<report>
				<misses>456300001</misses>
				<total>0</total>
				<timestamp>2892.645764</timestamp>
			</report>
			<report>
				<misses>456400001</misses>
				<total>0</total>
				<timestamp>2893.271176</timestamp>
			</report>
			<report>
				<misses>456500001</misses>
				<total>0</total>
				<timestamp>2893.896934</timestamp>
			</report>
			<report>
				<misses>456600001</misses>
				<total>0</total>
				<timestamp>2894.522796</timestamp>
			</report>
			<report>
				<misses>456700001</misses>
				<total>0</total>
				<timestamp>2895.149406</timestamp>
			</report>
			<report>
				<misses>456800001</misses>
				<total>0</total>
				<timestamp>2895.775808</timestamp>
			</report>
			<report>
				<misses>456900001</misses>
				<total>0</total>
				<timestamp>2896.402269</timestamp>
			</report>
			<report>
				<misses>457000001</misses>
				<total>0</total>
				<timestamp>2897.028985</timestamp>
			</report>
			<report>
				<misses>457100001</misses>
				<total>0</total>
				<timestamp>2897.655541</timestamp>
			</report>
			<report>
				<misses>457200001</misses>
				<total>0</total>
				<timestamp>2898.289009</timestamp>
			</report>
			<report>
				<misses>457300001</misses>
				<total>0</total>
				<timestamp>2898.915208</timestamp>
			</report>
			<report>
				<misses>457400001</misses>
				<total>0</total>
				<timestamp>2899.541329</timestamp>
			</report>
			<report>
				<misses>457500001</misses>
				<total>0</total>
				<timestamp>2900.167065</timestamp>
			</report>
			<report>
				<misses>457600001</misses>
				<total>0</total>
				<timestamp>2900.790474</timestamp>
			</report>
			<report>
				<misses>457700001</misses>
				<total>0</total>
				<timestamp>2901.414538</timestamp>
			</report>
			<report>
				<misses>457800001</misses>
				<total>0</total>
				<timestamp>2902.038067</timestamp>
			</report>
			<report>
				<misses>457900001</misses>
				<total>0</total>
				<timestamp>2902.662276</timestamp>
			</report>
			<report>
				<misses>458000001</misses>
				<total>0</total>
				<timestamp>2903.289098</timestamp>
			</report>
			<report>
				<misses>458100001</misses>
				<total>0</total>
				<timestamp>2903.919430</timestamp>
			</report>
			<report>
				<misses>458200001</misses>
				<total>0</total>
				<timestamp>2904.546419</timestamp>
			</report>
			<report>
				<misses>458300001</misses>
				<total>0</total>
				<timestamp>2905.173447</timestamp>
			</report>
			<report>
				<misses>458400001</misses>
				<total>0</total>
				<timestamp>2905.800471</timestamp>
			</report>
			<report>
				<misses>458500001</misses>
				<total>0</total>
				<timestamp>2906.426526</timestamp>
			</report>
			<report>
				<misses>458600001</misses>
				<total>0</total>
				<timestamp>2907.052144</timestamp>
			</report>
			<report>
				<misses>458700001</misses>
				<total>0</total>
				<timestamp>2907.681244</timestamp>
			</report>
			<report>
				<misses>458800001</misses>
				<total>0</total>
				<timestamp>2908.311472</timestamp>
			</report>
			<report>
				<misses>458900001</misses>
				<total>0</total>
				<timestamp>2908.937358</timestamp>
			</report>
			<report>
				<misses>459000001</misses>
				<total>0</total>
				<timestamp>2909.563631</timestamp>
			</report>
			<report>
				<misses>459100001</misses>
				<total>0</total>
				<timestamp>2910.189398</timestamp>
			</report>
			<report>
				<misses>459200001</misses>
				<total>0</total>
				<timestamp>2910.815623</timestamp>
			</report>
			<report>
				<misses>459300001</misses>
				<total>0</total>
				<timestamp>2911.441769</timestamp>
			</report>
			<report>
				<misses>459400001</misses>
				<total>0</total>
				<timestamp>2912.068739</timestamp>
			</report>
			<report>
				<misses>459500001</misses>
				<total>0</total>
				<timestamp>2912.694581</timestamp>
			</report>
			<report>
				<misses>459600001</misses>
				<total>0</total>
				<timestamp>2913.320354</timestamp>
			</report>
			<report>
				<misses>459700001</misses>
				<total>0</total>
				<timestamp>2913.946982</timestamp>
			</report>
			<report>
				<misses>459800001</misses>
				<total>0</total>
				<timestamp>2914.574265</timestamp>
			</report>
			<report>
				<misses>459900001</misses>
				<total>0</total>
				<timestamp>2915.203125</timestamp>
			</report>
			<report>
				<misses>460000001</misses>
				<total>0</total>
				<timestamp>2915.830321</timestamp>
			</report>
			<report>
				<misses>460100001</misses>
				<total>0</total>
				<timestamp>2916.461808</timestamp>
			</report>
			<report>
				<misses>460200001</misses>
				<total>0</total>
				<timestamp>2917.087923</timestamp>
			</report>
			<report>
				<misses>460300001</misses>
				<total>0</total>
				<timestamp>2917.713699</timestamp>
			</report>
			<report>
				<misses>460400001</misses>
				<total>0</total>
				<timestamp>2918.345269</timestamp>
			</report>
			<report>
				<misses>460500001</misses>
				<total>0</total>
				<timestamp>2918.975627</timestamp>
			</report>
			<report>
				<misses>460600001</misses>
				<total>0</total>
				<timestamp>2919.605212</timestamp>
			</report>
			<report>
				<misses>460700001</misses>
				<total>0</total>
				<timestamp>2920.234318</timestamp>
			</report>
			<report>
				<misses>460800001</misses>
				<total>0</total>
				<timestamp>2920.868779</timestamp>
			</report>
			<report>
				<misses>460900001</misses>
				<total>0</total>
				<timestamp>2921.493109</timestamp>
			</report>
			<report>
				<misses>461000001</misses>
				<total>0</total>
				<timestamp>2922.119190</timestamp>
			</report>
			<report>
				<misses>461100001</misses>
				<total>0</total>
				<timestamp>2922.744926</timestamp>
			</report>
			<report>
				<misses>461200001</misses>
				<total>0</total>
				<timestamp>2923.372735</timestamp>
			</report>
			<report>
				<misses>461300001</misses>
				<total>0</total>
				<timestamp>2924.002563</timestamp>
			</report>
			<report>
				<misses>461400001</misses>
				<total>0</total>
				<timestamp>2924.632997</timestamp>
			</report>
			<report>
				<misses>461500001</misses>
				<total>0</total>
				<timestamp>2925.267386</timestamp>
			</report>
			<report>
				<misses>461600001</misses>
				<total>0</total>
				<timestamp>2925.898506</timestamp>
			</report>
			<report>
				<misses>461700001</misses>
				<total>0</total>
				<timestamp>2926.530831</timestamp>
			</report>
			<report>
				<misses>461800001</misses>
				<total>0</total>
				<timestamp>2927.161284</timestamp>
			</report>
			<report>
				<misses>461900001</misses>
				<total>0</total>
				<timestamp>2927.789537</timestamp>
			</report>
			<report>
				<misses>462000001</misses>
				<total>0</total>
				<timestamp>2928.418173</timestamp>
			</report>
			<report>
				<misses>462100001</misses>
				<total>0</total>
				<timestamp>2929.046714</timestamp>
			</report>
			<report>
				<misses>462200001</misses>
				<total>0</total>
				<timestamp>2929.674652</timestamp>
			</report>
			<report>
				<misses>462300001</misses>
				<total>0</total>
				<timestamp>2930.299046</timestamp>
			</report>
			<report>
				<misses>462400001</misses>
				<total>0</total>
				<timestamp>2930.924468</timestamp>
			</report>
			<report>
				<misses>462500001</misses>
				<total>0</total>
				<timestamp>2931.551404</timestamp>
			</report>
			<report>
				<misses>462600001</misses>
				<total>0</total>
				<timestamp>2932.176960</timestamp>
			</report>
			<report>
				<misses>462700001</misses>
				<total>0</total>
				<timestamp>2932.800755</timestamp>
			</report>
			<report>
				<misses>462800001</misses>
				<total>0</total>
				<timestamp>2933.423585</timestamp>
			</report>
			<report>
				<misses>462900001</misses>
				<total>0</total>
				<timestamp>2934.046728</timestamp>
			</report>
			<report>
				<misses>463000001</misses>
				<total>0</total>
				<timestamp>2934.669680</timestamp>
			</report>
			<report>
				<misses>463100001</misses>
				<total>0</total>
				<timestamp>2935.292978</timestamp>
			</report>
			<report>
				<misses>463200001</misses>
				<total>0</total>
				<timestamp>2935.913292</timestamp>
			</report>
			<report>
				<misses>463300001</misses>
				<total>0</total>
				<timestamp>2936.535433</timestamp>
			</report>
			<report>
				<misses>463400001</misses>
				<total>0</total>
				<timestamp>2937.155430</timestamp>
			</report>
			<report>
				<misses>463500001</misses>
				<total>0</total>
				<timestamp>2937.777880</timestamp>
			</report>
			<report>
				<misses>463600001</misses>
				<total>0</total>
				<timestamp>2938.397972</timestamp>
			</report>
			<report>
				<misses>463700001</misses>
				<total>0</total>
				<timestamp>2939.017883</timestamp>
			</report>
			<report>
				<misses>463800001</misses>
				<total>0</total>
				<timestamp>2939.637883</timestamp>
			</report>
			<report>
				<misses>463900001</misses>
				<total>0</total>
				<timestamp>2940.259879</timestamp>
			</report>
			<report>
				<misses>464000001</misses>
				<total>0</total>
				<timestamp>2940.882741</timestamp>
			</report>
			<report>
				<misses>464100001</misses>
				<total>0</total>
				<timestamp>2941.505453</timestamp>
			</report>
			<report>
				<misses>464200001</misses>
				<total>0</total>
				<timestamp>2942.128895</timestamp>
			</report>
			<report>
				<misses>464300001</misses>
				<total>0</total>
				<timestamp>2942.755953</timestamp>
			</report>
			<report>
				<misses>464400001</misses>
				<total>0</total>
				<timestamp>2943.379114</timestamp>
			</report>
			<report>
				<misses>464500001</misses>
				<total>0</total>
				<timestamp>2944.004466</timestamp>
			</report>
			<report>
				<misses>464600001</misses>
				<total>0</total>
				<timestamp>2944.626298</timestamp>
			</report>
			<report>
				<misses>464700001</misses>
				<total>0</total>
				<timestamp>2945.250460</timestamp>
			</report>
			<report>
				<misses>464800001</misses>
				<total>0</total>
				<timestamp>2945.876168</timestamp>
			</report>
			<report>
				<misses>464900001</misses>
				<total>0</total>
				<timestamp>2946.502292</timestamp>
			</report>
			<report>
				<misses>465000001</misses>
				<total>0</total>
				<timestamp>2947.134431</timestamp>
			</report>
			<report>
				<misses>465100001</misses>
				<total>0</total>
				<timestamp>2947.759964</timestamp>
			</report>
			<report>
				<misses>465200001</misses>
				<total>0</total>
				<timestamp>2948.385588</timestamp>
			</report>
			<report>
				<misses>465300001</misses>
				<total>0</total>
				<timestamp>2949.011105</timestamp>
			</report>
			<report>
				<misses>465400001</misses>
				<total>0</total>
				<timestamp>2949.637095</timestamp>
			</report>
			<report>
				<misses>465500001</misses>
				<total>0</total>
				<timestamp>2950.279115</timestamp>
			</report>
			<report>
				<misses>465600001</misses>
				<total>0</total>
				<timestamp>2950.903552</timestamp>
			</report>
			<report>
				<misses>465700001</misses>
				<total>0</total>
				<timestamp>2951.528783</timestamp>
			</report>
			<report>
				<misses>465800001</misses>
				<total>0</total>
				<timestamp>2952.172596</timestamp>
			</report>
			<report>
				<misses>465900001</misses>
				<total>0</total>
				<timestamp>2952.800142</timestamp>
			</report>
			<report>
				<misses>466000001</misses>
				<total>0</total>
				<timestamp>2953.425509</timestamp>
			</report>
			<report>
				<misses>466100001</misses>
				<total>0</total>
				<timestamp>2954.051719</timestamp>
			</report>
			<report>
				<misses>466200001</misses>
				<total>0</total>
				<timestamp>2954.679535</timestamp>
			</report>
			<report>
				<misses>466300001</misses>
				<total>0</total>
				<timestamp>2955.307059</timestamp>
			</report>
			<report>
				<misses>466400001</misses>
				<total>0</total>
				<timestamp>2955.935650</timestamp>
			</report>
			<report>
				<misses>466500001</misses>
				<total>0</total>
				<timestamp>2956.568910</timestamp>
			</report>
			<report>
				<misses>466600001</misses>
				<total>0</total>
				<timestamp>2957.199462</timestamp>
			</report>
			<report>
				<misses>466700001</misses>
				<total>0</total>
				<timestamp>2957.832980</timestamp>
			</report>
			<report>
				<misses>466800001</misses>
				<total>0</total>
				<timestamp>2958.469596</timestamp>
			</report>
			<report>
				<misses>466900001</misses>
				<total>0</total>
				<timestamp>2959.102947</timestamp>
			</report>
			<report>
				<misses>467000001</misses>
				<total>0</total>
				<timestamp>2959.737604</timestamp>
			</report>
			<report>
				<misses>467100001</misses>
				<total>0</total>
				<timestamp>2960.371908</timestamp>
			</report>
			<report>
				<misses>467200001</misses>
				<total>0</total>
				<timestamp>2961.007899</timestamp>
			</report>
			<report>
				<misses>467300001</misses>
				<total>0</total>
				<timestamp>2961.642001</timestamp>
			</report>
			<report>
				<misses>467400001</misses>
				<total>0</total>
				<timestamp>2962.276652</timestamp>
			</report>
			<report>
				<misses>467500001</misses>
				<total>0</total>
				<timestamp>2962.915035</timestamp>
			</report>
			<report>
				<misses>467600001</misses>
				<total>0</total>
				<timestamp>2963.548150</timestamp>
			</report>
			<report>
				<misses>467700001</misses>
				<total>0</total>
				<timestamp>2964.181403</timestamp>
			</report>
			<report>
				<misses>467800001</misses>
				<total>0</total>
				<timestamp>2964.820053</timestamp>
			</report>
			<report>
				<misses>467900001</misses>
				<total>0</total>
				<timestamp>2965.455805</timestamp>
			</report>
			<report>
				<misses>468000001</misses>
				<total>0</total>
				<timestamp>2966.093564</timestamp>
			</report>
			<report>
				<misses>468100001</misses>
				<total>0</total>
				<timestamp>2966.727234</timestamp>
			</report>
			<report>
				<misses>468200001</misses>
				<total>0</total>
				<timestamp>2967.362315</timestamp>
			</report>
			<report>
				<misses>468300001</misses>
				<total>0</total>
				<timestamp>2967.998594</timestamp>
			</report>
			<report>
				<misses>468400001</misses>
				<total>0</total>
				<timestamp>2968.635402</timestamp>
			</report>
			<report>
				<misses>468500001</misses>
				<total>0</total>
				<timestamp>2969.271221</timestamp>
			</report>
			<report>
				<misses>468600001</misses>
				<total>0</total>
				<timestamp>2969.909107</timestamp>
			</report>
			<report>
				<misses>468700001</misses>
				<total>0</total>
				<timestamp>2970.544332</timestamp>
			</report>
			<report>
				<misses>468800001</misses>
				<total>0</total>
				<timestamp>2971.177257</timestamp>
			</report>
			<report>
				<misses>468900001</misses>
				<total>0</total>
				<timestamp>2971.813616</timestamp>
			</report>
			<report>
				<misses>469000001</misses>
				<total>0</total>
				<timestamp>2972.449223</timestamp>
			</report>
			<report>
				<misses>469100001</misses>
				<total>0</total>
				<timestamp>2973.085977</timestamp>
			</report>
			<report>
				<misses>469200001</misses>
				<total>0</total>
				<timestamp>2973.721342</timestamp>
			</report>
			<report>
				<misses>469300001</misses>
				<total>0</total>
				<timestamp>2974.356669</timestamp>
			</report>
			<report>
				<misses>469400001</misses>
				<total>0</total>
				<timestamp>2974.990293</timestamp>
			</report>
			<report>
				<misses>469500001</misses>
				<total>0</total>
				<timestamp>2975.619151</timestamp>
			</report>
			<report>
				<misses>469600001</misses>
				<total>0</total>
				<timestamp>2976.243796</timestamp>
			</report>
			<report>
				<misses>469700001</misses>
				<total>0</total>
				<timestamp>2976.867946</timestamp>
			</report>
			<report>
				<misses>469800001</misses>
				<total>0</total>
				<timestamp>2977.495067</timestamp>
			</report>
			<report>
				<misses>469900001</misses>
				<total>0</total>
				<timestamp>2978.121697</timestamp>
			</report>
			<report>
				<misses>470000001</misses>
				<total>0</total>
				<timestamp>2978.753957</timestamp>
			</report>
			<report>
				<misses>470100001</misses>
				<total>0</total>
				<timestamp>2979.383905</timestamp>
			</report>
			<report>
				<misses>470200001</misses>
				<total>0</total>
				<timestamp>2980.010377</timestamp>
			</report>
			<report>
				<misses>470300001</misses>
				<total>0</total>
				<timestamp>2980.637374</timestamp>
			</report>
			<report>
				<misses>470400001</misses>
				<total>0</total>
				<timestamp>2981.264340</timestamp>
			</report>
			<report>
				<misses>470500001</misses>
				<total>0</total>
				<timestamp>2981.891049</timestamp>
			</report>
			<report>
				<misses>470600001</misses>
				<total>0</total>
				<timestamp>2982.518128</timestamp>
			</report>
			<report>
				<misses>470700001</misses>
				<total>0</total>
				<timestamp>2983.144610</timestamp>
			</report>
			<report>
				<misses>470800001</misses>
				<total>0</total>
				<timestamp>2983.771977</timestamp>
			</report>
			<report>
				<misses>470900001</misses>
				<total>0</total>
				<timestamp>2984.399781</timestamp>
			</report>
			<report>
				<misses>471000001</misses>
				<total>0</total>
				<timestamp>2985.027644</timestamp>
			</report>
			<report>
				<misses>471100001</misses>
				<total>0</total>
				<timestamp>2985.655273</timestamp>
			</report>
			<report>
				<misses>471200001</misses>
				<total>0</total>
				<timestamp>2986.282783</timestamp>
			</report>
			<report>
				<misses>471300001</misses>
				<total>0</total>
				<timestamp>2986.910480</timestamp>
			</report>
			<report>
				<misses>471400001</misses>
				<total>0</total>
				<timestamp>2987.538527</timestamp>
			</report>
			<report>
				<misses>471500001</misses>
				<total>0</total>
				<timestamp>2988.166084</timestamp>
			</report>
			<report>
				<misses>471600001</misses>
				<total>0</total>
				<timestamp>2988.797856</timestamp>
			</report>
			<report>
				<misses>471700001</misses>
				<total>0</total>
				<timestamp>2989.423856</timestamp>
			</report>
			<report>
				<misses>471800001</misses>
				<total>0</total>
				<timestamp>2990.050076</timestamp>
			</report>
			<report>
				<misses>471900001</misses>
				<total>0</total>
				<timestamp>2990.677084</timestamp>
			</report>
			<report>
				<misses>472000001</misses>
				<total>0</total>
				<timestamp>2991.303203</timestamp>
			</report>
			<report>
				<misses>472100001</misses>
				<total>0</total>
				<timestamp>2991.934103</timestamp>
			</report>
			<report>
				<misses>472200001</misses>
				<total>0</total>
				<timestamp>2992.558562</timestamp>
			</report>
			<report>
				<misses>472300001</misses>
				<total>0</total>
				<timestamp>2993.183121</timestamp>
			</report>
			<report>
				<misses>472400001</misses>
				<total>0</total>
				<timestamp>2993.806991</timestamp>
			</report>
			<report>
				<misses>472500001</misses>
				<total>0</total>
				<timestamp>2994.431171</timestamp>
			</report>
			<report>
				<misses>472600001</misses>
				<total>0</total>
				<timestamp>2995.057322</timestamp>
			</report>
			<report>
				<misses>472700001</misses>
				<total>0</total>
				<timestamp>2995.685536</timestamp>
			</report>
			<report>
				<misses>472800001</misses>
				<total>0</total>
				<timestamp>2996.311810</timestamp>
			</report>
			<report>
				<misses>472900001</misses>
				<total>0</total>
				<timestamp>2996.941975</timestamp>
			</report>
			<report>
				<misses>473000001</misses>
				<total>0</total>
				<timestamp>2997.565876</timestamp>
			</report>
			<report>
				<misses>473100001</misses>
				<total>0</total>
				<timestamp>2998.192215</timestamp>
			</report>
			<report>
				<misses>473200001</misses>
				<total>0</total>
				<timestamp>2998.830978</timestamp>
			</report>
			<report>
				<misses>473300001</misses>
				<total>0</total>
				<timestamp>2999.461782</timestamp>
			</report>
			<report>
				<misses>473400001</misses>
				<total>0</total>
				<timestamp>3000.092422</timestamp>
			</report>
			<report>
				<misses>473500001</misses>
				<total>0</total>
				<timestamp>3000.724339</timestamp>
			</report>
			<report>
				<misses>473600001</misses>
				<total>0</total>
				<timestamp>3001.356044</timestamp>
			</report>
			<report>
				<misses>473700001</misses>
				<total>0</total>
				<timestamp>3001.991027</timestamp>
			</report>
			<report>
				<misses>473800001</misses>
				<total>0</total>
				<timestamp>3002.625889</timestamp>
			</report>
			<report>
				<misses>473900001</misses>
				<total>0</total>
				<timestamp>3003.258812</timestamp>
			</report>
			<report>
				<misses>474000001</misses>
				<total>0</total>
				<timestamp>3003.895685</timestamp>
			</report>
			<report>
				<misses>474100001</misses>
				<total>0</total>
				<timestamp>3004.531155</timestamp>
			</report>
			<report>
				<misses>474200001</misses>
				<total>0</total>
				<timestamp>3005.176350</timestamp>
			</report>
			<report>
				<misses>474300001</misses>
				<total>0</total>
				<timestamp>3005.813009</timestamp>
			</report>
			<report>
				<misses>474400001</misses>
				<total>0</total>
				<timestamp>3006.462686</timestamp>
			</report>
			<report>
				<misses>474500001</misses>
				<total>0</total>
				<timestamp>3007.107941</timestamp>
			</report>
			<report>
				<misses>474600001</misses>
				<total>0</total>
				<timestamp>3007.744805</timestamp>
			</report>
			<report>
				<misses>474700001</misses>
				<total>0</total>
				<timestamp>3008.378912</timestamp>
			</report>
			<report>
				<misses>474800001</misses>
				<total>0</total>
				<timestamp>3009.014022</timestamp>
			</report>
			<report>
				<misses>474900001</misses>
				<total>0</total>
				<timestamp>3009.653874</timestamp>
			</report>
			<report>
				<misses>475000001</misses>
				<total>0</total>
				<timestamp>3010.301824</timestamp>
			</report>
			<report>
				<misses>475100001</misses>
				<total>0</total>
				<timestamp>3010.949016</timestamp>
			</report>
			<report>
				<misses>475200001</misses>
				<total>0</total>
				<timestamp>3011.596901</timestamp>
			</report>
			<report>
				<misses>475300001</misses>
				<total>0</total>
				<timestamp>3012.244934</timestamp>
			</report>
			<report>
				<misses>475400001</misses>
				<total>0</total>
				<timestamp>3012.892666</timestamp>
			</report>
			<report>
				<misses>475500001</misses>
				<total>0</total>
				<timestamp>3013.541445</timestamp>
			</report>
			<report>
				<misses>475600001</misses>
				<total>0</total>
				<timestamp>3014.189341</timestamp>
			</report>
			<report>
				<misses>475700001</misses>
				<total>0</total>
				<timestamp>3014.839483</timestamp>
			</report>
			<report>
				<misses>475800001</misses>
				<total>0</total>
				<timestamp>3015.487305</timestamp>
			</report>
			<report>
				<misses>475900001</misses>
				<total>0</total>
				<timestamp>3016.136077</timestamp>
			</report>
			<report>
				<misses>476000001</misses>
				<total>0</total>
				<timestamp>3016.787659</timestamp>
			</report>
			<report>
				<misses>476100001</misses>
				<total>0</total>
				<timestamp>3017.436860</timestamp>
			</report>
			<report>
				<misses>476200001</misses>
				<total>0</total>
				<timestamp>3018.086489</timestamp>
			</report>
			<report>
				<misses>476300001</misses>
				<total>0</total>
				<timestamp>3018.739533</timestamp>
			</report>
			<report>
				<misses>476400001</misses>
				<total>0</total>
				<timestamp>3019.388920</timestamp>
			</report>
			<report>
				<misses>476500001</misses>
				<total>0</total>
				<timestamp>3020.038155</timestamp>
			</report>
			<report>
				<misses>476600001</misses>
				<total>0</total>
				<timestamp>3020.688000</timestamp>
			</report>
			<report>
				<misses>476700001</misses>
				<total>0</total>
				<timestamp>3021.336261</timestamp>
			</report>
			<report>
				<misses>476800001</misses>
				<total>0</total>
				<timestamp>3021.984109</timestamp>
			</report>
			<report>
				<misses>476900001</misses>
				<total>0</total>
				<timestamp>3022.632790</timestamp>
			</report>
			<report>
				<misses>477000001</misses>
				<total>0</total>
				<timestamp>3023.266911</timestamp>
			</report>
			<report>
				<misses>477100001</misses>
				<total>0</total>
				<timestamp>3023.901928</timestamp>
			</report>
			<report>
				<misses>477200001</misses>
				<total>0</total>
				<timestamp>3024.536143</timestamp>
			</report>
			<report>
				<misses>477300001</misses>
				<total>0</total>
				<timestamp>3025.170403</timestamp>
			</report>
			<report>
				<misses>477400001</misses>
				<total>0</total>
				<timestamp>3025.808119</timestamp>
			</report>
			<report>
				<misses>477500001</misses>
				<total>0</total>
				<timestamp>3026.445336</timestamp>
			</report>
			<report>
				<misses>477600001</misses>
				<total>0</total>
				<timestamp>3027.081868</timestamp>
			</report>
			<report>
				<misses>477700001</misses>
				<total>0</total>
				<timestamp>3027.716383</timestamp>
			</report>
			<report>
				<misses>477800001</misses>
				<total>0</total>
				<timestamp>3028.351040</timestamp>
			</report>
			<report>
				<misses>477900001</misses>
				<total>0</total>
				<timestamp>3028.982809</timestamp>
			</report>
			<report>
				<misses>478000001</misses>
				<total>0</total>
				<timestamp>3029.609791</timestamp>
			</report>
			<report>
				<misses>478100001</misses>
				<total>0</total>
				<timestamp>3030.251797</timestamp>
			</report>
			<report>
				<misses>478200001</misses>
				<total>0</total>
				<timestamp>3030.882757</timestamp>
			</report>
			<report>
				<misses>478300001</misses>
				<total>0</total>
				<timestamp>3031.510877</timestamp>
			</report>
			<report>
				<misses>478400001</misses>
				<total>0</total>
				<timestamp>3032.139676</timestamp>
			</report>
			<report>
				<misses>478500001</misses>
				<total>0</total>
				<timestamp>3032.771913</timestamp>
			</report>
			<report>
				<misses>478600001</misses>
				<total>0</total>
				<timestamp>3033.400679</timestamp>
			</report>
			<report>
				<misses>478700001</misses>
				<total>0</total>
				<timestamp>3034.032035</timestamp>
			</report>
			<report>
				<misses>478800001</misses>
				<total>0</total>
				<timestamp>3034.662054</timestamp>
			</report>
			<report>
				<misses>478900001</misses>
				<total>0</total>
				<timestamp>3035.291142</timestamp>
			</report>
			<report>
				<misses>479000001</misses>
				<total>0</total>
				<timestamp>3035.919802</timestamp>
			</report>
			<report>
				<misses>479100001</misses>
				<total>0</total>
				<timestamp>3036.552909</timestamp>
			</report>
			<report>
				<misses>479200001</misses>
				<total>0</total>
				<timestamp>3037.183086</timestamp>
			</report>
			<report>
				<misses>479300001</misses>
				<total>0</total>
				<timestamp>3037.812323</timestamp>
			</report>
			<report>
				<misses>479400001</misses>
				<total>0</total>
				<timestamp>3038.447039</timestamp>
			</report>
			<report>
				<misses>479500001</misses>
				<total>0</total>
				<timestamp>3039.081197</timestamp>
			</report>
			<report>
				<misses>479600001</misses>
				<total>0</total>
				<timestamp>3039.714161</timestamp>
			</report>
			<report>
				<misses>479700001</misses>
				<total>0</total>
				<timestamp>3040.364991</timestamp>
			</report>
			<report>
				<misses>479800001</misses>
				<total>0</total>
				<timestamp>3041.002530</timestamp>
			</report>
			<report>
				<misses>479900001</misses>
				<total>0</total>
				<timestamp>3041.634514</timestamp>
			</report>
			<report>
				<misses>480000001</misses>
				<total>0</total>
				<timestamp>3042.264769</timestamp>
			</report>
			<report>
				<misses>480100001</misses>
				<total>0</total>
				<timestamp>3042.906570</timestamp>
			</report>
			<report>
				<misses>480200001</misses>
				<total>0</total>
				<timestamp>3043.536350</timestamp>
			</report>
			<report>
				<misses>480300001</misses>
				<total>0</total>
				<timestamp>3044.165277</timestamp>
			</report>
			<report>
				<misses>480400001</misses>
				<total>0</total>
				<timestamp>3044.808456</timestamp>
			</report>
			<report>
				<misses>480500001</misses>
				<total>0</total>
				<timestamp>3045.436945</timestamp>
			</report>
			<report>
				<misses>480600001</misses>
				<total>0</total>
				<timestamp>3046.074956</timestamp>
			</report>
			<report>
				<misses>480700001</misses>
				<total>0</total>
				<timestamp>3046.715966</timestamp>
			</report>
			<report>
				<misses>480800001</misses>
				<total>0</total>
				<timestamp>3047.359538</timestamp>
			</report>
			<report>
				<misses>480900001</misses>
				<total>0</total>
				<timestamp>3047.982127</timestamp>
			</report>
			<report>
				<misses>481000001</misses>
				<total>0</total>
				<timestamp>3048.604308</timestamp>
			</report>
			<report>
				<misses>481100001</misses>
				<total>0</total>
				<timestamp>3049.227947</timestamp>
			</report>
			<report>
				<misses>481200001</misses>
				<total>0</total>
				<timestamp>3049.853568</timestamp>
			</report>
			<report>
				<misses>481300001</misses>
				<total>0</total>
				<timestamp>3050.477893</timestamp>
			</report>
			<report>
				<misses>481400001</misses>
				<total>0</total>
				<timestamp>3051.102134</timestamp>
			</report>
			<report>
				<misses>481500001</misses>
				<total>0</total>
				<timestamp>3051.725276</timestamp>
			</report>
			<report>
				<misses>481600001</misses>
				<total>0</total>
				<timestamp>3052.347965</timestamp>
			</report>
			<report>
				<misses>481700001</misses>
				<total>0</total>
				<timestamp>3052.982231</timestamp>
			</report>
			<report>
				<misses>481800001</misses>
				<total>0</total>
				<timestamp>3053.611079</timestamp>
			</report>
			<report>
				<misses>481900001</misses>
				<total>0</total>
				<timestamp>3054.243830</timestamp>
			</report>
			<report>
				<misses>482000001</misses>
				<total>0</total>
				<timestamp>3054.885906</timestamp>
			</report>
			<report>
				<misses>482100001</misses>
				<total>0</total>
				<timestamp>3055.522075</timestamp>
			</report>
			<report>
				<misses>482200001</misses>
				<total>0</total>
				<timestamp>3056.166939</timestamp>
			</report>
			<report>
				<misses>482300001</misses>
				<total>0</total>
				<timestamp>3056.811470</timestamp>
			</report>
			<report>
				<misses>482400001</misses>
				<total>0</total>
				<timestamp>3057.447551</timestamp>
			</report>
			<report>
				<misses>482500001</misses>
				<total>0</total>
				<timestamp>3058.087185</timestamp>
			</report>
			<report>
				<misses>482600001</misses>
				<total>0</total>
				<timestamp>3058.722802</timestamp>
			</report>
			<report>
				<misses>482700001</misses>
				<total>0</total>
				<timestamp>3059.358887</timestamp>
			</report>
			<report>
				<misses>482800001</misses>
				<total>0</total>
				<timestamp>3059.998661</timestamp>
			</report>
			<report>
				<misses>482900001</misses>
				<total>0</total>
				<timestamp>3060.633102</timestamp>
			</report>
			<report>
				<misses>483000001</misses>
				<total>0</total>
				<timestamp>3061.261080</timestamp>
			</report>
			<report>
				<misses>483100001</misses>
				<total>0</total>
				<timestamp>3061.895385</timestamp>
			</report>
			<report>
				<misses>483200001</misses>
				<total>0</total>
				<timestamp>3062.525907</timestamp>
			</report>
			<report>
				<misses>483300001</misses>
				<total>0</total>
				<timestamp>3063.156492</timestamp>
			</report>
			<report>
				<misses>483400001</misses>
				<total>0</total>
				<timestamp>3063.786956</timestamp>
			</report>
			<report>
				<misses>483500001</misses>
				<total>0</total>
				<timestamp>3064.421797</timestamp>
			</report>
			<report>
				<misses>483600001</misses>
				<total>0</total>
				<timestamp>3065.051820</timestamp>
			</report>
			<report>
				<misses>483700001</misses>
				<total>0</total>
				<timestamp>3065.681303</timestamp>
			</report>
			<report>
				<misses>483800001</misses>
				<total>0</total>
				<timestamp>3066.312232</timestamp>
			</report>
			<report>
				<misses>483900001</misses>
				<total>0</total>
				<timestamp>3066.942912</timestamp>
			</report>
			<report>
				<misses>484000001</misses>
				<total>0</total>
				<timestamp>3067.572386</timestamp>
			</report>
			<report>
				<misses>484100001</misses>
				<total>0</total>
				<timestamp>3068.202631</timestamp>
			</report>
			<report>
				<misses>484200001</misses>
				<total>0</total>
				<timestamp>3068.844852</timestamp>
			</report>
			<report>
				<misses>484300001</misses>
				<total>0</total>
				<timestamp>3069.499292</timestamp>
			</report>
			<report>
				<misses>484400001</misses>
				<total>0</total>
				<timestamp>3070.126076</timestamp>
			</report>
			<report>
				<misses>484500001</misses>
				<total>0</total>
				<timestamp>3070.768082</timestamp>
			</report>
			<report>
				<misses>484600001</misses>
				<total>0</total>
				<timestamp>3071.397837</timestamp>
			</report>
			<report>
				<misses>484700001</misses>
				<total>0</total>
				<timestamp>3072.030651</timestamp>
			</report>
			<report>
				<misses>484800001</misses>
				<total>0</total>
				<timestamp>3072.663038</timestamp>
			</report>
			<report>
				<misses>484900001</misses>
				<total>0</total>
				<timestamp>3073.301951</timestamp>
			</report>
			<report>
				<misses>485000001</misses>
				<total>0</total>
				<timestamp>3073.938314</timestamp>
			</report>
			<report>
				<misses>485100001</misses>
				<total>0</total>
				<timestamp>3074.563229</timestamp>
			</report>
			<report>
				<misses>485200001</misses>
				<total>0</total>
				<timestamp>3075.189995</timestamp>
			</report>
			<report>
				<misses>485300001</misses>
				<total>0</total>
				<timestamp>3075.815696</timestamp>
			</report>
			<report>
				<misses>485400001</misses>
				<total>0</total>
				<timestamp>3076.440883</timestamp>
			</report>
			<report>
				<misses>485500001</misses>
				<total>0</total>
				<timestamp>3077.067236</timestamp>
			</report>
			<report>
				<misses>485600001</misses>
				<total>0</total>
				<timestamp>3077.693443</timestamp>
			</report>
			<report>
				<misses>485700001</misses>
				<total>0</total>
				<timestamp>3078.319672</timestamp>
			</report>
			<report>
				<misses>485800001</misses>
				<total>0</total>
				<timestamp>3078.945601</timestamp>
			</report>
			<report>
				<misses>485900001</misses>
				<total>0</total>
				<timestamp>3079.571891</timestamp>
			</report>
			<report>
				<misses>486000001</misses>
				<total>0</total>
				<timestamp>3080.198254</timestamp>
			</report>
			<report>
				<misses>486100001</misses>
				<total>0</total>
				<timestamp>3080.824418</timestamp>
			</report>
			<report>
				<misses>486200001</misses>
				<total>0</total>
				<timestamp>3081.450764</timestamp>
			</report>
			<report>
				<misses>486300001</misses>
				<total>0</total>
				<timestamp>3082.081239</timestamp>
			</report>
			<report>
				<misses>486400001</misses>
				<total>0</total>
				<timestamp>3082.708465</timestamp>
			</report>
			<report>
				<misses>486500001</misses>
				<total>0</total>
				<timestamp>3083.335629</timestamp>
			</report>
			<report>
				<misses>486600001</misses>
				<total>0</total>
				<timestamp>3083.962880</timestamp>
			</report>
			<report>
				<misses>486700001</misses>
				<total>0</total>
				<timestamp>3084.588090</timestamp>
			</report>
			<report>
				<misses>486800001</misses>
				<total>0</total>
				<timestamp>3085.215602</timestamp>
			</report>
			<report>
				<misses>486900001</misses>
				<total>0</total>
				<timestamp>3085.844632</timestamp>
			</report>
			<report>
				<misses>487000001</misses>
				<total>0</total>
				<timestamp>3086.481115</timestamp>
			</report>
			<report>
				<misses>487100001</misses>
				<total>0</total>
				<timestamp>3087.116692</timestamp>
			</report>
			<report>
				<misses>487200001</misses>
				<total>0</total>
				<timestamp>3087.753222</timestamp>
			</report>
			<report>
				<misses>487300001</misses>
				<total>0</total>
				<timestamp>3088.388164</timestamp>
			</report>
			<report>
				<misses>487400001</misses>
				<total>0</total>
				<timestamp>3089.024238</timestamp>
			</report>
			<report>
				<misses>487500001</misses>
				<total>0</total>
				<timestamp>3089.660891</timestamp>
			</report>
			<report>
				<misses>487600001</misses>
				<total>0</total>
				<timestamp>3090.297135</timestamp>
			</report>
			<report>
				<misses>487700001</misses>
				<total>0</total>
				<timestamp>3090.933774</timestamp>
			</report>
			<report>
				<misses>487800001</misses>
				<total>0</total>
				<timestamp>3091.569454</timestamp>
			</report>
			<report>
				<misses>487900001</misses>
				<total>0</total>
				<timestamp>3092.206880</timestamp>
			</report>
			<report>
				<misses>488000001</misses>
				<total>0</total>
				<timestamp>3092.843007</timestamp>
			</report>
			<report>
				<misses>488100001</misses>
				<total>0</total>
				<timestamp>3093.473471</timestamp>
			</report>
			<report>
				<misses>488200001</misses>
				<total>0</total>
				<timestamp>3094.100166</timestamp>
			</report>
			<report>
				<misses>488300001</misses>
				<total>0</total>
				<timestamp>3094.731104</timestamp>
			</report>
			<report>
				<misses>488400001</misses>
				<total>0</total>
				<timestamp>3095.360419</timestamp>
			</report>
			<report>
				<misses>488500001</misses>
				<total>0</total>
				<timestamp>3095.988962</timestamp>
			</report>
			<report>
				<misses>488600001</misses>
				<total>0</total>
				<timestamp>3096.624510</timestamp>
			</report>
			<report>
				<misses>488700001</misses>
				<total>0</total>
				<timestamp>3097.264839</timestamp>
			</report>
			<report>
				<misses>488800001</misses>
				<total>0</total>
				<timestamp>3097.889109</timestamp>
			</report>
			<report>
				<misses>488900001</misses>
				<total>0</total>
				<timestamp>3098.515535</timestamp>
			</report>
			<report>
				<misses>489000001</misses>
				<total>0</total>
				<timestamp>3099.154133</timestamp>
			</report>
			<report>
				<misses>489100001</misses>
				<total>0</total>
				<timestamp>3099.787208</timestamp>
			</report>
			<report>
				<misses>489200001</misses>
				<total>0</total>
				<timestamp>3100.431682</timestamp>
			</report>
			<report>
				<misses>489300001</misses>
				<total>0</total>
				<timestamp>3101.057964</timestamp>
			</report>
			<report>
				<misses>489400001</misses>
				<total>0</total>
				<timestamp>3101.685110</timestamp>
			</report>
			<report>
				<misses>489500001</misses>
				<total>0</total>
				<timestamp>3102.314792</timestamp>
			</report>
			<report>
				<misses>489600001</misses>
				<total>0</total>
				<timestamp>3102.945160</timestamp>
			</report>
			<report>
				<misses>489700001</misses>
				<total>0</total>
				<timestamp>3103.575029</timestamp>
			</report>
			<report>
				<misses>489800001</misses>
				<total>0</total>
				<timestamp>3104.201445</timestamp>
			</report>
			<report>
				<misses>489900001</misses>
				<total>0</total>
				<timestamp>3104.827105</timestamp>
			</report>
			<report>
				<misses>490000001</misses>
				<total>0</total>
				<timestamp>3105.453346</timestamp>
			</report>
			<report>
				<misses>490100001</misses>
				<total>0</total>
				<timestamp>3106.083416</timestamp>
			</report>
			<report>
				<misses>490200001</misses>
				<total>0</total>
				<timestamp>3106.709532</timestamp>
			</report>
			<report>
				<misses>490300001</misses>
				<total>0</total>
				<timestamp>3107.336977</timestamp>
			</report>
			<report>
				<misses>490400001</misses>
				<total>0</total>
				<timestamp>3107.965959</timestamp>
			</report>
			<report>
				<misses>490500001</misses>
				<total>0</total>
				<timestamp>3108.593167</timestamp>
			</report>
			<report>
				<misses>490600001</misses>
				<total>0</total>
				<timestamp>3109.224845</timestamp>
			</report>
			<report>
				<misses>490700001</misses>
				<total>0</total>
				<timestamp>3109.855666</timestamp>
			</report>
			<report>
				<misses>490800001</misses>
				<total>0</total>
				<timestamp>3110.482310</timestamp>
			</report>
			<report>
				<misses>490900001</misses>
				<total>0</total>
				<timestamp>3111.112385</timestamp>
			</report>
			<report>
				<misses>491000001</misses>
				<total>0</total>
				<timestamp>3111.741067</timestamp>
			</report>
			<report>
				<misses>491100001</misses>
				<total>0</total>
				<timestamp>3112.368447</timestamp>
			</report>
			<report>
				<misses>491200001</misses>
				<total>0</total>
				<timestamp>3113.000089</timestamp>
			</report>
			<report>
				<misses>491300001</misses>
				<total>0</total>
				<timestamp>3113.628232</timestamp>
			</report>
			<report>
				<misses>491400001</misses>
				<total>0</total>
				<timestamp>3114.255343</timestamp>
			</report>
			<report>
				<misses>491500001</misses>
				<total>0</total>
				<timestamp>3114.882748</timestamp>
			</report>
			<report>
				<misses>491600001</misses>
				<total>0</total>
				<timestamp>3115.511389</timestamp>
			</report>
			<report>
				<misses>491700001</misses>
				<total>0</total>
				<timestamp>3116.141337</timestamp>
			</report>
			<report>
				<misses>491800001</misses>
				<total>0</total>
				<timestamp>3116.773288</timestamp>
			</report>
			<report>
				<misses>491900001</misses>
				<total>0</total>
				<timestamp>3117.402017</timestamp>
			</report>
			<report>
				<misses>492000001</misses>
				<total>0</total>
				<timestamp>3118.038009</timestamp>
			</report>
			<report>
				<misses>492100001</misses>
				<total>0</total>
				<timestamp>3118.667477</timestamp>
			</report>
			<report>
				<misses>492200001</misses>
				<total>0</total>
				<timestamp>3119.303522</timestamp>
			</report>
			<report>
				<misses>492300001</misses>
				<total>0</total>
				<timestamp>3119.934482</timestamp>
			</report>
			<report>
				<misses>492400001</misses>
				<total>0</total>
				<timestamp>3120.569248</timestamp>
			</report>
			<report>
				<misses>492500001</misses>
				<total>0</total>
				<timestamp>3121.204715</timestamp>
			</report>
			<report>
				<misses>492600001</misses>
				<total>0</total>
				<timestamp>3121.833953</timestamp>
			</report>
			<report>
				<misses>492700001</misses>
				<total>0</total>
				<timestamp>3122.464462</timestamp>
			</report>
			<report>
				<misses>492800001</misses>
				<total>0</total>
				<timestamp>3123.093368</timestamp>
			</report>
			<report>
				<misses>492900001</misses>
				<total>0</total>
				<timestamp>3123.731482</timestamp>
			</report>
			<report>
				<misses>493000001</misses>
				<total>0</total>
				<timestamp>3124.369451</timestamp>
			</report>
			<report>
				<misses>493100001</misses>
				<total>0</total>
				<timestamp>3125.004838</timestamp>
			</report>
			<report>
				<misses>493200001</misses>
				<total>0</total>
				<timestamp>3125.644804</timestamp>
			</report>
			<report>
				<misses>493300001</misses>
				<total>0</total>
				<timestamp>3126.286383</timestamp>
			</report>
			<report>
				<misses>493400001</misses>
				<total>0</total>
				<timestamp>3126.922079</timestamp>
			</report>
			<report>
				<misses>493500001</misses>
				<total>0</total>
				<timestamp>3127.549266</timestamp>
			</report>
			<report>
				<misses>493600001</misses>
				<total>0</total>
				<timestamp>3128.175293</timestamp>
			</report>
			<report>
				<misses>493700001</misses>
				<total>0</total>
				<timestamp>3128.801904</timestamp>
			</report>
			<report>
				<misses>493800001</misses>
				<total>0</total>
				<timestamp>3129.435433</timestamp>
			</report>
			<report>
				<misses>493900001</misses>
				<total>0</total>
				<timestamp>3130.059973</timestamp>
			</report>
			<report>
				<misses>494000001</misses>
				<total>0</total>
				<timestamp>3130.684515</timestamp>
			</report>
			<report>
				<misses>494100001</misses>
				<total>0</total>
				<timestamp>3131.317311</timestamp>
			</report>
			<report>
				<misses>494200001</misses>
				<total>0</total>
				<timestamp>3131.958008</timestamp>
			</report>
			<report>
				<misses>494300001</misses>
				<total>0</total>
				<timestamp>3132.600525</timestamp>
			</report>
			<report>
				<misses>494400001</misses>
				<total>0</total>
				<timestamp>3133.238668</timestamp>
			</report>
			<report>
				<misses>494500001</misses>
				<total>0</total>
				<timestamp>3133.868462</timestamp>
			</report>
			<report>
				<misses>494600001</misses>
				<total>0</total>
				<timestamp>3134.498837</timestamp>
			</report>
			<report>
				<misses>494700001</misses>
				<total>0</total>
				<timestamp>3135.130733</timestamp>
			</report>
			<report>
				<misses>494800001</misses>
				<total>0</total>
				<timestamp>3135.767616</timestamp>
			</report>
			<report>
				<misses>494900001</misses>
				<total>0</total>
				<timestamp>3136.396279</timestamp>
			</report>
			<report>
				<misses>495000001</misses>
				<total>0</total>
				<timestamp>3137.027432</timestamp>
			</report>
			<report>
				<misses>495100001</misses>
				<total>0</total>
				<timestamp>3137.674546</timestamp>
			</report>
			<report>
				<misses>495200001</misses>
				<total>0</total>
				<timestamp>3138.325697</timestamp>
			</report>
			<report>
				<misses>495300001</misses>
				<total>0</total>
				<timestamp>3138.965788</timestamp>
			</report>
			<report>
				<misses>495400001</misses>
				<total>0</total>
				<timestamp>3139.590750</timestamp>
			</report>
			<report>
				<misses>495500001</misses>
				<total>0</total>
				<timestamp>3140.217203</timestamp>
			</report>
			<report>
				<misses>495600001</misses>
				<total>0</total>
				<timestamp>3140.841322</timestamp>
			</report>
			<report>
				<misses>495700001</misses>
				<total>0</total>
				<timestamp>3141.466324</timestamp>
			</report>
			<report>
				<misses>495800001</misses>
				<total>0</total>
				<timestamp>3142.087374</timestamp>
			</report>
			<report>
				<misses>495900001</misses>
				<total>0</total>
				<timestamp>3142.719351</timestamp>
			</report>
			<report>
				<misses>496000001</misses>
				<total>0</total>
				<timestamp>3143.347561</timestamp>
			</report>
			<report>
				<misses>496100001</misses>
				<total>0</total>
				<timestamp>3143.973947</timestamp>
			</report>
			<report>
				<misses>496200001</misses>
				<total>0</total>
				<timestamp>3144.607665</timestamp>
			</report>
			<report>
				<misses>496300001</misses>
				<total>0</total>
				<timestamp>3145.232918</timestamp>
			</report>
			<report>
				<misses>496400001</misses>
				<total>0</total>
				<timestamp>3145.911088</timestamp>
			</report>
			<report>
				<misses>496500001</misses>
				<total>0</total>
				<timestamp>3146.546947</timestamp>
			</report>
			<report>
				<misses>496600001</misses>
				<total>0</total>
				<timestamp>3147.176430</timestamp>
			</report>
			<report>
				<misses>496700001</misses>
				<total>0</total>
				<timestamp>3147.810778</timestamp>
			</report>
			<report>
				<misses>496800001</misses>
				<total>0</total>
				<timestamp>3148.500084</timestamp>
			</report>
			<report>
				<misses>496900001</misses>
				<total>0</total>
				<timestamp>3149.198605</timestamp>
			</report>
			<report>
				<misses>497000001</misses>
				<total>0</total>
				<timestamp>3149.888637</timestamp>
			</report>
			<report>
				<misses>497100001</misses>
				<total>0</total>
				<timestamp>3150.544633</timestamp>
			</report>
			<report>
				<misses>497200001</misses>
				<total>0</total>
				<timestamp>3151.215046</timestamp>
			</report>
			<report>
				<misses>497300001</misses>
				<total>0</total>
				<timestamp>3151.885243</timestamp>
			</report>
			<report>
				<misses>497400001</misses>
				<total>0</total>
				<timestamp>3152.522060</timestamp>
			</report>
			<report>
				<misses>497500001</misses>
				<total>0</total>
				<timestamp>3153.166376</timestamp>
			</report>
			<report>
				<misses>497600001</misses>
				<total>0</total>
				<timestamp>3153.811126</timestamp>
			</report>
			<report>
				<misses>497700001</misses>
				<total>0</total>
				<timestamp>3154.496988</timestamp>
			</report>
			<report>
				<misses>497800001</misses>
				<total>0</total>
				<timestamp>3155.186833</timestamp>
			</report>
			<report>
				<misses>497900001</misses>
				<total>0</total>
				<timestamp>3155.868986</timestamp>
			</report>
			<report>
				<misses>498000001</misses>
				<total>0</total>
				<timestamp>3156.508739</timestamp>
			</report>
			<report>
				<misses>498100001</misses>
				<total>0</total>
				<timestamp>3157.185327</timestamp>
			</report>
			<report>
				<misses>498200001</misses>
				<total>0</total>
				<timestamp>3157.852705</timestamp>
			</report>
			<report>
				<misses>498300001</misses>
				<total>0</total>
				<timestamp>3158.501177</timestamp>
			</report>
			<report>
				<misses>498400001</misses>
				<total>0</total>
				<timestamp>3159.152515</timestamp>
			</report>
			<report>
				<misses>498500001</misses>
				<total>0</total>
				<timestamp>3159.806101</timestamp>
			</report>
			<report>
				<misses>498600001</misses>
				<total>0</total>
				<timestamp>3160.450229</timestamp>
			</report>
			<report>
				<misses>498700001</misses>
				<total>0</total>
				<timestamp>3161.089220</timestamp>
			</report>
			<report>
				<misses>498800001</misses>
				<total>0</total>
				<timestamp>3161.727940</timestamp>
			</report>
			<report>
				<misses>498900001</misses>
				<total>0</total>
				<timestamp>3162.367109</timestamp>
			</report>
			<report>
				<misses>499000001</misses>
				<total>0</total>
				<timestamp>3163.018631</timestamp>
			</report>
			<report>
				<misses>499100001</misses>
				<total>0</total>
				<timestamp>3163.657833</timestamp>
			</report>
			<report>
				<misses>499200001</misses>
				<total>0</total>
				<timestamp>3164.357104</timestamp>
			</report>
			<report>
				<misses>499300001</misses>
				<total>0</total>
				<timestamp>3165.009178</timestamp>
			</report>
			<report>
				<misses>499400001</misses>
				<total>0</total>
				<timestamp>3165.700535</timestamp>
			</report>
			<report>
				<misses>499500001</misses>
				<total>0</total>
				<timestamp>3166.332265</timestamp>
			</report>
			<report>
				<misses>499600001</misses>
				<total>0</total>
				<timestamp>3166.956651</timestamp>
			</report>
			<report>
				<misses>499700001</misses>
				<total>0</total>
				<timestamp>3167.580590</timestamp>
			</report>
			<report>
				<misses>499800001</misses>
				<total>0</total>
				<timestamp>3168.239621</timestamp>
			</report>
			<report>
				<misses>499900001</misses>
				<total>0</total>
				<timestamp>3168.885475</timestamp>
			</report>
			<report>
				<misses>500000001</misses>
				<total>0</total>
				<timestamp>3169.534448</timestamp>
			</report>
			<report>
				<misses>500100001</misses>
				<total>0</total>
				<timestamp>3170.174787</timestamp>
			</report>
			<report>
				<misses>500200001</misses>
				<total>0</total>
				<timestamp>3170.832455</timestamp>
			</report>
			<report>
				<misses>500300001</misses>
				<total>0</total>
				<timestamp>3171.461704</timestamp>
			</report>
			<report>
				<misses>500400001</misses>
				<total>0</total>
				<timestamp>3172.091824</timestamp>
			</report>
			<report>
				<misses>500500001</misses>
				<total>0</total>
				<timestamp>3172.726481</timestamp>
			</report>
			<report>
				<misses>500600001</misses>
				<total>0</total>
				<timestamp>3173.360077</timestamp>
			</report>
			<report>
				<misses>500700001</misses>
				<total>0</total>
				<timestamp>3173.989265</timestamp>
			</report>
			<report>
				<misses>500800001</misses>
				<total>0</total>
				<timestamp>3174.635259</timestamp>
			</report>
			<report>
				<misses>500900001</misses>
				<total>0</total>
				<timestamp>3175.280793</timestamp>
			</report>
			<report>
				<misses>501000001</misses>
				<total>0</total>
				<timestamp>3175.933779</timestamp>
			</report>
			<report>
				<misses>501100001</misses>
				<total>0</total>
				<timestamp>3176.568903</timestamp>
			</report>
			<report>
				<misses>501200001</misses>
				<total>0</total>
				<timestamp>3177.199146</timestamp>
			</report>
			<report>
				<misses>501300001</misses>
				<total>0</total>
				<timestamp>3177.835357</timestamp>
			</report>
			<report>
				<misses>501400001</misses>
				<total>0</total>
				<timestamp>3178.475896</timestamp>
			</report>
			<report>
				<misses>501500001</misses>
				<total>0</total>
				<timestamp>3179.129772</timestamp>
			</report>
			<report>
				<misses>501600001</misses>
				<total>0</total>
				<timestamp>3179.775110</timestamp>
			</report>
			<report>
				<misses>501700001</misses>
				<total>0</total>
				<timestamp>3180.421859</timestamp>
			</report>
			<report>
				<misses>501800001</misses>
				<total>0</total>
				<timestamp>3181.085452</timestamp>
			</report>
			<report>
				<misses>501900001</misses>
				<total>0</total>
				<timestamp>3181.749542</timestamp>
			</report>
			<report>
				<misses>502000001</misses>
				<total>0</total>
				<timestamp>3182.424609</timestamp>
			</report>
			<report>
				<misses>502100001</misses>
				<total>0</total>
				<timestamp>3183.113629</timestamp>
			</report>
			<report>
				<misses>502200001</misses>
				<total>0</total>
				<timestamp>3183.802385</timestamp>
			</report>
			<report>
				<misses>502300001</misses>
				<total>0</total>
				<timestamp>3184.475143</timestamp>
			</report>
			<report>
				<misses>502400001</misses>
				<total>0</total>
				<timestamp>3185.116885</timestamp>
			</report>
			<report>
				<misses>502500001</misses>
				<total>0</total>
				<timestamp>3185.757641</timestamp>
			</report>
			<report>
				<misses>502600001</misses>
				<total>0</total>
				<timestamp>3186.395421</timestamp>
			</report>
			<report>
				<misses>502700001</misses>
				<total>0</total>
				<timestamp>3187.046669</timestamp>
			</report>
			<report>
				<misses>502800001</misses>
				<total>0</total>
				<timestamp>3187.687269</timestamp>
			</report>
			<report>
				<misses>502900001</misses>
				<total>0</total>
				<timestamp>3188.314615</timestamp>
			</report>
			<report>
				<misses>503000001</misses>
				<total>0</total>
				<timestamp>3188.943022</timestamp>
			</report>
			<report>
				<misses>503100001</misses>
				<total>0</total>
				<timestamp>3189.569364</timestamp>
			</report>
			<report>
				<misses>503200001</misses>
				<total>0</total>
				<timestamp>3190.205104</timestamp>
			</report>
			<report>
				<misses>503300001</misses>
				<total>0</total>
				<timestamp>3190.849392</timestamp>
			</report>
			<report>
				<misses>503400001</misses>
				<total>0</total>
				<timestamp>3191.509940</timestamp>
			</report>
			<report>
				<misses>503500001</misses>
				<total>0</total>
				<timestamp>3192.198979</timestamp>
			</report>
			<report>
				<misses>503600001</misses>
				<total>0</total>
				<timestamp>3192.864342</timestamp>
			</report>
			<report>
				<misses>503700001</misses>
				<total>0</total>
				<timestamp>3193.525127</timestamp>
			</report>
			<report>
				<misses>503800001</misses>
				<total>0</total>
				<timestamp>3194.236176</timestamp>
			</report>
			<report>
				<misses>503900001</misses>
				<total>0</total>
				<timestamp>3194.951274</timestamp>
			</report>
			<report>
				<misses>504000001</misses>
				<total>0</total>
				<timestamp>3195.667650</timestamp>
			</report>
			<report>
				<misses>504100001</misses>
				<total>0</total>
				<timestamp>3196.378512</timestamp>
			</report>
			<report>
				<misses>504200001</misses>
				<total>0</total>
				<timestamp>3197.069904</timestamp>
			</report>
			<report>
				<misses>504300001</misses>
				<total>0</total>
				<timestamp>3197.788546</timestamp>
			</report>
			<report>
				<misses>504400001</misses>
				<total>0</total>
				<timestamp>3198.509896</timestamp>
			</report>
			<report>
				<misses>504500001</misses>
				<total>0</total>
				<timestamp>3199.231179</timestamp>
			</report>
			<report>
				<misses>504600001</misses>
				<total>0</total>
				<timestamp>3199.949481</timestamp>
			</report>
			<report>
				<misses>504700001</misses>
				<total>0</total>
				<timestamp>3200.585030</timestamp>
			</report>
			<report>
				<misses>504800001</misses>
				<total>0</total>
				<timestamp>3201.210560</timestamp>
			</report>
			<report>
				<misses>504900001</misses>
				<total>0</total>
				<timestamp>3201.855698</timestamp>
			</report>
			<report>
				<misses>505000001</misses>
				<total>0</total>
				<timestamp>3202.508172</timestamp>
			</report>
			<report>
				<misses>505100001</misses>
				<total>0</total>
				<timestamp>3203.135711</timestamp>
			</report>
			<report>
				<misses>505200001</misses>
				<total>0</total>
				<timestamp>3203.778910</timestamp>
			</report>
			<report>
				<misses>505300001</misses>
				<total>0</total>
				<timestamp>3204.427515</timestamp>
			</report>
			<report>
				<misses>505400001</misses>
				<total>0</total>
				<timestamp>3205.062343</timestamp>
			</report>
			<report>
				<misses>505500001</misses>
				<total>0</total>
				<timestamp>3205.716375</timestamp>
			</report>
			<report>
				<misses>505600001</misses>
				<total>0</total>
				<timestamp>3206.352070</timestamp>
			</report>
			<report>
				<misses>505700001</misses>
				<total>0</total>
				<timestamp>3206.987568</timestamp>
			</report>
			<report>
				<misses>505800001</misses>
				<total>0</total>
				<timestamp>3207.617811</timestamp>
			</report>
			<report>
				<misses>505900001</misses>
				<total>0</total>
				<timestamp>3208.252083</timestamp>
			</report>
			<report>
				<misses>506000001</misses>
				<total>0</total>
				<timestamp>3208.898776</timestamp>
			</report>
			<report>
				<misses>506100001</misses>
				<total>0</total>
				<timestamp>3209.548623</timestamp>
			</report>
			<report>
				<misses>506200001</misses>
				<total>0</total>
				<timestamp>3210.192458</timestamp>
			</report>
			<report>
				<misses>506300001</misses>
				<total>0</total>
				<timestamp>3210.897415</timestamp>
			</report>
			<report>
				<misses>506400001</misses>
				<total>0</total>
				<timestamp>3211.568934</timestamp>
			</report>
			<report>
				<misses>506500001</misses>
				<total>0</total>
				<timestamp>3212.263591</timestamp>
			</report>
			<report>
				<misses>506600001</misses>
				<total>0</total>
				<timestamp>3212.926080</timestamp>
			</report>
			<report>
				<misses>506700001</misses>
				<total>0</total>
				<timestamp>3213.620490</timestamp>
			</report>
			<report>
				<misses>506800001</misses>
				<total>0</total>
				<timestamp>3214.266517</timestamp>
			</report>
			<report>
				<misses>506900001</misses>
				<total>0</total>
				<timestamp>3214.898254</timestamp>
			</report>
			<report>
				<misses>507000001</misses>
				<total>0</total>
				<timestamp>3215.528882</timestamp>
			</report>
			<report>
				<misses>507100001</misses>
				<total>0</total>
				<timestamp>3216.160319</timestamp>
			</report>
			<report>
				<misses>507200001</misses>
				<total>0</total>
				<timestamp>3216.793507</timestamp>
			</report>
			<report>
				<misses>507300001</misses>
				<total>0</total>
				<timestamp>3217.432461</timestamp>
			</report>
			<report>
				<misses>507400001</misses>
				<total>0</total>
				<timestamp>3218.082308</timestamp>
			</report>
			<report>
				<misses>507500001</misses>
				<total>0</total>
				<timestamp>3218.713301</timestamp>
			</report>
			<report>
				<misses>507600001</misses>
				<total>0</total>
				<timestamp>3219.346333</timestamp>
			</report>
			<report>
				<misses>507700001</misses>
				<total>0</total>
				<timestamp>3219.988933</timestamp>
			</report>
			<report>
				<misses>507800001</misses>
				<total>0</total>
				<timestamp>3220.664299</timestamp>
			</report>
			<report>
				<misses>507900001</misses>
				<total>0</total>
				<timestamp>3221.379249</timestamp>
			</report>
			<report>
				<misses>508000001</misses>
				<total>0</total>
				<timestamp>3222.078851</timestamp>
			</report>
			<report>
				<misses>508100001</misses>
				<total>0</total>
				<timestamp>3222.756653</timestamp>
			</report>
			<report>
				<misses>508200001</misses>
				<total>0</total>
				<timestamp>3223.391450</timestamp>
			</report>
			<report>
				<misses>508300001</misses>
				<total>0</total>
				<timestamp>3224.097557</timestamp>
			</report>
			<report>
				<misses>508400001</misses>
				<total>0</total>
				<timestamp>3224.734881</timestamp>
			</report>
			<report>
				<misses>508500001</misses>
				<total>0</total>
				<timestamp>3225.363986</timestamp>
			</report>
			<report>
				<misses>508600001</misses>
				<total>0</total>
				<timestamp>3225.987345</timestamp>
			</report>
			<report>
				<misses>508700001</misses>
				<total>0</total>
				<timestamp>3226.613053</timestamp>
			</report>
			<report>
				<misses>508800001</misses>
				<total>0</total>
				<timestamp>3227.237314</timestamp>
			</report>
			<report>
				<misses>508900001</misses>
				<total>0</total>
				<timestamp>3227.865700</timestamp>
			</report>
			<report>
				<misses>509000001</misses>
				<total>0</total>
				<timestamp>3228.492763</timestamp>
			</report>
			<report>
				<misses>509100001</misses>
				<total>0</total>
				<timestamp>3229.125817</timestamp>
			</report>
			<report>
				<misses>509200001</misses>
				<total>0</total>
				<timestamp>3229.754669</timestamp>
			</report>
			<report>
				<misses>509300001</misses>
				<total>0</total>
				<timestamp>3230.391935</timestamp>
			</report>
			<report>
				<misses>509400001</misses>
				<total>0</total>
				<timestamp>3231.083149</timestamp>
			</report>
			<report>
				<misses>509500001</misses>
				<total>0</total>
				<timestamp>3231.808442</timestamp>
			</report>
			<report>
				<misses>509600001</misses>
				<total>0</total>
				<timestamp>3232.458944</timestamp>
			</report>
			<report>
				<misses>509700001</misses>
				<total>0</total>
				<timestamp>3233.086489</timestamp>
			</report>
			<report>
				<misses>509800001</misses>
				<total>0</total>
				<timestamp>3233.710773</timestamp>
			</report>
			<report>
				<misses>509900001</misses>
				<total>0</total>
				<timestamp>3234.334724</timestamp>
			</report>
			<report>
				<misses>510000001</misses>
				<total>0</total>
				<timestamp>3234.960054</timestamp>
			</report>
			<report>
				<misses>510100001</misses>
				<total>0</total>
				<timestamp>3235.589232</timestamp>
			</report>
			<report>
				<misses>510200001</misses>
				<total>0</total>
				<timestamp>3236.219299</timestamp>
			</report>
			<report>
				<misses>510300001</misses>
				<total>0</total>
				<timestamp>3236.843657</timestamp>
			</report>
			<report>
				<misses>510400001</misses>
				<total>0</total>
				<timestamp>3237.469674</timestamp>
			</report>
			<report>
				<misses>510500001</misses>
				<total>0</total>
				<timestamp>3238.105942</timestamp>
			</report>
			<report>
				<misses>510600001</misses>
				<total>0</total>
				<timestamp>3238.742220</timestamp>
			</report>
			<report>
				<misses>510700001</misses>
				<total>0</total>
				<timestamp>3239.370550</timestamp>
			</report>
			<report>
				<misses>510800001</misses>
				<total>0</total>
				<timestamp>3240.000589</timestamp>
			</report>
			<report>
				<misses>510900001</misses>
				<total>0</total>
				<timestamp>3240.624071</timestamp>
			</report>
			<report>
				<misses>511000001</misses>
				<total>0</total>
				<timestamp>3241.251358</timestamp>
			</report>
			<report>
				<misses>511100001</misses>
				<total>0</total>
				<timestamp>3241.879567</timestamp>
			</report>
			<report>
				<misses>511200001</misses>
				<total>0</total>
				<timestamp>3242.508325</timestamp>
			</report>
			<report>
				<misses>511300001</misses>
				<total>0</total>
				<timestamp>3243.144689</timestamp>
			</report>
			<report>
				<misses>511400001</misses>
				<total>0</total>
				<timestamp>3243.778613</timestamp>
			</report>
			<report>
				<misses>511500001</misses>
				<total>0</total>
				<timestamp>3244.413689</timestamp>
			</report>
			<report>
				<misses>511600001</misses>
				<total>0</total>
				<timestamp>3245.051002</timestamp>
			</report>
			<report>
				<misses>511700001</misses>
				<total>0</total>
				<timestamp>3245.678812</timestamp>
			</report>
			<report>
				<misses>511800001</misses>
				<total>0</total>
				<timestamp>3246.306689</timestamp>
			</report>
			<report>
				<misses>511900001</misses>
				<total>0</total>
				<timestamp>3246.933136</timestamp>
			</report>
			<report>
				<misses>512000001</misses>
				<total>0</total>
				<timestamp>3247.557504</timestamp>
			</report>
			<report>
				<misses>512100001</misses>
				<total>0</total>
				<timestamp>3248.185709</timestamp>
			</report>
			<report>
				<misses>512200001</misses>
				<total>0</total>
				<timestamp>3248.817955</timestamp>
			</report>
			<report>
				<misses>512300001</misses>
				<total>0</total>
				<timestamp>3249.445732</timestamp>
			</report>
			<report>
				<misses>512400001</misses>
				<total>0</total>
				<timestamp>3250.074896</timestamp>
			</report>
			<report>
				<misses>512500001</misses>
				<total>0</total>
				<timestamp>3250.702656</timestamp>
			</report>
			<report>
				<misses>512600001</misses>
				<total>0</total>
				<timestamp>3251.328163</timestamp>
			</report>
			<report>
				<misses>512700001</misses>
				<total>0</total>
				<timestamp>3251.959787</timestamp>
			</report>
			<report>
				<misses>512800001</misses>
				<total>0</total>
				<timestamp>3252.592095</timestamp>
			</report>
			<report>
				<misses>512900001</misses>
				<total>0</total>
				<timestamp>3253.223876</timestamp>
			</report>
			<report>
				<misses>513000001</misses>
				<total>0</total>
				<timestamp>3253.855442</timestamp>
			</report>
			<report>
				<misses>513100001</misses>
				<total>0</total>
				<timestamp>3254.486570</timestamp>
			</report>
			<report>
				<misses>513200001</misses>
				<total>0</total>
				<timestamp>3255.125671</timestamp>
			</report>
			<report>
				<misses>513300001</misses>
				<total>0</total>
				<timestamp>3255.756266</timestamp>
			</report>
			<report>
				<misses>513400001</misses>
				<total>0</total>
				<timestamp>3256.387316</timestamp>
			</report>
			<report>
				<misses>513500001</misses>
				<total>0</total>
				<timestamp>3257.015976</timestamp>
			</report>
			<report>
				<misses>513600001</misses>
				<total>0</total>
				<timestamp>3257.656340</timestamp>
			</report>
			<report>
				<misses>513700001</misses>
				<total>0</total>
				<timestamp>3258.291319</timestamp>
			</report>
			<report>
				<misses>513800001</misses>
				<total>0</total>
				<timestamp>3258.915904</timestamp>
			</report>
			<report>
				<misses>513900001</misses>
				<total>0</total>
				<timestamp>3259.538121</timestamp>
			</report>
			<report>
				<misses>514000001</misses>
				<total>0</total>
				<timestamp>3260.164974</timestamp>
			</report>
			<report>
				<misses>514100001</misses>
				<total>0</total>
				<timestamp>3260.791780</timestamp>
			</report>
			<report>
				<misses>514200001</misses>
				<total>0</total>
				<timestamp>3261.414816</timestamp>
			</report>
			<report>
				<misses>514300001</misses>
				<total>0</total>
				<timestamp>3262.038213</timestamp>
			</report>
			<report>
				<misses>514400001</misses>
				<total>0</total>
				<timestamp>3262.661994</timestamp>
			</report>
			<report>
				<misses>514500001</misses>
				<total>0</total>
				<timestamp>3263.285344</timestamp>
			</report>
			<report>
				<misses>514600001</misses>
				<total>0</total>
				<timestamp>3263.908227</timestamp>
			</report>
			<report>
				<misses>514700001</misses>
				<total>0</total>
				<timestamp>3264.533489</timestamp>
			</report>
			<report>
				<misses>514800001</misses>
				<total>0</total>
				<timestamp>3265.155795</timestamp>
			</report>
			<report>
				<misses>514900001</misses>
				<total>0</total>
				<timestamp>3265.778320</timestamp>
			</report>
			<report>
				<misses>515000001</misses>
				<total>0</total>
				<timestamp>3266.400425</timestamp>
			</report>
			<report>
				<misses>515100001</misses>
				<total>0</total>
				<timestamp>3267.026020</timestamp>
			</report>
			<report>
				<misses>515200001</misses>
				<total>0</total>
				<timestamp>3267.649139</timestamp>
			</report>
			<report>
				<misses>515300001</misses>
				<total>0</total>
				<timestamp>3268.272704</timestamp>
			</report>
			<report>
				<misses>515400001</misses>
				<total>0</total>
				<timestamp>3268.905936</timestamp>
			</report>
			<report>
				<misses>515500001</misses>
				<total>0</total>
				<timestamp>3269.531764</timestamp>
			</report>
			<report>
				<misses>515600001</misses>
				<total>0</total>
				<timestamp>3270.157331</timestamp>
			</report>
			<report>
				<misses>515700001</misses>
				<total>0</total>
				<timestamp>3270.782747</timestamp>
			</report>
			<report>
				<misses>515800001</misses>
				<total>0</total>
				<timestamp>3271.408269</timestamp>
			</report>
			<report>
				<misses>515900001</misses>
				<total>0</total>
				<timestamp>3272.033155</timestamp>
			</report>
			<report>
				<misses>516000001</misses>
				<total>0</total>
				<timestamp>3272.661299</timestamp>
			</report>
			<report>
				<misses>516100001</misses>
				<total>0</total>
				<timestamp>3273.296971</timestamp>
			</report>
			<report>
				<misses>516200001</misses>
				<total>0</total>
				<timestamp>3273.921630</timestamp>
			</report>
			<report>
				<misses>516300001</misses>
				<total>0</total>
				<timestamp>3274.546686</timestamp>
			</report>
			<report>
				<misses>516400001</misses>
				<total>0</total>
				<timestamp>3275.172085</timestamp>
			</report>
			<report>
				<misses>516500001</misses>
				<total>0</total>
				<timestamp>3275.797273</timestamp>
			</report>
			<report>
				<misses>516600001</misses>
				<total>0</total>
				<timestamp>3276.424182</timestamp>
			</report>
			<report>
				<misses>516700001</misses>
				<total>0</total>
				<timestamp>3277.049099</timestamp>
			</report>
			<report>
				<misses>516800001</misses>
				<total>0</total>
				<timestamp>3277.673734</timestamp>
			</report>
			<report>
				<misses>516900001</misses>
				<total>0</total>
				<timestamp>3278.301925</timestamp>
			</report>
			<report>
				<misses>517000001</misses>
				<total>0</total>
				<timestamp>3278.953638</timestamp>
			</report>
			<report>
				<misses>517100001</misses>
				<total>0</total>
				<timestamp>3279.587472</timestamp>
			</report>
			<report>
				<misses>517200001</misses>
				<total>0</total>
				<timestamp>3280.222126</timestamp>
			</report>
			<report>
				<misses>517300001</misses>
				<total>0</total>
				<timestamp>3280.861569</timestamp>
			</report>
			<report>
				<misses>517400001</misses>
				<total>0</total>
				<timestamp>3281.495588</timestamp>
			</report>
			<report>
				<misses>517500001</misses>
				<total>0</total>
				<timestamp>3282.139948</timestamp>
			</report>
			<report>
				<misses>517600001</misses>
				<total>0</total>
				<timestamp>3282.773865</timestamp>
			</report>
			<report>
				<misses>517700001</misses>
				<total>0</total>
				<timestamp>3283.407446</timestamp>
			</report>
			<report>
				<misses>517800001</misses>
				<total>0</total>
				<timestamp>3284.051063</timestamp>
			</report>
			<report>
				<misses>517900001</misses>
				<total>0</total>
				<timestamp>3284.700287</timestamp>
			</report>
			<report>
				<misses>518000001</misses>
				<total>0</total>
				<timestamp>3285.331759</timestamp>
			</report>
			<report>
				<misses>518100001</misses>
				<total>0</total>
				<timestamp>3285.969176</timestamp>
			</report>
			<report>
				<misses>518200001</misses>
				<total>0</total>
				<timestamp>3286.616746</timestamp>
			</report>
			<report>
				<misses>518300001</misses>
				<total>0</total>
				<timestamp>3287.264664</timestamp>
			</report>
			<report>
				<misses>518400001</misses>
				<total>0</total>
				<timestamp>3287.912933</timestamp>
			</report>
			<report>
				<misses>518500001</misses>
				<total>0</total>
				<timestamp>3288.563134</timestamp>
			</report>
			<report>
				<misses>518600001</misses>
				<total>0</total>
				<timestamp>3289.203577</timestamp>
			</report>
			<report>
				<misses>518700001</misses>
				<total>0</total>
				<timestamp>3289.836189</timestamp>
			</report>
			<report>
				<misses>518800001</misses>
				<total>0</total>
				<timestamp>3290.467428</timestamp>
			</report>
			<report>
				<misses>518900001</misses>
				<total>0</total>
				<timestamp>3291.099467</timestamp>
			</report>
			<report>
				<misses>519000001</misses>
				<total>0</total>
				<timestamp>3291.729692</timestamp>
			</report>
			<report>
				<misses>519100001</misses>
				<total>0</total>
				<timestamp>3292.353195</timestamp>
			</report>
			<report>
				<misses>519200001</misses>
				<total>0</total>
				<timestamp>3292.977452</timestamp>
			</report>
			<report>
				<misses>519300001</misses>
				<total>0</total>
				<timestamp>3293.602969</timestamp>
			</report>
			<report>
				<misses>519400001</misses>
				<total>0</total>
				<timestamp>3294.230301</timestamp>
			</report>
			<report>
				<misses>519500001</misses>
				<total>0</total>
				<timestamp>3294.856042</timestamp>
			</report>
			<report>
				<misses>519600001</misses>
				<total>0</total>
				<timestamp>3295.492003</timestamp>
			</report>
			<report>
				<misses>519700001</misses>
				<total>0</total>
				<timestamp>3296.127069</timestamp>
			</report>
			<report>
				<misses>519800001</misses>
				<total>0</total>
				<timestamp>3296.759634</timestamp>
			</report>
			<report>
				<misses>519900001</misses>
				<total>0</total>
				<timestamp>3297.387707</timestamp>
			</report>
			<report>
				<misses>520000001</misses>
				<total>0</total>
				<timestamp>3298.012690</timestamp>
			</report>
			<report>
				<misses>520100001</misses>
				<total>0</total>
				<timestamp>3298.637682</timestamp>
			</report>
			<report>
				<misses>520200001</misses>
				<total>0</total>
				<timestamp>3299.261297</timestamp>
			</report>
			<report>
				<misses>520300001</misses>
				<total>0</total>
				<timestamp>3299.884755</timestamp>
			</report>
			<report>
				<misses>520400001</misses>
				<total>0</total>
				<timestamp>3300.508094</timestamp>
			</report>
			<report>
				<misses>520500001</misses>
				<total>0</total>
				<timestamp>3301.130551</timestamp>
			</report>
			<report>
				<misses>520600001</misses>
				<total>0</total>
				<timestamp>3301.753374</timestamp>
			</report>
			<report>
				<misses>520700001</misses>
				<total>0</total>
				<timestamp>3302.376836</timestamp>
			</report>
			<report>
				<misses>520800001</misses>
				<total>0</total>
				<timestamp>3303.012692</timestamp>
			</report>
			<report>
				<misses>520900001</misses>
				<total>0</total>
				<timestamp>3303.645940</timestamp>
			</report>
			<report>
				<misses>521000001</misses>
				<total>0</total>
				<timestamp>3304.283815</timestamp>
			</report>
			<report>
				<misses>521100001</misses>
				<total>0</total>
				<timestamp>3304.924057</timestamp>
			</report>
			<report>
				<misses>521200001</misses>
				<total>0</total>
				<timestamp>3305.563590</timestamp>
			</report>
			<report>
				<misses>521300001</misses>
				<total>0</total>
				<timestamp>3306.200153</timestamp>
			</report>
			<report>
				<misses>521400001</misses>
				<total>0</total>
				<timestamp>3306.833865</timestamp>
			</report>
			<report>
				<misses>521500001</misses>
				<total>0</total>
				<timestamp>3307.458067</timestamp>
			</report>
			<report>
				<misses>521600001</misses>
				<total>0</total>
				<timestamp>3308.082574</timestamp>
			</report>
			<report>
				<misses>521700001</misses>
				<total>0</total>
				<timestamp>3308.706551</timestamp>
			</report>
			<report>
				<misses>521800001</misses>
				<total>0</total>
				<timestamp>3309.333546</timestamp>
			</report>
			<report>
				<misses>521900001</misses>
				<total>0</total>
				<timestamp>3309.959981</timestamp>
			</report>
			<report>
				<misses>522000001</misses>
				<total>0</total>
				<timestamp>3310.586058</timestamp>
			</report>
			<report>
				<misses>522100001</misses>
				<total>0</total>
				<timestamp>3311.214615</timestamp>
			</report>
			<report>
				<misses>522200001</misses>
				<total>0</total>
				<timestamp>3311.841623</timestamp>
			</report>
			<report>
				<misses>522300001</misses>
				<total>0</total>
				<timestamp>3312.466826</timestamp>
			</report>
			<report>
				<misses>522400001</misses>
				<total>0</total>
				<timestamp>3313.092953</timestamp>
			</report>
			<report>
				<misses>522500001</misses>
				<total>0</total>
				<timestamp>3313.718318</timestamp>
			</report>
			<report>
				<misses>522600001</misses>
				<total>0</total>
				<timestamp>3314.344304</timestamp>
			</report>
			<report>
				<misses>522700001</misses>
				<total>0</total>
				<timestamp>3314.969374</timestamp>
			</report>
			<report>
				<misses>522800001</misses>
				<total>0</total>
				<timestamp>3315.594946</timestamp>
			</report>
			<report>
				<misses>522900001</misses>
				<total>0</total>
				<timestamp>3316.220553</timestamp>
			</report>
			<report>
				<misses>523000001</misses>
				<total>0</total>
				<timestamp>3316.846177</timestamp>
			</report>
			<report>
				<misses>523100001</misses>
				<total>0</total>
				<timestamp>3317.471363</timestamp>
			</report>
			<report>
				<misses>523200001</misses>
				<total>0</total>
				<timestamp>3318.097532</timestamp>
			</report>
			<report>
				<misses>523300001</misses>
				<total>0</total>
				<timestamp>3318.723225</timestamp>
			</report>
			<report>
				<misses>523400001</misses>
				<total>0</total>
				<timestamp>3319.348742</timestamp>
			</report>
			<report>
				<misses>523500001</misses>
				<total>0</total>
				<timestamp>3319.975669</timestamp>
			</report>
			<report>
				<misses>523600001</misses>
				<total>0</total>
				<timestamp>3320.602167</timestamp>
			</report>
			<report>
				<misses>523700001</misses>
				<total>0</total>
				<timestamp>3321.228410</timestamp>
			</report>
			<report>
				<misses>523800001</misses>
				<total>0</total>
				<timestamp>3321.854758</timestamp>
			</report>
			<report>
				<misses>523900001</misses>
				<total>0</total>
				<timestamp>3322.480223</timestamp>
			</report>
			<report>
				<misses>524000001</misses>
				<total>0</total>
				<timestamp>3323.106193</timestamp>
			</report>
			<report>
				<misses>524100001</misses>
				<total>0</total>
				<timestamp>3323.731697</timestamp>
			</report>
			<report>
				<misses>524200001</misses>
				<total>0</total>
				<timestamp>3324.357713</timestamp>
			</report>
			<report>
				<misses>524300001</misses>
				<total>0</total>
				<timestamp>3324.983939</timestamp>
			</report>
			<report>
				<misses>524400001</misses>
				<total>0</total>
				<timestamp>3325.609944</timestamp>
			</report>
			<report>
				<misses>524500001</misses>
				<total>0</total>
				<timestamp>3326.241893</timestamp>
			</report>
			<report>
				<misses>524600001</misses>
				<total>0</total>
				<timestamp>3326.867162</timestamp>
			</report>
			<report>
				<misses>524700001</misses>
				<total>0</total>
				<timestamp>3327.492787</timestamp>
			</report>
			<report>
				<misses>524800001</misses>
				<total>0</total>
				<timestamp>3328.118549</timestamp>
			</report>
			<report>
				<misses>524900001</misses>
				<total>0</total>
				<timestamp>3328.744882</timestamp>
			</report>
			<report>
				<misses>525000001</misses>
				<total>0</total>
				<timestamp>3329.370425</timestamp>
			</report>
			<report>
				<misses>525100001</misses>
				<total>0</total>
				<timestamp>3329.995617</timestamp>
			</report>
			<report>
				<misses>525200001</misses>
				<total>0</total>
				<timestamp>3330.622189</timestamp>
			</report>
			<report>
				<misses>525300001</misses>
				<total>0</total>
				<timestamp>3331.246819</timestamp>
			</report>
			<report>
				<misses>525400001</misses>
				<total>0</total>
				<timestamp>3331.872001</timestamp>
			</report>
			<report>
				<misses>525500001</misses>
				<total>0</total>
				<timestamp>3332.494635</timestamp>
			</report>
			<report>
				<misses>525600001</misses>
				<total>0</total>
				<timestamp>3333.115739</timestamp>
			</report>
			<report>
				<misses>525700001</misses>
				<total>0</total>
				<timestamp>3333.739065</timestamp>
			</report>
			<report>
				<misses>525800001</misses>
				<total>0</total>
				<timestamp>3334.362048</timestamp>
			</report>
			<report>
				<misses>525900001</misses>
				<total>0</total>
				<timestamp>3334.985460</timestamp>
			</report>
			<report>
				<misses>526000001</misses>
				<total>0</total>
				<timestamp>3335.608248</timestamp>
			</report>
			<report>
				<misses>526100001</misses>
				<total>0</total>
				<timestamp>3336.232403</timestamp>
			</report>
			<report>
				<misses>526200001</misses>
				<total>0</total>
				<timestamp>3336.856808</timestamp>
			</report>
			<report>
				<misses>526300001</misses>
				<total>0</total>
				<timestamp>3337.482457</timestamp>
			</report>
			<report>
				<misses>526400001</misses>
				<total>0</total>
				<timestamp>3338.107286</timestamp>
			</report>
			<report>
				<misses>526500001</misses>
				<total>0</total>
				<timestamp>3338.736735</timestamp>
			</report>
			<report>
				<misses>526600001</misses>
				<total>0</total>
				<timestamp>3339.366391</timestamp>
			</report>
			<report>
				<misses>526700001</misses>
				<total>0</total>
				<timestamp>3339.997686</timestamp>
			</report>
			<report>
				<misses>526800001</misses>
				<total>0</total>
				<timestamp>3340.636600</timestamp>
			</report>
			<report>
				<misses>526900001</misses>
				<total>0</total>
				<timestamp>3341.265526</timestamp>
			</report>
			<report>
				<misses>527000001</misses>
				<total>0</total>
				<timestamp>3341.895032</timestamp>
			</report>
			<report>
				<misses>527100001</misses>
				<total>0</total>
				<timestamp>3342.525076</timestamp>
			</report>
			<report>
				<misses>527200001</misses>
				<total>0</total>
				<timestamp>3343.155100</timestamp>
			</report>
			<report>
				<misses>527300001</misses>
				<total>0</total>
				<timestamp>3343.783474</timestamp>
			</report>
			<report>
				<misses>527400001</misses>
				<total>0</total>
				<timestamp>3344.408825</timestamp>
			</report>
			<report>
				<misses>527500001</misses>
				<total>0</total>
				<timestamp>3345.040961</timestamp>
			</report>
			<report>
				<misses>527600001</misses>
				<total>0</total>
				<timestamp>3345.667465</timestamp>
			</report>
			<report>
				<misses>527700001</misses>
				<total>0</total>
				<timestamp>3346.293749</timestamp>
			</report>
			<report>
				<misses>527800001</misses>
				<total>0</total>
				<timestamp>3346.919407</timestamp>
			</report>
			<report>
				<misses>527900001</misses>
				<total>0</total>
				<timestamp>3347.544716</timestamp>
			</report>
			<report>
				<misses>528000001</misses>
				<total>0</total>
				<timestamp>3348.170496</timestamp>
			</report>
			<report>
				<misses>528100001</misses>
				<total>0</total>
				<timestamp>3348.796793</timestamp>
			</report>
			<report>
				<misses>528200001</misses>
				<total>0</total>
				<timestamp>3349.422555</timestamp>
			</report>
			<report>
				<misses>528300001</misses>
				<total>0</total>
				<timestamp>3350.048615</timestamp>
			</report>
			<report>
				<misses>528400001</misses>
				<total>0</total>
				<timestamp>3350.674721</timestamp>
			</report>
			<report>
				<misses>528500001</misses>
				<total>0</total>
				<timestamp>3351.300738</timestamp>
			</report>
			<report>
				<misses>528600001</misses>
				<total>0</total>
				<timestamp>3351.929273</timestamp>
			</report>
			<report>
				<misses>528700001</misses>
				<total>0</total>
				<timestamp>3352.557107</timestamp>
			</report>
			<report>
				<misses>528800001</misses>
				<total>0</total>
				<timestamp>3353.185204</timestamp>
			</report>
			<report>
				<misses>528900001</misses>
				<total>0</total>
				<timestamp>3353.812345</timestamp>
			</report>
			<report>
				<misses>529000001</misses>
				<total>0</total>
				<timestamp>3354.438724</timestamp>
			</report>
			<report>
				<misses>529100001</misses>
				<total>0</total>
				<timestamp>3355.065721</timestamp>
			</report>
			<report>
				<misses>529200001</misses>
				<total>0</total>
				<timestamp>3355.690660</timestamp>
			</report>
			<report>
				<misses>529300001</misses>
				<total>0</total>
				<timestamp>3356.315662</timestamp>
			</report>
			<report>
				<misses>529400001</misses>
				<total>0</total>
				<timestamp>3356.940233</timestamp>
			</report>
			<report>
				<misses>529500001</misses>
				<total>0</total>
				<timestamp>3357.574731</timestamp>
			</report>
			<report>
				<misses>529600001</misses>
				<total>0</total>
				<timestamp>3358.213967</timestamp>
			</report>
			<report>
				<misses>529700001</misses>
				<total>0</total>
				<timestamp>3358.848057</timestamp>
			</report>
			<report>
				<misses>529800001</misses>
				<total>0</total>
				<timestamp>3359.487062</timestamp>
			</report>
			<report>
				<misses>529900001</misses>
				<total>0</total>
				<timestamp>3360.122467</timestamp>
			</report>
			<report>
				<misses>530000001</misses>
				<total>0</total>
				<timestamp>3360.761917</timestamp>
			</report>
			<report>
				<misses>530100001</misses>
				<total>0</total>
				<timestamp>3361.401192</timestamp>
			</report>
			<report>
				<misses>530200001</misses>
				<total>0</total>
				<timestamp>3362.041336</timestamp>
			</report>
			<report>
				<misses>530300001</misses>
				<total>0</total>
				<timestamp>3362.676397</timestamp>
			</report>
			<report>
				<misses>530400001</misses>
				<total>0</total>
				<timestamp>3363.312603</timestamp>
			</report>
			<report>
				<misses>530500001</misses>
				<total>0</total>
				<timestamp>3363.947939</timestamp>
			</report>
			<report>
				<misses>530600001</misses>
				<total>0</total>
				<timestamp>3364.582707</timestamp>
			</report>
			<report>
				<misses>530700001</misses>
				<total>0</total>
				<timestamp>3365.217257</timestamp>
			</report>
			<report>
				<misses>530800001</misses>
				<total>0</total>
				<timestamp>3365.855868</timestamp>
			</report>
			<report>
				<misses>530900001</misses>
				<total>0</total>
				<timestamp>3366.490993</timestamp>
			</report>
			<report>
				<misses>531000001</misses>
				<total>0</total>
				<timestamp>3367.125453</timestamp>
			</report>
			<report>
				<misses>531100001</misses>
				<total>0</total>
				<timestamp>3367.759543</timestamp>
			</report>
			<report>
				<misses>531200001</misses>
				<total>0</total>
				<timestamp>3368.393930</timestamp>
			</report>
			<report>
				<misses>531300001</misses>
				<total>0</total>
				<timestamp>3369.030998</timestamp>
			</report>
			<report>
				<misses>531400001</misses>
				<total>0</total>
				<timestamp>3369.663871</timestamp>
			</report>
			<report>
				<misses>531500001</misses>
				<total>0</total>
				<timestamp>3370.302554</timestamp>
			</report>
			<report>
				<misses>531600001</misses>
				<total>0</total>
				<timestamp>3370.932127</timestamp>
			</report>
			<report>
				<misses>531700001</misses>
				<total>0</total>
				<timestamp>3371.568569</timestamp>
			</report>
			<report>
				<misses>531800001</misses>
				<total>0</total>
				<timestamp>3372.197302</timestamp>
			</report>
			<report>
				<misses>531900001</misses>
				<total>0</total>
				<timestamp>3372.826630</timestamp>
			</report>
			<report>
				<misses>532000001</misses>
				<total>0</total>
				<timestamp>3373.455960</timestamp>
			</report>
			<report>
				<misses>532100001</misses>
				<total>0</total>
				<timestamp>3374.086023</timestamp>
			</report>
			<report>
				<misses>532200001</misses>
				<total>0</total>
				<timestamp>3374.715330</timestamp>
			</report>
			<report>
				<misses>532300001</misses>
				<total>0</total>
				<timestamp>3375.345003</timestamp>
			</report>
			<report>
				<misses>532400001</misses>
				<total>0</total>
				<timestamp>3375.973955</timestamp>
			</report>
			<report>
				<misses>532500001</misses>
				<total>0</total>
				<timestamp>3376.602137</timestamp>
			</report>
			<report>
				<misses>532600001</misses>
				<total>0</total>
				<timestamp>3377.233474</timestamp>
			</report>
			<report>
				<misses>532700001</misses>
				<total>0</total>
				<timestamp>3377.869447</timestamp>
			</report>
			<report>
				<misses>532800001</misses>
				<total>0</total>
				<timestamp>3378.496712</timestamp>
			</report>
			<report>
				<misses>532900001</misses>
				<total>0</total>
				<timestamp>3379.132158</timestamp>
			</report>
			<report>
				<misses>533000001</misses>
				<total>0</total>
				<timestamp>3379.765234</timestamp>
			</report>
			<report>
				<misses>533100001</misses>
				<total>0</total>
				<timestamp>3380.392502</timestamp>
			</report>
			<report>
				<misses>533200001</misses>
				<total>0</total>
				<timestamp>3381.025026</timestamp>
			</report>
			<report>
				<misses>533300001</misses>
				<total>0</total>
				<timestamp>3381.650226</timestamp>
			</report>
			<report>
				<misses>533400001</misses>
				<total>0</total>
				<timestamp>3382.291070</timestamp>
			</report>
			<report>
				<misses>533500001</misses>
				<total>0</total>
				<timestamp>3382.917950</timestamp>
			</report>
			<report>
				<misses>533600001</misses>
				<total>0</total>
				<timestamp>3383.544583</timestamp>
			</report>
			<report>
				<misses>533700001</misses>
				<total>0</total>
				<timestamp>3384.171561</timestamp>
			</report>
			<report>
				<misses>533800001</misses>
				<total>0</total>
				<timestamp>3384.798510</timestamp>
			</report>
			<report>
				<misses>533900001</misses>
				<total>0</total>
				<timestamp>3385.439987</timestamp>
			</report>
			<report>
				<misses>534000001</misses>
				<total>0</total>
				<timestamp>3386.066810</timestamp>
			</report>
			<report>
				<misses>534100001</misses>
				<total>0</total>
				<timestamp>3386.694498</timestamp>
			</report>
			<report>
				<misses>534200001</misses>
				<total>0</total>
				<timestamp>3387.322567</timestamp>
			</report>
			<report>
				<misses>534300001</misses>
				<total>0</total>
				<timestamp>3387.950258</timestamp>
			</report>
			<report>
				<misses>534400001</misses>
				<total>0</total>
				<timestamp>3388.578437</timestamp>
			</report>
			<report>
				<misses>534500001</misses>
				<total>0</total>
				<timestamp>3389.206645</timestamp>
			</report>
			<report>
				<misses>534600001</misses>
				<total>0</total>
				<timestamp>3389.834457</timestamp>
			</report>
			<report>
				<misses>534700001</misses>
				<total>0</total>
				<timestamp>3390.461818</timestamp>
			</report>
			<report>
				<misses>534800001</misses>
				<total>0</total>
				<timestamp>3391.097414</timestamp>
			</report>
			<report>
				<misses>534900001</misses>
				<total>0</total>
				<timestamp>3391.730431</timestamp>
			</report>
			<report>
				<misses>535000001</misses>
				<total>0</total>
				<timestamp>3392.358459</timestamp>
			</report>
			<report>
				<misses>535100001</misses>
				<total>0</total>
				<timestamp>3392.986204</timestamp>
			</report>
			<report>
				<misses>535200001</misses>
				<total>0</total>
				<timestamp>3393.614042</timestamp>
			</report>
			<report>
				<misses>535300001</misses>
				<total>0</total>
				<timestamp>3394.241138</timestamp>
			</report>
			<report>
				<misses>535400001</misses>
				<total>0</total>
				<timestamp>3394.867961</timestamp>
			</report>
			<report>
				<misses>535500001</misses>
				<total>0</total>
				<timestamp>3395.493857</timestamp>
			</report>
			<report>
				<misses>535600001</misses>
				<total>0</total>
				<timestamp>3396.123979</timestamp>
			</report>
			<report>
				<misses>535700001</misses>
				<total>0</total>
				<timestamp>3396.751310</timestamp>
			</report>
			<report>
				<misses>535800001</misses>
				<total>0</total>
				<timestamp>3397.378456</timestamp>
			</report>
			<report>
				<misses>535900001</misses>
				<total>0</total>
				<timestamp>3398.006079</timestamp>
			</report>
			<report>
				<misses>536000001</misses>
				<total>0</total>
				<timestamp>3398.633455</timestamp>
			</report>
			<report>
				<misses>536100001</misses>
				<total>0</total>
				<timestamp>3399.265452</timestamp>
			</report>
			<report>
				<misses>536200001</misses>
				<total>0</total>
				<timestamp>3399.897974</timestamp>
			</report>
			<report>
				<misses>536300001</misses>
				<total>0</total>
				<timestamp>3400.525735</timestamp>
			</report>
			<report>
				<misses>536400001</misses>
				<total>0</total>
				<timestamp>3401.153831</timestamp>
			</report>
			<report>
				<misses>536500001</misses>
				<total>0</total>
				<timestamp>3401.785602</timestamp>
			</report>
			<report>
				<misses>536600001</misses>
				<total>0</total>
				<timestamp>3402.413072</timestamp>
			</report>
			<report>
				<misses>536700001</misses>
				<total>0</total>
				<timestamp>3403.040732</timestamp>
			</report>
			<report>
				<misses>536800001</misses>
				<total>0</total>
				<timestamp>3403.668642</timestamp>
			</report>
			<report>
				<misses>536900001</misses>
				<total>0</total>
				<timestamp>3404.296049</timestamp>
			</report>
			<report>
				<misses>537000001</misses>
				<total>0</total>
				<timestamp>3404.928000</timestamp>
			</report>
			<report>
				<misses>537100001</misses>
				<total>0</total>
				<timestamp>3405.554420</timestamp>
			</report>
			<report>
				<misses>537200001</misses>
				<total>0</total>
				<timestamp>3406.180357</timestamp>
			</report>
			<report>
				<misses>537300001</misses>
				<total>0</total>
				<timestamp>3406.807050</timestamp>
			</report>
			<report>
				<misses>537400001</misses>
				<total>0</total>
				<timestamp>3407.433578</timestamp>
			</report>
			<report>
				<misses>537500001</misses>
				<total>0</total>
				<timestamp>3408.061079</timestamp>
			</report>
			<report>
				<misses>537600001</misses>
				<total>0</total>
				<timestamp>3408.688545</timestamp>
			</report>
			<report>
				<misses>537700001</misses>
				<total>0</total>
				<timestamp>3409.315733</timestamp>
			</report>
			<report>
				<misses>537800001</misses>
				<total>0</total>
				<timestamp>3409.943165</timestamp>
			</report>
			<report>
				<misses>537900001</misses>
				<total>0</total>
				<timestamp>3410.569644</timestamp>
			</report>
			<report>
				<misses>538000001</misses>
				<total>0</total>
				<timestamp>3411.196858</timestamp>
			</report>
			<report>
				<misses>538100001</misses>
				<total>0</total>
				<timestamp>3411.823837</timestamp>
			</report>
			<report>
				<misses>538200001</misses>
				<total>0</total>
				<timestamp>3412.450269</timestamp>
			</report>
			<report>
				<misses>538300001</misses>
				<total>0</total>
				<timestamp>3413.076998</timestamp>
			</report>
			<report>
				<misses>538400001</misses>
				<total>0</total>
				<timestamp>3413.704831</timestamp>
			</report>
			<report>
				<misses>538500001</misses>
				<total>0</total>
				<timestamp>3414.338506</timestamp>
			</report>
			<report>
				<misses>538600001</misses>
				<total>0</total>
				<timestamp>3414.973065</timestamp>
			</report>
			<report>
				<misses>538700001</misses>
				<total>0</total>
				<timestamp>3415.606710</timestamp>
			</report>
			<report>
				<misses>538800001</misses>
				<total>0</total>
				<timestamp>3416.241269</timestamp>
			</report>
			<report>
				<misses>538900001</misses>
				<total>0</total>
				<timestamp>3416.875442</timestamp>
			</report>
			<report>
				<misses>539000001</misses>
				<total>0</total>
				<timestamp>3417.509331</timestamp>
			</report>
			<report>
				<misses>539100001</misses>
				<total>0</total>
				<timestamp>3418.143529</timestamp>
			</report>
			<report>
				<misses>539200001</misses>
				<total>0</total>
				<timestamp>3418.777493</timestamp>
			</report>
			<report>
				<misses>539300001</misses>
				<total>0</total>
				<timestamp>3419.411398</timestamp>
			</report>
			<report>
				<misses>539400001</misses>
				<total>0</total>
				<timestamp>3420.045774</timestamp>
			</report>
			<report>
				<misses>539500001</misses>
				<total>0</total>
				<timestamp>3420.680487</timestamp>
			</report>
			<report>
				<misses>539600001</misses>
				<total>0</total>
				<timestamp>3421.314960</timestamp>
			</report>
			<report>
				<misses>539700001</misses>
				<total>0</total>
				<timestamp>3421.949694</timestamp>
			</report>
			<report>
				<misses>539800001</misses>
				<total>0</total>
				<timestamp>3422.584208</timestamp>
			</report>
			<report>
				<misses>539900001</misses>
				<total>0</total>
				<timestamp>3423.218609</timestamp>
			</report>
			<report>
				<misses>540000001</misses>
				<total>0</total>
				<timestamp>3423.850854</timestamp>
			</report>
			<report>
				<misses>540100001</misses>
				<total>0</total>
				<timestamp>3424.485257</timestamp>
			</report>
			<report>
				<misses>540200001</misses>
				<total>0</total>
				<timestamp>3425.116975</timestamp>
			</report>
			<report>
				<misses>540300001</misses>
				<total>0</total>
				<timestamp>3425.750736</timestamp>
			</report>
			<report>
				<misses>540400001</misses>
				<total>0</total>
				<timestamp>3426.380502</timestamp>
			</report>
			<report>
				<misses>540500001</misses>
				<total>0</total>
				<timestamp>3427.014837</timestamp>
			</report>
			<report>
				<misses>540600001</misses>
				<total>0</total>
				<timestamp>3427.650203</timestamp>
			</report>
			<report>
				<misses>540700001</misses>
				<total>0</total>
				<timestamp>3428.290813</timestamp>
			</report>
			<report>
				<misses>540800001</misses>
				<total>0</total>
				<timestamp>3428.919920</timestamp>
			</report>
			<report>
				<misses>540900001</misses>
				<total>0</total>
				<timestamp>3429.551407</timestamp>
			</report>
			<report>
				<misses>541000001</misses>
				<total>0</total>
				<timestamp>3430.184421</timestamp>
			</report>
			<report>
				<misses>541100001</misses>
				<total>0</total>
				<timestamp>3430.820025</timestamp>
			</report>
			<report>
				<misses>541200001</misses>
				<total>0</total>
				<timestamp>3431.455987</timestamp>
			</report>
			<report>
				<misses>541300001</misses>
				<total>0</total>
				<timestamp>3432.083036</timestamp>
			</report>
			<report>
				<misses>541400001</misses>
				<total>0</total>
				<timestamp>3432.709435</timestamp>
			</report>
			<report>
				<misses>541500001</misses>
				<total>0</total>
				<timestamp>3433.339432</timestamp>
			</report>
			<report>
				<misses>541600001</misses>
				<total>0</total>
				<timestamp>3433.967451</timestamp>
			</report>
			<report>
				<misses>541700001</misses>
				<total>0</total>
				<timestamp>3434.604351</timestamp>
			</report>
			<report>
				<misses>541800001</misses>
				<total>0</total>
				<timestamp>3435.241024</timestamp>
			</report>
			<report>
				<misses>541900001</misses>
				<total>0</total>
				<timestamp>3435.878380</timestamp>
			</report>
			<report>
				<misses>542000001</misses>
				<total>0</total>
				<timestamp>3436.516187</timestamp>
			</report>
			<report>
				<misses>542100001</misses>
				<total>0</total>
				<timestamp>3437.152126</timestamp>
			</report>
			<report>
				<misses>542200001</misses>
				<total>0</total>
				<timestamp>3437.788804</timestamp>
			</report>
			<report>
				<misses>542300001</misses>
				<total>0</total>
				<timestamp>3438.426684</timestamp>
			</report>
			<report>
				<misses>542400001</misses>
				<total>0</total>
				<timestamp>3439.063434</timestamp>
			</report>
			<report>
				<misses>542500001</misses>
				<total>0</total>
				<timestamp>3439.696989</timestamp>
			</report>
			<report>
				<misses>542600001</misses>
				<total>0</total>
				<timestamp>3440.325768</timestamp>
			</report>
			<report>
				<misses>542700001</misses>
				<total>0</total>
				<timestamp>3440.954534</timestamp>
			</report>
			<report>
				<misses>542800001</misses>
				<total>0</total>
				<timestamp>3441.583621</timestamp>
			</report>
			<report>
				<misses>542900001</misses>
				<total>0</total>
				<timestamp>3442.216286</timestamp>
			</report>
			<report>
				<misses>543000001</misses>
				<total>0</total>
				<timestamp>3442.845383</timestamp>
			</report>
			<report>
				<misses>543100001</misses>
				<total>0</total>
				<timestamp>3443.473505</timestamp>
			</report>
			<report>
				<misses>543200001</misses>
				<total>0</total>
				<timestamp>3444.109400</timestamp>
			</report>
			<report>
				<misses>543300001</misses>
				<total>0</total>
				<timestamp>3444.750445</timestamp>
			</report>
			<report>
				<misses>543400001</misses>
				<total>0</total>
				<timestamp>3445.449129</timestamp>
			</report>
			<report>
				<misses>543500001</misses>
				<total>0</total>
				<timestamp>3446.167100</timestamp>
			</report>
			<report>
				<misses>543600001</misses>
				<total>0</total>
				<timestamp>3446.886072</timestamp>
			</report>
			<report>
				<misses>543700001</misses>
				<total>0</total>
				<timestamp>3447.599815</timestamp>
			</report>
			<report>
				<misses>543800001</misses>
				<total>0</total>
				<timestamp>3448.233518</timestamp>
			</report>
			<report>
				<misses>543900001</misses>
				<total>0</total>
				<timestamp>3448.874272</timestamp>
			</report>
			<report>
				<misses>544000001</misses>
				<total>0</total>
				<timestamp>3449.515633</timestamp>
			</report>
			<report>
				<misses>544100001</misses>
				<total>0</total>
				<timestamp>3450.166240</timestamp>
			</report>
			<report>
				<misses>544200001</misses>
				<total>0</total>
				<timestamp>3450.864547</timestamp>
			</report>
			<report>
				<misses>544300001</misses>
				<total>0</total>
				<timestamp>3451.515131</timestamp>
			</report>
			<report>
				<misses>544400001</misses>
				<total>0</total>
				<timestamp>3452.176142</timestamp>
			</report>
			<report>
				<misses>544500001</misses>
				<total>0</total>
				<timestamp>3452.881013</timestamp>
			</report>
			<report>
				<misses>544600001</misses>
				<total>0</total>
				<timestamp>3453.588146</timestamp>
			</report>
			<report>
				<misses>544700001</misses>
				<total>0</total>
				<timestamp>3454.304748</timestamp>
			</report>
			<report>
				<misses>544800001</misses>
				<total>0</total>
				<timestamp>3455.008086</timestamp>
			</report>
			<report>
				<misses>544900001</misses>
				<total>0</total>
				<timestamp>3455.721337</timestamp>
			</report>
			<report>
				<misses>545000001</misses>
				<total>0</total>
				<timestamp>3456.447863</timestamp>
			</report>
			<report>
				<misses>545100001</misses>
				<total>0</total>
				<timestamp>3457.104673</timestamp>
			</report>
			<report>
				<misses>545200001</misses>
				<total>0</total>
				<timestamp>3457.740943</timestamp>
			</report>
			<report>
				<misses>545300001</misses>
				<total>0</total>
				<timestamp>3458.369652</timestamp>
			</report>
			<report>
				<misses>545400001</misses>
				<total>0</total>
				<timestamp>3458.999950</timestamp>
			</report>
			<report>
				<misses>545500001</misses>
				<total>0</total>
				<timestamp>3459.636235</timestamp>
			</report>
			<report>
				<misses>545600001</misses>
				<total>0</total>
				<timestamp>3460.264633</timestamp>
			</report>
			<report>
				<misses>545700001</misses>
				<total>0</total>
				<timestamp>3460.902557</timestamp>
			</report>
			<report>
				<misses>545800001</misses>
				<total>0</total>
				<timestamp>3461.539615</timestamp>
			</report>
			<report>
				<misses>545900001</misses>
				<total>0</total>
				<timestamp>3462.180655</timestamp>
			</report>
			<report>
				<misses>546000001</misses>
				<total>0</total>
				<timestamp>3462.815362</timestamp>
			</report>
			<report>
				<misses>546100001</misses>
				<total>0</total>
				<timestamp>3463.447831</timestamp>
			</report>
			<report>
				<misses>546200001</misses>
				<total>0</total>
				<timestamp>3464.087307</timestamp>
			</report>
			<report>
				<misses>546300001</misses>
				<total>0</total>
				<timestamp>3464.725454</timestamp>
			</report>
			<report>
				<misses>546400001</misses>
				<total>0</total>
				<timestamp>3465.365166</timestamp>
			</report>
			<report>
				<misses>546500001</misses>
				<total>0</total>
				<timestamp>3465.991975</timestamp>
			</report>
			<report>
				<misses>546600001</misses>
				<total>0</total>
				<timestamp>3466.649498</timestamp>
			</report>
			<report>
				<misses>546700001</misses>
				<total>0</total>
				<timestamp>3467.277865</timestamp>
			</report>
			<report>
				<misses>546800001</misses>
				<total>0</total>
				<timestamp>3467.911519</timestamp>
			</report>
			<report>
				<misses>546900001</misses>
				<total>0</total>
				<timestamp>3468.571273</timestamp>
			</report>
			<report>
				<misses>547000001</misses>
				<total>0</total>
				<timestamp>3469.219689</timestamp>
			</report>
			<report>
				<misses>547100001</misses>
				<total>0</total>
				<timestamp>3469.913779</timestamp>
			</report>
			<report>
				<misses>547200001</misses>
				<total>0</total>
				<timestamp>3470.548422</timestamp>
			</report>
			<report>
				<misses>547300001</misses>
				<total>0</total>
				<timestamp>3471.206058</timestamp>
			</report>
			<report>
				<misses>547400001</misses>
				<total>0</total>
				<timestamp>3471.848724</timestamp>
			</report>
			<report>
				<misses>547500001</misses>
				<total>0</total>
				<timestamp>3472.485414</timestamp>
			</report>
			<report>
				<misses>547600001</misses>
				<total>0</total>
				<timestamp>3473.172209</timestamp>
			</report>
			<report>
				<misses>547700001</misses>
				<total>0</total>
				<timestamp>3473.869238</timestamp>
			</report>
			<report>
				<misses>547800001</misses>
				<total>0</total>
				<timestamp>3474.515924</timestamp>
			</report>
			<report>
				<misses>547900001</misses>
				<total>0</total>
				<timestamp>3475.163376</timestamp>
			</report>
			<report>
				<misses>548000001</misses>
				<total>0</total>
				<timestamp>3475.794759</timestamp>
			</report>
			<report>
				<misses>548100001</misses>
				<total>0</total>
				<timestamp>3476.421882</timestamp>
			</report>
			<report>
				<misses>548200001</misses>
				<total>0</total>
				<timestamp>3477.052139</timestamp>
			</report>
			<report>
				<misses>548300001</misses>
				<total>0</total>
				<timestamp>3477.690403</timestamp>
			</report>
			<report>
				<misses>548400001</misses>
				<total>0</total>
				<timestamp>3478.339149</timestamp>
			</report>
			<report>
				<misses>548500001</misses>
				<total>0</total>
				<timestamp>3478.981725</timestamp>
			</report>
			<report>
				<misses>548600001</misses>
				<total>0</total>
				<timestamp>3479.629592</timestamp>
			</report>
			<report>
				<misses>548700001</misses>
				<total>0</total>
				<timestamp>3480.264798</timestamp>
			</report>
			<report>
				<misses>548800001</misses>
				<total>0</total>
				<timestamp>3480.907576</timestamp>
			</report>
			<report>
				<misses>548900001</misses>
				<total>0</total>
				<timestamp>3481.576334</timestamp>
			</report>
			<report>
				<misses>549000001</misses>
				<total>0</total>
				<timestamp>3482.244400</timestamp>
			</report>
			<report>
				<misses>549100001</misses>
				<total>0</total>
				<timestamp>3482.900277</timestamp>
			</report>
			<report>
				<misses>549200001</misses>
				<total>0</total>
				<timestamp>3483.531516</timestamp>
			</report>
			<report>
				<misses>549300001</misses>
				<total>0</total>
				<timestamp>3484.162014</timestamp>
			</report>
			<report>
				<misses>549400001</misses>
				<total>0</total>
				<timestamp>3484.789085</timestamp>
			</report>
			<report>
				<misses>549500001</misses>
				<total>0</total>
				<timestamp>3485.418583</timestamp>
			</report>
			<report>
				<misses>549600001</misses>
				<total>0</total>
				<timestamp>3486.058430</timestamp>
			</report>
			<report>
				<misses>549700001</misses>
				<total>0</total>
				<timestamp>3486.695727</timestamp>
			</report>
			<report>
				<misses>549800001</misses>
				<total>0</total>
				<timestamp>3487.322951</timestamp>
			</report>
			<report>
				<misses>549900001</misses>
				<total>0</total>
				<timestamp>3487.967346</timestamp>
			</report>
			<report>
				<misses>550000001</misses>
				<total>0</total>
				<timestamp>3488.594077</timestamp>
			</report>
			<report>
				<misses>550100001</misses>
				<total>0</total>
				<timestamp>3489.224370</timestamp>
			</report>
			<report>
				<misses>550200001</misses>
				<total>0</total>
				<timestamp>3489.860272</timestamp>
			</report>
			<report>
				<misses>550300001</misses>
				<total>0</total>
				<timestamp>3490.494193</timestamp>
			</report>
			<report>
				<misses>550400001</misses>
				<total>0</total>
				<timestamp>3491.125728</timestamp>
			</report>
			<report>
				<misses>550500001</misses>
				<total>0</total>
				<timestamp>3491.757553</timestamp>
			</report>
			<report>
				<misses>550600001</misses>
				<total>0</total>
				<timestamp>3492.389648</timestamp>
			</report>
			<report>
				<misses>550700001</misses>
				<total>0</total>
				<timestamp>3493.033210</timestamp>
			</report>
			<report>
				<misses>550800001</misses>
				<total>0</total>
				<timestamp>3493.678601</timestamp>
			</report>
			<report>
				<misses>550900001</misses>
				<total>0</total>
				<timestamp>3494.312710</timestamp>
			</report>
			<report>
				<misses>551000001</misses>
				<total>0</total>
				<timestamp>3494.962270</timestamp>
			</report>
			<report>
				<misses>551100001</misses>
				<total>0</total>
				<timestamp>3495.599987</timestamp>
			</report>
			<report>
				<misses>551200001</misses>
				<total>0</total>
				<timestamp>3496.238396</timestamp>
			</report>
			<report>
				<misses>551300001</misses>
				<total>0</total>
				<timestamp>3496.872888</timestamp>
			</report>
			<report>
				<misses>551400001</misses>
				<total>0</total>
				<timestamp>3497.508983</timestamp>
			</report>
			<report>
				<misses>551500001</misses>
				<total>0</total>
				<timestamp>3498.145665</timestamp>
			</report>
			<report>
				<misses>551600001</misses>
				<total>0</total>
				<timestamp>3498.787799</timestamp>
			</report>
			<report>
				<misses>551700001</misses>
				<total>0</total>
				<timestamp>3499.421938</timestamp>
			</report>
			<report>
				<misses>551800001</misses>
				<total>0</total>
				<timestamp>3500.053495</timestamp>
			</report>
			<report>
				<misses>551900001</misses>
				<total>0</total>
				<timestamp>3500.689470</timestamp>
			</report>
			<report>
				<misses>552000001</misses>
				<total>0</total>
				<timestamp>3501.319804</timestamp>
			</report>
			<report>
				<misses>552100001</misses>
				<total>0</total>
				<timestamp>3501.945889</timestamp>
			</report>
			<report>
				<misses>552200001</misses>
				<total>0</total>
				<timestamp>3502.571418</timestamp>
			</report>
			<report>
				<misses>552300001</misses>
				<total>0</total>
				<timestamp>3503.197289</timestamp>
			</report>
			<report>
				<misses>552400001</misses>
				<total>0</total>
				<timestamp>3503.823028</timestamp>
			</report>
			<report>
				<misses>552500001</misses>
				<total>0</total>
				<timestamp>3504.449641</timestamp>
			</report>
			<report>
				<misses>552600001</misses>
				<total>0</total>
				<timestamp>3505.075915</timestamp>
			</report>
			<report>
				<misses>552700001</misses>
				<total>0</total>
				<timestamp>3505.702253</timestamp>
			</report>
			<report>
				<misses>552800001</misses>
				<total>0</total>
				<timestamp>3506.327961</timestamp>
			</report>
			<report>
				<misses>552900001</misses>
				<total>0</total>
				<timestamp>3506.955368</timestamp>
			</report>
			<report>
				<misses>553000001</misses>
				<total>0</total>
				<timestamp>3507.582331</timestamp>
			</report>
			<report>
				<misses>553100001</misses>
				<total>0</total>
				<timestamp>3508.209154</timestamp>
			</report>
			<report>
				<misses>553200001</misses>
				<total>0</total>
				<timestamp>3508.835701</timestamp>
			</report>
			<report>
				<misses>553300001</misses>
				<total>0</total>
				<timestamp>3509.461605</timestamp>
			</report>
			<report>
				<misses>553400001</misses>
				<total>0</total>
				<timestamp>3510.087611</timestamp>
			</report>
			<report>
				<misses>553500001</misses>
				<total>0</total>
				<timestamp>3510.714060</timestamp>
			</report>
			<report>
				<misses>553600001</misses>
				<total>0</total>
				<timestamp>3511.341091</timestamp>
			</report>
			<report>
				<misses>553700001</misses>
				<total>0</total>
				<timestamp>3511.967770</timestamp>
			</report>
			<report>
				<misses>553800001</misses>
				<total>0</total>
				<timestamp>3512.592973</timestamp>
			</report>
			<report>
				<misses>553900001</misses>
				<total>0</total>
				<timestamp>3513.217796</timestamp>
			</report>
			<report>
				<misses>554000001</misses>
				<total>0</total>
				<timestamp>3513.842742</timestamp>
			</report>
			<report>
				<misses>554100001</misses>
				<total>0</total>
				<timestamp>3514.469535</timestamp>
			</report>
			<report>
				<misses>554200001</misses>
				<total>0</total>
				<timestamp>3515.096915</timestamp>
			</report>
			<report>
				<misses>554300001</misses>
				<total>0</total>
				<timestamp>3515.723680</timestamp>
			</report>
			<report>
				<misses>554400001</misses>
				<total>0</total>
				<timestamp>3516.350183</timestamp>
			</report>
			<report>
				<misses>554500001</misses>
				<total>0</total>
				<timestamp>3516.975195</timestamp>
			</report>
			<report>
				<misses>554600001</misses>
				<total>0</total>
				<timestamp>3517.600693</timestamp>
			</report>
			<report>
				<misses>554700001</misses>
				<total>0</total>
				<timestamp>3518.226108</timestamp>
			</report>
			<report>
				<misses>554800001</misses>
				<total>0</total>
				<timestamp>3518.851388</timestamp>
			</report>
			<report>
				<misses>554900001</misses>
				<total>0</total>
				<timestamp>3519.474483</timestamp>
			</report>
			<report>
				<misses>555000001</misses>
				<total>0</total>
				<timestamp>3520.095936</timestamp>
			</report>
			<report>
				<misses>555100001</misses>
				<total>0</total>
				<timestamp>3520.718036</timestamp>
			</report>
			<report>
				<misses>555200001</misses>
				<total>0</total>
				<timestamp>3521.340207</timestamp>
			</report>
			<report>
				<misses>555300001</misses>
				<total>0</total>
				<timestamp>3521.962170</timestamp>
			</report>
			<report>
				<misses>555400001</misses>
				<total>0</total>
				<timestamp>3522.583851</timestamp>
			</report>
			<report>
				<misses>555500001</misses>
				<total>0</total>
				<timestamp>3523.206398</timestamp>
			</report>
			<report>
				<misses>555600001</misses>
				<total>0</total>
				<timestamp>3523.828545</timestamp>
			</report>
			<report>
				<misses>555700001</misses>
				<total>0</total>
				<timestamp>3524.451189</timestamp>
			</report>
			<report>
				<misses>555800001</misses>
				<total>0</total>
				<timestamp>3525.073202</timestamp>
			</report>
			<report>
				<misses>555900001</misses>
				<total>0</total>
				<timestamp>3525.695314</timestamp>
			</report>
			<report>
				<misses>556000001</misses>
				<total>0</total>
				<timestamp>3526.318547</timestamp>
			</report>
			<report>
				<misses>556100001</misses>
				<total>0</total>
				<timestamp>3526.941446</timestamp>
			</report>
			<report>
				<misses>556200001</misses>
				<total>0</total>
				<timestamp>3527.563614</timestamp>
			</report>
			<report>
				<misses>556300001</misses>
				<total>0</total>
				<timestamp>3528.186333</timestamp>
			</report>
			<report>
				<misses>556400001</misses>
				<total>0</total>
				<timestamp>3528.809290</timestamp>
			</report>
			<report>
				<misses>556500001</misses>
				<total>0</total>
				<timestamp>3529.432067</timestamp>
			</report>
			<report>
				<misses>556600001</misses>
				<total>0</total>
				<timestamp>3530.057689</timestamp>
			</report>
			<report>
				<misses>556700001</misses>
				<total>0</total>
				<timestamp>3530.680026</timestamp>
			</report>
			<report>
				<misses>556800001</misses>
				<total>0</total>
				<timestamp>3531.302325</timestamp>
			</report>
			<report>
				<misses>556900001</misses>
				<total>0</total>
				<timestamp>3531.924779</timestamp>
			</report>
			<report>
				<misses>557000001</misses>
				<total>0</total>
				<timestamp>3532.547245</timestamp>
			</report>
			<report>
				<misses>557100001</misses>
				<total>0</total>
				<timestamp>3533.169995</timestamp>
			</report>
			<report>
				<misses>557200001</misses>
				<total>0</total>
				<timestamp>3533.793106</timestamp>
			</report>
			<report>
				<misses>557300001</misses>
				<total>0</total>
				<timestamp>3534.415247</timestamp>
			</report>
			<report>
				<misses>557400001</misses>
				<total>0</total>
				<timestamp>3535.037937</timestamp>
			</report>
			<report>
				<misses>557500001</misses>
				<total>0</total>
				<timestamp>3535.661155</timestamp>
			</report>
			<report>
				<misses>557600001</misses>
				<total>0</total>
				<timestamp>3536.286459</timestamp>
			</report>
			<report>
				<misses>557700001</misses>
				<total>0</total>
				<timestamp>3536.914017</timestamp>
			</report>
			<report>
				<misses>557800001</misses>
				<total>0</total>
				<timestamp>3537.536721</timestamp>
			</report>
			<report>
				<misses>557900001</misses>
				<total>0</total>
				<timestamp>3538.159061</timestamp>
			</report>
			<report>
				<misses>558000001</misses>
				<total>0</total>
				<timestamp>3538.782447</timestamp>
			</report>
			<report>
				<misses>558100001</misses>
				<total>0</total>
				<timestamp>3539.405497</timestamp>
			</report>
			<report>
				<misses>558200001</misses>
				<total>0</total>
				<timestamp>3540.028600</timestamp>
			</report>
			<report>
				<misses>558300001</misses>
				<total>0</total>
				<timestamp>3540.651927</timestamp>
			</report>
			<report>
				<misses>558400001</misses>
				<total>0</total>
				<timestamp>3541.283579</timestamp>
			</report>
			<report>
				<misses>558500001</misses>
				<total>0</total>
				<timestamp>3541.924066</timestamp>
			</report>
			<report>
				<misses>558600001</misses>
				<total>0</total>
				<timestamp>3542.553726</timestamp>
			</report>
			<report>
				<misses>558700001</misses>
				<total>0</total>
				<timestamp>3543.186447</timestamp>
			</report>
			<report>
				<misses>558800001</misses>
				<total>0</total>
				<timestamp>3543.823483</timestamp>
			</report>
			<report>
				<misses>558900001</misses>
				<total>0</total>
				<timestamp>3544.457419</timestamp>
			</report>
			<report>
				<misses>559000001</misses>
				<total>0</total>
				<timestamp>3545.086708</timestamp>
			</report>
			<report>
				<misses>559100001</misses>
				<total>0</total>
				<timestamp>3545.718371</timestamp>
			</report>
			<report>
				<misses>559200001</misses>
				<total>0</total>
				<timestamp>3546.348508</timestamp>
			</report>
			<report>
				<misses>559300001</misses>
				<total>0</total>
				<timestamp>3546.974446</timestamp>
			</report>
			<report>
				<misses>559400001</misses>
				<total>0</total>
				<timestamp>3547.599754</timestamp>
			</report>
			<report>
				<misses>559500001</misses>
				<total>0</total>
				<timestamp>3548.227190</timestamp>
			</report>
			<report>
				<misses>559600001</misses>
				<total>0</total>
				<timestamp>3548.854590</timestamp>
			</report>
			<report>
				<misses>559700001</misses>
				<total>0</total>
				<timestamp>3549.480694</timestamp>
			</report>
			<report>
				<misses>559800001</misses>
				<total>0</total>
				<timestamp>3550.112786</timestamp>
			</report>
			<report>
				<misses>559900001</misses>
				<total>0</total>
				<timestamp>3550.747492</timestamp>
			</report>
			<report>
				<misses>560000001</misses>
				<total>0</total>
				<timestamp>3551.375966</timestamp>
			</report>
			<report>
				<misses>560100001</misses>
				<total>0</total>
				<timestamp>3552.004950</timestamp>
			</report>
			<report>
				<misses>560200001</misses>
				<total>0</total>
				<timestamp>3552.636963</timestamp>
			</report>
			<report>
				<misses>560300001</misses>
				<total>0</total>
				<timestamp>3553.268132</timestamp>
			</report>
			<report>
				<misses>560400001</misses>
				<total>0</total>
				<timestamp>3553.899466</timestamp>
			</report>
			<report>
				<misses>560500001</misses>
				<total>0</total>
				<timestamp>3554.557076</timestamp>
			</report>
			<report>
				<misses>560600001</misses>
				<total>0</total>
				<timestamp>3555.209663</timestamp>
			</report>
			<report>
				<misses>560700001</misses>
				<total>0</total>
				<timestamp>3555.849359</timestamp>
			</report>
			<report>
				<misses>560800001</misses>
				<total>0</total>
				<timestamp>3556.479036</timestamp>
			</report>
			<report>
				<misses>560900001</misses>
				<total>0</total>
				<timestamp>3557.102899</timestamp>
			</report>
			<report>
				<misses>561000001</misses>
				<total>0</total>
				<timestamp>3557.726747</timestamp>
			</report>
			<report>
				<misses>561100001</misses>
				<total>0</total>
				<timestamp>3558.350541</timestamp>
			</report>
			<report>
				<misses>561200001</misses>
				<total>0</total>
				<timestamp>3558.974823</timestamp>
			</report>
			<report>
				<misses>561300001</misses>
				<total>0</total>
				<timestamp>3559.598613</timestamp>
			</report>
			<report>
				<misses>561400001</misses>
				<total>0</total>
				<timestamp>3560.223084</timestamp>
			</report>
			<report>
				<misses>561500001</misses>
				<total>0</total>
				<timestamp>3560.847358</timestamp>
			</report>
			<report>
				<misses>561600001</misses>
				<total>0</total>
				<timestamp>3561.471583</timestamp>
			</report>
			<report>
				<misses>561700001</misses>
				<total>0</total>
				<timestamp>3562.098800</timestamp>
			</report>
			<report>
				<misses>561800001</misses>
				<total>0</total>
				<timestamp>3562.722800</timestamp>
			</report>
			<report>
				<misses>561900001</misses>
				<total>0</total>
				<timestamp>3563.347005</timestamp>
			</report>
			<report>
				<misses>562000001</misses>
				<total>0</total>
				<timestamp>3563.971325</timestamp>
			</report>
			<report>
				<misses>562100001</misses>
				<total>0</total>
				<timestamp>3564.595617</timestamp>
			</report>
			<report>
				<misses>562200001</misses>
				<total>0</total>
				<timestamp>3565.219671</timestamp>
			</report>
			<report>
				<misses>562300001</misses>
				<total>0</total>
				<timestamp>3565.843219</timestamp>
			</report>
			<report>
				<misses>562400001</misses>
				<total>0</total>
				<timestamp>3566.472509</timestamp>
			</report>
			<report>
				<misses>562500001</misses>
				<total>0</total>
				<timestamp>3567.100341</timestamp>
			</report>
			<report>
				<misses>562600001</misses>
				<total>0</total>
				<timestamp>3567.730961</timestamp>
			</report>
			<report>
				<misses>562700001</misses>
				<total>0</total>
				<timestamp>3568.365940</timestamp>
			</report>
			<report>
				<misses>562800001</misses>
				<total>0</total>
				<timestamp>3569.001834</timestamp>
			</report>
			<report>
				<misses>562900001</misses>
				<total>0</total>
				<timestamp>3569.642200</timestamp>
			</report>
			<report>
				<misses>563000001</misses>
				<total>0</total>
				<timestamp>3570.274074</timestamp>
			</report>
			<report>
				<misses>563100001</misses>
				<total>0</total>
				<timestamp>3570.911099</timestamp>
			</report>
			<report>
				<misses>563200001</misses>
				<total>0</total>
				<timestamp>3571.540878</timestamp>
			</report>
			<report>
				<misses>563300001</misses>
				<total>0</total>
				<timestamp>3572.168702</timestamp>
			</report>
			<report>
				<misses>563400001</misses>
				<total>0</total>
				<timestamp>3572.812009</timestamp>
			</report>
			<report>
				<misses>563500001</misses>
				<total>0</total>
				<timestamp>3573.483323</timestamp>
			</report>
			<report>
				<misses>563600001</misses>
				<total>0</total>
				<timestamp>3574.130263</timestamp>
			</report>
			<report>
				<misses>563700001</misses>
				<total>0</total>
				<timestamp>3574.776746</timestamp>
			</report>
			<report>
				<misses>563800001</misses>
				<total>0</total>
				<timestamp>3575.423818</timestamp>
			</report>
			<report>
				<misses>563900001</misses>
				<total>0</total>
				<timestamp>3576.071340</timestamp>
			</report>
			<report>
				<misses>564000001</misses>
				<total>0</total>
				<timestamp>3576.719424</timestamp>
			</report>
			<report>
				<misses>564100001</misses>
				<total>0</total>
				<timestamp>3577.366314</timestamp>
			</report>
			<report>
				<misses>564200001</misses>
				<total>0</total>
				<timestamp>3578.012925</timestamp>
			</report>
			<report>
				<misses>564300001</misses>
				<total>0</total>
				<timestamp>3578.653974</timestamp>
			</report>
			<report>
				<misses>564400001</misses>
				<total>0</total>
				<timestamp>3579.290035</timestamp>
			</report>
			<report>
				<misses>564500001</misses>
				<total>0</total>
				<timestamp>3579.911375</timestamp>
			</report>
			<report>
				<misses>564600001</misses>
				<total>0</total>
				<timestamp>3580.533052</timestamp>
			</report>
			<report>
				<misses>564700001</misses>
				<total>0</total>
				<timestamp>3581.154865</timestamp>
			</report>
			<report>
				<misses>564800001</misses>
				<total>0</total>
				<timestamp>3581.776774</timestamp>
			</report>
			<report>
				<misses>564900001</misses>
				<total>0</total>
				<timestamp>3582.398807</timestamp>
			</report>
			<report>
				<misses>565000001</misses>
				<total>0</total>
				<timestamp>3583.020628</timestamp>
			</report>
			<report>
				<misses>565100001</misses>
				<total>0</total>
				<timestamp>3583.642585</timestamp>
			</report>
			<report>
				<misses>565200001</misses>
				<total>0</total>
				<timestamp>3584.264659</timestamp>
			</report>
			<report>
				<misses>565300001</misses>
				<total>0</total>
				<timestamp>3584.886946</timestamp>
			</report>
			<report>
				<misses>565400001</misses>
				<total>0</total>
				<timestamp>3585.513044</timestamp>
			</report>
			<report>
				<misses>565500001</misses>
				<total>0</total>
				<timestamp>3586.140007</timestamp>
			</report>
			<report>
				<misses>565600001</misses>
				<total>0</total>
				<timestamp>3586.767389</timestamp>
			</report>
			<report>
				<misses>565700001</misses>
				<total>0</total>
				<timestamp>3587.394450</timestamp>
			</report>
			<report>
				<misses>565800001</misses>
				<total>0</total>
				<timestamp>3588.021429</timestamp>
			</report>
			<report>
				<misses>565900001</misses>
				<total>0</total>
				<timestamp>3588.646562</timestamp>
			</report>
			<report>
				<misses>566000001</misses>
				<total>0</total>
				<timestamp>3589.268316</timestamp>
			</report>
			<report>
				<misses>566100001</misses>
				<total>0</total>
				<timestamp>3589.890705</timestamp>
			</report>
			<report>
				<misses>566200001</misses>
				<total>0</total>
				<timestamp>3590.513170</timestamp>
			</report>
			<report>
				<misses>566300001</misses>
				<total>0</total>
				<timestamp>3591.136032</timestamp>
			</report>
			<report>
				<misses>566400001</misses>
				<total>0</total>
				<timestamp>3591.765439</timestamp>
			</report>
			<report>
				<misses>566500001</misses>
				<total>0</total>
				<timestamp>3592.397394</timestamp>
			</report>
			<report>
				<misses>566600001</misses>
				<total>0</total>
				<timestamp>3593.026981</timestamp>
			</report>
			<report>
				<misses>566700001</misses>
				<total>0</total>
				<timestamp>3593.654679</timestamp>
			</report>
			<report>
				<misses>566800001</misses>
				<total>0</total>
				<timestamp>3594.282937</timestamp>
			</report>
			<report>
				<misses>566900001</misses>
				<total>0</total>
				<timestamp>3594.910744</timestamp>
			</report>
			<report>
				<misses>567000001</misses>
				<total>0</total>
				<timestamp>3595.542058</timestamp>
			</report>
			<report>
				<misses>567100001</misses>
				<total>0</total>
				<timestamp>3596.178735</timestamp>
			</report>
			<report>
				<misses>567200001</misses>
				<total>0</total>
				<timestamp>3596.817376</timestamp>
			</report>
			<report>
				<misses>567300001</misses>
				<total>0</total>
				<timestamp>3597.441389</timestamp>
			</report>
			<report>
				<misses>567400001</misses>
				<total>0</total>
				<timestamp>3598.065632</timestamp>
			</report>
			<report>
				<misses>567500001</misses>
				<total>0</total>
				<timestamp>3598.694616</timestamp>
			</report>
			<report>
				<misses>567600001</misses>
				<total>0</total>
				<timestamp>3599.324407</timestamp>
			</report>
			<report>
				<misses>567700001</misses>
				<total>0</total>
				<timestamp>3599.954535</timestamp>
			</report>
			<report>
				<misses>567800001</misses>
				<total>0</total>
				<timestamp>3600.583842</timestamp>
			</report>
			<report>
				<misses>567900001</misses>
				<total>0</total>
				<timestamp>3601.213672</timestamp>
			</report>
			<report>
				<misses>568000001</misses>
				<total>0</total>
				<timestamp>3601.838436</timestamp>
			</report>
			<report>
				<misses>568100001</misses>
				<total>0</total>
				<timestamp>3602.463301</timestamp>
			</report>
			<report>
				<misses>568200001</misses>
				<total>0</total>
				<timestamp>3603.097593</timestamp>
			</report>
			<report>
				<misses>568300001</misses>
				<total>0</total>
				<timestamp>3603.726546</timestamp>
			</report>
			<report>
				<misses>568400001</misses>
				<total>0</total>
				<timestamp>3604.355962</timestamp>
			</report>
			<report>
				<misses>568500001</misses>
				<total>0</total>
				<timestamp>3604.984907</timestamp>
			</report>
			<report>
				<misses>568600001</misses>
				<total>0</total>
				<timestamp>3605.619608</timestamp>
			</report>
			<report>
				<misses>568700001</misses>
				<total>0</total>
				<timestamp>3606.244994</timestamp>
			</report>
			<report>
				<misses>568800001</misses>
				<total>0</total>
				<timestamp>3606.868072</timestamp>
			</report>
			<report>
				<misses>568900001</misses>
				<total>0</total>
				<timestamp>3607.490467</timestamp>
			</report>
			<report>
				<misses>569000001</misses>
				<total>0</total>
				<timestamp>3608.113592</timestamp>
			</report>
			<report>
				<misses>569100001</misses>
				<total>0</total>
				<timestamp>3608.735808</timestamp>
			</report>
			<report>
				<misses>569200001</misses>
				<total>0</total>
				<timestamp>3609.357951</timestamp>
			</report>
			<report>
				<misses>569300001</misses>
				<total>0</total>
				<timestamp>3609.981124</timestamp>
			</report>
			<report>
				<misses>569400001</misses>
				<total>0</total>
				<timestamp>3610.603835</timestamp>
			</report>
			<report>
				<misses>569500001</misses>
				<total>0</total>
				<timestamp>3611.229446</timestamp>
			</report>
			<report>
				<misses>569600001</misses>
				<total>0</total>
				<timestamp>3611.852427</timestamp>
			</report>
			<report>
				<misses>569700001</misses>
				<total>0</total>
				<timestamp>3612.475375</timestamp>
			</report>
			<report>
				<misses>569800001</misses>
				<total>0</total>
				<timestamp>3613.097949</timestamp>
			</report>
			<report>
				<misses>569900001</misses>
				<total>0</total>
				<timestamp>3613.721076</timestamp>
			</report>
			<report>
				<misses>570000001</misses>
				<total>0</total>
				<timestamp>3614.344604</timestamp>
			</report>
			<report>
				<misses>570100001</misses>
				<total>0</total>
				<timestamp>3614.967648</timestamp>
			</report>
			<report>
				<misses>570200001</misses>
				<total>0</total>
				<timestamp>3615.591348</timestamp>
			</report>
			<report>
				<misses>570300001</misses>
				<total>0</total>
				<timestamp>3616.217667</timestamp>
			</report>
			<report>
				<misses>570400001</misses>
				<total>0</total>
				<timestamp>3616.856281</timestamp>
			</report>
			<report>
				<misses>570500001</misses>
				<total>0</total>
				<timestamp>3617.501816</timestamp>
			</report>
			<report>
				<misses>570600001</misses>
				<total>0</total>
				<timestamp>3618.126803</timestamp>
			</report>
			<report>
				<misses>570700001</misses>
				<total>0</total>
				<timestamp>3618.752161</timestamp>
			</report>
			<report>
				<misses>570800001</misses>
				<total>0</total>
				<timestamp>3619.376483</timestamp>
			</report>
			<report>
				<misses>570900001</misses>
				<total>0</total>
				<timestamp>3620.002787</timestamp>
			</report>
			<report>
				<misses>571000001</misses>
				<total>0</total>
				<timestamp>3620.630133</timestamp>
			</report>
			<report>
				<misses>571100001</misses>
				<total>0</total>
				<timestamp>3621.257257</timestamp>
			</report>
			<report>
				<misses>571200001</misses>
				<total>0</total>
				<timestamp>3621.884618</timestamp>
			</report>
			<report>
				<misses>571300001</misses>
				<total>0</total>
				<timestamp>3622.511736</timestamp>
			</report>
			<report>
				<misses>571400001</misses>
				<total>0</total>
				<timestamp>3623.138220</timestamp>
			</report>
			<report>
				<misses>571500001</misses>
				<total>0</total>
				<timestamp>3623.765739</timestamp>
			</report>
			<report>
				<misses>571600001</misses>
				<total>0</total>
				<timestamp>3624.392872</timestamp>
			</report>
			<report>
				<misses>571700001</misses>
				<total>0</total>
				<timestamp>3625.020336</timestamp>
			</report>
			<report>
				<misses>571800001</misses>
				<total>0</total>
				<timestamp>3625.648013</timestamp>
			</report>
			<report>
				<misses>571900001</misses>
				<total>0</total>
				<timestamp>3626.275493</timestamp>
			</report>
			<report>
				<misses>572000001</misses>
				<total>0</total>
				<timestamp>3626.903041</timestamp>
			</report>
			<report>
				<misses>572100001</misses>
				<total>0</total>
				<timestamp>3627.531104</timestamp>
			</report>
			<report>
				<misses>572200001</misses>
				<total>0</total>
				<timestamp>3628.158792</timestamp>
			</report>
			<report>
				<misses>572300001</misses>
				<total>0</total>
				<timestamp>3628.786280</timestamp>
			</report>
			<report>
				<misses>572400001</misses>
				<total>0</total>
				<timestamp>3629.413452</timestamp>
			</report>
			<report>
				<misses>572500001</misses>
				<total>0</total>
				<timestamp>3630.040375</timestamp>
			</report>
			<report>
				<misses>572600001</misses>
				<total>0</total>
				<timestamp>3630.667914</timestamp>
			</report>
			<report>
				<misses>572700001</misses>
				<total>0</total>
				<timestamp>3631.295696</timestamp>
			</report>
			<report>
				<misses>572800001</misses>
				<total>0</total>
				<timestamp>3631.923467</timestamp>
			</report>
			<report>
				<misses>572900001</misses>
				<total>0</total>
				<timestamp>3632.550480</timestamp>
			</report>
			<report>
				<misses>573000001</misses>
				<total>0</total>
				<timestamp>3633.177552</timestamp>
			</report>
			<report>
				<misses>573100001</misses>
				<total>0</total>
				<timestamp>3633.804794</timestamp>
			</report>
			<report>
				<misses>573200001</misses>
				<total>0</total>
				<timestamp>3634.431623</timestamp>
			</report>
			<report>
				<misses>573300001</misses>
				<total>0</total>
				<timestamp>3635.058517</timestamp>
			</report>
			<report>
				<misses>573400001</misses>
				<total>0</total>
				<timestamp>3635.685736</timestamp>
			</report>
			<report>
				<misses>573500001</misses>
				<total>0</total>
				<timestamp>3636.317668</timestamp>
			</report>
			<report>
				<misses>573600001</misses>
				<total>0</total>
				<timestamp>3636.947301</timestamp>
			</report>
			<report>
				<misses>573700001</misses>
				<total>0</total>
				<timestamp>3637.569671</timestamp>
			</report>
			<report>
				<misses>573800001</misses>
				<total>0</total>
				<timestamp>3638.192436</timestamp>
			</report>
			<report>
				<misses>573900001</misses>
				<total>0</total>
				<timestamp>3638.820098</timestamp>
			</report>
			<report>
				<misses>574000001</misses>
				<total>0</total>
				<timestamp>3639.442428</timestamp>
			</report>
			<report>
				<misses>574100001</misses>
				<total>0</total>
				<timestamp>3640.064391</timestamp>
			</report>
			<report>
				<misses>574200001</misses>
				<total>0</total>
				<timestamp>3640.686178</timestamp>
			</report>
			<report>
				<misses>574300001</misses>
				<total>0</total>
				<timestamp>3641.310650</timestamp>
			</report>
			<report>
				<misses>574400001</misses>
				<total>0</total>
				<timestamp>3641.949314</timestamp>
			</report>
			<report>
				<misses>574500001</misses>
				<total>0</total>
				<timestamp>3642.570555</timestamp>
			</report>
			<report>
				<misses>574600001</misses>
				<total>0</total>
				<timestamp>3643.203235</timestamp>
			</report>
			<report>
				<misses>574700001</misses>
				<total>0</total>
				<timestamp>3643.851142</timestamp>
			</report>
			<report>
				<misses>574800001</misses>
				<total>0</total>
				<timestamp>3644.497176</timestamp>
			</report>
			<report>
				<misses>574900001</misses>
				<total>0</total>
				<timestamp>3645.132969</timestamp>
			</report>
			<report>
				<misses>575000001</misses>
				<total>0</total>
				<timestamp>3645.769369</timestamp>
			</report>
			<report>
				<misses>575100001</misses>
				<total>0</total>
				<timestamp>3646.403931</timestamp>
			</report>
			<report>
				<misses>575200001</misses>
				<total>0</total>
				<timestamp>3647.038680</timestamp>
			</report>
			<report>
				<misses>575300001</misses>
				<total>0</total>
				<timestamp>3647.674719</timestamp>
			</report>
			<report>
				<misses>575400001</misses>
				<total>0</total>
				<timestamp>3648.309041</timestamp>
			</report>
			<report>
				<misses>575500001</misses>
				<total>0</total>
				<timestamp>3648.948722</timestamp>
			</report>
			<report>
				<misses>575600001</misses>
				<total>0</total>
				<timestamp>3649.584395</timestamp>
			</report>
			<report>
				<misses>575700001</misses>
				<total>0</total>
				<timestamp>3650.221305</timestamp>
			</report>
			<report>
				<misses>575800001</misses>
				<total>0</total>
				<timestamp>3650.857702</timestamp>
			</report>
			<report>
				<misses>575900001</misses>
				<total>0</total>
				<timestamp>3651.494267</timestamp>
			</report>
			<report>
				<misses>576000001</misses>
				<total>0</total>
				<timestamp>3652.132411</timestamp>
			</report>
			<report>
				<misses>576100001</misses>
				<total>0</total>
				<timestamp>3652.769369</timestamp>
			</report>
			<report>
				<misses>576200001</misses>
				<total>0</total>
				<timestamp>3653.410965</timestamp>
			</report>
			<report>
				<misses>576300001</misses>
				<total>0</total>
				<timestamp>3654.048611</timestamp>
			</report>
			<report>
				<misses>576400001</misses>
				<total>0</total>
				<timestamp>3654.685548</timestamp>
			</report>
			<report>
				<misses>576500001</misses>
				<total>0</total>
				<timestamp>3655.323960</timestamp>
			</report>
			<report>
				<misses>576600001</misses>
				<total>0</total>
				<timestamp>3655.960807</timestamp>
			</report>
			<report>
				<misses>576700001</misses>
				<total>0</total>
				<timestamp>3656.612573</timestamp>
			</report>
			<report>
				<misses>576800001</misses>
				<total>0</total>
				<timestamp>3657.260498</timestamp>
			</report>
			<report>
				<misses>576900001</misses>
				<total>0</total>
				<timestamp>3657.894116</timestamp>
			</report>
			<report>
				<misses>577000001</misses>
				<total>0</total>
				<timestamp>3658.526910</timestamp>
			</report>
			<report>
				<misses>577100001</misses>
				<total>0</total>
				<timestamp>3659.170484</timestamp>
			</report>
			<report>
				<misses>577200001</misses>
				<total>0</total>
				<timestamp>3659.809862</timestamp>
			</report>
			<report>
				<misses>577300001</misses>
				<total>0</total>
				<timestamp>3660.449804</timestamp>
			</report>
			<report>
				<misses>577400001</misses>
				<total>0</total>
				<timestamp>3661.085746</timestamp>
			</report>
			<report>
				<misses>577500001</misses>
				<total>0</total>
				<timestamp>3661.718806</timestamp>
			</report>
			<report>
				<misses>577600001</misses>
				<total>0</total>
				<timestamp>3662.357850</timestamp>
			</report>
			<report>
				<misses>577700001</misses>
				<total>0</total>
				<timestamp>3663.000079</timestamp>
			</report>
			<report>
				<misses>577800001</misses>
				<total>0</total>
				<timestamp>3663.640256</timestamp>
			</report>
			<report>
				<misses>577900001</misses>
				<total>0</total>
				<timestamp>3664.272753</timestamp>
			</report>
			<report>
				<misses>578000001</misses>
				<total>0</total>
				<timestamp>3664.908356</timestamp>
			</report>
			<report>
				<misses>578100001</misses>
				<total>0</total>
				<timestamp>3665.542875</timestamp>
			</report>
			<report>
				<misses>578200001</misses>
				<total>0</total>
				<timestamp>3666.174998</timestamp>
			</report>
			<report>
				<misses>578300001</misses>
				<total>0</total>
				<timestamp>3666.814715</timestamp>
			</report>
			<report>
				<misses>578400001</misses>
				<total>0</total>
				<timestamp>3667.448649</timestamp>
			</report>
			<report>
				<misses>578500001</misses>
				<total>0</total>
				<timestamp>3668.083909</timestamp>
			</report>
			<report>
				<misses>578600001</misses>
				<total>0</total>
				<timestamp>3668.721060</timestamp>
			</report>
			<report>
				<misses>578700001</misses>
				<total>0</total>
				<timestamp>3669.357046</timestamp>
			</report>
			<report>
				<misses>578800001</misses>
				<total>0</total>
				<timestamp>3669.983666</timestamp>
			</report>
			<report>
				<misses>578900001</misses>
				<total>0</total>
				<timestamp>3670.609902</timestamp>
			</report>
			<report>
				<misses>579000001</misses>
				<total>0</total>
				<timestamp>3671.236714</timestamp>
			</report>
			<report>
				<misses>579100001</misses>
				<total>0</total>
				<timestamp>3671.867931</timestamp>
			</report>
			<report>
				<misses>579200001</misses>
				<total>0</total>
				<timestamp>3672.493677</timestamp>
			</report>
			<report>
				<misses>579300001</misses>
				<total>0</total>
				<timestamp>3673.120065</timestamp>
			</report>
			<report>
				<misses>579400001</misses>
				<total>0</total>
				<timestamp>3673.746422</timestamp>
			</report>
			<report>
				<misses>579500001</misses>
				<total>0</total>
				<timestamp>3674.372505</timestamp>
			</report>
			<report>
				<misses>579600001</misses>
				<total>0</total>
				<timestamp>3675.001503</timestamp>
			</report>
			<report>
				<misses>579700001</misses>
				<total>0</total>
				<timestamp>3675.627910</timestamp>
			</report>
			<report>
				<misses>579800001</misses>
				<total>0</total>
				<timestamp>3676.254090</timestamp>
			</report>
			<report>
				<misses>579900001</misses>
				<total>0</total>
				<timestamp>3676.880390</timestamp>
			</report>
			<report>
				<misses>580000001</misses>
				<total>0</total>
				<timestamp>3677.507054</timestamp>
			</report>
			<report>
				<misses>580100001</misses>
				<total>0</total>
				<timestamp>3678.135729</timestamp>
			</report>
			<report>
				<misses>580200001</misses>
				<total>0</total>
				<timestamp>3678.762689</timestamp>
			</report>
			<report>
				<misses>580300001</misses>
				<total>0</total>
				<timestamp>3679.399746</timestamp>
			</report>
			<report>
				<misses>580400001</misses>
				<total>0</total>
				<timestamp>3680.035613</timestamp>
			</report>
			<report>
				<misses>580500001</misses>
				<total>0</total>
				<timestamp>3680.671739</timestamp>
			</report>
			<report>
				<misses>580600001</misses>
				<total>0</total>
				<timestamp>3681.307446</timestamp>
			</report>
			<report>
				<misses>580700001</misses>
				<total>0</total>
				<timestamp>3681.948118</timestamp>
			</report>
			<report>
				<misses>580800001</misses>
				<total>0</total>
				<timestamp>3682.584913</timestamp>
			</report>
			<report>
				<misses>580900001</misses>
				<total>0</total>
				<timestamp>3683.221362</timestamp>
			</report>
			<report>
				<misses>581000001</misses>
				<total>0</total>
				<timestamp>3683.857681</timestamp>
			</report>
			<report>
				<misses>581100001</misses>
				<total>0</total>
				<timestamp>3684.493997</timestamp>
			</report>
			<report>
				<misses>581200001</misses>
				<total>0</total>
				<timestamp>3685.130584</timestamp>
			</report>
			<report>
				<misses>581300001</misses>
				<total>0</total>
				<timestamp>3685.766703</timestamp>
			</report>
			<report>
				<misses>581400001</misses>
				<total>0</total>
				<timestamp>3686.403411</timestamp>
			</report>
			<report>
				<misses>581500001</misses>
				<total>0</total>
				<timestamp>3687.039961</timestamp>
			</report>
			<report>
				<misses>581600001</misses>
				<total>0</total>
				<timestamp>3687.676652</timestamp>
			</report>
			<report>
				<misses>581700001</misses>
				<total>0</total>
				<timestamp>3688.313151</timestamp>
			</report>
			<report>
				<misses>581800001</misses>
				<total>0</total>
				<timestamp>3688.950593</timestamp>
			</report>
			<report>
				<misses>581900001</misses>
				<total>0</total>
				<timestamp>3689.589387</timestamp>
			</report>
			<report>
				<misses>582000001</misses>
				<total>0</total>
				<timestamp>3690.240390</timestamp>
			</report>
			<report>
				<misses>582100001</misses>
				<total>0</total>
				<timestamp>3690.877144</timestamp>
			</report>
			<report>
				<misses>582200001</misses>
				<total>0</total>
				<timestamp>3691.513451</timestamp>
			</report>
			<report>
				<misses>582300001</misses>
				<total>0</total>
				<timestamp>3692.149508</timestamp>
			</report>
			<report>
				<misses>582400001</misses>
				<total>0</total>
				<timestamp>3692.786070</timestamp>
			</report>
			<report>
				<misses>582500001</misses>
				<total>0</total>
				<timestamp>3693.422687</timestamp>
			</report>
			<report>
				<misses>582600001</misses>
				<total>0</total>
				<timestamp>3694.058491</timestamp>
			</report>
			<report>
				<misses>582700001</misses>
				<total>0</total>
				<timestamp>3694.695439</timestamp>
			</report>
			<report>
				<misses>582800001</misses>
				<total>0</total>
				<timestamp>3695.332581</timestamp>
			</report>
			<report>
				<misses>582900001</misses>
				<total>0</total>
				<timestamp>3695.969440</timestamp>
			</report>
			<report>
				<misses>583000001</misses>
				<total>0</total>
				<timestamp>3696.606487</timestamp>
			</report>
			<report>
				<misses>583100001</misses>
				<total>0</total>
				<timestamp>3697.243236</timestamp>
			</report>
			<report>
				<misses>583200001</misses>
				<total>0</total>
				<timestamp>3697.879633</timestamp>
			</report>
			<report>
				<misses>583300001</misses>
				<total>0</total>
				<timestamp>3698.516852</timestamp>
			</report>
			<report>
				<misses>583400001</misses>
				<total>0</total>
				<timestamp>3699.152574</timestamp>
			</report>
			<report>
				<misses>583500001</misses>
				<total>0</total>
				<timestamp>3699.790445</timestamp>
			</report>
			<report>
				<misses>583600001</misses>
				<total>0</total>
				<timestamp>3700.427163</timestamp>
			</report>
			<report>
				<misses>583700001</misses>
				<total>0</total>
				<timestamp>3701.063147</timestamp>
			</report>
			<report>
				<misses>583800001</misses>
				<total>0</total>
				<timestamp>3701.699296</timestamp>
			</report>
			<report>
				<misses>583900001</misses>
				<total>0</total>
				<timestamp>3702.340929</timestamp>
			</report>
			<report>
				<misses>584000001</misses>
				<total>0</total>
				<timestamp>3702.979619</timestamp>
			</report>
			<report>
				<misses>584100001</misses>
				<total>0</total>
				<timestamp>3703.616819</timestamp>
			</report>
			<report>
				<misses>584200001</misses>
				<total>0</total>
				<timestamp>3704.256958</timestamp>
			</report>
			<report>
				<misses>584300001</misses>
				<total>0</total>
				<timestamp>3704.895006</timestamp>
			</report>
			<report>
				<misses>584400001</misses>
				<total>0</total>
				<timestamp>3705.532952</timestamp>
			</report>
			<report>
				<misses>584500001</misses>
				<total>0</total>
				<timestamp>3706.169337</timestamp>
			</report>
			<report>
				<misses>584600001</misses>
				<total>0</total>
				<timestamp>3706.807899</timestamp>
			</report>
			<report>
				<misses>584700001</misses>
				<total>0</total>
				<timestamp>3707.444078</timestamp>
			</report>
			<report>
				<misses>584800001</misses>
				<total>0</total>
				<timestamp>3708.083647</timestamp>
			</report>
			<report>
				<misses>584900001</misses>
				<total>0</total>
				<timestamp>3708.725852</timestamp>
			</report>
			<report>
				<misses>585000001</misses>
				<total>0</total>
				<timestamp>3709.362843</timestamp>
			</report>
			<report>
				<misses>585100001</misses>
				<total>0</total>
				<timestamp>3709.998741</timestamp>
			</report>
			<report>
				<misses>585200001</misses>
				<total>0</total>
				<timestamp>3710.633539</timestamp>
			</report>
			<report>
				<misses>585300001</misses>
				<total>0</total>
				<timestamp>3711.272980</timestamp>
			</report>
			<report>
				<misses>585400001</misses>
				<total>0</total>
				<timestamp>3711.906089</timestamp>
			</report>
			<report>
				<misses>585500001</misses>
				<total>0</total>
				<timestamp>3712.535652</timestamp>
			</report>
			<report>
				<misses>585600001</misses>
				<total>0</total>
				<timestamp>3713.164387</timestamp>
			</report>
			<report>
				<misses>585700001</misses>
				<total>0</total>
				<timestamp>3713.797011</timestamp>
			</report>
			<report>
				<misses>585800001</misses>
				<total>0</total>
				<timestamp>3714.425548</timestamp>
			</report>
			<report>
				<misses>585900001</misses>
				<total>0</total>
				<timestamp>3715.058893</timestamp>
			</report>
			<report>
				<misses>586000001</misses>
				<total>0</total>
				<timestamp>3715.683651</timestamp>
			</report>
			<report>
				<misses>586100001</misses>
				<total>0</total>
				<timestamp>3716.313068</timestamp>
			</report>
			<report>
				<misses>586200001</misses>
				<total>0</total>
				<timestamp>3716.951585</timestamp>
			</report>
			<report>
				<misses>586300001</misses>
				<total>0</total>
				<timestamp>3717.586837</timestamp>
			</report>
			<report>
				<misses>586400001</misses>
				<total>0</total>
				<timestamp>3718.218528</timestamp>
			</report>
			<report>
				<misses>586500001</misses>
				<total>0</total>
				<timestamp>3718.852850</timestamp>
			</report>
			<report>
				<misses>586600001</misses>
				<total>0</total>
				<timestamp>3719.484598</timestamp>
			</report>
			<report>
				<misses>586700001</misses>
				<total>0</total>
				<timestamp>3720.108576</timestamp>
			</report>
			<report>
				<misses>586800001</misses>
				<total>0</total>
				<timestamp>3720.735650</timestamp>
			</report>
			<report>
				<misses>586900001</misses>
				<total>0</total>
				<timestamp>3721.356847</timestamp>
			</report>
			<report>
				<misses>587000001</misses>
				<total>0</total>
				<timestamp>3721.989191</timestamp>
			</report>
			<report>
				<misses>587100001</misses>
				<total>0</total>
				<timestamp>3722.625996</timestamp>
			</report>
			<report>
				<misses>587200001</misses>
				<total>0</total>
				<timestamp>3723.258815</timestamp>
			</report>
			<report>
				<misses>587300001</misses>
				<total>0</total>
				<timestamp>3723.890171</timestamp>
			</report>
			<report>
				<misses>587400001</misses>
				<total>0</total>
				<timestamp>3724.519970</timestamp>
			</report>
			<report>
				<misses>587500001</misses>
				<total>0</total>
				<timestamp>3725.150815</timestamp>
			</report>
			<report>
				<misses>587600001</misses>
				<total>0</total>
				<timestamp>3725.785863</timestamp>
			</report>
			<report>
				<misses>587700001</misses>
				<total>0</total>
				<timestamp>3726.411558</timestamp>
			</report>
			<report>
				<misses>587800001</misses>
				<total>0</total>
				<timestamp>3727.042855</timestamp>
			</report>
			<report>
				<misses>587900001</misses>
				<total>0</total>
				<timestamp>3727.670360</timestamp>
			</report>
			<report>
				<misses>588000001</misses>
				<total>0</total>
				<timestamp>3728.296508</timestamp>
			</report>
			<report>
				<misses>588100001</misses>
				<total>0</total>
				<timestamp>3728.922562</timestamp>
			</report>
			<report>
				<misses>588200001</misses>
				<total>0</total>
				<timestamp>3729.547431</timestamp>
			</report>
			<report>
				<misses>588300001</misses>
				<total>0</total>
				<timestamp>3730.173307</timestamp>
			</report>
			<report>
				<misses>588400001</misses>
				<total>0</total>
				<timestamp>3730.799266</timestamp>
			</report>
			<report>
				<misses>588500001</misses>
				<total>0</total>
				<timestamp>3731.432499</timestamp>
			</report>
			<report>
				<misses>588600001</misses>
				<total>0</total>
				<timestamp>3732.068194</timestamp>
			</report>
			<report>
				<misses>588700001</misses>
				<total>0</total>
				<timestamp>3732.705431</timestamp>
			</report>
			<report>
				<misses>588800001</misses>
				<total>0</total>
				<timestamp>3733.353617</timestamp>
			</report>
			<report>
				<misses>588900001</misses>
				<total>0</total>
				<timestamp>3734.003852</timestamp>
			</report>
			<report>
				<misses>589000001</misses>
				<total>0</total>
				<timestamp>3734.641907</timestamp>
			</report>
			<report>
				<misses>589100001</misses>
				<total>0</total>
				<timestamp>3735.290748</timestamp>
			</report>
			<report>
				<misses>589200001</misses>
				<total>0</total>
				<timestamp>3735.934262</timestamp>
			</report>
			<report>
				<misses>589300001</misses>
				<total>0</total>
				<timestamp>3736.578759</timestamp>
			</report>
			<report>
				<misses>589400001</misses>
				<total>0</total>
				<timestamp>3737.213726</timestamp>
			</report>
			<report>
				<misses>589500001</misses>
				<total>0</total>
				<timestamp>3737.853487</timestamp>
			</report>
			<report>
				<misses>589600001</misses>
				<total>0</total>
				<timestamp>3738.487158</timestamp>
			</report>
			<report>
				<misses>589700001</misses>
				<total>0</total>
				<timestamp>3739.122681</timestamp>
			</report>
			<report>
				<misses>589800001</misses>
				<total>0</total>
				<timestamp>3739.769910</timestamp>
			</report>
			<report>
				<misses>589900001</misses>
				<total>0</total>
				<timestamp>3740.417742</timestamp>
			</report>
			<report>
				<misses>590000001</misses>
				<total>0</total>
				<timestamp>3741.058587</timestamp>
			</report>
			<report>
				<misses>590100001</misses>
				<total>0</total>
				<timestamp>3741.701791</timestamp>
			</report>
			<report>
				<misses>590200001</misses>
				<total>0</total>
				<timestamp>3742.340573</timestamp>
			</report>
			<report>
				<misses>590300001</misses>
				<total>0</total>
				<timestamp>3742.984709</timestamp>
			</report>
			<report>
				<misses>590400001</misses>
				<total>0</total>
				<timestamp>3743.625101</timestamp>
			</report>
			<report>
				<misses>590500001</misses>
				<total>0</total>
				<timestamp>3744.262676</timestamp>
			</report>
			<report>
				<misses>590600001</misses>
				<total>0</total>
				<timestamp>3744.911707</timestamp>
			</report>
			<report>
				<misses>590700001</misses>
				<total>0</total>
				<timestamp>3745.550366</timestamp>
			</report>
			<report>
				<misses>590800001</misses>
				<total>0</total>
				<timestamp>3746.186118</timestamp>
			</report>
			<report>
				<misses>590900001</misses>
				<total>0</total>
				<timestamp>3746.824399</timestamp>
			</report>
			<report>
				<misses>591000001</misses>
				<total>0</total>
				<timestamp>3747.459461</timestamp>
			</report>
			<report>
				<misses>591100001</misses>
				<total>0</total>
				<timestamp>3748.100999</timestamp>
			</report>
			<report>
				<misses>591200001</misses>
				<total>0</total>
				<timestamp>3748.735571</timestamp>
			</report>
			<report>
				<misses>591300001</misses>
				<total>0</total>
				<timestamp>3749.366161</timestamp>
			</report>
			<report>
				<misses>591400001</misses>
				<total>0</total>
				<timestamp>3749.994199</timestamp>
			</report>
			<report>
				<misses>591500001</misses>
				<total>0</total>
				<timestamp>3750.622785</timestamp>
			</report>
			<report>
				<misses>591600001</misses>
				<total>0</total>
				<timestamp>3751.250187</timestamp>
			</report>
			<report>
				<misses>591700001</misses>
				<total>0</total>
				<timestamp>3751.886415</timestamp>
			</report>
			<report>
				<misses>591800001</misses>
				<total>0</total>
				<timestamp>3752.516745</timestamp>
			</report>
			<report>
				<misses>591900001</misses>
				<total>0</total>
				<timestamp>3753.143869</timestamp>
			</report>
			<report>
				<misses>592000001</misses>
				<total>0</total>
				<timestamp>3753.764456</timestamp>
			</report>
			<report>
				<misses>592100001</misses>
				<total>0</total>
				<timestamp>3754.384648</timestamp>
			</report>
			<report>
				<misses>592200001</misses>
				<total>0</total>
				<timestamp>3755.006373</timestamp>
			</report>
			<report>
				<misses>592300001</misses>
				<total>0</total>
				<timestamp>3755.628035</timestamp>
			</report>
			<report>
				<misses>592400001</misses>
				<total>0</total>
				<timestamp>3756.249224</timestamp>
			</report>
			<report>
				<misses>592500001</misses>
				<total>0</total>
				<timestamp>3756.872363</timestamp>
			</report>
			<report>
				<misses>592600001</misses>
				<total>0</total>
				<timestamp>3757.504515</timestamp>
			</report>
			<report>
				<misses>592700001</misses>
				<total>0</total>
				<timestamp>3758.140320</timestamp>
			</report>
			<report>
				<misses>592800001</misses>
				<total>0</total>
				<timestamp>3758.777905</timestamp>
			</report>
			<report>
				<misses>592900001</misses>
				<total>0</total>
				<timestamp>3759.404425</timestamp>
			</report>
			<report>
				<misses>593000001</misses>
				<total>0</total>
				<timestamp>3760.037824</timestamp>
			</report>
			<report>
				<misses>593100001</misses>
				<total>0</total>
				<timestamp>3760.667579</timestamp>
			</report>
			<report>
				<misses>593200001</misses>
				<total>0</total>
				<timestamp>3761.307638</timestamp>
			</report>
			<report>
				<misses>593300001</misses>
				<total>0</total>
				<timestamp>3761.951950</timestamp>
			</report>
			<report>
				<misses>593400001</misses>
				<total>0</total>
				<timestamp>3762.577503</timestamp>
			</report>
			<report>
				<misses>593500001</misses>
				<total>0</total>
				<timestamp>3763.200377</timestamp>
			</report>
			<report>
				<misses>593600001</misses>
				<total>0</total>
				<timestamp>3763.822552</timestamp>
			</report>
			<report>
				<misses>593700001</misses>
				<total>0</total>
				<timestamp>3764.443968</timestamp>
			</report>
			<report>
				<misses>593800001</misses>
				<total>0</total>
				<timestamp>3765.065269</timestamp>
			</report>
			<report>
				<misses>593900001</misses>
				<total>0</total>
				<timestamp>3765.686991</timestamp>
			</report>
			<report>
				<misses>594000001</misses>
				<total>0</total>
				<timestamp>3766.308419</timestamp>
			</report>
			<report>
				<misses>594100001</misses>
				<total>0</total>
				<timestamp>3766.929951</timestamp>
			</report>
			<report>
				<misses>594200001</misses>
				<total>0</total>
				<timestamp>3767.551310</timestamp>
			</report>
			<report>
				<misses>594300001</misses>
				<total>0</total>
				<timestamp>3768.172396</timestamp>
			</report>
			<report>
				<misses>594400001</misses>
				<total>0</total>
				<timestamp>3768.796318</timestamp>
			</report>
			<report>
				<misses>594500001</misses>
				<total>0</total>
				<timestamp>3769.417140</timestamp>
			</report>
			<report>
				<misses>594600001</misses>
				<total>0</total>
				<timestamp>3770.038563</timestamp>
			</report>
			<report>
				<misses>594700001</misses>
				<total>0</total>
				<timestamp>3770.660045</timestamp>
			</report>
			<report>
				<misses>594800001</misses>
				<total>0</total>
				<timestamp>3771.281162</timestamp>
			</report>
			<report>
				<misses>594900001</misses>
				<total>0</total>
				<timestamp>3771.903294</timestamp>
			</report>
			<report>
				<misses>595000001</misses>
				<total>0</total>
				<timestamp>3772.524645</timestamp>
			</report>
			<report>
				<misses>595100001</misses>
				<total>0</total>
				<timestamp>3773.145513</timestamp>
			</report>
			<report>
				<misses>595200001</misses>
				<total>0</total>
				<timestamp>3773.766519</timestamp>
			</report>
			<report>
				<misses>595300001</misses>
				<total>0</total>
				<timestamp>3774.387547</timestamp>
			</report>
			<report>
				<misses>595400001</misses>
				<total>0</total>
				<timestamp>3775.008232</timestamp>
			</report>
			<report>
				<misses>595500001</misses>
				<total>0</total>
				<timestamp>3775.629476</timestamp>
			</report>
			<report>
				<misses>595600001</misses>
				<total>0</total>
				<timestamp>3776.250834</timestamp>
			</report>
			<report>
				<misses>595700001</misses>
				<total>0</total>
				<timestamp>3776.872193</timestamp>
			</report>
			<report>
				<misses>595800001</misses>
				<total>0</total>
				<timestamp>3777.493846</timestamp>
			</report>
			<report>
				<misses>595900001</misses>
				<total>0</total>
				<timestamp>3778.115217</timestamp>
			</report>
			<report>
				<misses>596000001</misses>
				<total>0</total>
				<timestamp>3778.736638</timestamp>
			</report>
			<report>
				<misses>596100001</misses>
				<total>0</total>
				<timestamp>3779.357662</timestamp>
			</report>
			<report>
				<misses>596200001</misses>
				<total>0</total>
				<timestamp>3779.978253</timestamp>
			</report>
			<report>
				<misses>596300001</misses>
				<total>0</total>
				<timestamp>3780.598491</timestamp>
			</report>
			<report>
				<misses>596400001</misses>
				<total>0</total>
				<timestamp>3781.222007</timestamp>
			</report>
			<report>
				<misses>596500001</misses>
				<total>0</total>
				<timestamp>3781.842959</timestamp>
			</report>
			<report>
				<misses>596600001</misses>
				<total>0</total>
				<timestamp>3782.464171</timestamp>
			</report>
			<report>
				<misses>596700001</misses>
				<total>0</total>
				<timestamp>3783.088788</timestamp>
			</report>
			<report>
				<misses>596800001</misses>
				<total>0</total>
				<timestamp>3783.709636</timestamp>
			</report>
			<report>
				<misses>596900001</misses>
				<total>0</total>
				<timestamp>3784.330770</timestamp>
			</report>
			<report>
				<misses>597000001</misses>
				<total>0</total>
				<timestamp>3784.955958</timestamp>
			</report>
			<report>
				<misses>597100001</misses>
				<total>0</total>
				<timestamp>3785.581111</timestamp>
			</report>
			<report>
				<misses>597200001</misses>
				<total>0</total>
				<timestamp>3786.206269</timestamp>
			</report>
			<report>
				<misses>597300001</misses>
				<total>0</total>
				<timestamp>3786.831716</timestamp>
			</report>
			<report>
				<misses>597400001</misses>
				<total>0</total>
				<timestamp>3787.457449</timestamp>
			</report>
			<report>
				<misses>597500001</misses>
				<total>0</total>
				<timestamp>3788.088878</timestamp>
			</report>
			<report>
				<misses>597600001</misses>
				<total>0</total>
				<timestamp>3788.720604</timestamp>
			</report>
			<report>
				<misses>597700001</misses>
				<total>0</total>
				<timestamp>3789.347668</timestamp>
			</report>
			<report>
				<misses>597800001</misses>
				<total>0</total>
				<timestamp>3789.975988</timestamp>
			</report>
			<report>
				<misses>597900001</misses>
				<total>0</total>
				<timestamp>3790.604059</timestamp>
			</report>
			<report>
				<misses>598000001</misses>
				<total>0</total>
				<timestamp>3791.232141</timestamp>
			</report>
			<report>
				<misses>598100001</misses>
				<total>0</total>
				<timestamp>3791.870191</timestamp>
			</report>
			<report>
				<misses>598200001</misses>
				<total>0</total>
				<timestamp>3792.503276</timestamp>
			</report>
			<report>
				<misses>598300001</misses>
				<total>0</total>
				<timestamp>3793.136059</timestamp>
			</report>
			<report>
				<misses>598400001</misses>
				<total>0</total>
				<timestamp>3793.766275</timestamp>
			</report>
			<report>
				<misses>598500001</misses>
				<total>0</total>
				<timestamp>3794.394315</timestamp>
			</report>
			<report>
				<misses>598600001</misses>
				<total>0</total>
				<timestamp>3795.025076</timestamp>
			</report>
			<report>
				<misses>598700001</misses>
				<total>0</total>
				<timestamp>3795.653700</timestamp>
			</report>
			<report>
				<misses>598800001</misses>
				<total>0</total>
				<timestamp>3796.289847</timestamp>
			</report>
			<report>
				<misses>598900001</misses>
				<total>0</total>
				<timestamp>3796.921884</timestamp>
			</report>
			<report>
				<misses>599000001</misses>
				<total>0</total>
				<timestamp>3797.547691</timestamp>
			</report>
			<report>
				<misses>599100001</misses>
				<total>0</total>
				<timestamp>3798.171813</timestamp>
			</report>
			<report>
				<misses>599200001</misses>
				<total>0</total>
				<timestamp>3798.800956</timestamp>
			</report>
			<report>
				<misses>599300001</misses>
				<total>0</total>
				<timestamp>3799.425816</timestamp>
			</report>
			<report>
				<misses>599400001</misses>
				<total>0</total>
				<timestamp>3800.050699</timestamp>
			</report>
			<report>
				<misses>599500001</misses>
				<total>0</total>
				<timestamp>3800.674630</timestamp>
			</report>
			<report>
				<misses>599600001</misses>
				<total>0</total>
				<timestamp>3801.298619</timestamp>
			</report>
			<report>
				<misses>599700001</misses>
				<total>0</total>
				<timestamp>3801.922931</timestamp>
			</report>
			<report>
				<misses>599800001</misses>
				<total>0</total>
				<timestamp>3802.547414</timestamp>
			</report>
			<report>
				<misses>599900001</misses>
				<total>0</total>
				<timestamp>3803.171291</timestamp>
			</report>
			<report>
				<misses>600000001</misses>
				<total>0</total>
				<timestamp>3803.796261</timestamp>
			</report>
			<report>
				<misses>600100001</misses>
				<total>0</total>
				<timestamp>3804.421364</timestamp>
			</report>
			<report>
				<misses>600200001</misses>
				<total>0</total>
				<timestamp>3805.047721</timestamp>
			</report>
			<report>
				<misses>600300001</misses>
				<total>0</total>
				<timestamp>3805.673612</timestamp>
			</report>
			<report>
				<misses>600400001</misses>
				<total>0</total>
				<timestamp>3806.299629</timestamp>
			</report>
			<report>
				<misses>600500001</misses>
				<total>0</total>
				<timestamp>3806.924652</timestamp>
			</report>
			<report>
				<misses>600600001</misses>
				<total>0</total>
				<timestamp>3807.548299</timestamp>
			</report>
			<report>
				<misses>600700001</misses>
				<total>0</total>
				<timestamp>3808.173171</timestamp>
			</report>
			<report>
				<misses>600800001</misses>
				<total>0</total>
				<timestamp>3808.801150</timestamp>
			</report>
			<report>
				<misses>600900001</misses>
				<total>0</total>
				<timestamp>3809.424685</timestamp>
			</report>
			<report>
				<misses>601000001</misses>
				<total>0</total>
				<timestamp>3810.048167</timestamp>
			</report>
			<report>
				<misses>601100001</misses>
				<total>0</total>
				<timestamp>3810.671828</timestamp>
			</report>
			<report>
				<misses>601200001</misses>
				<total>0</total>
				<timestamp>3811.295069</timestamp>
			</report>
			<report>
				<misses>601300001</misses>
				<total>0</total>
				<timestamp>3811.922687</timestamp>
			</report>
			<report>
				<misses>601400001</misses>
				<total>0</total>
				<timestamp>3812.564371</timestamp>
			</report>
			<report>
				<misses>601500001</misses>
				<total>0</total>
				<timestamp>3813.278099</timestamp>
			</report>
			<report>
				<misses>601600001</misses>
				<total>0</total>
				<timestamp>3813.993700</timestamp>
			</report>
			<report>
				<misses>601700001</misses>
				<total>0</total>
				<timestamp>3814.685113</timestamp>
			</report>
			<report>
				<misses>601800001</misses>
				<total>0</total>
				<timestamp>3815.407690</timestamp>
			</report>
			<report>
				<misses>601900001</misses>
				<total>0</total>
				<timestamp>3816.130595</timestamp>
			</report>
			<report>
				<misses>602000001</misses>
				<total>0</total>
				<timestamp>3816.837133</timestamp>
			</report>
			<report>
				<misses>602100001</misses>
				<total>0</total>
				<timestamp>3817.512949</timestamp>
			</report>
			<report>
				<misses>602200001</misses>
				<total>0</total>
				<timestamp>3818.184272</timestamp>
			</report>
			<report>
				<misses>602300001</misses>
				<total>0</total>
				<timestamp>3818.880319</timestamp>
			</report>
			<report>
				<misses>602400001</misses>
				<total>0</total>
				<timestamp>3819.552076</timestamp>
			</report>
			<report>
				<misses>602500001</misses>
				<total>0</total>
				<timestamp>3820.231844</timestamp>
			</report>
			<report>
				<misses>602600001</misses>
				<total>0</total>
				<timestamp>3820.954492</timestamp>
			</report>
			<report>
				<misses>602700001</misses>
				<total>0</total>
				<timestamp>3821.671062</timestamp>
			</report>
			<report>
				<misses>602800001</misses>
				<total>0</total>
				<timestamp>3822.396893</timestamp>
			</report>
			<report>
				<misses>602900001</misses>
				<total>0</total>
				<timestamp>3823.037235</timestamp>
			</report>
			<report>
				<misses>603000001</misses>
				<total>0</total>
				<timestamp>3823.669025</timestamp>
			</report>
			<report>
				<misses>603100001</misses>
				<total>0</total>
				<timestamp>3824.351234</timestamp>
			</report>
			<report>
				<misses>603200001</misses>
				<total>0</total>
				<timestamp>3825.003925</timestamp>
			</report>
			<report>
				<misses>603300001</misses>
				<total>0</total>
				<timestamp>3825.638648</timestamp>
			</report>
			<report>
				<misses>603400001</misses>
				<total>0</total>
				<timestamp>3826.277502</timestamp>
			</report>
			<report>
				<misses>603500001</misses>
				<total>0</total>
				<timestamp>3826.920008</timestamp>
			</report>
			<report>
				<misses>603600001</misses>
				<total>0</total>
				<timestamp>3827.594207</timestamp>
			</report>
			<report>
				<misses>603700001</misses>
				<total>0</total>
				<timestamp>3828.262863</timestamp>
			</report>
			<report>
				<misses>603800001</misses>
				<total>0</total>
				<timestamp>3828.913983</timestamp>
			</report>
			<report>
				<misses>603900001</misses>
				<total>0</total>
				<timestamp>3829.548818</timestamp>
			</report>
			<report>
				<misses>604000001</misses>
				<total>0</total>
				<timestamp>3830.186891</timestamp>
			</report>
			<report>
				<misses>604100001</misses>
				<total>0</total>
				<timestamp>3830.822202</timestamp>
			</report>
			<report>
				<misses>604200001</misses>
				<total>0</total>
				<timestamp>3831.461615</timestamp>
			</report>
			<report>
				<misses>604300001</misses>
				<total>0</total>
				<timestamp>3832.119499</timestamp>
			</report>
			<report>
				<misses>604400001</misses>
				<total>0</total>
				<timestamp>3832.827394</timestamp>
			</report>
			<report>
				<misses>604500001</misses>
				<total>0</total>
				<timestamp>3833.521780</timestamp>
			</report>
			<report>
				<misses>604600001</misses>
				<total>0</total>
				<timestamp>3834.227841</timestamp>
			</report>
			<report>
				<misses>604700001</misses>
				<total>0</total>
				<timestamp>3834.914041</timestamp>
			</report>
			<report>
				<misses>604800001</misses>
				<total>0</total>
				<timestamp>3835.556527</timestamp>
			</report>
			<report>
				<misses>604900001</misses>
				<total>0</total>
				<timestamp>3836.185620</timestamp>
			</report>
			<report>
				<misses>605000001</misses>
				<total>0</total>
				<timestamp>3836.817834</timestamp>
			</report>
			<report>
				<misses>605100001</misses>
				<total>0</total>
				<timestamp>3837.452646</timestamp>
			</report>
			<report>
				<misses>605200001</misses>
				<total>0</total>
				<timestamp>3838.095550</timestamp>
			</report>
			<report>
				<misses>605300001</misses>
				<total>0</total>
				<timestamp>3838.732097</timestamp>
			</report>
			<report>
				<misses>605400001</misses>
				<total>0</total>
				<timestamp>3839.380957</timestamp>
			</report>
			<report>
				<misses>605500001</misses>
				<total>0</total>
				<timestamp>3840.014602</timestamp>
			</report>
			<report>
				<misses>605600001</misses>
				<total>0</total>
				<timestamp>3840.677816</timestamp>
			</report>
			<report>
				<misses>605700001</misses>
				<total>0</total>
				<timestamp>3841.382371</timestamp>
			</report>
			<report>
				<misses>605800001</misses>
				<total>0</total>
				<timestamp>3842.095149</timestamp>
			</report>
			<report>
				<misses>605900001</misses>
				<total>0</total>
				<timestamp>3842.738210</timestamp>
			</report>
			<report>
				<misses>606000001</misses>
				<total>0</total>
				<timestamp>3843.372008</timestamp>
			</report>
			<report>
				<misses>606100001</misses>
				<total>0</total>
				<timestamp>3844.005838</timestamp>
			</report>
			<report>
				<misses>606200001</misses>
				<total>0</total>
				<timestamp>3844.639238</timestamp>
			</report>
			<report>
				<misses>606300001</misses>
				<total>0</total>
				<timestamp>3845.272424</timestamp>
			</report>
			<report>
				<misses>606400001</misses>
				<total>0</total>
				<timestamp>3845.906140</timestamp>
			</report>
			<report>
				<misses>606500001</misses>
				<total>0</total>
				<timestamp>3846.545002</timestamp>
			</report>
			<report>
				<misses>606600001</misses>
				<total>0</total>
				<timestamp>3847.191911</timestamp>
			</report>
			<report>
				<misses>606700001</misses>
				<total>0</total>
				<timestamp>3847.901115</timestamp>
			</report>
			<report>
				<misses>606800001</misses>
				<total>0</total>
				<timestamp>3848.579971</timestamp>
			</report>
			<report>
				<misses>606900001</misses>
				<total>0</total>
				<timestamp>3849.276283</timestamp>
			</report>
			<report>
				<misses>607000001</misses>
				<total>0</total>
				<timestamp>3849.943379</timestamp>
			</report>
			<report>
				<misses>607100001</misses>
				<total>0</total>
				<timestamp>3850.599238</timestamp>
			</report>
			<report>
				<misses>607200001</misses>
				<total>0</total>
				<timestamp>3851.316706</timestamp>
			</report>
			<report>
				<misses>607300001</misses>
				<total>0</total>
				<timestamp>3851.969788</timestamp>
			</report>
			<report>
				<misses>607400001</misses>
				<total>0</total>
				<timestamp>3852.602722</timestamp>
			</report>
			<report>
				<misses>607500001</misses>
				<total>0</total>
				<timestamp>3853.225705</timestamp>
			</report>
			<report>
				<misses>607600001</misses>
				<total>0</total>
				<timestamp>3853.848457</timestamp>
			</report>
			<report>
				<misses>607700001</misses>
				<total>0</total>
				<timestamp>3854.473060</timestamp>
			</report>
			<report>
				<misses>607800001</misses>
				<total>0</total>
				<timestamp>3855.108403</timestamp>
			</report>
			<report>
				<misses>607900001</misses>
				<total>0</total>
				<timestamp>3855.756760</timestamp>
			</report>
			<report>
				<misses>608000001</misses>
				<total>0</total>
				<timestamp>3856.404625</timestamp>
			</report>
			<report>
				<misses>608100001</misses>
				<total>0</total>
				<timestamp>3857.046698</timestamp>
			</report>
			<report>
				<misses>608200001</misses>
				<total>0</total>
				<timestamp>3857.683952</timestamp>
			</report>
			<report>
				<misses>608300001</misses>
				<total>0</total>
				<timestamp>3858.315994</timestamp>
			</report>
			<report>
				<misses>608400001</misses>
				<total>0</total>
				<timestamp>3858.948650</timestamp>
			</report>
			<report>
				<misses>608500001</misses>
				<total>0</total>
				<timestamp>3859.571418</timestamp>
			</report>
			<report>
				<misses>608600001</misses>
				<total>0</total>
				<timestamp>3860.190582</timestamp>
			</report>
			<report>
				<misses>608700001</misses>
				<total>0</total>
				<timestamp>3860.809318</timestamp>
			</report>
			<report>
				<misses>608800001</misses>
				<total>0</total>
				<timestamp>3861.427538</timestamp>
			</report>
			<report>
				<misses>608900001</misses>
				<total>0</total>
				<timestamp>3862.047060</timestamp>
			</report>
			<report>
				<misses>609000001</misses>
				<total>0</total>
				<timestamp>3862.669339</timestamp>
			</report>
			<report>
				<misses>609100001</misses>
				<total>0</total>
				<timestamp>3863.292188</timestamp>
			</report>
			<report>
				<misses>609200001</misses>
				<total>0</total>
				<timestamp>3863.926185</timestamp>
			</report>
			<report>
				<misses>609300001</misses>
				<total>0</total>
				<timestamp>3864.567577</timestamp>
			</report>
			<report>
				<misses>609400001</misses>
				<total>0</total>
				<timestamp>3865.258205</timestamp>
			</report>
			<report>
				<misses>609500001</misses>
				<total>0</total>
				<timestamp>3865.976132</timestamp>
			</report>
			<report>
				<misses>609600001</misses>
				<total>0</total>
				<timestamp>3866.695230</timestamp>
			</report>
			<report>
				<misses>609700001</misses>
				<total>0</total>
				<timestamp>3867.324152</timestamp>
			</report>
			<report>
				<misses>609800001</misses>
				<total>0</total>
				<timestamp>3867.960901</timestamp>
			</report>
			<report>
				<misses>609900001</misses>
				<total>0</total>
				<timestamp>3868.599720</timestamp>
			</report>
			<report>
				<misses>610000001</misses>
				<total>0</total>
				<timestamp>3869.232719</timestamp>
			</report>
			<report>
				<misses>610100001</misses>
				<total>0</total>
				<timestamp>3869.868551</timestamp>
			</report>
			<report>
				<misses>610200001</misses>
				<total>0</total>
				<timestamp>3870.500034</timestamp>
			</report>
			<report>
				<misses>610300001</misses>
				<total>0</total>
				<timestamp>3871.137161</timestamp>
			</report>
			<report>
				<misses>610400001</misses>
				<total>0</total>
				<timestamp>3871.825097</timestamp>
			</report>
			<report>
				<misses>610500001</misses>
				<total>0</total>
				<timestamp>3872.545166</timestamp>
			</report>
			<report>
				<misses>610600001</misses>
				<total>0</total>
				<timestamp>3873.262507</timestamp>
			</report>
			<report>
				<misses>610700001</misses>
				<total>0</total>
				<timestamp>3873.971230</timestamp>
			</report>
			<report>
				<misses>610800001</misses>
				<total>0</total>
				<timestamp>3874.692102</timestamp>
			</report>
			<report>
				<misses>610900001</misses>
				<total>0</total>
				<timestamp>3875.413410</timestamp>
			</report>
			<report>
				<misses>611000001</misses>
				<total>0</total>
				<timestamp>3876.121116</timestamp>
			</report>
			<report>
				<misses>611100001</misses>
				<total>0</total>
				<timestamp>3876.832048</timestamp>
			</report>
			<report>
				<misses>611200001</misses>
				<total>0</total>
				<timestamp>3877.550378</timestamp>
			</report>
			<report>
				<misses>611300001</misses>
				<total>0</total>
				<timestamp>3878.231885</timestamp>
			</report>
			<report>
				<misses>611400001</misses>
				<total>0</total>
				<timestamp>3878.881961</timestamp>
			</report>
			<report>
				<misses>611500001</misses>
				<total>0</total>
				<timestamp>3879.520369</timestamp>
			</report>
			<report>
				<misses>611600001</misses>
				<total>0</total>
				<timestamp>3880.152745</timestamp>
			</report>
			<report>
				<misses>611700001</misses>
				<total>0</total>
				<timestamp>3880.831736</timestamp>
			</report>
			<report>
				<misses>611800001</misses>
				<total>0</total>
				<timestamp>3881.531053</timestamp>
			</report>
			<report>
				<misses>611900001</misses>
				<total>0</total>
				<timestamp>3882.227351</timestamp>
			</report>
			<report>
				<misses>612000001</misses>
				<total>0</total>
				<timestamp>3882.924155</timestamp>
			</report>
			<report>
				<misses>612100001</misses>
				<total>0</total>
				<timestamp>3883.625928</timestamp>
			</report>
			<report>
				<misses>612200001</misses>
				<total>0</total>
				<timestamp>3884.327559</timestamp>
			</report>
			<report>
				<misses>612300001</misses>
				<total>0</total>
				<timestamp>3885.024575</timestamp>
			</report>
			<report>
				<misses>612400001</misses>
				<total>0</total>
				<timestamp>3885.654438</timestamp>
			</report>
			<report>
				<misses>612500001</misses>
				<total>0</total>
				<timestamp>3886.283820</timestamp>
			</report>
			<report>
				<misses>612600001</misses>
				<total>0</total>
				<timestamp>3886.913281</timestamp>
			</report>
			<report>
				<misses>612700001</misses>
				<total>0</total>
				<timestamp>3887.543295</timestamp>
			</report>
			<report>
				<misses>612800001</misses>
				<total>0</total>
				<timestamp>3888.172374</timestamp>
			</report>
			<report>
				<misses>612900001</misses>
				<total>0</total>
				<timestamp>3888.803146</timestamp>
			</report>
			<report>
				<misses>613000001</misses>
				<total>0</total>
				<timestamp>3889.433001</timestamp>
			</report>
			<report>
				<misses>613100001</misses>
				<total>0</total>
				<timestamp>3890.064314</timestamp>
			</report>
			<report>
				<misses>613200001</misses>
				<total>0</total>
				<timestamp>3890.690853</timestamp>
			</report>
			<report>
				<misses>613300001</misses>
				<total>0</total>
				<timestamp>3891.318145</timestamp>
			</report>
			<report>
				<misses>613400001</misses>
				<total>0</total>
				<timestamp>3891.945536</timestamp>
			</report>
			<report>
				<misses>613500001</misses>
				<total>0</total>
				<timestamp>3892.574098</timestamp>
			</report>
			<report>
				<misses>613600001</misses>
				<total>0</total>
				<timestamp>3893.208515</timestamp>
			</report>
			<report>
				<misses>613700001</misses>
				<total>0</total>
				<timestamp>3893.838922</timestamp>
			</report>
			<report>
				<misses>613800001</misses>
				<total>0</total>
				<timestamp>3894.471606</timestamp>
			</report>
			<report>
				<misses>613900001</misses>
				<total>0</total>
				<timestamp>3895.100826</timestamp>
			</report>
			<report>
				<misses>614000001</misses>
				<total>0</total>
				<timestamp>3895.727950</timestamp>
			</report>
			<report>
				<misses>614100001</misses>
				<total>0</total>
				<timestamp>3896.357599</timestamp>
			</report>
			<report>
				<misses>614200001</misses>
				<total>0</total>
				<timestamp>3896.988016</timestamp>
			</report>
			<report>
				<misses>614300001</misses>
				<total>0</total>
				<timestamp>3897.615755</timestamp>
			</report>
			<report>
				<misses>614400001</misses>
				<total>0</total>
				<timestamp>3898.242494</timestamp>
			</report>
			<report>
				<misses>614500001</misses>
				<total>0</total>
				<timestamp>3898.872484</timestamp>
			</report>
			<report>
				<misses>614600001</misses>
				<total>0</total>
				<timestamp>3899.502073</timestamp>
			</report>
			<report>
				<misses>614700001</misses>
				<total>0</total>
				<timestamp>3900.131989</timestamp>
			</report>
			<report>
				<misses>614800001</misses>
				<total>0</total>
				<timestamp>3900.760985</timestamp>
			</report>
			<report>
				<misses>614900001</misses>
				<total>0</total>
				<timestamp>3901.387999</timestamp>
			</report>
			<report>
				<misses>615000001</misses>
				<total>0</total>
				<timestamp>3902.017099</timestamp>
			</report>
			<report>
				<misses>615100001</misses>
				<total>0</total>
				<timestamp>3902.645857</timestamp>
			</report>
			<report>
				<misses>615200001</misses>
				<total>0</total>
				<timestamp>3903.275212</timestamp>
			</report>
			<report>
				<misses>615300001</misses>
				<total>0</total>
				<timestamp>3903.906440</timestamp>
			</report>
			<report>
				<misses>615400001</misses>
				<total>0</total>
				<timestamp>3904.540189</timestamp>
			</report>
			<report>
				<misses>615500001</misses>
				<total>0</total>
				<timestamp>3905.179723</timestamp>
			</report>
			<report>
				<misses>615600001</misses>
				<total>0</total>
				<timestamp>3905.816320</timestamp>
			</report>
			<report>
				<misses>615700001</misses>
				<total>0</total>
				<timestamp>3906.450114</timestamp>
			</report>
			<report>
				<misses>615800001</misses>
				<total>0</total>
				<timestamp>3907.084580</timestamp>
			</report>
			<report>
				<misses>615900001</misses>
				<total>0</total>
				<timestamp>3907.718516</timestamp>
			</report>
			<report>
				<misses>616000001</misses>
				<total>0</total>
				<timestamp>3908.357156</timestamp>
			</report>
			<report>
				<misses>616100001</misses>
				<total>0</total>
				<timestamp>3908.994022</timestamp>
			</report>
			<report>
				<misses>616200001</misses>
				<total>0</total>
				<timestamp>3909.630399</timestamp>
			</report>
			<report>
				<misses>616300001</misses>
				<total>0</total>
				<timestamp>3910.264398</timestamp>
			</report>
			<report>
				<misses>616400001</misses>
				<total>0</total>
				<timestamp>3910.898902</timestamp>
			</report>
			<report>
				<misses>616500001</misses>
				<total>0</total>
				<timestamp>3911.532274</timestamp>
			</report>
			<report>
				<misses>616600001</misses>
				<total>0</total>
				<timestamp>3912.164463</timestamp>
			</report>
			<report>
				<misses>616700001</misses>
				<total>0</total>
				<timestamp>3912.826186</timestamp>
			</report>
			<report>
				<misses>616800001</misses>
				<total>0</total>
				<timestamp>3913.481940</timestamp>
			</report>
			<report>
				<misses>616900001</misses>
				<total>0</total>
				<timestamp>3914.151086</timestamp>
			</report>
			<report>
				<misses>617000001</misses>
				<total>0</total>
				<timestamp>3914.788934</timestamp>
			</report>
			<report>
				<misses>617100001</misses>
				<total>0</total>
				<timestamp>3915.421552</timestamp>
			</report>
			<report>
				<misses>617200001</misses>
				<total>0</total>
				<timestamp>3916.053989</timestamp>
			</report>
			<report>
				<misses>617300001</misses>
				<total>0</total>
				<timestamp>3916.706538</timestamp>
			</report>
			<report>
				<misses>617400001</misses>
				<total>0</total>
				<timestamp>3917.353443</timestamp>
			</report>
			<report>
				<misses>617500001</misses>
				<total>0</total>
				<timestamp>3917.995565</timestamp>
			</report>
			<report>
				<misses>617600001</misses>
				<total>0</total>
				<timestamp>3918.632864</timestamp>
			</report>
			<report>
				<misses>617700001</misses>
				<total>0</total>
				<timestamp>3919.268657</timestamp>
			</report>
			<report>
				<misses>617800001</misses>
				<total>0</total>
				<timestamp>3919.908400</timestamp>
			</report>
			<report>
				<misses>617900001</misses>
				<total>0</total>
				<timestamp>3920.563201</timestamp>
			</report>
			<report>
				<misses>618000001</misses>
				<total>0</total>
				<timestamp>3921.199372</timestamp>
			</report>
			<report>
				<misses>618100001</misses>
				<total>0</total>
				<timestamp>3921.831566</timestamp>
			</report>
			<report>
				<misses>618200001</misses>
				<total>0</total>
				<timestamp>3922.465785</timestamp>
			</report>
			<report>
				<misses>618300001</misses>
				<total>0</total>
				<timestamp>3923.107689</timestamp>
			</report>
			<report>
				<misses>618400001</misses>
				<total>0</total>
				<timestamp>3923.781416</timestamp>
			</report>
			<report>
				<misses>618500001</misses>
				<total>0</total>
				<timestamp>3924.422994</timestamp>
			</report>
			<report>
				<misses>618600001</misses>
				<total>0</total>
				<timestamp>3925.064000</timestamp>
			</report>
			<report>
				<misses>618700001</misses>
				<total>0</total>
				<timestamp>3925.694520</timestamp>
			</report>
			<report>
				<misses>618800001</misses>
				<total>0</total>
				<timestamp>3926.323245</timestamp>
			</report>
			<report>
				<misses>618900001</misses>
				<total>0</total>
				<timestamp>3926.959328</timestamp>
			</report>
			<report>
				<misses>619000001</misses>
				<total>0</total>
				<timestamp>3927.597143</timestamp>
			</report>
			<report>
				<misses>619100001</misses>
				<total>0</total>
				<timestamp>3928.225392</timestamp>
			</report>
			<report>
				<misses>619200001</misses>
				<total>0</total>
				<timestamp>3928.852274</timestamp>
			</report>
			<report>
				<misses>619300001</misses>
				<total>0</total>
				<timestamp>3929.489705</timestamp>
			</report>
			<report>
				<misses>619400001</misses>
				<total>0</total>
				<timestamp>3930.129844</timestamp>
			</report>
			<report>
				<misses>619500001</misses>
				<total>0</total>
				<timestamp>3930.773338</timestamp>
			</report>
			<report>
				<misses>619600001</misses>
				<total>0</total>
				<timestamp>3931.413092</timestamp>
			</report>
			<report>
				<misses>619700001</misses>
				<total>0</total>
				<timestamp>3932.059708</timestamp>
			</report>
			<report>
				<misses>619800001</misses>
				<total>0</total>
				<timestamp>3932.717170</timestamp>
			</report>
			<report>
				<misses>619900001</misses>
				<total>0</total>
				<timestamp>3933.353253</timestamp>
			</report>
			<report>
				<misses>620000001</misses>
				<total>0</total>
				<timestamp>3933.986981</timestamp>
			</report>
			<report>
				<misses>620100001</misses>
				<total>0</total>
				<timestamp>3934.620071</timestamp>
			</report>
			<report>
				<misses>620200001</misses>
				<total>0</total>
				<timestamp>3935.261066</timestamp>
			</report>
			<report>
				<misses>620300001</misses>
				<total>0</total>
				<timestamp>3935.895969</timestamp>
			</report>
			<report>
				<misses>620400001</misses>
				<total>0</total>
				<timestamp>3936.530370</timestamp>
			</report>
			<report>
				<misses>620500001</misses>
				<total>0</total>
				<timestamp>3937.174861</timestamp>
			</report>
			<report>
				<misses>620600001</misses>
				<total>0</total>
				<timestamp>3937.810585</timestamp>
			</report>
			<report>
				<misses>620700001</misses>
				<total>0</total>
				<timestamp>3938.442084</timestamp>
			</report>
			<report>
				<misses>620800001</misses>
				<total>0</total>
				<timestamp>3939.076756</timestamp>
			</report>
			<report>
				<misses>620900001</misses>
				<total>0</total>
				<timestamp>3939.720149</timestamp>
			</report>
			<report>
				<misses>621000001</misses>
				<total>0</total>
				<timestamp>3940.362822</timestamp>
			</report>
			<report>
				<misses>621100001</misses>
				<total>0</total>
				<timestamp>3940.996391</timestamp>
			</report>
			<report>
				<misses>621200001</misses>
				<total>0</total>
				<timestamp>3941.627624</timestamp>
			</report>
			<report>
				<misses>621300001</misses>
				<total>0</total>
				<timestamp>3942.258416</timestamp>
			</report>
			<report>
				<misses>621400001</misses>
				<total>0</total>
				<timestamp>3942.907017</timestamp>
			</report>
			<report>
				<misses>621500001</misses>
				<total>0</total>
				<timestamp>3943.557539</timestamp>
			</report>
			<report>
				<misses>621600001</misses>
				<total>0</total>
				<timestamp>3944.202493</timestamp>
			</report>
			<report>
				<misses>621700001</misses>
				<total>0</total>
				<timestamp>3944.838035</timestamp>
			</report>
			<report>
				<misses>621800001</misses>
				<total>0</total>
				<timestamp>3945.476086</timestamp>
			</report>
			<report>
				<misses>621900001</misses>
				<total>0</total>
				<timestamp>3946.126758</timestamp>
			</report>
			<report>
				<misses>622000001</misses>
				<total>0</total>
				<timestamp>3946.767036</timestamp>
			</report>
			<report>
				<misses>622100001</misses>
				<total>0</total>
				<timestamp>3947.400787</timestamp>
			</report>
			<report>
				<misses>622200001</misses>
				<total>0</total>
				<timestamp>3948.034802</timestamp>
			</report>
			<report>
				<misses>622300001</misses>
				<total>0</total>
				<timestamp>3948.667074</timestamp>
			</report>
			<report>
				<misses>622400001</misses>
				<total>0</total>
				<timestamp>3949.309545</timestamp>
			</report>
			<report>
				<misses>622500001</misses>
				<total>0</total>
				<timestamp>3949.952920</timestamp>
			</report>
			<report>
				<misses>622600001</misses>
				<total>0</total>
				<timestamp>3950.611739</timestamp>
			</report>
			<report>
				<misses>622700001</misses>
				<total>0</total>
				<timestamp>3951.270997</timestamp>
			</report>
			<report>
				<misses>622800001</misses>
				<total>0</total>
				<timestamp>3951.962302</timestamp>
			</report>
			<report>
				<misses>622900001</misses>
				<total>0</total>
				<timestamp>3952.679191</timestamp>
			</report>
			<report>
				<misses>623000001</misses>
				<total>0</total>
				<timestamp>3953.370743</timestamp>
			</report>
			<report>
				<misses>623100001</misses>
				<total>0</total>
				<timestamp>3954.054733</timestamp>
			</report>
			<report>
				<misses>623200001</misses>
				<total>0</total>
				<timestamp>3954.696327</timestamp>
			</report>
			<report>
				<misses>623300001</misses>
				<total>0</total>
				<timestamp>3955.350031</timestamp>
			</report>
			<report>
				<misses>623400001</misses>
				<total>0</total>
				<timestamp>3955.996815</timestamp>
			</report>
			<report>
				<misses>623500001</misses>
				<total>0</total>
				<timestamp>3956.622447</timestamp>
			</report>
			<report>
				<misses>623600001</misses>
				<total>0</total>
				<timestamp>3957.247068</timestamp>
			</report>
			<report>
				<misses>623700001</misses>
				<total>0</total>
				<timestamp>3957.884603</timestamp>
			</report>
			<report>
				<misses>623800001</misses>
				<total>0</total>
				<timestamp>3958.530433</timestamp>
			</report>
			<report>
				<misses>623900001</misses>
				<total>0</total>
				<timestamp>3959.163392</timestamp>
			</report>
			<report>
				<misses>624000001</misses>
				<total>0</total>
				<timestamp>3959.793421</timestamp>
			</report>
			<report>
				<misses>624100001</misses>
				<total>0</total>
				<timestamp>3960.423072</timestamp>
			</report>
			<report>
				<misses>624200001</misses>
				<total>0</total>
				<timestamp>3961.055241</timestamp>
			</report>
			<report>
				<misses>624300001</misses>
				<total>0</total>
				<timestamp>3961.683985</timestamp>
			</report>
			<report>
				<misses>624400001</misses>
				<total>0</total>
				<timestamp>3962.312113</timestamp>
			</report>
			<report>
				<misses>624500001</misses>
				<total>0</total>
				<timestamp>3962.939508</timestamp>
			</report>
			<report>
				<misses>624600001</misses>
				<total>0</total>
				<timestamp>3963.567730</timestamp>
			</report>
			<report>
				<misses>624700001</misses>
				<total>0</total>
				<timestamp>3964.200527</timestamp>
			</report>
			<report>
				<misses>624800001</misses>
				<total>0</total>
				<timestamp>3964.827524</timestamp>
			</report>
			<report>
				<misses>624900001</misses>
				<total>0</total>
				<timestamp>3965.524887</timestamp>
			</report>
			<report>
				<misses>625000001</misses>
				<total>0</total>
				<timestamp>3966.195832</timestamp>
			</report>
			<report>
				<misses>625100001</misses>
				<total>0</total>
				<timestamp>3966.846629</timestamp>
			</report>
			<report>
				<misses>625200001</misses>
				<total>0</total>
				<timestamp>3967.501048</timestamp>
			</report>
			<report>
				<misses>625300001</misses>
				<total>0</total>
				<timestamp>3968.179952</timestamp>
			</report>
			<report>
				<misses>625400001</misses>
				<total>0</total>
				<timestamp>3968.828011</timestamp>
			</report>
			<report>
				<misses>625500001</misses>
				<total>0</total>
				<timestamp>3969.542210</timestamp>
			</report>
			<report>
				<misses>625600001</misses>
				<total>0</total>
				<timestamp>3970.236347</timestamp>
			</report>
			<report>
				<misses>625700001</misses>
				<total>0</total>
				<timestamp>3970.955943</timestamp>
			</report>
			<report>
				<misses>625800001</misses>
				<total>0</total>
				<timestamp>3971.667539</timestamp>
			</report>
			<report>
				<misses>625900001</misses>
				<total>0</total>
				<timestamp>3972.381817</timestamp>
			</report>
			<report>
				<misses>626000001</misses>
				<total>0</total>
				<timestamp>3973.094952</timestamp>
			</report>
			<report>
				<misses>626100001</misses>
				<total>0</total>
				<timestamp>3973.804851</timestamp>
			</report>
			<report>
				<misses>626200001</misses>
				<total>0</total>
				<timestamp>3974.525208</timestamp>
			</report>
			<report>
				<misses>626300001</misses>
				<total>0</total>
				<timestamp>3975.244366</timestamp>
			</report>
			<report>
				<misses>626400001</misses>
				<total>0</total>
				<timestamp>3975.962779</timestamp>
			</report>
			<report>
				<misses>626500001</misses>
				<total>0</total>
				<timestamp>3976.648597</timestamp>
			</report>
			<report>
				<misses>626600001</misses>
				<total>0</total>
				<timestamp>3977.291864</timestamp>
			</report>
			<report>
				<misses>626700001</misses>
				<total>0</total>
				<timestamp>3977.933169</timestamp>
			</report>
			<report>
				<misses>626800001</misses>
				<total>0</total>
				<timestamp>3978.581263</timestamp>
			</report>
			<report>
				<misses>626900001</misses>
				<total>0</total>
				<timestamp>3979.228811</timestamp>
			</report>
			<report>
				<misses>627000001</misses>
				<total>0</total>
				<timestamp>3979.876797</timestamp>
			</report>
			<report>
				<misses>627100001</misses>
				<total>0</total>
				<timestamp>3980.524285</timestamp>
			</report>
			<report>
				<misses>627200001</misses>
				<total>0</total>
				<timestamp>3981.171969</timestamp>
			</report>
			<report>
				<misses>627300001</misses>
				<total>0</total>
				<timestamp>3981.820177</timestamp>
			</report>
			<report>
				<misses>627400001</misses>
				<total>0</total>
				<timestamp>3982.467674</timestamp>
			</report>
			<report>
				<misses>627500001</misses>
				<total>0</total>
				<timestamp>3983.114905</timestamp>
			</report>
			<report>
				<misses>627600001</misses>
				<total>0</total>
				<timestamp>3983.765167</timestamp>
			</report>
			<report>
				<misses>627700001</misses>
				<total>0</total>
				<timestamp>3984.397651</timestamp>
			</report>
			<report>
				<misses>627800001</misses>
				<total>0</total>
				<timestamp>3985.036921</timestamp>
			</report>
			<report>
				<misses>627900001</misses>
				<total>0</total>
				<timestamp>3985.674015</timestamp>
			</report>
			<report>
				<misses>628000001</misses>
				<total>0</total>
				<timestamp>3986.323521</timestamp>
			</report>
			<report>
				<misses>628100001</misses>
				<total>0</total>
				<timestamp>3986.956651</timestamp>
			</report>
			<report>
				<misses>628200001</misses>
				<total>0</total>
				<timestamp>3987.592789</timestamp>
			</report>
			<report>
				<misses>628300001</misses>
				<total>0</total>
				<timestamp>3988.223791</timestamp>
			</report>
			<report>
				<misses>628400001</misses>
				<total>0</total>
				<timestamp>3988.855943</timestamp>
			</report>
			<report>
				<misses>628500001</misses>
				<total>0</total>
				<timestamp>3989.495703</timestamp>
			</report>
			<report>
				<misses>628600001</misses>
				<total>0</total>
				<timestamp>3990.223254</timestamp>
			</report>
			<report>
				<misses>628700001</misses>
				<total>0</total>
				<timestamp>3991.040666</timestamp>
			</report>
			<report>
				<misses>628800001</misses>
				<total>0</total>
				<timestamp>3991.851648</timestamp>
			</report>
			<report>
				<misses>628900001</misses>
				<total>0</total>
				<timestamp>3992.595310</timestamp>
			</report>
			<report>
				<misses>629000001</misses>
				<total>0</total>
				<timestamp>3993.243476</timestamp>
			</report>
			<report>
				<misses>629100001</misses>
				<total>0</total>
				<timestamp>3993.886132</timestamp>
			</report>
			<report>
				<misses>629200001</misses>
				<total>0</total>
				<timestamp>3994.532682</timestamp>
			</report>
			<report>
				<misses>629300001</misses>
				<total>0</total>
				<timestamp>3995.173254</timestamp>
			</report>
			<report>
				<misses>629400001</misses>
				<total>0</total>
				<timestamp>3995.807490</timestamp>
			</report>
			<report>
				<misses>629500001</misses>
				<total>0</total>
				<timestamp>3996.474501</timestamp>
			</report>
			<report>
				<misses>629600001</misses>
				<total>0</total>
				<timestamp>3997.127709</timestamp>
			</report>
			<report>
				<misses>629700001</misses>
				<total>0</total>
				<timestamp>3997.753822</timestamp>
			</report>
			<report>
				<misses>629800001</misses>
				<total>0</total>
				<timestamp>3998.382191</timestamp>
			</report>
			<report>
				<misses>629900001</misses>
				<total>0</total>
				<timestamp>3999.019151</timestamp>
			</report>
			<report>
				<misses>630000001</misses>
				<total>0</total>
				<timestamp>3999.648462</timestamp>
			</report>
			<report>
				<misses>630100001</misses>
				<total>0</total>
				<timestamp>4000.278380</timestamp>
			</report>
			<report>
				<misses>630200001</misses>
				<total>0</total>
				<timestamp>4000.905987</timestamp>
			</report>
			<report>
				<misses>630300001</misses>
				<total>0</total>
				<timestamp>4001.534989</timestamp>
			</report>
			<report>
				<misses>630400001</misses>
				<total>0</total>
				<timestamp>4002.163699</timestamp>
			</report>
			<report>
				<misses>630500001</misses>
				<total>0</total>
				<timestamp>4002.803262</timestamp>
			</report>
			<report>
				<misses>630600001</misses>
				<total>0</total>
				<timestamp>4003.441898</timestamp>
			</report>
			<report>
				<misses>630700001</misses>
				<total>0</total>
				<timestamp>4004.076890</timestamp>
			</report>
			<report>
				<misses>630800001</misses>
				<total>0</total>
				<timestamp>4004.708311</timestamp>
			</report>
			<report>
				<misses>630900001</misses>
				<total>0</total>
				<timestamp>4005.338130</timestamp>
			</report>
			<report>
				<misses>631000001</misses>
				<total>0</total>
				<timestamp>4005.990101</timestamp>
			</report>
			<report>
				<misses>631100001</misses>
				<total>0</total>
				<timestamp>4006.636578</timestamp>
			</report>
			<report>
				<misses>631200001</misses>
				<total>0</total>
				<timestamp>4007.282321</timestamp>
			</report>
			<report>
				<misses>631300001</misses>
				<total>0</total>
				<timestamp>4007.932945</timestamp>
			</report>
			<report>
				<misses>631400001</misses>
				<total>0</total>
				<timestamp>4008.568092</timestamp>
			</report>
			<report>
				<misses>631500001</misses>
				<total>0</total>
				<timestamp>4009.224609</timestamp>
			</report>
			<report>
				<misses>631600001</misses>
				<total>0</total>
				<timestamp>4009.861871</timestamp>
			</report>
			<report>
				<misses>631700001</misses>
				<total>0</total>
				<timestamp>4010.502312</timestamp>
			</report>
			<report>
				<misses>631800001</misses>
				<total>0</total>
				<timestamp>4011.144439</timestamp>
			</report>
			<report>
				<misses>631900001</misses>
				<total>0</total>
				<timestamp>4011.777559</timestamp>
			</report>
			<report>
				<misses>632000001</misses>
				<total>0</total>
				<timestamp>4012.408638</timestamp>
			</report>
			<report>
				<misses>632100001</misses>
				<total>0</total>
				<timestamp>4013.038538</timestamp>
			</report>
			<report>
				<misses>632200001</misses>
				<total>0</total>
				<timestamp>4013.667552</timestamp>
			</report>
			<report>
				<misses>632300001</misses>
				<total>0</total>
				<timestamp>4014.298050</timestamp>
			</report>
			<report>
				<misses>632400001</misses>
				<total>0</total>
				<timestamp>4014.928269</timestamp>
			</report>
			<report>
				<misses>632500001</misses>
				<total>0</total>
				<timestamp>4015.558611</timestamp>
			</report>
			<report>
				<misses>632600001</misses>
				<total>0</total>
				<timestamp>4016.194263</timestamp>
			</report>
			<report>
				<misses>632700001</misses>
				<total>0</total>
				<timestamp>4016.824351</timestamp>
			</report>
			<report>
				<misses>632800001</misses>
				<total>0</total>
				<timestamp>4017.488973</timestamp>
			</report>
			<report>
				<misses>632900001</misses>
				<total>0</total>
				<timestamp>4018.125498</timestamp>
			</report>
			<report>
				<misses>633000001</misses>
				<total>0</total>
				<timestamp>4018.759761</timestamp>
			</report>
			<report>
				<misses>633100001</misses>
				<total>0</total>
				<timestamp>4019.390524</timestamp>
			</report>
			<report>
				<misses>633200001</misses>
				<total>0</total>
				<timestamp>4020.023298</timestamp>
			</report>
			<report>
				<misses>633300001</misses>
				<total>0</total>
				<timestamp>4020.661461</timestamp>
			</report>
			<report>
				<misses>633400001</misses>
				<total>0</total>
				<timestamp>4021.296481</timestamp>
			</report>
			<report>
				<misses>633500001</misses>
				<total>0</total>
				<timestamp>4021.930833</timestamp>
			</report>
			<report>
				<misses>633600001</misses>
				<total>0</total>
				<timestamp>4022.563380</timestamp>
			</report>
			<report>
				<misses>633700001</misses>
				<total>0</total>
				<timestamp>4023.195462</timestamp>
			</report>
			<report>
				<misses>633800001</misses>
				<total>0</total>
				<timestamp>4023.833051</timestamp>
			</report>
			<report>
				<misses>633900001</misses>
				<total>0</total>
				<timestamp>4024.478826</timestamp>
			</report>
			<report>
				<misses>634000001</misses>
				<total>0</total>
				<timestamp>4025.124705</timestamp>
			</report>
			<report>
				<misses>634100001</misses>
				<total>0</total>
				<timestamp>4025.756509</timestamp>
			</report>
			<report>
				<misses>634200001</misses>
				<total>0</total>
				<timestamp>4026.389734</timestamp>
			</report>
			<report>
				<misses>634300001</misses>
				<total>0</total>
				<timestamp>4027.046832</timestamp>
			</report>
			<report>
				<misses>634400001</misses>
				<total>0</total>
				<timestamp>4027.703520</timestamp>
			</report>
			<report>
				<misses>634500001</misses>
				<total>0</total>
				<timestamp>4028.353928</timestamp>
			</report>
			<report>
				<misses>634600001</misses>
				<total>0</total>
				<timestamp>4029.001379</timestamp>
			</report>
			<report>
				<misses>634700001</misses>
				<total>0</total>
				<timestamp>4029.645138</timestamp>
			</report>
			<report>
				<misses>634800001</misses>
				<total>0</total>
				<timestamp>4030.295664</timestamp>
			</report>
			<report>
				<misses>634900001</misses>
				<total>0</total>
				<timestamp>4030.932589</timestamp>
			</report>
			<report>
				<misses>635000001</misses>
				<total>0</total>
				<timestamp>4031.559455</timestamp>
			</report>
			<report>
				<misses>635100001</misses>
				<total>0</total>
				<timestamp>4032.196193</timestamp>
			</report>
			<report>
				<misses>635200001</misses>
				<total>0</total>
				<timestamp>4032.849328</timestamp>
			</report>
			<report>
				<misses>635300001</misses>
				<total>0</total>
				<timestamp>4033.504135</timestamp>
			</report>
			<report>
				<misses>635400001</misses>
				<total>0</total>
				<timestamp>4034.159892</timestamp>
			</report>
			<report>
				<misses>635500001</misses>
				<total>0</total>
				<timestamp>4034.814774</timestamp>
			</report>
			<report>
				<misses>635600001</misses>
				<total>0</total>
				<timestamp>4035.472304</timestamp>
			</report>
			<report>
				<misses>635700001</misses>
				<total>0</total>
				<timestamp>4036.104394</timestamp>
			</report>
			<report>
				<misses>635800001</misses>
				<total>0</total>
				<timestamp>4036.731319</timestamp>
			</report>
			<report>
				<misses>635900001</misses>
				<total>0</total>
				<timestamp>4037.358702</timestamp>
			</report>
			<report>
				<misses>636000001</misses>
				<total>0</total>
				<timestamp>4037.985778</timestamp>
			</report>
			<report>
				<misses>636100001</misses>
				<total>0</total>
				<timestamp>4038.613067</timestamp>
			</report>
			<report>
				<misses>636200001</misses>
				<total>0</total>
				<timestamp>4039.239892</timestamp>
			</report>
			<report>
				<misses>636300001</misses>
				<total>0</total>
				<timestamp>4039.869886</timestamp>
			</report>
			<report>
				<misses>636400001</misses>
				<total>0</total>
				<timestamp>4040.495733</timestamp>
			</report>
			<report>
				<misses>636500001</misses>
				<total>0</total>
				<timestamp>4041.121671</timestamp>
			</report>
			<report>
				<misses>636600001</misses>
				<total>0</total>
				<timestamp>4041.752197</timestamp>
			</report>
			<report>
				<misses>636700001</misses>
				<total>0</total>
				<timestamp>4042.380055</timestamp>
			</report>
			<report>
				<misses>636800001</misses>
				<total>0</total>
				<timestamp>4043.007212</timestamp>
			</report>
			<report>
				<misses>636900001</misses>
				<total>0</total>
				<timestamp>4043.641106</timestamp>
			</report>
			<report>
				<misses>637000001</misses>
				<total>0</total>
				<timestamp>4044.305072</timestamp>
			</report>
			<report>
				<misses>637100001</misses>
				<total>0</total>
				<timestamp>4044.989575</timestamp>
			</report>
			<report>
				<misses>637200001</misses>
				<total>0</total>
				<timestamp>4045.687200</timestamp>
			</report>
			<report>
				<misses>637300001</misses>
				<total>0</total>
				<timestamp>4046.387939</timestamp>
			</report>
			<report>
				<misses>637400001</misses>
				<total>0</total>
				<timestamp>4047.091364</timestamp>
			</report>
			<report>
				<misses>637500001</misses>
				<total>0</total>
				<timestamp>4047.802064</timestamp>
			</report>
			<report>
				<misses>637600001</misses>
				<total>0</total>
				<timestamp>4048.503325</timestamp>
			</report>
			<report>
				<misses>637700001</misses>
				<total>0</total>
				<timestamp>4049.146802</timestamp>
			</report>
			<report>
				<misses>637800001</misses>
				<total>0</total>
				<timestamp>4049.776078</timestamp>
			</report>
			<report>
				<misses>637900001</misses>
				<total>0</total>
				<timestamp>4050.404243</timestamp>
			</report>
			<report>
				<misses>638000001</misses>
				<total>0</total>
				<timestamp>4051.032298</timestamp>
			</report>
			<report>
				<misses>638100001</misses>
				<total>0</total>
				<timestamp>4051.660104</timestamp>
			</report>
			<report>
				<misses>638200001</misses>
				<total>0</total>
				<timestamp>4052.294587</timestamp>
			</report>
			<report>
				<misses>638300001</misses>
				<total>0</total>
				<timestamp>4052.933297</timestamp>
			</report>
			<report>
				<misses>638400001</misses>
				<total>0</total>
				<timestamp>4053.562623</timestamp>
			</report>
			<report>
				<misses>638500001</misses>
				<total>0</total>
				<timestamp>4054.192210</timestamp>
			</report>
			<report>
				<misses>638600001</misses>
				<total>0</total>
				<timestamp>4054.828838</timestamp>
			</report>
			<report>
				<misses>638700001</misses>
				<total>0</total>
				<timestamp>4055.459079</timestamp>
			</report>
			<report>
				<misses>638800001</misses>
				<total>0</total>
				<timestamp>4056.103850</timestamp>
			</report>
			<report>
				<misses>638900001</misses>
				<total>0</total>
				<timestamp>4056.747843</timestamp>
			</report>
			<report>
				<misses>639000001</misses>
				<total>0</total>
				<timestamp>4057.382335</timestamp>
			</report>
			<report>
				<misses>639100001</misses>
				<total>0</total>
				<timestamp>4058.010161</timestamp>
			</report>
			<report>
				<misses>639200001</misses>
				<total>0</total>
				<timestamp>4058.643362</timestamp>
			</report>
			<report>
				<misses>639300001</misses>
				<total>0</total>
				<timestamp>4059.329128</timestamp>
			</report>
			<report>
				<misses>639400001</misses>
				<total>0</total>
				<timestamp>4060.010742</timestamp>
			</report>
			<report>
				<misses>639500001</misses>
				<total>0</total>
				<timestamp>4060.686647</timestamp>
			</report>
			<report>
				<misses>639600001</misses>
				<total>0</total>
				<timestamp>4061.359432</timestamp>
			</report>
			<report>
				<misses>639700001</misses>
				<total>0</total>
				<timestamp>4062.003565</timestamp>
			</report>
			<report>
				<misses>639800001</misses>
				<total>0</total>
				<timestamp>4062.638077</timestamp>
			</report>
			<report>
				<misses>639900001</misses>
				<total>0</total>
				<timestamp>4063.272567</timestamp>
			</report>
			<report>
				<misses>640000001</misses>
				<total>0</total>
				<timestamp>4063.910571</timestamp>
			</report>
			<report>
				<misses>640100001</misses>
				<total>0</total>
				<timestamp>4064.545998</timestamp>
			</report>
			<report>
				<misses>640200001</misses>
				<total>0</total>
				<timestamp>4065.180957</timestamp>
			</report>
			<report>
				<misses>640300001</misses>
				<total>0</total>
				<timestamp>4065.816747</timestamp>
			</report>
			<report>
				<misses>640400001</misses>
				<total>0</total>
				<timestamp>4066.451440</timestamp>
			</report>
			<report>
				<misses>640500001</misses>
				<total>0</total>
				<timestamp>4067.086665</timestamp>
			</report>
			<report>
				<misses>640600001</misses>
				<total>0</total>
				<timestamp>4067.721998</timestamp>
			</report>
			<report>
				<misses>640700001</misses>
				<total>0</total>
				<timestamp>4068.357633</timestamp>
			</report>
			<report>
				<misses>640800001</misses>
				<total>0</total>
				<timestamp>4068.988287</timestamp>
			</report>
			<report>
				<misses>640900001</misses>
				<total>0</total>
				<timestamp>4069.615751</timestamp>
			</report>
			<report>
				<misses>641000001</misses>
				<total>0</total>
				<timestamp>4070.244538</timestamp>
			</report>
			<report>
				<misses>641100001</misses>
				<total>0</total>
				<timestamp>4070.869847</timestamp>
			</report>
			<report>
				<misses>641200001</misses>
				<total>0</total>
				<timestamp>4071.497619</timestamp>
			</report>
			<report>
				<misses>641300001</misses>
				<total>0</total>
				<timestamp>4072.140298</timestamp>
			</report>
			<report>
				<misses>641400001</misses>
				<total>0</total>
				<timestamp>4072.771112</timestamp>
			</report>
			<report>
				<misses>641500001</misses>
				<total>0</total>
				<timestamp>4073.405672</timestamp>
			</report>
			<report>
				<misses>641600001</misses>
				<total>0</total>
				<timestamp>4074.035256</timestamp>
			</report>
			<report>
				<misses>641700001</misses>
				<total>0</total>
				<timestamp>4074.679081</timestamp>
			</report>
			<report>
				<misses>641800001</misses>
				<total>0</total>
				<timestamp>4075.320012</timestamp>
			</report>
			<report>
				<misses>641900001</misses>
				<total>0</total>
				<timestamp>4075.954837</timestamp>
			</report>
			<report>
				<misses>642000001</misses>
				<total>0</total>
				<timestamp>4076.602213</timestamp>
			</report>
			<report>
				<misses>642100001</misses>
				<total>0</total>
				<timestamp>4077.275054</timestamp>
			</report>
			<report>
				<misses>642200001</misses>
				<total>0</total>
				<timestamp>4077.958605</timestamp>
			</report>
			<report>
				<misses>642300001</misses>
				<total>0</total>
				<timestamp>4078.593625</timestamp>
			</report>
			<report>
				<misses>642400001</misses>
				<total>0</total>
				<timestamp>4079.226385</timestamp>
			</report>
			<report>
				<misses>642500001</misses>
				<total>0</total>
				<timestamp>4079.896209</timestamp>
			</report>
			<report>
				<misses>642600001</misses>
				<total>0</total>
				<timestamp>4080.582721</timestamp>
			</report>
			<report>
				<misses>642700001</misses>
				<total>0</total>
				<timestamp>4081.219468</timestamp>
			</report>
			<report>
				<misses>642800001</misses>
				<total>0</total>
				<timestamp>4081.854166</timestamp>
			</report>
			<report>
				<misses>642900001</misses>
				<total>0</total>
				<timestamp>4082.481007</timestamp>
			</report>
			<report>
				<misses>643000001</misses>
				<total>0</total>
				<timestamp>4083.105888</timestamp>
			</report>
			<report>
				<misses>643100001</misses>
				<total>0</total>
				<timestamp>4083.747978</timestamp>
			</report>
			<report>
				<misses>643200001</misses>
				<total>0</total>
				<timestamp>4084.384733</timestamp>
			</report>
			<report>
				<misses>643300001</misses>
				<total>0</total>
				<timestamp>4085.015343</timestamp>
			</report>
			<report>
				<misses>643400001</misses>
				<total>0</total>
				<timestamp>4085.642433</timestamp>
			</report>
			<report>
				<misses>643500001</misses>
				<total>0</total>
				<timestamp>4086.271661</timestamp>
			</report>
			<report>
				<misses>643600001</misses>
				<total>0</total>
				<timestamp>4086.906471</timestamp>
			</report>
			<report>
				<misses>643700001</misses>
				<total>0</total>
				<timestamp>4087.575538</timestamp>
			</report>
			<report>
				<misses>643800001</misses>
				<total>0</total>
				<timestamp>4088.244977</timestamp>
			</report>
			<report>
				<misses>643900001</misses>
				<total>0</total>
				<timestamp>4088.886487</timestamp>
			</report>
			<report>
				<misses>644000001</misses>
				<total>0</total>
				<timestamp>4089.546853</timestamp>
			</report>
			<report>
				<misses>644100001</misses>
				<total>0</total>
				<timestamp>4090.190792</timestamp>
			</report>
			<report>
				<misses>644200001</misses>
				<total>0</total>
				<timestamp>4090.820276</timestamp>
			</report>
			<report>
				<misses>644300001</misses>
				<total>0</total>
				<timestamp>4091.458174</timestamp>
			</report>
			<report>
				<misses>644400001</misses>
				<total>0</total>
				<timestamp>4092.106946</timestamp>
			</report>
			<report>
				<misses>644500001</misses>
				<total>0</total>
				<timestamp>4092.737807</timestamp>
			</report>
			<report>
				<misses>644600001</misses>
				<total>0</total>
				<timestamp>4093.368635</timestamp>
			</report>
			<report>
				<misses>644700001</misses>
				<total>0</total>
				<timestamp>4093.999608</timestamp>
			</report>
			<report>
				<misses>644800001</misses>
				<total>0</total>
				<timestamp>4094.629764</timestamp>
			</report>
			<report>
				<misses>644900001</misses>
				<total>0</total>
				<timestamp>4095.260893</timestamp>
			</report>
			<report>
				<misses>645000001</misses>
				<total>0</total>
				<timestamp>4095.890656</timestamp>
			</report>
			<report>
				<misses>645100001</misses>
				<total>0</total>
				<timestamp>4096.523614</timestamp>
			</report>
			<report>
				<misses>645200001</misses>
				<total>0</total>
				<timestamp>4097.152207</timestamp>
			</report>
			<report>
				<misses>645300001</misses>
				<total>0</total>
				<timestamp>4097.780488</timestamp>
			</report>
			<report>
				<misses>645400001</misses>
				<total>0</total>
				<timestamp>4098.407969</timestamp>
			</report>
			<report>
				<misses>645500001</misses>
				<total>0</total>
				<timestamp>4099.042366</timestamp>
			</report>
			<report>
				<misses>645600001</misses>
				<total>0</total>
				<timestamp>4099.675360</timestamp>
			</report>
			<report>
				<misses>645700001</misses>
				<total>0</total>
				<timestamp>4100.336779</timestamp>
			</report>
			<report>
				<misses>645800001</misses>
				<total>0</total>
				<timestamp>4100.971130</timestamp>
			</report>
			<report>
				<misses>645900001</misses>
				<total>0</total>
				<timestamp>4101.599528</timestamp>
			</report>
			<report>
				<misses>646000001</misses>
				<total>0</total>
				<timestamp>4102.228230</timestamp>
			</report>
			<report>
				<misses>646100001</misses>
				<total>0</total>
				<timestamp>4102.857201</timestamp>
			</report>
			<report>
				<misses>646200001</misses>
				<total>0</total>
				<timestamp>4103.488574</timestamp>
			</report>
			<report>
				<misses>646300001</misses>
				<total>0</total>
				<timestamp>4104.117991</timestamp>
			</report>
			<report>
				<misses>646400001</misses>
				<total>0</total>
				<timestamp>4104.747200</timestamp>
			</report>
			<report>
				<misses>646500001</misses>
				<total>0</total>
				<timestamp>4105.376991</timestamp>
			</report>
			<report>
				<misses>646600001</misses>
				<total>0</total>
				<timestamp>4106.010225</timestamp>
			</report>
			<report>
				<misses>646700001</misses>
				<total>0</total>
				<timestamp>4106.641545</timestamp>
			</report>
			<report>
				<misses>646800001</misses>
				<total>0</total>
				<timestamp>4107.271181</timestamp>
			</report>
			<report>
				<misses>646900001</misses>
				<total>0</total>
				<timestamp>4107.905242</timestamp>
			</report>
			<report>
				<misses>647000001</misses>
				<total>0</total>
				<timestamp>4108.539422</timestamp>
			</report>
			<report>
				<misses>647100001</misses>
				<total>0</total>
				<timestamp>4109.168913</timestamp>
			</report>
			<report>
				<misses>647200001</misses>
				<total>0</total>
				<timestamp>4109.799468</timestamp>
			</report>
			<report>
				<misses>647300001</misses>
				<total>0</total>
				<timestamp>4110.453399</timestamp>
			</report>
			<report>
				<misses>647400001</misses>
				<total>0</total>
				<timestamp>4111.105809</timestamp>
			</report>
			<report>
				<misses>647500001</misses>
				<total>0</total>
				<timestamp>4111.732858</timestamp>
			</report>
			<report>
				<misses>647600001</misses>
				<total>0</total>
				<timestamp>4112.362915</timestamp>
			</report>
			<report>
				<misses>647700001</misses>
				<total>0</total>
				<timestamp>4113.006116</timestamp>
			</report>
			<report>
				<misses>647800001</misses>
				<total>0</total>
				<timestamp>4113.639816</timestamp>
			</report>
			<report>
				<misses>647900001</misses>
				<total>0</total>
				<timestamp>4114.295859</timestamp>
			</report>
			<report>
				<misses>648000001</misses>
				<total>0</total>
				<timestamp>4114.944771</timestamp>
			</report>
			<report>
				<misses>648100001</misses>
				<total>0</total>
				<timestamp>4115.585154</timestamp>
			</report>
			<report>
				<misses>648200001</misses>
				<total>0</total>
				<timestamp>4116.218041</timestamp>
			</report>
			<report>
				<misses>648300001</misses>
				<total>0</total>
				<timestamp>4116.849942</timestamp>
			</report>
			<report>
				<misses>648400001</misses>
				<total>0</total>
				<timestamp>4117.500354</timestamp>
			</report>
			<report>
				<misses>648500001</misses>
				<total>0</total>
				<timestamp>4118.139530</timestamp>
			</report>
			<report>
				<misses>648600001</misses>
				<total>0</total>
				<timestamp>4118.773658</timestamp>
			</report>
			<report>
				<misses>648700001</misses>
				<total>0</total>
				<timestamp>4119.431429</timestamp>
			</report>
			<report>
				<misses>648800001</misses>
				<total>0</total>
				<timestamp>4120.064340</timestamp>
			</report>
			<report>
				<misses>648900001</misses>
				<total>0</total>
				<timestamp>4120.696912</timestamp>
			</report>
			<report>
				<misses>649000001</misses>
				<total>0</total>
				<timestamp>4121.334727</timestamp>
			</report>
			<report>
				<misses>649100001</misses>
				<total>0</total>
				<timestamp>4121.980272</timestamp>
			</report>
			<report>
				<misses>649200001</misses>
				<total>0</total>
				<timestamp>4122.619298</timestamp>
			</report>
			<report>
				<misses>649300001</misses>
				<total>0</total>
				<timestamp>4123.266899</timestamp>
			</report>
			<report>
				<misses>649400001</misses>
				<total>0</total>
				<timestamp>4123.901593</timestamp>
			</report>
			<report>
				<misses>649500001</misses>
				<total>0</total>
				<timestamp>4124.534048</timestamp>
			</report>
			<report>
				<misses>649600001</misses>
				<total>0</total>
				<timestamp>4125.158195</timestamp>
			</report>
			<report>
				<misses>649700001</misses>
				<total>0</total>
				<timestamp>4125.787130</timestamp>
			</report>
			<report>
				<misses>649800001</misses>
				<total>0</total>
				<timestamp>4126.421935</timestamp>
			</report>
			<report>
				<misses>649900001</misses>
				<total>0</total>
				<timestamp>4127.066774</timestamp>
			</report>
			<report>
				<misses>650000001</misses>
				<total>0</total>
				<timestamp>4127.693503</timestamp>
			</report>
			<report>
				<misses>650100001</misses>
				<total>0</total>
				<timestamp>4128.324527</timestamp>
			</report>
			<report>
				<misses>650200001</misses>
				<total>0</total>
				<timestamp>4128.961435</timestamp>
			</report>
			<report>
				<misses>650300001</misses>
				<total>0</total>
				<timestamp>4129.590157</timestamp>
			</report>
			<report>
				<misses>650400001</misses>
				<total>0</total>
				<timestamp>4130.222682</timestamp>
			</report>
			<report>
				<misses>650500001</misses>
				<total>0</total>
				<timestamp>4130.858306</timestamp>
			</report>
			<report>
				<misses>650600001</misses>
				<total>0</total>
				<timestamp>4131.521954</timestamp>
			</report>
			<report>
				<misses>650700001</misses>
				<total>0</total>
				<timestamp>4132.197599</timestamp>
			</report>
			<report>
				<misses>650800001</misses>
				<total>0</total>
				<timestamp>4132.918350</timestamp>
			</report>
			<report>
				<misses>650900001</misses>
				<total>0</total>
				<timestamp>4133.645008</timestamp>
			</report>
			<report>
				<misses>651000001</misses>
				<total>0</total>
				<timestamp>4134.368175</timestamp>
			</report>
			<report>
				<misses>651100001</misses>
				<total>0</total>
				<timestamp>4135.091274</timestamp>
			</report>
			<report>
				<misses>651200001</misses>
				<total>0</total>
				<timestamp>4135.810755</timestamp>
			</report>
			<report>
				<misses>651300001</misses>
				<total>0</total>
				<timestamp>4136.523360</timestamp>
			</report>
			<report>
				<misses>651400001</misses>
				<total>0</total>
				<timestamp>4137.162740</timestamp>
			</report>
			<report>
				<misses>651500001</misses>
				<total>0</total>
				<timestamp>4137.801887</timestamp>
			</report>
			<report>
				<misses>651600001</misses>
				<total>0</total>
				<timestamp>4138.452284</timestamp>
			</report>
			<report>
				<misses>651700001</misses>
				<total>0</total>
				<timestamp>4139.159268</timestamp>
			</report>
			<report>
				<misses>651800001</misses>
				<total>0</total>
				<timestamp>4139.850363</timestamp>
			</report>
			<report>
				<misses>651900001</misses>
				<total>0</total>
				<timestamp>4140.532839</timestamp>
			</report>
			<report>
				<misses>652000001</misses>
				<total>0</total>
				<timestamp>4141.170952</timestamp>
			</report>
			<report>
				<misses>652100001</misses>
				<total>0</total>
				<timestamp>4141.799023</timestamp>
			</report>
			<report>
				<misses>652200001</misses>
				<total>0</total>
				<timestamp>4142.449004</timestamp>
			</report>
			<report>
				<misses>652300001</misses>
				<total>0</total>
				<timestamp>4143.083586</timestamp>
			</report>
			<report>
				<misses>652400001</misses>
				<total>0</total>
				<timestamp>4143.714884</timestamp>
			</report>
			<report>
				<misses>652500001</misses>
				<total>0</total>
				<timestamp>4144.346905</timestamp>
			</report>
			<report>
				<misses>652600001</misses>
				<total>0</total>
				<timestamp>4144.993103</timestamp>
			</report>
			<report>
				<misses>652700001</misses>
				<total>0</total>
				<timestamp>4145.619141</timestamp>
			</report>
			<report>
				<misses>652800001</misses>
				<total>0</total>
				<timestamp>4146.250321</timestamp>
			</report>
			<report>
				<misses>652900001</misses>
				<total>0</total>
				<timestamp>4146.882526</timestamp>
			</report>
			<report>
				<misses>653000001</misses>
				<total>0</total>
				<timestamp>4147.513192</timestamp>
			</report>
			<report>
				<misses>653100001</misses>
				<total>0</total>
				<timestamp>4148.146132</timestamp>
			</report>
			<report>
				<misses>653200001</misses>
				<total>0</total>
				<timestamp>4148.775827</timestamp>
			</report>
			<report>
				<misses>653300001</misses>
				<total>0</total>
				<timestamp>4149.410157</timestamp>
			</report>
			<report>
				<misses>653400001</misses>
				<total>0</total>
				<timestamp>4150.052714</timestamp>
			</report>
			<report>
				<misses>653500001</misses>
				<total>0</total>
				<timestamp>4150.695414</timestamp>
			</report>
			<report>
				<misses>653600001</misses>
				<total>0</total>
				<timestamp>4151.345394</timestamp>
			</report>
			<report>
				<misses>653700001</misses>
				<total>0</total>
				<timestamp>4151.979484</timestamp>
			</report>
			<report>
				<misses>653800001</misses>
				<total>0</total>
				<timestamp>4152.613608</timestamp>
			</report>
			<report>
				<misses>653900001</misses>
				<total>0</total>
				<timestamp>4153.248235</timestamp>
			</report>
			<report>
				<misses>654000001</misses>
				<total>0</total>
				<timestamp>4153.883082</timestamp>
			</report>
			<report>
				<misses>654100001</misses>
				<total>0</total>
				<timestamp>4154.524013</timestamp>
			</report>
			<report>
				<misses>654200001</misses>
				<total>0</total>
				<timestamp>4155.155743</timestamp>
			</report>
			<report>
				<misses>654300001</misses>
				<total>0</total>
				<timestamp>4155.781936</timestamp>
			</report>
			<report>
				<misses>654400001</misses>
				<total>0</total>
				<timestamp>4156.404252</timestamp>
			</report>
			<report>
				<misses>654500001</misses>
				<total>0</total>
				<timestamp>4157.025547</timestamp>
			</report>
			<report>
				<misses>654600001</misses>
				<total>0</total>
				<timestamp>4157.646373</timestamp>
			</report>
			<report>
				<misses>654700001</misses>
				<total>0</total>
				<timestamp>4158.270553</timestamp>
			</report>
			<report>
				<misses>654800001</misses>
				<total>0</total>
				<timestamp>4158.891015</timestamp>
			</report>
			<report>
				<misses>654900001</misses>
				<total>0</total>
				<timestamp>4159.510999</timestamp>
			</report>
			<report>
				<misses>655000001</misses>
				<total>0</total>
				<timestamp>4160.135474</timestamp>
			</report>
			<report>
				<misses>655100001</misses>
				<total>0</total>
				<timestamp>4160.755527</timestamp>
			</report>
			<report>
				<misses>655200001</misses>
				<total>0</total>
				<timestamp>4161.375487</timestamp>
			</report>
			<report>
				<misses>655300001</misses>
				<total>0</total>
				<timestamp>4161.996876</timestamp>
			</report>
			<report>
				<misses>655400001</misses>
				<total>0</total>
				<timestamp>4162.619544</timestamp>
			</report>
			<report>
				<misses>655500001</misses>
				<total>0</total>
				<timestamp>4163.242272</timestamp>
			</report>
			<report>
				<misses>655600001</misses>
				<total>0</total>
				<timestamp>4163.864565</timestamp>
			</report>
			<report>
				<misses>655700001</misses>
				<total>0</total>
				<timestamp>4164.485711</timestamp>
			</report>
			<report>
				<misses>655800001</misses>
				<total>0</total>
				<timestamp>4165.105702</timestamp>
			</report>
			<report>
				<misses>655900001</misses>
				<total>0</total>
				<timestamp>4165.727979</timestamp>
			</report>
			<report>
				<misses>656000001</misses>
				<total>0</total>
				<timestamp>4166.351077</timestamp>
			</report>
			<report>
				<misses>656100001</misses>
				<total>0</total>
				<timestamp>4166.974379</timestamp>
			</report>
			<report>
				<misses>656200001</misses>
				<total>0</total>
				<timestamp>4167.597841</timestamp>
			</report>
			<report>
				<misses>656300001</misses>
				<total>0</total>
				<timestamp>4168.221083</timestamp>
			</report>
			<report>
				<misses>656400001</misses>
				<total>0</total>
				<timestamp>4168.844180</timestamp>
			</report>
			<report>
				<misses>656500001</misses>
				<total>0</total>
				<timestamp>4169.466652</timestamp>
			</report>
			<report>
				<misses>656600001</misses>
				<total>0</total>
				<timestamp>4170.092684</timestamp>
			</report>
			<report>
				<misses>656700001</misses>
				<total>0</total>
				<timestamp>4170.715130</timestamp>
			</report>
			<report>
				<misses>656800001</misses>
				<total>0</total>
				<timestamp>4171.337385</timestamp>
			</report>
			<report>
				<misses>656900001</misses>
				<total>0</total>
				<timestamp>4171.959392</timestamp>
			</report>
			<report>
				<misses>657000001</misses>
				<total>0</total>
				<timestamp>4172.581297</timestamp>
			</report>
			<report>
				<misses>657100001</misses>
				<total>0</total>
				<timestamp>4173.201318</timestamp>
			</report>
			<report>
				<misses>657200001</misses>
				<total>0</total>
				<timestamp>4173.821167</timestamp>
			</report>
			<report>
				<misses>657300001</misses>
				<total>0</total>
				<timestamp>4174.440985</timestamp>
			</report>
			<report>
				<misses>657400001</misses>
				<total>0</total>
				<timestamp>4175.061691</timestamp>
			</report>
			<report>
				<misses>657500001</misses>
				<total>0</total>
				<timestamp>4175.684446</timestamp>
			</report>
			<report>
				<misses>657600001</misses>
				<total>0</total>
				<timestamp>4176.309424</timestamp>
			</report>
			<report>
				<misses>657700001</misses>
				<total>0</total>
				<timestamp>4176.931802</timestamp>
			</report>
			<report>
				<misses>657800001</misses>
				<total>0</total>
				<timestamp>4177.554550</timestamp>
			</report>
			<report>
				<misses>657900001</misses>
				<total>0</total>
				<timestamp>4178.176897</timestamp>
			</report>
			<report>
				<misses>658000001</misses>
				<total>0</total>
				<timestamp>4178.808946</timestamp>
			</report>
			<report>
				<misses>658100001</misses>
				<total>0</total>
				<timestamp>4179.440025</timestamp>
			</report>
			<report>
				<misses>658200001</misses>
				<total>0</total>
				<timestamp>4180.070826</timestamp>
			</report>
			<report>
				<misses>658300001</misses>
				<total>0</total>
				<timestamp>4180.700102</timestamp>
			</report>
			<report>
				<misses>658400001</misses>
				<total>0</total>
				<timestamp>4181.321889</timestamp>
			</report>
			<report>
				<misses>658500001</misses>
				<total>0</total>
				<timestamp>4181.944209</timestamp>
			</report>
			<report>
				<misses>658600001</misses>
				<total>0</total>
				<timestamp>4182.566205</timestamp>
			</report>
			<report>
				<misses>658700001</misses>
				<total>0</total>
				<timestamp>4183.190425</timestamp>
			</report>
			<report>
				<misses>658800001</misses>
				<total>0</total>
				<timestamp>4183.815656</timestamp>
			</report>
			<report>
				<misses>658900001</misses>
				<total>0</total>
				<timestamp>4184.441108</timestamp>
			</report>
			<report>
				<misses>659000001</misses>
				<total>0</total>
				<timestamp>4185.066396</timestamp>
			</report>
			<report>
				<misses>659100001</misses>
				<total>0</total>
				<timestamp>4185.691840</timestamp>
			</report>
			<report>
				<misses>659200001</misses>
				<total>0</total>
				<timestamp>4186.317025</timestamp>
			</report>
			<report>
				<misses>659300001</misses>
				<total>0</total>
				<timestamp>4186.942206</timestamp>
			</report>
			<report>
				<misses>659400001</misses>
				<total>0</total>
				<timestamp>4187.567626</timestamp>
			</report>
			<report>
				<misses>659500001</misses>
				<total>0</total>
				<timestamp>4188.193103</timestamp>
			</report>
			<report>
				<misses>659600001</misses>
				<total>0</total>
				<timestamp>4188.818509</timestamp>
			</report>
			<report>
				<misses>659700001</misses>
				<total>0</total>
				<timestamp>4189.443552</timestamp>
			</report>
			<report>
				<misses>659800001</misses>
				<total>0</total>
				<timestamp>4190.068575</timestamp>
			</report>
			<report>
				<misses>659900001</misses>
				<total>0</total>
				<timestamp>4190.693485</timestamp>
			</report>
			<report>
				<misses>660000001</misses>
				<total>0</total>
				<timestamp>4191.319309</timestamp>
			</report>
			<report>
				<misses>660100001</misses>
				<total>0</total>
				<timestamp>4191.945281</timestamp>
			</report>
			<report>
				<misses>660200001</misses>
				<total>0</total>
				<timestamp>4192.570760</timestamp>
			</report>
			<report>
				<misses>660300001</misses>
				<total>0</total>
				<timestamp>4193.197066</timestamp>
			</report>
			<report>
				<misses>660400001</misses>
				<total>0</total>
				<timestamp>4193.823230</timestamp>
			</report>
			<report>
				<misses>660500001</misses>
				<total>0</total>
				<timestamp>4194.448813</timestamp>
			</report>
			<report>
				<misses>660600001</misses>
				<total>0</total>
				<timestamp>4195.082528</timestamp>
			</report>
			<report>
				<misses>660700001</misses>
				<total>0</total>
				<timestamp>4195.713293</timestamp>
			</report>
			<report>
				<misses>660800001</misses>
				<total>0</total>
				<timestamp>4196.344035</timestamp>
			</report>
			<report>
				<misses>660900001</misses>
				<total>0</total>
				<timestamp>4196.973773</timestamp>
			</report>
			<report>
				<misses>661000001</misses>
				<total>0</total>
				<timestamp>4197.601666</timestamp>
			</report>
			<report>
				<misses>661100001</misses>
				<total>0</total>
				<timestamp>4198.236659</timestamp>
			</report>
			<report>
				<misses>661200001</misses>
				<total>0</total>
				<timestamp>4198.860577</timestamp>
			</report>
			<report>
				<misses>661300001</misses>
				<total>0</total>
				<timestamp>4199.484418</timestamp>
			</report>
			<report>
				<misses>661400001</misses>
				<total>0</total>
				<timestamp>4200.110339</timestamp>
			</report>
			<report>
				<misses>661500001</misses>
				<total>0</total>
				<timestamp>4200.740192</timestamp>
			</report>
			<report>
				<misses>661600001</misses>
				<total>0</total>
				<timestamp>4201.365944</timestamp>
			</report>
			<report>
				<misses>661700001</misses>
				<total>0</total>
				<timestamp>4201.995038</timestamp>
			</report>
			<report>
				<misses>661800001</misses>
				<total>0</total>
				<timestamp>4202.622031</timestamp>
			</report>
			<report>
				<misses>661900001</misses>
				<total>0</total>
				<timestamp>4203.257672</timestamp>
			</report>
			<report>
				<misses>662000001</misses>
				<total>0</total>
				<timestamp>4203.891519</timestamp>
			</report>
			<report>
				<misses>662100001</misses>
				<total>0</total>
				<timestamp>4204.523485</timestamp>
			</report>
			<report>
				<misses>662200001</misses>
				<total>0</total>
				<timestamp>4205.156019</timestamp>
			</report>
			<report>
				<misses>662300001</misses>
				<total>0</total>
				<timestamp>4205.787678</timestamp>
			</report>
			<report>
				<misses>662400001</misses>
				<total>0</total>
				<timestamp>4206.413872</timestamp>
			</report>
			<report>
				<misses>662500001</misses>
				<total>0</total>
				<timestamp>4207.041598</timestamp>
			</report>
			<report>
				<misses>662600001</misses>
				<total>0</total>
				<timestamp>4207.671660</timestamp>
			</report>
			<report>
				<misses>662700001</misses>
				<total>0</total>
				<timestamp>4208.300411</timestamp>
			</report>
			<report>
				<misses>662800001</misses>
				<total>0</total>
				<timestamp>4208.931269</timestamp>
			</report>
			<report>
				<misses>662900001</misses>
				<total>0</total>
				<timestamp>4209.571596</timestamp>
			</report>
			<report>
				<misses>663000001</misses>
				<total>0</total>
				<timestamp>4210.211121</timestamp>
			</report>
			<report>
				<misses>663100001</misses>
				<total>0</total>
				<timestamp>4210.844286</timestamp>
			</report>
			<report>
				<misses>663200001</misses>
				<total>0</total>
				<timestamp>4211.478146</timestamp>
			</report>
			<report>
				<misses>663300001</misses>
				<total>0</total>
				<timestamp>4212.113387</timestamp>
			</report>
			<report>
				<misses>663400001</misses>
				<total>0</total>
				<timestamp>4212.751023</timestamp>
			</report>
			<report>
				<misses>663500001</misses>
				<total>0</total>
				<timestamp>4213.386079</timestamp>
			</report>
			<report>
				<misses>663600001</misses>
				<total>0</total>
				<timestamp>4214.021670</timestamp>
			</report>
			<report>
				<misses>663700001</misses>
				<total>0</total>
				<timestamp>4214.656301</timestamp>
			</report>
			<report>
				<misses>663800001</misses>
				<total>0</total>
				<timestamp>4215.292669</timestamp>
			</report>
			<report>
				<misses>663900001</misses>
				<total>0</total>
				<timestamp>4215.928209</timestamp>
			</report>
			<report>
				<misses>664000001</misses>
				<total>0</total>
				<timestamp>4216.563527</timestamp>
			</report>
			<report>
				<misses>664100001</misses>
				<total>0</total>
				<timestamp>4217.195878</timestamp>
			</report>
			<report>
				<misses>664200001</misses>
				<total>0</total>
				<timestamp>4217.822665</timestamp>
			</report>
			<report>
				<misses>664300001</misses>
				<total>0</total>
				<timestamp>4218.450855</timestamp>
			</report>
			<report>
				<misses>664400001</misses>
				<total>0</total>
				<timestamp>4219.078728</timestamp>
			</report>
			<report>
				<misses>664500001</misses>
				<total>0</total>
				<timestamp>4219.708992</timestamp>
			</report>
			<report>
				<misses>664600001</misses>
				<total>0</total>
				<timestamp>4220.336570</timestamp>
			</report>
			<report>
				<misses>664700001</misses>
				<total>0</total>
				<timestamp>4220.963102</timestamp>
			</report>
			<report>
				<misses>664800001</misses>
				<total>0</total>
				<timestamp>4221.589701</timestamp>
			</report>
			<report>
				<misses>664900001</misses>
				<total>0</total>
				<timestamp>4222.216661</timestamp>
			</report>
			<report>
				<misses>665000001</misses>
				<total>0</total>
				<timestamp>4222.848266</timestamp>
			</report>
			<report>
				<misses>665100001</misses>
				<total>0</total>
				<timestamp>4223.480459</timestamp>
			</report>
			<report>
				<misses>665200001</misses>
				<total>0</total>
				<timestamp>4224.111338</timestamp>
			</report>
			<report>
				<misses>665300001</misses>
				<total>0</total>
				<timestamp>4224.746747</timestamp>
			</report>
			<report>
				<misses>665400001</misses>
				<total>0</total>
				<timestamp>4225.375949</timestamp>
			</report>
			<report>
				<misses>665500001</misses>
				<total>0</total>
				<timestamp>4226.024453</timestamp>
			</report>
			<report>
				<misses>665600001</misses>
				<total>0</total>
				<timestamp>4226.660709</timestamp>
			</report>
			<report>
				<misses>665700001</misses>
				<total>0</total>
				<timestamp>4227.297921</timestamp>
			</report>
			<report>
				<misses>665800001</misses>
				<total>0</total>
				<timestamp>4227.933673</timestamp>
			</report>
			<report>
				<misses>665900001</misses>
				<total>0</total>
				<timestamp>4228.563789</timestamp>
			</report>
			<report>
				<misses>666000001</misses>
				<total>0</total>
				<timestamp>4229.189847</timestamp>
			</report>
			<report>
				<misses>666100001</misses>
				<total>0</total>
				<timestamp>4229.816220</timestamp>
			</report>
			<report>
				<misses>666200001</misses>
				<total>0</total>
				<timestamp>4230.442276</timestamp>
			</report>
			<report>
				<misses>666300001</misses>
				<total>0</total>
				<timestamp>4231.068568</timestamp>
			</report>
			<report>
				<misses>666400001</misses>
				<total>0</total>
				<timestamp>4231.695222</timestamp>
			</report>
			<report>
				<misses>666500001</misses>
				<total>0</total>
				<timestamp>4232.321717</timestamp>
			</report>
			<report>
				<misses>666600001</misses>
				<total>0</total>
				<timestamp>4232.947326</timestamp>
			</report>
			<report>
				<misses>666700001</misses>
				<total>0</total>
				<timestamp>4233.574348</timestamp>
			</report>
			<report>
				<misses>666800001</misses>
				<total>0</total>
				<timestamp>4234.206171</timestamp>
			</report>
			<report>
				<misses>666900001</misses>
				<total>0</total>
				<timestamp>4234.835544</timestamp>
			</report>
			<report>
				<misses>667000001</misses>
				<total>0</total>
				<timestamp>4235.464957</timestamp>
			</report>
			<report>
				<misses>667100001</misses>
				<total>0</total>
				<timestamp>4236.095901</timestamp>
			</report>
			<report>
				<misses>667200001</misses>
				<total>0</total>
				<timestamp>4236.723737</timestamp>
			</report>
			<report>
				<misses>667300001</misses>
				<total>0</total>
				<timestamp>4237.352423</timestamp>
			</report>
			<report>
				<misses>667400001</misses>
				<total>0</total>
				<timestamp>4237.982154</timestamp>
			</report>
			<report>
				<misses>667500001</misses>
				<total>0</total>
				<timestamp>4238.611704</timestamp>
			</report>
			<report>
				<misses>667600001</misses>
				<total>0</total>
				<timestamp>4239.241324</timestamp>
			</report>
			<report>
				<misses>667700001</misses>
				<total>0</total>
				<timestamp>4239.869481</timestamp>
			</report>
			<report>
				<misses>667800001</misses>
				<total>0</total>
				<timestamp>4240.498208</timestamp>
			</report>
			<report>
				<misses>667900001</misses>
				<total>0</total>
				<timestamp>4241.127525</timestamp>
			</report>
			<report>
				<misses>668000001</misses>
				<total>0</total>
				<timestamp>4241.756734</timestamp>
			</report>
			<report>
				<misses>668100001</misses>
				<total>0</total>
				<timestamp>4242.383568</timestamp>
			</report>
			<report>
				<misses>668200001</misses>
				<total>0</total>
				<timestamp>4243.008687</timestamp>
			</report>
			<report>
				<misses>668300001</misses>
				<total>0</total>
				<timestamp>4243.633527</timestamp>
			</report>
			<report>
				<misses>668400001</misses>
				<total>0</total>
				<timestamp>4244.258620</timestamp>
			</report>
			<report>
				<misses>668500001</misses>
				<total>0</total>
				<timestamp>4244.883445</timestamp>
			</report>
			<report>
				<misses>668600001</misses>
				<total>0</total>
				<timestamp>4245.508238</timestamp>
			</report>
			<report>
				<misses>668700001</misses>
				<total>0</total>
				<timestamp>4246.134376</timestamp>
			</report>
			<report>
				<misses>668800001</misses>
				<total>0</total>
				<timestamp>4246.764653</timestamp>
			</report>
			<report>
				<misses>668900001</misses>
				<total>0</total>
				<timestamp>4247.406016</timestamp>
			</report>
			<report>
				<misses>669000001</misses>
				<total>0</total>
				<timestamp>4248.034697</timestamp>
			</report>
			<report>
				<misses>669100001</misses>
				<total>0</total>
				<timestamp>4248.663816</timestamp>
			</report>
			<report>
				<misses>669200001</misses>
				<total>0</total>
				<timestamp>4249.289878</timestamp>
			</report>
			<report>
				<misses>669300001</misses>
				<total>0</total>
				<timestamp>4249.922690</timestamp>
			</report>
			<report>
				<misses>669400001</misses>
				<total>0</total>
				<timestamp>4250.548810</timestamp>
			</report>
			<report>
				<misses>669500001</misses>
				<total>0</total>
				<timestamp>4251.174585</timestamp>
			</report>
			<report>
				<misses>669600001</misses>
				<total>0</total>
				<timestamp>4251.800476</timestamp>
			</report>
			<report>
				<misses>669700001</misses>
				<total>0</total>
				<timestamp>4252.426862</timestamp>
			</report>
			<report>
				<misses>669800001</misses>
				<total>0</total>
				<timestamp>4253.052454</timestamp>
			</report>
			<report>
				<misses>669900001</misses>
				<total>0</total>
				<timestamp>4253.678210</timestamp>
			</report>
			<report>
				<misses>670000001</misses>
				<total>0</total>
				<timestamp>4254.303737</timestamp>
			</report>
			<report>
				<misses>670100001</misses>
				<total>0</total>
				<timestamp>4254.933901</timestamp>
			</report>
			<report>
				<misses>670200001</misses>
				<total>0</total>
				<timestamp>4255.559702</timestamp>
			</report>
			<report>
				<misses>670300001</misses>
				<total>0</total>
				<timestamp>4256.185324</timestamp>
			</report>
			<report>
				<misses>670400001</misses>
				<total>0</total>
				<timestamp>4256.810535</timestamp>
			</report>
			<report>
				<misses>670500001</misses>
				<total>0</total>
				<timestamp>4257.436086</timestamp>
			</report>
			<report>
				<misses>670600001</misses>
				<total>0</total>
				<timestamp>4258.062476</timestamp>
			</report>
			<report>
				<misses>670700001</misses>
				<total>0</total>
				<timestamp>4258.689617</timestamp>
			</report>
			<report>
				<misses>670800001</misses>
				<total>0</total>
				<timestamp>4259.326418</timestamp>
			</report>
			<report>
				<misses>670900001</misses>
				<total>0</total>
				<timestamp>4259.955489</timestamp>
			</report>
			<report>
				<misses>671000001</misses>
				<total>0</total>
				<timestamp>4260.583754</timestamp>
			</report>
			<report>
				<misses>671100001</misses>
				<total>0</total>
				<timestamp>4261.212497</timestamp>
			</report>
			<report>
				<misses>671200001</misses>
				<total>0</total>
				<timestamp>4261.842326</timestamp>
			</report>
			<report>
				<misses>671300001</misses>
				<total>0</total>
				<timestamp>4262.470978</timestamp>
			</report>
			<report>
				<misses>671400001</misses>
				<total>0</total>
				<timestamp>4263.105378</timestamp>
			</report>
			<report>
				<misses>671500001</misses>
				<total>0</total>
				<timestamp>4263.732437</timestamp>
			</report>
			<report>
				<misses>671600001</misses>
				<total>0</total>
				<timestamp>4264.360137</timestamp>
			</report>
			<report>
				<misses>671700001</misses>
				<total>0</total>
				<timestamp>4264.988260</timestamp>
			</report>
			<report>
				<misses>671800001</misses>
				<total>0</total>
				<timestamp>4265.615888</timestamp>
			</report>
			<report>
				<misses>671900001</misses>
				<total>0</total>
				<timestamp>4266.244499</timestamp>
			</report>
			<report>
				<misses>672000001</misses>
				<total>0</total>
				<timestamp>4266.872535</timestamp>
			</report>
			<report>
				<misses>672100001</misses>
				<total>0</total>
				<timestamp>4267.501498</timestamp>
			</report>
			<report>
				<misses>672200001</misses>
				<total>0</total>
				<timestamp>4268.129604</timestamp>
			</report>
			<report>
				<misses>672300001</misses>
				<total>0</total>
				<timestamp>4268.757318</timestamp>
			</report>
			<report>
				<misses>672400001</misses>
				<total>0</total>
				<timestamp>4269.385259</timestamp>
			</report>
			<report>
				<misses>672500001</misses>
				<total>0</total>
				<timestamp>4270.012961</timestamp>
			</report>
			<report>
				<misses>672600001</misses>
				<total>0</total>
				<timestamp>4270.640424</timestamp>
			</report>
			<report>
				<misses>672700001</misses>
				<total>0</total>
				<timestamp>4271.267971</timestamp>
			</report>
			<report>
				<misses>672800001</misses>
				<total>0</total>
				<timestamp>4271.896680</timestamp>
			</report>
			<report>
				<misses>672900001</misses>
				<total>0</total>
				<timestamp>4272.526464</timestamp>
			</report>
			<report>
				<misses>673000001</misses>
				<total>0</total>
				<timestamp>4273.155700</timestamp>
			</report>
			<report>
				<misses>673100001</misses>
				<total>0</total>
				<timestamp>4273.788647</timestamp>
			</report>
			<report>
				<misses>673200001</misses>
				<total>0</total>
				<timestamp>4274.417662</timestamp>
			</report>
			<report>
				<misses>673300001</misses>
				<total>0</total>
				<timestamp>4275.047755</timestamp>
			</report>
			<report>
				<misses>673400001</misses>
				<total>0</total>
				<timestamp>4275.680398</timestamp>
			</report>
			<report>
				<misses>673500001</misses>
				<total>0</total>
				<timestamp>4276.313177</timestamp>
			</report>
			<report>
				<misses>673600001</misses>
				<total>0</total>
				<timestamp>4276.963707</timestamp>
			</report>
			<report>
				<misses>673700001</misses>
				<total>0</total>
				<timestamp>4277.607711</timestamp>
			</report>
			<report>
				<misses>673800001</misses>
				<total>0</total>
				<timestamp>4278.269672</timestamp>
			</report>
			<report>
				<misses>673900001</misses>
				<total>0</total>
				<timestamp>4278.943648</timestamp>
			</report>
			<report>
				<misses>674000001</misses>
				<total>0</total>
				<timestamp>4279.618914</timestamp>
			</report>
			<report>
				<misses>674100001</misses>
				<total>0</total>
				<timestamp>4280.328910</timestamp>
			</report>
			<report>
				<misses>674200001</misses>
				<total>0</total>
				<timestamp>4281.042021</timestamp>
			</report>
			<report>
				<misses>674300001</misses>
				<total>0</total>
				<timestamp>4281.770477</timestamp>
			</report>
			<report>
				<misses>674400001</misses>
				<total>0</total>
				<timestamp>4282.409484</timestamp>
			</report>
			<report>
				<misses>674500001</misses>
				<total>0</total>
				<timestamp>4283.047891</timestamp>
			</report>
			<report>
				<misses>674600001</misses>
				<total>0</total>
				<timestamp>4283.681519</timestamp>
			</report>
			<report>
				<misses>674700001</misses>
				<total>0</total>
				<timestamp>4284.311215</timestamp>
			</report>
			<report>
				<misses>674800001</misses>
				<total>0</total>
				<timestamp>4284.937782</timestamp>
			</report>
			<report>
				<misses>674900001</misses>
				<total>0</total>
				<timestamp>4285.564308</timestamp>
			</report>
			<report>
				<misses>675000001</misses>
				<total>0</total>
				<timestamp>4286.198207</timestamp>
			</report>
			<report>
				<misses>675100001</misses>
				<total>0</total>
				<timestamp>4286.824758</timestamp>
			</report>
			<report>
				<misses>675200001</misses>
				<total>0</total>
				<timestamp>4287.449304</timestamp>
			</report>
			<report>
				<misses>675300001</misses>
				<total>0</total>
				<timestamp>4288.077450</timestamp>
			</report>
			<report>
				<misses>675400001</misses>
				<total>0</total>
				<timestamp>4288.722397</timestamp>
			</report>
			<report>
				<misses>675500001</misses>
				<total>0</total>
				<timestamp>4289.410044</timestamp>
			</report>
			<report>
				<misses>675600001</misses>
				<total>0</total>
				<timestamp>4290.116107</timestamp>
			</report>
			<report>
				<misses>675700001</misses>
				<total>0</total>
				<timestamp>4290.824356</timestamp>
			</report>
			<report>
				<misses>675800001</misses>
				<total>0</total>
				<timestamp>4291.462111</timestamp>
			</report>
			<report>
				<misses>675900001</misses>
				<total>0</total>
				<timestamp>4292.099222</timestamp>
			</report>
			<report>
				<misses>676000001</misses>
				<total>0</total>
				<timestamp>4292.736641</timestamp>
			</report>
			<report>
				<misses>676100001</misses>
				<total>0</total>
				<timestamp>4293.371449</timestamp>
			</report>
			<report>
				<misses>676200001</misses>
				<total>0</total>
				<timestamp>4294.006369</timestamp>
			</report>
			<report>
				<misses>676300001</misses>
				<total>0</total>
				<timestamp>4294.645367</timestamp>
			</report>
			<report>
				<misses>676400001</misses>
				<total>0</total>
				<timestamp>4295.293907</timestamp>
			</report>
			<report>
				<misses>676500001</misses>
				<total>0</total>
				<timestamp>4296.014171</timestamp>
			</report>
			<report>
				<misses>676600001</misses>
				<total>0</total>
				<timestamp>4296.713004</timestamp>
			</report>
			<report>
				<misses>676700001</misses>
				<total>0</total>
				<timestamp>4297.402999</timestamp>
			</report>
			<report>
				<misses>676800001</misses>
				<total>0</total>
				<timestamp>4298.040506</timestamp>
			</report>
			<report>
				<misses>676900001</misses>
				<total>0</total>
				<timestamp>4298.693577</timestamp>
			</report>
			<report>
				<misses>677000001</misses>
				<total>0</total>
				<timestamp>4299.412288</timestamp>
			</report>
			<report>
				<misses>677100001</misses>
				<total>0</total>
				<timestamp>4300.092474</timestamp>
			</report>
			<report>
				<misses>677200001</misses>
				<total>0</total>
				<timestamp>4300.741883</timestamp>
			</report>
			<report>
				<misses>677300001</misses>
				<total>0</total>
				<timestamp>4301.371412</timestamp>
			</report>
			<report>
				<misses>677400001</misses>
				<total>0</total>
				<timestamp>4302.040884</timestamp>
			</report>
			<report>
				<misses>677500001</misses>
				<total>0</total>
				<timestamp>4302.682850</timestamp>
			</report>
			<report>
				<misses>677600001</misses>
				<total>0</total>
				<timestamp>4303.330687</timestamp>
			</report>
			<report>
				<misses>677700001</misses>
				<total>0</total>
				<timestamp>4303.995782</timestamp>
			</report>
			<report>
				<misses>677800001</misses>
				<total>0</total>
				<timestamp>4304.623760</timestamp>
			</report>
			<report>
				<misses>677900001</misses>
				<total>0</total>
				<timestamp>4305.260743</timestamp>
			</report>
			<report>
				<misses>678000001</misses>
				<total>0</total>
				<timestamp>4305.928342</timestamp>
			</report>
			<report>
				<misses>678100001</misses>
				<total>0</total>
				<timestamp>4306.586674</timestamp>
			</report>
			<report>
				<misses>678200001</misses>
				<total>0</total>
				<timestamp>4307.248014</timestamp>
			</report>
			<report>
				<misses>678300001</misses>
				<total>0</total>
				<timestamp>4307.939937</timestamp>
			</report>
			<report>
				<misses>678400001</misses>
				<total>0</total>
				<timestamp>4308.650058</timestamp>
			</report>
			<report>
				<misses>678500001</misses>
				<total>0</total>
				<timestamp>4309.353318</timestamp>
			</report>
			<report>
				<misses>678600001</misses>
				<total>0</total>
				<timestamp>4310.056407</timestamp>
			</report>
			<report>
				<misses>678700001</misses>
				<total>0</total>
				<timestamp>4310.770938</timestamp>
			</report>
			<report>
				<misses>678800001</misses>
				<total>0</total>
				<timestamp>4311.486926</timestamp>
			</report>
			<report>
				<misses>678900001</misses>
				<total>0</total>
				<timestamp>4312.201258</timestamp>
			</report>
			<report>
				<misses>679000001</misses>
				<total>0</total>
				<timestamp>4312.921418</timestamp>
			</report>
			<report>
				<misses>679100001</misses>
				<total>0</total>
				<timestamp>4313.604652</timestamp>
			</report>
			<report>
				<misses>679200001</misses>
				<total>0</total>
				<timestamp>4314.258824</timestamp>
			</report>
			<report>
				<misses>679300001</misses>
				<total>0</total>
				<timestamp>4314.905990</timestamp>
			</report>
			<report>
				<misses>679400001</misses>
				<total>0</total>
				<timestamp>4315.541884</timestamp>
			</report>
			<report>
				<misses>679500001</misses>
				<total>0</total>
				<timestamp>4316.185604</timestamp>
			</report>
			<report>
				<misses>679600001</misses>
				<total>0</total>
				<timestamp>4316.854111</timestamp>
			</report>
			<report>
				<misses>679700001</misses>
				<total>0</total>
				<timestamp>4317.495487</timestamp>
			</report>
			<report>
				<misses>679800001</misses>
				<total>0</total>
				<timestamp>4318.121865</timestamp>
			</report>
			<report>
				<misses>679900001</misses>
				<total>0</total>
				<timestamp>4318.748267</timestamp>
			</report>
			<report>
				<misses>680000001</misses>
				<total>0</total>
				<timestamp>4319.373225</timestamp>
			</report>
			<report>
				<misses>680100001</misses>
				<total>0</total>
				<timestamp>4319.997910</timestamp>
			</report>
			<report>
				<misses>680200001</misses>
				<total>0</total>
				<timestamp>4320.622571</timestamp>
			</report>
			<report>
				<misses>680300001</misses>
				<total>0</total>
				<timestamp>4321.258759</timestamp>
			</report>
			<report>
				<misses>680400001</misses>
				<total>0</total>
				<timestamp>4321.888887</timestamp>
			</report>
			<report>
				<misses>680500001</misses>
				<total>0</total>
				<timestamp>4322.520591</timestamp>
			</report>
			<report>
				<misses>680600001</misses>
				<total>0</total>
				<timestamp>4323.154215</timestamp>
			</report>
			<report>
				<misses>680700001</misses>
				<total>0</total>
				<timestamp>4323.784582</timestamp>
			</report>
			<report>
				<misses>680800001</misses>
				<total>0</total>
				<timestamp>4324.421730</timestamp>
			</report>
			<report>
				<misses>680900001</misses>
				<total>0</total>
				<timestamp>4325.067313</timestamp>
			</report>
			<report>
				<misses>681000001</misses>
				<total>0</total>
				<timestamp>4325.718197</timestamp>
			</report>
			<report>
				<misses>681100001</misses>
				<total>0</total>
				<timestamp>4326.412633</timestamp>
			</report>
			<report>
				<misses>681200001</misses>
				<total>0</total>
				<timestamp>4327.045534</timestamp>
			</report>
			<report>
				<misses>681300001</misses>
				<total>0</total>
				<timestamp>4327.676219</timestamp>
			</report>
			<report>
				<misses>681400001</misses>
				<total>0</total>
				<timestamp>4328.305396</timestamp>
			</report>
			<report>
				<misses>681500001</misses>
				<total>0</total>
				<timestamp>4328.935754</timestamp>
			</report>
			<report>
				<misses>681600001</misses>
				<total>0</total>
				<timestamp>4329.565463</timestamp>
			</report>
			<report>
				<misses>681700001</misses>
				<total>0</total>
				<timestamp>4330.203537</timestamp>
			</report>
			<report>
				<misses>681800001</misses>
				<total>0</total>
				<timestamp>4330.834297</timestamp>
			</report>
			<report>
				<misses>681900001</misses>
				<total>0</total>
				<timestamp>4331.466186</timestamp>
			</report>
			<report>
				<misses>682000001</misses>
				<total>0</total>
				<timestamp>4332.101313</timestamp>
			</report>
			<report>
				<misses>682100001</misses>
				<total>0</total>
				<timestamp>4332.734493</timestamp>
			</report>
			<report>
				<misses>682200001</misses>
				<total>0</total>
				<timestamp>4333.369425</timestamp>
			</report>
			<report>
				<misses>682300001</misses>
				<total>0</total>
				<timestamp>4334.004105</timestamp>
			</report>
			<report>
				<misses>682400001</misses>
				<total>0</total>
				<timestamp>4334.645923</timestamp>
			</report>
			<report>
				<misses>682500001</misses>
				<total>0</total>
				<timestamp>4335.306640</timestamp>
			</report>
			<report>
				<misses>682600001</misses>
				<total>0</total>
				<timestamp>4335.959794</timestamp>
			</report>
			<report>
				<misses>682700001</misses>
				<total>0</total>
				<timestamp>4336.607029</timestamp>
			</report>
			<report>
				<misses>682800001</misses>
				<total>0</total>
				<timestamp>4337.252204</timestamp>
			</report>
			<report>
				<misses>682900001</misses>
				<total>0</total>
				<timestamp>4337.882366</timestamp>
			</report>
			<report>
				<misses>683000001</misses>
				<total>0</total>
				<timestamp>4338.518500</timestamp>
			</report>
			<report>
				<misses>683100001</misses>
				<total>0</total>
				<timestamp>4339.163610</timestamp>
			</report>
			<report>
				<misses>683200001</misses>
				<total>0</total>
				<timestamp>4339.794507</timestamp>
			</report>
			<report>
				<misses>683300001</misses>
				<total>0</total>
				<timestamp>4340.427824</timestamp>
			</report>
			<report>
				<misses>683400001</misses>
				<total>0</total>
				<timestamp>4341.063723</timestamp>
			</report>
			<report>
				<misses>683500001</misses>
				<total>0</total>
				<timestamp>4341.701635</timestamp>
			</report>
			<report>
				<misses>683600001</misses>
				<total>0</total>
				<timestamp>4342.337937</timestamp>
			</report>
			<report>
				<misses>683700001</misses>
				<total>0</total>
				<timestamp>4342.973257</timestamp>
			</report>
			<report>
				<misses>683800001</misses>
				<total>0</total>
				<timestamp>4343.607602</timestamp>
			</report>
			<report>
				<misses>683900001</misses>
				<total>0</total>
				<timestamp>4344.243300</timestamp>
			</report>
			<report>
				<misses>684000001</misses>
				<total>0</total>
				<timestamp>4344.879184</timestamp>
			</report>
			<report>
				<misses>684100001</misses>
				<total>0</total>
				<timestamp>4345.514685</timestamp>
			</report>
			<report>
				<misses>684200001</misses>
				<total>0</total>
				<timestamp>4346.149959</timestamp>
			</report>
			<report>
				<misses>684300001</misses>
				<total>0</total>
				<timestamp>4346.785763</timestamp>
			</report>
			<report>
				<misses>684400001</misses>
				<total>0</total>
				<timestamp>4347.420202</timestamp>
			</report>
			<report>
				<misses>684500001</misses>
				<total>0</total>
				<timestamp>4348.055267</timestamp>
			</report>
			<report>
				<misses>684600001</misses>
				<total>0</total>
				<timestamp>4348.691125</timestamp>
			</report>
			<report>
				<misses>684700001</misses>
				<total>0</total>
				<timestamp>4349.327131</timestamp>
			</report>
			<report>
				<misses>684800001</misses>
				<total>0</total>
				<timestamp>4349.962246</timestamp>
			</report>
			<report>
				<misses>684900001</misses>
				<total>0</total>
				<timestamp>4350.597634</timestamp>
			</report>
			<report>
				<misses>685000001</misses>
				<total>0</total>
				<timestamp>4351.232386</timestamp>
			</report>
			<report>
				<misses>685100001</misses>
				<total>0</total>
				<timestamp>4351.867539</timestamp>
			</report>
			<report>
				<misses>685200001</misses>
				<total>0</total>
				<timestamp>4352.503089</timestamp>
			</report>
			<report>
				<misses>685300001</misses>
				<total>0</total>
				<timestamp>4353.142938</timestamp>
			</report>
			<report>
				<misses>685400001</misses>
				<total>0</total>
				<timestamp>4353.777211</timestamp>
			</report>
			<report>
				<misses>685500001</misses>
				<total>0</total>
				<timestamp>4354.411390</timestamp>
			</report>
			<report>
				<misses>685600001</misses>
				<total>0</total>
				<timestamp>4355.047212</timestamp>
			</report>
			<report>
				<misses>685700001</misses>
				<total>0</total>
				<timestamp>4355.683363</timestamp>
			</report>
			<report>
				<misses>685800001</misses>
				<total>0</total>
				<timestamp>4356.317236</timestamp>
			</report>
			<report>
				<misses>685900001</misses>
				<total>0</total>
				<timestamp>4356.952325</timestamp>
			</report>
			<report>
				<misses>686000001</misses>
				<total>0</total>
				<timestamp>4357.586942</timestamp>
			</report>
			<report>
				<misses>686100001</misses>
				<total>0</total>
				<timestamp>4358.221270</timestamp>
			</report>
			<report>
				<misses>686200001</misses>
				<total>0</total>
				<timestamp>4358.857794</timestamp>
			</report>
			<report>
				<misses>686300001</misses>
				<total>0</total>
				<timestamp>4359.495832</timestamp>
			</report>
			<report>
				<misses>686400001</misses>
				<total>0</total>
				<timestamp>4360.136933</timestamp>
			</report>
			<report>
				<misses>686500001</misses>
				<total>0</total>
				<timestamp>4360.799323</timestamp>
			</report>
			<report>
				<misses>686600001</misses>
				<total>0</total>
				<timestamp>4361.432748</timestamp>
			</report>
			<report>
				<misses>686700001</misses>
				<total>0</total>
				<timestamp>4362.066748</timestamp>
			</report>
			<report>
				<misses>686800001</misses>
				<total>0</total>
				<timestamp>4362.699250</timestamp>
			</report>
			<report>
				<misses>686900001</misses>
				<total>0</total>
				<timestamp>4363.333935</timestamp>
			</report>
			<report>
				<misses>687000001</misses>
				<total>0</total>
				<timestamp>4363.968707</timestamp>
			</report>
			<report>
				<misses>687100001</misses>
				<total>0</total>
				<timestamp>4364.602891</timestamp>
			</report>
			<report>
				<misses>687200001</misses>
				<total>0</total>
				<timestamp>4365.238376</timestamp>
			</report>
			<report>
				<misses>687300001</misses>
				<total>0</total>
				<timestamp>4365.882832</timestamp>
			</report>
			<report>
				<misses>687400001</misses>
				<total>0</total>
				<timestamp>4366.530386</timestamp>
			</report>
			<report>
				<misses>687500001</misses>
				<total>0</total>
				<timestamp>4367.178079</timestamp>
			</report>
			<report>
				<misses>687600001</misses>
				<total>0</total>
				<timestamp>4367.825479</timestamp>
			</report>
			<report>
				<misses>687700001</misses>
				<total>0</total>
				<timestamp>4368.472579</timestamp>
			</report>
			<report>
				<misses>687800001</misses>
				<total>0</total>
				<timestamp>4369.120506</timestamp>
			</report>
			<report>
				<misses>687900001</misses>
				<total>0</total>
				<timestamp>4369.768410</timestamp>
			</report>
			<report>
				<misses>688000001</misses>
				<total>0</total>
				<timestamp>4370.416367</timestamp>
			</report>
			<report>
				<misses>688100001</misses>
				<total>0</total>
				<timestamp>4371.063569</timestamp>
			</report>
			<report>
				<misses>688200001</misses>
				<total>0</total>
				<timestamp>4371.709620</timestamp>
			</report>
			<report>
				<misses>688300001</misses>
				<total>0</total>
				<timestamp>4372.356298</timestamp>
			</report>
			<report>
				<misses>688400001</misses>
				<total>0</total>
				<timestamp>4373.003466</timestamp>
			</report>
			<report>
				<misses>688500001</misses>
				<total>0</total>
				<timestamp>4373.650144</timestamp>
			</report>
			<report>
				<misses>688600001</misses>
				<total>0</total>
				<timestamp>4374.296765</timestamp>
			</report>
			<report>
				<misses>688700001</misses>
				<total>0</total>
				<timestamp>4374.943056</timestamp>
			</report>
			<report>
				<misses>688800001</misses>
				<total>0</total>
				<timestamp>4375.589337</timestamp>
			</report>
			<report>
				<misses>688900001</misses>
				<total>0</total>
				<timestamp>4376.237131</timestamp>
			</report>
			<report>
				<misses>689000001</misses>
				<total>0</total>
				<timestamp>4376.883959</timestamp>
			</report>
			<report>
				<misses>689100001</misses>
				<total>0</total>
				<timestamp>4377.530946</timestamp>
			</report>
			<report>
				<misses>689200001</misses>
				<total>0</total>
				<timestamp>4378.177423</timestamp>
			</report>
			<report>
				<misses>689300001</misses>
				<total>0</total>
				<timestamp>4378.825421</timestamp>
			</report>
			<report>
				<misses>689400001</misses>
				<total>0</total>
				<timestamp>4379.473260</timestamp>
			</report>
			<report>
				<misses>689500001</misses>
				<total>0</total>
				<timestamp>4380.121958</timestamp>
			</report>
			<report>
				<misses>689600001</misses>
				<total>0</total>
				<timestamp>4380.770411</timestamp>
			</report>
			<report>
				<misses>689700001</misses>
				<total>0</total>
				<timestamp>4381.418521</timestamp>
			</report>
			<report>
				<misses>689800001</misses>
				<total>0</total>
				<timestamp>4382.066397</timestamp>
			</report>
			<report>
				<misses>689900001</misses>
				<total>0</total>
				<timestamp>4382.714208</timestamp>
			</report>
			<report>
				<misses>690000001</misses>
				<total>0</total>
				<timestamp>4383.362085</timestamp>
			</report>
			<report>
				<misses>690100001</misses>
				<total>0</total>
				<timestamp>4384.009417</timestamp>
			</report>
			<report>
				<misses>690200001</misses>
				<total>0</total>
				<timestamp>4384.654141</timestamp>
			</report>
			<report>
				<misses>690300001</misses>
				<total>0</total>
				<timestamp>4385.287575</timestamp>
			</report>
			<report>
				<misses>690400001</misses>
				<total>0</total>
				<timestamp>4385.930947</timestamp>
			</report>
			<report>
				<misses>690500001</misses>
				<total>0</total>
				<timestamp>4386.571134</timestamp>
			</report>
			<report>
				<misses>690600001</misses>
				<total>0</total>
				<timestamp>4387.205070</timestamp>
			</report>
			<report>
				<misses>690700001</misses>
				<total>0</total>
				<timestamp>4387.835148</timestamp>
			</report>
			<report>
				<misses>690800001</misses>
				<total>0</total>
				<timestamp>4388.481848</timestamp>
			</report>
			<report>
				<misses>690900001</misses>
				<total>0</total>
				<timestamp>4389.122127</timestamp>
			</report>
			<report>
				<misses>691000001</misses>
				<total>0</total>
				<timestamp>4389.763582</timestamp>
			</report>
			<report>
				<misses>691100001</misses>
				<total>0</total>
				<timestamp>4390.400220</timestamp>
			</report>
			<report>
				<misses>691200001</misses>
				<total>0</total>
				<timestamp>4391.038420</timestamp>
			</report>
			<report>
				<misses>691300001</misses>
				<total>0</total>
				<timestamp>4391.674662</timestamp>
			</report>
			<report>
				<misses>691400001</misses>
				<total>0</total>
				<timestamp>4392.312048</timestamp>
			</report>
			<report>
				<misses>691500001</misses>
				<total>0</total>
				<timestamp>4392.949206</timestamp>
			</report>
			<report>
				<misses>691600001</misses>
				<total>0</total>
				<timestamp>4393.589551</timestamp>
			</report>
			<report>
				<misses>691700001</misses>
				<total>0</total>
				<timestamp>4394.226502</timestamp>
			</report>
			<report>
				<misses>691800001</misses>
				<total>0</total>
				<timestamp>4394.862653</timestamp>
			</report>
			<report>
				<misses>691900001</misses>
				<total>0</total>
				<timestamp>4395.499118</timestamp>
			</report>
			<report>
				<misses>692000001</misses>
				<total>0</total>
				<timestamp>4396.135211</timestamp>
			</report>
			<report>
				<misses>692100001</misses>
				<total>0</total>
				<timestamp>4396.771442</timestamp>
			</report>
			<report>
				<misses>692200001</misses>
				<total>0</total>
				<timestamp>4397.407338</timestamp>
			</report>
			<report>
				<misses>692300001</misses>
				<total>0</total>
				<timestamp>4398.049431</timestamp>
			</report>
			<report>
				<misses>692400001</misses>
				<total>0</total>
				<timestamp>4398.685415</timestamp>
			</report>
			<report>
				<misses>692500001</misses>
				<total>0</total>
				<timestamp>4399.325043</timestamp>
			</report>
			<report>
				<misses>692600001</misses>
				<total>0</total>
				<timestamp>4399.961200</timestamp>
			</report>
			<report>
				<misses>692700001</misses>
				<total>0</total>
				<timestamp>4400.597048</timestamp>
			</report>
			<report>
				<misses>692800001</misses>
				<total>0</total>
				<timestamp>4401.232795</timestamp>
			</report>
			<report>
				<misses>692900001</misses>
				<total>0</total>
				<timestamp>4401.873834</timestamp>
			</report>
			<report>
				<misses>693000001</misses>
				<total>0</total>
				<timestamp>4402.510389</timestamp>
			</report>
			<report>
				<misses>693100001</misses>
				<total>0</total>
				<timestamp>4403.153537</timestamp>
			</report>
			<report>
				<misses>693200001</misses>
				<total>0</total>
				<timestamp>4403.789369</timestamp>
			</report>
			<report>
				<misses>693300001</misses>
				<total>0</total>
				<timestamp>4404.425397</timestamp>
			</report>
			<report>
				<misses>693400001</misses>
				<total>0</total>
				<timestamp>4405.061256</timestamp>
			</report>
			<report>
				<misses>693500001</misses>
				<total>0</total>
				<timestamp>4405.697196</timestamp>
			</report>
			<report>
				<misses>693600001</misses>
				<total>0</total>
				<timestamp>4406.335958</timestamp>
			</report>
			<report>
				<misses>693700001</misses>
				<total>0</total>
				<timestamp>4406.972074</timestamp>
			</report>
			<report>
				<misses>693800001</misses>
				<total>0</total>
				<timestamp>4407.607192</timestamp>
			</report>
			<report>
				<misses>693900001</misses>
				<total>0</total>
				<timestamp>4408.242796</timestamp>
			</report>
			<report>
				<misses>694000001</misses>
				<total>0</total>
				<timestamp>4408.880238</timestamp>
			</report>
			<report>
				<misses>694100001</misses>
				<total>0</total>
				<timestamp>4409.514883</timestamp>
			</report>
			<report>
				<misses>694200001</misses>
				<total>0</total>
				<timestamp>4410.151490</timestamp>
			</report>
			<report>
				<misses>694300001</misses>
				<total>0</total>
				<timestamp>4410.786584</timestamp>
			</report>
			<report>
				<misses>694400001</misses>
				<total>0</total>
				<timestamp>4411.421964</timestamp>
			</report>
			<report>
				<misses>694500001</misses>
				<total>0</total>
				<timestamp>4412.058037</timestamp>
			</report>
			<report>
				<misses>694600001</misses>
				<total>0</total>
				<timestamp>4412.683161</timestamp>
			</report>
			<report>
				<misses>694700001</misses>
				<total>0</total>
				<timestamp>4413.303123</timestamp>
			</report>
			<report>
				<misses>694800001</misses>
				<total>0</total>
				<timestamp>4413.932629</timestamp>
			</report>
			<report>
				<misses>694900001</misses>
				<total>0</total>
				<timestamp>4414.561256</timestamp>
			</report>
			<report>
				<misses>695000001</misses>
				<total>0</total>
				<timestamp>4415.189934</timestamp>
			</report>
			<report>
				<misses>695100001</misses>
				<total>0</total>
				<timestamp>4415.818145</timestamp>
			</report>
			<report>
				<misses>695200001</misses>
				<total>0</total>
				<timestamp>4416.447215</timestamp>
			</report>
			<report>
				<misses>695300001</misses>
				<total>0</total>
				<timestamp>4417.079142</timestamp>
			</report>
			<report>
				<misses>695400001</misses>
				<total>0</total>
				<timestamp>4417.726644</timestamp>
			</report>
			<report>
				<misses>695500001</misses>
				<total>0</total>
				<timestamp>4418.360011</timestamp>
			</report>
			<report>
				<misses>695600001</misses>
				<total>0</total>
				<timestamp>4418.994947</timestamp>
			</report>
			<report>
				<misses>695700001</misses>
				<total>0</total>
				<timestamp>4419.629213</timestamp>
			</report>
			<report>
				<misses>695800001</misses>
				<total>0</total>
				<timestamp>4420.263397</timestamp>
			</report>
			<report>
				<misses>695900001</misses>
				<total>0</total>
				<timestamp>4420.897810</timestamp>
			</report>
			<report>
				<misses>696000001</misses>
				<total>0</total>
				<timestamp>4421.532077</timestamp>
			</report>
			<report>
				<misses>696100001</misses>
				<total>0</total>
				<timestamp>4422.166059</timestamp>
			</report>
			<report>
				<misses>696200001</misses>
				<total>0</total>
				<timestamp>4422.799901</timestamp>
			</report>
			<report>
				<misses>696300001</misses>
				<total>0</total>
				<timestamp>4423.433700</timestamp>
			</report>
			<report>
				<misses>696400001</misses>
				<total>0</total>
				<timestamp>4424.067488</timestamp>
			</report>
			<report>
				<misses>696500001</misses>
				<total>0</total>
				<timestamp>4424.701318</timestamp>
			</report>
			<report>
				<misses>696600001</misses>
				<total>0</total>
				<timestamp>4425.335881</timestamp>
			</report>
			<report>
				<misses>696700001</misses>
				<total>0</total>
				<timestamp>4425.970871</timestamp>
			</report>
			<report>
				<misses>696800001</misses>
				<total>0</total>
				<timestamp>4426.608092</timestamp>
			</report>
			<report>
				<misses>696900001</misses>
				<total>0</total>
				<timestamp>4427.246043</timestamp>
			</report>
			<report>
				<misses>697000001</misses>
				<total>0</total>
				<timestamp>4427.880785</timestamp>
			</report>
			<report>
				<misses>697100001</misses>
				<total>0</total>
				<timestamp>4428.515179</timestamp>
			</report>
			<report>
				<misses>697200001</misses>
				<total>0</total>
				<timestamp>4429.149789</timestamp>
			</report>
			<report>
				<misses>697300001</misses>
				<total>0</total>
				<timestamp>4429.787153</timestamp>
			</report>
			<report>
				<misses>697400001</misses>
				<total>0</total>
				<timestamp>4430.420754</timestamp>
			</report>
			<report>
				<misses>697500001</misses>
				<total>0</total>
				<timestamp>4431.057620</timestamp>
			</report>
			<report>
				<misses>697600001</misses>
				<total>0</total>
				<timestamp>4431.692036</timestamp>
			</report>
			<report>
				<misses>697700001</misses>
				<total>0</total>
				<timestamp>4432.325560</timestamp>
			</report>
			<report>
				<misses>697800001</misses>
				<total>0</total>
				<timestamp>4432.973812</timestamp>
			</report>
			<report>
				<misses>697900001</misses>
				<total>0</total>
				<timestamp>4433.607988</timestamp>
			</report>
			<report>
				<misses>698000001</misses>
				<total>0</total>
				<timestamp>4434.241912</timestamp>
			</report>
			<report>
				<misses>698100001</misses>
				<total>0</total>
				<timestamp>4434.875770</timestamp>
			</report>
			<report>
				<misses>698200001</misses>
				<total>0</total>
				<timestamp>4435.509644</timestamp>
			</report>
			<report>
				<misses>698300001</misses>
				<total>0</total>
				<timestamp>4436.150938</timestamp>
			</report>
			<report>
				<misses>698400001</misses>
				<total>0</total>
				<timestamp>4436.805196</timestamp>
			</report>
			<report>
				<misses>698500001</misses>
				<total>0</total>
				<timestamp>4437.474755</timestamp>
			</report>
			<report>
				<misses>698600001</misses>
				<total>0</total>
				<timestamp>4438.112327</timestamp>
			</report>
			<report>
				<misses>698700001</misses>
				<total>0</total>
				<timestamp>4438.749600</timestamp>
			</report>
			<report>
				<misses>698800001</misses>
				<total>0</total>
				<timestamp>4439.386933</timestamp>
			</report>
			<report>
				<misses>698900001</misses>
				<total>0</total>
				<timestamp>4440.028741</timestamp>
			</report>
			<report>
				<misses>699000001</misses>
				<total>0</total>
				<timestamp>4440.662670</timestamp>
			</report>
			<report>
				<misses>699100001</misses>
				<total>0</total>
				<timestamp>4441.296566</timestamp>
			</report>
			<report>
				<misses>699200001</misses>
				<total>0</total>
				<timestamp>4441.930348</timestamp>
			</report>
			<report>
				<misses>699300001</misses>
				<total>0</total>
				<timestamp>4442.564827</timestamp>
			</report>
			<report>
				<misses>699400001</misses>
				<total>0</total>
				<timestamp>4443.200087</timestamp>
			</report>
			<report>
				<misses>699500001</misses>
				<total>0</total>
				<timestamp>4443.834215</timestamp>
			</report>
			<report>
				<misses>699600001</misses>
				<total>0</total>
				<timestamp>4444.468370</timestamp>
			</report>
			<report>
				<misses>699700001</misses>
				<total>0</total>
				<timestamp>4445.102716</timestamp>
			</report>
			<report>
				<misses>699800001</misses>
				<total>0</total>
				<timestamp>4445.737188</timestamp>
			</report>
			<report>
				<misses>699900001</misses>
				<total>0</total>
				<timestamp>4446.377501</timestamp>
			</report>
			<report>
				<misses>700000001</misses>
				<total>0</total>
				<timestamp>4447.012254</timestamp>
			</report>
			<report>
				<misses>700100001</misses>
				<total>0</total>
				<timestamp>4447.645406</timestamp>
			</report>
			<report>
				<misses>700200001</misses>
				<total>0</total>
				<timestamp>4448.279987</timestamp>
			</report>
			<report>
				<misses>700300001</misses>
				<total>0</total>
				<timestamp>4448.918953</timestamp>
			</report>
			<report>
				<misses>700400001</misses>
				<total>0</total>
				<timestamp>4449.551817</timestamp>
			</report>
			<report>
				<misses>700500001</misses>
				<total>0</total>
				<timestamp>4450.190032</timestamp>
			</report>
			<report>
				<misses>700600001</misses>
				<total>0</total>
				<timestamp>4450.823984</timestamp>
			</report>
			<report>
				<misses>700700001</misses>
				<total>0</total>
				<timestamp>4451.457379</timestamp>
			</report>
			<report>
				<misses>700800001</misses>
				<total>0</total>
				<timestamp>4452.092285</timestamp>
			</report>
			<report>
				<misses>700900001</misses>
				<total>0</total>
				<timestamp>4452.726413</timestamp>
			</report>
			<report>
				<misses>701000001</misses>
				<total>0</total>
				<timestamp>4453.362514</timestamp>
			</report>
			<report>
				<misses>701100001</misses>
				<total>0</total>
				<timestamp>4454.000105</timestamp>
			</report>
			<report>
				<misses>701200001</misses>
				<total>0</total>
				<timestamp>4454.633442</timestamp>
			</report>
			<report>
				<misses>701300001</misses>
				<total>0</total>
				<timestamp>4455.270424</timestamp>
			</report>
			<report>
				<misses>701400001</misses>
				<total>0</total>
				<timestamp>4455.906767</timestamp>
			</report>
			<report>
				<misses>701500001</misses>
				<total>0</total>
				<timestamp>4456.541693</timestamp>
			</report>
			<report>
				<misses>701600001</misses>
				<total>0</total>
				<timestamp>4457.175361</timestamp>
			</report>
			<report>
				<misses>701700001</misses>
				<total>0</total>
				<timestamp>4457.808710</timestamp>
			</report>
			<report>
				<misses>701800001</misses>
				<total>0</total>
				<timestamp>4458.442215</timestamp>
			</report>
			<report>
				<misses>701900001</misses>
				<total>0</total>
				<timestamp>4459.075615</timestamp>
			</report>
			<report>
				<misses>702000001</misses>
				<total>0</total>
				<timestamp>4459.709232</timestamp>
			</report>
			<report>
				<misses>702100001</misses>
				<total>0</total>
				<timestamp>4460.343827</timestamp>
			</report>
			<report>
				<misses>702200001</misses>
				<total>0</total>
				<timestamp>4460.977235</timestamp>
			</report>
			<report>
				<misses>702300001</misses>
				<total>0</total>
				<timestamp>4461.611576</timestamp>
			</report>
			<report>
				<misses>702400001</misses>
				<total>0</total>
				<timestamp>4462.246966</timestamp>
			</report>
			<report>
				<misses>702500001</misses>
				<total>0</total>
				<timestamp>4462.881297</timestamp>
			</report>
			<report>
				<misses>702600001</misses>
				<total>0</total>
				<timestamp>4463.515977</timestamp>
			</report>
			<report>
				<misses>702700001</misses>
				<total>0</total>
				<timestamp>4464.150147</timestamp>
			</report>
			<report>
				<misses>702800001</misses>
				<total>0</total>
				<timestamp>4464.785006</timestamp>
			</report>
			<report>
				<misses>702900001</misses>
				<total>0</total>
				<timestamp>4465.419446</timestamp>
			</report>
			<report>
				<misses>703000001</misses>
				<total>0</total>
				<timestamp>4466.051407</timestamp>
			</report>
			<report>
				<misses>703100001</misses>
				<total>0</total>
				<timestamp>4466.678706</timestamp>
			</report>
			<report>
				<misses>703200001</misses>
				<total>0</total>
				<timestamp>4467.305603</timestamp>
			</report>
			<report>
				<misses>703300001</misses>
				<total>0</total>
				<timestamp>4467.932819</timestamp>
			</report>
			<report>
				<misses>703400001</misses>
				<total>0</total>
				<timestamp>4468.559982</timestamp>
			</report>
			<report>
				<misses>703500001</misses>
				<total>0</total>
				<timestamp>4469.187283</timestamp>
			</report>
			<report>
				<misses>703600001</misses>
				<total>0</total>
				<timestamp>4469.814766</timestamp>
			</report>
			<report>
				<misses>703700001</misses>
				<total>0</total>
				<timestamp>4470.441814</timestamp>
			</report>
			<report>
				<misses>703800001</misses>
				<total>0</total>
				<timestamp>4471.069103</timestamp>
			</report>
			<report>
				<misses>703900001</misses>
				<total>0</total>
				<timestamp>4471.696666</timestamp>
			</report>
			<report>
				<misses>704000001</misses>
				<total>0</total>
				<timestamp>4472.323633</timestamp>
			</report>
			<report>
				<misses>704100001</misses>
				<total>0</total>
				<timestamp>4472.956899</timestamp>
			</report>
			<report>
				<misses>704200001</misses>
				<total>0</total>
				<timestamp>4473.584124</timestamp>
			</report>
			<report>
				<misses>704300001</misses>
				<total>0</total>
				<timestamp>4474.212540</timestamp>
			</report>
			<report>
				<misses>704400001</misses>
				<total>0</total>
				<timestamp>4474.843988</timestamp>
			</report>
			<report>
				<misses>704500001</misses>
				<total>0</total>
				<timestamp>4475.472246</timestamp>
			</report>
			<report>
				<misses>704600001</misses>
				<total>0</total>
				<timestamp>4476.100518</timestamp>
			</report>
			<report>
				<misses>704700001</misses>
				<total>0</total>
				<timestamp>4476.730312</timestamp>
			</report>
			<report>
				<misses>704800001</misses>
				<total>0</total>
				<timestamp>4477.359377</timestamp>
			</report>
			<report>
				<misses>704900001</misses>
				<total>0</total>
				<timestamp>4477.988664</timestamp>
			</report>
			<report>
				<misses>705000001</misses>
				<total>0</total>
				<timestamp>4478.615861</timestamp>
			</report>
			<report>
				<misses>705100001</misses>
				<total>0</total>
				<timestamp>4479.243362</timestamp>
			</report>
			<report>
				<misses>705200001</misses>
				<total>0</total>
				<timestamp>4479.870882</timestamp>
			</report>
			<report>
				<misses>705300001</misses>
				<total>0</total>
				<timestamp>4480.498751</timestamp>
			</report>
			<report>
				<misses>705400001</misses>
				<total>0</total>
				<timestamp>4481.126124</timestamp>
			</report>
			<report>
				<misses>705500001</misses>
				<total>0</total>
				<timestamp>4481.754151</timestamp>
			</report>
			<report>
				<misses>705600001</misses>
				<total>0</total>
				<timestamp>4482.383969</timestamp>
			</report>
			<report>
				<misses>705700001</misses>
				<total>0</total>
				<timestamp>4483.014135</timestamp>
			</report>
			<report>
				<misses>705800001</misses>
				<total>0</total>
				<timestamp>4483.643838</timestamp>
			</report>
			<report>
				<misses>705900001</misses>
				<total>0</total>
				<timestamp>4484.271780</timestamp>
			</report>
			<report>
				<misses>706000001</misses>
				<total>0</total>
				<timestamp>4484.898941</timestamp>
			</report>
			<report>
				<misses>706100001</misses>
				<total>0</total>
				<timestamp>4485.525449</timestamp>
			</report>
			<report>
				<misses>706200001</misses>
				<total>0</total>
				<timestamp>4486.152618</timestamp>
			</report>
			<report>
				<misses>706300001</misses>
				<total>0</total>
				<timestamp>4486.779984</timestamp>
			</report>
			<report>
				<misses>706400001</misses>
				<total>0</total>
				<timestamp>4487.406369</timestamp>
			</report>
			<report>
				<misses>706500001</misses>
				<total>0</total>
				<timestamp>4488.032748</timestamp>
			</report>
			<report>
				<misses>706600001</misses>
				<total>0</total>
				<timestamp>4488.659476</timestamp>
			</report>
			<report>
				<misses>706700001</misses>
				<total>0</total>
				<timestamp>4489.312618</timestamp>
			</report>
			<report>
				<misses>706800001</misses>
				<total>0</total>
				<timestamp>4489.939085</timestamp>
			</report>
			<report>
				<misses>706900001</misses>
				<total>0</total>
				<timestamp>4490.565117</timestamp>
			</report>
			<report>
				<misses>707000001</misses>
				<total>0</total>
				<timestamp>4491.198880</timestamp>
			</report>
			<report>
				<misses>707100001</misses>
				<total>0</total>
				<timestamp>4491.836158</timestamp>
			</report>
			<report>
				<misses>707200001</misses>
				<total>0</total>
				<timestamp>4492.457912</timestamp>
			</report>
			<report>
				<misses>707300001</misses>
				<total>0</total>
				<timestamp>4493.077073</timestamp>
			</report>
			<report>
				<misses>707400001</misses>
				<total>0</total>
				<timestamp>4493.697628</timestamp>
			</report>
			<report>
				<misses>707500001</misses>
				<total>0</total>
				<timestamp>4494.323485</timestamp>
			</report>
			<report>
				<misses>707600001</misses>
				<total>0</total>
				<timestamp>4494.945130</timestamp>
			</report>
			<report>
				<misses>707700001</misses>
				<total>0</total>
				<timestamp>4495.579322</timestamp>
			</report>
			<report>
				<misses>707800001</misses>
				<total>0</total>
				<timestamp>4496.199892</timestamp>
			</report>
			<report>
				<misses>707900001</misses>
				<total>0</total>
				<timestamp>4496.825403</timestamp>
			</report>
			<report>
				<misses>708000001</misses>
				<total>0</total>
				<timestamp>4497.450528</timestamp>
			</report>
			<report>
				<misses>708100001</misses>
				<total>0</total>
				<timestamp>4498.078478</timestamp>
			</report>
			<report>
				<misses>708200001</misses>
				<total>0</total>
				<timestamp>4498.699911</timestamp>
			</report>
			<report>
				<misses>708300001</misses>
				<total>0</total>
				<timestamp>4499.322671</timestamp>
			</report>
			<report>
				<misses>708400001</misses>
				<total>0</total>
				<timestamp>4499.950193</timestamp>
			</report>
			<report>
				<misses>708500001</misses>
				<total>0</total>
				<timestamp>4500.605992</timestamp>
			</report>
			<report>
				<misses>708600001</misses>
				<total>0</total>
				<timestamp>4501.287689</timestamp>
			</report>
			<report>
				<misses>708700001</misses>
				<total>0</total>
				<timestamp>4501.968676</timestamp>
			</report>
			<report>
				<misses>708800001</misses>
				<total>0</total>
				<timestamp>4502.629893</timestamp>
			</report>
			<report>
				<misses>708900001</misses>
				<total>0</total>
				<timestamp>4503.258050</timestamp>
			</report>
			<report>
				<misses>709000001</misses>
				<total>0</total>
				<timestamp>4503.884903</timestamp>
			</report>
			<report>
				<misses>709100001</misses>
				<total>0</total>
				<timestamp>4504.511705</timestamp>
			</report>
			<report>
				<misses>709200001</misses>
				<total>0</total>
				<timestamp>4505.138373</timestamp>
			</report>
			<report>
				<misses>709300001</misses>
				<total>0</total>
				<timestamp>4505.772379</timestamp>
			</report>
			<report>
				<misses>709400001</misses>
				<total>0</total>
				<timestamp>4506.398965</timestamp>
			</report>
			<report>
				<misses>709500001</misses>
				<total>0</total>
				<timestamp>4507.025178</timestamp>
			</report>
			<report>
				<misses>709600001</misses>
				<total>0</total>
				<timestamp>4507.650806</timestamp>
			</report>
			<report>
				<misses>709700001</misses>
				<total>0</total>
				<timestamp>4508.278032</timestamp>
			</report>
			<report>
				<misses>709800001</misses>
				<total>0</total>
				<timestamp>4508.906653</timestamp>
			</report>
			<report>
				<misses>709900001</misses>
				<total>0</total>
				<timestamp>4509.532351</timestamp>
			</report>
			<report>
				<misses>710000001</misses>
				<total>0</total>
				<timestamp>4510.157469</timestamp>
			</report>
			<report>
				<misses>710100001</misses>
				<total>0</total>
				<timestamp>4510.785071</timestamp>
			</report>
			<report>
				<misses>710200001</misses>
				<total>0</total>
				<timestamp>4511.422401</timestamp>
			</report>
			<report>
				<misses>710300001</misses>
				<total>0</total>
				<timestamp>4512.049879</timestamp>
			</report>
			<report>
				<misses>710400001</misses>
				<total>0</total>
				<timestamp>4512.681657</timestamp>
			</report>
			<report>
				<misses>710500001</misses>
				<total>0</total>
				<timestamp>4513.310925</timestamp>
			</report>
			<report>
				<misses>710600001</misses>
				<total>0</total>
				<timestamp>4513.937703</timestamp>
			</report>
			<report>
				<misses>710700001</misses>
				<total>0</total>
				<timestamp>4514.564345</timestamp>
			</report>
			<report>
				<misses>710800001</misses>
				<total>0</total>
				<timestamp>4515.201128</timestamp>
			</report>
			<report>
				<misses>710900001</misses>
				<total>0</total>
				<timestamp>4515.828055</timestamp>
			</report>
			<report>
				<misses>711000001</misses>
				<total>0</total>
				<timestamp>4516.452522</timestamp>
			</report>
			<report>
				<misses>711100001</misses>
				<total>0</total>
				<timestamp>4517.076280</timestamp>
			</report>
			<report>
				<misses>711200001</misses>
				<total>0</total>
				<timestamp>4517.740883</timestamp>
			</report>
			<report>
				<misses>711300001</misses>
				<total>0</total>
				<timestamp>4518.375856</timestamp>
			</report>
			<report>
				<misses>711400001</misses>
				<total>0</total>
				<timestamp>4519.014524</timestamp>
			</report>
			<report>
				<misses>711500001</misses>
				<total>0</total>
				<timestamp>4519.643282</timestamp>
			</report>
			<report>
				<misses>711600001</misses>
				<total>0</total>
				<timestamp>4520.286594</timestamp>
			</report>
			<report>
				<misses>711700001</misses>
				<total>0</total>
				<timestamp>4520.913697</timestamp>
			</report>
			<report>
				<misses>711800001</misses>
				<total>0</total>
				<timestamp>4521.538392</timestamp>
			</report>
			<report>
				<misses>711900001</misses>
				<total>0</total>
				<timestamp>4522.166441</timestamp>
			</report>
			<report>
				<misses>712000001</misses>
				<total>0</total>
				<timestamp>4522.798250</timestamp>
			</report>
			<report>
				<misses>712100001</misses>
				<total>0</total>
				<timestamp>4523.441266</timestamp>
			</report>
			<report>
				<misses>712200001</misses>
				<total>0</total>
				<timestamp>4524.070680</timestamp>
			</report>
			<report>
				<misses>712300001</misses>
				<total>0</total>
				<timestamp>4524.694773</timestamp>
			</report>
			<report>
				<misses>712400001</misses>
				<total>0</total>
				<timestamp>4525.326926</timestamp>
			</report>
			<report>
				<misses>712500001</misses>
				<total>0</total>
				<timestamp>4525.968374</timestamp>
			</report>
			<report>
				<misses>712600001</misses>
				<total>0</total>
				<timestamp>4526.609906</timestamp>
			</report>
			<report>
				<misses>712700001</misses>
				<total>0</total>
				<timestamp>4527.259978</timestamp>
			</report>
			<report>
				<misses>712800001</misses>
				<total>0</total>
				<timestamp>4527.891005</timestamp>
			</report>
			<report>
				<misses>712900001</misses>
				<total>0</total>
				<timestamp>4528.522132</timestamp>
			</report>
			<report>
				<misses>713000001</misses>
				<total>0</total>
				<timestamp>4529.162714</timestamp>
			</report>
			<report>
				<misses>713100001</misses>
				<total>0</total>
				<timestamp>4529.822394</timestamp>
			</report>
			<report>
				<misses>713200001</misses>
				<total>0</total>
				<timestamp>4530.446522</timestamp>
			</report>
			<report>
				<misses>713300001</misses>
				<total>0</total>
				<timestamp>4531.088770</timestamp>
			</report>
			<report>
				<misses>713400001</misses>
				<total>0</total>
				<timestamp>4531.717216</timestamp>
			</report>
			<report>
				<misses>713500001</misses>
				<total>0</total>
				<timestamp>4532.341196</timestamp>
			</report>
			<report>
				<misses>713600001</misses>
				<total>0</total>
				<timestamp>4532.980269</timestamp>
			</report>
			<report>
				<misses>713700001</misses>
				<total>0</total>
				<timestamp>4533.606841</timestamp>
			</report>
			<report>
				<misses>713800001</misses>
				<total>0</total>
				<timestamp>4534.233986</timestamp>
			</report>
			<report>
				<misses>713900001</misses>
				<total>0</total>
				<timestamp>4534.875665</timestamp>
			</report>
			<report>
				<misses>714000001</misses>
				<total>0</total>
				<timestamp>4535.524592</timestamp>
			</report>
			<report>
				<misses>714100001</misses>
				<total>0</total>
				<timestamp>4536.160020</timestamp>
			</report>
			<report>
				<misses>714200001</misses>
				<total>0</total>
				<timestamp>4536.805018</timestamp>
			</report>
			<report>
				<misses>714300001</misses>
				<total>0</total>
				<timestamp>4537.438840</timestamp>
			</report>
			<report>
				<misses>714400001</misses>
				<total>0</total>
				<timestamp>4538.094017</timestamp>
			</report>
			<report>
				<misses>714500001</misses>
				<total>0</total>
				<timestamp>4538.736812</timestamp>
			</report>
			<report>
				<misses>714600001</misses>
				<total>0</total>
				<timestamp>4539.370618</timestamp>
			</report>
			<report>
				<misses>714700001</misses>
				<total>0</total>
				<timestamp>4540.008861</timestamp>
			</report>
			<report>
				<misses>714800001</misses>
				<total>0</total>
				<timestamp>4540.646109</timestamp>
			</report>
			<report>
				<misses>714900001</misses>
				<total>0</total>
				<timestamp>4541.293561</timestamp>
			</report>
			<report>
				<misses>715000001</misses>
				<total>0</total>
				<timestamp>4541.927126</timestamp>
			</report>
			<report>
				<misses>715100001</misses>
				<total>0</total>
				<timestamp>4542.576933</timestamp>
			</report>
			<report>
				<misses>715200001</misses>
				<total>0</total>
				<timestamp>4543.212184</timestamp>
			</report>
			<report>
				<misses>715300001</misses>
				<total>0</total>
				<timestamp>4543.857155</timestamp>
			</report>
			<report>
				<misses>715400001</misses>
				<total>0</total>
				<timestamp>4544.487427</timestamp>
			</report>
			<report>
				<misses>715500001</misses>
				<total>0</total>
				<timestamp>4545.121087</timestamp>
			</report>
			<report>
				<misses>715600001</misses>
				<total>0</total>
				<timestamp>4545.757625</timestamp>
			</report>
			<report>
				<misses>715700001</misses>
				<total>0</total>
				<timestamp>4546.401377</timestamp>
			</report>
			<report>
				<misses>715800001</misses>
				<total>0</total>
				<timestamp>4547.038513</timestamp>
			</report>
			<report>
				<misses>715900001</misses>
				<total>0</total>
				<timestamp>4547.697502</timestamp>
			</report>
			<report>
				<misses>716000001</misses>
				<total>0</total>
				<timestamp>4548.359849</timestamp>
			</report>
			<report>
				<misses>716100001</misses>
				<total>0</total>
				<timestamp>4549.002868</timestamp>
			</report>
			<report>
				<misses>716200001</misses>
				<total>0</total>
				<timestamp>4549.651403</timestamp>
			</report>
			<report>
				<misses>716300001</misses>
				<total>0</total>
				<timestamp>4550.290322</timestamp>
			</report>
			<report>
				<misses>716400001</misses>
				<total>0</total>
				<timestamp>4550.930870</timestamp>
			</report>
			<report>
				<misses>716500001</misses>
				<total>0</total>
				<timestamp>4551.568982</timestamp>
			</report>
			<report>
				<misses>716600001</misses>
				<total>0</total>
				<timestamp>4552.200275</timestamp>
			</report>
			<report>
				<misses>716700001</misses>
				<total>0</total>
				<timestamp>4552.832039</timestamp>
			</report>
			<report>
				<misses>716800001</misses>
				<total>0</total>
				<timestamp>4553.466472</timestamp>
			</report>
			<report>
				<misses>716900001</misses>
				<total>0</total>
				<timestamp>4554.102761</timestamp>
			</report>
			<report>
				<misses>717000001</misses>
				<total>0</total>
				<timestamp>4554.731669</timestamp>
			</report>
			<report>
				<misses>717100001</misses>
				<total>0</total>
				<timestamp>4555.380269</timestamp>
			</report>
			<report>
				<misses>717200001</misses>
				<total>0</total>
				<timestamp>4556.012339</timestamp>
			</report>
			<report>
				<misses>717300001</misses>
				<total>0</total>
				<timestamp>4556.651033</timestamp>
			</report>
			<report>
				<misses>717400001</misses>
				<total>0</total>
				<timestamp>4557.292883</timestamp>
			</report>
			<report>
				<misses>717500001</misses>
				<total>0</total>
				<timestamp>4557.931971</timestamp>
			</report>
			<report>
				<misses>717600001</misses>
				<total>0</total>
				<timestamp>4558.559860</timestamp>
			</report>
			<report>
				<misses>717700001</misses>
				<total>0</total>
				<timestamp>4559.196165</timestamp>
			</report>
			<report>
				<misses>717800001</misses>
				<total>0</total>
				<timestamp>4559.853484</timestamp>
			</report>
			<report>
				<misses>717900001</misses>
				<total>0</total>
				<timestamp>4560.484768</timestamp>
			</report>
			<report>
				<misses>718000001</misses>
				<total>0</total>
				<timestamp>4561.113791</timestamp>
			</report>
			<report>
				<misses>718100001</misses>
				<total>0</total>
				<timestamp>4561.743076</timestamp>
			</report>
			<report>
				<misses>718200001</misses>
				<total>0</total>
				<timestamp>4562.373910</timestamp>
			</report>
			<report>
				<misses>718300001</misses>
				<total>0</total>
				<timestamp>4563.002554</timestamp>
			</report>
			<report>
				<misses>718400001</misses>
				<total>0</total>
				<timestamp>4563.638123</timestamp>
			</report>
			<report>
				<misses>718500001</misses>
				<total>0</total>
				<timestamp>4564.271132</timestamp>
			</report>
			<report>
				<misses>718600001</misses>
				<total>0</total>
				<timestamp>4564.914515</timestamp>
			</report>
			<report>
				<misses>718700001</misses>
				<total>0</total>
				<timestamp>4565.575477</timestamp>
			</report>
			<report>
				<misses>718800001</misses>
				<total>0</total>
				<timestamp>4566.203971</timestamp>
			</report>
			<report>
				<misses>718900001</misses>
				<total>0</total>
				<timestamp>4566.832605</timestamp>
			</report>
			<report>
				<misses>719000001</misses>
				<total>0</total>
				<timestamp>4567.480459</timestamp>
			</report>
			<report>
				<misses>719100001</misses>
				<total>0</total>
				<timestamp>4568.108477</timestamp>
			</report>
			<report>
				<misses>719200001</misses>
				<total>0</total>
				<timestamp>4568.772993</timestamp>
			</report>
			<report>
				<misses>719300001</misses>
				<total>0</total>
				<timestamp>4569.422972</timestamp>
			</report>
			<report>
				<misses>719400001</misses>
				<total>0</total>
				<timestamp>4570.050964</timestamp>
			</report>
			<report>
				<misses>719500001</misses>
				<total>0</total>
				<timestamp>4570.679850</timestamp>
			</report>
			<report>
				<misses>719600001</misses>
				<total>0</total>
				<timestamp>4571.317026</timestamp>
			</report>
			<report>
				<misses>719700001</misses>
				<total>0</total>
				<timestamp>4571.945580</timestamp>
			</report>
			<report>
				<misses>719800001</misses>
				<total>0</total>
				<timestamp>4572.599703</timestamp>
			</report>
			<report>
				<misses>719900001</misses>
				<total>0</total>
				<timestamp>4573.237267</timestamp>
			</report>
			<report>
				<misses>720000001</misses>
				<total>0</total>
				<timestamp>4573.865166</timestamp>
			</report>
			<report>
				<misses>720100001</misses>
				<total>0</total>
				<timestamp>4574.494115</timestamp>
			</report>
			<report>
				<misses>720200001</misses>
				<total>0</total>
				<timestamp>4575.132715</timestamp>
			</report>
			<report>
				<misses>720300001</misses>
				<total>0</total>
				<timestamp>4575.779734</timestamp>
			</report>
			<report>
				<misses>720400001</misses>
				<total>0</total>
				<timestamp>4576.416583</timestamp>
			</report>
			<report>
				<misses>720500001</misses>
				<total>0</total>
				<timestamp>4577.072643</timestamp>
			</report>
			<report>
				<misses>720600001</misses>
				<total>0</total>
				<timestamp>4577.714275</timestamp>
			</report>
			<report>
				<misses>720700001</misses>
				<total>0</total>
				<timestamp>4578.360023</timestamp>
			</report>
			<report>
				<misses>720800001</misses>
				<total>0</total>
				<timestamp>4578.995609</timestamp>
			</report>
			<report>
				<misses>720900001</misses>
				<total>0</total>
				<timestamp>4579.627115</timestamp>
			</report>
			<report>
				<misses>721000001</misses>
				<total>0</total>
				<timestamp>4580.271382</timestamp>
			</report>
			<report>
				<misses>721100001</misses>
				<total>0</total>
				<timestamp>4580.903087</timestamp>
			</report>
			<report>
				<misses>721200001</misses>
				<total>0</total>
				<timestamp>4581.553358</timestamp>
			</report>
			<report>
				<misses>721300001</misses>
				<total>0</total>
				<timestamp>4582.203527</timestamp>
			</report>
			<report>
				<misses>721400001</misses>
				<total>0</total>
				<timestamp>4582.848274</timestamp>
			</report>
			<report>
				<misses>721500001</misses>
				<total>0</total>
				<timestamp>4583.476956</timestamp>
			</report>
			<report>
				<misses>721600001</misses>
				<total>0</total>
				<timestamp>4584.109458</timestamp>
			</report>
			<report>
				<misses>721700001</misses>
				<total>0</total>
				<timestamp>4584.769412</timestamp>
			</report>
			<report>
				<misses>721800001</misses>
				<total>0</total>
				<timestamp>4585.422372</timestamp>
			</report>
			<report>
				<misses>721900001</misses>
				<total>0</total>
				<timestamp>4586.065624</timestamp>
			</report>
			<report>
				<misses>722000001</misses>
				<total>0</total>
				<timestamp>4586.702793</timestamp>
			</report>
			<report>
				<misses>722100001</misses>
				<total>0</total>
				<timestamp>4587.349667</timestamp>
			</report>
			<report>
				<misses>722200001</misses>
				<total>0</total>
				<timestamp>4587.979715</timestamp>
			</report>
			<report>
				<misses>722300001</misses>
				<total>0</total>
				<timestamp>4588.609722</timestamp>
			</report>
			<report>
				<misses>722400001</misses>
				<total>0</total>
				<timestamp>4589.261500</timestamp>
			</report>
			<report>
				<misses>722500001</misses>
				<total>0</total>
				<timestamp>4589.890905</timestamp>
			</report>
			<report>
				<misses>722600001</misses>
				<total>0</total>
				<timestamp>4590.520539</timestamp>
			</report>
			<report>
				<misses>722700001</misses>
				<total>0</total>
				<timestamp>4591.156314</timestamp>
			</report>
			<report>
				<misses>722800001</misses>
				<total>0</total>
				<timestamp>4591.786859</timestamp>
			</report>
			<report>
				<misses>722900001</misses>
				<total>0</total>
				<timestamp>4592.415730</timestamp>
			</report>
			<report>
				<misses>723000001</misses>
				<total>0</total>
				<timestamp>4593.064201</timestamp>
			</report>
			<report>
				<misses>723100001</misses>
				<total>0</total>
				<timestamp>4593.732899</timestamp>
			</report>
			<report>
				<misses>723200001</misses>
				<total>0</total>
				<timestamp>4594.362378</timestamp>
			</report>
			<report>
				<misses>723300001</misses>
				<total>0</total>
				<timestamp>4595.000375</timestamp>
			</report>
			<report>
				<misses>723400001</misses>
				<total>0</total>
				<timestamp>4595.642687</timestamp>
			</report>
			<report>
				<misses>723500001</misses>
				<total>0</total>
				<timestamp>4596.283163</timestamp>
			</report>
			<report>
				<misses>723600001</misses>
				<total>0</total>
				<timestamp>4596.918532</timestamp>
			</report>
			<report>
				<misses>723700001</misses>
				<total>0</total>
				<timestamp>4597.551155</timestamp>
			</report>
			<report>
				<misses>723800001</misses>
				<total>0</total>
				<timestamp>4598.194142</timestamp>
			</report>
			<report>
				<misses>723900001</misses>
				<total>0</total>
				<timestamp>4598.834452</timestamp>
			</report>
			<report>
				<misses>724000001</misses>
				<total>0</total>
				<timestamp>4599.467584</timestamp>
			</report>
			<report>
				<misses>724100001</misses>
				<total>0</total>
				<timestamp>4600.098537</timestamp>
			</report>
			<report>
				<misses>724200001</misses>
				<total>0</total>
				<timestamp>4600.727534</timestamp>
			</report>
			<report>
				<misses>724300001</misses>
				<total>0</total>
				<timestamp>4601.358044</timestamp>
			</report>
			<report>
				<misses>724400001</misses>
				<total>0</total>
				<timestamp>4602.008292</timestamp>
			</report>
			<report>
				<misses>724500001</misses>
				<total>0</total>
				<timestamp>4602.655922</timestamp>
			</report>
			<report>
				<misses>724600001</misses>
				<total>0</total>
				<timestamp>4603.294330</timestamp>
			</report>
			<report>
				<misses>724700001</misses>
				<total>0</total>
				<timestamp>4603.928769</timestamp>
			</report>
			<report>
				<misses>724800001</misses>
				<total>0</total>
				<timestamp>4604.594694</timestamp>
			</report>
			<report>
				<misses>724900001</misses>
				<total>0</total>
				<timestamp>4605.227743</timestamp>
			</report>
			<report>
				<misses>725000001</misses>
				<total>0</total>
				<timestamp>4605.870683</timestamp>
			</report>
			<report>
				<misses>725100001</misses>
				<total>0</total>
				<timestamp>4606.518629</timestamp>
			</report>
			<report>
				<misses>725200001</misses>
				<total>0</total>
				<timestamp>4607.150158</timestamp>
			</report>
			<report>
				<misses>725300001</misses>
				<total>0</total>
				<timestamp>4607.778244</timestamp>
			</report>
			<report>
				<misses>725400001</misses>
				<total>0</total>
				<timestamp>4608.411552</timestamp>
			</report>
			<report>
				<misses>725500001</misses>
				<total>0</total>
				<timestamp>4609.054932</timestamp>
			</report>
			<report>
				<misses>725600001</misses>
				<total>0</total>
				<timestamp>4609.688050</timestamp>
			</report>
			<report>
				<misses>725700001</misses>
				<total>0</total>
				<timestamp>4610.317861</timestamp>
			</report>
			<report>
				<misses>725800001</misses>
				<total>0</total>
				<timestamp>4610.951289</timestamp>
			</report>
			<report>
				<misses>725900001</misses>
				<total>0</total>
				<timestamp>4611.587655</timestamp>
			</report>
			<report>
				<misses>726000001</misses>
				<total>0</total>
				<timestamp>4612.221377</timestamp>
			</report>
			<report>
				<misses>726100001</misses>
				<total>0</total>
				<timestamp>4612.854796</timestamp>
			</report>
			<report>
				<misses>726200001</misses>
				<total>0</total>
				<timestamp>4613.484811</timestamp>
			</report>
			<report>
				<misses>726300001</misses>
				<total>0</total>
				<timestamp>4614.137197</timestamp>
			</report>
			<report>
				<misses>726400001</misses>
				<total>0</total>
				<timestamp>4614.776891</timestamp>
			</report>
			<report>
				<misses>726500001</misses>
				<total>0</total>
				<timestamp>4615.459066</timestamp>
			</report>
			<report>
				<misses>726600001</misses>
				<total>0</total>
				<timestamp>4616.088562</timestamp>
			</report>
			<report>
				<misses>726700001</misses>
				<total>0</total>
				<timestamp>4616.724366</timestamp>
			</report>
			<report>
				<misses>726800001</misses>
				<total>0</total>
				<timestamp>4617.352093</timestamp>
			</report>
			<report>
				<misses>726900001</misses>
				<total>0</total>
				<timestamp>4617.990678</timestamp>
			</report>
			<report>
				<misses>727000001</misses>
				<total>0</total>
				<timestamp>4618.619280</timestamp>
			</report>
			<report>
				<misses>727100001</misses>
				<total>0</total>
				<timestamp>4619.274876</timestamp>
			</report>
			<report>
				<misses>727200001</misses>
				<total>0</total>
				<timestamp>4619.918408</timestamp>
			</report>
			<report>
				<misses>727300001</misses>
				<total>0</total>
				<timestamp>4620.547133</timestamp>
			</report>
			<report>
				<misses>727400001</misses>
				<total>0</total>
				<timestamp>4621.213472</timestamp>
			</report>
			<report>
				<misses>727500001</misses>
				<total>0</total>
				<timestamp>4621.882535</timestamp>
			</report>
			<report>
				<misses>727600001</misses>
				<total>0</total>
				<timestamp>4622.514492</timestamp>
			</report>
			<report>
				<misses>727700001</misses>
				<total>0</total>
				<timestamp>4623.147330</timestamp>
			</report>
			<report>
				<misses>727800001</misses>
				<total>0</total>
				<timestamp>4623.782927</timestamp>
			</report>
			<report>
				<misses>727900001</misses>
				<total>0</total>
				<timestamp>4624.413787</timestamp>
			</report>
			<report>
				<misses>728000001</misses>
				<total>0</total>
				<timestamp>4625.046940</timestamp>
			</report>
			<report>
				<misses>728100001</misses>
				<total>0</total>
				<timestamp>4625.713849</timestamp>
			</report>
			<report>
				<misses>728200001</misses>
				<total>0</total>
				<timestamp>4626.360834</timestamp>
			</report>
			<report>
				<misses>728300001</misses>
				<total>0</total>
				<timestamp>4627.018688</timestamp>
			</report>
			<report>
				<misses>728400001</misses>
				<total>0</total>
				<timestamp>4627.656622</timestamp>
			</report>
			<report>
				<misses>728500001</misses>
				<total>0</total>
				<timestamp>4628.293612</timestamp>
			</report>
			<report>
				<misses>728600001</misses>
				<total>0</total>
				<timestamp>4628.924619</timestamp>
			</report>
			<report>
				<misses>728700001</misses>
				<total>0</total>
				<timestamp>4629.555639</timestamp>
			</report>
			<report>
				<misses>728800001</misses>
				<total>0</total>
				<timestamp>4630.216441</timestamp>
			</report>
			<report>
				<misses>728900001</misses>
				<total>0</total>
				<timestamp>4630.849540</timestamp>
			</report>
			<report>
				<misses>729000001</misses>
				<total>0</total>
				<timestamp>4631.499033</timestamp>
			</report>
			<report>
				<misses>729100001</misses>
				<total>0</total>
				<timestamp>4632.129003</timestamp>
			</report>
			<report>
				<misses>729200001</misses>
				<total>0</total>
				<timestamp>4632.763656</timestamp>
			</report>
			<report>
				<misses>729300001</misses>
				<total>0</total>
				<timestamp>4633.399254</timestamp>
			</report>
			<report>
				<misses>729400001</misses>
				<total>0</total>
				<timestamp>4634.034210</timestamp>
			</report>
			<report>
				<misses>729500001</misses>
				<total>0</total>
				<timestamp>4634.662529</timestamp>
			</report>
			<report>
				<misses>729600001</misses>
				<total>0</total>
				<timestamp>4635.305994</timestamp>
			</report>
			<report>
				<misses>729700001</misses>
				<total>0</total>
				<timestamp>4635.942993</timestamp>
			</report>
			<report>
				<misses>729800001</misses>
				<total>0</total>
				<timestamp>4636.588036</timestamp>
			</report>
			<report>
				<misses>729900001</misses>
				<total>0</total>
				<timestamp>4637.252037</timestamp>
			</report>
			<report>
				<misses>730000001</misses>
				<total>0</total>
				<timestamp>4637.880533</timestamp>
			</report>
			<report>
				<misses>730100001</misses>
				<total>0</total>
				<timestamp>4638.537509</timestamp>
			</report>
			<report>
				<misses>730200001</misses>
				<total>0</total>
				<timestamp>4639.179836</timestamp>
			</report>
			<report>
				<misses>730300001</misses>
				<total>0</total>
				<timestamp>4639.807830</timestamp>
			</report>
			<report>
				<misses>730400001</misses>
				<total>0</total>
				<timestamp>4640.436120</timestamp>
			</report>
			<report>
				<misses>730500001</misses>
				<total>0</total>
				<timestamp>4641.077462</timestamp>
			</report>
			<report>
				<misses>730600001</misses>
				<total>0</total>
				<timestamp>4641.729538</timestamp>
			</report>
			<report>
				<misses>730700001</misses>
				<total>0</total>
				<timestamp>4642.366024</timestamp>
			</report>
			<report>
				<misses>730800001</misses>
				<total>0</total>
				<timestamp>4643.006456</timestamp>
			</report>
			<report>
				<misses>730900001</misses>
				<total>0</total>
				<timestamp>4643.635032</timestamp>
			</report>
			<report>
				<misses>731000001</misses>
				<total>0</total>
				<timestamp>4644.267180</timestamp>
			</report>
			<report>
				<misses>731100001</misses>
				<total>0</total>
				<timestamp>4644.911598</timestamp>
			</report>
			<report>
				<misses>731200001</misses>
				<total>0</total>
				<timestamp>4645.563027</timestamp>
			</report>
			<report>
				<misses>731300001</misses>
				<total>0</total>
				<timestamp>4646.192854</timestamp>
			</report>
			<report>
				<misses>731400001</misses>
				<total>0</total>
				<timestamp>4646.834273</timestamp>
			</report>
			<report>
				<misses>731500001</misses>
				<total>0</total>
				<timestamp>4647.482771</timestamp>
			</report>
			<report>
				<misses>731600001</misses>
				<total>0</total>
				<timestamp>4648.120692</timestamp>
			</report>
			<report>
				<misses>731700001</misses>
				<total>0</total>
				<timestamp>4648.755304</timestamp>
			</report>
			<report>
				<misses>731800001</misses>
				<total>0</total>
				<timestamp>4649.392953</timestamp>
			</report>
			<report>
				<misses>731900001</misses>
				<total>0</total>
				<timestamp>4650.037030</timestamp>
			</report>
			<report>
				<misses>732000001</misses>
				<total>0</total>
				<timestamp>4650.691984</timestamp>
			</report>
			<report>
				<misses>732100001</misses>
				<total>0</total>
				<timestamp>4651.332086</timestamp>
			</report>
			<report>
				<misses>732200001</misses>
				<total>0</total>
				<timestamp>4651.969170</timestamp>
			</report>
			<report>
				<misses>732300001</misses>
				<total>0</total>
				<timestamp>4652.607836</timestamp>
			</report>
			<report>
				<misses>732400001</misses>
				<total>0</total>
				<timestamp>4653.265985</timestamp>
			</report>
			<report>
				<misses>732500001</misses>
				<total>0</total>
				<timestamp>4653.894349</timestamp>
			</report>
			<report>
				<misses>732600001</misses>
				<total>0</total>
				<timestamp>4654.538282</timestamp>
			</report>
			<report>
				<misses>732700001</misses>
				<total>0</total>
				<timestamp>4655.171059</timestamp>
			</report>
			<report>
				<misses>732800001</misses>
				<total>0</total>
				<timestamp>4655.817635</timestamp>
			</report>
			<report>
				<misses>732900001</misses>
				<total>0</total>
				<timestamp>4656.452772</timestamp>
			</report>
			<report>
				<misses>733000001</misses>
				<total>0</total>
				<timestamp>4657.087965</timestamp>
			</report>
			<report>
				<misses>733100001</misses>
				<total>0</total>
				<timestamp>4657.723085</timestamp>
			</report>
			<report>
				<misses>733200001</misses>
				<total>0</total>
				<timestamp>4658.353008</timestamp>
			</report>
			<report>
				<misses>733300001</misses>
				<total>0</total>
				<timestamp>4658.990324</timestamp>
			</report>
			<report>
				<misses>733400001</misses>
				<total>0</total>
				<timestamp>4659.628587</timestamp>
			</report>
			<report>
				<misses>733500001</misses>
				<total>0</total>
				<timestamp>4660.283090</timestamp>
			</report>
			<report>
				<misses>733600001</misses>
				<total>0</total>
				<timestamp>4660.916102</timestamp>
			</report>
			<report>
				<misses>733700001</misses>
				<total>0</total>
				<timestamp>4661.546437</timestamp>
			</report>
			<report>
				<misses>733800001</misses>
				<total>0</total>
				<timestamp>4662.191863</timestamp>
			</report>
			<report>
				<misses>733900001</misses>
				<total>0</total>
				<timestamp>4662.835652</timestamp>
			</report>
			<report>
				<misses>734000001</misses>
				<total>0</total>
				<timestamp>4663.480122</timestamp>
			</report>
			<report>
				<misses>734100001</misses>
				<total>0</total>
				<timestamp>4664.114740</timestamp>
			</report>
			<report>
				<misses>734200001</misses>
				<total>0</total>
				<timestamp>4664.751127</timestamp>
			</report>
			<report>
				<misses>734300001</misses>
				<total>0</total>
				<timestamp>4665.383354</timestamp>
			</report>
			<report>
				<misses>734400001</misses>
				<total>0</total>
				<timestamp>4666.021101</timestamp>
			</report>
			<report>
				<misses>734500001</misses>
				<total>0</total>
				<timestamp>4666.657944</timestamp>
			</report>
			<report>
				<misses>734600001</misses>
				<total>0</total>
				<timestamp>4667.290642</timestamp>
			</report>
			<report>
				<misses>734700001</misses>
				<total>0</total>
				<timestamp>4667.922735</timestamp>
			</report>
			<report>
				<misses>734800001</misses>
				<total>0</total>
				<timestamp>4668.555384</timestamp>
			</report>
			<report>
				<misses>734900001</misses>
				<total>0</total>
				<timestamp>4669.190659</timestamp>
			</report>
			<report>
				<misses>735000001</misses>
				<total>0</total>
				<timestamp>4669.823191</timestamp>
			</report>
			<report>
				<misses>735100001</misses>
				<total>0</total>
				<timestamp>4670.455900</timestamp>
			</report>
			<report>
				<misses>735200001</misses>
				<total>0</total>
				<timestamp>4671.088610</timestamp>
			</report>
			<report>
				<misses>735300001</misses>
				<total>0</total>
				<timestamp>4671.729057</timestamp>
			</report>
			<report>
				<misses>735400001</misses>
				<total>0</total>
				<timestamp>4672.362427</timestamp>
			</report>
			<report>
				<misses>735500001</misses>
				<total>0</total>
				<timestamp>4672.995333</timestamp>
			</report>
			<report>
				<misses>735600001</misses>
				<total>0</total>
				<timestamp>4673.628082</timestamp>
			</report>
			<report>
				<misses>735700001</misses>
				<total>0</total>
				<timestamp>4674.261065</timestamp>
			</report>
			<report>
				<misses>735800001</misses>
				<total>0</total>
				<timestamp>4674.894398</timestamp>
			</report>
			<report>
				<misses>735900001</misses>
				<total>0</total>
				<timestamp>4675.527839</timestamp>
			</report>
			<report>
				<misses>736000001</misses>
				<total>0</total>
				<timestamp>4676.161659</timestamp>
			</report>
			<report>
				<misses>736100001</misses>
				<total>0</total>
				<timestamp>4676.794528</timestamp>
			</report>
			<report>
				<misses>736200001</misses>
				<total>0</total>
				<timestamp>4677.427671</timestamp>
			</report>
			<report>
				<misses>736300001</misses>
				<total>0</total>
				<timestamp>4678.061393</timestamp>
			</report>
			<report>
				<misses>736400001</misses>
				<total>0</total>
				<timestamp>4678.694741</timestamp>
			</report>
			<report>
				<misses>736500001</misses>
				<total>0</total>
				<timestamp>4679.332815</timestamp>
			</report>
			<report>
				<misses>736600001</misses>
				<total>0</total>
				<timestamp>4679.968200</timestamp>
			</report>
			<report>
				<misses>736700001</misses>
				<total>0</total>
				<timestamp>4680.602455</timestamp>
			</report>
			<report>
				<misses>736800001</misses>
				<total>0</total>
				<timestamp>4681.237102</timestamp>
			</report>
			<report>
				<misses>736900001</misses>
				<total>0</total>
				<timestamp>4681.870088</timestamp>
			</report>
			<report>
				<misses>737000001</misses>
				<total>0</total>
				<timestamp>4682.519647</timestamp>
			</report>
			<report>
				<misses>737100001</misses>
				<total>0</total>
				<timestamp>4683.186348</timestamp>
			</report>
			<report>
				<misses>737200001</misses>
				<total>0</total>
				<timestamp>4683.822090</timestamp>
			</report>
			<report>
				<misses>737300001</misses>
				<total>0</total>
				<timestamp>4684.455937</timestamp>
			</report>
			<report>
				<misses>737400001</misses>
				<total>0</total>
				<timestamp>4685.090795</timestamp>
			</report>
			<report>
				<misses>737500001</misses>
				<total>0</total>
				<timestamp>4685.724661</timestamp>
			</report>
			<report>
				<misses>737600001</misses>
				<total>0</total>
				<timestamp>4686.358593</timestamp>
			</report>
			<report>
				<misses>737700001</misses>
				<total>0</total>
				<timestamp>4686.993190</timestamp>
			</report>
			<report>
				<misses>737800001</misses>
				<total>0</total>
				<timestamp>4687.626998</timestamp>
			</report>
			<report>
				<misses>737900001</misses>
				<total>0</total>
				<timestamp>4688.263425</timestamp>
			</report>
			<report>
				<misses>738000001</misses>
				<total>0</total>
				<timestamp>4688.901424</timestamp>
			</report>
			<report>
				<misses>738100001</misses>
				<total>0</total>
				<timestamp>4689.534899</timestamp>
			</report>
			<report>
				<misses>738200001</misses>
				<total>0</total>
				<timestamp>4690.171100</timestamp>
			</report>
			<report>
				<misses>738300001</misses>
				<total>0</total>
				<timestamp>4690.803944</timestamp>
			</report>
			<report>
				<misses>738400001</misses>
				<total>0</total>
				<timestamp>4691.436642</timestamp>
			</report>
			<report>
				<misses>738500001</misses>
				<total>0</total>
				<timestamp>4692.069902</timestamp>
			</report>
			<report>
				<misses>738600001</misses>
				<total>0</total>
				<timestamp>4692.703096</timestamp>
			</report>
			<report>
				<misses>738700001</misses>
				<total>0</total>
				<timestamp>4693.336048</timestamp>
			</report>
			<report>
				<misses>738800001</misses>
				<total>0</total>
				<timestamp>4693.968215</timestamp>
			</report>
			<report>
				<misses>738900001</misses>
				<total>0</total>
				<timestamp>4694.600736</timestamp>
			</report>
			<report>
				<misses>739000001</misses>
				<total>0</total>
				<timestamp>4695.235314</timestamp>
			</report>
			<report>
				<misses>739100001</misses>
				<total>0</total>
				<timestamp>4695.868775</timestamp>
			</report>
			<report>
				<misses>739200001</misses>
				<total>0</total>
				<timestamp>4696.523602</timestamp>
			</report>
			<report>
				<misses>739300001</misses>
				<total>0</total>
				<timestamp>4697.156190</timestamp>
			</report>
			<report>
				<misses>739400001</misses>
				<total>0</total>
				<timestamp>4697.789520</timestamp>
			</report>
			<report>
				<misses>739500001</misses>
				<total>0</total>
				<timestamp>4698.423308</timestamp>
			</report>
			<report>
				<misses>739600001</misses>
				<total>0</total>
				<timestamp>4699.057499</timestamp>
			</report>
			<report>
				<misses>739700001</misses>
				<total>0</total>
				<timestamp>4699.691988</timestamp>
			</report>
			<report>
				<misses>739800001</misses>
				<total>0</total>
				<timestamp>4700.324959</timestamp>
			</report>
			<report>
				<misses>739900001</misses>
				<total>0</total>
				<timestamp>4700.964853</timestamp>
			</report>
			<report>
				<misses>740000001</misses>
				<total>0</total>
				<timestamp>4701.598548</timestamp>
			</report>
			<report>
				<misses>740100001</misses>
				<total>0</total>
				<timestamp>4702.234096</timestamp>
			</report>
			<report>
				<misses>740200001</misses>
				<total>0</total>
				<timestamp>4702.869299</timestamp>
			</report>
			<report>
				<misses>740300001</misses>
				<total>0</total>
				<timestamp>4703.503111</timestamp>
			</report>
			<report>
				<misses>740400001</misses>
				<total>0</total>
				<timestamp>4704.136946</timestamp>
			</report>
			<report>
				<misses>740500001</misses>
				<total>0</total>
				<timestamp>4704.770687</timestamp>
			</report>
			<report>
				<misses>740600001</misses>
				<total>0</total>
				<timestamp>4705.404224</timestamp>
			</report>
			<report>
				<misses>740700001</misses>
				<total>0</total>
				<timestamp>4706.038203</timestamp>
			</report>
			<report>
				<misses>740800001</misses>
				<total>0</total>
				<timestamp>4706.671658</timestamp>
			</report>
			<report>
				<misses>740900001</misses>
				<total>0</total>
				<timestamp>4707.306027</timestamp>
			</report>
			<report>
				<misses>741000001</misses>
				<total>0</total>
				<timestamp>4707.939365</timestamp>
			</report>
			<report>
				<misses>741100001</misses>
				<total>0</total>
				<timestamp>4708.574074</timestamp>
			</report>
			<report>
				<misses>741200001</misses>
				<total>0</total>
				<timestamp>4709.208647</timestamp>
			</report>
			<report>
				<misses>741300001</misses>
				<total>0</total>
				<timestamp>4709.841991</timestamp>
			</report>
			<report>
				<misses>741400001</misses>
				<total>0</total>
				<timestamp>4710.475472</timestamp>
			</report>
			<report>
				<misses>741500001</misses>
				<total>0</total>
				<timestamp>4711.111711</timestamp>
			</report>
			<report>
				<misses>741600001</misses>
				<total>0</total>
				<timestamp>4711.745944</timestamp>
			</report>
			<report>
				<misses>741700001</misses>
				<total>0</total>
				<timestamp>4712.379387</timestamp>
			</report>
			<report>
				<misses>741800001</misses>
				<total>0</total>
				<timestamp>4713.012922</timestamp>
			</report>
			<report>
				<misses>741900001</misses>
				<total>0</total>
				<timestamp>4713.646958</timestamp>
			</report>
			<report>
				<misses>742000001</misses>
				<total>0</total>
				<timestamp>4714.279947</timestamp>
			</report>
			<report>
				<misses>742100001</misses>
				<total>0</total>
				<timestamp>4714.924390</timestamp>
			</report>
			<report>
				<misses>742200001</misses>
				<total>0</total>
				<timestamp>4715.557414</timestamp>
			</report>
			<report>
				<misses>742300001</misses>
				<total>0</total>
				<timestamp>4716.196441</timestamp>
			</report>
			<report>
				<misses>742400001</misses>
				<total>0</total>
				<timestamp>4716.831182</timestamp>
			</report>
			<report>
				<misses>742500001</misses>
				<total>0</total>
				<timestamp>4717.463910</timestamp>
			</report>
			<report>
				<misses>742600001</misses>
				<total>0</total>
				<timestamp>4718.097013</timestamp>
			</report>
			<report>
				<misses>742700001</misses>
				<total>0</total>
				<timestamp>4718.730727</timestamp>
			</report>
			<report>
				<misses>742800001</misses>
				<total>0</total>
				<timestamp>4719.368022</timestamp>
			</report>
			<report>
				<misses>742900001</misses>
				<total>0</total>
				<timestamp>4720.000890</timestamp>
			</report>
			<report>
				<misses>743000001</misses>
				<total>0</total>
				<timestamp>4720.633839</timestamp>
			</report>
			<report>
				<misses>743100001</misses>
				<total>0</total>
				<timestamp>4721.266913</timestamp>
			</report>
			<report>
				<misses>743200001</misses>
				<total>0</total>
				<timestamp>4721.899961</timestamp>
			</report>
			<report>
				<misses>743300001</misses>
				<total>0</total>
				<timestamp>4722.532392</timestamp>
			</report>
			<report>
				<misses>743400001</misses>
				<total>0</total>
				<timestamp>4723.165737</timestamp>
			</report>
			<report>
				<misses>743500001</misses>
				<total>0</total>
				<timestamp>4723.799761</timestamp>
			</report>
			<report>
				<misses>743600001</misses>
				<total>0</total>
				<timestamp>4724.432342</timestamp>
			</report>
			<report>
				<misses>743700001</misses>
				<total>0</total>
				<timestamp>4725.066231</timestamp>
			</report>
			<report>
				<misses>743800001</misses>
				<total>0</total>
				<timestamp>4725.699334</timestamp>
			</report>
			<report>
				<misses>743900001</misses>
				<total>0</total>
				<timestamp>4726.332433</timestamp>
			</report>
			<report>
				<misses>744000001</misses>
				<total>0</total>
				<timestamp>4726.966094</timestamp>
			</report>
			<report>
				<misses>744100001</misses>
				<total>0</total>
				<timestamp>4727.599971</timestamp>
			</report>
			<report>
				<misses>744200001</misses>
				<total>0</total>
				<timestamp>4728.233342</timestamp>
			</report>
			<report>
				<misses>744300001</misses>
				<total>0</total>
				<timestamp>4728.871882</timestamp>
			</report>
			<report>
				<misses>744400001</misses>
				<total>0</total>
				<timestamp>4729.504820</timestamp>
			</report>
			<report>
				<misses>744500001</misses>
				<total>0</total>
				<timestamp>4730.138960</timestamp>
			</report>
			<report>
				<misses>744600001</misses>
				<total>0</total>
				<timestamp>4730.771326</timestamp>
			</report>
			<report>
				<misses>744700001</misses>
				<total>0</total>
				<timestamp>4731.404887</timestamp>
			</report>
			<report>
				<misses>744800001</misses>
				<total>0</total>
				<timestamp>4732.038155</timestamp>
			</report>
			<report>
				<misses>744900001</misses>
				<total>0</total>
				<timestamp>4732.671782</timestamp>
			</report>
			<report>
				<misses>745000001</misses>
				<total>0</total>
				<timestamp>4733.305481</timestamp>
			</report>
			<report>
				<misses>745100001</misses>
				<total>0</total>
				<timestamp>4733.939537</timestamp>
			</report>
			<report>
				<misses>745200001</misses>
				<total>0</total>
				<timestamp>4734.573623</timestamp>
			</report>
			<report>
				<misses>745300001</misses>
				<total>0</total>
				<timestamp>4735.208646</timestamp>
			</report>
			<report>
				<misses>745400001</misses>
				<total>0</total>
				<timestamp>4735.842540</timestamp>
			</report>
			<report>
				<misses>745500001</misses>
				<total>0</total>
				<timestamp>4736.478756</timestamp>
			</report>
			<report>
				<misses>745600001</misses>
				<total>0</total>
				<timestamp>4737.111097</timestamp>
			</report>
			<report>
				<misses>745700001</misses>
				<total>0</total>
				<timestamp>4737.744113</timestamp>
			</report>
			<report>
				<misses>745800001</misses>
				<total>0</total>
				<timestamp>4738.377606</timestamp>
			</report>
			<report>
				<misses>745900001</misses>
				<total>0</total>
				<timestamp>4739.011381</timestamp>
			</report>
			<report>
				<misses>746000001</misses>
				<total>0</total>
				<timestamp>4739.645626</timestamp>
			</report>
			<report>
				<misses>746100001</misses>
				<total>0</total>
				<timestamp>4740.279792</timestamp>
			</report>
			<report>
				<misses>746200001</misses>
				<total>0</total>
				<timestamp>4740.913101</timestamp>
			</report>
			<report>
				<misses>746300001</misses>
				<total>0</total>
				<timestamp>4741.546303</timestamp>
			</report>
			<report>
				<misses>746400001</misses>
				<total>0</total>
				<timestamp>4742.179486</timestamp>
			</report>
			<report>
				<misses>746500001</misses>
				<total>0</total>
				<timestamp>4742.814996</timestamp>
			</report>
			<report>
				<misses>746600001</misses>
				<total>0</total>
				<timestamp>4743.476109</timestamp>
			</report>
			<report>
				<misses>746700001</misses>
				<total>0</total>
				<timestamp>4744.128997</timestamp>
			</report>
			<report>
				<misses>746800001</misses>
				<total>0</total>
				<timestamp>4744.786505</timestamp>
			</report>
			<report>
				<misses>746900001</misses>
				<total>0</total>
				<timestamp>4745.419642</timestamp>
			</report>
			<report>
				<misses>747000001</misses>
				<total>0</total>
				<timestamp>4746.053660</timestamp>
			</report>
			<report>
				<misses>747100001</misses>
				<total>0</total>
				<timestamp>4746.687802</timestamp>
			</report>
			<report>
				<misses>747200001</misses>
				<total>0</total>
				<timestamp>4747.322170</timestamp>
			</report>
			<report>
				<misses>747300001</misses>
				<total>0</total>
				<timestamp>4747.955775</timestamp>
			</report>
			<report>
				<misses>747400001</misses>
				<total>0</total>
				<timestamp>4748.588890</timestamp>
			</report>
			<report>
				<misses>747500001</misses>
				<total>0</total>
				<timestamp>4749.222146</timestamp>
			</report>
			<report>
				<misses>747600001</misses>
				<total>0</total>
				<timestamp>4749.854951</timestamp>
			</report>
			<report>
				<misses>747700001</misses>
				<total>0</total>
				<timestamp>4750.488981</timestamp>
			</report>
			<report>
				<misses>747800001</misses>
				<total>0</total>
				<timestamp>4751.125732</timestamp>
			</report>
			<report>
				<misses>747900001</misses>
				<total>0</total>
				<timestamp>4751.758549</timestamp>
			</report>
			<report>
				<misses>748000001</misses>
				<total>0</total>
				<timestamp>4752.391722</timestamp>
			</report>
			<report>
				<misses>748100001</misses>
				<total>0</total>
				<timestamp>4753.024840</timestamp>
			</report>
			<report>
				<misses>748200001</misses>
				<total>0</total>
				<timestamp>4753.657989</timestamp>
			</report>
			<report>
				<misses>748300001</misses>
				<total>0</total>
				<timestamp>4754.291461</timestamp>
			</report>
			<report>
				<misses>748400001</misses>
				<total>0</total>
				<timestamp>4754.924828</timestamp>
			</report>
			<report>
				<misses>748500001</misses>
				<total>0</total>
				<timestamp>4755.557594</timestamp>
			</report>
			<report>
				<misses>748600001</misses>
				<total>0</total>
				<timestamp>4756.196875</timestamp>
			</report>
			<report>
				<misses>748700001</misses>
				<total>0</total>
				<timestamp>4756.831142</timestamp>
			</report>
			<report>
				<misses>748800001</misses>
				<total>0</total>
				<timestamp>4757.464414</timestamp>
			</report>
			<report>
				<misses>748900001</misses>
				<total>0</total>
				<timestamp>4758.105930</timestamp>
			</report>
			<report>
				<misses>749000001</misses>
				<total>0</total>
				<timestamp>4758.739100</timestamp>
			</report>
			<report>
				<misses>749100001</misses>
				<total>0</total>
				<timestamp>4759.371674</timestamp>
			</report>
			<report>
				<misses>749200001</misses>
				<total>0</total>
				<timestamp>4760.005579</timestamp>
			</report>
			<report>
				<misses>749300001</misses>
				<total>0</total>
				<timestamp>4760.638502</timestamp>
			</report>
			<report>
				<misses>749400001</misses>
				<total>0</total>
				<timestamp>4761.271861</timestamp>
			</report>
			<report>
				<misses>749500001</misses>
				<total>0</total>
				<timestamp>4761.906322</timestamp>
			</report>
			<report>
				<misses>749600001</misses>
				<total>0</total>
				<timestamp>4762.538779</timestamp>
			</report>
			<report>
				<misses>749700001</misses>
				<total>0</total>
				<timestamp>4763.171442</timestamp>
			</report>
			<report>
				<misses>749800001</misses>
				<total>0</total>
				<timestamp>4763.806958</timestamp>
			</report>
			<report>
				<misses>749900001</misses>
				<total>0</total>
				<timestamp>4764.439214</timestamp>
			</report>
			<report>
				<misses>750000001</misses>
				<total>0</total>
				<timestamp>4765.071769</timestamp>
			</report>
			<report>
				<misses>750100001</misses>
				<total>0</total>
				<timestamp>4765.704922</timestamp>
			</report>
			<report>
				<misses>750200001</misses>
				<total>0</total>
				<timestamp>4766.338808</timestamp>
			</report>
			<report>
				<misses>750300001</misses>
				<total>0</total>
				<timestamp>4766.972076</timestamp>
			</report>
			<report>
				<misses>750400001</misses>
				<total>0</total>
				<timestamp>4767.605415</timestamp>
			</report>
			<report>
				<misses>750500001</misses>
				<total>0</total>
				<timestamp>4768.245809</timestamp>
			</report>
			<report>
				<misses>750600001</misses>
				<total>0</total>
				<timestamp>4768.880547</timestamp>
			</report>
			<report>
				<misses>750700001</misses>
				<total>0</total>
				<timestamp>4769.515054</timestamp>
			</report>
			<report>
				<misses>750800001</misses>
				<total>0</total>
				<timestamp>4770.152776</timestamp>
			</report>
			<report>
				<misses>750900001</misses>
				<total>0</total>
				<timestamp>4770.786853</timestamp>
			</report>
			<report>
				<misses>751000001</misses>
				<total>0</total>
				<timestamp>4771.420615</timestamp>
			</report>
			<report>
				<misses>751100001</misses>
				<total>0</total>
				<timestamp>4772.054054</timestamp>
			</report>
			<report>
				<misses>751200001</misses>
				<total>0</total>
				<timestamp>4772.687328</timestamp>
			</report>
			<report>
				<misses>751300001</misses>
				<total>0</total>
				<timestamp>4773.321934</timestamp>
			</report>
			<report>
				<misses>751400001</misses>
				<total>0</total>
				<timestamp>4773.954809</timestamp>
			</report>
			<report>
				<misses>751500001</misses>
				<total>0</total>
				<timestamp>4774.587670</timestamp>
			</report>
			<report>
				<misses>751600001</misses>
				<total>0</total>
				<timestamp>4775.220926</timestamp>
			</report>
			<report>
				<misses>751700001</misses>
				<total>0</total>
				<timestamp>4775.857784</timestamp>
			</report>
			<report>
				<misses>751800001</misses>
				<total>0</total>
				<timestamp>4776.491625</timestamp>
			</report>
			<report>
				<misses>751900001</misses>
				<total>0</total>
				<timestamp>4777.125245</timestamp>
			</report>
			<report>
				<misses>752000001</misses>
				<total>0</total>
				<timestamp>4777.758927</timestamp>
			</report>
			<report>
				<misses>752100001</misses>
				<total>0</total>
				<timestamp>4778.392445</timestamp>
			</report>
			<report>
				<misses>752200001</misses>
				<total>0</total>
				<timestamp>4779.030851</timestamp>
			</report>
			<report>
				<misses>752300001</misses>
				<total>0</total>
				<timestamp>4779.664772</timestamp>
			</report>
			<report>
				<misses>752400001</misses>
				<total>0</total>
				<timestamp>4780.298623</timestamp>
			</report>
			<report>
				<misses>752500001</misses>
				<total>0</total>
				<timestamp>4780.931833</timestamp>
			</report>
			<report>
				<misses>752600001</misses>
				<total>0</total>
				<timestamp>4781.565698</timestamp>
			</report>
			<report>
				<misses>752700001</misses>
				<total>0</total>
				<timestamp>4782.199332</timestamp>
			</report>
			<report>
				<misses>752800001</misses>
				<total>0</total>
				<timestamp>4782.839628</timestamp>
			</report>
			<report>
				<misses>752900001</misses>
				<total>0</total>
				<timestamp>4783.473358</timestamp>
			</report>
			<report>
				<misses>753000001</misses>
				<total>0</total>
				<timestamp>4784.107253</timestamp>
			</report>
			<report>
				<misses>753100001</misses>
				<total>0</total>
				<timestamp>4784.740488</timestamp>
			</report>
			<report>
				<misses>753200001</misses>
				<total>0</total>
				<timestamp>4785.374111</timestamp>
			</report>
			<report>
				<misses>753300001</misses>
				<total>0</total>
				<timestamp>4786.007996</timestamp>
			</report>
			<report>
				<misses>753400001</misses>
				<total>0</total>
				<timestamp>4786.642440</timestamp>
			</report>
			<report>
				<misses>753500001</misses>
				<total>0</total>
				<timestamp>4787.275747</timestamp>
			</report>
			<report>
				<misses>753600001</misses>
				<total>0</total>
				<timestamp>4787.914477</timestamp>
			</report>
			<report>
				<misses>753700001</misses>
				<total>0</total>
				<timestamp>4788.548741</timestamp>
			</report>
			<report>
				<misses>753800001</misses>
				<total>0</total>
				<timestamp>4789.181645</timestamp>
			</report>
			<report>
				<misses>753900001</misses>
				<total>0</total>
				<timestamp>4789.821196</timestamp>
			</report>
			<report>
				<misses>754000001</misses>
				<total>0</total>
				<timestamp>4790.455166</timestamp>
			</report>
			<report>
				<misses>754100001</misses>
				<total>0</total>
				<timestamp>4791.089307</timestamp>
			</report>
			<report>
				<misses>754200001</misses>
				<total>0</total>
				<timestamp>4791.723391</timestamp>
			</report>
			<report>
				<misses>754300001</misses>
				<total>0</total>
				<timestamp>4792.356942</timestamp>
			</report>
			<report>
				<misses>754400001</misses>
				<total>0</total>
				<timestamp>4792.991653</timestamp>
			</report>
			<report>
				<misses>754500001</misses>
				<total>0</total>
				<timestamp>4793.626301</timestamp>
			</report>
			<report>
				<misses>754600001</misses>
				<total>0</total>
				<timestamp>4794.260642</timestamp>
			</report>
			<report>
				<misses>754700001</misses>
				<total>0</total>
				<timestamp>4794.893692</timestamp>
			</report>
			<report>
				<misses>754800001</misses>
				<total>0</total>
				<timestamp>4795.527810</timestamp>
			</report>
			<report>
				<misses>754900001</misses>
				<total>0</total>
				<timestamp>4796.163068</timestamp>
			</report>
			<report>
				<misses>755000001</misses>
				<total>0</total>
				<timestamp>4796.796425</timestamp>
			</report>
			<report>
				<misses>755100001</misses>
				<total>0</total>
				<timestamp>4797.429836</timestamp>
			</report>
			<report>
				<misses>755200001</misses>
				<total>0</total>
				<timestamp>4798.065250</timestamp>
			</report>
			<report>
				<misses>755300001</misses>
				<total>0</total>
				<timestamp>4798.698786</timestamp>
			</report>
			<report>
				<misses>755400001</misses>
				<total>0</total>
				<timestamp>4799.333201</timestamp>
			</report>
			<report>
				<misses>755500001</misses>
				<total>0</total>
				<timestamp>4799.966392</timestamp>
			</report>
			<report>
				<misses>755600001</misses>
				<total>0</total>
				<timestamp>4800.599105</timestamp>
			</report>
			<report>
				<misses>755700001</misses>
				<total>0</total>
				<timestamp>4801.256280</timestamp>
			</report>
			<report>
				<misses>755800001</misses>
				<total>0</total>
				<timestamp>4801.894201</timestamp>
			</report>
			<report>
				<misses>755900001</misses>
				<total>0</total>
				<timestamp>4802.527923</timestamp>
			</report>
			<report>
				<misses>756000001</misses>
				<total>0</total>
				<timestamp>4803.160856</timestamp>
			</report>
			<report>
				<misses>756100001</misses>
				<total>0</total>
				<timestamp>4803.796536</timestamp>
			</report>
			<report>
				<misses>756200001</misses>
				<total>0</total>
				<timestamp>4804.429722</timestamp>
			</report>
			<report>
				<misses>756300001</misses>
				<total>0</total>
				<timestamp>4805.063027</timestamp>
			</report>
			<report>
				<misses>756400001</misses>
				<total>0</total>
				<timestamp>4805.734725</timestamp>
			</report>
			<report>
				<misses>756500001</misses>
				<total>0</total>
				<timestamp>4806.402384</timestamp>
			</report>
			<report>
				<misses>756600001</misses>
				<total>0</total>
				<timestamp>4807.057019</timestamp>
			</report>
			<report>
				<misses>756700001</misses>
				<total>0</total>
				<timestamp>4807.691565</timestamp>
			</report>
			<report>
				<misses>756800001</misses>
				<total>0</total>
				<timestamp>4808.326373</timestamp>
			</report>
			<report>
				<misses>756900001</misses>
				<total>0</total>
				<timestamp>4808.984752</timestamp>
			</report>
			<report>
				<misses>757000001</misses>
				<total>0</total>
				<timestamp>4809.619625</timestamp>
			</report>
			<report>
				<misses>757100001</misses>
				<total>0</total>
				<timestamp>4810.255256</timestamp>
			</report>
			<report>
				<misses>757200001</misses>
				<total>0</total>
				<timestamp>4810.889213</timestamp>
			</report>
			<report>
				<misses>757300001</misses>
				<total>0</total>
				<timestamp>4811.522875</timestamp>
			</report>
			<report>
				<misses>757400001</misses>
				<total>0</total>
				<timestamp>4812.157150</timestamp>
			</report>
			<report>
				<misses>757500001</misses>
				<total>0</total>
				<timestamp>4812.791902</timestamp>
			</report>
			<report>
				<misses>757600001</misses>
				<total>0</total>
				<timestamp>4813.427229</timestamp>
			</report>
			<report>
				<misses>757700001</misses>
				<total>0</total>
				<timestamp>4814.063720</timestamp>
			</report>
			<report>
				<misses>757800001</misses>
				<total>0</total>
				<timestamp>4814.697072</timestamp>
			</report>
			<report>
				<misses>757900001</misses>
				<total>0</total>
				<timestamp>4815.333719</timestamp>
			</report>
			<report>
				<misses>758000001</misses>
				<total>0</total>
				<timestamp>4815.967214</timestamp>
			</report>
			<report>
				<misses>758100001</misses>
				<total>0</total>
				<timestamp>4816.600893</timestamp>
			</report>
			<report>
				<misses>758200001</misses>
				<total>0</total>
				<timestamp>4817.235869</timestamp>
			</report>
			<report>
				<misses>758300001</misses>
				<total>0</total>
				<timestamp>4817.871828</timestamp>
			</report>
			<report>
				<misses>758400001</misses>
				<total>0</total>
				<timestamp>4818.505263</timestamp>
			</report>
			<report>
				<misses>758500001</misses>
				<total>0</total>
				<timestamp>4819.140376</timestamp>
			</report>
			<report>
				<misses>758600001</misses>
				<total>0</total>
				<timestamp>4819.774234</timestamp>
			</report>
			<report>
				<misses>758700001</misses>
				<total>0</total>
				<timestamp>4820.409332</timestamp>
			</report>
			<report>
				<misses>758800001</misses>
				<total>0</total>
				<timestamp>4821.043888</timestamp>
			</report>
			<report>
				<misses>758900001</misses>
				<total>0</total>
				<timestamp>4821.679053</timestamp>
			</report>
			<report>
				<misses>759000001</misses>
				<total>0</total>
				<timestamp>4822.312016</timestamp>
			</report>
			<report>
				<misses>759100001</misses>
				<total>0</total>
				<timestamp>4822.951536</timestamp>
			</report>
			<report>
				<misses>759200001</misses>
				<total>0</total>
				<timestamp>4823.585319</timestamp>
			</report>
			<report>
				<misses>759300001</misses>
				<total>0</total>
				<timestamp>4824.236067</timestamp>
			</report>
			<report>
				<misses>759400001</misses>
				<total>0</total>
				<timestamp>4824.877464</timestamp>
			</report>
			<report>
				<misses>759500001</misses>
				<total>0</total>
				<timestamp>4825.510121</timestamp>
			</report>
			<report>
				<misses>759600001</misses>
				<total>0</total>
				<timestamp>4826.143759</timestamp>
			</report>
			<report>
				<misses>759700001</misses>
				<total>0</total>
				<timestamp>4826.776375</timestamp>
			</report>
			<report>
				<misses>759800001</misses>
				<total>0</total>
				<timestamp>4827.409216</timestamp>
			</report>
			<report>
				<misses>759900001</misses>
				<total>0</total>
				<timestamp>4828.042174</timestamp>
			</report>
			<report>
				<misses>760000001</misses>
				<total>0</total>
				<timestamp>4828.699400</timestamp>
			</report>
			<report>
				<misses>760100001</misses>
				<total>0</total>
				<timestamp>4829.359954</timestamp>
			</report>
			<report>
				<misses>760200001</misses>
				<total>0</total>
				<timestamp>4829.995594</timestamp>
			</report>
			<report>
				<misses>760300001</misses>
				<total>0</total>
				<timestamp>4830.628854</timestamp>
			</report>
			<report>
				<misses>760400001</misses>
				<total>0</total>
				<timestamp>4831.263017</timestamp>
			</report>
			<report>
				<misses>760500001</misses>
				<total>0</total>
				<timestamp>4831.896591</timestamp>
			</report>
			<report>
				<misses>760600001</misses>
				<total>0</total>
				<timestamp>4832.530806</timestamp>
			</report>
			<report>
				<misses>760700001</misses>
				<total>0</total>
				<timestamp>4833.164348</timestamp>
			</report>
			<report>
				<misses>760800001</misses>
				<total>0</total>
				<timestamp>4833.800376</timestamp>
			</report>
			<report>
				<misses>760900001</misses>
				<total>0</total>
				<timestamp>4834.433431</timestamp>
			</report>
			<report>
				<misses>761000001</misses>
				<total>0</total>
				<timestamp>4835.071356</timestamp>
			</report>
			<report>
				<misses>761100001</misses>
				<total>0</total>
				<timestamp>4835.704215</timestamp>
			</report>
			<report>
				<misses>761200001</misses>
				<total>0</total>
				<timestamp>4836.337260</timestamp>
			</report>
			<report>
				<misses>761300001</misses>
				<total>0</total>
				<timestamp>4836.972668</timestamp>
			</report>
			<report>
				<misses>761400001</misses>
				<total>0</total>
				<timestamp>4837.605381</timestamp>
			</report>
			<report>
				<misses>761500001</misses>
				<total>0</total>
				<timestamp>4838.255541</timestamp>
			</report>
			<report>
				<misses>761600001</misses>
				<total>0</total>
				<timestamp>4838.888125</timestamp>
			</report>
			<report>
				<misses>761700001</misses>
				<total>0</total>
				<timestamp>4839.522462</timestamp>
			</report>
			<report>
				<misses>761800001</misses>
				<total>0</total>
				<timestamp>4840.155939</timestamp>
			</report>
			<report>
				<misses>761900001</misses>
				<total>0</total>
				<timestamp>4840.790609</timestamp>
			</report>
			<report>
				<misses>762000001</misses>
				<total>0</total>
				<timestamp>4841.423600</timestamp>
			</report>
			<report>
				<misses>762100001</misses>
				<total>0</total>
				<timestamp>4842.057762</timestamp>
			</report>
			<report>
				<misses>762200001</misses>
				<total>0</total>
				<timestamp>4842.690525</timestamp>
			</report>
			<report>
				<misses>762300001</misses>
				<total>0</total>
				<timestamp>4843.324528</timestamp>
			</report>
			<report>
				<misses>762400001</misses>
				<total>0</total>
				<timestamp>4843.957150</timestamp>
			</report>
			<report>
				<misses>762500001</misses>
				<total>0</total>
				<timestamp>4844.591714</timestamp>
			</report>
			<report>
				<misses>762600001</misses>
				<total>0</total>
				<timestamp>4845.226471</timestamp>
			</report>
			<report>
				<misses>762700001</misses>
				<total>0</total>
				<timestamp>4845.860620</timestamp>
			</report>
			<report>
				<misses>762800001</misses>
				<total>0</total>
				<timestamp>4846.493107</timestamp>
			</report>
			<report>
				<misses>762900001</misses>
				<total>0</total>
				<timestamp>4847.128814</timestamp>
			</report>
			<report>
				<misses>763000001</misses>
				<total>0</total>
				<timestamp>4847.762430</timestamp>
			</report>
			<report>
				<misses>763100001</misses>
				<total>0</total>
				<timestamp>4848.397840</timestamp>
			</report>
			<report>
				<misses>763200001</misses>
				<total>0</total>
				<timestamp>4849.031099</timestamp>
			</report>
			<report>
				<misses>763300001</misses>
				<total>0</total>
				<timestamp>4849.664603</timestamp>
			</report>
			<report>
				<misses>763400001</misses>
				<total>0</total>
				<timestamp>4850.300655</timestamp>
			</report>
			<report>
				<misses>763500001</misses>
				<total>0</total>
				<timestamp>4850.934328</timestamp>
			</report>
			<report>
				<misses>763600001</misses>
				<total>0</total>
				<timestamp>4851.567460</timestamp>
			</report>
			<report>
				<misses>763700001</misses>
				<total>0</total>
				<timestamp>4852.203061</timestamp>
			</report>
			<report>
				<misses>763800001</misses>
				<total>0</total>
				<timestamp>4852.838753</timestamp>
			</report>
			<report>
				<misses>763900001</misses>
				<total>0</total>
				<timestamp>4853.472339</timestamp>
			</report>
			<report>
				<misses>764000001</misses>
				<total>0</total>
				<timestamp>4854.107507</timestamp>
			</report>
			<report>
				<misses>764100001</misses>
				<total>0</total>
				<timestamp>4854.746324</timestamp>
			</report>
			<report>
				<misses>764200001</misses>
				<total>0</total>
				<timestamp>4855.381272</timestamp>
			</report>
			<report>
				<misses>764300001</misses>
				<total>0</total>
				<timestamp>4856.029144</timestamp>
			</report>
			<report>
				<misses>764400001</misses>
				<total>0</total>
				<timestamp>4856.663892</timestamp>
			</report>
			<report>
				<misses>764500001</misses>
				<total>0</total>
				<timestamp>4857.299038</timestamp>
			</report>
			<report>
				<misses>764600001</misses>
				<total>0</total>
				<timestamp>4857.941128</timestamp>
			</report>
			<report>
				<misses>764700001</misses>
				<total>0</total>
				<timestamp>4858.576581</timestamp>
			</report>
			<report>
				<misses>764800001</misses>
				<total>0</total>
				<timestamp>4859.226897</timestamp>
			</report>
			<report>
				<misses>764900001</misses>
				<total>0</total>
				<timestamp>4859.860457</timestamp>
			</report>
			<report>
				<misses>765000001</misses>
				<total>0</total>
				<timestamp>4860.495764</timestamp>
			</report>
			<report>
				<misses>765100001</misses>
				<total>0</total>
				<timestamp>4861.146899</timestamp>
			</report>
			<report>
				<misses>765200001</misses>
				<total>0</total>
				<timestamp>4861.785885</timestamp>
			</report>
			<report>
				<misses>765300001</misses>
				<total>0</total>
				<timestamp>4862.419622</timestamp>
			</report>
			<report>
				<misses>765400001</misses>
				<total>0</total>
				<timestamp>4863.062958</timestamp>
			</report>
			<report>
				<misses>765500001</misses>
				<total>0</total>
				<timestamp>4863.695627</timestamp>
			</report>
			<report>
				<misses>765600001</misses>
				<total>0</total>
				<timestamp>4864.329601</timestamp>
			</report>
			<report>
				<misses>765700001</misses>
				<total>0</total>
				<timestamp>4864.962620</timestamp>
			</report>
			<report>
				<misses>765800001</misses>
				<total>0</total>
				<timestamp>4865.595365</timestamp>
			</report>
			<report>
				<misses>765900001</misses>
				<total>0</total>
				<timestamp>4866.228163</timestamp>
			</report>
			<report>
				<misses>766000001</misses>
				<total>0</total>
				<timestamp>4866.875236</timestamp>
			</report>
			<report>
				<misses>766100001</misses>
				<total>0</total>
				<timestamp>4867.534918</timestamp>
			</report>
			<report>
				<misses>766200001</misses>
				<total>0</total>
				<timestamp>4868.189432</timestamp>
			</report>
			<report>
				<misses>766300001</misses>
				<total>0</total>
				<timestamp>4868.825406</timestamp>
			</report>
			<report>
				<misses>766400001</misses>
				<total>0</total>
				<timestamp>4869.458578</timestamp>
			</report>
			<report>
				<misses>766500001</misses>
				<total>0</total>
				<timestamp>4870.103311</timestamp>
			</report>
			<report>
				<misses>766600001</misses>
				<total>0</total>
				<timestamp>4870.736298</timestamp>
			</report>
			<report>
				<misses>766700001</misses>
				<total>0</total>
				<timestamp>4871.369970</timestamp>
			</report>
			<report>
				<misses>766800001</misses>
				<total>0</total>
				<timestamp>4872.002627</timestamp>
			</report>
			<report>
				<misses>766900001</misses>
				<total>0</total>
				<timestamp>4872.635498</timestamp>
			</report>
			<report>
				<misses>767000001</misses>
				<total>0</total>
				<timestamp>4873.269422</timestamp>
			</report>
			<report>
				<misses>767100001</misses>
				<total>0</total>
				<timestamp>4873.902313</timestamp>
			</report>
			<report>
				<misses>767200001</misses>
				<total>0</total>
				<timestamp>4874.535511</timestamp>
			</report>
			<report>
				<misses>767300001</misses>
				<total>0</total>
				<timestamp>4875.168211</timestamp>
			</report>
			<report>
				<misses>767400001</misses>
				<total>0</total>
				<timestamp>4875.799707</timestamp>
			</report>
			<report>
				<misses>767500001</misses>
				<total>0</total>
				<timestamp>4876.432219</timestamp>
			</report>
			<report>
				<misses>767600001</misses>
				<total>0</total>
				<timestamp>4877.065156</timestamp>
			</report>
			<report>
				<misses>767700001</misses>
				<total>0</total>
				<timestamp>4877.698005</timestamp>
			</report>
			<report>
				<misses>767800001</misses>
				<total>0</total>
				<timestamp>4878.331579</timestamp>
			</report>
			<report>
				<misses>767900001</misses>
				<total>0</total>
				<timestamp>4878.970981</timestamp>
			</report>
			<report>
				<misses>768000001</misses>
				<total>0</total>
				<timestamp>4879.603945</timestamp>
			</report>
			<report>
				<misses>768100001</misses>
				<total>0</total>
				<timestamp>4880.237537</timestamp>
			</report>
			<report>
				<misses>768200001</misses>
				<total>0</total>
				<timestamp>4880.871059</timestamp>
			</report>
			<report>
				<misses>768300001</misses>
				<total>0</total>
				<timestamp>4881.504688</timestamp>
			</report>
			<report>
				<misses>768400001</misses>
				<total>0</total>
				<timestamp>4882.138478</timestamp>
			</report>
			<report>
				<misses>768500001</misses>
				<total>0</total>
				<timestamp>4882.771075</timestamp>
			</report>
			<report>
				<misses>768600001</misses>
				<total>0</total>
				<timestamp>4883.403926</timestamp>
			</report>
			<report>
				<misses>768700001</misses>
				<total>0</total>
				<timestamp>4884.036653</timestamp>
			</report>
			<report>
				<misses>768800001</misses>
				<total>0</total>
				<timestamp>4884.670526</timestamp>
			</report>
			<report>
				<misses>768900001</misses>
				<total>0</total>
				<timestamp>4885.305525</timestamp>
			</report>
			<report>
				<misses>769000001</misses>
				<total>0</total>
				<timestamp>4885.938450</timestamp>
			</report>
			<report>
				<misses>769100001</misses>
				<total>0</total>
				<timestamp>4886.571535</timestamp>
			</report>
			<report>
				<misses>769200001</misses>
				<total>0</total>
				<timestamp>4887.205982</timestamp>
			</report>
			<report>
				<misses>769300001</misses>
				<total>0</total>
				<timestamp>4887.841842</timestamp>
			</report>
			<report>
				<misses>769400001</misses>
				<total>0</total>
				<timestamp>4888.475966</timestamp>
			</report>
			<report>
				<misses>769500001</misses>
				<total>0</total>
				<timestamp>4889.114623</timestamp>
			</report>
			<report>
				<misses>769600001</misses>
				<total>0</total>
				<timestamp>4889.751020</timestamp>
			</report>
			<report>
				<misses>769700001</misses>
				<total>0</total>
				<timestamp>4890.388295</timestamp>
			</report>
			<report>
				<misses>769800001</misses>
				<total>0</total>
				<timestamp>4891.023197</timestamp>
			</report>
			<report>
				<misses>769900001</misses>
				<total>0</total>
				<timestamp>4891.656340</timestamp>
			</report>
			<report>
				<misses>770000001</misses>
				<total>0</total>
				<timestamp>4892.291267</timestamp>
			</report>
			<report>
				<misses>770100001</misses>
				<total>0</total>
				<timestamp>4892.928647</timestamp>
			</report>
			<report>
				<misses>770200001</misses>
				<total>0</total>
				<timestamp>4893.561898</timestamp>
			</report>
			<report>
				<misses>770300001</misses>
				<total>0</total>
				<timestamp>4894.199945</timestamp>
			</report>
			<report>
				<misses>770400001</misses>
				<total>0</total>
				<timestamp>4894.836418</timestamp>
			</report>
			<report>
				<misses>770500001</misses>
				<total>0</total>
				<timestamp>4895.469253</timestamp>
			</report>
			<report>
				<misses>770600001</misses>
				<total>0</total>
				<timestamp>4896.101954</timestamp>
			</report>
			<report>
				<misses>770700001</misses>
				<total>0</total>
				<timestamp>4896.735717</timestamp>
			</report>
			<report>
				<misses>770800001</misses>
				<total>0</total>
				<timestamp>4897.369635</timestamp>
			</report>
			<report>
				<misses>770900001</misses>
				<total>0</total>
				<timestamp>4898.016474</timestamp>
			</report>
			<report>
				<misses>771000001</misses>
				<total>0</total>
				<timestamp>4898.649863</timestamp>
			</report>
			<report>
				<misses>771100001</misses>
				<total>0</total>
				<timestamp>4899.284317</timestamp>
			</report>
			<report>
				<misses>771200001</misses>
				<total>0</total>
				<timestamp>4899.919176</timestamp>
			</report>
			<report>
				<misses>771300001</misses>
				<total>0</total>
				<timestamp>4900.553302</timestamp>
			</report>
			<report>
				<misses>771400001</misses>
				<total>0</total>
				<timestamp>4901.187450</timestamp>
			</report>
			<report>
				<misses>771500001</misses>
				<total>0</total>
				<timestamp>4901.821179</timestamp>
			</report>
			<report>
				<misses>771600001</misses>
				<total>0</total>
				<timestamp>4902.454197</timestamp>
			</report>
			<report>
				<misses>771700001</misses>
				<total>0</total>
				<timestamp>4903.087052</timestamp>
			</report>
			<report>
				<misses>771800001</misses>
				<total>0</total>
				<timestamp>4903.721243</timestamp>
			</report>
			<report>
				<misses>771900001</misses>
				<total>0</total>
				<timestamp>4904.357369</timestamp>
			</report>
			<report>
				<misses>772000001</misses>
				<total>0</total>
				<timestamp>4904.992211</timestamp>
			</report>
			<report>
				<misses>772100001</misses>
				<total>0</total>
				<timestamp>4905.626650</timestamp>
			</report>
			<report>
				<misses>772200001</misses>
				<total>0</total>
				<timestamp>4906.261375</timestamp>
			</report>
			<report>
				<misses>772300001</misses>
				<total>0</total>
				<timestamp>4906.896591</timestamp>
			</report>
			<report>
				<misses>772400001</misses>
				<total>0</total>
				<timestamp>4907.532515</timestamp>
			</report>
			<report>
				<misses>772500001</misses>
				<total>0</total>
				<timestamp>4908.167491</timestamp>
			</report>
			<report>
				<misses>772600001</misses>
				<total>0</total>
				<timestamp>4908.802602</timestamp>
			</report>
			<report>
				<misses>772700001</misses>
				<total>0</total>
				<timestamp>4909.435578</timestamp>
			</report>
			<report>
				<misses>772800001</misses>
				<total>0</total>
				<timestamp>4910.073436</timestamp>
			</report>
			<report>
				<misses>772900001</misses>
				<total>0</total>
				<timestamp>4910.706098</timestamp>
			</report>
			<report>
				<misses>773000001</misses>
				<total>0</total>
				<timestamp>4911.338049</timestamp>
			</report>
			<report>
				<misses>773100001</misses>
				<total>0</total>
				<timestamp>4911.971142</timestamp>
			</report>
			<report>
				<misses>773200001</misses>
				<total>0</total>
				<timestamp>4912.603820</timestamp>
			</report>
			<report>
				<misses>773300001</misses>
				<total>0</total>
				<timestamp>4913.238121</timestamp>
			</report>
			<report>
				<misses>773400001</misses>
				<total>0</total>
				<timestamp>4913.871156</timestamp>
			</report>
			<report>
				<misses>773500001</misses>
				<total>0</total>
				<timestamp>4914.504806</timestamp>
			</report>
			<report>
				<misses>773600001</misses>
				<total>0</total>
				<timestamp>4915.137526</timestamp>
			</report>
			<report>
				<misses>773700001</misses>
				<total>0</total>
				<timestamp>4915.773718</timestamp>
			</report>
			<report>
				<misses>773800001</misses>
				<total>0</total>
				<timestamp>4916.409209</timestamp>
			</report>
			<report>
				<misses>773900001</misses>
				<total>0</total>
				<timestamp>4917.042675</timestamp>
			</report>
			<report>
				<misses>774000001</misses>
				<total>0</total>
				<timestamp>4917.675605</timestamp>
			</report>
			<report>
				<misses>774100001</misses>
				<total>0</total>
				<timestamp>4918.309055</timestamp>
			</report>
			<report>
				<misses>774200001</misses>
				<total>0</total>
				<timestamp>4918.942922</timestamp>
			</report>
			<report>
				<misses>774300001</misses>
				<total>0</total>
				<timestamp>4919.576135</timestamp>
			</report>
			<report>
				<misses>774400001</misses>
				<total>0</total>
				<timestamp>4920.209142</timestamp>
			</report>
			<report>
				<misses>774500001</misses>
				<total>0</total>
				<timestamp>4920.845520</timestamp>
			</report>
			<report>
				<misses>774600001</misses>
				<total>0</total>
				<timestamp>4921.478849</timestamp>
			</report>
			<report>
				<misses>774700001</misses>
				<total>0</total>
				<timestamp>4922.118053</timestamp>
			</report>
			<report>
				<misses>774800001</misses>
				<total>0</total>
				<timestamp>4922.751027</timestamp>
			</report>
			<report>
				<misses>774900001</misses>
				<total>0</total>
				<timestamp>4923.385049</timestamp>
			</report>
			<report>
				<misses>775000001</misses>
				<total>0</total>
				<timestamp>4924.025641</timestamp>
			</report>
			<report>
				<misses>775100001</misses>
				<total>0</total>
				<timestamp>4924.659903</timestamp>
			</report>
			<report>
				<misses>775200001</misses>
				<total>0</total>
				<timestamp>4925.292879</timestamp>
			</report>
			<report>
				<misses>775300001</misses>
				<total>0</total>
				<timestamp>4925.929559</timestamp>
			</report>
			<report>
				<misses>775400001</misses>
				<total>0</total>
				<timestamp>4926.561834</timestamp>
			</report>
			<report>
				<misses>775500001</misses>
				<total>0</total>
				<timestamp>4927.194774</timestamp>
			</report>
			<report>
				<misses>775600001</misses>
				<total>0</total>
				<timestamp>4927.827972</timestamp>
			</report>
			<report>
				<misses>775700001</misses>
				<total>0</total>
				<timestamp>4928.462623</timestamp>
			</report>
			<report>
				<misses>775800001</misses>
				<total>0</total>
				<timestamp>4929.095130</timestamp>
			</report>
			<report>
				<misses>775900001</misses>
				<total>0</total>
				<timestamp>4929.729797</timestamp>
			</report>
			<report>
				<misses>776000001</misses>
				<total>0</total>
				<timestamp>4930.362484</timestamp>
			</report>
			<report>
				<misses>776100001</misses>
				<total>0</total>
				<timestamp>4930.995583</timestamp>
			</report>
			<report>
				<misses>776200001</misses>
				<total>0</total>
				<timestamp>4931.628272</timestamp>
			</report>
			<report>
				<misses>776300001</misses>
				<total>0</total>
				<timestamp>4932.260826</timestamp>
			</report>
			<report>
				<misses>776400001</misses>
				<total>0</total>
				<timestamp>4932.903370</timestamp>
			</report>
			<report>
				<misses>776500001</misses>
				<total>0</total>
				<timestamp>4933.537385</timestamp>
			</report>
			<report>
				<misses>776600001</misses>
				<total>0</total>
				<timestamp>4934.171541</timestamp>
			</report>
			<report>
				<misses>776700001</misses>
				<total>0</total>
				<timestamp>4934.808680</timestamp>
			</report>
			<report>
				<misses>776800001</misses>
				<total>0</total>
				<timestamp>4935.452532</timestamp>
			</report>
			<report>
				<misses>776900001</misses>
				<total>0</total>
				<timestamp>4936.086811</timestamp>
			</report>
			<report>
				<misses>777000001</misses>
				<total>0</total>
				<timestamp>4936.720264</timestamp>
			</report>
			<report>
				<misses>777100001</misses>
				<total>0</total>
				<timestamp>4937.354699</timestamp>
			</report>
			<report>
				<misses>777200001</misses>
				<total>0</total>
				<timestamp>4937.987611</timestamp>
			</report>
			<report>
				<misses>777300001</misses>
				<total>0</total>
				<timestamp>4938.621408</timestamp>
			</report>
			<report>
				<misses>777400001</misses>
				<total>0</total>
				<timestamp>4939.259400</timestamp>
			</report>
			<report>
				<misses>777500001</misses>
				<total>0</total>
				<timestamp>4939.891662</timestamp>
			</report>
			<report>
				<misses>777600001</misses>
				<total>0</total>
				<timestamp>4940.524338</timestamp>
			</report>
			<report>
				<misses>777700001</misses>
				<total>0</total>
				<timestamp>4941.158634</timestamp>
			</report>
			<report>
				<misses>777800001</misses>
				<total>0</total>
				<timestamp>4941.791540</timestamp>
			</report>
			<report>
				<misses>777900001</misses>
				<total>0</total>
				<timestamp>4942.426038</timestamp>
			</report>
			<report>
				<misses>778000001</misses>
				<total>0</total>
				<timestamp>4943.061531</timestamp>
			</report>
			<report>
				<misses>778100001</misses>
				<total>0</total>
				<timestamp>4943.694848</timestamp>
			</report>
			<report>
				<misses>778200001</misses>
				<total>0</total>
				<timestamp>4944.328920</timestamp>
			</report>
			<report>
				<misses>778300001</misses>
				<total>0</total>
				<timestamp>4944.962531</timestamp>
			</report>
			<report>
				<misses>778400001</misses>
				<total>0</total>
				<timestamp>4945.595681</timestamp>
			</report>
			<report>
				<misses>778500001</misses>
				<total>0</total>
				<timestamp>4946.234219</timestamp>
			</report>
			<report>
				<misses>778600001</misses>
				<total>0</total>
				<timestamp>4946.866233</timestamp>
			</report>
			<report>
				<misses>778700001</misses>
				<total>0</total>
				<timestamp>4947.499075</timestamp>
			</report>
			<report>
				<misses>778800001</misses>
				<total>0</total>
				<timestamp>4948.134307</timestamp>
			</report>
			<report>
				<misses>778900001</misses>
				<total>0</total>
				<timestamp>4948.776424</timestamp>
			</report>
			<report>
				<misses>779000001</misses>
				<total>0</total>
				<timestamp>4949.412340</timestamp>
			</report>
			<report>
				<misses>779100001</misses>
				<total>0</total>
				<timestamp>4950.046614</timestamp>
			</report>
			<report>
				<misses>779200001</misses>
				<total>0</total>
				<timestamp>4950.679462</timestamp>
			</report>
			<report>
				<misses>779300001</misses>
				<total>0</total>
				<timestamp>4951.312397</timestamp>
			</report>
			<report>
				<misses>779400001</misses>
				<total>0</total>
				<timestamp>4951.946271</timestamp>
			</report>
			<report>
				<misses>779500001</misses>
				<total>0</total>
				<timestamp>4952.579109</timestamp>
			</report>
			<report>
				<misses>779600001</misses>
				<total>0</total>
				<timestamp>4953.212517</timestamp>
			</report>
			<report>
				<misses>779700001</misses>
				<total>0</total>
				<timestamp>4953.846570</timestamp>
			</report>
			<report>
				<misses>779800001</misses>
				<total>0</total>
				<timestamp>4954.480907</timestamp>
			</report>
			<report>
				<misses>779900001</misses>
				<total>0</total>
				<timestamp>4955.114578</timestamp>
			</report>
			<report>
				<misses>780000001</misses>
				<total>0</total>
				<timestamp>4955.748320</timestamp>
			</report>
			<report>
				<misses>780100001</misses>
				<total>0</total>
				<timestamp>4956.382055</timestamp>
			</report>
			<report>
				<misses>780200001</misses>
				<total>0</total>
				<timestamp>4957.015879</timestamp>
			</report>
			<report>
				<misses>780300001</misses>
				<total>0</total>
				<timestamp>4957.649405</timestamp>
			</report>
			<report>
				<misses>780400001</misses>
				<total>0</total>
				<timestamp>4958.282372</timestamp>
			</report>
			<report>
				<misses>780500001</misses>
				<total>0</total>
				<timestamp>4958.914697</timestamp>
			</report>
			<report>
				<misses>780600001</misses>
				<total>0</total>
				<timestamp>4959.546649</timestamp>
			</report>
			<report>
				<misses>780700001</misses>
				<total>0</total>
				<timestamp>4960.183080</timestamp>
			</report>
			<report>
				<misses>780800001</misses>
				<total>0</total>
				<timestamp>4960.820544</timestamp>
			</report>
			<report>
				<misses>780900001</misses>
				<total>0</total>
				<timestamp>4961.453509</timestamp>
			</report>
			<report>
				<misses>781000001</misses>
				<total>0</total>
				<timestamp>4962.086513</timestamp>
			</report>
			<report>
				<misses>781100001</misses>
				<total>0</total>
				<timestamp>4962.731918</timestamp>
			</report>
			<report>
				<misses>781200001</misses>
				<total>0</total>
				<timestamp>4963.365263</timestamp>
			</report>
			<report>
				<misses>781300001</misses>
				<total>0</total>
				<timestamp>4963.997547</timestamp>
			</report>
			<report>
				<misses>781400001</misses>
				<total>0</total>
				<timestamp>4964.630732</timestamp>
			</report>
			<report>
				<misses>781500001</misses>
				<total>0</total>
				<timestamp>4965.263991</timestamp>
			</report>
			<report>
				<misses>781600001</misses>
				<total>0</total>
				<timestamp>4965.898340</timestamp>
			</report>
			<report>
				<misses>781700001</misses>
				<total>0</total>
				<timestamp>4966.531106</timestamp>
			</report>
			<report>
				<misses>781800001</misses>
				<total>0</total>
				<timestamp>4967.164993</timestamp>
			</report>
			<report>
				<misses>781900001</misses>
				<total>0</total>
				<timestamp>4967.798585</timestamp>
			</report>
			<report>
				<misses>782000001</misses>
				<total>0</total>
				<timestamp>4968.432398</timestamp>
			</report>
			<report>
				<misses>782100001</misses>
				<total>0</total>
				<timestamp>4969.064588</timestamp>
			</report>
			<report>
				<misses>782200001</misses>
				<total>0</total>
				<timestamp>4969.697778</timestamp>
			</report>
			<report>
				<misses>782300001</misses>
				<total>0</total>
				<timestamp>4970.339758</timestamp>
			</report>
			<report>
				<misses>782400001</misses>
				<total>0</total>
				<timestamp>4970.973775</timestamp>
			</report>
			<report>
				<misses>782500001</misses>
				<total>0</total>
				<timestamp>4971.606498</timestamp>
			</report>
			<report>
				<misses>782600001</misses>
				<total>0</total>
				<timestamp>4972.239520</timestamp>
			</report>
			<report>
				<misses>782700001</misses>
				<total>0</total>
				<timestamp>4972.872819</timestamp>
			</report>
			<report>
				<misses>782800001</misses>
				<total>0</total>
				<timestamp>4973.506448</timestamp>
			</report>
			<report>
				<misses>782900001</misses>
				<total>0</total>
				<timestamp>4974.138768</timestamp>
			</report>
			<report>
				<misses>783000001</misses>
				<total>0</total>
				<timestamp>4974.771495</timestamp>
			</report>
			<report>
				<misses>783100001</misses>
				<total>0</total>
				<timestamp>4975.404092</timestamp>
			</report>
			<report>
				<misses>783200001</misses>
				<total>0</total>
				<timestamp>4976.041249</timestamp>
			</report>
			<report>
				<misses>783300001</misses>
				<total>0</total>
				<timestamp>4976.675888</timestamp>
			</report>
			<report>
				<misses>783400001</misses>
				<total>0</total>
				<timestamp>4977.309187</timestamp>
			</report>
			<report>
				<misses>783500001</misses>
				<total>0</total>
				<timestamp>4977.954038</timestamp>
			</report>
			<report>
				<misses>783600001</misses>
				<total>0</total>
				<timestamp>4978.588441</timestamp>
			</report>
			<report>
				<misses>783700001</misses>
				<total>0</total>
				<timestamp>4979.222254</timestamp>
			</report>
			<report>
				<misses>783800001</misses>
				<total>0</total>
				<timestamp>4979.854462</timestamp>
			</report>
			<report>
				<misses>783900001</misses>
				<total>0</total>
				<timestamp>4980.489170</timestamp>
			</report>
			<report>
				<misses>784000001</misses>
				<total>0</total>
				<timestamp>4981.123099</timestamp>
			</report>
			<report>
				<misses>784100001</misses>
				<total>0</total>
				<timestamp>4981.757548</timestamp>
			</report>
			<report>
				<misses>784200001</misses>
				<total>0</total>
				<timestamp>4982.391843</timestamp>
			</report>
			<report>
				<misses>784300001</misses>
				<total>0</total>
				<timestamp>4983.041619</timestamp>
			</report>
			<report>
				<misses>784400001</misses>
				<total>0</total>
				<timestamp>4983.678584</timestamp>
			</report>
			<report>
				<misses>784500001</misses>
				<total>0</total>
				<timestamp>4984.312406</timestamp>
			</report>
			<report>
				<misses>784600001</misses>
				<total>0</total>
				<timestamp>4984.951422</timestamp>
			</report>
			<report>
				<misses>784700001</misses>
				<total>0</total>
				<timestamp>4985.584812</timestamp>
			</report>
			<report>
				<misses>784800001</misses>
				<total>0</total>
				<timestamp>4986.223844</timestamp>
			</report>
			<report>
				<misses>784900001</misses>
				<total>0</total>
				<timestamp>4986.858952</timestamp>
			</report>
			<report>
				<misses>785000001</misses>
				<total>0</total>
				<timestamp>4987.492596</timestamp>
			</report>
			<report>
				<misses>785100001</misses>
				<total>0</total>
				<timestamp>4988.126733</timestamp>
			</report>
			<report>
				<misses>785200001</misses>
				<total>0</total>
				<timestamp>4988.761802</timestamp>
			</report>
			<report>
				<misses>785300001</misses>
				<total>0</total>
				<timestamp>4989.397094</timestamp>
			</report>
			<report>
				<misses>785400001</misses>
				<total>0</total>
				<timestamp>4990.059561</timestamp>
			</report>
			<report>
				<misses>785500001</misses>
				<total>0</total>
				<timestamp>4990.700182</timestamp>
			</report>
			<report>
				<misses>785600001</misses>
				<total>0</total>
				<timestamp>4991.333196</timestamp>
			</report>
			<report>
				<misses>785700001</misses>
				<total>0</total>
				<timestamp>4991.969149</timestamp>
			</report>
			<report>
				<misses>785800001</misses>
				<total>0</total>
				<timestamp>4992.603641</timestamp>
			</report>
			<report>
				<misses>785900001</misses>
				<total>0</total>
				<timestamp>4993.238859</timestamp>
			</report>
			<report>
				<misses>786000001</misses>
				<total>0</total>
				<timestamp>4993.877756</timestamp>
			</report>
			<report>
				<misses>786100001</misses>
				<total>0</total>
				<timestamp>4994.512706</timestamp>
			</report>
			<report>
				<misses>786200001</misses>
				<total>0</total>
				<timestamp>4995.147248</timestamp>
			</report>
			<report>
				<misses>786300001</misses>
				<total>0</total>
				<timestamp>4995.783173</timestamp>
			</report>
			<report>
				<misses>786400001</misses>
				<total>0</total>
				<timestamp>4996.417071</timestamp>
			</report>
			<report>
				<misses>786500001</misses>
				<total>0</total>
				<timestamp>4997.050814</timestamp>
			</report>
			<report>
				<misses>786600001</misses>
				<total>0</total>
				<timestamp>4997.685826</timestamp>
			</report>
			<report>
				<misses>786700001</misses>
				<total>0</total>
				<timestamp>4998.334638</timestamp>
			</report>
			<report>
				<misses>786800001</misses>
				<total>0</total>
				<timestamp>4998.970220</timestamp>
			</report>
			<report>
				<misses>786900001</misses>
				<total>0</total>
				<timestamp>4999.603027</timestamp>
			</report>
			<report>
				<misses>787000001</misses>
				<total>0</total>
				<timestamp>5000.236680</timestamp>
			</report>
			<report>
				<misses>787100001</misses>
				<total>0</total>
				<timestamp>5000.871699</timestamp>
			</report>
			<report>
				<misses>787200001</misses>
				<total>0</total>
				<timestamp>5001.506570</timestamp>
			</report>
			<report>
				<misses>787300001</misses>
				<total>0</total>
				<timestamp>5002.143210</timestamp>
			</report>
			<report>
				<misses>787400001</misses>
				<total>0</total>
				<timestamp>5002.783342</timestamp>
			</report>
			<report>
				<misses>787500001</misses>
				<total>0</total>
				<timestamp>5003.418550</timestamp>
			</report>
			<report>
				<misses>787600001</misses>
				<total>0</total>
				<timestamp>5004.056825</timestamp>
			</report>
			<report>
				<misses>787700001</misses>
				<total>0</total>
				<timestamp>5004.694161</timestamp>
			</report>
			<report>
				<misses>787800001</misses>
				<total>0</total>
				<timestamp>5005.330000</timestamp>
			</report>
			<report>
				<misses>787900001</misses>
				<total>0</total>
				<timestamp>5005.965324</timestamp>
			</report>
			<report>
				<misses>788000001</misses>
				<total>0</total>
				<timestamp>5006.600661</timestamp>
			</report>
			<report>
				<misses>788100001</misses>
				<total>0</total>
				<timestamp>5007.263415</timestamp>
			</report>
			<report>
				<misses>788200001</misses>
				<total>0</total>
				<timestamp>5007.897077</timestamp>
			</report>
			<report>
				<misses>788300001</misses>
				<total>0</total>
				<timestamp>5008.532491</timestamp>
			</report>
			<report>
				<misses>788400001</misses>
				<total>0</total>
				<timestamp>5009.168808</timestamp>
			</report>
			<report>
				<misses>788500001</misses>
				<total>0</total>
				<timestamp>5009.803487</timestamp>
			</report>
			<report>
				<misses>788600001</misses>
				<total>0</total>
				<timestamp>5010.438686</timestamp>
			</report>
			<report>
				<misses>788700001</misses>
				<total>0</total>
				<timestamp>5011.077742</timestamp>
			</report>
			<report>
				<misses>788800001</misses>
				<total>0</total>
				<timestamp>5011.711360</timestamp>
			</report>
			<report>
				<misses>788900001</misses>
				<total>0</total>
				<timestamp>5012.346832</timestamp>
			</report>
			<report>
				<misses>789000001</misses>
				<total>0</total>
				<timestamp>5012.981421</timestamp>
			</report>
			<report>
				<misses>789100001</misses>
				<total>0</total>
				<timestamp>5013.614927</timestamp>
			</report>
			<report>
				<misses>789200001</misses>
				<total>0</total>
				<timestamp>5014.250140</timestamp>
			</report>
			<report>
				<misses>789300001</misses>
				<total>0</total>
				<timestamp>5014.883151</timestamp>
			</report>
			<report>
				<misses>789400001</misses>
				<total>0</total>
				<timestamp>5015.522048</timestamp>
			</report>
			<report>
				<misses>789500001</misses>
				<total>0</total>
				<timestamp>5016.157864</timestamp>
			</report>
			<report>
				<misses>789600001</misses>
				<total>0</total>
				<timestamp>5016.793007</timestamp>
			</report>
			<report>
				<misses>789700001</misses>
				<total>0</total>
				<timestamp>5017.430501</timestamp>
			</report>
			<report>
				<misses>789800001</misses>
				<total>0</total>
				<timestamp>5018.066725</timestamp>
			</report>
			<report>
				<misses>789900001</misses>
				<total>0</total>
				<timestamp>5018.702173</timestamp>
			</report>
			<report>
				<misses>790000001</misses>
				<total>0</total>
				<timestamp>5019.336680</timestamp>
			</report>
			<report>
				<misses>790100001</misses>
				<total>0</total>
				<timestamp>5019.975961</timestamp>
			</report>
			<report>
				<misses>790200001</misses>
				<total>0</total>
				<timestamp>5020.610024</timestamp>
			</report>
			<report>
				<misses>790300001</misses>
				<total>0</total>
				<timestamp>5021.253010</timestamp>
			</report>
			<report>
				<misses>790400001</misses>
				<total>0</total>
				<timestamp>5021.893070</timestamp>
			</report>
			<report>
				<misses>790500001</misses>
				<total>0</total>
				<timestamp>5022.526366</timestamp>
			</report>
			<report>
				<misses>790600001</misses>
				<total>0</total>
				<timestamp>5023.196914</timestamp>
			</report>
			<report>
				<misses>790700001</misses>
				<total>0</total>
				<timestamp>5023.830904</timestamp>
			</report>
			<report>
				<misses>790800001</misses>
				<total>0</total>
				<timestamp>5024.465208</timestamp>
			</report>
			<report>
				<misses>790900001</misses>
				<total>0</total>
				<timestamp>5025.102863</timestamp>
			</report>
			<report>
				<misses>791000001</misses>
				<total>0</total>
				<timestamp>5025.735853</timestamp>
			</report>
			<report>
				<misses>791100001</misses>
				<total>0</total>
				<timestamp>5026.370857</timestamp>
			</report>
			<report>
				<misses>791200001</misses>
				<total>0</total>
				<timestamp>5027.005530</timestamp>
			</report>
			<report>
				<misses>791300001</misses>
				<total>0</total>
				<timestamp>5027.643103</timestamp>
			</report>
			<report>
				<misses>791400001</misses>
				<total>0</total>
				<timestamp>5028.277898</timestamp>
			</report>
			<report>
				<misses>791500001</misses>
				<total>0</total>
				<timestamp>5028.919250</timestamp>
			</report>
			<report>
				<misses>791600001</misses>
				<total>0</total>
				<timestamp>5029.551656</timestamp>
			</report>
			<report>
				<misses>791700001</misses>
				<total>0</total>
				<timestamp>5030.186083</timestamp>
			</report>
			<report>
				<misses>791800001</misses>
				<total>0</total>
				<timestamp>5030.839528</timestamp>
			</report>
			<report>
				<misses>791900001</misses>
				<total>0</total>
				<timestamp>5031.473763</timestamp>
			</report>
			<report>
				<misses>792000001</misses>
				<total>0</total>
				<timestamp>5032.107062</timestamp>
			</report>
			<report>
				<misses>792100001</misses>
				<total>0</total>
				<timestamp>5032.743474</timestamp>
			</report>
			<report>
				<misses>792200001</misses>
				<total>0</total>
				<timestamp>5033.377356</timestamp>
			</report>
			<report>
				<misses>792300001</misses>
				<total>0</total>
				<timestamp>5034.038597</timestamp>
			</report>
			<report>
				<misses>792400001</misses>
				<total>0</total>
				<timestamp>5034.674678</timestamp>
			</report>
			<report>
				<misses>792500001</misses>
				<total>0</total>
				<timestamp>5035.309088</timestamp>
			</report>
			<report>
				<misses>792600001</misses>
				<total>0</total>
				<timestamp>5035.943599</timestamp>
			</report>
			<report>
				<misses>792700001</misses>
				<total>0</total>
				<timestamp>5036.577212</timestamp>
			</report>
			<report>
				<misses>792800001</misses>
				<total>0</total>
				<timestamp>5037.214651</timestamp>
			</report>
			<report>
				<misses>792900001</misses>
				<total>0</total>
				<timestamp>5037.849128</timestamp>
			</report>
			<report>
				<misses>793000001</misses>
				<total>0</total>
				<timestamp>5038.486208</timestamp>
			</report>
			<report>
				<misses>793100001</misses>
				<total>0</total>
				<timestamp>5039.119867</timestamp>
			</report>
			<report>
				<misses>793200001</misses>
				<total>0</total>
				<timestamp>5039.753748</timestamp>
			</report>
			<report>
				<misses>793300001</misses>
				<total>0</total>
				<timestamp>5040.388962</timestamp>
			</report>
			<report>
				<misses>793400001</misses>
				<total>0</total>
				<timestamp>5041.033422</timestamp>
			</report>
			<report>
				<misses>793500001</misses>
				<total>0</total>
				<timestamp>5041.670154</timestamp>
			</report>
			<report>
				<misses>793600001</misses>
				<total>0</total>
				<timestamp>5042.304506</timestamp>
			</report>
			<report>
				<misses>793700001</misses>
				<total>0</total>
				<timestamp>5042.942371</timestamp>
			</report>
			<report>
				<misses>793800001</misses>
				<total>0</total>
				<timestamp>5043.576542</timestamp>
			</report>
			<report>
				<misses>793900001</misses>
				<total>0</total>
				<timestamp>5044.216137</timestamp>
			</report>
			<report>
				<misses>794000001</misses>
				<total>0</total>
				<timestamp>5044.853038</timestamp>
			</report>
			<report>
				<misses>794100001</misses>
				<total>0</total>
				<timestamp>5045.486930</timestamp>
			</report>
			<report>
				<misses>794200001</misses>
				<total>0</total>
				<timestamp>5046.120921</timestamp>
			</report>
			<report>
				<misses>794300001</misses>
				<total>0</total>
				<timestamp>5046.762130</timestamp>
			</report>
			<report>
				<misses>794400001</misses>
				<total>0</total>
				<timestamp>5047.395533</timestamp>
			</report>
			<report>
				<misses>794500001</misses>
				<total>0</total>
				<timestamp>5048.033001</timestamp>
			</report>
			<report>
				<misses>794600001</misses>
				<total>0</total>
				<timestamp>5048.668369</timestamp>
			</report>
			<report>
				<misses>794700001</misses>
				<total>0</total>
				<timestamp>5049.302153</timestamp>
			</report>
			<report>
				<misses>794800001</misses>
				<total>0</total>
				<timestamp>5049.936370</timestamp>
			</report>
			<report>
				<misses>794900001</misses>
				<total>0</total>
				<timestamp>5050.571776</timestamp>
			</report>
			<report>
				<misses>795000001</misses>
				<total>0</total>
				<timestamp>5051.208255</timestamp>
			</report>
			<report>
				<misses>795100001</misses>
				<total>0</total>
				<timestamp>5051.850902</timestamp>
			</report>
			<report>
				<misses>795200001</misses>
				<total>0</total>
				<timestamp>5052.488635</timestamp>
			</report>
			<report>
				<misses>795300001</misses>
				<total>0</total>
				<timestamp>5053.123538</timestamp>
			</report>
			<report>
				<misses>795400001</misses>
				<total>0</total>
				<timestamp>5053.764226</timestamp>
			</report>
			<report>
				<misses>795500001</misses>
				<total>0</total>
				<timestamp>5054.409518</timestamp>
			</report>
			<report>
				<misses>795600001</misses>
				<total>0</total>
				<timestamp>5055.044627</timestamp>
			</report>
			<report>
				<misses>795700001</misses>
				<total>0</total>
				<timestamp>5055.681708</timestamp>
			</report>
			<report>
				<misses>795800001</misses>
				<total>0</total>
				<timestamp>5056.316208</timestamp>
			</report>
			<report>
				<misses>795900001</misses>
				<total>0</total>
				<timestamp>5056.949870</timestamp>
			</report>
			<report>
				<misses>796000001</misses>
				<total>0</total>
				<timestamp>5057.584700</timestamp>
			</report>
			<report>
				<misses>796100001</misses>
				<total>0</total>
				<timestamp>5058.223684</timestamp>
			</report>
			<report>
				<misses>796200001</misses>
				<total>0</total>
				<timestamp>5058.859510</timestamp>
			</report>
			<report>
				<misses>796300001</misses>
				<total>0</total>
				<timestamp>5059.493255</timestamp>
			</report>
			<report>
				<misses>796400001</misses>
				<total>0</total>
				<timestamp>5060.130488</timestamp>
			</report>
			<report>
				<misses>796500001</misses>
				<total>0</total>
				<timestamp>5060.765854</timestamp>
			</report>
			<report>
				<misses>796600001</misses>
				<total>0</total>
				<timestamp>5061.399773</timestamp>
			</report>
			<report>
				<misses>796700001</misses>
				<total>0</total>
				<timestamp>5062.036960</timestamp>
			</report>
			<report>
				<misses>796800001</misses>
				<total>0</total>
				<timestamp>5062.669680</timestamp>
			</report>
			<report>
				<misses>796900001</misses>
				<total>0</total>
				<timestamp>5063.313873</timestamp>
			</report>
			<report>
				<misses>797000001</misses>
				<total>0</total>
				<timestamp>5063.950810</timestamp>
			</report>
			<report>
				<misses>797100001</misses>
				<total>0</total>
				<timestamp>5064.584822</timestamp>
			</report>
			<report>
				<misses>797200001</misses>
				<total>0</total>
				<timestamp>5065.219267</timestamp>
			</report>
			<report>
				<misses>797300001</misses>
				<total>0</total>
				<timestamp>5065.859975</timestamp>
			</report>
			<report>
				<misses>797400001</misses>
				<total>0</total>
				<timestamp>5066.493183</timestamp>
			</report>
			<report>
				<misses>797500001</misses>
				<total>0</total>
				<timestamp>5067.125798</timestamp>
			</report>
			<report>
				<misses>797600001</misses>
				<total>0</total>
				<timestamp>5067.762414</timestamp>
			</report>
			<report>
				<misses>797700001</misses>
				<total>0</total>
				<timestamp>5068.401060</timestamp>
			</report>
			<report>
				<misses>797800001</misses>
				<total>0</total>
				<timestamp>5069.034869</timestamp>
			</report>
			<report>
				<misses>797900001</misses>
				<total>0</total>
				<timestamp>5069.668714</timestamp>
			</report>
			<report>
				<misses>798000001</misses>
				<total>0</total>
				<timestamp>5070.303401</timestamp>
			</report>
			<report>
				<misses>798100001</misses>
				<total>0</total>
				<timestamp>5070.939962</timestamp>
			</report>
			<report>
				<misses>798200001</misses>
				<total>0</total>
				<timestamp>5071.573446</timestamp>
			</report>
			<report>
				<misses>798300001</misses>
				<total>0</total>
				<timestamp>5072.207481</timestamp>
			</report>
			<report>
				<misses>798400001</misses>
				<total>0</total>
				<timestamp>5072.841860</timestamp>
			</report>
			<report>
				<misses>798500001</misses>
				<total>0</total>
				<timestamp>5073.475327</timestamp>
			</report>
			<report>
				<misses>798600001</misses>
				<total>0</total>
				<timestamp>5074.116708</timestamp>
			</report>
			<report>
				<misses>798700001</misses>
				<total>0</total>
				<timestamp>5074.752013</timestamp>
			</report>
			<report>
				<misses>798800001</misses>
				<total>0</total>
				<timestamp>5075.388651</timestamp>
			</report>
			<report>
				<misses>798900001</misses>
				<total>0</total>
				<timestamp>5076.043618</timestamp>
			</report>
			<report>
				<misses>799000001</misses>
				<total>0</total>
				<timestamp>5076.684281</timestamp>
			</report>
			<report>
				<misses>799100001</misses>
				<total>0</total>
				<timestamp>5077.324808</timestamp>
			</report>
			<report>
				<misses>799200001</misses>
				<total>0</total>
				<timestamp>5077.960067</timestamp>
			</report>
			<report>
				<misses>799300001</misses>
				<total>0</total>
				<timestamp>5078.594810</timestamp>
			</report>
			<report>
				<misses>799400001</misses>
				<total>0</total>
				<timestamp>5079.230309</timestamp>
			</report>
			<report>
				<misses>799500001</misses>
				<total>0</total>
				<timestamp>5079.864880</timestamp>
			</report>
			<report>
				<misses>799600001</misses>
				<total>0</total>
				<timestamp>5080.499449</timestamp>
			</report>
			<report>
				<misses>799700001</misses>
				<total>0</total>
				<timestamp>5081.134993</timestamp>
			</report>
			<report>
				<misses>799800001</misses>
				<total>0</total>
				<timestamp>5081.768563</timestamp>
			</report>
			<report>
				<misses>799900001</misses>
				<total>0</total>
				<timestamp>5082.404943</timestamp>
			</report>
			<report>
				<misses>800000001</misses>
				<total>0</total>
				<timestamp>5083.041639</timestamp>
			</report>
			<report>
				<misses>800100001</misses>
				<total>0</total>
				<timestamp>5083.675383</timestamp>
			</report>
			<report>
				<misses>800200001</misses>
				<total>0</total>
				<timestamp>5084.309482</timestamp>
			</report>
			<report>
				<misses>800300001</misses>
				<total>0</total>
				<timestamp>5084.943666</timestamp>
			</report>
			<report>
				<misses>800400001</misses>
				<total>0</total>
				<timestamp>5085.577831</timestamp>
			</report>
			<report>
				<misses>800500001</misses>
				<total>0</total>
				<timestamp>5086.212769</timestamp>
			</report>
			<report>
				<misses>800600001</misses>
				<total>0</total>
				<timestamp>5086.845639</timestamp>
			</report>
			<report>
				<misses>800700001</misses>
				<total>0</total>
				<timestamp>5087.482253</timestamp>
			</report>
			<report>
				<misses>800800001</misses>
				<total>0</total>
				<timestamp>5088.115974</timestamp>
			</report>
			<report>
				<misses>800900001</misses>
				<total>0</total>
				<timestamp>5088.750696</timestamp>
			</report>
			<report>
				<misses>801000001</misses>
				<total>0</total>
				<timestamp>5089.387827</timestamp>
			</report>
			<report>
				<misses>801100001</misses>
				<total>0</total>
				<timestamp>5090.026042</timestamp>
			</report>
			<report>
				<misses>801200001</misses>
				<total>0</total>
				<timestamp>5090.660384</timestamp>
			</report>
			<report>
				<misses>801300001</misses>
				<total>0</total>
				<timestamp>5091.293393</timestamp>
			</report>
			<report>
				<misses>801400001</misses>
				<total>0</total>
				<timestamp>5091.934994</timestamp>
			</report>
			<report>
				<misses>801500001</misses>
				<total>0</total>
				<timestamp>5092.567941</timestamp>
			</report>
			<report>
				<misses>801600001</misses>
				<total>0</total>
				<timestamp>5093.200363</timestamp>
			</report>
			<report>
				<misses>801700001</misses>
				<total>0</total>
				<timestamp>5093.845255</timestamp>
			</report>
			<report>
				<misses>801800001</misses>
				<total>0</total>
				<timestamp>5094.478106</timestamp>
			</report>
			<report>
				<misses>801900001</misses>
				<total>0</total>
				<timestamp>5095.114815</timestamp>
			</report>
			<report>
				<misses>802000001</misses>
				<total>0</total>
				<timestamp>5095.753663</timestamp>
			</report>
			<report>
				<misses>802100001</misses>
				<total>0</total>
				<timestamp>5096.401146</timestamp>
			</report>
			<report>
				<misses>802200001</misses>
				<total>0</total>
				<timestamp>5097.035724</timestamp>
			</report>
			<report>
				<misses>802300001</misses>
				<total>0</total>
				<timestamp>5097.668944</timestamp>
			</report>
			<report>
				<misses>802400001</misses>
				<total>0</total>
				<timestamp>5098.305003</timestamp>
			</report>
			<report>
				<misses>802500001</misses>
				<total>0</total>
				<timestamp>5098.950036</timestamp>
			</report>
			<report>
				<misses>802600001</misses>
				<total>0</total>
				<timestamp>5099.587586</timestamp>
			</report>
			<report>
				<misses>802700001</misses>
				<total>0</total>
				<timestamp>5100.221809</timestamp>
			</report>
			<report>
				<misses>802800001</misses>
				<total>0</total>
				<timestamp>5100.857018</timestamp>
			</report>
			<report>
				<misses>802900001</misses>
				<total>0</total>
				<timestamp>5101.494542</timestamp>
			</report>
			<report>
				<misses>803000001</misses>
				<total>0</total>
				<timestamp>5102.155176</timestamp>
			</report>
			<report>
				<misses>803100001</misses>
				<total>0</total>
				<timestamp>5102.789782</timestamp>
			</report>
			<report>
				<misses>803200001</misses>
				<total>0</total>
				<timestamp>5103.423417</timestamp>
			</report>
			<report>
				<misses>803300001</misses>
				<total>0</total>
				<timestamp>5104.058449</timestamp>
			</report>
			<report>
				<misses>803400001</misses>
				<total>0</total>
				<timestamp>5104.693428</timestamp>
			</report>
			<report>
				<misses>803500001</misses>
				<total>0</total>
				<timestamp>5105.342904</timestamp>
			</report>
			<report>
				<misses>803600001</misses>
				<total>0</total>
				<timestamp>5105.983246</timestamp>
			</report>
			<report>
				<misses>803700001</misses>
				<total>0</total>
				<timestamp>5106.628494</timestamp>
			</report>
			<report>
				<misses>803800001</misses>
				<total>0</total>
				<timestamp>5107.260886</timestamp>
			</report>
			<report>
				<misses>803900001</misses>
				<total>0</total>
				<timestamp>5107.897871</timestamp>
			</report>
			<report>
				<misses>804000001</misses>
				<total>0</total>
				<timestamp>5108.532634</timestamp>
			</report>
			<report>
				<misses>804100001</misses>
				<total>0</total>
				<timestamp>5109.165974</timestamp>
			</report>
			<report>
				<misses>804200001</misses>
				<total>0</total>
				<timestamp>5109.797697</timestamp>
			</report>
			<report>
				<misses>804300001</misses>
				<total>0</total>
				<timestamp>5110.432825</timestamp>
			</report>
			<report>
				<misses>804400001</misses>
				<total>0</total>
				<timestamp>5111.065261</timestamp>
			</report>
			<report>
				<misses>804500001</misses>
				<total>0</total>
				<timestamp>5111.702677</timestamp>
			</report>
			<report>
				<misses>804600001</misses>
				<total>0</total>
				<timestamp>5112.337000</timestamp>
			</report>
			<report>
				<misses>804700001</misses>
				<total>0</total>
				<timestamp>5112.979944</timestamp>
			</report>
			<report>
				<misses>804800001</misses>
				<total>0</total>
				<timestamp>5113.616511</timestamp>
			</report>
			<report>
				<misses>804900001</misses>
				<total>0</total>
				<timestamp>5114.249455</timestamp>
			</report>
			<report>
				<misses>805000001</misses>
				<total>0</total>
				<timestamp>5114.882668</timestamp>
			</report>
			<report>
				<misses>805100001</misses>
				<total>0</total>
				<timestamp>5115.516599</timestamp>
			</report>
			<report>
				<misses>805200001</misses>
				<total>0</total>
				<timestamp>5116.155373</timestamp>
			</report>
			<report>
				<misses>805300001</misses>
				<total>0</total>
				<timestamp>5116.788683</timestamp>
			</report>
			<report>
				<misses>805400001</misses>
				<total>0</total>
				<timestamp>5117.424539</timestamp>
			</report>
			<report>
				<misses>805500001</misses>
				<total>0</total>
				<timestamp>5118.058519</timestamp>
			</report>
			<report>
				<misses>805600001</misses>
				<total>0</total>
				<timestamp>5118.693660</timestamp>
			</report>
			<report>
				<misses>805700001</misses>
				<total>0</total>
				<timestamp>5119.327459</timestamp>
			</report>
			<report>
				<misses>805800001</misses>
				<total>0</total>
				<timestamp>5119.964464</timestamp>
			</report>
			<report>
				<misses>805900001</misses>
				<total>0</total>
				<timestamp>5120.601151</timestamp>
			</report>
			<report>
				<misses>806000001</misses>
				<total>0</total>
				<timestamp>5121.234610</timestamp>
			</report>
			<report>
				<misses>806100001</misses>
				<total>0</total>
				<timestamp>5121.880258</timestamp>
			</report>
			<report>
				<misses>806200001</misses>
				<total>0</total>
				<timestamp>5122.513718</timestamp>
			</report>
			<report>
				<misses>806300001</misses>
				<total>0</total>
				<timestamp>5123.149622</timestamp>
			</report>
			<report>
				<misses>806400001</misses>
				<total>0</total>
				<timestamp>5123.787166</timestamp>
			</report>
			<report>
				<misses>806500001</misses>
				<total>0</total>
				<timestamp>5124.421062</timestamp>
			</report>
			<report>
				<misses>806600001</misses>
				<total>0</total>
				<timestamp>5125.054966</timestamp>
			</report>
			<report>
				<misses>806700001</misses>
				<total>0</total>
				<timestamp>5125.689600</timestamp>
			</report>
			<report>
				<misses>806800001</misses>
				<total>0</total>
				<timestamp>5126.323171</timestamp>
			</report>
			<report>
				<misses>806900001</misses>
				<total>0</total>
				<timestamp>5126.959240</timestamp>
			</report>
			<report>
				<misses>807000001</misses>
				<total>0</total>
				<timestamp>5127.594037</timestamp>
			</report>
			<report>
				<misses>807100001</misses>
				<total>0</total>
				<timestamp>5128.230827</timestamp>
			</report>
			<report>
				<misses>807200001</misses>
				<total>0</total>
				<timestamp>5128.869140</timestamp>
			</report>
			<report>
				<misses>807300001</misses>
				<total>0</total>
				<timestamp>5129.502953</timestamp>
			</report>
			<report>
				<misses>807400001</misses>
				<total>0</total>
				<timestamp>5130.146903</timestamp>
			</report>
			<report>
				<misses>807500001</misses>
				<total>0</total>
				<timestamp>5130.780430</timestamp>
			</report>
			<report>
				<misses>807600001</misses>
				<total>0</total>
				<timestamp>5131.417437</timestamp>
			</report>
			<report>
				<misses>807700001</misses>
				<total>0</total>
				<timestamp>5132.080021</timestamp>
			</report>
			<report>
				<misses>807800001</misses>
				<total>0</total>
				<timestamp>5132.713872</timestamp>
			</report>
			<report>
				<misses>807900001</misses>
				<total>0</total>
				<timestamp>5133.349787</timestamp>
			</report>
			<report>
				<misses>808000001</misses>
				<total>0</total>
				<timestamp>5133.983589</timestamp>
			</report>
			<report>
				<misses>808100001</misses>
				<total>0</total>
				<timestamp>5134.616679</timestamp>
			</report>
			<report>
				<misses>808200001</misses>
				<total>0</total>
				<timestamp>5135.259521</timestamp>
			</report>
			<report>
				<misses>808300001</misses>
				<total>0</total>
				<timestamp>5135.892702</timestamp>
			</report>
			<report>
				<misses>808400001</misses>
				<total>0</total>
				<timestamp>5136.530192</timestamp>
			</report>
			<report>
				<misses>808500001</misses>
				<total>0</total>
				<timestamp>5137.163386</timestamp>
			</report>
			<report>
				<misses>808600001</misses>
				<total>0</total>
				<timestamp>5137.796448</timestamp>
			</report>
			<report>
				<misses>808700001</misses>
				<total>0</total>
				<timestamp>5138.430016</timestamp>
			</report>
			<report>
				<misses>808800001</misses>
				<total>0</total>
				<timestamp>5139.070222</timestamp>
			</report>
			<report>
				<misses>808900001</misses>
				<total>0</total>
				<timestamp>5139.703091</timestamp>
			</report>
			<report>
				<misses>809000001</misses>
				<total>0</total>
				<timestamp>5140.335621</timestamp>
			</report>
			<report>
				<misses>809100001</misses>
				<total>0</total>
				<timestamp>5140.968952</timestamp>
			</report>
			<report>
				<misses>809200001</misses>
				<total>0</total>
				<timestamp>5141.602022</timestamp>
			</report>
			<report>
				<misses>809300001</misses>
				<total>0</total>
				<timestamp>5142.235011</timestamp>
			</report>
			<report>
				<misses>809400001</misses>
				<total>0</total>
				<timestamp>5142.876435</timestamp>
			</report>
			<report>
				<misses>809500001</misses>
				<total>0</total>
				<timestamp>5143.512430</timestamp>
			</report>
			<report>
				<misses>809600001</misses>
				<total>0</total>
				<timestamp>5144.147502</timestamp>
			</report>
			<report>
				<misses>809700001</misses>
				<total>0</total>
				<timestamp>5144.784863</timestamp>
			</report>
			<report>
				<misses>809800001</misses>
				<total>0</total>
				<timestamp>5145.418668</timestamp>
			</report>
			<report>
				<misses>809900001</misses>
				<total>0</total>
				<timestamp>5146.052629</timestamp>
			</report>
			<report>
				<misses>810000001</misses>
				<total>0</total>
				<timestamp>5146.685987</timestamp>
			</report>
			<report>
				<misses>810100001</misses>
				<total>0</total>
				<timestamp>5147.322389</timestamp>
			</report>
			<report>
				<misses>810200001</misses>
				<total>0</total>
				<timestamp>5147.969091</timestamp>
			</report>
			<report>
				<misses>810300001</misses>
				<total>0</total>
				<timestamp>5148.602641</timestamp>
			</report>
			<report>
				<misses>810400001</misses>
				<total>0</total>
				<timestamp>5149.240134</timestamp>
			</report>
			<report>
				<misses>810500001</misses>
				<total>0</total>
				<timestamp>5149.873686</timestamp>
			</report>
			<report>
				<misses>810600001</misses>
				<total>0</total>
				<timestamp>5150.509087</timestamp>
			</report>
			<report>
				<misses>810700001</misses>
				<total>0</total>
				<timestamp>5151.158801</timestamp>
			</report>
			<report>
				<misses>810800001</misses>
				<total>0</total>
				<timestamp>5151.795642</timestamp>
			</report>
			<report>
				<misses>810900001</misses>
				<total>0</total>
				<timestamp>5152.432091</timestamp>
			</report>
			<report>
				<misses>811000001</misses>
				<total>0</total>
				<timestamp>5153.066177</timestamp>
			</report>
			<report>
				<misses>811100001</misses>
				<total>0</total>
				<timestamp>5153.701108</timestamp>
			</report>
			<report>
				<misses>811200001</misses>
				<total>0</total>
				<timestamp>5154.335562</timestamp>
			</report>
			<report>
				<misses>811300001</misses>
				<total>0</total>
				<timestamp>5154.970037</timestamp>
			</report>
			<report>
				<misses>811400001</misses>
				<total>0</total>
				<timestamp>5155.605793</timestamp>
			</report>
			<report>
				<misses>811500001</misses>
				<total>0</total>
				<timestamp>5156.252743</timestamp>
			</report>
			<report>
				<misses>811600001</misses>
				<total>0</total>
				<timestamp>5156.891803</timestamp>
			</report>
			<report>
				<misses>811700001</misses>
				<total>0</total>
				<timestamp>5157.527806</timestamp>
			</report>
			<report>
				<misses>811800001</misses>
				<total>0</total>
				<timestamp>5158.161239</timestamp>
			</report>
			<report>
				<misses>811900001</misses>
				<total>0</total>
				<timestamp>5158.798750</timestamp>
			</report>
			<report>
				<misses>812000001</misses>
				<total>0</total>
				<timestamp>5159.433241</timestamp>
			</report>
			<report>
				<misses>812100001</misses>
				<total>0</total>
				<timestamp>5160.071820</timestamp>
			</report>
			<report>
				<misses>812200001</misses>
				<total>0</total>
				<timestamp>5160.709540</timestamp>
			</report>
			<report>
				<misses>812300001</misses>
				<total>0</total>
				<timestamp>5161.344144</timestamp>
			</report>
			<report>
				<misses>812400001</misses>
				<total>0</total>
				<timestamp>5161.983857</timestamp>
			</report>
			<report>
				<misses>812500001</misses>
				<total>0</total>
				<timestamp>5162.619523</timestamp>
			</report>
			<report>
				<misses>812600001</misses>
				<total>0</total>
				<timestamp>5163.253441</timestamp>
			</report>
			<report>
				<misses>812700001</misses>
				<total>0</total>
				<timestamp>5163.886987</timestamp>
			</report>
			<report>
				<misses>812800001</misses>
				<total>0</total>
				<timestamp>5164.521831</timestamp>
			</report>
			<report>
				<misses>812900001</misses>
				<total>0</total>
				<timestamp>5165.161072</timestamp>
			</report>
			<report>
				<misses>813000001</misses>
				<total>0</total>
				<timestamp>5165.797949</timestamp>
			</report>
			<report>
				<misses>813100001</misses>
				<total>0</total>
				<timestamp>5166.433647</timestamp>
			</report>
			<report>
				<misses>813200001</misses>
				<total>0</total>
				<timestamp>5167.068311</timestamp>
			</report>
			<report>
				<misses>813300001</misses>
				<total>0</total>
				<timestamp>5167.709586</timestamp>
			</report>
			<report>
				<misses>813400001</misses>
				<total>0</total>
				<timestamp>5168.346371</timestamp>
			</report>
			<report>
				<misses>813500001</misses>
				<total>0</total>
				<timestamp>5168.979795</timestamp>
			</report>
			<report>
				<misses>813600001</misses>
				<total>0</total>
				<timestamp>5169.615747</timestamp>
			</report>
			<report>
				<misses>813700001</misses>
				<total>0</total>
				<timestamp>5170.250531</timestamp>
			</report>
			<report>
				<misses>813800001</misses>
				<total>0</total>
				<timestamp>5170.890967</timestamp>
			</report>
			<report>
				<misses>813900001</misses>
				<total>0</total>
				<timestamp>5171.523962</timestamp>
			</report>
			<report>
				<misses>814000001</misses>
				<total>0</total>
				<timestamp>5172.157722</timestamp>
			</report>
			<report>
				<misses>814100001</misses>
				<total>0</total>
				<timestamp>5172.795992</timestamp>
			</report>
			<report>
				<misses>814200001</misses>
				<total>0</total>
				<timestamp>5173.430975</timestamp>
			</report>
			<report>
				<misses>814300001</misses>
				<total>0</total>
				<timestamp>5174.064313</timestamp>
			</report>
			<report>
				<misses>814400001</misses>
				<total>0</total>
				<timestamp>5174.705087</timestamp>
			</report>
			<report>
				<misses>814500001</misses>
				<total>0</total>
				<timestamp>5175.338558</timestamp>
			</report>
			<report>
				<misses>814600001</misses>
				<total>0</total>
				<timestamp>5175.972622</timestamp>
			</report>
			<report>
				<misses>814700001</misses>
				<total>0</total>
				<timestamp>5176.610325</timestamp>
			</report>
			<report>
				<misses>814800001</misses>
				<total>0</total>
				<timestamp>5177.247666</timestamp>
			</report>
			<report>
				<misses>814900001</misses>
				<total>0</total>
				<timestamp>5177.892046</timestamp>
			</report>
			<report>
				<misses>815000001</misses>
				<total>0</total>
				<timestamp>5178.524950</timestamp>
			</report>
			<report>
				<misses>815100001</misses>
				<total>0</total>
				<timestamp>5179.160506</timestamp>
			</report>
			<report>
				<misses>815200001</misses>
				<total>0</total>
				<timestamp>5179.797255</timestamp>
			</report>
			<report>
				<misses>815300001</misses>
				<total>0</total>
				<timestamp>5180.430723</timestamp>
			</report>
			<report>
				<misses>815400001</misses>
				<total>0</total>
				<timestamp>5181.065531</timestamp>
			</report>
			<report>
				<misses>815500001</misses>
				<total>0</total>
				<timestamp>5181.699446</timestamp>
			</report>
			<report>
				<misses>815600001</misses>
				<total>0</total>
				<timestamp>5182.336027</timestamp>
			</report>
			<report>
				<misses>815700001</misses>
				<total>0</total>
				<timestamp>5182.969812</timestamp>
			</report>
			<report>
				<misses>815800001</misses>
				<total>0</total>
				<timestamp>5183.607963</timestamp>
			</report>
			<report>
				<misses>815900001</misses>
				<total>0</total>
				<timestamp>5184.242918</timestamp>
			</report>
			<report>
				<misses>816000001</misses>
				<total>0</total>
				<timestamp>5184.883012</timestamp>
			</report>
			<report>
				<misses>816100001</misses>
				<total>0</total>
				<timestamp>5185.521883</timestamp>
			</report>
			<report>
				<misses>816200001</misses>
				<total>0</total>
				<timestamp>5186.166870</timestamp>
			</report>
			<report>
				<misses>816300001</misses>
				<total>0</total>
				<timestamp>5186.801530</timestamp>
			</report>
			<report>
				<misses>816400001</misses>
				<total>0</total>
				<timestamp>5187.436177</timestamp>
			</report>
			<report>
				<misses>816500001</misses>
				<total>0</total>
				<timestamp>5188.072559</timestamp>
			</report>
			<report>
				<misses>816600001</misses>
				<total>0</total>
				<timestamp>5188.712752</timestamp>
			</report>
			<report>
				<misses>816700001</misses>
				<total>0</total>
				<timestamp>5189.349690</timestamp>
			</report>
			<report>
				<misses>816800001</misses>
				<total>0</total>
				<timestamp>5189.985358</timestamp>
			</report>
			<report>
				<misses>816900001</misses>
				<total>0</total>
				<timestamp>5190.619045</timestamp>
			</report>
			<report>
				<misses>817000001</misses>
				<total>0</total>
				<timestamp>5191.253559</timestamp>
			</report>
			<report>
				<misses>817100001</misses>
				<total>0</total>
				<timestamp>5191.887677</timestamp>
			</report>
			<report>
				<misses>817200001</misses>
				<total>0</total>
				<timestamp>5192.524890</timestamp>
			</report>
			<report>
				<misses>817300001</misses>
				<total>0</total>
				<timestamp>5193.157992</timestamp>
			</report>
			<report>
				<misses>817400001</misses>
				<total>0</total>
				<timestamp>5193.791496</timestamp>
			</report>
			<report>
				<misses>817500001</misses>
				<total>0</total>
				<timestamp>5194.427607</timestamp>
			</report>
			<report>
				<misses>817600001</misses>
				<total>0</total>
				<timestamp>5195.068604</timestamp>
			</report>
			<report>
				<misses>817700001</misses>
				<total>0</total>
				<timestamp>5195.715927</timestamp>
			</report>
			<report>
				<misses>817800001</misses>
				<total>0</total>
				<timestamp>5196.349715</timestamp>
			</report>
			<report>
				<misses>817900001</misses>
				<total>0</total>
				<timestamp>5196.985156</timestamp>
			</report>
			<report>
				<misses>818000001</misses>
				<total>0</total>
				<timestamp>5197.618933</timestamp>
			</report>
			<report>
				<misses>818100001</misses>
				<total>0</total>
				<timestamp>5198.253313</timestamp>
			</report>
			<report>
				<misses>818200001</misses>
				<total>0</total>
				<timestamp>5198.893551</timestamp>
			</report>
			<report>
				<misses>818300001</misses>
				<total>0</total>
				<timestamp>5199.527122</timestamp>
			</report>
			<report>
				<misses>818400001</misses>
				<total>0</total>
				<timestamp>5200.163888</timestamp>
			</report>
			<report>
				<misses>818500001</misses>
				<total>0</total>
				<timestamp>5200.796916</timestamp>
			</report>
			<report>
				<misses>818600001</misses>
				<total>0</total>
				<timestamp>5201.432329</timestamp>
			</report>
			<report>
				<misses>818700001</misses>
				<total>0</total>
				<timestamp>5202.067169</timestamp>
			</report>
			<report>
				<misses>818800001</misses>
				<total>0</total>
				<timestamp>5202.699389</timestamp>
			</report>
			<report>
				<misses>818900001</misses>
				<total>0</total>
				<timestamp>5203.335383</timestamp>
			</report>
			<report>
				<misses>819000001</misses>
				<total>0</total>
				<timestamp>5203.968628</timestamp>
			</report>
			<report>
				<misses>819100001</misses>
				<total>0</total>
				<timestamp>5204.601638</timestamp>
			</report>
			<report>
				<misses>819200001</misses>
				<total>0</total>
				<timestamp>5205.234631</timestamp>
			</report>
			<report>
				<misses>819300001</misses>
				<total>0</total>
				<timestamp>5205.868320</timestamp>
			</report>
			<report>
				<misses>819400001</misses>
				<total>0</total>
				<timestamp>5206.501219</timestamp>
			</report>
			<report>
				<misses>819500001</misses>
				<total>0</total>
				<timestamp>5207.133945</timestamp>
			</report>
			<report>
				<misses>819600001</misses>
				<total>0</total>
				<timestamp>5207.766687</timestamp>
			</report>
			<report>
				<misses>819700001</misses>
				<total>0</total>
				<timestamp>5208.404293</timestamp>
			</report>
			<report>
				<misses>819800001</misses>
				<total>0</total>
				<timestamp>5209.039146</timestamp>
			</report>
			<report>
				<misses>819900001</misses>
				<total>0</total>
				<timestamp>5209.672114</timestamp>
			</report>
			<report>
				<misses>820000001</misses>
				<total>0</total>
				<timestamp>5210.309392</timestamp>
			</report>
			<report>
				<misses>820100001</misses>
				<total>0</total>
				<timestamp>5210.944329</timestamp>
			</report>
			<report>
				<misses>820200001</misses>
				<total>0</total>
				<timestamp>5211.576772</timestamp>
			</report>
			<report>
				<misses>820300001</misses>
				<total>0</total>
				<timestamp>5212.209090</timestamp>
			</report>
			<report>
				<misses>820400001</misses>
				<total>0</total>
				<timestamp>5212.842048</timestamp>
			</report>
			<report>
				<misses>820500001</misses>
				<total>0</total>
				<timestamp>5213.474901</timestamp>
			</report>
			<report>
				<misses>820600001</misses>
				<total>0</total>
				<timestamp>5214.113721</timestamp>
			</report>
			<report>
				<misses>820700001</misses>
				<total>0</total>
				<timestamp>5214.749469</timestamp>
			</report>
			<report>
				<misses>820800001</misses>
				<total>0</total>
				<timestamp>5215.384943</timestamp>
			</report>
			<report>
				<misses>820900001</misses>
				<total>0</total>
				<timestamp>5216.026667</timestamp>
			</report>
			<report>
				<misses>821000001</misses>
				<total>0</total>
				<timestamp>5216.660943</timestamp>
			</report>
			<report>
				<misses>821100001</misses>
				<total>0</total>
				<timestamp>5217.295285</timestamp>
			</report>
			<report>
				<misses>821200001</misses>
				<total>0</total>
				<timestamp>5217.932518</timestamp>
			</report>
			<report>
				<misses>821300001</misses>
				<total>0</total>
				<timestamp>5218.566117</timestamp>
			</report>
			<report>
				<misses>821400001</misses>
				<total>0</total>
				<timestamp>5219.205537</timestamp>
			</report>
			<report>
				<misses>821500001</misses>
				<total>0</total>
				<timestamp>5219.840238</timestamp>
			</report>
			<report>
				<misses>821600001</misses>
				<total>0</total>
				<timestamp>5220.477806</timestamp>
			</report>
			<report>
				<misses>821700001</misses>
				<total>0</total>
				<timestamp>5221.118595</timestamp>
			</report>
			<report>
				<misses>821800001</misses>
				<total>0</total>
				<timestamp>5221.751103</timestamp>
			</report>
			<report>
				<misses>821900001</misses>
				<total>0</total>
				<timestamp>5222.388452</timestamp>
			</report>
			<report>
				<misses>822000001</misses>
				<total>0</total>
				<timestamp>5223.020506</timestamp>
			</report>
			<report>
				<misses>822100001</misses>
				<total>0</total>
				<timestamp>5223.654964</timestamp>
			</report>
			<report>
				<misses>822200001</misses>
				<total>0</total>
				<timestamp>5224.288487</timestamp>
			</report>
			<report>
				<misses>822300001</misses>
				<total>0</total>
				<timestamp>5224.924151</timestamp>
			</report>
			<report>
				<misses>822400001</misses>
				<total>0</total>
				<timestamp>5225.558499</timestamp>
			</report>
			<report>
				<misses>822500001</misses>
				<total>0</total>
				<timestamp>5226.198779</timestamp>
			</report>
			<report>
				<misses>822600001</misses>
				<total>0</total>
				<timestamp>5226.837944</timestamp>
			</report>
			<report>
				<misses>822700001</misses>
				<total>0</total>
				<timestamp>5227.470605</timestamp>
			</report>
			<report>
				<misses>822800001</misses>
				<total>0</total>
				<timestamp>5228.115291</timestamp>
			</report>
			<report>
				<misses>822900001</misses>
				<total>0</total>
				<timestamp>5228.749340</timestamp>
			</report>
			<report>
				<misses>823000001</misses>
				<total>0</total>
				<timestamp>5229.381621</timestamp>
			</report>
			<report>
				<misses>823100001</misses>
				<total>0</total>
				<timestamp>5230.016159</timestamp>
			</report>
			<report>
				<misses>823200001</misses>
				<total>0</total>
				<timestamp>5230.648828</timestamp>
			</report>
			<report>
				<misses>823300001</misses>
				<total>0</total>
				<timestamp>5231.281747</timestamp>
			</report>
			<report>
				<misses>823400001</misses>
				<total>0</total>
				<timestamp>5231.916860</timestamp>
			</report>
			<report>
				<misses>823500001</misses>
				<total>0</total>
				<timestamp>5232.549475</timestamp>
			</report>
			<report>
				<misses>823600001</misses>
				<total>0</total>
				<timestamp>5233.181559</timestamp>
			</report>
			<report>
				<misses>823700001</misses>
				<total>0</total>
				<timestamp>5233.817485</timestamp>
			</report>
			<report>
				<misses>823800001</misses>
				<total>0</total>
				<timestamp>5234.450600</timestamp>
			</report>
			<report>
				<misses>823900001</misses>
				<total>0</total>
				<timestamp>5235.085424</timestamp>
			</report>
			<report>
				<misses>824000001</misses>
				<total>0</total>
				<timestamp>5235.718781</timestamp>
			</report>
			<report>
				<misses>824100001</misses>
				<total>0</total>
				<timestamp>5236.354452</timestamp>
			</report>
			<report>
				<misses>824200001</misses>
				<total>0</total>
				<timestamp>5236.990069</timestamp>
			</report>
			<report>
				<misses>824300001</misses>
				<total>0</total>
				<timestamp>5237.623987</timestamp>
			</report>
			<report>
				<misses>824400001</misses>
				<total>0</total>
				<timestamp>5238.257090</timestamp>
			</report>
			<report>
				<misses>824500001</misses>
				<total>0</total>
				<timestamp>5238.892930</timestamp>
			</report>
			<report>
				<misses>824600001</misses>
				<total>0</total>
				<timestamp>5239.525410</timestamp>
			</report>
			<report>
				<misses>824700001</misses>
				<total>0</total>
				<timestamp>5240.161763</timestamp>
			</report>
			<report>
				<misses>824800001</misses>
				<total>0</total>
				<timestamp>5240.796149</timestamp>
			</report>
			<report>
				<misses>824900001</misses>
				<total>0</total>
				<timestamp>5241.434330</timestamp>
			</report>
			<report>
				<misses>825000001</misses>
				<total>0</total>
				<timestamp>5242.078090</timestamp>
			</report>
			<report>
				<misses>825100001</misses>
				<total>0</total>
				<timestamp>5242.715784</timestamp>
			</report>
			<report>
				<misses>825200001</misses>
				<total>0</total>
				<timestamp>5243.349210</timestamp>
			</report>
			<report>
				<misses>825300001</misses>
				<total>0</total>
				<timestamp>5243.983959</timestamp>
			</report>
			<report>
				<misses>825400001</misses>
				<total>0</total>
				<timestamp>5244.618195</timestamp>
			</report>
			<report>
				<misses>825500001</misses>
				<total>0</total>
				<timestamp>5245.256948</timestamp>
			</report>
			<report>
				<misses>825600001</misses>
				<total>0</total>
				<timestamp>5245.899586</timestamp>
			</report>
			<report>
				<misses>825700001</misses>
				<total>0</total>
				<timestamp>5246.533709</timestamp>
			</report>
			<report>
				<misses>825800001</misses>
				<total>0</total>
				<timestamp>5247.168767</timestamp>
			</report>
			<report>
				<misses>825900001</misses>
				<total>0</total>
				<timestamp>5247.803004</timestamp>
			</report>
			<report>
				<misses>826000001</misses>
				<total>0</total>
				<timestamp>5248.438040</timestamp>
			</report>
			<report>
				<misses>826100001</misses>
				<total>0</total>
				<timestamp>5249.073487</timestamp>
			</report>
			<report>
				<misses>826200001</misses>
				<total>0</total>
				<timestamp>5249.707932</timestamp>
			</report>
			<report>
				<misses>826300001</misses>
				<total>0</total>
				<timestamp>5250.342080</timestamp>
			</report>
			<report>
				<misses>826400001</misses>
				<total>0</total>
				<timestamp>5250.980848</timestamp>
			</report>
			<report>
				<misses>826500001</misses>
				<total>0</total>
				<timestamp>5251.615211</timestamp>
			</report>
			<report>
				<misses>826600001</misses>
				<total>0</total>
				<timestamp>5252.250481</timestamp>
			</report>
			<report>
				<misses>826700001</misses>
				<total>0</total>
				<timestamp>5252.884744</timestamp>
			</report>
			<report>
				<misses>826800001</misses>
				<total>0</total>
				<timestamp>5253.517491</timestamp>
			</report>
			<report>
				<misses>826900001</misses>
				<total>0</total>
				<timestamp>5254.156849</timestamp>
			</report>
			<report>
				<misses>827000001</misses>
				<total>0</total>
				<timestamp>5254.800244</timestamp>
			</report>
			<report>
				<misses>827100001</misses>
				<total>0</total>
				<timestamp>5255.446839</timestamp>
			</report>
			<report>
				<misses>827200001</misses>
				<total>0</total>
				<timestamp>5256.078996</timestamp>
			</report>
			<report>
				<misses>827300001</misses>
				<total>0</total>
				<timestamp>5256.712293</timestamp>
			</report>
			<report>
				<misses>827400001</misses>
				<total>0</total>
				<timestamp>5257.345099</timestamp>
			</report>
			<report>
				<misses>827500001</misses>
				<total>0</total>
				<timestamp>5257.977346</timestamp>
			</report>
			<report>
				<misses>827600001</misses>
				<total>0</total>
				<timestamp>5258.610031</timestamp>
			</report>
			<report>
				<misses>827700001</misses>
				<total>0</total>
				<timestamp>5259.242151</timestamp>
			</report>
			<report>
				<misses>827800001</misses>
				<total>0</total>
				<timestamp>5259.874681</timestamp>
			</report>
			<report>
				<misses>827900001</misses>
				<total>0</total>
				<timestamp>5260.507681</timestamp>
			</report>
			<report>
				<misses>828000001</misses>
				<total>0</total>
				<timestamp>5261.140422</timestamp>
			</report>
			<report>
				<misses>828100001</misses>
				<total>0</total>
				<timestamp>5261.773600</timestamp>
			</report>
			<report>
				<misses>828200001</misses>
				<total>0</total>
				<timestamp>5262.406309</timestamp>
			</report>
			<report>
				<misses>828300001</misses>
				<total>0</total>
				<timestamp>5263.039437</timestamp>
			</report>
			<report>
				<misses>828400001</misses>
				<total>0</total>
				<timestamp>5263.671932</timestamp>
			</report>
			<report>
				<misses>828500001</misses>
				<total>0</total>
				<timestamp>5264.305049</timestamp>
			</report>
			<report>
				<misses>828600001</misses>
				<total>0</total>
				<timestamp>5264.937505</timestamp>
			</report>
			<report>
				<misses>828700001</misses>
				<total>0</total>
				<timestamp>5265.570339</timestamp>
			</report>
			<report>
				<misses>828800001</misses>
				<total>0</total>
				<timestamp>5266.206339</timestamp>
			</report>
			<report>
				<misses>828900001</misses>
				<total>0</total>
				<timestamp>5266.839054</timestamp>
			</report>
			<report>
				<misses>829000001</misses>
				<total>0</total>
				<timestamp>5267.471950</timestamp>
			</report>
			<report>
				<misses>829100001</misses>
				<total>0</total>
				<timestamp>5268.105169</timestamp>
			</report>
			<report>
				<misses>829200001</misses>
				<total>0</total>
				<timestamp>5268.737804</timestamp>
			</report>
			<report>
				<misses>829300001</misses>
				<total>0</total>
				<timestamp>5269.370597</timestamp>
			</report>
			<report>
				<misses>829400001</misses>
				<total>0</total>
				<timestamp>5270.003052</timestamp>
			</report>
			<report>
				<misses>829500001</misses>
				<total>0</total>
				<timestamp>5270.635691</timestamp>
			</report>
			<report>
				<misses>829600001</misses>
				<total>0</total>
				<timestamp>5271.268959</timestamp>
			</report>
			<report>
				<misses>829700001</misses>
				<total>0</total>
				<timestamp>5271.907525</timestamp>
			</report>
			<report>
				<misses>829800001</misses>
				<total>0</total>
				<timestamp>5272.540505</timestamp>
			</report>
			<report>
				<misses>829900001</misses>
				<total>0</total>
				<timestamp>5273.173636</timestamp>
			</report>
			<report>
				<misses>830000001</misses>
				<total>0</total>
				<timestamp>5273.806474</timestamp>
			</report>
			<report>
				<misses>830100001</misses>
				<total>0</total>
				<timestamp>5274.438823</timestamp>
			</report>
			<report>
				<misses>830200001</misses>
				<total>0</total>
				<timestamp>5275.071724</timestamp>
			</report>
			<report>
				<misses>830300001</misses>
				<total>0</total>
				<timestamp>5275.704208</timestamp>
			</report>
			<report>
				<misses>830400001</misses>
				<total>0</total>
				<timestamp>5276.336744</timestamp>
			</report>
			<report>
				<misses>830500001</misses>
				<total>0</total>
				<timestamp>5276.969697</timestamp>
			</report>
			<report>
				<misses>830600001</misses>
				<total>0</total>
				<timestamp>5277.602543</timestamp>
			</report>
			<report>
				<misses>830700001</misses>
				<total>0</total>
				<timestamp>5278.240267</timestamp>
			</report>
			<report>
				<misses>830800001</misses>
				<total>0</total>
				<timestamp>5278.873451</timestamp>
			</report>
			<report>
				<misses>830900001</misses>
				<total>0</total>
				<timestamp>5279.506088</timestamp>
			</report>
			<report>
				<misses>831000001</misses>
				<total>0</total>
				<timestamp>5280.138916</timestamp>
			</report>
			<report>
				<misses>831100001</misses>
				<total>0</total>
				<timestamp>5280.772464</timestamp>
			</report>
			<report>
				<misses>831200001</misses>
				<total>0</total>
				<timestamp>5281.406980</timestamp>
			</report>
			<report>
				<misses>831300001</misses>
				<total>0</total>
				<timestamp>5282.042916</timestamp>
			</report>
			<report>
				<misses>831400001</misses>
				<total>0</total>
				<timestamp>5282.677119</timestamp>
			</report>
			<report>
				<misses>831500001</misses>
				<total>0</total>
				<timestamp>5283.311062</timestamp>
			</report>
			<report>
				<misses>831600001</misses>
				<total>0</total>
				<timestamp>5283.945530</timestamp>
			</report>
			<report>
				<misses>831700001</misses>
				<total>0</total>
				<timestamp>5284.579665</timestamp>
			</report>
			<report>
				<misses>831800001</misses>
				<total>0</total>
				<timestamp>5285.214134</timestamp>
			</report>
			<report>
				<misses>831900001</misses>
				<total>0</total>
				<timestamp>5285.847188</timestamp>
			</report>
			<report>
				<misses>832000001</misses>
				<total>0</total>
				<timestamp>5286.480920</timestamp>
			</report>
			<report>
				<misses>832100001</misses>
				<total>0</total>
				<timestamp>5287.113729</timestamp>
			</report>
			<report>
				<misses>832200001</misses>
				<total>0</total>
				<timestamp>5287.745934</timestamp>
			</report>
			<report>
				<misses>832300001</misses>
				<total>0</total>
				<timestamp>5288.378425</timestamp>
			</report>
			<report>
				<misses>832400001</misses>
				<total>0</total>
				<timestamp>5289.011553</timestamp>
			</report>
			<report>
				<misses>832500001</misses>
				<total>0</total>
				<timestamp>5289.644499</timestamp>
			</report>
			<report>
				<misses>832600001</misses>
				<total>0</total>
				<timestamp>5290.277554</timestamp>
			</report>
			<report>
				<misses>832700001</misses>
				<total>0</total>
				<timestamp>5290.910765</timestamp>
			</report>
			<report>
				<misses>832800001</misses>
				<total>0</total>
				<timestamp>5291.543741</timestamp>
			</report>
			<report>
				<misses>832900001</misses>
				<total>0</total>
				<timestamp>5292.177415</timestamp>
			</report>
			<report>
				<misses>833000001</misses>
				<total>0</total>
				<timestamp>5292.810923</timestamp>
			</report>
			<report>
				<misses>833100001</misses>
				<total>0</total>
				<timestamp>5293.444551</timestamp>
			</report>
			<report>
				<misses>833200001</misses>
				<total>0</total>
				<timestamp>5294.077715</timestamp>
			</report>
			<report>
				<misses>833300001</misses>
				<total>0</total>
				<timestamp>5294.711218</timestamp>
			</report>
			<report>
				<misses>833400001</misses>
				<total>0</total>
				<timestamp>5295.344439</timestamp>
			</report>
			<report>
				<misses>833500001</misses>
				<total>0</total>
				<timestamp>5295.976978</timestamp>
			</report>
			<report>
				<misses>833600001</misses>
				<total>0</total>
				<timestamp>5296.611329</timestamp>
			</report>
			<report>
				<misses>833700001</misses>
				<total>0</total>
				<timestamp>5297.248725</timestamp>
			</report>
			<report>
				<misses>833800001</misses>
				<total>0</total>
				<timestamp>5297.881564</timestamp>
			</report>
			<report>
				<misses>833900001</misses>
				<total>0</total>
				<timestamp>5298.514963</timestamp>
			</report>
			<report>
				<misses>834000001</misses>
				<total>0</total>
				<timestamp>5299.147872</timestamp>
			</report>
			<report>
				<misses>834100001</misses>
				<total>0</total>
				<timestamp>5299.781231</timestamp>
			</report>
			<report>
				<misses>834200001</misses>
				<total>0</total>
				<timestamp>5300.415415</timestamp>
			</report>
			<report>
				<misses>834300001</misses>
				<total>0</total>
				<timestamp>5301.048551</timestamp>
			</report>
			<report>
				<misses>834400001</misses>
				<total>0</total>
				<timestamp>5301.681133</timestamp>
			</report>
			<report>
				<misses>834500001</misses>
				<total>0</total>
				<timestamp>5302.313723</timestamp>
			</report>
			<report>
				<misses>834600001</misses>
				<total>0</total>
				<timestamp>5302.946443</timestamp>
			</report>
			<report>
				<misses>834700001</misses>
				<total>0</total>
				<timestamp>5303.579755</timestamp>
			</report>
			<report>
				<misses>834800001</misses>
				<total>0</total>
				<timestamp>5304.212830</timestamp>
			</report>
			<report>
				<misses>834900001</misses>
				<total>0</total>
				<timestamp>5304.846227</timestamp>
			</report>
			<report>
				<misses>835000001</misses>
				<total>0</total>
				<timestamp>5305.479245</timestamp>
			</report>
			<report>
				<misses>835100001</misses>
				<total>0</total>
				<timestamp>5306.112306</timestamp>
			</report>
			<report>
				<misses>835200001</misses>
				<total>0</total>
				<timestamp>5306.744536</timestamp>
			</report>
			<report>
				<misses>835300001</misses>
				<total>0</total>
				<timestamp>5307.376395</timestamp>
			</report>
			<report>
				<misses>835400001</misses>
				<total>0</total>
				<timestamp>5308.009325</timestamp>
			</report>
			<report>
				<misses>835500001</misses>
				<total>0</total>
				<timestamp>5308.642364</timestamp>
			</report>
			<report>
				<misses>835600001</misses>
				<total>0</total>
				<timestamp>5309.278124</timestamp>
			</report>
			<report>
				<misses>835700001</misses>
				<total>0</total>
				<timestamp>5309.910165</timestamp>
			</report>
			<report>
				<misses>835800001</misses>
				<total>0</total>
				<timestamp>5310.541894</timestamp>
			</report>
			<report>
				<misses>835900001</misses>
				<total>0</total>
				<timestamp>5311.174194</timestamp>
			</report>
			<report>
				<misses>836000001</misses>
				<total>0</total>
				<timestamp>5311.806977</timestamp>
			</report>
			<report>
				<misses>836100001</misses>
				<total>0</total>
				<timestamp>5312.439882</timestamp>
			</report>
			<report>
				<misses>836200001</misses>
				<total>0</total>
				<timestamp>5313.073274</timestamp>
			</report>
			<report>
				<misses>836300001</misses>
				<total>0</total>
				<timestamp>5313.707002</timestamp>
			</report>
			<report>
				<misses>836400001</misses>
				<total>0</total>
				<timestamp>5314.340262</timestamp>
			</report>
			<report>
				<misses>836500001</misses>
				<total>0</total>
				<timestamp>5314.973929</timestamp>
			</report>
			<report>
				<misses>836600001</misses>
				<total>0</total>
				<timestamp>5315.606795</timestamp>
			</report>
			<report>
				<misses>836700001</misses>
				<total>0</total>
				<timestamp>5316.239827</timestamp>
			</report>
			<report>
				<misses>836800001</misses>
				<total>0</total>
				<timestamp>5316.871905</timestamp>
			</report>
			<report>
				<misses>836900001</misses>
				<total>0</total>
				<timestamp>5317.504636</timestamp>
			</report>
			<report>
				<misses>837000001</misses>
				<total>0</total>
				<timestamp>5318.137958</timestamp>
			</report>
			<report>
				<misses>837100001</misses>
				<total>0</total>
				<timestamp>5318.770948</timestamp>
			</report>
			<report>
				<misses>837200001</misses>
				<total>0</total>
				<timestamp>5319.403866</timestamp>
			</report>
			<report>
				<misses>837300001</misses>
				<total>0</total>
				<timestamp>5320.038513</timestamp>
			</report>
			<report>
				<misses>837400001</misses>
				<total>0</total>
				<timestamp>5320.670380</timestamp>
			</report>
			<report>
				<misses>837500001</misses>
				<total>0</total>
				<timestamp>5321.302098</timestamp>
			</report>
			<report>
				<misses>837600001</misses>
				<total>0</total>
				<timestamp>5321.934635</timestamp>
			</report>
			<report>
				<misses>837700001</misses>
				<total>0</total>
				<timestamp>5322.566563</timestamp>
			</report>
			<report>
				<misses>837800001</misses>
				<total>0</total>
				<timestamp>5323.198639</timestamp>
			</report>
			<report>
				<misses>837900001</misses>
				<total>0</total>
				<timestamp>5323.836988</timestamp>
			</report>
			<report>
				<misses>838000001</misses>
				<total>0</total>
				<timestamp>5324.469044</timestamp>
			</report>
			<report>
				<misses>838100001</misses>
				<total>0</total>
				<timestamp>5325.102670</timestamp>
			</report>
			<report>
				<misses>838200001</misses>
				<total>0</total>
				<timestamp>5325.735489</timestamp>
			</report>
			<report>
				<misses>838300001</misses>
				<total>0</total>
				<timestamp>5326.368143</timestamp>
			</report>
			<report>
				<misses>838400001</misses>
				<total>0</total>
				<timestamp>5327.000423</timestamp>
			</report>
			<report>
				<misses>838500001</misses>
				<total>0</total>
				<timestamp>5327.633380</timestamp>
			</report>
			<report>
				<misses>838600001</misses>
				<total>0</total>
				<timestamp>5328.266252</timestamp>
			</report>
			<report>
				<misses>838700001</misses>
				<total>0</total>
				<timestamp>5328.901052</timestamp>
			</report>
			<report>
				<misses>838800001</misses>
				<total>0</total>
				<timestamp>5329.533618</timestamp>
			</report>
			<report>
				<misses>838900001</misses>
				<total>0</total>
				<timestamp>5330.165826</timestamp>
			</report>
			<report>
				<misses>839000001</misses>
				<total>0</total>
				<timestamp>5330.798705</timestamp>
			</report>
			<report>
				<misses>839100001</misses>
				<total>0</total>
				<timestamp>5331.431014</timestamp>
			</report>
			<report>
				<misses>839200001</misses>
				<total>0</total>
				<timestamp>5332.063852</timestamp>
			</report>
			<report>
				<misses>839300001</misses>
				<total>0</total>
				<timestamp>5332.696328</timestamp>
			</report>
			<report>
				<misses>839400001</misses>
				<total>0</total>
				<timestamp>5333.328810</timestamp>
			</report>
			<report>
				<misses>839500001</misses>
				<total>0</total>
				<timestamp>5333.963711</timestamp>
			</report>
			<report>
				<misses>839600001</misses>
				<total>0</total>
				<timestamp>5334.596925</timestamp>
			</report>
			<report>
				<misses>839700001</misses>
				<total>0</total>
				<timestamp>5335.229728</timestamp>
			</report>
			<report>
				<misses>839800001</misses>
				<total>0</total>
				<timestamp>5335.862874</timestamp>
			</report>
			<report>
				<misses>839900001</misses>
				<total>0</total>
				<timestamp>5336.495425</timestamp>
			</report>
			<report>
				<misses>840000001</misses>
				<total>0</total>
				<timestamp>5337.128071</timestamp>
			</report>
			<report>
				<misses>840100001</misses>
				<total>0</total>
				<timestamp>5337.762508</timestamp>
			</report>
			<report>
				<misses>840200001</misses>
				<total>0</total>
				<timestamp>5338.394432</timestamp>
			</report>
			<report>
				<misses>840300001</misses>
				<total>0</total>
				<timestamp>5339.026941</timestamp>
			</report>
			<report>
				<misses>840400001</misses>
				<total>0</total>
				<timestamp>5339.658872</timestamp>
			</report>
			<report>
				<misses>840500001</misses>
				<total>0</total>
				<timestamp>5340.294096</timestamp>
			</report>
			<report>
				<misses>840600001</misses>
				<total>0</total>
				<timestamp>5340.926604</timestamp>
			</report>
			<report>
				<misses>840700001</misses>
				<total>0</total>
				<timestamp>5341.558947</timestamp>
			</report>
			<report>
				<misses>840800001</misses>
				<total>0</total>
				<timestamp>5342.191615</timestamp>
			</report>
			<report>
				<misses>840900001</misses>
				<total>0</total>
				<timestamp>5342.824688</timestamp>
			</report>
			<report>
				<misses>841000001</misses>
				<total>0</total>
				<timestamp>5343.457106</timestamp>
			</report>
			<report>
				<misses>841100001</misses>
				<total>0</total>
				<timestamp>5344.099051</timestamp>
			</report>
			<report>
				<misses>841200001</misses>
				<total>0</total>
				<timestamp>5344.731170</timestamp>
			</report>
			<report>
				<misses>841300001</misses>
				<total>0</total>
				<timestamp>5345.363329</timestamp>
			</report>
			<report>
				<misses>841400001</misses>
				<total>0</total>
				<timestamp>5345.996143</timestamp>
			</report>
			<report>
				<misses>841500001</misses>
				<total>0</total>
				<timestamp>5346.630278</timestamp>
			</report>
			<report>
				<misses>841600001</misses>
				<total>0</total>
				<timestamp>5347.264167</timestamp>
			</report>
			<report>
				<misses>841700001</misses>
				<total>0</total>
				<timestamp>5347.897884</timestamp>
			</report>
			<report>
				<misses>841800001</misses>
				<total>0</total>
				<timestamp>5348.531591</timestamp>
			</report>
			<report>
				<misses>841900001</misses>
				<total>0</total>
				<timestamp>5349.165161</timestamp>
			</report>
			<report>
				<misses>842000001</misses>
				<total>0</total>
				<timestamp>5349.798233</timestamp>
			</report>
			<report>
				<misses>842100001</misses>
				<total>0</total>
				<timestamp>5350.431422</timestamp>
			</report>
			<report>
				<misses>842200001</misses>
				<total>0</total>
				<timestamp>5351.071052</timestamp>
			</report>
			<report>
				<misses>842300001</misses>
				<total>0</total>
				<timestamp>5351.704064</timestamp>
			</report>
			<report>
				<misses>842400001</misses>
				<total>0</total>
				<timestamp>5352.337472</timestamp>
			</report>
			<report>
				<misses>842500001</misses>
				<total>0</total>
				<timestamp>5352.970538</timestamp>
			</report>
			<report>
				<misses>842600001</misses>
				<total>0</total>
				<timestamp>5353.603404</timestamp>
			</report>
			<report>
				<misses>842700001</misses>
				<total>0</total>
				<timestamp>5354.235780</timestamp>
			</report>
			<report>
				<misses>842800001</misses>
				<total>0</total>
				<timestamp>5354.873054</timestamp>
			</report>
			<report>
				<misses>842900001</misses>
				<total>0</total>
				<timestamp>5355.505357</timestamp>
			</report>
			<report>
				<misses>843000001</misses>
				<total>0</total>
				<timestamp>5356.138164</timestamp>
			</report>
			<report>
				<misses>843100001</misses>
				<total>0</total>
				<timestamp>5356.771005</timestamp>
			</report>
			<report>
				<misses>843200001</misses>
				<total>0</total>
				<timestamp>5357.403510</timestamp>
			</report>
			<report>
				<misses>843300001</misses>
				<total>0</total>
				<timestamp>5358.046476</timestamp>
			</report>
			<report>
				<misses>843400001</misses>
				<total>0</total>
				<timestamp>5358.678625</timestamp>
			</report>
			<report>
				<misses>843500001</misses>
				<total>0</total>
				<timestamp>5359.310972</timestamp>
			</report>
			<report>
				<misses>843600001</misses>
				<total>0</total>
				<timestamp>5359.943386</timestamp>
			</report>
			<report>
				<misses>843700001</misses>
				<total>0</total>
				<timestamp>5360.575084</timestamp>
			</report>
			<report>
				<misses>843800001</misses>
				<total>0</total>
				<timestamp>5361.206890</timestamp>
			</report>
			<report>
				<misses>843900001</misses>
				<total>0</total>
				<timestamp>5361.840232</timestamp>
			</report>
			<report>
				<misses>844000001</misses>
				<total>0</total>
				<timestamp>5362.472217</timestamp>
			</report>
			<report>
				<misses>844100001</misses>
				<total>0</total>
				<timestamp>5363.104013</timestamp>
			</report>
			<report>
				<misses>844200001</misses>
				<total>0</total>
				<timestamp>5363.739868</timestamp>
			</report>
			<report>
				<misses>844300001</misses>
				<total>0</total>
				<timestamp>5364.372340</timestamp>
			</report>
			<report>
				<misses>844400001</misses>
				<total>0</total>
				<timestamp>5365.004286</timestamp>
			</report>
			<report>
				<misses>844500001</misses>
				<total>0</total>
				<timestamp>5365.643317</timestamp>
			</report>
			<report>
				<misses>844600001</misses>
				<total>0</total>
				<timestamp>5366.276627</timestamp>
			</report>
			<report>
				<misses>844700001</misses>
				<total>0</total>
				<timestamp>5366.939206</timestamp>
			</report>
			<report>
				<misses>844800001</misses>
				<total>0</total>
				<timestamp>5367.571910</timestamp>
			</report>
			<report>
				<misses>844900001</misses>
				<total>0</total>
				<timestamp>5368.204087</timestamp>
			</report>
			<report>
				<misses>845000001</misses>
				<total>0</total>
				<timestamp>5368.842492</timestamp>
			</report>
			<report>
				<misses>845100001</misses>
				<total>0</total>
				<timestamp>5369.474913</timestamp>
			</report>
			<report>
				<misses>845200001</misses>
				<total>0</total>
				<timestamp>5370.111823</timestamp>
			</report>
			<report>
				<misses>845300001</misses>
				<total>0</total>
				<timestamp>5370.744407</timestamp>
			</report>
			<report>
				<misses>845400001</misses>
				<total>0</total>
				<timestamp>5371.377594</timestamp>
			</report>
			<report>
				<misses>845500001</misses>
				<total>0</total>
				<timestamp>5372.031252</timestamp>
			</report>
			<report>
				<misses>845600001</misses>
				<total>0</total>
				<timestamp>5372.666756</timestamp>
			</report>
			<report>
				<misses>845700001</misses>
				<total>0</total>
				<timestamp>5373.299611</timestamp>
			</report>
			<report>
				<misses>845800001</misses>
				<total>0</total>
				<timestamp>5373.932587</timestamp>
			</report>
			<report>
				<misses>845900001</misses>
				<total>0</total>
				<timestamp>5374.566051</timestamp>
			</report>
			<report>
				<misses>846000001</misses>
				<total>0</total>
				<timestamp>5375.212623</timestamp>
			</report>
			<report>
				<misses>846100001</misses>
				<total>0</total>
				<timestamp>5375.844213</timestamp>
			</report>
			<report>
				<misses>846200001</misses>
				<total>0</total>
				<timestamp>5376.475426</timestamp>
			</report>
			<report>
				<misses>846300001</misses>
				<total>0</total>
				<timestamp>5377.107082</timestamp>
			</report>
			<report>
				<misses>846400001</misses>
				<total>0</total>
				<timestamp>5377.739322</timestamp>
			</report>
			<report>
				<misses>846500001</misses>
				<total>0</total>
				<timestamp>5378.370615</timestamp>
			</report>
			<report>
				<misses>846600001</misses>
				<total>0</total>
				<timestamp>5379.002897</timestamp>
			</report>
			<report>
				<misses>846700001</misses>
				<total>0</total>
				<timestamp>5379.635455</timestamp>
			</report>
			<report>
				<misses>846800001</misses>
				<total>0</total>
				<timestamp>5380.271152</timestamp>
			</report>
			<report>
				<misses>846900001</misses>
				<total>0</total>
				<timestamp>5380.905199</timestamp>
			</report>
			<report>
				<misses>847000001</misses>
				<total>0</total>
				<timestamp>5381.537699</timestamp>
			</report>
			<report>
				<misses>847100001</misses>
				<total>0</total>
				<timestamp>5382.171846</timestamp>
			</report>
			<report>
				<misses>847200001</misses>
				<total>0</total>
				<timestamp>5382.806531</timestamp>
			</report>
			<report>
				<misses>847300001</misses>
				<total>0</total>
				<timestamp>5383.439243</timestamp>
			</report>
			<report>
				<misses>847400001</misses>
				<total>0</total>
				<timestamp>5384.070678</timestamp>
			</report>
			<report>
				<misses>847500001</misses>
				<total>0</total>
				<timestamp>5384.701575</timestamp>
			</report>
			<report>
				<misses>847600001</misses>
				<total>0</total>
				<timestamp>5385.333082</timestamp>
			</report>
			<report>
				<misses>847700001</misses>
				<total>0</total>
				<timestamp>5385.971408</timestamp>
			</report>
			<report>
				<misses>847800001</misses>
				<total>0</total>
				<timestamp>5386.602700</timestamp>
			</report>
			<report>
				<misses>847900001</misses>
				<total>0</total>
				<timestamp>5387.236397</timestamp>
			</report>
			<report>
				<misses>848000001</misses>
				<total>0</total>
				<timestamp>5387.868142</timestamp>
			</report>
			<report>
				<misses>848100001</misses>
				<total>0</total>
				<timestamp>5388.499924</timestamp>
			</report>
			<report>
				<misses>848200001</misses>
				<total>0</total>
				<timestamp>5389.130973</timestamp>
			</report>
			<report>
				<misses>848300001</misses>
				<total>0</total>
				<timestamp>5389.761953</timestamp>
			</report>
			<report>
				<misses>848400001</misses>
				<total>0</total>
				<timestamp>5390.393755</timestamp>
			</report>
			<report>
				<misses>848500001</misses>
				<total>0</total>
				<timestamp>5391.027465</timestamp>
			</report>
			<report>
				<misses>848600001</misses>
				<total>0</total>
				<timestamp>5391.658899</timestamp>
			</report>
			<report>
				<misses>848700001</misses>
				<total>0</total>
				<timestamp>5392.293114</timestamp>
			</report>
			<report>
				<misses>848800001</misses>
				<total>0</total>
				<timestamp>5392.924592</timestamp>
			</report>
			<report>
				<misses>848900001</misses>
				<total>0</total>
				<timestamp>5393.555476</timestamp>
			</report>
			<report>
				<misses>849000001</misses>
				<total>0</total>
				<timestamp>5394.188941</timestamp>
			</report>
			<report>
				<misses>849100001</misses>
				<total>0</total>
				<timestamp>5394.820609</timestamp>
			</report>
			<report>
				<misses>849200001</misses>
				<total>0</total>
				<timestamp>5395.452290</timestamp>
			</report>
			<report>
				<misses>849300001</misses>
				<total>0</total>
				<timestamp>5396.084231</timestamp>
			</report>
			<report>
				<misses>849400001</misses>
				<total>0</total>
				<timestamp>5396.716076</timestamp>
			</report>
			<report>
				<misses>849500001</misses>
				<total>0</total>
				<timestamp>5397.347735</timestamp>
			</report>
			<report>
				<misses>849600001</misses>
				<total>0</total>
				<timestamp>5397.979014</timestamp>
			</report>
			<report>
				<misses>849700001</misses>
				<total>0</total>
				<timestamp>5398.610534</timestamp>
			</report>
			<report>
				<misses>849800001</misses>
				<total>0</total>
				<timestamp>5399.242508</timestamp>
			</report>
			<report>
				<misses>849900001</misses>
				<total>0</total>
				<timestamp>5399.876853</timestamp>
			</report>
			<report>
				<misses>850000001</misses>
				<total>0</total>
				<timestamp>5400.507998</timestamp>
			</report>
			<report>
				<misses>850100001</misses>
				<total>0</total>
				<timestamp>5401.138857</timestamp>
			</report>
			<report>
				<misses>850200001</misses>
				<total>0</total>
				<timestamp>5401.774322</timestamp>
			</report>
			<report>
				<misses>850300001</misses>
				<total>0</total>
				<timestamp>5402.425661</timestamp>
			</report>
			<report>
				<misses>850400001</misses>
				<total>0</total>
				<timestamp>5403.056537</timestamp>
			</report>
			<report>
				<misses>850500001</misses>
				<total>0</total>
				<timestamp>5403.687525</timestamp>
			</report>
			<report>
				<misses>850600001</misses>
				<total>0</total>
				<timestamp>5404.324636</timestamp>
			</report>
			<report>
				<misses>850700001</misses>
				<total>0</total>
				<timestamp>5404.982282</timestamp>
			</report>
			<report>
				<misses>850800001</misses>
				<total>0</total>
				<timestamp>5405.626024</timestamp>
			</report>
			<report>
				<misses>850900001</misses>
				<total>0</total>
				<timestamp>5406.257267</timestamp>
			</report>
			<report>
				<misses>851000001</misses>
				<total>0</total>
				<timestamp>5406.888844</timestamp>
			</report>
			<report>
				<misses>851100001</misses>
				<total>0</total>
				<timestamp>5407.520162</timestamp>
			</report>
			<report>
				<misses>851200001</misses>
				<total>0</total>
				<timestamp>5408.157865</timestamp>
			</report>
			<report>
				<misses>851300001</misses>
				<total>0</total>
				<timestamp>5408.789492</timestamp>
			</report>
			<report>
				<misses>851400001</misses>
				<total>0</total>
				<timestamp>5409.420740</timestamp>
			</report>
			<report>
				<misses>851500001</misses>
				<total>0</total>
				<timestamp>5410.051044</timestamp>
			</report>
			<report>
				<misses>851600001</misses>
				<total>0</total>
				<timestamp>5410.680988</timestamp>
			</report>
			<report>
				<misses>851700001</misses>
				<total>0</total>
				<timestamp>5411.312301</timestamp>
			</report>
			<report>
				<misses>851800001</misses>
				<total>0</total>
				<timestamp>5411.946839</timestamp>
			</report>
			<report>
				<misses>851900001</misses>
				<total>0</total>
				<timestamp>5412.578536</timestamp>
			</report>
			<report>
				<misses>852000001</misses>
				<total>0</total>
				<timestamp>5413.210701</timestamp>
			</report>
			<report>
				<misses>852100001</misses>
				<total>0</total>
				<timestamp>5413.842102</timestamp>
			</report>
			<report>
				<misses>852200001</misses>
				<total>0</total>
				<timestamp>5414.473588</timestamp>
			</report>
			<report>
				<misses>852300001</misses>
				<total>0</total>
				<timestamp>5415.105851</timestamp>
			</report>
			<report>
				<misses>852400001</misses>
				<total>0</total>
				<timestamp>5415.744554</timestamp>
			</report>
			<report>
				<misses>852500001</misses>
				<total>0</total>
				<timestamp>5416.377180</timestamp>
			</report>
			<report>
				<misses>852600001</misses>
				<total>0</total>
				<timestamp>5417.007698</timestamp>
			</report>
			<report>
				<misses>852700001</misses>
				<total>0</total>
				<timestamp>5417.638120</timestamp>
			</report>
			<report>
				<misses>852800001</misses>
				<total>0</total>
				<timestamp>5418.276761</timestamp>
			</report>
			<report>
				<misses>852900001</misses>
				<total>0</total>
				<timestamp>5418.907694</timestamp>
			</report>
			<report>
				<misses>853000001</misses>
				<total>0</total>
				<timestamp>5419.542066</timestamp>
			</report>
			<report>
				<misses>853100001</misses>
				<total>0</total>
				<timestamp>5420.211409</timestamp>
			</report>
			<report>
				<misses>853200001</misses>
				<total>0</total>
				<timestamp>5420.854349</timestamp>
			</report>
			<report>
				<misses>853300001</misses>
				<total>0</total>
				<timestamp>5421.486947</timestamp>
			</report>
			<report>
				<misses>853400001</misses>
				<total>0</total>
				<timestamp>5422.118696</timestamp>
			</report>
			<report>
				<misses>853500001</misses>
				<total>0</total>
				<timestamp>5422.751858</timestamp>
			</report>
			<report>
				<misses>853600001</misses>
				<total>0</total>
				<timestamp>5423.382938</timestamp>
			</report>
			<report>
				<misses>853700001</misses>
				<total>0</total>
				<timestamp>5424.013749</timestamp>
			</report>
			<report>
				<misses>853800001</misses>
				<total>0</total>
				<timestamp>5424.644614</timestamp>
			</report>
			<report>
				<misses>853900001</misses>
				<total>0</total>
				<timestamp>5425.309855</timestamp>
			</report>
			<report>
				<misses>854000001</misses>
				<total>0</total>
				<timestamp>5425.940787</timestamp>
			</report>
			<report>
				<misses>854100001</misses>
				<total>0</total>
				<timestamp>5426.572532</timestamp>
			</report>
			<report>
				<misses>854200001</misses>
				<total>0</total>
				<timestamp>5427.204174</timestamp>
			</report>
			<report>
				<misses>854300001</misses>
				<total>0</total>
				<timestamp>5427.838516</timestamp>
			</report>
			<report>
				<misses>854400001</misses>
				<total>0</total>
				<timestamp>5428.469506</timestamp>
			</report>
			<report>
				<misses>854500001</misses>
				<total>0</total>
				<timestamp>5429.100094</timestamp>
			</report>
			<report>
				<misses>854600001</misses>
				<total>0</total>
				<timestamp>5429.731492</timestamp>
			</report>
			<report>
				<misses>854700001</misses>
				<total>0</total>
				<timestamp>5430.362587</timestamp>
			</report>
			<report>
				<misses>854800001</misses>
				<total>0</total>
				<timestamp>5430.993355</timestamp>
			</report>
			<report>
				<misses>854900001</misses>
				<total>0</total>
				<timestamp>5431.624978</timestamp>
			</report>
			<report>
				<misses>855000001</misses>
				<total>0</total>
				<timestamp>5432.255735</timestamp>
			</report>
			<report>
				<misses>855100001</misses>
				<total>0</total>
				<timestamp>5432.887011</timestamp>
			</report>
			<report>
				<misses>855200001</misses>
				<total>0</total>
				<timestamp>5433.518671</timestamp>
			</report>
			<report>
				<misses>855300001</misses>
				<total>0</total>
				<timestamp>5434.151819</timestamp>
			</report>
			<report>
				<misses>855400001</misses>
				<total>0</total>
				<timestamp>5434.782900</timestamp>
			</report>
			<report>
				<misses>855500001</misses>
				<total>0</total>
				<timestamp>5435.415407</timestamp>
			</report>
			<report>
				<misses>855600001</misses>
				<total>0</total>
				<timestamp>5436.053520</timestamp>
			</report>
			<report>
				<misses>855700001</misses>
				<total>0</total>
				<timestamp>5436.685158</timestamp>
			</report>
			<report>
				<misses>855800001</misses>
				<total>0</total>
				<timestamp>5437.316563</timestamp>
			</report>
			<report>
				<misses>855900001</misses>
				<total>0</total>
				<timestamp>5437.970275</timestamp>
			</report>
			<report>
				<misses>856000001</misses>
				<total>0</total>
				<timestamp>5438.612978</timestamp>
			</report>
			<report>
				<misses>856100001</misses>
				<total>0</total>
				<timestamp>5439.244321</timestamp>
			</report>
			<report>
				<misses>856200001</misses>
				<total>0</total>
				<timestamp>5439.876381</timestamp>
			</report>
			<report>
				<misses>856300001</misses>
				<total>0</total>
				<timestamp>5440.508270</timestamp>
			</report>
			<report>
				<misses>856400001</misses>
				<total>0</total>
				<timestamp>5441.140450</timestamp>
			</report>
			<report>
				<misses>856500001</misses>
				<total>0</total>
				<timestamp>5441.779494</timestamp>
			</report>
			<report>
				<misses>856600001</misses>
				<total>0</total>
				<timestamp>5442.416909</timestamp>
			</report>
			<report>
				<misses>856700001</misses>
				<total>0</total>
				<timestamp>5443.062517</timestamp>
			</report>
			<report>
				<misses>856800001</misses>
				<total>0</total>
				<timestamp>5443.695226</timestamp>
			</report>
			<report>
				<misses>856900001</misses>
				<total>0</total>
				<timestamp>5444.327814</timestamp>
			</report>
			<report>
				<misses>857000001</misses>
				<total>0</total>
				<timestamp>5444.960655</timestamp>
			</report>
			<report>
				<misses>857100001</misses>
				<total>0</total>
				<timestamp>5445.593250</timestamp>
			</report>
			<report>
				<misses>857200001</misses>
				<total>0</total>
				<timestamp>5446.225631</timestamp>
			</report>
			<report>
				<misses>857300001</misses>
				<total>0</total>
				<timestamp>5446.861896</timestamp>
			</report>
			<report>
				<misses>857400001</misses>
				<total>0</total>
				<timestamp>5447.495206</timestamp>
			</report>
			<report>
				<misses>857500001</misses>
				<total>0</total>
				<timestamp>5448.132476</timestamp>
			</report>
			<report>
				<misses>857600001</misses>
				<total>0</total>
				<timestamp>5448.765641</timestamp>
			</report>
			<report>
				<misses>857700001</misses>
				<total>0</total>
				<timestamp>5449.397905</timestamp>
			</report>
			<report>
				<misses>857800001</misses>
				<total>0</total>
				<timestamp>5450.030906</timestamp>
			</report>
			<report>
				<misses>857900001</misses>
				<total>0</total>
				<timestamp>5450.663134</timestamp>
			</report>
			<report>
				<misses>858000001</misses>
				<total>0</total>
				<timestamp>5451.295813</timestamp>
			</report>
			<report>
				<misses>858100001</misses>
				<total>0</total>
				<timestamp>5451.937327</timestamp>
			</report>
			<report>
				<misses>858200001</misses>
				<total>0</total>
				<timestamp>5452.569521</timestamp>
			</report>
			<report>
				<misses>858300001</misses>
				<total>0</total>
				<timestamp>5453.201173</timestamp>
			</report>
			<report>
				<misses>858400001</misses>
				<total>0</total>
				<timestamp>5453.833956</timestamp>
			</report>
			<report>
				<misses>858500001</misses>
				<total>0</total>
				<timestamp>5454.465432</timestamp>
			</report>
			<report>
				<misses>858600001</misses>
				<total>0</total>
				<timestamp>5455.097326</timestamp>
			</report>
			<report>
				<misses>858700001</misses>
				<total>0</total>
				<timestamp>5455.729845</timestamp>
			</report>
			<report>
				<misses>858800001</misses>
				<total>0</total>
				<timestamp>5456.362097</timestamp>
			</report>
			<report>
				<misses>858900001</misses>
				<total>0</total>
				<timestamp>5456.994015</timestamp>
			</report>
			<report>
				<misses>859000001</misses>
				<total>0</total>
				<timestamp>5457.625562</timestamp>
			</report>
			<report>
				<misses>859100001</misses>
				<total>0</total>
				<timestamp>5458.257427</timestamp>
			</report>
			<report>
				<misses>859200001</misses>
				<total>0</total>
				<timestamp>5458.889951</timestamp>
			</report>
			<report>
				<misses>859300001</misses>
				<total>0</total>
				<timestamp>5459.521790</timestamp>
			</report>
			<report>
				<misses>859400001</misses>
				<total>0</total>
				<timestamp>5460.152954</timestamp>
			</report>
			<report>
				<misses>859500001</misses>
				<total>0</total>
				<timestamp>5460.784726</timestamp>
			</report>
			<report>
				<misses>859600001</misses>
				<total>0</total>
				<timestamp>5461.416866</timestamp>
			</report>
			<report>
				<misses>859700001</misses>
				<total>0</total>
				<timestamp>5462.048816</timestamp>
			</report>
			<report>
				<misses>859800001</misses>
				<total>0</total>
				<timestamp>5462.680418</timestamp>
			</report>
			<report>
				<misses>859900001</misses>
				<total>0</total>
				<timestamp>5463.318202</timestamp>
			</report>
			<report>
				<misses>860000001</misses>
				<total>0</total>
				<timestamp>5463.960533</timestamp>
			</report>
			<report>
				<misses>860100001</misses>
				<total>0</total>
				<timestamp>5464.593320</timestamp>
			</report>
			<report>
				<misses>860200001</misses>
				<total>0</total>
				<timestamp>5465.225882</timestamp>
			</report>
			<report>
				<misses>860300001</misses>
				<total>0</total>
				<timestamp>5465.858076</timestamp>
			</report>
			<report>
				<misses>860400001</misses>
				<total>0</total>
				<timestamp>5466.489764</timestamp>
			</report>
			<report>
				<misses>860500001</misses>
				<total>0</total>
				<timestamp>5467.121540</timestamp>
			</report>
			<report>
				<misses>860600001</misses>
				<total>0</total>
				<timestamp>5467.754790</timestamp>
			</report>
			<report>
				<misses>860700001</misses>
				<total>0</total>
				<timestamp>5468.392733</timestamp>
			</report>
			<report>
				<misses>860800001</misses>
				<total>0</total>
				<timestamp>5469.024206</timestamp>
			</report>
			<report>
				<misses>860900001</misses>
				<total>0</total>
				<timestamp>5469.655796</timestamp>
			</report>
			<report>
				<misses>861000001</misses>
				<total>0</total>
				<timestamp>5470.289431</timestamp>
			</report>
			<report>
				<misses>861100001</misses>
				<total>0</total>
				<timestamp>5470.921950</timestamp>
			</report>
			<report>
				<misses>861200001</misses>
				<total>0</total>
				<timestamp>5471.555303</timestamp>
			</report>
			<report>
				<misses>861300001</misses>
				<total>0</total>
				<timestamp>5472.188346</timestamp>
			</report>
			<report>
				<misses>861400001</misses>
				<total>0</total>
				<timestamp>5472.820881</timestamp>
			</report>
			<report>
				<misses>861500001</misses>
				<total>0</total>
				<timestamp>5473.454142</timestamp>
			</report>
			<report>
				<misses>861600001</misses>
				<total>0</total>
				<timestamp>5474.087092</timestamp>
			</report>
			<report>
				<misses>861700001</misses>
				<total>0</total>
				<timestamp>5474.719646</timestamp>
			</report>
			<report>
				<misses>861800001</misses>
				<total>0</total>
				<timestamp>5475.352954</timestamp>
			</report>
			<report>
				<misses>861900001</misses>
				<total>0</total>
				<timestamp>5475.984668</timestamp>
			</report>
			<report>
				<misses>862000001</misses>
				<total>0</total>
				<timestamp>5476.616136</timestamp>
			</report>
			<report>
				<misses>862100001</misses>
				<total>0</total>
				<timestamp>5477.248389</timestamp>
			</report>
			<report>
				<misses>862200001</misses>
				<total>0</total>
				<timestamp>5477.879817</timestamp>
			</report>
			<report>
				<misses>862300001</misses>
				<total>0</total>
				<timestamp>5478.511870</timestamp>
			</report>
			<report>
				<misses>862400001</misses>
				<total>0</total>
				<timestamp>5479.143765</timestamp>
			</report>
			<report>
				<misses>862500001</misses>
				<total>0</total>
				<timestamp>5479.775240</timestamp>
			</report>
			<report>
				<misses>862600001</misses>
				<total>0</total>
				<timestamp>5480.407748</timestamp>
			</report>
			<report>
				<misses>862700001</misses>
				<total>0</total>
				<timestamp>5481.039864</timestamp>
			</report>
			<report>
				<misses>862800001</misses>
				<total>0</total>
				<timestamp>5481.672199</timestamp>
			</report>
			<report>
				<misses>862900001</misses>
				<total>0</total>
				<timestamp>5482.311072</timestamp>
			</report>
			<report>
				<misses>863000001</misses>
				<total>0</total>
				<timestamp>5482.942874</timestamp>
			</report>
			<report>
				<misses>863100001</misses>
				<total>0</total>
				<timestamp>5483.574721</timestamp>
			</report>
			<report>
				<misses>863200001</misses>
				<total>0</total>
				<timestamp>5484.206025</timestamp>
			</report>
			<report>
				<misses>863300001</misses>
				<total>0</total>
				<timestamp>5484.837023</timestamp>
			</report>
			<report>
				<misses>863400001</misses>
				<total>0</total>
				<timestamp>5485.468800</timestamp>
			</report>
			<report>
				<misses>863500001</misses>
				<total>0</total>
				<timestamp>5486.100497</timestamp>
			</report>
			<report>
				<misses>863600001</misses>
				<total>0</total>
				<timestamp>5486.732746</timestamp>
			</report>
			<report>
				<misses>863700001</misses>
				<total>0</total>
				<timestamp>5487.364689</timestamp>
			</report>
			<report>
				<misses>863800001</misses>
				<total>0</total>
				<timestamp>5487.996445</timestamp>
			</report>
			<report>
				<misses>863900001</misses>
				<total>0</total>
				<timestamp>5488.629170</timestamp>
			</report>
			<report>
				<misses>864000001</misses>
				<total>0</total>
				<timestamp>5489.262860</timestamp>
			</report>
			<report>
				<misses>864100001</misses>
				<total>0</total>
				<timestamp>5489.906571</timestamp>
			</report>
			<report>
				<misses>864200001</misses>
				<total>0</total>
				<timestamp>5490.546456</timestamp>
			</report>
			<report>
				<misses>864300001</misses>
				<total>0</total>
				<timestamp>5491.178532</timestamp>
			</report>
			<report>
				<misses>864400001</misses>
				<total>0</total>
				<timestamp>5491.814029</timestamp>
			</report>
			<report>
				<misses>864500001</misses>
				<total>0</total>
				<timestamp>5492.445524</timestamp>
			</report>
			<report>
				<misses>864600001</misses>
				<total>0</total>
				<timestamp>5493.077663</timestamp>
			</report>
			<report>
				<misses>864700001</misses>
				<total>0</total>
				<timestamp>5493.709205</timestamp>
			</report>
			<report>
				<misses>864800001</misses>
				<total>0</total>
				<timestamp>5494.341092</timestamp>
			</report>
			<report>
				<misses>864900001</misses>
				<total>0</total>
				<timestamp>5494.976475</timestamp>
			</report>
			<report>
				<misses>865000001</misses>
				<total>0</total>
				<timestamp>5495.608902</timestamp>
			</report>
			<report>
				<misses>865100001</misses>
				<total>0</total>
				<timestamp>5496.241553</timestamp>
			</report>
			<report>
				<misses>865200001</misses>
				<total>0</total>
				<timestamp>5496.875521</timestamp>
			</report>
			<report>
				<misses>865300001</misses>
				<total>0</total>
				<timestamp>5497.508004</timestamp>
			</report>
			<report>
				<misses>865400001</misses>
				<total>0</total>
				<timestamp>5498.155847</timestamp>
			</report>
			<report>
				<misses>865500001</misses>
				<total>0</total>
				<timestamp>5498.796950</timestamp>
			</report>
			<report>
				<misses>865600001</misses>
				<total>0</total>
				<timestamp>5499.437491</timestamp>
			</report>
			<report>
				<misses>865700001</misses>
				<total>0</total>
				<timestamp>5500.071564</timestamp>
			</report>
			<report>
				<misses>865800001</misses>
				<total>0</total>
				<timestamp>5500.704582</timestamp>
			</report>
			<report>
				<misses>865900001</misses>
				<total>0</total>
				<timestamp>5501.336169</timestamp>
			</report>
			<report>
				<misses>866000001</misses>
				<total>0</total>
				<timestamp>5501.968052</timestamp>
			</report>
			<report>
				<misses>866100001</misses>
				<total>0</total>
				<timestamp>5502.599983</timestamp>
			</report>
			<report>
				<misses>866200001</misses>
				<total>0</total>
				<timestamp>5503.237637</timestamp>
			</report>
			<report>
				<misses>866300001</misses>
				<total>0</total>
				<timestamp>5503.872257</timestamp>
			</report>
			<report>
				<misses>866400001</misses>
				<total>0</total>
				<timestamp>5504.505548</timestamp>
			</report>
			<report>
				<misses>866500001</misses>
				<total>0</total>
				<timestamp>5505.138935</timestamp>
			</report>
			<report>
				<misses>866600001</misses>
				<total>0</total>
				<timestamp>5505.771572</timestamp>
			</report>
			<report>
				<misses>866700001</misses>
				<total>0</total>
				<timestamp>5506.404859</timestamp>
			</report>
			<report>
				<misses>866800001</misses>
				<total>0</total>
				<timestamp>5507.036899</timestamp>
			</report>
			<report>
				<misses>866900001</misses>
				<total>0</total>
				<timestamp>5507.669621</timestamp>
			</report>
			<report>
				<misses>867000001</misses>
				<total>0</total>
				<timestamp>5508.301695</timestamp>
			</report>
			<report>
				<misses>867100001</misses>
				<total>0</total>
				<timestamp>5508.942701</timestamp>
			</report>
			<report>
				<misses>867200001</misses>
				<total>0</total>
				<timestamp>5509.574906</timestamp>
			</report>
			<report>
				<misses>867300001</misses>
				<total>0</total>
				<timestamp>5510.206765</timestamp>
			</report>
			<report>
				<misses>867400001</misses>
				<total>0</total>
				<timestamp>5510.838468</timestamp>
			</report>
			<report>
				<misses>867500001</misses>
				<total>0</total>
				<timestamp>5511.470193</timestamp>
			</report>
			<report>
				<misses>867600001</misses>
				<total>0</total>
				<timestamp>5512.101386</timestamp>
			</report>
			<report>
				<misses>867700001</misses>
				<total>0</total>
				<timestamp>5512.733242</timestamp>
			</report>
			<report>
				<misses>867800001</misses>
				<total>0</total>
				<timestamp>5513.365261</timestamp>
			</report>
			<report>
				<misses>867900001</misses>
				<total>0</total>
				<timestamp>5513.997076</timestamp>
			</report>
			<report>
				<misses>868000001</misses>
				<total>0</total>
				<timestamp>5514.629028</timestamp>
			</report>
			<report>
				<misses>868100001</misses>
				<total>0</total>
				<timestamp>5515.261275</timestamp>
			</report>
			<report>
				<misses>868200001</misses>
				<total>0</total>
				<timestamp>5515.893407</timestamp>
			</report>
			<report>
				<misses>868300001</misses>
				<total>0</total>
				<timestamp>5516.526083</timestamp>
			</report>
			<report>
				<misses>868400001</misses>
				<total>0</total>
				<timestamp>5517.157997</timestamp>
			</report>
			<report>
				<misses>868500001</misses>
				<total>0</total>
				<timestamp>5517.790401</timestamp>
			</report>
			<report>
				<misses>868600001</misses>
				<total>0</total>
				<timestamp>5518.422394</timestamp>
			</report>
			<report>
				<misses>868700001</misses>
				<total>0</total>
				<timestamp>5519.054932</timestamp>
			</report>
			<report>
				<misses>868800001</misses>
				<total>0</total>
				<timestamp>5519.687329</timestamp>
			</report>
			<report>
				<misses>868900001</misses>
				<total>0</total>
				<timestamp>5520.318325</timestamp>
			</report>
			<report>
				<misses>869000001</misses>
				<total>0</total>
				<timestamp>5520.950156</timestamp>
			</report>
			<report>
				<misses>869100001</misses>
				<total>0</total>
				<timestamp>5521.584495</timestamp>
			</report>
			<report>
				<misses>869200001</misses>
				<total>0</total>
				<timestamp>5522.217574</timestamp>
			</report>
			<report>
				<misses>869300001</misses>
				<total>0</total>
				<timestamp>5522.851431</timestamp>
			</report>
			<report>
				<misses>869400001</misses>
				<total>0</total>
				<timestamp>5523.485957</timestamp>
			</report>
			<report>
				<misses>869500001</misses>
				<total>0</total>
				<timestamp>5524.126499</timestamp>
			</report>
			<report>
				<misses>869600001</misses>
				<total>0</total>
				<timestamp>5524.761185</timestamp>
			</report>
			<report>
				<misses>869700001</misses>
				<total>0</total>
				<timestamp>5525.395941</timestamp>
			</report>
			<report>
				<misses>869800001</misses>
				<total>0</total>
				<timestamp>5526.030557</timestamp>
			</report>
			<report>
				<misses>869900001</misses>
				<total>0</total>
				<timestamp>5526.663313</timestamp>
			</report>
			<report>
				<misses>870000001</misses>
				<total>0</total>
				<timestamp>5527.295622</timestamp>
			</report>
			<report>
				<misses>870100001</misses>
				<total>0</total>
				<timestamp>5527.928179</timestamp>
			</report>
			<report>
				<misses>870200001</misses>
				<total>0</total>
				<timestamp>5528.560724</timestamp>
			</report>
			<report>
				<misses>870300001</misses>
				<total>0</total>
				<timestamp>5529.197736</timestamp>
			</report>
			<report>
				<misses>870400001</misses>
				<total>0</total>
				<timestamp>5529.830443</timestamp>
			</report>
			<report>
				<misses>870500001</misses>
				<total>0</total>
				<timestamp>5530.463596</timestamp>
			</report>
			<report>
				<misses>870600001</misses>
				<total>0</total>
				<timestamp>5531.096984</timestamp>
			</report>
			<report>
				<misses>870700001</misses>
				<total>0</total>
				<timestamp>5531.730742</timestamp>
			</report>
			<report>
				<misses>870800001</misses>
				<total>0</total>
				<timestamp>5532.364087</timestamp>
			</report>
			<report>
				<misses>870900001</misses>
				<total>0</total>
				<timestamp>5533.001355</timestamp>
			</report>
			<report>
				<misses>871000001</misses>
				<total>0</total>
				<timestamp>5533.634776</timestamp>
			</report>
			<report>
				<misses>871100001</misses>
				<total>0</total>
				<timestamp>5534.268155</timestamp>
			</report>
			<report>
				<misses>871200001</misses>
				<total>0</total>
				<timestamp>5534.901164</timestamp>
			</report>
			<report>
				<misses>871300001</misses>
				<total>0</total>
				<timestamp>5535.533740</timestamp>
			</report>
			<report>
				<misses>871400001</misses>
				<total>0</total>
				<timestamp>5536.166664</timestamp>
			</report>
			<report>
				<misses>871500001</misses>
				<total>0</total>
				<timestamp>5536.804241</timestamp>
			</report>
			<report>
				<misses>871600001</misses>
				<total>0</total>
				<timestamp>5537.437102</timestamp>
			</report>
			<report>
				<misses>871700001</misses>
				<total>0</total>
				<timestamp>5538.071742</timestamp>
			</report>
			<report>
				<misses>871800001</misses>
				<total>0</total>
				<timestamp>5538.705046</timestamp>
			</report>
			<report>
				<misses>871900001</misses>
				<total>0</total>
				<timestamp>5539.338283</timestamp>
			</report>
			<report>
				<misses>872000001</misses>
				<total>0</total>
				<timestamp>5539.971833</timestamp>
			</report>
			<report>
				<misses>872100001</misses>
				<total>0</total>
				<timestamp>5540.604528</timestamp>
			</report>
			<report>
				<misses>872200001</misses>
				<total>0</total>
				<timestamp>5541.236672</timestamp>
			</report>
			<report>
				<misses>872300001</misses>
				<total>0</total>
				<timestamp>5541.871195</timestamp>
			</report>
			<report>
				<misses>872400001</misses>
				<total>0</total>
				<timestamp>5542.505292</timestamp>
			</report>
			<report>
				<misses>872500001</misses>
				<total>0</total>
				<timestamp>5543.139817</timestamp>
			</report>
			<report>
				<misses>872600001</misses>
				<total>0</total>
				<timestamp>5543.781743</timestamp>
			</report>
			<report>
				<misses>872700001</misses>
				<total>0</total>
				<timestamp>5544.415622</timestamp>
			</report>
			<report>
				<misses>872800001</misses>
				<total>0</total>
				<timestamp>5545.059629</timestamp>
			</report>
			<report>
				<misses>872900001</misses>
				<total>0</total>
				<timestamp>5545.693358</timestamp>
			</report>
			<report>
				<misses>873000001</misses>
				<total>0</total>
				<timestamp>5546.327331</timestamp>
			</report>
			<report>
				<misses>873100001</misses>
				<total>0</total>
				<timestamp>5546.961462</timestamp>
			</report>
			<report>
				<misses>873200001</misses>
				<total>0</total>
				<timestamp>5547.596176</timestamp>
			</report>
			<report>
				<misses>873300001</misses>
				<total>0</total>
				<timestamp>5548.231523</timestamp>
			</report>
			<report>
				<misses>873400001</misses>
				<total>0</total>
				<timestamp>5548.870651</timestamp>
			</report>
			<report>
				<misses>873500001</misses>
				<total>0</total>
				<timestamp>5549.504890</timestamp>
			</report>
			<report>
				<misses>873600001</misses>
				<total>0</total>
				<timestamp>5550.141658</timestamp>
			</report>
			<report>
				<misses>873700001</misses>
				<total>0</total>
				<timestamp>5550.775588</timestamp>
			</report>
			<report>
				<misses>873800001</misses>
				<total>0</total>
				<timestamp>5551.409880</timestamp>
			</report>
			<report>
				<misses>873900001</misses>
				<total>0</total>
				<timestamp>5552.043878</timestamp>
			</report>
			<report>
				<misses>874000001</misses>
				<total>0</total>
				<timestamp>5552.676798</timestamp>
			</report>
			<report>
				<misses>874100001</misses>
				<total>0</total>
				<timestamp>5553.310714</timestamp>
			</report>
			<report>
				<misses>874200001</misses>
				<total>0</total>
				<timestamp>5553.946191</timestamp>
			</report>
			<report>
				<misses>874300001</misses>
				<total>0</total>
				<timestamp>5554.579345</timestamp>
			</report>
			<report>
				<misses>874400001</misses>
				<total>0</total>
				<timestamp>5555.215343</timestamp>
			</report>
			<report>
				<misses>874500001</misses>
				<total>0</total>
				<timestamp>5555.856582</timestamp>
			</report>
			<report>
				<misses>874600001</misses>
				<total>0</total>
				<timestamp>5556.490082</timestamp>
			</report>
			<report>
				<misses>874700001</misses>
				<total>0</total>
				<timestamp>5557.123555</timestamp>
			</report>
			<report>
				<misses>874800001</misses>
				<total>0</total>
				<timestamp>5557.757627</timestamp>
			</report>
			<report>
				<misses>874900001</misses>
				<total>0</total>
				<timestamp>5558.390970</timestamp>
			</report>
			<report>
				<misses>875000001</misses>
				<total>0</total>
				<timestamp>5559.024750</timestamp>
			</report>
			<report>
				<misses>875100001</misses>
				<total>0</total>
				<timestamp>5559.658200</timestamp>
			</report>
			<report>
				<misses>875200001</misses>
				<total>0</total>
				<timestamp>5560.291540</timestamp>
			</report>
			<report>
				<misses>875300001</misses>
				<total>0</total>
				<timestamp>5560.927509</timestamp>
			</report>
			<report>
				<misses>875400001</misses>
				<total>0</total>
				<timestamp>5561.560961</timestamp>
			</report>
			<report>
				<misses>875500001</misses>
				<total>0</total>
				<timestamp>5562.195108</timestamp>
			</report>
			<report>
				<misses>875600001</misses>
				<total>0</total>
				<timestamp>5562.829440</timestamp>
			</report>
			<report>
				<misses>875700001</misses>
				<total>0</total>
				<timestamp>5563.464087</timestamp>
			</report>
			<report>
				<misses>875800001</misses>
				<total>0</total>
				<timestamp>5564.098146</timestamp>
			</report>
			<report>
				<misses>875900001</misses>
				<total>0</total>
				<timestamp>5564.738234</timestamp>
			</report>
			<report>
				<misses>876000001</misses>
				<total>0</total>
				<timestamp>5565.372469</timestamp>
			</report>
			<report>
				<misses>876100001</misses>
				<total>0</total>
				<timestamp>5566.006357</timestamp>
			</report>
			<report>
				<misses>876200001</misses>
				<total>0</total>
				<timestamp>5566.640602</timestamp>
			</report>
			<report>
				<misses>876300001</misses>
				<total>0</total>
				<timestamp>5567.274826</timestamp>
			</report>
			<report>
				<misses>876400001</misses>
				<total>0</total>
				<timestamp>5567.908306</timestamp>
			</report>
			<report>
				<misses>876500001</misses>
				<total>0</total>
				<timestamp>5568.542145</timestamp>
			</report>
			<report>
				<misses>876600001</misses>
				<total>0</total>
				<timestamp>5569.175697</timestamp>
			</report>
			<report>
				<misses>876700001</misses>
				<total>0</total>
				<timestamp>5569.810881</timestamp>
			</report>
			<report>
				<misses>876800001</misses>
				<total>0</total>
				<timestamp>5570.445205</timestamp>
			</report>
			<report>
				<misses>876900001</misses>
				<total>0</total>
				<timestamp>5571.079811</timestamp>
			</report>
			<report>
				<misses>877000001</misses>
				<total>0</total>
				<timestamp>5571.714394</timestamp>
			</report>
			<report>
				<misses>877100001</misses>
				<total>0</total>
				<timestamp>5572.350974</timestamp>
			</report>
			<report>
				<misses>877200001</misses>
				<total>0</total>
				<timestamp>5572.986399</timestamp>
			</report>
			<report>
				<misses>877300001</misses>
				<total>0</total>
				<timestamp>5573.621428</timestamp>
			</report>
			<report>
				<misses>877400001</misses>
				<total>0</total>
				<timestamp>5574.256454</timestamp>
			</report>
			<report>
				<misses>877500001</misses>
				<total>0</total>
				<timestamp>5574.890960</timestamp>
			</report>
			<report>
				<misses>877600001</misses>
				<total>0</total>
				<timestamp>5575.525840</timestamp>
			</report>
			<report>
				<misses>877700001</misses>
				<total>0</total>
				<timestamp>5576.160485</timestamp>
			</report>
			<report>
				<misses>877800001</misses>
				<total>0</total>
				<timestamp>5576.797050</timestamp>
			</report>
			<report>
				<misses>877900001</misses>
				<total>0</total>
				<timestamp>5577.430564</timestamp>
			</report>
			<report>
				<misses>878000001</misses>
				<total>0</total>
				<timestamp>5578.065924</timestamp>
			</report>
			<report>
				<misses>878100001</misses>
				<total>0</total>
				<timestamp>5578.699259</timestamp>
			</report>
			<report>
				<misses>878200001</misses>
				<total>0</total>
				<timestamp>5579.332646</timestamp>
			</report>
			<report>
				<misses>878300001</misses>
				<total>0</total>
				<timestamp>5579.966777</timestamp>
			</report>
			<report>
				<misses>878400001</misses>
				<total>0</total>
				<timestamp>5580.600054</timestamp>
			</report>
			<report>
				<misses>878500001</misses>
				<total>0</total>
				<timestamp>5581.234070</timestamp>
			</report>
			<report>
				<misses>878600001</misses>
				<total>0</total>
				<timestamp>5581.869856</timestamp>
			</report>
			<report>
				<misses>878700001</misses>
				<total>0</total>
				<timestamp>5582.504426</timestamp>
			</report>
			<report>
				<misses>878800001</misses>
				<total>0</total>
				<timestamp>5583.138333</timestamp>
			</report>
			<report>
				<misses>878900001</misses>
				<total>0</total>
				<timestamp>5583.771404</timestamp>
			</report>
			<report>
				<misses>879000001</misses>
				<total>0</total>
				<timestamp>5584.404914</timestamp>
			</report>
			<report>
				<misses>879100001</misses>
				<total>0</total>
				<timestamp>5585.038586</timestamp>
			</report>
			<report>
				<misses>879200001</misses>
				<total>0</total>
				<timestamp>5585.672672</timestamp>
			</report>
			<report>
				<misses>879300001</misses>
				<total>0</total>
				<timestamp>5586.309589</timestamp>
			</report>
			<report>
				<misses>879400001</misses>
				<total>0</total>
				<timestamp>5586.944212</timestamp>
			</report>
			<report>
				<misses>879500001</misses>
				<total>0</total>
				<timestamp>5587.577247</timestamp>
			</report>
			<report>
				<misses>879600001</misses>
				<total>0</total>
				<timestamp>5588.210495</timestamp>
			</report>
			<report>
				<misses>879700001</misses>
				<total>0</total>
				<timestamp>5588.843805</timestamp>
			</report>
			<report>
				<misses>879800001</misses>
				<total>0</total>
				<timestamp>5589.477270</timestamp>
			</report>
			<report>
				<misses>879900001</misses>
				<total>0</total>
				<timestamp>5590.110738</timestamp>
			</report>
			<report>
				<misses>880000001</misses>
				<total>0</total>
				<timestamp>5590.744622</timestamp>
			</report>
			<report>
				<misses>880100001</misses>
				<total>0</total>
				<timestamp>5591.378683</timestamp>
			</report>
			<report>
				<misses>880200001</misses>
				<total>0</total>
				<timestamp>5592.017550</timestamp>
			</report>
			<report>
				<misses>880300001</misses>
				<total>0</total>
				<timestamp>5592.650560</timestamp>
			</report>
			<report>
				<misses>880400001</misses>
				<total>0</total>
				<timestamp>5593.283538</timestamp>
			</report>
			<report>
				<misses>880500001</misses>
				<total>0</total>
				<timestamp>5593.916562</timestamp>
			</report>
			<report>
				<misses>880600001</misses>
				<total>0</total>
				<timestamp>5594.549350</timestamp>
			</report>
			<report>
				<misses>880700001</misses>
				<total>0</total>
				<timestamp>5595.182295</timestamp>
			</report>
			<report>
				<misses>880800001</misses>
				<total>0</total>
				<timestamp>5595.814058</timestamp>
			</report>
			<report>
				<misses>880900001</misses>
				<total>0</total>
				<timestamp>5596.446142</timestamp>
			</report>
			<report>
				<misses>881000001</misses>
				<total>0</total>
				<timestamp>5597.094593</timestamp>
			</report>
			<report>
				<misses>881100001</misses>
				<total>0</total>
				<timestamp>5597.728496</timestamp>
			</report>
			<report>
				<misses>881200001</misses>
				<total>0</total>
				<timestamp>5598.362746</timestamp>
			</report>
			<report>
				<misses>881300001</misses>
				<total>0</total>
				<timestamp>5599.000157</timestamp>
			</report>
			<report>
				<misses>881400001</misses>
				<total>0</total>
				<timestamp>5599.634092</timestamp>
			</report>
			<report>
				<misses>881500001</misses>
				<total>0</total>
				<timestamp>5600.268013</timestamp>
			</report>
			<report>
				<misses>881600001</misses>
				<total>0</total>
				<timestamp>5600.905568</timestamp>
			</report>
			<report>
				<misses>881700001</misses>
				<total>0</total>
				<timestamp>5601.539577</timestamp>
			</report>
			<report>
				<misses>881800001</misses>
				<total>0</total>
				<timestamp>5602.173736</timestamp>
			</report>
			<report>
				<misses>881900001</misses>
				<total>0</total>
				<timestamp>5602.808968</timestamp>
			</report>
			<report>
				<misses>882000001</misses>
				<total>0</total>
				<timestamp>5603.442014</timestamp>
			</report>
			<report>
				<misses>882100001</misses>
				<total>0</total>
				<timestamp>5604.077453</timestamp>
			</report>
			<report>
				<misses>882200001</misses>
				<total>0</total>
				<timestamp>5604.710145</timestamp>
			</report>
			<report>
				<misses>882300001</misses>
				<total>0</total>
				<timestamp>5605.343244</timestamp>
			</report>
			<report>
				<misses>882400001</misses>
				<total>0</total>
				<timestamp>5605.977182</timestamp>
			</report>
			<report>
				<misses>882500001</misses>
				<total>0</total>
				<timestamp>5606.610374</timestamp>
			</report>
			<report>
				<misses>882600001</misses>
				<total>0</total>
				<timestamp>5607.244810</timestamp>
			</report>
			<report>
				<misses>882700001</misses>
				<total>0</total>
				<timestamp>5607.878694</timestamp>
			</report>
			<report>
				<misses>882800001</misses>
				<total>0</total>
				<timestamp>5608.512125</timestamp>
			</report>
			<report>
				<misses>882900001</misses>
				<total>0</total>
				<timestamp>5609.146434</timestamp>
			</report>
			<report>
				<misses>883000001</misses>
				<total>0</total>
				<timestamp>5609.785347</timestamp>
			</report>
			<report>
				<misses>883100001</misses>
				<total>0</total>
				<timestamp>5610.456871</timestamp>
			</report>
			<report>
				<misses>883200001</misses>
				<total>0</total>
				<timestamp>5611.089321</timestamp>
			</report>
			<report>
				<misses>883300001</misses>
				<total>0</total>
				<timestamp>5611.722250</timestamp>
			</report>
			<report>
				<misses>883400001</misses>
				<total>0</total>
				<timestamp>5612.355028</timestamp>
			</report>
			<report>
				<misses>883500001</misses>
				<total>0</total>
				<timestamp>5612.988716</timestamp>
			</report>
			<report>
				<misses>883600001</misses>
				<total>0</total>
				<timestamp>5613.621918</timestamp>
			</report>
			<report>
				<misses>883700001</misses>
				<total>0</total>
				<timestamp>5614.254015</timestamp>
			</report>
			<report>
				<misses>883800001</misses>
				<total>0</total>
				<timestamp>5614.887021</timestamp>
			</report>
			<report>
				<misses>883900001</misses>
				<total>0</total>
				<timestamp>5615.519747</timestamp>
			</report>
			<report>
				<misses>884000001</misses>
				<total>0</total>
				<timestamp>5616.175711</timestamp>
			</report>
			<report>
				<misses>884100001</misses>
				<total>0</total>
				<timestamp>5616.808817</timestamp>
			</report>
			<report>
				<misses>884200001</misses>
				<total>0</total>
				<timestamp>5617.442043</timestamp>
			</report>
			<report>
				<misses>884300001</misses>
				<total>0</total>
				<timestamp>5618.078054</timestamp>
			</report>
			<report>
				<misses>884400001</misses>
				<total>0</total>
				<timestamp>5618.711444</timestamp>
			</report>
			<report>
				<misses>884500001</misses>
				<total>0</total>
				<timestamp>5619.344835</timestamp>
			</report>
			<report>
				<misses>884600001</misses>
				<total>0</total>
				<timestamp>5619.977502</timestamp>
			</report>
			<report>
				<misses>884700001</misses>
				<total>0</total>
				<timestamp>5620.610152</timestamp>
			</report>
			<report>
				<misses>884800001</misses>
				<total>0</total>
				<timestamp>5621.243203</timestamp>
			</report>
			<report>
				<misses>884900001</misses>
				<total>0</total>
				<timestamp>5621.876039</timestamp>
			</report>
			<report>
				<misses>885000001</misses>
				<total>0</total>
				<timestamp>5622.508582</timestamp>
			</report>
			<report>
				<misses>885100001</misses>
				<total>0</total>
				<timestamp>5623.143121</timestamp>
			</report>
			<report>
				<misses>885200001</misses>
				<total>0</total>
				<timestamp>5623.779350</timestamp>
			</report>
			<report>
				<misses>885300001</misses>
				<total>0</total>
				<timestamp>5624.413012</timestamp>
			</report>
			<report>
				<misses>885400001</misses>
				<total>0</total>
				<timestamp>5625.052324</timestamp>
			</report>
			<report>
				<misses>885500001</misses>
				<total>0</total>
				<timestamp>5625.686524</timestamp>
			</report>
			<report>
				<misses>885600001</misses>
				<total>0</total>
				<timestamp>5626.321109</timestamp>
			</report>
			<report>
				<misses>885700001</misses>
				<total>0</total>
				<timestamp>5626.954707</timestamp>
			</report>
			<report>
				<misses>885800001</misses>
				<total>0</total>
				<timestamp>5627.588736</timestamp>
			</report>
			<report>
				<misses>885900001</misses>
				<total>0</total>
				<timestamp>5628.222620</timestamp>
			</report>
			<report>
				<misses>886000001</misses>
				<total>0</total>
				<timestamp>5628.855980</timestamp>
			</report>
			<report>
				<misses>886100001</misses>
				<total>0</total>
				<timestamp>5629.488272</timestamp>
			</report>
			<report>
				<misses>886200001</misses>
				<total>0</total>
				<timestamp>5630.150451</timestamp>
			</report>
			<report>
				<misses>886300001</misses>
				<total>0</total>
				<timestamp>5630.787895</timestamp>
			</report>
			<report>
				<misses>886400001</misses>
				<total>0</total>
				<timestamp>5631.420737</timestamp>
			</report>
			<report>
				<misses>886500001</misses>
				<total>0</total>
				<timestamp>5632.053012</timestamp>
			</report>
			<report>
				<misses>886600001</misses>
				<total>0</total>
				<timestamp>5632.685451</timestamp>
			</report>
			<report>
				<misses>886700001</misses>
				<total>0</total>
				<timestamp>5633.320342</timestamp>
			</report>
			<report>
				<misses>886800001</misses>
				<total>0</total>
				<timestamp>5633.953523</timestamp>
			</report>
			<report>
				<misses>886900001</misses>
				<total>0</total>
				<timestamp>5634.586375</timestamp>
			</report>
			<report>
				<misses>887000001</misses>
				<total>0</total>
				<timestamp>5635.219659</timestamp>
			</report>
			<report>
				<misses>887100001</misses>
				<total>0</total>
				<timestamp>5635.858873</timestamp>
			</report>
			<report>
				<misses>887200001</misses>
				<total>0</total>
				<timestamp>5636.491689</timestamp>
			</report>
			<report>
				<misses>887300001</misses>
				<total>0</total>
				<timestamp>5637.128331</timestamp>
			</report>
			<report>
				<misses>887400001</misses>
				<total>0</total>
				<timestamp>5637.763334</timestamp>
			</report>
			<report>
				<misses>887500001</misses>
				<total>0</total>
				<timestamp>5638.395948</timestamp>
			</report>
			<report>
				<misses>887600001</misses>
				<total>0</total>
				<timestamp>5639.029174</timestamp>
			</report>
			<report>
				<misses>887700001</misses>
				<total>0</total>
				<timestamp>5639.662395</timestamp>
			</report>
			<report>
				<misses>887800001</misses>
				<total>0</total>
				<timestamp>5640.295831</timestamp>
			</report>
			<report>
				<misses>887900001</misses>
				<total>0</total>
				<timestamp>5640.930456</timestamp>
			</report>
			<report>
				<misses>888000001</misses>
				<total>0</total>
				<timestamp>5641.563450</timestamp>
			</report>
			<report>
				<misses>888100001</misses>
				<total>0</total>
				<timestamp>5642.201278</timestamp>
			</report>
			<report>
				<misses>888200001</misses>
				<total>0</total>
				<timestamp>5642.843540</timestamp>
			</report>
			<report>
				<misses>888300001</misses>
				<total>0</total>
				<timestamp>5643.498866</timestamp>
			</report>
			<report>
				<misses>888400001</misses>
				<total>0</total>
				<timestamp>5644.132331</timestamp>
			</report>
			<report>
				<misses>888500001</misses>
				<total>0</total>
				<timestamp>5644.766214</timestamp>
			</report>
			<report>
				<misses>888600001</misses>
				<total>0</total>
				<timestamp>5645.399533</timestamp>
			</report>
			<report>
				<misses>888700001</misses>
				<total>0</total>
				<timestamp>5646.032831</timestamp>
			</report>
			<report>
				<misses>888800001</misses>
				<total>0</total>
				<timestamp>5646.666392</timestamp>
			</report>
			<report>
				<misses>888900001</misses>
				<total>0</total>
				<timestamp>5647.305263</timestamp>
			</report>
			<report>
				<misses>889000001</misses>
				<total>0</total>
				<timestamp>5647.939169</timestamp>
			</report>
			<report>
				<misses>889100001</misses>
				<total>0</total>
				<timestamp>5648.572257</timestamp>
			</report>
			<report>
				<misses>889200001</misses>
				<total>0</total>
				<timestamp>5649.205613</timestamp>
			</report>
			<report>
				<misses>889300001</misses>
				<total>0</total>
				<timestamp>5649.842811</timestamp>
			</report>
			<report>
				<misses>889400001</misses>
				<total>0</total>
				<timestamp>5650.476251</timestamp>
			</report>
			<report>
				<misses>889500001</misses>
				<total>0</total>
				<timestamp>5651.109784</timestamp>
			</report>
			<report>
				<misses>889600001</misses>
				<total>0</total>
				<timestamp>5651.742751</timestamp>
			</report>
			<report>
				<misses>889700001</misses>
				<total>0</total>
				<timestamp>5652.376438</timestamp>
			</report>
			<report>
				<misses>889800001</misses>
				<total>0</total>
				<timestamp>5653.010125</timestamp>
			</report>
			<report>
				<misses>889900001</misses>
				<total>0</total>
				<timestamp>5653.644331</timestamp>
			</report>
			<report>
				<misses>890000001</misses>
				<total>0</total>
				<timestamp>5654.277909</timestamp>
			</report>
			<report>
				<misses>890100001</misses>
				<total>0</total>
				<timestamp>5654.911900</timestamp>
			</report>
			<report>
				<misses>890200001</misses>
				<total>0</total>
				<timestamp>5655.544641</timestamp>
			</report>
			<report>
				<misses>890300001</misses>
				<total>0</total>
				<timestamp>5656.181059</timestamp>
			</report>
			<report>
				<misses>890400001</misses>
				<total>0</total>
				<timestamp>5656.815618</timestamp>
			</report>
			<report>
				<misses>890500001</misses>
				<total>0</total>
				<timestamp>5657.448325</timestamp>
			</report>
			<report>
				<misses>890600001</misses>
				<total>0</total>
				<timestamp>5658.088801</timestamp>
			</report>
			<report>
				<misses>890700001</misses>
				<total>0</total>
				<timestamp>5658.724426</timestamp>
			</report>
			<report>
				<misses>890800001</misses>
				<total>0</total>
				<timestamp>5659.357798</timestamp>
			</report>
			<report>
				<misses>890900001</misses>
				<total>0</total>
				<timestamp>5659.992277</timestamp>
			</report>
			<report>
				<misses>891000001</misses>
				<total>0</total>
				<timestamp>5660.626802</timestamp>
			</report>
			<report>
				<misses>891100001</misses>
				<total>0</total>
				<timestamp>5661.260293</timestamp>
			</report>
			<report>
				<misses>891200001</misses>
				<total>0</total>
				<timestamp>5661.895364</timestamp>
			</report>
			<report>
				<misses>891300001</misses>
				<total>0</total>
				<timestamp>5662.529354</timestamp>
			</report>
			<report>
				<misses>891400001</misses>
				<total>0</total>
				<timestamp>5663.162898</timestamp>
			</report>
			<report>
				<misses>891500001</misses>
				<total>0</total>
				<timestamp>5663.796799</timestamp>
			</report>
			<report>
				<misses>891600001</misses>
				<total>0</total>
				<timestamp>5664.431089</timestamp>
			</report>
			<report>
				<misses>891700001</misses>
				<total>0</total>
				<timestamp>5665.088140</timestamp>
			</report>
			<report>
				<misses>891800001</misses>
				<total>0</total>
				<timestamp>5665.722445</timestamp>
			</report>
			<report>
				<misses>891900001</misses>
				<total>0</total>
				<timestamp>5666.357463</timestamp>
			</report>
			<report>
				<misses>892000001</misses>
				<total>0</total>
				<timestamp>5666.991389</timestamp>
			</report>
			<report>
				<misses>892100001</misses>
				<total>0</total>
				<timestamp>5667.625512</timestamp>
			</report>
			<report>
				<misses>892200001</misses>
				<total>0</total>
				<timestamp>5668.258993</timestamp>
			</report>
			<report>
				<misses>892300001</misses>
				<total>0</total>
				<timestamp>5668.897177</timestamp>
			</report>
			<report>
				<misses>892400001</misses>
				<total>0</total>
				<timestamp>5669.528209</timestamp>
			</report>
			<report>
				<misses>892500001</misses>
				<total>0</total>
				<timestamp>5670.159242</timestamp>
			</report>
			<report>
				<misses>892600001</misses>
				<total>0</total>
				<timestamp>5670.790332</timestamp>
			</report>
			<report>
				<misses>892700001</misses>
				<total>0</total>
				<timestamp>5671.421744</timestamp>
			</report>
			<report>
				<misses>892800001</misses>
				<total>0</total>
				<timestamp>5672.052690</timestamp>
			</report>
			<report>
				<misses>892900001</misses>
				<total>0</total>
				<timestamp>5672.682911</timestamp>
			</report>
			<report>
				<misses>893000001</misses>
				<total>0</total>
				<timestamp>5673.314033</timestamp>
			</report>
			<report>
				<misses>893100001</misses>
				<total>0</total>
				<timestamp>5673.949185</timestamp>
			</report>
			<report>
				<misses>893200001</misses>
				<total>0</total>
				<timestamp>5674.580556</timestamp>
			</report>
			<report>
				<misses>893300001</misses>
				<total>0</total>
				<timestamp>5675.213060</timestamp>
			</report>
			<report>
				<misses>893400001</misses>
				<total>0</total>
				<timestamp>5675.845520</timestamp>
			</report>
			<report>
				<misses>893500001</misses>
				<total>0</total>
				<timestamp>5676.477668</timestamp>
			</report>
			<report>
				<misses>893600001</misses>
				<total>0</total>
				<timestamp>5677.109530</timestamp>
			</report>
			<report>
				<misses>893700001</misses>
				<total>0</total>
				<timestamp>5677.741755</timestamp>
			</report>
			<report>
				<misses>893800001</misses>
				<total>0</total>
				<timestamp>5678.373811</timestamp>
			</report>
			<report>
				<misses>893900001</misses>
				<total>0</total>
				<timestamp>5679.008389</timestamp>
			</report>
			<report>
				<misses>894000001</misses>
				<total>0</total>
				<timestamp>5679.640436</timestamp>
			</report>
			<report>
				<misses>894100001</misses>
				<total>0</total>
				<timestamp>5680.271278</timestamp>
			</report>
			<report>
				<misses>894200001</misses>
				<total>0</total>
				<timestamp>5680.902608</timestamp>
			</report>
			<report>
				<misses>894300001</misses>
				<total>0</total>
				<timestamp>5681.533691</timestamp>
			</report>
			<report>
				<misses>894400001</misses>
				<total>0</total>
				<timestamp>5682.165211</timestamp>
			</report>
			<report>
				<misses>894500001</misses>
				<total>0</total>
				<timestamp>5682.797199</timestamp>
			</report>
			<report>
				<misses>894600001</misses>
				<total>0</total>
				<timestamp>5683.428837</timestamp>
			</report>
			<report>
				<misses>894700001</misses>
				<total>0</total>
				<timestamp>5684.064185</timestamp>
			</report>
			<report>
				<misses>894800001</misses>
				<total>0</total>
				<timestamp>5684.695840</timestamp>
			</report>
			<report>
				<misses>894900001</misses>
				<total>0</total>
				<timestamp>5685.327299</timestamp>
			</report>
			<report>
				<misses>895000001</misses>
				<total>0</total>
				<timestamp>5685.959590</timestamp>
			</report>
			<report>
				<misses>895100001</misses>
				<total>0</total>
				<timestamp>5686.590979</timestamp>
			</report>
			<report>
				<misses>895200001</misses>
				<total>0</total>
				<timestamp>5687.222221</timestamp>
			</report>
			<report>
				<misses>895300001</misses>
				<total>0</total>
				<timestamp>5687.853754</timestamp>
			</report>
			<report>
				<misses>895400001</misses>
				<total>0</total>
				<timestamp>5688.485638</timestamp>
			</report>
			<report>
				<misses>895500001</misses>
				<total>0</total>
				<timestamp>5689.116866</timestamp>
			</report>
			<report>
				<misses>895600001</misses>
				<total>0</total>
				<timestamp>5689.748772</timestamp>
			</report>
			<report>
				<misses>895700001</misses>
				<total>0</total>
				<timestamp>5690.381203</timestamp>
			</report>
			<report>
				<misses>895800001</misses>
				<total>0</total>
				<timestamp>5691.021217</timestamp>
			</report>
			<report>
				<misses>895900001</misses>
				<total>0</total>
				<timestamp>5691.652870</timestamp>
			</report>
			<report>
				<misses>896000001</misses>
				<total>0</total>
				<timestamp>5692.284273</timestamp>
			</report>
			<report>
				<misses>896100001</misses>
				<total>0</total>
				<timestamp>5692.916930</timestamp>
			</report>
			<report>
				<misses>896200001</misses>
				<total>0</total>
				<timestamp>5693.550252</timestamp>
			</report>
			<report>
				<misses>896300001</misses>
				<total>0</total>
				<timestamp>5694.183293</timestamp>
			</report>
			<report>
				<misses>896400001</misses>
				<total>0</total>
				<timestamp>5694.815353</timestamp>
			</report>
			<report>
				<misses>896500001</misses>
				<total>0</total>
				<timestamp>5695.447644</timestamp>
			</report>
			<report>
				<misses>896600001</misses>
				<total>0</total>
				<timestamp>5696.079956</timestamp>
			</report>
			<report>
				<misses>896700001</misses>
				<total>0</total>
				<timestamp>5696.712221</timestamp>
			</report>
			<report>
				<misses>896800001</misses>
				<total>0</total>
				<timestamp>5697.344788</timestamp>
			</report>
			<report>
				<misses>896900001</misses>
				<total>0</total>
				<timestamp>5697.977142</timestamp>
			</report>
			<report>
				<misses>897000001</misses>
				<total>0</total>
				<timestamp>5698.609225</timestamp>
			</report>
			<report>
				<misses>897100001</misses>
				<total>0</total>
				<timestamp>5699.240973</timestamp>
			</report>
			<report>
				<misses>897200001</misses>
				<total>0</total>
				<timestamp>5699.878835</timestamp>
			</report>
			<report>
				<misses>897300001</misses>
				<total>0</total>
				<timestamp>5700.511775</timestamp>
			</report>
			<report>
				<misses>897400001</misses>
				<total>0</total>
				<timestamp>5701.145436</timestamp>
			</report>
			<report>
				<misses>897500001</misses>
				<total>0</total>
				<timestamp>5701.780027</timestamp>
			</report>
			<report>
				<misses>897600001</misses>
				<total>0</total>
				<timestamp>5702.413675</timestamp>
			</report>
			<report>
				<misses>897700001</misses>
				<total>0</total>
				<timestamp>5703.047587</timestamp>
			</report>
			<report>
				<misses>897800001</misses>
				<total>0</total>
				<timestamp>5703.681736</timestamp>
			</report>
			<report>
				<misses>897900001</misses>
				<total>0</total>
				<timestamp>5704.316107</timestamp>
			</report>
			<report>
				<misses>898000001</misses>
				<total>0</total>
				<timestamp>5704.949318</timestamp>
			</report>
			<report>
				<misses>898100001</misses>
				<total>0</total>
				<timestamp>5705.582615</timestamp>
			</report>
			<report>
				<misses>898200001</misses>
				<total>0</total>
				<timestamp>5706.215546</timestamp>
			</report>
			<report>
				<misses>898300001</misses>
				<total>0</total>
				<timestamp>5706.878743</timestamp>
			</report>
			<report>
				<misses>898400001</misses>
				<total>0</total>
				<timestamp>5707.511343</timestamp>
			</report>
			<report>
				<misses>898500001</misses>
				<total>0</total>
				<timestamp>5708.164345</timestamp>
			</report>
			<report>
				<misses>898600001</misses>
				<total>0</total>
				<timestamp>5708.796642</timestamp>
			</report>
			<report>
				<misses>898700001</misses>
				<total>0</total>
				<timestamp>5709.428923</timestamp>
			</report>
			<report>
				<misses>898800001</misses>
				<total>0</total>
				<timestamp>5710.070864</timestamp>
			</report>
			<report>
				<misses>898900001</misses>
				<total>0</total>
				<timestamp>5710.704355</timestamp>
			</report>
			<report>
				<misses>899000001</misses>
				<total>0</total>
				<timestamp>5711.340434</timestamp>
			</report>
			<report>
				<misses>899100001</misses>
				<total>0</total>
				<timestamp>5711.982981</timestamp>
			</report>
			<report>
				<misses>899200001</misses>
				<total>0</total>
				<timestamp>5712.616061</timestamp>
			</report>
			<report>
				<misses>899300001</misses>
				<total>0</total>
				<timestamp>5713.248860</timestamp>
			</report>
			<report>
				<misses>899400001</misses>
				<total>0</total>
				<timestamp>5713.882051</timestamp>
			</report>
			<report>
				<misses>899500001</misses>
				<total>0</total>
				<timestamp>5714.514860</timestamp>
			</report>
			<report>
				<misses>899600001</misses>
				<total>0</total>
				<timestamp>5715.147691</timestamp>
			</report>
			<report>
				<misses>899700001</misses>
				<total>0</total>
				<timestamp>5715.780593</timestamp>
			</report>
			<report>
				<misses>899800001</misses>
				<total>0</total>
				<timestamp>5716.413420</timestamp>
			</report>
			<report>
				<misses>899900001</misses>
				<total>0</total>
				<timestamp>5717.045455</timestamp>
			</report>
			<report>
				<misses>900000001</misses>
				<total>0</total>
				<timestamp>5717.678630</timestamp>
			</report>
			<report>
				<misses>900100001</misses>
				<total>0</total>
				<timestamp>5718.311776</timestamp>
			</report>
			<report>
				<misses>900200001</misses>
				<total>0</total>
				<timestamp>5718.959507</timestamp>
			</report>
			<report>
				<misses>900300001</misses>
				<total>0</total>
				<timestamp>5719.592150</timestamp>
			</report>
			<report>
				<misses>900400001</misses>
				<total>0</total>
				<timestamp>5720.224926</timestamp>
			</report>
			<report>
				<misses>900500001</misses>
				<total>0</total>
				<timestamp>5720.858329</timestamp>
			</report>
			<report>
				<misses>900600001</misses>
				<total>0</total>
				<timestamp>5721.491412</timestamp>
			</report>
			<report>
				<misses>900700001</misses>
				<total>0</total>
				<timestamp>5722.133899</timestamp>
			</report>
			<report>
				<misses>900800001</misses>
				<total>0</total>
				<timestamp>5722.767613</timestamp>
			</report>
			<report>
				<misses>900900001</misses>
				<total>0</total>
				<timestamp>5723.401120</timestamp>
			</report>
			<report>
				<misses>901000001</misses>
				<total>0</total>
				<timestamp>5724.040748</timestamp>
			</report>
			<report>
				<misses>901100001</misses>
				<total>0</total>
				<timestamp>5724.674006</timestamp>
			</report>
			<report>
				<misses>901200001</misses>
				<total>0</total>
				<timestamp>5725.307110</timestamp>
			</report>
			<report>
				<misses>901300001</misses>
				<total>0</total>
				<timestamp>5725.940786</timestamp>
			</report>
			<report>
				<misses>901400001</misses>
				<total>0</total>
				<timestamp>5726.574696</timestamp>
			</report>
			<report>
				<misses>901500001</misses>
				<total>0</total>
				<timestamp>5727.215770</timestamp>
			</report>
			<report>
				<misses>901600001</misses>
				<total>0</total>
				<timestamp>5727.849835</timestamp>
			</report>
			<report>
				<misses>901700001</misses>
				<total>0</total>
				<timestamp>5728.483667</timestamp>
			</report>
			<report>
				<misses>901800001</misses>
				<total>0</total>
				<timestamp>5729.132239</timestamp>
			</report>
			<report>
				<misses>901900001</misses>
				<total>0</total>
				<timestamp>5729.766436</timestamp>
			</report>
			<report>
				<misses>902000001</misses>
				<total>0</total>
				<timestamp>5730.400478</timestamp>
			</report>
			<report>
				<misses>902100001</misses>
				<total>0</total>
				<timestamp>5731.042367</timestamp>
			</report>
			<report>
				<misses>902200001</misses>
				<total>0</total>
				<timestamp>5731.675188</timestamp>
			</report>
			<report>
				<misses>902300001</misses>
				<total>0</total>
				<timestamp>5732.308038</timestamp>
			</report>
			<report>
				<misses>902400001</misses>
				<total>0</total>
				<timestamp>5732.941069</timestamp>
			</report>
			<report>
				<misses>902500001</misses>
				<total>0</total>
				<timestamp>5733.573661</timestamp>
			</report>
			<report>
				<misses>902600001</misses>
				<total>0</total>
				<timestamp>5734.206360</timestamp>
			</report>
			<report>
				<misses>902700001</misses>
				<total>0</total>
				<timestamp>5734.841432</timestamp>
			</report>
			<report>
				<misses>902800001</misses>
				<total>0</total>
				<timestamp>5735.473755</timestamp>
			</report>
			<report>
				<misses>902900001</misses>
				<total>0</total>
				<timestamp>5736.106431</timestamp>
			</report>
			<report>
				<misses>903000001</misses>
				<total>0</total>
				<timestamp>5736.740945</timestamp>
			</report>
			<report>
				<misses>903100001</misses>
				<total>0</total>
				<timestamp>5737.372956</timestamp>
			</report>
			<report>
				<misses>903200001</misses>
				<total>0</total>
				<timestamp>5738.015584</timestamp>
			</report>
			<report>
				<misses>903300001</misses>
				<total>0</total>
				<timestamp>5738.647821</timestamp>
			</report>
			<report>
				<misses>903400001</misses>
				<total>0</total>
				<timestamp>5739.280868</timestamp>
			</report>
			<report>
				<misses>903500001</misses>
				<total>0</total>
				<timestamp>5739.914203</timestamp>
			</report>
			<report>
				<misses>903600001</misses>
				<total>0</total>
				<timestamp>5740.547373</timestamp>
			</report>
			<report>
				<misses>903700001</misses>
				<total>0</total>
				<timestamp>5741.180447</timestamp>
			</report>
			<report>
				<misses>903800001</misses>
				<total>0</total>
				<timestamp>5741.813329</timestamp>
			</report>
			<report>
				<misses>903900001</misses>
				<total>0</total>
				<timestamp>5742.446721</timestamp>
			</report>
			<report>
				<misses>904000001</misses>
				<total>0</total>
				<timestamp>5743.080627</timestamp>
			</report>
			<report>
				<misses>904100001</misses>
				<total>0</total>
				<timestamp>5743.714190</timestamp>
			</report>
			<report>
				<misses>904200001</misses>
				<total>0</total>
				<timestamp>5744.347116</timestamp>
			</report>
			<report>
				<misses>904300001</misses>
				<total>0</total>
				<timestamp>5744.980261</timestamp>
			</report>
			<report>
				<misses>904400001</misses>
				<total>0</total>
				<timestamp>5745.612555</timestamp>
			</report>
			<report>
				<misses>904500001</misses>
				<total>0</total>
				<timestamp>5746.244745</timestamp>
			</report>
			<report>
				<misses>904600001</misses>
				<total>0</total>
				<timestamp>5746.876328</timestamp>
			</report>
			<report>
				<misses>904700001</misses>
				<total>0</total>
				<timestamp>5747.508728</timestamp>
			</report>
			<report>
				<misses>904800001</misses>
				<total>0</total>
				<timestamp>5748.140842</timestamp>
			</report>
			<report>
				<misses>904900001</misses>
				<total>0</total>
				<timestamp>5748.772980</timestamp>
			</report>
			<report>
				<misses>905000001</misses>
				<total>0</total>
				<timestamp>5749.405676</timestamp>
			</report>
			<report>
				<misses>905100001</misses>
				<total>0</total>
				<timestamp>5750.038867</timestamp>
			</report>
			<report>
				<misses>905200001</misses>
				<total>0</total>
				<timestamp>5750.671318</timestamp>
			</report>
			<report>
				<misses>905300001</misses>
				<total>0</total>
				<timestamp>5751.304432</timestamp>
			</report>
			<report>
				<misses>905400001</misses>
				<total>0</total>
				<timestamp>5751.936992</timestamp>
			</report>
			<report>
				<misses>905500001</misses>
				<total>0</total>
				<timestamp>5752.569811</timestamp>
			</report>
			<report>
				<misses>905600001</misses>
				<total>0</total>
				<timestamp>5753.202827</timestamp>
			</report>
			<report>
				<misses>905700001</misses>
				<total>0</total>
				<timestamp>5753.844718</timestamp>
			</report>
			<report>
				<misses>905800001</misses>
				<total>0</total>
				<timestamp>5754.488075</timestamp>
			</report>
			<report>
				<misses>905900001</misses>
				<total>0</total>
				<timestamp>5755.129253</timestamp>
			</report>
			<report>
				<misses>906000001</misses>
				<total>0</total>
				<timestamp>5755.761574</timestamp>
			</report>
			<report>
				<misses>906100001</misses>
				<total>0</total>
				<timestamp>5756.393952</timestamp>
			</report>
			<report>
				<misses>906200001</misses>
				<total>0</total>
				<timestamp>5757.026107</timestamp>
			</report>
			<report>
				<misses>906300001</misses>
				<total>0</total>
				<timestamp>5757.658771</timestamp>
			</report>
			<report>
				<misses>906400001</misses>
				<total>0</total>
				<timestamp>5758.290899</timestamp>
			</report>
			<report>
				<misses>906500001</misses>
				<total>0</total>
				<timestamp>5758.923133</timestamp>
			</report>
			<report>
				<misses>906600001</misses>
				<total>0</total>
				<timestamp>5759.556318</timestamp>
			</report>
			<report>
				<misses>906700001</misses>
				<total>0</total>
				<timestamp>5760.189474</timestamp>
			</report>
			<report>
				<misses>906800001</misses>
				<total>0</total>
				<timestamp>5760.822774</timestamp>
			</report>
			<report>
				<misses>906900001</misses>
				<total>0</total>
				<timestamp>5761.456089</timestamp>
			</report>
			<report>
				<misses>907000001</misses>
				<total>0</total>
				<timestamp>5762.090977</timestamp>
			</report>
			<report>
				<misses>907100001</misses>
				<total>0</total>
				<timestamp>5762.726048</timestamp>
			</report>
			<report>
				<misses>907200001</misses>
				<total>0</total>
				<timestamp>5763.365271</timestamp>
			</report>
			<report>
				<misses>907300001</misses>
				<total>0</total>
				<timestamp>5764.000006</timestamp>
			</report>
			<report>
				<misses>907400001</misses>
				<total>0</total>
				<timestamp>5764.634932</timestamp>
			</report>
			<report>
				<misses>907500001</misses>
				<total>0</total>
				<timestamp>5765.270554</timestamp>
			</report>
			<report>
				<misses>907600001</misses>
				<total>0</total>
				<timestamp>5765.911301</timestamp>
			</report>
			<report>
				<misses>907700001</misses>
				<total>0</total>
				<timestamp>5766.546086</timestamp>
			</report>
			<report>
				<misses>907800001</misses>
				<total>0</total>
				<timestamp>5767.180908</timestamp>
			</report>
			<report>
				<misses>907900001</misses>
				<total>0</total>
				<timestamp>5767.815519</timestamp>
			</report>
			<report>
				<misses>908000001</misses>
				<total>0</total>
				<timestamp>5768.448914</timestamp>
			</report>
			<report>
				<misses>908100001</misses>
				<total>0</total>
				<timestamp>5769.082379</timestamp>
			</report>
			<report>
				<misses>908200001</misses>
				<total>0</total>
				<timestamp>5769.716478</timestamp>
			</report>
			<report>
				<misses>908300001</misses>
				<total>0</total>
				<timestamp>5770.359176</timestamp>
			</report>
			<report>
				<misses>908400001</misses>
				<total>0</total>
				<timestamp>5770.991891</timestamp>
			</report>
			<report>
				<misses>908500001</misses>
				<total>0</total>
				<timestamp>5771.624655</timestamp>
			</report>
			<report>
				<misses>908600001</misses>
				<total>0</total>
				<timestamp>5772.258324</timestamp>
			</report>
			<report>
				<misses>908700001</misses>
				<total>0</total>
				<timestamp>5772.893471</timestamp>
			</report>
			<report>
				<misses>908800001</misses>
				<total>0</total>
				<timestamp>5773.526849</timestamp>
			</report>
			<report>
				<misses>908900001</misses>
				<total>0</total>
				<timestamp>5774.159747</timestamp>
			</report>
			<report>
				<misses>909000001</misses>
				<total>0</total>
				<timestamp>5774.793465</timestamp>
			</report>
			<report>
				<misses>909100001</misses>
				<total>0</total>
				<timestamp>5775.426624</timestamp>
			</report>
			<report>
				<misses>909200001</misses>
				<total>0</total>
				<timestamp>5776.059376</timestamp>
			</report>
			<report>
				<misses>909300001</misses>
				<total>0</total>
				<timestamp>5776.692427</timestamp>
			</report>
			<report>
				<misses>909400001</misses>
				<total>0</total>
				<timestamp>5777.325797</timestamp>
			</report>
			<report>
				<misses>909500001</misses>
				<total>0</total>
				<timestamp>5777.958466</timestamp>
			</report>
			<report>
				<misses>909600001</misses>
				<total>0</total>
				<timestamp>5778.592054</timestamp>
			</report>
			<report>
				<misses>909700001</misses>
				<total>0</total>
				<timestamp>5779.225029</timestamp>
			</report>
			<report>
				<misses>909800001</misses>
				<total>0</total>
				<timestamp>5779.858469</timestamp>
			</report>
			<report>
				<misses>909900001</misses>
				<total>0</total>
				<timestamp>5780.491931</timestamp>
			</report>
			<report>
				<misses>910000001</misses>
				<total>0</total>
				<timestamp>5781.124532</timestamp>
			</report>
			<report>
				<misses>910100001</misses>
				<total>0</total>
				<timestamp>5781.757435</timestamp>
			</report>
			<report>
				<misses>910200001</misses>
				<total>0</total>
				<timestamp>5782.390654</timestamp>
			</report>
			<report>
				<misses>910300001</misses>
				<total>0</total>
				<timestamp>5783.023149</timestamp>
			</report>
			<report>
				<misses>910400001</misses>
				<total>0</total>
				<timestamp>5783.655006</timestamp>
			</report>
			<report>
				<misses>910500001</misses>
				<total>0</total>
				<timestamp>5784.307834</timestamp>
			</report>
			<report>
				<misses>910600001</misses>
				<total>0</total>
				<timestamp>5784.941272</timestamp>
			</report>
			<report>
				<misses>910700001</misses>
				<total>0</total>
				<timestamp>5785.574628</timestamp>
			</report>
			<report>
				<misses>910800001</misses>
				<total>0</total>
				<timestamp>5786.207461</timestamp>
			</report>
			<report>
				<misses>910900001</misses>
				<total>0</total>
				<timestamp>5786.840938</timestamp>
			</report>
			<report>
				<misses>911000001</misses>
				<total>0</total>
				<timestamp>5787.473833</timestamp>
			</report>
			<report>
				<misses>911100001</misses>
				<total>0</total>
				<timestamp>5788.115414</timestamp>
			</report>
			<report>
				<misses>911200001</misses>
				<total>0</total>
				<timestamp>5788.748689</timestamp>
			</report>
			<report>
				<misses>911300001</misses>
				<total>0</total>
				<timestamp>5789.380921</timestamp>
			</report>
			<report>
				<misses>911400001</misses>
				<total>0</total>
				<timestamp>5790.012472</timestamp>
			</report>
			<report>
				<misses>911500001</misses>
				<total>0</total>
				<timestamp>5790.644584</timestamp>
			</report>
			<report>
				<misses>911600001</misses>
				<total>0</total>
				<timestamp>5791.276429</timestamp>
			</report>
			<report>
				<misses>911700001</misses>
				<total>0</total>
				<timestamp>5791.908975</timestamp>
			</report>
			<report>
				<misses>911800001</misses>
				<total>0</total>
				<timestamp>5792.540880</timestamp>
			</report>
			<report>
				<misses>911900001</misses>
				<total>0</total>
				<timestamp>5793.175706</timestamp>
			</report>
			<report>
				<misses>912000001</misses>
				<total>0</total>
				<timestamp>5793.807374</timestamp>
			</report>
			<report>
				<misses>912100001</misses>
				<total>0</total>
				<timestamp>5794.439911</timestamp>
			</report>
			<report>
				<misses>912200001</misses>
				<total>0</total>
				<timestamp>5795.071622</timestamp>
			</report>
			<report>
				<misses>912300001</misses>
				<total>0</total>
				<timestamp>5795.703363</timestamp>
			</report>
			<report>
				<misses>912400001</misses>
				<total>0</total>
				<timestamp>5796.335519</timestamp>
			</report>
			<report>
				<misses>912500001</misses>
				<total>0</total>
				<timestamp>5796.967410</timestamp>
			</report>
			<report>
				<misses>912600001</misses>
				<total>0</total>
				<timestamp>5797.599695</timestamp>
			</report>
			<report>
				<misses>912700001</misses>
				<total>0</total>
				<timestamp>5798.231204</timestamp>
			</report>
			<report>
				<misses>912800001</misses>
				<total>0</total>
				<timestamp>5798.863103</timestamp>
			</report>
			<report>
				<misses>912900001</misses>
				<total>0</total>
				<timestamp>5799.495291</timestamp>
			</report>
			<report>
				<misses>913000001</misses>
				<total>0</total>
				<timestamp>5800.126237</timestamp>
			</report>
			<report>
				<misses>913100001</misses>
				<total>0</total>
				<timestamp>5800.757789</timestamp>
			</report>
			<report>
				<misses>913200001</misses>
				<total>0</total>
				<timestamp>5801.390198</timestamp>
			</report>
			<report>
				<misses>913300001</misses>
				<total>0</total>
				<timestamp>5802.042054</timestamp>
			</report>
			<report>
				<misses>913400001</misses>
				<total>0</total>
				<timestamp>5802.674644</timestamp>
			</report>
			<report>
				<misses>913500001</misses>
				<total>0</total>
				<timestamp>5803.307482</timestamp>
			</report>
			<report>
				<misses>913600001</misses>
				<total>0</total>
				<timestamp>5803.940310</timestamp>
			</report>
			<report>
				<misses>913700001</misses>
				<total>0</total>
				<timestamp>5804.573993</timestamp>
			</report>
			<report>
				<misses>913800001</misses>
				<total>0</total>
				<timestamp>5805.207196</timestamp>
			</report>
			<report>
				<misses>913900001</misses>
				<total>0</total>
				<timestamp>5805.839787</timestamp>
			</report>
			<report>
				<misses>914000001</misses>
				<total>0</total>
				<timestamp>5806.471973</timestamp>
			</report>
			<report>
				<misses>914100001</misses>
				<total>0</total>
				<timestamp>5807.104351</timestamp>
			</report>
			<report>
				<misses>914200001</misses>
				<total>0</total>
				<timestamp>5807.737252</timestamp>
			</report>
			<report>
				<misses>914300001</misses>
				<total>0</total>
				<timestamp>5808.369882</timestamp>
			</report>
			<report>
				<misses>914400001</misses>
				<total>0</total>
				<timestamp>5809.002823</timestamp>
			</report>
			<report>
				<misses>914500001</misses>
				<total>0</total>
				<timestamp>5809.634733</timestamp>
			</report>
			<report>
				<misses>914600001</misses>
				<total>0</total>
				<timestamp>5810.267464</timestamp>
			</report>
			<report>
				<misses>914700001</misses>
				<total>0</total>
				<timestamp>5810.905243</timestamp>
			</report>
			<report>
				<misses>914800001</misses>
				<total>0</total>
				<timestamp>5811.538027</timestamp>
			</report>
			<report>
				<misses>914900001</misses>
				<total>0</total>
				<timestamp>5812.170667</timestamp>
			</report>
			<report>
				<misses>915000001</misses>
				<total>0</total>
				<timestamp>5812.803290</timestamp>
			</report>
			<report>
				<misses>915100001</misses>
				<total>0</total>
				<timestamp>5813.435871</timestamp>
			</report>
			<report>
				<misses>915200001</misses>
				<total>0</total>
				<timestamp>5814.068614</timestamp>
			</report>
			<report>
				<misses>915300001</misses>
				<total>0</total>
				<timestamp>5814.701162</timestamp>
			</report>
			<report>
				<misses>915400001</misses>
				<total>0</total>
				<timestamp>5815.333586</timestamp>
			</report>
			<report>
				<misses>915500001</misses>
				<total>0</total>
				<timestamp>5815.966350</timestamp>
			</report>
			<report>
				<misses>915600001</misses>
				<total>0</total>
				<timestamp>5816.599015</timestamp>
			</report>
			<report>
				<misses>915700001</misses>
				<total>0</total>
				<timestamp>5817.231130</timestamp>
			</report>
			<report>
				<misses>915800001</misses>
				<total>0</total>
				<timestamp>5817.869435</timestamp>
			</report>
			<report>
				<misses>915900001</misses>
				<total>0</total>
				<timestamp>5818.501035</timestamp>
			</report>
			<report>
				<misses>916000001</misses>
				<total>0</total>
				<timestamp>5819.145126</timestamp>
			</report>
			<report>
				<misses>916100001</misses>
				<total>0</total>
				<timestamp>5819.781691</timestamp>
			</report>
			<report>
				<misses>916200001</misses>
				<total>0</total>
				<timestamp>5820.414550</timestamp>
			</report>
			<report>
				<misses>916300001</misses>
				<total>0</total>
				<timestamp>5821.048175</timestamp>
			</report>
			<report>
				<misses>916400001</misses>
				<total>0</total>
				<timestamp>5821.681252</timestamp>
			</report>
			<report>
				<misses>916500001</misses>
				<total>0</total>
				<timestamp>5822.314059</timestamp>
			</report>
			<report>
				<misses>916600001</misses>
				<total>0</total>
				<timestamp>5822.946962</timestamp>
			</report>
			<report>
				<misses>916700001</misses>
				<total>0</total>
				<timestamp>5823.579791</timestamp>
			</report>
			<report>
				<misses>916800001</misses>
				<total>0</total>
				<timestamp>5824.212965</timestamp>
			</report>
			<report>
				<misses>916900001</misses>
				<total>0</total>
				<timestamp>5824.852487</timestamp>
			</report>
			<report>
				<misses>917000001</misses>
				<total>0</total>
				<timestamp>5825.484747</timestamp>
			</report>
			<report>
				<misses>917100001</misses>
				<total>0</total>
				<timestamp>5826.120055</timestamp>
			</report>
			<report>
				<misses>917200001</misses>
				<total>0</total>
				<timestamp>5826.752584</timestamp>
			</report>
			<report>
				<misses>917300001</misses>
				<total>0</total>
				<timestamp>5827.385202</timestamp>
			</report>
			<report>
				<misses>917400001</misses>
				<total>0</total>
				<timestamp>5828.017276</timestamp>
			</report>
			<report>
				<misses>917500001</misses>
				<total>0</total>
				<timestamp>5828.649340</timestamp>
			</report>
			<report>
				<misses>917600001</misses>
				<total>0</total>
				<timestamp>5829.281944</timestamp>
			</report>
			<report>
				<misses>917700001</misses>
				<total>0</total>
				<timestamp>5829.914269</timestamp>
			</report>
			<report>
				<misses>917800001</misses>
				<total>0</total>
				<timestamp>5830.547047</timestamp>
			</report>
			<report>
				<misses>917900001</misses>
				<total>0</total>
				<timestamp>5831.180403</timestamp>
			</report>
			<report>
				<misses>918000001</misses>
				<total>0</total>
				<timestamp>5831.824329</timestamp>
			</report>
			<report>
				<misses>918100001</misses>
				<total>0</total>
				<timestamp>5832.456713</timestamp>
			</report>
			<report>
				<misses>918200001</misses>
				<total>0</total>
				<timestamp>5833.088923</timestamp>
			</report>
			<report>
				<misses>918300001</misses>
				<total>0</total>
				<timestamp>5833.721863</timestamp>
			</report>
			<report>
				<misses>918400001</misses>
				<total>0</total>
				<timestamp>5834.354683</timestamp>
			</report>
			<report>
				<misses>918500001</misses>
				<total>0</total>
				<timestamp>5834.987232</timestamp>
			</report>
			<report>
				<misses>918600001</misses>
				<total>0</total>
				<timestamp>5835.620607</timestamp>
			</report>
			<report>
				<misses>918700001</misses>
				<total>0</total>
				<timestamp>5836.253571</timestamp>
			</report>
			<report>
				<misses>918800001</misses>
				<total>0</total>
				<timestamp>5836.885986</timestamp>
			</report>
			<report>
				<misses>918900001</misses>
				<total>0</total>
				<timestamp>5837.518286</timestamp>
			</report>
			<report>
				<misses>919000001</misses>
				<total>0</total>
				<timestamp>5838.151713</timestamp>
			</report>
			<report>
				<misses>919100001</misses>
				<total>0</total>
				<timestamp>5838.785606</timestamp>
			</report>
			<report>
				<misses>919200001</misses>
				<total>0</total>
				<timestamp>5839.419115</timestamp>
			</report>
			<report>
				<misses>919300001</misses>
				<total>0</total>
				<timestamp>5840.052904</timestamp>
			</report>
			<report>
				<misses>919400001</misses>
				<total>0</total>
				<timestamp>5840.687147</timestamp>
			</report>
			<report>
				<misses>919500001</misses>
				<total>0</total>
				<timestamp>5841.320449</timestamp>
			</report>
			<report>
				<misses>919600001</misses>
				<total>0</total>
				<timestamp>5841.955630</timestamp>
			</report>
			<report>
				<misses>919700001</misses>
				<total>0</total>
				<timestamp>5842.589680</timestamp>
			</report>
			<report>
				<misses>919800001</misses>
				<total>0</total>
				<timestamp>5843.223471</timestamp>
			</report>
			<report>
				<misses>919900001</misses>
				<total>0</total>
				<timestamp>5843.856594</timestamp>
			</report>
			<report>
				<misses>920000001</misses>
				<total>0</total>
				<timestamp>5844.488915</timestamp>
			</report>
			<report>
				<misses>920100001</misses>
				<total>0</total>
				<timestamp>5845.121351</timestamp>
			</report>
			<report>
				<misses>920200001</misses>
				<total>0</total>
				<timestamp>5845.755447</timestamp>
			</report>
			<report>
				<misses>920300001</misses>
				<total>0</total>
				<timestamp>5846.388696</timestamp>
			</report>
			<report>
				<misses>920400001</misses>
				<total>0</total>
				<timestamp>5847.022163</timestamp>
			</report>
			<report>
				<misses>920500001</misses>
				<total>0</total>
				<timestamp>5847.655576</timestamp>
			</report>
			<report>
				<misses>920600001</misses>
				<total>0</total>
				<timestamp>5848.288174</timestamp>
			</report>
			<report>
				<misses>920700001</misses>
				<total>0</total>
				<timestamp>5848.921565</timestamp>
			</report>
			<report>
				<misses>920800001</misses>
				<total>0</total>
				<timestamp>5849.555941</timestamp>
			</report>
			<report>
				<misses>920900001</misses>
				<total>0</total>
				<timestamp>5850.232245</timestamp>
			</report>
			<report>
				<misses>921000001</misses>
				<total>0</total>
				<timestamp>5850.872029</timestamp>
			</report>
			<report>
				<misses>921100001</misses>
				<total>0</total>
				<timestamp>5851.504406</timestamp>
			</report>
			<report>
				<misses>921200001</misses>
				<total>0</total>
				<timestamp>5852.138077</timestamp>
			</report>
			<report>
				<misses>921300001</misses>
				<total>0</total>
				<timestamp>5852.771076</timestamp>
			</report>
			<report>
				<misses>921400001</misses>
				<total>0</total>
				<timestamp>5853.404333</timestamp>
			</report>
			<report>
				<misses>921500001</misses>
				<total>0</total>
				<timestamp>5854.038340</timestamp>
			</report>
			<report>
				<misses>921600001</misses>
				<total>0</total>
				<timestamp>5854.672714</timestamp>
			</report>
			<report>
				<misses>921700001</misses>
				<total>0</total>
				<timestamp>5855.305881</timestamp>
			</report>
			<report>
				<misses>921800001</misses>
				<total>0</total>
				<timestamp>5855.938439</timestamp>
			</report>
			<report>
				<misses>921900001</misses>
				<total>0</total>
				<timestamp>5856.572295</timestamp>
			</report>
			<report>
				<misses>922000001</misses>
				<total>0</total>
				<timestamp>5857.222355</timestamp>
			</report>
			<report>
				<misses>922100001</misses>
				<total>0</total>
				<timestamp>5857.854866</timestamp>
			</report>
			<report>
				<misses>922200001</misses>
				<total>0</total>
				<timestamp>5858.486634</timestamp>
			</report>
			<report>
				<misses>922300001</misses>
				<total>0</total>
				<timestamp>5859.119060</timestamp>
			</report>
			<report>
				<misses>922400001</misses>
				<total>0</total>
				<timestamp>5859.752231</timestamp>
			</report>
			<report>
				<misses>922500001</misses>
				<total>0</total>
				<timestamp>5860.385498</timestamp>
			</report>
			<report>
				<misses>922600001</misses>
				<total>0</total>
				<timestamp>5861.018592</timestamp>
			</report>
			<report>
				<misses>922700001</misses>
				<total>0</total>
				<timestamp>5861.651526</timestamp>
			</report>
			<report>
				<misses>922800001</misses>
				<total>0</total>
				<timestamp>5862.284166</timestamp>
			</report>
			<report>
				<misses>922900001</misses>
				<total>0</total>
				<timestamp>5862.916586</timestamp>
			</report>
			<report>
				<misses>923000001</misses>
				<total>0</total>
				<timestamp>5863.548826</timestamp>
			</report>
			<report>
				<misses>923100001</misses>
				<total>0</total>
				<timestamp>5864.182114</timestamp>
			</report>
			<report>
				<misses>923200001</misses>
				<total>0</total>
				<timestamp>5864.814600</timestamp>
			</report>
			<report>
				<misses>923300001</misses>
				<total>0</total>
				<timestamp>5865.446958</timestamp>
			</report>
			<report>
				<misses>923400001</misses>
				<total>0</total>
				<timestamp>5866.079322</timestamp>
			</report>
			<report>
				<misses>923500001</misses>
				<total>0</total>
				<timestamp>5866.711606</timestamp>
			</report>
			<report>
				<misses>923600001</misses>
				<total>0</total>
				<timestamp>5867.343941</timestamp>
			</report>
			<report>
				<misses>923700001</misses>
				<total>0</total>
				<timestamp>5867.975966</timestamp>
			</report>
			<report>
				<misses>923800001</misses>
				<total>0</total>
				<timestamp>5868.608308</timestamp>
			</report>
			<report>
				<misses>923900001</misses>
				<total>0</total>
				<timestamp>5869.241153</timestamp>
			</report>
			<report>
				<misses>924000001</misses>
				<total>0</total>
				<timestamp>5869.873620</timestamp>
			</report>
			<report>
				<misses>924100001</misses>
				<total>0</total>
				<timestamp>5870.506523</timestamp>
			</report>
			<report>
				<misses>924200001</misses>
				<total>0</total>
				<timestamp>5871.139290</timestamp>
			</report>
			<report>
				<misses>924300001</misses>
				<total>0</total>
				<timestamp>5871.772086</timestamp>
			</report>
			<report>
				<misses>924400001</misses>
				<total>0</total>
				<timestamp>5872.405481</timestamp>
			</report>
			<report>
				<misses>924500001</misses>
				<total>0</total>
				<timestamp>5873.038197</timestamp>
			</report>
			<report>
				<misses>924600001</misses>
				<total>0</total>
				<timestamp>5873.670794</timestamp>
			</report>
			<report>
				<misses>924700001</misses>
				<total>0</total>
				<timestamp>5874.303467</timestamp>
			</report>
			<report>
				<misses>924800001</misses>
				<total>0</total>
				<timestamp>5874.935999</timestamp>
			</report>
			<report>
				<misses>924900001</misses>
				<total>0</total>
				<timestamp>5875.569500</timestamp>
			</report>
			<report>
				<misses>925000001</misses>
				<total>0</total>
				<timestamp>5876.203199</timestamp>
			</report>
			<report>
				<misses>925100001</misses>
				<total>0</total>
				<timestamp>5876.836811</timestamp>
			</report>
			<report>
				<misses>925200001</misses>
				<total>0</total>
				<timestamp>5877.470218</timestamp>
			</report>
			<report>
				<misses>925300001</misses>
				<total>0</total>
				<timestamp>5878.104919</timestamp>
			</report>
			<report>
				<misses>925400001</misses>
				<total>0</total>
				<timestamp>5878.738817</timestamp>
			</report>
			<report>
				<misses>925500001</misses>
				<total>0</total>
				<timestamp>5879.372749</timestamp>
			</report>
			<report>
				<misses>925600001</misses>
				<total>0</total>
				<timestamp>5880.006332</timestamp>
			</report>
			<report>
				<misses>925700001</misses>
				<total>0</total>
				<timestamp>5880.638049</timestamp>
			</report>
			<report>
				<misses>925800001</misses>
				<total>0</total>
				<timestamp>5881.269629</timestamp>
			</report>
			<report>
				<misses>925900001</misses>
				<total>0</total>
				<timestamp>5881.901314</timestamp>
			</report>
			<report>
				<misses>926000001</misses>
				<total>0</total>
				<timestamp>5882.534218</timestamp>
			</report>
			<report>
				<misses>926100001</misses>
				<total>0</total>
				<timestamp>5883.166660</timestamp>
			</report>
			<report>
				<misses>926200001</misses>
				<total>0</total>
				<timestamp>5883.799235</timestamp>
			</report>
			<report>
				<misses>926300001</misses>
				<total>0</total>
				<timestamp>5884.431598</timestamp>
			</report>
			<report>
				<misses>926400001</misses>
				<total>0</total>
				<timestamp>5885.063663</timestamp>
			</report>
			<report>
				<misses>926500001</misses>
				<total>0</total>
				<timestamp>5885.695889</timestamp>
			</report>
			<report>
				<misses>926600001</misses>
				<total>0</total>
				<timestamp>5886.328699</timestamp>
			</report>
			<report>
				<misses>926700001</misses>
				<total>0</total>
				<timestamp>5886.961555</timestamp>
			</report>
			<report>
				<misses>926800001</misses>
				<total>0</total>
				<timestamp>5887.594369</timestamp>
			</report>
			<report>
				<misses>926900001</misses>
				<total>0</total>
				<timestamp>5888.233581</timestamp>
			</report>
			<report>
				<misses>927000001</misses>
				<total>0</total>
				<timestamp>5888.865753</timestamp>
			</report>
			<report>
				<misses>927100001</misses>
				<total>0</total>
				<timestamp>5889.498148</timestamp>
			</report>
			<report>
				<misses>927200001</misses>
				<total>0</total>
				<timestamp>5890.130075</timestamp>
			</report>
			<report>
				<misses>927300001</misses>
				<total>0</total>
				<timestamp>5890.762245</timestamp>
			</report>
			<report>
				<misses>927400001</misses>
				<total>0</total>
				<timestamp>5891.394715</timestamp>
			</report>
			<report>
				<misses>927500001</misses>
				<total>0</total>
				<timestamp>5892.027474</timestamp>
			</report>
			<report>
				<misses>927600001</misses>
				<total>0</total>
				<timestamp>5892.659163</timestamp>
			</report>
			<report>
				<misses>927700001</misses>
				<total>0</total>
				<timestamp>5893.290802</timestamp>
			</report>
			<report>
				<misses>927800001</misses>
				<total>0</total>
				<timestamp>5893.923704</timestamp>
			</report>
			<report>
				<misses>927900001</misses>
				<total>0</total>
				<timestamp>5894.555906</timestamp>
			</report>
			<report>
				<misses>928000001</misses>
				<total>0</total>
				<timestamp>5895.187961</timestamp>
			</report>
			<report>
				<misses>928100001</misses>
				<total>0</total>
				<timestamp>5895.819479</timestamp>
			</report>
			<report>
				<misses>928200001</misses>
				<total>0</total>
				<timestamp>5896.451161</timestamp>
			</report>
			<report>
				<misses>928300001</misses>
				<total>0</total>
				<timestamp>5897.082572</timestamp>
			</report>
			<report>
				<misses>928400001</misses>
				<total>0</total>
				<timestamp>5897.714089</timestamp>
			</report>
			<report>
				<misses>928500001</misses>
				<total>0</total>
				<timestamp>5898.345921</timestamp>
			</report>
			<report>
				<misses>928600001</misses>
				<total>0</total>
				<timestamp>5898.978073</timestamp>
			</report>
			<report>
				<misses>928700001</misses>
				<total>0</total>
				<timestamp>5899.610345</timestamp>
			</report>
			<report>
				<misses>928800001</misses>
				<total>0</total>
				<timestamp>5900.242823</timestamp>
			</report>
			<report>
				<misses>928900001</misses>
				<total>0</total>
				<timestamp>5900.875908</timestamp>
			</report>
			<report>
				<misses>929000001</misses>
				<total>0</total>
				<timestamp>5901.508048</timestamp>
			</report>
			<report>
				<misses>929100001</misses>
				<total>0</total>
				<timestamp>5902.140383</timestamp>
			</report>
			<report>
				<misses>929200001</misses>
				<total>0</total>
				<timestamp>5902.772000</timestamp>
			</report>
			<report>
				<misses>929300001</misses>
				<total>0</total>
				<timestamp>5903.403102</timestamp>
			</report>
			<report>
				<misses>929400001</misses>
				<total>0</total>
				<timestamp>5904.033995</timestamp>
			</report>
			<report>
				<misses>929500001</misses>
				<total>0</total>
				<timestamp>5904.665064</timestamp>
			</report>
			<report>
				<misses>929600001</misses>
				<total>0</total>
				<timestamp>5905.296769</timestamp>
			</report>
			<report>
				<misses>929700001</misses>
				<total>0</total>
				<timestamp>5905.928972</timestamp>
			</report>
			<report>
				<misses>929800001</misses>
				<total>0</total>
				<timestamp>5906.561482</timestamp>
			</report>
			<report>
				<misses>929900001</misses>
				<total>0</total>
				<timestamp>5907.193957</timestamp>
			</report>
			<report>
				<misses>930000001</misses>
				<total>0</total>
				<timestamp>5907.825979</timestamp>
			</report>
			<report>
				<misses>930100001</misses>
				<total>0</total>
				<timestamp>5908.458079</timestamp>
			</report>
			<report>
				<misses>930200001</misses>
				<total>0</total>
				<timestamp>5909.091003</timestamp>
			</report>
			<report>
				<misses>930300001</misses>
				<total>0</total>
				<timestamp>5909.723195</timestamp>
			</report>
			<report>
				<misses>930400001</misses>
				<total>0</total>
				<timestamp>5910.355774</timestamp>
			</report>
			<report>
				<misses>930500001</misses>
				<total>0</total>
				<timestamp>5910.989811</timestamp>
			</report>
			<report>
				<misses>930600001</misses>
				<total>0</total>
				<timestamp>5911.676268</timestamp>
			</report>
			<report>
				<misses>930700001</misses>
				<total>0</total>
				<timestamp>5912.317700</timestamp>
			</report>
			<report>
				<misses>930800001</misses>
				<total>0</total>
				<timestamp>5912.950999</timestamp>
			</report>
			<report>
				<misses>930900001</misses>
				<total>0</total>
				<timestamp>5913.584070</timestamp>
			</report>
			<report>
				<misses>931000001</misses>
				<total>0</total>
				<timestamp>5914.216799</timestamp>
			</report>
			<report>
				<misses>931100001</misses>
				<total>0</total>
				<timestamp>5914.849830</timestamp>
			</report>
			<report>
				<misses>931200001</misses>
				<total>0</total>
				<timestamp>5915.483625</timestamp>
			</report>
			<report>
				<misses>931300001</misses>
				<total>0</total>
				<timestamp>5916.116873</timestamp>
			</report>
			<report>
				<misses>931400001</misses>
				<total>0</total>
				<timestamp>5916.750698</timestamp>
			</report>
			<report>
				<misses>931500001</misses>
				<total>0</total>
				<timestamp>5917.384016</timestamp>
			</report>
			<report>
				<misses>931600001</misses>
				<total>0</total>
				<timestamp>5918.017589</timestamp>
			</report>
			<report>
				<misses>931700001</misses>
				<total>0</total>
				<timestamp>5918.650357</timestamp>
			</report>
			<report>
				<misses>931800001</misses>
				<total>0</total>
				<timestamp>5919.282744</timestamp>
			</report>
			<report>
				<misses>931900001</misses>
				<total>0</total>
				<timestamp>5919.921416</timestamp>
			</report>
			<report>
				<misses>932000001</misses>
				<total>0</total>
				<timestamp>5920.553582</timestamp>
			</report>
			<report>
				<misses>932100001</misses>
				<total>0</total>
				<timestamp>5921.186086</timestamp>
			</report>
			<report>
				<misses>932200001</misses>
				<total>0</total>
				<timestamp>5921.817932</timestamp>
			</report>
			<report>
				<misses>932300001</misses>
				<total>0</total>
				<timestamp>5922.449232</timestamp>
			</report>
			<report>
				<misses>932400001</misses>
				<total>0</total>
				<timestamp>5923.080636</timestamp>
			</report>
			<report>
				<misses>932500001</misses>
				<total>0</total>
				<timestamp>5923.711930</timestamp>
			</report>
			<report>
				<misses>932600001</misses>
				<total>0</total>
				<timestamp>5924.344254</timestamp>
			</report>
			<report>
				<misses>932700001</misses>
				<total>0</total>
				<timestamp>5924.976810</timestamp>
			</report>
			<report>
				<misses>932800001</misses>
				<total>0</total>
				<timestamp>5925.609464</timestamp>
			</report>
			<report>
				<misses>932900001</misses>
				<total>0</total>
				<timestamp>5926.241988</timestamp>
			</report>
			<report>
				<misses>933000001</misses>
				<total>0</total>
				<timestamp>5926.883762</timestamp>
			</report>
			<report>
				<misses>933100001</misses>
				<total>0</total>
				<timestamp>5927.516551</timestamp>
			</report>
			<report>
				<misses>933200001</misses>
				<total>0</total>
				<timestamp>5928.149538</timestamp>
			</report>
			<report>
				<misses>933300001</misses>
				<total>0</total>
				<timestamp>5928.782968</timestamp>
			</report>
			<report>
				<misses>933400001</misses>
				<total>0</total>
				<timestamp>5929.415335</timestamp>
			</report>
			<report>
				<misses>933500001</misses>
				<total>0</total>
				<timestamp>5930.052062</timestamp>
			</report>
			<report>
				<misses>933600001</misses>
				<total>0</total>
				<timestamp>5930.684812</timestamp>
			</report>
			<report>
				<misses>933700001</misses>
				<total>0</total>
				<timestamp>5931.316701</timestamp>
			</report>
			<report>
				<misses>933800001</misses>
				<total>0</total>
				<timestamp>5931.948874</timestamp>
			</report>
			<report>
				<misses>933900001</misses>
				<total>0</total>
				<timestamp>5932.581471</timestamp>
			</report>
			<report>
				<misses>934000001</misses>
				<total>0</total>
				<timestamp>5933.213734</timestamp>
			</report>
			<report>
				<misses>934100001</misses>
				<total>0</total>
				<timestamp>5933.846642</timestamp>
			</report>
			<report>
				<misses>934200001</misses>
				<total>0</total>
				<timestamp>5934.479139</timestamp>
			</report>
			<report>
				<misses>934300001</misses>
				<total>0</total>
				<timestamp>5935.111860</timestamp>
			</report>
			<report>
				<misses>934400001</misses>
				<total>0</total>
				<timestamp>5935.744279</timestamp>
			</report>
			<report>
				<misses>934500001</misses>
				<total>0</total>
				<timestamp>5936.377153</timestamp>
			</report>
			<report>
				<misses>934600001</misses>
				<total>0</total>
				<timestamp>5937.009720</timestamp>
			</report>
			<report>
				<misses>934700001</misses>
				<total>0</total>
				<timestamp>5937.641878</timestamp>
			</report>
			<report>
				<misses>934800001</misses>
				<total>0</total>
				<timestamp>5938.274256</timestamp>
			</report>
			<report>
				<misses>934900001</misses>
				<total>0</total>
				<timestamp>5938.907809</timestamp>
			</report>
			<report>
				<misses>935000001</misses>
				<total>0</total>
				<timestamp>5939.540983</timestamp>
			</report>
			<report>
				<misses>935100001</misses>
				<total>0</total>
				<timestamp>5940.173826</timestamp>
			</report>
			<report>
				<misses>935200001</misses>
				<total>0</total>
				<timestamp>5940.806075</timestamp>
			</report>
			<report>
				<misses>935300001</misses>
				<total>0</total>
				<timestamp>5941.438993</timestamp>
			</report>
			<report>
				<misses>935400001</misses>
				<total>0</total>
				<timestamp>5942.074765</timestamp>
			</report>
			<report>
				<misses>935500001</misses>
				<total>0</total>
				<timestamp>5942.710625</timestamp>
			</report>
			<report>
				<misses>935600001</misses>
				<total>0</total>
				<timestamp>5943.344236</timestamp>
			</report>
			<report>
				<misses>935700001</misses>
				<total>0</total>
				<timestamp>5943.978843</timestamp>
			</report>
			<report>
				<misses>935800001</misses>
				<total>0</total>
				<timestamp>5944.611137</timestamp>
			</report>
			<report>
				<misses>935900001</misses>
				<total>0</total>
				<timestamp>5945.243622</timestamp>
			</report>
			<report>
				<misses>936000001</misses>
				<total>0</total>
				<timestamp>5945.876092</timestamp>
			</report>
			<report>
				<misses>936100001</misses>
				<total>0</total>
				<timestamp>5946.508498</timestamp>
			</report>
			<report>
				<misses>936200001</misses>
				<total>0</total>
				<timestamp>5947.141681</timestamp>
			</report>
			<report>
				<misses>936300001</misses>
				<total>0</total>
				<timestamp>5947.773721</timestamp>
			</report>
			<report>
				<misses>936400001</misses>
				<total>0</total>
				<timestamp>5948.405578</timestamp>
			</report>
			<report>
				<misses>936500001</misses>
				<total>0</total>
				<timestamp>5949.038250</timestamp>
			</report>
			<report>
				<misses>936600001</misses>
				<total>0</total>
				<timestamp>5949.670498</timestamp>
			</report>
			<report>
				<misses>936700001</misses>
				<total>0</total>
				<timestamp>5950.303468</timestamp>
			</report>
			<report>
				<misses>936800001</misses>
				<total>0</total>
				<timestamp>5950.936837</timestamp>
			</report>
			<report>
				<misses>936900001</misses>
				<total>0</total>
				<timestamp>5951.569923</timestamp>
			</report>
			<report>
				<misses>937000001</misses>
				<total>0</total>
				<timestamp>5952.203320</timestamp>
			</report>
			<report>
				<misses>937100001</misses>
				<total>0</total>
				<timestamp>5952.836436</timestamp>
			</report>
			<report>
				<misses>937200001</misses>
				<total>0</total>
				<timestamp>5953.469516</timestamp>
			</report>
			<report>
				<misses>937300001</misses>
				<total>0</total>
				<timestamp>5954.103055</timestamp>
			</report>
			<report>
				<misses>937400001</misses>
				<total>0</total>
				<timestamp>5954.735902</timestamp>
			</report>
			<report>
				<misses>937500001</misses>
				<total>0</total>
				<timestamp>5955.368910</timestamp>
			</report>
			<report>
				<misses>937600001</misses>
				<total>0</total>
				<timestamp>5956.001150</timestamp>
			</report>
			<report>
				<misses>937700001</misses>
				<total>0</total>
				<timestamp>5956.633614</timestamp>
			</report>
			<report>
				<misses>937800001</misses>
				<total>0</total>
				<timestamp>5957.266400</timestamp>
			</report>
			<report>
				<misses>937900001</misses>
				<total>0</total>
				<timestamp>5957.899099</timestamp>
			</report>
			<report>
				<misses>938000001</misses>
				<total>0</total>
				<timestamp>5958.532164</timestamp>
			</report>
			<report>
				<misses>938100001</misses>
				<total>0</total>
				<timestamp>5959.165487</timestamp>
			</report>
			<report>
				<misses>938200001</misses>
				<total>0</total>
				<timestamp>5959.797605</timestamp>
			</report>
			<report>
				<misses>938300001</misses>
				<total>0</total>
				<timestamp>5960.430004</timestamp>
			</report>
			<report>
				<misses>938400001</misses>
				<total>0</total>
				<timestamp>5961.062057</timestamp>
			</report>
			<report>
				<misses>938500001</misses>
				<total>0</total>
				<timestamp>5961.697635</timestamp>
			</report>
			<report>
				<misses>938600001</misses>
				<total>0</total>
				<timestamp>5962.330202</timestamp>
			</report>
			<report>
				<misses>938700001</misses>
				<total>0</total>
				<timestamp>5962.962088</timestamp>
			</report>
			<report>
				<misses>938800001</misses>
				<total>0</total>
				<timestamp>5963.594490</timestamp>
			</report>
			<report>
				<misses>938900001</misses>
				<total>0</total>
				<timestamp>5964.227137</timestamp>
			</report>
			<report>
				<misses>939000001</misses>
				<total>0</total>
				<timestamp>5964.861859</timestamp>
			</report>
			<report>
				<misses>939100001</misses>
				<total>0</total>
				<timestamp>5965.494468</timestamp>
			</report>
			<report>
				<misses>939200001</misses>
				<total>0</total>
				<timestamp>5966.126994</timestamp>
			</report>
			<report>
				<misses>939300001</misses>
				<total>0</total>
				<timestamp>5966.761882</timestamp>
			</report>
			<report>
				<misses>939400001</misses>
				<total>0</total>
				<timestamp>5967.393885</timestamp>
			</report>
			<report>
				<misses>939500001</misses>
				<total>0</total>
				<timestamp>5968.026003</timestamp>
			</report>
			<report>
				<misses>939600001</misses>
				<total>0</total>
				<timestamp>5968.657917</timestamp>
			</report>
			<report>
				<misses>939700001</misses>
				<total>0</total>
				<timestamp>5969.298861</timestamp>
			</report>
			<report>
				<misses>939800001</misses>
				<total>0</total>
				<timestamp>5969.931116</timestamp>
			</report>
			<report>
				<misses>939900001</misses>
				<total>0</total>
				<timestamp>5970.563781</timestamp>
			</report>
			<report>
				<misses>940000001</misses>
				<total>0</total>
				<timestamp>5971.196103</timestamp>
			</report>
			<report>
				<misses>940100001</misses>
				<total>0</total>
				<timestamp>5971.828558</timestamp>
			</report>
			<report>
				<misses>940200001</misses>
				<total>0</total>
				<timestamp>5972.463317</timestamp>
			</report>
			<report>
				<misses>940300001</misses>
				<total>0</total>
				<timestamp>5973.111144</timestamp>
			</report>
			<report>
				<misses>940400001</misses>
				<total>0</total>
				<timestamp>5973.744112</timestamp>
			</report>
			<report>
				<misses>940500001</misses>
				<total>0</total>
				<timestamp>5974.377426</timestamp>
			</report>
			<report>
				<misses>940600001</misses>
				<total>0</total>
				<timestamp>5975.023524</timestamp>
			</report>
			<report>
				<misses>940700001</misses>
				<total>0</total>
				<timestamp>5975.662561</timestamp>
			</report>
			<report>
				<misses>940800001</misses>
				<total>0</total>
				<timestamp>5976.295405</timestamp>
			</report>
			<report>
				<misses>940900001</misses>
				<total>0</total>
				<timestamp>5976.929737</timestamp>
			</report>
			<report>
				<misses>941000001</misses>
				<total>0</total>
				<timestamp>5977.563021</timestamp>
			</report>
			<report>
				<misses>941100001</misses>
				<total>0</total>
				<timestamp>5978.195557</timestamp>
			</report>
			<report>
				<misses>941200001</misses>
				<total>0</total>
				<timestamp>5978.833417</timestamp>
			</report>
			<report>
				<misses>941300001</misses>
				<total>0</total>
				<timestamp>5979.466240</timestamp>
			</report>
			<report>
				<misses>941400001</misses>
				<total>0</total>
				<timestamp>5980.099205</timestamp>
			</report>
			<report>
				<misses>941500001</misses>
				<total>0</total>
				<timestamp>5980.732020</timestamp>
			</report>
			<report>
				<misses>941600001</misses>
				<total>0</total>
				<timestamp>5981.364683</timestamp>
			</report>
			<report>
				<misses>941700001</misses>
				<total>0</total>
				<timestamp>5981.996708</timestamp>
			</report>
			<report>
				<misses>941800001</misses>
				<total>0</total>
				<timestamp>5982.628088</timestamp>
			</report>
			<report>
				<misses>941900001</misses>
				<total>0</total>
				<timestamp>5983.258964</timestamp>
			</report>
			<report>
				<misses>942000001</misses>
				<total>0</total>
				<timestamp>5983.889827</timestamp>
			</report>
			<report>
				<misses>942100001</misses>
				<total>0</total>
				<timestamp>5984.522516</timestamp>
			</report>
			<report>
				<misses>942200001</misses>
				<total>0</total>
				<timestamp>5985.155483</timestamp>
			</report>
			<report>
				<misses>942300001</misses>
				<total>0</total>
				<timestamp>5985.787981</timestamp>
			</report>
			<report>
				<misses>942400001</misses>
				<total>0</total>
				<timestamp>5986.420824</timestamp>
			</report>
			<report>
				<misses>942500001</misses>
				<total>0</total>
				<timestamp>5987.053058</timestamp>
			</report>
			<report>
				<misses>942600001</misses>
				<total>0</total>
				<timestamp>5987.686078</timestamp>
			</report>
			<report>
				<misses>942700001</misses>
				<total>0</total>
				<timestamp>5988.319997</timestamp>
			</report>
			<report>
				<misses>942800001</misses>
				<total>0</total>
				<timestamp>5988.954587</timestamp>
			</report>
			<report>
				<misses>942900001</misses>
				<total>0</total>
				<timestamp>5989.588611</timestamp>
			</report>
			<report>
				<misses>943000001</misses>
				<total>0</total>
				<timestamp>5990.222633</timestamp>
			</report>
			<report>
				<misses>943100001</misses>
				<total>0</total>
				<timestamp>5990.857205</timestamp>
			</report>
			<report>
				<misses>943200001</misses>
				<total>0</total>
				<timestamp>5991.491645</timestamp>
			</report>
			<report>
				<misses>943300001</misses>
				<total>0</total>
				<timestamp>5992.125645</timestamp>
			</report>
			<report>
				<misses>943400001</misses>
				<total>0</total>
				<timestamp>5992.759932</timestamp>
			</report>
			<report>
				<misses>943500001</misses>
				<total>0</total>
				<timestamp>5993.393203</timestamp>
			</report>
			<report>
				<misses>943600001</misses>
				<total>0</total>
				<timestamp>5994.026756</timestamp>
			</report>
			<report>
				<misses>943700001</misses>
				<total>0</total>
				<timestamp>5994.659946</timestamp>
			</report>
			<report>
				<misses>943800001</misses>
				<total>0</total>
				<timestamp>5995.301342</timestamp>
			</report>
			<report>
				<misses>943900001</misses>
				<total>0</total>
				<timestamp>5995.935310</timestamp>
			</report>
			<report>
				<misses>944000001</misses>
				<total>0</total>
				<timestamp>5996.568472</timestamp>
			</report>
			<report>
				<misses>944100001</misses>
				<total>0</total>
				<timestamp>5997.201925</timestamp>
			</report>
			<report>
				<misses>944200001</misses>
				<total>0</total>
				<timestamp>5997.834901</timestamp>
			</report>
			<report>
				<misses>944300001</misses>
				<total>0</total>
				<timestamp>5998.467761</timestamp>
			</report>
			<report>
				<misses>944400001</misses>
				<total>0</total>
				<timestamp>5999.101128</timestamp>
			</report>
			<report>
				<misses>944500001</misses>
				<total>0</total>
				<timestamp>5999.735282</timestamp>
			</report>
			<report>
				<misses>944600001</misses>
				<total>0</total>
				<timestamp>6000.368579</timestamp>
			</report>
			<report>
				<misses>944700001</misses>
				<total>0</total>
				<timestamp>6001.002323</timestamp>
			</report>
			<report>
				<misses>944800001</misses>
				<total>0</total>
				<timestamp>6001.635326</timestamp>
			</report>
			<report>
				<misses>944900001</misses>
				<total>0</total>
				<timestamp>6002.282287</timestamp>
			</report>
			<report>
				<misses>945000001</misses>
				<total>0</total>
				<timestamp>6002.915512</timestamp>
			</report>
			<report>
				<misses>945100001</misses>
				<total>0</total>
				<timestamp>6003.548950</timestamp>
			</report>
			<report>
				<misses>945200001</misses>
				<total>0</total>
				<timestamp>6004.181741</timestamp>
			</report>
			<report>
				<misses>945300001</misses>
				<total>0</total>
				<timestamp>6004.814977</timestamp>
			</report>
			<report>
				<misses>945400001</misses>
				<total>0</total>
				<timestamp>6005.448664</timestamp>
			</report>
			<report>
				<misses>945500001</misses>
				<total>0</total>
				<timestamp>6006.081699</timestamp>
			</report>
			<report>
				<misses>945600001</misses>
				<total>0</total>
				<timestamp>6006.715116</timestamp>
			</report>
			<report>
				<misses>945700001</misses>
				<total>0</total>
				<timestamp>6007.348700</timestamp>
			</report>
			<report>
				<misses>945800001</misses>
				<total>0</total>
				<timestamp>6007.985155</timestamp>
			</report>
			<report>
				<misses>945900001</misses>
				<total>0</total>
				<timestamp>6008.616697</timestamp>
			</report>
			<report>
				<misses>946000001</misses>
				<total>0</total>
				<timestamp>6009.249663</timestamp>
			</report>
			<report>
				<misses>946100001</misses>
				<total>0</total>
				<timestamp>6009.886887</timestamp>
			</report>
			<report>
				<misses>946200001</misses>
				<total>0</total>
				<timestamp>6010.520515</timestamp>
			</report>
			<report>
				<misses>946300001</misses>
				<total>0</total>
				<timestamp>6011.157864</timestamp>
			</report>
			<report>
				<misses>946400001</misses>
				<total>0</total>
				<timestamp>6011.794711</timestamp>
			</report>
			<report>
				<misses>946500001</misses>
				<total>0</total>
				<timestamp>6012.463047</timestamp>
			</report>
			<report>
				<misses>946600001</misses>
				<total>0</total>
				<timestamp>6013.096852</timestamp>
			</report>
			<report>
				<misses>946700001</misses>
				<total>0</total>
				<timestamp>6013.734493</timestamp>
			</report>
			<report>
				<misses>946800001</misses>
				<total>0</total>
				<timestamp>6014.367609</timestamp>
			</report>
			<report>
				<misses>946900001</misses>
				<total>0</total>
				<timestamp>6015.000828</timestamp>
			</report>
			<report>
				<misses>947000001</misses>
				<total>0</total>
				<timestamp>6015.635063</timestamp>
			</report>
			<report>
				<misses>947100001</misses>
				<total>0</total>
				<timestamp>6016.268161</timestamp>
			</report>
			<report>
				<misses>947200001</misses>
				<total>0</total>
				<timestamp>6016.900326</timestamp>
			</report>
			<report>
				<misses>947300001</misses>
				<total>0</total>
				<timestamp>6017.534214</timestamp>
			</report>
			<report>
				<misses>947400001</misses>
				<total>0</total>
				<timestamp>6018.166864</timestamp>
			</report>
			<report>
				<misses>947500001</misses>
				<total>0</total>
				<timestamp>6018.800163</timestamp>
			</report>
			<report>
				<misses>947600001</misses>
				<total>0</total>
				<timestamp>6019.433388</timestamp>
			</report>
			<report>
				<misses>947700001</misses>
				<total>0</total>
				<timestamp>6020.066013</timestamp>
			</report>
			<report>
				<misses>947800001</misses>
				<total>0</total>
				<timestamp>6020.700184</timestamp>
			</report>
			<report>
				<misses>947900001</misses>
				<total>0</total>
				<timestamp>6021.333356</timestamp>
			</report>
			<report>
				<misses>948000001</misses>
				<total>0</total>
				<timestamp>6021.987281</timestamp>
			</report>
			<report>
				<misses>948100001</misses>
				<total>0</total>
				<timestamp>6022.627926</timestamp>
			</report>
			<report>
				<misses>948200001</misses>
				<total>0</total>
				<timestamp>6023.272969</timestamp>
			</report>
			<report>
				<misses>948300001</misses>
				<total>0</total>
				<timestamp>6023.906223</timestamp>
			</report>
			<report>
				<misses>948400001</misses>
				<total>0</total>
				<timestamp>6024.538963</timestamp>
			</report>
			<report>
				<misses>948500001</misses>
				<total>0</total>
				<timestamp>6025.172813</timestamp>
			</report>
			<report>
				<misses>948600001</misses>
				<total>0</total>
				<timestamp>6025.807370</timestamp>
			</report>
			<report>
				<misses>948700001</misses>
				<total>0</total>
				<timestamp>6026.441557</timestamp>
			</report>
			<report>
				<misses>948800001</misses>
				<total>0</total>
				<timestamp>6027.076065</timestamp>
			</report>
			<report>
				<misses>948900001</misses>
				<total>0</total>
				<timestamp>6027.709083</timestamp>
			</report>
			<report>
				<misses>949000001</misses>
				<total>0</total>
				<timestamp>6028.342435</timestamp>
			</report>
			<report>
				<misses>949100001</misses>
				<total>0</total>
				<timestamp>6028.979009</timestamp>
			</report>
			<report>
				<misses>949200001</misses>
				<total>0</total>
				<timestamp>6029.613577</timestamp>
			</report>
			<report>
				<misses>949300001</misses>
				<total>0</total>
				<timestamp>6030.247526</timestamp>
			</report>
			<report>
				<misses>949400001</misses>
				<total>0</total>
				<timestamp>6030.884477</timestamp>
			</report>
			<report>
				<misses>949500001</misses>
				<total>0</total>
				<timestamp>6031.517597</timestamp>
			</report>
			<report>
				<misses>949600001</misses>
				<total>0</total>
				<timestamp>6032.151977</timestamp>
			</report>
			<report>
				<misses>949700001</misses>
				<total>0</total>
				<timestamp>6032.788465</timestamp>
			</report>
			<report>
				<misses>949800001</misses>
				<total>0</total>
				<timestamp>6033.422796</timestamp>
			</report>
			<report>
				<misses>949900001</misses>
				<total>0</total>
				<timestamp>6034.055998</timestamp>
			</report>
			<report>
				<misses>950000001</misses>
				<total>0</total>
				<timestamp>6034.689518</timestamp>
			</report>
			<report>
				<misses>950100001</misses>
				<total>0</total>
				<timestamp>6035.323136</timestamp>
			</report>
			<report>
				<misses>950200001</misses>
				<total>0</total>
				<timestamp>6035.957184</timestamp>
			</report>
			<report>
				<misses>950300001</misses>
				<total>0</total>
				<timestamp>6036.590071</timestamp>
			</report>
			<report>
				<misses>950400001</misses>
				<total>0</total>
				<timestamp>6037.223096</timestamp>
			</report>
			<report>
				<misses>950500001</misses>
				<total>0</total>
				<timestamp>6037.856629</timestamp>
			</report>
			<report>
				<misses>950600001</misses>
				<total>0</total>
				<timestamp>6038.489045</timestamp>
			</report>
			<report>
				<misses>950700001</misses>
				<total>0</total>
				<timestamp>6039.122197</timestamp>
			</report>
			<report>
				<misses>950800001</misses>
				<total>0</total>
				<timestamp>6039.755605</timestamp>
			</report>
			<report>
				<misses>950900001</misses>
				<total>0</total>
				<timestamp>6040.388493</timestamp>
			</report>
			<report>
				<misses>951000001</misses>
				<total>0</total>
				<timestamp>6041.022651</timestamp>
			</report>
			<report>
				<misses>951100001</misses>
				<total>0</total>
				<timestamp>6041.655774</timestamp>
			</report>
			<report>
				<misses>951200001</misses>
				<total>0</total>
				<timestamp>6042.296974</timestamp>
			</report>
			<report>
				<misses>951300001</misses>
				<total>0</total>
				<timestamp>6042.936032</timestamp>
			</report>
			<report>
				<misses>951400001</misses>
				<total>0</total>
				<timestamp>6043.568144</timestamp>
			</report>
			<report>
				<misses>951500001</misses>
				<total>0</total>
				<timestamp>6044.201379</timestamp>
			</report>
			<report>
				<misses>951600001</misses>
				<total>0</total>
				<timestamp>6044.834387</timestamp>
			</report>
			<report>
				<misses>951700001</misses>
				<total>0</total>
				<timestamp>6045.468092</timestamp>
			</report>
			<report>
				<misses>951800001</misses>
				<total>0</total>
				<timestamp>6046.100939</timestamp>
			</report>
			<report>
				<misses>951900001</misses>
				<total>0</total>
				<timestamp>6046.734270</timestamp>
			</report>
			<report>
				<misses>952000001</misses>
				<total>0</total>
				<timestamp>6047.367073</timestamp>
			</report>
			<report>
				<misses>952100001</misses>
				<total>0</total>
				<timestamp>6047.999922</timestamp>
			</report>
			<report>
				<misses>952200001</misses>
				<total>0</total>
				<timestamp>6048.632773</timestamp>
			</report>
			<report>
				<misses>952300001</misses>
				<total>0</total>
				<timestamp>6049.268445</timestamp>
			</report>
			<report>
				<misses>952400001</misses>
				<total>0</total>
				<timestamp>6049.902343</timestamp>
			</report>
			<report>
				<misses>952500001</misses>
				<total>0</total>
				<timestamp>6050.535837</timestamp>
			</report>
			<report>
				<misses>952600001</misses>
				<total>0</total>
				<timestamp>6051.168535</timestamp>
			</report>
			<report>
				<misses>952700001</misses>
				<total>0</total>
				<timestamp>6051.801647</timestamp>
			</report>
			<report>
				<misses>952800001</misses>
				<total>0</total>
				<timestamp>6052.434407</timestamp>
			</report>
			<report>
				<misses>952900001</misses>
				<total>0</total>
				<timestamp>6053.069877</timestamp>
			</report>
			<report>
				<misses>953000001</misses>
				<total>0</total>
				<timestamp>6053.702517</timestamp>
			</report>
			<report>
				<misses>953100001</misses>
				<total>0</total>
				<timestamp>6054.335638</timestamp>
			</report>
			<report>
				<misses>953200001</misses>
				<total>0</total>
				<timestamp>6054.971923</timestamp>
			</report>
			<report>
				<misses>953300001</misses>
				<total>0</total>
				<timestamp>6055.603937</timestamp>
			</report>
			<report>
				<misses>953400001</misses>
				<total>0</total>
				<timestamp>6056.236251</timestamp>
			</report>
			<report>
				<misses>953500001</misses>
				<total>0</total>
				<timestamp>6056.869125</timestamp>
			</report>
			<report>
				<misses>953600001</misses>
				<total>0</total>
				<timestamp>6057.502049</timestamp>
			</report>
			<report>
				<misses>953700001</misses>
				<total>0</total>
				<timestamp>6058.134912</timestamp>
			</report>
			<report>
				<misses>953800001</misses>
				<total>0</total>
				<timestamp>6058.768881</timestamp>
			</report>
			<report>
				<misses>953900001</misses>
				<total>0</total>
				<timestamp>6059.402921</timestamp>
			</report>
			<report>
				<misses>954000001</misses>
				<total>0</total>
				<timestamp>6060.038905</timestamp>
			</report>
			<report>
				<misses>954100001</misses>
				<total>0</total>
				<timestamp>6060.672921</timestamp>
			</report>
			<report>
				<misses>954200001</misses>
				<total>0</total>
				<timestamp>6061.306558</timestamp>
			</report>
			<report>
				<misses>954300001</misses>
				<total>0</total>
				<timestamp>6061.941956</timestamp>
			</report>
			<report>
				<misses>954400001</misses>
				<total>0</total>
				<timestamp>6062.575826</timestamp>
			</report>
			<report>
				<misses>954500001</misses>
				<total>0</total>
				<timestamp>6063.212222</timestamp>
			</report>
			<report>
				<misses>954600001</misses>
				<total>0</total>
				<timestamp>6063.846731</timestamp>
			</report>
			<report>
				<misses>954700001</misses>
				<total>0</total>
				<timestamp>6064.480808</timestamp>
			</report>
			<report>
				<misses>954800001</misses>
				<total>0</total>
				<timestamp>6065.114404</timestamp>
			</report>
			<report>
				<misses>954900001</misses>
				<total>0</total>
				<timestamp>6065.749259</timestamp>
			</report>
			<report>
				<misses>955000001</misses>
				<total>0</total>
				<timestamp>6066.383227</timestamp>
			</report>
			<report>
				<misses>955100001</misses>
				<total>0</total>
				<timestamp>6067.026709</timestamp>
			</report>
			<report>
				<misses>955200001</misses>
				<total>0</total>
				<timestamp>6067.660922</timestamp>
			</report>
			<report>
				<misses>955300001</misses>
				<total>0</total>
				<timestamp>6068.294243</timestamp>
			</report>
			<report>
				<misses>955400001</misses>
				<total>0</total>
				<timestamp>6068.926998</timestamp>
			</report>
			<report>
				<misses>955500001</misses>
				<total>0</total>
				<timestamp>6069.560505</timestamp>
			</report>
			<report>
				<misses>955600001</misses>
				<total>0</total>
				<timestamp>6070.194355</timestamp>
			</report>
			<report>
				<misses>955700001</misses>
				<total>0</total>
				<timestamp>6070.827420</timestamp>
			</report>
			<report>
				<misses>955800001</misses>
				<total>0</total>
				<timestamp>6071.460788</timestamp>
			</report>
			<report>
				<misses>955900001</misses>
				<total>0</total>
				<timestamp>6072.093725</timestamp>
			</report>
			<report>
				<misses>956000001</misses>
				<total>0</total>
				<timestamp>6072.727296</timestamp>
			</report>
			<report>
				<misses>956100001</misses>
				<total>0</total>
				<timestamp>6073.360181</timestamp>
			</report>
			<report>
				<misses>956200001</misses>
				<total>0</total>
				<timestamp>6073.993109</timestamp>
			</report>
			<report>
				<misses>956300001</misses>
				<total>0</total>
				<timestamp>6074.626963</timestamp>
			</report>
			<report>
				<misses>956400001</misses>
				<total>0</total>
				<timestamp>6075.265539</timestamp>
			</report>
			<report>
				<misses>956500001</misses>
				<total>0</total>
				<timestamp>6075.901028</timestamp>
			</report>
			<report>
				<misses>956600001</misses>
				<total>0</total>
				<timestamp>6076.534873</timestamp>
			</report>
			<report>
				<misses>956700001</misses>
				<total>0</total>
				<timestamp>6077.168189</timestamp>
			</report>
			<report>
				<misses>956800001</misses>
				<total>0</total>
				<timestamp>6077.802237</timestamp>
			</report>
			<report>
				<misses>956900001</misses>
				<total>0</total>
				<timestamp>6078.435216</timestamp>
			</report>
			<report>
				<misses>957000001</misses>
				<total>0</total>
				<timestamp>6079.068761</timestamp>
			</report>
			<report>
				<misses>957100001</misses>
				<total>0</total>
				<timestamp>6079.704963</timestamp>
			</report>
			<report>
				<misses>957200001</misses>
				<total>0</total>
				<timestamp>6080.360994</timestamp>
			</report>
			<report>
				<misses>957300001</misses>
				<total>0</total>
				<timestamp>6080.993868</timestamp>
			</report>
			<report>
				<misses>957400001</misses>
				<total>0</total>
				<timestamp>6081.627443</timestamp>
			</report>
			<report>
				<misses>957500001</misses>
				<total>0</total>
				<timestamp>6082.260374</timestamp>
			</report>
			<report>
				<misses>957600001</misses>
				<total>0</total>
				<timestamp>6082.894852</timestamp>
			</report>
			<report>
				<misses>957700001</misses>
				<total>0</total>
				<timestamp>6083.528192</timestamp>
			</report>
			<report>
				<misses>957800001</misses>
				<total>0</total>
				<timestamp>6084.161862</timestamp>
			</report>
			<report>
				<misses>957900001</misses>
				<total>0</total>
				<timestamp>6084.794639</timestamp>
			</report>
			<report>
				<misses>958000001</misses>
				<total>0</total>
				<timestamp>6085.428036</timestamp>
			</report>
			<report>
				<misses>958100001</misses>
				<total>0</total>
				<timestamp>6086.061135</timestamp>
			</report>
			<report>
				<misses>958200001</misses>
				<total>0</total>
				<timestamp>6086.696055</timestamp>
			</report>
			<report>
				<misses>958300001</misses>
				<total>0</total>
				<timestamp>6087.329192</timestamp>
			</report>
			<report>
				<misses>958400001</misses>
				<total>0</total>
				<timestamp>6087.962373</timestamp>
			</report>
			<report>
				<misses>958500001</misses>
				<total>0</total>
				<timestamp>6088.595862</timestamp>
			</report>
			<report>
				<misses>958600001</misses>
				<total>0</total>
				<timestamp>6089.229601</timestamp>
			</report>
			<report>
				<misses>958700001</misses>
				<total>0</total>
				<timestamp>6089.864070</timestamp>
			</report>
			<report>
				<misses>958800001</misses>
				<total>0</total>
				<timestamp>6090.498007</timestamp>
			</report>
			<report>
				<misses>958900001</misses>
				<total>0</total>
				<timestamp>6091.133921</timestamp>
			</report>
			<report>
				<misses>959000001</misses>
				<total>0</total>
				<timestamp>6091.772173</timestamp>
			</report>
			<report>
				<misses>959100001</misses>
				<total>0</total>
				<timestamp>6092.406495</timestamp>
			</report>
			<report>
				<misses>959200001</misses>
				<total>0</total>
				<timestamp>6093.057381</timestamp>
			</report>
			<report>
				<misses>959300001</misses>
				<total>0</total>
				<timestamp>6093.696077</timestamp>
			</report>
			<report>
				<misses>959400001</misses>
				<total>0</total>
				<timestamp>6094.329859</timestamp>
			</report>
			<report>
				<misses>959500001</misses>
				<total>0</total>
				<timestamp>6094.971526</timestamp>
			</report>
			<report>
				<misses>959600001</misses>
				<total>0</total>
				<timestamp>6095.605055</timestamp>
			</report>
			<report>
				<misses>959700001</misses>
				<total>0</total>
				<timestamp>6096.237742</timestamp>
			</report>
			<report>
				<misses>959800001</misses>
				<total>0</total>
				<timestamp>6096.880056</timestamp>
			</report>
			<report>
				<misses>959900001</misses>
				<total>0</total>
				<timestamp>6097.512559</timestamp>
			</report>
			<report>
				<misses>960000001</misses>
				<total>0</total>
				<timestamp>6098.145750</timestamp>
			</report>
			<report>
				<misses>960100001</misses>
				<total>0</total>
				<timestamp>6098.780345</timestamp>
			</report>
			<report>
				<misses>960200001</misses>
				<total>0</total>
				<timestamp>6099.414364</timestamp>
			</report>
			<report>
				<misses>960300001</misses>
				<total>0</total>
				<timestamp>6100.047643</timestamp>
			</report>
			<report>
				<misses>960400001</misses>
				<total>0</total>
				<timestamp>6100.679768</timestamp>
			</report>
			<report>
				<misses>960500001</misses>
				<total>0</total>
				<timestamp>6101.312938</timestamp>
			</report>
			<report>
				<misses>960600001</misses>
				<total>0</total>
				<timestamp>6101.946399</timestamp>
			</report>
			<report>
				<misses>960700001</misses>
				<total>0</total>
				<timestamp>6102.580232</timestamp>
			</report>
			<report>
				<misses>960800001</misses>
				<total>0</total>
				<timestamp>6103.217584</timestamp>
			</report>
			<report>
				<misses>960900001</misses>
				<total>0</total>
				<timestamp>6103.850713</timestamp>
			</report>
			<report>
				<misses>961000001</misses>
				<total>0</total>
				<timestamp>6104.483542</timestamp>
			</report>
			<report>
				<misses>961100001</misses>
				<total>0</total>
				<timestamp>6105.118135</timestamp>
			</report>
			<report>
				<misses>961200001</misses>
				<total>0</total>
				<timestamp>6105.751481</timestamp>
			</report>
			<report>
				<misses>961300001</misses>
				<total>0</total>
				<timestamp>6106.384816</timestamp>
			</report>
			<report>
				<misses>961400001</misses>
				<total>0</total>
				<timestamp>6107.020328</timestamp>
			</report>
			<report>
				<misses>961500001</misses>
				<total>0</total>
				<timestamp>6107.653880</timestamp>
			</report>
			<report>
				<misses>961600001</misses>
				<total>0</total>
				<timestamp>6108.310296</timestamp>
			</report>
			<report>
				<misses>961700001</misses>
				<total>0</total>
				<timestamp>6108.943195</timestamp>
			</report>
			<report>
				<misses>961800001</misses>
				<total>0</total>
				<timestamp>6109.576923</timestamp>
			</report>
			<report>
				<misses>961900001</misses>
				<total>0</total>
				<timestamp>6110.210727</timestamp>
			</report>
			<report>
				<misses>962000001</misses>
				<total>0</total>
				<timestamp>6110.847988</timestamp>
			</report>
			<report>
				<misses>962100001</misses>
				<total>0</total>
				<timestamp>6111.492196</timestamp>
			</report>
			<report>
				<misses>962200001</misses>
				<total>0</total>
				<timestamp>6112.125895</timestamp>
			</report>
			<report>
				<misses>962300001</misses>
				<total>0</total>
				<timestamp>6112.758939</timestamp>
			</report>
			<report>
				<misses>962400001</misses>
				<total>0</total>
				<timestamp>6113.393393</timestamp>
			</report>
			<report>
				<misses>962500001</misses>
				<total>0</total>
				<timestamp>6114.028991</timestamp>
			</report>
			<report>
				<misses>962600001</misses>
				<total>0</total>
				<timestamp>6114.662322</timestamp>
			</report>
			<report>
				<misses>962700001</misses>
				<total>0</total>
				<timestamp>6115.295701</timestamp>
			</report>
			<report>
				<misses>962800001</misses>
				<total>0</total>
				<timestamp>6115.932109</timestamp>
			</report>
			<report>
				<misses>962900001</misses>
				<total>0</total>
				<timestamp>6116.567407</timestamp>
			</report>
			<report>
				<misses>963000001</misses>
				<total>0</total>
				<timestamp>6117.207753</timestamp>
			</report>
			<report>
				<misses>963100001</misses>
				<total>0</total>
				<timestamp>6117.843788</timestamp>
			</report>
			<report>
				<misses>963200001</misses>
				<total>0</total>
				<timestamp>6118.478536</timestamp>
			</report>
			<report>
				<misses>963300001</misses>
				<total>0</total>
				<timestamp>6119.115750</timestamp>
			</report>
			<report>
				<misses>963400001</misses>
				<total>0</total>
				<timestamp>6119.750537</timestamp>
			</report>
			<report>
				<misses>963500001</misses>
				<total>0</total>
				<timestamp>6120.386223</timestamp>
			</report>
			<report>
				<misses>963600001</misses>
				<total>0</total>
				<timestamp>6121.025246</timestamp>
			</report>
			<report>
				<misses>963700001</misses>
				<total>0</total>
				<timestamp>6121.659605</timestamp>
			</report>
			<report>
				<misses>963800001</misses>
				<total>0</total>
				<timestamp>6122.293997</timestamp>
			</report>
			<report>
				<misses>963900001</misses>
				<total>0</total>
				<timestamp>6122.928689</timestamp>
			</report>
			<report>
				<misses>964000001</misses>
				<total>0</total>
				<timestamp>6123.563735</timestamp>
			</report>
			<report>
				<misses>964100001</misses>
				<total>0</total>
				<timestamp>6124.197874</timestamp>
			</report>
			<report>
				<misses>964200001</misses>
				<total>0</total>
				<timestamp>6124.833999</timestamp>
			</report>
			<report>
				<misses>964300001</misses>
				<total>0</total>
				<timestamp>6125.467624</timestamp>
			</report>
			<report>
				<misses>964400001</misses>
				<total>0</total>
				<timestamp>6126.102972</timestamp>
			</report>
			<report>
				<misses>964500001</misses>
				<total>0</total>
				<timestamp>6126.737452</timestamp>
			</report>
			<report>
				<misses>964600001</misses>
				<total>0</total>
				<timestamp>6127.372537</timestamp>
			</report>
			<report>
				<misses>964700001</misses>
				<total>0</total>
				<timestamp>6128.007051</timestamp>
			</report>
			<report>
				<misses>964800001</misses>
				<total>0</total>
				<timestamp>6128.642847</timestamp>
			</report>
			<report>
				<misses>964900001</misses>
				<total>0</total>
				<timestamp>6129.295067</timestamp>
			</report>
			<report>
				<misses>965000001</misses>
				<total>0</total>
				<timestamp>6129.932621</timestamp>
			</report>
			<report>
				<misses>965100001</misses>
				<total>0</total>
				<timestamp>6130.565764</timestamp>
			</report>
			<report>
				<misses>965200001</misses>
				<total>0</total>
				<timestamp>6131.198999</timestamp>
			</report>
			<report>
				<misses>965300001</misses>
				<total>0</total>
				<timestamp>6131.832942</timestamp>
			</report>
			<report>
				<misses>965400001</misses>
				<total>0</total>
				<timestamp>6132.466948</timestamp>
			</report>
			<report>
				<misses>965500001</misses>
				<total>0</total>
				<timestamp>6133.112482</timestamp>
			</report>
			<report>
				<misses>965600001</misses>
				<total>0</total>
				<timestamp>6133.750069</timestamp>
			</report>
			<report>
				<misses>965700001</misses>
				<total>0</total>
				<timestamp>6134.383764</timestamp>
			</report>
			<report>
				<misses>965800001</misses>
				<total>0</total>
				<timestamp>6135.018887</timestamp>
			</report>
			<report>
				<misses>965900001</misses>
				<total>0</total>
				<timestamp>6135.652960</timestamp>
			</report>
			<report>
				<misses>966000001</misses>
				<total>0</total>
				<timestamp>6136.286915</timestamp>
			</report>
			<report>
				<misses>966100001</misses>
				<total>0</total>
				<timestamp>6136.920075</timestamp>
			</report>
			<report>
				<misses>966200001</misses>
				<total>0</total>
				<timestamp>6137.554202</timestamp>
			</report>
			<report>
				<misses>966300001</misses>
				<total>0</total>
				<timestamp>6138.195163</timestamp>
			</report>
			<report>
				<misses>966400001</misses>
				<total>0</total>
				<timestamp>6138.830297</timestamp>
			</report>
			<report>
				<misses>966500001</misses>
				<total>0</total>
				<timestamp>6139.463578</timestamp>
			</report>
			<report>
				<misses>966600001</misses>
				<total>0</total>
				<timestamp>6140.099397</timestamp>
			</report>
			<report>
				<misses>966700001</misses>
				<total>0</total>
				<timestamp>6140.734633</timestamp>
			</report>
			<report>
				<misses>966800001</misses>
				<total>0</total>
				<timestamp>6141.368466</timestamp>
			</report>
			<report>
				<misses>966900001</misses>
				<total>0</total>
				<timestamp>6142.001380</timestamp>
			</report>
			<report>
				<misses>967000001</misses>
				<total>0</total>
				<timestamp>6142.635549</timestamp>
			</report>
			<report>
				<misses>967100001</misses>
				<total>0</total>
				<timestamp>6143.272347</timestamp>
			</report>
			<report>
				<misses>967200001</misses>
				<total>0</total>
				<timestamp>6143.906066</timestamp>
			</report>
			<report>
				<misses>967300001</misses>
				<total>0</total>
				<timestamp>6144.539954</timestamp>
			</report>
			<report>
				<misses>967400001</misses>
				<total>0</total>
				<timestamp>6145.175834</timestamp>
			</report>
			<report>
				<misses>967500001</misses>
				<total>0</total>
				<timestamp>6145.811741</timestamp>
			</report>
			<report>
				<misses>967600001</misses>
				<total>0</total>
				<timestamp>6146.450156</timestamp>
			</report>
			<report>
				<misses>967700001</misses>
				<total>0</total>
				<timestamp>6147.101392</timestamp>
			</report>
			<report>
				<misses>967800001</misses>
				<total>0</total>
				<timestamp>6147.735259</timestamp>
			</report>
			<report>
				<misses>967900001</misses>
				<total>0</total>
				<timestamp>6148.370928</timestamp>
			</report>
			<report>
				<misses>968000001</misses>
				<total>0</total>
				<timestamp>6149.004880</timestamp>
			</report>
			<report>
				<misses>968100001</misses>
				<total>0</total>
				<timestamp>6149.643498</timestamp>
			</report>
			<report>
				<misses>968200001</misses>
				<total>0</total>
				<timestamp>6150.279713</timestamp>
			</report>
			<report>
				<misses>968300001</misses>
				<total>0</total>
				<timestamp>6150.915158</timestamp>
			</report>
			<report>
				<misses>968400001</misses>
				<total>0</total>
				<timestamp>6151.548951</timestamp>
			</report>
			<report>
				<misses>968500001</misses>
				<total>0</total>
				<timestamp>6152.190199</timestamp>
			</report>
			<report>
				<misses>968600001</misses>
				<total>0</total>
				<timestamp>6152.825036</timestamp>
			</report>
			<report>
				<misses>968700001</misses>
				<total>0</total>
				<timestamp>6153.466672</timestamp>
			</report>
			<report>
				<misses>968800001</misses>
				<total>0</total>
				<timestamp>6154.100324</timestamp>
			</report>
			<report>
				<misses>968900001</misses>
				<total>0</total>
				<timestamp>6154.733826</timestamp>
			</report>
			<report>
				<misses>969000001</misses>
				<total>0</total>
				<timestamp>6155.436381</timestamp>
			</report>
			<report>
				<misses>969100001</misses>
				<total>0</total>
				<timestamp>6156.080840</timestamp>
			</report>
			<report>
				<misses>969200001</misses>
				<total>0</total>
				<timestamp>6156.717288</timestamp>
			</report>
			<report>
				<misses>969300001</misses>
				<total>0</total>
				<timestamp>6157.353662</timestamp>
			</report>
			<report>
				<misses>969400001</misses>
				<total>0</total>
				<timestamp>6157.987555</timestamp>
			</report>
			<report>
				<misses>969500001</misses>
				<total>0</total>
				<timestamp>6158.630811</timestamp>
			</report>
			<report>
				<misses>969600001</misses>
				<total>0</total>
				<timestamp>6159.265854</timestamp>
			</report>
			<report>
				<misses>969700001</misses>
				<total>0</total>
				<timestamp>6159.907466</timestamp>
			</report>
			<report>
				<misses>969800001</misses>
				<total>0</total>
				<timestamp>6160.546589</timestamp>
			</report>
			<report>
				<misses>969900001</misses>
				<total>0</total>
				<timestamp>6161.183978</timestamp>
			</report>
			<report>
				<misses>970000001</misses>
				<total>0</total>
				<timestamp>6161.825674</timestamp>
			</report>
			<report>
				<misses>970100001</misses>
				<total>0</total>
				<timestamp>6162.470703</timestamp>
			</report>
			<report>
				<misses>970200001</misses>
				<total>0</total>
				<timestamp>6163.107756</timestamp>
			</report>
			<report>
				<misses>970300001</misses>
				<total>0</total>
				<timestamp>6163.745524</timestamp>
			</report>
			<report>
				<misses>970400001</misses>
				<total>0</total>
				<timestamp>6164.380901</timestamp>
			</report>
			<report>
				<misses>970500001</misses>
				<total>0</total>
				<timestamp>6165.022223</timestamp>
			</report>
			<report>
				<misses>970600001</misses>
				<total>0</total>
				<timestamp>6165.663539</timestamp>
			</report>
			<report>
				<misses>970700001</misses>
				<total>0</total>
				<timestamp>6166.297426</timestamp>
			</report>
			<report>
				<misses>970800001</misses>
				<total>0</total>
				<timestamp>6166.934241</timestamp>
			</report>
			<report>
				<misses>970900001</misses>
				<total>0</total>
				<timestamp>6167.572140</timestamp>
			</report>
			<report>
				<misses>971000001</misses>
				<total>0</total>
				<timestamp>6168.211982</timestamp>
			</report>
			<report>
				<misses>971100001</misses>
				<total>0</total>
				<timestamp>6168.848270</timestamp>
			</report>
			<report>
				<misses>971200001</misses>
				<total>0</total>
				<timestamp>6169.481016</timestamp>
			</report>
			<report>
				<misses>971300001</misses>
				<total>0</total>
				<timestamp>6170.114720</timestamp>
			</report>
			<report>
				<misses>971400001</misses>
				<total>0</total>
				<timestamp>6170.754333</timestamp>
			</report>
			<report>
				<misses>971500001</misses>
				<total>0</total>
				<timestamp>6171.389477</timestamp>
			</report>
			<report>
				<misses>971600001</misses>
				<total>0</total>
				<timestamp>6172.025580</timestamp>
			</report>
			<report>
				<misses>971700001</misses>
				<total>0</total>
				<timestamp>6172.660426</timestamp>
			</report>
			<report>
				<misses>971800001</misses>
				<total>0</total>
				<timestamp>6173.295234</timestamp>
			</report>
			<report>
				<misses>971900001</misses>
				<total>0</total>
				<timestamp>6173.932756</timestamp>
			</report>
			<report>
				<misses>972000001</misses>
				<total>0</total>
				<timestamp>6174.568409</timestamp>
			</report>
			<report>
				<misses>972100001</misses>
				<total>0</total>
				<timestamp>6175.203903</timestamp>
			</report>
			<report>
				<misses>972200001</misses>
				<total>0</total>
				<timestamp>6175.838668</timestamp>
			</report>
			<report>
				<misses>972300001</misses>
				<total>0</total>
				<timestamp>6176.473853</timestamp>
			</report>
			<report>
				<misses>972400001</misses>
				<total>0</total>
				<timestamp>6177.109907</timestamp>
			</report>
			<report>
				<misses>972500001</misses>
				<total>0</total>
				<timestamp>6177.744948</timestamp>
			</report>
			<report>
				<misses>972600001</misses>
				<total>0</total>
				<timestamp>6178.381257</timestamp>
			</report>
			<report>
				<misses>972700001</misses>
				<total>0</total>
				<timestamp>6179.017396</timestamp>
			</report>
			<report>
				<misses>972800001</misses>
				<total>0</total>
				<timestamp>6179.651930</timestamp>
			</report>
			<report>
				<misses>972900001</misses>
				<total>0</total>
				<timestamp>6180.287004</timestamp>
			</report>
			<report>
				<misses>973000001</misses>
				<total>0</total>
				<timestamp>6180.921970</timestamp>
			</report>
			<report>
				<misses>973100001</misses>
				<total>0</total>
				<timestamp>6181.557921</timestamp>
			</report>
			<report>
				<misses>973200001</misses>
				<total>0</total>
				<timestamp>6182.191759</timestamp>
			</report>
			<report>
				<misses>973300001</misses>
				<total>0</total>
				<timestamp>6182.831891</timestamp>
			</report>
			<report>
				<misses>973400001</misses>
				<total>0</total>
				<timestamp>6183.465847</timestamp>
			</report>
			<report>
				<misses>973500001</misses>
				<total>0</total>
				<timestamp>6184.100145</timestamp>
			</report>
			<report>
				<misses>973600001</misses>
				<total>0</total>
				<timestamp>6184.734689</timestamp>
			</report>
			<report>
				<misses>973700001</misses>
				<total>0</total>
				<timestamp>6185.370354</timestamp>
			</report>
			<report>
				<misses>973800001</misses>
				<total>0</total>
				<timestamp>6186.013493</timestamp>
			</report>
			<report>
				<misses>973900001</misses>
				<total>0</total>
				<timestamp>6186.647517</timestamp>
			</report>
			<report>
				<misses>974000001</misses>
				<total>0</total>
				<timestamp>6187.282546</timestamp>
			</report>
			<report>
				<misses>974100001</misses>
				<total>0</total>
				<timestamp>6187.921634</timestamp>
			</report>
			<report>
				<misses>974200001</misses>
				<total>0</total>
				<timestamp>6188.557165</timestamp>
			</report>
			<report>
				<misses>974300001</misses>
				<total>0</total>
				<timestamp>6189.190894</timestamp>
			</report>
			<report>
				<misses>974400001</misses>
				<total>0</total>
				<timestamp>6189.826182</timestamp>
			</report>
			<report>
				<misses>974500001</misses>
				<total>0</total>
				<timestamp>6190.460020</timestamp>
			</report>
			<report>
				<misses>974600001</misses>
				<total>0</total>
				<timestamp>6191.094180</timestamp>
			</report>
			<report>
				<misses>974700001</misses>
				<total>0</total>
				<timestamp>6191.727480</timestamp>
			</report>
			<report>
				<misses>974800001</misses>
				<total>0</total>
				<timestamp>6192.362636</timestamp>
			</report>
			<report>
				<misses>974900001</misses>
				<total>0</total>
				<timestamp>6192.998977</timestamp>
			</report>
			<report>
				<misses>975000001</misses>
				<total>0</total>
				<timestamp>6193.633483</timestamp>
			</report>
			<report>
				<misses>975100001</misses>
				<total>0</total>
				<timestamp>6194.267728</timestamp>
			</report>
			<report>
				<misses>975200001</misses>
				<total>0</total>
				<timestamp>6194.902183</timestamp>
			</report>
			<report>
				<misses>975300001</misses>
				<total>0</total>
				<timestamp>6195.538651</timestamp>
			</report>
			<report>
				<misses>975400001</misses>
				<total>0</total>
				<timestamp>6196.174725</timestamp>
			</report>
			<report>
				<misses>975500001</misses>
				<total>0</total>
				<timestamp>6196.809314</timestamp>
			</report>
			<report>
				<misses>975600001</misses>
				<total>0</total>
				<timestamp>6197.445599</timestamp>
			</report>
			<report>
				<misses>975700001</misses>
				<total>0</total>
				<timestamp>6198.081573</timestamp>
			</report>
			<report>
				<misses>975800001</misses>
				<total>0</total>
				<timestamp>6198.718141</timestamp>
			</report>
			<report>
				<misses>975900001</misses>
				<total>0</total>
				<timestamp>6199.354596</timestamp>
			</report>
			<report>
				<misses>976000001</misses>
				<total>0</total>
				<timestamp>6199.990746</timestamp>
			</report>
			<report>
				<misses>976100001</misses>
				<total>0</total>
				<timestamp>6200.625844</timestamp>
			</report>
			<report>
				<misses>976200001</misses>
				<total>0</total>
				<timestamp>6201.262425</timestamp>
			</report>
			<report>
				<misses>976300001</misses>
				<total>0</total>
				<timestamp>6201.898904</timestamp>
			</report>
			<report>
				<misses>976400001</misses>
				<total>0</total>
				<timestamp>6202.536028</timestamp>
			</report>
			<report>
				<misses>976500001</misses>
				<total>0</total>
				<timestamp>6203.170428</timestamp>
			</report>
			<report>
				<misses>976600001</misses>
				<total>0</total>
				<timestamp>6203.805844</timestamp>
			</report>
			<report>
				<misses>976700001</misses>
				<total>0</total>
				<timestamp>6204.440058</timestamp>
			</report>
			<report>
				<misses>976800001</misses>
				<total>0</total>
				<timestamp>6205.073926</timestamp>
			</report>
			<report>
				<misses>976900001</misses>
				<total>0</total>
				<timestamp>6205.709221</timestamp>
			</report>
			<report>
				<misses>977000001</misses>
				<total>0</total>
				<timestamp>6206.342899</timestamp>
			</report>
			<report>
				<misses>977100001</misses>
				<total>0</total>
				<timestamp>6206.979373</timestamp>
			</report>
			<report>
				<misses>977200001</misses>
				<total>0</total>
				<timestamp>6207.615291</timestamp>
			</report>
			<report>
				<misses>977300001</misses>
				<total>0</total>
				<timestamp>6208.250983</timestamp>
			</report>
			<report>
				<misses>977400001</misses>
				<total>0</total>
				<timestamp>6208.884162</timestamp>
			</report>
			<report>
				<misses>977500001</misses>
				<total>0</total>
				<timestamp>6209.519683</timestamp>
			</report>
			<report>
				<misses>977600001</misses>
				<total>0</total>
				<timestamp>6210.153549</timestamp>
			</report>
			<report>
				<misses>977700001</misses>
				<total>0</total>
				<timestamp>6210.787747</timestamp>
			</report>
			<report>
				<misses>977800001</misses>
				<total>0</total>
				<timestamp>6211.423532</timestamp>
			</report>
			<report>
				<misses>977900001</misses>
				<total>0</total>
				<timestamp>6212.057748</timestamp>
			</report>
			<report>
				<misses>978000001</misses>
				<total>0</total>
				<timestamp>6212.694025</timestamp>
			</report>
			<report>
				<misses>978100001</misses>
				<total>0</total>
				<timestamp>6213.328083</timestamp>
			</report>
			<report>
				<misses>978200001</misses>
				<total>0</total>
				<timestamp>6213.962856</timestamp>
			</report>
			<report>
				<misses>978300001</misses>
				<total>0</total>
				<timestamp>6214.597447</timestamp>
			</report>
			<report>
				<misses>978400001</misses>
				<total>0</total>
				<timestamp>6215.240669</timestamp>
			</report>
			<report>
				<misses>978500001</misses>
				<total>0</total>
				<timestamp>6215.874774</timestamp>
			</report>
			<report>
				<misses>978600001</misses>
				<total>0</total>
				<timestamp>6216.509659</timestamp>
			</report>
			<report>
				<misses>978700001</misses>
				<total>0</total>
				<timestamp>6217.144656</timestamp>
			</report>
			<report>
				<misses>978800001</misses>
				<total>0</total>
				<timestamp>6217.782360</timestamp>
			</report>
			<report>
				<misses>978900001</misses>
				<total>0</total>
				<timestamp>6218.446220</timestamp>
			</report>
			<report>
				<misses>979000001</misses>
				<total>0</total>
				<timestamp>6219.080214</timestamp>
			</report>
			<report>
				<misses>979100001</misses>
				<total>0</total>
				<timestamp>6219.714600</timestamp>
			</report>
			<report>
				<misses>979200001</misses>
				<total>0</total>
				<timestamp>6220.349066</timestamp>
			</report>
			<report>
				<misses>979300001</misses>
				<total>0</total>
				<timestamp>6220.982893</timestamp>
			</report>
			<report>
				<misses>979400001</misses>
				<total>0</total>
				<timestamp>6221.616795</timestamp>
			</report>
			<report>
				<misses>979500001</misses>
				<total>0</total>
				<timestamp>6222.251016</timestamp>
			</report>
			<report>
				<misses>979600001</misses>
				<total>0</total>
				<timestamp>6222.886650</timestamp>
			</report>
			<report>
				<misses>979700001</misses>
				<total>0</total>
				<timestamp>6223.521798</timestamp>
			</report>
			<report>
				<misses>979800001</misses>
				<total>0</total>
				<timestamp>6224.159387</timestamp>
			</report>
			<report>
				<misses>979900001</misses>
				<total>0</total>
				<timestamp>6224.793505</timestamp>
			</report>
			<report>
				<misses>980000001</misses>
				<total>0</total>
				<timestamp>6225.429142</timestamp>
			</report>
			<report>
				<misses>980100001</misses>
				<total>0</total>
				<timestamp>6226.066253</timestamp>
			</report>
			<report>
				<misses>980200001</misses>
				<total>0</total>
				<timestamp>6226.701999</timestamp>
			</report>
			<report>
				<misses>980300001</misses>
				<total>0</total>
				<timestamp>6227.336997</timestamp>
			</report>
			<report>
				<misses>980400001</misses>
				<total>0</total>
				<timestamp>6227.975388</timestamp>
			</report>
			<report>
				<misses>980500001</misses>
				<total>0</total>
				<timestamp>6228.611071</timestamp>
			</report>
			<report>
				<misses>980600001</misses>
				<total>0</total>
				<timestamp>6229.249930</timestamp>
			</report>
			<report>
				<misses>980700001</misses>
				<total>0</total>
				<timestamp>6229.890422</timestamp>
			</report>
			<report>
				<misses>980800001</misses>
				<total>0</total>
				<timestamp>6230.524494</timestamp>
			</report>
			<report>
				<misses>980900001</misses>
				<total>0</total>
				<timestamp>6231.160081</timestamp>
			</report>
			<report>
				<misses>981000001</misses>
				<total>0</total>
				<timestamp>6231.798563</timestamp>
			</report>
			<report>
				<misses>981100001</misses>
				<total>0</total>
				<timestamp>6232.432066</timestamp>
			</report>
			<report>
				<misses>981200001</misses>
				<total>0</total>
				<timestamp>6233.070350</timestamp>
			</report>
			<report>
				<misses>981300001</misses>
				<total>0</total>
				<timestamp>6233.705124</timestamp>
			</report>
			<report>
				<misses>981400001</misses>
				<total>0</total>
				<timestamp>6234.340041</timestamp>
			</report>
			<report>
				<misses>981500001</misses>
				<total>0</total>
				<timestamp>6234.975316</timestamp>
			</report>
			<report>
				<misses>981600001</misses>
				<total>0</total>
				<timestamp>6235.609502</timestamp>
			</report>
			<report>
				<misses>981700001</misses>
				<total>0</total>
				<timestamp>6236.243099</timestamp>
			</report>
			<report>
				<misses>981800001</misses>
				<total>0</total>
				<timestamp>6236.876559</timestamp>
			</report>
			<report>
				<misses>981900001</misses>
				<total>0</total>
				<timestamp>6237.510202</timestamp>
			</report>
			<report>
				<misses>982000001</misses>
				<total>0</total>
				<timestamp>6238.144302</timestamp>
			</report>
			<report>
				<misses>982100001</misses>
				<total>0</total>
				<timestamp>6238.777803</timestamp>
			</report>
			<report>
				<misses>982200001</misses>
				<total>0</total>
				<timestamp>6239.413102</timestamp>
			</report>
			<report>
				<misses>982300001</misses>
				<total>0</total>
				<timestamp>6240.046332</timestamp>
			</report>
			<report>
				<misses>982400001</misses>
				<total>0</total>
				<timestamp>6240.682332</timestamp>
			</report>
			<report>
				<misses>982500001</misses>
				<total>0</total>
				<timestamp>6241.318244</timestamp>
			</report>
			<report>
				<misses>982600001</misses>
				<total>0</total>
				<timestamp>6241.952846</timestamp>
			</report>
			<report>
				<misses>982700001</misses>
				<total>0</total>
				<timestamp>6242.588556</timestamp>
			</report>
			<report>
				<misses>982800001</misses>
				<total>0</total>
				<timestamp>6243.223869</timestamp>
			</report>
			<report>
				<misses>982900001</misses>
				<total>0</total>
				<timestamp>6243.858274</timestamp>
			</report>
			<report>
				<misses>983000001</misses>
				<total>0</total>
				<timestamp>6244.490694</timestamp>
			</report>
			<report>
				<misses>983100001</misses>
				<total>0</total>
				<timestamp>6245.123713</timestamp>
			</report>
			<report>
				<misses>983200001</misses>
				<total>0</total>
				<timestamp>6245.757001</timestamp>
			</report>
			<report>
				<misses>983300001</misses>
				<total>0</total>
				<timestamp>6246.390312</timestamp>
			</report>
			<report>
				<misses>983400001</misses>
				<total>0</total>
				<timestamp>6247.025902</timestamp>
			</report>
			<report>
				<misses>983500001</misses>
				<total>0</total>
				<timestamp>6247.658936</timestamp>
			</report>
			<report>
				<misses>983600001</misses>
				<total>0</total>
				<timestamp>6248.292176</timestamp>
			</report>
			<report>
				<misses>983700001</misses>
				<total>0</total>
				<timestamp>6248.924845</timestamp>
			</report>
			<report>
				<misses>983800001</misses>
				<total>0</total>
				<timestamp>6249.558641</timestamp>
			</report>
			<report>
				<misses>983900001</misses>
				<total>0</total>
				<timestamp>6250.195035</timestamp>
			</report>
			<report>
				<misses>984000001</misses>
				<total>0</total>
				<timestamp>6250.827945</timestamp>
			</report>
			<report>
				<misses>984100001</misses>
				<total>0</total>
				<timestamp>6251.460515</timestamp>
			</report>
			<report>
				<misses>984200001</misses>
				<total>0</total>
				<timestamp>6252.094923</timestamp>
			</report>
			<report>
				<misses>984300001</misses>
				<total>0</total>
				<timestamp>6252.731268</timestamp>
			</report>
			<report>
				<misses>984400001</misses>
				<total>0</total>
				<timestamp>6253.366204</timestamp>
			</report>
			<report>
				<misses>984500001</misses>
				<total>0</total>
				<timestamp>6254.001259</timestamp>
			</report>
			<report>
				<misses>984600001</misses>
				<total>0</total>
				<timestamp>6254.636742</timestamp>
			</report>
			<report>
				<misses>984700001</misses>
				<total>0</total>
				<timestamp>6255.270955</timestamp>
			</report>
			<report>
				<misses>984800001</misses>
				<total>0</total>
				<timestamp>6255.907753</timestamp>
			</report>
			<report>
				<misses>984900001</misses>
				<total>0</total>
				<timestamp>6256.542702</timestamp>
			</report>
			<report>
				<misses>985000001</misses>
				<total>0</total>
				<timestamp>6257.176619</timestamp>
			</report>
			<report>
				<misses>985100001</misses>
				<total>0</total>
				<timestamp>6257.812060</timestamp>
			</report>
			<report>
				<misses>985200001</misses>
				<total>0</total>
				<timestamp>6258.446487</timestamp>
			</report>
			<report>
				<misses>985300001</misses>
				<total>0</total>
				<timestamp>6259.082129</timestamp>
			</report>
			<report>
				<misses>985400001</misses>
				<total>0</total>
				<timestamp>6259.715816</timestamp>
			</report>
			<report>
				<misses>985500001</misses>
				<total>0</total>
				<timestamp>6260.350819</timestamp>
			</report>
			<report>
				<misses>985600001</misses>
				<total>0</total>
				<timestamp>6260.984597</timestamp>
			</report>
			<report>
				<misses>985700001</misses>
				<total>0</total>
				<timestamp>6261.617776</timestamp>
			</report>
			<report>
				<misses>985800001</misses>
				<total>0</total>
				<timestamp>6262.250655</timestamp>
			</report>
			<report>
				<misses>985900001</misses>
				<total>0</total>
				<timestamp>6262.884083</timestamp>
			</report>
			<report>
				<misses>986000001</misses>
				<total>0</total>
				<timestamp>6263.516993</timestamp>
			</report>
			<report>
				<misses>986100001</misses>
				<total>0</total>
				<timestamp>6264.150229</timestamp>
			</report>
			<report>
				<misses>986200001</misses>
				<total>0</total>
				<timestamp>6264.783366</timestamp>
			</report>
			<report>
				<misses>986300001</misses>
				<total>0</total>
				<timestamp>6265.416873</timestamp>
			</report>
			<report>
				<misses>986400001</misses>
				<total>0</total>
				<timestamp>6266.050036</timestamp>
			</report>
			<report>
				<misses>986500001</misses>
				<total>0</total>
				<timestamp>6266.682973</timestamp>
			</report>
			<report>
				<misses>986600001</misses>
				<total>0</total>
				<timestamp>6267.315929</timestamp>
			</report>
			<report>
				<misses>986700001</misses>
				<total>0</total>
				<timestamp>6267.949391</timestamp>
			</report>
			<report>
				<misses>986800001</misses>
				<total>0</total>
				<timestamp>6268.583303</timestamp>
			</report>
			<report>
				<misses>986900001</misses>
				<total>0</total>
				<timestamp>6269.221725</timestamp>
			</report>
			<report>
				<misses>987000001</misses>
				<total>0</total>
				<timestamp>6269.855825</timestamp>
			</report>
			<report>
				<misses>987100001</misses>
				<total>0</total>
				<timestamp>6270.488977</timestamp>
			</report>
			<report>
				<misses>987200001</misses>
				<total>0</total>
				<timestamp>6271.122704</timestamp>
			</report>
			<report>
				<misses>987300001</misses>
				<total>0</total>
				<timestamp>6271.756646</timestamp>
			</report>
			<report>
				<misses>987400001</misses>
				<total>0</total>
				<timestamp>6272.390438</timestamp>
			</report>
			<report>
				<misses>987500001</misses>
				<total>0</total>
				<timestamp>6273.024829</timestamp>
			</report>
			<report>
				<misses>987600001</misses>
				<total>0</total>
				<timestamp>6273.659578</timestamp>
			</report>
			<report>
				<misses>987700001</misses>
				<total>0</total>
				<timestamp>6274.293499</timestamp>
			</report>
			<report>
				<misses>987800001</misses>
				<total>0</total>
				<timestamp>6274.940515</timestamp>
			</report>
			<report>
				<misses>987900001</misses>
				<total>0</total>
				<timestamp>6275.575184</timestamp>
			</report>
			<report>
				<misses>988000001</misses>
				<total>0</total>
				<timestamp>6276.207988</timestamp>
			</report>
			<report>
				<misses>988100001</misses>
				<total>0</total>
				<timestamp>6276.840895</timestamp>
			</report>
			<report>
				<misses>988200001</misses>
				<total>0</total>
				<timestamp>6277.476473</timestamp>
			</report>
			<report>
				<misses>988300001</misses>
				<total>0</total>
				<timestamp>6278.110367</timestamp>
			</report>
			<report>
				<misses>988400001</misses>
				<total>0</total>
				<timestamp>6278.745187</timestamp>
			</report>
			<report>
				<misses>988500001</misses>
				<total>0</total>
				<timestamp>6279.380140</timestamp>
			</report>
			<report>
				<misses>988600001</misses>
				<total>0</total>
				<timestamp>6280.014745</timestamp>
			</report>
			<report>
				<misses>988700001</misses>
				<total>0</total>
				<timestamp>6280.650085</timestamp>
			</report>
			<report>
				<misses>988800001</misses>
				<total>0</total>
				<timestamp>6281.285951</timestamp>
			</report>
			<report>
				<misses>988900001</misses>
				<total>0</total>
				<timestamp>6281.921371</timestamp>
			</report>
			<report>
				<misses>989000001</misses>
				<total>0</total>
				<timestamp>6282.556569</timestamp>
			</report>
			<report>
				<misses>989100001</misses>
				<total>0</total>
				<timestamp>6283.191244</timestamp>
			</report>
			<report>
				<misses>989200001</misses>
				<total>0</total>
				<timestamp>6283.827497</timestamp>
			</report>
			<report>
				<misses>989300001</misses>
				<total>0</total>
				<timestamp>6284.462362</timestamp>
			</report>
			<report>
				<misses>989400001</misses>
				<total>0</total>
				<timestamp>6285.096576</timestamp>
			</report>
			<report>
				<misses>989500001</misses>
				<total>0</total>
				<timestamp>6285.731005</timestamp>
			</report>
			<report>
				<misses>989600001</misses>
				<total>0</total>
				<timestamp>6286.363966</timestamp>
			</report>
			<report>
				<misses>989700001</misses>
				<total>0</total>
				<timestamp>6286.997111</timestamp>
			</report>
			<report>
				<misses>989800001</misses>
				<total>0</total>
				<timestamp>6287.630638</timestamp>
			</report>
			<report>
				<misses>989900001</misses>
				<total>0</total>
				<timestamp>6288.264074</timestamp>
			</report>
			<report>
				<misses>990000001</misses>
				<total>0</total>
				<timestamp>6288.900026</timestamp>
			</report>
			<report>
				<misses>990100001</misses>
				<total>0</total>
				<timestamp>6289.534251</timestamp>
			</report>
			<report>
				<misses>990200001</misses>
				<total>0</total>
				<timestamp>6290.168165</timestamp>
			</report>
			<report>
				<misses>990300001</misses>
				<total>0</total>
				<timestamp>6290.802123</timestamp>
			</report>
			<report>
				<misses>990400001</misses>
				<total>0</total>
				<timestamp>6291.435853</timestamp>
			</report>
			<report>
				<misses>990500001</misses>
				<total>0</total>
				<timestamp>6292.069545</timestamp>
			</report>
			<report>
				<misses>990600001</misses>
				<total>0</total>
				<timestamp>6292.703538</timestamp>
			</report>
			<report>
				<misses>990700001</misses>
				<total>0</total>
				<timestamp>6293.337664</timestamp>
			</report>
			<report>
				<misses>990800001</misses>
				<total>0</total>
				<timestamp>6293.972573</timestamp>
			</report>
			<report>
				<misses>990900001</misses>
				<total>0</total>
				<timestamp>6294.605938</timestamp>
			</report>
			<report>
				<misses>991000001</misses>
				<total>0</total>
				<timestamp>6295.238942</timestamp>
			</report>
			<report>
				<misses>991100001</misses>
				<total>0</total>
				<timestamp>6295.871852</timestamp>
			</report>
			<report>
				<misses>991200001</misses>
				<total>0</total>
				<timestamp>6296.505719</timestamp>
			</report>
			<report>
				<misses>991300001</misses>
				<total>0</total>
				<timestamp>6297.138964</timestamp>
			</report>
			<report>
				<misses>991400001</misses>
				<total>0</total>
				<timestamp>6297.772049</timestamp>
			</report>
			<report>
				<misses>991500001</misses>
				<total>0</total>
				<timestamp>6298.405569</timestamp>
			</report>
			<report>
				<misses>991600001</misses>
				<total>0</total>
				<timestamp>6299.039089</timestamp>
			</report>
			<report>
				<misses>991700001</misses>
				<total>0</total>
				<timestamp>6299.672559</timestamp>
			</report>
			<report>
				<misses>991800001</misses>
				<total>0</total>
				<timestamp>6300.306025</timestamp>
			</report>
			<report>
				<misses>991900001</misses>
				<total>0</total>
				<timestamp>6300.944339</timestamp>
			</report>
			<report>
				<misses>992000001</misses>
				<total>0</total>
				<timestamp>6301.579009</timestamp>
			</report>
			<report>
				<misses>992100001</misses>
				<total>0</total>
				<timestamp>6302.214426</timestamp>
			</report>
			<report>
				<misses>992200001</misses>
				<total>0</total>
				<timestamp>6302.852066</timestamp>
			</report>
			<report>
				<misses>992300001</misses>
				<total>0</total>
				<timestamp>6303.488060</timestamp>
			</report>
			<report>
				<misses>992400001</misses>
				<total>0</total>
				<timestamp>6304.122499</timestamp>
			</report>
			<report>
				<misses>992500001</misses>
				<total>0</total>
				<timestamp>6304.759949</timestamp>
			</report>
			<report>
				<misses>992600001</misses>
				<total>0</total>
				<timestamp>6305.394148</timestamp>
			</report>
			<report>
				<misses>992700001</misses>
				<total>0</total>
				<timestamp>6306.029628</timestamp>
			</report>
			<report>
				<misses>992800001</misses>
				<total>0</total>
				<timestamp>6306.664147</timestamp>
			</report>
			<report>
				<misses>992900001</misses>
				<total>0</total>
				<timestamp>6307.299826</timestamp>
			</report>
			<report>
				<misses>993000001</misses>
				<total>0</total>
				<timestamp>6307.946771</timestamp>
			</report>
			<report>
				<misses>993100001</misses>
				<total>0</total>
				<timestamp>6308.588854</timestamp>
			</report>
			<report>
				<misses>993200001</misses>
				<total>0</total>
				<timestamp>6309.230239</timestamp>
			</report>
			<report>
				<misses>993300001</misses>
				<total>0</total>
				<timestamp>6309.865484</timestamp>
			</report>
			<report>
				<misses>993400001</misses>
				<total>0</total>
				<timestamp>6310.501377</timestamp>
			</report>
			<report>
				<misses>993500001</misses>
				<total>0</total>
				<timestamp>6311.141383</timestamp>
			</report>
			<report>
				<misses>993600001</misses>
				<total>0</total>
				<timestamp>6311.778362</timestamp>
			</report>
			<report>
				<misses>993700001</misses>
				<total>0</total>
				<timestamp>6312.413901</timestamp>
			</report>
			<report>
				<misses>993800001</misses>
				<total>0</total>
				<timestamp>6313.051203</timestamp>
			</report>
			<report>
				<misses>993900001</misses>
				<total>0</total>
				<timestamp>6313.685405</timestamp>
			</report>
			<report>
				<misses>994000001</misses>
				<total>0</total>
				<timestamp>6314.320350</timestamp>
			</report>
			<report>
				<misses>994100001</misses>
				<total>0</total>
				<timestamp>6314.966477</timestamp>
			</report>
			<report>
				<misses>994200001</misses>
				<total>0</total>
				<timestamp>6315.600351</timestamp>
			</report>
			<report>
				<misses>994300001</misses>
				<total>0</total>
				<timestamp>6316.236254</timestamp>
			</report>
			<report>
				<misses>994400001</misses>
				<total>0</total>
				<timestamp>6316.876246</timestamp>
			</report>
			<report>
				<misses>994500001</misses>
				<total>0</total>
				<timestamp>6317.512473</timestamp>
			</report>
			<report>
				<misses>994600001</misses>
				<total>0</total>
				<timestamp>6318.150124</timestamp>
			</report>
			<report>
				<misses>994700001</misses>
				<total>0</total>
				<timestamp>6318.787117</timestamp>
			</report>
			<report>
				<misses>994800001</misses>
				<total>0</total>
				<timestamp>6319.420890</timestamp>
			</report>
			<report>
				<misses>994900001</misses>
				<total>0</total>
				<timestamp>6320.056656</timestamp>
			</report>
			<report>
				<misses>995000001</misses>
				<total>0</total>
				<timestamp>6320.691096</timestamp>
			</report>
			<report>
				<misses>995100001</misses>
				<total>0</total>
				<timestamp>6321.327023</timestamp>
			</report>
			<report>
				<misses>995200001</misses>
				<total>0</total>
				<timestamp>6321.960683</timestamp>
			</report>
			<report>
				<misses>995300001</misses>
				<total>0</total>
				<timestamp>6322.596742</timestamp>
			</report>
			<report>
				<misses>995400001</misses>
				<total>0</total>
				<timestamp>6323.233651</timestamp>
			</report>
			<report>
				<misses>995500001</misses>
				<total>0</total>
				<timestamp>6323.867764</timestamp>
			</report>
			<report>
				<misses>995600001</misses>
				<total>0</total>
				<timestamp>6324.504046</timestamp>
			</report>
			<report>
				<misses>995700001</misses>
				<total>0</total>
				<timestamp>6325.158887</timestamp>
			</report>
			<report>
				<misses>995800001</misses>
				<total>0</total>
				<timestamp>6325.795055</timestamp>
			</report>
			<report>
				<misses>995900001</misses>
				<total>0</total>
				<timestamp>6326.428535</timestamp>
			</report>
			<report>
				<misses>996000001</misses>
				<total>0</total>
				<timestamp>6327.070140</timestamp>
			</report>
			<report>
				<misses>996100001</misses>
				<total>0</total>
				<timestamp>6327.704530</timestamp>
			</report>
			<report>
				<misses>996200001</misses>
				<total>0</total>
				<timestamp>6328.338876</timestamp>
			</report>
			<report>
				<misses>996300001</misses>
				<total>0</total>
				<timestamp>6328.974802</timestamp>
			</report>
			<report>
				<misses>996400001</misses>
				<total>0</total>
				<timestamp>6329.609493</timestamp>
			</report>
			<report>
				<misses>996500001</misses>
				<total>0</total>
				<timestamp>6330.245367</timestamp>
			</report>
			<report>
				<misses>996600001</misses>
				<total>0</total>
				<timestamp>6330.880599</timestamp>
			</report>
			<report>
				<misses>996700001</misses>
				<total>0</total>
				<timestamp>6331.519356</timestamp>
			</report>
			<report>
				<misses>996800001</misses>
				<total>0</total>
				<timestamp>6332.154345</timestamp>
			</report>
			<report>
				<misses>996900001</misses>
				<total>0</total>
				<timestamp>6332.789545</timestamp>
			</report>
			<report>
				<misses>997000001</misses>
				<total>0</total>
				<timestamp>6333.426598</timestamp>
			</report>
			<report>
				<misses>997100001</misses>
				<total>0</total>
				<timestamp>6334.062013</timestamp>
			</report>
			<report>
				<misses>997200001</misses>
				<total>0</total>
				<timestamp>6334.699088</timestamp>
			</report>
			<report>
				<misses>997300001</misses>
				<total>0</total>
				<timestamp>6335.334505</timestamp>
			</report>
			<report>
				<misses>997400001</misses>
				<total>0</total>
				<timestamp>6335.972129</timestamp>
			</report>
			<report>
				<misses>997500001</misses>
				<total>0</total>
				<timestamp>6336.608058</timestamp>
			</report>
			<report>
				<misses>997600001</misses>
				<total>0</total>
				<timestamp>6337.244412</timestamp>
			</report>
			<report>
				<misses>997700001</misses>
				<total>0</total>
				<timestamp>6337.881909</timestamp>
			</report>
			<report>
				<misses>997800001</misses>
				<total>0</total>
				<timestamp>6338.516937</timestamp>
			</report>
			<report>
				<misses>997900001</misses>
				<total>0</total>
				<timestamp>6339.152058</timestamp>
			</report>
			<report>
				<misses>998000001</misses>
				<total>0</total>
				<timestamp>6339.786769</timestamp>
			</report>
			<report>
				<misses>998100001</misses>
				<total>0</total>
				<timestamp>6340.420556</timestamp>
			</report>
			<report>
				<misses>998200001</misses>
				<total>0</total>
				<timestamp>6341.057510</timestamp>
			</report>
			<report>
				<misses>998300001</misses>
				<total>0</total>
				<timestamp>6341.692417</timestamp>
			</report>
			<report>
				<misses>998400001</misses>
				<total>0</total>
				<timestamp>6342.328230</timestamp>
			</report>
			<report>
				<misses>998500001</misses>
				<total>0</total>
				<timestamp>6342.975238</timestamp>
			</report>
			<report>
				<misses>998600001</misses>
				<total>0</total>
				<timestamp>6343.609187</timestamp>
			</report>
			<report>
				<misses>998700001</misses>
				<total>0</total>
				<timestamp>6344.243829</timestamp>
			</report>
			<report>
				<misses>998800001</misses>
				<total>0</total>
				<timestamp>6344.878541</timestamp>
			</report>
			<report>
				<misses>998900001</misses>
				<total>0</total>
				<timestamp>6345.513856</timestamp>
			</report>
			<report>
				<misses>999000001</misses>
				<total>0</total>
				<timestamp>6346.149261</timestamp>
			</report>
			<report>
				<misses>999100001</misses>
				<total>0</total>
				<timestamp>6346.783665</timestamp>
			</report>
			<report>
				<misses>999200001</misses>
				<total>0</total>
				<timestamp>6347.419812</timestamp>
			</report>
			<report>
				<misses>999300001</misses>
				<total>0</total>
				<timestamp>6348.056742</timestamp>
			</report>
			<report>
				<misses>999400001</misses>
				<total>0</total>
				<timestamp>6348.690892</timestamp>
			</report>
			<report>
				<misses>999500001</misses>
				<total>0</total>
				<timestamp>6349.326383</timestamp>
			</report>
			<report>
				<misses>999600001</misses>
				<total>0</total>
				<timestamp>6349.962821</timestamp>
			</report>
			<report>
				<misses>999700001</misses>
				<total>0</total>
				<timestamp>6350.598514</timestamp>
			</report>
			<report>
				<misses>999800001</misses>
				<total>0</total>
				<timestamp>6351.233111</timestamp>
			</report>
			<report>
				<misses>999900001</misses>
				<total>0</total>
				<timestamp>6351.868946</timestamp>
			</report>
			<report>
				<misses>1000000001</misses>
				<total>0</total>
				<timestamp>6352.503055</timestamp>
			</report>
			<report>
				<misses>1000100001</misses>
				<total>0</total>
				<timestamp>6353.137617</timestamp>
			</report>
			<report>
				<misses>1000200001</misses>
				<total>0</total>
				<timestamp>6353.772691</timestamp>
			</report>
			<report>
				<misses>1000300001</misses>
				<total>0</total>
				<timestamp>6354.406701</timestamp>
			</report>
			<report>
				<misses>1000400001</misses>
				<total>0</total>
				<timestamp>6355.043344</timestamp>
			</report>
			<report>
				<misses>1000500001</misses>
				<total>0</total>
				<timestamp>6355.679052</timestamp>
			</report>
			<report>
				<misses>1000600001</misses>
				<total>0</total>
				<timestamp>6356.313143</timestamp>
			</report>
			<report>
				<misses>1000700001</misses>
				<total>0</total>
				<timestamp>6356.947756</timestamp>
			</report>
			<report>
				<misses>1000800001</misses>
				<total>0</total>
				<timestamp>6357.584264</timestamp>
			</report>
			<report>
				<misses>1000900001</misses>
				<total>0</total>
				<timestamp>6358.219097</timestamp>
			</report>
			<report>
				<misses>1001000001</misses>
				<total>0</total>
				<timestamp>6358.857761</timestamp>
			</report>
			<report>
				<misses>1001100001</misses>
				<total>0</total>
				<timestamp>6359.492187</timestamp>
			</report>
			<report>
				<misses>1001200001</misses>
				<total>0</total>
				<timestamp>6360.127117</timestamp>
			</report>
			<report>
				<misses>1001300001</misses>
				<total>0</total>
				<timestamp>6360.766173</timestamp>
			</report>
			<report>
				<misses>1001400001</misses>
				<total>0</total>
				<timestamp>6361.401506</timestamp>
			</report>
			<report>
				<misses>1001500001</misses>
				<total>0</total>
				<timestamp>6362.035979</timestamp>
			</report>
			<report>
				<misses>1001600001</misses>
				<total>0</total>
				<timestamp>6362.670677</timestamp>
			</report>
			<report>
				<misses>1001700001</misses>
				<total>0</total>
				<timestamp>6363.306717</timestamp>
			</report>
			<report>
				<misses>1001800001</misses>
				<total>0</total>
				<timestamp>6363.942318</timestamp>
			</report>
			<report>
				<misses>1001900001</misses>
				<total>0</total>
				<timestamp>6364.576245</timestamp>
			</report>
			<report>
				<misses>1002000001</misses>
				<total>0</total>
				<timestamp>6365.212324</timestamp>
			</report>
			<report>
				<misses>1002100001</misses>
				<total>0</total>
				<timestamp>6365.850979</timestamp>
			</report>
			<report>
				<misses>1002200001</misses>
				<total>0</total>
				<timestamp>6366.487725</timestamp>
			</report>
			<report>
				<misses>1002300001</misses>
				<total>0</total>
				<timestamp>6367.123819</timestamp>
			</report>
			<report>
				<misses>1002400001</misses>
				<total>0</total>
				<timestamp>6367.760547</timestamp>
			</report>
			<report>
				<misses>1002500001</misses>
				<total>0</total>
				<timestamp>6368.394752</timestamp>
			</report>
			<report>
				<misses>1002600001</misses>
				<total>0</total>
				<timestamp>6369.030401</timestamp>
			</report>
			<report>
				<misses>1002700001</misses>
				<total>0</total>
				<timestamp>6369.665413</timestamp>
			</report>
			<report>
				<misses>1002800001</misses>
				<total>0</total>
				<timestamp>6370.299516</timestamp>
			</report>
			<report>
				<misses>1002900001</misses>
				<total>0</total>
				<timestamp>6370.934332</timestamp>
			</report>
			<report>
				<misses>1003000001</misses>
				<total>0</total>
				<timestamp>6371.568854</timestamp>
			</report>
			<report>
				<misses>1003100001</misses>
				<total>0</total>
				<timestamp>6372.209075</timestamp>
			</report>
			<report>
				<misses>1003200001</misses>
				<total>0</total>
				<timestamp>6372.843136</timestamp>
			</report>
			<report>
				<misses>1003300001</misses>
				<total>0</total>
				<timestamp>6373.478342</timestamp>
			</report>
			<report>
				<misses>1003400001</misses>
				<total>0</total>
				<timestamp>6374.116760</timestamp>
			</report>
			<report>
				<misses>1003500001</misses>
				<total>0</total>
				<timestamp>6374.751436</timestamp>
			</report>
			<report>
				<misses>1003600001</misses>
				<total>0</total>
				<timestamp>6375.387043</timestamp>
			</report>
			<report>
				<misses>1003700001</misses>
				<total>0</total>
				<timestamp>6376.022132</timestamp>
			</report>
			<report>
				<misses>1003800001</misses>
				<total>0</total>
				<timestamp>6376.656957</timestamp>
			</report>
			<report>
				<misses>1003900001</misses>
				<total>0</total>
				<timestamp>6377.295127</timestamp>
			</report>
			<report>
				<misses>1004000001</misses>
				<total>0</total>
				<timestamp>6377.930168</timestamp>
			</report>
			<report>
				<misses>1004100001</misses>
				<total>0</total>
				<timestamp>6378.566959</timestamp>
			</report>
			<report>
				<misses>1004200001</misses>
				<total>0</total>
				<timestamp>6379.203480</timestamp>
			</report>
			<report>
				<misses>1004300001</misses>
				<total>0</total>
				<timestamp>6379.841583</timestamp>
			</report>
			<report>
				<misses>1004400001</misses>
				<total>0</total>
				<timestamp>6380.477671</timestamp>
			</report>
			<report>
				<misses>1004500001</misses>
				<total>0</total>
				<timestamp>6381.116135</timestamp>
			</report>
			<report>
				<misses>1004600001</misses>
				<total>0</total>
				<timestamp>6381.751436</timestamp>
			</report>
			<report>
				<misses>1004700001</misses>
				<total>0</total>
				<timestamp>6382.386804</timestamp>
			</report>
			<report>
				<misses>1004800001</misses>
				<total>0</total>
				<timestamp>6383.025943</timestamp>
			</report>
			<report>
				<misses>1004900001</misses>
				<total>0</total>
				<timestamp>6383.661223</timestamp>
			</report>
			<report>
				<misses>1005000001</misses>
				<total>0</total>
				<timestamp>6384.296611</timestamp>
			</report>
			<report>
				<misses>1005100001</misses>
				<total>0</total>
				<timestamp>6384.942562</timestamp>
			</report>
			<report>
				<misses>1005200001</misses>
				<total>0</total>
				<timestamp>6385.576451</timestamp>
			</report>
			<report>
				<misses>1005300001</misses>
				<total>0</total>
				<timestamp>6386.214791</timestamp>
			</report>
			<report>
				<misses>1005400001</misses>
				<total>0</total>
				<timestamp>6386.849911</timestamp>
			</report>
			<report>
				<misses>1005500001</misses>
				<total>0</total>
				<timestamp>6387.484520</timestamp>
			</report>
			<report>
				<misses>1005600001</misses>
				<total>0</total>
				<timestamp>6388.122553</timestamp>
			</report>
			<report>
				<misses>1005700001</misses>
				<total>0</total>
				<timestamp>6388.759122</timestamp>
			</report>
			<report>
				<misses>1005800001</misses>
				<total>0</total>
				<timestamp>6389.394751</timestamp>
			</report>
			<report>
				<misses>1005900001</misses>
				<total>0</total>
				<timestamp>6390.031521</timestamp>
			</report>
			<report>
				<misses>1006000001</misses>
				<total>0</total>
				<timestamp>6390.668271</timestamp>
			</report>
			<report>
				<misses>1006100001</misses>
				<total>0</total>
				<timestamp>6391.318168</timestamp>
			</report>
			<report>
				<misses>1006200001</misses>
				<total>0</total>
				<timestamp>6391.952334</timestamp>
			</report>
			<report>
				<misses>1006300001</misses>
				<total>0</total>
				<timestamp>6392.586345</timestamp>
			</report>
			<report>
				<misses>1006400001</misses>
				<total>0</total>
				<timestamp>6393.243431</timestamp>
			</report>
			<report>
				<misses>1006500001</misses>
				<total>0</total>
				<timestamp>6393.879884</timestamp>
			</report>
			<report>
				<misses>1006600001</misses>
				<total>0</total>
				<timestamp>6394.515713</timestamp>
			</report>
			<report>
				<misses>1006700001</misses>
				<total>0</total>
				<timestamp>6395.187779</timestamp>
			</report>
			<report>
				<misses>1006800001</misses>
				<total>0</total>
				<timestamp>6395.824822</timestamp>
			</report>
			<report>
				<misses>1006900001</misses>
				<total>0</total>
				<timestamp>6396.459628</timestamp>
			</report>
			<report>
				<misses>1007000001</misses>
				<total>0</total>
				<timestamp>6397.096481</timestamp>
			</report>
			<report>
				<misses>1007100001</misses>
				<total>0</total>
				<timestamp>6397.732363</timestamp>
			</report>
			<report>
				<misses>1007200001</misses>
				<total>0</total>
				<timestamp>6398.369029</timestamp>
			</report>
			<report>
				<misses>1007300001</misses>
				<total>0</total>
				<timestamp>6399.008051</timestamp>
			</report>
			<report>
				<misses>1007400001</misses>
				<total>0</total>
				<timestamp>6399.642413</timestamp>
			</report>
			<report>
				<misses>1007500001</misses>
				<total>0</total>
				<timestamp>6400.277104</timestamp>
			</report>
			<report>
				<misses>1007600001</misses>
				<total>0</total>
				<timestamp>6400.920446</timestamp>
			</report>
			<report>
				<misses>1007700001</misses>
				<total>0</total>
				<timestamp>6401.554885</timestamp>
			</report>
			<report>
				<misses>1007800001</misses>
				<total>0</total>
				<timestamp>6402.190574</timestamp>
			</report>
			<report>
				<misses>1007900001</misses>
				<total>0</total>
				<timestamp>6402.827493</timestamp>
			</report>
			<report>
				<misses>1008000001</misses>
				<total>0</total>
				<timestamp>6403.463313</timestamp>
			</report>
			<report>
				<misses>1008100001</misses>
				<total>0</total>
				<timestamp>6404.101319</timestamp>
			</report>
			<report>
				<misses>1008200001</misses>
				<total>0</total>
				<timestamp>6404.735988</timestamp>
			</report>
			<report>
				<misses>1008300001</misses>
				<total>0</total>
				<timestamp>6405.370036</timestamp>
			</report>
			<report>
				<misses>1008400001</misses>
				<total>0</total>
				<timestamp>6406.005340</timestamp>
			</report>
			<report>
				<misses>1008500001</misses>
				<total>0</total>
				<timestamp>6406.640857</timestamp>
			</report>
			<report>
				<misses>1008600001</misses>
				<total>0</total>
				<timestamp>6407.275420</timestamp>
			</report>
			<report>
				<misses>1008700001</misses>
				<total>0</total>
				<timestamp>6407.920336</timestamp>
			</report>
			<report>
				<misses>1008800001</misses>
				<total>0</total>
				<timestamp>6408.554351</timestamp>
			</report>
			<report>
				<misses>1008900001</misses>
				<total>0</total>
				<timestamp>6409.193272</timestamp>
			</report>
			<report>
				<misses>1009000001</misses>
				<total>0</total>
				<timestamp>6409.828260</timestamp>
			</report>
			<report>
				<misses>1009100001</misses>
				<total>0</total>
				<timestamp>6410.463067</timestamp>
			</report>
			<report>
				<misses>1009200001</misses>
				<total>0</total>
				<timestamp>6411.098173</timestamp>
			</report>
			<report>
				<misses>1009300001</misses>
				<total>0</total>
				<timestamp>6411.734336</timestamp>
			</report>
			<report>
				<misses>1009400001</misses>
				<total>0</total>
				<timestamp>6412.369053</timestamp>
			</report>
			<report>
				<misses>1009500001</misses>
				<total>0</total>
				<timestamp>6413.004284</timestamp>
			</report>
			<report>
				<misses>1009600001</misses>
				<total>0</total>
				<timestamp>6413.639588</timestamp>
			</report>
			<report>
				<misses>1009700001</misses>
				<total>0</total>
				<timestamp>6414.274211</timestamp>
			</report>
			<report>
				<misses>1009800001</misses>
				<total>0</total>
				<timestamp>6414.911443</timestamp>
			</report>
			<report>
				<misses>1009900001</misses>
				<total>0</total>
				<timestamp>6415.545127</timestamp>
			</report>
			<report>
				<misses>1010000001</misses>
				<total>0</total>
				<timestamp>6416.183521</timestamp>
			</report>
			<report>
				<misses>1010100001</misses>
				<total>0</total>
				<timestamp>6416.817194</timestamp>
			</report>
			<report>
				<misses>1010200001</misses>
				<total>0</total>
				<timestamp>6417.452360</timestamp>
			</report>
			<report>
				<misses>1010300001</misses>
				<total>0</total>
				<timestamp>6418.099249</timestamp>
			</report>
			<report>
				<misses>1010400001</misses>
				<total>0</total>
				<timestamp>6418.733020</timestamp>
			</report>
			<report>
				<misses>1010500001</misses>
				<total>0</total>
				<timestamp>6419.367351</timestamp>
			</report>
			<report>
				<misses>1010600001</misses>
				<total>0</total>
				<timestamp>6420.001087</timestamp>
			</report>
			<report>
				<misses>1010700001</misses>
				<total>0</total>
				<timestamp>6420.634231</timestamp>
			</report>
			<report>
				<misses>1010800001</misses>
				<total>0</total>
				<timestamp>6421.269629</timestamp>
			</report>
			<report>
				<misses>1010900001</misses>
				<total>0</total>
				<timestamp>6421.903018</timestamp>
			</report>
			<report>
				<misses>1011000001</misses>
				<total>0</total>
				<timestamp>6422.536411</timestamp>
			</report>
			<report>
				<misses>1011100001</misses>
				<total>0</total>
				<timestamp>6423.174317</timestamp>
			</report>
			<report>
				<misses>1011200001</misses>
				<total>0</total>
				<timestamp>6423.809977</timestamp>
			</report>
			<report>
				<misses>1011300001</misses>
				<total>0</total>
				<timestamp>6424.446607</timestamp>
			</report>
			<report>
				<misses>1011400001</misses>
				<total>0</total>
				<timestamp>6425.081791</timestamp>
			</report>
			<report>
				<misses>1011500001</misses>
				<total>0</total>
				<timestamp>6425.717006</timestamp>
			</report>
			<report>
				<misses>1011600001</misses>
				<total>0</total>
				<timestamp>6426.354976</timestamp>
			</report>
			<report>
				<misses>1011700001</misses>
				<total>0</total>
				<timestamp>6426.990197</timestamp>
			</report>
			<report>
				<misses>1011800001</misses>
				<total>0</total>
				<timestamp>6427.625139</timestamp>
			</report>
			<report>
				<misses>1011900001</misses>
				<total>0</total>
				<timestamp>6428.259218</timestamp>
			</report>
			<report>
				<misses>1012000001</misses>
				<total>0</total>
				<timestamp>6428.894980</timestamp>
			</report>
			<report>
				<misses>1012100001</misses>
				<total>0</total>
				<timestamp>6429.529952</timestamp>
			</report>
			<report>
				<misses>1012200001</misses>
				<total>0</total>
				<timestamp>6430.169393</timestamp>
			</report>
			<report>
				<misses>1012300001</misses>
				<total>0</total>
				<timestamp>6430.804034</timestamp>
			</report>
			<report>
				<misses>1012400001</misses>
				<total>0</total>
				<timestamp>6431.438953</timestamp>
			</report>
			<report>
				<misses>1012500001</misses>
				<total>0</total>
				<timestamp>6432.073254</timestamp>
			</report>
			<report>
				<misses>1012600001</misses>
				<total>0</total>
				<timestamp>6432.706593</timestamp>
			</report>
			<report>
				<misses>1012700001</misses>
				<total>0</total>
				<timestamp>6433.342063</timestamp>
			</report>
			<report>
				<misses>1012800001</misses>
				<total>0</total>
				<timestamp>6433.978058</timestamp>
			</report>
			<report>
				<misses>1012900001</misses>
				<total>0</total>
				<timestamp>6434.613661</timestamp>
			</report>
			<report>
				<misses>1013000001</misses>
				<total>0</total>
				<timestamp>6435.251255</timestamp>
			</report>
			<report>
				<misses>1013100001</misses>
				<total>0</total>
				<timestamp>6435.894109</timestamp>
			</report>
			<report>
				<misses>1013200001</misses>
				<total>0</total>
				<timestamp>6436.527505</timestamp>
			</report>
			<report>
				<misses>1013300001</misses>
				<total>0</total>
				<timestamp>6437.162006</timestamp>
			</report>
			<report>
				<misses>1013400001</misses>
				<total>0</total>
				<timestamp>6437.797370</timestamp>
			</report>
			<report>
				<misses>1013500001</misses>
				<total>0</total>
				<timestamp>6438.430900</timestamp>
			</report>
			<report>
				<misses>1013600001</misses>
				<total>0</total>
				<timestamp>6439.063941</timestamp>
			</report>
			<report>
				<misses>1013700001</misses>
				<total>0</total>
				<timestamp>6439.699244</timestamp>
			</report>
			<report>
				<misses>1013800001</misses>
				<total>0</total>
				<timestamp>6440.333576</timestamp>
			</report>
			<report>
				<misses>1013900001</misses>
				<total>0</total>
				<timestamp>6440.967914</timestamp>
			</report>
			<report>
				<misses>1014000001</misses>
				<total>0</total>
				<timestamp>6441.601923</timestamp>
			</report>
			<report>
				<misses>1014100001</misses>
				<total>0</total>
				<timestamp>6442.234477</timestamp>
			</report>
			<report>
				<misses>1014200001</misses>
				<total>0</total>
				<timestamp>6442.871037</timestamp>
			</report>
			<report>
				<misses>1014300001</misses>
				<total>0</total>
				<timestamp>6443.504692</timestamp>
			</report>
			<report>
				<misses>1014400001</misses>
				<total>0</total>
				<timestamp>6444.139665</timestamp>
			</report>
			<report>
				<misses>1014500001</misses>
				<total>0</total>
				<timestamp>6444.773821</timestamp>
			</report>
			<report>
				<misses>1014600001</misses>
				<total>0</total>
				<timestamp>6445.408262</timestamp>
			</report>
			<report>
				<misses>1014700001</misses>
				<total>0</total>
				<timestamp>6446.041672</timestamp>
			</report>
			<report>
				<misses>1014800001</misses>
				<total>0</total>
				<timestamp>6446.674649</timestamp>
			</report>
			<report>
				<misses>1014900001</misses>
				<total>0</total>
				<timestamp>6447.309471</timestamp>
			</report>
			<report>
				<misses>1015000001</misses>
				<total>0</total>
				<timestamp>6447.944156</timestamp>
			</report>
			<report>
				<misses>1015100001</misses>
				<total>0</total>
				<timestamp>6448.577045</timestamp>
			</report>
			<report>
				<misses>1015200001</misses>
				<total>0</total>
				<timestamp>6449.230645</timestamp>
			</report>
			<report>
				<misses>1015300001</misses>
				<total>0</total>
				<timestamp>6449.863277</timestamp>
			</report>
			<report>
				<misses>1015400001</misses>
				<total>0</total>
				<timestamp>6450.497552</timestamp>
			</report>
			<report>
				<misses>1015500001</misses>
				<total>0</total>
				<timestamp>6451.131909</timestamp>
			</report>
			<report>
				<misses>1015600001</misses>
				<total>0</total>
				<timestamp>6451.765094</timestamp>
			</report>
			<report>
				<misses>1015700001</misses>
				<total>0</total>
				<timestamp>6452.399253</timestamp>
			</report>
			<report>
				<misses>1015800001</misses>
				<total>0</total>
				<timestamp>6453.033020</timestamp>
			</report>
			<report>
				<misses>1015900001</misses>
				<total>0</total>
				<timestamp>6453.666618</timestamp>
			</report>
			<report>
				<misses>1016000001</misses>
				<total>0</total>
				<timestamp>6454.300727</timestamp>
			</report>
			<report>
				<misses>1016100001</misses>
				<total>0</total>
				<timestamp>6454.937254</timestamp>
			</report>
			<report>
				<misses>1016200001</misses>
				<total>0</total>
				<timestamp>6455.571099</timestamp>
			</report>
			<report>
				<misses>1016300001</misses>
				<total>0</total>
				<timestamp>6456.204597</timestamp>
			</report>
			<report>
				<misses>1016400001</misses>
				<total>0</total>
				<timestamp>6456.838599</timestamp>
			</report>
			<report>
				<misses>1016500001</misses>
				<total>0</total>
				<timestamp>6457.472521</timestamp>
			</report>
			<report>
				<misses>1016600001</misses>
				<total>0</total>
				<timestamp>6458.107165</timestamp>
			</report>
			<report>
				<misses>1016700001</misses>
				<total>0</total>
				<timestamp>6458.741196</timestamp>
			</report>
			<report>
				<misses>1016800001</misses>
				<total>0</total>
				<timestamp>6459.375419</timestamp>
			</report>
			<report>
				<misses>1016900001</misses>
				<total>0</total>
				<timestamp>6460.010193</timestamp>
			</report>
			<report>
				<misses>1017000001</misses>
				<total>0</total>
				<timestamp>6460.644586</timestamp>
			</report>
			<report>
				<misses>1017100001</misses>
				<total>0</total>
				<timestamp>6461.280650</timestamp>
			</report>
			<report>
				<misses>1017200001</misses>
				<total>0</total>
				<timestamp>6461.918769</timestamp>
			</report>
			<report>
				<misses>1017300001</misses>
				<total>0</total>
				<timestamp>6462.553034</timestamp>
			</report>
			<report>
				<misses>1017400001</misses>
				<total>0</total>
				<timestamp>6463.190895</timestamp>
			</report>
			<report>
				<misses>1017500001</misses>
				<total>0</total>
				<timestamp>6463.825047</timestamp>
			</report>
			<report>
				<misses>1017600001</misses>
				<total>0</total>
				<timestamp>6464.460771</timestamp>
			</report>
			<report>
				<misses>1017700001</misses>
				<total>0</total>
				<timestamp>6465.099634</timestamp>
			</report>
			<report>
				<misses>1017800001</misses>
				<total>0</total>
				<timestamp>6465.733667</timestamp>
			</report>
			<report>
				<misses>1017900001</misses>
				<total>0</total>
				<timestamp>6466.368376</timestamp>
			</report>
			<report>
				<misses>1018000001</misses>
				<total>0</total>
				<timestamp>6467.002436</timestamp>
			</report>
			<report>
				<misses>1018100001</misses>
				<total>0</total>
				<timestamp>6467.638846</timestamp>
			</report>
			<report>
				<misses>1018200001</misses>
				<total>0</total>
				<timestamp>6468.274002</timestamp>
			</report>
			<report>
				<misses>1018300001</misses>
				<total>0</total>
				<timestamp>6468.909126</timestamp>
			</report>
			<report>
				<misses>1018400001</misses>
				<total>0</total>
				<timestamp>6469.544817</timestamp>
			</report>
			<report>
				<misses>1018500001</misses>
				<total>0</total>
				<timestamp>6470.180632</timestamp>
			</report>
			<report>
				<misses>1018600001</misses>
				<total>0</total>
				<timestamp>6470.817207</timestamp>
			</report>
			<report>
				<misses>1018700001</misses>
				<total>0</total>
				<timestamp>6471.452464</timestamp>
			</report>
			<report>
				<misses>1018800001</misses>
				<total>0</total>
				<timestamp>6472.089353</timestamp>
			</report>
			<report>
				<misses>1018900001</misses>
				<total>0</total>
				<timestamp>6472.725016</timestamp>
			</report>
			<report>
				<misses>1019000001</misses>
				<total>0</total>
				<timestamp>6473.360249</timestamp>
			</report>
			<report>
				<misses>1019100001</misses>
				<total>0</total>
				<timestamp>6473.994280</timestamp>
			</report>
			<report>
				<misses>1019200001</misses>
				<total>0</total>
				<timestamp>6474.628571</timestamp>
			</report>
			<report>
				<misses>1019300001</misses>
				<total>0</total>
				<timestamp>6475.264291</timestamp>
			</report>
			<report>
				<misses>1019400001</misses>
				<total>0</total>
				<timestamp>6475.898750</timestamp>
			</report>
			<report>
				<misses>1019500001</misses>
				<total>0</total>
				<timestamp>6476.533700</timestamp>
			</report>
			<report>
				<misses>1019600001</misses>
				<total>0</total>
				<timestamp>6477.168618</timestamp>
			</report>
			<report>
				<misses>1019700001</misses>
				<total>0</total>
				<timestamp>6477.803152</timestamp>
			</report>
			<report>
				<misses>1019800001</misses>
				<total>0</total>
				<timestamp>6478.437888</timestamp>
			</report>
			<report>
				<misses>1019900001</misses>
				<total>0</total>
				<timestamp>6479.071966</timestamp>
			</report>
			<report>
				<misses>1020000001</misses>
				<total>0</total>
				<timestamp>6479.706918</timestamp>
			</report>
			<report>
				<misses>1020100001</misses>
				<total>0</total>
				<timestamp>6480.341782</timestamp>
			</report>
			<report>
				<misses>1020200001</misses>
				<total>0</total>
				<timestamp>6480.976486</timestamp>
			</report>
			<report>
				<misses>1020300001</misses>
				<total>0</total>
				<timestamp>6481.611491</timestamp>
			</report>
			<report>
				<misses>1020400001</misses>
				<total>0</total>
				<timestamp>6482.246068</timestamp>
			</report>
			<report>
				<misses>1020500001</misses>
				<total>0</total>
				<timestamp>6482.880539</timestamp>
			</report>
			<report>
				<misses>1020600001</misses>
				<total>0</total>
				<timestamp>6483.514775</timestamp>
			</report>
			<report>
				<misses>1020700001</misses>
				<total>0</total>
				<timestamp>6484.149178</timestamp>
			</report>
			<report>
				<misses>1020800001</misses>
				<total>0</total>
				<timestamp>6484.784637</timestamp>
			</report>
			<report>
				<misses>1020900001</misses>
				<total>0</total>
				<timestamp>6485.420243</timestamp>
			</report>
			<report>
				<misses>1021000001</misses>
				<total>0</total>
				<timestamp>6486.054891</timestamp>
			</report>
			<report>
				<misses>1021100001</misses>
				<total>0</total>
				<timestamp>6486.689383</timestamp>
			</report>
			<report>
				<misses>1021200001</misses>
				<total>0</total>
				<timestamp>6487.323532</timestamp>
			</report>
			<report>
				<misses>1021300001</misses>
				<total>0</total>
				<timestamp>6487.957816</timestamp>
			</report>
			<report>
				<misses>1021400001</misses>
				<total>0</total>
				<timestamp>6488.594011</timestamp>
			</report>
			<report>
				<misses>1021500001</misses>
				<total>0</total>
				<timestamp>6489.228003</timestamp>
			</report>
			<report>
				<misses>1021600001</misses>
				<total>0</total>
				<timestamp>6489.864668</timestamp>
			</report>
			<report>
				<misses>1021700001</misses>
				<total>0</total>
				<timestamp>6490.499676</timestamp>
			</report>
			<report>
				<misses>1021800001</misses>
				<total>0</total>
				<timestamp>6491.134458</timestamp>
			</report>
			<report>
				<misses>1021900001</misses>
				<total>0</total>
				<timestamp>6491.768638</timestamp>
			</report>
			<report>
				<misses>1022000001</misses>
				<total>0</total>
				<timestamp>6492.403316</timestamp>
			</report>
			<report>
				<misses>1022100001</misses>
				<total>0</total>
				<timestamp>6493.037918</timestamp>
			</report>
			<report>
				<misses>1022200001</misses>
				<total>0</total>
				<timestamp>6493.673250</timestamp>
			</report>
			<report>
				<misses>1022300001</misses>
				<total>0</total>
				<timestamp>6494.307530</timestamp>
			</report>
			<report>
				<misses>1022400001</misses>
				<total>0</total>
				<timestamp>6494.943213</timestamp>
			</report>
			<report>
				<misses>1022500001</misses>
				<total>0</total>
				<timestamp>6495.576507</timestamp>
			</report>
			<report>
				<misses>1022600001</misses>
				<total>0</total>
				<timestamp>6496.211078</timestamp>
			</report>
			<report>
				<misses>1022700001</misses>
				<total>0</total>
				<timestamp>6496.845071</timestamp>
			</report>
			<report>
				<misses>1022800001</misses>
				<total>0</total>
				<timestamp>6497.479491</timestamp>
			</report>
			<report>
				<misses>1022900001</misses>
				<total>0</total>
				<timestamp>6498.113724</timestamp>
			</report>
			<report>
				<misses>1023000001</misses>
				<total>0</total>
				<timestamp>6498.750924</timestamp>
			</report>
			<report>
				<misses>1023100001</misses>
				<total>0</total>
				<timestamp>6499.385231</timestamp>
			</report>
			<report>
				<misses>1023200001</misses>
				<total>0</total>
				<timestamp>6500.020951</timestamp>
			</report>
			<report>
				<misses>1023300001</misses>
				<total>0</total>
				<timestamp>6500.655026</timestamp>
			</report>
			<report>
				<misses>1023400001</misses>
				<total>0</total>
				<timestamp>6501.289151</timestamp>
			</report>
			<report>
				<misses>1023500001</misses>
				<total>0</total>
				<timestamp>6501.926895</timestamp>
			</report>
			<report>
				<misses>1023600001</misses>
				<total>0</total>
				<timestamp>6502.563234</timestamp>
			</report>
			<report>
				<misses>1023700001</misses>
				<total>0</total>
				<timestamp>6503.199785</timestamp>
			</report>
			<report>
				<misses>1023800001</misses>
				<total>0</total>
				<timestamp>6503.834735</timestamp>
			</report>
			<report>
				<misses>1023900001</misses>
				<total>0</total>
				<timestamp>6504.468964</timestamp>
			</report>
			<report>
				<misses>1024000001</misses>
				<total>0</total>
				<timestamp>6505.107042</timestamp>
			</report>
			<report>
				<misses>1024100001</misses>
				<total>0</total>
				<timestamp>6505.744639</timestamp>
			</report>
			<report>
				<misses>1024200001</misses>
				<total>0</total>
				<timestamp>6506.378748</timestamp>
			</report>
			<report>
				<misses>1024300001</misses>
				<total>0</total>
				<timestamp>6507.013806</timestamp>
			</report>
			<report>
				<misses>1024400001</misses>
				<total>0</total>
				<timestamp>6507.648309</timestamp>
			</report>
			<report>
				<misses>1024500001</misses>
				<total>0</total>
				<timestamp>6508.284113</timestamp>
			</report>
			<report>
				<misses>1024600001</misses>
				<total>0</total>
				<timestamp>6508.918603</timestamp>
			</report>
			<report>
				<misses>1024700001</misses>
				<total>0</total>
				<timestamp>6509.553489</timestamp>
			</report>
			<report>
				<misses>1024800001</misses>
				<total>0</total>
				<timestamp>6510.192328</timestamp>
			</report>
			<report>
				<misses>1024900001</misses>
				<total>0</total>
				<timestamp>6510.827103</timestamp>
			</report>
			<report>
				<misses>1025000001</misses>
				<total>0</total>
				<timestamp>6511.461131</timestamp>
			</report>
			<report>
				<misses>1025100001</misses>
				<total>0</total>
				<timestamp>6512.096172</timestamp>
			</report>
			<report>
				<misses>1025200001</misses>
				<total>0</total>
				<timestamp>6512.730430</timestamp>
			</report>
			<report>
				<misses>1025300001</misses>
				<total>0</total>
				<timestamp>6513.366455</timestamp>
			</report>
			<report>
				<misses>1025400001</misses>
				<total>0</total>
				<timestamp>6514.008903</timestamp>
			</report>
			<report>
				<misses>1025500001</misses>
				<total>0</total>
				<timestamp>6514.645466</timestamp>
			</report>
			<report>
				<misses>1025600001</misses>
				<total>0</total>
				<timestamp>6515.281204</timestamp>
			</report>
			<report>
				<misses>1025700001</misses>
				<total>0</total>
				<timestamp>6515.925129</timestamp>
			</report>
			<report>
				<misses>1025800001</misses>
				<total>0</total>
				<timestamp>6516.561608</timestamp>
			</report>
			<report>
				<misses>1025900001</misses>
				<total>0</total>
				<timestamp>6517.197139</timestamp>
			</report>
			<report>
				<misses>1026000001</misses>
				<total>0</total>
				<timestamp>6517.832165</timestamp>
			</report>
			<report>
				<misses>1026100001</misses>
				<total>0</total>
				<timestamp>6518.465790</timestamp>
			</report>
			<report>
				<misses>1026200001</misses>
				<total>0</total>
				<timestamp>6519.099310</timestamp>
			</report>
			<report>
				<misses>1026300001</misses>
				<total>0</total>
				<timestamp>6519.732981</timestamp>
			</report>
			<report>
				<misses>1026400001</misses>
				<total>0</total>
				<timestamp>6520.367896</timestamp>
			</report>
			<report>
				<misses>1026500001</misses>
				<total>0</total>
				<timestamp>6521.003032</timestamp>
			</report>
			<report>
				<misses>1026600001</misses>
				<total>0</total>
				<timestamp>6521.635773</timestamp>
			</report>
			<report>
				<misses>1026700001</misses>
				<total>0</total>
				<timestamp>6522.270434</timestamp>
			</report>
			<report>
				<misses>1026800001</misses>
				<total>0</total>
				<timestamp>6522.903731</timestamp>
			</report>
			<report>
				<misses>1026900001</misses>
				<total>0</total>
				<timestamp>6523.538319</timestamp>
			</report>
			<report>
				<misses>1027000001</misses>
				<total>0</total>
				<timestamp>6524.173959</timestamp>
			</report>
			<report>
				<misses>1027100001</misses>
				<total>0</total>
				<timestamp>6524.808172</timestamp>
			</report>
			<report>
				<misses>1027200001</misses>
				<total>0</total>
				<timestamp>6525.440672</timestamp>
			</report>
			<report>
				<misses>1027300001</misses>
				<total>0</total>
				<timestamp>6526.075852</timestamp>
			</report>
			<report>
				<misses>1027400001</misses>
				<total>0</total>
				<timestamp>6526.709969</timestamp>
			</report>
			<report>
				<misses>1027500001</misses>
				<total>0</total>
				<timestamp>6527.343202</timestamp>
			</report>
			<report>
				<misses>1027600001</misses>
				<total>0</total>
				<timestamp>6527.975911</timestamp>
			</report>
			<report>
				<misses>1027700001</misses>
				<total>0</total>
				<timestamp>6528.609142</timestamp>
			</report>
			<report>
				<misses>1027800001</misses>
				<total>0</total>
				<timestamp>6529.242635</timestamp>
			</report>
			<report>
				<misses>1027900001</misses>
				<total>0</total>
				<timestamp>6529.875880</timestamp>
			</report>
			<report>
				<misses>1028000001</misses>
				<total>0</total>
				<timestamp>6530.508317</timestamp>
			</report>
			<report>
				<misses>1028100001</misses>
				<total>0</total>
				<timestamp>6531.140997</timestamp>
			</report>
			<report>
				<misses>1028200001</misses>
				<total>0</total>
				<timestamp>6531.773779</timestamp>
			</report>
			<report>
				<misses>1028300001</misses>
				<total>0</total>
				<timestamp>6532.406893</timestamp>
			</report>
			<report>
				<misses>1028400001</misses>
				<total>0</total>
				<timestamp>6533.039980</timestamp>
			</report>
			<report>
				<misses>1028500001</misses>
				<total>0</total>
				<timestamp>6533.674971</timestamp>
			</report>
			<report>
				<misses>1028600001</misses>
				<total>0</total>
				<timestamp>6534.307770</timestamp>
			</report>
			<report>
				<misses>1028700001</misses>
				<total>0</total>
				<timestamp>6534.944372</timestamp>
			</report>
			<report>
				<misses>1028800001</misses>
				<total>0</total>
				<timestamp>6535.577932</timestamp>
			</report>
			<report>
				<misses>1028900001</misses>
				<total>0</total>
				<timestamp>6536.211346</timestamp>
			</report>
			<report>
				<misses>1029000001</misses>
				<total>0</total>
				<timestamp>6536.844778</timestamp>
			</report>
			<report>
				<misses>1029100001</misses>
				<total>0</total>
				<timestamp>6537.478151</timestamp>
			</report>
			<report>
				<misses>1029200001</misses>
				<total>0</total>
				<timestamp>6538.111518</timestamp>
			</report>
			<report>
				<misses>1029300001</misses>
				<total>0</total>
				<timestamp>6538.745919</timestamp>
			</report>
			<report>
				<misses>1029400001</misses>
				<total>0</total>
				<timestamp>6539.379530</timestamp>
			</report>
			<report>
				<misses>1029500001</misses>
				<total>0</total>
				<timestamp>6540.013208</timestamp>
			</report>
			<report>
				<misses>1029600001</misses>
				<total>0</total>
				<timestamp>6540.645566</timestamp>
			</report>
			<report>
				<misses>1029700001</misses>
				<total>0</total>
				<timestamp>6541.277775</timestamp>
			</report>
			<report>
				<misses>1029800001</misses>
				<total>0</total>
				<timestamp>6541.911680</timestamp>
			</report>
			<report>
				<misses>1029900001</misses>
				<total>0</total>
				<timestamp>6542.545544</timestamp>
			</report>
			<report>
				<misses>1030000001</misses>
				<total>0</total>
				<timestamp>6543.180037</timestamp>
			</report>
			<report>
				<misses>1030100001</misses>
				<total>0</total>
				<timestamp>6543.813273</timestamp>
			</report>
			<report>
				<misses>1030200001</misses>
				<total>0</total>
				<timestamp>6544.447325</timestamp>
			</report>
			<report>
				<misses>1030300001</misses>
				<total>0</total>
				<timestamp>6545.081372</timestamp>
			</report>
			<report>
				<misses>1030400001</misses>
				<total>0</total>
				<timestamp>6545.713496</timestamp>
			</report>
			<report>
				<misses>1030500001</misses>
				<total>0</total>
				<timestamp>6546.346643</timestamp>
			</report>
			<report>
				<misses>1030600001</misses>
				<total>0</total>
				<timestamp>6546.980911</timestamp>
			</report>
			<report>
				<misses>1030700001</misses>
				<total>0</total>
				<timestamp>6547.614114</timestamp>
			</report>
			<report>
				<misses>1030800001</misses>
				<total>0</total>
				<timestamp>6548.247897</timestamp>
			</report>
			<report>
				<misses>1030900001</misses>
				<total>0</total>
				<timestamp>6548.882737</timestamp>
			</report>
			<report>
				<misses>1031000001</misses>
				<total>0</total>
				<timestamp>6549.515965</timestamp>
			</report>
			<report>
				<misses>1031100001</misses>
				<total>0</total>
				<timestamp>6550.150486</timestamp>
			</report>
			<report>
				<misses>1031200001</misses>
				<total>0</total>
				<timestamp>6550.784591</timestamp>
			</report>
			<report>
				<misses>1031300001</misses>
				<total>0</total>
				<timestamp>6551.418251</timestamp>
			</report>
			<report>
				<misses>1031400001</misses>
				<total>0</total>
				<timestamp>6552.050755</timestamp>
			</report>
			<report>
				<misses>1031500001</misses>
				<total>0</total>
				<timestamp>6552.685016</timestamp>
			</report>
			<report>
				<misses>1031600001</misses>
				<total>0</total>
				<timestamp>6553.317900</timestamp>
			</report>
			<report>
				<misses>1031700001</misses>
				<total>0</total>
				<timestamp>6553.952946</timestamp>
			</report>
			<report>
				<misses>1031800001</misses>
				<total>0</total>
				<timestamp>6554.588023</timestamp>
			</report>
			<report>
				<misses>1031900001</misses>
				<total>0</total>
				<timestamp>6555.221762</timestamp>
			</report>
			<report>
				<misses>1032000001</misses>
				<total>0</total>
				<timestamp>6555.854950</timestamp>
			</report>
			<report>
				<misses>1032100001</misses>
				<total>0</total>
				<timestamp>6556.488714</timestamp>
			</report>
			<report>
				<misses>1032200001</misses>
				<total>0</total>
				<timestamp>6557.122122</timestamp>
			</report>
			<report>
				<misses>1032300001</misses>
				<total>0</total>
				<timestamp>6557.757101</timestamp>
			</report>
			<report>
				<misses>1032400001</misses>
				<total>0</total>
				<timestamp>6558.389973</timestamp>
			</report>
			<report>
				<misses>1032500001</misses>
				<total>0</total>
				<timestamp>6559.023334</timestamp>
			</report>
			<report>
				<misses>1032600001</misses>
				<total>0</total>
				<timestamp>6559.659538</timestamp>
			</report>
			<report>
				<misses>1032700001</misses>
				<total>0</total>
				<timestamp>6560.293031</timestamp>
			</report>
			<report>
				<misses>1032800001</misses>
				<total>0</total>
				<timestamp>6560.928644</timestamp>
			</report>
			<report>
				<misses>1032900001</misses>
				<total>0</total>
				<timestamp>6561.564708</timestamp>
			</report>
			<report>
				<misses>1033000001</misses>
				<total>0</total>
				<timestamp>6562.199562</timestamp>
			</report>
			<report>
				<misses>1033100001</misses>
				<total>0</total>
				<timestamp>6562.835664</timestamp>
			</report>
			<report>
				<misses>1033200001</misses>
				<total>0</total>
				<timestamp>6563.471116</timestamp>
			</report>
			<report>
				<misses>1033300001</misses>
				<total>0</total>
				<timestamp>6564.106676</timestamp>
			</report>
			<report>
				<misses>1033400001</misses>
				<total>0</total>
				<timestamp>6564.743482</timestamp>
			</report>
			<report>
				<misses>1033500001</misses>
				<total>0</total>
				<timestamp>6565.376363</timestamp>
			</report>
			<report>
				<misses>1033600001</misses>
				<total>0</total>
				<timestamp>6566.008818</timestamp>
			</report>
			<report>
				<misses>1033700001</misses>
				<total>0</total>
				<timestamp>6566.641916</timestamp>
			</report>
			<report>
				<misses>1033800001</misses>
				<total>0</total>
				<timestamp>6567.276144</timestamp>
			</report>
			<report>
				<misses>1033900001</misses>
				<total>0</total>
				<timestamp>6567.909290</timestamp>
			</report>
			<report>
				<misses>1034000001</misses>
				<total>0</total>
				<timestamp>6568.542664</timestamp>
			</report>
			<report>
				<misses>1034100001</misses>
				<total>0</total>
				<timestamp>6569.176674</timestamp>
			</report>
			<report>
				<misses>1034200001</misses>
				<total>0</total>
				<timestamp>6569.809670</timestamp>
			</report>
			<report>
				<misses>1034300001</misses>
				<total>0</total>
				<timestamp>6570.442450</timestamp>
			</report>
			<report>
				<misses>1034400001</misses>
				<total>0</total>
				<timestamp>6571.075216</timestamp>
			</report>
			<report>
				<misses>1034500001</misses>
				<total>0</total>
				<timestamp>6571.708651</timestamp>
			</report>
			<report>
				<misses>1034600001</misses>
				<total>0</total>
				<timestamp>6572.342157</timestamp>
			</report>
			<report>
				<misses>1034700001</misses>
				<total>0</total>
				<timestamp>6572.987072</timestamp>
			</report>
			<report>
				<misses>1034800001</misses>
				<total>0</total>
				<timestamp>6573.620200</timestamp>
			</report>
			<report>
				<misses>1034900001</misses>
				<total>0</total>
				<timestamp>6574.255318</timestamp>
			</report>
			<report>
				<misses>1035000001</misses>
				<total>0</total>
				<timestamp>6574.889251</timestamp>
			</report>
			<report>
				<misses>1035100001</misses>
				<total>0</total>
				<timestamp>6575.522239</timestamp>
			</report>
			<report>
				<misses>1035200001</misses>
				<total>0</total>
				<timestamp>6576.155579</timestamp>
			</report>
			<report>
				<misses>1035300001</misses>
				<total>0</total>
				<timestamp>6576.789059</timestamp>
			</report>
			<report>
				<misses>1035400001</misses>
				<total>0</total>
				<timestamp>6577.422586</timestamp>
			</report>
			<report>
				<misses>1035500001</misses>
				<total>0</total>
				<timestamp>6578.056171</timestamp>
			</report>
			<report>
				<misses>1035600001</misses>
				<total>0</total>
				<timestamp>6578.689877</timestamp>
			</report>
			<report>
				<misses>1035700001</misses>
				<total>0</total>
				<timestamp>6579.323278</timestamp>
			</report>
			<report>
				<misses>1035800001</misses>
				<total>0</total>
				<timestamp>6579.956747</timestamp>
			</report>
			<report>
				<misses>1035900001</misses>
				<total>0</total>
				<timestamp>6580.590058</timestamp>
			</report>
			<report>
				<misses>1036000001</misses>
				<total>0</total>
				<timestamp>6581.223701</timestamp>
			</report>
			<report>
				<misses>1036100001</misses>
				<total>0</total>
				<timestamp>6581.856643</timestamp>
			</report>
			<report>
				<misses>1036200001</misses>
				<total>0</total>
				<timestamp>6582.490585</timestamp>
			</report>
			<report>
				<misses>1036300001</misses>
				<total>0</total>
				<timestamp>6583.124564</timestamp>
			</report>
			<report>
				<misses>1036400001</misses>
				<total>0</total>
				<timestamp>6583.758077</timestamp>
			</report>
			<report>
				<misses>1036500001</misses>
				<total>0</total>
				<timestamp>6584.391324</timestamp>
			</report>
			<report>
				<misses>1036600001</misses>
				<total>0</total>
				<timestamp>6585.024149</timestamp>
			</report>
			<report>
				<misses>1036700001</misses>
				<total>0</total>
				<timestamp>6585.656948</timestamp>
			</report>
			<report>
				<misses>1036800001</misses>
				<total>0</total>
				<timestamp>6586.290001</timestamp>
			</report>
			<report>
				<misses>1036900001</misses>
				<total>0</total>
				<timestamp>6586.927596</timestamp>
			</report>
			<report>
				<misses>1037000001</misses>
				<total>0</total>
				<timestamp>6587.561622</timestamp>
			</report>
			<report>
				<misses>1037100001</misses>
				<total>0</total>
				<timestamp>6588.195706</timestamp>
			</report>
			<report>
				<misses>1037200001</misses>
				<total>0</total>
				<timestamp>6588.831316</timestamp>
			</report>
			<report>
				<misses>1037300001</misses>
				<total>0</total>
				<timestamp>6589.464138</timestamp>
			</report>
			<report>
				<misses>1037400001</misses>
				<total>0</total>
				<timestamp>6590.096851</timestamp>
			</report>
			<report>
				<misses>1037500001</misses>
				<total>0</total>
				<timestamp>6590.731433</timestamp>
			</report>
			<report>
				<misses>1037600001</misses>
				<total>0</total>
				<timestamp>6591.364822</timestamp>
			</report>
			<report>
				<misses>1037700001</misses>
				<total>0</total>
				<timestamp>6592.001134</timestamp>
			</report>
			<report>
				<misses>1037800001</misses>
				<total>0</total>
				<timestamp>6592.634430</timestamp>
			</report>
			<report>
				<misses>1037900001</misses>
				<total>0</total>
				<timestamp>6593.270206</timestamp>
			</report>
			<report>
				<misses>1038000001</misses>
				<total>0</total>
				<timestamp>6593.906866</timestamp>
			</report>
			<report>
				<misses>1038100001</misses>
				<total>0</total>
				<timestamp>6594.539910</timestamp>
			</report>
			<report>
				<misses>1038200001</misses>
				<total>0</total>
				<timestamp>6595.173164</timestamp>
			</report>
			<report>
				<misses>1038300001</misses>
				<total>0</total>
				<timestamp>6595.806757</timestamp>
			</report>
			<report>
				<misses>1038400001</misses>
				<total>0</total>
				<timestamp>6596.440610</timestamp>
			</report>
			<report>
				<misses>1038500001</misses>
				<total>0</total>
				<timestamp>6597.094204</timestamp>
			</report>
			<report>
				<misses>1038600001</misses>
				<total>0</total>
				<timestamp>6597.727145</timestamp>
			</report>
			<report>
				<misses>1038700001</misses>
				<total>0</total>
				<timestamp>6598.360632</timestamp>
			</report>
			<report>
				<misses>1038800001</misses>
				<total>0</total>
				<timestamp>6598.994513</timestamp>
			</report>
			<report>
				<misses>1038900001</misses>
				<total>0</total>
				<timestamp>6599.628116</timestamp>
			</report>
			<report>
				<misses>1039000001</misses>
				<total>0</total>
				<timestamp>6600.261935</timestamp>
			</report>
			<report>
				<misses>1039100001</misses>
				<total>0</total>
				<timestamp>6600.895096</timestamp>
			</report>
			<report>
				<misses>1039200001</misses>
				<total>0</total>
				<timestamp>6601.528606</timestamp>
			</report>
			<report>
				<misses>1039300001</misses>
				<total>0</total>
				<timestamp>6602.162447</timestamp>
			</report>
			<report>
				<misses>1039400001</misses>
				<total>0</total>
				<timestamp>6602.795609</timestamp>
			</report>
			<report>
				<misses>1039500001</misses>
				<total>0</total>
				<timestamp>6603.429322</timestamp>
			</report>
			<report>
				<misses>1039600001</misses>
				<total>0</total>
				<timestamp>6604.063957</timestamp>
			</report>
			<report>
				<misses>1039700001</misses>
				<total>0</total>
				<timestamp>6604.698095</timestamp>
			</report>
			<report>
				<misses>1039800001</misses>
				<total>0</total>
				<timestamp>6605.332537</timestamp>
			</report>
			<report>
				<misses>1039900001</misses>
				<total>0</total>
				<timestamp>6605.966940</timestamp>
			</report>
			<report>
				<misses>1040000001</misses>
				<total>0</total>
				<timestamp>6606.601989</timestamp>
			</report>
			<report>
				<misses>1040100001</misses>
				<total>0</total>
				<timestamp>6607.236869</timestamp>
			</report>
			<report>
				<misses>1040200001</misses>
				<total>0</total>
				<timestamp>6607.871317</timestamp>
			</report>
			<report>
				<misses>1040300001</misses>
				<total>0</total>
				<timestamp>6608.505889</timestamp>
			</report>
			<report>
				<misses>1040400001</misses>
				<total>0</total>
				<timestamp>6609.140587</timestamp>
			</report>
			<report>
				<misses>1040500001</misses>
				<total>0</total>
				<timestamp>6609.777039</timestamp>
			</report>
			<report>
				<misses>1040600001</misses>
				<total>0</total>
				<timestamp>6610.410458</timestamp>
			</report>
			<report>
				<misses>1040700001</misses>
				<total>0</total>
				<timestamp>6611.043709</timestamp>
			</report>
			<report>
				<misses>1040800001</misses>
				<total>0</total>
				<timestamp>6611.676542</timestamp>
			</report>
			<report>
				<misses>1040900001</misses>
				<total>0</total>
				<timestamp>6612.309321</timestamp>
			</report>
			<report>
				<misses>1041000001</misses>
				<total>0</total>
				<timestamp>6612.942943</timestamp>
			</report>
			<report>
				<misses>1041100001</misses>
				<total>0</total>
				<timestamp>6613.576451</timestamp>
			</report>
			<report>
				<misses>1041200001</misses>
				<total>0</total>
				<timestamp>6614.209966</timestamp>
			</report>
			<report>
				<misses>1041300001</misses>
				<total>0</total>
				<timestamp>6614.845570</timestamp>
			</report>
			<report>
				<misses>1041400001</misses>
				<total>0</total>
				<timestamp>6615.478870</timestamp>
			</report>
			<report>
				<misses>1041500001</misses>
				<total>0</total>
				<timestamp>6616.112326</timestamp>
			</report>
			<report>
				<misses>1041600001</misses>
				<total>0</total>
				<timestamp>6616.745646</timestamp>
			</report>
			<report>
				<misses>1041700001</misses>
				<total>0</total>
				<timestamp>6617.379003</timestamp>
			</report>
			<report>
				<misses>1041800001</misses>
				<total>0</total>
				<timestamp>6618.011990</timestamp>
			</report>
			<report>
				<misses>1041900001</misses>
				<total>0</total>
				<timestamp>6618.645643</timestamp>
			</report>
			<report>
				<misses>1042000001</misses>
				<total>0</total>
				<timestamp>6619.278826</timestamp>
			</report>
			<report>
				<misses>1042100001</misses>
				<total>0</total>
				<timestamp>6619.911628</timestamp>
			</report>
			<report>
				<misses>1042200001</misses>
				<total>0</total>
				<timestamp>6620.545116</timestamp>
			</report>
			<report>
				<misses>1042300001</misses>
				<total>0</total>
				<timestamp>6621.218035</timestamp>
			</report>
			<report>
				<misses>1042400001</misses>
				<total>0</total>
				<timestamp>6621.851478</timestamp>
			</report>
			<report>
				<misses>1042500001</misses>
				<total>0</total>
				<timestamp>6622.485025</timestamp>
			</report>
			<report>
				<misses>1042600001</misses>
				<total>0</total>
				<timestamp>6623.118232</timestamp>
			</report>
			<report>
				<misses>1042700001</misses>
				<total>0</total>
				<timestamp>6623.752948</timestamp>
			</report>
			<report>
				<misses>1042800001</misses>
				<total>0</total>
				<timestamp>6624.386386</timestamp>
			</report>
			<report>
				<misses>1042900001</misses>
				<total>0</total>
				<timestamp>6625.019752</timestamp>
			</report>
			<report>
				<misses>1043000001</misses>
				<total>0</total>
				<timestamp>6625.652230</timestamp>
			</report>
			<report>
				<misses>1043100001</misses>
				<total>0</total>
				<timestamp>6626.285603</timestamp>
			</report>
			<report>
				<misses>1043200001</misses>
				<total>0</total>
				<timestamp>6626.919338</timestamp>
			</report>
			<report>
				<misses>1043300001</misses>
				<total>0</total>
				<timestamp>6627.552888</timestamp>
			</report>
			<report>
				<misses>1043400001</misses>
				<total>0</total>
				<timestamp>6628.187435</timestamp>
			</report>
			<report>
				<misses>1043500001</misses>
				<total>0</total>
				<timestamp>6628.820539</timestamp>
			</report>
			<report>
				<misses>1043600001</misses>
				<total>0</total>
				<timestamp>6629.453469</timestamp>
			</report>
			<report>
				<misses>1043700001</misses>
				<total>0</total>
				<timestamp>6630.087197</timestamp>
			</report>
			<report>
				<misses>1043800001</misses>
				<total>0</total>
				<timestamp>6630.720463</timestamp>
			</report>
			<report>
				<misses>1043900001</misses>
				<total>0</total>
				<timestamp>6631.353618</timestamp>
			</report>
			<report>
				<misses>1044000001</misses>
				<total>0</total>
				<timestamp>6631.991381</timestamp>
			</report>
			<report>
				<misses>1044100001</misses>
				<total>0</total>
				<timestamp>6632.624040</timestamp>
			</report>
			<report>
				<misses>1044200001</misses>
				<total>0</total>
				<timestamp>6633.257040</timestamp>
			</report>
			<report>
				<misses>1044300001</misses>
				<total>0</total>
				<timestamp>6633.890039</timestamp>
			</report>
			<report>
				<misses>1044400001</misses>
				<total>0</total>
				<timestamp>6634.522776</timestamp>
			</report>
			<report>
				<misses>1044500001</misses>
				<total>0</total>
				<timestamp>6635.155941</timestamp>
			</report>
			<report>
				<misses>1044600001</misses>
				<total>0</total>
				<timestamp>6635.788596</timestamp>
			</report>
			<report>
				<misses>1044700001</misses>
				<total>0</total>
				<timestamp>6636.420992</timestamp>
			</report>
			<report>
				<misses>1044800001</misses>
				<total>0</total>
				<timestamp>6637.053770</timestamp>
			</report>
			<report>
				<misses>1044900001</misses>
				<total>0</total>
				<timestamp>6637.686484</timestamp>
			</report>
			<report>
				<misses>1045000001</misses>
				<total>0</total>
				<timestamp>6638.320859</timestamp>
			</report>
			<report>
				<misses>1045100001</misses>
				<total>0</total>
				<timestamp>6638.953564</timestamp>
			</report>
			<report>
				<misses>1045200001</misses>
				<total>0</total>
				<timestamp>6639.586466</timestamp>
			</report>
			<report>
				<misses>1045300001</misses>
				<total>0</total>
				<timestamp>6640.219462</timestamp>
			</report>
			<report>
				<misses>1045400001</misses>
				<total>0</total>
				<timestamp>6640.857219</timestamp>
			</report>
			<report>
				<misses>1045500001</misses>
				<total>0</total>
				<timestamp>6641.489719</timestamp>
			</report>
			<report>
				<misses>1045600001</misses>
				<total>0</total>
				<timestamp>6642.122354</timestamp>
			</report>
			<report>
				<misses>1045700001</misses>
				<total>0</total>
				<timestamp>6642.754795</timestamp>
			</report>
			<report>
				<misses>1045800001</misses>
				<total>0</total>
				<timestamp>6643.388063</timestamp>
			</report>
			<report>
				<misses>1045900001</misses>
				<total>0</total>
				<timestamp>6644.020439</timestamp>
			</report>
			<report>
				<misses>1046000001</misses>
				<total>0</total>
				<timestamp>6644.654061</timestamp>
			</report>
			<report>
				<misses>1046100001</misses>
				<total>0</total>
				<timestamp>6645.286818</timestamp>
			</report>
			<report>
				<misses>1046200001</misses>
				<total>0</total>
				<timestamp>6645.922935</timestamp>
			</report>
			<report>
				<misses>1046300001</misses>
				<total>0</total>
				<timestamp>6646.556364</timestamp>
			</report>
			<report>
				<misses>1046400001</misses>
				<total>0</total>
				<timestamp>6647.189195</timestamp>
			</report>
			<report>
				<misses>1046500001</misses>
				<total>0</total>
				<timestamp>6647.822444</timestamp>
			</report>
			<report>
				<misses>1046600001</misses>
				<total>0</total>
				<timestamp>6648.458174</timestamp>
			</report>
			<report>
				<misses>1046700001</misses>
				<total>0</total>
				<timestamp>6649.091766</timestamp>
			</report>
			<report>
				<misses>1046800001</misses>
				<total>0</total>
				<timestamp>6649.725362</timestamp>
			</report>
			<report>
				<misses>1046900001</misses>
				<total>0</total>
				<timestamp>6650.358926</timestamp>
			</report>
			<report>
				<misses>1047000001</misses>
				<total>0</total>
				<timestamp>6650.993506</timestamp>
			</report>
			<report>
				<misses>1047100001</misses>
				<total>0</total>
				<timestamp>6651.628193</timestamp>
			</report>
			<report>
				<misses>1047200001</misses>
				<total>0</total>
				<timestamp>6652.262590</timestamp>
			</report>
			<report>
				<misses>1047300001</misses>
				<total>0</total>
				<timestamp>6652.915145</timestamp>
			</report>
			<report>
				<misses>1047400001</misses>
				<total>0</total>
				<timestamp>6653.559018</timestamp>
			</report>
			<report>
				<misses>1047500001</misses>
				<total>0</total>
				<timestamp>6654.191817</timestamp>
			</report>
			<report>
				<misses>1047600001</misses>
				<total>0</total>
				<timestamp>6654.824834</timestamp>
			</report>
			<report>
				<misses>1047700001</misses>
				<total>0</total>
				<timestamp>6655.457189</timestamp>
			</report>
			<report>
				<misses>1047800001</misses>
				<total>0</total>
				<timestamp>6656.089688</timestamp>
			</report>
			<report>
				<misses>1047900001</misses>
				<total>0</total>
				<timestamp>6656.722986</timestamp>
			</report>
			<report>
				<misses>1048000001</misses>
				<total>0</total>
				<timestamp>6657.355795</timestamp>
			</report>
			<report>
				<misses>1048100001</misses>
				<total>0</total>
				<timestamp>6657.988018</timestamp>
			</report>
			<report>
				<misses>1048200001</misses>
				<total>0</total>
				<timestamp>6658.620346</timestamp>
			</report>
			<report>
				<misses>1048300001</misses>
				<total>0</total>
				<timestamp>6659.251925</timestamp>
			</report>
			<report>
				<misses>1048400001</misses>
				<total>0</total>
				<timestamp>6659.886802</timestamp>
			</report>
			<report>
				<misses>1048500001</misses>
				<total>0</total>
				<timestamp>6660.519638</timestamp>
			</report>
			<report>
				<misses>1048600001</misses>
				<total>0</total>
				<timestamp>6661.157141</timestamp>
			</report>
			<report>
				<misses>1048700001</misses>
				<total>0</total>
				<timestamp>6661.789957</timestamp>
			</report>
			<report>
				<misses>1048800001</misses>
				<total>0</total>
				<timestamp>6662.422118</timestamp>
			</report>
			<report>
				<misses>1048900001</misses>
				<total>0</total>
				<timestamp>6663.056186</timestamp>
			</report>
			<report>
				<misses>1049000001</misses>
				<total>0</total>
				<timestamp>6663.688508</timestamp>
			</report>
			<report>
				<misses>1049100001</misses>
				<total>0</total>
				<timestamp>6664.320916</timestamp>
			</report>
			<report>
				<misses>1049200001</misses>
				<total>0</total>
				<timestamp>6664.953673</timestamp>
			</report>
			<report>
				<misses>1049300001</misses>
				<total>0</total>
				<timestamp>6665.586901</timestamp>
			</report>
			<report>
				<misses>1049400001</misses>
				<total>0</total>
				<timestamp>6666.220866</timestamp>
			</report>
			<report>
				<misses>1049500001</misses>
				<total>0</total>
				<timestamp>6666.854596</timestamp>
			</report>
			<report>
				<misses>1049600001</misses>
				<total>0</total>
				<timestamp>6667.488582</timestamp>
			</report>
			<report>
				<misses>1049700001</misses>
				<total>0</total>
				<timestamp>6668.123001</timestamp>
			</report>
			<report>
				<misses>1049800001</misses>
				<total>0</total>
				<timestamp>6668.757211</timestamp>
			</report>
			<report>
				<misses>1049900001</misses>
				<total>0</total>
				<timestamp>6669.390089</timestamp>
			</report>
			<report>
				<misses>1050000001</misses>
				<total>0</total>
				<timestamp>6670.025128</timestamp>
			</report>
			<report>
				<misses>1050100001</misses>
				<total>0</total>
				<timestamp>6670.659030</timestamp>
			</report>
			<report>
				<misses>1050200001</misses>
				<total>0</total>
				<timestamp>6671.293302</timestamp>
			</report>
			<report>
				<misses>1050300001</misses>
				<total>0</total>
				<timestamp>6671.927265</timestamp>
			</report>
			<report>
				<misses>1050400001</misses>
				<total>0</total>
				<timestamp>6672.561244</timestamp>
			</report>
			<report>
				<misses>1050500001</misses>
				<total>0</total>
				<timestamp>6673.194345</timestamp>
			</report>
			<report>
				<misses>1050600001</misses>
				<total>0</total>
				<timestamp>6673.827503</timestamp>
			</report>
			<report>
				<misses>1050700001</misses>
				<total>0</total>
				<timestamp>6674.462023</timestamp>
			</report>
			<report>
				<misses>1050800001</misses>
				<total>0</total>
				<timestamp>6675.096053</timestamp>
			</report>
			<report>
				<misses>1050900001</misses>
				<total>0</total>
				<timestamp>6675.730238</timestamp>
			</report>
			<report>
				<misses>1051000001</misses>
				<total>0</total>
				<timestamp>6676.363890</timestamp>
			</report>
			<report>
				<misses>1051100001</misses>
				<total>0</total>
				<timestamp>6677.001368</timestamp>
			</report>
			<report>
				<misses>1051200001</misses>
				<total>0</total>
				<timestamp>6677.634516</timestamp>
			</report>
			<report>
				<misses>1051300001</misses>
				<total>0</total>
				<timestamp>6678.267936</timestamp>
			</report>
			<report>
				<misses>1051400001</misses>
				<total>0</total>
				<timestamp>6678.904269</timestamp>
			</report>
			<report>
				<misses>1051500001</misses>
				<total>0</total>
				<timestamp>6679.538173</timestamp>
			</report>
			<report>
				<misses>1051600001</misses>
				<total>0</total>
				<timestamp>6680.170915</timestamp>
			</report>
			<report>
				<misses>1051700001</misses>
				<total>0</total>
				<timestamp>6680.807177</timestamp>
			</report>
			<report>
				<misses>1051800001</misses>
				<total>0</total>
				<timestamp>6681.440973</timestamp>
			</report>
			<report>
				<misses>1051900001</misses>
				<total>0</total>
				<timestamp>6682.081151</timestamp>
			</report>
			<report>
				<misses>1052000001</misses>
				<total>0</total>
				<timestamp>6682.717284</timestamp>
			</report>
			<report>
				<misses>1052100001</misses>
				<total>0</total>
				<timestamp>6683.351510</timestamp>
			</report>
			<report>
				<misses>1052200001</misses>
				<total>0</total>
				<timestamp>6683.985352</timestamp>
			</report>
			<report>
				<misses>1052300001</misses>
				<total>0</total>
				<timestamp>6684.619422</timestamp>
			</report>
			<report>
				<misses>1052400001</misses>
				<total>0</total>
				<timestamp>6685.255876</timestamp>
			</report>
			<report>
				<misses>1052500001</misses>
				<total>0</total>
				<timestamp>6685.889736</timestamp>
			</report>
			<report>
				<misses>1052600001</misses>
				<total>0</total>
				<timestamp>6686.523325</timestamp>
			</report>
			<report>
				<misses>1052700001</misses>
				<total>0</total>
				<timestamp>6687.157827</timestamp>
			</report>
			<report>
				<misses>1052800001</misses>
				<total>0</total>
				<timestamp>6687.792366</timestamp>
			</report>
			<report>
				<misses>1052900001</misses>
				<total>0</total>
				<timestamp>6688.426442</timestamp>
			</report>
			<report>
				<misses>1053000001</misses>
				<total>0</total>
				<timestamp>6689.060653</timestamp>
			</report>
			<report>
				<misses>1053100001</misses>
				<total>0</total>
				<timestamp>6689.695533</timestamp>
			</report>
			<report>
				<misses>1053200001</misses>
				<total>0</total>
				<timestamp>6690.328677</timestamp>
			</report>
			<report>
				<misses>1053300001</misses>
				<total>0</total>
				<timestamp>6690.962102</timestamp>
			</report>
			<report>
				<misses>1053400001</misses>
				<total>0</total>
				<timestamp>6691.595309</timestamp>
			</report>
			<report>
				<misses>1053500001</misses>
				<total>0</total>
				<timestamp>6692.229202</timestamp>
			</report>
			<report>
				<misses>1053600001</misses>
				<total>0</total>
				<timestamp>6692.864036</timestamp>
			</report>
			<report>
				<misses>1053700001</misses>
				<total>0</total>
				<timestamp>6693.498312</timestamp>
			</report>
			<report>
				<misses>1053800001</misses>
				<total>0</total>
				<timestamp>6694.133147</timestamp>
			</report>
			<report>
				<misses>1053900001</misses>
				<total>0</total>
				<timestamp>6694.768185</timestamp>
			</report>
			<report>
				<misses>1054000001</misses>
				<total>0</total>
				<timestamp>6695.402502</timestamp>
			</report>
			<report>
				<misses>1054100001</misses>
				<total>0</total>
				<timestamp>6696.040246</timestamp>
			</report>
			<report>
				<misses>1054200001</misses>
				<total>0</total>
				<timestamp>6696.674977</timestamp>
			</report>
			<report>
				<misses>1054300001</misses>
				<total>0</total>
				<timestamp>6697.316123</timestamp>
			</report>
			<report>
				<misses>1054400001</misses>
				<total>0</total>
				<timestamp>6697.950389</timestamp>
			</report>
			<report>
				<misses>1054500001</misses>
				<total>0</total>
				<timestamp>6698.584347</timestamp>
			</report>
			<report>
				<misses>1054600001</misses>
				<total>0</total>
				<timestamp>6699.221084</timestamp>
			</report>
			<report>
				<misses>1054700001</misses>
				<total>0</total>
				<timestamp>6699.855279</timestamp>
			</report>
			<report>
				<misses>1054800001</misses>
				<total>0</total>
				<timestamp>6700.488140</timestamp>
			</report>
			<report>
				<misses>1054900001</misses>
				<total>0</total>
				<timestamp>6701.121778</timestamp>
			</report>
			<report>
				<misses>1055000001</misses>
				<total>0</total>
				<timestamp>6701.759015</timestamp>
			</report>
			<report>
				<misses>1055100001</misses>
				<total>0</total>
				<timestamp>6702.393160</timestamp>
			</report>
			<report>
				<misses>1055200001</misses>
				<total>0</total>
				<timestamp>6703.027475</timestamp>
			</report>
			<report>
				<misses>1055300001</misses>
				<total>0</total>
				<timestamp>6703.661344</timestamp>
			</report>
			<report>
				<misses>1055400001</misses>
				<total>0</total>
				<timestamp>6704.294837</timestamp>
			</report>
			<report>
				<misses>1055500001</misses>
				<total>0</total>
				<timestamp>6704.928831</timestamp>
			</report>
			<report>
				<misses>1055600001</misses>
				<total>0</total>
				<timestamp>6705.561981</timestamp>
			</report>
			<report>
				<misses>1055700001</misses>
				<total>0</total>
				<timestamp>6706.195401</timestamp>
			</report>
			<report>
				<misses>1055800001</misses>
				<total>0</total>
				<timestamp>6706.828872</timestamp>
			</report>
			<report>
				<misses>1055900001</misses>
				<total>0</total>
				<timestamp>6707.462582</timestamp>
			</report>
			<report>
				<misses>1056000001</misses>
				<total>0</total>
				<timestamp>6708.098315</timestamp>
			</report>
			<report>
				<misses>1056100001</misses>
				<total>0</total>
				<timestamp>6708.732724</timestamp>
			</report>
			<report>
				<misses>1056200001</misses>
				<total>0</total>
				<timestamp>6709.366550</timestamp>
			</report>
			<report>
				<misses>1056300001</misses>
				<total>0</total>
				<timestamp>6709.999962</timestamp>
			</report>
			<report>
				<misses>1056400001</misses>
				<total>0</total>
				<timestamp>6710.633355</timestamp>
			</report>
			<report>
				<misses>1056500001</misses>
				<total>0</total>
				<timestamp>6711.267294</timestamp>
			</report>
			<report>
				<misses>1056600001</misses>
				<total>0</total>
				<timestamp>6711.900829</timestamp>
			</report>
			<report>
				<misses>1056700001</misses>
				<total>0</total>
				<timestamp>6712.533882</timestamp>
			</report>
			<report>
				<misses>1056800001</misses>
				<total>0</total>
				<timestamp>6713.168021</timestamp>
			</report>
			<report>
				<misses>1056900001</misses>
				<total>0</total>
				<timestamp>6713.805200</timestamp>
			</report>
			<report>
				<misses>1057000001</misses>
				<total>0</total>
				<timestamp>6714.438560</timestamp>
			</report>
			<report>
				<misses>1057100001</misses>
				<total>0</total>
				<timestamp>6715.072282</timestamp>
			</report>
			<report>
				<misses>1057200001</misses>
				<total>0</total>
				<timestamp>6715.705981</timestamp>
			</report>
			<report>
				<misses>1057300001</misses>
				<total>0</total>
				<timestamp>6716.339376</timestamp>
			</report>
			<report>
				<misses>1057400001</misses>
				<total>0</total>
				<timestamp>6716.972755</timestamp>
			</report>
			<report>
				<misses>1057500001</misses>
				<total>0</total>
				<timestamp>6717.606058</timestamp>
			</report>
			<report>
				<misses>1057600001</misses>
				<total>0</total>
				<timestamp>6718.243565</timestamp>
			</report>
			<report>
				<misses>1057700001</misses>
				<total>0</total>
				<timestamp>6718.877124</timestamp>
			</report>
			<report>
				<misses>1057800001</misses>
				<total>0</total>
				<timestamp>6719.510619</timestamp>
			</report>
			<report>
				<misses>1057900001</misses>
				<total>0</total>
				<timestamp>6720.144647</timestamp>
			</report>
			<report>
				<misses>1058000001</misses>
				<total>0</total>
				<timestamp>6720.779123</timestamp>
			</report>
			<report>
				<misses>1058100001</misses>
				<total>0</total>
				<timestamp>6721.413729</timestamp>
			</report>
			<report>
				<misses>1058200001</misses>
				<total>0</total>
				<timestamp>6722.048248</timestamp>
			</report>
			<report>
				<misses>1058300001</misses>
				<total>0</total>
				<timestamp>6722.682745</timestamp>
			</report>
			<report>
				<misses>1058400001</misses>
				<total>0</total>
				<timestamp>6723.316822</timestamp>
			</report>
			<report>
				<misses>1058500001</misses>
				<total>0</total>
				<timestamp>6723.951017</timestamp>
			</report>
			<report>
				<misses>1058600001</misses>
				<total>0</total>
				<timestamp>6724.585108</timestamp>
			</report>
			<report>
				<misses>1058700001</misses>
				<total>0</total>
				<timestamp>6725.219056</timestamp>
			</report>
			<report>
				<misses>1058800001</misses>
				<total>0</total>
				<timestamp>6725.852754</timestamp>
			</report>
			<report>
				<misses>1058900001</misses>
				<total>0</total>
				<timestamp>6726.486057</timestamp>
			</report>
			<report>
				<misses>1059000001</misses>
				<total>0</total>
				<timestamp>6727.119581</timestamp>
			</report>
			<report>
				<misses>1059100001</misses>
				<total>0</total>
				<timestamp>6727.753515</timestamp>
			</report>
			<report>
				<misses>1059200001</misses>
				<total>0</total>
				<timestamp>6728.387620</timestamp>
			</report>
			<report>
				<misses>1059300001</misses>
				<total>0</total>
				<timestamp>6729.021131</timestamp>
			</report>
			<report>
				<misses>1059400001</misses>
				<total>0</total>
				<timestamp>6729.654113</timestamp>
			</report>
			<report>
				<misses>1059500001</misses>
				<total>0</total>
				<timestamp>6730.287978</timestamp>
			</report>
			<report>
				<misses>1059600001</misses>
				<total>0</total>
				<timestamp>6730.927051</timestamp>
			</report>
			<report>
				<misses>1059700001</misses>
				<total>0</total>
				<timestamp>6731.560656</timestamp>
			</report>
			<report>
				<misses>1059800001</misses>
				<total>0</total>
				<timestamp>6732.194284</timestamp>
			</report>
			<report>
				<misses>1059900001</misses>
				<total>0</total>
				<timestamp>6732.828188</timestamp>
			</report>
			<report>
				<misses>1060000001</misses>
				<total>0</total>
				<timestamp>6733.461613</timestamp>
			</report>
			<report>
				<misses>1060100001</misses>
				<total>0</total>
				<timestamp>6734.095971</timestamp>
			</report>
			<report>
				<misses>1060200001</misses>
				<total>0</total>
				<timestamp>6734.729713</timestamp>
			</report>
			<report>
				<misses>1060300001</misses>
				<total>0</total>
				<timestamp>6735.363411</timestamp>
			</report>
			<report>
				<misses>1060400001</misses>
				<total>0</total>
				<timestamp>6735.996818</timestamp>
			</report>
			<report>
				<misses>1060500001</misses>
				<total>0</total>
				<timestamp>6736.631635</timestamp>
			</report>
			<report>
				<misses>1060600001</misses>
				<total>0</total>
				<timestamp>6737.264333</timestamp>
			</report>
			<report>
				<misses>1060700001</misses>
				<total>0</total>
				<timestamp>6737.897697</timestamp>
			</report>
			<report>
				<misses>1060800001</misses>
				<total>0</total>
				<timestamp>6738.531537</timestamp>
			</report>
			<report>
				<misses>1060900001</misses>
				<total>0</total>
				<timestamp>6739.164954</timestamp>
			</report>
			<report>
				<misses>1061000001</misses>
				<total>0</total>
				<timestamp>6739.798110</timestamp>
			</report>
			<report>
				<misses>1061100001</misses>
				<total>0</total>
				<timestamp>6740.431422</timestamp>
			</report>
			<report>
				<misses>1061200001</misses>
				<total>0</total>
				<timestamp>6741.064629</timestamp>
			</report>
			<report>
				<misses>1061300001</misses>
				<total>0</total>
				<timestamp>6741.698357</timestamp>
			</report>
			<report>
				<misses>1061400001</misses>
				<total>0</total>
				<timestamp>6742.332007</timestamp>
			</report>
			<report>
				<misses>1061500001</misses>
				<total>0</total>
				<timestamp>6742.965910</timestamp>
			</report>
			<report>
				<misses>1061600001</misses>
				<total>0</total>
				<timestamp>6743.600322</timestamp>
			</report>
			<report>
				<misses>1061700001</misses>
				<total>0</total>
				<timestamp>6744.233799</timestamp>
			</report>
			<report>
				<misses>1061800001</misses>
				<total>0</total>
				<timestamp>6744.868052</timestamp>
			</report>
			<report>
				<misses>1061900001</misses>
				<total>0</total>
				<timestamp>6745.502128</timestamp>
			</report>
			<report>
				<misses>1062000001</misses>
				<total>0</total>
				<timestamp>6746.141012</timestamp>
			</report>
			<report>
				<misses>1062100001</misses>
				<total>0</total>
				<timestamp>6746.778729</timestamp>
			</report>
			<report>
				<misses>1062200001</misses>
				<total>0</total>
				<timestamp>6747.413151</timestamp>
			</report>
			<report>
				<misses>1062300001</misses>
				<total>0</total>
				<timestamp>6748.047824</timestamp>
			</report>
			<report>
				<misses>1062400001</misses>
				<total>0</total>
				<timestamp>6748.682512</timestamp>
			</report>
			<report>
				<misses>1062500001</misses>
				<total>0</total>
				<timestamp>6749.317413</timestamp>
			</report>
			<report>
				<misses>1062600001</misses>
				<total>0</total>
				<timestamp>6749.952220</timestamp>
			</report>
			<report>
				<misses>1062700001</misses>
				<total>0</total>
				<timestamp>6750.586710</timestamp>
			</report>
			<report>
				<misses>1062800001</misses>
				<total>0</total>
				<timestamp>6751.229765</timestamp>
			</report>
			<report>
				<misses>1062900001</misses>
				<total>0</total>
				<timestamp>6751.864264</timestamp>
			</report>
			<report>
				<misses>1063000001</misses>
				<total>0</total>
				<timestamp>6752.498326</timestamp>
			</report>
			<report>
				<misses>1063100001</misses>
				<total>0</total>
				<timestamp>6753.140446</timestamp>
			</report>
			<report>
				<misses>1063200001</misses>
				<total>0</total>
				<timestamp>6753.773731</timestamp>
			</report>
			<report>
				<misses>1063300001</misses>
				<total>0</total>
				<timestamp>6754.407120</timestamp>
			</report>
			<report>
				<misses>1063400001</misses>
				<total>0</total>
				<timestamp>6755.043929</timestamp>
			</report>
			<report>
				<misses>1063500001</misses>
				<total>0</total>
				<timestamp>6755.676591</timestamp>
			</report>
			<report>
				<misses>1063600001</misses>
				<total>0</total>
				<timestamp>6756.309455</timestamp>
			</report>
			<report>
				<misses>1063700001</misses>
				<total>0</total>
				<timestamp>6756.943427</timestamp>
			</report>
			<report>
				<misses>1063800001</misses>
				<total>0</total>
				<timestamp>6757.576967</timestamp>
			</report>
			<report>
				<misses>1063900001</misses>
				<total>0</total>
				<timestamp>6758.210590</timestamp>
			</report>
			<report>
				<misses>1064000001</misses>
				<total>0</total>
				<timestamp>6758.844500</timestamp>
			</report>
			<report>
				<misses>1064100001</misses>
				<total>0</total>
				<timestamp>6759.477894</timestamp>
			</report>
			<report>
				<misses>1064200001</misses>
				<total>0</total>
				<timestamp>6760.111889</timestamp>
			</report>
			<report>
				<misses>1064300001</misses>
				<total>0</total>
				<timestamp>6760.746150</timestamp>
			</report>
			<report>
				<misses>1064400001</misses>
				<total>0</total>
				<timestamp>6761.380595</timestamp>
			</report>
			<report>
				<misses>1064500001</misses>
				<total>0</total>
				<timestamp>6762.014142</timestamp>
			</report>
			<report>
				<misses>1064600001</misses>
				<total>0</total>
				<timestamp>6762.647512</timestamp>
			</report>
			<report>
				<misses>1064700001</misses>
				<total>0</total>
				<timestamp>6763.281412</timestamp>
			</report>
			<report>
				<misses>1064800001</misses>
				<total>0</total>
				<timestamp>6763.915514</timestamp>
			</report>
			<report>
				<misses>1064900001</misses>
				<total>0</total>
				<timestamp>6764.549354</timestamp>
			</report>
			<report>
				<misses>1065000001</misses>
				<total>0</total>
				<timestamp>6765.182438</timestamp>
			</report>
			<report>
				<misses>1065100001</misses>
				<total>0</total>
				<timestamp>6765.815771</timestamp>
			</report>
			<report>
				<misses>1065200001</misses>
				<total>0</total>
				<timestamp>6766.450150</timestamp>
			</report>
			<report>
				<misses>1065300001</misses>
				<total>0</total>
				<timestamp>6767.084069</timestamp>
			</report>
			<report>
				<misses>1065400001</misses>
				<total>0</total>
				<timestamp>6767.717810</timestamp>
			</report>
			<report>
				<misses>1065500001</misses>
				<total>0</total>
				<timestamp>6768.351885</timestamp>
			</report>
			<report>
				<misses>1065600001</misses>
				<total>0</total>
				<timestamp>6768.987973</timestamp>
			</report>
			<report>
				<misses>1065700001</misses>
				<total>0</total>
				<timestamp>6769.621537</timestamp>
			</report>
			<report>
				<misses>1065800001</misses>
				<total>0</total>
				<timestamp>6770.255418</timestamp>
			</report>
			<report>
				<misses>1065900001</misses>
				<total>0</total>
				<timestamp>6770.889538</timestamp>
			</report>
			<report>
				<misses>1066000001</misses>
				<total>0</total>
				<timestamp>6771.523415</timestamp>
			</report>
			<report>
				<misses>1066100001</misses>
				<total>0</total>
				<timestamp>6772.157582</timestamp>
			</report>
			<report>
				<misses>1066200001</misses>
				<total>0</total>
				<timestamp>6772.791117</timestamp>
			</report>
			<report>
				<misses>1066300001</misses>
				<total>0</total>
				<timestamp>6773.424683</timestamp>
			</report>
			<report>
				<misses>1066400001</misses>
				<total>0</total>
				<timestamp>6774.059368</timestamp>
			</report>
			<report>
				<misses>1066500001</misses>
				<total>0</total>
				<timestamp>6774.698506</timestamp>
			</report>
			<report>
				<misses>1066600001</misses>
				<total>0</total>
				<timestamp>6775.333137</timestamp>
			</report>
			<report>
				<misses>1066700001</misses>
				<total>0</total>
				<timestamp>6775.967038</timestamp>
			</report>
			<report>
				<misses>1066800001</misses>
				<total>0</total>
				<timestamp>6776.601265</timestamp>
			</report>
			<report>
				<misses>1066900001</misses>
				<total>0</total>
				<timestamp>6777.236195</timestamp>
			</report>
			<report>
				<misses>1067000001</misses>
				<total>0</total>
				<timestamp>6777.871047</timestamp>
			</report>
			<report>
				<misses>1067100001</misses>
				<total>0</total>
				<timestamp>6778.504392</timestamp>
			</report>
			<report>
				<misses>1067200001</misses>
				<total>0</total>
				<timestamp>6779.137553</timestamp>
			</report>
			<report>
				<misses>1067300001</misses>
				<total>0</total>
				<timestamp>6779.770668</timestamp>
			</report>
			<report>
				<misses>1067400001</misses>
				<total>0</total>
				<timestamp>6780.402843</timestamp>
			</report>
			<report>
				<misses>1067500001</misses>
				<total>0</total>
				<timestamp>6781.036050</timestamp>
			</report>
			<report>
				<misses>1067600001</misses>
				<total>0</total>
				<timestamp>6781.669861</timestamp>
			</report>
			<report>
				<misses>1067700001</misses>
				<total>0</total>
				<timestamp>6782.304407</timestamp>
			</report>
			<report>
				<misses>1067800001</misses>
				<total>0</total>
				<timestamp>6782.937919</timestamp>
			</report>
			<report>
				<misses>1067900001</misses>
				<total>0</total>
				<timestamp>6783.572045</timestamp>
			</report>
			<report>
				<misses>1068000001</misses>
				<total>0</total>
				<timestamp>6784.206474</timestamp>
			</report>
			<report>
				<misses>1068100001</misses>
				<total>0</total>
				<timestamp>6784.840255</timestamp>
			</report>
			<report>
				<misses>1068200001</misses>
				<total>0</total>
				<timestamp>6785.473895</timestamp>
			</report>
			<report>
				<misses>1068300001</misses>
				<total>0</total>
				<timestamp>6786.108540</timestamp>
			</report>
			<report>
				<misses>1068400001</misses>
				<total>0</total>
				<timestamp>6786.744093</timestamp>
			</report>
			<report>
				<misses>1068500001</misses>
				<total>0</total>
				<timestamp>6787.377848</timestamp>
			</report>
			<report>
				<misses>1068600001</misses>
				<total>0</total>
				<timestamp>6788.010973</timestamp>
			</report>
			<report>
				<misses>1068700001</misses>
				<total>0</total>
				<timestamp>6788.644606</timestamp>
			</report>
			<report>
				<misses>1068800001</misses>
				<total>0</total>
				<timestamp>6789.277974</timestamp>
			</report>
			<report>
				<misses>1068900001</misses>
				<total>0</total>
				<timestamp>6789.910858</timestamp>
			</report>
			<report>
				<misses>1069000001</misses>
				<total>0</total>
				<timestamp>6790.542576</timestamp>
			</report>
			<report>
				<misses>1069100001</misses>
				<total>0</total>
				<timestamp>6791.175437</timestamp>
			</report>
			<report>
				<misses>1069200001</misses>
				<total>0</total>
				<timestamp>6791.809317</timestamp>
			</report>
			<report>
				<misses>1069300001</misses>
				<total>0</total>
				<timestamp>6792.443279</timestamp>
			</report>
			<report>
				<misses>1069400001</misses>
				<total>0</total>
				<timestamp>6793.076891</timestamp>
			</report>
			<report>
				<misses>1069500001</misses>
				<total>0</total>
				<timestamp>6793.711099</timestamp>
			</report>
			<report>
				<misses>1069600001</misses>
				<total>0</total>
				<timestamp>6794.344978</timestamp>
			</report>
			<report>
				<misses>1069700001</misses>
				<total>0</total>
				<timestamp>6794.978951</timestamp>
			</report>
			<report>
				<misses>1069800001</misses>
				<total>0</total>
				<timestamp>6795.612933</timestamp>
			</report>
			<report>
				<misses>1069900001</misses>
				<total>0</total>
				<timestamp>6796.245966</timestamp>
			</report>
			<report>
				<misses>1070000001</misses>
				<total>0</total>
				<timestamp>6796.879851</timestamp>
			</report>
			<report>
				<misses>1070100001</misses>
				<total>0</total>
				<timestamp>6797.513964</timestamp>
			</report>
			<report>
				<misses>1070200001</misses>
				<total>0</total>
				<timestamp>6798.152589</timestamp>
			</report>
			<report>
				<misses>1070300001</misses>
				<total>0</total>
				<timestamp>6798.786029</timestamp>
			</report>
			<report>
				<misses>1070400001</misses>
				<total>0</total>
				<timestamp>6799.420326</timestamp>
			</report>
			<report>
				<misses>1070500001</misses>
				<total>0</total>
				<timestamp>6800.055132</timestamp>
			</report>
			<report>
				<misses>1070600001</misses>
				<total>0</total>
				<timestamp>6800.690151</timestamp>
			</report>
			<report>
				<misses>1070700001</misses>
				<total>0</total>
				<timestamp>6801.324160</timestamp>
			</report>
			<report>
				<misses>1070800001</misses>
				<total>0</total>
				<timestamp>6801.958169</timestamp>
			</report>
			<report>
				<misses>1070900001</misses>
				<total>0</total>
				<timestamp>6802.592757</timestamp>
			</report>
			<report>
				<misses>1071000001</misses>
				<total>0</total>
				<timestamp>6803.228089</timestamp>
			</report>
			<report>
				<misses>1071100001</misses>
				<total>0</total>
				<timestamp>6803.862866</timestamp>
			</report>
			<report>
				<misses>1071200001</misses>
				<total>0</total>
				<timestamp>6804.497703</timestamp>
			</report>
			<report>
				<misses>1071300001</misses>
				<total>0</total>
				<timestamp>6805.136764</timestamp>
			</report>
			<report>
				<misses>1071400001</misses>
				<total>0</total>
				<timestamp>6805.771124</timestamp>
			</report>
			<report>
				<misses>1071500001</misses>
				<total>0</total>
				<timestamp>6806.404715</timestamp>
			</report>
			<report>
				<misses>1071600001</misses>
				<total>0</total>
				<timestamp>6807.039526</timestamp>
			</report>
			<report>
				<misses>1071700001</misses>
				<total>0</total>
				<timestamp>6807.673756</timestamp>
			</report>
			<report>
				<misses>1071800001</misses>
				<total>0</total>
				<timestamp>6808.307732</timestamp>
			</report>
			<report>
				<misses>1071900001</misses>
				<total>0</total>
				<timestamp>6808.941107</timestamp>
			</report>
			<report>
				<misses>1072000001</misses>
				<total>0</total>
				<timestamp>6809.574716</timestamp>
			</report>
			<report>
				<misses>1072100001</misses>
				<total>0</total>
				<timestamp>6810.207957</timestamp>
			</report>
			<report>
				<misses>1072200001</misses>
				<total>0</total>
				<timestamp>6810.842112</timestamp>
			</report>
			<report>
				<misses>1072300001</misses>
				<total>0</total>
				<timestamp>6811.475349</timestamp>
			</report>
			<report>
				<misses>1072400001</misses>
				<total>0</total>
				<timestamp>6812.109914</timestamp>
			</report>
			<report>
				<misses>1072500001</misses>
				<total>0</total>
				<timestamp>6812.742711</timestamp>
			</report>
			<report>
				<misses>1072600001</misses>
				<total>0</total>
				<timestamp>6813.376903</timestamp>
			</report>
			<report>
				<misses>1072700001</misses>
				<total>0</total>
				<timestamp>6814.011928</timestamp>
			</report>
			<report>
				<misses>1072800001</misses>
				<total>0</total>
				<timestamp>6814.646086</timestamp>
			</report>
			<report>
				<misses>1072900001</misses>
				<total>0</total>
				<timestamp>6815.281528</timestamp>
			</report>
			<report>
				<misses>1073000001</misses>
				<total>0</total>
				<timestamp>6815.916850</timestamp>
			</report>
			<report>
				<misses>1073100001</misses>
				<total>0</total>
				<timestamp>6816.550095</timestamp>
			</report>
			<report>
				<misses>1073200001</misses>
				<total>0</total>
				<timestamp>6817.186081</timestamp>
			</report>
			<report>
				<misses>1073300001</misses>
				<total>0</total>
				<timestamp>6817.822020</timestamp>
			</report>
			<report>
				<misses>1073400001</misses>
				<total>0</total>
				<timestamp>6818.455567</timestamp>
			</report>
			<report>
				<misses>1073500001</misses>
				<total>0</total>
				<timestamp>6819.089080</timestamp>
			</report>
			<report>
				<misses>1073600001</misses>
				<total>0</total>
				<timestamp>6819.724322</timestamp>
			</report>
			<report>
				<misses>1073700001</misses>
				<total>0</total>
				<timestamp>6820.357656</timestamp>
			</report>
			<report>
				<misses>1073800001</misses>
				<total>0</total>
				<timestamp>6820.994171</timestamp>
			</report>
			<report>
				<misses>1073900001</misses>
				<total>0</total>
				<timestamp>6821.627964</timestamp>
			</report>
			<report>
				<misses>1074000001</misses>
				<total>0</total>
				<timestamp>6822.262640</timestamp>
			</report>
			<report>
				<misses>1074100001</misses>
				<total>0</total>
				<timestamp>6822.896701</timestamp>
			</report>
			<report>
				<misses>1074200001</misses>
				<total>0</total>
				<timestamp>6823.530593</timestamp>
			</report>
			<report>
				<misses>1074300001</misses>
				<total>0</total>
				<timestamp>6824.165016</timestamp>
			</report>
			<report>
				<misses>1074400001</misses>
				<total>0</total>
				<timestamp>6824.799088</timestamp>
			</report>
			<report>
				<misses>1074500001</misses>
				<total>0</total>
				<timestamp>6825.432638</timestamp>
			</report>
			<report>
				<misses>1074600001</misses>
				<total>0</total>
				<timestamp>6826.067602</timestamp>
			</report>
			<report>
				<misses>1074700001</misses>
				<total>0</total>
				<timestamp>6826.701811</timestamp>
			</report>
			<report>
				<misses>1074800001</misses>
				<total>0</total>
				<timestamp>6827.335823</timestamp>
			</report>
			<report>
				<misses>1074900001</misses>
				<total>0</total>
				<timestamp>6827.972844</timestamp>
			</report>
			<report>
				<misses>1075000001</misses>
				<total>0</total>
				<timestamp>6828.608328</timestamp>
			</report>
			<report>
				<misses>1075100001</misses>
				<total>0</total>
				<timestamp>6829.243363</timestamp>
			</report>
			<report>
				<misses>1075200001</misses>
				<total>0</total>
				<timestamp>6829.879766</timestamp>
			</report>
			<report>
				<misses>1075300001</misses>
				<total>0</total>
				<timestamp>6830.514122</timestamp>
			</report>
			<report>
				<misses>1075400001</misses>
				<total>0</total>
				<timestamp>6831.148107</timestamp>
			</report>
			<report>
				<misses>1075500001</misses>
				<total>0</total>
				<timestamp>6831.782899</timestamp>
			</report>
			<report>
				<misses>1075600001</misses>
				<total>0</total>
				<timestamp>6832.416868</timestamp>
			</report>
			<report>
				<misses>1075700001</misses>
				<total>0</total>
				<timestamp>6833.050857</timestamp>
			</report>
			<report>
				<misses>1075800001</misses>
				<total>0</total>
				<timestamp>6833.684353</timestamp>
			</report>
			<report>
				<misses>1075900001</misses>
				<total>0</total>
				<timestamp>6834.320644</timestamp>
			</report>
			<report>
				<misses>1076000001</misses>
				<total>0</total>
				<timestamp>6834.954330</timestamp>
			</report>
			<report>
				<misses>1076100001</misses>
				<total>0</total>
				<timestamp>6835.588072</timestamp>
			</report>
			<report>
				<misses>1076200001</misses>
				<total>0</total>
				<timestamp>6836.223145</timestamp>
			</report>
			<report>
				<misses>1076300001</misses>
				<total>0</total>
				<timestamp>6836.856442</timestamp>
			</report>
			<report>
				<misses>1076400001</misses>
				<total>0</total>
				<timestamp>6837.490174</timestamp>
			</report>
			<report>
				<misses>1076500001</misses>
				<total>0</total>
				<timestamp>6838.124099</timestamp>
			</report>
			<report>
				<misses>1076600001</misses>
				<total>0</total>
				<timestamp>6838.764240</timestamp>
			</report>
			<report>
				<misses>1076700001</misses>
				<total>0</total>
				<timestamp>6839.398697</timestamp>
			</report>
			<report>
				<misses>1076800001</misses>
				<total>0</total>
				<timestamp>6840.032626</timestamp>
			</report>
			<report>
				<misses>1076900001</misses>
				<total>0</total>
				<timestamp>6840.666413</timestamp>
			</report>
			<report>
				<misses>1077000001</misses>
				<total>0</total>
				<timestamp>6841.300361</timestamp>
			</report>
			<report>
				<misses>1077100001</misses>
				<total>0</total>
				<timestamp>6841.936937</timestamp>
			</report>
			<report>
				<misses>1077200001</misses>
				<total>0</total>
				<timestamp>6842.569796</timestamp>
			</report>
			<report>
				<misses>1077300001</misses>
				<total>0</total>
				<timestamp>6843.203676</timestamp>
			</report>
			<report>
				<misses>1077400001</misses>
				<total>0</total>
				<timestamp>6843.836406</timestamp>
			</report>
			<report>
				<misses>1077500001</misses>
				<total>0</total>
				<timestamp>6844.469975</timestamp>
			</report>
			<report>
				<misses>1077600001</misses>
				<total>0</total>
				<timestamp>6845.104987</timestamp>
			</report>
			<report>
				<misses>1077700001</misses>
				<total>0</total>
				<timestamp>6845.738443</timestamp>
			</report>
			<report>
				<misses>1077800001</misses>
				<total>0</total>
				<timestamp>6846.372063</timestamp>
			</report>
			<report>
				<misses>1077900001</misses>
				<total>0</total>
				<timestamp>6847.004969</timestamp>
			</report>
			<report>
				<misses>1078000001</misses>
				<total>0</total>
				<timestamp>6847.637645</timestamp>
			</report>
			<report>
				<misses>1078100001</misses>
				<total>0</total>
				<timestamp>6848.270251</timestamp>
			</report>
			<report>
				<misses>1078200001</misses>
				<total>0</total>
				<timestamp>6848.902525</timestamp>
			</report>
			<report>
				<misses>1078300001</misses>
				<total>0</total>
				<timestamp>6849.535318</timestamp>
			</report>
			<report>
				<misses>1078400001</misses>
				<total>0</total>
				<timestamp>6850.168458</timestamp>
			</report>
			<report>
				<misses>1078500001</misses>
				<total>0</total>
				<timestamp>6850.801946</timestamp>
			</report>
			<report>
				<misses>1078600001</misses>
				<total>0</total>
				<timestamp>6851.434749</timestamp>
			</report>
			<report>
				<misses>1078700001</misses>
				<total>0</total>
				<timestamp>6852.067599</timestamp>
			</report>
			<report>
				<misses>1078800001</misses>
				<total>0</total>
				<timestamp>6852.700947</timestamp>
			</report>
			<report>
				<misses>1078900001</misses>
				<total>0</total>
				<timestamp>6853.334652</timestamp>
			</report>
			<report>
				<misses>1079000001</misses>
				<total>0</total>
				<timestamp>6853.968917</timestamp>
			</report>
			<report>
				<misses>1079100001</misses>
				<total>0</total>
				<timestamp>6854.604104</timestamp>
			</report>
			<report>
				<misses>1079200001</misses>
				<total>0</total>
				<timestamp>6855.239337</timestamp>
			</report>
			<report>
				<misses>1079300001</misses>
				<total>0</total>
				<timestamp>6855.893893</timestamp>
			</report>
			<report>
				<misses>1079400001</misses>
				<total>0</total>
				<timestamp>6856.541585</timestamp>
			</report>
			<report>
				<misses>1079500001</misses>
				<total>0</total>
				<timestamp>6857.175542</timestamp>
			</report>
			<report>
				<misses>1079600001</misses>
				<total>0</total>
				<timestamp>6857.810668</timestamp>
			</report>
			<report>
				<misses>1079700001</misses>
				<total>0</total>
				<timestamp>6858.444934</timestamp>
			</report>
			<report>
				<misses>1079800001</misses>
				<total>0</total>
				<timestamp>6859.078596</timestamp>
			</report>
			<report>
				<misses>1079900001</misses>
				<total>0</total>
				<timestamp>6859.711859</timestamp>
			</report>
			<report>
				<misses>1080000001</misses>
				<total>0</total>
				<timestamp>6860.345592</timestamp>
			</report>
			<report>
				<misses>1080100001</misses>
				<total>0</total>
				<timestamp>6860.979742</timestamp>
			</report>
			<report>
				<misses>1080200001</misses>
				<total>0</total>
				<timestamp>6861.613470</timestamp>
			</report>
			<report>
				<misses>1080300001</misses>
				<total>0</total>
				<timestamp>6862.252565</timestamp>
			</report>
			<report>
				<misses>1080400001</misses>
				<total>0</total>
				<timestamp>6862.887078</timestamp>
			</report>
			<report>
				<misses>1080500001</misses>
				<total>0</total>
				<timestamp>6863.520862</timestamp>
			</report>
			<report>
				<misses>1080600001</misses>
				<total>0</total>
				<timestamp>6864.154246</timestamp>
			</report>
			<report>
				<misses>1080700001</misses>
				<total>0</total>
				<timestamp>6864.787624</timestamp>
			</report>
			<report>
				<misses>1080800001</misses>
				<total>0</total>
				<timestamp>6865.420975</timestamp>
			</report>
			<report>
				<misses>1080900001</misses>
				<total>0</total>
				<timestamp>6866.054125</timestamp>
			</report>
			<report>
				<misses>1081000001</misses>
				<total>0</total>
				<timestamp>6866.688558</timestamp>
			</report>
			<report>
				<misses>1081100001</misses>
				<total>0</total>
				<timestamp>6867.322520</timestamp>
			</report>
			<report>
				<misses>1081200001</misses>
				<total>0</total>
				<timestamp>6867.955542</timestamp>
			</report>
			<report>
				<misses>1081300001</misses>
				<total>0</total>
				<timestamp>6868.589858</timestamp>
			</report>
			<report>
				<misses>1081400001</misses>
				<total>0</total>
				<timestamp>6869.224245</timestamp>
			</report>
			<report>
				<misses>1081500001</misses>
				<total>0</total>
				<timestamp>6869.858500</timestamp>
			</report>
			<report>
				<misses>1081600001</misses>
				<total>0</total>
				<timestamp>6870.491697</timestamp>
			</report>
			<report>
				<misses>1081700001</misses>
				<total>0</total>
				<timestamp>6871.125333</timestamp>
			</report>
			<report>
				<misses>1081800001</misses>
				<total>0</total>
				<timestamp>6871.759506</timestamp>
			</report>
			<report>
				<misses>1081900001</misses>
				<total>0</total>
				<timestamp>6872.393631</timestamp>
			</report>
			<report>
				<misses>1082000001</misses>
				<total>0</total>
				<timestamp>6873.028101</timestamp>
			</report>
			<report>
				<misses>1082100001</misses>
				<total>0</total>
				<timestamp>6873.661929</timestamp>
			</report>
			<report>
				<misses>1082200001</misses>
				<total>0</total>
				<timestamp>6874.295516</timestamp>
			</report>
			<report>
				<misses>1082300001</misses>
				<total>0</total>
				<timestamp>6874.929560</timestamp>
			</report>
			<report>
				<misses>1082400001</misses>
				<total>0</total>
				<timestamp>6875.563862</timestamp>
			</report>
			<report>
				<misses>1082500001</misses>
				<total>0</total>
				<timestamp>6876.198015</timestamp>
			</report>
			<report>
				<misses>1082600001</misses>
				<total>0</total>
				<timestamp>6876.833228</timestamp>
			</report>
			<report>
				<misses>1082700001</misses>
				<total>0</total>
				<timestamp>6877.466890</timestamp>
			</report>
			<report>
				<misses>1082800001</misses>
				<total>0</total>
				<timestamp>6878.100896</timestamp>
			</report>
			<report>
				<misses>1082900001</misses>
				<total>0</total>
				<timestamp>6878.735274</timestamp>
			</report>
			<report>
				<misses>1083000001</misses>
				<total>0</total>
				<timestamp>6879.369997</timestamp>
			</report>
			<report>
				<misses>1083100001</misses>
				<total>0</total>
				<timestamp>6880.004457</timestamp>
			</report>
			<report>
				<misses>1083200001</misses>
				<total>0</total>
				<timestamp>6880.639159</timestamp>
			</report>
			<report>
				<misses>1083300001</misses>
				<total>0</total>
				<timestamp>6881.273789</timestamp>
			</report>
			<report>
				<misses>1083400001</misses>
				<total>0</total>
				<timestamp>6881.908710</timestamp>
			</report>
			<report>
				<misses>1083500001</misses>
				<total>0</total>
				<timestamp>6882.544129</timestamp>
			</report>
			<report>
				<misses>1083600001</misses>
				<total>0</total>
				<timestamp>6883.179339</timestamp>
			</report>
			<report>
				<misses>1083700001</misses>
				<total>0</total>
				<timestamp>6883.814186</timestamp>
			</report>
			<report>
				<misses>1083800001</misses>
				<total>0</total>
				<timestamp>6884.448905</timestamp>
			</report>
			<report>
				<misses>1083900001</misses>
				<total>0</total>
				<timestamp>6885.083461</timestamp>
			</report>
			<report>
				<misses>1084000001</misses>
				<total>0</total>
				<timestamp>6885.718228</timestamp>
			</report>
			<report>
				<misses>1084100001</misses>
				<total>0</total>
				<timestamp>6886.351564</timestamp>
			</report>
			<report>
				<misses>1084200001</misses>
				<total>0</total>
				<timestamp>6886.985390</timestamp>
			</report>
			<report>
				<misses>1084300001</misses>
				<total>0</total>
				<timestamp>6887.618467</timestamp>
			</report>
			<report>
				<misses>1084400001</misses>
				<total>0</total>
				<timestamp>6888.252857</timestamp>
			</report>
			<report>
				<misses>1084500001</misses>
				<total>0</total>
				<timestamp>6888.886472</timestamp>
			</report>
			<report>
				<misses>1084600001</misses>
				<total>0</total>
				<timestamp>6889.520963</timestamp>
			</report>
			<report>
				<misses>1084700001</misses>
				<total>0</total>
				<timestamp>6890.155454</timestamp>
			</report>
			<report>
				<misses>1084800001</misses>
				<total>0</total>
				<timestamp>6890.790455</timestamp>
			</report>
			<report>
				<misses>1084900001</misses>
				<total>0</total>
				<timestamp>6891.424837</timestamp>
			</report>
			<report>
				<misses>1085000001</misses>
				<total>0</total>
				<timestamp>6892.058555</timestamp>
			</report>
			<report>
				<misses>1085100001</misses>
				<total>0</total>
				<timestamp>6892.692214</timestamp>
			</report>
			<report>
				<misses>1085200001</misses>
				<total>0</total>
				<timestamp>6893.325894</timestamp>
			</report>
			<report>
				<misses>1085300001</misses>
				<total>0</total>
				<timestamp>6893.959595</timestamp>
			</report>
			<report>
				<misses>1085400001</misses>
				<total>0</total>
				<timestamp>6894.593467</timestamp>
			</report>
			<report>
				<misses>1085500001</misses>
				<total>0</total>
				<timestamp>6895.227003</timestamp>
			</report>
			<report>
				<misses>1085600001</misses>
				<total>0</total>
				<timestamp>6895.860549</timestamp>
			</report>
			<report>
				<misses>1085700001</misses>
				<total>0</total>
				<timestamp>6896.494637</timestamp>
			</report>
			<report>
				<misses>1085800001</misses>
				<total>0</total>
				<timestamp>6897.131401</timestamp>
			</report>
			<report>
				<misses>1085900001</misses>
				<total>0</total>
				<timestamp>6897.765704</timestamp>
			</report>
			<report>
				<misses>1086000001</misses>
				<total>0</total>
				<timestamp>6898.400240</timestamp>
			</report>
			<report>
				<misses>1086100001</misses>
				<total>0</total>
				<timestamp>6899.036720</timestamp>
			</report>
			<report>
				<misses>1086200001</misses>
				<total>0</total>
				<timestamp>6899.670533</timestamp>
			</report>
			<report>
				<misses>1086300001</misses>
				<total>0</total>
				<timestamp>6900.304088</timestamp>
			</report>
			<report>
				<misses>1086400001</misses>
				<total>0</total>
				<timestamp>6900.937377</timestamp>
			</report>
			<report>
				<misses>1086500001</misses>
				<total>0</total>
				<timestamp>6901.570618</timestamp>
			</report>
			<report>
				<misses>1086600001</misses>
				<total>0</total>
				<timestamp>6902.204960</timestamp>
			</report>
			<report>
				<misses>1086700001</misses>
				<total>0</total>
				<timestamp>6902.838671</timestamp>
			</report>
			<report>
				<misses>1086800001</misses>
				<total>0</total>
				<timestamp>6903.471976</timestamp>
			</report>
			<report>
				<misses>1086900001</misses>
				<total>0</total>
				<timestamp>6904.105503</timestamp>
			</report>
			<report>
				<misses>1087000001</misses>
				<total>0</total>
				<timestamp>6904.739614</timestamp>
			</report>
			<report>
				<misses>1087100001</misses>
				<total>0</total>
				<timestamp>6905.373393</timestamp>
			</report>
			<report>
				<misses>1087200001</misses>
				<total>0</total>
				<timestamp>6906.006860</timestamp>
			</report>
			<report>
				<misses>1087300001</misses>
				<total>0</total>
				<timestamp>6906.641037</timestamp>
			</report>
			<report>
				<misses>1087400001</misses>
				<total>0</total>
				<timestamp>6907.277417</timestamp>
			</report>
			<report>
				<misses>1087500001</misses>
				<total>0</total>
				<timestamp>6907.913202</timestamp>
			</report>
			<report>
				<misses>1087600001</misses>
				<total>0</total>
				<timestamp>6908.548170</timestamp>
			</report>
			<report>
				<misses>1087700001</misses>
				<total>0</total>
				<timestamp>6909.182798</timestamp>
			</report>
			<report>
				<misses>1087800001</misses>
				<total>0</total>
				<timestamp>6909.818014</timestamp>
			</report>
			<report>
				<misses>1087900001</misses>
				<total>0</total>
				<timestamp>6910.452446</timestamp>
			</report>
			<report>
				<misses>1088000001</misses>
				<total>0</total>
				<timestamp>6911.087061</timestamp>
			</report>
			<report>
				<misses>1088100001</misses>
				<total>0</total>
				<timestamp>6911.721045</timestamp>
			</report>
			<report>
				<misses>1088200001</misses>
				<total>0</total>
				<timestamp>6912.355462</timestamp>
			</report>
			<report>
				<misses>1088300001</misses>
				<total>0</total>
				<timestamp>6912.990089</timestamp>
			</report>
			<report>
				<misses>1088400001</misses>
				<total>0</total>
				<timestamp>6913.623664</timestamp>
			</report>
			<report>
				<misses>1088500001</misses>
				<total>0</total>
				<timestamp>6914.257848</timestamp>
			</report>
			<report>
				<misses>1088600001</misses>
				<total>0</total>
				<timestamp>6914.891936</timestamp>
			</report>
			<report>
				<misses>1088700001</misses>
				<total>0</total>
				<timestamp>6915.526521</timestamp>
			</report>
			<report>
				<misses>1088800001</misses>
				<total>0</total>
				<timestamp>6916.160744</timestamp>
			</report>
			<report>
				<misses>1088900001</misses>
				<total>0</total>
				<timestamp>6916.794733</timestamp>
			</report>
			<report>
				<misses>1089000001</misses>
				<total>0</total>
				<timestamp>6917.428739</timestamp>
			</report>
			<report>
				<misses>1089100001</misses>
				<total>0</total>
				<timestamp>6918.062531</timestamp>
			</report>
			<report>
				<misses>1089200001</misses>
				<total>0</total>
				<timestamp>6918.696062</timestamp>
			</report>
			<report>
				<misses>1089300001</misses>
				<total>0</total>
				<timestamp>6919.329846</timestamp>
			</report>
			<report>
				<misses>1089400001</misses>
				<total>0</total>
				<timestamp>6919.963951</timestamp>
			</report>
			<report>
				<misses>1089500001</misses>
				<total>0</total>
				<timestamp>6920.598440</timestamp>
			</report>
			<report>
				<misses>1089600001</misses>
				<total>0</total>
				<timestamp>6921.232267</timestamp>
			</report>
			<report>
				<misses>1089700001</misses>
				<total>0</total>
				<timestamp>6921.866147</timestamp>
			</report>
			<report>
				<misses>1089800001</misses>
				<total>0</total>
				<timestamp>6922.500371</timestamp>
			</report>
			<report>
				<misses>1089900001</misses>
				<total>0</total>
				<timestamp>6923.133693</timestamp>
			</report>
			<report>
				<misses>1090000001</misses>
				<total>0</total>
				<timestamp>6923.767851</timestamp>
			</report>
			<report>
				<misses>1090100001</misses>
				<total>0</total>
				<timestamp>6924.401947</timestamp>
			</report>
			<report>
				<misses>1090200001</misses>
				<total>0</total>
				<timestamp>6925.035657</timestamp>
			</report>
			<report>
				<misses>1090300001</misses>
				<total>0</total>
				<timestamp>6925.669393</timestamp>
			</report>
			<report>
				<misses>1090400001</misses>
				<total>0</total>
				<timestamp>6926.305280</timestamp>
			</report>
			<report>
				<misses>1090500001</misses>
				<total>0</total>
				<timestamp>6926.939604</timestamp>
			</report>
			<report>
				<misses>1090600001</misses>
				<total>0</total>
				<timestamp>6927.573377</timestamp>
			</report>
			<report>
				<misses>1090700001</misses>
				<total>0</total>
				<timestamp>6928.206819</timestamp>
			</report>
			<report>
				<misses>1090800001</misses>
				<total>0</total>
				<timestamp>6928.840520</timestamp>
			</report>
			<report>
				<misses>1090900001</misses>
				<total>0</total>
				<timestamp>6929.474968</timestamp>
			</report>
			<report>
				<misses>1091000001</misses>
				<total>0</total>
				<timestamp>6930.108834</timestamp>
			</report>
			<report>
				<misses>1091100001</misses>
				<total>0</total>
				<timestamp>6930.743146</timestamp>
			</report>
			<report>
				<misses>1091200001</misses>
				<total>0</total>
				<timestamp>6931.376970</timestamp>
			</report>
			<report>
				<misses>1091300001</misses>
				<total>0</total>
				<timestamp>6932.010940</timestamp>
			</report>
			<report>
				<misses>1091400001</misses>
				<total>0</total>
				<timestamp>6932.644492</timestamp>
			</report>
			<report>
				<misses>1091500001</misses>
				<total>0</total>
				<timestamp>6933.278599</timestamp>
			</report>
			<report>
				<misses>1091600001</misses>
				<total>0</total>
				<timestamp>6933.913541</timestamp>
			</report>
			<report>
				<misses>1091700001</misses>
				<total>0</total>
				<timestamp>6934.549046</timestamp>
			</report>
			<report>
				<misses>1091800001</misses>
				<total>0</total>
				<timestamp>6935.183719</timestamp>
			</report>
			<report>
				<misses>1091900001</misses>
				<total>0</total>
				<timestamp>6935.817901</timestamp>
			</report>
			<report>
				<misses>1092000001</misses>
				<total>0</total>
				<timestamp>6936.453263</timestamp>
			</report>
			<report>
				<misses>1092100001</misses>
				<total>0</total>
				<timestamp>6937.100522</timestamp>
			</report>
			<report>
				<misses>1092200001</misses>
				<total>0</total>
				<timestamp>6937.735011</timestamp>
			</report>
			<report>
				<misses>1092300001</misses>
				<total>0</total>
				<timestamp>6938.368964</timestamp>
			</report>
			<report>
				<misses>1092400001</misses>
				<total>0</total>
				<timestamp>6939.003616</timestamp>
			</report>
			<report>
				<misses>1092500001</misses>
				<total>0</total>
				<timestamp>6939.637305</timestamp>
			</report>
			<report>
				<misses>1092600001</misses>
				<total>0</total>
				<timestamp>6940.270586</timestamp>
			</report>
			<report>
				<misses>1092700001</misses>
				<total>0</total>
				<timestamp>6940.904986</timestamp>
			</report>
			<report>
				<misses>1092800001</misses>
				<total>0</total>
				<timestamp>6941.538318</timestamp>
			</report>
			<report>
				<misses>1092900001</misses>
				<total>0</total>
				<timestamp>6942.173050</timestamp>
			</report>
			<report>
				<misses>1093000001</misses>
				<total>0</total>
				<timestamp>6942.807085</timestamp>
			</report>
			<report>
				<misses>1093100001</misses>
				<total>0</total>
				<timestamp>6943.441580</timestamp>
			</report>
			<report>
				<misses>1093200001</misses>
				<total>0</total>
				<timestamp>6944.075041</timestamp>
			</report>
			<report>
				<misses>1093300001</misses>
				<total>0</total>
				<timestamp>6944.708489</timestamp>
			</report>
			<report>
				<misses>1093400001</misses>
				<total>0</total>
				<timestamp>6945.342699</timestamp>
			</report>
			<report>
				<misses>1093500001</misses>
				<total>0</total>
				<timestamp>6945.977549</timestamp>
			</report>
			<report>
				<misses>1093600001</misses>
				<total>0</total>
				<timestamp>6946.611677</timestamp>
			</report>
			<report>
				<misses>1093700001</misses>
				<total>0</total>
				<timestamp>6947.245433</timestamp>
			</report>
			<report>
				<misses>1093800001</misses>
				<total>0</total>
				<timestamp>6947.880007</timestamp>
			</report>
			<report>
				<misses>1093900001</misses>
				<total>0</total>
				<timestamp>6948.513121</timestamp>
			</report>
			<report>
				<misses>1094000001</misses>
				<total>0</total>
				<timestamp>6949.146524</timestamp>
			</report>
			<report>
				<misses>1094100001</misses>
				<total>0</total>
				<timestamp>6949.779968</timestamp>
			</report>
			<report>
				<misses>1094200001</misses>
				<total>0</total>
				<timestamp>6950.413081</timestamp>
			</report>
			<report>
				<misses>1094300001</misses>
				<total>0</total>
				<timestamp>6951.046746</timestamp>
			</report>
			<report>
				<misses>1094400001</misses>
				<total>0</total>
				<timestamp>6951.679822</timestamp>
			</report>
			<report>
				<misses>1094500001</misses>
				<total>0</total>
				<timestamp>6952.313141</timestamp>
			</report>
			<report>
				<misses>1094600001</misses>
				<total>0</total>
				<timestamp>6952.946916</timestamp>
			</report>
			<report>
				<misses>1094700001</misses>
				<total>0</total>
				<timestamp>6953.579922</timestamp>
			</report>
			<report>
				<misses>1094800001</misses>
				<total>0</total>
				<timestamp>6954.213232</timestamp>
			</report>
			<report>
				<misses>1094900001</misses>
				<total>0</total>
				<timestamp>6954.847080</timestamp>
			</report>
			<report>
				<misses>1095000001</misses>
				<total>0</total>
				<timestamp>6955.480699</timestamp>
			</report>
			<report>
				<misses>1095100001</misses>
				<total>0</total>
				<timestamp>6956.114512</timestamp>
			</report>
			<report>
				<misses>1095200001</misses>
				<total>0</total>
				<timestamp>6956.748264</timestamp>
			</report>
			<report>
				<misses>1095300001</misses>
				<total>0</total>
				<timestamp>6957.382392</timestamp>
			</report>
			<report>
				<misses>1095400001</misses>
				<total>0</total>
				<timestamp>6958.016488</timestamp>
			</report>
			<report>
				<misses>1095500001</misses>
				<total>0</total>
				<timestamp>6958.650510</timestamp>
			</report>
			<report>
				<misses>1095600001</misses>
				<total>0</total>
				<timestamp>6959.283820</timestamp>
			</report>
			<report>
				<misses>1095700001</misses>
				<total>0</total>
				<timestamp>6959.918084</timestamp>
			</report>
			<report>
				<misses>1095800001</misses>
				<total>0</total>
				<timestamp>6960.552492</timestamp>
			</report>
			<report>
				<misses>1095900001</misses>
				<total>0</total>
				<timestamp>6961.186208</timestamp>
			</report>
			<report>
				<misses>1096000001</misses>
				<total>0</total>
				<timestamp>6961.820093</timestamp>
			</report>
			<report>
				<misses>1096100001</misses>
				<total>0</total>
				<timestamp>6962.454381</timestamp>
			</report>
			<report>
				<misses>1096200001</misses>
				<total>0</total>
				<timestamp>6963.088661</timestamp>
			</report>
			<report>
				<misses>1096300001</misses>
				<total>0</total>
				<timestamp>6963.722919</timestamp>
			</report>
			<report>
				<misses>1096400001</misses>
				<total>0</total>
				<timestamp>6964.357695</timestamp>
			</report>
			<report>
				<misses>1096500001</misses>
				<total>0</total>
				<timestamp>6964.991313</timestamp>
			</report>
			<report>
				<misses>1096600001</misses>
				<total>0</total>
				<timestamp>6965.625063</timestamp>
			</report>
			<report>
				<misses>1096700001</misses>
				<total>0</total>
				<timestamp>6966.258992</timestamp>
			</report>
			<report>
				<misses>1096800001</misses>
				<total>0</total>
				<timestamp>6966.892428</timestamp>
			</report>
			<report>
				<misses>1096900001</misses>
				<total>0</total>
				<timestamp>6967.526496</timestamp>
			</report>
			<report>
				<misses>1097000001</misses>
				<total>0</total>
				<timestamp>6968.160028</timestamp>
			</report>
			<report>
				<misses>1097100001</misses>
				<total>0</total>
				<timestamp>6968.794386</timestamp>
			</report>
			<report>
				<misses>1097200001</misses>
				<total>0</total>
				<timestamp>6969.427991</timestamp>
			</report>
			<report>
				<misses>1097300001</misses>
				<total>0</total>
				<timestamp>6970.062458</timestamp>
			</report>
			<report>
				<misses>1097400001</misses>
				<total>0</total>
				<timestamp>6970.695367</timestamp>
			</report>
			<report>
				<misses>1097500001</misses>
				<total>0</total>
				<timestamp>6971.328849</timestamp>
			</report>
			<report>
				<misses>1097600001</misses>
				<total>0</total>
				<timestamp>6971.961999</timestamp>
			</report>
			<report>
				<misses>1097700001</misses>
				<total>0</total>
				<timestamp>6972.594930</timestamp>
			</report>
			<report>
				<misses>1097800001</misses>
				<total>0</total>
				<timestamp>6973.228540</timestamp>
			</report>
			<report>
				<misses>1097900001</misses>
				<total>0</total>
				<timestamp>6973.862869</timestamp>
			</report>
			<report>
				<misses>1098000001</misses>
				<total>0</total>
				<timestamp>6974.496419</timestamp>
			</report>
			<report>
				<misses>1098100001</misses>
				<total>0</total>
				<timestamp>6975.130314</timestamp>
			</report>
			<report>
				<misses>1098200001</misses>
				<total>0</total>
				<timestamp>6975.764467</timestamp>
			</report>
			<report>
				<misses>1098300001</misses>
				<total>0</total>
				<timestamp>6976.397145</timestamp>
			</report>
			<report>
				<misses>1098400001</misses>
				<total>0</total>
				<timestamp>6977.029557</timestamp>
			</report>
			<report>
				<misses>1098500001</misses>
				<total>0</total>
				<timestamp>6977.663518</timestamp>
			</report>
			<report>
				<misses>1098600001</misses>
				<total>0</total>
				<timestamp>6978.297344</timestamp>
			</report>
			<report>
				<misses>1098700001</misses>
				<total>0</total>
				<timestamp>6978.931396</timestamp>
			</report>
			<report>
				<misses>1098800001</misses>
				<total>0</total>
				<timestamp>6979.564597</timestamp>
			</report>
			<report>
				<misses>1098900001</misses>
				<total>0</total>
				<timestamp>6980.197699</timestamp>
			</report>
			<report>
				<misses>1099000001</misses>
				<total>0</total>
				<timestamp>6980.831785</timestamp>
			</report>
			<report>
				<misses>1099100001</misses>
				<total>0</total>
				<timestamp>6981.465893</timestamp>
			</report>
			<report>
				<misses>1099200001</misses>
				<total>0</total>
				<timestamp>6982.100015</timestamp>
			</report>
			<report>
				<misses>1099300001</misses>
				<total>0</total>
				<timestamp>6982.732705</timestamp>
			</report>
			<report>
				<misses>1099400001</misses>
				<total>0</total>
				<timestamp>6983.366355</timestamp>
			</report>
			<report>
				<misses>1099500001</misses>
				<total>0</total>
				<timestamp>6984.001704</timestamp>
			</report>
			<report>
				<misses>1099600001</misses>
				<total>0</total>
				<timestamp>6984.636397</timestamp>
			</report>
			<report>
				<misses>1099700001</misses>
				<total>0</total>
				<timestamp>6985.272765</timestamp>
			</report>
			<report>
				<misses>1099800001</misses>
				<total>0</total>
				<timestamp>6985.906856</timestamp>
			</report>
			<report>
				<misses>1099900001</misses>
				<total>0</total>
				<timestamp>6986.542441</timestamp>
			</report>
			<report>
				<misses>1100000001</misses>
				<total>0</total>
				<timestamp>6987.177185</timestamp>
			</report>
			<report>
				<misses>1100100001</misses>
				<total>0</total>
				<timestamp>6987.811523</timestamp>
			</report>
			<report>
				<misses>1100200001</misses>
				<total>0</total>
				<timestamp>6988.446056</timestamp>
			</report>
			<report>
				<misses>1100300001</misses>
				<total>0</total>
				<timestamp>6989.079960</timestamp>
			</report>
			<report>
				<misses>1100400001</misses>
				<total>0</total>
				<timestamp>6989.713425</timestamp>
			</report>
			<report>
				<misses>1100500001</misses>
				<total>0</total>
				<timestamp>6990.346663</timestamp>
			</report>
			<report>
				<misses>1100600001</misses>
				<total>0</total>
				<timestamp>6990.980044</timestamp>
			</report>
			<report>
				<misses>1100700001</misses>
				<total>0</total>
				<timestamp>6991.613203</timestamp>
			</report>
			<report>
				<misses>1100800001</misses>
				<total>0</total>
				<timestamp>6992.247408</timestamp>
			</report>
			<report>
				<misses>1100900001</misses>
				<total>0</total>
				<timestamp>6992.881271</timestamp>
			</report>
			<report>
				<misses>1101000001</misses>
				<total>0</total>
				<timestamp>6993.514796</timestamp>
			</report>
			<report>
				<misses>1101100001</misses>
				<total>0</total>
				<timestamp>6994.147722</timestamp>
			</report>
			<report>
				<misses>1101200001</misses>
				<total>0</total>
				<timestamp>6994.780363</timestamp>
			</report>
			<report>
				<misses>1101300001</misses>
				<total>0</total>
				<timestamp>6995.413228</timestamp>
			</report>
			<report>
				<misses>1101400001</misses>
				<total>0</total>
				<timestamp>6996.046322</timestamp>
			</report>
			<report>
				<misses>1101500001</misses>
				<total>0</total>
				<timestamp>6996.680037</timestamp>
			</report>
			<report>
				<misses>1101600001</misses>
				<total>0</total>
				<timestamp>6997.316856</timestamp>
			</report>
			<report>
				<misses>1101700001</misses>
				<total>0</total>
				<timestamp>6997.950437</timestamp>
			</report>
			<report>
				<misses>1101800001</misses>
				<total>0</total>
				<timestamp>6998.584361</timestamp>
			</report>
			<report>
				<misses>1101900001</misses>
				<total>0</total>
				<timestamp>6999.219448</timestamp>
			</report>
			<report>
				<misses>1102000001</misses>
				<total>0</total>
				<timestamp>6999.853390</timestamp>
			</report>
			<report>
				<misses>1102100001</misses>
				<total>0</total>
				<timestamp>7000.487431</timestamp>
			</report>
			<report>
				<misses>1102200001</misses>
				<total>0</total>
				<timestamp>7001.121635</timestamp>
			</report>
			<report>
				<misses>1102300001</misses>
				<total>0</total>
				<timestamp>7001.755518</timestamp>
			</report>
			<report>
				<misses>1102400001</misses>
				<total>0</total>
				<timestamp>7002.389187</timestamp>
			</report>
			<report>
				<misses>1102500001</misses>
				<total>0</total>
				<timestamp>7003.022903</timestamp>
			</report>
			<report>
				<misses>1102600001</misses>
				<total>0</total>
				<timestamp>7003.656430</timestamp>
			</report>
			<report>
				<misses>1102700001</misses>
				<total>0</total>
				<timestamp>7004.290080</timestamp>
			</report>
			<report>
				<misses>1102800001</misses>
				<total>0</total>
				<timestamp>7004.923362</timestamp>
			</report>
			<report>
				<misses>1102900001</misses>
				<total>0</total>
				<timestamp>7005.556679</timestamp>
			</report>
			<report>
				<misses>1103000001</misses>
				<total>0</total>
				<timestamp>7006.189919</timestamp>
			</report>
			<report>
				<misses>1103100001</misses>
				<total>0</total>
				<timestamp>7006.822859</timestamp>
			</report>
			<report>
				<misses>1103200001</misses>
				<total>0</total>
				<timestamp>7007.457464</timestamp>
			</report>
			<report>
				<misses>1103300001</misses>
				<total>0</total>
				<timestamp>7008.091843</timestamp>
			</report>
			<report>
				<misses>1103400001</misses>
				<total>0</total>
				<timestamp>7008.725964</timestamp>
			</report>
			<report>
				<misses>1103500001</misses>
				<total>0</total>
				<timestamp>7009.360227</timestamp>
			</report>
			<report>
				<misses>1103600001</misses>
				<total>0</total>
				<timestamp>7009.994253</timestamp>
			</report>
			<report>
				<misses>1103700001</misses>
				<total>0</total>
				<timestamp>7010.628582</timestamp>
			</report>
			<report>
				<misses>1103800001</misses>
				<total>0</total>
				<timestamp>7011.262896</timestamp>
			</report>
			<report>
				<misses>1103900001</misses>
				<total>0</total>
				<timestamp>7011.897095</timestamp>
			</report>
			<report>
				<misses>1104000001</misses>
				<total>0</total>
				<timestamp>7012.530226</timestamp>
			</report>
			<report>
				<misses>1104100001</misses>
				<total>0</total>
				<timestamp>7013.163860</timestamp>
			</report>
			<report>
				<misses>1104200001</misses>
				<total>0</total>
				<timestamp>7013.797426</timestamp>
			</report>
			<report>
				<misses>1104300001</misses>
				<total>0</total>
				<timestamp>7014.430933</timestamp>
			</report>
			<report>
				<misses>1104400001</misses>
				<total>0</total>
				<timestamp>7015.064671</timestamp>
			</report>
			<report>
				<misses>1104500001</misses>
				<total>0</total>
				<timestamp>7015.700918</timestamp>
			</report>
			<report>
				<misses>1104600001</misses>
				<total>0</total>
				<timestamp>7016.338065</timestamp>
			</report>
			<report>
				<misses>1104700001</misses>
				<total>0</total>
				<timestamp>7016.972264</timestamp>
			</report>
			<report>
				<misses>1104800001</misses>
				<total>0</total>
				<timestamp>7017.606281</timestamp>
			</report>
			<report>
				<misses>1104900001</misses>
				<total>0</total>
				<timestamp>7018.240395</timestamp>
			</report>
			<report>
				<misses>1105000001</misses>
				<total>0</total>
				<timestamp>7018.873925</timestamp>
			</report>
			<report>
				<misses>1105100001</misses>
				<total>0</total>
				<timestamp>7019.507066</timestamp>
			</report>
			<report>
				<misses>1105200001</misses>
				<total>0</total>
				<timestamp>7020.140039</timestamp>
			</report>
			<report>
				<misses>1105300001</misses>
				<total>0</total>
				<timestamp>7020.773562</timestamp>
			</report>
			<report>
				<misses>1105400001</misses>
				<total>0</total>
				<timestamp>7021.406930</timestamp>
			</report>
			<report>
				<misses>1105500001</misses>
				<total>0</total>
				<timestamp>7022.040684</timestamp>
			</report>
			<report>
				<misses>1105600001</misses>
				<total>0</total>
				<timestamp>7022.674076</timestamp>
			</report>
			<report>
				<misses>1105700001</misses>
				<total>0</total>
				<timestamp>7023.307835</timestamp>
			</report>
			<report>
				<misses>1105800001</misses>
				<total>0</total>
				<timestamp>7023.941331</timestamp>
			</report>
			<report>
				<misses>1105900001</misses>
				<total>0</total>
				<timestamp>7024.575495</timestamp>
			</report>
			<report>
				<misses>1106000001</misses>
				<total>0</total>
				<timestamp>7025.209013</timestamp>
			</report>
			<report>
				<misses>1106100001</misses>
				<total>0</total>
				<timestamp>7025.842689</timestamp>
			</report>
			<report>
				<misses>1106200001</misses>
				<total>0</total>
				<timestamp>7026.476966</timestamp>
			</report>
			<report>
				<misses>1106300001</misses>
				<total>0</total>
				<timestamp>7027.110688</timestamp>
			</report>
			<report>
				<misses>1106400001</misses>
				<total>0</total>
				<timestamp>7027.744518</timestamp>
			</report>
			<report>
				<misses>1106500001</misses>
				<total>0</total>
				<timestamp>7028.377468</timestamp>
			</report>
			<report>
				<misses>1106600001</misses>
				<total>0</total>
				<timestamp>7029.010874</timestamp>
			</report>
			<report>
				<misses>1106700001</misses>
				<total>0</total>
				<timestamp>7029.644658</timestamp>
			</report>
			<report>
				<misses>1106800001</misses>
				<total>0</total>
				<timestamp>7030.278475</timestamp>
			</report>
			<report>
				<misses>1106900001</misses>
				<total>0</total>
				<timestamp>7030.913701</timestamp>
			</report>
			<report>
				<misses>1107000001</misses>
				<total>0</total>
				<timestamp>7031.548235</timestamp>
			</report>
			<report>
				<misses>1107100001</misses>
				<total>0</total>
				<timestamp>7032.183144</timestamp>
			</report>
			<report>
				<misses>1107200001</misses>
				<total>0</total>
				<timestamp>7032.818151</timestamp>
			</report>
			<report>
				<misses>1107300001</misses>
				<total>0</total>
				<timestamp>7033.452848</timestamp>
			</report>
			<report>
				<misses>1107400001</misses>
				<total>0</total>
				<timestamp>7034.087143</timestamp>
			</report>
			<report>
				<misses>1107500001</misses>
				<total>0</total>
				<timestamp>7034.721400</timestamp>
			</report>
			<report>
				<misses>1107600001</misses>
				<total>0</total>
				<timestamp>7035.356048</timestamp>
			</report>
			<report>
				<misses>1107700001</misses>
				<total>0</total>
				<timestamp>7035.990012</timestamp>
			</report>
			<report>
				<misses>1107800001</misses>
				<total>0</total>
				<timestamp>7036.623695</timestamp>
			</report>
			<report>
				<misses>1107900001</misses>
				<total>0</total>
				<timestamp>7037.257347</timestamp>
			</report>
			<report>
				<misses>1108000001</misses>
				<total>0</total>
				<timestamp>7037.891494</timestamp>
			</report>
			<report>
				<misses>1108100001</misses>
				<total>0</total>
				<timestamp>7038.525394</timestamp>
			</report>
			<report>
				<misses>1108200001</misses>
				<total>0</total>
				<timestamp>7039.159395</timestamp>
			</report>
			<report>
				<misses>1108300001</misses>
				<total>0</total>
				<timestamp>7039.793573</timestamp>
			</report>
			<report>
				<misses>1108400001</misses>
				<total>0</total>
				<timestamp>7040.427254</timestamp>
			</report>
			<report>
				<misses>1108500001</misses>
				<total>0</total>
				<timestamp>7041.060499</timestamp>
			</report>
			<report>
				<misses>1108600001</misses>
				<total>0</total>
				<timestamp>7041.694155</timestamp>
			</report>
			<report>
				<misses>1108700001</misses>
				<total>0</total>
				<timestamp>7042.327589</timestamp>
			</report>
			<report>
				<misses>1108800001</misses>
				<total>0</total>
				<timestamp>7042.960360</timestamp>
			</report>
			<report>
				<misses>1108900001</misses>
				<total>0</total>
				<timestamp>7043.593400</timestamp>
			</report>
			<report>
				<misses>1109000001</misses>
				<total>0</total>
				<timestamp>7044.226603</timestamp>
			</report>
			<report>
				<misses>1109100001</misses>
				<total>0</total>
				<timestamp>7044.859996</timestamp>
			</report>
			<report>
				<misses>1109200001</misses>
				<total>0</total>
				<timestamp>7045.493634</timestamp>
			</report>
			<report>
				<misses>1109300001</misses>
				<total>0</total>
				<timestamp>7046.134257</timestamp>
			</report>
			<report>
				<misses>1109400001</misses>
				<total>0</total>
				<timestamp>7046.768131</timestamp>
			</report>
			<report>
				<misses>1109500001</misses>
				<total>0</total>
				<timestamp>7047.401911</timestamp>
			</report>
			<report>
				<misses>1109600001</misses>
				<total>0</total>
				<timestamp>7048.035496</timestamp>
			</report>
			<report>
				<misses>1109700001</misses>
				<total>0</total>
				<timestamp>7048.668867</timestamp>
			</report>
			<report>
				<misses>1109800001</misses>
				<total>0</total>
				<timestamp>7049.303426</timestamp>
			</report>
			<report>
				<misses>1109900001</misses>
				<total>0</total>
				<timestamp>7049.937566</timestamp>
			</report>
			<report>
				<misses>1110000001</misses>
				<total>0</total>
				<timestamp>7050.570968</timestamp>
			</report>
			<report>
				<misses>1110100001</misses>
				<total>0</total>
				<timestamp>7051.204332</timestamp>
			</report>
			<report>
				<misses>1110200001</misses>
				<total>0</total>
				<timestamp>7051.836440</timestamp>
			</report>
			<report>
				<misses>1110300001</misses>
				<total>0</total>
				<timestamp>7052.470755</timestamp>
			</report>
			<report>
				<misses>1110400001</misses>
				<total>0</total>
				<timestamp>7053.104687</timestamp>
			</report>
			<report>
				<misses>1110500001</misses>
				<total>0</total>
				<timestamp>7053.738633</timestamp>
			</report>
			<report>
				<misses>1110600001</misses>
				<total>0</total>
				<timestamp>7054.373015</timestamp>
			</report>
			<report>
				<misses>1110700001</misses>
				<total>0</total>
				<timestamp>7055.006860</timestamp>
			</report>
			<report>
				<misses>1110800001</misses>
				<total>0</total>
				<timestamp>7055.640255</timestamp>
			</report>
			<report>
				<misses>1110900001</misses>
				<total>0</total>
				<timestamp>7056.274126</timestamp>
			</report>
			<report>
				<misses>1111000001</misses>
				<total>0</total>
				<timestamp>7056.908932</timestamp>
			</report>
			<report>
				<misses>1111100001</misses>
				<total>0</total>
				<timestamp>7057.542937</timestamp>
			</report>
			<report>
				<misses>1111200001</misses>
				<total>0</total>
				<timestamp>7058.177359</timestamp>
			</report>
			<report>
				<misses>1111300001</misses>
				<total>0</total>
				<timestamp>7058.810782</timestamp>
			</report>
			<report>
				<misses>1111400001</misses>
				<total>0</total>
				<timestamp>7059.444694</timestamp>
			</report>
			<report>
				<misses>1111500001</misses>
				<total>0</total>
				<timestamp>7060.078397</timestamp>
			</report>
			<report>
				<misses>1111600001</misses>
				<total>0</total>
				<timestamp>7060.712428</timestamp>
			</report>
			<report>
				<misses>1111700001</misses>
				<total>0</total>
				<timestamp>7061.346309</timestamp>
			</report>
			<report>
				<misses>1111800001</misses>
				<total>0</total>
				<timestamp>7061.980388</timestamp>
			</report>
			<report>
				<misses>1111900001</misses>
				<total>0</total>
				<timestamp>7062.613547</timestamp>
			</report>
			<report>
				<misses>1112000001</misses>
				<total>0</total>
				<timestamp>7063.247097</timestamp>
			</report>
			<report>
				<misses>1112100001</misses>
				<total>0</total>
				<timestamp>7063.880370</timestamp>
			</report>
			<report>
				<misses>1112200001</misses>
				<total>0</total>
				<timestamp>7064.513944</timestamp>
			</report>
			<report>
				<misses>1112300001</misses>
				<total>0</total>
				<timestamp>7065.147378</timestamp>
			</report>
			<report>
				<misses>1112400001</misses>
				<total>0</total>
				<timestamp>7065.781349</timestamp>
			</report>
			<report>
				<misses>1112500001</misses>
				<total>0</total>
				<timestamp>7066.414976</timestamp>
			</report>
			<report>
				<misses>1112600001</misses>
				<total>0</total>
				<timestamp>7067.048456</timestamp>
			</report>
			<report>
				<misses>1112700001</misses>
				<total>0</total>
				<timestamp>7067.681858</timestamp>
			</report>
			<report>
				<misses>1112800001</misses>
				<total>0</total>
				<timestamp>7068.315664</timestamp>
			</report>
			<report>
				<misses>1112900001</misses>
				<total>0</total>
				<timestamp>7068.948924</timestamp>
			</report>
			<report>
				<misses>1113000001</misses>
				<total>0</total>
				<timestamp>7069.582360</timestamp>
			</report>
			<report>
				<misses>1113100001</misses>
				<total>0</total>
				<timestamp>7070.216261</timestamp>
			</report>
			<report>
				<misses>1113200001</misses>
				<total>0</total>
				<timestamp>7070.850360</timestamp>
			</report>
			<report>
				<misses>1113300001</misses>
				<total>0</total>
				<timestamp>7071.483880</timestamp>
			</report>
			<report>
				<misses>1113400001</misses>
				<total>0</total>
				<timestamp>7072.117448</timestamp>
			</report>
			<report>
				<misses>1113500001</misses>
				<total>0</total>
				<timestamp>7072.750571</timestamp>
			</report>
			<report>
				<misses>1113600001</misses>
				<total>0</total>
				<timestamp>7073.383804</timestamp>
			</report>
			<report>
				<misses>1113700001</misses>
				<total>0</total>
				<timestamp>7074.017683</timestamp>
			</report>
			<report>
				<misses>1113800001</misses>
				<total>0</total>
				<timestamp>7074.651424</timestamp>
			</report>
			<report>
				<misses>1113900001</misses>
				<total>0</total>
				<timestamp>7075.287562</timestamp>
			</report>
			<report>
				<misses>1114000001</misses>
				<total>0</total>
				<timestamp>7075.920482</timestamp>
			</report>
			<report>
				<misses>1114100001</misses>
				<total>0</total>
				<timestamp>7076.554147</timestamp>
			</report>
			<report>
				<misses>1114200001</misses>
				<total>0</total>
				<timestamp>7077.187427</timestamp>
			</report>
			<report>
				<misses>1114300001</misses>
				<total>0</total>
				<timestamp>7077.821684</timestamp>
			</report>
			<report>
				<misses>1114400001</misses>
				<total>0</total>
				<timestamp>7078.458130</timestamp>
			</report>
			<report>
				<misses>1114500001</misses>
				<total>0</total>
				<timestamp>7079.092163</timestamp>
			</report>
			<report>
				<misses>1114600001</misses>
				<total>0</total>
				<timestamp>7079.726633</timestamp>
			</report>
			<report>
				<misses>1114700001</misses>
				<total>0</total>
				<timestamp>7080.361685</timestamp>
			</report>
			<report>
				<misses>1114800001</misses>
				<total>0</total>
				<timestamp>7080.997031</timestamp>
			</report>
			<report>
				<misses>1114900001</misses>
				<total>0</total>
				<timestamp>7081.632432</timestamp>
			</report>
			<report>
				<misses>1115000001</misses>
				<total>0</total>
				<timestamp>7082.267794</timestamp>
			</report>
			<report>
				<misses>1115100001</misses>
				<total>0</total>
				<timestamp>7082.902583</timestamp>
			</report>
			<report>
				<misses>1115200001</misses>
				<total>0</total>
				<timestamp>7083.537392</timestamp>
			</report>
			<report>
				<misses>1115300001</misses>
				<total>0</total>
				<timestamp>7084.173193</timestamp>
			</report>
			<report>
				<misses>1115400001</misses>
				<total>0</total>
				<timestamp>7084.806610</timestamp>
			</report>
			<report>
				<misses>1115500001</misses>
				<total>0</total>
				<timestamp>7085.440801</timestamp>
			</report>
			<report>
				<misses>1115600001</misses>
				<total>0</total>
				<timestamp>7086.074338</timestamp>
			</report>
			<report>
				<misses>1115700001</misses>
				<total>0</total>
				<timestamp>7086.707972</timestamp>
			</report>
			<report>
				<misses>1115800001</misses>
				<total>0</total>
				<timestamp>7087.342191</timestamp>
			</report>
			<report>
				<misses>1115900001</misses>
				<total>0</total>
				<timestamp>7087.976405</timestamp>
			</report>
			<report>
				<misses>1116000001</misses>
				<total>0</total>
				<timestamp>7088.610644</timestamp>
			</report>
			<report>
				<misses>1116100001</misses>
				<total>0</total>
				<timestamp>7089.244658</timestamp>
			</report>
			<report>
				<misses>1116200001</misses>
				<total>0</total>
				<timestamp>7089.878080</timestamp>
			</report>
			<report>
				<misses>1116300001</misses>
				<total>0</total>
				<timestamp>7090.512330</timestamp>
			</report>
			<report>
				<misses>1116400001</misses>
				<total>0</total>
				<timestamp>7091.146994</timestamp>
			</report>
			<report>
				<misses>1116500001</misses>
				<total>0</total>
				<timestamp>7091.783288</timestamp>
			</report>
			<report>
				<misses>1116600001</misses>
				<total>0</total>
				<timestamp>7092.417238</timestamp>
			</report>
			<report>
				<misses>1116700001</misses>
				<total>0</total>
				<timestamp>7093.051117</timestamp>
			</report>
			<report>
				<misses>1116800001</misses>
				<total>0</total>
				<timestamp>7093.684808</timestamp>
			</report>
			<report>
				<misses>1116900001</misses>
				<total>0</total>
				<timestamp>7094.318336</timestamp>
			</report>
			<report>
				<misses>1117000001</misses>
				<total>0</total>
				<timestamp>7094.952638</timestamp>
			</report>
			<report>
				<misses>1117100001</misses>
				<total>0</total>
				<timestamp>7095.586273</timestamp>
			</report>
			<report>
				<misses>1117200001</misses>
				<total>0</total>
				<timestamp>7096.220201</timestamp>
			</report>
			<report>
				<misses>1117300001</misses>
				<total>0</total>
				<timestamp>7096.853928</timestamp>
			</report>
			<report>
				<misses>1117400001</misses>
				<total>0</total>
				<timestamp>7097.487290</timestamp>
			</report>
			<report>
				<misses>1117500001</misses>
				<total>0</total>
				<timestamp>7098.121182</timestamp>
			</report>
			<report>
				<misses>1117600001</misses>
				<total>0</total>
				<timestamp>7098.756949</timestamp>
			</report>
			<report>
				<misses>1117700001</misses>
				<total>0</total>
				<timestamp>7099.391180</timestamp>
			</report>
			<report>
				<misses>1117800001</misses>
				<total>0</total>
				<timestamp>7100.024447</timestamp>
			</report>
			<report>
				<misses>1117900001</misses>
				<total>0</total>
				<timestamp>7100.657161</timestamp>
			</report>
			<report>
				<misses>1118000001</misses>
				<total>0</total>
				<timestamp>7101.290753</timestamp>
			</report>
			<report>
				<misses>1118100001</misses>
				<total>0</total>
				<timestamp>7101.925240</timestamp>
			</report>
			<report>
				<misses>1118200001</misses>
				<total>0</total>
				<timestamp>7102.559838</timestamp>
			</report>
			<report>
				<misses>1118300001</misses>
				<total>0</total>
				<timestamp>7103.195539</timestamp>
			</report>
			<report>
				<misses>1118400001</misses>
				<total>0</total>
				<timestamp>7103.836547</timestamp>
			</report>
			<report>
				<misses>1118500001</misses>
				<total>0</total>
				<timestamp>7104.470620</timestamp>
			</report>
			<report>
				<misses>1118600001</misses>
				<total>0</total>
				<timestamp>7105.117025</timestamp>
			</report>
			<report>
				<misses>1118700001</misses>
				<total>0</total>
				<timestamp>7105.753225</timestamp>
			</report>
			<report>
				<misses>1118800001</misses>
				<total>0</total>
				<timestamp>7106.388968</timestamp>
			</report>
			<report>
				<misses>1118900001</misses>
				<total>0</total>
				<timestamp>7107.022415</timestamp>
			</report>
			<report>
				<misses>1119000001</misses>
				<total>0</total>
				<timestamp>7107.656177</timestamp>
			</report>
			<report>
				<misses>1119100001</misses>
				<total>0</total>
				<timestamp>7108.289893</timestamp>
			</report>
			<report>
				<misses>1119200001</misses>
				<total>0</total>
				<timestamp>7108.926209</timestamp>
			</report>
			<report>
				<misses>1119300001</misses>
				<total>0</total>
				<timestamp>7109.559575</timestamp>
			</report>
			<report>
				<misses>1119400001</misses>
				<total>0</total>
				<timestamp>7110.196618</timestamp>
			</report>
			<report>
				<misses>1119500001</misses>
				<total>0</total>
				<timestamp>7110.831207</timestamp>
			</report>
			<report>
				<misses>1119600001</misses>
				<total>0</total>
				<timestamp>7111.464152</timestamp>
			</report>
			<report>
				<misses>1119700001</misses>
				<total>0</total>
				<timestamp>7112.097426</timestamp>
			</report>
			<report>
				<misses>1119800001</misses>
				<total>0</total>
				<timestamp>7112.731820</timestamp>
			</report>
			<report>
				<misses>1119900001</misses>
				<total>0</total>
				<timestamp>7113.365856</timestamp>
			</report>
			<report>
				<misses>1120000001</misses>
				<total>0</total>
				<timestamp>7114.004953</timestamp>
			</report>
			<report>
				<misses>1120100001</misses>
				<total>0</total>
				<timestamp>7114.638865</timestamp>
			</report>
			<report>
				<misses>1120200001</misses>
				<total>0</total>
				<timestamp>7115.277651</timestamp>
			</report>
			<report>
				<misses>1120300001</misses>
				<total>0</total>
				<timestamp>7115.912320</timestamp>
			</report>
			<report>
				<misses>1120400001</misses>
				<total>0</total>
				<timestamp>7116.546023</timestamp>
			</report>
			<report>
				<misses>1120500001</misses>
				<total>0</total>
				<timestamp>7117.185270</timestamp>
			</report>
			<report>
				<misses>1120600001</misses>
				<total>0</total>
				<timestamp>7117.824243</timestamp>
			</report>
			<report>
				<misses>1120700001</misses>
				<total>0</total>
				<timestamp>7118.457622</timestamp>
			</report>
			<report>
				<misses>1120800001</misses>
				<total>0</total>
				<timestamp>7119.091461</timestamp>
			</report>
			<report>
				<misses>1120900001</misses>
				<total>0</total>
				<timestamp>7119.725008</timestamp>
			</report>
			<report>
				<misses>1121000001</misses>
				<total>0</total>
				<timestamp>7120.359426</timestamp>
			</report>
			<report>
				<misses>1121100001</misses>
				<total>0</total>
				<timestamp>7120.994129</timestamp>
			</report>
			<report>
				<misses>1121200001</misses>
				<total>0</total>
				<timestamp>7121.627839</timestamp>
			</report>
			<report>
				<misses>1121300001</misses>
				<total>0</total>
				<timestamp>7122.261962</timestamp>
			</report>
			<report>
				<misses>1121400001</misses>
				<total>0</total>
				<timestamp>7122.895600</timestamp>
			</report>
			<report>
				<misses>1121500001</misses>
				<total>0</total>
				<timestamp>7123.529714</timestamp>
			</report>
			<report>
				<misses>1121600001</misses>
				<total>0</total>
				<timestamp>7124.162909</timestamp>
			</report>
			<report>
				<misses>1121700001</misses>
				<total>0</total>
				<timestamp>7124.796823</timestamp>
			</report>
			<report>
				<misses>1121800001</misses>
				<total>0</total>
				<timestamp>7125.432236</timestamp>
			</report>
			<report>
				<misses>1121900001</misses>
				<total>0</total>
				<timestamp>7126.067581</timestamp>
			</report>
			<report>
				<misses>1122000001</misses>
				<total>0</total>
				<timestamp>7126.702728</timestamp>
			</report>
			<report>
				<misses>1122100001</misses>
				<total>0</total>
				<timestamp>7127.337671</timestamp>
			</report>
			<report>
				<misses>1122200001</misses>
				<total>0</total>
				<timestamp>7127.972567</timestamp>
			</report>
			<report>
				<misses>1122300001</misses>
				<total>0</total>
				<timestamp>7128.607822</timestamp>
			</report>
			<report>
				<misses>1122400001</misses>
				<total>0</total>
				<timestamp>7129.243050</timestamp>
			</report>
			<report>
				<misses>1122500001</misses>
				<total>0</total>
				<timestamp>7129.877244</timestamp>
			</report>
			<report>
				<misses>1122600001</misses>
				<total>0</total>
				<timestamp>7130.510990</timestamp>
			</report>
			<report>
				<misses>1122700001</misses>
				<total>0</total>
				<timestamp>7131.144792</timestamp>
			</report>
			<report>
				<misses>1122800001</misses>
				<total>0</total>
				<timestamp>7131.779337</timestamp>
			</report>
			<report>
				<misses>1122900001</misses>
				<total>0</total>
				<timestamp>7132.413281</timestamp>
			</report>
			<report>
				<misses>1123000001</misses>
				<total>0</total>
				<timestamp>7133.046826</timestamp>
			</report>
			<report>
				<misses>1123100001</misses>
				<total>0</total>
				<timestamp>7133.680453</timestamp>
			</report>
			<report>
				<misses>1123200001</misses>
				<total>0</total>
				<timestamp>7134.314677</timestamp>
			</report>
			<report>
				<misses>1123300001</misses>
				<total>0</total>
				<timestamp>7134.947957</timestamp>
			</report>
			<report>
				<misses>1123400001</misses>
				<total>0</total>
				<timestamp>7135.580996</timestamp>
			</report>
			<report>
				<misses>1123500001</misses>
				<total>0</total>
				<timestamp>7136.214432</timestamp>
			</report>
			<report>
				<misses>1123600001</misses>
				<total>0</total>
				<timestamp>7136.847953</timestamp>
			</report>
			<report>
				<misses>1123700001</misses>
				<total>0</total>
				<timestamp>7137.481429</timestamp>
			</report>
			<report>
				<misses>1123800001</misses>
				<total>0</total>
				<timestamp>7138.114975</timestamp>
			</report>
			<report>
				<misses>1123900001</misses>
				<total>0</total>
				<timestamp>7138.747545</timestamp>
			</report>
			<report>
				<misses>1124000001</misses>
				<total>0</total>
				<timestamp>7139.380004</timestamp>
			</report>
			<report>
				<misses>1124100001</misses>
				<total>0</total>
				<timestamp>7140.013479</timestamp>
			</report>
			<report>
				<misses>1124200001</misses>
				<total>0</total>
				<timestamp>7140.646619</timestamp>
			</report>
			<report>
				<misses>1124300001</misses>
				<total>0</total>
				<timestamp>7141.273156</timestamp>
			</report>
			<report>
				<misses>1124400001</misses>
				<total>0</total>
				<timestamp>7141.891936</timestamp>
			</report>
			<report>
				<misses>1124500001</misses>
				<total>0</total>
				<timestamp>7142.515597</timestamp>
			</report>
			<report>
				<misses>1124600001</misses>
				<total>0</total>
				<timestamp>7143.144354</timestamp>
			</report>
			<report>
				<misses>1124700001</misses>
				<total>0</total>
				<timestamp>7143.772585</timestamp>
			</report>
			<report>
				<misses>1124800001</misses>
				<total>0</total>
				<timestamp>7144.400297</timestamp>
			</report>
			<report>
				<misses>1124900001</misses>
				<total>0</total>
				<timestamp>7145.028036</timestamp>
			</report>
			<report>
				<misses>1125000001</misses>
				<total>0</total>
				<timestamp>7145.655742</timestamp>
			</report>
			<report>
				<misses>1125100001</misses>
				<total>0</total>
				<timestamp>7146.283743</timestamp>
			</report>
			<report>
				<misses>1125200001</misses>
				<total>0</total>
				<timestamp>7146.912221</timestamp>
			</report>
			<report>
				<misses>1125300001</misses>
				<total>0</total>
				<timestamp>7147.540948</timestamp>
			</report>
			<report>
				<misses>1125400001</misses>
				<total>0</total>
				<timestamp>7148.179163</timestamp>
			</report>
			<report>
				<misses>1125500001</misses>
				<total>0</total>
				<timestamp>7148.825127</timestamp>
			</report>
			<report>
				<misses>1125600001</misses>
				<total>0</total>
				<timestamp>7149.452322</timestamp>
			</report>
			<report>
				<misses>1125700001</misses>
				<total>0</total>
				<timestamp>7150.088237</timestamp>
			</report>
			<report>
				<misses>1125800001</misses>
				<total>0</total>
				<timestamp>7150.748124</timestamp>
			</report>
			<report>
				<misses>1125900001</misses>
				<total>0</total>
				<timestamp>7151.373847</timestamp>
			</report>
			<report>
				<misses>1126000001</misses>
				<total>0</total>
				<timestamp>7152.000687</timestamp>
			</report>
			<report>
				<misses>1126100001</misses>
				<total>0</total>
				<timestamp>7152.627319</timestamp>
			</report>
			<report>
				<misses>1126200001</misses>
				<total>0</total>
				<timestamp>7153.263714</timestamp>
			</report>
			<report>
				<misses>1126300001</misses>
				<total>0</total>
				<timestamp>7153.900029</timestamp>
			</report>
			<report>
				<misses>1126400001</misses>
				<total>0</total>
				<timestamp>7154.533099</timestamp>
			</report>
			<report>
				<misses>1126500001</misses>
				<total>0</total>
				<timestamp>7155.167138</timestamp>
			</report>
			<report>
				<misses>1126600001</misses>
				<total>0</total>
				<timestamp>7155.796332</timestamp>
			</report>
			<report>
				<misses>1126700001</misses>
				<total>0</total>
				<timestamp>7156.423280</timestamp>
			</report>
			<report>
				<misses>1126800001</misses>
				<total>0</total>
				<timestamp>7157.048445</timestamp>
			</report>
			<report>
				<misses>1126900001</misses>
				<total>0</total>
				<timestamp>7157.675955</timestamp>
			</report>
			<report>
				<misses>1127000001</misses>
				<total>0</total>
				<timestamp>7158.300514</timestamp>
			</report>
			<report>
				<misses>1127100001</misses>
				<total>0</total>
				<timestamp>7158.931339</timestamp>
			</report>
			<report>
				<misses>1127200001</misses>
				<total>0</total>
				<timestamp>7159.555653</timestamp>
			</report>
			<report>
				<misses>1127300001</misses>
				<total>0</total>
				<timestamp>7160.179947</timestamp>
			</report>
			<report>
				<misses>1127400001</misses>
				<total>0</total>
				<timestamp>7160.808264</timestamp>
			</report>
			<report>
				<misses>1127500001</misses>
				<total>0</total>
				<timestamp>7161.431064</timestamp>
			</report>
			<report>
				<misses>1127600001</misses>
				<total>0</total>
				<timestamp>7162.056319</timestamp>
			</report>
			<report>
				<misses>1127700001</misses>
				<total>0</total>
				<timestamp>7162.680796</timestamp>
			</report>
			<report>
				<misses>1127800001</misses>
				<total>0</total>
				<timestamp>7163.301082</timestamp>
			</report>
			<report>
				<misses>1127900001</misses>
				<total>0</total>
				<timestamp>7163.922954</timestamp>
			</report>
			<report>
				<misses>1128000001</misses>
				<total>0</total>
				<timestamp>7164.547378</timestamp>
			</report>
			<report>
				<misses>1128100001</misses>
				<total>0</total>
				<timestamp>7165.208923</timestamp>
			</report>
			<report>
				<misses>1128200001</misses>
				<total>0</total>
				<timestamp>7165.850487</timestamp>
			</report>
			<report>
				<misses>1128300001</misses>
				<total>0</total>
				<timestamp>7166.492132</timestamp>
			</report>
			<report>
				<misses>1128400001</misses>
				<total>0</total>
				<timestamp>7167.120775</timestamp>
			</report>
			<report>
				<misses>1128500001</misses>
				<total>0</total>
				<timestamp>7167.760086</timestamp>
			</report>
			<report>
				<misses>1128600001</misses>
				<total>0</total>
				<timestamp>7168.395647</timestamp>
			</report>
			<report>
				<misses>1128700001</misses>
				<total>0</total>
				<timestamp>7169.024370</timestamp>
			</report>
			<report>
				<misses>1128800001</misses>
				<total>0</total>
				<timestamp>7169.658865</timestamp>
			</report>
			<report>
				<misses>1128900001</misses>
				<total>0</total>
				<timestamp>7170.297195</timestamp>
			</report>
			<report>
				<misses>1129000001</misses>
				<total>0</total>
				<timestamp>7170.927316</timestamp>
			</report>
			<report>
				<misses>1129100001</misses>
				<total>0</total>
				<timestamp>7171.556265</timestamp>
			</report>
			<report>
				<misses>1129200001</misses>
				<total>0</total>
				<timestamp>7172.196130</timestamp>
			</report>
			<report>
				<misses>1129300001</misses>
				<total>0</total>
				<timestamp>7172.844196</timestamp>
			</report>
			<report>
				<misses>1129400001</misses>
				<total>0</total>
				<timestamp>7173.473927</timestamp>
			</report>
			<report>
				<misses>1129500001</misses>
				<total>0</total>
				<timestamp>7174.108039</timestamp>
			</report>
			<report>
				<misses>1129600001</misses>
				<total>0</total>
				<timestamp>7174.741758</timestamp>
			</report>
			<report>
				<misses>1129700001</misses>
				<total>0</total>
				<timestamp>7175.380133</timestamp>
			</report>
			<report>
				<misses>1129800001</misses>
				<total>0</total>
				<timestamp>7176.011967</timestamp>
			</report>
			<report>
				<misses>1129900001</misses>
				<total>0</total>
				<timestamp>7176.652411</timestamp>
			</report>
			<report>
				<misses>1130000001</misses>
				<total>0</total>
				<timestamp>7177.282190</timestamp>
			</report>
			<report>
				<misses>1130100001</misses>
				<total>0</total>
				<timestamp>7177.909777</timestamp>
			</report>
			<report>
				<misses>1130200001</misses>
				<total>0</total>
				<timestamp>7178.548766</timestamp>
			</report>
			<report>
				<misses>1130300001</misses>
				<total>0</total>
				<timestamp>7179.176008</timestamp>
			</report>
			<report>
				<misses>1130400001</misses>
				<total>0</total>
				<timestamp>7179.816072</timestamp>
			</report>
			<report>
				<misses>1130500001</misses>
				<total>0</total>
				<timestamp>7180.459395</timestamp>
			</report>
			<report>
				<misses>1130600001</misses>
				<total>0</total>
				<timestamp>7181.093673</timestamp>
			</report>
			<report>
				<misses>1130700001</misses>
				<total>0</total>
				<timestamp>7181.741422</timestamp>
			</report>
			<report>
				<misses>1130800001</misses>
				<total>0</total>
				<timestamp>7182.369623</timestamp>
			</report>
			<report>
				<misses>1130900001</misses>
				<total>0</total>
				<timestamp>7183.007842</timestamp>
			</report>
			<report>
				<misses>1131000001</misses>
				<total>0</total>
				<timestamp>7183.636299</timestamp>
			</report>
			<report>
				<misses>1131100001</misses>
				<total>0</total>
				<timestamp>7184.275304</timestamp>
			</report>
			<report>
				<misses>1131200001</misses>
				<total>0</total>
				<timestamp>7184.904359</timestamp>
			</report>
			<report>
				<misses>1131300001</misses>
				<total>0</total>
				<timestamp>7185.539345</timestamp>
			</report>
			<report>
				<misses>1131400001</misses>
				<total>0</total>
				<timestamp>7186.174527</timestamp>
			</report>
			<report>
				<misses>1131500001</misses>
				<total>0</total>
				<timestamp>7186.810350</timestamp>
			</report>
			<report>
				<misses>1131600001</misses>
				<total>0</total>
				<timestamp>7187.440335</timestamp>
			</report>
			<report>
				<misses>1131700001</misses>
				<total>0</total>
				<timestamp>7188.073628</timestamp>
			</report>
			<report>
				<misses>1131800001</misses>
				<total>0</total>
				<timestamp>7188.710262</timestamp>
			</report>
			<report>
				<misses>1131900001</misses>
				<total>0</total>
				<timestamp>7189.357763</timestamp>
			</report>
			<report>
				<misses>1132000001</misses>
				<total>0</total>
				<timestamp>7190.001471</timestamp>
			</report>
			<report>
				<misses>1132100001</misses>
				<total>0</total>
				<timestamp>7190.647650</timestamp>
			</report>
			<report>
				<misses>1132200001</misses>
				<total>0</total>
				<timestamp>7191.278519</timestamp>
			</report>
			<report>
				<misses>1132300001</misses>
				<total>0</total>
				<timestamp>7191.908196</timestamp>
			</report>
			<report>
				<misses>1132400001</misses>
				<total>0</total>
				<timestamp>7192.544160</timestamp>
			</report>
			<report>
				<misses>1132500001</misses>
				<total>0</total>
				<timestamp>7193.177931</timestamp>
			</report>
			<report>
				<misses>1132600001</misses>
				<total>0</total>
				<timestamp>7193.815672</timestamp>
			</report>
			<report>
				<misses>1132700001</misses>
				<total>0</total>
				<timestamp>7194.444370</timestamp>
			</report>
			<report>
				<misses>1132800001</misses>
				<total>0</total>
				<timestamp>7195.073994</timestamp>
			</report>
			<report>
				<misses>1132900001</misses>
				<total>0</total>
				<timestamp>7195.702981</timestamp>
			</report>
			<report>
				<misses>1133000001</misses>
				<total>0</total>
				<timestamp>7196.345483</timestamp>
			</report>
			<report>
				<misses>1133100001</misses>
				<total>0</total>
				<timestamp>7196.983461</timestamp>
			</report>
			<report>
				<misses>1133200001</misses>
				<total>0</total>
				<timestamp>7197.604646</timestamp>
			</report>
			<report>
				<misses>1133300001</misses>
				<total>0</total>
				<timestamp>7198.234663</timestamp>
			</report>
			<report>
				<misses>1133400001</misses>
				<total>0</total>
				<timestamp>7198.861113</timestamp>
			</report>
			<report>
				<misses>1133500001</misses>
				<total>0</total>
				<timestamp>7199.489103</timestamp>
			</report>
		</query>
	</custom>
	<ethtool_statistic>
		<rx_packets>
			<start>269051</start>
			<end>292237271</end>
		</rx_packets>
		<tx_packets>
			<start>285</start>
			<end>1133567354</end>
		</tx_packets>
		<rx_dropped>
			<start>0</start>
			<end>0</end>
		</rx_dropped>
		<tx_dropped>
			<start>0</start>
			<end>0</end>
		</tx_dropped>
		<collisions>
			<start>0</start>
			<end>0</end>
		</collisions>
		<port_tx_errors>
			<start>0</start>
			<end>0</end>
		</port_tx_errors>
		<port_rx_dropped>
			<start>0</start>
			<end>0</end>
		</port_rx_dropped>
		<port_tx_dropped_link_down>
			<start>0</start>
			<end>0</end>
		</port_tx_dropped_link_down>
	</ethtool_statistic>
	<ip_statistic>
		<mtu>
			<start>9000</start>
			<end>9000</end>
		</mtu>
		<rx_bytes>
			<start>32841322</start>
			<end>35652036600</end>
		</rx_bytes>
		<rx_packets>
			<start>269189</start>
			<end>292237271</end>
		</rx_packets>
		<rx_errors>
			<start>0</start>
			<end>0</end>
		</rx_errors>
		<rx_dropped>
			<start>0</start>
			<end>0</end>
		</rx_dropped>
		<rx_missed>
			<start>0</start>
			<end>0</end>
		</rx_missed>
		<rx_mcast>
			<start>128</start>
			<end>140</end>
		</rx_mcast>
		<tx_bytes>
			<start>47564</start>
			<end>138294147812</end>
		</tx_bytes>
		<tx_packets>
			<start>285</start>
			<end>1133567354</end>
		</tx_packets>
		<tx_errors>
			<start>0</start>
			<end>0</end>
		</tx_errors>
		<tx_dropped>
			<start>0</start>
			<end>0</end>
		</tx_dropped>
		<tx_carrier>
			<start>0</start>
			<end>0</end>
		</tx_carrier>
		<tx_collisions>
			<start>0</start>
			<end>0</end>
		</tx_collisions>
	</ip_statistic>
	<netstat_statistic>
		<udp_pkg_rec>
			<start>1683509557</start>
			<end>2266595424</end>
		</udp_pkg_rec>
		<udp_pkg_snt>
			<start>1673802739</start>
			<end>3950160675</end>
		</udp_pkg_snt>
		<udp_rec_err>
			<start>0</start>
			<end>0</end>
		</udp_rec_err>
		<udp_rec_buf_err>
			<start>0</start>
			<end>0</end>
		</udp_rec_buf_err>
		<udp_snt_buf_err>
			<start>0</start>
			<end>0</end>
		</udp_snt_buf_err>
	</netstat_statistic>
</test_results>
