<?xml version="1.0"?>
<test_results>
	<status>STATUS_SUCCESS</status>
	<custom>
		<num_loss>0</num_loss>
		<num_total>102835704</num_total>
		<num_misses>8742</num_misses>
		<elapsed_time>7199.039268</elapsed_time>
		<query>
			<report>
				<misses>100000</misses>
				<total>2</total>
				<timestamp>7.000383</timestamp>
			</report>
			<report>
				<misses>200000</misses>
				<total>1</total>
				<timestamp>14.000898</timestamp>
			</report>
			<report>
				<misses>300000</misses>
				<total>2</total>
				<timestamp>21.001520</timestamp>
			</report>
			<report>
				<misses>400000</misses>
				<total>1</total>
				<timestamp>28.001868</timestamp>
			</report>
			<report>
				<misses>500000</misses>
				<total>1</total>
				<timestamp>35.002280</timestamp>
			</report>
			<report>
				<misses>600000</misses>
				<total>1</total>
				<timestamp>42.002540</timestamp>
			</report>
			<report>
				<misses>700000</misses>
				<total>1</total>
				<timestamp>49.002877</timestamp>
			</report>
			<report>
				<misses>800000</misses>
				<total>2</total>
				<timestamp>56.003422</timestamp>
			</report>
			<report>
				<misses>900000</misses>
				<total>2</total>
				<timestamp>63.003737</timestamp>
			</report>
			<report>
				<misses>1000000</misses>
				<total>2</total>
				<timestamp>70.003913</timestamp>
			</report>
			<report>
				<misses>1100000</misses>
				<total>1</total>
				<timestamp>77.004305</timestamp>
			</report>
			<report>
				<misses>1200000</misses>
				<total>1</total>
				<timestamp>84.004513</timestamp>
			</report>
			<report>
				<misses>1300000</misses>
				<total>2</total>
				<timestamp>91.005142</timestamp>
			</report>
			<report>
				<misses>1400000</misses>
				<total>1</total>
				<timestamp>98.006100</timestamp>
			</report>
			<report>
				<misses>1500000</misses>
				<total>1</total>
				<timestamp>105.007115</timestamp>
			</report>
			<report>
				<misses>1600000</misses>
				<total>1</total>
				<timestamp>112.007369</timestamp>
			</report>
			<report>
				<misses>1700000</misses>
				<total>1</total>
				<timestamp>119.007964</timestamp>
			</report>
			<report>
				<misses>1800000</misses>
				<total>1</total>
				<timestamp>126.008235</timestamp>
			</report>
			<report>
				<misses>1900000</misses>
				<total>1</total>
				<timestamp>133.008663</timestamp>
			</report>
			<report>
				<misses>2000000</misses>
				<total>2</total>
				<timestamp>140.008855</timestamp>
			</report>
			<report>
				<misses>2100000</misses>
				<total>2</total>
				<timestamp>147.009006</timestamp>
			</report>
			<report>
				<misses>2200000</misses>
				<total>2</total>
				<timestamp>154.009540</timestamp>
			</report>
			<report>
				<misses>2300000</misses>
				<total>1</total>
				<timestamp>161.010282</timestamp>
			</report>
			<report>
				<misses>2400000</misses>
				<total>2</total>
				<timestamp>168.010532</timestamp>
			</report>
			<report>
				<misses>2500000</misses>
				<total>1</total>
				<timestamp>175.011096</timestamp>
			</report>
			<report>
				<misses>2600000</misses>
				<total>1</total>
				<timestamp>182.011943</timestamp>
			</report>
			<report>
				<misses>2700000</misses>
				<total>1</total>
				<timestamp>189.012498</timestamp>
			</report>
			<report>
				<misses>2800000</misses>
				<total>1</total>
				<timestamp>196.013068</timestamp>
			</report>
			<report>
				<misses>2900000</misses>
				<total>0</total>
				<timestamp>203.013656</timestamp>
			</report>
			<report>
				<misses>3000000</misses>
				<total>1</total>
				<timestamp>210.014104</timestamp>
			</report>
			<report>
				<misses>3100000</misses>
				<total>2</total>
				<timestamp>217.014177</timestamp>
			</report>
			<report>
				<misses>3200000</misses>
				<total>0</total>
				<timestamp>224.014784</timestamp>
			</report>
			<report>
				<misses>3300000</misses>
				<total>1</total>
				<timestamp>231.014988</timestamp>
			</report>
			<report>
				<misses>3400000</misses>
				<total>1</total>
				<timestamp>238.015640</timestamp>
			</report>
			<report>
				<misses>3500000</misses>
				<total>0</total>
				<timestamp>245.015895</timestamp>
			</report>
			<report>
				<misses>3600000</misses>
				<total>1</total>
				<timestamp>252.016221</timestamp>
			</report>
			<report>
				<misses>3700000</misses>
				<total>2</total>
				<timestamp>259.016695</timestamp>
			</report>
			<report>
				<misses>3800000</misses>
				<total>0</total>
				<timestamp>266.017897</timestamp>
			</report>
			<report>
				<misses>3900000</misses>
				<total>2</total>
				<timestamp>273.018329</timestamp>
			</report>
			<report>
				<misses>4000000</misses>
				<total>2</total>
				<timestamp>280.018736</timestamp>
			</report>
			<report>
				<misses>4100000</misses>
				<total>1</total>
				<timestamp>287.019148</timestamp>
			</report>
			<report>
				<misses>4200000</misses>
				<total>1</total>
				<timestamp>294.019837</timestamp>
			</report>
			<report>
				<misses>4300000</misses>
				<total>1</total>
				<timestamp>301.020249</timestamp>
			</report>
			<report>
				<misses>4400000</misses>
				<total>1</total>
				<timestamp>308.020838</timestamp>
			</report>
			<report>
				<misses>4500000</misses>
				<total>1</total>
				<timestamp>315.021440</timestamp>
			</report>
			<report>
				<misses>4600000</misses>
				<total>0</total>
				<timestamp>322.021488</timestamp>
			</report>
			<report>
				<misses>4700000</misses>
				<total>2</total>
				<timestamp>329.022091</timestamp>
			</report>
			<report>
				<misses>4800000</misses>
				<total>1</total>
				<timestamp>336.022331</timestamp>
			</report>
			<report>
				<misses>4900000</misses>
				<total>1</total>
				<timestamp>343.022702</timestamp>
			</report>
			<report>
				<misses>5000000</misses>
				<total>2</total>
				<timestamp>350.023281</timestamp>
			</report>
			<report>
				<misses>5100000</misses>
				<total>1</total>
				<timestamp>357.023351</timestamp>
			</report>
			<report>
				<misses>5200000</misses>
				<total>1</total>
				<timestamp>364.023883</timestamp>
			</report>
			<report>
				<misses>5300000</misses>
				<total>1</total>
				<timestamp>371.024837</timestamp>
			</report>
			<report>
				<misses>5400000</misses>
				<total>2</total>
				<timestamp>378.025517</timestamp>
			</report>
			<report>
				<misses>5500000</misses>
				<total>1</total>
				<timestamp>385.025722</timestamp>
			</report>
			<report>
				<misses>5600000</misses>
				<total>1</total>
				<timestamp>392.026033</timestamp>
			</report>
			<report>
				<misses>5700000</misses>
				<total>1</total>
				<timestamp>399.026158</timestamp>
			</report>
			<report>
				<misses>5800000</misses>
				<total>1</total>
				<timestamp>406.026379</timestamp>
			</report>
			<report>
				<misses>5900000</misses>
				<total>1</total>
				<timestamp>413.026732</timestamp>
			</report>
			<report>
				<misses>6000000</misses>
				<total>2</total>
				<timestamp>420.027565</timestamp>
			</report>
			<report>
				<misses>6100000</misses>
				<total>2</total>
				<timestamp>427.027775</timestamp>
			</report>
			<report>
				<misses>6200000</misses>
				<total>2</total>
				<timestamp>434.027978</timestamp>
			</report>
			<report>
				<misses>6300000</misses>
				<total>2</total>
				<timestamp>441.028664</timestamp>
			</report>
			<report>
				<misses>6400000</misses>
				<total>1</total>
				<timestamp>448.029664</timestamp>
			</report>
			<report>
				<misses>6500000</misses>
				<total>0</total>
				<timestamp>455.029966</timestamp>
			</report>
			<report>
				<misses>6600000</misses>
				<total>1</total>
				<timestamp>462.030315</timestamp>
			</report>
			<report>
				<misses>6700000</misses>
				<total>1</total>
				<timestamp>469.031004</timestamp>
			</report>
			<report>
				<misses>6800000</misses>
				<total>1</total>
				<timestamp>476.031264</timestamp>
			</report>
			<report>
				<misses>6900000</misses>
				<total>1</total>
				<timestamp>483.031675</timestamp>
			</report>
			<report>
				<misses>7000000</misses>
				<total>1</total>
				<timestamp>490.032102</timestamp>
			</report>
			<report>
				<misses>7100000</misses>
				<total>0</total>
				<timestamp>497.033085</timestamp>
			</report>
			<report>
				<misses>7200000</misses>
				<total>2</total>
				<timestamp>504.034200</timestamp>
			</report>
			<report>
				<misses>7300000</misses>
				<total>0</total>
				<timestamp>511.034592</timestamp>
			</report>
			<report>
				<misses>7400000</misses>
				<total>2</total>
				<timestamp>518.035453</timestamp>
			</report>
			<report>
				<misses>7500000</misses>
				<total>2</total>
				<timestamp>525.036187</timestamp>
			</report>
			<report>
				<misses>7600000</misses>
				<total>2</total>
				<timestamp>532.036319</timestamp>
			</report>
			<report>
				<misses>7700000</misses>
				<total>2</total>
				<timestamp>539.036505</timestamp>
			</report>
			<report>
				<misses>7800000</misses>
				<total>1</total>
				<timestamp>546.037089</timestamp>
			</report>
			<report>
				<misses>7900000</misses>
				<total>2</total>
				<timestamp>553.037640</timestamp>
			</report>
			<report>
				<misses>8000000</misses>
				<total>2</total>
				<timestamp>560.037784</timestamp>
			</report>
			<report>
				<misses>8100000</misses>
				<total>1</total>
				<timestamp>567.038248</timestamp>
			</report>
			<report>
				<misses>8200000</misses>
				<total>2</total>
				<timestamp>574.038618</timestamp>
			</report>
			<report>
				<misses>8300000</misses>
				<total>2</total>
				<timestamp>581.038812</timestamp>
			</report>
			<report>
				<misses>8400000</misses>
				<total>1</total>
				<timestamp>588.039280</timestamp>
			</report>
			<report>
				<misses>8500000</misses>
				<total>2</total>
				<timestamp>595.039375</timestamp>
			</report>
			<report>
				<misses>8600000</misses>
				<total>0</total>
				<timestamp>602.039704</timestamp>
			</report>
			<report>
				<misses>8700000</misses>
				<total>1</total>
				<timestamp>609.040354</timestamp>
			</report>
			<report>
				<misses>8800000</misses>
				<total>1</total>
				<timestamp>616.040913</timestamp>
			</report>
			<report>
				<misses>8900000</misses>
				<total>1</total>
				<timestamp>623.041204</timestamp>
			</report>
			<report>
				<misses>9000000</misses>
				<total>2</total>
				<timestamp>630.041487</timestamp>
			</report>
			<report>
				<misses>9100000</misses>
				<total>1</total>
				<timestamp>637.041963</timestamp>
			</report>
			<report>
				<misses>9200000</misses>
				<total>1</total>
				<timestamp>644.042388</timestamp>
			</report>
			<report>
				<misses>9300000</misses>
				<total>1</total>
				<timestamp>651.042952</timestamp>
			</report>
			<report>
				<misses>9400000</misses>
				<total>1</total>
				<timestamp>658.043613</timestamp>
			</report>
			<report>
				<misses>9500000</misses>
				<total>1</total>
				<timestamp>665.043817</timestamp>
			</report>
			<report>
				<misses>9600000</misses>
				<total>0</total>
				<timestamp>672.044396</timestamp>
			</report>
			<report>
				<misses>9700000</misses>
				<total>2</total>
				<timestamp>679.045059</timestamp>
			</report>
			<report>
				<misses>9800000</misses>
				<total>2</total>
				<timestamp>686.045822</timestamp>
			</report>
			<report>
				<misses>9900000</misses>
				<total>1</total>
				<timestamp>693.046311</timestamp>
			</report>
			<report>
				<misses>10000000</misses>
				<total>2</total>
				<timestamp>700.046823</timestamp>
			</report>
			<report>
				<misses>10100000</misses>
				<total>2</total>
				<timestamp>707.047223</timestamp>
			</report>
			<report>
				<misses>10200000</misses>
				<total>1</total>
				<timestamp>714.048475</timestamp>
			</report>
			<report>
				<misses>10300000</misses>
				<total>1</total>
				<timestamp>721.049254</timestamp>
			</report>
			<report>
				<misses>10400000</misses>
				<total>1</total>
				<timestamp>728.049592</timestamp>
			</report>
			<report>
				<misses>10500000</misses>
				<total>2</total>
				<timestamp>735.051011</timestamp>
			</report>
			<report>
				<misses>10600000</misses>
				<total>1</total>
				<timestamp>742.051555</timestamp>
			</report>
			<report>
				<misses>10700000</misses>
				<total>2</total>
				<timestamp>749.051935</timestamp>
			</report>
			<report>
				<misses>10800000</misses>
				<total>2</total>
				<timestamp>756.052451</timestamp>
			</report>
			<report>
				<misses>10900000</misses>
				<total>2</total>
				<timestamp>763.052615</timestamp>
			</report>
			<report>
				<misses>11000000</misses>
				<total>1</total>
				<timestamp>770.052818</timestamp>
			</report>
			<report>
				<misses>11100000</misses>
				<total>1</total>
				<timestamp>777.053106</timestamp>
			</report>
			<report>
				<misses>11200000</misses>
				<total>2</total>
				<timestamp>784.053514</timestamp>
			</report>
			<report>
				<misses>11300000</misses>
				<total>1</total>
				<timestamp>791.054104</timestamp>
			</report>
			<report>
				<misses>11400000</misses>
				<total>1</total>
				<timestamp>798.054433</timestamp>
			</report>
			<report>
				<misses>11500000</misses>
				<total>1</total>
				<timestamp>805.055001</timestamp>
			</report>
			<report>
				<misses>11600000</misses>
				<total>2</total>
				<timestamp>812.055280</timestamp>
			</report>
			<report>
				<misses>11700000</misses>
				<total>1</total>
				<timestamp>819.055812</timestamp>
			</report>
			<report>
				<misses>11800000</misses>
				<total>1</total>
				<timestamp>826.056229</timestamp>
			</report>
			<report>
				<misses>11900000</misses>
				<total>2</total>
				<timestamp>833.056526</timestamp>
			</report>
			<report>
				<misses>12000000</misses>
				<total>0</total>
				<timestamp>840.056883</timestamp>
			</report>
			<report>
				<misses>12100000</misses>
				<total>1</total>
				<timestamp>847.058048</timestamp>
			</report>
			<report>
				<misses>12200000</misses>
				<total>2</total>
				<timestamp>854.058615</timestamp>
			</report>
			<report>
				<misses>12300000</misses>
				<total>0</total>
				<timestamp>861.058992</timestamp>
			</report>
			<report>
				<misses>12400000</misses>
				<total>1</total>
				<timestamp>868.059989</timestamp>
			</report>
			<report>
				<misses>12500000</misses>
				<total>2</total>
				<timestamp>875.060675</timestamp>
			</report>
			<report>
				<misses>12600000</misses>
				<total>2</total>
				<timestamp>882.061091</timestamp>
			</report>
			<report>
				<misses>12700000</misses>
				<total>2</total>
				<timestamp>889.061372</timestamp>
			</report>
			<report>
				<misses>12800000</misses>
				<total>1</total>
				<timestamp>896.061867</timestamp>
			</report>
			<report>
				<misses>12900000</misses>
				<total>1</total>
				<timestamp>903.062147</timestamp>
			</report>
			<report>
				<misses>13000000</misses>
				<total>2</total>
				<timestamp>910.062479</timestamp>
			</report>
			<report>
				<misses>13100000</misses>
				<total>1</total>
				<timestamp>917.063199</timestamp>
			</report>
			<report>
				<misses>13200000</misses>
				<total>0</total>
				<timestamp>924.063545</timestamp>
			</report>
			<report>
				<misses>13300000</misses>
				<total>1</total>
				<timestamp>931.063952</timestamp>
			</report>
			<report>
				<misses>13400000</misses>
				<total>2</total>
				<timestamp>938.064482</timestamp>
			</report>
			<report>
				<misses>13500000</misses>
				<total>2</total>
				<timestamp>945.065217</timestamp>
			</report>
			<report>
				<misses>13600000</misses>
				<total>1</total>
				<timestamp>952.065598</timestamp>
			</report>
			<report>
				<misses>13700000</misses>
				<total>0</total>
				<timestamp>959.065757</timestamp>
			</report>
			<report>
				<misses>13800000</misses>
				<total>1</total>
				<timestamp>966.066477</timestamp>
			</report>
			<report>
				<misses>13900000</misses>
				<total>1</total>
				<timestamp>973.066630</timestamp>
			</report>
			<report>
				<misses>14000000</misses>
				<total>1</total>
				<timestamp>980.066610</timestamp>
			</report>
			<report>
				<misses>14100000</misses>
				<total>1</total>
				<timestamp>987.067481</timestamp>
			</report>
			<report>
				<misses>14200000</misses>
				<total>2</total>
				<timestamp>994.067943</timestamp>
			</report>
			<report>
				<misses>14300000</misses>
				<total>1</total>
				<timestamp>1001.068737</timestamp>
			</report>
			<report>
				<misses>14400000</misses>
				<total>1</total>
				<timestamp>1008.069115</timestamp>
			</report>
			<report>
				<misses>14500000</misses>
				<total>1</total>
				<timestamp>1015.069411</timestamp>
			</report>
			<report>
				<misses>14600000</misses>
				<total>1</total>
				<timestamp>1022.069992</timestamp>
			</report>
			<report>
				<misses>14700000</misses>
				<total>0</total>
				<timestamp>1029.070419</timestamp>
			</report>
			<report>
				<misses>14800000</misses>
				<total>1</total>
				<timestamp>1036.070962</timestamp>
			</report>
			<report>
				<misses>14900000</misses>
				<total>1</total>
				<timestamp>1043.071326</timestamp>
			</report>
			<report>
				<misses>15000000</misses>
				<total>2</total>
				<timestamp>1050.071521</timestamp>
			</report>
			<report>
				<misses>15100000</misses>
				<total>1</total>
				<timestamp>1057.072271</timestamp>
			</report>
			<report>
				<misses>15200000</misses>
				<total>1</total>
				<timestamp>1064.072837</timestamp>
			</report>
			<report>
				<misses>15300000</misses>
				<total>2</total>
				<timestamp>1071.073050</timestamp>
			</report>
			<report>
				<misses>15400000</misses>
				<total>1</total>
				<timestamp>1078.073550</timestamp>
			</report>
			<report>
				<misses>15500000</misses>
				<total>1</total>
				<timestamp>1085.074251</timestamp>
			</report>
			<report>
				<misses>15600000</misses>
				<total>1</total>
				<timestamp>1092.074663</timestamp>
			</report>
			<report>
				<misses>15700000</misses>
				<total>2</total>
				<timestamp>1099.075043</timestamp>
			</report>
			<report>
				<misses>15800000</misses>
				<total>2</total>
				<timestamp>1106.075454</timestamp>
			</report>
			<report>
				<misses>15900000</misses>
				<total>1</total>
				<timestamp>1113.076205</timestamp>
			</report>
			<report>
				<misses>16000000</misses>
				<total>1</total>
				<timestamp>1120.076473</timestamp>
			</report>
			<report>
				<misses>16100000</misses>
				<total>1</total>
				<timestamp>1127.076981</timestamp>
			</report>
			<report>
				<misses>16200000</misses>
				<total>1</total>
				<timestamp>1134.077600</timestamp>
			</report>
			<report>
				<misses>16300000</misses>
				<total>1</total>
				<timestamp>1141.078014</timestamp>
			</report>
			<report>
				<misses>16400000</misses>
				<total>2</total>
				<timestamp>1148.078372</timestamp>
			</report>
			<report>
				<misses>16500000</misses>
				<total>0</total>
				<timestamp>1155.078994</timestamp>
			</report>
			<report>
				<misses>16600000</misses>
				<total>2</total>
				<timestamp>1162.079442</timestamp>
			</report>
			<report>
				<misses>16700000</misses>
				<total>1</total>
				<timestamp>1169.079737</timestamp>
			</report>
			<report>
				<misses>16800000</misses>
				<total>2</total>
				<timestamp>1176.080135</timestamp>
			</report>
			<report>
				<misses>16900000</misses>
				<total>1</total>
				<timestamp>1183.080330</timestamp>
			</report>
			<report>
				<misses>17000000</misses>
				<total>2</total>
				<timestamp>1190.081109</timestamp>
			</report>
			<report>
				<misses>17100000</misses>
				<total>1</total>
				<timestamp>1197.081605</timestamp>
			</report>
			<report>
				<misses>17200000</misses>
				<total>1</total>
				<timestamp>1204.081748</timestamp>
			</report>
			<report>
				<misses>17300000</misses>
				<total>1</total>
				<timestamp>1211.082465</timestamp>
			</report>
			<report>
				<misses>17400000</misses>
				<total>1</total>
				<timestamp>1218.083223</timestamp>
			</report>
			<report>
				<misses>17500000</misses>
				<total>2</total>
				<timestamp>1225.083692</timestamp>
			</report>
			<report>
				<misses>17600000</misses>
				<total>2</total>
				<timestamp>1232.084706</timestamp>
			</report>
			<report>
				<misses>17700000</misses>
				<total>1</total>
				<timestamp>1239.084960</timestamp>
			</report>
			<report>
				<misses>17800000</misses>
				<total>1</total>
				<timestamp>1246.085233</timestamp>
			</report>
			<report>
				<misses>17900000</misses>
				<total>1</total>
				<timestamp>1253.085727</timestamp>
			</report>
			<report>
				<misses>18000000</misses>
				<total>1</total>
				<timestamp>1260.086131</timestamp>
			</report>
			<report>
				<misses>18100000</misses>
				<total>0</total>
				<timestamp>1267.086429</timestamp>
			</report>
			<report>
				<misses>18200000</misses>
				<total>1</total>
				<timestamp>1274.087560</timestamp>
			</report>
			<report>
				<misses>18300000</misses>
				<total>1</total>
				<timestamp>1281.088376</timestamp>
			</report>
			<report>
				<misses>18400000</misses>
				<total>1</total>
				<timestamp>1288.088586</timestamp>
			</report>
			<report>
				<misses>18500000</misses>
				<total>1</total>
				<timestamp>1295.089090</timestamp>
			</report>
			<report>
				<misses>18600000</misses>
				<total>1</total>
				<timestamp>1302.089520</timestamp>
			</report>
			<report>
				<misses>18700000</misses>
				<total>2</total>
				<timestamp>1309.089525</timestamp>
			</report>
			<report>
				<misses>18800000</misses>
				<total>1</total>
				<timestamp>1316.091051</timestamp>
			</report>
			<report>
				<misses>18900000</misses>
				<total>1</total>
				<timestamp>1323.091736</timestamp>
			</report>
			<report>
				<misses>19000000</misses>
				<total>1</total>
				<timestamp>1330.091831</timestamp>
			</report>
			<report>
				<misses>19100000</misses>
				<total>1</total>
				<timestamp>1337.092816</timestamp>
			</report>
			<report>
				<misses>19200000</misses>
				<total>1</total>
				<timestamp>1344.093621</timestamp>
			</report>
			<report>
				<misses>19300000</misses>
				<total>2</total>
				<timestamp>1351.093691</timestamp>
			</report>
			<report>
				<misses>19400000</misses>
				<total>1</total>
				<timestamp>1358.094335</timestamp>
			</report>
			<report>
				<misses>19500000</misses>
				<total>1</total>
				<timestamp>1365.094690</timestamp>
			</report>
			<report>
				<misses>19600000</misses>
				<total>1</total>
				<timestamp>1372.094926</timestamp>
			</report>
			<report>
				<misses>19700000</misses>
				<total>1</total>
				<timestamp>1379.095320</timestamp>
			</report>
			<report>
				<misses>19800000</misses>
				<total>2</total>
				<timestamp>1386.095597</timestamp>
			</report>
			<report>
				<misses>19900000</misses>
				<total>1</total>
				<timestamp>1393.096222</timestamp>
			</report>
			<report>
				<misses>20000000</misses>
				<total>1</total>
				<timestamp>1400.097499</timestamp>
			</report>
			<report>
				<misses>20100000</misses>
				<total>1</total>
				<timestamp>1407.097902</timestamp>
			</report>
			<report>
				<misses>20200000</misses>
				<total>2</total>
				<timestamp>1414.098031</timestamp>
			</report>
			<report>
				<misses>20300000</misses>
				<total>2</total>
				<timestamp>1421.098178</timestamp>
			</report>
			<report>
				<misses>20400000</misses>
				<total>1</total>
				<timestamp>1428.098637</timestamp>
			</report>
			<report>
				<misses>20500000</misses>
				<total>1</total>
				<timestamp>1435.099999</timestamp>
			</report>
			<report>
				<misses>20600000</misses>
				<total>2</total>
				<timestamp>1442.100351</timestamp>
			</report>
			<report>
				<misses>20700000</misses>
				<total>2</total>
				<timestamp>1449.100840</timestamp>
			</report>
			<report>
				<misses>20800000</misses>
				<total>2</total>
				<timestamp>1456.101318</timestamp>
			</report>
			<report>
				<misses>20900000</misses>
				<total>1</total>
				<timestamp>1463.101545</timestamp>
			</report>
			<report>
				<misses>21000000</misses>
				<total>1</total>
				<timestamp>1470.102294</timestamp>
			</report>
			<report>
				<misses>21100000</misses>
				<total>2</total>
				<timestamp>1477.102716</timestamp>
			</report>
			<report>
				<misses>21200000</misses>
				<total>2</total>
				<timestamp>1484.103365</timestamp>
			</report>
			<report>
				<misses>21300000</misses>
				<total>2</total>
				<timestamp>1491.103937</timestamp>
			</report>
			<report>
				<misses>21400000</misses>
				<total>1</total>
				<timestamp>1498.104143</timestamp>
			</report>
			<report>
				<misses>21500000</misses>
				<total>1</total>
				<timestamp>1505.105106</timestamp>
			</report>
			<report>
				<misses>21600000</misses>
				<total>0</total>
				<timestamp>1512.105552</timestamp>
			</report>
			<report>
				<misses>21700000</misses>
				<total>1</total>
				<timestamp>1519.106378</timestamp>
			</report>
			<report>
				<misses>21800000</misses>
				<total>2</total>
				<timestamp>1526.107014</timestamp>
			</report>
			<report>
				<misses>21900000</misses>
				<total>2</total>
				<timestamp>1533.107848</timestamp>
			</report>
			<report>
				<misses>22000000</misses>
				<total>1</total>
				<timestamp>1540.108029</timestamp>
			</report>
			<report>
				<misses>22100000</misses>
				<total>1</total>
				<timestamp>1547.108528</timestamp>
			</report>
			<report>
				<misses>22200000</misses>
				<total>2</total>
				<timestamp>1554.109051</timestamp>
			</report>
			<report>
				<misses>22300000</misses>
				<total>2</total>
				<timestamp>1561.109318</timestamp>
			</report>
			<report>
				<misses>22400000</misses>
				<total>1</total>
				<timestamp>1568.110159</timestamp>
			</report>
			<report>
				<misses>22500000</misses>
				<total>2</total>
				<timestamp>1575.110915</timestamp>
			</report>
			<report>
				<misses>22600000</misses>
				<total>2</total>
				<timestamp>1582.111411</timestamp>
			</report>
			<report>
				<misses>22700000</misses>
				<total>1</total>
				<timestamp>1589.111899</timestamp>
			</report>
			<report>
				<misses>22800000</misses>
				<total>2</total>
				<timestamp>1596.113455</timestamp>
			</report>
			<report>
				<misses>22900000</misses>
				<total>2</total>
				<timestamp>1603.114241</timestamp>
			</report>
			<report>
				<misses>23000000</misses>
				<total>2</total>
				<timestamp>1610.114815</timestamp>
			</report>
			<report>
				<misses>23100000</misses>
				<total>0</total>
				<timestamp>1617.115334</timestamp>
			</report>
			<report>
				<misses>23200000</misses>
				<total>2</total>
				<timestamp>1624.116225</timestamp>
			</report>
			<report>
				<misses>23300000</misses>
				<total>1</total>
				<timestamp>1631.116939</timestamp>
			</report>
			<report>
				<misses>23400000</misses>
				<total>1</total>
				<timestamp>1638.116972</timestamp>
			</report>
			<report>
				<misses>23500000</misses>
				<total>1</total>
				<timestamp>1645.117554</timestamp>
			</report>
			<report>
				<misses>23600000</misses>
				<total>1</total>
				<timestamp>1652.118143</timestamp>
			</report>
			<report>
				<misses>23700000</misses>
				<total>1</total>
				<timestamp>1659.118866</timestamp>
			</report>
			<report>
				<misses>23800000</misses>
				<total>1</total>
				<timestamp>1666.119056</timestamp>
			</report>
			<report>
				<misses>23900000</misses>
				<total>2</total>
				<timestamp>1673.119179</timestamp>
			</report>
			<report>
				<misses>24000000</misses>
				<total>1</total>
				<timestamp>1680.119529</timestamp>
			</report>
			<report>
				<misses>24100000</misses>
				<total>2</total>
				<timestamp>1687.120375</timestamp>
			</report>
			<report>
				<misses>24200000</misses>
				<total>1</total>
				<timestamp>1694.120582</timestamp>
			</report>
			<report>
				<misses>24300000</misses>
				<total>1</total>
				<timestamp>1701.121859</timestamp>
			</report>
			<report>
				<misses>24400000</misses>
				<total>1</total>
				<timestamp>1708.122124</timestamp>
			</report>
			<report>
				<misses>24500000</misses>
				<total>1</total>
				<timestamp>1715.122907</timestamp>
			</report>
			<report>
				<misses>24600000</misses>
				<total>1</total>
				<timestamp>1722.123475</timestamp>
			</report>
			<report>
				<misses>24700000</misses>
				<total>0</total>
				<timestamp>1729.123769</timestamp>
			</report>
			<report>
				<misses>24800000</misses>
				<total>2</total>
				<timestamp>1736.124347</timestamp>
			</report>
			<report>
				<misses>24900000</misses>
				<total>2</total>
				<timestamp>1743.126043</timestamp>
			</report>
			<report>
				<misses>25000000</misses>
				<total>1</total>
				<timestamp>1750.126320</timestamp>
			</report>
			<report>
				<misses>25100000</misses>
				<total>2</total>
				<timestamp>1757.126818</timestamp>
			</report>
			<report>
				<misses>25200000</misses>
				<total>1</total>
				<timestamp>1764.127111</timestamp>
			</report>
			<report>
				<misses>25300000</misses>
				<total>1</total>
				<timestamp>1771.127646</timestamp>
			</report>
			<report>
				<misses>25400000</misses>
				<total>1</total>
				<timestamp>1778.128103</timestamp>
			</report>
			<report>
				<misses>25500000</misses>
				<total>1</total>
				<timestamp>1785.128411</timestamp>
			</report>
			<report>
				<misses>25600000</misses>
				<total>2</total>
				<timestamp>1792.128645</timestamp>
			</report>
			<report>
				<misses>25700000</misses>
				<total>1</total>
				<timestamp>1799.129209</timestamp>
			</report>
			<report>
				<misses>25800000</misses>
				<total>2</total>
				<timestamp>1806.129880</timestamp>
			</report>
			<report>
				<misses>25900000</misses>
				<total>1</total>
				<timestamp>1813.130042</timestamp>
			</report>
			<report>
				<misses>26000000</misses>
				<total>1</total>
				<timestamp>1820.130588</timestamp>
			</report>
			<report>
				<misses>26100000</misses>
				<total>1</total>
				<timestamp>1827.130729</timestamp>
			</report>
			<report>
				<misses>26200000</misses>
				<total>0</total>
				<timestamp>1834.131138</timestamp>
			</report>
			<report>
				<misses>26300000</misses>
				<total>1</total>
				<timestamp>1841.131864</timestamp>
			</report>
			<report>
				<misses>26400000</misses>
				<total>2</total>
				<timestamp>1848.132602</timestamp>
			</report>
			<report>
				<misses>26500000</misses>
				<total>2</total>
				<timestamp>1855.132700</timestamp>
			</report>
			<report>
				<misses>26600000</misses>
				<total>2</total>
				<timestamp>1862.133265</timestamp>
			</report>
			<report>
				<misses>26700000</misses>
				<total>2</total>
				<timestamp>1869.133530</timestamp>
			</report>
			<report>
				<misses>26800000</misses>
				<total>1</total>
				<timestamp>1876.134456</timestamp>
			</report>
			<report>
				<misses>26900000</misses>
				<total>2</total>
				<timestamp>1883.134720</timestamp>
			</report>
			<report>
				<misses>27000000</misses>
				<total>0</total>
				<timestamp>1890.135867</timestamp>
			</report>
			<report>
				<misses>27100000</misses>
				<total>2</total>
				<timestamp>1897.136559</timestamp>
			</report>
			<report>
				<misses>27200000</misses>
				<total>1</total>
				<timestamp>1904.136860</timestamp>
			</report>
			<report>
				<misses>27300000</misses>
				<total>1</total>
				<timestamp>1911.137451</timestamp>
			</report>
			<report>
				<misses>27400000</misses>
				<total>1</total>
				<timestamp>1918.138213</timestamp>
			</report>
			<report>
				<misses>27500000</misses>
				<total>1</total>
				<timestamp>1925.138658</timestamp>
			</report>
			<report>
				<misses>27600000</misses>
				<total>2</total>
				<timestamp>1932.138861</timestamp>
			</report>
			<report>
				<misses>27700000</misses>
				<total>1</total>
				<timestamp>1939.139064</timestamp>
			</report>
			<report>
				<misses>27800000</misses>
				<total>1</total>
				<timestamp>1946.139254</timestamp>
			</report>
			<report>
				<misses>27900000</misses>
				<total>0</total>
				<timestamp>1953.139506</timestamp>
			</report>
			<report>
				<misses>28000000</misses>
				<total>2</total>
				<timestamp>1960.140239</timestamp>
			</report>
			<report>
				<misses>28100000</misses>
				<total>2</total>
				<timestamp>1967.140936</timestamp>
			</report>
			<report>
				<misses>28200000</misses>
				<total>1</total>
				<timestamp>1974.141837</timestamp>
			</report>
			<report>
				<misses>28300000</misses>
				<total>0</total>
				<timestamp>1981.142348</timestamp>
			</report>
			<report>
				<misses>28400000</misses>
				<total>2</total>
				<timestamp>1988.142902</timestamp>
			</report>
			<report>
				<misses>28500000</misses>
				<total>2</total>
				<timestamp>1995.143360</timestamp>
			</report>
			<report>
				<misses>28600000</misses>
				<total>2</total>
				<timestamp>2002.143617</timestamp>
			</report>
			<report>
				<misses>28700000</misses>
				<total>2</total>
				<timestamp>2009.144183</timestamp>
			</report>
			<report>
				<misses>28800000</misses>
				<total>2</total>
				<timestamp>2016.144294</timestamp>
			</report>
			<report>
				<misses>28900000</misses>
				<total>1</total>
				<timestamp>2023.144470</timestamp>
			</report>
			<report>
				<misses>29000000</misses>
				<total>1</total>
				<timestamp>2030.144913</timestamp>
			</report>
			<report>
				<misses>29100000</misses>
				<total>2</total>
				<timestamp>2037.145018</timestamp>
			</report>
			<report>
				<misses>29200000</misses>
				<total>2</total>
				<timestamp>2044.145135</timestamp>
			</report>
			<report>
				<misses>29300000</misses>
				<total>1</total>
				<timestamp>2051.145463</timestamp>
			</report>
			<report>
				<misses>29400000</misses>
				<total>1</total>
				<timestamp>2058.145885</timestamp>
			</report>
			<report>
				<misses>29500000</misses>
				<total>1</total>
				<timestamp>2065.146918</timestamp>
			</report>
			<report>
				<misses>29600000</misses>
				<total>1</total>
				<timestamp>2072.147349</timestamp>
			</report>
			<report>
				<misses>29700000</misses>
				<total>2</total>
				<timestamp>2079.147890</timestamp>
			</report>
			<report>
				<misses>29800000</misses>
				<total>1</total>
				<timestamp>2086.148308</timestamp>
			</report>
			<report>
				<misses>29900000</misses>
				<total>1</total>
				<timestamp>2093.149351</timestamp>
			</report>
			<report>
				<misses>30000000</misses>
				<total>1</total>
				<timestamp>2100.149843</timestamp>
			</report>
			<report>
				<misses>30100000</misses>
				<total>1</total>
				<timestamp>2107.150294</timestamp>
			</report>
			<report>
				<misses>30200000</misses>
				<total>1</total>
				<timestamp>2114.150344</timestamp>
			</report>
			<report>
				<misses>30300000</misses>
				<total>2</total>
				<timestamp>2121.150969</timestamp>
			</report>
			<report>
				<misses>30400000</misses>
				<total>1</total>
				<timestamp>2128.151918</timestamp>
			</report>
			<report>
				<misses>30500000</misses>
				<total>1</total>
				<timestamp>2135.152210</timestamp>
			</report>
			<report>
				<misses>30600000</misses>
				<total>2</total>
				<timestamp>2142.152844</timestamp>
			</report>
			<report>
				<misses>30700000</misses>
				<total>1</total>
				<timestamp>2149.153354</timestamp>
			</report>
			<report>
				<misses>30800000</misses>
				<total>1</total>
				<timestamp>2156.153611</timestamp>
			</report>
			<report>
				<misses>30900000</misses>
				<total>2</total>
				<timestamp>2163.154163</timestamp>
			</report>
			<report>
				<misses>31000000</misses>
				<total>1</total>
				<timestamp>2170.154396</timestamp>
			</report>
			<report>
				<misses>31100000</misses>
				<total>1</total>
				<timestamp>2177.155113</timestamp>
			</report>
			<report>
				<misses>31200000</misses>
				<total>1</total>
				<timestamp>2184.156794</timestamp>
			</report>
			<report>
				<misses>31300000</misses>
				<total>2</total>
				<timestamp>2191.157417</timestamp>
			</report>
			<report>
				<misses>31400000</misses>
				<total>0</total>
				<timestamp>2198.158739</timestamp>
			</report>
			<report>
				<misses>31500000</misses>
				<total>0</total>
				<timestamp>2205.158874</timestamp>
			</report>
			<report>
				<misses>31600000</misses>
				<total>1</total>
				<timestamp>2212.159453</timestamp>
			</report>
			<report>
				<misses>31700000</misses>
				<total>1</total>
				<timestamp>2219.159626</timestamp>
			</report>
			<report>
				<misses>31800000</misses>
				<total>1</total>
				<timestamp>2226.160331</timestamp>
			</report>
			<report>
				<misses>31900000</misses>
				<total>1</total>
				<timestamp>2233.160432</timestamp>
			</report>
			<report>
				<misses>32000000</misses>
				<total>2</total>
				<timestamp>2240.161060</timestamp>
			</report>
			<report>
				<misses>32100000</misses>
				<total>1</total>
				<timestamp>2247.162020</timestamp>
			</report>
			<report>
				<misses>32200000</misses>
				<total>1</total>
				<timestamp>2254.162091</timestamp>
			</report>
			<report>
				<misses>32300000</misses>
				<total>2</total>
				<timestamp>2261.162807</timestamp>
			</report>
			<report>
				<misses>32400000</misses>
				<total>1</total>
				<timestamp>2268.162929</timestamp>
			</report>
			<report>
				<misses>32500000</misses>
				<total>1</total>
				<timestamp>2275.163069</timestamp>
			</report>
			<report>
				<misses>32600000</misses>
				<total>1</total>
				<timestamp>2282.163757</timestamp>
			</report>
			<report>
				<misses>32700000</misses>
				<total>1</total>
				<timestamp>2289.163834</timestamp>
			</report>
			<report>
				<misses>32800000</misses>
				<total>2</total>
				<timestamp>2296.164395</timestamp>
			</report>
			<report>
				<misses>32900000</misses>
				<total>1</total>
				<timestamp>2303.164558</timestamp>
			</report>
			<report>
				<misses>33000000</misses>
				<total>1</total>
				<timestamp>2310.165383</timestamp>
			</report>
			<report>
				<misses>33100000</misses>
				<total>1</total>
				<timestamp>2317.166093</timestamp>
			</report>
			<report>
				<misses>33200000</misses>
				<total>2</total>
				<timestamp>2324.166431</timestamp>
			</report>
			<report>
				<misses>33300000</misses>
				<total>2</total>
				<timestamp>2331.166795</timestamp>
			</report>
			<report>
				<misses>33400000</misses>
				<total>2</total>
				<timestamp>2338.166925</timestamp>
			</report>
			<report>
				<misses>33500000</misses>
				<total>2</total>
				<timestamp>2345.167360</timestamp>
			</report>
			<report>
				<misses>33600000</misses>
				<total>1</total>
				<timestamp>2352.168117</timestamp>
			</report>
			<report>
				<misses>33700000</misses>
				<total>1</total>
				<timestamp>2359.168329</timestamp>
			</report>
			<report>
				<misses>33800000</misses>
				<total>1</total>
				<timestamp>2366.168752</timestamp>
			</report>
			<report>
				<misses>33900000</misses>
				<total>1</total>
				<timestamp>2373.168896</timestamp>
			</report>
			<report>
				<misses>34000000</misses>
				<total>1</total>
				<timestamp>2380.169122</timestamp>
			</report>
			<report>
				<misses>34100000</misses>
				<total>2</total>
				<timestamp>2387.169512</timestamp>
			</report>
			<report>
				<misses>34200000</misses>
				<total>0</total>
				<timestamp>2394.170283</timestamp>
			</report>
			<report>
				<misses>34300000</misses>
				<total>1</total>
				<timestamp>2401.170926</timestamp>
			</report>
			<report>
				<misses>34400000</misses>
				<total>2</total>
				<timestamp>2408.172182</timestamp>
			</report>
			<report>
				<misses>34500000</misses>
				<total>2</total>
				<timestamp>2415.172938</timestamp>
			</report>
			<report>
				<misses>34600000</misses>
				<total>1</total>
				<timestamp>2422.173635</timestamp>
			</report>
			<report>
				<misses>34700000</misses>
				<total>2</total>
				<timestamp>2429.174187</timestamp>
			</report>
			<report>
				<misses>34800000</misses>
				<total>2</total>
				<timestamp>2436.175666</timestamp>
			</report>
			<report>
				<misses>34900000</misses>
				<total>1</total>
				<timestamp>2443.176650</timestamp>
			</report>
			<report>
				<misses>35000000</misses>
				<total>2</total>
				<timestamp>2450.177209</timestamp>
			</report>
			<report>
				<misses>35100000</misses>
				<total>2</total>
				<timestamp>2457.178116</timestamp>
			</report>
			<report>
				<misses>35200000</misses>
				<total>1</total>
				<timestamp>2464.178475</timestamp>
			</report>
			<report>
				<misses>35300000</misses>
				<total>1</total>
				<timestamp>2471.178765</timestamp>
			</report>
			<report>
				<misses>35400000</misses>
				<total>1</total>
				<timestamp>2478.179475</timestamp>
			</report>
			<report>
				<misses>35500000</misses>
				<total>2</total>
				<timestamp>2485.180079</timestamp>
			</report>
			<report>
				<misses>35600000</misses>
				<total>2</total>
				<timestamp>2492.180352</timestamp>
			</report>
			<report>
				<misses>35700000</misses>
				<total>1</total>
				<timestamp>2499.180609</timestamp>
			</report>
			<report>
				<misses>35800000</misses>
				<total>1</total>
				<timestamp>2506.180787</timestamp>
			</report>
			<report>
				<misses>35900000</misses>
				<total>1</total>
				<timestamp>2513.181790</timestamp>
			</report>
			<report>
				<misses>36000000</misses>
				<total>2</total>
				<timestamp>2520.182355</timestamp>
			</report>
			<report>
				<misses>36100000</misses>
				<total>2</total>
				<timestamp>2527.183144</timestamp>
			</report>
			<report>
				<misses>36200000</misses>
				<total>2</total>
				<timestamp>2534.184567</timestamp>
			</report>
			<report>
				<misses>36300000</misses>
				<total>2</total>
				<timestamp>2541.185470</timestamp>
			</report>
			<report>
				<misses>36400000</misses>
				<total>1</total>
				<timestamp>2548.185476</timestamp>
			</report>
			<report>
				<misses>36500000</misses>
				<total>1</total>
				<timestamp>2555.186046</timestamp>
			</report>
			<report>
				<misses>36600000</misses>
				<total>1</total>
				<timestamp>2562.186042</timestamp>
			</report>
			<report>
				<misses>36700000</misses>
				<total>0</total>
				<timestamp>2569.186109</timestamp>
			</report>
			<report>
				<misses>36800000</misses>
				<total>2</total>
				<timestamp>2576.186637</timestamp>
			</report>
			<report>
				<misses>36900000</misses>
				<total>1</total>
				<timestamp>2583.187207</timestamp>
			</report>
			<report>
				<misses>37000000</misses>
				<total>1</total>
				<timestamp>2590.187715</timestamp>
			</report>
			<report>
				<misses>37100000</misses>
				<total>1</total>
				<timestamp>2597.188207</timestamp>
			</report>
			<report>
				<misses>37200000</misses>
				<total>1</total>
				<timestamp>2604.188624</timestamp>
			</report>
			<report>
				<misses>37300000</misses>
				<total>1</total>
				<timestamp>2611.189173</timestamp>
			</report>
			<report>
				<misses>37400000</misses>
				<total>1</total>
				<timestamp>2618.189677</timestamp>
			</report>
			<report>
				<misses>37500000</misses>
				<total>1</total>
				<timestamp>2625.190296</timestamp>
			</report>
			<report>
				<misses>37600000</misses>
				<total>2</total>
				<timestamp>2632.190572</timestamp>
			</report>
			<report>
				<misses>37700000</misses>
				<total>2</total>
				<timestamp>2639.191010</timestamp>
			</report>
			<report>
				<misses>37800000</misses>
				<total>2</total>
				<timestamp>2646.192152</timestamp>
			</report>
			<report>
				<misses>37900000</misses>
				<total>1</total>
				<timestamp>2653.192403</timestamp>
			</report>
			<report>
				<misses>38000000</misses>
				<total>2</total>
				<timestamp>2660.192664</timestamp>
			</report>
			<report>
				<misses>38100000</misses>
				<total>2</total>
				<timestamp>2667.193312</timestamp>
			</report>
			<report>
				<misses>38200000</misses>
				<total>1</total>
				<timestamp>2674.193910</timestamp>
			</report>
			<report>
				<misses>38300000</misses>
				<total>2</total>
				<timestamp>2681.194285</timestamp>
			</report>
			<report>
				<misses>38400000</misses>
				<total>1</total>
				<timestamp>2688.194939</timestamp>
			</report>
			<report>
				<misses>38500000</misses>
				<total>2</total>
				<timestamp>2695.195063</timestamp>
			</report>
			<report>
				<misses>38600000</misses>
				<total>1</total>
				<timestamp>2702.195409</timestamp>
			</report>
			<report>
				<misses>38700000</misses>
				<total>2</total>
				<timestamp>2709.196661</timestamp>
			</report>
			<report>
				<misses>38800000</misses>
				<total>1</total>
				<timestamp>2716.197148</timestamp>
			</report>
			<report>
				<misses>38900000</misses>
				<total>1</total>
				<timestamp>2723.197753</timestamp>
			</report>
			<report>
				<misses>39000000</misses>
				<total>1</total>
				<timestamp>2730.198384</timestamp>
			</report>
			<report>
				<misses>39100000</misses>
				<total>1</total>
				<timestamp>2737.198731</timestamp>
			</report>
			<report>
				<misses>39200000</misses>
				<total>2</total>
				<timestamp>2744.198986</timestamp>
			</report>
			<report>
				<misses>39300000</misses>
				<total>1</total>
				<timestamp>2751.200201</timestamp>
			</report>
			<report>
				<misses>39400000</misses>
				<total>1</total>
				<timestamp>2758.200941</timestamp>
			</report>
			<report>
				<misses>39500000</misses>
				<total>0</total>
				<timestamp>2765.201125</timestamp>
			</report>
			<report>
				<misses>39600000</misses>
				<total>2</total>
				<timestamp>2772.201230</timestamp>
			</report>
			<report>
				<misses>39700000</misses>
				<total>1</total>
				<timestamp>2779.201509</timestamp>
			</report>
			<report>
				<misses>39800000</misses>
				<total>1</total>
				<timestamp>2786.202152</timestamp>
			</report>
			<report>
				<misses>39900000</misses>
				<total>1</total>
				<timestamp>2793.202521</timestamp>
			</report>
			<report>
				<misses>40000000</misses>
				<total>1</total>
				<timestamp>2800.202808</timestamp>
			</report>
			<report>
				<misses>40100000</misses>
				<total>1</total>
				<timestamp>2807.203267</timestamp>
			</report>
			<report>
				<misses>40200000</misses>
				<total>2</total>
				<timestamp>2814.203609</timestamp>
			</report>
			<report>
				<misses>40300000</misses>
				<total>1</total>
				<timestamp>2821.203827</timestamp>
			</report>
			<report>
				<misses>40400000</misses>
				<total>1</total>
				<timestamp>2828.204573</timestamp>
			</report>
			<report>
				<misses>40500000</misses>
				<total>1</total>
				<timestamp>2835.205104</timestamp>
			</report>
			<report>
				<misses>40600000</misses>
				<total>2</total>
				<timestamp>2842.205471</timestamp>
			</report>
			<report>
				<misses>40700000</misses>
				<total>2</total>
				<timestamp>2849.205706</timestamp>
			</report>
			<report>
				<misses>40800000</misses>
				<total>1</total>
				<timestamp>2856.206621</timestamp>
			</report>
			<report>
				<misses>40900000</misses>
				<total>2</total>
				<timestamp>2863.207241</timestamp>
			</report>
			<report>
				<misses>41000000</misses>
				<total>1</total>
				<timestamp>2870.207555</timestamp>
			</report>
			<report>
				<misses>41100000</misses>
				<total>1</total>
				<timestamp>2877.208335</timestamp>
			</report>
			<report>
				<misses>41200000</misses>
				<total>1</total>
				<timestamp>2884.208853</timestamp>
			</report>
			<report>
				<misses>41300000</misses>
				<total>2</total>
				<timestamp>2891.209196</timestamp>
			</report>
			<report>
				<misses>41400000</misses>
				<total>1</total>
				<timestamp>2898.209968</timestamp>
			</report>
			<report>
				<misses>41500000</misses>
				<total>0</total>
				<timestamp>2905.210375</timestamp>
			</report>
			<report>
				<misses>41600000</misses>
				<total>1</total>
				<timestamp>2912.210756</timestamp>
			</report>
			<report>
				<misses>41700000</misses>
				<total>2</total>
				<timestamp>2919.211663</timestamp>
			</report>
			<report>
				<misses>41800000</misses>
				<total>1</total>
				<timestamp>2926.211808</timestamp>
			</report>
			<report>
				<misses>41900000</misses>
				<total>0</total>
				<timestamp>2933.212291</timestamp>
			</report>
			<report>
				<misses>42000000</misses>
				<total>0</total>
				<timestamp>2940.212849</timestamp>
			</report>
			<report>
				<misses>42100000</misses>
				<total>1</total>
				<timestamp>2947.213173</timestamp>
			</report>
			<report>
				<misses>42200000</misses>
				<total>1</total>
				<timestamp>2954.214215</timestamp>
			</report>
			<report>
				<misses>42300000</misses>
				<total>1</total>
				<timestamp>2961.214919</timestamp>
			</report>
			<report>
				<misses>42400000</misses>
				<total>1</total>
				<timestamp>2968.215560</timestamp>
			</report>
			<report>
				<misses>42500000</misses>
				<total>2</total>
				<timestamp>2975.215581</timestamp>
			</report>
			<report>
				<misses>42600000</misses>
				<total>1</total>
				<timestamp>2982.216000</timestamp>
			</report>
			<report>
				<misses>42700000</misses>
				<total>1</total>
				<timestamp>2989.216281</timestamp>
			</report>
			<report>
				<misses>42800000</misses>
				<total>2</total>
				<timestamp>2996.216604</timestamp>
			</report>
			<report>
				<misses>42900000</misses>
				<total>1</total>
				<timestamp>3003.217104</timestamp>
			</report>
			<report>
				<misses>43000000</misses>
				<total>2</total>
				<timestamp>3010.217205</timestamp>
			</report>
			<report>
				<misses>43100000</misses>
				<total>1</total>
				<timestamp>3017.218223</timestamp>
			</report>
			<report>
				<misses>43200000</misses>
				<total>2</total>
				<timestamp>3024.218688</timestamp>
			</report>
			<report>
				<misses>43300000</misses>
				<total>1</total>
				<timestamp>3031.219275</timestamp>
			</report>
			<report>
				<misses>43400000</misses>
				<total>0</total>
				<timestamp>3038.219565</timestamp>
			</report>
			<report>
				<misses>43500000</misses>
				<total>2</total>
				<timestamp>3045.220002</timestamp>
			</report>
			<report>
				<misses>43600000</misses>
				<total>1</total>
				<timestamp>3052.220354</timestamp>
			</report>
			<report>
				<misses>43700000</misses>
				<total>1</total>
				<timestamp>3059.220809</timestamp>
			</report>
			<report>
				<misses>43800000</misses>
				<total>2</total>
				<timestamp>3066.221260</timestamp>
			</report>
			<report>
				<misses>43900000</misses>
				<total>2</total>
				<timestamp>3073.221874</timestamp>
			</report>
			<report>
				<misses>44000000</misses>
				<total>1</total>
				<timestamp>3080.222416</timestamp>
			</report>
			<report>
				<misses>44100000</misses>
				<total>1</total>
				<timestamp>3087.222707</timestamp>
			</report>
			<report>
				<misses>44200000</misses>
				<total>2</total>
				<timestamp>3094.222934</timestamp>
			</report>
			<report>
				<misses>44300000</misses>
				<total>1</total>
				<timestamp>3101.223333</timestamp>
			</report>
			<report>
				<misses>44400000</misses>
				<total>1</total>
				<timestamp>3108.223667</timestamp>
			</report>
			<report>
				<misses>44500000</misses>
				<total>1</total>
				<timestamp>3115.224470</timestamp>
			</report>
			<report>
				<misses>44600000</misses>
				<total>1</total>
				<timestamp>3122.224953</timestamp>
			</report>
			<report>
				<misses>44700000</misses>
				<total>1</total>
				<timestamp>3129.226021</timestamp>
			</report>
			<report>
				<misses>44800000</misses>
				<total>2</total>
				<timestamp>3136.226083</timestamp>
			</report>
			<report>
				<misses>44900000</misses>
				<total>1</total>
				<timestamp>3143.226562</timestamp>
			</report>
			<report>
				<misses>45000000</misses>
				<total>2</total>
				<timestamp>3150.226832</timestamp>
			</report>
			<report>
				<misses>45100000</misses>
				<total>1</total>
				<timestamp>3157.227746</timestamp>
			</report>
			<report>
				<misses>45200000</misses>
				<total>2</total>
				<timestamp>3164.228187</timestamp>
			</report>
			<report>
				<misses>45300000</misses>
				<total>2</total>
				<timestamp>3171.228872</timestamp>
			</report>
			<report>
				<misses>45400000</misses>
				<total>1</total>
				<timestamp>3178.229036</timestamp>
			</report>
			<report>
				<misses>45500000</misses>
				<total>1</total>
				<timestamp>3185.229589</timestamp>
			</report>
			<report>
				<misses>45600000</misses>
				<total>1</total>
				<timestamp>3192.230196</timestamp>
			</report>
			<report>
				<misses>45700000</misses>
				<total>0</total>
				<timestamp>3199.230975</timestamp>
			</report>
			<report>
				<misses>45800000</misses>
				<total>1</total>
				<timestamp>3206.231711</timestamp>
			</report>
			<report>
				<misses>45900000</misses>
				<total>2</total>
				<timestamp>3213.232088</timestamp>
			</report>
			<report>
				<misses>46000000</misses>
				<total>1</total>
				<timestamp>3220.232844</timestamp>
			</report>
			<report>
				<misses>46100000</misses>
				<total>2</total>
				<timestamp>3227.233626</timestamp>
			</report>
			<report>
				<misses>46200000</misses>
				<total>1</total>
				<timestamp>3234.233981</timestamp>
			</report>
			<report>
				<misses>46300000</misses>
				<total>2</total>
				<timestamp>3241.234474</timestamp>
			</report>
			<report>
				<misses>46400000</misses>
				<total>1</total>
				<timestamp>3248.235122</timestamp>
			</report>
			<report>
				<misses>46500000</misses>
				<total>1</total>
				<timestamp>3255.235244</timestamp>
			</report>
			<report>
				<misses>46600000</misses>
				<total>2</total>
				<timestamp>3262.235376</timestamp>
			</report>
			<report>
				<misses>46700000</misses>
				<total>2</total>
				<timestamp>3269.235844</timestamp>
			</report>
			<report>
				<misses>46800000</misses>
				<total>1</total>
				<timestamp>3276.236172</timestamp>
			</report>
			<report>
				<misses>46900000</misses>
				<total>2</total>
				<timestamp>3283.236150</timestamp>
			</report>
			<report>
				<misses>47000000</misses>
				<total>2</total>
				<timestamp>3290.236298</timestamp>
			</report>
			<report>
				<misses>47100000</misses>
				<total>2</total>
				<timestamp>3297.236912</timestamp>
			</report>
			<report>
				<misses>47200000</misses>
				<total>2</total>
				<timestamp>3304.237467</timestamp>
			</report>
			<report>
				<misses>47300000</misses>
				<total>2</total>
				<timestamp>3311.238261</timestamp>
			</report>
			<report>
				<misses>47400000</misses>
				<total>2</total>
				<timestamp>3318.238946</timestamp>
			</report>
			<report>
				<misses>47500000</misses>
				<total>1</total>
				<timestamp>3325.239378</timestamp>
			</report>
			<report>
				<misses>47600000</misses>
				<total>1</total>
				<timestamp>3332.240416</timestamp>
			</report>
			<report>
				<misses>47700000</misses>
				<total>1</total>
				<timestamp>3339.241146</timestamp>
			</report>
			<report>
				<misses>47800000</misses>
				<total>2</total>
				<timestamp>3346.241496</timestamp>
			</report>
			<report>
				<misses>47900000</misses>
				<total>1</total>
				<timestamp>3353.242196</timestamp>
			</report>
			<report>
				<misses>48000000</misses>
				<total>1</total>
				<timestamp>3360.242733</timestamp>
			</report>
			<report>
				<misses>48100000</misses>
				<total>1</total>
				<timestamp>3367.242864</timestamp>
			</report>
			<report>
				<misses>48200000</misses>
				<total>0</total>
				<timestamp>3374.243207</timestamp>
			</report>
			<report>
				<misses>48300000</misses>
				<total>2</total>
				<timestamp>3381.243486</timestamp>
			</report>
			<report>
				<misses>48400000</misses>
				<total>1</total>
				<timestamp>3388.243870</timestamp>
			</report>
			<report>
				<misses>48500000</misses>
				<total>1</total>
				<timestamp>3395.244754</timestamp>
			</report>
			<report>
				<misses>48600000</misses>
				<total>1</total>
				<timestamp>3402.244896</timestamp>
			</report>
			<report>
				<misses>48700000</misses>
				<total>1</total>
				<timestamp>3409.245254</timestamp>
			</report>
			<report>
				<misses>48800000</misses>
				<total>2</total>
				<timestamp>3416.245951</timestamp>
			</report>
			<report>
				<misses>48900000</misses>
				<total>2</total>
				<timestamp>3423.246438</timestamp>
			</report>
			<report>
				<misses>49000000</misses>
				<total>1</total>
				<timestamp>3430.247182</timestamp>
			</report>
			<report>
				<misses>49100000</misses>
				<total>2</total>
				<timestamp>3437.248682</timestamp>
			</report>
			<report>
				<misses>49200000</misses>
				<total>2</total>
				<timestamp>3444.249046</timestamp>
			</report>
			<report>
				<misses>49300000</misses>
				<total>1</total>
				<timestamp>3451.249472</timestamp>
			</report>
			<report>
				<misses>49400000</misses>
				<total>1</total>
				<timestamp>3458.249822</timestamp>
			</report>
			<report>
				<misses>49500000</misses>
				<total>2</total>
				<timestamp>3465.250593</timestamp>
			</report>
			<report>
				<misses>49600000</misses>
				<total>2</total>
				<timestamp>3472.251135</timestamp>
			</report>
			<report>
				<misses>49700000</misses>
				<total>2</total>
				<timestamp>3479.251433</timestamp>
			</report>
			<report>
				<misses>49800000</misses>
				<total>1</total>
				<timestamp>3486.252122</timestamp>
			</report>
			<report>
				<misses>49900000</misses>
				<total>1</total>
				<timestamp>3493.252812</timestamp>
			</report>
			<report>
				<misses>50000000</misses>
				<total>2</total>
				<timestamp>3500.253360</timestamp>
			</report>
			<report>
				<misses>50100000</misses>
				<total>1</total>
				<timestamp>3507.254209</timestamp>
			</report>
			<report>
				<misses>50200000</misses>
				<total>2</total>
				<timestamp>3514.254479</timestamp>
			</report>
			<report>
				<misses>50300000</misses>
				<total>2</total>
				<timestamp>3521.254904</timestamp>
			</report>
			<report>
				<misses>50400000</misses>
				<total>1</total>
				<timestamp>3528.255538</timestamp>
			</report>
			<report>
				<misses>50500000</misses>
				<total>1</total>
				<timestamp>3535.256465</timestamp>
			</report>
			<report>
				<misses>50600000</misses>
				<total>1</total>
				<timestamp>3542.256733</timestamp>
			</report>
			<report>
				<misses>50700000</misses>
				<total>1</total>
				<timestamp>3549.256868</timestamp>
			</report>
			<report>
				<misses>50800000</misses>
				<total>2</total>
				<timestamp>3556.257769</timestamp>
			</report>
			<report>
				<misses>50900000</misses>
				<total>0</total>
				<timestamp>3563.258117</timestamp>
			</report>
			<report>
				<misses>51000000</misses>
				<total>2</total>
				<timestamp>3570.258630</timestamp>
			</report>
			<report>
				<misses>51100000</misses>
				<total>1</total>
				<timestamp>3577.259337</timestamp>
			</report>
			<report>
				<misses>51200000</misses>
				<total>1</total>
				<timestamp>3584.259820</timestamp>
			</report>
			<report>
				<misses>51300000</misses>
				<total>1</total>
				<timestamp>3591.260467</timestamp>
			</report>
			<report>
				<misses>51400000</misses>
				<total>1</total>
				<timestamp>3598.260862</timestamp>
			</report>
			<report>
				<misses>51500000</misses>
				<total>1</total>
				<timestamp>3605.261450</timestamp>
			</report>
			<report>
				<misses>51600000</misses>
				<total>2</total>
				<timestamp>3612.262119</timestamp>
			</report>
			<report>
				<misses>51700000</misses>
				<total>2</total>
				<timestamp>3619.262727</timestamp>
			</report>
			<report>
				<misses>51800000</misses>
				<total>2</total>
				<timestamp>3626.263266</timestamp>
			</report>
			<report>
				<misses>51900000</misses>
				<total>2</total>
				<timestamp>3633.263380</timestamp>
			</report>
			<report>
				<misses>52000000</misses>
				<total>2</total>
				<timestamp>3640.264148</timestamp>
			</report>
			<report>
				<misses>52100000</misses>
				<total>0</total>
				<timestamp>3647.264754</timestamp>
			</report>
			<report>
				<misses>52200000</misses>
				<total>2</total>
				<timestamp>3654.264848</timestamp>
			</report>
			<report>
				<misses>52300000</misses>
				<total>2</total>
				<timestamp>3661.265333</timestamp>
			</report>
			<report>
				<misses>52400000</misses>
				<total>1</total>
				<timestamp>3668.265941</timestamp>
			</report>
			<report>
				<misses>52500000</misses>
				<total>1</total>
				<timestamp>3675.266354</timestamp>
			</report>
			<report>
				<misses>52600000</misses>
				<total>2</total>
				<timestamp>3682.266597</timestamp>
			</report>
			<report>
				<misses>52700000</misses>
				<total>0</total>
				<timestamp>3689.267100</timestamp>
			</report>
			<report>
				<misses>52800000</misses>
				<total>2</total>
				<timestamp>3696.267518</timestamp>
			</report>
			<report>
				<misses>52900000</misses>
				<total>1</total>
				<timestamp>3703.268075</timestamp>
			</report>
			<report>
				<misses>53000000</misses>
				<total>2</total>
				<timestamp>3710.268492</timestamp>
			</report>
			<report>
				<misses>53100000</misses>
				<total>2</total>
				<timestamp>3717.268791</timestamp>
			</report>
			<report>
				<misses>53200000</misses>
				<total>1</total>
				<timestamp>3724.269410</timestamp>
			</report>
			<report>
				<misses>53300000</misses>
				<total>1</total>
				<timestamp>3731.270465</timestamp>
			</report>
			<report>
				<misses>53400000</misses>
				<total>1</total>
				<timestamp>3738.270751</timestamp>
			</report>
			<report>
				<misses>53500000</misses>
				<total>2</total>
				<timestamp>3745.271443</timestamp>
			</report>
			<report>
				<misses>53600000</misses>
				<total>1</total>
				<timestamp>3752.272154</timestamp>
			</report>
			<report>
				<misses>53700000</misses>
				<total>1</total>
				<timestamp>3759.272628</timestamp>
			</report>
			<report>
				<misses>53800000</misses>
				<total>2</total>
				<timestamp>3766.272824</timestamp>
			</report>
			<report>
				<misses>53900000</misses>
				<total>1</total>
				<timestamp>3773.274140</timestamp>
			</report>
			<report>
				<misses>54000000</misses>
				<total>1</total>
				<timestamp>3780.274784</timestamp>
			</report>
			<report>
				<misses>54100000</misses>
				<total>2</total>
				<timestamp>3787.275632</timestamp>
			</report>
			<report>
				<misses>54200000</misses>
				<total>2</total>
				<timestamp>3794.276494</timestamp>
			</report>
			<report>
				<misses>54300000</misses>
				<total>2</total>
				<timestamp>3801.277385</timestamp>
			</report>
			<report>
				<misses>54400000</misses>
				<total>1</total>
				<timestamp>3808.277676</timestamp>
			</report>
			<report>
				<misses>54500000</misses>
				<total>0</total>
				<timestamp>3815.278214</timestamp>
			</report>
			<report>
				<misses>54600000</misses>
				<total>2</total>
				<timestamp>3822.278836</timestamp>
			</report>
			<report>
				<misses>54700000</misses>
				<total>1</total>
				<timestamp>3829.279117</timestamp>
			</report>
			<report>
				<misses>54800000</misses>
				<total>2</total>
				<timestamp>3836.279355</timestamp>
			</report>
			<report>
				<misses>54900000</misses>
				<total>1</total>
				<timestamp>3843.279742</timestamp>
			</report>
			<report>
				<misses>55000000</misses>
				<total>1</total>
				<timestamp>3850.281021</timestamp>
			</report>
			<report>
				<misses>55100000</misses>
				<total>1</total>
				<timestamp>3857.281453</timestamp>
			</report>
			<report>
				<misses>55200000</misses>
				<total>2</total>
				<timestamp>3864.282443</timestamp>
			</report>
			<report>
				<misses>55300000</misses>
				<total>1</total>
				<timestamp>3871.283437</timestamp>
			</report>
			<report>
				<misses>55400000</misses>
				<total>2</total>
				<timestamp>3878.284157</timestamp>
			</report>
			<report>
				<misses>55500000</misses>
				<total>2</total>
				<timestamp>3885.285009</timestamp>
			</report>
			<report>
				<misses>55600000</misses>
				<total>2</total>
				<timestamp>3892.285300</timestamp>
			</report>
			<report>
				<misses>55700000</misses>
				<total>1</total>
				<timestamp>3899.285783</timestamp>
			</report>
			<report>
				<misses>55800000</misses>
				<total>1</total>
				<timestamp>3906.286217</timestamp>
			</report>
			<report>
				<misses>55900000</misses>
				<total>1</total>
				<timestamp>3913.287039</timestamp>
			</report>
			<report>
				<misses>56000000</misses>
				<total>1</total>
				<timestamp>3920.287743</timestamp>
			</report>
			<report>
				<misses>56100000</misses>
				<total>1</total>
				<timestamp>3927.288058</timestamp>
			</report>
			<report>
				<misses>56200000</misses>
				<total>2</total>
				<timestamp>3934.288738</timestamp>
			</report>
			<report>
				<misses>56300000</misses>
				<total>1</total>
				<timestamp>3941.289142</timestamp>
			</report>
			<report>
				<misses>56400000</misses>
				<total>1</total>
				<timestamp>3948.289839</timestamp>
			</report>
			<report>
				<misses>56500000</misses>
				<total>1</total>
				<timestamp>3955.290487</timestamp>
			</report>
			<report>
				<misses>56600000</misses>
				<total>2</total>
				<timestamp>3962.290839</timestamp>
			</report>
			<report>
				<misses>56700000</misses>
				<total>0</total>
				<timestamp>3969.291177</timestamp>
			</report>
			<report>
				<misses>56800000</misses>
				<total>0</total>
				<timestamp>3976.291661</timestamp>
			</report>
			<report>
				<misses>56900000</misses>
				<total>0</total>
				<timestamp>3983.292009</timestamp>
			</report>
			<report>
				<misses>57000000</misses>
				<total>1</total>
				<timestamp>3990.292449</timestamp>
			</report>
			<report>
				<misses>57100000</misses>
				<total>1</total>
				<timestamp>3997.293073</timestamp>
			</report>
			<report>
				<misses>57200000</misses>
				<total>2</total>
				<timestamp>4004.293281</timestamp>
			</report>
			<report>
				<misses>57300000</misses>
				<total>1</total>
				<timestamp>4011.293898</timestamp>
			</report>
			<report>
				<misses>57400000</misses>
				<total>2</total>
				<timestamp>4018.294406</timestamp>
			</report>
			<report>
				<misses>57500000</misses>
				<total>2</total>
				<timestamp>4025.294731</timestamp>
			</report>
			<report>
				<misses>57600000</misses>
				<total>2</total>
				<timestamp>4032.295102</timestamp>
			</report>
			<report>
				<misses>57700000</misses>
				<total>1</total>
				<timestamp>4039.295183</timestamp>
			</report>
			<report>
				<misses>57800000</misses>
				<total>1</total>
				<timestamp>4046.296008</timestamp>
			</report>
			<report>
				<misses>57900000</misses>
				<total>2</total>
				<timestamp>4053.297118</timestamp>
			</report>
			<report>
				<misses>58000000</misses>
				<total>2</total>
				<timestamp>4060.297841</timestamp>
			</report>
			<report>
				<misses>58100000</misses>
				<total>2</total>
				<timestamp>4067.298670</timestamp>
			</report>
			<report>
				<misses>58200000</misses>
				<total>1</total>
				<timestamp>4074.299227</timestamp>
			</report>
			<report>
				<misses>58300000</misses>
				<total>1</total>
				<timestamp>4081.299575</timestamp>
			</report>
			<report>
				<misses>58400000</misses>
				<total>1</total>
				<timestamp>4088.299856</timestamp>
			</report>
			<report>
				<misses>58500000</misses>
				<total>0</total>
				<timestamp>4095.300588</timestamp>
			</report>
			<report>
				<misses>58600000</misses>
				<total>2</total>
				<timestamp>4102.301474</timestamp>
			</report>
			<report>
				<misses>58700000</misses>
				<total>2</total>
				<timestamp>4109.302254</timestamp>
			</report>
			<report>
				<misses>58800000</misses>
				<total>2</total>
				<timestamp>4116.302901</timestamp>
			</report>
			<report>
				<misses>58900000</misses>
				<total>1</total>
				<timestamp>4123.303994</timestamp>
			</report>
			<report>
				<misses>59000000</misses>
				<total>2</total>
				<timestamp>4130.304515</timestamp>
			</report>
			<report>
				<misses>59100000</misses>
				<total>1</total>
				<timestamp>4137.304891</timestamp>
			</report>
			<report>
				<misses>59200000</misses>
				<total>2</total>
				<timestamp>4144.305472</timestamp>
			</report>
			<report>
				<misses>59300000</misses>
				<total>2</total>
				<timestamp>4151.305816</timestamp>
			</report>
			<report>
				<misses>59400000</misses>
				<total>1</total>
				<timestamp>4158.306720</timestamp>
			</report>
			<report>
				<misses>59500000</misses>
				<total>1</total>
				<timestamp>4165.307196</timestamp>
			</report>
			<report>
				<misses>59600000</misses>
				<total>1</total>
				<timestamp>4172.307292</timestamp>
			</report>
			<report>
				<misses>59700000</misses>
				<total>1</total>
				<timestamp>4179.307911</timestamp>
			</report>
			<report>
				<misses>59800000</misses>
				<total>1</total>
				<timestamp>4186.308675</timestamp>
			</report>
			<report>
				<misses>59900000</misses>
				<total>2</total>
				<timestamp>4193.308954</timestamp>
			</report>
			<report>
				<misses>60000000</misses>
				<total>1</total>
				<timestamp>4200.309996</timestamp>
			</report>
			<report>
				<misses>60100000</misses>
				<total>1</total>
				<timestamp>4207.310279</timestamp>
			</report>
			<report>
				<misses>60200000</misses>
				<total>1</total>
				<timestamp>4214.310567</timestamp>
			</report>
			<report>
				<misses>60300000</misses>
				<total>1</total>
				<timestamp>4221.310933</timestamp>
			</report>
			<report>
				<misses>60400000</misses>
				<total>1</total>
				<timestamp>4228.312395</timestamp>
			</report>
			<report>
				<misses>60500000</misses>
				<total>2</total>
				<timestamp>4235.312728</timestamp>
			</report>
			<report>
				<misses>60600000</misses>
				<total>0</total>
				<timestamp>4242.313896</timestamp>
			</report>
			<report>
				<misses>60700000</misses>
				<total>2</total>
				<timestamp>4249.315141</timestamp>
			</report>
			<report>
				<misses>60800000</misses>
				<total>1</total>
				<timestamp>4256.315681</timestamp>
			</report>
			<report>
				<misses>60900000</misses>
				<total>2</total>
				<timestamp>4263.315878</timestamp>
			</report>
			<report>
				<misses>61000000</misses>
				<total>2</total>
				<timestamp>4270.316036</timestamp>
			</report>
			<report>
				<misses>61100000</misses>
				<total>1</total>
				<timestamp>4277.316531</timestamp>
			</report>
			<report>
				<misses>61200000</misses>
				<total>2</total>
				<timestamp>4284.317133</timestamp>
			</report>
			<report>
				<misses>61300000</misses>
				<total>1</total>
				<timestamp>4291.317233</timestamp>
			</report>
			<report>
				<misses>61400000</misses>
				<total>2</total>
				<timestamp>4298.317797</timestamp>
			</report>
			<report>
				<misses>61500000</misses>
				<total>1</total>
				<timestamp>4305.317839</timestamp>
			</report>
			<report>
				<misses>61600000</misses>
				<total>1</total>
				<timestamp>4312.318534</timestamp>
			</report>
			<report>
				<misses>61700000</misses>
				<total>1</total>
				<timestamp>4319.319592</timestamp>
			</report>
			<report>
				<misses>61800000</misses>
				<total>1</total>
				<timestamp>4326.320012</timestamp>
			</report>
			<report>
				<misses>61900000</misses>
				<total>1</total>
				<timestamp>4333.320483</timestamp>
			</report>
			<report>
				<misses>62000000</misses>
				<total>2</total>
				<timestamp>4340.320997</timestamp>
			</report>
			<report>
				<misses>62100000</misses>
				<total>1</total>
				<timestamp>4347.321558</timestamp>
			</report>
			<report>
				<misses>62200000</misses>
				<total>2</total>
				<timestamp>4354.322198</timestamp>
			</report>
			<report>
				<misses>62300000</misses>
				<total>1</total>
				<timestamp>4361.323030</timestamp>
			</report>
			<report>
				<misses>62400000</misses>
				<total>1</total>
				<timestamp>4368.323952</timestamp>
			</report>
			<report>
				<misses>62500000</misses>
				<total>2</total>
				<timestamp>4375.324374</timestamp>
			</report>
			<report>
				<misses>62600000</misses>
				<total>1</total>
				<timestamp>4382.324624</timestamp>
			</report>
			<report>
				<misses>62700000</misses>
				<total>2</total>
				<timestamp>4389.325404</timestamp>
			</report>
			<report>
				<misses>62800000</misses>
				<total>2</total>
				<timestamp>4396.326526</timestamp>
			</report>
			<report>
				<misses>62900000</misses>
				<total>2</total>
				<timestamp>4403.326947</timestamp>
			</report>
			<report>
				<misses>63000000</misses>
				<total>2</total>
				<timestamp>4410.327788</timestamp>
			</report>
			<report>
				<misses>63100000</misses>
				<total>2</total>
				<timestamp>4417.328269</timestamp>
			</report>
			<report>
				<misses>63200000</misses>
				<total>1</total>
				<timestamp>4424.328486</timestamp>
			</report>
			<report>
				<misses>63300000</misses>
				<total>2</total>
				<timestamp>4431.329265</timestamp>
			</report>
			<report>
				<misses>63400000</misses>
				<total>1</total>
				<timestamp>4438.329487</timestamp>
			</report>
			<report>
				<misses>63500000</misses>
				<total>1</total>
				<timestamp>4445.329675</timestamp>
			</report>
			<report>
				<misses>63600000</misses>
				<total>2</total>
				<timestamp>4452.330652</timestamp>
			</report>
			<report>
				<misses>63700000</misses>
				<total>2</total>
				<timestamp>4459.331001</timestamp>
			</report>
			<report>
				<misses>63800000</misses>
				<total>1</total>
				<timestamp>4466.331234</timestamp>
			</report>
			<report>
				<misses>63900000</misses>
				<total>1</total>
				<timestamp>4473.331686</timestamp>
			</report>
			<report>
				<misses>64000000</misses>
				<total>1</total>
				<timestamp>4480.332486</timestamp>
			</report>
			<report>
				<misses>64100000</misses>
				<total>2</total>
				<timestamp>4487.332564</timestamp>
			</report>
			<report>
				<misses>64200000</misses>
				<total>1</total>
				<timestamp>4494.333036</timestamp>
			</report>
			<report>
				<misses>64300000</misses>
				<total>2</total>
				<timestamp>4501.333732</timestamp>
			</report>
			<report>
				<misses>64400000</misses>
				<total>1</total>
				<timestamp>4508.333945</timestamp>
			</report>
			<report>
				<misses>64500000</misses>
				<total>1</total>
				<timestamp>4515.334394</timestamp>
			</report>
			<report>
				<misses>64600000</misses>
				<total>1</total>
				<timestamp>4522.334997</timestamp>
			</report>
			<report>
				<misses>64700000</misses>
				<total>2</total>
				<timestamp>4529.335131</timestamp>
			</report>
			<report>
				<misses>64800000</misses>
				<total>2</total>
				<timestamp>4536.335273</timestamp>
			</report>
			<report>
				<misses>64900000</misses>
				<total>2</total>
				<timestamp>4543.335901</timestamp>
			</report>
			<report>
				<misses>65000000</misses>
				<total>1</total>
				<timestamp>4550.336049</timestamp>
			</report>
			<report>
				<misses>65100000</misses>
				<total>1</total>
				<timestamp>4557.336989</timestamp>
			</report>
			<report>
				<misses>65200000</misses>
				<total>1</total>
				<timestamp>4564.337394</timestamp>
			</report>
			<report>
				<misses>65300000</misses>
				<total>2</total>
				<timestamp>4571.337657</timestamp>
			</report>
			<report>
				<misses>65400000</misses>
				<total>1</total>
				<timestamp>4578.337996</timestamp>
			</report>
			<report>
				<misses>65500000</misses>
				<total>1</total>
				<timestamp>4585.338673</timestamp>
			</report>
			<report>
				<misses>65600000</misses>
				<total>2</total>
				<timestamp>4592.339129</timestamp>
			</report>
			<report>
				<misses>65700000</misses>
				<total>3</total>
				<timestamp>4599.339748</timestamp>
			</report>
			<report>
				<misses>65800000</misses>
				<total>1</total>
				<timestamp>4606.340033</timestamp>
			</report>
			<report>
				<misses>65900000</misses>
				<total>1</total>
				<timestamp>4613.340791</timestamp>
			</report>
			<report>
				<misses>66000000</misses>
				<total>2</total>
				<timestamp>4620.340851</timestamp>
			</report>
			<report>
				<misses>66100000</misses>
				<total>2</total>
				<timestamp>4627.341369</timestamp>
			</report>
			<report>
				<misses>66200000</misses>
				<total>2</total>
				<timestamp>4634.341770</timestamp>
			</report>
			<report>
				<misses>66300000</misses>
				<total>1</total>
				<timestamp>4641.342276</timestamp>
			</report>
			<report>
				<misses>66400000</misses>
				<total>0</total>
				<timestamp>4648.342596</timestamp>
			</report>
			<report>
				<misses>66500000</misses>
				<total>1</total>
				<timestamp>4655.343256</timestamp>
			</report>
			<report>
				<misses>66600000</misses>
				<total>2</total>
				<timestamp>4662.344504</timestamp>
			</report>
			<report>
				<misses>66700000</misses>
				<total>2</total>
				<timestamp>4669.344606</timestamp>
			</report>
			<report>
				<misses>66800000</misses>
				<total>2</total>
				<timestamp>4676.345223</timestamp>
			</report>
			<report>
				<misses>66900000</misses>
				<total>1</total>
				<timestamp>4683.345561</timestamp>
			</report>
			<report>
				<misses>67000000</misses>
				<total>2</total>
				<timestamp>4690.346054</timestamp>
			</report>
			<report>
				<misses>67100000</misses>
				<total>1</total>
				<timestamp>4697.346256</timestamp>
			</report>
			<report>
				<misses>67200000</misses>
				<total>1</total>
				<timestamp>4704.346706</timestamp>
			</report>
			<report>
				<misses>67300000</misses>
				<total>1</total>
				<timestamp>4711.347233</timestamp>
			</report>
			<report>
				<misses>67400000</misses>
				<total>1</total>
				<timestamp>4718.347808</timestamp>
			</report>
			<report>
				<misses>67500000</misses>
				<total>1</total>
				<timestamp>4725.347954</timestamp>
			</report>
			<report>
				<misses>67600000</misses>
				<total>1</total>
				<timestamp>4732.348227</timestamp>
			</report>
			<report>
				<misses>67700000</misses>
				<total>1</total>
				<timestamp>4739.349060</timestamp>
			</report>
			<report>
				<misses>67800000</misses>
				<total>2</total>
				<timestamp>4746.349423</timestamp>
			</report>
			<report>
				<misses>67900000</misses>
				<total>2</total>
				<timestamp>4753.349623</timestamp>
			</report>
			<report>
				<misses>68000000</misses>
				<total>1</total>
				<timestamp>4760.350250</timestamp>
			</report>
			<report>
				<misses>68100000</misses>
				<total>1</total>
				<timestamp>4767.350813</timestamp>
			</report>
			<report>
				<misses>68200000</misses>
				<total>1</total>
				<timestamp>4774.351034</timestamp>
			</report>
			<report>
				<misses>68300000</misses>
				<total>1</total>
				<timestamp>4781.351717</timestamp>
			</report>
			<report>
				<misses>68400000</misses>
				<total>1</total>
				<timestamp>4788.351854</timestamp>
			</report>
			<report>
				<misses>68500000</misses>
				<total>2</total>
				<timestamp>4795.352654</timestamp>
			</report>
			<report>
				<misses>68600000</misses>
				<total>1</total>
				<timestamp>4802.352715</timestamp>
			</report>
			<report>
				<misses>68700000</misses>
				<total>1</total>
				<timestamp>4809.353176</timestamp>
			</report>
			<report>
				<misses>68800000</misses>
				<total>1</total>
				<timestamp>4816.354292</timestamp>
			</report>
			<report>
				<misses>68900000</misses>
				<total>2</total>
				<timestamp>4823.354897</timestamp>
			</report>
			<report>
				<misses>69000000</misses>
				<total>1</total>
				<timestamp>4830.355603</timestamp>
			</report>
			<report>
				<misses>69100000</misses>
				<total>2</total>
				<timestamp>4837.356352</timestamp>
			</report>
			<report>
				<misses>69200000</misses>
				<total>1</total>
				<timestamp>4844.356490</timestamp>
			</report>
			<report>
				<misses>69300000</misses>
				<total>1</total>
				<timestamp>4851.356625</timestamp>
			</report>
			<report>
				<misses>69400000</misses>
				<total>1</total>
				<timestamp>4858.357307</timestamp>
			</report>
			<report>
				<misses>69500000</misses>
				<total>1</total>
				<timestamp>4865.357749</timestamp>
			</report>
			<report>
				<misses>69600000</misses>
				<total>1</total>
				<timestamp>4872.358040</timestamp>
			</report>
			<report>
				<misses>69700000</misses>
				<total>1</total>
				<timestamp>4879.358516</timestamp>
			</report>
			<report>
				<misses>69800000</misses>
				<total>1</total>
				<timestamp>4886.358580</timestamp>
			</report>
			<report>
				<misses>69900000</misses>
				<total>2</total>
				<timestamp>4893.359090</timestamp>
			</report>
			<report>
				<misses>70000000</misses>
				<total>1</total>
				<timestamp>4900.359697</timestamp>
			</report>
			<report>
				<misses>70100000</misses>
				<total>2</total>
				<timestamp>4907.359908</timestamp>
			</report>
			<report>
				<misses>70200000</misses>
				<total>2</total>
				<timestamp>4914.361311</timestamp>
			</report>
			<report>
				<misses>70300000</misses>
				<total>2</total>
				<timestamp>4921.362262</timestamp>
			</report>
			<report>
				<misses>70400000</misses>
				<total>1</total>
				<timestamp>4928.362505</timestamp>
			</report>
			<report>
				<misses>70500000</misses>
				<total>1</total>
				<timestamp>4935.363045</timestamp>
			</report>
			<report>
				<misses>70600000</misses>
				<total>1</total>
				<timestamp>4942.363356</timestamp>
			</report>
			<report>
				<misses>70700000</misses>
				<total>2</total>
				<timestamp>4949.363755</timestamp>
			</report>
			<report>
				<misses>70800000</misses>
				<total>1</total>
				<timestamp>4956.364277</timestamp>
			</report>
			<report>
				<misses>70900000</misses>
				<total>2</total>
				<timestamp>4963.364683</timestamp>
			</report>
			<report>
				<misses>71000000</misses>
				<total>2</total>
				<timestamp>4970.365232</timestamp>
			</report>
			<report>
				<misses>71100000</misses>
				<total>1</total>
				<timestamp>4977.366056</timestamp>
			</report>
			<report>
				<misses>71200000</misses>
				<total>2</total>
				<timestamp>4984.366222</timestamp>
			</report>
			<report>
				<misses>71300000</misses>
				<total>2</total>
				<timestamp>4991.366797</timestamp>
			</report>
			<report>
				<misses>71400000</misses>
				<total>2</total>
				<timestamp>4998.367650</timestamp>
			</report>
			<report>
				<misses>71500000</misses>
				<total>1</total>
				<timestamp>5005.367738</timestamp>
			</report>
			<report>
				<misses>71600000</misses>
				<total>1</total>
				<timestamp>5012.368324</timestamp>
			</report>
			<report>
				<misses>71700000</misses>
				<total>2</total>
				<timestamp>5019.368957</timestamp>
			</report>
			<report>
				<misses>71800000</misses>
				<total>2</total>
				<timestamp>5026.369568</timestamp>
			</report>
			<report>
				<misses>71900000</misses>
				<total>1</total>
				<timestamp>5033.370421</timestamp>
			</report>
			<report>
				<misses>72000000</misses>
				<total>1</total>
				<timestamp>5040.370867</timestamp>
			</report>
			<report>
				<misses>72100000</misses>
				<total>1</total>
				<timestamp>5047.371340</timestamp>
			</report>
			<report>
				<misses>72200000</misses>
				<total>1</total>
				<timestamp>5054.371748</timestamp>
			</report>
			<report>
				<misses>72300000</misses>
				<total>2</total>
				<timestamp>5061.372579</timestamp>
			</report>
			<report>
				<misses>72400000</misses>
				<total>0</total>
				<timestamp>5068.373227</timestamp>
			</report>
			<report>
				<misses>72500000</misses>
				<total>2</total>
				<timestamp>5075.373483</timestamp>
			</report>
			<report>
				<misses>72600000</misses>
				<total>1</total>
				<timestamp>5082.374134</timestamp>
			</report>
			<report>
				<misses>72700000</misses>
				<total>2</total>
				<timestamp>5089.374819</timestamp>
			</report>
			<report>
				<misses>72800000</misses>
				<total>1</total>
				<timestamp>5096.375034</timestamp>
			</report>
			<report>
				<misses>72900000</misses>
				<total>1</total>
				<timestamp>5103.375474</timestamp>
			</report>
			<report>
				<misses>73000000</misses>
				<total>1</total>
				<timestamp>5110.377055</timestamp>
			</report>
			<report>
				<misses>73100000</misses>
				<total>1</total>
				<timestamp>5117.377787</timestamp>
			</report>
			<report>
				<misses>73200000</misses>
				<total>1</total>
				<timestamp>5124.378089</timestamp>
			</report>
			<report>
				<misses>73300000</misses>
				<total>1</total>
				<timestamp>5131.378468</timestamp>
			</report>
			<report>
				<misses>73400000</misses>
				<total>1</total>
				<timestamp>5138.379011</timestamp>
			</report>
			<report>
				<misses>73500000</misses>
				<total>1</total>
				<timestamp>5145.379577</timestamp>
			</report>
			<report>
				<misses>73600000</misses>
				<total>1</total>
				<timestamp>5152.380285</timestamp>
			</report>
			<report>
				<misses>73700000</misses>
				<total>0</total>
				<timestamp>5159.381455</timestamp>
			</report>
			<report>
				<misses>73800000</misses>
				<total>1</total>
				<timestamp>5166.381976</timestamp>
			</report>
			<report>
				<misses>73900000</misses>
				<total>2</total>
				<timestamp>5173.382600</timestamp>
			</report>
			<report>
				<misses>74000000</misses>
				<total>1</total>
				<timestamp>5180.383101</timestamp>
			</report>
			<report>
				<misses>74100000</misses>
				<total>1</total>
				<timestamp>5187.383724</timestamp>
			</report>
			<report>
				<misses>74200000</misses>
				<total>1</total>
				<timestamp>5194.384153</timestamp>
			</report>
			<report>
				<misses>74300000</misses>
				<total>1</total>
				<timestamp>5201.385094</timestamp>
			</report>
			<report>
				<misses>74400000</misses>
				<total>2</total>
				<timestamp>5208.385943</timestamp>
			</report>
			<report>
				<misses>74500000</misses>
				<total>1</total>
				<timestamp>5215.386084</timestamp>
			</report>
			<report>
				<misses>74600000</misses>
				<total>1</total>
				<timestamp>5222.386926</timestamp>
			</report>
			<report>
				<misses>74700000</misses>
				<total>2</total>
				<timestamp>5229.387422</timestamp>
			</report>
			<report>
				<misses>74800000</misses>
				<total>1</total>
				<timestamp>5236.388048</timestamp>
			</report>
			<report>
				<misses>74900000</misses>
				<total>2</total>
				<timestamp>5243.388829</timestamp>
			</report>
			<report>
				<misses>75000000</misses>
				<total>1</total>
				<timestamp>5250.389113</timestamp>
			</report>
			<report>
				<misses>75100000</misses>
				<total>1</total>
				<timestamp>5257.389386</timestamp>
			</report>
			<report>
				<misses>75200000</misses>
				<total>1</total>
				<timestamp>5264.390075</timestamp>
			</report>
			<report>
				<misses>75300000</misses>
				<total>2</total>
				<timestamp>5271.390504</timestamp>
			</report>
			<report>
				<misses>75400000</misses>
				<total>2</total>
				<timestamp>5278.391078</timestamp>
			</report>
			<report>
				<misses>75500000</misses>
				<total>2</total>
				<timestamp>5285.391621</timestamp>
			</report>
			<report>
				<misses>75600000</misses>
				<total>2</total>
				<timestamp>5292.392194</timestamp>
			</report>
			<report>
				<misses>75700000</misses>
				<total>1</total>
				<timestamp>5299.392620</timestamp>
			</report>
			<report>
				<misses>75800000</misses>
				<total>1</total>
				<timestamp>5306.393751</timestamp>
			</report>
			<report>
				<misses>75900000</misses>
				<total>1</total>
				<timestamp>5313.394171</timestamp>
			</report>
			<report>
				<misses>76000000</misses>
				<total>2</total>
				<timestamp>5320.395205</timestamp>
			</report>
			<report>
				<misses>76100000</misses>
				<total>1</total>
				<timestamp>5327.396445</timestamp>
			</report>
			<report>
				<misses>76200000</misses>
				<total>2</total>
				<timestamp>5334.396949</timestamp>
			</report>
			<report>
				<misses>76300000</misses>
				<total>1</total>
				<timestamp>5341.398850</timestamp>
			</report>
			<report>
				<misses>76400000</misses>
				<total>1</total>
				<timestamp>5348.399687</timestamp>
			</report>
			<report>
				<misses>76500000</misses>
				<total>2</total>
				<timestamp>5355.400287</timestamp>
			</report>
			<report>
				<misses>76600000</misses>
				<total>1</total>
				<timestamp>5362.400466</timestamp>
			</report>
			<report>
				<misses>76700000</misses>
				<total>1</total>
				<timestamp>5369.401349</timestamp>
			</report>
			<report>
				<misses>76800000</misses>
				<total>1</total>
				<timestamp>5376.402110</timestamp>
			</report>
			<report>
				<misses>76900000</misses>
				<total>1</total>
				<timestamp>5383.402399</timestamp>
			</report>
			<report>
				<misses>77000000</misses>
				<total>1</total>
				<timestamp>5390.402686</timestamp>
			</report>
			<report>
				<misses>77100000</misses>
				<total>1</total>
				<timestamp>5397.402909</timestamp>
			</report>
			<report>
				<misses>77200000</misses>
				<total>1</total>
				<timestamp>5404.403436</timestamp>
			</report>
			<report>
				<misses>77300000</misses>
				<total>2</total>
				<timestamp>5411.403968</timestamp>
			</report>
			<report>
				<misses>77400000</misses>
				<total>1</total>
				<timestamp>5418.404309</timestamp>
			</report>
			<report>
				<misses>77500000</misses>
				<total>1</total>
				<timestamp>5425.405210</timestamp>
			</report>
			<report>
				<misses>77600000</misses>
				<total>2</total>
				<timestamp>5432.406119</timestamp>
			</report>
			<report>
				<misses>77700000</misses>
				<total>1</total>
				<timestamp>5439.406902</timestamp>
			</report>
			<report>
				<misses>77800000</misses>
				<total>2</total>
				<timestamp>5446.407290</timestamp>
			</report>
			<report>
				<misses>77900000</misses>
				<total>1</total>
				<timestamp>5453.407605</timestamp>
			</report>
			<report>
				<misses>78000000</misses>
				<total>1</total>
				<timestamp>5460.408429</timestamp>
			</report>
			<report>
				<misses>78100000</misses>
				<total>2</total>
				<timestamp>5467.408763</timestamp>
			</report>
			<report>
				<misses>78200000</misses>
				<total>1</total>
				<timestamp>5474.409265</timestamp>
			</report>
			<report>
				<misses>78300000</misses>
				<total>1</total>
				<timestamp>5481.409962</timestamp>
			</report>
			<report>
				<misses>78400000</misses>
				<total>2</total>
				<timestamp>5488.410751</timestamp>
			</report>
			<report>
				<misses>78500000</misses>
				<total>2</total>
				<timestamp>5495.411166</timestamp>
			</report>
			<report>
				<misses>78600000</misses>
				<total>1</total>
				<timestamp>5502.411885</timestamp>
			</report>
			<report>
				<misses>78700000</misses>
				<total>1</total>
				<timestamp>5509.412237</timestamp>
			</report>
			<report>
				<misses>78800000</misses>
				<total>1</total>
				<timestamp>5516.412524</timestamp>
			</report>
			<report>
				<misses>78900000</misses>
				<total>2</total>
				<timestamp>5523.412991</timestamp>
			</report>
			<report>
				<misses>79000000</misses>
				<total>1</total>
				<timestamp>5530.413851</timestamp>
			</report>
			<report>
				<misses>79100000</misses>
				<total>1</total>
				<timestamp>5537.414294</timestamp>
			</report>
			<report>
				<misses>79200000</misses>
				<total>2</total>
				<timestamp>5544.414954</timestamp>
			</report>
			<report>
				<misses>79300000</misses>
				<total>2</total>
				<timestamp>5551.415856</timestamp>
			</report>
			<report>
				<misses>79400000</misses>
				<total>2</total>
				<timestamp>5558.416820</timestamp>
			</report>
			<report>
				<misses>79500000</misses>
				<total>2</total>
				<timestamp>5565.417026</timestamp>
			</report>
			<report>
				<misses>79600000</misses>
				<total>1</total>
				<timestamp>5572.417382</timestamp>
			</report>
			<report>
				<misses>79700000</misses>
				<total>2</total>
				<timestamp>5579.418286</timestamp>
			</report>
			<report>
				<misses>79800000</misses>
				<total>1</total>
				<timestamp>5586.418749</timestamp>
			</report>
			<report>
				<misses>79900000</misses>
				<total>1</total>
				<timestamp>5593.419553</timestamp>
			</report>
			<report>
				<misses>80000000</misses>
				<total>2</total>
				<timestamp>5600.419837</timestamp>
			</report>
			<report>
				<misses>80100000</misses>
				<total>1</total>
				<timestamp>5607.420898</timestamp>
			</report>
			<report>
				<misses>80200000</misses>
				<total>0</total>
				<timestamp>5614.421483</timestamp>
			</report>
			<report>
				<misses>80300000</misses>
				<total>1</total>
				<timestamp>5621.421921</timestamp>
			</report>
			<report>
				<misses>80400000</misses>
				<total>1</total>
				<timestamp>5628.422623</timestamp>
			</report>
			<report>
				<misses>80500000</misses>
				<total>0</total>
				<timestamp>5635.423101</timestamp>
			</report>
			<report>
				<misses>80600000</misses>
				<total>1</total>
				<timestamp>5642.423593</timestamp>
			</report>
			<report>
				<misses>80700000</misses>
				<total>1</total>
				<timestamp>5649.424195</timestamp>
			</report>
			<report>
				<misses>80800000</misses>
				<total>1</total>
				<timestamp>5656.424746</timestamp>
			</report>
			<report>
				<misses>80900000</misses>
				<total>0</total>
				<timestamp>5663.425086</timestamp>
			</report>
			<report>
				<misses>81000000</misses>
				<total>1</total>
				<timestamp>5670.425780</timestamp>
			</report>
			<report>
				<misses>81100000</misses>
				<total>1</total>
				<timestamp>5677.426192</timestamp>
			</report>
			<report>
				<misses>81200000</misses>
				<total>1</total>
				<timestamp>5684.426793</timestamp>
			</report>
			<report>
				<misses>81300000</misses>
				<total>2</total>
				<timestamp>5691.427391</timestamp>
			</report>
			<report>
				<misses>81400000</misses>
				<total>2</total>
				<timestamp>5698.427801</timestamp>
			</report>
			<report>
				<misses>81500000</misses>
				<total>1</total>
				<timestamp>5705.428144</timestamp>
			</report>
			<report>
				<misses>81600000</misses>
				<total>1</total>
				<timestamp>5712.428158</timestamp>
			</report>
			<report>
				<misses>81700000</misses>
				<total>2</total>
				<timestamp>5719.428524</timestamp>
			</report>
			<report>
				<misses>81800000</misses>
				<total>2</total>
				<timestamp>5726.428696</timestamp>
			</report>
			<report>
				<misses>81900000</misses>
				<total>2</total>
				<timestamp>5733.429562</timestamp>
			</report>
			<report>
				<misses>82000000</misses>
				<total>1</total>
				<timestamp>5740.429846</timestamp>
			</report>
			<report>
				<misses>82100000</misses>
				<total>2</total>
				<timestamp>5747.430136</timestamp>
			</report>
			<report>
				<misses>82200000</misses>
				<total>1</total>
				<timestamp>5754.430623</timestamp>
			</report>
			<report>
				<misses>82300000</misses>
				<total>1</total>
				<timestamp>5761.431173</timestamp>
			</report>
			<report>
				<misses>82400000</misses>
				<total>2</total>
				<timestamp>5768.432310</timestamp>
			</report>
			<report>
				<misses>82500000</misses>
				<total>1</total>
				<timestamp>5775.432793</timestamp>
			</report>
			<report>
				<misses>82600000</misses>
				<total>2</total>
				<timestamp>5782.433947</timestamp>
			</report>
			<report>
				<misses>82700000</misses>
				<total>2</total>
				<timestamp>5789.434380</timestamp>
			</report>
			<report>
				<misses>82800000</misses>
				<total>1</total>
				<timestamp>5796.434888</timestamp>
			</report>
			<report>
				<misses>82900000</misses>
				<total>1</total>
				<timestamp>5803.435173</timestamp>
			</report>
			<report>
				<misses>83000000</misses>
				<total>1</total>
				<timestamp>5810.435938</timestamp>
			</report>
			<report>
				<misses>83100000</misses>
				<total>1</total>
				<timestamp>5817.436093</timestamp>
			</report>
			<report>
				<misses>83200000</misses>
				<total>1</total>
				<timestamp>5824.436491</timestamp>
			</report>
			<report>
				<misses>83300000</misses>
				<total>2</total>
				<timestamp>5831.437119</timestamp>
			</report>
			<report>
				<misses>83400000</misses>
				<total>1</total>
				<timestamp>5838.437341</timestamp>
			</report>
			<report>
				<misses>83500000</misses>
				<total>2</total>
				<timestamp>5845.437611</timestamp>
			</report>
			<report>
				<misses>83600000</misses>
				<total>2</total>
				<timestamp>5852.437944</timestamp>
			</report>
			<report>
				<misses>83700000</misses>
				<total>2</total>
				<timestamp>5859.438799</timestamp>
			</report>
			<report>
				<misses>83800000</misses>
				<total>1</total>
				<timestamp>5866.439171</timestamp>
			</report>
			<report>
				<misses>83900000</misses>
				<total>1</total>
				<timestamp>5873.439374</timestamp>
			</report>
			<report>
				<misses>84000000</misses>
				<total>1</total>
				<timestamp>5880.440278</timestamp>
			</report>
			<report>
				<misses>84100000</misses>
				<total>1</total>
				<timestamp>5887.440418</timestamp>
			</report>
			<report>
				<misses>84200000</misses>
				<total>1</total>
				<timestamp>5894.441300</timestamp>
			</report>
			<report>
				<misses>84300000</misses>
				<total>1</total>
				<timestamp>5901.441378</timestamp>
			</report>
			<report>
				<misses>84400000</misses>
				<total>1</total>
				<timestamp>5908.442026</timestamp>
			</report>
			<report>
				<misses>84500000</misses>
				<total>1</total>
				<timestamp>5915.442433</timestamp>
			</report>
			<report>
				<misses>84600000</misses>
				<total>2</total>
				<timestamp>5922.442811</timestamp>
			</report>
			<report>
				<misses>84700000</misses>
				<total>2</total>
				<timestamp>5929.443147</timestamp>
			</report>
			<report>
				<misses>84800000</misses>
				<total>1</total>
				<timestamp>5936.443624</timestamp>
			</report>
			<report>
				<misses>84900000</misses>
				<total>1</total>
				<timestamp>5943.443842</timestamp>
			</report>
			<report>
				<misses>85000000</misses>
				<total>1</total>
				<timestamp>5950.444615</timestamp>
			</report>
			<report>
				<misses>85100000</misses>
				<total>2</total>
				<timestamp>5957.445388</timestamp>
			</report>
			<report>
				<misses>85200000</misses>
				<total>2</total>
				<timestamp>5964.445537</timestamp>
			</report>
			<report>
				<misses>85300000</misses>
				<total>1</total>
				<timestamp>5971.445812</timestamp>
			</report>
			<report>
				<misses>85400000</misses>
				<total>1</total>
				<timestamp>5978.446251</timestamp>
			</report>
			<report>
				<misses>85500000</misses>
				<total>1</total>
				<timestamp>5985.446720</timestamp>
			</report>
			<report>
				<misses>85600000</misses>
				<total>2</total>
				<timestamp>5992.446926</timestamp>
			</report>
			<report>
				<misses>85700000</misses>
				<total>2</total>
				<timestamp>5999.446989</timestamp>
			</report>
			<report>
				<misses>85800000</misses>
				<total>2</total>
				<timestamp>6006.447782</timestamp>
			</report>
			<report>
				<misses>85900000</misses>
				<total>1</total>
				<timestamp>6013.448153</timestamp>
			</report>
			<report>
				<misses>86000000</misses>
				<total>1</total>
				<timestamp>6020.449312</timestamp>
			</report>
			<report>
				<misses>86100000</misses>
				<total>0</total>
				<timestamp>6027.450348</timestamp>
			</report>
			<report>
				<misses>86200000</misses>
				<total>1</total>
				<timestamp>6034.450929</timestamp>
			</report>
			<report>
				<misses>86300000</misses>
				<total>2</total>
				<timestamp>6041.451405</timestamp>
			</report>
			<report>
				<misses>86400000</misses>
				<total>1</total>
				<timestamp>6048.451674</timestamp>
			</report>
			<report>
				<misses>86500000</misses>
				<total>0</total>
				<timestamp>6055.452005</timestamp>
			</report>
			<report>
				<misses>86600000</misses>
				<total>1</total>
				<timestamp>6062.453031</timestamp>
			</report>
			<report>
				<misses>86700000</misses>
				<total>1</total>
				<timestamp>6069.454351</timestamp>
			</report>
			<report>
				<misses>86800000</misses>
				<total>2</total>
				<timestamp>6076.455103</timestamp>
			</report>
			<report>
				<misses>86900000</misses>
				<total>2</total>
				<timestamp>6083.455483</timestamp>
			</report>
			<report>
				<misses>87000000</misses>
				<total>1</total>
				<timestamp>6090.455680</timestamp>
			</report>
			<report>
				<misses>87100000</misses>
				<total>1</total>
				<timestamp>6097.456110</timestamp>
			</report>
			<report>
				<misses>87200000</misses>
				<total>1</total>
				<timestamp>6104.456937</timestamp>
			</report>
			<report>
				<misses>87300000</misses>
				<total>1</total>
				<timestamp>6111.457857</timestamp>
			</report>
			<report>
				<misses>87400000</misses>
				<total>1</total>
				<timestamp>6118.458500</timestamp>
			</report>
			<report>
				<misses>87500000</misses>
				<total>2</total>
				<timestamp>6125.458751</timestamp>
			</report>
			<report>
				<misses>87600000</misses>
				<total>2</total>
				<timestamp>6132.459058</timestamp>
			</report>
			<report>
				<misses>87700000</misses>
				<total>1</total>
				<timestamp>6139.459584</timestamp>
			</report>
			<report>
				<misses>87800000</misses>
				<total>2</total>
				<timestamp>6146.460022</timestamp>
			</report>
			<report>
				<misses>87900000</misses>
				<total>1</total>
				<timestamp>6153.460885</timestamp>
			</report>
			<report>
				<misses>88000000</misses>
				<total>1</total>
				<timestamp>6160.461680</timestamp>
			</report>
			<report>
				<misses>88100000</misses>
				<total>0</total>
				<timestamp>6167.462309</timestamp>
			</report>
			<report>
				<misses>88200000</misses>
				<total>1</total>
				<timestamp>6174.463516</timestamp>
			</report>
			<report>
				<misses>88300000</misses>
				<total>1</total>
				<timestamp>6181.463932</timestamp>
			</report>
			<report>
				<misses>88400000</misses>
				<total>1</total>
				<timestamp>6188.464211</timestamp>
			</report>
			<report>
				<misses>88500000</misses>
				<total>1</total>
				<timestamp>6195.465079</timestamp>
			</report>
			<report>
				<misses>88600000</misses>
				<total>2</total>
				<timestamp>6202.466333</timestamp>
			</report>
			<report>
				<misses>88700000</misses>
				<total>1</total>
				<timestamp>6209.467079</timestamp>
			</report>
			<report>
				<misses>88800000</misses>
				<total>2</total>
				<timestamp>6216.467108</timestamp>
			</report>
			<report>
				<misses>88900000</misses>
				<total>0</total>
				<timestamp>6223.467613</timestamp>
			</report>
			<report>
				<misses>89000000</misses>
				<total>1</total>
				<timestamp>6230.467849</timestamp>
			</report>
			<report>
				<misses>89100000</misses>
				<total>1</total>
				<timestamp>6237.468903</timestamp>
			</report>
			<report>
				<misses>89200000</misses>
				<total>1</total>
				<timestamp>6244.469963</timestamp>
			</report>
			<report>
				<misses>89300000</misses>
				<total>0</total>
				<timestamp>6251.470667</timestamp>
			</report>
			<report>
				<misses>89400000</misses>
				<total>1</total>
				<timestamp>6258.471226</timestamp>
			</report>
			<report>
				<misses>89500000</misses>
				<total>1</total>
				<timestamp>6265.471708</timestamp>
			</report>
			<report>
				<misses>89600000</misses>
				<total>1</total>
				<timestamp>6272.472065</timestamp>
			</report>
			<report>
				<misses>89700000</misses>
				<total>2</total>
				<timestamp>6279.472332</timestamp>
			</report>
			<report>
				<misses>89800000</misses>
				<total>2</total>
				<timestamp>6286.472540</timestamp>
			</report>
			<report>
				<misses>89900000</misses>
				<total>1</total>
				<timestamp>6293.472844</timestamp>
			</report>
			<report>
				<misses>90000000</misses>
				<total>2</total>
				<timestamp>6300.473453</timestamp>
			</report>
			<report>
				<misses>90100000</misses>
				<total>1</total>
				<timestamp>6307.473887</timestamp>
			</report>
			<report>
				<misses>90200000</misses>
				<total>2</total>
				<timestamp>6314.474804</timestamp>
			</report>
			<report>
				<misses>90300000</misses>
				<total>1</total>
				<timestamp>6321.475697</timestamp>
			</report>
			<report>
				<misses>90400000</misses>
				<total>2</total>
				<timestamp>6328.476095</timestamp>
			</report>
			<report>
				<misses>90500000</misses>
				<total>1</total>
				<timestamp>6335.476558</timestamp>
			</report>
			<report>
				<misses>90600000</misses>
				<total>1</total>
				<timestamp>6342.477150</timestamp>
			</report>
			<report>
				<misses>90700000</misses>
				<total>1</total>
				<timestamp>6349.478157</timestamp>
			</report>
			<report>
				<misses>90800000</misses>
				<total>1</total>
				<timestamp>6356.478846</timestamp>
			</report>
			<report>
				<misses>90900000</misses>
				<total>2</total>
				<timestamp>6363.479445</timestamp>
			</report>
			<report>
				<misses>91000000</misses>
				<total>2</total>
				<timestamp>6370.479901</timestamp>
			</report>
			<report>
				<misses>91100000</misses>
				<total>1</total>
				<timestamp>6377.480165</timestamp>
			</report>
			<report>
				<misses>91200000</misses>
				<total>1</total>
				<timestamp>6384.480663</timestamp>
			</report>
			<report>
				<misses>91300000</misses>
				<total>2</total>
				<timestamp>6391.481136</timestamp>
			</report>
			<report>
				<misses>91400000</misses>
				<total>1</total>
				<timestamp>6398.481302</timestamp>
			</report>
			<report>
				<misses>91500000</misses>
				<total>1</total>
				<timestamp>6405.481869</timestamp>
			</report>
			<report>
				<misses>91600000</misses>
				<total>1</total>
				<timestamp>6412.482239</timestamp>
			</report>
			<report>
				<misses>91700000</misses>
				<total>1</total>
				<timestamp>6419.482409</timestamp>
			</report>
			<report>
				<misses>91800000</misses>
				<total>0</total>
				<timestamp>6426.482986</timestamp>
			</report>
			<report>
				<misses>91900000</misses>
				<total>0</total>
				<timestamp>6433.483154</timestamp>
			</report>
			<report>
				<misses>92000000</misses>
				<total>0</total>
				<timestamp>6440.483476</timestamp>
			</report>
			<report>
				<misses>92100000</misses>
				<total>2</total>
				<timestamp>6447.483884</timestamp>
			</report>
			<report>
				<misses>92200000</misses>
				<total>2</total>
				<timestamp>6454.484145</timestamp>
			</report>
			<report>
				<misses>92300000</misses>
				<total>1</total>
				<timestamp>6461.484643</timestamp>
			</report>
			<report>
				<misses>92400000</misses>
				<total>1</total>
				<timestamp>6468.485568</timestamp>
			</report>
			<report>
				<misses>92500000</misses>
				<total>2</total>
				<timestamp>6475.485829</timestamp>
			</report>
			<report>
				<misses>92600000</misses>
				<total>1</total>
				<timestamp>6482.486276</timestamp>
			</report>
			<report>
				<misses>92700000</misses>
				<total>2</total>
				<timestamp>6489.486822</timestamp>
			</report>
			<report>
				<misses>92800000</misses>
				<total>1</total>
				<timestamp>6496.487466</timestamp>
			</report>
			<report>
				<misses>92900000</misses>
				<total>1</total>
				<timestamp>6503.487472</timestamp>
			</report>
			<report>
				<misses>93000000</misses>
				<total>0</total>
				<timestamp>6510.488220</timestamp>
			</report>
			<report>
				<misses>93100000</misses>
				<total>1</total>
				<timestamp>6517.488650</timestamp>
			</report>
			<report>
				<misses>93200000</misses>
				<total>1</total>
				<timestamp>6524.488715</timestamp>
			</report>
			<report>
				<misses>93300000</misses>
				<total>2</total>
				<timestamp>6531.489843</timestamp>
			</report>
			<report>
				<misses>93400000</misses>
				<total>2</total>
				<timestamp>6538.490277</timestamp>
			</report>
			<report>
				<misses>93500000</misses>
				<total>2</total>
				<timestamp>6545.490928</timestamp>
			</report>
			<report>
				<misses>93600000</misses>
				<total>2</total>
				<timestamp>6552.491388</timestamp>
			</report>
			<report>
				<misses>93700000</misses>
				<total>2</total>
				<timestamp>6559.491860</timestamp>
			</report>
			<report>
				<misses>93800000</misses>
				<total>2</total>
				<timestamp>6566.492167</timestamp>
			</report>
			<report>
				<misses>93900000</misses>
				<total>1</total>
				<timestamp>6573.493324</timestamp>
			</report>
			<report>
				<misses>94000000</misses>
				<total>1</total>
				<timestamp>6580.493969</timestamp>
			</report>
			<report>
				<misses>94100000</misses>
				<total>2</total>
				<timestamp>6587.494101</timestamp>
			</report>
			<report>
				<misses>94200000</misses>
				<total>1</total>
				<timestamp>6594.494728</timestamp>
			</report>
			<report>
				<misses>94300000</misses>
				<total>0</total>
				<timestamp>6601.495532</timestamp>
			</report>
			<report>
				<misses>94400000</misses>
				<total>2</total>
				<timestamp>6608.495781</timestamp>
			</report>
			<report>
				<misses>94500000</misses>
				<total>2</total>
				<timestamp>6615.496798</timestamp>
			</report>
			<report>
				<misses>94600000</misses>
				<total>0</total>
				<timestamp>6622.497682</timestamp>
			</report>
			<report>
				<misses>94700000</misses>
				<total>1</total>
				<timestamp>6629.497904</timestamp>
			</report>
			<report>
				<misses>94800000</misses>
				<total>2</total>
				<timestamp>6636.498509</timestamp>
			</report>
			<report>
				<misses>94900000</misses>
				<total>2</total>
				<timestamp>6643.498760</timestamp>
			</report>
			<report>
				<misses>95000000</misses>
				<total>1</total>
				<timestamp>6650.499937</timestamp>
			</report>
			<report>
				<misses>95100000</misses>
				<total>1</total>
				<timestamp>6657.500537</timestamp>
			</report>
			<report>
				<misses>95200000</misses>
				<total>0</total>
				<timestamp>6664.501303</timestamp>
			</report>
			<report>
				<misses>95300000</misses>
				<total>2</total>
				<timestamp>6671.501875</timestamp>
			</report>
			<report>
				<misses>95400000</misses>
				<total>1</total>
				<timestamp>6678.502495</timestamp>
			</report>
			<report>
				<misses>95500000</misses>
				<total>1</total>
				<timestamp>6685.502930</timestamp>
			</report>
			<report>
				<misses>95600000</misses>
				<total>1</total>
				<timestamp>6692.503708</timestamp>
			</report>
			<report>
				<misses>95700000</misses>
				<total>1</total>
				<timestamp>6699.504441</timestamp>
			</report>
			<report>
				<misses>95800000</misses>
				<total>2</total>
				<timestamp>6706.504534</timestamp>
			</report>
			<report>
				<misses>95900000</misses>
				<total>1</total>
				<timestamp>6713.504942</timestamp>
			</report>
			<report>
				<misses>96000000</misses>
				<total>1</total>
				<timestamp>6720.506062</timestamp>
			</report>
			<report>
				<misses>96100000</misses>
				<total>1</total>
				<timestamp>6727.506947</timestamp>
			</report>
			<report>
				<misses>96200000</misses>
				<total>1</total>
				<timestamp>6734.507038</timestamp>
			</report>
			<report>
				<misses>96300000</misses>
				<total>2</total>
				<timestamp>6741.507758</timestamp>
			</report>
			<report>
				<misses>96400000</misses>
				<total>1</total>
				<timestamp>6748.508142</timestamp>
			</report>
			<report>
				<misses>96500000</misses>
				<total>2</total>
				<timestamp>6755.508243</timestamp>
			</report>
			<report>
				<misses>96600000</misses>
				<total>2</total>
				<timestamp>6762.508663</timestamp>
			</report>
			<report>
				<misses>96700000</misses>
				<total>1</total>
				<timestamp>6769.508949</timestamp>
			</report>
			<report>
				<misses>96800000</misses>
				<total>2</total>
				<timestamp>6776.509801</timestamp>
			</report>
			<report>
				<misses>96900000</misses>
				<total>2</total>
				<timestamp>6783.510622</timestamp>
			</report>
			<report>
				<misses>97000000</misses>
				<total>1</total>
				<timestamp>6790.511032</timestamp>
			</report>
			<report>
				<misses>97100000</misses>
				<total>1</total>
				<timestamp>6797.511554</timestamp>
			</report>
			<report>
				<misses>97200000</misses>
				<total>2</total>
				<timestamp>6804.511961</timestamp>
			</report>
			<report>
				<misses>97300000</misses>
				<total>1</total>
				<timestamp>6811.512459</timestamp>
			</report>
			<report>
				<misses>97400000</misses>
				<total>2</total>
				<timestamp>6818.512519</timestamp>
			</report>
			<report>
				<misses>97500000</misses>
				<total>2</total>
				<timestamp>6825.513357</timestamp>
			</report>
			<report>
				<misses>97600000</misses>
				<total>2</total>
				<timestamp>6832.513754</timestamp>
			</report>
			<report>
				<misses>97700000</misses>
				<total>2</total>
				<timestamp>6839.514330</timestamp>
			</report>
			<report>
				<misses>97800000</misses>
				<total>0</total>
				<timestamp>6846.515144</timestamp>
			</report>
			<report>
				<misses>97900000</misses>
				<total>1</total>
				<timestamp>6853.515880</timestamp>
			</report>
			<report>
				<misses>98000000</misses>
				<total>2</total>
				<timestamp>6860.515951</timestamp>
			</report>
			<report>
				<misses>98100000</misses>
				<total>2</total>
				<timestamp>6867.517175</timestamp>
			</report>
			<report>
				<misses>98200000</misses>
				<total>2</total>
				<timestamp>6874.517562</timestamp>
			</report>
			<report>
				<misses>98300000</misses>
				<total>1</total>
				<timestamp>6881.517852</timestamp>
			</report>
			<report>
				<misses>98400000</misses>
				<total>1</total>
				<timestamp>6888.518616</timestamp>
			</report>
			<report>
				<misses>98500000</misses>
				<total>2</total>
				<timestamp>6895.518738</timestamp>
			</report>
			<report>
				<misses>98600000</misses>
				<total>2</total>
				<timestamp>6902.519041</timestamp>
			</report>
			<report>
				<misses>98700000</misses>
				<total>1</total>
				<timestamp>6909.519314</timestamp>
			</report>
			<report>
				<misses>98800000</misses>
				<total>1</total>
				<timestamp>6916.519669</timestamp>
			</report>
			<report>
				<misses>98900000</misses>
				<total>1</total>
				<timestamp>6923.519992</timestamp>
			</report>
			<report>
				<misses>99000000</misses>
				<total>1</total>
				<timestamp>6930.520641</timestamp>
			</report>
			<report>
				<misses>99100000</misses>
				<total>1</total>
				<timestamp>6937.521612</timestamp>
			</report>
			<report>
				<misses>99200000</misses>
				<total>2</total>
				<timestamp>6944.522313</timestamp>
			</report>
			<report>
				<misses>99300000</misses>
				<total>1</total>
				<timestamp>6951.522751</timestamp>
			</report>
			<report>
				<misses>99400000</misses>
				<total>1</total>
				<timestamp>6958.523554</timestamp>
			</report>
			<report>
				<misses>99500000</misses>
				<total>0</total>
				<timestamp>6965.523861</timestamp>
			</report>
			<report>
				<misses>99600000</misses>
				<total>1</total>
				<timestamp>6972.524003</timestamp>
			</report>
			<report>
				<misses>99700000</misses>
				<total>2</total>
				<timestamp>6979.524422</timestamp>
			</report>
			<report>
				<misses>99800000</misses>
				<total>1</total>
				<timestamp>6986.524905</timestamp>
			</report>
			<report>
				<misses>99900000</misses>
				<total>1</total>
				<timestamp>6993.524927</timestamp>
			</report>
			<report>
				<misses>100000000</misses>
				<total>1</total>
				<timestamp>7000.525518</timestamp>
			</report>
			<report>
				<misses>100100000</misses>
				<total>1</total>
				<timestamp>7007.525690</timestamp>
			</report>
			<report>
				<misses>100200000</misses>
				<total>1</total>
				<timestamp>7014.526183</timestamp>
			</report>
			<report>
				<misses>100300000</misses>
				<total>1</total>
				<timestamp>7021.526955</timestamp>
			</report>
			<report>
				<misses>100400000</misses>
				<total>1</total>
				<timestamp>7028.527181</timestamp>
			</report>
			<report>
				<misses>100500000</misses>
				<total>2</total>
				<timestamp>7035.527528</timestamp>
			</report>
			<report>
				<misses>100600000</misses>
				<total>1</total>
				<timestamp>7042.527836</timestamp>
			</report>
			<report>
				<misses>100700000</misses>
				<total>2</total>
				<timestamp>7049.528207</timestamp>
			</report>
			<report>
				<misses>100800000</misses>
				<total>1</total>
				<timestamp>7056.528201</timestamp>
			</report>
			<report>
				<misses>100900000</misses>
				<total>2</total>
				<timestamp>7063.529021</timestamp>
			</report>
			<report>
				<misses>101000000</misses>
				<total>1</total>
				<timestamp>7070.529365</timestamp>
			</report>
			<report>
				<misses>101100000</misses>
				<total>1</total>
				<timestamp>7077.529815</timestamp>
			</report>
			<report>
				<misses>101200000</misses>
				<total>2</total>
				<timestamp>7084.529871</timestamp>
			</report>
			<report>
				<misses>101300000</misses>
				<total>1</total>
				<timestamp>7091.530604</timestamp>
			</report>
			<report>
				<misses>101400000</misses>
				<total>2</total>
				<timestamp>7098.531013</timestamp>
			</report>
			<report>
				<misses>101500000</misses>
				<total>2</total>
				<timestamp>7105.531337</timestamp>
			</report>
			<report>
				<misses>101600000</misses>
				<total>2</total>
				<timestamp>7112.531887</timestamp>
			</report>
			<report>
				<misses>101700000</misses>
				<total>2</total>
				<timestamp>7119.532737</timestamp>
			</report>
			<report>
				<misses>101800000</misses>
				<total>2</total>
				<timestamp>7126.533153</timestamp>
			</report>
			<report>
				<misses>101900000</misses>
				<total>1</total>
				<timestamp>7133.534087</timestamp>
			</report>
			<report>
				<misses>102000000</misses>
				<total>2</total>
				<timestamp>7140.534552</timestamp>
			</report>
			<report>
				<misses>102100000</misses>
				<total>1</total>
				<timestamp>7147.535207</timestamp>
			</report>
			<report>
				<misses>102200000</misses>
				<total>0</total>
				<timestamp>7154.536197</timestamp>
			</report>
			<report>
				<misses>102300000</misses>
				<total>1</total>
				<timestamp>7161.536902</timestamp>
			</report>
			<report>
				<misses>102400000</misses>
				<total>2</total>
				<timestamp>7168.537502</timestamp>
			</report>
			<report>
				<misses>102500000</misses>
				<total>2</total>
				<timestamp>7175.537922</timestamp>
			</report>
			<report>
				<misses>102600000</misses>
				<total>1</total>
				<timestamp>7182.538971</timestamp>
			</report>
			<report>
				<misses>102700000</misses>
				<total>0</total>
				<timestamp>7189.539532</timestamp>
			</report>
			<report>
				<misses>102800000</misses>
				<total>1</total>
				<timestamp>7196.540030</timestamp>
			</report>
		</query>
	</custom>
	<ethtool_statistic>
		<rx_packets>
			<start>1050814191</start>
			<end>1354355395</end>
		</rx_packets>
		<tx_packets>
			<start>3074864151</start>
			<end>4099899480</end>
		</tx_packets>
		<rx_dropped>
			<start>0</start>
			<end>0</end>
		</rx_dropped>
		<tx_dropped>
			<start>0</start>
			<end>0</end>
		</tx_dropped>
		<collisions>
			<start>0</start>
			<end>0</end>
		</collisions>
		<port_tx_errors>
			<start>0</start>
			<end>0</end>
		</port_tx_errors>
		<port_rx_dropped>
			<start>0</start>
			<end>0</end>
		</port_rx_dropped>
		<port_tx_dropped_link_down>
			<start>0</start>
			<end>0</end>
		</port_tx_dropped_link_down>
	</ethtool_statistic>
	<ip_statistic>
		<mtu>
			<start>9000</start>
			<end>9000</end>
		</mtu>
		<rx_bytes>
			<start>9396138758293</start>
			<end>12110377596595</end>
		</rx_bytes>
		<rx_packets>
			<start>1050814295</start>
			<end>1354355514</end>
		</rx_packets>
		<rx_errors>
			<start>0</start>
			<end>0</end>
		</rx_errors>
		<rx_dropped>
			<start>0</start>
			<end>0</end>
		</rx_dropped>
		<rx_missed>
			<start>0</start>
			<end>0</end>
		</rx_missed>
		<rx_mcast>
			<start>707</start>
			<end>826</end>
		</rx_mcast>
		<tx_bytes>
			<start>16530930930189</start>
			<end>25053442999453</end>
		</tx_bytes>
		<tx_packets>
			<start>3074864230</start>
			<end>4099899535</end>
		</tx_packets>
		<tx_errors>
			<start>0</start>
			<end>0</end>
		</tx_errors>
		<tx_dropped>
			<start>0</start>
			<end>0</end>
		</tx_dropped>
		<tx_carrier>
			<start>0</start>
			<end>0</end>
		</tx_carrier>
		<tx_collisions>
			<start>0</start>
			<end>0</end>
		</tx_collisions>
	</ip_statistic>
	<netstat_statistic>
		<udp_pkg_rec>
			<start>1050970934</start>
			<end>1354549621</end>
		</udp_pkg_rec>
		<udp_pkg_snt>
			<start>2647327583</start>
			<end>2952558321</end>
		</udp_pkg_snt>
		<udp_rec_err>
			<start>1</start>
			<end>1</end>
		</udp_rec_err>
		<udp_rec_buf_err>
			<start>1</start>
			<end>1</end>
		</udp_rec_buf_err>
		<udp_snt_buf_err>
			<start>0</start>
			<end>0</end>
		</udp_snt_buf_err>
	</netstat_statistic>
</test_results>
