<?xml version="1.0"?>
<test_results>
	<status>STATUS_SUCCESS</status>
	<custom>
		<num_loss>52</num_loss>
		<num_total>8800001</num_total>
		<num_misses>3</num_misses>
		<elapsed_time>1671.984060</elapsed_time>
		<query>
			<report>
				<misses>100000</misses>
				<total>0</total>
				<timestamp>18.999997</timestamp>
			</report>
			<report>
				<misses>200000</misses>
				<total>1</total>
				<timestamp>37.999712</timestamp>
			</report>
			<report>
				<misses>300000</misses>
				<total>1</total>
				<timestamp>56.999524</timestamp>
			</report>
			<report>
				<misses>400000</misses>
				<total>1</total>
				<timestamp>75.999322</timestamp>
			</report>
			<report>
				<misses>500000</misses>
				<total>1</total>
				<timestamp>94.999160</timestamp>
			</report>
			<report>
				<misses>600000</misses>
				<total>1</total>
				<timestamp>113.999053</timestamp>
			</report>
			<report>
				<misses>700000</misses>
				<total>2</total>
				<timestamp>132.998825</timestamp>
			</report>
			<report>
				<misses>800000</misses>
				<total>3</total>
				<timestamp>151.998571</timestamp>
			</report>
			<report>
				<misses>900000</misses>
				<total>3</total>
				<timestamp>170.998596</timestamp>
			</report>
			<report>
				<misses>1000000</misses>
				<total>4</total>
				<timestamp>189.998404</timestamp>
			</report>
			<report>
				<misses>1100000</misses>
				<total>4</total>
				<timestamp>208.998207</timestamp>
			</report>
			<report>
				<misses>1200000</misses>
				<total>4</total>
				<timestamp>227.998115</timestamp>
			</report>
			<report>
				<misses>1300000</misses>
				<total>4</total>
				<timestamp>246.997893</timestamp>
			</report>
			<report>
				<misses>1400000</misses>
				<total>4</total>
				<timestamp>265.997636</timestamp>
			</report>
			<report>
				<misses>1500000</misses>
				<total>4</total>
				<timestamp>284.997487</timestamp>
			</report>
			<report>
				<misses>1600000</misses>
				<total>4</total>
				<timestamp>303.997320</timestamp>
			</report>
			<report>
				<misses>1700000</misses>
				<total>4</total>
				<timestamp>322.997107</timestamp>
			</report>
			<report>
				<misses>1800000</misses>
				<total>4</total>
				<timestamp>341.996997</timestamp>
			</report>
			<report>
				<misses>1900000</misses>
				<total>4</total>
				<timestamp>360.996680</timestamp>
			</report>
			<report>
				<misses>2000000</misses>
				<total>4</total>
				<timestamp>379.996669</timestamp>
			</report>
			<report>
				<misses>2100000</misses>
				<total>6</total>
				<timestamp>398.996549</timestamp>
			</report>
			<report>
				<misses>2200000</misses>
				<total>6</total>
				<timestamp>417.996311</timestamp>
			</report>
			<report>
				<misses>2300000</misses>
				<total>6</total>
				<timestamp>436.996129</timestamp>
			</report>
			<report>
				<misses>2400000</misses>
				<total>7</total>
				<timestamp>455.996011</timestamp>
			</report>
			<report>
				<misses>2500000</misses>
				<total>7</total>
				<timestamp>474.995800</timestamp>
			</report>
			<report>
				<misses>2600000</misses>
				<total>7</total>
				<timestamp>493.995614</timestamp>
			</report>
			<report>
				<misses>2700000</misses>
				<total>7</total>
				<timestamp>512.995397</timestamp>
			</report>
			<report>
				<misses>2800000</misses>
				<total>7</total>
				<timestamp>531.995177</timestamp>
			</report>
			<report>
				<misses>2900000</misses>
				<total>8</total>
				<timestamp>550.995064</timestamp>
			</report>
			<report>
				<misses>3000000</misses>
				<total>9</total>
				<timestamp>569.994778</timestamp>
			</report>
			<report>
				<misses>3100000</misses>
				<total>10</total>
				<timestamp>588.994591</timestamp>
			</report>
			<report>
				<misses>3200000</misses>
				<total>10</total>
				<timestamp>607.994406</timestamp>
			</report>
			<report>
				<misses>3300000</misses>
				<total>11</total>
				<timestamp>626.994208</timestamp>
			</report>
			<report>
				<misses>3400000</misses>
				<total>11</total>
				<timestamp>645.994111</timestamp>
			</report>
			<report>
				<misses>3500000</misses>
				<total>11</total>
				<timestamp>664.993875</timestamp>
			</report>
			<report>
				<misses>3600000</misses>
				<total>11</total>
				<timestamp>683.993634</timestamp>
			</report>
			<report>
				<misses>3700000</misses>
				<total>11</total>
				<timestamp>702.993499</timestamp>
			</report>
			<report>
				<misses>3800000</misses>
				<total>11</total>
				<timestamp>721.993344</timestamp>
			</report>
			<report>
				<misses>3900000</misses>
				<total>13</total>
				<timestamp>740.993119</timestamp>
			</report>
			<report>
				<misses>4000000</misses>
				<total>15</total>
				<timestamp>759.992885</timestamp>
			</report>
			<report>
				<misses>4100000</misses>
				<total>19</total>
				<timestamp>778.992737</timestamp>
			</report>
			<report>
				<misses>4200000</misses>
				<total>19</total>
				<timestamp>797.992547</timestamp>
			</report>
			<report>
				<misses>4300000</misses>
				<total>19</total>
				<timestamp>816.992370</timestamp>
			</report>
			<report>
				<misses>4400000</misses>
				<total>20</total>
				<timestamp>835.992128</timestamp>
			</report>
			<report>
				<misses>4500000</misses>
				<total>22</total>
				<timestamp>854.992010</timestamp>
			</report>
			<report>
				<misses>4600000</misses>
				<total>22</total>
				<timestamp>873.991747</timestamp>
			</report>
			<report>
				<misses>4700000</misses>
				<total>25</total>
				<timestamp>892.991608</timestamp>
			</report>
			<report>
				<misses>4800000</misses>
				<total>26</total>
				<timestamp>911.991410</timestamp>
			</report>
			<report>
				<misses>4900000</misses>
				<total>26</total>
				<timestamp>930.991218</timestamp>
			</report>
			<report>
				<misses>5000000</misses>
				<total>27</total>
				<timestamp>949.991002</timestamp>
			</report>
			<report>
				<misses>5100000</misses>
				<total>27</total>
				<timestamp>968.990894</timestamp>
			</report>
			<report>
				<misses>5200000</misses>
				<total>28</total>
				<timestamp>987.990588</timestamp>
			</report>
			<report>
				<misses>5300000</misses>
				<total>29</total>
				<timestamp>1006.990462</timestamp>
			</report>
			<report>
				<misses>5400000</misses>
				<total>30</total>
				<timestamp>1025.990272</timestamp>
			</report>
			<report>
				<misses>5500000</misses>
				<total>30</total>
				<timestamp>1044.990108</timestamp>
			</report>
			<report>
				<misses>5600000</misses>
				<total>30</total>
				<timestamp>1063.989889</timestamp>
			</report>
			<report>
				<misses>5700000</misses>
				<total>30</total>
				<timestamp>1082.989652</timestamp>
			</report>
			<report>
				<misses>5800000</misses>
				<total>30</total>
				<timestamp>1101.989505</timestamp>
			</report>
			<report>
				<misses>5900000</misses>
				<total>31</total>
				<timestamp>1120.989357</timestamp>
			</report>
			<report>
				<misses>6000000</misses>
				<total>31</total>
				<timestamp>1139.989115</timestamp>
			</report>
			<report>
				<misses>6100000</misses>
				<total>32</total>
				<timestamp>1158.988999</timestamp>
			</report>
			<report>
				<misses>6200000</misses>
				<total>33</total>
				<timestamp>1177.988757</timestamp>
			</report>
			<report>
				<misses>6300000</misses>
				<total>33</total>
				<timestamp>1196.988560</timestamp>
			</report>
			<report>
				<misses>6400000</misses>
				<total>33</total>
				<timestamp>1215.988337</timestamp>
			</report>
			<report>
				<misses>6500000</misses>
				<total>35</total>
				<timestamp>1234.988156</timestamp>
			</report>
			<report>
				<misses>6600000</misses>
				<total>35</total>
				<timestamp>1253.988043</timestamp>
			</report>
			<report>
				<misses>6700000</misses>
				<total>38</total>
				<timestamp>1272.987808</timestamp>
			</report>
			<report>
				<misses>6800000</misses>
				<total>38</total>
				<timestamp>1291.987612</timestamp>
			</report>
			<report>
				<misses>6900000</misses>
				<total>39</total>
				<timestamp>1310.987379</timestamp>
			</report>
			<report>
				<misses>7000000</misses>
				<total>39</total>
				<timestamp>1329.987179</timestamp>
			</report>
			<report>
				<misses>7100000</misses>
				<total>39</total>
				<timestamp>1348.986996</timestamp>
			</report>
			<report>
				<misses>7200000</misses>
				<total>39</total>
				<timestamp>1367.986884</timestamp>
			</report>
			<report>
				<misses>7300000</misses>
				<total>39</total>
				<timestamp>1386.986592</timestamp>
			</report>
			<report>
				<misses>7400000</misses>
				<total>39</total>
				<timestamp>1405.986422</timestamp>
			</report>
			<report>
				<misses>7500000</misses>
				<total>40</total>
				<timestamp>1424.986225</timestamp>
			</report>
			<report>
				<misses>7600000</misses>
				<total>41</total>
				<timestamp>1443.986094</timestamp>
			</report>
			<report>
				<misses>7700000</misses>
				<total>42</total>
				<timestamp>1462.985863</timestamp>
			</report>
			<report>
				<misses>7800000</misses>
				<total>42</total>
				<timestamp>1481.985657</timestamp>
			</report>
			<report>
				<misses>7900000</misses>
				<total>42</total>
				<timestamp>1500.985463</timestamp>
			</report>
			<report>
				<misses>8000000</misses>
				<total>43</total>
				<timestamp>1519.985345</timestamp>
			</report>
			<report>
				<misses>8100000</misses>
				<total>45</total>
				<timestamp>1538.985138</timestamp>
			</report>
			<report>
				<misses>8200000</misses>
				<total>45</total>
				<timestamp>1557.985104</timestamp>
			</report>
			<report>
				<misses>8300000</misses>
				<total>47</total>
				<timestamp>1576.984994</timestamp>
			</report>
			<report>
				<misses>8400000</misses>
				<total>49</total>
				<timestamp>1595.984693</timestamp>
			</report>
			<report>
				<misses>8500000</misses>
				<total>49</total>
				<timestamp>1614.984513</timestamp>
			</report>
			<report>
				<misses>8600000</misses>
				<total>50</total>
				<timestamp>1633.984432</timestamp>
			</report>
			<report>
				<misses>8700000</misses>
				<total>50</total>
				<timestamp>1652.984148</timestamp>
			</report>
			<report>
				<misses>8800000</misses>
				<total>52</total>
				<timestamp>1671.984037</timestamp>
			</report>
		</query>
	</custom>
	<ethtool_statistic>
		<rx_packets>
			<start>3193051694</start>
			<end>3271127907</end>
		</rx_packets>
		<tx_packets>
			<start>3439196512</start>
			<end>3494848165</end>
		</tx_packets>
		<rx_dropped>
			<start>0</start>
			<end>0</end>
		</rx_dropped>
		<tx_dropped>
			<start>0</start>
			<end>0</end>
		</tx_dropped>
		<collisions>
			<start>0</start>
			<end>0</end>
		</collisions>
		<port_tx_errors>
			<start>0</start>
			<end>0</end>
		</port_tx_errors>
		<port_rx_dropped>
			<start>0</start>
			<end>0</end>
		</port_rx_dropped>
		<port_tx_dropped_link_down>
			<start>0</start>
			<end>0</end>
		</port_tx_dropped_link_down>
	</ethtool_statistic>
	<ip_statistic>
		<mtu>
			<start>9000</start>
			<end>9000</end>
		</mtu>
		<rx_bytes>
			<start>28704536802293</start>
			<end>29406434159065</end>
		</rx_bytes>
		<rx_packets>
			<start>3193051723</start>
			<end>3271127987</end>
		</rx_packets>
		<rx_errors>
			<start>0</start>
			<end>0</end>
		</rx_errors>
		<rx_dropped>
			<start>0</start>
			<end>0</end>
		</rx_dropped>
		<rx_missed>
			<start>0</start>
			<end>0</end>
		</rx_missed>
		<rx_mcast>
			<start>665</start>
			<end>687</end>
		</rx_mcast>
		<tx_bytes>
			<start>19034195837388</start>
			<end>19534075136182</end>
		</tx_bytes>
		<tx_packets>
			<start>3439196568</start>
			<end>3494848215</end>
		</tx_packets>
		<tx_errors>
			<start>0</start>
			<end>0</end>
		</tx_errors>
		<tx_dropped>
			<start>0</start>
			<end>0</end>
		</tx_dropped>
		<tx_carrier>
			<start>0</start>
			<end>0</end>
		</tx_carrier>
		<tx_collisions>
			<start>0</start>
			<end>0</end>
		</tx_collisions>
	</ip_statistic>
	<netstat_statistic>
		<udp_pkg_rec>
			<start>3012888813</start>
			<end>3087277028</end>
		</udp_pkg_rec>
		<udp_pkg_snt>
			<start>3439511036</start>
			<end>3495175420</end>
		</udp_pkg_snt>
		<udp_rec_err>
			<start>180448157</start>
			<end>184144618</end>
		</udp_rec_err>
		<udp_rec_buf_err>
			<start>180448157</start>
			<end>184144618</end>
		</udp_rec_buf_err>
		<udp_snt_buf_err>
			<start>0</start>
			<end>0</end>
		</udp_snt_buf_err>
	</netstat_statistic>
</test_results>
