<?xml version="1.0"?>
<test_results>
	<status>STATUS_SUCCESS</status>
	<custom>
		<num_loss>117</num_loss>
		<num_total>7000001</num_total>
		<num_misses>9761</num_misses>
		<elapsed_time>140.195324</elapsed_time>
	</custom>
	<ethtool_statistic>
		<rx_packets>
			<start>13412703713</start>
			<end>13418588319</end>
		</rx_packets>
		<tx_packets>
			<start>17533394792</start>
			<end>17545084168</end>
		</tx_packets>
		<rx_dropped>
			<start>0</start>
			<end>0</end>
		</rx_dropped>
		<tx_dropped>
			<start>0</start>
			<end>0</end>
		</tx_dropped>
		<collisions>
			<start>0</start>
			<end>0</end>
		</collisions>
		<port_tx_errors>
			<start>-1</start>
			<end>-1</end>
		</port_tx_errors>
		<port_rx_dropped>
			<start>-1</start>
			<end>-1</end>
		</port_rx_dropped>
		<port_tx_dropped_link_down>
			<start>-1</start>
			<end>-1</end>
		</port_tx_dropped_link_down>
	</ethtool_statistic>
	<ip_statistic>
		<mtu>
			<start>9000</start>
			<end>9000</end>
		</mtu>
		<rx_bytes>
			<start>120534839349051</start>
			<end>120587741506580</end>
		</rx_bytes>
		<rx_packets>
			<start>13412703797</start>
			<end>13418588424</end>
		</rx_packets>
		<rx_errors>
			<start>0</start>
			<end>0</end>
		</rx_errors>
		<rx_dropped>
			<start>0</start>
			<end>0</end>
		</rx_dropped>
		<rx_missed>
			<start>1619</start>
			<end>1619</end>
		</rx_missed>
		<rx_mcast>
			<start>9101</start>
			<end>9101</end>
		</rx_mcast>
		<tx_bytes>
			<start>141347074699777</start>
			<end>141451825629776</end>
		</tx_bytes>
		<tx_packets>
			<start>17533394799</start>
			<end>17545084177</end>
		</tx_packets>
		<tx_errors>
			<start>0</start>
			<end>0</end>
		</tx_errors>
		<tx_dropped>
			<start>0</start>
			<end>0</end>
		</tx_dropped>
		<tx_carrier>
			<start>0</start>
			<end>0</end>
		</tx_carrier>
		<tx_collisions>
			<start>0</start>
			<end>0</end>
		</tx_collisions>
	</ip_statistic>
</test_results>
