<?xml version="1.0"?>
<test_results>
	<status>STATUS_SUCCESS</status>
	<custom>
		<num_loss>52</num_loss>
		<num_total>5000001</num_total>
		<num_misses>2</num_misses>
		<elapsed_time>1298.700730</elapsed_time>
		<query>
			<report>
				<misses>1001</misses>
				<total>1</total>
				<timestamp>0.259922</timestamp>
			</report>
			<report>
				<misses>2001</misses>
				<total>1</total>
				<timestamp>0.519717</timestamp>
			</report>
			<report>
				<misses>3001</misses>
				<total>1</total>
				<timestamp>0.779409</timestamp>
			</report>
			<report>
				<misses>4001</misses>
				<total>1</total>
				<timestamp>1.039172</timestamp>
			</report>
			<report>
				<misses>5001</misses>
				<total>1</total>
				<timestamp>1.298890</timestamp>
			</report>
			<report>
				<misses>6001</misses>
				<total>1</total>
				<timestamp>1.558631</timestamp>
			</report>
			<report>
				<misses>7001</misses>
				<total>1</total>
				<timestamp>1.818372</timestamp>
			</report>
			<report>
				<misses>8001</misses>
				<total>1</total>
				<timestamp>2.078095</timestamp>
			</report>
			<report>
				<misses>9001</misses>
				<total>1</total>
				<timestamp>2.337864</timestamp>
			</report>
			<report>
				<misses>10001</misses>
				<total>1</total>
				<timestamp>2.597582</timestamp>
			</report>
			<report>
				<misses>11001</misses>
				<total>1</total>
				<timestamp>2.857339</timestamp>
			</report>
			<report>
				<misses>12001</misses>
				<total>1</total>
				<timestamp>3.117056</timestamp>
			</report>
			<report>
				<misses>13001</misses>
				<total>1</total>
				<timestamp>3.376795</timestamp>
			</report>
			<report>
				<misses>14001</misses>
				<total>1</total>
				<timestamp>3.636553</timestamp>
			</report>
			<report>
				<misses>15001</misses>
				<total>1</total>
				<timestamp>3.896356</timestamp>
			</report>
			<report>
				<misses>16001</misses>
				<total>1</total>
				<timestamp>4.156049</timestamp>
			</report>
			<report>
				<misses>17001</misses>
				<total>1</total>
				<timestamp>4.415759</timestamp>
			</report>
			<report>
				<misses>18001</misses>
				<total>1</total>
				<timestamp>4.675555</timestamp>
			</report>
			<report>
				<misses>19001</misses>
				<total>1</total>
				<timestamp>4.935374</timestamp>
			</report>
			<report>
				<misses>20001</misses>
				<total>1</total>
				<timestamp>5.195003</timestamp>
			</report>
			<report>
				<misses>21001</misses>
				<total>1</total>
				<timestamp>5.454720</timestamp>
			</report>
			<report>
				<misses>22001</misses>
				<total>1</total>
				<timestamp>5.714456</timestamp>
			</report>
			<report>
				<misses>23001</misses>
				<total>1</total>
				<timestamp>5.974258</timestamp>
			</report>
			<report>
				<misses>24001</misses>
				<total>1</total>
				<timestamp>6.233936</timestamp>
			</report>
			<report>
				<misses>25001</misses>
				<total>1</total>
				<timestamp>6.493692</timestamp>
			</report>
			<report>
				<misses>26001</misses>
				<total>1</total>
				<timestamp>6.753482</timestamp>
			</report>
			<report>
				<misses>27001</misses>
				<total>1</total>
				<timestamp>7.013171</timestamp>
			</report>
			<report>
				<misses>28001</misses>
				<total>1</total>
				<timestamp>7.272892</timestamp>
			</report>
			<report>
				<misses>29001</misses>
				<total>1</total>
				<timestamp>7.532647</timestamp>
			</report>
			<report>
				<misses>30001</misses>
				<total>1</total>
				<timestamp>7.792386</timestamp>
			</report>
			<report>
				<misses>31001</misses>
				<total>1</total>
				<timestamp>8.052137</timestamp>
			</report>
			<report>
				<misses>32001</misses>
				<total>1</total>
				<timestamp>8.311860</timestamp>
			</report>
			<report>
				<misses>33001</misses>
				<total>1</total>
				<timestamp>8.571596</timestamp>
			</report>
			<report>
				<misses>34001</misses>
				<total>1</total>
				<timestamp>8.831346</timestamp>
			</report>
			<report>
				<misses>35001</misses>
				<total>1</total>
				<timestamp>9.091097</timestamp>
			</report>
			<report>
				<misses>36001</misses>
				<total>3</total>
				<timestamp>9.350870</timestamp>
			</report>
			<report>
				<misses>37001</misses>
				<total>3</total>
				<timestamp>9.610561</timestamp>
			</report>
			<report>
				<misses>38001</misses>
				<total>3</total>
				<timestamp>9.870328</timestamp>
			</report>
			<report>
				<misses>39001</misses>
				<total>3</total>
				<timestamp>10.130039</timestamp>
			</report>
			<report>
				<misses>40001</misses>
				<total>3</total>
				<timestamp>10.389797</timestamp>
			</report>
			<report>
				<misses>41001</misses>
				<total>3</total>
				<timestamp>10.649522</timestamp>
			</report>
			<report>
				<misses>42001</misses>
				<total>3</total>
				<timestamp>10.909287</timestamp>
			</report>
			<report>
				<misses>43001</misses>
				<total>3</total>
				<timestamp>11.169037</timestamp>
			</report>
			<report>
				<misses>44001</misses>
				<total>3</total>
				<timestamp>11.428740</timestamp>
			</report>
			<report>
				<misses>45001</misses>
				<total>3</total>
				<timestamp>11.688496</timestamp>
			</report>
			<report>
				<misses>46001</misses>
				<total>3</total>
				<timestamp>11.948279</timestamp>
			</report>
			<report>
				<misses>47001</misses>
				<total>3</total>
				<timestamp>12.207965</timestamp>
			</report>
			<report>
				<misses>48001</misses>
				<total>3</total>
				<timestamp>12.467733</timestamp>
			</report>
			<report>
				<misses>49001</misses>
				<total>3</total>
				<timestamp>12.727438</timestamp>
			</report>
			<report>
				<misses>50001</misses>
				<total>3</total>
				<timestamp>12.987218</timestamp>
			</report>
			<report>
				<misses>51001</misses>
				<total>3</total>
				<timestamp>13.246909</timestamp>
			</report>
			<report>
				<misses>52001</misses>
				<total>3</total>
				<timestamp>13.506658</timestamp>
			</report>
			<report>
				<misses>53001</misses>
				<total>3</total>
				<timestamp>13.766456</timestamp>
			</report>
			<report>
				<misses>54001</misses>
				<total>3</total>
				<timestamp>14.026149</timestamp>
			</report>
			<report>
				<misses>55001</misses>
				<total>3</total>
				<timestamp>14.285888</timestamp>
			</report>
			<report>
				<misses>56001</misses>
				<total>3</total>
				<timestamp>14.545620</timestamp>
			</report>
			<report>
				<misses>57001</misses>
				<total>3</total>
				<timestamp>14.805394</timestamp>
			</report>
			<report>
				<misses>58001</misses>
				<total>3</total>
				<timestamp>15.065102</timestamp>
			</report>
			<report>
				<misses>59001</misses>
				<total>3</total>
				<timestamp>15.324860</timestamp>
			</report>
			<report>
				<misses>60001</misses>
				<total>3</total>
				<timestamp>15.584594</timestamp>
			</report>
			<report>
				<misses>61001</misses>
				<total>3</total>
				<timestamp>15.844317</timestamp>
			</report>
			<report>
				<misses>62001</misses>
				<total>3</total>
				<timestamp>16.104063</timestamp>
			</report>
			<report>
				<misses>63001</misses>
				<total>3</total>
				<timestamp>16.363785</timestamp>
			</report>
			<report>
				<misses>64001</misses>
				<total>3</total>
				<timestamp>16.623535</timestamp>
			</report>
			<report>
				<misses>65001</misses>
				<total>3</total>
				<timestamp>16.883277</timestamp>
			</report>
			<report>
				<misses>66001</misses>
				<total>3</total>
				<timestamp>17.143036</timestamp>
			</report>
			<report>
				<misses>67001</misses>
				<total>3</total>
				<timestamp>17.402753</timestamp>
			</report>
			<report>
				<misses>68001</misses>
				<total>3</total>
				<timestamp>17.662498</timestamp>
			</report>
			<report>
				<misses>69001</misses>
				<total>3</total>
				<timestamp>17.922254</timestamp>
			</report>
			<report>
				<misses>70001</misses>
				<total>3</total>
				<timestamp>18.182015</timestamp>
			</report>
			<report>
				<misses>71001</misses>
				<total>3</total>
				<timestamp>18.441737</timestamp>
			</report>
			<report>
				<misses>72001</misses>
				<total>3</total>
				<timestamp>18.701461</timestamp>
			</report>
			<report>
				<misses>73001</misses>
				<total>3</total>
				<timestamp>18.961194</timestamp>
			</report>
			<report>
				<misses>74001</misses>
				<total>3</total>
				<timestamp>19.220934</timestamp>
			</report>
			<report>
				<misses>75001</misses>
				<total>3</total>
				<timestamp>19.480941</timestamp>
			</report>
			<report>
				<misses>76001</misses>
				<total>3</total>
				<timestamp>19.740685</timestamp>
			</report>
			<report>
				<misses>77001</misses>
				<total>3</total>
				<timestamp>20.000410</timestamp>
			</report>
			<report>
				<misses>78001</misses>
				<total>3</total>
				<timestamp>20.260197</timestamp>
			</report>
			<report>
				<misses>79001</misses>
				<total>3</total>
				<timestamp>20.519893</timestamp>
			</report>
			<report>
				<misses>80001</misses>
				<total>3</total>
				<timestamp>20.779651</timestamp>
			</report>
			<report>
				<misses>81001</misses>
				<total>3</total>
				<timestamp>21.039462</timestamp>
			</report>
			<report>
				<misses>82001</misses>
				<total>3</total>
				<timestamp>21.299189</timestamp>
			</report>
			<report>
				<misses>83001</misses>
				<total>3</total>
				<timestamp>21.558846</timestamp>
			</report>
			<report>
				<misses>84001</misses>
				<total>3</total>
				<timestamp>21.818599</timestamp>
			</report>
			<report>
				<misses>85001</misses>
				<total>3</total>
				<timestamp>22.078349</timestamp>
			</report>
			<report>
				<misses>86001</misses>
				<total>3</total>
				<timestamp>22.338117</timestamp>
			</report>
			<report>
				<misses>87001</misses>
				<total>3</total>
				<timestamp>22.597806</timestamp>
			</report>
			<report>
				<misses>88001</misses>
				<total>3</total>
				<timestamp>22.857553</timestamp>
			</report>
			<report>
				<misses>89001</misses>
				<total>3</total>
				<timestamp>23.117322</timestamp>
			</report>
			<report>
				<misses>90001</misses>
				<total>3</total>
				<timestamp>23.377067</timestamp>
			</report>
			<report>
				<misses>91001</misses>
				<total>3</total>
				<timestamp>23.636766</timestamp>
			</report>
			<report>
				<misses>92001</misses>
				<total>3</total>
				<timestamp>23.896523</timestamp>
			</report>
			<report>
				<misses>93001</misses>
				<total>3</total>
				<timestamp>24.156301</timestamp>
			</report>
			<report>
				<misses>94001</misses>
				<total>3</total>
				<timestamp>24.416031</timestamp>
			</report>
			<report>
				<misses>95001</misses>
				<total>3</total>
				<timestamp>24.675815</timestamp>
			</report>
			<report>
				<misses>96001</misses>
				<total>3</total>
				<timestamp>24.935491</timestamp>
			</report>
			<report>
				<misses>97001</misses>
				<total>3</total>
				<timestamp>25.195253</timestamp>
			</report>
			<report>
				<misses>98001</misses>
				<total>3</total>
				<timestamp>25.454990</timestamp>
			</report>
			<report>
				<misses>99001</misses>
				<total>3</total>
				<timestamp>25.714710</timestamp>
			</report>
			<report>
				<misses>100001</misses>
				<total>3</total>
				<timestamp>25.974495</timestamp>
			</report>
			<report>
				<misses>101001</misses>
				<total>3</total>
				<timestamp>26.234177</timestamp>
			</report>
			<report>
				<misses>102001</misses>
				<total>3</total>
				<timestamp>26.493954</timestamp>
			</report>
			<report>
				<misses>103001</misses>
				<total>3</total>
				<timestamp>26.753655</timestamp>
			</report>
			<report>
				<misses>104001</misses>
				<total>3</total>
				<timestamp>27.013395</timestamp>
			</report>
			<report>
				<misses>105001</misses>
				<total>3</total>
				<timestamp>27.273172</timestamp>
			</report>
			<report>
				<misses>106001</misses>
				<total>3</total>
				<timestamp>27.532887</timestamp>
			</report>
			<report>
				<misses>107001</misses>
				<total>3</total>
				<timestamp>27.792614</timestamp>
			</report>
			<report>
				<misses>108001</misses>
				<total>3</total>
				<timestamp>28.052367</timestamp>
			</report>
			<report>
				<misses>109001</misses>
				<total>3</total>
				<timestamp>28.312144</timestamp>
			</report>
			<report>
				<misses>110001</misses>
				<total>3</total>
				<timestamp>28.571835</timestamp>
			</report>
			<report>
				<misses>111001</misses>
				<total>3</total>
				<timestamp>28.831594</timestamp>
			</report>
			<report>
				<misses>112001</misses>
				<total>3</total>
				<timestamp>29.091310</timestamp>
			</report>
			<report>
				<misses>113001</misses>
				<total>3</total>
				<timestamp>29.351118</timestamp>
			</report>
			<report>
				<misses>114001</misses>
				<total>3</total>
				<timestamp>29.610794</timestamp>
			</report>
			<report>
				<misses>115001</misses>
				<total>3</total>
				<timestamp>29.870533</timestamp>
			</report>
			<report>
				<misses>116001</misses>
				<total>3</total>
				<timestamp>30.130282</timestamp>
			</report>
			<report>
				<misses>117001</misses>
				<total>3</total>
				<timestamp>30.390004</timestamp>
			</report>
			<report>
				<misses>118001</misses>
				<total>3</total>
				<timestamp>30.649749</timestamp>
			</report>
			<report>
				<misses>119001</misses>
				<total>3</total>
				<timestamp>30.909508</timestamp>
			</report>
			<report>
				<misses>120001</misses>
				<total>3</total>
				<timestamp>31.169293</timestamp>
			</report>
			<report>
				<misses>121001</misses>
				<total>3</total>
				<timestamp>31.428974</timestamp>
			</report>
			<report>
				<misses>122001</misses>
				<total>3</total>
				<timestamp>31.688734</timestamp>
			</report>
			<report>
				<misses>123001</misses>
				<total>3</total>
				<timestamp>31.948467</timestamp>
			</report>
			<report>
				<misses>124001</misses>
				<total>3</total>
				<timestamp>32.208248</timestamp>
			</report>
			<report>
				<misses>125001</misses>
				<total>3</total>
				<timestamp>32.467977</timestamp>
			</report>
			<report>
				<misses>126001</misses>
				<total>3</total>
				<timestamp>32.727668</timestamp>
			</report>
			<report>
				<misses>127001</misses>
				<total>3</total>
				<timestamp>32.987444</timestamp>
			</report>
			<report>
				<misses>128001</misses>
				<total>3</total>
				<timestamp>33.247155</timestamp>
			</report>
			<report>
				<misses>129001</misses>
				<total>3</total>
				<timestamp>33.506889</timestamp>
			</report>
			<report>
				<misses>130001</misses>
				<total>3</total>
				<timestamp>33.766630</timestamp>
			</report>
			<report>
				<misses>131001</misses>
				<total>3</total>
				<timestamp>34.026392</timestamp>
			</report>
			<report>
				<misses>132001</misses>
				<total>3</total>
				<timestamp>34.286154</timestamp>
			</report>
			<report>
				<misses>133001</misses>
				<total>3</total>
				<timestamp>34.545883</timestamp>
			</report>
			<report>
				<misses>134001</misses>
				<total>3</total>
				<timestamp>34.805605</timestamp>
			</report>
			<report>
				<misses>135001</misses>
				<total>3</total>
				<timestamp>35.065334</timestamp>
			</report>
			<report>
				<misses>136001</misses>
				<total>3</total>
				<timestamp>35.325098</timestamp>
			</report>
			<report>
				<misses>137001</misses>
				<total>3</total>
				<timestamp>35.584810</timestamp>
			</report>
			<report>
				<misses>138001</misses>
				<total>3</total>
				<timestamp>35.844556</timestamp>
			</report>
			<report>
				<misses>139001</misses>
				<total>3</total>
				<timestamp>36.104310</timestamp>
			</report>
			<report>
				<misses>140001</misses>
				<total>3</total>
				<timestamp>36.364039</timestamp>
			</report>
			<report>
				<misses>141001</misses>
				<total>3</total>
				<timestamp>36.623769</timestamp>
			</report>
			<report>
				<misses>142001</misses>
				<total>3</total>
				<timestamp>36.883526</timestamp>
			</report>
			<report>
				<misses>143001</misses>
				<total>3</total>
				<timestamp>37.143249</timestamp>
			</report>
			<report>
				<misses>144001</misses>
				<total>3</total>
				<timestamp>37.403000</timestamp>
			</report>
			<report>
				<misses>145001</misses>
				<total>3</total>
				<timestamp>37.662744</timestamp>
			</report>
			<report>
				<misses>146001</misses>
				<total>3</total>
				<timestamp>37.922479</timestamp>
			</report>
			<report>
				<misses>147001</misses>
				<total>3</total>
				<timestamp>38.182253</timestamp>
			</report>
			<report>
				<misses>148001</misses>
				<total>3</total>
				<timestamp>38.442006</timestamp>
			</report>
			<report>
				<misses>149001</misses>
				<total>3</total>
				<timestamp>38.701736</timestamp>
			</report>
			<report>
				<misses>150001</misses>
				<total>3</total>
				<timestamp>38.961458</timestamp>
			</report>
			<report>
				<misses>151001</misses>
				<total>3</total>
				<timestamp>39.221220</timestamp>
			</report>
			<report>
				<misses>152001</misses>
				<total>3</total>
				<timestamp>39.480939</timestamp>
			</report>
			<report>
				<misses>153001</misses>
				<total>3</total>
				<timestamp>39.740667</timestamp>
			</report>
			<report>
				<misses>154001</misses>
				<total>3</total>
				<timestamp>40.000421</timestamp>
			</report>
			<report>
				<misses>155001</misses>
				<total>3</total>
				<timestamp>40.260181</timestamp>
			</report>
			<report>
				<misses>156001</misses>
				<total>3</total>
				<timestamp>40.519881</timestamp>
			</report>
			<report>
				<misses>157001</misses>
				<total>3</total>
				<timestamp>40.779619</timestamp>
			</report>
			<report>
				<misses>158001</misses>
				<total>3</total>
				<timestamp>41.039401</timestamp>
			</report>
			<report>
				<misses>159001</misses>
				<total>3</total>
				<timestamp>41.299124</timestamp>
			</report>
			<report>
				<misses>160001</misses>
				<total>3</total>
				<timestamp>41.558836</timestamp>
			</report>
			<report>
				<misses>161001</misses>
				<total>3</total>
				<timestamp>41.818599</timestamp>
			</report>
			<report>
				<misses>162001</misses>
				<total>3</total>
				<timestamp>42.078321</timestamp>
			</report>
			<report>
				<misses>163001</misses>
				<total>3</total>
				<timestamp>42.338115</timestamp>
			</report>
			<report>
				<misses>164001</misses>
				<total>3</total>
				<timestamp>42.597817</timestamp>
			</report>
			<report>
				<misses>165001</misses>
				<total>3</total>
				<timestamp>42.857550</timestamp>
			</report>
			<report>
				<misses>166001</misses>
				<total>3</total>
				<timestamp>43.117277</timestamp>
			</report>
			<report>
				<misses>167001</misses>
				<total>3</total>
				<timestamp>43.377071</timestamp>
			</report>
			<report>
				<misses>168001</misses>
				<total>3</total>
				<timestamp>43.636760</timestamp>
			</report>
			<report>
				<misses>169001</misses>
				<total>3</total>
				<timestamp>43.896501</timestamp>
			</report>
			<report>
				<misses>170001</misses>
				<total>3</total>
				<timestamp>44.156259</timestamp>
			</report>
			<report>
				<misses>171001</misses>
				<total>3</total>
				<timestamp>44.416000</timestamp>
			</report>
			<report>
				<misses>172001</misses>
				<total>3</total>
				<timestamp>44.675775</timestamp>
			</report>
			<report>
				<misses>173001</misses>
				<total>3</total>
				<timestamp>44.935456</timestamp>
			</report>
			<report>
				<misses>174001</misses>
				<total>3</total>
				<timestamp>45.195218</timestamp>
			</report>
			<report>
				<misses>175001</misses>
				<total>3</total>
				<timestamp>45.454987</timestamp>
			</report>
			<report>
				<misses>176001</misses>
				<total>3</total>
				<timestamp>45.714669</timestamp>
			</report>
			<report>
				<misses>177001</misses>
				<total>3</total>
				<timestamp>45.974413</timestamp>
			</report>
			<report>
				<misses>178001</misses>
				<total>3</total>
				<timestamp>46.234161</timestamp>
			</report>
			<report>
				<misses>179001</misses>
				<total>3</total>
				<timestamp>46.493926</timestamp>
			</report>
			<report>
				<misses>180001</misses>
				<total>3</total>
				<timestamp>46.753727</timestamp>
			</report>
			<report>
				<misses>181001</misses>
				<total>3</total>
				<timestamp>47.013396</timestamp>
			</report>
			<report>
				<misses>182001</misses>
				<total>3</total>
				<timestamp>47.273167</timestamp>
			</report>
			<report>
				<misses>183001</misses>
				<total>3</total>
				<timestamp>47.532891</timestamp>
			</report>
			<report>
				<misses>184001</misses>
				<total>3</total>
				<timestamp>47.792609</timestamp>
			</report>
			<report>
				<misses>185001</misses>
				<total>3</total>
				<timestamp>48.052354</timestamp>
			</report>
			<report>
				<misses>186001</misses>
				<total>3</total>
				<timestamp>48.312089</timestamp>
			</report>
			<report>
				<misses>187001</misses>
				<total>3</total>
				<timestamp>48.571824</timestamp>
			</report>
			<report>
				<misses>188001</misses>
				<total>3</total>
				<timestamp>48.831565</timestamp>
			</report>
			<report>
				<misses>189001</misses>
				<total>3</total>
				<timestamp>49.091321</timestamp>
			</report>
			<report>
				<misses>190001</misses>
				<total>3</total>
				<timestamp>49.351071</timestamp>
			</report>
			<report>
				<misses>191001</misses>
				<total>3</total>
				<timestamp>49.610782</timestamp>
			</report>
			<report>
				<misses>192001</misses>
				<total>3</total>
				<timestamp>49.870499</timestamp>
			</report>
			<report>
				<misses>193001</misses>
				<total>3</total>
				<timestamp>50.130256</timestamp>
			</report>
			<report>
				<misses>194001</misses>
				<total>3</total>
				<timestamp>50.390015</timestamp>
			</report>
			<report>
				<misses>195001</misses>
				<total>3</total>
				<timestamp>50.649754</timestamp>
			</report>
			<report>
				<misses>196001</misses>
				<total>3</total>
				<timestamp>50.909481</timestamp>
			</report>
			<report>
				<misses>197001</misses>
				<total>3</total>
				<timestamp>51.169225</timestamp>
			</report>
			<report>
				<misses>198001</misses>
				<total>3</total>
				<timestamp>51.429014</timestamp>
			</report>
			<report>
				<misses>199001</misses>
				<total>3</total>
				<timestamp>51.688695</timestamp>
			</report>
			<report>
				<misses>200001</misses>
				<total>3</total>
				<timestamp>51.948430</timestamp>
			</report>
			<report>
				<misses>201001</misses>
				<total>3</total>
				<timestamp>52.208169</timestamp>
			</report>
			<report>
				<misses>202001</misses>
				<total>3</total>
				<timestamp>52.467992</timestamp>
			</report>
			<report>
				<misses>203001</misses>
				<total>3</total>
				<timestamp>52.727649</timestamp>
			</report>
			<report>
				<misses>204001</misses>
				<total>3</total>
				<timestamp>52.987402</timestamp>
			</report>
			<report>
				<misses>205001</misses>
				<total>3</total>
				<timestamp>53.247166</timestamp>
			</report>
			<report>
				<misses>206001</misses>
				<total>3</total>
				<timestamp>53.506897</timestamp>
			</report>
			<report>
				<misses>207001</misses>
				<total>3</total>
				<timestamp>53.766610</timestamp>
			</report>
			<report>
				<misses>208001</misses>
				<total>3</total>
				<timestamp>54.026356</timestamp>
			</report>
			<report>
				<misses>209001</misses>
				<total>3</total>
				<timestamp>54.286120</timestamp>
			</report>
			<report>
				<misses>210001</misses>
				<total>3</total>
				<timestamp>54.545875</timestamp>
			</report>
			<report>
				<misses>211001</misses>
				<total>3</total>
				<timestamp>54.805609</timestamp>
			</report>
			<report>
				<misses>212001</misses>
				<total>3</total>
				<timestamp>55.065311</timestamp>
			</report>
			<report>
				<misses>213001</misses>
				<total>3</total>
				<timestamp>55.325091</timestamp>
			</report>
			<report>
				<misses>214001</misses>
				<total>3</total>
				<timestamp>55.584799</timestamp>
			</report>
			<report>
				<misses>215001</misses>
				<total>3</total>
				<timestamp>55.844534</timestamp>
			</report>
			<report>
				<misses>216001</misses>
				<total>3</total>
				<timestamp>56.104268</timestamp>
			</report>
			<report>
				<misses>217001</misses>
				<total>3</total>
				<timestamp>56.364084</timestamp>
			</report>
			<report>
				<misses>218001</misses>
				<total>3</total>
				<timestamp>56.623784</timestamp>
			</report>
			<report>
				<misses>219001</misses>
				<total>3</total>
				<timestamp>56.883487</timestamp>
			</report>
			<report>
				<misses>220001</misses>
				<total>3</total>
				<timestamp>57.143235</timestamp>
			</report>
			<report>
				<misses>221001</misses>
				<total>3</total>
				<timestamp>57.403017</timestamp>
			</report>
			<report>
				<misses>222001</misses>
				<total>3</total>
				<timestamp>57.662722</timestamp>
			</report>
			<report>
				<misses>223001</misses>
				<total>3</total>
				<timestamp>57.922447</timestamp>
			</report>
			<report>
				<misses>224001</misses>
				<total>3</total>
				<timestamp>58.182203</timestamp>
			</report>
			<report>
				<misses>225001</misses>
				<total>3</total>
				<timestamp>58.442035</timestamp>
			</report>
			<report>
				<misses>226001</misses>
				<total>3</total>
				<timestamp>58.701669</timestamp>
			</report>
			<report>
				<misses>227001</misses>
				<total>3</total>
				<timestamp>58.961414</timestamp>
			</report>
			<report>
				<misses>228001</misses>
				<total>3</total>
				<timestamp>59.221152</timestamp>
			</report>
			<report>
				<misses>229001</misses>
				<total>3</total>
				<timestamp>59.480940</timestamp>
			</report>
			<report>
				<misses>230001</misses>
				<total>3</total>
				<timestamp>59.740652</timestamp>
			</report>
			<report>
				<misses>231001</misses>
				<total>3</total>
				<timestamp>60.000386</timestamp>
			</report>
			<report>
				<misses>232001</misses>
				<total>3</total>
				<timestamp>60.260127</timestamp>
			</report>
			<report>
				<misses>233001</misses>
				<total>3</total>
				<timestamp>60.519910</timestamp>
			</report>
			<report>
				<misses>234001</misses>
				<total>3</total>
				<timestamp>60.779587</timestamp>
			</report>
			<report>
				<misses>235001</misses>
				<total>3</total>
				<timestamp>61.039333</timestamp>
			</report>
			<report>
				<misses>236001</misses>
				<total>3</total>
				<timestamp>61.299109</timestamp>
			</report>
			<report>
				<misses>237001</misses>
				<total>3</total>
				<timestamp>61.558826</timestamp>
			</report>
			<report>
				<misses>238001</misses>
				<total>3</total>
				<timestamp>61.818566</timestamp>
			</report>
			<report>
				<misses>239001</misses>
				<total>3</total>
				<timestamp>62.078306</timestamp>
			</report>
			<report>
				<misses>240001</misses>
				<total>3</total>
				<timestamp>62.338084</timestamp>
			</report>
			<report>
				<misses>241001</misses>
				<total>3</total>
				<timestamp>62.597805</timestamp>
			</report>
			<report>
				<misses>242001</misses>
				<total>3</total>
				<timestamp>62.857512</timestamp>
			</report>
			<report>
				<misses>243001</misses>
				<total>3</total>
				<timestamp>63.117262</timestamp>
			</report>
			<report>
				<misses>244001</misses>
				<total>3</total>
				<timestamp>63.376987</timestamp>
			</report>
			<report>
				<misses>245001</misses>
				<total>3</total>
				<timestamp>63.636765</timestamp>
			</report>
			<report>
				<misses>246001</misses>
				<total>3</total>
				<timestamp>63.896465</timestamp>
			</report>
			<report>
				<misses>247001</misses>
				<total>3</total>
				<timestamp>64.156221</timestamp>
			</report>
			<report>
				<misses>248001</misses>
				<total>3</total>
				<timestamp>64.415946</timestamp>
			</report>
			<report>
				<misses>249001</misses>
				<total>3</total>
				<timestamp>64.675708</timestamp>
			</report>
			<report>
				<misses>250001</misses>
				<total>3</total>
				<timestamp>64.935464</timestamp>
			</report>
			<report>
				<misses>251001</misses>
				<total>3</total>
				<timestamp>65.195185</timestamp>
			</report>
			<report>
				<misses>252001</misses>
				<total>3</total>
				<timestamp>65.454983</timestamp>
			</report>
			<report>
				<misses>253001</misses>
				<total>3</total>
				<timestamp>65.714655</timestamp>
			</report>
			<report>
				<misses>254001</misses>
				<total>3</total>
				<timestamp>65.974397</timestamp>
			</report>
			<report>
				<misses>255001</misses>
				<total>3</total>
				<timestamp>66.234133</timestamp>
			</report>
			<report>
				<misses>256001</misses>
				<total>3</total>
				<timestamp>66.493903</timestamp>
			</report>
			<report>
				<misses>257001</misses>
				<total>3</total>
				<timestamp>66.753619</timestamp>
			</report>
			<report>
				<misses>258001</misses>
				<total>3</total>
				<timestamp>67.013359</timestamp>
			</report>
			<report>
				<misses>259001</misses>
				<total>3</total>
				<timestamp>67.273113</timestamp>
			</report>
			<report>
				<misses>260001</misses>
				<total>3</total>
				<timestamp>67.532832</timestamp>
			</report>
			<report>
				<misses>261001</misses>
				<total>3</total>
				<timestamp>67.792592</timestamp>
			</report>
			<report>
				<misses>262001</misses>
				<total>3</total>
				<timestamp>68.052328</timestamp>
			</report>
			<report>
				<misses>263001</misses>
				<total>3</total>
				<timestamp>68.312052</timestamp>
			</report>
			<report>
				<misses>264001</misses>
				<total>3</total>
				<timestamp>68.571803</timestamp>
			</report>
			<report>
				<misses>265001</misses>
				<total>3</total>
				<timestamp>68.831535</timestamp>
			</report>
			<report>
				<misses>266001</misses>
				<total>3</total>
				<timestamp>69.091273</timestamp>
			</report>
			<report>
				<misses>267001</misses>
				<total>3</total>
				<timestamp>69.351040</timestamp>
			</report>
			<report>
				<misses>268001</misses>
				<total>3</total>
				<timestamp>69.610800</timestamp>
			</report>
			<report>
				<misses>269001</misses>
				<total>3</total>
				<timestamp>69.870491</timestamp>
			</report>
			<report>
				<misses>270001</misses>
				<total>3</total>
				<timestamp>70.130236</timestamp>
			</report>
			<report>
				<misses>271001</misses>
				<total>3</total>
				<timestamp>70.390016</timestamp>
			</report>
			<report>
				<misses>272001</misses>
				<total>3</total>
				<timestamp>70.649711</timestamp>
			</report>
			<report>
				<misses>273001</misses>
				<total>4</total>
				<timestamp>70.909466</timestamp>
			</report>
			<report>
				<misses>274001</misses>
				<total>4</total>
				<timestamp>71.169251</timestamp>
			</report>
			<report>
				<misses>275001</misses>
				<total>4</total>
				<timestamp>71.428939</timestamp>
			</report>
			<report>
				<misses>276001</misses>
				<total>4</total>
				<timestamp>71.688677</timestamp>
			</report>
			<report>
				<misses>277001</misses>
				<total>4</total>
				<timestamp>71.948419</timestamp>
			</report>
			<report>
				<misses>278001</misses>
				<total>4</total>
				<timestamp>72.208154</timestamp>
			</report>
			<report>
				<misses>279001</misses>
				<total>4</total>
				<timestamp>72.467897</timestamp>
			</report>
			<report>
				<misses>280001</misses>
				<total>4</total>
				<timestamp>72.727635</timestamp>
			</report>
			<report>
				<misses>281001</misses>
				<total>4</total>
				<timestamp>72.987373</timestamp>
			</report>
			<report>
				<misses>282001</misses>
				<total>4</total>
				<timestamp>73.247117</timestamp>
			</report>
			<report>
				<misses>283001</misses>
				<total>4</total>
				<timestamp>73.506906</timestamp>
			</report>
			<report>
				<misses>284001</misses>
				<total>4</total>
				<timestamp>73.766589</timestamp>
			</report>
			<report>
				<misses>285001</misses>
				<total>4</total>
				<timestamp>74.026340</timestamp>
			</report>
			<report>
				<misses>286001</misses>
				<total>4</total>
				<timestamp>74.286080</timestamp>
			</report>
			<report>
				<misses>287001</misses>
				<total>4</total>
				<timestamp>74.545850</timestamp>
			</report>
			<report>
				<misses>288001</misses>
				<total>4</total>
				<timestamp>74.805556</timestamp>
			</report>
			<report>
				<misses>289001</misses>
				<total>4</total>
				<timestamp>75.065303</timestamp>
			</report>
			<report>
				<misses>290001</misses>
				<total>4</total>
				<timestamp>75.325043</timestamp>
			</report>
			<report>
				<misses>291001</misses>
				<total>4</total>
				<timestamp>75.584857</timestamp>
			</report>
			<report>
				<misses>292001</misses>
				<total>4</total>
				<timestamp>75.844524</timestamp>
			</report>
			<report>
				<misses>293001</misses>
				<total>4</total>
				<timestamp>76.104270</timestamp>
			</report>
			<report>
				<misses>294001</misses>
				<total>4</total>
				<timestamp>76.364036</timestamp>
			</report>
			<report>
				<misses>295001</misses>
				<total>4</total>
				<timestamp>76.623767</timestamp>
			</report>
			<report>
				<misses>296001</misses>
				<total>4</total>
				<timestamp>76.883476</timestamp>
			</report>
			<report>
				<misses>297001</misses>
				<total>4</total>
				<timestamp>77.143221</timestamp>
			</report>
			<report>
				<misses>298001</misses>
				<total>4</total>
				<timestamp>77.403004</timestamp>
			</report>
			<report>
				<misses>299001</misses>
				<total>4</total>
				<timestamp>77.662754</timestamp>
			</report>
			<report>
				<misses>300001</misses>
				<total>4</total>
				<timestamp>77.922450</timestamp>
			</report>
			<report>
				<misses>301001</misses>
				<total>4</total>
				<timestamp>78.182181</timestamp>
			</report>
			<report>
				<misses>302001</misses>
				<total>4</total>
				<timestamp>78.441936</timestamp>
			</report>
			<report>
				<misses>303001</misses>
				<total>4</total>
				<timestamp>78.701659</timestamp>
			</report>
			<report>
				<misses>304001</misses>
				<total>4</total>
				<timestamp>78.961381</timestamp>
			</report>
			<report>
				<misses>305001</misses>
				<total>4</total>
				<timestamp>79.221142</timestamp>
			</report>
			<report>
				<misses>306001</misses>
				<total>4</total>
				<timestamp>79.480887</timestamp>
			</report>
			<report>
				<misses>307001</misses>
				<total>4</total>
				<timestamp>79.740626</timestamp>
			</report>
			<report>
				<misses>308001</misses>
				<total>4</total>
				<timestamp>80.000349</timestamp>
			</report>
			<report>
				<misses>309001</misses>
				<total>4</total>
				<timestamp>80.260108</timestamp>
			</report>
			<report>
				<misses>310001</misses>
				<total>4</total>
				<timestamp>80.519850</timestamp>
			</report>
			<report>
				<misses>311001</misses>
				<total>4</total>
				<timestamp>80.779575</timestamp>
			</report>
			<report>
				<misses>312001</misses>
				<total>4</total>
				<timestamp>81.039313</timestamp>
			</report>
			<report>
				<misses>313001</misses>
				<total>4</total>
				<timestamp>81.299057</timestamp>
			</report>
			<report>
				<misses>314001</misses>
				<total>4</total>
				<timestamp>81.558856</timestamp>
			</report>
			<report>
				<misses>315001</misses>
				<total>4</total>
				<timestamp>81.818552</timestamp>
			</report>
			<report>
				<misses>316001</misses>
				<total>4</total>
				<timestamp>82.078285</timestamp>
			</report>
			<report>
				<misses>317001</misses>
				<total>4</total>
				<timestamp>82.338013</timestamp>
			</report>
			<report>
				<misses>318001</misses>
				<total>4</total>
				<timestamp>82.597822</timestamp>
			</report>
			<report>
				<misses>319001</misses>
				<total>4</total>
				<timestamp>82.857481</timestamp>
			</report>
			<report>
				<misses>320001</misses>
				<total>4</total>
				<timestamp>83.117236</timestamp>
			</report>
			<report>
				<misses>321001</misses>
				<total>4</total>
				<timestamp>83.376998</timestamp>
			</report>
			<report>
				<misses>322001</misses>
				<total>4</total>
				<timestamp>83.636763</timestamp>
			</report>
			<report>
				<misses>323001</misses>
				<total>4</total>
				<timestamp>83.896462</timestamp>
			</report>
			<report>
				<misses>324001</misses>
				<total>4</total>
				<timestamp>84.156220</timestamp>
			</report>
			<report>
				<misses>325001</misses>
				<total>4</total>
				<timestamp>84.415971</timestamp>
			</report>
			<report>
				<misses>326001</misses>
				<total>4</total>
				<timestamp>84.675727</timestamp>
			</report>
			<report>
				<misses>327001</misses>
				<total>4</total>
				<timestamp>84.935420</timestamp>
			</report>
			<report>
				<misses>328001</misses>
				<total>4</total>
				<timestamp>85.195156</timestamp>
			</report>
			<report>
				<misses>329001</misses>
				<total>6</total>
				<timestamp>85.454910</timestamp>
			</report>
			<report>
				<misses>330001</misses>
				<total>6</total>
				<timestamp>85.714634</timestamp>
			</report>
			<report>
				<misses>331001</misses>
				<total>6</total>
				<timestamp>85.974406</timestamp>
			</report>
			<report>
				<misses>332001</misses>
				<total>6</total>
				<timestamp>86.234116</timestamp>
			</report>
			<report>
				<misses>333001</misses>
				<total>6</total>
				<timestamp>86.493878</timestamp>
			</report>
			<report>
				<misses>334001</misses>
				<total>6</total>
				<timestamp>86.753604</timestamp>
			</report>
			<report>
				<misses>335001</misses>
				<total>6</total>
				<timestamp>87.013341</timestamp>
			</report>
			<report>
				<misses>336001</misses>
				<total>6</total>
				<timestamp>87.273100</timestamp>
			</report>
			<report>
				<misses>337001</misses>
				<total>6</total>
				<timestamp>87.532854</timestamp>
			</report>
			<report>
				<misses>338001</misses>
				<total>6</total>
				<timestamp>87.792572</timestamp>
			</report>
			<report>
				<misses>339001</misses>
				<total>6</total>
				<timestamp>88.052304</timestamp>
			</report>
			<report>
				<misses>340001</misses>
				<total>6</total>
				<timestamp>88.312034</timestamp>
			</report>
			<report>
				<misses>341001</misses>
				<total>6</total>
				<timestamp>88.571814</timestamp>
			</report>
			<report>
				<misses>342001</misses>
				<total>6</total>
				<timestamp>88.831520</timestamp>
			</report>
			<report>
				<misses>343001</misses>
				<total>6</total>
				<timestamp>89.091275</timestamp>
			</report>
			<report>
				<misses>344001</misses>
				<total>6</total>
				<timestamp>89.351004</timestamp>
			</report>
			<report>
				<misses>345001</misses>
				<total>6</total>
				<timestamp>89.610767</timestamp>
			</report>
			<report>
				<misses>346001</misses>
				<total>6</total>
				<timestamp>89.870474</timestamp>
			</report>
			<report>
				<misses>347001</misses>
				<total>6</total>
				<timestamp>90.130229</timestamp>
			</report>
			<report>
				<misses>348001</misses>
				<total>6</total>
				<timestamp>90.389957</timestamp>
			</report>
			<report>
				<misses>349001</misses>
				<total>6</total>
				<timestamp>90.649743</timestamp>
			</report>
			<report>
				<misses>350001</misses>
				<total>6</total>
				<timestamp>90.909478</timestamp>
			</report>
			<report>
				<misses>351001</misses>
				<total>6</total>
				<timestamp>91.169184</timestamp>
			</report>
			<report>
				<misses>352001</misses>
				<total>6</total>
				<timestamp>91.428950</timestamp>
			</report>
			<report>
				<misses>353001</misses>
				<total>6</total>
				<timestamp>91.688657</timestamp>
			</report>
			<report>
				<misses>354001</misses>
				<total>6</total>
				<timestamp>91.948412</timestamp>
			</report>
			<report>
				<misses>355001</misses>
				<total>6</total>
				<timestamp>92.208135</timestamp>
			</report>
			<report>
				<misses>356001</misses>
				<total>6</total>
				<timestamp>92.467909</timestamp>
			</report>
			<report>
				<misses>357001</misses>
				<total>6</total>
				<timestamp>92.727639</timestamp>
			</report>
			<report>
				<misses>358001</misses>
				<total>6</total>
				<timestamp>92.987343</timestamp>
			</report>
			<report>
				<misses>359001</misses>
				<total>6</total>
				<timestamp>93.247118</timestamp>
			</report>
			<report>
				<misses>360001</misses>
				<total>6</total>
				<timestamp>93.506876</timestamp>
			</report>
			<report>
				<misses>361001</misses>
				<total>6</total>
				<timestamp>93.766572</timestamp>
			</report>
			<report>
				<misses>362001</misses>
				<total>6</total>
				<timestamp>94.026333</timestamp>
			</report>
			<report>
				<misses>363001</misses>
				<total>6</total>
				<timestamp>94.286049</timestamp>
			</report>
			<report>
				<misses>364001</misses>
				<total>6</total>
				<timestamp>94.545818</timestamp>
			</report>
			<report>
				<misses>365001</misses>
				<total>6</total>
				<timestamp>94.805524</timestamp>
			</report>
			<report>
				<misses>366001</misses>
				<total>6</total>
				<timestamp>95.065266</timestamp>
			</report>
			<report>
				<misses>367001</misses>
				<total>6</total>
				<timestamp>95.325023</timestamp>
			</report>
			<report>
				<misses>368001</misses>
				<total>6</total>
				<timestamp>95.584777</timestamp>
			</report>
			<report>
				<misses>369001</misses>
				<total>6</total>
				<timestamp>95.844488</timestamp>
			</report>
			<report>
				<misses>370001</misses>
				<total>6</total>
				<timestamp>96.104248</timestamp>
			</report>
			<report>
				<misses>371001</misses>
				<total>6</total>
				<timestamp>96.364021</timestamp>
			</report>
			<report>
				<misses>372001</misses>
				<total>6</total>
				<timestamp>96.623735</timestamp>
			</report>
			<report>
				<misses>373001</misses>
				<total>6</total>
				<timestamp>96.883478</timestamp>
			</report>
			<report>
				<misses>374001</misses>
				<total>6</total>
				<timestamp>97.143214</timestamp>
			</report>
			<report>
				<misses>375001</misses>
				<total>6</total>
				<timestamp>97.402922</timestamp>
			</report>
			<report>
				<misses>376001</misses>
				<total>6</total>
				<timestamp>97.662705</timestamp>
			</report>
			<report>
				<misses>377001</misses>
				<total>6</total>
				<timestamp>97.922425</timestamp>
			</report>
			<report>
				<misses>378001</misses>
				<total>6</total>
				<timestamp>98.182163</timestamp>
			</report>
			<report>
				<misses>379001</misses>
				<total>6</total>
				<timestamp>98.441898</timestamp>
			</report>
			<report>
				<misses>380001</misses>
				<total>6</total>
				<timestamp>98.701660</timestamp>
			</report>
			<report>
				<misses>381001</misses>
				<total>6</total>
				<timestamp>98.961378</timestamp>
			</report>
			<report>
				<misses>382001</misses>
				<total>6</total>
				<timestamp>99.221131</timestamp>
			</report>
			<report>
				<misses>383001</misses>
				<total>6</total>
				<timestamp>99.480859</timestamp>
			</report>
			<report>
				<misses>384001</misses>
				<total>6</total>
				<timestamp>99.740599</timestamp>
			</report>
			<report>
				<misses>385001</misses>
				<total>7</total>
				<timestamp>100.000356</timestamp>
			</report>
			<report>
				<misses>386001</misses>
				<total>7</total>
				<timestamp>100.260071</timestamp>
			</report>
			<report>
				<misses>387001</misses>
				<total>7</total>
				<timestamp>100.519847</timestamp>
			</report>
			<report>
				<misses>388001</misses>
				<total>7</total>
				<timestamp>100.779552</timestamp>
			</report>
			<report>
				<misses>389001</misses>
				<total>7</total>
				<timestamp>101.039303</timestamp>
			</report>
			<report>
				<misses>390001</misses>
				<total>7</total>
				<timestamp>101.299040</timestamp>
			</report>
			<report>
				<misses>391001</misses>
				<total>7</total>
				<timestamp>101.558766</timestamp>
			</report>
			<report>
				<misses>392001</misses>
				<total>7</total>
				<timestamp>101.818538</timestamp>
			</report>
			<report>
				<misses>393001</misses>
				<total>7</total>
				<timestamp>102.078276</timestamp>
			</report>
			<report>
				<misses>394001</misses>
				<total>7</total>
				<timestamp>102.337992</timestamp>
			</report>
			<report>
				<misses>395001</misses>
				<total>7</total>
				<timestamp>102.597755</timestamp>
			</report>
			<report>
				<misses>396001</misses>
				<total>7</total>
				<timestamp>102.857476</timestamp>
			</report>
			<report>
				<misses>397001</misses>
				<total>7</total>
				<timestamp>103.117263</timestamp>
			</report>
			<report>
				<misses>398001</misses>
				<total>7</total>
				<timestamp>103.376984</timestamp>
			</report>
			<report>
				<misses>399001</misses>
				<total>7</total>
				<timestamp>103.636709</timestamp>
			</report>
			<report>
				<misses>400001</misses>
				<total>7</total>
				<timestamp>103.896499</timestamp>
			</report>
			<report>
				<misses>401001</misses>
				<total>7</total>
				<timestamp>104.156173</timestamp>
			</report>
			<report>
				<misses>402001</misses>
				<total>7</total>
				<timestamp>104.415919</timestamp>
			</report>
			<report>
				<misses>403001</misses>
				<total>7</total>
				<timestamp>104.675721</timestamp>
			</report>
			<report>
				<misses>404001</misses>
				<total>7</total>
				<timestamp>104.935393</timestamp>
			</report>
			<report>
				<misses>405001</misses>
				<total>7</total>
				<timestamp>105.195169</timestamp>
			</report>
			<report>
				<misses>406001</misses>
				<total>7</total>
				<timestamp>105.454877</timestamp>
			</report>
			<report>
				<misses>407001</misses>
				<total>7</total>
				<timestamp>105.714683</timestamp>
			</report>
			<report>
				<misses>408001</misses>
				<total>7</total>
				<timestamp>105.974373</timestamp>
			</report>
			<report>
				<misses>409001</misses>
				<total>7</total>
				<timestamp>106.234110</timestamp>
			</report>
			<report>
				<misses>410001</misses>
				<total>7</total>
				<timestamp>106.493866</timestamp>
			</report>
			<report>
				<misses>411001</misses>
				<total>7</total>
				<timestamp>106.753592</timestamp>
			</report>
			<report>
				<misses>412001</misses>
				<total>7</total>
				<timestamp>107.013339</timestamp>
			</report>
			<report>
				<misses>413001</misses>
				<total>7</total>
				<timestamp>107.273049</timestamp>
			</report>
			<report>
				<misses>414001</misses>
				<total>7</total>
				<timestamp>107.532802</timestamp>
			</report>
			<report>
				<misses>415001</misses>
				<total>7</total>
				<timestamp>107.792594</timestamp>
			</report>
			<report>
				<misses>416001</misses>
				<total>7</total>
				<timestamp>108.052276</timestamp>
			</report>
			<report>
				<misses>417001</misses>
				<total>7</total>
				<timestamp>108.311995</timestamp>
			</report>
			<report>
				<misses>418001</misses>
				<total>7</total>
				<timestamp>108.571782</timestamp>
			</report>
			<report>
				<misses>419001</misses>
				<total>7</total>
				<timestamp>108.831501</timestamp>
			</report>
			<report>
				<misses>420001</misses>
				<total>7</total>
				<timestamp>109.091233</timestamp>
			</report>
			<report>
				<misses>421001</misses>
				<total>7</total>
				<timestamp>109.350972</timestamp>
			</report>
			<report>
				<misses>422001</misses>
				<total>7</total>
				<timestamp>109.610714</timestamp>
			</report>
			<report>
				<misses>423001</misses>
				<total>7</total>
				<timestamp>109.870453</timestamp>
			</report>
			<report>
				<misses>424001</misses>
				<total>7</total>
				<timestamp>110.130191</timestamp>
			</report>
			<report>
				<misses>425001</misses>
				<total>7</total>
				<timestamp>110.389948</timestamp>
			</report>
			<report>
				<misses>426001</misses>
				<total>7</total>
				<timestamp>110.649675</timestamp>
			</report>
			<report>
				<misses>427001</misses>
				<total>7</total>
				<timestamp>110.909401</timestamp>
			</report>
			<report>
				<misses>428001</misses>
				<total>7</total>
				<timestamp>111.169152</timestamp>
			</report>
			<report>
				<misses>429001</misses>
				<total>7</total>
				<timestamp>111.428911</timestamp>
			</report>
			<report>
				<misses>430001</misses>
				<total>7</total>
				<timestamp>111.688672</timestamp>
			</report>
			<report>
				<misses>431001</misses>
				<total>7</total>
				<timestamp>111.948400</timestamp>
			</report>
			<report>
				<misses>432001</misses>
				<total>7</total>
				<timestamp>112.208114</timestamp>
			</report>
			<report>
				<misses>433001</misses>
				<total>7</total>
				<timestamp>112.467856</timestamp>
			</report>
			<report>
				<misses>434001</misses>
				<total>7</total>
				<timestamp>112.727614</timestamp>
			</report>
			<report>
				<misses>435001</misses>
				<total>7</total>
				<timestamp>112.987334</timestamp>
			</report>
			<report>
				<misses>436001</misses>
				<total>7</total>
				<timestamp>113.247092</timestamp>
			</report>
			<report>
				<misses>437001</misses>
				<total>7</total>
				<timestamp>113.506828</timestamp>
			</report>
			<report>
				<misses>438001</misses>
				<total>7</total>
				<timestamp>113.766635</timestamp>
			</report>
			<report>
				<misses>439001</misses>
				<total>7</total>
				<timestamp>114.026316</timestamp>
			</report>
			<report>
				<misses>440001</misses>
				<total>7</total>
				<timestamp>114.286047</timestamp>
			</report>
			<report>
				<misses>441001</misses>
				<total>7</total>
				<timestamp>114.545794</timestamp>
			</report>
			<report>
				<misses>442001</misses>
				<total>7</total>
				<timestamp>114.805515</timestamp>
			</report>
			<report>
				<misses>443001</misses>
				<total>7</total>
				<timestamp>115.065274</timestamp>
			</report>
			<report>
				<misses>444001</misses>
				<total>8</total>
				<timestamp>115.325008</timestamp>
			</report>
			<report>
				<misses>445001</misses>
				<total>8</total>
				<timestamp>115.584767</timestamp>
			</report>
			<report>
				<misses>446001</misses>
				<total>8</total>
				<timestamp>115.844507</timestamp>
			</report>
			<report>
				<misses>447001</misses>
				<total>8</total>
				<timestamp>116.104231</timestamp>
			</report>
			<report>
				<misses>448001</misses>
				<total>8</total>
				<timestamp>116.363970</timestamp>
			</report>
			<report>
				<misses>449001</misses>
				<total>8</total>
				<timestamp>116.623740</timestamp>
			</report>
			<report>
				<misses>450001</misses>
				<total>8</total>
				<timestamp>116.883446</timestamp>
			</report>
			<report>
				<misses>451001</misses>
				<total>8</total>
				<timestamp>117.143178</timestamp>
			</report>
			<report>
				<misses>452001</misses>
				<total>8</total>
				<timestamp>117.402928</timestamp>
			</report>
			<report>
				<misses>453001</misses>
				<total>8</total>
				<timestamp>117.662695</timestamp>
			</report>
			<report>
				<misses>454001</misses>
				<total>8</total>
				<timestamp>117.922417</timestamp>
			</report>
			<report>
				<misses>455001</misses>
				<total>8</total>
				<timestamp>118.182145</timestamp>
			</report>
			<report>
				<misses>456001</misses>
				<total>8</total>
				<timestamp>118.441902</timestamp>
			</report>
			<report>
				<misses>457001</misses>
				<total>8</total>
				<timestamp>118.701657</timestamp>
			</report>
			<report>
				<misses>458001</misses>
				<total>8</total>
				<timestamp>118.961366</timestamp>
			</report>
			<report>
				<misses>459001</misses>
				<total>8</total>
				<timestamp>119.221134</timestamp>
			</report>
			<report>
				<misses>460001</misses>
				<total>8</total>
				<timestamp>119.480859</timestamp>
			</report>
			<report>
				<misses>461001</misses>
				<total>8</total>
				<timestamp>119.740616</timestamp>
			</report>
			<report>
				<misses>462001</misses>
				<total>8</total>
				<timestamp>120.000349</timestamp>
			</report>
			<report>
				<misses>463001</misses>
				<total>8</total>
				<timestamp>120.260075</timestamp>
			</report>
			<report>
				<misses>464001</misses>
				<total>8</total>
				<timestamp>120.519814</timestamp>
			</report>
			<report>
				<misses>465001</misses>
				<total>8</total>
				<timestamp>120.779577</timestamp>
			</report>
			<report>
				<misses>466001</misses>
				<total>8</total>
				<timestamp>121.039287</timestamp>
			</report>
			<report>
				<misses>467001</misses>
				<total>8</total>
				<timestamp>121.299053</timestamp>
			</report>
			<report>
				<misses>468001</misses>
				<total>8</total>
				<timestamp>121.558765</timestamp>
			</report>
			<report>
				<misses>469001</misses>
				<total>8</total>
				<timestamp>121.818585</timestamp>
			</report>
			<report>
				<misses>470001</misses>
				<total>8</total>
				<timestamp>122.078250</timestamp>
			</report>
			<report>
				<misses>471001</misses>
				<total>8</total>
				<timestamp>122.338005</timestamp>
			</report>
			<report>
				<misses>472001</misses>
				<total>10</total>
				<timestamp>122.597720</timestamp>
			</report>
			<report>
				<misses>473001</misses>
				<total>10</total>
				<timestamp>122.857496</timestamp>
			</report>
			<report>
				<misses>474001</misses>
				<total>10</total>
				<timestamp>123.117196</timestamp>
			</report>
			<report>
				<misses>475001</misses>
				<total>10</total>
				<timestamp>123.376952</timestamp>
			</report>
			<report>
				<misses>476001</misses>
				<total>10</total>
				<timestamp>123.636722</timestamp>
			</report>
			<report>
				<misses>477001</misses>
				<total>10</total>
				<timestamp>123.896439</timestamp>
			</report>
			<report>
				<misses>478001</misses>
				<total>10</total>
				<timestamp>124.156194</timestamp>
			</report>
			<report>
				<misses>479001</misses>
				<total>10</total>
				<timestamp>124.415907</timestamp>
			</report>
			<report>
				<misses>480001</misses>
				<total>10</total>
				<timestamp>124.675649</timestamp>
			</report>
			<report>
				<misses>481001</misses>
				<total>10</total>
				<timestamp>124.935383</timestamp>
			</report>
			<report>
				<misses>482001</misses>
				<total>10</total>
				<timestamp>125.195142</timestamp>
			</report>
			<report>
				<misses>483001</misses>
				<total>10</total>
				<timestamp>125.454888</timestamp>
			</report>
			<report>
				<misses>484001</misses>
				<total>10</total>
				<timestamp>125.714705</timestamp>
			</report>
			<report>
				<misses>485001</misses>
				<total>10</total>
				<timestamp>125.974340</timestamp>
			</report>
			<report>
				<misses>486001</misses>
				<total>10</total>
				<timestamp>126.234093</timestamp>
			</report>
			<report>
				<misses>487001</misses>
				<total>10</total>
				<timestamp>126.493822</timestamp>
			</report>
			<report>
				<misses>488001</misses>
				<total>10</total>
				<timestamp>126.753574</timestamp>
			</report>
			<report>
				<misses>489001</misses>
				<total>10</total>
				<timestamp>127.013300</timestamp>
			</report>
			<report>
				<misses>490001</misses>
				<total>10</total>
				<timestamp>127.273056</timestamp>
			</report>
			<report>
				<misses>491001</misses>
				<total>10</total>
				<timestamp>127.532796</timestamp>
			</report>
			<report>
				<misses>492001</misses>
				<total>10</total>
				<timestamp>127.792594</timestamp>
			</report>
			<report>
				<misses>493001</misses>
				<total>10</total>
				<timestamp>128.052294</timestamp>
			</report>
			<report>
				<misses>494001</misses>
				<total>10</total>
				<timestamp>128.312015</timestamp>
			</report>
			<report>
				<misses>495001</misses>
				<total>10</total>
				<timestamp>128.571747</timestamp>
			</report>
			<report>
				<misses>496001</misses>
				<total>10</total>
				<timestamp>128.831520</timestamp>
			</report>
			<report>
				<misses>497001</misses>
				<total>10</total>
				<timestamp>129.091216</timestamp>
			</report>
			<report>
				<misses>498001</misses>
				<total>10</total>
				<timestamp>129.350969</timestamp>
			</report>
			<report>
				<misses>499001</misses>
				<total>10</total>
				<timestamp>129.610693</timestamp>
			</report>
			<report>
				<misses>500001</misses>
				<total>10</total>
				<timestamp>129.870459</timestamp>
			</report>
			<report>
				<misses>501001</misses>
				<total>10</total>
				<timestamp>130.130169</timestamp>
			</report>
			<report>
				<misses>502001</misses>
				<total>10</total>
				<timestamp>130.389927</timestamp>
			</report>
			<report>
				<misses>503001</misses>
				<total>10</total>
				<timestamp>130.649677</timestamp>
			</report>
			<report>
				<misses>504001</misses>
				<total>10</total>
				<timestamp>130.909399</timestamp>
			</report>
			<report>
				<misses>505001</misses>
				<total>10</total>
				<timestamp>131.169144</timestamp>
			</report>
			<report>
				<misses>506001</misses>
				<total>10</total>
				<timestamp>131.428879</timestamp>
			</report>
			<report>
				<misses>507001</misses>
				<total>10</total>
				<timestamp>131.688657</timestamp>
			</report>
			<report>
				<misses>508001</misses>
				<total>10</total>
				<timestamp>131.948353</timestamp>
			</report>
			<report>
				<misses>509001</misses>
				<total>10</total>
				<timestamp>132.208148</timestamp>
			</report>
			<report>
				<misses>510001</misses>
				<total>10</total>
				<timestamp>132.467851</timestamp>
			</report>
			<report>
				<misses>511001</misses>
				<total>10</total>
				<timestamp>132.727583</timestamp>
			</report>
			<report>
				<misses>512001</misses>
				<total>10</total>
				<timestamp>132.987316</timestamp>
			</report>
			<report>
				<misses>513001</misses>
				<total>10</total>
				<timestamp>133.247049</timestamp>
			</report>
			<report>
				<misses>514001</misses>
				<total>10</total>
				<timestamp>133.506780</timestamp>
			</report>
			<report>
				<misses>515001</misses>
				<total>10</total>
				<timestamp>133.766542</timestamp>
			</report>
			<report>
				<misses>516001</misses>
				<total>10</total>
				<timestamp>134.026320</timestamp>
			</report>
			<report>
				<misses>517001</misses>
				<total>10</total>
				<timestamp>134.286002</timestamp>
			</report>
			<report>
				<misses>518001</misses>
				<total>10</total>
				<timestamp>134.545760</timestamp>
			</report>
			<report>
				<misses>519001</misses>
				<total>10</total>
				<timestamp>134.805541</timestamp>
			</report>
			<report>
				<misses>520001</misses>
				<total>10</total>
				<timestamp>135.065241</timestamp>
			</report>
			<report>
				<misses>521001</misses>
				<total>10</total>
				<timestamp>135.324996</timestamp>
			</report>
			<report>
				<misses>522001</misses>
				<total>10</total>
				<timestamp>135.584712</timestamp>
			</report>
			<report>
				<misses>523001</misses>
				<total>10</total>
				<timestamp>135.844476</timestamp>
			</report>
			<report>
				<misses>524001</misses>
				<total>10</total>
				<timestamp>136.104215</timestamp>
			</report>
			<report>
				<misses>525001</misses>
				<total>10</total>
				<timestamp>136.363958</timestamp>
			</report>
			<report>
				<misses>526001</misses>
				<total>10</total>
				<timestamp>136.623690</timestamp>
			</report>
			<report>
				<misses>527001</misses>
				<total>10</total>
				<timestamp>136.883451</timestamp>
			</report>
			<report>
				<misses>528001</misses>
				<total>10</total>
				<timestamp>137.143155</timestamp>
			</report>
			<report>
				<misses>529001</misses>
				<total>10</total>
				<timestamp>137.402906</timestamp>
			</report>
			<report>
				<misses>530001</misses>
				<total>10</total>
				<timestamp>137.662660</timestamp>
			</report>
			<report>
				<misses>531001</misses>
				<total>10</total>
				<timestamp>137.922462</timestamp>
			</report>
			<report>
				<misses>532001</misses>
				<total>10</total>
				<timestamp>138.182135</timestamp>
			</report>
			<report>
				<misses>533001</misses>
				<total>10</total>
				<timestamp>138.441852</timestamp>
			</report>
			<report>
				<misses>534001</misses>
				<total>10</total>
				<timestamp>138.701640</timestamp>
			</report>
			<report>
				<misses>535001</misses>
				<total>10</total>
				<timestamp>138.961344</timestamp>
			</report>
			<report>
				<misses>536001</misses>
				<total>10</total>
				<timestamp>139.221086</timestamp>
			</report>
			<report>
				<misses>537001</misses>
				<total>11</total>
				<timestamp>139.480826</timestamp>
			</report>
			<report>
				<misses>538001</misses>
				<total>11</total>
				<timestamp>139.740597</timestamp>
			</report>
			<report>
				<misses>539001</misses>
				<total>11</total>
				<timestamp>140.000304</timestamp>
			</report>
			<report>
				<misses>540001</misses>
				<total>11</total>
				<timestamp>140.260049</timestamp>
			</report>
			<report>
				<misses>541001</misses>
				<total>11</total>
				<timestamp>140.519840</timestamp>
			</report>
			<report>
				<misses>542001</misses>
				<total>11</total>
				<timestamp>140.779523</timestamp>
			</report>
			<report>
				<misses>543001</misses>
				<total>11</total>
				<timestamp>141.039308</timestamp>
			</report>
			<report>
				<misses>544001</misses>
				<total>11</total>
				<timestamp>141.298996</timestamp>
			</report>
			<report>
				<misses>545001</misses>
				<total>11</total>
				<timestamp>141.558754</timestamp>
			</report>
			<report>
				<misses>546001</misses>
				<total>11</total>
				<timestamp>141.818497</timestamp>
			</report>
			<report>
				<misses>547001</misses>
				<total>11</total>
				<timestamp>142.078229</timestamp>
			</report>
			<report>
				<misses>548001</misses>
				<total>11</total>
				<timestamp>142.337995</timestamp>
			</report>
			<report>
				<misses>549001</misses>
				<total>11</total>
				<timestamp>142.597693</timestamp>
			</report>
			<report>
				<misses>550001</misses>
				<total>11</total>
				<timestamp>142.857504</timestamp>
			</report>
			<report>
				<misses>551001</misses>
				<total>11</total>
				<timestamp>143.117193</timestamp>
			</report>
			<report>
				<misses>552001</misses>
				<total>11</total>
				<timestamp>143.376920</timestamp>
			</report>
			<report>
				<misses>553001</misses>
				<total>11</total>
				<timestamp>143.636664</timestamp>
			</report>
			<report>
				<misses>554001</misses>
				<total>11</total>
				<timestamp>143.896428</timestamp>
			</report>
			<report>
				<misses>555001</misses>
				<total>11</total>
				<timestamp>144.156189</timestamp>
			</report>
			<report>
				<misses>556001</misses>
				<total>11</total>
				<timestamp>144.415868</timestamp>
			</report>
			<report>
				<misses>557001</misses>
				<total>11</total>
				<timestamp>144.675640</timestamp>
			</report>
			<report>
				<misses>558001</misses>
				<total>11</total>
				<timestamp>144.935361</timestamp>
			</report>
			<report>
				<misses>559001</misses>
				<total>11</total>
				<timestamp>145.195122</timestamp>
			</report>
			<report>
				<misses>560001</misses>
				<total>11</total>
				<timestamp>145.454840</timestamp>
			</report>
			<report>
				<misses>561001</misses>
				<total>11</total>
				<timestamp>145.714588</timestamp>
			</report>
			<report>
				<misses>562001</misses>
				<total>11</total>
				<timestamp>145.974333</timestamp>
			</report>
			<report>
				<misses>563001</misses>
				<total>11</total>
				<timestamp>146.234038</timestamp>
			</report>
			<report>
				<misses>564001</misses>
				<total>11</total>
				<timestamp>146.493801</timestamp>
			</report>
			<report>
				<misses>565001</misses>
				<total>11</total>
				<timestamp>146.753565</timestamp>
			</report>
			<report>
				<misses>566001</misses>
				<total>11</total>
				<timestamp>147.013271</timestamp>
			</report>
			<report>
				<misses>567001</misses>
				<total>11</total>
				<timestamp>147.273043</timestamp>
			</report>
			<report>
				<misses>568001</misses>
				<total>11</total>
				<timestamp>147.532760</timestamp>
			</report>
			<report>
				<misses>569001</misses>
				<total>11</total>
				<timestamp>147.792499</timestamp>
			</report>
			<report>
				<misses>570001</misses>
				<total>11</total>
				<timestamp>148.052268</timestamp>
			</report>
			<report>
				<misses>571001</misses>
				<total>11</total>
				<timestamp>148.311981</timestamp>
			</report>
			<report>
				<misses>572001</misses>
				<total>11</total>
				<timestamp>148.571713</timestamp>
			</report>
			<report>
				<misses>573001</misses>
				<total>11</total>
				<timestamp>148.831459</timestamp>
			</report>
			<report>
				<misses>574001</misses>
				<total>11</total>
				<timestamp>149.091193</timestamp>
			</report>
			<report>
				<misses>575001</misses>
				<total>11</total>
				<timestamp>149.350919</timestamp>
			</report>
			<report>
				<misses>576001</misses>
				<total>11</total>
				<timestamp>149.610677</timestamp>
			</report>
			<report>
				<misses>577001</misses>
				<total>11</total>
				<timestamp>149.870438</timestamp>
			</report>
			<report>
				<misses>578001</misses>
				<total>11</total>
				<timestamp>150.130216</timestamp>
			</report>
			<report>
				<misses>579001</misses>
				<total>11</total>
				<timestamp>150.389921</timestamp>
			</report>
			<report>
				<misses>580001</misses>
				<total>11</total>
				<timestamp>150.649648</timestamp>
			</report>
			<report>
				<misses>581001</misses>
				<total>11</total>
				<timestamp>150.909420</timestamp>
			</report>
			<report>
				<misses>582001</misses>
				<total>11</total>
				<timestamp>151.169120</timestamp>
			</report>
			<report>
				<misses>583001</misses>
				<total>11</total>
				<timestamp>151.428844</timestamp>
			</report>
			<report>
				<misses>584001</misses>
				<total>11</total>
				<timestamp>151.688602</timestamp>
			</report>
			<report>
				<misses>585001</misses>
				<total>11</total>
				<timestamp>151.948367</timestamp>
			</report>
			<report>
				<misses>586001</misses>
				<total>11</total>
				<timestamp>152.208108</timestamp>
			</report>
			<report>
				<misses>587001</misses>
				<total>11</total>
				<timestamp>152.467824</timestamp>
			</report>
			<report>
				<misses>588001</misses>
				<total>11</total>
				<timestamp>152.727585</timestamp>
			</report>
			<report>
				<misses>589001</misses>
				<total>11</total>
				<timestamp>152.987300</timestamp>
			</report>
			<report>
				<misses>590001</misses>
				<total>11</total>
				<timestamp>153.247036</timestamp>
			</report>
			<report>
				<misses>591001</misses>
				<total>11</total>
				<timestamp>153.506796</timestamp>
			</report>
			<report>
				<misses>592001</misses>
				<total>11</total>
				<timestamp>153.766564</timestamp>
			</report>
			<report>
				<misses>593001</misses>
				<total>11</total>
				<timestamp>154.026262</timestamp>
			</report>
			<report>
				<misses>594001</misses>
				<total>11</total>
				<timestamp>154.285987</timestamp>
			</report>
			<report>
				<misses>595001</misses>
				<total>11</total>
				<timestamp>154.545771</timestamp>
			</report>
			<report>
				<misses>596001</misses>
				<total>11</total>
				<timestamp>154.805481</timestamp>
			</report>
			<report>
				<misses>597001</misses>
				<total>11</total>
				<timestamp>155.065229</timestamp>
			</report>
			<report>
				<misses>598001</misses>
				<total>11</total>
				<timestamp>155.324963</timestamp>
			</report>
			<report>
				<misses>599001</misses>
				<total>11</total>
				<timestamp>155.584687</timestamp>
			</report>
			<report>
				<misses>600001</misses>
				<total>11</total>
				<timestamp>155.844450</timestamp>
			</report>
			<report>
				<misses>601001</misses>
				<total>11</total>
				<timestamp>156.104191</timestamp>
			</report>
			<report>
				<misses>602001</misses>
				<total>11</total>
				<timestamp>156.363938</timestamp>
			</report>
			<report>
				<misses>603001</misses>
				<total>11</total>
				<timestamp>156.623673</timestamp>
			</report>
			<report>
				<misses>604001</misses>
				<total>11</total>
				<timestamp>156.883406</timestamp>
			</report>
			<report>
				<misses>605001</misses>
				<total>11</total>
				<timestamp>157.143151</timestamp>
			</report>
			<report>
				<misses>606001</misses>
				<total>11</total>
				<timestamp>157.402896</timestamp>
			</report>
			<report>
				<misses>607001</misses>
				<total>11</total>
				<timestamp>157.662617</timestamp>
			</report>
			<report>
				<misses>608001</misses>
				<total>11</total>
				<timestamp>157.922368</timestamp>
			</report>
			<report>
				<misses>609001</misses>
				<total>11</total>
				<timestamp>158.182120</timestamp>
			</report>
			<report>
				<misses>610001</misses>
				<total>11</total>
				<timestamp>158.441829</timestamp>
			</report>
			<report>
				<misses>611001</misses>
				<total>11</total>
				<timestamp>158.701611</timestamp>
			</report>
			<report>
				<misses>612001</misses>
				<total>11</total>
				<timestamp>158.961371</timestamp>
			</report>
			<report>
				<misses>613001</misses>
				<total>11</total>
				<timestamp>159.221056</timestamp>
			</report>
			<report>
				<misses>614001</misses>
				<total>11</total>
				<timestamp>159.480789</timestamp>
			</report>
			<report>
				<misses>615001</misses>
				<total>11</total>
				<timestamp>159.740527</timestamp>
			</report>
			<report>
				<misses>616001</misses>
				<total>11</total>
				<timestamp>160.000301</timestamp>
			</report>
			<report>
				<misses>617001</misses>
				<total>11</total>
				<timestamp>160.260026</timestamp>
			</report>
			<report>
				<misses>618001</misses>
				<total>11</total>
				<timestamp>160.519760</timestamp>
			</report>
			<report>
				<misses>619001</misses>
				<total>11</total>
				<timestamp>160.779502</timestamp>
			</report>
			<report>
				<misses>620001</misses>
				<total>11</total>
				<timestamp>161.039294</timestamp>
			</report>
			<report>
				<misses>621001</misses>
				<total>11</total>
				<timestamp>161.298979</timestamp>
			</report>
			<report>
				<misses>622001</misses>
				<total>11</total>
				<timestamp>161.558716</timestamp>
			</report>
			<report>
				<misses>623001</misses>
				<total>11</total>
				<timestamp>161.818457</timestamp>
			</report>
			<report>
				<misses>624001</misses>
				<total>11</total>
				<timestamp>162.078186</timestamp>
			</report>
			<report>
				<misses>625001</misses>
				<total>11</total>
				<timestamp>162.337987</timestamp>
			</report>
			<report>
				<misses>626001</misses>
				<total>11</total>
				<timestamp>162.597673</timestamp>
			</report>
			<report>
				<misses>627001</misses>
				<total>11</total>
				<timestamp>162.857460</timestamp>
			</report>
			<report>
				<misses>628001</misses>
				<total>11</total>
				<timestamp>163.117155</timestamp>
			</report>
			<report>
				<misses>629001</misses>
				<total>11</total>
				<timestamp>163.376910</timestamp>
			</report>
			<report>
				<misses>630001</misses>
				<total>11</total>
				<timestamp>163.636643</timestamp>
			</report>
			<report>
				<misses>631001</misses>
				<total>11</total>
				<timestamp>163.896384</timestamp>
			</report>
			<report>
				<misses>632001</misses>
				<total>11</total>
				<timestamp>164.156154</timestamp>
			</report>
			<report>
				<misses>633001</misses>
				<total>11</total>
				<timestamp>164.415867</timestamp>
			</report>
			<report>
				<misses>634001</misses>
				<total>11</total>
				<timestamp>164.675608</timestamp>
			</report>
			<report>
				<misses>635001</misses>
				<total>11</total>
				<timestamp>164.935351</timestamp>
			</report>
			<report>
				<misses>636001</misses>
				<total>11</total>
				<timestamp>165.195080</timestamp>
			</report>
			<report>
				<misses>637001</misses>
				<total>11</total>
				<timestamp>165.454838</timestamp>
			</report>
			<report>
				<misses>638001</misses>
				<total>11</total>
				<timestamp>165.714551</timestamp>
			</report>
			<report>
				<misses>639001</misses>
				<total>11</total>
				<timestamp>165.974306</timestamp>
			</report>
			<report>
				<misses>640001</misses>
				<total>11</total>
				<timestamp>166.234035</timestamp>
			</report>
			<report>
				<misses>641001</misses>
				<total>11</total>
				<timestamp>166.493823</timestamp>
			</report>
			<report>
				<misses>642001</misses>
				<total>11</total>
				<timestamp>166.753524</timestamp>
			</report>
			<report>
				<misses>643001</misses>
				<total>11</total>
				<timestamp>167.013320</timestamp>
			</report>
			<report>
				<misses>644001</misses>
				<total>11</total>
				<timestamp>167.273016</timestamp>
			</report>
			<report>
				<misses>645001</misses>
				<total>11</total>
				<timestamp>167.532731</timestamp>
			</report>
			<report>
				<misses>646001</misses>
				<total>11</total>
				<timestamp>167.792494</timestamp>
			</report>
			<report>
				<misses>647001</misses>
				<total>11</total>
				<timestamp>168.052277</timestamp>
			</report>
			<report>
				<misses>648001</misses>
				<total>11</total>
				<timestamp>168.311937</timestamp>
			</report>
			<report>
				<misses>649001</misses>
				<total>11</total>
				<timestamp>168.571686</timestamp>
			</report>
			<report>
				<misses>650001</misses>
				<total>11</total>
				<timestamp>168.831450</timestamp>
			</report>
			<report>
				<misses>651001</misses>
				<total>11</total>
				<timestamp>169.091168</timestamp>
			</report>
			<report>
				<misses>652001</misses>
				<total>11</total>
				<timestamp>169.350946</timestamp>
			</report>
			<report>
				<misses>653001</misses>
				<total>11</total>
				<timestamp>169.610658</timestamp>
			</report>
			<report>
				<misses>654001</misses>
				<total>11</total>
				<timestamp>169.870421</timestamp>
			</report>
			<report>
				<misses>655001</misses>
				<total>11</total>
				<timestamp>170.130147</timestamp>
			</report>
			<report>
				<misses>656001</misses>
				<total>11</total>
				<timestamp>170.389924</timestamp>
			</report>
			<report>
				<misses>657001</misses>
				<total>11</total>
				<timestamp>170.649623</timestamp>
			</report>
			<report>
				<misses>658001</misses>
				<total>11</total>
				<timestamp>170.909356</timestamp>
			</report>
			<report>
				<misses>659001</misses>
				<total>11</total>
				<timestamp>171.169117</timestamp>
			</report>
			<report>
				<misses>660001</misses>
				<total>11</total>
				<timestamp>171.428841</timestamp>
			</report>
			<report>
				<misses>661001</misses>
				<total>11</total>
				<timestamp>171.688600</timestamp>
			</report>
			<report>
				<misses>662001</misses>
				<total>11</total>
				<timestamp>171.948363</timestamp>
			</report>
			<report>
				<misses>663001</misses>
				<total>11</total>
				<timestamp>172.208090</timestamp>
			</report>
			<report>
				<misses>664001</misses>
				<total>11</total>
				<timestamp>172.467807</timestamp>
			</report>
			<report>
				<misses>665001</misses>
				<total>11</total>
				<timestamp>172.727569</timestamp>
			</report>
			<report>
				<misses>666001</misses>
				<total>11</total>
				<timestamp>172.987348</timestamp>
			</report>
			<report>
				<misses>667001</misses>
				<total>11</total>
				<timestamp>173.247009</timestamp>
			</report>
			<report>
				<misses>668001</misses>
				<total>11</total>
				<timestamp>173.506765</timestamp>
			</report>
			<report>
				<misses>669001</misses>
				<total>11</total>
				<timestamp>173.766499</timestamp>
			</report>
			<report>
				<misses>670001</misses>
				<total>11</total>
				<timestamp>174.026298</timestamp>
			</report>
			<report>
				<misses>671001</misses>
				<total>11</total>
				<timestamp>174.285965</timestamp>
			</report>
			<report>
				<misses>672001</misses>
				<total>11</total>
				<timestamp>174.545721</timestamp>
			</report>
			<report>
				<misses>673001</misses>
				<total>11</total>
				<timestamp>174.805507</timestamp>
			</report>
			<report>
				<misses>674001</misses>
				<total>11</total>
				<timestamp>175.065217</timestamp>
			</report>
			<report>
				<misses>675001</misses>
				<total>11</total>
				<timestamp>175.324933</timestamp>
			</report>
			<report>
				<misses>676001</misses>
				<total>11</total>
				<timestamp>175.584679</timestamp>
			</report>
			<report>
				<misses>677001</misses>
				<total>11</total>
				<timestamp>175.844442</timestamp>
			</report>
			<report>
				<misses>678001</misses>
				<total>11</total>
				<timestamp>176.104244</timestamp>
			</report>
			<report>
				<misses>679001</misses>
				<total>11</total>
				<timestamp>176.363911</timestamp>
			</report>
			<report>
				<misses>680001</misses>
				<total>11</total>
				<timestamp>176.623637</timestamp>
			</report>
			<report>
				<misses>681001</misses>
				<total>11</total>
				<timestamp>176.883394</timestamp>
			</report>
			<report>
				<misses>682001</misses>
				<total>11</total>
				<timestamp>177.143184</timestamp>
			</report>
			<report>
				<misses>683001</misses>
				<total>11</total>
				<timestamp>177.402867</timestamp>
			</report>
			<report>
				<misses>684001</misses>
				<total>11</total>
				<timestamp>177.662597</timestamp>
			</report>
			<report>
				<misses>685001</misses>
				<total>11</total>
				<timestamp>177.922416</timestamp>
			</report>
			<report>
				<misses>686001</misses>
				<total>11</total>
				<timestamp>178.182155</timestamp>
			</report>
			<report>
				<misses>687001</misses>
				<total>11</total>
				<timestamp>178.441840</timestamp>
			</report>
			<report>
				<misses>688001</misses>
				<total>11</total>
				<timestamp>178.701595</timestamp>
			</report>
			<report>
				<misses>689001</misses>
				<total>11</total>
				<timestamp>178.961365</timestamp>
			</report>
			<report>
				<misses>690001</misses>
				<total>11</total>
				<timestamp>179.221031</timestamp>
			</report>
			<report>
				<misses>691001</misses>
				<total>11</total>
				<timestamp>179.480798</timestamp>
			</report>
			<report>
				<misses>692001</misses>
				<total>11</total>
				<timestamp>179.740522</timestamp>
			</report>
			<report>
				<misses>693001</misses>
				<total>11</total>
				<timestamp>180.000304</timestamp>
			</report>
			<report>
				<misses>694001</misses>
				<total>11</total>
				<timestamp>180.259984</timestamp>
			</report>
			<report>
				<misses>695001</misses>
				<total>11</total>
				<timestamp>180.519751</timestamp>
			</report>
			<report>
				<misses>696001</misses>
				<total>11</total>
				<timestamp>180.779482</timestamp>
			</report>
			<report>
				<misses>697001</misses>
				<total>11</total>
				<timestamp>181.039255</timestamp>
			</report>
			<report>
				<misses>698001</misses>
				<total>11</total>
				<timestamp>181.298972</timestamp>
			</report>
			<report>
				<misses>699001</misses>
				<total>11</total>
				<timestamp>181.558696</timestamp>
			</report>
			<report>
				<misses>700001</misses>
				<total>11</total>
				<timestamp>181.818441</timestamp>
			</report>
			<report>
				<misses>701001</misses>
				<total>11</total>
				<timestamp>182.078240</timestamp>
			</report>
			<report>
				<misses>702001</misses>
				<total>11</total>
				<timestamp>182.337930</timestamp>
			</report>
			<report>
				<misses>703001</misses>
				<total>11</total>
				<timestamp>182.597661</timestamp>
			</report>
			<report>
				<misses>704001</misses>
				<total>11</total>
				<timestamp>182.857456</timestamp>
			</report>
			<report>
				<misses>705001</misses>
				<total>11</total>
				<timestamp>183.117224</timestamp>
			</report>
			<report>
				<misses>706001</misses>
				<total>11</total>
				<timestamp>183.376872</timestamp>
			</report>
			<report>
				<misses>707001</misses>
				<total>11</total>
				<timestamp>183.636610</timestamp>
			</report>
			<report>
				<misses>708001</misses>
				<total>11</total>
				<timestamp>183.896358</timestamp>
			</report>
			<report>
				<misses>709001</misses>
				<total>11</total>
				<timestamp>184.156180</timestamp>
			</report>
			<report>
				<misses>710001</misses>
				<total>11</total>
				<timestamp>184.415847</timestamp>
			</report>
			<report>
				<misses>711001</misses>
				<total>11</total>
				<timestamp>184.675570</timestamp>
			</report>
			<report>
				<misses>712001</misses>
				<total>11</total>
				<timestamp>184.935336</timestamp>
			</report>
			<report>
				<misses>713001</misses>
				<total>11</total>
				<timestamp>185.195072</timestamp>
			</report>
			<report>
				<misses>714001</misses>
				<total>11</total>
				<timestamp>185.454797</timestamp>
			</report>
			<report>
				<misses>715001</misses>
				<total>11</total>
				<timestamp>185.714539</timestamp>
			</report>
			<report>
				<misses>716001</misses>
				<total>11</total>
				<timestamp>185.974314</timestamp>
			</report>
			<report>
				<misses>717001</misses>
				<total>11</total>
				<timestamp>186.234018</timestamp>
			</report>
			<report>
				<misses>718001</misses>
				<total>11</total>
				<timestamp>186.493751</timestamp>
			</report>
			<report>
				<misses>719001</misses>
				<total>11</total>
				<timestamp>186.753529</timestamp>
			</report>
			<report>
				<misses>720001</misses>
				<total>11</total>
				<timestamp>187.013293</timestamp>
			</report>
			<report>
				<misses>721001</misses>
				<total>11</total>
				<timestamp>187.272992</timestamp>
			</report>
			<report>
				<misses>722001</misses>
				<total>11</total>
				<timestamp>187.532707</timestamp>
			</report>
			<report>
				<misses>723001</misses>
				<total>11</total>
				<timestamp>187.792478</timestamp>
			</report>
			<report>
				<misses>724001</misses>
				<total>11</total>
				<timestamp>188.052198</timestamp>
			</report>
			<report>
				<misses>725001</misses>
				<total>11</total>
				<timestamp>188.311937</timestamp>
			</report>
			<report>
				<misses>726001</misses>
				<total>11</total>
				<timestamp>188.571683</timestamp>
			</report>
			<report>
				<misses>727001</misses>
				<total>11</total>
				<timestamp>188.831422</timestamp>
			</report>
			<report>
				<misses>728001</misses>
				<total>11</total>
				<timestamp>189.091185</timestamp>
			</report>
			<report>
				<misses>729001</misses>
				<total>11</total>
				<timestamp>189.350901</timestamp>
			</report>
			<report>
				<misses>730001</misses>
				<total>11</total>
				<timestamp>189.610636</timestamp>
			</report>
			<report>
				<misses>731001</misses>
				<total>11</total>
				<timestamp>189.870398</timestamp>
			</report>
			<report>
				<misses>732001</misses>
				<total>11</total>
				<timestamp>190.130120</timestamp>
			</report>
			<report>
				<misses>733001</misses>
				<total>11</total>
				<timestamp>190.389855</timestamp>
			</report>
			<report>
				<misses>734001</misses>
				<total>11</total>
				<timestamp>190.649587</timestamp>
			</report>
			<report>
				<misses>735001</misses>
				<total>11</total>
				<timestamp>190.909337</timestamp>
			</report>
			<report>
				<misses>736001</misses>
				<total>11</total>
				<timestamp>191.169118</timestamp>
			</report>
			<report>
				<misses>737001</misses>
				<total>11</total>
				<timestamp>191.428825</timestamp>
			</report>
			<report>
				<misses>738001</misses>
				<total>11</total>
				<timestamp>191.688548</timestamp>
			</report>
			<report>
				<misses>739001</misses>
				<total>11</total>
				<timestamp>191.948304</timestamp>
			</report>
			<report>
				<misses>740001</misses>
				<total>11</total>
				<timestamp>192.208032</timestamp>
			</report>
			<report>
				<misses>741001</misses>
				<total>11</total>
				<timestamp>192.467770</timestamp>
			</report>
			<report>
				<misses>742001</misses>
				<total>11</total>
				<timestamp>192.727523</timestamp>
			</report>
			<report>
				<misses>743001</misses>
				<total>11</total>
				<timestamp>192.987281</timestamp>
			</report>
			<report>
				<misses>744001</misses>
				<total>11</total>
				<timestamp>193.247005</timestamp>
			</report>
			<report>
				<misses>745001</misses>
				<total>11</total>
				<timestamp>193.506728</timestamp>
			</report>
			<report>
				<misses>746001</misses>
				<total>11</total>
				<timestamp>193.766487</timestamp>
			</report>
			<report>
				<misses>747001</misses>
				<total>11</total>
				<timestamp>194.026215</timestamp>
			</report>
			<report>
				<misses>748001</misses>
				<total>11</total>
				<timestamp>194.285943</timestamp>
			</report>
			<report>
				<misses>749001</misses>
				<total>11</total>
				<timestamp>194.545724</timestamp>
			</report>
			<report>
				<misses>750001</misses>
				<total>11</total>
				<timestamp>194.805430</timestamp>
			</report>
			<report>
				<misses>751001</misses>
				<total>11</total>
				<timestamp>195.065179</timestamp>
			</report>
			<report>
				<misses>752001</misses>
				<total>11</total>
				<timestamp>195.324932</timestamp>
			</report>
			<report>
				<misses>753001</misses>
				<total>11</total>
				<timestamp>195.584665</timestamp>
			</report>
			<report>
				<misses>754001</misses>
				<total>11</total>
				<timestamp>195.844400</timestamp>
			</report>
			<report>
				<misses>755001</misses>
				<total>11</total>
				<timestamp>196.104183</timestamp>
			</report>
			<report>
				<misses>756001</misses>
				<total>11</total>
				<timestamp>196.363904</timestamp>
			</report>
			<report>
				<misses>757001</misses>
				<total>11</total>
				<timestamp>196.623626</timestamp>
			</report>
			<report>
				<misses>758001</misses>
				<total>11</total>
				<timestamp>196.883359</timestamp>
			</report>
			<report>
				<misses>759001</misses>
				<total>11</total>
				<timestamp>197.143143</timestamp>
			</report>
			<report>
				<misses>760001</misses>
				<total>11</total>
				<timestamp>197.402832</timestamp>
			</report>
			<report>
				<misses>761001</misses>
				<total>11</total>
				<timestamp>197.662589</timestamp>
			</report>
			<report>
				<misses>762001</misses>
				<total>11</total>
				<timestamp>197.922324</timestamp>
			</report>
			<report>
				<misses>763001</misses>
				<total>11</total>
				<timestamp>198.182108</timestamp>
			</report>
			<report>
				<misses>764001</misses>
				<total>11</total>
				<timestamp>198.441797</timestamp>
			</report>
			<report>
				<misses>765001</misses>
				<total>11</total>
				<timestamp>198.701532</timestamp>
			</report>
			<report>
				<misses>766001</misses>
				<total>11</total>
				<timestamp>198.961279</timestamp>
			</report>
			<report>
				<misses>767001</misses>
				<total>11</total>
				<timestamp>199.221012</timestamp>
			</report>
			<report>
				<misses>768001</misses>
				<total>11</total>
				<timestamp>199.480763</timestamp>
			</report>
			<report>
				<misses>769001</misses>
				<total>11</total>
				<timestamp>199.740498</timestamp>
			</report>
			<report>
				<misses>770001</misses>
				<total>11</total>
				<timestamp>200.000247</timestamp>
			</report>
			<report>
				<misses>771001</misses>
				<total>11</total>
				<timestamp>200.259985</timestamp>
			</report>
			<report>
				<misses>772001</misses>
				<total>11</total>
				<timestamp>200.519741</timestamp>
			</report>
			<report>
				<misses>773001</misses>
				<total>11</total>
				<timestamp>200.779463</timestamp>
			</report>
			<report>
				<misses>774001</misses>
				<total>11</total>
				<timestamp>201.039212</timestamp>
			</report>
			<report>
				<misses>775001</misses>
				<total>11</total>
				<timestamp>201.298968</timestamp>
			</report>
			<report>
				<misses>776001</misses>
				<total>11</total>
				<timestamp>201.558683</timestamp>
			</report>
			<report>
				<misses>777001</misses>
				<total>11</total>
				<timestamp>201.818430</timestamp>
			</report>
			<report>
				<misses>778001</misses>
				<total>11</total>
				<timestamp>202.078154</timestamp>
			</report>
			<report>
				<misses>779001</misses>
				<total>11</total>
				<timestamp>202.337906</timestamp>
			</report>
			<report>
				<misses>780001</misses>
				<total>11</total>
				<timestamp>202.597639</timestamp>
			</report>
			<report>
				<misses>781001</misses>
				<total>11</total>
				<timestamp>202.857389</timestamp>
			</report>
			<report>
				<misses>782001</misses>
				<total>11</total>
				<timestamp>203.117178</timestamp>
			</report>
			<report>
				<misses>783001</misses>
				<total>11</total>
				<timestamp>203.376856</timestamp>
			</report>
			<report>
				<misses>784001</misses>
				<total>11</total>
				<timestamp>203.636655</timestamp>
			</report>
			<report>
				<misses>785001</misses>
				<total>11</total>
				<timestamp>203.896391</timestamp>
			</report>
			<report>
				<misses>786001</misses>
				<total>11</total>
				<timestamp>204.156082</timestamp>
			</report>
			<report>
				<misses>787001</misses>
				<total>11</total>
				<timestamp>204.415809</timestamp>
			</report>
			<report>
				<misses>788001</misses>
				<total>11</total>
				<timestamp>204.675559</timestamp>
			</report>
			<report>
				<misses>789001</misses>
				<total>11</total>
				<timestamp>204.935310</timestamp>
			</report>
			<report>
				<misses>790001</misses>
				<total>11</total>
				<timestamp>205.195050</timestamp>
			</report>
			<report>
				<misses>791001</misses>
				<total>11</total>
				<timestamp>205.454769</timestamp>
			</report>
			<report>
				<misses>792001</misses>
				<total>11</total>
				<timestamp>205.714518</timestamp>
			</report>
			<report>
				<misses>793001</misses>
				<total>11</total>
				<timestamp>205.974279</timestamp>
			</report>
			<report>
				<misses>794001</misses>
				<total>11</total>
				<timestamp>206.234010</timestamp>
			</report>
			<report>
				<misses>795001</misses>
				<total>11</total>
				<timestamp>206.493722</timestamp>
			</report>
			<report>
				<misses>796001</misses>
				<total>11</total>
				<timestamp>206.753471</timestamp>
			</report>
			<report>
				<misses>797001</misses>
				<total>11</total>
				<timestamp>207.013230</timestamp>
			</report>
			<report>
				<misses>798001</misses>
				<total>11</total>
				<timestamp>207.272963</timestamp>
			</report>
			<report>
				<misses>799001</misses>
				<total>11</total>
				<timestamp>207.532695</timestamp>
			</report>
			<report>
				<misses>800001</misses>
				<total>11</total>
				<timestamp>207.792431</timestamp>
			</report>
			<report>
				<misses>801001</misses>
				<total>11</total>
				<timestamp>208.052192</timestamp>
			</report>
			<report>
				<misses>802001</misses>
				<total>11</total>
				<timestamp>208.311897</timestamp>
			</report>
			<report>
				<misses>803001</misses>
				<total>11</total>
				<timestamp>208.571649</timestamp>
			</report>
			<report>
				<misses>804001</misses>
				<total>11</total>
				<timestamp>208.831400</timestamp>
			</report>
			<report>
				<misses>805001</misses>
				<total>11</total>
				<timestamp>209.091182</timestamp>
			</report>
			<report>
				<misses>806001</misses>
				<total>11</total>
				<timestamp>209.350864</timestamp>
			</report>
			<report>
				<misses>807001</misses>
				<total>11</total>
				<timestamp>209.610610</timestamp>
			</report>
			<report>
				<misses>808001</misses>
				<total>11</total>
				<timestamp>209.870369</timestamp>
			</report>
			<report>
				<misses>809001</misses>
				<total>11</total>
				<timestamp>210.130165</timestamp>
			</report>
			<report>
				<misses>810001</misses>
				<total>11</total>
				<timestamp>210.389824</timestamp>
			</report>
			<report>
				<misses>811001</misses>
				<total>11</total>
				<timestamp>210.649576</timestamp>
			</report>
			<report>
				<misses>812001</misses>
				<total>11</total>
				<timestamp>210.909328</timestamp>
			</report>
			<report>
				<misses>813001</misses>
				<total>11</total>
				<timestamp>211.169068</timestamp>
			</report>
			<report>
				<misses>814001</misses>
				<total>11</total>
				<timestamp>211.428799</timestamp>
			</report>
			<report>
				<misses>815001</misses>
				<total>11</total>
				<timestamp>211.688541</timestamp>
			</report>
			<report>
				<misses>816001</misses>
				<total>11</total>
				<timestamp>211.948288</timestamp>
			</report>
			<report>
				<misses>817001</misses>
				<total>11</total>
				<timestamp>212.208054</timestamp>
			</report>
			<report>
				<misses>818001</misses>
				<total>11</total>
				<timestamp>212.467762</timestamp>
			</report>
			<report>
				<misses>819001</misses>
				<total>11</total>
				<timestamp>212.727512</timestamp>
			</report>
			<report>
				<misses>820001</misses>
				<total>11</total>
				<timestamp>212.987230</timestamp>
			</report>
			<report>
				<misses>821001</misses>
				<total>11</total>
				<timestamp>213.247047</timestamp>
			</report>
			<report>
				<misses>822001</misses>
				<total>11</total>
				<timestamp>213.506711</timestamp>
			</report>
			<report>
				<misses>823001</misses>
				<total>11</total>
				<timestamp>213.766467</timestamp>
			</report>
			<report>
				<misses>824001</misses>
				<total>11</total>
				<timestamp>214.026209</timestamp>
			</report>
			<report>
				<misses>825001</misses>
				<total>11</total>
				<timestamp>214.285944</timestamp>
			</report>
			<report>
				<misses>826001</misses>
				<total>11</total>
				<timestamp>214.545700</timestamp>
			</report>
			<report>
				<misses>827001</misses>
				<total>11</total>
				<timestamp>214.805458</timestamp>
			</report>
			<report>
				<misses>828001</misses>
				<total>11</total>
				<timestamp>215.065198</timestamp>
			</report>
			<report>
				<misses>829001</misses>
				<total>11</total>
				<timestamp>215.324890</timestamp>
			</report>
			<report>
				<misses>830001</misses>
				<total>11</total>
				<timestamp>215.584663</timestamp>
			</report>
			<report>
				<misses>831001</misses>
				<total>11</total>
				<timestamp>215.844419</timestamp>
			</report>
			<report>
				<misses>832001</misses>
				<total>11</total>
				<timestamp>216.104145</timestamp>
			</report>
			<report>
				<misses>833001</misses>
				<total>11</total>
				<timestamp>216.363864</timestamp>
			</report>
			<report>
				<misses>834001</misses>
				<total>11</total>
				<timestamp>216.623602</timestamp>
			</report>
			<report>
				<misses>835001</misses>
				<total>11</total>
				<timestamp>216.883342</timestamp>
			</report>
			<report>
				<misses>836001</misses>
				<total>11</total>
				<timestamp>217.143134</timestamp>
			</report>
			<report>
				<misses>837001</misses>
				<total>11</total>
				<timestamp>217.402842</timestamp>
			</report>
			<report>
				<misses>838001</misses>
				<total>11</total>
				<timestamp>217.662575</timestamp>
			</report>
			<report>
				<misses>839001</misses>
				<total>11</total>
				<timestamp>217.922293</timestamp>
			</report>
			<report>
				<misses>840001</misses>
				<total>11</total>
				<timestamp>218.182098</timestamp>
			</report>
			<report>
				<misses>841001</misses>
				<total>11</total>
				<timestamp>218.441795</timestamp>
			</report>
			<report>
				<misses>842001</misses>
				<total>11</total>
				<timestamp>218.701532</timestamp>
			</report>
			<report>
				<misses>843001</misses>
				<total>11</total>
				<timestamp>218.961268</timestamp>
			</report>
			<report>
				<misses>844001</misses>
				<total>11</total>
				<timestamp>219.221029</timestamp>
			</report>
			<report>
				<misses>845001</misses>
				<total>11</total>
				<timestamp>219.480739</timestamp>
			</report>
			<report>
				<misses>846001</misses>
				<total>11</total>
				<timestamp>219.740499</timestamp>
			</report>
			<report>
				<misses>847001</misses>
				<total>11</total>
				<timestamp>220.000226</timestamp>
			</report>
			<report>
				<misses>848001</misses>
				<total>11</total>
				<timestamp>220.260001</timestamp>
			</report>
			<report>
				<misses>849001</misses>
				<total>11</total>
				<timestamp>220.519704</timestamp>
			</report>
			<report>
				<misses>850001</misses>
				<total>11</total>
				<timestamp>220.779430</timestamp>
			</report>
			<report>
				<misses>851001</misses>
				<total>11</total>
				<timestamp>221.039204</timestamp>
			</report>
			<report>
				<misses>852001</misses>
				<total>11</total>
				<timestamp>221.298971</timestamp>
			</report>
			<report>
				<misses>853001</misses>
				<total>11</total>
				<timestamp>221.558664</timestamp>
			</report>
			<report>
				<misses>854001</misses>
				<total>11</total>
				<timestamp>221.818440</timestamp>
			</report>
			<report>
				<misses>855001</misses>
				<total>11</total>
				<timestamp>222.078159</timestamp>
			</report>
			<report>
				<misses>856001</misses>
				<total>11</total>
				<timestamp>222.337906</timestamp>
			</report>
			<report>
				<misses>857001</misses>
				<total>11</total>
				<timestamp>222.597629</timestamp>
			</report>
			<report>
				<misses>858001</misses>
				<total>11</total>
				<timestamp>222.857345</timestamp>
			</report>
			<report>
				<misses>859001</misses>
				<total>11</total>
				<timestamp>223.117116</timestamp>
			</report>
			<report>
				<misses>860001</misses>
				<total>11</total>
				<timestamp>223.376847</timestamp>
			</report>
			<report>
				<misses>861001</misses>
				<total>11</total>
				<timestamp>223.636573</timestamp>
			</report>
			<report>
				<misses>862001</misses>
				<total>11</total>
				<timestamp>223.896311</timestamp>
			</report>
			<report>
				<misses>863001</misses>
				<total>11</total>
				<timestamp>224.156084</timestamp>
			</report>
			<report>
				<misses>864001</misses>
				<total>11</total>
				<timestamp>224.415797</timestamp>
			</report>
			<report>
				<misses>865001</misses>
				<total>11</total>
				<timestamp>224.675558</timestamp>
			</report>
			<report>
				<misses>866001</misses>
				<total>11</total>
				<timestamp>224.935286</timestamp>
			</report>
			<report>
				<misses>867001</misses>
				<total>11</total>
				<timestamp>225.195058</timestamp>
			</report>
			<report>
				<misses>868001</misses>
				<total>11</total>
				<timestamp>225.454761</timestamp>
			</report>
			<report>
				<misses>869001</misses>
				<total>11</total>
				<timestamp>225.714514</timestamp>
			</report>
			<report>
				<misses>870001</misses>
				<total>11</total>
				<timestamp>225.974273</timestamp>
			</report>
			<report>
				<misses>871001</misses>
				<total>11</total>
				<timestamp>226.233994</timestamp>
			</report>
			<report>
				<misses>872001</misses>
				<total>11</total>
				<timestamp>226.493722</timestamp>
			</report>
			<report>
				<misses>873001</misses>
				<total>11</total>
				<timestamp>226.753483</timestamp>
			</report>
			<report>
				<misses>874001</misses>
				<total>11</total>
				<timestamp>227.013199</timestamp>
			</report>
			<report>
				<misses>875001</misses>
				<total>11</total>
				<timestamp>227.272955</timestamp>
			</report>
			<report>
				<misses>876001</misses>
				<total>11</total>
				<timestamp>227.532696</timestamp>
			</report>
			<report>
				<misses>877001</misses>
				<total>11</total>
				<timestamp>227.792432</timestamp>
			</report>
			<report>
				<misses>878001</misses>
				<total>11</total>
				<timestamp>228.052160</timestamp>
			</report>
			<report>
				<misses>879001</misses>
				<total>11</total>
				<timestamp>228.311960</timestamp>
			</report>
			<report>
				<misses>880001</misses>
				<total>11</total>
				<timestamp>228.571640</timestamp>
			</report>
			<report>
				<misses>881001</misses>
				<total>11</total>
				<timestamp>228.831386</timestamp>
			</report>
			<report>
				<misses>882001</misses>
				<total>11</total>
				<timestamp>229.091141</timestamp>
			</report>
			<report>
				<misses>883001</misses>
				<total>11</total>
				<timestamp>229.350879</timestamp>
			</report>
			<report>
				<misses>884001</misses>
				<total>11</total>
				<timestamp>229.610590</timestamp>
			</report>
			<report>
				<misses>885001</misses>
				<total>11</total>
				<timestamp>229.870330</timestamp>
			</report>
			<report>
				<misses>886001</misses>
				<total>11</total>
				<timestamp>230.130146</timestamp>
			</report>
			<report>
				<misses>887001</misses>
				<total>11</total>
				<timestamp>230.389804</timestamp>
			</report>
			<report>
				<misses>888001</misses>
				<total>11</total>
				<timestamp>230.649562</timestamp>
			</report>
			<report>
				<misses>889001</misses>
				<total>11</total>
				<timestamp>230.909327</timestamp>
			</report>
			<report>
				<misses>890001</misses>
				<total>11</total>
				<timestamp>231.169051</timestamp>
			</report>
			<report>
				<misses>891001</misses>
				<total>11</total>
				<timestamp>231.428780</timestamp>
			</report>
			<report>
				<misses>892001</misses>
				<total>11</total>
				<timestamp>231.688518</timestamp>
			</report>
			<report>
				<misses>893001</misses>
				<total>11</total>
				<timestamp>231.948251</timestamp>
			</report>
			<report>
				<misses>894001</misses>
				<total>11</total>
				<timestamp>232.208030</timestamp>
			</report>
			<report>
				<misses>895001</misses>
				<total>11</total>
				<timestamp>232.467721</timestamp>
			</report>
			<report>
				<misses>896001</misses>
				<total>11</total>
				<timestamp>232.727483</timestamp>
			</report>
			<report>
				<misses>897001</misses>
				<total>11</total>
				<timestamp>232.987230</timestamp>
			</report>
			<report>
				<misses>898001</misses>
				<total>11</total>
				<timestamp>233.247008</timestamp>
			</report>
			<report>
				<misses>899001</misses>
				<total>11</total>
				<timestamp>233.506701</timestamp>
			</report>
			<report>
				<misses>900001</misses>
				<total>11</total>
				<timestamp>233.766448</timestamp>
			</report>
			<report>
				<misses>901001</misses>
				<total>11</total>
				<timestamp>234.026173</timestamp>
			</report>
			<report>
				<misses>902001</misses>
				<total>11</total>
				<timestamp>234.285952</timestamp>
			</report>
			<report>
				<misses>903001</misses>
				<total>11</total>
				<timestamp>234.545650</timestamp>
			</report>
			<report>
				<misses>904001</misses>
				<total>11</total>
				<timestamp>234.805385</timestamp>
			</report>
			<report>
				<misses>905001</misses>
				<total>11</total>
				<timestamp>235.065158</timestamp>
			</report>
			<report>
				<misses>906001</misses>
				<total>11</total>
				<timestamp>235.324880</timestamp>
			</report>
			<report>
				<misses>907001</misses>
				<total>12</total>
				<timestamp>235.584624</timestamp>
			</report>
			<report>
				<misses>908001</misses>
				<total>12</total>
				<timestamp>235.844364</timestamp>
			</report>
			<report>
				<misses>909001</misses>
				<total>12</total>
				<timestamp>236.104098</timestamp>
			</report>
			<report>
				<misses>910001</misses>
				<total>12</total>
				<timestamp>236.363889</timestamp>
			</report>
			<report>
				<misses>911001</misses>
				<total>12</total>
				<timestamp>236.623591</timestamp>
			</report>
			<report>
				<misses>912001</misses>
				<total>12</total>
				<timestamp>236.883350</timestamp>
			</report>
			<report>
				<misses>913001</misses>
				<total>12</total>
				<timestamp>237.143079</timestamp>
			</report>
			<report>
				<misses>914001</misses>
				<total>12</total>
				<timestamp>237.402829</timestamp>
			</report>
			<report>
				<misses>915001</misses>
				<total>12</total>
				<timestamp>237.662537</timestamp>
			</report>
			<report>
				<misses>916001</misses>
				<total>12</total>
				<timestamp>237.922279</timestamp>
			</report>
			<report>
				<misses>917001</misses>
				<total>12</total>
				<timestamp>238.182002</timestamp>
			</report>
			<report>
				<misses>918001</misses>
				<total>12</total>
				<timestamp>238.441790</timestamp>
			</report>
			<report>
				<misses>919001</misses>
				<total>12</total>
				<timestamp>238.701489</timestamp>
			</report>
			<report>
				<misses>920001</misses>
				<total>12</total>
				<timestamp>238.961243</timestamp>
			</report>
			<report>
				<misses>921001</misses>
				<total>12</total>
				<timestamp>239.221005</timestamp>
			</report>
			<report>
				<misses>922001</misses>
				<total>12</total>
				<timestamp>239.480714</timestamp>
			</report>
			<report>
				<misses>923001</misses>
				<total>12</total>
				<timestamp>239.740465</timestamp>
			</report>
			<report>
				<misses>924001</misses>
				<total>12</total>
				<timestamp>240.000208</timestamp>
			</report>
			<report>
				<misses>925001</misses>
				<total>12</total>
				<timestamp>240.259965</timestamp>
			</report>
			<report>
				<misses>926001</misses>
				<total>12</total>
				<timestamp>240.519676</timestamp>
			</report>
			<report>
				<misses>927001</misses>
				<total>12</total>
				<timestamp>240.779421</timestamp>
			</report>
			<report>
				<misses>928001</misses>
				<total>12</total>
				<timestamp>241.039172</timestamp>
			</report>
			<report>
				<misses>929001</misses>
				<total>12</total>
				<timestamp>241.298906</timestamp>
			</report>
			<report>
				<misses>930001</misses>
				<total>12</total>
				<timestamp>241.558652</timestamp>
			</report>
			<report>
				<misses>931001</misses>
				<total>12</total>
				<timestamp>241.818420</timestamp>
			</report>
			<report>
				<misses>932001</misses>
				<total>12</total>
				<timestamp>242.078132</timestamp>
			</report>
			<report>
				<misses>933001</misses>
				<total>12</total>
				<timestamp>242.337863</timestamp>
			</report>
			<report>
				<misses>934001</misses>
				<total>12</total>
				<timestamp>242.597586</timestamp>
			</report>
			<report>
				<misses>935001</misses>
				<total>12</total>
				<timestamp>242.857341</timestamp>
			</report>
			<report>
				<misses>936001</misses>
				<total>12</total>
				<timestamp>243.117094</timestamp>
			</report>
			<report>
				<misses>937001</misses>
				<total>12</total>
				<timestamp>243.376853</timestamp>
			</report>
			<report>
				<misses>938001</misses>
				<total>12</total>
				<timestamp>243.636569</timestamp>
			</report>
			<report>
				<misses>939001</misses>
				<total>12</total>
				<timestamp>243.896320</timestamp>
			</report>
			<report>
				<misses>940001</misses>
				<total>12</total>
				<timestamp>244.156046</timestamp>
			</report>
			<report>
				<misses>941001</misses>
				<total>12</total>
				<timestamp>244.415826</timestamp>
			</report>
			<report>
				<misses>942001</misses>
				<total>12</total>
				<timestamp>244.675520</timestamp>
			</report>
			<report>
				<misses>943001</misses>
				<total>12</total>
				<timestamp>244.935287</timestamp>
			</report>
			<report>
				<misses>944001</misses>
				<total>12</total>
				<timestamp>245.195028</timestamp>
			</report>
			<report>
				<misses>945001</misses>
				<total>12</total>
				<timestamp>245.454782</timestamp>
			</report>
			<report>
				<misses>946001</misses>
				<total>12</total>
				<timestamp>245.714474</timestamp>
			</report>
			<report>
				<misses>947001</misses>
				<total>12</total>
				<timestamp>245.974226</timestamp>
			</report>
			<report>
				<misses>948001</misses>
				<total>12</total>
				<timestamp>246.233986</timestamp>
			</report>
			<report>
				<misses>949001</misses>
				<total>12</total>
				<timestamp>246.493723</timestamp>
			</report>
			<report>
				<misses>950001</misses>
				<total>12</total>
				<timestamp>246.753434</timestamp>
			</report>
			<report>
				<misses>951001</misses>
				<total>12</total>
				<timestamp>247.013188</timestamp>
			</report>
			<report>
				<misses>952001</misses>
				<total>12</total>
				<timestamp>247.272908</timestamp>
			</report>
			<report>
				<misses>953001</misses>
				<total>12</total>
				<timestamp>247.532686</timestamp>
			</report>
			<report>
				<misses>954001</misses>
				<total>12</total>
				<timestamp>247.792406</timestamp>
			</report>
			<report>
				<misses>955001</misses>
				<total>12</total>
				<timestamp>248.052144</timestamp>
			</report>
			<report>
				<misses>956001</misses>
				<total>12</total>
				<timestamp>248.311912</timestamp>
			</report>
			<report>
				<misses>957001</misses>
				<total>13</total>
				<timestamp>248.571629</timestamp>
			</report>
			<report>
				<misses>958001</misses>
				<total>13</total>
				<timestamp>248.831356</timestamp>
			</report>
			<report>
				<misses>959001</misses>
				<total>13</total>
				<timestamp>249.091104</timestamp>
			</report>
			<report>
				<misses>960001</misses>
				<total>13</total>
				<timestamp>249.350850</timestamp>
			</report>
			<report>
				<misses>961001</misses>
				<total>13</total>
				<timestamp>249.610575</timestamp>
			</report>
			<report>
				<misses>962001</misses>
				<total>13</total>
				<timestamp>249.870328</timestamp>
			</report>
			<report>
				<misses>963001</misses>
				<total>13</total>
				<timestamp>250.130069</timestamp>
			</report>
			<report>
				<misses>964001</misses>
				<total>13</total>
				<timestamp>250.389802</timestamp>
			</report>
			<report>
				<misses>965001</misses>
				<total>13</total>
				<timestamp>250.649513</timestamp>
			</report>
			<report>
				<misses>966001</misses>
				<total>13</total>
				<timestamp>250.909273</timestamp>
			</report>
			<report>
				<misses>967001</misses>
				<total>13</total>
				<timestamp>251.169033</timestamp>
			</report>
			<report>
				<misses>968001</misses>
				<total>13</total>
				<timestamp>251.428782</timestamp>
			</report>
			<report>
				<misses>969001</misses>
				<total>13</total>
				<timestamp>251.688505</timestamp>
			</report>
			<report>
				<misses>970001</misses>
				<total>13</total>
				<timestamp>251.948234</timestamp>
			</report>
			<report>
				<misses>971001</misses>
				<total>13</total>
				<timestamp>252.207984</timestamp>
			</report>
			<report>
				<misses>972001</misses>
				<total>13</total>
				<timestamp>252.467738</timestamp>
			</report>
			<report>
				<misses>973001</misses>
				<total>13</total>
				<timestamp>252.727507</timestamp>
			</report>
			<report>
				<misses>974001</misses>
				<total>13</total>
				<timestamp>252.987244</timestamp>
			</report>
			<report>
				<misses>975001</misses>
				<total>13</total>
				<timestamp>253.246952</timestamp>
			</report>
			<report>
				<misses>976001</misses>
				<total>13</total>
				<timestamp>253.506712</timestamp>
			</report>
			<report>
				<misses>977001</misses>
				<total>13</total>
				<timestamp>253.766425</timestamp>
			</report>
			<report>
				<misses>978001</misses>
				<total>13</total>
				<timestamp>254.026160</timestamp>
			</report>
			<report>
				<misses>979001</misses>
				<total>13</total>
				<timestamp>254.285902</timestamp>
			</report>
			<report>
				<misses>980001</misses>
				<total>13</total>
				<timestamp>254.545644</timestamp>
			</report>
			<report>
				<misses>981001</misses>
				<total>13</total>
				<timestamp>254.805383</timestamp>
			</report>
			<report>
				<misses>982001</misses>
				<total>13</total>
				<timestamp>255.065146</timestamp>
			</report>
			<report>
				<misses>983001</misses>
				<total>13</total>
				<timestamp>255.324888</timestamp>
			</report>
			<report>
				<misses>984001</misses>
				<total>13</total>
				<timestamp>255.584604</timestamp>
			</report>
			<report>
				<misses>985001</misses>
				<total>13</total>
				<timestamp>255.844338</timestamp>
			</report>
			<report>
				<misses>986001</misses>
				<total>13</total>
				<timestamp>256.104097</timestamp>
			</report>
			<report>
				<misses>987001</misses>
				<total>13</total>
				<timestamp>256.363855</timestamp>
			</report>
			<report>
				<misses>988001</misses>
				<total>13</total>
				<timestamp>256.623545</timestamp>
			</report>
			<report>
				<misses>989001</misses>
				<total>13</total>
				<timestamp>256.883291</timestamp>
			</report>
			<report>
				<misses>990001</misses>
				<total>13</total>
				<timestamp>257.143042</timestamp>
			</report>
			<report>
				<misses>991001</misses>
				<total>14</total>
				<timestamp>257.402790</timestamp>
			</report>
			<report>
				<misses>992001</misses>
				<total>14</total>
				<timestamp>257.662562</timestamp>
			</report>
			<report>
				<misses>993001</misses>
				<total>14</total>
				<timestamp>257.922261</timestamp>
			</report>
			<report>
				<misses>994001</misses>
				<total>14</total>
				<timestamp>258.182006</timestamp>
			</report>
			<report>
				<misses>995001</misses>
				<total>14</total>
				<timestamp>258.441774</timestamp>
			</report>
			<report>
				<misses>996001</misses>
				<total>14</total>
				<timestamp>258.701474</timestamp>
			</report>
			<report>
				<misses>997001</misses>
				<total>14</total>
				<timestamp>258.961227</timestamp>
			</report>
			<report>
				<misses>998001</misses>
				<total>14</total>
				<timestamp>259.220976</timestamp>
			</report>
			<report>
				<misses>999001</misses>
				<total>14</total>
				<timestamp>259.480732</timestamp>
			</report>
			<report>
				<misses>1000001</misses>
				<total>14</total>
				<timestamp>259.740434</timestamp>
			</report>
			<report>
				<misses>1001001</misses>
				<total>14</total>
				<timestamp>260.000178</timestamp>
			</report>
			<report>
				<misses>1002001</misses>
				<total>14</total>
				<timestamp>260.259934</timestamp>
			</report>
			<report>
				<misses>1003001</misses>
				<total>14</total>
				<timestamp>260.519712</timestamp>
			</report>
			<report>
				<misses>1004001</misses>
				<total>14</total>
				<timestamp>260.779438</timestamp>
			</report>
			<report>
				<misses>1005001</misses>
				<total>14</total>
				<timestamp>261.039133</timestamp>
			</report>
			<report>
				<misses>1006001</misses>
				<total>14</total>
				<timestamp>261.298908</timestamp>
			</report>
			<report>
				<misses>1007001</misses>
				<total>14</total>
				<timestamp>261.558733</timestamp>
			</report>
			<report>
				<misses>1008001</misses>
				<total>14</total>
				<timestamp>261.818369</timestamp>
			</report>
			<report>
				<misses>1009001</misses>
				<total>14</total>
				<timestamp>262.078129</timestamp>
			</report>
			<report>
				<misses>1010001</misses>
				<total>14</total>
				<timestamp>262.337854</timestamp>
			</report>
			<report>
				<misses>1011001</misses>
				<total>14</total>
				<timestamp>262.597590</timestamp>
			</report>
			<report>
				<misses>1012001</misses>
				<total>14</total>
				<timestamp>262.857318</timestamp>
			</report>
			<report>
				<misses>1013001</misses>
				<total>14</total>
				<timestamp>263.117061</timestamp>
			</report>
			<report>
				<misses>1014001</misses>
				<total>14</total>
				<timestamp>263.376800</timestamp>
			</report>
			<report>
				<misses>1015001</misses>
				<total>14</total>
				<timestamp>263.636544</timestamp>
			</report>
			<report>
				<misses>1016001</misses>
				<total>14</total>
				<timestamp>263.896303</timestamp>
			</report>
			<report>
				<misses>1017001</misses>
				<total>14</total>
				<timestamp>264.156020</timestamp>
			</report>
			<report>
				<misses>1018001</misses>
				<total>14</total>
				<timestamp>264.415772</timestamp>
			</report>
			<report>
				<misses>1019001</misses>
				<total>14</total>
				<timestamp>264.675496</timestamp>
			</report>
			<report>
				<misses>1020001</misses>
				<total>14</total>
				<timestamp>264.935262</timestamp>
			</report>
			<report>
				<misses>1021001</misses>
				<total>14</total>
				<timestamp>265.194984</timestamp>
			</report>
			<report>
				<misses>1022001</misses>
				<total>14</total>
				<timestamp>265.454724</timestamp>
			</report>
			<report>
				<misses>1023001</misses>
				<total>14</total>
				<timestamp>265.714478</timestamp>
			</report>
			<report>
				<misses>1024001</misses>
				<total>14</total>
				<timestamp>265.974190</timestamp>
			</report>
			<report>
				<misses>1025001</misses>
				<total>14</total>
				<timestamp>266.233939</timestamp>
			</report>
			<report>
				<misses>1026001</misses>
				<total>14</total>
				<timestamp>266.493691</timestamp>
			</report>
			<report>
				<misses>1027001</misses>
				<total>14</total>
				<timestamp>266.753423</timestamp>
			</report>
			<report>
				<misses>1028001</misses>
				<total>14</total>
				<timestamp>267.013160</timestamp>
			</report>
			<report>
				<misses>1029001</misses>
				<total>14</total>
				<timestamp>267.272937</timestamp>
			</report>
			<report>
				<misses>1030001</misses>
				<total>14</total>
				<timestamp>267.532684</timestamp>
			</report>
			<report>
				<misses>1031001</misses>
				<total>14</total>
				<timestamp>267.792376</timestamp>
			</report>
			<report>
				<misses>1032001</misses>
				<total>14</total>
				<timestamp>268.052182</timestamp>
			</report>
			<report>
				<misses>1033001</misses>
				<total>14</total>
				<timestamp>268.311865</timestamp>
			</report>
			<report>
				<misses>1034001</misses>
				<total>14</total>
				<timestamp>268.571645</timestamp>
			</report>
			<report>
				<misses>1035001</misses>
				<total>14</total>
				<timestamp>268.831327</timestamp>
			</report>
			<report>
				<misses>1036001</misses>
				<total>14</total>
				<timestamp>269.091091</timestamp>
			</report>
			<report>
				<misses>1037001</misses>
				<total>14</total>
				<timestamp>269.350821</timestamp>
			</report>
			<report>
				<misses>1038001</misses>
				<total>14</total>
				<timestamp>269.610610</timestamp>
			</report>
			<report>
				<misses>1039001</misses>
				<total>14</total>
				<timestamp>269.870301</timestamp>
			</report>
			<report>
				<misses>1040001</misses>
				<total>14</total>
				<timestamp>270.130121</timestamp>
			</report>
			<report>
				<misses>1041001</misses>
				<total>14</total>
				<timestamp>270.389794</timestamp>
			</report>
			<report>
				<misses>1042001</misses>
				<total>14</total>
				<timestamp>270.649511</timestamp>
			</report>
			<report>
				<misses>1043001</misses>
				<total>14</total>
				<timestamp>270.909260</timestamp>
			</report>
			<report>
				<misses>1044001</misses>
				<total>14</total>
				<timestamp>271.169027</timestamp>
			</report>
			<report>
				<misses>1045001</misses>
				<total>14</total>
				<timestamp>271.428774</timestamp>
			</report>
			<report>
				<misses>1046001</misses>
				<total>14</total>
				<timestamp>271.688487</timestamp>
			</report>
			<report>
				<misses>1047001</misses>
				<total>14</total>
				<timestamp>271.948228</timestamp>
			</report>
			<report>
				<misses>1048001</misses>
				<total>14</total>
				<timestamp>272.207957</timestamp>
			</report>
			<report>
				<misses>1049001</misses>
				<total>14</total>
				<timestamp>272.467691</timestamp>
			</report>
			<report>
				<misses>1050001</misses>
				<total>14</total>
				<timestamp>272.727485</timestamp>
			</report>
			<report>
				<misses>1051001</misses>
				<total>14</total>
				<timestamp>272.987188</timestamp>
			</report>
			<report>
				<misses>1052001</misses>
				<total>14</total>
				<timestamp>273.246931</timestamp>
			</report>
			<report>
				<misses>1053001</misses>
				<total>14</total>
				<timestamp>273.506662</timestamp>
			</report>
			<report>
				<misses>1054001</misses>
				<total>14</total>
				<timestamp>273.766390</timestamp>
			</report>
			<report>
				<misses>1055001</misses>
				<total>14</total>
				<timestamp>274.026150</timestamp>
			</report>
			<report>
				<misses>1056001</misses>
				<total>14</total>
				<timestamp>274.285874</timestamp>
			</report>
			<report>
				<misses>1057001</misses>
				<total>14</total>
				<timestamp>274.545662</timestamp>
			</report>
			<report>
				<misses>1058001</misses>
				<total>14</total>
				<timestamp>274.805365</timestamp>
			</report>
			<report>
				<misses>1059001</misses>
				<total>14</total>
				<timestamp>275.065105</timestamp>
			</report>
			<report>
				<misses>1060001</misses>
				<total>14</total>
				<timestamp>275.324857</timestamp>
			</report>
			<report>
				<misses>1061001</misses>
				<total>14</total>
				<timestamp>275.584602</timestamp>
			</report>
			<report>
				<misses>1062001</misses>
				<total>14</total>
				<timestamp>275.844316</timestamp>
			</report>
			<report>
				<misses>1063001</misses>
				<total>14</total>
				<timestamp>276.104060</timestamp>
			</report>
			<report>
				<misses>1064001</misses>
				<total>14</total>
				<timestamp>276.363790</timestamp>
			</report>
			<report>
				<misses>1065001</misses>
				<total>14</total>
				<timestamp>276.623551</timestamp>
			</report>
			<report>
				<misses>1066001</misses>
				<total>14</total>
				<timestamp>276.883284</timestamp>
			</report>
			<report>
				<misses>1067001</misses>
				<total>14</total>
				<timestamp>277.143001</timestamp>
			</report>
			<report>
				<misses>1068001</misses>
				<total>14</total>
				<timestamp>277.402792</timestamp>
			</report>
			<report>
				<misses>1069001</misses>
				<total>14</total>
				<timestamp>277.662549</timestamp>
			</report>
			<report>
				<misses>1070001</misses>
				<total>14</total>
				<timestamp>277.922244</timestamp>
			</report>
			<report>
				<misses>1071001</misses>
				<total>14</total>
				<timestamp>278.181992</timestamp>
			</report>
			<report>
				<misses>1072001</misses>
				<total>14</total>
				<timestamp>278.441751</timestamp>
			</report>
			<report>
				<misses>1073001</misses>
				<total>14</total>
				<timestamp>278.701450</timestamp>
			</report>
			<report>
				<misses>1074001</misses>
				<total>14</total>
				<timestamp>278.961207</timestamp>
			</report>
			<report>
				<misses>1075001</misses>
				<total>14</total>
				<timestamp>279.220970</timestamp>
			</report>
			<report>
				<misses>1076001</misses>
				<total>14</total>
				<timestamp>279.480670</timestamp>
			</report>
			<report>
				<misses>1077001</misses>
				<total>14</total>
				<timestamp>279.740426</timestamp>
			</report>
			<report>
				<misses>1078001</misses>
				<total>14</total>
				<timestamp>280.000193</timestamp>
			</report>
			<report>
				<misses>1079001</misses>
				<total>14</total>
				<timestamp>280.259905</timestamp>
			</report>
			<report>
				<misses>1080001</misses>
				<total>14</total>
				<timestamp>280.519659</timestamp>
			</report>
			<report>
				<misses>1081001</misses>
				<total>14</total>
				<timestamp>280.779368</timestamp>
			</report>
			<report>
				<misses>1082001</misses>
				<total>14</total>
				<timestamp>281.039130</timestamp>
			</report>
			<report>
				<misses>1083001</misses>
				<total>14</total>
				<timestamp>281.298862</timestamp>
			</report>
			<report>
				<misses>1084001</misses>
				<total>14</total>
				<timestamp>281.558609</timestamp>
			</report>
			<report>
				<misses>1085001</misses>
				<total>14</total>
				<timestamp>281.818331</timestamp>
			</report>
			<report>
				<misses>1086001</misses>
				<total>14</total>
				<timestamp>282.078085</timestamp>
			</report>
			<report>
				<misses>1087001</misses>
				<total>14</total>
				<timestamp>282.337857</timestamp>
			</report>
			<report>
				<misses>1088001</misses>
				<total>14</total>
				<timestamp>282.597602</timestamp>
			</report>
			<report>
				<misses>1089001</misses>
				<total>14</total>
				<timestamp>282.857319</timestamp>
			</report>
			<report>
				<misses>1090001</misses>
				<total>14</total>
				<timestamp>283.117040</timestamp>
			</report>
			<report>
				<misses>1091001</misses>
				<total>14</total>
				<timestamp>283.376769</timestamp>
			</report>
			<report>
				<misses>1092001</misses>
				<total>14</total>
				<timestamp>283.636554</timestamp>
			</report>
			<report>
				<misses>1093001</misses>
				<total>14</total>
				<timestamp>283.896256</timestamp>
			</report>
			<report>
				<misses>1094001</misses>
				<total>14</total>
				<timestamp>284.156002</timestamp>
			</report>
			<report>
				<misses>1095001</misses>
				<total>14</total>
				<timestamp>284.415744</timestamp>
			</report>
			<report>
				<misses>1096001</misses>
				<total>14</total>
				<timestamp>284.675490</timestamp>
			</report>
			<report>
				<misses>1097001</misses>
				<total>14</total>
				<timestamp>284.935223</timestamp>
			</report>
			<report>
				<misses>1098001</misses>
				<total>14</total>
				<timestamp>285.194966</timestamp>
			</report>
			<report>
				<misses>1099001</misses>
				<total>14</total>
				<timestamp>285.454708</timestamp>
			</report>
			<report>
				<misses>1100001</misses>
				<total>14</total>
				<timestamp>285.714438</timestamp>
			</report>
			<report>
				<misses>1101001</misses>
				<total>14</total>
				<timestamp>285.974204</timestamp>
			</report>
			<report>
				<misses>1102001</misses>
				<total>14</total>
				<timestamp>286.233948</timestamp>
			</report>
			<report>
				<misses>1103001</misses>
				<total>14</total>
				<timestamp>286.493676</timestamp>
			</report>
			<report>
				<misses>1104001</misses>
				<total>14</total>
				<timestamp>286.753402</timestamp>
			</report>
			<report>
				<misses>1105001</misses>
				<total>14</total>
				<timestamp>287.013165</timestamp>
			</report>
			<report>
				<misses>1106001</misses>
				<total>14</total>
				<timestamp>287.272912</timestamp>
			</report>
			<report>
				<misses>1107001</misses>
				<total>14</total>
				<timestamp>287.532634</timestamp>
			</report>
			<report>
				<misses>1108001</misses>
				<total>14</total>
				<timestamp>287.792390</timestamp>
			</report>
			<report>
				<misses>1109001</misses>
				<total>14</total>
				<timestamp>288.052125</timestamp>
			</report>
			<report>
				<misses>1110001</misses>
				<total>14</total>
				<timestamp>288.311838</timestamp>
			</report>
			<report>
				<misses>1111001</misses>
				<total>14</total>
				<timestamp>288.571581</timestamp>
			</report>
			<report>
				<misses>1112001</misses>
				<total>14</total>
				<timestamp>288.831319</timestamp>
			</report>
			<report>
				<misses>1113001</misses>
				<total>14</total>
				<timestamp>289.091059</timestamp>
			</report>
			<report>
				<misses>1114001</misses>
				<total>14</total>
				<timestamp>289.350829</timestamp>
			</report>
			<report>
				<misses>1115001</misses>
				<total>14</total>
				<timestamp>289.610591</timestamp>
			</report>
			<report>
				<misses>1116001</misses>
				<total>14</total>
				<timestamp>289.870293</timestamp>
			</report>
			<report>
				<misses>1117001</misses>
				<total>14</total>
				<timestamp>290.130004</timestamp>
			</report>
			<report>
				<misses>1118001</misses>
				<total>14</total>
				<timestamp>290.389756</timestamp>
			</report>
			<report>
				<misses>1119001</misses>
				<total>14</total>
				<timestamp>290.649519</timestamp>
			</report>
			<report>
				<misses>1120001</misses>
				<total>14</total>
				<timestamp>290.909245</timestamp>
			</report>
			<report>
				<misses>1121001</misses>
				<total>14</total>
				<timestamp>291.168985</timestamp>
			</report>
			<report>
				<misses>1122001</misses>
				<total>14</total>
				<timestamp>291.428720</timestamp>
			</report>
			<report>
				<misses>1123001</misses>
				<total>14</total>
				<timestamp>291.688467</timestamp>
			</report>
			<report>
				<misses>1124001</misses>
				<total>14</total>
				<timestamp>291.948236</timestamp>
			</report>
			<report>
				<misses>1125001</misses>
				<total>14</total>
				<timestamp>292.207987</timestamp>
			</report>
			<report>
				<misses>1126001</misses>
				<total>14</total>
				<timestamp>292.467676</timestamp>
			</report>
			<report>
				<misses>1127001</misses>
				<total>14</total>
				<timestamp>292.727475</timestamp>
			</report>
			<report>
				<misses>1128001</misses>
				<total>14</total>
				<timestamp>292.987209</timestamp>
			</report>
			<report>
				<misses>1129001</misses>
				<total>14</total>
				<timestamp>293.246931</timestamp>
			</report>
			<report>
				<misses>1130001</misses>
				<total>14</total>
				<timestamp>293.506633</timestamp>
			</report>
			<report>
				<misses>1131001</misses>
				<total>14</total>
				<timestamp>293.766380</timestamp>
			</report>
			<report>
				<misses>1132001</misses>
				<total>14</total>
				<timestamp>294.026114</timestamp>
			</report>
			<report>
				<misses>1133001</misses>
				<total>14</total>
				<timestamp>294.285857</timestamp>
			</report>
			<report>
				<misses>1134001</misses>
				<total>14</total>
				<timestamp>294.545612</timestamp>
			</report>
			<report>
				<misses>1135001</misses>
				<total>14</total>
				<timestamp>294.805344</timestamp>
			</report>
			<report>
				<misses>1136001</misses>
				<total>14</total>
				<timestamp>295.065083</timestamp>
			</report>
			<report>
				<misses>1137001</misses>
				<total>14</total>
				<timestamp>295.324860</timestamp>
			</report>
			<report>
				<misses>1138001</misses>
				<total>14</total>
				<timestamp>295.584569</timestamp>
			</report>
			<report>
				<misses>1139001</misses>
				<total>14</total>
				<timestamp>295.844298</timestamp>
			</report>
			<report>
				<misses>1140001</misses>
				<total>14</total>
				<timestamp>296.104025</timestamp>
			</report>
			<report>
				<misses>1141001</misses>
				<total>14</total>
				<timestamp>296.363813</timestamp>
			</report>
			<report>
				<misses>1142001</misses>
				<total>14</total>
				<timestamp>296.623516</timestamp>
			</report>
			<report>
				<misses>1143001</misses>
				<total>14</total>
				<timestamp>296.883278</timestamp>
			</report>
			<report>
				<misses>1144001</misses>
				<total>14</total>
				<timestamp>297.142999</timestamp>
			</report>
			<report>
				<misses>1145001</misses>
				<total>14</total>
				<timestamp>297.402735</timestamp>
			</report>
			<report>
				<misses>1146001</misses>
				<total>14</total>
				<timestamp>297.662507</timestamp>
			</report>
			<report>
				<misses>1147001</misses>
				<total>14</total>
				<timestamp>297.922220</timestamp>
			</report>
			<report>
				<misses>1148001</misses>
				<total>14</total>
				<timestamp>298.181952</timestamp>
			</report>
			<report>
				<misses>1149001</misses>
				<total>14</total>
				<timestamp>298.441694</timestamp>
			</report>
			<report>
				<misses>1150001</misses>
				<total>14</total>
				<timestamp>298.701487</timestamp>
			</report>
			<report>
				<misses>1151001</misses>
				<total>14</total>
				<timestamp>298.961184</timestamp>
			</report>
			<report>
				<misses>1152001</misses>
				<total>14</total>
				<timestamp>299.220959</timestamp>
			</report>
			<report>
				<misses>1153001</misses>
				<total>14</total>
				<timestamp>299.480669</timestamp>
			</report>
			<report>
				<misses>1154001</misses>
				<total>14</total>
				<timestamp>299.740411</timestamp>
			</report>
			<report>
				<misses>1155001</misses>
				<total>14</total>
				<timestamp>300.000155</timestamp>
			</report>
			<report>
				<misses>1156001</misses>
				<total>14</total>
				<timestamp>300.259909</timestamp>
			</report>
			<report>
				<misses>1157001</misses>
				<total>14</total>
				<timestamp>300.519630</timestamp>
			</report>
			<report>
				<misses>1158001</misses>
				<total>14</total>
				<timestamp>300.779413</timestamp>
			</report>
			<report>
				<misses>1159001</misses>
				<total>14</total>
				<timestamp>301.039105</timestamp>
			</report>
			<report>
				<misses>1160001</misses>
				<total>14</total>
				<timestamp>301.298833</timestamp>
			</report>
			<report>
				<misses>1161001</misses>
				<total>14</total>
				<timestamp>301.558612</timestamp>
			</report>
			<report>
				<misses>1162001</misses>
				<total>14</total>
				<timestamp>301.818314</timestamp>
			</report>
			<report>
				<misses>1163001</misses>
				<total>14</total>
				<timestamp>302.078060</timestamp>
			</report>
			<report>
				<misses>1164001</misses>
				<total>14</total>
				<timestamp>302.337826</timestamp>
			</report>
			<report>
				<misses>1165001</misses>
				<total>14</total>
				<timestamp>302.597575</timestamp>
			</report>
			<report>
				<misses>1166001</misses>
				<total>14</total>
				<timestamp>302.857283</timestamp>
			</report>
			<report>
				<misses>1167001</misses>
				<total>14</total>
				<timestamp>303.117007</timestamp>
			</report>
			<report>
				<misses>1168001</misses>
				<total>14</total>
				<timestamp>303.376803</timestamp>
			</report>
			<report>
				<misses>1169001</misses>
				<total>14</total>
				<timestamp>303.636497</timestamp>
			</report>
			<report>
				<misses>1170001</misses>
				<total>14</total>
				<timestamp>303.896234</timestamp>
			</report>
			<report>
				<misses>1171001</misses>
				<total>14</total>
				<timestamp>304.155999</timestamp>
			</report>
			<report>
				<misses>1172001</misses>
				<total>14</total>
				<timestamp>304.415734</timestamp>
			</report>
			<report>
				<misses>1173001</misses>
				<total>14</total>
				<timestamp>304.675462</timestamp>
			</report>
			<report>
				<misses>1174001</misses>
				<total>14</total>
				<timestamp>304.935215</timestamp>
			</report>
			<report>
				<misses>1175001</misses>
				<total>14</total>
				<timestamp>305.194930</timestamp>
			</report>
			<report>
				<misses>1176001</misses>
				<total>14</total>
				<timestamp>305.454675</timestamp>
			</report>
			<report>
				<misses>1177001</misses>
				<total>14</total>
				<timestamp>305.714460</timestamp>
			</report>
			<report>
				<misses>1178001</misses>
				<total>14</total>
				<timestamp>305.974174</timestamp>
			</report>
			<report>
				<misses>1179001</misses>
				<total>14</total>
				<timestamp>306.233925</timestamp>
			</report>
			<report>
				<misses>1180001</misses>
				<total>14</total>
				<timestamp>306.493641</timestamp>
			</report>
			<report>
				<misses>1181001</misses>
				<total>14</total>
				<timestamp>306.753414</timestamp>
			</report>
			<report>
				<misses>1182001</misses>
				<total>14</total>
				<timestamp>307.013173</timestamp>
			</report>
			<report>
				<misses>1183001</misses>
				<total>14</total>
				<timestamp>307.272911</timestamp>
			</report>
			<report>
				<misses>1184001</misses>
				<total>14</total>
				<timestamp>307.532613</timestamp>
			</report>
			<report>
				<misses>1185001</misses>
				<total>14</total>
				<timestamp>307.792369</timestamp>
			</report>
			<report>
				<misses>1186001</misses>
				<total>14</total>
				<timestamp>308.052106</timestamp>
			</report>
			<report>
				<misses>1187001</misses>
				<total>14</total>
				<timestamp>308.311839</timestamp>
			</report>
			<report>
				<misses>1188001</misses>
				<total>14</total>
				<timestamp>308.571582</timestamp>
			</report>
			<report>
				<misses>1189001</misses>
				<total>14</total>
				<timestamp>308.831308</timestamp>
			</report>
			<report>
				<misses>1190001</misses>
				<total>14</total>
				<timestamp>309.091054</timestamp>
			</report>
			<report>
				<misses>1191001</misses>
				<total>14</total>
				<timestamp>309.350813</timestamp>
			</report>
			<report>
				<misses>1192001</misses>
				<total>14</total>
				<timestamp>309.610554</timestamp>
			</report>
			<report>
				<misses>1193001</misses>
				<total>14</total>
				<timestamp>309.870261</timestamp>
			</report>
			<report>
				<misses>1194001</misses>
				<total>14</total>
				<timestamp>310.129993</timestamp>
			</report>
			<report>
				<misses>1195001</misses>
				<total>14</total>
				<timestamp>310.389755</timestamp>
			</report>
			<report>
				<misses>1196001</misses>
				<total>14</total>
				<timestamp>310.649589</timestamp>
			</report>
			<report>
				<misses>1197001</misses>
				<total>14</total>
				<timestamp>310.909260</timestamp>
			</report>
			<report>
				<misses>1198001</misses>
				<total>14</total>
				<timestamp>311.168957</timestamp>
			</report>
			<report>
				<misses>1199001</misses>
				<total>14</total>
				<timestamp>311.428740</timestamp>
			</report>
			<report>
				<misses>1200001</misses>
				<total>14</total>
				<timestamp>311.688488</timestamp>
			</report>
			<report>
				<misses>1201001</misses>
				<total>14</total>
				<timestamp>311.948236</timestamp>
			</report>
			<report>
				<misses>1202001</misses>
				<total>14</total>
				<timestamp>312.207927</timestamp>
			</report>
			<report>
				<misses>1203001</misses>
				<total>14</total>
				<timestamp>312.467721</timestamp>
			</report>
			<report>
				<misses>1204001</misses>
				<total>14</total>
				<timestamp>312.727425</timestamp>
			</report>
			<report>
				<misses>1205001</misses>
				<total>14</total>
				<timestamp>312.987179</timestamp>
			</report>
			<report>
				<misses>1206001</misses>
				<total>14</total>
				<timestamp>313.246907</timestamp>
			</report>
			<report>
				<misses>1207001</misses>
				<total>14</total>
				<timestamp>313.506619</timestamp>
			</report>
			<report>
				<misses>1208001</misses>
				<total>14</total>
				<timestamp>313.766409</timestamp>
			</report>
			<report>
				<misses>1209001</misses>
				<total>14</total>
				<timestamp>314.026145</timestamp>
			</report>
			<report>
				<misses>1210001</misses>
				<total>14</total>
				<timestamp>314.285867</timestamp>
			</report>
			<report>
				<misses>1211001</misses>
				<total>14</total>
				<timestamp>314.545589</timestamp>
			</report>
			<report>
				<misses>1212001</misses>
				<total>14</total>
				<timestamp>314.805341</timestamp>
			</report>
			<report>
				<misses>1213001</misses>
				<total>14</total>
				<timestamp>315.065076</timestamp>
			</report>
			<report>
				<misses>1214001</misses>
				<total>14</total>
				<timestamp>315.324824</timestamp>
			</report>
			<report>
				<misses>1215001</misses>
				<total>14</total>
				<timestamp>315.584535</timestamp>
			</report>
			<report>
				<misses>1216001</misses>
				<total>14</total>
				<timestamp>315.844292</timestamp>
			</report>
			<report>
				<misses>1217001</misses>
				<total>14</total>
				<timestamp>316.104023</timestamp>
			</report>
			<report>
				<misses>1218001</misses>
				<total>14</total>
				<timestamp>316.363750</timestamp>
			</report>
			<report>
				<misses>1219001</misses>
				<total>14</total>
				<timestamp>316.623523</timestamp>
			</report>
			<report>
				<misses>1220001</misses>
				<total>14</total>
				<timestamp>316.883281</timestamp>
			</report>
			<report>
				<misses>1221001</misses>
				<total>14</total>
				<timestamp>317.142977</timestamp>
			</report>
			<report>
				<misses>1222001</misses>
				<total>14</total>
				<timestamp>317.402710</timestamp>
			</report>
			<report>
				<misses>1223001</misses>
				<total>14</total>
				<timestamp>317.662496</timestamp>
			</report>
			<report>
				<misses>1224001</misses>
				<total>14</total>
				<timestamp>317.922219</timestamp>
			</report>
			<report>
				<misses>1225001</misses>
				<total>14</total>
				<timestamp>318.181935</timestamp>
			</report>
			<report>
				<misses>1226001</misses>
				<total>14</total>
				<timestamp>318.441714</timestamp>
			</report>
			<report>
				<misses>1227001</misses>
				<total>14</total>
				<timestamp>318.701454</timestamp>
			</report>
			<report>
				<misses>1228001</misses>
				<total>14</total>
				<timestamp>318.961158</timestamp>
			</report>
			<report>
				<misses>1229001</misses>
				<total>14</total>
				<timestamp>319.220902</timestamp>
			</report>
			<report>
				<misses>1230001</misses>
				<total>14</total>
				<timestamp>319.480641</timestamp>
			</report>
			<report>
				<misses>1231001</misses>
				<total>14</total>
				<timestamp>319.740446</timestamp>
			</report>
			<report>
				<misses>1232001</misses>
				<total>14</total>
				<timestamp>320.000137</timestamp>
			</report>
			<report>
				<misses>1233001</misses>
				<total>14</total>
				<timestamp>320.259863</timestamp>
			</report>
			<report>
				<misses>1234001</misses>
				<total>14</total>
				<timestamp>320.519610</timestamp>
			</report>
			<report>
				<misses>1235001</misses>
				<total>14</total>
				<timestamp>320.779374</timestamp>
			</report>
			<report>
				<misses>1236001</misses>
				<total>14</total>
				<timestamp>321.039078</timestamp>
			</report>
			<report>
				<misses>1237001</misses>
				<total>14</total>
				<timestamp>321.298821</timestamp>
			</report>
			<report>
				<misses>1238001</misses>
				<total>14</total>
				<timestamp>321.558545</timestamp>
			</report>
			<report>
				<misses>1239001</misses>
				<total>14</total>
				<timestamp>321.818300</timestamp>
			</report>
			<report>
				<misses>1240001</misses>
				<total>14</total>
				<timestamp>322.078057</timestamp>
			</report>
			<report>
				<misses>1241001</misses>
				<total>14</total>
				<timestamp>322.337783</timestamp>
			</report>
			<report>
				<misses>1242001</misses>
				<total>14</total>
				<timestamp>322.597513</timestamp>
			</report>
			<report>
				<misses>1243001</misses>
				<total>14</total>
				<timestamp>322.857290</timestamp>
			</report>
			<report>
				<misses>1244001</misses>
				<total>14</total>
				<timestamp>323.117014</timestamp>
			</report>
			<report>
				<misses>1245001</misses>
				<total>14</total>
				<timestamp>323.376761</timestamp>
			</report>
			<report>
				<misses>1246001</misses>
				<total>14</total>
				<timestamp>323.636492</timestamp>
			</report>
			<report>
				<misses>1247001</misses>
				<total>14</total>
				<timestamp>323.896235</timestamp>
			</report>
			<report>
				<misses>1248001</misses>
				<total>14</total>
				<timestamp>324.155968</timestamp>
			</report>
			<report>
				<misses>1249001</misses>
				<total>14</total>
				<timestamp>324.415714</timestamp>
			</report>
			<report>
				<misses>1250001</misses>
				<total>14</total>
				<timestamp>324.675462</timestamp>
			</report>
			<report>
				<misses>1251001</misses>
				<total>14</total>
				<timestamp>324.935174</timestamp>
			</report>
			<report>
				<misses>1252001</misses>
				<total>14</total>
				<timestamp>325.194967</timestamp>
			</report>
			<report>
				<misses>1253001</misses>
				<total>14</total>
				<timestamp>325.454649</timestamp>
			</report>
			<report>
				<misses>1254001</misses>
				<total>14</total>
				<timestamp>325.714427</timestamp>
			</report>
			<report>
				<misses>1255001</misses>
				<total>14</total>
				<timestamp>325.974129</timestamp>
			</report>
			<report>
				<misses>1256001</misses>
				<total>14</total>
				<timestamp>326.233880</timestamp>
			</report>
			<report>
				<misses>1257001</misses>
				<total>14</total>
				<timestamp>326.493639</timestamp>
			</report>
			<report>
				<misses>1258001</misses>
				<total>14</total>
				<timestamp>326.753426</timestamp>
			</report>
			<report>
				<misses>1259001</misses>
				<total>14</total>
				<timestamp>327.013160</timestamp>
			</report>
			<report>
				<misses>1260001</misses>
				<total>14</total>
				<timestamp>327.272845</timestamp>
			</report>
			<report>
				<misses>1261001</misses>
				<total>14</total>
				<timestamp>327.532626</timestamp>
			</report>
			<report>
				<misses>1262001</misses>
				<total>14</total>
				<timestamp>327.792336</timestamp>
			</report>
			<report>
				<misses>1263001</misses>
				<total>14</total>
				<timestamp>328.052060</timestamp>
			</report>
			<report>
				<misses>1264001</misses>
				<total>14</total>
				<timestamp>328.311802</timestamp>
			</report>
			<report>
				<misses>1265001</misses>
				<total>14</total>
				<timestamp>328.571548</timestamp>
			</report>
			<report>
				<misses>1266001</misses>
				<total>14</total>
				<timestamp>328.831311</timestamp>
			</report>
			<report>
				<misses>1267001</misses>
				<total>14</total>
				<timestamp>329.091044</timestamp>
			</report>
			<report>
				<misses>1268001</misses>
				<total>14</total>
				<timestamp>329.350758</timestamp>
			</report>
			<report>
				<misses>1269001</misses>
				<total>14</total>
				<timestamp>329.610503</timestamp>
			</report>
			<report>
				<misses>1270001</misses>
				<total>14</total>
				<timestamp>329.870308</timestamp>
			</report>
			<report>
				<misses>1271001</misses>
				<total>14</total>
				<timestamp>330.129990</timestamp>
			</report>
			<report>
				<misses>1272001</misses>
				<total>14</total>
				<timestamp>330.389732</timestamp>
			</report>
			<report>
				<misses>1273001</misses>
				<total>14</total>
				<timestamp>330.649468</timestamp>
			</report>
			<report>
				<misses>1274001</misses>
				<total>14</total>
				<timestamp>330.909215</timestamp>
			</report>
			<report>
				<misses>1275001</misses>
				<total>14</total>
				<timestamp>331.168963</timestamp>
			</report>
			<report>
				<misses>1276001</misses>
				<total>14</total>
				<timestamp>331.428720</timestamp>
			</report>
			<report>
				<misses>1277001</misses>
				<total>14</total>
				<timestamp>331.688439</timestamp>
			</report>
			<report>
				<misses>1278001</misses>
				<total>14</total>
				<timestamp>331.948154</timestamp>
			</report>
			<report>
				<misses>1279001</misses>
				<total>14</total>
				<timestamp>332.207936</timestamp>
			</report>
			<report>
				<misses>1280001</misses>
				<total>14</total>
				<timestamp>332.467630</timestamp>
			</report>
			<report>
				<misses>1281001</misses>
				<total>14</total>
				<timestamp>332.727415</timestamp>
			</report>
			<report>
				<misses>1282001</misses>
				<total>14</total>
				<timestamp>332.987156</timestamp>
			</report>
			<report>
				<misses>1283001</misses>
				<total>14</total>
				<timestamp>333.246846</timestamp>
			</report>
			<report>
				<misses>1284001</misses>
				<total>14</total>
				<timestamp>333.506617</timestamp>
			</report>
			<report>
				<misses>1285001</misses>
				<total>14</total>
				<timestamp>333.766410</timestamp>
			</report>
			<report>
				<misses>1286001</misses>
				<total>14</total>
				<timestamp>334.026077</timestamp>
			</report>
			<report>
				<misses>1287001</misses>
				<total>14</total>
				<timestamp>334.285867</timestamp>
			</report>
			<report>
				<misses>1288001</misses>
				<total>14</total>
				<timestamp>334.545561</timestamp>
			</report>
			<report>
				<misses>1289001</misses>
				<total>14</total>
				<timestamp>334.805306</timestamp>
			</report>
			<report>
				<misses>1290001</misses>
				<total>14</total>
				<timestamp>335.065024</timestamp>
			</report>
			<report>
				<misses>1291001</misses>
				<total>14</total>
				<timestamp>335.324785</timestamp>
			</report>
			<report>
				<misses>1292001</misses>
				<total>14</total>
				<timestamp>335.584528</timestamp>
			</report>
			<report>
				<misses>1293001</misses>
				<total>14</total>
				<timestamp>335.844279</timestamp>
			</report>
			<report>
				<misses>1294001</misses>
				<total>14</total>
				<timestamp>336.104007</timestamp>
			</report>
			<report>
				<misses>1295001</misses>
				<total>14</total>
				<timestamp>336.363733</timestamp>
			</report>
			<report>
				<misses>1296001</misses>
				<total>14</total>
				<timestamp>336.623481</timestamp>
			</report>
			<report>
				<misses>1297001</misses>
				<total>14</total>
				<timestamp>336.883256</timestamp>
			</report>
			<report>
				<misses>1298001</misses>
				<total>14</total>
				<timestamp>337.142938</timestamp>
			</report>
			<report>
				<misses>1299001</misses>
				<total>14</total>
				<timestamp>337.402702</timestamp>
			</report>
			<report>
				<misses>1300001</misses>
				<total>14</total>
				<timestamp>337.662439</timestamp>
			</report>
			<report>
				<misses>1301001</misses>
				<total>14</total>
				<timestamp>337.922223</timestamp>
			</report>
			<report>
				<misses>1302001</misses>
				<total>14</total>
				<timestamp>338.181909</timestamp>
			</report>
			<report>
				<misses>1303001</misses>
				<total>14</total>
				<timestamp>338.441664</timestamp>
			</report>
			<report>
				<misses>1304001</misses>
				<total>14</total>
				<timestamp>338.701397</timestamp>
			</report>
			<report>
				<misses>1305001</misses>
				<total>14</total>
				<timestamp>338.961135</timestamp>
			</report>
			<report>
				<misses>1306001</misses>
				<total>14</total>
				<timestamp>339.220884</timestamp>
			</report>
			<report>
				<misses>1307001</misses>
				<total>14</total>
				<timestamp>339.480637</timestamp>
			</report>
			<report>
				<misses>1308001</misses>
				<total>14</total>
				<timestamp>339.740345</timestamp>
			</report>
			<report>
				<misses>1309001</misses>
				<total>14</total>
				<timestamp>340.000114</timestamp>
			</report>
			<report>
				<misses>1310001</misses>
				<total>14</total>
				<timestamp>340.259838</timestamp>
			</report>
			<report>
				<misses>1311001</misses>
				<total>14</total>
				<timestamp>340.519571</timestamp>
			</report>
			<report>
				<misses>1312001</misses>
				<total>14</total>
				<timestamp>340.779330</timestamp>
			</report>
			<report>
				<misses>1313001</misses>
				<total>14</total>
				<timestamp>341.039125</timestamp>
			</report>
			<report>
				<misses>1314001</misses>
				<total>14</total>
				<timestamp>341.298799</timestamp>
			</report>
			<report>
				<misses>1315001</misses>
				<total>14</total>
				<timestamp>341.558536</timestamp>
			</report>
			<report>
				<misses>1316001</misses>
				<total>14</total>
				<timestamp>341.818337</timestamp>
			</report>
			<report>
				<misses>1317001</misses>
				<total>14</total>
				<timestamp>342.078018</timestamp>
			</report>
			<report>
				<misses>1318001</misses>
				<total>14</total>
				<timestamp>342.337767</timestamp>
			</report>
			<report>
				<misses>1319001</misses>
				<total>14</total>
				<timestamp>342.597499</timestamp>
			</report>
			<report>
				<misses>1320001</misses>
				<total>14</total>
				<timestamp>342.857275</timestamp>
			</report>
			<report>
				<misses>1321001</misses>
				<total>14</total>
				<timestamp>343.116976</timestamp>
			</report>
			<report>
				<misses>1322001</misses>
				<total>14</total>
				<timestamp>343.376721</timestamp>
			</report>
			<report>
				<misses>1323001</misses>
				<total>14</total>
				<timestamp>343.636451</timestamp>
			</report>
			<report>
				<misses>1324001</misses>
				<total>14</total>
				<timestamp>343.896225</timestamp>
			</report>
			<report>
				<misses>1325001</misses>
				<total>14</total>
				<timestamp>344.155939</timestamp>
			</report>
			<report>
				<misses>1326001</misses>
				<total>14</total>
				<timestamp>344.415672</timestamp>
			</report>
			<report>
				<misses>1327001</misses>
				<total>14</total>
				<timestamp>344.675433</timestamp>
			</report>
			<report>
				<misses>1328001</misses>
				<total>14</total>
				<timestamp>344.935205</timestamp>
			</report>
			<report>
				<misses>1329001</misses>
				<total>14</total>
				<timestamp>345.194918</timestamp>
			</report>
			<report>
				<misses>1330001</misses>
				<total>14</total>
				<timestamp>345.454661</timestamp>
			</report>
			<report>
				<misses>1331001</misses>
				<total>14</total>
				<timestamp>345.714411</timestamp>
			</report>
			<report>
				<misses>1332001</misses>
				<total>14</total>
				<timestamp>345.974149</timestamp>
			</report>
			<report>
				<misses>1333001</misses>
				<total>14</total>
				<timestamp>346.233867</timestamp>
			</report>
			<report>
				<misses>1334001</misses>
				<total>14</total>
				<timestamp>346.493605</timestamp>
			</report>
			<report>
				<misses>1335001</misses>
				<total>14</total>
				<timestamp>346.753341</timestamp>
			</report>
			<report>
				<misses>1336001</misses>
				<total>14</total>
				<timestamp>347.013085</timestamp>
			</report>
			<report>
				<misses>1337001</misses>
				<total>14</total>
				<timestamp>347.272855</timestamp>
			</report>
			<report>
				<misses>1338001</misses>
				<total>14</total>
				<timestamp>347.532567</timestamp>
			</report>
			<report>
				<misses>1339001</misses>
				<total>14</total>
				<timestamp>347.792309</timestamp>
			</report>
			<report>
				<misses>1340001</misses>
				<total>14</total>
				<timestamp>348.052042</timestamp>
			</report>
			<report>
				<misses>1341001</misses>
				<total>14</total>
				<timestamp>348.311785</timestamp>
			</report>
			<report>
				<misses>1342001</misses>
				<total>14</total>
				<timestamp>348.571550</timestamp>
			</report>
			<report>
				<misses>1343001</misses>
				<total>14</total>
				<timestamp>348.831282</timestamp>
			</report>
			<report>
				<misses>1344001</misses>
				<total>14</total>
				<timestamp>349.091001</timestamp>
			</report>
			<report>
				<misses>1345001</misses>
				<total>14</total>
				<timestamp>349.350753</timestamp>
			</report>
			<report>
				<misses>1346001</misses>
				<total>14</total>
				<timestamp>349.610505</timestamp>
			</report>
			<report>
				<misses>1347001</misses>
				<total>14</total>
				<timestamp>349.870259</timestamp>
			</report>
			<report>
				<misses>1348001</misses>
				<total>14</total>
				<timestamp>350.129993</timestamp>
			</report>
			<report>
				<misses>1349001</misses>
				<total>14</total>
				<timestamp>350.389714</timestamp>
			</report>
			<report>
				<misses>1350001</misses>
				<total>14</total>
				<timestamp>350.649458</timestamp>
			</report>
			<report>
				<misses>1351001</misses>
				<total>14</total>
				<timestamp>350.909220</timestamp>
			</report>
			<report>
				<misses>1352001</misses>
				<total>14</total>
				<timestamp>351.168921</timestamp>
			</report>
			<report>
				<misses>1353001</misses>
				<total>14</total>
				<timestamp>351.428660</timestamp>
			</report>
			<report>
				<misses>1354001</misses>
				<total>14</total>
				<timestamp>351.688412</timestamp>
			</report>
			<report>
				<misses>1355001</misses>
				<total>14</total>
				<timestamp>351.948209</timestamp>
			</report>
			<report>
				<misses>1356001</misses>
				<total>14</total>
				<timestamp>352.207889</timestamp>
			</report>
			<report>
				<misses>1357001</misses>
				<total>14</total>
				<timestamp>352.467652</timestamp>
			</report>
			<report>
				<misses>1358001</misses>
				<total>14</total>
				<timestamp>352.727365</timestamp>
			</report>
			<report>
				<misses>1359001</misses>
				<total>14</total>
				<timestamp>352.987177</timestamp>
			</report>
			<report>
				<misses>1360001</misses>
				<total>14</total>
				<timestamp>353.246850</timestamp>
			</report>
			<report>
				<misses>1361001</misses>
				<total>14</total>
				<timestamp>353.506603</timestamp>
			</report>
			<report>
				<misses>1362001</misses>
				<total>14</total>
				<timestamp>353.766327</timestamp>
			</report>
			<report>
				<misses>1363001</misses>
				<total>14</total>
				<timestamp>354.026111</timestamp>
			</report>
			<report>
				<misses>1364001</misses>
				<total>14</total>
				<timestamp>354.285806</timestamp>
			</report>
			<report>
				<misses>1365001</misses>
				<total>14</total>
				<timestamp>354.545579</timestamp>
			</report>
			<report>
				<misses>1366001</misses>
				<total>14</total>
				<timestamp>354.805306</timestamp>
			</report>
			<report>
				<misses>1367001</misses>
				<total>14</total>
				<timestamp>355.065025</timestamp>
			</report>
			<report>
				<misses>1368001</misses>
				<total>14</total>
				<timestamp>355.324762</timestamp>
			</report>
			<report>
				<misses>1369001</misses>
				<total>13</total>
				<timestamp>355.584578</timestamp>
			</report>
			<report>
				<misses>1370001</misses>
				<total>14</total>
				<timestamp>355.844262</timestamp>
			</report>
			<report>
				<misses>1371001</misses>
				<total>14</total>
				<timestamp>356.103974</timestamp>
			</report>
			<report>
				<misses>1372001</misses>
				<total>14</total>
				<timestamp>356.363720</timestamp>
			</report>
			<report>
				<misses>1373001</misses>
				<total>14</total>
				<timestamp>356.623451</timestamp>
			</report>
			<report>
				<misses>1374001</misses>
				<total>14</total>
				<timestamp>356.883209</timestamp>
			</report>
			<report>
				<misses>1375001</misses>
				<total>14</total>
				<timestamp>357.142949</timestamp>
			</report>
			<report>
				<misses>1376001</misses>
				<total>14</total>
				<timestamp>357.402693</timestamp>
			</report>
			<report>
				<misses>1377001</misses>
				<total>14</total>
				<timestamp>357.662433</timestamp>
			</report>
			<report>
				<misses>1378001</misses>
				<total>14</total>
				<timestamp>357.922176</timestamp>
			</report>
			<report>
				<misses>1379001</misses>
				<total>14</total>
				<timestamp>358.181917</timestamp>
			</report>
			<report>
				<misses>1380001</misses>
				<total>14</total>
				<timestamp>358.441650</timestamp>
			</report>
			<report>
				<misses>1381001</misses>
				<total>14</total>
				<timestamp>358.701422</timestamp>
			</report>
			<report>
				<misses>1382001</misses>
				<total>14</total>
				<timestamp>358.961152</timestamp>
			</report>
			<report>
				<misses>1383001</misses>
				<total>14</total>
				<timestamp>359.220869</timestamp>
			</report>
			<report>
				<misses>1384001</misses>
				<total>14</total>
				<timestamp>359.480604</timestamp>
			</report>
			<report>
				<misses>1385001</misses>
				<total>14</total>
				<timestamp>359.740339</timestamp>
			</report>
			<report>
				<misses>1386001</misses>
				<total>14</total>
				<timestamp>360.000119</timestamp>
			</report>
			<report>
				<misses>1387001</misses>
				<total>14</total>
				<timestamp>360.259866</timestamp>
			</report>
			<report>
				<misses>1388001</misses>
				<total>14</total>
				<timestamp>360.519598</timestamp>
			</report>
			<report>
				<misses>1389001</misses>
				<total>14</total>
				<timestamp>360.779308</timestamp>
			</report>
			<report>
				<misses>1390001</misses>
				<total>14</total>
				<timestamp>361.039059</timestamp>
			</report>
			<report>
				<misses>1391001</misses>
				<total>14</total>
				<timestamp>361.298782</timestamp>
			</report>
			<report>
				<misses>1392001</misses>
				<total>14</total>
				<timestamp>361.558527</timestamp>
			</report>
			<report>
				<misses>1393001</misses>
				<total>14</total>
				<timestamp>361.818269</timestamp>
			</report>
			<report>
				<misses>1394001</misses>
				<total>14</total>
				<timestamp>362.078080</timestamp>
			</report>
			<report>
				<misses>1395001</misses>
				<total>14</total>
				<timestamp>362.337742</timestamp>
			</report>
			<report>
				<misses>1396001</misses>
				<total>14</total>
				<timestamp>362.597482</timestamp>
			</report>
			<report>
				<misses>1397001</misses>
				<total>14</total>
				<timestamp>362.857221</timestamp>
			</report>
			<report>
				<misses>1398001</misses>
				<total>14</total>
				<timestamp>363.117007</timestamp>
			</report>
			<report>
				<misses>1399001</misses>
				<total>14</total>
				<timestamp>363.376689</timestamp>
			</report>
			<report>
				<misses>1400001</misses>
				<total>14</total>
				<timestamp>363.636462</timestamp>
			</report>
			<report>
				<misses>1401001</misses>
				<total>14</total>
				<timestamp>363.896179</timestamp>
			</report>
			<report>
				<misses>1402001</misses>
				<total>14</total>
				<timestamp>364.155923</timestamp>
			</report>
			<report>
				<misses>1403001</misses>
				<total>14</total>
				<timestamp>364.415674</timestamp>
			</report>
			<report>
				<misses>1404001</misses>
				<total>14</total>
				<timestamp>364.675400</timestamp>
			</report>
			<report>
				<misses>1405001</misses>
				<total>14</total>
				<timestamp>364.935148</timestamp>
			</report>
			<report>
				<misses>1406001</misses>
				<total>14</total>
				<timestamp>365.194872</timestamp>
			</report>
			<report>
				<misses>1407001</misses>
				<total>14</total>
				<timestamp>365.454602</timestamp>
			</report>
			<report>
				<misses>1408001</misses>
				<total>14</total>
				<timestamp>365.714367</timestamp>
			</report>
			<report>
				<misses>1409001</misses>
				<total>14</total>
				<timestamp>365.974129</timestamp>
			</report>
			<report>
				<misses>1410001</misses>
				<total>14</total>
				<timestamp>366.233835</timestamp>
			</report>
			<report>
				<misses>1411001</misses>
				<total>14</total>
				<timestamp>366.493569</timestamp>
			</report>
			<report>
				<misses>1412001</misses>
				<total>14</total>
				<timestamp>366.753321</timestamp>
			</report>
			<report>
				<misses>1413001</misses>
				<total>14</total>
				<timestamp>367.013060</timestamp>
			</report>
			<report>
				<misses>1414001</misses>
				<total>14</total>
				<timestamp>367.272792</timestamp>
			</report>
			<report>
				<misses>1415001</misses>
				<total>14</total>
				<timestamp>367.532542</timestamp>
			</report>
			<report>
				<misses>1416001</misses>
				<total>14</total>
				<timestamp>367.792268</timestamp>
			</report>
			<report>
				<misses>1417001</misses>
				<total>14</total>
				<timestamp>368.052016</timestamp>
			</report>
			<report>
				<misses>1418001</misses>
				<total>14</total>
				<timestamp>368.311762</timestamp>
			</report>
			<report>
				<misses>1419001</misses>
				<total>14</total>
				<timestamp>368.571538</timestamp>
			</report>
			<report>
				<misses>1420001</misses>
				<total>15</total>
				<timestamp>368.831253</timestamp>
			</report>
			<report>
				<misses>1421001</misses>
				<total>15</total>
				<timestamp>369.090994</timestamp>
			</report>
			<report>
				<misses>1422001</misses>
				<total>15</total>
				<timestamp>369.350737</timestamp>
			</report>
			<report>
				<misses>1423001</misses>
				<total>15</total>
				<timestamp>369.610472</timestamp>
			</report>
			<report>
				<misses>1424001</misses>
				<total>15</total>
				<timestamp>369.870195</timestamp>
			</report>
			<report>
				<misses>1425001</misses>
				<total>15</total>
				<timestamp>370.129951</timestamp>
			</report>
			<report>
				<misses>1426001</misses>
				<total>15</total>
				<timestamp>370.389667</timestamp>
			</report>
			<report>
				<misses>1427001</misses>
				<total>15</total>
				<timestamp>370.649422</timestamp>
			</report>
			<report>
				<misses>1428001</misses>
				<total>15</total>
				<timestamp>370.909220</timestamp>
			</report>
			<report>
				<misses>1429001</misses>
				<total>15</total>
				<timestamp>371.168922</timestamp>
			</report>
			<report>
				<misses>1430001</misses>
				<total>15</total>
				<timestamp>371.428650</timestamp>
			</report>
			<report>
				<misses>1431001</misses>
				<total>15</total>
				<timestamp>371.688409</timestamp>
			</report>
			<report>
				<misses>1432001</misses>
				<total>15</total>
				<timestamp>371.948152</timestamp>
			</report>
			<report>
				<misses>1433001</misses>
				<total>15</total>
				<timestamp>372.207857</timestamp>
			</report>
			<report>
				<misses>1434001</misses>
				<total>15</total>
				<timestamp>372.467594</timestamp>
			</report>
			<report>
				<misses>1435001</misses>
				<total>15</total>
				<timestamp>372.727340</timestamp>
			</report>
			<report>
				<misses>1436001</misses>
				<total>15</total>
				<timestamp>372.987155</timestamp>
			</report>
			<report>
				<misses>1437001</misses>
				<total>15</total>
				<timestamp>373.246838</timestamp>
			</report>
			<report>
				<misses>1438001</misses>
				<total>15</total>
				<timestamp>373.506599</timestamp>
			</report>
			<report>
				<misses>1439001</misses>
				<total>15</total>
				<timestamp>373.766300</timestamp>
			</report>
			<report>
				<misses>1440001</misses>
				<total>15</total>
				<timestamp>374.026041</timestamp>
			</report>
			<report>
				<misses>1441001</misses>
				<total>15</total>
				<timestamp>374.285784</timestamp>
			</report>
			<report>
				<misses>1442001</misses>
				<total>15</total>
				<timestamp>374.545523</timestamp>
			</report>
			<report>
				<misses>1443001</misses>
				<total>15</total>
				<timestamp>374.805260</timestamp>
			</report>
			<report>
				<misses>1444001</misses>
				<total>15</total>
				<timestamp>375.065027</timestamp>
			</report>
			<report>
				<misses>1445001</misses>
				<total>15</total>
				<timestamp>375.324742</timestamp>
			</report>
			<report>
				<misses>1446001</misses>
				<total>15</total>
				<timestamp>375.584477</timestamp>
			</report>
			<report>
				<misses>1447001</misses>
				<total>15</total>
				<timestamp>375.844218</timestamp>
			</report>
			<report>
				<misses>1448001</misses>
				<total>15</total>
				<timestamp>376.103977</timestamp>
			</report>
			<report>
				<misses>1449001</misses>
				<total>15</total>
				<timestamp>376.363711</timestamp>
			</report>
			<report>
				<misses>1450001</misses>
				<total>15</total>
				<timestamp>376.623465</timestamp>
			</report>
			<report>
				<misses>1451001</misses>
				<total>15</total>
				<timestamp>376.883174</timestamp>
			</report>
			<report>
				<misses>1452001</misses>
				<total>15</total>
				<timestamp>377.142921</timestamp>
			</report>
			<report>
				<misses>1453001</misses>
				<total>15</total>
				<timestamp>377.402708</timestamp>
			</report>
			<report>
				<misses>1454001</misses>
				<total>15</total>
				<timestamp>377.662396</timestamp>
			</report>
			<report>
				<misses>1455001</misses>
				<total>15</total>
				<timestamp>377.922180</timestamp>
			</report>
			<report>
				<misses>1456001</misses>
				<total>15</total>
				<timestamp>378.181894</timestamp>
			</report>
			<report>
				<misses>1457001</misses>
				<total>15</total>
				<timestamp>378.441621</timestamp>
			</report>
			<report>
				<misses>1458001</misses>
				<total>15</total>
				<timestamp>378.701372</timestamp>
			</report>
			<report>
				<misses>1459001</misses>
				<total>15</total>
				<timestamp>378.961120</timestamp>
			</report>
			<report>
				<misses>1460001</misses>
				<total>15</total>
				<timestamp>379.220856</timestamp>
			</report>
			<report>
				<misses>1461001</misses>
				<total>15</total>
				<timestamp>379.480598</timestamp>
			</report>
			<report>
				<misses>1462001</misses>
				<total>15</total>
				<timestamp>379.740328</timestamp>
			</report>
			<report>
				<misses>1463001</misses>
				<total>15</total>
				<timestamp>380.000095</timestamp>
			</report>
			<report>
				<misses>1464001</misses>
				<total>15</total>
				<timestamp>380.259807</timestamp>
			</report>
			<report>
				<misses>1465001</misses>
				<total>15</total>
				<timestamp>380.519535</timestamp>
			</report>
			<report>
				<misses>1466001</misses>
				<total>15</total>
				<timestamp>380.779265</timestamp>
			</report>
			<report>
				<misses>1467001</misses>
				<total>15</total>
				<timestamp>381.039036</timestamp>
			</report>
			<report>
				<misses>1468001</misses>
				<total>15</total>
				<timestamp>381.298752</timestamp>
			</report>
			<report>
				<misses>1469001</misses>
				<total>15</total>
				<timestamp>381.558492</timestamp>
			</report>
			<report>
				<misses>1470001</misses>
				<total>15</total>
				<timestamp>381.818255</timestamp>
			</report>
			<report>
				<misses>1471001</misses>
				<total>15</total>
				<timestamp>382.078011</timestamp>
			</report>
			<report>
				<misses>1472001</misses>
				<total>15</total>
				<timestamp>382.337729</timestamp>
			</report>
			<report>
				<misses>1473001</misses>
				<total>15</total>
				<timestamp>382.597469</timestamp>
			</report>
			<report>
				<misses>1474001</misses>
				<total>15</total>
				<timestamp>382.857207</timestamp>
			</report>
			<report>
				<misses>1475001</misses>
				<total>15</total>
				<timestamp>383.116958</timestamp>
			</report>
			<report>
				<misses>1476001</misses>
				<total>15</total>
				<timestamp>383.376675</timestamp>
			</report>
			<report>
				<misses>1477001</misses>
				<total>15</total>
				<timestamp>383.636425</timestamp>
			</report>
			<report>
				<misses>1478001</misses>
				<total>15</total>
				<timestamp>383.896174</timestamp>
			</report>
			<report>
				<misses>1479001</misses>
				<total>15</total>
				<timestamp>384.155896</timestamp>
			</report>
			<report>
				<misses>1480001</misses>
				<total>15</total>
				<timestamp>384.415634</timestamp>
			</report>
			<report>
				<misses>1481001</misses>
				<total>15</total>
				<timestamp>384.675405</timestamp>
			</report>
			<report>
				<misses>1482001</misses>
				<total>15</total>
				<timestamp>384.935128</timestamp>
			</report>
			<report>
				<misses>1483001</misses>
				<total>15</total>
				<timestamp>385.194857</timestamp>
			</report>
			<report>
				<misses>1484001</misses>
				<total>15</total>
				<timestamp>385.454611</timestamp>
			</report>
			<report>
				<misses>1485001</misses>
				<total>15</total>
				<timestamp>385.714341</timestamp>
			</report>
			<report>
				<misses>1486001</misses>
				<total>15</total>
				<timestamp>385.974142</timestamp>
			</report>
			<report>
				<misses>1487001</misses>
				<total>15</total>
				<timestamp>386.233839</timestamp>
			</report>
			<report>
				<misses>1488001</misses>
				<total>15</total>
				<timestamp>386.493567</timestamp>
			</report>
			<report>
				<misses>1489001</misses>
				<total>15</total>
				<timestamp>386.753295</timestamp>
			</report>
			<report>
				<misses>1490001</misses>
				<total>15</total>
				<timestamp>387.013106</timestamp>
			</report>
			<report>
				<misses>1491001</misses>
				<total>15</total>
				<timestamp>387.272771</timestamp>
			</report>
			<report>
				<misses>1492001</misses>
				<total>15</total>
				<timestamp>387.532547</timestamp>
			</report>
			<report>
				<misses>1493001</misses>
				<total>15</total>
				<timestamp>387.792254</timestamp>
			</report>
			<report>
				<misses>1494001</misses>
				<total>15</total>
				<timestamp>388.052015</timestamp>
			</report>
			<report>
				<misses>1495001</misses>
				<total>15</total>
				<timestamp>388.311747</timestamp>
			</report>
			<report>
				<misses>1496001</misses>
				<total>15</total>
				<timestamp>388.571498</timestamp>
			</report>
			<report>
				<misses>1497001</misses>
				<total>15</total>
				<timestamp>388.831231</timestamp>
			</report>
			<report>
				<misses>1498001</misses>
				<total>15</total>
				<timestamp>389.090996</timestamp>
			</report>
			<report>
				<misses>1499001</misses>
				<total>15</total>
				<timestamp>389.350706</timestamp>
			</report>
			<report>
				<misses>1500001</misses>
				<total>15</total>
				<timestamp>389.610457</timestamp>
			</report>
			<report>
				<misses>1501001</misses>
				<total>15</total>
				<timestamp>389.870196</timestamp>
			</report>
			<report>
				<misses>1502001</misses>
				<total>15</total>
				<timestamp>390.129979</timestamp>
			</report>
			<report>
				<misses>1503001</misses>
				<total>15</total>
				<timestamp>390.389659</timestamp>
			</report>
			<report>
				<misses>1504001</misses>
				<total>15</total>
				<timestamp>390.649391</timestamp>
			</report>
			<report>
				<misses>1505001</misses>
				<total>15</total>
				<timestamp>390.909150</timestamp>
			</report>
			<report>
				<misses>1506001</misses>
				<total>15</total>
				<timestamp>391.168927</timestamp>
			</report>
			<report>
				<misses>1507001</misses>
				<total>15</total>
				<timestamp>391.428650</timestamp>
			</report>
			<report>
				<misses>1508001</misses>
				<total>15</total>
				<timestamp>391.688353</timestamp>
			</report>
			<report>
				<misses>1509001</misses>
				<total>15</total>
				<timestamp>391.948142</timestamp>
			</report>
			<report>
				<misses>1510001</misses>
				<total>15</total>
				<timestamp>392.207863</timestamp>
			</report>
			<report>
				<misses>1511001</misses>
				<total>15</total>
				<timestamp>392.467566</timestamp>
			</report>
			<report>
				<misses>1512001</misses>
				<total>15</total>
				<timestamp>392.727320</timestamp>
			</report>
			<report>
				<misses>1513001</misses>
				<total>15</total>
				<timestamp>392.987053</timestamp>
			</report>
			<report>
				<misses>1514001</misses>
				<total>14</total>
				<timestamp>393.246955</timestamp>
			</report>
			<report>
				<misses>1515001</misses>
				<total>15</total>
				<timestamp>393.506538</timestamp>
			</report>
			<report>
				<misses>1516001</misses>
				<total>15</total>
				<timestamp>393.766277</timestamp>
			</report>
			<report>
				<misses>1517001</misses>
				<total>15</total>
				<timestamp>394.026068</timestamp>
			</report>
			<report>
				<misses>1518001</misses>
				<total>15</total>
				<timestamp>394.285756</timestamp>
			</report>
			<report>
				<misses>1519001</misses>
				<total>15</total>
				<timestamp>394.545480</timestamp>
			</report>
			<report>
				<misses>1520001</misses>
				<total>15</total>
				<timestamp>394.805226</timestamp>
			</report>
			<report>
				<misses>1521001</misses>
				<total>15</total>
				<timestamp>395.065033</timestamp>
			</report>
			<report>
				<misses>1522001</misses>
				<total>15</total>
				<timestamp>395.324743</timestamp>
			</report>
			<report>
				<misses>1523001</misses>
				<total>15</total>
				<timestamp>395.584484</timestamp>
			</report>
			<report>
				<misses>1524001</misses>
				<total>15</total>
				<timestamp>395.844210</timestamp>
			</report>
			<report>
				<misses>1525001</misses>
				<total>15</total>
				<timestamp>396.103943</timestamp>
			</report>
			<report>
				<misses>1526001</misses>
				<total>15</total>
				<timestamp>396.363689</timestamp>
			</report>
			<report>
				<misses>1527001</misses>
				<total>15</total>
				<timestamp>396.623429</timestamp>
			</report>
			<report>
				<misses>1528001</misses>
				<total>15</total>
				<timestamp>396.883146</timestamp>
			</report>
			<report>
				<misses>1529001</misses>
				<total>15</total>
				<timestamp>397.142920</timestamp>
			</report>
			<report>
				<misses>1530001</misses>
				<total>15</total>
				<timestamp>397.402645</timestamp>
			</report>
			<report>
				<misses>1531001</misses>
				<total>15</total>
				<timestamp>397.662388</timestamp>
			</report>
			<report>
				<misses>1532001</misses>
				<total>15</total>
				<timestamp>397.922115</timestamp>
			</report>
			<report>
				<misses>1533001</misses>
				<total>15</total>
				<timestamp>398.181875</timestamp>
			</report>
			<report>
				<misses>1534001</misses>
				<total>15</total>
				<timestamp>398.441583</timestamp>
			</report>
			<report>
				<misses>1535001</misses>
				<total>15</total>
				<timestamp>398.701351</timestamp>
			</report>
			<report>
				<misses>1536001</misses>
				<total>15</total>
				<timestamp>398.961097</timestamp>
			</report>
			<report>
				<misses>1537001</misses>
				<total>15</total>
				<timestamp>399.220899</timestamp>
			</report>
			<report>
				<misses>1538001</misses>
				<total>15</total>
				<timestamp>399.480562</timestamp>
			</report>
			<report>
				<misses>1539001</misses>
				<total>15</total>
				<timestamp>399.740309</timestamp>
			</report>
			<report>
				<misses>1540001</misses>
				<total>15</total>
				<timestamp>400.000075</timestamp>
			</report>
			<report>
				<misses>1541001</misses>
				<total>15</total>
				<timestamp>400.259808</timestamp>
			</report>
			<report>
				<misses>1542001</misses>
				<total>15</total>
				<timestamp>400.519508</timestamp>
			</report>
			<report>
				<misses>1543001</misses>
				<total>15</total>
				<timestamp>400.779236</timestamp>
			</report>
			<report>
				<misses>1544001</misses>
				<total>15</total>
				<timestamp>401.038997</timestamp>
			</report>
			<report>
				<misses>1545001</misses>
				<total>15</total>
				<timestamp>401.298735</timestamp>
			</report>
			<report>
				<misses>1546001</misses>
				<total>15</total>
				<timestamp>401.558483</timestamp>
			</report>
			<report>
				<misses>1547001</misses>
				<total>15</total>
				<timestamp>401.818214</timestamp>
			</report>
			<report>
				<misses>1548001</misses>
				<total>15</total>
				<timestamp>402.077961</timestamp>
			</report>
			<report>
				<misses>1549001</misses>
				<total>17</total>
				<timestamp>402.337716</timestamp>
			</report>
			<report>
				<misses>1550001</misses>
				<total>17</total>
				<timestamp>402.597443</timestamp>
			</report>
			<report>
				<misses>1551001</misses>
				<total>17</total>
				<timestamp>402.857202</timestamp>
			</report>
			<report>
				<misses>1552001</misses>
				<total>17</total>
				<timestamp>403.116939</timestamp>
			</report>
			<report>
				<misses>1553001</misses>
				<total>17</total>
				<timestamp>403.376659</timestamp>
			</report>
			<report>
				<misses>1554001</misses>
				<total>17</total>
				<timestamp>403.636391</timestamp>
			</report>
			<report>
				<misses>1555001</misses>
				<total>17</total>
				<timestamp>403.896126</timestamp>
			</report>
			<report>
				<misses>1556001</misses>
				<total>17</total>
				<timestamp>404.155904</timestamp>
			</report>
			<report>
				<misses>1557001</misses>
				<total>17</total>
				<timestamp>404.415624</timestamp>
			</report>
			<report>
				<misses>1558001</misses>
				<total>17</total>
				<timestamp>404.675391</timestamp>
			</report>
			<report>
				<misses>1559001</misses>
				<total>17</total>
				<timestamp>404.935155</timestamp>
			</report>
			<report>
				<misses>1560001</misses>
				<total>17</total>
				<timestamp>405.194841</timestamp>
			</report>
			<report>
				<misses>1561001</misses>
				<total>17</total>
				<timestamp>405.454592</timestamp>
			</report>
			<report>
				<misses>1562001</misses>
				<total>17</total>
				<timestamp>405.714328</timestamp>
			</report>
			<report>
				<misses>1563001</misses>
				<total>17</total>
				<timestamp>405.974066</timestamp>
			</report>
			<report>
				<misses>1564001</misses>
				<total>17</total>
				<timestamp>406.233817</timestamp>
			</report>
			<report>
				<misses>1565001</misses>
				<total>17</total>
				<timestamp>406.493531</timestamp>
			</report>
			<report>
				<misses>1566001</misses>
				<total>17</total>
				<timestamp>406.753317</timestamp>
			</report>
			<report>
				<misses>1567001</misses>
				<total>17</total>
				<timestamp>407.013024</timestamp>
			</report>
			<report>
				<misses>1568001</misses>
				<total>17</total>
				<timestamp>407.272777</timestamp>
			</report>
			<report>
				<misses>1569001</misses>
				<total>17</total>
				<timestamp>407.532503</timestamp>
			</report>
			<report>
				<misses>1570001</misses>
				<total>17</total>
				<timestamp>407.792301</timestamp>
			</report>
			<report>
				<misses>1571001</misses>
				<total>17</total>
				<timestamp>408.051966</timestamp>
			</report>
			<report>
				<misses>1572001</misses>
				<total>17</total>
				<timestamp>408.311766</timestamp>
			</report>
			<report>
				<misses>1573001</misses>
				<total>17</total>
				<timestamp>408.571474</timestamp>
			</report>
			<report>
				<misses>1574001</misses>
				<total>17</total>
				<timestamp>408.831230</timestamp>
			</report>
			<report>
				<misses>1575001</misses>
				<total>17</total>
				<timestamp>409.090970</timestamp>
			</report>
			<report>
				<misses>1576001</misses>
				<total>17</total>
				<timestamp>409.350680</timestamp>
			</report>
			<report>
				<misses>1577001</misses>
				<total>17</total>
				<timestamp>409.610436</timestamp>
			</report>
			<report>
				<misses>1578001</misses>
				<total>17</total>
				<timestamp>409.870186</timestamp>
			</report>
			<report>
				<misses>1579001</misses>
				<total>17</total>
				<timestamp>410.129924</timestamp>
			</report>
			<report>
				<misses>1580001</misses>
				<total>17</total>
				<timestamp>410.389666</timestamp>
			</report>
			<report>
				<misses>1581001</misses>
				<total>17</total>
				<timestamp>410.649410</timestamp>
			</report>
			<report>
				<misses>1582001</misses>
				<total>17</total>
				<timestamp>410.909130</timestamp>
			</report>
			<report>
				<misses>1583001</misses>
				<total>17</total>
				<timestamp>411.168861</timestamp>
			</report>
			<report>
				<misses>1584001</misses>
				<total>17</total>
				<timestamp>411.428583</timestamp>
			</report>
			<report>
				<misses>1585001</misses>
				<total>17</total>
				<timestamp>411.688322</timestamp>
			</report>
			<report>
				<misses>1586001</misses>
				<total>17</total>
				<timestamp>411.948094</timestamp>
			</report>
			<report>
				<misses>1587001</misses>
				<total>17</total>
				<timestamp>412.207807</timestamp>
			</report>
			<report>
				<misses>1588001</misses>
				<total>17</total>
				<timestamp>412.467551</timestamp>
			</report>
			<report>
				<misses>1589001</misses>
				<total>17</total>
				<timestamp>412.727305</timestamp>
			</report>
			<report>
				<misses>1590001</misses>
				<total>17</total>
				<timestamp>412.987041</timestamp>
			</report>
			<report>
				<misses>1591001</misses>
				<total>17</total>
				<timestamp>413.246792</timestamp>
			</report>
			<report>
				<misses>1592001</misses>
				<total>17</total>
				<timestamp>413.506512</timestamp>
			</report>
			<report>
				<misses>1593001</misses>
				<total>17</total>
				<timestamp>413.766298</timestamp>
			</report>
			<report>
				<misses>1594001</misses>
				<total>17</total>
				<timestamp>414.025980</timestamp>
			</report>
			<report>
				<misses>1595001</misses>
				<total>17</total>
				<timestamp>414.285806</timestamp>
			</report>
			<report>
				<misses>1596001</misses>
				<total>17</total>
				<timestamp>414.545463</timestamp>
			</report>
			<report>
				<misses>1597001</misses>
				<total>17</total>
				<timestamp>414.805267</timestamp>
			</report>
			<report>
				<misses>1598001</misses>
				<total>17</total>
				<timestamp>415.064954</timestamp>
			</report>
			<report>
				<misses>1599001</misses>
				<total>17</total>
				<timestamp>415.324761</timestamp>
			</report>
			<report>
				<misses>1600001</misses>
				<total>17</total>
				<timestamp>415.584435</timestamp>
			</report>
			<report>
				<misses>1601001</misses>
				<total>17</total>
				<timestamp>415.844185</timestamp>
			</report>
			<report>
				<misses>1602001</misses>
				<total>17</total>
				<timestamp>416.103921</timestamp>
			</report>
			<report>
				<misses>1603001</misses>
				<total>17</total>
				<timestamp>416.363672</timestamp>
			</report>
			<report>
				<misses>1604001</misses>
				<total>17</total>
				<timestamp>416.623403</timestamp>
			</report>
			<report>
				<misses>1605001</misses>
				<total>17</total>
				<timestamp>416.883159</timestamp>
			</report>
			<report>
				<misses>1606001</misses>
				<total>17</total>
				<timestamp>417.142876</timestamp>
			</report>
			<report>
				<misses>1607001</misses>
				<total>17</total>
				<timestamp>417.402630</timestamp>
			</report>
			<report>
				<misses>1608001</misses>
				<total>17</total>
				<timestamp>417.662404</timestamp>
			</report>
			<report>
				<misses>1609001</misses>
				<total>17</total>
				<timestamp>417.922116</timestamp>
			</report>
			<report>
				<misses>1610001</misses>
				<total>17</total>
				<timestamp>418.181845</timestamp>
			</report>
			<report>
				<misses>1611001</misses>
				<total>17</total>
				<timestamp>418.441602</timestamp>
			</report>
			<report>
				<misses>1612001</misses>
				<total>17</total>
				<timestamp>418.701337</timestamp>
			</report>
			<report>
				<misses>1613001</misses>
				<total>17</total>
				<timestamp>418.961074</timestamp>
			</report>
			<report>
				<misses>1614001</misses>
				<total>17</total>
				<timestamp>419.220851</timestamp>
			</report>
			<report>
				<misses>1615001</misses>
				<total>17</total>
				<timestamp>419.480542</timestamp>
			</report>
			<report>
				<misses>1616001</misses>
				<total>17</total>
				<timestamp>419.740274</timestamp>
			</report>
			<report>
				<misses>1617001</misses>
				<total>17</total>
				<timestamp>420.000030</timestamp>
			</report>
			<report>
				<misses>1618001</misses>
				<total>17</total>
				<timestamp>420.259793</timestamp>
			</report>
			<report>
				<misses>1619001</misses>
				<total>17</total>
				<timestamp>420.519489</timestamp>
			</report>
			<report>
				<misses>1620001</misses>
				<total>17</total>
				<timestamp>420.779240</timestamp>
			</report>
			<report>
				<misses>1621001</misses>
				<total>17</total>
				<timestamp>421.038967</timestamp>
			</report>
			<report>
				<misses>1622001</misses>
				<total>17</total>
				<timestamp>421.298749</timestamp>
			</report>
			<report>
				<misses>1623001</misses>
				<total>17</total>
				<timestamp>421.558445</timestamp>
			</report>
			<report>
				<misses>1624001</misses>
				<total>17</total>
				<timestamp>421.818187</timestamp>
			</report>
			<report>
				<misses>1625001</misses>
				<total>17</total>
				<timestamp>422.077940</timestamp>
			</report>
			<report>
				<misses>1626001</misses>
				<total>17</total>
				<timestamp>422.337694</timestamp>
			</report>
			<report>
				<misses>1627001</misses>
				<total>17</total>
				<timestamp>422.597404</timestamp>
			</report>
			<report>
				<misses>1628001</misses>
				<total>17</total>
				<timestamp>422.857176</timestamp>
			</report>
			<report>
				<misses>1629001</misses>
				<total>17</total>
				<timestamp>423.116931</timestamp>
			</report>
			<report>
				<misses>1630001</misses>
				<total>17</total>
				<timestamp>423.376643</timestamp>
			</report>
			<report>
				<misses>1631001</misses>
				<total>17</total>
				<timestamp>423.636387</timestamp>
			</report>
			<report>
				<misses>1632001</misses>
				<total>17</total>
				<timestamp>423.896123</timestamp>
			</report>
			<report>
				<misses>1633001</misses>
				<total>17</total>
				<timestamp>424.155860</timestamp>
			</report>
			<report>
				<misses>1634001</misses>
				<total>17</total>
				<timestamp>424.415627</timestamp>
			</report>
			<report>
				<misses>1635001</misses>
				<total>17</total>
				<timestamp>424.675365</timestamp>
			</report>
			<report>
				<misses>1636001</misses>
				<total>17</total>
				<timestamp>424.935096</timestamp>
			</report>
			<report>
				<misses>1637001</misses>
				<total>17</total>
				<timestamp>425.194842</timestamp>
			</report>
			<report>
				<misses>1638001</misses>
				<total>17</total>
				<timestamp>425.454550</timestamp>
			</report>
			<report>
				<misses>1639001</misses>
				<total>17</total>
				<timestamp>425.714307</timestamp>
			</report>
			<report>
				<misses>1640001</misses>
				<total>17</total>
				<timestamp>425.974103</timestamp>
			</report>
			<report>
				<misses>1641001</misses>
				<total>17</total>
				<timestamp>426.233817</timestamp>
			</report>
			<report>
				<misses>1642001</misses>
				<total>17</total>
				<timestamp>426.493527</timestamp>
			</report>
			<report>
				<misses>1643001</misses>
				<total>17</total>
				<timestamp>426.753267</timestamp>
			</report>
			<report>
				<misses>1644001</misses>
				<total>17</total>
				<timestamp>427.013019</timestamp>
			</report>
			<report>
				<misses>1645001</misses>
				<total>17</total>
				<timestamp>427.272743</timestamp>
			</report>
			<report>
				<misses>1646001</misses>
				<total>17</total>
				<timestamp>427.532480</timestamp>
			</report>
			<report>
				<misses>1647001</misses>
				<total>17</total>
				<timestamp>427.792246</timestamp>
			</report>
			<report>
				<misses>1648001</misses>
				<total>17</total>
				<timestamp>428.051964</timestamp>
			</report>
			<report>
				<misses>1649001</misses>
				<total>17</total>
				<timestamp>428.311724</timestamp>
			</report>
			<report>
				<misses>1650001</misses>
				<total>17</total>
				<timestamp>428.571426</timestamp>
			</report>
			<report>
				<misses>1651001</misses>
				<total>17</total>
				<timestamp>428.831213</timestamp>
			</report>
			<report>
				<misses>1652001</misses>
				<total>17</total>
				<timestamp>429.090953</timestamp>
			</report>
			<report>
				<misses>1653001</misses>
				<total>17</total>
				<timestamp>429.350689</timestamp>
			</report>
			<report>
				<misses>1654001</misses>
				<total>17</total>
				<timestamp>429.610402</timestamp>
			</report>
			<report>
				<misses>1655001</misses>
				<total>17</total>
				<timestamp>429.870163</timestamp>
			</report>
			<report>
				<misses>1656001</misses>
				<total>17</total>
				<timestamp>430.129876</timestamp>
			</report>
			<report>
				<misses>1657001</misses>
				<total>17</total>
				<timestamp>430.389648</timestamp>
			</report>
			<report>
				<misses>1658001</misses>
				<total>17</total>
				<timestamp>430.649364</timestamp>
			</report>
			<report>
				<misses>1659001</misses>
				<total>17</total>
				<timestamp>430.909124</timestamp>
			</report>
			<report>
				<misses>1660001</misses>
				<total>17</total>
				<timestamp>431.168836</timestamp>
			</report>
			<report>
				<misses>1661001</misses>
				<total>17</total>
				<timestamp>431.428703</timestamp>
			</report>
			<report>
				<misses>1662001</misses>
				<total>17</total>
				<timestamp>431.688351</timestamp>
			</report>
			<report>
				<misses>1663001</misses>
				<total>17</total>
				<timestamp>431.948062</timestamp>
			</report>
			<report>
				<misses>1664001</misses>
				<total>17</total>
				<timestamp>432.207804</timestamp>
			</report>
			<report>
				<misses>1665001</misses>
				<total>19</total>
				<timestamp>432.467540</timestamp>
			</report>
			<report>
				<misses>1666001</misses>
				<total>19</total>
				<timestamp>432.727312</timestamp>
			</report>
			<report>
				<misses>1667001</misses>
				<total>19</total>
				<timestamp>432.987027</timestamp>
			</report>
			<report>
				<misses>1668001</misses>
				<total>19</total>
				<timestamp>433.246804</timestamp>
			</report>
			<report>
				<misses>1669001</misses>
				<total>19</total>
				<timestamp>433.506541</timestamp>
			</report>
			<report>
				<misses>1670001</misses>
				<total>19</total>
				<timestamp>433.766255</timestamp>
			</report>
			<report>
				<misses>1671001</misses>
				<total>19</total>
				<timestamp>434.025982</timestamp>
			</report>
			<report>
				<misses>1672001</misses>
				<total>19</total>
				<timestamp>434.285743</timestamp>
			</report>
			<report>
				<misses>1673001</misses>
				<total>19</total>
				<timestamp>434.545491</timestamp>
			</report>
			<report>
				<misses>1674001</misses>
				<total>19</total>
				<timestamp>434.805234</timestamp>
			</report>
			<report>
				<misses>1675001</misses>
				<total>19</total>
				<timestamp>435.064949</timestamp>
			</report>
			<report>
				<misses>1676001</misses>
				<total>19</total>
				<timestamp>435.324726</timestamp>
			</report>
			<report>
				<misses>1677001</misses>
				<total>19</total>
				<timestamp>435.584432</timestamp>
			</report>
			<report>
				<misses>1678001</misses>
				<total>19</total>
				<timestamp>435.844169</timestamp>
			</report>
			<report>
				<misses>1679001</misses>
				<total>19</total>
				<timestamp>436.103910</timestamp>
			</report>
			<report>
				<misses>1680001</misses>
				<total>19</total>
				<timestamp>436.363695</timestamp>
			</report>
			<report>
				<misses>1681001</misses>
				<total>19</total>
				<timestamp>436.623392</timestamp>
			</report>
			<report>
				<misses>1682001</misses>
				<total>19</total>
				<timestamp>436.883134</timestamp>
			</report>
			<report>
				<misses>1683001</misses>
				<total>19</total>
				<timestamp>437.142870</timestamp>
			</report>
			<report>
				<misses>1684001</misses>
				<total>19</total>
				<timestamp>437.402678</timestamp>
			</report>
			<report>
				<misses>1685001</misses>
				<total>19</total>
				<timestamp>437.662351</timestamp>
			</report>
			<report>
				<misses>1686001</misses>
				<total>19</total>
				<timestamp>437.922082</timestamp>
			</report>
			<report>
				<misses>1687001</misses>
				<total>19</total>
				<timestamp>438.181845</timestamp>
			</report>
			<report>
				<misses>1688001</misses>
				<total>19</total>
				<timestamp>438.441607</timestamp>
			</report>
			<report>
				<misses>1689001</misses>
				<total>19</total>
				<timestamp>438.701301</timestamp>
			</report>
			<report>
				<misses>1690001</misses>
				<total>19</total>
				<timestamp>438.961027</timestamp>
			</report>
			<report>
				<misses>1691001</misses>
				<total>19</total>
				<timestamp>439.220769</timestamp>
			</report>
			<report>
				<misses>1692001</misses>
				<total>19</total>
				<timestamp>439.480526</timestamp>
			</report>
			<report>
				<misses>1693001</misses>
				<total>19</total>
				<timestamp>439.740255</timestamp>
			</report>
			<report>
				<misses>1694001</misses>
				<total>19</total>
				<timestamp>439.999984</timestamp>
			</report>
			<report>
				<misses>1695001</misses>
				<total>19</total>
				<timestamp>440.259809</timestamp>
			</report>
			<report>
				<misses>1696001</misses>
				<total>19</total>
				<timestamp>440.519485</timestamp>
			</report>
			<report>
				<misses>1697001</misses>
				<total>19</total>
				<timestamp>440.779232</timestamp>
			</report>
			<report>
				<misses>1698001</misses>
				<total>19</total>
				<timestamp>441.038989</timestamp>
			</report>
			<report>
				<misses>1699001</misses>
				<total>19</total>
				<timestamp>441.298775</timestamp>
			</report>
			<report>
				<misses>1700001</misses>
				<total>19</total>
				<timestamp>441.558432</timestamp>
			</report>
			<report>
				<misses>1701001</misses>
				<total>19</total>
				<timestamp>441.818190</timestamp>
			</report>
			<report>
				<misses>1702001</misses>
				<total>19</total>
				<timestamp>442.077924</timestamp>
			</report>
			<report>
				<misses>1703001</misses>
				<total>19</total>
				<timestamp>442.337688</timestamp>
			</report>
			<report>
				<misses>1704001</misses>
				<total>19</total>
				<timestamp>442.597401</timestamp>
			</report>
			<report>
				<misses>1705001</misses>
				<total>19</total>
				<timestamp>442.857127</timestamp>
			</report>
			<report>
				<misses>1706001</misses>
				<total>19</total>
				<timestamp>443.116867</timestamp>
			</report>
			<report>
				<misses>1707001</misses>
				<total>19</total>
				<timestamp>443.376636</timestamp>
			</report>
			<report>
				<misses>1708001</misses>
				<total>19</total>
				<timestamp>443.636375</timestamp>
			</report>
			<report>
				<misses>1709001</misses>
				<total>19</total>
				<timestamp>443.896173</timestamp>
			</report>
			<report>
				<misses>1710001</misses>
				<total>19</total>
				<timestamp>444.155837</timestamp>
			</report>
			<report>
				<misses>1711001</misses>
				<total>19</total>
				<timestamp>444.415668</timestamp>
			</report>
			<report>
				<misses>1712001</misses>
				<total>19</total>
				<timestamp>444.675318</timestamp>
			</report>
			<report>
				<misses>1713001</misses>
				<total>19</total>
				<timestamp>444.935057</timestamp>
			</report>
			<report>
				<misses>1714001</misses>
				<total>19</total>
				<timestamp>445.194828</timestamp>
			</report>
			<report>
				<misses>1715001</misses>
				<total>19</total>
				<timestamp>445.454632</timestamp>
			</report>
			<report>
				<misses>1716001</misses>
				<total>19</total>
				<timestamp>445.714282</timestamp>
			</report>
			<report>
				<misses>1717001</misses>
				<total>19</total>
				<timestamp>445.974004</timestamp>
			</report>
			<report>
				<misses>1718001</misses>
				<total>19</total>
				<timestamp>446.233776</timestamp>
			</report>
			<report>
				<misses>1719001</misses>
				<total>19</total>
				<timestamp>446.493507</timestamp>
			</report>
			<report>
				<misses>1720001</misses>
				<total>19</total>
				<timestamp>446.753238</timestamp>
			</report>
			<report>
				<misses>1721001</misses>
				<total>19</total>
				<timestamp>447.012997</timestamp>
			</report>
			<report>
				<misses>1722001</misses>
				<total>19</total>
				<timestamp>447.272740</timestamp>
			</report>
			<report>
				<misses>1723001</misses>
				<total>19</total>
				<timestamp>447.532504</timestamp>
			</report>
			<report>
				<misses>1724001</misses>
				<total>19</total>
				<timestamp>447.792222</timestamp>
			</report>
			<report>
				<misses>1725001</misses>
				<total>19</total>
				<timestamp>448.051932</timestamp>
			</report>
			<report>
				<misses>1726001</misses>
				<total>19</total>
				<timestamp>448.311720</timestamp>
			</report>
			<report>
				<misses>1727001</misses>
				<total>19</total>
				<timestamp>448.571405</timestamp>
			</report>
			<report>
				<misses>1728001</misses>
				<total>19</total>
				<timestamp>448.831170</timestamp>
			</report>
			<report>
				<misses>1729001</misses>
				<total>19</total>
				<timestamp>449.090900</timestamp>
			</report>
			<report>
				<misses>1730001</misses>
				<total>19</total>
				<timestamp>449.350659</timestamp>
			</report>
			<report>
				<misses>1731001</misses>
				<total>19</total>
				<timestamp>449.610396</timestamp>
			</report>
			<report>
				<misses>1732001</misses>
				<total>19</total>
				<timestamp>449.870172</timestamp>
			</report>
			<report>
				<misses>1733001</misses>
				<total>19</total>
				<timestamp>450.129861</timestamp>
			</report>
			<report>
				<misses>1734001</misses>
				<total>19</total>
				<timestamp>450.389593</timestamp>
			</report>
			<report>
				<misses>1735001</misses>
				<total>19</total>
				<timestamp>450.649331</timestamp>
			</report>
			<report>
				<misses>1736001</misses>
				<total>19</total>
				<timestamp>450.909141</timestamp>
			</report>
			<report>
				<misses>1737001</misses>
				<total>19</total>
				<timestamp>451.168827</timestamp>
			</report>
			<report>
				<misses>1738001</misses>
				<total>19</total>
				<timestamp>451.428589</timestamp>
			</report>
			<report>
				<misses>1739001</misses>
				<total>19</total>
				<timestamp>451.688303</timestamp>
			</report>
			<report>
				<misses>1740001</misses>
				<total>19</total>
				<timestamp>451.948054</timestamp>
			</report>
			<report>
				<misses>1741001</misses>
				<total>19</total>
				<timestamp>452.207772</timestamp>
			</report>
			<report>
				<misses>1742001</misses>
				<total>19</total>
				<timestamp>452.467545</timestamp>
			</report>
			<report>
				<misses>1743001</misses>
				<total>19</total>
				<timestamp>452.727282</timestamp>
			</report>
			<report>
				<misses>1744001</misses>
				<total>19</total>
				<timestamp>452.987029</timestamp>
			</report>
			<report>
				<misses>1745001</misses>
				<total>19</total>
				<timestamp>453.246725</timestamp>
			</report>
			<report>
				<misses>1746001</misses>
				<total>19</total>
				<timestamp>453.506529</timestamp>
			</report>
			<report>
				<misses>1747001</misses>
				<total>19</total>
				<timestamp>453.766213</timestamp>
			</report>
			<report>
				<misses>1748001</misses>
				<total>19</total>
				<timestamp>454.025967</timestamp>
			</report>
			<report>
				<misses>1749001</misses>
				<total>19</total>
				<timestamp>454.285698</timestamp>
			</report>
			<report>
				<misses>1750001</misses>
				<total>19</total>
				<timestamp>454.545442</timestamp>
			</report>
			<report>
				<misses>1751001</misses>
				<total>19</total>
				<timestamp>454.805194</timestamp>
			</report>
			<report>
				<misses>1752001</misses>
				<total>19</total>
				<timestamp>455.064901</timestamp>
			</report>
			<report>
				<misses>1753001</misses>
				<total>19</total>
				<timestamp>455.324658</timestamp>
			</report>
			<report>
				<misses>1754001</misses>
				<total>19</total>
				<timestamp>455.584411</timestamp>
			</report>
			<report>
				<misses>1755001</misses>
				<total>19</total>
				<timestamp>455.844169</timestamp>
			</report>
			<report>
				<misses>1756001</misses>
				<total>19</total>
				<timestamp>456.103884</timestamp>
			</report>
			<report>
				<misses>1757001</misses>
				<total>19</total>
				<timestamp>456.363670</timestamp>
			</report>
			<report>
				<misses>1758001</misses>
				<total>19</total>
				<timestamp>456.623366</timestamp>
			</report>
			<report>
				<misses>1759001</misses>
				<total>19</total>
				<timestamp>456.883116</timestamp>
			</report>
			<report>
				<misses>1760001</misses>
				<total>19</total>
				<timestamp>457.142846</timestamp>
			</report>
			<report>
				<misses>1761001</misses>
				<total>19</total>
				<timestamp>457.402605</timestamp>
			</report>
			<report>
				<misses>1762001</misses>
				<total>19</total>
				<timestamp>457.662324</timestamp>
			</report>
			<report>
				<misses>1763001</misses>
				<total>19</total>
				<timestamp>457.922099</timestamp>
			</report>
			<report>
				<misses>1764001</misses>
				<total>19</total>
				<timestamp>458.181845</timestamp>
			</report>
			<report>
				<misses>1765001</misses>
				<total>19</total>
				<timestamp>458.441572</timestamp>
			</report>
			<report>
				<misses>1766001</misses>
				<total>19</total>
				<timestamp>458.701268</timestamp>
			</report>
			<report>
				<misses>1767001</misses>
				<total>19</total>
				<timestamp>458.961055</timestamp>
			</report>
			<report>
				<misses>1768001</misses>
				<total>19</total>
				<timestamp>459.220750</timestamp>
			</report>
			<report>
				<misses>1769001</misses>
				<total>19</total>
				<timestamp>459.480541</timestamp>
			</report>
			<report>
				<misses>1770001</misses>
				<total>19</total>
				<timestamp>459.740239</timestamp>
			</report>
			<report>
				<misses>1771001</misses>
				<total>19</total>
				<timestamp>459.999973</timestamp>
			</report>
			<report>
				<misses>1772001</misses>
				<total>19</total>
				<timestamp>460.259720</timestamp>
			</report>
			<report>
				<misses>1773001</misses>
				<total>19</total>
				<timestamp>460.519524</timestamp>
			</report>
			<report>
				<misses>1774001</misses>
				<total>19</total>
				<timestamp>460.779188</timestamp>
			</report>
			<report>
				<misses>1775001</misses>
				<total>19</total>
				<timestamp>461.038933</timestamp>
			</report>
			<report>
				<misses>1776001</misses>
				<total>19</total>
				<timestamp>461.298686</timestamp>
			</report>
			<report>
				<misses>1777001</misses>
				<total>19</total>
				<timestamp>461.558437</timestamp>
			</report>
			<report>
				<misses>1778001</misses>
				<total>19</total>
				<timestamp>461.818183</timestamp>
			</report>
			<report>
				<misses>1779001</misses>
				<total>19</total>
				<timestamp>462.077897</timestamp>
			</report>
			<report>
				<misses>1780001</misses>
				<total>19</total>
				<timestamp>462.337647</timestamp>
			</report>
			<report>
				<misses>1781001</misses>
				<total>19</total>
				<timestamp>462.597371</timestamp>
			</report>
			<report>
				<misses>1782001</misses>
				<total>19</total>
				<timestamp>462.857171</timestamp>
			</report>
			<report>
				<misses>1783001</misses>
				<total>19</total>
				<timestamp>463.116870</timestamp>
			</report>
			<report>
				<misses>1784001</misses>
				<total>19</total>
				<timestamp>463.376597</timestamp>
			</report>
			<report>
				<misses>1785001</misses>
				<total>19</total>
				<timestamp>463.636345</timestamp>
			</report>
			<report>
				<misses>1786001</misses>
				<total>19</total>
				<timestamp>463.896100</timestamp>
			</report>
			<report>
				<misses>1787001</misses>
				<total>19</total>
				<timestamp>464.155803</timestamp>
			</report>
			<report>
				<misses>1788001</misses>
				<total>19</total>
				<timestamp>464.415611</timestamp>
			</report>
			<report>
				<misses>1789001</misses>
				<total>19</total>
				<timestamp>464.675289</timestamp>
			</report>
			<report>
				<misses>1790001</misses>
				<total>19</total>
				<timestamp>464.935022</timestamp>
			</report>
			<report>
				<misses>1791001</misses>
				<total>19</total>
				<timestamp>465.194785</timestamp>
			</report>
			<report>
				<misses>1792001</misses>
				<total>19</total>
				<timestamp>465.454611</timestamp>
			</report>
			<report>
				<misses>1793001</misses>
				<total>19</total>
				<timestamp>465.714259</timestamp>
			</report>
			<report>
				<misses>1794001</misses>
				<total>19</total>
				<timestamp>465.974035</timestamp>
			</report>
			<report>
				<misses>1795001</misses>
				<total>19</total>
				<timestamp>466.233728</timestamp>
			</report>
			<report>
				<misses>1796001</misses>
				<total>19</total>
				<timestamp>466.493497</timestamp>
			</report>
			<report>
				<misses>1797001</misses>
				<total>19</total>
				<timestamp>466.753204</timestamp>
			</report>
			<report>
				<misses>1798001</misses>
				<total>19</total>
				<timestamp>467.012958</timestamp>
			</report>
			<report>
				<misses>1799001</misses>
				<total>19</total>
				<timestamp>467.272687</timestamp>
			</report>
			<report>
				<misses>1800001</misses>
				<total>19</total>
				<timestamp>467.532484</timestamp>
			</report>
			<report>
				<misses>1801001</misses>
				<total>19</total>
				<timestamp>467.792185</timestamp>
			</report>
			<report>
				<misses>1802001</misses>
				<total>19</total>
				<timestamp>468.051944</timestamp>
			</report>
			<report>
				<misses>1803001</misses>
				<total>19</total>
				<timestamp>468.311641</timestamp>
			</report>
			<report>
				<misses>1804001</misses>
				<total>19</total>
				<timestamp>468.571489</timestamp>
			</report>
			<report>
				<misses>1805001</misses>
				<total>19</total>
				<timestamp>468.831161</timestamp>
			</report>
			<report>
				<misses>1806001</misses>
				<total>19</total>
				<timestamp>469.090865</timestamp>
			</report>
			<report>
				<misses>1807001</misses>
				<total>19</total>
				<timestamp>469.350637</timestamp>
			</report>
			<report>
				<misses>1808001</misses>
				<total>19</total>
				<timestamp>469.610362</timestamp>
			</report>
			<report>
				<misses>1809001</misses>
				<total>19</total>
				<timestamp>469.870110</timestamp>
			</report>
			<report>
				<misses>1810001</misses>
				<total>19</total>
				<timestamp>470.129836</timestamp>
			</report>
			<report>
				<misses>1811001</misses>
				<total>19</total>
				<timestamp>470.389581</timestamp>
			</report>
			<report>
				<misses>1812001</misses>
				<total>19</total>
				<timestamp>470.649322</timestamp>
			</report>
			<report>
				<misses>1813001</misses>
				<total>19</total>
				<timestamp>470.909054</timestamp>
			</report>
			<report>
				<misses>1814001</misses>
				<total>19</total>
				<timestamp>471.168797</timestamp>
			</report>
			<report>
				<misses>1815001</misses>
				<total>19</total>
				<timestamp>471.428548</timestamp>
			</report>
			<report>
				<misses>1816001</misses>
				<total>19</total>
				<timestamp>471.688285</timestamp>
			</report>
			<report>
				<misses>1817001</misses>
				<total>19</total>
				<timestamp>471.948010</timestamp>
			</report>
			<report>
				<misses>1818001</misses>
				<total>19</total>
				<timestamp>472.207745</timestamp>
			</report>
			<report>
				<misses>1819001</misses>
				<total>19</total>
				<timestamp>472.467528</timestamp>
			</report>
			<report>
				<misses>1820001</misses>
				<total>19</total>
				<timestamp>472.727238</timestamp>
			</report>
			<report>
				<misses>1821001</misses>
				<total>19</total>
				<timestamp>472.987002</timestamp>
			</report>
			<report>
				<misses>1822001</misses>
				<total>19</total>
				<timestamp>473.246702</timestamp>
			</report>
			<report>
				<misses>1823001</misses>
				<total>19</total>
				<timestamp>473.506475</timestamp>
			</report>
			<report>
				<misses>1824001</misses>
				<total>19</total>
				<timestamp>473.766208</timestamp>
			</report>
			<report>
				<misses>1825001</misses>
				<total>19</total>
				<timestamp>474.025973</timestamp>
			</report>
			<report>
				<misses>1826001</misses>
				<total>19</total>
				<timestamp>474.285669</timestamp>
			</report>
			<report>
				<misses>1827001</misses>
				<total>19</total>
				<timestamp>474.545476</timestamp>
			</report>
			<report>
				<misses>1828001</misses>
				<total>19</total>
				<timestamp>474.805179</timestamp>
			</report>
			<report>
				<misses>1829001</misses>
				<total>19</total>
				<timestamp>475.064898</timestamp>
			</report>
			<report>
				<misses>1830001</misses>
				<total>19</total>
				<timestamp>475.324640</timestamp>
			</report>
			<report>
				<misses>1831001</misses>
				<total>19</total>
				<timestamp>475.584461</timestamp>
			</report>
			<report>
				<misses>1832001</misses>
				<total>19</total>
				<timestamp>475.844146</timestamp>
			</report>
			<report>
				<misses>1833001</misses>
				<total>19</total>
				<timestamp>476.103847</timestamp>
			</report>
			<report>
				<misses>1834001</misses>
				<total>19</total>
				<timestamp>476.363618</timestamp>
			</report>
			<report>
				<misses>1835001</misses>
				<total>19</total>
				<timestamp>476.623429</timestamp>
			</report>
			<report>
				<misses>1836001</misses>
				<total>19</total>
				<timestamp>476.883107</timestamp>
			</report>
			<report>
				<misses>1837001</misses>
				<total>19</total>
				<timestamp>477.142813</timestamp>
			</report>
			<report>
				<misses>1838001</misses>
				<total>19</total>
				<timestamp>477.402554</timestamp>
			</report>
			<report>
				<misses>1839001</misses>
				<total>19</total>
				<timestamp>477.662318</timestamp>
			</report>
			<report>
				<misses>1840001</misses>
				<total>19</total>
				<timestamp>477.922024</timestamp>
			</report>
			<report>
				<misses>1841001</misses>
				<total>19</total>
				<timestamp>478.181787</timestamp>
			</report>
			<report>
				<misses>1842001</misses>
				<total>19</total>
				<timestamp>478.441536</timestamp>
			</report>
			<report>
				<misses>1843001</misses>
				<total>19</total>
				<timestamp>478.701257</timestamp>
			</report>
			<report>
				<misses>1844001</misses>
				<total>19</total>
				<timestamp>478.960987</timestamp>
			</report>
			<report>
				<misses>1845001</misses>
				<total>19</total>
				<timestamp>479.220736</timestamp>
			</report>
			<report>
				<misses>1846001</misses>
				<total>19</total>
				<timestamp>479.480494</timestamp>
			</report>
			<report>
				<misses>1847001</misses>
				<total>19</total>
				<timestamp>479.740222</timestamp>
			</report>
			<report>
				<misses>1848001</misses>
				<total>19</total>
				<timestamp>479.999998</timestamp>
			</report>
			<report>
				<misses>1849001</misses>
				<total>19</total>
				<timestamp>480.259713</timestamp>
			</report>
			<report>
				<misses>1850001</misses>
				<total>19</total>
				<timestamp>480.519467</timestamp>
			</report>
			<report>
				<misses>1851001</misses>
				<total>19</total>
				<timestamp>480.779180</timestamp>
			</report>
			<report>
				<misses>1852001</misses>
				<total>19</total>
				<timestamp>481.038934</timestamp>
			</report>
			<report>
				<misses>1853001</misses>
				<total>19</total>
				<timestamp>481.298656</timestamp>
			</report>
			<report>
				<misses>1854001</misses>
				<total>19</total>
				<timestamp>481.558421</timestamp>
			</report>
			<report>
				<misses>1855001</misses>
				<total>19</total>
				<timestamp>481.818192</timestamp>
			</report>
			<report>
				<misses>1856001</misses>
				<total>19</total>
				<timestamp>482.077877</timestamp>
			</report>
			<report>
				<misses>1857001</misses>
				<total>19</total>
				<timestamp>482.337607</timestamp>
			</report>
			<report>
				<misses>1858001</misses>
				<total>19</total>
				<timestamp>482.597393</timestamp>
			</report>
			<report>
				<misses>1859001</misses>
				<total>18</total>
				<timestamp>482.857200</timestamp>
			</report>
			<report>
				<misses>1860001</misses>
				<total>19</total>
				<timestamp>483.116819</timestamp>
			</report>
			<report>
				<misses>1861001</misses>
				<total>19</total>
				<timestamp>483.376579</timestamp>
			</report>
			<report>
				<misses>1862001</misses>
				<total>19</total>
				<timestamp>483.636338</timestamp>
			</report>
			<report>
				<misses>1863001</misses>
				<total>19</total>
				<timestamp>483.896093</timestamp>
			</report>
			<report>
				<misses>1864001</misses>
				<total>19</total>
				<timestamp>484.155801</timestamp>
			</report>
			<report>
				<misses>1865001</misses>
				<total>19</total>
				<timestamp>484.415547</timestamp>
			</report>
			<report>
				<misses>1866001</misses>
				<total>19</total>
				<timestamp>484.675346</timestamp>
			</report>
			<report>
				<misses>1867001</misses>
				<total>19</total>
				<timestamp>484.935037</timestamp>
			</report>
			<report>
				<misses>1868001</misses>
				<total>19</total>
				<timestamp>485.194772</timestamp>
			</report>
			<report>
				<misses>1869001</misses>
				<total>19</total>
				<timestamp>485.454490</timestamp>
			</report>
			<report>
				<misses>1870001</misses>
				<total>19</total>
				<timestamp>485.714234</timestamp>
			</report>
			<report>
				<misses>1871001</misses>
				<total>19</total>
				<timestamp>485.973977</timestamp>
			</report>
			<report>
				<misses>1872001</misses>
				<total>19</total>
				<timestamp>486.233714</timestamp>
			</report>
			<report>
				<misses>1873001</misses>
				<total>19</total>
				<timestamp>486.493446</timestamp>
			</report>
			<report>
				<misses>1874001</misses>
				<total>19</total>
				<timestamp>486.753183</timestamp>
			</report>
			<report>
				<misses>1875001</misses>
				<total>19</total>
				<timestamp>487.012935</timestamp>
			</report>
			<report>
				<misses>1876001</misses>
				<total>19</total>
				<timestamp>487.272702</timestamp>
			</report>
			<report>
				<misses>1877001</misses>
				<total>19</total>
				<timestamp>487.532450</timestamp>
			</report>
			<report>
				<misses>1878001</misses>
				<total>19</total>
				<timestamp>487.792166</timestamp>
			</report>
			<report>
				<misses>1879001</misses>
				<total>19</total>
				<timestamp>488.051935</timestamp>
			</report>
			<report>
				<misses>1880001</misses>
				<total>19</total>
				<timestamp>488.311642</timestamp>
			</report>
			<report>
				<misses>1881001</misses>
				<total>19</total>
				<timestamp>488.571447</timestamp>
			</report>
			<report>
				<misses>1882001</misses>
				<total>19</total>
				<timestamp>488.831119</timestamp>
			</report>
			<report>
				<misses>1883001</misses>
				<total>19</total>
				<timestamp>489.090867</timestamp>
			</report>
			<report>
				<misses>1884001</misses>
				<total>19</total>
				<timestamp>489.350610</timestamp>
			</report>
			<report>
				<misses>1885001</misses>
				<total>19</total>
				<timestamp>489.610374</timestamp>
			</report>
			<report>
				<misses>1886001</misses>
				<total>19</total>
				<timestamp>489.870094</timestamp>
			</report>
			<report>
				<misses>1887001</misses>
				<total>19</total>
				<timestamp>490.129809</timestamp>
			</report>
			<report>
				<misses>1888001</misses>
				<total>19</total>
				<timestamp>490.389579</timestamp>
			</report>
			<report>
				<misses>1889001</misses>
				<total>19</total>
				<timestamp>490.649327</timestamp>
			</report>
			<report>
				<misses>1890001</misses>
				<total>19</total>
				<timestamp>490.909075</timestamp>
			</report>
			<report>
				<misses>1891001</misses>
				<total>19</total>
				<timestamp>491.168806</timestamp>
			</report>
			<report>
				<misses>1892001</misses>
				<total>19</total>
				<timestamp>491.428552</timestamp>
			</report>
			<report>
				<misses>1893001</misses>
				<total>19</total>
				<timestamp>491.688307</timestamp>
			</report>
			<report>
				<misses>1894001</misses>
				<total>19</total>
				<timestamp>491.948018</timestamp>
			</report>
			<report>
				<misses>1895001</misses>
				<total>19</total>
				<timestamp>492.207743</timestamp>
			</report>
			<report>
				<misses>1896001</misses>
				<total>19</total>
				<timestamp>492.467481</timestamp>
			</report>
			<report>
				<misses>1897001</misses>
				<total>19</total>
				<timestamp>492.727261</timestamp>
			</report>
			<report>
				<misses>1898001</misses>
				<total>19</total>
				<timestamp>492.987004</timestamp>
			</report>
			<report>
				<misses>1899001</misses>
				<total>19</total>
				<timestamp>493.246689</timestamp>
			</report>
			<report>
				<misses>1900001</misses>
				<total>19</total>
				<timestamp>493.506463</timestamp>
			</report>
			<report>
				<misses>1901001</misses>
				<total>19</total>
				<timestamp>493.766212</timestamp>
			</report>
			<report>
				<misses>1902001</misses>
				<total>19</total>
				<timestamp>494.025918</timestamp>
			</report>
			<report>
				<misses>1903001</misses>
				<total>19</total>
				<timestamp>494.285674</timestamp>
			</report>
			<report>
				<misses>1904001</misses>
				<total>19</total>
				<timestamp>494.545447</timestamp>
			</report>
			<report>
				<misses>1905001</misses>
				<total>19</total>
				<timestamp>494.805156</timestamp>
			</report>
			<report>
				<misses>1906001</misses>
				<total>19</total>
				<timestamp>495.064914</timestamp>
			</report>
			<report>
				<misses>1907001</misses>
				<total>19</total>
				<timestamp>495.324624</timestamp>
			</report>
			<report>
				<misses>1908001</misses>
				<total>19</total>
				<timestamp>495.584426</timestamp>
			</report>
			<report>
				<misses>1909001</misses>
				<total>19</total>
				<timestamp>495.844160</timestamp>
			</report>
			<report>
				<misses>1910001</misses>
				<total>19</total>
				<timestamp>496.103877</timestamp>
			</report>
			<report>
				<misses>1911001</misses>
				<total>19</total>
				<timestamp>496.363602</timestamp>
			</report>
			<report>
				<misses>1912001</misses>
				<total>19</total>
				<timestamp>496.623390</timestamp>
			</report>
			<report>
				<misses>1913001</misses>
				<total>19</total>
				<timestamp>496.883071</timestamp>
			</report>
			<report>
				<misses>1914001</misses>
				<total>19</total>
				<timestamp>497.142842</timestamp>
			</report>
			<report>
				<misses>1915001</misses>
				<total>19</total>
				<timestamp>497.402545</timestamp>
			</report>
			<report>
				<misses>1916001</misses>
				<total>19</total>
				<timestamp>497.662335</timestamp>
			</report>
			<report>
				<misses>1917001</misses>
				<total>19</total>
				<timestamp>497.922049</timestamp>
			</report>
			<report>
				<misses>1918001</misses>
				<total>19</total>
				<timestamp>498.181761</timestamp>
			</report>
			<report>
				<misses>1919001</misses>
				<total>19</total>
				<timestamp>498.441503</timestamp>
			</report>
			<report>
				<misses>1920001</misses>
				<total>19</total>
				<timestamp>498.701263</timestamp>
			</report>
			<report>
				<misses>1921001</misses>
				<total>19</total>
				<timestamp>498.960998</timestamp>
			</report>
			<report>
				<misses>1922001</misses>
				<total>19</total>
				<timestamp>499.220731</timestamp>
			</report>
			<report>
				<misses>1923001</misses>
				<total>19</total>
				<timestamp>499.480450</timestamp>
			</report>
			<report>
				<misses>1924001</misses>
				<total>19</total>
				<timestamp>499.740213</timestamp>
			</report>
			<report>
				<misses>1925001</misses>
				<total>19</total>
				<timestamp>499.999938</timestamp>
			</report>
			<report>
				<misses>1926001</misses>
				<total>19</total>
				<timestamp>500.259686</timestamp>
			</report>
			<report>
				<misses>1927001</misses>
				<total>19</total>
				<timestamp>500.519420</timestamp>
			</report>
			<report>
				<misses>1928001</misses>
				<total>19</total>
				<timestamp>500.779181</timestamp>
			</report>
			<report>
				<misses>1929001</misses>
				<total>19</total>
				<timestamp>501.038914</timestamp>
			</report>
			<report>
				<misses>1930001</misses>
				<total>19</total>
				<timestamp>501.298627</timestamp>
			</report>
			<report>
				<misses>1931001</misses>
				<total>19</total>
				<timestamp>501.558393</timestamp>
			</report>
			<report>
				<misses>1932001</misses>
				<total>19</total>
				<timestamp>501.818197</timestamp>
			</report>
			<report>
				<misses>1933001</misses>
				<total>19</total>
				<timestamp>502.077857</timestamp>
			</report>
			<report>
				<misses>1934001</misses>
				<total>19</total>
				<timestamp>502.337610</timestamp>
			</report>
			<report>
				<misses>1935001</misses>
				<total>19</total>
				<timestamp>502.597352</timestamp>
			</report>
			<report>
				<misses>1936001</misses>
				<total>19</total>
				<timestamp>502.857092</timestamp>
			</report>
			<report>
				<misses>1937001</misses>
				<total>19</total>
				<timestamp>503.116818</timestamp>
			</report>
			<report>
				<misses>1938001</misses>
				<total>19</total>
				<timestamp>503.376554</timestamp>
			</report>
			<report>
				<misses>1939001</misses>
				<total>19</total>
				<timestamp>503.636374</timestamp>
			</report>
			<report>
				<misses>1940001</misses>
				<total>19</total>
				<timestamp>503.896038</timestamp>
			</report>
			<report>
				<misses>1941001</misses>
				<total>19</total>
				<timestamp>504.155842</timestamp>
			</report>
			<report>
				<misses>1942001</misses>
				<total>19</total>
				<timestamp>504.415541</timestamp>
			</report>
			<report>
				<misses>1943001</misses>
				<total>19</total>
				<timestamp>504.675271</timestamp>
			</report>
			<report>
				<misses>1944001</misses>
				<total>19</total>
				<timestamp>504.934998</timestamp>
			</report>
			<report>
				<misses>1945001</misses>
				<total>19</total>
				<timestamp>505.194743</timestamp>
			</report>
			<report>
				<misses>1946001</misses>
				<total>19</total>
				<timestamp>505.454494</timestamp>
			</report>
			<report>
				<misses>1947001</misses>
				<total>19</total>
				<timestamp>505.714215</timestamp>
			</report>
			<report>
				<misses>1948001</misses>
				<total>19</total>
				<timestamp>505.973983</timestamp>
			</report>
			<report>
				<misses>1949001</misses>
				<total>19</total>
				<timestamp>506.233691</timestamp>
			</report>
			<report>
				<misses>1950001</misses>
				<total>19</total>
				<timestamp>506.493457</timestamp>
			</report>
			<report>
				<misses>1951001</misses>
				<total>19</total>
				<timestamp>506.753226</timestamp>
			</report>
			<report>
				<misses>1952001</misses>
				<total>19</total>
				<timestamp>507.012908</timestamp>
			</report>
			<report>
				<misses>1953001</misses>
				<total>19</total>
				<timestamp>507.272641</timestamp>
			</report>
			<report>
				<misses>1954001</misses>
				<total>19</total>
				<timestamp>507.532391</timestamp>
			</report>
			<report>
				<misses>1955001</misses>
				<total>19</total>
				<timestamp>507.792218</timestamp>
			</report>
			<report>
				<misses>1956001</misses>
				<total>19</total>
				<timestamp>508.051880</timestamp>
			</report>
			<report>
				<misses>1957001</misses>
				<total>19</total>
				<timestamp>508.311658</timestamp>
			</report>
			<report>
				<misses>1958001</misses>
				<total>19</total>
				<timestamp>508.571366</timestamp>
			</report>
			<report>
				<misses>1959001</misses>
				<total>19</total>
				<timestamp>508.831151</timestamp>
			</report>
			<report>
				<misses>1960001</misses>
				<total>19</total>
				<timestamp>509.090860</timestamp>
			</report>
			<report>
				<misses>1961001</misses>
				<total>19</total>
				<timestamp>509.350591</timestamp>
			</report>
			<report>
				<misses>1962001</misses>
				<total>19</total>
				<timestamp>509.610360</timestamp>
			</report>
			<report>
				<misses>1963001</misses>
				<total>19</total>
				<timestamp>509.870104</timestamp>
			</report>
			<report>
				<misses>1964001</misses>
				<total>19</total>
				<timestamp>510.129816</timestamp>
			</report>
			<report>
				<misses>1965001</misses>
				<total>19</total>
				<timestamp>510.389557</timestamp>
			</report>
			<report>
				<misses>1966001</misses>
				<total>19</total>
				<timestamp>510.649281</timestamp>
			</report>
			<report>
				<misses>1967001</misses>
				<total>19</total>
				<timestamp>510.909005</timestamp>
			</report>
			<report>
				<misses>1968001</misses>
				<total>19</total>
				<timestamp>511.168752</timestamp>
			</report>
			<report>
				<misses>1969001</misses>
				<total>19</total>
				<timestamp>511.428498</timestamp>
			</report>
			<report>
				<misses>1970001</misses>
				<total>19</total>
				<timestamp>511.688270</timestamp>
			</report>
			<report>
				<misses>1971001</misses>
				<total>19</total>
				<timestamp>511.947989</timestamp>
			</report>
			<report>
				<misses>1972001</misses>
				<total>19</total>
				<timestamp>512.207713</timestamp>
			</report>
			<report>
				<misses>1973001</misses>
				<total>19</total>
				<timestamp>512.467467</timestamp>
			</report>
			<report>
				<misses>1974001</misses>
				<total>19</total>
				<timestamp>512.727220</timestamp>
			</report>
			<report>
				<misses>1975001</misses>
				<total>19</total>
				<timestamp>512.986947</timestamp>
			</report>
			<report>
				<misses>1976001</misses>
				<total>19</total>
				<timestamp>513.246675</timestamp>
			</report>
			<report>
				<misses>1977001</misses>
				<total>19</total>
				<timestamp>513.506435</timestamp>
			</report>
			<report>
				<misses>1978001</misses>
				<total>19</total>
				<timestamp>513.766188</timestamp>
			</report>
			<report>
				<misses>1979001</misses>
				<total>19</total>
				<timestamp>514.025948</timestamp>
			</report>
			<report>
				<misses>1980001</misses>
				<total>19</total>
				<timestamp>514.285624</timestamp>
			</report>
			<report>
				<misses>1981001</misses>
				<total>19</total>
				<timestamp>514.545380</timestamp>
			</report>
			<report>
				<misses>1982001</misses>
				<total>19</total>
				<timestamp>514.805155</timestamp>
			</report>
			<report>
				<misses>1983001</misses>
				<total>20</total>
				<timestamp>515.064887</timestamp>
			</report>
			<report>
				<misses>1984001</misses>
				<total>20</total>
				<timestamp>515.324608</timestamp>
			</report>
			<report>
				<misses>1985001</misses>
				<total>20</total>
				<timestamp>515.584341</timestamp>
			</report>
			<report>
				<misses>1986001</misses>
				<total>20</total>
				<timestamp>515.844106</timestamp>
			</report>
			<report>
				<misses>1987001</misses>
				<total>20</total>
				<timestamp>516.103865</timestamp>
			</report>
			<report>
				<misses>1988001</misses>
				<total>20</total>
				<timestamp>516.363566</timestamp>
			</report>
			<report>
				<misses>1989001</misses>
				<total>20</total>
				<timestamp>516.623346</timestamp>
			</report>
			<report>
				<misses>1990001</misses>
				<total>20</total>
				<timestamp>516.883069</timestamp>
			</report>
			<report>
				<misses>1991001</misses>
				<total>20</total>
				<timestamp>517.142775</timestamp>
			</report>
			<report>
				<misses>1992001</misses>
				<total>20</total>
				<timestamp>517.402525</timestamp>
			</report>
			<report>
				<misses>1993001</misses>
				<total>20</total>
				<timestamp>517.662304</timestamp>
			</report>
			<report>
				<misses>1994001</misses>
				<total>20</total>
				<timestamp>517.922033</timestamp>
			</report>
			<report>
				<misses>1995001</misses>
				<total>20</total>
				<timestamp>518.181768</timestamp>
			</report>
			<report>
				<misses>1996001</misses>
				<total>20</total>
				<timestamp>518.441479</timestamp>
			</report>
			<report>
				<misses>1997001</misses>
				<total>20</total>
				<timestamp>518.701280</timestamp>
			</report>
			<report>
				<misses>1998001</misses>
				<total>20</total>
				<timestamp>518.960965</timestamp>
			</report>
			<report>
				<misses>1999001</misses>
				<total>20</total>
				<timestamp>519.220692</timestamp>
			</report>
			<report>
				<misses>2000001</misses>
				<total>20</total>
				<timestamp>519.480451</timestamp>
			</report>
			<report>
				<misses>2001001</misses>
				<total>20</total>
				<timestamp>519.740230</timestamp>
			</report>
			<report>
				<misses>2002001</misses>
				<total>20</total>
				<timestamp>519.999917</timestamp>
			</report>
			<report>
				<misses>2003001</misses>
				<total>20</total>
				<timestamp>520.259651</timestamp>
			</report>
			<report>
				<misses>2004001</misses>
				<total>20</total>
				<timestamp>520.519416</timestamp>
			</report>
			<report>
				<misses>2005001</misses>
				<total>20</total>
				<timestamp>520.779185</timestamp>
			</report>
			<report>
				<misses>2006001</misses>
				<total>20</total>
				<timestamp>521.038912</timestamp>
			</report>
			<report>
				<misses>2007001</misses>
				<total>20</total>
				<timestamp>521.298656</timestamp>
			</report>
			<report>
				<misses>2008001</misses>
				<total>20</total>
				<timestamp>521.558357</timestamp>
			</report>
			<report>
				<misses>2009001</misses>
				<total>20</total>
				<timestamp>521.818136</timestamp>
			</report>
			<report>
				<misses>2010001</misses>
				<total>20</total>
				<timestamp>522.077841</timestamp>
			</report>
			<report>
				<misses>2011001</misses>
				<total>20</total>
				<timestamp>522.337582</timestamp>
			</report>
			<report>
				<misses>2012001</misses>
				<total>20</total>
				<timestamp>522.597329</timestamp>
			</report>
			<report>
				<misses>2013001</misses>
				<total>20</total>
				<timestamp>522.857082</timestamp>
			</report>
			<report>
				<misses>2014001</misses>
				<total>20</total>
				<timestamp>523.116804</timestamp>
			</report>
			<report>
				<misses>2015001</misses>
				<total>20</total>
				<timestamp>523.376522</timestamp>
			</report>
			<report>
				<misses>2016001</misses>
				<total>20</total>
				<timestamp>523.636273</timestamp>
			</report>
			<report>
				<misses>2017001</misses>
				<total>20</total>
				<timestamp>523.896047</timestamp>
			</report>
			<report>
				<misses>2018001</misses>
				<total>20</total>
				<timestamp>524.155776</timestamp>
			</report>
			<report>
				<misses>2019001</misses>
				<total>20</total>
				<timestamp>524.415539</timestamp>
			</report>
			<report>
				<misses>2020001</misses>
				<total>20</total>
				<timestamp>524.675241</timestamp>
			</report>
			<report>
				<misses>2021001</misses>
				<total>20</total>
				<timestamp>524.935003</timestamp>
			</report>
			<report>
				<misses>2022001</misses>
				<total>20</total>
				<timestamp>525.194729</timestamp>
			</report>
			<report>
				<misses>2023001</misses>
				<total>20</total>
				<timestamp>525.454453</timestamp>
			</report>
			<report>
				<misses>2024001</misses>
				<total>20</total>
				<timestamp>525.714231</timestamp>
			</report>
			<report>
				<misses>2025001</misses>
				<total>20</total>
				<timestamp>525.973974</timestamp>
			</report>
			<report>
				<misses>2026001</misses>
				<total>20</total>
				<timestamp>526.233692</timestamp>
			</report>
			<report>
				<misses>2027001</misses>
				<total>20</total>
				<timestamp>526.493422</timestamp>
			</report>
			<report>
				<misses>2028001</misses>
				<total>20</total>
				<timestamp>526.753240</timestamp>
			</report>
			<report>
				<misses>2029001</misses>
				<total>20</total>
				<timestamp>527.012895</timestamp>
			</report>
			<report>
				<misses>2030001</misses>
				<total>20</total>
				<timestamp>527.272638</timestamp>
			</report>
			<report>
				<misses>2031001</misses>
				<total>20</total>
				<timestamp>527.532382</timestamp>
			</report>
			<report>
				<misses>2032001</misses>
				<total>20</total>
				<timestamp>527.792155</timestamp>
			</report>
			<report>
				<misses>2033001</misses>
				<total>20</total>
				<timestamp>528.051857</timestamp>
			</report>
			<report>
				<misses>2034001</misses>
				<total>20</total>
				<timestamp>528.311598</timestamp>
			</report>
			<report>
				<misses>2035001</misses>
				<total>20</total>
				<timestamp>528.571332</timestamp>
			</report>
			<report>
				<misses>2036001</misses>
				<total>20</total>
				<timestamp>528.831095</timestamp>
			</report>
			<report>
				<misses>2037001</misses>
				<total>20</total>
				<timestamp>529.090824</timestamp>
			</report>
			<report>
				<misses>2038001</misses>
				<total>20</total>
				<timestamp>529.350560</timestamp>
			</report>
			<report>
				<misses>2039001</misses>
				<total>20</total>
				<timestamp>529.610306</timestamp>
			</report>
			<report>
				<misses>2040001</misses>
				<total>20</total>
				<timestamp>529.870075</timestamp>
			</report>
			<report>
				<misses>2041001</misses>
				<total>20</total>
				<timestamp>530.129770</timestamp>
			</report>
			<report>
				<misses>2042001</misses>
				<total>20</total>
				<timestamp>530.389519</timestamp>
			</report>
			<report>
				<misses>2043001</misses>
				<total>20</total>
				<timestamp>530.649262</timestamp>
			</report>
			<report>
				<misses>2044001</misses>
				<total>20</total>
				<timestamp>530.909009</timestamp>
			</report>
			<report>
				<misses>2045001</misses>
				<total>20</total>
				<timestamp>531.168788</timestamp>
			</report>
			<report>
				<misses>2046001</misses>
				<total>20</total>
				<timestamp>531.428473</timestamp>
			</report>
			<report>
				<misses>2047001</misses>
				<total>20</total>
				<timestamp>531.688241</timestamp>
			</report>
			<report>
				<misses>2048001</misses>
				<total>20</total>
				<timestamp>531.948007</timestamp>
			</report>
			<report>
				<misses>2049001</misses>
				<total>20</total>
				<timestamp>532.207700</timestamp>
			</report>
			<report>
				<misses>2050001</misses>
				<total>20</total>
				<timestamp>532.467443</timestamp>
			</report>
			<report>
				<misses>2051001</misses>
				<total>20</total>
				<timestamp>532.727212</timestamp>
			</report>
			<report>
				<misses>2052001</misses>
				<total>20</total>
				<timestamp>532.986938</timestamp>
			</report>
			<report>
				<misses>2053001</misses>
				<total>20</total>
				<timestamp>533.246679</timestamp>
			</report>
			<report>
				<misses>2054001</misses>
				<total>20</total>
				<timestamp>533.506395</timestamp>
			</report>
			<report>
				<misses>2055001</misses>
				<total>20</total>
				<timestamp>533.766192</timestamp>
			</report>
			<report>
				<misses>2056001</misses>
				<total>20</total>
				<timestamp>534.025873</timestamp>
			</report>
			<report>
				<misses>2057001</misses>
				<total>20</total>
				<timestamp>534.285613</timestamp>
			</report>
			<report>
				<misses>2058001</misses>
				<total>20</total>
				<timestamp>534.545343</timestamp>
			</report>
			<report>
				<misses>2059001</misses>
				<total>20</total>
				<timestamp>534.805190</timestamp>
			</report>
			<report>
				<misses>2060001</misses>
				<total>20</total>
				<timestamp>535.064874</timestamp>
			</report>
			<report>
				<misses>2061001</misses>
				<total>20</total>
				<timestamp>535.324589</timestamp>
			</report>
			<report>
				<misses>2062001</misses>
				<total>20</total>
				<timestamp>535.584315</timestamp>
			</report>
			<report>
				<misses>2063001</misses>
				<total>20</total>
				<timestamp>535.844061</timestamp>
			</report>
			<report>
				<misses>2064001</misses>
				<total>20</total>
				<timestamp>536.103796</timestamp>
			</report>
			<report>
				<misses>2065001</misses>
				<total>20</total>
				<timestamp>536.363538</timestamp>
			</report>
			<report>
				<misses>2066001</misses>
				<total>20</total>
				<timestamp>536.623279</timestamp>
			</report>
			<report>
				<misses>2067001</misses>
				<total>20</total>
				<timestamp>536.883057</timestamp>
			</report>
			<report>
				<misses>2068001</misses>
				<total>20</total>
				<timestamp>537.142783</timestamp>
			</report>
			<report>
				<misses>2069001</misses>
				<total>20</total>
				<timestamp>537.402485</timestamp>
			</report>
			<report>
				<misses>2070001</misses>
				<total>20</total>
				<timestamp>537.662236</timestamp>
			</report>
			<report>
				<misses>2071001</misses>
				<total>20</total>
				<timestamp>537.921994</timestamp>
			</report>
			<report>
				<misses>2072001</misses>
				<total>20</total>
				<timestamp>538.181716</timestamp>
			</report>
			<report>
				<misses>2073001</misses>
				<total>20</total>
				<timestamp>538.441481</timestamp>
			</report>
			<report>
				<misses>2074001</misses>
				<total>20</total>
				<timestamp>538.701215</timestamp>
			</report>
			<report>
				<misses>2075001</misses>
				<total>20</total>
				<timestamp>538.960956</timestamp>
			</report>
			<report>
				<misses>2076001</misses>
				<total>20</total>
				<timestamp>539.220683</timestamp>
			</report>
			<report>
				<misses>2077001</misses>
				<total>20</total>
				<timestamp>539.480422</timestamp>
			</report>
			<report>
				<misses>2078001</misses>
				<total>20</total>
				<timestamp>539.740186</timestamp>
			</report>
			<report>
				<misses>2079001</misses>
				<total>20</total>
				<timestamp>539.999930</timestamp>
			</report>
			<report>
				<misses>2080001</misses>
				<total>20</total>
				<timestamp>540.259664</timestamp>
			</report>
			<report>
				<misses>2081001</misses>
				<total>20</total>
				<timestamp>540.519377</timestamp>
			</report>
			<report>
				<misses>2082001</misses>
				<total>20</total>
				<timestamp>540.779170</timestamp>
			</report>
			<report>
				<misses>2083001</misses>
				<total>20</total>
				<timestamp>541.038852</timestamp>
			</report>
			<report>
				<misses>2084001</misses>
				<total>20</total>
				<timestamp>541.298597</timestamp>
			</report>
			<report>
				<misses>2085001</misses>
				<total>20</total>
				<timestamp>541.558325</timestamp>
			</report>
			<report>
				<misses>2086001</misses>
				<total>20</total>
				<timestamp>541.818091</timestamp>
			</report>
			<report>
				<misses>2087001</misses>
				<total>20</total>
				<timestamp>542.077828</timestamp>
			</report>
			<report>
				<misses>2088001</misses>
				<total>20</total>
				<timestamp>542.337562</timestamp>
			</report>
			<report>
				<misses>2089001</misses>
				<total>20</total>
				<timestamp>542.597302</timestamp>
			</report>
			<report>
				<misses>2090001</misses>
				<total>20</total>
				<timestamp>542.857065</timestamp>
			</report>
			<report>
				<misses>2091001</misses>
				<total>20</total>
				<timestamp>543.116838</timestamp>
			</report>
			<report>
				<misses>2092001</misses>
				<total>20</total>
				<timestamp>543.376509</timestamp>
			</report>
			<report>
				<misses>2093001</misses>
				<total>20</total>
				<timestamp>543.636275</timestamp>
			</report>
			<report>
				<misses>2094001</misses>
				<total>20</total>
				<timestamp>543.896007</timestamp>
			</report>
			<report>
				<misses>2095001</misses>
				<total>20</total>
				<timestamp>544.155748</timestamp>
			</report>
			<report>
				<misses>2096001</misses>
				<total>20</total>
				<timestamp>544.415481</timestamp>
			</report>
			<report>
				<misses>2097001</misses>
				<total>20</total>
				<timestamp>544.675230</timestamp>
			</report>
			<report>
				<misses>2098001</misses>
				<total>20</total>
				<timestamp>544.934996</timestamp>
			</report>
			<report>
				<misses>2099001</misses>
				<total>20</total>
				<timestamp>545.194701</timestamp>
			</report>
			<report>
				<misses>2100001</misses>
				<total>20</total>
				<timestamp>545.454453</timestamp>
			</report>
			<report>
				<misses>2101001</misses>
				<total>20</total>
				<timestamp>545.714188</timestamp>
			</report>
			<report>
				<misses>2102001</misses>
				<total>20</total>
				<timestamp>545.973953</timestamp>
			</report>
			<report>
				<misses>2103001</misses>
				<total>20</total>
				<timestamp>546.233685</timestamp>
			</report>
			<report>
				<misses>2104001</misses>
				<total>20</total>
				<timestamp>546.493410</timestamp>
			</report>
			<report>
				<misses>2105001</misses>
				<total>20</total>
				<timestamp>546.753142</timestamp>
			</report>
			<report>
				<misses>2106001</misses>
				<total>20</total>
				<timestamp>547.012924</timestamp>
			</report>
			<report>
				<misses>2107001</misses>
				<total>20</total>
				<timestamp>547.272610</timestamp>
			</report>
			<report>
				<misses>2108001</misses>
				<total>20</total>
				<timestamp>547.532340</timestamp>
			</report>
			<report>
				<misses>2109001</misses>
				<total>20</total>
				<timestamp>547.792125</timestamp>
			</report>
			<report>
				<misses>2110001</misses>
				<total>20</total>
				<timestamp>548.051863</timestamp>
			</report>
			<report>
				<misses>2111001</misses>
				<total>20</total>
				<timestamp>548.311589</timestamp>
			</report>
			<report>
				<misses>2112001</misses>
				<total>20</total>
				<timestamp>548.571365</timestamp>
			</report>
			<report>
				<misses>2113001</misses>
				<total>20</total>
				<timestamp>548.831071</timestamp>
			</report>
			<report>
				<misses>2114001</misses>
				<total>20</total>
				<timestamp>549.090819</timestamp>
			</report>
			<report>
				<misses>2115001</misses>
				<total>20</total>
				<timestamp>549.350562</timestamp>
			</report>
			<report>
				<misses>2116001</misses>
				<total>20</total>
				<timestamp>549.610260</timestamp>
			</report>
			<report>
				<misses>2117001</misses>
				<total>20</total>
				<timestamp>549.870051</timestamp>
			</report>
			<report>
				<misses>2118001</misses>
				<total>20</total>
				<timestamp>550.129803</timestamp>
			</report>
			<report>
				<misses>2119001</misses>
				<total>20</total>
				<timestamp>550.389486</timestamp>
			</report>
			<report>
				<misses>2120001</misses>
				<total>20</total>
				<timestamp>550.649250</timestamp>
			</report>
			<report>
				<misses>2121001</misses>
				<total>20</total>
				<timestamp>550.908968</timestamp>
			</report>
			<report>
				<misses>2122001</misses>
				<total>20</total>
				<timestamp>551.168718</timestamp>
			</report>
			<report>
				<misses>2123001</misses>
				<total>20</total>
				<timestamp>551.428491</timestamp>
			</report>
			<report>
				<misses>2124001</misses>
				<total>20</total>
				<timestamp>551.688189</timestamp>
			</report>
			<report>
				<misses>2125001</misses>
				<total>20</total>
				<timestamp>551.947929</timestamp>
			</report>
			<report>
				<misses>2126001</misses>
				<total>20</total>
				<timestamp>552.207679</timestamp>
			</report>
			<report>
				<misses>2127001</misses>
				<total>20</total>
				<timestamp>552.467445</timestamp>
			</report>
			<report>
				<misses>2128001</misses>
				<total>20</total>
				<timestamp>552.727135</timestamp>
			</report>
			<report>
				<misses>2129001</misses>
				<total>20</total>
				<timestamp>552.986919</timestamp>
			</report>
			<report>
				<misses>2130001</misses>
				<total>20</total>
				<timestamp>553.246637</timestamp>
			</report>
			<report>
				<misses>2131001</misses>
				<total>20</total>
				<timestamp>553.506390</timestamp>
			</report>
			<report>
				<misses>2132001</misses>
				<total>20</total>
				<timestamp>553.766127</timestamp>
			</report>
			<report>
				<misses>2133001</misses>
				<total>20</total>
				<timestamp>554.025890</timestamp>
			</report>
			<report>
				<misses>2134001</misses>
				<total>20</total>
				<timestamp>554.285599</timestamp>
			</report>
			<report>
				<misses>2135001</misses>
				<total>20</total>
				<timestamp>554.545337</timestamp>
			</report>
			<report>
				<misses>2136001</misses>
				<total>21</total>
				<timestamp>554.805104</timestamp>
			</report>
			<report>
				<misses>2137001</misses>
				<total>21</total>
				<timestamp>555.064844</timestamp>
			</report>
			<report>
				<misses>2138001</misses>
				<total>21</total>
				<timestamp>555.324561</timestamp>
			</report>
			<report>
				<misses>2139001</misses>
				<total>21</total>
				<timestamp>555.584317</timestamp>
			</report>
			<report>
				<misses>2140001</misses>
				<total>21</total>
				<timestamp>555.844084</timestamp>
			</report>
			<report>
				<misses>2141001</misses>
				<total>21</total>
				<timestamp>556.103794</timestamp>
			</report>
			<report>
				<misses>2142001</misses>
				<total>21</total>
				<timestamp>556.363543</timestamp>
			</report>
			<report>
				<misses>2143001</misses>
				<total>21</total>
				<timestamp>556.623266</timestamp>
			</report>
			<report>
				<misses>2144001</misses>
				<total>21</total>
				<timestamp>556.883058</timestamp>
			</report>
			<report>
				<misses>2145001</misses>
				<total>21</total>
				<timestamp>557.142789</timestamp>
			</report>
			<report>
				<misses>2146001</misses>
				<total>21</total>
				<timestamp>557.402516</timestamp>
			</report>
			<report>
				<misses>2147001</misses>
				<total>21</total>
				<timestamp>557.662228</timestamp>
			</report>
			<report>
				<misses>2148001</misses>
				<total>21</total>
				<timestamp>557.921958</timestamp>
			</report>
			<report>
				<misses>2149001</misses>
				<total>21</total>
				<timestamp>558.181729</timestamp>
			</report>
			<report>
				<misses>2150001</misses>
				<total>21</total>
				<timestamp>558.441466</timestamp>
			</report>
			<report>
				<misses>2151001</misses>
				<total>21</total>
				<timestamp>558.701184</timestamp>
			</report>
			<report>
				<misses>2152001</misses>
				<total>21</total>
				<timestamp>558.960915</timestamp>
			</report>
			<report>
				<misses>2153001</misses>
				<total>21</total>
				<timestamp>559.220656</timestamp>
			</report>
			<report>
				<misses>2154001</misses>
				<total>21</total>
				<timestamp>559.480412</timestamp>
			</report>
			<report>
				<misses>2155001</misses>
				<total>21</total>
				<timestamp>559.740147</timestamp>
			</report>
			<report>
				<misses>2156001</misses>
				<total>21</total>
				<timestamp>559.999879</timestamp>
			</report>
			<report>
				<misses>2157001</misses>
				<total>21</total>
				<timestamp>560.259637</timestamp>
			</report>
			<report>
				<misses>2158001</misses>
				<total>21</total>
				<timestamp>560.519370</timestamp>
			</report>
			<report>
				<misses>2159001</misses>
				<total>21</total>
				<timestamp>560.779096</timestamp>
			</report>
			<report>
				<misses>2160001</misses>
				<total>21</total>
				<timestamp>561.038846</timestamp>
			</report>
			<report>
				<misses>2161001</misses>
				<total>21</total>
				<timestamp>561.298572</timestamp>
			</report>
			<report>
				<misses>2162001</misses>
				<total>21</total>
				<timestamp>561.558350</timestamp>
			</report>
			<report>
				<misses>2163001</misses>
				<total>21</total>
				<timestamp>561.818063</timestamp>
			</report>
			<report>
				<misses>2164001</misses>
				<total>21</total>
				<timestamp>562.077811</timestamp>
			</report>
			<report>
				<misses>2165001</misses>
				<total>21</total>
				<timestamp>562.337533</timestamp>
			</report>
			<report>
				<misses>2166001</misses>
				<total>21</total>
				<timestamp>562.597269</timestamp>
			</report>
			<report>
				<misses>2167001</misses>
				<total>21</total>
				<timestamp>562.857036</timestamp>
			</report>
			<report>
				<misses>2168001</misses>
				<total>21</total>
				<timestamp>563.116839</timestamp>
			</report>
			<report>
				<misses>2169001</misses>
				<total>21</total>
				<timestamp>563.376512</timestamp>
			</report>
			<report>
				<misses>2170001</misses>
				<total>21</total>
				<timestamp>563.636230</timestamp>
			</report>
			<report>
				<misses>2171001</misses>
				<total>21</total>
				<timestamp>563.895979</timestamp>
			</report>
			<report>
				<misses>2172001</misses>
				<total>21</total>
				<timestamp>564.155722</timestamp>
			</report>
			<report>
				<misses>2173001</misses>
				<total>21</total>
				<timestamp>564.415491</timestamp>
			</report>
			<report>
				<misses>2174001</misses>
				<total>21</total>
				<timestamp>564.675174</timestamp>
			</report>
			<report>
				<misses>2175001</misses>
				<total>21</total>
				<timestamp>564.934958</timestamp>
			</report>
			<report>
				<misses>2176001</misses>
				<total>21</total>
				<timestamp>565.194672</timestamp>
			</report>
			<report>
				<misses>2177001</misses>
				<total>21</total>
				<timestamp>565.454420</timestamp>
			</report>
			<report>
				<misses>2178001</misses>
				<total>21</total>
				<timestamp>565.714175</timestamp>
			</report>
			<report>
				<misses>2179001</misses>
				<total>21</total>
				<timestamp>565.973929</timestamp>
			</report>
			<report>
				<misses>2180001</misses>
				<total>21</total>
				<timestamp>566.233662</timestamp>
			</report>
			<report>
				<misses>2181001</misses>
				<total>21</total>
				<timestamp>566.493381</timestamp>
			</report>
			<report>
				<misses>2182001</misses>
				<total>21</total>
				<timestamp>566.753114</timestamp>
			</report>
			<report>
				<misses>2183001</misses>
				<total>21</total>
				<timestamp>567.012874</timestamp>
			</report>
			<report>
				<misses>2184001</misses>
				<total>21</total>
				<timestamp>567.272605</timestamp>
			</report>
			<report>
				<misses>2185001</misses>
				<total>21</total>
				<timestamp>567.532329</timestamp>
			</report>
			<report>
				<misses>2186001</misses>
				<total>21</total>
				<timestamp>567.792070</timestamp>
			</report>
			<report>
				<misses>2187001</misses>
				<total>21</total>
				<timestamp>568.051813</timestamp>
			</report>
			<report>
				<misses>2188001</misses>
				<total>21</total>
				<timestamp>568.311561</timestamp>
			</report>
			<report>
				<misses>2189001</misses>
				<total>21</total>
				<timestamp>568.571302</timestamp>
			</report>
			<report>
				<misses>2190001</misses>
				<total>21</total>
				<timestamp>568.831037</timestamp>
			</report>
			<report>
				<misses>2191001</misses>
				<total>21</total>
				<timestamp>569.090815</timestamp>
			</report>
			<report>
				<misses>2192001</misses>
				<total>21</total>
				<timestamp>569.350527</timestamp>
			</report>
			<report>
				<misses>2193001</misses>
				<total>21</total>
				<timestamp>569.610253</timestamp>
			</report>
			<report>
				<misses>2194001</misses>
				<total>21</total>
				<timestamp>569.870002</timestamp>
			</report>
			<report>
				<misses>2195001</misses>
				<total>21</total>
				<timestamp>570.129738</timestamp>
			</report>
			<report>
				<misses>2196001</misses>
				<total>21</total>
				<timestamp>570.389468</timestamp>
			</report>
			<report>
				<misses>2197001</misses>
				<total>21</total>
				<timestamp>570.649223</timestamp>
			</report>
			<report>
				<misses>2198001</misses>
				<total>21</total>
				<timestamp>570.908970</timestamp>
			</report>
			<report>
				<misses>2199001</misses>
				<total>21</total>
				<timestamp>571.168694</timestamp>
			</report>
			<report>
				<misses>2200001</misses>
				<total>21</total>
				<timestamp>571.428420</timestamp>
			</report>
			<report>
				<misses>2201001</misses>
				<total>21</total>
				<timestamp>571.688221</timestamp>
			</report>
			<report>
				<misses>2202001</misses>
				<total>21</total>
				<timestamp>571.947941</timestamp>
			</report>
			<report>
				<misses>2203001</misses>
				<total>21</total>
				<timestamp>572.207679</timestamp>
			</report>
			<report>
				<misses>2204001</misses>
				<total>21</total>
				<timestamp>572.467384</timestamp>
			</report>
			<report>
				<misses>2205001</misses>
				<total>21</total>
				<timestamp>572.727144</timestamp>
			</report>
			<report>
				<misses>2206001</misses>
				<total>21</total>
				<timestamp>572.986934</timestamp>
			</report>
			<report>
				<misses>2207001</misses>
				<total>21</total>
				<timestamp>573.246647</timestamp>
			</report>
			<report>
				<misses>2208001</misses>
				<total>21</total>
				<timestamp>573.506358</timestamp>
			</report>
			<report>
				<misses>2209001</misses>
				<total>21</total>
				<timestamp>573.766113</timestamp>
			</report>
			<report>
				<misses>2210001</misses>
				<total>21</total>
				<timestamp>574.025887</timestamp>
			</report>
			<report>
				<misses>2211001</misses>
				<total>21</total>
				<timestamp>574.285600</timestamp>
			</report>
			<report>
				<misses>2212001</misses>
				<total>21</total>
				<timestamp>574.545310</timestamp>
			</report>
			<report>
				<misses>2213001</misses>
				<total>21</total>
				<timestamp>574.805064</timestamp>
			</report>
			<report>
				<misses>2214001</misses>
				<total>21</total>
				<timestamp>575.064802</timestamp>
			</report>
			<report>
				<misses>2215001</misses>
				<total>21</total>
				<timestamp>575.324586</timestamp>
			</report>
			<report>
				<misses>2216001</misses>
				<total>21</total>
				<timestamp>575.584336</timestamp>
			</report>
			<report>
				<misses>2217001</misses>
				<total>21</total>
				<timestamp>575.844035</timestamp>
			</report>
			<report>
				<misses>2218001</misses>
				<total>21</total>
				<timestamp>576.103778</timestamp>
			</report>
			<report>
				<misses>2219001</misses>
				<total>21</total>
				<timestamp>576.363529</timestamp>
			</report>
			<report>
				<misses>2220001</misses>
				<total>21</total>
				<timestamp>576.623261</timestamp>
			</report>
			<report>
				<misses>2221001</misses>
				<total>21</total>
				<timestamp>576.882979</timestamp>
			</report>
			<report>
				<misses>2222001</misses>
				<total>21</total>
				<timestamp>577.142738</timestamp>
			</report>
			<report>
				<misses>2223001</misses>
				<total>21</total>
				<timestamp>577.402451</timestamp>
			</report>
			<report>
				<misses>2224001</misses>
				<total>21</total>
				<timestamp>577.662210</timestamp>
			</report>
			<report>
				<misses>2225001</misses>
				<total>21</total>
				<timestamp>577.921943</timestamp>
			</report>
			<report>
				<misses>2226001</misses>
				<total>21</total>
				<timestamp>578.181706</timestamp>
			</report>
			<report>
				<misses>2227001</misses>
				<total>21</total>
				<timestamp>578.441441</timestamp>
			</report>
			<report>
				<misses>2228001</misses>
				<total>21</total>
				<timestamp>578.701176</timestamp>
			</report>
			<report>
				<misses>2229001</misses>
				<total>21</total>
				<timestamp>578.960904</timestamp>
			</report>
			<report>
				<misses>2230001</misses>
				<total>21</total>
				<timestamp>579.220633</timestamp>
			</report>
			<report>
				<misses>2231001</misses>
				<total>21</total>
				<timestamp>579.480389</timestamp>
			</report>
			<report>
				<misses>2232001</misses>
				<total>21</total>
				<timestamp>579.740138</timestamp>
			</report>
			<report>
				<misses>2233001</misses>
				<total>21</total>
				<timestamp>579.999873</timestamp>
			</report>
			<report>
				<misses>2234001</misses>
				<total>21</total>
				<timestamp>580.259598</timestamp>
			</report>
			<report>
				<misses>2235001</misses>
				<total>21</total>
				<timestamp>580.519351</timestamp>
			</report>
			<report>
				<misses>2236001</misses>
				<total>21</total>
				<timestamp>580.779088</timestamp>
			</report>
			<report>
				<misses>2237001</misses>
				<total>21</total>
				<timestamp>581.038838</timestamp>
			</report>
			<report>
				<misses>2238001</misses>
				<total>23</total>
				<timestamp>581.298546</timestamp>
			</report>
			<report>
				<misses>2239001</misses>
				<total>23</total>
				<timestamp>581.558304</timestamp>
			</report>
			<report>
				<misses>2240001</misses>
				<total>23</total>
				<timestamp>581.818030</timestamp>
			</report>
			<report>
				<misses>2241001</misses>
				<total>23</total>
				<timestamp>582.077811</timestamp>
			</report>
			<report>
				<misses>2242001</misses>
				<total>23</total>
				<timestamp>582.337526</timestamp>
			</report>
			<report>
				<misses>2243001</misses>
				<total>23</total>
				<timestamp>582.597286</timestamp>
			</report>
			<report>
				<misses>2244001</misses>
				<total>23</total>
				<timestamp>582.857006</timestamp>
			</report>
			<report>
				<misses>2245001</misses>
				<total>23</total>
				<timestamp>583.116739</timestamp>
			</report>
			<report>
				<misses>2246001</misses>
				<total>23</total>
				<timestamp>583.376472</timestamp>
			</report>
			<report>
				<misses>2247001</misses>
				<total>23</total>
				<timestamp>583.636239</timestamp>
			</report>
			<report>
				<misses>2248001</misses>
				<total>23</total>
				<timestamp>583.895958</timestamp>
			</report>
			<report>
				<misses>2249001</misses>
				<total>23</total>
				<timestamp>584.155736</timestamp>
			</report>
			<report>
				<misses>2250001</misses>
				<total>23</total>
				<timestamp>584.415457</timestamp>
			</report>
			<report>
				<misses>2251001</misses>
				<total>23</total>
				<timestamp>584.675205</timestamp>
			</report>
			<report>
				<misses>2252001</misses>
				<total>23</total>
				<timestamp>584.934926</timestamp>
			</report>
			<report>
				<misses>2253001</misses>
				<total>23</total>
				<timestamp>585.194698</timestamp>
			</report>
			<report>
				<misses>2254001</misses>
				<total>23</total>
				<timestamp>585.454400</timestamp>
			</report>
			<report>
				<misses>2255001</misses>
				<total>23</total>
				<timestamp>585.714147</timestamp>
			</report>
			<report>
				<misses>2256001</misses>
				<total>23</total>
				<timestamp>585.973879</timestamp>
			</report>
			<report>
				<misses>2257001</misses>
				<total>23</total>
				<timestamp>586.233641</timestamp>
			</report>
			<report>
				<misses>2258001</misses>
				<total>23</total>
				<timestamp>586.493370</timestamp>
			</report>
			<report>
				<misses>2259001</misses>
				<total>23</total>
				<timestamp>586.753114</timestamp>
			</report>
			<report>
				<misses>2260001</misses>
				<total>23</total>
				<timestamp>587.012846</timestamp>
			</report>
			<report>
				<misses>2261001</misses>
				<total>23</total>
				<timestamp>587.272574</timestamp>
			</report>
			<report>
				<misses>2262001</misses>
				<total>23</total>
				<timestamp>587.532308</timestamp>
			</report>
			<report>
				<misses>2263001</misses>
				<total>23</total>
				<timestamp>587.792074</timestamp>
			</report>
			<report>
				<misses>2264001</misses>
				<total>23</total>
				<timestamp>588.051858</timestamp>
			</report>
			<report>
				<misses>2265001</misses>
				<total>23</total>
				<timestamp>588.311555</timestamp>
			</report>
			<report>
				<misses>2266001</misses>
				<total>23</total>
				<timestamp>588.571283</timestamp>
			</report>
			<report>
				<misses>2267001</misses>
				<total>23</total>
				<timestamp>588.831007</timestamp>
			</report>
			<report>
				<misses>2268001</misses>
				<total>23</total>
				<timestamp>589.090761</timestamp>
			</report>
			<report>
				<misses>2269001</misses>
				<total>23</total>
				<timestamp>589.350515</timestamp>
			</report>
			<report>
				<misses>2270001</misses>
				<total>23</total>
				<timestamp>589.610275</timestamp>
			</report>
			<report>
				<misses>2271001</misses>
				<total>23</total>
				<timestamp>589.869977</timestamp>
			</report>
			<report>
				<misses>2272001</misses>
				<total>23</total>
				<timestamp>590.129730</timestamp>
			</report>
			<report>
				<misses>2273001</misses>
				<total>23</total>
				<timestamp>590.389461</timestamp>
			</report>
			<report>
				<misses>2274001</misses>
				<total>23</total>
				<timestamp>590.649190</timestamp>
			</report>
			<report>
				<misses>2275001</misses>
				<total>23</total>
				<timestamp>590.908947</timestamp>
			</report>
			<report>
				<misses>2276001</misses>
				<total>23</total>
				<timestamp>591.168706</timestamp>
			</report>
			<report>
				<misses>2277001</misses>
				<total>23</total>
				<timestamp>591.428435</timestamp>
			</report>
			<report>
				<misses>2278001</misses>
				<total>23</total>
				<timestamp>591.688180</timestamp>
			</report>
			<report>
				<misses>2279001</misses>
				<total>23</total>
				<timestamp>591.947897</timestamp>
			</report>
			<report>
				<misses>2280001</misses>
				<total>23</total>
				<timestamp>592.207677</timestamp>
			</report>
			<report>
				<misses>2281001</misses>
				<total>23</total>
				<timestamp>592.467379</timestamp>
			</report>
			<report>
				<misses>2282001</misses>
				<total>23</total>
				<timestamp>592.727119</timestamp>
			</report>
			<report>
				<misses>2283001</misses>
				<total>23</total>
				<timestamp>592.986853</timestamp>
			</report>
			<report>
				<misses>2284001</misses>
				<total>23</total>
				<timestamp>593.246669</timestamp>
			</report>
			<report>
				<misses>2285001</misses>
				<total>23</total>
				<timestamp>593.506330</timestamp>
			</report>
			<report>
				<misses>2286001</misses>
				<total>23</total>
				<timestamp>593.766088</timestamp>
			</report>
			<report>
				<misses>2287001</misses>
				<total>23</total>
				<timestamp>594.025857</timestamp>
			</report>
			<report>
				<misses>2288001</misses>
				<total>23</total>
				<timestamp>594.285583</timestamp>
			</report>
			<report>
				<misses>2289001</misses>
				<total>23</total>
				<timestamp>594.545307</timestamp>
			</report>
			<report>
				<misses>2290001</misses>
				<total>23</total>
				<timestamp>594.805037</timestamp>
			</report>
			<report>
				<misses>2291001</misses>
				<total>23</total>
				<timestamp>595.064785</timestamp>
			</report>
			<report>
				<misses>2292001</misses>
				<total>23</total>
				<timestamp>595.324512</timestamp>
			</report>
			<report>
				<misses>2293001</misses>
				<total>23</total>
				<timestamp>595.584282</timestamp>
			</report>
			<report>
				<misses>2294001</misses>
				<total>23</total>
				<timestamp>595.843989</timestamp>
			</report>
			<report>
				<misses>2295001</misses>
				<total>23</total>
				<timestamp>596.103759</timestamp>
			</report>
			<report>
				<misses>2296001</misses>
				<total>23</total>
				<timestamp>596.363532</timestamp>
			</report>
			<report>
				<misses>2297001</misses>
				<total>23</total>
				<timestamp>596.623236</timestamp>
			</report>
			<report>
				<misses>2298001</misses>
				<total>23</total>
				<timestamp>596.882950</timestamp>
			</report>
			<report>
				<misses>2299001</misses>
				<total>23</total>
				<timestamp>597.142724</timestamp>
			</report>
			<report>
				<misses>2300001</misses>
				<total>23</total>
				<timestamp>597.402438</timestamp>
			</report>
			<report>
				<misses>2301001</misses>
				<total>23</total>
				<timestamp>597.662177</timestamp>
			</report>
			<report>
				<misses>2302001</misses>
				<total>23</total>
				<timestamp>597.921963</timestamp>
			</report>
			<report>
				<misses>2303001</misses>
				<total>23</total>
				<timestamp>598.181664</timestamp>
			</report>
			<report>
				<misses>2304001</misses>
				<total>23</total>
				<timestamp>598.441447</timestamp>
			</report>
			<report>
				<misses>2305001</misses>
				<total>23</total>
				<timestamp>598.701133</timestamp>
			</report>
			<report>
				<misses>2306001</misses>
				<total>23</total>
				<timestamp>598.960866</timestamp>
			</report>
			<report>
				<misses>2307001</misses>
				<total>23</total>
				<timestamp>599.220660</timestamp>
			</report>
			<report>
				<misses>2308001</misses>
				<total>23</total>
				<timestamp>599.480338</timestamp>
			</report>
			<report>
				<misses>2309001</misses>
				<total>23</total>
				<timestamp>599.740116</timestamp>
			</report>
			<report>
				<misses>2310001</misses>
				<total>23</total>
				<timestamp>599.999840</timestamp>
			</report>
			<report>
				<misses>2311001</misses>
				<total>23</total>
				<timestamp>600.259679</timestamp>
			</report>
			<report>
				<misses>2312001</misses>
				<total>23</total>
				<timestamp>600.519343</timestamp>
			</report>
			<report>
				<misses>2313001</misses>
				<total>23</total>
				<timestamp>600.779055</timestamp>
			</report>
			<report>
				<misses>2314001</misses>
				<total>23</total>
				<timestamp>601.038821</timestamp>
			</report>
			<report>
				<misses>2315001</misses>
				<total>23</total>
				<timestamp>601.298591</timestamp>
			</report>
			<report>
				<misses>2316001</misses>
				<total>23</total>
				<timestamp>601.558283</timestamp>
			</report>
			<report>
				<misses>2317001</misses>
				<total>23</total>
				<timestamp>601.818045</timestamp>
			</report>
			<report>
				<misses>2318001</misses>
				<total>23</total>
				<timestamp>602.077768</timestamp>
			</report>
			<report>
				<misses>2319001</misses>
				<total>23</total>
				<timestamp>602.337524</timestamp>
			</report>
			<report>
				<misses>2320001</misses>
				<total>23</total>
				<timestamp>602.597233</timestamp>
			</report>
			<report>
				<misses>2321001</misses>
				<total>23</total>
				<timestamp>602.856979</timestamp>
			</report>
			<report>
				<misses>2322001</misses>
				<total>23</total>
				<timestamp>603.116746</timestamp>
			</report>
			<report>
				<misses>2323001</misses>
				<total>23</total>
				<timestamp>603.376457</timestamp>
			</report>
			<report>
				<misses>2324001</misses>
				<total>23</total>
				<timestamp>603.636206</timestamp>
			</report>
			<report>
				<misses>2325001</misses>
				<total>23</total>
				<timestamp>603.895932</timestamp>
			</report>
			<report>
				<misses>2326001</misses>
				<total>23</total>
				<timestamp>604.155671</timestamp>
			</report>
			<report>
				<misses>2327001</misses>
				<total>23</total>
				<timestamp>604.415426</timestamp>
			</report>
			<report>
				<misses>2328001</misses>
				<total>23</total>
				<timestamp>604.675166</timestamp>
			</report>
			<report>
				<misses>2329001</misses>
				<total>23</total>
				<timestamp>604.934919</timestamp>
			</report>
			<report>
				<misses>2330001</misses>
				<total>23</total>
				<timestamp>605.194658</timestamp>
			</report>
			<report>
				<misses>2331001</misses>
				<total>23</total>
				<timestamp>605.454396</timestamp>
			</report>
			<report>
				<misses>2332001</misses>
				<total>23</total>
				<timestamp>605.714128</timestamp>
			</report>
			<report>
				<misses>2333001</misses>
				<total>23</total>
				<timestamp>605.973866</timestamp>
			</report>
			<report>
				<misses>2334001</misses>
				<total>23</total>
				<timestamp>606.233621</timestamp>
			</report>
			<report>
				<misses>2335001</misses>
				<total>23</total>
				<timestamp>606.493345</timestamp>
			</report>
			<report>
				<misses>2336001</misses>
				<total>23</total>
				<timestamp>606.753081</timestamp>
			</report>
			<report>
				<misses>2337001</misses>
				<total>23</total>
				<timestamp>607.012823</timestamp>
			</report>
			<report>
				<misses>2338001</misses>
				<total>23</total>
				<timestamp>607.272589</timestamp>
			</report>
			<report>
				<misses>2339001</misses>
				<total>23</total>
				<timestamp>607.532292</timestamp>
			</report>
			<report>
				<misses>2340001</misses>
				<total>23</total>
				<timestamp>607.792039</timestamp>
			</report>
			<report>
				<misses>2341001</misses>
				<total>23</total>
				<timestamp>608.051798</timestamp>
			</report>
			<report>
				<misses>2342001</misses>
				<total>23</total>
				<timestamp>608.311547</timestamp>
			</report>
			<report>
				<misses>2343001</misses>
				<total>23</total>
				<timestamp>608.571255</timestamp>
			</report>
			<report>
				<misses>2344001</misses>
				<total>23</total>
				<timestamp>608.831015</timestamp>
			</report>
			<report>
				<misses>2345001</misses>
				<total>23</total>
				<timestamp>609.090734</timestamp>
			</report>
			<report>
				<misses>2346001</misses>
				<total>23</total>
				<timestamp>609.350492</timestamp>
			</report>
			<report>
				<misses>2347001</misses>
				<total>23</total>
				<timestamp>609.610234</timestamp>
			</report>
			<report>
				<misses>2348001</misses>
				<total>23</total>
				<timestamp>609.869946</timestamp>
			</report>
			<report>
				<misses>2349001</misses>
				<total>23</total>
				<timestamp>610.129712</timestamp>
			</report>
			<report>
				<misses>2350001</misses>
				<total>23</total>
				<timestamp>610.389484</timestamp>
			</report>
			<report>
				<misses>2351001</misses>
				<total>23</total>
				<timestamp>610.649212</timestamp>
			</report>
			<report>
				<misses>2352001</misses>
				<total>23</total>
				<timestamp>610.908908</timestamp>
			</report>
			<report>
				<misses>2353001</misses>
				<total>23</total>
				<timestamp>611.168675</timestamp>
			</report>
			<report>
				<misses>2354001</misses>
				<total>23</total>
				<timestamp>611.428421</timestamp>
			</report>
			<report>
				<misses>2355001</misses>
				<total>23</total>
				<timestamp>611.688180</timestamp>
			</report>
			<report>
				<misses>2356001</misses>
				<total>23</total>
				<timestamp>611.947917</timestamp>
			</report>
			<report>
				<misses>2357001</misses>
				<total>23</total>
				<timestamp>612.207653</timestamp>
			</report>
			<report>
				<misses>2358001</misses>
				<total>23</total>
				<timestamp>612.467406</timestamp>
			</report>
			<report>
				<misses>2359001</misses>
				<total>23</total>
				<timestamp>612.727111</timestamp>
			</report>
			<report>
				<misses>2360001</misses>
				<total>23</total>
				<timestamp>612.986835</timestamp>
			</report>
			<report>
				<misses>2361001</misses>
				<total>23</total>
				<timestamp>613.246600</timestamp>
			</report>
			<report>
				<misses>2362001</misses>
				<total>23</total>
				<timestamp>613.506322</timestamp>
			</report>
			<report>
				<misses>2363001</misses>
				<total>23</total>
				<timestamp>613.766053</timestamp>
			</report>
			<report>
				<misses>2364001</misses>
				<total>23</total>
				<timestamp>614.025808</timestamp>
			</report>
			<report>
				<misses>2365001</misses>
				<total>23</total>
				<timestamp>614.285553</timestamp>
			</report>
			<report>
				<misses>2366001</misses>
				<total>23</total>
				<timestamp>614.545275</timestamp>
			</report>
			<report>
				<misses>2367001</misses>
				<total>23</total>
				<timestamp>614.805030</timestamp>
			</report>
			<report>
				<misses>2368001</misses>
				<total>23</total>
				<timestamp>615.064789</timestamp>
			</report>
			<report>
				<misses>2369001</misses>
				<total>23</total>
				<timestamp>615.324507</timestamp>
			</report>
			<report>
				<misses>2370001</misses>
				<total>23</total>
				<timestamp>615.584262</timestamp>
			</report>
			<report>
				<misses>2371001</misses>
				<total>23</total>
				<timestamp>615.844004</timestamp>
			</report>
			<report>
				<misses>2372001</misses>
				<total>23</total>
				<timestamp>616.103741</timestamp>
			</report>
			<report>
				<misses>2373001</misses>
				<total>23</total>
				<timestamp>616.363494</timestamp>
			</report>
			<report>
				<misses>2374001</misses>
				<total>23</total>
				<timestamp>616.623191</timestamp>
			</report>
			<report>
				<misses>2375001</misses>
				<total>23</total>
				<timestamp>616.882944</timestamp>
			</report>
			<report>
				<misses>2376001</misses>
				<total>23</total>
				<timestamp>617.142686</timestamp>
			</report>
			<report>
				<misses>2377001</misses>
				<total>23</total>
				<timestamp>617.402416</timestamp>
			</report>
			<report>
				<misses>2378001</misses>
				<total>23</total>
				<timestamp>617.662201</timestamp>
			</report>
			<report>
				<misses>2379001</misses>
				<total>23</total>
				<timestamp>617.921922</timestamp>
			</report>
			<report>
				<misses>2380001</misses>
				<total>23</total>
				<timestamp>618.181650</timestamp>
			</report>
			<report>
				<misses>2381001</misses>
				<total>23</total>
				<timestamp>618.441370</timestamp>
			</report>
			<report>
				<misses>2382001</misses>
				<total>23</total>
				<timestamp>618.701128</timestamp>
			</report>
			<report>
				<misses>2383001</misses>
				<total>23</total>
				<timestamp>618.960882</timestamp>
			</report>
			<report>
				<misses>2384001</misses>
				<total>23</total>
				<timestamp>619.220635</timestamp>
			</report>
			<report>
				<misses>2385001</misses>
				<total>23</total>
				<timestamp>619.480348</timestamp>
			</report>
			<report>
				<misses>2386001</misses>
				<total>23</total>
				<timestamp>619.740118</timestamp>
			</report>
			<report>
				<misses>2387001</misses>
				<total>23</total>
				<timestamp>619.999840</timestamp>
			</report>
			<report>
				<misses>2388001</misses>
				<total>23</total>
				<timestamp>620.259580</timestamp>
			</report>
			<report>
				<misses>2389001</misses>
				<total>23</total>
				<timestamp>620.519313</timestamp>
			</report>
			<report>
				<misses>2390001</misses>
				<total>23</total>
				<timestamp>620.779042</timestamp>
			</report>
			<report>
				<misses>2391001</misses>
				<total>23</total>
				<timestamp>621.038791</timestamp>
			</report>
			<report>
				<misses>2392001</misses>
				<total>23</total>
				<timestamp>621.298517</timestamp>
			</report>
			<report>
				<misses>2393001</misses>
				<total>23</total>
				<timestamp>621.558314</timestamp>
			</report>
			<report>
				<misses>2394001</misses>
				<total>23</total>
				<timestamp>621.817998</timestamp>
			</report>
			<report>
				<misses>2395001</misses>
				<total>23</total>
				<timestamp>622.077755</timestamp>
			</report>
			<report>
				<misses>2396001</misses>
				<total>23</total>
				<timestamp>622.337522</timestamp>
			</report>
			<report>
				<misses>2397001</misses>
				<total>23</total>
				<timestamp>622.597232</timestamp>
			</report>
			<report>
				<misses>2398001</misses>
				<total>23</total>
				<timestamp>622.856963</timestamp>
			</report>
			<report>
				<misses>2399001</misses>
				<total>23</total>
				<timestamp>623.116706</timestamp>
			</report>
			<report>
				<misses>2400001</misses>
				<total>23</total>
				<timestamp>623.376470</timestamp>
			</report>
			<report>
				<misses>2401001</misses>
				<total>23</total>
				<timestamp>623.636186</timestamp>
			</report>
			<report>
				<misses>2402001</misses>
				<total>23</total>
				<timestamp>623.895927</timestamp>
			</report>
			<report>
				<misses>2403001</misses>
				<total>23</total>
				<timestamp>624.155699</timestamp>
			</report>
			<report>
				<misses>2404001</misses>
				<total>23</total>
				<timestamp>624.415427</timestamp>
			</report>
			<report>
				<misses>2405001</misses>
				<total>23</total>
				<timestamp>624.675160</timestamp>
			</report>
			<report>
				<misses>2406001</misses>
				<total>23</total>
				<timestamp>624.934881</timestamp>
			</report>
			<report>
				<misses>2407001</misses>
				<total>23</total>
				<timestamp>625.194619</timestamp>
			</report>
			<report>
				<misses>2408001</misses>
				<total>23</total>
				<timestamp>625.454368</timestamp>
			</report>
			<report>
				<misses>2409001</misses>
				<total>23</total>
				<timestamp>625.714113</timestamp>
			</report>
			<report>
				<misses>2410001</misses>
				<total>23</total>
				<timestamp>625.973833</timestamp>
			</report>
			<report>
				<misses>2411001</misses>
				<total>23</total>
				<timestamp>626.233626</timestamp>
			</report>
			<report>
				<misses>2412001</misses>
				<total>23</total>
				<timestamp>626.493316</timestamp>
			</report>
			<report>
				<misses>2413001</misses>
				<total>23</total>
				<timestamp>626.753060</timestamp>
			</report>
			<report>
				<misses>2414001</misses>
				<total>23</total>
				<timestamp>627.012794</timestamp>
			</report>
			<report>
				<misses>2415001</misses>
				<total>23</total>
				<timestamp>627.272578</timestamp>
			</report>
			<report>
				<misses>2416001</misses>
				<total>23</total>
				<timestamp>627.532268</timestamp>
			</report>
			<report>
				<misses>2417001</misses>
				<total>23</total>
				<timestamp>627.792025</timestamp>
			</report>
			<report>
				<misses>2418001</misses>
				<total>23</total>
				<timestamp>628.051762</timestamp>
			</report>
			<report>
				<misses>2419001</misses>
				<total>23</total>
				<timestamp>628.311597</timestamp>
			</report>
			<report>
				<misses>2420001</misses>
				<total>23</total>
				<timestamp>628.571257</timestamp>
			</report>
			<report>
				<misses>2421001</misses>
				<total>23</total>
				<timestamp>628.830974</timestamp>
			</report>
			<report>
				<misses>2422001</misses>
				<total>23</total>
				<timestamp>629.090748</timestamp>
			</report>
			<report>
				<misses>2423001</misses>
				<total>23</total>
				<timestamp>629.350491</timestamp>
			</report>
			<report>
				<misses>2424001</misses>
				<total>23</total>
				<timestamp>629.610195</timestamp>
			</report>
			<report>
				<misses>2425001</misses>
				<total>23</total>
				<timestamp>629.869923</timestamp>
			</report>
			<report>
				<misses>2426001</misses>
				<total>23</total>
				<timestamp>630.129687</timestamp>
			</report>
			<report>
				<misses>2427001</misses>
				<total>23</total>
				<timestamp>630.389414</timestamp>
			</report>
			<report>
				<misses>2428001</misses>
				<total>23</total>
				<timestamp>630.649174</timestamp>
			</report>
			<report>
				<misses>2429001</misses>
				<total>23</total>
				<timestamp>630.908914</timestamp>
			</report>
			<report>
				<misses>2430001</misses>
				<total>23</total>
				<timestamp>631.168681</timestamp>
			</report>
			<report>
				<misses>2431001</misses>
				<total>23</total>
				<timestamp>631.428399</timestamp>
			</report>
			<report>
				<misses>2432001</misses>
				<total>23</total>
				<timestamp>631.688128</timestamp>
			</report>
			<report>
				<misses>2433001</misses>
				<total>23</total>
				<timestamp>631.947859</timestamp>
			</report>
			<report>
				<misses>2434001</misses>
				<total>23</total>
				<timestamp>632.207593</timestamp>
			</report>
			<report>
				<misses>2435001</misses>
				<total>23</total>
				<timestamp>632.467337</timestamp>
			</report>
			<report>
				<misses>2436001</misses>
				<total>23</total>
				<timestamp>632.727096</timestamp>
			</report>
			<report>
				<misses>2437001</misses>
				<total>23</total>
				<timestamp>632.986820</timestamp>
			</report>
			<report>
				<misses>2438001</misses>
				<total>23</total>
				<timestamp>633.246558</timestamp>
			</report>
			<report>
				<misses>2439001</misses>
				<total>23</total>
				<timestamp>633.506344</timestamp>
			</report>
			<report>
				<misses>2440001</misses>
				<total>23</total>
				<timestamp>633.766039</timestamp>
			</report>
			<report>
				<misses>2441001</misses>
				<total>23</total>
				<timestamp>634.025789</timestamp>
			</report>
			<report>
				<misses>2442001</misses>
				<total>23</total>
				<timestamp>634.285561</timestamp>
			</report>
			<report>
				<misses>2443001</misses>
				<total>23</total>
				<timestamp>634.545271</timestamp>
			</report>
			<report>
				<misses>2444001</misses>
				<total>23</total>
				<timestamp>634.805001</timestamp>
			</report>
			<report>
				<misses>2445001</misses>
				<total>23</total>
				<timestamp>635.064734</timestamp>
			</report>
			<report>
				<misses>2446001</misses>
				<total>23</total>
				<timestamp>635.324530</timestamp>
			</report>
			<report>
				<misses>2447001</misses>
				<total>23</total>
				<timestamp>635.584261</timestamp>
			</report>
			<report>
				<misses>2448001</misses>
				<total>23</total>
				<timestamp>635.843984</timestamp>
			</report>
			<report>
				<misses>2449001</misses>
				<total>23</total>
				<timestamp>636.103705</timestamp>
			</report>
			<report>
				<misses>2450001</misses>
				<total>23</total>
				<timestamp>636.363427</timestamp>
			</report>
			<report>
				<misses>2451001</misses>
				<total>23</total>
				<timestamp>636.623172</timestamp>
			</report>
			<report>
				<misses>2452001</misses>
				<total>23</total>
				<timestamp>636.882929</timestamp>
			</report>
			<report>
				<misses>2453001</misses>
				<total>23</total>
				<timestamp>637.142660</timestamp>
			</report>
			<report>
				<misses>2454001</misses>
				<total>23</total>
				<timestamp>637.402402</timestamp>
			</report>
			<report>
				<misses>2455001</misses>
				<total>23</total>
				<timestamp>637.662160</timestamp>
			</report>
			<report>
				<misses>2456001</misses>
				<total>23</total>
				<timestamp>637.921919</timestamp>
			</report>
			<report>
				<misses>2457001</misses>
				<total>23</total>
				<timestamp>638.181618</timestamp>
			</report>
			<report>
				<misses>2458001</misses>
				<total>23</total>
				<timestamp>638.441398</timestamp>
			</report>
			<report>
				<misses>2459001</misses>
				<total>23</total>
				<timestamp>638.701109</timestamp>
			</report>
			<report>
				<misses>2460001</misses>
				<total>23</total>
				<timestamp>638.960827</timestamp>
			</report>
			<report>
				<misses>2461001</misses>
				<total>23</total>
				<timestamp>639.220599</timestamp>
			</report>
			<report>
				<misses>2462001</misses>
				<total>23</total>
				<timestamp>639.480365</timestamp>
			</report>
			<report>
				<misses>2463001</misses>
				<total>23</total>
				<timestamp>639.740061</timestamp>
			</report>
			<report>
				<misses>2464001</misses>
				<total>23</total>
				<timestamp>639.999793</timestamp>
			</report>
			<report>
				<misses>2465001</misses>
				<total>23</total>
				<timestamp>640.259527</timestamp>
			</report>
			<report>
				<misses>2466001</misses>
				<total>23</total>
				<timestamp>640.519312</timestamp>
			</report>
			<report>
				<misses>2467001</misses>
				<total>23</total>
				<timestamp>640.779011</timestamp>
			</report>
			<report>
				<misses>2468001</misses>
				<total>23</total>
				<timestamp>641.038763</timestamp>
			</report>
			<report>
				<misses>2469001</misses>
				<total>23</total>
				<timestamp>641.298498</timestamp>
			</report>
			<report>
				<misses>2470001</misses>
				<total>23</total>
				<timestamp>641.558243</timestamp>
			</report>
			<report>
				<misses>2471001</misses>
				<total>23</total>
				<timestamp>641.817977</timestamp>
			</report>
			<report>
				<misses>2472001</misses>
				<total>23</total>
				<timestamp>642.077704</timestamp>
			</report>
			<report>
				<misses>2473001</misses>
				<total>23</total>
				<timestamp>642.337470</timestamp>
			</report>
			<report>
				<misses>2474001</misses>
				<total>23</total>
				<timestamp>642.597254</timestamp>
			</report>
			<report>
				<misses>2475001</misses>
				<total>23</total>
				<timestamp>642.856945</timestamp>
			</report>
			<report>
				<misses>2476001</misses>
				<total>23</total>
				<timestamp>643.116692</timestamp>
			</report>
			<report>
				<misses>2477001</misses>
				<total>23</total>
				<timestamp>643.376452</timestamp>
			</report>
			<report>
				<misses>2478001</misses>
				<total>23</total>
				<timestamp>643.636172</timestamp>
			</report>
			<report>
				<misses>2479001</misses>
				<total>23</total>
				<timestamp>643.895904</timestamp>
			</report>
			<report>
				<misses>2480001</misses>
				<total>23</total>
				<timestamp>644.155638</timestamp>
			</report>
			<report>
				<misses>2481001</misses>
				<total>23</total>
				<timestamp>644.415378</timestamp>
			</report>
			<report>
				<misses>2482001</misses>
				<total>23</total>
				<timestamp>644.675139</timestamp>
			</report>
			<report>
				<misses>2483001</misses>
				<total>23</total>
				<timestamp>644.934861</timestamp>
			</report>
			<report>
				<misses>2484001</misses>
				<total>23</total>
				<timestamp>645.194605</timestamp>
			</report>
			<report>
				<misses>2485001</misses>
				<total>23</total>
				<timestamp>645.454380</timestamp>
			</report>
			<report>
				<misses>2486001</misses>
				<total>23</total>
				<timestamp>645.714073</timestamp>
			</report>
			<report>
				<misses>2487001</misses>
				<total>23</total>
				<timestamp>645.973825</timestamp>
			</report>
			<report>
				<misses>2488001</misses>
				<total>23</total>
				<timestamp>646.233561</timestamp>
			</report>
			<report>
				<misses>2489001</misses>
				<total>23</total>
				<timestamp>646.493356</timestamp>
			</report>
			<report>
				<misses>2490001</misses>
				<total>23</total>
				<timestamp>646.753031</timestamp>
			</report>
			<report>
				<misses>2491001</misses>
				<total>23</total>
				<timestamp>647.012782</timestamp>
			</report>
			<report>
				<misses>2492001</misses>
				<total>23</total>
				<timestamp>647.272521</timestamp>
			</report>
			<report>
				<misses>2493001</misses>
				<total>23</total>
				<timestamp>647.532343</timestamp>
			</report>
			<report>
				<misses>2494001</misses>
				<total>23</total>
				<timestamp>647.792009</timestamp>
			</report>
			<report>
				<misses>2495001</misses>
				<total>23</total>
				<timestamp>648.051728</timestamp>
			</report>
			<report>
				<misses>2496001</misses>
				<total>23</total>
				<timestamp>648.311516</timestamp>
			</report>
			<report>
				<misses>2497001</misses>
				<total>23</total>
				<timestamp>648.571220</timestamp>
			</report>
			<report>
				<misses>2498001</misses>
				<total>23</total>
				<timestamp>648.830950</timestamp>
			</report>
			<report>
				<misses>2499001</misses>
				<total>23</total>
				<timestamp>649.090685</timestamp>
			</report>
			<report>
				<misses>2500001</misses>
				<total>23</total>
				<timestamp>649.350469</timestamp>
			</report>
			<report>
				<misses>2501001</misses>
				<total>23</total>
				<timestamp>649.610202</timestamp>
			</report>
			<report>
				<misses>2502001</misses>
				<total>23</total>
				<timestamp>649.869921</timestamp>
			</report>
			<report>
				<misses>2503001</misses>
				<total>23</total>
				<timestamp>650.129662</timestamp>
			</report>
			<report>
				<misses>2504001</misses>
				<total>23</total>
				<timestamp>650.389424</timestamp>
			</report>
			<report>
				<misses>2505001</misses>
				<total>23</total>
				<timestamp>650.649145</timestamp>
			</report>
			<report>
				<misses>2506001</misses>
				<total>23</total>
				<timestamp>650.908871</timestamp>
			</report>
			<report>
				<misses>2507001</misses>
				<total>23</total>
				<timestamp>651.168655</timestamp>
			</report>
			<report>
				<misses>2508001</misses>
				<total>23</total>
				<timestamp>651.428375</timestamp>
			</report>
			<report>
				<misses>2509001</misses>
				<total>23</total>
				<timestamp>651.688141</timestamp>
			</report>
			<report>
				<misses>2510001</misses>
				<total>23</total>
				<timestamp>651.947829</timestamp>
			</report>
			<report>
				<misses>2511001</misses>
				<total>23</total>
				<timestamp>652.207591</timestamp>
			</report>
			<report>
				<misses>2512001</misses>
				<total>23</total>
				<timestamp>652.467352</timestamp>
			</report>
			<report>
				<misses>2513001</misses>
				<total>23</total>
				<timestamp>652.727065</timestamp>
			</report>
			<report>
				<misses>2514001</misses>
				<total>23</total>
				<timestamp>652.986796</timestamp>
			</report>
			<report>
				<misses>2515001</misses>
				<total>23</total>
				<timestamp>653.246579</timestamp>
			</report>
			<report>
				<misses>2516001</misses>
				<total>23</total>
				<timestamp>653.506296</timestamp>
			</report>
			<report>
				<misses>2517001</misses>
				<total>23</total>
				<timestamp>653.766014</timestamp>
			</report>
			<report>
				<misses>2518001</misses>
				<total>23</total>
				<timestamp>654.025744</timestamp>
			</report>
			<report>
				<misses>2519001</misses>
				<total>23</total>
				<timestamp>654.285482</timestamp>
			</report>
			<report>
				<misses>2520001</misses>
				<total>23</total>
				<timestamp>654.545252</timestamp>
			</report>
			<report>
				<misses>2521001</misses>
				<total>23</total>
				<timestamp>654.805004</timestamp>
			</report>
			<report>
				<misses>2522001</misses>
				<total>23</total>
				<timestamp>655.064723</timestamp>
			</report>
			<report>
				<misses>2523001</misses>
				<total>23</total>
				<timestamp>655.324456</timestamp>
			</report>
			<report>
				<misses>2524001</misses>
				<total>23</total>
				<timestamp>655.584240</timestamp>
			</report>
			<report>
				<misses>2525001</misses>
				<total>23</total>
				<timestamp>655.843942</timestamp>
			</report>
			<report>
				<misses>2526001</misses>
				<total>23</total>
				<timestamp>656.103688</timestamp>
			</report>
			<report>
				<misses>2527001</misses>
				<total>23</total>
				<timestamp>656.363406</timestamp>
			</report>
			<report>
				<misses>2528001</misses>
				<total>23</total>
				<timestamp>656.623169</timestamp>
			</report>
			<report>
				<misses>2529001</misses>
				<total>23</total>
				<timestamp>656.882910</timestamp>
			</report>
			<report>
				<misses>2530001</misses>
				<total>23</total>
				<timestamp>657.142668</timestamp>
			</report>
			<report>
				<misses>2531001</misses>
				<total>23</total>
				<timestamp>657.402400</timestamp>
			</report>
			<report>
				<misses>2532001</misses>
				<total>23</total>
				<timestamp>657.662171</timestamp>
			</report>
			<report>
				<misses>2533001</misses>
				<total>23</total>
				<timestamp>657.921857</timestamp>
			</report>
			<report>
				<misses>2534001</misses>
				<total>23</total>
				<timestamp>658.181593</timestamp>
			</report>
			<report>
				<misses>2535001</misses>
				<total>23</total>
				<timestamp>658.441391</timestamp>
			</report>
			<report>
				<misses>2536001</misses>
				<total>23</total>
				<timestamp>658.701084</timestamp>
			</report>
			<report>
				<misses>2537001</misses>
				<total>23</total>
				<timestamp>658.960830</timestamp>
			</report>
			<report>
				<misses>2538001</misses>
				<total>23</total>
				<timestamp>659.220572</timestamp>
			</report>
			<report>
				<misses>2539001</misses>
				<total>23</total>
				<timestamp>659.480343</timestamp>
			</report>
			<report>
				<misses>2540001</misses>
				<total>23</total>
				<timestamp>659.740042</timestamp>
			</report>
			<report>
				<misses>2541001</misses>
				<total>23</total>
				<timestamp>659.999793</timestamp>
			</report>
			<report>
				<misses>2542001</misses>
				<total>23</total>
				<timestamp>660.259523</timestamp>
			</report>
			<report>
				<misses>2543001</misses>
				<total>23</total>
				<timestamp>660.519302</timestamp>
			</report>
			<report>
				<misses>2544001</misses>
				<total>23</total>
				<timestamp>660.779022</timestamp>
			</report>
			<report>
				<misses>2545001</misses>
				<total>23</total>
				<timestamp>661.038740</timestamp>
			</report>
			<report>
				<misses>2546001</misses>
				<total>23</total>
				<timestamp>661.298464</timestamp>
			</report>
			<report>
				<misses>2547001</misses>
				<total>23</total>
				<timestamp>661.558247</timestamp>
			</report>
			<report>
				<misses>2548001</misses>
				<total>23</total>
				<timestamp>661.817957</timestamp>
			</report>
			<report>
				<misses>2549001</misses>
				<total>23</total>
				<timestamp>662.077708</timestamp>
			</report>
			<report>
				<misses>2550001</misses>
				<total>23</total>
				<timestamp>662.337451</timestamp>
			</report>
			<report>
				<misses>2551001</misses>
				<total>23</total>
				<timestamp>662.597218</timestamp>
			</report>
			<report>
				<misses>2552001</misses>
				<total>23</total>
				<timestamp>662.856946</timestamp>
			</report>
			<report>
				<misses>2553001</misses>
				<total>23</total>
				<timestamp>663.116675</timestamp>
			</report>
			<report>
				<misses>2554001</misses>
				<total>23</total>
				<timestamp>663.376390</timestamp>
			</report>
			<report>
				<misses>2555001</misses>
				<total>23</total>
				<timestamp>663.636255</timestamp>
			</report>
			<report>
				<misses>2556001</misses>
				<total>23</total>
				<timestamp>663.895878</timestamp>
			</report>
			<report>
				<misses>2557001</misses>
				<total>23</total>
				<timestamp>664.155621</timestamp>
			</report>
			<report>
				<misses>2558001</misses>
				<total>23</total>
				<timestamp>664.415392</timestamp>
			</report>
			<report>
				<misses>2559001</misses>
				<total>23</total>
				<timestamp>664.675133</timestamp>
			</report>
			<report>
				<misses>2560001</misses>
				<total>23</total>
				<timestamp>664.934843</timestamp>
			</report>
			<report>
				<misses>2561001</misses>
				<total>23</total>
				<timestamp>665.194572</timestamp>
			</report>
			<report>
				<misses>2562001</misses>
				<total>23</total>
				<timestamp>665.454335</timestamp>
			</report>
			<report>
				<misses>2563001</misses>
				<total>23</total>
				<timestamp>665.714047</timestamp>
			</report>
			<report>
				<misses>2564001</misses>
				<total>23</total>
				<timestamp>665.973799</timestamp>
			</report>
			<report>
				<misses>2565001</misses>
				<total>23</total>
				<timestamp>666.233537</timestamp>
			</report>
			<report>
				<misses>2566001</misses>
				<total>23</total>
				<timestamp>666.493369</timestamp>
			</report>
			<report>
				<misses>2567001</misses>
				<total>23</total>
				<timestamp>666.753043</timestamp>
			</report>
			<report>
				<misses>2568001</misses>
				<total>23</total>
				<timestamp>667.012764</timestamp>
			</report>
			<report>
				<misses>2569001</misses>
				<total>23</total>
				<timestamp>667.272501</timestamp>
			</report>
			<report>
				<misses>2570001</misses>
				<total>23</total>
				<timestamp>667.532241</timestamp>
			</report>
			<report>
				<misses>2571001</misses>
				<total>23</total>
				<timestamp>667.791983</timestamp>
			</report>
			<report>
				<misses>2572001</misses>
				<total>23</total>
				<timestamp>668.051737</timestamp>
			</report>
			<report>
				<misses>2573001</misses>
				<total>23</total>
				<timestamp>668.311458</timestamp>
			</report>
			<report>
				<misses>2574001</misses>
				<total>23</total>
				<timestamp>668.571221</timestamp>
			</report>
			<report>
				<misses>2575001</misses>
				<total>23</total>
				<timestamp>668.830975</timestamp>
			</report>
			<report>
				<misses>2576001</misses>
				<total>23</total>
				<timestamp>669.090678</timestamp>
			</report>
			<report>
				<misses>2577001</misses>
				<total>23</total>
				<timestamp>669.350421</timestamp>
			</report>
			<report>
				<misses>2578001</misses>
				<total>23</total>
				<timestamp>669.610174</timestamp>
			</report>
			<report>
				<misses>2579001</misses>
				<total>23</total>
				<timestamp>669.869897</timestamp>
			</report>
			<report>
				<misses>2580001</misses>
				<total>23</total>
				<timestamp>670.129646</timestamp>
			</report>
			<report>
				<misses>2581001</misses>
				<total>23</total>
				<timestamp>670.389381</timestamp>
			</report>
			<report>
				<misses>2582001</misses>
				<total>23</total>
				<timestamp>670.649170</timestamp>
			</report>
			<report>
				<misses>2583001</misses>
				<total>23</total>
				<timestamp>670.908858</timestamp>
			</report>
			<report>
				<misses>2584001</misses>
				<total>23</total>
				<timestamp>671.168605</timestamp>
			</report>
			<report>
				<misses>2585001</misses>
				<total>23</total>
				<timestamp>671.428333</timestamp>
			</report>
			<report>
				<misses>2586001</misses>
				<total>23</total>
				<timestamp>671.688117</timestamp>
			</report>
			<report>
				<misses>2587001</misses>
				<total>23</total>
				<timestamp>671.947830</timestamp>
			</report>
			<report>
				<misses>2588001</misses>
				<total>23</total>
				<timestamp>672.207566</timestamp>
			</report>
			<report>
				<misses>2589001</misses>
				<total>23</total>
				<timestamp>672.467349</timestamp>
			</report>
			<report>
				<misses>2590001</misses>
				<total>23</total>
				<timestamp>672.727033</timestamp>
			</report>
			<report>
				<misses>2591001</misses>
				<total>23</total>
				<timestamp>672.986778</timestamp>
			</report>
			<report>
				<misses>2592001</misses>
				<total>23</total>
				<timestamp>673.246519</timestamp>
			</report>
			<report>
				<misses>2593001</misses>
				<total>23</total>
				<timestamp>673.506308</timestamp>
			</report>
			<report>
				<misses>2594001</misses>
				<total>23</total>
				<timestamp>673.765990</timestamp>
			</report>
			<report>
				<misses>2595001</misses>
				<total>23</total>
				<timestamp>674.025730</timestamp>
			</report>
			<report>
				<misses>2596001</misses>
				<total>23</total>
				<timestamp>674.285497</timestamp>
			</report>
			<report>
				<misses>2597001</misses>
				<total>23</total>
				<timestamp>674.545233</timestamp>
			</report>
			<report>
				<misses>2598001</misses>
				<total>23</total>
				<timestamp>674.804952</timestamp>
			</report>
			<report>
				<misses>2599001</misses>
				<total>23</total>
				<timestamp>675.064706</timestamp>
			</report>
			<report>
				<misses>2600001</misses>
				<total>23</total>
				<timestamp>675.324440</timestamp>
			</report>
			<report>
				<misses>2601001</misses>
				<total>23</total>
				<timestamp>675.584189</timestamp>
			</report>
			<report>
				<misses>2602001</misses>
				<total>23</total>
				<timestamp>675.843917</timestamp>
			</report>
			<report>
				<misses>2603001</misses>
				<total>23</total>
				<timestamp>676.103661</timestamp>
			</report>
			<report>
				<misses>2604001</misses>
				<total>23</total>
				<timestamp>676.363393</timestamp>
			</report>
			<report>
				<misses>2605001</misses>
				<total>23</total>
				<timestamp>676.623151</timestamp>
			</report>
			<report>
				<misses>2606001</misses>
				<total>23</total>
				<timestamp>676.882865</timestamp>
			</report>
			<report>
				<misses>2607001</misses>
				<total>23</total>
				<timestamp>677.142615</timestamp>
			</report>
			<report>
				<misses>2608001</misses>
				<total>23</total>
				<timestamp>677.402377</timestamp>
			</report>
			<report>
				<misses>2609001</misses>
				<total>23</total>
				<timestamp>677.662138</timestamp>
			</report>
			<report>
				<misses>2610001</misses>
				<total>23</total>
				<timestamp>677.921836</timestamp>
			</report>
			<report>
				<misses>2611001</misses>
				<total>23</total>
				<timestamp>678.181580</timestamp>
			</report>
			<report>
				<misses>2612001</misses>
				<total>23</total>
				<timestamp>678.441340</timestamp>
			</report>
			<report>
				<misses>2613001</misses>
				<total>23</total>
				<timestamp>678.701121</timestamp>
			</report>
			<report>
				<misses>2614001</misses>
				<total>23</total>
				<timestamp>678.960800</timestamp>
			</report>
			<report>
				<misses>2615001</misses>
				<total>23</total>
				<timestamp>679.220531</timestamp>
			</report>
			<report>
				<misses>2616001</misses>
				<total>23</total>
				<timestamp>679.480274</timestamp>
			</report>
			<report>
				<misses>2617001</misses>
				<total>23</total>
				<timestamp>679.740069</timestamp>
			</report>
			<report>
				<misses>2618001</misses>
				<total>23</total>
				<timestamp>679.999748</timestamp>
			</report>
			<report>
				<misses>2619001</misses>
				<total>23</total>
				<timestamp>680.259504</timestamp>
			</report>
			<report>
				<misses>2620001</misses>
				<total>23</total>
				<timestamp>680.519241</timestamp>
			</report>
			<report>
				<misses>2621001</misses>
				<total>23</total>
				<timestamp>680.778968</timestamp>
			</report>
			<report>
				<misses>2622001</misses>
				<total>23</total>
				<timestamp>681.038719</timestamp>
			</report>
			<report>
				<misses>2623001</misses>
				<total>23</total>
				<timestamp>681.298443</timestamp>
			</report>
			<report>
				<misses>2624001</misses>
				<total>23</total>
				<timestamp>681.558241</timestamp>
			</report>
			<report>
				<misses>2625001</misses>
				<total>23</total>
				<timestamp>681.817936</timestamp>
			</report>
			<report>
				<misses>2626001</misses>
				<total>23</total>
				<timestamp>682.077683</timestamp>
			</report>
			<report>
				<misses>2627001</misses>
				<total>23</total>
				<timestamp>682.337425</timestamp>
			</report>
			<report>
				<misses>2628001</misses>
				<total>23</total>
				<timestamp>682.597158</timestamp>
			</report>
			<report>
				<misses>2629001</misses>
				<total>23</total>
				<timestamp>682.856884</timestamp>
			</report>
			<report>
				<misses>2630001</misses>
				<total>23</total>
				<timestamp>683.116669</timestamp>
			</report>
			<report>
				<misses>2631001</misses>
				<total>23</total>
				<timestamp>683.376392</timestamp>
			</report>
			<report>
				<misses>2632001</misses>
				<total>23</total>
				<timestamp>683.636150</timestamp>
			</report>
			<report>
				<misses>2633001</misses>
				<total>23</total>
				<timestamp>683.895847</timestamp>
			</report>
			<report>
				<misses>2634001</misses>
				<total>23</total>
				<timestamp>684.155617</timestamp>
			</report>
			<report>
				<misses>2635001</misses>
				<total>23</total>
				<timestamp>684.415336</timestamp>
			</report>
			<report>
				<misses>2636001</misses>
				<total>23</total>
				<timestamp>684.675111</timestamp>
			</report>
			<report>
				<misses>2637001</misses>
				<total>23</total>
				<timestamp>684.934811</timestamp>
			</report>
			<report>
				<misses>2638001</misses>
				<total>23</total>
				<timestamp>685.194561</timestamp>
			</report>
			<report>
				<misses>2639001</misses>
				<total>23</total>
				<timestamp>685.454290</timestamp>
			</report>
			<report>
				<misses>2640001</misses>
				<total>23</total>
				<timestamp>685.714083</timestamp>
			</report>
			<report>
				<misses>2641001</misses>
				<total>23</total>
				<timestamp>685.973820</timestamp>
			</report>
			<report>
				<misses>2642001</misses>
				<total>23</total>
				<timestamp>686.233527</timestamp>
			</report>
			<report>
				<misses>2643001</misses>
				<total>23</total>
				<timestamp>686.493275</timestamp>
			</report>
			<report>
				<misses>2644001</misses>
				<total>23</total>
				<timestamp>686.753020</timestamp>
			</report>
			<report>
				<misses>2645001</misses>
				<total>23</total>
				<timestamp>687.012736</timestamp>
			</report>
			<report>
				<misses>2646001</misses>
				<total>23</total>
				<timestamp>687.272471</timestamp>
			</report>
			<report>
				<misses>2647001</misses>
				<total>23</total>
				<timestamp>687.532218</timestamp>
			</report>
			<report>
				<misses>2648001</misses>
				<total>23</total>
				<timestamp>687.791972</timestamp>
			</report>
			<report>
				<misses>2649001</misses>
				<total>23</total>
				<timestamp>688.051703</timestamp>
			</report>
			<report>
				<misses>2650001</misses>
				<total>23</total>
				<timestamp>688.311446</timestamp>
			</report>
			<report>
				<misses>2651001</misses>
				<total>23</total>
				<timestamp>688.571211</timestamp>
			</report>
			<report>
				<misses>2652001</misses>
				<total>26</total>
				<timestamp>688.830916</timestamp>
			</report>
			<report>
				<misses>2653001</misses>
				<total>26</total>
				<timestamp>689.090661</timestamp>
			</report>
			<report>
				<misses>2654001</misses>
				<total>26</total>
				<timestamp>689.350412</timestamp>
			</report>
			<report>
				<misses>2655001</misses>
				<total>26</total>
				<timestamp>689.610161</timestamp>
			</report>
			<report>
				<misses>2656001</misses>
				<total>26</total>
				<timestamp>689.869911</timestamp>
			</report>
			<report>
				<misses>2657001</misses>
				<total>26</total>
				<timestamp>690.129609</timestamp>
			</report>
			<report>
				<misses>2658001</misses>
				<total>26</total>
				<timestamp>690.389354</timestamp>
			</report>
			<report>
				<misses>2659001</misses>
				<total>26</total>
				<timestamp>690.649116</timestamp>
			</report>
			<report>
				<misses>2660001</misses>
				<total>26</total>
				<timestamp>690.908833</timestamp>
			</report>
			<report>
				<misses>2661001</misses>
				<total>26</total>
				<timestamp>691.168594</timestamp>
			</report>
			<report>
				<misses>2662001</misses>
				<total>26</total>
				<timestamp>691.428334</timestamp>
			</report>
			<report>
				<misses>2663001</misses>
				<total>26</total>
				<timestamp>691.688066</timestamp>
			</report>
			<report>
				<misses>2664001</misses>
				<total>26</total>
				<timestamp>691.947803</timestamp>
			</report>
			<report>
				<misses>2665001</misses>
				<total>26</total>
				<timestamp>692.207540</timestamp>
			</report>
			<report>
				<misses>2666001</misses>
				<total>26</total>
				<timestamp>692.467276</timestamp>
			</report>
			<report>
				<misses>2667001</misses>
				<total>26</total>
				<timestamp>692.727069</timestamp>
			</report>
			<report>
				<misses>2668001</misses>
				<total>27</total>
				<timestamp>692.986749</timestamp>
			</report>
			<report>
				<misses>2669001</misses>
				<total>27</total>
				<timestamp>693.246491</timestamp>
			</report>
			<report>
				<misses>2670001</misses>
				<total>27</total>
				<timestamp>693.506244</timestamp>
			</report>
			<report>
				<misses>2671001</misses>
				<total>27</total>
				<timestamp>693.765982</timestamp>
			</report>
			<report>
				<misses>2672001</misses>
				<total>27</total>
				<timestamp>694.025712</timestamp>
			</report>
			<report>
				<misses>2673001</misses>
				<total>27</total>
				<timestamp>694.285462</timestamp>
			</report>
			<report>
				<misses>2674001</misses>
				<total>27</total>
				<timestamp>694.545227</timestamp>
			</report>
			<report>
				<misses>2675001</misses>
				<total>27</total>
				<timestamp>694.804952</timestamp>
			</report>
			<report>
				<misses>2676001</misses>
				<total>27</total>
				<timestamp>695.064687</timestamp>
			</report>
			<report>
				<misses>2677001</misses>
				<total>27</total>
				<timestamp>695.324412</timestamp>
			</report>
			<report>
				<misses>2678001</misses>
				<total>27</total>
				<timestamp>695.584174</timestamp>
			</report>
			<report>
				<misses>2679001</misses>
				<total>27</total>
				<timestamp>695.843922</timestamp>
			</report>
			<report>
				<misses>2680001</misses>
				<total>27</total>
				<timestamp>696.103647</timestamp>
			</report>
			<report>
				<misses>2681001</misses>
				<total>27</total>
				<timestamp>696.363380</timestamp>
			</report>
			<report>
				<misses>2682001</misses>
				<total>27</total>
				<timestamp>696.623180</timestamp>
			</report>
			<report>
				<misses>2683001</misses>
				<total>27</total>
				<timestamp>696.882946</timestamp>
			</report>
			<report>
				<misses>2684001</misses>
				<total>27</total>
				<timestamp>697.142641</timestamp>
			</report>
			<report>
				<misses>2685001</misses>
				<total>27</total>
				<timestamp>697.402352</timestamp>
			</report>
			<report>
				<misses>2686001</misses>
				<total>27</total>
				<timestamp>697.662065</timestamp>
			</report>
			<report>
				<misses>2687001</misses>
				<total>27</total>
				<timestamp>697.921834</timestamp>
			</report>
			<report>
				<misses>2688001</misses>
				<total>27</total>
				<timestamp>698.181624</timestamp>
			</report>
			<report>
				<misses>2689001</misses>
				<total>27</total>
				<timestamp>698.441302</timestamp>
			</report>
			<report>
				<misses>2690001</misses>
				<total>27</total>
				<timestamp>698.701044</timestamp>
			</report>
			<report>
				<misses>2691001</misses>
				<total>27</total>
				<timestamp>698.960769</timestamp>
			</report>
			<report>
				<misses>2692001</misses>
				<total>27</total>
				<timestamp>699.220550</timestamp>
			</report>
			<report>
				<misses>2693001</misses>
				<total>27</total>
				<timestamp>699.480259</timestamp>
			</report>
			<report>
				<misses>2694001</misses>
				<total>27</total>
				<timestamp>699.739999</timestamp>
			</report>
			<report>
				<misses>2695001</misses>
				<total>27</total>
				<timestamp>699.999718</timestamp>
			</report>
			<report>
				<misses>2696001</misses>
				<total>27</total>
				<timestamp>700.259468</timestamp>
			</report>
			<report>
				<misses>2697001</misses>
				<total>27</total>
				<timestamp>700.519240</timestamp>
			</report>
			<report>
				<misses>2698001</misses>
				<total>27</total>
				<timestamp>700.779015</timestamp>
			</report>
			<report>
				<misses>2699001</misses>
				<total>27</total>
				<timestamp>701.038715</timestamp>
			</report>
			<report>
				<misses>2700001</misses>
				<total>27</total>
				<timestamp>701.298456</timestamp>
			</report>
			<report>
				<misses>2701001</misses>
				<total>27</total>
				<timestamp>701.558179</timestamp>
			</report>
			<report>
				<misses>2702001</misses>
				<total>27</total>
				<timestamp>701.817939</timestamp>
			</report>
			<report>
				<misses>2703001</misses>
				<total>27</total>
				<timestamp>702.077663</timestamp>
			</report>
			<report>
				<misses>2704001</misses>
				<total>27</total>
				<timestamp>702.337397</timestamp>
			</report>
			<report>
				<misses>2705001</misses>
				<total>27</total>
				<timestamp>702.597128</timestamp>
			</report>
			<report>
				<misses>2706001</misses>
				<total>27</total>
				<timestamp>702.856863</timestamp>
			</report>
			<report>
				<misses>2707001</misses>
				<total>27</total>
				<timestamp>703.116620</timestamp>
			</report>
			<report>
				<misses>2708001</misses>
				<total>27</total>
				<timestamp>703.376374</timestamp>
			</report>
			<report>
				<misses>2709001</misses>
				<total>27</total>
				<timestamp>703.636126</timestamp>
			</report>
			<report>
				<misses>2710001</misses>
				<total>27</total>
				<timestamp>703.895852</timestamp>
			</report>
			<report>
				<misses>2711001</misses>
				<total>27</total>
				<timestamp>704.155588</timestamp>
			</report>
			<report>
				<misses>2712001</misses>
				<total>27</total>
				<timestamp>704.415338</timestamp>
			</report>
			<report>
				<misses>2713001</misses>
				<total>27</total>
				<timestamp>704.675083</timestamp>
			</report>
			<report>
				<misses>2714001</misses>
				<total>27</total>
				<timestamp>704.934789</timestamp>
			</report>
			<report>
				<misses>2715001</misses>
				<total>27</total>
				<timestamp>705.194545</timestamp>
			</report>
			<report>
				<misses>2716001</misses>
				<total>27</total>
				<timestamp>705.454288</timestamp>
			</report>
			<report>
				<misses>2717001</misses>
				<total>27</total>
				<timestamp>705.714068</timestamp>
			</report>
			<report>
				<misses>2718001</misses>
				<total>27</total>
				<timestamp>705.973761</timestamp>
			</report>
			<report>
				<misses>2719001</misses>
				<total>27</total>
				<timestamp>706.233500</timestamp>
			</report>
			<report>
				<misses>2720001</misses>
				<total>27</total>
				<timestamp>706.493234</timestamp>
			</report>
			<report>
				<misses>2721001</misses>
				<total>27</total>
				<timestamp>706.753005</timestamp>
			</report>
			<report>
				<misses>2722001</misses>
				<total>27</total>
				<timestamp>707.012708</timestamp>
			</report>
			<report>
				<misses>2723001</misses>
				<total>27</total>
				<timestamp>707.272448</timestamp>
			</report>
			<report>
				<misses>2724001</misses>
				<total>27</total>
				<timestamp>707.532200</timestamp>
			</report>
			<report>
				<misses>2725001</misses>
				<total>27</total>
				<timestamp>707.791995</timestamp>
			</report>
			<report>
				<misses>2726001</misses>
				<total>27</total>
				<timestamp>708.051685</timestamp>
			</report>
			<report>
				<misses>2727001</misses>
				<total>27</total>
				<timestamp>708.311425</timestamp>
			</report>
			<report>
				<misses>2728001</misses>
				<total>27</total>
				<timestamp>708.571162</timestamp>
			</report>
			<report>
				<misses>2729001</misses>
				<total>27</total>
				<timestamp>708.830930</timestamp>
			</report>
			<report>
				<misses>2730001</misses>
				<total>27</total>
				<timestamp>709.090639</timestamp>
			</report>
			<report>
				<misses>2731001</misses>
				<total>27</total>
				<timestamp>709.350399</timestamp>
			</report>
			<report>
				<misses>2732001</misses>
				<total>27</total>
				<timestamp>709.610190</timestamp>
			</report>
			<report>
				<misses>2733001</misses>
				<total>27</total>
				<timestamp>709.869894</timestamp>
			</report>
			<report>
				<misses>2734001</misses>
				<total>27</total>
				<timestamp>710.129606</timestamp>
			</report>
			<report>
				<misses>2735001</misses>
				<total>27</total>
				<timestamp>710.389349</timestamp>
			</report>
			<report>
				<misses>2736001</misses>
				<total>27</total>
				<timestamp>710.649126</timestamp>
			</report>
			<report>
				<misses>2737001</misses>
				<total>27</total>
				<timestamp>710.908807</timestamp>
			</report>
			<report>
				<misses>2738001</misses>
				<total>27</total>
				<timestamp>711.168559</timestamp>
			</report>
			<report>
				<misses>2739001</misses>
				<total>27</total>
				<timestamp>711.428295</timestamp>
			</report>
			<report>
				<misses>2740001</misses>
				<total>27</total>
				<timestamp>711.688072</timestamp>
			</report>
			<report>
				<misses>2741001</misses>
				<total>27</total>
				<timestamp>711.947771</timestamp>
			</report>
			<report>
				<misses>2742001</misses>
				<total>27</total>
				<timestamp>712.207515</timestamp>
			</report>
			<report>
				<misses>2743001</misses>
				<total>27</total>
				<timestamp>712.467264</timestamp>
			</report>
			<report>
				<misses>2744001</misses>
				<total>27</total>
				<timestamp>712.727022</timestamp>
			</report>
			<report>
				<misses>2745001</misses>
				<total>27</total>
				<timestamp>712.986730</timestamp>
			</report>
			<report>
				<misses>2746001</misses>
				<total>27</total>
				<timestamp>713.246476</timestamp>
			</report>
			<report>
				<misses>2747001</misses>
				<total>27</total>
				<timestamp>713.506225</timestamp>
			</report>
			<report>
				<misses>2748001</misses>
				<total>27</total>
				<timestamp>713.765957</timestamp>
			</report>
			<report>
				<misses>2749001</misses>
				<total>27</total>
				<timestamp>714.025722</timestamp>
			</report>
			<report>
				<misses>2750001</misses>
				<total>27</total>
				<timestamp>714.285438</timestamp>
			</report>
			<report>
				<misses>2751001</misses>
				<total>27</total>
				<timestamp>714.545205</timestamp>
			</report>
			<report>
				<misses>2752001</misses>
				<total>27</total>
				<timestamp>714.804926</timestamp>
			</report>
			<report>
				<misses>2753001</misses>
				<total>27</total>
				<timestamp>715.064652</timestamp>
			</report>
			<report>
				<misses>2754001</misses>
				<total>27</total>
				<timestamp>715.324407</timestamp>
			</report>
			<report>
				<misses>2755001</misses>
				<total>27</total>
				<timestamp>715.584134</timestamp>
			</report>
			<report>
				<misses>2756001</misses>
				<total>27</total>
				<timestamp>715.843935</timestamp>
			</report>
			<report>
				<misses>2757001</misses>
				<total>27</total>
				<timestamp>716.103620</timestamp>
			</report>
			<report>
				<misses>2758001</misses>
				<total>27</total>
				<timestamp>716.363354</timestamp>
			</report>
			<report>
				<misses>2759001</misses>
				<total>27</total>
				<timestamp>716.623118</timestamp>
			</report>
			<report>
				<misses>2760001</misses>
				<total>27</total>
				<timestamp>716.882923</timestamp>
			</report>
			<report>
				<misses>2761001</misses>
				<total>27</total>
				<timestamp>717.142576</timestamp>
			</report>
			<report>
				<misses>2762001</misses>
				<total>27</total>
				<timestamp>717.402317</timestamp>
			</report>
			<report>
				<misses>2763001</misses>
				<total>27</total>
				<timestamp>717.662069</timestamp>
			</report>
			<report>
				<misses>2764001</misses>
				<total>27</total>
				<timestamp>717.921827</timestamp>
			</report>
			<report>
				<misses>2765001</misses>
				<total>27</total>
				<timestamp>718.181529</timestamp>
			</report>
			<report>
				<misses>2766001</misses>
				<total>27</total>
				<timestamp>718.441306</timestamp>
			</report>
			<report>
				<misses>2767001</misses>
				<total>27</total>
				<timestamp>718.701061</timestamp>
			</report>
			<report>
				<misses>2768001</misses>
				<total>27</total>
				<timestamp>718.960761</timestamp>
			</report>
			<report>
				<misses>2769001</misses>
				<total>27</total>
				<timestamp>719.220487</timestamp>
			</report>
			<report>
				<misses>2770001</misses>
				<total>27</total>
				<timestamp>719.480255</timestamp>
			</report>
			<report>
				<misses>2771001</misses>
				<total>27</total>
				<timestamp>719.739999</timestamp>
			</report>
			<report>
				<misses>2772001</misses>
				<total>27</total>
				<timestamp>719.999728</timestamp>
			</report>
			<report>
				<misses>2773001</misses>
				<total>27</total>
				<timestamp>720.259457</timestamp>
			</report>
			<report>
				<misses>2774001</misses>
				<total>27</total>
				<timestamp>720.519192</timestamp>
			</report>
			<report>
				<misses>2775001</misses>
				<total>27</total>
				<timestamp>720.778967</timestamp>
			</report>
			<report>
				<misses>2776001</misses>
				<total>27</total>
				<timestamp>721.038669</timestamp>
			</report>
			<report>
				<misses>2777001</misses>
				<total>27</total>
				<timestamp>721.298432</timestamp>
			</report>
			<report>
				<misses>2778001</misses>
				<total>27</total>
				<timestamp>721.558182</timestamp>
			</report>
			<report>
				<misses>2779001</misses>
				<total>27</total>
				<timestamp>721.817901</timestamp>
			</report>
			<report>
				<misses>2780001</misses>
				<total>27</total>
				<timestamp>722.077654</timestamp>
			</report>
			<report>
				<misses>2781001</misses>
				<total>27</total>
				<timestamp>722.337388</timestamp>
			</report>
			<report>
				<misses>2782001</misses>
				<total>27</total>
				<timestamp>722.597133</timestamp>
			</report>
			<report>
				<misses>2783001</misses>
				<total>27</total>
				<timestamp>722.856904</timestamp>
			</report>
			<report>
				<misses>2784001</misses>
				<total>27</total>
				<timestamp>723.116595</timestamp>
			</report>
			<report>
				<misses>2785001</misses>
				<total>27</total>
				<timestamp>723.376334</timestamp>
			</report>
			<report>
				<misses>2786001</misses>
				<total>27</total>
				<timestamp>723.636086</timestamp>
			</report>
			<report>
				<misses>2787001</misses>
				<total>27</total>
				<timestamp>723.895863</timestamp>
			</report>
			<report>
				<misses>2788001</misses>
				<total>27</total>
				<timestamp>724.155570</timestamp>
			</report>
			<report>
				<misses>2789001</misses>
				<total>27</total>
				<timestamp>724.415317</timestamp>
			</report>
			<report>
				<misses>2790001</misses>
				<total>27</total>
				<timestamp>724.675055</timestamp>
			</report>
			<report>
				<misses>2791001</misses>
				<total>27</total>
				<timestamp>724.934843</timestamp>
			</report>
			<report>
				<misses>2792001</misses>
				<total>27</total>
				<timestamp>725.194523</timestamp>
			</report>
			<report>
				<misses>2793001</misses>
				<total>27</total>
				<timestamp>725.454265</timestamp>
			</report>
			<report>
				<misses>2794001</misses>
				<total>27</total>
				<timestamp>725.714014</timestamp>
			</report>
			<report>
				<misses>2795001</misses>
				<total>27</total>
				<timestamp>725.973748</timestamp>
			</report>
			<report>
				<misses>2796001</misses>
				<total>27</total>
				<timestamp>726.233493</timestamp>
			</report>
			<report>
				<misses>2797001</misses>
				<total>27</total>
				<timestamp>726.493234</timestamp>
			</report>
			<report>
				<misses>2798001</misses>
				<total>27</total>
				<timestamp>726.752986</timestamp>
			</report>
			<report>
				<misses>2799001</misses>
				<total>27</total>
				<timestamp>727.012742</timestamp>
			</report>
			<report>
				<misses>2800001</misses>
				<total>27</total>
				<timestamp>727.272452</timestamp>
			</report>
			<report>
				<misses>2801001</misses>
				<total>27</total>
				<timestamp>727.532196</timestamp>
			</report>
			<report>
				<misses>2802001</misses>
				<total>27</total>
				<timestamp>727.791981</timestamp>
			</report>
			<report>
				<misses>2803001</misses>
				<total>27</total>
				<timestamp>728.051701</timestamp>
			</report>
			<report>
				<misses>2804001</misses>
				<total>27</total>
				<timestamp>728.311405</timestamp>
			</report>
			<report>
				<misses>2805001</misses>
				<total>27</total>
				<timestamp>728.571173</timestamp>
			</report>
			<report>
				<misses>2806001</misses>
				<total>27</total>
				<timestamp>728.830936</timestamp>
			</report>
			<report>
				<misses>2807001</misses>
				<total>27</total>
				<timestamp>729.090680</timestamp>
			</report>
			<report>
				<misses>2808001</misses>
				<total>27</total>
				<timestamp>729.350364</timestamp>
			</report>
			<report>
				<misses>2809001</misses>
				<total>27</total>
				<timestamp>729.610129</timestamp>
			</report>
			<report>
				<misses>2810001</misses>
				<total>27</total>
				<timestamp>729.869902</timestamp>
			</report>
			<report>
				<misses>2811001</misses>
				<total>27</total>
				<timestamp>730.129601</timestamp>
			</report>
			<report>
				<misses>2812001</misses>
				<total>27</total>
				<timestamp>730.389324</timestamp>
			</report>
			<report>
				<misses>2813001</misses>
				<total>27</total>
				<timestamp>730.649086</timestamp>
			</report>
			<report>
				<misses>2814001</misses>
				<total>27</total>
				<timestamp>730.908835</timestamp>
			</report>
			<report>
				<misses>2815001</misses>
				<total>27</total>
				<timestamp>731.168540</timestamp>
			</report>
			<report>
				<misses>2816001</misses>
				<total>27</total>
				<timestamp>731.428285</timestamp>
			</report>
			<report>
				<misses>2817001</misses>
				<total>27</total>
				<timestamp>731.688014</timestamp>
			</report>
			<report>
				<misses>2818001</misses>
				<total>27</total>
				<timestamp>731.947784</timestamp>
			</report>
			<report>
				<misses>2819001</misses>
				<total>27</total>
				<timestamp>732.207503</timestamp>
			</report>
			<report>
				<misses>2820001</misses>
				<total>27</total>
				<timestamp>732.467248</timestamp>
			</report>
			<report>
				<misses>2821001</misses>
				<total>27</total>
				<timestamp>732.727042</timestamp>
			</report>
			<report>
				<misses>2822001</misses>
				<total>27</total>
				<timestamp>732.986747</timestamp>
			</report>
			<report>
				<misses>2823001</misses>
				<total>27</total>
				<timestamp>733.246462</timestamp>
			</report>
			<report>
				<misses>2824001</misses>
				<total>27</total>
				<timestamp>733.506207</timestamp>
			</report>
			<report>
				<misses>2825001</misses>
				<total>27</total>
				<timestamp>733.765929</timestamp>
			</report>
			<report>
				<misses>2826001</misses>
				<total>27</total>
				<timestamp>734.025684</timestamp>
			</report>
			<report>
				<misses>2827001</misses>
				<total>27</total>
				<timestamp>734.285421</timestamp>
			</report>
			<report>
				<misses>2828001</misses>
				<total>27</total>
				<timestamp>734.545197</timestamp>
			</report>
			<report>
				<misses>2829001</misses>
				<total>27</total>
				<timestamp>734.804940</timestamp>
			</report>
			<report>
				<misses>2830001</misses>
				<total>27</total>
				<timestamp>735.064631</timestamp>
			</report>
			<report>
				<misses>2831001</misses>
				<total>27</total>
				<timestamp>735.324371</timestamp>
			</report>
			<report>
				<misses>2832001</misses>
				<total>27</total>
				<timestamp>735.584130</timestamp>
			</report>
			<report>
				<misses>2833001</misses>
				<total>27</total>
				<timestamp>735.843910</timestamp>
			</report>
			<report>
				<misses>2834001</misses>
				<total>27</total>
				<timestamp>736.103580</timestamp>
			</report>
			<report>
				<misses>2835001</misses>
				<total>27</total>
				<timestamp>736.363368</timestamp>
			</report>
			<report>
				<misses>2836001</misses>
				<total>27</total>
				<timestamp>736.623114</timestamp>
			</report>
			<report>
				<misses>2837001</misses>
				<total>27</total>
				<timestamp>736.882822</timestamp>
			</report>
			<report>
				<misses>2838001</misses>
				<total>27</total>
				<timestamp>737.142555</timestamp>
			</report>
			<report>
				<misses>2839001</misses>
				<total>27</total>
				<timestamp>737.402290</timestamp>
			</report>
			<report>
				<misses>2840001</misses>
				<total>27</total>
				<timestamp>737.662042</timestamp>
			</report>
			<report>
				<misses>2841001</misses>
				<total>27</total>
				<timestamp>737.921787</timestamp>
			</report>
			<report>
				<misses>2842001</misses>
				<total>27</total>
				<timestamp>738.181508</timestamp>
			</report>
			<report>
				<misses>2843001</misses>
				<total>27</total>
				<timestamp>738.441255</timestamp>
			</report>
			<report>
				<misses>2844001</misses>
				<total>27</total>
				<timestamp>738.700985</timestamp>
			</report>
			<report>
				<misses>2845001</misses>
				<total>27</total>
				<timestamp>738.960748</timestamp>
			</report>
			<report>
				<misses>2846001</misses>
				<total>27</total>
				<timestamp>739.220474</timestamp>
			</report>
			<report>
				<misses>2847001</misses>
				<total>27</total>
				<timestamp>739.480235</timestamp>
			</report>
			<report>
				<misses>2848001</misses>
				<total>27</total>
				<timestamp>739.739953</timestamp>
			</report>
			<report>
				<misses>2849001</misses>
				<total>27</total>
				<timestamp>739.999722</timestamp>
			</report>
			<report>
				<misses>2850001</misses>
				<total>27</total>
				<timestamp>740.259437</timestamp>
			</report>
			<report>
				<misses>2851001</misses>
				<total>27</total>
				<timestamp>740.519193</timestamp>
			</report>
			<report>
				<misses>2852001</misses>
				<total>27</total>
				<timestamp>740.778969</timestamp>
			</report>
			<report>
				<misses>2853001</misses>
				<total>27</total>
				<timestamp>741.038673</timestamp>
			</report>
			<report>
				<misses>2854001</misses>
				<total>27</total>
				<timestamp>741.298392</timestamp>
			</report>
			<report>
				<misses>2855001</misses>
				<total>27</total>
				<timestamp>741.558159</timestamp>
			</report>
			<report>
				<misses>2856001</misses>
				<total>27</total>
				<timestamp>741.817867</timestamp>
			</report>
			<report>
				<misses>2857001</misses>
				<total>27</total>
				<timestamp>742.077661</timestamp>
			</report>
			<report>
				<misses>2858001</misses>
				<total>27</total>
				<timestamp>742.337358</timestamp>
			</report>
			<report>
				<misses>2859001</misses>
				<total>27</total>
				<timestamp>742.597120</timestamp>
			</report>
			<report>
				<misses>2860001</misses>
				<total>27</total>
				<timestamp>742.856899</timestamp>
			</report>
			<report>
				<misses>2861001</misses>
				<total>27</total>
				<timestamp>743.116570</timestamp>
			</report>
			<report>
				<misses>2862001</misses>
				<total>27</total>
				<timestamp>743.376322</timestamp>
			</report>
			<report>
				<misses>2863001</misses>
				<total>27</total>
				<timestamp>743.636055</timestamp>
			</report>
			<report>
				<misses>2864001</misses>
				<total>27</total>
				<timestamp>743.895843</timestamp>
			</report>
			<report>
				<misses>2865001</misses>
				<total>27</total>
				<timestamp>744.155547</timestamp>
			</report>
			<report>
				<misses>2866001</misses>
				<total>27</total>
				<timestamp>744.415299</timestamp>
			</report>
			<report>
				<misses>2867001</misses>
				<total>27</total>
				<timestamp>744.675024</timestamp>
			</report>
			<report>
				<misses>2868001</misses>
				<total>27</total>
				<timestamp>744.934757</timestamp>
			</report>
			<report>
				<misses>2869001</misses>
				<total>27</total>
				<timestamp>745.194505</timestamp>
			</report>
			<report>
				<misses>2870001</misses>
				<total>27</total>
				<timestamp>745.454244</timestamp>
			</report>
			<report>
				<misses>2871001</misses>
				<total>27</total>
				<timestamp>745.713970</timestamp>
			</report>
			<report>
				<misses>2872001</misses>
				<total>27</total>
				<timestamp>745.973747</timestamp>
			</report>
			<report>
				<misses>2873001</misses>
				<total>27</total>
				<timestamp>746.233459</timestamp>
			</report>
			<report>
				<misses>2874001</misses>
				<total>27</total>
				<timestamp>746.493241</timestamp>
			</report>
			<report>
				<misses>2875001</misses>
				<total>27</total>
				<timestamp>746.752946</timestamp>
			</report>
			<report>
				<misses>2876001</misses>
				<total>27</total>
				<timestamp>747.012707</timestamp>
			</report>
			<report>
				<misses>2877001</misses>
				<total>27</total>
				<timestamp>747.272462</timestamp>
			</report>
			<report>
				<misses>2878001</misses>
				<total>27</total>
				<timestamp>747.532165</timestamp>
			</report>
			<report>
				<misses>2879001</misses>
				<total>27</total>
				<timestamp>747.791912</timestamp>
			</report>
			<report>
				<misses>2880001</misses>
				<total>27</total>
				<timestamp>748.051671</timestamp>
			</report>
			<report>
				<misses>2881001</misses>
				<total>27</total>
				<timestamp>748.311435</timestamp>
			</report>
			<report>
				<misses>2882001</misses>
				<total>27</total>
				<timestamp>748.571176</timestamp>
			</report>
			<report>
				<misses>2883001</misses>
				<total>27</total>
				<timestamp>748.830879</timestamp>
			</report>
			<report>
				<misses>2884001</misses>
				<total>27</total>
				<timestamp>749.090632</timestamp>
			</report>
			<report>
				<misses>2885001</misses>
				<total>27</total>
				<timestamp>749.350332</timestamp>
			</report>
			<report>
				<misses>2886001</misses>
				<total>27</total>
				<timestamp>749.610089</timestamp>
			</report>
			<report>
				<misses>2887001</misses>
				<total>27</total>
				<timestamp>749.869858</timestamp>
			</report>
			<report>
				<misses>2888001</misses>
				<total>27</total>
				<timestamp>750.129550</timestamp>
			</report>
			<report>
				<misses>2889001</misses>
				<total>27</total>
				<timestamp>750.389314</timestamp>
			</report>
			<report>
				<misses>2890001</misses>
				<total>27</total>
				<timestamp>750.649038</timestamp>
			</report>
			<report>
				<misses>2891001</misses>
				<total>27</total>
				<timestamp>750.908785</timestamp>
			</report>
			<report>
				<misses>2892001</misses>
				<total>27</total>
				<timestamp>751.168527</timestamp>
			</report>
			<report>
				<misses>2893001</misses>
				<total>27</total>
				<timestamp>751.428263</timestamp>
			</report>
			<report>
				<misses>2894001</misses>
				<total>27</total>
				<timestamp>751.688024</timestamp>
			</report>
			<report>
				<misses>2895001</misses>
				<total>27</total>
				<timestamp>751.947755</timestamp>
			</report>
			<report>
				<misses>2896001</misses>
				<total>27</total>
				<timestamp>752.207494</timestamp>
			</report>
			<report>
				<misses>2897001</misses>
				<total>27</total>
				<timestamp>752.467246</timestamp>
			</report>
			<report>
				<misses>2898001</misses>
				<total>27</total>
				<timestamp>752.726966</timestamp>
			</report>
			<report>
				<misses>2899001</misses>
				<total>27</total>
				<timestamp>752.986727</timestamp>
			</report>
			<report>
				<misses>2900001</misses>
				<total>27</total>
				<timestamp>753.246432</timestamp>
			</report>
			<report>
				<misses>2901001</misses>
				<total>27</total>
				<timestamp>753.506188</timestamp>
			</report>
			<report>
				<misses>2902001</misses>
				<total>27</total>
				<timestamp>753.765957</timestamp>
			</report>
			<report>
				<misses>2903001</misses>
				<total>27</total>
				<timestamp>754.025684</timestamp>
			</report>
			<report>
				<misses>2904001</misses>
				<total>27</total>
				<timestamp>754.285387</timestamp>
			</report>
			<report>
				<misses>2905001</misses>
				<total>27</total>
				<timestamp>754.545155</timestamp>
			</report>
			<report>
				<misses>2906001</misses>
				<total>27</total>
				<timestamp>754.804879</timestamp>
			</report>
			<report>
				<misses>2907001</misses>
				<total>27</total>
				<timestamp>755.064638</timestamp>
			</report>
			<report>
				<misses>2908001</misses>
				<total>27</total>
				<timestamp>755.324380</timestamp>
			</report>
			<report>
				<misses>2909001</misses>
				<total>27</total>
				<timestamp>755.584136</timestamp>
			</report>
			<report>
				<misses>2910001</misses>
				<total>27</total>
				<timestamp>755.843854</timestamp>
			</report>
			<report>
				<misses>2911001</misses>
				<total>27</total>
				<timestamp>756.103575</timestamp>
			</report>
			<report>
				<misses>2912001</misses>
				<total>27</total>
				<timestamp>756.363328</timestamp>
			</report>
			<report>
				<misses>2913001</misses>
				<total>27</total>
				<timestamp>756.623091</timestamp>
			</report>
			<report>
				<misses>2914001</misses>
				<total>27</total>
				<timestamp>756.882854</timestamp>
			</report>
			<report>
				<misses>2915001</misses>
				<total>27</total>
				<timestamp>757.142530</timestamp>
			</report>
			<report>
				<misses>2916001</misses>
				<total>27</total>
				<timestamp>757.402269</timestamp>
			</report>
			<report>
				<misses>2917001</misses>
				<total>27</total>
				<timestamp>757.662036</timestamp>
			</report>
			<report>
				<misses>2918001</misses>
				<total>27</total>
				<timestamp>757.921792</timestamp>
			</report>
			<report>
				<misses>2919001</misses>
				<total>27</total>
				<timestamp>758.181508</timestamp>
			</report>
			<report>
				<misses>2920001</misses>
				<total>27</total>
				<timestamp>758.441266</timestamp>
			</report>
			<report>
				<misses>2921001</misses>
				<total>27</total>
				<timestamp>758.700970</timestamp>
			</report>
			<report>
				<misses>2922001</misses>
				<total>27</total>
				<timestamp>758.960770</timestamp>
			</report>
			<report>
				<misses>2923001</misses>
				<total>27</total>
				<timestamp>759.220456</timestamp>
			</report>
			<report>
				<misses>2924001</misses>
				<total>27</total>
				<timestamp>759.480205</timestamp>
			</report>
			<report>
				<misses>2925001</misses>
				<total>27</total>
				<timestamp>759.739953</timestamp>
			</report>
			<report>
				<misses>2926001</misses>
				<total>27</total>
				<timestamp>759.999712</timestamp>
			</report>
			<report>
				<misses>2927001</misses>
				<total>27</total>
				<timestamp>760.259407</timestamp>
			</report>
			<report>
				<misses>2928001</misses>
				<total>27</total>
				<timestamp>760.519168</timestamp>
			</report>
			<report>
				<misses>2929001</misses>
				<total>27</total>
				<timestamp>760.778897</timestamp>
			</report>
			<report>
				<misses>2930001</misses>
				<total>27</total>
				<timestamp>761.038625</timestamp>
			</report>
			<report>
				<misses>2931001</misses>
				<total>27</total>
				<timestamp>761.298381</timestamp>
			</report>
			<report>
				<misses>2932001</misses>
				<total>27</total>
				<timestamp>761.558136</timestamp>
			</report>
			<report>
				<misses>2933001</misses>
				<total>27</total>
				<timestamp>761.817843</timestamp>
			</report>
			<report>
				<misses>2934001</misses>
				<total>27</total>
				<timestamp>762.077637</timestamp>
			</report>
			<report>
				<misses>2935001</misses>
				<total>27</total>
				<timestamp>762.337333</timestamp>
			</report>
			<report>
				<misses>2936001</misses>
				<total>27</total>
				<timestamp>762.597120</timestamp>
			</report>
			<report>
				<misses>2937001</misses>
				<total>27</total>
				<timestamp>762.856843</timestamp>
			</report>
			<report>
				<misses>2938001</misses>
				<total>27</total>
				<timestamp>763.116588</timestamp>
			</report>
			<report>
				<misses>2939001</misses>
				<total>27</total>
				<timestamp>763.376314</timestamp>
			</report>
			<report>
				<misses>2940001</misses>
				<total>27</total>
				<timestamp>763.636066</timestamp>
			</report>
			<report>
				<misses>2941001</misses>
				<total>27</total>
				<timestamp>763.895819</timestamp>
			</report>
			<report>
				<misses>2942001</misses>
				<total>27</total>
				<timestamp>764.155568</timestamp>
			</report>
			<report>
				<misses>2943001</misses>
				<total>27</total>
				<timestamp>764.415286</timestamp>
			</report>
			<report>
				<misses>2944001</misses>
				<total>27</total>
				<timestamp>764.675001</timestamp>
			</report>
			<report>
				<misses>2945001</misses>
				<total>27</total>
				<timestamp>764.934746</timestamp>
			</report>
			<report>
				<misses>2946001</misses>
				<total>27</total>
				<timestamp>765.194497</timestamp>
			</report>
			<report>
				<misses>2947001</misses>
				<total>27</total>
				<timestamp>765.454232</timestamp>
			</report>
			<report>
				<misses>2948001</misses>
				<total>27</total>
				<timestamp>765.713960</timestamp>
			</report>
			<report>
				<misses>2949001</misses>
				<total>27</total>
				<timestamp>765.973790</timestamp>
			</report>
			<report>
				<misses>2950001</misses>
				<total>27</total>
				<timestamp>766.233465</timestamp>
			</report>
			<report>
				<misses>2951001</misses>
				<total>27</total>
				<timestamp>766.493219</timestamp>
			</report>
			<report>
				<misses>2952001</misses>
				<total>27</total>
				<timestamp>766.752917</timestamp>
			</report>
			<report>
				<misses>2953001</misses>
				<total>27</total>
				<timestamp>767.012710</timestamp>
			</report>
			<report>
				<misses>2954001</misses>
				<total>27</total>
				<timestamp>767.272430</timestamp>
			</report>
			<report>
				<misses>2955001</misses>
				<total>27</total>
				<timestamp>767.532164</timestamp>
			</report>
			<report>
				<misses>2956001</misses>
				<total>27</total>
				<timestamp>767.791889</timestamp>
			</report>
			<report>
				<misses>2957001</misses>
				<total>27</total>
				<timestamp>768.051642</timestamp>
			</report>
			<report>
				<misses>2958001</misses>
				<total>27</total>
				<timestamp>768.311368</timestamp>
			</report>
			<report>
				<misses>2959001</misses>
				<total>27</total>
				<timestamp>768.571118</timestamp>
			</report>
			<report>
				<misses>2960001</misses>
				<total>27</total>
				<timestamp>768.830845</timestamp>
			</report>
			<report>
				<misses>2961001</misses>
				<total>27</total>
				<timestamp>769.090597</timestamp>
			</report>
			<report>
				<misses>2962001</misses>
				<total>27</total>
				<timestamp>769.350335</timestamp>
			</report>
			<report>
				<misses>2963001</misses>
				<total>27</total>
				<timestamp>769.610087</timestamp>
			</report>
			<report>
				<misses>2964001</misses>
				<total>27</total>
				<timestamp>769.869796</timestamp>
			</report>
			<report>
				<misses>2965001</misses>
				<total>27</total>
				<timestamp>770.129572</timestamp>
			</report>
			<report>
				<misses>2966001</misses>
				<total>27</total>
				<timestamp>770.389300</timestamp>
			</report>
			<report>
				<misses>2967001</misses>
				<total>27</total>
				<timestamp>770.649031</timestamp>
			</report>
			<report>
				<misses>2968001</misses>
				<total>28</total>
				<timestamp>770.908794</timestamp>
			</report>
			<report>
				<misses>2969001</misses>
				<total>28</total>
				<timestamp>771.168565</timestamp>
			</report>
			<report>
				<misses>2970001</misses>
				<total>28</total>
				<timestamp>771.428270</timestamp>
			</report>
			<report>
				<misses>2971001</misses>
				<total>28</total>
				<timestamp>771.688023</timestamp>
			</report>
			<report>
				<misses>2972001</misses>
				<total>28</total>
				<timestamp>771.947739</timestamp>
			</report>
			<report>
				<misses>2973001</misses>
				<total>28</total>
				<timestamp>772.207524</timestamp>
			</report>
			<report>
				<misses>2974001</misses>
				<total>28</total>
				<timestamp>772.467206</timestamp>
			</report>
			<report>
				<misses>2975001</misses>
				<total>28</total>
				<timestamp>772.726952</timestamp>
			</report>
			<report>
				<misses>2976001</misses>
				<total>28</total>
				<timestamp>772.986696</timestamp>
			</report>
			<report>
				<misses>2977001</misses>
				<total>28</total>
				<timestamp>773.246456</timestamp>
			</report>
			<report>
				<misses>2978001</misses>
				<total>28</total>
				<timestamp>773.506193</timestamp>
			</report>
			<report>
				<misses>2979001</misses>
				<total>28</total>
				<timestamp>773.765910</timestamp>
			</report>
			<report>
				<misses>2980001</misses>
				<total>28</total>
				<timestamp>774.025688</timestamp>
			</report>
			<report>
				<misses>2981001</misses>
				<total>28</total>
				<timestamp>774.285383</timestamp>
			</report>
			<report>
				<misses>2982001</misses>
				<total>28</total>
				<timestamp>774.545142</timestamp>
			</report>
			<report>
				<misses>2983001</misses>
				<total>28</total>
				<timestamp>774.804856</timestamp>
			</report>
			<report>
				<misses>2984001</misses>
				<total>28</total>
				<timestamp>775.064621</timestamp>
			</report>
			<report>
				<misses>2985001</misses>
				<total>28</total>
				<timestamp>775.324356</timestamp>
			</report>
			<report>
				<misses>2986001</misses>
				<total>28</total>
				<timestamp>775.584136</timestamp>
			</report>
			<report>
				<misses>2987001</misses>
				<total>28</total>
				<timestamp>775.843843</timestamp>
			</report>
			<report>
				<misses>2988001</misses>
				<total>28</total>
				<timestamp>776.103568</timestamp>
			</report>
			<report>
				<misses>2989001</misses>
				<total>28</total>
				<timestamp>776.363306</timestamp>
			</report>
			<report>
				<misses>2990001</misses>
				<total>28</total>
				<timestamp>776.623060</timestamp>
			</report>
			<report>
				<misses>2991001</misses>
				<total>28</total>
				<timestamp>776.882777</timestamp>
			</report>
			<report>
				<misses>2992001</misses>
				<total>28</total>
				<timestamp>777.142555</timestamp>
			</report>
			<report>
				<misses>2993001</misses>
				<total>28</total>
				<timestamp>777.402258</timestamp>
			</report>
			<report>
				<misses>2994001</misses>
				<total>28</total>
				<timestamp>777.661999</timestamp>
			</report>
			<report>
				<misses>2995001</misses>
				<total>28</total>
				<timestamp>777.921737</timestamp>
			</report>
			<report>
				<misses>2996001</misses>
				<total>28</total>
				<timestamp>778.181503</timestamp>
			</report>
			<report>
				<misses>2997001</misses>
				<total>28</total>
				<timestamp>778.441223</timestamp>
			</report>
			<report>
				<misses>2998001</misses>
				<total>28</total>
				<timestamp>778.700960</timestamp>
			</report>
			<report>
				<misses>2999001</misses>
				<total>28</total>
				<timestamp>778.960725</timestamp>
			</report>
			<report>
				<misses>3000001</misses>
				<total>28</total>
				<timestamp>779.220457</timestamp>
			</report>
			<report>
				<misses>3001001</misses>
				<total>28</total>
				<timestamp>779.480193</timestamp>
			</report>
			<report>
				<misses>3002001</misses>
				<total>28</total>
				<timestamp>779.739936</timestamp>
			</report>
			<report>
				<misses>3003001</misses>
				<total>28</total>
				<timestamp>779.999684</timestamp>
			</report>
			<report>
				<misses>3004001</misses>
				<total>28</total>
				<timestamp>780.259388</timestamp>
			</report>
			<report>
				<misses>3005001</misses>
				<total>28</total>
				<timestamp>780.519128</timestamp>
			</report>
			<report>
				<misses>3006001</misses>
				<total>28</total>
				<timestamp>780.778874</timestamp>
			</report>
			<report>
				<misses>3007001</misses>
				<total>28</total>
				<timestamp>781.038635</timestamp>
			</report>
			<report>
				<misses>3008001</misses>
				<total>28</total>
				<timestamp>781.298408</timestamp>
			</report>
			<report>
				<misses>3009001</misses>
				<total>28</total>
				<timestamp>781.558089</timestamp>
			</report>
			<report>
				<misses>3010001</misses>
				<total>28</total>
				<timestamp>781.817839</timestamp>
			</report>
			<report>
				<misses>3011001</misses>
				<total>28</total>
				<timestamp>782.077636</timestamp>
			</report>
			<report>
				<misses>3012001</misses>
				<total>28</total>
				<timestamp>782.337304</timestamp>
			</report>
			<report>
				<misses>3013001</misses>
				<total>28</total>
				<timestamp>782.597070</timestamp>
			</report>
			<report>
				<misses>3014001</misses>
				<total>28</total>
				<timestamp>782.856800</timestamp>
			</report>
			<report>
				<misses>3015001</misses>
				<total>28</total>
				<timestamp>783.116553</timestamp>
			</report>
			<report>
				<misses>3016001</misses>
				<total>28</total>
				<timestamp>783.376264</timestamp>
			</report>
			<report>
				<misses>3017001</misses>
				<total>28</total>
				<timestamp>783.636021</timestamp>
			</report>
			<report>
				<misses>3018001</misses>
				<total>28</total>
				<timestamp>783.895773</timestamp>
			</report>
			<report>
				<misses>3019001</misses>
				<total>28</total>
				<timestamp>784.155520</timestamp>
			</report>
			<report>
				<misses>3020001</misses>
				<total>28</total>
				<timestamp>784.415230</timestamp>
			</report>
			<report>
				<misses>3021001</misses>
				<total>28</total>
				<timestamp>784.674978</timestamp>
			</report>
			<report>
				<misses>3022001</misses>
				<total>28</total>
				<timestamp>784.934716</timestamp>
			</report>
			<report>
				<misses>3023001</misses>
				<total>28</total>
				<timestamp>785.194493</timestamp>
			</report>
			<report>
				<misses>3024001</misses>
				<total>28</total>
				<timestamp>785.454194</timestamp>
			</report>
			<report>
				<misses>3025001</misses>
				<total>28</total>
				<timestamp>785.713978</timestamp>
			</report>
			<report>
				<misses>3026001</misses>
				<total>28</total>
				<timestamp>785.973953</timestamp>
			</report>
			<report>
				<misses>3027001</misses>
				<total>28</total>
				<timestamp>786.233686</timestamp>
			</report>
			<report>
				<misses>3028001</misses>
				<total>28</total>
				<timestamp>786.493440</timestamp>
			</report>
			<report>
				<misses>3029001</misses>
				<total>28</total>
				<timestamp>786.753198</timestamp>
			</report>
			<report>
				<misses>3030001</misses>
				<total>28</total>
				<timestamp>787.012908</timestamp>
			</report>
			<report>
				<misses>3031001</misses>
				<total>28</total>
				<timestamp>787.272646</timestamp>
			</report>
			<report>
				<misses>3032001</misses>
				<total>28</total>
				<timestamp>787.532391</timestamp>
			</report>
			<report>
				<misses>3033001</misses>
				<total>28</total>
				<timestamp>787.792146</timestamp>
			</report>
			<report>
				<misses>3034001</misses>
				<total>28</total>
				<timestamp>788.051908</timestamp>
			</report>
			<report>
				<misses>3035001</misses>
				<total>28</total>
				<timestamp>788.311612</timestamp>
			</report>
			<report>
				<misses>3036001</misses>
				<total>28</total>
				<timestamp>788.571334</timestamp>
			</report>
			<report>
				<misses>3037001</misses>
				<total>28</total>
				<timestamp>788.831119</timestamp>
			</report>
			<report>
				<misses>3038001</misses>
				<total>28</total>
				<timestamp>789.090822</timestamp>
			</report>
			<report>
				<misses>3039001</misses>
				<total>28</total>
				<timestamp>789.350576</timestamp>
			</report>
			<report>
				<misses>3040001</misses>
				<total>28</total>
				<timestamp>789.610304</timestamp>
			</report>
			<report>
				<misses>3041001</misses>
				<total>28</total>
				<timestamp>789.870056</timestamp>
			</report>
			<report>
				<misses>3042001</misses>
				<total>31</total>
				<timestamp>790.129797</timestamp>
			</report>
			<report>
				<misses>3043001</misses>
				<total>31</total>
				<timestamp>790.389533</timestamp>
			</report>
			<report>
				<misses>3044001</misses>
				<total>31</total>
				<timestamp>790.649250</timestamp>
			</report>
			<report>
				<misses>3045001</misses>
				<total>31</total>
				<timestamp>790.909002</timestamp>
			</report>
			<report>
				<misses>3046001</misses>
				<total>31</total>
				<timestamp>791.168729</timestamp>
			</report>
			<report>
				<misses>3047001</misses>
				<total>31</total>
				<timestamp>791.428486</timestamp>
			</report>
			<report>
				<misses>3048001</misses>
				<total>31</total>
				<timestamp>791.688237</timestamp>
			</report>
			<report>
				<misses>3049001</misses>
				<total>31</total>
				<timestamp>791.947962</timestamp>
			</report>
			<report>
				<misses>3050001</misses>
				<total>31</total>
				<timestamp>792.207713</timestamp>
			</report>
			<report>
				<misses>3051001</misses>
				<total>31</total>
				<timestamp>792.467463</timestamp>
			</report>
			<report>
				<misses>3052001</misses>
				<total>31</total>
				<timestamp>792.727183</timestamp>
			</report>
			<report>
				<misses>3053001</misses>
				<total>31</total>
				<timestamp>792.986959</timestamp>
			</report>
			<report>
				<misses>3054001</misses>
				<total>31</total>
				<timestamp>793.246666</timestamp>
			</report>
			<report>
				<misses>3055001</misses>
				<total>31</total>
				<timestamp>793.506428</timestamp>
			</report>
			<report>
				<misses>3056001</misses>
				<total>31</total>
				<timestamp>793.766159</timestamp>
			</report>
			<report>
				<misses>3057001</misses>
				<total>31</total>
				<timestamp>794.025894</timestamp>
			</report>
			<report>
				<misses>3058001</misses>
				<total>31</total>
				<timestamp>794.285615</timestamp>
			</report>
			<report>
				<misses>3059001</misses>
				<total>31</total>
				<timestamp>794.545366</timestamp>
			</report>
			<report>
				<misses>3060001</misses>
				<total>31</total>
				<timestamp>794.805120</timestamp>
			</report>
			<report>
				<misses>3061001</misses>
				<total>31</total>
				<timestamp>795.064842</timestamp>
			</report>
			<report>
				<misses>3062001</misses>
				<total>31</total>
				<timestamp>795.324598</timestamp>
			</report>
			<report>
				<misses>3063001</misses>
				<total>31</total>
				<timestamp>795.584346</timestamp>
			</report>
			<report>
				<misses>3064001</misses>
				<total>31</total>
				<timestamp>795.844051</timestamp>
			</report>
			<report>
				<misses>3065001</misses>
				<total>31</total>
				<timestamp>796.103808</timestamp>
			</report>
			<report>
				<misses>3066001</misses>
				<total>31</total>
				<timestamp>796.363573</timestamp>
			</report>
			<report>
				<misses>3067001</misses>
				<total>31</total>
				<timestamp>796.623280</timestamp>
			</report>
			<report>
				<misses>3068001</misses>
				<total>31</total>
				<timestamp>796.883040</timestamp>
			</report>
			<report>
				<misses>3069001</misses>
				<total>31</total>
				<timestamp>797.142784</timestamp>
			</report>
			<report>
				<misses>3070001</misses>
				<total>31</total>
				<timestamp>797.402551</timestamp>
			</report>
			<report>
				<misses>3071001</misses>
				<total>31</total>
				<timestamp>797.662270</timestamp>
			</report>
			<report>
				<misses>3072001</misses>
				<total>31</total>
				<timestamp>797.921989</timestamp>
			</report>
			<report>
				<misses>3073001</misses>
				<total>31</total>
				<timestamp>798.181740</timestamp>
			</report>
			<report>
				<misses>3074001</misses>
				<total>31</total>
				<timestamp>798.441506</timestamp>
			</report>
			<report>
				<misses>3075001</misses>
				<total>31</total>
				<timestamp>798.701200</timestamp>
			</report>
			<report>
				<misses>3076001</misses>
				<total>31</total>
				<timestamp>798.960942</timestamp>
			</report>
			<report>
				<misses>3077001</misses>
				<total>31</total>
				<timestamp>799.220685</timestamp>
			</report>
			<report>
				<misses>3078001</misses>
				<total>31</total>
				<timestamp>799.480413</timestamp>
			</report>
			<report>
				<misses>3079001</misses>
				<total>32</total>
				<timestamp>799.740181</timestamp>
			</report>
			<report>
				<misses>3080001</misses>
				<total>32</total>
				<timestamp>799.999913</timestamp>
			</report>
			<report>
				<misses>3081001</misses>
				<total>32</total>
				<timestamp>800.259641</timestamp>
			</report>
			<report>
				<misses>3082001</misses>
				<total>32</total>
				<timestamp>800.519401</timestamp>
			</report>
			<report>
				<misses>3083001</misses>
				<total>32</total>
				<timestamp>800.779132</timestamp>
			</report>
			<report>
				<misses>3084001</misses>
				<total>32</total>
				<timestamp>801.038919</timestamp>
			</report>
			<report>
				<misses>3085001</misses>
				<total>32</total>
				<timestamp>801.298612</timestamp>
			</report>
			<report>
				<misses>3086001</misses>
				<total>32</total>
				<timestamp>801.558393</timestamp>
			</report>
			<report>
				<misses>3087001</misses>
				<total>32</total>
				<timestamp>801.818136</timestamp>
			</report>
			<report>
				<misses>3088001</misses>
				<total>32</total>
				<timestamp>802.077822</timestamp>
			</report>
			<report>
				<misses>3089001</misses>
				<total>32</total>
				<timestamp>802.337612</timestamp>
			</report>
			<report>
				<misses>3090001</misses>
				<total>32</total>
				<timestamp>802.597293</timestamp>
			</report>
			<report>
				<misses>3091001</misses>
				<total>32</total>
				<timestamp>802.857030</timestamp>
			</report>
			<report>
				<misses>3092001</misses>
				<total>32</total>
				<timestamp>803.116791</timestamp>
			</report>
			<report>
				<misses>3093001</misses>
				<total>32</total>
				<timestamp>803.376559</timestamp>
			</report>
			<report>
				<misses>3094001</misses>
				<total>32</total>
				<timestamp>803.636261</timestamp>
			</report>
			<report>
				<misses>3095001</misses>
				<total>32</total>
				<timestamp>803.895997</timestamp>
			</report>
			<report>
				<misses>3096001</misses>
				<total>32</total>
				<timestamp>804.155738</timestamp>
			</report>
			<report>
				<misses>3097001</misses>
				<total>32</total>
				<timestamp>804.415513</timestamp>
			</report>
			<report>
				<misses>3098001</misses>
				<total>32</total>
				<timestamp>804.675260</timestamp>
			</report>
			<report>
				<misses>3099001</misses>
				<total>32</total>
				<timestamp>804.934970</timestamp>
			</report>
			<report>
				<misses>3100001</misses>
				<total>32</total>
				<timestamp>805.194798</timestamp>
			</report>
			<report>
				<misses>3101001</misses>
				<total>34</total>
				<timestamp>805.454464</timestamp>
			</report>
			<report>
				<misses>3102001</misses>
				<total>34</total>
				<timestamp>805.714199</timestamp>
			</report>
			<report>
				<misses>3103001</misses>
				<total>34</total>
				<timestamp>805.973899</timestamp>
			</report>
			<report>
				<misses>3104001</misses>
				<total>34</total>
				<timestamp>806.233692</timestamp>
			</report>
			<report>
				<misses>3105001</misses>
				<total>34</total>
				<timestamp>806.493401</timestamp>
			</report>
			<report>
				<misses>3106001</misses>
				<total>34</total>
				<timestamp>806.753134</timestamp>
			</report>
			<report>
				<misses>3107001</misses>
				<total>34</total>
				<timestamp>807.012882</timestamp>
			</report>
			<report>
				<misses>3108001</misses>
				<total>34</total>
				<timestamp>807.272621</timestamp>
			</report>
			<report>
				<misses>3109001</misses>
				<total>34</total>
				<timestamp>807.532364</timestamp>
			</report>
			<report>
				<misses>3110001</misses>
				<total>34</total>
				<timestamp>807.792113</timestamp>
			</report>
			<report>
				<misses>3111001</misses>
				<total>34</total>
				<timestamp>808.051838</timestamp>
			</report>
			<report>
				<misses>3112001</misses>
				<total>34</total>
				<timestamp>808.311576</timestamp>
			</report>
			<report>
				<misses>3113001</misses>
				<total>34</total>
				<timestamp>808.571342</timestamp>
			</report>
			<report>
				<misses>3114001</misses>
				<total>34</total>
				<timestamp>808.831071</timestamp>
			</report>
			<report>
				<misses>3115001</misses>
				<total>34</total>
				<timestamp>809.090796</timestamp>
			</report>
			<report>
				<misses>3116001</misses>
				<total>34</total>
				<timestamp>809.350553</timestamp>
			</report>
			<report>
				<misses>3117001</misses>
				<total>34</total>
				<timestamp>809.610273</timestamp>
			</report>
			<report>
				<misses>3118001</misses>
				<total>34</total>
				<timestamp>809.870016</timestamp>
			</report>
			<report>
				<misses>3119001</misses>
				<total>34</total>
				<timestamp>810.129758</timestamp>
			</report>
			<report>
				<misses>3120001</misses>
				<total>34</total>
				<timestamp>810.389497</timestamp>
			</report>
			<report>
				<misses>3121001</misses>
				<total>34</total>
				<timestamp>810.649283</timestamp>
			</report>
			<report>
				<misses>3122001</misses>
				<total>34</total>
				<timestamp>810.909003</timestamp>
			</report>
			<report>
				<misses>3123001</misses>
				<total>34</total>
				<timestamp>811.168740</timestamp>
			</report>
			<report>
				<misses>3124001</misses>
				<total>34</total>
				<timestamp>811.428463</timestamp>
			</report>
			<report>
				<misses>3125001</misses>
				<total>34</total>
				<timestamp>811.688237</timestamp>
			</report>
			<report>
				<misses>3126001</misses>
				<total>34</total>
				<timestamp>811.947943</timestamp>
			</report>
			<report>
				<misses>3127001</misses>
				<total>34</total>
				<timestamp>812.207692</timestamp>
			</report>
			<report>
				<misses>3128001</misses>
				<total>34</total>
				<timestamp>812.467430</timestamp>
			</report>
			<report>
				<misses>3129001</misses>
				<total>34</total>
				<timestamp>812.727197</timestamp>
			</report>
			<report>
				<misses>3130001</misses>
				<total>34</total>
				<timestamp>812.986916</timestamp>
			</report>
			<report>
				<misses>3131001</misses>
				<total>34</total>
				<timestamp>813.246660</timestamp>
			</report>
			<report>
				<misses>3132001</misses>
				<total>34</total>
				<timestamp>813.506431</timestamp>
			</report>
			<report>
				<misses>3133001</misses>
				<total>34</total>
				<timestamp>813.766200</timestamp>
			</report>
			<report>
				<misses>3134001</misses>
				<total>34</total>
				<timestamp>814.025857</timestamp>
			</report>
			<report>
				<misses>3135001</misses>
				<total>34</total>
				<timestamp>814.285626</timestamp>
			</report>
			<report>
				<misses>3136001</misses>
				<total>34</total>
				<timestamp>814.545353</timestamp>
			</report>
			<report>
				<misses>3137001</misses>
				<total>34</total>
				<timestamp>814.805095</timestamp>
			</report>
			<report>
				<misses>3138001</misses>
				<total>34</total>
				<timestamp>815.064825</timestamp>
			</report>
			<report>
				<misses>3139001</misses>
				<total>34</total>
				<timestamp>815.324573</timestamp>
			</report>
			<report>
				<misses>3140001</misses>
				<total>34</total>
				<timestamp>815.584358</timestamp>
			</report>
			<report>
				<misses>3141001</misses>
				<total>34</total>
				<timestamp>815.844048</timestamp>
			</report>
			<report>
				<misses>3142001</misses>
				<total>34</total>
				<timestamp>816.103779</timestamp>
			</report>
			<report>
				<misses>3143001</misses>
				<total>34</total>
				<timestamp>816.363530</timestamp>
			</report>
			<report>
				<misses>3144001</misses>
				<total>34</total>
				<timestamp>816.623279</timestamp>
			</report>
			<report>
				<misses>3145001</misses>
				<total>34</total>
				<timestamp>816.882999</timestamp>
			</report>
			<report>
				<misses>3146001</misses>
				<total>34</total>
				<timestamp>817.142774</timestamp>
			</report>
			<report>
				<misses>3147001</misses>
				<total>34</total>
				<timestamp>817.402517</timestamp>
			</report>
			<report>
				<misses>3148001</misses>
				<total>34</total>
				<timestamp>817.662289</timestamp>
			</report>
			<report>
				<misses>3149001</misses>
				<total>34</total>
				<timestamp>817.921976</timestamp>
			</report>
			<report>
				<misses>3150001</misses>
				<total>34</total>
				<timestamp>818.181696</timestamp>
			</report>
			<report>
				<misses>3151001</misses>
				<total>34</total>
				<timestamp>818.441445</timestamp>
			</report>
			<report>
				<misses>3152001</misses>
				<total>34</total>
				<timestamp>818.701223</timestamp>
			</report>
			<report>
				<misses>3153001</misses>
				<total>34</total>
				<timestamp>818.960937</timestamp>
			</report>
			<report>
				<misses>3154001</misses>
				<total>34</total>
				<timestamp>819.220659</timestamp>
			</report>
			<report>
				<misses>3155001</misses>
				<total>34</total>
				<timestamp>819.480443</timestamp>
			</report>
			<report>
				<misses>3156001</misses>
				<total>34</total>
				<timestamp>819.740193</timestamp>
			</report>
			<report>
				<misses>3157001</misses>
				<total>34</total>
				<timestamp>819.999904</timestamp>
			</report>
			<report>
				<misses>3158001</misses>
				<total>34</total>
				<timestamp>820.259613</timestamp>
			</report>
			<report>
				<misses>3159001</misses>
				<total>34</total>
				<timestamp>820.519397</timestamp>
			</report>
			<report>
				<misses>3160001</misses>
				<total>34</total>
				<timestamp>820.779124</timestamp>
			</report>
			<report>
				<misses>3161001</misses>
				<total>34</total>
				<timestamp>821.038834</timestamp>
			</report>
			<report>
				<misses>3162001</misses>
				<total>34</total>
				<timestamp>821.298581</timestamp>
			</report>
			<report>
				<misses>3163001</misses>
				<total>34</total>
				<timestamp>821.558354</timestamp>
			</report>
			<report>
				<misses>3164001</misses>
				<total>34</total>
				<timestamp>821.818083</timestamp>
			</report>
			<report>
				<misses>3165001</misses>
				<total>34</total>
				<timestamp>822.077827</timestamp>
			</report>
			<report>
				<misses>3166001</misses>
				<total>34</total>
				<timestamp>822.337541</timestamp>
			</report>
			<report>
				<misses>3167001</misses>
				<total>34</total>
				<timestamp>822.597320</timestamp>
			</report>
			<report>
				<misses>3168001</misses>
				<total>34</total>
				<timestamp>822.857035</timestamp>
			</report>
			<report>
				<misses>3169001</misses>
				<total>34</total>
				<timestamp>823.116765</timestamp>
			</report>
			<report>
				<misses>3170001</misses>
				<total>34</total>
				<timestamp>823.376506</timestamp>
			</report>
			<report>
				<misses>3171001</misses>
				<total>34</total>
				<timestamp>823.636293</timestamp>
			</report>
			<report>
				<misses>3172001</misses>
				<total>34</total>
				<timestamp>823.895989</timestamp>
			</report>
			<report>
				<misses>3173001</misses>
				<total>34</total>
				<timestamp>824.155760</timestamp>
			</report>
			<report>
				<misses>3174001</misses>
				<total>34</total>
				<timestamp>824.415456</timestamp>
			</report>
			<report>
				<misses>3175001</misses>
				<total>35</total>
				<timestamp>824.675269</timestamp>
			</report>
			<report>
				<misses>3176001</misses>
				<total>35</total>
				<timestamp>824.934938</timestamp>
			</report>
			<report>
				<misses>3177001</misses>
				<total>35</total>
				<timestamp>825.194688</timestamp>
			</report>
			<report>
				<misses>3178001</misses>
				<total>35</total>
				<timestamp>825.454454</timestamp>
			</report>
			<report>
				<misses>3179001</misses>
				<total>35</total>
				<timestamp>825.714211</timestamp>
			</report>
			<report>
				<misses>3180001</misses>
				<total>35</total>
				<timestamp>825.973924</timestamp>
			</report>
			<report>
				<misses>3181001</misses>
				<total>35</total>
				<timestamp>826.233668</timestamp>
			</report>
			<report>
				<misses>3182001</misses>
				<total>35</total>
				<timestamp>826.493379</timestamp>
			</report>
			<report>
				<misses>3183001</misses>
				<total>35</total>
				<timestamp>826.753168</timestamp>
			</report>
			<report>
				<misses>3184001</misses>
				<total>35</total>
				<timestamp>827.012872</timestamp>
			</report>
			<report>
				<misses>3185001</misses>
				<total>35</total>
				<timestamp>827.272621</timestamp>
			</report>
			<report>
				<misses>3186001</misses>
				<total>35</total>
				<timestamp>827.532338</timestamp>
			</report>
			<report>
				<misses>3187001</misses>
				<total>35</total>
				<timestamp>827.792104</timestamp>
			</report>
			<report>
				<misses>3188001</misses>
				<total>35</total>
				<timestamp>828.051812</timestamp>
			</report>
			<report>
				<misses>3189001</misses>
				<total>35</total>
				<timestamp>828.311561</timestamp>
			</report>
			<report>
				<misses>3190001</misses>
				<total>35</total>
				<timestamp>828.571358</timestamp>
			</report>
			<report>
				<misses>3191001</misses>
				<total>35</total>
				<timestamp>828.831023</timestamp>
			</report>
			<report>
				<misses>3192001</misses>
				<total>35</total>
				<timestamp>829.090770</timestamp>
			</report>
			<report>
				<misses>3193001</misses>
				<total>35</total>
				<timestamp>829.350555</timestamp>
			</report>
			<report>
				<misses>3194001</misses>
				<total>35</total>
				<timestamp>829.610326</timestamp>
			</report>
			<report>
				<misses>3195001</misses>
				<total>35</total>
				<timestamp>829.869995</timestamp>
			</report>
			<report>
				<misses>3196001</misses>
				<total>35</total>
				<timestamp>830.129738</timestamp>
			</report>
			<report>
				<misses>3197001</misses>
				<total>35</total>
				<timestamp>830.389480</timestamp>
			</report>
			<report>
				<misses>3198001</misses>
				<total>35</total>
				<timestamp>830.649268</timestamp>
			</report>
			<report>
				<misses>3199001</misses>
				<total>35</total>
				<timestamp>830.908981</timestamp>
			</report>
			<report>
				<misses>3200001</misses>
				<total>35</total>
				<timestamp>831.168698</timestamp>
			</report>
			<report>
				<misses>3201001</misses>
				<total>35</total>
				<timestamp>831.428480</timestamp>
			</report>
			<report>
				<misses>3202001</misses>
				<total>35</total>
				<timestamp>831.688203</timestamp>
			</report>
			<report>
				<misses>3203001</misses>
				<total>35</total>
				<timestamp>831.947913</timestamp>
			</report>
			<report>
				<misses>3204001</misses>
				<total>35</total>
				<timestamp>832.207651</timestamp>
			</report>
			<report>
				<misses>3205001</misses>
				<total>35</total>
				<timestamp>832.467392</timestamp>
			</report>
			<report>
				<misses>3206001</misses>
				<total>35</total>
				<timestamp>832.727161</timestamp>
			</report>
			<report>
				<misses>3207001</misses>
				<total>35</total>
				<timestamp>832.986889</timestamp>
			</report>
			<report>
				<misses>3208001</misses>
				<total>35</total>
				<timestamp>833.246618</timestamp>
			</report>
			<report>
				<misses>3209001</misses>
				<total>35</total>
				<timestamp>833.506380</timestamp>
			</report>
			<report>
				<misses>3210001</misses>
				<total>35</total>
				<timestamp>833.766125</timestamp>
			</report>
			<report>
				<misses>3211001</misses>
				<total>35</total>
				<timestamp>834.025862</timestamp>
			</report>
			<report>
				<misses>3212001</misses>
				<total>35</total>
				<timestamp>834.285570</timestamp>
			</report>
			<report>
				<misses>3213001</misses>
				<total>35</total>
				<timestamp>834.545351</timestamp>
			</report>
			<report>
				<misses>3214001</misses>
				<total>35</total>
				<timestamp>834.805078</timestamp>
			</report>
			<report>
				<misses>3215001</misses>
				<total>35</total>
				<timestamp>835.064820</timestamp>
			</report>
			<report>
				<misses>3216001</misses>
				<total>35</total>
				<timestamp>835.324526</timestamp>
			</report>
			<report>
				<misses>3217001</misses>
				<total>35</total>
				<timestamp>835.584306</timestamp>
			</report>
			<report>
				<misses>3218001</misses>
				<total>35</total>
				<timestamp>835.844016</timestamp>
			</report>
			<report>
				<misses>3219001</misses>
				<total>35</total>
				<timestamp>836.103768</timestamp>
			</report>
			<report>
				<misses>3220001</misses>
				<total>35</total>
				<timestamp>836.363513</timestamp>
			</report>
			<report>
				<misses>3221001</misses>
				<total>35</total>
				<timestamp>836.623283</timestamp>
			</report>
			<report>
				<misses>3222001</misses>
				<total>35</total>
				<timestamp>836.882979</timestamp>
			</report>
			<report>
				<misses>3223001</misses>
				<total>35</total>
				<timestamp>837.142726</timestamp>
			</report>
			<report>
				<misses>3224001</misses>
				<total>35</total>
				<timestamp>837.402464</timestamp>
			</report>
			<report>
				<misses>3225001</misses>
				<total>35</total>
				<timestamp>837.662229</timestamp>
			</report>
			<report>
				<misses>3226001</misses>
				<total>35</total>
				<timestamp>837.921952</timestamp>
			</report>
			<report>
				<misses>3227001</misses>
				<total>35</total>
				<timestamp>838.181695</timestamp>
			</report>
			<report>
				<misses>3228001</misses>
				<total>35</total>
				<timestamp>838.441440</timestamp>
			</report>
			<report>
				<misses>3229001</misses>
				<total>35</total>
				<timestamp>838.701184</timestamp>
			</report>
			<report>
				<misses>3230001</misses>
				<total>35</total>
				<timestamp>838.960918</timestamp>
			</report>
			<report>
				<misses>3231001</misses>
				<total>35</total>
				<timestamp>839.220653</timestamp>
			</report>
			<report>
				<misses>3232001</misses>
				<total>35</total>
				<timestamp>839.480421</timestamp>
			</report>
			<report>
				<misses>3233001</misses>
				<total>35</total>
				<timestamp>839.740144</timestamp>
			</report>
			<report>
				<misses>3234001</misses>
				<total>35</total>
				<timestamp>839.999862</timestamp>
			</report>
			<report>
				<misses>3235001</misses>
				<total>35</total>
				<timestamp>840.259623</timestamp>
			</report>
			<report>
				<misses>3236001</misses>
				<total>36</total>
				<timestamp>840.519363</timestamp>
			</report>
			<report>
				<misses>3237001</misses>
				<total>36</total>
				<timestamp>840.779134</timestamp>
			</report>
			<report>
				<misses>3238001</misses>
				<total>36</total>
				<timestamp>841.038816</timestamp>
			</report>
			<report>
				<misses>3239001</misses>
				<total>36</total>
				<timestamp>841.298566</timestamp>
			</report>
			<report>
				<misses>3240001</misses>
				<total>36</total>
				<timestamp>841.558311</timestamp>
			</report>
			<report>
				<misses>3241001</misses>
				<total>36</total>
				<timestamp>841.818065</timestamp>
			</report>
			<report>
				<misses>3242001</misses>
				<total>36</total>
				<timestamp>842.077795</timestamp>
			</report>
			<report>
				<misses>3243001</misses>
				<total>36</total>
				<timestamp>842.337522</timestamp>
			</report>
			<report>
				<misses>3244001</misses>
				<total>36</total>
				<timestamp>842.597271</timestamp>
			</report>
			<report>
				<misses>3245001</misses>
				<total>36</total>
				<timestamp>842.857010</timestamp>
			</report>
			<report>
				<misses>3246001</misses>
				<total>36</total>
				<timestamp>843.116771</timestamp>
			</report>
			<report>
				<misses>3247001</misses>
				<total>36</total>
				<timestamp>843.376493</timestamp>
			</report>
			<report>
				<misses>3248001</misses>
				<total>36</total>
				<timestamp>843.636229</timestamp>
			</report>
			<report>
				<misses>3249001</misses>
				<total>36</total>
				<timestamp>843.895987</timestamp>
			</report>
			<report>
				<misses>3250001</misses>
				<total>36</total>
				<timestamp>844.155716</timestamp>
			</report>
			<report>
				<misses>3251001</misses>
				<total>36</total>
				<timestamp>844.415462</timestamp>
			</report>
			<report>
				<misses>3252001</misses>
				<total>36</total>
				<timestamp>844.675230</timestamp>
			</report>
			<report>
				<misses>3253001</misses>
				<total>36</total>
				<timestamp>844.934924</timestamp>
			</report>
			<report>
				<misses>3254001</misses>
				<total>36</total>
				<timestamp>845.194681</timestamp>
			</report>
			<report>
				<misses>3255001</misses>
				<total>36</total>
				<timestamp>845.454428</timestamp>
			</report>
			<report>
				<misses>3256001</misses>
				<total>38</total>
				<timestamp>845.714141</timestamp>
			</report>
			<report>
				<misses>3257001</misses>
				<total>38</total>
				<timestamp>845.973904</timestamp>
			</report>
			<report>
				<misses>3258001</misses>
				<total>38</total>
				<timestamp>846.233625</timestamp>
			</report>
			<report>
				<misses>3259001</misses>
				<total>38</total>
				<timestamp>846.493401</timestamp>
			</report>
			<report>
				<misses>3260001</misses>
				<total>38</total>
				<timestamp>846.753126</timestamp>
			</report>
			<report>
				<misses>3261001</misses>
				<total>38</total>
				<timestamp>847.012871</timestamp>
			</report>
			<report>
				<misses>3262001</misses>
				<total>38</total>
				<timestamp>847.272587</timestamp>
			</report>
			<report>
				<misses>3263001</misses>
				<total>38</total>
				<timestamp>847.532331</timestamp>
			</report>
			<report>
				<misses>3264001</misses>
				<total>38</total>
				<timestamp>847.792100</timestamp>
			</report>
			<report>
				<misses>3265001</misses>
				<total>38</total>
				<timestamp>848.051809</timestamp>
			</report>
			<report>
				<misses>3266001</misses>
				<total>38</total>
				<timestamp>848.311542</timestamp>
			</report>
			<report>
				<misses>3267001</misses>
				<total>38</total>
				<timestamp>848.571296</timestamp>
			</report>
			<report>
				<misses>3268001</misses>
				<total>38</total>
				<timestamp>848.831037</timestamp>
			</report>
			<report>
				<misses>3269001</misses>
				<total>38</total>
				<timestamp>849.090806</timestamp>
			</report>
			<report>
				<misses>3270001</misses>
				<total>38</total>
				<timestamp>849.350497</timestamp>
			</report>
			<report>
				<misses>3271001</misses>
				<total>38</total>
				<timestamp>849.610263</timestamp>
			</report>
			<report>
				<misses>3272001</misses>
				<total>38</total>
				<timestamp>849.870005</timestamp>
			</report>
			<report>
				<misses>3273001</misses>
				<total>38</total>
				<timestamp>850.129731</timestamp>
			</report>
			<report>
				<misses>3274001</misses>
				<total>38</total>
				<timestamp>850.389480</timestamp>
			</report>
			<report>
				<misses>3275001</misses>
				<total>38</total>
				<timestamp>850.649188</timestamp>
			</report>
			<report>
				<misses>3276001</misses>
				<total>38</total>
				<timestamp>850.908941</timestamp>
			</report>
			<report>
				<misses>3277001</misses>
				<total>38</total>
				<timestamp>851.168687</timestamp>
			</report>
			<report>
				<misses>3278001</misses>
				<total>38</total>
				<timestamp>851.428407</timestamp>
			</report>
			<report>
				<misses>3279001</misses>
				<total>38</total>
				<timestamp>851.688172</timestamp>
			</report>
			<report>
				<misses>3280001</misses>
				<total>38</total>
				<timestamp>851.947899</timestamp>
			</report>
			<report>
				<misses>3281001</misses>
				<total>38</total>
				<timestamp>852.207678</timestamp>
			</report>
			<report>
				<misses>3282001</misses>
				<total>38</total>
				<timestamp>852.467384</timestamp>
			</report>
			<report>
				<misses>3283001</misses>
				<total>38</total>
				<timestamp>852.727142</timestamp>
			</report>
			<report>
				<misses>3284001</misses>
				<total>38</total>
				<timestamp>852.986856</timestamp>
			</report>
			<report>
				<misses>3285001</misses>
				<total>38</total>
				<timestamp>853.246594</timestamp>
			</report>
			<report>
				<misses>3286001</misses>
				<total>38</total>
				<timestamp>853.506377</timestamp>
			</report>
			<report>
				<misses>3287001</misses>
				<total>38</total>
				<timestamp>853.766093</timestamp>
			</report>
			<report>
				<misses>3288001</misses>
				<total>38</total>
				<timestamp>854.025830</timestamp>
			</report>
			<report>
				<misses>3289001</misses>
				<total>38</total>
				<timestamp>854.285548</timestamp>
			</report>
			<report>
				<misses>3290001</misses>
				<total>38</total>
				<timestamp>854.545298</timestamp>
			</report>
			<report>
				<misses>3291001</misses>
				<total>38</total>
				<timestamp>854.805058</timestamp>
			</report>
			<report>
				<misses>3292001</misses>
				<total>38</total>
				<timestamp>855.064778</timestamp>
			</report>
			<report>
				<misses>3293001</misses>
				<total>38</total>
				<timestamp>855.324502</timestamp>
			</report>
			<report>
				<misses>3294001</misses>
				<total>38</total>
				<timestamp>855.584273</timestamp>
			</report>
			<report>
				<misses>3295001</misses>
				<total>38</total>
				<timestamp>855.844049</timestamp>
			</report>
			<report>
				<misses>3296001</misses>
				<total>38</total>
				<timestamp>856.103769</timestamp>
			</report>
			<report>
				<misses>3297001</misses>
				<total>38</total>
				<timestamp>856.363479</timestamp>
			</report>
			<report>
				<misses>3298001</misses>
				<total>38</total>
				<timestamp>856.623261</timestamp>
			</report>
			<report>
				<misses>3299001</misses>
				<total>38</total>
				<timestamp>856.882999</timestamp>
			</report>
			<report>
				<misses>3300001</misses>
				<total>38</total>
				<timestamp>857.142730</timestamp>
			</report>
			<report>
				<misses>3301001</misses>
				<total>38</total>
				<timestamp>857.402457</timestamp>
			</report>
			<report>
				<misses>3302001</misses>
				<total>38</total>
				<timestamp>857.662225</timestamp>
			</report>
			<report>
				<misses>3303001</misses>
				<total>38</total>
				<timestamp>857.921940</timestamp>
			</report>
			<report>
				<misses>3304001</misses>
				<total>38</total>
				<timestamp>858.181723</timestamp>
			</report>
			<report>
				<misses>3305001</misses>
				<total>38</total>
				<timestamp>858.441424</timestamp>
			</report>
			<report>
				<misses>3306001</misses>
				<total>38</total>
				<timestamp>858.701155</timestamp>
			</report>
			<report>
				<misses>3307001</misses>
				<total>38</total>
				<timestamp>858.960896</timestamp>
			</report>
			<report>
				<misses>3308001</misses>
				<total>38</total>
				<timestamp>859.220640</timestamp>
			</report>
			<report>
				<misses>3309001</misses>
				<total>38</total>
				<timestamp>859.480410</timestamp>
			</report>
			<report>
				<misses>3310001</misses>
				<total>38</total>
				<timestamp>859.740141</timestamp>
			</report>
			<report>
				<misses>3311001</misses>
				<total>38</total>
				<timestamp>859.999871</timestamp>
			</report>
			<report>
				<misses>3312001</misses>
				<total>38</total>
				<timestamp>860.259598</timestamp>
			</report>
			<report>
				<misses>3313001</misses>
				<total>38</total>
				<timestamp>860.519312</timestamp>
			</report>
			<report>
				<misses>3314001</misses>
				<total>38</total>
				<timestamp>860.779101</timestamp>
			</report>
			<report>
				<misses>3315001</misses>
				<total>38</total>
				<timestamp>861.038818</timestamp>
			</report>
			<report>
				<misses>3316001</misses>
				<total>38</total>
				<timestamp>861.298543</timestamp>
			</report>
			<report>
				<misses>3317001</misses>
				<total>38</total>
				<timestamp>861.558310</timestamp>
			</report>
			<report>
				<misses>3318001</misses>
				<total>38</total>
				<timestamp>861.818018</timestamp>
			</report>
			<report>
				<misses>3319001</misses>
				<total>38</total>
				<timestamp>862.077774</timestamp>
			</report>
			<report>
				<misses>3320001</misses>
				<total>38</total>
				<timestamp>862.337503</timestamp>
			</report>
			<report>
				<misses>3321001</misses>
				<total>38</total>
				<timestamp>862.597257</timestamp>
			</report>
			<report>
				<misses>3322001</misses>
				<total>38</total>
				<timestamp>862.856990</timestamp>
			</report>
			<report>
				<misses>3323001</misses>
				<total>38</total>
				<timestamp>863.116759</timestamp>
			</report>
			<report>
				<misses>3324001</misses>
				<total>38</total>
				<timestamp>863.376477</timestamp>
			</report>
			<report>
				<misses>3325001</misses>
				<total>38</total>
				<timestamp>863.636214</timestamp>
			</report>
			<report>
				<misses>3326001</misses>
				<total>38</total>
				<timestamp>863.895982</timestamp>
			</report>
			<report>
				<misses>3327001</misses>
				<total>38</total>
				<timestamp>864.155747</timestamp>
			</report>
			<report>
				<misses>3328001</misses>
				<total>38</total>
				<timestamp>864.415441</timestamp>
			</report>
			<report>
				<misses>3329001</misses>
				<total>38</total>
				<timestamp>864.675186</timestamp>
			</report>
			<report>
				<misses>3330001</misses>
				<total>38</total>
				<timestamp>864.934904</timestamp>
			</report>
			<report>
				<misses>3331001</misses>
				<total>38</total>
				<timestamp>865.194632</timestamp>
			</report>
			<report>
				<misses>3332001</misses>
				<total>38</total>
				<timestamp>865.454384</timestamp>
			</report>
			<report>
				<misses>3333001</misses>
				<total>38</total>
				<timestamp>865.714148</timestamp>
			</report>
			<report>
				<misses>3334001</misses>
				<total>38</total>
				<timestamp>865.973899</timestamp>
			</report>
			<report>
				<misses>3335001</misses>
				<total>38</total>
				<timestamp>866.233654</timestamp>
			</report>
			<report>
				<misses>3336001</misses>
				<total>38</total>
				<timestamp>866.493381</timestamp>
			</report>
			<report>
				<misses>3337001</misses>
				<total>38</total>
				<timestamp>866.753135</timestamp>
			</report>
			<report>
				<misses>3338001</misses>
				<total>38</total>
				<timestamp>867.012831</timestamp>
			</report>
			<report>
				<misses>3339001</misses>
				<total>38</total>
				<timestamp>867.272570</timestamp>
			</report>
			<report>
				<misses>3340001</misses>
				<total>38</total>
				<timestamp>867.532294</timestamp>
			</report>
			<report>
				<misses>3341001</misses>
				<total>38</total>
				<timestamp>867.792053</timestamp>
			</report>
			<report>
				<misses>3342001</misses>
				<total>38</total>
				<timestamp>868.051798</timestamp>
			</report>
			<report>
				<misses>3343001</misses>
				<total>38</total>
				<timestamp>868.311524</timestamp>
			</report>
			<report>
				<misses>3344001</misses>
				<total>38</total>
				<timestamp>868.571272</timestamp>
			</report>
			<report>
				<misses>3345001</misses>
				<total>38</total>
				<timestamp>868.831025</timestamp>
			</report>
			<report>
				<misses>3346001</misses>
				<total>38</total>
				<timestamp>869.090736</timestamp>
			</report>
			<report>
				<misses>3347001</misses>
				<total>38</total>
				<timestamp>869.350483</timestamp>
			</report>
			<report>
				<misses>3348001</misses>
				<total>38</total>
				<timestamp>869.610233</timestamp>
			</report>
			<report>
				<misses>3349001</misses>
				<total>38</total>
				<timestamp>869.869999</timestamp>
			</report>
			<report>
				<misses>3350001</misses>
				<total>38</total>
				<timestamp>870.129697</timestamp>
			</report>
			<report>
				<misses>3351001</misses>
				<total>38</total>
				<timestamp>870.389430</timestamp>
			</report>
			<report>
				<misses>3352001</misses>
				<total>38</total>
				<timestamp>870.649202</timestamp>
			</report>
			<report>
				<misses>3353001</misses>
				<total>38</total>
				<timestamp>870.908996</timestamp>
			</report>
			<report>
				<misses>3354001</misses>
				<total>38</total>
				<timestamp>871.168666</timestamp>
			</report>
			<report>
				<misses>3355001</misses>
				<total>38</total>
				<timestamp>871.428396</timestamp>
			</report>
			<report>
				<misses>3356001</misses>
				<total>38</total>
				<timestamp>871.688129</timestamp>
			</report>
			<report>
				<misses>3357001</misses>
				<total>38</total>
				<timestamp>871.947923</timestamp>
			</report>
			<report>
				<misses>3358001</misses>
				<total>38</total>
				<timestamp>872.207623</timestamp>
			</report>
			<report>
				<misses>3359001</misses>
				<total>38</total>
				<timestamp>872.467385</timestamp>
			</report>
			<report>
				<misses>3360001</misses>
				<total>38</total>
				<timestamp>872.727108</timestamp>
			</report>
			<report>
				<misses>3361001</misses>
				<total>38</total>
				<timestamp>872.986842</timestamp>
			</report>
			<report>
				<misses>3362001</misses>
				<total>38</total>
				<timestamp>873.246567</timestamp>
			</report>
			<report>
				<misses>3363001</misses>
				<total>38</total>
				<timestamp>873.506333</timestamp>
			</report>
			<report>
				<misses>3364001</misses>
				<total>38</total>
				<timestamp>873.766080</timestamp>
			</report>
			<report>
				<misses>3365001</misses>
				<total>38</total>
				<timestamp>874.025796</timestamp>
			</report>
			<report>
				<misses>3366001</misses>
				<total>38</total>
				<timestamp>874.285584</timestamp>
			</report>
			<report>
				<misses>3367001</misses>
				<total>38</total>
				<timestamp>874.545295</timestamp>
			</report>
			<report>
				<misses>3368001</misses>
				<total>38</total>
				<timestamp>874.805049</timestamp>
			</report>
			<report>
				<misses>3369001</misses>
				<total>38</total>
				<timestamp>875.064778</timestamp>
			</report>
			<report>
				<misses>3370001</misses>
				<total>38</total>
				<timestamp>875.324528</timestamp>
			</report>
			<report>
				<misses>3371001</misses>
				<total>38</total>
				<timestamp>875.584241</timestamp>
			</report>
			<report>
				<misses>3372001</misses>
				<total>38</total>
				<timestamp>875.844005</timestamp>
			</report>
			<report>
				<misses>3373001</misses>
				<total>38</total>
				<timestamp>876.103716</timestamp>
			</report>
			<report>
				<misses>3374001</misses>
				<total>38</total>
				<timestamp>876.363485</timestamp>
			</report>
			<report>
				<misses>3375001</misses>
				<total>38</total>
				<timestamp>876.623202</timestamp>
			</report>
			<report>
				<misses>3376001</misses>
				<total>38</total>
				<timestamp>876.882955</timestamp>
			</report>
			<report>
				<misses>3377001</misses>
				<total>38</total>
				<timestamp>877.142683</timestamp>
			</report>
			<report>
				<misses>3378001</misses>
				<total>38</total>
				<timestamp>877.402408</timestamp>
			</report>
			<report>
				<misses>3379001</misses>
				<total>38</total>
				<timestamp>877.662199</timestamp>
			</report>
			<report>
				<misses>3380001</misses>
				<total>38</total>
				<timestamp>877.921935</timestamp>
			</report>
			<report>
				<misses>3381001</misses>
				<total>38</total>
				<timestamp>878.181677</timestamp>
			</report>
			<report>
				<misses>3382001</misses>
				<total>38</total>
				<timestamp>878.441392</timestamp>
			</report>
			<report>
				<misses>3383001</misses>
				<total>38</total>
				<timestamp>878.701161</timestamp>
			</report>
			<report>
				<misses>3384001</misses>
				<total>38</total>
				<timestamp>878.960905</timestamp>
			</report>
			<report>
				<misses>3385001</misses>
				<total>38</total>
				<timestamp>879.220606</timestamp>
			</report>
			<report>
				<misses>3386001</misses>
				<total>38</total>
				<timestamp>879.480363</timestamp>
			</report>
			<report>
				<misses>3387001</misses>
				<total>38</total>
				<timestamp>879.740065</timestamp>
			</report>
			<report>
				<misses>3388001</misses>
				<total>38</total>
				<timestamp>879.999841</timestamp>
			</report>
			<report>
				<misses>3389001</misses>
				<total>38</total>
				<timestamp>880.259593</timestamp>
			</report>
			<report>
				<misses>3390001</misses>
				<total>38</total>
				<timestamp>880.519369</timestamp>
			</report>
			<report>
				<misses>3391001</misses>
				<total>38</total>
				<timestamp>880.779032</timestamp>
			</report>
			<report>
				<misses>3392001</misses>
				<total>38</total>
				<timestamp>881.038774</timestamp>
			</report>
			<report>
				<misses>3393001</misses>
				<total>38</total>
				<timestamp>881.298513</timestamp>
			</report>
			<report>
				<misses>3394001</misses>
				<total>38</total>
				<timestamp>881.558266</timestamp>
			</report>
			<report>
				<misses>3395001</misses>
				<total>38</total>
				<timestamp>881.818027</timestamp>
			</report>
			<report>
				<misses>3396001</misses>
				<total>38</total>
				<timestamp>882.077749</timestamp>
			</report>
			<report>
				<misses>3397001</misses>
				<total>38</total>
				<timestamp>882.337478</timestamp>
			</report>
			<report>
				<misses>3398001</misses>
				<total>38</total>
				<timestamp>882.597214</timestamp>
			</report>
			<report>
				<misses>3399001</misses>
				<total>38</total>
				<timestamp>882.856961</timestamp>
			</report>
			<report>
				<misses>3400001</misses>
				<total>38</total>
				<timestamp>883.116731</timestamp>
			</report>
			<report>
				<misses>3401001</misses>
				<total>38</total>
				<timestamp>883.376435</timestamp>
			</report>
			<report>
				<misses>3402001</misses>
				<total>38</total>
				<timestamp>883.636195</timestamp>
			</report>
			<report>
				<misses>3403001</misses>
				<total>38</total>
				<timestamp>883.895910</timestamp>
			</report>
			<report>
				<misses>3404001</misses>
				<total>38</total>
				<timestamp>884.155648</timestamp>
			</report>
			<report>
				<misses>3405001</misses>
				<total>38</total>
				<timestamp>884.415429</timestamp>
			</report>
			<report>
				<misses>3406001</misses>
				<total>38</total>
				<timestamp>884.675162</timestamp>
			</report>
			<report>
				<misses>3407001</misses>
				<total>38</total>
				<timestamp>884.934898</timestamp>
			</report>
			<report>
				<misses>3408001</misses>
				<total>38</total>
				<timestamp>885.194620</timestamp>
			</report>
			<report>
				<misses>3409001</misses>
				<total>38</total>
				<timestamp>885.454349</timestamp>
			</report>
			<report>
				<misses>3410001</misses>
				<total>38</total>
				<timestamp>885.714148</timestamp>
			</report>
			<report>
				<misses>3411001</misses>
				<total>38</total>
				<timestamp>885.973870</timestamp>
			</report>
			<report>
				<misses>3412001</misses>
				<total>38</total>
				<timestamp>886.233578</timestamp>
			</report>
			<report>
				<misses>3413001</misses>
				<total>38</total>
				<timestamp>886.493353</timestamp>
			</report>
			<report>
				<misses>3414001</misses>
				<total>38</total>
				<timestamp>886.753067</timestamp>
			</report>
			<report>
				<misses>3415001</misses>
				<total>38</total>
				<timestamp>887.012827</timestamp>
			</report>
			<report>
				<misses>3416001</misses>
				<total>38</total>
				<timestamp>887.272532</timestamp>
			</report>
			<report>
				<misses>3417001</misses>
				<total>38</total>
				<timestamp>887.532273</timestamp>
			</report>
			<report>
				<misses>3418001</misses>
				<total>38</total>
				<timestamp>887.792021</timestamp>
			</report>
			<report>
				<misses>3419001</misses>
				<total>38</total>
				<timestamp>888.051778</timestamp>
			</report>
			<report>
				<misses>3420001</misses>
				<total>38</total>
				<timestamp>888.311503</timestamp>
			</report>
			<report>
				<misses>3421001</misses>
				<total>38</total>
				<timestamp>888.571239</timestamp>
			</report>
			<report>
				<misses>3422001</misses>
				<total>38</total>
				<timestamp>888.830994</timestamp>
			</report>
			<report>
				<misses>3423001</misses>
				<total>38</total>
				<timestamp>889.090718</timestamp>
			</report>
			<report>
				<misses>3424001</misses>
				<total>38</total>
				<timestamp>889.350497</timestamp>
			</report>
			<report>
				<misses>3425001</misses>
				<total>38</total>
				<timestamp>889.610206</timestamp>
			</report>
			<report>
				<misses>3426001</misses>
				<total>38</total>
				<timestamp>889.869966</timestamp>
			</report>
			<report>
				<misses>3427001</misses>
				<total>38</total>
				<timestamp>890.129686</timestamp>
			</report>
			<report>
				<misses>3428001</misses>
				<total>38</total>
				<timestamp>890.389419</timestamp>
			</report>
			<report>
				<misses>3429001</misses>
				<total>38</total>
				<timestamp>890.649184</timestamp>
			</report>
			<report>
				<misses>3430001</misses>
				<total>38</total>
				<timestamp>890.908964</timestamp>
			</report>
			<report>
				<misses>3431001</misses>
				<total>38</total>
				<timestamp>891.168669</timestamp>
			</report>
			<report>
				<misses>3432001</misses>
				<total>38</total>
				<timestamp>891.428399</timestamp>
			</report>
			<report>
				<misses>3433001</misses>
				<total>38</total>
				<timestamp>891.688168</timestamp>
			</report>
			<report>
				<misses>3434001</misses>
				<total>38</total>
				<timestamp>891.947907</timestamp>
			</report>
			<report>
				<misses>3435001</misses>
				<total>38</total>
				<timestamp>892.207613</timestamp>
			</report>
			<report>
				<misses>3436001</misses>
				<total>38</total>
				<timestamp>892.467345</timestamp>
			</report>
			<report>
				<misses>3437001</misses>
				<total>38</total>
				<timestamp>892.727121</timestamp>
			</report>
			<report>
				<misses>3438001</misses>
				<total>38</total>
				<timestamp>892.986809</timestamp>
			</report>
			<report>
				<misses>3439001</misses>
				<total>38</total>
				<timestamp>893.246582</timestamp>
			</report>
			<report>
				<misses>3440001</misses>
				<total>38</total>
				<timestamp>893.506304</timestamp>
			</report>
			<report>
				<misses>3441001</misses>
				<total>38</total>
				<timestamp>893.766050</timestamp>
			</report>
			<report>
				<misses>3442001</misses>
				<total>38</total>
				<timestamp>894.025840</timestamp>
			</report>
			<report>
				<misses>3443001</misses>
				<total>38</total>
				<timestamp>894.285513</timestamp>
			</report>
			<report>
				<misses>3444001</misses>
				<total>38</total>
				<timestamp>894.545246</timestamp>
			</report>
			<report>
				<misses>3445001</misses>
				<total>38</total>
				<timestamp>894.805007</timestamp>
			</report>
			<report>
				<misses>3446001</misses>
				<total>38</total>
				<timestamp>895.064773</timestamp>
			</report>
			<report>
				<misses>3447001</misses>
				<total>38</total>
				<timestamp>895.324514</timestamp>
			</report>
			<report>
				<misses>3448001</misses>
				<total>38</total>
				<timestamp>895.584225</timestamp>
			</report>
			<report>
				<misses>3449001</misses>
				<total>38</total>
				<timestamp>895.843969</timestamp>
			</report>
			<report>
				<misses>3450001</misses>
				<total>38</total>
				<timestamp>896.103706</timestamp>
			</report>
			<report>
				<misses>3451001</misses>
				<total>38</total>
				<timestamp>896.363427</timestamp>
			</report>
			<report>
				<misses>3452001</misses>
				<total>38</total>
				<timestamp>896.623170</timestamp>
			</report>
			<report>
				<misses>3453001</misses>
				<total>38</total>
				<timestamp>896.882923</timestamp>
			</report>
			<report>
				<misses>3454001</misses>
				<total>38</total>
				<timestamp>897.142651</timestamp>
			</report>
			<report>
				<misses>3455001</misses>
				<total>38</total>
				<timestamp>897.402394</timestamp>
			</report>
			<report>
				<misses>3456001</misses>
				<total>38</total>
				<timestamp>897.662137</timestamp>
			</report>
			<report>
				<misses>3457001</misses>
				<total>38</total>
				<timestamp>897.921907</timestamp>
			</report>
			<report>
				<misses>3458001</misses>
				<total>38</total>
				<timestamp>898.181621</timestamp>
			</report>
			<report>
				<misses>3459001</misses>
				<total>38</total>
				<timestamp>898.441362</timestamp>
			</report>
			<report>
				<misses>3460001</misses>
				<total>38</total>
				<timestamp>898.701147</timestamp>
			</report>
			<report>
				<misses>3461001</misses>
				<total>38</total>
				<timestamp>898.960848</timestamp>
			</report>
			<report>
				<misses>3462001</misses>
				<total>38</total>
				<timestamp>899.220585</timestamp>
			</report>
			<report>
				<misses>3463001</misses>
				<total>38</total>
				<timestamp>899.480308</timestamp>
			</report>
			<report>
				<misses>3464001</misses>
				<total>38</total>
				<timestamp>899.740076</timestamp>
			</report>
			<report>
				<misses>3465001</misses>
				<total>38</total>
				<timestamp>899.999885</timestamp>
			</report>
			<report>
				<misses>3466001</misses>
				<total>38</total>
				<timestamp>900.259542</timestamp>
			</report>
			<report>
				<misses>3467001</misses>
				<total>38</total>
				<timestamp>900.519272</timestamp>
			</report>
			<report>
				<misses>3468001</misses>
				<total>38</total>
				<timestamp>900.779016</timestamp>
			</report>
			<report>
				<misses>3469001</misses>
				<total>38</total>
				<timestamp>901.038784</timestamp>
			</report>
			<report>
				<misses>3470001</misses>
				<total>38</total>
				<timestamp>901.298495</timestamp>
			</report>
			<report>
				<misses>3471001</misses>
				<total>38</total>
				<timestamp>901.558231</timestamp>
			</report>
			<report>
				<misses>3472001</misses>
				<total>38</total>
				<timestamp>901.817972</timestamp>
			</report>
			<report>
				<misses>3473001</misses>
				<total>38</total>
				<timestamp>902.077770</timestamp>
			</report>
			<report>
				<misses>3474001</misses>
				<total>38</total>
				<timestamp>902.337494</timestamp>
			</report>
			<report>
				<misses>3475001</misses>
				<total>38</total>
				<timestamp>902.597198</timestamp>
			</report>
			<report>
				<misses>3476001</misses>
				<total>38</total>
				<timestamp>902.856958</timestamp>
			</report>
			<report>
				<misses>3477001</misses>
				<total>38</total>
				<timestamp>903.116753</timestamp>
			</report>
			<report>
				<misses>3478001</misses>
				<total>38</total>
				<timestamp>903.376410</timestamp>
			</report>
			<report>
				<misses>3479001</misses>
				<total>38</total>
				<timestamp>903.636151</timestamp>
			</report>
			<report>
				<misses>3480001</misses>
				<total>38</total>
				<timestamp>903.895914</timestamp>
			</report>
			<report>
				<misses>3481001</misses>
				<total>38</total>
				<timestamp>904.155648</timestamp>
			</report>
			<report>
				<misses>3482001</misses>
				<total>38</total>
				<timestamp>904.415393</timestamp>
			</report>
			<report>
				<misses>3483001</misses>
				<total>38</total>
				<timestamp>904.675139</timestamp>
			</report>
			<report>
				<misses>3484001</misses>
				<total>38</total>
				<timestamp>904.934874</timestamp>
			</report>
			<report>
				<misses>3485001</misses>
				<total>38</total>
				<timestamp>905.194653</timestamp>
			</report>
			<report>
				<misses>3486001</misses>
				<total>38</total>
				<timestamp>905.454326</timestamp>
			</report>
			<report>
				<misses>3487001</misses>
				<total>38</total>
				<timestamp>905.714112</timestamp>
			</report>
			<report>
				<misses>3488001</misses>
				<total>38</total>
				<timestamp>905.973852</timestamp>
			</report>
			<report>
				<misses>3489001</misses>
				<total>38</total>
				<timestamp>906.233566</timestamp>
			</report>
			<report>
				<misses>3490001</misses>
				<total>38</total>
				<timestamp>906.493293</timestamp>
			</report>
			<report>
				<misses>3491001</misses>
				<total>38</total>
				<timestamp>906.753040</timestamp>
			</report>
			<report>
				<misses>3492001</misses>
				<total>38</total>
				<timestamp>907.012795</timestamp>
			</report>
			<report>
				<misses>3493001</misses>
				<total>38</total>
				<timestamp>907.272529</timestamp>
			</report>
			<report>
				<misses>3494001</misses>
				<total>38</total>
				<timestamp>907.532243</timestamp>
			</report>
			<report>
				<misses>3495001</misses>
				<total>38</total>
				<timestamp>907.791988</timestamp>
			</report>
			<report>
				<misses>3496001</misses>
				<total>38</total>
				<timestamp>908.051740</timestamp>
			</report>
			<report>
				<misses>3497001</misses>
				<total>38</total>
				<timestamp>908.311487</timestamp>
			</report>
			<report>
				<misses>3498001</misses>
				<total>38</total>
				<timestamp>908.571221</timestamp>
			</report>
			<report>
				<misses>3499001</misses>
				<total>38</total>
				<timestamp>908.830948</timestamp>
			</report>
			<report>
				<misses>3500001</misses>
				<total>38</total>
				<timestamp>909.090694</timestamp>
			</report>
			<report>
				<misses>3501001</misses>
				<total>40</total>
				<timestamp>909.350455</timestamp>
			</report>
			<report>
				<misses>3502001</misses>
				<total>40</total>
				<timestamp>909.610184</timestamp>
			</report>
			<report>
				<misses>3503001</misses>
				<total>40</total>
				<timestamp>909.869933</timestamp>
			</report>
			<report>
				<misses>3504001</misses>
				<total>40</total>
				<timestamp>910.129697</timestamp>
			</report>
			<report>
				<misses>3505001</misses>
				<total>40</total>
				<timestamp>910.389406</timestamp>
			</report>
			<report>
				<misses>3506001</misses>
				<total>40</total>
				<timestamp>910.649156</timestamp>
			</report>
			<report>
				<misses>3507001</misses>
				<total>40</total>
				<timestamp>910.908890</timestamp>
			</report>
			<report>
				<misses>3508001</misses>
				<total>40</total>
				<timestamp>911.168642</timestamp>
			</report>
			<report>
				<misses>3509001</misses>
				<total>40</total>
				<timestamp>911.428366</timestamp>
			</report>
			<report>
				<misses>3510001</misses>
				<total>40</total>
				<timestamp>911.688121</timestamp>
			</report>
			<report>
				<misses>3511001</misses>
				<total>40</total>
				<timestamp>911.947843</timestamp>
			</report>
			<report>
				<misses>3512001</misses>
				<total>40</total>
				<timestamp>912.207581</timestamp>
			</report>
			<report>
				<misses>3513001</misses>
				<total>40</total>
				<timestamp>912.467323</timestamp>
			</report>
			<report>
				<misses>3514001</misses>
				<total>40</total>
				<timestamp>912.727069</timestamp>
			</report>
			<report>
				<misses>3515001</misses>
				<total>40</total>
				<timestamp>912.986823</timestamp>
			</report>
			<report>
				<misses>3516001</misses>
				<total>40</total>
				<timestamp>913.246570</timestamp>
			</report>
			<report>
				<misses>3517001</misses>
				<total>40</total>
				<timestamp>913.506275</timestamp>
			</report>
			<report>
				<misses>3518001</misses>
				<total>40</total>
				<timestamp>913.766064</timestamp>
			</report>
			<report>
				<misses>3519001</misses>
				<total>40</total>
				<timestamp>914.025783</timestamp>
			</report>
			<report>
				<misses>3520001</misses>
				<total>40</total>
				<timestamp>914.285498</timestamp>
			</report>
			<report>
				<misses>3521001</misses>
				<total>40</total>
				<timestamp>914.545243</timestamp>
			</report>
			<report>
				<misses>3522001</misses>
				<total>40</total>
				<timestamp>914.804978</timestamp>
			</report>
			<report>
				<misses>3523001</misses>
				<total>40</total>
				<timestamp>915.064738</timestamp>
			</report>
			<report>
				<misses>3524001</misses>
				<total>40</total>
				<timestamp>915.324492</timestamp>
			</report>
			<report>
				<misses>3525001</misses>
				<total>40</total>
				<timestamp>915.584210</timestamp>
			</report>
			<report>
				<misses>3526001</misses>
				<total>40</total>
				<timestamp>915.843994</timestamp>
			</report>
			<report>
				<misses>3527001</misses>
				<total>40</total>
				<timestamp>916.103699</timestamp>
			</report>
			<report>
				<misses>3528001</misses>
				<total>40</total>
				<timestamp>916.363414</timestamp>
			</report>
			<report>
				<misses>3529001</misses>
				<total>40</total>
				<timestamp>916.623218</timestamp>
			</report>
			<report>
				<misses>3530001</misses>
				<total>40</total>
				<timestamp>916.882933</timestamp>
			</report>
			<report>
				<misses>3531001</misses>
				<total>40</total>
				<timestamp>917.142678</timestamp>
			</report>
			<report>
				<misses>3532001</misses>
				<total>40</total>
				<timestamp>917.402387</timestamp>
			</report>
			<report>
				<misses>3533001</misses>
				<total>40</total>
				<timestamp>917.662177</timestamp>
			</report>
			<report>
				<misses>3534001</misses>
				<total>40</total>
				<timestamp>917.921864</timestamp>
			</report>
			<report>
				<misses>3535001</misses>
				<total>40</total>
				<timestamp>918.181647</timestamp>
			</report>
			<report>
				<misses>3536001</misses>
				<total>40</total>
				<timestamp>918.441340</timestamp>
			</report>
			<report>
				<misses>3537001</misses>
				<total>40</total>
				<timestamp>918.701091</timestamp>
			</report>
			<report>
				<misses>3538001</misses>
				<total>40</total>
				<timestamp>918.960830</timestamp>
			</report>
			<report>
				<misses>3539001</misses>
				<total>40</total>
				<timestamp>919.220586</timestamp>
			</report>
			<report>
				<misses>3540001</misses>
				<total>40</total>
				<timestamp>919.480322</timestamp>
			</report>
			<report>
				<misses>3541001</misses>
				<total>40</total>
				<timestamp>919.740053</timestamp>
			</report>
			<report>
				<misses>3542001</misses>
				<total>40</total>
				<timestamp>919.999776</timestamp>
			</report>
			<report>
				<misses>3543001</misses>
				<total>40</total>
				<timestamp>920.259539</timestamp>
			</report>
			<report>
				<misses>3544001</misses>
				<total>40</total>
				<timestamp>920.519264</timestamp>
			</report>
			<report>
				<misses>3545001</misses>
				<total>40</total>
				<timestamp>920.779053</timestamp>
			</report>
			<report>
				<misses>3546001</misses>
				<total>40</total>
				<timestamp>921.038760</timestamp>
			</report>
			<report>
				<misses>3547001</misses>
				<total>40</total>
				<timestamp>921.298484</timestamp>
			</report>
			<report>
				<misses>3548001</misses>
				<total>40</total>
				<timestamp>921.558223</timestamp>
			</report>
			<report>
				<misses>3549001</misses>
				<total>40</total>
				<timestamp>921.817975</timestamp>
			</report>
			<report>
				<misses>3550001</misses>
				<total>40</total>
				<timestamp>922.077795</timestamp>
			</report>
			<report>
				<misses>3551001</misses>
				<total>40</total>
				<timestamp>922.337450</timestamp>
			</report>
			<report>
				<misses>3552001</misses>
				<total>40</total>
				<timestamp>922.597195</timestamp>
			</report>
			<report>
				<misses>3553001</misses>
				<total>40</total>
				<timestamp>922.856977</timestamp>
			</report>
			<report>
				<misses>3554001</misses>
				<total>40</total>
				<timestamp>923.116745</timestamp>
			</report>
			<report>
				<misses>3555001</misses>
				<total>40</total>
				<timestamp>923.376395</timestamp>
			</report>
			<report>
				<misses>3556001</misses>
				<total>40</total>
				<timestamp>923.636163</timestamp>
			</report>
			<report>
				<misses>3557001</misses>
				<total>40</total>
				<timestamp>923.895909</timestamp>
			</report>
			<report>
				<misses>3558001</misses>
				<total>40</total>
				<timestamp>924.155645</timestamp>
			</report>
			<report>
				<misses>3559001</misses>
				<total>40</total>
				<timestamp>924.415373</timestamp>
			</report>
			<report>
				<misses>3560001</misses>
				<total>40</total>
				<timestamp>924.675121</timestamp>
			</report>
			<report>
				<misses>3561001</misses>
				<total>40</total>
				<timestamp>924.934843</timestamp>
			</report>
			<report>
				<misses>3562001</misses>
				<total>40</total>
				<timestamp>925.194634</timestamp>
			</report>
			<report>
				<misses>3563001</misses>
				<total>40</total>
				<timestamp>925.454338</timestamp>
			</report>
			<report>
				<misses>3564001</misses>
				<total>40</total>
				<timestamp>925.714089</timestamp>
			</report>
			<report>
				<misses>3565001</misses>
				<total>40</total>
				<timestamp>925.973790</timestamp>
			</report>
			<report>
				<misses>3566001</misses>
				<total>40</total>
				<timestamp>926.233533</timestamp>
			</report>
			<report>
				<misses>3567001</misses>
				<total>40</total>
				<timestamp>926.493301</timestamp>
			</report>
			<report>
				<misses>3568001</misses>
				<total>40</total>
				<timestamp>926.753053</timestamp>
			</report>
			<report>
				<misses>3569001</misses>
				<total>40</total>
				<timestamp>927.012778</timestamp>
			</report>
			<report>
				<misses>3570001</misses>
				<total>40</total>
				<timestamp>927.272560</timestamp>
			</report>
			<report>
				<misses>3571001</misses>
				<total>40</total>
				<timestamp>927.532247</timestamp>
			</report>
			<report>
				<misses>3572001</misses>
				<total>40</total>
				<timestamp>927.791979</timestamp>
			</report>
			<report>
				<misses>3573001</misses>
				<total>41</total>
				<timestamp>928.051751</timestamp>
			</report>
			<report>
				<misses>3574001</misses>
				<total>41</total>
				<timestamp>928.311494</timestamp>
			</report>
			<report>
				<misses>3575001</misses>
				<total>41</total>
				<timestamp>928.571183</timestamp>
			</report>
			<report>
				<misses>3576001</misses>
				<total>41</total>
				<timestamp>928.830937</timestamp>
			</report>
			<report>
				<misses>3577001</misses>
				<total>41</total>
				<timestamp>929.090686</timestamp>
			</report>
			<report>
				<misses>3578001</misses>
				<total>41</total>
				<timestamp>929.350401</timestamp>
			</report>
			<report>
				<misses>3579001</misses>
				<total>41</total>
				<timestamp>929.610204</timestamp>
			</report>
			<report>
				<misses>3580001</misses>
				<total>41</total>
				<timestamp>929.869911</timestamp>
			</report>
			<report>
				<misses>3581001</misses>
				<total>41</total>
				<timestamp>930.129671</timestamp>
			</report>
			<report>
				<misses>3582001</misses>
				<total>41</total>
				<timestamp>930.389402</timestamp>
			</report>
			<report>
				<misses>3583001</misses>
				<total>41</total>
				<timestamp>930.649137</timestamp>
			</report>
			<report>
				<misses>3584001</misses>
				<total>41</total>
				<timestamp>930.908868</timestamp>
			</report>
			<report>
				<misses>3585001</misses>
				<total>41</total>
				<timestamp>931.168590</timestamp>
			</report>
			<report>
				<misses>3586001</misses>
				<total>41</total>
				<timestamp>931.428355</timestamp>
			</report>
			<report>
				<misses>3587001</misses>
				<total>41</total>
				<timestamp>931.688088</timestamp>
			</report>
			<report>
				<misses>3588001</misses>
				<total>41</total>
				<timestamp>931.947808</timestamp>
			</report>
			<report>
				<misses>3589001</misses>
				<total>41</total>
				<timestamp>932.207592</timestamp>
			</report>
			<report>
				<misses>3590001</misses>
				<total>41</total>
				<timestamp>932.467288</timestamp>
			</report>
			<report>
				<misses>3591001</misses>
				<total>41</total>
				<timestamp>932.727032</timestamp>
			</report>
			<report>
				<misses>3592001</misses>
				<total>41</total>
				<timestamp>932.986773</timestamp>
			</report>
			<report>
				<misses>3593001</misses>
				<total>41</total>
				<timestamp>933.246592</timestamp>
			</report>
			<report>
				<misses>3594001</misses>
				<total>41</total>
				<timestamp>933.506257</timestamp>
			</report>
			<report>
				<misses>3595001</misses>
				<total>41</total>
				<timestamp>933.766009</timestamp>
			</report>
			<report>
				<misses>3596001</misses>
				<total>41</total>
				<timestamp>934.025749</timestamp>
			</report>
			<report>
				<misses>3597001</misses>
				<total>41</total>
				<timestamp>934.285542</timestamp>
			</report>
			<report>
				<misses>3598001</misses>
				<total>41</total>
				<timestamp>934.545212</timestamp>
			</report>
			<report>
				<misses>3599001</misses>
				<total>41</total>
				<timestamp>934.804940</timestamp>
			</report>
			<report>
				<misses>3600001</misses>
				<total>41</total>
				<timestamp>935.064692</timestamp>
			</report>
			<report>
				<misses>3601001</misses>
				<total>41</total>
				<timestamp>935.324440</timestamp>
			</report>
			<report>
				<misses>3602001</misses>
				<total>41</total>
				<timestamp>935.584201</timestamp>
			</report>
			<report>
				<misses>3603001</misses>
				<total>41</total>
				<timestamp>935.843919</timestamp>
			</report>
			<report>
				<misses>3604001</misses>
				<total>41</total>
				<timestamp>936.103696</timestamp>
			</report>
			<report>
				<misses>3605001</misses>
				<total>41</total>
				<timestamp>936.363392</timestamp>
			</report>
			<report>
				<misses>3606001</misses>
				<total>41</total>
				<timestamp>936.623125</timestamp>
			</report>
			<report>
				<misses>3607001</misses>
				<total>41</total>
				<timestamp>936.882873</timestamp>
			</report>
			<report>
				<misses>3608001</misses>
				<total>41</total>
				<timestamp>937.142666</timestamp>
			</report>
			<report>
				<misses>3609001</misses>
				<total>41</total>
				<timestamp>937.402345</timestamp>
			</report>
			<report>
				<misses>3610001</misses>
				<total>41</total>
				<timestamp>937.662108</timestamp>
			</report>
			<report>
				<misses>3611001</misses>
				<total>41</total>
				<timestamp>937.921853</timestamp>
			</report>
			<report>
				<misses>3612001</misses>
				<total>41</total>
				<timestamp>938.181589</timestamp>
			</report>
			<report>
				<misses>3613001</misses>
				<total>41</total>
				<timestamp>938.441309</timestamp>
			</report>
			<report>
				<misses>3614001</misses>
				<total>41</total>
				<timestamp>938.701063</timestamp>
			</report>
			<report>
				<misses>3615001</misses>
				<total>41</total>
				<timestamp>938.960792</timestamp>
			</report>
			<report>
				<misses>3616001</misses>
				<total>41</total>
				<timestamp>939.220545</timestamp>
			</report>
			<report>
				<misses>3617001</misses>
				<total>41</total>
				<timestamp>939.480274</timestamp>
			</report>
			<report>
				<misses>3618001</misses>
				<total>41</total>
				<timestamp>939.740020</timestamp>
			</report>
			<report>
				<misses>3619001</misses>
				<total>41</total>
				<timestamp>939.999774</timestamp>
			</report>
			<report>
				<misses>3620001</misses>
				<total>41</total>
				<timestamp>940.259516</timestamp>
			</report>
			<report>
				<misses>3621001</misses>
				<total>41</total>
				<timestamp>940.519260</timestamp>
			</report>
			<report>
				<misses>3622001</misses>
				<total>41</total>
				<timestamp>940.778984</timestamp>
			</report>
			<report>
				<misses>3623001</misses>
				<total>41</total>
				<timestamp>941.038720</timestamp>
			</report>
			<report>
				<misses>3624001</misses>
				<total>41</total>
				<timestamp>941.298482</timestamp>
			</report>
			<report>
				<misses>3625001</misses>
				<total>41</total>
				<timestamp>941.558190</timestamp>
			</report>
			<report>
				<misses>3626001</misses>
				<total>41</total>
				<timestamp>941.817938</timestamp>
			</report>
			<report>
				<misses>3627001</misses>
				<total>41</total>
				<timestamp>942.077669</timestamp>
			</report>
			<report>
				<misses>3628001</misses>
				<total>41</total>
				<timestamp>942.337415</timestamp>
			</report>
			<report>
				<misses>3629001</misses>
				<total>41</total>
				<timestamp>942.597159</timestamp>
			</report>
			<report>
				<misses>3630001</misses>
				<total>41</total>
				<timestamp>942.856902</timestamp>
			</report>
			<report>
				<misses>3631001</misses>
				<total>41</total>
				<timestamp>943.116632</timestamp>
			</report>
			<report>
				<misses>3632001</misses>
				<total>41</total>
				<timestamp>943.376398</timestamp>
			</report>
			<report>
				<misses>3633001</misses>
				<total>41</total>
				<timestamp>943.636129</timestamp>
			</report>
			<report>
				<misses>3634001</misses>
				<total>41</total>
				<timestamp>943.895877</timestamp>
			</report>
			<report>
				<misses>3635001</misses>
				<total>41</total>
				<timestamp>944.155636</timestamp>
			</report>
			<report>
				<misses>3636001</misses>
				<total>41</total>
				<timestamp>944.415332</timestamp>
			</report>
			<report>
				<misses>3637001</misses>
				<total>41</total>
				<timestamp>944.675079</timestamp>
			</report>
			<report>
				<misses>3638001</misses>
				<total>41</total>
				<timestamp>944.934847</timestamp>
			</report>
			<report>
				<misses>3639001</misses>
				<total>41</total>
				<timestamp>945.194601</timestamp>
			</report>
			<report>
				<misses>3640001</misses>
				<total>41</total>
				<timestamp>945.454294</timestamp>
			</report>
			<report>
				<misses>3641001</misses>
				<total>41</total>
				<timestamp>945.714030</timestamp>
			</report>
			<report>
				<misses>3642001</misses>
				<total>41</total>
				<timestamp>945.973762</timestamp>
			</report>
			<report>
				<misses>3643001</misses>
				<total>41</total>
				<timestamp>946.233539</timestamp>
			</report>
			<report>
				<misses>3644001</misses>
				<total>41</total>
				<timestamp>946.493262</timestamp>
			</report>
			<report>
				<misses>3645001</misses>
				<total>41</total>
				<timestamp>946.753012</timestamp>
			</report>
			<report>
				<misses>3646001</misses>
				<total>41</total>
				<timestamp>947.012735</timestamp>
			</report>
			<report>
				<misses>3647001</misses>
				<total>41</total>
				<timestamp>947.272499</timestamp>
			</report>
			<report>
				<misses>3648001</misses>
				<total>41</total>
				<timestamp>947.532215</timestamp>
			</report>
			<report>
				<misses>3649001</misses>
				<total>41</total>
				<timestamp>947.791989</timestamp>
			</report>
			<report>
				<misses>3650001</misses>
				<total>41</total>
				<timestamp>948.051731</timestamp>
			</report>
			<report>
				<misses>3651001</misses>
				<total>41</total>
				<timestamp>948.311511</timestamp>
			</report>
			<report>
				<misses>3652001</misses>
				<total>41</total>
				<timestamp>948.571190</timestamp>
			</report>
			<report>
				<misses>3653001</misses>
				<total>41</total>
				<timestamp>948.830954</timestamp>
			</report>
			<report>
				<misses>3654001</misses>
				<total>41</total>
				<timestamp>949.090660</timestamp>
			</report>
			<report>
				<misses>3655001</misses>
				<total>41</total>
				<timestamp>949.350459</timestamp>
			</report>
			<report>
				<misses>3656001</misses>
				<total>41</total>
				<timestamp>949.610155</timestamp>
			</report>
			<report>
				<misses>3657001</misses>
				<total>41</total>
				<timestamp>949.869888</timestamp>
			</report>
			<report>
				<misses>3658001</misses>
				<total>41</total>
				<timestamp>950.129634</timestamp>
			</report>
			<report>
				<misses>3659001</misses>
				<total>41</total>
				<timestamp>950.389356</timestamp>
			</report>
			<report>
				<misses>3660001</misses>
				<total>41</total>
				<timestamp>950.649111</timestamp>
			</report>
			<report>
				<misses>3661001</misses>
				<total>41</total>
				<timestamp>950.908847</timestamp>
			</report>
			<report>
				<misses>3662001</misses>
				<total>41</total>
				<timestamp>951.168608</timestamp>
			</report>
			<report>
				<misses>3663001</misses>
				<total>41</total>
				<timestamp>951.428350</timestamp>
			</report>
			<report>
				<misses>3664001</misses>
				<total>41</total>
				<timestamp>951.688063</timestamp>
			</report>
			<report>
				<misses>3665001</misses>
				<total>41</total>
				<timestamp>951.947800</timestamp>
			</report>
			<report>
				<misses>3666001</misses>
				<total>41</total>
				<timestamp>952.207574</timestamp>
			</report>
			<report>
				<misses>3667001</misses>
				<total>41</total>
				<timestamp>952.467285</timestamp>
			</report>
			<report>
				<misses>3668001</misses>
				<total>41</total>
				<timestamp>952.727054</timestamp>
			</report>
			<report>
				<misses>3669001</misses>
				<total>41</total>
				<timestamp>952.986759</timestamp>
			</report>
			<report>
				<misses>3670001</misses>
				<total>41</total>
				<timestamp>953.246528</timestamp>
			</report>
			<report>
				<misses>3671001</misses>
				<total>41</total>
				<timestamp>953.506242</timestamp>
			</report>
			<report>
				<misses>3672001</misses>
				<total>41</total>
				<timestamp>953.765999</timestamp>
			</report>
			<report>
				<misses>3673001</misses>
				<total>41</total>
				<timestamp>954.025720</timestamp>
			</report>
			<report>
				<misses>3674001</misses>
				<total>41</total>
				<timestamp>954.285469</timestamp>
			</report>
			<report>
				<misses>3675001</misses>
				<total>41</total>
				<timestamp>954.545192</timestamp>
			</report>
			<report>
				<misses>3676001</misses>
				<total>41</total>
				<timestamp>954.804948</timestamp>
			</report>
			<report>
				<misses>3677001</misses>
				<total>41</total>
				<timestamp>955.064686</timestamp>
			</report>
			<report>
				<misses>3678001</misses>
				<total>41</total>
				<timestamp>955.324458</timestamp>
			</report>
			<report>
				<misses>3679001</misses>
				<total>41</total>
				<timestamp>955.584151</timestamp>
			</report>
			<report>
				<misses>3680001</misses>
				<total>41</total>
				<timestamp>955.843889</timestamp>
			</report>
			<report>
				<misses>3681001</misses>
				<total>41</total>
				<timestamp>956.103655</timestamp>
			</report>
			<report>
				<misses>3682001</misses>
				<total>41</total>
				<timestamp>956.363410</timestamp>
			</report>
			<report>
				<misses>3683001</misses>
				<total>41</total>
				<timestamp>956.623127</timestamp>
			</report>
			<report>
				<misses>3684001</misses>
				<total>41</total>
				<timestamp>956.882872</timestamp>
			</report>
			<report>
				<misses>3685001</misses>
				<total>41</total>
				<timestamp>957.142615</timestamp>
			</report>
			<report>
				<misses>3686001</misses>
				<total>41</total>
				<timestamp>957.402391</timestamp>
			</report>
			<report>
				<misses>3687001</misses>
				<total>41</total>
				<timestamp>957.662097</timestamp>
			</report>
			<report>
				<misses>3688001</misses>
				<total>41</total>
				<timestamp>957.921808</timestamp>
			</report>
			<report>
				<misses>3689001</misses>
				<total>41</total>
				<timestamp>958.181558</timestamp>
			</report>
			<report>
				<misses>3690001</misses>
				<total>41</total>
				<timestamp>958.441310</timestamp>
			</report>
			<report>
				<misses>3691001</misses>
				<total>41</total>
				<timestamp>958.701024</timestamp>
			</report>
			<report>
				<misses>3692001</misses>
				<total>41</total>
				<timestamp>958.960767</timestamp>
			</report>
			<report>
				<misses>3693001</misses>
				<total>41</total>
				<timestamp>959.220535</timestamp>
			</report>
			<report>
				<misses>3694001</misses>
				<total>41</total>
				<timestamp>959.480264</timestamp>
			</report>
			<report>
				<misses>3695001</misses>
				<total>41</total>
				<timestamp>959.739997</timestamp>
			</report>
			<report>
				<misses>3696001</misses>
				<total>41</total>
				<timestamp>959.999734</timestamp>
			</report>
			<report>
				<misses>3697001</misses>
				<total>41</total>
				<timestamp>960.259487</timestamp>
			</report>
			<report>
				<misses>3698001</misses>
				<total>41</total>
				<timestamp>960.519221</timestamp>
			</report>
			<report>
				<misses>3699001</misses>
				<total>41</total>
				<timestamp>960.779007</timestamp>
			</report>
			<report>
				<misses>3700001</misses>
				<total>41</total>
				<timestamp>961.038751</timestamp>
			</report>
			<report>
				<misses>3701001</misses>
				<total>41</total>
				<timestamp>961.298457</timestamp>
			</report>
			<report>
				<misses>3702001</misses>
				<total>41</total>
				<timestamp>961.558165</timestamp>
			</report>
			<report>
				<misses>3703001</misses>
				<total>41</total>
				<timestamp>961.817908</timestamp>
			</report>
			<report>
				<misses>3704001</misses>
				<total>41</total>
				<timestamp>962.077657</timestamp>
			</report>
			<report>
				<misses>3705001</misses>
				<total>41</total>
				<timestamp>962.337424</timestamp>
			</report>
			<report>
				<misses>3706001</misses>
				<total>41</total>
				<timestamp>962.597188</timestamp>
			</report>
			<report>
				<misses>3707001</misses>
				<total>41</total>
				<timestamp>962.856879</timestamp>
			</report>
			<report>
				<misses>3708001</misses>
				<total>41</total>
				<timestamp>963.116618</timestamp>
			</report>
			<report>
				<misses>3709001</misses>
				<total>41</total>
				<timestamp>963.376396</timestamp>
			</report>
			<report>
				<misses>3710001</misses>
				<total>41</total>
				<timestamp>963.636114</timestamp>
			</report>
			<report>
				<misses>3711001</misses>
				<total>41</total>
				<timestamp>963.895839</timestamp>
			</report>
			<report>
				<misses>3712001</misses>
				<total>41</total>
				<timestamp>964.155607</timestamp>
			</report>
			<report>
				<misses>3713001</misses>
				<total>41</total>
				<timestamp>964.415393</timestamp>
			</report>
			<report>
				<misses>3714001</misses>
				<total>41</total>
				<timestamp>964.675067</timestamp>
			</report>
			<report>
				<misses>3715001</misses>
				<total>41</total>
				<timestamp>964.934859</timestamp>
			</report>
			<report>
				<misses>3716001</misses>
				<total>41</total>
				<timestamp>965.194538</timestamp>
			</report>
			<report>
				<misses>3717001</misses>
				<total>41</total>
				<timestamp>965.454322</timestamp>
			</report>
			<report>
				<misses>3718001</misses>
				<total>41</total>
				<timestamp>965.714017</timestamp>
			</report>
			<report>
				<misses>3719001</misses>
				<total>41</total>
				<timestamp>965.973784</timestamp>
			</report>
			<report>
				<misses>3720001</misses>
				<total>41</total>
				<timestamp>966.233504</timestamp>
			</report>
			<report>
				<misses>3721001</misses>
				<total>41</total>
				<timestamp>966.493268</timestamp>
			</report>
			<report>
				<misses>3722001</misses>
				<total>41</total>
				<timestamp>966.753009</timestamp>
			</report>
			<report>
				<misses>3723001</misses>
				<total>41</total>
				<timestamp>967.012732</timestamp>
			</report>
			<report>
				<misses>3724001</misses>
				<total>41</total>
				<timestamp>967.272469</timestamp>
			</report>
			<report>
				<misses>3725001</misses>
				<total>41</total>
				<timestamp>967.532186</timestamp>
			</report>
			<report>
				<misses>3726001</misses>
				<total>41</total>
				<timestamp>967.791956</timestamp>
			</report>
			<report>
				<misses>3727001</misses>
				<total>41</total>
				<timestamp>968.051682</timestamp>
			</report>
			<report>
				<misses>3728001</misses>
				<total>41</total>
				<timestamp>968.311473</timestamp>
			</report>
			<report>
				<misses>3729001</misses>
				<total>41</total>
				<timestamp>968.571204</timestamp>
			</report>
			<report>
				<misses>3730001</misses>
				<total>41</total>
				<timestamp>968.830892</timestamp>
			</report>
			<report>
				<misses>3731001</misses>
				<total>41</total>
				<timestamp>969.090672</timestamp>
			</report>
			<report>
				<misses>3732001</misses>
				<total>41</total>
				<timestamp>969.350393</timestamp>
			</report>
			<report>
				<misses>3733001</misses>
				<total>41</total>
				<timestamp>969.610144</timestamp>
			</report>
			<report>
				<misses>3734001</misses>
				<total>41</total>
				<timestamp>969.869906</timestamp>
			</report>
			<report>
				<misses>3735001</misses>
				<total>41</total>
				<timestamp>970.129605</timestamp>
			</report>
			<report>
				<misses>3736001</misses>
				<total>41</total>
				<timestamp>970.389374</timestamp>
			</report>
			<report>
				<misses>3737001</misses>
				<total>41</total>
				<timestamp>970.649101</timestamp>
			</report>
			<report>
				<misses>3738001</misses>
				<total>41</total>
				<timestamp>970.908833</timestamp>
			</report>
			<report>
				<misses>3739001</misses>
				<total>41</total>
				<timestamp>971.168578</timestamp>
			</report>
			<report>
				<misses>3740001</misses>
				<total>41</total>
				<timestamp>971.428331</timestamp>
			</report>
			<report>
				<misses>3741001</misses>
				<total>41</total>
				<timestamp>971.688032</timestamp>
			</report>
			<report>
				<misses>3742001</misses>
				<total>41</total>
				<timestamp>971.947778</timestamp>
			</report>
			<report>
				<misses>3743001</misses>
				<total>41</total>
				<timestamp>972.207509</timestamp>
			</report>
			<report>
				<misses>3744001</misses>
				<total>41</total>
				<timestamp>972.467299</timestamp>
			</report>
			<report>
				<misses>3745001</misses>
				<total>41</total>
				<timestamp>972.726993</timestamp>
			</report>
			<report>
				<misses>3746001</misses>
				<total>41</total>
				<timestamp>972.986749</timestamp>
			</report>
			<report>
				<misses>3747001</misses>
				<total>41</total>
				<timestamp>973.246469</timestamp>
			</report>
			<report>
				<misses>3748001</misses>
				<total>41</total>
				<timestamp>973.506219</timestamp>
			</report>
			<report>
				<misses>3749001</misses>
				<total>41</total>
				<timestamp>973.765963</timestamp>
			</report>
			<report>
				<misses>3750001</misses>
				<total>41</total>
				<timestamp>974.025704</timestamp>
			</report>
			<report>
				<misses>3751001</misses>
				<total>41</total>
				<timestamp>974.285438</timestamp>
			</report>
			<report>
				<misses>3752001</misses>
				<total>41</total>
				<timestamp>974.545193</timestamp>
			</report>
			<report>
				<misses>3753001</misses>
				<total>41</total>
				<timestamp>974.804963</timestamp>
			</report>
			<report>
				<misses>3754001</misses>
				<total>41</total>
				<timestamp>975.064661</timestamp>
			</report>
			<report>
				<misses>3755001</misses>
				<total>41</total>
				<timestamp>975.324382</timestamp>
			</report>
			<report>
				<misses>3756001</misses>
				<total>41</total>
				<timestamp>975.584126</timestamp>
			</report>
			<report>
				<misses>3757001</misses>
				<total>41</total>
				<timestamp>975.843901</timestamp>
			</report>
			<report>
				<misses>3758001</misses>
				<total>41</total>
				<timestamp>976.103629</timestamp>
			</report>
			<report>
				<misses>3759001</misses>
				<total>41</total>
				<timestamp>976.363362</timestamp>
			</report>
			<report>
				<misses>3760001</misses>
				<total>41</total>
				<timestamp>976.623115</timestamp>
			</report>
			<report>
				<misses>3761001</misses>
				<total>41</total>
				<timestamp>976.882840</timestamp>
			</report>
			<report>
				<misses>3762001</misses>
				<total>45</total>
				<timestamp>977.142577</timestamp>
			</report>
			<report>
				<misses>3763001</misses>
				<total>45</total>
				<timestamp>977.402345</timestamp>
			</report>
			<report>
				<misses>3764001</misses>
				<total>45</total>
				<timestamp>977.662066</timestamp>
			</report>
			<report>
				<misses>3765001</misses>
				<total>45</total>
				<timestamp>977.921801</timestamp>
			</report>
			<report>
				<misses>3766001</misses>
				<total>45</total>
				<timestamp>978.181542</timestamp>
			</report>
			<report>
				<misses>3767001</misses>
				<total>45</total>
				<timestamp>978.441273</timestamp>
			</report>
			<report>
				<misses>3768001</misses>
				<total>45</total>
				<timestamp>978.701024</timestamp>
			</report>
			<report>
				<misses>3769001</misses>
				<total>45</total>
				<timestamp>978.960781</timestamp>
			</report>
			<report>
				<misses>3770001</misses>
				<total>45</total>
				<timestamp>979.220493</timestamp>
			</report>
			<report>
				<misses>3771001</misses>
				<total>45</total>
				<timestamp>979.480278</timestamp>
			</report>
			<report>
				<misses>3772001</misses>
				<total>45</total>
				<timestamp>979.739979</timestamp>
			</report>
			<report>
				<misses>3773001</misses>
				<total>45</total>
				<timestamp>979.999725</timestamp>
			</report>
			<report>
				<misses>3774001</misses>
				<total>45</total>
				<timestamp>980.259471</timestamp>
			</report>
			<report>
				<misses>3775001</misses>
				<total>45</total>
				<timestamp>980.519227</timestamp>
			</report>
			<report>
				<misses>3776001</misses>
				<total>45</total>
				<timestamp>980.778937</timestamp>
			</report>
			<report>
				<misses>3777001</misses>
				<total>45</total>
				<timestamp>981.038694</timestamp>
			</report>
			<report>
				<misses>3778001</misses>
				<total>45</total>
				<timestamp>981.298435</timestamp>
			</report>
			<report>
				<misses>3779001</misses>
				<total>45</total>
				<timestamp>981.558174</timestamp>
			</report>
			<report>
				<misses>3780001</misses>
				<total>45</total>
				<timestamp>981.817941</timestamp>
			</report>
			<report>
				<misses>3781001</misses>
				<total>45</total>
				<timestamp>982.077641</timestamp>
			</report>
			<report>
				<misses>3782001</misses>
				<total>45</total>
				<timestamp>982.337404</timestamp>
			</report>
			<report>
				<misses>3783001</misses>
				<total>45</total>
				<timestamp>982.597150</timestamp>
			</report>
			<report>
				<misses>3784001</misses>
				<total>45</total>
				<timestamp>982.856867</timestamp>
			</report>
			<report>
				<misses>3785001</misses>
				<total>45</total>
				<timestamp>983.116647</timestamp>
			</report>
			<report>
				<misses>3786001</misses>
				<total>45</total>
				<timestamp>983.376388</timestamp>
			</report>
			<report>
				<misses>3787001</misses>
				<total>45</total>
				<timestamp>983.636086</timestamp>
			</report>
			<report>
				<misses>3788001</misses>
				<total>45</total>
				<timestamp>983.895822</timestamp>
			</report>
			<report>
				<misses>3789001</misses>
				<total>45</total>
				<timestamp>984.155570</timestamp>
			</report>
			<report>
				<misses>3790001</misses>
				<total>45</total>
				<timestamp>984.415364</timestamp>
			</report>
			<report>
				<misses>3791001</misses>
				<total>45</total>
				<timestamp>984.675030</timestamp>
			</report>
			<report>
				<misses>3792001</misses>
				<total>45</total>
				<timestamp>984.934798</timestamp>
			</report>
			<report>
				<misses>3793001</misses>
				<total>45</total>
				<timestamp>985.194515</timestamp>
			</report>
			<report>
				<misses>3794001</misses>
				<total>45</total>
				<timestamp>985.454289</timestamp>
			</report>
			<report>
				<misses>3795001</misses>
				<total>45</total>
				<timestamp>985.714044</timestamp>
			</report>
			<report>
				<misses>3796001</misses>
				<total>45</total>
				<timestamp>985.973768</timestamp>
			</report>
			<report>
				<misses>3797001</misses>
				<total>45</total>
				<timestamp>986.233495</timestamp>
			</report>
			<report>
				<misses>3798001</misses>
				<total>45</total>
				<timestamp>986.493251</timestamp>
			</report>
			<report>
				<misses>3799001</misses>
				<total>45</total>
				<timestamp>986.752968</timestamp>
			</report>
			<report>
				<misses>3800001</misses>
				<total>45</total>
				<timestamp>987.012705</timestamp>
			</report>
			<report>
				<misses>3801001</misses>
				<total>47</total>
				<timestamp>987.272462</timestamp>
			</report>
			<report>
				<misses>3802001</misses>
				<total>47</total>
				<timestamp>987.532188</timestamp>
			</report>
			<report>
				<misses>3803001</misses>
				<total>47</total>
				<timestamp>987.791920</timestamp>
			</report>
			<report>
				<misses>3804001</misses>
				<total>47</total>
				<timestamp>988.051668</timestamp>
			</report>
			<report>
				<misses>3805001</misses>
				<total>47</total>
				<timestamp>988.311390</timestamp>
			</report>
			<report>
				<misses>3806001</misses>
				<total>47</total>
				<timestamp>988.571186</timestamp>
			</report>
			<report>
				<misses>3807001</misses>
				<total>47</total>
				<timestamp>988.830910</timestamp>
			</report>
			<report>
				<misses>3808001</misses>
				<total>47</total>
				<timestamp>989.090615</timestamp>
			</report>
			<report>
				<misses>3809001</misses>
				<total>47</total>
				<timestamp>989.350366</timestamp>
			</report>
			<report>
				<misses>3810001</misses>
				<total>47</total>
				<timestamp>989.610126</timestamp>
			</report>
			<report>
				<misses>3811001</misses>
				<total>47</total>
				<timestamp>989.869832</timestamp>
			</report>
			<report>
				<misses>3812001</misses>
				<total>47</total>
				<timestamp>990.129572</timestamp>
			</report>
			<report>
				<misses>3813001</misses>
				<total>47</total>
				<timestamp>990.389363</timestamp>
			</report>
			<report>
				<misses>3814001</misses>
				<total>47</total>
				<timestamp>990.649076</timestamp>
			</report>
			<report>
				<misses>3815001</misses>
				<total>47</total>
				<timestamp>990.908823</timestamp>
			</report>
			<report>
				<misses>3816001</misses>
				<total>47</total>
				<timestamp>991.168552</timestamp>
			</report>
			<report>
				<misses>3817001</misses>
				<total>47</total>
				<timestamp>991.428323</timestamp>
			</report>
			<report>
				<misses>3818001</misses>
				<total>47</total>
				<timestamp>991.688025</timestamp>
			</report>
			<report>
				<misses>3819001</misses>
				<total>47</total>
				<timestamp>991.947767</timestamp>
			</report>
			<report>
				<misses>3820001</misses>
				<total>47</total>
				<timestamp>992.207502</timestamp>
			</report>
			<report>
				<misses>3821001</misses>
				<total>47</total>
				<timestamp>992.467275</timestamp>
			</report>
			<report>
				<misses>3822001</misses>
				<total>47</total>
				<timestamp>992.726981</timestamp>
			</report>
			<report>
				<misses>3823001</misses>
				<total>47</total>
				<timestamp>992.986759</timestamp>
			</report>
			<report>
				<misses>3824001</misses>
				<total>47</total>
				<timestamp>993.246449</timestamp>
			</report>
			<report>
				<misses>3825001</misses>
				<total>47</total>
				<timestamp>993.506197</timestamp>
			</report>
			<report>
				<misses>3826001</misses>
				<total>47</total>
				<timestamp>993.765925</timestamp>
			</report>
			<report>
				<misses>3827001</misses>
				<total>47</total>
				<timestamp>994.025712</timestamp>
			</report>
			<report>
				<misses>3828001</misses>
				<total>47</total>
				<timestamp>994.285420</timestamp>
			</report>
			<report>
				<misses>3829001</misses>
				<total>47</total>
				<timestamp>994.545182</timestamp>
			</report>
			<report>
				<misses>3830001</misses>
				<total>47</total>
				<timestamp>994.804888</timestamp>
			</report>
			<report>
				<misses>3831001</misses>
				<total>47</total>
				<timestamp>995.064649</timestamp>
			</report>
			<report>
				<misses>3832001</misses>
				<total>47</total>
				<timestamp>995.324375</timestamp>
			</report>
			<report>
				<misses>3833001</misses>
				<total>47</total>
				<timestamp>995.584212</timestamp>
			</report>
			<report>
				<misses>3834001</misses>
				<total>47</total>
				<timestamp>995.843847</timestamp>
			</report>
			<report>
				<misses>3835001</misses>
				<total>47</total>
				<timestamp>996.103585</timestamp>
			</report>
			<report>
				<misses>3836001</misses>
				<total>47</total>
				<timestamp>996.363331</timestamp>
			</report>
			<report>
				<misses>3837001</misses>
				<total>47</total>
				<timestamp>996.623129</timestamp>
			</report>
			<report>
				<misses>3838001</misses>
				<total>47</total>
				<timestamp>996.882814</timestamp>
			</report>
			<report>
				<misses>3839001</misses>
				<total>47</total>
				<timestamp>997.142550</timestamp>
			</report>
			<report>
				<misses>3840001</misses>
				<total>47</total>
				<timestamp>997.402329</timestamp>
			</report>
			<report>
				<misses>3841001</misses>
				<total>47</total>
				<timestamp>997.662071</timestamp>
			</report>
			<report>
				<misses>3842001</misses>
				<total>47</total>
				<timestamp>997.921790</timestamp>
			</report>
			<report>
				<misses>3843001</misses>
				<total>47</total>
				<timestamp>998.181498</timestamp>
			</report>
			<report>
				<misses>3844001</misses>
				<total>47</total>
				<timestamp>998.441268</timestamp>
			</report>
			<report>
				<misses>3845001</misses>
				<total>47</total>
				<timestamp>998.701014</timestamp>
			</report>
			<report>
				<misses>3846001</misses>
				<total>47</total>
				<timestamp>998.960754</timestamp>
			</report>
			<report>
				<misses>3847001</misses>
				<total>47</total>
				<timestamp>999.220489</timestamp>
			</report>
			<report>
				<misses>3848001</misses>
				<total>47</total>
				<timestamp>999.480233</timestamp>
			</report>
			<report>
				<misses>3849001</misses>
				<total>47</total>
				<timestamp>999.739958</timestamp>
			</report>
			<report>
				<misses>3850001</misses>
				<total>47</total>
				<timestamp>999.999695</timestamp>
			</report>
			<report>
				<misses>3851001</misses>
				<total>47</total>
				<timestamp>1000.259434</timestamp>
			</report>
			<report>
				<misses>3852001</misses>
				<total>47</total>
				<timestamp>1000.519177</timestamp>
			</report>
			<report>
				<misses>3853001</misses>
				<total>47</total>
				<timestamp>1000.778955</timestamp>
			</report>
			<report>
				<misses>3854001</misses>
				<total>47</total>
				<timestamp>1001.038725</timestamp>
			</report>
			<report>
				<misses>3855001</misses>
				<total>47</total>
				<timestamp>1001.298405</timestamp>
			</report>
			<report>
				<misses>3856001</misses>
				<total>47</total>
				<timestamp>1001.558190</timestamp>
			</report>
			<report>
				<misses>3857001</misses>
				<total>47</total>
				<timestamp>1001.817897</timestamp>
			</report>
			<report>
				<misses>3858001</misses>
				<total>47</total>
				<timestamp>1002.077633</timestamp>
			</report>
			<report>
				<misses>3859001</misses>
				<total>47</total>
				<timestamp>1002.337370</timestamp>
			</report>
			<report>
				<misses>3860001</misses>
				<total>47</total>
				<timestamp>1002.597176</timestamp>
			</report>
			<report>
				<misses>3861001</misses>
				<total>47</total>
				<timestamp>1002.856842</timestamp>
			</report>
			<report>
				<misses>3862001</misses>
				<total>47</total>
				<timestamp>1003.116580</timestamp>
			</report>
			<report>
				<misses>3863001</misses>
				<total>47</total>
				<timestamp>1003.376320</timestamp>
			</report>
			<report>
				<misses>3864001</misses>
				<total>47</total>
				<timestamp>1003.636134</timestamp>
			</report>
			<report>
				<misses>3865001</misses>
				<total>47</total>
				<timestamp>1003.895795</timestamp>
			</report>
			<report>
				<misses>3866001</misses>
				<total>47</total>
				<timestamp>1004.155544</timestamp>
			</report>
			<report>
				<misses>3867001</misses>
				<total>47</total>
				<timestamp>1004.415301</timestamp>
			</report>
			<report>
				<misses>3868001</misses>
				<total>47</total>
				<timestamp>1004.675014</timestamp>
			</report>
			<report>
				<misses>3869001</misses>
				<total>47</total>
				<timestamp>1004.934770</timestamp>
			</report>
			<report>
				<misses>3870001</misses>
				<total>47</total>
				<timestamp>1005.194500</timestamp>
			</report>
			<report>
				<misses>3871001</misses>
				<total>47</total>
				<timestamp>1005.454288</timestamp>
			</report>
			<report>
				<misses>3872001</misses>
				<total>47</total>
				<timestamp>1005.713975</timestamp>
			</report>
			<report>
				<misses>3873001</misses>
				<total>47</total>
				<timestamp>1005.973737</timestamp>
			</report>
			<report>
				<misses>3874001</misses>
				<total>47</total>
				<timestamp>1006.233453</timestamp>
			</report>
			<report>
				<misses>3875001</misses>
				<total>47</total>
				<timestamp>1006.493220</timestamp>
			</report>
			<report>
				<misses>3876001</misses>
				<total>47</total>
				<timestamp>1006.752958</timestamp>
			</report>
			<report>
				<misses>3877001</misses>
				<total>47</total>
				<timestamp>1007.012714</timestamp>
			</report>
			<report>
				<misses>3878001</misses>
				<total>47</total>
				<timestamp>1007.272404</timestamp>
			</report>
			<report>
				<misses>3879001</misses>
				<total>47</total>
				<timestamp>1007.532193</timestamp>
			</report>
			<report>
				<misses>3880001</misses>
				<total>47</total>
				<timestamp>1007.791907</timestamp>
			</report>
			<report>
				<misses>3881001</misses>
				<total>47</total>
				<timestamp>1008.051647</timestamp>
			</report>
			<report>
				<misses>3882001</misses>
				<total>47</total>
				<timestamp>1008.311398</timestamp>
			</report>
			<report>
				<misses>3883001</misses>
				<total>47</total>
				<timestamp>1008.571150</timestamp>
			</report>
			<report>
				<misses>3884001</misses>
				<total>47</total>
				<timestamp>1008.830876</timestamp>
			</report>
			<report>
				<misses>3885001</misses>
				<total>47</total>
				<timestamp>1009.090639</timestamp>
			</report>
			<report>
				<misses>3886001</misses>
				<total>47</total>
				<timestamp>1009.350351</timestamp>
			</report>
			<report>
				<misses>3887001</misses>
				<total>47</total>
				<timestamp>1009.610091</timestamp>
			</report>
			<report>
				<misses>3888001</misses>
				<total>47</total>
				<timestamp>1009.869831</timestamp>
			</report>
			<report>
				<misses>3889001</misses>
				<total>47</total>
				<timestamp>1010.129554</timestamp>
			</report>
			<report>
				<misses>3890001</misses>
				<total>47</total>
				<timestamp>1010.389296</timestamp>
			</report>
			<report>
				<misses>3891001</misses>
				<total>47</total>
				<timestamp>1010.649107</timestamp>
			</report>
			<report>
				<misses>3892001</misses>
				<total>47</total>
				<timestamp>1010.908784</timestamp>
			</report>
			<report>
				<misses>3893001</misses>
				<total>47</total>
				<timestamp>1011.168527</timestamp>
			</report>
			<report>
				<misses>3894001</misses>
				<total>47</total>
				<timestamp>1011.428252</timestamp>
			</report>
			<report>
				<misses>3895001</misses>
				<total>47</total>
				<timestamp>1011.688026</timestamp>
			</report>
			<report>
				<misses>3896001</misses>
				<total>47</total>
				<timestamp>1011.947725</timestamp>
			</report>
			<report>
				<misses>3897001</misses>
				<total>47</total>
				<timestamp>1012.207479</timestamp>
			</report>
			<report>
				<misses>3898001</misses>
				<total>47</total>
				<timestamp>1012.467228</timestamp>
			</report>
			<report>
				<misses>3899001</misses>
				<total>47</total>
				<timestamp>1012.726952</timestamp>
			</report>
			<report>
				<misses>3900001</misses>
				<total>47</total>
				<timestamp>1012.986723</timestamp>
			</report>
			<report>
				<misses>3901001</misses>
				<total>47</total>
				<timestamp>1013.246484</timestamp>
			</report>
			<report>
				<misses>3902001</misses>
				<total>47</total>
				<timestamp>1013.506217</timestamp>
			</report>
			<report>
				<misses>3903001</misses>
				<total>47</total>
				<timestamp>1013.765934</timestamp>
			</report>
			<report>
				<misses>3904001</misses>
				<total>47</total>
				<timestamp>1014.025676</timestamp>
			</report>
			<report>
				<misses>3905001</misses>
				<total>47</total>
				<timestamp>1014.285401</timestamp>
			</report>
			<report>
				<misses>3906001</misses>
				<total>47</total>
				<timestamp>1014.545200</timestamp>
			</report>
			<report>
				<misses>3907001</misses>
				<total>47</total>
				<timestamp>1014.804897</timestamp>
			</report>
			<report>
				<misses>3908001</misses>
				<total>47</total>
				<timestamp>1015.064619</timestamp>
			</report>
			<report>
				<misses>3909001</misses>
				<total>47</total>
				<timestamp>1015.324363</timestamp>
			</report>
			<report>
				<misses>3910001</misses>
				<total>47</total>
				<timestamp>1015.584154</timestamp>
			</report>
			<report>
				<misses>3911001</misses>
				<total>47</total>
				<timestamp>1015.843830</timestamp>
			</report>
			<report>
				<misses>3912001</misses>
				<total>48</total>
				<timestamp>1016.103608</timestamp>
			</report>
			<report>
				<misses>3913001</misses>
				<total>48</total>
				<timestamp>1016.363330</timestamp>
			</report>
			<report>
				<misses>3914001</misses>
				<total>48</total>
				<timestamp>1016.623081</timestamp>
			</report>
			<report>
				<misses>3915001</misses>
				<total>48</total>
				<timestamp>1016.882790</timestamp>
			</report>
			<report>
				<misses>3916001</misses>
				<total>48</total>
				<timestamp>1017.142548</timestamp>
			</report>
			<report>
				<misses>3917001</misses>
				<total>48</total>
				<timestamp>1017.402292</timestamp>
			</report>
			<report>
				<misses>3918001</misses>
				<total>48</total>
				<timestamp>1017.662041</timestamp>
			</report>
			<report>
				<misses>3919001</misses>
				<total>48</total>
				<timestamp>1017.921787</timestamp>
			</report>
			<report>
				<misses>3920001</misses>
				<total>48</total>
				<timestamp>1018.181502</timestamp>
			</report>
			<report>
				<misses>3921001</misses>
				<total>48</total>
				<timestamp>1018.441240</timestamp>
			</report>
			<report>
				<misses>3922001</misses>
				<total>48</total>
				<timestamp>1018.700982</timestamp>
			</report>
			<report>
				<misses>3923001</misses>
				<total>48</total>
				<timestamp>1018.960733</timestamp>
			</report>
			<report>
				<misses>3924001</misses>
				<total>48</total>
				<timestamp>1019.220495</timestamp>
			</report>
			<report>
				<misses>3925001</misses>
				<total>48</total>
				<timestamp>1019.480203</timestamp>
			</report>
			<report>
				<misses>3926001</misses>
				<total>48</total>
				<timestamp>1019.739968</timestamp>
			</report>
			<report>
				<misses>3927001</misses>
				<total>48</total>
				<timestamp>1019.999697</timestamp>
			</report>
			<report>
				<misses>3928001</misses>
				<total>48</total>
				<timestamp>1020.259436</timestamp>
			</report>
			<report>
				<misses>3929001</misses>
				<total>48</total>
				<timestamp>1020.519155</timestamp>
			</report>
			<report>
				<misses>3930001</misses>
				<total>48</total>
				<timestamp>1020.778920</timestamp>
			</report>
			<report>
				<misses>3931001</misses>
				<total>48</total>
				<timestamp>1021.038651</timestamp>
			</report>
			<report>
				<misses>3932001</misses>
				<total>48</total>
				<timestamp>1021.298377</timestamp>
			</report>
			<report>
				<misses>3933001</misses>
				<total>48</total>
				<timestamp>1021.558157</timestamp>
			</report>
			<report>
				<misses>3934001</misses>
				<total>48</total>
				<timestamp>1021.817858</timestamp>
			</report>
			<report>
				<misses>3935001</misses>
				<total>48</total>
				<timestamp>1022.077644</timestamp>
			</report>
			<report>
				<misses>3936001</misses>
				<total>48</total>
				<timestamp>1022.337357</timestamp>
			</report>
			<report>
				<misses>3937001</misses>
				<total>48</total>
				<timestamp>1022.597153</timestamp>
			</report>
			<report>
				<misses>3938001</misses>
				<total>48</total>
				<timestamp>1022.856854</timestamp>
			</report>
			<report>
				<misses>3939001</misses>
				<total>48</total>
				<timestamp>1023.116566</timestamp>
			</report>
			<report>
				<misses>3940001</misses>
				<total>48</total>
				<timestamp>1023.376290</timestamp>
			</report>
			<report>
				<misses>3941001</misses>
				<total>48</total>
				<timestamp>1023.636075</timestamp>
			</report>
			<report>
				<misses>3942001</misses>
				<total>48</total>
				<timestamp>1023.895794</timestamp>
			</report>
			<report>
				<misses>3943001</misses>
				<total>48</total>
				<timestamp>1024.155568</timestamp>
			</report>
			<report>
				<misses>3944001</misses>
				<total>48</total>
				<timestamp>1024.415256</timestamp>
			</report>
			<report>
				<misses>3945001</misses>
				<total>48</total>
				<timestamp>1024.675031</timestamp>
			</report>
			<report>
				<misses>3946001</misses>
				<total>48</total>
				<timestamp>1024.934744</timestamp>
			</report>
			<report>
				<misses>3947001</misses>
				<total>48</total>
				<timestamp>1025.194514</timestamp>
			</report>
			<report>
				<misses>3948001</misses>
				<total>48</total>
				<timestamp>1025.454227</timestamp>
			</report>
			<report>
				<misses>3949001</misses>
				<total>48</total>
				<timestamp>1025.713980</timestamp>
			</report>
			<report>
				<misses>3950001</misses>
				<total>48</total>
				<timestamp>1025.973732</timestamp>
			</report>
			<report>
				<misses>3951001</misses>
				<total>48</total>
				<timestamp>1026.233443</timestamp>
			</report>
			<report>
				<misses>3952001</misses>
				<total>48</total>
				<timestamp>1026.493184</timestamp>
			</report>
			<report>
				<misses>3953001</misses>
				<total>48</total>
				<timestamp>1026.752964</timestamp>
			</report>
			<report>
				<misses>3954001</misses>
				<total>48</total>
				<timestamp>1027.012672</timestamp>
			</report>
			<report>
				<misses>3955001</misses>
				<total>48</total>
				<timestamp>1027.272425</timestamp>
			</report>
			<report>
				<misses>3956001</misses>
				<total>48</total>
				<timestamp>1027.532184</timestamp>
			</report>
			<report>
				<misses>3957001</misses>
				<total>48</total>
				<timestamp>1027.791935</timestamp>
			</report>
			<report>
				<misses>3958001</misses>
				<total>48</total>
				<timestamp>1028.051638</timestamp>
			</report>
			<report>
				<misses>3959001</misses>
				<total>48</total>
				<timestamp>1028.311373</timestamp>
			</report>
			<report>
				<misses>3960001</misses>
				<total>48</total>
				<timestamp>1028.571128</timestamp>
			</report>
			<report>
				<misses>3961001</misses>
				<total>48</total>
				<timestamp>1028.830858</timestamp>
			</report>
			<report>
				<misses>3962001</misses>
				<total>48</total>
				<timestamp>1029.090578</timestamp>
			</report>
			<report>
				<misses>3963001</misses>
				<total>48</total>
				<timestamp>1029.350372</timestamp>
			</report>
			<report>
				<misses>3964001</misses>
				<total>48</total>
				<timestamp>1029.610100</timestamp>
			</report>
			<report>
				<misses>3965001</misses>
				<total>48</total>
				<timestamp>1029.869802</timestamp>
			</report>
			<report>
				<misses>3966001</misses>
				<total>48</total>
				<timestamp>1030.129572</timestamp>
			</report>
			<report>
				<misses>3967001</misses>
				<total>48</total>
				<timestamp>1030.389281</timestamp>
			</report>
			<report>
				<misses>3968001</misses>
				<total>48</total>
				<timestamp>1030.649072</timestamp>
			</report>
			<report>
				<misses>3969001</misses>
				<total>48</total>
				<timestamp>1030.908808</timestamp>
			</report>
			<report>
				<misses>3970001</misses>
				<total>48</total>
				<timestamp>1031.168522</timestamp>
			</report>
			<report>
				<misses>3971001</misses>
				<total>48</total>
				<timestamp>1031.428251</timestamp>
			</report>
			<report>
				<misses>3972001</misses>
				<total>48</total>
				<timestamp>1031.688026</timestamp>
			</report>
			<report>
				<misses>3973001</misses>
				<total>48</total>
				<timestamp>1031.947773</timestamp>
			</report>
			<report>
				<misses>3974001</misses>
				<total>48</total>
				<timestamp>1032.207465</timestamp>
			</report>
			<report>
				<misses>3975001</misses>
				<total>48</total>
				<timestamp>1032.467222</timestamp>
			</report>
			<report>
				<misses>3976001</misses>
				<total>48</total>
				<timestamp>1032.726954</timestamp>
			</report>
			<report>
				<misses>3977001</misses>
				<total>48</total>
				<timestamp>1032.986692</timestamp>
			</report>
			<report>
				<misses>3978001</misses>
				<total>48</total>
				<timestamp>1033.246433</timestamp>
			</report>
			<report>
				<misses>3979001</misses>
				<total>48</total>
				<timestamp>1033.506164</timestamp>
			</report>
			<report>
				<misses>3980001</misses>
				<total>48</total>
				<timestamp>1033.765933</timestamp>
			</report>
			<report>
				<misses>3981001</misses>
				<total>48</total>
				<timestamp>1034.025692</timestamp>
			</report>
			<report>
				<misses>3982001</misses>
				<total>48</total>
				<timestamp>1034.285387</timestamp>
			</report>
			<report>
				<misses>3983001</misses>
				<total>48</total>
				<timestamp>1034.545122</timestamp>
			</report>
			<report>
				<misses>3984001</misses>
				<total>48</total>
				<timestamp>1034.804904</timestamp>
			</report>
			<report>
				<misses>3985001</misses>
				<total>48</total>
				<timestamp>1035.064603</timestamp>
			</report>
			<report>
				<misses>3986001</misses>
				<total>48</total>
				<timestamp>1035.324365</timestamp>
			</report>
			<report>
				<misses>3987001</misses>
				<total>48</total>
				<timestamp>1035.584102</timestamp>
			</report>
			<report>
				<misses>3988001</misses>
				<total>48</total>
				<timestamp>1035.843851</timestamp>
			</report>
			<report>
				<misses>3989001</misses>
				<total>48</total>
				<timestamp>1036.103604</timestamp>
			</report>
			<report>
				<misses>3990001</misses>
				<total>48</total>
				<timestamp>1036.363310</timestamp>
			</report>
			<report>
				<misses>3991001</misses>
				<total>48</total>
				<timestamp>1036.623047</timestamp>
			</report>
			<report>
				<misses>3992001</misses>
				<total>48</total>
				<timestamp>1036.882854</timestamp>
			</report>
			<report>
				<misses>3993001</misses>
				<total>48</total>
				<timestamp>1037.142514</timestamp>
			</report>
			<report>
				<misses>3994001</misses>
				<total>48</total>
				<timestamp>1037.402260</timestamp>
			</report>
			<report>
				<misses>3995001</misses>
				<total>48</total>
				<timestamp>1037.662037</timestamp>
			</report>
			<report>
				<misses>3996001</misses>
				<total>48</total>
				<timestamp>1037.921739</timestamp>
			</report>
			<report>
				<misses>3997001</misses>
				<total>48</total>
				<timestamp>1038.181517</timestamp>
			</report>
			<report>
				<misses>3998001</misses>
				<total>48</total>
				<timestamp>1038.441209</timestamp>
			</report>
			<report>
				<misses>3999001</misses>
				<total>48</total>
				<timestamp>1038.700987</timestamp>
			</report>
			<report>
				<misses>4000001</misses>
				<total>48</total>
				<timestamp>1038.960711</timestamp>
			</report>
			<report>
				<misses>4001001</misses>
				<total>48</total>
				<timestamp>1039.220447</timestamp>
			</report>
			<report>
				<misses>4002001</misses>
				<total>48</total>
				<timestamp>1039.480174</timestamp>
			</report>
			<report>
				<misses>4003001</misses>
				<total>48</total>
				<timestamp>1039.739952</timestamp>
			</report>
			<report>
				<misses>4004001</misses>
				<total>48</total>
				<timestamp>1039.999668</timestamp>
			</report>
			<report>
				<misses>4005001</misses>
				<total>48</total>
				<timestamp>1040.259402</timestamp>
			</report>
			<report>
				<misses>4006001</misses>
				<total>48</total>
				<timestamp>1040.519142</timestamp>
			</report>
			<report>
				<misses>4007001</misses>
				<total>48</total>
				<timestamp>1040.778887</timestamp>
			</report>
			<report>
				<misses>4008001</misses>
				<total>48</total>
				<timestamp>1041.038623</timestamp>
			</report>
			<report>
				<misses>4009001</misses>
				<total>48</total>
				<timestamp>1041.298384</timestamp>
			</report>
			<report>
				<misses>4010001</misses>
				<total>48</total>
				<timestamp>1041.558116</timestamp>
			</report>
			<report>
				<misses>4011001</misses>
				<total>48</total>
				<timestamp>1041.817976</timestamp>
			</report>
			<report>
				<misses>4012001</misses>
				<total>48</total>
				<timestamp>1042.077594</timestamp>
			</report>
			<report>
				<misses>4013001</misses>
				<total>48</total>
				<timestamp>1042.337323</timestamp>
			</report>
			<report>
				<misses>4014001</misses>
				<total>48</total>
				<timestamp>1042.597071</timestamp>
			</report>
			<report>
				<misses>4015001</misses>
				<total>48</total>
				<timestamp>1042.856795</timestamp>
			</report>
			<report>
				<misses>4016001</misses>
				<total>48</total>
				<timestamp>1043.116542</timestamp>
			</report>
			<report>
				<misses>4017001</misses>
				<total>48</total>
				<timestamp>1043.376268</timestamp>
			</report>
			<report>
				<misses>4018001</misses>
				<total>48</total>
				<timestamp>1043.636016</timestamp>
			</report>
			<report>
				<misses>4019001</misses>
				<total>48</total>
				<timestamp>1043.895780</timestamp>
			</report>
			<report>
				<misses>4020001</misses>
				<total>48</total>
				<timestamp>1044.155505</timestamp>
			</report>
			<report>
				<misses>4021001</misses>
				<total>48</total>
				<timestamp>1044.415238</timestamp>
			</report>
			<report>
				<misses>4022001</misses>
				<total>48</total>
				<timestamp>1044.674977</timestamp>
			</report>
			<report>
				<misses>4023001</misses>
				<total>48</total>
				<timestamp>1044.934737</timestamp>
			</report>
			<report>
				<misses>4024001</misses>
				<total>48</total>
				<timestamp>1045.194464</timestamp>
			</report>
			<report>
				<misses>4025001</misses>
				<total>48</total>
				<timestamp>1045.454220</timestamp>
			</report>
			<report>
				<misses>4026001</misses>
				<total>48</total>
				<timestamp>1045.713999</timestamp>
			</report>
			<report>
				<misses>4027001</misses>
				<total>48</total>
				<timestamp>1045.973713</timestamp>
			</report>
			<report>
				<misses>4028001</misses>
				<total>48</total>
				<timestamp>1046.233416</timestamp>
			</report>
			<report>
				<misses>4029001</misses>
				<total>48</total>
				<timestamp>1046.493210</timestamp>
			</report>
			<report>
				<misses>4030001</misses>
				<total>48</total>
				<timestamp>1046.752931</timestamp>
			</report>
			<report>
				<misses>4031001</misses>
				<total>48</total>
				<timestamp>1047.012634</timestamp>
			</report>
			<report>
				<misses>4032001</misses>
				<total>48</total>
				<timestamp>1047.272422</timestamp>
			</report>
			<report>
				<misses>4033001</misses>
				<total>48</total>
				<timestamp>1047.532161</timestamp>
			</report>
			<report>
				<misses>4034001</misses>
				<total>48</total>
				<timestamp>1047.791877</timestamp>
			</report>
			<report>
				<misses>4035001</misses>
				<total>48</total>
				<timestamp>1048.051619</timestamp>
			</report>
			<report>
				<misses>4036001</misses>
				<total>48</total>
				<timestamp>1048.311344</timestamp>
			</report>
			<report>
				<misses>4037001</misses>
				<total>48</total>
				<timestamp>1048.571101</timestamp>
			</report>
			<report>
				<misses>4038001</misses>
				<total>48</total>
				<timestamp>1048.830851</timestamp>
			</report>
			<report>
				<misses>4039001</misses>
				<total>48</total>
				<timestamp>1049.090597</timestamp>
			</report>
			<report>
				<misses>4040001</misses>
				<total>48</total>
				<timestamp>1049.350300</timestamp>
			</report>
			<report>
				<misses>4041001</misses>
				<total>48</total>
				<timestamp>1049.610050</timestamp>
			</report>
			<report>
				<misses>4042001</misses>
				<total>48</total>
				<timestamp>1049.869800</timestamp>
			</report>
			<report>
				<misses>4043001</misses>
				<total>48</total>
				<timestamp>1050.129524</timestamp>
			</report>
			<report>
				<misses>4044001</misses>
				<total>48</total>
				<timestamp>1050.389264</timestamp>
			</report>
			<report>
				<misses>4045001</misses>
				<total>48</total>
				<timestamp>1050.649013</timestamp>
			</report>
			<report>
				<misses>4046001</misses>
				<total>48</total>
				<timestamp>1050.908778</timestamp>
			</report>
			<report>
				<misses>4047001</misses>
				<total>48</total>
				<timestamp>1051.168488</timestamp>
			</report>
			<report>
				<misses>4048001</misses>
				<total>48</total>
				<timestamp>1051.428214</timestamp>
			</report>
			<report>
				<misses>4049001</misses>
				<total>48</total>
				<timestamp>1051.688007</timestamp>
			</report>
			<report>
				<misses>4050001</misses>
				<total>48</total>
				<timestamp>1051.947746</timestamp>
			</report>
			<report>
				<misses>4051001</misses>
				<total>48</total>
				<timestamp>1052.207488</timestamp>
			</report>
			<report>
				<misses>4052001</misses>
				<total>48</total>
				<timestamp>1052.467193</timestamp>
			</report>
			<report>
				<misses>4053001</misses>
				<total>48</total>
				<timestamp>1052.726943</timestamp>
			</report>
			<report>
				<misses>4054001</misses>
				<total>48</total>
				<timestamp>1052.986668</timestamp>
			</report>
			<report>
				<misses>4055001</misses>
				<total>48</total>
				<timestamp>1053.246403</timestamp>
			</report>
			<report>
				<misses>4056001</misses>
				<total>48</total>
				<timestamp>1053.506152</timestamp>
			</report>
			<report>
				<misses>4057001</misses>
				<total>48</total>
				<timestamp>1053.765914</timestamp>
			</report>
			<report>
				<misses>4058001</misses>
				<total>48</total>
				<timestamp>1054.025639</timestamp>
			</report>
			<report>
				<misses>4059001</misses>
				<total>48</total>
				<timestamp>1054.285348</timestamp>
			</report>
			<report>
				<misses>4060001</misses>
				<total>48</total>
				<timestamp>1054.545125</timestamp>
			</report>
			<report>
				<misses>4061001</misses>
				<total>48</total>
				<timestamp>1054.804908</timestamp>
			</report>
			<report>
				<misses>4062001</misses>
				<total>48</total>
				<timestamp>1055.064580</timestamp>
			</report>
			<report>
				<misses>4063001</misses>
				<total>48</total>
				<timestamp>1055.324311</timestamp>
			</report>
			<report>
				<misses>4064001</misses>
				<total>48</total>
				<timestamp>1055.584071</timestamp>
			</report>
			<report>
				<misses>4065001</misses>
				<total>48</total>
				<timestamp>1055.843882</timestamp>
			</report>
			<report>
				<misses>4066001</misses>
				<total>48</total>
				<timestamp>1056.103535</timestamp>
			</report>
			<report>
				<misses>4067001</misses>
				<total>48</total>
				<timestamp>1056.363288</timestamp>
			</report>
			<report>
				<misses>4068001</misses>
				<total>48</total>
				<timestamp>1056.623040</timestamp>
			</report>
			<report>
				<misses>4069001</misses>
				<total>48</total>
				<timestamp>1056.882787</timestamp>
			</report>
			<report>
				<misses>4070001</misses>
				<total>48</total>
				<timestamp>1057.142496</timestamp>
			</report>
			<report>
				<misses>4071001</misses>
				<total>48</total>
				<timestamp>1057.402277</timestamp>
			</report>
			<report>
				<misses>4072001</misses>
				<total>48</total>
				<timestamp>1057.661994</timestamp>
			</report>
			<report>
				<misses>4073001</misses>
				<total>48</total>
				<timestamp>1057.921756</timestamp>
			</report>
			<report>
				<misses>4074001</misses>
				<total>48</total>
				<timestamp>1058.181443</timestamp>
			</report>
			<report>
				<misses>4075001</misses>
				<total>48</total>
				<timestamp>1058.441192</timestamp>
			</report>
			<report>
				<misses>4076001</misses>
				<total>48</total>
				<timestamp>1058.700955</timestamp>
			</report>
			<report>
				<misses>4077001</misses>
				<total>48</total>
				<timestamp>1058.960714</timestamp>
			</report>
			<report>
				<misses>4078001</misses>
				<total>48</total>
				<timestamp>1059.220417</timestamp>
			</report>
			<report>
				<misses>4079001</misses>
				<total>48</total>
				<timestamp>1059.480156</timestamp>
			</report>
			<report>
				<misses>4080001</misses>
				<total>48</total>
				<timestamp>1059.739919</timestamp>
			</report>
			<report>
				<misses>4081001</misses>
				<total>48</total>
				<timestamp>1059.999638</timestamp>
			</report>
			<report>
				<misses>4082001</misses>
				<total>48</total>
				<timestamp>1060.259385</timestamp>
			</report>
			<report>
				<misses>4083001</misses>
				<total>48</total>
				<timestamp>1060.519124</timestamp>
			</report>
			<report>
				<misses>4084001</misses>
				<total>48</total>
				<timestamp>1060.778903</timestamp>
			</report>
			<report>
				<misses>4085001</misses>
				<total>48</total>
				<timestamp>1061.038605</timestamp>
			</report>
			<report>
				<misses>4086001</misses>
				<total>48</total>
				<timestamp>1061.298342</timestamp>
			</report>
			<report>
				<misses>4087001</misses>
				<total>48</total>
				<timestamp>1061.558078</timestamp>
			</report>
			<report>
				<misses>4088001</misses>
				<total>48</total>
				<timestamp>1061.817835</timestamp>
			</report>
			<report>
				<misses>4089001</misses>
				<total>48</total>
				<timestamp>1062.077580</timestamp>
			</report>
			<report>
				<misses>4090001</misses>
				<total>48</total>
				<timestamp>1062.337303</timestamp>
			</report>
			<report>
				<misses>4091001</misses>
				<total>48</total>
				<timestamp>1062.597035</timestamp>
			</report>
			<report>
				<misses>4092001</misses>
				<total>48</total>
				<timestamp>1062.856788</timestamp>
			</report>
			<report>
				<misses>4093001</misses>
				<total>48</total>
				<timestamp>1063.116517</timestamp>
			</report>
			<report>
				<misses>4094001</misses>
				<total>48</total>
				<timestamp>1063.376257</timestamp>
			</report>
			<report>
				<misses>4095001</misses>
				<total>48</total>
				<timestamp>1063.636002</timestamp>
			</report>
			<report>
				<misses>4096001</misses>
				<total>48</total>
				<timestamp>1063.895758</timestamp>
			</report>
			<report>
				<misses>4097001</misses>
				<total>48</total>
				<timestamp>1064.155495</timestamp>
			</report>
			<report>
				<misses>4098001</misses>
				<total>48</total>
				<timestamp>1064.415256</timestamp>
			</report>
			<report>
				<misses>4099001</misses>
				<total>48</total>
				<timestamp>1064.674974</timestamp>
			</report>
			<report>
				<misses>4100001</misses>
				<total>48</total>
				<timestamp>1064.934737</timestamp>
			</report>
			<report>
				<misses>4101001</misses>
				<total>48</total>
				<timestamp>1065.194455</timestamp>
			</report>
			<report>
				<misses>4102001</misses>
				<total>48</total>
				<timestamp>1065.454195</timestamp>
			</report>
			<report>
				<misses>4103001</misses>
				<total>48</total>
				<timestamp>1065.713951</timestamp>
			</report>
			<report>
				<misses>4104001</misses>
				<total>48</total>
				<timestamp>1065.973686</timestamp>
			</report>
			<report>
				<misses>4105001</misses>
				<total>48</total>
				<timestamp>1066.233399</timestamp>
			</report>
			<report>
				<misses>4106001</misses>
				<total>48</total>
				<timestamp>1066.493183</timestamp>
			</report>
			<report>
				<misses>4107001</misses>
				<total>48</total>
				<timestamp>1066.752889</timestamp>
			</report>
			<report>
				<misses>4108001</misses>
				<total>48</total>
				<timestamp>1067.012629</timestamp>
			</report>
			<report>
				<misses>4109001</misses>
				<total>48</total>
				<timestamp>1067.272362</timestamp>
			</report>
			<report>
				<misses>4110001</misses>
				<total>48</total>
				<timestamp>1067.532107</timestamp>
			</report>
			<report>
				<misses>4111001</misses>
				<total>48</total>
				<timestamp>1067.791894</timestamp>
			</report>
			<report>
				<misses>4112001</misses>
				<total>48</total>
				<timestamp>1068.051571</timestamp>
			</report>
			<report>
				<misses>4113001</misses>
				<total>48</total>
				<timestamp>1068.311330</timestamp>
			</report>
			<report>
				<misses>4114001</misses>
				<total>48</total>
				<timestamp>1068.571063</timestamp>
			</report>
			<report>
				<misses>4115001</misses>
				<total>48</total>
				<timestamp>1068.830858</timestamp>
			</report>
			<report>
				<misses>4116001</misses>
				<total>48</total>
				<timestamp>1069.090546</timestamp>
			</report>
			<report>
				<misses>4117001</misses>
				<total>48</total>
				<timestamp>1069.350298</timestamp>
			</report>
			<report>
				<misses>4118001</misses>
				<total>48</total>
				<timestamp>1069.610026</timestamp>
			</report>
			<report>
				<misses>4119001</misses>
				<total>48</total>
				<timestamp>1069.869802</timestamp>
			</report>
			<report>
				<misses>4120001</misses>
				<total>48</total>
				<timestamp>1070.129530</timestamp>
			</report>
			<report>
				<misses>4121001</misses>
				<total>48</total>
				<timestamp>1070.389242</timestamp>
			</report>
			<report>
				<misses>4122001</misses>
				<total>48</total>
				<timestamp>1070.648972</timestamp>
			</report>
			<report>
				<misses>4123001</misses>
				<total>48</total>
				<timestamp>1070.908714</timestamp>
			</report>
			<report>
				<misses>4124001</misses>
				<total>48</total>
				<timestamp>1071.168496</timestamp>
			</report>
			<report>
				<misses>4125001</misses>
				<total>48</total>
				<timestamp>1071.428182</timestamp>
			</report>
			<report>
				<misses>4126001</misses>
				<total>48</total>
				<timestamp>1071.687943</timestamp>
			</report>
			<report>
				<misses>4127001</misses>
				<total>48</total>
				<timestamp>1071.947699</timestamp>
			</report>
			<report>
				<misses>4128001</misses>
				<total>48</total>
				<timestamp>1072.207419</timestamp>
			</report>
			<report>
				<misses>4129001</misses>
				<total>48</total>
				<timestamp>1072.467145</timestamp>
			</report>
			<report>
				<misses>4130001</misses>
				<total>48</total>
				<timestamp>1072.726921</timestamp>
			</report>
			<report>
				<misses>4131001</misses>
				<total>48</total>
				<timestamp>1072.986627</timestamp>
			</report>
			<report>
				<misses>4132001</misses>
				<total>48</total>
				<timestamp>1073.246373</timestamp>
			</report>
			<report>
				<misses>4133001</misses>
				<total>48</total>
				<timestamp>1073.506125</timestamp>
			</report>
			<report>
				<misses>4134001</misses>
				<total>48</total>
				<timestamp>1073.765873</timestamp>
			</report>
			<report>
				<misses>4135001</misses>
				<total>48</total>
				<timestamp>1074.025642</timestamp>
			</report>
			<report>
				<misses>4136001</misses>
				<total>48</total>
				<timestamp>1074.285376</timestamp>
			</report>
			<report>
				<misses>4137001</misses>
				<total>48</total>
				<timestamp>1074.545104</timestamp>
			</report>
			<report>
				<misses>4138001</misses>
				<total>48</total>
				<timestamp>1074.804830</timestamp>
			</report>
			<report>
				<misses>4139001</misses>
				<total>48</total>
				<timestamp>1075.064538</timestamp>
			</report>
			<report>
				<misses>4140001</misses>
				<total>48</total>
				<timestamp>1075.324308</timestamp>
			</report>
			<report>
				<misses>4141001</misses>
				<total>48</total>
				<timestamp>1075.584059</timestamp>
			</report>
			<report>
				<misses>4142001</misses>
				<total>48</total>
				<timestamp>1075.843823</timestamp>
			</report>
			<report>
				<misses>4143001</misses>
				<total>48</total>
				<timestamp>1076.103514</timestamp>
			</report>
			<report>
				<misses>4144001</misses>
				<total>48</total>
				<timestamp>1076.363242</timestamp>
			</report>
			<report>
				<misses>4145001</misses>
				<total>48</total>
				<timestamp>1076.622985</timestamp>
			</report>
			<report>
				<misses>4146001</misses>
				<total>48</total>
				<timestamp>1076.882768</timestamp>
			</report>
			<report>
				<misses>4147001</misses>
				<total>48</total>
				<timestamp>1077.142511</timestamp>
			</report>
			<report>
				<misses>4148001</misses>
				<total>48</total>
				<timestamp>1077.402211</timestamp>
			</report>
			<report>
				<misses>4149001</misses>
				<total>48</total>
				<timestamp>1077.661964</timestamp>
			</report>
			<report>
				<misses>4150001</misses>
				<total>48</total>
				<timestamp>1077.921693</timestamp>
			</report>
			<report>
				<misses>4151001</misses>
				<total>48</total>
				<timestamp>1078.181440</timestamp>
			</report>
			<report>
				<misses>4152001</misses>
				<total>48</total>
				<timestamp>1078.441180</timestamp>
			</report>
			<report>
				<misses>4153001</misses>
				<total>48</total>
				<timestamp>1078.700914</timestamp>
			</report>
			<report>
				<misses>4154001</misses>
				<total>48</total>
				<timestamp>1078.960676</timestamp>
			</report>
			<report>
				<misses>4155001</misses>
				<total>48</total>
				<timestamp>1079.220401</timestamp>
			</report>
			<report>
				<misses>4156001</misses>
				<total>48</total>
				<timestamp>1079.480144</timestamp>
			</report>
			<report>
				<misses>4157001</misses>
				<total>48</total>
				<timestamp>1079.739900</timestamp>
			</report>
			<report>
				<misses>4158001</misses>
				<total>48</total>
				<timestamp>1079.999639</timestamp>
			</report>
			<report>
				<misses>4159001</misses>
				<total>48</total>
				<timestamp>1080.259368</timestamp>
			</report>
			<report>
				<misses>4160001</misses>
				<total>48</total>
				<timestamp>1080.519098</timestamp>
			</report>
			<report>
				<misses>4161001</misses>
				<total>48</total>
				<timestamp>1080.778852</timestamp>
			</report>
			<report>
				<misses>4162001</misses>
				<total>48</total>
				<timestamp>1081.038647</timestamp>
			</report>
			<report>
				<misses>4163001</misses>
				<total>48</total>
				<timestamp>1081.298357</timestamp>
			</report>
			<report>
				<misses>4164001</misses>
				<total>48</total>
				<timestamp>1081.558048</timestamp>
			</report>
			<report>
				<misses>4165001</misses>
				<total>48</total>
				<timestamp>1081.817821</timestamp>
			</report>
			<report>
				<misses>4166001</misses>
				<total>48</total>
				<timestamp>1082.077554</timestamp>
			</report>
			<report>
				<misses>4167001</misses>
				<total>48</total>
				<timestamp>1082.337313</timestamp>
			</report>
			<report>
				<misses>4168001</misses>
				<total>48</total>
				<timestamp>1082.597029</timestamp>
			</report>
			<report>
				<misses>4169001</misses>
				<total>48</total>
				<timestamp>1082.856760</timestamp>
			</report>
			<report>
				<misses>4170001</misses>
				<total>48</total>
				<timestamp>1083.116518</timestamp>
			</report>
			<report>
				<misses>4171001</misses>
				<total>48</total>
				<timestamp>1083.376275</timestamp>
			</report>
			<report>
				<misses>4172001</misses>
				<total>48</total>
				<timestamp>1083.635982</timestamp>
			</report>
			<report>
				<misses>4173001</misses>
				<total>48</total>
				<timestamp>1083.895743</timestamp>
			</report>
			<report>
				<misses>4174001</misses>
				<total>48</total>
				<timestamp>1084.155460</timestamp>
			</report>
			<report>
				<misses>4175001</misses>
				<total>48</total>
				<timestamp>1084.415201</timestamp>
			</report>
			<report>
				<misses>4176001</misses>
				<total>48</total>
				<timestamp>1084.674946</timestamp>
			</report>
			<report>
				<misses>4177001</misses>
				<total>48</total>
				<timestamp>1084.934703</timestamp>
			</report>
			<report>
				<misses>4178001</misses>
				<total>48</total>
				<timestamp>1085.194421</timestamp>
			</report>
			<report>
				<misses>4179001</misses>
				<total>48</total>
				<timestamp>1085.454148</timestamp>
			</report>
			<report>
				<misses>4180001</misses>
				<total>48</total>
				<timestamp>1085.713940</timestamp>
			</report>
			<report>
				<misses>4181001</misses>
				<total>48</total>
				<timestamp>1085.973628</timestamp>
			</report>
			<report>
				<misses>4182001</misses>
				<total>48</total>
				<timestamp>1086.233368</timestamp>
			</report>
			<report>
				<misses>4183001</misses>
				<total>48</total>
				<timestamp>1086.493172</timestamp>
			</report>
			<report>
				<misses>4184001</misses>
				<total>48</total>
				<timestamp>1086.752848</timestamp>
			</report>
			<report>
				<misses>4185001</misses>
				<total>48</total>
				<timestamp>1087.012600</timestamp>
			</report>
			<report>
				<misses>4186001</misses>
				<total>48</total>
				<timestamp>1087.272332</timestamp>
			</report>
			<report>
				<misses>4187001</misses>
				<total>48</total>
				<timestamp>1087.532102</timestamp>
			</report>
			<report>
				<misses>4188001</misses>
				<total>48</total>
				<timestamp>1087.791823</timestamp>
			</report>
			<report>
				<misses>4189001</misses>
				<total>48</total>
				<timestamp>1088.051620</timestamp>
			</report>
			<report>
				<misses>4190001</misses>
				<total>48</total>
				<timestamp>1088.311280</timestamp>
			</report>
			<report>
				<misses>4191001</misses>
				<total>48</total>
				<timestamp>1088.571041</timestamp>
			</report>
			<report>
				<misses>4192001</misses>
				<total>48</total>
				<timestamp>1088.830793</timestamp>
			</report>
			<report>
				<misses>4193001</misses>
				<total>48</total>
				<timestamp>1089.090569</timestamp>
			</report>
			<report>
				<misses>4194001</misses>
				<total>48</total>
				<timestamp>1089.350247</timestamp>
			</report>
			<report>
				<misses>4195001</misses>
				<total>48</total>
				<timestamp>1089.609989</timestamp>
			</report>
			<report>
				<misses>4196001</misses>
				<total>48</total>
				<timestamp>1089.869762</timestamp>
			</report>
			<report>
				<misses>4197001</misses>
				<total>48</total>
				<timestamp>1090.129463</timestamp>
			</report>
			<report>
				<misses>4198001</misses>
				<total>48</total>
				<timestamp>1090.389231</timestamp>
			</report>
			<report>
				<misses>4199001</misses>
				<total>48</total>
				<timestamp>1090.648967</timestamp>
			</report>
			<report>
				<misses>4200001</misses>
				<total>48</total>
				<timestamp>1090.908720</timestamp>
			</report>
			<report>
				<misses>4201001</misses>
				<total>48</total>
				<timestamp>1091.168453</timestamp>
			</report>
			<report>
				<misses>4202001</misses>
				<total>48</total>
				<timestamp>1091.428174</timestamp>
			</report>
			<report>
				<misses>4203001</misses>
				<total>48</total>
				<timestamp>1091.687937</timestamp>
			</report>
			<report>
				<misses>4204001</misses>
				<total>48</total>
				<timestamp>1091.947681</timestamp>
			</report>
			<report>
				<misses>4205001</misses>
				<total>48</total>
				<timestamp>1092.207403</timestamp>
			</report>
			<report>
				<misses>4206001</misses>
				<total>48</total>
				<timestamp>1092.467147</timestamp>
			</report>
			<report>
				<misses>4207001</misses>
				<total>48</total>
				<timestamp>1092.726868</timestamp>
			</report>
			<report>
				<misses>4208001</misses>
				<total>48</total>
				<timestamp>1092.986642</timestamp>
			</report>
			<report>
				<misses>4209001</misses>
				<total>48</total>
				<timestamp>1093.246402</timestamp>
			</report>
			<report>
				<misses>4210001</misses>
				<total>48</total>
				<timestamp>1093.506103</timestamp>
			</report>
			<report>
				<misses>4211001</misses>
				<total>48</total>
				<timestamp>1093.765826</timestamp>
			</report>
			<report>
				<misses>4212001</misses>
				<total>48</total>
				<timestamp>1094.025612</timestamp>
			</report>
			<report>
				<misses>4213001</misses>
				<total>48</total>
				<timestamp>1094.285314</timestamp>
			</report>
			<report>
				<misses>4214001</misses>
				<total>48</total>
				<timestamp>1094.545055</timestamp>
			</report>
			<report>
				<misses>4215001</misses>
				<total>48</total>
				<timestamp>1094.804786</timestamp>
			</report>
			<report>
				<misses>4216001</misses>
				<total>48</total>
				<timestamp>1095.064579</timestamp>
			</report>
			<report>
				<misses>4217001</misses>
				<total>48</total>
				<timestamp>1095.324274</timestamp>
			</report>
			<report>
				<misses>4218001</misses>
				<total>48</total>
				<timestamp>1095.584000</timestamp>
			</report>
			<report>
				<misses>4219001</misses>
				<total>48</total>
				<timestamp>1095.843746</timestamp>
			</report>
			<report>
				<misses>4220001</misses>
				<total>48</total>
				<timestamp>1096.103515</timestamp>
			</report>
			<report>
				<misses>4221001</misses>
				<total>48</total>
				<timestamp>1096.363240</timestamp>
			</report>
			<report>
				<misses>4222001</misses>
				<total>48</total>
				<timestamp>1096.622967</timestamp>
			</report>
			<report>
				<misses>4223001</misses>
				<total>48</total>
				<timestamp>1096.882729</timestamp>
			</report>
			<report>
				<misses>4224001</misses>
				<total>48</total>
				<timestamp>1097.142525</timestamp>
			</report>
			<report>
				<misses>4225001</misses>
				<total>48</total>
				<timestamp>1097.402216</timestamp>
			</report>
			<report>
				<misses>4226001</misses>
				<total>48</total>
				<timestamp>1097.661930</timestamp>
			</report>
			<report>
				<misses>4227001</misses>
				<total>48</total>
				<timestamp>1097.921684</timestamp>
			</report>
			<report>
				<misses>4228001</misses>
				<total>48</total>
				<timestamp>1098.181462</timestamp>
			</report>
			<report>
				<misses>4229001</misses>
				<total>48</total>
				<timestamp>1098.441167</timestamp>
			</report>
			<report>
				<misses>4230001</misses>
				<total>48</total>
				<timestamp>1098.700894</timestamp>
			</report>
			<report>
				<misses>4231001</misses>
				<total>48</total>
				<timestamp>1098.960669</timestamp>
			</report>
			<report>
				<misses>4232001</misses>
				<total>48</total>
				<timestamp>1099.220370</timestamp>
			</report>
			<report>
				<misses>4233001</misses>
				<total>48</total>
				<timestamp>1099.480151</timestamp>
			</report>
			<report>
				<misses>4234001</misses>
				<total>48</total>
				<timestamp>1099.739903</timestamp>
			</report>
			<report>
				<misses>4235001</misses>
				<total>48</total>
				<timestamp>1099.999632</timestamp>
			</report>
			<report>
				<misses>4236001</misses>
				<total>48</total>
				<timestamp>1100.259336</timestamp>
			</report>
			<report>
				<misses>4237001</misses>
				<total>48</total>
				<timestamp>1100.519074</timestamp>
			</report>
			<report>
				<misses>4238001</misses>
				<total>48</total>
				<timestamp>1100.778825</timestamp>
			</report>
			<report>
				<misses>4239001</misses>
				<total>48</total>
				<timestamp>1101.038556</timestamp>
			</report>
			<report>
				<misses>4240001</misses>
				<total>48</total>
				<timestamp>1101.298294</timestamp>
			</report>
			<report>
				<misses>4241001</misses>
				<total>48</total>
				<timestamp>1101.558058</timestamp>
			</report>
			<report>
				<misses>4242001</misses>
				<total>48</total>
				<timestamp>1101.817773</timestamp>
			</report>
			<report>
				<misses>4243001</misses>
				<total>48</total>
				<timestamp>1102.077550</timestamp>
			</report>
			<report>
				<misses>4244001</misses>
				<total>48</total>
				<timestamp>1102.337259</timestamp>
			</report>
			<report>
				<misses>4245001</misses>
				<total>48</total>
				<timestamp>1102.596991</timestamp>
			</report>
			<report>
				<misses>4246001</misses>
				<total>48</total>
				<timestamp>1102.856754</timestamp>
			</report>
			<report>
				<misses>4247001</misses>
				<total>48</total>
				<timestamp>1103.116502</timestamp>
			</report>
			<report>
				<misses>4248001</misses>
				<total>48</total>
				<timestamp>1103.376224</timestamp>
			</report>
			<report>
				<misses>4249001</misses>
				<total>48</total>
				<timestamp>1103.635965</timestamp>
			</report>
			<report>
				<misses>4250001</misses>
				<total>48</total>
				<timestamp>1103.895714</timestamp>
			</report>
			<report>
				<misses>4251001</misses>
				<total>48</total>
				<timestamp>1104.155499</timestamp>
			</report>
			<report>
				<misses>4252001</misses>
				<total>48</total>
				<timestamp>1104.415212</timestamp>
			</report>
			<report>
				<misses>4253001</misses>
				<total>48</total>
				<timestamp>1104.674935</timestamp>
			</report>
			<report>
				<misses>4254001</misses>
				<total>48</total>
				<timestamp>1104.934697</timestamp>
			</report>
			<report>
				<misses>4255001</misses>
				<total>48</total>
				<timestamp>1105.194453</timestamp>
			</report>
			<report>
				<misses>4256001</misses>
				<total>48</total>
				<timestamp>1105.454144</timestamp>
			</report>
			<report>
				<misses>4257001</misses>
				<total>48</total>
				<timestamp>1105.713879</timestamp>
			</report>
			<report>
				<misses>4258001</misses>
				<total>48</total>
				<timestamp>1105.973649</timestamp>
			</report>
			<report>
				<misses>4259001</misses>
				<total>48</total>
				<timestamp>1106.233395</timestamp>
			</report>
			<report>
				<misses>4260001</misses>
				<total>48</total>
				<timestamp>1106.493130</timestamp>
			</report>
			<report>
				<misses>4261001</misses>
				<total>48</total>
				<timestamp>1106.752826</timestamp>
			</report>
			<report>
				<misses>4262001</misses>
				<total>48</total>
				<timestamp>1107.012634</timestamp>
			</report>
			<report>
				<misses>4263001</misses>
				<total>48</total>
				<timestamp>1107.272308</timestamp>
			</report>
			<report>
				<misses>4264001</misses>
				<total>48</total>
				<timestamp>1107.532055</timestamp>
			</report>
			<report>
				<misses>4265001</misses>
				<total>48</total>
				<timestamp>1107.791812</timestamp>
			</report>
			<report>
				<misses>4266001</misses>
				<total>48</total>
				<timestamp>1108.051564</timestamp>
			</report>
			<report>
				<misses>4267001</misses>
				<total>48</total>
				<timestamp>1108.311283</timestamp>
			</report>
			<report>
				<misses>4268001</misses>
				<total>48</total>
				<timestamp>1108.571008</timestamp>
			</report>
			<report>
				<misses>4269001</misses>
				<total>48</total>
				<timestamp>1108.830747</timestamp>
			</report>
			<report>
				<misses>4270001</misses>
				<total>48</total>
				<timestamp>1109.090505</timestamp>
			</report>
			<report>
				<misses>4271001</misses>
				<total>48</total>
				<timestamp>1109.350267</timestamp>
			</report>
			<report>
				<misses>4272001</misses>
				<total>48</total>
				<timestamp>1109.609975</timestamp>
			</report>
			<report>
				<misses>4273001</misses>
				<total>48</total>
				<timestamp>1109.869729</timestamp>
			</report>
			<report>
				<misses>4274001</misses>
				<total>48</total>
				<timestamp>1110.129456</timestamp>
			</report>
			<report>
				<misses>4275001</misses>
				<total>48</total>
				<timestamp>1110.389219</timestamp>
			</report>
			<report>
				<misses>4276001</misses>
				<total>48</total>
				<timestamp>1110.648932</timestamp>
			</report>
			<report>
				<misses>4277001</misses>
				<total>48</total>
				<timestamp>1110.908705</timestamp>
			</report>
			<report>
				<misses>4278001</misses>
				<total>48</total>
				<timestamp>1111.168438</timestamp>
			</report>
			<report>
				<misses>4279001</misses>
				<total>48</total>
				<timestamp>1111.428209</timestamp>
			</report>
			<report>
				<misses>4280001</misses>
				<total>48</total>
				<timestamp>1111.687900</timestamp>
			</report>
			<report>
				<misses>4281001</misses>
				<total>48</total>
				<timestamp>1111.947669</timestamp>
			</report>
			<report>
				<misses>4282001</misses>
				<total>48</total>
				<timestamp>1112.207407</timestamp>
			</report>
			<report>
				<misses>4283001</misses>
				<total>48</total>
				<timestamp>1112.467128</timestamp>
			</report>
			<report>
				<misses>4284001</misses>
				<total>48</total>
				<timestamp>1112.726859</timestamp>
			</report>
			<report>
				<misses>4285001</misses>
				<total>48</total>
				<timestamp>1112.986608</timestamp>
			</report>
			<report>
				<misses>4286001</misses>
				<total>48</total>
				<timestamp>1113.246352</timestamp>
			</report>
			<report>
				<misses>4287001</misses>
				<total>48</total>
				<timestamp>1113.506083</timestamp>
			</report>
			<report>
				<misses>4288001</misses>
				<total>48</total>
				<timestamp>1113.765801</timestamp>
			</report>
			<report>
				<misses>4289001</misses>
				<total>48</total>
				<timestamp>1114.025557</timestamp>
			</report>
			<report>
				<misses>4290001</misses>
				<total>48</total>
				<timestamp>1114.285285</timestamp>
			</report>
			<report>
				<misses>4291001</misses>
				<total>48</total>
				<timestamp>1114.545041</timestamp>
			</report>
			<report>
				<misses>4292001</misses>
				<total>48</total>
				<timestamp>1114.804802</timestamp>
			</report>
			<report>
				<misses>4293001</misses>
				<total>48</total>
				<timestamp>1115.064530</timestamp>
			</report>
			<report>
				<misses>4294001</misses>
				<total>48</total>
				<timestamp>1115.324266</timestamp>
			</report>
			<report>
				<misses>4295001</misses>
				<total>48</total>
				<timestamp>1115.583999</timestamp>
			</report>
			<report>
				<misses>4296001</misses>
				<total>48</total>
				<timestamp>1115.843738</timestamp>
			</report>
			<report>
				<misses>4297001</misses>
				<total>48</total>
				<timestamp>1116.103476</timestamp>
			</report>
			<report>
				<misses>4298001</misses>
				<total>48</total>
				<timestamp>1116.363230</timestamp>
			</report>
			<report>
				<misses>4299001</misses>
				<total>48</total>
				<timestamp>1116.622962</timestamp>
			</report>
			<report>
				<misses>4300001</misses>
				<total>48</total>
				<timestamp>1116.882700</timestamp>
			</report>
			<report>
				<misses>4301001</misses>
				<total>48</total>
				<timestamp>1117.142436</timestamp>
			</report>
			<report>
				<misses>4302001</misses>
				<total>48</total>
				<timestamp>1117.402232</timestamp>
			</report>
			<report>
				<misses>4303001</misses>
				<total>48</total>
				<timestamp>1117.661913</timestamp>
			</report>
			<report>
				<misses>4304001</misses>
				<total>48</total>
				<timestamp>1117.921662</timestamp>
			</report>
			<report>
				<misses>4305001</misses>
				<total>48</total>
				<timestamp>1118.181401</timestamp>
			</report>
			<report>
				<misses>4306001</misses>
				<total>48</total>
				<timestamp>1118.441184</timestamp>
			</report>
			<report>
				<misses>4307001</misses>
				<total>48</total>
				<timestamp>1118.700885</timestamp>
			</report>
			<report>
				<misses>4308001</misses>
				<total>48</total>
				<timestamp>1118.960624</timestamp>
			</report>
			<report>
				<misses>4309001</misses>
				<total>48</total>
				<timestamp>1119.220396</timestamp>
			</report>
			<report>
				<misses>4310001</misses>
				<total>48</total>
				<timestamp>1119.480137</timestamp>
			</report>
			<report>
				<misses>4311001</misses>
				<total>48</total>
				<timestamp>1119.739839</timestamp>
			</report>
			<report>
				<misses>4312001</misses>
				<total>48</total>
				<timestamp>1119.999605</timestamp>
			</report>
			<report>
				<misses>4313001</misses>
				<total>48</total>
				<timestamp>1120.259387</timestamp>
			</report>
			<report>
				<misses>4314001</misses>
				<total>48</total>
				<timestamp>1120.519072</timestamp>
			</report>
			<report>
				<misses>4315001</misses>
				<total>48</total>
				<timestamp>1120.778802</timestamp>
			</report>
			<report>
				<misses>4316001</misses>
				<total>48</total>
				<timestamp>1121.038584</timestamp>
			</report>
			<report>
				<misses>4317001</misses>
				<total>48</total>
				<timestamp>1121.298294</timestamp>
			</report>
			<report>
				<misses>4318001</misses>
				<total>48</total>
				<timestamp>1121.558046</timestamp>
			</report>
			<report>
				<misses>4319001</misses>
				<total>48</total>
				<timestamp>1121.817769</timestamp>
			</report>
			<report>
				<misses>4320001</misses>
				<total>48</total>
				<timestamp>1122.077492</timestamp>
			</report>
			<report>
				<misses>4321001</misses>
				<total>48</total>
				<timestamp>1122.337268</timestamp>
			</report>
			<report>
				<misses>4322001</misses>
				<total>48</total>
				<timestamp>1122.596974</timestamp>
			</report>
			<report>
				<misses>4323001</misses>
				<total>48</total>
				<timestamp>1122.856730</timestamp>
			</report>
			<report>
				<misses>4324001</misses>
				<total>48</total>
				<timestamp>1123.116459</timestamp>
			</report>
			<report>
				<misses>4325001</misses>
				<total>48</total>
				<timestamp>1123.376192</timestamp>
			</report>
			<report>
				<misses>4326001</misses>
				<total>48</total>
				<timestamp>1123.635942</timestamp>
			</report>
			<report>
				<misses>4327001</misses>
				<total>48</total>
				<timestamp>1123.895718</timestamp>
			</report>
			<report>
				<misses>4328001</misses>
				<total>48</total>
				<timestamp>1124.155452</timestamp>
			</report>
			<report>
				<misses>4329001</misses>
				<total>48</total>
				<timestamp>1124.415189</timestamp>
			</report>
			<report>
				<misses>4330001</misses>
				<total>48</total>
				<timestamp>1124.674886</timestamp>
			</report>
			<report>
				<misses>4331001</misses>
				<total>48</total>
				<timestamp>1124.934641</timestamp>
			</report>
			<report>
				<misses>4332001</misses>
				<total>48</total>
				<timestamp>1125.194387</timestamp>
			</report>
			<report>
				<misses>4333001</misses>
				<total>48</total>
				<timestamp>1125.454166</timestamp>
			</report>
			<report>
				<misses>4334001</misses>
				<total>48</total>
				<timestamp>1125.713847</timestamp>
			</report>
			<report>
				<misses>4335001</misses>
				<total>48</total>
				<timestamp>1125.973600</timestamp>
			</report>
			<report>
				<misses>4336001</misses>
				<total>48</total>
				<timestamp>1126.233348</timestamp>
			</report>
			<report>
				<misses>4337001</misses>
				<total>48</total>
				<timestamp>1126.493095</timestamp>
			</report>
			<report>
				<misses>4338001</misses>
				<total>48</total>
				<timestamp>1126.752861</timestamp>
			</report>
			<report>
				<misses>4339001</misses>
				<total>48</total>
				<timestamp>1127.012577</timestamp>
			</report>
			<report>
				<misses>4340001</misses>
				<total>48</total>
				<timestamp>1127.272337</timestamp>
			</report>
			<report>
				<misses>4341001</misses>
				<total>48</total>
				<timestamp>1127.532057</timestamp>
			</report>
			<report>
				<misses>4342001</misses>
				<total>48</total>
				<timestamp>1127.791768</timestamp>
			</report>
			<report>
				<misses>4343001</misses>
				<total>48</total>
				<timestamp>1128.051542</timestamp>
			</report>
			<report>
				<misses>4344001</misses>
				<total>48</total>
				<timestamp>1128.311295</timestamp>
			</report>
			<report>
				<misses>4345001</misses>
				<total>48</total>
				<timestamp>1128.571009</timestamp>
			</report>
			<report>
				<misses>4346001</misses>
				<total>48</total>
				<timestamp>1128.830749</timestamp>
			</report>
			<report>
				<misses>4347001</misses>
				<total>48</total>
				<timestamp>1129.090493</timestamp>
			</report>
			<report>
				<misses>4348001</misses>
				<total>48</total>
				<timestamp>1129.350290</timestamp>
			</report>
			<report>
				<misses>4349001</misses>
				<total>48</total>
				<timestamp>1129.609972</timestamp>
			</report>
			<report>
				<misses>4350001</misses>
				<total>48</total>
				<timestamp>1129.869740</timestamp>
			</report>
			<report>
				<misses>4351001</misses>
				<total>48</total>
				<timestamp>1130.129476</timestamp>
			</report>
			<report>
				<misses>4352001</misses>
				<total>48</total>
				<timestamp>1130.389188</timestamp>
			</report>
			<report>
				<misses>4353001</misses>
				<total>48</total>
				<timestamp>1130.648928</timestamp>
			</report>
			<report>
				<misses>4354001</misses>
				<total>48</total>
				<timestamp>1130.908660</timestamp>
			</report>
			<report>
				<misses>4355001</misses>
				<total>48</total>
				<timestamp>1131.168419</timestamp>
			</report>
			<report>
				<misses>4356001</misses>
				<total>48</total>
				<timestamp>1131.428150</timestamp>
			</report>
			<report>
				<misses>4357001</misses>
				<total>48</total>
				<timestamp>1131.687898</timestamp>
			</report>
			<report>
				<misses>4358001</misses>
				<total>48</total>
				<timestamp>1131.947626</timestamp>
			</report>
			<report>
				<misses>4359001</misses>
				<total>48</total>
				<timestamp>1132.207373</timestamp>
			</report>
			<report>
				<misses>4360001</misses>
				<total>48</total>
				<timestamp>1132.467171</timestamp>
			</report>
			<report>
				<misses>4361001</misses>
				<total>48</total>
				<timestamp>1132.726876</timestamp>
			</report>
			<report>
				<misses>4362001</misses>
				<total>48</total>
				<timestamp>1132.986569</timestamp>
			</report>
			<report>
				<misses>4363001</misses>
				<total>48</total>
				<timestamp>1133.246362</timestamp>
			</report>
			<report>
				<misses>4364001</misses>
				<total>48</total>
				<timestamp>1133.506107</timestamp>
			</report>
			<report>
				<misses>4365001</misses>
				<total>48</total>
				<timestamp>1133.765811</timestamp>
			</report>
			<report>
				<misses>4366001</misses>
				<total>48</total>
				<timestamp>1134.025533</timestamp>
			</report>
			<report>
				<misses>4367001</misses>
				<total>48</total>
				<timestamp>1134.285337</timestamp>
			</report>
			<report>
				<misses>4368001</misses>
				<total>48</total>
				<timestamp>1134.545052</timestamp>
			</report>
			<report>
				<misses>4369001</misses>
				<total>48</total>
				<timestamp>1134.804761</timestamp>
			</report>
			<report>
				<misses>4370001</misses>
				<total>48</total>
				<timestamp>1135.064548</timestamp>
			</report>
			<report>
				<misses>4371001</misses>
				<total>48</total>
				<timestamp>1135.324276</timestamp>
			</report>
			<report>
				<misses>4372001</misses>
				<total>48</total>
				<timestamp>1135.583975</timestamp>
			</report>
			<report>
				<misses>4373001</misses>
				<total>48</total>
				<timestamp>1135.843716</timestamp>
			</report>
			<report>
				<misses>4374001</misses>
				<total>48</total>
				<timestamp>1136.103492</timestamp>
			</report>
			<report>
				<misses>4375001</misses>
				<total>48</total>
				<timestamp>1136.363271</timestamp>
			</report>
			<report>
				<misses>4376001</misses>
				<total>48</total>
				<timestamp>1136.622933</timestamp>
			</report>
			<report>
				<misses>4377001</misses>
				<total>48</total>
				<timestamp>1136.882699</timestamp>
			</report>
			<report>
				<misses>4378001</misses>
				<total>48</total>
				<timestamp>1137.142441</timestamp>
			</report>
			<report>
				<misses>4379001</misses>
				<total>48</total>
				<timestamp>1137.402191</timestamp>
			</report>
			<report>
				<misses>4380001</misses>
				<total>48</total>
				<timestamp>1137.661901</timestamp>
			</report>
			<report>
				<misses>4381001</misses>
				<total>48</total>
				<timestamp>1137.921651</timestamp>
			</report>
			<report>
				<misses>4382001</misses>
				<total>48</total>
				<timestamp>1138.181409</timestamp>
			</report>
			<report>
				<misses>4383001</misses>
				<total>48</total>
				<timestamp>1138.441160</timestamp>
			</report>
			<report>
				<misses>4384001</misses>
				<total>48</total>
				<timestamp>1138.700873</timestamp>
			</report>
			<report>
				<misses>4385001</misses>
				<total>48</total>
				<timestamp>1138.960607</timestamp>
			</report>
			<report>
				<misses>4386001</misses>
				<total>48</total>
				<timestamp>1139.220360</timestamp>
			</report>
			<report>
				<misses>4387001</misses>
				<total>48</total>
				<timestamp>1139.480123</timestamp>
			</report>
			<report>
				<misses>4388001</misses>
				<total>48</total>
				<timestamp>1139.739835</timestamp>
			</report>
			<report>
				<misses>4389001</misses>
				<total>48</total>
				<timestamp>1139.999568</timestamp>
			</report>
			<report>
				<misses>4390001</misses>
				<total>48</total>
				<timestamp>1140.259306</timestamp>
			</report>
			<report>
				<misses>4391001</misses>
				<total>48</total>
				<timestamp>1140.519038</timestamp>
			</report>
			<report>
				<misses>4392001</misses>
				<total>48</total>
				<timestamp>1140.778777</timestamp>
			</report>
			<report>
				<misses>4393001</misses>
				<total>48</total>
				<timestamp>1141.038526</timestamp>
			</report>
			<report>
				<misses>4394001</misses>
				<total>48</total>
				<timestamp>1141.298299</timestamp>
			</report>
			<report>
				<misses>4395001</misses>
				<total>48</total>
				<timestamp>1141.558005</timestamp>
			</report>
			<report>
				<misses>4396001</misses>
				<total>48</total>
				<timestamp>1141.817777</timestamp>
			</report>
			<report>
				<misses>4397001</misses>
				<total>48</total>
				<timestamp>1142.077484</timestamp>
			</report>
			<report>
				<misses>4398001</misses>
				<total>48</total>
				<timestamp>1142.337287</timestamp>
			</report>
			<report>
				<misses>4399001</misses>
				<total>48</total>
				<timestamp>1142.596961</timestamp>
			</report>
			<report>
				<misses>4400001</misses>
				<total>48</total>
				<timestamp>1142.856717</timestamp>
			</report>
			<report>
				<misses>4401001</misses>
				<total>48</total>
				<timestamp>1143.116445</timestamp>
			</report>
			<report>
				<misses>4402001</misses>
				<total>48</total>
				<timestamp>1143.376207</timestamp>
			</report>
			<report>
				<misses>4403001</misses>
				<total>48</total>
				<timestamp>1143.635929</timestamp>
			</report>
			<report>
				<misses>4404001</misses>
				<total>48</total>
				<timestamp>1143.895664</timestamp>
			</report>
			<report>
				<misses>4405001</misses>
				<total>48</total>
				<timestamp>1144.155421</timestamp>
			</report>
			<report>
				<misses>4406001</misses>
				<total>48</total>
				<timestamp>1144.415203</timestamp>
			</report>
			<report>
				<misses>4407001</misses>
				<total>48</total>
				<timestamp>1144.674883</timestamp>
			</report>
			<report>
				<misses>4408001</misses>
				<total>48</total>
				<timestamp>1144.934625</timestamp>
			</report>
			<report>
				<misses>4409001</misses>
				<total>48</total>
				<timestamp>1145.194387</timestamp>
			</report>
			<report>
				<misses>4410001</misses>
				<total>48</total>
				<timestamp>1145.454140</timestamp>
			</report>
			<report>
				<misses>4411001</misses>
				<total>48</total>
				<timestamp>1145.713845</timestamp>
			</report>
			<report>
				<misses>4412001</misses>
				<total>48</total>
				<timestamp>1145.973578</timestamp>
			</report>
			<report>
				<misses>4413001</misses>
				<total>48</total>
				<timestamp>1146.233347</timestamp>
			</report>
			<report>
				<misses>4414001</misses>
				<total>48</total>
				<timestamp>1146.493098</timestamp>
			</report>
			<report>
				<misses>4415001</misses>
				<total>48</total>
				<timestamp>1146.752807</timestamp>
			</report>
			<report>
				<misses>4416001</misses>
				<total>48</total>
				<timestamp>1147.012545</timestamp>
			</report>
			<report>
				<misses>4417001</misses>
				<total>48</total>
				<timestamp>1147.272294</timestamp>
			</report>
			<report>
				<misses>4418001</misses>
				<total>48</total>
				<timestamp>1147.532052</timestamp>
			</report>
			<report>
				<misses>4419001</misses>
				<total>48</total>
				<timestamp>1147.791777</timestamp>
			</report>
			<report>
				<misses>4420001</misses>
				<total>48</total>
				<timestamp>1148.051512</timestamp>
			</report>
			<report>
				<misses>4421001</misses>
				<total>48</total>
				<timestamp>1148.311291</timestamp>
			</report>
			<report>
				<misses>4422001</misses>
				<total>48</total>
				<timestamp>1148.570971</timestamp>
			</report>
			<report>
				<misses>4423001</misses>
				<total>48</total>
				<timestamp>1148.830718</timestamp>
			</report>
			<report>
				<misses>4424001</misses>
				<total>48</total>
				<timestamp>1149.090500</timestamp>
			</report>
			<report>
				<misses>4425001</misses>
				<total>48</total>
				<timestamp>1149.350210</timestamp>
			</report>
			<report>
				<misses>4426001</misses>
				<total>48</total>
				<timestamp>1149.609927</timestamp>
			</report>
			<report>
				<misses>4427001</misses>
				<total>48</total>
				<timestamp>1149.869692</timestamp>
			</report>
			<report>
				<misses>4428001</misses>
				<total>48</total>
				<timestamp>1150.129424</timestamp>
			</report>
			<report>
				<misses>4429001</misses>
				<total>48</total>
				<timestamp>1150.389164</timestamp>
			</report>
			<report>
				<misses>4430001</misses>
				<total>48</total>
				<timestamp>1150.648888</timestamp>
			</report>
			<report>
				<misses>4431001</misses>
				<total>48</total>
				<timestamp>1150.908638</timestamp>
			</report>
			<report>
				<misses>4432001</misses>
				<total>48</total>
				<timestamp>1151.168375</timestamp>
			</report>
			<report>
				<misses>4433001</misses>
				<total>48</total>
				<timestamp>1151.428187</timestamp>
			</report>
			<report>
				<misses>4434001</misses>
				<total>48</total>
				<timestamp>1151.687861</timestamp>
			</report>
			<report>
				<misses>4435001</misses>
				<total>48</total>
				<timestamp>1151.947688</timestamp>
			</report>
			<report>
				<misses>4436001</misses>
				<total>48</total>
				<timestamp>1152.207381</timestamp>
			</report>
			<report>
				<misses>4437001</misses>
				<total>48</total>
				<timestamp>1152.467086</timestamp>
			</report>
			<report>
				<misses>4438001</misses>
				<total>48</total>
				<timestamp>1152.726811</timestamp>
			</report>
			<report>
				<misses>4439001</misses>
				<total>48</total>
				<timestamp>1152.986555</timestamp>
			</report>
			<report>
				<misses>4440001</misses>
				<total>48</total>
				<timestamp>1153.246318</timestamp>
			</report>
			<report>
				<misses>4441001</misses>
				<total>48</total>
				<timestamp>1153.506066</timestamp>
			</report>
			<report>
				<misses>4442001</misses>
				<total>48</total>
				<timestamp>1153.765770</timestamp>
			</report>
			<report>
				<misses>4443001</misses>
				<total>48</total>
				<timestamp>1154.025505</timestamp>
			</report>
			<report>
				<misses>4444001</misses>
				<total>48</total>
				<timestamp>1154.285299</timestamp>
			</report>
			<report>
				<misses>4445001</misses>
				<total>48</total>
				<timestamp>1154.545061</timestamp>
			</report>
			<report>
				<misses>4446001</misses>
				<total>48</total>
				<timestamp>1154.804758</timestamp>
			</report>
			<report>
				<misses>4447001</misses>
				<total>48</total>
				<timestamp>1155.064481</timestamp>
			</report>
			<report>
				<misses>4448001</misses>
				<total>48</total>
				<timestamp>1155.324230</timestamp>
			</report>
			<report>
				<misses>4449001</misses>
				<total>48</total>
				<timestamp>1155.583993</timestamp>
			</report>
			<report>
				<misses>4450001</misses>
				<total>48</total>
				<timestamp>1155.843704</timestamp>
			</report>
			<report>
				<misses>4451001</misses>
				<total>48</total>
				<timestamp>1156.103438</timestamp>
			</report>
			<report>
				<misses>4452001</misses>
				<total>48</total>
				<timestamp>1156.363200</timestamp>
			</report>
			<report>
				<misses>4453001</misses>
				<total>48</total>
				<timestamp>1156.622928</timestamp>
			</report>
			<report>
				<misses>4454001</misses>
				<total>48</total>
				<timestamp>1156.882667</timestamp>
			</report>
			<report>
				<misses>4455001</misses>
				<total>48</total>
				<timestamp>1157.142410</timestamp>
			</report>
			<report>
				<misses>4456001</misses>
				<total>48</total>
				<timestamp>1157.402195</timestamp>
			</report>
			<report>
				<misses>4457001</misses>
				<total>48</total>
				<timestamp>1157.661888</timestamp>
			</report>
			<report>
				<misses>4458001</misses>
				<total>48</total>
				<timestamp>1157.921623</timestamp>
			</report>
			<report>
				<misses>4459001</misses>
				<total>48</total>
				<timestamp>1158.181390</timestamp>
			</report>
			<report>
				<misses>4460001</misses>
				<total>48</total>
				<timestamp>1158.441143</timestamp>
			</report>
			<report>
				<misses>4461001</misses>
				<total>48</total>
				<timestamp>1158.700842</timestamp>
			</report>
			<report>
				<misses>4462001</misses>
				<total>48</total>
				<timestamp>1158.960591</timestamp>
			</report>
			<report>
				<misses>4463001</misses>
				<total>48</total>
				<timestamp>1159.220323</timestamp>
			</report>
			<report>
				<misses>4464001</misses>
				<total>48</total>
				<timestamp>1159.480150</timestamp>
			</report>
			<report>
				<misses>4465001</misses>
				<total>48</total>
				<timestamp>1159.739803</timestamp>
			</report>
			<report>
				<misses>4466001</misses>
				<total>48</total>
				<timestamp>1159.999557</timestamp>
			</report>
			<report>
				<misses>4467001</misses>
				<total>48</total>
				<timestamp>1160.259284</timestamp>
			</report>
			<report>
				<misses>4468001</misses>
				<total>48</total>
				<timestamp>1160.519021</timestamp>
			</report>
			<report>
				<misses>4469001</misses>
				<total>48</total>
				<timestamp>1160.778756</timestamp>
			</report>
			<report>
				<misses>4470001</misses>
				<total>48</total>
				<timestamp>1161.038530</timestamp>
			</report>
			<report>
				<misses>4471001</misses>
				<total>48</total>
				<timestamp>1161.298320</timestamp>
			</report>
			<report>
				<misses>4472001</misses>
				<total>48</total>
				<timestamp>1161.557998</timestamp>
			</report>
			<report>
				<misses>4473001</misses>
				<total>48</total>
				<timestamp>1161.817717</timestamp>
			</report>
			<report>
				<misses>4474001</misses>
				<total>48</total>
				<timestamp>1162.077478</timestamp>
			</report>
			<report>
				<misses>4475001</misses>
				<total>48</total>
				<timestamp>1162.337255</timestamp>
			</report>
			<report>
				<misses>4476001</misses>
				<total>48</total>
				<timestamp>1162.596978</timestamp>
			</report>
			<report>
				<misses>4477001</misses>
				<total>48</total>
				<timestamp>1162.856678</timestamp>
			</report>
			<report>
				<misses>4478001</misses>
				<total>48</total>
				<timestamp>1163.116421</timestamp>
			</report>
			<report>
				<misses>4479001</misses>
				<total>48</total>
				<timestamp>1163.376180</timestamp>
			</report>
			<report>
				<misses>4480001</misses>
				<total>48</total>
				<timestamp>1163.635945</timestamp>
			</report>
			<report>
				<misses>4481001</misses>
				<total>48</total>
				<timestamp>1163.895638</timestamp>
			</report>
			<report>
				<misses>4482001</misses>
				<total>48</total>
				<timestamp>1164.155391</timestamp>
			</report>
			<report>
				<misses>4483001</misses>
				<total>48</total>
				<timestamp>1164.415164</timestamp>
			</report>
			<report>
				<misses>4484001</misses>
				<total>48</total>
				<timestamp>1164.674908</timestamp>
			</report>
			<report>
				<misses>4485001</misses>
				<total>48</total>
				<timestamp>1164.934610</timestamp>
			</report>
			<report>
				<misses>4486001</misses>
				<total>48</total>
				<timestamp>1165.194389</timestamp>
			</report>
			<report>
				<misses>4487001</misses>
				<total>48</total>
				<timestamp>1165.454132</timestamp>
			</report>
			<report>
				<misses>4488001</misses>
				<total>48</total>
				<timestamp>1165.713834</timestamp>
			</report>
			<report>
				<misses>4489001</misses>
				<total>48</total>
				<timestamp>1165.973590</timestamp>
			</report>
			<report>
				<misses>4490001</misses>
				<total>48</total>
				<timestamp>1166.233287</timestamp>
			</report>
			<report>
				<misses>4491001</misses>
				<total>48</total>
				<timestamp>1166.493100</timestamp>
			</report>
			<report>
				<misses>4492001</misses>
				<total>48</total>
				<timestamp>1166.752813</timestamp>
			</report>
			<report>
				<misses>4493001</misses>
				<total>48</total>
				<timestamp>1167.012529</timestamp>
			</report>
			<report>
				<misses>4494001</misses>
				<total>48</total>
				<timestamp>1167.272279</timestamp>
			</report>
			<report>
				<misses>4495001</misses>
				<total>48</total>
				<timestamp>1167.532017</timestamp>
			</report>
			<report>
				<misses>4496001</misses>
				<total>48</total>
				<timestamp>1167.791742</timestamp>
			</report>
			<report>
				<misses>4497001</misses>
				<total>48</total>
				<timestamp>1168.051480</timestamp>
			</report>
			<report>
				<misses>4498001</misses>
				<total>48</total>
				<timestamp>1168.311225</timestamp>
			</report>
			<report>
				<misses>4499001</misses>
				<total>48</total>
				<timestamp>1168.570964</timestamp>
			</report>
			<report>
				<misses>4500001</misses>
				<total>48</total>
				<timestamp>1168.830735</timestamp>
			</report>
			<report>
				<misses>4501001</misses>
				<total>48</total>
				<timestamp>1169.090465</timestamp>
			</report>
			<report>
				<misses>4502001</misses>
				<total>48</total>
				<timestamp>1169.350182</timestamp>
			</report>
			<report>
				<misses>4503001</misses>
				<total>48</total>
				<timestamp>1169.609921</timestamp>
			</report>
			<report>
				<misses>4504001</misses>
				<total>48</total>
				<timestamp>1169.869673</timestamp>
			</report>
			<report>
				<misses>4505001</misses>
				<total>48</total>
				<timestamp>1170.129419</timestamp>
			</report>
			<report>
				<misses>4506001</misses>
				<total>48</total>
				<timestamp>1170.389219</timestamp>
			</report>
			<report>
				<misses>4507001</misses>
				<total>48</total>
				<timestamp>1170.648915</timestamp>
			</report>
			<report>
				<misses>4508001</misses>
				<total>48</total>
				<timestamp>1170.908672</timestamp>
			</report>
			<report>
				<misses>4509001</misses>
				<total>48</total>
				<timestamp>1171.168359</timestamp>
			</report>
			<report>
				<misses>4510001</misses>
				<total>48</total>
				<timestamp>1171.428170</timestamp>
			</report>
			<report>
				<misses>4511001</misses>
				<total>48</total>
				<timestamp>1171.687843</timestamp>
			</report>
			<report>
				<misses>4512001</misses>
				<total>48</total>
				<timestamp>1171.947580</timestamp>
			</report>
			<report>
				<misses>4513001</misses>
				<total>48</total>
				<timestamp>1172.207315</timestamp>
			</report>
			<report>
				<misses>4514001</misses>
				<total>48</total>
				<timestamp>1172.467142</timestamp>
			</report>
			<report>
				<misses>4515001</misses>
				<total>48</total>
				<timestamp>1172.726801</timestamp>
			</report>
			<report>
				<misses>4516001</misses>
				<total>48</total>
				<timestamp>1172.986567</timestamp>
			</report>
			<report>
				<misses>4517001</misses>
				<total>48</total>
				<timestamp>1173.246308</timestamp>
			</report>
			<report>
				<misses>4518001</misses>
				<total>48</total>
				<timestamp>1173.506074</timestamp>
			</report>
			<report>
				<misses>4519001</misses>
				<total>48</total>
				<timestamp>1173.765768</timestamp>
			</report>
			<report>
				<misses>4520001</misses>
				<total>48</total>
				<timestamp>1174.025497</timestamp>
			</report>
			<report>
				<misses>4521001</misses>
				<total>48</total>
				<timestamp>1174.285236</timestamp>
			</report>
			<report>
				<misses>4522001</misses>
				<total>48</total>
				<timestamp>1174.545051</timestamp>
			</report>
			<report>
				<misses>4523001</misses>
				<total>48</total>
				<timestamp>1174.804720</timestamp>
			</report>
			<report>
				<misses>4524001</misses>
				<total>48</total>
				<timestamp>1175.064472</timestamp>
			</report>
			<report>
				<misses>4525001</misses>
				<total>48</total>
				<timestamp>1175.324188</timestamp>
			</report>
			<report>
				<misses>4526001</misses>
				<total>48</total>
				<timestamp>1175.583944</timestamp>
			</report>
			<report>
				<misses>4527001</misses>
				<total>48</total>
				<timestamp>1175.843671</timestamp>
			</report>
			<report>
				<misses>4528001</misses>
				<total>48</total>
				<timestamp>1176.103409</timestamp>
			</report>
			<report>
				<misses>4529001</misses>
				<total>48</total>
				<timestamp>1176.363211</timestamp>
			</report>
			<report>
				<misses>4530001</misses>
				<total>48</total>
				<timestamp>1176.622946</timestamp>
			</report>
			<report>
				<misses>4531001</misses>
				<total>48</total>
				<timestamp>1176.882639</timestamp>
			</report>
			<report>
				<misses>4532001</misses>
				<total>48</total>
				<timestamp>1177.142368</timestamp>
			</report>
			<report>
				<misses>4533001</misses>
				<total>48</total>
				<timestamp>1177.402151</timestamp>
			</report>
			<report>
				<misses>4534001</misses>
				<total>48</total>
				<timestamp>1177.661853</timestamp>
			</report>
			<report>
				<misses>4535001</misses>
				<total>48</total>
				<timestamp>1177.921604</timestamp>
			</report>
			<report>
				<misses>4536001</misses>
				<total>48</total>
				<timestamp>1178.181329</timestamp>
			</report>
			<report>
				<misses>4537001</misses>
				<total>48</total>
				<timestamp>1178.441086</timestamp>
			</report>
			<report>
				<misses>4538001</misses>
				<total>48</total>
				<timestamp>1178.700851</timestamp>
			</report>
			<report>
				<misses>4539001</misses>
				<total>48</total>
				<timestamp>1178.960563</timestamp>
			</report>
			<report>
				<misses>4540001</misses>
				<total>48</total>
				<timestamp>1179.220310</timestamp>
			</report>
			<report>
				<misses>4541001</misses>
				<total>48</total>
				<timestamp>1179.480071</timestamp>
			</report>
			<report>
				<misses>4542001</misses>
				<total>48</total>
				<timestamp>1179.739772</timestamp>
			</report>
			<report>
				<misses>4543001</misses>
				<total>48</total>
				<timestamp>1179.999529</timestamp>
			</report>
			<report>
				<misses>4544001</misses>
				<total>48</total>
				<timestamp>1180.259316</timestamp>
			</report>
			<report>
				<misses>4545001</misses>
				<total>48</total>
				<timestamp>1180.519049</timestamp>
			</report>
			<report>
				<misses>4546001</misses>
				<total>48</total>
				<timestamp>1180.778769</timestamp>
			</report>
			<report>
				<misses>4547001</misses>
				<total>48</total>
				<timestamp>1181.038541</timestamp>
			</report>
			<report>
				<misses>4548001</misses>
				<total>48</total>
				<timestamp>1181.298245</timestamp>
			</report>
			<report>
				<misses>4549001</misses>
				<total>48</total>
				<timestamp>1181.557998</timestamp>
			</report>
			<report>
				<misses>4550001</misses>
				<total>48</total>
				<timestamp>1181.817693</timestamp>
			</report>
			<report>
				<misses>4551001</misses>
				<total>48</total>
				<timestamp>1182.077447</timestamp>
			</report>
			<report>
				<misses>4552001</misses>
				<total>48</total>
				<timestamp>1182.337186</timestamp>
			</report>
			<report>
				<misses>4553001</misses>
				<total>48</total>
				<timestamp>1182.596920</timestamp>
			</report>
			<report>
				<misses>4554001</misses>
				<total>48</total>
				<timestamp>1182.856667</timestamp>
			</report>
			<report>
				<misses>4555001</misses>
				<total>48</total>
				<timestamp>1183.116393</timestamp>
			</report>
			<report>
				<misses>4556001</misses>
				<total>48</total>
				<timestamp>1183.376165</timestamp>
			</report>
			<report>
				<misses>4557001</misses>
				<total>48</total>
				<timestamp>1183.635918</timestamp>
			</report>
			<report>
				<misses>4558001</misses>
				<total>48</total>
				<timestamp>1183.895620</timestamp>
			</report>
			<report>
				<misses>4559001</misses>
				<total>48</total>
				<timestamp>1184.155387</timestamp>
			</report>
			<report>
				<misses>4560001</misses>
				<total>48</total>
				<timestamp>1184.415130</timestamp>
			</report>
			<report>
				<misses>4561001</misses>
				<total>48</total>
				<timestamp>1184.674899</timestamp>
			</report>
			<report>
				<misses>4562001</misses>
				<total>48</total>
				<timestamp>1184.934588</timestamp>
			</report>
			<report>
				<misses>4563001</misses>
				<total>48</total>
				<timestamp>1185.194341</timestamp>
			</report>
			<report>
				<misses>4564001</misses>
				<total>48</total>
				<timestamp>1185.454102</timestamp>
			</report>
			<report>
				<misses>4565001</misses>
				<total>48</total>
				<timestamp>1185.713801</timestamp>
			</report>
			<report>
				<misses>4566001</misses>
				<total>48</total>
				<timestamp>1185.973547</timestamp>
			</report>
			<report>
				<misses>4567001</misses>
				<total>48</total>
				<timestamp>1186.233290</timestamp>
			</report>
			<report>
				<misses>4568001</misses>
				<total>48</total>
				<timestamp>1186.493049</timestamp>
			</report>
			<report>
				<misses>4569001</misses>
				<total>48</total>
				<timestamp>1186.752743</timestamp>
			</report>
			<report>
				<misses>4570001</misses>
				<total>48</total>
				<timestamp>1187.012481</timestamp>
			</report>
			<report>
				<misses>4571001</misses>
				<total>48</total>
				<timestamp>1187.272267</timestamp>
			</report>
			<report>
				<misses>4572001</misses>
				<total>48</total>
				<timestamp>1187.531999</timestamp>
			</report>
			<report>
				<misses>4573001</misses>
				<total>48</total>
				<timestamp>1187.791714</timestamp>
			</report>
			<report>
				<misses>4574001</misses>
				<total>48</total>
				<timestamp>1188.051457</timestamp>
			</report>
			<report>
				<misses>4575001</misses>
				<total>48</total>
				<timestamp>1188.311208</timestamp>
			</report>
			<report>
				<misses>4576001</misses>
				<total>48</total>
				<timestamp>1188.570995</timestamp>
			</report>
			<report>
				<misses>4577001</misses>
				<total>48</total>
				<timestamp>1188.830668</timestamp>
			</report>
			<report>
				<misses>4578001</misses>
				<total>48</total>
				<timestamp>1189.090446</timestamp>
			</report>
			<report>
				<misses>4579001</misses>
				<total>48</total>
				<timestamp>1189.350179</timestamp>
			</report>
			<report>
				<misses>4580001</misses>
				<total>48</total>
				<timestamp>1189.609950</timestamp>
			</report>
			<report>
				<misses>4581001</misses>
				<total>48</total>
				<timestamp>1189.869639</timestamp>
			</report>
			<report>
				<misses>4582001</misses>
				<total>48</total>
				<timestamp>1190.129382</timestamp>
			</report>
			<report>
				<misses>4583001</misses>
				<total>48</total>
				<timestamp>1190.389150</timestamp>
			</report>
			<report>
				<misses>4584001</misses>
				<total>48</total>
				<timestamp>1190.648864</timestamp>
			</report>
			<report>
				<misses>4585001</misses>
				<total>48</total>
				<timestamp>1190.908591</timestamp>
			</report>
			<report>
				<misses>4586001</misses>
				<total>48</total>
				<timestamp>1191.168344</timestamp>
			</report>
			<report>
				<misses>4587001</misses>
				<total>48</total>
				<timestamp>1191.428141</timestamp>
			</report>
			<report>
				<misses>4588001</misses>
				<total>48</total>
				<timestamp>1191.687835</timestamp>
			</report>
			<report>
				<misses>4589001</misses>
				<total>48</total>
				<timestamp>1191.947569</timestamp>
			</report>
			<report>
				<misses>4590001</misses>
				<total>48</total>
				<timestamp>1192.207298</timestamp>
			</report>
			<report>
				<misses>4591001</misses>
				<total>48</total>
				<timestamp>1192.467079</timestamp>
			</report>
			<report>
				<misses>4592001</misses>
				<total>48</total>
				<timestamp>1192.726787</timestamp>
			</report>
			<report>
				<misses>4593001</misses>
				<total>48</total>
				<timestamp>1192.986530</timestamp>
			</report>
			<report>
				<misses>4594001</misses>
				<total>48</total>
				<timestamp>1193.246272</timestamp>
			</report>
			<report>
				<misses>4595001</misses>
				<total>48</total>
				<timestamp>1193.506024</timestamp>
			</report>
			<report>
				<misses>4596001</misses>
				<total>48</total>
				<timestamp>1193.765745</timestamp>
			</report>
			<report>
				<misses>4597001</misses>
				<total>48</total>
				<timestamp>1194.025490</timestamp>
			</report>
			<report>
				<misses>4598001</misses>
				<total>48</total>
				<timestamp>1194.285222</timestamp>
			</report>
			<report>
				<misses>4599001</misses>
				<total>48</total>
				<timestamp>1194.544969</timestamp>
			</report>
			<report>
				<misses>4600001</misses>
				<total>48</total>
				<timestamp>1194.804703</timestamp>
			</report>
			<report>
				<misses>4601001</misses>
				<total>48</total>
				<timestamp>1195.064437</timestamp>
			</report>
			<report>
				<misses>4602001</misses>
				<total>48</total>
				<timestamp>1195.324186</timestamp>
			</report>
			<report>
				<misses>4603001</misses>
				<total>48</total>
				<timestamp>1195.583939</timestamp>
			</report>
			<report>
				<misses>4604001</misses>
				<total>48</total>
				<timestamp>1195.843654</timestamp>
			</report>
			<report>
				<misses>4605001</misses>
				<total>48</total>
				<timestamp>1196.103401</timestamp>
			</report>
			<report>
				<misses>4606001</misses>
				<total>48</total>
				<timestamp>1196.363171</timestamp>
			</report>
			<report>
				<misses>4607001</misses>
				<total>48</total>
				<timestamp>1196.622925</timestamp>
			</report>
			<report>
				<misses>4608001</misses>
				<total>48</total>
				<timestamp>1196.882632</timestamp>
			</report>
			<report>
				<misses>4609001</misses>
				<total>48</total>
				<timestamp>1197.142392</timestamp>
			</report>
			<report>
				<misses>4610001</misses>
				<total>48</total>
				<timestamp>1197.402132</timestamp>
			</report>
			<report>
				<misses>4611001</misses>
				<total>48</total>
				<timestamp>1197.661855</timestamp>
			</report>
			<report>
				<misses>4612001</misses>
				<total>48</total>
				<timestamp>1197.921590</timestamp>
			</report>
			<report>
				<misses>4613001</misses>
				<total>48</total>
				<timestamp>1198.181329</timestamp>
			</report>
			<report>
				<misses>4614001</misses>
				<total>48</total>
				<timestamp>1198.441050</timestamp>
			</report>
			<report>
				<misses>4615001</misses>
				<total>48</total>
				<timestamp>1198.700860</timestamp>
			</report>
			<report>
				<misses>4616001</misses>
				<total>48</total>
				<timestamp>1198.960548</timestamp>
			</report>
			<report>
				<misses>4617001</misses>
				<total>48</total>
				<timestamp>1199.220313</timestamp>
			</report>
			<report>
				<misses>4618001</misses>
				<total>48</total>
				<timestamp>1199.480025</timestamp>
			</report>
			<report>
				<misses>4619001</misses>
				<total>48</total>
				<timestamp>1199.739803</timestamp>
			</report>
			<report>
				<misses>4620001</misses>
				<total>48</total>
				<timestamp>1199.999502</timestamp>
			</report>
			<report>
				<misses>4621001</misses>
				<total>49</total>
				<timestamp>1200.259272</timestamp>
			</report>
			<report>
				<misses>4622001</misses>
				<total>49</total>
				<timestamp>1200.519040</timestamp>
			</report>
			<report>
				<misses>4623001</misses>
				<total>49</total>
				<timestamp>1200.778725</timestamp>
			</report>
			<report>
				<misses>4624001</misses>
				<total>49</total>
				<timestamp>1201.038453</timestamp>
			</report>
			<report>
				<misses>4625001</misses>
				<total>49</total>
				<timestamp>1201.298232</timestamp>
			</report>
			<report>
				<misses>4626001</misses>
				<total>49</total>
				<timestamp>1201.557968</timestamp>
			</report>
			<report>
				<misses>4627001</misses>
				<total>49</total>
				<timestamp>1201.817686</timestamp>
			</report>
			<report>
				<misses>4628001</misses>
				<total>49</total>
				<timestamp>1202.077420</timestamp>
			</report>
			<report>
				<misses>4629001</misses>
				<total>49</total>
				<timestamp>1202.337198</timestamp>
			</report>
			<report>
				<misses>4630001</misses>
				<total>49</total>
				<timestamp>1202.596931</timestamp>
			</report>
			<report>
				<misses>4631001</misses>
				<total>49</total>
				<timestamp>1202.856645</timestamp>
			</report>
			<report>
				<misses>4632001</misses>
				<total>49</total>
				<timestamp>1203.116384</timestamp>
			</report>
			<report>
				<misses>4633001</misses>
				<total>49</total>
				<timestamp>1203.376122</timestamp>
			</report>
			<report>
				<misses>4634001</misses>
				<total>49</total>
				<timestamp>1203.635893</timestamp>
			</report>
			<report>
				<misses>4635001</misses>
				<total>49</total>
				<timestamp>1203.895604</timestamp>
			</report>
			<report>
				<misses>4636001</misses>
				<total>49</total>
				<timestamp>1204.155359</timestamp>
			</report>
			<report>
				<misses>4637001</misses>
				<total>49</total>
				<timestamp>1204.415088</timestamp>
			</report>
			<report>
				<misses>4638001</misses>
				<total>49</total>
				<timestamp>1204.674898</timestamp>
			</report>
			<report>
				<misses>4639001</misses>
				<total>49</total>
				<timestamp>1204.934571</timestamp>
			</report>
			<report>
				<misses>4640001</misses>
				<total>49</total>
				<timestamp>1205.194312</timestamp>
			</report>
			<report>
				<misses>4641001</misses>
				<total>51</total>
				<timestamp>1205.454054</timestamp>
			</report>
			<report>
				<misses>4642001</misses>
				<total>51</total>
				<timestamp>1205.713881</timestamp>
			</report>
			<report>
				<misses>4643001</misses>
				<total>51</total>
				<timestamp>1205.973526</timestamp>
			</report>
			<report>
				<misses>4644001</misses>
				<total>51</total>
				<timestamp>1206.233266</timestamp>
			</report>
			<report>
				<misses>4645001</misses>
				<total>51</total>
				<timestamp>1206.493015</timestamp>
			</report>
			<report>
				<misses>4646001</misses>
				<total>51</total>
				<timestamp>1206.752816</timestamp>
			</report>
			<report>
				<misses>4647001</misses>
				<total>51</total>
				<timestamp>1207.012488</timestamp>
			</report>
			<report>
				<misses>4648001</misses>
				<total>51</total>
				<timestamp>1207.272221</timestamp>
			</report>
			<report>
				<misses>4649001</misses>
				<total>51</total>
				<timestamp>1207.532010</timestamp>
			</report>
			<report>
				<misses>4650001</misses>
				<total>51</total>
				<timestamp>1207.791692</timestamp>
			</report>
			<report>
				<misses>4651001</misses>
				<total>51</total>
				<timestamp>1208.051438</timestamp>
			</report>
			<report>
				<misses>4652001</misses>
				<total>51</total>
				<timestamp>1208.311198</timestamp>
			</report>
			<report>
				<misses>4653001</misses>
				<total>51</total>
				<timestamp>1208.570941</timestamp>
			</report>
			<report>
				<misses>4654001</misses>
				<total>51</total>
				<timestamp>1208.830682</timestamp>
			</report>
			<report>
				<misses>4655001</misses>
				<total>51</total>
				<timestamp>1209.090444</timestamp>
			</report>
			<report>
				<misses>4656001</misses>
				<total>51</total>
				<timestamp>1209.350166</timestamp>
			</report>
			<report>
				<misses>4657001</misses>
				<total>51</total>
				<timestamp>1209.609938</timestamp>
			</report>
			<report>
				<misses>4658001</misses>
				<total>51</total>
				<timestamp>1209.869632</timestamp>
			</report>
			<report>
				<misses>4659001</misses>
				<total>51</total>
				<timestamp>1210.129367</timestamp>
			</report>
			<report>
				<misses>4660001</misses>
				<total>51</total>
				<timestamp>1210.389150</timestamp>
			</report>
			<report>
				<misses>4661001</misses>
				<total>51</total>
				<timestamp>1210.648875</timestamp>
			</report>
			<report>
				<misses>4662001</misses>
				<total>51</total>
				<timestamp>1210.908619</timestamp>
			</report>
			<report>
				<misses>4663001</misses>
				<total>51</total>
				<timestamp>1211.168345</timestamp>
			</report>
			<report>
				<misses>4664001</misses>
				<total>51</total>
				<timestamp>1211.428066</timestamp>
			</report>
			<report>
				<misses>4665001</misses>
				<total>51</total>
				<timestamp>1211.687832</timestamp>
			</report>
			<report>
				<misses>4666001</misses>
				<total>51</total>
				<timestamp>1211.947548</timestamp>
			</report>
			<report>
				<misses>4667001</misses>
				<total>51</total>
				<timestamp>1212.207311</timestamp>
			</report>
			<report>
				<misses>4668001</misses>
				<total>51</total>
				<timestamp>1212.467028</timestamp>
			</report>
			<report>
				<misses>4669001</misses>
				<total>51</total>
				<timestamp>1212.726841</timestamp>
			</report>
			<report>
				<misses>4670001</misses>
				<total>51</total>
				<timestamp>1212.986498</timestamp>
			</report>
			<report>
				<misses>4671001</misses>
				<total>51</total>
				<timestamp>1213.246244</timestamp>
			</report>
			<report>
				<misses>4672001</misses>
				<total>51</total>
				<timestamp>1213.505991</timestamp>
			</report>
			<report>
				<misses>4673001</misses>
				<total>51</total>
				<timestamp>1213.765794</timestamp>
			</report>
			<report>
				<misses>4674001</misses>
				<total>51</total>
				<timestamp>1214.025459</timestamp>
			</report>
			<report>
				<misses>4675001</misses>
				<total>51</total>
				<timestamp>1214.285201</timestamp>
			</report>
			<report>
				<misses>4676001</misses>
				<total>51</total>
				<timestamp>1214.544942</timestamp>
			</report>
			<report>
				<misses>4677001</misses>
				<total>51</total>
				<timestamp>1214.804670</timestamp>
			</report>
			<report>
				<misses>4678001</misses>
				<total>51</total>
				<timestamp>1215.064432</timestamp>
			</report>
			<report>
				<misses>4679001</misses>
				<total>51</total>
				<timestamp>1215.324180</timestamp>
			</report>
			<report>
				<misses>4680001</misses>
				<total>51</total>
				<timestamp>1215.583905</timestamp>
			</report>
			<report>
				<misses>4681001</misses>
				<total>51</total>
				<timestamp>1215.843650</timestamp>
			</report>
			<report>
				<misses>4682001</misses>
				<total>51</total>
				<timestamp>1216.103395</timestamp>
			</report>
			<report>
				<misses>4683001</misses>
				<total>51</total>
				<timestamp>1216.363127</timestamp>
			</report>
			<report>
				<misses>4684001</misses>
				<total>51</total>
				<timestamp>1216.622874</timestamp>
			</report>
			<report>
				<misses>4685001</misses>
				<total>51</total>
				<timestamp>1216.882611</timestamp>
			</report>
			<report>
				<misses>4686001</misses>
				<total>51</total>
				<timestamp>1217.142343</timestamp>
			</report>
			<report>
				<misses>4687001</misses>
				<total>51</total>
				<timestamp>1217.402082</timestamp>
			</report>
			<report>
				<misses>4688001</misses>
				<total>51</total>
				<timestamp>1217.661829</timestamp>
			</report>
			<report>
				<misses>4689001</misses>
				<total>51</total>
				<timestamp>1217.921547</timestamp>
			</report>
			<report>
				<misses>4690001</misses>
				<total>51</total>
				<timestamp>1218.181295</timestamp>
			</report>
			<report>
				<misses>4691001</misses>
				<total>51</total>
				<timestamp>1218.441021</timestamp>
			</report>
			<report>
				<misses>4692001</misses>
				<total>51</total>
				<timestamp>1218.700820</timestamp>
			</report>
			<report>
				<misses>4693001</misses>
				<total>51</total>
				<timestamp>1218.960508</timestamp>
			</report>
			<report>
				<misses>4694001</misses>
				<total>51</total>
				<timestamp>1219.220301</timestamp>
			</report>
			<report>
				<misses>4695001</misses>
				<total>51</total>
				<timestamp>1219.480027</timestamp>
			</report>
			<report>
				<misses>4696001</misses>
				<total>51</total>
				<timestamp>1219.739771</timestamp>
			</report>
			<report>
				<misses>4697001</misses>
				<total>51</total>
				<timestamp>1219.999460</timestamp>
			</report>
			<report>
				<misses>4698001</misses>
				<total>51</total>
				<timestamp>1220.259222</timestamp>
			</report>
			<report>
				<misses>4699001</misses>
				<total>51</total>
				<timestamp>1220.518987</timestamp>
			</report>
			<report>
				<misses>4700001</misses>
				<total>51</total>
				<timestamp>1220.778727</timestamp>
			</report>
			<report>
				<misses>4701001</misses>
				<total>51</total>
				<timestamp>1221.038451</timestamp>
			</report>
			<report>
				<misses>4702001</misses>
				<total>51</total>
				<timestamp>1221.298189</timestamp>
			</report>
			<report>
				<misses>4703001</misses>
				<total>51</total>
				<timestamp>1221.557913</timestamp>
			</report>
			<report>
				<misses>4704001</misses>
				<total>51</total>
				<timestamp>1221.817695</timestamp>
			</report>
			<report>
				<misses>4705001</misses>
				<total>51</total>
				<timestamp>1222.077406</timestamp>
			</report>
			<report>
				<misses>4706001</misses>
				<total>51</total>
				<timestamp>1222.337165</timestamp>
			</report>
			<report>
				<misses>4707001</misses>
				<total>51</total>
				<timestamp>1222.596909</timestamp>
			</report>
			<report>
				<misses>4708001</misses>
				<total>51</total>
				<timestamp>1222.856618</timestamp>
			</report>
			<report>
				<misses>4709001</misses>
				<total>51</total>
				<timestamp>1223.116376</timestamp>
			</report>
			<report>
				<misses>4710001</misses>
				<total>51</total>
				<timestamp>1223.376090</timestamp>
			</report>
			<report>
				<misses>4711001</misses>
				<total>51</total>
				<timestamp>1223.635867</timestamp>
			</report>
			<report>
				<misses>4712001</misses>
				<total>51</total>
				<timestamp>1223.895588</timestamp>
			</report>
			<report>
				<misses>4713001</misses>
				<total>51</total>
				<timestamp>1224.155339</timestamp>
			</report>
			<report>
				<misses>4714001</misses>
				<total>51</total>
				<timestamp>1224.415075</timestamp>
			</report>
			<report>
				<misses>4715001</misses>
				<total>51</total>
				<timestamp>1224.674815</timestamp>
			</report>
			<report>
				<misses>4716001</misses>
				<total>51</total>
				<timestamp>1224.934529</timestamp>
			</report>
			<report>
				<misses>4717001</misses>
				<total>51</total>
				<timestamp>1225.194301</timestamp>
			</report>
			<report>
				<misses>4718001</misses>
				<total>51</total>
				<timestamp>1225.454032</timestamp>
			</report>
			<report>
				<misses>4719001</misses>
				<total>51</total>
				<timestamp>1225.713783</timestamp>
			</report>
			<report>
				<misses>4720001</misses>
				<total>51</total>
				<timestamp>1225.973503</timestamp>
			</report>
			<report>
				<misses>4721001</misses>
				<total>51</total>
				<timestamp>1226.233239</timestamp>
			</report>
			<report>
				<misses>4722001</misses>
				<total>51</total>
				<timestamp>1226.492984</timestamp>
			</report>
			<report>
				<misses>4723001</misses>
				<total>51</total>
				<timestamp>1226.752766</timestamp>
			</report>
			<report>
				<misses>4724001</misses>
				<total>51</total>
				<timestamp>1227.012462</timestamp>
			</report>
			<report>
				<misses>4725001</misses>
				<total>51</total>
				<timestamp>1227.272221</timestamp>
			</report>
			<report>
				<misses>4726001</misses>
				<total>51</total>
				<timestamp>1227.531932</timestamp>
			</report>
			<report>
				<misses>4727001</misses>
				<total>51</total>
				<timestamp>1227.791684</timestamp>
			</report>
			<report>
				<misses>4728001</misses>
				<total>51</total>
				<timestamp>1228.051469</timestamp>
			</report>
			<report>
				<misses>4729001</misses>
				<total>51</total>
				<timestamp>1228.311155</timestamp>
			</report>
			<report>
				<misses>4730001</misses>
				<total>51</total>
				<timestamp>1228.570925</timestamp>
			</report>
			<report>
				<misses>4731001</misses>
				<total>51</total>
				<timestamp>1228.830666</timestamp>
			</report>
			<report>
				<misses>4732001</misses>
				<total>51</total>
				<timestamp>1229.090374</timestamp>
			</report>
			<report>
				<misses>4733001</misses>
				<total>51</total>
				<timestamp>1229.350140</timestamp>
			</report>
			<report>
				<misses>4734001</misses>
				<total>51</total>
				<timestamp>1229.609865</timestamp>
			</report>
			<report>
				<misses>4735001</misses>
				<total>51</total>
				<timestamp>1229.869589</timestamp>
			</report>
			<report>
				<misses>4736001</misses>
				<total>51</total>
				<timestamp>1230.129346</timestamp>
			</report>
			<report>
				<misses>4737001</misses>
				<total>51</total>
				<timestamp>1230.389157</timestamp>
			</report>
			<report>
				<misses>4738001</misses>
				<total>51</total>
				<timestamp>1230.648833</timestamp>
			</report>
			<report>
				<misses>4739001</misses>
				<total>51</total>
				<timestamp>1230.908569</timestamp>
			</report>
			<report>
				<misses>4740001</misses>
				<total>51</total>
				<timestamp>1231.168301</timestamp>
			</report>
			<report>
				<misses>4741001</misses>
				<total>51</total>
				<timestamp>1231.428043</timestamp>
			</report>
			<report>
				<misses>4742001</misses>
				<total>51</total>
				<timestamp>1231.687839</timestamp>
			</report>
			<report>
				<misses>4743001</misses>
				<total>51</total>
				<timestamp>1231.947509</timestamp>
			</report>
			<report>
				<misses>4744001</misses>
				<total>51</total>
				<timestamp>1232.207260</timestamp>
			</report>
			<report>
				<misses>4745001</misses>
				<total>51</total>
				<timestamp>1232.467006</timestamp>
			</report>
			<report>
				<misses>4746001</misses>
				<total>51</total>
				<timestamp>1232.726776</timestamp>
			</report>
			<report>
				<misses>4747001</misses>
				<total>51</total>
				<timestamp>1232.986472</timestamp>
			</report>
			<report>
				<misses>4748001</misses>
				<total>51</total>
				<timestamp>1233.246204</timestamp>
			</report>
			<report>
				<misses>4749001</misses>
				<total>51</total>
				<timestamp>1233.505954</timestamp>
			</report>
			<report>
				<misses>4750001</misses>
				<total>51</total>
				<timestamp>1233.765700</timestamp>
			</report>
			<report>
				<misses>4751001</misses>
				<total>51</total>
				<timestamp>1234.025473</timestamp>
			</report>
			<report>
				<misses>4752001</misses>
				<total>51</total>
				<timestamp>1234.285183</timestamp>
			</report>
			<report>
				<misses>4753001</misses>
				<total>51</total>
				<timestamp>1234.544914</timestamp>
			</report>
			<report>
				<misses>4754001</misses>
				<total>51</total>
				<timestamp>1234.804655</timestamp>
			</report>
			<report>
				<misses>4755001</misses>
				<total>51</total>
				<timestamp>1235.064444</timestamp>
			</report>
			<report>
				<misses>4756001</misses>
				<total>51</total>
				<timestamp>1235.324168</timestamp>
			</report>
			<report>
				<misses>4757001</misses>
				<total>51</total>
				<timestamp>1235.583885</timestamp>
			</report>
			<report>
				<misses>4758001</misses>
				<total>51</total>
				<timestamp>1235.843669</timestamp>
			</report>
			<report>
				<misses>4759001</misses>
				<total>51</total>
				<timestamp>1236.103414</timestamp>
			</report>
			<report>
				<misses>4760001</misses>
				<total>51</total>
				<timestamp>1236.363112</timestamp>
			</report>
			<report>
				<misses>4761001</misses>
				<total>51</total>
				<timestamp>1236.622845</timestamp>
			</report>
			<report>
				<misses>4762001</misses>
				<total>51</total>
				<timestamp>1236.882602</timestamp>
			</report>
			<report>
				<misses>4763001</misses>
				<total>51</total>
				<timestamp>1237.142324</timestamp>
			</report>
			<report>
				<misses>4764001</misses>
				<total>51</total>
				<timestamp>1237.402048</timestamp>
			</report>
			<report>
				<misses>4765001</misses>
				<total>51</total>
				<timestamp>1237.661838</timestamp>
			</report>
			<report>
				<misses>4766001</misses>
				<total>51</total>
				<timestamp>1237.921546</timestamp>
			</report>
			<report>
				<misses>4767001</misses>
				<total>51</total>
				<timestamp>1238.181285</timestamp>
			</report>
			<report>
				<misses>4768001</misses>
				<total>51</total>
				<timestamp>1238.441066</timestamp>
			</report>
			<report>
				<misses>4769001</misses>
				<total>51</total>
				<timestamp>1238.700805</timestamp>
			</report>
			<report>
				<misses>4770001</misses>
				<total>51</total>
				<timestamp>1238.960504</timestamp>
			</report>
			<report>
				<misses>4771001</misses>
				<total>51</total>
				<timestamp>1239.220250</timestamp>
			</report>
			<report>
				<misses>4772001</misses>
				<total>51</total>
				<timestamp>1239.479985</timestamp>
			</report>
			<report>
				<misses>4773001</misses>
				<total>51</total>
				<timestamp>1239.739746</timestamp>
			</report>
			<report>
				<misses>4774001</misses>
				<total>51</total>
				<timestamp>1239.999472</timestamp>
			</report>
			<report>
				<misses>4775001</misses>
				<total>51</total>
				<timestamp>1240.259195</timestamp>
			</report>
			<report>
				<misses>4776001</misses>
				<total>51</total>
				<timestamp>1240.518961</timestamp>
			</report>
			<report>
				<misses>4777001</misses>
				<total>51</total>
				<timestamp>1240.778702</timestamp>
			</report>
			<report>
				<misses>4778001</misses>
				<total>51</total>
				<timestamp>1241.038465</timestamp>
			</report>
			<report>
				<misses>4779001</misses>
				<total>51</total>
				<timestamp>1241.298177</timestamp>
			</report>
			<report>
				<misses>4780001</misses>
				<total>51</total>
				<timestamp>1241.557912</timestamp>
			</report>
			<report>
				<misses>4781001</misses>
				<total>51</total>
				<timestamp>1241.817658</timestamp>
			</report>
			<report>
				<misses>4782001</misses>
				<total>51</total>
				<timestamp>1242.077419</timestamp>
			</report>
			<report>
				<misses>4783001</misses>
				<total>51</total>
				<timestamp>1242.337150</timestamp>
			</report>
			<report>
				<misses>4784001</misses>
				<total>51</total>
				<timestamp>1242.596864</timestamp>
			</report>
			<report>
				<misses>4785001</misses>
				<total>51</total>
				<timestamp>1242.856610</timestamp>
			</report>
			<report>
				<misses>4786001</misses>
				<total>51</total>
				<timestamp>1243.116361</timestamp>
			</report>
			<report>
				<misses>4787001</misses>
				<total>51</total>
				<timestamp>1243.376091</timestamp>
			</report>
			<report>
				<misses>4788001</misses>
				<total>51</total>
				<timestamp>1243.635833</timestamp>
			</report>
			<report>
				<misses>4789001</misses>
				<total>51</total>
				<timestamp>1243.895574</timestamp>
			</report>
			<report>
				<misses>4790001</misses>
				<total>51</total>
				<timestamp>1244.155291</timestamp>
			</report>
			<report>
				<misses>4791001</misses>
				<total>51</total>
				<timestamp>1244.415036</timestamp>
			</report>
			<report>
				<misses>4792001</misses>
				<total>51</total>
				<timestamp>1244.674817</timestamp>
			</report>
			<report>
				<misses>4793001</misses>
				<total>51</total>
				<timestamp>1244.934557</timestamp>
			</report>
			<report>
				<misses>4794001</misses>
				<total>51</total>
				<timestamp>1245.194297</timestamp>
			</report>
			<report>
				<misses>4795001</misses>
				<total>51</total>
				<timestamp>1245.453997</timestamp>
			</report>
			<report>
				<misses>4796001</misses>
				<total>51</total>
				<timestamp>1245.713760</timestamp>
			</report>
			<report>
				<misses>4797001</misses>
				<total>51</total>
				<timestamp>1245.973495</timestamp>
			</report>
			<report>
				<misses>4798001</misses>
				<total>51</total>
				<timestamp>1246.233221</timestamp>
			</report>
			<report>
				<misses>4799001</misses>
				<total>51</total>
				<timestamp>1246.492955</timestamp>
			</report>
			<report>
				<misses>4800001</misses>
				<total>51</total>
				<timestamp>1246.752737</timestamp>
			</report>
			<report>
				<misses>4801001</misses>
				<total>51</total>
				<timestamp>1247.012447</timestamp>
			</report>
			<report>
				<misses>4802001</misses>
				<total>51</total>
				<timestamp>1247.272181</timestamp>
			</report>
			<report>
				<misses>4803001</misses>
				<total>51</total>
				<timestamp>1247.531912</timestamp>
			</report>
			<report>
				<misses>4804001</misses>
				<total>51</total>
				<timestamp>1247.791662</timestamp>
			</report>
			<report>
				<misses>4805001</misses>
				<total>51</total>
				<timestamp>1248.051409</timestamp>
			</report>
			<report>
				<misses>4806001</misses>
				<total>51</total>
				<timestamp>1248.311150</timestamp>
			</report>
			<report>
				<misses>4807001</misses>
				<total>51</total>
				<timestamp>1248.570899</timestamp>
			</report>
			<report>
				<misses>4808001</misses>
				<total>51</total>
				<timestamp>1248.830629</timestamp>
			</report>
			<report>
				<misses>4809001</misses>
				<total>51</total>
				<timestamp>1249.090367</timestamp>
			</report>
			<report>
				<misses>4810001</misses>
				<total>51</total>
				<timestamp>1249.350124</timestamp>
			</report>
			<report>
				<misses>4811001</misses>
				<total>51</total>
				<timestamp>1249.609833</timestamp>
			</report>
			<report>
				<misses>4812001</misses>
				<total>51</total>
				<timestamp>1249.869610</timestamp>
			</report>
			<report>
				<misses>4813001</misses>
				<total>51</total>
				<timestamp>1250.129344</timestamp>
			</report>
			<report>
				<misses>4814001</misses>
				<total>51</total>
				<timestamp>1250.389052</timestamp>
			</report>
			<report>
				<misses>4815001</misses>
				<total>51</total>
				<timestamp>1250.648791</timestamp>
			</report>
			<report>
				<misses>4816001</misses>
				<total>51</total>
				<timestamp>1250.908561</timestamp>
			</report>
			<report>
				<misses>4817001</misses>
				<total>51</total>
				<timestamp>1251.168309</timestamp>
			</report>
			<report>
				<misses>4818001</misses>
				<total>51</total>
				<timestamp>1251.428018</timestamp>
			</report>
			<report>
				<misses>4819001</misses>
				<total>51</total>
				<timestamp>1251.687761</timestamp>
			</report>
			<report>
				<misses>4820001</misses>
				<total>51</total>
				<timestamp>1251.947514</timestamp>
			</report>
			<report>
				<misses>4821001</misses>
				<total>51</total>
				<timestamp>1252.207249</timestamp>
			</report>
			<report>
				<misses>4822001</misses>
				<total>51</total>
				<timestamp>1252.466972</timestamp>
			</report>
			<report>
				<misses>4823001</misses>
				<total>51</total>
				<timestamp>1252.726713</timestamp>
			</report>
			<report>
				<misses>4824001</misses>
				<total>51</total>
				<timestamp>1252.986481</timestamp>
			</report>
			<report>
				<misses>4825001</misses>
				<total>51</total>
				<timestamp>1253.246193</timestamp>
			</report>
			<report>
				<misses>4826001</misses>
				<total>51</total>
				<timestamp>1253.505993</timestamp>
			</report>
			<report>
				<misses>4827001</misses>
				<total>51</total>
				<timestamp>1253.765690</timestamp>
			</report>
			<report>
				<misses>4828001</misses>
				<total>51</total>
				<timestamp>1254.025411</timestamp>
			</report>
			<report>
				<misses>4829001</misses>
				<total>51</total>
				<timestamp>1254.285147</timestamp>
			</report>
			<report>
				<misses>4830001</misses>
				<total>51</total>
				<timestamp>1254.544879</timestamp>
			</report>
			<report>
				<misses>4831001</misses>
				<total>51</total>
				<timestamp>1254.804650</timestamp>
			</report>
			<report>
				<misses>4832001</misses>
				<total>51</total>
				<timestamp>1255.064392</timestamp>
			</report>
			<report>
				<misses>4833001</misses>
				<total>51</total>
				<timestamp>1255.324144</timestamp>
			</report>
			<report>
				<misses>4834001</misses>
				<total>51</total>
				<timestamp>1255.583872</timestamp>
			</report>
			<report>
				<misses>4835001</misses>
				<total>51</total>
				<timestamp>1255.843595</timestamp>
			</report>
			<report>
				<misses>4836001</misses>
				<total>51</total>
				<timestamp>1256.103321</timestamp>
			</report>
			<report>
				<misses>4837001</misses>
				<total>51</total>
				<timestamp>1256.363070</timestamp>
			</report>
			<report>
				<misses>4838001</misses>
				<total>51</total>
				<timestamp>1256.622828</timestamp>
			</report>
			<report>
				<misses>4839001</misses>
				<total>51</total>
				<timestamp>1256.882591</timestamp>
			</report>
			<report>
				<misses>4840001</misses>
				<total>51</total>
				<timestamp>1257.142341</timestamp>
			</report>
			<report>
				<misses>4841001</misses>
				<total>51</total>
				<timestamp>1257.402062</timestamp>
			</report>
			<report>
				<misses>4842001</misses>
				<total>51</total>
				<timestamp>1257.661817</timestamp>
			</report>
			<report>
				<misses>4843001</misses>
				<total>51</total>
				<timestamp>1257.921550</timestamp>
			</report>
			<report>
				<misses>4844001</misses>
				<total>51</total>
				<timestamp>1258.181287</timestamp>
			</report>
			<report>
				<misses>4845001</misses>
				<total>51</total>
				<timestamp>1258.441004</timestamp>
			</report>
			<report>
				<misses>4846001</misses>
				<total>51</total>
				<timestamp>1258.700739</timestamp>
			</report>
			<report>
				<misses>4847001</misses>
				<total>52</total>
				<timestamp>1258.960511</timestamp>
			</report>
			<report>
				<misses>4848001</misses>
				<total>52</total>
				<timestamp>1259.220218</timestamp>
			</report>
			<report>
				<misses>4849001</misses>
				<total>52</total>
				<timestamp>1259.480003</timestamp>
			</report>
			<report>
				<misses>4850001</misses>
				<total>52</total>
				<timestamp>1259.739696</timestamp>
			</report>
			<report>
				<misses>4851001</misses>
				<total>52</total>
				<timestamp>1259.999478</timestamp>
			</report>
			<report>
				<misses>4852001</misses>
				<total>52</total>
				<timestamp>1260.259176</timestamp>
			</report>
			<report>
				<misses>4853001</misses>
				<total>52</total>
				<timestamp>1260.518922</timestamp>
			</report>
			<report>
				<misses>4854001</misses>
				<total>52</total>
				<timestamp>1260.778664</timestamp>
			</report>
			<report>
				<misses>4855001</misses>
				<total>52</total>
				<timestamp>1261.038414</timestamp>
			</report>
			<report>
				<misses>4856001</misses>
				<total>52</total>
				<timestamp>1261.298164</timestamp>
			</report>
			<report>
				<misses>4857001</misses>
				<total>52</total>
				<timestamp>1261.557872</timestamp>
			</report>
			<report>
				<misses>4858001</misses>
				<total>52</total>
				<timestamp>1261.817660</timestamp>
			</report>
			<report>
				<misses>4859001</misses>
				<total>52</total>
				<timestamp>1262.077380</timestamp>
			</report>
			<report>
				<misses>4860001</misses>
				<total>52</total>
				<timestamp>1262.337115</timestamp>
			</report>
			<report>
				<misses>4861001</misses>
				<total>52</total>
				<timestamp>1262.596876</timestamp>
			</report>
			<report>
				<misses>4862001</misses>
				<total>52</total>
				<timestamp>1262.856612</timestamp>
			</report>
			<report>
				<misses>4863001</misses>
				<total>52</total>
				<timestamp>1263.116333</timestamp>
			</report>
			<report>
				<misses>4864001</misses>
				<total>52</total>
				<timestamp>1263.376049</timestamp>
			</report>
			<report>
				<misses>4865001</misses>
				<total>52</total>
				<timestamp>1263.635810</timestamp>
			</report>
			<report>
				<misses>4866001</misses>
				<total>52</total>
				<timestamp>1263.895576</timestamp>
			</report>
			<report>
				<misses>4867001</misses>
				<total>52</total>
				<timestamp>1264.155306</timestamp>
			</report>
			<report>
				<misses>4868001</misses>
				<total>52</total>
				<timestamp>1264.415004</timestamp>
			</report>
			<report>
				<misses>4869001</misses>
				<total>52</total>
				<timestamp>1264.674749</timestamp>
			</report>
			<report>
				<misses>4870001</misses>
				<total>52</total>
				<timestamp>1264.934551</timestamp>
			</report>
			<report>
				<misses>4871001</misses>
				<total>52</total>
				<timestamp>1265.194260</timestamp>
			</report>
			<report>
				<misses>4872001</misses>
				<total>52</total>
				<timestamp>1265.454004</timestamp>
			</report>
			<report>
				<misses>4873001</misses>
				<total>52</total>
				<timestamp>1265.713750</timestamp>
			</report>
			<report>
				<misses>4874001</misses>
				<total>52</total>
				<timestamp>1265.973513</timestamp>
			</report>
			<report>
				<misses>4875001</misses>
				<total>52</total>
				<timestamp>1266.233207</timestamp>
			</report>
			<report>
				<misses>4876001</misses>
				<total>52</total>
				<timestamp>1266.492952</timestamp>
			</report>
			<report>
				<misses>4877001</misses>
				<total>52</total>
				<timestamp>1266.752714</timestamp>
			</report>
			<report>
				<misses>4878001</misses>
				<total>52</total>
				<timestamp>1267.012450</timestamp>
			</report>
			<report>
				<misses>4879001</misses>
				<total>52</total>
				<timestamp>1267.272220</timestamp>
			</report>
			<report>
				<misses>4880001</misses>
				<total>52</total>
				<timestamp>1267.531919</timestamp>
			</report>
			<report>
				<misses>4881001</misses>
				<total>52</total>
				<timestamp>1267.791645</timestamp>
			</report>
			<report>
				<misses>4882001</misses>
				<total>52</total>
				<timestamp>1268.051417</timestamp>
			</report>
			<report>
				<misses>4883001</misses>
				<total>52</total>
				<timestamp>1268.311131</timestamp>
			</report>
			<report>
				<misses>4884001</misses>
				<total>52</total>
				<timestamp>1268.570867</timestamp>
			</report>
			<report>
				<misses>4885001</misses>
				<total>52</total>
				<timestamp>1268.830617</timestamp>
			</report>
			<report>
				<misses>4886001</misses>
				<total>52</total>
				<timestamp>1269.090338</timestamp>
			</report>
			<report>
				<misses>4887001</misses>
				<total>52</total>
				<timestamp>1269.350101</timestamp>
			</report>
			<report>
				<misses>4888001</misses>
				<total>52</total>
				<timestamp>1269.609832</timestamp>
			</report>
			<report>
				<misses>4889001</misses>
				<total>52</total>
				<timestamp>1269.869584</timestamp>
			</report>
			<report>
				<misses>4890001</misses>
				<total>53</total>
				<timestamp>1270.129304</timestamp>
			</report>
			<report>
				<misses>4891001</misses>
				<total>53</total>
				<timestamp>1270.389032</timestamp>
			</report>
			<report>
				<misses>4892001</misses>
				<total>53</total>
				<timestamp>1270.648795</timestamp>
			</report>
			<report>
				<misses>4893001</misses>
				<total>53</total>
				<timestamp>1270.908542</timestamp>
			</report>
			<report>
				<misses>4894001</misses>
				<total>53</total>
				<timestamp>1271.168270</timestamp>
			</report>
			<report>
				<misses>4895001</misses>
				<total>53</total>
				<timestamp>1271.428001</timestamp>
			</report>
			<report>
				<misses>4896001</misses>
				<total>53</total>
				<timestamp>1271.687748</timestamp>
			</report>
			<report>
				<misses>4897001</misses>
				<total>53</total>
				<timestamp>1271.947516</timestamp>
			</report>
			<report>
				<misses>4898001</misses>
				<total>53</total>
				<timestamp>1272.207281</timestamp>
			</report>
			<report>
				<misses>4899001</misses>
				<total>53</total>
				<timestamp>1272.466968</timestamp>
			</report>
			<report>
				<misses>4900001</misses>
				<total>53</total>
				<timestamp>1272.726692</timestamp>
			</report>
			<report>
				<misses>4901001</misses>
				<total>53</total>
				<timestamp>1272.986430</timestamp>
			</report>
			<report>
				<misses>4902001</misses>
				<total>53</total>
				<timestamp>1273.246173</timestamp>
			</report>
			<report>
				<misses>4903001</misses>
				<total>53</total>
				<timestamp>1273.505923</timestamp>
			</report>
			<report>
				<misses>4904001</misses>
				<total>53</total>
				<timestamp>1273.765653</timestamp>
			</report>
			<report>
				<misses>4905001</misses>
				<total>53</total>
				<timestamp>1274.025429</timestamp>
			</report>
			<report>
				<misses>4906001</misses>
				<total>53</total>
				<timestamp>1274.285135</timestamp>
			</report>
			<report>
				<misses>4907001</misses>
				<total>53</total>
				<timestamp>1274.544887</timestamp>
			</report>
			<report>
				<misses>4908001</misses>
				<total>53</total>
				<timestamp>1274.804632</timestamp>
			</report>
			<report>
				<misses>4909001</misses>
				<total>53</total>
				<timestamp>1275.064396</timestamp>
			</report>
			<report>
				<misses>4910001</misses>
				<total>53</total>
				<timestamp>1275.324127</timestamp>
			</report>
			<report>
				<misses>4911001</misses>
				<total>53</total>
				<timestamp>1275.583883</timestamp>
			</report>
			<report>
				<misses>4912001</misses>
				<total>53</total>
				<timestamp>1275.843581</timestamp>
			</report>
			<report>
				<misses>4913001</misses>
				<total>53</total>
				<timestamp>1276.103321</timestamp>
			</report>
			<report>
				<misses>4914001</misses>
				<total>53</total>
				<timestamp>1276.363048</timestamp>
			</report>
			<report>
				<misses>4915001</misses>
				<total>53</total>
				<timestamp>1276.622796</timestamp>
			</report>
			<report>
				<misses>4916001</misses>
				<total>53</total>
				<timestamp>1276.882547</timestamp>
			</report>
			<report>
				<misses>4917001</misses>
				<total>53</total>
				<timestamp>1277.142283</timestamp>
			</report>
			<report>
				<misses>4918001</misses>
				<total>53</total>
				<timestamp>1277.402015</timestamp>
			</report>
			<report>
				<misses>4919001</misses>
				<total>53</total>
				<timestamp>1277.661745</timestamp>
			</report>
			<report>
				<misses>4920001</misses>
				<total>53</total>
				<timestamp>1277.921514</timestamp>
			</report>
			<report>
				<misses>4921001</misses>
				<total>53</total>
				<timestamp>1278.181234</timestamp>
			</report>
			<report>
				<misses>4922001</misses>
				<total>53</total>
				<timestamp>1278.440973</timestamp>
			</report>
			<report>
				<misses>4923001</misses>
				<total>53</total>
				<timestamp>1278.700730</timestamp>
			</report>
			<report>
				<misses>4924001</misses>
				<total>53</total>
				<timestamp>1278.960490</timestamp>
			</report>
			<report>
				<misses>4925001</misses>
				<total>53</total>
				<timestamp>1279.220244</timestamp>
			</report>
			<report>
				<misses>4926001</misses>
				<total>53</total>
				<timestamp>1279.480020</timestamp>
			</report>
			<report>
				<misses>4927001</misses>
				<total>53</total>
				<timestamp>1279.739684</timestamp>
			</report>
			<report>
				<misses>4928001</misses>
				<total>53</total>
				<timestamp>1279.999462</timestamp>
			</report>
			<report>
				<misses>4929001</misses>
				<total>53</total>
				<timestamp>1280.259182</timestamp>
			</report>
			<report>
				<misses>4930001</misses>
				<total>53</total>
				<timestamp>1280.518955</timestamp>
			</report>
			<report>
				<misses>4931001</misses>
				<total>53</total>
				<timestamp>1280.778651</timestamp>
			</report>
			<report>
				<misses>4932001</misses>
				<total>53</total>
				<timestamp>1281.038420</timestamp>
			</report>
			<report>
				<misses>4933001</misses>
				<total>53</total>
				<timestamp>1281.298153</timestamp>
			</report>
			<report>
				<misses>4934001</misses>
				<total>53</total>
				<timestamp>1281.557873</timestamp>
			</report>
			<report>
				<misses>4935001</misses>
				<total>53</total>
				<timestamp>1281.817598</timestamp>
			</report>
			<report>
				<misses>4936001</misses>
				<total>53</total>
				<timestamp>1282.077394</timestamp>
			</report>
			<report>
				<misses>4937001</misses>
				<total>53</total>
				<timestamp>1282.337114</timestamp>
			</report>
			<report>
				<misses>4938001</misses>
				<total>53</total>
				<timestamp>1282.596848</timestamp>
			</report>
			<report>
				<misses>4939001</misses>
				<total>53</total>
				<timestamp>1282.856575</timestamp>
			</report>
			<report>
				<misses>4940001</misses>
				<total>53</total>
				<timestamp>1283.116371</timestamp>
			</report>
			<report>
				<misses>4941001</misses>
				<total>53</total>
				<timestamp>1283.376046</timestamp>
			</report>
			<report>
				<misses>4942001</misses>
				<total>53</total>
				<timestamp>1283.635797</timestamp>
			</report>
			<report>
				<misses>4943001</misses>
				<total>53</total>
				<timestamp>1283.895566</timestamp>
			</report>
			<report>
				<misses>4944001</misses>
				<total>53</total>
				<timestamp>1284.155324</timestamp>
			</report>
			<report>
				<misses>4945001</misses>
				<total>53</total>
				<timestamp>1284.415014</timestamp>
			</report>
			<report>
				<misses>4946001</misses>
				<total>53</total>
				<timestamp>1284.674744</timestamp>
			</report>
			<report>
				<misses>4947001</misses>
				<total>53</total>
				<timestamp>1284.934520</timestamp>
			</report>
			<report>
				<misses>4948001</misses>
				<total>53</total>
				<timestamp>1285.194247</timestamp>
			</report>
			<report>
				<misses>4949001</misses>
				<total>53</total>
				<timestamp>1285.453970</timestamp>
			</report>
			<report>
				<misses>4950001</misses>
				<total>53</total>
				<timestamp>1285.713713</timestamp>
			</report>
			<report>
				<misses>4951001</misses>
				<total>53</total>
				<timestamp>1285.973466</timestamp>
			</report>
			<report>
				<misses>4952001</misses>
				<total>53</total>
				<timestamp>1286.233182</timestamp>
			</report>
			<report>
				<misses>4953001</misses>
				<total>53</total>
				<timestamp>1286.492928</timestamp>
			</report>
			<report>
				<misses>4954001</misses>
				<total>53</total>
				<timestamp>1286.752665</timestamp>
			</report>
			<report>
				<misses>4955001</misses>
				<total>53</total>
				<timestamp>1287.012433</timestamp>
			</report>
			<report>
				<misses>4956001</misses>
				<total>53</total>
				<timestamp>1287.272146</timestamp>
			</report>
			<report>
				<misses>4957001</misses>
				<total>53</total>
				<timestamp>1287.531922</timestamp>
			</report>
			<report>
				<misses>4958001</misses>
				<total>53</total>
				<timestamp>1287.791645</timestamp>
			</report>
			<report>
				<misses>4959001</misses>
				<total>53</total>
				<timestamp>1288.051399</timestamp>
			</report>
			<report>
				<misses>4960001</misses>
				<total>53</total>
				<timestamp>1288.311109</timestamp>
			</report>
			<report>
				<misses>4961001</misses>
				<total>53</total>
				<timestamp>1288.570849</timestamp>
			</report>
			<report>
				<misses>4962001</misses>
				<total>53</total>
				<timestamp>1288.830593</timestamp>
			</report>
			<report>
				<misses>4963001</misses>
				<total>53</total>
				<timestamp>1289.090357</timestamp>
			</report>
			<report>
				<misses>4964001</misses>
				<total>53</total>
				<timestamp>1289.350079</timestamp>
			</report>
			<report>
				<misses>4965001</misses>
				<total>53</total>
				<timestamp>1289.609812</timestamp>
			</report>
			<report>
				<misses>4966001</misses>
				<total>53</total>
				<timestamp>1289.869540</timestamp>
			</report>
			<report>
				<misses>4967001</misses>
				<total>53</total>
				<timestamp>1290.129334</timestamp>
			</report>
			<report>
				<misses>4968001</misses>
				<total>53</total>
				<timestamp>1290.389012</timestamp>
			</report>
			<report>
				<misses>4969001</misses>
				<total>53</total>
				<timestamp>1290.648749</timestamp>
			</report>
			<report>
				<misses>4970001</misses>
				<total>53</total>
				<timestamp>1290.908559</timestamp>
			</report>
			<report>
				<misses>4971001</misses>
				<total>53</total>
				<timestamp>1291.168283</timestamp>
			</report>
			<report>
				<misses>4972001</misses>
				<total>53</total>
				<timestamp>1291.427964</timestamp>
			</report>
			<report>
				<misses>4973001</misses>
				<total>53</total>
				<timestamp>1291.687722</timestamp>
			</report>
			<report>
				<misses>4974001</misses>
				<total>53</total>
				<timestamp>1291.947489</timestamp>
			</report>
			<report>
				<misses>4975001</misses>
				<total>53</total>
				<timestamp>1292.207208</timestamp>
			</report>
			<report>
				<misses>4976001</misses>
				<total>53</total>
				<timestamp>1292.466938</timestamp>
			</report>
			<report>
				<misses>4977001</misses>
				<total>53</total>
				<timestamp>1292.726675</timestamp>
			</report>
			<report>
				<misses>4978001</misses>
				<total>53</total>
				<timestamp>1292.986458</timestamp>
			</report>
			<report>
				<misses>4979001</misses>
				<total>53</total>
				<timestamp>1293.246174</timestamp>
			</report>
			<report>
				<misses>4980001</misses>
				<total>53</total>
				<timestamp>1293.505906</timestamp>
			</report>
			<report>
				<misses>4981001</misses>
				<total>53</total>
				<timestamp>1293.765626</timestamp>
			</report>
			<report>
				<misses>4982001</misses>
				<total>53</total>
				<timestamp>1294.025440</timestamp>
			</report>
			<report>
				<misses>4983001</misses>
				<total>53</total>
				<timestamp>1294.285118</timestamp>
			</report>
			<report>
				<misses>4984001</misses>
				<total>53</total>
				<timestamp>1294.544870</timestamp>
			</report>
			<report>
				<misses>4985001</misses>
				<total>53</total>
				<timestamp>1294.804610</timestamp>
			</report>
			<report>
				<misses>4986001</misses>
				<total>53</total>
				<timestamp>1295.064434</timestamp>
			</report>
			<report>
				<misses>4987001</misses>
				<total>53</total>
				<timestamp>1295.324074</timestamp>
			</report>
			<report>
				<misses>4988001</misses>
				<total>53</total>
				<timestamp>1295.583818</timestamp>
			</report>
			<report>
				<misses>4989001</misses>
				<total>53</total>
				<timestamp>1295.843621</timestamp>
			</report>
			<report>
				<misses>4990001</misses>
				<total>53</total>
				<timestamp>1296.103345</timestamp>
			</report>
			<report>
				<misses>4991001</misses>
				<total>53</total>
				<timestamp>1296.363021</timestamp>
			</report>
			<report>
				<misses>4992001</misses>
				<total>53</total>
				<timestamp>1296.622776</timestamp>
			</report>
			<report>
				<misses>4993001</misses>
				<total>53</total>
				<timestamp>1296.882507</timestamp>
			</report>
			<report>
				<misses>4994001</misses>
				<total>53</total>
				<timestamp>1297.142289</timestamp>
			</report>
			<report>
				<misses>4995001</misses>
				<total>53</total>
				<timestamp>1297.401990</timestamp>
			</report>
			<report>
				<misses>4996001</misses>
				<total>53</total>
				<timestamp>1297.661747</timestamp>
			</report>
			<report>
				<misses>4997001</misses>
				<total>53</total>
				<timestamp>1297.921500</timestamp>
			</report>
			<report>
				<misses>4998001</misses>
				<total>53</total>
				<timestamp>1298.181307</timestamp>
			</report>
			<report>
				<misses>4999001</misses>
				<total>53</total>
				<timestamp>1298.441008</timestamp>
			</report>
			<report>
				<misses>5000001</misses>
				<total>53</total>
				<timestamp>1298.700701</timestamp>
			</report>
		</query>
	</custom>
	<ethtool_statistic>
		<rx_packets>
			<start>8172378220</start>
			<end>8283015524</end>
		</rx_packets>
		<tx_packets>
			<start>13696413043</start>
			<end>13866510394</end>
		</tx_packets>
		<rx_dropped>
			<start>828</start>
			<end>828</end>
		</rx_dropped>
		<tx_dropped>
			<start>0</start>
			<end>0</end>
		</tx_dropped>
		<collisions>
			<start>0</start>
			<end>0</end>
		</collisions>
		<port_tx_errors>
			<start>0</start>
			<end>0</end>
		</port_tx_errors>
		<port_rx_dropped>
			<start>0</start>
			<end>0</end>
		</port_rx_dropped>
		<port_tx_dropped_link_down>
			<start>0</start>
			<end>0</end>
		</port_tx_dropped_link_down>
	</ethtool_statistic>
	<ip_statistic>
		<mtu>
			<start>9000</start>
			<end>9000</end>
		</mtu>
		<rx_bytes>
			<start>33515957190009</start>
			<end>33953984238685</end>
		</rx_bytes>
		<rx_packets>
			<start>8172378368</start>
			<end>8283015612</end>
		</rx_packets>
		<rx_errors>
			<start>0</start>
			<end>0</end>
		</rx_errors>
		<rx_dropped>
			<start>828</start>
			<end>828</end>
		</rx_dropped>
		<rx_missed>
			<start>0</start>
			<end>0</end>
		</rx_missed>
		<rx_mcast>
			<start>5065</start>
			<end>5079</end>
		</rx_mcast>
		<tx_bytes>
			<start>47874403503280</start>
			<end>48530966261454</end>
		</tx_bytes>
		<tx_packets>
			<start>13696413071</start>
			<end>13866510419</end>
		</tx_packets>
		<tx_errors>
			<start>0</start>
			<end>0</end>
		</tx_errors>
		<tx_dropped>
			<start>0</start>
			<end>0</end>
		</tx_dropped>
		<tx_carrier>
			<start>0</start>
			<end>0</end>
		</tx_carrier>
		<tx_collisions>
			<start>0</start>
			<end>0</end>
		</tx_collisions>
	</ip_statistic>
	<netstat_statistic>
		<udp_pkg_rec>
			<start>6962149138</start>
			<end>7047613229</end>
		</udp_pkg_rec>
		<udp_pkg_snt>
			<start>11930188805</start>
			<end>12065327868</end>
		</udp_pkg_snt>
		<udp_rec_err>
			<start>1212210833</start>
			<end>1237390465</end>
		</udp_rec_err>
		<udp_rec_buf_err>
			<start>1212210833</start>
			<end>1237390465</end>
		</udp_rec_buf_err>
		<udp_snt_buf_err>
			<start>0</start>
			<end>0</end>
		</udp_snt_buf_err>
	</netstat_statistic>
</test_results>
