<?xml version="1.0"?>
<test_results>
	<status>STATUS_SUCCESS</status>
	<custom>
		<num_loss>131</num_loss>
		<num_total>5000001</num_total>
		<num_misses>156</num_misses>
		<elapsed_time>300.006477</elapsed_time>
		<query>
			<report>
				<misses>100000</misses>
				<total>0</total>
				<timestamp>6.000153</timestamp>
			</report>
			<report>
				<misses>200000</misses>
				<total>0</total>
				<timestamp>12.000207</timestamp>
			</report>
			<report>
				<misses>300000</misses>
				<total>1</total>
				<timestamp>18.000182</timestamp>
			</report>
			<report>
				<misses>400000</misses>
				<total>2</total>
				<timestamp>24.000170</timestamp>
			</report>
			<report>
				<misses>500000</misses>
				<total>4</total>
				<timestamp>30.000101</timestamp>
			</report>
			<report>
				<misses>600000</misses>
				<total>6</total>
				<timestamp>36.000504</timestamp>
			</report>
			<report>
				<misses>700000</misses>
				<total>12</total>
				<timestamp>42.000457</timestamp>
			</report>
			<report>
				<misses>800000</misses>
				<total>20</total>
				<timestamp>48.000633</timestamp>
			</report>
			<report>
				<misses>900000</misses>
				<total>28</total>
				<timestamp>54.000904</timestamp>
			</report>
			<report>
				<misses>1000000</misses>
				<total>29</total>
				<timestamp>60.001365</timestamp>
			</report>
			<report>
				<misses>1100000</misses>
				<total>29</total>
				<timestamp>66.001434</timestamp>
			</report>
			<report>
				<misses>1200000</misses>
				<total>30</total>
				<timestamp>72.001480</timestamp>
			</report>
			<report>
				<misses>1300000</misses>
				<total>31</total>
				<timestamp>78.001425</timestamp>
			</report>
			<report>
				<misses>1400000</misses>
				<total>43</total>
				<timestamp>84.001895</timestamp>
			</report>
			<report>
				<misses>1500000</misses>
				<total>43</total>
				<timestamp>90.002377</timestamp>
			</report>
			<report>
				<misses>1600000</misses>
				<total>48</total>
				<timestamp>96.002906</timestamp>
			</report>
			<report>
				<misses>1700000</misses>
				<total>48</total>
				<timestamp>102.002964</timestamp>
			</report>
			<report>
				<misses>1800000</misses>
				<total>48</total>
				<timestamp>108.002975</timestamp>
			</report>
			<report>
				<misses>1900000</misses>
				<total>51</total>
				<timestamp>114.003109</timestamp>
			</report>
			<report>
				<misses>2000000</misses>
				<total>57</total>
				<timestamp>120.003035</timestamp>
			</report>
			<report>
				<misses>2100000</misses>
				<total>59</total>
				<timestamp>126.003256</timestamp>
			</report>
			<report>
				<misses>2200000</misses>
				<total>63</total>
				<timestamp>132.003865</timestamp>
			</report>
			<report>
				<misses>2300000</misses>
				<total>63</total>
				<timestamp>138.003984</timestamp>
			</report>
			<report>
				<misses>2400000</misses>
				<total>63</total>
				<timestamp>144.003969</timestamp>
			</report>
			<report>
				<misses>2500000</misses>
				<total>65</total>
				<timestamp>150.004242</timestamp>
			</report>
			<report>
				<misses>2600000</misses>
				<total>70</total>
				<timestamp>156.004337</timestamp>
			</report>
			<report>
				<misses>2700000</misses>
				<total>70</total>
				<timestamp>162.004533</timestamp>
			</report>
			<report>
				<misses>2800000</misses>
				<total>74</total>
				<timestamp>168.004814</timestamp>
			</report>
			<report>
				<misses>2900000</misses>
				<total>77</total>
				<timestamp>174.005084</timestamp>
			</report>
			<report>
				<misses>3000000</misses>
				<total>78</total>
				<timestamp>180.005416</timestamp>
			</report>
			<report>
				<misses>3100000</misses>
				<total>79</total>
				<timestamp>186.005929</timestamp>
			</report>
			<report>
				<misses>3200000</misses>
				<total>81</total>
				<timestamp>192.005912</timestamp>
			</report>
			<report>
				<misses>3300000</misses>
				<total>86</total>
				<timestamp>198.006039</timestamp>
			</report>
			<report>
				<misses>3400000</misses>
				<total>87</total>
				<timestamp>204.006694</timestamp>
			</report>
			<report>
				<misses>3500000</misses>
				<total>89</total>
				<timestamp>210.006632</timestamp>
			</report>
			<report>
				<misses>3600000</misses>
				<total>89</total>
				<timestamp>216.006576</timestamp>
			</report>
			<report>
				<misses>3700000</misses>
				<total>92</total>
				<timestamp>222.006545</timestamp>
			</report>
			<report>
				<misses>3800000</misses>
				<total>92</total>
				<timestamp>228.006528</timestamp>
			</report>
			<report>
				<misses>3900000</misses>
				<total>95</total>
				<timestamp>234.006670</timestamp>
			</report>
			<report>
				<misses>4000000</misses>
				<total>96</total>
				<timestamp>240.006672</timestamp>
			</report>
			<report>
				<misses>4100000</misses>
				<total>100</total>
				<timestamp>246.006640</timestamp>
			</report>
			<report>
				<misses>4200000</misses>
				<total>105</total>
				<timestamp>252.006629</timestamp>
			</report>
			<report>
				<misses>4300000</misses>
				<total>119</total>
				<timestamp>258.006570</timestamp>
			</report>
			<report>
				<misses>4400000</misses>
				<total>122</total>
				<timestamp>264.006530</timestamp>
			</report>
			<report>
				<misses>4500000</misses>
				<total>122</total>
				<timestamp>270.006705</timestamp>
			</report>
			<report>
				<misses>4600000</misses>
				<total>126</total>
				<timestamp>276.006644</timestamp>
			</report>
			<report>
				<misses>4700000</misses>
				<total>127</total>
				<timestamp>282.006601</timestamp>
			</report>
			<report>
				<misses>4800000</misses>
				<total>130</total>
				<timestamp>288.006592</timestamp>
			</report>
			<report>
				<misses>4900000</misses>
				<total>131</total>
				<timestamp>294.006533</timestamp>
			</report>
			<report>
				<misses>5000000</misses>
				<total>131</total>
				<timestamp>300.006455</timestamp>
			</report>
		</query>
	</custom>
	<ethtool_statistic>
		<rx_packets>
			<start>2556681632</start>
			<end>2570876737</end>
		</rx_packets>
		<tx_packets>
			<start>2905636111</start>
			<end>2919155279</end>
		</tx_packets>
		<rx_dropped>
			<start>0</start>
			<end>0</end>
		</rx_dropped>
		<tx_dropped>
			<start>0</start>
			<end>0</end>
		</tx_dropped>
		<collisions>
			<start>0</start>
			<end>0</end>
		</collisions>
		<port_tx_errors>
			<start>0</start>
			<end>0</end>
		</port_tx_errors>
		<port_rx_dropped>
			<start>0</start>
			<end>0</end>
		</port_rx_dropped>
		<port_tx_dropped_link_down>
			<start>0</start>
			<end>0</end>
		</port_tx_dropped_link_down>
	</ethtool_statistic>
	<ip_statistic>
		<mtu>
			<start>9000</start>
			<end>9000</end>
		</mtu>
		<rx_bytes>
			<start>22983938792212</start>
			<end>23111550747549</end>
		</rx_bytes>
		<rx_packets>
			<start>2556681757</start>
			<end>2570876834</end>
		</rx_packets>
		<rx_errors>
			<start>0</start>
			<end>0</end>
		</rx_errors>
		<rx_dropped>
			<start>0</start>
			<end>0</end>
		</rx_dropped>
		<rx_missed>
			<start>0</start>
			<end>0</end>
		</rx_missed>
		<rx_mcast>
			<start>454</start>
			<end>461</end>
		</rx_mcast>
		<tx_bytes>
			<start>14245669888369</start>
			<end>14366965520807</end>
		</tx_bytes>
		<tx_packets>
			<start>2905636194</start>
			<end>2919155335</end>
		</tx_packets>
		<tx_errors>
			<start>0</start>
			<end>0</end>
		</tx_errors>
		<tx_dropped>
			<start>0</start>
			<end>0</end>
		</tx_dropped>
		<tx_carrier>
			<start>0</start>
			<end>0</end>
		</tx_carrier>
		<tx_collisions>
			<start>0</start>
			<end>0</end>
		</tx_collisions>
	</ip_statistic>
	<netstat_statistic>
		<udp_pkg_rec>
			<start>2408396158</start>
			<end>2422042654</end>
		</udp_pkg_rec>
		<udp_pkg_snt>
			<start>2905949692</start>
			<end>2919471107</end>
		</udp_pkg_snt>
		<udp_rec_err>
			<start>148533778</start>
			<end>149083802</end>
		</udp_rec_err>
		<udp_rec_buf_err>
			<start>148533778</start>
			<end>149083802</end>
		</udp_rec_buf_err>
		<udp_snt_buf_err>
			<start>0</start>
			<end>0</end>
		</udp_snt_buf_err>
	</netstat_statistic>
</test_results>
