<?xml version="1.0"?>
<test_results>
	<status>STATUS_SUCCESS</status>
	<custom>
		<num_loss>0</num_loss>
		<num_total>55903955</num_total>
		<num_misses>1384085510</num_misses>
		<elapsed_time>3599.972266</elapsed_time>
		<query>
			<report>
				<misses>100001</misses>
				<total>1</total>
				<timestamp>6.637314</timestamp>
			</report>
			<report>
				<misses>200001</misses>
				<total>2</total>
				<timestamp>13.265848</timestamp>
			</report>
			<report>
				<misses>300001</misses>
				<total>2</total>
				<timestamp>19.763801</timestamp>
			</report>
			<report>
				<misses>400001</misses>
				<total>2</total>
				<timestamp>26.257566</timestamp>
			</report>
			<report>
				<misses>500001</misses>
				<total>2</total>
				<timestamp>32.906465</timestamp>
			</report>
			<report>
				<misses>600001</misses>
				<total>2</total>
				<timestamp>39.559003</timestamp>
			</report>
			<report>
				<misses>700001</misses>
				<total>2</total>
				<timestamp>46.205254</timestamp>
			</report>
			<report>
				<misses>800001</misses>
				<total>2</total>
				<timestamp>52.582012</timestamp>
			</report>
			<report>
				<misses>900001</misses>
				<total>2</total>
				<timestamp>58.906847</timestamp>
			</report>
			<report>
				<misses>1000001</misses>
				<total>1</total>
				<timestamp>65.535045</timestamp>
			</report>
			<report>
				<misses>1100001</misses>
				<total>2</total>
				<timestamp>72.187879</timestamp>
			</report>
			<report>
				<misses>1200001</misses>
				<total>1</total>
				<timestamp>78.841172</timestamp>
			</report>
			<report>
				<misses>1300001</misses>
				<total>1</total>
				<timestamp>85.481581</timestamp>
			</report>
			<report>
				<misses>1400001</misses>
				<total>1</total>
				<timestamp>91.964620</timestamp>
			</report>
			<report>
				<misses>1500001</misses>
				<total>2</total>
				<timestamp>98.453557</timestamp>
			</report>
			<report>
				<misses>1600001</misses>
				<total>1</total>
				<timestamp>104.778539</timestamp>
			</report>
			<report>
				<misses>1700001</misses>
				<total>2</total>
				<timestamp>111.288841</timestamp>
			</report>
			<report>
				<misses>1800001</misses>
				<total>2</total>
				<timestamp>117.901775</timestamp>
			</report>
			<report>
				<misses>1900001</misses>
				<total>1</total>
				<timestamp>124.509965</timestamp>
			</report>
			<report>
				<misses>2000001</misses>
				<total>2</total>
				<timestamp>131.125914</timestamp>
			</report>
			<report>
				<misses>2100001</misses>
				<total>1</total>
				<timestamp>137.732673</timestamp>
			</report>
			<report>
				<misses>2200001</misses>
				<total>2</total>
				<timestamp>144.343474</timestamp>
			</report>
			<report>
				<misses>2300001</misses>
				<total>2</total>
				<timestamp>150.952721</timestamp>
			</report>
			<report>
				<misses>2400001</misses>
				<total>1</total>
				<timestamp>157.562999</timestamp>
			</report>
			<report>
				<misses>2500001</misses>
				<total>1</total>
				<timestamp>164.177175</timestamp>
			</report>
			<report>
				<misses>2600001</misses>
				<total>1</total>
				<timestamp>170.792648</timestamp>
			</report>
			<report>
				<misses>2700001</misses>
				<total>2</total>
				<timestamp>177.403164</timestamp>
			</report>
			<report>
				<misses>2800001</misses>
				<total>1</total>
				<timestamp>183.642804</timestamp>
			</report>
			<report>
				<misses>2900001</misses>
				<total>2</total>
				<timestamp>189.887931</timestamp>
			</report>
			<report>
				<misses>3000001</misses>
				<total>2</total>
				<timestamp>196.127607</timestamp>
			</report>
			<report>
				<misses>3100001</misses>
				<total>1</total>
				<timestamp>202.358191</timestamp>
			</report>
			<report>
				<misses>3200001</misses>
				<total>1</total>
				<timestamp>208.600822</timestamp>
			</report>
			<report>
				<misses>3300001</misses>
				<total>2</total>
				<timestamp>214.842704</timestamp>
			</report>
			<report>
				<misses>3400001</misses>
				<total>3</total>
				<timestamp>221.087931</timestamp>
			</report>
			<report>
				<misses>3500001</misses>
				<total>1</total>
				<timestamp>227.330804</timestamp>
			</report>
			<report>
				<misses>3600001</misses>
				<total>2</total>
				<timestamp>233.581416</timestamp>
			</report>
			<report>
				<misses>3700001</misses>
				<total>2</total>
				<timestamp>239.823020</timestamp>
			</report>
			<report>
				<misses>3800001</misses>
				<total>1</total>
				<timestamp>246.063549</timestamp>
			</report>
			<report>
				<misses>3900001</misses>
				<total>1</total>
				<timestamp>252.313479</timestamp>
			</report>
			<report>
				<misses>4000001</misses>
				<total>2</total>
				<timestamp>258.556533</timestamp>
			</report>
			<report>
				<misses>4100001</misses>
				<total>2</total>
				<timestamp>264.789606</timestamp>
			</report>
			<report>
				<misses>4200001</misses>
				<total>2</total>
				<timestamp>271.034929</timestamp>
			</report>
			<report>
				<misses>4300001</misses>
				<total>2</total>
				<timestamp>277.282471</timestamp>
			</report>
			<report>
				<misses>4400001</misses>
				<total>1</total>
				<timestamp>283.516985</timestamp>
			</report>
			<report>
				<misses>4500001</misses>
				<total>1</total>
				<timestamp>289.757636</timestamp>
			</report>
			<report>
				<misses>4600001</misses>
				<total>2</total>
				<timestamp>296.003101</timestamp>
			</report>
			<report>
				<misses>4700001</misses>
				<total>2</total>
				<timestamp>302.248757</timestamp>
			</report>
			<report>
				<misses>4800001</misses>
				<total>1</total>
				<timestamp>308.483474</timestamp>
			</report>
			<report>
				<misses>4900001</misses>
				<total>2</total>
				<timestamp>314.727116</timestamp>
			</report>
			<report>
				<misses>5000001</misses>
				<total>1</total>
				<timestamp>320.967102</timestamp>
			</report>
			<report>
				<misses>5100001</misses>
				<total>2</total>
				<timestamp>327.200083</timestamp>
			</report>
			<report>
				<misses>5200001</misses>
				<total>1</total>
				<timestamp>333.448293</timestamp>
			</report>
			<report>
				<misses>5300001</misses>
				<total>2</total>
				<timestamp>339.695955</timestamp>
			</report>
			<report>
				<misses>5400001</misses>
				<total>1</total>
				<timestamp>345.936217</timestamp>
			</report>
			<report>
				<misses>5500001</misses>
				<total>2</total>
				<timestamp>352.175939</timestamp>
			</report>
			<report>
				<misses>5600001</misses>
				<total>1</total>
				<timestamp>358.424156</timestamp>
			</report>
			<report>
				<misses>5700001</misses>
				<total>1</total>
				<timestamp>365.053106</timestamp>
			</report>
			<report>
				<misses>5800001</misses>
				<total>1</total>
				<timestamp>371.693040</timestamp>
			</report>
			<report>
				<misses>5900001</misses>
				<total>1</total>
				<timestamp>378.340014</timestamp>
			</report>
			<report>
				<misses>6000001</misses>
				<total>2</total>
				<timestamp>384.982583</timestamp>
			</report>
			<report>
				<misses>6100001</misses>
				<total>1</total>
				<timestamp>391.626284</timestamp>
			</report>
			<report>
				<misses>6200001</misses>
				<total>2</total>
				<timestamp>398.276281</timestamp>
			</report>
			<report>
				<misses>6300001</misses>
				<total>1</total>
				<timestamp>404.913704</timestamp>
			</report>
			<report>
				<misses>6400001</misses>
				<total>2</total>
				<timestamp>411.536798</timestamp>
			</report>
			<report>
				<misses>6500001</misses>
				<total>2</total>
				<timestamp>418.179164</timestamp>
			</report>
			<report>
				<misses>6600001</misses>
				<total>2</total>
				<timestamp>424.821885</timestamp>
			</report>
			<report>
				<misses>6700001</misses>
				<total>1</total>
				<timestamp>431.445558</timestamp>
			</report>
			<report>
				<misses>6800001</misses>
				<total>2</total>
				<timestamp>438.088956</timestamp>
			</report>
			<report>
				<misses>6900001</misses>
				<total>1</total>
				<timestamp>444.725398</timestamp>
			</report>
			<report>
				<misses>7000001</misses>
				<total>1</total>
				<timestamp>451.354482</timestamp>
			</report>
			<report>
				<misses>7100001</misses>
				<total>2</total>
				<timestamp>457.979074</timestamp>
			</report>
			<report>
				<misses>7200001</misses>
				<total>2</total>
				<timestamp>464.601395</timestamp>
			</report>
			<report>
				<misses>7300001</misses>
				<total>1</total>
				<timestamp>471.231334</timestamp>
			</report>
			<report>
				<misses>7400001</misses>
				<total>2</total>
				<timestamp>477.845707</timestamp>
			</report>
			<report>
				<misses>7500001</misses>
				<total>1</total>
				<timestamp>484.472205</timestamp>
			</report>
			<report>
				<misses>7600001</misses>
				<total>2</total>
				<timestamp>491.097527</timestamp>
			</report>
			<report>
				<misses>7700001</misses>
				<total>1</total>
				<timestamp>497.714913</timestamp>
			</report>
			<report>
				<misses>7800001</misses>
				<total>2</total>
				<timestamp>504.344861</timestamp>
			</report>
			<report>
				<misses>7900001</misses>
				<total>2</total>
				<timestamp>510.980213</timestamp>
			</report>
			<report>
				<misses>8000001</misses>
				<total>2</total>
				<timestamp>517.605111</timestamp>
			</report>
			<report>
				<misses>8100001</misses>
				<total>1</total>
				<timestamp>524.214254</timestamp>
			</report>
			<report>
				<misses>8200001</misses>
				<total>1</total>
				<timestamp>530.844928</timestamp>
			</report>
			<report>
				<misses>8300001</misses>
				<total>1</total>
				<timestamp>537.468489</timestamp>
			</report>
			<report>
				<misses>8400001</misses>
				<total>2</total>
				<timestamp>544.069611</timestamp>
			</report>
			<report>
				<misses>8500001</misses>
				<total>2</total>
				<timestamp>550.689277</timestamp>
			</report>
			<report>
				<misses>8600001</misses>
				<total>1</total>
				<timestamp>557.316375</timestamp>
			</report>
			<report>
				<misses>8700001</misses>
				<total>2</total>
				<timestamp>563.938181</timestamp>
			</report>
			<report>
				<misses>8800001</misses>
				<total>2</total>
				<timestamp>570.566067</timestamp>
			</report>
			<report>
				<misses>8900001</misses>
				<total>2</total>
				<timestamp>577.190991</timestamp>
			</report>
			<report>
				<misses>9000001</misses>
				<total>2</total>
				<timestamp>583.816788</timestamp>
			</report>
			<report>
				<misses>9100001</misses>
				<total>2</total>
				<timestamp>590.431472</timestamp>
			</report>
			<report>
				<misses>9200001</misses>
				<total>1</total>
				<timestamp>597.055173</timestamp>
			</report>
			<report>
				<misses>9300001</misses>
				<total>2</total>
				<timestamp>603.688268</timestamp>
			</report>
			<report>
				<misses>9400001</misses>
				<total>0</total>
				<timestamp>610.317497</timestamp>
			</report>
			<report>
				<misses>9500001</misses>
				<total>1</total>
				<timestamp>616.946609</timestamp>
			</report>
			<report>
				<misses>9600001</misses>
				<total>2</total>
				<timestamp>623.570616</timestamp>
			</report>
			<report>
				<misses>9700001</misses>
				<total>1</total>
				<timestamp>630.196615</timestamp>
			</report>
			<report>
				<misses>9800001</misses>
				<total>1</total>
				<timestamp>636.804212</timestamp>
			</report>
			<report>
				<misses>9900001</misses>
				<total>1</total>
				<timestamp>643.426993</timestamp>
			</report>
			<report>
				<misses>10000001</misses>
				<total>2</total>
				<timestamp>650.046283</timestamp>
			</report>
			<report>
				<misses>10100001</misses>
				<total>2</total>
				<timestamp>656.663208</timestamp>
			</report>
			<report>
				<misses>10200001</misses>
				<total>1</total>
				<timestamp>663.278887</timestamp>
			</report>
			<report>
				<misses>10300001</misses>
				<total>1</total>
				<timestamp>669.906820</timestamp>
			</report>
			<report>
				<misses>10400001</misses>
				<total>2</total>
				<timestamp>676.530783</timestamp>
			</report>
			<report>
				<misses>10500001</misses>
				<total>2</total>
				<timestamp>683.140156</timestamp>
			</report>
			<report>
				<misses>10600001</misses>
				<total>2</total>
				<timestamp>689.768524</timestamp>
			</report>
			<report>
				<misses>10700001</misses>
				<total>1</total>
				<timestamp>696.393205</timestamp>
			</report>
			<report>
				<misses>10800001</misses>
				<total>2</total>
				<timestamp>703.016711</timestamp>
			</report>
			<report>
				<misses>10900001</misses>
				<total>1</total>
				<timestamp>709.642736</timestamp>
			</report>
			<report>
				<misses>11000001</misses>
				<total>1</total>
				<timestamp>716.266581</timestamp>
			</report>
			<report>
				<misses>11100001</misses>
				<total>0</total>
				<timestamp>722.898563</timestamp>
			</report>
			<report>
				<misses>11200001</misses>
				<total>2</total>
				<timestamp>729.514162</timestamp>
			</report>
			<report>
				<misses>11300001</misses>
				<total>0</total>
				<timestamp>736.132759</timestamp>
			</report>
			<report>
				<misses>11400001</misses>
				<total>2</total>
				<timestamp>742.757000</timestamp>
			</report>
			<report>
				<misses>11500001</misses>
				<total>1</total>
				<timestamp>749.380361</timestamp>
			</report>
			<report>
				<misses>11600001</misses>
				<total>2</total>
				<timestamp>755.999723</timestamp>
			</report>
			<report>
				<misses>11700001</misses>
				<total>2</total>
				<timestamp>762.625192</timestamp>
			</report>
			<report>
				<misses>11800001</misses>
				<total>1</total>
				<timestamp>769.246623</timestamp>
			</report>
			<report>
				<misses>11900001</misses>
				<total>2</total>
				<timestamp>775.864440</timestamp>
			</report>
			<report>
				<misses>12000001</misses>
				<total>2</total>
				<timestamp>782.494097</timestamp>
			</report>
			<report>
				<misses>12100001</misses>
				<total>1</total>
				<timestamp>789.121040</timestamp>
			</report>
			<report>
				<misses>12200001</misses>
				<total>2</total>
				<timestamp>795.738933</timestamp>
			</report>
			<report>
				<misses>12300001</misses>
				<total>1</total>
				<timestamp>802.343661</timestamp>
			</report>
			<report>
				<misses>12400001</misses>
				<total>2</total>
				<timestamp>808.967025</timestamp>
			</report>
			<report>
				<misses>12500001</misses>
				<total>2</total>
				<timestamp>815.590632</timestamp>
			</report>
			<report>
				<misses>12600001</misses>
				<total>2</total>
				<timestamp>822.206150</timestamp>
			</report>
			<report>
				<misses>12700001</misses>
				<total>2</total>
				<timestamp>828.834607</timestamp>
			</report>
			<report>
				<misses>12800001</misses>
				<total>1</total>
				<timestamp>835.471546</timestamp>
			</report>
			<report>
				<misses>12900001</misses>
				<total>1</total>
				<timestamp>842.091278</timestamp>
			</report>
			<report>
				<misses>13000001</misses>
				<total>2</total>
				<timestamp>848.693777</timestamp>
			</report>
			<report>
				<misses>13100001</misses>
				<total>2</total>
				<timestamp>855.321992</timestamp>
			</report>
			<report>
				<misses>13200001</misses>
				<total>1</total>
				<timestamp>861.953203</timestamp>
			</report>
			<report>
				<misses>13300001</misses>
				<total>2</total>
				<timestamp>868.557222</timestamp>
			</report>
			<report>
				<misses>13400001</misses>
				<total>2</total>
				<timestamp>875.118852</timestamp>
			</report>
			<report>
				<misses>13500001</misses>
				<total>2</total>
				<timestamp>881.697027</timestamp>
			</report>
			<report>
				<misses>13600001</misses>
				<total>1</total>
				<timestamp>888.318218</timestamp>
			</report>
			<report>
				<misses>13700001</misses>
				<total>1</total>
				<timestamp>894.959493</timestamp>
			</report>
			<report>
				<misses>13800001</misses>
				<total>3</total>
				<timestamp>901.612801</timestamp>
			</report>
			<report>
				<misses>13900001</misses>
				<total>2</total>
				<timestamp>908.240297</timestamp>
			</report>
			<report>
				<misses>14000001</misses>
				<total>2</total>
				<timestamp>914.678166</timestamp>
			</report>
			<report>
				<misses>14100001</misses>
				<total>1</total>
				<timestamp>921.113878</timestamp>
			</report>
			<report>
				<misses>14200001</misses>
				<total>2</total>
				<timestamp>927.549071</timestamp>
			</report>
			<report>
				<misses>14300001</misses>
				<total>1</total>
				<timestamp>934.021014</timestamp>
			</report>
			<report>
				<misses>14400001</misses>
				<total>2</total>
				<timestamp>940.624010</timestamp>
			</report>
			<report>
				<misses>14500001</misses>
				<total>2</total>
				<timestamp>947.237395</timestamp>
			</report>
			<report>
				<misses>14600001</misses>
				<total>2</total>
				<timestamp>953.840619</timestamp>
			</report>
			<report>
				<misses>14700001</misses>
				<total>2</total>
				<timestamp>960.442096</timestamp>
			</report>
			<report>
				<misses>14800001</misses>
				<total>1</total>
				<timestamp>967.032807</timestamp>
			</report>
			<report>
				<misses>14900001</misses>
				<total>2</total>
				<timestamp>973.589787</timestamp>
			</report>
			<report>
				<misses>15000001</misses>
				<total>2</total>
				<timestamp>980.144001</timestamp>
			</report>
			<report>
				<misses>15100001</misses>
				<total>1</total>
				<timestamp>986.697563</timestamp>
			</report>
			<report>
				<misses>15200001</misses>
				<total>1</total>
				<timestamp>993.252588</timestamp>
			</report>
			<report>
				<misses>15300001</misses>
				<total>2</total>
				<timestamp>999.804944</timestamp>
			</report>
			<report>
				<misses>15400001</misses>
				<total>0</total>
				<timestamp>1006.357715</timestamp>
			</report>
			<report>
				<misses>15500001</misses>
				<total>1</total>
				<timestamp>1012.907316</timestamp>
			</report>
			<report>
				<misses>15600001</misses>
				<total>2</total>
				<timestamp>1019.462314</timestamp>
			</report>
			<report>
				<misses>15700001</misses>
				<total>2</total>
				<timestamp>1026.018988</timestamp>
			</report>
			<report>
				<misses>15800001</misses>
				<total>2</total>
				<timestamp>1032.571446</timestamp>
			</report>
			<report>
				<misses>15900001</misses>
				<total>1</total>
				<timestamp>1039.121339</timestamp>
			</report>
			<report>
				<misses>16000001</misses>
				<total>2</total>
				<timestamp>1045.672604</timestamp>
			</report>
			<report>
				<misses>16100001</misses>
				<total>1</total>
				<timestamp>1052.241563</timestamp>
			</report>
			<report>
				<misses>16200001</misses>
				<total>1</total>
				<timestamp>1058.809483</timestamp>
			</report>
			<report>
				<misses>16300001</misses>
				<total>0</total>
				<timestamp>1065.355880</timestamp>
			</report>
			<report>
				<misses>16400001</misses>
				<total>2</total>
				<timestamp>1071.917954</timestamp>
			</report>
			<report>
				<misses>16500001</misses>
				<total>2</total>
				<timestamp>1078.479848</timestamp>
			</report>
			<report>
				<misses>16600001</misses>
				<total>3</total>
				<timestamp>1085.026934</timestamp>
			</report>
			<report>
				<misses>16700001</misses>
				<total>1</total>
				<timestamp>1091.601475</timestamp>
			</report>
			<report>
				<misses>16800001</misses>
				<total>2</total>
				<timestamp>1098.160713</timestamp>
			</report>
			<report>
				<misses>16900001</misses>
				<total>1</total>
				<timestamp>1104.710144</timestamp>
			</report>
			<report>
				<misses>17000001</misses>
				<total>1</total>
				<timestamp>1111.272460</timestamp>
			</report>
			<report>
				<misses>17100001</misses>
				<total>2</total>
				<timestamp>1117.837108</timestamp>
			</report>
			<report>
				<misses>17200001</misses>
				<total>1</total>
				<timestamp>1124.402660</timestamp>
			</report>
			<report>
				<misses>17300001</misses>
				<total>2</total>
				<timestamp>1130.958272</timestamp>
			</report>
			<report>
				<misses>17400001</misses>
				<total>1</total>
				<timestamp>1137.191174</timestamp>
			</report>
			<report>
				<misses>17500001</misses>
				<total>1</total>
				<timestamp>1143.425666</timestamp>
			</report>
			<report>
				<misses>17600001</misses>
				<total>1</total>
				<timestamp>1149.653570</timestamp>
			</report>
			<report>
				<misses>17700001</misses>
				<total>1</total>
				<timestamp>1155.884940</timestamp>
			</report>
			<report>
				<misses>17800001</misses>
				<total>2</total>
				<timestamp>1162.119804</timestamp>
			</report>
			<report>
				<misses>17900001</misses>
				<total>1</total>
				<timestamp>1168.352043</timestamp>
			</report>
			<report>
				<misses>18000001</misses>
				<total>1</total>
				<timestamp>1174.583634</timestamp>
			</report>
			<report>
				<misses>18100001</misses>
				<total>2</total>
				<timestamp>1180.817132</timestamp>
			</report>
			<report>
				<misses>18200001</misses>
				<total>1</total>
				<timestamp>1187.050203</timestamp>
			</report>
			<report>
				<misses>18300001</misses>
				<total>1</total>
				<timestamp>1193.283792</timestamp>
			</report>
			<report>
				<misses>18400001</misses>
				<total>1</total>
				<timestamp>1199.517154</timestamp>
			</report>
			<report>
				<misses>18500001</misses>
				<total>1</total>
				<timestamp>1205.753673</timestamp>
			</report>
			<report>
				<misses>18600001</misses>
				<total>1</total>
				<timestamp>1211.985264</timestamp>
			</report>
			<report>
				<misses>18700001</misses>
				<total>2</total>
				<timestamp>1218.216784</timestamp>
			</report>
			<report>
				<misses>18800001</misses>
				<total>1</total>
				<timestamp>1224.449742</timestamp>
			</report>
			<report>
				<misses>18900001</misses>
				<total>1</total>
				<timestamp>1230.682840</timestamp>
			</report>
			<report>
				<misses>19000001</misses>
				<total>2</total>
				<timestamp>1236.916843</timestamp>
			</report>
			<report>
				<misses>19100001</misses>
				<total>1</total>
				<timestamp>1243.147950</timestamp>
			</report>
			<report>
				<misses>19200001</misses>
				<total>0</total>
				<timestamp>1249.385547</timestamp>
			</report>
			<report>
				<misses>19300001</misses>
				<total>2</total>
				<timestamp>1255.617854</timestamp>
			</report>
			<report>
				<misses>19400001</misses>
				<total>2</total>
				<timestamp>1261.849151</timestamp>
			</report>
			<report>
				<misses>19500001</misses>
				<total>2</total>
				<timestamp>1268.081141</timestamp>
			</report>
			<report>
				<misses>19600001</misses>
				<total>2</total>
				<timestamp>1274.696942</timestamp>
			</report>
			<report>
				<misses>19700001</misses>
				<total>2</total>
				<timestamp>1281.305367</timestamp>
			</report>
			<report>
				<misses>19800001</misses>
				<total>1</total>
				<timestamp>1287.930853</timestamp>
			</report>
			<report>
				<misses>19900001</misses>
				<total>1</total>
				<timestamp>1294.543841</timestamp>
			</report>
			<report>
				<misses>20000001</misses>
				<total>1</total>
				<timestamp>1301.144686</timestamp>
			</report>
			<report>
				<misses>20100001</misses>
				<total>1</total>
				<timestamp>1307.756519</timestamp>
			</report>
			<report>
				<misses>20200001</misses>
				<total>1</total>
				<timestamp>1314.379697</timestamp>
			</report>
			<report>
				<misses>20300001</misses>
				<total>1</total>
				<timestamp>1320.983189</timestamp>
			</report>
			<report>
				<misses>20400001</misses>
				<total>1</total>
				<timestamp>1327.539890</timestamp>
			</report>
			<report>
				<misses>20500001</misses>
				<total>2</total>
				<timestamp>1334.087199</timestamp>
			</report>
			<report>
				<misses>20600001</misses>
				<total>2</total>
				<timestamp>1340.319249</timestamp>
			</report>
			<report>
				<misses>20700001</misses>
				<total>2</total>
				<timestamp>1346.551437</timestamp>
			</report>
			<report>
				<misses>20800001</misses>
				<total>2</total>
				<timestamp>1352.784265</timestamp>
			</report>
			<report>
				<misses>20900001</misses>
				<total>2</total>
				<timestamp>1359.015424</timestamp>
			</report>
			<report>
				<misses>21000001</misses>
				<total>2</total>
				<timestamp>1365.248984</timestamp>
			</report>
			<report>
				<misses>21100001</misses>
				<total>2</total>
				<timestamp>1371.482122</timestamp>
			</report>
			<report>
				<misses>21200001</misses>
				<total>1</total>
				<timestamp>1377.715539</timestamp>
			</report>
			<report>
				<misses>21300001</misses>
				<total>2</total>
				<timestamp>1383.964659</timestamp>
			</report>
			<report>
				<misses>21400001</misses>
				<total>2</total>
				<timestamp>1390.451177</timestamp>
			</report>
			<report>
				<misses>21500001</misses>
				<total>2</total>
				<timestamp>1397.093159</timestamp>
			</report>
			<report>
				<misses>21600001</misses>
				<total>2</total>
				<timestamp>1403.739430</timestamp>
			</report>
			<report>
				<misses>21700001</misses>
				<total>2</total>
				<timestamp>1410.388170</timestamp>
			</report>
			<report>
				<misses>21800001</misses>
				<total>1</total>
				<timestamp>1416.942770</timestamp>
			</report>
			<report>
				<misses>21900001</misses>
				<total>1</total>
				<timestamp>1423.245462</timestamp>
			</report>
			<report>
				<misses>22000001</misses>
				<total>1</total>
				<timestamp>1429.554536</timestamp>
			</report>
			<report>
				<misses>22100001</misses>
				<total>2</total>
				<timestamp>1435.862320</timestamp>
			</report>
			<report>
				<misses>22200001</misses>
				<total>2</total>
				<timestamp>1442.174569</timestamp>
			</report>
			<report>
				<misses>22300001</misses>
				<total>2</total>
				<timestamp>1448.485223</timestamp>
			</report>
			<report>
				<misses>22400001</misses>
				<total>1</total>
				<timestamp>1454.793685</timestamp>
			</report>
			<report>
				<misses>22500001</misses>
				<total>2</total>
				<timestamp>1461.102214</timestamp>
			</report>
			<report>
				<misses>22600001</misses>
				<total>2</total>
				<timestamp>1467.415403</timestamp>
			</report>
			<report>
				<misses>22700001</misses>
				<total>1</total>
				<timestamp>1473.724754</timestamp>
			</report>
			<report>
				<misses>22800001</misses>
				<total>1</total>
				<timestamp>1480.029858</timestamp>
			</report>
			<report>
				<misses>22900001</misses>
				<total>2</total>
				<timestamp>1486.338017</timestamp>
			</report>
			<report>
				<misses>23000001</misses>
				<total>2</total>
				<timestamp>1492.649555</timestamp>
			</report>
			<report>
				<misses>23100001</misses>
				<total>2</total>
				<timestamp>1498.955458</timestamp>
			</report>
			<report>
				<misses>23200001</misses>
				<total>1</total>
				<timestamp>1505.261571</timestamp>
			</report>
			<report>
				<misses>23300001</misses>
				<total>2</total>
				<timestamp>1511.571549</timestamp>
			</report>
			<report>
				<misses>23400001</misses>
				<total>1</total>
				<timestamp>1517.878770</timestamp>
			</report>
			<report>
				<misses>23500001</misses>
				<total>1</total>
				<timestamp>1524.185387</timestamp>
			</report>
			<report>
				<misses>23600001</misses>
				<total>2</total>
				<timestamp>1530.494997</timestamp>
			</report>
			<report>
				<misses>23700001</misses>
				<total>2</total>
				<timestamp>1536.763482</timestamp>
			</report>
			<report>
				<misses>23800001</misses>
				<total>2</total>
				<timestamp>1542.997082</timestamp>
			</report>
			<report>
				<misses>23900001</misses>
				<total>2</total>
				<timestamp>1549.238859</timestamp>
			</report>
			<report>
				<misses>24000001</misses>
				<total>2</total>
				<timestamp>1555.484347</timestamp>
			</report>
			<report>
				<misses>24100001</misses>
				<total>2</total>
				<timestamp>1561.728602</timestamp>
			</report>
			<report>
				<misses>24200001</misses>
				<total>2</total>
				<timestamp>1567.960642</timestamp>
			</report>
			<report>
				<misses>24300001</misses>
				<total>2</total>
				<timestamp>1574.204233</timestamp>
			</report>
			<report>
				<misses>24400001</misses>
				<total>2</total>
				<timestamp>1580.445902</timestamp>
			</report>
			<report>
				<misses>24500001</misses>
				<total>1</total>
				<timestamp>1586.680692</timestamp>
			</report>
			<report>
				<misses>24600001</misses>
				<total>2</total>
				<timestamp>1592.913914</timestamp>
			</report>
			<report>
				<misses>24700001</misses>
				<total>2</total>
				<timestamp>1599.147043</timestamp>
			</report>
			<report>
				<misses>24800001</misses>
				<total>1</total>
				<timestamp>1605.379948</timestamp>
			</report>
			<report>
				<misses>24900001</misses>
				<total>2</total>
				<timestamp>1611.609710</timestamp>
			</report>
			<report>
				<misses>25000001</misses>
				<total>1</total>
				<timestamp>1617.840017</timestamp>
			</report>
			<report>
				<misses>25100001</misses>
				<total>2</total>
				<timestamp>1624.069156</timestamp>
			</report>
			<report>
				<misses>25200001</misses>
				<total>1</total>
				<timestamp>1630.299585</timestamp>
			</report>
			<report>
				<misses>25300001</misses>
				<total>2</total>
				<timestamp>1636.531576</timestamp>
			</report>
			<report>
				<misses>25400001</misses>
				<total>1</total>
				<timestamp>1642.764893</timestamp>
			</report>
			<report>
				<misses>25500001</misses>
				<total>1</total>
				<timestamp>1648.996871</timestamp>
			</report>
			<report>
				<misses>25600001</misses>
				<total>2</total>
				<timestamp>1655.228037</timestamp>
			</report>
			<report>
				<misses>25700001</misses>
				<total>2</total>
				<timestamp>1661.461167</timestamp>
			</report>
			<report>
				<misses>25800001</misses>
				<total>1</total>
				<timestamp>1667.693745</timestamp>
			</report>
			<report>
				<misses>25900001</misses>
				<total>1</total>
				<timestamp>1673.926193</timestamp>
			</report>
			<report>
				<misses>26000001</misses>
				<total>2</total>
				<timestamp>1680.160106</timestamp>
			</report>
			<report>
				<misses>26100001</misses>
				<total>2</total>
				<timestamp>1686.391853</timestamp>
			</report>
			<report>
				<misses>26200001</misses>
				<total>2</total>
				<timestamp>1692.629455</timestamp>
			</report>
			<report>
				<misses>26300001</misses>
				<total>0</total>
				<timestamp>1698.860966</timestamp>
			</report>
			<report>
				<misses>26400001</misses>
				<total>2</total>
				<timestamp>1705.091464</timestamp>
			</report>
			<report>
				<misses>26500001</misses>
				<total>1</total>
				<timestamp>1711.326005</timestamp>
			</report>
			<report>
				<misses>26600001</misses>
				<total>1</total>
				<timestamp>1717.556814</timestamp>
			</report>
			<report>
				<misses>26700001</misses>
				<total>2</total>
				<timestamp>1723.789493</timestamp>
			</report>
			<report>
				<misses>26800001</misses>
				<total>2</total>
				<timestamp>1730.022996</timestamp>
			</report>
			<report>
				<misses>26900001</misses>
				<total>1</total>
				<timestamp>1736.255679</timestamp>
			</report>
			<report>
				<misses>27000001</misses>
				<total>1</total>
				<timestamp>1742.485976</timestamp>
			</report>
			<report>
				<misses>27100001</misses>
				<total>1</total>
				<timestamp>1748.719623</timestamp>
			</report>
			<report>
				<misses>27200001</misses>
				<total>2</total>
				<timestamp>1754.951190</timestamp>
			</report>
			<report>
				<misses>27300001</misses>
				<total>2</total>
				<timestamp>1761.187173</timestamp>
			</report>
			<report>
				<misses>27400001</misses>
				<total>1</total>
				<timestamp>1767.420561</timestamp>
			</report>
			<report>
				<misses>27500001</misses>
				<total>1</total>
				<timestamp>1773.652000</timestamp>
			</report>
			<report>
				<misses>27600001</misses>
				<total>1</total>
				<timestamp>1779.883331</timestamp>
			</report>
			<report>
				<misses>27700001</misses>
				<total>2</total>
				<timestamp>1786.114025</timestamp>
			</report>
			<report>
				<misses>27800001</misses>
				<total>1</total>
				<timestamp>1792.345741</timestamp>
			</report>
			<report>
				<misses>27900001</misses>
				<total>2</total>
				<timestamp>1798.578942</timestamp>
			</report>
			<report>
				<misses>28000001</misses>
				<total>1</total>
				<timestamp>1804.811326</timestamp>
			</report>
			<report>
				<misses>28100001</misses>
				<total>1</total>
				<timestamp>1811.043575</timestamp>
			</report>
			<report>
				<misses>28200001</misses>
				<total>2</total>
				<timestamp>1817.273877</timestamp>
			</report>
			<report>
				<misses>28300001</misses>
				<total>2</total>
				<timestamp>1823.505631</timestamp>
			</report>
			<report>
				<misses>28400001</misses>
				<total>2</total>
				<timestamp>1829.738983</timestamp>
			</report>
			<report>
				<misses>28500001</misses>
				<total>1</total>
				<timestamp>1835.966829</timestamp>
			</report>
			<report>
				<misses>28600001</misses>
				<total>1</total>
				<timestamp>1842.197847</timestamp>
			</report>
			<report>
				<misses>28700001</misses>
				<total>1</total>
				<timestamp>1848.430787</timestamp>
			</report>
			<report>
				<misses>28800001</misses>
				<total>2</total>
				<timestamp>1854.662883</timestamp>
			</report>
			<report>
				<misses>28900001</misses>
				<total>1</total>
				<timestamp>1860.892817</timestamp>
			</report>
			<report>
				<misses>29000001</misses>
				<total>1</total>
				<timestamp>1867.122208</timestamp>
			</report>
			<report>
				<misses>29100001</misses>
				<total>2</total>
				<timestamp>1873.350093</timestamp>
			</report>
			<report>
				<misses>29200001</misses>
				<total>2</total>
				<timestamp>1879.582360</timestamp>
			</report>
			<report>
				<misses>29300001</misses>
				<total>1</total>
				<timestamp>1885.816613</timestamp>
			</report>
			<report>
				<misses>29400001</misses>
				<total>1</total>
				<timestamp>1892.046591</timestamp>
			</report>
			<report>
				<misses>29500001</misses>
				<total>1</total>
				<timestamp>1898.280615</timestamp>
			</report>
			<report>
				<misses>29600001</misses>
				<total>1</total>
				<timestamp>1904.513744</timestamp>
			</report>
			<report>
				<misses>29700001</misses>
				<total>1</total>
				<timestamp>1910.748058</timestamp>
			</report>
			<report>
				<misses>29800001</misses>
				<total>1</total>
				<timestamp>1916.980888</timestamp>
			</report>
			<report>
				<misses>29900001</misses>
				<total>1</total>
				<timestamp>1923.212698</timestamp>
			</report>
			<report>
				<misses>30000001</misses>
				<total>0</total>
				<timestamp>1929.444610</timestamp>
			</report>
			<report>
				<misses>30100001</misses>
				<total>2</total>
				<timestamp>1935.677553</timestamp>
			</report>
			<report>
				<misses>30200001</misses>
				<total>2</total>
				<timestamp>1941.909919</timestamp>
			</report>
			<report>
				<misses>30300001</misses>
				<total>1</total>
				<timestamp>1948.140749</timestamp>
			</report>
			<report>
				<misses>30400001</misses>
				<total>1</total>
				<timestamp>1954.372180</timestamp>
			</report>
			<report>
				<misses>30500001</misses>
				<total>1</total>
				<timestamp>1960.602300</timestamp>
			</report>
			<report>
				<misses>30600001</misses>
				<total>2</total>
				<timestamp>1966.832618</timestamp>
			</report>
			<report>
				<misses>30700001</misses>
				<total>2</total>
				<timestamp>1973.066051</timestamp>
			</report>
			<report>
				<misses>30800001</misses>
				<total>2</total>
				<timestamp>1979.299870</timestamp>
			</report>
			<report>
				<misses>30900001</misses>
				<total>2</total>
				<timestamp>1985.530502</timestamp>
			</report>
			<report>
				<misses>31000001</misses>
				<total>1</total>
				<timestamp>1991.763889</timestamp>
			</report>
			<report>
				<misses>31100001</misses>
				<total>1</total>
				<timestamp>1997.995390</timestamp>
			</report>
			<report>
				<misses>31200001</misses>
				<total>0</total>
				<timestamp>2004.225222</timestamp>
			</report>
			<report>
				<misses>31300001</misses>
				<total>1</total>
				<timestamp>2010.455852</timestamp>
			</report>
			<report>
				<misses>31400001</misses>
				<total>2</total>
				<timestamp>2016.690323</timestamp>
			</report>
			<report>
				<misses>31500001</misses>
				<total>2</total>
				<timestamp>2022.921143</timestamp>
			</report>
			<report>
				<misses>31600001</misses>
				<total>2</total>
				<timestamp>2029.154307</timestamp>
			</report>
			<report>
				<misses>31700001</misses>
				<total>1</total>
				<timestamp>2035.387115</timestamp>
			</report>
			<report>
				<misses>31800001</misses>
				<total>2</total>
				<timestamp>2041.616581</timestamp>
			</report>
			<report>
				<misses>31900001</misses>
				<total>1</total>
				<timestamp>2047.849086</timestamp>
			</report>
			<report>
				<misses>32000001</misses>
				<total>1</total>
				<timestamp>2054.080148</timestamp>
			</report>
			<report>
				<misses>32100001</misses>
				<total>2</total>
				<timestamp>2060.308972</timestamp>
			</report>
			<report>
				<misses>32200001</misses>
				<total>1</total>
				<timestamp>2066.540789</timestamp>
			</report>
			<report>
				<misses>32300001</misses>
				<total>2</total>
				<timestamp>2072.772310</timestamp>
			</report>
			<report>
				<misses>32400001</misses>
				<total>2</total>
				<timestamp>2079.000713</timestamp>
			</report>
			<report>
				<misses>32500001</misses>
				<total>2</total>
				<timestamp>2085.233542</timestamp>
			</report>
			<report>
				<misses>32600001</misses>
				<total>1</total>
				<timestamp>2091.466706</timestamp>
			</report>
			<report>
				<misses>32700001</misses>
				<total>2</total>
				<timestamp>2097.695810</timestamp>
			</report>
			<report>
				<misses>32800001</misses>
				<total>1</total>
				<timestamp>2103.924559</timestamp>
			</report>
			<report>
				<misses>32900001</misses>
				<total>1</total>
				<timestamp>2110.156086</timestamp>
			</report>
			<report>
				<misses>33000001</misses>
				<total>1</total>
				<timestamp>2116.384382</timestamp>
			</report>
			<report>
				<misses>33100001</misses>
				<total>1</total>
				<timestamp>2122.616216</timestamp>
			</report>
			<report>
				<misses>33200001</misses>
				<total>1</total>
				<timestamp>2128.847839</timestamp>
			</report>
			<report>
				<misses>33300001</misses>
				<total>1</total>
				<timestamp>2135.078383</timestamp>
			</report>
			<report>
				<misses>33400001</misses>
				<total>2</total>
				<timestamp>2141.309330</timestamp>
			</report>
			<report>
				<misses>33500001</misses>
				<total>1</total>
				<timestamp>2147.538751</timestamp>
			</report>
			<report>
				<misses>33600001</misses>
				<total>2</total>
				<timestamp>2154.147647</timestamp>
			</report>
			<report>
				<misses>33700001</misses>
				<total>1</total>
				<timestamp>2160.792626</timestamp>
			</report>
			<report>
				<misses>33800001</misses>
				<total>0</total>
				<timestamp>2167.441117</timestamp>
			</report>
			<report>
				<misses>33900001</misses>
				<total>2</total>
				<timestamp>2174.037000</timestamp>
			</report>
			<report>
				<misses>34000001</misses>
				<total>2</total>
				<timestamp>2180.352353</timestamp>
			</report>
			<report>
				<misses>34100001</misses>
				<total>1</total>
				<timestamp>2186.666788</timestamp>
			</report>
			<report>
				<misses>34200001</misses>
				<total>2</total>
				<timestamp>2192.980108</timestamp>
			</report>
			<report>
				<misses>34300001</misses>
				<total>2</total>
				<timestamp>2199.293520</timestamp>
			</report>
			<report>
				<misses>34400001</misses>
				<total>1</total>
				<timestamp>2205.608465</timestamp>
			</report>
			<report>
				<misses>34500001</misses>
				<total>2</total>
				<timestamp>2211.922446</timestamp>
			</report>
			<report>
				<misses>34600001</misses>
				<total>1</total>
				<timestamp>2218.238189</timestamp>
			</report>
			<report>
				<misses>34700001</misses>
				<total>2</total>
				<timestamp>2224.552029</timestamp>
			</report>
			<report>
				<misses>34800001</misses>
				<total>2</total>
				<timestamp>2230.865407</timestamp>
			</report>
			<report>
				<misses>34900001</misses>
				<total>1</total>
				<timestamp>2237.180555</timestamp>
			</report>
			<report>
				<misses>35000001</misses>
				<total>2</total>
				<timestamp>2243.494543</timestamp>
			</report>
			<report>
				<misses>35100001</misses>
				<total>2</total>
				<timestamp>2249.806038</timestamp>
			</report>
			<report>
				<misses>35200001</misses>
				<total>1</total>
				<timestamp>2256.119631</timestamp>
			</report>
			<report>
				<misses>35300001</misses>
				<total>1</total>
				<timestamp>2262.433417</timestamp>
			</report>
			<report>
				<misses>35400001</misses>
				<total>2</total>
				<timestamp>2268.748648</timestamp>
			</report>
			<report>
				<misses>35500001</misses>
				<total>1</total>
				<timestamp>2275.063470</timestamp>
			</report>
			<report>
				<misses>35600001</misses>
				<total>1</total>
				<timestamp>2281.377315</timestamp>
			</report>
			<report>
				<misses>35700001</misses>
				<total>1</total>
				<timestamp>2287.690998</timestamp>
			</report>
			<report>
				<misses>35800001</misses>
				<total>2</total>
				<timestamp>2294.006610</timestamp>
			</report>
			<report>
				<misses>35900001</misses>
				<total>2</total>
				<timestamp>2300.320203</timestamp>
			</report>
			<report>
				<misses>36000001</misses>
				<total>1</total>
				<timestamp>2306.632779</timestamp>
			</report>
			<report>
				<misses>36100001</misses>
				<total>2</total>
				<timestamp>2312.946218</timestamp>
			</report>
			<report>
				<misses>36200001</misses>
				<total>2</total>
				<timestamp>2319.259928</timestamp>
			</report>
			<report>
				<misses>36300001</misses>
				<total>0</total>
				<timestamp>2325.573279</timestamp>
			</report>
			<report>
				<misses>36400001</misses>
				<total>0</total>
				<timestamp>2331.886130</timestamp>
			</report>
			<report>
				<misses>36500001</misses>
				<total>1</total>
				<timestamp>2338.199058</timestamp>
			</report>
			<report>
				<misses>36600001</misses>
				<total>2</total>
				<timestamp>2344.513445</timestamp>
			</report>
			<report>
				<misses>36700001</misses>
				<total>1</total>
				<timestamp>2350.826093</timestamp>
			</report>
			<report>
				<misses>36800001</misses>
				<total>1</total>
				<timestamp>2357.139721</timestamp>
			</report>
			<report>
				<misses>36900001</misses>
				<total>1</total>
				<timestamp>2363.452701</timestamp>
			</report>
			<report>
				<misses>37000001</misses>
				<total>1</total>
				<timestamp>2369.766076</timestamp>
			</report>
			<report>
				<misses>37100001</misses>
				<total>2</total>
				<timestamp>2376.079478</timestamp>
			</report>
			<report>
				<misses>37200001</misses>
				<total>1</total>
				<timestamp>2382.393593</timestamp>
			</report>
			<report>
				<misses>37300001</misses>
				<total>2</total>
				<timestamp>2388.707036</timestamp>
			</report>
			<report>
				<misses>37400001</misses>
				<total>1</total>
				<timestamp>2395.019767</timestamp>
			</report>
			<report>
				<misses>37500001</misses>
				<total>1</total>
				<timestamp>2401.333644</timestamp>
			</report>
			<report>
				<misses>37600001</misses>
				<total>1</total>
				<timestamp>2407.646219</timestamp>
			</report>
			<report>
				<misses>37700001</misses>
				<total>1</total>
				<timestamp>2413.959813</timestamp>
			</report>
			<report>
				<misses>37800001</misses>
				<total>2</total>
				<timestamp>2420.273715</timestamp>
			</report>
			<report>
				<misses>37900001</misses>
				<total>2</total>
				<timestamp>2426.587923</timestamp>
			</report>
			<report>
				<misses>38000001</misses>
				<total>1</total>
				<timestamp>2432.978378</timestamp>
			</report>
			<report>
				<misses>38100001</misses>
				<total>1</total>
				<timestamp>2439.300815</timestamp>
			</report>
			<report>
				<misses>38200001</misses>
				<total>1</total>
				<timestamp>2445.620720</timestamp>
			</report>
			<report>
				<misses>38300001</misses>
				<total>2</total>
				<timestamp>2451.931565</timestamp>
			</report>
			<report>
				<misses>38400001</misses>
				<total>1</total>
				<timestamp>2458.244472</timestamp>
			</report>
			<report>
				<misses>38500001</misses>
				<total>2</total>
				<timestamp>2464.558234</timestamp>
			</report>
			<report>
				<misses>38600001</misses>
				<total>2</total>
				<timestamp>2470.875636</timestamp>
			</report>
			<report>
				<misses>38700001</misses>
				<total>1</total>
				<timestamp>2477.191800</timestamp>
			</report>
			<report>
				<misses>38800001</misses>
				<total>2</total>
				<timestamp>2483.504469</timestamp>
			</report>
			<report>
				<misses>38900001</misses>
				<total>1</total>
				<timestamp>2489.820846</timestamp>
			</report>
			<report>
				<misses>39000001</misses>
				<total>2</total>
				<timestamp>2496.136226</timestamp>
			</report>
			<report>
				<misses>39100001</misses>
				<total>1</total>
				<timestamp>2502.449658</timestamp>
			</report>
			<report>
				<misses>39200001</misses>
				<total>1</total>
				<timestamp>2508.762896</timestamp>
			</report>
			<report>
				<misses>39300001</misses>
				<total>2</total>
				<timestamp>2515.076609</timestamp>
			</report>
			<report>
				<misses>39400001</misses>
				<total>1</total>
				<timestamp>2521.389872</timestamp>
			</report>
			<report>
				<misses>39500001</misses>
				<total>2</total>
				<timestamp>2527.704460</timestamp>
			</report>
			<report>
				<misses>39600001</misses>
				<total>3</total>
				<timestamp>2534.020284</timestamp>
			</report>
			<report>
				<misses>39700001</misses>
				<total>0</total>
				<timestamp>2540.333015</timestamp>
			</report>
			<report>
				<misses>39800001</misses>
				<total>1</total>
				<timestamp>2546.647013</timestamp>
			</report>
			<report>
				<misses>39900001</misses>
				<total>2</total>
				<timestamp>2552.961447</timestamp>
			</report>
			<report>
				<misses>40000001</misses>
				<total>2</total>
				<timestamp>2559.275256</timestamp>
			</report>
			<report>
				<misses>40100001</misses>
				<total>1</total>
				<timestamp>2565.589647</timestamp>
			</report>
			<report>
				<misses>40200001</misses>
				<total>2</total>
				<timestamp>2571.904299</timestamp>
			</report>
			<report>
				<misses>40300001</misses>
				<total>2</total>
				<timestamp>2578.216366</timestamp>
			</report>
			<report>
				<misses>40400001</misses>
				<total>2</total>
				<timestamp>2584.511651</timestamp>
			</report>
			<report>
				<misses>40500001</misses>
				<total>2</total>
				<timestamp>2590.746001</timestamp>
			</report>
			<report>
				<misses>40600001</misses>
				<total>1</total>
				<timestamp>2596.988751</timestamp>
			</report>
			<report>
				<misses>40700001</misses>
				<total>2</total>
				<timestamp>2603.219700</timestamp>
			</report>
			<report>
				<misses>40800001</misses>
				<total>1</total>
				<timestamp>2609.450751</timestamp>
			</report>
			<report>
				<misses>40900001</misses>
				<total>1</total>
				<timestamp>2615.678389</timestamp>
			</report>
			<report>
				<misses>41000001</misses>
				<total>1</total>
				<timestamp>2621.909565</timestamp>
			</report>
			<report>
				<misses>41100001</misses>
				<total>2</total>
				<timestamp>2628.142158</timestamp>
			</report>
			<report>
				<misses>41200001</misses>
				<total>2</total>
				<timestamp>2634.748407</timestamp>
			</report>
			<report>
				<misses>41300001</misses>
				<total>1</total>
				<timestamp>2641.362085</timestamp>
			</report>
			<report>
				<misses>41400001</misses>
				<total>1</total>
				<timestamp>2647.960512</timestamp>
			</report>
			<report>
				<misses>41500001</misses>
				<total>2</total>
				<timestamp>2654.571010</timestamp>
			</report>
			<report>
				<misses>41600001</misses>
				<total>1</total>
				<timestamp>2661.182968</timestamp>
			</report>
			<report>
				<misses>41700001</misses>
				<total>1</total>
				<timestamp>2667.788106</timestamp>
			</report>
			<report>
				<misses>41800001</misses>
				<total>2</total>
				<timestamp>2674.403750</timestamp>
			</report>
			<report>
				<misses>41900001</misses>
				<total>1</total>
				<timestamp>2681.023655</timestamp>
			</report>
			<report>
				<misses>42000001</misses>
				<total>1</total>
				<timestamp>2687.646884</timestamp>
			</report>
			<report>
				<misses>42100001</misses>
				<total>1</total>
				<timestamp>2694.261902</timestamp>
			</report>
			<report>
				<misses>42200001</misses>
				<total>2</total>
				<timestamp>2700.883180</timestamp>
			</report>
			<report>
				<misses>42300001</misses>
				<total>1</total>
				<timestamp>2707.510101</timestamp>
			</report>
			<report>
				<misses>42400001</misses>
				<total>1</total>
				<timestamp>2714.114595</timestamp>
			</report>
			<report>
				<misses>42500001</misses>
				<total>2</total>
				<timestamp>2720.731982</timestamp>
			</report>
			<report>
				<misses>42600001</misses>
				<total>2</total>
				<timestamp>2727.359792</timestamp>
			</report>
			<report>
				<misses>42700001</misses>
				<total>2</total>
				<timestamp>2733.985275</timestamp>
			</report>
			<report>
				<misses>42800001</misses>
				<total>2</total>
				<timestamp>2740.588743</timestamp>
			</report>
			<report>
				<misses>42900001</misses>
				<total>1</total>
				<timestamp>2747.201922</timestamp>
			</report>
			<report>
				<misses>43000001</misses>
				<total>2</total>
				<timestamp>2753.823367</timestamp>
			</report>
			<report>
				<misses>43100001</misses>
				<total>1</total>
				<timestamp>2760.425525</timestamp>
			</report>
			<report>
				<misses>43200001</misses>
				<total>2</total>
				<timestamp>2767.042636</timestamp>
			</report>
			<report>
				<misses>43300001</misses>
				<total>1</total>
				<timestamp>2773.659616</timestamp>
			</report>
			<report>
				<misses>43400001</misses>
				<total>2</total>
				<timestamp>2780.213755</timestamp>
			</report>
			<report>
				<misses>43500001</misses>
				<total>2</total>
				<timestamp>2786.865305</timestamp>
			</report>
			<report>
				<misses>43600001</misses>
				<total>2</total>
				<timestamp>2793.517208</timestamp>
			</report>
			<report>
				<misses>43700001</misses>
				<total>2</total>
				<timestamp>2800.093646</timestamp>
			</report>
			<report>
				<misses>43800001</misses>
				<total>0</total>
				<timestamp>2806.539086</timestamp>
			</report>
			<report>
				<misses>43900001</misses>
				<total>1</total>
				<timestamp>2813.120700</timestamp>
			</report>
			<report>
				<misses>44000001</misses>
				<total>2</total>
				<timestamp>2819.602654</timestamp>
			</report>
			<report>
				<misses>44100001</misses>
				<total>1</total>
				<timestamp>2826.133379</timestamp>
			</report>
			<report>
				<misses>44200001</misses>
				<total>2</total>
				<timestamp>2832.769626</timestamp>
			</report>
			<report>
				<misses>44300001</misses>
				<total>1</total>
				<timestamp>2839.422428</timestamp>
			</report>
			<report>
				<misses>44400001</misses>
				<total>1</total>
				<timestamp>2846.066489</timestamp>
			</report>
			<report>
				<misses>44500001</misses>
				<total>1</total>
				<timestamp>2852.718208</timestamp>
			</report>
			<report>
				<misses>44600001</misses>
				<total>2</total>
				<timestamp>2859.370468</timestamp>
			</report>
			<report>
				<misses>44700001</misses>
				<total>1</total>
				<timestamp>2866.010851</timestamp>
			</report>
			<report>
				<misses>44800001</misses>
				<total>0</total>
				<timestamp>2872.629878</timestamp>
			</report>
			<report>
				<misses>44900001</misses>
				<total>2</total>
				<timestamp>2879.283589</timestamp>
			</report>
			<report>
				<misses>45000001</misses>
				<total>2</total>
				<timestamp>2885.920848</timestamp>
			</report>
			<report>
				<misses>45100001</misses>
				<total>0</total>
				<timestamp>2892.568425</timestamp>
			</report>
			<report>
				<misses>45200001</misses>
				<total>2</total>
				<timestamp>2899.221965</timestamp>
			</report>
			<report>
				<misses>45300001</misses>
				<total>2</total>
				<timestamp>2905.578651</timestamp>
			</report>
			<report>
				<misses>45400001</misses>
				<total>2</total>
				<timestamp>2912.204778</timestamp>
			</report>
			<report>
				<misses>45500001</misses>
				<total>2</total>
				<timestamp>2918.853392</timestamp>
			</report>
			<report>
				<misses>45600001</misses>
				<total>2</total>
				<timestamp>2925.481896</timestamp>
			</report>
			<report>
				<misses>45700001</misses>
				<total>2</total>
				<timestamp>2932.074010</timestamp>
			</report>
			<report>
				<misses>45800001</misses>
				<total>1</total>
				<timestamp>2938.655386</timestamp>
			</report>
			<report>
				<misses>45900001</misses>
				<total>2</total>
				<timestamp>2945.285808</timestamp>
			</report>
			<report>
				<misses>46000001</misses>
				<total>1</total>
				<timestamp>2951.935992</timestamp>
			</report>
			<report>
				<misses>46100001</misses>
				<total>2</total>
				<timestamp>2958.564986</timestamp>
			</report>
			<report>
				<misses>46200001</misses>
				<total>2</total>
				<timestamp>2965.217309</timestamp>
			</report>
			<report>
				<misses>46300001</misses>
				<total>2</total>
				<timestamp>2971.864595</timestamp>
			</report>
			<report>
				<misses>46400001</misses>
				<total>0</total>
				<timestamp>2978.512594</timestamp>
			</report>
			<report>
				<misses>46500001</misses>
				<total>2</total>
				<timestamp>2985.140960</timestamp>
			</report>
			<report>
				<misses>46600001</misses>
				<total>2</total>
				<timestamp>2991.789609</timestamp>
			</report>
			<report>
				<misses>46700001</misses>
				<total>2</total>
				<timestamp>2998.436645</timestamp>
			</report>
			<report>
				<misses>46800001</misses>
				<total>2</total>
				<timestamp>3005.078148</timestamp>
			</report>
			<report>
				<misses>46900001</misses>
				<total>1</total>
				<timestamp>3011.716890</timestamp>
			</report>
			<report>
				<misses>47000001</misses>
				<total>1</total>
				<timestamp>3018.219489</timestamp>
			</report>
			<report>
				<misses>47100001</misses>
				<total>0</total>
				<timestamp>3024.686325</timestamp>
			</report>
			<report>
				<misses>47200001</misses>
				<total>2</total>
				<timestamp>3031.152857</timestamp>
			</report>
			<report>
				<misses>47300001</misses>
				<total>2</total>
				<timestamp>3037.618263</timestamp>
			</report>
			<report>
				<misses>47400001</misses>
				<total>2</total>
				<timestamp>3044.079547</timestamp>
			</report>
			<report>
				<misses>47500001</misses>
				<total>1</total>
				<timestamp>3050.547051</timestamp>
			</report>
			<report>
				<misses>47600001</misses>
				<total>1</total>
				<timestamp>3057.015450</timestamp>
			</report>
			<report>
				<misses>47700001</misses>
				<total>2</total>
				<timestamp>3063.484116</timestamp>
			</report>
			<report>
				<misses>47800001</misses>
				<total>1</total>
				<timestamp>3069.941981</timestamp>
			</report>
			<report>
				<misses>47900001</misses>
				<total>2</total>
				<timestamp>3076.405589</timestamp>
			</report>
			<report>
				<misses>48000001</misses>
				<total>2</total>
				<timestamp>3082.870512</timestamp>
			</report>
			<report>
				<misses>48100001</misses>
				<total>2</total>
				<timestamp>3089.335085</timestamp>
			</report>
			<report>
				<misses>48200001</misses>
				<total>2</total>
				<timestamp>3095.795765</timestamp>
			</report>
			<report>
				<misses>48300001</misses>
				<total>1</total>
				<timestamp>3102.257188</timestamp>
			</report>
			<report>
				<misses>48400001</misses>
				<total>2</total>
				<timestamp>3108.722712</timestamp>
			</report>
			<report>
				<misses>48500001</misses>
				<total>3</total>
				<timestamp>3115.182997</timestamp>
			</report>
			<report>
				<misses>48600001</misses>
				<total>1</total>
				<timestamp>3121.651500</timestamp>
			</report>
			<report>
				<misses>48700001</misses>
				<total>2</total>
				<timestamp>3128.114641</timestamp>
			</report>
			<report>
				<misses>48800001</misses>
				<total>2</total>
				<timestamp>3134.575471</timestamp>
			</report>
			<report>
				<misses>48900001</misses>
				<total>2</total>
				<timestamp>3141.041137</timestamp>
			</report>
			<report>
				<misses>49000001</misses>
				<total>1</total>
				<timestamp>3147.505610</timestamp>
			</report>
			<report>
				<misses>49100001</misses>
				<total>0</total>
				<timestamp>3153.968981</timestamp>
			</report>
			<report>
				<misses>49200001</misses>
				<total>2</total>
				<timestamp>3160.432368</timestamp>
			</report>
			<report>
				<misses>49300001</misses>
				<total>1</total>
				<timestamp>3166.894922</timestamp>
			</report>
			<report>
				<misses>49400001</misses>
				<total>2</total>
				<timestamp>3173.359751</timestamp>
			</report>
			<report>
				<misses>49500001</misses>
				<total>2</total>
				<timestamp>3179.819526</timestamp>
			</report>
			<report>
				<misses>49600001</misses>
				<total>1</total>
				<timestamp>3186.359997</timestamp>
			</report>
			<report>
				<misses>49700001</misses>
				<total>2</total>
				<timestamp>3192.963644</timestamp>
			</report>
			<report>
				<misses>49800001</misses>
				<total>1</total>
				<timestamp>3199.570044</timestamp>
			</report>
			<report>
				<misses>49900001</misses>
				<total>2</total>
				<timestamp>3206.126335</timestamp>
			</report>
			<report>
				<misses>50000001</misses>
				<total>1</total>
				<timestamp>3212.684781</timestamp>
			</report>
			<report>
				<misses>50100001</misses>
				<total>2</total>
				<timestamp>3219.243837</timestamp>
			</report>
			<report>
				<misses>50200001</misses>
				<total>2</total>
				<timestamp>3225.794531</timestamp>
			</report>
			<report>
				<misses>50300001</misses>
				<total>1</total>
				<timestamp>3232.355895</timestamp>
			</report>
			<report>
				<misses>50400001</misses>
				<total>2</total>
				<timestamp>3238.911084</timestamp>
			</report>
			<report>
				<misses>50500001</misses>
				<total>2</total>
				<timestamp>3245.464599</timestamp>
			</report>
			<report>
				<misses>50600001</misses>
				<total>2</total>
				<timestamp>3252.018678</timestamp>
			</report>
			<report>
				<misses>50700001</misses>
				<total>0</total>
				<timestamp>3258.578902</timestamp>
			</report>
			<report>
				<misses>50800001</misses>
				<total>1</total>
				<timestamp>3265.143418</timestamp>
			</report>
			<report>
				<misses>50900001</misses>
				<total>1</total>
				<timestamp>3271.697120</timestamp>
			</report>
			<report>
				<misses>51000001</misses>
				<total>1</total>
				<timestamp>3278.260089</timestamp>
			</report>
			<report>
				<misses>51100001</misses>
				<total>2</total>
				<timestamp>3284.828281</timestamp>
			</report>
			<report>
				<misses>51200001</misses>
				<total>2</total>
				<timestamp>3291.389717</timestamp>
			</report>
			<report>
				<misses>51300001</misses>
				<total>1</total>
				<timestamp>3297.942491</timestamp>
			</report>
			<report>
				<misses>51400001</misses>
				<total>1</total>
				<timestamp>3304.504296</timestamp>
			</report>
			<report>
				<misses>51500001</misses>
				<total>2</total>
				<timestamp>3311.049738</timestamp>
			</report>
			<report>
				<misses>51600001</misses>
				<total>1</total>
				<timestamp>3317.609420</timestamp>
			</report>
			<report>
				<misses>51700001</misses>
				<total>2</total>
				<timestamp>3324.180135</timestamp>
			</report>
			<report>
				<misses>51800001</misses>
				<total>1</total>
				<timestamp>3330.733791</timestamp>
			</report>
			<report>
				<misses>51900001</misses>
				<total>2</total>
				<timestamp>3337.301437</timestamp>
			</report>
			<report>
				<misses>52000001</misses>
				<total>1</total>
				<timestamp>3343.852908</timestamp>
			</report>
			<report>
				<misses>52100001</misses>
				<total>2</total>
				<timestamp>3350.423321</timestamp>
			</report>
			<report>
				<misses>52200001</misses>
				<total>2</total>
				<timestamp>3356.990133</timestamp>
			</report>
			<report>
				<misses>52300001</misses>
				<total>1</total>
				<timestamp>3363.544082</timestamp>
			</report>
			<report>
				<misses>52400001</misses>
				<total>2</total>
				<timestamp>3370.107726</timestamp>
			</report>
			<report>
				<misses>52500001</misses>
				<total>2</total>
				<timestamp>3376.663459</timestamp>
			</report>
			<report>
				<misses>52600001</misses>
				<total>1</total>
				<timestamp>3383.227436</timestamp>
			</report>
			<report>
				<misses>52700001</misses>
				<total>2</total>
				<timestamp>3389.781952</timestamp>
			</report>
			<report>
				<misses>52800001</misses>
				<total>2</total>
				<timestamp>3396.347614</timestamp>
			</report>
			<report>
				<misses>52900001</misses>
				<total>1</total>
				<timestamp>3402.911944</timestamp>
			</report>
			<report>
				<misses>53000001</misses>
				<total>1</total>
				<timestamp>3409.470630</timestamp>
			</report>
			<report>
				<misses>53100001</misses>
				<total>0</total>
				<timestamp>3416.033966</timestamp>
			</report>
			<report>
				<misses>53200001</misses>
				<total>1</total>
				<timestamp>3422.594803</timestamp>
			</report>
			<report>
				<misses>53300001</misses>
				<total>2</total>
				<timestamp>3429.154854</timestamp>
			</report>
			<report>
				<misses>53400001</misses>
				<total>0</total>
				<timestamp>3435.706966</timestamp>
			</report>
			<report>
				<misses>53500001</misses>
				<total>1</total>
				<timestamp>3442.266480</timestamp>
			</report>
			<report>
				<misses>53600001</misses>
				<total>1</total>
				<timestamp>3448.833436</timestamp>
			</report>
			<report>
				<misses>53700001</misses>
				<total>1</total>
				<timestamp>3455.381119</timestamp>
			</report>
			<report>
				<misses>53800001</misses>
				<total>1</total>
				<timestamp>3461.944239</timestamp>
			</report>
			<report>
				<misses>53900001</misses>
				<total>2</total>
				<timestamp>3468.507929</timestamp>
			</report>
			<report>
				<misses>54000001</misses>
				<total>2</total>
				<timestamp>3475.072523</timestamp>
			</report>
			<report>
				<misses>54100001</misses>
				<total>2</total>
				<timestamp>3481.625892</timestamp>
			</report>
			<report>
				<misses>54200001</misses>
				<total>1</total>
				<timestamp>3488.187584</timestamp>
			</report>
			<report>
				<misses>54300001</misses>
				<total>2</total>
				<timestamp>3494.750702</timestamp>
			</report>
			<report>
				<misses>54400001</misses>
				<total>1</total>
				<timestamp>3501.321490</timestamp>
			</report>
			<report>
				<misses>54500001</misses>
				<total>1</total>
				<timestamp>3507.879620</timestamp>
			</report>
			<report>
				<misses>54600001</misses>
				<total>1</total>
				<timestamp>3514.444159</timestamp>
			</report>
			<report>
				<misses>54700001</misses>
				<total>1</total>
				<timestamp>3521.008212</timestamp>
			</report>
			<report>
				<misses>54800001</misses>
				<total>2</total>
				<timestamp>3527.576247</timestamp>
			</report>
			<report>
				<misses>54900001</misses>
				<total>2</total>
				<timestamp>3534.130525</timestamp>
			</report>
			<report>
				<misses>55000001</misses>
				<total>2</total>
				<timestamp>3540.684482</timestamp>
			</report>
			<report>
				<misses>55100001</misses>
				<total>2</total>
				<timestamp>3547.245539</timestamp>
			</report>
			<report>
				<misses>55200001</misses>
				<total>1</total>
				<timestamp>3553.813085</timestamp>
			</report>
			<report>
				<misses>55300001</misses>
				<total>2</total>
				<timestamp>3560.371074</timestamp>
			</report>
			<report>
				<misses>55400001</misses>
				<total>2</total>
				<timestamp>3566.925109</timestamp>
			</report>
			<report>
				<misses>55500001</misses>
				<total>2</total>
				<timestamp>3573.488232</timestamp>
			</report>
			<report>
				<misses>55600001</misses>
				<total>1</total>
				<timestamp>3580.040262</timestamp>
			</report>
			<report>
				<misses>55700001</misses>
				<total>1</total>
				<timestamp>3586.601480</timestamp>
			</report>
			<report>
				<misses>55800001</misses>
				<total>1</total>
				<timestamp>3593.161518</timestamp>
			</report>
			<report>
				<misses>55900001</misses>
				<total>1</total>
				<timestamp>3599.712025</timestamp>
			</report>
		</query>
	</custom>
	<ethtool_statistic>
		<rx_packets>
			<start>1834444899</start>
			<end>2295850785</end>
		</rx_packets>
		<tx_packets>
			<start>1617562989</start>
			<end>2064791498</end>
		</tx_packets>
		<rx_dropped>
			<start>0</start>
			<end>0</end>
		</rx_dropped>
		<tx_dropped>
			<start>0</start>
			<end>0</end>
		</tx_dropped>
		<collisions>
			<start>0</start>
			<end>0</end>
		</collisions>
		<port_tx_errors>
			<start>0</start>
			<end>0</end>
		</port_tx_errors>
		<port_rx_dropped>
			<start>0</start>
			<end>0</end>
		</port_rx_dropped>
		<port_tx_dropped_link_down>
			<start>0</start>
			<end>0</end>
		</port_tx_dropped_link_down>
	</ethtool_statistic>
	<ip_statistic>
		<mtu>
			<start>9000</start>
			<end>9000</end>
		</mtu>
		<rx_bytes>
			<start>3812005260963</start>
			<end>7577064593031</end>
		</rx_bytes>
		<rx_packets>
			<start>1834445123</start>
			<end>2295850785</end>
		</rx_packets>
		<rx_errors>
			<start>0</start>
			<end>0</end>
		</rx_errors>
		<rx_dropped>
			<start>0</start>
			<end>0</end>
		</rx_dropped>
		<rx_missed>
			<start>0</start>
			<end>0</end>
		</rx_missed>
		<rx_mcast>
			<start>50</start>
			<end>54</end>
		</rx_mcast>
		<tx_bytes>
			<start>4056395728115</start>
			<end>7705769487115</end>
		</tx_bytes>
		<tx_packets>
			<start>1617562989</start>
			<end>2064791498</end>
		</tx_packets>
		<tx_errors>
			<start>0</start>
			<end>0</end>
		</tx_errors>
		<tx_dropped>
			<start>0</start>
			<end>0</end>
		</tx_dropped>
		<tx_carrier>
			<start>0</start>
			<end>0</end>
		</tx_carrier>
		<tx_collisions>
			<start>0</start>
			<end>0</end>
		</tx_collisions>
	</ip_statistic>
	<netstat_statistic>
		<udp_pkg_rec>
			<start>1570410993</start>
			<end>1628107082</end>
		</udp_pkg_rec>
		<udp_pkg_snt>
			<start>1617632833</start>
			<end>1673556793</end>
		</udp_pkg_snt>
		<udp_rec_err>
			<start>0</start>
			<end>0</end>
		</udp_rec_err>
		<udp_rec_buf_err>
			<start>0</start>
			<end>0</end>
		</udp_rec_buf_err>
		<udp_snt_buf_err>
			<start>0</start>
			<end>0</end>
		</udp_snt_buf_err>
	</netstat_statistic>
</test_results>
