<?xml version="1.0"?>
<test_results>
	<status>STATUS_SUCCESS</status>
	<custom>
		<num_loss>1552410</num_loss>
		<num_total>2000001</num_total>
		<num_misses>124</num_misses>
		<elapsed_time>239.991079</elapsed_time>
		<query>
			<report>
				<misses>10000</misses>
				<total>8169</total>
			</report>
			<report>
				<misses>20000</misses>
				<total>13119</total>
			</report>
			<report>
				<misses>30000</misses>
				<total>13127</total>
			</report>
			<report>
				<misses>40000</misses>
				<total>16826</total>
			</report>
			<report>
				<misses>50000</misses>
				<total>22505</total>
			</report>
			<report>
				<misses>60000</misses>
				<total>22507</total>
			</report>
			<report>
				<misses>70000</misses>
				<total>31044</total>
			</report>
			<report>
				<misses>80000</misses>
				<total>41043</total>
			</report>
			<report>
				<misses>90000</misses>
				<total>51042</total>
			</report>
			<report>
				<misses>100000</misses>
				<total>61041</total>
			</report>
			<report>
				<misses>110000</misses>
				<total>71040</total>
			</report>
			<report>
				<misses>120000</misses>
				<total>81039</total>
			</report>
			<report>
				<misses>130000</misses>
				<total>91038</total>
			</report>
			<report>
				<misses>140000</misses>
				<total>101037</total>
			</report>
			<report>
				<misses>150000</misses>
				<total>111036</total>
			</report>
			<report>
				<misses>160000</misses>
				<total>121035</total>
			</report>
			<report>
				<misses>170000</misses>
				<total>131034</total>
			</report>
			<report>
				<misses>180000</misses>
				<total>141033</total>
			</report>
			<report>
				<misses>190000</misses>
				<total>151032</total>
			</report>
			<report>
				<misses>200000</misses>
				<total>161031</total>
			</report>
			<report>
				<misses>210000</misses>
				<total>171030</total>
			</report>
			<report>
				<misses>220000</misses>
				<total>181029</total>
			</report>
			<report>
				<misses>230000</misses>
				<total>191028</total>
			</report>
			<report>
				<misses>240000</misses>
				<total>198151</total>
			</report>
			<report>
				<misses>250000</misses>
				<total>198157</total>
			</report>
			<report>
				<misses>260000</misses>
				<total>201766</total>
			</report>
			<report>
				<misses>270000</misses>
				<total>206113</total>
			</report>
			<report>
				<misses>280000</misses>
				<total>216112</total>
			</report>
			<report>
				<misses>290000</misses>
				<total>223708</total>
			</report>
			<report>
				<misses>300000</misses>
				<total>229869</total>
			</report>
			<report>
				<misses>310000</misses>
				<total>239868</total>
			</report>
			<report>
				<misses>320000</misses>
				<total>249867</total>
			</report>
			<report>
				<misses>330000</misses>
				<total>259866</total>
			</report>
			<report>
				<misses>340000</misses>
				<total>269865</total>
			</report>
			<report>
				<misses>350000</misses>
				<total>279864</total>
			</report>
			<report>
				<misses>360000</misses>
				<total>289863</total>
			</report>
			<report>
				<misses>370000</misses>
				<total>299862</total>
			</report>
			<report>
				<misses>380000</misses>
				<total>309861</total>
			</report>
			<report>
				<misses>390000</misses>
				<total>319860</total>
			</report>
			<report>
				<misses>400000</misses>
				<total>329859</total>
			</report>
			<report>
				<misses>410000</misses>
				<total>339858</total>
			</report>
			<report>
				<misses>420000</misses>
				<total>349857</total>
			</report>
			<report>
				<misses>430000</misses>
				<total>359856</total>
			</report>
			<report>
				<misses>440000</misses>
				<total>369855</total>
			</report>
			<report>
				<misses>450000</misses>
				<total>379854</total>
			</report>
			<report>
				<misses>460000</misses>
				<total>389853</total>
			</report>
			<report>
				<misses>470000</misses>
				<total>390253</total>
			</report>
			<report>
				<misses>480000</misses>
				<total>390267</total>
			</report>
			<report>
				<misses>490000</misses>
				<total>390277</total>
			</report>
			<report>
				<misses>500000</misses>
				<total>390279</total>
			</report>
			<report>
				<misses>510000</misses>
				<total>390282</total>
			</report>
			<report>
				<misses>520000</misses>
				<total>390293</total>
			</report>
			<report>
				<misses>530000</misses>
				<total>390300</total>
			</report>
			<report>
				<misses>540000</misses>
				<total>390309</total>
			</report>
			<report>
				<misses>550000</misses>
				<total>390322</total>
			</report>
			<report>
				<misses>560000</misses>
				<total>390327</total>
			</report>
			<report>
				<misses>570000</misses>
				<total>390329</total>
			</report>
			<report>
				<misses>580000</misses>
				<total>398097</total>
			</report>
			<report>
				<misses>590000</misses>
				<total>408096</total>
			</report>
			<report>
				<misses>600000</misses>
				<total>418095</total>
			</report>
			<report>
				<misses>610000</misses>
				<total>428094</total>
			</report>
			<report>
				<misses>620000</misses>
				<total>438093</total>
			</report>
			<report>
				<misses>630000</misses>
				<total>448092</total>
			</report>
			<report>
				<misses>640000</misses>
				<total>458091</total>
			</report>
			<report>
				<misses>650000</misses>
				<total>468090</total>
			</report>
			<report>
				<misses>660000</misses>
				<total>478089</total>
			</report>
			<report>
				<misses>670000</misses>
				<total>488088</total>
			</report>
			<report>
				<misses>680000</misses>
				<total>498087</total>
			</report>
			<report>
				<misses>690000</misses>
				<total>508086</total>
			</report>
			<report>
				<misses>700000</misses>
				<total>518085</total>
			</report>
			<report>
				<misses>710000</misses>
				<total>528084</total>
			</report>
			<report>
				<misses>720000</misses>
				<total>538083</total>
			</report>
			<report>
				<misses>730000</misses>
				<total>548082</total>
			</report>
			<report>
				<misses>740000</misses>
				<total>557504</total>
			</report>
			<report>
				<misses>750000</misses>
				<total>558243</total>
			</report>
			<report>
				<misses>760000</misses>
				<total>558258</total>
			</report>
			<report>
				<misses>770000</misses>
				<total>560734</total>
			</report>
			<report>
				<misses>780000</misses>
				<total>570733</total>
			</report>
			<report>
				<misses>790000</misses>
				<total>580732</total>
			</report>
			<report>
				<misses>800000</misses>
				<total>589072</total>
			</report>
			<report>
				<misses>810000</misses>
				<total>589074</total>
			</report>
			<report>
				<misses>820000</misses>
				<total>589074</total>
			</report>
			<report>
				<misses>830000</misses>
				<total>589096</total>
			</report>
			<report>
				<misses>840000</misses>
				<total>589117</total>
			</report>
			<report>
				<misses>850000</misses>
				<total>589117</total>
			</report>
			<report>
				<misses>860000</misses>
				<total>596791</total>
			</report>
			<report>
				<misses>870000</misses>
				<total>606790</total>
			</report>
			<report>
				<misses>880000</misses>
				<total>616789</total>
			</report>
			<report>
				<misses>890000</misses>
				<total>626788</total>
			</report>
			<report>
				<misses>900000</misses>
				<total>636787</total>
			</report>
			<report>
				<misses>910000</misses>
				<total>646786</total>
			</report>
			<report>
				<misses>920000</misses>
				<total>656785</total>
			</report>
			<report>
				<misses>930000</misses>
				<total>666784</total>
			</report>
			<report>
				<misses>940000</misses>
				<total>676783</total>
			</report>
			<report>
				<misses>950000</misses>
				<total>686782</total>
			</report>
			<report>
				<misses>960000</misses>
				<total>696781</total>
			</report>
			<report>
				<misses>970000</misses>
				<total>706780</total>
			</report>
			<report>
				<misses>980000</misses>
				<total>716779</total>
			</report>
			<report>
				<misses>990000</misses>
				<total>726778</total>
			</report>
			<report>
				<misses>1000000</misses>
				<total>736777</total>
			</report>
			<report>
				<misses>1010000</misses>
				<total>746776</total>
			</report>
			<report>
				<misses>1020000</misses>
				<total>756775</total>
			</report>
			<report>
				<misses>1030000</misses>
				<total>766774</total>
			</report>
			<report>
				<misses>1040000</misses>
				<total>773194</total>
			</report>
			<report>
				<misses>1050000</misses>
				<total>775285</total>
			</report>
			<report>
				<misses>1060000</misses>
				<total>778480</total>
			</report>
			<report>
				<misses>1070000</misses>
				<total>778487</total>
			</report>
			<report>
				<misses>1080000</misses>
				<total>778487</total>
			</report>
			<report>
				<misses>1090000</misses>
				<total>778487</total>
			</report>
			<report>
				<misses>1100000</misses>
				<total>785025</total>
			</report>
			<report>
				<misses>1110000</misses>
				<total>795024</total>
			</report>
			<report>
				<misses>1120000</misses>
				<total>805023</total>
			</report>
			<report>
				<misses>1130000</misses>
				<total>815022</total>
			</report>
			<report>
				<misses>1140000</misses>
				<total>825021</total>
			</report>
			<report>
				<misses>1150000</misses>
				<total>835020</total>
			</report>
			<report>
				<misses>1160000</misses>
				<total>845019</total>
			</report>
			<report>
				<misses>1170000</misses>
				<total>855018</total>
			</report>
			<report>
				<misses>1180000</misses>
				<total>865017</total>
			</report>
			<report>
				<misses>1190000</misses>
				<total>875016</total>
			</report>
			<report>
				<misses>1200000</misses>
				<total>885015</total>
			</report>
			<report>
				<misses>1210000</misses>
				<total>895014</total>
			</report>
			<report>
				<misses>1220000</misses>
				<total>905013</total>
			</report>
			<report>
				<misses>1230000</misses>
				<total>915012</total>
			</report>
			<report>
				<misses>1240000</misses>
				<total>925011</total>
			</report>
			<report>
				<misses>1250000</misses>
				<total>935010</total>
			</report>
			<report>
				<misses>1260000</misses>
				<total>945009</total>
			</report>
			<report>
				<misses>1270000</misses>
				<total>955008</total>
			</report>
			<report>
				<misses>1280000</misses>
				<total>961231</total>
			</report>
			<report>
				<misses>1290000</misses>
				<total>961243</total>
			</report>
			<report>
				<misses>1300000</misses>
				<total>961265</total>
			</report>
			<report>
				<misses>1310000</misses>
				<total>961963</total>
			</report>
			<report>
				<misses>1320000</misses>
				<total>971962</total>
			</report>
			<report>
				<misses>1330000</misses>
				<total>981961</total>
			</report>
			<report>
				<misses>1340000</misses>
				<total>991960</total>
			</report>
			<report>
				<misses>1350000</misses>
				<total>1001959</total>
			</report>
			<report>
				<misses>1360000</misses>
				<total>1011958</total>
			</report>
			<report>
				<misses>1370000</misses>
				<total>1021957</total>
			</report>
			<report>
				<misses>1380000</misses>
				<total>1031956</total>
			</report>
			<report>
				<misses>1390000</misses>
				<total>1041955</total>
			</report>
			<report>
				<misses>1400000</misses>
				<total>1051954</total>
			</report>
			<report>
				<misses>1410000</misses>
				<total>1061953</total>
			</report>
			<report>
				<misses>1420000</misses>
				<total>1071952</total>
			</report>
			<report>
				<misses>1430000</misses>
				<total>1081951</total>
			</report>
			<report>
				<misses>1440000</misses>
				<total>1091950</total>
			</report>
			<report>
				<misses>1450000</misses>
				<total>1101949</total>
			</report>
			<report>
				<misses>1460000</misses>
				<total>1111948</total>
			</report>
			<report>
				<misses>1470000</misses>
				<total>1121947</total>
			</report>
			<report>
				<misses>1480000</misses>
				<total>1131946</total>
			</report>
			<report>
				<misses>1490000</misses>
				<total>1141945</total>
			</report>
			<report>
				<misses>1500000</misses>
				<total>1151944</total>
			</report>
			<report>
				<misses>1510000</misses>
				<total>1156862</total>
			</report>
			<report>
				<misses>1520000</misses>
				<total>1159506</total>
			</report>
			<report>
				<misses>1530000</misses>
				<total>1159512</total>
			</report>
			<report>
				<misses>1540000</misses>
				<total>1159523</total>
			</report>
			<report>
				<misses>1550000</misses>
				<total>1163823</total>
			</report>
			<report>
				<misses>1560000</misses>
				<total>1173822</total>
			</report>
			<report>
				<misses>1570000</misses>
				<total>1183821</total>
			</report>
			<report>
				<misses>1580000</misses>
				<total>1193820</total>
			</report>
			<report>
				<misses>1590000</misses>
				<total>1203819</total>
			</report>
			<report>
				<misses>1600000</misses>
				<total>1213818</total>
			</report>
			<report>
				<misses>1610000</misses>
				<total>1223817</total>
			</report>
			<report>
				<misses>1620000</misses>
				<total>1233816</total>
			</report>
			<report>
				<misses>1630000</misses>
				<total>1243815</total>
			</report>
			<report>
				<misses>1640000</misses>
				<total>1253814</total>
			</report>
			<report>
				<misses>1650000</misses>
				<total>1263813</total>
			</report>
			<report>
				<misses>1660000</misses>
				<total>1273812</total>
			</report>
			<report>
				<misses>1670000</misses>
				<total>1283811</total>
			</report>
			<report>
				<misses>1680000</misses>
				<total>1293810</total>
			</report>
			<report>
				<misses>1690000</misses>
				<total>1303809</total>
			</report>
			<report>
				<misses>1700000</misses>
				<total>1313808</total>
			</report>
			<report>
				<misses>1710000</misses>
				<total>1323807</total>
			</report>
			<report>
				<misses>1720000</misses>
				<total>1333806</total>
			</report>
			<report>
				<misses>1730000</misses>
				<total>1343805</total>
			</report>
			<report>
				<misses>1740000</misses>
				<total>1349134</total>
			</report>
			<report>
				<misses>1750000</misses>
				<total>1349143</total>
			</report>
			<report>
				<misses>1760000</misses>
				<total>1349169</total>
			</report>
			<report>
				<misses>1770000</misses>
				<total>1349169</total>
			</report>
			<report>
				<misses>1780000</misses>
				<total>1354764</total>
			</report>
			<report>
				<misses>1790000</misses>
				<total>1364763</total>
			</report>
			<report>
				<misses>1800000</misses>
				<total>1374762</total>
			</report>
			<report>
				<misses>1810000</misses>
				<total>1384761</total>
			</report>
			<report>
				<misses>1820000</misses>
				<total>1394760</total>
			</report>
			<report>
				<misses>1830000</misses>
				<total>1404759</total>
			</report>
			<report>
				<misses>1840000</misses>
				<total>1414758</total>
			</report>
			<report>
				<misses>1850000</misses>
				<total>1424757</total>
			</report>
			<report>
				<misses>1860000</misses>
				<total>1434756</total>
			</report>
			<report>
				<misses>1870000</misses>
				<total>1444755</total>
			</report>
			<report>
				<misses>1880000</misses>
				<total>1454754</total>
			</report>
			<report>
				<misses>1890000</misses>
				<total>1464753</total>
			</report>
			<report>
				<misses>1900000</misses>
				<total>1474752</total>
			</report>
			<report>
				<misses>1910000</misses>
				<total>1484751</total>
			</report>
			<report>
				<misses>1920000</misses>
				<total>1494750</total>
			</report>
			<report>
				<misses>1930000</misses>
				<total>1504749</total>
			</report>
			<report>
				<misses>1940000</misses>
				<total>1514748</total>
			</report>
			<report>
				<misses>1950000</misses>
				<total>1524747</total>
			</report>
			<report>
				<misses>1960000</misses>
				<total>1534746</total>
			</report>
			<report>
				<misses>1970000</misses>
				<total>1540477</total>
			</report>
			<report>
				<misses>1980000</misses>
				<total>1540494</total>
			</report>
			<report>
				<misses>1990000</misses>
				<total>1544286</total>
			</report>
			<report>
				<misses>2000000</misses>
				<total>1552410</total>
			</report>
		</query>
	</custom>
	<ethtool_statistic>
		<rx_packets>
			<start>17202211162</start>
			<end>17213614306</end>
		</rx_packets>
		<tx_packets>
			<start>20224652266</start>
			<end>20247493210</end>
		</tx_packets>
		<rx_dropped>
			<start>267</start>
			<end>267</end>
		</rx_dropped>
		<tx_dropped>
			<start>0</start>
			<end>0</end>
		</tx_dropped>
		<collisions>
			<start>0</start>
			<end>0</end>
		</collisions>
		<port_tx_errors>
			<start>0</start>
			<end>0</end>
		</port_tx_errors>
		<port_rx_dropped>
			<start>0</start>
			<end>0</end>
		</port_rx_dropped>
		<port_tx_dropped_link_down>
			<start>0</start>
			<end>0</end>
		</port_tx_dropped_link_down>
	</ethtool_statistic>
	<ip_statistic>
		<mtu>
			<start>9000</start>
			<end>9000</end>
		</mtu>
		<rx_bytes>
			<start>154634727208519</start>
			<end>154737237652385</end>
		</rx_bytes>
		<rx_packets>
			<start>17202211245</start>
			<end>17213614384</end>
		</rx_packets>
		<rx_errors>
			<start>0</start>
			<end>0</end>
		</rx_errors>
		<rx_dropped>
			<start>273</start>
			<end>273</end>
		</rx_dropped>
		<rx_missed>
			<start>0</start>
			<end>0</end>
		</rx_missed>
		<rx_mcast>
			<start>12404</start>
			<end>12408</end>
		</rx_mcast>
		<tx_bytes>
			<start>137895980515231</start>
			<end>138088039268079</end>
		</tx_bytes>
		<tx_packets>
			<start>20224652300</start>
			<end>20247493252</end>
		</tx_packets>
		<tx_errors>
			<start>0</start>
			<end>0</end>
		</tx_errors>
		<tx_dropped>
			<start>0</start>
			<end>0</end>
		</tx_dropped>
		<tx_carrier>
			<start>0</start>
			<end>0</end>
		</tx_carrier>
		<tx_collisions>
			<start>0</start>
			<end>0</end>
		</tx_collisions>
	</ip_statistic>
	<netstat_statistic>
		<udp_pkg_rec>
			<start>16919730844</start>
			<end>16930189421</end>
		</udp_pkg_rec>
		<udp_pkg_snt>
			<start>16866884218</start>
			<end>16875727087</end>
		</udp_pkg_snt>
		<udp_rec_err>
			<start>284475990</start>
			<end>285420375</end>
		</udp_rec_err>
		<udp_rec_buf_err>
			<start>284475990</start>
			<end>285420375</end>
		</udp_rec_buf_err>
		<udp_snt_buf_err>
			<start>28</start>
			<end>28</end>
		</udp_snt_buf_err>
	</netstat_statistic>
</test_results>
