<?xml version="1.0"?>
<test_results>
	<status>STATUS_SUCCESS</status>
	<custom>
		<num_loss>61082</num_loss>
		<num_total>5000001</num_total>
		<num_misses>14702356</num_misses>
		<elapsed_time>49.256091</elapsed_time>
		<query>
			<report>
				<misses>100000</misses>
				<total>1216</total>
				<timestamp>0.992607</timestamp>
			</report>
			<report>
				<misses>200000</misses>
				<total>2929</total>
				<timestamp>1.955841</timestamp>
			</report>
			<report>
				<misses>300000</misses>
				<total>4598</total>
				<timestamp>2.976058</timestamp>
			</report>
			<report>
				<misses>400000</misses>
				<total>5646</total>
				<timestamp>3.975906</timestamp>
			</report>
			<report>
				<misses>500000</misses>
				<total>6864</total>
				<timestamp>4.973276</timestamp>
			</report>
			<report>
				<misses>600000</misses>
				<total>8227</total>
				<timestamp>5.961228</timestamp>
			</report>
			<report>
				<misses>700000</misses>
				<total>9343</total>
				<timestamp>6.931374</timestamp>
			</report>
			<report>
				<misses>800000</misses>
				<total>10717</total>
				<timestamp>7.920450</timestamp>
			</report>
			<report>
				<misses>900000</misses>
				<total>12004</total>
				<timestamp>8.918749</timestamp>
			</report>
			<report>
				<misses>1000000</misses>
				<total>12995</total>
				<timestamp>9.915531</timestamp>
			</report>
			<report>
				<misses>1100000</misses>
				<total>13853</total>
				<timestamp>10.890945</timestamp>
			</report>
			<report>
				<misses>1200000</misses>
				<total>14699</total>
				<timestamp>11.869844</timestamp>
			</report>
			<report>
				<misses>1300000</misses>
				<total>16092</total>
				<timestamp>12.877089</timestamp>
			</report>
			<report>
				<misses>1400000</misses>
				<total>17441</total>
				<timestamp>13.867119</timestamp>
			</report>
			<report>
				<misses>1500000</misses>
				<total>18783</total>
				<timestamp>14.856321</timestamp>
			</report>
			<report>
				<misses>1600000</misses>
				<total>19897</total>
				<timestamp>15.830544</timestamp>
			</report>
			<report>
				<misses>1700000</misses>
				<total>20826</total>
				<timestamp>16.815813</timestamp>
			</report>
			<report>
				<misses>1800000</misses>
				<total>22516</total>
				<timestamp>17.811745</timestamp>
			</report>
			<report>
				<misses>1900000</misses>
				<total>23306</total>
				<timestamp>18.777629</timestamp>
			</report>
			<report>
				<misses>2000000</misses>
				<total>24605</total>
				<timestamp>19.761535</timestamp>
			</report>
			<report>
				<misses>2100000</misses>
				<total>25982</total>
				<timestamp>20.747226</timestamp>
			</report>
			<report>
				<misses>2200000</misses>
				<total>26909</total>
				<timestamp>21.732869</timestamp>
			</report>
			<report>
				<misses>2300000</misses>
				<total>27989</total>
				<timestamp>22.717969</timestamp>
			</report>
			<report>
				<misses>2400000</misses>
				<total>29059</total>
				<timestamp>23.704900</timestamp>
			</report>
			<report>
				<misses>2500000</misses>
				<total>30724</total>
				<timestamp>24.663664</timestamp>
			</report>
			<report>
				<misses>2600000</misses>
				<total>32010</total>
				<timestamp>25.624732</timestamp>
			</report>
			<report>
				<misses>2700000</misses>
				<total>33425</total>
				<timestamp>26.616612</timestamp>
			</report>
			<report>
				<misses>2800000</misses>
				<total>35311</total>
				<timestamp>27.636848</timestamp>
			</report>
			<report>
				<misses>2900000</misses>
				<total>37237</total>
				<timestamp>28.587621</timestamp>
			</report>
			<report>
				<misses>3000000</misses>
				<total>38339</total>
				<timestamp>29.559785</timestamp>
			</report>
			<report>
				<misses>3100000</misses>
				<total>39295</total>
				<timestamp>30.542109</timestamp>
			</report>
			<report>
				<misses>3200000</misses>
				<total>40442</total>
				<timestamp>31.522708</timestamp>
			</report>
			<report>
				<misses>3300000</misses>
				<total>41906</total>
				<timestamp>32.522680</timestamp>
			</report>
			<report>
				<misses>3400000</misses>
				<total>42661</total>
				<timestamp>33.503688</timestamp>
			</report>
			<report>
				<misses>3500000</misses>
				<total>43689</total>
				<timestamp>34.456515</timestamp>
			</report>
			<report>
				<misses>3600000</misses>
				<total>45541</total>
				<timestamp>35.443315</timestamp>
			</report>
			<report>
				<misses>3700000</misses>
				<total>46804</total>
				<timestamp>36.429774</timestamp>
			</report>
			<report>
				<misses>3800000</misses>
				<total>47588</total>
				<timestamp>37.415149</timestamp>
			</report>
			<report>
				<misses>3900000</misses>
				<total>48838</total>
				<timestamp>38.405409</timestamp>
			</report>
			<report>
				<misses>4000000</misses>
				<total>49780</total>
				<timestamp>39.397030</timestamp>
			</report>
			<report>
				<misses>4100000</misses>
				<total>51127</total>
				<timestamp>40.419421</timestamp>
			</report>
			<report>
				<misses>4200000</misses>
				<total>52455</total>
				<timestamp>41.399517</timestamp>
			</report>
			<report>
				<misses>4300000</misses>
				<total>53476</total>
				<timestamp>42.373529</timestamp>
			</report>
			<report>
				<misses>4400000</misses>
				<total>54172</total>
				<timestamp>43.372518</timestamp>
			</report>
			<report>
				<misses>4500000</misses>
				<total>55700</total>
				<timestamp>44.350012</timestamp>
			</report>
			<report>
				<misses>4600000</misses>
				<total>56509</total>
				<timestamp>45.352465</timestamp>
			</report>
			<report>
				<misses>4700000</misses>
				<total>57781</total>
				<timestamp>46.331706</timestamp>
			</report>
			<report>
				<misses>4800000</misses>
				<total>58609</total>
				<timestamp>47.298790</timestamp>
			</report>
			<report>
				<misses>4900000</misses>
				<total>59785</total>
				<timestamp>48.276702</timestamp>
			</report>
			<report>
				<misses>5000000</misses>
				<total>61082</total>
				<timestamp>49.256071</timestamp>
			</report>
		</query>
	</custom>
	<ethtool_statistic>
		<rx_packets>
			<start>2665838007</start>
			<end>2668360248</end>
		</rx_packets>
		<tx_packets>
			<start>3012696783</start>
			<end>3019211572</end>
		</tx_packets>
		<rx_dropped>
			<start>0</start>
			<end>0</end>
		</rx_dropped>
		<tx_dropped>
			<start>0</start>
			<end>0</end>
		</tx_dropped>
		<collisions>
			<start>0</start>
			<end>0</end>
		</collisions>
		<port_tx_errors>
			<start>0</start>
			<end>0</end>
		</port_tx_errors>
		<port_rx_dropped>
			<start>0</start>
			<end>0</end>
		</port_rx_dropped>
		<port_tx_dropped_link_down>
			<start>0</start>
			<end>0</end>
		</port_tx_dropped_link_down>
	</ethtool_statistic>
	<ip_statistic>
		<mtu>
			<start>9000</start>
			<end>9000</end>
		</mtu>
		<rx_bytes>
			<start>23964950392843</start>
			<end>23987621247102</end>
		</rx_bytes>
		<rx_packets>
			<start>2665838064</start>
			<end>2668360305</end>
		</rx_packets>
		<rx_errors>
			<start>0</start>
			<end>0</end>
		</rx_errors>
		<rx_dropped>
			<start>0</start>
			<end>0</end>
		</rx_dropped>
		<rx_missed>
			<start>0</start>
			<end>0</end>
		</rx_missed>
		<rx_mcast>
			<start>490</start>
			<end>490</end>
		</rx_mcast>
		<tx_bytes>
			<start>15205309418076</start>
			<end>15263624731108</end>
		</tx_bytes>
		<tx_packets>
			<start>3012696831</start>
			<end>3019211615</end>
		</tx_packets>
		<tx_errors>
			<start>0</start>
			<end>0</end>
		</tx_errors>
		<tx_dropped>
			<start>0</start>
			<end>0</end>
		</tx_dropped>
		<tx_carrier>
			<start>0</start>
			<end>0</end>
		</tx_carrier>
		<tx_collisions>
			<start>0</start>
			<end>0</end>
		</tx_collisions>
	</ip_statistic>
	<netstat_statistic>
		<udp_pkg_rec>
			<start>2512098140</start>
			<end>2514443286</end>
		</udp_pkg_rec>
		<udp_pkg_snt>
			<start>3012927209</start>
			<end>3019440969</end>
		</udp_pkg_snt>
		<udp_rec_err>
			<start>153969469</start>
			<end>154146509</end>
		</udp_rec_err>
		<udp_rec_buf_err>
			<start>153969469</start>
			<end>154146509</end>
		</udp_rec_buf_err>
		<udp_snt_buf_err>
			<start>0</start>
			<end>0</end>
		</udp_snt_buf_err>
	</netstat_statistic>
</test_results>
