<?xml version="1.0"?>
<test_results>
	<status>STATUS_SUCCESS</status>
	<custom>
		<num_loss>50</num_loss>
		<num_total>16121001</num_total>
		<num_misses>3</num_misses>
		<elapsed_time>5475.660094</elapsed_time>
		<query>
			<report>
				<misses>1001</misses>
				<total>0</total>
				<timestamp>0.339999</timestamp>
			</report>
			<report>
				<misses>2001</misses>
				<total>1</total>
				<timestamp>0.679505</timestamp>
			</report>
			<report>
				<misses>3001</misses>
				<total>1</total>
				<timestamp>1.019171</timestamp>
			</report>
			<report>
				<misses>4001</misses>
				<total>1</total>
				<timestamp>1.358840</timestamp>
			</report>
			<report>
				<misses>5001</misses>
				<total>1</total>
				<timestamp>1.698488</timestamp>
			</report>
			<report>
				<misses>6001</misses>
				<total>1</total>
				<timestamp>2.038156</timestamp>
			</report>
			<report>
				<misses>7001</misses>
				<total>1</total>
				<timestamp>2.377884</timestamp>
			</report>
			<report>
				<misses>8001</misses>
				<total>1</total>
				<timestamp>2.717476</timestamp>
			</report>
			<report>
				<misses>9001</misses>
				<total>1</total>
				<timestamp>3.057141</timestamp>
			</report>
			<report>
				<misses>10001</misses>
				<total>1</total>
				<timestamp>3.396867</timestamp>
			</report>
			<report>
				<misses>11001</misses>
				<total>1</total>
				<timestamp>3.736443</timestamp>
			</report>
			<report>
				<misses>12001</misses>
				<total>1</total>
				<timestamp>4.076100</timestamp>
			</report>
			<report>
				<misses>13001</misses>
				<total>0</total>
				<timestamp>4.415845</timestamp>
			</report>
			<report>
				<misses>14001</misses>
				<total>1</total>
				<timestamp>4.755463</timestamp>
			</report>
			<report>
				<misses>15001</misses>
				<total>1</total>
				<timestamp>5.095080</timestamp>
			</report>
			<report>
				<misses>16001</misses>
				<total>0</total>
				<timestamp>5.434861</timestamp>
			</report>
			<report>
				<misses>17001</misses>
				<total>1</total>
				<timestamp>5.774430</timestamp>
			</report>
			<report>
				<misses>18001</misses>
				<total>1</total>
				<timestamp>6.114052</timestamp>
			</report>
			<report>
				<misses>19001</misses>
				<total>0</total>
				<timestamp>6.453825</timestamp>
			</report>
			<report>
				<misses>20001</misses>
				<total>1</total>
				<timestamp>6.793376</timestamp>
			</report>
			<report>
				<misses>21001</misses>
				<total>1</total>
				<timestamp>7.133061</timestamp>
			</report>
			<report>
				<misses>22001</misses>
				<total>0</total>
				<timestamp>7.472825</timestamp>
			</report>
			<report>
				<misses>23001</misses>
				<total>1</total>
				<timestamp>7.812375</timestamp>
			</report>
			<report>
				<misses>24001</misses>
				<total>1</total>
				<timestamp>8.152144</timestamp>
			</report>
			<report>
				<misses>25001</misses>
				<total>1</total>
				<timestamp>8.491803</timestamp>
			</report>
			<report>
				<misses>26001</misses>
				<total>1</total>
				<timestamp>8.831338</timestamp>
			</report>
			<report>
				<misses>27001</misses>
				<total>1</total>
				<timestamp>9.170997</timestamp>
			</report>
			<report>
				<misses>28001</misses>
				<total>0</total>
				<timestamp>9.510780</timestamp>
			</report>
			<report>
				<misses>29001</misses>
				<total>1</total>
				<timestamp>9.850443</timestamp>
			</report>
			<report>
				<misses>30001</misses>
				<total>1</total>
				<timestamp>10.190103</timestamp>
			</report>
			<report>
				<misses>31001</misses>
				<total>1</total>
				<timestamp>10.529767</timestamp>
			</report>
			<report>
				<misses>32001</misses>
				<total>1</total>
				<timestamp>10.869424</timestamp>
			</report>
			<report>
				<misses>33001</misses>
				<total>1</total>
				<timestamp>11.209093</timestamp>
			</report>
			<report>
				<misses>34001</misses>
				<total>1</total>
				<timestamp>11.548744</timestamp>
			</report>
			<report>
				<misses>35001</misses>
				<total>1</total>
				<timestamp>11.888407</timestamp>
			</report>
			<report>
				<misses>36001</misses>
				<total>1</total>
				<timestamp>12.228086</timestamp>
			</report>
			<report>
				<misses>37001</misses>
				<total>1</total>
				<timestamp>12.567723</timestamp>
			</report>
			<report>
				<misses>38001</misses>
				<total>1</total>
				<timestamp>12.907391</timestamp>
			</report>
			<report>
				<misses>39001</misses>
				<total>1</total>
				<timestamp>13.247043</timestamp>
			</report>
			<report>
				<misses>40001</misses>
				<total>0</total>
				<timestamp>13.586705</timestamp>
			</report>
			<report>
				<misses>41001</misses>
				<total>1</total>
				<timestamp>13.926370</timestamp>
			</report>
			<report>
				<misses>42001</misses>
				<total>1</total>
				<timestamp>14.266021</timestamp>
			</report>
			<report>
				<misses>43001</misses>
				<total>0</total>
				<timestamp>14.605689</timestamp>
			</report>
			<report>
				<misses>44001</misses>
				<total>1</total>
				<timestamp>14.945224</timestamp>
			</report>
			<report>
				<misses>45001</misses>
				<total>1</total>
				<timestamp>15.285007</timestamp>
			</report>
			<report>
				<misses>46001</misses>
				<total>0</total>
				<timestamp>15.624673</timestamp>
			</report>
			<report>
				<misses>47001</misses>
				<total>1</total>
				<timestamp>15.964213</timestamp>
			</report>
			<report>
				<misses>48001</misses>
				<total>1</total>
				<timestamp>16.303886</timestamp>
			</report>
			<report>
				<misses>49001</misses>
				<total>0</total>
				<timestamp>16.643663</timestamp>
			</report>
			<report>
				<misses>50001</misses>
				<total>1</total>
				<timestamp>16.983179</timestamp>
			</report>
			<report>
				<misses>51001</misses>
				<total>0</total>
				<timestamp>17.322936</timestamp>
			</report>
			<report>
				<misses>52001</misses>
				<total>1</total>
				<timestamp>17.662542</timestamp>
			</report>
			<report>
				<misses>53001</misses>
				<total>1</total>
				<timestamp>18.002195</timestamp>
			</report>
			<report>
				<misses>54001</misses>
				<total>1</total>
				<timestamp>18.341812</timestamp>
			</report>
			<report>
				<misses>55001</misses>
				<total>1</total>
				<timestamp>18.681495</timestamp>
			</report>
			<report>
				<misses>56001</misses>
				<total>1</total>
				<timestamp>19.021150</timestamp>
			</report>
			<report>
				<misses>57001</misses>
				<total>1</total>
				<timestamp>19.360861</timestamp>
			</report>
			<report>
				<misses>58001</misses>
				<total>1</total>
				<timestamp>19.700459</timestamp>
			</report>
			<report>
				<misses>59001</misses>
				<total>1</total>
				<timestamp>20.040132</timestamp>
			</report>
			<report>
				<misses>60001</misses>
				<total>0</total>
				<timestamp>20.379852</timestamp>
			</report>
			<report>
				<misses>61001</misses>
				<total>1</total>
				<timestamp>20.719463</timestamp>
			</report>
			<report>
				<misses>62001</misses>
				<total>1</total>
				<timestamp>21.059136</timestamp>
			</report>
			<report>
				<misses>63001</misses>
				<total>1</total>
				<timestamp>21.398764</timestamp>
			</report>
			<report>
				<misses>64001</misses>
				<total>1</total>
				<timestamp>21.738426</timestamp>
			</report>
			<report>
				<misses>65001</misses>
				<total>1</total>
				<timestamp>22.078104</timestamp>
			</report>
			<report>
				<misses>66001</misses>
				<total>1</total>
				<timestamp>22.417744</timestamp>
			</report>
			<report>
				<misses>67001</misses>
				<total>1</total>
				<timestamp>22.757404</timestamp>
			</report>
			<report>
				<misses>68001</misses>
				<total>1</total>
				<timestamp>23.097065</timestamp>
			</report>
			<report>
				<misses>69001</misses>
				<total>1</total>
				<timestamp>23.436756</timestamp>
			</report>
			<report>
				<misses>70001</misses>
				<total>1</total>
				<timestamp>23.776372</timestamp>
			</report>
			<report>
				<misses>71001</misses>
				<total>1</total>
				<timestamp>24.116046</timestamp>
			</report>
			<report>
				<misses>72001</misses>
				<total>1</total>
				<timestamp>24.455730</timestamp>
			</report>
			<report>
				<misses>73001</misses>
				<total>1</total>
				<timestamp>24.795367</timestamp>
			</report>
			<report>
				<misses>74001</misses>
				<total>1</total>
				<timestamp>25.135028</timestamp>
			</report>
			<report>
				<misses>75001</misses>
				<total>1</total>
				<timestamp>25.474711</timestamp>
			</report>
			<report>
				<misses>76001</misses>
				<total>1</total>
				<timestamp>25.814346</timestamp>
			</report>
			<report>
				<misses>77001</misses>
				<total>1</total>
				<timestamp>26.154014</timestamp>
			</report>
			<report>
				<misses>78001</misses>
				<total>1</total>
				<timestamp>26.493708</timestamp>
			</report>
			<report>
				<misses>79001</misses>
				<total>1</total>
				<timestamp>26.833325</timestamp>
			</report>
			<report>
				<misses>80001</misses>
				<total>1</total>
				<timestamp>27.172972</timestamp>
			</report>
			<report>
				<misses>81001</misses>
				<total>1</total>
				<timestamp>27.512711</timestamp>
			</report>
			<report>
				<misses>82001</misses>
				<total>1</total>
				<timestamp>27.852316</timestamp>
			</report>
			<report>
				<misses>83001</misses>
				<total>1</total>
				<timestamp>28.191952</timestamp>
			</report>
			<report>
				<misses>84001</misses>
				<total>1</total>
				<timestamp>28.531641</timestamp>
			</report>
			<report>
				<misses>85001</misses>
				<total>1</total>
				<timestamp>28.871303</timestamp>
			</report>
			<report>
				<misses>86001</misses>
				<total>1</total>
				<timestamp>29.210957</timestamp>
			</report>
			<report>
				<misses>87001</misses>
				<total>1</total>
				<timestamp>29.550670</timestamp>
			</report>
			<report>
				<misses>88001</misses>
				<total>1</total>
				<timestamp>29.890248</timestamp>
			</report>
			<report>
				<misses>89001</misses>
				<total>1</total>
				<timestamp>30.229984</timestamp>
			</report>
			<report>
				<misses>90001</misses>
				<total>1</total>
				<timestamp>30.569629</timestamp>
			</report>
			<report>
				<misses>91001</misses>
				<total>1</total>
				<timestamp>30.909243</timestamp>
			</report>
			<report>
				<misses>92001</misses>
				<total>1</total>
				<timestamp>31.248915</timestamp>
			</report>
			<report>
				<misses>93001</misses>
				<total>1</total>
				<timestamp>31.588614</timestamp>
			</report>
			<report>
				<misses>94001</misses>
				<total>1</total>
				<timestamp>31.928219</timestamp>
			</report>
			<report>
				<misses>95001</misses>
				<total>1</total>
				<timestamp>32.267875</timestamp>
			</report>
			<report>
				<misses>96001</misses>
				<total>1</total>
				<timestamp>32.607557</timestamp>
			</report>
			<report>
				<misses>97001</misses>
				<total>1</total>
				<timestamp>32.947327</timestamp>
			</report>
			<report>
				<misses>98001</misses>
				<total>1</total>
				<timestamp>33.286860</timestamp>
			</report>
			<report>
				<misses>99001</misses>
				<total>1</total>
				<timestamp>33.626522</timestamp>
			</report>
			<report>
				<misses>100001</misses>
				<total>1</total>
				<timestamp>33.966181</timestamp>
			</report>
			<report>
				<misses>101001</misses>
				<total>1</total>
				<timestamp>34.305964</timestamp>
			</report>
			<report>
				<misses>102001</misses>
				<total>1</total>
				<timestamp>34.645624</timestamp>
			</report>
			<report>
				<misses>103001</misses>
				<total>1</total>
				<timestamp>34.985174</timestamp>
			</report>
			<report>
				<misses>104001</misses>
				<total>1</total>
				<timestamp>35.324817</timestamp>
			</report>
			<report>
				<misses>105001</misses>
				<total>1</total>
				<timestamp>35.664615</timestamp>
			</report>
			<report>
				<misses>106001</misses>
				<total>1</total>
				<timestamp>36.004140</timestamp>
			</report>
			<report>
				<misses>107001</misses>
				<total>1</total>
				<timestamp>36.343936</timestamp>
			</report>
			<report>
				<misses>108001</misses>
				<total>1</total>
				<timestamp>36.683587</timestamp>
			</report>
			<report>
				<misses>109001</misses>
				<total>1</total>
				<timestamp>37.023123</timestamp>
			</report>
			<report>
				<misses>110001</misses>
				<total>1</total>
				<timestamp>37.362905</timestamp>
			</report>
			<report>
				<misses>111001</misses>
				<total>1</total>
				<timestamp>37.702568</timestamp>
			</report>
			<report>
				<misses>112001</misses>
				<total>1</total>
				<timestamp>38.042099</timestamp>
			</report>
			<report>
				<misses>113001</misses>
				<total>1</total>
				<timestamp>38.381889</timestamp>
			</report>
			<report>
				<misses>114001</misses>
				<total>1</total>
				<timestamp>38.721550</timestamp>
			</report>
			<report>
				<misses>115001</misses>
				<total>1</total>
				<timestamp>39.061210</timestamp>
			</report>
			<report>
				<misses>116001</misses>
				<total>1</total>
				<timestamp>39.400861</timestamp>
			</report>
			<report>
				<misses>117001</misses>
				<total>0</total>
				<timestamp>39.740525</timestamp>
			</report>
			<report>
				<misses>118001</misses>
				<total>1</total>
				<timestamp>40.080186</timestamp>
			</report>
			<report>
				<misses>119001</misses>
				<total>1</total>
				<timestamp>40.419842</timestamp>
			</report>
			<report>
				<misses>120001</misses>
				<total>0</total>
				<timestamp>40.759507</timestamp>
			</report>
			<report>
				<misses>121001</misses>
				<total>1</total>
				<timestamp>41.099044</timestamp>
			</report>
			<report>
				<misses>122001</misses>
				<total>1</total>
				<timestamp>41.438826</timestamp>
			</report>
			<report>
				<misses>123001</misses>
				<total>1</total>
				<timestamp>41.778482</timestamp>
			</report>
			<report>
				<misses>124001</misses>
				<total>1</total>
				<timestamp>42.118155</timestamp>
			</report>
			<report>
				<misses>125001</misses>
				<total>1</total>
				<timestamp>42.457797</timestamp>
			</report>
			<report>
				<misses>126001</misses>
				<total>1</total>
				<timestamp>42.797470</timestamp>
			</report>
			<report>
				<misses>127001</misses>
				<total>1</total>
				<timestamp>43.137004</timestamp>
			</report>
			<report>
				<misses>128001</misses>
				<total>1</total>
				<timestamp>43.476783</timestamp>
			</report>
			<report>
				<misses>129001</misses>
				<total>0</total>
				<timestamp>43.816449</timestamp>
			</report>
			<report>
				<misses>130001</misses>
				<total>1</total>
				<timestamp>44.156106</timestamp>
			</report>
			<report>
				<misses>131001</misses>
				<total>1</total>
				<timestamp>44.495767</timestamp>
			</report>
			<report>
				<misses>132001</misses>
				<total>1</total>
				<timestamp>44.835424</timestamp>
			</report>
			<report>
				<misses>133001</misses>
				<total>1</total>
				<timestamp>45.175088</timestamp>
			</report>
			<report>
				<misses>134001</misses>
				<total>0</total>
				<timestamp>45.514745</timestamp>
			</report>
			<report>
				<misses>135001</misses>
				<total>1</total>
				<timestamp>45.854404</timestamp>
			</report>
			<report>
				<misses>136001</misses>
				<total>1</total>
				<timestamp>46.193943</timestamp>
			</report>
			<report>
				<misses>137001</misses>
				<total>0</total>
				<timestamp>46.533730</timestamp>
			</report>
			<report>
				<misses>138001</misses>
				<total>1</total>
				<timestamp>46.873382</timestamp>
			</report>
			<report>
				<misses>139001</misses>
				<total>1</total>
				<timestamp>47.213044</timestamp>
			</report>
			<report>
				<misses>140001</misses>
				<total>0</total>
				<timestamp>47.552709</timestamp>
			</report>
			<report>
				<misses>141001</misses>
				<total>1</total>
				<timestamp>47.892245</timestamp>
			</report>
			<report>
				<misses>142001</misses>
				<total>1</total>
				<timestamp>48.232027</timestamp>
			</report>
			<report>
				<misses>143001</misses>
				<total>0</total>
				<timestamp>48.571690</timestamp>
			</report>
			<report>
				<misses>144001</misses>
				<total>1</total>
				<timestamp>48.911344</timestamp>
			</report>
			<report>
				<misses>145001</misses>
				<total>1</total>
				<timestamp>49.251008</timestamp>
			</report>
			<report>
				<misses>146001</misses>
				<total>1</total>
				<timestamp>49.590665</timestamp>
			</report>
			<report>
				<misses>147001</misses>
				<total>1</total>
				<timestamp>49.930204</timestamp>
			</report>
			<report>
				<misses>148001</misses>
				<total>1</total>
				<timestamp>50.269859</timestamp>
			</report>
			<report>
				<misses>149001</misses>
				<total>1</total>
				<timestamp>50.609644</timestamp>
			</report>
			<report>
				<misses>150001</misses>
				<total>1</total>
				<timestamp>50.949184</timestamp>
			</report>
			<report>
				<misses>151001</misses>
				<total>1</total>
				<timestamp>51.288837</timestamp>
			</report>
			<report>
				<misses>152001</misses>
				<total>1</total>
				<timestamp>51.628627</timestamp>
			</report>
			<report>
				<misses>153001</misses>
				<total>1</total>
				<timestamp>51.968161</timestamp>
			</report>
			<report>
				<misses>154001</misses>
				<total>1</total>
				<timestamp>52.307834</timestamp>
			</report>
			<report>
				<misses>155001</misses>
				<total>1</total>
				<timestamp>52.647607</timestamp>
			</report>
			<report>
				<misses>156001</misses>
				<total>1</total>
				<timestamp>52.987143</timestamp>
			</report>
			<report>
				<misses>157001</misses>
				<total>1</total>
				<timestamp>53.326803</timestamp>
			</report>
			<report>
				<misses>158001</misses>
				<total>1</total>
				<timestamp>53.666589</timestamp>
			</report>
			<report>
				<misses>159001</misses>
				<total>1</total>
				<timestamp>54.006245</timestamp>
			</report>
			<report>
				<misses>160001</misses>
				<total>1</total>
				<timestamp>54.345777</timestamp>
			</report>
			<report>
				<misses>161001</misses>
				<total>0</total>
				<timestamp>54.685562</timestamp>
			</report>
			<report>
				<misses>162001</misses>
				<total>1</total>
				<timestamp>55.025095</timestamp>
			</report>
			<report>
				<misses>163001</misses>
				<total>1</total>
				<timestamp>55.364757</timestamp>
			</report>
			<report>
				<misses>164001</misses>
				<total>0</total>
				<timestamp>55.704543</timestamp>
			</report>
			<report>
				<misses>165001</misses>
				<total>1</total>
				<timestamp>56.044083</timestamp>
			</report>
			<report>
				<misses>166001</misses>
				<total>1</total>
				<timestamp>56.383733</timestamp>
			</report>
			<report>
				<misses>167001</misses>
				<total>2</total>
				<timestamp>56.723526</timestamp>
			</report>
			<report>
				<misses>168001</misses>
				<total>2</total>
				<timestamp>57.063188</timestamp>
			</report>
			<report>
				<misses>169001</misses>
				<total>2</total>
				<timestamp>57.402721</timestamp>
			</report>
			<report>
				<misses>170001</misses>
				<total>1</total>
				<timestamp>57.742502</timestamp>
			</report>
			<report>
				<misses>171001</misses>
				<total>2</total>
				<timestamp>58.082041</timestamp>
			</report>
			<report>
				<misses>172001</misses>
				<total>2</total>
				<timestamp>58.421825</timestamp>
			</report>
			<report>
				<misses>173001</misses>
				<total>2</total>
				<timestamp>58.761484</timestamp>
			</report>
			<report>
				<misses>174001</misses>
				<total>2</total>
				<timestamp>59.101022</timestamp>
			</report>
			<report>
				<misses>175001</misses>
				<total>2</total>
				<timestamp>59.440677</timestamp>
			</report>
			<report>
				<misses>176001</misses>
				<total>2</total>
				<timestamp>59.780462</timestamp>
			</report>
			<report>
				<misses>177001</misses>
				<total>2</total>
				<timestamp>60.120126</timestamp>
			</report>
			<report>
				<misses>178001</misses>
				<total>2</total>
				<timestamp>60.459659</timestamp>
			</report>
			<report>
				<misses>179001</misses>
				<total>2</total>
				<timestamp>60.799442</timestamp>
			</report>
			<report>
				<misses>180001</misses>
				<total>2</total>
				<timestamp>61.139104</timestamp>
			</report>
			<report>
				<misses>181001</misses>
				<total>2</total>
				<timestamp>61.478757</timestamp>
			</report>
			<report>
				<misses>182001</misses>
				<total>2</total>
				<timestamp>61.818429</timestamp>
			</report>
			<report>
				<misses>183001</misses>
				<total>2</total>
				<timestamp>62.157962</timestamp>
			</report>
			<report>
				<misses>184001</misses>
				<total>2</total>
				<timestamp>62.497741</timestamp>
			</report>
			<report>
				<misses>185001</misses>
				<total>1</total>
				<timestamp>62.837479</timestamp>
			</report>
			<report>
				<misses>186001</misses>
				<total>2</total>
				<timestamp>63.177065</timestamp>
			</report>
			<report>
				<misses>187001</misses>
				<total>2</total>
				<timestamp>63.516609</timestamp>
			</report>
			<report>
				<misses>188001</misses>
				<total>1</total>
				<timestamp>63.856383</timestamp>
			</report>
			<report>
				<misses>189001</misses>
				<total>2</total>
				<timestamp>64.196045</timestamp>
			</report>
			<report>
				<misses>190001</misses>
				<total>2</total>
				<timestamp>64.535706</timestamp>
			</report>
			<report>
				<misses>191001</misses>
				<total>2</total>
				<timestamp>64.875366</timestamp>
			</report>
			<report>
				<misses>192001</misses>
				<total>2</total>
				<timestamp>65.215034</timestamp>
			</report>
			<report>
				<misses>193001</misses>
				<total>2</total>
				<timestamp>65.554567</timestamp>
			</report>
			<report>
				<misses>194001</misses>
				<total>1</total>
				<timestamp>65.894350</timestamp>
			</report>
			<report>
				<misses>195001</misses>
				<total>2</total>
				<timestamp>66.233884</timestamp>
			</report>
			<report>
				<misses>196001</misses>
				<total>2</total>
				<timestamp>66.573674</timestamp>
			</report>
			<report>
				<misses>197001</misses>
				<total>1</total>
				<timestamp>66.913381</timestamp>
			</report>
			<report>
				<misses>198001</misses>
				<total>2</total>
				<timestamp>67.252860</timestamp>
			</report>
			<report>
				<misses>199001</misses>
				<total>2</total>
				<timestamp>67.592663</timestamp>
			</report>
			<report>
				<misses>200001</misses>
				<total>1</total>
				<timestamp>67.932357</timestamp>
			</report>
			<report>
				<misses>201001</misses>
				<total>2</total>
				<timestamp>68.271862</timestamp>
			</report>
			<report>
				<misses>202001</misses>
				<total>2</total>
				<timestamp>68.611552</timestamp>
			</report>
			<report>
				<misses>203001</misses>
				<total>2</total>
				<timestamp>68.951180</timestamp>
			</report>
			<report>
				<misses>204001</misses>
				<total>2</total>
				<timestamp>69.290871</timestamp>
			</report>
			<report>
				<misses>205001</misses>
				<total>2</total>
				<timestamp>69.630552</timestamp>
			</report>
			<report>
				<misses>206001</misses>
				<total>2</total>
				<timestamp>69.970131</timestamp>
			</report>
			<report>
				<misses>207001</misses>
				<total>2</total>
				<timestamp>70.309809</timestamp>
			</report>
			<report>
				<misses>208001</misses>
				<total>1</total>
				<timestamp>70.649544</timestamp>
			</report>
			<report>
				<misses>209001</misses>
				<total>2</total>
				<timestamp>70.989132</timestamp>
			</report>
			<report>
				<misses>210001</misses>
				<total>2</total>
				<timestamp>71.328774</timestamp>
			</report>
			<report>
				<misses>211001</misses>
				<total>2</total>
				<timestamp>71.668442</timestamp>
			</report>
			<report>
				<misses>212001</misses>
				<total>2</total>
				<timestamp>72.008116</timestamp>
			</report>
			<report>
				<misses>213001</misses>
				<total>2</total>
				<timestamp>72.347770</timestamp>
			</report>
			<report>
				<misses>214001</misses>
				<total>2</total>
				<timestamp>72.687478</timestamp>
			</report>
			<report>
				<misses>215001</misses>
				<total>2</total>
				<timestamp>73.027120</timestamp>
			</report>
			<report>
				<misses>216001</misses>
				<total>2</total>
				<timestamp>73.366741</timestamp>
			</report>
			<report>
				<misses>217001</misses>
				<total>2</total>
				<timestamp>73.706428</timestamp>
			</report>
			<report>
				<misses>218001</misses>
				<total>2</total>
				<timestamp>74.046064</timestamp>
			</report>
			<report>
				<misses>219001</misses>
				<total>2</total>
				<timestamp>74.385749</timestamp>
			</report>
			<report>
				<misses>220001</misses>
				<total>2</total>
				<timestamp>74.725423</timestamp>
			</report>
			<report>
				<misses>221001</misses>
				<total>2</total>
				<timestamp>75.065046</timestamp>
			</report>
			<report>
				<misses>222001</misses>
				<total>2</total>
				<timestamp>75.404715</timestamp>
			</report>
			<report>
				<misses>223001</misses>
				<total>2</total>
				<timestamp>75.744398</timestamp>
			</report>
			<report>
				<misses>224001</misses>
				<total>2</total>
				<timestamp>76.084013</timestamp>
			</report>
			<report>
				<misses>225001</misses>
				<total>2</total>
				<timestamp>76.423683</timestamp>
			</report>
			<report>
				<misses>226001</misses>
				<total>2</total>
				<timestamp>76.763387</timestamp>
			</report>
			<report>
				<misses>227001</misses>
				<total>2</total>
				<timestamp>77.103002</timestamp>
			</report>
			<report>
				<misses>228001</misses>
				<total>2</total>
				<timestamp>77.442648</timestamp>
			</report>
			<report>
				<misses>229001</misses>
				<total>2</total>
				<timestamp>77.782381</timestamp>
			</report>
			<report>
				<misses>230001</misses>
				<total>2</total>
				<timestamp>78.121979</timestamp>
			</report>
			<report>
				<misses>231001</misses>
				<total>2</total>
				<timestamp>78.461640</timestamp>
			</report>
			<report>
				<misses>232001</misses>
				<total>1</total>
				<timestamp>78.801388</timestamp>
			</report>
			<report>
				<misses>233001</misses>
				<total>2</total>
				<timestamp>79.140968</timestamp>
			</report>
			<report>
				<misses>234001</misses>
				<total>2</total>
				<timestamp>79.480614</timestamp>
			</report>
			<report>
				<misses>235001</misses>
				<total>1</total>
				<timestamp>79.820377</timestamp>
			</report>
			<report>
				<misses>236001</misses>
				<total>2</total>
				<timestamp>80.159929</timestamp>
			</report>
			<report>
				<misses>237001</misses>
				<total>2</total>
				<timestamp>80.499589</timestamp>
			</report>
			<report>
				<misses>238001</misses>
				<total>1</total>
				<timestamp>80.839360</timestamp>
			</report>
			<report>
				<misses>239001</misses>
				<total>2</total>
				<timestamp>81.178926</timestamp>
			</report>
			<report>
				<misses>240001</misses>
				<total>2</total>
				<timestamp>81.518572</timestamp>
			</report>
			<report>
				<misses>241001</misses>
				<total>2</total>
				<timestamp>81.858231</timestamp>
			</report>
			<report>
				<misses>242001</misses>
				<total>2</total>
				<timestamp>82.197923</timestamp>
			</report>
			<report>
				<misses>243001</misses>
				<total>2</total>
				<timestamp>82.537580</timestamp>
			</report>
			<report>
				<misses>244001</misses>
				<total>1</total>
				<timestamp>82.877331</timestamp>
			</report>
			<report>
				<misses>245001</misses>
				<total>2</total>
				<timestamp>83.216900</timestamp>
			</report>
			<report>
				<misses>246001</misses>
				<total>2</total>
				<timestamp>83.556555</timestamp>
			</report>
			<report>
				<misses>247001</misses>
				<total>2</total>
				<timestamp>83.896235</timestamp>
			</report>
			<report>
				<misses>248001</misses>
				<total>2</total>
				<timestamp>84.235850</timestamp>
			</report>
			<report>
				<misses>249001</misses>
				<total>2</total>
				<timestamp>84.575532</timestamp>
			</report>
			<report>
				<misses>250001</misses>
				<total>2</total>
				<timestamp>84.915235</timestamp>
			</report>
			<report>
				<misses>251001</misses>
				<total>2</total>
				<timestamp>85.254843</timestamp>
			</report>
			<report>
				<misses>252001</misses>
				<total>2</total>
				<timestamp>85.594480</timestamp>
			</report>
			<report>
				<misses>253001</misses>
				<total>2</total>
				<timestamp>85.934160</timestamp>
			</report>
			<report>
				<misses>254001</misses>
				<total>2</total>
				<timestamp>86.273826</timestamp>
			</report>
			<report>
				<misses>255001</misses>
				<total>2</total>
				<timestamp>86.613479</timestamp>
			</report>
			<report>
				<misses>256001</misses>
				<total>2</total>
				<timestamp>86.953216</timestamp>
			</report>
			<report>
				<misses>257001</misses>
				<total>2</total>
				<timestamp>87.292806</timestamp>
			</report>
			<report>
				<misses>258001</misses>
				<total>2</total>
				<timestamp>87.632490</timestamp>
			</report>
			<report>
				<misses>259001</misses>
				<total>2</total>
				<timestamp>87.972164</timestamp>
			</report>
			<report>
				<misses>260001</misses>
				<total>2</total>
				<timestamp>88.311779</timestamp>
			</report>
			<report>
				<misses>261001</misses>
				<total>2</total>
				<timestamp>88.651433</timestamp>
			</report>
			<report>
				<misses>262001</misses>
				<total>1</total>
				<timestamp>88.991199</timestamp>
			</report>
			<report>
				<misses>263001</misses>
				<total>2</total>
				<timestamp>89.330742</timestamp>
			</report>
			<report>
				<misses>264001</misses>
				<total>2</total>
				<timestamp>89.670457</timestamp>
			</report>
			<report>
				<misses>265001</misses>
				<total>1</total>
				<timestamp>90.010172</timestamp>
			</report>
			<report>
				<misses>266001</misses>
				<total>2</total>
				<timestamp>90.349739</timestamp>
			</report>
			<report>
				<misses>267001</misses>
				<total>2</total>
				<timestamp>90.689394</timestamp>
			</report>
			<report>
				<misses>268001</misses>
				<total>1</total>
				<timestamp>91.029185</timestamp>
			</report>
			<report>
				<misses>269001</misses>
				<total>2</total>
				<timestamp>91.368723</timestamp>
			</report>
			<report>
				<misses>270001</misses>
				<total>1</total>
				<timestamp>91.708456</timestamp>
			</report>
			<report>
				<misses>271001</misses>
				<total>2</total>
				<timestamp>92.048057</timestamp>
			</report>
			<report>
				<misses>272001</misses>
				<total>2</total>
				<timestamp>92.387728</timestamp>
			</report>
			<report>
				<misses>273001</misses>
				<total>2</total>
				<timestamp>92.727407</timestamp>
			</report>
			<report>
				<misses>274001</misses>
				<total>2</total>
				<timestamp>93.067015</timestamp>
			</report>
			<report>
				<misses>275001</misses>
				<total>2</total>
				<timestamp>93.406670</timestamp>
			</report>
			<report>
				<misses>276001</misses>
				<total>2</total>
				<timestamp>93.746400</timestamp>
			</report>
			<report>
				<misses>277001</misses>
				<total>2</total>
				<timestamp>94.086005</timestamp>
			</report>
			<report>
				<misses>278001</misses>
				<total>2</total>
				<timestamp>94.425667</timestamp>
			</report>
			<report>
				<misses>279001</misses>
				<total>2</total>
				<timestamp>94.765407</timestamp>
			</report>
			<report>
				<misses>280001</misses>
				<total>2</total>
				<timestamp>95.105020</timestamp>
			</report>
			<report>
				<misses>281001</misses>
				<total>2</total>
				<timestamp>95.444641</timestamp>
			</report>
			<report>
				<misses>282001</misses>
				<total>1</total>
				<timestamp>95.784391</timestamp>
			</report>
			<report>
				<misses>283001</misses>
				<total>2</total>
				<timestamp>96.123964</timestamp>
			</report>
			<report>
				<misses>284001</misses>
				<total>2</total>
				<timestamp>96.463626</timestamp>
			</report>
			<report>
				<misses>285001</misses>
				<total>2</total>
				<timestamp>96.803310</timestamp>
			</report>
			<report>
				<misses>286001</misses>
				<total>2</total>
				<timestamp>97.142922</timestamp>
			</report>
			<report>
				<misses>287001</misses>
				<total>2</total>
				<timestamp>97.482605</timestamp>
			</report>
			<report>
				<misses>288001</misses>
				<total>1</total>
				<timestamp>97.822398</timestamp>
			</report>
			<report>
				<misses>289001</misses>
				<total>2</total>
				<timestamp>98.161915</timestamp>
			</report>
			<report>
				<misses>290001</misses>
				<total>2</total>
				<timestamp>98.501620</timestamp>
			</report>
			<report>
				<misses>291001</misses>
				<total>1</total>
				<timestamp>98.841366</timestamp>
			</report>
			<report>
				<misses>292001</misses>
				<total>2</total>
				<timestamp>99.180924</timestamp>
			</report>
			<report>
				<misses>293001</misses>
				<total>2</total>
				<timestamp>99.520574</timestamp>
			</report>
			<report>
				<misses>294001</misses>
				<total>2</total>
				<timestamp>99.860223</timestamp>
			</report>
			<report>
				<misses>295001</misses>
				<total>2</total>
				<timestamp>100.199874</timestamp>
			</report>
			<report>
				<misses>296001</misses>
				<total>2</total>
				<timestamp>100.539548</timestamp>
			</report>
			<report>
				<misses>297001</misses>
				<total>2</total>
				<timestamp>100.879234</timestamp>
			</report>
			<report>
				<misses>298001</misses>
				<total>2</total>
				<timestamp>101.218877</timestamp>
			</report>
			<report>
				<misses>299001</misses>
				<total>2</total>
				<timestamp>101.558523</timestamp>
			</report>
			<report>
				<misses>300001</misses>
				<total>2</total>
				<timestamp>101.898256</timestamp>
			</report>
			<report>
				<misses>301001</misses>
				<total>2</total>
				<timestamp>102.237845</timestamp>
			</report>
			<report>
				<misses>302001</misses>
				<total>2</total>
				<timestamp>102.577484</timestamp>
			</report>
			<report>
				<misses>303001</misses>
				<total>2</total>
				<timestamp>102.917192</timestamp>
			</report>
			<report>
				<misses>304001</misses>
				<total>2</total>
				<timestamp>103.256812</timestamp>
			</report>
			<report>
				<misses>305001</misses>
				<total>2</total>
				<timestamp>103.596482</timestamp>
			</report>
			<report>
				<misses>306001</misses>
				<total>2</total>
				<timestamp>103.936188</timestamp>
			</report>
			<report>
				<misses>307001</misses>
				<total>2</total>
				<timestamp>104.275823</timestamp>
			</report>
			<report>
				<misses>308001</misses>
				<total>2</total>
				<timestamp>104.615511</timestamp>
			</report>
			<report>
				<misses>309001</misses>
				<total>1</total>
				<timestamp>104.955228</timestamp>
			</report>
			<report>
				<misses>310001</misses>
				<total>2</total>
				<timestamp>105.294780</timestamp>
			</report>
			<report>
				<misses>311001</misses>
				<total>2</total>
				<timestamp>105.634462</timestamp>
			</report>
			<report>
				<misses>312001</misses>
				<total>1</total>
				<timestamp>105.974198</timestamp>
			</report>
			<report>
				<misses>313001</misses>
				<total>2</total>
				<timestamp>106.313759</timestamp>
			</report>
			<report>
				<misses>314001</misses>
				<total>2</total>
				<timestamp>106.653410</timestamp>
			</report>
			<report>
				<misses>315001</misses>
				<total>1</total>
				<timestamp>106.993200</timestamp>
			</report>
			<report>
				<misses>316001</misses>
				<total>2</total>
				<timestamp>107.332786</timestamp>
			</report>
			<report>
				<misses>317001</misses>
				<total>2</total>
				<timestamp>107.672402</timestamp>
			</report>
			<report>
				<misses>318001</misses>
				<total>2</total>
				<timestamp>108.012125</timestamp>
			</report>
			<report>
				<misses>319001</misses>
				<total>2</total>
				<timestamp>108.351770</timestamp>
			</report>
			<report>
				<misses>320001</misses>
				<total>2</total>
				<timestamp>108.691406</timestamp>
			</report>
			<report>
				<misses>321001</misses>
				<total>2</total>
				<timestamp>109.031075</timestamp>
			</report>
			<report>
				<misses>322001</misses>
				<total>2</total>
				<timestamp>109.370729</timestamp>
			</report>
			<report>
				<misses>323001</misses>
				<total>2</total>
				<timestamp>109.710391</timestamp>
			</report>
			<report>
				<misses>324001</misses>
				<total>2</total>
				<timestamp>110.050076</timestamp>
			</report>
			<report>
				<misses>325001</misses>
				<total>2</total>
				<timestamp>110.389683</timestamp>
			</report>
			<report>
				<misses>326001</misses>
				<total>2</total>
				<timestamp>110.729349</timestamp>
			</report>
			<report>
				<misses>327001</misses>
				<total>2</total>
				<timestamp>111.069068</timestamp>
			</report>
			<report>
				<misses>328001</misses>
				<total>2</total>
				<timestamp>111.408656</timestamp>
			</report>
			<report>
				<misses>329001</misses>
				<total>2</total>
				<timestamp>111.748371</timestamp>
			</report>
			<report>
				<misses>330001</misses>
				<total>2</total>
				<timestamp>112.088013</timestamp>
			</report>
			<report>
				<misses>331001</misses>
				<total>2</total>
				<timestamp>112.427665</timestamp>
			</report>
			<report>
				<misses>332001</misses>
				<total>2</total>
				<timestamp>112.767303</timestamp>
			</report>
			<report>
				<misses>333001</misses>
				<total>1</total>
				<timestamp>113.107098</timestamp>
			</report>
			<report>
				<misses>334001</misses>
				<total>2</total>
				<timestamp>113.446605</timestamp>
			</report>
			<report>
				<misses>335001</misses>
				<total>2</total>
				<timestamp>113.786303</timestamp>
			</report>
			<report>
				<misses>336001</misses>
				<total>1</total>
				<timestamp>114.126076</timestamp>
			</report>
			<report>
				<misses>337001</misses>
				<total>2</total>
				<timestamp>114.465604</timestamp>
			</report>
			<report>
				<misses>338001</misses>
				<total>2</total>
				<timestamp>114.805287</timestamp>
			</report>
			<report>
				<misses>339001</misses>
				<total>1</total>
				<timestamp>115.145045</timestamp>
			</report>
			<report>
				<misses>340001</misses>
				<total>2</total>
				<timestamp>115.484581</timestamp>
			</report>
			<report>
				<misses>341001</misses>
				<total>2</total>
				<timestamp>115.824261</timestamp>
			</report>
			<report>
				<misses>342001</misses>
				<total>1</total>
				<timestamp>116.164031</timestamp>
			</report>
			<report>
				<misses>343001</misses>
				<total>2</total>
				<timestamp>116.503553</timestamp>
			</report>
			<report>
				<misses>344001</misses>
				<total>2</total>
				<timestamp>116.843271</timestamp>
			</report>
			<report>
				<misses>345001</misses>
				<total>1</total>
				<timestamp>117.183014</timestamp>
			</report>
			<report>
				<misses>346001</misses>
				<total>2</total>
				<timestamp>117.522530</timestamp>
			</report>
			<report>
				<misses>347001</misses>
				<total>1</total>
				<timestamp>117.862277</timestamp>
			</report>
			<report>
				<misses>348001</misses>
				<total>2</total>
				<timestamp>118.201975</timestamp>
			</report>
			<report>
				<misses>349001</misses>
				<total>2</total>
				<timestamp>118.541530</timestamp>
			</report>
			<report>
				<misses>350001</misses>
				<total>2</total>
				<timestamp>118.881190</timestamp>
			</report>
			<report>
				<misses>351001</misses>
				<total>2</total>
				<timestamp>119.220860</timestamp>
			</report>
			<report>
				<misses>352001</misses>
				<total>2</total>
				<timestamp>119.560501</timestamp>
			</report>
			<report>
				<misses>353001</misses>
				<total>2</total>
				<timestamp>119.900191</timestamp>
			</report>
			<report>
				<misses>354001</misses>
				<total>2</total>
				<timestamp>120.239831</timestamp>
			</report>
			<report>
				<misses>355001</misses>
				<total>2</total>
				<timestamp>120.579473</timestamp>
			</report>
			<report>
				<misses>356001</misses>
				<total>1</total>
				<timestamp>120.919242</timestamp>
			</report>
			<report>
				<misses>357001</misses>
				<total>2</total>
				<timestamp>121.258796</timestamp>
			</report>
			<report>
				<misses>358001</misses>
				<total>2</total>
				<timestamp>121.598454</timestamp>
			</report>
			<report>
				<misses>359001</misses>
				<total>2</total>
				<timestamp>121.938113</timestamp>
			</report>
			<report>
				<misses>360001</misses>
				<total>2</total>
				<timestamp>122.277760</timestamp>
			</report>
			<report>
				<misses>361001</misses>
				<total>2</total>
				<timestamp>122.617429</timestamp>
			</report>
			<report>
				<misses>362001</misses>
				<total>2</total>
				<timestamp>122.957145</timestamp>
			</report>
			<report>
				<misses>363001</misses>
				<total>2</total>
				<timestamp>123.296763</timestamp>
			</report>
			<report>
				<misses>364001</misses>
				<total>2</total>
				<timestamp>123.636428</timestamp>
			</report>
			<report>
				<misses>365001</misses>
				<total>2</total>
				<timestamp>123.976133</timestamp>
			</report>
			<report>
				<misses>366001</misses>
				<total>2</total>
				<timestamp>124.315750</timestamp>
			</report>
			<report>
				<misses>367001</misses>
				<total>2</total>
				<timestamp>124.655429</timestamp>
			</report>
			<report>
				<misses>368001</misses>
				<total>2</total>
				<timestamp>124.995113</timestamp>
			</report>
			<report>
				<misses>369001</misses>
				<total>2</total>
				<timestamp>125.334729</timestamp>
			</report>
			<report>
				<misses>370001</misses>
				<total>2</total>
				<timestamp>125.674386</timestamp>
			</report>
			<report>
				<misses>371001</misses>
				<total>2</total>
				<timestamp>126.014093</timestamp>
			</report>
			<report>
				<misses>372001</misses>
				<total>2</total>
				<timestamp>126.353699</timestamp>
			</report>
			<report>
				<misses>373001</misses>
				<total>2</total>
				<timestamp>126.693380</timestamp>
			</report>
			<report>
				<misses>374001</misses>
				<total>2</total>
				<timestamp>127.033061</timestamp>
			</report>
			<report>
				<misses>375001</misses>
				<total>2</total>
				<timestamp>127.372688</timestamp>
			</report>
			<report>
				<misses>376001</misses>
				<total>2</total>
				<timestamp>127.712384</timestamp>
			</report>
			<report>
				<misses>377001</misses>
				<total>2</total>
				<timestamp>128.052030</timestamp>
			</report>
			<report>
				<misses>378001</misses>
				<total>2</total>
				<timestamp>128.391668</timestamp>
			</report>
			<report>
				<misses>379001</misses>
				<total>2</total>
				<timestamp>128.731335</timestamp>
			</report>
			<report>
				<misses>380001</misses>
				<total>1</total>
				<timestamp>129.071128</timestamp>
			</report>
			<report>
				<misses>381001</misses>
				<total>2</total>
				<timestamp>129.410630</timestamp>
			</report>
			<report>
				<misses>382001</misses>
				<total>2</total>
				<timestamp>129.750306</timestamp>
			</report>
			<report>
				<misses>383001</misses>
				<total>1</total>
				<timestamp>130.090051</timestamp>
			</report>
			<report>
				<misses>384001</misses>
				<total>2</total>
				<timestamp>130.429602</timestamp>
			</report>
			<report>
				<misses>385001</misses>
				<total>2</total>
				<timestamp>130.769288</timestamp>
			</report>
			<report>
				<misses>386001</misses>
				<total>1</total>
				<timestamp>131.109066</timestamp>
			</report>
			<report>
				<misses>387001</misses>
				<total>2</total>
				<timestamp>131.448616</timestamp>
			</report>
			<report>
				<misses>388001</misses>
				<total>2</total>
				<timestamp>131.788265</timestamp>
			</report>
			<report>
				<misses>389001</misses>
				<total>1</total>
				<timestamp>132.128035</timestamp>
			</report>
			<report>
				<misses>390001</misses>
				<total>2</total>
				<timestamp>132.467586</timestamp>
			</report>
			<report>
				<misses>391001</misses>
				<total>2</total>
				<timestamp>132.807264</timestamp>
			</report>
			<report>
				<misses>392001</misses>
				<total>1</total>
				<timestamp>133.147041</timestamp>
			</report>
			<report>
				<misses>393001</misses>
				<total>2</total>
				<timestamp>133.486566</timestamp>
			</report>
			<report>
				<misses>394001</misses>
				<total>2</total>
				<timestamp>133.826244</timestamp>
			</report>
			<report>
				<misses>395001</misses>
				<total>2</total>
				<timestamp>134.165918</timestamp>
			</report>
			<report>
				<misses>396001</misses>
				<total>2</total>
				<timestamp>134.505546</timestamp>
			</report>
			<report>
				<misses>397001</misses>
				<total>2</total>
				<timestamp>134.845214</timestamp>
			</report>
			<report>
				<misses>398001</misses>
				<total>2</total>
				<timestamp>135.184943</timestamp>
			</report>
			<report>
				<misses>399001</misses>
				<total>2</total>
				<timestamp>135.524526</timestamp>
			</report>
			<report>
				<misses>400001</misses>
				<total>2</total>
				<timestamp>135.864184</timestamp>
			</report>
			<report>
				<misses>401001</misses>
				<total>2</total>
				<timestamp>136.203881</timestamp>
			</report>
			<report>
				<misses>402001</misses>
				<total>2</total>
				<timestamp>136.543514</timestamp>
			</report>
			<report>
				<misses>403001</misses>
				<total>2</total>
				<timestamp>136.883169</timestamp>
			</report>
			<report>
				<misses>404001</misses>
				<total>2</total>
				<timestamp>137.222884</timestamp>
			</report>
			<report>
				<misses>405001</misses>
				<total>2</total>
				<timestamp>137.562471</timestamp>
			</report>
			<report>
				<misses>406001</misses>
				<total>2</total>
				<timestamp>137.902168</timestamp>
			</report>
			<report>
				<misses>407001</misses>
				<total>1</total>
				<timestamp>138.241912</timestamp>
			</report>
			<report>
				<misses>408001</misses>
				<total>2</total>
				<timestamp>138.581492</timestamp>
			</report>
			<report>
				<misses>409001</misses>
				<total>2</total>
				<timestamp>138.921116</timestamp>
			</report>
			<report>
				<misses>410001</misses>
				<total>1</total>
				<timestamp>139.260876</timestamp>
			</report>
			<report>
				<misses>411001</misses>
				<total>2</total>
				<timestamp>139.600435</timestamp>
			</report>
			<report>
				<misses>412001</misses>
				<total>2</total>
				<timestamp>139.940122</timestamp>
			</report>
			<report>
				<misses>413001</misses>
				<total>1</total>
				<timestamp>140.279886</timestamp>
			</report>
			<report>
				<misses>414001</misses>
				<total>2</total>
				<timestamp>140.619411</timestamp>
			</report>
			<report>
				<misses>415001</misses>
				<total>2</total>
				<timestamp>140.959076</timestamp>
			</report>
			<report>
				<misses>416001</misses>
				<total>2</total>
				<timestamp>141.298802</timestamp>
			</report>
			<report>
				<misses>417001</misses>
				<total>2</total>
				<timestamp>141.638416</timestamp>
			</report>
			<report>
				<misses>418001</misses>
				<total>2</total>
				<timestamp>141.978066</timestamp>
			</report>
			<report>
				<misses>419001</misses>
				<total>2</total>
				<timestamp>142.317734</timestamp>
			</report>
			<report>
				<misses>420001</misses>
				<total>2</total>
				<timestamp>142.657387</timestamp>
			</report>
			<report>
				<misses>421001</misses>
				<total>1</total>
				<timestamp>142.997135</timestamp>
			</report>
			<report>
				<misses>422001</misses>
				<total>2</total>
				<timestamp>143.336722</timestamp>
			</report>
			<report>
				<misses>423001</misses>
				<total>2</total>
				<timestamp>143.676361</timestamp>
			</report>
			<report>
				<misses>424001</misses>
				<total>1</total>
				<timestamp>144.016109</timestamp>
			</report>
			<report>
				<misses>425001</misses>
				<total>2</total>
				<timestamp>144.355688</timestamp>
			</report>
			<report>
				<misses>426001</misses>
				<total>2</total>
				<timestamp>144.695333</timestamp>
			</report>
			<report>
				<misses>427001</misses>
				<total>2</total>
				<timestamp>145.035046</timestamp>
			</report>
			<report>
				<misses>428001</misses>
				<total>2</total>
				<timestamp>145.374673</timestamp>
			</report>
			<report>
				<misses>429001</misses>
				<total>2</total>
				<timestamp>145.714313</timestamp>
			</report>
			<report>
				<misses>430001</misses>
				<total>2</total>
				<timestamp>146.053985</timestamp>
			</report>
			<report>
				<misses>431001</misses>
				<total>2</total>
				<timestamp>146.393647</timestamp>
			</report>
			<report>
				<misses>432001</misses>
				<total>2</total>
				<timestamp>146.733300</timestamp>
			</report>
			<report>
				<misses>433001</misses>
				<total>1</total>
				<timestamp>147.073075</timestamp>
			</report>
			<report>
				<misses>434001</misses>
				<total>2</total>
				<timestamp>147.412612</timestamp>
			</report>
			<report>
				<misses>435001</misses>
				<total>2</total>
				<timestamp>147.752270</timestamp>
			</report>
			<report>
				<misses>436001</misses>
				<total>1</total>
				<timestamp>148.092057</timestamp>
			</report>
			<report>
				<misses>437001</misses>
				<total>2</total>
				<timestamp>148.431594</timestamp>
			</report>
			<report>
				<misses>438001</misses>
				<total>2</total>
				<timestamp>148.771270</timestamp>
			</report>
			<report>
				<misses>439001</misses>
				<total>2</total>
				<timestamp>149.110938</timestamp>
			</report>
			<report>
				<misses>440001</misses>
				<total>2</total>
				<timestamp>149.450600</timestamp>
			</report>
			<report>
				<misses>441001</misses>
				<total>2</total>
				<timestamp>149.790261</timestamp>
			</report>
			<report>
				<misses>442001</misses>
				<total>1</total>
				<timestamp>150.130043</timestamp>
			</report>
			<report>
				<misses>443001</misses>
				<total>2</total>
				<timestamp>150.469575</timestamp>
			</report>
			<report>
				<misses>444001</misses>
				<total>2</total>
				<timestamp>150.809239</timestamp>
			</report>
			<report>
				<misses>445001</misses>
				<total>2</total>
				<timestamp>151.148922</timestamp>
			</report>
			<report>
				<misses>446001</misses>
				<total>2</total>
				<timestamp>151.488542</timestamp>
			</report>
			<report>
				<misses>447001</misses>
				<total>2</total>
				<timestamp>151.828224</timestamp>
			</report>
			<report>
				<misses>448001</misses>
				<total>1</total>
				<timestamp>152.167940</timestamp>
			</report>
			<report>
				<misses>449001</misses>
				<total>2</total>
				<timestamp>152.507531</timestamp>
			</report>
			<report>
				<misses>450001</misses>
				<total>2</total>
				<timestamp>152.847169</timestamp>
			</report>
			<report>
				<misses>451001</misses>
				<total>2</total>
				<timestamp>153.186899</timestamp>
			</report>
			<report>
				<misses>452001</misses>
				<total>2</total>
				<timestamp>153.526543</timestamp>
			</report>
			<report>
				<misses>453001</misses>
				<total>2</total>
				<timestamp>153.866156</timestamp>
			</report>
			<report>
				<misses>454001</misses>
				<total>2</total>
				<timestamp>154.205819</timestamp>
			</report>
			<report>
				<misses>455001</misses>
				<total>2</total>
				<timestamp>154.545477</timestamp>
			</report>
			<report>
				<misses>456001</misses>
				<total>2</total>
				<timestamp>154.885177</timestamp>
			</report>
			<report>
				<misses>457001</misses>
				<total>2</total>
				<timestamp>155.224812</timestamp>
			</report>
			<report>
				<misses>458001</misses>
				<total>2</total>
				<timestamp>155.564473</timestamp>
			</report>
			<report>
				<misses>459001</misses>
				<total>2</total>
				<timestamp>155.904132</timestamp>
			</report>
			<report>
				<misses>460001</misses>
				<total>1</total>
				<timestamp>156.243913</timestamp>
			</report>
			<report>
				<misses>461001</misses>
				<total>2</total>
				<timestamp>156.583450</timestamp>
			</report>
			<report>
				<misses>462001</misses>
				<total>2</total>
				<timestamp>156.923121</timestamp>
			</report>
			<report>
				<misses>463001</misses>
				<total>2</total>
				<timestamp>157.262762</timestamp>
			</report>
			<report>
				<misses>464001</misses>
				<total>2</total>
				<timestamp>157.602435</timestamp>
			</report>
			<report>
				<misses>465001</misses>
				<total>2</total>
				<timestamp>157.942123</timestamp>
			</report>
			<report>
				<misses>466001</misses>
				<total>2</total>
				<timestamp>158.281793</timestamp>
			</report>
			<report>
				<misses>467001</misses>
				<total>2</total>
				<timestamp>158.621406</timestamp>
			</report>
			<report>
				<misses>468001</misses>
				<total>2</total>
				<timestamp>158.961046</timestamp>
			</report>
			<report>
				<misses>469001</misses>
				<total>2</total>
				<timestamp>159.300768</timestamp>
			</report>
			<report>
				<misses>470001</misses>
				<total>2</total>
				<timestamp>159.640395</timestamp>
			</report>
			<report>
				<misses>471001</misses>
				<total>2</total>
				<timestamp>159.980038</timestamp>
			</report>
			<report>
				<misses>472001</misses>
				<total>2</total>
				<timestamp>160.319743</timestamp>
			</report>
			<report>
				<misses>473001</misses>
				<total>2</total>
				<timestamp>160.659371</timestamp>
			</report>
			<report>
				<misses>474001</misses>
				<total>2</total>
				<timestamp>160.999030</timestamp>
			</report>
			<report>
				<misses>475001</misses>
				<total>1</total>
				<timestamp>161.338787</timestamp>
			</report>
			<report>
				<misses>476001</misses>
				<total>2</total>
				<timestamp>161.678333</timestamp>
			</report>
			<report>
				<misses>477001</misses>
				<total>2</total>
				<timestamp>162.018018</timestamp>
			</report>
			<report>
				<misses>478001</misses>
				<total>1</total>
				<timestamp>162.357746</timestamp>
			</report>
			<report>
				<misses>479001</misses>
				<total>2</total>
				<timestamp>162.697335</timestamp>
			</report>
			<report>
				<misses>480001</misses>
				<total>2</total>
				<timestamp>163.037004</timestamp>
			</report>
			<report>
				<misses>481001</misses>
				<total>1</total>
				<timestamp>163.376754</timestamp>
			</report>
			<report>
				<misses>482001</misses>
				<total>2</total>
				<timestamp>163.716309</timestamp>
			</report>
			<report>
				<misses>483001</misses>
				<total>2</total>
				<timestamp>164.055979</timestamp>
			</report>
			<report>
				<misses>484001</misses>
				<total>1</total>
				<timestamp>164.395728</timestamp>
			</report>
			<report>
				<misses>485001</misses>
				<total>2</total>
				<timestamp>164.735292</timestamp>
			</report>
			<report>
				<misses>486001</misses>
				<total>2</total>
				<timestamp>165.074964</timestamp>
			</report>
			<report>
				<misses>487001</misses>
				<total>2</total>
				<timestamp>165.414687</timestamp>
			</report>
			<report>
				<misses>488001</misses>
				<total>2</total>
				<timestamp>165.754290</timestamp>
			</report>
			<report>
				<misses>489001</misses>
				<total>2</total>
				<timestamp>166.094001</timestamp>
			</report>
			<report>
				<misses>490001</misses>
				<total>1</total>
				<timestamp>166.433715</timestamp>
			</report>
			<report>
				<misses>491001</misses>
				<total>2</total>
				<timestamp>166.773242</timestamp>
			</report>
			<report>
				<misses>492001</misses>
				<total>2</total>
				<timestamp>167.112935</timestamp>
			</report>
			<report>
				<misses>493001</misses>
				<total>2</total>
				<timestamp>167.452564</timestamp>
			</report>
			<report>
				<misses>494001</misses>
				<total>2</total>
				<timestamp>167.792257</timestamp>
			</report>
			<report>
				<misses>495001</misses>
				<total>2</total>
				<timestamp>168.131937</timestamp>
			</report>
			<report>
				<misses>496001</misses>
				<total>2</total>
				<timestamp>168.471524</timestamp>
			</report>
			<report>
				<misses>497001</misses>
				<total>2</total>
				<timestamp>168.811233</timestamp>
			</report>
			<report>
				<misses>498001</misses>
				<total>1</total>
				<timestamp>169.150940</timestamp>
			</report>
			<report>
				<misses>499001</misses>
				<total>2</total>
				<timestamp>169.490530</timestamp>
			</report>
			<report>
				<misses>500001</misses>
				<total>2</total>
				<timestamp>169.830158</timestamp>
			</report>
			<report>
				<misses>501001</misses>
				<total>1</total>
				<timestamp>170.169940</timestamp>
			</report>
			<report>
				<misses>502001</misses>
				<total>2</total>
				<timestamp>170.509546</timestamp>
			</report>
			<report>
				<misses>503001</misses>
				<total>2</total>
				<timestamp>170.849191</timestamp>
			</report>
			<report>
				<misses>504001</misses>
				<total>2</total>
				<timestamp>171.188930</timestamp>
			</report>
			<report>
				<misses>505001</misses>
				<total>2</total>
				<timestamp>171.528522</timestamp>
			</report>
			<report>
				<misses>506001</misses>
				<total>2</total>
				<timestamp>171.868160</timestamp>
			</report>
			<report>
				<misses>507001</misses>
				<total>2</total>
				<timestamp>172.207793</timestamp>
			</report>
			<report>
				<misses>508001</misses>
				<total>2</total>
				<timestamp>172.547470</timestamp>
			</report>
			<report>
				<misses>509001</misses>
				<total>2</total>
				<timestamp>172.887128</timestamp>
			</report>
			<report>
				<misses>510001</misses>
				<total>1</total>
				<timestamp>173.226908</timestamp>
			</report>
			<report>
				<misses>511001</misses>
				<total>2</total>
				<timestamp>173.566435</timestamp>
			</report>
			<report>
				<misses>512001</misses>
				<total>2</total>
				<timestamp>173.906091</timestamp>
			</report>
			<report>
				<misses>513001</misses>
				<total>2</total>
				<timestamp>174.245766</timestamp>
			</report>
			<report>
				<misses>514001</misses>
				<total>2</total>
				<timestamp>174.585440</timestamp>
			</report>
			<report>
				<misses>515001</misses>
				<total>2</total>
				<timestamp>174.925077</timestamp>
			</report>
			<report>
				<misses>516001</misses>
				<total>2</total>
				<timestamp>175.264760</timestamp>
			</report>
			<report>
				<misses>517001</misses>
				<total>2</total>
				<timestamp>175.604426</timestamp>
			</report>
			<report>
				<misses>518001</misses>
				<total>2</total>
				<timestamp>175.944056</timestamp>
			</report>
			<report>
				<misses>519001</misses>
				<total>1</total>
				<timestamp>176.283802</timestamp>
			</report>
			<report>
				<misses>520001</misses>
				<total>2</total>
				<timestamp>176.623387</timestamp>
			</report>
			<report>
				<misses>521001</misses>
				<total>2</total>
				<timestamp>176.963057</timestamp>
			</report>
			<report>
				<misses>522001</misses>
				<total>2</total>
				<timestamp>177.302712</timestamp>
			</report>
			<report>
				<misses>523001</misses>
				<total>2</total>
				<timestamp>177.642382</timestamp>
			</report>
			<report>
				<misses>524001</misses>
				<total>2</total>
				<timestamp>177.982019</timestamp>
			</report>
			<report>
				<misses>525001</misses>
				<total>1</total>
				<timestamp>178.321770</timestamp>
			</report>
			<report>
				<misses>526001</misses>
				<total>2</total>
				<timestamp>178.661353</timestamp>
			</report>
			<report>
				<misses>527001</misses>
				<total>2</total>
				<timestamp>179.001009</timestamp>
			</report>
			<report>
				<misses>528001</misses>
				<total>2</total>
				<timestamp>179.340675</timestamp>
			</report>
			<report>
				<misses>529001</misses>
				<total>2</total>
				<timestamp>179.680316</timestamp>
			</report>
			<report>
				<misses>530001</misses>
				<total>2</total>
				<timestamp>180.019971</timestamp>
			</report>
			<report>
				<misses>531001</misses>
				<total>1</total>
				<timestamp>180.359754</timestamp>
			</report>
			<report>
				<misses>532001</misses>
				<total>2</total>
				<timestamp>180.699313</timestamp>
			</report>
			<report>
				<misses>533001</misses>
				<total>2</total>
				<timestamp>181.038954</timestamp>
			</report>
			<report>
				<misses>534001</misses>
				<total>1</total>
				<timestamp>181.378743</timestamp>
			</report>
			<report>
				<misses>535001</misses>
				<total>2</total>
				<timestamp>181.718315</timestamp>
			</report>
			<report>
				<misses>536001</misses>
				<total>2</total>
				<timestamp>182.057949</timestamp>
			</report>
			<report>
				<misses>537001</misses>
				<total>2</total>
				<timestamp>182.397658</timestamp>
			</report>
			<report>
				<misses>538001</misses>
				<total>2</total>
				<timestamp>182.737270</timestamp>
			</report>
			<report>
				<misses>539001</misses>
				<total>2</total>
				<timestamp>183.076952</timestamp>
			</report>
			<report>
				<misses>540001</misses>
				<total>1</total>
				<timestamp>183.416684</timestamp>
			</report>
			<report>
				<misses>541001</misses>
				<total>2</total>
				<timestamp>183.756241</timestamp>
			</report>
			<report>
				<misses>542001</misses>
				<total>2</total>
				<timestamp>184.095919</timestamp>
			</report>
			<report>
				<misses>543001</misses>
				<total>2</total>
				<timestamp>184.435607</timestamp>
			</report>
			<report>
				<misses>544001</misses>
				<total>2</total>
				<timestamp>184.775228</timestamp>
			</report>
			<report>
				<misses>545001</misses>
				<total>2</total>
				<timestamp>185.114914</timestamp>
			</report>
			<report>
				<misses>546001</misses>
				<total>2</total>
				<timestamp>185.454597</timestamp>
			</report>
			<report>
				<misses>547001</misses>
				<total>2</total>
				<timestamp>185.794211</timestamp>
			</report>
			<report>
				<misses>548001</misses>
				<total>2</total>
				<timestamp>186.133853</timestamp>
			</report>
			<report>
				<misses>549001</misses>
				<total>2</total>
				<timestamp>186.473523</timestamp>
			</report>
			<report>
				<misses>550001</misses>
				<total>2</total>
				<timestamp>186.813168</timestamp>
			</report>
			<report>
				<misses>551001</misses>
				<total>2</total>
				<timestamp>187.152843</timestamp>
			</report>
			<report>
				<misses>552001</misses>
				<total>1</total>
				<timestamp>187.492608</timestamp>
			</report>
			<report>
				<misses>553001</misses>
				<total>2</total>
				<timestamp>187.832158</timestamp>
			</report>
			<report>
				<misses>554001</misses>
				<total>2</total>
				<timestamp>188.171810</timestamp>
			</report>
			<report>
				<misses>555001</misses>
				<total>1</total>
				<timestamp>188.511567</timestamp>
			</report>
			<report>
				<misses>556001</misses>
				<total>2</total>
				<timestamp>188.851158</timestamp>
			</report>
			<report>
				<misses>557001</misses>
				<total>2</total>
				<timestamp>189.190803</timestamp>
			</report>
			<report>
				<misses>558001</misses>
				<total>2</total>
				<timestamp>189.530470</timestamp>
			</report>
			<report>
				<misses>559001</misses>
				<total>2</total>
				<timestamp>189.870143</timestamp>
			</report>
			<report>
				<misses>560001</misses>
				<total>2</total>
				<timestamp>190.209787</timestamp>
			</report>
			<report>
				<misses>561001</misses>
				<total>1</total>
				<timestamp>190.549574</timestamp>
			</report>
			<report>
				<misses>562001</misses>
				<total>2</total>
				<timestamp>190.889123</timestamp>
			</report>
			<report>
				<misses>563001</misses>
				<total>1</total>
				<timestamp>191.228880</timestamp>
			</report>
			<report>
				<misses>564001</misses>
				<total>1</total>
				<timestamp>191.568596</timestamp>
			</report>
			<report>
				<misses>565001</misses>
				<total>2</total>
				<timestamp>191.908103</timestamp>
			</report>
			<report>
				<misses>566001</misses>
				<total>2</total>
				<timestamp>192.247803</timestamp>
			</report>
			<report>
				<misses>567001</misses>
				<total>2</total>
				<timestamp>192.587412</timestamp>
			</report>
			<report>
				<misses>568001</misses>
				<total>2</total>
				<timestamp>192.927047</timestamp>
			</report>
			<report>
				<misses>569001</misses>
				<total>2</total>
				<timestamp>193.266744</timestamp>
			</report>
			<report>
				<misses>570001</misses>
				<total>2</total>
				<timestamp>193.606409</timestamp>
			</report>
			<report>
				<misses>571001</misses>
				<total>2</total>
				<timestamp>193.946057</timestamp>
			</report>
			<report>
				<misses>572001</misses>
				<total>2</total>
				<timestamp>194.285732</timestamp>
			</report>
			<report>
				<misses>573001</misses>
				<total>2</total>
				<timestamp>194.625355</timestamp>
			</report>
			<report>
				<misses>574001</misses>
				<total>2</total>
				<timestamp>194.965012</timestamp>
			</report>
			<report>
				<misses>575001</misses>
				<total>1</total>
				<timestamp>195.304760</timestamp>
			</report>
			<report>
				<misses>576001</misses>
				<total>2</total>
				<timestamp>195.644329</timestamp>
			</report>
			<report>
				<misses>577001</misses>
				<total>2</total>
				<timestamp>195.984021</timestamp>
			</report>
			<report>
				<misses>578001</misses>
				<total>2</total>
				<timestamp>196.323658</timestamp>
			</report>
			<report>
				<misses>579001</misses>
				<total>2</total>
				<timestamp>196.663343</timestamp>
			</report>
			<report>
				<misses>580001</misses>
				<total>2</total>
				<timestamp>197.002978</timestamp>
			</report>
			<report>
				<misses>581001</misses>
				<total>1</total>
				<timestamp>197.342749</timestamp>
			</report>
			<report>
				<misses>582001</misses>
				<total>2</total>
				<timestamp>197.682304</timestamp>
			</report>
			<report>
				<misses>583001</misses>
				<total>2</total>
				<timestamp>198.021950</timestamp>
			</report>
			<report>
				<misses>584001</misses>
				<total>2</total>
				<timestamp>198.361622</timestamp>
			</report>
			<report>
				<misses>585001</misses>
				<total>2</total>
				<timestamp>198.701310</timestamp>
			</report>
			<report>
				<misses>586001</misses>
				<total>2</total>
				<timestamp>199.040960</timestamp>
			</report>
			<report>
				<misses>587001</misses>
				<total>2</total>
				<timestamp>199.380609</timestamp>
			</report>
			<report>
				<misses>588001</misses>
				<total>2</total>
				<timestamp>199.720285</timestamp>
			</report>
			<report>
				<misses>589001</misses>
				<total>2</total>
				<timestamp>200.059921</timestamp>
			</report>
			<report>
				<misses>590001</misses>
				<total>2</total>
				<timestamp>200.399608</timestamp>
			</report>
			<report>
				<misses>591001</misses>
				<total>2</total>
				<timestamp>200.739280</timestamp>
			</report>
			<report>
				<misses>592001</misses>
				<total>2</total>
				<timestamp>201.078899</timestamp>
			</report>
			<report>
				<misses>593001</misses>
				<total>2</total>
				<timestamp>201.418602</timestamp>
			</report>
			<report>
				<misses>594001</misses>
				<total>2</total>
				<timestamp>201.758212</timestamp>
			</report>
			<report>
				<misses>595001</misses>
				<total>2</total>
				<timestamp>202.097875</timestamp>
			</report>
			<report>
				<misses>596001</misses>
				<total>2</total>
				<timestamp>202.437597</timestamp>
			</report>
			<report>
				<misses>597001</misses>
				<total>2</total>
				<timestamp>202.777179</timestamp>
			</report>
			<report>
				<misses>598001</misses>
				<total>2</total>
				<timestamp>203.116882</timestamp>
			</report>
			<report>
				<misses>599001</misses>
				<total>1</total>
				<timestamp>203.456614</timestamp>
			</report>
			<report>
				<misses>600001</misses>
				<total>2</total>
				<timestamp>203.796175</timestamp>
			</report>
			<report>
				<misses>601001</misses>
				<total>2</total>
				<timestamp>204.135834</timestamp>
			</report>
			<report>
				<misses>602001</misses>
				<total>2</total>
				<timestamp>204.475494</timestamp>
			</report>
			<report>
				<misses>603001</misses>
				<total>2</total>
				<timestamp>204.815154</timestamp>
			</report>
			<report>
				<misses>604001</misses>
				<total>2</total>
				<timestamp>205.154861</timestamp>
			</report>
			<report>
				<misses>605001</misses>
				<total>2</total>
				<timestamp>205.494482</timestamp>
			</report>
			<report>
				<misses>606001</misses>
				<total>2</total>
				<timestamp>205.834158</timestamp>
			</report>
			<report>
				<misses>607001</misses>
				<total>2</total>
				<timestamp>206.173801</timestamp>
			</report>
			<report>
				<misses>608001</misses>
				<total>1</total>
				<timestamp>206.513578</timestamp>
			</report>
			<report>
				<misses>609001</misses>
				<total>2</total>
				<timestamp>206.853122</timestamp>
			</report>
			<report>
				<misses>610001</misses>
				<total>2</total>
				<timestamp>207.192841</timestamp>
			</report>
			<report>
				<misses>611001</misses>
				<total>2</total>
				<timestamp>207.532488</timestamp>
			</report>
			<report>
				<misses>612001</misses>
				<total>2</total>
				<timestamp>207.872091</timestamp>
			</report>
			<report>
				<misses>613001</misses>
				<total>2</total>
				<timestamp>208.211823</timestamp>
			</report>
			<report>
				<misses>614001</misses>
				<total>2</total>
				<timestamp>208.551477</timestamp>
			</report>
			<report>
				<misses>615001</misses>
				<total>2</total>
				<timestamp>208.891082</timestamp>
			</report>
			<report>
				<misses>616001</misses>
				<total>2</total>
				<timestamp>209.230733</timestamp>
			</report>
			<report>
				<misses>617001</misses>
				<total>2</total>
				<timestamp>209.570433</timestamp>
			</report>
			<report>
				<misses>618001</misses>
				<total>2</total>
				<timestamp>209.910053</timestamp>
			</report>
			<report>
				<misses>619001</misses>
				<total>2</total>
				<timestamp>210.249731</timestamp>
			</report>
			<report>
				<misses>620001</misses>
				<total>2</total>
				<timestamp>210.589453</timestamp>
			</report>
			<report>
				<misses>621001</misses>
				<total>2</total>
				<timestamp>210.929035</timestamp>
			</report>
			<report>
				<misses>622001</misses>
				<total>2</total>
				<timestamp>211.268718</timestamp>
			</report>
			<report>
				<misses>623001</misses>
				<total>2</total>
				<timestamp>211.608444</timestamp>
			</report>
			<report>
				<misses>624001</misses>
				<total>2</total>
				<timestamp>211.948027</timestamp>
			</report>
			<report>
				<misses>625001</misses>
				<total>2</total>
				<timestamp>212.287699</timestamp>
			</report>
			<report>
				<misses>626001</misses>
				<total>2</total>
				<timestamp>212.627391</timestamp>
			</report>
			<report>
				<misses>627001</misses>
				<total>2</total>
				<timestamp>212.966998</timestamp>
			</report>
			<report>
				<misses>628001</misses>
				<total>2</total>
				<timestamp>213.306674</timestamp>
			</report>
			<report>
				<misses>629001</misses>
				<total>1</total>
				<timestamp>213.646456</timestamp>
			</report>
			<report>
				<misses>630001</misses>
				<total>2</total>
				<timestamp>213.985979</timestamp>
			</report>
			<report>
				<misses>631001</misses>
				<total>2</total>
				<timestamp>214.325658</timestamp>
			</report>
			<report>
				<misses>632001</misses>
				<total>1</total>
				<timestamp>214.665437</timestamp>
			</report>
			<report>
				<misses>633001</misses>
				<total>2</total>
				<timestamp>215.004963</timestamp>
			</report>
			<report>
				<misses>634001</misses>
				<total>2</total>
				<timestamp>215.344629</timestamp>
			</report>
			<report>
				<misses>635001</misses>
				<total>1</total>
				<timestamp>215.684444</timestamp>
			</report>
			<report>
				<misses>636001</misses>
				<total>2</total>
				<timestamp>216.023947</timestamp>
			</report>
			<report>
				<misses>637001</misses>
				<total>2</total>
				<timestamp>216.363635</timestamp>
			</report>
			<report>
				<misses>638001</misses>
				<total>2</total>
				<timestamp>216.703318</timestamp>
			</report>
			<report>
				<misses>639001</misses>
				<total>2</total>
				<timestamp>217.042932</timestamp>
			</report>
			<report>
				<misses>640001</misses>
				<total>2</total>
				<timestamp>217.382672</timestamp>
			</report>
			<report>
				<misses>641001</misses>
				<total>2</total>
				<timestamp>217.722263</timestamp>
			</report>
			<report>
				<misses>642001</misses>
				<total>2</total>
				<timestamp>218.061921</timestamp>
			</report>
			<report>
				<misses>643001</misses>
				<total>2</total>
				<timestamp>218.401635</timestamp>
			</report>
			<report>
				<misses>644001</misses>
				<total>2</total>
				<timestamp>218.741217</timestamp>
			</report>
			<report>
				<misses>645001</misses>
				<total>2</total>
				<timestamp>219.080883</timestamp>
			</report>
			<report>
				<misses>646001</misses>
				<total>2</total>
				<timestamp>219.420575</timestamp>
			</report>
			<report>
				<misses>647001</misses>
				<total>2</total>
				<timestamp>219.760210</timestamp>
			</report>
			<report>
				<misses>648001</misses>
				<total>2</total>
				<timestamp>220.099899</timestamp>
			</report>
			<report>
				<misses>649001</misses>
				<total>1</total>
				<timestamp>220.439647</timestamp>
			</report>
			<report>
				<misses>650001</misses>
				<total>2</total>
				<timestamp>220.779186</timestamp>
			</report>
			<report>
				<misses>651001</misses>
				<total>2</total>
				<timestamp>221.118836</timestamp>
			</report>
			<report>
				<misses>652001</misses>
				<total>1</total>
				<timestamp>221.458618</timestamp>
			</report>
			<report>
				<misses>653001</misses>
				<total>2</total>
				<timestamp>221.798156</timestamp>
			</report>
			<report>
				<misses>654001</misses>
				<total>2</total>
				<timestamp>222.137835</timestamp>
			</report>
			<report>
				<misses>655001</misses>
				<total>1</total>
				<timestamp>222.477577</timestamp>
			</report>
			<report>
				<misses>656001</misses>
				<total>2</total>
				<timestamp>222.817150</timestamp>
			</report>
			<report>
				<misses>657001</misses>
				<total>2</total>
				<timestamp>223.156811</timestamp>
			</report>
			<report>
				<misses>658001</misses>
				<total>2</total>
				<timestamp>223.496464</timestamp>
			</report>
			<report>
				<misses>659001</misses>
				<total>2</total>
				<timestamp>223.836167</timestamp>
			</report>
			<report>
				<misses>660001</misses>
				<total>2</total>
				<timestamp>224.175775</timestamp>
			</report>
			<report>
				<misses>661001</misses>
				<total>2</total>
				<timestamp>224.515465</timestamp>
			</report>
			<report>
				<misses>662001</misses>
				<total>2</total>
				<timestamp>224.855088</timestamp>
			</report>
			<report>
				<misses>663001</misses>
				<total>2</total>
				<timestamp>225.194768</timestamp>
			</report>
			<report>
				<misses>664001</misses>
				<total>2</total>
				<timestamp>225.534473</timestamp>
			</report>
			<report>
				<misses>665001</misses>
				<total>2</total>
				<timestamp>225.874077</timestamp>
			</report>
			<report>
				<misses>666001</misses>
				<total>2</total>
				<timestamp>226.213730</timestamp>
			</report>
			<report>
				<misses>667001</misses>
				<total>2</total>
				<timestamp>226.553476</timestamp>
			</report>
			<report>
				<misses>668001</misses>
				<total>2</total>
				<timestamp>226.893061</timestamp>
			</report>
			<report>
				<misses>669001</misses>
				<total>2</total>
				<timestamp>227.232729</timestamp>
			</report>
			<report>
				<misses>670001</misses>
				<total>2</total>
				<timestamp>227.572440</timestamp>
			</report>
			<report>
				<misses>671001</misses>
				<total>2</total>
				<timestamp>227.912039</timestamp>
			</report>
			<report>
				<misses>672001</misses>
				<total>2</total>
				<timestamp>228.251706</timestamp>
			</report>
			<report>
				<misses>673001</misses>
				<total>2</total>
				<timestamp>228.591443</timestamp>
			</report>
			<report>
				<misses>674001</misses>
				<total>2</total>
				<timestamp>228.931015</timestamp>
			</report>
			<report>
				<misses>675001</misses>
				<total>2</total>
				<timestamp>229.270679</timestamp>
			</report>
			<report>
				<misses>676001</misses>
				<total>1</total>
				<timestamp>229.610437</timestamp>
			</report>
			<report>
				<misses>677001</misses>
				<total>2</total>
				<timestamp>229.949988</timestamp>
			</report>
			<report>
				<misses>678001</misses>
				<total>2</total>
				<timestamp>230.289663</timestamp>
			</report>
			<report>
				<misses>679001</misses>
				<total>1</total>
				<timestamp>230.629422</timestamp>
			</report>
			<report>
				<misses>680001</misses>
				<total>2</total>
				<timestamp>230.968999</timestamp>
			</report>
			<report>
				<misses>681001</misses>
				<total>2</total>
				<timestamp>231.308640</timestamp>
			</report>
			<report>
				<misses>682001</misses>
				<total>1</total>
				<timestamp>231.648430</timestamp>
			</report>
			<report>
				<misses>683001</misses>
				<total>2</total>
				<timestamp>231.987963</timestamp>
			</report>
			<report>
				<misses>684001</misses>
				<total>2</total>
				<timestamp>232.327626</timestamp>
			</report>
			<report>
				<misses>685001</misses>
				<total>2</total>
				<timestamp>232.667314</timestamp>
			</report>
			<report>
				<misses>686001</misses>
				<total>2</total>
				<timestamp>233.006951</timestamp>
			</report>
			<report>
				<misses>687001</misses>
				<total>2</total>
				<timestamp>233.346610</timestamp>
			</report>
			<report>
				<misses>688001</misses>
				<total>2</total>
				<timestamp>233.686324</timestamp>
			</report>
			<report>
				<misses>689001</misses>
				<total>2</total>
				<timestamp>234.025913</timestamp>
			</report>
			<report>
				<misses>690001</misses>
				<total>2</total>
				<timestamp>234.365576</timestamp>
			</report>
			<report>
				<misses>691001</misses>
				<total>2</total>
				<timestamp>234.705315</timestamp>
			</report>
			<report>
				<misses>692001</misses>
				<total>2</total>
				<timestamp>235.044900</timestamp>
			</report>
			<report>
				<misses>693001</misses>
				<total>2</total>
				<timestamp>235.384558</timestamp>
			</report>
			<report>
				<misses>694001</misses>
				<total>1</total>
				<timestamp>235.724316</timestamp>
			</report>
			<report>
				<misses>695001</misses>
				<total>2</total>
				<timestamp>236.063899</timestamp>
			</report>
			<report>
				<misses>696001</misses>
				<total>2</total>
				<timestamp>236.403558</timestamp>
			</report>
			<report>
				<misses>697001</misses>
				<total>2</total>
				<timestamp>236.743241</timestamp>
			</report>
			<report>
				<misses>698001</misses>
				<total>2</total>
				<timestamp>237.082860</timestamp>
			</report>
			<report>
				<misses>699001</misses>
				<total>2</total>
				<timestamp>237.422530</timestamp>
			</report>
			<report>
				<misses>700001</misses>
				<total>2</total>
				<timestamp>237.762216</timestamp>
			</report>
			<report>
				<misses>701001</misses>
				<total>2</total>
				<timestamp>238.101835</timestamp>
			</report>
			<report>
				<misses>702001</misses>
				<total>2</total>
				<timestamp>238.441515</timestamp>
			</report>
			<report>
				<misses>703001</misses>
				<total>1</total>
				<timestamp>238.781294</timestamp>
			</report>
			<report>
				<misses>704001</misses>
				<total>2</total>
				<timestamp>239.120836</timestamp>
			</report>
			<report>
				<misses>705001</misses>
				<total>1</total>
				<timestamp>239.460615</timestamp>
			</report>
			<report>
				<misses>706001</misses>
				<total>1</total>
				<timestamp>239.800308</timestamp>
			</report>
			<report>
				<misses>707001</misses>
				<total>2</total>
				<timestamp>240.139821</timestamp>
			</report>
			<report>
				<misses>708001</misses>
				<total>2</total>
				<timestamp>240.479506</timestamp>
			</report>
			<report>
				<misses>709001</misses>
				<total>1</total>
				<timestamp>240.819273</timestamp>
			</report>
			<report>
				<misses>710001</misses>
				<total>2</total>
				<timestamp>241.158814</timestamp>
			</report>
			<report>
				<misses>711001</misses>
				<total>2</total>
				<timestamp>241.498488</timestamp>
			</report>
			<report>
				<misses>712001</misses>
				<total>2</total>
				<timestamp>241.838146</timestamp>
			</report>
			<report>
				<misses>713001</misses>
				<total>2</total>
				<timestamp>242.177766</timestamp>
			</report>
			<report>
				<misses>714001</misses>
				<total>2</total>
				<timestamp>242.517472</timestamp>
			</report>
			<report>
				<misses>715001</misses>
				<total>2</total>
				<timestamp>242.857100</timestamp>
			</report>
			<report>
				<misses>716001</misses>
				<total>2</total>
				<timestamp>243.196747</timestamp>
			</report>
			<report>
				<misses>717001</misses>
				<total>2</total>
				<timestamp>243.536433</timestamp>
			</report>
			<report>
				<misses>718001</misses>
				<total>2</total>
				<timestamp>243.876070</timestamp>
			</report>
			<report>
				<misses>719001</misses>
				<total>2</total>
				<timestamp>244.215743</timestamp>
			</report>
			<report>
				<misses>720001</misses>
				<total>2</total>
				<timestamp>244.555380</timestamp>
			</report>
			<report>
				<misses>721001</misses>
				<total>2</total>
				<timestamp>244.895038</timestamp>
			</report>
			<report>
				<misses>722001</misses>
				<total>2</total>
				<timestamp>245.234717</timestamp>
			</report>
			<report>
				<misses>723001</misses>
				<total>1</total>
				<timestamp>245.574482</timestamp>
			</report>
			<report>
				<misses>724001</misses>
				<total>2</total>
				<timestamp>245.914041</timestamp>
			</report>
			<report>
				<misses>725001</misses>
				<total>2</total>
				<timestamp>246.253706</timestamp>
			</report>
			<report>
				<misses>726001</misses>
				<total>1</total>
				<timestamp>246.593465</timestamp>
			</report>
			<report>
				<misses>727001</misses>
				<total>2</total>
				<timestamp>246.933003</timestamp>
			</report>
			<report>
				<misses>728001</misses>
				<total>2</total>
				<timestamp>247.272685</timestamp>
			</report>
			<report>
				<misses>729001</misses>
				<total>2</total>
				<timestamp>247.612361</timestamp>
			</report>
			<report>
				<misses>730001</misses>
				<total>2</total>
				<timestamp>247.951988</timestamp>
			</report>
			<report>
				<misses>731001</misses>
				<total>2</total>
				<timestamp>248.291692</timestamp>
			</report>
			<report>
				<misses>732001</misses>
				<total>2</total>
				<timestamp>248.631325</timestamp>
			</report>
			<report>
				<misses>733001</misses>
				<total>2</total>
				<timestamp>248.970957</timestamp>
			</report>
			<report>
				<misses>734001</misses>
				<total>2</total>
				<timestamp>249.310652</timestamp>
			</report>
			<report>
				<misses>735001</misses>
				<total>2</total>
				<timestamp>249.650309</timestamp>
			</report>
			<report>
				<misses>736001</misses>
				<total>1</total>
				<timestamp>249.990016</timestamp>
			</report>
			<report>
				<misses>737001</misses>
				<total>2</total>
				<timestamp>250.329620</timestamp>
			</report>
			<report>
				<misses>738001</misses>
				<total>2</total>
				<timestamp>250.669302</timestamp>
			</report>
			<report>
				<misses>739001</misses>
				<total>2</total>
				<timestamp>251.008910</timestamp>
			</report>
			<report>
				<misses>740001</misses>
				<total>2</total>
				<timestamp>251.348593</timestamp>
			</report>
			<report>
				<misses>741001</misses>
				<total>2</total>
				<timestamp>251.688258</timestamp>
			</report>
			<report>
				<misses>742001</misses>
				<total>2</total>
				<timestamp>252.027888</timestamp>
			</report>
			<report>
				<misses>743001</misses>
				<total>2</total>
				<timestamp>252.367582</timestamp>
			</report>
			<report>
				<misses>744001</misses>
				<total>2</total>
				<timestamp>252.707287</timestamp>
			</report>
			<report>
				<misses>745001</misses>
				<total>2</total>
				<timestamp>253.046872</timestamp>
			</report>
			<report>
				<misses>746001</misses>
				<total>2</total>
				<timestamp>253.386557</timestamp>
			</report>
			<report>
				<misses>747001</misses>
				<total>1</total>
				<timestamp>253.726290</timestamp>
			</report>
			<report>
				<misses>748001</misses>
				<total>2</total>
				<timestamp>254.065843</timestamp>
			</report>
			<report>
				<misses>749001</misses>
				<total>2</total>
				<timestamp>254.405522</timestamp>
			</report>
			<report>
				<misses>750001</misses>
				<total>2</total>
				<timestamp>254.745201</timestamp>
			</report>
			<report>
				<misses>751001</misses>
				<total>2</total>
				<timestamp>255.084839</timestamp>
			</report>
			<report>
				<misses>752001</misses>
				<total>2</total>
				<timestamp>255.424498</timestamp>
			</report>
			<report>
				<misses>753001</misses>
				<total>2</total>
				<timestamp>255.764184</timestamp>
			</report>
			<report>
				<misses>754001</misses>
				<total>2</total>
				<timestamp>256.103827</timestamp>
			</report>
			<report>
				<misses>755001</misses>
				<total>2</total>
				<timestamp>256.443492</timestamp>
			</report>
			<report>
				<misses>756001</misses>
				<total>2</total>
				<timestamp>256.783164</timestamp>
			</report>
			<report>
				<misses>757001</misses>
				<total>2</total>
				<timestamp>257.122833</timestamp>
			</report>
			<report>
				<misses>758001</misses>
				<total>2</total>
				<timestamp>257.462454</timestamp>
			</report>
			<report>
				<misses>759001</misses>
				<total>2</total>
				<timestamp>257.802152</timestamp>
			</report>
			<report>
				<misses>760001</misses>
				<total>2</total>
				<timestamp>258.141776</timestamp>
			</report>
			<report>
				<misses>761001</misses>
				<total>1</total>
				<timestamp>258.481531</timestamp>
			</report>
			<report>
				<misses>762001</misses>
				<total>2</total>
				<timestamp>258.821156</timestamp>
			</report>
			<report>
				<misses>763001</misses>
				<total>2</total>
				<timestamp>259.160774</timestamp>
			</report>
			<report>
				<misses>764001</misses>
				<total>2</total>
				<timestamp>259.500435</timestamp>
			</report>
			<report>
				<misses>765001</misses>
				<total>2</total>
				<timestamp>259.840161</timestamp>
			</report>
			<report>
				<misses>766001</misses>
				<total>2</total>
				<timestamp>260.179751</timestamp>
			</report>
			<report>
				<misses>767001</misses>
				<total>2</total>
				<timestamp>260.519399</timestamp>
			</report>
			<report>
				<misses>768001</misses>
				<total>2</total>
				<timestamp>260.859165</timestamp>
			</report>
			<report>
				<misses>769001</misses>
				<total>2</total>
				<timestamp>261.198738</timestamp>
			</report>
			<report>
				<misses>770001</misses>
				<total>2</total>
				<timestamp>261.538385</timestamp>
			</report>
			<report>
				<misses>771001</misses>
				<total>1</total>
				<timestamp>261.878146</timestamp>
			</report>
			<report>
				<misses>772001</misses>
				<total>2</total>
				<timestamp>262.217706</timestamp>
			</report>
			<report>
				<misses>773001</misses>
				<total>2</total>
				<timestamp>262.557378</timestamp>
			</report>
			<report>
				<misses>774001</misses>
				<total>2</total>
				<timestamp>262.897133</timestamp>
			</report>
			<report>
				<misses>775001</misses>
				<total>2</total>
				<timestamp>263.236679</timestamp>
			</report>
			<report>
				<misses>776001</misses>
				<total>2</total>
				<timestamp>263.576380</timestamp>
			</report>
			<report>
				<misses>777001</misses>
				<total>1</total>
				<timestamp>263.916131</timestamp>
			</report>
			<report>
				<misses>778001</misses>
				<total>2</total>
				<timestamp>264.255652</timestamp>
			</report>
			<report>
				<misses>779001</misses>
				<total>2</total>
				<timestamp>264.595347</timestamp>
			</report>
			<report>
				<misses>780001</misses>
				<total>1</total>
				<timestamp>264.935157</timestamp>
			</report>
			<report>
				<misses>781001</misses>
				<total>2</total>
				<timestamp>265.274653</timestamp>
			</report>
			<report>
				<misses>782001</misses>
				<total>2</total>
				<timestamp>265.614354</timestamp>
			</report>
			<report>
				<misses>783001</misses>
				<total>2</total>
				<timestamp>265.953954</timestamp>
			</report>
			<report>
				<misses>784001</misses>
				<total>2</total>
				<timestamp>266.293634</timestamp>
			</report>
			<report>
				<misses>785001</misses>
				<total>2</total>
				<timestamp>266.633336</timestamp>
			</report>
			<report>
				<misses>786001</misses>
				<total>2</total>
				<timestamp>266.972947</timestamp>
			</report>
			<report>
				<misses>787001</misses>
				<total>2</total>
				<timestamp>267.312608</timestamp>
			</report>
			<report>
				<misses>788001</misses>
				<total>1</total>
				<timestamp>267.652357</timestamp>
			</report>
			<report>
				<misses>789001</misses>
				<total>2</total>
				<timestamp>267.991941</timestamp>
			</report>
			<report>
				<misses>790001</misses>
				<total>2</total>
				<timestamp>268.331580</timestamp>
			</report>
			<report>
				<misses>791001</misses>
				<total>1</total>
				<timestamp>268.671335</timestamp>
			</report>
			<report>
				<misses>792001</misses>
				<total>2</total>
				<timestamp>269.010904</timestamp>
			</report>
			<report>
				<misses>793001</misses>
				<total>2</total>
				<timestamp>269.350595</timestamp>
			</report>
			<report>
				<misses>794001</misses>
				<total>1</total>
				<timestamp>269.690324</timestamp>
			</report>
			<report>
				<misses>795001</misses>
				<total>2</total>
				<timestamp>270.029886</timestamp>
			</report>
			<report>
				<misses>796001</misses>
				<total>2</total>
				<timestamp>270.369584</timestamp>
			</report>
			<report>
				<misses>797001</misses>
				<total>1</total>
				<timestamp>270.709312</timestamp>
			</report>
			<report>
				<misses>798001</misses>
				<total>2</total>
				<timestamp>271.048853</timestamp>
			</report>
			<report>
				<misses>799001</misses>
				<total>2</total>
				<timestamp>271.388548</timestamp>
			</report>
			<report>
				<misses>800001</misses>
				<total>1</total>
				<timestamp>271.728310</timestamp>
			</report>
			<report>
				<misses>801001</misses>
				<total>2</total>
				<timestamp>272.067859</timestamp>
			</report>
			<report>
				<misses>802001</misses>
				<total>2</total>
				<timestamp>272.407518</timestamp>
			</report>
			<report>
				<misses>803001</misses>
				<total>2</total>
				<timestamp>272.747208</timestamp>
			</report>
			<report>
				<misses>804001</misses>
				<total>2</total>
				<timestamp>273.086826</timestamp>
			</report>
			<report>
				<misses>805001</misses>
				<total>2</total>
				<timestamp>273.426481</timestamp>
			</report>
			<report>
				<misses>806001</misses>
				<total>1</total>
				<timestamp>273.766276</timestamp>
			</report>
			<report>
				<misses>807001</misses>
				<total>2</total>
				<timestamp>274.105808</timestamp>
			</report>
			<report>
				<misses>808001</misses>
				<total>2</total>
				<timestamp>274.445459</timestamp>
			</report>
			<report>
				<misses>809001</misses>
				<total>2</total>
				<timestamp>274.785145</timestamp>
			</report>
			<report>
				<misses>810001</misses>
				<total>2</total>
				<timestamp>275.124791</timestamp>
			</report>
			<report>
				<misses>811001</misses>
				<total>2</total>
				<timestamp>275.464484</timestamp>
			</report>
			<report>
				<misses>812001</misses>
				<total>2</total>
				<timestamp>275.804114</timestamp>
			</report>
			<report>
				<misses>813001</misses>
				<total>2</total>
				<timestamp>276.143769</timestamp>
			</report>
			<report>
				<misses>814001</misses>
				<total>2</total>
				<timestamp>276.483481</timestamp>
			</report>
			<report>
				<misses>815001</misses>
				<total>1</total>
				<timestamp>276.823170</timestamp>
			</report>
			<report>
				<misses>816001</misses>
				<total>2</total>
				<timestamp>277.162732</timestamp>
			</report>
			<report>
				<misses>817001</misses>
				<total>2</total>
				<timestamp>277.502399</timestamp>
			</report>
			<report>
				<misses>818001</misses>
				<total>1</total>
				<timestamp>277.842151</timestamp>
			</report>
			<report>
				<misses>819001</misses>
				<total>2</total>
				<timestamp>278.181700</timestamp>
			</report>
			<report>
				<misses>820001</misses>
				<total>2</total>
				<timestamp>278.521367</timestamp>
			</report>
			<report>
				<misses>821001</misses>
				<total>1</total>
				<timestamp>278.861117</timestamp>
			</report>
			<report>
				<misses>822001</misses>
				<total>2</total>
				<timestamp>279.200677</timestamp>
			</report>
			<report>
				<misses>823001</misses>
				<total>2</total>
				<timestamp>279.540358</timestamp>
			</report>
			<report>
				<misses>824001</misses>
				<total>1</total>
				<timestamp>279.880119</timestamp>
			</report>
			<report>
				<misses>825001</misses>
				<total>2</total>
				<timestamp>280.219692</timestamp>
			</report>
			<report>
				<misses>826001</misses>
				<total>2</total>
				<timestamp>280.559330</timestamp>
			</report>
			<report>
				<misses>827001</misses>
				<total>2</total>
				<timestamp>280.899029</timestamp>
			</report>
			<report>
				<misses>828001</misses>
				<total>2</total>
				<timestamp>281.238678</timestamp>
			</report>
			<report>
				<misses>829001</misses>
				<total>2</total>
				<timestamp>281.578320</timestamp>
			</report>
			<report>
				<misses>830001</misses>
				<total>2</total>
				<timestamp>281.918046</timestamp>
			</report>
			<report>
				<misses>831001</misses>
				<total>2</total>
				<timestamp>282.257647</timestamp>
			</report>
			<report>
				<misses>832001</misses>
				<total>2</total>
				<timestamp>282.597286</timestamp>
			</report>
			<report>
				<misses>833001</misses>
				<total>2</total>
				<timestamp>282.936997</timestamp>
			</report>
			<report>
				<misses>834001</misses>
				<total>2</total>
				<timestamp>283.276617</timestamp>
			</report>
			<report>
				<misses>835001</misses>
				<total>2</total>
				<timestamp>283.616302</timestamp>
			</report>
			<report>
				<misses>836001</misses>
				<total>2</total>
				<timestamp>283.956023</timestamp>
			</report>
			<report>
				<misses>837001</misses>
				<total>2</total>
				<timestamp>284.295620</timestamp>
			</report>
			<report>
				<misses>838001</misses>
				<total>2</total>
				<timestamp>284.635281</timestamp>
			</report>
			<report>
				<misses>839001</misses>
				<total>2</total>
				<timestamp>284.974993</timestamp>
			</report>
			<report>
				<misses>840001</misses>
				<total>2</total>
				<timestamp>285.314610</timestamp>
			</report>
			<report>
				<misses>841001</misses>
				<total>2</total>
				<timestamp>285.654269</timestamp>
			</report>
			<report>
				<misses>842001</misses>
				<total>2</total>
				<timestamp>285.993939</timestamp>
			</report>
			<report>
				<misses>843001</misses>
				<total>2</total>
				<timestamp>286.333580</timestamp>
			</report>
			<report>
				<misses>844001</misses>
				<total>2</total>
				<timestamp>286.673224</timestamp>
			</report>
			<report>
				<misses>845001</misses>
				<total>1</total>
				<timestamp>287.012984</timestamp>
			</report>
			<report>
				<misses>846001</misses>
				<total>2</total>
				<timestamp>287.352539</timestamp>
			</report>
			<report>
				<misses>847001</misses>
				<total>2</total>
				<timestamp>287.692209</timestamp>
			</report>
			<report>
				<misses>848001</misses>
				<total>2</total>
				<timestamp>288.031928</timestamp>
			</report>
			<report>
				<misses>849001</misses>
				<total>2</total>
				<timestamp>288.371539</timestamp>
			</report>
			<report>
				<misses>850001</misses>
				<total>2</total>
				<timestamp>288.711178</timestamp>
			</report>
			<report>
				<misses>851001</misses>
				<total>2</total>
				<timestamp>289.050827</timestamp>
			</report>
			<report>
				<misses>852001</misses>
				<total>2</total>
				<timestamp>289.390522</timestamp>
			</report>
			<report>
				<misses>853001</misses>
				<total>2</total>
				<timestamp>289.730211</timestamp>
			</report>
			<report>
				<misses>854001</misses>
				<total>2</total>
				<timestamp>290.069828</timestamp>
			</report>
			<report>
				<misses>855001</misses>
				<total>2</total>
				<timestamp>290.409460</timestamp>
			</report>
			<report>
				<misses>856001</misses>
				<total>2</total>
				<timestamp>290.749150</timestamp>
			</report>
			<report>
				<misses>857001</misses>
				<total>2</total>
				<timestamp>291.088837</timestamp>
			</report>
			<report>
				<misses>858001</misses>
				<total>2</total>
				<timestamp>291.428458</timestamp>
			</report>
			<report>
				<misses>859001</misses>
				<total>2</total>
				<timestamp>291.768173</timestamp>
			</report>
			<report>
				<misses>860001</misses>
				<total>2</total>
				<timestamp>292.107790</timestamp>
			</report>
			<report>
				<misses>861001</misses>
				<total>2</total>
				<timestamp>292.447434</timestamp>
			</report>
			<report>
				<misses>862001</misses>
				<total>2</total>
				<timestamp>292.787171</timestamp>
			</report>
			<report>
				<misses>863001</misses>
				<total>2</total>
				<timestamp>293.126779</timestamp>
			</report>
			<report>
				<misses>864001</misses>
				<total>2</total>
				<timestamp>293.466420</timestamp>
			</report>
			<report>
				<misses>865001</misses>
				<total>1</total>
				<timestamp>293.806159</timestamp>
			</report>
			<report>
				<misses>866001</misses>
				<total>2</total>
				<timestamp>294.145724</timestamp>
			</report>
			<report>
				<misses>867001</misses>
				<total>2</total>
				<timestamp>294.485404</timestamp>
			</report>
			<report>
				<misses>868001</misses>
				<total>1</total>
				<timestamp>294.825176</timestamp>
			</report>
			<report>
				<misses>869001</misses>
				<total>2</total>
				<timestamp>295.164764</timestamp>
			</report>
			<report>
				<misses>870001</misses>
				<total>2</total>
				<timestamp>295.504401</timestamp>
			</report>
			<report>
				<misses>871001</misses>
				<total>2</total>
				<timestamp>295.844088</timestamp>
			</report>
			<report>
				<misses>872001</misses>
				<total>2</total>
				<timestamp>296.183702</timestamp>
			</report>
			<report>
				<misses>873001</misses>
				<total>2</total>
				<timestamp>296.523355</timestamp>
			</report>
			<report>
				<misses>874001</misses>
				<total>2</total>
				<timestamp>296.863061</timestamp>
			</report>
			<report>
				<misses>875001</misses>
				<total>2</total>
				<timestamp>297.202669</timestamp>
			</report>
			<report>
				<misses>876001</misses>
				<total>2</total>
				<timestamp>297.542395</timestamp>
			</report>
			<report>
				<misses>877001</misses>
				<total>2</total>
				<timestamp>297.882041</timestamp>
			</report>
			<report>
				<misses>878001</misses>
				<total>2</total>
				<timestamp>298.221658</timestamp>
			</report>
			<report>
				<misses>879001</misses>
				<total>2</total>
				<timestamp>298.561328</timestamp>
			</report>
			<report>
				<misses>880001</misses>
				<total>2</total>
				<timestamp>298.900991</timestamp>
			</report>
			<report>
				<misses>881001</misses>
				<total>2</total>
				<timestamp>299.240640</timestamp>
			</report>
			<report>
				<misses>882001</misses>
				<total>2</total>
				<timestamp>299.580322</timestamp>
			</report>
			<report>
				<misses>883001</misses>
				<total>2</total>
				<timestamp>299.919979</timestamp>
			</report>
			<report>
				<misses>884001</misses>
				<total>2</total>
				<timestamp>300.259624</timestamp>
			</report>
			<report>
				<misses>885001</misses>
				<total>2</total>
				<timestamp>300.599291</timestamp>
			</report>
			<report>
				<misses>886001</misses>
				<total>2</total>
				<timestamp>300.938969</timestamp>
			</report>
			<report>
				<misses>887001</misses>
				<total>2</total>
				<timestamp>301.278598</timestamp>
			</report>
			<report>
				<misses>888001</misses>
				<total>2</total>
				<timestamp>301.618325</timestamp>
			</report>
			<report>
				<misses>889001</misses>
				<total>2</total>
				<timestamp>301.957998</timestamp>
			</report>
			<report>
				<misses>890001</misses>
				<total>2</total>
				<timestamp>302.297587</timestamp>
			</report>
			<report>
				<misses>891001</misses>
				<total>2</total>
				<timestamp>302.637242</timestamp>
			</report>
			<report>
				<misses>892001</misses>
				<total>2</total>
				<timestamp>302.976978</timestamp>
			</report>
			<report>
				<misses>893001</misses>
				<total>2</total>
				<timestamp>303.316578</timestamp>
			</report>
			<report>
				<misses>894001</misses>
				<total>2</total>
				<timestamp>303.656227</timestamp>
			</report>
			<report>
				<misses>895001</misses>
				<total>1</total>
				<timestamp>303.995978</timestamp>
			</report>
			<report>
				<misses>896001</misses>
				<total>2</total>
				<timestamp>304.335543</timestamp>
			</report>
			<report>
				<misses>897001</misses>
				<total>2</total>
				<timestamp>304.675193</timestamp>
			</report>
			<report>
				<misses>898001</misses>
				<total>1</total>
				<timestamp>305.014982</timestamp>
			</report>
			<report>
				<misses>899001</misses>
				<total>2</total>
				<timestamp>305.354546</timestamp>
			</report>
			<report>
				<misses>900001</misses>
				<total>2</total>
				<timestamp>305.694183</timestamp>
			</report>
			<report>
				<misses>901001</misses>
				<total>2</total>
				<timestamp>306.033861</timestamp>
			</report>
			<report>
				<misses>902001</misses>
				<total>2</total>
				<timestamp>306.373507</timestamp>
			</report>
			<report>
				<misses>903001</misses>
				<total>2</total>
				<timestamp>306.713180</timestamp>
			</report>
			<report>
				<misses>904001</misses>
				<total>2</total>
				<timestamp>307.052854</timestamp>
			</report>
			<report>
				<misses>905001</misses>
				<total>2</total>
				<timestamp>307.392501</timestamp>
			</report>
			<report>
				<misses>906001</misses>
				<total>2</total>
				<timestamp>307.732131</timestamp>
			</report>
			<report>
				<misses>907001</misses>
				<total>2</total>
				<timestamp>308.071848</timestamp>
			</report>
			<report>
				<misses>908001</misses>
				<total>2</total>
				<timestamp>308.411475</timestamp>
			</report>
			<report>
				<misses>909001</misses>
				<total>2</total>
				<timestamp>308.751125</timestamp>
			</report>
			<report>
				<misses>910001</misses>
				<total>2</total>
				<timestamp>309.090807</timestamp>
			</report>
			<report>
				<misses>911001</misses>
				<total>2</total>
				<timestamp>309.430468</timestamp>
			</report>
			<report>
				<misses>912001</misses>
				<total>2</total>
				<timestamp>309.770096</timestamp>
			</report>
			<report>
				<misses>913001</misses>
				<total>2</total>
				<timestamp>310.109769</timestamp>
			</report>
			<report>
				<misses>914001</misses>
				<total>2</total>
				<timestamp>310.449434</timestamp>
			</report>
			<report>
				<misses>915001</misses>
				<total>2</total>
				<timestamp>310.789067</timestamp>
			</report>
			<report>
				<misses>916001</misses>
				<total>1</total>
				<timestamp>311.128837</timestamp>
			</report>
			<report>
				<misses>917001</misses>
				<total>2</total>
				<timestamp>311.468450</timestamp>
			</report>
			<report>
				<misses>918001</misses>
				<total>2</total>
				<timestamp>311.808080</timestamp>
			</report>
			<report>
				<misses>919001</misses>
				<total>1</total>
				<timestamp>312.147834</timestamp>
			</report>
			<report>
				<misses>920001</misses>
				<total>2</total>
				<timestamp>312.487404</timestamp>
			</report>
			<report>
				<misses>921001</misses>
				<total>1</total>
				<timestamp>312.827149</timestamp>
			</report>
			<report>
				<misses>922001</misses>
				<total>1</total>
				<timestamp>313.166838</timestamp>
			</report>
			<report>
				<misses>923001</misses>
				<total>2</total>
				<timestamp>313.506357</timestamp>
			</report>
			<report>
				<misses>924001</misses>
				<total>2</total>
				<timestamp>313.846036</timestamp>
			</report>
			<report>
				<misses>925001</misses>
				<total>2</total>
				<timestamp>314.185772</timestamp>
			</report>
			<report>
				<misses>926001</misses>
				<total>2</total>
				<timestamp>314.525363</timestamp>
			</report>
			<report>
				<misses>927001</misses>
				<total>2</total>
				<timestamp>314.865033</timestamp>
			</report>
			<report>
				<misses>928001</misses>
				<total>1</total>
				<timestamp>315.204784</timestamp>
			</report>
			<report>
				<misses>929001</misses>
				<total>2</total>
				<timestamp>315.544311</timestamp>
			</report>
			<report>
				<misses>930001</misses>
				<total>2</total>
				<timestamp>315.884020</timestamp>
			</report>
			<report>
				<misses>931001</misses>
				<total>2</total>
				<timestamp>316.223695</timestamp>
			</report>
			<report>
				<misses>932001</misses>
				<total>2</total>
				<timestamp>316.563330</timestamp>
			</report>
			<report>
				<misses>933001</misses>
				<total>2</total>
				<timestamp>316.903004</timestamp>
			</report>
			<report>
				<misses>934001</misses>
				<total>2</total>
				<timestamp>317.242633</timestamp>
			</report>
			<report>
				<misses>935001</misses>
				<total>2</total>
				<timestamp>317.582324</timestamp>
			</report>
			<report>
				<misses>936001</misses>
				<total>1</total>
				<timestamp>317.922021</timestamp>
			</report>
			<report>
				<misses>937001</misses>
				<total>2</total>
				<timestamp>318.261615</timestamp>
			</report>
			<report>
				<misses>938001</misses>
				<total>2</total>
				<timestamp>318.601311</timestamp>
			</report>
			<report>
				<misses>939001</misses>
				<total>1</total>
				<timestamp>318.941017</timestamp>
			</report>
			<report>
				<misses>940001</misses>
				<total>2</total>
				<timestamp>319.280583</timestamp>
			</report>
			<report>
				<misses>941001</misses>
				<total>2</total>
				<timestamp>319.620249</timestamp>
			</report>
			<report>
				<misses>942001</misses>
				<total>1</total>
				<timestamp>319.960016</timestamp>
			</report>
			<report>
				<misses>943001</misses>
				<total>2</total>
				<timestamp>320.299549</timestamp>
			</report>
			<report>
				<misses>944001</misses>
				<total>2</total>
				<timestamp>320.639213</timestamp>
			</report>
			<report>
				<misses>945001</misses>
				<total>2</total>
				<timestamp>320.978868</timestamp>
			</report>
			<report>
				<misses>946001</misses>
				<total>2</total>
				<timestamp>321.318537</timestamp>
			</report>
			<report>
				<misses>947001</misses>
				<total>2</total>
				<timestamp>321.658210</timestamp>
			</report>
			<report>
				<misses>948001</misses>
				<total>2</total>
				<timestamp>321.997878</timestamp>
			</report>
			<report>
				<misses>949001</misses>
				<total>2</total>
				<timestamp>322.337527</timestamp>
			</report>
			<report>
				<misses>950001</misses>
				<total>2</total>
				<timestamp>322.677173</timestamp>
			</report>
			<report>
				<misses>951001</misses>
				<total>2</total>
				<timestamp>323.016903</timestamp>
			</report>
			<report>
				<misses>952001</misses>
				<total>2</total>
				<timestamp>323.356522</timestamp>
			</report>
			<report>
				<misses>953001</misses>
				<total>2</total>
				<timestamp>323.696212</timestamp>
			</report>
			<report>
				<misses>954001</misses>
				<total>2</total>
				<timestamp>324.035849</timestamp>
			</report>
			<report>
				<misses>955001</misses>
				<total>2</total>
				<timestamp>324.375519</timestamp>
			</report>
			<report>
				<misses>956001</misses>
				<total>2</total>
				<timestamp>324.715126</timestamp>
			</report>
			<report>
				<misses>957001</misses>
				<total>2</total>
				<timestamp>325.054835</timestamp>
			</report>
			<report>
				<misses>958001</misses>
				<total>2</total>
				<timestamp>325.394459</timestamp>
			</report>
			<report>
				<misses>959001</misses>
				<total>2</total>
				<timestamp>325.734115</timestamp>
			</report>
			<report>
				<misses>960001</misses>
				<total>2</total>
				<timestamp>326.073881</timestamp>
			</report>
			<report>
				<misses>961001</misses>
				<total>2</total>
				<timestamp>326.413444</timestamp>
			</report>
			<report>
				<misses>962001</misses>
				<total>2</total>
				<timestamp>326.753098</timestamp>
			</report>
			<report>
				<misses>963001</misses>
				<total>1</total>
				<timestamp>327.092857</timestamp>
			</report>
			<report>
				<misses>964001</misses>
				<total>2</total>
				<timestamp>327.432445</timestamp>
			</report>
			<report>
				<misses>965001</misses>
				<total>2</total>
				<timestamp>327.772115</timestamp>
			</report>
			<report>
				<misses>966001</misses>
				<total>1</total>
				<timestamp>328.111849</timestamp>
			</report>
			<report>
				<misses>967001</misses>
				<total>2</total>
				<timestamp>328.451411</timestamp>
			</report>
			<report>
				<misses>968001</misses>
				<total>2</total>
				<timestamp>328.791049</timestamp>
			</report>
			<report>
				<misses>969001</misses>
				<total>1</total>
				<timestamp>329.130860</timestamp>
			</report>
			<report>
				<misses>970001</misses>
				<total>2</total>
				<timestamp>329.470379</timestamp>
			</report>
			<report>
				<misses>971001</misses>
				<total>2</total>
				<timestamp>329.810041</timestamp>
			</report>
			<report>
				<misses>972001</misses>
				<total>1</total>
				<timestamp>330.149821</timestamp>
			</report>
			<report>
				<misses>973001</misses>
				<total>2</total>
				<timestamp>330.489399</timestamp>
			</report>
			<report>
				<misses>974001</misses>
				<total>2</total>
				<timestamp>330.829004</timestamp>
			</report>
			<report>
				<misses>975001</misses>
				<total>2</total>
				<timestamp>331.168701</timestamp>
			</report>
			<report>
				<misses>976001</misses>
				<total>2</total>
				<timestamp>331.508352</timestamp>
			</report>
			<report>
				<misses>977001</misses>
				<total>2</total>
				<timestamp>331.848013</timestamp>
			</report>
			<report>
				<misses>978001</misses>
				<total>2</total>
				<timestamp>332.187702</timestamp>
			</report>
			<report>
				<misses>979001</misses>
				<total>2</total>
				<timestamp>332.527316</timestamp>
			</report>
			<report>
				<misses>980001</misses>
				<total>2</total>
				<timestamp>332.866974</timestamp>
			</report>
			<report>
				<misses>981001</misses>
				<total>2</total>
				<timestamp>333.206706</timestamp>
			</report>
			<report>
				<misses>982001</misses>
				<total>2</total>
				<timestamp>333.546329</timestamp>
			</report>
			<report>
				<misses>983001</misses>
				<total>2</total>
				<timestamp>333.885946</timestamp>
			</report>
			<report>
				<misses>984001</misses>
				<total>2</total>
				<timestamp>334.225677</timestamp>
			</report>
			<report>
				<misses>985001</misses>
				<total>2</total>
				<timestamp>334.565291</timestamp>
			</report>
			<report>
				<misses>986001</misses>
				<total>2</total>
				<timestamp>334.904952</timestamp>
			</report>
			<report>
				<misses>987001</misses>
				<total>2</total>
				<timestamp>335.244627</timestamp>
			</report>
			<report>
				<misses>988001</misses>
				<total>2</total>
				<timestamp>335.584295</timestamp>
			</report>
			<report>
				<misses>989001</misses>
				<total>2</total>
				<timestamp>335.923912</timestamp>
			</report>
			<report>
				<misses>990001</misses>
				<total>2</total>
				<timestamp>336.263667</timestamp>
			</report>
			<report>
				<misses>991001</misses>
				<total>2</total>
				<timestamp>336.603294</timestamp>
			</report>
			<report>
				<misses>992001</misses>
				<total>2</total>
				<timestamp>336.942907</timestamp>
			</report>
			<report>
				<misses>993001</misses>
				<total>1</total>
				<timestamp>337.282674</timestamp>
			</report>
			<report>
				<misses>994001</misses>
				<total>2</total>
				<timestamp>337.622224</timestamp>
			</report>
			<report>
				<misses>995001</misses>
				<total>2</total>
				<timestamp>337.961925</timestamp>
			</report>
			<report>
				<misses>996001</misses>
				<total>1</total>
				<timestamp>338.301728</timestamp>
			</report>
			<report>
				<misses>997001</misses>
				<total>2</total>
				<timestamp>338.641187</timestamp>
			</report>
			<report>
				<misses>998001</misses>
				<total>2</total>
				<timestamp>338.980876</timestamp>
			</report>
			<report>
				<misses>999001</misses>
				<total>1</total>
				<timestamp>339.320698</timestamp>
			</report>
			<report>
				<misses>1000001</misses>
				<total>2</total>
				<timestamp>339.660194</timestamp>
			</report>
			<report>
				<misses>1001001</misses>
				<total>2</total>
				<timestamp>339.999898</timestamp>
			</report>
			<report>
				<misses>1002001</misses>
				<total>1</total>
				<timestamp>340.339648</timestamp>
			</report>
			<report>
				<misses>1003001</misses>
				<total>2</total>
				<timestamp>340.679151</timestamp>
			</report>
			<report>
				<misses>1004001</misses>
				<total>2</total>
				<timestamp>341.018862</timestamp>
			</report>
			<report>
				<misses>1005001</misses>
				<total>2</total>
				<timestamp>341.358463</timestamp>
			</report>
			<report>
				<misses>1006001</misses>
				<total>2</total>
				<timestamp>341.698146</timestamp>
			</report>
			<report>
				<misses>1007001</misses>
				<total>2</total>
				<timestamp>342.037857</timestamp>
			</report>
			<report>
				<misses>1008001</misses>
				<total>2</total>
				<timestamp>342.377466</timestamp>
			</report>
			<report>
				<misses>1009001</misses>
				<total>2</total>
				<timestamp>342.717118</timestamp>
			</report>
			<report>
				<misses>1010001</misses>
				<total>1</total>
				<timestamp>343.056873</timestamp>
			</report>
			<report>
				<misses>1011001</misses>
				<total>2</total>
				<timestamp>343.396445</timestamp>
			</report>
			<report>
				<misses>1012001</misses>
				<total>2</total>
				<timestamp>343.736127</timestamp>
			</report>
			<report>
				<misses>1013001</misses>
				<total>2</total>
				<timestamp>344.075774</timestamp>
			</report>
			<report>
				<misses>1014001</misses>
				<total>2</total>
				<timestamp>344.415449</timestamp>
			</report>
			<report>
				<misses>1015001</misses>
				<total>2</total>
				<timestamp>344.755077</timestamp>
			</report>
			<report>
				<misses>1016001</misses>
				<total>1</total>
				<timestamp>345.094841</timestamp>
			</report>
			<report>
				<misses>1017001</misses>
				<total>2</total>
				<timestamp>345.434427</timestamp>
			</report>
			<report>
				<misses>1018001</misses>
				<total>2</total>
				<timestamp>345.774068</timestamp>
			</report>
			<report>
				<misses>1019001</misses>
				<total>2</total>
				<timestamp>346.113758</timestamp>
			</report>
			<report>
				<misses>1020001</misses>
				<total>2</total>
				<timestamp>346.453402</timestamp>
			</report>
			<report>
				<misses>1021001</misses>
				<total>2</total>
				<timestamp>346.793051</timestamp>
			</report>
			<report>
				<misses>1022001</misses>
				<total>2</total>
				<timestamp>347.132771</timestamp>
			</report>
			<report>
				<misses>1023001</misses>
				<total>2</total>
				<timestamp>347.472369</timestamp>
			</report>
			<report>
				<misses>1024001</misses>
				<total>2</total>
				<timestamp>347.812013</timestamp>
			</report>
			<report>
				<misses>1025001</misses>
				<total>2</total>
				<timestamp>348.151721</timestamp>
			</report>
			<report>
				<misses>1026001</misses>
				<total>2</total>
				<timestamp>348.491343</timestamp>
			</report>
			<report>
				<misses>1027001</misses>
				<total>2</total>
				<timestamp>348.831013</timestamp>
			</report>
			<report>
				<misses>1028001</misses>
				<total>2</total>
				<timestamp>349.170706</timestamp>
			</report>
			<report>
				<misses>1029001</misses>
				<total>2</total>
				<timestamp>349.510329</timestamp>
			</report>
			<report>
				<misses>1030001</misses>
				<total>2</total>
				<timestamp>349.849995</timestamp>
			</report>
			<report>
				<misses>1031001</misses>
				<total>2</total>
				<timestamp>350.189712</timestamp>
			</report>
			<report>
				<misses>1032001</misses>
				<total>2</total>
				<timestamp>350.529309</timestamp>
			</report>
			<report>
				<misses>1033001</misses>
				<total>2</total>
				<timestamp>350.868961</timestamp>
			</report>
			<report>
				<misses>1034001</misses>
				<total>2</total>
				<timestamp>351.208696</timestamp>
			</report>
			<report>
				<misses>1035001</misses>
				<total>2</total>
				<timestamp>351.548285</timestamp>
			</report>
			<report>
				<misses>1036001</misses>
				<total>2</total>
				<timestamp>351.887922</timestamp>
			</report>
			<report>
				<misses>1037001</misses>
				<total>1</total>
				<timestamp>352.227680</timestamp>
			</report>
			<report>
				<misses>1038001</misses>
				<total>2</total>
				<timestamp>352.567263</timestamp>
			</report>
			<report>
				<misses>1039001</misses>
				<total>2</total>
				<timestamp>352.906923</timestamp>
			</report>
			<report>
				<misses>1040001</misses>
				<total>1</total>
				<timestamp>353.246683</timestamp>
			</report>
			<report>
				<misses>1041001</misses>
				<total>2</total>
				<timestamp>353.586250</timestamp>
			</report>
			<report>
				<misses>1042001</misses>
				<total>2</total>
				<timestamp>353.925887</timestamp>
			</report>
			<report>
				<misses>1043001</misses>
				<total>1</total>
				<timestamp>354.265676</timestamp>
			</report>
			<report>
				<misses>1044001</misses>
				<total>2</total>
				<timestamp>354.605235</timestamp>
			</report>
			<report>
				<misses>1045001</misses>
				<total>2</total>
				<timestamp>354.944877</timestamp>
			</report>
			<report>
				<misses>1046001</misses>
				<total>1</total>
				<timestamp>355.284676</timestamp>
			</report>
			<report>
				<misses>1047001</misses>
				<total>2</total>
				<timestamp>355.624202</timestamp>
			</report>
			<report>
				<misses>1048001</misses>
				<total>2</total>
				<timestamp>355.963855</timestamp>
			</report>
			<report>
				<misses>1049001</misses>
				<total>1</total>
				<timestamp>356.303657</timestamp>
			</report>
			<report>
				<misses>1050001</misses>
				<total>2</total>
				<timestamp>356.643204</timestamp>
			</report>
			<report>
				<misses>1051001</misses>
				<total>2</total>
				<timestamp>356.982849</timestamp>
			</report>
			<report>
				<misses>1052001</misses>
				<total>2</total>
				<timestamp>357.322586</timestamp>
			</report>
			<report>
				<misses>1053001</misses>
				<total>2</total>
				<timestamp>357.662148</timestamp>
			</report>
			<report>
				<misses>1054001</misses>
				<total>2</total>
				<timestamp>358.001809</timestamp>
			</report>
			<report>
				<misses>1055001</misses>
				<total>2</total>
				<timestamp>358.341514</timestamp>
			</report>
			<report>
				<misses>1056001</misses>
				<total>2</total>
				<timestamp>358.681155</timestamp>
			</report>
			<report>
				<misses>1057001</misses>
				<total>2</total>
				<timestamp>359.020805</timestamp>
			</report>
			<report>
				<misses>1058001</misses>
				<total>2</total>
				<timestamp>359.360827</timestamp>
			</report>
			<report>
				<misses>1059001</misses>
				<total>2</total>
				<timestamp>359.700529</timestamp>
			</report>
			<report>
				<misses>1060001</misses>
				<total>2</total>
				<timestamp>360.040133</timestamp>
			</report>
			<report>
				<misses>1061001</misses>
				<total>2</total>
				<timestamp>360.379777</timestamp>
			</report>
			<report>
				<misses>1062001</misses>
				<total>2</total>
				<timestamp>360.719514</timestamp>
			</report>
			<report>
				<misses>1063001</misses>
				<total>2</total>
				<timestamp>361.059093</timestamp>
			</report>
			<report>
				<misses>1064001</misses>
				<total>2</total>
				<timestamp>361.398755</timestamp>
			</report>
			<report>
				<misses>1065001</misses>
				<total>2</total>
				<timestamp>361.738528</timestamp>
			</report>
			<report>
				<misses>1066001</misses>
				<total>2</total>
				<timestamp>362.078077</timestamp>
			</report>
			<report>
				<misses>1067001</misses>
				<total>2</total>
				<timestamp>362.417742</timestamp>
			</report>
			<report>
				<misses>1068001</misses>
				<total>2</total>
				<timestamp>362.757432</timestamp>
			</report>
			<report>
				<misses>1069001</misses>
				<total>2</total>
				<timestamp>363.097050</timestamp>
			</report>
			<report>
				<misses>1070001</misses>
				<total>2</total>
				<timestamp>363.436736</timestamp>
			</report>
			<report>
				<misses>1071001</misses>
				<total>1</total>
				<timestamp>363.776509</timestamp>
			</report>
			<report>
				<misses>1072001</misses>
				<total>2</total>
				<timestamp>364.116028</timestamp>
			</report>
			<report>
				<misses>1073001</misses>
				<total>2</total>
				<timestamp>364.455713</timestamp>
			</report>
			<report>
				<misses>1074001</misses>
				<total>1</total>
				<timestamp>364.795500</timestamp>
			</report>
			<report>
				<misses>1075001</misses>
				<total>2</total>
				<timestamp>365.135023</timestamp>
			</report>
			<report>
				<misses>1076001</misses>
				<total>2</total>
				<timestamp>365.474715</timestamp>
			</report>
			<report>
				<misses>1077001</misses>
				<total>2</total>
				<timestamp>365.814382</timestamp>
			</report>
			<report>
				<misses>1078001</misses>
				<total>2</total>
				<timestamp>366.153997</timestamp>
			</report>
			<report>
				<misses>1079001</misses>
				<total>2</total>
				<timestamp>366.493722</timestamp>
			</report>
			<report>
				<misses>1080001</misses>
				<total>2</total>
				<timestamp>366.833332</timestamp>
			</report>
			<report>
				<misses>1081001</misses>
				<total>2</total>
				<timestamp>367.172968</timestamp>
			</report>
			<report>
				<misses>1082001</misses>
				<total>2</total>
				<timestamp>367.512642</timestamp>
			</report>
			<report>
				<misses>1083001</misses>
				<total>1</total>
				<timestamp>367.852486</timestamp>
			</report>
			<report>
				<misses>1084001</misses>
				<total>2</total>
				<timestamp>368.191982</timestamp>
			</report>
			<report>
				<misses>1085001</misses>
				<total>2</total>
				<timestamp>368.531608</timestamp>
			</report>
			<report>
				<misses>1086001</misses>
				<total>2</total>
				<timestamp>368.871283</timestamp>
			</report>
			<report>
				<misses>1087001</misses>
				<total>2</total>
				<timestamp>369.210937</timestamp>
			</report>
			<report>
				<misses>1088001</misses>
				<total>2</total>
				<timestamp>369.550617</timestamp>
			</report>
			<report>
				<misses>1089001</misses>
				<total>2</total>
				<timestamp>369.890272</timestamp>
			</report>
			<report>
				<misses>1090001</misses>
				<total>2</total>
				<timestamp>370.229918</timestamp>
			</report>
			<report>
				<misses>1091001</misses>
				<total>1</total>
				<timestamp>370.569706</timestamp>
			</report>
			<report>
				<misses>1092001</misses>
				<total>2</total>
				<timestamp>370.909253</timestamp>
			</report>
			<report>
				<misses>1093001</misses>
				<total>2</total>
				<timestamp>371.248899</timestamp>
			</report>
			<report>
				<misses>1094001</misses>
				<total>2</total>
				<timestamp>371.588564</timestamp>
			</report>
			<report>
				<misses>1095001</misses>
				<total>2</total>
				<timestamp>371.928208</timestamp>
			</report>
			<report>
				<misses>1096001</misses>
				<total>2</total>
				<timestamp>372.267889</timestamp>
			</report>
			<report>
				<misses>1097001</misses>
				<total>1</total>
				<timestamp>372.607661</timestamp>
			</report>
			<report>
				<misses>1098001</misses>
				<total>2</total>
				<timestamp>372.947224</timestamp>
			</report>
			<report>
				<misses>1099001</misses>
				<total>2</total>
				<timestamp>373.286870</timestamp>
			</report>
			<report>
				<misses>1100001</misses>
				<total>2</total>
				<timestamp>373.626563</timestamp>
			</report>
			<report>
				<misses>1101001</misses>
				<total>2</total>
				<timestamp>373.966174</timestamp>
			</report>
			<report>
				<misses>1102001</misses>
				<total>2</total>
				<timestamp>374.305846</timestamp>
			</report>
			<report>
				<misses>1103001</misses>
				<total>2</total>
				<timestamp>374.645551</timestamp>
			</report>
			<report>
				<misses>1104001</misses>
				<total>2</total>
				<timestamp>374.985166</timestamp>
			</report>
			<report>
				<misses>1105001</misses>
				<total>2</total>
				<timestamp>375.324821</timestamp>
			</report>
			<report>
				<misses>1106001</misses>
				<total>1</total>
				<timestamp>375.664604</timestamp>
			</report>
			<report>
				<misses>1107001</misses>
				<total>1</total>
				<timestamp>376.004233</timestamp>
			</report>
			<report>
				<misses>1108001</misses>
				<total>2</total>
				<timestamp>376.343806</timestamp>
			</report>
			<report>
				<misses>1109001</misses>
				<total>2</total>
				<timestamp>376.683525</timestamp>
			</report>
			<report>
				<misses>1110001</misses>
				<total>2</total>
				<timestamp>377.023145</timestamp>
			</report>
			<report>
				<misses>1111001</misses>
				<total>2</total>
				<timestamp>377.362761</timestamp>
			</report>
			<report>
				<misses>1112001</misses>
				<total>2</total>
				<timestamp>377.702527</timestamp>
			</report>
			<report>
				<misses>1113001</misses>
				<total>2</total>
				<timestamp>378.042126</timestamp>
			</report>
			<report>
				<misses>1114001</misses>
				<total>2</total>
				<timestamp>378.381757</timestamp>
			</report>
			<report>
				<misses>1115001</misses>
				<total>2</total>
				<timestamp>378.721487</timestamp>
			</report>
			<report>
				<misses>1116001</misses>
				<total>2</total>
				<timestamp>379.061075</timestamp>
			</report>
			<report>
				<misses>1117001</misses>
				<total>2</total>
				<timestamp>379.400737</timestamp>
			</report>
			<report>
				<misses>1118001</misses>
				<total>1</total>
				<timestamp>379.740513</timestamp>
			</report>
			<report>
				<misses>1119001</misses>
				<total>2</total>
				<timestamp>380.080049</timestamp>
			</report>
			<report>
				<misses>1120001</misses>
				<total>2</total>
				<timestamp>380.419722</timestamp>
			</report>
			<report>
				<misses>1121001</misses>
				<total>2</total>
				<timestamp>380.759411</timestamp>
			</report>
			<report>
				<misses>1122001</misses>
				<total>2</total>
				<timestamp>381.099051</timestamp>
			</report>
			<report>
				<misses>1123001</misses>
				<total>2</total>
				<timestamp>381.438719</timestamp>
			</report>
			<report>
				<misses>1124001</misses>
				<total>2</total>
				<timestamp>381.778382</timestamp>
			</report>
			<report>
				<misses>1125001</misses>
				<total>2</total>
				<timestamp>382.118036</timestamp>
			</report>
			<report>
				<misses>1126001</misses>
				<total>2</total>
				<timestamp>382.457679</timestamp>
			</report>
			<report>
				<misses>1127001</misses>
				<total>2</total>
				<timestamp>382.797385</timestamp>
			</report>
			<report>
				<misses>1128001</misses>
				<total>2</total>
				<timestamp>383.136996</timestamp>
			</report>
			<report>
				<misses>1129001</misses>
				<total>2</total>
				<timestamp>383.476661</timestamp>
			</report>
			<report>
				<misses>1130001</misses>
				<total>2</total>
				<timestamp>383.816373</timestamp>
			</report>
			<report>
				<misses>1131001</misses>
				<total>2</total>
				<timestamp>384.155985</timestamp>
			</report>
			<report>
				<misses>1132001</misses>
				<total>2</total>
				<timestamp>384.495657</timestamp>
			</report>
			<report>
				<misses>1133001</misses>
				<total>2</total>
				<timestamp>384.835364</timestamp>
			</report>
			<report>
				<misses>1134001</misses>
				<total>2</total>
				<timestamp>385.174977</timestamp>
			</report>
			<report>
				<misses>1135001</misses>
				<total>2</total>
				<timestamp>385.514618</timestamp>
			</report>
			<report>
				<misses>1136001</misses>
				<total>2</total>
				<timestamp>385.854359</timestamp>
			</report>
			<report>
				<misses>1137001</misses>
				<total>2</total>
				<timestamp>386.193944</timestamp>
			</report>
			<report>
				<misses>1138001</misses>
				<total>2</total>
				<timestamp>386.533600</timestamp>
			</report>
			<report>
				<misses>1139001</misses>
				<total>2</total>
				<timestamp>386.873347</timestamp>
			</report>
			<report>
				<misses>1140001</misses>
				<total>2</total>
				<timestamp>387.212987</timestamp>
			</report>
			<report>
				<misses>1141001</misses>
				<total>2</total>
				<timestamp>387.552575</timestamp>
			</report>
			<report>
				<misses>1142001</misses>
				<total>1</total>
				<timestamp>387.892364</timestamp>
			</report>
			<report>
				<misses>1143001</misses>
				<total>2</total>
				<timestamp>388.231904</timestamp>
			</report>
			<report>
				<misses>1144001</misses>
				<total>2</total>
				<timestamp>388.571573</timestamp>
			</report>
			<report>
				<misses>1145001</misses>
				<total>1</total>
				<timestamp>388.911349</timestamp>
			</report>
			<report>
				<misses>1146001</misses>
				<total>2</total>
				<timestamp>389.250900</timestamp>
			</report>
			<report>
				<misses>1147001</misses>
				<total>2</total>
				<timestamp>389.590563</timestamp>
			</report>
			<report>
				<misses>1148001</misses>
				<total>1</total>
				<timestamp>389.930348</timestamp>
			</report>
			<report>
				<misses>1149001</misses>
				<total>2</total>
				<timestamp>390.269857</timestamp>
			</report>
			<report>
				<misses>1150001</misses>
				<total>2</total>
				<timestamp>390.609563</timestamp>
			</report>
			<report>
				<misses>1151001</misses>
				<total>1</total>
				<timestamp>390.949342</timestamp>
			</report>
			<report>
				<misses>1152001</misses>
				<total>2</total>
				<timestamp>391.288847</timestamp>
			</report>
			<report>
				<misses>1153001</misses>
				<total>2</total>
				<timestamp>391.628563</timestamp>
			</report>
			<report>
				<misses>1154001</misses>
				<total>2</total>
				<timestamp>391.968166</timestamp>
			</report>
			<report>
				<misses>1155001</misses>
				<total>2</total>
				<timestamp>392.307853</timestamp>
			</report>
			<report>
				<misses>1156001</misses>
				<total>2</total>
				<timestamp>392.647544</timestamp>
			</report>
			<report>
				<misses>1157001</misses>
				<total>2</total>
				<timestamp>392.987124</timestamp>
			</report>
			<report>
				<misses>1158001</misses>
				<total>2</total>
				<timestamp>393.326793</timestamp>
			</report>
			<report>
				<misses>1159001</misses>
				<total>2</total>
				<timestamp>393.666527</timestamp>
			</report>
			<report>
				<misses>1160001</misses>
				<total>2</total>
				<timestamp>394.006106</timestamp>
			</report>
			<report>
				<misses>1161001</misses>
				<total>2</total>
				<timestamp>394.345782</timestamp>
			</report>
			<report>
				<misses>1162001</misses>
				<total>1</total>
				<timestamp>394.685522</timestamp>
			</report>
			<report>
				<misses>1163001</misses>
				<total>2</total>
				<timestamp>395.025119</timestamp>
			</report>
			<report>
				<misses>1164001</misses>
				<total>2</total>
				<timestamp>395.364745</timestamp>
			</report>
			<report>
				<misses>1165001</misses>
				<total>2</total>
				<timestamp>395.704429</timestamp>
			</report>
			<report>
				<misses>1166001</misses>
				<total>2</total>
				<timestamp>396.044103</timestamp>
			</report>
			<report>
				<misses>1167001</misses>
				<total>2</total>
				<timestamp>396.383740</timestamp>
			</report>
			<report>
				<misses>1168001</misses>
				<total>2</total>
				<timestamp>396.723485</timestamp>
			</report>
			<report>
				<misses>1169001</misses>
				<total>2</total>
				<timestamp>397.063064</timestamp>
			</report>
			<report>
				<misses>1170001</misses>
				<total>2</total>
				<timestamp>397.402718</timestamp>
			</report>
			<report>
				<misses>1171001</misses>
				<total>2</total>
				<timestamp>397.742377</timestamp>
			</report>
			<report>
				<misses>1172001</misses>
				<total>2</total>
				<timestamp>398.082039</timestamp>
			</report>
			<report>
				<misses>1173001</misses>
				<total>2</total>
				<timestamp>398.421721</timestamp>
			</report>
			<report>
				<misses>1174001</misses>
				<total>2</total>
				<timestamp>398.761385</timestamp>
			</report>
			<report>
				<misses>1175001</misses>
				<total>2</total>
				<timestamp>399.101048</timestamp>
			</report>
			<report>
				<misses>1176001</misses>
				<total>2</total>
				<timestamp>399.440665</timestamp>
			</report>
			<report>
				<misses>1177001</misses>
				<total>2</total>
				<timestamp>399.780405</timestamp>
			</report>
			<report>
				<misses>1178001</misses>
				<total>2</total>
				<timestamp>400.119998</timestamp>
			</report>
			<report>
				<misses>1179001</misses>
				<total>2</total>
				<timestamp>400.459668</timestamp>
			</report>
			<report>
				<misses>1180001</misses>
				<total>2</total>
				<timestamp>400.799332</timestamp>
			</report>
			<report>
				<misses>1181001</misses>
				<total>2</total>
				<timestamp>401.139001</timestamp>
			</report>
			<report>
				<misses>1182001</misses>
				<total>2</total>
				<timestamp>401.478642</timestamp>
			</report>
			<report>
				<misses>1183001</misses>
				<total>2</total>
				<timestamp>401.818373</timestamp>
			</report>
			<report>
				<misses>1184001</misses>
				<total>2</total>
				<timestamp>402.158004</timestamp>
			</report>
			<report>
				<misses>1185001</misses>
				<total>2</total>
				<timestamp>402.497649</timestamp>
			</report>
			<report>
				<misses>1186001</misses>
				<total>1</total>
				<timestamp>402.837383</timestamp>
			</report>
			<report>
				<misses>1187001</misses>
				<total>2</total>
				<timestamp>403.176947</timestamp>
			</report>
			<report>
				<misses>1188001</misses>
				<total>2</total>
				<timestamp>403.516590</timestamp>
			</report>
			<report>
				<misses>1189001</misses>
				<total>1</total>
				<timestamp>403.856356</timestamp>
			</report>
			<report>
				<misses>1190001</misses>
				<total>2</total>
				<timestamp>404.195932</timestamp>
			</report>
			<report>
				<misses>1191001</misses>
				<total>2</total>
				<timestamp>404.535615</timestamp>
			</report>
			<report>
				<misses>1192001</misses>
				<total>1</total>
				<timestamp>404.875348</timestamp>
			</report>
			<report>
				<misses>1193001</misses>
				<total>2</total>
				<timestamp>405.214894</timestamp>
			</report>
			<report>
				<misses>1194001</misses>
				<total>2</total>
				<timestamp>405.554552</timestamp>
			</report>
			<report>
				<misses>1195001</misses>
				<total>1</total>
				<timestamp>405.894338</timestamp>
			</report>
			<report>
				<misses>1196001</misses>
				<total>2</total>
				<timestamp>406.233884</timestamp>
			</report>
			<report>
				<misses>1197001</misses>
				<total>2</total>
				<timestamp>406.573527</timestamp>
			</report>
			<report>
				<misses>1198001</misses>
				<total>2</total>
				<timestamp>406.913251</timestamp>
			</report>
			<report>
				<misses>1199001</misses>
				<total>2</total>
				<timestamp>407.252851</timestamp>
			</report>
			<report>
				<misses>1200001</misses>
				<total>2</total>
				<timestamp>407.592521</timestamp>
			</report>
			<report>
				<misses>1201001</misses>
				<total>2</total>
				<timestamp>407.932250</timestamp>
			</report>
			<report>
				<misses>1202001</misses>
				<total>2</total>
				<timestamp>408.271838</timestamp>
			</report>
			<report>
				<misses>1203001</misses>
				<total>2</total>
				<timestamp>408.611495</timestamp>
			</report>
			<report>
				<misses>1204001</misses>
				<total>1</total>
				<timestamp>408.951267</timestamp>
			</report>
			<report>
				<misses>1205001</misses>
				<total>2</total>
				<timestamp>409.290812</timestamp>
			</report>
			<report>
				<misses>1206001</misses>
				<total>2</total>
				<timestamp>409.630463</timestamp>
			</report>
			<report>
				<misses>1207001</misses>
				<total>2</total>
				<timestamp>409.970244</timestamp>
			</report>
			<report>
				<misses>1208001</misses>
				<total>2</total>
				<timestamp>410.309809</timestamp>
			</report>
			<report>
				<misses>1209001</misses>
				<total>2</total>
				<timestamp>410.649465</timestamp>
			</report>
			<report>
				<misses>1210001</misses>
				<total>1</total>
				<timestamp>410.989222</timestamp>
			</report>
			<report>
				<misses>1211001</misses>
				<total>2</total>
				<timestamp>411.328786</timestamp>
			</report>
			<report>
				<misses>1212001</misses>
				<total>2</total>
				<timestamp>411.668458</timestamp>
			</report>
			<report>
				<misses>1213001</misses>
				<total>2</total>
				<timestamp>412.008173</timestamp>
			</report>
			<report>
				<misses>1214001</misses>
				<total>2</total>
				<timestamp>412.347759</timestamp>
			</report>
			<report>
				<misses>1215001</misses>
				<total>2</total>
				<timestamp>412.687415</timestamp>
			</report>
			<report>
				<misses>1216001</misses>
				<total>2</total>
				<timestamp>413.027122</timestamp>
			</report>
			<report>
				<misses>1217001</misses>
				<total>2</total>
				<timestamp>413.366743</timestamp>
			</report>
			<report>
				<misses>1218001</misses>
				<total>2</total>
				<timestamp>413.706397</timestamp>
			</report>
			<report>
				<misses>1219001</misses>
				<total>1</total>
				<timestamp>414.046204</timestamp>
			</report>
			<report>
				<misses>1220001</misses>
				<total>2</total>
				<timestamp>414.385731</timestamp>
			</report>
			<report>
				<misses>1221001</misses>
				<total>2</total>
				<timestamp>414.725425</timestamp>
			</report>
			<report>
				<misses>1222001</misses>
				<total>2</total>
				<timestamp>415.065047</timestamp>
			</report>
			<report>
				<misses>1223001</misses>
				<total>2</total>
				<timestamp>415.404698</timestamp>
			</report>
			<report>
				<misses>1224001</misses>
				<total>2</total>
				<timestamp>415.744422</timestamp>
			</report>
			<report>
				<misses>1225001</misses>
				<total>1</total>
				<timestamp>416.084181</timestamp>
			</report>
			<report>
				<misses>1226001</misses>
				<total>2</total>
				<timestamp>416.423673</timestamp>
			</report>
			<report>
				<misses>1227001</misses>
				<total>2</total>
				<timestamp>416.763405</timestamp>
			</report>
			<report>
				<misses>1228001</misses>
				<total>2</total>
				<timestamp>417.103035</timestamp>
			</report>
			<report>
				<misses>1229001</misses>
				<total>2</total>
				<timestamp>417.442674</timestamp>
			</report>
			<report>
				<misses>1230001</misses>
				<total>1</total>
				<timestamp>417.782414</timestamp>
			</report>
			<report>
				<misses>1231001</misses>
				<total>2</total>
				<timestamp>418.121985</timestamp>
			</report>
			<report>
				<misses>1232001</misses>
				<total>2</total>
				<timestamp>418.461648</timestamp>
			</report>
			<report>
				<misses>1233001</misses>
				<total>1</total>
				<timestamp>418.801398</timestamp>
			</report>
			<report>
				<misses>1234001</misses>
				<total>2</total>
				<timestamp>419.140951</timestamp>
			</report>
			<report>
				<misses>1235001</misses>
				<total>2</total>
				<timestamp>419.480614</timestamp>
			</report>
			<report>
				<misses>1236001</misses>
				<total>1</total>
				<timestamp>419.820396</timestamp>
			</report>
			<report>
				<misses>1237001</misses>
				<total>2</total>
				<timestamp>420.159972</timestamp>
			</report>
			<report>
				<misses>1238001</misses>
				<total>2</total>
				<timestamp>420.499605</timestamp>
			</report>
			<report>
				<misses>1239001</misses>
				<total>1</total>
				<timestamp>420.839368</timestamp>
			</report>
			<report>
				<misses>1240001</misses>
				<total>2</total>
				<timestamp>421.178951</timestamp>
			</report>
			<report>
				<misses>1241001</misses>
				<total>2</total>
				<timestamp>421.518593</timestamp>
			</report>
			<report>
				<misses>1242001</misses>
				<total>1</total>
				<timestamp>421.858371</timestamp>
			</report>
			<report>
				<misses>1243001</misses>
				<total>2</total>
				<timestamp>422.197902</timestamp>
			</report>
			<report>
				<misses>1244001</misses>
				<total>2</total>
				<timestamp>422.537558</timestamp>
			</report>
			<report>
				<misses>1245001</misses>
				<total>2</total>
				<timestamp>422.877287</timestamp>
			</report>
			<report>
				<misses>1246001</misses>
				<total>2</total>
				<timestamp>423.216909</timestamp>
			</report>
			<report>
				<misses>1247001</misses>
				<total>2</total>
				<timestamp>423.556551</timestamp>
			</report>
			<report>
				<misses>1248001</misses>
				<total>2</total>
				<timestamp>423.896254</timestamp>
			</report>
			<report>
				<misses>1249001</misses>
				<total>2</total>
				<timestamp>424.235861</timestamp>
			</report>
			<report>
				<misses>1250001</misses>
				<total>2</total>
				<timestamp>424.575522</timestamp>
			</report>
			<report>
				<misses>1251001</misses>
				<total>2</total>
				<timestamp>424.915223</timestamp>
			</report>
			<report>
				<misses>1252001</misses>
				<total>2</total>
				<timestamp>425.254847</timestamp>
			</report>
			<report>
				<misses>1253001</misses>
				<total>2</total>
				<timestamp>425.594516</timestamp>
			</report>
			<report>
				<misses>1254001</misses>
				<total>1</total>
				<timestamp>425.934238</timestamp>
			</report>
			<report>
				<misses>1255001</misses>
				<total>2</total>
				<timestamp>426.273829</timestamp>
			</report>
			<report>
				<misses>1256001</misses>
				<total>2</total>
				<timestamp>426.613507</timestamp>
			</report>
			<report>
				<misses>1257001</misses>
				<total>2</total>
				<timestamp>426.953210</timestamp>
			</report>
			<report>
				<misses>1258001</misses>
				<total>2</total>
				<timestamp>427.292791</timestamp>
			</report>
			<report>
				<misses>1259001</misses>
				<total>2</total>
				<timestamp>427.632460</timestamp>
			</report>
			<report>
				<misses>1260001</misses>
				<total>1</total>
				<timestamp>427.972206</timestamp>
			</report>
			<report>
				<misses>1261001</misses>
				<total>2</total>
				<timestamp>428.311799</timestamp>
			</report>
			<report>
				<misses>1262001</misses>
				<total>2</total>
				<timestamp>428.651435</timestamp>
			</report>
			<report>
				<misses>1263001</misses>
				<total>2</total>
				<timestamp>428.991155</timestamp>
			</report>
			<report>
				<misses>1264001</misses>
				<total>2</total>
				<timestamp>429.330759</timestamp>
			</report>
			<report>
				<misses>1265001</misses>
				<total>2</total>
				<timestamp>429.670423</timestamp>
			</report>
			<report>
				<misses>1266001</misses>
				<total>1</total>
				<timestamp>430.010192</timestamp>
			</report>
			<report>
				<misses>1267001</misses>
				<total>2</total>
				<timestamp>430.349739</timestamp>
			</report>
			<report>
				<misses>1268001</misses>
				<total>2</total>
				<timestamp>430.689443</timestamp>
			</report>
			<report>
				<misses>1269001</misses>
				<total>2</total>
				<timestamp>431.029138</timestamp>
			</report>
			<report>
				<misses>1270001</misses>
				<total>2</total>
				<timestamp>431.368717</timestamp>
			</report>
			<report>
				<misses>1271001</misses>
				<total>2</total>
				<timestamp>431.708367</timestamp>
			</report>
			<report>
				<misses>1272001</misses>
				<total>2</total>
				<timestamp>432.048070</timestamp>
			</report>
			<report>
				<misses>1273001</misses>
				<total>2</total>
				<timestamp>432.387705</timestamp>
			</report>
			<report>
				<misses>1274001</misses>
				<total>2</total>
				<timestamp>432.727355</timestamp>
			</report>
			<report>
				<misses>1275001</misses>
				<total>2</total>
				<timestamp>433.067065</timestamp>
			</report>
			<report>
				<misses>1276001</misses>
				<total>2</total>
				<timestamp>433.406691</timestamp>
			</report>
			<report>
				<misses>1277001</misses>
				<total>2</total>
				<timestamp>433.746360</timestamp>
			</report>
			<report>
				<misses>1278001</misses>
				<total>2</total>
				<timestamp>434.086061</timestamp>
			</report>
			<report>
				<misses>1279001</misses>
				<total>2</total>
				<timestamp>434.425639</timestamp>
			</report>
			<report>
				<misses>1280001</misses>
				<total>2</total>
				<timestamp>434.765329</timestamp>
			</report>
			<report>
				<misses>1281001</misses>
				<total>2</total>
				<timestamp>435.105032</timestamp>
			</report>
			<report>
				<misses>1282001</misses>
				<total>2</total>
				<timestamp>435.444641</timestamp>
			</report>
			<report>
				<misses>1283001</misses>
				<total>2</total>
				<timestamp>435.784334</timestamp>
			</report>
			<report>
				<misses>1284001</misses>
				<total>1</total>
				<timestamp>436.124049</timestamp>
			</report>
			<report>
				<misses>1285001</misses>
				<total>2</total>
				<timestamp>436.463597</timestamp>
			</report>
			<report>
				<misses>1286001</misses>
				<total>2</total>
				<timestamp>436.803315</timestamp>
			</report>
			<report>
				<misses>1287001</misses>
				<total>1</total>
				<timestamp>437.143046</timestamp>
			</report>
			<report>
				<misses>1288001</misses>
				<total>2</total>
				<timestamp>437.482604</timestamp>
			</report>
			<report>
				<misses>1289001</misses>
				<total>2</total>
				<timestamp>437.822279</timestamp>
			</report>
			<report>
				<misses>1290001</misses>
				<total>2</total>
				<timestamp>438.161970</timestamp>
			</report>
			<report>
				<misses>1291001</misses>
				<total>2</total>
				<timestamp>438.501569</timestamp>
			</report>
			<report>
				<misses>1292001</misses>
				<total>2</total>
				<timestamp>438.841282</timestamp>
			</report>
			<report>
				<misses>1293001</misses>
				<total>2</total>
				<timestamp>439.180940</timestamp>
			</report>
			<report>
				<misses>1294001</misses>
				<total>2</total>
				<timestamp>439.520558</timestamp>
			</report>
			<report>
				<misses>1295001</misses>
				<total>2</total>
				<timestamp>439.860271</timestamp>
			</report>
			<report>
				<misses>1296001</misses>
				<total>1</total>
				<timestamp>440.200031</timestamp>
			</report>
			<report>
				<misses>1297001</misses>
				<total>2</total>
				<timestamp>440.539542</timestamp>
			</report>
			<report>
				<misses>1298001</misses>
				<total>2</total>
				<timestamp>440.879264</timestamp>
			</report>
			<report>
				<misses>1299001</misses>
				<total>2</total>
				<timestamp>441.218881</timestamp>
			</report>
			<report>
				<misses>1300001</misses>
				<total>2</total>
				<timestamp>441.558558</timestamp>
			</report>
			<report>
				<misses>1301001</misses>
				<total>1</total>
				<timestamp>441.898268</timestamp>
			</report>
			<report>
				<misses>1302001</misses>
				<total>2</total>
				<timestamp>442.237846</timestamp>
			</report>
			<report>
				<misses>1303001</misses>
				<total>2</total>
				<timestamp>442.577496</timestamp>
			</report>
			<report>
				<misses>1304001</misses>
				<total>2</total>
				<timestamp>442.917182</timestamp>
			</report>
			<report>
				<misses>1305001</misses>
				<total>2</total>
				<timestamp>443.256828</timestamp>
			</report>
			<report>
				<misses>1306001</misses>
				<total>2</total>
				<timestamp>443.596502</timestamp>
			</report>
			<report>
				<misses>1307001</misses>
				<total>1</total>
				<timestamp>443.936228</timestamp>
			</report>
			<report>
				<misses>1308001</misses>
				<total>2</total>
				<timestamp>444.275834</timestamp>
			</report>
			<report>
				<misses>1309001</misses>
				<total>2</total>
				<timestamp>444.615470</timestamp>
			</report>
			<report>
				<misses>1310001</misses>
				<total>1</total>
				<timestamp>444.955222</timestamp>
			</report>
			<report>
				<misses>1311001</misses>
				<total>2</total>
				<timestamp>445.294831</timestamp>
			</report>
			<report>
				<misses>1312001</misses>
				<total>2</total>
				<timestamp>445.634447</timestamp>
			</report>
			<report>
				<misses>1313001</misses>
				<total>1</total>
				<timestamp>445.974229</timestamp>
			</report>
			<report>
				<misses>1314001</misses>
				<total>2</total>
				<timestamp>446.313782</timestamp>
			</report>
			<report>
				<misses>1315001</misses>
				<total>2</total>
				<timestamp>446.653435</timestamp>
			</report>
			<report>
				<misses>1316001</misses>
				<total>2</total>
				<timestamp>446.993080</timestamp>
			</report>
			<report>
				<misses>1317001</misses>
				<total>2</total>
				<timestamp>447.332761</timestamp>
			</report>
			<report>
				<misses>1318001</misses>
				<total>2</total>
				<timestamp>447.672394</timestamp>
			</report>
			<report>
				<misses>1319001</misses>
				<total>1</total>
				<timestamp>448.012199</timestamp>
			</report>
			<report>
				<misses>1320001</misses>
				<total>2</total>
				<timestamp>448.351723</timestamp>
			</report>
			<report>
				<misses>1321001</misses>
				<total>2</total>
				<timestamp>448.691378</timestamp>
			</report>
			<report>
				<misses>1322001</misses>
				<total>2</total>
				<timestamp>449.031044</timestamp>
			</report>
			<report>
				<misses>1323001</misses>
				<total>2</total>
				<timestamp>449.370706</timestamp>
			</report>
			<report>
				<misses>1324001</misses>
				<total>2</total>
				<timestamp>449.710365</timestamp>
			</report>
			<report>
				<misses>1325001</misses>
				<total>2</total>
				<timestamp>450.050091</timestamp>
			</report>
			<report>
				<misses>1326001</misses>
				<total>2</total>
				<timestamp>450.389673</timestamp>
			</report>
			<report>
				<misses>1327001</misses>
				<total>2</total>
				<timestamp>450.729358</timestamp>
			</report>
			<report>
				<misses>1328001</misses>
				<total>2</total>
				<timestamp>451.069060</timestamp>
			</report>
			<report>
				<misses>1329001</misses>
				<total>2</total>
				<timestamp>451.408677</timestamp>
			</report>
			<report>
				<misses>1330001</misses>
				<total>2</total>
				<timestamp>451.748309</timestamp>
			</report>
			<report>
				<misses>1331001</misses>
				<total>2</total>
				<timestamp>452.088021</timestamp>
			</report>
			<report>
				<misses>1332001</misses>
				<total>2</total>
				<timestamp>452.427628</timestamp>
			</report>
			<report>
				<misses>1333001</misses>
				<total>2</total>
				<timestamp>452.767286</timestamp>
			</report>
			<report>
				<misses>1334001</misses>
				<total>1</total>
				<timestamp>453.107054</timestamp>
			</report>
			<report>
				<misses>1335001</misses>
				<total>2</total>
				<timestamp>453.446621</timestamp>
			</report>
			<report>
				<misses>1336001</misses>
				<total>2</total>
				<timestamp>453.786275</timestamp>
			</report>
			<report>
				<misses>1337001</misses>
				<total>1</total>
				<timestamp>454.126044</timestamp>
			</report>
			<report>
				<misses>1338001</misses>
				<total>2</total>
				<timestamp>454.465599</timestamp>
			</report>
			<report>
				<misses>1339001</misses>
				<total>2</total>
				<timestamp>454.805271</timestamp>
			</report>
			<report>
				<misses>1340001</misses>
				<total>1</total>
				<timestamp>455.145044</timestamp>
			</report>
			<report>
				<misses>1341001</misses>
				<total>2</total>
				<timestamp>455.484582</timestamp>
			</report>
			<report>
				<misses>1342001</misses>
				<total>2</total>
				<timestamp>455.824246</timestamp>
			</report>
			<report>
				<misses>1343001</misses>
				<total>1</total>
				<timestamp>456.164029</timestamp>
			</report>
			<report>
				<misses>1344001</misses>
				<total>2</total>
				<timestamp>456.503547</timestamp>
			</report>
			<report>
				<misses>1345001</misses>
				<total>2</total>
				<timestamp>456.843241</timestamp>
			</report>
			<report>
				<misses>1346001</misses>
				<total>2</total>
				<timestamp>457.182932</timestamp>
			</report>
			<report>
				<misses>1347001</misses>
				<total>2</total>
				<timestamp>457.522545</timestamp>
			</report>
			<report>
				<misses>1348001</misses>
				<total>2</total>
				<timestamp>457.862216</timestamp>
			</report>
			<report>
				<misses>1349001</misses>
				<total>2</total>
				<timestamp>458.201926</timestamp>
			</report>
			<report>
				<misses>1350001</misses>
				<total>2</total>
				<timestamp>458.541532</timestamp>
			</report>
			<report>
				<misses>1351001</misses>
				<total>2</total>
				<timestamp>458.881186</timestamp>
			</report>
			<report>
				<misses>1352001</misses>
				<total>2</total>
				<timestamp>459.220909</timestamp>
			</report>
			<report>
				<misses>1353001</misses>
				<total>2</total>
				<timestamp>459.560487</timestamp>
			</report>
			<report>
				<misses>1354001</misses>
				<total>2</total>
				<timestamp>459.900154</timestamp>
			</report>
			<report>
				<misses>1355001</misses>
				<total>1</total>
				<timestamp>460.239928</timestamp>
			</report>
			<report>
				<misses>1356001</misses>
				<total>2</total>
				<timestamp>460.579495</timestamp>
			</report>
			<report>
				<misses>1357001</misses>
				<total>2</total>
				<timestamp>460.919151</timestamp>
			</report>
			<report>
				<misses>1358001</misses>
				<total>1</total>
				<timestamp>461.258895</timestamp>
			</report>
			<report>
				<misses>1359001</misses>
				<total>2</total>
				<timestamp>461.598463</timestamp>
			</report>
			<report>
				<misses>1360001</misses>
				<total>2</total>
				<timestamp>461.938143</timestamp>
			</report>
			<report>
				<misses>1361001</misses>
				<total>2</total>
				<timestamp>462.277838</timestamp>
			</report>
			<report>
				<misses>1362001</misses>
				<total>2</total>
				<timestamp>462.617508</timestamp>
			</report>
			<report>
				<misses>1363001</misses>
				<total>2</total>
				<timestamp>462.957132</timestamp>
			</report>
			<report>
				<misses>1364001</misses>
				<total>2</total>
				<timestamp>463.296872</timestamp>
			</report>
			<report>
				<misses>1365001</misses>
				<total>2</total>
				<timestamp>463.636443</timestamp>
			</report>
			<report>
				<misses>1366001</misses>
				<total>2</total>
				<timestamp>463.976104</timestamp>
			</report>
			<report>
				<misses>1367001</misses>
				<total>2</total>
				<timestamp>464.315813</timestamp>
			</report>
			<report>
				<misses>1368001</misses>
				<total>2</total>
				<timestamp>464.655432</timestamp>
			</report>
			<report>
				<misses>1369001</misses>
				<total>2</total>
				<timestamp>464.995064</timestamp>
			</report>
			<report>
				<misses>1370001</misses>
				<total>2</total>
				<timestamp>465.334737</timestamp>
			</report>
			<report>
				<misses>1371001</misses>
				<total>2</total>
				<timestamp>465.674366</timestamp>
			</report>
			<report>
				<misses>1372001</misses>
				<total>1</total>
				<timestamp>466.014143</timestamp>
			</report>
			<report>
				<misses>1373001</misses>
				<total>2</total>
				<timestamp>466.353753</timestamp>
			</report>
			<report>
				<misses>1374001</misses>
				<total>2</total>
				<timestamp>466.693376</timestamp>
			</report>
			<report>
				<misses>1375001</misses>
				<total>1</total>
				<timestamp>467.033117</timestamp>
			</report>
			<report>
				<misses>1376001</misses>
				<total>2</total>
				<timestamp>467.372812</timestamp>
			</report>
			<report>
				<misses>1377001</misses>
				<total>2</total>
				<timestamp>467.712343</timestamp>
			</report>
			<report>
				<misses>1378001</misses>
				<total>1</total>
				<timestamp>468.052091</timestamp>
			</report>
			<report>
				<misses>1379001</misses>
				<total>1</total>
				<timestamp>468.391798</timestamp>
			</report>
			<report>
				<misses>1380001</misses>
				<total>2</total>
				<timestamp>468.731334</timestamp>
			</report>
			<report>
				<misses>1381001</misses>
				<total>1</total>
				<timestamp>469.071072</timestamp>
			</report>
			<report>
				<misses>1382001</misses>
				<total>2</total>
				<timestamp>469.410676</timestamp>
			</report>
			<report>
				<misses>1383001</misses>
				<total>2</total>
				<timestamp>469.750317</timestamp>
			</report>
			<report>
				<misses>1384001</misses>
				<total>2</total>
				<timestamp>470.089957</timestamp>
			</report>
			<report>
				<misses>1385001</misses>
				<total>2</total>
				<timestamp>470.429693</timestamp>
			</report>
			<report>
				<misses>1386001</misses>
				<total>2</total>
				<timestamp>470.769311</timestamp>
			</report>
			<report>
				<misses>1387001</misses>
				<total>1</total>
				<timestamp>471.109056</timestamp>
			</report>
			<report>
				<misses>1388001</misses>
				<total>2</total>
				<timestamp>471.448647</timestamp>
			</report>
			<report>
				<misses>1389001</misses>
				<total>2</total>
				<timestamp>471.788311</timestamp>
			</report>
			<report>
				<misses>1390001</misses>
				<total>2</total>
				<timestamp>472.127915</timestamp>
			</report>
			<report>
				<misses>1391001</misses>
				<total>2</total>
				<timestamp>472.467598</timestamp>
			</report>
			<report>
				<misses>1392001</misses>
				<total>2</total>
				<timestamp>472.807231</timestamp>
			</report>
			<report>
				<misses>1393001</misses>
				<total>1</total>
				<timestamp>473.147067</timestamp>
			</report>
			<report>
				<misses>1394001</misses>
				<total>2</total>
				<timestamp>473.486577</timestamp>
			</report>
			<report>
				<misses>1395001</misses>
				<total>2</total>
				<timestamp>473.826225</timestamp>
			</report>
			<report>
				<misses>1396001</misses>
				<total>2</total>
				<timestamp>474.165895</timestamp>
			</report>
			<report>
				<misses>1397001</misses>
				<total>2</total>
				<timestamp>474.505531</timestamp>
			</report>
			<report>
				<misses>1398001</misses>
				<total>2</total>
				<timestamp>474.845247</timestamp>
			</report>
			<report>
				<misses>1399001</misses>
				<total>2</total>
				<timestamp>475.184894</timestamp>
			</report>
			<report>
				<misses>1400001</misses>
				<total>2</total>
				<timestamp>475.524559</timestamp>
			</report>
			<report>
				<misses>1401001</misses>
				<total>2</total>
				<timestamp>475.864184</timestamp>
			</report>
			<report>
				<misses>1402001</misses>
				<total>2</total>
				<timestamp>476.203911</timestamp>
			</report>
			<report>
				<misses>1403001</misses>
				<total>2</total>
				<timestamp>476.543488</timestamp>
			</report>
			<report>
				<misses>1404001</misses>
				<total>2</total>
				<timestamp>476.883149</timestamp>
			</report>
			<report>
				<misses>1405001</misses>
				<total>1</total>
				<timestamp>477.222915</timestamp>
			</report>
			<report>
				<misses>1406001</misses>
				<total>2</total>
				<timestamp>477.562500</timestamp>
			</report>
			<report>
				<misses>1407001</misses>
				<total>2</total>
				<timestamp>477.902137</timestamp>
			</report>
			<report>
				<misses>1408001</misses>
				<total>2</total>
				<timestamp>478.241829</timestamp>
			</report>
			<report>
				<misses>1409001</misses>
				<total>2</total>
				<timestamp>478.581484</timestamp>
			</report>
			<report>
				<misses>1410001</misses>
				<total>2</total>
				<timestamp>478.921118</timestamp>
			</report>
			<report>
				<misses>1411001</misses>
				<total>1</total>
				<timestamp>479.260916</timestamp>
			</report>
			<report>
				<misses>1412001</misses>
				<total>2</total>
				<timestamp>479.600441</timestamp>
			</report>
			<report>
				<misses>1413001</misses>
				<total>2</total>
				<timestamp>479.940133</timestamp>
			</report>
			<report>
				<misses>1414001</misses>
				<total>2</total>
				<timestamp>480.279775</timestamp>
			</report>
			<report>
				<misses>1415001</misses>
				<total>2</total>
				<timestamp>480.619431</timestamp>
			</report>
			<report>
				<misses>1416001</misses>
				<total>2</total>
				<timestamp>480.959111</timestamp>
			</report>
			<report>
				<misses>1417001</misses>
				<total>2</total>
				<timestamp>481.298788</timestamp>
			</report>
			<report>
				<misses>1418001</misses>
				<total>2</total>
				<timestamp>481.638411</timestamp>
			</report>
			<report>
				<misses>1419001</misses>
				<total>2</total>
				<timestamp>481.978072</timestamp>
			</report>
			<report>
				<misses>1420001</misses>
				<total>2</total>
				<timestamp>482.317750</timestamp>
			</report>
			<report>
				<misses>1421001</misses>
				<total>2</total>
				<timestamp>482.657408</timestamp>
			</report>
			<report>
				<misses>1422001</misses>
				<total>2</total>
				<timestamp>482.997024</timestamp>
			</report>
			<report>
				<misses>1423001</misses>
				<total>2</total>
				<timestamp>483.336743</timestamp>
			</report>
			<report>
				<misses>1424001</misses>
				<total>2</total>
				<timestamp>483.676359</timestamp>
			</report>
			<report>
				<misses>1425001</misses>
				<total>2</total>
				<timestamp>484.016035</timestamp>
			</report>
			<report>
				<misses>1426001</misses>
				<total>2</total>
				<timestamp>484.355732</timestamp>
			</report>
			<report>
				<misses>1427001</misses>
				<total>2</total>
				<timestamp>484.695329</timestamp>
			</report>
			<report>
				<misses>1428001</misses>
				<total>2</total>
				<timestamp>485.035007</timestamp>
			</report>
			<report>
				<misses>1429001</misses>
				<total>1</total>
				<timestamp>485.374763</timestamp>
			</report>
			<report>
				<misses>1430001</misses>
				<total>2</total>
				<timestamp>485.714334</timestamp>
			</report>
			<report>
				<misses>1431001</misses>
				<total>2</total>
				<timestamp>486.054006</timestamp>
			</report>
			<report>
				<misses>1432001</misses>
				<total>2</total>
				<timestamp>486.393735</timestamp>
			</report>
			<report>
				<misses>1433001</misses>
				<total>2</total>
				<timestamp>486.733319</timestamp>
			</report>
			<report>
				<misses>1434001</misses>
				<total>2</total>
				<timestamp>487.072956</timestamp>
			</report>
			<report>
				<misses>1435001</misses>
				<total>2</total>
				<timestamp>487.412666</timestamp>
			</report>
			<report>
				<misses>1436001</misses>
				<total>2</total>
				<timestamp>487.752283</timestamp>
			</report>
			<report>
				<misses>1437001</misses>
				<total>2</total>
				<timestamp>488.091939</timestamp>
			</report>
			<report>
				<misses>1438001</misses>
				<total>1</total>
				<timestamp>488.431782</timestamp>
			</report>
			<report>
				<misses>1439001</misses>
				<total>2</total>
				<timestamp>488.771271</timestamp>
			</report>
			<report>
				<misses>1440001</misses>
				<total>2</total>
				<timestamp>489.110939</timestamp>
			</report>
			<report>
				<misses>1441001</misses>
				<total>1</total>
				<timestamp>489.450723</timestamp>
			</report>
			<report>
				<misses>1442001</misses>
				<total>2</total>
				<timestamp>489.790253</timestamp>
			</report>
			<report>
				<misses>1443001</misses>
				<total>2</total>
				<timestamp>490.129939</timestamp>
			</report>
			<report>
				<misses>1444001</misses>
				<total>2</total>
				<timestamp>490.469600</timestamp>
			</report>
			<report>
				<misses>1445001</misses>
				<total>2</total>
				<timestamp>490.809218</timestamp>
			</report>
			<report>
				<misses>1446001</misses>
				<total>2</total>
				<timestamp>491.148893</timestamp>
			</report>
			<report>
				<misses>1447001</misses>
				<total>2</total>
				<timestamp>491.488552</timestamp>
			</report>
			<report>
				<misses>1448001</misses>
				<total>2</total>
				<timestamp>491.828203</timestamp>
			</report>
			<report>
				<misses>1449001</misses>
				<total>2</total>
				<timestamp>492.167934</timestamp>
			</report>
			<report>
				<misses>1450001</misses>
				<total>2</total>
				<timestamp>492.507526</timestamp>
			</report>
			<report>
				<misses>1451001</misses>
				<total>2</total>
				<timestamp>492.847178</timestamp>
			</report>
			<report>
				<misses>1452001</misses>
				<total>1</total>
				<timestamp>493.186922</timestamp>
			</report>
			<report>
				<misses>1453001</misses>
				<total>2</total>
				<timestamp>493.526511</timestamp>
			</report>
			<report>
				<misses>1454001</misses>
				<total>2</total>
				<timestamp>493.866165</timestamp>
			</report>
			<report>
				<misses>1455001</misses>
				<total>2</total>
				<timestamp>494.205895</timestamp>
			</report>
			<report>
				<misses>1456001</misses>
				<total>2</total>
				<timestamp>494.545485</timestamp>
			</report>
			<report>
				<misses>1457001</misses>
				<total>2</total>
				<timestamp>494.885148</timestamp>
			</report>
			<report>
				<misses>1458001</misses>
				<total>1</total>
				<timestamp>495.224944</timestamp>
			</report>
			<report>
				<misses>1459001</misses>
				<total>2</total>
				<timestamp>495.564463</timestamp>
			</report>
			<report>
				<misses>1460001</misses>
				<total>2</total>
				<timestamp>495.904144</timestamp>
			</report>
			<report>
				<misses>1461001</misses>
				<total>2</total>
				<timestamp>496.243801</timestamp>
			</report>
			<report>
				<misses>1462001</misses>
				<total>2</total>
				<timestamp>496.583435</timestamp>
			</report>
			<report>
				<misses>1463001</misses>
				<total>2</total>
				<timestamp>496.923110</timestamp>
			</report>
			<report>
				<misses>1464001</misses>
				<total>2</total>
				<timestamp>497.262778</timestamp>
			</report>
			<report>
				<misses>1465001</misses>
				<total>2</total>
				<timestamp>497.602453</timestamp>
			</report>
			<report>
				<misses>1466001</misses>
				<total>2</total>
				<timestamp>497.942076</timestamp>
			</report>
			<report>
				<misses>1467001</misses>
				<total>1</total>
				<timestamp>498.281847</timestamp>
			</report>
			<report>
				<misses>1468001</misses>
				<total>2</total>
				<timestamp>498.621436</timestamp>
			</report>
			<report>
				<misses>1469001</misses>
				<total>2</total>
				<timestamp>498.961058</timestamp>
			</report>
			<report>
				<misses>1470001</misses>
				<total>2</total>
				<timestamp>499.300756</timestamp>
			</report>
			<report>
				<misses>1471001</misses>
				<total>2</total>
				<timestamp>499.640398</timestamp>
			</report>
			<report>
				<misses>1472001</misses>
				<total>2</total>
				<timestamp>499.980050</timestamp>
			</report>
			<report>
				<misses>1473001</misses>
				<total>2</total>
				<timestamp>500.319768</timestamp>
			</report>
			<report>
				<misses>1474001</misses>
				<total>2</total>
				<timestamp>500.659387</timestamp>
			</report>
			<report>
				<misses>1475001</misses>
				<total>2</total>
				<timestamp>500.999017</timestamp>
			</report>
			<report>
				<misses>1476001</misses>
				<total>2</total>
				<timestamp>501.338724</timestamp>
			</report>
			<report>
				<misses>1477001</misses>
				<total>2</total>
				<timestamp>501.678332</timestamp>
			</report>
			<report>
				<misses>1478001</misses>
				<total>2</total>
				<timestamp>502.018004</timestamp>
			</report>
			<report>
				<misses>1479001</misses>
				<total>1</total>
				<timestamp>502.357751</timestamp>
			</report>
			<report>
				<misses>1480001</misses>
				<total>2</total>
				<timestamp>502.697328</timestamp>
			</report>
			<report>
				<misses>1481001</misses>
				<total>2</total>
				<timestamp>503.036962</timestamp>
			</report>
			<report>
				<misses>1482001</misses>
				<total>1</total>
				<timestamp>503.376738</timestamp>
			</report>
			<report>
				<misses>1483001</misses>
				<total>2</total>
				<timestamp>503.716296</timestamp>
			</report>
			<report>
				<misses>1484001</misses>
				<total>2</total>
				<timestamp>504.055951</timestamp>
			</report>
			<report>
				<misses>1485001</misses>
				<total>2</total>
				<timestamp>504.395645</timestamp>
			</report>
			<report>
				<misses>1486001</misses>
				<total>2</total>
				<timestamp>504.735296</timestamp>
			</report>
			<report>
				<misses>1487001</misses>
				<total>2</total>
				<timestamp>505.074928</timestamp>
			</report>
			<report>
				<misses>1488001</misses>
				<total>2</total>
				<timestamp>505.414617</timestamp>
			</report>
			<report>
				<misses>1489001</misses>
				<total>2</total>
				<timestamp>505.754238</timestamp>
			</report>
			<report>
				<misses>1490001</misses>
				<total>2</total>
				<timestamp>506.093934</timestamp>
			</report>
			<report>
				<misses>1491001</misses>
				<total>2</total>
				<timestamp>506.433621</timestamp>
			</report>
			<report>
				<misses>1492001</misses>
				<total>2</total>
				<timestamp>506.773256</timestamp>
			</report>
			<report>
				<misses>1493001</misses>
				<total>2</total>
				<timestamp>507.112891</timestamp>
			</report>
			<report>
				<misses>1494001</misses>
				<total>2</total>
				<timestamp>507.452615</timestamp>
			</report>
			<report>
				<misses>1495001</misses>
				<total>2</total>
				<timestamp>507.792216</timestamp>
			</report>
			<report>
				<misses>1496001</misses>
				<total>2</total>
				<timestamp>508.131873</timestamp>
			</report>
			<report>
				<misses>1497001</misses>
				<total>2</total>
				<timestamp>508.471612</timestamp>
			</report>
			<report>
				<misses>1498001</misses>
				<total>2</total>
				<timestamp>508.811199</timestamp>
			</report>
			<report>
				<misses>1499001</misses>
				<total>2</total>
				<timestamp>509.150851</timestamp>
			</report>
			<report>
				<misses>1500001</misses>
				<total>1</total>
				<timestamp>509.490626</timestamp>
			</report>
			<report>
				<misses>1501001</misses>
				<total>2</total>
				<timestamp>509.830175</timestamp>
			</report>
			<report>
				<misses>1502001</misses>
				<total>2</total>
				<timestamp>510.169841</timestamp>
			</report>
			<report>
				<misses>1503001</misses>
				<total>1</total>
				<timestamp>510.509596</timestamp>
			</report>
			<report>
				<misses>1504001</misses>
				<total>2</total>
				<timestamp>510.849164</timestamp>
			</report>
			<report>
				<misses>1505001</misses>
				<total>2</total>
				<timestamp>511.188821</timestamp>
			</report>
			<report>
				<misses>1506001</misses>
				<total>1</total>
				<timestamp>511.528573</timestamp>
			</report>
			<report>
				<misses>1507001</misses>
				<total>2</total>
				<timestamp>511.868178</timestamp>
			</report>
			<report>
				<misses>1508001</misses>
				<total>2</total>
				<timestamp>512.207830</timestamp>
			</report>
			<report>
				<misses>1509001</misses>
				<total>1</total>
				<timestamp>512.547608</timestamp>
			</report>
			<report>
				<misses>1510001</misses>
				<total>2</total>
				<timestamp>512.887137</timestamp>
			</report>
			<report>
				<misses>1511001</misses>
				<total>2</total>
				<timestamp>513.226811</timestamp>
			</report>
			<report>
				<misses>1512001</misses>
				<total>1</total>
				<timestamp>513.566578</timestamp>
			</report>
			<report>
				<misses>1513001</misses>
				<total>2</total>
				<timestamp>513.906122</timestamp>
			</report>
			<report>
				<misses>1514001</misses>
				<total>2</total>
				<timestamp>514.245817</timestamp>
			</report>
			<report>
				<misses>1515001</misses>
				<total>1</total>
				<timestamp>514.585565</timestamp>
			</report>
			<report>
				<misses>1516001</misses>
				<total>2</total>
				<timestamp>514.925091</timestamp>
			</report>
			<report>
				<misses>1517001</misses>
				<total>2</total>
				<timestamp>515.264761</timestamp>
			</report>
			<report>
				<misses>1518001</misses>
				<total>1</total>
				<timestamp>515.604538</timestamp>
			</report>
			<report>
				<misses>1519001</misses>
				<total>2</total>
				<timestamp>515.944057</timestamp>
			</report>
			<report>
				<misses>1520001</misses>
				<total>2</total>
				<timestamp>516.283781</timestamp>
			</report>
			<report>
				<misses>1521001</misses>
				<total>2</total>
				<timestamp>516.623458</timestamp>
			</report>
			<report>
				<misses>1522001</misses>
				<total>2</total>
				<timestamp>516.963046</timestamp>
			</report>
			<report>
				<misses>1523001</misses>
				<total>1</total>
				<timestamp>517.302806</timestamp>
			</report>
			<report>
				<misses>1524001</misses>
				<total>2</total>
				<timestamp>517.642369</timestamp>
			</report>
			<report>
				<misses>1525001</misses>
				<total>2</total>
				<timestamp>517.982013</timestamp>
			</report>
			<report>
				<misses>1526001</misses>
				<total>2</total>
				<timestamp>518.321744</timestamp>
			</report>
			<report>
				<misses>1527001</misses>
				<total>2</total>
				<timestamp>518.661347</timestamp>
			</report>
			<report>
				<misses>1528001</misses>
				<total>2</total>
				<timestamp>519.000998</timestamp>
			</report>
			<report>
				<misses>1529001</misses>
				<total>1</total>
				<timestamp>519.340777</timestamp>
			</report>
			<report>
				<misses>1530001</misses>
				<total>2</total>
				<timestamp>519.680325</timestamp>
			</report>
			<report>
				<misses>1531001</misses>
				<total>2</total>
				<timestamp>520.019975</timestamp>
			</report>
			<report>
				<misses>1532001</misses>
				<total>2</total>
				<timestamp>520.359648</timestamp>
			</report>
			<report>
				<misses>1533001</misses>
				<total>2</total>
				<timestamp>520.699338</timestamp>
			</report>
			<report>
				<misses>1534001</misses>
				<total>4</total>
				<timestamp>521.039019</timestamp>
			</report>
			<report>
				<misses>1535001</misses>
				<total>4</total>
				<timestamp>521.378648</timestamp>
			</report>
			<report>
				<misses>1536001</misses>
				<total>4</total>
				<timestamp>521.718270</timestamp>
			</report>
			<report>
				<misses>1537001</misses>
				<total>4</total>
				<timestamp>522.057935</timestamp>
			</report>
			<report>
				<misses>1538001</misses>
				<total>4</total>
				<timestamp>522.397611</timestamp>
			</report>
			<report>
				<misses>1539001</misses>
				<total>4</total>
				<timestamp>522.737279</timestamp>
			</report>
			<report>
				<misses>1540001</misses>
				<total>4</total>
				<timestamp>523.076970</timestamp>
			</report>
			<report>
				<misses>1541001</misses>
				<total>4</total>
				<timestamp>523.416633</timestamp>
			</report>
			<report>
				<misses>1542001</misses>
				<total>4</total>
				<timestamp>523.756367</timestamp>
			</report>
			<report>
				<misses>1543001</misses>
				<total>4</total>
				<timestamp>524.096021</timestamp>
			</report>
			<report>
				<misses>1544001</misses>
				<total>4</total>
				<timestamp>524.435686</timestamp>
			</report>
			<report>
				<misses>1545001</misses>
				<total>4</total>
				<timestamp>524.775220</timestamp>
			</report>
			<report>
				<misses>1546001</misses>
				<total>4</total>
				<timestamp>525.115002</timestamp>
			</report>
			<report>
				<misses>1547001</misses>
				<total>4</total>
				<timestamp>525.454665</timestamp>
			</report>
			<report>
				<misses>1548001</misses>
				<total>4</total>
				<timestamp>525.794331</timestamp>
			</report>
			<report>
				<misses>1549001</misses>
				<total>4</total>
				<timestamp>526.133863</timestamp>
			</report>
			<report>
				<misses>1550001</misses>
				<total>3</total>
				<timestamp>526.473648</timestamp>
			</report>
			<report>
				<misses>1551001</misses>
				<total>4</total>
				<timestamp>526.813174</timestamp>
			</report>
			<report>
				<misses>1552001</misses>
				<total>4</total>
				<timestamp>527.152963</timestamp>
			</report>
			<report>
				<misses>1553001</misses>
				<total>3</total>
				<timestamp>527.492629</timestamp>
			</report>
			<report>
				<misses>1554001</misses>
				<total>4</total>
				<timestamp>527.832168</timestamp>
			</report>
			<report>
				<misses>1555001</misses>
				<total>4</total>
				<timestamp>528.171821</timestamp>
			</report>
			<report>
				<misses>1556001</misses>
				<total>4</total>
				<timestamp>528.511605</timestamp>
			</report>
			<report>
				<misses>1557001</misses>
				<total>4</total>
				<timestamp>528.851144</timestamp>
			</report>
			<report>
				<misses>1558001</misses>
				<total>4</total>
				<timestamp>529.190802</timestamp>
			</report>
			<report>
				<misses>1559001</misses>
				<total>3</total>
				<timestamp>529.530591</timestamp>
			</report>
			<report>
				<misses>1560001</misses>
				<total>4</total>
				<timestamp>529.870127</timestamp>
			</report>
			<report>
				<misses>1561001</misses>
				<total>4</total>
				<timestamp>530.209780</timestamp>
			</report>
			<report>
				<misses>1562001</misses>
				<total>3</total>
				<timestamp>530.549571</timestamp>
			</report>
			<report>
				<misses>1563001</misses>
				<total>4</total>
				<timestamp>530.889105</timestamp>
			</report>
			<report>
				<misses>1564001</misses>
				<total>4</total>
				<timestamp>531.228882</timestamp>
			</report>
			<report>
				<misses>1565001</misses>
				<total>4</total>
				<timestamp>531.568559</timestamp>
			</report>
			<report>
				<misses>1566001</misses>
				<total>4</total>
				<timestamp>531.908086</timestamp>
			</report>
			<report>
				<misses>1567001</misses>
				<total>4</total>
				<timestamp>532.247864</timestamp>
			</report>
			<report>
				<misses>1568001</misses>
				<total>4</total>
				<timestamp>532.587463</timestamp>
			</report>
			<report>
				<misses>1569001</misses>
				<total>4</total>
				<timestamp>532.927066</timestamp>
			</report>
			<report>
				<misses>1570001</misses>
				<total>4</total>
				<timestamp>533.266725</timestamp>
			</report>
			<report>
				<misses>1571001</misses>
				<total>3</total>
				<timestamp>533.606529</timestamp>
			</report>
			<report>
				<misses>1572001</misses>
				<total>4</total>
				<timestamp>533.946039</timestamp>
			</report>
			<report>
				<misses>1573001</misses>
				<total>4</total>
				<timestamp>534.285701</timestamp>
			</report>
			<report>
				<misses>1574001</misses>
				<total>4</total>
				<timestamp>534.625459</timestamp>
			</report>
			<report>
				<misses>1575001</misses>
				<total>4</total>
				<timestamp>534.965025</timestamp>
			</report>
			<report>
				<misses>1576001</misses>
				<total>4</total>
				<timestamp>535.304669</timestamp>
			</report>
			<report>
				<misses>1577001</misses>
				<total>3</total>
				<timestamp>535.644446</timestamp>
			</report>
			<report>
				<misses>1578001</misses>
				<total>4</total>
				<timestamp>535.984034</timestamp>
			</report>
			<report>
				<misses>1579001</misses>
				<total>4</total>
				<timestamp>536.323663</timestamp>
			</report>
			<report>
				<misses>1580001</misses>
				<total>3</total>
				<timestamp>536.663451</timestamp>
			</report>
			<report>
				<misses>1581001</misses>
				<total>4</total>
				<timestamp>537.003015</timestamp>
			</report>
			<report>
				<misses>1582001</misses>
				<total>4</total>
				<timestamp>537.342666</timestamp>
			</report>
			<report>
				<misses>1583001</misses>
				<total>4</total>
				<timestamp>537.682332</timestamp>
			</report>
			<report>
				<misses>1584001</misses>
				<total>4</total>
				<timestamp>538.021957</timestamp>
			</report>
			<report>
				<misses>1585001</misses>
				<total>3</total>
				<timestamp>538.361702</timestamp>
			</report>
			<report>
				<misses>1586001</misses>
				<total>3</total>
				<timestamp>538.701414</timestamp>
			</report>
			<report>
				<misses>1587001</misses>
				<total>4</total>
				<timestamp>539.040944</timestamp>
			</report>
			<report>
				<misses>1588001</misses>
				<total>4</total>
				<timestamp>539.380620</timestamp>
			</report>
			<report>
				<misses>1589001</misses>
				<total>3</total>
				<timestamp>539.720412</timestamp>
			</report>
			<report>
				<misses>1590001</misses>
				<total>4</total>
				<timestamp>540.059931</timestamp>
			</report>
			<report>
				<misses>1591001</misses>
				<total>4</total>
				<timestamp>540.399644</timestamp>
			</report>
			<report>
				<misses>1592001</misses>
				<total>3</total>
				<timestamp>540.739410</timestamp>
			</report>
			<report>
				<misses>1593001</misses>
				<total>4</total>
				<timestamp>541.078899</timestamp>
			</report>
			<report>
				<misses>1594001</misses>
				<total>3</total>
				<timestamp>541.418660</timestamp>
			</report>
			<report>
				<misses>1595001</misses>
				<total>4</total>
				<timestamp>541.758224</timestamp>
			</report>
			<report>
				<misses>1596001</misses>
				<total>4</total>
				<timestamp>542.097872</timestamp>
			</report>
			<report>
				<misses>1597001</misses>
				<total>4</total>
				<timestamp>542.437550</timestamp>
			</report>
			<report>
				<misses>1598001</misses>
				<total>4</total>
				<timestamp>542.777204</timestamp>
			</report>
			<report>
				<misses>1599001</misses>
				<total>4</total>
				<timestamp>543.116863</timestamp>
			</report>
			<report>
				<misses>1600001</misses>
				<total>3</total>
				<timestamp>543.456634</timestamp>
			</report>
			<report>
				<misses>1601001</misses>
				<total>4</total>
				<timestamp>543.796184</timestamp>
			</report>
			<report>
				<misses>1602001</misses>
				<total>4</total>
				<timestamp>544.135845</timestamp>
			</report>
			<report>
				<misses>1603001</misses>
				<total>3</total>
				<timestamp>544.475605</timestamp>
			</report>
			<report>
				<misses>1604001</misses>
				<total>4</total>
				<timestamp>544.815174</timestamp>
			</report>
			<report>
				<misses>1605001</misses>
				<total>4</total>
				<timestamp>545.154807</timestamp>
			</report>
			<report>
				<misses>1606001</misses>
				<total>3</total>
				<timestamp>545.494604</timestamp>
			</report>
			<report>
				<misses>1607001</misses>
				<total>4</total>
				<timestamp>545.834129</timestamp>
			</report>
			<report>
				<misses>1608001</misses>
				<total>4</total>
				<timestamp>546.173807</timestamp>
			</report>
			<report>
				<misses>1609001</misses>
				<total>4</total>
				<timestamp>546.513487</timestamp>
			</report>
			<report>
				<misses>1610001</misses>
				<total>4</total>
				<timestamp>546.853182</timestamp>
			</report>
			<report>
				<misses>1611001</misses>
				<total>4</total>
				<timestamp>547.192772</timestamp>
			</report>
			<report>
				<misses>1612001</misses>
				<total>4</total>
				<timestamp>547.532469</timestamp>
			</report>
			<report>
				<misses>1613001</misses>
				<total>4</total>
				<timestamp>547.872109</timestamp>
			</report>
			<report>
				<misses>1614001</misses>
				<total>4</total>
				<timestamp>548.211777</timestamp>
			</report>
			<report>
				<misses>1615001</misses>
				<total>4</total>
				<timestamp>548.551529</timestamp>
			</report>
			<report>
				<misses>1616001</misses>
				<total>4</total>
				<timestamp>548.891088</timestamp>
			</report>
			<report>
				<misses>1617001</misses>
				<total>4</total>
				<timestamp>549.230730</timestamp>
			</report>
			<report>
				<misses>1618001</misses>
				<total>4</total>
				<timestamp>549.570441</timestamp>
			</report>
			<report>
				<misses>1619001</misses>
				<total>4</total>
				<timestamp>549.910065</timestamp>
			</report>
			<report>
				<misses>1620001</misses>
				<total>4</total>
				<timestamp>550.249704</timestamp>
			</report>
			<report>
				<misses>1621001</misses>
				<total>4</total>
				<timestamp>550.589454</timestamp>
			</report>
			<report>
				<misses>1622001</misses>
				<total>4</total>
				<timestamp>550.929041</timestamp>
			</report>
			<report>
				<misses>1623001</misses>
				<total>4</total>
				<timestamp>551.268713</timestamp>
			</report>
			<report>
				<misses>1624001</misses>
				<total>3</total>
				<timestamp>551.608449</timestamp>
			</report>
			<report>
				<misses>1625001</misses>
				<total>4</total>
				<timestamp>551.948026</timestamp>
			</report>
			<report>
				<misses>1626001</misses>
				<total>4</total>
				<timestamp>552.287689</timestamp>
			</report>
			<report>
				<misses>1627001</misses>
				<total>3</total>
				<timestamp>552.627445</timestamp>
			</report>
			<report>
				<misses>1628001</misses>
				<total>4</total>
				<timestamp>552.967018</timestamp>
			</report>
			<report>
				<misses>1629001</misses>
				<total>4</total>
				<timestamp>553.306675</timestamp>
			</report>
			<report>
				<misses>1630001</misses>
				<total>4</total>
				<timestamp>553.646402</timestamp>
			</report>
			<report>
				<misses>1631001</misses>
				<total>4</total>
				<timestamp>553.985981</timestamp>
			</report>
			<report>
				<misses>1632001</misses>
				<total>4</total>
				<timestamp>554.325651</timestamp>
			</report>
			<report>
				<misses>1633001</misses>
				<total>3</total>
				<timestamp>554.665428</timestamp>
			</report>
			<report>
				<misses>1634001</misses>
				<total>4</total>
				<timestamp>555.004978</timestamp>
			</report>
			<report>
				<misses>1635001</misses>
				<total>4</total>
				<timestamp>555.344623</timestamp>
			</report>
			<report>
				<misses>1636001</misses>
				<total>3</total>
				<timestamp>555.684436</timestamp>
			</report>
			<report>
				<misses>1637001</misses>
				<total>4</total>
				<timestamp>556.023945</timestamp>
			</report>
			<report>
				<misses>1638001</misses>
				<total>4</total>
				<timestamp>556.363623</timestamp>
			</report>
			<report>
				<misses>1639001</misses>
				<total>4</total>
				<timestamp>556.703325</timestamp>
			</report>
			<report>
				<misses>1640001</misses>
				<total>4</total>
				<timestamp>557.042953</timestamp>
			</report>
			<report>
				<misses>1641001</misses>
				<total>4</total>
				<timestamp>557.382596</timestamp>
			</report>
			<report>
				<misses>1642001</misses>
				<total>4</total>
				<timestamp>557.722296</timestamp>
			</report>
			<report>
				<misses>1643001</misses>
				<total>4</total>
				<timestamp>558.061901</timestamp>
			</report>
			<report>
				<misses>1644001</misses>
				<total>4</total>
				<timestamp>558.401607</timestamp>
			</report>
			<report>
				<misses>1645001</misses>
				<total>4</total>
				<timestamp>558.741294</timestamp>
			</report>
			<report>
				<misses>1646001</misses>
				<total>4</total>
				<timestamp>559.080863</timestamp>
			</report>
			<report>
				<misses>1647001</misses>
				<total>4</total>
				<timestamp>559.420539</timestamp>
			</report>
			<report>
				<misses>1648001</misses>
				<total>3</total>
				<timestamp>559.760377</timestamp>
			</report>
			<report>
				<misses>1649001</misses>
				<total>4</total>
				<timestamp>560.099850</timestamp>
			</report>
			<report>
				<misses>1650001</misses>
				<total>4</total>
				<timestamp>560.439520</timestamp>
			</report>
			<report>
				<misses>1651001</misses>
				<total>3</total>
				<timestamp>560.779277</timestamp>
			</report>
			<report>
				<misses>1652001</misses>
				<total>4</total>
				<timestamp>561.118840</timestamp>
			</report>
			<report>
				<misses>1653001</misses>
				<total>4</total>
				<timestamp>561.458540</timestamp>
			</report>
			<report>
				<misses>1654001</misses>
				<total>3</total>
				<timestamp>561.798280</timestamp>
			</report>
			<report>
				<misses>1655001</misses>
				<total>4</total>
				<timestamp>562.137819</timestamp>
			</report>
			<report>
				<misses>1656001</misses>
				<total>4</total>
				<timestamp>562.477519</timestamp>
			</report>
			<report>
				<misses>1657001</misses>
				<total>3</total>
				<timestamp>562.817263</timestamp>
			</report>
			<report>
				<misses>1658001</misses>
				<total>4</total>
				<timestamp>563.156812</timestamp>
			</report>
			<report>
				<misses>1659001</misses>
				<total>3</total>
				<timestamp>563.496592</timestamp>
			</report>
			<report>
				<misses>1660001</misses>
				<total>3</total>
				<timestamp>563.836250</timestamp>
			</report>
			<report>
				<misses>1661001</misses>
				<total>4</total>
				<timestamp>564.175785</timestamp>
			</report>
			<report>
				<misses>1662001</misses>
				<total>4</total>
				<timestamp>564.515444</timestamp>
			</report>
			<report>
				<misses>1663001</misses>
				<total>4</total>
				<timestamp>564.855104</timestamp>
			</report>
			<report>
				<misses>1664001</misses>
				<total>4</total>
				<timestamp>565.194772</timestamp>
			</report>
			<report>
				<misses>1665001</misses>
				<total>4</total>
				<timestamp>565.534471</timestamp>
			</report>
			<report>
				<misses>1666001</misses>
				<total>4</total>
				<timestamp>565.874109</timestamp>
			</report>
			<report>
				<misses>1667001</misses>
				<total>4</total>
				<timestamp>566.213731</timestamp>
			</report>
			<report>
				<misses>1668001</misses>
				<total>4</total>
				<timestamp>566.553467</timestamp>
			</report>
			<report>
				<misses>1669001</misses>
				<total>4</total>
				<timestamp>566.893081</timestamp>
			</report>
			<report>
				<misses>1670001</misses>
				<total>4</total>
				<timestamp>567.232720</timestamp>
			</report>
			<report>
				<misses>1671001</misses>
				<total>3</total>
				<timestamp>567.572479</timestamp>
			</report>
			<report>
				<misses>1672001</misses>
				<total>4</total>
				<timestamp>567.912024</timestamp>
			</report>
			<report>
				<misses>1673001</misses>
				<total>4</total>
				<timestamp>568.251701</timestamp>
			</report>
			<report>
				<misses>1674001</misses>
				<total>4</total>
				<timestamp>568.591383</timestamp>
			</report>
			<report>
				<misses>1675001</misses>
				<total>4</total>
				<timestamp>568.931067</timestamp>
			</report>
			<report>
				<misses>1676001</misses>
				<total>4</total>
				<timestamp>569.270682</timestamp>
			</report>
			<report>
				<misses>1677001</misses>
				<total>3</total>
				<timestamp>569.610450</timestamp>
			</report>
			<report>
				<misses>1678001</misses>
				<total>4</total>
				<timestamp>569.950016</timestamp>
			</report>
			<report>
				<misses>1679001</misses>
				<total>4</total>
				<timestamp>570.289716</timestamp>
			</report>
			<report>
				<misses>1680001</misses>
				<total>3</total>
				<timestamp>570.629454</timestamp>
			</report>
			<report>
				<misses>1681001</misses>
				<total>4</total>
				<timestamp>570.968989</timestamp>
			</report>
			<report>
				<misses>1682001</misses>
				<total>4</total>
				<timestamp>571.308646</timestamp>
			</report>
			<report>
				<misses>1683001</misses>
				<total>4</total>
				<timestamp>571.648351</timestamp>
			</report>
			<report>
				<misses>1684001</misses>
				<total>4</total>
				<timestamp>571.987977</timestamp>
			</report>
			<report>
				<misses>1685001</misses>
				<total>4</total>
				<timestamp>572.327750</timestamp>
			</report>
			<report>
				<misses>1686001</misses>
				<total>4</total>
				<timestamp>572.667404</timestamp>
			</report>
			<report>
				<misses>1687001</misses>
				<total>4</total>
				<timestamp>573.006947</timestamp>
			</report>
			<report>
				<misses>1688001</misses>
				<total>4</total>
				<timestamp>573.346611</timestamp>
			</report>
			<report>
				<misses>1689001</misses>
				<total>4</total>
				<timestamp>573.686387</timestamp>
			</report>
			<report>
				<misses>1690001</misses>
				<total>4</total>
				<timestamp>574.026045</timestamp>
			</report>
			<report>
				<misses>1691001</misses>
				<total>4</total>
				<timestamp>574.365704</timestamp>
			</report>
			<report>
				<misses>1692001</misses>
				<total>4</total>
				<timestamp>574.705363</timestamp>
			</report>
			<report>
				<misses>1693001</misses>
				<total>4</total>
				<timestamp>575.045023</timestamp>
			</report>
			<report>
				<misses>1694001</misses>
				<total>4</total>
				<timestamp>575.384562</timestamp>
			</report>
			<report>
				<misses>1695001</misses>
				<total>3</total>
				<timestamp>575.724345</timestamp>
			</report>
			<report>
				<misses>1696001</misses>
				<total>4</total>
				<timestamp>576.063882</timestamp>
			</report>
			<report>
				<misses>1697001</misses>
				<total>4</total>
				<timestamp>576.403536</timestamp>
			</report>
			<report>
				<misses>1698001</misses>
				<total>3</total>
				<timestamp>576.743323</timestamp>
			</report>
			<report>
				<misses>1699001</misses>
				<total>4</total>
				<timestamp>577.082984</timestamp>
			</report>
			<report>
				<misses>1700001</misses>
				<total>4</total>
				<timestamp>577.422651</timestamp>
			</report>
			<report>
				<misses>1701001</misses>
				<total>3</total>
				<timestamp>577.762303</timestamp>
			</report>
			<report>
				<misses>1702001</misses>
				<total>4</total>
				<timestamp>578.101844</timestamp>
			</report>
			<report>
				<misses>1703001</misses>
				<total>4</total>
				<timestamp>578.441495</timestamp>
			</report>
			<report>
				<misses>1704001</misses>
				<total>3</total>
				<timestamp>578.781314</timestamp>
			</report>
			<report>
				<misses>1705001</misses>
				<total>4</total>
				<timestamp>579.120944</timestamp>
			</report>
			<report>
				<misses>1706001</misses>
				<total>4</total>
				<timestamp>579.460600</timestamp>
			</report>
			<report>
				<misses>1707001</misses>
				<total>4</total>
				<timestamp>579.800139</timestamp>
			</report>
			<report>
				<misses>1708001</misses>
				<total>4</total>
				<timestamp>580.139799</timestamp>
			</report>
			<report>
				<misses>1709001</misses>
				<total>4</total>
				<timestamp>580.479581</timestamp>
			</report>
			<report>
				<misses>1710001</misses>
				<total>4</total>
				<timestamp>580.819249</timestamp>
			</report>
			<report>
				<misses>1711001</misses>
				<total>4</total>
				<timestamp>581.158785</timestamp>
			</report>
			<report>
				<misses>1712001</misses>
				<total>4</total>
				<timestamp>581.498437</timestamp>
			</report>
			<report>
				<misses>1713001</misses>
				<total>4</total>
				<timestamp>581.838226</timestamp>
			</report>
			<report>
				<misses>1714001</misses>
				<total>4</total>
				<timestamp>582.177884</timestamp>
			</report>
			<report>
				<misses>1715001</misses>
				<total>4</total>
				<timestamp>582.517429</timestamp>
			</report>
			<report>
				<misses>1716001</misses>
				<total>4</total>
				<timestamp>582.857211</timestamp>
			</report>
			<report>
				<misses>1717001</misses>
				<total>4</total>
				<timestamp>583.196740</timestamp>
			</report>
			<report>
				<misses>1718001</misses>
				<total>4</total>
				<timestamp>583.536398</timestamp>
			</report>
			<report>
				<misses>1719001</misses>
				<total>4</total>
				<timestamp>583.876183</timestamp>
			</report>
			<report>
				<misses>1720001</misses>
				<total>4</total>
				<timestamp>584.215717</timestamp>
			</report>
			<report>
				<misses>1721001</misses>
				<total>4</total>
				<timestamp>584.555433</timestamp>
			</report>
			<report>
				<misses>1722001</misses>
				<total>4</total>
				<timestamp>584.895134</timestamp>
			</report>
			<report>
				<misses>1723001</misses>
				<total>4</total>
				<timestamp>585.234748</timestamp>
			</report>
			<report>
				<misses>1724001</misses>
				<total>4</total>
				<timestamp>585.574376</timestamp>
			</report>
			<report>
				<misses>1725001</misses>
				<total>3</total>
				<timestamp>585.914149</timestamp>
			</report>
			<report>
				<misses>1726001</misses>
				<total>4</total>
				<timestamp>586.253675</timestamp>
			</report>
			<report>
				<misses>1727001</misses>
				<total>4</total>
				<timestamp>586.593355</timestamp>
			</report>
			<report>
				<misses>1728001</misses>
				<total>3</total>
				<timestamp>586.933127</timestamp>
			</report>
			<report>
				<misses>1729001</misses>
				<total>4</total>
				<timestamp>587.272670</timestamp>
			</report>
			<report>
				<misses>1730001</misses>
				<total>4</total>
				<timestamp>587.612331</timestamp>
			</report>
			<report>
				<misses>1731001</misses>
				<total>3</total>
				<timestamp>587.952111</timestamp>
			</report>
			<report>
				<misses>1732001</misses>
				<total>4</total>
				<timestamp>588.291649</timestamp>
			</report>
			<report>
				<misses>1733001</misses>
				<total>4</total>
				<timestamp>588.631330</timestamp>
			</report>
			<report>
				<misses>1734001</misses>
				<total>3</total>
				<timestamp>588.971118</timestamp>
			</report>
			<report>
				<misses>1735001</misses>
				<total>4</total>
				<timestamp>589.310629</timestamp>
			</report>
			<report>
				<misses>1736001</misses>
				<total>4</total>
				<timestamp>589.650298</timestamp>
			</report>
			<report>
				<misses>1737001</misses>
				<total>3</total>
				<timestamp>589.990090</timestamp>
			</report>
			<report>
				<misses>1738001</misses>
				<total>4</total>
				<timestamp>590.329615</timestamp>
			</report>
			<report>
				<misses>1739001</misses>
				<total>4</total>
				<timestamp>590.669300</timestamp>
			</report>
			<report>
				<misses>1740001</misses>
				<total>4</total>
				<timestamp>591.009027</timestamp>
			</report>
			<report>
				<misses>1741001</misses>
				<total>4</total>
				<timestamp>591.348613</timestamp>
			</report>
			<report>
				<misses>1742001</misses>
				<total>3</total>
				<timestamp>591.688323</timestamp>
			</report>
			<report>
				<misses>1743001</misses>
				<total>4</total>
				<timestamp>592.027884</timestamp>
			</report>
			<report>
				<misses>1744001</misses>
				<total>4</total>
				<timestamp>592.367565</timestamp>
			</report>
			<report>
				<misses>1745001</misses>
				<total>4</total>
				<timestamp>592.707245</timestamp>
			</report>
			<report>
				<misses>1746001</misses>
				<total>4</total>
				<timestamp>593.046878</timestamp>
			</report>
			<report>
				<misses>1747001</misses>
				<total>4</total>
				<timestamp>593.386534</timestamp>
			</report>
			<report>
				<misses>1748001</misses>
				<total>3</total>
				<timestamp>593.726298</timestamp>
			</report>
			<report>
				<misses>1749001</misses>
				<total>4</total>
				<timestamp>594.065851</timestamp>
			</report>
			<report>
				<misses>1750001</misses>
				<total>4</total>
				<timestamp>594.405535</timestamp>
			</report>
			<report>
				<misses>1751001</misses>
				<total>4</total>
				<timestamp>594.745181</timestamp>
			</report>
			<report>
				<misses>1752001</misses>
				<total>4</total>
				<timestamp>595.084897</timestamp>
			</report>
			<report>
				<misses>1753001</misses>
				<total>4</total>
				<timestamp>595.424507</timestamp>
			</report>
			<report>
				<misses>1754001</misses>
				<total>3</total>
				<timestamp>595.764275</timestamp>
			</report>
			<report>
				<misses>1755001</misses>
				<total>4</total>
				<timestamp>596.103830</timestamp>
			</report>
			<report>
				<misses>1756001</misses>
				<total>4</total>
				<timestamp>596.443477</timestamp>
			</report>
			<report>
				<misses>1757001</misses>
				<total>4</total>
				<timestamp>596.783154</timestamp>
			</report>
			<report>
				<misses>1758001</misses>
				<total>4</total>
				<timestamp>597.122803</timestamp>
			</report>
			<report>
				<misses>1759001</misses>
				<total>4</total>
				<timestamp>597.462464</timestamp>
			</report>
			<report>
				<misses>1760001</misses>
				<total>4</total>
				<timestamp>597.802147</timestamp>
			</report>
			<report>
				<misses>1761001</misses>
				<total>4</total>
				<timestamp>598.141781</timestamp>
			</report>
			<report>
				<misses>1762001</misses>
				<total>4</total>
				<timestamp>598.481446</timestamp>
			</report>
			<report>
				<misses>1763001</misses>
				<total>4</total>
				<timestamp>598.821149</timestamp>
			</report>
			<report>
				<misses>1764001</misses>
				<total>4</total>
				<timestamp>599.160761</timestamp>
			</report>
			<report>
				<misses>1765001</misses>
				<total>4</total>
				<timestamp>599.500413</timestamp>
			</report>
			<report>
				<misses>1766001</misses>
				<total>4</total>
				<timestamp>599.840143</timestamp>
			</report>
			<report>
				<misses>1767001</misses>
				<total>4</total>
				<timestamp>600.179738</timestamp>
			</report>
			<report>
				<misses>1768001</misses>
				<total>4</total>
				<timestamp>600.519409</timestamp>
			</report>
			<report>
				<misses>1769001</misses>
				<total>4</total>
				<timestamp>600.859123</timestamp>
			</report>
			<report>
				<misses>1770001</misses>
				<total>4</total>
				<timestamp>601.198747</timestamp>
			</report>
			<report>
				<misses>1771001</misses>
				<total>4</total>
				<timestamp>601.538392</timestamp>
			</report>
			<report>
				<misses>1772001</misses>
				<total>4</total>
				<timestamp>601.878046</timestamp>
			</report>
			<report>
				<misses>1773001</misses>
				<total>4</total>
				<timestamp>602.217722</timestamp>
			</report>
			<report>
				<misses>1774001</misses>
				<total>4</total>
				<timestamp>602.557376</timestamp>
			</report>
			<report>
				<misses>1775001</misses>
				<total>3</total>
				<timestamp>602.897131</timestamp>
			</report>
			<report>
				<misses>1776001</misses>
				<total>4</total>
				<timestamp>603.236681</timestamp>
			</report>
			<report>
				<misses>1777001</misses>
				<total>4</total>
				<timestamp>603.576344</timestamp>
			</report>
			<report>
				<misses>1778001</misses>
				<total>4</total>
				<timestamp>603.916044</timestamp>
			</report>
			<report>
				<misses>1779001</misses>
				<total>4</total>
				<timestamp>604.255643</timestamp>
			</report>
			<report>
				<misses>1780001</misses>
				<total>4</total>
				<timestamp>604.595314</timestamp>
			</report>
			<report>
				<misses>1781001</misses>
				<total>4</total>
				<timestamp>604.934993</timestamp>
			</report>
			<report>
				<misses>1782001</misses>
				<total>4</total>
				<timestamp>605.274692</timestamp>
			</report>
			<report>
				<misses>1783001</misses>
				<total>4</total>
				<timestamp>605.614338</timestamp>
			</report>
			<report>
				<misses>1784001</misses>
				<total>4</total>
				<timestamp>605.954027</timestamp>
			</report>
			<report>
				<misses>1785001</misses>
				<total>4</total>
				<timestamp>606.293616</timestamp>
			</report>
			<report>
				<misses>1786001</misses>
				<total>4</total>
				<timestamp>606.633322</timestamp>
			</report>
			<report>
				<misses>1787001</misses>
				<total>4</total>
				<timestamp>606.972983</timestamp>
			</report>
			<report>
				<misses>1788001</misses>
				<total>4</total>
				<timestamp>607.312595</timestamp>
			</report>
			<report>
				<misses>1789001</misses>
				<total>4</total>
				<timestamp>607.652264</timestamp>
			</report>
			<report>
				<misses>1790001</misses>
				<total>4</total>
				<timestamp>607.991974</timestamp>
			</report>
			<report>
				<misses>1791001</misses>
				<total>4</total>
				<timestamp>608.331576</timestamp>
			</report>
			<report>
				<misses>1792001</misses>
				<total>4</total>
				<timestamp>608.671236</timestamp>
			</report>
			<report>
				<misses>1793001</misses>
				<total>4</total>
				<timestamp>609.010967</timestamp>
			</report>
			<report>
				<misses>1794001</misses>
				<total>4</total>
				<timestamp>609.350549</timestamp>
			</report>
			<report>
				<misses>1795001</misses>
				<total>4</total>
				<timestamp>609.690241</timestamp>
			</report>
			<report>
				<misses>1796001</misses>
				<total>4</total>
				<timestamp>610.029908</timestamp>
			</report>
			<report>
				<misses>1797001</misses>
				<total>4</total>
				<timestamp>610.369548</timestamp>
			</report>
			<report>
				<misses>1798001</misses>
				<total>4</total>
				<timestamp>610.709215</timestamp>
			</report>
			<report>
				<misses>1799001</misses>
				<total>4</total>
				<timestamp>611.048933</timestamp>
			</report>
			<report>
				<misses>1800001</misses>
				<total>4</total>
				<timestamp>611.388518</timestamp>
			</report>
			<report>
				<misses>1801001</misses>
				<total>4</total>
				<timestamp>611.728222</timestamp>
			</report>
			<report>
				<misses>1802001</misses>
				<total>3</total>
				<timestamp>612.067954</timestamp>
			</report>
			<report>
				<misses>1803001</misses>
				<total>4</total>
				<timestamp>612.407497</timestamp>
			</report>
			<report>
				<misses>1804001</misses>
				<total>4</total>
				<timestamp>612.747199</timestamp>
			</report>
			<report>
				<misses>1805001</misses>
				<total>3</total>
				<timestamp>613.086946</timestamp>
			</report>
			<report>
				<misses>1806001</misses>
				<total>4</total>
				<timestamp>613.426507</timestamp>
			</report>
			<report>
				<misses>1807001</misses>
				<total>4</total>
				<timestamp>613.766176</timestamp>
			</report>
			<report>
				<misses>1808001</misses>
				<total>4</total>
				<timestamp>614.105806</timestamp>
			</report>
			<report>
				<misses>1809001</misses>
				<total>4</total>
				<timestamp>614.445465</timestamp>
			</report>
			<report>
				<misses>1810001</misses>
				<total>4</total>
				<timestamp>614.785158</timestamp>
			</report>
			<report>
				<misses>1811001</misses>
				<total>3</total>
				<timestamp>615.124929</timestamp>
			</report>
			<report>
				<misses>1812001</misses>
				<total>4</total>
				<timestamp>615.464468</timestamp>
			</report>
			<report>
				<misses>1813001</misses>
				<total>4</total>
				<timestamp>615.804167</timestamp>
			</report>
			<report>
				<misses>1814001</misses>
				<total>4</total>
				<timestamp>616.143794</timestamp>
			</report>
			<report>
				<misses>1815001</misses>
				<total>4</total>
				<timestamp>616.483417</timestamp>
			</report>
			<report>
				<misses>1816001</misses>
				<total>3</total>
				<timestamp>616.823171</timestamp>
			</report>
			<report>
				<misses>1817001</misses>
				<total>4</total>
				<timestamp>617.162744</timestamp>
			</report>
			<report>
				<misses>1818001</misses>
				<total>4</total>
				<timestamp>617.502385</timestamp>
			</report>
			<report>
				<misses>1819001</misses>
				<total>4</total>
				<timestamp>617.842072</timestamp>
			</report>
			<report>
				<misses>1820001</misses>
				<total>4</total>
				<timestamp>618.181717</timestamp>
			</report>
			<report>
				<misses>1821001</misses>
				<total>4</total>
				<timestamp>618.521387</timestamp>
			</report>
			<report>
				<misses>1822001</misses>
				<total>4</total>
				<timestamp>618.861077</timestamp>
			</report>
			<report>
				<misses>1823001</misses>
				<total>4</total>
				<timestamp>619.200725</timestamp>
			</report>
			<report>
				<misses>1824001</misses>
				<total>4</total>
				<timestamp>619.540359</timestamp>
			</report>
			<report>
				<misses>1825001</misses>
				<total>3</total>
				<timestamp>619.880167</timestamp>
			</report>
			<report>
				<misses>1826001</misses>
				<total>4</total>
				<timestamp>620.219676</timestamp>
			</report>
			<report>
				<misses>1827001</misses>
				<total>4</total>
				<timestamp>620.559359</timestamp>
			</report>
			<report>
				<misses>1828001</misses>
				<total>4</total>
				<timestamp>620.899040</timestamp>
			</report>
			<report>
				<misses>1829001</misses>
				<total>4</total>
				<timestamp>621.238653</timestamp>
			</report>
			<report>
				<misses>1830001</misses>
				<total>4</total>
				<timestamp>621.578332</timestamp>
			</report>
			<report>
				<misses>1831001</misses>
				<total>4</total>
				<timestamp>621.918024</timestamp>
			</report>
			<report>
				<misses>1832001</misses>
				<total>4</total>
				<timestamp>622.257630</timestamp>
			</report>
			<report>
				<misses>1833001</misses>
				<total>4</total>
				<timestamp>622.597313</timestamp>
			</report>
			<report>
				<misses>1834001</misses>
				<total>4</total>
				<timestamp>622.936972</timestamp>
			</report>
			<report>
				<misses>1835001</misses>
				<total>4</total>
				<timestamp>623.276618</timestamp>
			</report>
			<report>
				<misses>1836001</misses>
				<total>4</total>
				<timestamp>623.616301</timestamp>
			</report>
			<report>
				<misses>1837001</misses>
				<total>4</total>
				<timestamp>623.955954</timestamp>
			</report>
			<report>
				<misses>1838001</misses>
				<total>4</total>
				<timestamp>624.295614</timestamp>
			</report>
			<report>
				<misses>1839001</misses>
				<total>4</total>
				<timestamp>624.635301</timestamp>
			</report>
			<report>
				<misses>1840001</misses>
				<total>4</total>
				<timestamp>624.974962</timestamp>
			</report>
			<report>
				<misses>1841001</misses>
				<total>4</total>
				<timestamp>625.314571</timestamp>
			</report>
			<report>
				<misses>1842001</misses>
				<total>4</total>
				<timestamp>625.654254</timestamp>
			</report>
			<report>
				<misses>1843001</misses>
				<total>3</total>
				<timestamp>625.993994</timestamp>
			</report>
			<report>
				<misses>1844001</misses>
				<total>4</total>
				<timestamp>626.333549</timestamp>
			</report>
			<report>
				<misses>1845001</misses>
				<total>4</total>
				<timestamp>626.673209</timestamp>
			</report>
			<report>
				<misses>1846001</misses>
				<total>3</total>
				<timestamp>627.012985</timestamp>
			</report>
			<report>
				<misses>1847001</misses>
				<total>4</total>
				<timestamp>627.352562</timestamp>
			</report>
			<report>
				<misses>1848001</misses>
				<total>4</total>
				<timestamp>627.692207</timestamp>
			</report>
			<report>
				<misses>1849001</misses>
				<total>4</total>
				<timestamp>628.031893</timestamp>
			</report>
			<report>
				<misses>1850001</misses>
				<total>4</total>
				<timestamp>628.371519</timestamp>
			</report>
			<report>
				<misses>1851001</misses>
				<total>4</total>
				<timestamp>628.711170</timestamp>
			</report>
			<report>
				<misses>1852001</misses>
				<total>4</total>
				<timestamp>629.050851</timestamp>
			</report>
			<report>
				<misses>1853001</misses>
				<total>4</total>
				<timestamp>629.390514</timestamp>
			</report>
			<report>
				<misses>1854001</misses>
				<total>4</total>
				<timestamp>629.730162</timestamp>
			</report>
			<report>
				<misses>1855001</misses>
				<total>4</total>
				<timestamp>630.069832</timestamp>
			</report>
			<report>
				<misses>1856001</misses>
				<total>4</total>
				<timestamp>630.409467</timestamp>
			</report>
			<report>
				<misses>1857001</misses>
				<total>4</total>
				<timestamp>630.749162</timestamp>
			</report>
			<report>
				<misses>1858001</misses>
				<total>4</total>
				<timestamp>631.088818</timestamp>
			</report>
			<report>
				<misses>1859001</misses>
				<total>4</total>
				<timestamp>631.428461</timestamp>
			</report>
			<report>
				<misses>1860001</misses>
				<total>4</total>
				<timestamp>631.768115</timestamp>
			</report>
			<report>
				<misses>1861001</misses>
				<total>4</total>
				<timestamp>632.107831</timestamp>
			</report>
			<report>
				<misses>1862001</misses>
				<total>4</total>
				<timestamp>632.447431</timestamp>
			</report>
			<report>
				<misses>1863001</misses>
				<total>4</total>
				<timestamp>632.787108</timestamp>
			</report>
			<report>
				<misses>1864001</misses>
				<total>4</total>
				<timestamp>633.126780</timestamp>
			</report>
			<report>
				<misses>1865001</misses>
				<total>4</total>
				<timestamp>633.466472</timestamp>
			</report>
			<report>
				<misses>1866001</misses>
				<total>4</total>
				<timestamp>633.806085</timestamp>
			</report>
			<report>
				<misses>1867001</misses>
				<total>3</total>
				<timestamp>634.145819</timestamp>
			</report>
			<report>
				<misses>1868001</misses>
				<total>4</total>
				<timestamp>634.485420</timestamp>
			</report>
			<report>
				<misses>1869001</misses>
				<total>4</total>
				<timestamp>634.825060</timestamp>
			</report>
			<report>
				<misses>1870001</misses>
				<total>4</total>
				<timestamp>635.164777</timestamp>
			</report>
			<report>
				<misses>1871001</misses>
				<total>4</total>
				<timestamp>635.504376</timestamp>
			</report>
			<report>
				<misses>1872001</misses>
				<total>4</total>
				<timestamp>635.844037</timestamp>
			</report>
			<report>
				<misses>1873001</misses>
				<total>3</total>
				<timestamp>636.183830</timestamp>
			</report>
			<report>
				<misses>1874001</misses>
				<total>4</total>
				<timestamp>636.523365</timestamp>
			</report>
			<report>
				<misses>1875001</misses>
				<total>4</total>
				<timestamp>636.863041</timestamp>
			</report>
			<report>
				<misses>1876001</misses>
				<total>3</total>
				<timestamp>637.202786</timestamp>
			</report>
			<report>
				<misses>1877001</misses>
				<total>4</total>
				<timestamp>637.542354</timestamp>
			</report>
			<report>
				<misses>1878001</misses>
				<total>4</total>
				<timestamp>637.882031</timestamp>
			</report>
			<report>
				<misses>1879001</misses>
				<total>4</total>
				<timestamp>638.221707</timestamp>
			</report>
			<report>
				<misses>1880001</misses>
				<total>4</total>
				<timestamp>638.561309</timestamp>
			</report>
			<report>
				<misses>1881001</misses>
				<total>4</total>
				<timestamp>638.901010</timestamp>
			</report>
			<report>
				<misses>1882001</misses>
				<total>3</total>
				<timestamp>639.240797</timestamp>
			</report>
			<report>
				<misses>1883001</misses>
				<total>4</total>
				<timestamp>639.580293</timestamp>
			</report>
			<report>
				<misses>1884001</misses>
				<total>4</total>
				<timestamp>639.919947</timestamp>
			</report>
			<report>
				<misses>1885001</misses>
				<total>4</total>
				<timestamp>640.259637</timestamp>
			</report>
			<report>
				<misses>1886001</misses>
				<total>4</total>
				<timestamp>640.599290</timestamp>
			</report>
			<report>
				<misses>1887001</misses>
				<total>4</total>
				<timestamp>640.939000</timestamp>
			</report>
			<report>
				<misses>1888001</misses>
				<total>4</total>
				<timestamp>641.278639</timestamp>
			</report>
			<report>
				<misses>1889001</misses>
				<total>4</total>
				<timestamp>641.618267</timestamp>
			</report>
			<report>
				<misses>1890001</misses>
				<total>4</total>
				<timestamp>641.957949</timestamp>
			</report>
			<report>
				<misses>1891001</misses>
				<total>4</total>
				<timestamp>642.297589</timestamp>
			</report>
			<report>
				<misses>1892001</misses>
				<total>4</total>
				<timestamp>642.637257</timestamp>
			</report>
			<report>
				<misses>1893001</misses>
				<total>3</total>
				<timestamp>642.977017</timestamp>
			</report>
			<report>
				<misses>1894001</misses>
				<total>4</total>
				<timestamp>643.316567</timestamp>
			</report>
			<report>
				<misses>1895001</misses>
				<total>4</total>
				<timestamp>643.656208</timestamp>
			</report>
			<report>
				<misses>1896001</misses>
				<total>4</total>
				<timestamp>643.995888</timestamp>
			</report>
			<report>
				<misses>1897001</misses>
				<total>4</total>
				<timestamp>644.335546</timestamp>
			</report>
			<report>
				<misses>1898001</misses>
				<total>4</total>
				<timestamp>644.675213</timestamp>
			</report>
			<report>
				<misses>1899001</misses>
				<total>3</total>
				<timestamp>645.014992</timestamp>
			</report>
			<report>
				<misses>1900001</misses>
				<total>4</total>
				<timestamp>645.354531</timestamp>
			</report>
			<report>
				<misses>1901001</misses>
				<total>4</total>
				<timestamp>645.694177</timestamp>
			</report>
			<report>
				<misses>1902001</misses>
				<total>4</total>
				<timestamp>646.033867</timestamp>
			</report>
			<report>
				<misses>1903001</misses>
				<total>4</total>
				<timestamp>646.373506</timestamp>
			</report>
			<report>
				<misses>1904001</misses>
				<total>4</total>
				<timestamp>646.713153</timestamp>
			</report>
			<report>
				<misses>1905001</misses>
				<total>4</total>
				<timestamp>647.052888</timestamp>
			</report>
			<report>
				<misses>1906001</misses>
				<total>4</total>
				<timestamp>647.392494</timestamp>
			</report>
			<report>
				<misses>1907001</misses>
				<total>4</total>
				<timestamp>647.732129</timestamp>
			</report>
			<report>
				<misses>1908001</misses>
				<total>4</total>
				<timestamp>648.071847</timestamp>
			</report>
			<report>
				<misses>1909001</misses>
				<total>4</total>
				<timestamp>648.411479</timestamp>
			</report>
			<report>
				<misses>1910001</misses>
				<total>4</total>
				<timestamp>648.751131</timestamp>
			</report>
			<report>
				<misses>1911001</misses>
				<total>4</total>
				<timestamp>649.090803</timestamp>
			</report>
			<report>
				<misses>1912001</misses>
				<total>4</total>
				<timestamp>649.430434</timestamp>
			</report>
			<report>
				<misses>1913001</misses>
				<total>4</total>
				<timestamp>649.770100</timestamp>
			</report>
			<report>
				<misses>1914001</misses>
				<total>3</total>
				<timestamp>650.109848</timestamp>
			</report>
			<report>
				<misses>1915001</misses>
				<total>4</total>
				<timestamp>650.449465</timestamp>
			</report>
			<report>
				<misses>1916001</misses>
				<total>4</total>
				<timestamp>650.789097</timestamp>
			</report>
			<report>
				<misses>1917001</misses>
				<total>4</total>
				<timestamp>651.128778</timestamp>
			</report>
			<report>
				<misses>1918001</misses>
				<total>4</total>
				<timestamp>651.468402</timestamp>
			</report>
			<report>
				<misses>1919001</misses>
				<total>4</total>
				<timestamp>651.808068</timestamp>
			</report>
			<report>
				<misses>1920001</misses>
				<total>3</total>
				<timestamp>652.147807</timestamp>
			</report>
			<report>
				<misses>1921001</misses>
				<total>4</total>
				<timestamp>652.487369</timestamp>
			</report>
			<report>
				<misses>1922001</misses>
				<total>4</total>
				<timestamp>652.827044</timestamp>
			</report>
			<report>
				<misses>1923001</misses>
				<total>4</total>
				<timestamp>653.166722</timestamp>
			</report>
			<report>
				<misses>1924001</misses>
				<total>4</total>
				<timestamp>653.506368</timestamp>
			</report>
			<report>
				<misses>1925001</misses>
				<total>4</total>
				<timestamp>653.846035</timestamp>
			</report>
			<report>
				<misses>1926001</misses>
				<total>3</total>
				<timestamp>654.185795</timestamp>
			</report>
			<report>
				<misses>1927001</misses>
				<total>4</total>
				<timestamp>654.525336</timestamp>
			</report>
			<report>
				<misses>1928001</misses>
				<total>4</total>
				<timestamp>654.865015</timestamp>
			</report>
			<report>
				<misses>1929001</misses>
				<total>4</total>
				<timestamp>655.204650</timestamp>
			</report>
			<report>
				<misses>1930001</misses>
				<total>4</total>
				<timestamp>655.544306</timestamp>
			</report>
			<report>
				<misses>1931001</misses>
				<total>4</total>
				<timestamp>655.883965</timestamp>
			</report>
			<report>
				<misses>1932001</misses>
				<total>4</total>
				<timestamp>656.223666</timestamp>
			</report>
			<report>
				<misses>1933001</misses>
				<total>4</total>
				<timestamp>656.563285</timestamp>
			</report>
			<report>
				<misses>1934001</misses>
				<total>4</total>
				<timestamp>656.902953</timestamp>
			</report>
			<report>
				<misses>1935001</misses>
				<total>4</total>
				<timestamp>657.242685</timestamp>
			</report>
			<report>
				<misses>1936001</misses>
				<total>4</total>
				<timestamp>657.582289</timestamp>
			</report>
			<report>
				<misses>1937001</misses>
				<total>4</total>
				<timestamp>657.921923</timestamp>
			</report>
			<report>
				<misses>1938001</misses>
				<total>4</total>
				<timestamp>658.261692</timestamp>
			</report>
			<report>
				<misses>1939001</misses>
				<total>4</total>
				<timestamp>658.601261</timestamp>
			</report>
			<report>
				<misses>1940001</misses>
				<total>4</total>
				<timestamp>658.940929</timestamp>
			</report>
			<report>
				<misses>1941001</misses>
				<total>4</total>
				<timestamp>659.280649</timestamp>
			</report>
			<report>
				<misses>1942001</misses>
				<total>4</total>
				<timestamp>659.620247</timestamp>
			</report>
			<report>
				<misses>1943001</misses>
				<total>4</total>
				<timestamp>659.959918</timestamp>
			</report>
			<report>
				<misses>1944001</misses>
				<total>3</total>
				<timestamp>660.299660</timestamp>
			</report>
			<report>
				<misses>1945001</misses>
				<total>4</total>
				<timestamp>660.639210</timestamp>
			</report>
			<report>
				<misses>1946001</misses>
				<total>4</total>
				<timestamp>660.978904</timestamp>
			</report>
			<report>
				<misses>1947001</misses>
				<total>4</total>
				<timestamp>661.318559</timestamp>
			</report>
			<report>
				<misses>1948001</misses>
				<total>4</total>
				<timestamp>661.658200</timestamp>
			</report>
			<report>
				<misses>1949001</misses>
				<total>4</total>
				<timestamp>661.997887</timestamp>
			</report>
			<report>
				<misses>1950001</misses>
				<total>4</total>
				<timestamp>662.337532</timestamp>
			</report>
			<report>
				<misses>1951001</misses>
				<total>4</total>
				<timestamp>662.677180</timestamp>
			</report>
			<report>
				<misses>1952001</misses>
				<total>4</total>
				<timestamp>663.016871</timestamp>
			</report>
			<report>
				<misses>1953001</misses>
				<total>4</total>
				<timestamp>663.356515</timestamp>
			</report>
			<report>
				<misses>1954001</misses>
				<total>4</total>
				<timestamp>663.696196</timestamp>
			</report>
			<report>
				<misses>1955001</misses>
				<total>4</total>
				<timestamp>664.035860</timestamp>
			</report>
			<report>
				<misses>1956001</misses>
				<total>4</total>
				<timestamp>664.375497</timestamp>
			</report>
			<report>
				<misses>1957001</misses>
				<total>5</total>
				<timestamp>664.715140</timestamp>
			</report>
			<report>
				<misses>1958001</misses>
				<total>5</total>
				<timestamp>665.054870</timestamp>
			</report>
			<report>
				<misses>1959001</misses>
				<total>5</total>
				<timestamp>665.394463</timestamp>
			</report>
			<report>
				<misses>1960001</misses>
				<total>4</total>
				<timestamp>665.734289</timestamp>
			</report>
			<report>
				<misses>1961001</misses>
				<total>4</total>
				<timestamp>666.073869</timestamp>
			</report>
			<report>
				<misses>1962001</misses>
				<total>5</total>
				<timestamp>666.413438</timestamp>
			</report>
			<report>
				<misses>1963001</misses>
				<total>5</total>
				<timestamp>666.753113</timestamp>
			</report>
			<report>
				<misses>1964001</misses>
				<total>4</total>
				<timestamp>667.092851</timestamp>
			</report>
			<report>
				<misses>1965001</misses>
				<total>5</total>
				<timestamp>667.432443</timestamp>
			</report>
			<report>
				<misses>1966001</misses>
				<total>5</total>
				<timestamp>667.772104</timestamp>
			</report>
			<report>
				<misses>1967001</misses>
				<total>4</total>
				<timestamp>668.111841</timestamp>
			</report>
			<report>
				<misses>1968001</misses>
				<total>5</total>
				<timestamp>668.451435</timestamp>
			</report>
			<report>
				<misses>1969001</misses>
				<total>5</total>
				<timestamp>668.791063</timestamp>
			</report>
			<report>
				<misses>1970001</misses>
				<total>5</total>
				<timestamp>669.130786</timestamp>
			</report>
			<report>
				<misses>1971001</misses>
				<total>5</total>
				<timestamp>669.470413</timestamp>
			</report>
			<report>
				<misses>1972001</misses>
				<total>5</total>
				<timestamp>669.810042</timestamp>
			</report>
			<report>
				<misses>1973001</misses>
				<total>5</total>
				<timestamp>670.149717</timestamp>
			</report>
			<report>
				<misses>1974001</misses>
				<total>5</total>
				<timestamp>670.489370</timestamp>
			</report>
			<report>
				<misses>1975001</misses>
				<total>5</total>
				<timestamp>670.829014</timestamp>
			</report>
			<report>
				<misses>1976001</misses>
				<total>5</total>
				<timestamp>671.168695</timestamp>
			</report>
			<report>
				<misses>1977001</misses>
				<total>5</total>
				<timestamp>671.508327</timestamp>
			</report>
			<report>
				<misses>1978001</misses>
				<total>5</total>
				<timestamp>671.848014</timestamp>
			</report>
			<report>
				<misses>1979001</misses>
				<total>5</total>
				<timestamp>672.187698</timestamp>
			</report>
			<report>
				<misses>1980001</misses>
				<total>5</total>
				<timestamp>672.527308</timestamp>
			</report>
			<report>
				<misses>1981001</misses>
				<total>5</total>
				<timestamp>672.866968</timestamp>
			</report>
			<report>
				<misses>1982001</misses>
				<total>5</total>
				<timestamp>673.206688</timestamp>
			</report>
			<report>
				<misses>1983001</misses>
				<total>5</total>
				<timestamp>673.546293</timestamp>
			</report>
			<report>
				<misses>1984001</misses>
				<total>5</total>
				<timestamp>673.885986</timestamp>
			</report>
			<report>
				<misses>1985001</misses>
				<total>5</total>
				<timestamp>674.225691</timestamp>
			</report>
			<report>
				<misses>1986001</misses>
				<total>5</total>
				<timestamp>674.565299</timestamp>
			</report>
			<report>
				<misses>1987001</misses>
				<total>5</total>
				<timestamp>674.904949</timestamp>
			</report>
			<report>
				<misses>1988001</misses>
				<total>5</total>
				<timestamp>675.244658</timestamp>
			</report>
			<report>
				<misses>1989001</misses>
				<total>5</total>
				<timestamp>675.584289</timestamp>
			</report>
			<report>
				<misses>1990001</misses>
				<total>5</total>
				<timestamp>675.923951</timestamp>
			</report>
			<report>
				<misses>1991001</misses>
				<total>4</total>
				<timestamp>676.263664</timestamp>
			</report>
			<report>
				<misses>1992001</misses>
				<total>5</total>
				<timestamp>676.603285</timestamp>
			</report>
			<report>
				<misses>1993001</misses>
				<total>5</total>
				<timestamp>676.942903</timestamp>
			</report>
			<report>
				<misses>1994001</misses>
				<total>4</total>
				<timestamp>677.282652</timestamp>
			</report>
			<report>
				<misses>1995001</misses>
				<total>5</total>
				<timestamp>677.622215</timestamp>
			</report>
			<report>
				<misses>1996001</misses>
				<total>5</total>
				<timestamp>677.961870</timestamp>
			</report>
			<report>
				<misses>1997001</misses>
				<total>4</total>
				<timestamp>678.301667</timestamp>
			</report>
			<report>
				<misses>1998001</misses>
				<total>5</total>
				<timestamp>678.641192</timestamp>
			</report>
			<report>
				<misses>1999001</misses>
				<total>5</total>
				<timestamp>678.980888</timestamp>
			</report>
			<report>
				<misses>2000001</misses>
				<total>5</total>
				<timestamp>679.320540</timestamp>
			</report>
			<report>
				<misses>2001001</misses>
				<total>5</total>
				<timestamp>679.660170</timestamp>
			</report>
			<report>
				<misses>2002001</misses>
				<total>5</total>
				<timestamp>679.999848</timestamp>
			</report>
			<report>
				<misses>2003001</misses>
				<total>5</total>
				<timestamp>680.339537</timestamp>
			</report>
			<report>
				<misses>2004001</misses>
				<total>5</total>
				<timestamp>680.679150</timestamp>
			</report>
			<report>
				<misses>2005001</misses>
				<total>5</total>
				<timestamp>681.018852</timestamp>
			</report>
			<report>
				<misses>2006001</misses>
				<total>5</total>
				<timestamp>681.358483</timestamp>
			</report>
			<report>
				<misses>2007001</misses>
				<total>5</total>
				<timestamp>681.698143</timestamp>
			</report>
			<report>
				<misses>2008001</misses>
				<total>5</total>
				<timestamp>682.037818</timestamp>
			</report>
			<report>
				<misses>2009001</misses>
				<total>5</total>
				<timestamp>682.377470</timestamp>
			</report>
			<report>
				<misses>2010001</misses>
				<total>5</total>
				<timestamp>682.717136</timestamp>
			</report>
			<report>
				<misses>2011001</misses>
				<total>5</total>
				<timestamp>683.056834</timestamp>
			</report>
			<report>
				<misses>2012001</misses>
				<total>5</total>
				<timestamp>683.396513</timestamp>
			</report>
			<report>
				<misses>2013001</misses>
				<total>5</total>
				<timestamp>683.736088</timestamp>
			</report>
			<report>
				<misses>2014001</misses>
				<total>5</total>
				<timestamp>684.075760</timestamp>
			</report>
			<report>
				<misses>2015001</misses>
				<total>4</total>
				<timestamp>684.415585</timestamp>
			</report>
			<report>
				<misses>2016001</misses>
				<total>5</total>
				<timestamp>684.755080</timestamp>
			</report>
			<report>
				<misses>2017001</misses>
				<total>5</total>
				<timestamp>685.094737</timestamp>
			</report>
			<report>
				<misses>2018001</misses>
				<total>5</total>
				<timestamp>685.434482</timestamp>
			</report>
			<report>
				<misses>2019001</misses>
				<total>5</total>
				<timestamp>685.774068</timestamp>
			</report>
			<report>
				<misses>2020001</misses>
				<total>5</total>
				<timestamp>686.113731</timestamp>
			</report>
			<report>
				<misses>2021001</misses>
				<total>5</total>
				<timestamp>686.453462</timestamp>
			</report>
			<report>
				<misses>2022001</misses>
				<total>5</total>
				<timestamp>686.793035</timestamp>
			</report>
			<report>
				<misses>2023001</misses>
				<total>5</total>
				<timestamp>687.132713</timestamp>
			</report>
			<report>
				<misses>2024001</misses>
				<total>4</total>
				<timestamp>687.472486</timestamp>
			</report>
			<report>
				<misses>2025001</misses>
				<total>5</total>
				<timestamp>687.812010</timestamp>
			</report>
			<report>
				<misses>2026001</misses>
				<total>5</total>
				<timestamp>688.151727</timestamp>
			</report>
			<report>
				<misses>2027001</misses>
				<total>4</total>
				<timestamp>688.491497</timestamp>
			</report>
			<report>
				<misses>2028001</misses>
				<total>5</total>
				<timestamp>688.830994</timestamp>
			</report>
			<report>
				<misses>2029001</misses>
				<total>5</total>
				<timestamp>689.170707</timestamp>
			</report>
			<report>
				<misses>2030001</misses>
				<total>5</total>
				<timestamp>689.510350</timestamp>
			</report>
			<report>
				<misses>2031001</misses>
				<total>5</total>
				<timestamp>689.849983</timestamp>
			</report>
			<report>
				<misses>2032001</misses>
				<total>5</total>
				<timestamp>690.189644</timestamp>
			</report>
			<report>
				<misses>2033001</misses>
				<total>5</total>
				<timestamp>690.529314</timestamp>
			</report>
			<report>
				<misses>2034001</misses>
				<total>5</total>
				<timestamp>690.868952</timestamp>
			</report>
			<report>
				<misses>2035001</misses>
				<total>4</total>
				<timestamp>691.208709</timestamp>
			</report>
			<report>
				<misses>2036001</misses>
				<total>5</total>
				<timestamp>691.548295</timestamp>
			</report>
			<report>
				<misses>2037001</misses>
				<total>5</total>
				<timestamp>691.887950</timestamp>
			</report>
			<report>
				<misses>2038001</misses>
				<total>4</total>
				<timestamp>692.227683</timestamp>
			</report>
			<report>
				<misses>2039001</misses>
				<total>5</total>
				<timestamp>692.567251</timestamp>
			</report>
			<report>
				<misses>2040001</misses>
				<total>5</total>
				<timestamp>692.906928</timestamp>
			</report>
			<report>
				<misses>2041001</misses>
				<total>4</total>
				<timestamp>693.246665</timestamp>
			</report>
			<report>
				<misses>2042001</misses>
				<total>5</total>
				<timestamp>693.586248</timestamp>
			</report>
			<report>
				<misses>2043001</misses>
				<total>5</total>
				<timestamp>693.925910</timestamp>
			</report>
			<report>
				<misses>2044001</misses>
				<total>4</total>
				<timestamp>694.265692</timestamp>
			</report>
			<report>
				<misses>2045001</misses>
				<total>5</total>
				<timestamp>694.605246</timestamp>
			</report>
			<report>
				<misses>2046001</misses>
				<total>5</total>
				<timestamp>694.944914</timestamp>
			</report>
			<report>
				<misses>2047001</misses>
				<total>5</total>
				<timestamp>695.284561</timestamp>
			</report>
			<report>
				<misses>2048001</misses>
				<total>5</total>
				<timestamp>695.624215</timestamp>
			</report>
			<report>
				<misses>2049001</misses>
				<total>5</total>
				<timestamp>695.963883</timestamp>
			</report>
			<report>
				<misses>2050001</misses>
				<total>5</total>
				<timestamp>696.303538</timestamp>
			</report>
			<report>
				<misses>2051001</misses>
				<total>5</total>
				<timestamp>696.643188</timestamp>
			</report>
			<report>
				<misses>2052001</misses>
				<total>5</total>
				<timestamp>696.982848</timestamp>
			</report>
			<report>
				<misses>2053001</misses>
				<total>5</total>
				<timestamp>697.322546</timestamp>
			</report>
			<report>
				<misses>2054001</misses>
				<total>5</total>
				<timestamp>697.662168</timestamp>
			</report>
			<report>
				<misses>2055001</misses>
				<total>5</total>
				<timestamp>698.001817</timestamp>
			</report>
			<report>
				<misses>2056001</misses>
				<total>5</total>
				<timestamp>698.341514</timestamp>
			</report>
			<report>
				<misses>2057001</misses>
				<total>5</total>
				<timestamp>698.681132</timestamp>
			</report>
			<report>
				<misses>2058001</misses>
				<total>5</total>
				<timestamp>699.020799</timestamp>
			</report>
			<report>
				<misses>2059001</misses>
				<total>5</total>
				<timestamp>699.360467</timestamp>
			</report>
			<report>
				<misses>2060001</misses>
				<total>5</total>
				<timestamp>699.700143</timestamp>
			</report>
			<report>
				<misses>2061001</misses>
				<total>5</total>
				<timestamp>700.039784</timestamp>
			</report>
			<report>
				<misses>2062001</misses>
				<total>4</total>
				<timestamp>700.379532</timestamp>
			</report>
			<report>
				<misses>2063001</misses>
				<total>5</total>
				<timestamp>700.719100</timestamp>
			</report>
			<report>
				<misses>2064001</misses>
				<total>5</total>
				<timestamp>701.058767</timestamp>
			</report>
			<report>
				<misses>2065001</misses>
				<total>4</total>
				<timestamp>701.398530</timestamp>
			</report>
			<report>
				<misses>2066001</misses>
				<total>5</total>
				<timestamp>701.738087</timestamp>
			</report>
			<report>
				<misses>2067001</misses>
				<total>5</total>
				<timestamp>702.077807</timestamp>
			</report>
			<report>
				<misses>2068001</misses>
				<total>4</total>
				<timestamp>702.417506</timestamp>
			</report>
			<report>
				<misses>2069001</misses>
				<total>5</total>
				<timestamp>702.757060</timestamp>
			</report>
			<report>
				<misses>2070001</misses>
				<total>5</total>
				<timestamp>703.096716</timestamp>
			</report>
			<report>
				<misses>2071001</misses>
				<total>5</total>
				<timestamp>703.436465</timestamp>
			</report>
			<report>
				<misses>2072001</misses>
				<total>5</total>
				<timestamp>703.776039</timestamp>
			</report>
			<report>
				<misses>2073001</misses>
				<total>5</total>
				<timestamp>704.115735</timestamp>
			</report>
			<report>
				<misses>2074001</misses>
				<total>5</total>
				<timestamp>704.455397</timestamp>
			</report>
			<report>
				<misses>2075001</misses>
				<total>5</total>
				<timestamp>704.795011</timestamp>
			</report>
			<report>
				<misses>2076001</misses>
				<total>5</total>
				<timestamp>705.134674</timestamp>
			</report>
			<report>
				<misses>2077001</misses>
				<total>4</total>
				<timestamp>705.474480</timestamp>
			</report>
			<report>
				<misses>2078001</misses>
				<total>5</total>
				<timestamp>705.813989</timestamp>
			</report>
			<report>
				<misses>2079001</misses>
				<total>5</total>
				<timestamp>706.153668</timestamp>
			</report>
			<report>
				<misses>2080001</misses>
				<total>5</total>
				<timestamp>706.493405</timestamp>
			</report>
			<report>
				<misses>2081001</misses>
				<total>5</total>
				<timestamp>706.832977</timestamp>
			</report>
			<report>
				<misses>2082001</misses>
				<total>5</total>
				<timestamp>707.172640</timestamp>
			</report>
			<report>
				<misses>2083001</misses>
				<total>4</total>
				<timestamp>707.512428</timestamp>
			</report>
			<report>
				<misses>2084001</misses>
				<total>5</total>
				<timestamp>707.851956</timestamp>
			</report>
			<report>
				<misses>2085001</misses>
				<total>5</total>
				<timestamp>708.191691</timestamp>
			</report>
			<report>
				<misses>2086001</misses>
				<total>5</total>
				<timestamp>708.531333</timestamp>
			</report>
			<report>
				<misses>2087001</misses>
				<total>5</total>
				<timestamp>708.870957</timestamp>
			</report>
			<report>
				<misses>2088001</misses>
				<total>5</total>
				<timestamp>709.210622</timestamp>
			</report>
			<report>
				<misses>2089001</misses>
				<total>5</total>
				<timestamp>709.550345</timestamp>
			</report>
			<report>
				<misses>2090001</misses>
				<total>5</total>
				<timestamp>709.889931</timestamp>
			</report>
			<report>
				<misses>2091001</misses>
				<total>5</total>
				<timestamp>710.229591</timestamp>
			</report>
			<report>
				<misses>2092001</misses>
				<total>4</total>
				<timestamp>710.569347</timestamp>
			</report>
			<report>
				<misses>2093001</misses>
				<total>5</total>
				<timestamp>710.908884</timestamp>
			</report>
			<report>
				<misses>2094001</misses>
				<total>5</total>
				<timestamp>711.248573</timestamp>
			</report>
			<report>
				<misses>2095001</misses>
				<total>5</total>
				<timestamp>711.588300</timestamp>
			</report>
			<report>
				<misses>2096001</misses>
				<total>5</total>
				<timestamp>711.927872</timestamp>
			</report>
			<report>
				<misses>2097001</misses>
				<total>5</total>
				<timestamp>712.267585</timestamp>
			</report>
			<report>
				<misses>2098001</misses>
				<total>4</total>
				<timestamp>712.607323</timestamp>
			</report>
			<report>
				<misses>2099001</misses>
				<total>5</total>
				<timestamp>712.946881</timestamp>
			</report>
			<report>
				<misses>2100001</misses>
				<total>5</total>
				<timestamp>713.286532</timestamp>
			</report>
			<report>
				<misses>2101001</misses>
				<total>5</total>
				<timestamp>713.626198</timestamp>
			</report>
			<report>
				<misses>2102001</misses>
				<total>5</total>
				<timestamp>713.965854</timestamp>
			</report>
			<report>
				<misses>2103001</misses>
				<total>5</total>
				<timestamp>714.305559</timestamp>
			</report>
			<report>
				<misses>2104001</misses>
				<total>5</total>
				<timestamp>714.645170</timestamp>
			</report>
			<report>
				<misses>2105001</misses>
				<total>5</total>
				<timestamp>714.984845</timestamp>
			</report>
			<report>
				<misses>2106001</misses>
				<total>5</total>
				<timestamp>715.324483</timestamp>
			</report>
			<report>
				<misses>2107001</misses>
				<total>5</total>
				<timestamp>715.664155</timestamp>
			</report>
			<report>
				<misses>2108001</misses>
				<total>5</total>
				<timestamp>716.003780</timestamp>
			</report>
			<report>
				<misses>2109001</misses>
				<total>5</total>
				<timestamp>716.343463</timestamp>
			</report>
			<report>
				<misses>2110001</misses>
				<total>4</total>
				<timestamp>716.683241</timestamp>
			</report>
			<report>
				<misses>2111001</misses>
				<total>5</total>
				<timestamp>717.022770</timestamp>
			</report>
			<report>
				<misses>2112001</misses>
				<total>4</total>
				<timestamp>717.362533</timestamp>
			</report>
			<report>
				<misses>2113001</misses>
				<total>5</total>
				<timestamp>717.702098</timestamp>
			</report>
			<report>
				<misses>2114001</misses>
				<total>5</total>
				<timestamp>718.041763</timestamp>
			</report>
			<report>
				<misses>2115001</misses>
				<total>4</total>
				<timestamp>718.381520</timestamp>
			</report>
			<report>
				<misses>2116001</misses>
				<total>5</total>
				<timestamp>718.721138</timestamp>
			</report>
			<report>
				<misses>2117001</misses>
				<total>5</total>
				<timestamp>719.060728</timestamp>
			</report>
			<report>
				<misses>2118001</misses>
				<total>5</total>
				<timestamp>719.400405</timestamp>
			</report>
			<report>
				<misses>2119001</misses>
				<total>5</total>
				<timestamp>719.740085</timestamp>
			</report>
			<report>
				<misses>2120001</misses>
				<total>4</total>
				<timestamp>720.079827</timestamp>
			</report>
			<report>
				<misses>2121001</misses>
				<total>5</total>
				<timestamp>720.419399</timestamp>
			</report>
			<report>
				<misses>2122001</misses>
				<total>5</total>
				<timestamp>720.759030</timestamp>
			</report>
			<report>
				<misses>2123001</misses>
				<total>5</total>
				<timestamp>721.098709</timestamp>
			</report>
			<report>
				<misses>2124001</misses>
				<total>5</total>
				<timestamp>721.438391</timestamp>
			</report>
			<report>
				<misses>2125001</misses>
				<total>5</total>
				<timestamp>721.778044</timestamp>
			</report>
			<report>
				<misses>2126001</misses>
				<total>5</total>
				<timestamp>722.117679</timestamp>
			</report>
			<report>
				<misses>2127001</misses>
				<total>5</total>
				<timestamp>722.457374</timestamp>
			</report>
			<report>
				<misses>2128001</misses>
				<total>5</total>
				<timestamp>722.796997</timestamp>
			</report>
			<report>
				<misses>2129001</misses>
				<total>5</total>
				<timestamp>723.136666</timestamp>
			</report>
			<report>
				<misses>2130001</misses>
				<total>5</total>
				<timestamp>723.476400</timestamp>
			</report>
			<report>
				<misses>2131001</misses>
				<total>5</total>
				<timestamp>723.816021</timestamp>
			</report>
			<report>
				<misses>2132001</misses>
				<total>5</total>
				<timestamp>724.155644</timestamp>
			</report>
			<report>
				<misses>2133001</misses>
				<total>5</total>
				<timestamp>724.495356</timestamp>
			</report>
			<report>
				<misses>2134001</misses>
				<total>5</total>
				<timestamp>724.834975</timestamp>
			</report>
			<report>
				<misses>2135001</misses>
				<total>5</total>
				<timestamp>725.174638</timestamp>
			</report>
			<report>
				<misses>2136001</misses>
				<total>4</total>
				<timestamp>725.514374</timestamp>
			</report>
			<report>
				<misses>2137001</misses>
				<total>5</total>
				<timestamp>725.853937</timestamp>
			</report>
			<report>
				<misses>2138001</misses>
				<total>5</total>
				<timestamp>726.193595</timestamp>
			</report>
			<report>
				<misses>2139001</misses>
				<total>4</total>
				<timestamp>726.533369</timestamp>
			</report>
			<report>
				<misses>2140001</misses>
				<total>5</total>
				<timestamp>726.872947</timestamp>
			</report>
			<report>
				<misses>2141001</misses>
				<total>5</total>
				<timestamp>727.212573</timestamp>
			</report>
			<report>
				<misses>2142001</misses>
				<total>5</total>
				<timestamp>727.552264</timestamp>
			</report>
			<report>
				<misses>2143001</misses>
				<total>5</total>
				<timestamp>727.891888</timestamp>
			</report>
			<report>
				<misses>2144001</misses>
				<total>5</total>
				<timestamp>728.231552</timestamp>
			</report>
			<report>
				<misses>2145001</misses>
				<total>4</total>
				<timestamp>728.571349</timestamp>
			</report>
			<report>
				<misses>2146001</misses>
				<total>5</total>
				<timestamp>728.910869</timestamp>
			</report>
			<report>
				<misses>2147001</misses>
				<total>5</total>
				<timestamp>729.250579</timestamp>
			</report>
			<report>
				<misses>2148001</misses>
				<total>5</total>
				<timestamp>729.590237</timestamp>
			</report>
			<report>
				<misses>2149001</misses>
				<total>5</total>
				<timestamp>729.929859</timestamp>
			</report>
			<report>
				<misses>2150001</misses>
				<total>5</total>
				<timestamp>730.269561</timestamp>
			</report>
			<report>
				<misses>2151001</misses>
				<total>5</total>
				<timestamp>730.609210</timestamp>
			</report>
			<report>
				<misses>2152001</misses>
				<total>5</total>
				<timestamp>730.948839</timestamp>
			</report>
			<report>
				<misses>2153001</misses>
				<total>5</total>
				<timestamp>731.288495</timestamp>
			</report>
			<report>
				<misses>2154001</misses>
				<total>5</total>
				<timestamp>731.628256</timestamp>
			</report>
			<report>
				<misses>2155001</misses>
				<total>5</total>
				<timestamp>731.967819</timestamp>
			</report>
			<report>
				<misses>2156001</misses>
				<total>5</total>
				<timestamp>732.307483</timestamp>
			</report>
			<report>
				<misses>2157001</misses>
				<total>4</total>
				<timestamp>732.647269</timestamp>
			</report>
			<report>
				<misses>2158001</misses>
				<total>5</total>
				<timestamp>732.986828</timestamp>
			</report>
			<report>
				<misses>2159001</misses>
				<total>5</total>
				<timestamp>733.326461</timestamp>
			</report>
			<report>
				<misses>2160001</misses>
				<total>4</total>
				<timestamp>733.666245</timestamp>
			</report>
			<report>
				<misses>2161001</misses>
				<total>5</total>
				<timestamp>734.005777</timestamp>
			</report>
			<report>
				<misses>2162001</misses>
				<total>5</total>
				<timestamp>734.345427</timestamp>
			</report>
			<report>
				<misses>2163001</misses>
				<total>4</total>
				<timestamp>734.685210</timestamp>
			</report>
			<report>
				<misses>2164001</misses>
				<total>5</total>
				<timestamp>735.024744</timestamp>
			</report>
			<report>
				<misses>2165001</misses>
				<total>5</total>
				<timestamp>735.364441</timestamp>
			</report>
			<report>
				<misses>2166001</misses>
				<total>4</total>
				<timestamp>735.704195</timestamp>
			</report>
			<report>
				<misses>2167001</misses>
				<total>5</total>
				<timestamp>736.043743</timestamp>
			</report>
			<report>
				<misses>2168001</misses>
				<total>5</total>
				<timestamp>736.383422</timestamp>
			</report>
			<report>
				<misses>2169001</misses>
				<total>4</total>
				<timestamp>736.723166</timestamp>
			</report>
			<report>
				<misses>2170001</misses>
				<total>5</total>
				<timestamp>737.062715</timestamp>
			</report>
			<report>
				<misses>2171001</misses>
				<total>5</total>
				<timestamp>737.402430</timestamp>
			</report>
			<report>
				<misses>2172001</misses>
				<total>5</total>
				<timestamp>737.742040</timestamp>
			</report>
			<report>
				<misses>2173001</misses>
				<total>5</total>
				<timestamp>738.081682</timestamp>
			</report>
			<report>
				<misses>2174001</misses>
				<total>5</total>
				<timestamp>738.421415</timestamp>
			</report>
			<report>
				<misses>2175001</misses>
				<total>5</total>
				<timestamp>738.761019</timestamp>
			</report>
			<report>
				<misses>2176001</misses>
				<total>5</total>
				<timestamp>739.100671</timestamp>
			</report>
			<report>
				<misses>2177001</misses>
				<total>5</total>
				<timestamp>739.440391</timestamp>
			</report>
			<report>
				<misses>2178001</misses>
				<total>5</total>
				<timestamp>739.780029</timestamp>
			</report>
			<report>
				<misses>2179001</misses>
				<total>5</total>
				<timestamp>740.119683</timestamp>
			</report>
			<report>
				<misses>2180001</misses>
				<total>5</total>
				<timestamp>740.459387</timestamp>
			</report>
			<report>
				<misses>2181001</misses>
				<total>5</total>
				<timestamp>740.798990</timestamp>
			</report>
			<report>
				<misses>2182001</misses>
				<total>5</total>
				<timestamp>741.138658</timestamp>
			</report>
			<report>
				<misses>2183001</misses>
				<total>4</total>
				<timestamp>741.478404</timestamp>
			</report>
			<report>
				<misses>2184001</misses>
				<total>5</total>
				<timestamp>741.817970</timestamp>
			</report>
			<report>
				<misses>2185001</misses>
				<total>5</total>
				<timestamp>742.157656</timestamp>
			</report>
			<report>
				<misses>2186001</misses>
				<total>4</total>
				<timestamp>742.497416</timestamp>
			</report>
			<report>
				<misses>2187001</misses>
				<total>5</total>
				<timestamp>742.836945</timestamp>
			</report>
			<report>
				<misses>2188001</misses>
				<total>5</total>
				<timestamp>743.176620</timestamp>
			</report>
			<report>
				<misses>2189001</misses>
				<total>4</total>
				<timestamp>743.516386</timestamp>
			</report>
			<report>
				<misses>2190001</misses>
				<total>5</total>
				<timestamp>743.855913</timestamp>
			</report>
			<report>
				<misses>2191001</misses>
				<total>5</total>
				<timestamp>744.195565</timestamp>
			</report>
			<report>
				<misses>2192001</misses>
				<total>4</total>
				<timestamp>744.535381</timestamp>
			</report>
			<report>
				<misses>2193001</misses>
				<total>5</total>
				<timestamp>744.874892</timestamp>
			</report>
			<report>
				<misses>2194001</misses>
				<total>5</total>
				<timestamp>745.214569</timestamp>
			</report>
			<report>
				<misses>2195001</misses>
				<total>5</total>
				<timestamp>745.554230</timestamp>
			</report>
			<report>
				<misses>2196001</misses>
				<total>5</total>
				<timestamp>745.893878</timestamp>
			</report>
			<report>
				<misses>2197001</misses>
				<total>5</total>
				<timestamp>746.233541</timestamp>
			</report>
			<report>
				<misses>2198001</misses>
				<total>6</total>
				<timestamp>746.573244</timestamp>
			</report>
			<report>
				<misses>2199001</misses>
				<total>6</total>
				<timestamp>746.912854</timestamp>
			</report>
			<report>
				<misses>2200001</misses>
				<total>6</total>
				<timestamp>747.252538</timestamp>
			</report>
			<report>
				<misses>2201001</misses>
				<total>6</total>
				<timestamp>747.592237</timestamp>
			</report>
			<report>
				<misses>2202001</misses>
				<total>6</total>
				<timestamp>747.931836</timestamp>
			</report>
			<report>
				<misses>2203001</misses>
				<total>6</total>
				<timestamp>748.271527</timestamp>
			</report>
			<report>
				<misses>2204001</misses>
				<total>6</total>
				<timestamp>748.611246</timestamp>
			</report>
			<report>
				<misses>2205001</misses>
				<total>6</total>
				<timestamp>748.950830</timestamp>
			</report>
			<report>
				<misses>2206001</misses>
				<total>6</total>
				<timestamp>749.290483</timestamp>
			</report>
			<report>
				<misses>2207001</misses>
				<total>6</total>
				<timestamp>749.630145</timestamp>
			</report>
			<report>
				<misses>2208001</misses>
				<total>6</total>
				<timestamp>749.969811</timestamp>
			</report>
			<report>
				<misses>2209001</misses>
				<total>6</total>
				<timestamp>750.309490</timestamp>
			</report>
			<report>
				<misses>2210001</misses>
				<total>5</total>
				<timestamp>750.649199</timestamp>
			</report>
			<report>
				<misses>2211001</misses>
				<total>6</total>
				<timestamp>750.988790</timestamp>
			</report>
			<report>
				<misses>2212001</misses>
				<total>6</total>
				<timestamp>751.328484</timestamp>
			</report>
			<report>
				<misses>2213001</misses>
				<total>5</total>
				<timestamp>751.668199</timestamp>
			</report>
			<report>
				<misses>2214001</misses>
				<total>6</total>
				<timestamp>752.007778</timestamp>
			</report>
			<report>
				<misses>2215001</misses>
				<total>6</total>
				<timestamp>752.347444</timestamp>
			</report>
			<report>
				<misses>2216001</misses>
				<total>5</total>
				<timestamp>752.687178</timestamp>
			</report>
			<report>
				<misses>2217001</misses>
				<total>6</total>
				<timestamp>753.026745</timestamp>
			</report>
			<report>
				<misses>2218001</misses>
				<total>6</total>
				<timestamp>753.366392</timestamp>
			</report>
			<report>
				<misses>2219001</misses>
				<total>5</total>
				<timestamp>753.706211</timestamp>
			</report>
			<report>
				<misses>2220001</misses>
				<total>6</total>
				<timestamp>754.045743</timestamp>
			</report>
			<report>
				<misses>2221001</misses>
				<total>6</total>
				<timestamp>754.385410</timestamp>
			</report>
			<report>
				<misses>2222001</misses>
				<total>6</total>
				<timestamp>754.725055</timestamp>
			</report>
			<report>
				<misses>2223001</misses>
				<total>6</total>
				<timestamp>755.064742</timestamp>
			</report>
			<report>
				<misses>2224001</misses>
				<total>6</total>
				<timestamp>755.404378</timestamp>
			</report>
			<report>
				<misses>2225001</misses>
				<total>6</total>
				<timestamp>755.744065</timestamp>
			</report>
			<report>
				<misses>2226001</misses>
				<total>6</total>
				<timestamp>756.083673</timestamp>
			</report>
			<report>
				<misses>2227001</misses>
				<total>6</total>
				<timestamp>756.423355</timestamp>
			</report>
			<report>
				<misses>2228001</misses>
				<total>6</total>
				<timestamp>756.763075</timestamp>
			</report>
			<report>
				<misses>2229001</misses>
				<total>6</total>
				<timestamp>757.102676</timestamp>
			</report>
			<report>
				<misses>2230001</misses>
				<total>6</total>
				<timestamp>757.442350</timestamp>
			</report>
			<report>
				<misses>2231001</misses>
				<total>6</total>
				<timestamp>757.782042</timestamp>
			</report>
			<report>
				<misses>2232001</misses>
				<total>6</total>
				<timestamp>758.121658</timestamp>
			</report>
			<report>
				<misses>2233001</misses>
				<total>6</total>
				<timestamp>758.461300</timestamp>
			</report>
			<report>
				<misses>2234001</misses>
				<total>5</total>
				<timestamp>758.801049</timestamp>
			</report>
			<report>
				<misses>2235001</misses>
				<total>6</total>
				<timestamp>759.140631</timestamp>
			</report>
			<report>
				<misses>2236001</misses>
				<total>6</total>
				<timestamp>759.480297</timestamp>
			</report>
			<report>
				<misses>2237001</misses>
				<total>5</total>
				<timestamp>759.820063</timestamp>
			</report>
			<report>
				<misses>2238001</misses>
				<total>6</total>
				<timestamp>760.159604</timestamp>
			</report>
			<report>
				<misses>2239001</misses>
				<total>6</total>
				<timestamp>760.499283</timestamp>
			</report>
			<report>
				<misses>2240001</misses>
				<total>6</total>
				<timestamp>760.838928</timestamp>
			</report>
			<report>
				<misses>2241001</misses>
				<total>6</total>
				<timestamp>761.178627</timestamp>
			</report>
			<report>
				<misses>2242001</misses>
				<total>6</total>
				<timestamp>761.518265</timestamp>
			</report>
			<report>
				<misses>2243001</misses>
				<total>5</total>
				<timestamp>761.858046</timestamp>
			</report>
			<report>
				<misses>2244001</misses>
				<total>6</total>
				<timestamp>762.197565</timestamp>
			</report>
			<report>
				<misses>2245001</misses>
				<total>6</total>
				<timestamp>762.537259</timestamp>
			</report>
			<report>
				<misses>2246001</misses>
				<total>6</total>
				<timestamp>762.876932</timestamp>
			</report>
			<report>
				<misses>2247001</misses>
				<total>6</total>
				<timestamp>763.216546</timestamp>
			</report>
			<report>
				<misses>2248001</misses>
				<total>6</total>
				<timestamp>763.556253</timestamp>
			</report>
			<report>
				<misses>2249001</misses>
				<total>6</total>
				<timestamp>763.895889</timestamp>
			</report>
			<report>
				<misses>2250001</misses>
				<total>6</total>
				<timestamp>764.235547</timestamp>
			</report>
			<report>
				<misses>2251001</misses>
				<total>6</total>
				<timestamp>764.575189</timestamp>
			</report>
			<report>
				<misses>2252001</misses>
				<total>6</total>
				<timestamp>764.914869</timestamp>
			</report>
			<report>
				<misses>2253001</misses>
				<total>6</total>
				<timestamp>765.254498</timestamp>
			</report>
			<report>
				<misses>2254001</misses>
				<total>6</total>
				<timestamp>765.594236</timestamp>
			</report>
			<report>
				<misses>2255001</misses>
				<total>6</total>
				<timestamp>765.933851</timestamp>
			</report>
			<report>
				<misses>2256001</misses>
				<total>6</total>
				<timestamp>766.273507</timestamp>
			</report>
			<report>
				<misses>2257001</misses>
				<total>5</total>
				<timestamp>766.613240</timestamp>
			</report>
			<report>
				<misses>2258001</misses>
				<total>6</total>
				<timestamp>766.952827</timestamp>
			</report>
			<report>
				<misses>2259001</misses>
				<total>6</total>
				<timestamp>767.292468</timestamp>
			</report>
			<report>
				<misses>2260001</misses>
				<total>5</total>
				<timestamp>767.632211</timestamp>
			</report>
			<report>
				<misses>2261001</misses>
				<total>6</total>
				<timestamp>767.971767</timestamp>
			</report>
			<report>
				<misses>2262001</misses>
				<total>6</total>
				<timestamp>768.311508</timestamp>
			</report>
			<report>
				<misses>2263001</misses>
				<total>5</total>
				<timestamp>768.651227</timestamp>
			</report>
			<report>
				<misses>2264001</misses>
				<total>6</total>
				<timestamp>768.990752</timestamp>
			</report>
			<report>
				<misses>2265001</misses>
				<total>6</total>
				<timestamp>769.330431</timestamp>
			</report>
			<report>
				<misses>2266001</misses>
				<total>5</total>
				<timestamp>769.670210</timestamp>
			</report>
			<report>
				<misses>2267001</misses>
				<total>6</total>
				<timestamp>770.009734</timestamp>
			</report>
			<report>
				<misses>2268001</misses>
				<total>6</total>
				<timestamp>770.349391</timestamp>
			</report>
			<report>
				<misses>2269001</misses>
				<total>6</total>
				<timestamp>770.689076</timestamp>
			</report>
			<report>
				<misses>2270001</misses>
				<total>6</total>
				<timestamp>771.028735</timestamp>
			</report>
			<report>
				<misses>2271001</misses>
				<total>6</total>
				<timestamp>771.368392</timestamp>
			</report>
			<report>
				<misses>2272001</misses>
				<total>6</total>
				<timestamp>771.708057</timestamp>
			</report>
			<report>
				<misses>2273001</misses>
				<total>6</total>
				<timestamp>772.047678</timestamp>
			</report>
			<report>
				<misses>2274001</misses>
				<total>6</total>
				<timestamp>772.387361</timestamp>
			</report>
			<report>
				<misses>2275001</misses>
				<total>6</total>
				<timestamp>772.727022</timestamp>
			</report>
			<report>
				<misses>2276001</misses>
				<total>6</total>
				<timestamp>773.066671</timestamp>
			</report>
			<report>
				<misses>2277001</misses>
				<total>6</total>
				<timestamp>773.406368</timestamp>
			</report>
			<report>
				<misses>2278001</misses>
				<total>6</total>
				<timestamp>773.746012</timestamp>
			</report>
			<report>
				<misses>2279001</misses>
				<total>6</total>
				<timestamp>774.085643</timestamp>
			</report>
			<report>
				<misses>2280001</misses>
				<total>6</total>
				<timestamp>774.425317</timestamp>
			</report>
			<report>
				<misses>2281001</misses>
				<total>5</total>
				<timestamp>774.765061</timestamp>
			</report>
			<report>
				<misses>2282001</misses>
				<total>6</total>
				<timestamp>775.104630</timestamp>
			</report>
			<report>
				<misses>2283001</misses>
				<total>6</total>
				<timestamp>775.444303</timestamp>
			</report>
			<report>
				<misses>2284001</misses>
				<total>6</total>
				<timestamp>775.783998</timestamp>
			</report>
			<report>
				<misses>2285001</misses>
				<total>6</total>
				<timestamp>776.123612</timestamp>
			</report>
			<report>
				<misses>2286001</misses>
				<total>6</total>
				<timestamp>776.463291</timestamp>
			</report>
			<report>
				<misses>2287001</misses>
				<total>5</total>
				<timestamp>776.803046</timestamp>
			</report>
			<report>
				<misses>2288001</misses>
				<total>6</total>
				<timestamp>777.142602</timestamp>
			</report>
			<report>
				<misses>2289001</misses>
				<total>6</total>
				<timestamp>777.482276</timestamp>
			</report>
			<report>
				<misses>2290001</misses>
				<total>6</total>
				<timestamp>777.821946</timestamp>
			</report>
			<report>
				<misses>2291001</misses>
				<total>6</total>
				<timestamp>778.161585</timestamp>
			</report>
			<report>
				<misses>2292001</misses>
				<total>6</total>
				<timestamp>778.501232</timestamp>
			</report>
			<report>
				<misses>2293001</misses>
				<total>6</total>
				<timestamp>778.840936</timestamp>
			</report>
			<report>
				<misses>2294001</misses>
				<total>6</total>
				<timestamp>779.180577</timestamp>
			</report>
			<report>
				<misses>2295001</misses>
				<total>6</total>
				<timestamp>779.520220</timestamp>
			</report>
			<report>
				<misses>2296001</misses>
				<total>6</total>
				<timestamp>779.859937</timestamp>
			</report>
			<report>
				<misses>2297001</misses>
				<total>6</total>
				<timestamp>780.199570</timestamp>
			</report>
			<report>
				<misses>2298001</misses>
				<total>6</total>
				<timestamp>780.539188</timestamp>
			</report>
			<report>
				<misses>2299001</misses>
				<total>6</total>
				<timestamp>780.878926</timestamp>
			</report>
			<report>
				<misses>2300001</misses>
				<total>6</total>
				<timestamp>781.218553</timestamp>
			</report>
			<report>
				<misses>2301001</misses>
				<total>6</total>
				<timestamp>781.558179</timestamp>
			</report>
			<report>
				<misses>2302001</misses>
				<total>6</total>
				<timestamp>781.897917</timestamp>
			</report>
			<report>
				<misses>2303001</misses>
				<total>6</total>
				<timestamp>782.237532</timestamp>
			</report>
			<report>
				<misses>2304001</misses>
				<total>6</total>
				<timestamp>782.577153</timestamp>
			</report>
			<report>
				<misses>2305001</misses>
				<total>6</total>
				<timestamp>782.916914</timestamp>
			</report>
			<report>
				<misses>2306001</misses>
				<total>6</total>
				<timestamp>783.256502</timestamp>
			</report>
			<report>
				<misses>2307001</misses>
				<total>6</total>
				<timestamp>783.596168</timestamp>
			</report>
			<report>
				<misses>2308001</misses>
				<total>6</total>
				<timestamp>783.935858</timestamp>
			</report>
			<report>
				<misses>2309001</misses>
				<total>6</total>
				<timestamp>784.275465</timestamp>
			</report>
			<report>
				<misses>2310001</misses>
				<total>6</total>
				<timestamp>784.615131</timestamp>
			</report>
			<report>
				<misses>2311001</misses>
				<total>5</total>
				<timestamp>784.954901</timestamp>
			</report>
			<report>
				<misses>2312001</misses>
				<total>6</total>
				<timestamp>785.294447</timestamp>
			</report>
			<report>
				<misses>2313001</misses>
				<total>6</total>
				<timestamp>785.634125</timestamp>
			</report>
			<report>
				<misses>2314001</misses>
				<total>5</total>
				<timestamp>785.973904</timestamp>
			</report>
			<report>
				<misses>2315001</misses>
				<total>6</total>
				<timestamp>786.313438</timestamp>
			</report>
			<report>
				<misses>2316001</misses>
				<total>6</total>
				<timestamp>786.653084</timestamp>
			</report>
			<report>
				<misses>2317001</misses>
				<total>5</total>
				<timestamp>786.992872</timestamp>
			</report>
			<report>
				<misses>2318001</misses>
				<total>6</total>
				<timestamp>787.332446</timestamp>
			</report>
			<report>
				<misses>2319001</misses>
				<total>5</total>
				<timestamp>787.672212</timestamp>
			</report>
			<report>
				<misses>2320001</misses>
				<total>5</total>
				<timestamp>788.011877</timestamp>
			</report>
			<report>
				<misses>2321001</misses>
				<total>6</total>
				<timestamp>788.351398</timestamp>
			</report>
			<report>
				<misses>2322001</misses>
				<total>6</total>
				<timestamp>788.691040</timestamp>
			</report>
			<report>
				<misses>2323001</misses>
				<total>6</total>
				<timestamp>789.030702</timestamp>
			</report>
			<report>
				<misses>2324001</misses>
				<total>6</total>
				<timestamp>789.370386</timestamp>
			</report>
			<report>
				<misses>2325001</misses>
				<total>6</total>
				<timestamp>789.710093</timestamp>
			</report>
			<report>
				<misses>2326001</misses>
				<total>6</total>
				<timestamp>790.049694</timestamp>
			</report>
			<report>
				<misses>2327001</misses>
				<total>6</total>
				<timestamp>790.389358</timestamp>
			</report>
			<report>
				<misses>2328001</misses>
				<total>5</total>
				<timestamp>790.729086</timestamp>
			</report>
			<report>
				<misses>2329001</misses>
				<total>6</total>
				<timestamp>791.068676</timestamp>
			</report>
			<report>
				<misses>2330001</misses>
				<total>6</total>
				<timestamp>791.408354</timestamp>
			</report>
			<report>
				<misses>2331001</misses>
				<total>5</total>
				<timestamp>791.748069</timestamp>
			</report>
			<report>
				<misses>2332001</misses>
				<total>6</total>
				<timestamp>792.087642</timestamp>
			</report>
			<report>
				<misses>2333001</misses>
				<total>6</total>
				<timestamp>792.427323</timestamp>
			</report>
			<report>
				<misses>2334001</misses>
				<total>6</total>
				<timestamp>792.766977</timestamp>
			</report>
			<report>
				<misses>2335001</misses>
				<total>6</total>
				<timestamp>793.106615</timestamp>
			</report>
			<report>
				<misses>2336001</misses>
				<total>6</total>
				<timestamp>793.446319</timestamp>
			</report>
			<report>
				<misses>2337001</misses>
				<total>6</total>
				<timestamp>793.785980</timestamp>
			</report>
			<report>
				<misses>2338001</misses>
				<total>6</total>
				<timestamp>794.125618</timestamp>
			</report>
			<report>
				<misses>2339001</misses>
				<total>6</total>
				<timestamp>794.465317</timestamp>
			</report>
			<report>
				<misses>2340001</misses>
				<total>6</total>
				<timestamp>794.804952</timestamp>
			</report>
			<report>
				<misses>2341001</misses>
				<total>6</total>
				<timestamp>795.144598</timestamp>
			</report>
			<report>
				<misses>2342001</misses>
				<total>6</total>
				<timestamp>795.484262</timestamp>
			</report>
			<report>
				<misses>2343001</misses>
				<total>6</total>
				<timestamp>795.823928</timestamp>
			</report>
			<report>
				<misses>2344001</misses>
				<total>6</total>
				<timestamp>796.163585</timestamp>
			</report>
			<report>
				<misses>2345001</misses>
				<total>6</total>
				<timestamp>796.503218</timestamp>
			</report>
			<report>
				<misses>2346001</misses>
				<total>6</total>
				<timestamp>796.842895</timestamp>
			</report>
			<report>
				<misses>2347001</misses>
				<total>6</total>
				<timestamp>797.182520</timestamp>
			</report>
			<report>
				<misses>2348001</misses>
				<total>6</total>
				<timestamp>797.522196</timestamp>
			</report>
			<report>
				<misses>2349001</misses>
				<total>6</total>
				<timestamp>797.861899</timestamp>
			</report>
			<report>
				<misses>2350001</misses>
				<total>6</total>
				<timestamp>798.201520</timestamp>
			</report>
			<report>
				<misses>2351001</misses>
				<total>6</total>
				<timestamp>798.541188</timestamp>
			</report>
			<report>
				<misses>2352001</misses>
				<total>5</total>
				<timestamp>798.880921</timestamp>
			</report>
			<report>
				<misses>2353001</misses>
				<total>6</total>
				<timestamp>799.220512</timestamp>
			</report>
			<report>
				<misses>2354001</misses>
				<total>6</total>
				<timestamp>799.560153</timestamp>
			</report>
			<report>
				<misses>2355001</misses>
				<total>5</total>
				<timestamp>799.899905</timestamp>
			</report>
			<report>
				<misses>2356001</misses>
				<total>6</total>
				<timestamp>800.239474</timestamp>
			</report>
			<report>
				<misses>2357001</misses>
				<total>6</total>
				<timestamp>800.579133</timestamp>
			</report>
			<report>
				<misses>2358001</misses>
				<total>6</total>
				<timestamp>800.918884</timestamp>
			</report>
			<report>
				<misses>2359001</misses>
				<total>6</total>
				<timestamp>801.258446</timestamp>
			</report>
			<report>
				<misses>2360001</misses>
				<total>6</total>
				<timestamp>801.598111</timestamp>
			</report>
			<report>
				<misses>2361001</misses>
				<total>6</total>
				<timestamp>801.937801</timestamp>
			</report>
			<report>
				<misses>2362001</misses>
				<total>6</total>
				<timestamp>802.277451</timestamp>
			</report>
			<report>
				<misses>2363001</misses>
				<total>6</total>
				<timestamp>802.617119</timestamp>
			</report>
			<report>
				<misses>2364001</misses>
				<total>6</total>
				<timestamp>802.956842</timestamp>
			</report>
			<report>
				<misses>2365001</misses>
				<total>6</total>
				<timestamp>803.296424</timestamp>
			</report>
			<report>
				<misses>2366001</misses>
				<total>6</total>
				<timestamp>803.636105</timestamp>
			</report>
			<report>
				<misses>2367001</misses>
				<total>6</total>
				<timestamp>803.975787</timestamp>
			</report>
			<report>
				<misses>2368001</misses>
				<total>6</total>
				<timestamp>804.315415</timestamp>
			</report>
			<report>
				<misses>2369001</misses>
				<total>6</total>
				<timestamp>804.655043</timestamp>
			</report>
			<report>
				<misses>2370001</misses>
				<total>6</total>
				<timestamp>804.994807</timestamp>
			</report>
			<report>
				<misses>2371001</misses>
				<total>6</total>
				<timestamp>805.334380</timestamp>
			</report>
			<report>
				<misses>2372001</misses>
				<total>6</total>
				<timestamp>805.674029</timestamp>
			</report>
			<report>
				<misses>2373001</misses>
				<total>6</total>
				<timestamp>806.013774</timestamp>
			</report>
			<report>
				<misses>2374001</misses>
				<total>6</total>
				<timestamp>806.353387</timestamp>
			</report>
			<report>
				<misses>2375001</misses>
				<total>6</total>
				<timestamp>806.693063</timestamp>
			</report>
			<report>
				<misses>2376001</misses>
				<total>6</total>
				<timestamp>807.032764</timestamp>
			</report>
			<report>
				<misses>2377001</misses>
				<total>6</total>
				<timestamp>807.372348</timestamp>
			</report>
			<report>
				<misses>2378001</misses>
				<total>6</total>
				<timestamp>807.712011</timestamp>
			</report>
			<report>
				<misses>2379001</misses>
				<total>6</total>
				<timestamp>808.051783</timestamp>
			</report>
			<report>
				<misses>2380001</misses>
				<total>6</total>
				<timestamp>808.391357</timestamp>
			</report>
			<report>
				<misses>2381001</misses>
				<total>6</total>
				<timestamp>808.730987</timestamp>
			</report>
			<report>
				<misses>2382001</misses>
				<total>6</total>
				<timestamp>809.070770</timestamp>
			</report>
			<report>
				<misses>2383001</misses>
				<total>6</total>
				<timestamp>809.410294</timestamp>
			</report>
			<report>
				<misses>2384001</misses>
				<total>6</total>
				<timestamp>809.749973</timestamp>
			</report>
			<report>
				<misses>2385001</misses>
				<total>6</total>
				<timestamp>810.089690</timestamp>
			</report>
			<report>
				<misses>2386001</misses>
				<total>6</total>
				<timestamp>810.429301</timestamp>
			</report>
			<report>
				<misses>2387001</misses>
				<total>6</total>
				<timestamp>810.768972</timestamp>
			</report>
			<report>
				<misses>2388001</misses>
				<total>6</total>
				<timestamp>811.108623</timestamp>
			</report>
			<report>
				<misses>2389001</misses>
				<total>6</total>
				<timestamp>811.448293</timestamp>
			</report>
			<report>
				<misses>2390001</misses>
				<total>6</total>
				<timestamp>811.787954</timestamp>
			</report>
			<report>
				<misses>2391001</misses>
				<total>6</total>
				<timestamp>812.127675</timestamp>
			</report>
			<report>
				<misses>2392001</misses>
				<total>6</total>
				<timestamp>812.467254</timestamp>
			</report>
			<report>
				<misses>2393001</misses>
				<total>6</total>
				<timestamp>812.806904</timestamp>
			</report>
			<report>
				<misses>2394001</misses>
				<total>5</total>
				<timestamp>813.146724</timestamp>
			</report>
			<report>
				<misses>2395001</misses>
				<total>6</total>
				<timestamp>813.486217</timestamp>
			</report>
			<report>
				<misses>2396001</misses>
				<total>6</total>
				<timestamp>813.825934</timestamp>
			</report>
			<report>
				<misses>2397001</misses>
				<total>6</total>
				<timestamp>814.165583</timestamp>
			</report>
			<report>
				<misses>2398001</misses>
				<total>6</total>
				<timestamp>814.505232</timestamp>
			</report>
			<report>
				<misses>2399001</misses>
				<total>5</total>
				<timestamp>814.844945</timestamp>
			</report>
			<report>
				<misses>2400001</misses>
				<total>6</total>
				<timestamp>815.184607</timestamp>
			</report>
			<report>
				<misses>2401001</misses>
				<total>6</total>
				<timestamp>815.524175</timestamp>
			</report>
			<report>
				<misses>2402001</misses>
				<total>6</total>
				<timestamp>815.863875</timestamp>
			</report>
			<report>
				<misses>2403001</misses>
				<total>6</total>
				<timestamp>816.203521</timestamp>
			</report>
			<report>
				<misses>2404001</misses>
				<total>6</total>
				<timestamp>816.543147</timestamp>
			</report>
			<report>
				<misses>2405001</misses>
				<total>6</total>
				<timestamp>816.882836</timestamp>
			</report>
			<report>
				<misses>2406001</misses>
				<total>6</total>
				<timestamp>817.222470</timestamp>
			</report>
			<report>
				<misses>2407001</misses>
				<total>6</total>
				<timestamp>817.562190</timestamp>
			</report>
			<report>
				<misses>2408001</misses>
				<total>5</total>
				<timestamp>817.901926</timestamp>
			</report>
			<report>
				<misses>2409001</misses>
				<total>6</total>
				<timestamp>818.241461</timestamp>
			</report>
			<report>
				<misses>2410001</misses>
				<total>6</total>
				<timestamp>818.581116</timestamp>
			</report>
			<report>
				<misses>2411001</misses>
				<total>6</total>
				<timestamp>818.920766</timestamp>
			</report>
			<report>
				<misses>2412001</misses>
				<total>6</total>
				<timestamp>819.260434</timestamp>
			</report>
			<report>
				<misses>2413001</misses>
				<total>6</total>
				<timestamp>819.600074</timestamp>
			</report>
			<report>
				<misses>2414001</misses>
				<total>6</total>
				<timestamp>819.939786</timestamp>
			</report>
			<report>
				<misses>2415001</misses>
				<total>6</total>
				<timestamp>820.279412</timestamp>
			</report>
			<report>
				<misses>2416001</misses>
				<total>6</total>
				<timestamp>820.619071</timestamp>
			</report>
			<report>
				<misses>2417001</misses>
				<total>6</total>
				<timestamp>820.958782</timestamp>
			</report>
			<report>
				<misses>2418001</misses>
				<total>6</total>
				<timestamp>821.298402</timestamp>
			</report>
			<report>
				<misses>2419001</misses>
				<total>6</total>
				<timestamp>821.638048</timestamp>
			</report>
			<report>
				<misses>2420001</misses>
				<total>6</total>
				<timestamp>821.977741</timestamp>
			</report>
			<report>
				<misses>2421001</misses>
				<total>6</total>
				<timestamp>822.317429</timestamp>
			</report>
			<report>
				<misses>2422001</misses>
				<total>6</total>
				<timestamp>822.657045</timestamp>
			</report>
			<report>
				<misses>2423001</misses>
				<total>6</total>
				<timestamp>822.996781</timestamp>
			</report>
			<report>
				<misses>2424001</misses>
				<total>6</total>
				<timestamp>823.336389</timestamp>
			</report>
			<report>
				<misses>2425001</misses>
				<total>6</total>
				<timestamp>823.676039</timestamp>
			</report>
			<report>
				<misses>2426001</misses>
				<total>5</total>
				<timestamp>824.015759</timestamp>
			</report>
			<report>
				<misses>2427001</misses>
				<total>6</total>
				<timestamp>824.355378</timestamp>
			</report>
			<report>
				<misses>2428001</misses>
				<total>6</total>
				<timestamp>824.694997</timestamp>
			</report>
			<report>
				<misses>2429001</misses>
				<total>5</total>
				<timestamp>825.034756</timestamp>
			</report>
			<report>
				<misses>2430001</misses>
				<total>6</total>
				<timestamp>825.374319</timestamp>
			</report>
			<report>
				<misses>2431001</misses>
				<total>6</total>
				<timestamp>825.713982</timestamp>
			</report>
			<report>
				<misses>2432001</misses>
				<total>5</total>
				<timestamp>826.053776</timestamp>
			</report>
			<report>
				<misses>2433001</misses>
				<total>6</total>
				<timestamp>826.393348</timestamp>
			</report>
			<report>
				<misses>2434001</misses>
				<total>6</total>
				<timestamp>826.732955</timestamp>
			</report>
			<report>
				<misses>2435001</misses>
				<total>5</total>
				<timestamp>827.072753</timestamp>
			</report>
			<report>
				<misses>2436001</misses>
				<total>6</total>
				<timestamp>827.412320</timestamp>
			</report>
			<report>
				<misses>2437001</misses>
				<total>6</total>
				<timestamp>827.751948</timestamp>
			</report>
			<report>
				<misses>2438001</misses>
				<total>5</total>
				<timestamp>828.091731</timestamp>
			</report>
			<report>
				<misses>2439001</misses>
				<total>6</total>
				<timestamp>828.431310</timestamp>
			</report>
			<report>
				<misses>2440001</misses>
				<total>6</total>
				<timestamp>828.770908</timestamp>
			</report>
			<report>
				<misses>2441001</misses>
				<total>6</total>
				<timestamp>829.110648</timestamp>
			</report>
			<report>
				<misses>2442001</misses>
				<total>6</total>
				<timestamp>829.450249</timestamp>
			</report>
			<report>
				<misses>2443001</misses>
				<total>6</total>
				<timestamp>829.789902</timestamp>
			</report>
			<report>
				<misses>2444001</misses>
				<total>6</total>
				<timestamp>830.129596</timestamp>
			</report>
			<report>
				<misses>2445001</misses>
				<total>6</total>
				<timestamp>830.469269</timestamp>
			</report>
			<report>
				<misses>2446001</misses>
				<total>6</total>
				<timestamp>830.808881</timestamp>
			</report>
			<report>
				<misses>2447001</misses>
				<total>6</total>
				<timestamp>831.148580</timestamp>
			</report>
			<report>
				<misses>2448001</misses>
				<total>6</total>
				<timestamp>831.488194</timestamp>
			</report>
			<report>
				<misses>2449001</misses>
				<total>6</total>
				<timestamp>831.827866</timestamp>
			</report>
			<report>
				<misses>2450001</misses>
				<total>6</total>
				<timestamp>832.167597</timestamp>
			</report>
			<report>
				<misses>2451001</misses>
				<total>6</total>
				<timestamp>832.507194</timestamp>
			</report>
			<report>
				<misses>2452001</misses>
				<total>6</total>
				<timestamp>832.846838</timestamp>
			</report>
			<report>
				<misses>2453001</misses>
				<total>6</total>
				<timestamp>833.186586</timestamp>
			</report>
			<report>
				<misses>2454001</misses>
				<total>6</total>
				<timestamp>833.526162</timestamp>
			</report>
			<report>
				<misses>2455001</misses>
				<total>6</total>
				<timestamp>833.865807</timestamp>
			</report>
			<report>
				<misses>2456001</misses>
				<total>6</total>
				<timestamp>834.205529</timestamp>
			</report>
			<report>
				<misses>2457001</misses>
				<total>6</total>
				<timestamp>834.545159</timestamp>
			</report>
			<report>
				<misses>2458001</misses>
				<total>6</total>
				<timestamp>834.884798</timestamp>
			</report>
			<report>
				<misses>2459001</misses>
				<total>6</total>
				<timestamp>835.224546</timestamp>
			</report>
			<report>
				<misses>2460001</misses>
				<total>6</total>
				<timestamp>835.564152</timestamp>
			</report>
			<report>
				<misses>2461001</misses>
				<total>6</total>
				<timestamp>835.903820</timestamp>
			</report>
			<report>
				<misses>2462001</misses>
				<total>5</total>
				<timestamp>836.243583</timestamp>
			</report>
			<report>
				<misses>2463001</misses>
				<total>6</total>
				<timestamp>836.583105</timestamp>
			</report>
			<report>
				<misses>2464001</misses>
				<total>6</total>
				<timestamp>836.922788</timestamp>
			</report>
			<report>
				<misses>2465001</misses>
				<total>5</total>
				<timestamp>837.262588</timestamp>
			</report>
			<report>
				<misses>2466001</misses>
				<total>6</total>
				<timestamp>837.602075</timestamp>
			</report>
			<report>
				<misses>2467001</misses>
				<total>6</total>
				<timestamp>837.941745</timestamp>
			</report>
			<report>
				<misses>2468001</misses>
				<total>5</total>
				<timestamp>838.281567</timestamp>
			</report>
			<report>
				<misses>2469001</misses>
				<total>6</total>
				<timestamp>838.621068</timestamp>
			</report>
			<report>
				<misses>2470001</misses>
				<total>5</total>
				<timestamp>838.960797</timestamp>
			</report>
			<report>
				<misses>2471001</misses>
				<total>6</total>
				<timestamp>839.300403</timestamp>
			</report>
			<report>
				<misses>2472001</misses>
				<total>6</total>
				<timestamp>839.640032</timestamp>
			</report>
			<report>
				<misses>2473001</misses>
				<total>5</total>
				<timestamp>839.979782</timestamp>
			</report>
			<report>
				<misses>2474001</misses>
				<total>6</total>
				<timestamp>840.319387</timestamp>
			</report>
			<report>
				<misses>2475001</misses>
				<total>6</total>
				<timestamp>840.659051</timestamp>
			</report>
			<report>
				<misses>2476001</misses>
				<total>5</total>
				<timestamp>840.998776</timestamp>
			</report>
			<report>
				<misses>2477001</misses>
				<total>5</total>
				<timestamp>841.338503</timestamp>
			</report>
			<report>
				<misses>2478001</misses>
				<total>6</total>
				<timestamp>841.678003</timestamp>
			</report>
			<report>
				<misses>2479001</misses>
				<total>5</total>
				<timestamp>842.017761</timestamp>
			</report>
			<report>
				<misses>2480001</misses>
				<total>6</total>
				<timestamp>842.357331</timestamp>
			</report>
			<report>
				<misses>2481001</misses>
				<total>6</total>
				<timestamp>842.696975</timestamp>
			</report>
			<report>
				<misses>2482001</misses>
				<total>6</total>
				<timestamp>843.036647</timestamp>
			</report>
			<report>
				<misses>2483001</misses>
				<total>6</total>
				<timestamp>843.376302</timestamp>
			</report>
			<report>
				<misses>2484001</misses>
				<total>6</total>
				<timestamp>843.715947</timestamp>
			</report>
			<report>
				<misses>2485001</misses>
				<total>6</total>
				<timestamp>844.055607</timestamp>
			</report>
			<report>
				<misses>2486001</misses>
				<total>5</total>
				<timestamp>844.395396</timestamp>
			</report>
			<report>
				<misses>2487001</misses>
				<total>6</total>
				<timestamp>844.734955</timestamp>
			</report>
			<report>
				<misses>2488001</misses>
				<total>6</total>
				<timestamp>845.074641</timestamp>
			</report>
			<report>
				<misses>2489001</misses>
				<total>6</total>
				<timestamp>845.414278</timestamp>
			</report>
			<report>
				<misses>2490001</misses>
				<total>6</total>
				<timestamp>845.753914</timestamp>
			</report>
			<report>
				<misses>2491001</misses>
				<total>6</total>
				<timestamp>846.093619</timestamp>
			</report>
			<report>
				<misses>2492001</misses>
				<total>6</total>
				<timestamp>846.433258</timestamp>
			</report>
			<report>
				<misses>2493001</misses>
				<total>6</total>
				<timestamp>846.772893</timestamp>
			</report>
			<report>
				<misses>2494001</misses>
				<total>6</total>
				<timestamp>847.112623</timestamp>
			</report>
			<report>
				<misses>2495001</misses>
				<total>6</total>
				<timestamp>847.452219</timestamp>
			</report>
			<report>
				<misses>2496001</misses>
				<total>6</total>
				<timestamp>847.791875</timestamp>
			</report>
			<report>
				<misses>2497001</misses>
				<total>6</total>
				<timestamp>848.131617</timestamp>
			</report>
			<report>
				<misses>2498001</misses>
				<total>6</total>
				<timestamp>848.471189</timestamp>
			</report>
			<report>
				<misses>2499001</misses>
				<total>6</total>
				<timestamp>848.810912</timestamp>
			</report>
			<report>
				<misses>2500001</misses>
				<total>5</total>
				<timestamp>849.150635</timestamp>
			</report>
			<report>
				<misses>2501001</misses>
				<total>6</total>
				<timestamp>849.490201</timestamp>
			</report>
			<report>
				<misses>2502001</misses>
				<total>6</total>
				<timestamp>849.829831</timestamp>
			</report>
			<report>
				<misses>2503001</misses>
				<total>5</total>
				<timestamp>850.169598</timestamp>
			</report>
			<report>
				<misses>2504001</misses>
				<total>6</total>
				<timestamp>850.509170</timestamp>
			</report>
			<report>
				<misses>2505001</misses>
				<total>6</total>
				<timestamp>850.848794</timestamp>
			</report>
			<report>
				<misses>2506001</misses>
				<total>5</total>
				<timestamp>851.188580</timestamp>
			</report>
			<report>
				<misses>2507001</misses>
				<total>6</total>
				<timestamp>851.528190</timestamp>
			</report>
			<report>
				<misses>2508001</misses>
				<total>6</total>
				<timestamp>851.867793</timestamp>
			</report>
			<report>
				<misses>2509001</misses>
				<total>5</total>
				<timestamp>852.207577</timestamp>
			</report>
			<report>
				<misses>2510001</misses>
				<total>6</total>
				<timestamp>852.547133</timestamp>
			</report>
			<report>
				<misses>2511001</misses>
				<total>6</total>
				<timestamp>852.886803</timestamp>
			</report>
			<report>
				<misses>2512001</misses>
				<total>6</total>
				<timestamp>853.226433</timestamp>
			</report>
			<report>
				<misses>2513001</misses>
				<total>6</total>
				<timestamp>853.566129</timestamp>
			</report>
			<report>
				<misses>2514001</misses>
				<total>6</total>
				<timestamp>853.905748</timestamp>
			</report>
			<report>
				<misses>2515001</misses>
				<total>6</total>
				<timestamp>854.245462</timestamp>
			</report>
			<report>
				<misses>2516001</misses>
				<total>6</total>
				<timestamp>854.585074</timestamp>
			</report>
			<report>
				<misses>2517001</misses>
				<total>6</total>
				<timestamp>854.924729</timestamp>
			</report>
			<report>
				<misses>2518001</misses>
				<total>6</total>
				<timestamp>855.264477</timestamp>
			</report>
			<report>
				<misses>2519001</misses>
				<total>6</total>
				<timestamp>855.604067</timestamp>
			</report>
			<report>
				<misses>2520001</misses>
				<total>6</total>
				<timestamp>855.943706</timestamp>
			</report>
			<report>
				<misses>2521001</misses>
				<total>6</total>
				<timestamp>856.283421</timestamp>
			</report>
			<report>
				<misses>2522001</misses>
				<total>6</total>
				<timestamp>856.623033</timestamp>
			</report>
			<report>
				<misses>2523001</misses>
				<total>6</total>
				<timestamp>856.962694</timestamp>
			</report>
			<report>
				<misses>2524001</misses>
				<total>6</total>
				<timestamp>857.302421</timestamp>
			</report>
			<report>
				<misses>2525001</misses>
				<total>6</total>
				<timestamp>857.642060</timestamp>
			</report>
			<report>
				<misses>2526001</misses>
				<total>6</total>
				<timestamp>857.981686</timestamp>
			</report>
			<report>
				<misses>2527001</misses>
				<total>5</total>
				<timestamp>858.321452</timestamp>
			</report>
			<report>
				<misses>2528001</misses>
				<total>6</total>
				<timestamp>858.661026</timestamp>
			</report>
			<report>
				<misses>2529001</misses>
				<total>6</total>
				<timestamp>859.000684</timestamp>
			</report>
			<report>
				<misses>2530001</misses>
				<total>5</total>
				<timestamp>859.340416</timestamp>
			</report>
			<report>
				<misses>2531001</misses>
				<total>6</total>
				<timestamp>859.679981</timestamp>
			</report>
			<report>
				<misses>2532001</misses>
				<total>6</total>
				<timestamp>860.019652</timestamp>
			</report>
			<report>
				<misses>2533001</misses>
				<total>5</total>
				<timestamp>860.359439</timestamp>
			</report>
			<report>
				<misses>2534001</misses>
				<total>6</total>
				<timestamp>860.698947</timestamp>
			</report>
			<report>
				<misses>2535001</misses>
				<total>6</total>
				<timestamp>861.038644</timestamp>
			</report>
			<report>
				<misses>2536001</misses>
				<total>5</total>
				<timestamp>861.378436</timestamp>
			</report>
			<report>
				<misses>2537001</misses>
				<total>6</total>
				<timestamp>861.717944</timestamp>
			</report>
			<report>
				<misses>2538001</misses>
				<total>6</total>
				<timestamp>862.057661</timestamp>
			</report>
			<report>
				<misses>2539001</misses>
				<total>5</total>
				<timestamp>862.397426</timestamp>
			</report>
			<report>
				<misses>2540001</misses>
				<total>6</total>
				<timestamp>862.736964</timestamp>
			</report>
			<report>
				<misses>2541001</misses>
				<total>6</total>
				<timestamp>863.076636</timestamp>
			</report>
			<report>
				<misses>2542001</misses>
				<total>6</total>
				<timestamp>863.416285</timestamp>
			</report>
			<report>
				<misses>2543001</misses>
				<total>6</total>
				<timestamp>863.755909</timestamp>
			</report>
			<report>
				<misses>2544001</misses>
				<total>6</total>
				<timestamp>864.095634</timestamp>
			</report>
			<report>
				<misses>2545001</misses>
				<total>6</total>
				<timestamp>864.435217</timestamp>
			</report>
			<report>
				<misses>2546001</misses>
				<total>6</total>
				<timestamp>864.774880</timestamp>
			</report>
			<report>
				<misses>2547001</misses>
				<total>6</total>
				<timestamp>865.114634</timestamp>
			</report>
			<report>
				<misses>2548001</misses>
				<total>6</total>
				<timestamp>865.454199</timestamp>
			</report>
			<report>
				<misses>2549001</misses>
				<total>6</total>
				<timestamp>865.793856</timestamp>
			</report>
			<report>
				<misses>2550001</misses>
				<total>5</total>
				<timestamp>866.133634</timestamp>
			</report>
			<report>
				<misses>2551001</misses>
				<total>6</total>
				<timestamp>866.473184</timestamp>
			</report>
			<report>
				<misses>2552001</misses>
				<total>6</total>
				<timestamp>866.812846</timestamp>
			</report>
			<report>
				<misses>2553001</misses>
				<total>5</total>
				<timestamp>867.152612</timestamp>
			</report>
			<report>
				<misses>2554001</misses>
				<total>6</total>
				<timestamp>867.492149</timestamp>
			</report>
			<report>
				<misses>2555001</misses>
				<total>6</total>
				<timestamp>867.831840</timestamp>
			</report>
			<report>
				<misses>2556001</misses>
				<total>6</total>
				<timestamp>868.171503</timestamp>
			</report>
			<report>
				<misses>2557001</misses>
				<total>6</total>
				<timestamp>868.511161</timestamp>
			</report>
			<report>
				<misses>2558001</misses>
				<total>6</total>
				<timestamp>868.850801</timestamp>
			</report>
			<report>
				<misses>2559001</misses>
				<total>6</total>
				<timestamp>869.190487</timestamp>
			</report>
			<report>
				<misses>2560001</misses>
				<total>6</total>
				<timestamp>869.530112</timestamp>
			</report>
			<report>
				<misses>2561001</misses>
				<total>6</total>
				<timestamp>869.869769</timestamp>
			</report>
			<report>
				<misses>2562001</misses>
				<total>5</total>
				<timestamp>870.209605</timestamp>
			</report>
			<report>
				<misses>2563001</misses>
				<total>6</total>
				<timestamp>870.549113</timestamp>
			</report>
			<report>
				<misses>2564001</misses>
				<total>6</total>
				<timestamp>870.888756</timestamp>
			</report>
			<report>
				<misses>2565001</misses>
				<total>6</total>
				<timestamp>871.228471</timestamp>
			</report>
			<report>
				<misses>2566001</misses>
				<total>6</total>
				<timestamp>871.568071</timestamp>
			</report>
			<report>
				<misses>2567001</misses>
				<total>6</total>
				<timestamp>871.907731</timestamp>
			</report>
			<report>
				<misses>2568001</misses>
				<total>6</total>
				<timestamp>872.247430</timestamp>
			</report>
			<report>
				<misses>2569001</misses>
				<total>6</total>
				<timestamp>872.587059</timestamp>
			</report>
			<report>
				<misses>2570001</misses>
				<total>6</total>
				<timestamp>872.926714</timestamp>
			</report>
			<report>
				<misses>2571001</misses>
				<total>6</total>
				<timestamp>873.266475</timestamp>
			</report>
			<report>
				<misses>2572001</misses>
				<total>6</total>
				<timestamp>873.606053</timestamp>
			</report>
			<report>
				<misses>2573001</misses>
				<total>6</total>
				<timestamp>873.945694</timestamp>
			</report>
			<report>
				<misses>2574001</misses>
				<total>5</total>
				<timestamp>874.285457</timestamp>
			</report>
			<report>
				<misses>2575001</misses>
				<total>6</total>
				<timestamp>874.625060</timestamp>
			</report>
			<report>
				<misses>2576001</misses>
				<total>6</total>
				<timestamp>874.964687</timestamp>
			</report>
			<report>
				<misses>2577001</misses>
				<total>5</total>
				<timestamp>875.304435</timestamp>
			</report>
			<report>
				<misses>2578001</misses>
				<total>6</total>
				<timestamp>875.644008</timestamp>
			</report>
			<report>
				<misses>2579001</misses>
				<total>6</total>
				<timestamp>875.983684</timestamp>
			</report>
			<report>
				<misses>2580001</misses>
				<total>5</total>
				<timestamp>876.323461</timestamp>
			</report>
			<report>
				<misses>2581001</misses>
				<total>6</total>
				<timestamp>876.663023</timestamp>
			</report>
			<report>
				<misses>2582001</misses>
				<total>6</total>
				<timestamp>877.002638</timestamp>
			</report>
			<report>
				<misses>2583001</misses>
				<total>5</total>
				<timestamp>877.342432</timestamp>
			</report>
			<report>
				<misses>2584001</misses>
				<total>6</total>
				<timestamp>877.681960</timestamp>
			</report>
			<report>
				<misses>2585001</misses>
				<total>6</total>
				<timestamp>878.021625</timestamp>
			</report>
			<report>
				<misses>2586001</misses>
				<total>6</total>
				<timestamp>878.361338</timestamp>
			</report>
			<report>
				<misses>2587001</misses>
				<total>6</total>
				<timestamp>878.700936</timestamp>
			</report>
			<report>
				<misses>2588001</misses>
				<total>6</total>
				<timestamp>879.040591</timestamp>
			</report>
			<report>
				<misses>2589001</misses>
				<total>6</total>
				<timestamp>879.380327</timestamp>
			</report>
			<report>
				<misses>2590001</misses>
				<total>6</total>
				<timestamp>879.719949</timestamp>
			</report>
			<report>
				<misses>2591001</misses>
				<total>6</total>
				<timestamp>880.059600</timestamp>
			</report>
			<report>
				<misses>2592001</misses>
				<total>5</total>
				<timestamp>880.399389</timestamp>
			</report>
			<report>
				<misses>2593001</misses>
				<total>6</total>
				<timestamp>880.738947</timestamp>
			</report>
			<report>
				<misses>2594001</misses>
				<total>6</total>
				<timestamp>881.078585</timestamp>
			</report>
			<report>
				<misses>2595001</misses>
				<total>6</total>
				<timestamp>881.418323</timestamp>
			</report>
			<report>
				<misses>2596001</misses>
				<total>6</total>
				<timestamp>881.757867</timestamp>
			</report>
			<report>
				<misses>2597001</misses>
				<total>6</total>
				<timestamp>882.097536</timestamp>
			</report>
			<report>
				<misses>2598001</misses>
				<total>5</total>
				<timestamp>882.437314</timestamp>
			</report>
			<report>
				<misses>2599001</misses>
				<total>6</total>
				<timestamp>882.776853</timestamp>
			</report>
			<report>
				<misses>2600001</misses>
				<total>6</total>
				<timestamp>883.116531</timestamp>
			</report>
			<report>
				<misses>2601001</misses>
				<total>5</total>
				<timestamp>883.456288</timestamp>
			</report>
			<report>
				<misses>2602001</misses>
				<total>6</total>
				<timestamp>883.795864</timestamp>
			</report>
			<report>
				<misses>2603001</misses>
				<total>6</total>
				<timestamp>884.135514</timestamp>
			</report>
			<report>
				<misses>2604001</misses>
				<total>5</total>
				<timestamp>884.475239</timestamp>
			</report>
			<report>
				<misses>2605001</misses>
				<total>6</total>
				<timestamp>884.814842</timestamp>
			</report>
			<report>
				<misses>2606001</misses>
				<total>6</total>
				<timestamp>885.154486</timestamp>
			</report>
			<report>
				<misses>2607001</misses>
				<total>6</total>
				<timestamp>885.494145</timestamp>
			</report>
			<report>
				<misses>2608001</misses>
				<total>6</total>
				<timestamp>885.833791</timestamp>
			</report>
			<report>
				<misses>2609001</misses>
				<total>6</total>
				<timestamp>886.173504</timestamp>
			</report>
			<report>
				<misses>2610001</misses>
				<total>5</total>
				<timestamp>886.513232</timestamp>
			</report>
			<report>
				<misses>2611001</misses>
				<total>6</total>
				<timestamp>886.852782</timestamp>
			</report>
			<report>
				<misses>2612001</misses>
				<total>6</total>
				<timestamp>887.192479</timestamp>
			</report>
			<report>
				<misses>2613001</misses>
				<total>6</total>
				<timestamp>887.532135</timestamp>
			</report>
			<report>
				<misses>2614001</misses>
				<total>6</total>
				<timestamp>887.871743</timestamp>
			</report>
			<report>
				<misses>2615001</misses>
				<total>6</total>
				<timestamp>888.211475</timestamp>
			</report>
			<report>
				<misses>2616001</misses>
				<total>6</total>
				<timestamp>888.551080</timestamp>
			</report>
			<report>
				<misses>2617001</misses>
				<total>6</total>
				<timestamp>888.890752</timestamp>
			</report>
			<report>
				<misses>2618001</misses>
				<total>6</total>
				<timestamp>889.230413</timestamp>
			</report>
			<report>
				<misses>2619001</misses>
				<total>6</total>
				<timestamp>889.570074</timestamp>
			</report>
			<report>
				<misses>2620001</misses>
				<total>6</total>
				<timestamp>889.909739</timestamp>
			</report>
			<report>
				<misses>2621001</misses>
				<total>5</total>
				<timestamp>890.249460</timestamp>
			</report>
			<report>
				<misses>2622001</misses>
				<total>6</total>
				<timestamp>890.589083</timestamp>
			</report>
			<report>
				<misses>2623001</misses>
				<total>6</total>
				<timestamp>890.928689</timestamp>
			</report>
			<report>
				<misses>2624001</misses>
				<total>6</total>
				<timestamp>891.268402</timestamp>
			</report>
			<report>
				<misses>2625001</misses>
				<total>6</total>
				<timestamp>891.608023</timestamp>
			</report>
			<report>
				<misses>2626001</misses>
				<total>6</total>
				<timestamp>891.947716</timestamp>
			</report>
			<report>
				<misses>2627001</misses>
				<total>6</total>
				<timestamp>892.287379</timestamp>
			</report>
			<report>
				<misses>2628001</misses>
				<total>6</total>
				<timestamp>892.626989</timestamp>
			</report>
			<report>
				<misses>2629001</misses>
				<total>6</total>
				<timestamp>892.966666</timestamp>
			</report>
			<report>
				<misses>2630001</misses>
				<total>5</total>
				<timestamp>893.306447</timestamp>
			</report>
			<report>
				<misses>2631001</misses>
				<total>6</total>
				<timestamp>893.646002</timestamp>
			</report>
			<report>
				<misses>2632001</misses>
				<total>6</total>
				<timestamp>893.985650</timestamp>
			</report>
			<report>
				<misses>2633001</misses>
				<total>6</total>
				<timestamp>894.325334</timestamp>
			</report>
			<report>
				<misses>2634001</misses>
				<total>6</total>
				<timestamp>894.664994</timestamp>
			</report>
			<report>
				<misses>2635001</misses>
				<total>6</total>
				<timestamp>895.004622</timestamp>
			</report>
			<report>
				<misses>2636001</misses>
				<total>6</total>
				<timestamp>895.344313</timestamp>
			</report>
			<report>
				<misses>2637001</misses>
				<total>6</total>
				<timestamp>895.683940</timestamp>
			</report>
			<report>
				<misses>2638001</misses>
				<total>6</total>
				<timestamp>896.023600</timestamp>
			</report>
			<report>
				<misses>2639001</misses>
				<total>6</total>
				<timestamp>896.363353</timestamp>
			</report>
			<report>
				<misses>2640001</misses>
				<total>6</total>
				<timestamp>896.702917</timestamp>
			</report>
			<report>
				<misses>2641001</misses>
				<total>6</total>
				<timestamp>897.042581</timestamp>
			</report>
			<report>
				<misses>2642001</misses>
				<total>6</total>
				<timestamp>897.382253</timestamp>
			</report>
			<report>
				<misses>2643001</misses>
				<total>6</total>
				<timestamp>897.721931</timestamp>
			</report>
			<report>
				<misses>2644001</misses>
				<total>6</total>
				<timestamp>898.061567</timestamp>
			</report>
			<report>
				<misses>2645001</misses>
				<total>6</total>
				<timestamp>898.401240</timestamp>
			</report>
			<report>
				<misses>2646001</misses>
				<total>6</total>
				<timestamp>898.740868</timestamp>
			</report>
			<report>
				<misses>2647001</misses>
				<total>6</total>
				<timestamp>899.080578</timestamp>
			</report>
			<report>
				<misses>2648001</misses>
				<total>6</total>
				<timestamp>899.420523</timestamp>
			</report>
			<report>
				<misses>2649001</misses>
				<total>6</total>
				<timestamp>899.760193</timestamp>
			</report>
			<report>
				<misses>2650001</misses>
				<total>6</total>
				<timestamp>900.099867</timestamp>
			</report>
			<report>
				<misses>2651001</misses>
				<total>6</total>
				<timestamp>900.439517</timestamp>
			</report>
			<report>
				<misses>2652001</misses>
				<total>5</total>
				<timestamp>900.779290</timestamp>
			</report>
			<report>
				<misses>2653001</misses>
				<total>6</total>
				<timestamp>901.118844</timestamp>
			</report>
			<report>
				<misses>2654001</misses>
				<total>6</total>
				<timestamp>901.458508</timestamp>
			</report>
			<report>
				<misses>2655001</misses>
				<total>6</total>
				<timestamp>901.798189</timestamp>
			</report>
			<report>
				<misses>2656001</misses>
				<total>7</total>
				<timestamp>902.137814</timestamp>
			</report>
			<report>
				<misses>2657001</misses>
				<total>7</total>
				<timestamp>902.477497</timestamp>
			</report>
			<report>
				<misses>2658001</misses>
				<total>6</total>
				<timestamp>902.817243</timestamp>
			</report>
			<report>
				<misses>2659001</misses>
				<total>7</total>
				<timestamp>903.156829</timestamp>
			</report>
			<report>
				<misses>2660001</misses>
				<total>7</total>
				<timestamp>903.496454</timestamp>
			</report>
			<report>
				<misses>2661001</misses>
				<total>7</total>
				<timestamp>903.836143</timestamp>
			</report>
			<report>
				<misses>2662001</misses>
				<total>6</total>
				<timestamp>904.175866</timestamp>
			</report>
			<report>
				<misses>2663001</misses>
				<total>7</total>
				<timestamp>904.515445</timestamp>
			</report>
			<report>
				<misses>2664001</misses>
				<total>7</total>
				<timestamp>904.855222</timestamp>
			</report>
			<report>
				<misses>2665001</misses>
				<total>7</total>
				<timestamp>905.194775</timestamp>
			</report>
			<report>
				<misses>2666001</misses>
				<total>7</total>
				<timestamp>905.534412</timestamp>
			</report>
			<report>
				<misses>2667001</misses>
				<total>7</total>
				<timestamp>905.874170</timestamp>
			</report>
			<report>
				<misses>2668001</misses>
				<total>7</total>
				<timestamp>906.213771</timestamp>
			</report>
			<report>
				<misses>2669001</misses>
				<total>7</total>
				<timestamp>906.553409</timestamp>
			</report>
			<report>
				<misses>2670001</misses>
				<total>7</total>
				<timestamp>906.893119</timestamp>
			</report>
			<report>
				<misses>2671001</misses>
				<total>7</total>
				<timestamp>907.232750</timestamp>
			</report>
			<report>
				<misses>2672001</misses>
				<total>7</total>
				<timestamp>907.572392</timestamp>
			</report>
			<report>
				<misses>2673001</misses>
				<total>7</total>
				<timestamp>907.912113</timestamp>
			</report>
			<report>
				<misses>2674001</misses>
				<total>7</total>
				<timestamp>908.251721</timestamp>
			</report>
			<report>
				<misses>2675001</misses>
				<total>7</total>
				<timestamp>908.591397</timestamp>
			</report>
			<report>
				<misses>2676001</misses>
				<total>7</total>
				<timestamp>908.931057</timestamp>
			</report>
			<report>
				<misses>2677001</misses>
				<total>7</total>
				<timestamp>909.270691</timestamp>
			</report>
			<report>
				<misses>2678001</misses>
				<total>7</total>
				<timestamp>909.610350</timestamp>
			</report>
			<report>
				<misses>2679001</misses>
				<total>6</total>
				<timestamp>909.950139</timestamp>
			</report>
			<report>
				<misses>2680001</misses>
				<total>7</total>
				<timestamp>910.289677</timestamp>
			</report>
			<report>
				<misses>2681001</misses>
				<total>7</total>
				<timestamp>910.629328</timestamp>
			</report>
			<report>
				<misses>2682001</misses>
				<total>6</total>
				<timestamp>910.969108</timestamp>
			</report>
			<report>
				<misses>2683001</misses>
				<total>7</total>
				<timestamp>911.308651</timestamp>
			</report>
			<report>
				<misses>2684001</misses>
				<total>7</total>
				<timestamp>911.648335</timestamp>
			</report>
			<report>
				<misses>2685001</misses>
				<total>6</total>
				<timestamp>911.988114</timestamp>
			</report>
			<report>
				<misses>2686001</misses>
				<total>7</total>
				<timestamp>912.327622</timestamp>
			</report>
			<report>
				<misses>2687001</misses>
				<total>7</total>
				<timestamp>912.667289</timestamp>
			</report>
			<report>
				<misses>2688001</misses>
				<total>6</total>
				<timestamp>913.007090</timestamp>
			</report>
			<report>
				<misses>2689001</misses>
				<total>7</total>
				<timestamp>913.346600</timestamp>
			</report>
			<report>
				<misses>2690001</misses>
				<total>7</total>
				<timestamp>913.686332</timestamp>
			</report>
			<report>
				<misses>2691001</misses>
				<total>7</total>
				<timestamp>914.025905</timestamp>
			</report>
			<report>
				<misses>2692001</misses>
				<total>7</total>
				<timestamp>914.365582</timestamp>
			</report>
			<report>
				<misses>2693001</misses>
				<total>6</total>
				<timestamp>914.705349</timestamp>
			</report>
			<report>
				<misses>2694001</misses>
				<total>7</total>
				<timestamp>915.044888</timestamp>
			</report>
			<report>
				<misses>2695001</misses>
				<total>7</total>
				<timestamp>915.384561</timestamp>
			</report>
			<report>
				<misses>2696001</misses>
				<total>6</total>
				<timestamp>915.724315</timestamp>
			</report>
			<report>
				<misses>2697001</misses>
				<total>7</total>
				<timestamp>916.063930</timestamp>
			</report>
			<report>
				<misses>2698001</misses>
				<total>7</total>
				<timestamp>916.403571</timestamp>
			</report>
			<report>
				<misses>2699001</misses>
				<total>7</total>
				<timestamp>916.743232</timestamp>
			</report>
			<report>
				<misses>2700001</misses>
				<total>7</total>
				<timestamp>917.082874</timestamp>
			</report>
			<report>
				<misses>2701001</misses>
				<total>7</total>
				<timestamp>917.422524</timestamp>
			</report>
			<report>
				<misses>2702001</misses>
				<total>7</total>
				<timestamp>917.762188</timestamp>
			</report>
			<report>
				<misses>2703001</misses>
				<total>7</total>
				<timestamp>918.101832</timestamp>
			</report>
			<report>
				<misses>2704001</misses>
				<total>7</total>
				<timestamp>918.441501</timestamp>
			</report>
			<report>
				<misses>2705001</misses>
				<total>7</total>
				<timestamp>918.781212</timestamp>
			</report>
			<report>
				<misses>2706001</misses>
				<total>7</total>
				<timestamp>919.120822</timestamp>
			</report>
			<report>
				<misses>2707001</misses>
				<total>7</total>
				<timestamp>919.460484</timestamp>
			</report>
			<report>
				<misses>2708001</misses>
				<total>7</total>
				<timestamp>919.800160</timestamp>
			</report>
			<report>
				<misses>2709001</misses>
				<total>7</total>
				<timestamp>920.139795</timestamp>
			</report>
			<report>
				<misses>2710001</misses>
				<total>7</total>
				<timestamp>920.479459</timestamp>
			</report>
			<report>
				<misses>2711001</misses>
				<total>7</total>
				<timestamp>920.819186</timestamp>
			</report>
			<report>
				<misses>2712001</misses>
				<total>7</total>
				<timestamp>921.158764</timestamp>
			</report>
			<report>
				<misses>2713001</misses>
				<total>7</total>
				<timestamp>921.498444</timestamp>
			</report>
			<report>
				<misses>2714001</misses>
				<total>7</total>
				<timestamp>921.838154</timestamp>
			</report>
			<report>
				<misses>2715001</misses>
				<total>7</total>
				<timestamp>922.177765</timestamp>
			</report>
			<report>
				<misses>2716001</misses>
				<total>7</total>
				<timestamp>922.517429</timestamp>
			</report>
			<report>
				<misses>2717001</misses>
				<total>7</total>
				<timestamp>922.857105</timestamp>
			</report>
			<report>
				<misses>2718001</misses>
				<total>7</total>
				<timestamp>923.196744</timestamp>
			</report>
			<report>
				<misses>2719001</misses>
				<total>7</total>
				<timestamp>923.536392</timestamp>
			</report>
			<report>
				<misses>2720001</misses>
				<total>6</total>
				<timestamp>923.876152</timestamp>
			</report>
			<report>
				<misses>2721001</misses>
				<total>7</total>
				<timestamp>924.215710</timestamp>
			</report>
			<report>
				<misses>2722001</misses>
				<total>7</total>
				<timestamp>924.555384</timestamp>
			</report>
			<report>
				<misses>2723001</misses>
				<total>7</total>
				<timestamp>924.895039</timestamp>
			</report>
			<report>
				<misses>2724001</misses>
				<total>7</total>
				<timestamp>925.234729</timestamp>
			</report>
			<report>
				<misses>2725001</misses>
				<total>7</total>
				<timestamp>925.574342</timestamp>
			</report>
			<report>
				<misses>2726001</misses>
				<total>7</total>
				<timestamp>925.914062</timestamp>
			</report>
			<report>
				<misses>2727001</misses>
				<total>7</total>
				<timestamp>926.253660</timestamp>
			</report>
			<report>
				<misses>2728001</misses>
				<total>7</total>
				<timestamp>926.593362</timestamp>
			</report>
			<report>
				<misses>2729001</misses>
				<total>6</total>
				<timestamp>926.933122</timestamp>
			</report>
			<report>
				<misses>2730001</misses>
				<total>7</total>
				<timestamp>927.272674</timestamp>
			</report>
			<report>
				<misses>2731001</misses>
				<total>7</total>
				<timestamp>927.612334</timestamp>
			</report>
			<report>
				<misses>2732001</misses>
				<total>7</total>
				<timestamp>927.951992</timestamp>
			</report>
			<report>
				<misses>2733001</misses>
				<total>7</total>
				<timestamp>928.291708</timestamp>
			</report>
			<report>
				<misses>2734001</misses>
				<total>7</total>
				<timestamp>928.631318</timestamp>
			</report>
			<report>
				<misses>2735001</misses>
				<total>7</total>
				<timestamp>928.971033</timestamp>
			</report>
			<report>
				<misses>2736001</misses>
				<total>7</total>
				<timestamp>929.310617</timestamp>
			</report>
			<report>
				<misses>2737001</misses>
				<total>7</total>
				<timestamp>929.650294</timestamp>
			</report>
			<report>
				<misses>2738001</misses>
				<total>7</total>
				<timestamp>929.989987</timestamp>
			</report>
			<report>
				<misses>2739001</misses>
				<total>7</total>
				<timestamp>930.329620</timestamp>
			</report>
			<report>
				<misses>2740001</misses>
				<total>7</total>
				<timestamp>930.669266</timestamp>
			</report>
			<report>
				<misses>2741001</misses>
				<total>7</total>
				<timestamp>931.008996</timestamp>
			</report>
			<report>
				<misses>2742001</misses>
				<total>7</total>
				<timestamp>931.348587</timestamp>
			</report>
			<report>
				<misses>2743001</misses>
				<total>7</total>
				<timestamp>931.688259</timestamp>
			</report>
			<report>
				<misses>2744001</misses>
				<total>6</total>
				<timestamp>932.027997</timestamp>
			</report>
			<report>
				<misses>2745001</misses>
				<total>7</total>
				<timestamp>932.367583</timestamp>
			</report>
			<report>
				<misses>2746001</misses>
				<total>7</total>
				<timestamp>932.707235</timestamp>
			</report>
			<report>
				<misses>2747001</misses>
				<total>6</total>
				<timestamp>933.046997</timestamp>
			</report>
			<report>
				<misses>2748001</misses>
				<total>7</total>
				<timestamp>933.386536</timestamp>
			</report>
			<report>
				<misses>2749001</misses>
				<total>7</total>
				<timestamp>933.726209</timestamp>
			</report>
			<report>
				<misses>2750001</misses>
				<total>6</total>
				<timestamp>934.065984</timestamp>
			</report>
			<report>
				<misses>2751001</misses>
				<total>7</total>
				<timestamp>934.405507</timestamp>
			</report>
			<report>
				<misses>2752001</misses>
				<total>7</total>
				<timestamp>934.745201</timestamp>
			</report>
			<report>
				<misses>2753001</misses>
				<total>6</total>
				<timestamp>935.084959</timestamp>
			</report>
			<report>
				<misses>2754001</misses>
				<total>7</total>
				<timestamp>935.424490</timestamp>
			</report>
			<report>
				<misses>2755001</misses>
				<total>7</total>
				<timestamp>935.764171</timestamp>
			</report>
			<report>
				<misses>2756001</misses>
				<total>7</total>
				<timestamp>936.103842</timestamp>
			</report>
			<report>
				<misses>2757001</misses>
				<total>7</total>
				<timestamp>936.443496</timestamp>
			</report>
			<report>
				<misses>2758001</misses>
				<total>7</total>
				<timestamp>936.783181</timestamp>
			</report>
			<report>
				<misses>2759001</misses>
				<total>6</total>
				<timestamp>937.122935</timestamp>
			</report>
			<report>
				<misses>2760001</misses>
				<total>7</total>
				<timestamp>937.462476</timestamp>
			</report>
			<report>
				<misses>2761001</misses>
				<total>6</total>
				<timestamp>937.802221</timestamp>
			</report>
			<report>
				<misses>2762001</misses>
				<total>7</total>
				<timestamp>938.141810</timestamp>
			</report>
			<report>
				<misses>2763001</misses>
				<total>7</total>
				<timestamp>938.481452</timestamp>
			</report>
			<report>
				<misses>2764001</misses>
				<total>7</total>
				<timestamp>938.821166</timestamp>
			</report>
			<report>
				<misses>2765001</misses>
				<total>7</total>
				<timestamp>939.160782</timestamp>
			</report>
			<report>
				<misses>2766001</misses>
				<total>7</total>
				<timestamp>939.500462</timestamp>
			</report>
			<report>
				<misses>2767001</misses>
				<total>7</total>
				<timestamp>939.840092</timestamp>
			</report>
			<report>
				<misses>2768001</misses>
				<total>7</total>
				<timestamp>940.179779</timestamp>
			</report>
			<report>
				<misses>2769001</misses>
				<total>7</total>
				<timestamp>940.519389</timestamp>
			</report>
			<report>
				<misses>2770001</misses>
				<total>6</total>
				<timestamp>940.859181</timestamp>
			</report>
			<report>
				<misses>2771001</misses>
				<total>7</total>
				<timestamp>941.198848</timestamp>
			</report>
			<report>
				<misses>2772001</misses>
				<total>7</total>
				<timestamp>941.538386</timestamp>
			</report>
			<report>
				<misses>2773001</misses>
				<total>6</total>
				<timestamp>941.878173</timestamp>
			</report>
			<report>
				<misses>2774001</misses>
				<total>7</total>
				<timestamp>942.217707</timestamp>
			</report>
			<report>
				<misses>2775001</misses>
				<total>7</total>
				<timestamp>942.557378</timestamp>
			</report>
			<report>
				<misses>2776001</misses>
				<total>6</total>
				<timestamp>942.897147</timestamp>
			</report>
			<report>
				<misses>2777001</misses>
				<total>7</total>
				<timestamp>943.236690</timestamp>
			</report>
			<report>
				<misses>2778001</misses>
				<total>6</total>
				<timestamp>943.576485</timestamp>
			</report>
			<report>
				<misses>2779001</misses>
				<total>6</total>
				<timestamp>943.916135</timestamp>
			</report>
			<report>
				<misses>2780001</misses>
				<total>7</total>
				<timestamp>944.255650</timestamp>
			</report>
			<report>
				<misses>2781001</misses>
				<total>7</total>
				<timestamp>944.595342</timestamp>
			</report>
			<report>
				<misses>2782001</misses>
				<total>7</total>
				<timestamp>944.935004</timestamp>
			</report>
			<report>
				<misses>2783001</misses>
				<total>7</total>
				<timestamp>945.274639</timestamp>
			</report>
			<report>
				<misses>2784001</misses>
				<total>7</total>
				<timestamp>945.614289</timestamp>
			</report>
			<report>
				<misses>2785001</misses>
				<total>6</total>
				<timestamp>945.954124</timestamp>
			</report>
			<report>
				<misses>2786001</misses>
				<total>7</total>
				<timestamp>946.293661</timestamp>
			</report>
			<report>
				<misses>2787001</misses>
				<total>7</total>
				<timestamp>946.633284</timestamp>
			</report>
			<report>
				<misses>2788001</misses>
				<total>6</total>
				<timestamp>946.973047</timestamp>
			</report>
			<report>
				<misses>2789001</misses>
				<total>7</total>
				<timestamp>947.312648</timestamp>
			</report>
			<report>
				<misses>2790001</misses>
				<total>7</total>
				<timestamp>947.652261</timestamp>
			</report>
			<report>
				<misses>2791001</misses>
				<total>6</total>
				<timestamp>947.992004</timestamp>
			</report>
			<report>
				<misses>2792001</misses>
				<total>7</total>
				<timestamp>948.331587</timestamp>
			</report>
			<report>
				<misses>2793001</misses>
				<total>7</total>
				<timestamp>948.671241</timestamp>
			</report>
			<report>
				<misses>2794001</misses>
				<total>7</total>
				<timestamp>949.010958</timestamp>
			</report>
			<report>
				<misses>2795001</misses>
				<total>7</total>
				<timestamp>949.350546</timestamp>
			</report>
			<report>
				<misses>2796001</misses>
				<total>7</total>
				<timestamp>949.690226</timestamp>
			</report>
			<report>
				<misses>2797001</misses>
				<total>6</total>
				<timestamp>950.029954</timestamp>
			</report>
			<report>
				<misses>2798001</misses>
				<total>7</total>
				<timestamp>950.369539</timestamp>
			</report>
			<report>
				<misses>2799001</misses>
				<total>7</total>
				<timestamp>950.709206</timestamp>
			</report>
			<report>
				<misses>2800001</misses>
				<total>6</total>
				<timestamp>951.048973</timestamp>
			</report>
			<report>
				<misses>2801001</misses>
				<total>7</total>
				<timestamp>951.388515</timestamp>
			</report>
			<report>
				<misses>2802001</misses>
				<total>7</total>
				<timestamp>951.728164</timestamp>
			</report>
			<report>
				<misses>2803001</misses>
				<total>7</total>
				<timestamp>952.067858</timestamp>
			</report>
			<report>
				<misses>2804001</misses>
				<total>7</total>
				<timestamp>952.407490</timestamp>
			</report>
			<report>
				<misses>2805001</misses>
				<total>7</total>
				<timestamp>952.747162</timestamp>
			</report>
			<report>
				<misses>2806001</misses>
				<total>6</total>
				<timestamp>953.086943</timestamp>
			</report>
			<report>
				<misses>2807001</misses>
				<total>7</total>
				<timestamp>953.426495</timestamp>
			</report>
			<report>
				<misses>2808001</misses>
				<total>7</total>
				<timestamp>953.766143</timestamp>
			</report>
			<report>
				<misses>2809001</misses>
				<total>7</total>
				<timestamp>954.105875</timestamp>
			</report>
			<report>
				<misses>2810001</misses>
				<total>7</total>
				<timestamp>954.445497</timestamp>
			</report>
			<report>
				<misses>2811001</misses>
				<total>7</total>
				<timestamp>954.785143</timestamp>
			</report>
			<report>
				<misses>2812001</misses>
				<total>7</total>
				<timestamp>955.124840</timestamp>
			</report>
			<report>
				<misses>2813001</misses>
				<total>7</total>
				<timestamp>955.464457</timestamp>
			</report>
			<report>
				<misses>2814001</misses>
				<total>7</total>
				<timestamp>955.804110</timestamp>
			</report>
			<report>
				<misses>2815001</misses>
				<total>7</total>
				<timestamp>956.143837</timestamp>
			</report>
			<report>
				<misses>2816001</misses>
				<total>7</total>
				<timestamp>956.483438</timestamp>
			</report>
			<report>
				<misses>2817001</misses>
				<total>7</total>
				<timestamp>956.823115</timestamp>
			</report>
			<report>
				<misses>2818001</misses>
				<total>7</total>
				<timestamp>957.162835</timestamp>
			</report>
			<report>
				<misses>2819001</misses>
				<total>7</total>
				<timestamp>957.502414</timestamp>
			</report>
			<report>
				<misses>2820001</misses>
				<total>7</total>
				<timestamp>957.842080</timestamp>
			</report>
			<report>
				<misses>2821001</misses>
				<total>6</total>
				<timestamp>958.181834</timestamp>
			</report>
			<report>
				<misses>2822001</misses>
				<total>7</total>
				<timestamp>958.521401</timestamp>
			</report>
			<report>
				<misses>2823001</misses>
				<total>7</total>
				<timestamp>958.861039</timestamp>
			</report>
			<report>
				<misses>2824001</misses>
				<total>6</total>
				<timestamp>959.200803</timestamp>
			</report>
			<report>
				<misses>2825001</misses>
				<total>7</total>
				<timestamp>959.540371</timestamp>
			</report>
			<report>
				<misses>2826001</misses>
				<total>7</total>
				<timestamp>959.880032</timestamp>
			</report>
			<report>
				<misses>2827001</misses>
				<total>6</total>
				<timestamp>960.219818</timestamp>
			</report>
			<report>
				<misses>2828001</misses>
				<total>7</total>
				<timestamp>960.559332</timestamp>
			</report>
			<report>
				<misses>2829001</misses>
				<total>7</total>
				<timestamp>960.899000</timestamp>
			</report>
			<report>
				<misses>2830001</misses>
				<total>6</total>
				<timestamp>961.238817</timestamp>
			</report>
			<report>
				<misses>2831001</misses>
				<total>7</total>
				<timestamp>961.578314</timestamp>
			</report>
			<report>
				<misses>2832001</misses>
				<total>7</total>
				<timestamp>961.918025</timestamp>
			</report>
			<report>
				<misses>2833001</misses>
				<total>6</total>
				<timestamp>962.257753</timestamp>
			</report>
			<report>
				<misses>2834001</misses>
				<total>7</total>
				<timestamp>962.597291</timestamp>
			</report>
			<report>
				<misses>2835001</misses>
				<total>7</total>
				<timestamp>962.937009</timestamp>
			</report>
			<report>
				<misses>2836001</misses>
				<total>7</total>
				<timestamp>963.276669</timestamp>
			</report>
			<report>
				<misses>2837001</misses>
				<total>7</total>
				<timestamp>963.616315</timestamp>
			</report>
			<report>
				<misses>2838001</misses>
				<total>6</total>
				<timestamp>963.956059</timestamp>
			</report>
			<report>
				<misses>2839001</misses>
				<total>7</total>
				<timestamp>964.295594</timestamp>
			</report>
			<report>
				<misses>2840001</misses>
				<total>7</total>
				<timestamp>964.635281</timestamp>
			</report>
			<report>
				<misses>2841001</misses>
				<total>6</total>
				<timestamp>964.975021</timestamp>
			</report>
			<report>
				<misses>2842001</misses>
				<total>7</total>
				<timestamp>965.314594</timestamp>
			</report>
			<report>
				<misses>2843001</misses>
				<total>7</total>
				<timestamp>965.654238</timestamp>
			</report>
			<report>
				<misses>2844001</misses>
				<total>6</total>
				<timestamp>965.993997</timestamp>
			</report>
			<report>
				<misses>2845001</misses>
				<total>7</total>
				<timestamp>966.333603</timestamp>
			</report>
			<report>
				<misses>2846001</misses>
				<total>7</total>
				<timestamp>966.673223</timestamp>
			</report>
			<report>
				<misses>2847001</misses>
				<total>6</total>
				<timestamp>967.013009</timestamp>
			</report>
			<report>
				<misses>2848001</misses>
				<total>7</total>
				<timestamp>967.352583</timestamp>
			</report>
			<report>
				<misses>2849001</misses>
				<total>7</total>
				<timestamp>967.692210</timestamp>
			</report>
			<report>
				<misses>2850001</misses>
				<total>7</total>
				<timestamp>968.031870</timestamp>
			</report>
			<report>
				<misses>2851001</misses>
				<total>7</total>
				<timestamp>968.371537</timestamp>
			</report>
			<report>
				<misses>2852001</misses>
				<total>7</total>
				<timestamp>968.711187</timestamp>
			</report>
			<report>
				<misses>2853001</misses>
				<total>7</total>
				<timestamp>969.050865</timestamp>
			</report>
			<report>
				<misses>2854001</misses>
				<total>7</total>
				<timestamp>969.390496</timestamp>
			</report>
			<report>
				<misses>2855001</misses>
				<total>7</total>
				<timestamp>969.730149</timestamp>
			</report>
			<report>
				<misses>2856001</misses>
				<total>7</total>
				<timestamp>970.069826</timestamp>
			</report>
			<report>
				<misses>2857001</misses>
				<total>7</total>
				<timestamp>970.409499</timestamp>
			</report>
			<report>
				<misses>2858001</misses>
				<total>7</total>
				<timestamp>970.749133</timestamp>
			</report>
			<report>
				<misses>2859001</misses>
				<total>7</total>
				<timestamp>971.088794</timestamp>
			</report>
			<report>
				<misses>2860001</misses>
				<total>7</total>
				<timestamp>971.428454</timestamp>
			</report>
			<report>
				<misses>2861001</misses>
				<total>7</total>
				<timestamp>971.768121</timestamp>
			</report>
			<report>
				<misses>2862001</misses>
				<total>7</total>
				<timestamp>972.107794</timestamp>
			</report>
			<report>
				<misses>2863001</misses>
				<total>7</total>
				<timestamp>972.447462</timestamp>
			</report>
			<report>
				<misses>2864001</misses>
				<total>7</total>
				<timestamp>972.787100</timestamp>
			</report>
			<report>
				<misses>2865001</misses>
				<total>7</total>
				<timestamp>973.126911</timestamp>
			</report>
			<report>
				<misses>2866001</misses>
				<total>7</total>
				<timestamp>973.466551</timestamp>
			</report>
			<report>
				<misses>2867001</misses>
				<total>7</total>
				<timestamp>973.806078</timestamp>
			</report>
			<report>
				<misses>2868001</misses>
				<total>7</total>
				<timestamp>974.145865</timestamp>
			</report>
			<report>
				<misses>2869001</misses>
				<total>7</total>
				<timestamp>974.485531</timestamp>
			</report>
			<report>
				<misses>2870001</misses>
				<total>7</total>
				<timestamp>974.825082</timestamp>
			</report>
			<report>
				<misses>2871001</misses>
				<total>6</total>
				<timestamp>975.164859</timestamp>
			</report>
			<report>
				<misses>2872001</misses>
				<total>7</total>
				<timestamp>975.504525</timestamp>
			</report>
			<report>
				<misses>2873001</misses>
				<total>7</total>
				<timestamp>975.844044</timestamp>
			</report>
			<report>
				<misses>2874001</misses>
				<total>7</total>
				<timestamp>976.183826</timestamp>
			</report>
			<report>
				<misses>2875001</misses>
				<total>7</total>
				<timestamp>976.523367</timestamp>
			</report>
			<report>
				<misses>2876001</misses>
				<total>7</total>
				<timestamp>976.863149</timestamp>
			</report>
			<report>
				<misses>2877001</misses>
				<total>7</total>
				<timestamp>977.202814</timestamp>
			</report>
			<report>
				<misses>2878001</misses>
				<total>7</total>
				<timestamp>977.542344</timestamp>
			</report>
			<report>
				<misses>2879001</misses>
				<total>7</total>
				<timestamp>977.882003</timestamp>
			</report>
			<report>
				<misses>2880001</misses>
				<total>6</total>
				<timestamp>978.221788</timestamp>
			</report>
			<report>
				<misses>2881001</misses>
				<total>7</total>
				<timestamp>978.561318</timestamp>
			</report>
			<report>
				<misses>2882001</misses>
				<total>7</total>
				<timestamp>978.900983</timestamp>
			</report>
			<report>
				<misses>2883001</misses>
				<total>6</total>
				<timestamp>979.240772</timestamp>
			</report>
			<report>
				<misses>2884001</misses>
				<total>7</total>
				<timestamp>979.580320</timestamp>
			</report>
			<report>
				<misses>2885001</misses>
				<total>7</total>
				<timestamp>979.919963</timestamp>
			</report>
			<report>
				<misses>2886001</misses>
				<total>6</total>
				<timestamp>980.259751</timestamp>
			</report>
			<report>
				<misses>2887001</misses>
				<total>7</total>
				<timestamp>980.599407</timestamp>
			</report>
			<report>
				<misses>2888001</misses>
				<total>7</total>
				<timestamp>980.938947</timestamp>
			</report>
			<report>
				<misses>2889001</misses>
				<total>7</total>
				<timestamp>981.278728</timestamp>
			</report>
			<report>
				<misses>2890001</misses>
				<total>7</total>
				<timestamp>981.618383</timestamp>
			</report>
			<report>
				<misses>2891001</misses>
				<total>7</total>
				<timestamp>981.957929</timestamp>
			</report>
			<report>
				<misses>2892001</misses>
				<total>6</total>
				<timestamp>982.297702</timestamp>
			</report>
			<report>
				<misses>2893001</misses>
				<total>7</total>
				<timestamp>982.637368</timestamp>
			</report>
			<report>
				<misses>2894001</misses>
				<total>7</total>
				<timestamp>982.977023</timestamp>
			</report>
			<report>
				<misses>2895001</misses>
				<total>7</total>
				<timestamp>983.316686</timestamp>
			</report>
			<report>
				<misses>2896001</misses>
				<total>7</total>
				<timestamp>983.656222</timestamp>
			</report>
			<report>
				<misses>2897001</misses>
				<total>7</total>
				<timestamp>983.996009</timestamp>
			</report>
			<report>
				<misses>2898001</misses>
				<total>6</total>
				<timestamp>984.335668</timestamp>
			</report>
			<report>
				<misses>2899001</misses>
				<total>7</total>
				<timestamp>984.675328</timestamp>
			</report>
			<report>
				<misses>2900001</misses>
				<total>7</total>
				<timestamp>985.014980</timestamp>
			</report>
			<report>
				<misses>2901001</misses>
				<total>6</total>
				<timestamp>985.354651</timestamp>
			</report>
			<report>
				<misses>2902001</misses>
				<total>7</total>
				<timestamp>985.694182</timestamp>
			</report>
			<report>
				<misses>2903001</misses>
				<total>7</total>
				<timestamp>986.033959</timestamp>
			</report>
			<report>
				<misses>2904001</misses>
				<total>6</total>
				<timestamp>986.373650</timestamp>
			</report>
			<report>
				<misses>2905001</misses>
				<total>7</total>
				<timestamp>986.713163</timestamp>
			</report>
			<report>
				<misses>2906001</misses>
				<total>7</total>
				<timestamp>987.052947</timestamp>
			</report>
			<report>
				<misses>2907001</misses>
				<total>7</total>
				<timestamp>987.392604</timestamp>
			</report>
			<report>
				<misses>2908001</misses>
				<total>7</total>
				<timestamp>987.732138</timestamp>
			</report>
			<report>
				<misses>2909001</misses>
				<total>7</total>
				<timestamp>988.071926</timestamp>
			</report>
			<report>
				<misses>2910001</misses>
				<total>6</total>
				<timestamp>988.411626</timestamp>
			</report>
			<report>
				<misses>2911001</misses>
				<total>7</total>
				<timestamp>988.751119</timestamp>
			</report>
			<report>
				<misses>2912001</misses>
				<total>7</total>
				<timestamp>989.090775</timestamp>
			</report>
			<report>
				<misses>2913001</misses>
				<total>7</total>
				<timestamp>989.430561</timestamp>
			</report>
			<report>
				<misses>2914001</misses>
				<total>7</total>
				<timestamp>989.770097</timestamp>
			</report>
			<report>
				<misses>2915001</misses>
				<total>6</total>
				<timestamp>990.109891</timestamp>
			</report>
			<report>
				<misses>2916001</misses>
				<total>7</total>
				<timestamp>990.449419</timestamp>
			</report>
			<report>
				<misses>2917001</misses>
				<total>7</total>
				<timestamp>990.789082</timestamp>
			</report>
			<report>
				<misses>2918001</misses>
				<total>6</total>
				<timestamp>991.128865</timestamp>
			</report>
			<report>
				<misses>2919001</misses>
				<total>7</total>
				<timestamp>991.468522</timestamp>
			</report>
			<report>
				<misses>2920001</misses>
				<total>7</total>
				<timestamp>991.808066</timestamp>
			</report>
			<report>
				<misses>2921001</misses>
				<total>7</total>
				<timestamp>992.147843</timestamp>
			</report>
			<report>
				<misses>2922001</misses>
				<total>7</total>
				<timestamp>992.487500</timestamp>
			</report>
			<report>
				<misses>2923001</misses>
				<total>7</total>
				<timestamp>992.827040</timestamp>
			</report>
			<report>
				<misses>2924001</misses>
				<total>7</total>
				<timestamp>993.166704</timestamp>
			</report>
			<report>
				<misses>2925001</misses>
				<total>7</total>
				<timestamp>993.506364</timestamp>
			</report>
			<report>
				<misses>2926001</misses>
				<total>7</total>
				<timestamp>993.846026</timestamp>
			</report>
			<report>
				<misses>2927001</misses>
				<total>7</total>
				<timestamp>994.185807</timestamp>
			</report>
			<report>
				<misses>2928001</misses>
				<total>7</total>
				<timestamp>994.525342</timestamp>
			</report>
			<report>
				<misses>2929001</misses>
				<total>7</total>
				<timestamp>994.865125</timestamp>
			</report>
			<report>
				<misses>2930001</misses>
				<total>7</total>
				<timestamp>995.204784</timestamp>
			</report>
			<report>
				<misses>2931001</misses>
				<total>7</total>
				<timestamp>995.544332</timestamp>
			</report>
			<report>
				<misses>2932001</misses>
				<total>7</total>
				<timestamp>995.883986</timestamp>
			</report>
			<report>
				<misses>2933001</misses>
				<total>7</total>
				<timestamp>996.223762</timestamp>
			</report>
			<report>
				<misses>2934001</misses>
				<total>7</total>
				<timestamp>996.563308</timestamp>
			</report>
			<report>
				<misses>2935001</misses>
				<total>7</total>
				<timestamp>996.903086</timestamp>
			</report>
			<report>
				<misses>2936001</misses>
				<total>6</total>
				<timestamp>997.242742</timestamp>
			</report>
			<report>
				<misses>2937001</misses>
				<total>7</total>
				<timestamp>997.582403</timestamp>
			</report>
			<report>
				<misses>2938001</misses>
				<total>7</total>
				<timestamp>997.922065</timestamp>
			</report>
			<report>
				<misses>2939001</misses>
				<total>6</total>
				<timestamp>998.261726</timestamp>
			</report>
			<report>
				<misses>2940001</misses>
				<total>7</total>
				<timestamp>998.601386</timestamp>
			</report>
			<report>
				<misses>2941001</misses>
				<total>7</total>
				<timestamp>998.940929</timestamp>
			</report>
			<report>
				<misses>2942001</misses>
				<total>7</total>
				<timestamp>999.280704</timestamp>
			</report>
			<report>
				<misses>2943001</misses>
				<total>7</total>
				<timestamp>999.620364</timestamp>
			</report>
			<report>
				<misses>2944001</misses>
				<total>7</total>
				<timestamp>999.960027</timestamp>
			</report>
			<report>
				<misses>2945001</misses>
				<total>6</total>
				<timestamp>1000.299681</timestamp>
			</report>
			<report>
				<misses>2946001</misses>
				<total>7</total>
				<timestamp>1000.639219</timestamp>
			</report>
			<report>
				<misses>2947001</misses>
				<total>7</total>
				<timestamp>1000.978875</timestamp>
			</report>
			<report>
				<misses>2948001</misses>
				<total>7</total>
				<timestamp>1001.318666</timestamp>
			</report>
			<report>
				<misses>2949001</misses>
				<total>7</total>
				<timestamp>1001.658198</timestamp>
			</report>
			<report>
				<misses>2950001</misses>
				<total>7</total>
				<timestamp>1001.997856</timestamp>
			</report>
			<report>
				<misses>2951001</misses>
				<total>6</total>
				<timestamp>1002.337649</timestamp>
			</report>
			<report>
				<misses>2952001</misses>
				<total>7</total>
				<timestamp>1002.677178</timestamp>
			</report>
			<report>
				<misses>2953001</misses>
				<total>7</total>
				<timestamp>1003.016834</timestamp>
			</report>
			<report>
				<misses>2954001</misses>
				<total>7</total>
				<timestamp>1003.356623</timestamp>
			</report>
			<report>
				<misses>2955001</misses>
				<total>7</total>
				<timestamp>1003.696160</timestamp>
			</report>
			<report>
				<misses>2956001</misses>
				<total>7</total>
				<timestamp>1004.035943</timestamp>
			</report>
			<report>
				<misses>2957001</misses>
				<total>7</total>
				<timestamp>1004.375603</timestamp>
			</report>
			<report>
				<misses>2958001</misses>
				<total>7</total>
				<timestamp>1004.715136</timestamp>
			</report>
			<report>
				<misses>2959001</misses>
				<total>7</total>
				<timestamp>1005.054926</timestamp>
			</report>
			<report>
				<misses>2960001</misses>
				<total>7</total>
				<timestamp>1005.394589</timestamp>
			</report>
			<report>
				<misses>2961001</misses>
				<total>7</total>
				<timestamp>1005.734123</timestamp>
			</report>
			<report>
				<misses>2962001</misses>
				<total>7</total>
				<timestamp>1006.073779</timestamp>
			</report>
			<report>
				<misses>2963001</misses>
				<total>7</total>
				<timestamp>1006.413571</timestamp>
			</report>
			<report>
				<misses>2964001</misses>
				<total>7</total>
				<timestamp>1006.753100</timestamp>
			</report>
			<report>
				<misses>2965001</misses>
				<total>7</total>
				<timestamp>1007.092881</timestamp>
			</report>
			<report>
				<misses>2966001</misses>
				<total>7</total>
				<timestamp>1007.432543</timestamp>
			</report>
			<report>
				<misses>2967001</misses>
				<total>7</total>
				<timestamp>1007.772082</timestamp>
			</report>
			<report>
				<misses>2968001</misses>
				<total>7</total>
				<timestamp>1008.111741</timestamp>
			</report>
			<report>
				<misses>2969001</misses>
				<total>6</total>
				<timestamp>1008.451532</timestamp>
			</report>
			<report>
				<misses>2970001</misses>
				<total>7</total>
				<timestamp>1008.791062</timestamp>
			</report>
			<report>
				<misses>2971001</misses>
				<total>7</total>
				<timestamp>1009.130841</timestamp>
			</report>
			<report>
				<misses>2972001</misses>
				<total>6</total>
				<timestamp>1009.470510</timestamp>
			</report>
			<report>
				<misses>2973001</misses>
				<total>7</total>
				<timestamp>1009.810162</timestamp>
			</report>
			<report>
				<misses>2974001</misses>
				<total>7</total>
				<timestamp>1010.149825</timestamp>
			</report>
			<report>
				<misses>2975001</misses>
				<total>7</total>
				<timestamp>1010.489486</timestamp>
			</report>
			<report>
				<misses>2976001</misses>
				<total>7</total>
				<timestamp>1010.829018</timestamp>
			</report>
			<report>
				<misses>2977001</misses>
				<total>7</total>
				<timestamp>1011.168804</timestamp>
			</report>
			<report>
				<misses>2978001</misses>
				<total>7</total>
				<timestamp>1011.508340</timestamp>
			</report>
			<report>
				<misses>2979001</misses>
				<total>7</total>
				<timestamp>1011.848002</timestamp>
			</report>
			<report>
				<misses>2980001</misses>
				<total>7</total>
				<timestamp>1012.187791</timestamp>
			</report>
			<report>
				<misses>2981001</misses>
				<total>7</total>
				<timestamp>1012.527428</timestamp>
			</report>
			<report>
				<misses>2982001</misses>
				<total>7</total>
				<timestamp>1012.866975</timestamp>
			</report>
			<report>
				<misses>2983001</misses>
				<total>7</total>
				<timestamp>1013.206667</timestamp>
			</report>
			<report>
				<misses>2984001</misses>
				<total>7</total>
				<timestamp>1013.546338</timestamp>
			</report>
			<report>
				<misses>2985001</misses>
				<total>7</total>
				<timestamp>1013.885961</timestamp>
			</report>
			<report>
				<misses>2986001</misses>
				<total>7</total>
				<timestamp>1014.225648</timestamp>
			</report>
			<report>
				<misses>2987001</misses>
				<total>6</total>
				<timestamp>1014.565475</timestamp>
			</report>
			<report>
				<misses>2988001</misses>
				<total>7</total>
				<timestamp>1014.904957</timestamp>
			</report>
			<report>
				<misses>2989001</misses>
				<total>6</total>
				<timestamp>1015.244688</timestamp>
			</report>
			<report>
				<misses>2990001</misses>
				<total>7</total>
				<timestamp>1015.584297</timestamp>
			</report>
			<report>
				<misses>2991001</misses>
				<total>7</total>
				<timestamp>1015.923927</timestamp>
			</report>
			<report>
				<misses>2992001</misses>
				<total>6</total>
				<timestamp>1016.263687</timestamp>
			</report>
			<report>
				<misses>2993001</misses>
				<total>7</total>
				<timestamp>1016.603231</timestamp>
			</report>
			<report>
				<misses>2994001</misses>
				<total>7</total>
				<timestamp>1016.942911</timestamp>
			</report>
			<report>
				<misses>2995001</misses>
				<total>7</total>
				<timestamp>1017.282554</timestamp>
			</report>
			<report>
				<misses>2996001</misses>
				<total>7</total>
				<timestamp>1017.622242</timestamp>
			</report>
			<report>
				<misses>2997001</misses>
				<total>7</total>
				<timestamp>1017.961879</timestamp>
			</report>
			<report>
				<misses>2998001</misses>
				<total>7</total>
				<timestamp>1018.301551</timestamp>
			</report>
			<report>
				<misses>2999001</misses>
				<total>7</total>
				<timestamp>1018.641194</timestamp>
			</report>
			<report>
				<misses>3000001</misses>
				<total>7</total>
				<timestamp>1018.980865</timestamp>
			</report>
			<report>
				<misses>3001001</misses>
				<total>7</total>
				<timestamp>1019.320537</timestamp>
			</report>
			<report>
				<misses>3002001</misses>
				<total>7</total>
				<timestamp>1019.660167</timestamp>
			</report>
			<report>
				<misses>3003001</misses>
				<total>7</total>
				<timestamp>1019.999861</timestamp>
			</report>
			<report>
				<misses>3004001</misses>
				<total>7</total>
				<timestamp>1020.339535</timestamp>
			</report>
			<report>
				<misses>3005001</misses>
				<total>7</total>
				<timestamp>1020.679169</timestamp>
			</report>
			<report>
				<misses>3006001</misses>
				<total>7</total>
				<timestamp>1021.018823</timestamp>
			</report>
			<report>
				<misses>3007001</misses>
				<total>7</total>
				<timestamp>1021.358497</timestamp>
			</report>
			<report>
				<misses>3008001</misses>
				<total>7</total>
				<timestamp>1021.698125</timestamp>
			</report>
			<report>
				<misses>3009001</misses>
				<total>7</total>
				<timestamp>1022.037807</timestamp>
			</report>
			<report>
				<misses>3010001</misses>
				<total>6</total>
				<timestamp>1022.377561</timestamp>
			</report>
			<report>
				<misses>3011001</misses>
				<total>7</total>
				<timestamp>1022.717107</timestamp>
			</report>
			<report>
				<misses>3012001</misses>
				<total>7</total>
				<timestamp>1023.056778</timestamp>
			</report>
			<report>
				<misses>3013001</misses>
				<total>7</total>
				<timestamp>1023.396478</timestamp>
			</report>
			<report>
				<misses>3014001</misses>
				<total>7</total>
				<timestamp>1023.736103</timestamp>
			</report>
			<report>
				<misses>3015001</misses>
				<total>7</total>
				<timestamp>1024.075775</timestamp>
			</report>
			<report>
				<misses>3016001</misses>
				<total>6</total>
				<timestamp>1024.415512</timestamp>
			</report>
			<report>
				<misses>3017001</misses>
				<total>7</total>
				<timestamp>1024.755071</timestamp>
			</report>
			<report>
				<misses>3018001</misses>
				<total>7</total>
				<timestamp>1025.094772</timestamp>
			</report>
			<report>
				<misses>3019001</misses>
				<total>7</total>
				<timestamp>1025.434422</timestamp>
			</report>
			<report>
				<misses>3020001</misses>
				<total>7</total>
				<timestamp>1025.774077</timestamp>
			</report>
			<report>
				<misses>3021001</misses>
				<total>7</total>
				<timestamp>1026.113761</timestamp>
			</report>
			<report>
				<misses>3022001</misses>
				<total>7</total>
				<timestamp>1026.453388</timestamp>
			</report>
			<report>
				<misses>3023001</misses>
				<total>7</total>
				<timestamp>1026.793058</timestamp>
			</report>
			<report>
				<misses>3024001</misses>
				<total>7</total>
				<timestamp>1027.132700</timestamp>
			</report>
			<report>
				<misses>3025001</misses>
				<total>6</total>
				<timestamp>1027.472492</timestamp>
			</report>
			<report>
				<misses>3026001</misses>
				<total>7</total>
				<timestamp>1027.812061</timestamp>
			</report>
			<report>
				<misses>3027001</misses>
				<total>7</total>
				<timestamp>1028.151680</timestamp>
			</report>
			<report>
				<misses>3028001</misses>
				<total>7</total>
				<timestamp>1028.491386</timestamp>
			</report>
			<report>
				<misses>3029001</misses>
				<total>7</total>
				<timestamp>1028.831001</timestamp>
			</report>
			<report>
				<misses>3030001</misses>
				<total>7</total>
				<timestamp>1029.170674</timestamp>
			</report>
			<report>
				<misses>3031001</misses>
				<total>7</total>
				<timestamp>1029.510393</timestamp>
			</report>
			<report>
				<misses>3032001</misses>
				<total>7</total>
				<timestamp>1029.849974</timestamp>
			</report>
			<report>
				<misses>3033001</misses>
				<total>7</total>
				<timestamp>1030.189668</timestamp>
			</report>
			<report>
				<misses>3034001</misses>
				<total>7</total>
				<timestamp>1030.529368</timestamp>
			</report>
			<report>
				<misses>3035001</misses>
				<total>7</total>
				<timestamp>1030.868963</timestamp>
			</report>
			<report>
				<misses>3036001</misses>
				<total>7</total>
				<timestamp>1031.208627</timestamp>
			</report>
			<report>
				<misses>3037001</misses>
				<total>7</total>
				<timestamp>1031.548332</timestamp>
			</report>
			<report>
				<misses>3038001</misses>
				<total>7</total>
				<timestamp>1031.887974</timestamp>
			</report>
			<report>
				<misses>3039001</misses>
				<total>7</total>
				<timestamp>1032.227616</timestamp>
			</report>
			<report>
				<misses>3040001</misses>
				<total>7</total>
				<timestamp>1032.567336</timestamp>
			</report>
			<report>
				<misses>3041001</misses>
				<total>7</total>
				<timestamp>1032.906924</timestamp>
			</report>
			<report>
				<misses>3042001</misses>
				<total>6</total>
				<timestamp>1033.246712</timestamp>
			</report>
			<report>
				<misses>3043001</misses>
				<total>6</total>
				<timestamp>1033.586345</timestamp>
			</report>
			<report>
				<misses>3044001</misses>
				<total>6</total>
				<timestamp>1033.926022</timestamp>
			</report>
			<report>
				<misses>3045001</misses>
				<total>7</total>
				<timestamp>1034.265560</timestamp>
			</report>
			<report>
				<misses>3046001</misses>
				<total>6</total>
				<timestamp>1034.605360</timestamp>
			</report>
			<report>
				<misses>3047001</misses>
				<total>7</total>
				<timestamp>1034.944869</timestamp>
			</report>
			<report>
				<misses>3048001</misses>
				<total>7</total>
				<timestamp>1035.284557</timestamp>
			</report>
			<report>
				<misses>3049001</misses>
				<total>6</total>
				<timestamp>1035.624320</timestamp>
			</report>
			<report>
				<misses>3050001</misses>
				<total>7</total>
				<timestamp>1035.963864</timestamp>
			</report>
			<report>
				<misses>3051001</misses>
				<total>7</total>
				<timestamp>1036.303536</timestamp>
			</report>
			<report>
				<misses>3052001</misses>
				<total>6</total>
				<timestamp>1036.643338</timestamp>
			</report>
			<report>
				<misses>3053001</misses>
				<total>7</total>
				<timestamp>1036.982841</timestamp>
			</report>
			<report>
				<misses>3054001</misses>
				<total>7</total>
				<timestamp>1037.322567</timestamp>
			</report>
			<report>
				<misses>3055001</misses>
				<total>7</total>
				<timestamp>1037.662175</timestamp>
			</report>
			<report>
				<misses>3056001</misses>
				<total>7</total>
				<timestamp>1038.001820</timestamp>
			</report>
			<report>
				<misses>3057001</misses>
				<total>6</total>
				<timestamp>1038.341548</timestamp>
			</report>
			<report>
				<misses>3058001</misses>
				<total>7</total>
				<timestamp>1038.681141</timestamp>
			</report>
			<report>
				<misses>3059001</misses>
				<total>7</total>
				<timestamp>1039.020823</timestamp>
			</report>
			<report>
				<misses>3060001</misses>
				<total>6</total>
				<timestamp>1039.360535</timestamp>
			</report>
			<report>
				<misses>3061001</misses>
				<total>7</total>
				<timestamp>1039.700172</timestamp>
			</report>
			<report>
				<misses>3062001</misses>
				<total>7</total>
				<timestamp>1040.039803</timestamp>
			</report>
			<report>
				<misses>3063001</misses>
				<total>6</total>
				<timestamp>1040.379548</timestamp>
			</report>
			<report>
				<misses>3064001</misses>
				<total>7</total>
				<timestamp>1040.719086</timestamp>
			</report>
			<report>
				<misses>3065001</misses>
				<total>7</total>
				<timestamp>1041.058763</timestamp>
			</report>
			<report>
				<misses>3066001</misses>
				<total>6</total>
				<timestamp>1041.398537</timestamp>
			</report>
			<report>
				<misses>3067001</misses>
				<total>7</total>
				<timestamp>1041.738081</timestamp>
			</report>
			<report>
				<misses>3068001</misses>
				<total>7</total>
				<timestamp>1042.077762</timestamp>
			</report>
			<report>
				<misses>3069001</misses>
				<total>6</total>
				<timestamp>1042.417536</timestamp>
			</report>
			<report>
				<misses>3070001</misses>
				<total>7</total>
				<timestamp>1042.757069</timestamp>
			</report>
			<report>
				<misses>3071001</misses>
				<total>7</total>
				<timestamp>1043.096714</timestamp>
			</report>
			<report>
				<misses>3072001</misses>
				<total>7</total>
				<timestamp>1043.436429</timestamp>
			</report>
			<report>
				<misses>3073001</misses>
				<total>7</total>
				<timestamp>1043.776032</timestamp>
			</report>
			<report>
				<misses>3074001</misses>
				<total>7</total>
				<timestamp>1044.115700</timestamp>
			</report>
			<report>
				<misses>3075001</misses>
				<total>7</total>
				<timestamp>1044.455392</timestamp>
			</report>
			<report>
				<misses>3076001</misses>
				<total>7</total>
				<timestamp>1044.795037</timestamp>
			</report>
			<report>
				<misses>3077001</misses>
				<total>7</total>
				<timestamp>1045.134674</timestamp>
			</report>
			<report>
				<misses>3078001</misses>
				<total>7</total>
				<timestamp>1045.474359</timestamp>
			</report>
			<report>
				<misses>3079001</misses>
				<total>7</total>
				<timestamp>1045.814033</timestamp>
			</report>
			<report>
				<misses>3080001</misses>
				<total>7</total>
				<timestamp>1046.153665</timestamp>
			</report>
			<report>
				<misses>3081001</misses>
				<total>7</total>
				<timestamp>1046.493403</timestamp>
			</report>
			<report>
				<misses>3082001</misses>
				<total>7</total>
				<timestamp>1046.832963</timestamp>
			</report>
			<report>
				<misses>3083001</misses>
				<total>7</total>
				<timestamp>1047.172631</timestamp>
			</report>
			<report>
				<misses>3084001</misses>
				<total>7</total>
				<timestamp>1047.512380</timestamp>
			</report>
			<report>
				<misses>3085001</misses>
				<total>7</total>
				<timestamp>1047.851951</timestamp>
			</report>
			<report>
				<misses>3086001</misses>
				<total>7</total>
				<timestamp>1048.191622</timestamp>
			</report>
			<report>
				<misses>3087001</misses>
				<total>6</total>
				<timestamp>1048.531380</timestamp>
			</report>
			<report>
				<misses>3088001</misses>
				<total>7</total>
				<timestamp>1048.870931</timestamp>
			</report>
			<report>
				<misses>3089001</misses>
				<total>7</total>
				<timestamp>1049.210595</timestamp>
			</report>
			<report>
				<misses>3090001</misses>
				<total>7</total>
				<timestamp>1049.550315</timestamp>
			</report>
			<report>
				<misses>3091001</misses>
				<total>7</total>
				<timestamp>1049.889901</timestamp>
			</report>
			<report>
				<misses>3092001</misses>
				<total>7</total>
				<timestamp>1050.229590</timestamp>
			</report>
			<report>
				<misses>3093001</misses>
				<total>7</total>
				<timestamp>1050.569273</timestamp>
			</report>
			<report>
				<misses>3094001</misses>
				<total>7</total>
				<timestamp>1050.908890</timestamp>
			</report>
			<report>
				<misses>3095001</misses>
				<total>7</total>
				<timestamp>1051.248554</timestamp>
			</report>
			<report>
				<misses>3096001</misses>
				<total>6</total>
				<timestamp>1051.588339</timestamp>
			</report>
			<report>
				<misses>3097001</misses>
				<total>7</total>
				<timestamp>1051.927874</timestamp>
			</report>
			<report>
				<misses>3098001</misses>
				<total>7</total>
				<timestamp>1052.267558</timestamp>
			</report>
			<report>
				<misses>3099001</misses>
				<total>7</total>
				<timestamp>1052.607278</timestamp>
			</report>
			<report>
				<misses>3100001</misses>
				<total>7</total>
				<timestamp>1052.946863</timestamp>
			</report>
			<report>
				<misses>3101001</misses>
				<total>7</total>
				<timestamp>1053.286552</timestamp>
			</report>
			<report>
				<misses>3102001</misses>
				<total>7</total>
				<timestamp>1053.626235</timestamp>
			</report>
			<report>
				<misses>3103001</misses>
				<total>7</total>
				<timestamp>1053.965869</timestamp>
			</report>
			<report>
				<misses>3104001</misses>
				<total>7</total>
				<timestamp>1054.305496</timestamp>
			</report>
			<report>
				<misses>3105001</misses>
				<total>7</total>
				<timestamp>1054.645252</timestamp>
			</report>
			<report>
				<misses>3106001</misses>
				<total>7</total>
				<timestamp>1054.984833</timestamp>
			</report>
			<report>
				<misses>3107001</misses>
				<total>7</total>
				<timestamp>1055.324480</timestamp>
			</report>
			<report>
				<misses>3108001</misses>
				<total>6</total>
				<timestamp>1055.664252</timestamp>
			</report>
			<report>
				<misses>3109001</misses>
				<total>7</total>
				<timestamp>1056.003819</timestamp>
			</report>
			<report>
				<misses>3110001</misses>
				<total>7</total>
				<timestamp>1056.343468</timestamp>
			</report>
			<report>
				<misses>3111001</misses>
				<total>7</total>
				<timestamp>1056.683193</timestamp>
			</report>
			<report>
				<misses>3112001</misses>
				<total>7</total>
				<timestamp>1057.022760</timestamp>
			</report>
			<report>
				<misses>3113001</misses>
				<total>7</total>
				<timestamp>1057.362436</timestamp>
			</report>
			<report>
				<misses>3114001</misses>
				<total>6</total>
				<timestamp>1057.702195</timestamp>
			</report>
			<report>
				<misses>3115001</misses>
				<total>7</total>
				<timestamp>1058.041789</timestamp>
			</report>
			<report>
				<misses>3116001</misses>
				<total>7</total>
				<timestamp>1058.381427</timestamp>
			</report>
			<report>
				<misses>3117001</misses>
				<total>7</total>
				<timestamp>1058.721156</timestamp>
			</report>
			<report>
				<misses>3118001</misses>
				<total>7</total>
				<timestamp>1059.060722</timestamp>
			</report>
			<report>
				<misses>3119001</misses>
				<total>7</total>
				<timestamp>1059.400422</timestamp>
			</report>
			<report>
				<misses>3120001</misses>
				<total>6</total>
				<timestamp>1059.740183</timestamp>
			</report>
			<report>
				<misses>3121001</misses>
				<total>7</total>
				<timestamp>1060.079705</timestamp>
			</report>
			<report>
				<misses>3122001</misses>
				<total>7</total>
				<timestamp>1060.419415</timestamp>
			</report>
			<report>
				<misses>3123001</misses>
				<total>6</total>
				<timestamp>1060.759178</timestamp>
			</report>
			<report>
				<misses>3124001</misses>
				<total>7</total>
				<timestamp>1061.098710</timestamp>
			</report>
			<report>
				<misses>3125001</misses>
				<total>7</total>
				<timestamp>1061.438427</timestamp>
			</report>
			<report>
				<misses>3126001</misses>
				<total>7</total>
				<timestamp>1061.778020</timestamp>
			</report>
			<report>
				<misses>3127001</misses>
				<total>7</total>
				<timestamp>1062.117689</timestamp>
			</report>
			<report>
				<misses>3128001</misses>
				<total>7</total>
				<timestamp>1062.457356</timestamp>
			</report>
			<report>
				<misses>3129001</misses>
				<total>7</total>
				<timestamp>1062.797020</timestamp>
			</report>
			<report>
				<misses>3130001</misses>
				<total>7</total>
				<timestamp>1063.136680</timestamp>
			</report>
			<report>
				<misses>3131001</misses>
				<total>7</total>
				<timestamp>1063.476375</timestamp>
			</report>
			<report>
				<misses>3132001</misses>
				<total>7</total>
				<timestamp>1063.815977</timestamp>
			</report>
			<report>
				<misses>3133001</misses>
				<total>7</total>
				<timestamp>1064.155657</timestamp>
			</report>
			<report>
				<misses>3134001</misses>
				<total>6</total>
				<timestamp>1064.495384</timestamp>
			</report>
			<report>
				<misses>3135001</misses>
				<total>7</total>
				<timestamp>1064.834960</timestamp>
			</report>
			<report>
				<misses>3136001</misses>
				<total>7</total>
				<timestamp>1065.174636</timestamp>
			</report>
			<report>
				<misses>3137001</misses>
				<total>7</total>
				<timestamp>1065.514288</timestamp>
			</report>
			<report>
				<misses>3138001</misses>
				<total>7</total>
				<timestamp>1065.853937</timestamp>
			</report>
			<report>
				<misses>3139001</misses>
				<total>7</total>
				<timestamp>1066.193616</timestamp>
			</report>
			<report>
				<misses>3140001</misses>
				<total>7</total>
				<timestamp>1066.533353</timestamp>
			</report>
			<report>
				<misses>3141001</misses>
				<total>6</total>
				<timestamp>1066.873011</timestamp>
			</report>
			<report>
				<misses>3142001</misses>
				<total>7</total>
				<timestamp>1067.212573</timestamp>
			</report>
			<report>
				<misses>3143001</misses>
				<total>7</total>
				<timestamp>1067.552259</timestamp>
			</report>
			<report>
				<misses>3144001</misses>
				<total>7</total>
				<timestamp>1067.891906</timestamp>
			</report>
			<report>
				<misses>3145001</misses>
				<total>7</total>
				<timestamp>1068.231578</timestamp>
			</report>
			<report>
				<misses>3146001</misses>
				<total>7</total>
				<timestamp>1068.571231</timestamp>
			</report>
			<report>
				<misses>3147001</misses>
				<total>7</total>
				<timestamp>1068.910888</timestamp>
			</report>
			<report>
				<misses>3148001</misses>
				<total>7</total>
				<timestamp>1069.250540</timestamp>
			</report>
			<report>
				<misses>3149001</misses>
				<total>7</total>
				<timestamp>1069.590246</timestamp>
			</report>
			<report>
				<misses>3150001</misses>
				<total>7</total>
				<timestamp>1069.929851</timestamp>
			</report>
			<report>
				<misses>3151001</misses>
				<total>7</total>
				<timestamp>1070.269516</timestamp>
			</report>
			<report>
				<misses>3152001</misses>
				<total>7</total>
				<timestamp>1070.609232</timestamp>
			</report>
			<report>
				<misses>3153001</misses>
				<total>7</total>
				<timestamp>1070.948872</timestamp>
			</report>
			<report>
				<misses>3154001</misses>
				<total>7</total>
				<timestamp>1071.288495</timestamp>
			</report>
			<report>
				<misses>3155001</misses>
				<total>6</total>
				<timestamp>1071.628233</timestamp>
			</report>
			<report>
				<misses>3156001</misses>
				<total>7</total>
				<timestamp>1071.967820</timestamp>
			</report>
			<report>
				<misses>3157001</misses>
				<total>7</total>
				<timestamp>1072.307463</timestamp>
			</report>
			<report>
				<misses>3158001</misses>
				<total>6</total>
				<timestamp>1072.647223</timestamp>
			</report>
			<report>
				<misses>3159001</misses>
				<total>7</total>
				<timestamp>1072.986856</timestamp>
			</report>
			<report>
				<misses>3160001</misses>
				<total>7</total>
				<timestamp>1073.326462</timestamp>
			</report>
			<report>
				<misses>3161001</misses>
				<total>6</total>
				<timestamp>1073.666221</timestamp>
			</report>
			<report>
				<misses>3162001</misses>
				<total>7</total>
				<timestamp>1074.005776</timestamp>
			</report>
			<report>
				<misses>3163001</misses>
				<total>7</total>
				<timestamp>1074.345439</timestamp>
			</report>
			<report>
				<misses>3164001</misses>
				<total>6</total>
				<timestamp>1074.685184</timestamp>
			</report>
			<report>
				<misses>3165001</misses>
				<total>7</total>
				<timestamp>1075.024761</timestamp>
			</report>
			<report>
				<misses>3166001</misses>
				<total>7</total>
				<timestamp>1075.364433</timestamp>
			</report>
			<report>
				<misses>3167001</misses>
				<total>6</total>
				<timestamp>1075.704180</timestamp>
			</report>
			<report>
				<misses>3168001</misses>
				<total>7</total>
				<timestamp>1076.043797</timestamp>
			</report>
			<report>
				<misses>3169001</misses>
				<total>7</total>
				<timestamp>1076.383408</timestamp>
			</report>
			<report>
				<misses>3170001</misses>
				<total>6</total>
				<timestamp>1076.723160</timestamp>
			</report>
			<report>
				<misses>3171001</misses>
				<total>7</total>
				<timestamp>1077.062715</timestamp>
			</report>
			<report>
				<misses>3172001</misses>
				<total>7</total>
				<timestamp>1077.402381</timestamp>
			</report>
			<report>
				<misses>3173001</misses>
				<total>7</total>
				<timestamp>1077.742055</timestamp>
			</report>
			<report>
				<misses>3174001</misses>
				<total>7</total>
				<timestamp>1078.081757</timestamp>
			</report>
			<report>
				<misses>3175001</misses>
				<total>7</total>
				<timestamp>1078.421380</timestamp>
			</report>
			<report>
				<misses>3176001</misses>
				<total>6</total>
				<timestamp>1078.761174</timestamp>
			</report>
			<report>
				<misses>3177001</misses>
				<total>7</total>
				<timestamp>1079.100706</timestamp>
			</report>
			<report>
				<misses>3178001</misses>
				<total>7</total>
				<timestamp>1079.440362</timestamp>
			</report>
			<report>
				<misses>3179001</misses>
				<total>7</total>
				<timestamp>1079.780050</timestamp>
			</report>
			<report>
				<misses>3180001</misses>
				<total>7</total>
				<timestamp>1080.119656</timestamp>
			</report>
			<report>
				<misses>3181001</misses>
				<total>7</total>
				<timestamp>1080.459331</timestamp>
			</report>
			<report>
				<misses>3182001</misses>
				<total>7</total>
				<timestamp>1080.799049</timestamp>
			</report>
			<report>
				<misses>3183001</misses>
				<total>7</total>
				<timestamp>1081.138648</timestamp>
			</report>
			<report>
				<misses>3184001</misses>
				<total>7</total>
				<timestamp>1081.478315</timestamp>
			</report>
			<report>
				<misses>3185001</misses>
				<total>6</total>
				<timestamp>1081.818055</timestamp>
			</report>
			<report>
				<misses>3186001</misses>
				<total>7</total>
				<timestamp>1082.157632</timestamp>
			</report>
			<report>
				<misses>3187001</misses>
				<total>7</total>
				<timestamp>1082.497332</timestamp>
			</report>
			<report>
				<misses>3188001</misses>
				<total>6</total>
				<timestamp>1082.837078</timestamp>
			</report>
			<report>
				<misses>3189001</misses>
				<total>7</total>
				<timestamp>1083.176600</timestamp>
			</report>
			<report>
				<misses>3190001</misses>
				<total>7</total>
				<timestamp>1083.516277</timestamp>
			</report>
			<report>
				<misses>3191001</misses>
				<total>6</total>
				<timestamp>1083.856049</timestamp>
			</report>
			<report>
				<misses>3192001</misses>
				<total>7</total>
				<timestamp>1084.195571</timestamp>
			</report>
			<report>
				<misses>3193001</misses>
				<total>7</total>
				<timestamp>1084.535259</timestamp>
			</report>
			<report>
				<misses>3194001</misses>
				<total>6</total>
				<timestamp>1084.875024</timestamp>
			</report>
			<report>
				<misses>3195001</misses>
				<total>7</total>
				<timestamp>1085.214573</timestamp>
			</report>
			<report>
				<misses>3196001</misses>
				<total>7</total>
				<timestamp>1085.554267</timestamp>
			</report>
			<report>
				<misses>3197001</misses>
				<total>6</total>
				<timestamp>1085.894012</timestamp>
			</report>
			<report>
				<misses>3198001</misses>
				<total>7</total>
				<timestamp>1086.233546</timestamp>
			</report>
			<report>
				<misses>3199001</misses>
				<total>7</total>
				<timestamp>1086.573247</timestamp>
			</report>
			<report>
				<misses>3200001</misses>
				<total>6</total>
				<timestamp>1086.913017</timestamp>
			</report>
			<report>
				<misses>3201001</misses>
				<total>7</total>
				<timestamp>1087.252520</timestamp>
			</report>
			<report>
				<misses>3202001</misses>
				<total>7</total>
				<timestamp>1087.592189</timestamp>
			</report>
			<report>
				<misses>3203001</misses>
				<total>7</total>
				<timestamp>1087.931849</timestamp>
			</report>
			<report>
				<misses>3204001</misses>
				<total>7</total>
				<timestamp>1088.271491</timestamp>
			</report>
			<report>
				<misses>3205001</misses>
				<total>7</total>
				<timestamp>1088.611164</timestamp>
			</report>
			<report>
				<misses>3206001</misses>
				<total>7</total>
				<timestamp>1088.950821</timestamp>
			</report>
			<report>
				<misses>3207001</misses>
				<total>7</total>
				<timestamp>1089.290489</timestamp>
			</report>
			<report>
				<misses>3208001</misses>
				<total>6</total>
				<timestamp>1089.630265</timestamp>
			</report>
			<report>
				<misses>3209001</misses>
				<total>7</total>
				<timestamp>1089.969800</timestamp>
			</report>
			<report>
				<misses>3210001</misses>
				<total>7</total>
				<timestamp>1090.309503</timestamp>
			</report>
			<report>
				<misses>3211001</misses>
				<total>7</total>
				<timestamp>1090.649118</timestamp>
			</report>
			<report>
				<misses>3212001</misses>
				<total>7</total>
				<timestamp>1090.988784</timestamp>
			</report>
			<report>
				<misses>3213001</misses>
				<total>7</total>
				<timestamp>1091.328467</timestamp>
			</report>
			<report>
				<misses>3214001</misses>
				<total>7</total>
				<timestamp>1091.668134</timestamp>
			</report>
			<report>
				<misses>3215001</misses>
				<total>7</total>
				<timestamp>1092.007764</timestamp>
			</report>
			<report>
				<misses>3216001</misses>
				<total>7</total>
				<timestamp>1092.347432</timestamp>
			</report>
			<report>
				<misses>3217001</misses>
				<total>7</total>
				<timestamp>1092.687105</timestamp>
			</report>
			<report>
				<misses>3218001</misses>
				<total>7</total>
				<timestamp>1093.026735</timestamp>
			</report>
			<report>
				<misses>3219001</misses>
				<total>7</total>
				<timestamp>1093.366406</timestamp>
			</report>
			<report>
				<misses>3220001</misses>
				<total>7</total>
				<timestamp>1093.706087</timestamp>
			</report>
			<report>
				<misses>3221001</misses>
				<total>7</total>
				<timestamp>1094.045717</timestamp>
			</report>
			<report>
				<misses>3222001</misses>
				<total>7</total>
				<timestamp>1094.385393</timestamp>
			</report>
			<report>
				<misses>3223001</misses>
				<total>7</total>
				<timestamp>1094.725095</timestamp>
			</report>
			<report>
				<misses>3224001</misses>
				<total>7</total>
				<timestamp>1095.064707</timestamp>
			</report>
			<report>
				<misses>3225001</misses>
				<total>7</total>
				<timestamp>1095.404380</timestamp>
			</report>
			<report>
				<misses>3226001</misses>
				<total>7</total>
				<timestamp>1095.744070</timestamp>
			</report>
			<report>
				<misses>3227001</misses>
				<total>7</total>
				<timestamp>1096.083693</timestamp>
			</report>
			<report>
				<misses>3228001</misses>
				<total>7</total>
				<timestamp>1096.423329</timestamp>
			</report>
			<report>
				<misses>3229001</misses>
				<total>7</total>
				<timestamp>1096.763066</timestamp>
			</report>
			<report>
				<misses>3230001</misses>
				<total>7</total>
				<timestamp>1097.102681</timestamp>
			</report>
			<report>
				<misses>3231001</misses>
				<total>7</total>
				<timestamp>1097.442316</timestamp>
			</report>
			<report>
				<misses>3232001</misses>
				<total>7</total>
				<timestamp>1097.781986</timestamp>
			</report>
			<report>
				<misses>3233001</misses>
				<total>7</total>
				<timestamp>1098.121635</timestamp>
			</report>
			<report>
				<misses>3234001</misses>
				<total>7</total>
				<timestamp>1098.461313</timestamp>
			</report>
			<report>
				<misses>3235001</misses>
				<total>6</total>
				<timestamp>1098.801052</timestamp>
			</report>
			<report>
				<misses>3236001</misses>
				<total>7</total>
				<timestamp>1099.140632</timestamp>
			</report>
			<report>
				<misses>3237001</misses>
				<total>7</total>
				<timestamp>1099.480306</timestamp>
			</report>
			<report>
				<misses>3238001</misses>
				<total>6</total>
				<timestamp>1099.820050</timestamp>
			</report>
			<report>
				<misses>3239001</misses>
				<total>7</total>
				<timestamp>1100.159604</timestamp>
			</report>
			<report>
				<misses>3240001</misses>
				<total>7</total>
				<timestamp>1100.499253</timestamp>
			</report>
			<report>
				<misses>3241001</misses>
				<total>6</total>
				<timestamp>1100.839038</timestamp>
			</report>
			<report>
				<misses>3242001</misses>
				<total>7</total>
				<timestamp>1101.178586</timestamp>
			</report>
			<report>
				<misses>3243001</misses>
				<total>7</total>
				<timestamp>1101.518260</timestamp>
			</report>
			<report>
				<misses>3244001</misses>
				<total>6</total>
				<timestamp>1101.858026</timestamp>
			</report>
			<report>
				<misses>3245001</misses>
				<total>7</total>
				<timestamp>1102.197563</timestamp>
			</report>
			<report>
				<misses>3246001</misses>
				<total>7</total>
				<timestamp>1102.537231</timestamp>
			</report>
			<report>
				<misses>3247001</misses>
				<total>6</total>
				<timestamp>1102.877021</timestamp>
			</report>
			<report>
				<misses>3248001</misses>
				<total>7</total>
				<timestamp>1103.216572</timestamp>
			</report>
			<report>
				<misses>3249001</misses>
				<total>7</total>
				<timestamp>1103.556193</timestamp>
			</report>
			<report>
				<misses>3250001</misses>
				<total>7</total>
				<timestamp>1103.895933</timestamp>
			</report>
			<report>
				<misses>3251001</misses>
				<total>7</total>
				<timestamp>1104.235533</timestamp>
			</report>
			<report>
				<misses>3252001</misses>
				<total>7</total>
				<timestamp>1104.575206</timestamp>
			</report>
			<report>
				<misses>3253001</misses>
				<total>7</total>
				<timestamp>1104.914855</timestamp>
			</report>
			<report>
				<misses>3254001</misses>
				<total>7</total>
				<timestamp>1105.254506</timestamp>
			</report>
			<report>
				<misses>3255001</misses>
				<total>7</total>
				<timestamp>1105.594167</timestamp>
			</report>
			<report>
				<misses>3256001</misses>
				<total>7</total>
				<timestamp>1105.933888</timestamp>
			</report>
			<report>
				<misses>3257001</misses>
				<total>7</total>
				<timestamp>1106.273477</timestamp>
			</report>
			<report>
				<misses>3258001</misses>
				<total>7</total>
				<timestamp>1106.613132</timestamp>
			</report>
			<report>
				<misses>3259001</misses>
				<total>6</total>
				<timestamp>1106.952911</timestamp>
			</report>
			<report>
				<misses>3260001</misses>
				<total>7</total>
				<timestamp>1107.292482</timestamp>
			</report>
			<report>
				<misses>3261001</misses>
				<total>7</total>
				<timestamp>1107.632136</timestamp>
			</report>
			<report>
				<misses>3262001</misses>
				<total>6</total>
				<timestamp>1107.971890</timestamp>
			</report>
			<report>
				<misses>3263001</misses>
				<total>7</total>
				<timestamp>1108.311431</timestamp>
			</report>
			<report>
				<misses>3264001</misses>
				<total>7</total>
				<timestamp>1108.651101</timestamp>
			</report>
			<report>
				<misses>3265001</misses>
				<total>6</total>
				<timestamp>1108.990893</timestamp>
			</report>
			<report>
				<misses>3266001</misses>
				<total>7</total>
				<timestamp>1109.330430</timestamp>
			</report>
			<report>
				<misses>3267001</misses>
				<total>7</total>
				<timestamp>1109.670091</timestamp>
			</report>
			<report>
				<misses>3268001</misses>
				<total>6</total>
				<timestamp>1110.009874</timestamp>
			</report>
			<report>
				<misses>3269001</misses>
				<total>7</total>
				<timestamp>1110.349394</timestamp>
			</report>
			<report>
				<misses>3270001</misses>
				<total>7</total>
				<timestamp>1110.689083</timestamp>
			</report>
			<report>
				<misses>3271001</misses>
				<total>6</total>
				<timestamp>1111.028850</timestamp>
			</report>
			<report>
				<misses>3272001</misses>
				<total>7</total>
				<timestamp>1111.368365</timestamp>
			</report>
			<report>
				<misses>3273001</misses>
				<total>7</total>
				<timestamp>1111.708109</timestamp>
			</report>
			<report>
				<misses>3274001</misses>
				<total>7</total>
				<timestamp>1112.047713</timestamp>
			</report>
			<report>
				<misses>3275001</misses>
				<total>7</total>
				<timestamp>1112.387397</timestamp>
			</report>
			<report>
				<misses>3276001</misses>
				<total>7</total>
				<timestamp>1112.727074</timestamp>
			</report>
			<report>
				<misses>3277001</misses>
				<total>7</total>
				<timestamp>1113.066675</timestamp>
			</report>
			<report>
				<misses>3278001</misses>
				<total>7</total>
				<timestamp>1113.406366</timestamp>
			</report>
			<report>
				<misses>3279001</misses>
				<total>6</total>
				<timestamp>1113.746082</timestamp>
			</report>
			<report>
				<misses>3280001</misses>
				<total>7</total>
				<timestamp>1114.085713</timestamp>
			</report>
			<report>
				<misses>3281001</misses>
				<total>7</total>
				<timestamp>1114.425324</timestamp>
			</report>
			<report>
				<misses>3282001</misses>
				<total>6</total>
				<timestamp>1114.765075</timestamp>
			</report>
			<report>
				<misses>3283001</misses>
				<total>7</total>
				<timestamp>1115.104632</timestamp>
			</report>
			<report>
				<misses>3284001</misses>
				<total>7</total>
				<timestamp>1115.444329</timestamp>
			</report>
			<report>
				<misses>3285001</misses>
				<total>7</total>
				<timestamp>1115.783993</timestamp>
			</report>
			<report>
				<misses>3286001</misses>
				<total>7</total>
				<timestamp>1116.123606</timestamp>
			</report>
			<report>
				<misses>3287001</misses>
				<total>7</total>
				<timestamp>1116.463289</timestamp>
			</report>
			<report>
				<misses>3288001</misses>
				<total>7</total>
				<timestamp>1116.802952</timestamp>
			</report>
			<report>
				<misses>3289001</misses>
				<total>7</total>
				<timestamp>1117.142598</timestamp>
			</report>
			<report>
				<misses>3290001</misses>
				<total>7</total>
				<timestamp>1117.482297</timestamp>
			</report>
			<report>
				<misses>3291001</misses>
				<total>7</total>
				<timestamp>1117.821938</timestamp>
			</report>
			<report>
				<misses>3292001</misses>
				<total>7</total>
				<timestamp>1118.161583</timestamp>
			</report>
			<report>
				<misses>3293001</misses>
				<total>7</total>
				<timestamp>1118.501255</timestamp>
			</report>
			<report>
				<misses>3294001</misses>
				<total>7</total>
				<timestamp>1118.840938</timestamp>
			</report>
			<report>
				<misses>3295001</misses>
				<total>7</total>
				<timestamp>1119.180576</timestamp>
			</report>
			<report>
				<misses>3296001</misses>
				<total>7</total>
				<timestamp>1119.520225</timestamp>
			</report>
			<report>
				<misses>3297001</misses>
				<total>7</total>
				<timestamp>1119.859917</timestamp>
			</report>
			<report>
				<misses>3298001</misses>
				<total>7</total>
				<timestamp>1120.199560</timestamp>
			</report>
			<report>
				<misses>3299001</misses>
				<total>7</total>
				<timestamp>1120.539201</timestamp>
			</report>
			<report>
				<misses>3300001</misses>
				<total>7</total>
				<timestamp>1120.878896</timestamp>
			</report>
			<report>
				<misses>3301001</misses>
				<total>7</total>
				<timestamp>1121.218511</timestamp>
			</report>
			<report>
				<misses>3302001</misses>
				<total>7</total>
				<timestamp>1121.558171</timestamp>
			</report>
			<report>
				<misses>3303001</misses>
				<total>7</total>
				<timestamp>1121.897878</timestamp>
			</report>
			<report>
				<misses>3304001</misses>
				<total>7</total>
				<timestamp>1122.237515</timestamp>
			</report>
			<report>
				<misses>3305001</misses>
				<total>7</total>
				<timestamp>1122.577154</timestamp>
			</report>
			<report>
				<misses>3306001</misses>
				<total>6</total>
				<timestamp>1122.916907</timestamp>
			</report>
			<report>
				<misses>3307001</misses>
				<total>7</total>
				<timestamp>1123.256521</timestamp>
			</report>
			<report>
				<misses>3308001</misses>
				<total>7</total>
				<timestamp>1123.596132</timestamp>
			</report>
			<report>
				<misses>3309001</misses>
				<total>6</total>
				<timestamp>1123.935905</timestamp>
			</report>
			<report>
				<misses>3310001</misses>
				<total>7</total>
				<timestamp>1124.275470</timestamp>
			</report>
			<report>
				<misses>3311001</misses>
				<total>7</total>
				<timestamp>1124.615110</timestamp>
			</report>
			<report>
				<misses>3312001</misses>
				<total>7</total>
				<timestamp>1124.954849</timestamp>
			</report>
			<report>
				<misses>3313001</misses>
				<total>7</total>
				<timestamp>1125.294484</timestamp>
			</report>
			<report>
				<misses>3314001</misses>
				<total>7</total>
				<timestamp>1125.634086</timestamp>
			</report>
			<report>
				<misses>3315001</misses>
				<total>6</total>
				<timestamp>1125.973875</timestamp>
			</report>
			<report>
				<misses>3316001</misses>
				<total>7</total>
				<timestamp>1126.313423</timestamp>
			</report>
			<report>
				<misses>3317001</misses>
				<total>7</total>
				<timestamp>1126.653092</timestamp>
			</report>
			<report>
				<misses>3318001</misses>
				<total>7</total>
				<timestamp>1126.992797</timestamp>
			</report>
			<report>
				<misses>3319001</misses>
				<total>7</total>
				<timestamp>1127.332404</timestamp>
			</report>
			<report>
				<misses>3320001</misses>
				<total>7</total>
				<timestamp>1127.672065</timestamp>
			</report>
			<report>
				<misses>3321001</misses>
				<total>7</total>
				<timestamp>1128.011732</timestamp>
			</report>
			<report>
				<misses>3322001</misses>
				<total>7</total>
				<timestamp>1128.351369</timestamp>
			</report>
			<report>
				<misses>3323001</misses>
				<total>7</total>
				<timestamp>1128.691068</timestamp>
			</report>
			<report>
				<misses>3324001</misses>
				<total>7</total>
				<timestamp>1129.030760</timestamp>
			</report>
			<report>
				<misses>3325001</misses>
				<total>7</total>
				<timestamp>1129.370371</timestamp>
			</report>
			<report>
				<misses>3326001</misses>
				<total>7</total>
				<timestamp>1129.710011</timestamp>
			</report>
			<report>
				<misses>3327001</misses>
				<total>7</total>
				<timestamp>1130.049746</timestamp>
			</report>
			<report>
				<misses>3328001</misses>
				<total>7</total>
				<timestamp>1130.389354</timestamp>
			</report>
			<report>
				<misses>3329001</misses>
				<total>7</total>
				<timestamp>1130.729005</timestamp>
			</report>
			<report>
				<misses>3330001</misses>
				<total>6</total>
				<timestamp>1131.068742</timestamp>
			</report>
			<report>
				<misses>3331001</misses>
				<total>7</total>
				<timestamp>1131.408353</timestamp>
			</report>
			<report>
				<misses>3332001</misses>
				<total>7</total>
				<timestamp>1131.747973</timestamp>
			</report>
			<report>
				<misses>3333001</misses>
				<total>6</total>
				<timestamp>1132.087738</timestamp>
			</report>
			<report>
				<misses>3334001</misses>
				<total>7</total>
				<timestamp>1132.427309</timestamp>
			</report>
			<report>
				<misses>3335001</misses>
				<total>7</total>
				<timestamp>1132.766983</timestamp>
			</report>
			<report>
				<misses>3336001</misses>
				<total>6</total>
				<timestamp>1133.106740</timestamp>
			</report>
			<report>
				<misses>3337001</misses>
				<total>7</total>
				<timestamp>1133.446313</timestamp>
			</report>
			<report>
				<misses>3338001</misses>
				<total>7</total>
				<timestamp>1133.785975</timestamp>
			</report>
			<report>
				<misses>3339001</misses>
				<total>7</total>
				<timestamp>1134.125711</timestamp>
			</report>
			<report>
				<misses>3340001</misses>
				<total>7</total>
				<timestamp>1134.465302</timestamp>
			</report>
			<report>
				<misses>3341001</misses>
				<total>7</total>
				<timestamp>1134.804964</timestamp>
			</report>
			<report>
				<misses>3342001</misses>
				<total>6</total>
				<timestamp>1135.144718</timestamp>
			</report>
			<report>
				<misses>3343001</misses>
				<total>7</total>
				<timestamp>1135.484244</timestamp>
			</report>
			<report>
				<misses>3344001</misses>
				<total>7</total>
				<timestamp>1135.823951</timestamp>
			</report>
			<report>
				<misses>3345001</misses>
				<total>7</total>
				<timestamp>1136.163565</timestamp>
			</report>
			<report>
				<misses>3346001</misses>
				<total>7</total>
				<timestamp>1136.503222</timestamp>
			</report>
			<report>
				<misses>3347001</misses>
				<total>7</total>
				<timestamp>1136.842936</timestamp>
			</report>
			<report>
				<misses>3348001</misses>
				<total>7</total>
				<timestamp>1137.182552</timestamp>
			</report>
			<report>
				<misses>3349001</misses>
				<total>7</total>
				<timestamp>1137.522204</timestamp>
			</report>
			<report>
				<misses>3350001</misses>
				<total>7</total>
				<timestamp>1137.861934</timestamp>
			</report>
			<report>
				<misses>3351001</misses>
				<total>7</total>
				<timestamp>1138.201532</timestamp>
			</report>
			<report>
				<misses>3352001</misses>
				<total>7</total>
				<timestamp>1138.541177</timestamp>
			</report>
			<report>
				<misses>3353001</misses>
				<total>6</total>
				<timestamp>1138.880942</timestamp>
			</report>
			<report>
				<misses>3354001</misses>
				<total>7</total>
				<timestamp>1139.220509</timestamp>
			</report>
			<report>
				<misses>3355001</misses>
				<total>7</total>
				<timestamp>1139.560165</timestamp>
			</report>
			<report>
				<misses>3356001</misses>
				<total>6</total>
				<timestamp>1139.899909</timestamp>
			</report>
			<report>
				<misses>3357001</misses>
				<total>7</total>
				<timestamp>1140.239502</timestamp>
			</report>
			<report>
				<misses>3358001</misses>
				<total>7</total>
				<timestamp>1140.579171</timestamp>
			</report>
			<report>
				<misses>3359001</misses>
				<total>6</total>
				<timestamp>1140.918935</timestamp>
			</report>
			<report>
				<misses>3360001</misses>
				<total>7</total>
				<timestamp>1141.258454</timestamp>
			</report>
			<report>
				<misses>3361001</misses>
				<total>7</total>
				<timestamp>1141.598112</timestamp>
			</report>
			<report>
				<misses>3362001</misses>
				<total>7</total>
				<timestamp>1141.937789</timestamp>
			</report>
			<report>
				<misses>3363001</misses>
				<total>7</total>
				<timestamp>1142.277444</timestamp>
			</report>
			<report>
				<misses>3364001</misses>
				<total>7</total>
				<timestamp>1142.617110</timestamp>
			</report>
			<report>
				<misses>3365001</misses>
				<total>6</total>
				<timestamp>1142.956894</timestamp>
			</report>
			<report>
				<misses>3366001</misses>
				<total>7</total>
				<timestamp>1143.296442</timestamp>
			</report>
			<report>
				<misses>3367001</misses>
				<total>7</total>
				<timestamp>1143.636068</timestamp>
			</report>
			<report>
				<misses>3368001</misses>
				<total>6</total>
				<timestamp>1143.975889</timestamp>
			</report>
			<report>
				<misses>3369001</misses>
				<total>7</total>
				<timestamp>1144.315428</timestamp>
			</report>
			<report>
				<misses>3370001</misses>
				<total>7</total>
				<timestamp>1144.655093</timestamp>
			</report>
			<report>
				<misses>3371001</misses>
				<total>7</total>
				<timestamp>1144.994759</timestamp>
			</report>
			<report>
				<misses>3372001</misses>
				<total>7</total>
				<timestamp>1145.334369</timestamp>
			</report>
			<report>
				<misses>3373001</misses>
				<total>7</total>
				<timestamp>1145.674037</timestamp>
			</report>
			<report>
				<misses>3374001</misses>
				<total>6</total>
				<timestamp>1146.013776</timestamp>
			</report>
			<report>
				<misses>3375001</misses>
				<total>7</total>
				<timestamp>1146.353381</timestamp>
			</report>
			<report>
				<misses>3376001</misses>
				<total>7</total>
				<timestamp>1146.693014</timestamp>
			</report>
			<report>
				<misses>3377001</misses>
				<total>6</total>
				<timestamp>1147.032755</timestamp>
			</report>
			<report>
				<misses>3378001</misses>
				<total>7</total>
				<timestamp>1147.372353</timestamp>
			</report>
			<report>
				<misses>3379001</misses>
				<total>7</total>
				<timestamp>1147.711994</timestamp>
			</report>
			<report>
				<misses>3380001</misses>
				<total>6</total>
				<timestamp>1148.051750</timestamp>
			</report>
			<report>
				<misses>3381001</misses>
				<total>7</total>
				<timestamp>1148.391367</timestamp>
			</report>
			<report>
				<misses>3382001</misses>
				<total>7</total>
				<timestamp>1148.730966</timestamp>
			</report>
			<report>
				<misses>3383001</misses>
				<total>6</total>
				<timestamp>1149.070715</timestamp>
			</report>
			<report>
				<misses>3384001</misses>
				<total>7</total>
				<timestamp>1149.410321</timestamp>
			</report>
			<report>
				<misses>3385001</misses>
				<total>7</total>
				<timestamp>1149.749990</timestamp>
			</report>
			<report>
				<misses>3386001</misses>
				<total>6</total>
				<timestamp>1150.089729</timestamp>
			</report>
			<report>
				<misses>3387001</misses>
				<total>7</total>
				<timestamp>1150.429293</timestamp>
			</report>
			<report>
				<misses>3388001</misses>
				<total>7</total>
				<timestamp>1150.768933</timestamp>
			</report>
			<report>
				<misses>3389001</misses>
				<total>7</total>
				<timestamp>1151.108584</timestamp>
			</report>
			<report>
				<misses>3390001</misses>
				<total>7</total>
				<timestamp>1151.448274</timestamp>
			</report>
			<report>
				<misses>3391001</misses>
				<total>7</total>
				<timestamp>1151.787920</timestamp>
			</report>
			<report>
				<misses>3392001</misses>
				<total>6</total>
				<timestamp>1152.127700</timestamp>
			</report>
			<report>
				<misses>3393001</misses>
				<total>7</total>
				<timestamp>1152.467270</timestamp>
			</report>
			<report>
				<misses>3394001</misses>
				<total>7</total>
				<timestamp>1152.806901</timestamp>
			</report>
			<report>
				<misses>3395001</misses>
				<total>7</total>
				<timestamp>1153.146607</timestamp>
			</report>
			<report>
				<misses>3396001</misses>
				<total>7</total>
				<timestamp>1153.486218</timestamp>
			</report>
			<report>
				<misses>3397001</misses>
				<total>7</total>
				<timestamp>1153.825905</timestamp>
			</report>
			<report>
				<misses>3398001</misses>
				<total>7</total>
				<timestamp>1154.165564</timestamp>
			</report>
			<report>
				<misses>3399001</misses>
				<total>7</total>
				<timestamp>1154.505207</timestamp>
			</report>
			<report>
				<misses>3400001</misses>
				<total>7</total>
				<timestamp>1154.844866</timestamp>
			</report>
			<report>
				<misses>3401001</misses>
				<total>7</total>
				<timestamp>1155.184586</timestamp>
			</report>
			<report>
				<misses>3402001</misses>
				<total>7</total>
				<timestamp>1155.524263</timestamp>
			</report>
			<report>
				<misses>3403001</misses>
				<total>7</total>
				<timestamp>1155.863849</timestamp>
			</report>
			<report>
				<misses>3404001</misses>
				<total>8</total>
				<timestamp>1156.203582</timestamp>
			</report>
			<report>
				<misses>3405001</misses>
				<total>8</total>
				<timestamp>1156.543177</timestamp>
			</report>
			<report>
				<misses>3406001</misses>
				<total>8</total>
				<timestamp>1156.882821</timestamp>
			</report>
			<report>
				<misses>3407001</misses>
				<total>7</total>
				<timestamp>1157.222594</timestamp>
			</report>
			<report>
				<misses>3408001</misses>
				<total>8</total>
				<timestamp>1157.562149</timestamp>
			</report>
			<report>
				<misses>3409001</misses>
				<total>8</total>
				<timestamp>1157.901810</timestamp>
			</report>
			<report>
				<misses>3410001</misses>
				<total>7</total>
				<timestamp>1158.241569</timestamp>
			</report>
			<report>
				<misses>3411001</misses>
				<total>8</total>
				<timestamp>1158.581138</timestamp>
			</report>
			<report>
				<misses>3412001</misses>
				<total>8</total>
				<timestamp>1158.920801</timestamp>
			</report>
			<report>
				<misses>3413001</misses>
				<total>7</total>
				<timestamp>1159.260570</timestamp>
			</report>
			<report>
				<misses>3414001</misses>
				<total>8</total>
				<timestamp>1159.600118</timestamp>
			</report>
			<report>
				<misses>3415001</misses>
				<total>8</total>
				<timestamp>1159.939794</timestamp>
			</report>
			<report>
				<misses>3416001</misses>
				<total>7</total>
				<timestamp>1160.279561</timestamp>
			</report>
			<report>
				<misses>3417001</misses>
				<total>8</total>
				<timestamp>1160.619074</timestamp>
			</report>
			<report>
				<misses>3418001</misses>
				<total>8</total>
				<timestamp>1160.958757</timestamp>
			</report>
			<report>
				<misses>3419001</misses>
				<total>7</total>
				<timestamp>1161.298562</timestamp>
			</report>
			<report>
				<misses>3420001</misses>
				<total>8</total>
				<timestamp>1161.638090</timestamp>
			</report>
			<report>
				<misses>3421001</misses>
				<total>7</total>
				<timestamp>1161.977828</timestamp>
			</report>
			<report>
				<misses>3422001</misses>
				<total>8</total>
				<timestamp>1162.317389</timestamp>
			</report>
			<report>
				<misses>3423001</misses>
				<total>8</total>
				<timestamp>1162.657057</timestamp>
			</report>
			<report>
				<misses>3424001</misses>
				<total>8</total>
				<timestamp>1162.996778</timestamp>
			</report>
			<report>
				<misses>3425001</misses>
				<total>8</total>
				<timestamp>1163.336362</timestamp>
			</report>
			<report>
				<misses>3426001</misses>
				<total>8</total>
				<timestamp>1163.676036</timestamp>
			</report>
			<report>
				<misses>3427001</misses>
				<total>7</total>
				<timestamp>1164.015761</timestamp>
			</report>
			<report>
				<misses>3428001</misses>
				<total>8</total>
				<timestamp>1164.355344</timestamp>
			</report>
			<report>
				<misses>3429001</misses>
				<total>8</total>
				<timestamp>1164.694979</timestamp>
			</report>
			<report>
				<misses>3430001</misses>
				<total>8</total>
				<timestamp>1165.034706</timestamp>
			</report>
			<report>
				<misses>3431001</misses>
				<total>8</total>
				<timestamp>1165.374344</timestamp>
			</report>
			<report>
				<misses>3432001</misses>
				<total>8</total>
				<timestamp>1165.713982</timestamp>
			</report>
			<report>
				<misses>3433001</misses>
				<total>8</total>
				<timestamp>1166.053641</timestamp>
			</report>
			<report>
				<misses>3434001</misses>
				<total>8</total>
				<timestamp>1166.393301</timestamp>
			</report>
			<report>
				<misses>3435001</misses>
				<total>8</total>
				<timestamp>1166.732973</timestamp>
			</report>
			<report>
				<misses>3436001</misses>
				<total>8</total>
				<timestamp>1167.072639</timestamp>
			</report>
			<report>
				<misses>3437001</misses>
				<total>8</total>
				<timestamp>1167.412301</timestamp>
			</report>
			<report>
				<misses>3438001</misses>
				<total>8</total>
				<timestamp>1167.751936</timestamp>
			</report>
			<report>
				<misses>3439001</misses>
				<total>8</total>
				<timestamp>1168.091626</timestamp>
			</report>
			<report>
				<misses>3440001</misses>
				<total>8</total>
				<timestamp>1168.431284</timestamp>
			</report>
			<report>
				<misses>3441001</misses>
				<total>8</total>
				<timestamp>1168.770921</timestamp>
			</report>
			<report>
				<misses>3442001</misses>
				<total>8</total>
				<timestamp>1169.110606</timestamp>
			</report>
			<report>
				<misses>3443001</misses>
				<total>8</total>
				<timestamp>1169.450259</timestamp>
			</report>
			<report>
				<misses>3444001</misses>
				<total>8</total>
				<timestamp>1169.789982</timestamp>
			</report>
			<report>
				<misses>3445001</misses>
				<total>7</total>
				<timestamp>1170.129669</timestamp>
			</report>
			<report>
				<misses>3446001</misses>
				<total>8</total>
				<timestamp>1170.469216</timestamp>
			</report>
			<report>
				<misses>3447001</misses>
				<total>8</total>
				<timestamp>1170.808888</timestamp>
			</report>
			<report>
				<misses>3448001</misses>
				<total>8</total>
				<timestamp>1171.148587</timestamp>
			</report>
			<report>
				<misses>3449001</misses>
				<total>8</total>
				<timestamp>1171.488200</timestamp>
			</report>
			<report>
				<misses>3450001</misses>
				<total>8</total>
				<timestamp>1171.827862</timestamp>
			</report>
			<report>
				<misses>3451001</misses>
				<total>7</total>
				<timestamp>1172.167602</timestamp>
			</report>
			<report>
				<misses>3452001</misses>
				<total>8</total>
				<timestamp>1172.507182</timestamp>
			</report>
			<report>
				<misses>3453001</misses>
				<total>8</total>
				<timestamp>1172.846849</timestamp>
			</report>
			<report>
				<misses>3454001</misses>
				<total>7</total>
				<timestamp>1173.186614</timestamp>
			</report>
			<report>
				<misses>3455001</misses>
				<total>8</total>
				<timestamp>1173.526149</timestamp>
			</report>
			<report>
				<misses>3456001</misses>
				<total>8</total>
				<timestamp>1173.865822</timestamp>
			</report>
			<report>
				<misses>3457001</misses>
				<total>7</total>
				<timestamp>1174.205570</timestamp>
			</report>
			<report>
				<misses>3458001</misses>
				<total>8</total>
				<timestamp>1174.545153</timestamp>
			</report>
			<report>
				<misses>3459001</misses>
				<total>8</total>
				<timestamp>1174.884798</timestamp>
			</report>
			<report>
				<misses>3460001</misses>
				<total>7</total>
				<timestamp>1175.224588</timestamp>
			</report>
			<report>
				<misses>3461001</misses>
				<total>8</total>
				<timestamp>1175.564131</timestamp>
			</report>
			<report>
				<misses>3462001</misses>
				<total>8</total>
				<timestamp>1175.903763</timestamp>
			</report>
			<report>
				<misses>3463001</misses>
				<total>7</total>
				<timestamp>1176.243572</timestamp>
			</report>
			<report>
				<misses>3464001</misses>
				<total>8</total>
				<timestamp>1176.583106</timestamp>
			</report>
			<report>
				<misses>3465001</misses>
				<total>8</total>
				<timestamp>1176.922761</timestamp>
			</report>
			<report>
				<misses>3466001</misses>
				<total>8</total>
				<timestamp>1177.262472</timestamp>
			</report>
			<report>
				<misses>3467001</misses>
				<total>8</total>
				<timestamp>1177.602127</timestamp>
			</report>
			<report>
				<misses>3468001</misses>
				<total>8</total>
				<timestamp>1177.941741</timestamp>
			</report>
			<report>
				<misses>3469001</misses>
				<total>8</total>
				<timestamp>1178.281416</timestamp>
			</report>
			<report>
				<misses>3470001</misses>
				<total>8</total>
				<timestamp>1178.621078</timestamp>
			</report>
			<report>
				<misses>3471001</misses>
				<total>8</total>
				<timestamp>1178.960735</timestamp>
			</report>
			<report>
				<misses>3472001</misses>
				<total>8</total>
				<timestamp>1179.300466</timestamp>
			</report>
			<report>
				<misses>3473001</misses>
				<total>8</total>
				<timestamp>1179.640036</timestamp>
			</report>
			<report>
				<misses>3474001</misses>
				<total>8</total>
				<timestamp>1179.979692</timestamp>
			</report>
			<report>
				<misses>3475001</misses>
				<total>8</total>
				<timestamp>1180.319429</timestamp>
			</report>
			<report>
				<misses>3476001</misses>
				<total>8</total>
				<timestamp>1180.659024</timestamp>
			</report>
			<report>
				<misses>3477001</misses>
				<total>8</total>
				<timestamp>1180.998674</timestamp>
			</report>
			<report>
				<misses>3478001</misses>
				<total>7</total>
				<timestamp>1181.338460</timestamp>
			</report>
			<report>
				<misses>3479001</misses>
				<total>8</total>
				<timestamp>1181.678016</timestamp>
			</report>
			<report>
				<misses>3480001</misses>
				<total>8</total>
				<timestamp>1182.017660</timestamp>
			</report>
			<report>
				<misses>3481001</misses>
				<total>8</total>
				<timestamp>1182.357366</timestamp>
			</report>
			<report>
				<misses>3482001</misses>
				<total>8</total>
				<timestamp>1182.696988</timestamp>
			</report>
			<report>
				<misses>3483001</misses>
				<total>8</total>
				<timestamp>1183.036673</timestamp>
			</report>
			<report>
				<misses>3484001</misses>
				<total>7</total>
				<timestamp>1183.376454</timestamp>
			</report>
			<report>
				<misses>3485001</misses>
				<total>8</total>
				<timestamp>1183.715950</timestamp>
			</report>
			<report>
				<misses>3486001</misses>
				<total>8</total>
				<timestamp>1184.055645</timestamp>
			</report>
			<report>
				<misses>3487001</misses>
				<total>8</total>
				<timestamp>1184.395381</timestamp>
			</report>
			<report>
				<misses>3488001</misses>
				<total>8</total>
				<timestamp>1184.734938</timestamp>
			</report>
			<report>
				<misses>3489001</misses>
				<total>8</total>
				<timestamp>1185.074639</timestamp>
			</report>
			<report>
				<misses>3490001</misses>
				<total>7</total>
				<timestamp>1185.414427</timestamp>
			</report>
			<report>
				<misses>3491001</misses>
				<total>8</total>
				<timestamp>1185.753923</timestamp>
			</report>
			<report>
				<misses>3492001</misses>
				<total>8</total>
				<timestamp>1186.093674</timestamp>
			</report>
			<report>
				<misses>3493001</misses>
				<total>8</total>
				<timestamp>1186.433255</timestamp>
			</report>
			<report>
				<misses>3494001</misses>
				<total>8</total>
				<timestamp>1186.772909</timestamp>
			</report>
			<report>
				<misses>3495001</misses>
				<total>7</total>
				<timestamp>1187.112661</timestamp>
			</report>
			<report>
				<misses>3496001</misses>
				<total>8</total>
				<timestamp>1187.452216</timestamp>
			</report>
			<report>
				<misses>3497001</misses>
				<total>8</total>
				<timestamp>1187.791890</timestamp>
			</report>
			<report>
				<misses>3498001</misses>
				<total>7</total>
				<timestamp>1188.131627</timestamp>
			</report>
			<report>
				<misses>3499001</misses>
				<total>8</total>
				<timestamp>1188.471233</timestamp>
			</report>
			<report>
				<misses>3500001</misses>
				<total>8</total>
				<timestamp>1188.810854</timestamp>
			</report>
			<report>
				<misses>3501001</misses>
				<total>7</total>
				<timestamp>1189.150636</timestamp>
			</report>
			<report>
				<misses>3502001</misses>
				<total>8</total>
				<timestamp>1189.490186</timestamp>
			</report>
			<report>
				<misses>3503001</misses>
				<total>8</total>
				<timestamp>1189.829879</timestamp>
			</report>
			<report>
				<misses>3504001</misses>
				<total>8</total>
				<timestamp>1190.169510</timestamp>
			</report>
			<report>
				<misses>3505001</misses>
				<total>8</total>
				<timestamp>1190.509142</timestamp>
			</report>
			<report>
				<misses>3506001</misses>
				<total>8</total>
				<timestamp>1190.848821</timestamp>
			</report>
			<report>
				<misses>3507001</misses>
				<total>8</total>
				<timestamp>1191.188490</timestamp>
			</report>
			<report>
				<misses>3508001</misses>
				<total>8</total>
				<timestamp>1191.528140</timestamp>
			</report>
			<report>
				<misses>3509001</misses>
				<total>8</total>
				<timestamp>1191.867800</timestamp>
			</report>
			<report>
				<misses>3510001</misses>
				<total>8</total>
				<timestamp>1192.207462</timestamp>
			</report>
			<report>
				<misses>3511001</misses>
				<total>8</total>
				<timestamp>1192.547145</timestamp>
			</report>
			<report>
				<misses>3512001</misses>
				<total>8</total>
				<timestamp>1192.886772</timestamp>
			</report>
			<report>
				<misses>3513001</misses>
				<total>8</total>
				<timestamp>1193.226445</timestamp>
			</report>
			<report>
				<misses>3514001</misses>
				<total>8</total>
				<timestamp>1193.566110</timestamp>
			</report>
			<report>
				<misses>3515001</misses>
				<total>8</total>
				<timestamp>1193.905765</timestamp>
			</report>
			<report>
				<misses>3516001</misses>
				<total>8</total>
				<timestamp>1194.245457</timestamp>
			</report>
			<report>
				<misses>3517001</misses>
				<total>8</total>
				<timestamp>1194.585078</timestamp>
			</report>
			<report>
				<misses>3518001</misses>
				<total>8</total>
				<timestamp>1194.924764</timestamp>
			</report>
			<report>
				<misses>3519001</misses>
				<total>8</total>
				<timestamp>1195.264463</timestamp>
			</report>
			<report>
				<misses>3520001</misses>
				<total>8</total>
				<timestamp>1195.604054</timestamp>
			</report>
			<report>
				<misses>3521001</misses>
				<total>8</total>
				<timestamp>1195.943727</timestamp>
			</report>
			<report>
				<misses>3522001</misses>
				<total>7</total>
				<timestamp>1196.283465</timestamp>
			</report>
			<report>
				<misses>3523001</misses>
				<total>8</total>
				<timestamp>1196.623039</timestamp>
			</report>
			<report>
				<misses>3524001</misses>
				<total>8</total>
				<timestamp>1196.962697</timestamp>
			</report>
			<report>
				<misses>3525001</misses>
				<total>7</total>
				<timestamp>1197.302463</timestamp>
			</report>
			<report>
				<misses>3526001</misses>
				<total>8</total>
				<timestamp>1197.642031</timestamp>
			</report>
			<report>
				<misses>3527001</misses>
				<total>8</total>
				<timestamp>1197.981682</timestamp>
			</report>
			<report>
				<misses>3528001</misses>
				<total>7</total>
				<timestamp>1198.321445</timestamp>
			</report>
			<report>
				<misses>3529001</misses>
				<total>8</total>
				<timestamp>1198.661010</timestamp>
			</report>
			<report>
				<misses>3530001</misses>
				<total>8</total>
				<timestamp>1199.000667</timestamp>
			</report>
			<report>
				<misses>3531001</misses>
				<total>7</total>
				<timestamp>1199.340428</timestamp>
			</report>
			<report>
				<misses>3532001</misses>
				<total>8</total>
				<timestamp>1199.680002</timestamp>
			</report>
			<report>
				<misses>3533001</misses>
				<total>8</total>
				<timestamp>1200.019647</timestamp>
			</report>
			<report>
				<misses>3534001</misses>
				<total>8</total>
				<timestamp>1200.359354</timestamp>
			</report>
			<report>
				<misses>3535001</misses>
				<total>8</total>
				<timestamp>1200.698965</timestamp>
			</report>
			<report>
				<misses>3536001</misses>
				<total>8</total>
				<timestamp>1201.038630</timestamp>
			</report>
			<report>
				<misses>3537001</misses>
				<total>8</total>
				<timestamp>1201.378401</timestamp>
			</report>
			<report>
				<misses>3538001</misses>
				<total>8</total>
				<timestamp>1201.717933</timestamp>
			</report>
			<report>
				<misses>3539001</misses>
				<total>8</total>
				<timestamp>1202.057628</timestamp>
			</report>
			<report>
				<misses>3540001</misses>
				<total>7</total>
				<timestamp>1202.397404</timestamp>
			</report>
			<report>
				<misses>3541001</misses>
				<total>8</total>
				<timestamp>1202.736925</timestamp>
			</report>
			<report>
				<misses>3542001</misses>
				<total>8</total>
				<timestamp>1203.076574</timestamp>
			</report>
			<report>
				<misses>3543001</misses>
				<total>8</total>
				<timestamp>1203.416310</timestamp>
			</report>
			<report>
				<misses>3544001</misses>
				<total>8</total>
				<timestamp>1203.755937</timestamp>
			</report>
			<report>
				<misses>3545001</misses>
				<total>8</total>
				<timestamp>1204.095554</timestamp>
			</report>
			<report>
				<misses>3546001</misses>
				<total>8</total>
				<timestamp>1204.435292</timestamp>
			</report>
			<report>
				<misses>3547001</misses>
				<total>8</total>
				<timestamp>1204.774888</timestamp>
			</report>
			<report>
				<misses>3548001</misses>
				<total>8</total>
				<timestamp>1205.114553</timestamp>
			</report>
			<report>
				<misses>3549001</misses>
				<total>8</total>
				<timestamp>1205.454205</timestamp>
			</report>
			<report>
				<misses>3550001</misses>
				<total>8</total>
				<timestamp>1205.793848</timestamp>
			</report>
			<report>
				<misses>3551001</misses>
				<total>8</total>
				<timestamp>1206.133533</timestamp>
			</report>
			<report>
				<misses>3552001</misses>
				<total>8</total>
				<timestamp>1206.473225</timestamp>
			</report>
			<report>
				<misses>3553001</misses>
				<total>8</total>
				<timestamp>1206.812844</timestamp>
			</report>
			<report>
				<misses>3554001</misses>
				<total>8</total>
				<timestamp>1207.152542</timestamp>
			</report>
			<report>
				<misses>3555001</misses>
				<total>7</total>
				<timestamp>1207.492288</timestamp>
			</report>
			<report>
				<misses>3556001</misses>
				<total>8</total>
				<timestamp>1207.831836</timestamp>
			</report>
			<report>
				<misses>3557001</misses>
				<total>8</total>
				<timestamp>1208.171497</timestamp>
			</report>
			<report>
				<misses>3558001</misses>
				<total>8</total>
				<timestamp>1208.511152</timestamp>
			</report>
			<report>
				<misses>3559001</misses>
				<total>8</total>
				<timestamp>1208.850862</timestamp>
			</report>
			<report>
				<misses>3560001</misses>
				<total>8</total>
				<timestamp>1209.190505</timestamp>
			</report>
			<report>
				<misses>3561001</misses>
				<total>7</total>
				<timestamp>1209.530264</timestamp>
			</report>
			<report>
				<misses>3562001</misses>
				<total>8</total>
				<timestamp>1209.869778</timestamp>
			</report>
			<report>
				<misses>3563001</misses>
				<total>8</total>
				<timestamp>1210.209500</timestamp>
			</report>
			<report>
				<misses>3564001</misses>
				<total>8</total>
				<timestamp>1210.549108</timestamp>
			</report>
			<report>
				<misses>3565001</misses>
				<total>8</total>
				<timestamp>1210.888804</timestamp>
			</report>
			<report>
				<misses>3566001</misses>
				<total>8</total>
				<timestamp>1211.228421</timestamp>
			</report>
			<report>
				<misses>3567001</misses>
				<total>8</total>
				<timestamp>1211.568095</timestamp>
			</report>
			<report>
				<misses>3568001</misses>
				<total>8</total>
				<timestamp>1211.907738</timestamp>
			</report>
			<report>
				<misses>3569001</misses>
				<total>8</total>
				<timestamp>1212.247438</timestamp>
			</report>
			<report>
				<misses>3570001</misses>
				<total>8</total>
				<timestamp>1212.587063</timestamp>
			</report>
			<report>
				<misses>3571001</misses>
				<total>8</total>
				<timestamp>1212.926730</timestamp>
			</report>
			<report>
				<misses>3572001</misses>
				<total>7</total>
				<timestamp>1213.266471</timestamp>
			</report>
			<report>
				<misses>3573001</misses>
				<total>8</total>
				<timestamp>1213.606049</timestamp>
			</report>
			<report>
				<misses>3574001</misses>
				<total>8</total>
				<timestamp>1213.945709</timestamp>
			</report>
			<report>
				<misses>3575001</misses>
				<total>8</total>
				<timestamp>1214.285392</timestamp>
			</report>
			<report>
				<misses>3576001</misses>
				<total>8</total>
				<timestamp>1214.625083</timestamp>
			</report>
			<report>
				<misses>3577001</misses>
				<total>8</total>
				<timestamp>1214.964683</timestamp>
			</report>
			<report>
				<misses>3578001</misses>
				<total>7</total>
				<timestamp>1215.304472</timestamp>
			</report>
			<report>
				<misses>3579001</misses>
				<total>8</total>
				<timestamp>1215.644001</timestamp>
			</report>
			<report>
				<misses>3580001</misses>
				<total>8</total>
				<timestamp>1215.983693</timestamp>
			</report>
			<report>
				<misses>3581001</misses>
				<total>8</total>
				<timestamp>1216.323334</timestamp>
			</report>
			<report>
				<misses>3582001</misses>
				<total>8</total>
				<timestamp>1216.662969</timestamp>
			</report>
			<report>
				<misses>3583001</misses>
				<total>8</total>
				<timestamp>1217.002642</timestamp>
			</report>
			<report>
				<misses>3584001</misses>
				<total>7</total>
				<timestamp>1217.342444</timestamp>
			</report>
			<report>
				<misses>3585001</misses>
				<total>8</total>
				<timestamp>1217.681954</timestamp>
			</report>
			<report>
				<misses>3586001</misses>
				<total>8</total>
				<timestamp>1218.021647</timestamp>
			</report>
			<report>
				<misses>3587001</misses>
				<total>7</total>
				<timestamp>1218.361431</timestamp>
			</report>
			<report>
				<misses>3588001</misses>
				<total>8</total>
				<timestamp>1218.700931</timestamp>
			</report>
			<report>
				<misses>3589001</misses>
				<total>8</total>
				<timestamp>1219.040614</timestamp>
			</report>
			<report>
				<misses>3590001</misses>
				<total>8</total>
				<timestamp>1219.380325</timestamp>
			</report>
			<report>
				<misses>3591001</misses>
				<total>8</total>
				<timestamp>1219.719954</timestamp>
			</report>
			<report>
				<misses>3592001</misses>
				<total>8</total>
				<timestamp>1220.059580</timestamp>
			</report>
			<report>
				<misses>3593001</misses>
				<total>8</total>
				<timestamp>1220.399315</timestamp>
			</report>
			<report>
				<misses>3594001</misses>
				<total>8</total>
				<timestamp>1220.738903</timestamp>
			</report>
			<report>
				<misses>3595001</misses>
				<total>8</total>
				<timestamp>1221.078609</timestamp>
			</report>
			<report>
				<misses>3596001</misses>
				<total>7</total>
				<timestamp>1221.418306</timestamp>
			</report>
			<report>
				<misses>3597001</misses>
				<total>8</total>
				<timestamp>1221.757895</timestamp>
			</report>
			<report>
				<misses>3598001</misses>
				<total>8</total>
				<timestamp>1222.097560</timestamp>
			</report>
			<report>
				<misses>3599001</misses>
				<total>7</total>
				<timestamp>1222.437288</timestamp>
			</report>
			<report>
				<misses>3600001</misses>
				<total>8</total>
				<timestamp>1222.776867</timestamp>
			</report>
			<report>
				<misses>3601001</misses>
				<total>8</total>
				<timestamp>1223.116528</timestamp>
			</report>
			<report>
				<misses>3602001</misses>
				<total>7</total>
				<timestamp>1223.456294</timestamp>
			</report>
			<report>
				<misses>3603001</misses>
				<total>8</total>
				<timestamp>1223.795847</timestamp>
			</report>
			<report>
				<misses>3604001</misses>
				<total>8</total>
				<timestamp>1224.135493</timestamp>
			</report>
			<report>
				<misses>3605001</misses>
				<total>7</total>
				<timestamp>1224.475281</timestamp>
			</report>
			<report>
				<misses>3606001</misses>
				<total>8</total>
				<timestamp>1224.814817</timestamp>
			</report>
			<report>
				<misses>3607001</misses>
				<total>8</total>
				<timestamp>1225.154485</timestamp>
			</report>
			<report>
				<misses>3608001</misses>
				<total>8</total>
				<timestamp>1225.494198</timestamp>
			</report>
			<report>
				<misses>3609001</misses>
				<total>8</total>
				<timestamp>1225.833793</timestamp>
			</report>
			<report>
				<misses>3610001</misses>
				<total>8</total>
				<timestamp>1226.173456</timestamp>
			</report>
			<report>
				<misses>3611001</misses>
				<total>8</total>
				<timestamp>1226.513209</timestamp>
			</report>
			<report>
				<misses>3612001</misses>
				<total>8</total>
				<timestamp>1226.852802</timestamp>
			</report>
			<report>
				<misses>3613001</misses>
				<total>8</total>
				<timestamp>1227.192447</timestamp>
			</report>
			<report>
				<misses>3614001</misses>
				<total>8</total>
				<timestamp>1227.532185</timestamp>
			</report>
			<report>
				<misses>3615001</misses>
				<total>8</total>
				<timestamp>1227.871766</timestamp>
			</report>
			<report>
				<misses>3616001</misses>
				<total>8</total>
				<timestamp>1228.211415</timestamp>
			</report>
			<report>
				<misses>3617001</misses>
				<total>8</total>
				<timestamp>1228.551124</timestamp>
			</report>
			<report>
				<misses>3618001</misses>
				<total>8</total>
				<timestamp>1228.890738</timestamp>
			</report>
			<report>
				<misses>3619001</misses>
				<total>8</total>
				<timestamp>1229.230422</timestamp>
			</report>
			<report>
				<misses>3620001</misses>
				<total>8</total>
				<timestamp>1229.570075</timestamp>
			</report>
			<report>
				<misses>3621001</misses>
				<total>8</total>
				<timestamp>1229.909746</timestamp>
			</report>
			<report>
				<misses>3622001</misses>
				<total>8</total>
				<timestamp>1230.249392</timestamp>
			</report>
			<report>
				<misses>3623001</misses>
				<total>7</total>
				<timestamp>1230.589145</timestamp>
			</report>
			<report>
				<misses>3624001</misses>
				<total>8</total>
				<timestamp>1230.928711</timestamp>
			</report>
			<report>
				<misses>3625001</misses>
				<total>8</total>
				<timestamp>1231.268370</timestamp>
			</report>
			<report>
				<misses>3626001</misses>
				<total>8</total>
				<timestamp>1231.608109</timestamp>
			</report>
			<report>
				<misses>3627001</misses>
				<total>8</total>
				<timestamp>1231.947697</timestamp>
			</report>
			<report>
				<misses>3628001</misses>
				<total>8</total>
				<timestamp>1232.287355</timestamp>
			</report>
			<report>
				<misses>3629001</misses>
				<total>7</total>
				<timestamp>1232.627099</timestamp>
			</report>
			<report>
				<misses>3630001</misses>
				<total>8</total>
				<timestamp>1232.966700</timestamp>
			</report>
			<report>
				<misses>3631001</misses>
				<total>8</total>
				<timestamp>1233.306350</timestamp>
			</report>
			<report>
				<misses>3632001</misses>
				<total>7</total>
				<timestamp>1233.646114</timestamp>
			</report>
			<report>
				<misses>3633001</misses>
				<total>8</total>
				<timestamp>1233.985671</timestamp>
			</report>
			<report>
				<misses>3634001</misses>
				<total>8</total>
				<timestamp>1234.325376</timestamp>
			</report>
			<report>
				<misses>3635001</misses>
				<total>8</total>
				<timestamp>1234.664960</timestamp>
			</report>
			<report>
				<misses>3636001</misses>
				<total>8</total>
				<timestamp>1235.004607</timestamp>
			</report>
			<report>
				<misses>3637001</misses>
				<total>8</total>
				<timestamp>1235.344332</timestamp>
			</report>
			<report>
				<misses>3638001</misses>
				<total>7</total>
				<timestamp>1235.684095</timestamp>
			</report>
			<report>
				<misses>3639001</misses>
				<total>8</total>
				<timestamp>1236.023591</timestamp>
			</report>
			<report>
				<misses>3640001</misses>
				<total>8</total>
				<timestamp>1236.363310</timestamp>
			</report>
			<report>
				<misses>3641001</misses>
				<total>8</total>
				<timestamp>1236.702923</timestamp>
			</report>
			<report>
				<misses>3642001</misses>
				<total>8</total>
				<timestamp>1237.042594</timestamp>
			</report>
			<report>
				<misses>3643001</misses>
				<total>7</total>
				<timestamp>1237.382333</timestamp>
			</report>
			<report>
				<misses>3644001</misses>
				<total>7</total>
				<timestamp>1237.722003</timestamp>
			</report>
			<report>
				<misses>3645001</misses>
				<total>8</total>
				<timestamp>1238.061577</timestamp>
			</report>
			<report>
				<misses>3646001</misses>
				<total>7</total>
				<timestamp>1238.401305</timestamp>
			</report>
			<report>
				<misses>3647001</misses>
				<total>8</total>
				<timestamp>1238.740903</timestamp>
			</report>
			<report>
				<misses>3648001</misses>
				<total>8</total>
				<timestamp>1239.080541</timestamp>
			</report>
			<report>
				<misses>3649001</misses>
				<total>7</total>
				<timestamp>1239.420322</timestamp>
			</report>
			<report>
				<misses>3650001</misses>
				<total>8</total>
				<timestamp>1239.759862</timestamp>
			</report>
			<report>
				<misses>3651001</misses>
				<total>8</total>
				<timestamp>1240.099515</timestamp>
			</report>
			<report>
				<misses>3652001</misses>
				<total>8</total>
				<timestamp>1240.439190</timestamp>
			</report>
			<report>
				<misses>3653001</misses>
				<total>8</total>
				<timestamp>1240.778839</timestamp>
			</report>
			<report>
				<misses>3654001</misses>
				<total>8</total>
				<timestamp>1241.118511</timestamp>
			</report>
			<report>
				<misses>3655001</misses>
				<total>8</total>
				<timestamp>1241.458146</timestamp>
			</report>
			<report>
				<misses>3656001</misses>
				<total>8</total>
				<timestamp>1241.797848</timestamp>
			</report>
			<report>
				<misses>3657001</misses>
				<total>8</total>
				<timestamp>1242.137489</timestamp>
			</report>
			<report>
				<misses>3658001</misses>
				<total>8</total>
				<timestamp>1242.477187</timestamp>
			</report>
			<report>
				<misses>3659001</misses>
				<total>8</total>
				<timestamp>1242.816798</timestamp>
			</report>
			<report>
				<misses>3660001</misses>
				<total>8</total>
				<timestamp>1243.156485</timestamp>
			</report>
			<report>
				<misses>3661001</misses>
				<total>8</total>
				<timestamp>1243.496174</timestamp>
			</report>
			<report>
				<misses>3662001</misses>
				<total>8</total>
				<timestamp>1243.835761</timestamp>
			</report>
			<report>
				<misses>3663001</misses>
				<total>8</total>
				<timestamp>1244.175442</timestamp>
			</report>
			<report>
				<misses>3664001</misses>
				<total>8</total>
				<timestamp>1244.515142</timestamp>
			</report>
			<report>
				<misses>3665001</misses>
				<total>8</total>
				<timestamp>1244.854760</timestamp>
			</report>
			<report>
				<misses>3666001</misses>
				<total>8</total>
				<timestamp>1245.194453</timestamp>
			</report>
			<report>
				<misses>3667001</misses>
				<total>8</total>
				<timestamp>1245.534131</timestamp>
			</report>
			<report>
				<misses>3668001</misses>
				<total>8</total>
				<timestamp>1245.873742</timestamp>
			</report>
			<report>
				<misses>3669001</misses>
				<total>8</total>
				<timestamp>1246.213435</timestamp>
			</report>
			<report>
				<misses>3670001</misses>
				<total>7</total>
				<timestamp>1246.553146</timestamp>
			</report>
			<report>
				<misses>3671001</misses>
				<total>8</total>
				<timestamp>1246.892715</timestamp>
			</report>
			<report>
				<misses>3672001</misses>
				<total>8</total>
				<timestamp>1247.232392</timestamp>
			</report>
			<report>
				<misses>3673001</misses>
				<total>7</total>
				<timestamp>1247.572152</timestamp>
			</report>
			<report>
				<misses>3674001</misses>
				<total>8</total>
				<timestamp>1247.911698</timestamp>
			</report>
			<report>
				<misses>3675001</misses>
				<total>8</total>
				<timestamp>1248.251360</timestamp>
			</report>
			<report>
				<misses>3676001</misses>
				<total>7</total>
				<timestamp>1248.591143</timestamp>
			</report>
			<report>
				<misses>3677001</misses>
				<total>8</total>
				<timestamp>1248.930691</timestamp>
			</report>
			<report>
				<misses>3678001</misses>
				<total>8</total>
				<timestamp>1249.270383</timestamp>
			</report>
			<report>
				<misses>3679001</misses>
				<total>7</total>
				<timestamp>1249.610111</timestamp>
			</report>
			<report>
				<misses>3680001</misses>
				<total>8</total>
				<timestamp>1249.949663</timestamp>
			</report>
			<report>
				<misses>3681001</misses>
				<total>8</total>
				<timestamp>1250.289311</timestamp>
			</report>
			<report>
				<misses>3682001</misses>
				<total>7</total>
				<timestamp>1250.629120</timestamp>
			</report>
			<report>
				<misses>3683001</misses>
				<total>8</total>
				<timestamp>1250.968629</timestamp>
			</report>
			<report>
				<misses>3684001</misses>
				<total>8</total>
				<timestamp>1251.308328</timestamp>
			</report>
			<report>
				<misses>3685001</misses>
				<total>8</total>
				<timestamp>1251.647991</timestamp>
			</report>
			<report>
				<misses>3686001</misses>
				<total>8</total>
				<timestamp>1251.987642</timestamp>
			</report>
			<report>
				<misses>3687001</misses>
				<total>8</total>
				<timestamp>1252.327315</timestamp>
			</report>
			<report>
				<misses>3688001</misses>
				<total>8</total>
				<timestamp>1252.666997</timestamp>
			</report>
			<report>
				<misses>3689001</misses>
				<total>8</total>
				<timestamp>1253.006593</timestamp>
			</report>
			<report>
				<misses>3690001</misses>
				<total>8</total>
				<timestamp>1253.346287</timestamp>
			</report>
			<report>
				<misses>3691001</misses>
				<total>8</total>
				<timestamp>1253.685999</timestamp>
			</report>
			<report>
				<misses>3692001</misses>
				<total>8</total>
				<timestamp>1254.025578</timestamp>
			</report>
			<report>
				<misses>3693001</misses>
				<total>8</total>
				<timestamp>1254.365269</timestamp>
			</report>
			<report>
				<misses>3694001</misses>
				<total>8</total>
				<timestamp>1254.704986</timestamp>
			</report>
			<report>
				<misses>3695001</misses>
				<total>8</total>
				<timestamp>1255.044550</timestamp>
			</report>
			<report>
				<misses>3696001</misses>
				<total>8</total>
				<timestamp>1255.384230</timestamp>
			</report>
			<report>
				<misses>3697001</misses>
				<total>8</total>
				<timestamp>1255.723979</timestamp>
			</report>
			<report>
				<misses>3698001</misses>
				<total>8</total>
				<timestamp>1256.063606</timestamp>
			</report>
			<report>
				<misses>3699001</misses>
				<total>8</total>
				<timestamp>1256.403283</timestamp>
			</report>
			<report>
				<misses>3700001</misses>
				<total>8</total>
				<timestamp>1256.742937</timestamp>
			</report>
			<report>
				<misses>3701001</misses>
				<total>8</total>
				<timestamp>1257.082513</timestamp>
			</report>
			<report>
				<misses>3702001</misses>
				<total>8</total>
				<timestamp>1257.422198</timestamp>
			</report>
			<report>
				<misses>3703001</misses>
				<total>7</total>
				<timestamp>1257.761974</timestamp>
			</report>
			<report>
				<misses>3704001</misses>
				<total>7</total>
				<timestamp>1258.101618</timestamp>
			</report>
			<report>
				<misses>3705001</misses>
				<total>8</total>
				<timestamp>1258.441206</timestamp>
			</report>
			<report>
				<misses>3706001</misses>
				<total>7</total>
				<timestamp>1258.780941</timestamp>
			</report>
			<report>
				<misses>3707001</misses>
				<total>8</total>
				<timestamp>1259.120515</timestamp>
			</report>
			<report>
				<misses>3708001</misses>
				<total>8</total>
				<timestamp>1259.460162</timestamp>
			</report>
			<report>
				<misses>3709001</misses>
				<total>7</total>
				<timestamp>1259.799921</timestamp>
			</report>
			<report>
				<misses>3710001</misses>
				<total>8</total>
				<timestamp>1260.139479</timestamp>
			</report>
			<report>
				<misses>3711001</misses>
				<total>8</total>
				<timestamp>1260.479158</timestamp>
			</report>
			<report>
				<misses>3712001</misses>
				<total>8</total>
				<timestamp>1260.818766</timestamp>
			</report>
			<report>
				<misses>3713001</misses>
				<total>8</total>
				<timestamp>1261.158446</timestamp>
			</report>
			<report>
				<misses>3714001</misses>
				<total>7</total>
				<timestamp>1261.498179</timestamp>
			</report>
			<report>
				<misses>3715001</misses>
				<total>8</total>
				<timestamp>1261.837745</timestamp>
			</report>
			<report>
				<misses>3716001</misses>
				<total>8</total>
				<timestamp>1262.177428</timestamp>
			</report>
			<report>
				<misses>3717001</misses>
				<total>7</total>
				<timestamp>1262.517160</timestamp>
			</report>
			<report>
				<misses>3718001</misses>
				<total>8</total>
				<timestamp>1262.856732</timestamp>
			</report>
			<report>
				<misses>3719001</misses>
				<total>8</total>
				<timestamp>1263.196404</timestamp>
			</report>
			<report>
				<misses>3720001</misses>
				<total>8</total>
				<timestamp>1263.536100</timestamp>
			</report>
			<report>
				<misses>3721001</misses>
				<total>8</total>
				<timestamp>1263.875709</timestamp>
			</report>
			<report>
				<misses>3722001</misses>
				<total>8</total>
				<timestamp>1264.215377</timestamp>
			</report>
			<report>
				<misses>3723001</misses>
				<total>7</total>
				<timestamp>1264.555133</timestamp>
			</report>
			<report>
				<misses>3724001</misses>
				<total>8</total>
				<timestamp>1264.894704</timestamp>
			</report>
			<report>
				<misses>3725001</misses>
				<total>8</total>
				<timestamp>1265.234372</timestamp>
			</report>
			<report>
				<misses>3726001</misses>
				<total>7</total>
				<timestamp>1265.574154</timestamp>
			</report>
			<report>
				<misses>3727001</misses>
				<total>8</total>
				<timestamp>1265.913679</timestamp>
			</report>
			<report>
				<misses>3728001</misses>
				<total>8</total>
				<timestamp>1266.253362</timestamp>
			</report>
			<report>
				<misses>3729001</misses>
				<total>8</total>
				<timestamp>1266.593015</timestamp>
			</report>
			<report>
				<misses>3730001</misses>
				<total>8</total>
				<timestamp>1266.932677</timestamp>
			</report>
			<report>
				<misses>3731001</misses>
				<total>8</total>
				<timestamp>1267.272333</timestamp>
			</report>
			<report>
				<misses>3732001</misses>
				<total>8</total>
				<timestamp>1267.612018</timestamp>
			</report>
			<report>
				<misses>3733001</misses>
				<total>8</total>
				<timestamp>1267.951635</timestamp>
			</report>
			<report>
				<misses>3734001</misses>
				<total>8</total>
				<timestamp>1268.291306</timestamp>
			</report>
			<report>
				<misses>3735001</misses>
				<total>8</total>
				<timestamp>1268.630999</timestamp>
			</report>
			<report>
				<misses>3736001</misses>
				<total>8</total>
				<timestamp>1268.970648</timestamp>
			</report>
			<report>
				<misses>3737001</misses>
				<total>8</total>
				<timestamp>1269.310339</timestamp>
			</report>
			<report>
				<misses>3738001</misses>
				<total>8</total>
				<timestamp>1269.649990</timestamp>
			</report>
			<report>
				<misses>3739001</misses>
				<total>8</total>
				<timestamp>1269.989602</timestamp>
			</report>
			<report>
				<misses>3740001</misses>
				<total>8</total>
				<timestamp>1270.329303</timestamp>
			</report>
			<report>
				<misses>3741001</misses>
				<total>8</total>
				<timestamp>1270.668966</timestamp>
			</report>
			<report>
				<misses>3742001</misses>
				<total>8</total>
				<timestamp>1271.008602</timestamp>
			</report>
			<report>
				<misses>3743001</misses>
				<total>8</total>
				<timestamp>1271.348253</timestamp>
			</report>
			<report>
				<misses>3744001</misses>
				<total>8</total>
				<timestamp>1271.687974</timestamp>
			</report>
			<report>
				<misses>3745001</misses>
				<total>8</total>
				<timestamp>1272.027553</timestamp>
			</report>
			<report>
				<misses>3746001</misses>
				<total>8</total>
				<timestamp>1272.367232</timestamp>
			</report>
			<report>
				<misses>3747001</misses>
				<total>7</total>
				<timestamp>1272.706973</timestamp>
			</report>
			<report>
				<misses>3748001</misses>
				<total>8</total>
				<timestamp>1273.046541</timestamp>
			</report>
			<report>
				<misses>3749001</misses>
				<total>8</total>
				<timestamp>1273.386215</timestamp>
			</report>
			<report>
				<misses>3750001</misses>
				<total>8</total>
				<timestamp>1273.725878</timestamp>
			</report>
			<report>
				<misses>3751001</misses>
				<total>8</total>
				<timestamp>1274.065532</timestamp>
			</report>
			<report>
				<misses>3752001</misses>
				<total>8</total>
				<timestamp>1274.405205</timestamp>
			</report>
			<report>
				<misses>3753001</misses>
				<total>8</total>
				<timestamp>1274.744861</timestamp>
			</report>
			<report>
				<misses>3754001</misses>
				<total>8</total>
				<timestamp>1275.084500</timestamp>
			</report>
			<report>
				<misses>3755001</misses>
				<total>8</total>
				<timestamp>1275.424158</timestamp>
			</report>
			<report>
				<misses>3756001</misses>
				<total>7</total>
				<timestamp>1275.763952</timestamp>
			</report>
			<report>
				<misses>3757001</misses>
				<total>8</total>
				<timestamp>1276.103486</timestamp>
			</report>
			<report>
				<misses>3758001</misses>
				<total>8</total>
				<timestamp>1276.443183</timestamp>
			</report>
			<report>
				<misses>3759001</misses>
				<total>8</total>
				<timestamp>1276.782837</timestamp>
			</report>
			<report>
				<misses>3760001</misses>
				<total>8</total>
				<timestamp>1277.122451</timestamp>
			</report>
			<report>
				<misses>3761001</misses>
				<total>8</total>
				<timestamp>1277.462128</timestamp>
			</report>
			<report>
				<misses>3762001</misses>
				<total>8</total>
				<timestamp>1277.801785</timestamp>
			</report>
			<report>
				<misses>3763001</misses>
				<total>8</total>
				<timestamp>1278.141473</timestamp>
			</report>
			<report>
				<misses>3764001</misses>
				<total>8</total>
				<timestamp>1278.481104</timestamp>
			</report>
			<report>
				<misses>3765001</misses>
				<total>8</total>
				<timestamp>1278.820834</timestamp>
			</report>
			<report>
				<misses>3766001</misses>
				<total>8</total>
				<timestamp>1279.160457</timestamp>
			</report>
			<report>
				<misses>3767001</misses>
				<total>8</total>
				<timestamp>1279.500089</timestamp>
			</report>
			<report>
				<misses>3768001</misses>
				<total>7</total>
				<timestamp>1279.839876</timestamp>
			</report>
			<report>
				<misses>3769001</misses>
				<total>8</total>
				<timestamp>1280.179424</timestamp>
			</report>
			<report>
				<misses>3770001</misses>
				<total>8</total>
				<timestamp>1280.519056</timestamp>
			</report>
			<report>
				<misses>3771001</misses>
				<total>7</total>
				<timestamp>1280.858823</timestamp>
			</report>
			<report>
				<misses>3772001</misses>
				<total>8</total>
				<timestamp>1281.198367</timestamp>
			</report>
			<report>
				<misses>3773001</misses>
				<total>8</total>
				<timestamp>1281.538031</timestamp>
			</report>
			<report>
				<misses>3774001</misses>
				<total>7</total>
				<timestamp>1281.877798</timestamp>
			</report>
			<report>
				<misses>3775001</misses>
				<total>8</total>
				<timestamp>1282.217359</timestamp>
			</report>
			<report>
				<misses>3776001</misses>
				<total>8</total>
				<timestamp>1282.557038</timestamp>
			</report>
			<report>
				<misses>3777001</misses>
				<total>7</total>
				<timestamp>1282.896804</timestamp>
			</report>
			<report>
				<misses>3778001</misses>
				<total>8</total>
				<timestamp>1283.236349</timestamp>
			</report>
			<report>
				<misses>3779001</misses>
				<total>8</total>
				<timestamp>1283.576010</timestamp>
			</report>
			<report>
				<misses>3780001</misses>
				<total>9</total>
				<timestamp>1283.915740</timestamp>
			</report>
			<report>
				<misses>3781001</misses>
				<total>9</total>
				<timestamp>1284.255315</timestamp>
			</report>
			<report>
				<misses>3782001</misses>
				<total>9</total>
				<timestamp>1284.595040</timestamp>
			</report>
			<report>
				<misses>3783001</misses>
				<total>9</total>
				<timestamp>1284.934630</timestamp>
			</report>
			<report>
				<misses>3784001</misses>
				<total>9</total>
				<timestamp>1285.274310</timestamp>
			</report>
			<report>
				<misses>3785001</misses>
				<total>8</total>
				<timestamp>1285.614125</timestamp>
			</report>
			<report>
				<misses>3786001</misses>
				<total>9</total>
				<timestamp>1285.953631</timestamp>
			</report>
			<report>
				<misses>3787001</misses>
				<total>9</total>
				<timestamp>1286.293305</timestamp>
			</report>
			<report>
				<misses>3788001</misses>
				<total>9</total>
				<timestamp>1286.632937</timestamp>
			</report>
			<report>
				<misses>3789001</misses>
				<total>9</total>
				<timestamp>1286.972613</timestamp>
			</report>
			<report>
				<misses>3790001</misses>
				<total>9</total>
				<timestamp>1287.312297</timestamp>
			</report>
			<report>
				<misses>3791001</misses>
				<total>8</total>
				<timestamp>1287.652006</timestamp>
			</report>
			<report>
				<misses>3792001</misses>
				<total>9</total>
				<timestamp>1287.991580</timestamp>
			</report>
			<report>
				<misses>3793001</misses>
				<total>9</total>
				<timestamp>1288.331236</timestamp>
			</report>
			<report>
				<misses>3794001</misses>
				<total>8</total>
				<timestamp>1288.670988</timestamp>
			</report>
			<report>
				<misses>3795001</misses>
				<total>9</total>
				<timestamp>1289.010560</timestamp>
			</report>
			<report>
				<misses>3796001</misses>
				<total>9</total>
				<timestamp>1289.350233</timestamp>
			</report>
			<report>
				<misses>3797001</misses>
				<total>9</total>
				<timestamp>1289.689883</timestamp>
			</report>
			<report>
				<misses>3798001</misses>
				<total>9</total>
				<timestamp>1290.029535</timestamp>
			</report>
			<report>
				<misses>3799001</misses>
				<total>9</total>
				<timestamp>1290.369186</timestamp>
			</report>
			<report>
				<misses>3800001</misses>
				<total>8</total>
				<timestamp>1290.708971</timestamp>
			</report>
			<report>
				<misses>3801001</misses>
				<total>9</total>
				<timestamp>1291.048521</timestamp>
			</report>
			<report>
				<misses>3802001</misses>
				<total>9</total>
				<timestamp>1291.388168</timestamp>
			</report>
			<report>
				<misses>3803001</misses>
				<total>9</total>
				<timestamp>1291.727841</timestamp>
			</report>
			<report>
				<misses>3804001</misses>
				<total>9</total>
				<timestamp>1292.067529</timestamp>
			</report>
			<report>
				<misses>3805001</misses>
				<total>9</total>
				<timestamp>1292.407166</timestamp>
			</report>
			<report>
				<misses>3806001</misses>
				<total>9</total>
				<timestamp>1292.746861</timestamp>
			</report>
			<report>
				<misses>3807001</misses>
				<total>9</total>
				<timestamp>1293.086471</timestamp>
			</report>
			<report>
				<misses>3808001</misses>
				<total>9</total>
				<timestamp>1293.426137</timestamp>
			</report>
			<report>
				<misses>3809001</misses>
				<total>8</total>
				<timestamp>1293.765941</timestamp>
			</report>
			<report>
				<misses>3810001</misses>
				<total>9</total>
				<timestamp>1294.105456</timestamp>
			</report>
			<report>
				<misses>3811001</misses>
				<total>9</total>
				<timestamp>1294.445139</timestamp>
			</report>
			<report>
				<misses>3812001</misses>
				<total>8</total>
				<timestamp>1294.784951</timestamp>
			</report>
			<report>
				<misses>3813001</misses>
				<total>9</total>
				<timestamp>1295.124443</timestamp>
			</report>
			<report>
				<misses>3814001</misses>
				<total>9</total>
				<timestamp>1295.464091</timestamp>
			</report>
			<report>
				<misses>3815001</misses>
				<total>9</total>
				<timestamp>1295.803838</timestamp>
			</report>
			<report>
				<misses>3816001</misses>
				<total>9</total>
				<timestamp>1296.143431</timestamp>
			</report>
			<report>
				<misses>3817001</misses>
				<total>9</total>
				<timestamp>1296.483077</timestamp>
			</report>
			<report>
				<misses>3818001</misses>
				<total>8</total>
				<timestamp>1296.822839</timestamp>
			</report>
			<report>
				<misses>3819001</misses>
				<total>9</total>
				<timestamp>1297.162434</timestamp>
			</report>
			<report>
				<misses>3820001</misses>
				<total>9</total>
				<timestamp>1297.502102</timestamp>
			</report>
			<report>
				<misses>3821001</misses>
				<total>8</total>
				<timestamp>1297.841833</timestamp>
			</report>
			<report>
				<misses>3822001</misses>
				<total>9</total>
				<timestamp>1298.181406</timestamp>
			</report>
			<report>
				<misses>3823001</misses>
				<total>9</total>
				<timestamp>1298.521070</timestamp>
			</report>
			<report>
				<misses>3824001</misses>
				<total>9</total>
				<timestamp>1298.860733</timestamp>
			</report>
			<report>
				<misses>3825001</misses>
				<total>9</total>
				<timestamp>1299.200365</timestamp>
			</report>
			<report>
				<misses>3826001</misses>
				<total>9</total>
				<timestamp>1299.540069</timestamp>
			</report>
			<report>
				<misses>3827001</misses>
				<total>8</total>
				<timestamp>1299.879817</timestamp>
			</report>
			<report>
				<misses>3828001</misses>
				<total>9</total>
				<timestamp>1300.219343</timestamp>
			</report>
			<report>
				<misses>3829001</misses>
				<total>9</total>
				<timestamp>1300.558992</timestamp>
			</report>
			<report>
				<misses>3830001</misses>
				<total>9</total>
				<timestamp>1300.898673</timestamp>
			</report>
			<report>
				<misses>3831001</misses>
				<total>9</total>
				<timestamp>1301.238337</timestamp>
			</report>
			<report>
				<misses>3832001</misses>
				<total>9</total>
				<timestamp>1301.577979</timestamp>
			</report>
			<report>
				<misses>3833001</misses>
				<total>9</total>
				<timestamp>1301.917695</timestamp>
			</report>
			<report>
				<misses>3834001</misses>
				<total>9</total>
				<timestamp>1302.257305</timestamp>
			</report>
			<report>
				<misses>3835001</misses>
				<total>9</total>
				<timestamp>1302.596968</timestamp>
			</report>
			<report>
				<misses>3836001</misses>
				<total>9</total>
				<timestamp>1302.936686</timestamp>
			</report>
			<report>
				<misses>3837001</misses>
				<total>9</total>
				<timestamp>1303.276316</timestamp>
			</report>
			<report>
				<misses>3838001</misses>
				<total>9</total>
				<timestamp>1303.615944</timestamp>
			</report>
			<report>
				<misses>3839001</misses>
				<total>9</total>
				<timestamp>1303.955685</timestamp>
			</report>
			<report>
				<misses>3840001</misses>
				<total>8</total>
				<timestamp>1304.295383</timestamp>
			</report>
			<report>
				<misses>3841001</misses>
				<total>9</total>
				<timestamp>1304.634921</timestamp>
			</report>
			<report>
				<misses>3842001</misses>
				<total>8</total>
				<timestamp>1304.974665</timestamp>
			</report>
			<report>
				<misses>3843001</misses>
				<total>9</total>
				<timestamp>1305.314275</timestamp>
			</report>
			<report>
				<misses>3844001</misses>
				<total>9</total>
				<timestamp>1305.653886</timestamp>
			</report>
			<report>
				<misses>3845001</misses>
				<total>8</total>
				<timestamp>1305.993663</timestamp>
			</report>
			<report>
				<misses>3846001</misses>
				<total>9</total>
				<timestamp>1306.333209</timestamp>
			</report>
			<report>
				<misses>3847001</misses>
				<total>9</total>
				<timestamp>1306.672891</timestamp>
			</report>
			<report>
				<misses>3848001</misses>
				<total>8</total>
				<timestamp>1307.012660</timestamp>
			</report>
			<report>
				<misses>3849001</misses>
				<total>9</total>
				<timestamp>1307.352200</timestamp>
			</report>
			<report>
				<misses>3850001</misses>
				<total>9</total>
				<timestamp>1307.691876</timestamp>
			</report>
			<report>
				<misses>3851001</misses>
				<total>9</total>
				<timestamp>1308.031574</timestamp>
			</report>
			<report>
				<misses>3852001</misses>
				<total>9</total>
				<timestamp>1308.371205</timestamp>
			</report>
			<report>
				<misses>3853001</misses>
				<total>9</total>
				<timestamp>1308.710881</timestamp>
			</report>
			<report>
				<misses>3854001</misses>
				<total>8</total>
				<timestamp>1309.050638</timestamp>
			</report>
			<report>
				<misses>3855001</misses>
				<total>9</total>
				<timestamp>1309.390173</timestamp>
			</report>
			<report>
				<misses>3856001</misses>
				<total>9</total>
				<timestamp>1309.729882</timestamp>
			</report>
			<report>
				<misses>3857001</misses>
				<total>9</total>
				<timestamp>1310.069471</timestamp>
			</report>
			<report>
				<misses>3858001</misses>
				<total>9</total>
				<timestamp>1310.409137</timestamp>
			</report>
			<report>
				<misses>3859001</misses>
				<total>9</total>
				<timestamp>1310.748864</timestamp>
			</report>
			<report>
				<misses>3860001</misses>
				<total>8</total>
				<timestamp>1311.088610</timestamp>
			</report>
			<report>
				<misses>3861001</misses>
				<total>9</total>
				<timestamp>1311.428139</timestamp>
			</report>
			<report>
				<misses>3862001</misses>
				<total>9</total>
				<timestamp>1311.767782</timestamp>
			</report>
			<report>
				<misses>3863001</misses>
				<total>9</total>
				<timestamp>1312.107440</timestamp>
			</report>
			<report>
				<misses>3864001</misses>
				<total>9</total>
				<timestamp>1312.447131</timestamp>
			</report>
			<report>
				<misses>3865001</misses>
				<total>8</total>
				<timestamp>1312.786852</timestamp>
			</report>
			<report>
				<misses>3866001</misses>
				<total>9</total>
				<timestamp>1313.126452</timestamp>
			</report>
			<report>
				<misses>3867001</misses>
				<total>9</total>
				<timestamp>1313.466111</timestamp>
			</report>
			<report>
				<misses>3868001</misses>
				<total>8</total>
				<timestamp>1313.805824</timestamp>
			</report>
			<report>
				<misses>3869001</misses>
				<total>9</total>
				<timestamp>1314.145421</timestamp>
			</report>
			<report>
				<misses>3870001</misses>
				<total>9</total>
				<timestamp>1314.485093</timestamp>
			</report>
			<report>
				<misses>3871001</misses>
				<total>8</total>
				<timestamp>1314.824844</timestamp>
			</report>
			<report>
				<misses>3872001</misses>
				<total>9</total>
				<timestamp>1315.164399</timestamp>
			</report>
			<report>
				<misses>3873001</misses>
				<total>9</total>
				<timestamp>1315.504062</timestamp>
			</report>
			<report>
				<misses>3874001</misses>
				<total>8</total>
				<timestamp>1315.843850</timestamp>
			</report>
			<report>
				<misses>3875001</misses>
				<total>9</total>
				<timestamp>1316.183366</timestamp>
			</report>
			<report>
				<misses>3876001</misses>
				<total>9</total>
				<timestamp>1316.523025</timestamp>
			</report>
			<report>
				<misses>3877001</misses>
				<total>9</total>
				<timestamp>1316.862743</timestamp>
			</report>
			<report>
				<misses>3878001</misses>
				<total>9</total>
				<timestamp>1317.202341</timestamp>
			</report>
			<report>
				<misses>3879001</misses>
				<total>9</total>
				<timestamp>1317.542003</timestamp>
			</report>
			<report>
				<misses>3880001</misses>
				<total>9</total>
				<timestamp>1317.881694</timestamp>
			</report>
			<report>
				<misses>3881001</misses>
				<total>9</total>
				<timestamp>1318.221340</timestamp>
			</report>
			<report>
				<misses>3882001</misses>
				<total>9</total>
				<timestamp>1318.561017</timestamp>
			</report>
			<report>
				<misses>3883001</misses>
				<total>9</total>
				<timestamp>1318.900704</timestamp>
			</report>
			<report>
				<misses>3884001</misses>
				<total>9</total>
				<timestamp>1319.240332</timestamp>
			</report>
			<report>
				<misses>3885001</misses>
				<total>9</total>
				<timestamp>1319.579975</timestamp>
			</report>
			<report>
				<misses>3886001</misses>
				<total>8</total>
				<timestamp>1319.919706</timestamp>
			</report>
			<report>
				<misses>3887001</misses>
				<total>9</total>
				<timestamp>1320.259375</timestamp>
			</report>
			<report>
				<misses>3888001</misses>
				<total>9</total>
				<timestamp>1320.598974</timestamp>
			</report>
			<report>
				<misses>3889001</misses>
				<total>9</total>
				<timestamp>1320.938637</timestamp>
			</report>
			<report>
				<misses>3890001</misses>
				<total>9</total>
				<timestamp>1321.278274</timestamp>
			</report>
			<report>
				<misses>3891001</misses>
				<total>9</total>
				<timestamp>1321.617909</timestamp>
			</report>
			<report>
				<misses>3892001</misses>
				<total>9</total>
				<timestamp>1321.957606</timestamp>
			</report>
			<report>
				<misses>3893001</misses>
				<total>9</total>
				<timestamp>1322.297285</timestamp>
			</report>
			<report>
				<misses>3894001</misses>
				<total>9</total>
				<timestamp>1322.636921</timestamp>
			</report>
			<report>
				<misses>3895001</misses>
				<total>9</total>
				<timestamp>1322.976574</timestamp>
			</report>
			<report>
				<misses>3896001</misses>
				<total>9</total>
				<timestamp>1323.316224</timestamp>
			</report>
			<report>
				<misses>3897001</misses>
				<total>9</total>
				<timestamp>1323.655887</timestamp>
			</report>
			<report>
				<misses>3898001</misses>
				<total>8</total>
				<timestamp>1323.995674</timestamp>
			</report>
			<report>
				<misses>3899001</misses>
				<total>9</total>
				<timestamp>1324.335209</timestamp>
			</report>
			<report>
				<misses>3900001</misses>
				<total>9</total>
				<timestamp>1324.674859</timestamp>
			</report>
			<report>
				<misses>3901001</misses>
				<total>9</total>
				<timestamp>1325.014610</timestamp>
			</report>
			<report>
				<misses>3902001</misses>
				<total>9</total>
				<timestamp>1325.354179</timestamp>
			</report>
			<report>
				<misses>3903001</misses>
				<total>9</total>
				<timestamp>1325.693857</timestamp>
			</report>
			<report>
				<misses>3904001</misses>
				<total>9</total>
				<timestamp>1326.033550</timestamp>
			</report>
			<report>
				<misses>3905001</misses>
				<total>9</total>
				<timestamp>1326.373160</timestamp>
			</report>
			<report>
				<misses>3906001</misses>
				<total>9</total>
				<timestamp>1326.712811</timestamp>
			</report>
			<report>
				<misses>3907001</misses>
				<total>9</total>
				<timestamp>1327.052517</timestamp>
			</report>
			<report>
				<misses>3908001</misses>
				<total>9</total>
				<timestamp>1327.392153</timestamp>
			</report>
			<report>
				<misses>3909001</misses>
				<total>9</total>
				<timestamp>1327.731815</timestamp>
			</report>
			<report>
				<misses>3910001</misses>
				<total>9</total>
				<timestamp>1328.071507</timestamp>
			</report>
			<report>
				<misses>3911001</misses>
				<total>9</total>
				<timestamp>1328.411108</timestamp>
			</report>
			<report>
				<misses>3912001</misses>
				<total>9</total>
				<timestamp>1328.750776</timestamp>
			</report>
			<report>
				<misses>3913001</misses>
				<total>9</total>
				<timestamp>1329.090511</timestamp>
			</report>
			<report>
				<misses>3914001</misses>
				<total>9</total>
				<timestamp>1329.430113</timestamp>
			</report>
			<report>
				<misses>3915001</misses>
				<total>9</total>
				<timestamp>1329.769766</timestamp>
			</report>
			<report>
				<misses>3916001</misses>
				<total>9</total>
				<timestamp>1330.109501</timestamp>
			</report>
			<report>
				<misses>3917001</misses>
				<total>9</total>
				<timestamp>1330.449085</timestamp>
			</report>
			<report>
				<misses>3918001</misses>
				<total>9</total>
				<timestamp>1330.788830</timestamp>
			</report>
			<report>
				<misses>3919001</misses>
				<total>8</total>
				<timestamp>1331.128538</timestamp>
			</report>
			<report>
				<misses>3920001</misses>
				<total>9</total>
				<timestamp>1331.468057</timestamp>
			</report>
			<report>
				<misses>3921001</misses>
				<total>9</total>
				<timestamp>1331.807752</timestamp>
			</report>
			<report>
				<misses>3922001</misses>
				<total>8</total>
				<timestamp>1332.147508</timestamp>
			</report>
			<report>
				<misses>3923001</misses>
				<total>9</total>
				<timestamp>1332.487052</timestamp>
			</report>
			<report>
				<misses>3924001</misses>
				<total>9</total>
				<timestamp>1332.826732</timestamp>
			</report>
			<report>
				<misses>3925001</misses>
				<total>8</total>
				<timestamp>1333.166461</timestamp>
			</report>
			<report>
				<misses>3926001</misses>
				<total>9</total>
				<timestamp>1333.506071</timestamp>
			</report>
			<report>
				<misses>3927001</misses>
				<total>9</total>
				<timestamp>1333.845727</timestamp>
			</report>
			<report>
				<misses>3928001</misses>
				<total>9</total>
				<timestamp>1334.185338</timestamp>
			</report>
			<report>
				<misses>3929001</misses>
				<total>9</total>
				<timestamp>1334.525012</timestamp>
			</report>
			<report>
				<misses>3930001</misses>
				<total>9</total>
				<timestamp>1334.864722</timestamp>
			</report>
			<report>
				<misses>3931001</misses>
				<total>9</total>
				<timestamp>1335.204327</timestamp>
			</report>
			<report>
				<misses>3932001</misses>
				<total>9</total>
				<timestamp>1335.543990</timestamp>
			</report>
			<report>
				<misses>3933001</misses>
				<total>9</total>
				<timestamp>1335.883700</timestamp>
			</report>
			<report>
				<misses>3934001</misses>
				<total>9</total>
				<timestamp>1336.223328</timestamp>
			</report>
			<report>
				<misses>3935001</misses>
				<total>9</total>
				<timestamp>1336.562971</timestamp>
			</report>
			<report>
				<misses>3936001</misses>
				<total>9</total>
				<timestamp>1336.902665</timestamp>
			</report>
			<report>
				<misses>3937001</misses>
				<total>9</total>
				<timestamp>1337.242324</timestamp>
			</report>
			<report>
				<misses>3938001</misses>
				<total>9</total>
				<timestamp>1337.581936</timestamp>
			</report>
			<report>
				<misses>3939001</misses>
				<total>8</total>
				<timestamp>1337.921702</timestamp>
			</report>
			<report>
				<misses>3940001</misses>
				<total>9</total>
				<timestamp>1338.261287</timestamp>
			</report>
			<report>
				<misses>3941001</misses>
				<total>9</total>
				<timestamp>1338.600931</timestamp>
			</report>
			<report>
				<misses>3942001</misses>
				<total>9</total>
				<timestamp>1338.940648</timestamp>
			</report>
			<report>
				<misses>3943001</misses>
				<total>9</total>
				<timestamp>1339.280277</timestamp>
			</report>
			<report>
				<misses>3944001</misses>
				<total>9</total>
				<timestamp>1339.619914</timestamp>
			</report>
			<report>
				<misses>3945001</misses>
				<total>8</total>
				<timestamp>1339.959667</timestamp>
			</report>
			<report>
				<misses>3946001</misses>
				<total>9</total>
				<timestamp>1340.299210</timestamp>
			</report>
			<report>
				<misses>3947001</misses>
				<total>9</total>
				<timestamp>1340.638879</timestamp>
			</report>
			<report>
				<misses>3948001</misses>
				<total>9</total>
				<timestamp>1340.978573</timestamp>
			</report>
			<report>
				<misses>3949001</misses>
				<total>9</total>
				<timestamp>1341.318215</timestamp>
			</report>
			<report>
				<misses>3950001</misses>
				<total>9</total>
				<timestamp>1341.657854</timestamp>
			</report>
			<report>
				<misses>3951001</misses>
				<total>9</total>
				<timestamp>1341.997538</timestamp>
			</report>
			<report>
				<misses>3952001</misses>
				<total>9</total>
				<timestamp>1342.337194</timestamp>
			</report>
			<report>
				<misses>3953001</misses>
				<total>9</total>
				<timestamp>1342.676867</timestamp>
			</report>
			<report>
				<misses>3954001</misses>
				<total>9</total>
				<timestamp>1343.016552</timestamp>
			</report>
			<report>
				<misses>3955001</misses>
				<total>9</total>
				<timestamp>1343.356163</timestamp>
			</report>
			<report>
				<misses>3956001</misses>
				<total>9</total>
				<timestamp>1343.695865</timestamp>
			</report>
			<report>
				<misses>3957001</misses>
				<total>9</total>
				<timestamp>1344.035523</timestamp>
			</report>
			<report>
				<misses>3958001</misses>
				<total>9</total>
				<timestamp>1344.375127</timestamp>
			</report>
			<report>
				<misses>3959001</misses>
				<total>9</total>
				<timestamp>1344.714819</timestamp>
			</report>
			<report>
				<misses>3960001</misses>
				<total>8</total>
				<timestamp>1345.054534</timestamp>
			</report>
			<report>
				<misses>3961001</misses>
				<total>9</total>
				<timestamp>1345.394129</timestamp>
			</report>
			<report>
				<misses>3962001</misses>
				<total>9</total>
				<timestamp>1345.733784</timestamp>
			</report>
			<report>
				<misses>3963001</misses>
				<total>9</total>
				<timestamp>1346.073480</timestamp>
			</report>
			<report>
				<misses>3964001</misses>
				<total>9</total>
				<timestamp>1346.413126</timestamp>
			</report>
			<report>
				<misses>3965001</misses>
				<total>9</total>
				<timestamp>1346.752793</timestamp>
			</report>
			<report>
				<misses>3966001</misses>
				<total>8</total>
				<timestamp>1347.092513</timestamp>
			</report>
			<report>
				<misses>3967001</misses>
				<total>9</total>
				<timestamp>1347.432067</timestamp>
			</report>
			<report>
				<misses>3968001</misses>
				<total>9</total>
				<timestamp>1347.771723</timestamp>
			</report>
			<report>
				<misses>3969001</misses>
				<total>9</total>
				<timestamp>1348.111400</timestamp>
			</report>
			<report>
				<misses>3970001</misses>
				<total>9</total>
				<timestamp>1348.451066</timestamp>
			</report>
			<report>
				<misses>3971001</misses>
				<total>9</total>
				<timestamp>1348.790720</timestamp>
			</report>
			<report>
				<misses>3972001</misses>
				<total>9</total>
				<timestamp>1349.130486</timestamp>
			</report>
			<report>
				<misses>3973001</misses>
				<total>9</total>
				<timestamp>1349.470049</timestamp>
			</report>
			<report>
				<misses>3974001</misses>
				<total>9</total>
				<timestamp>1349.809697</timestamp>
			</report>
			<report>
				<misses>3975001</misses>
				<total>8</total>
				<timestamp>1350.149492</timestamp>
			</report>
			<report>
				<misses>3976001</misses>
				<total>9</total>
				<timestamp>1350.489012</timestamp>
			</report>
			<report>
				<misses>3977001</misses>
				<total>9</total>
				<timestamp>1350.828684</timestamp>
			</report>
			<report>
				<misses>3978001</misses>
				<total>9</total>
				<timestamp>1351.168374</timestamp>
			</report>
			<report>
				<misses>3979001</misses>
				<total>9</total>
				<timestamp>1351.508010</timestamp>
			</report>
			<report>
				<misses>3980001</misses>
				<total>9</total>
				<timestamp>1351.847650</timestamp>
			</report>
			<report>
				<misses>3981001</misses>
				<total>9</total>
				<timestamp>1352.187360</timestamp>
			</report>
			<report>
				<misses>3982001</misses>
				<total>9</total>
				<timestamp>1352.526986</timestamp>
			</report>
			<report>
				<misses>3983001</misses>
				<total>9</total>
				<timestamp>1352.866642</timestamp>
			</report>
			<report>
				<misses>3984001</misses>
				<total>9</total>
				<timestamp>1353.206321</timestamp>
			</report>
			<report>
				<misses>3985001</misses>
				<total>9</total>
				<timestamp>1353.545948</timestamp>
			</report>
			<report>
				<misses>3986001</misses>
				<total>9</total>
				<timestamp>1353.885619</timestamp>
			</report>
			<report>
				<misses>3987001</misses>
				<total>9</total>
				<timestamp>1354.225314</timestamp>
			</report>
			<report>
				<misses>3988001</misses>
				<total>9</total>
				<timestamp>1354.564974</timestamp>
			</report>
			<report>
				<misses>3989001</misses>
				<total>9</total>
				<timestamp>1354.904595</timestamp>
			</report>
			<report>
				<misses>3990001</misses>
				<total>8</total>
				<timestamp>1355.244389</timestamp>
			</report>
			<report>
				<misses>3991001</misses>
				<total>9</total>
				<timestamp>1355.583923</timestamp>
			</report>
			<report>
				<misses>3992001</misses>
				<total>9</total>
				<timestamp>1355.923662</timestamp>
			</report>
			<report>
				<misses>3993001</misses>
				<total>8</total>
				<timestamp>1356.263388</timestamp>
			</report>
			<report>
				<misses>3994001</misses>
				<total>9</total>
				<timestamp>1356.602899</timestamp>
			</report>
			<report>
				<misses>3995001</misses>
				<total>9</total>
				<timestamp>1356.942588</timestamp>
			</report>
			<report>
				<misses>3996001</misses>
				<total>8</total>
				<timestamp>1357.282352</timestamp>
			</report>
			<report>
				<misses>3997001</misses>
				<total>9</total>
				<timestamp>1357.621876</timestamp>
			</report>
			<report>
				<misses>3998001</misses>
				<total>9</total>
				<timestamp>1357.961557</timestamp>
			</report>
			<report>
				<misses>3999001</misses>
				<total>9</total>
				<timestamp>1358.301333</timestamp>
			</report>
			<report>
				<misses>4000001</misses>
				<total>9</total>
				<timestamp>1358.640849</timestamp>
			</report>
			<report>
				<misses>4001001</misses>
				<total>9</total>
				<timestamp>1358.980580</timestamp>
			</report>
			<report>
				<misses>4002001</misses>
				<total>8</total>
				<timestamp>1359.320331</timestamp>
			</report>
			<report>
				<misses>4003001</misses>
				<total>9</total>
				<timestamp>1359.659832</timestamp>
			</report>
			<report>
				<misses>4004001</misses>
				<total>9</total>
				<timestamp>1359.999495</timestamp>
			</report>
			<report>
				<misses>4005001</misses>
				<total>9</total>
				<timestamp>1360.339203</timestamp>
			</report>
			<report>
				<misses>4006001</misses>
				<total>9</total>
				<timestamp>1360.678806</timestamp>
			</report>
			<report>
				<misses>4007001</misses>
				<total>8</total>
				<timestamp>1361.018563</timestamp>
			</report>
			<report>
				<misses>4008001</misses>
				<total>9</total>
				<timestamp>1361.358155</timestamp>
			</report>
			<report>
				<misses>4009001</misses>
				<total>9</total>
				<timestamp>1361.697831</timestamp>
			</report>
			<report>
				<misses>4010001</misses>
				<total>9</total>
				<timestamp>1362.037494</timestamp>
			</report>
			<report>
				<misses>4011001</misses>
				<total>9</total>
				<timestamp>1362.377135</timestamp>
			</report>
			<report>
				<misses>4012001</misses>
				<total>9</total>
				<timestamp>1362.716768</timestamp>
			</report>
			<report>
				<misses>4013001</misses>
				<total>9</total>
				<timestamp>1363.056428</timestamp>
			</report>
			<report>
				<misses>4014001</misses>
				<total>9</total>
				<timestamp>1363.396102</timestamp>
			</report>
			<report>
				<misses>4015001</misses>
				<total>9</total>
				<timestamp>1363.735796</timestamp>
			</report>
			<report>
				<misses>4016001</misses>
				<total>8</total>
				<timestamp>1364.075540</timestamp>
			</report>
			<report>
				<misses>4017001</misses>
				<total>9</total>
				<timestamp>1364.415056</timestamp>
			</report>
			<report>
				<misses>4018001</misses>
				<total>9</total>
				<timestamp>1364.754755</timestamp>
			</report>
			<report>
				<misses>4019001</misses>
				<total>8</total>
				<timestamp>1365.094535</timestamp>
			</report>
			<report>
				<misses>4020001</misses>
				<total>9</total>
				<timestamp>1365.434049</timestamp>
			</report>
			<report>
				<misses>4021001</misses>
				<total>9</total>
				<timestamp>1365.773707</timestamp>
			</report>
			<report>
				<misses>4022001</misses>
				<total>9</total>
				<timestamp>1366.113411</timestamp>
			</report>
			<report>
				<misses>4023001</misses>
				<total>9</total>
				<timestamp>1366.453032</timestamp>
			</report>
			<report>
				<misses>4024001</misses>
				<total>8</total>
				<timestamp>1366.792806</timestamp>
			</report>
			<report>
				<misses>4025001</misses>
				<total>9</total>
				<timestamp>1367.132371</timestamp>
			</report>
			<report>
				<misses>4026001</misses>
				<total>9</total>
				<timestamp>1367.472012</timestamp>
			</report>
			<report>
				<misses>4027001</misses>
				<total>9</total>
				<timestamp>1367.811668</timestamp>
			</report>
			<report>
				<misses>4028001</misses>
				<total>9</total>
				<timestamp>1368.151399</timestamp>
			</report>
			<report>
				<misses>4029001</misses>
				<total>9</total>
				<timestamp>1368.490992</timestamp>
			</report>
			<report>
				<misses>4030001</misses>
				<total>9</total>
				<timestamp>1368.830682</timestamp>
			</report>
			<report>
				<misses>4031001</misses>
				<total>9</total>
				<timestamp>1369.170386</timestamp>
			</report>
			<report>
				<misses>4032001</misses>
				<total>9</total>
				<timestamp>1369.509981</timestamp>
			</report>
			<report>
				<misses>4033001</misses>
				<total>9</total>
				<timestamp>1369.849721</timestamp>
			</report>
			<report>
				<misses>4034001</misses>
				<total>8</total>
				<timestamp>1370.189372</timestamp>
			</report>
			<report>
				<misses>4035001</misses>
				<total>9</total>
				<timestamp>1370.528961</timestamp>
			</report>
			<report>
				<misses>4036001</misses>
				<total>9</total>
				<timestamp>1370.868614</timestamp>
			</report>
			<report>
				<misses>4037001</misses>
				<total>9</total>
				<timestamp>1371.208355</timestamp>
			</report>
			<report>
				<misses>4038001</misses>
				<total>9</total>
				<timestamp>1371.547951</timestamp>
			</report>
			<report>
				<misses>4039001</misses>
				<total>9</total>
				<timestamp>1371.887633</timestamp>
			</report>
			<report>
				<misses>4040001</misses>
				<total>8</total>
				<timestamp>1372.227365</timestamp>
			</report>
			<report>
				<misses>4041001</misses>
				<total>9</total>
				<timestamp>1372.567046</timestamp>
			</report>
			<report>
				<misses>4042001</misses>
				<total>9</total>
				<timestamp>1372.906585</timestamp>
			</report>
			<report>
				<misses>4043001</misses>
				<total>8</total>
				<timestamp>1373.246366</timestamp>
			</report>
			<report>
				<misses>4044001</misses>
				<total>9</total>
				<timestamp>1373.585905</timestamp>
			</report>
			<report>
				<misses>4045001</misses>
				<total>9</total>
				<timestamp>1373.925561</timestamp>
			</report>
			<report>
				<misses>4046001</misses>
				<total>9</total>
				<timestamp>1374.265345</timestamp>
			</report>
			<report>
				<misses>4047001</misses>
				<total>9</total>
				<timestamp>1374.605005</timestamp>
			</report>
			<report>
				<misses>4048001</misses>
				<total>9</total>
				<timestamp>1374.944555</timestamp>
			</report>
			<report>
				<misses>4049001</misses>
				<total>8</total>
				<timestamp>1375.284347</timestamp>
			</report>
			<report>
				<misses>4050001</misses>
				<total>9</total>
				<timestamp>1375.623987</timestamp>
			</report>
			<report>
				<misses>4051001</misses>
				<total>9</total>
				<timestamp>1375.963527</timestamp>
			</report>
			<report>
				<misses>4052001</misses>
				<total>9</total>
				<timestamp>1376.303306</timestamp>
			</report>
			<report>
				<misses>4053001</misses>
				<total>9</total>
				<timestamp>1376.642841</timestamp>
			</report>
			<report>
				<misses>4054001</misses>
				<total>9</total>
				<timestamp>1376.982509</timestamp>
			</report>
			<report>
				<misses>4055001</misses>
				<total>9</total>
				<timestamp>1377.322291</timestamp>
			</report>
			<report>
				<misses>4056001</misses>
				<total>9</total>
				<timestamp>1377.661943</timestamp>
			</report>
			<report>
				<misses>4057001</misses>
				<total>9</total>
				<timestamp>1378.001485</timestamp>
			</report>
			<report>
				<misses>4058001</misses>
				<total>9</total>
				<timestamp>1378.341270</timestamp>
			</report>
			<report>
				<misses>4059001</misses>
				<total>8</total>
				<timestamp>1378.680961</timestamp>
			</report>
			<report>
				<misses>4060001</misses>
				<total>9</total>
				<timestamp>1379.020585</timestamp>
			</report>
			<report>
				<misses>4061001</misses>
				<total>9</total>
				<timestamp>1379.360126</timestamp>
			</report>
			<report>
				<misses>4062001</misses>
				<total>9</total>
				<timestamp>1379.699913</timestamp>
			</report>
			<report>
				<misses>4063001</misses>
				<total>9</total>
				<timestamp>1380.039561</timestamp>
			</report>
			<report>
				<misses>4064001</misses>
				<total>8</total>
				<timestamp>1380.379223</timestamp>
			</report>
			<report>
				<misses>4065001</misses>
				<total>9</total>
				<timestamp>1380.718886</timestamp>
			</report>
			<report>
				<misses>4066001</misses>
				<total>9</total>
				<timestamp>1381.058415</timestamp>
			</report>
			<report>
				<misses>4067001</misses>
				<total>9</total>
				<timestamp>1381.398203</timestamp>
			</report>
			<report>
				<misses>4068001</misses>
				<total>9</total>
				<timestamp>1381.737864</timestamp>
			</report>
			<report>
				<misses>4069001</misses>
				<total>9</total>
				<timestamp>1382.077396</timestamp>
			</report>
			<report>
				<misses>4070001</misses>
				<total>8</total>
				<timestamp>1382.417188</timestamp>
			</report>
			<report>
				<misses>4071001</misses>
				<total>9</total>
				<timestamp>1382.756715</timestamp>
			</report>
			<report>
				<misses>4072001</misses>
				<total>9</total>
				<timestamp>1383.096510</timestamp>
			</report>
			<report>
				<misses>4073001</misses>
				<total>9</total>
				<timestamp>1383.436165</timestamp>
			</report>
			<report>
				<misses>4074001</misses>
				<total>9</total>
				<timestamp>1383.775821</timestamp>
			</report>
			<report>
				<misses>4075001</misses>
				<total>9</total>
				<timestamp>1384.115483</timestamp>
			</report>
			<report>
				<misses>4076001</misses>
				<total>9</total>
				<timestamp>1384.455145</timestamp>
			</report>
			<report>
				<misses>4077001</misses>
				<total>9</total>
				<timestamp>1384.794804</timestamp>
			</report>
			<report>
				<misses>4078001</misses>
				<total>9</total>
				<timestamp>1385.134462</timestamp>
			</report>
			<report>
				<misses>4079001</misses>
				<total>9</total>
				<timestamp>1385.473999</timestamp>
			</report>
			<report>
				<misses>4080001</misses>
				<total>9</total>
				<timestamp>1385.813781</timestamp>
			</report>
			<report>
				<misses>4081001</misses>
				<total>9</total>
				<timestamp>1386.153442</timestamp>
			</report>
			<report>
				<misses>4082001</misses>
				<total>9</total>
				<timestamp>1386.493108</timestamp>
			</report>
			<report>
				<misses>4083001</misses>
				<total>9</total>
				<timestamp>1386.832637</timestamp>
			</report>
			<report>
				<misses>4084001</misses>
				<total>9</total>
				<timestamp>1387.172431</timestamp>
			</report>
			<report>
				<misses>4085001</misses>
				<total>9</total>
				<timestamp>1387.511960</timestamp>
			</report>
			<report>
				<misses>4086001</misses>
				<total>9</total>
				<timestamp>1387.851621</timestamp>
			</report>
			<report>
				<misses>4087001</misses>
				<total>9</total>
				<timestamp>1388.191410</timestamp>
			</report>
			<report>
				<misses>4088001</misses>
				<total>9</total>
				<timestamp>1388.531064</timestamp>
			</report>
			<report>
				<misses>4089001</misses>
				<total>9</total>
				<timestamp>1388.870604</timestamp>
			</report>
			<report>
				<misses>4090001</misses>
				<total>8</total>
				<timestamp>1389.210389</timestamp>
			</report>
			<report>
				<misses>4091001</misses>
				<total>9</total>
				<timestamp>1389.549918</timestamp>
			</report>
			<report>
				<misses>4092001</misses>
				<total>9</total>
				<timestamp>1389.889577</timestamp>
			</report>
			<report>
				<misses>4093001</misses>
				<total>9</total>
				<timestamp>1390.229364</timestamp>
			</report>
			<report>
				<misses>4094001</misses>
				<total>9</total>
				<timestamp>1390.568898</timestamp>
			</report>
			<report>
				<misses>4095001</misses>
				<total>9</total>
				<timestamp>1390.908558</timestamp>
			</report>
			<report>
				<misses>4096001</misses>
				<total>9</total>
				<timestamp>1391.248344</timestamp>
			</report>
			<report>
				<misses>4097001</misses>
				<total>9</total>
				<timestamp>1391.587902</timestamp>
			</report>
			<report>
				<misses>4098001</misses>
				<total>9</total>
				<timestamp>1391.927659</timestamp>
			</report>
			<report>
				<misses>4099001</misses>
				<total>9</total>
				<timestamp>1392.267320</timestamp>
			</report>
			<report>
				<misses>4100001</misses>
				<total>9</total>
				<timestamp>1392.606858</timestamp>
			</report>
			<report>
				<misses>4101001</misses>
				<total>9</total>
				<timestamp>1392.946522</timestamp>
			</report>
			<report>
				<misses>4102001</misses>
				<total>9</total>
				<timestamp>1393.286304</timestamp>
			</report>
			<report>
				<misses>4103001</misses>
				<total>9</total>
				<timestamp>1393.625838</timestamp>
			</report>
			<report>
				<misses>4104001</misses>
				<total>9</total>
				<timestamp>1393.965623</timestamp>
			</report>
			<report>
				<misses>4105001</misses>
				<total>9</total>
				<timestamp>1394.305289</timestamp>
			</report>
			<report>
				<misses>4106001</misses>
				<total>9</total>
				<timestamp>1394.644817</timestamp>
			</report>
			<report>
				<misses>4107001</misses>
				<total>9</total>
				<timestamp>1394.984478</timestamp>
			</report>
			<report>
				<misses>4108001</misses>
				<total>9</total>
				<timestamp>1395.324264</timestamp>
			</report>
			<report>
				<misses>4109001</misses>
				<total>9</total>
				<timestamp>1395.663925</timestamp>
			</report>
			<report>
				<misses>4110001</misses>
				<total>9</total>
				<timestamp>1396.003462</timestamp>
			</report>
			<report>
				<misses>4111001</misses>
				<total>8</total>
				<timestamp>1396.343248</timestamp>
			</report>
			<report>
				<misses>4112001</misses>
				<total>9</total>
				<timestamp>1396.682898</timestamp>
			</report>
			<report>
				<misses>4113001</misses>
				<total>9</total>
				<timestamp>1397.022433</timestamp>
			</report>
			<report>
				<misses>4114001</misses>
				<total>9</total>
				<timestamp>1397.362226</timestamp>
			</report>
			<report>
				<misses>4115001</misses>
				<total>9</total>
				<timestamp>1397.701885</timestamp>
			</report>
			<report>
				<misses>4116001</misses>
				<total>9</total>
				<timestamp>1398.041419</timestamp>
			</report>
			<report>
				<misses>4117001</misses>
				<total>8</total>
				<timestamp>1398.381216</timestamp>
			</report>
			<report>
				<misses>4118001</misses>
				<total>9</total>
				<timestamp>1398.720746</timestamp>
			</report>
			<report>
				<misses>4119001</misses>
				<total>9</total>
				<timestamp>1399.060406</timestamp>
			</report>
			<report>
				<misses>4120001</misses>
				<total>9</total>
				<timestamp>1399.400188</timestamp>
			</report>
			<report>
				<misses>4121001</misses>
				<total>9</total>
				<timestamp>1399.739847</timestamp>
			</report>
			<report>
				<misses>4122001</misses>
				<total>9</total>
				<timestamp>1400.079507</timestamp>
			</report>
			<report>
				<misses>4123001</misses>
				<total>9</total>
				<timestamp>1400.419047</timestamp>
			</report>
			<report>
				<misses>4124001</misses>
				<total>9</total>
				<timestamp>1400.758831</timestamp>
			</report>
			<report>
				<misses>4125001</misses>
				<total>9</total>
				<timestamp>1401.098487</timestamp>
			</report>
			<report>
				<misses>4126001</misses>
				<total>9</total>
				<timestamp>1401.438144</timestamp>
			</report>
			<report>
				<misses>4127001</misses>
				<total>9</total>
				<timestamp>1401.777673</timestamp>
			</report>
			<report>
				<misses>4128001</misses>
				<total>9</total>
				<timestamp>1402.117341</timestamp>
			</report>
			<report>
				<misses>4129001</misses>
				<total>9</total>
				<timestamp>1402.457131</timestamp>
			</report>
			<report>
				<misses>4130001</misses>
				<total>9</total>
				<timestamp>1402.796782</timestamp>
			</report>
			<report>
				<misses>4131001</misses>
				<total>9</total>
				<timestamp>1403.136453</timestamp>
			</report>
			<report>
				<misses>4132001</misses>
				<total>9</total>
				<timestamp>1403.476108</timestamp>
			</report>
			<report>
				<misses>4133001</misses>
				<total>9</total>
				<timestamp>1403.815761</timestamp>
			</report>
			<report>
				<misses>4134001</misses>
				<total>9</total>
				<timestamp>1404.155293</timestamp>
			</report>
			<report>
				<misses>4135001</misses>
				<total>8</total>
				<timestamp>1404.495087</timestamp>
			</report>
			<report>
				<misses>4136001</misses>
				<total>9</total>
				<timestamp>1404.834624</timestamp>
			</report>
			<report>
				<misses>4137001</misses>
				<total>9</total>
				<timestamp>1405.174301</timestamp>
			</report>
			<report>
				<misses>4138001</misses>
				<total>8</total>
				<timestamp>1405.514032</timestamp>
			</report>
			<report>
				<misses>4139001</misses>
				<total>9</total>
				<timestamp>1405.853633</timestamp>
			</report>
			<report>
				<misses>4140001</misses>
				<total>9</total>
				<timestamp>1406.193281</timestamp>
			</report>
			<report>
				<misses>4141001</misses>
				<total>9</total>
				<timestamp>1406.532989</timestamp>
			</report>
			<report>
				<misses>4142001</misses>
				<total>9</total>
				<timestamp>1406.872590</timestamp>
			</report>
			<report>
				<misses>4143001</misses>
				<total>9</total>
				<timestamp>1407.212262</timestamp>
			</report>
			<report>
				<misses>4144001</misses>
				<total>8</total>
				<timestamp>1407.552041</timestamp>
			</report>
			<report>
				<misses>4145001</misses>
				<total>9</total>
				<timestamp>1407.891564</timestamp>
			</report>
			<report>
				<misses>4146001</misses>
				<total>9</total>
				<timestamp>1408.231220</timestamp>
			</report>
			<report>
				<misses>4147001</misses>
				<total>8</total>
				<timestamp>1408.571011</timestamp>
			</report>
			<report>
				<misses>4148001</misses>
				<total>9</total>
				<timestamp>1408.910594</timestamp>
			</report>
			<report>
				<misses>4149001</misses>
				<total>9</total>
				<timestamp>1409.250262</timestamp>
			</report>
			<report>
				<misses>4150001</misses>
				<total>9</total>
				<timestamp>1409.589862</timestamp>
			</report>
			<report>
				<misses>4151001</misses>
				<total>9</total>
				<timestamp>1409.929537</timestamp>
			</report>
			<report>
				<misses>4152001</misses>
				<total>9</total>
				<timestamp>1410.269249</timestamp>
			</report>
			<report>
				<misses>4153001</misses>
				<total>9</total>
				<timestamp>1410.608848</timestamp>
			</report>
			<report>
				<misses>4154001</misses>
				<total>9</total>
				<timestamp>1410.948536</timestamp>
			</report>
			<report>
				<misses>4155001</misses>
				<total>9</total>
				<timestamp>1411.288236</timestamp>
			</report>
			<report>
				<misses>4156001</misses>
				<total>9</total>
				<timestamp>1411.627803</timestamp>
			</report>
			<report>
				<misses>4157001</misses>
				<total>9</total>
				<timestamp>1411.967478</timestamp>
			</report>
			<report>
				<misses>4158001</misses>
				<total>8</total>
				<timestamp>1412.307246</timestamp>
			</report>
			<report>
				<misses>4159001</misses>
				<total>9</total>
				<timestamp>1412.646796</timestamp>
			</report>
			<report>
				<misses>4160001</misses>
				<total>9</total>
				<timestamp>1412.986455</timestamp>
			</report>
			<report>
				<misses>4161001</misses>
				<total>9</total>
				<timestamp>1413.326125</timestamp>
			</report>
			<report>
				<misses>4162001</misses>
				<total>9</total>
				<timestamp>1413.665785</timestamp>
			</report>
			<report>
				<misses>4163001</misses>
				<total>9</total>
				<timestamp>1414.005461</timestamp>
			</report>
			<report>
				<misses>4164001</misses>
				<total>9</total>
				<timestamp>1414.345115</timestamp>
			</report>
			<report>
				<misses>4165001</misses>
				<total>9</total>
				<timestamp>1414.684761</timestamp>
			</report>
			<report>
				<misses>4166001</misses>
				<total>9</total>
				<timestamp>1415.024410</timestamp>
			</report>
			<report>
				<misses>4167001</misses>
				<total>9</total>
				<timestamp>1415.364094</timestamp>
			</report>
			<report>
				<misses>4168001</misses>
				<total>9</total>
				<timestamp>1415.703746</timestamp>
			</report>
			<report>
				<misses>4169001</misses>
				<total>9</total>
				<timestamp>1416.043403</timestamp>
			</report>
			<report>
				<misses>4170001</misses>
				<total>9</total>
				<timestamp>1416.383088</timestamp>
			</report>
			<report>
				<misses>4171001</misses>
				<total>9</total>
				<timestamp>1416.722725</timestamp>
			</report>
			<report>
				<misses>4172001</misses>
				<total>9</total>
				<timestamp>1417.062414</timestamp>
			</report>
			<report>
				<misses>4173001</misses>
				<total>9</total>
				<timestamp>1417.402056</timestamp>
			</report>
			<report>
				<misses>4174001</misses>
				<total>9</total>
				<timestamp>1417.741722</timestamp>
			</report>
			<report>
				<misses>4175001</misses>
				<total>9</total>
				<timestamp>1418.081356</timestamp>
			</report>
			<report>
				<misses>4176001</misses>
				<total>8</total>
				<timestamp>1418.421117</timestamp>
			</report>
			<report>
				<misses>4177001</misses>
				<total>9</total>
				<timestamp>1418.760672</timestamp>
			</report>
			<report>
				<misses>4178001</misses>
				<total>9</total>
				<timestamp>1419.100399</timestamp>
			</report>
			<report>
				<misses>4179001</misses>
				<total>9</total>
				<timestamp>1419.440103</timestamp>
			</report>
			<report>
				<misses>4180001</misses>
				<total>9</total>
				<timestamp>1419.779649</timestamp>
			</report>
			<report>
				<misses>4181001</misses>
				<total>9</total>
				<timestamp>1420.119311</timestamp>
			</report>
			<report>
				<misses>4182001</misses>
				<total>8</total>
				<timestamp>1420.459067</timestamp>
			</report>
			<report>
				<misses>4183001</misses>
				<total>9</total>
				<timestamp>1420.798643</timestamp>
			</report>
			<report>
				<misses>4184001</misses>
				<total>9</total>
				<timestamp>1421.138297</timestamp>
			</report>
			<report>
				<misses>4185001</misses>
				<total>8</total>
				<timestamp>1421.478067</timestamp>
			</report>
			<report>
				<misses>4186001</misses>
				<total>9</total>
				<timestamp>1421.817673</timestamp>
			</report>
			<report>
				<misses>4187001</misses>
				<total>9</total>
				<timestamp>1422.157279</timestamp>
			</report>
			<report>
				<misses>4188001</misses>
				<total>8</total>
				<timestamp>1422.497041</timestamp>
			</report>
			<report>
				<misses>4189001</misses>
				<total>9</total>
				<timestamp>1422.836640</timestamp>
			</report>
			<report>
				<misses>4190001</misses>
				<total>9</total>
				<timestamp>1423.176280</timestamp>
			</report>
			<report>
				<misses>4191001</misses>
				<total>8</total>
				<timestamp>1423.516039</timestamp>
			</report>
			<report>
				<misses>4192001</misses>
				<total>9</total>
				<timestamp>1423.855573</timestamp>
			</report>
			<report>
				<misses>4193001</misses>
				<total>9</total>
				<timestamp>1424.195255</timestamp>
			</report>
			<report>
				<misses>4194001</misses>
				<total>9</total>
				<timestamp>1424.534965</timestamp>
			</report>
			<report>
				<misses>4195001</misses>
				<total>9</total>
				<timestamp>1424.874543</timestamp>
			</report>
			<report>
				<misses>4196001</misses>
				<total>9</total>
				<timestamp>1425.214227</timestamp>
			</report>
			<report>
				<misses>4197001</misses>
				<total>9</total>
				<timestamp>1425.553917</timestamp>
			</report>
			<report>
				<misses>4198001</misses>
				<total>9</total>
				<timestamp>1425.893614</timestamp>
			</report>
			<report>
				<misses>4199001</misses>
				<total>9</total>
				<timestamp>1426.233192</timestamp>
			</report>
			<report>
				<misses>4200001</misses>
				<total>9</total>
				<timestamp>1426.572912</timestamp>
			</report>
			<report>
				<misses>4201001</misses>
				<total>9</total>
				<timestamp>1426.912556</timestamp>
			</report>
			<report>
				<misses>4202001</misses>
				<total>9</total>
				<timestamp>1427.252199</timestamp>
			</report>
			<report>
				<misses>4203001</misses>
				<total>9</total>
				<timestamp>1427.591837</timestamp>
			</report>
			<report>
				<misses>4204001</misses>
				<total>9</total>
				<timestamp>1427.931533</timestamp>
			</report>
			<report>
				<misses>4205001</misses>
				<total>9</total>
				<timestamp>1428.271154</timestamp>
			</report>
			<report>
				<misses>4206001</misses>
				<total>8</total>
				<timestamp>1428.610936</timestamp>
			</report>
			<report>
				<misses>4207001</misses>
				<total>9</total>
				<timestamp>1428.950529</timestamp>
			</report>
			<report>
				<misses>4208001</misses>
				<total>9</total>
				<timestamp>1429.290154</timestamp>
			</report>
			<report>
				<misses>4209001</misses>
				<total>8</total>
				<timestamp>1429.629903</timestamp>
			</report>
			<report>
				<misses>4210001</misses>
				<total>9</total>
				<timestamp>1429.969446</timestamp>
			</report>
			<report>
				<misses>4211001</misses>
				<total>9</total>
				<timestamp>1430.309129</timestamp>
			</report>
			<report>
				<misses>4212001</misses>
				<total>8</total>
				<timestamp>1430.648895</timestamp>
			</report>
			<report>
				<misses>4213001</misses>
				<total>9</total>
				<timestamp>1430.988466</timestamp>
			</report>
			<report>
				<misses>4214001</misses>
				<total>9</total>
				<timestamp>1431.328108</timestamp>
			</report>
			<report>
				<misses>4215001</misses>
				<total>9</total>
				<timestamp>1431.667766</timestamp>
			</report>
			<report>
				<misses>4216001</misses>
				<total>9</total>
				<timestamp>1432.007423</timestamp>
			</report>
			<report>
				<misses>4217001</misses>
				<total>9</total>
				<timestamp>1432.347108</timestamp>
			</report>
			<report>
				<misses>4218001</misses>
				<total>9</total>
				<timestamp>1432.686832</timestamp>
			</report>
			<report>
				<misses>4219001</misses>
				<total>9</total>
				<timestamp>1433.026410</timestamp>
			</report>
			<report>
				<misses>4220001</misses>
				<total>9</total>
				<timestamp>1433.366108</timestamp>
			</report>
			<report>
				<misses>4221001</misses>
				<total>9</total>
				<timestamp>1433.705785</timestamp>
			</report>
			<report>
				<misses>4222001</misses>
				<total>9</total>
				<timestamp>1434.045385</timestamp>
			</report>
			<report>
				<misses>4223001</misses>
				<total>9</total>
				<timestamp>1434.385108</timestamp>
			</report>
			<report>
				<misses>4224001</misses>
				<total>9</total>
				<timestamp>1434.724708</timestamp>
			</report>
			<report>
				<misses>4225001</misses>
				<total>9</total>
				<timestamp>1435.064368</timestamp>
			</report>
			<report>
				<misses>4226001</misses>
				<total>9</total>
				<timestamp>1435.404098</timestamp>
			</report>
			<report>
				<misses>4227001</misses>
				<total>9</total>
				<timestamp>1435.743699</timestamp>
			</report>
			<report>
				<misses>4228001</misses>
				<total>9</total>
				<timestamp>1436.083329</timestamp>
			</report>
			<report>
				<misses>4229001</misses>
				<total>9</total>
				<timestamp>1436.423004</timestamp>
			</report>
			<report>
				<misses>4230001</misses>
				<total>9</total>
				<timestamp>1436.762663</timestamp>
			</report>
			<report>
				<misses>4231001</misses>
				<total>9</total>
				<timestamp>1437.102327</timestamp>
			</report>
			<report>
				<misses>4232001</misses>
				<total>9</total>
				<timestamp>1437.441988</timestamp>
			</report>
			<report>
				<misses>4233001</misses>
				<total>9</total>
				<timestamp>1437.781650</timestamp>
			</report>
			<report>
				<misses>4234001</misses>
				<total>9</total>
				<timestamp>1438.121298</timestamp>
			</report>
			<report>
				<misses>4235001</misses>
				<total>9</total>
				<timestamp>1438.460968</timestamp>
			</report>
			<report>
				<misses>4236001</misses>
				<total>9</total>
				<timestamp>1438.800621</timestamp>
			</report>
			<report>
				<misses>4237001</misses>
				<total>9</total>
				<timestamp>1439.140314</timestamp>
			</report>
			<report>
				<misses>4238001</misses>
				<total>9</total>
				<timestamp>1439.479961</timestamp>
			</report>
			<report>
				<misses>4239001</misses>
				<total>9</total>
				<timestamp>1439.819592</timestamp>
			</report>
			<report>
				<misses>4240001</misses>
				<total>9</total>
				<timestamp>1440.159266</timestamp>
			</report>
			<report>
				<misses>4241001</misses>
				<total>9</total>
				<timestamp>1440.498965</timestamp>
			</report>
			<report>
				<misses>4242001</misses>
				<total>9</total>
				<timestamp>1440.838569</timestamp>
			</report>
			<report>
				<misses>4243001</misses>
				<total>9</total>
				<timestamp>1441.178267</timestamp>
			</report>
			<report>
				<misses>4244001</misses>
				<total>9</total>
				<timestamp>1441.517932</timestamp>
			</report>
			<report>
				<misses>4245001</misses>
				<total>9</total>
				<timestamp>1441.857559</timestamp>
			</report>
			<report>
				<misses>4246001</misses>
				<total>9</total>
				<timestamp>1442.197214</timestamp>
			</report>
			<report>
				<misses>4247001</misses>
				<total>9</total>
				<timestamp>1442.536920</timestamp>
			</report>
			<report>
				<misses>4248001</misses>
				<total>9</total>
				<timestamp>1442.876522</timestamp>
			</report>
			<report>
				<misses>4249001</misses>
				<total>9</total>
				<timestamp>1443.216186</timestamp>
			</report>
			<report>
				<misses>4250001</misses>
				<total>9</total>
				<timestamp>1443.555922</timestamp>
			</report>
			<report>
				<misses>4251001</misses>
				<total>9</total>
				<timestamp>1443.895529</timestamp>
			</report>
			<report>
				<misses>4252001</misses>
				<total>9</total>
				<timestamp>1444.235163</timestamp>
			</report>
			<report>
				<misses>4253001</misses>
				<total>9</total>
				<timestamp>1444.574893</timestamp>
			</report>
			<report>
				<misses>4254001</misses>
				<total>9</total>
				<timestamp>1444.914505</timestamp>
			</report>
			<report>
				<misses>4255001</misses>
				<total>9</total>
				<timestamp>1445.254147</timestamp>
			</report>
			<report>
				<misses>4256001</misses>
				<total>9</total>
				<timestamp>1445.593881</timestamp>
			</report>
			<report>
				<misses>4257001</misses>
				<total>9</total>
				<timestamp>1445.933490</timestamp>
			</report>
			<report>
				<misses>4258001</misses>
				<total>9</total>
				<timestamp>1446.273132</timestamp>
			</report>
			<report>
				<misses>4259001</misses>
				<total>8</total>
				<timestamp>1446.612891</timestamp>
			</report>
			<report>
				<misses>4260001</misses>
				<total>9</total>
				<timestamp>1446.952487</timestamp>
			</report>
			<report>
				<misses>4261001</misses>
				<total>9</total>
				<timestamp>1447.292119</timestamp>
			</report>
			<report>
				<misses>4262001</misses>
				<total>9</total>
				<timestamp>1447.631807</timestamp>
			</report>
			<report>
				<misses>4263001</misses>
				<total>9</total>
				<timestamp>1447.971475</timestamp>
			</report>
			<report>
				<misses>4264001</misses>
				<total>9</total>
				<timestamp>1448.311101</timestamp>
			</report>
			<report>
				<misses>4265001</misses>
				<total>9</total>
				<timestamp>1448.650808</timestamp>
			</report>
			<report>
				<misses>4266001</misses>
				<total>9</total>
				<timestamp>1448.990438</timestamp>
			</report>
			<report>
				<misses>4267001</misses>
				<total>9</total>
				<timestamp>1449.330098</timestamp>
			</report>
			<report>
				<misses>4268001</misses>
				<total>9</total>
				<timestamp>1449.669751</timestamp>
			</report>
			<report>
				<misses>4269001</misses>
				<total>9</total>
				<timestamp>1450.009404</timestamp>
			</report>
			<report>
				<misses>4270001</misses>
				<total>9</total>
				<timestamp>1450.349052</timestamp>
			</report>
			<report>
				<misses>4271001</misses>
				<total>9</total>
				<timestamp>1450.688780</timestamp>
			</report>
			<report>
				<misses>4272001</misses>
				<total>9</total>
				<timestamp>1451.028429</timestamp>
			</report>
			<report>
				<misses>4273001</misses>
				<total>9</total>
				<timestamp>1451.368038</timestamp>
			</report>
			<report>
				<misses>4274001</misses>
				<total>9</total>
				<timestamp>1451.707722</timestamp>
			</report>
			<report>
				<misses>4275001</misses>
				<total>9</total>
				<timestamp>1452.047374</timestamp>
			</report>
			<report>
				<misses>4276001</misses>
				<total>9</total>
				<timestamp>1452.387012</timestamp>
			</report>
			<report>
				<misses>4277001</misses>
				<total>9</total>
				<timestamp>1452.726771</timestamp>
			</report>
			<report>
				<misses>4278001</misses>
				<total>9</total>
				<timestamp>1453.066371</timestamp>
			</report>
			<report>
				<misses>4279001</misses>
				<total>9</total>
				<timestamp>1453.406004</timestamp>
			</report>
			<report>
				<misses>4280001</misses>
				<total>9</total>
				<timestamp>1453.745730</timestamp>
			</report>
			<report>
				<misses>4281001</misses>
				<total>9</total>
				<timestamp>1454.085355</timestamp>
			</report>
			<report>
				<misses>4282001</misses>
				<total>9</total>
				<timestamp>1454.425024</timestamp>
			</report>
			<report>
				<misses>4283001</misses>
				<total>9</total>
				<timestamp>1454.764705</timestamp>
			</report>
			<report>
				<misses>4284001</misses>
				<total>9</total>
				<timestamp>1455.104303</timestamp>
			</report>
			<report>
				<misses>4285001</misses>
				<total>9</total>
				<timestamp>1455.443949</timestamp>
			</report>
			<report>
				<misses>4286001</misses>
				<total>8</total>
				<timestamp>1455.783751</timestamp>
			</report>
			<report>
				<misses>4287001</misses>
				<total>9</total>
				<timestamp>1456.123311</timestamp>
			</report>
			<report>
				<misses>4288001</misses>
				<total>9</total>
				<timestamp>1456.462972</timestamp>
			</report>
			<report>
				<misses>4289001</misses>
				<total>9</total>
				<timestamp>1456.802635</timestamp>
			</report>
			<report>
				<misses>4290001</misses>
				<total>9</total>
				<timestamp>1457.142282</timestamp>
			</report>
			<report>
				<misses>4291001</misses>
				<total>9</total>
				<timestamp>1457.481959</timestamp>
			</report>
			<report>
				<misses>4292001</misses>
				<total>8</total>
				<timestamp>1457.821727</timestamp>
			</report>
			<report>
				<misses>4293001</misses>
				<total>9</total>
				<timestamp>1458.161233</timestamp>
			</report>
			<report>
				<misses>4294001</misses>
				<total>9</total>
				<timestamp>1458.500943</timestamp>
			</report>
			<report>
				<misses>4295001</misses>
				<total>8</total>
				<timestamp>1458.840687</timestamp>
			</report>
			<report>
				<misses>4296001</misses>
				<total>9</total>
				<timestamp>1459.180220</timestamp>
			</report>
			<report>
				<misses>4297001</misses>
				<total>9</total>
				<timestamp>1459.519921</timestamp>
			</report>
			<report>
				<misses>4298001</misses>
				<total>8</total>
				<timestamp>1459.859707</timestamp>
			</report>
			<report>
				<misses>4299001</misses>
				<total>9</total>
				<timestamp>1460.199187</timestamp>
			</report>
			<report>
				<misses>4300001</misses>
				<total>9</total>
				<timestamp>1460.538928</timestamp>
			</report>
			<report>
				<misses>4301001</misses>
				<total>9</total>
				<timestamp>1460.878533</timestamp>
			</report>
			<report>
				<misses>4302001</misses>
				<total>9</total>
				<timestamp>1461.218176</timestamp>
			</report>
			<report>
				<misses>4303001</misses>
				<total>8</total>
				<timestamp>1461.557937</timestamp>
			</report>
			<report>
				<misses>4304001</misses>
				<total>9</total>
				<timestamp>1461.897539</timestamp>
			</report>
			<report>
				<misses>4305001</misses>
				<total>9</total>
				<timestamp>1462.237163</timestamp>
			</report>
			<report>
				<misses>4306001</misses>
				<total>8</total>
				<timestamp>1462.576911</timestamp>
			</report>
			<report>
				<misses>4307001</misses>
				<total>9</total>
				<timestamp>1462.916564</timestamp>
			</report>
			<report>
				<misses>4308001</misses>
				<total>9</total>
				<timestamp>1463.256148</timestamp>
			</report>
			<report>
				<misses>4309001</misses>
				<total>8</total>
				<timestamp>1463.595924</timestamp>
			</report>
			<report>
				<misses>4310001</misses>
				<total>9</total>
				<timestamp>1463.935485</timestamp>
			</report>
			<report>
				<misses>4311001</misses>
				<total>9</total>
				<timestamp>1464.275118</timestamp>
			</report>
			<report>
				<misses>4312001</misses>
				<total>8</total>
				<timestamp>1464.614899</timestamp>
			</report>
			<report>
				<misses>4313001</misses>
				<total>9</total>
				<timestamp>1464.954448</timestamp>
			</report>
			<report>
				<misses>4314001</misses>
				<total>9</total>
				<timestamp>1465.294093</timestamp>
			</report>
			<report>
				<misses>4315001</misses>
				<total>9</total>
				<timestamp>1465.633782</timestamp>
			</report>
			<report>
				<misses>4316001</misses>
				<total>9</total>
				<timestamp>1465.973456</timestamp>
			</report>
			<report>
				<misses>4317001</misses>
				<total>9</total>
				<timestamp>1466.313102</timestamp>
			</report>
			<report>
				<misses>4318001</misses>
				<total>9</total>
				<timestamp>1466.652783</timestamp>
			</report>
			<report>
				<misses>4319001</misses>
				<total>9</total>
				<timestamp>1466.992408</timestamp>
			</report>
			<report>
				<misses>4320001</misses>
				<total>9</total>
				<timestamp>1467.332052</timestamp>
			</report>
			<report>
				<misses>4321001</misses>
				<total>9</total>
				<timestamp>1467.671834</timestamp>
			</report>
			<report>
				<misses>4322001</misses>
				<total>9</total>
				<timestamp>1468.011409</timestamp>
			</report>
			<report>
				<misses>4323001</misses>
				<total>9</total>
				<timestamp>1468.351051</timestamp>
			</report>
			<report>
				<misses>4324001</misses>
				<total>9</total>
				<timestamp>1468.690773</timestamp>
			</report>
			<report>
				<misses>4325001</misses>
				<total>9</total>
				<timestamp>1469.030364</timestamp>
			</report>
			<report>
				<misses>4326001</misses>
				<total>9</total>
				<timestamp>1469.370043</timestamp>
			</report>
			<report>
				<misses>4327001</misses>
				<total>8</total>
				<timestamp>1469.709805</timestamp>
			</report>
			<report>
				<misses>4328001</misses>
				<total>8</total>
				<timestamp>1470.049465</timestamp>
			</report>
			<report>
				<misses>4329001</misses>
				<total>9</total>
				<timestamp>1470.388983</timestamp>
			</report>
			<report>
				<misses>4330001</misses>
				<total>9</total>
				<timestamp>1470.728767</timestamp>
			</report>
			<report>
				<misses>4331001</misses>
				<total>9</total>
				<timestamp>1471.068319</timestamp>
			</report>
			<report>
				<misses>4332001</misses>
				<total>9</total>
				<timestamp>1471.408006</timestamp>
			</report>
			<report>
				<misses>4333001</misses>
				<total>8</total>
				<timestamp>1471.747748</timestamp>
			</report>
			<report>
				<misses>4334001</misses>
				<total>9</total>
				<timestamp>1472.087323</timestamp>
			</report>
			<report>
				<misses>4335001</misses>
				<total>9</total>
				<timestamp>1472.426969</timestamp>
			</report>
			<report>
				<misses>4336001</misses>
				<total>8</total>
				<timestamp>1472.766723</timestamp>
			</report>
			<report>
				<misses>4337001</misses>
				<total>9</total>
				<timestamp>1473.106293</timestamp>
			</report>
			<report>
				<misses>4338001</misses>
				<total>9</total>
				<timestamp>1473.445943</timestamp>
			</report>
			<report>
				<misses>4339001</misses>
				<total>9</total>
				<timestamp>1473.785624</timestamp>
			</report>
			<report>
				<misses>4340001</misses>
				<total>9</total>
				<timestamp>1474.125291</timestamp>
			</report>
			<report>
				<misses>4341001</misses>
				<total>9</total>
				<timestamp>1474.464918</timestamp>
			</report>
			<report>
				<misses>4342001</misses>
				<total>9</total>
				<timestamp>1474.804627</timestamp>
			</report>
			<report>
				<misses>4343001</misses>
				<total>9</total>
				<timestamp>1475.144289</timestamp>
			</report>
			<report>
				<misses>4344001</misses>
				<total>9</total>
				<timestamp>1475.483898</timestamp>
			</report>
			<report>
				<misses>4345001</misses>
				<total>9</total>
				<timestamp>1475.823597</timestamp>
			</report>
			<report>
				<misses>4346001</misses>
				<total>9</total>
				<timestamp>1476.163233</timestamp>
			</report>
			<report>
				<misses>4347001</misses>
				<total>9</total>
				<timestamp>1476.502887</timestamp>
			</report>
			<report>
				<misses>4348001</misses>
				<total>9</total>
				<timestamp>1476.842587</timestamp>
			</report>
			<report>
				<misses>4349001</misses>
				<total>9</total>
				<timestamp>1477.182201</timestamp>
			</report>
			<report>
				<misses>4350001</misses>
				<total>9</total>
				<timestamp>1477.521870</timestamp>
			</report>
			<report>
				<misses>4351001</misses>
				<total>8</total>
				<timestamp>1477.861636</timestamp>
			</report>
			<report>
				<misses>4352001</misses>
				<total>9</total>
				<timestamp>1478.201185</timestamp>
			</report>
			<report>
				<misses>4353001</misses>
				<total>9</total>
				<timestamp>1478.540831</timestamp>
			</report>
			<report>
				<misses>4354001</misses>
				<total>8</total>
				<timestamp>1478.880593</timestamp>
			</report>
			<report>
				<misses>4355001</misses>
				<total>9</total>
				<timestamp>1479.220164</timestamp>
			</report>
			<report>
				<misses>4356001</misses>
				<total>9</total>
				<timestamp>1479.559833</timestamp>
			</report>
			<report>
				<misses>4357001</misses>
				<total>8</total>
				<timestamp>1479.899608</timestamp>
			</report>
			<report>
				<misses>4358001</misses>
				<total>9</total>
				<timestamp>1480.239136</timestamp>
			</report>
			<report>
				<misses>4359001</misses>
				<total>9</total>
				<timestamp>1480.578836</timestamp>
			</report>
			<report>
				<misses>4360001</misses>
				<total>8</total>
				<timestamp>1480.918561</timestamp>
			</report>
			<report>
				<misses>4361001</misses>
				<total>9</total>
				<timestamp>1481.258112</timestamp>
			</report>
			<report>
				<misses>4362001</misses>
				<total>9</total>
				<timestamp>1481.597799</timestamp>
			</report>
			<report>
				<misses>4363001</misses>
				<total>8</total>
				<timestamp>1481.937558</timestamp>
			</report>
			<report>
				<misses>4364001</misses>
				<total>9</total>
				<timestamp>1482.277099</timestamp>
			</report>
			<report>
				<misses>4365001</misses>
				<total>9</total>
				<timestamp>1482.616751</timestamp>
			</report>
			<report>
				<misses>4366001</misses>
				<total>11</total>
				<timestamp>1482.956432</timestamp>
			</report>
			<report>
				<misses>4367001</misses>
				<total>11</total>
				<timestamp>1483.296061</timestamp>
			</report>
			<report>
				<misses>4368001</misses>
				<total>11</total>
				<timestamp>1483.635762</timestamp>
			</report>
			<report>
				<misses>4369001</misses>
				<total>11</total>
				<timestamp>1483.975449</timestamp>
			</report>
			<report>
				<misses>4370001</misses>
				<total>11</total>
				<timestamp>1484.315055</timestamp>
			</report>
			<report>
				<misses>4371001</misses>
				<total>11</total>
				<timestamp>1484.654794</timestamp>
			</report>
			<report>
				<misses>4372001</misses>
				<total>11</total>
				<timestamp>1484.994377</timestamp>
			</report>
			<report>
				<misses>4373001</misses>
				<total>11</total>
				<timestamp>1485.334039</timestamp>
			</report>
			<report>
				<misses>4374001</misses>
				<total>11</total>
				<timestamp>1485.673777</timestamp>
			</report>
			<report>
				<misses>4375001</misses>
				<total>11</total>
				<timestamp>1486.013400</timestamp>
			</report>
			<report>
				<misses>4376001</misses>
				<total>11</total>
				<timestamp>1486.353030</timestamp>
			</report>
			<report>
				<misses>4377001</misses>
				<total>10</total>
				<timestamp>1486.692753</timestamp>
			</report>
			<report>
				<misses>4378001</misses>
				<total>11</total>
				<timestamp>1487.032329</timestamp>
			</report>
			<report>
				<misses>4379001</misses>
				<total>11</total>
				<timestamp>1487.371999</timestamp>
			</report>
			<report>
				<misses>4380001</misses>
				<total>10</total>
				<timestamp>1487.711777</timestamp>
			</report>
			<report>
				<misses>4381001</misses>
				<total>11</total>
				<timestamp>1488.051373</timestamp>
			</report>
			<report>
				<misses>4382001</misses>
				<total>11</total>
				<timestamp>1488.390971</timestamp>
			</report>
			<report>
				<misses>4383001</misses>
				<total>11</total>
				<timestamp>1488.730633</timestamp>
			</report>
			<report>
				<misses>4384001</misses>
				<total>11</total>
				<timestamp>1489.070307</timestamp>
			</report>
			<report>
				<misses>4385001</misses>
				<total>11</total>
				<timestamp>1489.409966</timestamp>
			</report>
			<report>
				<misses>4386001</misses>
				<total>11</total>
				<timestamp>1489.749636</timestamp>
			</report>
			<report>
				<misses>4387001</misses>
				<total>11</total>
				<timestamp>1490.089329</timestamp>
			</report>
			<report>
				<misses>4388001</misses>
				<total>11</total>
				<timestamp>1490.428935</timestamp>
			</report>
			<report>
				<misses>4389001</misses>
				<total>11</total>
				<timestamp>1490.768639</timestamp>
			</report>
			<report>
				<misses>4390001</misses>
				<total>11</total>
				<timestamp>1491.108310</timestamp>
			</report>
			<report>
				<misses>4391001</misses>
				<total>11</total>
				<timestamp>1491.447921</timestamp>
			</report>
			<report>
				<misses>4392001</misses>
				<total>11</total>
				<timestamp>1491.787570</timestamp>
			</report>
			<report>
				<misses>4393001</misses>
				<total>11</total>
				<timestamp>1492.127262</timestamp>
			</report>
			<report>
				<misses>4394001</misses>
				<total>11</total>
				<timestamp>1492.466902</timestamp>
			</report>
			<report>
				<misses>4395001</misses>
				<total>11</total>
				<timestamp>1492.806611</timestamp>
			</report>
			<report>
				<misses>4396001</misses>
				<total>11</total>
				<timestamp>1493.146255</timestamp>
			</report>
			<report>
				<misses>4397001</misses>
				<total>11</total>
				<timestamp>1493.485904</timestamp>
			</report>
			<report>
				<misses>4398001</misses>
				<total>11</total>
				<timestamp>1493.825565</timestamp>
			</report>
			<report>
				<misses>4399001</misses>
				<total>11</total>
				<timestamp>1494.165224</timestamp>
			</report>
			<report>
				<misses>4400001</misses>
				<total>11</total>
				<timestamp>1494.504850</timestamp>
			</report>
			<report>
				<misses>4401001</misses>
				<total>11</total>
				<timestamp>1494.844603</timestamp>
			</report>
			<report>
				<misses>4402001</misses>
				<total>11</total>
				<timestamp>1495.184188</timestamp>
			</report>
			<report>
				<misses>4403001</misses>
				<total>11</total>
				<timestamp>1495.523828</timestamp>
			</report>
			<report>
				<misses>4404001</misses>
				<total>10</total>
				<timestamp>1495.863598</timestamp>
			</report>
			<report>
				<misses>4405001</misses>
				<total>11</total>
				<timestamp>1496.203213</timestamp>
			</report>
			<report>
				<misses>4406001</misses>
				<total>11</total>
				<timestamp>1496.542858</timestamp>
			</report>
			<report>
				<misses>4407001</misses>
				<total>10</total>
				<timestamp>1496.882583</timestamp>
			</report>
			<report>
				<misses>4408001</misses>
				<total>11</total>
				<timestamp>1497.222157</timestamp>
			</report>
			<report>
				<misses>4409001</misses>
				<total>11</total>
				<timestamp>1497.561804</timestamp>
			</report>
			<report>
				<misses>4410001</misses>
				<total>10</total>
				<timestamp>1497.901573</timestamp>
			</report>
			<report>
				<misses>4411001</misses>
				<total>11</total>
				<timestamp>1498.241135</timestamp>
			</report>
			<report>
				<misses>4412001</misses>
				<total>11</total>
				<timestamp>1498.580772</timestamp>
			</report>
			<report>
				<misses>4413001</misses>
				<total>11</total>
				<timestamp>1498.920453</timestamp>
			</report>
			<report>
				<misses>4414001</misses>
				<total>11</total>
				<timestamp>1499.260100</timestamp>
			</report>
			<report>
				<misses>4415001</misses>
				<total>11</total>
				<timestamp>1499.599790</timestamp>
			</report>
			<report>
				<misses>4416001</misses>
				<total>11</total>
				<timestamp>1499.939454</timestamp>
			</report>
			<report>
				<misses>4417001</misses>
				<total>11</total>
				<timestamp>1500.279088</timestamp>
			</report>
			<report>
				<misses>4418001</misses>
				<total>11</total>
				<timestamp>1500.618743</timestamp>
			</report>
			<report>
				<misses>4419001</misses>
				<total>11</total>
				<timestamp>1500.958431</timestamp>
			</report>
			<report>
				<misses>4420001</misses>
				<total>11</total>
				<timestamp>1501.298084</timestamp>
			</report>
			<report>
				<misses>4421001</misses>
				<total>11</total>
				<timestamp>1501.637720</timestamp>
			</report>
			<report>
				<misses>4422001</misses>
				<total>11</total>
				<timestamp>1501.977488</timestamp>
			</report>
			<report>
				<misses>4423001</misses>
				<total>11</total>
				<timestamp>1502.317065</timestamp>
			</report>
			<report>
				<misses>4424001</misses>
				<total>11</total>
				<timestamp>1502.656705</timestamp>
			</report>
			<report>
				<misses>4425001</misses>
				<total>11</total>
				<timestamp>1502.996426</timestamp>
			</report>
			<report>
				<misses>4426001</misses>
				<total>11</total>
				<timestamp>1503.336017</timestamp>
			</report>
			<report>
				<misses>4427001</misses>
				<total>11</total>
				<timestamp>1503.675676</timestamp>
			</report>
			<report>
				<misses>4428001</misses>
				<total>11</total>
				<timestamp>1504.015399</timestamp>
			</report>
			<report>
				<misses>4429001</misses>
				<total>11</total>
				<timestamp>1504.354993</timestamp>
			</report>
			<report>
				<misses>4430001</misses>
				<total>11</total>
				<timestamp>1504.694688</timestamp>
			</report>
			<report>
				<misses>4431001</misses>
				<total>10</total>
				<timestamp>1505.034427</timestamp>
			</report>
			<report>
				<misses>4432001</misses>
				<total>11</total>
				<timestamp>1505.373985</timestamp>
			</report>
			<report>
				<misses>4433001</misses>
				<total>11</total>
				<timestamp>1505.713667</timestamp>
			</report>
			<report>
				<misses>4434001</misses>
				<total>11</total>
				<timestamp>1506.053377</timestamp>
			</report>
			<report>
				<misses>4435001</misses>
				<total>11</total>
				<timestamp>1506.392950</timestamp>
			</report>
			<report>
				<misses>4436001</misses>
				<total>11</total>
				<timestamp>1506.732636</timestamp>
			</report>
			<report>
				<misses>4437001</misses>
				<total>11</total>
				<timestamp>1507.072296</timestamp>
			</report>
			<report>
				<misses>4438001</misses>
				<total>11</total>
				<timestamp>1507.411928</timestamp>
			</report>
			<report>
				<misses>4439001</misses>
				<total>11</total>
				<timestamp>1507.751653</timestamp>
			</report>
			<report>
				<misses>4440001</misses>
				<total>10</total>
				<timestamp>1508.091414</timestamp>
			</report>
			<report>
				<misses>4441001</misses>
				<total>11</total>
				<timestamp>1508.430915</timestamp>
			</report>
			<report>
				<misses>4442001</misses>
				<total>11</total>
				<timestamp>1508.770597</timestamp>
			</report>
			<report>
				<misses>4443001</misses>
				<total>10</total>
				<timestamp>1509.110437</timestamp>
			</report>
			<report>
				<misses>4444001</misses>
				<total>11</total>
				<timestamp>1509.449897</timestamp>
			</report>
			<report>
				<misses>4445001</misses>
				<total>11</total>
				<timestamp>1509.789621</timestamp>
			</report>
			<report>
				<misses>4446001</misses>
				<total>11</total>
				<timestamp>1510.129276</timestamp>
			</report>
			<report>
				<misses>4447001</misses>
				<total>11</total>
				<timestamp>1510.468888</timestamp>
			</report>
			<report>
				<misses>4448001</misses>
				<total>11</total>
				<timestamp>1510.808559</timestamp>
			</report>
			<report>
				<misses>4449001</misses>
				<total>11</total>
				<timestamp>1511.148198</timestamp>
			</report>
			<report>
				<misses>4450001</misses>
				<total>11</total>
				<timestamp>1511.487866</timestamp>
			</report>
			<report>
				<misses>4451001</misses>
				<total>10</total>
				<timestamp>1511.827613</timestamp>
			</report>
			<report>
				<misses>4452001</misses>
				<total>11</total>
				<timestamp>1512.167207</timestamp>
			</report>
			<report>
				<misses>4453001</misses>
				<total>11</total>
				<timestamp>1512.506830</timestamp>
			</report>
			<report>
				<misses>4454001</misses>
				<total>10</total>
				<timestamp>1512.846616</timestamp>
			</report>
			<report>
				<misses>4455001</misses>
				<total>11</total>
				<timestamp>1513.186160</timestamp>
			</report>
			<report>
				<misses>4456001</misses>
				<total>11</total>
				<timestamp>1513.525811</timestamp>
			</report>
			<report>
				<misses>4457001</misses>
				<total>11</total>
				<timestamp>1513.865480</timestamp>
			</report>
			<report>
				<misses>4458001</misses>
				<total>11</total>
				<timestamp>1514.205143</timestamp>
			</report>
			<report>
				<misses>4459001</misses>
				<total>11</total>
				<timestamp>1514.544782</timestamp>
			</report>
			<report>
				<misses>4460001</misses>
				<total>11</total>
				<timestamp>1514.884477</timestamp>
			</report>
			<report>
				<misses>4461001</misses>
				<total>11</total>
				<timestamp>1515.224118</timestamp>
			</report>
			<report>
				<misses>4462001</misses>
				<total>11</total>
				<timestamp>1515.563775</timestamp>
			</report>
			<report>
				<misses>4463001</misses>
				<total>11</total>
				<timestamp>1515.903472</timestamp>
			</report>
			<report>
				<misses>4464001</misses>
				<total>11</total>
				<timestamp>1516.243137</timestamp>
			</report>
			<report>
				<misses>4465001</misses>
				<total>11</total>
				<timestamp>1516.582756</timestamp>
			</report>
			<report>
				<misses>4466001</misses>
				<total>11</total>
				<timestamp>1516.922477</timestamp>
			</report>
			<report>
				<misses>4467001</misses>
				<total>11</total>
				<timestamp>1517.262123</timestamp>
			</report>
			<report>
				<misses>4468001</misses>
				<total>11</total>
				<timestamp>1517.601742</timestamp>
			</report>
			<report>
				<misses>4469001</misses>
				<total>11</total>
				<timestamp>1517.941463</timestamp>
			</report>
			<report>
				<misses>4470001</misses>
				<total>11</total>
				<timestamp>1518.281091</timestamp>
			</report>
			<report>
				<misses>4471001</misses>
				<total>11</total>
				<timestamp>1518.620709</timestamp>
			</report>
			<report>
				<misses>4472001</misses>
				<total>11</total>
				<timestamp>1518.960438</timestamp>
			</report>
			<report>
				<misses>4473001</misses>
				<total>11</total>
				<timestamp>1519.300040</timestamp>
			</report>
			<report>
				<misses>4474001</misses>
				<total>11</total>
				<timestamp>1519.639714</timestamp>
			</report>
			<report>
				<misses>4475001</misses>
				<total>10</total>
				<timestamp>1519.979457</timestamp>
			</report>
			<report>
				<misses>4476001</misses>
				<total>11</total>
				<timestamp>1520.319050</timestamp>
			</report>
			<report>
				<misses>4477001</misses>
				<total>11</total>
				<timestamp>1520.658693</timestamp>
			</report>
			<report>
				<misses>4478001</misses>
				<total>10</total>
				<timestamp>1520.998435</timestamp>
			</report>
			<report>
				<misses>4479001</misses>
				<total>11</total>
				<timestamp>1521.337998</timestamp>
			</report>
			<report>
				<misses>4480001</misses>
				<total>11</total>
				<timestamp>1521.677658</timestamp>
			</report>
			<report>
				<misses>4481001</misses>
				<total>10</total>
				<timestamp>1522.017453</timestamp>
			</report>
			<report>
				<misses>4482001</misses>
				<total>10</total>
				<timestamp>1522.357108</timestamp>
			</report>
			<report>
				<misses>4483001</misses>
				<total>11</total>
				<timestamp>1522.696630</timestamp>
			</report>
			<report>
				<misses>4484001</misses>
				<total>11</total>
				<timestamp>1523.036333</timestamp>
			</report>
			<report>
				<misses>4485001</misses>
				<total>11</total>
				<timestamp>1523.375963</timestamp>
			</report>
			<report>
				<misses>4486001</misses>
				<total>12</total>
				<timestamp>1523.715628</timestamp>
			</report>
			<report>
				<misses>4487001</misses>
				<total>11</total>
				<timestamp>1524.055406</timestamp>
			</report>
			<report>
				<misses>4488001</misses>
				<total>12</total>
				<timestamp>1524.394943</timestamp>
			</report>
			<report>
				<misses>4489001</misses>
				<total>12</total>
				<timestamp>1524.734618</timestamp>
			</report>
			<report>
				<misses>4490001</misses>
				<total>12</total>
				<timestamp>1525.074340</timestamp>
			</report>
			<report>
				<misses>4491001</misses>
				<total>12</total>
				<timestamp>1525.413901</timestamp>
			</report>
			<report>
				<misses>4492001</misses>
				<total>12</total>
				<timestamp>1525.753591</timestamp>
			</report>
			<report>
				<misses>4493001</misses>
				<total>12</total>
				<timestamp>1526.093286</timestamp>
			</report>
			<report>
				<misses>4494001</misses>
				<total>12</total>
				<timestamp>1526.432894</timestamp>
			</report>
			<report>
				<misses>4495001</misses>
				<total>12</total>
				<timestamp>1526.772560</timestamp>
			</report>
			<report>
				<misses>4496001</misses>
				<total>12</total>
				<timestamp>1527.112282</timestamp>
			</report>
			<report>
				<misses>4497001</misses>
				<total>12</total>
				<timestamp>1527.451896</timestamp>
			</report>
			<report>
				<misses>4498001</misses>
				<total>12</total>
				<timestamp>1527.791551</timestamp>
			</report>
			<report>
				<misses>4499001</misses>
				<total>12</total>
				<timestamp>1528.131288</timestamp>
			</report>
			<report>
				<misses>4500001</misses>
				<total>12</total>
				<timestamp>1528.470890</timestamp>
			</report>
			<report>
				<misses>4501001</misses>
				<total>12</total>
				<timestamp>1528.810523</timestamp>
			</report>
			<report>
				<misses>4502001</misses>
				<total>11</total>
				<timestamp>1529.150343</timestamp>
			</report>
			<report>
				<misses>4503001</misses>
				<total>12</total>
				<timestamp>1529.489863</timestamp>
			</report>
			<report>
				<misses>4504001</misses>
				<total>12</total>
				<timestamp>1529.829528</timestamp>
			</report>
			<report>
				<misses>4505001</misses>
				<total>12</total>
				<timestamp>1530.169229</timestamp>
			</report>
			<report>
				<misses>4506001</misses>
				<total>12</total>
				<timestamp>1530.508808</timestamp>
			</report>
			<report>
				<misses>4507001</misses>
				<total>12</total>
				<timestamp>1530.848528</timestamp>
			</report>
			<report>
				<misses>4508001</misses>
				<total>11</total>
				<timestamp>1531.188269</timestamp>
			</report>
			<report>
				<misses>4509001</misses>
				<total>12</total>
				<timestamp>1531.527811</timestamp>
			</report>
			<report>
				<misses>4510001</misses>
				<total>12</total>
				<timestamp>1531.867459</timestamp>
			</report>
			<report>
				<misses>4511001</misses>
				<total>11</total>
				<timestamp>1532.207254</timestamp>
			</report>
			<report>
				<misses>4512001</misses>
				<total>12</total>
				<timestamp>1532.546777</timestamp>
			</report>
			<report>
				<misses>4513001</misses>
				<total>12</total>
				<timestamp>1532.886475</timestamp>
			</report>
			<report>
				<misses>4514001</misses>
				<total>12</total>
				<timestamp>1533.226123</timestamp>
			</report>
			<report>
				<misses>4515001</misses>
				<total>12</total>
				<timestamp>1533.565748</timestamp>
			</report>
			<report>
				<misses>4516001</misses>
				<total>12</total>
				<timestamp>1533.905425</timestamp>
			</report>
			<report>
				<misses>4517001</misses>
				<total>12</total>
				<timestamp>1534.245092</timestamp>
			</report>
			<report>
				<misses>4518001</misses>
				<total>12</total>
				<timestamp>1534.584769</timestamp>
			</report>
			<report>
				<misses>4519001</misses>
				<total>11</total>
				<timestamp>1534.924487</timestamp>
			</report>
			<report>
				<misses>4520001</misses>
				<total>12</total>
				<timestamp>1535.264156</timestamp>
			</report>
			<report>
				<misses>4521001</misses>
				<total>12</total>
				<timestamp>1535.603725</timestamp>
			</report>
			<report>
				<misses>4522001</misses>
				<total>11</total>
				<timestamp>1535.943458</timestamp>
			</report>
			<report>
				<misses>4523001</misses>
				<total>12</total>
				<timestamp>1536.283046</timestamp>
			</report>
			<report>
				<misses>4524001</misses>
				<total>12</total>
				<timestamp>1536.622680</timestamp>
			</report>
			<report>
				<misses>4525001</misses>
				<total>11</total>
				<timestamp>1536.962475</timestamp>
			</report>
			<report>
				<misses>4526001</misses>
				<total>12</total>
				<timestamp>1537.302039</timestamp>
			</report>
			<report>
				<misses>4527001</misses>
				<total>12</total>
				<timestamp>1537.641684</timestamp>
			</report>
			<report>
				<misses>4528001</misses>
				<total>12</total>
				<timestamp>1537.981353</timestamp>
			</report>
			<report>
				<misses>4529001</misses>
				<total>12</total>
				<timestamp>1538.321056</timestamp>
			</report>
			<report>
				<misses>4530001</misses>
				<total>12</total>
				<timestamp>1538.660655</timestamp>
			</report>
			<report>
				<misses>4531001</misses>
				<total>11</total>
				<timestamp>1539.000435</timestamp>
			</report>
			<report>
				<misses>4532001</misses>
				<total>12</total>
				<timestamp>1539.339975</timestamp>
			</report>
			<report>
				<misses>4533001</misses>
				<total>12</total>
				<timestamp>1539.679650</timestamp>
			</report>
			<report>
				<misses>4534001</misses>
				<total>12</total>
				<timestamp>1540.019339</timestamp>
			</report>
			<report>
				<misses>4535001</misses>
				<total>12</total>
				<timestamp>1540.359002</timestamp>
			</report>
			<report>
				<misses>4536001</misses>
				<total>12</total>
				<timestamp>1540.698619</timestamp>
			</report>
			<report>
				<misses>4537001</misses>
				<total>12</total>
				<timestamp>1541.038311</timestamp>
			</report>
			<report>
				<misses>4538001</misses>
				<total>12</total>
				<timestamp>1541.377932</timestamp>
			</report>
			<report>
				<misses>4539001</misses>
				<total>12</total>
				<timestamp>1541.717602</timestamp>
			</report>
			<report>
				<misses>4540001</misses>
				<total>12</total>
				<timestamp>1542.057311</timestamp>
			</report>
			<report>
				<misses>4541001</misses>
				<total>12</total>
				<timestamp>1542.396907</timestamp>
			</report>
			<report>
				<misses>4542001</misses>
				<total>12</total>
				<timestamp>1542.736571</timestamp>
			</report>
			<report>
				<misses>4543001</misses>
				<total>12</total>
				<timestamp>1543.076255</timestamp>
			</report>
			<report>
				<misses>4544001</misses>
				<total>12</total>
				<timestamp>1543.415893</timestamp>
			</report>
			<report>
				<misses>4545001</misses>
				<total>12</total>
				<timestamp>1543.755564</timestamp>
			</report>
			<report>
				<misses>4546001</misses>
				<total>11</total>
				<timestamp>1544.095311</timestamp>
			</report>
			<report>
				<misses>4547001</misses>
				<total>12</total>
				<timestamp>1544.434881</timestamp>
			</report>
			<report>
				<misses>4548001</misses>
				<total>12</total>
				<timestamp>1544.774562</timestamp>
			</report>
			<report>
				<misses>4549001</misses>
				<total>12</total>
				<timestamp>1545.114247</timestamp>
			</report>
			<report>
				<misses>4550001</misses>
				<total>12</total>
				<timestamp>1545.453866</timestamp>
			</report>
			<report>
				<misses>4551001</misses>
				<total>12</total>
				<timestamp>1545.793522</timestamp>
			</report>
			<report>
				<misses>4552001</misses>
				<total>12</total>
				<timestamp>1546.133234</timestamp>
			</report>
			<report>
				<misses>4553001</misses>
				<total>12</total>
				<timestamp>1546.472848</timestamp>
			</report>
			<report>
				<misses>4554001</misses>
				<total>12</total>
				<timestamp>1546.812531</timestamp>
			</report>
			<report>
				<misses>4555001</misses>
				<total>11</total>
				<timestamp>1547.152269</timestamp>
			</report>
			<report>
				<misses>4556001</misses>
				<total>12</total>
				<timestamp>1547.491825</timestamp>
			</report>
			<report>
				<misses>4557001</misses>
				<total>12</total>
				<timestamp>1547.831470</timestamp>
			</report>
			<report>
				<misses>4558001</misses>
				<total>12</total>
				<timestamp>1548.171230</timestamp>
			</report>
			<report>
				<misses>4559001</misses>
				<total>12</total>
				<timestamp>1548.510794</timestamp>
			</report>
			<report>
				<misses>4560001</misses>
				<total>12</total>
				<timestamp>1548.850464</timestamp>
			</report>
			<report>
				<misses>4561001</misses>
				<total>11</total>
				<timestamp>1549.190259</timestamp>
			</report>
			<report>
				<misses>4562001</misses>
				<total>12</total>
				<timestamp>1549.529767</timestamp>
			</report>
			<report>
				<misses>4563001</misses>
				<total>12</total>
				<timestamp>1549.869440</timestamp>
			</report>
			<report>
				<misses>4564001</misses>
				<total>12</total>
				<timestamp>1550.209123</timestamp>
			</report>
			<report>
				<misses>4565001</misses>
				<total>12</total>
				<timestamp>1550.548762</timestamp>
			</report>
			<report>
				<misses>4566001</misses>
				<total>12</total>
				<timestamp>1550.888406</timestamp>
			</report>
			<report>
				<misses>4567001</misses>
				<total>12</total>
				<timestamp>1551.228117</timestamp>
			</report>
			<report>
				<misses>4568001</misses>
				<total>12</total>
				<timestamp>1551.567732</timestamp>
			</report>
			<report>
				<misses>4569001</misses>
				<total>12</total>
				<timestamp>1551.907400</timestamp>
			</report>
			<report>
				<misses>4570001</misses>
				<total>12</total>
				<timestamp>1552.247106</timestamp>
			</report>
			<report>
				<misses>4571001</misses>
				<total>12</total>
				<timestamp>1552.586721</timestamp>
			</report>
			<report>
				<misses>4572001</misses>
				<total>12</total>
				<timestamp>1552.926368</timestamp>
			</report>
			<report>
				<misses>4573001</misses>
				<total>12</total>
				<timestamp>1553.266133</timestamp>
			</report>
			<report>
				<misses>4574001</misses>
				<total>12</total>
				<timestamp>1553.605702</timestamp>
			</report>
			<report>
				<misses>4575001</misses>
				<total>12</total>
				<timestamp>1553.945362</timestamp>
			</report>
			<report>
				<misses>4576001</misses>
				<total>11</total>
				<timestamp>1554.285106</timestamp>
			</report>
			<report>
				<misses>4577001</misses>
				<total>12</total>
				<timestamp>1554.624666</timestamp>
			</report>
			<report>
				<misses>4578001</misses>
				<total>12</total>
				<timestamp>1554.964351</timestamp>
			</report>
			<report>
				<misses>4579001</misses>
				<total>11</total>
				<timestamp>1555.304105</timestamp>
			</report>
			<report>
				<misses>4580001</misses>
				<total>12</total>
				<timestamp>1555.643658</timestamp>
			</report>
			<report>
				<misses>4581001</misses>
				<total>12</total>
				<timestamp>1555.983326</timestamp>
			</report>
			<report>
				<misses>4582001</misses>
				<total>11</total>
				<timestamp>1556.323131</timestamp>
			</report>
			<report>
				<misses>4583001</misses>
				<total>12</total>
				<timestamp>1556.662643</timestamp>
			</report>
			<report>
				<misses>4584001</misses>
				<total>12</total>
				<timestamp>1557.002346</timestamp>
			</report>
			<report>
				<misses>4585001</misses>
				<total>11</total>
				<timestamp>1557.342104</timestamp>
			</report>
			<report>
				<misses>4586001</misses>
				<total>12</total>
				<timestamp>1557.681615</timestamp>
			</report>
			<report>
				<misses>4587001</misses>
				<total>12</total>
				<timestamp>1558.021318</timestamp>
			</report>
			<report>
				<misses>4588001</misses>
				<total>12</total>
				<timestamp>1558.360972</timestamp>
			</report>
			<report>
				<misses>4589001</misses>
				<total>12</total>
				<timestamp>1558.700590</timestamp>
			</report>
			<report>
				<misses>4590001</misses>
				<total>11</total>
				<timestamp>1559.040405</timestamp>
			</report>
			<report>
				<misses>4591001</misses>
				<total>12</total>
				<timestamp>1559.379956</timestamp>
			</report>
			<report>
				<misses>4592001</misses>
				<total>12</total>
				<timestamp>1559.719592</timestamp>
			</report>
			<report>
				<misses>4593001</misses>
				<total>12</total>
				<timestamp>1560.059261</timestamp>
			</report>
			<report>
				<misses>4594001</misses>
				<total>12</total>
				<timestamp>1560.398922</timestamp>
			</report>
			<report>
				<misses>4595001</misses>
				<total>12</total>
				<timestamp>1560.738558</timestamp>
			</report>
			<report>
				<misses>4596001</misses>
				<total>11</total>
				<timestamp>1561.078306</timestamp>
			</report>
			<report>
				<misses>4597001</misses>
				<total>12</total>
				<timestamp>1561.417891</timestamp>
			</report>
			<report>
				<misses>4598001</misses>
				<total>12</total>
				<timestamp>1561.757532</timestamp>
			</report>
			<report>
				<misses>4599001</misses>
				<total>11</total>
				<timestamp>1562.097301</timestamp>
			</report>
			<report>
				<misses>4600001</misses>
				<total>12</total>
				<timestamp>1562.436890</timestamp>
			</report>
			<report>
				<misses>4601001</misses>
				<total>12</total>
				<timestamp>1562.776513</timestamp>
			</report>
			<report>
				<misses>4602001</misses>
				<total>11</total>
				<timestamp>1563.116327</timestamp>
			</report>
			<report>
				<misses>4603001</misses>
				<total>12</total>
				<timestamp>1563.455875</timestamp>
			</report>
			<report>
				<misses>4604001</misses>
				<total>12</total>
				<timestamp>1563.795497</timestamp>
			</report>
			<report>
				<misses>4605001</misses>
				<total>12</total>
				<timestamp>1564.135180</timestamp>
			</report>
			<report>
				<misses>4606001</misses>
				<total>12</total>
				<timestamp>1564.474820</timestamp>
			</report>
			<report>
				<misses>4607001</misses>
				<total>12</total>
				<timestamp>1564.814489</timestamp>
			</report>
			<report>
				<misses>4608001</misses>
				<total>12</total>
				<timestamp>1565.154177</timestamp>
			</report>
			<report>
				<misses>4609001</misses>
				<total>12</total>
				<timestamp>1565.493795</timestamp>
			</report>
			<report>
				<misses>4610001</misses>
				<total>12</total>
				<timestamp>1565.833458</timestamp>
			</report>
			<report>
				<misses>4611001</misses>
				<total>12</total>
				<timestamp>1566.173158</timestamp>
			</report>
			<report>
				<misses>4612001</misses>
				<total>12</total>
				<timestamp>1566.512776</timestamp>
			</report>
			<report>
				<misses>4613001</misses>
				<total>12</total>
				<timestamp>1566.852438</timestamp>
			</report>
			<report>
				<misses>4614001</misses>
				<total>12</total>
				<timestamp>1567.192153</timestamp>
			</report>
			<report>
				<misses>4615001</misses>
				<total>12</total>
				<timestamp>1567.531777</timestamp>
			</report>
			<report>
				<misses>4616001</misses>
				<total>12</total>
				<timestamp>1567.871439</timestamp>
			</report>
			<report>
				<misses>4617001</misses>
				<total>12</total>
				<timestamp>1568.211215</timestamp>
			</report>
			<report>
				<misses>4618001</misses>
				<total>12</total>
				<timestamp>1568.550723</timestamp>
			</report>
			<report>
				<misses>4619001</misses>
				<total>12</total>
				<timestamp>1568.890402</timestamp>
			</report>
			<report>
				<misses>4620001</misses>
				<total>12</total>
				<timestamp>1569.230091</timestamp>
			</report>
			<report>
				<misses>4621001</misses>
				<total>12</total>
				<timestamp>1569.569720</timestamp>
			</report>
			<report>
				<misses>4622001</misses>
				<total>12</total>
				<timestamp>1569.909368</timestamp>
			</report>
			<report>
				<misses>4623001</misses>
				<total>12</total>
				<timestamp>1570.249119</timestamp>
			</report>
			<report>
				<misses>4624001</misses>
				<total>12</total>
				<timestamp>1570.588695</timestamp>
			</report>
			<report>
				<misses>4625001</misses>
				<total>12</total>
				<timestamp>1570.928361</timestamp>
			</report>
			<report>
				<misses>4626001</misses>
				<total>11</total>
				<timestamp>1571.268120</timestamp>
			</report>
			<report>
				<misses>4627001</misses>
				<total>12</total>
				<timestamp>1571.607688</timestamp>
			</report>
			<report>
				<misses>4628001</misses>
				<total>12</total>
				<timestamp>1571.947341</timestamp>
			</report>
			<report>
				<misses>4629001</misses>
				<total>12</total>
				<timestamp>1572.286987</timestamp>
			</report>
			<report>
				<misses>4630001</misses>
				<total>12</total>
				<timestamp>1572.626656</timestamp>
			</report>
			<report>
				<misses>4631001</misses>
				<total>12</total>
				<timestamp>1572.966329</timestamp>
			</report>
			<report>
				<misses>4632001</misses>
				<total>12</total>
				<timestamp>1573.306013</timestamp>
			</report>
			<report>
				<misses>4633001</misses>
				<total>12</total>
				<timestamp>1573.645627</timestamp>
			</report>
			<report>
				<misses>4634001</misses>
				<total>12</total>
				<timestamp>1573.985311</timestamp>
			</report>
			<report>
				<misses>4635001</misses>
				<total>11</total>
				<timestamp>1574.325075</timestamp>
			</report>
			<report>
				<misses>4636001</misses>
				<total>12</total>
				<timestamp>1574.664618</timestamp>
			</report>
			<report>
				<misses>4637001</misses>
				<total>12</total>
				<timestamp>1575.004300</timestamp>
			</report>
			<report>
				<misses>4638001</misses>
				<total>12</total>
				<timestamp>1575.343940</timestamp>
			</report>
			<report>
				<misses>4639001</misses>
				<total>12</total>
				<timestamp>1575.683622</timestamp>
			</report>
			<report>
				<misses>4640001</misses>
				<total>12</total>
				<timestamp>1576.023275</timestamp>
			</report>
			<report>
				<misses>4641001</misses>
				<total>12</total>
				<timestamp>1576.362969</timestamp>
			</report>
			<report>
				<misses>4642001</misses>
				<total>12</total>
				<timestamp>1576.702582</timestamp>
			</report>
			<report>
				<misses>4643001</misses>
				<total>12</total>
				<timestamp>1577.042247</timestamp>
			</report>
			<report>
				<misses>4644001</misses>
				<total>12</total>
				<timestamp>1577.381967</timestamp>
			</report>
			<report>
				<misses>4645001</misses>
				<total>12</total>
				<timestamp>1577.721547</timestamp>
			</report>
			<report>
				<misses>4646001</misses>
				<total>12</total>
				<timestamp>1578.061212</timestamp>
			</report>
			<report>
				<misses>4647001</misses>
				<total>12</total>
				<timestamp>1578.400971</timestamp>
			</report>
			<report>
				<misses>4648001</misses>
				<total>12</total>
				<timestamp>1578.740544</timestamp>
			</report>
			<report>
				<misses>4649001</misses>
				<total>12</total>
				<timestamp>1579.080206</timestamp>
			</report>
			<report>
				<misses>4650001</misses>
				<total>11</total>
				<timestamp>1579.419952</timestamp>
			</report>
			<report>
				<misses>4651001</misses>
				<total>12</total>
				<timestamp>1579.759508</timestamp>
			</report>
			<report>
				<misses>4652001</misses>
				<total>12</total>
				<timestamp>1580.099169</timestamp>
			</report>
			<report>
				<misses>4653001</misses>
				<total>12</total>
				<timestamp>1580.438852</timestamp>
			</report>
			<report>
				<misses>4654001</misses>
				<total>12</total>
				<timestamp>1580.778529</timestamp>
			</report>
			<report>
				<misses>4655001</misses>
				<total>12</total>
				<timestamp>1581.118195</timestamp>
			</report>
			<report>
				<misses>4656001</misses>
				<total>11</total>
				<timestamp>1581.457947</timestamp>
			</report>
			<report>
				<misses>4657001</misses>
				<total>12</total>
				<timestamp>1581.797499</timestamp>
			</report>
			<report>
				<misses>4658001</misses>
				<total>12</total>
				<timestamp>1582.137181</timestamp>
			</report>
			<report>
				<misses>4659001</misses>
				<total>11</total>
				<timestamp>1582.476931</timestamp>
			</report>
			<report>
				<misses>4660001</misses>
				<total>12</total>
				<timestamp>1582.816471</timestamp>
			</report>
			<report>
				<misses>4661001</misses>
				<total>12</total>
				<timestamp>1583.156126</timestamp>
			</report>
			<report>
				<misses>4662001</misses>
				<total>11</total>
				<timestamp>1583.495936</timestamp>
			</report>
			<report>
				<misses>4663001</misses>
				<total>12</total>
				<timestamp>1583.835442</timestamp>
			</report>
			<report>
				<misses>4664001</misses>
				<total>12</total>
				<timestamp>1584.175170</timestamp>
			</report>
			<report>
				<misses>4665001</misses>
				<total>12</total>
				<timestamp>1584.514793</timestamp>
			</report>
			<report>
				<misses>4666001</misses>
				<total>11</total>
				<timestamp>1584.854534</timestamp>
			</report>
			<report>
				<misses>4667001</misses>
				<total>11</total>
				<timestamp>1585.194164</timestamp>
			</report>
			<report>
				<misses>4668001</misses>
				<total>12</total>
				<timestamp>1585.533739</timestamp>
			</report>
			<report>
				<misses>4669001</misses>
				<total>12</total>
				<timestamp>1585.873393</timestamp>
			</report>
			<report>
				<misses>4670001</misses>
				<total>11</total>
				<timestamp>1586.213138</timestamp>
			</report>
			<report>
				<misses>4671001</misses>
				<total>12</total>
				<timestamp>1586.552719</timestamp>
			</report>
			<report>
				<misses>4672001</misses>
				<total>12</total>
				<timestamp>1586.892380</timestamp>
			</report>
			<report>
				<misses>4673001</misses>
				<total>11</total>
				<timestamp>1587.232134</timestamp>
			</report>
			<report>
				<misses>4674001</misses>
				<total>12</total>
				<timestamp>1587.571689</timestamp>
			</report>
			<report>
				<misses>4675001</misses>
				<total>12</total>
				<timestamp>1587.911360</timestamp>
			</report>
			<report>
				<misses>4676001</misses>
				<total>12</total>
				<timestamp>1588.251059</timestamp>
			</report>
			<report>
				<misses>4677001</misses>
				<total>12</total>
				<timestamp>1588.590696</timestamp>
			</report>
			<report>
				<misses>4678001</misses>
				<total>12</total>
				<timestamp>1588.930351</timestamp>
			</report>
			<report>
				<misses>4679001</misses>
				<total>12</total>
				<timestamp>1589.270011</timestamp>
			</report>
			<report>
				<misses>4680001</misses>
				<total>12</total>
				<timestamp>1589.609646</timestamp>
			</report>
			<report>
				<misses>4681001</misses>
				<total>12</total>
				<timestamp>1589.949320</timestamp>
			</report>
			<report>
				<misses>4682001</misses>
				<total>12</total>
				<timestamp>1590.289013</timestamp>
			</report>
			<report>
				<misses>4683001</misses>
				<total>12</total>
				<timestamp>1590.628637</timestamp>
			</report>
			<report>
				<misses>4684001</misses>
				<total>12</total>
				<timestamp>1590.968315</timestamp>
			</report>
			<report>
				<misses>4685001</misses>
				<total>12</total>
				<timestamp>1591.307970</timestamp>
			</report>
			<report>
				<misses>4686001</misses>
				<total>12</total>
				<timestamp>1591.647636</timestamp>
			</report>
			<report>
				<misses>4687001</misses>
				<total>12</total>
				<timestamp>1591.987291</timestamp>
			</report>
			<report>
				<misses>4688001</misses>
				<total>12</total>
				<timestamp>1592.326956</timestamp>
			</report>
			<report>
				<misses>4689001</misses>
				<total>12</total>
				<timestamp>1592.666608</timestamp>
			</report>
			<report>
				<misses>4690001</misses>
				<total>12</total>
				<timestamp>1593.006295</timestamp>
			</report>
			<report>
				<misses>4691001</misses>
				<total>12</total>
				<timestamp>1593.345956</timestamp>
			</report>
			<report>
				<misses>4692001</misses>
				<total>12</total>
				<timestamp>1593.685609</timestamp>
			</report>
			<report>
				<misses>4693001</misses>
				<total>12</total>
				<timestamp>1594.025231</timestamp>
			</report>
			<report>
				<misses>4694001</misses>
				<total>12</total>
				<timestamp>1594.364913</timestamp>
			</report>
			<report>
				<misses>4695001</misses>
				<total>12</total>
				<timestamp>1594.704599</timestamp>
			</report>
			<report>
				<misses>4696001</misses>
				<total>12</total>
				<timestamp>1595.044225</timestamp>
			</report>
			<report>
				<misses>4697001</misses>
				<total>11</total>
				<timestamp>1595.383969</timestamp>
			</report>
			<report>
				<misses>4698001</misses>
				<total>12</total>
				<timestamp>1595.723533</timestamp>
			</report>
			<report>
				<misses>4699001</misses>
				<total>12</total>
				<timestamp>1596.063198</timestamp>
			</report>
			<report>
				<misses>4700001</misses>
				<total>12</total>
				<timestamp>1596.402883</timestamp>
			</report>
			<report>
				<misses>4701001</misses>
				<total>12</total>
				<timestamp>1596.742509</timestamp>
			</report>
			<report>
				<misses>4702001</misses>
				<total>12</total>
				<timestamp>1597.082210</timestamp>
			</report>
			<report>
				<misses>4703001</misses>
				<total>12</total>
				<timestamp>1597.421919</timestamp>
			</report>
			<report>
				<misses>4704001</misses>
				<total>12</total>
				<timestamp>1597.761513</timestamp>
			</report>
			<report>
				<misses>4705001</misses>
				<total>12</total>
				<timestamp>1598.101181</timestamp>
			</report>
			<report>
				<misses>4706001</misses>
				<total>12</total>
				<timestamp>1598.440819</timestamp>
			</report>
			<report>
				<misses>4707001</misses>
				<total>12</total>
				<timestamp>1598.780480</timestamp>
			</report>
			<report>
				<misses>4708001</misses>
				<total>11</total>
				<timestamp>1599.120250</timestamp>
			</report>
			<report>
				<misses>4709001</misses>
				<total>12</total>
				<timestamp>1599.459873</timestamp>
			</report>
			<report>
				<misses>4710001</misses>
				<total>12</total>
				<timestamp>1599.799508</timestamp>
			</report>
			<report>
				<misses>4711001</misses>
				<total>12</total>
				<timestamp>1600.139112</timestamp>
			</report>
			<report>
				<misses>4712001</misses>
				<total>12</total>
				<timestamp>1600.478870</timestamp>
			</report>
			<report>
				<misses>4713001</misses>
				<total>12</total>
				<timestamp>1600.818443</timestamp>
			</report>
			<report>
				<misses>4714001</misses>
				<total>12</total>
				<timestamp>1601.158100</timestamp>
			</report>
			<report>
				<misses>4715001</misses>
				<total>12</total>
				<timestamp>1601.497838</timestamp>
			</report>
			<report>
				<misses>4716001</misses>
				<total>12</total>
				<timestamp>1601.837421</timestamp>
			</report>
			<report>
				<misses>4717001</misses>
				<total>12</total>
				<timestamp>1602.177069</timestamp>
			</report>
			<report>
				<misses>4718001</misses>
				<total>12</total>
				<timestamp>1602.516818</timestamp>
			</report>
			<report>
				<misses>4719001</misses>
				<total>12</total>
				<timestamp>1602.856422</timestamp>
			</report>
			<report>
				<misses>4720001</misses>
				<total>12</total>
				<timestamp>1603.196096</timestamp>
			</report>
			<report>
				<misses>4721001</misses>
				<total>11</total>
				<timestamp>1603.535827</timestamp>
			</report>
			<report>
				<misses>4722001</misses>
				<total>12</total>
				<timestamp>1603.875395</timestamp>
			</report>
			<report>
				<misses>4723001</misses>
				<total>12</total>
				<timestamp>1604.215033</timestamp>
			</report>
			<report>
				<misses>4724001</misses>
				<total>12</total>
				<timestamp>1604.554749</timestamp>
			</report>
			<report>
				<misses>4725001</misses>
				<total>12</total>
				<timestamp>1604.894373</timestamp>
			</report>
			<report>
				<misses>4726001</misses>
				<total>12</total>
				<timestamp>1605.234015</timestamp>
			</report>
			<report>
				<misses>4727001</misses>
				<total>11</total>
				<timestamp>1605.573807</timestamp>
			</report>
			<report>
				<misses>4728001</misses>
				<total>12</total>
				<timestamp>1605.913356</timestamp>
			</report>
			<report>
				<misses>4729001</misses>
				<total>12</total>
				<timestamp>1606.253044</timestamp>
			</report>
			<report>
				<misses>4730001</misses>
				<total>12</total>
				<timestamp>1606.592682</timestamp>
			</report>
			<report>
				<misses>4731001</misses>
				<total>12</total>
				<timestamp>1606.932329</timestamp>
			</report>
			<report>
				<misses>4732001</misses>
				<total>12</total>
				<timestamp>1607.272021</timestamp>
			</report>
			<report>
				<misses>4733001</misses>
				<total>12</total>
				<timestamp>1607.611649</timestamp>
			</report>
			<report>
				<misses>4734001</misses>
				<total>12</total>
				<timestamp>1607.951306</timestamp>
			</report>
			<report>
				<misses>4735001</misses>
				<total>12</total>
				<timestamp>1608.291020</timestamp>
			</report>
			<report>
				<misses>4736001</misses>
				<total>12</total>
				<timestamp>1608.630616</timestamp>
			</report>
			<report>
				<misses>4737001</misses>
				<total>12</total>
				<timestamp>1608.970297</timestamp>
			</report>
			<report>
				<misses>4738001</misses>
				<total>11</total>
				<timestamp>1609.310031</timestamp>
			</report>
			<report>
				<misses>4739001</misses>
				<total>12</total>
				<timestamp>1609.649607</timestamp>
			</report>
			<report>
				<misses>4740001</misses>
				<total>12</total>
				<timestamp>1609.989264</timestamp>
			</report>
			<report>
				<misses>4741001</misses>
				<total>12</total>
				<timestamp>1610.328930</timestamp>
			</report>
			<report>
				<misses>4742001</misses>
				<total>12</total>
				<timestamp>1610.668589</timestamp>
			</report>
			<report>
				<misses>4743001</misses>
				<total>12</total>
				<timestamp>1611.008267</timestamp>
			</report>
			<report>
				<misses>4744001</misses>
				<total>11</total>
				<timestamp>1611.348011</timestamp>
			</report>
			<report>
				<misses>4745001</misses>
				<total>12</total>
				<timestamp>1611.687569</timestamp>
			</report>
			<report>
				<misses>4746001</misses>
				<total>12</total>
				<timestamp>1612.027213</timestamp>
			</report>
			<report>
				<misses>4747001</misses>
				<total>12</total>
				<timestamp>1612.366928</timestamp>
			</report>
			<report>
				<misses>4748001</misses>
				<total>12</total>
				<timestamp>1612.706551</timestamp>
			</report>
			<report>
				<misses>4749001</misses>
				<total>12</total>
				<timestamp>1613.046206</timestamp>
			</report>
			<report>
				<misses>4750001</misses>
				<total>11</total>
				<timestamp>1613.385981</timestamp>
			</report>
			<report>
				<misses>4751001</misses>
				<total>12</total>
				<timestamp>1613.725525</timestamp>
			</report>
			<report>
				<misses>4752001</misses>
				<total>12</total>
				<timestamp>1614.065180</timestamp>
			</report>
			<report>
				<misses>4753001</misses>
				<total>12</total>
				<timestamp>1614.404858</timestamp>
			</report>
			<report>
				<misses>4754001</misses>
				<total>12</total>
				<timestamp>1614.744500</timestamp>
			</report>
			<report>
				<misses>4755001</misses>
				<total>12</total>
				<timestamp>1615.084202</timestamp>
			</report>
			<report>
				<misses>4756001</misses>
				<total>12</total>
				<timestamp>1615.423865</timestamp>
			</report>
			<report>
				<misses>4757001</misses>
				<total>12</total>
				<timestamp>1615.763465</timestamp>
			</report>
			<report>
				<misses>4758001</misses>
				<total>12</total>
				<timestamp>1616.103168</timestamp>
			</report>
			<report>
				<misses>4759001</misses>
				<total>12</total>
				<timestamp>1616.442866</timestamp>
			</report>
			<report>
				<misses>4760001</misses>
				<total>12</total>
				<timestamp>1616.782448</timestamp>
			</report>
			<report>
				<misses>4761001</misses>
				<total>12</total>
				<timestamp>1617.122105</timestamp>
			</report>
			<report>
				<misses>4762001</misses>
				<total>12</total>
				<timestamp>1617.461841</timestamp>
			</report>
			<report>
				<misses>4763001</misses>
				<total>12</total>
				<timestamp>1617.801428</timestamp>
			</report>
			<report>
				<misses>4764001</misses>
				<total>12</total>
				<timestamp>1618.141109</timestamp>
			</report>
			<report>
				<misses>4765001</misses>
				<total>12</total>
				<timestamp>1618.480825</timestamp>
			</report>
			<report>
				<misses>4766001</misses>
				<total>12</total>
				<timestamp>1618.820428</timestamp>
			</report>
			<report>
				<misses>4767001</misses>
				<total>12</total>
				<timestamp>1619.160068</timestamp>
			</report>
			<report>
				<misses>4768001</misses>
				<total>11</total>
				<timestamp>1619.499831</timestamp>
			</report>
			<report>
				<misses>4769001</misses>
				<total>12</total>
				<timestamp>1619.839421</timestamp>
			</report>
			<report>
				<misses>4770001</misses>
				<total>12</total>
				<timestamp>1620.179054</timestamp>
			</report>
			<report>
				<misses>4771001</misses>
				<total>11</total>
				<timestamp>1620.518828</timestamp>
			</report>
			<report>
				<misses>4772001</misses>
				<total>12</total>
				<timestamp>1620.858381</timestamp>
			</report>
			<report>
				<misses>4773001</misses>
				<total>12</total>
				<timestamp>1621.198026</timestamp>
			</report>
			<report>
				<misses>4774001</misses>
				<total>12</total>
				<timestamp>1621.537774</timestamp>
			</report>
			<report>
				<misses>4775001</misses>
				<total>12</total>
				<timestamp>1621.877354</timestamp>
			</report>
			<report>
				<misses>4776001</misses>
				<total>12</total>
				<timestamp>1622.217062</timestamp>
			</report>
			<report>
				<misses>4777001</misses>
				<total>11</total>
				<timestamp>1622.556807</timestamp>
			</report>
			<report>
				<misses>4778001</misses>
				<total>12</total>
				<timestamp>1622.896339</timestamp>
			</report>
			<report>
				<misses>4779001</misses>
				<total>12</total>
				<timestamp>1623.236016</timestamp>
			</report>
			<report>
				<misses>4780001</misses>
				<total>11</total>
				<timestamp>1623.575822</timestamp>
			</report>
			<report>
				<misses>4781001</misses>
				<total>12</total>
				<timestamp>1623.915336</timestamp>
			</report>
			<report>
				<misses>4782001</misses>
				<total>12</total>
				<timestamp>1624.254981</timestamp>
			</report>
			<report>
				<misses>4783001</misses>
				<total>12</total>
				<timestamp>1624.594703</timestamp>
			</report>
			<report>
				<misses>4784001</misses>
				<total>12</total>
				<timestamp>1624.934308</timestamp>
			</report>
			<report>
				<misses>4785001</misses>
				<total>12</total>
				<timestamp>1625.273944</timestamp>
			</report>
			<report>
				<misses>4786001</misses>
				<total>12</total>
				<timestamp>1625.613727</timestamp>
			</report>
			<report>
				<misses>4787001</misses>
				<total>12</total>
				<timestamp>1625.953311</timestamp>
			</report>
			<report>
				<misses>4788001</misses>
				<total>12</total>
				<timestamp>1626.292943</timestamp>
			</report>
			<report>
				<misses>4789001</misses>
				<total>12</total>
				<timestamp>1626.632664</timestamp>
			</report>
			<report>
				<misses>4790001</misses>
				<total>12</total>
				<timestamp>1626.972264</timestamp>
			</report>
			<report>
				<misses>4791001</misses>
				<total>12</total>
				<timestamp>1627.311914</timestamp>
			</report>
			<report>
				<misses>4792001</misses>
				<total>11</total>
				<timestamp>1627.651684</timestamp>
			</report>
			<report>
				<misses>4793001</misses>
				<total>12</total>
				<timestamp>1627.991254</timestamp>
			</report>
			<report>
				<misses>4794001</misses>
				<total>12</total>
				<timestamp>1628.330908</timestamp>
			</report>
			<report>
				<misses>4795001</misses>
				<total>12</total>
				<timestamp>1628.670654</timestamp>
			</report>
			<report>
				<misses>4796001</misses>
				<total>12</total>
				<timestamp>1629.010215</timestamp>
			</report>
			<report>
				<misses>4797001</misses>
				<total>12</total>
				<timestamp>1629.349899</timestamp>
			</report>
			<report>
				<misses>4798001</misses>
				<total>11</total>
				<timestamp>1629.689655</timestamp>
			</report>
			<report>
				<misses>4799001</misses>
				<total>12</total>
				<timestamp>1630.029210</timestamp>
			</report>
			<report>
				<misses>4800001</misses>
				<total>12</total>
				<timestamp>1630.368877</timestamp>
			</report>
			<report>
				<misses>4801001</misses>
				<total>11</total>
				<timestamp>1630.708637</timestamp>
			</report>
			<report>
				<misses>4802001</misses>
				<total>12</total>
				<timestamp>1631.048187</timestamp>
			</report>
			<report>
				<misses>4803001</misses>
				<total>12</total>
				<timestamp>1631.387855</timestamp>
			</report>
			<report>
				<misses>4804001</misses>
				<total>12</total>
				<timestamp>1631.727505</timestamp>
			</report>
			<report>
				<misses>4805001</misses>
				<total>12</total>
				<timestamp>1632.067183</timestamp>
			</report>
			<report>
				<misses>4806001</misses>
				<total>12</total>
				<timestamp>1632.406826</timestamp>
			</report>
			<report>
				<misses>4807001</misses>
				<total>11</total>
				<timestamp>1632.746625</timestamp>
			</report>
			<report>
				<misses>4808001</misses>
				<total>12</total>
				<timestamp>1633.086142</timestamp>
			</report>
			<report>
				<misses>4809001</misses>
				<total>12</total>
				<timestamp>1633.425863</timestamp>
			</report>
			<report>
				<misses>4810001</misses>
				<total>12</total>
				<timestamp>1633.765451</timestamp>
			</report>
			<report>
				<misses>4811001</misses>
				<total>12</total>
				<timestamp>1634.105111</timestamp>
			</report>
			<report>
				<misses>4812001</misses>
				<total>12</total>
				<timestamp>1634.444847</timestamp>
			</report>
			<report>
				<misses>4813001</misses>
				<total>12</total>
				<timestamp>1634.784453</timestamp>
			</report>
			<report>
				<misses>4814001</misses>
				<total>12</total>
				<timestamp>1635.124101</timestamp>
			</report>
			<report>
				<misses>4815001</misses>
				<total>11</total>
				<timestamp>1635.463877</timestamp>
			</report>
			<report>
				<misses>4816001</misses>
				<total>12</total>
				<timestamp>1635.803437</timestamp>
			</report>
			<report>
				<misses>4817001</misses>
				<total>12</total>
				<timestamp>1636.143076</timestamp>
			</report>
			<report>
				<misses>4818001</misses>
				<total>12</total>
				<timestamp>1636.482757</timestamp>
			</report>
			<report>
				<misses>4819001</misses>
				<total>12</total>
				<timestamp>1636.822428</timestamp>
			</report>
			<report>
				<misses>4820001</misses>
				<total>12</total>
				<timestamp>1637.162102</timestamp>
			</report>
			<report>
				<misses>4821001</misses>
				<total>11</total>
				<timestamp>1637.501837</timestamp>
			</report>
			<report>
				<misses>4822001</misses>
				<total>12</total>
				<timestamp>1637.841388</timestamp>
			</report>
			<report>
				<misses>4823001</misses>
				<total>12</total>
				<timestamp>1638.181072</timestamp>
			</report>
			<report>
				<misses>4824001</misses>
				<total>12</total>
				<timestamp>1638.520714</timestamp>
			</report>
			<report>
				<misses>4825001</misses>
				<total>12</total>
				<timestamp>1638.860407</timestamp>
			</report>
			<report>
				<misses>4826001</misses>
				<total>12</total>
				<timestamp>1639.200010</timestamp>
			</report>
			<report>
				<misses>4827001</misses>
				<total>12</total>
				<timestamp>1639.539702</timestamp>
			</report>
			<report>
				<misses>4828001</misses>
				<total>12</total>
				<timestamp>1639.879360</timestamp>
			</report>
			<report>
				<misses>4829001</misses>
				<total>12</total>
				<timestamp>1640.218984</timestamp>
			</report>
			<report>
				<misses>4830001</misses>
				<total>12</total>
				<timestamp>1640.558718</timestamp>
			</report>
			<report>
				<misses>4831001</misses>
				<total>12</total>
				<timestamp>1640.898326</timestamp>
			</report>
			<report>
				<misses>4832001</misses>
				<total>12</total>
				<timestamp>1641.238002</timestamp>
			</report>
			<report>
				<misses>4833001</misses>
				<total>12</total>
				<timestamp>1641.577676</timestamp>
			</report>
			<report>
				<misses>4834001</misses>
				<total>12</total>
				<timestamp>1641.917304</timestamp>
			</report>
			<report>
				<misses>4835001</misses>
				<total>12</total>
				<timestamp>1642.256953</timestamp>
			</report>
			<report>
				<misses>4836001</misses>
				<total>12</total>
				<timestamp>1642.596696</timestamp>
			</report>
			<report>
				<misses>4837001</misses>
				<total>12</total>
				<timestamp>1642.936311</timestamp>
			</report>
			<report>
				<misses>4838001</misses>
				<total>12</total>
				<timestamp>1643.275932</timestamp>
			</report>
			<report>
				<misses>4839001</misses>
				<total>11</total>
				<timestamp>1643.615696</timestamp>
			</report>
			<report>
				<misses>4840001</misses>
				<total>12</total>
				<timestamp>1643.955281</timestamp>
			</report>
			<report>
				<misses>4841001</misses>
				<total>12</total>
				<timestamp>1644.294922</timestamp>
			</report>
			<report>
				<misses>4842001</misses>
				<total>12</total>
				<timestamp>1644.634643</timestamp>
			</report>
			<report>
				<misses>4843001</misses>
				<total>12</total>
				<timestamp>1644.974259</timestamp>
			</report>
			<report>
				<misses>4844001</misses>
				<total>12</total>
				<timestamp>1645.313930</timestamp>
			</report>
			<report>
				<misses>4845001</misses>
				<total>12</total>
				<timestamp>1645.653636</timestamp>
			</report>
			<report>
				<misses>4846001</misses>
				<total>12</total>
				<timestamp>1645.993227</timestamp>
			</report>
			<report>
				<misses>4847001</misses>
				<total>12</total>
				<timestamp>1646.332878</timestamp>
			</report>
			<report>
				<misses>4848001</misses>
				<total>12</total>
				<timestamp>1646.672552</timestamp>
			</report>
			<report>
				<misses>4849001</misses>
				<total>12</total>
				<timestamp>1647.012200</timestamp>
			</report>
			<report>
				<misses>4850001</misses>
				<total>12</total>
				<timestamp>1647.351855</timestamp>
			</report>
			<report>
				<misses>4851001</misses>
				<total>12</total>
				<timestamp>1647.691551</timestamp>
			</report>
			<report>
				<misses>4852001</misses>
				<total>12</total>
				<timestamp>1648.031202</timestamp>
			</report>
			<report>
				<misses>4853001</misses>
				<total>12</total>
				<timestamp>1648.370857</timestamp>
			</report>
			<report>
				<misses>4854001</misses>
				<total>12</total>
				<timestamp>1648.710583</timestamp>
			</report>
			<report>
				<misses>4855001</misses>
				<total>12</total>
				<timestamp>1649.050155</timestamp>
			</report>
			<report>
				<misses>4856001</misses>
				<total>12</total>
				<timestamp>1649.389819</timestamp>
			</report>
			<report>
				<misses>4857001</misses>
				<total>12</total>
				<timestamp>1649.729555</timestamp>
			</report>
			<report>
				<misses>4858001</misses>
				<total>12</total>
				<timestamp>1650.069154</timestamp>
			</report>
			<report>
				<misses>4859001</misses>
				<total>12</total>
				<timestamp>1650.408808</timestamp>
			</report>
			<report>
				<misses>4860001</misses>
				<total>12</total>
				<timestamp>1650.748470</timestamp>
			</report>
			<report>
				<misses>4861001</misses>
				<total>12</total>
				<timestamp>1651.088147</timestamp>
			</report>
			<report>
				<misses>4862001</misses>
				<total>12</total>
				<timestamp>1651.427780</timestamp>
			</report>
			<report>
				<misses>4863001</misses>
				<total>12</total>
				<timestamp>1651.767521</timestamp>
			</report>
			<report>
				<misses>4864001</misses>
				<total>12</total>
				<timestamp>1652.107131</timestamp>
			</report>
			<report>
				<misses>4865001</misses>
				<total>12</total>
				<timestamp>1652.446773</timestamp>
			</report>
			<report>
				<misses>4866001</misses>
				<total>11</total>
				<timestamp>1652.786534</timestamp>
			</report>
			<report>
				<misses>4867001</misses>
				<total>12</total>
				<timestamp>1653.126078</timestamp>
			</report>
			<report>
				<misses>4868001</misses>
				<total>12</total>
				<timestamp>1653.465746</timestamp>
			</report>
			<report>
				<misses>4869001</misses>
				<total>11</total>
				<timestamp>1653.805506</timestamp>
			</report>
			<report>
				<misses>4870001</misses>
				<total>12</total>
				<timestamp>1654.145091</timestamp>
			</report>
			<report>
				<misses>4871001</misses>
				<total>12</total>
				<timestamp>1654.484721</timestamp>
			</report>
			<report>
				<misses>4872001</misses>
				<total>12</total>
				<timestamp>1654.824427</timestamp>
			</report>
			<report>
				<misses>4873001</misses>
				<total>12</total>
				<timestamp>1655.164026</timestamp>
			</report>
			<report>
				<misses>4874001</misses>
				<total>12</total>
				<timestamp>1655.503732</timestamp>
			</report>
			<report>
				<misses>4875001</misses>
				<total>12</total>
				<timestamp>1655.843424</timestamp>
			</report>
			<report>
				<misses>4876001</misses>
				<total>12</total>
				<timestamp>1656.183009</timestamp>
			</report>
			<report>
				<misses>4877001</misses>
				<total>12</total>
				<timestamp>1656.522670</timestamp>
			</report>
			<report>
				<misses>4878001</misses>
				<total>11</total>
				<timestamp>1656.862462</timestamp>
			</report>
			<report>
				<misses>4879001</misses>
				<total>12</total>
				<timestamp>1657.202000</timestamp>
			</report>
			<report>
				<misses>4880001</misses>
				<total>12</total>
				<timestamp>1657.541719</timestamp>
			</report>
			<report>
				<misses>4881001</misses>
				<total>12</total>
				<timestamp>1657.881305</timestamp>
			</report>
			<report>
				<misses>4882001</misses>
				<total>12</total>
				<timestamp>1658.220991</timestamp>
			</report>
			<report>
				<misses>4883001</misses>
				<total>12</total>
				<timestamp>1658.560714</timestamp>
			</report>
			<report>
				<misses>4884001</misses>
				<total>12</total>
				<timestamp>1658.900338</timestamp>
			</report>
			<report>
				<misses>4885001</misses>
				<total>12</total>
				<timestamp>1659.239948</timestamp>
			</report>
			<report>
				<misses>4886001</misses>
				<total>12</total>
				<timestamp>1659.579682</timestamp>
			</report>
			<report>
				<misses>4887001</misses>
				<total>12</total>
				<timestamp>1659.919374</timestamp>
			</report>
			<report>
				<misses>4888001</misses>
				<total>12</total>
				<timestamp>1660.258943</timestamp>
			</report>
			<report>
				<misses>4889001</misses>
				<total>11</total>
				<timestamp>1660.598681</timestamp>
			</report>
			<report>
				<misses>4890001</misses>
				<total>12</total>
				<timestamp>1660.938265</timestamp>
			</report>
			<report>
				<misses>4891001</misses>
				<total>12</total>
				<timestamp>1661.277952</timestamp>
			</report>
			<report>
				<misses>4892001</misses>
				<total>11</total>
				<timestamp>1661.617691</timestamp>
			</report>
			<report>
				<misses>4893001</misses>
				<total>12</total>
				<timestamp>1661.957239</timestamp>
			</report>
			<report>
				<misses>4894001</misses>
				<total>12</total>
				<timestamp>1662.296902</timestamp>
			</report>
			<report>
				<misses>4895001</misses>
				<total>12</total>
				<timestamp>1662.636577</timestamp>
			</report>
			<report>
				<misses>4896001</misses>
				<total>12</total>
				<timestamp>1662.976219</timestamp>
			</report>
			<report>
				<misses>4897001</misses>
				<total>12</total>
				<timestamp>1663.315886</timestamp>
			</report>
			<report>
				<misses>4898001</misses>
				<total>12</total>
				<timestamp>1663.655576</timestamp>
			</report>
			<report>
				<misses>4899001</misses>
				<total>12</total>
				<timestamp>1663.995221</timestamp>
			</report>
			<report>
				<misses>4900001</misses>
				<total>12</total>
				<timestamp>1664.334863</timestamp>
			</report>
			<report>
				<misses>4901001</misses>
				<total>12</total>
				<timestamp>1664.674534</timestamp>
			</report>
			<report>
				<misses>4902001</misses>
				<total>12</total>
				<timestamp>1665.014215</timestamp>
			</report>
			<report>
				<misses>4903001</misses>
				<total>12</total>
				<timestamp>1665.353869</timestamp>
			</report>
			<report>
				<misses>4904001</misses>
				<total>12</total>
				<timestamp>1665.693543</timestamp>
			</report>
			<report>
				<misses>4905001</misses>
				<total>12</total>
				<timestamp>1666.033154</timestamp>
			</report>
			<report>
				<misses>4906001</misses>
				<total>12</total>
				<timestamp>1666.372801</timestamp>
			</report>
			<report>
				<misses>4907001</misses>
				<total>11</total>
				<timestamp>1666.712579</timestamp>
			</report>
			<report>
				<misses>4908001</misses>
				<total>12</total>
				<timestamp>1667.052136</timestamp>
			</report>
			<report>
				<misses>4909001</misses>
				<total>12</total>
				<timestamp>1667.391799</timestamp>
			</report>
			<report>
				<misses>4910001</misses>
				<total>11</total>
				<timestamp>1667.731538</timestamp>
			</report>
			<report>
				<misses>4911001</misses>
				<total>12</total>
				<timestamp>1668.071127</timestamp>
			</report>
			<report>
				<misses>4912001</misses>
				<total>12</total>
				<timestamp>1668.410772</timestamp>
			</report>
			<report>
				<misses>4913001</misses>
				<total>12</total>
				<timestamp>1668.750502</timestamp>
			</report>
			<report>
				<misses>4914001</misses>
				<total>12</total>
				<timestamp>1669.090114</timestamp>
			</report>
			<report>
				<misses>4915001</misses>
				<total>12</total>
				<timestamp>1669.429766</timestamp>
			</report>
			<report>
				<misses>4916001</misses>
				<total>11</total>
				<timestamp>1669.769536</timestamp>
			</report>
			<report>
				<misses>4917001</misses>
				<total>12</total>
				<timestamp>1670.109084</timestamp>
			</report>
			<report>
				<misses>4918001</misses>
				<total>12</total>
				<timestamp>1670.448732</timestamp>
			</report>
			<report>
				<misses>4919001</misses>
				<total>11</total>
				<timestamp>1670.788528</timestamp>
			</report>
			<report>
				<misses>4920001</misses>
				<total>12</total>
				<timestamp>1671.128066</timestamp>
			</report>
			<report>
				<misses>4921001</misses>
				<total>12</total>
				<timestamp>1671.467731</timestamp>
			</report>
			<report>
				<misses>4922001</misses>
				<total>11</total>
				<timestamp>1671.807499</timestamp>
			</report>
			<report>
				<misses>4923001</misses>
				<total>12</total>
				<timestamp>1672.147032</timestamp>
			</report>
			<report>
				<misses>4924001</misses>
				<total>12</total>
				<timestamp>1672.486701</timestamp>
			</report>
			<report>
				<misses>4925001</misses>
				<total>12</total>
				<timestamp>1672.826400</timestamp>
			</report>
			<report>
				<misses>4926001</misses>
				<total>12</total>
				<timestamp>1673.166024</timestamp>
			</report>
			<report>
				<misses>4927001</misses>
				<total>12</total>
				<timestamp>1673.505739</timestamp>
			</report>
			<report>
				<misses>4928001</misses>
				<total>12</total>
				<timestamp>1673.845384</timestamp>
			</report>
			<report>
				<misses>4929001</misses>
				<total>12</total>
				<timestamp>1674.185003</timestamp>
			</report>
			<report>
				<misses>4930001</misses>
				<total>12</total>
				<timestamp>1674.524649</timestamp>
			</report>
			<report>
				<misses>4931001</misses>
				<total>12</total>
				<timestamp>1674.864365</timestamp>
			</report>
			<report>
				<misses>4932001</misses>
				<total>12</total>
				<timestamp>1675.203968</timestamp>
			</report>
			<report>
				<misses>4933001</misses>
				<total>12</total>
				<timestamp>1675.543629</timestamp>
			</report>
			<report>
				<misses>4934001</misses>
				<total>12</total>
				<timestamp>1675.883365</timestamp>
			</report>
			<report>
				<misses>4935001</misses>
				<total>12</total>
				<timestamp>1676.222971</timestamp>
			</report>
			<report>
				<misses>4936001</misses>
				<total>12</total>
				<timestamp>1676.562625</timestamp>
			</report>
			<report>
				<misses>4937001</misses>
				<total>12</total>
				<timestamp>1676.902340</timestamp>
			</report>
			<report>
				<misses>4938001</misses>
				<total>12</total>
				<timestamp>1677.241951</timestamp>
			</report>
			<report>
				<misses>4939001</misses>
				<total>12</total>
				<timestamp>1677.581603</timestamp>
			</report>
			<report>
				<misses>4940001</misses>
				<total>12</total>
				<timestamp>1677.921329</timestamp>
			</report>
			<report>
				<misses>4941001</misses>
				<total>12</total>
				<timestamp>1678.260937</timestamp>
			</report>
			<report>
				<misses>4942001</misses>
				<total>12</total>
				<timestamp>1678.600601</timestamp>
			</report>
			<report>
				<misses>4943001</misses>
				<total>11</total>
				<timestamp>1678.940374</timestamp>
			</report>
			<report>
				<misses>4944001</misses>
				<total>12</total>
				<timestamp>1679.279912</timestamp>
			</report>
			<report>
				<misses>4945001</misses>
				<total>12</total>
				<timestamp>1679.619573</timestamp>
			</report>
			<report>
				<misses>4946001</misses>
				<total>11</total>
				<timestamp>1679.959359</timestamp>
			</report>
			<report>
				<misses>4947001</misses>
				<total>12</total>
				<timestamp>1680.298884</timestamp>
			</report>
			<report>
				<misses>4948001</misses>
				<total>12</total>
				<timestamp>1680.638585</timestamp>
			</report>
			<report>
				<misses>4949001</misses>
				<total>11</total>
				<timestamp>1680.978334</timestamp>
			</report>
			<report>
				<misses>4950001</misses>
				<total>12</total>
				<timestamp>1681.317859</timestamp>
			</report>
			<report>
				<misses>4951001</misses>
				<total>12</total>
				<timestamp>1681.657582</timestamp>
			</report>
			<report>
				<misses>4952001</misses>
				<total>12</total>
				<timestamp>1681.997184</timestamp>
			</report>
			<report>
				<misses>4953001</misses>
				<total>12</total>
				<timestamp>1682.336853</timestamp>
			</report>
			<report>
				<misses>4954001</misses>
				<total>12</total>
				<timestamp>1682.676561</timestamp>
			</report>
			<report>
				<misses>4955001</misses>
				<total>12</total>
				<timestamp>1683.016193</timestamp>
			</report>
			<report>
				<misses>4956001</misses>
				<total>12</total>
				<timestamp>1683.355832</timestamp>
			</report>
			<report>
				<misses>4957001</misses>
				<total>11</total>
				<timestamp>1683.695573</timestamp>
			</report>
			<report>
				<misses>4958001</misses>
				<total>12</total>
				<timestamp>1684.035144</timestamp>
			</report>
			<report>
				<misses>4959001</misses>
				<total>12</total>
				<timestamp>1684.374800</timestamp>
			</report>
			<report>
				<misses>4960001</misses>
				<total>11</total>
				<timestamp>1684.714559</timestamp>
			</report>
			<report>
				<misses>4961001</misses>
				<total>12</total>
				<timestamp>1685.054162</timestamp>
			</report>
			<report>
				<misses>4962001</misses>
				<total>12</total>
				<timestamp>1685.393790</timestamp>
			</report>
			<report>
				<misses>4963001</misses>
				<total>11</total>
				<timestamp>1685.733537</timestamp>
			</report>
			<report>
				<misses>4964001</misses>
				<total>12</total>
				<timestamp>1686.073106</timestamp>
			</report>
			<report>
				<misses>4965001</misses>
				<total>12</total>
				<timestamp>1686.412760</timestamp>
			</report>
			<report>
				<misses>4966001</misses>
				<total>12</total>
				<timestamp>1686.752429</timestamp>
			</report>
			<report>
				<misses>4967001</misses>
				<total>12</total>
				<timestamp>1687.092091</timestamp>
			</report>
			<report>
				<misses>4968001</misses>
				<total>12</total>
				<timestamp>1687.431754</timestamp>
			</report>
			<report>
				<misses>4969001</misses>
				<total>12</total>
				<timestamp>1687.771419</timestamp>
			</report>
			<report>
				<misses>4970001</misses>
				<total>12</total>
				<timestamp>1688.111048</timestamp>
			</report>
			<report>
				<misses>4971001</misses>
				<total>12</total>
				<timestamp>1688.450724</timestamp>
			</report>
			<report>
				<misses>4972001</misses>
				<total>12</total>
				<timestamp>1688.790389</timestamp>
			</report>
			<report>
				<misses>4973001</misses>
				<total>12</total>
				<timestamp>1689.130042</timestamp>
			</report>
			<report>
				<misses>4974001</misses>
				<total>12</total>
				<timestamp>1689.469721</timestamp>
			</report>
			<report>
				<misses>4975001</misses>
				<total>12</total>
				<timestamp>1689.809388</timestamp>
			</report>
			<report>
				<misses>4976001</misses>
				<total>12</total>
				<timestamp>1690.149026</timestamp>
			</report>
			<report>
				<misses>4977001</misses>
				<total>12</total>
				<timestamp>1690.488682</timestamp>
			</report>
			<report>
				<misses>4978001</misses>
				<total>12</total>
				<timestamp>1690.828403</timestamp>
			</report>
			<report>
				<misses>4979001</misses>
				<total>12</total>
				<timestamp>1691.168008</timestamp>
			</report>
			<report>
				<misses>4980001</misses>
				<total>12</total>
				<timestamp>1691.507700</timestamp>
			</report>
			<report>
				<misses>4981001</misses>
				<total>12</total>
				<timestamp>1691.847384</timestamp>
			</report>
			<report>
				<misses>4982001</misses>
				<total>12</total>
				<timestamp>1692.186975</timestamp>
			</report>
			<report>
				<misses>4983001</misses>
				<total>12</total>
				<timestamp>1692.526623</timestamp>
			</report>
			<report>
				<misses>4984001</misses>
				<total>12</total>
				<timestamp>1692.866377</timestamp>
			</report>
			<report>
				<misses>4985001</misses>
				<total>12</total>
				<timestamp>1693.205966</timestamp>
			</report>
			<report>
				<misses>4986001</misses>
				<total>12</total>
				<timestamp>1693.545628</timestamp>
			</report>
			<report>
				<misses>4987001</misses>
				<total>12</total>
				<timestamp>1693.885365</timestamp>
			</report>
			<report>
				<misses>4988001</misses>
				<total>12</total>
				<timestamp>1694.224953</timestamp>
			</report>
			<report>
				<misses>4989001</misses>
				<total>12</total>
				<timestamp>1694.564615</timestamp>
			</report>
			<report>
				<misses>4990001</misses>
				<total>11</total>
				<timestamp>1694.904365</timestamp>
			</report>
			<report>
				<misses>4991001</misses>
				<total>12</total>
				<timestamp>1695.243931</timestamp>
			</report>
			<report>
				<misses>4992001</misses>
				<total>12</total>
				<timestamp>1695.583563</timestamp>
			</report>
			<report>
				<misses>4993001</misses>
				<total>11</total>
				<timestamp>1695.923354</timestamp>
			</report>
			<report>
				<misses>4994001</misses>
				<total>12</total>
				<timestamp>1696.262887</timestamp>
			</report>
			<report>
				<misses>4995001</misses>
				<total>12</total>
				<timestamp>1696.602556</timestamp>
			</report>
			<report>
				<misses>4996001</misses>
				<total>11</total>
				<timestamp>1696.942333</timestamp>
			</report>
			<report>
				<misses>4997001</misses>
				<total>12</total>
				<timestamp>1697.281866</timestamp>
			</report>
			<report>
				<misses>4998001</misses>
				<total>12</total>
				<timestamp>1697.621543</timestamp>
			</report>
			<report>
				<misses>4999001</misses>
				<total>11</total>
				<timestamp>1697.961308</timestamp>
			</report>
			<report>
				<misses>5000001</misses>
				<total>12</total>
				<timestamp>1698.300852</timestamp>
			</report>
			<report>
				<misses>5001001</misses>
				<total>12</total>
				<timestamp>1698.640538</timestamp>
			</report>
			<report>
				<misses>5002001</misses>
				<total>11</total>
				<timestamp>1698.980296</timestamp>
			</report>
			<report>
				<misses>5003001</misses>
				<total>12</total>
				<timestamp>1699.319840</timestamp>
			</report>
			<report>
				<misses>5004001</misses>
				<total>12</total>
				<timestamp>1699.659526</timestamp>
			</report>
			<report>
				<misses>5005001</misses>
				<total>12</total>
				<timestamp>1699.999230</timestamp>
			</report>
			<report>
				<misses>5006001</misses>
				<total>12</total>
				<timestamp>1700.338817</timestamp>
			</report>
			<report>
				<misses>5007001</misses>
				<total>12</total>
				<timestamp>1700.678490</timestamp>
			</report>
			<report>
				<misses>5008001</misses>
				<total>12</total>
				<timestamp>1701.018242</timestamp>
			</report>
			<report>
				<misses>5009001</misses>
				<total>12</total>
				<timestamp>1701.357797</timestamp>
			</report>
			<report>
				<misses>5010001</misses>
				<total>12</total>
				<timestamp>1701.697453</timestamp>
			</report>
			<report>
				<misses>5011001</misses>
				<total>11</total>
				<timestamp>1702.037279</timestamp>
			</report>
			<report>
				<misses>5012001</misses>
				<total>12</total>
				<timestamp>1702.376792</timestamp>
			</report>
			<report>
				<misses>5013001</misses>
				<total>12</total>
				<timestamp>1702.716444</timestamp>
			</report>
			<report>
				<misses>5014001</misses>
				<total>11</total>
				<timestamp>1703.056216</timestamp>
			</report>
			<report>
				<misses>5015001</misses>
				<total>12</total>
				<timestamp>1703.395776</timestamp>
			</report>
			<report>
				<misses>5016001</misses>
				<total>12</total>
				<timestamp>1703.735435</timestamp>
			</report>
			<report>
				<misses>5017001</misses>
				<total>11</total>
				<timestamp>1704.075222</timestamp>
			</report>
			<report>
				<misses>5018001</misses>
				<total>12</total>
				<timestamp>1704.414754</timestamp>
			</report>
			<report>
				<misses>5019001</misses>
				<total>12</total>
				<timestamp>1704.754437</timestamp>
			</report>
			<report>
				<misses>5020001</misses>
				<total>11</total>
				<timestamp>1705.094192</timestamp>
			</report>
			<report>
				<misses>5021001</misses>
				<total>12</total>
				<timestamp>1705.433732</timestamp>
			</report>
			<report>
				<misses>5022001</misses>
				<total>12</total>
				<timestamp>1705.773432</timestamp>
			</report>
			<report>
				<misses>5023001</misses>
				<total>11</total>
				<timestamp>1706.113169</timestamp>
			</report>
			<report>
				<misses>5024001</misses>
				<total>12</total>
				<timestamp>1706.452698</timestamp>
			</report>
			<report>
				<misses>5025001</misses>
				<total>12</total>
				<timestamp>1706.792414</timestamp>
			</report>
			<report>
				<misses>5026001</misses>
				<total>12</total>
				<timestamp>1707.132033</timestamp>
			</report>
			<report>
				<misses>5027001</misses>
				<total>12</total>
				<timestamp>1707.471671</timestamp>
			</report>
			<report>
				<misses>5028001</misses>
				<total>12</total>
				<timestamp>1707.811418</timestamp>
			</report>
			<report>
				<misses>5029001</misses>
				<total>12</total>
				<timestamp>1708.151026</timestamp>
			</report>
			<report>
				<misses>5030001</misses>
				<total>12</total>
				<timestamp>1708.490667</timestamp>
			</report>
			<report>
				<misses>5031001</misses>
				<total>11</total>
				<timestamp>1708.830416</timestamp>
			</report>
			<report>
				<misses>5032001</misses>
				<total>12</total>
				<timestamp>1709.169987</timestamp>
			</report>
			<report>
				<misses>5033001</misses>
				<total>12</total>
				<timestamp>1709.509635</timestamp>
			</report>
			<report>
				<misses>5034001</misses>
				<total>11</total>
				<timestamp>1709.849423</timestamp>
			</report>
			<report>
				<misses>5035001</misses>
				<total>12</total>
				<timestamp>1710.188949</timestamp>
			</report>
			<report>
				<misses>5036001</misses>
				<total>12</total>
				<timestamp>1710.528605</timestamp>
			</report>
			<report>
				<misses>5037001</misses>
				<total>12</total>
				<timestamp>1710.868326</timestamp>
			</report>
			<report>
				<misses>5038001</misses>
				<total>12</total>
				<timestamp>1711.207967</timestamp>
			</report>
			<report>
				<misses>5039001</misses>
				<total>12</total>
				<timestamp>1711.547589</timestamp>
			</report>
			<report>
				<misses>5040001</misses>
				<total>12</total>
				<timestamp>1711.887290</timestamp>
			</report>
			<report>
				<misses>5041001</misses>
				<total>12</total>
				<timestamp>1712.226920</timestamp>
			</report>
			<report>
				<misses>5042001</misses>
				<total>12</total>
				<timestamp>1712.566574</timestamp>
			</report>
			<report>
				<misses>5043001</misses>
				<total>12</total>
				<timestamp>1712.906271</timestamp>
			</report>
			<report>
				<misses>5044001</misses>
				<total>12</total>
				<timestamp>1713.245907</timestamp>
			</report>
			<report>
				<misses>5045001</misses>
				<total>12</total>
				<timestamp>1713.585569</timestamp>
			</report>
			<report>
				<misses>5046001</misses>
				<total>12</total>
				<timestamp>1713.925275</timestamp>
			</report>
			<report>
				<misses>5047001</misses>
				<total>12</total>
				<timestamp>1714.264868</timestamp>
			</report>
			<report>
				<misses>5048001</misses>
				<total>12</total>
				<timestamp>1714.604531</timestamp>
			</report>
			<report>
				<misses>5049001</misses>
				<total>12</total>
				<timestamp>1714.944241</timestamp>
			</report>
			<report>
				<misses>5050001</misses>
				<total>12</total>
				<timestamp>1715.283885</timestamp>
			</report>
			<report>
				<misses>5051001</misses>
				<total>12</total>
				<timestamp>1715.623527</timestamp>
			</report>
			<report>
				<misses>5052001</misses>
				<total>12</total>
				<timestamp>1715.963220</timestamp>
			</report>
			<report>
				<misses>5053001</misses>
				<total>12</total>
				<timestamp>1716.302835</timestamp>
			</report>
			<report>
				<misses>5054001</misses>
				<total>12</total>
				<timestamp>1716.642488</timestamp>
			</report>
			<report>
				<misses>5055001</misses>
				<total>11</total>
				<timestamp>1716.982234</timestamp>
			</report>
			<report>
				<misses>5056001</misses>
				<total>12</total>
				<timestamp>1717.321811</timestamp>
			</report>
			<report>
				<misses>5057001</misses>
				<total>12</total>
				<timestamp>1717.661478</timestamp>
			</report>
			<report>
				<misses>5058001</misses>
				<total>11</total>
				<timestamp>1718.001232</timestamp>
			</report>
			<report>
				<misses>5059001</misses>
				<total>12</total>
				<timestamp>1718.340793</timestamp>
			</report>
			<report>
				<misses>5060001</misses>
				<total>12</total>
				<timestamp>1718.680464</timestamp>
			</report>
			<report>
				<misses>5061001</misses>
				<total>11</total>
				<timestamp>1719.020204</timestamp>
			</report>
			<report>
				<misses>5062001</misses>
				<total>12</total>
				<timestamp>1719.359758</timestamp>
			</report>
			<report>
				<misses>5063001</misses>
				<total>12</total>
				<timestamp>1719.699426</timestamp>
			</report>
			<report>
				<misses>5064001</misses>
				<total>11</total>
				<timestamp>1720.039216</timestamp>
			</report>
			<report>
				<misses>5065001</misses>
				<total>12</total>
				<timestamp>1720.378768</timestamp>
			</report>
			<report>
				<misses>5066001</misses>
				<total>12</total>
				<timestamp>1720.718405</timestamp>
			</report>
			<report>
				<misses>5067001</misses>
				<total>11</total>
				<timestamp>1721.058182</timestamp>
			</report>
			<report>
				<misses>5068001</misses>
				<total>12</total>
				<timestamp>1721.397750</timestamp>
			</report>
			<report>
				<misses>5069001</misses>
				<total>12</total>
				<timestamp>1721.737402</timestamp>
			</report>
			<report>
				<misses>5070001</misses>
				<total>11</total>
				<timestamp>1722.077186</timestamp>
			</report>
			<report>
				<misses>5071001</misses>
				<total>12</total>
				<timestamp>1722.416726</timestamp>
			</report>
			<report>
				<misses>5072001</misses>
				<total>12</total>
				<timestamp>1722.756394</timestamp>
			</report>
			<report>
				<misses>5073001</misses>
				<total>12</total>
				<timestamp>1723.096050</timestamp>
			</report>
			<report>
				<misses>5074001</misses>
				<total>12</total>
				<timestamp>1723.435692</timestamp>
			</report>
			<report>
				<misses>5075001</misses>
				<total>12</total>
				<timestamp>1723.775390</timestamp>
			</report>
			<report>
				<misses>5076001</misses>
				<total>12</total>
				<timestamp>1724.115087</timestamp>
			</report>
			<report>
				<misses>5077001</misses>
				<total>12</total>
				<timestamp>1724.454689</timestamp>
			</report>
			<report>
				<misses>5078001</misses>
				<total>12</total>
				<timestamp>1724.794381</timestamp>
			</report>
			<report>
				<misses>5079001</misses>
				<total>12</total>
				<timestamp>1725.134076</timestamp>
			</report>
			<report>
				<misses>5080001</misses>
				<total>12</total>
				<timestamp>1725.473652</timestamp>
			</report>
			<report>
				<misses>5081001</misses>
				<total>12</total>
				<timestamp>1725.813355</timestamp>
			</report>
			<report>
				<misses>5082001</misses>
				<total>12</total>
				<timestamp>1726.153058</timestamp>
			</report>
			<report>
				<misses>5083001</misses>
				<total>12</total>
				<timestamp>1726.492650</timestamp>
			</report>
			<report>
				<misses>5084001</misses>
				<total>12</total>
				<timestamp>1726.832332</timestamp>
			</report>
			<report>
				<misses>5085001</misses>
				<total>12</total>
				<timestamp>1727.172049</timestamp>
			</report>
			<report>
				<misses>5086001</misses>
				<total>12</total>
				<timestamp>1727.511619</timestamp>
			</report>
			<report>
				<misses>5087001</misses>
				<total>12</total>
				<timestamp>1727.851281</timestamp>
			</report>
			<report>
				<misses>5088001</misses>
				<total>11</total>
				<timestamp>1728.191039</timestamp>
			</report>
			<report>
				<misses>5089001</misses>
				<total>12</total>
				<timestamp>1728.530595</timestamp>
			</report>
			<report>
				<misses>5090001</misses>
				<total>12</total>
				<timestamp>1728.870266</timestamp>
			</report>
			<report>
				<misses>5091001</misses>
				<total>11</total>
				<timestamp>1729.210041</timestamp>
			</report>
			<report>
				<misses>5092001</misses>
				<total>12</total>
				<timestamp>1729.549565</timestamp>
			</report>
			<report>
				<misses>5093001</misses>
				<total>12</total>
				<timestamp>1729.889271</timestamp>
			</report>
			<report>
				<misses>5094001</misses>
				<total>11</total>
				<timestamp>1730.229027</timestamp>
			</report>
			<report>
				<misses>5095001</misses>
				<total>12</total>
				<timestamp>1730.568545</timestamp>
			</report>
			<report>
				<misses>5096001</misses>
				<total>12</total>
				<timestamp>1730.908257</timestamp>
			</report>
			<report>
				<misses>5097001</misses>
				<total>12</total>
				<timestamp>1731.247909</timestamp>
			</report>
			<report>
				<misses>5098001</misses>
				<total>12</total>
				<timestamp>1731.587551</timestamp>
			</report>
			<report>
				<misses>5099001</misses>
				<total>13</total>
				<timestamp>1731.927253</timestamp>
			</report>
			<report>
				<misses>5100001</misses>
				<total>13</total>
				<timestamp>1732.266865</timestamp>
			</report>
			<report>
				<misses>5101001</misses>
				<total>13</total>
				<timestamp>1732.606512</timestamp>
			</report>
			<report>
				<misses>5102001</misses>
				<total>13</total>
				<timestamp>1732.946236</timestamp>
			</report>
			<report>
				<misses>5103001</misses>
				<total>13</total>
				<timestamp>1733.285843</timestamp>
			</report>
			<report>
				<misses>5104001</misses>
				<total>13</total>
				<timestamp>1733.625532</timestamp>
			</report>
			<report>
				<misses>5105001</misses>
				<total>12</total>
				<timestamp>1733.965237</timestamp>
			</report>
			<report>
				<misses>5106001</misses>
				<total>13</total>
				<timestamp>1734.304839</timestamp>
			</report>
			<report>
				<misses>5107001</misses>
				<total>13</total>
				<timestamp>1734.644527</timestamp>
			</report>
			<report>
				<misses>5108001</misses>
				<total>12</total>
				<timestamp>1734.984215</timestamp>
			</report>
			<report>
				<misses>5109001</misses>
				<total>13</total>
				<timestamp>1735.323807</timestamp>
			</report>
			<report>
				<misses>5110001</misses>
				<total>13</total>
				<timestamp>1735.663488</timestamp>
			</report>
			<report>
				<misses>5111001</misses>
				<total>12</total>
				<timestamp>1736.003237</timestamp>
			</report>
			<report>
				<misses>5112001</misses>
				<total>13</total>
				<timestamp>1736.342792</timestamp>
			</report>
			<report>
				<misses>5113001</misses>
				<total>13</total>
				<timestamp>1736.682445</timestamp>
			</report>
			<report>
				<misses>5114001</misses>
				<total>12</total>
				<timestamp>1737.022243</timestamp>
			</report>
			<report>
				<misses>5115001</misses>
				<total>13</total>
				<timestamp>1737.361787</timestamp>
			</report>
			<report>
				<misses>5116001</misses>
				<total>13</total>
				<timestamp>1737.701414</timestamp>
			</report>
			<report>
				<misses>5117001</misses>
				<total>13</total>
				<timestamp>1738.041090</timestamp>
			</report>
			<report>
				<misses>5118001</misses>
				<total>13</total>
				<timestamp>1738.380730</timestamp>
			</report>
			<report>
				<misses>5119001</misses>
				<total>13</total>
				<timestamp>1738.720399</timestamp>
			</report>
			<report>
				<misses>5120001</misses>
				<total>13</total>
				<timestamp>1739.060085</timestamp>
			</report>
			<report>
				<misses>5121001</misses>
				<total>13</total>
				<timestamp>1739.399722</timestamp>
			</report>
			<report>
				<misses>5122001</misses>
				<total>13</total>
				<timestamp>1739.739367</timestamp>
			</report>
			<report>
				<misses>5123001</misses>
				<total>13</total>
				<timestamp>1740.079068</timestamp>
			</report>
			<report>
				<misses>5124001</misses>
				<total>13</total>
				<timestamp>1740.418687</timestamp>
			</report>
			<report>
				<misses>5125001</misses>
				<total>13</total>
				<timestamp>1740.758376</timestamp>
			</report>
			<report>
				<misses>5126001</misses>
				<total>13</total>
				<timestamp>1741.098063</timestamp>
			</report>
			<report>
				<misses>5127001</misses>
				<total>13</total>
				<timestamp>1741.437671</timestamp>
			</report>
			<report>
				<misses>5128001</misses>
				<total>13</total>
				<timestamp>1741.777359</timestamp>
			</report>
			<report>
				<misses>5129001</misses>
				<total>13</total>
				<timestamp>1742.117054</timestamp>
			</report>
			<report>
				<misses>5130001</misses>
				<total>13</total>
				<timestamp>1742.456653</timestamp>
			</report>
			<report>
				<misses>5131001</misses>
				<total>13</total>
				<timestamp>1742.796343</timestamp>
			</report>
			<report>
				<misses>5132001</misses>
				<total>12</total>
				<timestamp>1743.136072</timestamp>
			</report>
			<report>
				<misses>5133001</misses>
				<total>13</total>
				<timestamp>1743.475660</timestamp>
			</report>
			<report>
				<misses>5134001</misses>
				<total>13</total>
				<timestamp>1743.815300</timestamp>
			</report>
			<report>
				<misses>5135001</misses>
				<total>13</total>
				<timestamp>1744.154972</timestamp>
			</report>
			<report>
				<misses>5136001</misses>
				<total>13</total>
				<timestamp>1744.494620</timestamp>
			</report>
			<report>
				<misses>5137001</misses>
				<total>13</total>
				<timestamp>1744.834301</timestamp>
			</report>
			<report>
				<misses>5138001</misses>
				<total>12</total>
				<timestamp>1745.174047</timestamp>
			</report>
			<report>
				<misses>5139001</misses>
				<total>13</total>
				<timestamp>1745.513592</timestamp>
			</report>
			<report>
				<misses>5140001</misses>
				<total>13</total>
				<timestamp>1745.853280</timestamp>
			</report>
			<report>
				<misses>5141001</misses>
				<total>13</total>
				<timestamp>1746.192922</timestamp>
			</report>
			<report>
				<misses>5142001</misses>
				<total>13</total>
				<timestamp>1746.532573</timestamp>
			</report>
			<report>
				<misses>5143001</misses>
				<total>13</total>
				<timestamp>1746.872276</timestamp>
			</report>
			<report>
				<misses>5144001</misses>
				<total>13</total>
				<timestamp>1747.211933</timestamp>
			</report>
			<report>
				<misses>5145001</misses>
				<total>13</total>
				<timestamp>1747.551583</timestamp>
			</report>
			<report>
				<misses>5146001</misses>
				<total>13</total>
				<timestamp>1747.891241</timestamp>
			</report>
			<report>
				<misses>5147001</misses>
				<total>13</total>
				<timestamp>1748.230916</timestamp>
			</report>
			<report>
				<misses>5148001</misses>
				<total>13</total>
				<timestamp>1748.570573</timestamp>
			</report>
			<report>
				<misses>5149001</misses>
				<total>13</total>
				<timestamp>1748.910230</timestamp>
			</report>
			<report>
				<misses>5150001</misses>
				<total>12</total>
				<timestamp>1749.250043</timestamp>
			</report>
			<report>
				<misses>5151001</misses>
				<total>13</total>
				<timestamp>1749.589539</timestamp>
			</report>
			<report>
				<misses>5152001</misses>
				<total>13</total>
				<timestamp>1749.929191</timestamp>
			</report>
			<report>
				<misses>5153001</misses>
				<total>13</total>
				<timestamp>1750.268928</timestamp>
			</report>
			<report>
				<misses>5154001</misses>
				<total>13</total>
				<timestamp>1750.608520</timestamp>
			</report>
			<report>
				<misses>5155001</misses>
				<total>13</total>
				<timestamp>1750.948207</timestamp>
			</report>
			<report>
				<misses>5156001</misses>
				<total>13</total>
				<timestamp>1751.287967</timestamp>
			</report>
			<report>
				<misses>5157001</misses>
				<total>13</total>
				<timestamp>1751.627495</timestamp>
			</report>
			<report>
				<misses>5158001</misses>
				<total>13</total>
				<timestamp>1751.967152</timestamp>
			</report>
			<report>
				<misses>5159001</misses>
				<total>13</total>
				<timestamp>1752.306871</timestamp>
			</report>
			<report>
				<misses>5160001</misses>
				<total>13</total>
				<timestamp>1752.646471</timestamp>
			</report>
			<report>
				<misses>5161001</misses>
				<total>13</total>
				<timestamp>1752.986140</timestamp>
			</report>
			<report>
				<misses>5162001</misses>
				<total>13</total>
				<timestamp>1753.325800</timestamp>
			</report>
			<report>
				<misses>5163001</misses>
				<total>13</total>
				<timestamp>1753.665454</timestamp>
			</report>
			<report>
				<misses>5164001</misses>
				<total>13</total>
				<timestamp>1754.005125</timestamp>
			</report>
			<report>
				<misses>5165001</misses>
				<total>12</total>
				<timestamp>1754.344954</timestamp>
			</report>
			<report>
				<misses>5166001</misses>
				<total>13</total>
				<timestamp>1754.684439</timestamp>
			</report>
			<report>
				<misses>5167001</misses>
				<total>13</total>
				<timestamp>1755.024094</timestamp>
			</report>
			<report>
				<misses>5168001</misses>
				<total>12</total>
				<timestamp>1755.363869</timestamp>
			</report>
			<report>
				<misses>5169001</misses>
				<total>13</total>
				<timestamp>1755.703424</timestamp>
			</report>
			<report>
				<misses>5170001</misses>
				<total>13</total>
				<timestamp>1756.043107</timestamp>
			</report>
			<report>
				<misses>5171001</misses>
				<total>12</total>
				<timestamp>1756.382865</timestamp>
			</report>
			<report>
				<misses>5172001</misses>
				<total>13</total>
				<timestamp>1756.722383</timestamp>
			</report>
			<report>
				<misses>5173001</misses>
				<total>12</total>
				<timestamp>1757.062125</timestamp>
			</report>
			<report>
				<misses>5174001</misses>
				<total>13</total>
				<timestamp>1757.401708</timestamp>
			</report>
			<report>
				<misses>5175001</misses>
				<total>13</total>
				<timestamp>1757.741381</timestamp>
			</report>
			<report>
				<misses>5176001</misses>
				<total>13</total>
				<timestamp>1758.081097</timestamp>
			</report>
			<report>
				<misses>5177001</misses>
				<total>13</total>
				<timestamp>1758.420693</timestamp>
			</report>
			<report>
				<misses>5178001</misses>
				<total>13</total>
				<timestamp>1758.760332</timestamp>
			</report>
			<report>
				<misses>5179001</misses>
				<total>13</total>
				<timestamp>1759.100047</timestamp>
			</report>
			<report>
				<misses>5180001</misses>
				<total>13</total>
				<timestamp>1759.439673</timestamp>
			</report>
			<report>
				<misses>5181001</misses>
				<total>13</total>
				<timestamp>1759.779311</timestamp>
			</report>
			<report>
				<misses>5182001</misses>
				<total>13</total>
				<timestamp>1760.119001</timestamp>
			</report>
			<report>
				<misses>5183001</misses>
				<total>14</total>
				<timestamp>1760.458645</timestamp>
			</report>
			<report>
				<misses>5184001</misses>
				<total>14</total>
				<timestamp>1760.798286</timestamp>
			</report>
			<report>
				<misses>5185001</misses>
				<total>14</total>
				<timestamp>1761.137956</timestamp>
			</report>
			<report>
				<misses>5186001</misses>
				<total>14</total>
				<timestamp>1761.477629</timestamp>
			</report>
			<report>
				<misses>5187001</misses>
				<total>14</total>
				<timestamp>1761.817277</timestamp>
			</report>
			<report>
				<misses>5188001</misses>
				<total>13</total>
				<timestamp>1762.157051</timestamp>
			</report>
			<report>
				<misses>5189001</misses>
				<total>14</total>
				<timestamp>1762.496594</timestamp>
			</report>
			<report>
				<misses>5190001</misses>
				<total>14</total>
				<timestamp>1762.836272</timestamp>
			</report>
			<report>
				<misses>5191001</misses>
				<total>14</total>
				<timestamp>1763.175935</timestamp>
			</report>
			<report>
				<misses>5192001</misses>
				<total>14</total>
				<timestamp>1763.515579</timestamp>
			</report>
			<report>
				<misses>5193001</misses>
				<total>14</total>
				<timestamp>1763.855239</timestamp>
			</report>
			<report>
				<misses>5194001</misses>
				<total>14</total>
				<timestamp>1764.194917</timestamp>
			</report>
			<report>
				<misses>5195001</misses>
				<total>14</total>
				<timestamp>1764.534541</timestamp>
			</report>
			<report>
				<misses>5196001</misses>
				<total>14</total>
				<timestamp>1764.874223</timestamp>
			</report>
			<report>
				<misses>5197001</misses>
				<total>14</total>
				<timestamp>1765.213913</timestamp>
			</report>
			<report>
				<misses>5198001</misses>
				<total>14</total>
				<timestamp>1765.553537</timestamp>
			</report>
			<report>
				<misses>5199001</misses>
				<total>14</total>
				<timestamp>1765.893177</timestamp>
			</report>
			<report>
				<misses>5200001</misses>
				<total>14</total>
				<timestamp>1766.232890</timestamp>
			</report>
			<report>
				<misses>5201001</misses>
				<total>14</total>
				<timestamp>1766.572517</timestamp>
			</report>
			<report>
				<misses>5202001</misses>
				<total>14</total>
				<timestamp>1766.912182</timestamp>
			</report>
			<report>
				<misses>5203001</misses>
				<total>14</total>
				<timestamp>1767.251920</timestamp>
			</report>
			<report>
				<misses>5204001</misses>
				<total>14</total>
				<timestamp>1767.591508</timestamp>
			</report>
			<report>
				<misses>5205001</misses>
				<total>14</total>
				<timestamp>1767.931200</timestamp>
			</report>
			<report>
				<misses>5206001</misses>
				<total>13</total>
				<timestamp>1768.270933</timestamp>
			</report>
			<report>
				<misses>5207001</misses>
				<total>14</total>
				<timestamp>1768.610504</timestamp>
			</report>
			<report>
				<misses>5208001</misses>
				<total>14</total>
				<timestamp>1768.950153</timestamp>
			</report>
			<report>
				<misses>5209001</misses>
				<total>13</total>
				<timestamp>1769.289904</timestamp>
			</report>
			<report>
				<misses>5210001</misses>
				<total>14</total>
				<timestamp>1769.629460</timestamp>
			</report>
			<report>
				<misses>5211001</misses>
				<total>14</total>
				<timestamp>1769.969111</timestamp>
			</report>
			<report>
				<misses>5212001</misses>
				<total>13</total>
				<timestamp>1770.308898</timestamp>
			</report>
			<report>
				<misses>5213001</misses>
				<total>14</total>
				<timestamp>1770.648461</timestamp>
			</report>
			<report>
				<misses>5214001</misses>
				<total>14</total>
				<timestamp>1770.988120</timestamp>
			</report>
			<report>
				<misses>5215001</misses>
				<total>13</total>
				<timestamp>1771.327888</timestamp>
			</report>
			<report>
				<misses>5216001</misses>
				<total>14</total>
				<timestamp>1771.667425</timestamp>
			</report>
			<report>
				<misses>5217001</misses>
				<total>14</total>
				<timestamp>1772.007111</timestamp>
			</report>
			<report>
				<misses>5218001</misses>
				<total>13</total>
				<timestamp>1772.346882</timestamp>
			</report>
			<report>
				<misses>5219001</misses>
				<total>14</total>
				<timestamp>1772.686424</timestamp>
			</report>
			<report>
				<misses>5220001</misses>
				<total>13</total>
				<timestamp>1773.026223</timestamp>
			</report>
			<report>
				<misses>5221001</misses>
				<total>14</total>
				<timestamp>1773.365738</timestamp>
			</report>
			<report>
				<misses>5222001</misses>
				<total>14</total>
				<timestamp>1773.705373</timestamp>
			</report>
			<report>
				<misses>5223001</misses>
				<total>14</total>
				<timestamp>1774.045070</timestamp>
			</report>
			<report>
				<misses>5224001</misses>
				<total>14</total>
				<timestamp>1774.384762</timestamp>
			</report>
			<report>
				<misses>5225001</misses>
				<total>14</total>
				<timestamp>1774.724371</timestamp>
			</report>
			<report>
				<misses>5226001</misses>
				<total>14</total>
				<timestamp>1775.064015</timestamp>
			</report>
			<report>
				<misses>5227001</misses>
				<total>14</total>
				<timestamp>1775.403744</timestamp>
			</report>
			<report>
				<misses>5228001</misses>
				<total>15</total>
				<timestamp>1775.743336</timestamp>
			</report>
			<report>
				<misses>5229001</misses>
				<total>15</total>
				<timestamp>1776.082999</timestamp>
			</report>
			<report>
				<misses>5230001</misses>
				<total>15</total>
				<timestamp>1776.422722</timestamp>
			</report>
			<report>
				<misses>5231001</misses>
				<total>15</total>
				<timestamp>1776.762329</timestamp>
			</report>
			<report>
				<misses>5232001</misses>
				<total>15</total>
				<timestamp>1777.101980</timestamp>
			</report>
			<report>
				<misses>5233001</misses>
				<total>14</total>
				<timestamp>1777.441772</timestamp>
			</report>
			<report>
				<misses>5234001</misses>
				<total>15</total>
				<timestamp>1777.781308</timestamp>
			</report>
			<report>
				<misses>5235001</misses>
				<total>15</total>
				<timestamp>1778.120970</timestamp>
			</report>
			<report>
				<misses>5236001</misses>
				<total>14</total>
				<timestamp>1778.460734</timestamp>
			</report>
			<report>
				<misses>5237001</misses>
				<total>15</total>
				<timestamp>1778.800291</timestamp>
			</report>
			<report>
				<misses>5238001</misses>
				<total>15</total>
				<timestamp>1779.139955</timestamp>
			</report>
			<report>
				<misses>5239001</misses>
				<total>15</total>
				<timestamp>1779.479713</timestamp>
			</report>
			<report>
				<misses>5240001</misses>
				<total>15</total>
				<timestamp>1779.819317</timestamp>
			</report>
			<report>
				<misses>5241001</misses>
				<total>15</total>
				<timestamp>1780.158964</timestamp>
			</report>
			<report>
				<misses>5242001</misses>
				<total>15</total>
				<timestamp>1780.498627</timestamp>
			</report>
			<report>
				<misses>5243001</misses>
				<total>15</total>
				<timestamp>1780.838251</timestamp>
			</report>
			<report>
				<misses>5244001</misses>
				<total>15</total>
				<timestamp>1781.177950</timestamp>
			</report>
			<report>
				<misses>5245001</misses>
				<total>15</total>
				<timestamp>1781.517564</timestamp>
			</report>
			<report>
				<misses>5246001</misses>
				<total>15</total>
				<timestamp>1781.857222</timestamp>
			</report>
			<report>
				<misses>5247001</misses>
				<total>14</total>
				<timestamp>1782.196960</timestamp>
			</report>
			<report>
				<misses>5248001</misses>
				<total>15</total>
				<timestamp>1782.536543</timestamp>
			</report>
			<report>
				<misses>5249001</misses>
				<total>15</total>
				<timestamp>1782.876185</timestamp>
			</report>
			<report>
				<misses>5250001</misses>
				<total>14</total>
				<timestamp>1783.215938</timestamp>
			</report>
			<report>
				<misses>5251001</misses>
				<total>15</total>
				<timestamp>1783.555557</timestamp>
			</report>
			<report>
				<misses>5252001</misses>
				<total>15</total>
				<timestamp>1783.895187</timestamp>
			</report>
			<report>
				<misses>5253001</misses>
				<total>14</total>
				<timestamp>1784.234938</timestamp>
			</report>
			<report>
				<misses>5254001</misses>
				<total>15</total>
				<timestamp>1784.574518</timestamp>
			</report>
			<report>
				<misses>5255001</misses>
				<total>15</total>
				<timestamp>1784.914168</timestamp>
			</report>
			<report>
				<misses>5256001</misses>
				<total>15</total>
				<timestamp>1785.253825</timestamp>
			</report>
			<report>
				<misses>5257001</misses>
				<total>15</total>
				<timestamp>1785.593485</timestamp>
			</report>
			<report>
				<misses>5258001</misses>
				<total>15</total>
				<timestamp>1785.933151</timestamp>
			</report>
			<report>
				<misses>5259001</misses>
				<total>14</total>
				<timestamp>1786.272930</timestamp>
			</report>
			<report>
				<misses>5260001</misses>
				<total>15</total>
				<timestamp>1786.612468</timestamp>
			</report>
			<report>
				<misses>5261001</misses>
				<total>15</total>
				<timestamp>1786.952155</timestamp>
			</report>
			<report>
				<misses>5262001</misses>
				<total>15</total>
				<timestamp>1787.291780</timestamp>
			</report>
			<report>
				<misses>5263001</misses>
				<total>15</total>
				<timestamp>1787.631442</timestamp>
			</report>
			<report>
				<misses>5264001</misses>
				<total>15</total>
				<timestamp>1787.971148</timestamp>
			</report>
			<report>
				<misses>5265001</misses>
				<total>15</total>
				<timestamp>1788.310789</timestamp>
			</report>
			<report>
				<misses>5266001</misses>
				<total>15</total>
				<timestamp>1788.650451</timestamp>
			</report>
			<report>
				<misses>5267001</misses>
				<total>15</total>
				<timestamp>1788.990115</timestamp>
			</report>
			<report>
				<misses>5268001</misses>
				<total>15</total>
				<timestamp>1789.329799</timestamp>
			</report>
			<report>
				<misses>5269001</misses>
				<total>15</total>
				<timestamp>1789.669416</timestamp>
			</report>
			<report>
				<misses>5270001</misses>
				<total>15</total>
				<timestamp>1790.009055</timestamp>
			</report>
			<report>
				<misses>5271001</misses>
				<total>15</total>
				<timestamp>1790.348772</timestamp>
			</report>
			<report>
				<misses>5272001</misses>
				<total>15</total>
				<timestamp>1790.688397</timestamp>
			</report>
			<report>
				<misses>5273001</misses>
				<total>15</total>
				<timestamp>1791.028035</timestamp>
			</report>
			<report>
				<misses>5274001</misses>
				<total>15</total>
				<timestamp>1791.367758</timestamp>
			</report>
			<report>
				<misses>5275001</misses>
				<total>15</total>
				<timestamp>1791.707363</timestamp>
			</report>
			<report>
				<misses>5276001</misses>
				<total>15</total>
				<timestamp>1792.047035</timestamp>
			</report>
			<report>
				<misses>5277001</misses>
				<total>15</total>
				<timestamp>1792.386745</timestamp>
			</report>
			<report>
				<misses>5278001</misses>
				<total>15</total>
				<timestamp>1792.726331</timestamp>
			</report>
			<report>
				<misses>5279001</misses>
				<total>15</total>
				<timestamp>1793.066041</timestamp>
			</report>
			<report>
				<misses>5280001</misses>
				<total>14</total>
				<timestamp>1793.405744</timestamp>
			</report>
			<report>
				<misses>5281001</misses>
				<total>15</total>
				<timestamp>1793.745368</timestamp>
			</report>
			<report>
				<misses>5282001</misses>
				<total>15</total>
				<timestamp>1794.084997</timestamp>
			</report>
			<report>
				<misses>5283001</misses>
				<total>15</total>
				<timestamp>1794.424693</timestamp>
			</report>
			<report>
				<misses>5284001</misses>
				<total>15</total>
				<timestamp>1794.764297</timestamp>
			</report>
			<report>
				<misses>5285001</misses>
				<total>15</total>
				<timestamp>1795.103959</timestamp>
			</report>
			<report>
				<misses>5286001</misses>
				<total>14</total>
				<timestamp>1795.443734</timestamp>
			</report>
			<report>
				<misses>5287001</misses>
				<total>15</total>
				<timestamp>1795.783286</timestamp>
			</report>
			<report>
				<misses>5288001</misses>
				<total>15</total>
				<timestamp>1796.122940</timestamp>
			</report>
			<report>
				<misses>5289001</misses>
				<total>14</total>
				<timestamp>1796.462713</timestamp>
			</report>
			<report>
				<misses>5290001</misses>
				<total>15</total>
				<timestamp>1796.802289</timestamp>
			</report>
			<report>
				<misses>5291001</misses>
				<total>15</total>
				<timestamp>1797.141957</timestamp>
			</report>
			<report>
				<misses>5292001</misses>
				<total>15</total>
				<timestamp>1797.481616</timestamp>
			</report>
			<report>
				<misses>5293001</misses>
				<total>15</total>
				<timestamp>1797.821258</timestamp>
			</report>
			<report>
				<misses>5294001</misses>
				<total>15</total>
				<timestamp>1798.160905</timestamp>
			</report>
			<report>
				<misses>5295001</misses>
				<total>15</total>
				<timestamp>1798.500562</timestamp>
			</report>
			<report>
				<misses>5296001</misses>
				<total>15</total>
				<timestamp>1798.840226</timestamp>
			</report>
			<report>
				<misses>5297001</misses>
				<total>15</total>
				<timestamp>1799.179915</timestamp>
			</report>
			<report>
				<misses>5298001</misses>
				<total>15</total>
				<timestamp>1799.519597</timestamp>
			</report>
			<report>
				<misses>5299001</misses>
				<total>14</total>
				<timestamp>1799.859269</timestamp>
			</report>
			<report>
				<misses>5300001</misses>
				<total>15</total>
				<timestamp>1800.198851</timestamp>
			</report>
			<report>
				<misses>5301001</misses>
				<total>14</total>
				<timestamp>1800.538626</timestamp>
			</report>
			<report>
				<misses>5302001</misses>
				<total>16</total>
				<timestamp>1800.878172</timestamp>
			</report>
			<report>
				<misses>5303001</misses>
				<total>16</total>
				<timestamp>1801.217844</timestamp>
			</report>
			<report>
				<misses>5304001</misses>
				<total>15</total>
				<timestamp>1801.557606</timestamp>
			</report>
			<report>
				<misses>5305001</misses>
				<total>16</total>
				<timestamp>1801.897207</timestamp>
			</report>
			<report>
				<misses>5306001</misses>
				<total>16</total>
				<timestamp>1802.236829</timestamp>
			</report>
			<report>
				<misses>5307001</misses>
				<total>16</total>
				<timestamp>1802.576558</timestamp>
			</report>
			<report>
				<misses>5308001</misses>
				<total>16</total>
				<timestamp>1802.916144</timestamp>
			</report>
			<report>
				<misses>5309001</misses>
				<total>16</total>
				<timestamp>1803.255814</timestamp>
			</report>
			<report>
				<misses>5310001</misses>
				<total>15</total>
				<timestamp>1803.595561</timestamp>
			</report>
			<report>
				<misses>5311001</misses>
				<total>16</total>
				<timestamp>1803.935133</timestamp>
			</report>
			<report>
				<misses>5312001</misses>
				<total>16</total>
				<timestamp>1804.274783</timestamp>
			</report>
			<report>
				<misses>5313001</misses>
				<total>15</total>
				<timestamp>1804.614551</timestamp>
			</report>
			<report>
				<misses>5314001</misses>
				<total>16</total>
				<timestamp>1804.954097</timestamp>
			</report>
			<report>
				<misses>5315001</misses>
				<total>16</total>
				<timestamp>1805.293794</timestamp>
			</report>
			<report>
				<misses>5316001</misses>
				<total>16</total>
				<timestamp>1805.633451</timestamp>
			</report>
			<report>
				<misses>5317001</misses>
				<total>16</total>
				<timestamp>1805.973085</timestamp>
			</report>
			<report>
				<misses>5318001</misses>
				<total>16</total>
				<timestamp>1806.312798</timestamp>
			</report>
			<report>
				<misses>5319001</misses>
				<total>15</total>
				<timestamp>1806.652536</timestamp>
			</report>
			<report>
				<misses>5320001</misses>
				<total>16</total>
				<timestamp>1806.992049</timestamp>
			</report>
			<report>
				<misses>5321001</misses>
				<total>16</total>
				<timestamp>1807.331721</timestamp>
			</report>
			<report>
				<misses>5322001</misses>
				<total>16</total>
				<timestamp>1807.671405</timestamp>
			</report>
			<report>
				<misses>5323001</misses>
				<total>16</total>
				<timestamp>1808.011105</timestamp>
			</report>
			<report>
				<misses>5324001</misses>
				<total>15</total>
				<timestamp>1808.350791</timestamp>
			</report>
			<report>
				<misses>5325001</misses>
				<total>16</total>
				<timestamp>1808.690395</timestamp>
			</report>
			<report>
				<misses>5326001</misses>
				<total>16</total>
				<timestamp>1809.030021</timestamp>
			</report>
			<report>
				<misses>5327001</misses>
				<total>15</total>
				<timestamp>1809.369771</timestamp>
			</report>
			<report>
				<misses>5328001</misses>
				<total>16</total>
				<timestamp>1809.709359</timestamp>
			</report>
			<report>
				<misses>5329001</misses>
				<total>16</total>
				<timestamp>1810.048994</timestamp>
			</report>
			<report>
				<misses>5330001</misses>
				<total>16</total>
				<timestamp>1810.388667</timestamp>
			</report>
			<report>
				<misses>5331001</misses>
				<total>16</total>
				<timestamp>1810.728348</timestamp>
			</report>
			<report>
				<misses>5332001</misses>
				<total>16</total>
				<timestamp>1811.067993</timestamp>
			</report>
			<report>
				<misses>5333001</misses>
				<total>16</total>
				<timestamp>1811.407651</timestamp>
			</report>
			<report>
				<misses>5334001</misses>
				<total>16</total>
				<timestamp>1811.747317</timestamp>
			</report>
			<report>
				<misses>5335001</misses>
				<total>16</total>
				<timestamp>1812.086947</timestamp>
			</report>
			<report>
				<misses>5336001</misses>
				<total>16</total>
				<timestamp>1812.426622</timestamp>
			</report>
			<report>
				<misses>5337001</misses>
				<total>16</total>
				<timestamp>1812.766294</timestamp>
			</report>
			<report>
				<misses>5338001</misses>
				<total>16</total>
				<timestamp>1813.105979</timestamp>
			</report>
			<report>
				<misses>5339001</misses>
				<total>16</total>
				<timestamp>1813.445620</timestamp>
			</report>
			<report>
				<misses>5340001</misses>
				<total>16</total>
				<timestamp>1813.785282</timestamp>
			</report>
			<report>
				<misses>5341001</misses>
				<total>16</total>
				<timestamp>1814.124972</timestamp>
			</report>
			<report>
				<misses>5342001</misses>
				<total>16</total>
				<timestamp>1814.464625</timestamp>
			</report>
			<report>
				<misses>5343001</misses>
				<total>16</total>
				<timestamp>1814.804288</timestamp>
			</report>
			<report>
				<misses>5344001</misses>
				<total>16</total>
				<timestamp>1815.143944</timestamp>
			</report>
			<report>
				<misses>5345001</misses>
				<total>16</total>
				<timestamp>1815.483603</timestamp>
			</report>
			<report>
				<misses>5346001</misses>
				<total>16</total>
				<timestamp>1815.823262</timestamp>
			</report>
			<report>
				<misses>5347001</misses>
				<total>16</total>
				<timestamp>1816.162875</timestamp>
			</report>
			<report>
				<misses>5348001</misses>
				<total>16</total>
				<timestamp>1816.502584</timestamp>
			</report>
			<report>
				<misses>5349001</misses>
				<total>16</total>
				<timestamp>1816.842224</timestamp>
			</report>
			<report>
				<misses>5350001</misses>
				<total>16</total>
				<timestamp>1817.181863</timestamp>
			</report>
			<report>
				<misses>5351001</misses>
				<total>15</total>
				<timestamp>1817.521637</timestamp>
			</report>
			<report>
				<misses>5352001</misses>
				<total>16</total>
				<timestamp>1817.861183</timestamp>
			</report>
			<report>
				<misses>5353001</misses>
				<total>16</total>
				<timestamp>1818.200856</timestamp>
			</report>
			<report>
				<misses>5354001</misses>
				<total>16</total>
				<timestamp>1818.540520</timestamp>
			</report>
			<report>
				<misses>5355001</misses>
				<total>16</total>
				<timestamp>1818.880161</timestamp>
			</report>
			<report>
				<misses>5356001</misses>
				<total>16</total>
				<timestamp>1819.219819</timestamp>
			</report>
			<report>
				<misses>5357001</misses>
				<total>16</total>
				<timestamp>1819.559496</timestamp>
			</report>
			<report>
				<misses>5358001</misses>
				<total>16</total>
				<timestamp>1819.899123</timestamp>
			</report>
			<report>
				<misses>5359001</misses>
				<total>16</total>
				<timestamp>1820.238821</timestamp>
			</report>
			<report>
				<misses>5360001</misses>
				<total>16</total>
				<timestamp>1820.578478</timestamp>
			</report>
			<report>
				<misses>5361001</misses>
				<total>16</total>
				<timestamp>1820.918127</timestamp>
			</report>
			<report>
				<misses>5362001</misses>
				<total>16</total>
				<timestamp>1821.257874</timestamp>
			</report>
			<report>
				<misses>5363001</misses>
				<total>15</total>
				<timestamp>1821.597553</timestamp>
			</report>
			<report>
				<misses>5364001</misses>
				<total>16</total>
				<timestamp>1821.937114</timestamp>
			</report>
			<report>
				<misses>5365001</misses>
				<total>16</total>
				<timestamp>1822.276798</timestamp>
			</report>
			<report>
				<misses>5366001</misses>
				<total>15</total>
				<timestamp>1822.616559</timestamp>
			</report>
			<report>
				<misses>5367001</misses>
				<total>16</total>
				<timestamp>1822.956094</timestamp>
			</report>
			<report>
				<misses>5368001</misses>
				<total>16</total>
				<timestamp>1823.295746</timestamp>
			</report>
			<report>
				<misses>5369001</misses>
				<total>16</total>
				<timestamp>1823.635447</timestamp>
			</report>
			<report>
				<misses>5370001</misses>
				<total>16</total>
				<timestamp>1823.975056</timestamp>
			</report>
			<report>
				<misses>5371001</misses>
				<total>16</total>
				<timestamp>1824.314755</timestamp>
			</report>
			<report>
				<misses>5372001</misses>
				<total>16</total>
				<timestamp>1824.654448</timestamp>
			</report>
			<report>
				<misses>5373001</misses>
				<total>16</total>
				<timestamp>1824.994061</timestamp>
			</report>
			<report>
				<misses>5374001</misses>
				<total>16</total>
				<timestamp>1825.333713</timestamp>
			</report>
			<report>
				<misses>5375001</misses>
				<total>16</total>
				<timestamp>1825.673436</timestamp>
			</report>
			<report>
				<misses>5376001</misses>
				<total>16</total>
				<timestamp>1826.013017</timestamp>
			</report>
			<report>
				<misses>5377001</misses>
				<total>16</total>
				<timestamp>1826.352679</timestamp>
			</report>
			<report>
				<misses>5378001</misses>
				<total>15</total>
				<timestamp>1826.692442</timestamp>
			</report>
			<report>
				<misses>5379001</misses>
				<total>16</total>
				<timestamp>1827.032005</timestamp>
			</report>
			<report>
				<misses>5380001</misses>
				<total>16</total>
				<timestamp>1827.371694</timestamp>
			</report>
			<report>
				<misses>5381001</misses>
				<total>16</total>
				<timestamp>1827.711353</timestamp>
			</report>
			<report>
				<misses>5382001</misses>
				<total>16</total>
				<timestamp>1828.050984</timestamp>
			</report>
			<report>
				<misses>5383001</misses>
				<total>16</total>
				<timestamp>1828.390657</timestamp>
			</report>
			<report>
				<misses>5384001</misses>
				<total>16</total>
				<timestamp>1828.730394</timestamp>
			</report>
			<report>
				<misses>5385001</misses>
				<total>16</total>
				<timestamp>1829.069959</timestamp>
			</report>
			<report>
				<misses>5386001</misses>
				<total>16</total>
				<timestamp>1829.409611</timestamp>
			</report>
			<report>
				<misses>5387001</misses>
				<total>16</total>
				<timestamp>1829.749423</timestamp>
			</report>
			<report>
				<misses>5388001</misses>
				<total>16</total>
				<timestamp>1830.088928</timestamp>
			</report>
			<report>
				<misses>5389001</misses>
				<total>16</total>
				<timestamp>1830.428598</timestamp>
			</report>
			<report>
				<misses>5390001</misses>
				<total>16</total>
				<timestamp>1830.768282</timestamp>
			</report>
			<report>
				<misses>5391001</misses>
				<total>16</total>
				<timestamp>1831.107911</timestamp>
			</report>
			<report>
				<misses>5392001</misses>
				<total>16</total>
				<timestamp>1831.447575</timestamp>
			</report>
			<report>
				<misses>5393001</misses>
				<total>16</total>
				<timestamp>1831.787242</timestamp>
			</report>
			<report>
				<misses>5394001</misses>
				<total>16</total>
				<timestamp>1832.126894</timestamp>
			</report>
			<report>
				<misses>5395001</misses>
				<total>15</total>
				<timestamp>1832.466647</timestamp>
			</report>
			<report>
				<misses>5396001</misses>
				<total>16</total>
				<timestamp>1832.806245</timestamp>
			</report>
			<report>
				<misses>5397001</misses>
				<total>16</total>
				<timestamp>1833.145901</timestamp>
			</report>
			<report>
				<misses>5398001</misses>
				<total>15</total>
				<timestamp>1833.485621</timestamp>
			</report>
			<report>
				<misses>5399001</misses>
				<total>15</total>
				<timestamp>1833.825327</timestamp>
			</report>
			<report>
				<misses>5400001</misses>
				<total>16</total>
				<timestamp>1834.164861</timestamp>
			</report>
			<report>
				<misses>5401001</misses>
				<total>16</total>
				<timestamp>1834.504509</timestamp>
			</report>
			<report>
				<misses>5402001</misses>
				<total>16</total>
				<timestamp>1834.844184</timestamp>
			</report>
			<report>
				<misses>5403001</misses>
				<total>16</total>
				<timestamp>1835.183875</timestamp>
			</report>
			<report>
				<misses>5404001</misses>
				<total>16</total>
				<timestamp>1835.523485</timestamp>
			</report>
			<report>
				<misses>5405001</misses>
				<total>16</total>
				<timestamp>1835.863151</timestamp>
			</report>
			<report>
				<misses>5406001</misses>
				<total>16</total>
				<timestamp>1836.202818</timestamp>
			</report>
			<report>
				<misses>5407001</misses>
				<total>15</total>
				<timestamp>1836.542600</timestamp>
			</report>
			<report>
				<misses>5408001</misses>
				<total>16</total>
				<timestamp>1836.882149</timestamp>
			</report>
			<report>
				<misses>5409001</misses>
				<total>16</total>
				<timestamp>1837.221793</timestamp>
			</report>
			<report>
				<misses>5410001</misses>
				<total>16</total>
				<timestamp>1837.561478</timestamp>
			</report>
			<report>
				<misses>5411001</misses>
				<total>16</total>
				<timestamp>1837.901161</timestamp>
			</report>
			<report>
				<misses>5412001</misses>
				<total>16</total>
				<timestamp>1838.240789</timestamp>
			</report>
			<report>
				<misses>5413001</misses>
				<total>16</total>
				<timestamp>1838.580469</timestamp>
			</report>
			<report>
				<misses>5414001</misses>
				<total>16</total>
				<timestamp>1838.920117</timestamp>
			</report>
			<report>
				<misses>5415001</misses>
				<total>16</total>
				<timestamp>1839.259769</timestamp>
			</report>
			<report>
				<misses>5416001</misses>
				<total>16</total>
				<timestamp>1839.599468</timestamp>
			</report>
			<report>
				<misses>5417001</misses>
				<total>16</total>
				<timestamp>1839.939087</timestamp>
			</report>
			<report>
				<misses>5418001</misses>
				<total>16</total>
				<timestamp>1840.278749</timestamp>
			</report>
			<report>
				<misses>5419001</misses>
				<total>16</total>
				<timestamp>1840.618469</timestamp>
			</report>
			<report>
				<misses>5420001</misses>
				<total>16</total>
				<timestamp>1840.958058</timestamp>
			</report>
			<report>
				<misses>5421001</misses>
				<total>16</total>
				<timestamp>1841.297713</timestamp>
			</report>
			<report>
				<misses>5422001</misses>
				<total>15</total>
				<timestamp>1841.637466</timestamp>
			</report>
			<report>
				<misses>5423001</misses>
				<total>16</total>
				<timestamp>1841.977029</timestamp>
			</report>
			<report>
				<misses>5424001</misses>
				<total>16</total>
				<timestamp>1842.316699</timestamp>
			</report>
			<report>
				<misses>5425001</misses>
				<total>15</total>
				<timestamp>1842.656479</timestamp>
			</report>
			<report>
				<misses>5426001</misses>
				<total>16</total>
				<timestamp>1842.996035</timestamp>
			</report>
			<report>
				<misses>5427001</misses>
				<total>16</total>
				<timestamp>1843.335676</timestamp>
			</report>
			<report>
				<misses>5428001</misses>
				<total>15</total>
				<timestamp>1843.675433</timestamp>
			</report>
			<report>
				<misses>5429001</misses>
				<total>16</total>
				<timestamp>1844.015002</timestamp>
			</report>
			<report>
				<misses>5430001</misses>
				<total>16</total>
				<timestamp>1844.354653</timestamp>
			</report>
			<report>
				<misses>5431001</misses>
				<total>15</total>
				<timestamp>1844.694430</timestamp>
			</report>
			<report>
				<misses>5432001</misses>
				<total>16</total>
				<timestamp>1845.033979</timestamp>
			</report>
			<report>
				<misses>5433001</misses>
				<total>16</total>
				<timestamp>1845.373664</timestamp>
			</report>
			<report>
				<misses>5434001</misses>
				<total>15</total>
				<timestamp>1845.713439</timestamp>
			</report>
			<report>
				<misses>5435001</misses>
				<total>16</total>
				<timestamp>1846.052998</timestamp>
			</report>
			<report>
				<misses>5436001</misses>
				<total>15</total>
				<timestamp>1846.392714</timestamp>
			</report>
			<report>
				<misses>5437001</misses>
				<total>16</total>
				<timestamp>1846.732313</timestamp>
			</report>
			<report>
				<misses>5438001</misses>
				<total>16</total>
				<timestamp>1847.071937</timestamp>
			</report>
			<report>
				<misses>5439001</misses>
				<total>16</total>
				<timestamp>1847.411598</timestamp>
			</report>
			<report>
				<misses>5440001</misses>
				<total>16</total>
				<timestamp>1847.751310</timestamp>
			</report>
			<report>
				<misses>5441001</misses>
				<total>16</total>
				<timestamp>1848.090899</timestamp>
			</report>
			<report>
				<misses>5442001</misses>
				<total>16</total>
				<timestamp>1848.430590</timestamp>
			</report>
			<report>
				<misses>5443001</misses>
				<total>16</total>
				<timestamp>1848.770296</timestamp>
			</report>
			<report>
				<misses>5444001</misses>
				<total>16</total>
				<timestamp>1849.109877</timestamp>
			</report>
			<report>
				<misses>5445001</misses>
				<total>16</total>
				<timestamp>1849.449541</timestamp>
			</report>
			<report>
				<misses>5446001</misses>
				<total>16</total>
				<timestamp>1849.789320</timestamp>
			</report>
			<report>
				<misses>5447001</misses>
				<total>16</total>
				<timestamp>1850.128879</timestamp>
			</report>
			<report>
				<misses>5448001</misses>
				<total>16</total>
				<timestamp>1850.468538</timestamp>
			</report>
			<report>
				<misses>5449001</misses>
				<total>16</total>
				<timestamp>1850.808282</timestamp>
			</report>
			<report>
				<misses>5450001</misses>
				<total>16</total>
				<timestamp>1851.147868</timestamp>
			</report>
			<report>
				<misses>5451001</misses>
				<total>16</total>
				<timestamp>1851.487543</timestamp>
			</report>
			<report>
				<misses>5452001</misses>
				<total>16</total>
				<timestamp>1851.827237</timestamp>
			</report>
			<report>
				<misses>5453001</misses>
				<total>16</total>
				<timestamp>1852.166830</timestamp>
			</report>
			<report>
				<misses>5454001</misses>
				<total>16</total>
				<timestamp>1852.506511</timestamp>
			</report>
			<report>
				<misses>5455001</misses>
				<total>15</total>
				<timestamp>1852.846261</timestamp>
			</report>
			<report>
				<misses>5456001</misses>
				<total>16</total>
				<timestamp>1853.185808</timestamp>
			</report>
			<report>
				<misses>5457001</misses>
				<total>16</total>
				<timestamp>1853.525485</timestamp>
			</report>
			<report>
				<misses>5458001</misses>
				<total>16</total>
				<timestamp>1853.865197</timestamp>
			</report>
			<report>
				<misses>5459001</misses>
				<total>16</total>
				<timestamp>1854.204785</timestamp>
			</report>
			<report>
				<misses>5460001</misses>
				<total>16</total>
				<timestamp>1854.544494</timestamp>
			</report>
			<report>
				<misses>5461001</misses>
				<total>15</total>
				<timestamp>1854.884224</timestamp>
			</report>
			<report>
				<misses>5462001</misses>
				<total>16</total>
				<timestamp>1855.223801</timestamp>
			</report>
			<report>
				<misses>5463001</misses>
				<total>16</total>
				<timestamp>1855.563443</timestamp>
			</report>
			<report>
				<misses>5464001</misses>
				<total>16</total>
				<timestamp>1855.903097</timestamp>
			</report>
			<report>
				<misses>5465001</misses>
				<total>16</total>
				<timestamp>1856.242756</timestamp>
			</report>
			<report>
				<misses>5466001</misses>
				<total>16</total>
				<timestamp>1856.582470</timestamp>
			</report>
			<report>
				<misses>5467001</misses>
				<total>16</total>
				<timestamp>1856.922102</timestamp>
			</report>
			<report>
				<misses>5468001</misses>
				<total>16</total>
				<timestamp>1857.261725</timestamp>
			</report>
			<report>
				<misses>5469001</misses>
				<total>15</total>
				<timestamp>1857.601482</timestamp>
			</report>
			<report>
				<misses>5470001</misses>
				<total>16</total>
				<timestamp>1857.941055</timestamp>
			</report>
			<report>
				<misses>5471001</misses>
				<total>16</total>
				<timestamp>1858.280741</timestamp>
			</report>
			<report>
				<misses>5472001</misses>
				<total>15</total>
				<timestamp>1858.620469</timestamp>
			</report>
			<report>
				<misses>5473001</misses>
				<total>16</total>
				<timestamp>1858.960032</timestamp>
			</report>
			<report>
				<misses>5474001</misses>
				<total>16</total>
				<timestamp>1859.299694</timestamp>
			</report>
			<report>
				<misses>5475001</misses>
				<total>16</total>
				<timestamp>1859.639382</timestamp>
			</report>
			<report>
				<misses>5476001</misses>
				<total>16</total>
				<timestamp>1859.979012</timestamp>
			</report>
			<report>
				<misses>5477001</misses>
				<total>16</total>
				<timestamp>1860.318683</timestamp>
			</report>
			<report>
				<misses>5478001</misses>
				<total>15</total>
				<timestamp>1860.658460</timestamp>
			</report>
			<report>
				<misses>5479001</misses>
				<total>16</total>
				<timestamp>1860.998008</timestamp>
			</report>
			<report>
				<misses>5480001</misses>
				<total>16</total>
				<timestamp>1861.337656</timestamp>
			</report>
			<report>
				<misses>5481001</misses>
				<total>15</total>
				<timestamp>1861.677449</timestamp>
			</report>
			<report>
				<misses>5482001</misses>
				<total>16</total>
				<timestamp>1862.016976</timestamp>
			</report>
			<report>
				<misses>5483001</misses>
				<total>16</total>
				<timestamp>1862.356627</timestamp>
			</report>
			<report>
				<misses>5484001</misses>
				<total>16</total>
				<timestamp>1862.696311</timestamp>
			</report>
			<report>
				<misses>5485001</misses>
				<total>16</total>
				<timestamp>1863.035949</timestamp>
			</report>
			<report>
				<misses>5486001</misses>
				<total>16</total>
				<timestamp>1863.375657</timestamp>
			</report>
			<report>
				<misses>5487001</misses>
				<total>16</total>
				<timestamp>1863.715375</timestamp>
			</report>
			<report>
				<misses>5488001</misses>
				<total>16</total>
				<timestamp>1864.054927</timestamp>
			</report>
			<report>
				<misses>5489001</misses>
				<total>16</total>
				<timestamp>1864.394593</timestamp>
			</report>
			<report>
				<misses>5490001</misses>
				<total>16</total>
				<timestamp>1864.734288</timestamp>
			</report>
			<report>
				<misses>5491001</misses>
				<total>16</total>
				<timestamp>1865.073924</timestamp>
			</report>
			<report>
				<misses>5492001</misses>
				<total>16</total>
				<timestamp>1865.413611</timestamp>
			</report>
			<report>
				<misses>5493001</misses>
				<total>16</total>
				<timestamp>1865.753306</timestamp>
			</report>
			<report>
				<misses>5494001</misses>
				<total>16</total>
				<timestamp>1866.092901</timestamp>
			</report>
			<report>
				<misses>5495001</misses>
				<total>16</total>
				<timestamp>1866.432553</timestamp>
			</report>
			<report>
				<misses>5496001</misses>
				<total>16</total>
				<timestamp>1866.772244</timestamp>
			</report>
			<report>
				<misses>5497001</misses>
				<total>16</total>
				<timestamp>1867.111884</timestamp>
			</report>
			<report>
				<misses>5498001</misses>
				<total>16</total>
				<timestamp>1867.451522</timestamp>
			</report>
			<report>
				<misses>5499001</misses>
				<total>15</total>
				<timestamp>1867.791284</timestamp>
			</report>
			<report>
				<misses>5500001</misses>
				<total>16</total>
				<timestamp>1868.130854</timestamp>
			</report>
			<report>
				<misses>5501001</misses>
				<total>16</total>
				<timestamp>1868.470546</timestamp>
			</report>
			<report>
				<misses>5502001</misses>
				<total>15</total>
				<timestamp>1868.810287</timestamp>
			</report>
			<report>
				<misses>5503001</misses>
				<total>16</total>
				<timestamp>1869.149846</timestamp>
			</report>
			<report>
				<misses>5504001</misses>
				<total>16</total>
				<timestamp>1869.489505</timestamp>
			</report>
			<report>
				<misses>5505001</misses>
				<total>15</total>
				<timestamp>1869.829265</timestamp>
			</report>
			<report>
				<misses>5506001</misses>
				<total>16</total>
				<timestamp>1870.168831</timestamp>
			</report>
			<report>
				<misses>5507001</misses>
				<total>16</total>
				<timestamp>1870.508468</timestamp>
			</report>
			<report>
				<misses>5508001</misses>
				<total>15</total>
				<timestamp>1870.848269</timestamp>
			</report>
			<report>
				<misses>5509001</misses>
				<total>16</total>
				<timestamp>1871.187792</timestamp>
			</report>
			<report>
				<misses>5510001</misses>
				<total>16</total>
				<timestamp>1871.527467</timestamp>
			</report>
			<report>
				<misses>5511001</misses>
				<total>16</total>
				<timestamp>1871.867215</timestamp>
			</report>
			<report>
				<misses>5512001</misses>
				<total>16</total>
				<timestamp>1872.206761</timestamp>
			</report>
			<report>
				<misses>5513001</misses>
				<total>15</total>
				<timestamp>1872.546549</timestamp>
			</report>
			<report>
				<misses>5514001</misses>
				<total>16</total>
				<timestamp>1872.886154</timestamp>
			</report>
			<report>
				<misses>5515001</misses>
				<total>16</total>
				<timestamp>1873.225755</timestamp>
			</report>
			<report>
				<misses>5516001</misses>
				<total>16</total>
				<timestamp>1873.565416</timestamp>
			</report>
			<report>
				<misses>5517001</misses>
				<total>16</total>
				<timestamp>1873.905143</timestamp>
			</report>
			<report>
				<misses>5518001</misses>
				<total>16</total>
				<timestamp>1874.244775</timestamp>
			</report>
			<report>
				<misses>5519001</misses>
				<total>16</total>
				<timestamp>1874.584404</timestamp>
			</report>
			<report>
				<misses>5520001</misses>
				<total>15</total>
				<timestamp>1874.924211</timestamp>
			</report>
			<report>
				<misses>5521001</misses>
				<total>16</total>
				<timestamp>1875.263766</timestamp>
			</report>
			<report>
				<misses>5522001</misses>
				<total>16</total>
				<timestamp>1875.603381</timestamp>
			</report>
			<report>
				<misses>5523001</misses>
				<total>16</total>
				<timestamp>1875.943115</timestamp>
			</report>
			<report>
				<misses>5524001</misses>
				<total>16</total>
				<timestamp>1876.282688</timestamp>
			</report>
			<report>
				<misses>5525001</misses>
				<total>16</total>
				<timestamp>1876.622374</timestamp>
			</report>
			<report>
				<misses>5526001</misses>
				<total>15</total>
				<timestamp>1876.962153</timestamp>
			</report>
			<report>
				<misses>5527001</misses>
				<total>16</total>
				<timestamp>1877.301705</timestamp>
			</report>
			<report>
				<misses>5528001</misses>
				<total>16</total>
				<timestamp>1877.641350</timestamp>
			</report>
			<report>
				<misses>5529001</misses>
				<total>15</total>
				<timestamp>1877.981131</timestamp>
			</report>
			<report>
				<misses>5530001</misses>
				<total>16</total>
				<timestamp>1878.320654</timestamp>
			</report>
			<report>
				<misses>5531001</misses>
				<total>16</total>
				<timestamp>1878.660342</timestamp>
			</report>
			<report>
				<misses>5532001</misses>
				<total>15</total>
				<timestamp>1879.000117</timestamp>
			</report>
			<report>
				<misses>5533001</misses>
				<total>16</total>
				<timestamp>1879.339675</timestamp>
			</report>
			<report>
				<misses>5534001</misses>
				<total>16</total>
				<timestamp>1879.679356</timestamp>
			</report>
			<report>
				<misses>5535001</misses>
				<total>15</total>
				<timestamp>1880.019083</timestamp>
			</report>
			<report>
				<misses>5536001</misses>
				<total>16</total>
				<timestamp>1880.358613</timestamp>
			</report>
			<report>
				<misses>5537001</misses>
				<total>16</total>
				<timestamp>1880.698334</timestamp>
			</report>
			<report>
				<misses>5538001</misses>
				<total>16</total>
				<timestamp>1881.037941</timestamp>
			</report>
			<report>
				<misses>5539001</misses>
				<total>16</total>
				<timestamp>1881.377611</timestamp>
			</report>
			<report>
				<misses>5540001</misses>
				<total>16</total>
				<timestamp>1881.717341</timestamp>
			</report>
			<report>
				<misses>5541001</misses>
				<total>16</total>
				<timestamp>1882.056929</timestamp>
			</report>
			<report>
				<misses>5542001</misses>
				<total>16</total>
				<timestamp>1882.396586</timestamp>
			</report>
			<report>
				<misses>5543001</misses>
				<total>16</total>
				<timestamp>1882.736306</timestamp>
			</report>
			<report>
				<misses>5544001</misses>
				<total>16</total>
				<timestamp>1883.075922</timestamp>
			</report>
			<report>
				<misses>5545001</misses>
				<total>16</total>
				<timestamp>1883.415563</timestamp>
			</report>
			<report>
				<misses>5546001</misses>
				<total>15</total>
				<timestamp>1883.755318</timestamp>
			</report>
			<report>
				<misses>5547001</misses>
				<total>16</total>
				<timestamp>1884.094874</timestamp>
			</report>
			<report>
				<misses>5548001</misses>
				<total>16</total>
				<timestamp>1884.434578</timestamp>
			</report>
			<report>
				<misses>5549001</misses>
				<total>16</total>
				<timestamp>1884.774187</timestamp>
			</report>
			<report>
				<misses>5550001</misses>
				<total>16</total>
				<timestamp>1885.113854</timestamp>
			</report>
			<report>
				<misses>5551001</misses>
				<total>16</total>
				<timestamp>1885.453531</timestamp>
			</report>
			<report>
				<misses>5552001</misses>
				<total>15</total>
				<timestamp>1885.793292</timestamp>
			</report>
			<report>
				<misses>5553001</misses>
				<total>16</total>
				<timestamp>1886.132852</timestamp>
			</report>
			<report>
				<misses>5554001</misses>
				<total>16</total>
				<timestamp>1886.472497</timestamp>
			</report>
			<report>
				<misses>5555001</misses>
				<total>16</total>
				<timestamp>1886.812197</timestamp>
			</report>
			<report>
				<misses>5556001</misses>
				<total>16</total>
				<timestamp>1887.151833</timestamp>
			</report>
			<report>
				<misses>5557001</misses>
				<total>16</total>
				<timestamp>1887.491501</timestamp>
			</report>
			<report>
				<misses>5558001</misses>
				<total>16</total>
				<timestamp>1887.831156</timestamp>
			</report>
			<report>
				<misses>5559001</misses>
				<total>16</total>
				<timestamp>1888.170815</timestamp>
			</report>
			<report>
				<misses>5560001</misses>
				<total>16</total>
				<timestamp>1888.510493</timestamp>
			</report>
			<report>
				<misses>5561001</misses>
				<total>16</total>
				<timestamp>1888.850149</timestamp>
			</report>
			<report>
				<misses>5562001</misses>
				<total>16</total>
				<timestamp>1889.189779</timestamp>
			</report>
			<report>
				<misses>5563001</misses>
				<total>16</total>
				<timestamp>1889.529493</timestamp>
			</report>
			<report>
				<misses>5564001</misses>
				<total>16</total>
				<timestamp>1889.869095</timestamp>
			</report>
			<report>
				<misses>5565001</misses>
				<total>16</total>
				<timestamp>1890.208764</timestamp>
			</report>
			<report>
				<misses>5566001</misses>
				<total>16</total>
				<timestamp>1890.548424</timestamp>
			</report>
			<report>
				<misses>5567001</misses>
				<total>16</total>
				<timestamp>1890.888164</timestamp>
			</report>
			<report>
				<misses>5568001</misses>
				<total>16</total>
				<timestamp>1891.227746</timestamp>
			</report>
			<report>
				<misses>5569001</misses>
				<total>16</total>
				<timestamp>1891.567407</timestamp>
			</report>
			<report>
				<misses>5570001</misses>
				<total>15</total>
				<timestamp>1891.907154</timestamp>
			</report>
			<report>
				<misses>5571001</misses>
				<total>16</total>
				<timestamp>1892.246725</timestamp>
			</report>
			<report>
				<misses>5572001</misses>
				<total>16</total>
				<timestamp>1892.586377</timestamp>
			</report>
			<report>
				<misses>5573001</misses>
				<total>15</total>
				<timestamp>1892.926141</timestamp>
			</report>
			<report>
				<misses>5574001</misses>
				<total>16</total>
				<timestamp>1893.265714</timestamp>
			</report>
			<report>
				<misses>5575001</misses>
				<total>16</total>
				<timestamp>1893.605400</timestamp>
			</report>
			<report>
				<misses>5576001</misses>
				<total>15</total>
				<timestamp>1893.945140</timestamp>
			</report>
			<report>
				<misses>5577001</misses>
				<total>16</total>
				<timestamp>1894.284670</timestamp>
			</report>
			<report>
				<misses>5578001</misses>
				<total>16</total>
				<timestamp>1894.624346</timestamp>
			</report>
			<report>
				<misses>5579001</misses>
				<total>15</total>
				<timestamp>1894.964131</timestamp>
			</report>
			<report>
				<misses>5580001</misses>
				<total>16</total>
				<timestamp>1895.303654</timestamp>
			</report>
			<report>
				<misses>5581001</misses>
				<total>16</total>
				<timestamp>1895.643334</timestamp>
			</report>
			<report>
				<misses>5582001</misses>
				<total>16</total>
				<timestamp>1895.983021</timestamp>
			</report>
			<report>
				<misses>5583001</misses>
				<total>16</total>
				<timestamp>1896.322629</timestamp>
			</report>
			<report>
				<misses>5584001</misses>
				<total>16</total>
				<timestamp>1896.662328</timestamp>
			</report>
			<report>
				<misses>5585001</misses>
				<total>16</total>
				<timestamp>1897.001974</timestamp>
			</report>
			<report>
				<misses>5586001</misses>
				<total>16</total>
				<timestamp>1897.341606</timestamp>
			</report>
			<report>
				<misses>5587001</misses>
				<total>16</total>
				<timestamp>1897.681288</timestamp>
			</report>
			<report>
				<misses>5588001</misses>
				<total>16</total>
				<timestamp>1898.021012</timestamp>
			</report>
			<report>
				<misses>5589001</misses>
				<total>16</total>
				<timestamp>1898.360600</timestamp>
			</report>
			<report>
				<misses>5590001</misses>
				<total>16</total>
				<timestamp>1898.700264</timestamp>
			</report>
			<report>
				<misses>5591001</misses>
				<total>16</total>
				<timestamp>1899.039972</timestamp>
			</report>
			<report>
				<misses>5592001</misses>
				<total>16</total>
				<timestamp>1899.379576</timestamp>
			</report>
			<report>
				<misses>5593001</misses>
				<total>16</total>
				<timestamp>1899.719244</timestamp>
			</report>
			<report>
				<misses>5594001</misses>
				<total>15</total>
				<timestamp>1900.059017</timestamp>
			</report>
			<report>
				<misses>5595001</misses>
				<total>16</total>
				<timestamp>1900.398569</timestamp>
			</report>
			<report>
				<misses>5596001</misses>
				<total>16</total>
				<timestamp>1900.738228</timestamp>
			</report>
			<report>
				<misses>5597001</misses>
				<total>15</total>
				<timestamp>1901.077983</timestamp>
			</report>
			<report>
				<misses>5598001</misses>
				<total>16</total>
				<timestamp>1901.417562</timestamp>
			</report>
			<report>
				<misses>5599001</misses>
				<total>16</total>
				<timestamp>1901.757200</timestamp>
			</report>
			<report>
				<misses>5600001</misses>
				<total>15</total>
				<timestamp>1902.097049</timestamp>
			</report>
			<report>
				<misses>5601001</misses>
				<total>16</total>
				<timestamp>1902.436525</timestamp>
			</report>
			<report>
				<misses>5602001</misses>
				<total>16</total>
				<timestamp>1902.776187</timestamp>
			</report>
			<report>
				<misses>5603001</misses>
				<total>15</total>
				<timestamp>1903.115961</timestamp>
			</report>
			<report>
				<misses>5604001</misses>
				<total>16</total>
				<timestamp>1903.455531</timestamp>
			</report>
			<report>
				<misses>5605001</misses>
				<total>16</total>
				<timestamp>1903.795205</timestamp>
			</report>
			<report>
				<misses>5606001</misses>
				<total>16</total>
				<timestamp>1904.134900</timestamp>
			</report>
			<report>
				<misses>5607001</misses>
				<total>16</total>
				<timestamp>1904.474504</timestamp>
			</report>
			<report>
				<misses>5608001</misses>
				<total>16</total>
				<timestamp>1904.814158</timestamp>
			</report>
			<report>
				<misses>5609001</misses>
				<total>15</total>
				<timestamp>1905.153963</timestamp>
			</report>
			<report>
				<misses>5610001</misses>
				<total>16</total>
				<timestamp>1905.493502</timestamp>
			</report>
			<report>
				<misses>5611001</misses>
				<total>16</total>
				<timestamp>1905.833165</timestamp>
			</report>
			<report>
				<misses>5612001</misses>
				<total>16</total>
				<timestamp>1906.172781</timestamp>
			</report>
			<report>
				<misses>5613001</misses>
				<total>16</total>
				<timestamp>1906.512435</timestamp>
			</report>
			<report>
				<misses>5614001</misses>
				<total>16</total>
				<timestamp>1906.852102</timestamp>
			</report>
			<report>
				<misses>5615001</misses>
				<total>16</total>
				<timestamp>1907.191766</timestamp>
			</report>
			<report>
				<misses>5616001</misses>
				<total>16</total>
				<timestamp>1907.531416</timestamp>
			</report>
			<report>
				<misses>5617001</misses>
				<total>16</total>
				<timestamp>1907.871097</timestamp>
			</report>
			<report>
				<misses>5618001</misses>
				<total>16</total>
				<timestamp>1908.210735</timestamp>
			</report>
			<report>
				<misses>5619001</misses>
				<total>16</total>
				<timestamp>1908.550407</timestamp>
			</report>
			<report>
				<misses>5620001</misses>
				<total>15</total>
				<timestamp>1908.890154</timestamp>
			</report>
			<report>
				<misses>5621001</misses>
				<total>16</total>
				<timestamp>1909.229703</timestamp>
			</report>
			<report>
				<misses>5622001</misses>
				<total>16</total>
				<timestamp>1909.569373</timestamp>
			</report>
			<report>
				<misses>5623001</misses>
				<total>15</total>
				<timestamp>1909.909149</timestamp>
			</report>
			<report>
				<misses>5624001</misses>
				<total>16</total>
				<timestamp>1910.248695</timestamp>
			</report>
			<report>
				<misses>5625001</misses>
				<total>16</total>
				<timestamp>1910.588358</timestamp>
			</report>
			<report>
				<misses>5626001</misses>
				<total>15</total>
				<timestamp>1910.928139</timestamp>
			</report>
			<report>
				<misses>5627001</misses>
				<total>16</total>
				<timestamp>1911.267658</timestamp>
			</report>
			<report>
				<misses>5628001</misses>
				<total>16</total>
				<timestamp>1911.607353</timestamp>
			</report>
			<report>
				<misses>5629001</misses>
				<total>16</total>
				<timestamp>1911.947041</timestamp>
			</report>
			<report>
				<misses>5630001</misses>
				<total>16</total>
				<timestamp>1912.286657</timestamp>
			</report>
			<report>
				<misses>5631001</misses>
				<total>16</total>
				<timestamp>1912.626315</timestamp>
			</report>
			<report>
				<misses>5632001</misses>
				<total>16</total>
				<timestamp>1912.966002</timestamp>
			</report>
			<report>
				<misses>5633001</misses>
				<total>16</total>
				<timestamp>1913.305637</timestamp>
			</report>
			<report>
				<misses>5634001</misses>
				<total>16</total>
				<timestamp>1913.645334</timestamp>
			</report>
			<report>
				<misses>5635001</misses>
				<total>16</total>
				<timestamp>1913.985012</timestamp>
			</report>
			<report>
				<misses>5636001</misses>
				<total>16</total>
				<timestamp>1914.324623</timestamp>
			</report>
			<report>
				<misses>5637001</misses>
				<total>16</total>
				<timestamp>1914.664277</timestamp>
			</report>
			<report>
				<misses>5638001</misses>
				<total>16</total>
				<timestamp>1915.003976</timestamp>
			</report>
			<report>
				<misses>5639001</misses>
				<total>16</total>
				<timestamp>1915.343591</timestamp>
			</report>
			<report>
				<misses>5640001</misses>
				<total>16</total>
				<timestamp>1915.683260</timestamp>
			</report>
			<report>
				<misses>5641001</misses>
				<total>16</total>
				<timestamp>1916.022997</timestamp>
			</report>
			<report>
				<misses>5642001</misses>
				<total>16</total>
				<timestamp>1916.362595</timestamp>
			</report>
			<report>
				<misses>5643001</misses>
				<total>16</total>
				<timestamp>1916.702237</timestamp>
			</report>
			<report>
				<misses>5644001</misses>
				<total>15</total>
				<timestamp>1917.041993</timestamp>
			</report>
			<report>
				<misses>5645001</misses>
				<total>16</total>
				<timestamp>1917.381566</timestamp>
			</report>
			<report>
				<misses>5646001</misses>
				<total>16</total>
				<timestamp>1917.721229</timestamp>
			</report>
			<report>
				<misses>5647001</misses>
				<total>16</total>
				<timestamp>1918.060942</timestamp>
			</report>
			<report>
				<misses>5648001</misses>
				<total>16</total>
				<timestamp>1918.400550</timestamp>
			</report>
			<report>
				<misses>5649001</misses>
				<total>16</total>
				<timestamp>1918.740190</timestamp>
			</report>
			<report>
				<misses>5650001</misses>
				<total>15</total>
				<timestamp>1919.079962</timestamp>
			</report>
			<report>
				<misses>5651001</misses>
				<total>16</total>
				<timestamp>1919.419513</timestamp>
			</report>
			<report>
				<misses>5652001</misses>
				<total>16</total>
				<timestamp>1919.759184</timestamp>
			</report>
			<report>
				<misses>5653001</misses>
				<total>16</total>
				<timestamp>1920.098871</timestamp>
			</report>
			<report>
				<misses>5654001</misses>
				<total>16</total>
				<timestamp>1920.438530</timestamp>
			</report>
			<report>
				<misses>5655001</misses>
				<total>16</total>
				<timestamp>1920.778174</timestamp>
			</report>
			<report>
				<misses>5656001</misses>
				<total>16</total>
				<timestamp>1921.117893</timestamp>
			</report>
			<report>
				<misses>5657001</misses>
				<total>16</total>
				<timestamp>1921.457481</timestamp>
			</report>
			<report>
				<misses>5658001</misses>
				<total>16</total>
				<timestamp>1921.797137</timestamp>
			</report>
			<report>
				<misses>5659001</misses>
				<total>16</total>
				<timestamp>1922.136858</timestamp>
			</report>
			<report>
				<misses>5660001</misses>
				<total>16</total>
				<timestamp>1922.476496</timestamp>
			</report>
			<report>
				<misses>5661001</misses>
				<total>16</total>
				<timestamp>1922.816113</timestamp>
			</report>
			<report>
				<misses>5662001</misses>
				<total>16</total>
				<timestamp>1923.155841</timestamp>
			</report>
			<report>
				<misses>5663001</misses>
				<total>16</total>
				<timestamp>1923.495437</timestamp>
			</report>
			<report>
				<misses>5664001</misses>
				<total>16</total>
				<timestamp>1923.835090</timestamp>
			</report>
			<report>
				<misses>5665001</misses>
				<total>16</total>
				<timestamp>1924.174858</timestamp>
			</report>
			<report>
				<misses>5666001</misses>
				<total>16</total>
				<timestamp>1924.514427</timestamp>
			</report>
			<report>
				<misses>5667001</misses>
				<total>16</total>
				<timestamp>1924.854103</timestamp>
			</report>
			<report>
				<misses>5668001</misses>
				<total>15</total>
				<timestamp>1925.193855</timestamp>
			</report>
			<report>
				<misses>5669001</misses>
				<total>16</total>
				<timestamp>1925.533399</timestamp>
			</report>
			<report>
				<misses>5670001</misses>
				<total>16</total>
				<timestamp>1925.873063</timestamp>
			</report>
			<report>
				<misses>5671001</misses>
				<total>15</total>
				<timestamp>1926.212864</timestamp>
			</report>
			<report>
				<misses>5672001</misses>
				<total>16</total>
				<timestamp>1926.552403</timestamp>
			</report>
			<report>
				<misses>5673001</misses>
				<total>16</total>
				<timestamp>1926.892052</timestamp>
			</report>
			<report>
				<misses>5674001</misses>
				<total>16</total>
				<timestamp>1927.231707</timestamp>
			</report>
			<report>
				<misses>5675001</misses>
				<total>16</total>
				<timestamp>1927.571384</timestamp>
			</report>
			<report>
				<misses>5676001</misses>
				<total>16</total>
				<timestamp>1927.911051</timestamp>
			</report>
			<report>
				<misses>5677001</misses>
				<total>15</total>
				<timestamp>1928.250782</timestamp>
			</report>
			<report>
				<misses>5678001</misses>
				<total>16</total>
				<timestamp>1928.590359</timestamp>
			</report>
			<report>
				<misses>5679001</misses>
				<total>16</total>
				<timestamp>1928.930046</timestamp>
			</report>
			<report>
				<misses>5680001</misses>
				<total>16</total>
				<timestamp>1929.269690</timestamp>
			</report>
			<report>
				<misses>5681001</misses>
				<total>16</total>
				<timestamp>1929.609329</timestamp>
			</report>
			<report>
				<misses>5682001</misses>
				<total>16</total>
				<timestamp>1929.948983</timestamp>
			</report>
			<report>
				<misses>5683001</misses>
				<total>15</total>
				<timestamp>1930.288763</timestamp>
			</report>
			<report>
				<misses>5684001</misses>
				<total>16</total>
				<timestamp>1930.628335</timestamp>
			</report>
			<report>
				<misses>5685001</misses>
				<total>16</total>
				<timestamp>1930.968023</timestamp>
			</report>
			<report>
				<misses>5686001</misses>
				<total>16</total>
				<timestamp>1931.307622</timestamp>
			</report>
			<report>
				<misses>5687001</misses>
				<total>16</total>
				<timestamp>1931.647290</timestamp>
			</report>
			<report>
				<misses>5688001</misses>
				<total>15</total>
				<timestamp>1931.987017</timestamp>
			</report>
			<report>
				<misses>5689001</misses>
				<total>16</total>
				<timestamp>1932.326590</timestamp>
			</report>
			<report>
				<misses>5690001</misses>
				<total>16</total>
				<timestamp>1932.666284</timestamp>
			</report>
			<report>
				<misses>5691001</misses>
				<total>15</total>
				<timestamp>1933.006031</timestamp>
			</report>
			<report>
				<misses>5692001</misses>
				<total>16</total>
				<timestamp>1933.345609</timestamp>
			</report>
			<report>
				<misses>5693001</misses>
				<total>16</total>
				<timestamp>1933.685267</timestamp>
			</report>
			<report>
				<misses>5694001</misses>
				<total>15</total>
				<timestamp>1934.024997</timestamp>
			</report>
			<report>
				<misses>5695001</misses>
				<total>16</total>
				<timestamp>1934.364558</timestamp>
			</report>
			<report>
				<misses>5696001</misses>
				<total>16</total>
				<timestamp>1934.704225</timestamp>
			</report>
			<report>
				<misses>5697001</misses>
				<total>15</total>
				<timestamp>1935.043989</timestamp>
			</report>
			<report>
				<misses>5698001</misses>
				<total>16</total>
				<timestamp>1935.383533</timestamp>
			</report>
			<report>
				<misses>5699001</misses>
				<total>16</total>
				<timestamp>1935.723208</timestamp>
			</report>
			<report>
				<misses>5700001</misses>
				<total>16</total>
				<timestamp>1936.062869</timestamp>
			</report>
			<report>
				<misses>5701001</misses>
				<total>16</total>
				<timestamp>1936.402517</timestamp>
			</report>
			<report>
				<misses>5702001</misses>
				<total>16</total>
				<timestamp>1936.742210</timestamp>
			</report>
			<report>
				<misses>5703001</misses>
				<total>16</total>
				<timestamp>1937.081873</timestamp>
			</report>
			<report>
				<misses>5704001</misses>
				<total>16</total>
				<timestamp>1937.421499</timestamp>
			</report>
			<report>
				<misses>5705001</misses>
				<total>16</total>
				<timestamp>1937.761156</timestamp>
			</report>
			<report>
				<misses>5706001</misses>
				<total>16</total>
				<timestamp>1938.100859</timestamp>
			</report>
			<report>
				<misses>5707001</misses>
				<total>16</total>
				<timestamp>1938.440475</timestamp>
			</report>
			<report>
				<misses>5708001</misses>
				<total>16</total>
				<timestamp>1938.780176</timestamp>
			</report>
			<report>
				<misses>5709001</misses>
				<total>16</total>
				<timestamp>1939.119870</timestamp>
			</report>
			<report>
				<misses>5710001</misses>
				<total>17</total>
				<timestamp>1939.459458</timestamp>
			</report>
			<report>
				<misses>5711001</misses>
				<total>17</total>
				<timestamp>1939.799121</timestamp>
			</report>
			<report>
				<misses>5712001</misses>
				<total>17</total>
				<timestamp>1940.138820</timestamp>
			</report>
			<report>
				<misses>5713001</misses>
				<total>17</total>
				<timestamp>1940.478433</timestamp>
			</report>
			<report>
				<misses>5714001</misses>
				<total>17</total>
				<timestamp>1940.818093</timestamp>
			</report>
			<report>
				<misses>5715001</misses>
				<total>17</total>
				<timestamp>1941.157851</timestamp>
			</report>
			<report>
				<misses>5716001</misses>
				<total>17</total>
				<timestamp>1941.497436</timestamp>
			</report>
			<report>
				<misses>5717001</misses>
				<total>17</total>
				<timestamp>1941.837080</timestamp>
			</report>
			<report>
				<misses>5718001</misses>
				<total>16</total>
				<timestamp>1942.176827</timestamp>
			</report>
			<report>
				<misses>5719001</misses>
				<total>17</total>
				<timestamp>1942.516427</timestamp>
			</report>
			<report>
				<misses>5720001</misses>
				<total>17</total>
				<timestamp>1942.856072</timestamp>
			</report>
			<report>
				<misses>5721001</misses>
				<total>16</total>
				<timestamp>1943.195803</timestamp>
			</report>
			<report>
				<misses>5722001</misses>
				<total>17</total>
				<timestamp>1943.535395</timestamp>
			</report>
			<report>
				<misses>5723001</misses>
				<total>17</total>
				<timestamp>1943.875045</timestamp>
			</report>
			<report>
				<misses>5724001</misses>
				<total>16</total>
				<timestamp>1944.214817</timestamp>
			</report>
			<report>
				<misses>5725001</misses>
				<total>17</total>
				<timestamp>1944.554388</timestamp>
			</report>
			<report>
				<misses>5726001</misses>
				<total>17</total>
				<timestamp>1944.894026</timestamp>
			</report>
			<report>
				<misses>5727001</misses>
				<total>17</total>
				<timestamp>1945.233696</timestamp>
			</report>
			<report>
				<misses>5728001</misses>
				<total>17</total>
				<timestamp>1945.573347</timestamp>
			</report>
			<report>
				<misses>5729001</misses>
				<total>17</total>
				<timestamp>1945.913002</timestamp>
			</report>
			<report>
				<misses>5730001</misses>
				<total>17</total>
				<timestamp>1946.252708</timestamp>
			</report>
			<report>
				<misses>5731001</misses>
				<total>17</total>
				<timestamp>1946.592344</timestamp>
			</report>
			<report>
				<misses>5732001</misses>
				<total>17</total>
				<timestamp>1946.931976</timestamp>
			</report>
			<report>
				<misses>5733001</misses>
				<total>17</total>
				<timestamp>1947.271686</timestamp>
			</report>
			<report>
				<misses>5734001</misses>
				<total>17</total>
				<timestamp>1947.611331</timestamp>
			</report>
			<report>
				<misses>5735001</misses>
				<total>17</total>
				<timestamp>1947.950963</timestamp>
			</report>
			<report>
				<misses>5736001</misses>
				<total>17</total>
				<timestamp>1948.290689</timestamp>
			</report>
			<report>
				<misses>5737001</misses>
				<total>17</total>
				<timestamp>1948.630291</timestamp>
			</report>
			<report>
				<misses>5738001</misses>
				<total>17</total>
				<timestamp>1948.969935</timestamp>
			</report>
			<report>
				<misses>5739001</misses>
				<total>17</total>
				<timestamp>1949.309640</timestamp>
			</report>
			<report>
				<misses>5740001</misses>
				<total>17</total>
				<timestamp>1949.649284</timestamp>
			</report>
			<report>
				<misses>5741001</misses>
				<total>17</total>
				<timestamp>1949.988925</timestamp>
			</report>
			<report>
				<misses>5742001</misses>
				<total>16</total>
				<timestamp>1950.328678</timestamp>
			</report>
			<report>
				<misses>5743001</misses>
				<total>17</total>
				<timestamp>1950.668269</timestamp>
			</report>
			<report>
				<misses>5744001</misses>
				<total>17</total>
				<timestamp>1951.007899</timestamp>
			</report>
			<report>
				<misses>5745001</misses>
				<total>17</total>
				<timestamp>1951.347648</timestamp>
			</report>
			<report>
				<misses>5746001</misses>
				<total>17</total>
				<timestamp>1951.687256</timestamp>
			</report>
			<report>
				<misses>5747001</misses>
				<total>17</total>
				<timestamp>1952.026886</timestamp>
			</report>
			<report>
				<misses>5748001</misses>
				<total>16</total>
				<timestamp>1952.366652</timestamp>
			</report>
			<report>
				<misses>5749001</misses>
				<total>17</total>
				<timestamp>1952.706218</timestamp>
			</report>
			<report>
				<misses>5750001</misses>
				<total>17</total>
				<timestamp>1953.045850</timestamp>
			</report>
			<report>
				<misses>5751001</misses>
				<total>16</total>
				<timestamp>1953.385674</timestamp>
			</report>
			<report>
				<misses>5752001</misses>
				<total>17</total>
				<timestamp>1953.725163</timestamp>
			</report>
			<report>
				<misses>5753001</misses>
				<total>17</total>
				<timestamp>1954.064880</timestamp>
			</report>
			<report>
				<misses>5754001</misses>
				<total>17</total>
				<timestamp>1954.404524</timestamp>
			</report>
			<report>
				<misses>5755001</misses>
				<total>17</total>
				<timestamp>1954.744183</timestamp>
			</report>
			<report>
				<misses>5756001</misses>
				<total>17</total>
				<timestamp>1955.083813</timestamp>
			</report>
			<report>
				<misses>5757001</misses>
				<total>17</total>
				<timestamp>1955.423517</timestamp>
			</report>
			<report>
				<misses>5758001</misses>
				<total>17</total>
				<timestamp>1955.763164</timestamp>
			</report>
			<report>
				<misses>5759001</misses>
				<total>16</total>
				<timestamp>1956.102883</timestamp>
			</report>
			<report>
				<misses>5760001</misses>
				<total>16</total>
				<timestamp>1956.442625</timestamp>
			</report>
			<report>
				<misses>5761001</misses>
				<total>17</total>
				<timestamp>1956.782122</timestamp>
			</report>
			<report>
				<misses>5762001</misses>
				<total>17</total>
				<timestamp>1957.121788</timestamp>
			</report>
			<report>
				<misses>5763001</misses>
				<total>17</total>
				<timestamp>1957.461438</timestamp>
			</report>
			<report>
				<misses>5764001</misses>
				<total>17</total>
				<timestamp>1957.801085</timestamp>
			</report>
			<report>
				<misses>5765001</misses>
				<total>16</total>
				<timestamp>1958.140837</timestamp>
			</report>
			<report>
				<misses>5766001</misses>
				<total>17</total>
				<timestamp>1958.480413</timestamp>
			</report>
			<report>
				<misses>5767001</misses>
				<total>17</total>
				<timestamp>1958.820102</timestamp>
			</report>
			<report>
				<misses>5768001</misses>
				<total>16</total>
				<timestamp>1959.159853</timestamp>
			</report>
			<report>
				<misses>5769001</misses>
				<total>17</total>
				<timestamp>1959.499414</timestamp>
			</report>
			<report>
				<misses>5770001</misses>
				<total>17</total>
				<timestamp>1959.839063</timestamp>
			</report>
			<report>
				<misses>5771001</misses>
				<total>16</total>
				<timestamp>1960.178852</timestamp>
			</report>
			<report>
				<misses>5772001</misses>
				<total>17</total>
				<timestamp>1960.518387</timestamp>
			</report>
			<report>
				<misses>5773001</misses>
				<total>17</total>
				<timestamp>1960.858040</timestamp>
			</report>
			<report>
				<misses>5774001</misses>
				<total>17</total>
				<timestamp>1961.197699</timestamp>
			</report>
			<report>
				<misses>5775001</misses>
				<total>17</total>
				<timestamp>1961.537364</timestamp>
			</report>
			<report>
				<misses>5776001</misses>
				<total>17</total>
				<timestamp>1961.877156</timestamp>
			</report>
			<report>
				<misses>5777001</misses>
				<total>17</total>
				<timestamp>1962.216680</timestamp>
			</report>
			<report>
				<misses>5778001</misses>
				<total>17</total>
				<timestamp>1962.556347</timestamp>
			</report>
			<report>
				<misses>5779001</misses>
				<total>17</total>
				<timestamp>1962.896005</timestamp>
			</report>
			<report>
				<misses>5780001</misses>
				<total>17</total>
				<timestamp>1963.235787</timestamp>
			</report>
			<report>
				<misses>5781001</misses>
				<total>17</total>
				<timestamp>1963.575321</timestamp>
			</report>
			<report>
				<misses>5782001</misses>
				<total>17</total>
				<timestamp>1963.914980</timestamp>
			</report>
			<report>
				<misses>5783001</misses>
				<total>17</total>
				<timestamp>1964.254767</timestamp>
			</report>
			<report>
				<misses>5784001</misses>
				<total>17</total>
				<timestamp>1964.594428</timestamp>
			</report>
			<report>
				<misses>5785001</misses>
				<total>17</total>
				<timestamp>1964.933963</timestamp>
			</report>
			<report>
				<misses>5786001</misses>
				<total>17</total>
				<timestamp>1965.273744</timestamp>
			</report>
			<report>
				<misses>5787001</misses>
				<total>17</total>
				<timestamp>1965.613319</timestamp>
			</report>
			<report>
				<misses>5788001</misses>
				<total>17</total>
				<timestamp>1965.952934</timestamp>
			</report>
			<report>
				<misses>5789001</misses>
				<total>17</total>
				<timestamp>1966.292620</timestamp>
			</report>
			<report>
				<misses>5790001</misses>
				<total>17</total>
				<timestamp>1966.632288</timestamp>
			</report>
			<report>
				<misses>5791001</misses>
				<total>17</total>
				<timestamp>1966.971940</timestamp>
			</report>
			<report>
				<misses>5792001</misses>
				<total>17</total>
				<timestamp>1967.311630</timestamp>
			</report>
			<report>
				<misses>5793001</misses>
				<total>17</total>
				<timestamp>1967.651280</timestamp>
			</report>
			<report>
				<misses>5794001</misses>
				<total>17</total>
				<timestamp>1967.990916</timestamp>
			</report>
			<report>
				<misses>5795001</misses>
				<total>16</total>
				<timestamp>1968.330672</timestamp>
			</report>
			<report>
				<misses>5796001</misses>
				<total>17</total>
				<timestamp>1968.670269</timestamp>
			</report>
			<report>
				<misses>5797001</misses>
				<total>17</total>
				<timestamp>1969.009887</timestamp>
			</report>
			<report>
				<misses>5798001</misses>
				<total>17</total>
				<timestamp>1969.349546</timestamp>
			</report>
			<report>
				<misses>5799001</misses>
				<total>17</total>
				<timestamp>1969.689198</timestamp>
			</report>
			<report>
				<misses>5800001</misses>
				<total>17</total>
				<timestamp>1970.028870</timestamp>
			</report>
			<report>
				<misses>5801001</misses>
				<total>17</total>
				<timestamp>1970.368577</timestamp>
			</report>
			<report>
				<misses>5802001</misses>
				<total>17</total>
				<timestamp>1970.708182</timestamp>
			</report>
			<report>
				<misses>5803001</misses>
				<total>17</total>
				<timestamp>1971.047885</timestamp>
			</report>
			<report>
				<misses>5804001</misses>
				<total>17</total>
				<timestamp>1971.387545</timestamp>
			</report>
			<report>
				<misses>5805001</misses>
				<total>17</total>
				<timestamp>1971.727185</timestamp>
			</report>
			<report>
				<misses>5806001</misses>
				<total>17</total>
				<timestamp>1972.066825</timestamp>
			</report>
			<report>
				<misses>5807001</misses>
				<total>17</total>
				<timestamp>1972.406514</timestamp>
			</report>
			<report>
				<misses>5808001</misses>
				<total>17</total>
				<timestamp>1972.746151</timestamp>
			</report>
			<report>
				<misses>5809001</misses>
				<total>17</total>
				<timestamp>1973.085807</timestamp>
			</report>
			<report>
				<misses>5810001</misses>
				<total>17</total>
				<timestamp>1973.425530</timestamp>
			</report>
			<report>
				<misses>5811001</misses>
				<total>17</total>
				<timestamp>1973.765138</timestamp>
			</report>
			<report>
				<misses>5812001</misses>
				<total>17</total>
				<timestamp>1974.104777</timestamp>
			</report>
			<report>
				<misses>5813001</misses>
				<total>17</total>
				<timestamp>1974.444518</timestamp>
			</report>
			<report>
				<misses>5814001</misses>
				<total>17</total>
				<timestamp>1974.784097</timestamp>
			</report>
			<report>
				<misses>5815001</misses>
				<total>17</total>
				<timestamp>1975.123767</timestamp>
			</report>
			<report>
				<misses>5816001</misses>
				<total>17</total>
				<timestamp>1975.463496</timestamp>
			</report>
			<report>
				<misses>5817001</misses>
				<total>17</total>
				<timestamp>1975.803073</timestamp>
			</report>
			<report>
				<misses>5818001</misses>
				<total>17</total>
				<timestamp>1976.142745</timestamp>
			</report>
			<report>
				<misses>5819001</misses>
				<total>17</total>
				<timestamp>1976.482514</timestamp>
			</report>
			<report>
				<misses>5820001</misses>
				<total>17</total>
				<timestamp>1976.822094</timestamp>
			</report>
			<report>
				<misses>5821001</misses>
				<total>17</total>
				<timestamp>1977.161723</timestamp>
			</report>
			<report>
				<misses>5822001</misses>
				<total>16</total>
				<timestamp>1977.501531</timestamp>
			</report>
			<report>
				<misses>5823001</misses>
				<total>17</total>
				<timestamp>1977.841041</timestamp>
			</report>
			<report>
				<misses>5824001</misses>
				<total>17</total>
				<timestamp>1978.180721</timestamp>
			</report>
			<report>
				<misses>5825001</misses>
				<total>17</total>
				<timestamp>1978.520373</timestamp>
			</report>
			<report>
				<misses>5826001</misses>
				<total>17</total>
				<timestamp>1978.860028</timestamp>
			</report>
			<report>
				<misses>5827001</misses>
				<total>17</total>
				<timestamp>1979.199750</timestamp>
			</report>
			<report>
				<misses>5828001</misses>
				<total>16</total>
				<timestamp>1979.539494</timestamp>
			</report>
			<report>
				<misses>5829001</misses>
				<total>17</total>
				<timestamp>1979.878995</timestamp>
			</report>
			<report>
				<misses>5830001</misses>
				<total>17</total>
				<timestamp>1980.218708</timestamp>
			</report>
			<report>
				<misses>5831001</misses>
				<total>17</total>
				<timestamp>1980.558362</timestamp>
			</report>
			<report>
				<misses>5832001</misses>
				<total>17</total>
				<timestamp>1980.897978</timestamp>
			</report>
			<report>
				<misses>5833001</misses>
				<total>17</total>
				<timestamp>1981.237706</timestamp>
			</report>
			<report>
				<misses>5834001</misses>
				<total>17</total>
				<timestamp>1981.577301</timestamp>
			</report>
			<report>
				<misses>5835001</misses>
				<total>17</total>
				<timestamp>1981.916945</timestamp>
			</report>
			<report>
				<misses>5836001</misses>
				<total>17</total>
				<timestamp>1982.256629</timestamp>
			</report>
			<report>
				<misses>5837001</misses>
				<total>17</total>
				<timestamp>1982.596285</timestamp>
			</report>
			<report>
				<misses>5838001</misses>
				<total>17</total>
				<timestamp>1982.935921</timestamp>
			</report>
			<report>
				<misses>5839001</misses>
				<total>16</total>
				<timestamp>1983.275708</timestamp>
			</report>
			<report>
				<misses>5840001</misses>
				<total>17</total>
				<timestamp>1983.615306</timestamp>
			</report>
			<report>
				<misses>5841001</misses>
				<total>17</total>
				<timestamp>1983.954907</timestamp>
			</report>
			<report>
				<misses>5842001</misses>
				<total>16</total>
				<timestamp>1984.294692</timestamp>
			</report>
			<report>
				<misses>5843001</misses>
				<total>17</total>
				<timestamp>1984.634248</timestamp>
			</report>
			<report>
				<misses>5844001</misses>
				<total>17</total>
				<timestamp>1984.973887</timestamp>
			</report>
			<report>
				<misses>5845001</misses>
				<total>17</total>
				<timestamp>1985.313557</timestamp>
			</report>
			<report>
				<misses>5846001</misses>
				<total>17</total>
				<timestamp>1985.653222</timestamp>
			</report>
			<report>
				<misses>5847001</misses>
				<total>17</total>
				<timestamp>1985.992878</timestamp>
			</report>
			<report>
				<misses>5848001</misses>
				<total>17</total>
				<timestamp>1986.332576</timestamp>
			</report>
			<report>
				<misses>5849001</misses>
				<total>17</total>
				<timestamp>1986.672207</timestamp>
			</report>
			<report>
				<misses>5850001</misses>
				<total>17</total>
				<timestamp>1987.011848</timestamp>
			</report>
			<report>
				<misses>5851001</misses>
				<total>17</total>
				<timestamp>1987.351536</timestamp>
			</report>
			<report>
				<misses>5852001</misses>
				<total>17</total>
				<timestamp>1987.691193</timestamp>
			</report>
			<report>
				<misses>5853001</misses>
				<total>17</total>
				<timestamp>1988.030822</timestamp>
			</report>
			<report>
				<misses>5854001</misses>
				<total>17</total>
				<timestamp>1988.370599</timestamp>
			</report>
			<report>
				<misses>5855001</misses>
				<total>17</total>
				<timestamp>1988.710170</timestamp>
			</report>
			<report>
				<misses>5856001</misses>
				<total>17</total>
				<timestamp>1989.049849</timestamp>
			</report>
			<report>
				<misses>5857001</misses>
				<total>17</total>
				<timestamp>1989.389519</timestamp>
			</report>
			<report>
				<misses>5858001</misses>
				<total>17</total>
				<timestamp>1989.729131</timestamp>
			</report>
			<report>
				<misses>5859001</misses>
				<total>17</total>
				<timestamp>1990.068792</timestamp>
			</report>
			<report>
				<misses>5860001</misses>
				<total>17</total>
				<timestamp>1990.408512</timestamp>
			</report>
			<report>
				<misses>5861001</misses>
				<total>17</total>
				<timestamp>1990.748126</timestamp>
			</report>
			<report>
				<misses>5862001</misses>
				<total>17</total>
				<timestamp>1991.087784</timestamp>
			</report>
			<report>
				<misses>5863001</misses>
				<total>16</total>
				<timestamp>1991.427531</timestamp>
			</report>
			<report>
				<misses>5864001</misses>
				<total>17</total>
				<timestamp>1991.767129</timestamp>
			</report>
			<report>
				<misses>5865001</misses>
				<total>17</total>
				<timestamp>1992.106743</timestamp>
			</report>
			<report>
				<misses>5866001</misses>
				<total>16</total>
				<timestamp>1992.446546</timestamp>
			</report>
			<report>
				<misses>5867001</misses>
				<total>17</total>
				<timestamp>1992.786089</timestamp>
			</report>
			<report>
				<misses>5868001</misses>
				<total>17</total>
				<timestamp>1993.125731</timestamp>
			</report>
			<report>
				<misses>5869001</misses>
				<total>16</total>
				<timestamp>1993.465519</timestamp>
			</report>
			<report>
				<misses>5870001</misses>
				<total>17</total>
				<timestamp>1993.805057</timestamp>
			</report>
			<report>
				<misses>5871001</misses>
				<total>17</total>
				<timestamp>1994.144704</timestamp>
			</report>
			<report>
				<misses>5872001</misses>
				<total>16</total>
				<timestamp>1994.484505</timestamp>
			</report>
			<report>
				<misses>5873001</misses>
				<total>17</total>
				<timestamp>1994.824029</timestamp>
			</report>
			<report>
				<misses>5874001</misses>
				<total>17</total>
				<timestamp>1995.163702</timestamp>
			</report>
			<report>
				<misses>5875001</misses>
				<total>16</total>
				<timestamp>1995.503491</timestamp>
			</report>
			<report>
				<misses>5876001</misses>
				<total>17</total>
				<timestamp>1995.843064</timestamp>
			</report>
			<report>
				<misses>5877001</misses>
				<total>17</total>
				<timestamp>1996.182685</timestamp>
			</report>
			<report>
				<misses>5878001</misses>
				<total>17</total>
				<timestamp>1996.522347</timestamp>
			</report>
			<report>
				<misses>5879001</misses>
				<total>17</total>
				<timestamp>1996.861998</timestamp>
			</report>
			<report>
				<misses>5880001</misses>
				<total>17</total>
				<timestamp>1997.201671</timestamp>
			</report>
			<report>
				<misses>5881001</misses>
				<total>17</total>
				<timestamp>1997.541326</timestamp>
			</report>
			<report>
				<misses>5882001</misses>
				<total>17</total>
				<timestamp>1997.881014</timestamp>
			</report>
			<report>
				<misses>5883001</misses>
				<total>17</total>
				<timestamp>1998.220643</timestamp>
			</report>
			<report>
				<misses>5884001</misses>
				<total>17</total>
				<timestamp>1998.560385</timestamp>
			</report>
			<report>
				<misses>5885001</misses>
				<total>17</total>
				<timestamp>1998.900010</timestamp>
			</report>
			<report>
				<misses>5886001</misses>
				<total>17</total>
				<timestamp>1999.239622</timestamp>
			</report>
			<report>
				<misses>5887001</misses>
				<total>17</total>
				<timestamp>1999.579363</timestamp>
			</report>
			<report>
				<misses>5888001</misses>
				<total>17</total>
				<timestamp>1999.918954</timestamp>
			</report>
			<report>
				<misses>5889001</misses>
				<total>17</total>
				<timestamp>2000.258620</timestamp>
			</report>
			<report>
				<misses>5890001</misses>
				<total>17</total>
				<timestamp>2000.598333</timestamp>
			</report>
			<report>
				<misses>5891001</misses>
				<total>17</total>
				<timestamp>2000.937929</timestamp>
			</report>
			<report>
				<misses>5892001</misses>
				<total>17</total>
				<timestamp>2001.277581</timestamp>
			</report>
			<report>
				<misses>5893001</misses>
				<total>17</total>
				<timestamp>2001.617280</timestamp>
			</report>
			<report>
				<misses>5894001</misses>
				<total>17</total>
				<timestamp>2001.956893</timestamp>
			</report>
			<report>
				<misses>5895001</misses>
				<total>17</total>
				<timestamp>2002.296554</timestamp>
			</report>
			<report>
				<misses>5896001</misses>
				<total>16</total>
				<timestamp>2002.636360</timestamp>
			</report>
			<report>
				<misses>5897001</misses>
				<total>17</total>
				<timestamp>2002.975894</timestamp>
			</report>
			<report>
				<misses>5898001</misses>
				<total>17</total>
				<timestamp>2003.315541</timestamp>
			</report>
			<report>
				<misses>5899001</misses>
				<total>16</total>
				<timestamp>2003.655341</timestamp>
			</report>
			<report>
				<misses>5900001</misses>
				<total>17</total>
				<timestamp>2003.994895</timestamp>
			</report>
			<report>
				<misses>5901001</misses>
				<total>17</total>
				<timestamp>2004.334576</timestamp>
			</report>
			<report>
				<misses>5902001</misses>
				<total>16</total>
				<timestamp>2004.674347</timestamp>
			</report>
			<report>
				<misses>5903001</misses>
				<total>17</total>
				<timestamp>2005.013864</timestamp>
			</report>
			<report>
				<misses>5904001</misses>
				<total>17</total>
				<timestamp>2005.353570</timestamp>
			</report>
			<report>
				<misses>5905001</misses>
				<total>17</total>
				<timestamp>2005.693161</timestamp>
			</report>
			<report>
				<misses>5906001</misses>
				<total>17</total>
				<timestamp>2006.032812</timestamp>
			</report>
			<report>
				<misses>5907001</misses>
				<total>17</total>
				<timestamp>2006.372555</timestamp>
			</report>
			<report>
				<misses>5908001</misses>
				<total>17</total>
				<timestamp>2006.712150</timestamp>
			</report>
			<report>
				<misses>5909001</misses>
				<total>17</total>
				<timestamp>2007.051802</timestamp>
			</report>
			<report>
				<misses>5910001</misses>
				<total>16</total>
				<timestamp>2007.391562</timestamp>
			</report>
			<report>
				<misses>5911001</misses>
				<total>17</total>
				<timestamp>2007.731119</timestamp>
			</report>
			<report>
				<misses>5912001</misses>
				<total>17</total>
				<timestamp>2008.070778</timestamp>
			</report>
			<report>
				<misses>5913001</misses>
				<total>17</total>
				<timestamp>2008.410461</timestamp>
			</report>
			<report>
				<misses>5914001</misses>
				<total>17</total>
				<timestamp>2008.750102</timestamp>
			</report>
			<report>
				<misses>5915001</misses>
				<total>17</total>
				<timestamp>2009.089768</timestamp>
			</report>
			<report>
				<misses>5916001</misses>
				<total>16</total>
				<timestamp>2009.429530</timestamp>
			</report>
			<report>
				<misses>5917001</misses>
				<total>17</total>
				<timestamp>2009.769108</timestamp>
			</report>
			<report>
				<misses>5918001</misses>
				<total>17</total>
				<timestamp>2010.108749</timestamp>
			</report>
			<report>
				<misses>5919001</misses>
				<total>16</total>
				<timestamp>2010.448540</timestamp>
			</report>
			<report>
				<misses>5920001</misses>
				<total>17</total>
				<timestamp>2010.788110</timestamp>
			</report>
			<report>
				<misses>5921001</misses>
				<total>17</total>
				<timestamp>2011.127727</timestamp>
			</report>
			<report>
				<misses>5922001</misses>
				<total>17</total>
				<timestamp>2011.467391</timestamp>
			</report>
			<report>
				<misses>5923001</misses>
				<total>17</total>
				<timestamp>2011.807028</timestamp>
			</report>
			<report>
				<misses>5924001</misses>
				<total>17</total>
				<timestamp>2012.146689</timestamp>
			</report>
			<report>
				<misses>5925001</misses>
				<total>17</total>
				<timestamp>2012.486403</timestamp>
			</report>
			<report>
				<misses>5926001</misses>
				<total>16</total>
				<timestamp>2012.826161</timestamp>
			</report>
			<report>
				<misses>5927001</misses>
				<total>17</total>
				<timestamp>2013.165682</timestamp>
			</report>
			<report>
				<misses>5928001</misses>
				<total>17</total>
				<timestamp>2013.505387</timestamp>
			</report>
			<report>
				<misses>5929001</misses>
				<total>17</total>
				<timestamp>2013.845034</timestamp>
			</report>
			<report>
				<misses>5930001</misses>
				<total>17</total>
				<timestamp>2014.184665</timestamp>
			</report>
			<report>
				<misses>5931001</misses>
				<total>16</total>
				<timestamp>2014.524438</timestamp>
			</report>
			<report>
				<misses>5932001</misses>
				<total>17</total>
				<timestamp>2014.864006</timestamp>
			</report>
			<report>
				<misses>5933001</misses>
				<total>17</total>
				<timestamp>2015.203644</timestamp>
			</report>
			<report>
				<misses>5934001</misses>
				<total>17</total>
				<timestamp>2015.543374</timestamp>
			</report>
			<report>
				<misses>5935001</misses>
				<total>17</total>
				<timestamp>2015.882949</timestamp>
			</report>
			<report>
				<misses>5936001</misses>
				<total>17</total>
				<timestamp>2016.222613</timestamp>
			</report>
			<report>
				<misses>5937001</misses>
				<total>16</total>
				<timestamp>2016.562367</timestamp>
			</report>
			<report>
				<misses>5938001</misses>
				<total>17</total>
				<timestamp>2016.901925</timestamp>
			</report>
			<report>
				<misses>5939001</misses>
				<total>17</total>
				<timestamp>2017.241590</timestamp>
			</report>
			<report>
				<misses>5940001</misses>
				<total>16</total>
				<timestamp>2017.581361</timestamp>
			</report>
			<report>
				<misses>5941001</misses>
				<total>17</total>
				<timestamp>2017.920955</timestamp>
			</report>
			<report>
				<misses>5942001</misses>
				<total>17</total>
				<timestamp>2018.260604</timestamp>
			</report>
			<report>
				<misses>5943001</misses>
				<total>16</total>
				<timestamp>2018.600362</timestamp>
			</report>
			<report>
				<misses>5944001</misses>
				<total>17</total>
				<timestamp>2018.939930</timestamp>
			</report>
			<report>
				<misses>5945001</misses>
				<total>17</total>
				<timestamp>2019.279562</timestamp>
			</report>
			<report>
				<misses>5946001</misses>
				<total>17</total>
				<timestamp>2019.619306</timestamp>
			</report>
			<report>
				<misses>5947001</misses>
				<total>17</total>
				<timestamp>2019.958928</timestamp>
			</report>
			<report>
				<misses>5948001</misses>
				<total>17</total>
				<timestamp>2020.298532</timestamp>
			</report>
			<report>
				<misses>5949001</misses>
				<total>16</total>
				<timestamp>2020.638350</timestamp>
			</report>
			<report>
				<misses>5950001</misses>
				<total>17</total>
				<timestamp>2020.977871</timestamp>
			</report>
			<report>
				<misses>5951001</misses>
				<total>17</total>
				<timestamp>2021.317562</timestamp>
			</report>
			<report>
				<misses>5952001</misses>
				<total>17</total>
				<timestamp>2021.657227</timestamp>
			</report>
			<report>
				<misses>5953001</misses>
				<total>17</total>
				<timestamp>2021.996871</timestamp>
			</report>
			<report>
				<misses>5954001</misses>
				<total>17</total>
				<timestamp>2022.336521</timestamp>
			</report>
			<report>
				<misses>5955001</misses>
				<total>17</total>
				<timestamp>2022.676213</timestamp>
			</report>
			<report>
				<misses>5956001</misses>
				<total>17</total>
				<timestamp>2023.015833</timestamp>
			</report>
			<report>
				<misses>5957001</misses>
				<total>17</total>
				<timestamp>2023.355487</timestamp>
			</report>
			<report>
				<misses>5958001</misses>
				<total>17</total>
				<timestamp>2023.695195</timestamp>
			</report>
			<report>
				<misses>5959001</misses>
				<total>17</total>
				<timestamp>2024.034798</timestamp>
			</report>
			<report>
				<misses>5960001</misses>
				<total>17</total>
				<timestamp>2024.374467</timestamp>
			</report>
			<report>
				<misses>5961001</misses>
				<total>17</total>
				<timestamp>2024.714189</timestamp>
			</report>
			<report>
				<misses>5962001</misses>
				<total>17</total>
				<timestamp>2025.053776</timestamp>
			</report>
			<report>
				<misses>5963001</misses>
				<total>17</total>
				<timestamp>2025.393438</timestamp>
			</report>
			<report>
				<misses>5964001</misses>
				<total>16</total>
				<timestamp>2025.733209</timestamp>
			</report>
			<report>
				<misses>5965001</misses>
				<total>17</total>
				<timestamp>2026.072756</timestamp>
			</report>
			<report>
				<misses>5966001</misses>
				<total>17</total>
				<timestamp>2026.412423</timestamp>
			</report>
			<report>
				<misses>5967001</misses>
				<total>17</total>
				<timestamp>2026.752081</timestamp>
			</report>
			<report>
				<misses>5968001</misses>
				<total>17</total>
				<timestamp>2027.091733</timestamp>
			</report>
			<report>
				<misses>5969001</misses>
				<total>17</total>
				<timestamp>2027.431441</timestamp>
			</report>
			<report>
				<misses>5970001</misses>
				<total>16</total>
				<timestamp>2027.771193</timestamp>
			</report>
			<report>
				<misses>5971001</misses>
				<total>17</total>
				<timestamp>2028.110719</timestamp>
			</report>
			<report>
				<misses>5972001</misses>
				<total>17</total>
				<timestamp>2028.450405</timestamp>
			</report>
			<report>
				<misses>5973001</misses>
				<total>17</total>
				<timestamp>2028.790065</timestamp>
			</report>
			<report>
				<misses>5974001</misses>
				<total>17</total>
				<timestamp>2029.129695</timestamp>
			</report>
			<report>
				<misses>5975001</misses>
				<total>17</total>
				<timestamp>2029.469423</timestamp>
			</report>
			<report>
				<misses>5976001</misses>
				<total>17</total>
				<timestamp>2029.809018</timestamp>
			</report>
			<report>
				<misses>5977001</misses>
				<total>17</total>
				<timestamp>2030.148719</timestamp>
			</report>
			<report>
				<misses>5978001</misses>
				<total>17</total>
				<timestamp>2030.488425</timestamp>
			</report>
			<report>
				<misses>5979001</misses>
				<total>17</total>
				<timestamp>2030.828015</timestamp>
			</report>
			<report>
				<misses>5980001</misses>
				<total>17</total>
				<timestamp>2031.167653</timestamp>
			</report>
			<report>
				<misses>5981001</misses>
				<total>17</total>
				<timestamp>2031.507365</timestamp>
			</report>
			<report>
				<misses>5982001</misses>
				<total>17</total>
				<timestamp>2031.846985</timestamp>
			</report>
			<report>
				<misses>5983001</misses>
				<total>17</total>
				<timestamp>2032.186634</timestamp>
			</report>
			<report>
				<misses>5984001</misses>
				<total>17</total>
				<timestamp>2032.526329</timestamp>
			</report>
			<report>
				<misses>5985001</misses>
				<total>17</total>
				<timestamp>2032.865983</timestamp>
			</report>
			<report>
				<misses>5986001</misses>
				<total>17</total>
				<timestamp>2033.205646</timestamp>
			</report>
			<report>
				<misses>5987001</misses>
				<total>16</total>
				<timestamp>2033.545366</timestamp>
			</report>
			<report>
				<misses>5988001</misses>
				<total>17</total>
				<timestamp>2033.884954</timestamp>
			</report>
			<report>
				<misses>5989001</misses>
				<total>17</total>
				<timestamp>2034.224611</timestamp>
			</report>
			<report>
				<misses>5990001</misses>
				<total>17</total>
				<timestamp>2034.564333</timestamp>
			</report>
			<report>
				<misses>5991001</misses>
				<total>17</total>
				<timestamp>2034.903916</timestamp>
			</report>
			<report>
				<misses>5992001</misses>
				<total>17</total>
				<timestamp>2035.243582</timestamp>
			</report>
			<report>
				<misses>5993001</misses>
				<total>17</total>
				<timestamp>2035.583250</timestamp>
			</report>
			<report>
				<misses>5994001</misses>
				<total>17</total>
				<timestamp>2035.922961</timestamp>
			</report>
			<report>
				<misses>5995001</misses>
				<total>17</total>
				<timestamp>2036.262542</timestamp>
			</report>
			<report>
				<misses>5996001</misses>
				<total>17</total>
				<timestamp>2036.602225</timestamp>
			</report>
			<report>
				<misses>5997001</misses>
				<total>17</total>
				<timestamp>2036.941891</timestamp>
			</report>
			<report>
				<misses>5998001</misses>
				<total>17</total>
				<timestamp>2037.281565</timestamp>
			</report>
			<report>
				<misses>5999001</misses>
				<total>17</total>
				<timestamp>2037.621226</timestamp>
			</report>
			<report>
				<misses>6000001</misses>
				<total>17</total>
				<timestamp>2037.960854</timestamp>
			</report>
			<report>
				<misses>6001001</misses>
				<total>17</total>
				<timestamp>2038.300504</timestamp>
			</report>
			<report>
				<misses>6002001</misses>
				<total>17</total>
				<timestamp>2038.640227</timestamp>
			</report>
			<report>
				<misses>6003001</misses>
				<total>17</total>
				<timestamp>2038.979829</timestamp>
			</report>
			<report>
				<misses>6004001</misses>
				<total>17</total>
				<timestamp>2039.319497</timestamp>
			</report>
			<report>
				<misses>6005001</misses>
				<total>17</total>
				<timestamp>2039.659221</timestamp>
			</report>
			<report>
				<misses>6006001</misses>
				<total>17</total>
				<timestamp>2039.998835</timestamp>
			</report>
			<report>
				<misses>6007001</misses>
				<total>17</total>
				<timestamp>2040.338499</timestamp>
			</report>
			<report>
				<misses>6008001</misses>
				<total>17</total>
				<timestamp>2040.678205</timestamp>
			</report>
			<report>
				<misses>6009001</misses>
				<total>17</total>
				<timestamp>2041.017854</timestamp>
			</report>
			<report>
				<misses>6010001</misses>
				<total>17</total>
				<timestamp>2041.357472</timestamp>
			</report>
			<report>
				<misses>6011001</misses>
				<total>16</total>
				<timestamp>2041.697230</timestamp>
			</report>
			<report>
				<misses>6012001</misses>
				<total>17</total>
				<timestamp>2042.036776</timestamp>
			</report>
			<report>
				<misses>6013001</misses>
				<total>17</total>
				<timestamp>2042.376438</timestamp>
			</report>
			<report>
				<misses>6014001</misses>
				<total>17</total>
				<timestamp>2042.716168</timestamp>
			</report>
			<report>
				<misses>6015001</misses>
				<total>17</total>
				<timestamp>2043.055781</timestamp>
			</report>
			<report>
				<misses>6016001</misses>
				<total>17</total>
				<timestamp>2043.395452</timestamp>
			</report>
			<report>
				<misses>6017001</misses>
				<total>16</total>
				<timestamp>2043.735231</timestamp>
			</report>
			<report>
				<misses>6018001</misses>
				<total>17</total>
				<timestamp>2044.074745</timestamp>
			</report>
			<report>
				<misses>6019001</misses>
				<total>17</total>
				<timestamp>2044.414405</timestamp>
			</report>
			<report>
				<misses>6020001</misses>
				<total>17</total>
				<timestamp>2044.754077</timestamp>
			</report>
			<report>
				<misses>6021001</misses>
				<total>17</total>
				<timestamp>2045.093734</timestamp>
			</report>
			<report>
				<misses>6022001</misses>
				<total>17</total>
				<timestamp>2045.433366</timestamp>
			</report>
			<report>
				<misses>6023001</misses>
				<total>17</total>
				<timestamp>2045.773072</timestamp>
			</report>
			<report>
				<misses>6024001</misses>
				<total>17</total>
				<timestamp>2046.112712</timestamp>
			</report>
			<report>
				<misses>6025001</misses>
				<total>17</total>
				<timestamp>2046.452356</timestamp>
			</report>
			<report>
				<misses>6026001</misses>
				<total>17</total>
				<timestamp>2046.792042</timestamp>
			</report>
			<report>
				<misses>6027001</misses>
				<total>17</total>
				<timestamp>2047.131677</timestamp>
			</report>
			<report>
				<misses>6028001</misses>
				<total>17</total>
				<timestamp>2047.471357</timestamp>
			</report>
			<report>
				<misses>6029001</misses>
				<total>17</total>
				<timestamp>2047.811009</timestamp>
			</report>
			<report>
				<misses>6030001</misses>
				<total>17</total>
				<timestamp>2048.150663</timestamp>
			</report>
			<report>
				<misses>6031001</misses>
				<total>17</total>
				<timestamp>2048.490326</timestamp>
			</report>
			<report>
				<misses>6032001</misses>
				<total>17</total>
				<timestamp>2048.829985</timestamp>
			</report>
			<report>
				<misses>6033001</misses>
				<total>17</total>
				<timestamp>2049.169641</timestamp>
			</report>
			<report>
				<misses>6034001</misses>
				<total>17</total>
				<timestamp>2049.509314</timestamp>
			</report>
			<report>
				<misses>6035001</misses>
				<total>16</total>
				<timestamp>2049.849057</timestamp>
			</report>
			<report>
				<misses>6036001</misses>
				<total>17</total>
				<timestamp>2050.188607</timestamp>
			</report>
			<report>
				<misses>6037001</misses>
				<total>17</total>
				<timestamp>2050.528284</timestamp>
			</report>
			<report>
				<misses>6038001</misses>
				<total>17</total>
				<timestamp>2050.867951</timestamp>
			</report>
			<report>
				<misses>6039001</misses>
				<total>17</total>
				<timestamp>2051.207664</timestamp>
			</report>
			<report>
				<misses>6040001</misses>
				<total>17</total>
				<timestamp>2051.547279</timestamp>
			</report>
			<report>
				<misses>6041001</misses>
				<total>17</total>
				<timestamp>2051.886936</timestamp>
			</report>
			<report>
				<misses>6042001</misses>
				<total>17</total>
				<timestamp>2052.226588</timestamp>
			</report>
			<report>
				<misses>6043001</misses>
				<total>17</total>
				<timestamp>2052.566258</timestamp>
			</report>
			<report>
				<misses>6044001</misses>
				<total>16</total>
				<timestamp>2052.906047</timestamp>
			</report>
			<report>
				<misses>6045001</misses>
				<total>17</total>
				<timestamp>2053.245567</timestamp>
			</report>
			<report>
				<misses>6046001</misses>
				<total>17</total>
				<timestamp>2053.585228</timestamp>
			</report>
			<report>
				<misses>6047001</misses>
				<total>16</total>
				<timestamp>2053.925009</timestamp>
			</report>
			<report>
				<misses>6048001</misses>
				<total>17</total>
				<timestamp>2054.264530</timestamp>
			</report>
			<report>
				<misses>6049001</misses>
				<total>17</total>
				<timestamp>2054.604264</timestamp>
			</report>
			<report>
				<misses>6050001</misses>
				<total>16</total>
				<timestamp>2054.944008</timestamp>
			</report>
			<report>
				<misses>6051001</misses>
				<total>17</total>
				<timestamp>2055.283563</timestamp>
			</report>
			<report>
				<misses>6052001</misses>
				<total>16</total>
				<timestamp>2055.623270</timestamp>
			</report>
			<report>
				<misses>6053001</misses>
				<total>17</total>
				<timestamp>2055.962873</timestamp>
			</report>
			<report>
				<misses>6054001</misses>
				<total>17</total>
				<timestamp>2056.302494</timestamp>
			</report>
			<report>
				<misses>6055001</misses>
				<total>16</total>
				<timestamp>2056.642250</timestamp>
			</report>
			<report>
				<misses>6056001</misses>
				<total>17</total>
				<timestamp>2056.981839</timestamp>
			</report>
			<report>
				<misses>6057001</misses>
				<total>17</total>
				<timestamp>2057.321482</timestamp>
			</report>
			<report>
				<misses>6058001</misses>
				<total>17</total>
				<timestamp>2057.661142</timestamp>
			</report>
			<report>
				<misses>6059001</misses>
				<total>17</total>
				<timestamp>2058.000839</timestamp>
			</report>
			<report>
				<misses>6060001</misses>
				<total>17</total>
				<timestamp>2058.340455</timestamp>
			</report>
			<report>
				<misses>6061001</misses>
				<total>17</total>
				<timestamp>2058.680109</timestamp>
			</report>
			<report>
				<misses>6062001</misses>
				<total>17</total>
				<timestamp>2059.019777</timestamp>
			</report>
			<report>
				<misses>6063001</misses>
				<total>17</total>
				<timestamp>2059.359430</timestamp>
			</report>
			<report>
				<misses>6064001</misses>
				<total>16</total>
				<timestamp>2059.699220</timestamp>
			</report>
			<report>
				<misses>6065001</misses>
				<total>17</total>
				<timestamp>2060.038779</timestamp>
			</report>
			<report>
				<misses>6066001</misses>
				<total>17</total>
				<timestamp>2060.378423</timestamp>
			</report>
			<report>
				<misses>6067001</misses>
				<total>16</total>
				<timestamp>2060.718212</timestamp>
			</report>
			<report>
				<misses>6068001</misses>
				<total>17</total>
				<timestamp>2061.057737</timestamp>
			</report>
			<report>
				<misses>6069001</misses>
				<total>17</total>
				<timestamp>2061.397485</timestamp>
			</report>
			<report>
				<misses>6070001</misses>
				<total>17</total>
				<timestamp>2061.737094</timestamp>
			</report>
			<report>
				<misses>6071001</misses>
				<total>17</total>
				<timestamp>2062.076729</timestamp>
			</report>
			<report>
				<misses>6072001</misses>
				<total>17</total>
				<timestamp>2062.416398</timestamp>
			</report>
			<report>
				<misses>6073001</misses>
				<total>17</total>
				<timestamp>2062.756144</timestamp>
			</report>
			<report>
				<misses>6074001</misses>
				<total>17</total>
				<timestamp>2063.095756</timestamp>
			</report>
			<report>
				<misses>6075001</misses>
				<total>17</total>
				<timestamp>2063.435379</timestamp>
			</report>
			<report>
				<misses>6076001</misses>
				<total>16</total>
				<timestamp>2063.775143</timestamp>
			</report>
			<report>
				<misses>6077001</misses>
				<total>17</total>
				<timestamp>2064.114708</timestamp>
			</report>
			<report>
				<misses>6078001</misses>
				<total>17</total>
				<timestamp>2064.454375</timestamp>
			</report>
			<report>
				<misses>6079001</misses>
				<total>16</total>
				<timestamp>2064.794099</timestamp>
			</report>
			<report>
				<misses>6080001</misses>
				<total>17</total>
				<timestamp>2065.133679</timestamp>
			</report>
			<report>
				<misses>6081001</misses>
				<total>17</total>
				<timestamp>2065.473343</timestamp>
			</report>
			<report>
				<misses>6082001</misses>
				<total>16</total>
				<timestamp>2065.813063</timestamp>
			</report>
			<report>
				<misses>6083001</misses>
				<total>17</total>
				<timestamp>2066.152655</timestamp>
			</report>
			<report>
				<misses>6084001</misses>
				<total>17</total>
				<timestamp>2066.492316</timestamp>
			</report>
			<report>
				<misses>6085001</misses>
				<total>17</total>
				<timestamp>2066.831998</timestamp>
			</report>
			<report>
				<misses>6086001</misses>
				<total>17</total>
				<timestamp>2067.171614</timestamp>
			</report>
			<report>
				<misses>6087001</misses>
				<total>17</total>
				<timestamp>2067.511291</timestamp>
			</report>
			<report>
				<misses>6088001</misses>
				<total>16</total>
				<timestamp>2067.851041</timestamp>
			</report>
			<report>
				<misses>6089001</misses>
				<total>17</total>
				<timestamp>2068.190618</timestamp>
			</report>
			<report>
				<misses>6090001</misses>
				<total>17</total>
				<timestamp>2068.530290</timestamp>
			</report>
			<report>
				<misses>6091001</misses>
				<total>16</total>
				<timestamp>2068.870030</timestamp>
			</report>
			<report>
				<misses>6092001</misses>
				<total>17</total>
				<timestamp>2069.209577</timestamp>
			</report>
			<report>
				<misses>6093001</misses>
				<total>17</total>
				<timestamp>2069.549245</timestamp>
			</report>
			<report>
				<misses>6094001</misses>
				<total>17</total>
				<timestamp>2069.888924</timestamp>
			</report>
			<report>
				<misses>6095001</misses>
				<total>17</total>
				<timestamp>2070.228548</timestamp>
			</report>
			<report>
				<misses>6096001</misses>
				<total>17</total>
				<timestamp>2070.568204</timestamp>
			</report>
			<report>
				<misses>6097001</misses>
				<total>17</total>
				<timestamp>2070.907923</timestamp>
			</report>
			<report>
				<misses>6098001</misses>
				<total>17</total>
				<timestamp>2071.247540</timestamp>
			</report>
			<report>
				<misses>6099001</misses>
				<total>17</total>
				<timestamp>2071.587198</timestamp>
			</report>
			<report>
				<misses>6100001</misses>
				<total>17</total>
				<timestamp>2071.926849</timestamp>
			</report>
			<report>
				<misses>6101001</misses>
				<total>17</total>
				<timestamp>2072.266516</timestamp>
			</report>
			<report>
				<misses>6102001</misses>
				<total>17</total>
				<timestamp>2072.606194</timestamp>
			</report>
			<report>
				<misses>6103001</misses>
				<total>16</total>
				<timestamp>2072.945997</timestamp>
			</report>
			<report>
				<misses>6104001</misses>
				<total>17</total>
				<timestamp>2073.285503</timestamp>
			</report>
			<report>
				<misses>6105001</misses>
				<total>17</total>
				<timestamp>2073.625167</timestamp>
			</report>
			<report>
				<misses>6106001</misses>
				<total>17</total>
				<timestamp>2073.964920</timestamp>
			</report>
			<report>
				<misses>6107001</misses>
				<total>17</total>
				<timestamp>2074.304471</timestamp>
			</report>
			<report>
				<misses>6108001</misses>
				<total>17</total>
				<timestamp>2074.644148</timestamp>
			</report>
			<report>
				<misses>6109001</misses>
				<total>17</total>
				<timestamp>2074.983859</timestamp>
			</report>
			<report>
				<misses>6110001</misses>
				<total>17</total>
				<timestamp>2075.323466</timestamp>
			</report>
			<report>
				<misses>6111001</misses>
				<total>17</total>
				<timestamp>2075.663126</timestamp>
			</report>
			<report>
				<misses>6112001</misses>
				<total>16</total>
				<timestamp>2076.002876</timestamp>
			</report>
			<report>
				<misses>6113001</misses>
				<total>17</total>
				<timestamp>2076.342432</timestamp>
			</report>
			<report>
				<misses>6114001</misses>
				<total>17</total>
				<timestamp>2076.682130</timestamp>
			</report>
			<report>
				<misses>6115001</misses>
				<total>17</total>
				<timestamp>2077.021846</timestamp>
			</report>
			<report>
				<misses>6116001</misses>
				<total>17</total>
				<timestamp>2077.361431</timestamp>
			</report>
			<report>
				<misses>6117001</misses>
				<total>17</total>
				<timestamp>2077.701117</timestamp>
			</report>
			<report>
				<misses>6118001</misses>
				<total>16</total>
				<timestamp>2078.040892</timestamp>
			</report>
			<report>
				<misses>6119001</misses>
				<total>17</total>
				<timestamp>2078.380443</timestamp>
			</report>
			<report>
				<misses>6120001</misses>
				<total>17</total>
				<timestamp>2078.720084</timestamp>
			</report>
			<report>
				<misses>6121001</misses>
				<total>16</total>
				<timestamp>2079.059897</timestamp>
			</report>
			<report>
				<misses>6122001</misses>
				<total>17</total>
				<timestamp>2079.399404</timestamp>
			</report>
			<report>
				<misses>6123001</misses>
				<total>17</total>
				<timestamp>2079.739110</timestamp>
			</report>
			<report>
				<misses>6124001</misses>
				<total>17</total>
				<timestamp>2080.078722</timestamp>
			</report>
			<report>
				<misses>6125001</misses>
				<total>17</total>
				<timestamp>2080.418357</timestamp>
			</report>
			<report>
				<misses>6126001</misses>
				<total>16</total>
				<timestamp>2080.758118</timestamp>
			</report>
			<report>
				<misses>6127001</misses>
				<total>17</total>
				<timestamp>2081.097683</timestamp>
			</report>
			<report>
				<misses>6128001</misses>
				<total>17</total>
				<timestamp>2081.437338</timestamp>
			</report>
			<report>
				<misses>6129001</misses>
				<total>17</total>
				<timestamp>2081.777068</timestamp>
			</report>
			<report>
				<misses>6130001</misses>
				<total>17</total>
				<timestamp>2082.116659</timestamp>
			</report>
			<report>
				<misses>6131001</misses>
				<total>17</total>
				<timestamp>2082.456332</timestamp>
			</report>
			<report>
				<misses>6132001</misses>
				<total>16</total>
				<timestamp>2082.796067</timestamp>
			</report>
			<report>
				<misses>6133001</misses>
				<total>17</total>
				<timestamp>2083.135632</timestamp>
			</report>
			<report>
				<misses>6134001</misses>
				<total>17</total>
				<timestamp>2083.475313</timestamp>
			</report>
			<report>
				<misses>6135001</misses>
				<total>17</total>
				<timestamp>2083.815033</timestamp>
			</report>
			<report>
				<misses>6136001</misses>
				<total>17</total>
				<timestamp>2084.154639</timestamp>
			</report>
			<report>
				<misses>6137001</misses>
				<total>17</total>
				<timestamp>2084.494300</timestamp>
			</report>
			<report>
				<misses>6138001</misses>
				<total>17</total>
				<timestamp>2084.833949</timestamp>
			</report>
			<report>
				<misses>6139001</misses>
				<total>17</total>
				<timestamp>2085.173599</timestamp>
			</report>
			<report>
				<misses>6140001</misses>
				<total>17</total>
				<timestamp>2085.513261</timestamp>
			</report>
			<report>
				<misses>6141001</misses>
				<total>17</total>
				<timestamp>2085.852974</timestamp>
			</report>
			<report>
				<misses>6142001</misses>
				<total>17</total>
				<timestamp>2086.192591</timestamp>
			</report>
			<report>
				<misses>6143001</misses>
				<total>17</total>
				<timestamp>2086.532242</timestamp>
			</report>
			<report>
				<misses>6144001</misses>
				<total>17</total>
				<timestamp>2086.871911</timestamp>
			</report>
			<report>
				<misses>6145001</misses>
				<total>17</total>
				<timestamp>2087.211578</timestamp>
			</report>
			<report>
				<misses>6146001</misses>
				<total>17</total>
				<timestamp>2087.551223</timestamp>
			</report>
			<report>
				<misses>6147001</misses>
				<total>17</total>
				<timestamp>2087.890910</timestamp>
			</report>
			<report>
				<misses>6148001</misses>
				<total>17</total>
				<timestamp>2088.230530</timestamp>
			</report>
			<report>
				<misses>6149001</misses>
				<total>17</total>
				<timestamp>2088.570201</timestamp>
			</report>
			<report>
				<misses>6150001</misses>
				<total>17</total>
				<timestamp>2088.909876</timestamp>
			</report>
			<report>
				<misses>6151001</misses>
				<total>17</total>
				<timestamp>2089.249559</timestamp>
			</report>
			<report>
				<misses>6152001</misses>
				<total>17</total>
				<timestamp>2089.589191</timestamp>
			</report>
			<report>
				<misses>6153001</misses>
				<total>17</total>
				<timestamp>2089.928891</timestamp>
			</report>
			<report>
				<misses>6154001</misses>
				<total>17</total>
				<timestamp>2090.268500</timestamp>
			</report>
			<report>
				<misses>6155001</misses>
				<total>17</total>
				<timestamp>2090.608211</timestamp>
			</report>
			<report>
				<misses>6156001</misses>
				<total>16</total>
				<timestamp>2090.947912</timestamp>
			</report>
			<report>
				<misses>6157001</misses>
				<total>18</total>
				<timestamp>2091.287493</timestamp>
			</report>
			<report>
				<misses>6158001</misses>
				<total>18</total>
				<timestamp>2091.627137</timestamp>
			</report>
			<report>
				<misses>6159001</misses>
				<total>17</total>
				<timestamp>2091.966896</timestamp>
			</report>
			<report>
				<misses>6160001</misses>
				<total>18</total>
				<timestamp>2092.306472</timestamp>
			</report>
			<report>
				<misses>6161001</misses>
				<total>18</total>
				<timestamp>2092.646106</timestamp>
			</report>
			<report>
				<misses>6162001</misses>
				<total>17</total>
				<timestamp>2092.985889</timestamp>
			</report>
			<report>
				<misses>6163001</misses>
				<total>18</total>
				<timestamp>2093.325452</timestamp>
			</report>
			<report>
				<misses>6164001</misses>
				<total>18</total>
				<timestamp>2093.665110</timestamp>
			</report>
			<report>
				<misses>6165001</misses>
				<total>18</total>
				<timestamp>2094.004788</timestamp>
			</report>
			<report>
				<misses>6166001</misses>
				<total>18</total>
				<timestamp>2094.344430</timestamp>
			</report>
			<report>
				<misses>6167001</misses>
				<total>18</total>
				<timestamp>2094.684069</timestamp>
			</report>
			<report>
				<misses>6168001</misses>
				<total>18</total>
				<timestamp>2095.023760</timestamp>
			</report>
			<report>
				<misses>6169001</misses>
				<total>18</total>
				<timestamp>2095.363412</timestamp>
			</report>
			<report>
				<misses>6170001</misses>
				<total>18</total>
				<timestamp>2095.703100</timestamp>
			</report>
			<report>
				<misses>6171001</misses>
				<total>18</total>
				<timestamp>2096.042783</timestamp>
			</report>
			<report>
				<misses>6172001</misses>
				<total>18</total>
				<timestamp>2096.382391</timestamp>
			</report>
			<report>
				<misses>6173001</misses>
				<total>18</total>
				<timestamp>2096.722028</timestamp>
			</report>
			<report>
				<misses>6174001</misses>
				<total>18</total>
				<timestamp>2097.061711</timestamp>
			</report>
			<report>
				<misses>6175001</misses>
				<total>18</total>
				<timestamp>2097.401358</timestamp>
			</report>
			<report>
				<misses>6176001</misses>
				<total>18</total>
				<timestamp>2097.741017</timestamp>
			</report>
			<report>
				<misses>6177001</misses>
				<total>18</total>
				<timestamp>2098.080740</timestamp>
			</report>
			<report>
				<misses>6178001</misses>
				<total>17</total>
				<timestamp>2098.420428</timestamp>
			</report>
			<report>
				<misses>6179001</misses>
				<total>18</total>
				<timestamp>2098.760000</timestamp>
			</report>
			<report>
				<misses>6180001</misses>
				<total>17</total>
				<timestamp>2099.099743</timestamp>
			</report>
			<report>
				<misses>6181001</misses>
				<total>18</total>
				<timestamp>2099.439319</timestamp>
			</report>
			<report>
				<misses>6182001</misses>
				<total>18</total>
				<timestamp>2099.778994</timestamp>
			</report>
			<report>
				<misses>6183001</misses>
				<total>17</total>
				<timestamp>2100.118756</timestamp>
			</report>
			<report>
				<misses>6184001</misses>
				<total>18</total>
				<timestamp>2100.458318</timestamp>
			</report>
			<report>
				<misses>6185001</misses>
				<total>18</total>
				<timestamp>2100.797955</timestamp>
			</report>
			<report>
				<misses>6186001</misses>
				<total>18</total>
				<timestamp>2101.137697</timestamp>
			</report>
			<report>
				<misses>6187001</misses>
				<total>18</total>
				<timestamp>2101.477323</timestamp>
			</report>
			<report>
				<misses>6188001</misses>
				<total>18</total>
				<timestamp>2101.816947</timestamp>
			</report>
			<report>
				<misses>6189001</misses>
				<total>17</total>
				<timestamp>2102.156714</timestamp>
			</report>
			<report>
				<misses>6190001</misses>
				<total>18</total>
				<timestamp>2102.496285</timestamp>
			</report>
			<report>
				<misses>6191001</misses>
				<total>18</total>
				<timestamp>2102.835967</timestamp>
			</report>
			<report>
				<misses>6192001</misses>
				<total>17</total>
				<timestamp>2103.175720</timestamp>
			</report>
			<report>
				<misses>6193001</misses>
				<total>18</total>
				<timestamp>2103.515247</timestamp>
			</report>
			<report>
				<misses>6194001</misses>
				<total>18</total>
				<timestamp>2103.854945</timestamp>
			</report>
			<report>
				<misses>6195001</misses>
				<total>17</total>
				<timestamp>2104.194709</timestamp>
			</report>
			<report>
				<misses>6196001</misses>
				<total>18</total>
				<timestamp>2104.534211</timestamp>
			</report>
			<report>
				<misses>6197001</misses>
				<total>18</total>
				<timestamp>2104.873956</timestamp>
			</report>
			<report>
				<misses>6198001</misses>
				<total>17</total>
				<timestamp>2105.213692</timestamp>
			</report>
			<report>
				<misses>6199001</misses>
				<total>18</total>
				<timestamp>2105.553192</timestamp>
			</report>
			<report>
				<misses>6200001</misses>
				<total>18</total>
				<timestamp>2105.892923</timestamp>
			</report>
			<report>
				<misses>6201001</misses>
				<total>18</total>
				<timestamp>2106.232532</timestamp>
			</report>
			<report>
				<misses>6202001</misses>
				<total>18</total>
				<timestamp>2106.572191</timestamp>
			</report>
			<report>
				<misses>6203001</misses>
				<total>17</total>
				<timestamp>2106.911938</timestamp>
			</report>
			<report>
				<misses>6204001</misses>
				<total>18</total>
				<timestamp>2107.251497</timestamp>
			</report>
			<report>
				<misses>6205001</misses>
				<total>18</total>
				<timestamp>2107.591156</timestamp>
			</report>
			<report>
				<misses>6206001</misses>
				<total>17</total>
				<timestamp>2107.930915</timestamp>
			</report>
			<report>
				<misses>6207001</misses>
				<total>18</total>
				<timestamp>2108.270484</timestamp>
			</report>
			<report>
				<misses>6208001</misses>
				<total>18</total>
				<timestamp>2108.610139</timestamp>
			</report>
			<report>
				<misses>6209001</misses>
				<total>17</total>
				<timestamp>2108.949904</timestamp>
			</report>
			<report>
				<misses>6210001</misses>
				<total>18</total>
				<timestamp>2109.289477</timestamp>
			</report>
			<report>
				<misses>6211001</misses>
				<total>18</total>
				<timestamp>2109.629119</timestamp>
			</report>
			<report>
				<misses>6212001</misses>
				<total>18</total>
				<timestamp>2109.968776</timestamp>
			</report>
			<report>
				<misses>6213001</misses>
				<total>18</total>
				<timestamp>2110.308471</timestamp>
			</report>
			<report>
				<misses>6214001</misses>
				<total>18</total>
				<timestamp>2110.648088</timestamp>
			</report>
			<report>
				<misses>6215001</misses>
				<total>18</total>
				<timestamp>2110.987752</timestamp>
			</report>
			<report>
				<misses>6216001</misses>
				<total>18</total>
				<timestamp>2111.327474</timestamp>
			</report>
			<report>
				<misses>6217001</misses>
				<total>18</total>
				<timestamp>2111.667083</timestamp>
			</report>
			<report>
				<misses>6218001</misses>
				<total>18</total>
				<timestamp>2112.006771</timestamp>
			</report>
			<report>
				<misses>6219001</misses>
				<total>18</total>
				<timestamp>2112.346402</timestamp>
			</report>
			<report>
				<misses>6220001</misses>
				<total>18</total>
				<timestamp>2112.686075</timestamp>
			</report>
			<report>
				<misses>6221001</misses>
				<total>18</total>
				<timestamp>2113.025718</timestamp>
			</report>
			<report>
				<misses>6222001</misses>
				<total>18</total>
				<timestamp>2113.365364</timestamp>
			</report>
			<report>
				<misses>6223001</misses>
				<total>18</total>
				<timestamp>2113.705028</timestamp>
			</report>
			<report>
				<misses>6224001</misses>
				<total>18</total>
				<timestamp>2114.044716</timestamp>
			</report>
			<report>
				<misses>6225001</misses>
				<total>18</total>
				<timestamp>2114.384379</timestamp>
			</report>
			<report>
				<misses>6226001</misses>
				<total>18</total>
				<timestamp>2114.724022</timestamp>
			</report>
			<report>
				<misses>6227001</misses>
				<total>17</total>
				<timestamp>2115.063758</timestamp>
			</report>
			<report>
				<misses>6228001</misses>
				<total>18</total>
				<timestamp>2115.403368</timestamp>
			</report>
			<report>
				<misses>6229001</misses>
				<total>18</total>
				<timestamp>2115.743001</timestamp>
			</report>
			<report>
				<misses>6230001</misses>
				<total>17</total>
				<timestamp>2116.082752</timestamp>
			</report>
			<report>
				<misses>6231001</misses>
				<total>18</total>
				<timestamp>2116.422316</timestamp>
			</report>
			<report>
				<misses>6232001</misses>
				<total>18</total>
				<timestamp>2116.761966</timestamp>
			</report>
			<report>
				<misses>6233001</misses>
				<total>17</total>
				<timestamp>2117.101740</timestamp>
			</report>
			<report>
				<misses>6234001</misses>
				<total>18</total>
				<timestamp>2117.441290</timestamp>
			</report>
			<report>
				<misses>6235001</misses>
				<total>18</total>
				<timestamp>2117.780992</timestamp>
			</report>
			<report>
				<misses>6236001</misses>
				<total>17</total>
				<timestamp>2118.120734</timestamp>
			</report>
			<report>
				<misses>6237001</misses>
				<total>18</total>
				<timestamp>2118.460300</timestamp>
			</report>
			<report>
				<misses>6238001</misses>
				<total>18</total>
				<timestamp>2118.799948</timestamp>
			</report>
			<report>
				<misses>6239001</misses>
				<total>17</total>
				<timestamp>2119.139725</timestamp>
			</report>
			<report>
				<misses>6240001</misses>
				<total>18</total>
				<timestamp>2119.479273</timestamp>
			</report>
			<report>
				<misses>6241001</misses>
				<total>18</total>
				<timestamp>2119.818928</timestamp>
			</report>
			<report>
				<misses>6242001</misses>
				<total>18</total>
				<timestamp>2120.158639</timestamp>
			</report>
			<report>
				<misses>6243001</misses>
				<total>18</total>
				<timestamp>2120.498261</timestamp>
			</report>
			<report>
				<misses>6244001</misses>
				<total>18</total>
				<timestamp>2120.837904</timestamp>
			</report>
			<report>
				<misses>6245001</misses>
				<total>18</total>
				<timestamp>2121.177581</timestamp>
			</report>
			<report>
				<misses>6246001</misses>
				<total>18</total>
				<timestamp>2121.517250</timestamp>
			</report>
			<report>
				<misses>6247001</misses>
				<total>18</total>
				<timestamp>2121.856874</timestamp>
			</report>
			<report>
				<misses>6248001</misses>
				<total>17</total>
				<timestamp>2122.196637</timestamp>
			</report>
			<report>
				<misses>6249001</misses>
				<total>18</total>
				<timestamp>2122.536202</timestamp>
			</report>
			<report>
				<misses>6250001</misses>
				<total>18</total>
				<timestamp>2122.875846</timestamp>
			</report>
			<report>
				<misses>6251001</misses>
				<total>18</total>
				<timestamp>2123.215578</timestamp>
			</report>
			<report>
				<misses>6252001</misses>
				<total>18</total>
				<timestamp>2123.555165</timestamp>
			</report>
			<report>
				<misses>6253001</misses>
				<total>18</total>
				<timestamp>2123.894851</timestamp>
			</report>
			<report>
				<misses>6254001</misses>
				<total>18</total>
				<timestamp>2124.234589</timestamp>
			</report>
			<report>
				<misses>6255001</misses>
				<total>18</total>
				<timestamp>2124.574169</timestamp>
			</report>
			<report>
				<misses>6256001</misses>
				<total>18</total>
				<timestamp>2124.913816</timestamp>
			</report>
			<report>
				<misses>6257001</misses>
				<total>18</total>
				<timestamp>2125.253549</timestamp>
			</report>
			<report>
				<misses>6258001</misses>
				<total>18</total>
				<timestamp>2125.593139</timestamp>
			</report>
			<report>
				<misses>6259001</misses>
				<total>18</total>
				<timestamp>2125.932804</timestamp>
			</report>
			<report>
				<misses>6260001</misses>
				<total>18</total>
				<timestamp>2126.272536</timestamp>
			</report>
			<report>
				<misses>6261001</misses>
				<total>18</total>
				<timestamp>2126.612126</timestamp>
			</report>
			<report>
				<misses>6262001</misses>
				<total>18</total>
				<timestamp>2126.951769</timestamp>
			</report>
			<report>
				<misses>6263001</misses>
				<total>18</total>
				<timestamp>2127.291458</timestamp>
			</report>
			<report>
				<misses>6264001</misses>
				<total>18</total>
				<timestamp>2127.631098</timestamp>
			</report>
			<report>
				<misses>6265001</misses>
				<total>18</total>
				<timestamp>2127.970766</timestamp>
			</report>
			<report>
				<misses>6266001</misses>
				<total>18</total>
				<timestamp>2128.310459</timestamp>
			</report>
			<report>
				<misses>6267001</misses>
				<total>18</total>
				<timestamp>2128.650071</timestamp>
			</report>
			<report>
				<misses>6268001</misses>
				<total>18</total>
				<timestamp>2128.989788</timestamp>
			</report>
			<report>
				<misses>6269001</misses>
				<total>17</total>
				<timestamp>2129.329558</timestamp>
			</report>
			<report>
				<misses>6270001</misses>
				<total>18</total>
				<timestamp>2129.669048</timestamp>
			</report>
			<report>
				<misses>6271001</misses>
				<total>17</total>
				<timestamp>2130.008804</timestamp>
			</report>
			<report>
				<misses>6272001</misses>
				<total>18</total>
				<timestamp>2130.348439</timestamp>
			</report>
			<report>
				<misses>6273001</misses>
				<total>18</total>
				<timestamp>2130.688109</timestamp>
			</report>
			<report>
				<misses>6274001</misses>
				<total>17</total>
				<timestamp>2131.027780</timestamp>
			</report>
			<report>
				<misses>6275001</misses>
				<total>18</total>
				<timestamp>2131.367366</timestamp>
			</report>
			<report>
				<misses>6276001</misses>
				<total>18</total>
				<timestamp>2131.707009</timestamp>
			</report>
			<report>
				<misses>6277001</misses>
				<total>17</total>
				<timestamp>2132.046769</timestamp>
			</report>
			<report>
				<misses>6278001</misses>
				<total>18</total>
				<timestamp>2132.386357</timestamp>
			</report>
			<report>
				<misses>6279001</misses>
				<total>18</total>
				<timestamp>2132.725998</timestamp>
			</report>
			<report>
				<misses>6280001</misses>
				<total>17</total>
				<timestamp>2133.065758</timestamp>
			</report>
			<report>
				<misses>6281001</misses>
				<total>18</total>
				<timestamp>2133.405339</timestamp>
			</report>
			<report>
				<misses>6282001</misses>
				<total>18</total>
				<timestamp>2133.744990</timestamp>
			</report>
			<report>
				<misses>6283001</misses>
				<total>17</total>
				<timestamp>2134.084749</timestamp>
			</report>
			<report>
				<misses>6284001</misses>
				<total>18</total>
				<timestamp>2134.424294</timestamp>
			</report>
			<report>
				<misses>6285001</misses>
				<total>18</total>
				<timestamp>2134.763962</timestamp>
			</report>
			<report>
				<misses>6286001</misses>
				<total>18</total>
				<timestamp>2135.103638</timestamp>
			</report>
			<report>
				<misses>6287001</misses>
				<total>18</total>
				<timestamp>2135.443312</timestamp>
			</report>
			<report>
				<misses>6288001</misses>
				<total>18</total>
				<timestamp>2135.782943</timestamp>
			</report>
			<report>
				<misses>6289001</misses>
				<total>18</total>
				<timestamp>2136.122632</timestamp>
			</report>
			<report>
				<misses>6290001</misses>
				<total>18</total>
				<timestamp>2136.462314</timestamp>
			</report>
			<report>
				<misses>6291001</misses>
				<total>18</total>
				<timestamp>2136.801918</timestamp>
			</report>
			<report>
				<misses>6292001</misses>
				<total>18</total>
				<timestamp>2137.141620</timestamp>
			</report>
			<report>
				<misses>6293001</misses>
				<total>18</total>
				<timestamp>2137.481253</timestamp>
			</report>
			<report>
				<misses>6294001</misses>
				<total>18</total>
				<timestamp>2137.820916</timestamp>
			</report>
			<report>
				<misses>6295001</misses>
				<total>18</total>
				<timestamp>2138.160595</timestamp>
			</report>
			<report>
				<misses>6296001</misses>
				<total>18</total>
				<timestamp>2138.500223</timestamp>
			</report>
			<report>
				<misses>6297001</misses>
				<total>18</total>
				<timestamp>2138.839871</timestamp>
			</report>
			<report>
				<misses>6298001</misses>
				<total>18</total>
				<timestamp>2139.179606</timestamp>
			</report>
			<report>
				<misses>6299001</misses>
				<total>18</total>
				<timestamp>2139.519198</timestamp>
			</report>
			<report>
				<misses>6300001</misses>
				<total>18</total>
				<timestamp>2139.858875</timestamp>
			</report>
			<report>
				<misses>6301001</misses>
				<total>18</total>
				<timestamp>2140.198550</timestamp>
			</report>
			<report>
				<misses>6302001</misses>
				<total>18</total>
				<timestamp>2140.538182</timestamp>
			</report>
			<report>
				<misses>6303001</misses>
				<total>18</total>
				<timestamp>2140.877840</timestamp>
			</report>
			<report>
				<misses>6304001</misses>
				<total>18</total>
				<timestamp>2141.217519</timestamp>
			</report>
			<report>
				<misses>6305001</misses>
				<total>18</total>
				<timestamp>2141.557161</timestamp>
			</report>
			<report>
				<misses>6306001</misses>
				<total>18</total>
				<timestamp>2141.896838</timestamp>
			</report>
			<report>
				<misses>6307001</misses>
				<total>18</total>
				<timestamp>2142.236479</timestamp>
			</report>
			<report>
				<misses>6308001</misses>
				<total>18</total>
				<timestamp>2142.576153</timestamp>
			</report>
			<report>
				<misses>6309001</misses>
				<total>18</total>
				<timestamp>2142.915791</timestamp>
			</report>
			<report>
				<misses>6310001</misses>
				<total>18</total>
				<timestamp>2143.255502</timestamp>
			</report>
			<report>
				<misses>6311001</misses>
				<total>18</total>
				<timestamp>2143.595125</timestamp>
			</report>
			<report>
				<misses>6312001</misses>
				<total>18</total>
				<timestamp>2143.934791</timestamp>
			</report>
			<report>
				<misses>6313001</misses>
				<total>17</total>
				<timestamp>2144.274586</timestamp>
			</report>
			<report>
				<misses>6314001</misses>
				<total>18</total>
				<timestamp>2144.614098</timestamp>
			</report>
			<report>
				<misses>6315001</misses>
				<total>18</total>
				<timestamp>2144.953781</timestamp>
			</report>
			<report>
				<misses>6316001</misses>
				<total>18</total>
				<timestamp>2145.293465</timestamp>
			</report>
			<report>
				<misses>6317001</misses>
				<total>18</total>
				<timestamp>2145.633083</timestamp>
			</report>
			<report>
				<misses>6318001</misses>
				<total>18</total>
				<timestamp>2145.972748</timestamp>
			</report>
			<report>
				<misses>6319001</misses>
				<total>18</total>
				<timestamp>2146.312454</timestamp>
			</report>
			<report>
				<misses>6320001</misses>
				<total>18</total>
				<timestamp>2146.652086</timestamp>
			</report>
			<report>
				<misses>6321001</misses>
				<total>18</total>
				<timestamp>2146.991719</timestamp>
			</report>
			<report>
				<misses>6322001</misses>
				<total>18</total>
				<timestamp>2147.331451</timestamp>
			</report>
			<report>
				<misses>6323001</misses>
				<total>18</total>
				<timestamp>2147.671083</timestamp>
			</report>
			<report>
				<misses>6324001</misses>
				<total>18</total>
				<timestamp>2148.010695</timestamp>
			</report>
			<report>
				<misses>6325001</misses>
				<total>18</total>
				<timestamp>2148.350368</timestamp>
			</report>
			<report>
				<misses>6326001</misses>
				<total>18</total>
				<timestamp>2148.690010</timestamp>
			</report>
			<report>
				<misses>6327001</misses>
				<total>18</total>
				<timestamp>2149.029668</timestamp>
			</report>
			<report>
				<misses>6328001</misses>
				<total>17</total>
				<timestamp>2149.369460</timestamp>
			</report>
			<report>
				<misses>6329001</misses>
				<total>18</total>
				<timestamp>2149.708998</timestamp>
			</report>
			<report>
				<misses>6330001</misses>
				<total>18</total>
				<timestamp>2150.048668</timestamp>
			</report>
			<report>
				<misses>6331001</misses>
				<total>17</total>
				<timestamp>2150.388453</timestamp>
			</report>
			<report>
				<misses>6332001</misses>
				<total>18</total>
				<timestamp>2150.727999</timestamp>
			</report>
			<report>
				<misses>6333001</misses>
				<total>18</total>
				<timestamp>2151.067671</timestamp>
			</report>
			<report>
				<misses>6334001</misses>
				<total>17</total>
				<timestamp>2151.407411</timestamp>
			</report>
			<report>
				<misses>6335001</misses>
				<total>18</total>
				<timestamp>2151.746966</timestamp>
			</report>
			<report>
				<misses>6336001</misses>
				<total>18</total>
				<timestamp>2152.086653</timestamp>
			</report>
			<report>
				<misses>6337001</misses>
				<total>17</total>
				<timestamp>2152.426434</timestamp>
			</report>
			<report>
				<misses>6338001</misses>
				<total>18</total>
				<timestamp>2152.765931</timestamp>
			</report>
			<report>
				<misses>6339001</misses>
				<total>18</total>
				<timestamp>2153.105663</timestamp>
			</report>
			<report>
				<misses>6340001</misses>
				<total>17</total>
				<timestamp>2153.445415</timestamp>
			</report>
			<report>
				<misses>6341001</misses>
				<total>18</total>
				<timestamp>2153.784906</timestamp>
			</report>
			<report>
				<misses>6342001</misses>
				<total>18</total>
				<timestamp>2154.124638</timestamp>
			</report>
			<report>
				<misses>6343001</misses>
				<total>17</total>
				<timestamp>2154.464406</timestamp>
			</report>
			<report>
				<misses>6344001</misses>
				<total>18</total>
				<timestamp>2154.803887</timestamp>
			</report>
			<report>
				<misses>6345001</misses>
				<total>18</total>
				<timestamp>2155.143605</timestamp>
			</report>
			<report>
				<misses>6346001</misses>
				<total>17</total>
				<timestamp>2155.483401</timestamp>
			</report>
			<report>
				<misses>6347001</misses>
				<total>18</total>
				<timestamp>2155.822899</timestamp>
			</report>
			<report>
				<misses>6348001</misses>
				<total>17</total>
				<timestamp>2156.162617</timestamp>
			</report>
			<report>
				<misses>6349001</misses>
				<total>18</total>
				<timestamp>2156.502206</timestamp>
			</report>
			<report>
				<misses>6350001</misses>
				<total>18</total>
				<timestamp>2156.841847</timestamp>
			</report>
			<report>
				<misses>6351001</misses>
				<total>18</total>
				<timestamp>2157.181514</timestamp>
			</report>
			<report>
				<misses>6352001</misses>
				<total>18</total>
				<timestamp>2157.521168</timestamp>
			</report>
			<report>
				<misses>6353001</misses>
				<total>18</total>
				<timestamp>2157.860848</timestamp>
			</report>
			<report>
				<misses>6354001</misses>
				<total>17</total>
				<timestamp>2158.200601</timestamp>
			</report>
			<report>
				<misses>6355001</misses>
				<total>18</total>
				<timestamp>2158.540153</timestamp>
			</report>
			<report>
				<misses>6356001</misses>
				<total>18</total>
				<timestamp>2158.879805</timestamp>
			</report>
			<report>
				<misses>6357001</misses>
				<total>18</total>
				<timestamp>2159.219474</timestamp>
			</report>
			<report>
				<misses>6358001</misses>
				<total>18</total>
				<timestamp>2159.559132</timestamp>
			</report>
			<report>
				<misses>6359001</misses>
				<total>18</total>
				<timestamp>2159.898791</timestamp>
			</report>
			<report>
				<misses>6360001</misses>
				<total>17</total>
				<timestamp>2160.238621</timestamp>
			</report>
			<report>
				<misses>6361001</misses>
				<total>18</total>
				<timestamp>2160.578138</timestamp>
			</report>
			<report>
				<misses>6362001</misses>
				<total>18</total>
				<timestamp>2160.917771</timestamp>
			</report>
			<report>
				<misses>6363001</misses>
				<total>18</total>
				<timestamp>2161.257465</timestamp>
			</report>
			<report>
				<misses>6364001</misses>
				<total>18</total>
				<timestamp>2161.597097</timestamp>
			</report>
			<report>
				<misses>6365001</misses>
				<total>18</total>
				<timestamp>2161.936774</timestamp>
			</report>
			<report>
				<misses>6366001</misses>
				<total>18</total>
				<timestamp>2162.276479</timestamp>
			</report>
			<report>
				<misses>6367001</misses>
				<total>18</total>
				<timestamp>2162.616084</timestamp>
			</report>
			<report>
				<misses>6368001</misses>
				<total>18</total>
				<timestamp>2162.955744</timestamp>
			</report>
			<report>
				<misses>6369001</misses>
				<total>18</total>
				<timestamp>2163.295477</timestamp>
			</report>
			<report>
				<misses>6370001</misses>
				<total>18</total>
				<timestamp>2163.635049</timestamp>
			</report>
			<report>
				<misses>6371001</misses>
				<total>18</total>
				<timestamp>2163.974726</timestamp>
			</report>
			<report>
				<misses>6372001</misses>
				<total>18</total>
				<timestamp>2164.314465</timestamp>
			</report>
			<report>
				<misses>6373001</misses>
				<total>18</total>
				<timestamp>2164.654024</timestamp>
			</report>
			<report>
				<misses>6374001</misses>
				<total>18</total>
				<timestamp>2164.993689</timestamp>
			</report>
			<report>
				<misses>6375001</misses>
				<total>17</total>
				<timestamp>2165.333450</timestamp>
			</report>
			<report>
				<misses>6376001</misses>
				<total>18</total>
				<timestamp>2165.673032</timestamp>
			</report>
			<report>
				<misses>6377001</misses>
				<total>18</total>
				<timestamp>2166.012684</timestamp>
			</report>
			<report>
				<misses>6378001</misses>
				<total>17</total>
				<timestamp>2166.352449</timestamp>
			</report>
			<report>
				<misses>6379001</misses>
				<total>18</total>
				<timestamp>2166.692004</timestamp>
			</report>
			<report>
				<misses>6380001</misses>
				<total>18</total>
				<timestamp>2167.031671</timestamp>
			</report>
			<report>
				<misses>6381001</misses>
				<total>17</total>
				<timestamp>2167.371436</timestamp>
			</report>
			<report>
				<misses>6382001</misses>
				<total>18</total>
				<timestamp>2167.710989</timestamp>
			</report>
			<report>
				<misses>6383001</misses>
				<total>18</total>
				<timestamp>2168.050626</timestamp>
			</report>
			<report>
				<misses>6384001</misses>
				<total>17</total>
				<timestamp>2168.390421</timestamp>
			</report>
			<report>
				<misses>6385001</misses>
				<total>18</total>
				<timestamp>2168.729963</timestamp>
			</report>
			<report>
				<misses>6386001</misses>
				<total>18</total>
				<timestamp>2169.069626</timestamp>
			</report>
			<report>
				<misses>6387001</misses>
				<total>18</total>
				<timestamp>2169.409357</timestamp>
			</report>
			<report>
				<misses>6388001</misses>
				<total>18</total>
				<timestamp>2169.748935</timestamp>
			</report>
			<report>
				<misses>6389001</misses>
				<total>18</total>
				<timestamp>2170.088619</timestamp>
			</report>
			<report>
				<misses>6390001</misses>
				<total>18</total>
				<timestamp>2170.428310</timestamp>
			</report>
			<report>
				<misses>6391001</misses>
				<total>18</total>
				<timestamp>2170.767920</timestamp>
			</report>
			<report>
				<misses>6392001</misses>
				<total>18</total>
				<timestamp>2171.107583</timestamp>
			</report>
			<report>
				<misses>6393001</misses>
				<total>18</total>
				<timestamp>2171.447292</timestamp>
			</report>
			<report>
				<misses>6394001</misses>
				<total>18</total>
				<timestamp>2171.786902</timestamp>
			</report>
			<report>
				<misses>6395001</misses>
				<total>18</total>
				<timestamp>2172.126583</timestamp>
			</report>
			<report>
				<misses>6396001</misses>
				<total>18</total>
				<timestamp>2172.466315</timestamp>
			</report>
			<report>
				<misses>6397001</misses>
				<total>18</total>
				<timestamp>2172.805873</timestamp>
			</report>
			<report>
				<misses>6398001</misses>
				<total>18</total>
				<timestamp>2173.145534</timestamp>
			</report>
			<report>
				<misses>6399001</misses>
				<total>18</total>
				<timestamp>2173.485219</timestamp>
			</report>
			<report>
				<misses>6400001</misses>
				<total>18</total>
				<timestamp>2173.824869</timestamp>
			</report>
			<report>
				<misses>6401001</misses>
				<total>18</total>
				<timestamp>2174.164579</timestamp>
			</report>
			<report>
				<misses>6402001</misses>
				<total>17</total>
				<timestamp>2174.504282</timestamp>
			</report>
			<report>
				<misses>6403001</misses>
				<total>18</total>
				<timestamp>2174.843832</timestamp>
			</report>
			<report>
				<misses>6404001</misses>
				<total>18</total>
				<timestamp>2175.183499</timestamp>
			</report>
			<report>
				<misses>6405001</misses>
				<total>17</total>
				<timestamp>2175.523262</timestamp>
			</report>
			<report>
				<misses>6406001</misses>
				<total>18</total>
				<timestamp>2175.862826</timestamp>
			</report>
			<report>
				<misses>6407001</misses>
				<total>18</total>
				<timestamp>2176.202484</timestamp>
			</report>
			<report>
				<misses>6408001</misses>
				<total>17</total>
				<timestamp>2176.542257</timestamp>
			</report>
			<report>
				<misses>6409001</misses>
				<total>18</total>
				<timestamp>2176.881790</timestamp>
			</report>
			<report>
				<misses>6410001</misses>
				<total>18</total>
				<timestamp>2177.221503</timestamp>
			</report>
			<report>
				<misses>6411001</misses>
				<total>17</total>
				<timestamp>2177.561258</timestamp>
			</report>
			<report>
				<misses>6412001</misses>
				<total>18</total>
				<timestamp>2177.900767</timestamp>
			</report>
			<report>
				<misses>6413001</misses>
				<total>18</total>
				<timestamp>2178.240469</timestamp>
			</report>
			<report>
				<misses>6414001</misses>
				<total>18</total>
				<timestamp>2178.580099</timestamp>
			</report>
			<report>
				<misses>6415001</misses>
				<total>18</total>
				<timestamp>2178.919758</timestamp>
			</report>
			<report>
				<misses>6416001</misses>
				<total>17</total>
				<timestamp>2179.259455</timestamp>
			</report>
			<report>
				<misses>6417001</misses>
				<total>18</total>
				<timestamp>2179.599103</timestamp>
			</report>
			<report>
				<misses>6418001</misses>
				<total>18</total>
				<timestamp>2179.938742</timestamp>
			</report>
			<report>
				<misses>6419001</misses>
				<total>17</total>
				<timestamp>2180.278488</timestamp>
			</report>
			<report>
				<misses>6420001</misses>
				<total>17</total>
				<timestamp>2180.618248</timestamp>
			</report>
			<report>
				<misses>6421001</misses>
				<total>18</total>
				<timestamp>2180.957719</timestamp>
			</report>
			<report>
				<misses>6422001</misses>
				<total>17</total>
				<timestamp>2181.297484</timestamp>
			</report>
			<report>
				<misses>6423001</misses>
				<total>18</total>
				<timestamp>2181.637046</timestamp>
			</report>
			<report>
				<misses>6424001</misses>
				<total>17</total>
				<timestamp>2181.976813</timestamp>
			</report>
			<report>
				<misses>6425001</misses>
				<total>17</total>
				<timestamp>2182.316468</timestamp>
			</report>
			<report>
				<misses>6426001</misses>
				<total>18</total>
				<timestamp>2182.656019</timestamp>
			</report>
			<report>
				<misses>6427001</misses>
				<total>18</total>
				<timestamp>2182.995691</timestamp>
			</report>
			<report>
				<misses>6428001</misses>
				<total>18</total>
				<timestamp>2183.335358</timestamp>
			</report>
			<report>
				<misses>6429001</misses>
				<total>18</total>
				<timestamp>2183.674993</timestamp>
			</report>
			<report>
				<misses>6430001</misses>
				<total>18</total>
				<timestamp>2184.014656</timestamp>
			</report>
			<report>
				<misses>6431001</misses>
				<total>18</total>
				<timestamp>2184.354325</timestamp>
			</report>
			<report>
				<misses>6432001</misses>
				<total>18</total>
				<timestamp>2184.693979</timestamp>
			</report>
			<report>
				<misses>6433001</misses>
				<total>18</total>
				<timestamp>2185.033647</timestamp>
			</report>
			<report>
				<misses>6434001</misses>
				<total>18</total>
				<timestamp>2185.373330</timestamp>
			</report>
			<report>
				<misses>6435001</misses>
				<total>18</total>
				<timestamp>2185.712952</timestamp>
			</report>
			<report>
				<misses>6436001</misses>
				<total>18</total>
				<timestamp>2186.052624</timestamp>
			</report>
			<report>
				<misses>6437001</misses>
				<total>18</total>
				<timestamp>2186.392361</timestamp>
			</report>
			<report>
				<misses>6438001</misses>
				<total>18</total>
				<timestamp>2186.731931</timestamp>
			</report>
			<report>
				<misses>6439001</misses>
				<total>18</total>
				<timestamp>2187.071610</timestamp>
			</report>
			<report>
				<misses>6440001</misses>
				<total>18</total>
				<timestamp>2187.411319</timestamp>
			</report>
			<report>
				<misses>6441001</misses>
				<total>18</total>
				<timestamp>2187.750917</timestamp>
			</report>
			<report>
				<misses>6442001</misses>
				<total>18</total>
				<timestamp>2188.090572</timestamp>
			</report>
			<report>
				<misses>6443001</misses>
				<total>18</total>
				<timestamp>2188.430268</timestamp>
			</report>
			<report>
				<misses>6444001</misses>
				<total>18</total>
				<timestamp>2188.769885</timestamp>
			</report>
			<report>
				<misses>6445001</misses>
				<total>18</total>
				<timestamp>2189.109560</timestamp>
			</report>
			<report>
				<misses>6446001</misses>
				<total>17</total>
				<timestamp>2189.449312</timestamp>
			</report>
			<report>
				<misses>6447001</misses>
				<total>18</total>
				<timestamp>2189.788877</timestamp>
			</report>
			<report>
				<misses>6448001</misses>
				<total>18</total>
				<timestamp>2190.128576</timestamp>
			</report>
			<report>
				<misses>6449001</misses>
				<total>18</total>
				<timestamp>2190.468272</timestamp>
			</report>
			<report>
				<misses>6450001</misses>
				<total>18</total>
				<timestamp>2190.807879</timestamp>
			</report>
			<report>
				<misses>6451001</misses>
				<total>18</total>
				<timestamp>2191.147518</timestamp>
			</report>
			<report>
				<misses>6452001</misses>
				<total>17</total>
				<timestamp>2191.487278</timestamp>
			</report>
			<report>
				<misses>6453001</misses>
				<total>18</total>
				<timestamp>2191.826852</timestamp>
			</report>
			<report>
				<misses>6454001</misses>
				<total>18</total>
				<timestamp>2192.166479</timestamp>
			</report>
			<report>
				<misses>6455001</misses>
				<total>18</total>
				<timestamp>2192.506154</timestamp>
			</report>
			<report>
				<misses>6456001</misses>
				<total>18</total>
				<timestamp>2192.845812</timestamp>
			</report>
			<report>
				<misses>6457001</misses>
				<total>18</total>
				<timestamp>2193.185490</timestamp>
			</report>
			<report>
				<misses>6458001</misses>
				<total>17</total>
				<timestamp>2193.525289</timestamp>
			</report>
			<report>
				<misses>6459001</misses>
				<total>18</total>
				<timestamp>2193.864813</timestamp>
			</report>
			<report>
				<misses>6460001</misses>
				<total>18</total>
				<timestamp>2194.204450</timestamp>
			</report>
			<report>
				<misses>6461001</misses>
				<total>17</total>
				<timestamp>2194.544251</timestamp>
			</report>
			<report>
				<misses>6462001</misses>
				<total>18</total>
				<timestamp>2194.883793</timestamp>
			</report>
			<report>
				<misses>6463001</misses>
				<total>18</total>
				<timestamp>2195.223464</timestamp>
			</report>
			<report>
				<misses>6464001</misses>
				<total>17</total>
				<timestamp>2195.563256</timestamp>
			</report>
			<report>
				<misses>6465001</misses>
				<total>18</total>
				<timestamp>2195.902772</timestamp>
			</report>
			<report>
				<misses>6466001</misses>
				<total>18</total>
				<timestamp>2196.242429</timestamp>
			</report>
			<report>
				<misses>6467001</misses>
				<total>18</total>
				<timestamp>2196.582160</timestamp>
			</report>
			<report>
				<misses>6468001</misses>
				<total>18</total>
				<timestamp>2196.921738</timestamp>
			</report>
			<report>
				<misses>6469001</misses>
				<total>18</total>
				<timestamp>2197.261435</timestamp>
			</report>
			<report>
				<misses>6470001</misses>
				<total>18</total>
				<timestamp>2197.601141</timestamp>
			</report>
			<report>
				<misses>6471001</misses>
				<total>18</total>
				<timestamp>2197.940718</timestamp>
			</report>
			<report>
				<misses>6472001</misses>
				<total>18</total>
				<timestamp>2198.280405</timestamp>
			</report>
			<report>
				<misses>6473001</misses>
				<total>18</total>
				<timestamp>2198.620119</timestamp>
			</report>
			<report>
				<misses>6474001</misses>
				<total>18</total>
				<timestamp>2198.959741</timestamp>
			</report>
			<report>
				<misses>6475001</misses>
				<total>18</total>
				<timestamp>2199.299368</timestamp>
			</report>
			<report>
				<misses>6476001</misses>
				<total>18</total>
				<timestamp>2199.639092</timestamp>
			</report>
			<report>
				<misses>6477001</misses>
				<total>18</total>
				<timestamp>2199.978684</timestamp>
			</report>
			<report>
				<misses>6478001</misses>
				<total>18</total>
				<timestamp>2200.318358</timestamp>
			</report>
			<report>
				<misses>6479001</misses>
				<total>18</total>
				<timestamp>2200.658088</timestamp>
			</report>
			<report>
				<misses>6480001</misses>
				<total>18</total>
				<timestamp>2200.997682</timestamp>
			</report>
			<report>
				<misses>6481001</misses>
				<total>17</total>
				<timestamp>2201.337465</timestamp>
			</report>
			<report>
				<misses>6482001</misses>
				<total>18</total>
				<timestamp>2201.676987</timestamp>
			</report>
			<report>
				<misses>6483001</misses>
				<total>18</total>
				<timestamp>2202.016639</timestamp>
			</report>
			<report>
				<misses>6484001</misses>
				<total>18</total>
				<timestamp>2202.356324</timestamp>
			</report>
			<report>
				<misses>6485001</misses>
				<total>18</total>
				<timestamp>2202.696034</timestamp>
			</report>
			<report>
				<misses>6486001</misses>
				<total>18</total>
				<timestamp>2203.035629</timestamp>
			</report>
			<report>
				<misses>6487001</misses>
				<total>18</total>
				<timestamp>2203.375332</timestamp>
			</report>
			<report>
				<misses>6488001</misses>
				<total>18</total>
				<timestamp>2203.714938</timestamp>
			</report>
			<report>
				<misses>6489001</misses>
				<total>18</total>
				<timestamp>2204.054601</timestamp>
			</report>
			<report>
				<misses>6490001</misses>
				<total>17</total>
				<timestamp>2204.394354</timestamp>
			</report>
			<report>
				<misses>6491001</misses>
				<total>18</total>
				<timestamp>2204.733950</timestamp>
			</report>
			<report>
				<misses>6492001</misses>
				<total>18</total>
				<timestamp>2205.073597</timestamp>
			</report>
			<report>
				<misses>6493001</misses>
				<total>18</total>
				<timestamp>2205.413321</timestamp>
			</report>
			<report>
				<misses>6494001</misses>
				<total>18</total>
				<timestamp>2205.752895</timestamp>
			</report>
			<report>
				<misses>6495001</misses>
				<total>18</total>
				<timestamp>2206.092551</timestamp>
			</report>
			<report>
				<misses>6496001</misses>
				<total>17</total>
				<timestamp>2206.432326</timestamp>
			</report>
			<report>
				<misses>6497001</misses>
				<total>18</total>
				<timestamp>2206.771875</timestamp>
			</report>
			<report>
				<misses>6498001</misses>
				<total>18</total>
				<timestamp>2207.111539</timestamp>
			</report>
			<report>
				<misses>6499001</misses>
				<total>17</total>
				<timestamp>2207.451300</timestamp>
			</report>
			<report>
				<misses>6500001</misses>
				<total>18</total>
				<timestamp>2207.790840</timestamp>
			</report>
			<report>
				<misses>6501001</misses>
				<total>18</total>
				<timestamp>2208.130538</timestamp>
			</report>
			<report>
				<misses>6502001</misses>
				<total>18</total>
				<timestamp>2208.470216</timestamp>
			</report>
			<report>
				<misses>6503001</misses>
				<total>18</total>
				<timestamp>2208.809834</timestamp>
			</report>
			<report>
				<misses>6504001</misses>
				<total>18</total>
				<timestamp>2209.149539</timestamp>
			</report>
			<report>
				<misses>6505001</misses>
				<total>17</total>
				<timestamp>2209.489282</timestamp>
			</report>
			<report>
				<misses>6506001</misses>
				<total>18</total>
				<timestamp>2209.828812</timestamp>
			</report>
			<report>
				<misses>6507001</misses>
				<total>18</total>
				<timestamp>2210.168483</timestamp>
			</report>
			<report>
				<misses>6508001</misses>
				<total>18</total>
				<timestamp>2210.508172</timestamp>
			</report>
			<report>
				<misses>6509001</misses>
				<total>18</total>
				<timestamp>2210.847801</timestamp>
			</report>
			<report>
				<misses>6510001</misses>
				<total>18</total>
				<timestamp>2211.187469</timestamp>
			</report>
			<report>
				<misses>6511001</misses>
				<total>18</total>
				<timestamp>2211.527145</timestamp>
			</report>
			<report>
				<misses>6512001</misses>
				<total>18</total>
				<timestamp>2211.866780</timestamp>
			</report>
			<report>
				<misses>6513001</misses>
				<total>18</total>
				<timestamp>2212.206488</timestamp>
			</report>
			<report>
				<misses>6514001</misses>
				<total>18</total>
				<timestamp>2212.546152</timestamp>
			</report>
			<report>
				<misses>6515001</misses>
				<total>18</total>
				<timestamp>2212.885773</timestamp>
			</report>
			<report>
				<misses>6516001</misses>
				<total>18</total>
				<timestamp>2213.225432</timestamp>
			</report>
			<report>
				<misses>6517001</misses>
				<total>18</total>
				<timestamp>2213.565146</timestamp>
			</report>
			<report>
				<misses>6518001</misses>
				<total>18</total>
				<timestamp>2213.904731</timestamp>
			</report>
			<report>
				<misses>6519001</misses>
				<total>18</total>
				<timestamp>2214.244410</timestamp>
			</report>
			<report>
				<misses>6520001</misses>
				<total>17</total>
				<timestamp>2214.584163</timestamp>
			</report>
			<report>
				<misses>6521001</misses>
				<total>18</total>
				<timestamp>2214.923714</timestamp>
			</report>
			<report>
				<misses>6522001</misses>
				<total>18</total>
				<timestamp>2215.263378</timestamp>
			</report>
			<report>
				<misses>6523001</misses>
				<total>17</total>
				<timestamp>2215.603147</timestamp>
			</report>
			<report>
				<misses>6524001</misses>
				<total>18</total>
				<timestamp>2215.942699</timestamp>
			</report>
			<report>
				<misses>6525001</misses>
				<total>18</total>
				<timestamp>2216.282376</timestamp>
			</report>
			<report>
				<misses>6526001</misses>
				<total>17</total>
				<timestamp>2216.622114</timestamp>
			</report>
			<report>
				<misses>6527001</misses>
				<total>18</total>
				<timestamp>2216.961694</timestamp>
			</report>
			<report>
				<misses>6528001</misses>
				<total>18</total>
				<timestamp>2217.301334</timestamp>
			</report>
			<report>
				<misses>6529001</misses>
				<total>18</total>
				<timestamp>2217.641025</timestamp>
			</report>
			<report>
				<misses>6530001</misses>
				<total>18</total>
				<timestamp>2217.980669</timestamp>
			</report>
			<report>
				<misses>6531001</misses>
				<total>18</total>
				<timestamp>2218.320327</timestamp>
			</report>
			<report>
				<misses>6532001</misses>
				<total>18</total>
				<timestamp>2218.660012</timestamp>
			</report>
			<report>
				<misses>6533001</misses>
				<total>18</total>
				<timestamp>2218.999635</timestamp>
			</report>
			<report>
				<misses>6534001</misses>
				<total>18</total>
				<timestamp>2219.339326</timestamp>
			</report>
			<report>
				<misses>6535001</misses>
				<total>18</total>
				<timestamp>2219.679023</timestamp>
			</report>
			<report>
				<misses>6536001</misses>
				<total>18</total>
				<timestamp>2220.018629</timestamp>
			</report>
			<report>
				<misses>6537001</misses>
				<total>18</total>
				<timestamp>2220.358295</timestamp>
			</report>
			<report>
				<misses>6538001</misses>
				<total>18</total>
				<timestamp>2220.697989</timestamp>
			</report>
			<report>
				<misses>6539001</misses>
				<total>18</total>
				<timestamp>2221.037619</timestamp>
			</report>
			<report>
				<misses>6540001</misses>
				<total>18</total>
				<timestamp>2221.377328</timestamp>
			</report>
			<report>
				<misses>6541001</misses>
				<total>18</total>
				<timestamp>2221.716999</timestamp>
			</report>
			<report>
				<misses>6542001</misses>
				<total>18</total>
				<timestamp>2222.056577</timestamp>
			</report>
			<report>
				<misses>6543001</misses>
				<total>18</total>
				<timestamp>2222.396246</timestamp>
			</report>
			<report>
				<misses>6544001</misses>
				<total>18</total>
				<timestamp>2222.735987</timestamp>
			</report>
			<report>
				<misses>6545001</misses>
				<total>18</total>
				<timestamp>2223.075569</timestamp>
			</report>
			<report>
				<misses>6546001</misses>
				<total>18</total>
				<timestamp>2223.415226</timestamp>
			</report>
			<report>
				<misses>6547001</misses>
				<total>17</total>
				<timestamp>2223.754967</timestamp>
			</report>
			<report>
				<misses>6548001</misses>
				<total>18</total>
				<timestamp>2224.094558</timestamp>
			</report>
			<report>
				<misses>6549001</misses>
				<total>18</total>
				<timestamp>2224.434208</timestamp>
			</report>
			<report>
				<misses>6550001</misses>
				<total>17</total>
				<timestamp>2224.773963</timestamp>
			</report>
			<report>
				<misses>6551001</misses>
				<total>18</total>
				<timestamp>2225.113523</timestamp>
			</report>
			<report>
				<misses>6552001</misses>
				<total>18</total>
				<timestamp>2225.453192</timestamp>
			</report>
			<report>
				<misses>6553001</misses>
				<total>17</total>
				<timestamp>2225.792960</timestamp>
			</report>
			<report>
				<misses>6554001</misses>
				<total>18</total>
				<timestamp>2226.132522</timestamp>
			</report>
			<report>
				<misses>6555001</misses>
				<total>18</total>
				<timestamp>2226.472197</timestamp>
			</report>
			<report>
				<misses>6556001</misses>
				<total>18</total>
				<timestamp>2226.811840</timestamp>
			</report>
			<report>
				<misses>6557001</misses>
				<total>18</total>
				<timestamp>2227.151480</timestamp>
			</report>
			<report>
				<misses>6558001</misses>
				<total>18</total>
				<timestamp>2227.491199</timestamp>
			</report>
			<report>
				<misses>6559001</misses>
				<total>17</total>
				<timestamp>2227.830966</timestamp>
			</report>
			<report>
				<misses>6560001</misses>
				<total>18</total>
				<timestamp>2228.170449</timestamp>
			</report>
			<report>
				<misses>6561001</misses>
				<total>18</total>
				<timestamp>2228.510181</timestamp>
			</report>
			<report>
				<misses>6562001</misses>
				<total>18</total>
				<timestamp>2228.849787</timestamp>
			</report>
			<report>
				<misses>6563001</misses>
				<total>18</total>
				<timestamp>2229.189444</timestamp>
			</report>
			<report>
				<misses>6564001</misses>
				<total>18</total>
				<timestamp>2229.529089</timestamp>
			</report>
			<report>
				<misses>6565001</misses>
				<total>18</total>
				<timestamp>2229.868767</timestamp>
			</report>
			<report>
				<misses>6566001</misses>
				<total>18</total>
				<timestamp>2230.208447</timestamp>
			</report>
			<report>
				<misses>6567001</misses>
				<total>17</total>
				<timestamp>2230.548155</timestamp>
			</report>
			<report>
				<misses>6568001</misses>
				<total>18</total>
				<timestamp>2230.887738</timestamp>
			</report>
			<report>
				<misses>6569001</misses>
				<total>18</total>
				<timestamp>2231.227386</timestamp>
			</report>
			<report>
				<misses>6570001</misses>
				<total>19</total>
				<timestamp>2231.567166</timestamp>
			</report>
			<report>
				<misses>6571001</misses>
				<total>20</total>
				<timestamp>2231.906722</timestamp>
			</report>
			<report>
				<misses>6572001</misses>
				<total>20</total>
				<timestamp>2232.246406</timestamp>
			</report>
			<report>
				<misses>6573001</misses>
				<total>20</total>
				<timestamp>2232.586051</timestamp>
			</report>
			<report>
				<misses>6574001</misses>
				<total>20</total>
				<timestamp>2232.925699</timestamp>
			</report>
			<report>
				<misses>6575001</misses>
				<total>20</total>
				<timestamp>2233.265363</timestamp>
			</report>
			<report>
				<misses>6576001</misses>
				<total>19</total>
				<timestamp>2233.605164</timestamp>
			</report>
			<report>
				<misses>6577001</misses>
				<total>20</total>
				<timestamp>2233.944674</timestamp>
			</report>
			<report>
				<misses>6578001</misses>
				<total>20</total>
				<timestamp>2234.284430</timestamp>
			</report>
			<report>
				<misses>6579001</misses>
				<total>20</total>
				<timestamp>2234.624020</timestamp>
			</report>
			<report>
				<misses>6580001</misses>
				<total>20</total>
				<timestamp>2234.963685</timestamp>
			</report>
			<report>
				<misses>6581001</misses>
				<total>20</total>
				<timestamp>2235.303317</timestamp>
			</report>
			<report>
				<misses>6582001</misses>
				<total>20</total>
				<timestamp>2235.643034</timestamp>
			</report>
			<report>
				<misses>6583001</misses>
				<total>20</total>
				<timestamp>2235.982654</timestamp>
			</report>
			<report>
				<misses>6584001</misses>
				<total>20</total>
				<timestamp>2236.322314</timestamp>
			</report>
			<report>
				<misses>6585001</misses>
				<total>20</total>
				<timestamp>2236.662005</timestamp>
			</report>
			<report>
				<misses>6586001</misses>
				<total>20</total>
				<timestamp>2237.001632</timestamp>
			</report>
			<report>
				<misses>6587001</misses>
				<total>20</total>
				<timestamp>2237.341297</timestamp>
			</report>
			<report>
				<misses>6588001</misses>
				<total>20</total>
				<timestamp>2237.680983</timestamp>
			</report>
			<report>
				<misses>6589001</misses>
				<total>20</total>
				<timestamp>2238.020592</timestamp>
			</report>
			<report>
				<misses>6590001</misses>
				<total>20</total>
				<timestamp>2238.360247</timestamp>
			</report>
			<report>
				<misses>6591001</misses>
				<total>20</total>
				<timestamp>2238.699919</timestamp>
			</report>
			<report>
				<misses>6592001</misses>
				<total>20</total>
				<timestamp>2239.039573</timestamp>
			</report>
			<report>
				<misses>6593001</misses>
				<total>20</total>
				<timestamp>2239.379237</timestamp>
			</report>
			<report>
				<misses>6594001</misses>
				<total>20</total>
				<timestamp>2239.719004</timestamp>
			</report>
			<report>
				<misses>6595001</misses>
				<total>20</total>
				<timestamp>2240.058556</timestamp>
			</report>
			<report>
				<misses>6596001</misses>
				<total>20</total>
				<timestamp>2240.398215</timestamp>
			</report>
			<report>
				<misses>6597001</misses>
				<total>19</total>
				<timestamp>2240.737991</timestamp>
			</report>
			<report>
				<misses>6598001</misses>
				<total>20</total>
				<timestamp>2241.077531</timestamp>
			</report>
			<report>
				<misses>6599001</misses>
				<total>20</total>
				<timestamp>2241.417198</timestamp>
			</report>
			<report>
				<misses>6600001</misses>
				<total>19</total>
				<timestamp>2241.756986</timestamp>
			</report>
			<report>
				<misses>6601001</misses>
				<total>20</total>
				<timestamp>2242.096512</timestamp>
			</report>
			<report>
				<misses>6602001</misses>
				<total>20</total>
				<timestamp>2242.436178</timestamp>
			</report>
			<report>
				<misses>6603001</misses>
				<total>19</total>
				<timestamp>2242.775964</timestamp>
			</report>
			<report>
				<misses>6604001</misses>
				<total>20</total>
				<timestamp>2243.115511</timestamp>
			</report>
			<report>
				<misses>6605001</misses>
				<total>20</total>
				<timestamp>2243.455201</timestamp>
			</report>
			<report>
				<misses>6606001</misses>
				<total>20</total>
				<timestamp>2243.794851</timestamp>
			</report>
			<report>
				<misses>6607001</misses>
				<total>20</total>
				<timestamp>2244.134499</timestamp>
			</report>
			<report>
				<misses>6608001</misses>
				<total>20</total>
				<timestamp>2244.474128</timestamp>
			</report>
			<report>
				<misses>6609001</misses>
				<total>20</total>
				<timestamp>2244.813851</timestamp>
			</report>
			<report>
				<misses>6610001</misses>
				<total>20</total>
				<timestamp>2245.153490</timestamp>
			</report>
			<report>
				<misses>6611001</misses>
				<total>20</total>
				<timestamp>2245.493114</timestamp>
			</report>
			<report>
				<misses>6612001</misses>
				<total>20</total>
				<timestamp>2245.832836</timestamp>
			</report>
			<report>
				<misses>6613001</misses>
				<total>20</total>
				<timestamp>2246.172467</timestamp>
			</report>
			<report>
				<misses>6614001</misses>
				<total>20</total>
				<timestamp>2246.512112</timestamp>
			</report>
			<report>
				<misses>6615001</misses>
				<total>20</total>
				<timestamp>2246.851823</timestamp>
			</report>
			<report>
				<misses>6616001</misses>
				<total>20</total>
				<timestamp>2247.191451</timestamp>
			</report>
			<report>
				<misses>6617001</misses>
				<total>20</total>
				<timestamp>2247.531075</timestamp>
			</report>
			<report>
				<misses>6618001</misses>
				<total>19</total>
				<timestamp>2247.870826</timestamp>
			</report>
			<report>
				<misses>6619001</misses>
				<total>20</total>
				<timestamp>2248.210410</timestamp>
			</report>
			<report>
				<misses>6620001</misses>
				<total>20</total>
				<timestamp>2248.550077</timestamp>
			</report>
			<report>
				<misses>6621001</misses>
				<total>20</total>
				<timestamp>2248.889802</timestamp>
			</report>
			<report>
				<misses>6622001</misses>
				<total>20</total>
				<timestamp>2249.229379</timestamp>
			</report>
			<report>
				<misses>6623001</misses>
				<total>20</total>
				<timestamp>2249.569040</timestamp>
			</report>
			<report>
				<misses>6624001</misses>
				<total>19</total>
				<timestamp>2249.908791</timestamp>
			</report>
			<report>
				<misses>6625001</misses>
				<total>20</total>
				<timestamp>2250.248372</timestamp>
			</report>
			<report>
				<misses>6626001</misses>
				<total>20</total>
				<timestamp>2250.588046</timestamp>
			</report>
			<report>
				<misses>6627001</misses>
				<total>20</total>
				<timestamp>2250.927749</timestamp>
			</report>
			<report>
				<misses>6628001</misses>
				<total>20</total>
				<timestamp>2251.267328</timestamp>
			</report>
			<report>
				<misses>6629001</misses>
				<total>20</total>
				<timestamp>2251.607019</timestamp>
			</report>
			<report>
				<misses>6630001</misses>
				<total>19</total>
				<timestamp>2251.946789</timestamp>
			</report>
			<report>
				<misses>6631001</misses>
				<total>20</total>
				<timestamp>2252.286337</timestamp>
			</report>
			<report>
				<misses>6632001</misses>
				<total>20</total>
				<timestamp>2252.626005</timestamp>
			</report>
			<report>
				<misses>6633001</misses>
				<total>20</total>
				<timestamp>2252.965654</timestamp>
			</report>
			<report>
				<misses>6634001</misses>
				<total>20</total>
				<timestamp>2253.305368</timestamp>
			</report>
			<report>
				<misses>6635001</misses>
				<total>20</total>
				<timestamp>2253.645041</timestamp>
			</report>
			<report>
				<misses>6636001</misses>
				<total>19</total>
				<timestamp>2253.984758</timestamp>
			</report>
			<report>
				<misses>6637001</misses>
				<total>20</total>
				<timestamp>2254.324271</timestamp>
			</report>
			<report>
				<misses>6638001</misses>
				<total>19</total>
				<timestamp>2254.664070</timestamp>
			</report>
			<report>
				<misses>6639001</misses>
				<total>20</total>
				<timestamp>2255.003608</timestamp>
			</report>
			<report>
				<misses>6640001</misses>
				<total>20</total>
				<timestamp>2255.343303</timestamp>
			</report>
			<report>
				<misses>6641001</misses>
				<total>19</total>
				<timestamp>2255.683001</timestamp>
			</report>
			<report>
				<misses>6642001</misses>
				<total>20</total>
				<timestamp>2256.022592</timestamp>
			</report>
			<report>
				<misses>6643001</misses>
				<total>20</total>
				<timestamp>2256.362288</timestamp>
			</report>
			<report>
				<misses>6644001</misses>
				<total>19</total>
				<timestamp>2256.702002</timestamp>
			</report>
			<report>
				<misses>6645001</misses>
				<total>20</total>
				<timestamp>2257.041575</timestamp>
			</report>
			<report>
				<misses>6646001</misses>
				<total>20</total>
				<timestamp>2257.381265</timestamp>
			</report>
			<report>
				<misses>6647001</misses>
				<total>19</total>
				<timestamp>2257.720994</timestamp>
			</report>
			<report>
				<misses>6648001</misses>
				<total>20</total>
				<timestamp>2258.060542</timestamp>
			</report>
			<report>
				<misses>6649001</misses>
				<total>20</total>
				<timestamp>2258.400207</timestamp>
			</report>
			<report>
				<misses>6650001</misses>
				<total>20</total>
				<timestamp>2258.739886</timestamp>
			</report>
			<report>
				<misses>6651001</misses>
				<total>20</total>
				<timestamp>2259.079541</timestamp>
			</report>
			<report>
				<misses>6652001</misses>
				<total>20</total>
				<timestamp>2259.419181</timestamp>
			</report>
			<report>
				<misses>6653001</misses>
				<total>20</total>
				<timestamp>2259.758903</timestamp>
			</report>
			<report>
				<misses>6654001</misses>
				<total>20</total>
				<timestamp>2260.098506</timestamp>
			</report>
			<report>
				<misses>6655001</misses>
				<total>20</total>
				<timestamp>2260.438164</timestamp>
			</report>
			<report>
				<misses>6656001</misses>
				<total>20</total>
				<timestamp>2260.777873</timestamp>
			</report>
			<report>
				<misses>6657001</misses>
				<total>20</total>
				<timestamp>2261.117480</timestamp>
			</report>
			<report>
				<misses>6658001</misses>
				<total>20</total>
				<timestamp>2261.457142</timestamp>
			</report>
			<report>
				<misses>6659001</misses>
				<total>20</total>
				<timestamp>2261.796849</timestamp>
			</report>
			<report>
				<misses>6660001</misses>
				<total>20</total>
				<timestamp>2262.136464</timestamp>
			</report>
			<report>
				<misses>6661001</misses>
				<total>20</total>
				<timestamp>2262.476125</timestamp>
			</report>
			<report>
				<misses>6662001</misses>
				<total>20</total>
				<timestamp>2262.815857</timestamp>
			</report>
			<report>
				<misses>6663001</misses>
				<total>20</total>
				<timestamp>2263.155451</timestamp>
			</report>
			<report>
				<misses>6664001</misses>
				<total>20</total>
				<timestamp>2263.495148</timestamp>
			</report>
			<report>
				<misses>6665001</misses>
				<total>19</total>
				<timestamp>2263.834868</timestamp>
			</report>
			<report>
				<misses>6666001</misses>
				<total>20</total>
				<timestamp>2264.174463</timestamp>
			</report>
			<report>
				<misses>6667001</misses>
				<total>20</total>
				<timestamp>2264.514079</timestamp>
			</report>
			<report>
				<misses>6668001</misses>
				<total>19</total>
				<timestamp>2264.853839</timestamp>
			</report>
			<report>
				<misses>6669001</misses>
				<total>20</total>
				<timestamp>2265.193419</timestamp>
			</report>
			<report>
				<misses>6670001</misses>
				<total>20</total>
				<timestamp>2265.533070</timestamp>
			</report>
			<report>
				<misses>6671001</misses>
				<total>19</total>
				<timestamp>2265.872836</timestamp>
			</report>
			<report>
				<misses>6672001</misses>
				<total>20</total>
				<timestamp>2266.212393</timestamp>
			</report>
			<report>
				<misses>6673001</misses>
				<total>20</total>
				<timestamp>2266.552033</timestamp>
			</report>
			<report>
				<misses>6674001</misses>
				<total>19</total>
				<timestamp>2266.891804</timestamp>
			</report>
			<report>
				<misses>6675001</misses>
				<total>20</total>
				<timestamp>2267.231365</timestamp>
			</report>
			<report>
				<misses>6676001</misses>
				<total>20</total>
				<timestamp>2267.571017</timestamp>
			</report>
			<report>
				<misses>6677001</misses>
				<total>19</total>
				<timestamp>2267.910776</timestamp>
			</report>
			<report>
				<misses>6678001</misses>
				<total>20</total>
				<timestamp>2268.250356</timestamp>
			</report>
			<report>
				<misses>6679001</misses>
				<total>20</total>
				<timestamp>2268.589987</timestamp>
			</report>
			<report>
				<misses>6680001</misses>
				<total>20</total>
				<timestamp>2268.929677</timestamp>
			</report>
			<report>
				<misses>6681001</misses>
				<total>20</total>
				<timestamp>2269.269355</timestamp>
			</report>
			<report>
				<misses>6682001</misses>
				<total>20</total>
				<timestamp>2269.609110</timestamp>
			</report>
			<report>
				<misses>6683001</misses>
				<total>20</total>
				<timestamp>2269.948770</timestamp>
			</report>
			<report>
				<misses>6684001</misses>
				<total>20</total>
				<timestamp>2270.288426</timestamp>
			</report>
			<report>
				<misses>6685001</misses>
				<total>20</total>
				<timestamp>2270.628108</timestamp>
			</report>
			<report>
				<misses>6686001</misses>
				<total>20</total>
				<timestamp>2270.967748</timestamp>
			</report>
			<report>
				<misses>6687001</misses>
				<total>20</total>
				<timestamp>2271.307404</timestamp>
			</report>
			<report>
				<misses>6688001</misses>
				<total>20</total>
				<timestamp>2271.646942</timestamp>
			</report>
			<report>
				<misses>6689001</misses>
				<total>20</total>
				<timestamp>2271.986730</timestamp>
			</report>
			<report>
				<misses>6690001</misses>
				<total>20</total>
				<timestamp>2272.326391</timestamp>
			</report>
			<report>
				<misses>6691001</misses>
				<total>20</total>
				<timestamp>2272.666046</timestamp>
			</report>
			<report>
				<misses>6692001</misses>
				<total>19</total>
				<timestamp>2273.005704</timestamp>
			</report>
			<report>
				<misses>6693001</misses>
				<total>20</total>
				<timestamp>2273.345367</timestamp>
			</report>
			<report>
				<misses>6694001</misses>
				<total>20</total>
				<timestamp>2273.684910</timestamp>
			</report>
			<report>
				<misses>6695001</misses>
				<total>19</total>
				<timestamp>2274.024685</timestamp>
			</report>
			<report>
				<misses>6696001</misses>
				<total>20</total>
				<timestamp>2274.364344</timestamp>
			</report>
			<report>
				<misses>6697001</misses>
				<total>20</total>
				<timestamp>2274.703881</timestamp>
			</report>
			<report>
				<misses>6698001</misses>
				<total>19</total>
				<timestamp>2275.043668</timestamp>
			</report>
			<report>
				<misses>6699001</misses>
				<total>20</total>
				<timestamp>2275.383202</timestamp>
			</report>
			<report>
				<misses>6700001</misses>
				<total>20</total>
				<timestamp>2275.722989</timestamp>
			</report>
			<report>
				<misses>6701001</misses>
				<total>19</total>
				<timestamp>2276.062643</timestamp>
			</report>
			<report>
				<misses>6702001</misses>
				<total>20</total>
				<timestamp>2276.402179</timestamp>
			</report>
			<report>
				<misses>6703001</misses>
				<total>20</total>
				<timestamp>2276.741963</timestamp>
			</report>
			<report>
				<misses>6704001</misses>
				<total>19</total>
				<timestamp>2277.081625</timestamp>
			</report>
			<report>
				<misses>6705001</misses>
				<total>20</total>
				<timestamp>2277.421282</timestamp>
			</report>
			<report>
				<misses>6706001</misses>
				<total>20</total>
				<timestamp>2277.760942</timestamp>
			</report>
			<report>
				<misses>6707001</misses>
				<total>20</total>
				<timestamp>2278.100603</timestamp>
			</report>
			<report>
				<misses>6708001</misses>
				<total>20</total>
				<timestamp>2278.440138</timestamp>
			</report>
			<report>
				<misses>6709001</misses>
				<total>20</total>
				<timestamp>2278.779928</timestamp>
			</report>
			<report>
				<misses>6710001</misses>
				<total>20</total>
				<timestamp>2279.119580</timestamp>
			</report>
			<report>
				<misses>6711001</misses>
				<total>20</total>
				<timestamp>2279.459246</timestamp>
			</report>
			<report>
				<misses>6712001</misses>
				<total>20</total>
				<timestamp>2279.798778</timestamp>
			</report>
			<report>
				<misses>6713001</misses>
				<total>20</total>
				<timestamp>2280.138441</timestamp>
			</report>
			<report>
				<misses>6714001</misses>
				<total>20</total>
				<timestamp>2280.478105</timestamp>
			</report>
			<report>
				<misses>6715001</misses>
				<total>20</total>
				<timestamp>2280.817888</timestamp>
			</report>
			<report>
				<misses>6716001</misses>
				<total>20</total>
				<timestamp>2281.157543</timestamp>
			</report>
			<report>
				<misses>6717001</misses>
				<total>20</total>
				<timestamp>2281.497080</timestamp>
			</report>
			<report>
				<misses>6718001</misses>
				<total>19</total>
				<timestamp>2281.836870</timestamp>
			</report>
			<report>
				<misses>6719001</misses>
				<total>20</total>
				<timestamp>2282.176533</timestamp>
			</report>
			<report>
				<misses>6720001</misses>
				<total>20</total>
				<timestamp>2282.516186</timestamp>
			</report>
			<report>
				<misses>6721001</misses>
				<total>19</total>
				<timestamp>2282.855845</timestamp>
			</report>
			<report>
				<misses>6722001</misses>
				<total>20</total>
				<timestamp>2283.195379</timestamp>
			</report>
			<report>
				<misses>6723001</misses>
				<total>20</total>
				<timestamp>2283.535050</timestamp>
			</report>
			<report>
				<misses>6724001</misses>
				<total>19</total>
				<timestamp>2283.874822</timestamp>
			</report>
			<report>
				<misses>6725001</misses>
				<total>20</total>
				<timestamp>2284.214364</timestamp>
			</report>
			<report>
				<misses>6726001</misses>
				<total>20</total>
				<timestamp>2284.554154</timestamp>
			</report>
			<report>
				<misses>6727001</misses>
				<total>20</total>
				<timestamp>2284.893803</timestamp>
			</report>
			<report>
				<misses>6728001</misses>
				<total>20</total>
				<timestamp>2285.233341</timestamp>
			</report>
			<report>
				<misses>6729001</misses>
				<total>20</total>
				<timestamp>2285.572999</timestamp>
			</report>
			<report>
				<misses>6730001</misses>
				<total>20</total>
				<timestamp>2285.912787</timestamp>
			</report>
			<report>
				<misses>6731001</misses>
				<total>20</total>
				<timestamp>2286.252335</timestamp>
			</report>
			<report>
				<misses>6732001</misses>
				<total>20</total>
				<timestamp>2286.591984</timestamp>
			</report>
			<report>
				<misses>6733001</misses>
				<total>20</total>
				<timestamp>2286.931768</timestamp>
			</report>
			<report>
				<misses>6734001</misses>
				<total>20</total>
				<timestamp>2287.271305</timestamp>
			</report>
			<report>
				<misses>6735001</misses>
				<total>20</total>
				<timestamp>2287.610961</timestamp>
			</report>
			<report>
				<misses>6736001</misses>
				<total>20</total>
				<timestamp>2287.950750</timestamp>
			</report>
			<report>
				<misses>6737001</misses>
				<total>20</total>
				<timestamp>2288.290416</timestamp>
			</report>
			<report>
				<misses>6738001</misses>
				<total>20</total>
				<timestamp>2288.629943</timestamp>
			</report>
			<report>
				<misses>6739001</misses>
				<total>19</total>
				<timestamp>2288.969724</timestamp>
			</report>
			<report>
				<misses>6740001</misses>
				<total>20</total>
				<timestamp>2289.309386</timestamp>
			</report>
			<report>
				<misses>6741001</misses>
				<total>20</total>
				<timestamp>2289.648927</timestamp>
			</report>
			<report>
				<misses>6742001</misses>
				<total>19</total>
				<timestamp>2289.988703</timestamp>
			</report>
			<report>
				<misses>6743001</misses>
				<total>20</total>
				<timestamp>2290.328367</timestamp>
			</report>
			<report>
				<misses>6744001</misses>
				<total>20</total>
				<timestamp>2290.667902</timestamp>
			</report>
			<report>
				<misses>6745001</misses>
				<total>19</total>
				<timestamp>2291.007687</timestamp>
			</report>
			<report>
				<misses>6746001</misses>
				<total>20</total>
				<timestamp>2291.347348</timestamp>
			</report>
			<report>
				<misses>6747001</misses>
				<total>20</total>
				<timestamp>2291.686885</timestamp>
			</report>
			<report>
				<misses>6748001</misses>
				<total>20</total>
				<timestamp>2292.026667</timestamp>
			</report>
			<report>
				<misses>6749001</misses>
				<total>20</total>
				<timestamp>2292.366324</timestamp>
			</report>
			<report>
				<misses>6750001</misses>
				<total>20</total>
				<timestamp>2292.705860</timestamp>
			</report>
			<report>
				<misses>6751001</misses>
				<total>19</total>
				<timestamp>2293.045650</timestamp>
			</report>
			<report>
				<misses>6752001</misses>
				<total>20</total>
				<timestamp>2293.385307</timestamp>
			</report>
			<report>
				<misses>6753001</misses>
				<total>20</total>
				<timestamp>2293.724838</timestamp>
			</report>
			<report>
				<misses>6754001</misses>
				<total>20</total>
				<timestamp>2294.064621</timestamp>
			</report>
			<report>
				<misses>6755001</misses>
				<total>20</total>
				<timestamp>2294.404157</timestamp>
			</report>
			<report>
				<misses>6756001</misses>
				<total>20</total>
				<timestamp>2294.743943</timestamp>
			</report>
			<report>
				<misses>6757001</misses>
				<total>20</total>
				<timestamp>2295.083607</timestamp>
			</report>
			<report>
				<misses>6758001</misses>
				<total>20</total>
				<timestamp>2295.423140</timestamp>
			</report>
			<report>
				<misses>6759001</misses>
				<total>20</total>
				<timestamp>2295.762782</timestamp>
			</report>
			<report>
				<misses>6760001</misses>
				<total>20</total>
				<timestamp>2296.102583</timestamp>
			</report>
			<report>
				<misses>6761001</misses>
				<total>20</total>
				<timestamp>2296.442243</timestamp>
			</report>
			<report>
				<misses>6762001</misses>
				<total>20</total>
				<timestamp>2296.781905</timestamp>
			</report>
			<report>
				<misses>6763001</misses>
				<total>20</total>
				<timestamp>2297.121563</timestamp>
			</report>
			<report>
				<misses>6764001</misses>
				<total>20</total>
				<timestamp>2297.461107</timestamp>
			</report>
			<report>
				<misses>6765001</misses>
				<total>20</total>
				<timestamp>2297.800878</timestamp>
			</report>
			<report>
				<misses>6766001</misses>
				<total>20</total>
				<timestamp>2298.140542</timestamp>
			</report>
			<report>
				<misses>6767001</misses>
				<total>20</total>
				<timestamp>2298.480081</timestamp>
			</report>
			<report>
				<misses>6768001</misses>
				<total>20</total>
				<timestamp>2298.819737</timestamp>
			</report>
			<report>
				<misses>6769001</misses>
				<total>20</total>
				<timestamp>2299.159569</timestamp>
			</report>
			<report>
				<misses>6770001</misses>
				<total>20</total>
				<timestamp>2299.499062</timestamp>
			</report>
			<report>
				<misses>6771001</misses>
				<total>20</total>
				<timestamp>2299.838721</timestamp>
			</report>
			<report>
				<misses>6772001</misses>
				<total>19</total>
				<timestamp>2300.178505</timestamp>
			</report>
			<report>
				<misses>6773001</misses>
				<total>20</total>
				<timestamp>2300.518038</timestamp>
			</report>
			<report>
				<misses>6774001</misses>
				<total>20</total>
				<timestamp>2300.857696</timestamp>
			</report>
			<report>
				<misses>6775001</misses>
				<total>19</total>
				<timestamp>2301.197508</timestamp>
			</report>
			<report>
				<misses>6776001</misses>
				<total>20</total>
				<timestamp>2301.537018</timestamp>
			</report>
			<report>
				<misses>6777001</misses>
				<total>20</total>
				<timestamp>2301.876801</timestamp>
			</report>
			<report>
				<misses>6778001</misses>
				<total>20</total>
				<timestamp>2302.216463</timestamp>
			</report>
			<report>
				<misses>6779001</misses>
				<total>20</total>
				<timestamp>2302.556000</timestamp>
			</report>
			<report>
				<misses>6780001</misses>
				<total>20</total>
				<timestamp>2302.895784</timestamp>
			</report>
			<report>
				<misses>6781001</misses>
				<total>20</total>
				<timestamp>2303.235451</timestamp>
			</report>
			<report>
				<misses>6782001</misses>
				<total>20</total>
				<timestamp>2303.574978</timestamp>
			</report>
			<report>
				<misses>6783001</misses>
				<total>20</total>
				<timestamp>2303.914764</timestamp>
			</report>
			<report>
				<misses>6784001</misses>
				<total>20</total>
				<timestamp>2304.254428</timestamp>
			</report>
			<report>
				<misses>6785001</misses>
				<total>20</total>
				<timestamp>2304.593958</timestamp>
			</report>
			<report>
				<misses>6786001</misses>
				<total>19</total>
				<timestamp>2304.933750</timestamp>
			</report>
			<report>
				<misses>6787001</misses>
				<total>20</total>
				<timestamp>2305.273280</timestamp>
			</report>
			<report>
				<misses>6788001</misses>
				<total>20</total>
				<timestamp>2305.612938</timestamp>
			</report>
			<report>
				<misses>6789001</misses>
				<total>19</total>
				<timestamp>2305.952722</timestamp>
			</report>
			<report>
				<misses>6790001</misses>
				<total>19</total>
				<timestamp>2306.292445</timestamp>
			</report>
			<report>
				<misses>6791001</misses>
				<total>20</total>
				<timestamp>2306.632042</timestamp>
			</report>
			<report>
				<misses>6792001</misses>
				<total>19</total>
				<timestamp>2306.971705</timestamp>
			</report>
			<report>
				<misses>6793001</misses>
				<total>20</total>
				<timestamp>2307.311367</timestamp>
			</report>
			<report>
				<misses>6794001</misses>
				<total>20</total>
				<timestamp>2307.651026</timestamp>
			</report>
			<report>
				<misses>6795001</misses>
				<total>19</total>
				<timestamp>2307.990682</timestamp>
			</report>
			<report>
				<misses>6796001</misses>
				<total>20</total>
				<timestamp>2308.330217</timestamp>
			</report>
			<report>
				<misses>6797001</misses>
				<total>20</total>
				<timestamp>2308.669898</timestamp>
			</report>
			<report>
				<misses>6798001</misses>
				<total>20</total>
				<timestamp>2309.009552</timestamp>
			</report>
			<report>
				<misses>6799001</misses>
				<total>20</total>
				<timestamp>2309.349203</timestamp>
			</report>
			<report>
				<misses>6800001</misses>
				<total>20</total>
				<timestamp>2309.688865</timestamp>
			</report>
			<report>
				<misses>6801001</misses>
				<total>20</total>
				<timestamp>2310.028546</timestamp>
			</report>
			<report>
				<misses>6802001</misses>
				<total>20</total>
				<timestamp>2310.368186</timestamp>
			</report>
			<report>
				<misses>6803001</misses>
				<total>20</total>
				<timestamp>2310.707865</timestamp>
			</report>
			<report>
				<misses>6804001</misses>
				<total>20</total>
				<timestamp>2311.047553</timestamp>
			</report>
			<report>
				<misses>6805001</misses>
				<total>20</total>
				<timestamp>2311.387148</timestamp>
			</report>
			<report>
				<misses>6806001</misses>
				<total>20</total>
				<timestamp>2311.726819</timestamp>
			</report>
			<report>
				<misses>6807001</misses>
				<total>20</total>
				<timestamp>2312.066495</timestamp>
			</report>
			<report>
				<misses>6808001</misses>
				<total>20</total>
				<timestamp>2312.406139</timestamp>
			</report>
			<report>
				<misses>6809001</misses>
				<total>20</total>
				<timestamp>2312.745808</timestamp>
			</report>
			<report>
				<misses>6810001</misses>
				<total>19</total>
				<timestamp>2313.085541</timestamp>
			</report>
			<report>
				<misses>6811001</misses>
				<total>20</total>
				<timestamp>2313.425120</timestamp>
			</report>
			<report>
				<misses>6812001</misses>
				<total>20</total>
				<timestamp>2313.764813</timestamp>
			</report>
			<report>
				<misses>6813001</misses>
				<total>20</total>
				<timestamp>2314.104500</timestamp>
			</report>
			<report>
				<misses>6814001</misses>
				<total>20</total>
				<timestamp>2314.444081</timestamp>
			</report>
			<report>
				<misses>6815001</misses>
				<total>20</total>
				<timestamp>2314.783758</timestamp>
			</report>
			<report>
				<misses>6816001</misses>
				<total>19</total>
				<timestamp>2315.123524</timestamp>
			</report>
			<report>
				<misses>6817001</misses>
				<total>20</total>
				<timestamp>2315.463077</timestamp>
			</report>
			<report>
				<misses>6818001</misses>
				<total>20</total>
				<timestamp>2315.802735</timestamp>
			</report>
			<report>
				<misses>6819001</misses>
				<total>19</total>
				<timestamp>2316.142522</timestamp>
			</report>
			<report>
				<misses>6820001</misses>
				<total>20</total>
				<timestamp>2316.482070</timestamp>
			</report>
			<report>
				<misses>6821001</misses>
				<total>20</total>
				<timestamp>2316.821729</timestamp>
			</report>
			<report>
				<misses>6822001</misses>
				<total>20</total>
				<timestamp>2317.161394</timestamp>
			</report>
			<report>
				<misses>6823001</misses>
				<total>20</total>
				<timestamp>2317.501026</timestamp>
			</report>
			<report>
				<misses>6824001</misses>
				<total>20</total>
				<timestamp>2317.840726</timestamp>
			</report>
			<report>
				<misses>6825001</misses>
				<total>20</total>
				<timestamp>2318.180392</timestamp>
			</report>
			<report>
				<misses>6826001</misses>
				<total>20</total>
				<timestamp>2318.520021</timestamp>
			</report>
			<report>
				<misses>6827001</misses>
				<total>20</total>
				<timestamp>2318.859677</timestamp>
			</report>
			<report>
				<misses>6828001</misses>
				<total>20</total>
				<timestamp>2319.199388</timestamp>
			</report>
			<report>
				<misses>6829001</misses>
				<total>20</total>
				<timestamp>2319.538987</timestamp>
			</report>
			<report>
				<misses>6830001</misses>
				<total>20</total>
				<timestamp>2319.878645</timestamp>
			</report>
			<report>
				<misses>6831001</misses>
				<total>20</total>
				<timestamp>2320.218380</timestamp>
			</report>
			<report>
				<misses>6832001</misses>
				<total>20</total>
				<timestamp>2320.557986</timestamp>
			</report>
			<report>
				<misses>6833001</misses>
				<total>20</total>
				<timestamp>2320.897645</timestamp>
			</report>
			<report>
				<misses>6834001</misses>
				<total>20</total>
				<timestamp>2321.237347</timestamp>
			</report>
			<report>
				<misses>6835001</misses>
				<total>20</total>
				<timestamp>2321.576969</timestamp>
			</report>
			<report>
				<misses>6836001</misses>
				<total>20</total>
				<timestamp>2321.916626</timestamp>
			</report>
			<report>
				<misses>6837001</misses>
				<total>20</total>
				<timestamp>2322.256312</timestamp>
			</report>
			<report>
				<misses>6838001</misses>
				<total>20</total>
				<timestamp>2322.595935</timestamp>
			</report>
			<report>
				<misses>6839001</misses>
				<total>20</total>
				<timestamp>2322.935596</timestamp>
			</report>
			<report>
				<misses>6840001</misses>
				<total>20</total>
				<timestamp>2323.275354</timestamp>
			</report>
			<report>
				<misses>6841001</misses>
				<total>20</total>
				<timestamp>2323.614940</timestamp>
			</report>
			<report>
				<misses>6842001</misses>
				<total>20</total>
				<timestamp>2323.954591</timestamp>
			</report>
			<report>
				<misses>6843001</misses>
				<total>20</total>
				<timestamp>2324.294349</timestamp>
			</report>
			<report>
				<misses>6844001</misses>
				<total>20</total>
				<timestamp>2324.633903</timestamp>
			</report>
			<report>
				<misses>6845001</misses>
				<total>20</total>
				<timestamp>2324.973576</timestamp>
			</report>
			<report>
				<misses>6846001</misses>
				<total>19</total>
				<timestamp>2325.313400</timestamp>
			</report>
			<report>
				<misses>6847001</misses>
				<total>20</total>
				<timestamp>2325.652880</timestamp>
			</report>
			<report>
				<misses>6848001</misses>
				<total>20</total>
				<timestamp>2325.992609</timestamp>
			</report>
			<report>
				<misses>6849001</misses>
				<total>20</total>
				<timestamp>2326.332222</timestamp>
			</report>
			<report>
				<misses>6850001</misses>
				<total>20</total>
				<timestamp>2326.671854</timestamp>
			</report>
			<report>
				<misses>6851001</misses>
				<total>20</total>
				<timestamp>2327.011591</timestamp>
			</report>
			<report>
				<misses>6852001</misses>
				<total>20</total>
				<timestamp>2327.351192</timestamp>
			</report>
			<report>
				<misses>6853001</misses>
				<total>20</total>
				<timestamp>2327.690841</timestamp>
			</report>
			<report>
				<misses>6854001</misses>
				<total>20</total>
				<timestamp>2328.030564</timestamp>
			</report>
			<report>
				<misses>6855001</misses>
				<total>20</total>
				<timestamp>2328.370155</timestamp>
			</report>
			<report>
				<misses>6856001</misses>
				<total>20</total>
				<timestamp>2328.709811</timestamp>
			</report>
			<report>
				<misses>6857001</misses>
				<total>20</total>
				<timestamp>2329.049490</timestamp>
			</report>
			<report>
				<misses>6858001</misses>
				<total>20</total>
				<timestamp>2329.389136</timestamp>
			</report>
			<report>
				<misses>6859001</misses>
				<total>20</total>
				<timestamp>2329.728815</timestamp>
			</report>
			<report>
				<misses>6860001</misses>
				<total>20</total>
				<timestamp>2330.068539</timestamp>
			</report>
			<report>
				<misses>6861001</misses>
				<total>20</total>
				<timestamp>2330.408181</timestamp>
			</report>
			<report>
				<misses>6862001</misses>
				<total>20</total>
				<timestamp>2330.747812</timestamp>
			</report>
			<report>
				<misses>6863001</misses>
				<total>19</total>
				<timestamp>2331.087542</timestamp>
			</report>
			<report>
				<misses>6864001</misses>
				<total>20</total>
				<timestamp>2331.427098</timestamp>
			</report>
			<report>
				<misses>6865001</misses>
				<total>20</total>
				<timestamp>2331.766768</timestamp>
			</report>
			<report>
				<misses>6866001</misses>
				<total>19</total>
				<timestamp>2332.106523</timestamp>
			</report>
			<report>
				<misses>6867001</misses>
				<total>20</total>
				<timestamp>2332.446083</timestamp>
			</report>
			<report>
				<misses>6868001</misses>
				<total>20</total>
				<timestamp>2332.785761</timestamp>
			</report>
			<report>
				<misses>6869001</misses>
				<total>20</total>
				<timestamp>2333.125408</timestamp>
			</report>
			<report>
				<misses>6870001</misses>
				<total>20</total>
				<timestamp>2333.465065</timestamp>
			</report>
			<report>
				<misses>6871001</misses>
				<total>20</total>
				<timestamp>2333.804720</timestamp>
			</report>
			<report>
				<misses>6872001</misses>
				<total>21</total>
				<timestamp>2334.144409</timestamp>
			</report>
			<report>
				<misses>6873001</misses>
				<total>21</total>
				<timestamp>2334.484080</timestamp>
			</report>
			<report>
				<misses>6874001</misses>
				<total>21</total>
				<timestamp>2334.823704</timestamp>
			</report>
			<report>
				<misses>6875001</misses>
				<total>21</total>
				<timestamp>2335.163370</timestamp>
			</report>
			<report>
				<misses>6876001</misses>
				<total>21</total>
				<timestamp>2335.503014</timestamp>
			</report>
			<report>
				<misses>6877001</misses>
				<total>21</total>
				<timestamp>2335.842703</timestamp>
			</report>
			<report>
				<misses>6878001</misses>
				<total>21</total>
				<timestamp>2336.182388</timestamp>
			</report>
			<report>
				<misses>6879001</misses>
				<total>21</total>
				<timestamp>2336.522003</timestamp>
			</report>
			<report>
				<misses>6880001</misses>
				<total>21</total>
				<timestamp>2336.861679</timestamp>
			</report>
			<report>
				<misses>6881001</misses>
				<total>20</total>
				<timestamp>2337.201396</timestamp>
			</report>
			<report>
				<misses>6882001</misses>
				<total>21</total>
				<timestamp>2337.540978</timestamp>
			</report>
			<report>
				<misses>6883001</misses>
				<total>21</total>
				<timestamp>2337.880654</timestamp>
			</report>
			<report>
				<misses>6884001</misses>
				<total>21</total>
				<timestamp>2338.220346</timestamp>
			</report>
			<report>
				<misses>6885001</misses>
				<total>21</total>
				<timestamp>2338.559955</timestamp>
			</report>
			<report>
				<misses>6886001</misses>
				<total>21</total>
				<timestamp>2338.899665</timestamp>
			</report>
			<report>
				<misses>6887001</misses>
				<total>21</total>
				<timestamp>2339.239279</timestamp>
			</report>
			<report>
				<misses>6888001</misses>
				<total>21</total>
				<timestamp>2339.578948</timestamp>
			</report>
			<report>
				<misses>6889001</misses>
				<total>21</total>
				<timestamp>2339.918590</timestamp>
			</report>
			<report>
				<misses>6890001</misses>
				<total>20</total>
				<timestamp>2340.258374</timestamp>
			</report>
			<report>
				<misses>6891001</misses>
				<total>21</total>
				<timestamp>2340.597906</timestamp>
			</report>
			<report>
				<misses>6892001</misses>
				<total>21</total>
				<timestamp>2340.937612</timestamp>
			</report>
			<report>
				<misses>6893001</misses>
				<total>21</total>
				<timestamp>2341.277319</timestamp>
			</report>
			<report>
				<misses>6894001</misses>
				<total>21</total>
				<timestamp>2341.616935</timestamp>
			</report>
			<report>
				<misses>6895001</misses>
				<total>21</total>
				<timestamp>2341.956568</timestamp>
			</report>
			<report>
				<misses>6896001</misses>
				<total>20</total>
				<timestamp>2342.296375</timestamp>
			</report>
			<report>
				<misses>6897001</misses>
				<total>21</total>
				<timestamp>2342.635881</timestamp>
			</report>
			<report>
				<misses>6898001</misses>
				<total>21</total>
				<timestamp>2342.975558</timestamp>
			</report>
			<report>
				<misses>6899001</misses>
				<total>21</total>
				<timestamp>2343.315244</timestamp>
			</report>
			<report>
				<misses>6900001</misses>
				<total>21</total>
				<timestamp>2343.654864</timestamp>
			</report>
			<report>
				<misses>6901001</misses>
				<total>21</total>
				<timestamp>2343.994521</timestamp>
			</report>
			<report>
				<misses>6902001</misses>
				<total>21</total>
				<timestamp>2344.334228</timestamp>
			</report>
			<report>
				<misses>6903001</misses>
				<total>21</total>
				<timestamp>2344.673848</timestamp>
			</report>
			<report>
				<misses>6904001</misses>
				<total>21</total>
				<timestamp>2345.013493</timestamp>
			</report>
			<report>
				<misses>6905001</misses>
				<total>21</total>
				<timestamp>2345.353222</timestamp>
			</report>
			<report>
				<misses>6906001</misses>
				<total>21</total>
				<timestamp>2345.692814</timestamp>
			</report>
			<report>
				<misses>6907001</misses>
				<total>21</total>
				<timestamp>2346.032482</timestamp>
			</report>
			<report>
				<misses>6908001</misses>
				<total>21</total>
				<timestamp>2346.372214</timestamp>
			</report>
			<report>
				<misses>6909001</misses>
				<total>21</total>
				<timestamp>2346.711831</timestamp>
			</report>
			<report>
				<misses>6910001</misses>
				<total>20</total>
				<timestamp>2347.051575</timestamp>
			</report>
			<report>
				<misses>6911001</misses>
				<total>21</total>
				<timestamp>2347.391170</timestamp>
			</report>
			<report>
				<misses>6912001</misses>
				<total>21</total>
				<timestamp>2347.730766</timestamp>
			</report>
			<report>
				<misses>6913001</misses>
				<total>21</total>
				<timestamp>2348.070471</timestamp>
			</report>
			<report>
				<misses>6914001</misses>
				<total>20</total>
				<timestamp>2348.410185</timestamp>
			</report>
			<report>
				<misses>6915001</misses>
				<total>21</total>
				<timestamp>2348.749764</timestamp>
			</report>
			<report>
				<misses>6916001</misses>
				<total>21</total>
				<timestamp>2349.089430</timestamp>
			</report>
			<report>
				<misses>6917001</misses>
				<total>21</total>
				<timestamp>2349.429120</timestamp>
			</report>
			<report>
				<misses>6918001</misses>
				<total>21</total>
				<timestamp>2349.768741</timestamp>
			</report>
			<report>
				<misses>6919001</misses>
				<total>21</total>
				<timestamp>2350.108402</timestamp>
			</report>
			<report>
				<misses>6920001</misses>
				<total>20</total>
				<timestamp>2350.448186</timestamp>
			</report>
			<report>
				<misses>6921001</misses>
				<total>21</total>
				<timestamp>2350.787729</timestamp>
			</report>
			<report>
				<misses>6922001</misses>
				<total>21</total>
				<timestamp>2351.127428</timestamp>
			</report>
			<report>
				<misses>6923001</misses>
				<total>21</total>
				<timestamp>2351.467083</timestamp>
			</report>
			<report>
				<misses>6924001</misses>
				<total>21</total>
				<timestamp>2351.806709</timestamp>
			</report>
			<report>
				<misses>6925001</misses>
				<total>21</total>
				<timestamp>2352.146373</timestamp>
			</report>
			<report>
				<misses>6926001</misses>
				<total>21</total>
				<timestamp>2352.486029</timestamp>
			</report>
			<report>
				<misses>6927001</misses>
				<total>21</total>
				<timestamp>2352.825728</timestamp>
			</report>
			<report>
				<misses>6928001</misses>
				<total>21</total>
				<timestamp>2353.165415</timestamp>
			</report>
			<report>
				<misses>6929001</misses>
				<total>21</total>
				<timestamp>2353.505021</timestamp>
			</report>
			<report>
				<misses>6930001</misses>
				<total>21</total>
				<timestamp>2353.844654</timestamp>
			</report>
			<report>
				<misses>6931001</misses>
				<total>21</total>
				<timestamp>2354.184394</timestamp>
			</report>
			<report>
				<misses>6932001</misses>
				<total>21</total>
				<timestamp>2354.523995</timestamp>
			</report>
			<report>
				<misses>6933001</misses>
				<total>21</total>
				<timestamp>2354.863622</timestamp>
			</report>
			<report>
				<misses>6934001</misses>
				<total>20</total>
				<timestamp>2355.203405</timestamp>
			</report>
			<report>
				<misses>6935001</misses>
				<total>21</total>
				<timestamp>2355.542959</timestamp>
			</report>
			<report>
				<misses>6936001</misses>
				<total>21</total>
				<timestamp>2355.882613</timestamp>
			</report>
			<report>
				<misses>6937001</misses>
				<total>21</total>
				<timestamp>2356.222280</timestamp>
			</report>
			<report>
				<misses>6938001</misses>
				<total>21</total>
				<timestamp>2356.561937</timestamp>
			</report>
			<report>
				<misses>6939001</misses>
				<total>21</total>
				<timestamp>2356.901621</timestamp>
			</report>
			<report>
				<misses>6940001</misses>
				<total>21</total>
				<timestamp>2357.241336</timestamp>
			</report>
			<report>
				<misses>6941001</misses>
				<total>21</total>
				<timestamp>2357.580914</timestamp>
			</report>
			<report>
				<misses>6942001</misses>
				<total>21</total>
				<timestamp>2357.920564</timestamp>
			</report>
			<report>
				<misses>6943001</misses>
				<total>20</total>
				<timestamp>2358.260367</timestamp>
			</report>
			<report>
				<misses>6944001</misses>
				<total>21</total>
				<timestamp>2358.599896</timestamp>
			</report>
			<report>
				<misses>6945001</misses>
				<total>21</total>
				<timestamp>2358.939558</timestamp>
			</report>
			<report>
				<misses>6946001</misses>
				<total>21</total>
				<timestamp>2359.279252</timestamp>
			</report>
			<report>
				<misses>6947001</misses>
				<total>21</total>
				<timestamp>2359.618886</timestamp>
			</report>
			<report>
				<misses>6948001</misses>
				<total>21</total>
				<timestamp>2359.958545</timestamp>
			</report>
			<report>
				<misses>6949001</misses>
				<total>21</total>
				<timestamp>2360.298215</timestamp>
			</report>
			<report>
				<misses>6950001</misses>
				<total>21</total>
				<timestamp>2360.637954</timestamp>
			</report>
			<report>
				<misses>6951001</misses>
				<total>21</total>
				<timestamp>2360.977557</timestamp>
			</report>
			<report>
				<misses>6952001</misses>
				<total>21</total>
				<timestamp>2361.317195</timestamp>
			</report>
			<report>
				<misses>6953001</misses>
				<total>21</total>
				<timestamp>2361.656866</timestamp>
			</report>
			<report>
				<misses>6954001</misses>
				<total>21</total>
				<timestamp>2361.996503</timestamp>
			</report>
			<report>
				<misses>6955001</misses>
				<total>21</total>
				<timestamp>2362.336215</timestamp>
			</report>
			<report>
				<misses>6956001</misses>
				<total>21</total>
				<timestamp>2362.675849</timestamp>
			</report>
			<report>
				<misses>6957001</misses>
				<total>21</total>
				<timestamp>2363.015490</timestamp>
			</report>
			<report>
				<misses>6958001</misses>
				<total>20</total>
				<timestamp>2363.355233</timestamp>
			</report>
			<report>
				<misses>6959001</misses>
				<total>21</total>
				<timestamp>2363.694809</timestamp>
			</report>
			<report>
				<misses>6960001</misses>
				<total>21</total>
				<timestamp>2364.034470</timestamp>
			</report>
			<report>
				<misses>6961001</misses>
				<total>20</total>
				<timestamp>2364.374205</timestamp>
			</report>
			<report>
				<misses>6962001</misses>
				<total>21</total>
				<timestamp>2364.713767</timestamp>
			</report>
			<report>
				<misses>6963001</misses>
				<total>21</total>
				<timestamp>2365.053426</timestamp>
			</report>
			<report>
				<misses>6964001</misses>
				<total>20</total>
				<timestamp>2365.393193</timestamp>
			</report>
			<report>
				<misses>6965001</misses>
				<total>21</total>
				<timestamp>2365.732769</timestamp>
			</report>
			<report>
				<misses>6966001</misses>
				<total>21</total>
				<timestamp>2366.072398</timestamp>
			</report>
			<report>
				<misses>6967001</misses>
				<total>21</total>
				<timestamp>2366.412075</timestamp>
			</report>
			<report>
				<misses>6968001</misses>
				<total>21</total>
				<timestamp>2366.751760</timestamp>
			</report>
			<report>
				<misses>6969001</misses>
				<total>21</total>
				<timestamp>2367.091417</timestamp>
			</report>
			<report>
				<misses>6970001</misses>
				<total>21</total>
				<timestamp>2367.431065</timestamp>
			</report>
			<report>
				<misses>6971001</misses>
				<total>21</total>
				<timestamp>2367.770710</timestamp>
			</report>
			<report>
				<misses>6972001</misses>
				<total>21</total>
				<timestamp>2368.110384</timestamp>
			</report>
			<report>
				<misses>6973001</misses>
				<total>21</total>
				<timestamp>2368.450108</timestamp>
			</report>
			<report>
				<misses>6974001</misses>
				<total>21</total>
				<timestamp>2368.789695</timestamp>
			</report>
			<report>
				<misses>6975001</misses>
				<total>20</total>
				<timestamp>2369.129454</timestamp>
			</report>
			<report>
				<misses>6976001</misses>
				<total>21</total>
				<timestamp>2369.469039</timestamp>
			</report>
			<report>
				<misses>6977001</misses>
				<total>21</total>
				<timestamp>2369.808700</timestamp>
			</report>
			<report>
				<misses>6978001</misses>
				<total>20</total>
				<timestamp>2370.148458</timestamp>
			</report>
			<report>
				<misses>6979001</misses>
				<total>21</total>
				<timestamp>2370.488049</timestamp>
			</report>
			<report>
				<misses>6980001</misses>
				<total>21</total>
				<timestamp>2370.827671</timestamp>
			</report>
			<report>
				<misses>6981001</misses>
				<total>21</total>
				<timestamp>2371.167332</timestamp>
			</report>
			<report>
				<misses>6982001</misses>
				<total>21</total>
				<timestamp>2371.507062</timestamp>
			</report>
			<report>
				<misses>6983001</misses>
				<total>21</total>
				<timestamp>2371.846624</timestamp>
			</report>
			<report>
				<misses>6984001</misses>
				<total>21</total>
				<timestamp>2372.186322</timestamp>
			</report>
			<report>
				<misses>6985001</misses>
				<total>20</total>
				<timestamp>2372.526060</timestamp>
			</report>
			<report>
				<misses>6986001</misses>
				<total>21</total>
				<timestamp>2372.865636</timestamp>
			</report>
			<report>
				<misses>6987001</misses>
				<total>21</total>
				<timestamp>2373.205325</timestamp>
			</report>
			<report>
				<misses>6988001</misses>
				<total>20</total>
				<timestamp>2373.545043</timestamp>
			</report>
			<report>
				<misses>6989001</misses>
				<total>21</total>
				<timestamp>2373.884603</timestamp>
			</report>
			<report>
				<misses>6990001</misses>
				<total>21</total>
				<timestamp>2374.224271</timestamp>
			</report>
			<report>
				<misses>6991001</misses>
				<total>20</total>
				<timestamp>2374.564040</timestamp>
			</report>
			<report>
				<misses>6992001</misses>
				<total>21</total>
				<timestamp>2374.903600</timestamp>
			</report>
			<report>
				<misses>6993001</misses>
				<total>21</total>
				<timestamp>2375.243267</timestamp>
			</report>
			<report>
				<misses>6994001</misses>
				<total>21</total>
				<timestamp>2375.582960</timestamp>
			</report>
			<report>
				<misses>6995001</misses>
				<total>21</total>
				<timestamp>2375.922595</timestamp>
			</report>
			<report>
				<misses>6996001</misses>
				<total>21</total>
				<timestamp>2376.262270</timestamp>
			</report>
			<report>
				<misses>6997001</misses>
				<total>21</total>
				<timestamp>2376.601904</timestamp>
			</report>
			<report>
				<misses>6998001</misses>
				<total>21</total>
				<timestamp>2376.941544</timestamp>
			</report>
			<report>
				<misses>6999001</misses>
				<total>21</total>
				<timestamp>2377.281269</timestamp>
			</report>
			<report>
				<misses>7000001</misses>
				<total>21</total>
				<timestamp>2377.620868</timestamp>
			</report>
			<report>
				<misses>7001001</misses>
				<total>21</total>
				<timestamp>2377.960522</timestamp>
			</report>
			<report>
				<misses>7002001</misses>
				<total>20</total>
				<timestamp>2378.300269</timestamp>
			</report>
			<report>
				<misses>7003001</misses>
				<total>21</total>
				<timestamp>2378.639847</timestamp>
			</report>
			<report>
				<misses>7004001</misses>
				<total>21</total>
				<timestamp>2378.979508</timestamp>
			</report>
			<report>
				<misses>7005001</misses>
				<total>20</total>
				<timestamp>2379.319249</timestamp>
			</report>
			<report>
				<misses>7006001</misses>
				<total>21</total>
				<timestamp>2379.658826</timestamp>
			</report>
			<report>
				<misses>7007001</misses>
				<total>21</total>
				<timestamp>2379.998471</timestamp>
			</report>
			<report>
				<misses>7008001</misses>
				<total>20</total>
				<timestamp>2380.338242</timestamp>
			</report>
			<report>
				<misses>7009001</misses>
				<total>21</total>
				<timestamp>2380.677796</timestamp>
			</report>
			<report>
				<misses>7010001</misses>
				<total>21</total>
				<timestamp>2381.017477</timestamp>
			</report>
			<report>
				<misses>7011001</misses>
				<total>21</total>
				<timestamp>2381.357131</timestamp>
			</report>
			<report>
				<misses>7012001</misses>
				<total>21</total>
				<timestamp>2381.696786</timestamp>
			</report>
			<report>
				<misses>7013001</misses>
				<total>21</total>
				<timestamp>2382.036471</timestamp>
			</report>
			<report>
				<misses>7014001</misses>
				<total>20</total>
				<timestamp>2382.376231</timestamp>
			</report>
			<report>
				<misses>7015001</misses>
				<total>21</total>
				<timestamp>2382.715748</timestamp>
			</report>
			<report>
				<misses>7016001</misses>
				<total>21</total>
				<timestamp>2383.055422</timestamp>
			</report>
			<report>
				<misses>7017001</misses>
				<total>20</total>
				<timestamp>2383.395194</timestamp>
			</report>
			<report>
				<misses>7018001</misses>
				<total>21</total>
				<timestamp>2383.734737</timestamp>
			</report>
			<report>
				<misses>7019001</misses>
				<total>21</total>
				<timestamp>2384.074409</timestamp>
			</report>
			<report>
				<misses>7020001</misses>
				<total>21</total>
				<timestamp>2384.414090</timestamp>
			</report>
			<report>
				<misses>7021001</misses>
				<total>21</total>
				<timestamp>2384.753722</timestamp>
			</report>
			<report>
				<misses>7022001</misses>
				<total>21</total>
				<timestamp>2385.093388</timestamp>
			</report>
			<report>
				<misses>7023001</misses>
				<total>21</total>
				<timestamp>2385.433064</timestamp>
			</report>
			<report>
				<misses>7024001</misses>
				<total>21</total>
				<timestamp>2385.772692</timestamp>
			</report>
			<report>
				<misses>7025001</misses>
				<total>21</total>
				<timestamp>2386.112370</timestamp>
			</report>
			<report>
				<misses>7026001</misses>
				<total>21</total>
				<timestamp>2386.452062</timestamp>
			</report>
			<report>
				<misses>7027001</misses>
				<total>21</total>
				<timestamp>2386.791664</timestamp>
			</report>
			<report>
				<misses>7028001</misses>
				<total>21</total>
				<timestamp>2387.131340</timestamp>
			</report>
			<report>
				<misses>7029001</misses>
				<total>20</total>
				<timestamp>2387.471075</timestamp>
			</report>
			<report>
				<misses>7030001</misses>
				<total>21</total>
				<timestamp>2387.810669</timestamp>
			</report>
			<report>
				<misses>7031001</misses>
				<total>21</total>
				<timestamp>2388.150312</timestamp>
			</report>
			<report>
				<misses>7032001</misses>
				<total>20</total>
				<timestamp>2388.490060</timestamp>
			</report>
			<report>
				<misses>7033001</misses>
				<total>21</total>
				<timestamp>2388.829638</timestamp>
			</report>
			<report>
				<misses>7034001</misses>
				<total>21</total>
				<timestamp>2389.169305</timestamp>
			</report>
			<report>
				<misses>7035001</misses>
				<total>20</total>
				<timestamp>2389.509069</timestamp>
			</report>
			<report>
				<misses>7036001</misses>
				<total>21</total>
				<timestamp>2389.848649</timestamp>
			</report>
			<report>
				<misses>7037001</misses>
				<total>21</total>
				<timestamp>2390.188315</timestamp>
			</report>
			<report>
				<misses>7038001</misses>
				<total>21</total>
				<timestamp>2390.527940</timestamp>
			</report>
			<report>
				<misses>7039001</misses>
				<total>21</total>
				<timestamp>2390.867621</timestamp>
			</report>
			<report>
				<misses>7040001</misses>
				<total>21</total>
				<timestamp>2391.207291</timestamp>
			</report>
			<report>
				<misses>7041001</misses>
				<total>20</total>
				<timestamp>2391.547035</timestamp>
			</report>
			<report>
				<misses>7042001</misses>
				<total>21</total>
				<timestamp>2391.886574</timestamp>
			</report>
			<report>
				<misses>7043001</misses>
				<total>21</total>
				<timestamp>2392.226279</timestamp>
			</report>
			<report>
				<misses>7044001</misses>
				<total>21</total>
				<timestamp>2392.565888</timestamp>
			</report>
			<report>
				<misses>7045001</misses>
				<total>21</total>
				<timestamp>2392.905538</timestamp>
			</report>
			<report>
				<misses>7046001</misses>
				<total>21</total>
				<timestamp>2393.245226</timestamp>
			</report>
			<report>
				<misses>7047001</misses>
				<total>21</total>
				<timestamp>2393.584892</timestamp>
			</report>
			<report>
				<misses>7048001</misses>
				<total>21</total>
				<timestamp>2393.924547</timestamp>
			</report>
			<report>
				<misses>7049001</misses>
				<total>21</total>
				<timestamp>2394.264215</timestamp>
			</report>
			<report>
				<misses>7050001</misses>
				<total>21</total>
				<timestamp>2394.603913</timestamp>
			</report>
			<report>
				<misses>7051001</misses>
				<total>21</total>
				<timestamp>2394.943520</timestamp>
			</report>
			<report>
				<misses>7052001</misses>
				<total>21</total>
				<timestamp>2395.283201</timestamp>
			</report>
			<report>
				<misses>7053001</misses>
				<total>21</total>
				<timestamp>2395.622857</timestamp>
			</report>
			<report>
				<misses>7054001</misses>
				<total>21</total>
				<timestamp>2395.962533</timestamp>
			</report>
			<report>
				<misses>7055001</misses>
				<total>21</total>
				<timestamp>2396.302166</timestamp>
			</report>
			<report>
				<misses>7056001</misses>
				<total>21</total>
				<timestamp>2396.641858</timestamp>
			</report>
			<report>
				<misses>7057001</misses>
				<total>21</total>
				<timestamp>2396.981511</timestamp>
			</report>
			<report>
				<misses>7058001</misses>
				<total>21</total>
				<timestamp>2397.321138</timestamp>
			</report>
			<report>
				<misses>7059001</misses>
				<total>20</total>
				<timestamp>2397.660874</timestamp>
			</report>
			<report>
				<misses>7060001</misses>
				<total>21</total>
				<timestamp>2398.000478</timestamp>
			</report>
			<report>
				<misses>7061001</misses>
				<total>21</total>
				<timestamp>2398.340121</timestamp>
			</report>
			<report>
				<misses>7062001</misses>
				<total>20</total>
				<timestamp>2398.679884</timestamp>
			</report>
			<report>
				<misses>7063001</misses>
				<total>21</total>
				<timestamp>2399.019488</timestamp>
			</report>
			<report>
				<misses>7064001</misses>
				<total>20</total>
				<timestamp>2399.359243</timestamp>
			</report>
			<report>
				<misses>7065001</misses>
				<total>20</total>
				<timestamp>2399.698910</timestamp>
			</report>
			<report>
				<misses>7066001</misses>
				<total>21</total>
				<timestamp>2400.038436</timestamp>
			</report>
			<report>
				<misses>7067001</misses>
				<total>21</total>
				<timestamp>2400.378117</timestamp>
			</report>
			<report>
				<misses>7068001</misses>
				<total>21</total>
				<timestamp>2400.717852</timestamp>
			</report>
			<report>
				<misses>7069001</misses>
				<total>21</total>
				<timestamp>2401.057412</timestamp>
			</report>
			<report>
				<misses>7070001</misses>
				<total>21</total>
				<timestamp>2401.397116</timestamp>
			</report>
			<report>
				<misses>7071001</misses>
				<total>21</total>
				<timestamp>2401.736734</timestamp>
			</report>
			<report>
				<misses>7072001</misses>
				<total>21</total>
				<timestamp>2402.076401</timestamp>
			</report>
			<report>
				<misses>7073001</misses>
				<total>21</total>
				<timestamp>2402.416085</timestamp>
			</report>
			<report>
				<misses>7074001</misses>
				<total>21</total>
				<timestamp>2402.755748</timestamp>
			</report>
			<report>
				<misses>7075001</misses>
				<total>21</total>
				<timestamp>2403.095387</timestamp>
			</report>
			<report>
				<misses>7076001</misses>
				<total>21</total>
				<timestamp>2403.435084</timestamp>
			</report>
			<report>
				<misses>7077001</misses>
				<total>21</total>
				<timestamp>2403.774689</timestamp>
			</report>
			<report>
				<misses>7078001</misses>
				<total>21</total>
				<timestamp>2404.114348</timestamp>
			</report>
			<report>
				<misses>7079001</misses>
				<total>20</total>
				<timestamp>2404.454075</timestamp>
			</report>
			<report>
				<misses>7080001</misses>
				<total>21</total>
				<timestamp>2404.793662</timestamp>
			</report>
			<report>
				<misses>7081001</misses>
				<total>21</total>
				<timestamp>2405.133358</timestamp>
			</report>
			<report>
				<misses>7082001</misses>
				<total>20</total>
				<timestamp>2405.473069</timestamp>
			</report>
			<report>
				<misses>7083001</misses>
				<total>21</total>
				<timestamp>2405.812648</timestamp>
			</report>
			<report>
				<misses>7084001</misses>
				<total>21</total>
				<timestamp>2406.152342</timestamp>
			</report>
			<report>
				<misses>7085001</misses>
				<total>20</total>
				<timestamp>2406.492094</timestamp>
			</report>
			<report>
				<misses>7086001</misses>
				<total>21</total>
				<timestamp>2406.831620</timestamp>
			</report>
			<report>
				<misses>7087001</misses>
				<total>21</total>
				<timestamp>2407.171300</timestamp>
			</report>
			<report>
				<misses>7088001</misses>
				<total>20</total>
				<timestamp>2407.511058</timestamp>
			</report>
			<report>
				<misses>7089001</misses>
				<total>21</total>
				<timestamp>2407.850630</timestamp>
			</report>
			<report>
				<misses>7090001</misses>
				<total>21</total>
				<timestamp>2408.190296</timestamp>
			</report>
			<report>
				<misses>7091001</misses>
				<total>21</total>
				<timestamp>2408.529946</timestamp>
			</report>
			<report>
				<misses>7092001</misses>
				<total>21</total>
				<timestamp>2408.869574</timestamp>
			</report>
			<report>
				<misses>7093001</misses>
				<total>21</total>
				<timestamp>2409.209242</timestamp>
			</report>
			<report>
				<misses>7094001</misses>
				<total>21</total>
				<timestamp>2409.548925</timestamp>
			</report>
			<report>
				<misses>7095001</misses>
				<total>21</total>
				<timestamp>2409.888555</timestamp>
			</report>
			<report>
				<misses>7096001</misses>
				<total>21</total>
				<timestamp>2410.228255</timestamp>
			</report>
			<report>
				<misses>7097001</misses>
				<total>21</total>
				<timestamp>2410.567930</timestamp>
			</report>
			<report>
				<misses>7098001</misses>
				<total>21</total>
				<timestamp>2410.907523</timestamp>
			</report>
			<report>
				<misses>7099001</misses>
				<total>21</total>
				<timestamp>2411.247201</timestamp>
			</report>
			<report>
				<misses>7100001</misses>
				<total>21</total>
				<timestamp>2411.586933</timestamp>
			</report>
			<report>
				<misses>7101001</misses>
				<total>21</total>
				<timestamp>2411.926512</timestamp>
			</report>
			<report>
				<misses>7102001</misses>
				<total>21</total>
				<timestamp>2412.266179</timestamp>
			</report>
			<report>
				<misses>7103001</misses>
				<total>21</total>
				<timestamp>2412.605865</timestamp>
			</report>
			<report>
				<misses>7104001</misses>
				<total>21</total>
				<timestamp>2412.945521</timestamp>
			</report>
			<report>
				<misses>7105001</misses>
				<total>21</total>
				<timestamp>2413.285169</timestamp>
			</report>
			<report>
				<misses>7106001</misses>
				<total>20</total>
				<timestamp>2413.624911</timestamp>
			</report>
			<report>
				<misses>7107001</misses>
				<total>21</total>
				<timestamp>2413.964486</timestamp>
			</report>
			<report>
				<misses>7108001</misses>
				<total>21</total>
				<timestamp>2414.304197</timestamp>
			</report>
			<report>
				<misses>7109001</misses>
				<total>21</total>
				<timestamp>2414.643800</timestamp>
			</report>
			<report>
				<misses>7110001</misses>
				<total>21</total>
				<timestamp>2414.983468</timestamp>
			</report>
			<report>
				<misses>7111001</misses>
				<total>21</total>
				<timestamp>2415.323170</timestamp>
			</report>
			<report>
				<misses>7112001</misses>
				<total>20</total>
				<timestamp>2415.662890</timestamp>
			</report>
			<report>
				<misses>7113001</misses>
				<total>21</total>
				<timestamp>2416.002431</timestamp>
			</report>
			<report>
				<misses>7114001</misses>
				<total>21</total>
				<timestamp>2416.342110</timestamp>
			</report>
			<report>
				<misses>7115001</misses>
				<total>21</total>
				<timestamp>2416.681778</timestamp>
			</report>
			<report>
				<misses>7116001</misses>
				<total>21</total>
				<timestamp>2417.021435</timestamp>
			</report>
			<report>
				<misses>7117001</misses>
				<total>21</total>
				<timestamp>2417.361087</timestamp>
			</report>
			<report>
				<misses>7118001</misses>
				<total>21</total>
				<timestamp>2417.700827</timestamp>
			</report>
			<report>
				<misses>7119001</misses>
				<total>21</total>
				<timestamp>2418.040416</timestamp>
			</report>
			<report>
				<misses>7120001</misses>
				<total>21</total>
				<timestamp>2418.380063</timestamp>
			</report>
			<report>
				<misses>7121001</misses>
				<total>21</total>
				<timestamp>2418.719739</timestamp>
			</report>
			<report>
				<misses>7122001</misses>
				<total>21</total>
				<timestamp>2419.059393</timestamp>
			</report>
			<report>
				<misses>7123001</misses>
				<total>21</total>
				<timestamp>2419.399025</timestamp>
			</report>
			<report>
				<misses>7124001</misses>
				<total>21</total>
				<timestamp>2419.738747</timestamp>
			</report>
			<report>
				<misses>7125001</misses>
				<total>21</total>
				<timestamp>2420.078378</timestamp>
			</report>
			<report>
				<misses>7126001</misses>
				<total>20</total>
				<timestamp>2420.418125</timestamp>
			</report>
			<report>
				<misses>7127001</misses>
				<total>21</total>
				<timestamp>2420.757761</timestamp>
			</report>
			<report>
				<misses>7128001</misses>
				<total>21</total>
				<timestamp>2421.097333</timestamp>
			</report>
			<report>
				<misses>7129001</misses>
				<total>21</total>
				<timestamp>2421.437009</timestamp>
			</report>
			<report>
				<misses>7130001</misses>
				<total>20</total>
				<timestamp>2421.776777</timestamp>
			</report>
			<report>
				<misses>7131001</misses>
				<total>21</total>
				<timestamp>2422.116309</timestamp>
			</report>
			<report>
				<misses>7132001</misses>
				<total>21</total>
				<timestamp>2422.455965</timestamp>
			</report>
			<report>
				<misses>7133001</misses>
				<total>21</total>
				<timestamp>2422.795661</timestamp>
			</report>
			<report>
				<misses>7134001</misses>
				<total>21</total>
				<timestamp>2423.135346</timestamp>
			</report>
			<report>
				<misses>7135001</misses>
				<total>21</total>
				<timestamp>2423.474967</timestamp>
			</report>
			<report>
				<misses>7136001</misses>
				<total>20</total>
				<timestamp>2423.814736</timestamp>
			</report>
			<report>
				<misses>7137001</misses>
				<total>21</total>
				<timestamp>2424.154308</timestamp>
			</report>
			<report>
				<misses>7138001</misses>
				<total>21</total>
				<timestamp>2424.493937</timestamp>
			</report>
			<report>
				<misses>7139001</misses>
				<total>21</total>
				<timestamp>2424.833741</timestamp>
			</report>
			<report>
				<misses>7140001</misses>
				<total>21</total>
				<timestamp>2425.173290</timestamp>
			</report>
			<report>
				<misses>7141001</misses>
				<total>21</total>
				<timestamp>2425.512942</timestamp>
			</report>
			<report>
				<misses>7142001</misses>
				<total>20</total>
				<timestamp>2425.852706</timestamp>
			</report>
			<report>
				<misses>7143001</misses>
				<total>21</total>
				<timestamp>2426.192234</timestamp>
			</report>
			<report>
				<misses>7144001</misses>
				<total>21</total>
				<timestamp>2426.531905</timestamp>
			</report>
			<report>
				<misses>7145001</misses>
				<total>21</total>
				<timestamp>2426.871564</timestamp>
			</report>
			<report>
				<misses>7146001</misses>
				<total>21</total>
				<timestamp>2427.211235</timestamp>
			</report>
			<report>
				<misses>7147001</misses>
				<total>21</total>
				<timestamp>2427.550903</timestamp>
			</report>
			<report>
				<misses>7148001</misses>
				<total>21</total>
				<timestamp>2427.890629</timestamp>
			</report>
			<report>
				<misses>7149001</misses>
				<total>21</total>
				<timestamp>2428.230192</timestamp>
			</report>
			<report>
				<misses>7150001</misses>
				<total>21</total>
				<timestamp>2428.569866</timestamp>
			</report>
			<report>
				<misses>7151001</misses>
				<total>21</total>
				<timestamp>2428.909537</timestamp>
			</report>
			<report>
				<misses>7152001</misses>
				<total>21</total>
				<timestamp>2429.249175</timestamp>
			</report>
			<report>
				<misses>7153001</misses>
				<total>21</total>
				<timestamp>2429.588843</timestamp>
			</report>
			<report>
				<misses>7154001</misses>
				<total>21</total>
				<timestamp>2429.928514</timestamp>
			</report>
			<report>
				<misses>7155001</misses>
				<total>20</total>
				<timestamp>2430.268250</timestamp>
			</report>
			<report>
				<misses>7156001</misses>
				<total>21</total>
				<timestamp>2430.607882</timestamp>
			</report>
			<report>
				<misses>7157001</misses>
				<total>21</total>
				<timestamp>2430.947487</timestamp>
			</report>
			<report>
				<misses>7158001</misses>
				<total>21</total>
				<timestamp>2431.287125</timestamp>
			</report>
			<report>
				<misses>7159001</misses>
				<total>20</total>
				<timestamp>2431.626921</timestamp>
			</report>
			<report>
				<misses>7160001</misses>
				<total>21</total>
				<timestamp>2431.966461</timestamp>
			</report>
			<report>
				<misses>7161001</misses>
				<total>21</total>
				<timestamp>2432.306146</timestamp>
			</report>
			<report>
				<misses>7162001</misses>
				<total>20</total>
				<timestamp>2432.645903</timestamp>
			</report>
			<report>
				<misses>7163001</misses>
				<total>21</total>
				<timestamp>2432.985458</timestamp>
			</report>
			<report>
				<misses>7164001</misses>
				<total>21</total>
				<timestamp>2433.325122</timestamp>
			</report>
			<report>
				<misses>7165001</misses>
				<total>21</total>
				<timestamp>2433.664802</timestamp>
			</report>
			<report>
				<misses>7166001</misses>
				<total>21</total>
				<timestamp>2434.004436</timestamp>
			</report>
			<report>
				<misses>7167001</misses>
				<total>21</total>
				<timestamp>2434.344116</timestamp>
			</report>
			<report>
				<misses>7168001</misses>
				<total>21</total>
				<timestamp>2434.683785</timestamp>
			</report>
			<report>
				<misses>7169001</misses>
				<total>21</total>
				<timestamp>2435.023404</timestamp>
			</report>
			<report>
				<misses>7170001</misses>
				<total>21</total>
				<timestamp>2435.363087</timestamp>
			</report>
			<report>
				<misses>7171001</misses>
				<total>21</total>
				<timestamp>2435.702755</timestamp>
			</report>
			<report>
				<misses>7172001</misses>
				<total>21</total>
				<timestamp>2436.042376</timestamp>
			</report>
			<report>
				<misses>7173001</misses>
				<total>21</total>
				<timestamp>2436.382027</timestamp>
			</report>
			<report>
				<misses>7174001</misses>
				<total>20</total>
				<timestamp>2436.721791</timestamp>
			</report>
			<report>
				<misses>7175001</misses>
				<total>21</total>
				<timestamp>2437.061359</timestamp>
			</report>
			<report>
				<misses>7176001</misses>
				<total>21</total>
				<timestamp>2437.401043</timestamp>
			</report>
			<report>
				<misses>7177001</misses>
				<total>21</total>
				<timestamp>2437.740739</timestamp>
			</report>
			<report>
				<misses>7178001</misses>
				<total>21</total>
				<timestamp>2438.080340</timestamp>
			</report>
			<report>
				<misses>7179001</misses>
				<total>21</total>
				<timestamp>2438.419996</timestamp>
			</report>
			<report>
				<misses>7180001</misses>
				<total>20</total>
				<timestamp>2438.759753</timestamp>
			</report>
			<report>
				<misses>7181001</misses>
				<total>21</total>
				<timestamp>2439.099317</timestamp>
			</report>
			<report>
				<misses>7182001</misses>
				<total>21</total>
				<timestamp>2439.438987</timestamp>
			</report>
			<report>
				<misses>7183001</misses>
				<total>20</total>
				<timestamp>2439.778749</timestamp>
			</report>
			<report>
				<misses>7184001</misses>
				<total>21</total>
				<timestamp>2440.118322</timestamp>
			</report>
			<report>
				<misses>7185001</misses>
				<total>21</total>
				<timestamp>2440.458044</timestamp>
			</report>
			<report>
				<misses>7186001</misses>
				<total>20</total>
				<timestamp>2440.797735</timestamp>
			</report>
			<report>
				<misses>7187001</misses>
				<total>21</total>
				<timestamp>2441.137308</timestamp>
			</report>
			<report>
				<misses>7188001</misses>
				<total>21</total>
				<timestamp>2441.476933</timestamp>
			</report>
			<report>
				<misses>7189001</misses>
				<total>20</total>
				<timestamp>2441.816742</timestamp>
			</report>
			<report>
				<misses>7190001</misses>
				<total>21</total>
				<timestamp>2442.156295</timestamp>
			</report>
			<report>
				<misses>7191001</misses>
				<total>21</total>
				<timestamp>2442.495916</timestamp>
			</report>
			<report>
				<misses>7192001</misses>
				<total>21</total>
				<timestamp>2442.835625</timestamp>
			</report>
			<report>
				<misses>7193001</misses>
				<total>21</total>
				<timestamp>2443.175250</timestamp>
			</report>
			<report>
				<misses>7194001</misses>
				<total>21</total>
				<timestamp>2443.514915</timestamp>
			</report>
			<report>
				<misses>7195001</misses>
				<total>21</total>
				<timestamp>2443.854581</timestamp>
			</report>
			<report>
				<misses>7196001</misses>
				<total>21</total>
				<timestamp>2444.194230</timestamp>
			</report>
			<report>
				<misses>7197001</misses>
				<total>21</total>
				<timestamp>2444.533872</timestamp>
			</report>
			<report>
				<misses>7198001</misses>
				<total>21</total>
				<timestamp>2444.873607</timestamp>
			</report>
			<report>
				<misses>7199001</misses>
				<total>21</total>
				<timestamp>2445.213217</timestamp>
			</report>
			<report>
				<misses>7200001</misses>
				<total>21</total>
				<timestamp>2445.552918</timestamp>
			</report>
			<report>
				<misses>7201001</misses>
				<total>21</total>
				<timestamp>2445.892612</timestamp>
			</report>
			<report>
				<misses>7202001</misses>
				<total>21</total>
				<timestamp>2446.232186</timestamp>
			</report>
			<report>
				<misses>7203001</misses>
				<total>21</total>
				<timestamp>2446.571844</timestamp>
			</report>
			<report>
				<misses>7204001</misses>
				<total>21</total>
				<timestamp>2446.911611</timestamp>
			</report>
			<report>
				<misses>7205001</misses>
				<total>21</total>
				<timestamp>2447.251162</timestamp>
			</report>
			<report>
				<misses>7206001</misses>
				<total>21</total>
				<timestamp>2447.590830</timestamp>
			</report>
			<report>
				<misses>7207001</misses>
				<total>20</total>
				<timestamp>2447.930619</timestamp>
			</report>
			<report>
				<misses>7208001</misses>
				<total>21</total>
				<timestamp>2448.270139</timestamp>
			</report>
			<report>
				<misses>7209001</misses>
				<total>21</total>
				<timestamp>2448.609819</timestamp>
			</report>
			<report>
				<misses>7210001</misses>
				<total>21</total>
				<timestamp>2448.949532</timestamp>
			</report>
			<report>
				<misses>7211001</misses>
				<total>21</total>
				<timestamp>2449.289139</timestamp>
			</report>
			<report>
				<misses>7212001</misses>
				<total>21</total>
				<timestamp>2449.628795</timestamp>
			</report>
			<report>
				<misses>7213001</misses>
				<total>21</total>
				<timestamp>2449.968480</timestamp>
			</report>
			<report>
				<misses>7214001</misses>
				<total>21</total>
				<timestamp>2450.308139</timestamp>
			</report>
			<report>
				<misses>7215001</misses>
				<total>21</total>
				<timestamp>2450.647793</timestamp>
			</report>
			<report>
				<misses>7216001</misses>
				<total>20</total>
				<timestamp>2450.987546</timestamp>
			</report>
			<report>
				<misses>7217001</misses>
				<total>21</total>
				<timestamp>2451.327107</timestamp>
			</report>
			<report>
				<misses>7218001</misses>
				<total>21</total>
				<timestamp>2451.666809</timestamp>
			</report>
			<report>
				<misses>7219001</misses>
				<total>20</total>
				<timestamp>2452.006559</timestamp>
			</report>
			<report>
				<misses>7220001</misses>
				<total>21</total>
				<timestamp>2452.346068</timestamp>
			</report>
			<report>
				<misses>7221001</misses>
				<total>21</total>
				<timestamp>2452.685751</timestamp>
			</report>
			<report>
				<misses>7222001</misses>
				<total>20</total>
				<timestamp>2453.025533</timestamp>
			</report>
			<report>
				<misses>7223001</misses>
				<total>21</total>
				<timestamp>2453.365027</timestamp>
			</report>
			<report>
				<misses>7224001</misses>
				<total>20</total>
				<timestamp>2453.704779</timestamp>
			</report>
			<report>
				<misses>7225001</misses>
				<total>21</total>
				<timestamp>2454.044358</timestamp>
			</report>
			<report>
				<misses>7226001</misses>
				<total>21</total>
				<timestamp>2454.384031</timestamp>
			</report>
			<report>
				<misses>7227001</misses>
				<total>20</total>
				<timestamp>2454.723776</timestamp>
			</report>
			<report>
				<misses>7228001</misses>
				<total>21</total>
				<timestamp>2455.063366</timestamp>
			</report>
			<report>
				<misses>7229001</misses>
				<total>20</total>
				<timestamp>2455.403120</timestamp>
			</report>
			<report>
				<misses>7230001</misses>
				<total>20</total>
				<timestamp>2455.742749</timestamp>
			</report>
			<report>
				<misses>7231001</misses>
				<total>21</total>
				<timestamp>2456.082315</timestamp>
			</report>
			<report>
				<misses>7232001</misses>
				<total>21</total>
				<timestamp>2456.421988</timestamp>
			</report>
			<report>
				<misses>7233001</misses>
				<total>20</total>
				<timestamp>2456.761751</timestamp>
			</report>
			<report>
				<misses>7234001</misses>
				<total>21</total>
				<timestamp>2457.101364</timestamp>
			</report>
			<report>
				<misses>7235001</misses>
				<total>21</total>
				<timestamp>2457.440994</timestamp>
			</report>
			<report>
				<misses>7236001</misses>
				<total>21</total>
				<timestamp>2457.780665</timestamp>
			</report>
			<report>
				<misses>7237001</misses>
				<total>21</total>
				<timestamp>2458.120302</timestamp>
			</report>
			<report>
				<misses>7238001</misses>
				<total>21</total>
				<timestamp>2458.460008</timestamp>
			</report>
			<report>
				<misses>7239001</misses>
				<total>21</total>
				<timestamp>2458.799664</timestamp>
			</report>
			<report>
				<misses>7240001</misses>
				<total>21</total>
				<timestamp>2459.139274</timestamp>
			</report>
			<report>
				<misses>7241001</misses>
				<total>22</total>
				<timestamp>2459.478953</timestamp>
			</report>
			<report>
				<misses>7242001</misses>
				<total>22</total>
				<timestamp>2459.818604</timestamp>
			</report>
			<report>
				<misses>7243001</misses>
				<total>22</total>
				<timestamp>2460.158257</timestamp>
			</report>
			<report>
				<misses>7244001</misses>
				<total>22</total>
				<timestamp>2460.497892</timestamp>
			</report>
			<report>
				<misses>7245001</misses>
				<total>22</total>
				<timestamp>2460.837617</timestamp>
			</report>
			<report>
				<misses>7246001</misses>
				<total>22</total>
				<timestamp>2461.177235</timestamp>
			</report>
			<report>
				<misses>7247001</misses>
				<total>22</total>
				<timestamp>2461.516892</timestamp>
			</report>
			<report>
				<misses>7248001</misses>
				<total>22</total>
				<timestamp>2461.856607</timestamp>
			</report>
			<report>
				<misses>7249001</misses>
				<total>22</total>
				<timestamp>2462.196216</timestamp>
			</report>
			<report>
				<misses>7250001</misses>
				<total>22</total>
				<timestamp>2462.535853</timestamp>
			</report>
			<report>
				<misses>7251001</misses>
				<total>21</total>
				<timestamp>2462.875605</timestamp>
			</report>
			<report>
				<misses>7252001</misses>
				<total>22</total>
				<timestamp>2463.215187</timestamp>
			</report>
			<report>
				<misses>7253001</misses>
				<total>22</total>
				<timestamp>2463.554842</timestamp>
			</report>
			<report>
				<misses>7254001</misses>
				<total>22</total>
				<timestamp>2463.894533</timestamp>
			</report>
			<report>
				<misses>7255001</misses>
				<total>22</total>
				<timestamp>2464.234208</timestamp>
			</report>
			<report>
				<misses>7256001</misses>
				<total>22</total>
				<timestamp>2464.573831</timestamp>
			</report>
			<report>
				<misses>7257001</misses>
				<total>21</total>
				<timestamp>2464.913585</timestamp>
			</report>
			<report>
				<misses>7258001</misses>
				<total>22</total>
				<timestamp>2465.253139</timestamp>
			</report>
			<report>
				<misses>7259001</misses>
				<total>22</total>
				<timestamp>2465.592848</timestamp>
			</report>
			<report>
				<misses>7260001</misses>
				<total>22</total>
				<timestamp>2465.932497</timestamp>
			</report>
			<report>
				<misses>7261001</misses>
				<total>22</total>
				<timestamp>2466.272113</timestamp>
			</report>
			<report>
				<misses>7262001</misses>
				<total>22</total>
				<timestamp>2466.611783</timestamp>
			</report>
			<report>
				<misses>7263001</misses>
				<total>22</total>
				<timestamp>2466.951477</timestamp>
			</report>
			<report>
				<misses>7264001</misses>
				<total>22</total>
				<timestamp>2467.291101</timestamp>
			</report>
			<report>
				<misses>7265001</misses>
				<total>22</total>
				<timestamp>2467.630765</timestamp>
			</report>
			<report>
				<misses>7266001</misses>
				<total>22</total>
				<timestamp>2467.970418</timestamp>
			</report>
			<report>
				<misses>7267001</misses>
				<total>22</total>
				<timestamp>2468.310083</timestamp>
			</report>
			<report>
				<misses>7268001</misses>
				<total>22</total>
				<timestamp>2468.649750</timestamp>
			</report>
			<report>
				<misses>7269001</misses>
				<total>22</total>
				<timestamp>2468.989455</timestamp>
			</report>
			<report>
				<misses>7270001</misses>
				<total>22</total>
				<timestamp>2469.329065</timestamp>
			</report>
			<report>
				<misses>7271001</misses>
				<total>22</total>
				<timestamp>2469.668728</timestamp>
			</report>
			<report>
				<misses>7272001</misses>
				<total>22</total>
				<timestamp>2470.008432</timestamp>
			</report>
			<report>
				<misses>7273001</misses>
				<total>22</total>
				<timestamp>2470.348045</timestamp>
			</report>
			<report>
				<misses>7274001</misses>
				<total>22</total>
				<timestamp>2470.687697</timestamp>
			</report>
			<report>
				<misses>7275001</misses>
				<total>21</total>
				<timestamp>2471.027443</timestamp>
			</report>
			<report>
				<misses>7276001</misses>
				<total>22</total>
				<timestamp>2471.367058</timestamp>
			</report>
			<report>
				<misses>7277001</misses>
				<total>22</total>
				<timestamp>2471.706700</timestamp>
			</report>
			<report>
				<misses>7278001</misses>
				<total>21</total>
				<timestamp>2472.046453</timestamp>
			</report>
			<report>
				<misses>7279001</misses>
				<total>22</total>
				<timestamp>2472.386003</timestamp>
			</report>
			<report>
				<misses>7280001</misses>
				<total>22</total>
				<timestamp>2472.725662</timestamp>
			</report>
			<report>
				<misses>7281001</misses>
				<total>21</total>
				<timestamp>2473.065460</timestamp>
			</report>
			<report>
				<misses>7282001</misses>
				<total>22</total>
				<timestamp>2473.404980</timestamp>
			</report>
			<report>
				<misses>7283001</misses>
				<total>22</total>
				<timestamp>2473.744668</timestamp>
			</report>
			<report>
				<misses>7284001</misses>
				<total>21</total>
				<timestamp>2474.084438</timestamp>
			</report>
			<report>
				<misses>7285001</misses>
				<total>22</total>
				<timestamp>2474.423951</timestamp>
			</report>
			<report>
				<misses>7286001</misses>
				<total>22</total>
				<timestamp>2474.763607</timestamp>
			</report>
			<report>
				<misses>7287001</misses>
				<total>21</total>
				<timestamp>2475.103391</timestamp>
			</report>
			<report>
				<misses>7288001</misses>
				<total>23</total>
				<timestamp>2475.442967</timestamp>
			</report>
			<report>
				<misses>7289001</misses>
				<total>23</total>
				<timestamp>2475.782658</timestamp>
			</report>
			<report>
				<misses>7290001</misses>
				<total>23</total>
				<timestamp>2476.122311</timestamp>
			</report>
			<report>
				<misses>7291001</misses>
				<total>23</total>
				<timestamp>2476.461929</timestamp>
			</report>
			<report>
				<misses>7292001</misses>
				<total>23</total>
				<timestamp>2476.801621</timestamp>
			</report>
			<report>
				<misses>7293001</misses>
				<total>22</total>
				<timestamp>2477.141407</timestamp>
			</report>
			<report>
				<misses>7294001</misses>
				<total>23</total>
				<timestamp>2477.480930</timestamp>
			</report>
			<report>
				<misses>7295001</misses>
				<total>22</total>
				<timestamp>2477.820660</timestamp>
			</report>
			<report>
				<misses>7296001</misses>
				<total>24</total>
				<timestamp>2478.160238</timestamp>
			</report>
			<report>
				<misses>7297001</misses>
				<total>24</total>
				<timestamp>2478.499885</timestamp>
			</report>
			<report>
				<misses>7298001</misses>
				<total>24</total>
				<timestamp>2478.839545</timestamp>
			</report>
			<report>
				<misses>7299001</misses>
				<total>24</total>
				<timestamp>2479.179257</timestamp>
			</report>
			<report>
				<misses>7300001</misses>
				<total>24</total>
				<timestamp>2479.518904</timestamp>
			</report>
			<report>
				<misses>7301001</misses>
				<total>24</total>
				<timestamp>2479.858529</timestamp>
			</report>
			<report>
				<misses>7302001</misses>
				<total>24</total>
				<timestamp>2480.198169</timestamp>
			</report>
			<report>
				<misses>7303001</misses>
				<total>24</total>
				<timestamp>2480.537858</timestamp>
			</report>
			<report>
				<misses>7304001</misses>
				<total>24</total>
				<timestamp>2480.877503</timestamp>
			</report>
			<report>
				<misses>7305001</misses>
				<total>23</total>
				<timestamp>2481.217255</timestamp>
			</report>
			<report>
				<misses>7306001</misses>
				<total>24</total>
				<timestamp>2481.556817</timestamp>
			</report>
			<report>
				<misses>7307001</misses>
				<total>24</total>
				<timestamp>2481.896494</timestamp>
			</report>
			<report>
				<misses>7308001</misses>
				<total>24</total>
				<timestamp>2482.236139</timestamp>
			</report>
			<report>
				<misses>7309001</misses>
				<total>24</total>
				<timestamp>2482.575812</timestamp>
			</report>
			<report>
				<misses>7310001</misses>
				<total>23</total>
				<timestamp>2482.915611</timestamp>
			</report>
			<report>
				<misses>7311001</misses>
				<total>24</total>
				<timestamp>2483.255102</timestamp>
			</report>
			<report>
				<misses>7312001</misses>
				<total>24</total>
				<timestamp>2483.594810</timestamp>
			</report>
			<report>
				<misses>7313001</misses>
				<total>24</total>
				<timestamp>2483.934465</timestamp>
			</report>
			<report>
				<misses>7314001</misses>
				<total>24</total>
				<timestamp>2484.274113</timestamp>
			</report>
			<report>
				<misses>7315001</misses>
				<total>24</total>
				<timestamp>2484.613772</timestamp>
			</report>
			<report>
				<misses>7316001</misses>
				<total>24</total>
				<timestamp>2484.953485</timestamp>
			</report>
			<report>
				<misses>7317001</misses>
				<total>24</total>
				<timestamp>2485.293095</timestamp>
			</report>
			<report>
				<misses>7318001</misses>
				<total>24</total>
				<timestamp>2485.632743</timestamp>
			</report>
			<report>
				<misses>7319001</misses>
				<total>24</total>
				<timestamp>2485.972436</timestamp>
			</report>
			<report>
				<misses>7320001</misses>
				<total>24</total>
				<timestamp>2486.312050</timestamp>
			</report>
			<report>
				<misses>7321001</misses>
				<total>24</total>
				<timestamp>2486.651730</timestamp>
			</report>
			<report>
				<misses>7322001</misses>
				<total>23</total>
				<timestamp>2486.991491</timestamp>
			</report>
			<report>
				<misses>7323001</misses>
				<total>24</total>
				<timestamp>2487.331025</timestamp>
			</report>
			<report>
				<misses>7324001</misses>
				<total>24</total>
				<timestamp>2487.670710</timestamp>
			</report>
			<report>
				<misses>7325001</misses>
				<total>23</total>
				<timestamp>2488.010452</timestamp>
			</report>
			<report>
				<misses>7326001</misses>
				<total>25</total>
				<timestamp>2488.350042</timestamp>
			</report>
			<report>
				<misses>7327001</misses>
				<total>25</total>
				<timestamp>2488.689673</timestamp>
			</report>
			<report>
				<misses>7328001</misses>
				<total>24</total>
				<timestamp>2489.029445</timestamp>
			</report>
			<report>
				<misses>7329001</misses>
				<total>25</total>
				<timestamp>2489.368984</timestamp>
			</report>
			<report>
				<misses>7330001</misses>
				<total>25</total>
				<timestamp>2489.708651</timestamp>
			</report>
			<report>
				<misses>7331001</misses>
				<total>25</total>
				<timestamp>2490.048360</timestamp>
			</report>
			<report>
				<misses>7332001</misses>
				<total>25</total>
				<timestamp>2490.387971</timestamp>
			</report>
			<report>
				<misses>7333001</misses>
				<total>25</total>
				<timestamp>2490.727622</timestamp>
			</report>
			<report>
				<misses>7334001</misses>
				<total>24</total>
				<timestamp>2491.067439</timestamp>
			</report>
			<report>
				<misses>7335001</misses>
				<total>25</total>
				<timestamp>2491.406961</timestamp>
			</report>
			<report>
				<misses>7336001</misses>
				<total>25</total>
				<timestamp>2491.746622</timestamp>
			</report>
			<report>
				<misses>7337001</misses>
				<total>24</total>
				<timestamp>2492.086419</timestamp>
			</report>
			<report>
				<misses>7338001</misses>
				<total>25</total>
				<timestamp>2492.425928</timestamp>
			</report>
			<report>
				<misses>7339001</misses>
				<total>25</total>
				<timestamp>2492.765576</timestamp>
			</report>
			<report>
				<misses>7340001</misses>
				<total>24</total>
				<timestamp>2493.105393</timestamp>
			</report>
			<report>
				<misses>7341001</misses>
				<total>25</total>
				<timestamp>2493.444954</timestamp>
			</report>
			<report>
				<misses>7342001</misses>
				<total>25</total>
				<timestamp>2493.784588</timestamp>
			</report>
			<report>
				<misses>7343001</misses>
				<total>25</total>
				<timestamp>2494.124292</timestamp>
			</report>
			<report>
				<misses>7344001</misses>
				<total>25</total>
				<timestamp>2494.463938</timestamp>
			</report>
			<report>
				<misses>7345001</misses>
				<total>25</total>
				<timestamp>2494.803559</timestamp>
			</report>
			<report>
				<misses>7346001</misses>
				<total>25</total>
				<timestamp>2495.143238</timestamp>
			</report>
			<report>
				<misses>7347001</misses>
				<total>25</total>
				<timestamp>2495.482864</timestamp>
			</report>
			<report>
				<misses>7348001</misses>
				<total>25</total>
				<timestamp>2495.822548</timestamp>
			</report>
			<report>
				<misses>7349001</misses>
				<total>25</total>
				<timestamp>2496.162232</timestamp>
			</report>
			<report>
				<misses>7350001</misses>
				<total>25</total>
				<timestamp>2496.501863</timestamp>
			</report>
			<report>
				<misses>7351001</misses>
				<total>25</total>
				<timestamp>2496.841536</timestamp>
			</report>
			<report>
				<misses>7352001</misses>
				<total>25</total>
				<timestamp>2497.181248</timestamp>
			</report>
			<report>
				<misses>7353001</misses>
				<total>25</total>
				<timestamp>2497.520836</timestamp>
			</report>
			<report>
				<misses>7354001</misses>
				<total>25</total>
				<timestamp>2497.860507</timestamp>
			</report>
			<report>
				<misses>7355001</misses>
				<total>25</total>
				<timestamp>2498.200199</timestamp>
			</report>
			<report>
				<misses>7356001</misses>
				<total>25</total>
				<timestamp>2498.539859</timestamp>
			</report>
			<report>
				<misses>7357001</misses>
				<total>25</total>
				<timestamp>2498.879509</timestamp>
			</report>
			<report>
				<misses>7358001</misses>
				<total>24</total>
				<timestamp>2499.219260</timestamp>
			</report>
			<report>
				<misses>7359001</misses>
				<total>25</total>
				<timestamp>2499.558809</timestamp>
			</report>
			<report>
				<misses>7360001</misses>
				<total>25</total>
				<timestamp>2499.898456</timestamp>
			</report>
			<report>
				<misses>7361001</misses>
				<total>25</total>
				<timestamp>2500.238118</timestamp>
			</report>
			<report>
				<misses>7362001</misses>
				<total>25</total>
				<timestamp>2500.577832</timestamp>
			</report>
			<report>
				<misses>7363001</misses>
				<total>25</total>
				<timestamp>2500.917482</timestamp>
			</report>
			<report>
				<misses>7364001</misses>
				<total>25</total>
				<timestamp>2501.257105</timestamp>
			</report>
			<report>
				<misses>7365001</misses>
				<total>25</total>
				<timestamp>2501.596800</timestamp>
			</report>
			<report>
				<misses>7366001</misses>
				<total>25</total>
				<timestamp>2501.936434</timestamp>
			</report>
			<report>
				<misses>7367001</misses>
				<total>25</total>
				<timestamp>2502.276148</timestamp>
			</report>
			<report>
				<misses>7368001</misses>
				<total>25</total>
				<timestamp>2502.615780</timestamp>
			</report>
			<report>
				<misses>7369001</misses>
				<total>25</total>
				<timestamp>2502.955456</timestamp>
			</report>
			<report>
				<misses>7370001</misses>
				<total>25</total>
				<timestamp>2503.295054</timestamp>
			</report>
			<report>
				<misses>7371001</misses>
				<total>25</total>
				<timestamp>2503.634737</timestamp>
			</report>
			<report>
				<misses>7372001</misses>
				<total>25</total>
				<timestamp>2503.974429</timestamp>
			</report>
			<report>
				<misses>7373001</misses>
				<total>25</total>
				<timestamp>2504.314037</timestamp>
			</report>
			<report>
				<misses>7374001</misses>
				<total>25</total>
				<timestamp>2504.653693</timestamp>
			</report>
			<report>
				<misses>7375001</misses>
				<total>24</total>
				<timestamp>2504.993478</timestamp>
			</report>
			<report>
				<misses>7376001</misses>
				<total>25</total>
				<timestamp>2505.333060</timestamp>
			</report>
			<report>
				<misses>7377001</misses>
				<total>25</total>
				<timestamp>2505.672670</timestamp>
			</report>
			<report>
				<misses>7378001</misses>
				<total>24</total>
				<timestamp>2506.012452</timestamp>
			</report>
			<report>
				<misses>7379001</misses>
				<total>25</total>
				<timestamp>2506.351993</timestamp>
			</report>
			<report>
				<misses>7380001</misses>
				<total>25</total>
				<timestamp>2506.691657</timestamp>
			</report>
			<report>
				<misses>7381001</misses>
				<total>25</total>
				<timestamp>2507.031331</timestamp>
			</report>
			<report>
				<misses>7382001</misses>
				<total>25</total>
				<timestamp>2507.370970</timestamp>
			</report>
			<report>
				<misses>7383001</misses>
				<total>25</total>
				<timestamp>2507.710646</timestamp>
			</report>
			<report>
				<misses>7384001</misses>
				<total>25</total>
				<timestamp>2508.050307</timestamp>
			</report>
			<report>
				<misses>7385001</misses>
				<total>25</total>
				<timestamp>2508.389960</timestamp>
			</report>
			<report>
				<misses>7386001</misses>
				<total>25</total>
				<timestamp>2508.729623</timestamp>
			</report>
			<report>
				<misses>7387001</misses>
				<total>24</total>
				<timestamp>2509.069427</timestamp>
			</report>
			<report>
				<misses>7388001</misses>
				<total>25</total>
				<timestamp>2509.408924</timestamp>
			</report>
			<report>
				<misses>7389001</misses>
				<total>25</total>
				<timestamp>2509.748610</timestamp>
			</report>
			<report>
				<misses>7390001</misses>
				<total>25</total>
				<timestamp>2510.088304</timestamp>
			</report>
			<report>
				<misses>7391001</misses>
				<total>25</total>
				<timestamp>2510.427917</timestamp>
			</report>
			<report>
				<misses>7392001</misses>
				<total>25</total>
				<timestamp>2510.767583</timestamp>
			</report>
			<report>
				<misses>7393001</misses>
				<total>25</total>
				<timestamp>2511.107308</timestamp>
			</report>
			<report>
				<misses>7394001</misses>
				<total>25</total>
				<timestamp>2511.446912</timestamp>
			</report>
			<report>
				<misses>7395001</misses>
				<total>25</total>
				<timestamp>2511.786562</timestamp>
			</report>
			<report>
				<misses>7396001</misses>
				<total>24</total>
				<timestamp>2512.126320</timestamp>
			</report>
			<report>
				<misses>7397001</misses>
				<total>25</total>
				<timestamp>2512.465866</timestamp>
			</report>
			<report>
				<misses>7398001</misses>
				<total>25</total>
				<timestamp>2512.805545</timestamp>
			</report>
			<report>
				<misses>7399001</misses>
				<total>25</total>
				<timestamp>2513.145211</timestamp>
			</report>
			<report>
				<misses>7400001</misses>
				<total>25</total>
				<timestamp>2513.484892</timestamp>
			</report>
			<report>
				<misses>7401001</misses>
				<total>25</total>
				<timestamp>2513.824537</timestamp>
			</report>
			<report>
				<misses>7402001</misses>
				<total>24</total>
				<timestamp>2514.164307</timestamp>
			</report>
			<report>
				<misses>7403001</misses>
				<total>25</total>
				<timestamp>2514.503838</timestamp>
			</report>
			<report>
				<misses>7404001</misses>
				<total>25</total>
				<timestamp>2514.843529</timestamp>
			</report>
			<report>
				<misses>7405001</misses>
				<total>25</total>
				<timestamp>2515.183222</timestamp>
			</report>
			<report>
				<misses>7406001</misses>
				<total>25</total>
				<timestamp>2515.522828</timestamp>
			</report>
			<report>
				<misses>7407001</misses>
				<total>25</total>
				<timestamp>2515.862472</timestamp>
			</report>
			<report>
				<misses>7408001</misses>
				<total>24</total>
				<timestamp>2516.202260</timestamp>
			</report>
			<report>
				<misses>7409001</misses>
				<total>25</total>
				<timestamp>2516.541795</timestamp>
			</report>
			<report>
				<misses>7410001</misses>
				<total>25</total>
				<timestamp>2516.881470</timestamp>
			</report>
			<report>
				<misses>7411001</misses>
				<total>25</total>
				<timestamp>2517.221163</timestamp>
			</report>
			<report>
				<misses>7412001</misses>
				<total>25</total>
				<timestamp>2517.560792</timestamp>
			</report>
			<report>
				<misses>7413001</misses>
				<total>25</total>
				<timestamp>2517.900443</timestamp>
			</report>
			<report>
				<misses>7414001</misses>
				<total>25</total>
				<timestamp>2518.240141</timestamp>
			</report>
			<report>
				<misses>7415001</misses>
				<total>25</total>
				<timestamp>2518.579764</timestamp>
			</report>
			<report>
				<misses>7416001</misses>
				<total>25</total>
				<timestamp>2518.919423</timestamp>
			</report>
			<report>
				<misses>7417001</misses>
				<total>25</total>
				<timestamp>2519.259145</timestamp>
			</report>
			<report>
				<misses>7418001</misses>
				<total>25</total>
				<timestamp>2519.598743</timestamp>
			</report>
			<report>
				<misses>7419001</misses>
				<total>25</total>
				<timestamp>2519.938410</timestamp>
			</report>
			<report>
				<misses>7420001</misses>
				<total>25</total>
				<timestamp>2520.278147</timestamp>
			</report>
			<report>
				<misses>7421001</misses>
				<total>25</total>
				<timestamp>2520.617721</timestamp>
			</report>
			<report>
				<misses>7422001</misses>
				<total>25</total>
				<timestamp>2520.957393</timestamp>
			</report>
			<report>
				<misses>7423001</misses>
				<total>25</total>
				<timestamp>2521.297115</timestamp>
			</report>
			<report>
				<misses>7424001</misses>
				<total>25</total>
				<timestamp>2521.636729</timestamp>
			</report>
			<report>
				<misses>7425001</misses>
				<total>25</total>
				<timestamp>2521.976354</timestamp>
			</report>
			<report>
				<misses>7426001</misses>
				<total>25</total>
				<timestamp>2522.316064</timestamp>
			</report>
			<report>
				<misses>7427001</misses>
				<total>25</total>
				<timestamp>2522.655717</timestamp>
			</report>
			<report>
				<misses>7428001</misses>
				<total>25</total>
				<timestamp>2522.995360</timestamp>
			</report>
			<report>
				<misses>7429001</misses>
				<total>24</total>
				<timestamp>2523.335152</timestamp>
			</report>
			<report>
				<misses>7430001</misses>
				<total>25</total>
				<timestamp>2523.674646</timestamp>
			</report>
			<report>
				<misses>7431001</misses>
				<total>25</total>
				<timestamp>2524.014343</timestamp>
			</report>
			<report>
				<misses>7432001</misses>
				<total>25</total>
				<timestamp>2524.353990</timestamp>
			</report>
			<report>
				<misses>7433001</misses>
				<total>25</total>
				<timestamp>2524.693649</timestamp>
			</report>
			<report>
				<misses>7434001</misses>
				<total>25</total>
				<timestamp>2525.033325</timestamp>
			</report>
			<report>
				<misses>7435001</misses>
				<total>24</total>
				<timestamp>2525.373127</timestamp>
			</report>
			<report>
				<misses>7436001</misses>
				<total>25</total>
				<timestamp>2525.712621</timestamp>
			</report>
			<report>
				<misses>7437001</misses>
				<total>25</total>
				<timestamp>2526.052328</timestamp>
			</report>
			<report>
				<misses>7438001</misses>
				<total>24</total>
				<timestamp>2526.392101</timestamp>
			</report>
			<report>
				<misses>7439001</misses>
				<total>25</total>
				<timestamp>2526.731589</timestamp>
			</report>
			<report>
				<misses>7440001</misses>
				<total>25</total>
				<timestamp>2527.071322</timestamp>
			</report>
			<report>
				<misses>7441001</misses>
				<total>25</total>
				<timestamp>2527.410927</timestamp>
			</report>
			<report>
				<misses>7442001</misses>
				<total>25</total>
				<timestamp>2527.750582</timestamp>
			</report>
			<report>
				<misses>7443001</misses>
				<total>24</total>
				<timestamp>2528.090349</timestamp>
			</report>
			<report>
				<misses>7444001</misses>
				<total>25</total>
				<timestamp>2528.429893</timestamp>
			</report>
			<report>
				<misses>7445001</misses>
				<total>25</total>
				<timestamp>2528.769565</timestamp>
			</report>
			<report>
				<misses>7446001</misses>
				<total>24</total>
				<timestamp>2529.109302</timestamp>
			</report>
			<report>
				<misses>7447001</misses>
				<total>25</total>
				<timestamp>2529.448871</timestamp>
			</report>
			<report>
				<misses>7448001</misses>
				<total>25</total>
				<timestamp>2529.788526</timestamp>
			</report>
			<report>
				<misses>7449001</misses>
				<total>24</total>
				<timestamp>2530.128279</timestamp>
			</report>
			<report>
				<misses>7450001</misses>
				<total>25</total>
				<timestamp>2530.467856</timestamp>
			</report>
			<report>
				<misses>7451001</misses>
				<total>25</total>
				<timestamp>2530.807563</timestamp>
			</report>
			<report>
				<misses>7452001</misses>
				<total>25</total>
				<timestamp>2531.147221</timestamp>
			</report>
			<report>
				<misses>7453001</misses>
				<total>25</total>
				<timestamp>2531.486827</timestamp>
			</report>
			<report>
				<misses>7454001</misses>
				<total>25</total>
				<timestamp>2531.826486</timestamp>
			</report>
			<report>
				<misses>7455001</misses>
				<total>24</total>
				<timestamp>2532.166285</timestamp>
			</report>
			<report>
				<misses>7456001</misses>
				<total>25</total>
				<timestamp>2532.505808</timestamp>
			</report>
			<report>
				<misses>7457001</misses>
				<total>25</total>
				<timestamp>2532.845480</timestamp>
			</report>
			<report>
				<misses>7458001</misses>
				<total>25</total>
				<timestamp>2533.185142</timestamp>
			</report>
			<report>
				<misses>7459001</misses>
				<total>25</total>
				<timestamp>2533.524795</timestamp>
			</report>
			<report>
				<misses>7460001</misses>
				<total>25</total>
				<timestamp>2533.864470</timestamp>
			</report>
			<report>
				<misses>7461001</misses>
				<total>25</total>
				<timestamp>2534.204185</timestamp>
			</report>
			<report>
				<misses>7462001</misses>
				<total>25</total>
				<timestamp>2534.543768</timestamp>
			</report>
			<report>
				<misses>7463001</misses>
				<total>25</total>
				<timestamp>2534.883454</timestamp>
			</report>
			<report>
				<misses>7464001</misses>
				<total>25</total>
				<timestamp>2535.223151</timestamp>
			</report>
			<report>
				<misses>7465001</misses>
				<total>25</total>
				<timestamp>2535.562787</timestamp>
			</report>
			<report>
				<misses>7466001</misses>
				<total>25</total>
				<timestamp>2535.902423</timestamp>
			</report>
			<report>
				<misses>7467001</misses>
				<total>25</total>
				<timestamp>2536.242152</timestamp>
			</report>
			<report>
				<misses>7468001</misses>
				<total>25</total>
				<timestamp>2536.581739</timestamp>
			</report>
			<report>
				<misses>7469001</misses>
				<total>25</total>
				<timestamp>2536.921403</timestamp>
			</report>
			<report>
				<misses>7470001</misses>
				<total>25</total>
				<timestamp>2537.261114</timestamp>
			</report>
			<report>
				<misses>7471001</misses>
				<total>25</total>
				<timestamp>2537.600754</timestamp>
			</report>
			<report>
				<misses>7472001</misses>
				<total>25</total>
				<timestamp>2537.940368</timestamp>
			</report>
			<report>
				<misses>7473001</misses>
				<total>24</total>
				<timestamp>2538.280153</timestamp>
			</report>
			<report>
				<misses>7474001</misses>
				<total>25</total>
				<timestamp>2538.619711</timestamp>
			</report>
			<report>
				<misses>7475001</misses>
				<total>25</total>
				<timestamp>2538.959364</timestamp>
			</report>
			<report>
				<misses>7476001</misses>
				<total>25</total>
				<timestamp>2539.299010</timestamp>
			</report>
			<report>
				<misses>7477001</misses>
				<total>25</total>
				<timestamp>2539.638678</timestamp>
			</report>
			<report>
				<misses>7478001</misses>
				<total>25</total>
				<timestamp>2539.978353</timestamp>
			</report>
			<report>
				<misses>7479001</misses>
				<total>24</total>
				<timestamp>2540.318123</timestamp>
			</report>
			<report>
				<misses>7480001</misses>
				<total>25</total>
				<timestamp>2540.657693</timestamp>
			</report>
			<report>
				<misses>7481001</misses>
				<total>25</total>
				<timestamp>2540.997320</timestamp>
			</report>
			<report>
				<misses>7482001</misses>
				<total>24</total>
				<timestamp>2541.337115</timestamp>
			</report>
			<report>
				<misses>7483001</misses>
				<total>25</total>
				<timestamp>2541.676667</timestamp>
			</report>
			<report>
				<misses>7484001</misses>
				<total>25</total>
				<timestamp>2542.016311</timestamp>
			</report>
			<report>
				<misses>7485001</misses>
				<total>25</total>
				<timestamp>2542.355969</timestamp>
			</report>
			<report>
				<misses>7486001</misses>
				<total>25</total>
				<timestamp>2542.695633</timestamp>
			</report>
			<report>
				<misses>7487001</misses>
				<total>25</total>
				<timestamp>2543.035299</timestamp>
			</report>
			<report>
				<misses>7488001</misses>
				<total>25</total>
				<timestamp>2543.374979</timestamp>
			</report>
			<report>
				<misses>7489001</misses>
				<total>25</total>
				<timestamp>2543.714622</timestamp>
			</report>
			<report>
				<misses>7490001</misses>
				<total>25</total>
				<timestamp>2544.054291</timestamp>
			</report>
			<report>
				<misses>7491001</misses>
				<total>25</total>
				<timestamp>2544.393928</timestamp>
			</report>
			<report>
				<misses>7492001</misses>
				<total>25</total>
				<timestamp>2544.733618</timestamp>
			</report>
			<report>
				<misses>7493001</misses>
				<total>25</total>
				<timestamp>2545.073237</timestamp>
			</report>
			<report>
				<misses>7494001</misses>
				<total>25</total>
				<timestamp>2545.412937</timestamp>
			</report>
			<report>
				<misses>7495001</misses>
				<total>25</total>
				<timestamp>2545.752602</timestamp>
			</report>
			<report>
				<misses>7496001</misses>
				<total>25</total>
				<timestamp>2546.092218</timestamp>
			</report>
			<report>
				<misses>7497001</misses>
				<total>24</total>
				<timestamp>2546.431979</timestamp>
			</report>
			<report>
				<misses>7498001</misses>
				<total>25</total>
				<timestamp>2546.771529</timestamp>
			</report>
			<report>
				<misses>7499001</misses>
				<total>26</total>
				<timestamp>2547.111209</timestamp>
			</report>
			<report>
				<misses>7500001</misses>
				<total>25</total>
				<timestamp>2547.450974</timestamp>
			</report>
			<report>
				<misses>7501001</misses>
				<total>26</total>
				<timestamp>2547.790513</timestamp>
			</report>
			<report>
				<misses>7502001</misses>
				<total>26</total>
				<timestamp>2548.130206</timestamp>
			</report>
			<report>
				<misses>7503001</misses>
				<total>25</total>
				<timestamp>2548.469959</timestamp>
			</report>
			<report>
				<misses>7504001</misses>
				<total>26</total>
				<timestamp>2548.809511</timestamp>
			</report>
			<report>
				<misses>7505001</misses>
				<total>26</total>
				<timestamp>2549.149150</timestamp>
			</report>
			<report>
				<misses>7506001</misses>
				<total>26</total>
				<timestamp>2549.488898</timestamp>
			</report>
			<report>
				<misses>7507001</misses>
				<total>26</total>
				<timestamp>2549.828488</timestamp>
			</report>
			<report>
				<misses>7508001</misses>
				<total>26</total>
				<timestamp>2550.168174</timestamp>
			</report>
			<report>
				<misses>7509001</misses>
				<total>26</total>
				<timestamp>2550.507827</timestamp>
			</report>
			<report>
				<misses>7510001</misses>
				<total>26</total>
				<timestamp>2550.847471</timestamp>
			</report>
			<report>
				<misses>7511001</misses>
				<total>26</total>
				<timestamp>2551.187128</timestamp>
			</report>
			<report>
				<misses>7512001</misses>
				<total>26</total>
				<timestamp>2551.526771</timestamp>
			</report>
			<report>
				<misses>7513001</misses>
				<total>26</total>
				<timestamp>2551.866436</timestamp>
			</report>
			<report>
				<misses>7514001</misses>
				<total>25</total>
				<timestamp>2552.206172</timestamp>
			</report>
			<report>
				<misses>7515001</misses>
				<total>26</total>
				<timestamp>2552.545767</timestamp>
			</report>
			<report>
				<misses>7516001</misses>
				<total>26</total>
				<timestamp>2552.885431</timestamp>
			</report>
			<report>
				<misses>7517001</misses>
				<total>25</total>
				<timestamp>2553.225153</timestamp>
			</report>
			<report>
				<misses>7518001</misses>
				<total>26</total>
				<timestamp>2553.564762</timestamp>
			</report>
			<report>
				<misses>7519001</misses>
				<total>26</total>
				<timestamp>2553.904398</timestamp>
			</report>
			<report>
				<misses>7520001</misses>
				<total>26</total>
				<timestamp>2554.244094</timestamp>
			</report>
			<report>
				<misses>7521001</misses>
				<total>26</total>
				<timestamp>2554.583729</timestamp>
			</report>
			<report>
				<misses>7522001</misses>
				<total>26</total>
				<timestamp>2554.923491</timestamp>
			</report>
			<report>
				<misses>7523001</misses>
				<total>25</total>
				<timestamp>2555.263149</timestamp>
			</report>
			<report>
				<misses>7524001</misses>
				<total>26</total>
				<timestamp>2555.602707</timestamp>
			</report>
			<report>
				<misses>7525001</misses>
				<total>26</total>
				<timestamp>2555.942371</timestamp>
			</report>
			<report>
				<misses>7526001</misses>
				<total>25</total>
				<timestamp>2556.282125</timestamp>
			</report>
			<report>
				<misses>7527001</misses>
				<total>26</total>
				<timestamp>2556.621683</timestamp>
			</report>
			<report>
				<misses>7528001</misses>
				<total>26</total>
				<timestamp>2556.961373</timestamp>
			</report>
			<report>
				<misses>7529001</misses>
				<total>26</total>
				<timestamp>2557.301020</timestamp>
			</report>
			<report>
				<misses>7530001</misses>
				<total>26</total>
				<timestamp>2557.640663</timestamp>
			</report>
			<report>
				<misses>7531001</misses>
				<total>26</total>
				<timestamp>2557.980330</timestamp>
			</report>
			<report>
				<misses>7532001</misses>
				<total>26</total>
				<timestamp>2558.320001</timestamp>
			</report>
			<report>
				<misses>7533001</misses>
				<total>26</total>
				<timestamp>2558.659660</timestamp>
			</report>
			<report>
				<misses>7534001</misses>
				<total>26</total>
				<timestamp>2558.999310</timestamp>
			</report>
			<report>
				<misses>7535001</misses>
				<total>26</total>
				<timestamp>2559.339011</timestamp>
			</report>
			<report>
				<misses>7536001</misses>
				<total>26</total>
				<timestamp>2559.678612</timestamp>
			</report>
			<report>
				<misses>7537001</misses>
				<total>26</total>
				<timestamp>2560.018300</timestamp>
			</report>
			<report>
				<misses>7538001</misses>
				<total>26</total>
				<timestamp>2560.358028</timestamp>
			</report>
			<report>
				<misses>7539001</misses>
				<total>26</total>
				<timestamp>2560.697607</timestamp>
			</report>
			<report>
				<misses>7540001</misses>
				<total>26</total>
				<timestamp>2561.037286</timestamp>
			</report>
			<report>
				<misses>7541001</misses>
				<total>25</total>
				<timestamp>2561.376996</timestamp>
			</report>
			<report>
				<misses>7542001</misses>
				<total>26</total>
				<timestamp>2561.716589</timestamp>
			</report>
			<report>
				<misses>7543001</misses>
				<total>26</total>
				<timestamp>2562.056240</timestamp>
			</report>
			<report>
				<misses>7544001</misses>
				<total>26</total>
				<timestamp>2562.395925</timestamp>
			</report>
			<report>
				<misses>7545001</misses>
				<total>25</total>
				<timestamp>2562.735684</timestamp>
			</report>
			<report>
				<misses>7546001</misses>
				<total>26</total>
				<timestamp>2563.075230</timestamp>
			</report>
			<report>
				<misses>7547001</misses>
				<total>25</total>
				<timestamp>2563.414982</timestamp>
			</report>
			<report>
				<misses>7548001</misses>
				<total>26</total>
				<timestamp>2563.754535</timestamp>
			</report>
			<report>
				<misses>7549001</misses>
				<total>26</total>
				<timestamp>2564.094207</timestamp>
			</report>
			<report>
				<misses>7550001</misses>
				<total>25</total>
				<timestamp>2564.434046</timestamp>
			</report>
			<report>
				<misses>7551001</misses>
				<total>26</total>
				<timestamp>2564.773519</timestamp>
			</report>
			<report>
				<misses>7552001</misses>
				<total>26</total>
				<timestamp>2565.113203</timestamp>
			</report>
			<report>
				<misses>7553001</misses>
				<total>26</total>
				<timestamp>2565.452895</timestamp>
			</report>
			<report>
				<misses>7554001</misses>
				<total>26</total>
				<timestamp>2565.792520</timestamp>
			</report>
			<report>
				<misses>7555001</misses>
				<total>26</total>
				<timestamp>2566.132156</timestamp>
			</report>
			<report>
				<misses>7556001</misses>
				<total>26</total>
				<timestamp>2566.471886</timestamp>
			</report>
			<report>
				<misses>7557001</misses>
				<total>26</total>
				<timestamp>2566.811525</timestamp>
			</report>
			<report>
				<misses>7558001</misses>
				<total>26</total>
				<timestamp>2567.151134</timestamp>
			</report>
			<report>
				<misses>7559001</misses>
				<total>26</total>
				<timestamp>2567.490848</timestamp>
			</report>
			<report>
				<misses>7560001</misses>
				<total>26</total>
				<timestamp>2567.830498</timestamp>
			</report>
			<report>
				<misses>7561001</misses>
				<total>26</total>
				<timestamp>2568.170120</timestamp>
			</report>
			<report>
				<misses>7562001</misses>
				<total>26</total>
				<timestamp>2568.509834</timestamp>
			</report>
			<report>
				<misses>7563001</misses>
				<total>26</total>
				<timestamp>2568.849435</timestamp>
			</report>
			<report>
				<misses>7564001</misses>
				<total>26</total>
				<timestamp>2569.189102</timestamp>
			</report>
			<report>
				<misses>7565001</misses>
				<total>26</total>
				<timestamp>2569.528834</timestamp>
			</report>
			<report>
				<misses>7566001</misses>
				<total>26</total>
				<timestamp>2569.868430</timestamp>
			</report>
			<report>
				<misses>7567001</misses>
				<total>26</total>
				<timestamp>2570.208076</timestamp>
			</report>
			<report>
				<misses>7568001</misses>
				<total>25</total>
				<timestamp>2570.547827</timestamp>
			</report>
			<report>
				<misses>7569001</misses>
				<total>26</total>
				<timestamp>2570.887397</timestamp>
			</report>
			<report>
				<misses>7570001</misses>
				<total>26</total>
				<timestamp>2571.227051</timestamp>
			</report>
			<report>
				<misses>7571001</misses>
				<total>25</total>
				<timestamp>2571.566807</timestamp>
			</report>
			<report>
				<misses>7572001</misses>
				<total>26</total>
				<timestamp>2571.906384</timestamp>
			</report>
			<report>
				<misses>7573001</misses>
				<total>26</total>
				<timestamp>2572.246030</timestamp>
			</report>
			<report>
				<misses>7574001</misses>
				<total>25</total>
				<timestamp>2572.585831</timestamp>
			</report>
			<report>
				<misses>7575001</misses>
				<total>26</total>
				<timestamp>2572.925349</timestamp>
			</report>
			<report>
				<misses>7576001</misses>
				<total>26</total>
				<timestamp>2573.265030</timestamp>
			</report>
			<report>
				<misses>7577001</misses>
				<total>25</total>
				<timestamp>2573.604804</timestamp>
			</report>
			<report>
				<misses>7578001</misses>
				<total>26</total>
				<timestamp>2573.944318</timestamp>
			</report>
			<report>
				<misses>7579001</misses>
				<total>26</total>
				<timestamp>2574.284075</timestamp>
			</report>
			<report>
				<misses>7580001</misses>
				<total>25</total>
				<timestamp>2574.623783</timestamp>
			</report>
			<report>
				<misses>7581001</misses>
				<total>26</total>
				<timestamp>2574.963328</timestamp>
			</report>
			<report>
				<misses>7582001</misses>
				<total>26</total>
				<timestamp>2575.303038</timestamp>
			</report>
			<report>
				<misses>7583001</misses>
				<total>26</total>
				<timestamp>2575.642641</timestamp>
			</report>
			<report>
				<misses>7584001</misses>
				<total>26</total>
				<timestamp>2575.982292</timestamp>
			</report>
			<report>
				<misses>7585001</misses>
				<total>26</total>
				<timestamp>2576.322019</timestamp>
			</report>
			<report>
				<misses>7586001</misses>
				<total>25</total>
				<timestamp>2576.661806</timestamp>
			</report>
			<report>
				<misses>7587001</misses>
				<total>26</total>
				<timestamp>2577.001266</timestamp>
			</report>
			<report>
				<misses>7588001</misses>
				<total>25</total>
				<timestamp>2577.341029</timestamp>
			</report>
			<report>
				<misses>7589001</misses>
				<total>26</total>
				<timestamp>2577.680620</timestamp>
			</report>
			<report>
				<misses>7590001</misses>
				<total>26</total>
				<timestamp>2578.020269</timestamp>
			</report>
			<report>
				<misses>7591001</misses>
				<total>25</total>
				<timestamp>2578.360011</timestamp>
			</report>
			<report>
				<misses>7592001</misses>
				<total>26</total>
				<timestamp>2578.699632</timestamp>
			</report>
			<report>
				<misses>7593001</misses>
				<total>26</total>
				<timestamp>2579.039239</timestamp>
			</report>
			<report>
				<misses>7594001</misses>
				<total>25</total>
				<timestamp>2579.378999</timestamp>
			</report>
			<report>
				<misses>7595001</misses>
				<total>26</total>
				<timestamp>2579.718541</timestamp>
			</report>
			<report>
				<misses>7596001</misses>
				<total>26</total>
				<timestamp>2580.058205</timestamp>
			</report>
			<report>
				<misses>7597001</misses>
				<total>26</total>
				<timestamp>2580.397877</timestamp>
			</report>
			<report>
				<misses>7598001</misses>
				<total>26</total>
				<timestamp>2580.737530</timestamp>
			</report>
			<report>
				<misses>7599001</misses>
				<total>26</total>
				<timestamp>2581.077215</timestamp>
			</report>
			<report>
				<misses>7600001</misses>
				<total>26</total>
				<timestamp>2581.416901</timestamp>
			</report>
			<report>
				<misses>7601001</misses>
				<total>26</total>
				<timestamp>2581.756535</timestamp>
			</report>
			<report>
				<misses>7602001</misses>
				<total>26</total>
				<timestamp>2582.096175</timestamp>
			</report>
			<report>
				<misses>7603001</misses>
				<total>26</total>
				<timestamp>2582.435859</timestamp>
			</report>
			<report>
				<misses>7604001</misses>
				<total>26</total>
				<timestamp>2582.775511</timestamp>
			</report>
			<report>
				<misses>7605001</misses>
				<total>26</total>
				<timestamp>2583.115150</timestamp>
			</report>
			<report>
				<misses>7606001</misses>
				<total>26</total>
				<timestamp>2583.454861</timestamp>
			</report>
			<report>
				<misses>7607001</misses>
				<total>26</total>
				<timestamp>2583.794521</timestamp>
			</report>
			<report>
				<misses>7608001</misses>
				<total>26</total>
				<timestamp>2584.134154</timestamp>
			</report>
			<report>
				<misses>7609001</misses>
				<total>26</total>
				<timestamp>2584.473816</timestamp>
			</report>
			<report>
				<misses>7610001</misses>
				<total>26</total>
				<timestamp>2584.813479</timestamp>
			</report>
			<report>
				<misses>7611001</misses>
				<total>26</total>
				<timestamp>2585.153114</timestamp>
			</report>
			<report>
				<misses>7612001</misses>
				<total>26</total>
				<timestamp>2585.492832</timestamp>
			</report>
			<report>
				<misses>7613001</misses>
				<total>26</total>
				<timestamp>2585.832433</timestamp>
			</report>
			<report>
				<misses>7614001</misses>
				<total>26</total>
				<timestamp>2586.172111</timestamp>
			</report>
			<report>
				<misses>7615001</misses>
				<total>26</total>
				<timestamp>2586.511864</timestamp>
			</report>
			<report>
				<misses>7616001</misses>
				<total>26</total>
				<timestamp>2586.851432</timestamp>
			</report>
			<report>
				<misses>7617001</misses>
				<total>26</total>
				<timestamp>2587.191083</timestamp>
			</report>
			<report>
				<misses>7618001</misses>
				<total>26</total>
				<timestamp>2587.530755</timestamp>
			</report>
			<report>
				<misses>7619001</misses>
				<total>26</total>
				<timestamp>2587.870405</timestamp>
			</report>
			<report>
				<misses>7620001</misses>
				<total>26</total>
				<timestamp>2588.210040</timestamp>
			</report>
			<report>
				<misses>7621001</misses>
				<total>26</total>
				<timestamp>2588.549752</timestamp>
			</report>
			<report>
				<misses>7622001</misses>
				<total>26</total>
				<timestamp>2588.889388</timestamp>
			</report>
			<report>
				<misses>7623001</misses>
				<total>26</total>
				<timestamp>2589.229028</timestamp>
			</report>
			<report>
				<misses>7624001</misses>
				<total>25</total>
				<timestamp>2589.568807</timestamp>
			</report>
			<report>
				<misses>7625001</misses>
				<total>26</total>
				<timestamp>2589.908360</timestamp>
			</report>
			<report>
				<misses>7626001</misses>
				<total>26</total>
				<timestamp>2590.248034</timestamp>
			</report>
			<report>
				<misses>7627001</misses>
				<total>25</total>
				<timestamp>2590.587787</timestamp>
			</report>
			<report>
				<misses>7628001</misses>
				<total>26</total>
				<timestamp>2590.927349</timestamp>
			</report>
			<report>
				<misses>7629001</misses>
				<total>26</total>
				<timestamp>2591.266986</timestamp>
			</report>
			<report>
				<misses>7630001</misses>
				<total>26</total>
				<timestamp>2591.606793</timestamp>
			</report>
			<report>
				<misses>7631001</misses>
				<total>27</total>
				<timestamp>2591.946322</timestamp>
			</report>
			<report>
				<misses>7632001</misses>
				<total>27</total>
				<timestamp>2592.285987</timestamp>
			</report>
			<report>
				<misses>7633001</misses>
				<total>27</total>
				<timestamp>2592.625665</timestamp>
			</report>
			<report>
				<misses>7634001</misses>
				<total>27</total>
				<timestamp>2592.965287</timestamp>
			</report>
			<report>
				<misses>7635001</misses>
				<total>27</total>
				<timestamp>2593.304960</timestamp>
			</report>
			<report>
				<misses>7636001</misses>
				<total>27</total>
				<timestamp>2593.644662</timestamp>
			</report>
			<report>
				<misses>7637001</misses>
				<total>27</total>
				<timestamp>2593.984276</timestamp>
			</report>
			<report>
				<misses>7638001</misses>
				<total>27</total>
				<timestamp>2594.323958</timestamp>
			</report>
			<report>
				<misses>7639001</misses>
				<total>27</total>
				<timestamp>2594.663685</timestamp>
			</report>
			<report>
				<misses>7640001</misses>
				<total>27</total>
				<timestamp>2595.003273</timestamp>
			</report>
			<report>
				<misses>7641001</misses>
				<total>27</total>
				<timestamp>2595.342948</timestamp>
			</report>
			<report>
				<misses>7642001</misses>
				<total>27</total>
				<timestamp>2595.682660</timestamp>
			</report>
			<report>
				<misses>7643001</misses>
				<total>27</total>
				<timestamp>2596.022250</timestamp>
			</report>
			<report>
				<misses>7644001</misses>
				<total>27</total>
				<timestamp>2596.361937</timestamp>
			</report>
			<report>
				<misses>7645001</misses>
				<total>26</total>
				<timestamp>2596.701656</timestamp>
			</report>
			<report>
				<misses>7646001</misses>
				<total>27</total>
				<timestamp>2597.041229</timestamp>
			</report>
			<report>
				<misses>7647001</misses>
				<total>27</total>
				<timestamp>2597.380880</timestamp>
			</report>
			<report>
				<misses>7648001</misses>
				<total>26</total>
				<timestamp>2597.720694</timestamp>
			</report>
			<report>
				<misses>7649001</misses>
				<total>27</total>
				<timestamp>2598.060197</timestamp>
			</report>
			<report>
				<misses>7650001</misses>
				<total>27</total>
				<timestamp>2598.399875</timestamp>
			</report>
			<report>
				<misses>7651001</misses>
				<total>26</total>
				<timestamp>2598.739642</timestamp>
			</report>
			<report>
				<misses>7652001</misses>
				<total>27</total>
				<timestamp>2599.079184</timestamp>
			</report>
			<report>
				<misses>7653001</misses>
				<total>27</total>
				<timestamp>2599.418878</timestamp>
			</report>
			<report>
				<misses>7654001</misses>
				<total>26</total>
				<timestamp>2599.758634</timestamp>
			</report>
			<report>
				<misses>7655001</misses>
				<total>27</total>
				<timestamp>2600.098160</timestamp>
			</report>
			<report>
				<misses>7656001</misses>
				<total>27</total>
				<timestamp>2600.437870</timestamp>
			</report>
			<report>
				<misses>7657001</misses>
				<total>27</total>
				<timestamp>2600.777567</timestamp>
			</report>
			<report>
				<misses>7658001</misses>
				<total>27</total>
				<timestamp>2601.117127</timestamp>
			</report>
			<report>
				<misses>7659001</misses>
				<total>27</total>
				<timestamp>2601.456871</timestamp>
			</report>
			<report>
				<misses>7660001</misses>
				<total>26</total>
				<timestamp>2601.796623</timestamp>
			</report>
			<report>
				<misses>7661001</misses>
				<total>27</total>
				<timestamp>2602.136118</timestamp>
			</report>
			<report>
				<misses>7662001</misses>
				<total>26</total>
				<timestamp>2602.475868</timestamp>
			</report>
			<report>
				<misses>7663001</misses>
				<total>27</total>
				<timestamp>2602.815574</timestamp>
			</report>
			<report>
				<misses>7664001</misses>
				<total>27</total>
				<timestamp>2603.155102</timestamp>
			</report>
			<report>
				<misses>7665001</misses>
				<total>26</total>
				<timestamp>2603.494906</timestamp>
			</report>
			<report>
				<misses>7666001</misses>
				<total>27</total>
				<timestamp>2603.834433</timestamp>
			</report>
			<report>
				<misses>7667001</misses>
				<total>27</total>
				<timestamp>2604.174091</timestamp>
			</report>
			<report>
				<misses>7668001</misses>
				<total>27</total>
				<timestamp>2604.513758</timestamp>
			</report>
			<report>
				<misses>7669001</misses>
				<total>27</total>
				<timestamp>2604.853405</timestamp>
			</report>
			<report>
				<misses>7670001</misses>
				<total>27</total>
				<timestamp>2605.193066</timestamp>
			</report>
			<report>
				<misses>7671001</misses>
				<total>26</total>
				<timestamp>2605.532843</timestamp>
			</report>
			<report>
				<misses>7672001</misses>
				<total>27</total>
				<timestamp>2605.872375</timestamp>
			</report>
			<report>
				<misses>7673001</misses>
				<total>27</total>
				<timestamp>2606.212046</timestamp>
			</report>
			<report>
				<misses>7674001</misses>
				<total>27</total>
				<timestamp>2606.551729</timestamp>
			</report>
			<report>
				<misses>7675001</misses>
				<total>27</total>
				<timestamp>2606.891392</timestamp>
			</report>
			<report>
				<misses>7676001</misses>
				<total>27</total>
				<timestamp>2607.231031</timestamp>
			</report>
			<report>
				<misses>7677001</misses>
				<total>27</total>
				<timestamp>2607.570720</timestamp>
			</report>
			<report>
				<misses>7678001</misses>
				<total>27</total>
				<timestamp>2607.910350</timestamp>
			</report>
			<report>
				<misses>7679001</misses>
				<total>27</total>
				<timestamp>2608.249999</timestamp>
			</report>
			<report>
				<misses>7680001</misses>
				<total>27</total>
				<timestamp>2608.589664</timestamp>
			</report>
			<report>
				<misses>7681001</misses>
				<total>27</total>
				<timestamp>2608.929346</timestamp>
			</report>
			<report>
				<misses>7682001</misses>
				<total>27</total>
				<timestamp>2609.268991</timestamp>
			</report>
			<report>
				<misses>7683001</misses>
				<total>27</total>
				<timestamp>2609.608687</timestamp>
			</report>
			<report>
				<misses>7684001</misses>
				<total>27</total>
				<timestamp>2609.948327</timestamp>
			</report>
			<report>
				<misses>7685001</misses>
				<total>27</total>
				<timestamp>2610.287967</timestamp>
			</report>
			<report>
				<misses>7686001</misses>
				<total>27</total>
				<timestamp>2610.627675</timestamp>
			</report>
			<report>
				<misses>7687001</misses>
				<total>27</total>
				<timestamp>2610.967324</timestamp>
			</report>
			<report>
				<misses>7688001</misses>
				<total>27</total>
				<timestamp>2611.306942</timestamp>
			</report>
			<report>
				<misses>7689001</misses>
				<total>27</total>
				<timestamp>2611.646668</timestamp>
			</report>
			<report>
				<misses>7690001</misses>
				<total>26</total>
				<timestamp>2611.986396</timestamp>
			</report>
			<report>
				<misses>7691001</misses>
				<total>27</total>
				<timestamp>2612.325916</timestamp>
			</report>
			<report>
				<misses>7692001</misses>
				<total>27</total>
				<timestamp>2612.665600</timestamp>
			</report>
			<report>
				<misses>7693001</misses>
				<total>27</total>
				<timestamp>2613.005261</timestamp>
			</report>
			<report>
				<misses>7694001</misses>
				<total>27</total>
				<timestamp>2613.344911</timestamp>
			</report>
			<report>
				<misses>7695001</misses>
				<total>28</total>
				<timestamp>2613.684573</timestamp>
			</report>
			<report>
				<misses>7696001</misses>
				<total>28</total>
				<timestamp>2614.024225</timestamp>
			</report>
			<report>
				<misses>7697001</misses>
				<total>28</total>
				<timestamp>2614.363887</timestamp>
			</report>
			<report>
				<misses>7698001</misses>
				<total>28</total>
				<timestamp>2614.703577</timestamp>
			</report>
			<report>
				<misses>7699001</misses>
				<total>28</total>
				<timestamp>2615.043227</timestamp>
			</report>
			<report>
				<misses>7700001</misses>
				<total>28</total>
				<timestamp>2615.382874</timestamp>
			</report>
			<report>
				<misses>7701001</misses>
				<total>28</total>
				<timestamp>2615.722566</timestamp>
			</report>
			<report>
				<misses>7702001</misses>
				<total>28</total>
				<timestamp>2616.062182</timestamp>
			</report>
			<report>
				<misses>7703001</misses>
				<total>28</total>
				<timestamp>2616.401842</timestamp>
			</report>
			<report>
				<misses>7704001</misses>
				<total>28</total>
				<timestamp>2616.741534</timestamp>
			</report>
			<report>
				<misses>7705001</misses>
				<total>28</total>
				<timestamp>2617.081162</timestamp>
			</report>
			<report>
				<misses>7706001</misses>
				<total>28</total>
				<timestamp>2617.420806</timestamp>
			</report>
			<report>
				<misses>7707001</misses>
				<total>28</total>
				<timestamp>2617.760473</timestamp>
			</report>
			<report>
				<misses>7708001</misses>
				<total>28</total>
				<timestamp>2618.100133</timestamp>
			</report>
			<report>
				<misses>7709001</misses>
				<total>28</total>
				<timestamp>2618.439821</timestamp>
			</report>
			<report>
				<misses>7710001</misses>
				<total>28</total>
				<timestamp>2618.779472</timestamp>
			</report>
			<report>
				<misses>7711001</misses>
				<total>28</total>
				<timestamp>2619.119112</timestamp>
			</report>
			<report>
				<misses>7712001</misses>
				<total>28</total>
				<timestamp>2619.458780</timestamp>
			</report>
			<report>
				<misses>7713001</misses>
				<total>28</total>
				<timestamp>2619.798488</timestamp>
			</report>
			<report>
				<misses>7714001</misses>
				<total>28</total>
				<timestamp>2620.138083</timestamp>
			</report>
			<report>
				<misses>7715001</misses>
				<total>28</total>
				<timestamp>2620.477765</timestamp>
			</report>
			<report>
				<misses>7716001</misses>
				<total>28</total>
				<timestamp>2620.817487</timestamp>
			</report>
			<report>
				<misses>7717001</misses>
				<total>28</total>
				<timestamp>2621.157121</timestamp>
			</report>
			<report>
				<misses>7718001</misses>
				<total>28</total>
				<timestamp>2621.496758</timestamp>
			</report>
			<report>
				<misses>7719001</misses>
				<total>28</total>
				<timestamp>2621.836469</timestamp>
			</report>
			<report>
				<misses>7720001</misses>
				<total>28</total>
				<timestamp>2622.176080</timestamp>
			</report>
			<report>
				<misses>7721001</misses>
				<total>28</total>
				<timestamp>2622.515741</timestamp>
			</report>
			<report>
				<misses>7722001</misses>
				<total>27</total>
				<timestamp>2622.855562</timestamp>
			</report>
			<report>
				<misses>7723001</misses>
				<total>28</total>
				<timestamp>2623.195030</timestamp>
			</report>
			<report>
				<misses>7724001</misses>
				<total>28</total>
				<timestamp>2623.534712</timestamp>
			</report>
			<report>
				<misses>7725001</misses>
				<total>27</total>
				<timestamp>2623.874490</timestamp>
			</report>
			<report>
				<misses>7726001</misses>
				<total>28</total>
				<timestamp>2624.214036</timestamp>
			</report>
			<report>
				<misses>7727001</misses>
				<total>28</total>
				<timestamp>2624.553687</timestamp>
			</report>
			<report>
				<misses>7728001</misses>
				<total>28</total>
				<timestamp>2624.893359</timestamp>
			</report>
			<report>
				<misses>7729001</misses>
				<total>28</total>
				<timestamp>2625.233005</timestamp>
			</report>
			<report>
				<misses>7730001</misses>
				<total>28</total>
				<timestamp>2625.572720</timestamp>
			</report>
			<report>
				<misses>7731001</misses>
				<total>28</total>
				<timestamp>2625.912321</timestamp>
			</report>
			<report>
				<misses>7732001</misses>
				<total>28</total>
				<timestamp>2626.251986</timestamp>
			</report>
			<report>
				<misses>7733001</misses>
				<total>27</total>
				<timestamp>2626.591723</timestamp>
			</report>
			<report>
				<misses>7734001</misses>
				<total>28</total>
				<timestamp>2626.931308</timestamp>
			</report>
			<report>
				<misses>7735001</misses>
				<total>28</total>
				<timestamp>2627.270948</timestamp>
			</report>
			<report>
				<misses>7736001</misses>
				<total>27</total>
				<timestamp>2627.610688</timestamp>
			</report>
			<report>
				<misses>7737001</misses>
				<total>28</total>
				<timestamp>2627.950315</timestamp>
			</report>
			<report>
				<misses>7738001</misses>
				<total>28</total>
				<timestamp>2628.289936</timestamp>
			</report>
			<report>
				<misses>7739001</misses>
				<total>28</total>
				<timestamp>2628.629626</timestamp>
			</report>
			<report>
				<misses>7740001</misses>
				<total>28</total>
				<timestamp>2628.969287</timestamp>
			</report>
			<report>
				<misses>7741001</misses>
				<total>28</total>
				<timestamp>2629.308929</timestamp>
			</report>
			<report>
				<misses>7742001</misses>
				<total>28</total>
				<timestamp>2629.648616</timestamp>
			</report>
			<report>
				<misses>7743001</misses>
				<total>28</total>
				<timestamp>2629.988267</timestamp>
			</report>
			<report>
				<misses>7744001</misses>
				<total>28</total>
				<timestamp>2630.327928</timestamp>
			</report>
			<report>
				<misses>7745001</misses>
				<total>27</total>
				<timestamp>2630.667710</timestamp>
			</report>
			<report>
				<misses>7746001</misses>
				<total>28</total>
				<timestamp>2631.007230</timestamp>
			</report>
			<report>
				<misses>7747001</misses>
				<total>28</total>
				<timestamp>2631.346880</timestamp>
			</report>
			<report>
				<misses>7748001</misses>
				<total>28</total>
				<timestamp>2631.686555</timestamp>
			</report>
			<report>
				<misses>7749001</misses>
				<total>28</total>
				<timestamp>2632.026210</timestamp>
			</report>
			<report>
				<misses>7750001</misses>
				<total>28</total>
				<timestamp>2632.365845</timestamp>
			</report>
			<report>
				<misses>7751001</misses>
				<total>28</total>
				<timestamp>2632.705529</timestamp>
			</report>
			<report>
				<misses>7752001</misses>
				<total>28</total>
				<timestamp>2633.045227</timestamp>
			</report>
			<report>
				<misses>7753001</misses>
				<total>28</total>
				<timestamp>2633.384845</timestamp>
			</report>
			<report>
				<misses>7754001</misses>
				<total>28</total>
				<timestamp>2633.724540</timestamp>
			</report>
			<report>
				<misses>7755001</misses>
				<total>28</total>
				<timestamp>2634.064187</timestamp>
			</report>
			<report>
				<misses>7756001</misses>
				<total>28</total>
				<timestamp>2634.403837</timestamp>
			</report>
			<report>
				<misses>7757001</misses>
				<total>28</total>
				<timestamp>2634.743555</timestamp>
			</report>
			<report>
				<misses>7758001</misses>
				<total>28</total>
				<timestamp>2635.083156</timestamp>
			</report>
			<report>
				<misses>7759001</misses>
				<total>28</total>
				<timestamp>2635.422794</timestamp>
			</report>
			<report>
				<misses>7760001</misses>
				<total>28</total>
				<timestamp>2635.762540</timestamp>
			</report>
			<report>
				<misses>7761001</misses>
				<total>28</total>
				<timestamp>2636.102127</timestamp>
			</report>
			<report>
				<misses>7762001</misses>
				<total>28</total>
				<timestamp>2636.441798</timestamp>
			</report>
			<report>
				<misses>7763001</misses>
				<total>28</total>
				<timestamp>2636.781482</timestamp>
			</report>
			<report>
				<misses>7764001</misses>
				<total>28</total>
				<timestamp>2637.121087</timestamp>
			</report>
			<report>
				<misses>7765001</misses>
				<total>28</total>
				<timestamp>2637.460764</timestamp>
			</report>
			<report>
				<misses>7766001</misses>
				<total>28</total>
				<timestamp>2637.800486</timestamp>
			</report>
			<report>
				<misses>7767001</misses>
				<total>28</total>
				<timestamp>2638.140069</timestamp>
			</report>
			<report>
				<misses>7768001</misses>
				<total>28</total>
				<timestamp>2638.479744</timestamp>
			</report>
			<report>
				<misses>7769001</misses>
				<total>27</total>
				<timestamp>2638.819517</timestamp>
			</report>
			<report>
				<misses>7770001</misses>
				<total>28</total>
				<timestamp>2639.159066</timestamp>
			</report>
			<report>
				<misses>7771001</misses>
				<total>28</total>
				<timestamp>2639.498707</timestamp>
			</report>
			<report>
				<misses>7772001</misses>
				<total>27</total>
				<timestamp>2639.838499</timestamp>
			</report>
			<report>
				<misses>7773001</misses>
				<total>28</total>
				<timestamp>2640.178046</timestamp>
			</report>
			<report>
				<misses>7774001</misses>
				<total>28</total>
				<timestamp>2640.517699</timestamp>
			</report>
			<report>
				<misses>7775001</misses>
				<total>27</total>
				<timestamp>2640.857471</timestamp>
			</report>
			<report>
				<misses>7776001</misses>
				<total>28</total>
				<timestamp>2641.197008</timestamp>
			</report>
			<report>
				<misses>7777001</misses>
				<total>28</total>
				<timestamp>2641.536704</timestamp>
			</report>
			<report>
				<misses>7778001</misses>
				<total>28</total>
				<timestamp>2641.876371</timestamp>
			</report>
			<report>
				<misses>7779001</misses>
				<total>28</total>
				<timestamp>2642.215998</timestamp>
			</report>
			<report>
				<misses>7780001</misses>
				<total>28</total>
				<timestamp>2642.555652</timestamp>
			</report>
			<report>
				<misses>7781001</misses>
				<total>28</total>
				<timestamp>2642.895369</timestamp>
			</report>
			<report>
				<misses>7782001</misses>
				<total>28</total>
				<timestamp>2643.235003</timestamp>
			</report>
			<report>
				<misses>7783001</misses>
				<total>28</total>
				<timestamp>2643.574622</timestamp>
			</report>
			<report>
				<misses>7784001</misses>
				<total>28</total>
				<timestamp>2643.914380</timestamp>
			</report>
			<report>
				<misses>7785001</misses>
				<total>28</total>
				<timestamp>2644.253971</timestamp>
			</report>
			<report>
				<misses>7786001</misses>
				<total>28</total>
				<timestamp>2644.593641</timestamp>
			</report>
			<report>
				<misses>7787001</misses>
				<total>28</total>
				<timestamp>2644.933359</timestamp>
			</report>
			<report>
				<misses>7788001</misses>
				<total>28</total>
				<timestamp>2645.272938</timestamp>
			</report>
			<report>
				<misses>7789001</misses>
				<total>28</total>
				<timestamp>2645.612613</timestamp>
			</report>
			<report>
				<misses>7790001</misses>
				<total>28</total>
				<timestamp>2645.952352</timestamp>
			</report>
			<report>
				<misses>7791001</misses>
				<total>28</total>
				<timestamp>2646.291916</timestamp>
			</report>
			<report>
				<misses>7792001</misses>
				<total>28</total>
				<timestamp>2646.631582</timestamp>
			</report>
			<report>
				<misses>7793001</misses>
				<total>27</total>
				<timestamp>2646.971340</timestamp>
			</report>
			<report>
				<misses>7794001</misses>
				<total>28</total>
				<timestamp>2647.310934</timestamp>
			</report>
			<report>
				<misses>7795001</misses>
				<total>28</total>
				<timestamp>2647.650562</timestamp>
			</report>
			<report>
				<misses>7796001</misses>
				<total>27</total>
				<timestamp>2647.990371</timestamp>
			</report>
			<report>
				<misses>7797001</misses>
				<total>28</total>
				<timestamp>2648.329878</timestamp>
			</report>
			<report>
				<misses>7798001</misses>
				<total>28</total>
				<timestamp>2648.669587</timestamp>
			</report>
			<report>
				<misses>7799001</misses>
				<total>27</total>
				<timestamp>2649.009318</timestamp>
			</report>
			<report>
				<misses>7800001</misses>
				<total>28</total>
				<timestamp>2649.348849</timestamp>
			</report>
			<report>
				<misses>7801001</misses>
				<total>28</total>
				<timestamp>2649.688567</timestamp>
			</report>
			<report>
				<misses>7802001</misses>
				<total>28</total>
				<timestamp>2650.028255</timestamp>
			</report>
			<report>
				<misses>7803001</misses>
				<total>28</total>
				<timestamp>2650.367840</timestamp>
			</report>
			<report>
				<misses>7804001</misses>
				<total>28</total>
				<timestamp>2650.707525</timestamp>
			</report>
			<report>
				<misses>7805001</misses>
				<total>28</total>
				<timestamp>2651.047184</timestamp>
			</report>
			<report>
				<misses>7806001</misses>
				<total>28</total>
				<timestamp>2651.386858</timestamp>
			</report>
			<report>
				<misses>7807001</misses>
				<total>27</total>
				<timestamp>2651.726560</timestamp>
			</report>
			<report>
				<misses>7808001</misses>
				<total>28</total>
				<timestamp>2652.066147</timestamp>
			</report>
			<report>
				<misses>7809001</misses>
				<total>28</total>
				<timestamp>2652.405805</timestamp>
			</report>
			<report>
				<misses>7810001</misses>
				<total>27</total>
				<timestamp>2652.745542</timestamp>
			</report>
			<report>
				<misses>7811001</misses>
				<total>28</total>
				<timestamp>2653.085134</timestamp>
			</report>
			<report>
				<misses>7812001</misses>
				<total>28</total>
				<timestamp>2653.424798</timestamp>
			</report>
			<report>
				<misses>7813001</misses>
				<total>27</total>
				<timestamp>2653.764557</timestamp>
			</report>
			<report>
				<misses>7814001</misses>
				<total>28</total>
				<timestamp>2654.104154</timestamp>
			</report>
			<report>
				<misses>7815001</misses>
				<total>28</total>
				<timestamp>2654.443748</timestamp>
			</report>
			<report>
				<misses>7816001</misses>
				<total>28</total>
				<timestamp>2654.783434</timestamp>
			</report>
			<report>
				<misses>7817001</misses>
				<total>28</total>
				<timestamp>2655.123119</timestamp>
			</report>
			<report>
				<misses>7818001</misses>
				<total>28</total>
				<timestamp>2655.462730</timestamp>
			</report>
			<report>
				<misses>7819001</misses>
				<total>28</total>
				<timestamp>2655.802422</timestamp>
			</report>
			<report>
				<misses>7820001</misses>
				<total>28</total>
				<timestamp>2656.142060</timestamp>
			</report>
			<report>
				<misses>7821001</misses>
				<total>28</total>
				<timestamp>2656.481733</timestamp>
			</report>
			<report>
				<misses>7822001</misses>
				<total>28</total>
				<timestamp>2656.821422</timestamp>
			</report>
			<report>
				<misses>7823001</misses>
				<total>28</total>
				<timestamp>2657.161046</timestamp>
			</report>
			<report>
				<misses>7824001</misses>
				<total>28</total>
				<timestamp>2657.500688</timestamp>
			</report>
			<report>
				<misses>7825001</misses>
				<total>28</total>
				<timestamp>2657.840377</timestamp>
			</report>
			<report>
				<misses>7826001</misses>
				<total>28</total>
				<timestamp>2658.180022</timestamp>
			</report>
			<report>
				<misses>7827001</misses>
				<total>28</total>
				<timestamp>2658.519664</timestamp>
			</report>
			<report>
				<misses>7828001</misses>
				<total>28</total>
				<timestamp>2658.859381</timestamp>
			</report>
			<report>
				<misses>7829001</misses>
				<total>28</total>
				<timestamp>2659.199022</timestamp>
			</report>
			<report>
				<misses>7830001</misses>
				<total>28</total>
				<timestamp>2659.538676</timestamp>
			</report>
			<report>
				<misses>7831001</misses>
				<total>28</total>
				<timestamp>2659.878363</timestamp>
			</report>
			<report>
				<misses>7832001</misses>
				<total>28</total>
				<timestamp>2660.217991</timestamp>
			</report>
			<report>
				<misses>7833001</misses>
				<total>28</total>
				<timestamp>2660.557631</timestamp>
			</report>
			<report>
				<misses>7834001</misses>
				<total>28</total>
				<timestamp>2660.897308</timestamp>
			</report>
			<report>
				<misses>7835001</misses>
				<total>28</total>
				<timestamp>2661.236952</timestamp>
			</report>
			<report>
				<misses>7836001</misses>
				<total>28</total>
				<timestamp>2661.576615</timestamp>
			</report>
			<report>
				<misses>7837001</misses>
				<total>28</total>
				<timestamp>2661.916316</timestamp>
			</report>
			<report>
				<misses>7838001</misses>
				<total>28</total>
				<timestamp>2662.255930</timestamp>
			</report>
			<report>
				<misses>7839001</misses>
				<total>28</total>
				<timestamp>2662.595600</timestamp>
			</report>
			<report>
				<misses>7840001</misses>
				<total>27</total>
				<timestamp>2662.935377</timestamp>
			</report>
			<report>
				<misses>7841001</misses>
				<total>28</total>
				<timestamp>2663.274922</timestamp>
			</report>
			<report>
				<misses>7842001</misses>
				<total>28</total>
				<timestamp>2663.614598</timestamp>
			</report>
			<report>
				<misses>7843001</misses>
				<total>27</total>
				<timestamp>2663.954358</timestamp>
			</report>
			<report>
				<misses>7844001</misses>
				<total>28</total>
				<timestamp>2664.293899</timestamp>
			</report>
			<report>
				<misses>7845001</misses>
				<total>29</total>
				<timestamp>2664.633554</timestamp>
			</report>
			<report>
				<misses>7846001</misses>
				<total>28</total>
				<timestamp>2664.973351</timestamp>
			</report>
			<report>
				<misses>7847001</misses>
				<total>29</total>
				<timestamp>2665.312896</timestamp>
			</report>
			<report>
				<misses>7848001</misses>
				<total>29</total>
				<timestamp>2665.652542</timestamp>
			</report>
			<report>
				<misses>7849001</misses>
				<total>28</total>
				<timestamp>2665.992339</timestamp>
			</report>
			<report>
				<misses>7850001</misses>
				<total>29</total>
				<timestamp>2666.331875</timestamp>
			</report>
			<report>
				<misses>7851001</misses>
				<total>29</total>
				<timestamp>2666.671514</timestamp>
			</report>
			<report>
				<misses>7852001</misses>
				<total>29</total>
				<timestamp>2667.011281</timestamp>
			</report>
			<report>
				<misses>7853001</misses>
				<total>29</total>
				<timestamp>2667.350852</timestamp>
			</report>
			<report>
				<misses>7854001</misses>
				<total>29</total>
				<timestamp>2667.690529</timestamp>
			</report>
			<report>
				<misses>7855001</misses>
				<total>29</total>
				<timestamp>2668.030223</timestamp>
			</report>
			<report>
				<misses>7856001</misses>
				<total>29</total>
				<timestamp>2668.369819</timestamp>
			</report>
			<report>
				<misses>7857001</misses>
				<total>29</total>
				<timestamp>2668.709492</timestamp>
			</report>
			<report>
				<misses>7858001</misses>
				<total>29</total>
				<timestamp>2669.049183</timestamp>
			</report>
			<report>
				<misses>7859001</misses>
				<total>29</total>
				<timestamp>2669.388803</timestamp>
			</report>
			<report>
				<misses>7860001</misses>
				<total>29</total>
				<timestamp>2669.728473</timestamp>
			</report>
			<report>
				<misses>7861001</misses>
				<total>29</total>
				<timestamp>2670.068214</timestamp>
			</report>
			<report>
				<misses>7862001</misses>
				<total>29</total>
				<timestamp>2670.407780</timestamp>
			</report>
			<report>
				<misses>7863001</misses>
				<total>29</total>
				<timestamp>2670.747459</timestamp>
			</report>
			<report>
				<misses>7864001</misses>
				<total>28</total>
				<timestamp>2671.087222</timestamp>
			</report>
			<report>
				<misses>7865001</misses>
				<total>29</total>
				<timestamp>2671.426771</timestamp>
			</report>
			<report>
				<misses>7866001</misses>
				<total>29</total>
				<timestamp>2671.766455</timestamp>
			</report>
			<report>
				<misses>7867001</misses>
				<total>28</total>
				<timestamp>2672.106202</timestamp>
			</report>
			<report>
				<misses>7868001</misses>
				<total>29</total>
				<timestamp>2672.445748</timestamp>
			</report>
			<report>
				<misses>7869001</misses>
				<total>28</total>
				<timestamp>2672.785497</timestamp>
			</report>
			<report>
				<misses>7870001</misses>
				<total>28</total>
				<timestamp>2673.125187</timestamp>
			</report>
			<report>
				<misses>7871001</misses>
				<total>29</total>
				<timestamp>2673.464718</timestamp>
			</report>
			<report>
				<misses>7872001</misses>
				<total>29</total>
				<timestamp>2673.804435</timestamp>
			</report>
			<report>
				<misses>7873001</misses>
				<total>29</total>
				<timestamp>2674.144132</timestamp>
			</report>
			<report>
				<misses>7874001</misses>
				<total>29</total>
				<timestamp>2674.483691</timestamp>
			</report>
			<report>
				<misses>7875001</misses>
				<total>29</total>
				<timestamp>2674.823377</timestamp>
			</report>
			<report>
				<misses>7876001</misses>
				<total>29</total>
				<timestamp>2675.163039</timestamp>
			</report>
			<report>
				<misses>7877001</misses>
				<total>29</total>
				<timestamp>2675.502696</timestamp>
			</report>
			<report>
				<misses>7878001</misses>
				<total>28</total>
				<timestamp>2675.842445</timestamp>
			</report>
			<report>
				<misses>7879001</misses>
				<total>29</total>
				<timestamp>2676.181991</timestamp>
			</report>
			<report>
				<misses>7880001</misses>
				<total>29</total>
				<timestamp>2676.521673</timestamp>
			</report>
			<report>
				<misses>7881001</misses>
				<total>28</total>
				<timestamp>2676.861429</timestamp>
			</report>
			<report>
				<misses>7882001</misses>
				<total>29</total>
				<timestamp>2677.201017</timestamp>
			</report>
			<report>
				<misses>7883001</misses>
				<total>29</total>
				<timestamp>2677.540643</timestamp>
			</report>
			<report>
				<misses>7884001</misses>
				<total>29</total>
				<timestamp>2677.880400</timestamp>
			</report>
			<report>
				<misses>7885001</misses>
				<total>29</total>
				<timestamp>2678.220002</timestamp>
			</report>
			<report>
				<misses>7886001</misses>
				<total>29</total>
				<timestamp>2678.559622</timestamp>
			</report>
			<report>
				<misses>7887001</misses>
				<total>28</total>
				<timestamp>2678.899379</timestamp>
			</report>
			<report>
				<misses>7888001</misses>
				<total>29</total>
				<timestamp>2679.238940</timestamp>
			</report>
			<report>
				<misses>7889001</misses>
				<total>29</total>
				<timestamp>2679.578592</timestamp>
			</report>
			<report>
				<misses>7890001</misses>
				<total>28</total>
				<timestamp>2679.918372</timestamp>
			</report>
			<report>
				<misses>7891001</misses>
				<total>29</total>
				<timestamp>2680.257918</timestamp>
			</report>
			<report>
				<misses>7892001</misses>
				<total>29</total>
				<timestamp>2680.597581</timestamp>
			</report>
			<report>
				<misses>7893001</misses>
				<total>29</total>
				<timestamp>2680.937245</timestamp>
			</report>
			<report>
				<misses>7894001</misses>
				<total>29</total>
				<timestamp>2681.276982</timestamp>
			</report>
			<report>
				<misses>7895001</misses>
				<total>29</total>
				<timestamp>2681.616557</timestamp>
			</report>
			<report>
				<misses>7896001</misses>
				<total>29</total>
				<timestamp>2681.956261</timestamp>
			</report>
			<report>
				<misses>7897001</misses>
				<total>29</total>
				<timestamp>2682.295858</timestamp>
			</report>
			<report>
				<misses>7898001</misses>
				<total>29</total>
				<timestamp>2682.635545</timestamp>
			</report>
			<report>
				<misses>7899001</misses>
				<total>29</total>
				<timestamp>2682.975204</timestamp>
			</report>
			<report>
				<misses>7900001</misses>
				<total>29</total>
				<timestamp>2683.314847</timestamp>
			</report>
			<report>
				<misses>7901001</misses>
				<total>29</total>
				<timestamp>2683.654540</timestamp>
			</report>
			<report>
				<misses>7902001</misses>
				<total>29</total>
				<timestamp>2683.994241</timestamp>
			</report>
			<report>
				<misses>7903001</misses>
				<total>29</total>
				<timestamp>2684.333834</timestamp>
			</report>
			<report>
				<misses>7904001</misses>
				<total>29</total>
				<timestamp>2684.673496</timestamp>
			</report>
			<report>
				<misses>7905001</misses>
				<total>29</total>
				<timestamp>2685.013170</timestamp>
			</report>
			<report>
				<misses>7906001</misses>
				<total>29</total>
				<timestamp>2685.352814</timestamp>
			</report>
			<report>
				<misses>7907001</misses>
				<total>29</total>
				<timestamp>2685.692492</timestamp>
			</report>
			<report>
				<misses>7908001</misses>
				<total>28</total>
				<timestamp>2686.032228</timestamp>
			</report>
			<report>
				<misses>7909001</misses>
				<total>29</total>
				<timestamp>2686.371815</timestamp>
			</report>
			<report>
				<misses>7910001</misses>
				<total>29</total>
				<timestamp>2686.711513</timestamp>
			</report>
			<report>
				<misses>7911001</misses>
				<total>28</total>
				<timestamp>2687.051226</timestamp>
			</report>
			<report>
				<misses>7912001</misses>
				<total>29</total>
				<timestamp>2687.390756</timestamp>
			</report>
			<report>
				<misses>7913001</misses>
				<total>29</total>
				<timestamp>2687.730448</timestamp>
			</report>
			<report>
				<misses>7914001</misses>
				<total>29</total>
				<timestamp>2688.070180</timestamp>
			</report>
			<report>
				<misses>7915001</misses>
				<total>29</total>
				<timestamp>2688.409755</timestamp>
			</report>
			<report>
				<misses>7916001</misses>
				<total>29</total>
				<timestamp>2688.749438</timestamp>
			</report>
			<report>
				<misses>7917001</misses>
				<total>28</total>
				<timestamp>2689.089196</timestamp>
			</report>
			<report>
				<misses>7918001</misses>
				<total>29</total>
				<timestamp>2689.428746</timestamp>
			</report>
			<report>
				<misses>7919001</misses>
				<total>29</total>
				<timestamp>2689.768409</timestamp>
			</report>
			<report>
				<misses>7920001</misses>
				<total>28</total>
				<timestamp>2690.108195</timestamp>
			</report>
			<report>
				<misses>7921001</misses>
				<total>29</total>
				<timestamp>2690.447710</timestamp>
			</report>
			<report>
				<misses>7922001</misses>
				<total>29</total>
				<timestamp>2690.787372</timestamp>
			</report>
			<report>
				<misses>7923001</misses>
				<total>29</total>
				<timestamp>2691.127068</timestamp>
			</report>
			<report>
				<misses>7924001</misses>
				<total>29</total>
				<timestamp>2691.466685</timestamp>
			</report>
			<report>
				<misses>7925001</misses>
				<total>29</total>
				<timestamp>2691.806375</timestamp>
			</report>
			<report>
				<misses>7926001</misses>
				<total>29</total>
				<timestamp>2692.146044</timestamp>
			</report>
			<report>
				<misses>7927001</misses>
				<total>29</total>
				<timestamp>2692.485663</timestamp>
			</report>
			<report>
				<misses>7928001</misses>
				<total>29</total>
				<timestamp>2692.825351</timestamp>
			</report>
			<report>
				<misses>7929001</misses>
				<total>29</total>
				<timestamp>2693.165079</timestamp>
			</report>
			<report>
				<misses>7930001</misses>
				<total>29</total>
				<timestamp>2693.504643</timestamp>
			</report>
			<report>
				<misses>7931001</misses>
				<total>29</total>
				<timestamp>2693.844345</timestamp>
			</report>
			<report>
				<misses>7932001</misses>
				<total>29</total>
				<timestamp>2694.184005</timestamp>
			</report>
			<report>
				<misses>7933001</misses>
				<total>29</total>
				<timestamp>2694.523641</timestamp>
			</report>
			<report>
				<misses>7934001</misses>
				<total>29</total>
				<timestamp>2694.863300</timestamp>
			</report>
			<report>
				<misses>7935001</misses>
				<total>29</total>
				<timestamp>2695.203038</timestamp>
			</report>
			<report>
				<misses>7936001</misses>
				<total>29</total>
				<timestamp>2695.542624</timestamp>
			</report>
			<report>
				<misses>7937001</misses>
				<total>29</total>
				<timestamp>2695.882289</timestamp>
			</report>
			<report>
				<misses>7938001</misses>
				<total>28</total>
				<timestamp>2696.222067</timestamp>
			</report>
			<report>
				<misses>7939001</misses>
				<total>29</total>
				<timestamp>2696.561590</timestamp>
			</report>
			<report>
				<misses>7940001</misses>
				<total>29</total>
				<timestamp>2696.901249</timestamp>
			</report>
			<report>
				<misses>7941001</misses>
				<total>28</total>
				<timestamp>2697.241016</timestamp>
			</report>
			<report>
				<misses>7942001</misses>
				<total>29</total>
				<timestamp>2697.580588</timestamp>
			</report>
			<report>
				<misses>7943001</misses>
				<total>29</total>
				<timestamp>2697.920240</timestamp>
			</report>
			<report>
				<misses>7944001</misses>
				<total>29</total>
				<timestamp>2698.259938</timestamp>
			</report>
			<report>
				<misses>7945001</misses>
				<total>29</total>
				<timestamp>2698.599560</timestamp>
			</report>
			<report>
				<misses>7946001</misses>
				<total>29</total>
				<timestamp>2698.939243</timestamp>
			</report>
			<report>
				<misses>7947001</misses>
				<total>28</total>
				<timestamp>2699.279016</timestamp>
			</report>
			<report>
				<misses>7948001</misses>
				<total>29</total>
				<timestamp>2699.618538</timestamp>
			</report>
			<report>
				<misses>7949001</misses>
				<total>29</total>
				<timestamp>2699.958216</timestamp>
			</report>
			<report>
				<misses>7950001</misses>
				<total>28</total>
				<timestamp>2700.298006</timestamp>
			</report>
			<report>
				<misses>7951001</misses>
				<total>29</total>
				<timestamp>2700.637524</timestamp>
			</report>
			<report>
				<misses>7952001</misses>
				<total>29</total>
				<timestamp>2700.977241</timestamp>
			</report>
			<report>
				<misses>7953001</misses>
				<total>29</total>
				<timestamp>2701.316851</timestamp>
			</report>
			<report>
				<misses>7954001</misses>
				<total>29</total>
				<timestamp>2701.656499</timestamp>
			</report>
			<report>
				<misses>7955001</misses>
				<total>28</total>
				<timestamp>2701.996245</timestamp>
			</report>
			<report>
				<misses>7956001</misses>
				<total>29</total>
				<timestamp>2702.335824</timestamp>
			</report>
			<report>
				<misses>7957001</misses>
				<total>29</total>
				<timestamp>2702.675506</timestamp>
			</report>
			<report>
				<misses>7958001</misses>
				<total>28</total>
				<timestamp>2703.015222</timestamp>
			</report>
			<report>
				<misses>7959001</misses>
				<total>29</total>
				<timestamp>2703.354780</timestamp>
			</report>
			<report>
				<misses>7960001</misses>
				<total>29</total>
				<timestamp>2703.694447</timestamp>
			</report>
			<report>
				<misses>7961001</misses>
				<total>28</total>
				<timestamp>2704.034214</timestamp>
			</report>
			<report>
				<misses>7962001</misses>
				<total>29</total>
				<timestamp>2704.373773</timestamp>
			</report>
			<report>
				<misses>7963001</misses>
				<total>29</total>
				<timestamp>2704.713442</timestamp>
			</report>
			<report>
				<misses>7964001</misses>
				<total>29</total>
				<timestamp>2705.053111</timestamp>
			</report>
			<report>
				<misses>7965001</misses>
				<total>29</total>
				<timestamp>2705.392778</timestamp>
			</report>
			<report>
				<misses>7966001</misses>
				<total>29</total>
				<timestamp>2705.732438</timestamp>
			</report>
			<report>
				<misses>7967001</misses>
				<total>28</total>
				<timestamp>2706.072207</timestamp>
			</report>
			<report>
				<misses>7968001</misses>
				<total>29</total>
				<timestamp>2706.411734</timestamp>
			</report>
			<report>
				<misses>7969001</misses>
				<total>29</total>
				<timestamp>2706.751410</timestamp>
			</report>
			<report>
				<misses>7970001</misses>
				<total>29</total>
				<timestamp>2707.091117</timestamp>
			</report>
			<report>
				<misses>7971001</misses>
				<total>29</total>
				<timestamp>2707.430762</timestamp>
			</report>
			<report>
				<misses>7972001</misses>
				<total>29</total>
				<timestamp>2707.770372</timestamp>
			</report>
			<report>
				<misses>7973001</misses>
				<total>29</total>
				<timestamp>2708.110090</timestamp>
			</report>
			<report>
				<misses>7974001</misses>
				<total>29</total>
				<timestamp>2708.449707</timestamp>
			</report>
			<report>
				<misses>7975001</misses>
				<total>29</total>
				<timestamp>2708.789369</timestamp>
			</report>
			<report>
				<misses>7976001</misses>
				<total>29</total>
				<timestamp>2709.129069</timestamp>
			</report>
			<report>
				<misses>7977001</misses>
				<total>29</total>
				<timestamp>2709.468688</timestamp>
			</report>
			<report>
				<misses>7978001</misses>
				<total>29</total>
				<timestamp>2709.808326</timestamp>
			</report>
			<report>
				<misses>7979001</misses>
				<total>29</total>
				<timestamp>2710.148060</timestamp>
			</report>
			<report>
				<misses>7980001</misses>
				<total>29</total>
				<timestamp>2710.487717</timestamp>
			</report>
			<report>
				<misses>7981001</misses>
				<total>29</total>
				<timestamp>2710.827316</timestamp>
			</report>
			<report>
				<misses>7982001</misses>
				<total>28</total>
				<timestamp>2711.167057</timestamp>
			</report>
			<report>
				<misses>7983001</misses>
				<total>29</total>
				<timestamp>2711.506645</timestamp>
			</report>
			<report>
				<misses>7984001</misses>
				<total>29</total>
				<timestamp>2711.846331</timestamp>
			</report>
			<report>
				<misses>7985001</misses>
				<total>29</total>
				<timestamp>2712.185988</timestamp>
			</report>
			<report>
				<misses>7986001</misses>
				<total>29</total>
				<timestamp>2712.525623</timestamp>
			</report>
			<report>
				<misses>7987001</misses>
				<total>29</total>
				<timestamp>2712.865302</timestamp>
			</report>
			<report>
				<misses>7988001</misses>
				<total>29</total>
				<timestamp>2713.204960</timestamp>
			</report>
			<report>
				<misses>7989001</misses>
				<total>29</total>
				<timestamp>2713.544612</timestamp>
			</report>
			<report>
				<misses>7990001</misses>
				<total>29</total>
				<timestamp>2713.884288</timestamp>
			</report>
			<report>
				<misses>7991001</misses>
				<total>28</total>
				<timestamp>2714.224036</timestamp>
			</report>
			<report>
				<misses>7992001</misses>
				<total>29</total>
				<timestamp>2714.563594</timestamp>
			</report>
			<report>
				<misses>7993001</misses>
				<total>29</total>
				<timestamp>2714.903261</timestamp>
			</report>
			<report>
				<misses>7994001</misses>
				<total>29</total>
				<timestamp>2715.242940</timestamp>
			</report>
			<report>
				<misses>7995001</misses>
				<total>29</total>
				<timestamp>2715.582553</timestamp>
			</report>
			<report>
				<misses>7996001</misses>
				<total>29</total>
				<timestamp>2715.922223</timestamp>
			</report>
			<report>
				<misses>7997001</misses>
				<total>28</total>
				<timestamp>2716.262013</timestamp>
			</report>
			<report>
				<misses>7998001</misses>
				<total>29</total>
				<timestamp>2716.601545</timestamp>
			</report>
			<report>
				<misses>7999001</misses>
				<total>29</total>
				<timestamp>2716.941199</timestamp>
			</report>
			<report>
				<misses>8000001</misses>
				<total>29</total>
				<timestamp>2717.280927</timestamp>
			</report>
			<report>
				<misses>8001001</misses>
				<total>29</total>
				<timestamp>2717.620513</timestamp>
			</report>
			<report>
				<misses>8002001</misses>
				<total>29</total>
				<timestamp>2717.960229</timestamp>
			</report>
			<report>
				<misses>8003001</misses>
				<total>29</total>
				<timestamp>2718.299925</timestamp>
			</report>
			<report>
				<misses>8004001</misses>
				<total>29</total>
				<timestamp>2718.639505</timestamp>
			</report>
			<report>
				<misses>8005001</misses>
				<total>29</total>
				<timestamp>2718.979154</timestamp>
			</report>
			<report>
				<misses>8006001</misses>
				<total>29</total>
				<timestamp>2719.318897</timestamp>
			</report>
			<report>
				<misses>8007001</misses>
				<total>29</total>
				<timestamp>2719.658505</timestamp>
			</report>
			<report>
				<misses>8008001</misses>
				<total>29</total>
				<timestamp>2719.998157</timestamp>
			</report>
			<report>
				<misses>8009001</misses>
				<total>29</total>
				<timestamp>2720.337865</timestamp>
			</report>
			<report>
				<misses>8010001</misses>
				<total>29</total>
				<timestamp>2720.677464</timestamp>
			</report>
			<report>
				<misses>8011001</misses>
				<total>29</total>
				<timestamp>2721.017144</timestamp>
			</report>
			<report>
				<misses>8012001</misses>
				<total>28</total>
				<timestamp>2721.356897</timestamp>
			</report>
			<report>
				<misses>8013001</misses>
				<total>29</total>
				<timestamp>2721.696461</timestamp>
			</report>
			<report>
				<misses>8014001</misses>
				<total>29</total>
				<timestamp>2722.036090</timestamp>
			</report>
			<report>
				<misses>8015001</misses>
				<total>29</total>
				<timestamp>2722.375863</timestamp>
			</report>
			<report>
				<misses>8016001</misses>
				<total>29</total>
				<timestamp>2722.715435</timestamp>
			</report>
			<report>
				<misses>8017001</misses>
				<total>29</total>
				<timestamp>2723.055127</timestamp>
			</report>
			<report>
				<misses>8018001</misses>
				<total>28</total>
				<timestamp>2723.394885</timestamp>
			</report>
			<report>
				<misses>8019001</misses>
				<total>29</total>
				<timestamp>2723.734408</timestamp>
			</report>
			<report>
				<misses>8020001</misses>
				<total>29</total>
				<timestamp>2724.074099</timestamp>
			</report>
			<report>
				<misses>8021001</misses>
				<total>29</total>
				<timestamp>2724.413744</timestamp>
			</report>
			<report>
				<misses>8022001</misses>
				<total>29</total>
				<timestamp>2724.753388</timestamp>
			</report>
			<report>
				<misses>8023001</misses>
				<total>29</total>
				<timestamp>2725.093084</timestamp>
			</report>
			<report>
				<misses>8024001</misses>
				<total>29</total>
				<timestamp>2725.432695</timestamp>
			</report>
			<report>
				<misses>8025001</misses>
				<total>29</total>
				<timestamp>2725.772349</timestamp>
			</report>
			<report>
				<misses>8026001</misses>
				<total>28</total>
				<timestamp>2726.112100</timestamp>
			</report>
			<report>
				<misses>8027001</misses>
				<total>29</total>
				<timestamp>2726.451658</timestamp>
			</report>
			<report>
				<misses>8028001</misses>
				<total>29</total>
				<timestamp>2726.791324</timestamp>
			</report>
			<report>
				<misses>8029001</misses>
				<total>28</total>
				<timestamp>2727.131076</timestamp>
			</report>
			<report>
				<misses>8030001</misses>
				<total>29</total>
				<timestamp>2727.470651</timestamp>
			</report>
			<report>
				<misses>8031001</misses>
				<total>29</total>
				<timestamp>2727.810332</timestamp>
			</report>
			<report>
				<misses>8032001</misses>
				<total>29</total>
				<timestamp>2728.149989</timestamp>
			</report>
			<report>
				<misses>8033001</misses>
				<total>29</total>
				<timestamp>2728.489638</timestamp>
			</report>
			<report>
				<misses>8034001</misses>
				<total>29</total>
				<timestamp>2728.829310</timestamp>
			</report>
			<report>
				<misses>8035001</misses>
				<total>28</total>
				<timestamp>2729.169096</timestamp>
			</report>
			<report>
				<misses>8036001</misses>
				<total>29</total>
				<timestamp>2729.508617</timestamp>
			</report>
			<report>
				<misses>8037001</misses>
				<total>29</total>
				<timestamp>2729.848285</timestamp>
			</report>
			<report>
				<misses>8038001</misses>
				<total>28</total>
				<timestamp>2730.188055</timestamp>
			</report>
			<report>
				<misses>8039001</misses>
				<total>29</total>
				<timestamp>2730.527620</timestamp>
			</report>
			<report>
				<misses>8040001</misses>
				<total>29</total>
				<timestamp>2730.867284</timestamp>
			</report>
			<report>
				<misses>8041001</misses>
				<total>29</total>
				<timestamp>2731.206933</timestamp>
			</report>
			<report>
				<misses>8042001</misses>
				<total>29</total>
				<timestamp>2731.546581</timestamp>
			</report>
			<report>
				<misses>8043001</misses>
				<total>29</total>
				<timestamp>2731.886251</timestamp>
			</report>
			<report>
				<misses>8044001</misses>
				<total>29</total>
				<timestamp>2732.225942</timestamp>
			</report>
			<report>
				<misses>8045001</misses>
				<total>29</total>
				<timestamp>2732.565571</timestamp>
			</report>
			<report>
				<misses>8046001</misses>
				<total>29</total>
				<timestamp>2732.905223</timestamp>
			</report>
			<report>
				<misses>8047001</misses>
				<total>29</total>
				<timestamp>2733.244931</timestamp>
			</report>
			<report>
				<misses>8048001</misses>
				<total>29</total>
				<timestamp>2733.584551</timestamp>
			</report>
			<report>
				<misses>8049001</misses>
				<total>29</total>
				<timestamp>2733.924198</timestamp>
			</report>
			<report>
				<misses>8050001</misses>
				<total>29</total>
				<timestamp>2734.263917</timestamp>
			</report>
			<report>
				<misses>8051001</misses>
				<total>29</total>
				<timestamp>2734.603527</timestamp>
			</report>
			<report>
				<misses>8052001</misses>
				<total>29</total>
				<timestamp>2734.943219</timestamp>
			</report>
			<report>
				<misses>8053001</misses>
				<total>29</total>
				<timestamp>2735.282909</timestamp>
			</report>
			<report>
				<misses>8054001</misses>
				<total>28</total>
				<timestamp>2735.622608</timestamp>
			</report>
			<report>
				<misses>8055001</misses>
				<total>29</total>
				<timestamp>2735.962173</timestamp>
			</report>
			<report>
				<misses>8056001</misses>
				<total>29</total>
				<timestamp>2736.301879</timestamp>
			</report>
			<report>
				<misses>8057001</misses>
				<total>29</total>
				<timestamp>2736.641488</timestamp>
			</report>
			<report>
				<misses>8058001</misses>
				<total>29</total>
				<timestamp>2736.981182</timestamp>
			</report>
			<report>
				<misses>8059001</misses>
				<total>29</total>
				<timestamp>2737.320864</timestamp>
			</report>
			<report>
				<misses>8060001</misses>
				<total>29</total>
				<timestamp>2737.660469</timestamp>
			</report>
			<report>
				<misses>8061001</misses>
				<total>29</total>
				<timestamp>2738.000124</timestamp>
			</report>
			<report>
				<misses>8062001</misses>
				<total>29</total>
				<timestamp>2738.339805</timestamp>
			</report>
			<report>
				<misses>8063001</misses>
				<total>28</total>
				<timestamp>2738.679561</timestamp>
			</report>
			<report>
				<misses>8064001</misses>
				<total>29</total>
				<timestamp>2739.019086</timestamp>
			</report>
			<report>
				<misses>8065001</misses>
				<total>28</total>
				<timestamp>2739.358900</timestamp>
			</report>
			<report>
				<misses>8066001</misses>
				<total>29</total>
				<timestamp>2739.698435</timestamp>
			</report>
			<report>
				<misses>8067001</misses>
				<total>29</total>
				<timestamp>2740.038086</timestamp>
			</report>
			<report>
				<misses>8068001</misses>
				<total>28</total>
				<timestamp>2740.377868</timestamp>
			</report>
			<report>
				<misses>8069001</misses>
				<total>29</total>
				<timestamp>2740.717386</timestamp>
			</report>
			<report>
				<misses>8070001</misses>
				<total>29</total>
				<timestamp>2741.057063</timestamp>
			</report>
			<report>
				<misses>8071001</misses>
				<total>29</total>
				<timestamp>2741.396758</timestamp>
			</report>
			<report>
				<misses>8072001</misses>
				<total>29</total>
				<timestamp>2741.736393</timestamp>
			</report>
			<report>
				<misses>8073001</misses>
				<total>29</total>
				<timestamp>2742.076044</timestamp>
			</report>
			<report>
				<misses>8074001</misses>
				<total>29</total>
				<timestamp>2742.415749</timestamp>
			</report>
			<report>
				<misses>8075001</misses>
				<total>29</total>
				<timestamp>2742.755356</timestamp>
			</report>
			<report>
				<misses>8076001</misses>
				<total>29</total>
				<timestamp>2743.095052</timestamp>
			</report>
			<report>
				<misses>8077001</misses>
				<total>29</total>
				<timestamp>2743.434758</timestamp>
			</report>
			<report>
				<misses>8078001</misses>
				<total>29</total>
				<timestamp>2743.774366</timestamp>
			</report>
			<report>
				<misses>8079001</misses>
				<total>29</total>
				<timestamp>2744.114002</timestamp>
			</report>
			<report>
				<misses>8080001</misses>
				<total>28</total>
				<timestamp>2744.453781</timestamp>
			</report>
			<report>
				<misses>8081001</misses>
				<total>29</total>
				<timestamp>2744.793321</timestamp>
			</report>
			<report>
				<misses>8082001</misses>
				<total>29</total>
				<timestamp>2745.132992</timestamp>
			</report>
			<report>
				<misses>8083001</misses>
				<total>28</total>
				<timestamp>2745.472757</timestamp>
			</report>
			<report>
				<misses>8084001</misses>
				<total>29</total>
				<timestamp>2745.812350</timestamp>
			</report>
			<report>
				<misses>8085001</misses>
				<total>29</total>
				<timestamp>2746.151987</timestamp>
			</report>
			<report>
				<misses>8086001</misses>
				<total>28</total>
				<timestamp>2746.491735</timestamp>
			</report>
			<report>
				<misses>8087001</misses>
				<total>29</total>
				<timestamp>2746.831296</timestamp>
			</report>
			<report>
				<misses>8088001</misses>
				<total>29</total>
				<timestamp>2747.170954</timestamp>
			</report>
			<report>
				<misses>8089001</misses>
				<total>29</total>
				<timestamp>2747.510666</timestamp>
			</report>
			<report>
				<misses>8090001</misses>
				<total>29</total>
				<timestamp>2747.850292</timestamp>
			</report>
			<report>
				<misses>8091001</misses>
				<total>29</total>
				<timestamp>2748.189919</timestamp>
			</report>
			<report>
				<misses>8092001</misses>
				<total>29</total>
				<timestamp>2748.529589</timestamp>
			</report>
			<report>
				<misses>8093001</misses>
				<total>29</total>
				<timestamp>2748.869254</timestamp>
			</report>
			<report>
				<misses>8094001</misses>
				<total>29</total>
				<timestamp>2749.208961</timestamp>
			</report>
			<report>
				<misses>8095001</misses>
				<total>29</total>
				<timestamp>2749.548575</timestamp>
			</report>
			<report>
				<misses>8096001</misses>
				<total>29</total>
				<timestamp>2749.888229</timestamp>
			</report>
			<report>
				<misses>8097001</misses>
				<total>29</total>
				<timestamp>2750.227910</timestamp>
			</report>
			<report>
				<misses>8098001</misses>
				<total>29</total>
				<timestamp>2750.567553</timestamp>
			</report>
			<report>
				<misses>8099001</misses>
				<total>29</total>
				<timestamp>2750.907221</timestamp>
			</report>
			<report>
				<misses>8100001</misses>
				<total>28</total>
				<timestamp>2751.246952</timestamp>
			</report>
			<report>
				<misses>8101001</misses>
				<total>29</total>
				<timestamp>2751.586524</timestamp>
			</report>
			<report>
				<misses>8102001</misses>
				<total>29</total>
				<timestamp>2751.926185</timestamp>
			</report>
			<report>
				<misses>8103001</misses>
				<total>29</total>
				<timestamp>2752.265856</timestamp>
			</report>
			<report>
				<misses>8104001</misses>
				<total>29</total>
				<timestamp>2752.605549</timestamp>
			</report>
			<report>
				<misses>8105001</misses>
				<total>29</total>
				<timestamp>2752.945165</timestamp>
			</report>
			<report>
				<misses>8106001</misses>
				<total>28</total>
				<timestamp>2753.284950</timestamp>
			</report>
			<report>
				<misses>8107001</misses>
				<total>29</total>
				<timestamp>2753.624484</timestamp>
			</report>
			<report>
				<misses>8108001</misses>
				<total>29</total>
				<timestamp>2753.964173</timestamp>
			</report>
			<report>
				<misses>8109001</misses>
				<total>29</total>
				<timestamp>2754.303813</timestamp>
			</report>
			<report>
				<misses>8110001</misses>
				<total>29</total>
				<timestamp>2754.643467</timestamp>
			</report>
			<report>
				<misses>8111001</misses>
				<total>29</total>
				<timestamp>2754.983125</timestamp>
			</report>
			<report>
				<misses>8112001</misses>
				<total>28</total>
				<timestamp>2755.322906</timestamp>
			</report>
			<report>
				<misses>8113001</misses>
				<total>29</total>
				<timestamp>2755.662431</timestamp>
			</report>
			<report>
				<misses>8114001</misses>
				<total>29</total>
				<timestamp>2756.002101</timestamp>
			</report>
			<report>
				<misses>8115001</misses>
				<total>29</total>
				<timestamp>2756.341767</timestamp>
			</report>
			<report>
				<misses>8116001</misses>
				<total>29</total>
				<timestamp>2756.681420</timestamp>
			</report>
			<report>
				<misses>8117001</misses>
				<total>29</total>
				<timestamp>2757.021089</timestamp>
			</report>
			<report>
				<misses>8118001</misses>
				<total>29</total>
				<timestamp>2757.360767</timestamp>
			</report>
			<report>
				<misses>8119001</misses>
				<total>29</total>
				<timestamp>2757.700398</timestamp>
			</report>
			<report>
				<misses>8120001</misses>
				<total>29</total>
				<timestamp>2758.040043</timestamp>
			</report>
			<report>
				<misses>8121001</misses>
				<total>29</total>
				<timestamp>2758.379786</timestamp>
			</report>
			<report>
				<misses>8122001</misses>
				<total>29</total>
				<timestamp>2758.719400</timestamp>
			</report>
			<report>
				<misses>8123001</misses>
				<total>29</total>
				<timestamp>2759.059047</timestamp>
			</report>
			<report>
				<misses>8124001</misses>
				<total>29</total>
				<timestamp>2759.398753</timestamp>
			</report>
			<report>
				<misses>8125001</misses>
				<total>29</total>
				<timestamp>2759.738384</timestamp>
			</report>
			<report>
				<misses>8126001</misses>
				<total>29</total>
				<timestamp>2760.078038</timestamp>
			</report>
			<report>
				<misses>8127001</misses>
				<total>29</total>
				<timestamp>2760.417723</timestamp>
			</report>
			<report>
				<misses>8128001</misses>
				<total>29</total>
				<timestamp>2760.757340</timestamp>
			</report>
			<report>
				<misses>8129001</misses>
				<total>29</total>
				<timestamp>2761.097011</timestamp>
			</report>
			<report>
				<misses>8130001</misses>
				<total>28</total>
				<timestamp>2761.436733</timestamp>
			</report>
			<report>
				<misses>8131001</misses>
				<total>29</total>
				<timestamp>2761.776322</timestamp>
			</report>
			<report>
				<misses>8132001</misses>
				<total>29</total>
				<timestamp>2762.116006</timestamp>
			</report>
			<report>
				<misses>8133001</misses>
				<total>29</total>
				<timestamp>2762.455669</timestamp>
			</report>
			<report>
				<misses>8134001</misses>
				<total>29</total>
				<timestamp>2762.795291</timestamp>
			</report>
			<report>
				<misses>8135001</misses>
				<total>29</total>
				<timestamp>2763.134961</timestamp>
			</report>
			<report>
				<misses>8136001</misses>
				<total>28</total>
				<timestamp>2763.474738</timestamp>
			</report>
			<report>
				<misses>8137001</misses>
				<total>29</total>
				<timestamp>2763.814304</timestamp>
			</report>
			<report>
				<misses>8138001</misses>
				<total>29</total>
				<timestamp>2764.153939</timestamp>
			</report>
			<report>
				<misses>8139001</misses>
				<total>28</total>
				<timestamp>2764.493732</timestamp>
			</report>
			<report>
				<misses>8140001</misses>
				<total>29</total>
				<timestamp>2764.833273</timestamp>
			</report>
			<report>
				<misses>8141001</misses>
				<total>29</total>
				<timestamp>2765.172952</timestamp>
			</report>
			<report>
				<misses>8142001</misses>
				<total>29</total>
				<timestamp>2765.512619</timestamp>
			</report>
			<report>
				<misses>8143001</misses>
				<total>29</total>
				<timestamp>2765.852251</timestamp>
			</report>
			<report>
				<misses>8144001</misses>
				<total>29</total>
				<timestamp>2766.191911</timestamp>
			</report>
			<report>
				<misses>8145001</misses>
				<total>29</total>
				<timestamp>2766.531586</timestamp>
			</report>
			<report>
				<misses>8146001</misses>
				<total>29</total>
				<timestamp>2766.871233</timestamp>
			</report>
			<report>
				<misses>8147001</misses>
				<total>29</total>
				<timestamp>2767.210880</timestamp>
			</report>
			<report>
				<misses>8148001</misses>
				<total>29</total>
				<timestamp>2767.550602</timestamp>
			</report>
			<report>
				<misses>8149001</misses>
				<total>29</total>
				<timestamp>2767.890205</timestamp>
			</report>
			<report>
				<misses>8150001</misses>
				<total>29</total>
				<timestamp>2768.229844</timestamp>
			</report>
			<report>
				<misses>8151001</misses>
				<total>29</total>
				<timestamp>2768.569542</timestamp>
			</report>
			<report>
				<misses>8152001</misses>
				<total>29</total>
				<timestamp>2768.909178</timestamp>
			</report>
			<report>
				<misses>8153001</misses>
				<total>29</total>
				<timestamp>2769.248853</timestamp>
			</report>
			<report>
				<misses>8154001</misses>
				<total>29</total>
				<timestamp>2769.588594</timestamp>
			</report>
			<report>
				<misses>8155001</misses>
				<total>29</total>
				<timestamp>2769.928149</timestamp>
			</report>
			<report>
				<misses>8156001</misses>
				<total>29</total>
				<timestamp>2770.267803</timestamp>
			</report>
			<report>
				<misses>8157001</misses>
				<total>28</total>
				<timestamp>2770.607565</timestamp>
			</report>
			<report>
				<misses>8158001</misses>
				<total>29</total>
				<timestamp>2770.947133</timestamp>
			</report>
			<report>
				<misses>8159001</misses>
				<total>28</total>
				<timestamp>2771.286890</timestamp>
			</report>
			<report>
				<misses>8160001</misses>
				<total>29</total>
				<timestamp>2771.626557</timestamp>
			</report>
			<report>
				<misses>8161001</misses>
				<total>29</total>
				<timestamp>2771.966111</timestamp>
			</report>
			<report>
				<misses>8162001</misses>
				<total>29</total>
				<timestamp>2772.305801</timestamp>
			</report>
			<report>
				<misses>8163001</misses>
				<total>29</total>
				<timestamp>2772.645448</timestamp>
			</report>
			<report>
				<misses>8164001</misses>
				<total>29</total>
				<timestamp>2772.985109</timestamp>
			</report>
			<report>
				<misses>8165001</misses>
				<total>29</total>
				<timestamp>2773.324787</timestamp>
			</report>
			<report>
				<misses>8166001</misses>
				<total>29</total>
				<timestamp>2773.664427</timestamp>
			</report>
			<report>
				<misses>8167001</misses>
				<total>29</total>
				<timestamp>2774.004078</timestamp>
			</report>
			<report>
				<misses>8168001</misses>
				<total>29</total>
				<timestamp>2774.343725</timestamp>
			</report>
			<report>
				<misses>8169001</misses>
				<total>29</total>
				<timestamp>2774.683423</timestamp>
			</report>
			<report>
				<misses>8170001</misses>
				<total>29</total>
				<timestamp>2775.023042</timestamp>
			</report>
			<report>
				<misses>8171001</misses>
				<total>29</total>
				<timestamp>2775.362721</timestamp>
			</report>
			<report>
				<misses>8172001</misses>
				<total>29</total>
				<timestamp>2775.702415</timestamp>
			</report>
			<report>
				<misses>8173001</misses>
				<total>29</total>
				<timestamp>2776.042051</timestamp>
			</report>
			<report>
				<misses>8174001</misses>
				<total>28</total>
				<timestamp>2776.381802</timestamp>
			</report>
			<report>
				<misses>8175001</misses>
				<total>29</total>
				<timestamp>2776.721367</timestamp>
			</report>
			<report>
				<misses>8176001</misses>
				<total>29</total>
				<timestamp>2777.061027</timestamp>
			</report>
			<report>
				<misses>8177001</misses>
				<total>28</total>
				<timestamp>2777.400780</timestamp>
			</report>
			<report>
				<misses>8178001</misses>
				<total>29</total>
				<timestamp>2777.740335</timestamp>
			</report>
			<report>
				<misses>8179001</misses>
				<total>29</total>
				<timestamp>2778.080000</timestamp>
			</report>
			<report>
				<misses>8180001</misses>
				<total>28</total>
				<timestamp>2778.419798</timestamp>
			</report>
			<report>
				<misses>8181001</misses>
				<total>29</total>
				<timestamp>2778.759335</timestamp>
			</report>
			<report>
				<misses>8182001</misses>
				<total>29</total>
				<timestamp>2779.098972</timestamp>
			</report>
			<report>
				<misses>8183001</misses>
				<total>28</total>
				<timestamp>2779.438762</timestamp>
			</report>
			<report>
				<misses>8184001</misses>
				<total>29</total>
				<timestamp>2779.778310</timestamp>
			</report>
			<report>
				<misses>8185001</misses>
				<total>29</total>
				<timestamp>2780.117964</timestamp>
			</report>
			<report>
				<misses>8186001</misses>
				<total>29</total>
				<timestamp>2780.457626</timestamp>
			</report>
			<report>
				<misses>8187001</misses>
				<total>29</total>
				<timestamp>2780.797336</timestamp>
			</report>
			<report>
				<misses>8188001</misses>
				<total>29</total>
				<timestamp>2781.136955</timestamp>
			</report>
			<report>
				<misses>8189001</misses>
				<total>29</total>
				<timestamp>2781.476638</timestamp>
			</report>
			<report>
				<misses>8190001</misses>
				<total>29</total>
				<timestamp>2781.816272</timestamp>
			</report>
			<report>
				<misses>8191001</misses>
				<total>29</total>
				<timestamp>2782.155928</timestamp>
			</report>
			<report>
				<misses>8192001</misses>
				<total>29</total>
				<timestamp>2782.495621</timestamp>
			</report>
			<report>
				<misses>8193001</misses>
				<total>29</total>
				<timestamp>2782.835283</timestamp>
			</report>
			<report>
				<misses>8194001</misses>
				<total>29</total>
				<timestamp>2783.174897</timestamp>
			</report>
			<report>
				<misses>8195001</misses>
				<total>29</total>
				<timestamp>2783.514606</timestamp>
			</report>
			<report>
				<misses>8196001</misses>
				<total>29</total>
				<timestamp>2783.854229</timestamp>
			</report>
			<report>
				<misses>8197001</misses>
				<total>29</total>
				<timestamp>2784.193886</timestamp>
			</report>
			<report>
				<misses>8198001</misses>
				<total>29</total>
				<timestamp>2784.533605</timestamp>
			</report>
			<report>
				<misses>8199001</misses>
				<total>29</total>
				<timestamp>2784.873208</timestamp>
			</report>
			<report>
				<misses>8200001</misses>
				<total>29</total>
				<timestamp>2785.212853</timestamp>
			</report>
			<report>
				<misses>8201001</misses>
				<total>28</total>
				<timestamp>2785.552625</timestamp>
			</report>
			<report>
				<misses>8202001</misses>
				<total>29</total>
				<timestamp>2785.892170</timestamp>
			</report>
			<report>
				<misses>8203001</misses>
				<total>29</total>
				<timestamp>2786.231865</timestamp>
			</report>
			<report>
				<misses>8204001</misses>
				<total>28</total>
				<timestamp>2786.571602</timestamp>
			</report>
			<report>
				<misses>8205001</misses>
				<total>29</total>
				<timestamp>2786.911161</timestamp>
			</report>
			<report>
				<misses>8206001</misses>
				<total>29</total>
				<timestamp>2787.250859</timestamp>
			</report>
			<report>
				<misses>8207001</misses>
				<total>28</total>
				<timestamp>2787.590594</timestamp>
			</report>
			<report>
				<misses>8208001</misses>
				<total>29</total>
				<timestamp>2787.930148</timestamp>
			</report>
			<report>
				<misses>8209001</misses>
				<total>29</total>
				<timestamp>2788.269789</timestamp>
			</report>
			<report>
				<misses>8210001</misses>
				<total>28</total>
				<timestamp>2788.609571</timestamp>
			</report>
			<report>
				<misses>8211001</misses>
				<total>29</total>
				<timestamp>2788.949123</timestamp>
			</report>
			<report>
				<misses>8212001</misses>
				<total>29</total>
				<timestamp>2789.288787</timestamp>
			</report>
			<report>
				<misses>8213001</misses>
				<total>29</total>
				<timestamp>2789.628461</timestamp>
			</report>
			<report>
				<misses>8214001</misses>
				<total>29</total>
				<timestamp>2789.968087</timestamp>
			</report>
			<report>
				<misses>8215001</misses>
				<total>29</total>
				<timestamp>2790.307752</timestamp>
			</report>
			<report>
				<misses>8216001</misses>
				<total>29</total>
				<timestamp>2790.647424</timestamp>
			</report>
			<report>
				<misses>8217001</misses>
				<total>29</total>
				<timestamp>2790.987105</timestamp>
			</report>
			<report>
				<misses>8218001</misses>
				<total>29</total>
				<timestamp>2791.326744</timestamp>
			</report>
			<report>
				<misses>8219001</misses>
				<total>29</total>
				<timestamp>2791.666450</timestamp>
			</report>
			<report>
				<misses>8220001</misses>
				<total>29</total>
				<timestamp>2792.006058</timestamp>
			</report>
			<report>
				<misses>8221001</misses>
				<total>29</total>
				<timestamp>2792.345800</timestamp>
			</report>
			<report>
				<misses>8222001</misses>
				<total>29</total>
				<timestamp>2792.685458</timestamp>
			</report>
			<report>
				<misses>8223001</misses>
				<total>29</total>
				<timestamp>2793.025038</timestamp>
			</report>
			<report>
				<misses>8224001</misses>
				<total>29</total>
				<timestamp>2793.364705</timestamp>
			</report>
			<report>
				<misses>8225001</misses>
				<total>29</total>
				<timestamp>2793.704429</timestamp>
			</report>
			<report>
				<misses>8226001</misses>
				<total>29</total>
				<timestamp>2794.044014</timestamp>
			</report>
			<report>
				<misses>8227001</misses>
				<total>29</total>
				<timestamp>2794.383663</timestamp>
			</report>
			<report>
				<misses>8228001</misses>
				<total>29</total>
				<timestamp>2794.723345</timestamp>
			</report>
			<report>
				<misses>8229001</misses>
				<total>29</total>
				<timestamp>2795.062989</timestamp>
			</report>
			<report>
				<misses>8230001</misses>
				<total>29</total>
				<timestamp>2795.402671</timestamp>
			</report>
			<report>
				<misses>8231001</misses>
				<total>28</total>
				<timestamp>2795.742439</timestamp>
			</report>
			<report>
				<misses>8232001</misses>
				<total>29</total>
				<timestamp>2796.082013</timestamp>
			</report>
			<report>
				<misses>8233001</misses>
				<total>29</total>
				<timestamp>2796.421681</timestamp>
			</report>
			<report>
				<misses>8234001</misses>
				<total>28</total>
				<timestamp>2796.761413</timestamp>
			</report>
			<report>
				<misses>8235001</misses>
				<total>29</total>
				<timestamp>2797.100968</timestamp>
			</report>
			<report>
				<misses>8236001</misses>
				<total>29</total>
				<timestamp>2797.440671</timestamp>
			</report>
			<report>
				<misses>8237001</misses>
				<total>28</total>
				<timestamp>2797.780431</timestamp>
			</report>
			<report>
				<misses>8238001</misses>
				<total>29</total>
				<timestamp>2798.119940</timestamp>
			</report>
			<report>
				<misses>8239001</misses>
				<total>29</total>
				<timestamp>2798.459600</timestamp>
			</report>
			<report>
				<misses>8240001</misses>
				<total>28</total>
				<timestamp>2798.799436</timestamp>
			</report>
			<report>
				<misses>8241001</misses>
				<total>29</total>
				<timestamp>2799.138924</timestamp>
			</report>
			<report>
				<misses>8242001</misses>
				<total>29</total>
				<timestamp>2799.478626</timestamp>
			</report>
			<report>
				<misses>8243001</misses>
				<total>29</total>
				<timestamp>2799.818243</timestamp>
			</report>
			<report>
				<misses>8244001</misses>
				<total>29</total>
				<timestamp>2800.157900</timestamp>
			</report>
			<report>
				<misses>8245001</misses>
				<total>29</total>
				<timestamp>2800.497626</timestamp>
			</report>
			<report>
				<misses>8246001</misses>
				<total>29</total>
				<timestamp>2800.837223</timestamp>
			</report>
			<report>
				<misses>8247001</misses>
				<total>29</total>
				<timestamp>2801.176902</timestamp>
			</report>
			<report>
				<misses>8248001</misses>
				<total>28</total>
				<timestamp>2801.516645</timestamp>
			</report>
			<report>
				<misses>8249001</misses>
				<total>29</total>
				<timestamp>2801.856196</timestamp>
			</report>
			<report>
				<misses>8250001</misses>
				<total>29</total>
				<timestamp>2802.195861</timestamp>
			</report>
			<report>
				<misses>8251001</misses>
				<total>29</total>
				<timestamp>2802.535531</timestamp>
			</report>
			<report>
				<misses>8252001</misses>
				<total>29</total>
				<timestamp>2802.875201</timestamp>
			</report>
			<report>
				<misses>8253001</misses>
				<total>29</total>
				<timestamp>2803.214859</timestamp>
			</report>
			<report>
				<misses>8254001</misses>
				<total>29</total>
				<timestamp>2803.554517</timestamp>
			</report>
			<report>
				<misses>8255001</misses>
				<total>29</total>
				<timestamp>2803.894162</timestamp>
			</report>
			<report>
				<misses>8256001</misses>
				<total>29</total>
				<timestamp>2804.233831</timestamp>
			</report>
			<report>
				<misses>8257001</misses>
				<total>28</total>
				<timestamp>2804.573592</timestamp>
			</report>
			<report>
				<misses>8258001</misses>
				<total>29</total>
				<timestamp>2804.913133</timestamp>
			</report>
			<report>
				<misses>8259001</misses>
				<total>29</total>
				<timestamp>2805.252797</timestamp>
			</report>
			<report>
				<misses>8260001</misses>
				<total>29</total>
				<timestamp>2805.592504</timestamp>
			</report>
			<report>
				<misses>8261001</misses>
				<total>29</total>
				<timestamp>2805.932109</timestamp>
			</report>
			<report>
				<misses>8262001</misses>
				<total>29</total>
				<timestamp>2806.271773</timestamp>
			</report>
			<report>
				<misses>8263001</misses>
				<total>29</total>
				<timestamp>2806.611432</timestamp>
			</report>
			<report>
				<misses>8264001</misses>
				<total>29</total>
				<timestamp>2806.951137</timestamp>
			</report>
			<report>
				<misses>8265001</misses>
				<total>29</total>
				<timestamp>2807.290752</timestamp>
			</report>
			<report>
				<misses>8266001</misses>
				<total>29</total>
				<timestamp>2807.630469</timestamp>
			</report>
			<report>
				<misses>8267001</misses>
				<total>29</total>
				<timestamp>2807.970079</timestamp>
			</report>
			<report>
				<misses>8268001</misses>
				<total>29</total>
				<timestamp>2808.309737</timestamp>
			</report>
			<report>
				<misses>8269001</misses>
				<total>29</total>
				<timestamp>2808.649442</timestamp>
			</report>
			<report>
				<misses>8270001</misses>
				<total>29</total>
				<timestamp>2808.989053</timestamp>
			</report>
			<report>
				<misses>8271001</misses>
				<total>29</total>
				<timestamp>2809.328738</timestamp>
			</report>
			<report>
				<misses>8272001</misses>
				<total>28</total>
				<timestamp>2809.668508</timestamp>
			</report>
			<report>
				<misses>8273001</misses>
				<total>29</total>
				<timestamp>2810.008054</timestamp>
			</report>
			<report>
				<misses>8274001</misses>
				<total>29</total>
				<timestamp>2810.347684</timestamp>
			</report>
			<report>
				<misses>8275001</misses>
				<total>29</total>
				<timestamp>2810.687386</timestamp>
			</report>
			<report>
				<misses>8276001</misses>
				<total>29</total>
				<timestamp>2811.027009</timestamp>
			</report>
			<report>
				<misses>8277001</misses>
				<total>29</total>
				<timestamp>2811.366696</timestamp>
			</report>
			<report>
				<misses>8278001</misses>
				<total>29</total>
				<timestamp>2811.706379</timestamp>
			</report>
			<report>
				<misses>8279001</misses>
				<total>29</total>
				<timestamp>2812.046026</timestamp>
			</report>
			<report>
				<misses>8280001</misses>
				<total>29</total>
				<timestamp>2812.385656</timestamp>
			</report>
			<report>
				<misses>8281001</misses>
				<total>29</total>
				<timestamp>2812.725334</timestamp>
			</report>
			<report>
				<misses>8282001</misses>
				<total>29</total>
				<timestamp>2813.064982</timestamp>
			</report>
			<report>
				<misses>8283001</misses>
				<total>29</total>
				<timestamp>2813.404623</timestamp>
			</report>
			<report>
				<misses>8284001</misses>
				<total>29</total>
				<timestamp>2813.744331</timestamp>
			</report>
			<report>
				<misses>8285001</misses>
				<total>29</total>
				<timestamp>2814.083967</timestamp>
			</report>
			<report>
				<misses>8286001</misses>
				<total>29</total>
				<timestamp>2814.423607</timestamp>
			</report>
			<report>
				<misses>8287001</misses>
				<total>29</total>
				<timestamp>2814.763324</timestamp>
			</report>
			<report>
				<misses>8288001</misses>
				<total>29</total>
				<timestamp>2815.102971</timestamp>
			</report>
			<report>
				<misses>8289001</misses>
				<total>28</total>
				<timestamp>2815.442728</timestamp>
			</report>
			<report>
				<misses>8290001</misses>
				<total>29</total>
				<timestamp>2815.782337</timestamp>
			</report>
			<report>
				<misses>8291001</misses>
				<total>29</total>
				<timestamp>2816.121918</timestamp>
			</report>
			<report>
				<misses>8292001</misses>
				<total>29</total>
				<timestamp>2816.461595</timestamp>
			</report>
			<report>
				<misses>8293001</misses>
				<total>29</total>
				<timestamp>2816.801298</timestamp>
			</report>
			<report>
				<misses>8294001</misses>
				<total>29</total>
				<timestamp>2817.140908</timestamp>
			</report>
			<report>
				<misses>8295001</misses>
				<total>29</total>
				<timestamp>2817.480559</timestamp>
			</report>
			<report>
				<misses>8296001</misses>
				<total>29</total>
				<timestamp>2817.820321</timestamp>
			</report>
			<report>
				<misses>8297001</misses>
				<total>29</total>
				<timestamp>2818.159886</timestamp>
			</report>
			<report>
				<misses>8298001</misses>
				<total>29</total>
				<timestamp>2818.499631</timestamp>
			</report>
			<report>
				<misses>8299001</misses>
				<total>29</total>
				<timestamp>2818.839296</timestamp>
			</report>
			<report>
				<misses>8300001</misses>
				<total>29</total>
				<timestamp>2819.178880</timestamp>
			</report>
			<report>
				<misses>8301001</misses>
				<total>29</total>
				<timestamp>2819.518542</timestamp>
			</report>
			<report>
				<misses>8302001</misses>
				<total>29</total>
				<timestamp>2819.858250</timestamp>
			</report>
			<report>
				<misses>8303001</misses>
				<total>29</total>
				<timestamp>2820.197841</timestamp>
			</report>
			<report>
				<misses>8304001</misses>
				<total>29</total>
				<timestamp>2820.537514</timestamp>
			</report>
			<report>
				<misses>8305001</misses>
				<total>28</total>
				<timestamp>2820.877337</timestamp>
			</report>
			<report>
				<misses>8306001</misses>
				<total>29</total>
				<timestamp>2821.216861</timestamp>
			</report>
			<report>
				<misses>8307001</misses>
				<total>29</total>
				<timestamp>2821.556512</timestamp>
			</report>
			<report>
				<misses>8308001</misses>
				<total>29</total>
				<timestamp>2821.896159</timestamp>
			</report>
			<report>
				<misses>8309001</misses>
				<total>29</total>
				<timestamp>2822.235810</timestamp>
			</report>
			<report>
				<misses>8310001</misses>
				<total>29</total>
				<timestamp>2822.575517</timestamp>
			</report>
			<report>
				<misses>8311001</misses>
				<total>29</total>
				<timestamp>2822.915169</timestamp>
			</report>
			<report>
				<misses>8312001</misses>
				<total>29</total>
				<timestamp>2823.254818</timestamp>
			</report>
			<report>
				<misses>8313001</misses>
				<total>29</total>
				<timestamp>2823.594490</timestamp>
			</report>
			<report>
				<misses>8314001</misses>
				<total>29</total>
				<timestamp>2823.934125</timestamp>
			</report>
			<report>
				<misses>8315001</misses>
				<total>29</total>
				<timestamp>2824.273751</timestamp>
			</report>
			<report>
				<misses>8316001</misses>
				<total>29</total>
				<timestamp>2824.613408</timestamp>
			</report>
			<report>
				<misses>8317001</misses>
				<total>29</total>
				<timestamp>2824.953103</timestamp>
			</report>
			<report>
				<misses>8318001</misses>
				<total>29</total>
				<timestamp>2825.292743</timestamp>
			</report>
			<report>
				<misses>8319001</misses>
				<total>29</total>
				<timestamp>2825.632484</timestamp>
			</report>
			<report>
				<misses>8320001</misses>
				<total>29</total>
				<timestamp>2825.972067</timestamp>
			</report>
			<report>
				<misses>8321001</misses>
				<total>29</total>
				<timestamp>2826.311711</timestamp>
			</report>
			<report>
				<misses>8322001</misses>
				<total>29</total>
				<timestamp>2826.651360</timestamp>
			</report>
			<report>
				<misses>8323001</misses>
				<total>29</total>
				<timestamp>2826.991035</timestamp>
			</report>
			<report>
				<misses>8324001</misses>
				<total>29</total>
				<timestamp>2827.330711</timestamp>
			</report>
			<report>
				<misses>8325001</misses>
				<total>29</total>
				<timestamp>2827.670422</timestamp>
			</report>
			<report>
				<misses>8326001</misses>
				<total>29</total>
				<timestamp>2828.010050</timestamp>
			</report>
			<report>
				<misses>8327001</misses>
				<total>29</total>
				<timestamp>2828.349693</timestamp>
			</report>
			<report>
				<misses>8328001</misses>
				<total>29</total>
				<timestamp>2828.689367</timestamp>
			</report>
			<report>
				<misses>8329001</misses>
				<total>29</total>
				<timestamp>2829.029006</timestamp>
			</report>
			<report>
				<misses>8330001</misses>
				<total>29</total>
				<timestamp>2829.368650</timestamp>
			</report>
			<report>
				<misses>8331001</misses>
				<total>28</total>
				<timestamp>2829.708442</timestamp>
			</report>
			<report>
				<misses>8332001</misses>
				<total>29</total>
				<timestamp>2830.047986</timestamp>
			</report>
			<report>
				<misses>8333001</misses>
				<total>29</total>
				<timestamp>2830.387645</timestamp>
			</report>
			<report>
				<misses>8334001</misses>
				<total>28</total>
				<timestamp>2830.727436</timestamp>
			</report>
			<report>
				<misses>8335001</misses>
				<total>29</total>
				<timestamp>2831.066951</timestamp>
			</report>
			<report>
				<misses>8336001</misses>
				<total>29</total>
				<timestamp>2831.406610</timestamp>
			</report>
			<report>
				<misses>8337001</misses>
				<total>29</total>
				<timestamp>2831.746347</timestamp>
			</report>
			<report>
				<misses>8338001</misses>
				<total>29</total>
				<timestamp>2832.085969</timestamp>
			</report>
			<report>
				<misses>8339001</misses>
				<total>29</total>
				<timestamp>2832.425583</timestamp>
			</report>
			<report>
				<misses>8340001</misses>
				<total>29</total>
				<timestamp>2832.765297</timestamp>
			</report>
			<report>
				<misses>8341001</misses>
				<total>29</total>
				<timestamp>2833.104908</timestamp>
			</report>
			<report>
				<misses>8342001</misses>
				<total>29</total>
				<timestamp>2833.444603</timestamp>
			</report>
			<report>
				<misses>8343001</misses>
				<total>29</total>
				<timestamp>2833.784303</timestamp>
			</report>
			<report>
				<misses>8344001</misses>
				<total>29</total>
				<timestamp>2834.123919</timestamp>
			</report>
			<report>
				<misses>8345001</misses>
				<total>29</total>
				<timestamp>2834.463551</timestamp>
			</report>
			<report>
				<misses>8346001</misses>
				<total>29</total>
				<timestamp>2834.803281</timestamp>
			</report>
			<report>
				<misses>8347001</misses>
				<total>29</total>
				<timestamp>2835.142875</timestamp>
			</report>
			<report>
				<misses>8348001</misses>
				<total>29</total>
				<timestamp>2835.482543</timestamp>
			</report>
			<report>
				<misses>8349001</misses>
				<total>29</total>
				<timestamp>2835.822211</timestamp>
			</report>
			<report>
				<misses>8350001</misses>
				<total>29</total>
				<timestamp>2836.161859</timestamp>
			</report>
			<report>
				<misses>8351001</misses>
				<total>29</total>
				<timestamp>2836.501520</timestamp>
			</report>
			<report>
				<misses>8352001</misses>
				<total>28</total>
				<timestamp>2836.841276</timestamp>
			</report>
			<report>
				<misses>8353001</misses>
				<total>29</total>
				<timestamp>2837.180836</timestamp>
			</report>
			<report>
				<misses>8354001</misses>
				<total>29</total>
				<timestamp>2837.520535</timestamp>
			</report>
			<report>
				<misses>8355001</misses>
				<total>28</total>
				<timestamp>2837.860261</timestamp>
			</report>
			<report>
				<misses>8356001</misses>
				<total>29</total>
				<timestamp>2838.199835</timestamp>
			</report>
			<report>
				<misses>8357001</misses>
				<total>29</total>
				<timestamp>2838.539495</timestamp>
			</report>
			<report>
				<misses>8358001</misses>
				<total>29</total>
				<timestamp>2838.879183</timestamp>
			</report>
			<report>
				<misses>8359001</misses>
				<total>29</total>
				<timestamp>2839.218793</timestamp>
			</report>
			<report>
				<misses>8360001</misses>
				<total>29</total>
				<timestamp>2839.558465</timestamp>
			</report>
			<report>
				<misses>8361001</misses>
				<total>29</total>
				<timestamp>2839.898171</timestamp>
			</report>
			<report>
				<misses>8362001</misses>
				<total>29</total>
				<timestamp>2840.237821</timestamp>
			</report>
			<report>
				<misses>8363001</misses>
				<total>29</total>
				<timestamp>2840.577466</timestamp>
			</report>
			<report>
				<misses>8364001</misses>
				<total>29</total>
				<timestamp>2840.917102</timestamp>
			</report>
			<report>
				<misses>8365001</misses>
				<total>29</total>
				<timestamp>2841.256782</timestamp>
			</report>
			<report>
				<misses>8366001</misses>
				<total>29</total>
				<timestamp>2841.596416</timestamp>
			</report>
			<report>
				<misses>8367001</misses>
				<total>29</total>
				<timestamp>2841.936141</timestamp>
			</report>
			<report>
				<misses>8368001</misses>
				<total>29</total>
				<timestamp>2842.275730</timestamp>
			</report>
			<report>
				<misses>8369001</misses>
				<total>29</total>
				<timestamp>2842.615407</timestamp>
			</report>
			<report>
				<misses>8370001</misses>
				<total>29</total>
				<timestamp>2842.955135</timestamp>
			</report>
			<report>
				<misses>8371001</misses>
				<total>29</total>
				<timestamp>2843.294721</timestamp>
			</report>
			<report>
				<misses>8372001</misses>
				<total>29</total>
				<timestamp>2843.634390</timestamp>
			</report>
			<report>
				<misses>8373001</misses>
				<total>28</total>
				<timestamp>2843.974125</timestamp>
			</report>
			<report>
				<misses>8374001</misses>
				<total>29</total>
				<timestamp>2844.313706</timestamp>
			</report>
			<report>
				<misses>8375001</misses>
				<total>29</total>
				<timestamp>2844.653409</timestamp>
			</report>
			<report>
				<misses>8376001</misses>
				<total>28</total>
				<timestamp>2844.993152</timestamp>
			</report>
			<report>
				<misses>8377001</misses>
				<total>29</total>
				<timestamp>2845.332685</timestamp>
			</report>
			<report>
				<misses>8378001</misses>
				<total>29</total>
				<timestamp>2845.672380</timestamp>
			</report>
			<report>
				<misses>8379001</misses>
				<total>28</total>
				<timestamp>2846.012115</timestamp>
			</report>
			<report>
				<misses>8380001</misses>
				<total>29</total>
				<timestamp>2846.351672</timestamp>
			</report>
			<report>
				<misses>8381001</misses>
				<total>29</total>
				<timestamp>2846.691366</timestamp>
			</report>
			<report>
				<misses>8382001</misses>
				<total>28</total>
				<timestamp>2847.031144</timestamp>
			</report>
			<report>
				<misses>8383001</misses>
				<total>29</total>
				<timestamp>2847.370644</timestamp>
			</report>
			<report>
				<misses>8384001</misses>
				<total>29</total>
				<timestamp>2847.710335</timestamp>
			</report>
			<report>
				<misses>8385001</misses>
				<total>29</total>
				<timestamp>2848.050044</timestamp>
			</report>
			<report>
				<misses>8386001</misses>
				<total>29</total>
				<timestamp>2848.389615</timestamp>
			</report>
			<report>
				<misses>8387001</misses>
				<total>29</total>
				<timestamp>2848.729302</timestamp>
			</report>
			<report>
				<misses>8388001</misses>
				<total>29</total>
				<timestamp>2849.068935</timestamp>
			</report>
			<report>
				<misses>8389001</misses>
				<total>29</total>
				<timestamp>2849.408591</timestamp>
			</report>
			<report>
				<misses>8390001</misses>
				<total>29</total>
				<timestamp>2849.748296</timestamp>
			</report>
			<report>
				<misses>8391001</misses>
				<total>29</total>
				<timestamp>2850.087942</timestamp>
			</report>
			<report>
				<misses>8392001</misses>
				<total>29</total>
				<timestamp>2850.427571</timestamp>
			</report>
			<report>
				<misses>8393001</misses>
				<total>28</total>
				<timestamp>2850.767325</timestamp>
			</report>
			<report>
				<misses>8394001</misses>
				<total>29</total>
				<timestamp>2851.106957</timestamp>
			</report>
			<report>
				<misses>8395001</misses>
				<total>29</total>
				<timestamp>2851.446600</timestamp>
			</report>
			<report>
				<misses>8396001</misses>
				<total>28</total>
				<timestamp>2851.786316</timestamp>
			</report>
			<report>
				<misses>8397001</misses>
				<total>29</total>
				<timestamp>2852.125885</timestamp>
			</report>
			<report>
				<misses>8398001</misses>
				<total>29</total>
				<timestamp>2852.465543</timestamp>
			</report>
			<report>
				<misses>8399001</misses>
				<total>29</total>
				<timestamp>2852.805209</timestamp>
			</report>
			<report>
				<misses>8400001</misses>
				<total>29</total>
				<timestamp>2853.144858</timestamp>
			</report>
			<report>
				<misses>8401001</misses>
				<total>29</total>
				<timestamp>2853.484507</timestamp>
			</report>
			<report>
				<misses>8402001</misses>
				<total>28</total>
				<timestamp>2853.824299</timestamp>
			</report>
			<report>
				<misses>8403001</misses>
				<total>29</total>
				<timestamp>2854.163870</timestamp>
			</report>
			<report>
				<misses>8404001</misses>
				<total>29</total>
				<timestamp>2854.503507</timestamp>
			</report>
			<report>
				<misses>8405001</misses>
				<total>29</total>
				<timestamp>2854.843176</timestamp>
			</report>
			<report>
				<misses>8406001</misses>
				<total>29</total>
				<timestamp>2855.182827</timestamp>
			</report>
			<report>
				<misses>8407001</misses>
				<total>29</total>
				<timestamp>2855.522501</timestamp>
			</report>
			<report>
				<misses>8408001</misses>
				<total>29</total>
				<timestamp>2855.862180</timestamp>
			</report>
			<report>
				<misses>8409001</misses>
				<total>29</total>
				<timestamp>2856.201791</timestamp>
			</report>
			<report>
				<misses>8410001</misses>
				<total>29</total>
				<timestamp>2856.541468</timestamp>
			</report>
			<report>
				<misses>8411001</misses>
				<total>29</total>
				<timestamp>2856.881144</timestamp>
			</report>
			<report>
				<misses>8412001</misses>
				<total>29</total>
				<timestamp>2857.220774</timestamp>
			</report>
			<report>
				<misses>8413001</misses>
				<total>29</total>
				<timestamp>2857.560431</timestamp>
			</report>
			<report>
				<misses>8414001</misses>
				<total>29</total>
				<timestamp>2857.900153</timestamp>
			</report>
			<report>
				<misses>8415001</misses>
				<total>29</total>
				<timestamp>2858.239752</timestamp>
			</report>
			<report>
				<misses>8416001</misses>
				<total>29</total>
				<timestamp>2858.579408</timestamp>
			</report>
			<report>
				<misses>8417001</misses>
				<total>29</total>
				<timestamp>2858.919139</timestamp>
			</report>
			<report>
				<misses>8418001</misses>
				<total>29</total>
				<timestamp>2859.258737</timestamp>
			</report>
			<report>
				<misses>8419001</misses>
				<total>29</total>
				<timestamp>2859.598390</timestamp>
			</report>
			<report>
				<misses>8420001</misses>
				<total>28</total>
				<timestamp>2859.938152</timestamp>
			</report>
			<report>
				<misses>8421001</misses>
				<total>29</total>
				<timestamp>2860.277723</timestamp>
			</report>
			<report>
				<misses>8422001</misses>
				<total>29</total>
				<timestamp>2860.617374</timestamp>
			</report>
			<report>
				<misses>8423001</misses>
				<total>28</total>
				<timestamp>2860.957141</timestamp>
			</report>
			<report>
				<misses>8424001</misses>
				<total>29</total>
				<timestamp>2861.296694</timestamp>
			</report>
			<report>
				<misses>8425001</misses>
				<total>29</total>
				<timestamp>2861.636355</timestamp>
			</report>
			<report>
				<misses>8426001</misses>
				<total>29</total>
				<timestamp>2861.976040</timestamp>
			</report>
			<report>
				<misses>8427001</misses>
				<total>29</total>
				<timestamp>2862.315678</timestamp>
			</report>
			<report>
				<misses>8428001</misses>
				<total>29</total>
				<timestamp>2862.655340</timestamp>
			</report>
			<report>
				<misses>8429001</misses>
				<total>29</total>
				<timestamp>2862.995046</timestamp>
			</report>
			<report>
				<misses>8430001</misses>
				<total>29</total>
				<timestamp>2863.334665</timestamp>
			</report>
			<report>
				<misses>8431001</misses>
				<total>29</total>
				<timestamp>2863.674350</timestamp>
			</report>
			<report>
				<misses>8432001</misses>
				<total>29</total>
				<timestamp>2864.014038</timestamp>
			</report>
			<report>
				<misses>8433001</misses>
				<total>29</total>
				<timestamp>2864.353630</timestamp>
			</report>
			<report>
				<misses>8434001</misses>
				<total>29</total>
				<timestamp>2864.693334</timestamp>
			</report>
			<report>
				<misses>8435001</misses>
				<total>29</total>
				<timestamp>2865.032952</timestamp>
			</report>
			<report>
				<misses>8436001</misses>
				<total>29</total>
				<timestamp>2865.372625</timestamp>
			</report>
			<report>
				<misses>8437001</misses>
				<total>29</total>
				<timestamp>2865.712291</timestamp>
			</report>
			<report>
				<misses>8438001</misses>
				<total>29</total>
				<timestamp>2866.052025</timestamp>
			</report>
			<report>
				<misses>8439001</misses>
				<total>29</total>
				<timestamp>2866.391603</timestamp>
			</report>
			<report>
				<misses>8440001</misses>
				<total>29</total>
				<timestamp>2866.731285</timestamp>
			</report>
			<report>
				<misses>8441001</misses>
				<total>28</total>
				<timestamp>2867.071002</timestamp>
			</report>
			<report>
				<misses>8442001</misses>
				<total>29</total>
				<timestamp>2867.410586</timestamp>
			</report>
			<report>
				<misses>8443001</misses>
				<total>29</total>
				<timestamp>2867.750245</timestamp>
			</report>
			<report>
				<misses>8444001</misses>
				<total>29</total>
				<timestamp>2868.089927</timestamp>
			</report>
			<report>
				<misses>8445001</misses>
				<total>29</total>
				<timestamp>2868.429594</timestamp>
			</report>
			<report>
				<misses>8446001</misses>
				<total>29</total>
				<timestamp>2868.769248</timestamp>
			</report>
			<report>
				<misses>8447001</misses>
				<total>28</total>
				<timestamp>2869.108962</timestamp>
			</report>
			<report>
				<misses>8448001</misses>
				<total>29</total>
				<timestamp>2869.448545</timestamp>
			</report>
			<report>
				<misses>8449001</misses>
				<total>29</total>
				<timestamp>2869.788270</timestamp>
			</report>
			<report>
				<misses>8450001</misses>
				<total>28</total>
				<timestamp>2870.127979</timestamp>
			</report>
			<report>
				<misses>8451001</misses>
				<total>29</total>
				<timestamp>2870.467506</timestamp>
			</report>
			<report>
				<misses>8452001</misses>
				<total>29</total>
				<timestamp>2870.807200</timestamp>
			</report>
			<report>
				<misses>8453001</misses>
				<total>28</total>
				<timestamp>2871.146973</timestamp>
			</report>
			<report>
				<misses>8454001</misses>
				<total>29</total>
				<timestamp>2871.486507</timestamp>
			</report>
			<report>
				<misses>8455001</misses>
				<total>29</total>
				<timestamp>2871.826184</timestamp>
			</report>
			<report>
				<misses>8456001</misses>
				<total>28</total>
				<timestamp>2872.165954</timestamp>
			</report>
			<report>
				<misses>8457001</misses>
				<total>29</total>
				<timestamp>2872.505481</timestamp>
			</report>
			<report>
				<misses>8458001</misses>
				<total>29</total>
				<timestamp>2872.845168</timestamp>
			</report>
			<report>
				<misses>8459001</misses>
				<total>29</total>
				<timestamp>2873.184822</timestamp>
			</report>
			<report>
				<misses>8460001</misses>
				<total>29</total>
				<timestamp>2873.524454</timestamp>
			</report>
			<report>
				<misses>8461001</misses>
				<total>29</total>
				<timestamp>2873.864172</timestamp>
			</report>
			<report>
				<misses>8462001</misses>
				<total>29</total>
				<timestamp>2874.203808</timestamp>
			</report>
			<report>
				<misses>8463001</misses>
				<total>29</total>
				<timestamp>2874.543429</timestamp>
			</report>
			<report>
				<misses>8464001</misses>
				<total>28</total>
				<timestamp>2874.883191</timestamp>
			</report>
			<report>
				<misses>8465001</misses>
				<total>29</total>
				<timestamp>2875.222920</timestamp>
			</report>
			<report>
				<misses>8466001</misses>
				<total>30</total>
				<timestamp>2875.562424</timestamp>
			</report>
			<report>
				<misses>8467001</misses>
				<total>29</total>
				<timestamp>2875.902163</timestamp>
			</report>
			<report>
				<misses>8468001</misses>
				<total>30</total>
				<timestamp>2876.241754</timestamp>
			</report>
			<report>
				<misses>8469001</misses>
				<total>30</total>
				<timestamp>2876.581441</timestamp>
			</report>
			<report>
				<misses>8470001</misses>
				<total>30</total>
				<timestamp>2876.921116</timestamp>
			</report>
			<report>
				<misses>8471001</misses>
				<total>30</total>
				<timestamp>2877.260718</timestamp>
			</report>
			<report>
				<misses>8472001</misses>
				<total>30</total>
				<timestamp>2877.600368</timestamp>
			</report>
			<report>
				<misses>8473001</misses>
				<total>29</total>
				<timestamp>2877.940163</timestamp>
			</report>
			<report>
				<misses>8474001</misses>
				<total>30</total>
				<timestamp>2878.279711</timestamp>
			</report>
			<report>
				<misses>8475001</misses>
				<total>30</total>
				<timestamp>2878.619368</timestamp>
			</report>
			<report>
				<misses>8476001</misses>
				<total>30</total>
				<timestamp>2878.959015</timestamp>
			</report>
			<report>
				<misses>8477001</misses>
				<total>30</total>
				<timestamp>2879.298684</timestamp>
			</report>
			<report>
				<misses>8478001</misses>
				<total>30</total>
				<timestamp>2879.638340</timestamp>
			</report>
			<report>
				<misses>8479001</misses>
				<total>29</total>
				<timestamp>2879.978138</timestamp>
			</report>
			<report>
				<misses>8480001</misses>
				<total>30</total>
				<timestamp>2880.317660</timestamp>
			</report>
			<report>
				<misses>8481001</misses>
				<total>30</total>
				<timestamp>2880.657343</timestamp>
			</report>
			<report>
				<misses>8482001</misses>
				<total>30</total>
				<timestamp>2880.997020</timestamp>
			</report>
			<report>
				<misses>8483001</misses>
				<total>30</total>
				<timestamp>2881.336636</timestamp>
			</report>
			<report>
				<misses>8484001</misses>
				<total>30</total>
				<timestamp>2881.676312</timestamp>
			</report>
			<report>
				<misses>8485001</misses>
				<total>30</total>
				<timestamp>2882.015996</timestamp>
			</report>
			<report>
				<misses>8486001</misses>
				<total>30</total>
				<timestamp>2882.355634</timestamp>
			</report>
			<report>
				<misses>8487001</misses>
				<total>30</total>
				<timestamp>2882.695306</timestamp>
			</report>
			<report>
				<misses>8488001</misses>
				<total>30</total>
				<timestamp>2883.035007</timestamp>
			</report>
			<report>
				<misses>8489001</misses>
				<total>30</total>
				<timestamp>2883.374602</timestamp>
			</report>
			<report>
				<misses>8490001</misses>
				<total>30</total>
				<timestamp>2883.714280</timestamp>
			</report>
			<report>
				<misses>8491001</misses>
				<total>30</total>
				<timestamp>2884.053984</timestamp>
			</report>
			<report>
				<misses>8492001</misses>
				<total>30</total>
				<timestamp>2884.393589</timestamp>
			</report>
			<report>
				<misses>8493001</misses>
				<total>30</total>
				<timestamp>2884.733223</timestamp>
			</report>
			<report>
				<misses>8494001</misses>
				<total>29</total>
				<timestamp>2885.072993</timestamp>
			</report>
			<report>
				<misses>8495001</misses>
				<total>30</total>
				<timestamp>2885.412565</timestamp>
			</report>
			<report>
				<misses>8496001</misses>
				<total>30</total>
				<timestamp>2885.752203</timestamp>
			</report>
			<report>
				<misses>8497001</misses>
				<total>29</total>
				<timestamp>2886.092009</timestamp>
			</report>
			<report>
				<misses>8498001</misses>
				<total>30</total>
				<timestamp>2886.431545</timestamp>
			</report>
			<report>
				<misses>8499001</misses>
				<total>30</total>
				<timestamp>2886.771227</timestamp>
			</report>
			<report>
				<misses>8500001</misses>
				<total>29</total>
				<timestamp>2887.111004</timestamp>
			</report>
			<report>
				<misses>8501001</misses>
				<total>30</total>
				<timestamp>2887.450521</timestamp>
			</report>
			<report>
				<misses>8502001</misses>
				<total>30</total>
				<timestamp>2887.790232</timestamp>
			</report>
			<report>
				<misses>8503001</misses>
				<total>29</total>
				<timestamp>2888.129967</timestamp>
			</report>
			<report>
				<misses>8504001</misses>
				<total>30</total>
				<timestamp>2888.469499</timestamp>
			</report>
			<report>
				<misses>8505001</misses>
				<total>30</total>
				<timestamp>2888.809160</timestamp>
			</report>
			<report>
				<misses>8506001</misses>
				<total>30</total>
				<timestamp>2889.148851</timestamp>
			</report>
			<report>
				<misses>8507001</misses>
				<total>30</total>
				<timestamp>2889.488489</timestamp>
			</report>
			<report>
				<misses>8508001</misses>
				<total>30</total>
				<timestamp>2889.828180</timestamp>
			</report>
			<report>
				<misses>8509001</misses>
				<total>30</total>
				<timestamp>2890.167823</timestamp>
			</report>
			<report>
				<misses>8510001</misses>
				<total>30</total>
				<timestamp>2890.507472</timestamp>
			</report>
			<report>
				<misses>8511001</misses>
				<total>30</total>
				<timestamp>2890.847139</timestamp>
			</report>
			<report>
				<misses>8512001</misses>
				<total>30</total>
				<timestamp>2891.186846</timestamp>
			</report>
			<report>
				<misses>8513001</misses>
				<total>30</total>
				<timestamp>2891.526432</timestamp>
			</report>
			<report>
				<misses>8514001</misses>
				<total>30</total>
				<timestamp>2891.866105</timestamp>
			</report>
			<report>
				<misses>8515001</misses>
				<total>30</total>
				<timestamp>2892.205768</timestamp>
			</report>
			<report>
				<misses>8516001</misses>
				<total>30</total>
				<timestamp>2892.545426</timestamp>
			</report>
			<report>
				<misses>8517001</misses>
				<total>30</total>
				<timestamp>2892.885114</timestamp>
			</report>
			<report>
				<misses>8518001</misses>
				<total>29</total>
				<timestamp>2893.224822</timestamp>
			</report>
			<report>
				<misses>8519001</misses>
				<total>30</total>
				<timestamp>2893.564432</timestamp>
			</report>
			<report>
				<misses>8520001</misses>
				<total>30</total>
				<timestamp>2893.904106</timestamp>
			</report>
			<report>
				<misses>8521001</misses>
				<total>30</total>
				<timestamp>2894.243747</timestamp>
			</report>
			<report>
				<misses>8522001</misses>
				<total>30</total>
				<timestamp>2894.583379</timestamp>
			</report>
			<report>
				<misses>8523001</misses>
				<total>30</total>
				<timestamp>2894.923060</timestamp>
			</report>
			<report>
				<misses>8524001</misses>
				<total>29</total>
				<timestamp>2895.262817</timestamp>
			</report>
			<report>
				<misses>8525001</misses>
				<total>30</total>
				<timestamp>2895.602374</timestamp>
			</report>
			<report>
				<misses>8526001</misses>
				<total>30</total>
				<timestamp>2895.942023</timestamp>
			</report>
			<report>
				<misses>8527001</misses>
				<total>29</total>
				<timestamp>2896.281805</timestamp>
			</report>
			<report>
				<misses>8528001</misses>
				<total>30</total>
				<timestamp>2896.621343</timestamp>
			</report>
			<report>
				<misses>8529001</misses>
				<total>30</total>
				<timestamp>2896.961039</timestamp>
			</report>
			<report>
				<misses>8530001</misses>
				<total>29</total>
				<timestamp>2897.300799</timestamp>
			</report>
			<report>
				<misses>8531001</misses>
				<total>30</total>
				<timestamp>2897.640315</timestamp>
			</report>
			<report>
				<misses>8532001</misses>
				<total>30</total>
				<timestamp>2897.979992</timestamp>
			</report>
			<report>
				<misses>8533001</misses>
				<total>30</total>
				<timestamp>2898.319653</timestamp>
			</report>
			<report>
				<misses>8534001</misses>
				<total>30</total>
				<timestamp>2898.659303</timestamp>
			</report>
			<report>
				<misses>8535001</misses>
				<total>30</total>
				<timestamp>2898.999003</timestamp>
			</report>
			<report>
				<misses>8536001</misses>
				<total>30</total>
				<timestamp>2899.338624</timestamp>
			</report>
			<report>
				<misses>8537001</misses>
				<total>30</total>
				<timestamp>2899.678359</timestamp>
			</report>
			<report>
				<misses>8538001</misses>
				<total>30</total>
				<timestamp>2900.017938</timestamp>
			</report>
			<report>
				<misses>8539001</misses>
				<total>30</total>
				<timestamp>2900.357638</timestamp>
			</report>
			<report>
				<misses>8540001</misses>
				<total>30</total>
				<timestamp>2900.697259</timestamp>
			</report>
			<report>
				<misses>8541001</misses>
				<total>29</total>
				<timestamp>2901.037005</timestamp>
			</report>
			<report>
				<misses>8542001</misses>
				<total>30</total>
				<timestamp>2901.376657</timestamp>
			</report>
			<report>
				<misses>8543001</misses>
				<total>30</total>
				<timestamp>2901.716235</timestamp>
			</report>
			<report>
				<misses>8544001</misses>
				<total>29</total>
				<timestamp>2902.055982</timestamp>
			</report>
			<report>
				<misses>8545001</misses>
				<total>30</total>
				<timestamp>2902.395565</timestamp>
			</report>
			<report>
				<misses>8546001</misses>
				<total>30</total>
				<timestamp>2902.735223</timestamp>
			</report>
			<report>
				<misses>8547001</misses>
				<total>30</total>
				<timestamp>2903.074895</timestamp>
			</report>
			<report>
				<misses>8548001</misses>
				<total>30</total>
				<timestamp>2903.414537</timestamp>
			</report>
			<report>
				<misses>8549001</misses>
				<total>30</total>
				<timestamp>2903.754204</timestamp>
			</report>
			<report>
				<misses>8550001</misses>
				<total>29</total>
				<timestamp>2904.093982</timestamp>
			</report>
			<report>
				<misses>8551001</misses>
				<total>30</total>
				<timestamp>2904.433524</timestamp>
			</report>
			<report>
				<misses>8552001</misses>
				<total>30</total>
				<timestamp>2904.773174</timestamp>
			</report>
			<report>
				<misses>8553001</misses>
				<total>30</total>
				<timestamp>2905.112848</timestamp>
			</report>
			<report>
				<misses>8554001</misses>
				<total>30</total>
				<timestamp>2905.452504</timestamp>
			</report>
			<report>
				<misses>8555001</misses>
				<total>30</total>
				<timestamp>2905.792178</timestamp>
			</report>
			<report>
				<misses>8556001</misses>
				<total>30</total>
				<timestamp>2906.131821</timestamp>
			</report>
			<report>
				<misses>8557001</misses>
				<total>30</total>
				<timestamp>2906.471479</timestamp>
			</report>
			<report>
				<misses>8558001</misses>
				<total>30</total>
				<timestamp>2906.811183</timestamp>
			</report>
			<report>
				<misses>8559001</misses>
				<total>30</total>
				<timestamp>2907.150842</timestamp>
			</report>
			<report>
				<misses>8560001</misses>
				<total>30</total>
				<timestamp>2907.490448</timestamp>
			</report>
			<report>
				<misses>8561001</misses>
				<total>30</total>
				<timestamp>2907.830122</timestamp>
			</report>
			<report>
				<misses>8562001</misses>
				<total>30</total>
				<timestamp>2908.169865</timestamp>
			</report>
			<report>
				<misses>8563001</misses>
				<total>30</total>
				<timestamp>2908.509461</timestamp>
			</report>
			<report>
				<misses>8564001</misses>
				<total>30</total>
				<timestamp>2908.849100</timestamp>
			</report>
			<report>
				<misses>8565001</misses>
				<total>30</total>
				<timestamp>2909.188790</timestamp>
			</report>
			<report>
				<misses>8566001</misses>
				<total>30</total>
				<timestamp>2909.528443</timestamp>
			</report>
			<report>
				<misses>8567001</misses>
				<total>30</total>
				<timestamp>2909.868073</timestamp>
			</report>
			<report>
				<misses>8568001</misses>
				<total>29</total>
				<timestamp>2910.207825</timestamp>
			</report>
			<report>
				<misses>8569001</misses>
				<total>30</total>
				<timestamp>2910.547436</timestamp>
			</report>
			<report>
				<misses>8570001</misses>
				<total>30</total>
				<timestamp>2910.887075</timestamp>
			</report>
			<report>
				<misses>8571001</misses>
				<total>29</total>
				<timestamp>2911.226822</timestamp>
			</report>
			<report>
				<misses>8572001</misses>
				<total>30</total>
				<timestamp>2911.566376</timestamp>
			</report>
			<report>
				<misses>8573001</misses>
				<total>30</total>
				<timestamp>2911.906038</timestamp>
			</report>
			<report>
				<misses>8574001</misses>
				<total>29</total>
				<timestamp>2912.245835</timestamp>
			</report>
			<report>
				<misses>8575001</misses>
				<total>30</total>
				<timestamp>2912.585365</timestamp>
			</report>
			<report>
				<misses>8576001</misses>
				<total>30</total>
				<timestamp>2912.925016</timestamp>
			</report>
			<report>
				<misses>8577001</misses>
				<total>30</total>
				<timestamp>2913.264722</timestamp>
			</report>
			<report>
				<misses>8578001</misses>
				<total>30</total>
				<timestamp>2913.604333</timestamp>
			</report>
			<report>
				<misses>8579001</misses>
				<total>30</total>
				<timestamp>2913.944002</timestamp>
			</report>
			<report>
				<misses>8580001</misses>
				<total>30</total>
				<timestamp>2914.283683</timestamp>
			</report>
			<report>
				<misses>8581001</misses>
				<total>30</total>
				<timestamp>2914.623305</timestamp>
			</report>
			<report>
				<misses>8582001</misses>
				<total>30</total>
				<timestamp>2914.962975</timestamp>
			</report>
			<report>
				<misses>8583001</misses>
				<total>30</total>
				<timestamp>2915.302682</timestamp>
			</report>
			<report>
				<misses>8584001</misses>
				<total>30</total>
				<timestamp>2915.642295</timestamp>
			</report>
			<report>
				<misses>8585001</misses>
				<total>30</total>
				<timestamp>2915.981940</timestamp>
			</report>
			<report>
				<misses>8586001</misses>
				<total>30</total>
				<timestamp>2916.321682</timestamp>
			</report>
			<report>
				<misses>8587001</misses>
				<total>30</total>
				<timestamp>2916.661281</timestamp>
			</report>
			<report>
				<misses>8588001</misses>
				<total>30</total>
				<timestamp>2917.000935</timestamp>
			</report>
			<report>
				<misses>8589001</misses>
				<total>30</total>
				<timestamp>2917.340665</timestamp>
			</report>
			<report>
				<misses>8590001</misses>
				<total>30</total>
				<timestamp>2917.680291</timestamp>
			</report>
			<report>
				<misses>8591001</misses>
				<total>30</total>
				<timestamp>2918.019956</timestamp>
			</report>
			<report>
				<misses>8592001</misses>
				<total>30</total>
				<timestamp>2918.359656</timestamp>
			</report>
			<report>
				<misses>8593001</misses>
				<total>30</total>
				<timestamp>2918.699266</timestamp>
			</report>
			<report>
				<misses>8594001</misses>
				<total>30</total>
				<timestamp>2919.038944</timestamp>
			</report>
			<report>
				<misses>8595001</misses>
				<total>29</total>
				<timestamp>2919.378662</timestamp>
			</report>
			<report>
				<misses>8596001</misses>
				<total>30</total>
				<timestamp>2919.718239</timestamp>
			</report>
			<report>
				<misses>8597001</misses>
				<total>30</total>
				<timestamp>2920.057874</timestamp>
			</report>
			<report>
				<misses>8598001</misses>
				<total>29</total>
				<timestamp>2920.397749</timestamp>
			</report>
			<report>
				<misses>8599001</misses>
				<total>30</total>
				<timestamp>2920.737187</timestamp>
			</report>
			<report>
				<misses>8600001</misses>
				<total>30</total>
				<timestamp>2921.076848</timestamp>
			</report>
			<report>
				<misses>8601001</misses>
				<total>29</total>
				<timestamp>2921.416629</timestamp>
			</report>
			<report>
				<misses>8602001</misses>
				<total>30</total>
				<timestamp>2921.756203</timestamp>
			</report>
			<report>
				<misses>8603001</misses>
				<total>30</total>
				<timestamp>2922.095856</timestamp>
			</report>
			<report>
				<misses>8604001</misses>
				<total>29</total>
				<timestamp>2922.435619</timestamp>
			</report>
			<report>
				<misses>8605001</misses>
				<total>30</total>
				<timestamp>2922.775161</timestamp>
			</report>
			<report>
				<misses>8606001</misses>
				<total>30</total>
				<timestamp>2923.114869</timestamp>
			</report>
			<report>
				<misses>8607001</misses>
				<total>29</total>
				<timestamp>2923.454630</timestamp>
			</report>
			<report>
				<misses>8608001</misses>
				<total>30</total>
				<timestamp>2923.794134</timestamp>
			</report>
			<report>
				<misses>8609001</misses>
				<total>29</total>
				<timestamp>2924.133876</timestamp>
			</report>
			<report>
				<misses>8610001</misses>
				<total>30</total>
				<timestamp>2924.473474</timestamp>
			</report>
			<report>
				<misses>8611001</misses>
				<total>30</total>
				<timestamp>2924.813116</timestamp>
			</report>
			<report>
				<misses>8612001</misses>
				<total>30</total>
				<timestamp>2925.152790</timestamp>
			</report>
			<report>
				<misses>8613001</misses>
				<total>30</total>
				<timestamp>2925.492468</timestamp>
			</report>
			<report>
				<misses>8614001</misses>
				<total>30</total>
				<timestamp>2925.832113</timestamp>
			</report>
			<report>
				<misses>8615001</misses>
				<total>29</total>
				<timestamp>2926.171867</timestamp>
			</report>
			<report>
				<misses>8616001</misses>
				<total>30</total>
				<timestamp>2926.511432</timestamp>
			</report>
			<report>
				<misses>8617001</misses>
				<total>30</total>
				<timestamp>2926.851107</timestamp>
			</report>
			<report>
				<misses>8618001</misses>
				<total>29</total>
				<timestamp>2927.190882</timestamp>
			</report>
			<report>
				<misses>8619001</misses>
				<total>30</total>
				<timestamp>2927.530386</timestamp>
			</report>
			<report>
				<misses>8620001</misses>
				<total>30</total>
				<timestamp>2927.870190</timestamp>
			</report>
			<report>
				<misses>8621001</misses>
				<total>30</total>
				<timestamp>2928.209717</timestamp>
			</report>
			<report>
				<misses>8622001</misses>
				<total>30</total>
				<timestamp>2928.549513</timestamp>
			</report>
			<report>
				<misses>8623001</misses>
				<total>30</total>
				<timestamp>2928.889079</timestamp>
			</report>
			<report>
				<misses>8624001</misses>
				<total>30</total>
				<timestamp>2929.228743</timestamp>
			</report>
			<report>
				<misses>8625001</misses>
				<total>30</total>
				<timestamp>2929.568378</timestamp>
			</report>
			<report>
				<misses>8626001</misses>
				<total>30</total>
				<timestamp>2929.908055</timestamp>
			</report>
			<report>
				<misses>8627001</misses>
				<total>29</total>
				<timestamp>2930.247817</timestamp>
			</report>
			<report>
				<misses>8628001</misses>
				<total>30</total>
				<timestamp>2930.587378</timestamp>
			</report>
			<report>
				<misses>8629001</misses>
				<total>30</total>
				<timestamp>2930.927045</timestamp>
			</report>
			<report>
				<misses>8630001</misses>
				<total>30</total>
				<timestamp>2931.266682</timestamp>
			</report>
			<report>
				<misses>8631001</misses>
				<total>30</total>
				<timestamp>2931.606353</timestamp>
			</report>
			<report>
				<misses>8632001</misses>
				<total>30</total>
				<timestamp>2931.945976</timestamp>
			</report>
			<report>
				<misses>8633001</misses>
				<total>30</total>
				<timestamp>2932.285704</timestamp>
			</report>
			<report>
				<misses>8634001</misses>
				<total>30</total>
				<timestamp>2932.625316</timestamp>
			</report>
			<report>
				<misses>8635001</misses>
				<total>30</total>
				<timestamp>2932.964955</timestamp>
			</report>
			<report>
				<misses>8636001</misses>
				<total>30</total>
				<timestamp>2933.304673</timestamp>
			</report>
			<report>
				<misses>8637001</misses>
				<total>30</total>
				<timestamp>2933.644301</timestamp>
			</report>
			<report>
				<misses>8638001</misses>
				<total>30</total>
				<timestamp>2933.983954</timestamp>
			</report>
			<report>
				<misses>8639001</misses>
				<total>29</total>
				<timestamp>2934.323688</timestamp>
			</report>
			<report>
				<misses>8640001</misses>
				<total>30</total>
				<timestamp>2934.663271</timestamp>
			</report>
			<report>
				<misses>8641001</misses>
				<total>30</total>
				<timestamp>2935.002924</timestamp>
			</report>
			<report>
				<misses>8642001</misses>
				<total>29</total>
				<timestamp>2935.342689</timestamp>
			</report>
			<report>
				<misses>8643001</misses>
				<total>30</total>
				<timestamp>2935.682264</timestamp>
			</report>
			<report>
				<misses>8644001</misses>
				<total>30</total>
				<timestamp>2936.021910</timestamp>
			</report>
			<report>
				<misses>8645001</misses>
				<total>29</total>
				<timestamp>2936.361671</timestamp>
			</report>
			<report>
				<misses>8646001</misses>
				<total>30</total>
				<timestamp>2936.701222</timestamp>
			</report>
			<report>
				<misses>8647001</misses>
				<total>30</total>
				<timestamp>2937.040965</timestamp>
			</report>
			<report>
				<misses>8648001</misses>
				<total>30</total>
				<timestamp>2937.380582</timestamp>
			</report>
			<report>
				<misses>8649001</misses>
				<total>30</total>
				<timestamp>2937.720207</timestamp>
			</report>
			<report>
				<misses>8650001</misses>
				<total>30</total>
				<timestamp>2938.059879</timestamp>
			</report>
			<report>
				<misses>8651001</misses>
				<total>30</total>
				<timestamp>2938.399542</timestamp>
			</report>
			<report>
				<misses>8652001</misses>
				<total>30</total>
				<timestamp>2938.739229</timestamp>
			</report>
			<report>
				<misses>8653001</misses>
				<total>30</total>
				<timestamp>2939.078893</timestamp>
			</report>
			<report>
				<misses>8654001</misses>
				<total>30</total>
				<timestamp>2939.418543</timestamp>
			</report>
			<report>
				<misses>8655001</misses>
				<total>30</total>
				<timestamp>2939.758180</timestamp>
			</report>
			<report>
				<misses>8656001</misses>
				<total>30</total>
				<timestamp>2940.097848</timestamp>
			</report>
			<report>
				<misses>8657001</misses>
				<total>30</total>
				<timestamp>2940.437572</timestamp>
			</report>
			<report>
				<misses>8658001</misses>
				<total>30</total>
				<timestamp>2940.777146</timestamp>
			</report>
			<report>
				<misses>8659001</misses>
				<total>29</total>
				<timestamp>2941.116883</timestamp>
			</report>
			<report>
				<misses>8660001</misses>
				<total>30</total>
				<timestamp>2941.456531</timestamp>
			</report>
			<report>
				<misses>8661001</misses>
				<total>30</total>
				<timestamp>2941.796148</timestamp>
			</report>
			<report>
				<misses>8662001</misses>
				<total>30</total>
				<timestamp>2942.135784</timestamp>
			</report>
			<report>
				<misses>8663001</misses>
				<total>30</total>
				<timestamp>2942.475528</timestamp>
			</report>
			<report>
				<misses>8664001</misses>
				<total>30</total>
				<timestamp>2942.815087</timestamp>
			</report>
			<report>
				<misses>8665001</misses>
				<total>30</total>
				<timestamp>2943.154767</timestamp>
			</report>
			<report>
				<misses>8666001</misses>
				<total>29</total>
				<timestamp>2943.494525</timestamp>
			</report>
			<report>
				<misses>8667001</misses>
				<total>31</total>
				<timestamp>2943.834068</timestamp>
			</report>
			<report>
				<misses>8668001</misses>
				<total>31</total>
				<timestamp>2944.173759</timestamp>
			</report>
			<report>
				<misses>8669001</misses>
				<total>31</total>
				<timestamp>2944.513511</timestamp>
			</report>
			<report>
				<misses>8670001</misses>
				<total>31</total>
				<timestamp>2944.853051</timestamp>
			</report>
			<report>
				<misses>8671001</misses>
				<total>31</total>
				<timestamp>2945.192726</timestamp>
			</report>
			<report>
				<misses>8672001</misses>
				<total>30</total>
				<timestamp>2945.532502</timestamp>
			</report>
			<report>
				<misses>8673001</misses>
				<total>31</total>
				<timestamp>2945.872076</timestamp>
			</report>
			<report>
				<misses>8674001</misses>
				<total>31</total>
				<timestamp>2946.211693</timestamp>
			</report>
			<report>
				<misses>8675001</misses>
				<total>31</total>
				<timestamp>2946.551454</timestamp>
			</report>
			<report>
				<misses>8676001</misses>
				<total>31</total>
				<timestamp>2946.891030</timestamp>
			</report>
			<report>
				<misses>8677001</misses>
				<total>31</total>
				<timestamp>2947.230744</timestamp>
			</report>
			<report>
				<misses>8678001</misses>
				<total>31</total>
				<timestamp>2947.570357</timestamp>
			</report>
			<report>
				<misses>8679001</misses>
				<total>31</total>
				<timestamp>2947.910054</timestamp>
			</report>
			<report>
				<misses>8680001</misses>
				<total>31</total>
				<timestamp>2948.249655</timestamp>
			</report>
			<report>
				<misses>8681001</misses>
				<total>31</total>
				<timestamp>2948.589320</timestamp>
			</report>
			<report>
				<misses>8682001</misses>
				<total>31</total>
				<timestamp>2948.928981</timestamp>
			</report>
			<report>
				<misses>8683001</misses>
				<total>31</total>
				<timestamp>2949.268706</timestamp>
			</report>
			<report>
				<misses>8684001</misses>
				<total>31</total>
				<timestamp>2949.608323</timestamp>
			</report>
			<report>
				<misses>8685001</misses>
				<total>31</total>
				<timestamp>2949.947989</timestamp>
			</report>
			<report>
				<misses>8686001</misses>
				<total>31</total>
				<timestamp>2950.287596</timestamp>
			</report>
			<report>
				<misses>8687001</misses>
				<total>31</total>
				<timestamp>2950.627303</timestamp>
			</report>
			<report>
				<misses>8688001</misses>
				<total>31</total>
				<timestamp>2950.966938</timestamp>
			</report>
			<report>
				<misses>8689001</misses>
				<total>30</total>
				<timestamp>2951.306711</timestamp>
			</report>
			<report>
				<misses>8690001</misses>
				<total>31</total>
				<timestamp>2951.646307</timestamp>
			</report>
			<report>
				<misses>8691001</misses>
				<total>31</total>
				<timestamp>2951.985927</timestamp>
			</report>
			<report>
				<misses>8692001</misses>
				<total>30</total>
				<timestamp>2952.325672</timestamp>
			</report>
			<report>
				<misses>8693001</misses>
				<total>31</total>
				<timestamp>2952.665250</timestamp>
			</report>
			<report>
				<misses>8694001</misses>
				<total>31</total>
				<timestamp>2953.004901</timestamp>
			</report>
			<report>
				<misses>8695001</misses>
				<total>31</total>
				<timestamp>2953.344595</timestamp>
			</report>
			<report>
				<misses>8696001</misses>
				<total>31</total>
				<timestamp>2953.684214</timestamp>
			</report>
			<report>
				<misses>8697001</misses>
				<total>31</total>
				<timestamp>2954.023875</timestamp>
			</report>
			<report>
				<misses>8698001</misses>
				<total>31</total>
				<timestamp>2954.363551</timestamp>
			</report>
			<report>
				<misses>8699001</misses>
				<total>31</total>
				<timestamp>2954.703202</timestamp>
			</report>
			<report>
				<misses>8700001</misses>
				<total>31</total>
				<timestamp>2955.042856</timestamp>
			</report>
			<report>
				<misses>8701001</misses>
				<total>31</total>
				<timestamp>2955.382540</timestamp>
			</report>
			<report>
				<misses>8702001</misses>
				<total>31</total>
				<timestamp>2955.722190</timestamp>
			</report>
			<report>
				<misses>8703001</misses>
				<total>31</total>
				<timestamp>2956.061840</timestamp>
			</report>
			<report>
				<misses>8704001</misses>
				<total>31</total>
				<timestamp>2956.401550</timestamp>
			</report>
			<report>
				<misses>8705001</misses>
				<total>31</total>
				<timestamp>2956.741156</timestamp>
			</report>
			<report>
				<misses>8706001</misses>
				<total>31</total>
				<timestamp>2957.080829</timestamp>
			</report>
			<report>
				<misses>8707001</misses>
				<total>31</total>
				<timestamp>2957.420510</timestamp>
			</report>
			<report>
				<misses>8708001</misses>
				<total>31</total>
				<timestamp>2957.760155</timestamp>
			</report>
			<report>
				<misses>8709001</misses>
				<total>31</total>
				<timestamp>2958.099825</timestamp>
			</report>
			<report>
				<misses>8710001</misses>
				<total>31</total>
				<timestamp>2958.439459</timestamp>
			</report>
			<report>
				<misses>8711001</misses>
				<total>31</total>
				<timestamp>2958.779116</timestamp>
			</report>
			<report>
				<misses>8712001</misses>
				<total>31</total>
				<timestamp>2959.118782</timestamp>
			</report>
			<report>
				<misses>8713001</misses>
				<total>31</total>
				<timestamp>2959.458475</timestamp>
			</report>
			<report>
				<misses>8714001</misses>
				<total>31</total>
				<timestamp>2959.798126</timestamp>
			</report>
			<report>
				<misses>8715001</misses>
				<total>31</total>
				<timestamp>2960.137768</timestamp>
			</report>
			<report>
				<misses>8716001</misses>
				<total>30</total>
				<timestamp>2960.477520</timestamp>
			</report>
			<report>
				<misses>8717001</misses>
				<total>31</total>
				<timestamp>2960.817073</timestamp>
			</report>
			<report>
				<misses>8718001</misses>
				<total>31</total>
				<timestamp>2961.156767</timestamp>
			</report>
			<report>
				<misses>8719001</misses>
				<total>31</total>
				<timestamp>2961.496401</timestamp>
			</report>
			<report>
				<misses>8720001</misses>
				<total>31</total>
				<timestamp>2961.836079</timestamp>
			</report>
			<report>
				<misses>8721001</misses>
				<total>31</total>
				<timestamp>2962.175711</timestamp>
			</report>
			<report>
				<misses>8722001</misses>
				<total>30</total>
				<timestamp>2962.515491</timestamp>
			</report>
			<report>
				<misses>8723001</misses>
				<total>31</total>
				<timestamp>2962.855025</timestamp>
			</report>
			<report>
				<misses>8724001</misses>
				<total>31</total>
				<timestamp>2963.194726</timestamp>
			</report>
			<report>
				<misses>8725001</misses>
				<total>31</total>
				<timestamp>2963.534400</timestamp>
			</report>
			<report>
				<misses>8726001</misses>
				<total>31</total>
				<timestamp>2963.874033</timestamp>
			</report>
			<report>
				<misses>8727001</misses>
				<total>31</total>
				<timestamp>2964.213680</timestamp>
			</report>
			<report>
				<misses>8728001</misses>
				<total>30</total>
				<timestamp>2964.553482</timestamp>
			</report>
			<report>
				<misses>8729001</misses>
				<total>31</total>
				<timestamp>2964.893037</timestamp>
			</report>
			<report>
				<misses>8730001</misses>
				<total>31</total>
				<timestamp>2965.232650</timestamp>
			</report>
			<report>
				<misses>8731001</misses>
				<total>31</total>
				<timestamp>2965.572423</timestamp>
			</report>
			<report>
				<misses>8732001</misses>
				<total>31</total>
				<timestamp>2965.911971</timestamp>
			</report>
			<report>
				<misses>8733001</misses>
				<total>31</total>
				<timestamp>2966.251652</timestamp>
			</report>
			<report>
				<misses>8734001</misses>
				<total>31</total>
				<timestamp>2966.591400</timestamp>
			</report>
			<report>
				<misses>8735001</misses>
				<total>31</total>
				<timestamp>2966.930967</timestamp>
			</report>
			<report>
				<misses>8736001</misses>
				<total>31</total>
				<timestamp>2967.270647</timestamp>
			</report>
			<report>
				<misses>8737001</misses>
				<total>31</total>
				<timestamp>2967.610367</timestamp>
			</report>
			<report>
				<misses>8738001</misses>
				<total>31</total>
				<timestamp>2967.949940</timestamp>
			</report>
			<report>
				<misses>8739001</misses>
				<total>31</total>
				<timestamp>2968.289592</timestamp>
			</report>
			<report>
				<misses>8740001</misses>
				<total>31</total>
				<timestamp>2968.629356</timestamp>
			</report>
			<report>
				<misses>8741001</misses>
				<total>31</total>
				<timestamp>2968.968932</timestamp>
			</report>
			<report>
				<misses>8742001</misses>
				<total>31</total>
				<timestamp>2969.308583</timestamp>
			</report>
			<report>
				<misses>8743001</misses>
				<total>31</total>
				<timestamp>2969.648354</timestamp>
			</report>
			<report>
				<misses>8744001</misses>
				<total>31</total>
				<timestamp>2969.987924</timestamp>
			</report>
			<report>
				<misses>8745001</misses>
				<total>31</total>
				<timestamp>2970.327556</timestamp>
			</report>
			<report>
				<misses>8746001</misses>
				<total>30</total>
				<timestamp>2970.667338</timestamp>
			</report>
			<report>
				<misses>8747001</misses>
				<total>31</total>
				<timestamp>2971.006891</timestamp>
			</report>
			<report>
				<misses>8748001</misses>
				<total>31</total>
				<timestamp>2971.346570</timestamp>
			</report>
			<report>
				<misses>8749001</misses>
				<total>30</total>
				<timestamp>2971.686326</timestamp>
			</report>
			<report>
				<misses>8750001</misses>
				<total>31</total>
				<timestamp>2972.025863</timestamp>
			</report>
			<report>
				<misses>8751001</misses>
				<total>31</total>
				<timestamp>2972.365561</timestamp>
			</report>
			<report>
				<misses>8752001</misses>
				<total>31</total>
				<timestamp>2972.705175</timestamp>
			</report>
			<report>
				<misses>8753001</misses>
				<total>31</total>
				<timestamp>2973.044865</timestamp>
			</report>
			<report>
				<misses>8754001</misses>
				<total>31</total>
				<timestamp>2973.384570</timestamp>
			</report>
			<report>
				<misses>8755001</misses>
				<total>31</total>
				<timestamp>2973.724173</timestamp>
			</report>
			<report>
				<misses>8756001</misses>
				<total>31</total>
				<timestamp>2974.063832</timestamp>
			</report>
			<report>
				<misses>8757001</misses>
				<total>31</total>
				<timestamp>2974.403484</timestamp>
			</report>
			<report>
				<misses>8758001</misses>
				<total>31</total>
				<timestamp>2974.743135</timestamp>
			</report>
			<report>
				<misses>8759001</misses>
				<total>31</total>
				<timestamp>2975.082837</timestamp>
			</report>
			<report>
				<misses>8760001</misses>
				<total>30</total>
				<timestamp>2975.422575</timestamp>
			</report>
			<report>
				<misses>8761001</misses>
				<total>31</total>
				<timestamp>2975.762124</timestamp>
			</report>
			<report>
				<misses>8762001</misses>
				<total>31</total>
				<timestamp>2976.101772</timestamp>
			</report>
			<report>
				<misses>8763001</misses>
				<total>30</total>
				<timestamp>2976.441547</timestamp>
			</report>
			<report>
				<misses>8764001</misses>
				<total>31</total>
				<timestamp>2976.781181</timestamp>
			</report>
			<report>
				<misses>8765001</misses>
				<total>31</total>
				<timestamp>2977.120771</timestamp>
			</report>
			<report>
				<misses>8766001</misses>
				<total>30</total>
				<timestamp>2977.460533</timestamp>
			</report>
			<report>
				<misses>8767001</misses>
				<total>31</total>
				<timestamp>2977.800096</timestamp>
			</report>
			<report>
				<misses>8768001</misses>
				<total>31</total>
				<timestamp>2978.139756</timestamp>
			</report>
			<report>
				<misses>8769001</misses>
				<total>30</total>
				<timestamp>2978.479523</timestamp>
			</report>
			<report>
				<misses>8770001</misses>
				<total>31</total>
				<timestamp>2978.819074</timestamp>
			</report>
			<report>
				<misses>8771001</misses>
				<total>31</total>
				<timestamp>2979.158727</timestamp>
			</report>
			<report>
				<misses>8772001</misses>
				<total>31</total>
				<timestamp>2979.498400</timestamp>
			</report>
			<report>
				<misses>8773001</misses>
				<total>31</total>
				<timestamp>2979.838050</timestamp>
			</report>
			<report>
				<misses>8774001</misses>
				<total>31</total>
				<timestamp>2980.177720</timestamp>
			</report>
			<report>
				<misses>8775001</misses>
				<total>31</total>
				<timestamp>2980.517382</timestamp>
			</report>
			<report>
				<misses>8776001</misses>
				<total>31</total>
				<timestamp>2980.857015</timestamp>
			</report>
			<report>
				<misses>8777001</misses>
				<total>31</total>
				<timestamp>2981.196669</timestamp>
			</report>
			<report>
				<misses>8778001</misses>
				<total>31</total>
				<timestamp>2981.536378</timestamp>
			</report>
			<report>
				<misses>8779001</misses>
				<total>31</total>
				<timestamp>2981.876003</timestamp>
			</report>
			<report>
				<misses>8780001</misses>
				<total>31</total>
				<timestamp>2982.215657</timestamp>
			</report>
			<report>
				<misses>8781001</misses>
				<total>31</total>
				<timestamp>2982.555356</timestamp>
			</report>
			<report>
				<misses>8782001</misses>
				<total>31</total>
				<timestamp>2982.894963</timestamp>
			</report>
			<report>
				<misses>8783001</misses>
				<total>31</total>
				<timestamp>2983.234677</timestamp>
			</report>
			<report>
				<misses>8784001</misses>
				<total>30</total>
				<timestamp>2983.574383</timestamp>
			</report>
			<report>
				<misses>8785001</misses>
				<total>31</total>
				<timestamp>2983.913967</timestamp>
			</report>
			<report>
				<misses>8786001</misses>
				<total>31</total>
				<timestamp>2984.253665</timestamp>
			</report>
			<report>
				<misses>8787001</misses>
				<total>30</total>
				<timestamp>2984.593373</timestamp>
			</report>
			<report>
				<misses>8788001</misses>
				<total>31</total>
				<timestamp>2984.932930</timestamp>
			</report>
			<report>
				<misses>8789001</misses>
				<total>31</total>
				<timestamp>2985.272590</timestamp>
			</report>
			<report>
				<misses>8790001</misses>
				<total>31</total>
				<timestamp>2985.612309</timestamp>
			</report>
			<report>
				<misses>8791001</misses>
				<total>31</total>
				<timestamp>2985.951921</timestamp>
			</report>
			<report>
				<misses>8792001</misses>
				<total>31</total>
				<timestamp>2986.291582</timestamp>
			</report>
			<report>
				<misses>8793001</misses>
				<total>30</total>
				<timestamp>2986.631354</timestamp>
			</report>
			<report>
				<misses>8794001</misses>
				<total>31</total>
				<timestamp>2986.970911</timestamp>
			</report>
			<report>
				<misses>8795001</misses>
				<total>31</total>
				<timestamp>2987.310568</timestamp>
			</report>
			<report>
				<misses>8796001</misses>
				<total>31</total>
				<timestamp>2987.650275</timestamp>
			</report>
			<report>
				<misses>8797001</misses>
				<total>31</total>
				<timestamp>2987.989869</timestamp>
			</report>
			<report>
				<misses>8798001</misses>
				<total>31</total>
				<timestamp>2988.329540</timestamp>
			</report>
			<report>
				<misses>8799001</misses>
				<total>31</total>
				<timestamp>2988.669241</timestamp>
			</report>
			<report>
				<misses>8800001</misses>
				<total>31</total>
				<timestamp>2989.008863</timestamp>
			</report>
			<report>
				<misses>8801001</misses>
				<total>31</total>
				<timestamp>2989.348537</timestamp>
			</report>
			<report>
				<misses>8802001</misses>
				<total>31</total>
				<timestamp>2989.688234</timestamp>
			</report>
			<report>
				<misses>8803001</misses>
				<total>31</total>
				<timestamp>2990.027851</timestamp>
			</report>
			<report>
				<misses>8804001</misses>
				<total>31</total>
				<timestamp>2990.367505</timestamp>
			</report>
			<report>
				<misses>8805001</misses>
				<total>31</total>
				<timestamp>2990.707203</timestamp>
			</report>
			<report>
				<misses>8806001</misses>
				<total>31</total>
				<timestamp>2991.046813</timestamp>
			</report>
			<report>
				<misses>8807001</misses>
				<total>31</total>
				<timestamp>2991.386470</timestamp>
			</report>
			<report>
				<misses>8808001</misses>
				<total>31</total>
				<timestamp>2991.726230</timestamp>
			</report>
			<report>
				<misses>8809001</misses>
				<total>31</total>
				<timestamp>2992.065805</timestamp>
			</report>
			<report>
				<misses>8810001</misses>
				<total>31</total>
				<timestamp>2992.405459</timestamp>
			</report>
			<report>
				<misses>8811001</misses>
				<total>31</total>
				<timestamp>2992.745159</timestamp>
			</report>
			<report>
				<misses>8812001</misses>
				<total>31</total>
				<timestamp>2993.084787</timestamp>
			</report>
			<report>
				<misses>8813001</misses>
				<total>31</total>
				<timestamp>2993.424449</timestamp>
			</report>
			<report>
				<misses>8814001</misses>
				<total>30</total>
				<timestamp>2993.764210</timestamp>
			</report>
			<report>
				<misses>8815001</misses>
				<total>31</total>
				<timestamp>2994.103801</timestamp>
			</report>
			<report>
				<misses>8816001</misses>
				<total>31</total>
				<timestamp>2994.443427</timestamp>
			</report>
			<report>
				<misses>8817001</misses>
				<total>30</total>
				<timestamp>2994.783167</timestamp>
			</report>
			<report>
				<misses>8818001</misses>
				<total>31</total>
				<timestamp>2995.122746</timestamp>
			</report>
			<report>
				<misses>8819001</misses>
				<total>31</total>
				<timestamp>2995.462429</timestamp>
			</report>
			<report>
				<misses>8820001</misses>
				<total>30</total>
				<timestamp>2995.802189</timestamp>
			</report>
			<report>
				<misses>8821001</misses>
				<total>31</total>
				<timestamp>2996.141716</timestamp>
			</report>
			<report>
				<misses>8822001</misses>
				<total>31</total>
				<timestamp>2996.481433</timestamp>
			</report>
			<report>
				<misses>8823001</misses>
				<total>31</total>
				<timestamp>2996.821071</timestamp>
			</report>
			<report>
				<misses>8824001</misses>
				<total>31</total>
				<timestamp>2997.160725</timestamp>
			</report>
			<report>
				<misses>8825001</misses>
				<total>31</total>
				<timestamp>2997.500414</timestamp>
			</report>
			<report>
				<misses>8826001</misses>
				<total>31</total>
				<timestamp>2997.840057</timestamp>
			</report>
			<report>
				<misses>8827001</misses>
				<total>31</total>
				<timestamp>2998.179668</timestamp>
			</report>
			<report>
				<misses>8828001</misses>
				<total>30</total>
				<timestamp>2998.519430</timestamp>
			</report>
			<report>
				<misses>8829001</misses>
				<total>31</total>
				<timestamp>2998.859046</timestamp>
			</report>
			<report>
				<misses>8830001</misses>
				<total>31</total>
				<timestamp>2999.198653</timestamp>
			</report>
			<report>
				<misses>8831001</misses>
				<total>31</total>
				<timestamp>2999.538325</timestamp>
			</report>
			<report>
				<misses>8832001</misses>
				<total>31</total>
				<timestamp>2999.877967</timestamp>
			</report>
			<report>
				<misses>8833001</misses>
				<total>31</total>
				<timestamp>3000.217677</timestamp>
			</report>
			<report>
				<misses>8834001</misses>
				<total>31</total>
				<timestamp>3000.557395</timestamp>
			</report>
			<report>
				<misses>8835001</misses>
				<total>31</total>
				<timestamp>3000.896956</timestamp>
			</report>
			<report>
				<misses>8836001</misses>
				<total>31</total>
				<timestamp>3001.236619</timestamp>
			</report>
			<report>
				<misses>8837001</misses>
				<total>31</total>
				<timestamp>3001.576355</timestamp>
			</report>
			<report>
				<misses>8838001</misses>
				<total>31</total>
				<timestamp>3001.915936</timestamp>
			</report>
			<report>
				<misses>8839001</misses>
				<total>31</total>
				<timestamp>3002.255610</timestamp>
			</report>
			<report>
				<misses>8840001</misses>
				<total>30</total>
				<timestamp>3002.595377</timestamp>
			</report>
			<report>
				<misses>8841001</misses>
				<total>31</total>
				<timestamp>3002.934906</timestamp>
			</report>
			<report>
				<misses>8842001</misses>
				<total>31</total>
				<timestamp>3003.274598</timestamp>
			</report>
			<report>
				<misses>8843001</misses>
				<total>30</total>
				<timestamp>3003.614359</timestamp>
			</report>
			<report>
				<misses>8844001</misses>
				<total>31</total>
				<timestamp>3003.953892</timestamp>
			</report>
			<report>
				<misses>8845001</misses>
				<total>31</total>
				<timestamp>3004.293586</timestamp>
			</report>
			<report>
				<misses>8846001</misses>
				<total>31</total>
				<timestamp>3004.633220</timestamp>
			</report>
			<report>
				<misses>8847001</misses>
				<total>31</total>
				<timestamp>3004.972878</timestamp>
			</report>
			<report>
				<misses>8848001</misses>
				<total>31</total>
				<timestamp>3005.312581</timestamp>
			</report>
			<report>
				<misses>8849001</misses>
				<total>31</total>
				<timestamp>3005.652234</timestamp>
			</report>
			<report>
				<misses>8850001</misses>
				<total>31</total>
				<timestamp>3005.991857</timestamp>
			</report>
			<report>
				<misses>8851001</misses>
				<total>31</total>
				<timestamp>3006.331507</timestamp>
			</report>
			<report>
				<misses>8852001</misses>
				<total>31</total>
				<timestamp>3006.671232</timestamp>
			</report>
			<report>
				<misses>8853001</misses>
				<total>31</total>
				<timestamp>3007.010824</timestamp>
			</report>
			<report>
				<misses>8854001</misses>
				<total>31</total>
				<timestamp>3007.350510</timestamp>
			</report>
			<report>
				<misses>8855001</misses>
				<total>31</total>
				<timestamp>3007.690200</timestamp>
			</report>
			<report>
				<misses>8856001</misses>
				<total>31</total>
				<timestamp>3008.029822</timestamp>
			</report>
			<report>
				<misses>8857001</misses>
				<total>31</total>
				<timestamp>3008.369473</timestamp>
			</report>
			<report>
				<misses>8858001</misses>
				<total>30</total>
				<timestamp>3008.709247</timestamp>
			</report>
			<report>
				<misses>8859001</misses>
				<total>31</total>
				<timestamp>3009.048804</timestamp>
			</report>
			<report>
				<misses>8860001</misses>
				<total>31</total>
				<timestamp>3009.388457</timestamp>
			</report>
			<report>
				<misses>8861001</misses>
				<total>31</total>
				<timestamp>3009.728168</timestamp>
			</report>
			<report>
				<misses>8862001</misses>
				<total>31</total>
				<timestamp>3010.067779</timestamp>
			</report>
			<report>
				<misses>8863001</misses>
				<total>31</total>
				<timestamp>3010.407447</timestamp>
			</report>
			<report>
				<misses>8864001</misses>
				<total>31</total>
				<timestamp>3010.747100</timestamp>
			</report>
			<report>
				<misses>8865001</misses>
				<total>31</total>
				<timestamp>3011.086780</timestamp>
			</report>
			<report>
				<misses>8866001</misses>
				<total>31</total>
				<timestamp>3011.426428</timestamp>
			</report>
			<report>
				<misses>8867001</misses>
				<total>30</total>
				<timestamp>3011.766222</timestamp>
			</report>
			<report>
				<misses>8868001</misses>
				<total>31</total>
				<timestamp>3012.105735</timestamp>
			</report>
			<report>
				<misses>8869001</misses>
				<total>31</total>
				<timestamp>3012.445417</timestamp>
			</report>
			<report>
				<misses>8870001</misses>
				<total>31</total>
				<timestamp>3012.785118</timestamp>
			</report>
			<report>
				<misses>8871001</misses>
				<total>31</total>
				<timestamp>3013.124738</timestamp>
			</report>
			<report>
				<misses>8872001</misses>
				<total>31</total>
				<timestamp>3013.464382</timestamp>
			</report>
			<report>
				<misses>8873001</misses>
				<total>31</total>
				<timestamp>3013.804070</timestamp>
			</report>
			<report>
				<misses>8874001</misses>
				<total>31</total>
				<timestamp>3014.143708</timestamp>
			</report>
			<report>
				<misses>8875001</misses>
				<total>31</total>
				<timestamp>3014.483380</timestamp>
			</report>
			<report>
				<misses>8876001</misses>
				<total>31</total>
				<timestamp>3014.823057</timestamp>
			</report>
			<report>
				<misses>8877001</misses>
				<total>31</total>
				<timestamp>3015.162699</timestamp>
			</report>
			<report>
				<misses>8878001</misses>
				<total>31</total>
				<timestamp>3015.502365</timestamp>
			</report>
			<report>
				<misses>8879001</misses>
				<total>31</total>
				<timestamp>3015.842098</timestamp>
			</report>
			<report>
				<misses>8880001</misses>
				<total>31</total>
				<timestamp>3016.181649</timestamp>
			</report>
			<report>
				<misses>8881001</misses>
				<total>30</total>
				<timestamp>3016.521495</timestamp>
			</report>
			<report>
				<misses>8882001</misses>
				<total>31</total>
				<timestamp>3016.861012</timestamp>
			</report>
			<report>
				<misses>8883001</misses>
				<total>31</total>
				<timestamp>3017.200641</timestamp>
			</report>
			<report>
				<misses>8884001</misses>
				<total>31</total>
				<timestamp>3017.540312</timestamp>
			</report>
			<report>
				<misses>8885001</misses>
				<total>31</total>
				<timestamp>3017.879972</timestamp>
			</report>
			<report>
				<misses>8886001</misses>
				<total>31</total>
				<timestamp>3018.219625</timestamp>
			</report>
			<report>
				<misses>8887001</misses>
				<total>31</total>
				<timestamp>3018.559326</timestamp>
			</report>
			<report>
				<misses>8888001</misses>
				<total>31</total>
				<timestamp>3018.899022</timestamp>
			</report>
			<report>
				<misses>8889001</misses>
				<total>31</total>
				<timestamp>3019.238621</timestamp>
			</report>
			<report>
				<misses>8890001</misses>
				<total>31</total>
				<timestamp>3019.578301</timestamp>
			</report>
			<report>
				<misses>8891001</misses>
				<total>31</total>
				<timestamp>3019.917971</timestamp>
			</report>
			<report>
				<misses>8892001</misses>
				<total>31</total>
				<timestamp>3020.257579</timestamp>
			</report>
			<report>
				<misses>8893001</misses>
				<total>31</total>
				<timestamp>3020.597259</timestamp>
			</report>
			<report>
				<misses>8894001</misses>
				<total>30</total>
				<timestamp>3020.937049</timestamp>
			</report>
			<report>
				<misses>8895001</misses>
				<total>31</total>
				<timestamp>3021.276603</timestamp>
			</report>
			<report>
				<misses>8896001</misses>
				<total>31</total>
				<timestamp>3021.616266</timestamp>
			</report>
			<report>
				<misses>8897001</misses>
				<total>30</total>
				<timestamp>3021.956011</timestamp>
			</report>
			<report>
				<misses>8898001</misses>
				<total>31</total>
				<timestamp>3022.295555</timestamp>
			</report>
			<report>
				<misses>8899001</misses>
				<total>31</total>
				<timestamp>3022.635200</timestamp>
			</report>
			<report>
				<misses>8900001</misses>
				<total>31</total>
				<timestamp>3022.974876</timestamp>
			</report>
			<report>
				<misses>8901001</misses>
				<total>31</total>
				<timestamp>3023.314530</timestamp>
			</report>
			<report>
				<misses>8902001</misses>
				<total>31</total>
				<timestamp>3023.654241</timestamp>
			</report>
			<report>
				<misses>8903001</misses>
				<total>31</total>
				<timestamp>3023.993844</timestamp>
			</report>
			<report>
				<misses>8904001</misses>
				<total>31</total>
				<timestamp>3024.333536</timestamp>
			</report>
			<report>
				<misses>8905001</misses>
				<total>30</total>
				<timestamp>3024.673245</timestamp>
			</report>
			<report>
				<misses>8906001</misses>
				<total>31</total>
				<timestamp>3025.012821</timestamp>
			</report>
			<report>
				<misses>8907001</misses>
				<total>31</total>
				<timestamp>3025.352516</timestamp>
			</report>
			<report>
				<misses>8908001</misses>
				<total>30</total>
				<timestamp>3025.692261</timestamp>
			</report>
			<report>
				<misses>8909001</misses>
				<total>31</total>
				<timestamp>3026.031794</timestamp>
			</report>
			<report>
				<misses>8910001</misses>
				<total>31</total>
				<timestamp>3026.371440</timestamp>
			</report>
			<report>
				<misses>8911001</misses>
				<total>30</total>
				<timestamp>3026.711224</timestamp>
			</report>
			<report>
				<misses>8912001</misses>
				<total>31</total>
				<timestamp>3027.050777</timestamp>
			</report>
			<report>
				<misses>8913001</misses>
				<total>31</total>
				<timestamp>3027.390487</timestamp>
			</report>
			<report>
				<misses>8914001</misses>
				<total>31</total>
				<timestamp>3027.730115</timestamp>
			</report>
			<report>
				<misses>8915001</misses>
				<total>31</total>
				<timestamp>3028.069774</timestamp>
			</report>
			<report>
				<misses>8916001</misses>
				<total>31</total>
				<timestamp>3028.409407</timestamp>
			</report>
			<report>
				<misses>8917001</misses>
				<total>31</total>
				<timestamp>3028.749099</timestamp>
			</report>
			<report>
				<misses>8918001</misses>
				<total>31</total>
				<timestamp>3029.088760</timestamp>
			</report>
			<report>
				<misses>8919001</misses>
				<total>31</total>
				<timestamp>3029.428409</timestamp>
			</report>
			<report>
				<misses>8920001</misses>
				<total>31</total>
				<timestamp>3029.768085</timestamp>
			</report>
			<report>
				<misses>8921001</misses>
				<total>31</total>
				<timestamp>3030.107704</timestamp>
			</report>
			<report>
				<misses>8922001</misses>
				<total>31</total>
				<timestamp>3030.447385</timestamp>
			</report>
			<report>
				<misses>8923001</misses>
				<total>31</total>
				<timestamp>3030.787046</timestamp>
			</report>
			<report>
				<misses>8924001</misses>
				<total>31</total>
				<timestamp>3031.126703</timestamp>
			</report>
			<report>
				<misses>8925001</misses>
				<total>31</total>
				<timestamp>3031.466364</timestamp>
			</report>
			<report>
				<misses>8926001</misses>
				<total>31</total>
				<timestamp>3031.806034</timestamp>
			</report>
			<report>
				<misses>8927001</misses>
				<total>31</total>
				<timestamp>3032.145711</timestamp>
			</report>
			<report>
				<misses>8928001</misses>
				<total>31</total>
				<timestamp>3032.485363</timestamp>
			</report>
			<report>
				<misses>8929001</misses>
				<total>31</total>
				<timestamp>3032.825080</timestamp>
			</report>
			<report>
				<misses>8930001</misses>
				<total>31</total>
				<timestamp>3033.164654</timestamp>
			</report>
			<report>
				<misses>8931001</misses>
				<total>31</total>
				<timestamp>3033.504319</timestamp>
			</report>
			<report>
				<misses>8932001</misses>
				<total>30</total>
				<timestamp>3033.844084</timestamp>
			</report>
			<report>
				<misses>8933001</misses>
				<total>31</total>
				<timestamp>3034.183657</timestamp>
			</report>
			<report>
				<misses>8934001</misses>
				<total>31</total>
				<timestamp>3034.523312</timestamp>
			</report>
			<report>
				<misses>8935001</misses>
				<total>30</total>
				<timestamp>3034.863059</timestamp>
			</report>
			<report>
				<misses>8936001</misses>
				<total>31</total>
				<timestamp>3035.202625</timestamp>
			</report>
			<report>
				<misses>8937001</misses>
				<total>31</total>
				<timestamp>3035.542306</timestamp>
			</report>
			<report>
				<misses>8938001</misses>
				<total>30</total>
				<timestamp>3035.882051</timestamp>
			</report>
			<report>
				<misses>8939001</misses>
				<total>31</total>
				<timestamp>3036.221622</timestamp>
			</report>
			<report>
				<misses>8940001</misses>
				<total>31</total>
				<timestamp>3036.561275</timestamp>
			</report>
			<report>
				<misses>8941001</misses>
				<total>30</total>
				<timestamp>3036.901030</timestamp>
			</report>
			<report>
				<misses>8942001</misses>
				<total>31</total>
				<timestamp>3037.240601</timestamp>
			</report>
			<report>
				<misses>8943001</misses>
				<total>31</total>
				<timestamp>3037.580259</timestamp>
			</report>
			<report>
				<misses>8944001</misses>
				<total>30</total>
				<timestamp>3037.920028</timestamp>
			</report>
			<report>
				<misses>8945001</misses>
				<total>31</total>
				<timestamp>3038.259549</timestamp>
			</report>
			<report>
				<misses>8946001</misses>
				<total>31</total>
				<timestamp>3038.599232</timestamp>
			</report>
			<report>
				<misses>8947001</misses>
				<total>31</total>
				<timestamp>3038.938951</timestamp>
			</report>
			<report>
				<misses>8948001</misses>
				<total>31</total>
				<timestamp>3039.278554</timestamp>
			</report>
			<report>
				<misses>8949001</misses>
				<total>31</total>
				<timestamp>3039.618186</timestamp>
			</report>
			<report>
				<misses>8950001</misses>
				<total>31</total>
				<timestamp>3039.957935</timestamp>
			</report>
			<report>
				<misses>8951001</misses>
				<total>31</total>
				<timestamp>3040.297532</timestamp>
			</report>
			<report>
				<misses>8952001</misses>
				<total>31</total>
				<timestamp>3040.637182</timestamp>
			</report>
			<report>
				<misses>8953001</misses>
				<total>31</total>
				<timestamp>3040.976886</timestamp>
			</report>
			<report>
				<misses>8954001</misses>
				<total>31</total>
				<timestamp>3041.316495</timestamp>
			</report>
			<report>
				<misses>8955001</misses>
				<total>31</total>
				<timestamp>3041.656174</timestamp>
			</report>
			<report>
				<misses>8956001</misses>
				<total>31</total>
				<timestamp>3041.995885</timestamp>
			</report>
			<report>
				<misses>8957001</misses>
				<total>31</total>
				<timestamp>3042.335483</timestamp>
			</report>
			<report>
				<misses>8958001</misses>
				<total>31</total>
				<timestamp>3042.675153</timestamp>
			</report>
			<report>
				<misses>8959001</misses>
				<total>31</total>
				<timestamp>3043.014818</timestamp>
			</report>
			<report>
				<misses>8960001</misses>
				<total>31</total>
				<timestamp>3043.354508</timestamp>
			</report>
			<report>
				<misses>8961001</misses>
				<total>31</total>
				<timestamp>3043.694144</timestamp>
			</report>
			<report>
				<misses>8962001</misses>
				<total>30</total>
				<timestamp>3044.033897</timestamp>
			</report>
			<report>
				<misses>8963001</misses>
				<total>31</total>
				<timestamp>3044.373447</timestamp>
			</report>
			<report>
				<misses>8964001</misses>
				<total>31</total>
				<timestamp>3044.713105</timestamp>
			</report>
			<report>
				<misses>8965001</misses>
				<total>30</total>
				<timestamp>3045.052921</timestamp>
			</report>
			<report>
				<misses>8966001</misses>
				<total>31</total>
				<timestamp>3045.392446</timestamp>
			</report>
			<report>
				<misses>8967001</misses>
				<total>31</total>
				<timestamp>3045.732119</timestamp>
			</report>
			<report>
				<misses>8968001</misses>
				<total>31</total>
				<timestamp>3046.071751</timestamp>
			</report>
			<report>
				<misses>8969001</misses>
				<total>32</total>
				<timestamp>3046.411452</timestamp>
			</report>
			<report>
				<misses>8970001</misses>
				<total>32</total>
				<timestamp>3046.751093</timestamp>
			</report>
			<report>
				<misses>8971001</misses>
				<total>32</total>
				<timestamp>3047.090724</timestamp>
			</report>
			<report>
				<misses>8972001</misses>
				<total>31</total>
				<timestamp>3047.430485</timestamp>
			</report>
			<report>
				<misses>8973001</misses>
				<total>32</total>
				<timestamp>3047.770106</timestamp>
			</report>
			<report>
				<misses>8974001</misses>
				<total>32</total>
				<timestamp>3048.109759</timestamp>
			</report>
			<report>
				<misses>8975001</misses>
				<total>32</total>
				<timestamp>3048.449387</timestamp>
			</report>
			<report>
				<misses>8976001</misses>
				<total>31</total>
				<timestamp>3048.789129</timestamp>
			</report>
			<report>
				<misses>8977001</misses>
				<total>32</total>
				<timestamp>3049.128682</timestamp>
			</report>
			<report>
				<misses>8978001</misses>
				<total>32</total>
				<timestamp>3049.468351</timestamp>
			</report>
			<report>
				<misses>8979001</misses>
				<total>32</total>
				<timestamp>3049.808020</timestamp>
			</report>
			<report>
				<misses>8980001</misses>
				<total>32</total>
				<timestamp>3050.147656</timestamp>
			</report>
			<report>
				<misses>8981001</misses>
				<total>32</total>
				<timestamp>3050.487350</timestamp>
			</report>
			<report>
				<misses>8982001</misses>
				<total>31</total>
				<timestamp>3050.827070</timestamp>
			</report>
			<report>
				<misses>8983001</misses>
				<total>32</total>
				<timestamp>3051.166636</timestamp>
			</report>
			<report>
				<misses>8984001</misses>
				<total>32</total>
				<timestamp>3051.506300</timestamp>
			</report>
			<report>
				<misses>8985001</misses>
				<total>31</total>
				<timestamp>3051.846064</timestamp>
			</report>
			<report>
				<misses>8986001</misses>
				<total>32</total>
				<timestamp>3052.185660</timestamp>
			</report>
			<report>
				<misses>8987001</misses>
				<total>32</total>
				<timestamp>3052.525298</timestamp>
			</report>
			<report>
				<misses>8988001</misses>
				<total>32</total>
				<timestamp>3052.864942</timestamp>
			</report>
			<report>
				<misses>8989001</misses>
				<total>32</total>
				<timestamp>3053.204610</timestamp>
			</report>
			<report>
				<misses>8990001</misses>
				<total>32</total>
				<timestamp>3053.544283</timestamp>
			</report>
			<report>
				<misses>8991001</misses>
				<total>32</total>
				<timestamp>3053.883929</timestamp>
			</report>
			<report>
				<misses>8992001</misses>
				<total>32</total>
				<timestamp>3054.223587</timestamp>
			</report>
			<report>
				<misses>8993001</misses>
				<total>32</total>
				<timestamp>3054.563268</timestamp>
			</report>
			<report>
				<misses>8994001</misses>
				<total>32</total>
				<timestamp>3054.902936</timestamp>
			</report>
			<report>
				<misses>8995001</misses>
				<total>32</total>
				<timestamp>3055.242597</timestamp>
			</report>
			<report>
				<misses>8996001</misses>
				<total>32</total>
				<timestamp>3055.582216</timestamp>
			</report>
			<report>
				<misses>8997001</misses>
				<total>32</total>
				<timestamp>3055.921931</timestamp>
			</report>
			<report>
				<misses>8998001</misses>
				<total>32</total>
				<timestamp>3056.261542</timestamp>
			</report>
			<report>
				<misses>8999001</misses>
				<total>32</total>
				<timestamp>3056.601197</timestamp>
			</report>
			<report>
				<misses>9000001</misses>
				<total>32</total>
				<timestamp>3056.940876</timestamp>
			</report>
			<report>
				<misses>9001001</misses>
				<total>32</total>
				<timestamp>3057.280510</timestamp>
			</report>
			<report>
				<misses>9002001</misses>
				<total>32</total>
				<timestamp>3057.620168</timestamp>
			</report>
			<report>
				<misses>9003001</misses>
				<total>32</total>
				<timestamp>3057.959919</timestamp>
			</report>
			<report>
				<misses>9004001</misses>
				<total>32</total>
				<timestamp>3058.299503</timestamp>
			</report>
			<report>
				<misses>9005001</misses>
				<total>32</total>
				<timestamp>3058.639154</timestamp>
			</report>
			<report>
				<misses>9006001</misses>
				<total>31</total>
				<timestamp>3058.978912</timestamp>
			</report>
			<report>
				<misses>9007001</misses>
				<total>32</total>
				<timestamp>3059.318519</timestamp>
			</report>
			<report>
				<misses>9008001</misses>
				<total>32</total>
				<timestamp>3059.658142</timestamp>
			</report>
			<report>
				<misses>9009001</misses>
				<total>31</total>
				<timestamp>3059.997958</timestamp>
			</report>
			<report>
				<misses>9010001</misses>
				<total>32</total>
				<timestamp>3060.337469</timestamp>
			</report>
			<report>
				<misses>9011001</misses>
				<total>32</total>
				<timestamp>3060.677111</timestamp>
			</report>
			<report>
				<misses>9012001</misses>
				<total>32</total>
				<timestamp>3061.016853</timestamp>
			</report>
			<report>
				<misses>9013001</misses>
				<total>32</total>
				<timestamp>3061.356493</timestamp>
			</report>
			<report>
				<misses>9014001</misses>
				<total>32</total>
				<timestamp>3061.696101</timestamp>
			</report>
			<report>
				<misses>9015001</misses>
				<total>31</total>
				<timestamp>3062.035894</timestamp>
			</report>
			<report>
				<misses>9016001</misses>
				<total>32</total>
				<timestamp>3062.375469</timestamp>
			</report>
			<report>
				<misses>9017001</misses>
				<total>32</total>
				<timestamp>3062.715077</timestamp>
			</report>
			<report>
				<misses>9018001</misses>
				<total>32</total>
				<timestamp>3063.054742</timestamp>
			</report>
			<report>
				<misses>9019001</misses>
				<total>32</total>
				<timestamp>3063.394435</timestamp>
			</report>
			<report>
				<misses>9020001</misses>
				<total>32</total>
				<timestamp>3063.734058</timestamp>
			</report>
			<report>
				<misses>9021001</misses>
				<total>32</total>
				<timestamp>3064.073762</timestamp>
			</report>
			<report>
				<misses>9022001</misses>
				<total>32</total>
				<timestamp>3064.413378</timestamp>
			</report>
			<report>
				<misses>9023001</misses>
				<total>32</total>
				<timestamp>3064.753039</timestamp>
			</report>
			<report>
				<misses>9024001</misses>
				<total>32</total>
				<timestamp>3065.092758</timestamp>
			</report>
			<report>
				<misses>9025001</misses>
				<total>32</total>
				<timestamp>3065.432379</timestamp>
			</report>
			<report>
				<misses>9026001</misses>
				<total>32</total>
				<timestamp>3065.772000</timestamp>
			</report>
			<report>
				<misses>9027001</misses>
				<total>31</total>
				<timestamp>3066.111790</timestamp>
			</report>
			<report>
				<misses>9028001</misses>
				<total>32</total>
				<timestamp>3066.451351</timestamp>
			</report>
			<report>
				<misses>9029001</misses>
				<total>32</total>
				<timestamp>3066.790999</timestamp>
			</report>
			<report>
				<misses>9030001</misses>
				<total>32</total>
				<timestamp>3067.130674</timestamp>
			</report>
			<report>
				<misses>9031001</misses>
				<total>32</total>
				<timestamp>3067.470326</timestamp>
			</report>
			<report>
				<misses>9032001</misses>
				<total>32</total>
				<timestamp>3067.809967</timestamp>
			</report>
			<report>
				<misses>9033001</misses>
				<total>31</total>
				<timestamp>3068.149755</timestamp>
			</report>
			<report>
				<misses>9034001</misses>
				<total>32</total>
				<timestamp>3068.489327</timestamp>
			</report>
			<report>
				<misses>9035001</misses>
				<total>32</total>
				<timestamp>3068.828964</timestamp>
			</report>
			<report>
				<misses>9036001</misses>
				<total>31</total>
				<timestamp>3069.168751</timestamp>
			</report>
			<report>
				<misses>9037001</misses>
				<total>32</total>
				<timestamp>3069.508300</timestamp>
			</report>
			<report>
				<misses>9038001</misses>
				<total>32</total>
				<timestamp>3069.847938</timestamp>
			</report>
			<report>
				<misses>9039001</misses>
				<total>32</total>
				<timestamp>3070.187653</timestamp>
			</report>
			<report>
				<misses>9040001</misses>
				<total>32</total>
				<timestamp>3070.527274</timestamp>
			</report>
			<report>
				<misses>9041001</misses>
				<total>32</total>
				<timestamp>3070.866924</timestamp>
			</report>
			<report>
				<misses>9042001</misses>
				<total>32</total>
				<timestamp>3071.206602</timestamp>
			</report>
			<report>
				<misses>9043001</misses>
				<total>32</total>
				<timestamp>3071.546280</timestamp>
			</report>
			<report>
				<misses>9044001</misses>
				<total>32</total>
				<timestamp>3071.885967</timestamp>
			</report>
			<report>
				<misses>9045001</misses>
				<total>31</total>
				<timestamp>3072.225763</timestamp>
			</report>
			<report>
				<misses>9046001</misses>
				<total>32</total>
				<timestamp>3072.565211</timestamp>
			</report>
			<report>
				<misses>9047001</misses>
				<total>31</total>
				<timestamp>3072.904968</timestamp>
			</report>
			<report>
				<misses>9048001</misses>
				<total>32</total>
				<timestamp>3073.244567</timestamp>
			</report>
			<report>
				<misses>9049001</misses>
				<total>32</total>
				<timestamp>3073.584217</timestamp>
			</report>
			<report>
				<misses>9050001</misses>
				<total>31</total>
				<timestamp>3073.923953</timestamp>
			</report>
			<report>
				<misses>9051001</misses>
				<total>32</total>
				<timestamp>3074.263515</timestamp>
			</report>
			<report>
				<misses>9052001</misses>
				<total>32</total>
				<timestamp>3074.603184</timestamp>
			</report>
			<report>
				<misses>9053001</misses>
				<total>31</total>
				<timestamp>3074.942920</timestamp>
			</report>
			<report>
				<misses>9054001</misses>
				<total>32</total>
				<timestamp>3075.282590</timestamp>
			</report>
			<report>
				<misses>9055001</misses>
				<total>32</total>
				<timestamp>3075.622170</timestamp>
			</report>
			<report>
				<misses>9056001</misses>
				<total>31</total>
				<timestamp>3075.961917</timestamp>
			</report>
			<report>
				<misses>9057001</misses>
				<total>32</total>
				<timestamp>3076.301508</timestamp>
			</report>
			<report>
				<misses>9058001</misses>
				<total>32</total>
				<timestamp>3076.641137</timestamp>
			</report>
			<report>
				<misses>9059001</misses>
				<total>32</total>
				<timestamp>3076.980859</timestamp>
			</report>
			<report>
				<misses>9060001</misses>
				<total>32</total>
				<timestamp>3077.320478</timestamp>
			</report>
			<report>
				<misses>9061001</misses>
				<total>32</total>
				<timestamp>3077.660133</timestamp>
			</report>
			<report>
				<misses>9062001</misses>
				<total>32</total>
				<timestamp>3077.999804</timestamp>
			</report>
			<report>
				<misses>9063001</misses>
				<total>32</total>
				<timestamp>3078.339432</timestamp>
			</report>
			<report>
				<misses>9064001</misses>
				<total>32</total>
				<timestamp>3078.679128</timestamp>
			</report>
			<report>
				<misses>9065001</misses>
				<total>31</total>
				<timestamp>3079.018863</timestamp>
			</report>
			<report>
				<misses>9066001</misses>
				<total>32</total>
				<timestamp>3079.358454</timestamp>
			</report>
			<report>
				<misses>9067001</misses>
				<total>32</total>
				<timestamp>3079.698097</timestamp>
			</report>
			<report>
				<misses>9068001</misses>
				<total>32</total>
				<timestamp>3080.037784</timestamp>
			</report>
			<report>
				<misses>9069001</misses>
				<total>32</total>
				<timestamp>3080.377403</timestamp>
			</report>
			<report>
				<misses>9070001</misses>
				<total>32</total>
				<timestamp>3080.717067</timestamp>
			</report>
			<report>
				<misses>9071001</misses>
				<total>32</total>
				<timestamp>3081.056748</timestamp>
			</report>
			<report>
				<misses>9072001</misses>
				<total>32</total>
				<timestamp>3081.396370</timestamp>
			</report>
			<report>
				<misses>9073001</misses>
				<total>32</total>
				<timestamp>3081.736038</timestamp>
			</report>
			<report>
				<misses>9074001</misses>
				<total>32</total>
				<timestamp>3082.075763</timestamp>
			</report>
			<report>
				<misses>9075001</misses>
				<total>32</total>
				<timestamp>3082.415356</timestamp>
			</report>
			<report>
				<misses>9076001</misses>
				<total>32</total>
				<timestamp>3082.755018</timestamp>
			</report>
			<report>
				<misses>9077001</misses>
				<total>32</total>
				<timestamp>3083.094754</timestamp>
			</report>
			<report>
				<misses>9078001</misses>
				<total>32</total>
				<timestamp>3083.434351</timestamp>
			</report>
			<report>
				<misses>9079001</misses>
				<total>32</total>
				<timestamp>3083.773999</timestamp>
			</report>
			<report>
				<misses>9080001</misses>
				<total>31</total>
				<timestamp>3084.113763</timestamp>
			</report>
			<report>
				<misses>9081001</misses>
				<total>32</total>
				<timestamp>3084.453315</timestamp>
			</report>
			<report>
				<misses>9082001</misses>
				<total>32</total>
				<timestamp>3084.792982</timestamp>
			</report>
			<report>
				<misses>9083001</misses>
				<total>31</total>
				<timestamp>3085.132749</timestamp>
			</report>
			<report>
				<misses>9084001</misses>
				<total>32</total>
				<timestamp>3085.472333</timestamp>
			</report>
			<report>
				<misses>9085001</misses>
				<total>32</total>
				<timestamp>3085.811961</timestamp>
			</report>
			<report>
				<misses>9086001</misses>
				<total>32</total>
				<timestamp>3086.151654</timestamp>
			</report>
			<report>
				<misses>9087001</misses>
				<total>32</total>
				<timestamp>3086.491319</timestamp>
			</report>
			<report>
				<misses>9088001</misses>
				<total>32</total>
				<timestamp>3086.830952</timestamp>
			</report>
			<report>
				<misses>9089001</misses>
				<total>32</total>
				<timestamp>3087.170638</timestamp>
			</report>
			<report>
				<misses>9090001</misses>
				<total>32</total>
				<timestamp>3087.510323</timestamp>
			</report>
			<report>
				<misses>9091001</misses>
				<total>32</total>
				<timestamp>3087.849905</timestamp>
			</report>
			<report>
				<misses>9092001</misses>
				<total>32</total>
				<timestamp>3088.189606</timestamp>
			</report>
			<report>
				<misses>9093001</misses>
				<total>32</total>
				<timestamp>3088.529239</timestamp>
			</report>
			<report>
				<misses>9094001</misses>
				<total>32</total>
				<timestamp>3088.868901</timestamp>
			</report>
			<report>
				<misses>9095001</misses>
				<total>32</total>
				<timestamp>3089.208635</timestamp>
			</report>
			<report>
				<misses>9096001</misses>
				<total>32</total>
				<timestamp>3089.548254</timestamp>
			</report>
			<report>
				<misses>9097001</misses>
				<total>32</total>
				<timestamp>3089.887883</timestamp>
			</report>
			<report>
				<misses>9098001</misses>
				<total>32</total>
				<timestamp>3090.227628</timestamp>
			</report>
			<report>
				<misses>9099001</misses>
				<total>32</total>
				<timestamp>3090.567244</timestamp>
			</report>
			<report>
				<misses>9100001</misses>
				<total>32</total>
				<timestamp>3090.906854</timestamp>
			</report>
			<report>
				<misses>9101001</misses>
				<total>32</total>
				<timestamp>3091.246611</timestamp>
			</report>
			<report>
				<misses>9102001</misses>
				<total>32</total>
				<timestamp>3091.586187</timestamp>
			</report>
			<report>
				<misses>9103001</misses>
				<total>32</total>
				<timestamp>3091.925844</timestamp>
			</report>
			<report>
				<misses>9104001</misses>
				<total>31</total>
				<timestamp>3092.265598</timestamp>
			</report>
			<report>
				<misses>9105001</misses>
				<total>32</total>
				<timestamp>3092.605201</timestamp>
			</report>
			<report>
				<misses>9106001</misses>
				<total>32</total>
				<timestamp>3092.944806</timestamp>
			</report>
			<report>
				<misses>9107001</misses>
				<total>31</total>
				<timestamp>3093.284569</timestamp>
			</report>
			<report>
				<misses>9108001</misses>
				<total>32</total>
				<timestamp>3093.624152</timestamp>
			</report>
			<report>
				<misses>9109001</misses>
				<total>32</total>
				<timestamp>3093.963809</timestamp>
			</report>
			<report>
				<misses>9110001</misses>
				<total>32</total>
				<timestamp>3094.303525</timestamp>
			</report>
			<report>
				<misses>9111001</misses>
				<total>32</total>
				<timestamp>3094.643126</timestamp>
			</report>
			<report>
				<misses>9112001</misses>
				<total>32</total>
				<timestamp>3094.982804</timestamp>
			</report>
			<report>
				<misses>9113001</misses>
				<total>31</total>
				<timestamp>3095.322553</timestamp>
			</report>
			<report>
				<misses>9114001</misses>
				<total>32</total>
				<timestamp>3095.662090</timestamp>
			</report>
			<report>
				<misses>9115001</misses>
				<total>32</total>
				<timestamp>3096.001790</timestamp>
			</report>
			<report>
				<misses>9116001</misses>
				<total>32</total>
				<timestamp>3096.341449</timestamp>
			</report>
			<report>
				<misses>9117001</misses>
				<total>32</total>
				<timestamp>3096.681078</timestamp>
			</report>
			<report>
				<misses>9118001</misses>
				<total>32</total>
				<timestamp>3097.020797</timestamp>
			</report>
			<report>
				<misses>9119001</misses>
				<total>31</total>
				<timestamp>3097.360536</timestamp>
			</report>
			<report>
				<misses>9120001</misses>
				<total>32</total>
				<timestamp>3097.700039</timestamp>
			</report>
			<report>
				<misses>9121001</misses>
				<total>32</total>
				<timestamp>3098.039786</timestamp>
			</report>
			<report>
				<misses>9122001</misses>
				<total>32</total>
				<timestamp>3098.379400</timestamp>
			</report>
			<report>
				<misses>9123001</misses>
				<total>32</total>
				<timestamp>3098.719039</timestamp>
			</report>
			<report>
				<misses>9124001</misses>
				<total>31</total>
				<timestamp>3099.058801</timestamp>
			</report>
			<report>
				<misses>9125001</misses>
				<total>32</total>
				<timestamp>3099.398368</timestamp>
			</report>
			<report>
				<misses>9126001</misses>
				<total>32</total>
				<timestamp>3099.738027</timestamp>
			</report>
			<report>
				<misses>9127001</misses>
				<total>31</total>
				<timestamp>3100.077770</timestamp>
			</report>
			<report>
				<misses>9128001</misses>
				<total>32</total>
				<timestamp>3100.417356</timestamp>
			</report>
			<report>
				<misses>9129001</misses>
				<total>32</total>
				<timestamp>3100.756994</timestamp>
			</report>
			<report>
				<misses>9130001</misses>
				<total>32</total>
				<timestamp>3101.096690</timestamp>
			</report>
			<report>
				<misses>9131001</misses>
				<total>32</total>
				<timestamp>3101.436311</timestamp>
			</report>
			<report>
				<misses>9132001</misses>
				<total>32</total>
				<timestamp>3101.775973</timestamp>
			</report>
			<report>
				<misses>9133001</misses>
				<total>31</total>
				<timestamp>3102.115755</timestamp>
			</report>
			<report>
				<misses>9134001</misses>
				<total>32</total>
				<timestamp>3102.455337</timestamp>
			</report>
			<report>
				<misses>9135001</misses>
				<total>32</total>
				<timestamp>3102.794978</timestamp>
			</report>
			<report>
				<misses>9136001</misses>
				<total>32</total>
				<timestamp>3103.134644</timestamp>
			</report>
			<report>
				<misses>9137001</misses>
				<total>32</total>
				<timestamp>3103.474276</timestamp>
			</report>
			<report>
				<misses>9138001</misses>
				<total>32</total>
				<timestamp>3103.813951</timestamp>
			</report>
			<report>
				<misses>9139001</misses>
				<total>32</total>
				<timestamp>3104.153603</timestamp>
			</report>
			<report>
				<misses>9140001</misses>
				<total>32</total>
				<timestamp>3104.493291</timestamp>
			</report>
			<report>
				<misses>9141001</misses>
				<total>32</total>
				<timestamp>3104.832938</timestamp>
			</report>
			<report>
				<misses>9142001</misses>
				<total>32</total>
				<timestamp>3105.172650</timestamp>
			</report>
			<report>
				<misses>9143001</misses>
				<total>32</total>
				<timestamp>3105.512246</timestamp>
			</report>
			<report>
				<misses>9144001</misses>
				<total>32</total>
				<timestamp>3105.851896</timestamp>
			</report>
			<report>
				<misses>9145001</misses>
				<total>32</total>
				<timestamp>3106.191628</timestamp>
			</report>
			<report>
				<misses>9146001</misses>
				<total>32</total>
				<timestamp>3106.531211</timestamp>
			</report>
			<report>
				<misses>9147001</misses>
				<total>32</total>
				<timestamp>3106.870883</timestamp>
			</report>
			<report>
				<misses>9148001</misses>
				<total>32</total>
				<timestamp>3107.210619</timestamp>
			</report>
			<report>
				<misses>9149001</misses>
				<total>32</total>
				<timestamp>3107.550212</timestamp>
			</report>
			<report>
				<misses>9150001</misses>
				<total>32</total>
				<timestamp>3107.889859</timestamp>
			</report>
			<report>
				<misses>9151001</misses>
				<total>32</total>
				<timestamp>3108.229599</timestamp>
			</report>
			<report>
				<misses>9152001</misses>
				<total>32</total>
				<timestamp>3108.569170</timestamp>
			</report>
			<report>
				<misses>9153001</misses>
				<total>32</total>
				<timestamp>3108.908833</timestamp>
			</report>
			<report>
				<misses>9154001</misses>
				<total>31</total>
				<timestamp>3109.248587</timestamp>
			</report>
			<report>
				<misses>9155001</misses>
				<total>32</total>
				<timestamp>3109.588165</timestamp>
			</report>
			<report>
				<misses>9156001</misses>
				<total>32</total>
				<timestamp>3109.927808</timestamp>
			</report>
			<report>
				<misses>9157001</misses>
				<total>31</total>
				<timestamp>3110.267596</timestamp>
			</report>
			<report>
				<misses>9158001</misses>
				<total>32</total>
				<timestamp>3110.607184</timestamp>
			</report>
			<report>
				<misses>9159001</misses>
				<total>32</total>
				<timestamp>3110.946806</timestamp>
			</report>
			<report>
				<misses>9160001</misses>
				<total>31</total>
				<timestamp>3111.286580</timestamp>
			</report>
			<report>
				<misses>9161001</misses>
				<total>32</total>
				<timestamp>3111.626151</timestamp>
			</report>
			<report>
				<misses>9162001</misses>
				<total>32</total>
				<timestamp>3111.965782</timestamp>
			</report>
			<report>
				<misses>9163001</misses>
				<total>31</total>
				<timestamp>3112.305587</timestamp>
			</report>
			<report>
				<misses>9164001</misses>
				<total>32</total>
				<timestamp>3112.645086</timestamp>
			</report>
			<report>
				<misses>9165001</misses>
				<total>32</total>
				<timestamp>3112.984760</timestamp>
			</report>
			<report>
				<misses>9166001</misses>
				<total>32</total>
				<timestamp>3113.324434</timestamp>
			</report>
			<report>
				<misses>9167001</misses>
				<total>32</total>
				<timestamp>3113.664095</timestamp>
			</report>
			<report>
				<misses>9168001</misses>
				<total>32</total>
				<timestamp>3114.003741</timestamp>
			</report>
			<report>
				<misses>9169001</misses>
				<total>32</total>
				<timestamp>3114.343438</timestamp>
			</report>
			<report>
				<misses>9170001</misses>
				<total>32</total>
				<timestamp>3114.683055</timestamp>
			</report>
			<report>
				<misses>9171001</misses>
				<total>32</total>
				<timestamp>3115.022764</timestamp>
			</report>
			<report>
				<misses>9172001</misses>
				<total>32</total>
				<timestamp>3115.362433</timestamp>
			</report>
			<report>
				<misses>9173001</misses>
				<total>32</total>
				<timestamp>3115.702074</timestamp>
			</report>
			<report>
				<misses>9174001</misses>
				<total>32</total>
				<timestamp>3116.041701</timestamp>
			</report>
			<report>
				<misses>9175001</misses>
				<total>32</total>
				<timestamp>3116.381471</timestamp>
			</report>
			<report>
				<misses>9176001</misses>
				<total>32</total>
				<timestamp>3116.721014</timestamp>
			</report>
			<report>
				<misses>9177001</misses>
				<total>32</total>
				<timestamp>3117.060695</timestamp>
			</report>
			<report>
				<misses>9178001</misses>
				<total>31</total>
				<timestamp>3117.400454</timestamp>
			</report>
			<report>
				<misses>9179001</misses>
				<total>32</total>
				<timestamp>3117.740007</timestamp>
			</report>
			<report>
				<misses>9180001</misses>
				<total>32</total>
				<timestamp>3118.079688</timestamp>
			</report>
			<report>
				<misses>9181001</misses>
				<total>32</total>
				<timestamp>3118.419317</timestamp>
			</report>
			<report>
				<misses>9182001</misses>
				<total>32</total>
				<timestamp>3118.758995</timestamp>
			</report>
			<report>
				<misses>9183001</misses>
				<total>32</total>
				<timestamp>3119.098652</timestamp>
			</report>
			<report>
				<misses>9184001</misses>
				<total>32</total>
				<timestamp>3119.438354</timestamp>
			</report>
			<report>
				<misses>9185001</misses>
				<total>32</total>
				<timestamp>3119.777967</timestamp>
			</report>
			<report>
				<misses>9186001</misses>
				<total>32</total>
				<timestamp>3120.117644</timestamp>
			</report>
			<report>
				<misses>9187001</misses>
				<total>32</total>
				<timestamp>3120.457319</timestamp>
			</report>
			<report>
				<misses>9188001</misses>
				<total>32</total>
				<timestamp>3120.796929</timestamp>
			</report>
			<report>
				<misses>9189001</misses>
				<total>32</total>
				<timestamp>3121.136670</timestamp>
			</report>
			<report>
				<misses>9190001</misses>
				<total>31</total>
				<timestamp>3121.476435</timestamp>
			</report>
			<report>
				<misses>9191001</misses>
				<total>32</total>
				<timestamp>3121.815908</timestamp>
			</report>
			<report>
				<misses>9192001</misses>
				<total>32</total>
				<timestamp>3122.155638</timestamp>
			</report>
			<report>
				<misses>9193001</misses>
				<total>32</total>
				<timestamp>3122.495268</timestamp>
			</report>
			<report>
				<misses>9194001</misses>
				<total>32</total>
				<timestamp>3122.834889</timestamp>
			</report>
			<report>
				<misses>9195001</misses>
				<total>32</total>
				<timestamp>3123.174618</timestamp>
			</report>
			<report>
				<misses>9196001</misses>
				<total>32</total>
				<timestamp>3123.514325</timestamp>
			</report>
			<report>
				<misses>9197001</misses>
				<total>32</total>
				<timestamp>3123.853875</timestamp>
			</report>
			<report>
				<misses>9198001</misses>
				<total>31</total>
				<timestamp>3124.193645</timestamp>
			</report>
			<report>
				<misses>9199001</misses>
				<total>31</total>
				<timestamp>3124.533397</timestamp>
			</report>
			<report>
				<misses>9200001</misses>
				<total>32</total>
				<timestamp>3124.872861</timestamp>
			</report>
			<report>
				<misses>9201001</misses>
				<total>32</total>
				<timestamp>3125.212554</timestamp>
			</report>
			<report>
				<misses>9202001</misses>
				<total>32</total>
				<timestamp>3125.552164</timestamp>
			</report>
			<report>
				<misses>9203001</misses>
				<total>32</total>
				<timestamp>3125.891839</timestamp>
			</report>
			<report>
				<misses>9204001</misses>
				<total>31</total>
				<timestamp>3126.231620</timestamp>
			</report>
			<report>
				<misses>9205001</misses>
				<total>32</total>
				<timestamp>3126.571201</timestamp>
			</report>
			<report>
				<misses>9206001</misses>
				<total>32</total>
				<timestamp>3126.910824</timestamp>
			</report>
			<report>
				<misses>9207001</misses>
				<total>32</total>
				<timestamp>3127.250491</timestamp>
			</report>
			<report>
				<misses>9208001</misses>
				<total>32</total>
				<timestamp>3127.590169</timestamp>
			</report>
			<report>
				<misses>9209001</misses>
				<total>32</total>
				<timestamp>3127.929809</timestamp>
			</report>
			<report>
				<misses>9210001</misses>
				<total>32</total>
				<timestamp>3128.269524</timestamp>
			</report>
			<report>
				<misses>9211001</misses>
				<total>32</total>
				<timestamp>3128.609134</timestamp>
			</report>
			<report>
				<misses>9212001</misses>
				<total>32</total>
				<timestamp>3128.948772</timestamp>
			</report>
			<report>
				<misses>9213001</misses>
				<total>32</total>
				<timestamp>3129.288457</timestamp>
			</report>
			<report>
				<misses>9214001</misses>
				<total>32</total>
				<timestamp>3129.628101</timestamp>
			</report>
			<report>
				<misses>9215001</misses>
				<total>32</total>
				<timestamp>3129.967755</timestamp>
			</report>
			<report>
				<misses>9216001</misses>
				<total>32</total>
				<timestamp>3130.307459</timestamp>
			</report>
			<report>
				<misses>9217001</misses>
				<total>32</total>
				<timestamp>3130.647073</timestamp>
			</report>
			<report>
				<misses>9218001</misses>
				<total>32</total>
				<timestamp>3130.986774</timestamp>
			</report>
			<report>
				<misses>9219001</misses>
				<total>32</total>
				<timestamp>3131.326428</timestamp>
			</report>
			<report>
				<misses>9220001</misses>
				<total>32</total>
				<timestamp>3131.666057</timestamp>
			</report>
			<report>
				<misses>9221001</misses>
				<total>32</total>
				<timestamp>3132.005704</timestamp>
			</report>
			<report>
				<misses>9222001</misses>
				<total>31</total>
				<timestamp>3132.345483</timestamp>
			</report>
			<report>
				<misses>9223001</misses>
				<total>32</total>
				<timestamp>3132.685054</timestamp>
			</report>
			<report>
				<misses>9224001</misses>
				<total>32</total>
				<timestamp>3133.024699</timestamp>
			</report>
			<report>
				<misses>9225001</misses>
				<total>32</total>
				<timestamp>3133.364401</timestamp>
			</report>
			<report>
				<misses>9226001</misses>
				<total>32</total>
				<timestamp>3133.704036</timestamp>
			</report>
			<report>
				<misses>9227001</misses>
				<total>32</total>
				<timestamp>3134.043673</timestamp>
			</report>
			<report>
				<misses>9228001</misses>
				<total>31</total>
				<timestamp>3134.383462</timestamp>
			</report>
			<report>
				<misses>9229001</misses>
				<total>32</total>
				<timestamp>3134.723042</timestamp>
			</report>
			<report>
				<misses>9230001</misses>
				<total>32</total>
				<timestamp>3135.062665</timestamp>
			</report>
			<report>
				<misses>9231001</misses>
				<total>32</total>
				<timestamp>3135.402327</timestamp>
			</report>
			<report>
				<misses>9232001</misses>
				<total>32</total>
				<timestamp>3135.742020</timestamp>
			</report>
			<report>
				<misses>9233001</misses>
				<total>32</total>
				<timestamp>3136.081651</timestamp>
			</report>
			<report>
				<misses>9234001</misses>
				<total>31</total>
				<timestamp>3136.421420</timestamp>
			</report>
			<report>
				<misses>9235001</misses>
				<total>32</total>
				<timestamp>3136.760969</timestamp>
			</report>
			<report>
				<misses>9236001</misses>
				<total>32</total>
				<timestamp>3137.100618</timestamp>
			</report>
			<report>
				<misses>9237001</misses>
				<total>32</total>
				<timestamp>3137.440338</timestamp>
			</report>
			<report>
				<misses>9238001</misses>
				<total>32</total>
				<timestamp>3137.779940</timestamp>
			</report>
			<report>
				<misses>9239001</misses>
				<total>32</total>
				<timestamp>3138.119602</timestamp>
			</report>
			<report>
				<misses>9240001</misses>
				<total>32</total>
				<timestamp>3138.459297</timestamp>
			</report>
			<report>
				<misses>9241001</misses>
				<total>32</total>
				<timestamp>3138.798946</timestamp>
			</report>
			<report>
				<misses>9242001</misses>
				<total>32</total>
				<timestamp>3139.138574</timestamp>
			</report>
			<report>
				<misses>9243001</misses>
				<total>32</total>
				<timestamp>3139.478275</timestamp>
			</report>
			<report>
				<misses>9244001</misses>
				<total>32</total>
				<timestamp>3139.817888</timestamp>
			</report>
			<report>
				<misses>9245001</misses>
				<total>32</total>
				<timestamp>3140.157556</timestamp>
			</report>
			<report>
				<misses>9246001</misses>
				<total>32</total>
				<timestamp>3140.497276</timestamp>
			</report>
			<report>
				<misses>9247001</misses>
				<total>32</total>
				<timestamp>3140.836875</timestamp>
			</report>
			<report>
				<misses>9248001</misses>
				<total>32</total>
				<timestamp>3141.176557</timestamp>
			</report>
			<report>
				<misses>9249001</misses>
				<total>32</total>
				<timestamp>3141.516263</timestamp>
			</report>
			<report>
				<misses>9250001</misses>
				<total>32</total>
				<timestamp>3141.855852</timestamp>
			</report>
			<report>
				<misses>9251001</misses>
				<total>32</total>
				<timestamp>3142.195508</timestamp>
			</report>
			<report>
				<misses>9252001</misses>
				<total>31</total>
				<timestamp>3142.535275</timestamp>
			</report>
			<report>
				<misses>9253001</misses>
				<total>32</total>
				<timestamp>3142.874823</timestamp>
			</report>
			<report>
				<misses>9254001</misses>
				<total>32</total>
				<timestamp>3143.214506</timestamp>
			</report>
			<report>
				<misses>9255001</misses>
				<total>31</total>
				<timestamp>3143.554243</timestamp>
			</report>
			<report>
				<misses>9256001</misses>
				<total>32</total>
				<timestamp>3143.893811</timestamp>
			</report>
			<report>
				<misses>9257001</misses>
				<total>32</total>
				<timestamp>3144.233511</timestamp>
			</report>
			<report>
				<misses>9258001</misses>
				<total>31</total>
				<timestamp>3144.573237</timestamp>
			</report>
			<report>
				<misses>9259001</misses>
				<total>32</total>
				<timestamp>3144.912802</timestamp>
			</report>
			<report>
				<misses>9260001</misses>
				<total>32</total>
				<timestamp>3145.252500</timestamp>
			</report>
			<report>
				<misses>9261001</misses>
				<total>32</total>
				<timestamp>3145.592129</timestamp>
			</report>
			<report>
				<misses>9262001</misses>
				<total>32</total>
				<timestamp>3145.931818</timestamp>
			</report>
			<report>
				<misses>9263001</misses>
				<total>32</total>
				<timestamp>3146.271504</timestamp>
			</report>
			<report>
				<misses>9264001</misses>
				<total>31</total>
				<timestamp>3146.611263</timestamp>
			</report>
			<report>
				<misses>9265001</misses>
				<total>32</total>
				<timestamp>3146.950773</timestamp>
			</report>
			<report>
				<misses>9266001</misses>
				<total>32</total>
				<timestamp>3147.290433</timestamp>
			</report>
			<report>
				<misses>9267001</misses>
				<total>32</total>
				<timestamp>3147.630098</timestamp>
			</report>
			<report>
				<misses>9268001</misses>
				<total>32</total>
				<timestamp>3147.969732</timestamp>
			</report>
			<report>
				<misses>9269001</misses>
				<total>32</total>
				<timestamp>3148.309466</timestamp>
			</report>
			<report>
				<misses>9270001</misses>
				<total>31</total>
				<timestamp>3148.649224</timestamp>
			</report>
			<report>
				<misses>9271001</misses>
				<total>32</total>
				<timestamp>3148.988747</timestamp>
			</report>
			<report>
				<misses>9272001</misses>
				<total>32</total>
				<timestamp>3149.328464</timestamp>
			</report>
			<report>
				<misses>9273001</misses>
				<total>32</total>
				<timestamp>3149.668132</timestamp>
			</report>
			<report>
				<misses>9274001</misses>
				<total>32</total>
				<timestamp>3150.007699</timestamp>
			</report>
			<report>
				<misses>9275001</misses>
				<total>31</total>
				<timestamp>3150.347493</timestamp>
			</report>
			<report>
				<misses>9276001</misses>
				<total>32</total>
				<timestamp>3150.687066</timestamp>
			</report>
			<report>
				<misses>9277001</misses>
				<total>32</total>
				<timestamp>3151.026687</timestamp>
			</report>
			<report>
				<misses>9278001</misses>
				<total>32</total>
				<timestamp>3151.366384</timestamp>
			</report>
			<report>
				<misses>9279001</misses>
				<total>32</total>
				<timestamp>3151.705986</timestamp>
			</report>
			<report>
				<misses>9280001</misses>
				<total>32</total>
				<timestamp>3152.045657</timestamp>
			</report>
			<report>
				<misses>9281001</misses>
				<total>31</total>
				<timestamp>3152.385437</timestamp>
			</report>
			<report>
				<misses>9282001</misses>
				<total>32</total>
				<timestamp>3152.725028</timestamp>
			</report>
			<report>
				<misses>9283001</misses>
				<total>32</total>
				<timestamp>3153.064631</timestamp>
			</report>
			<report>
				<misses>9284001</misses>
				<total>32</total>
				<timestamp>3153.404403</timestamp>
			</report>
			<report>
				<misses>9285001</misses>
				<total>32</total>
				<timestamp>3153.743961</timestamp>
			</report>
			<report>
				<misses>9286001</misses>
				<total>32</total>
				<timestamp>3154.083624</timestamp>
			</report>
			<report>
				<misses>9287001</misses>
				<total>32</total>
				<timestamp>3154.423308</timestamp>
			</report>
			<report>
				<misses>9288001</misses>
				<total>32</total>
				<timestamp>3154.762928</timestamp>
			</report>
			<report>
				<misses>9289001</misses>
				<total>32</total>
				<timestamp>3155.102603</timestamp>
			</report>
			<report>
				<misses>9290001</misses>
				<total>32</total>
				<timestamp>3155.442306</timestamp>
			</report>
			<report>
				<misses>9291001</misses>
				<total>31</total>
				<timestamp>3155.782006</timestamp>
			</report>
			<report>
				<misses>9292001</misses>
				<total>32</total>
				<timestamp>3156.121581</timestamp>
			</report>
			<report>
				<misses>9293001</misses>
				<total>32</total>
				<timestamp>3156.461304</timestamp>
			</report>
			<report>
				<misses>9294001</misses>
				<total>32</total>
				<timestamp>3156.800921</timestamp>
			</report>
			<report>
				<misses>9295001</misses>
				<total>32</total>
				<timestamp>3157.140561</timestamp>
			</report>
			<report>
				<misses>9296001</misses>
				<total>31</total>
				<timestamp>3157.480319</timestamp>
			</report>
			<report>
				<misses>9297001</misses>
				<total>32</total>
				<timestamp>3157.819933</timestamp>
			</report>
			<report>
				<misses>9298001</misses>
				<total>32</total>
				<timestamp>3158.159532</timestamp>
			</report>
			<report>
				<misses>9299001</misses>
				<total>31</total>
				<timestamp>3158.499357</timestamp>
			</report>
			<report>
				<misses>9300001</misses>
				<total>32</total>
				<timestamp>3158.838874</timestamp>
			</report>
			<report>
				<misses>9301001</misses>
				<total>32</total>
				<timestamp>3159.178552</timestamp>
			</report>
			<report>
				<misses>9302001</misses>
				<total>32</total>
				<timestamp>3159.518270</timestamp>
			</report>
			<report>
				<misses>9303001</misses>
				<total>32</total>
				<timestamp>3159.857876</timestamp>
			</report>
			<report>
				<misses>9304001</misses>
				<total>32</total>
				<timestamp>3160.197518</timestamp>
			</report>
			<report>
				<misses>9305001</misses>
				<total>31</total>
				<timestamp>3160.537268</timestamp>
			</report>
			<report>
				<misses>9306001</misses>
				<total>32</total>
				<timestamp>3160.876821</timestamp>
			</report>
			<report>
				<misses>9307001</misses>
				<total>32</total>
				<timestamp>3161.216493</timestamp>
			</report>
			<report>
				<misses>9308001</misses>
				<total>31</total>
				<timestamp>3161.556293</timestamp>
			</report>
			<report>
				<misses>9309001</misses>
				<total>32</total>
				<timestamp>3161.895802</timestamp>
			</report>
			<report>
				<misses>9310001</misses>
				<total>32</total>
				<timestamp>3162.235458</timestamp>
			</report>
			<report>
				<misses>9311001</misses>
				<total>32</total>
				<timestamp>3162.575156</timestamp>
			</report>
			<report>
				<misses>9312001</misses>
				<total>32</total>
				<timestamp>3162.914778</timestamp>
			</report>
			<report>
				<misses>9313001</misses>
				<total>32</total>
				<timestamp>3163.254428</timestamp>
			</report>
			<report>
				<misses>9314001</misses>
				<total>32</total>
				<timestamp>3163.594163</timestamp>
			</report>
			<report>
				<misses>9315001</misses>
				<total>32</total>
				<timestamp>3163.933753</timestamp>
			</report>
			<report>
				<misses>9316001</misses>
				<total>32</total>
				<timestamp>3164.273442</timestamp>
			</report>
			<report>
				<misses>9317001</misses>
				<total>32</total>
				<timestamp>3164.613108</timestamp>
			</report>
			<report>
				<misses>9318001</misses>
				<total>32</total>
				<timestamp>3164.952734</timestamp>
			</report>
			<report>
				<misses>9319001</misses>
				<total>32</total>
				<timestamp>3165.292397</timestamp>
			</report>
			<report>
				<misses>9320001</misses>
				<total>31</total>
				<timestamp>3165.632188</timestamp>
			</report>
			<report>
				<misses>9321001</misses>
				<total>32</total>
				<timestamp>3165.971742</timestamp>
			</report>
			<report>
				<misses>9322001</misses>
				<total>32</total>
				<timestamp>3166.311415</timestamp>
			</report>
			<report>
				<misses>9323001</misses>
				<total>32</total>
				<timestamp>3166.651122</timestamp>
			</report>
			<report>
				<misses>9324001</misses>
				<total>32</total>
				<timestamp>3166.990698</timestamp>
			</report>
			<report>
				<misses>9325001</misses>
				<total>32</total>
				<timestamp>3167.330351</timestamp>
			</report>
			<report>
				<misses>9326001</misses>
				<total>31</total>
				<timestamp>3167.670152</timestamp>
			</report>
			<report>
				<misses>9327001</misses>
				<total>32</total>
				<timestamp>3168.009662</timestamp>
			</report>
			<report>
				<misses>9328001</misses>
				<total>32</total>
				<timestamp>3168.349384</timestamp>
			</report>
			<report>
				<misses>9329001</misses>
				<total>31</total>
				<timestamp>3168.689132</timestamp>
			</report>
			<report>
				<misses>9330001</misses>
				<total>32</total>
				<timestamp>3169.028657</timestamp>
			</report>
			<report>
				<misses>9331001</misses>
				<total>32</total>
				<timestamp>3169.368333</timestamp>
			</report>
			<report>
				<misses>9332001</misses>
				<total>32</total>
				<timestamp>3169.708087</timestamp>
			</report>
			<report>
				<misses>9333001</misses>
				<total>32</total>
				<timestamp>3170.047627</timestamp>
			</report>
			<report>
				<misses>9334001</misses>
				<total>32</total>
				<timestamp>3170.387323</timestamp>
			</report>
			<report>
				<misses>9335001</misses>
				<total>31</total>
				<timestamp>3170.727120</timestamp>
			</report>
			<report>
				<misses>9336001</misses>
				<total>32</total>
				<timestamp>3171.066623</timestamp>
			</report>
			<report>
				<misses>9337001</misses>
				<total>32</total>
				<timestamp>3171.406337</timestamp>
			</report>
			<report>
				<misses>9338001</misses>
				<total>32</total>
				<timestamp>3171.745934</timestamp>
			</report>
			<report>
				<misses>9339001</misses>
				<total>32</total>
				<timestamp>3172.085611</timestamp>
			</report>
			<report>
				<misses>9340001</misses>
				<total>32</total>
				<timestamp>3172.425332</timestamp>
			</report>
			<report>
				<misses>9341001</misses>
				<total>32</total>
				<timestamp>3172.764930</timestamp>
			</report>
			<report>
				<misses>9342001</misses>
				<total>32</total>
				<timestamp>3173.104581</timestamp>
			</report>
			<report>
				<misses>9343001</misses>
				<total>31</total>
				<timestamp>3173.444343</timestamp>
			</report>
			<report>
				<misses>9344001</misses>
				<total>32</total>
				<timestamp>3173.783911</timestamp>
			</report>
			<report>
				<misses>9345001</misses>
				<total>32</total>
				<timestamp>3174.123551</timestamp>
			</report>
			<report>
				<misses>9346001</misses>
				<total>31</total>
				<timestamp>3174.463335</timestamp>
			</report>
			<report>
				<misses>9347001</misses>
				<total>32</total>
				<timestamp>3174.802888</timestamp>
			</report>
			<report>
				<misses>9348001</misses>
				<total>32</total>
				<timestamp>3175.142561</timestamp>
			</report>
			<report>
				<misses>9349001</misses>
				<total>31</total>
				<timestamp>3175.482299</timestamp>
			</report>
			<report>
				<misses>9350001</misses>
				<total>32</total>
				<timestamp>3175.821846</timestamp>
			</report>
			<report>
				<misses>9351001</misses>
				<total>32</total>
				<timestamp>3176.161515</timestamp>
			</report>
			<report>
				<misses>9352001</misses>
				<total>32</total>
				<timestamp>3176.501198</timestamp>
			</report>
			<report>
				<misses>9353001</misses>
				<total>32</total>
				<timestamp>3176.840872</timestamp>
			</report>
			<report>
				<misses>9354001</misses>
				<total>32</total>
				<timestamp>3177.180519</timestamp>
			</report>
			<report>
				<misses>9355001</misses>
				<total>32</total>
				<timestamp>3177.520177</timestamp>
			</report>
			<report>
				<misses>9356001</misses>
				<total>32</total>
				<timestamp>3177.859832</timestamp>
			</report>
			<report>
				<misses>9357001</misses>
				<total>32</total>
				<timestamp>3178.199507</timestamp>
			</report>
			<report>
				<misses>9358001</misses>
				<total>32</total>
				<timestamp>3178.539167</timestamp>
			</report>
			<report>
				<misses>9359001</misses>
				<total>32</total>
				<timestamp>3178.878832</timestamp>
			</report>
			<report>
				<misses>9360001</misses>
				<total>32</total>
				<timestamp>3179.218460</timestamp>
			</report>
			<report>
				<misses>9361001</misses>
				<total>32</total>
				<timestamp>3179.558164</timestamp>
			</report>
			<report>
				<misses>9362001</misses>
				<total>32</total>
				<timestamp>3179.897785</timestamp>
			</report>
			<report>
				<misses>9363001</misses>
				<total>32</total>
				<timestamp>3180.237438</timestamp>
			</report>
			<report>
				<misses>9364001</misses>
				<total>32</total>
				<timestamp>3180.577169</timestamp>
			</report>
			<report>
				<misses>9365001</misses>
				<total>32</total>
				<timestamp>3180.916767</timestamp>
			</report>
			<report>
				<misses>9366001</misses>
				<total>32</total>
				<timestamp>3181.256417</timestamp>
			</report>
			<report>
				<misses>9367001</misses>
				<total>32</total>
				<timestamp>3181.596146</timestamp>
			</report>
			<report>
				<misses>9368001</misses>
				<total>32</total>
				<timestamp>3181.935748</timestamp>
			</report>
			<report>
				<misses>9369001</misses>
				<total>32</total>
				<timestamp>3182.275395</timestamp>
			</report>
			<report>
				<misses>9370001</misses>
				<total>32</total>
				<timestamp>3182.615132</timestamp>
			</report>
			<report>
				<misses>9371001</misses>
				<total>32</total>
				<timestamp>3182.954708</timestamp>
			</report>
			<report>
				<misses>9372001</misses>
				<total>32</total>
				<timestamp>3183.294401</timestamp>
			</report>
			<report>
				<misses>9373001</misses>
				<total>31</total>
				<timestamp>3183.634134</timestamp>
			</report>
			<report>
				<misses>9374001</misses>
				<total>32</total>
				<timestamp>3183.973697</timestamp>
			</report>
			<report>
				<misses>9375001</misses>
				<total>32</total>
				<timestamp>3184.313383</timestamp>
			</report>
			<report>
				<misses>9376001</misses>
				<total>31</total>
				<timestamp>3184.653158</timestamp>
			</report>
			<report>
				<misses>9377001</misses>
				<total>32</total>
				<timestamp>3184.992675</timestamp>
			</report>
			<report>
				<misses>9378001</misses>
				<total>32</total>
				<timestamp>3185.332334</timestamp>
			</report>
			<report>
				<misses>9379001</misses>
				<total>31</total>
				<timestamp>3185.672112</timestamp>
			</report>
			<report>
				<misses>9380001</misses>
				<total>32</total>
				<timestamp>3186.011657</timestamp>
			</report>
			<report>
				<misses>9381001</misses>
				<total>32</total>
				<timestamp>3186.351317</timestamp>
			</report>
			<report>
				<misses>9382001</misses>
				<total>32</total>
				<timestamp>3186.690980</timestamp>
			</report>
			<report>
				<misses>9383001</misses>
				<total>32</total>
				<timestamp>3187.030649</timestamp>
			</report>
			<report>
				<misses>9384001</misses>
				<total>32</total>
				<timestamp>3187.370307</timestamp>
			</report>
			<report>
				<misses>9385001</misses>
				<total>32</total>
				<timestamp>3187.710030</timestamp>
			</report>
			<report>
				<misses>9386001</misses>
				<total>32</total>
				<timestamp>3188.049628</timestamp>
			</report>
			<report>
				<misses>9387001</misses>
				<total>32</total>
				<timestamp>3188.389300</timestamp>
			</report>
			<report>
				<misses>9388001</misses>
				<total>32</total>
				<timestamp>3188.728962</timestamp>
			</report>
			<report>
				<misses>9389001</misses>
				<total>32</total>
				<timestamp>3189.068604</timestamp>
			</report>
			<report>
				<misses>9390001</misses>
				<total>32</total>
				<timestamp>3189.408284</timestamp>
			</report>
			<report>
				<misses>9391001</misses>
				<total>32</total>
				<timestamp>3189.747995</timestamp>
			</report>
			<report>
				<misses>9392001</misses>
				<total>32</total>
				<timestamp>3190.087575</timestamp>
			</report>
			<report>
				<misses>9393001</misses>
				<total>32</total>
				<timestamp>3190.427243</timestamp>
			</report>
			<report>
				<misses>9394001</misses>
				<total>32</total>
				<timestamp>3190.766965</timestamp>
			</report>
			<report>
				<misses>9395001</misses>
				<total>32</total>
				<timestamp>3191.106555</timestamp>
			</report>
			<report>
				<misses>9396001</misses>
				<total>32</total>
				<timestamp>3191.446215</timestamp>
			</report>
			<report>
				<misses>9397001</misses>
				<total>31</total>
				<timestamp>3191.786000</timestamp>
			</report>
			<report>
				<misses>9398001</misses>
				<total>32</total>
				<timestamp>3192.125548</timestamp>
			</report>
			<report>
				<misses>9399001</misses>
				<total>32</total>
				<timestamp>3192.465204</timestamp>
			</report>
			<report>
				<misses>9400001</misses>
				<total>31</total>
				<timestamp>3192.804986</timestamp>
			</report>
			<report>
				<misses>9401001</misses>
				<total>32</total>
				<timestamp>3193.144501</timestamp>
			</report>
			<report>
				<misses>9402001</misses>
				<total>32</total>
				<timestamp>3193.484196</timestamp>
			</report>
			<report>
				<misses>9403001</misses>
				<total>31</total>
				<timestamp>3193.823953</timestamp>
			</report>
			<report>
				<misses>9404001</misses>
				<total>32</total>
				<timestamp>3194.163511</timestamp>
			</report>
			<report>
				<misses>9405001</misses>
				<total>32</total>
				<timestamp>3194.503211</timestamp>
			</report>
			<report>
				<misses>9406001</misses>
				<total>32</total>
				<timestamp>3194.842805</timestamp>
			</report>
			<report>
				<misses>9407001</misses>
				<total>32</total>
				<timestamp>3195.182466</timestamp>
			</report>
			<report>
				<misses>9408001</misses>
				<total>32</total>
				<timestamp>3195.522141</timestamp>
			</report>
			<report>
				<misses>9409001</misses>
				<total>32</total>
				<timestamp>3195.861794</timestamp>
			</report>
			<report>
				<misses>9410001</misses>
				<total>32</total>
				<timestamp>3196.201453</timestamp>
			</report>
			<report>
				<misses>9411001</misses>
				<total>32</total>
				<timestamp>3196.541119</timestamp>
			</report>
			<report>
				<misses>9412001</misses>
				<total>32</total>
				<timestamp>3196.880798</timestamp>
			</report>
			<report>
				<misses>9413001</misses>
				<total>32</total>
				<timestamp>3197.220447</timestamp>
			</report>
			<report>
				<misses>9414001</misses>
				<total>31</total>
				<timestamp>3197.560182</timestamp>
			</report>
			<report>
				<misses>9415001</misses>
				<total>32</total>
				<timestamp>3197.899770</timestamp>
			</report>
			<report>
				<misses>9416001</misses>
				<total>32</total>
				<timestamp>3198.239431</timestamp>
			</report>
			<report>
				<misses>9417001</misses>
				<total>32</total>
				<timestamp>3198.579098</timestamp>
			</report>
			<report>
				<misses>9418001</misses>
				<total>32</total>
				<timestamp>3198.918745</timestamp>
			</report>
			<report>
				<misses>9419001</misses>
				<total>32</total>
				<timestamp>3199.258397</timestamp>
			</report>
			<report>
				<misses>9420001</misses>
				<total>31</total>
				<timestamp>3199.598146</timestamp>
			</report>
			<report>
				<misses>9421001</misses>
				<total>32</total>
				<timestamp>3199.937722</timestamp>
			</report>
			<report>
				<misses>9422001</misses>
				<total>32</total>
				<timestamp>3200.277378</timestamp>
			</report>
			<report>
				<misses>9423001</misses>
				<total>32</total>
				<timestamp>3200.617054</timestamp>
			</report>
			<report>
				<misses>9424001</misses>
				<total>32</total>
				<timestamp>3200.956740</timestamp>
			</report>
			<report>
				<misses>9425001</misses>
				<total>32</total>
				<timestamp>3201.296388</timestamp>
			</report>
			<report>
				<misses>9426001</misses>
				<total>31</total>
				<timestamp>3201.636135</timestamp>
			</report>
			<report>
				<misses>9427001</misses>
				<total>32</total>
				<timestamp>3201.975709</timestamp>
			</report>
			<report>
				<misses>9428001</misses>
				<total>32</total>
				<timestamp>3202.315351</timestamp>
			</report>
			<report>
				<misses>9429001</misses>
				<total>32</total>
				<timestamp>3202.655028</timestamp>
			</report>
			<report>
				<misses>9430001</misses>
				<total>32</total>
				<timestamp>3202.994693</timestamp>
			</report>
			<report>
				<misses>9431001</misses>
				<total>32</total>
				<timestamp>3203.334313</timestamp>
			</report>
			<report>
				<misses>9432001</misses>
				<total>32</total>
				<timestamp>3203.674004</timestamp>
			</report>
			<report>
				<misses>9433001</misses>
				<total>32</total>
				<timestamp>3204.013666</timestamp>
			</report>
			<report>
				<misses>9434001</misses>
				<total>32</total>
				<timestamp>3204.353300</timestamp>
			</report>
			<report>
				<misses>9435001</misses>
				<total>32</total>
				<timestamp>3204.692984</timestamp>
			</report>
			<report>
				<misses>9436001</misses>
				<total>32</total>
				<timestamp>3205.032631</timestamp>
			</report>
			<report>
				<misses>9437001</misses>
				<total>32</total>
				<timestamp>3205.372300</timestamp>
			</report>
			<report>
				<misses>9438001</misses>
				<total>32</total>
				<timestamp>3205.712000</timestamp>
			</report>
			<report>
				<misses>9439001</misses>
				<total>32</total>
				<timestamp>3206.051634</timestamp>
			</report>
			<report>
				<misses>9440001</misses>
				<total>32</total>
				<timestamp>3206.391272</timestamp>
			</report>
			<report>
				<misses>9441001</misses>
				<total>32</total>
				<timestamp>3206.730973</timestamp>
			</report>
			<report>
				<misses>9442001</misses>
				<total>32</total>
				<timestamp>3207.070568</timestamp>
			</report>
			<report>
				<misses>9443001</misses>
				<total>32</total>
				<timestamp>3207.410287</timestamp>
			</report>
			<report>
				<misses>9444001</misses>
				<total>31</total>
				<timestamp>3207.750002</timestamp>
			</report>
			<report>
				<misses>9445001</misses>
				<total>32</total>
				<timestamp>3208.089566</timestamp>
			</report>
			<report>
				<misses>9446001</misses>
				<total>31</total>
				<timestamp>3208.429361</timestamp>
			</report>
			<report>
				<misses>9447001</misses>
				<total>31</total>
				<timestamp>3208.768984</timestamp>
			</report>
			<report>
				<misses>9448001</misses>
				<total>32</total>
				<timestamp>3209.108521</timestamp>
			</report>
			<report>
				<misses>9449001</misses>
				<total>32</total>
				<timestamp>3209.448206</timestamp>
			</report>
			<report>
				<misses>9450001</misses>
				<total>31</total>
				<timestamp>3209.787963</timestamp>
			</report>
			<report>
				<misses>9451001</misses>
				<total>32</total>
				<timestamp>3210.127519</timestamp>
			</report>
			<report>
				<misses>9452001</misses>
				<total>32</total>
				<timestamp>3210.467162</timestamp>
			</report>
			<report>
				<misses>9453001</misses>
				<total>32</total>
				<timestamp>3210.806854</timestamp>
			</report>
			<report>
				<misses>9454001</misses>
				<total>32</total>
				<timestamp>3211.146481</timestamp>
			</report>
			<report>
				<misses>9455001</misses>
				<total>32</total>
				<timestamp>3211.486157</timestamp>
			</report>
			<report>
				<misses>9456001</misses>
				<total>32</total>
				<timestamp>3211.825867</timestamp>
			</report>
			<report>
				<misses>9457001</misses>
				<total>32</total>
				<timestamp>3212.165487</timestamp>
			</report>
			<report>
				<misses>9458001</misses>
				<total>32</total>
				<timestamp>3212.505131</timestamp>
			</report>
			<report>
				<misses>9459001</misses>
				<total>31</total>
				<timestamp>3212.844944</timestamp>
			</report>
			<report>
				<misses>9460001</misses>
				<total>32</total>
				<timestamp>3213.184476</timestamp>
			</report>
			<report>
				<misses>9461001</misses>
				<total>32</total>
				<timestamp>3213.524104</timestamp>
			</report>
			<report>
				<misses>9462001</misses>
				<total>32</total>
				<timestamp>3213.863767</timestamp>
			</report>
			<report>
				<misses>9463001</misses>
				<total>32</total>
				<timestamp>3214.203429</timestamp>
			</report>
			<report>
				<misses>9464001</misses>
				<total>32</total>
				<timestamp>3214.543112</timestamp>
			</report>
			<report>
				<misses>9465001</misses>
				<total>32</total>
				<timestamp>3214.882834</timestamp>
			</report>
			<report>
				<misses>9466001</misses>
				<total>32</total>
				<timestamp>3215.222423</timestamp>
			</report>
			<report>
				<misses>9467001</misses>
				<total>32</total>
				<timestamp>3215.562094</timestamp>
			</report>
			<report>
				<misses>9468001</misses>
				<total>32</total>
				<timestamp>3215.901823</timestamp>
			</report>
			<report>
				<misses>9469001</misses>
				<total>32</total>
				<timestamp>3216.241412</timestamp>
			</report>
			<report>
				<misses>9470001</misses>
				<total>32</total>
				<timestamp>3216.581074</timestamp>
			</report>
			<report>
				<misses>9471001</misses>
				<total>32</total>
				<timestamp>3216.920797</timestamp>
			</report>
			<report>
				<misses>9472001</misses>
				<total>32</total>
				<timestamp>3217.260365</timestamp>
			</report>
			<report>
				<misses>9473001</misses>
				<total>32</total>
				<timestamp>3217.600169</timestamp>
			</report>
			<report>
				<misses>9474001</misses>
				<total>31</total>
				<timestamp>3217.939836</timestamp>
			</report>
			<report>
				<misses>9475001</misses>
				<total>32</total>
				<timestamp>3218.279362</timestamp>
			</report>
			<report>
				<misses>9476001</misses>
				<total>32</total>
				<timestamp>3218.619146</timestamp>
			</report>
			<report>
				<misses>9477001</misses>
				<total>32</total>
				<timestamp>3218.958807</timestamp>
			</report>
			<report>
				<misses>9478001</misses>
				<total>32</total>
				<timestamp>3219.298339</timestamp>
			</report>
			<report>
				<misses>9479001</misses>
				<total>32</total>
				<timestamp>3219.638129</timestamp>
			</report>
			<report>
				<misses>9480001</misses>
				<total>32</total>
				<timestamp>3219.977669</timestamp>
			</report>
			<report>
				<misses>9481001</misses>
				<total>32</total>
				<timestamp>3220.317446</timestamp>
			</report>
			<report>
				<misses>9482001</misses>
				<total>32</total>
				<timestamp>3220.657105</timestamp>
			</report>
			<report>
				<misses>9483001</misses>
				<total>31</total>
				<timestamp>3220.996768</timestamp>
			</report>
			<report>
				<misses>9484001</misses>
				<total>32</total>
				<timestamp>3221.336432</timestamp>
			</report>
			<report>
				<misses>9485001</misses>
				<total>32</total>
				<timestamp>3221.676087</timestamp>
			</report>
			<report>
				<misses>9486001</misses>
				<total>32</total>
				<timestamp>3222.015739</timestamp>
			</report>
			<report>
				<misses>9487001</misses>
				<total>32</total>
				<timestamp>3222.355409</timestamp>
			</report>
			<report>
				<misses>9488001</misses>
				<total>32</total>
				<timestamp>3222.695065</timestamp>
			</report>
			<report>
				<misses>9489001</misses>
				<total>31</total>
				<timestamp>3223.034783</timestamp>
			</report>
			<report>
				<misses>9490001</misses>
				<total>32</total>
				<timestamp>3223.374392</timestamp>
			</report>
			<report>
				<misses>9491001</misses>
				<total>32</total>
				<timestamp>3223.713924</timestamp>
			</report>
			<report>
				<misses>9492001</misses>
				<total>32</total>
				<timestamp>3224.053712</timestamp>
			</report>
			<report>
				<misses>9493001</misses>
				<total>32</total>
				<timestamp>3224.393365</timestamp>
			</report>
			<report>
				<misses>9494001</misses>
				<total>31</total>
				<timestamp>3224.733030</timestamp>
			</report>
			<report>
				<misses>9495001</misses>
				<total>32</total>
				<timestamp>3225.072566</timestamp>
			</report>
			<report>
				<misses>9496001</misses>
				<total>32</total>
				<timestamp>3225.412345</timestamp>
			</report>
			<report>
				<misses>9497001</misses>
				<total>32</total>
				<timestamp>3225.751878</timestamp>
			</report>
			<report>
				<misses>9498001</misses>
				<total>32</total>
				<timestamp>3226.091670</timestamp>
			</report>
			<report>
				<misses>9499001</misses>
				<total>32</total>
				<timestamp>3226.431207</timestamp>
			</report>
			<report>
				<misses>9500001</misses>
				<total>32</total>
				<timestamp>3226.770991</timestamp>
			</report>
			<report>
				<misses>9501001</misses>
				<total>32</total>
				<timestamp>3227.110648</timestamp>
			</report>
			<report>
				<misses>9502001</misses>
				<total>32</total>
				<timestamp>3227.450186</timestamp>
			</report>
			<report>
				<misses>9503001</misses>
				<total>32</total>
				<timestamp>3227.789967</timestamp>
			</report>
			<report>
				<misses>9504001</misses>
				<total>32</total>
				<timestamp>3228.129628</timestamp>
			</report>
			<report>
				<misses>9505001</misses>
				<total>32</total>
				<timestamp>3228.469166</timestamp>
			</report>
			<report>
				<misses>9506001</misses>
				<total>32</total>
				<timestamp>3228.808941</timestamp>
			</report>
			<report>
				<misses>9507001</misses>
				<total>32</total>
				<timestamp>3229.148480</timestamp>
			</report>
			<report>
				<misses>9508001</misses>
				<total>32</total>
				<timestamp>3229.488267</timestamp>
			</report>
			<report>
				<misses>9509001</misses>
				<total>32</total>
				<timestamp>3229.827927</timestamp>
			</report>
			<report>
				<misses>9510001</misses>
				<total>32</total>
				<timestamp>3230.167587</timestamp>
			</report>
			<report>
				<misses>9511001</misses>
				<total>32</total>
				<timestamp>3230.507128</timestamp>
			</report>
			<report>
				<misses>9512001</misses>
				<total>32</total>
				<timestamp>3230.846909</timestamp>
			</report>
			<report>
				<misses>9513001</misses>
				<total>32</total>
				<timestamp>3231.186571</timestamp>
			</report>
			<report>
				<misses>9514001</misses>
				<total>32</total>
				<timestamp>3231.526231</timestamp>
			</report>
			<report>
				<misses>9515001</misses>
				<total>31</total>
				<timestamp>3231.865886</timestamp>
			</report>
			<report>
				<misses>9516001</misses>
				<total>32</total>
				<timestamp>3232.205549</timestamp>
			</report>
			<report>
				<misses>9517001</misses>
				<total>32</total>
				<timestamp>3232.545080</timestamp>
			</report>
			<report>
				<misses>9518001</misses>
				<total>31</total>
				<timestamp>3232.884865</timestamp>
			</report>
			<report>
				<misses>9519001</misses>
				<total>32</total>
				<timestamp>3233.224520</timestamp>
			</report>
			<report>
				<misses>9520001</misses>
				<total>32</total>
				<timestamp>3233.564190</timestamp>
			</report>
			<report>
				<misses>9521001</misses>
				<total>31</total>
				<timestamp>3233.903846</timestamp>
			</report>
			<report>
				<misses>9522001</misses>
				<total>32</total>
				<timestamp>3234.243503</timestamp>
			</report>
			<report>
				<misses>9523001</misses>
				<total>32</total>
				<timestamp>3234.583040</timestamp>
			</report>
			<report>
				<misses>9524001</misses>
				<total>32</total>
				<timestamp>3234.922704</timestamp>
			</report>
			<report>
				<misses>9525001</misses>
				<total>32</total>
				<timestamp>3235.262484</timestamp>
			</report>
			<report>
				<misses>9526001</misses>
				<total>32</total>
				<timestamp>3235.602017</timestamp>
			</report>
			<report>
				<misses>9527001</misses>
				<total>32</total>
				<timestamp>3235.941803</timestamp>
			</report>
			<report>
				<misses>9528001</misses>
				<total>32</total>
				<timestamp>3236.281468</timestamp>
			</report>
			<report>
				<misses>9529001</misses>
				<total>32</total>
				<timestamp>3236.621120</timestamp>
			</report>
			<report>
				<misses>9530001</misses>
				<total>32</total>
				<timestamp>3236.960784</timestamp>
			</report>
			<report>
				<misses>9531001</misses>
				<total>32</total>
				<timestamp>3237.300320</timestamp>
			</report>
			<report>
				<misses>9532001</misses>
				<total>32</total>
				<timestamp>3237.640106</timestamp>
			</report>
			<report>
				<misses>9533001</misses>
				<total>32</total>
				<timestamp>3237.979769</timestamp>
			</report>
			<report>
				<misses>9534001</misses>
				<total>32</total>
				<timestamp>3238.319427</timestamp>
			</report>
			<report>
				<misses>9535001</misses>
				<total>32</total>
				<timestamp>3238.658962</timestamp>
			</report>
			<report>
				<misses>9536001</misses>
				<total>32</total>
				<timestamp>3238.998749</timestamp>
			</report>
			<report>
				<misses>9537001</misses>
				<total>32</total>
				<timestamp>3239.338413</timestamp>
			</report>
			<report>
				<misses>9538001</misses>
				<total>32</total>
				<timestamp>3239.677941</timestamp>
			</report>
			<report>
				<misses>9539001</misses>
				<total>32</total>
				<timestamp>3240.017727</timestamp>
			</report>
			<report>
				<misses>9540001</misses>
				<total>32</total>
				<timestamp>3240.357390</timestamp>
			</report>
			<report>
				<misses>9541001</misses>
				<total>32</total>
				<timestamp>3240.697050</timestamp>
			</report>
			<report>
				<misses>9542001</misses>
				<total>32</total>
				<timestamp>3241.036712</timestamp>
			</report>
			<report>
				<misses>9543001</misses>
				<total>32</total>
				<timestamp>3241.376257</timestamp>
			</report>
			<report>
				<misses>9544001</misses>
				<total>32</total>
				<timestamp>3241.715950</timestamp>
			</report>
			<report>
				<misses>9545001</misses>
				<total>31</total>
				<timestamp>3242.055664</timestamp>
			</report>
			<report>
				<misses>9546001</misses>
				<total>32</total>
				<timestamp>3242.395216</timestamp>
			</report>
			<report>
				<misses>9547001</misses>
				<total>32</total>
				<timestamp>3242.734892</timestamp>
			</report>
			<report>
				<misses>9548001</misses>
				<total>32</total>
				<timestamp>3243.074559</timestamp>
			</report>
			<report>
				<misses>9549001</misses>
				<total>32</total>
				<timestamp>3243.414197</timestamp>
			</report>
			<report>
				<misses>9550001</misses>
				<total>32</total>
				<timestamp>3243.753865</timestamp>
			</report>
			<report>
				<misses>9551001</misses>
				<total>31</total>
				<timestamp>3244.093634</timestamp>
			</report>
			<report>
				<misses>9552001</misses>
				<total>32</total>
				<timestamp>3244.433168</timestamp>
			</report>
			<report>
				<misses>9553001</misses>
				<total>32</total>
				<timestamp>3244.772899</timestamp>
			</report>
			<report>
				<misses>9554001</misses>
				<total>32</total>
				<timestamp>3245.112500</timestamp>
			</report>
			<report>
				<misses>9555001</misses>
				<total>32</total>
				<timestamp>3245.452149</timestamp>
			</report>
			<report>
				<misses>9556001</misses>
				<total>32</total>
				<timestamp>3245.791855</timestamp>
			</report>
			<report>
				<misses>9557001</misses>
				<total>31</total>
				<timestamp>3246.131640</timestamp>
			</report>
			<report>
				<misses>9558001</misses>
				<total>32</total>
				<timestamp>3246.471137</timestamp>
			</report>
			<report>
				<misses>9559001</misses>
				<total>31</total>
				<timestamp>3246.810884</timestamp>
			</report>
			<report>
				<misses>9560001</misses>
				<total>32</total>
				<timestamp>3247.150460</timestamp>
			</report>
			<report>
				<misses>9561001</misses>
				<total>32</total>
				<timestamp>3247.490111</timestamp>
			</report>
			<report>
				<misses>9562001</misses>
				<total>31</total>
				<timestamp>3247.829868</timestamp>
			</report>
			<report>
				<misses>9563001</misses>
				<total>32</total>
				<timestamp>3248.169446</timestamp>
			</report>
			<report>
				<misses>9564001</misses>
				<total>32</total>
				<timestamp>3248.509099</timestamp>
			</report>
			<report>
				<misses>9565001</misses>
				<total>31</total>
				<timestamp>3248.848858</timestamp>
			</report>
			<report>
				<misses>9566001</misses>
				<total>32</total>
				<timestamp>3249.188435</timestamp>
			</report>
			<report>
				<misses>9567001</misses>
				<total>32</total>
				<timestamp>3249.528104</timestamp>
			</report>
			<report>
				<misses>9568001</misses>
				<total>31</total>
				<timestamp>3249.867838</timestamp>
			</report>
			<report>
				<misses>9569001</misses>
				<total>32</total>
				<timestamp>3250.207403</timestamp>
			</report>
			<report>
				<misses>9570001</misses>
				<total>32</total>
				<timestamp>3250.547046</timestamp>
			</report>
			<report>
				<misses>9571001</misses>
				<total>31</total>
				<timestamp>3250.886836</timestamp>
			</report>
			<report>
				<misses>9572001</misses>
				<total>32</total>
				<timestamp>3251.226398</timestamp>
			</report>
			<report>
				<misses>9573001</misses>
				<total>32</total>
				<timestamp>3251.566033</timestamp>
			</report>
			<report>
				<misses>9574001</misses>
				<total>31</total>
				<timestamp>3251.905817</timestamp>
			</report>
			<report>
				<misses>9575001</misses>
				<total>32</total>
				<timestamp>3252.245367</timestamp>
			</report>
			<report>
				<misses>9576001</misses>
				<total>32</total>
				<timestamp>3252.585056</timestamp>
			</report>
			<report>
				<misses>9577001</misses>
				<total>32</total>
				<timestamp>3252.924692</timestamp>
			</report>
			<report>
				<misses>9578001</misses>
				<total>32</total>
				<timestamp>3253.264338</timestamp>
			</report>
			<report>
				<misses>9579001</misses>
				<total>32</total>
				<timestamp>3253.604009</timestamp>
			</report>
			<report>
				<misses>9580001</misses>
				<total>32</total>
				<timestamp>3253.943665</timestamp>
			</report>
			<report>
				<misses>9581001</misses>
				<total>32</total>
				<timestamp>3254.283314</timestamp>
			</report>
			<report>
				<misses>9582001</misses>
				<total>32</total>
				<timestamp>3254.622964</timestamp>
			</report>
			<report>
				<misses>9583001</misses>
				<total>32</total>
				<timestamp>3254.962686</timestamp>
			</report>
			<report>
				<misses>9584001</misses>
				<total>32</total>
				<timestamp>3255.302304</timestamp>
			</report>
			<report>
				<misses>9585001</misses>
				<total>32</total>
				<timestamp>3255.641951</timestamp>
			</report>
			<report>
				<misses>9586001</misses>
				<total>32</total>
				<timestamp>3255.981665</timestamp>
			</report>
			<report>
				<misses>9587001</misses>
				<total>32</total>
				<timestamp>3256.321262</timestamp>
			</report>
			<report>
				<misses>9588001</misses>
				<total>32</total>
				<timestamp>3256.660940</timestamp>
			</report>
			<report>
				<misses>9589001</misses>
				<total>31</total>
				<timestamp>3257.000693</timestamp>
			</report>
			<report>
				<misses>9590001</misses>
				<total>32</total>
				<timestamp>3257.340288</timestamp>
			</report>
			<report>
				<misses>9591001</misses>
				<total>32</total>
				<timestamp>3257.679921</timestamp>
			</report>
			<report>
				<misses>9592001</misses>
				<total>31</total>
				<timestamp>3258.019677</timestamp>
			</report>
			<report>
				<misses>9593001</misses>
				<total>32</total>
				<timestamp>3258.359252</timestamp>
			</report>
			<report>
				<misses>9594001</misses>
				<total>32</total>
				<timestamp>3258.698880</timestamp>
			</report>
			<report>
				<misses>9595001</misses>
				<total>32</total>
				<timestamp>3259.038607</timestamp>
			</report>
			<report>
				<misses>9596001</misses>
				<total>32</total>
				<timestamp>3259.378241</timestamp>
			</report>
			<report>
				<misses>9597001</misses>
				<total>32</total>
				<timestamp>3259.717883</timestamp>
			</report>
			<report>
				<misses>9598001</misses>
				<total>31</total>
				<timestamp>3260.057661</timestamp>
			</report>
			<report>
				<misses>9599001</misses>
				<total>32</total>
				<timestamp>3260.397202</timestamp>
			</report>
			<report>
				<misses>9600001</misses>
				<total>32</total>
				<timestamp>3260.736870</timestamp>
			</report>
			<report>
				<misses>9601001</misses>
				<total>32</total>
				<timestamp>3261.076547</timestamp>
			</report>
			<report>
				<misses>9602001</misses>
				<total>32</total>
				<timestamp>3261.416169</timestamp>
			</report>
			<report>
				<misses>9603001</misses>
				<total>32</total>
				<timestamp>3261.755850</timestamp>
			</report>
			<report>
				<misses>9604001</misses>
				<total>32</total>
				<timestamp>3262.095558</timestamp>
			</report>
			<report>
				<misses>9605001</misses>
				<total>32</total>
				<timestamp>3262.435180</timestamp>
			</report>
			<report>
				<misses>9606001</misses>
				<total>32</total>
				<timestamp>3262.774836</timestamp>
			</report>
			<report>
				<misses>9607001</misses>
				<total>32</total>
				<timestamp>3263.114543</timestamp>
			</report>
			<report>
				<misses>9608001</misses>
				<total>32</total>
				<timestamp>3263.454124</timestamp>
			</report>
			<report>
				<misses>9609001</misses>
				<total>32</total>
				<timestamp>3263.793799</timestamp>
			</report>
			<report>
				<misses>9610001</misses>
				<total>32</total>
				<timestamp>3264.133526</timestamp>
			</report>
			<report>
				<misses>9611001</misses>
				<total>32</total>
				<timestamp>3264.473122</timestamp>
			</report>
			<report>
				<misses>9612001</misses>
				<total>32</total>
				<timestamp>3264.812786</timestamp>
			</report>
			<report>
				<misses>9613001</misses>
				<total>32</total>
				<timestamp>3265.152501</timestamp>
			</report>
			<report>
				<misses>9614001</misses>
				<total>32</total>
				<timestamp>3265.492095</timestamp>
			</report>
			<report>
				<misses>9615001</misses>
				<total>32</total>
				<timestamp>3265.831755</timestamp>
			</report>
			<report>
				<misses>9616001</misses>
				<total>32</total>
				<timestamp>3266.171512</timestamp>
			</report>
			<report>
				<misses>9617001</misses>
				<total>32</total>
				<timestamp>3266.511111</timestamp>
			</report>
			<report>
				<misses>9618001</misses>
				<total>32</total>
				<timestamp>3266.850787</timestamp>
			</report>
			<report>
				<misses>9619001</misses>
				<total>31</total>
				<timestamp>3267.190501</timestamp>
			</report>
			<report>
				<misses>9620001</misses>
				<total>32</total>
				<timestamp>3267.530048</timestamp>
			</report>
			<report>
				<misses>9621001</misses>
				<total>32</total>
				<timestamp>3267.869731</timestamp>
			</report>
			<report>
				<misses>9622001</misses>
				<total>31</total>
				<timestamp>3268.209493</timestamp>
			</report>
			<report>
				<misses>9623001</misses>
				<total>32</total>
				<timestamp>3268.549038</timestamp>
			</report>
			<report>
				<misses>9624001</misses>
				<total>32</total>
				<timestamp>3268.888702</timestamp>
			</report>
			<report>
				<misses>9625001</misses>
				<total>31</total>
				<timestamp>3269.228493</timestamp>
			</report>
			<report>
				<misses>9626001</misses>
				<total>32</total>
				<timestamp>3269.568034</timestamp>
			</report>
			<report>
				<misses>9627001</misses>
				<total>32</total>
				<timestamp>3269.907724</timestamp>
			</report>
			<report>
				<misses>9628001</misses>
				<total>32</total>
				<timestamp>3270.247346</timestamp>
			</report>
			<report>
				<misses>9629001</misses>
				<total>32</total>
				<timestamp>3270.587008</timestamp>
			</report>
			<report>
				<misses>9630001</misses>
				<total>32</total>
				<timestamp>3270.926731</timestamp>
			</report>
			<report>
				<misses>9631001</misses>
				<total>32</total>
				<timestamp>3271.266332</timestamp>
			</report>
			<report>
				<misses>9632001</misses>
				<total>32</total>
				<timestamp>3271.605972</timestamp>
			</report>
			<report>
				<misses>9633001</misses>
				<total>32</total>
				<timestamp>3271.945697</timestamp>
			</report>
			<report>
				<misses>9634001</misses>
				<total>32</total>
				<timestamp>3272.285314</timestamp>
			</report>
			<report>
				<misses>9635001</misses>
				<total>32</total>
				<timestamp>3272.624957</timestamp>
			</report>
			<report>
				<misses>9636001</misses>
				<total>31</total>
				<timestamp>3272.964702</timestamp>
			</report>
			<report>
				<misses>9637001</misses>
				<total>32</total>
				<timestamp>3273.304277</timestamp>
			</report>
			<report>
				<misses>9638001</misses>
				<total>32</total>
				<timestamp>3273.643933</timestamp>
			</report>
			<report>
				<misses>9639001</misses>
				<total>32</total>
				<timestamp>3273.983655</timestamp>
			</report>
			<report>
				<misses>9640001</misses>
				<total>32</total>
				<timestamp>3274.323291</timestamp>
			</report>
			<report>
				<misses>9641001</misses>
				<total>32</total>
				<timestamp>3274.662929</timestamp>
			</report>
			<report>
				<misses>9642001</misses>
				<total>32</total>
				<timestamp>3275.002586</timestamp>
			</report>
			<report>
				<misses>9643001</misses>
				<total>32</total>
				<timestamp>3275.342251</timestamp>
			</report>
			<report>
				<misses>9644001</misses>
				<total>32</total>
				<timestamp>3275.681894</timestamp>
			</report>
			<report>
				<misses>9645001</misses>
				<total>31</total>
				<timestamp>3276.021694</timestamp>
			</report>
			<report>
				<misses>9646001</misses>
				<total>32</total>
				<timestamp>3276.361246</timestamp>
			</report>
			<report>
				<misses>9647001</misses>
				<total>32</total>
				<timestamp>3276.700913</timestamp>
			</report>
			<report>
				<misses>9648001</misses>
				<total>32</total>
				<timestamp>3277.040580</timestamp>
			</report>
			<report>
				<misses>9649001</misses>
				<total>32</total>
				<timestamp>3277.380208</timestamp>
			</report>
			<report>
				<misses>9650001</misses>
				<total>32</total>
				<timestamp>3277.719863</timestamp>
			</report>
			<report>
				<misses>9651001</misses>
				<total>32</total>
				<timestamp>3278.059547</timestamp>
			</report>
			<report>
				<misses>9652001</misses>
				<total>32</total>
				<timestamp>3278.399185</timestamp>
			</report>
			<report>
				<misses>9653001</misses>
				<total>32</total>
				<timestamp>3278.738857</timestamp>
			</report>
			<report>
				<misses>9654001</misses>
				<total>32</total>
				<timestamp>3279.078541</timestamp>
			</report>
			<report>
				<misses>9655001</misses>
				<total>32</total>
				<timestamp>3279.418155</timestamp>
			</report>
			<report>
				<misses>9656001</misses>
				<total>32</total>
				<timestamp>3279.757811</timestamp>
			</report>
			<report>
				<misses>9657001</misses>
				<total>31</total>
				<timestamp>3280.097569</timestamp>
			</report>
			<report>
				<misses>9658001</misses>
				<total>32</total>
				<timestamp>3280.437124</timestamp>
			</report>
			<report>
				<misses>9659001</misses>
				<total>32</total>
				<timestamp>3280.776801</timestamp>
			</report>
			<report>
				<misses>9660001</misses>
				<total>32</total>
				<timestamp>3281.116529</timestamp>
			</report>
			<report>
				<misses>9661001</misses>
				<total>32</total>
				<timestamp>3281.456116</timestamp>
			</report>
			<report>
				<misses>9662001</misses>
				<total>32</total>
				<timestamp>3281.795789</timestamp>
			</report>
			<report>
				<misses>9663001</misses>
				<total>31</total>
				<timestamp>3282.135525</timestamp>
			</report>
			<report>
				<misses>9664001</misses>
				<total>32</total>
				<timestamp>3282.475141</timestamp>
			</report>
			<report>
				<misses>9665001</misses>
				<total>32</total>
				<timestamp>3282.814764</timestamp>
			</report>
			<report>
				<misses>9666001</misses>
				<total>32</total>
				<timestamp>3283.154504</timestamp>
			</report>
			<report>
				<misses>9667001</misses>
				<total>32</total>
				<timestamp>3283.494089</timestamp>
			</report>
			<report>
				<misses>9668001</misses>
				<total>32</total>
				<timestamp>3283.833737</timestamp>
			</report>
			<report>
				<misses>9669001</misses>
				<total>31</total>
				<timestamp>3284.173497</timestamp>
			</report>
			<report>
				<misses>9670001</misses>
				<total>32</total>
				<timestamp>3284.513092</timestamp>
			</report>
			<report>
				<misses>9671001</misses>
				<total>32</total>
				<timestamp>3284.852712</timestamp>
			</report>
			<report>
				<misses>9672001</misses>
				<total>32</total>
				<timestamp>3285.192401</timestamp>
			</report>
			<report>
				<misses>9673001</misses>
				<total>32</total>
				<timestamp>3285.532055</timestamp>
			</report>
			<report>
				<misses>9674001</misses>
				<total>32</total>
				<timestamp>3285.871692</timestamp>
			</report>
			<report>
				<misses>9675001</misses>
				<total>31</total>
				<timestamp>3286.211506</timestamp>
			</report>
			<report>
				<misses>9676001</misses>
				<total>32</total>
				<timestamp>3286.551030</timestamp>
			</report>
			<report>
				<misses>9677001</misses>
				<total>32</total>
				<timestamp>3286.890688</timestamp>
			</report>
			<report>
				<misses>9678001</misses>
				<total>31</total>
				<timestamp>3287.230474</timestamp>
			</report>
			<report>
				<misses>9679001</misses>
				<total>32</total>
				<timestamp>3287.569998</timestamp>
			</report>
			<report>
				<misses>9680001</misses>
				<total>32</total>
				<timestamp>3287.909648</timestamp>
			</report>
			<report>
				<misses>9681001</misses>
				<total>32</total>
				<timestamp>3288.249395</timestamp>
			</report>
			<report>
				<misses>9682001</misses>
				<total>32</total>
				<timestamp>3288.588980</timestamp>
			</report>
			<report>
				<misses>9683001</misses>
				<total>32</total>
				<timestamp>3288.928656</timestamp>
			</report>
			<report>
				<misses>9684001</misses>
				<total>32</total>
				<timestamp>3289.268424</timestamp>
			</report>
			<report>
				<misses>9685001</misses>
				<total>32</total>
				<timestamp>3289.607959</timestamp>
			</report>
			<report>
				<misses>9686001</misses>
				<total>32</total>
				<timestamp>3289.947610</timestamp>
			</report>
			<report>
				<misses>9687001</misses>
				<total>32</total>
				<timestamp>3290.287372</timestamp>
			</report>
			<report>
				<misses>9688001</misses>
				<total>32</total>
				<timestamp>3290.626940</timestamp>
			</report>
			<report>
				<misses>9689001</misses>
				<total>32</total>
				<timestamp>3290.966616</timestamp>
			</report>
			<report>
				<misses>9690001</misses>
				<total>32</total>
				<timestamp>3291.306332</timestamp>
			</report>
			<report>
				<misses>9691001</misses>
				<total>32</total>
				<timestamp>3291.645930</timestamp>
			</report>
			<report>
				<misses>9692001</misses>
				<total>32</total>
				<timestamp>3291.985634</timestamp>
			</report>
			<report>
				<misses>9693001</misses>
				<total>31</total>
				<timestamp>3292.325405</timestamp>
			</report>
			<report>
				<misses>9694001</misses>
				<total>32</total>
				<timestamp>3292.664914</timestamp>
			</report>
			<report>
				<misses>9695001</misses>
				<total>32</total>
				<timestamp>3293.004614</timestamp>
			</report>
			<report>
				<misses>9696001</misses>
				<total>32</total>
				<timestamp>3293.344263</timestamp>
			</report>
			<report>
				<misses>9697001</misses>
				<total>32</total>
				<timestamp>3293.683887</timestamp>
			</report>
			<report>
				<misses>9698001</misses>
				<total>32</total>
				<timestamp>3294.023587</timestamp>
			</report>
			<report>
				<misses>9699001</misses>
				<total>31</total>
				<timestamp>3294.363320</timestamp>
			</report>
			<report>
				<misses>9700001</misses>
				<total>32</total>
				<timestamp>3294.702868</timestamp>
			</report>
			<report>
				<misses>9701001</misses>
				<total>32</total>
				<timestamp>3295.042564</timestamp>
			</report>
			<report>
				<misses>9702001</misses>
				<total>31</total>
				<timestamp>3295.382320</timestamp>
			</report>
			<report>
				<misses>9703001</misses>
				<total>32</total>
				<timestamp>3295.721850</timestamp>
			</report>
			<report>
				<misses>9704001</misses>
				<total>32</total>
				<timestamp>3296.061493</timestamp>
			</report>
			<report>
				<misses>9705001</misses>
				<total>32</total>
				<timestamp>3296.401174</timestamp>
			</report>
			<report>
				<misses>9706001</misses>
				<total>32</total>
				<timestamp>3296.740820</timestamp>
			</report>
			<report>
				<misses>9707001</misses>
				<total>32</total>
				<timestamp>3297.080472</timestamp>
			</report>
			<report>
				<misses>9708001</misses>
				<total>32</total>
				<timestamp>3297.420141</timestamp>
			</report>
			<report>
				<misses>9709001</misses>
				<total>32</total>
				<timestamp>3297.759804</timestamp>
			</report>
			<report>
				<misses>9710001</misses>
				<total>31</total>
				<timestamp>3298.099569</timestamp>
			</report>
			<report>
				<misses>9711001</misses>
				<total>32</total>
				<timestamp>3298.439117</timestamp>
			</report>
			<report>
				<misses>9712001</misses>
				<total>32</total>
				<timestamp>3298.778785</timestamp>
			</report>
			<report>
				<misses>9713001</misses>
				<total>31</total>
				<timestamp>3299.118532</timestamp>
			</report>
			<report>
				<misses>9714001</misses>
				<total>32</total>
				<timestamp>3299.458094</timestamp>
			</report>
			<report>
				<misses>9715001</misses>
				<total>32</total>
				<timestamp>3299.797759</timestamp>
			</report>
			<report>
				<misses>9716001</misses>
				<total>31</total>
				<timestamp>3300.137533</timestamp>
			</report>
			<report>
				<misses>9717001</misses>
				<total>32</total>
				<timestamp>3300.477066</timestamp>
			</report>
			<report>
				<misses>9718001</misses>
				<total>32</total>
				<timestamp>3300.816747</timestamp>
			</report>
			<report>
				<misses>9719001</misses>
				<total>31</total>
				<timestamp>3301.156496</timestamp>
			</report>
			<report>
				<misses>9720001</misses>
				<total>32</total>
				<timestamp>3301.496062</timestamp>
			</report>
			<report>
				<misses>9721001</misses>
				<total>32</total>
				<timestamp>3301.835723</timestamp>
			</report>
			<report>
				<misses>9722001</misses>
				<total>32</total>
				<timestamp>3302.175405</timestamp>
			</report>
			<report>
				<misses>9723001</misses>
				<total>32</total>
				<timestamp>3302.515067</timestamp>
			</report>
			<report>
				<misses>9724001</misses>
				<total>32</total>
				<timestamp>3302.854704</timestamp>
			</report>
			<report>
				<misses>9725001</misses>
				<total>32</total>
				<timestamp>3303.194420</timestamp>
			</report>
			<report>
				<misses>9726001</misses>
				<total>32</total>
				<timestamp>3303.534020</timestamp>
			</report>
			<report>
				<misses>9727001</misses>
				<total>32</total>
				<timestamp>3303.873675</timestamp>
			</report>
			<report>
				<misses>9728001</misses>
				<total>32</total>
				<timestamp>3304.213386</timestamp>
			</report>
			<report>
				<misses>9729001</misses>
				<total>32</total>
				<timestamp>3304.553079</timestamp>
			</report>
			<report>
				<misses>9730001</misses>
				<total>32</total>
				<timestamp>3304.892665</timestamp>
			</report>
			<report>
				<misses>9731001</misses>
				<total>32</total>
				<timestamp>3305.232364</timestamp>
			</report>
			<report>
				<misses>9732001</misses>
				<total>32</total>
				<timestamp>3305.571985</timestamp>
			</report>
			<report>
				<misses>9733001</misses>
				<total>32</total>
				<timestamp>3305.911638</timestamp>
			</report>
			<report>
				<misses>9734001</misses>
				<total>31</total>
				<timestamp>3306.251369</timestamp>
			</report>
			<report>
				<misses>9735001</misses>
				<total>32</total>
				<timestamp>3306.590968</timestamp>
			</report>
			<report>
				<misses>9736001</misses>
				<total>32</total>
				<timestamp>3306.930616</timestamp>
			</report>
			<report>
				<misses>9737001</misses>
				<total>32</total>
				<timestamp>3307.270326</timestamp>
			</report>
			<report>
				<misses>9738001</misses>
				<total>32</total>
				<timestamp>3307.609934</timestamp>
			</report>
			<report>
				<misses>9739001</misses>
				<total>31</total>
				<timestamp>3307.949693</timestamp>
			</report>
			<report>
				<misses>9740001</misses>
				<total>32</total>
				<timestamp>3308.289330</timestamp>
			</report>
			<report>
				<misses>9741001</misses>
				<total>32</total>
				<timestamp>3308.628917</timestamp>
			</report>
			<report>
				<misses>9742001</misses>
				<total>32</total>
				<timestamp>3308.968586</timestamp>
			</report>
			<report>
				<misses>9743001</misses>
				<total>31</total>
				<timestamp>3309.308370</timestamp>
			</report>
			<report>
				<misses>9744001</misses>
				<total>32</total>
				<timestamp>3309.647895</timestamp>
			</report>
			<report>
				<misses>9745001</misses>
				<total>32</total>
				<timestamp>3309.987548</timestamp>
			</report>
			<report>
				<misses>9746001</misses>
				<total>32</total>
				<timestamp>3310.327237</timestamp>
			</report>
			<report>
				<misses>9747001</misses>
				<total>32</total>
				<timestamp>3310.666888</timestamp>
			</report>
			<report>
				<misses>9748001</misses>
				<total>32</total>
				<timestamp>3311.006562</timestamp>
			</report>
			<report>
				<misses>9749001</misses>
				<total>31</total>
				<timestamp>3311.346374</timestamp>
			</report>
			<report>
				<misses>9750001</misses>
				<total>32</total>
				<timestamp>3311.685860</timestamp>
			</report>
			<report>
				<misses>9751001</misses>
				<total>32</total>
				<timestamp>3312.025518</timestamp>
			</report>
			<report>
				<misses>9752001</misses>
				<total>32</total>
				<timestamp>3312.365228</timestamp>
			</report>
			<report>
				<misses>9753001</misses>
				<total>32</total>
				<timestamp>3312.704852</timestamp>
			</report>
			<report>
				<misses>9754001</misses>
				<total>32</total>
				<timestamp>3313.044524</timestamp>
			</report>
			<report>
				<misses>9755001</misses>
				<total>31</total>
				<timestamp>3313.384269</timestamp>
			</report>
			<report>
				<misses>9756001</misses>
				<total>32</total>
				<timestamp>3313.723818</timestamp>
			</report>
			<report>
				<misses>9757001</misses>
				<total>32</total>
				<timestamp>3314.063467</timestamp>
			</report>
			<report>
				<misses>9758001</misses>
				<total>32</total>
				<timestamp>3314.403235</timestamp>
			</report>
			<report>
				<misses>9759001</misses>
				<total>32</total>
				<timestamp>3314.742787</timestamp>
			</report>
			<report>
				<misses>9760001</misses>
				<total>32</total>
				<timestamp>3315.082469</timestamp>
			</report>
			<report>
				<misses>9761001</misses>
				<total>32</total>
				<timestamp>3315.422202</timestamp>
			</report>
			<report>
				<misses>9762001</misses>
				<total>32</total>
				<timestamp>3315.761779</timestamp>
			</report>
			<report>
				<misses>9763001</misses>
				<total>32</total>
				<timestamp>3316.101455</timestamp>
			</report>
			<report>
				<misses>9764001</misses>
				<total>31</total>
				<timestamp>3316.441190</timestamp>
			</report>
			<report>
				<misses>9765001</misses>
				<total>32</total>
				<timestamp>3316.780754</timestamp>
			</report>
			<report>
				<misses>9766001</misses>
				<total>32</total>
				<timestamp>3317.120431</timestamp>
			</report>
			<report>
				<misses>9767001</misses>
				<total>31</total>
				<timestamp>3317.460183</timestamp>
			</report>
			<report>
				<misses>9768001</misses>
				<total>32</total>
				<timestamp>3317.799737</timestamp>
			</report>
			<report>
				<misses>9769001</misses>
				<total>32</total>
				<timestamp>3318.139444</timestamp>
			</report>
			<report>
				<misses>9770001</misses>
				<total>32</total>
				<timestamp>3318.479076</timestamp>
			</report>
			<report>
				<misses>9771001</misses>
				<total>32</total>
				<timestamp>3318.818728</timestamp>
			</report>
			<report>
				<misses>9772001</misses>
				<total>32</total>
				<timestamp>3319.158443</timestamp>
			</report>
			<report>
				<misses>9773001</misses>
				<total>31</total>
				<timestamp>3319.498191</timestamp>
			</report>
			<report>
				<misses>9774001</misses>
				<total>32</total>
				<timestamp>3319.837705</timestamp>
			</report>
			<report>
				<misses>9775001</misses>
				<total>32</total>
				<timestamp>3320.177397</timestamp>
			</report>
			<report>
				<misses>9776001</misses>
				<total>32</total>
				<timestamp>3320.517020</timestamp>
			</report>
			<report>
				<misses>9777001</misses>
				<total>32</total>
				<timestamp>3320.856666</timestamp>
			</report>
			<report>
				<misses>9778001</misses>
				<total>32</total>
				<timestamp>3321.196368</timestamp>
			</report>
			<report>
				<misses>9779001</misses>
				<total>32</total>
				<timestamp>3321.535996</timestamp>
			</report>
			<report>
				<misses>9780001</misses>
				<total>32</total>
				<timestamp>3321.875656</timestamp>
			</report>
			<report>
				<misses>9781001</misses>
				<total>32</total>
				<timestamp>3322.215396</timestamp>
			</report>
			<report>
				<misses>9782001</misses>
				<total>32</total>
				<timestamp>3322.554976</timestamp>
			</report>
			<report>
				<misses>9783001</misses>
				<total>32</total>
				<timestamp>3322.894637</timestamp>
			</report>
			<report>
				<misses>9784001</misses>
				<total>31</total>
				<timestamp>3323.234402</timestamp>
			</report>
			<report>
				<misses>9785001</misses>
				<total>32</total>
				<timestamp>3323.573963</timestamp>
			</report>
			<report>
				<misses>9786001</misses>
				<total>32</total>
				<timestamp>3323.913617</timestamp>
			</report>
			<report>
				<misses>9787001</misses>
				<total>31</total>
				<timestamp>3324.253371</timestamp>
			</report>
			<report>
				<misses>9788001</misses>
				<total>32</total>
				<timestamp>3324.592936</timestamp>
			</report>
			<report>
				<misses>9789001</misses>
				<total>32</total>
				<timestamp>3324.932597</timestamp>
			</report>
			<report>
				<misses>9790001</misses>
				<total>32</total>
				<timestamp>3325.272279</timestamp>
			</report>
			<report>
				<misses>9791001</misses>
				<total>32</total>
				<timestamp>3325.611938</timestamp>
			</report>
			<report>
				<misses>9792001</misses>
				<total>32</total>
				<timestamp>3325.951584</timestamp>
			</report>
			<report>
				<misses>9793001</misses>
				<total>31</total>
				<timestamp>3326.291373</timestamp>
			</report>
			<report>
				<misses>9794001</misses>
				<total>32</total>
				<timestamp>3326.630949</timestamp>
			</report>
			<report>
				<misses>9795001</misses>
				<total>32</total>
				<timestamp>3326.970544</timestamp>
			</report>
			<report>
				<misses>9796001</misses>
				<total>32</total>
				<timestamp>3327.310271</timestamp>
			</report>
			<report>
				<misses>9797001</misses>
				<total>32</total>
				<timestamp>3327.649914</timestamp>
			</report>
			<report>
				<misses>9798001</misses>
				<total>32</total>
				<timestamp>3327.989579</timestamp>
			</report>
			<report>
				<misses>9799001</misses>
				<total>32</total>
				<timestamp>3328.329247</timestamp>
			</report>
			<report>
				<misses>9800001</misses>
				<total>32</total>
				<timestamp>3328.668867</timestamp>
			</report>
			<report>
				<misses>9801001</misses>
				<total>32</total>
				<timestamp>3329.008521</timestamp>
			</report>
			<report>
				<misses>9802001</misses>
				<total>32</total>
				<timestamp>3329.348206</timestamp>
			</report>
			<report>
				<misses>9803001</misses>
				<total>32</total>
				<timestamp>3329.687849</timestamp>
			</report>
			<report>
				<misses>9804001</misses>
				<total>32</total>
				<timestamp>3330.027506</timestamp>
			</report>
			<report>
				<misses>9805001</misses>
				<total>31</total>
				<timestamp>3330.367235</timestamp>
			</report>
			<report>
				<misses>9806001</misses>
				<total>32</total>
				<timestamp>3330.706809</timestamp>
			</report>
			<report>
				<misses>9807001</misses>
				<total>32</total>
				<timestamp>3331.046489</timestamp>
			</report>
			<report>
				<misses>9808001</misses>
				<total>31</total>
				<timestamp>3331.386235</timestamp>
			</report>
			<report>
				<misses>9809001</misses>
				<total>32</total>
				<timestamp>3331.725805</timestamp>
			</report>
			<report>
				<misses>9810001</misses>
				<total>32</total>
				<timestamp>3332.065460</timestamp>
			</report>
			<report>
				<misses>9811001</misses>
				<total>31</total>
				<timestamp>3332.405213</timestamp>
			</report>
			<report>
				<misses>9812001</misses>
				<total>32</total>
				<timestamp>3332.744781</timestamp>
			</report>
			<report>
				<misses>9813001</misses>
				<total>32</total>
				<timestamp>3333.084448</timestamp>
			</report>
			<report>
				<misses>9814001</misses>
				<total>32</total>
				<timestamp>3333.424138</timestamp>
			</report>
			<report>
				<misses>9815001</misses>
				<total>32</total>
				<timestamp>3333.763766</timestamp>
			</report>
			<report>
				<misses>9816001</misses>
				<total>32</total>
				<timestamp>3334.103432</timestamp>
			</report>
			<report>
				<misses>9817001</misses>
				<total>31</total>
				<timestamp>3334.443173</timestamp>
			</report>
			<report>
				<misses>9818001</misses>
				<total>32</total>
				<timestamp>3334.782756</timestamp>
			</report>
			<report>
				<misses>9819001</misses>
				<total>32</total>
				<timestamp>3335.122428</timestamp>
			</report>
			<report>
				<misses>9820001</misses>
				<total>32</total>
				<timestamp>3335.462075</timestamp>
			</report>
			<report>
				<misses>9821001</misses>
				<total>32</total>
				<timestamp>3335.801738</timestamp>
			</report>
			<report>
				<misses>9822001</misses>
				<total>32</total>
				<timestamp>3336.141395</timestamp>
			</report>
			<report>
				<misses>9823001</misses>
				<total>32</total>
				<timestamp>3336.481061</timestamp>
			</report>
			<report>
				<misses>9824001</misses>
				<total>32</total>
				<timestamp>3336.820724</timestamp>
			</report>
			<report>
				<misses>9825001</misses>
				<total>32</total>
				<timestamp>3337.160372</timestamp>
			</report>
			<report>
				<misses>9826001</misses>
				<total>32</total>
				<timestamp>3337.500024</timestamp>
			</report>
			<report>
				<misses>9827001</misses>
				<total>32</total>
				<timestamp>3337.839695</timestamp>
			</report>
			<report>
				<misses>9828001</misses>
				<total>32</total>
				<timestamp>3338.179358</timestamp>
			</report>
			<report>
				<misses>9829001</misses>
				<total>32</total>
				<timestamp>3338.519091</timestamp>
			</report>
			<report>
				<misses>9830001</misses>
				<total>32</total>
				<timestamp>3338.858662</timestamp>
			</report>
			<report>
				<misses>9831001</misses>
				<total>32</total>
				<timestamp>3339.198364</timestamp>
			</report>
			<report>
				<misses>9832001</misses>
				<total>32</total>
				<timestamp>3339.538061</timestamp>
			</report>
			<report>
				<misses>9833001</misses>
				<total>32</total>
				<timestamp>3339.877651</timestamp>
			</report>
			<report>
				<misses>9834001</misses>
				<total>32</total>
				<timestamp>3340.217350</timestamp>
			</report>
			<report>
				<misses>9835001</misses>
				<total>32</total>
				<timestamp>3340.557059</timestamp>
			</report>
			<report>
				<misses>9836001</misses>
				<total>32</total>
				<timestamp>3340.896607</timestamp>
			</report>
			<report>
				<misses>9837001</misses>
				<total>32</total>
				<timestamp>3341.236291</timestamp>
			</report>
			<report>
				<misses>9838001</misses>
				<total>31</total>
				<timestamp>3341.576059</timestamp>
			</report>
			<report>
				<misses>9839001</misses>
				<total>32</total>
				<timestamp>3341.915619</timestamp>
			</report>
			<report>
				<misses>9840001</misses>
				<total>32</total>
				<timestamp>3342.255274</timestamp>
			</report>
			<report>
				<misses>9841001</misses>
				<total>31</total>
				<timestamp>3342.595034</timestamp>
			</report>
			<report>
				<misses>9842001</misses>
				<total>32</total>
				<timestamp>3342.934579</timestamp>
			</report>
			<report>
				<misses>9843001</misses>
				<total>32</total>
				<timestamp>3343.274272</timestamp>
			</report>
			<report>
				<misses>9844001</misses>
				<total>31</total>
				<timestamp>3343.614025</timestamp>
			</report>
			<report>
				<misses>9845001</misses>
				<total>32</total>
				<timestamp>3343.953557</timestamp>
			</report>
			<report>
				<misses>9846001</misses>
				<total>32</total>
				<timestamp>3344.293261</timestamp>
			</report>
			<report>
				<misses>9847001</misses>
				<total>31</total>
				<timestamp>3344.633035</timestamp>
			</report>
			<report>
				<misses>9848001</misses>
				<total>32</total>
				<timestamp>3344.972569</timestamp>
			</report>
			<report>
				<misses>9849001</misses>
				<total>32</total>
				<timestamp>3345.312235</timestamp>
			</report>
			<report>
				<misses>9850001</misses>
				<total>32</total>
				<timestamp>3345.651858</timestamp>
			</report>
			<report>
				<misses>9851001</misses>
				<total>32</total>
				<timestamp>3345.991518</timestamp>
			</report>
			<report>
				<misses>9852001</misses>
				<total>32</total>
				<timestamp>3346.331246</timestamp>
			</report>
			<report>
				<misses>9853001</misses>
				<total>32</total>
				<timestamp>3346.670845</timestamp>
			</report>
			<report>
				<misses>9854001</misses>
				<total>32</total>
				<timestamp>3347.010517</timestamp>
			</report>
			<report>
				<misses>9855001</misses>
				<total>32</total>
				<timestamp>3347.350235</timestamp>
			</report>
			<report>
				<misses>9856001</misses>
				<total>32</total>
				<timestamp>3347.689810</timestamp>
			</report>
			<report>
				<misses>9857001</misses>
				<total>32</total>
				<timestamp>3348.029483</timestamp>
			</report>
			<report>
				<misses>9858001</misses>
				<total>32</total>
				<timestamp>3348.369217</timestamp>
			</report>
			<report>
				<misses>9859001</misses>
				<total>32</total>
				<timestamp>3348.708795</timestamp>
			</report>
			<report>
				<misses>9860001</misses>
				<total>32</total>
				<timestamp>3349.048465</timestamp>
			</report>
			<report>
				<misses>9861001</misses>
				<total>31</total>
				<timestamp>3349.388218</timestamp>
			</report>
			<report>
				<misses>9862001</misses>
				<total>32</total>
				<timestamp>3349.727786</timestamp>
			</report>
			<report>
				<misses>9863001</misses>
				<total>32</total>
				<timestamp>3350.067440</timestamp>
			</report>
			<report>
				<misses>9864001</misses>
				<total>31</total>
				<timestamp>3350.407216</timestamp>
			</report>
			<report>
				<misses>9865001</misses>
				<total>32</total>
				<timestamp>3350.746763</timestamp>
			</report>
			<report>
				<misses>9866001</misses>
				<total>32</total>
				<timestamp>3351.086423</timestamp>
			</report>
			<report>
				<misses>9867001</misses>
				<total>31</total>
				<timestamp>3351.426202</timestamp>
			</report>
			<report>
				<misses>9868001</misses>
				<total>32</total>
				<timestamp>3351.765753</timestamp>
			</report>
			<report>
				<misses>9869001</misses>
				<total>32</total>
				<timestamp>3352.105399</timestamp>
			</report>
			<report>
				<misses>9870001</misses>
				<total>32</total>
				<timestamp>3352.445074</timestamp>
			</report>
			<report>
				<misses>9871001</misses>
				<total>32</total>
				<timestamp>3352.784707</timestamp>
			</report>
			<report>
				<misses>9872001</misses>
				<total>32</total>
				<timestamp>3353.124395</timestamp>
			</report>
			<report>
				<misses>9873001</misses>
				<total>32</total>
				<timestamp>3353.464080</timestamp>
			</report>
			<report>
				<misses>9874001</misses>
				<total>32</total>
				<timestamp>3353.803704</timestamp>
			</report>
			<report>
				<misses>9875001</misses>
				<total>32</total>
				<timestamp>3354.143381</timestamp>
			</report>
			<report>
				<misses>9876001</misses>
				<total>32</total>
				<timestamp>3354.483155</timestamp>
			</report>
			<report>
				<misses>9877001</misses>
				<total>32</total>
				<timestamp>3354.822679</timestamp>
			</report>
			<report>
				<misses>9878001</misses>
				<total>32</total>
				<timestamp>3355.162355</timestamp>
			</report>
			<report>
				<misses>9879001</misses>
				<total>32</total>
				<timestamp>3355.502047</timestamp>
			</report>
			<report>
				<misses>9880001</misses>
				<total>32</total>
				<timestamp>3355.841646</timestamp>
			</report>
			<report>
				<misses>9881001</misses>
				<total>32</total>
				<timestamp>3356.181305</timestamp>
			</report>
			<report>
				<misses>9882001</misses>
				<total>31</total>
				<timestamp>3356.521067</timestamp>
			</report>
			<report>
				<misses>9883001</misses>
				<total>32</total>
				<timestamp>3356.860671</timestamp>
			</report>
			<report>
				<misses>9884001</misses>
				<total>32</total>
				<timestamp>3357.200313</timestamp>
			</report>
			<report>
				<misses>9885001</misses>
				<total>32</total>
				<timestamp>3357.539973</timestamp>
			</report>
			<report>
				<misses>9886001</misses>
				<total>32</total>
				<timestamp>3357.879664</timestamp>
			</report>
			<report>
				<misses>9887001</misses>
				<total>34</total>
				<timestamp>3358.219292</timestamp>
			</report>
			<report>
				<misses>9888001</misses>
				<total>34</total>
				<timestamp>3358.558939</timestamp>
			</report>
			<report>
				<misses>9889001</misses>
				<total>34</total>
				<timestamp>3358.898599</timestamp>
			</report>
			<report>
				<misses>9890001</misses>
				<total>34</total>
				<timestamp>3359.238281</timestamp>
			</report>
			<report>
				<misses>9891001</misses>
				<total>34</total>
				<timestamp>3359.577935</timestamp>
			</report>
			<report>
				<misses>9892001</misses>
				<total>34</total>
				<timestamp>3359.917578</timestamp>
			</report>
			<report>
				<misses>9893001</misses>
				<total>34</total>
				<timestamp>3360.257256</timestamp>
			</report>
			<report>
				<misses>9894001</misses>
				<total>34</total>
				<timestamp>3360.596918</timestamp>
			</report>
			<report>
				<misses>9895001</misses>
				<total>34</total>
				<timestamp>3360.936561</timestamp>
			</report>
			<report>
				<misses>9896001</misses>
				<total>34</total>
				<timestamp>3361.276237</timestamp>
			</report>
			<report>
				<misses>9897001</misses>
				<total>34</total>
				<timestamp>3361.615932</timestamp>
			</report>
			<report>
				<misses>9898001</misses>
				<total>34</total>
				<timestamp>3361.955543</timestamp>
			</report>
			<report>
				<misses>9899001</misses>
				<total>34</total>
				<timestamp>3362.295198</timestamp>
			</report>
			<report>
				<misses>9900001</misses>
				<total>34</total>
				<timestamp>3362.634918</timestamp>
			</report>
			<report>
				<misses>9901001</misses>
				<total>34</total>
				<timestamp>3362.974528</timestamp>
			</report>
			<report>
				<misses>9902001</misses>
				<total>34</total>
				<timestamp>3363.314176</timestamp>
			</report>
			<report>
				<misses>9903001</misses>
				<total>34</total>
				<timestamp>3363.653897</timestamp>
			</report>
			<report>
				<misses>9904001</misses>
				<total>34</total>
				<timestamp>3363.993498</timestamp>
			</report>
			<report>
				<misses>9905001</misses>
				<total>34</total>
				<timestamp>3364.333148</timestamp>
			</report>
			<report>
				<misses>9906001</misses>
				<total>34</total>
				<timestamp>3364.672904</timestamp>
			</report>
			<report>
				<misses>9907001</misses>
				<total>34</total>
				<timestamp>3365.012498</timestamp>
			</report>
			<report>
				<misses>9908001</misses>
				<total>34</total>
				<timestamp>3365.352137</timestamp>
			</report>
			<report>
				<misses>9909001</misses>
				<total>33</total>
				<timestamp>3365.691906</timestamp>
			</report>
			<report>
				<misses>9910001</misses>
				<total>34</total>
				<timestamp>3366.031454</timestamp>
			</report>
			<report>
				<misses>9911001</misses>
				<total>34</total>
				<timestamp>3366.371122</timestamp>
			</report>
			<report>
				<misses>9912001</misses>
				<total>33</total>
				<timestamp>3366.710900</timestamp>
			</report>
			<report>
				<misses>9913001</misses>
				<total>34</total>
				<timestamp>3367.050433</timestamp>
			</report>
			<report>
				<misses>9914001</misses>
				<total>34</total>
				<timestamp>3367.390128</timestamp>
			</report>
			<report>
				<misses>9915001</misses>
				<total>33</total>
				<timestamp>3367.729867</timestamp>
			</report>
			<report>
				<misses>9916001</misses>
				<total>34</total>
				<timestamp>3368.069430</timestamp>
			</report>
			<report>
				<misses>9917001</misses>
				<total>34</total>
				<timestamp>3368.409098</timestamp>
			</report>
			<report>
				<misses>9918001</misses>
				<total>33</total>
				<timestamp>3368.748874</timestamp>
			</report>
			<report>
				<misses>9919001</misses>
				<total>34</total>
				<timestamp>3369.088390</timestamp>
			</report>
			<report>
				<misses>9920001</misses>
				<total>34</total>
				<timestamp>3369.428087</timestamp>
			</report>
			<report>
				<misses>9921001</misses>
				<total>33</total>
				<timestamp>3369.767855</timestamp>
			</report>
			<report>
				<misses>9922001</misses>
				<total>34</total>
				<timestamp>3370.107363</timestamp>
			</report>
			<report>
				<misses>9923001</misses>
				<total>34</total>
				<timestamp>3370.447058</timestamp>
			</report>
			<report>
				<misses>9924001</misses>
				<total>34</total>
				<timestamp>3370.786718</timestamp>
			</report>
			<report>
				<misses>9925001</misses>
				<total>34</total>
				<timestamp>3371.126363</timestamp>
			</report>
			<report>
				<misses>9926001</misses>
				<total>34</total>
				<timestamp>3371.466075</timestamp>
			</report>
			<report>
				<misses>9927001</misses>
				<total>34</total>
				<timestamp>3371.805694</timestamp>
			</report>
			<report>
				<misses>9928001</misses>
				<total>34</total>
				<timestamp>3372.145333</timestamp>
			</report>
			<report>
				<misses>9929001</misses>
				<total>34</total>
				<timestamp>3372.485032</timestamp>
			</report>
			<report>
				<misses>9930001</misses>
				<total>34</total>
				<timestamp>3372.824646</timestamp>
			</report>
			<report>
				<misses>9931001</misses>
				<total>34</total>
				<timestamp>3373.164323</timestamp>
			</report>
			<report>
				<misses>9932001</misses>
				<total>33</total>
				<timestamp>3373.504065</timestamp>
			</report>
			<report>
				<misses>9933001</misses>
				<total>34</total>
				<timestamp>3373.843659</timestamp>
			</report>
			<report>
				<misses>9934001</misses>
				<total>34</total>
				<timestamp>3374.183303</timestamp>
			</report>
			<report>
				<misses>9935001</misses>
				<total>33</total>
				<timestamp>3374.523063</timestamp>
			</report>
			<report>
				<misses>9936001</misses>
				<total>34</total>
				<timestamp>3374.862619</timestamp>
			</report>
			<report>
				<misses>9937001</misses>
				<total>34</total>
				<timestamp>3375.202306</timestamp>
			</report>
			<report>
				<misses>9938001</misses>
				<total>33</total>
				<timestamp>3375.542062</timestamp>
			</report>
			<report>
				<misses>9939001</misses>
				<total>34</total>
				<timestamp>3375.881597</timestamp>
			</report>
			<report>
				<misses>9940001</misses>
				<total>34</total>
				<timestamp>3376.221296</timestamp>
			</report>
			<report>
				<misses>9941001</misses>
				<total>34</total>
				<timestamp>3376.561005</timestamp>
			</report>
			<report>
				<misses>9942001</misses>
				<total>34</total>
				<timestamp>3376.900579</timestamp>
			</report>
			<report>
				<misses>9943001</misses>
				<total>34</total>
				<timestamp>3377.240275</timestamp>
			</report>
			<report>
				<misses>9944001</misses>
				<total>34</total>
				<timestamp>3377.579928</timestamp>
			</report>
			<report>
				<misses>9945001</misses>
				<total>34</total>
				<timestamp>3377.919563</timestamp>
			</report>
			<report>
				<misses>9946001</misses>
				<total>34</total>
				<timestamp>3378.259219</timestamp>
			</report>
			<report>
				<misses>9947001</misses>
				<total>34</total>
				<timestamp>3378.598905</timestamp>
			</report>
			<report>
				<misses>9948001</misses>
				<total>34</total>
				<timestamp>3378.938529</timestamp>
			</report>
			<report>
				<misses>9949001</misses>
				<total>34</total>
				<timestamp>3379.278199</timestamp>
			</report>
			<report>
				<misses>9950001</misses>
				<total>34</total>
				<timestamp>3379.617907</timestamp>
			</report>
			<report>
				<misses>9951001</misses>
				<total>34</total>
				<timestamp>3379.957529</timestamp>
			</report>
			<report>
				<misses>9952001</misses>
				<total>34</total>
				<timestamp>3380.297173</timestamp>
			</report>
			<report>
				<misses>9953001</misses>
				<total>34</total>
				<timestamp>3380.636900</timestamp>
			</report>
			<report>
				<misses>9954001</misses>
				<total>34</total>
				<timestamp>3380.976508</timestamp>
			</report>
			<report>
				<misses>9955001</misses>
				<total>34</total>
				<timestamp>3381.316160</timestamp>
			</report>
			<report>
				<misses>9956001</misses>
				<total>33</total>
				<timestamp>3381.655909</timestamp>
			</report>
			<report>
				<misses>9957001</misses>
				<total>34</total>
				<timestamp>3381.995497</timestamp>
			</report>
			<report>
				<misses>9958001</misses>
				<total>34</total>
				<timestamp>3382.335143</timestamp>
			</report>
			<report>
				<misses>9959001</misses>
				<total>33</total>
				<timestamp>3382.674905</timestamp>
			</report>
			<report>
				<misses>9960001</misses>
				<total>34</total>
				<timestamp>3383.014483</timestamp>
			</report>
			<report>
				<misses>9961001</misses>
				<total>34</total>
				<timestamp>3383.354119</timestamp>
			</report>
			<report>
				<misses>9962001</misses>
				<total>33</total>
				<timestamp>3383.693891</timestamp>
			</report>
			<report>
				<misses>9963001</misses>
				<total>34</total>
				<timestamp>3384.033469</timestamp>
			</report>
			<report>
				<misses>9964001</misses>
				<total>34</total>
				<timestamp>3384.373095</timestamp>
			</report>
			<report>
				<misses>9965001</misses>
				<total>34</total>
				<timestamp>3384.712784</timestamp>
			</report>
			<report>
				<misses>9966001</misses>
				<total>34</total>
				<timestamp>3385.052551</timestamp>
			</report>
			<report>
				<misses>9967001</misses>
				<total>34</total>
				<timestamp>3385.392083</timestamp>
			</report>
			<report>
				<misses>9968001</misses>
				<total>34</total>
				<timestamp>3385.731863</timestamp>
			</report>
			<report>
				<misses>9969001</misses>
				<total>34</total>
				<timestamp>3386.071522</timestamp>
			</report>
			<report>
				<misses>9970001</misses>
				<total>34</total>
				<timestamp>3386.411190</timestamp>
			</report>
			<report>
				<misses>9971001</misses>
				<total>34</total>
				<timestamp>3386.750846</timestamp>
			</report>
			<report>
				<misses>9972001</misses>
				<total>34</total>
				<timestamp>3387.090504</timestamp>
			</report>
			<report>
				<misses>9973001</misses>
				<total>34</total>
				<timestamp>3387.430170</timestamp>
			</report>
			<report>
				<misses>9974001</misses>
				<total>34</total>
				<timestamp>3387.769819</timestamp>
			</report>
			<report>
				<misses>9975001</misses>
				<total>34</total>
				<timestamp>3388.109485</timestamp>
			</report>
			<report>
				<misses>9976001</misses>
				<total>34</total>
				<timestamp>3388.449144</timestamp>
			</report>
			<report>
				<misses>9977001</misses>
				<total>34</total>
				<timestamp>3388.788801</timestamp>
			</report>
			<report>
				<misses>9978001</misses>
				<total>34</total>
				<timestamp>3389.128466</timestamp>
			</report>
			<report>
				<misses>9979001</misses>
				<total>34</total>
				<timestamp>3389.468129</timestamp>
			</report>
			<report>
				<misses>9980001</misses>
				<total>34</total>
				<timestamp>3389.807783</timestamp>
			</report>
			<report>
				<misses>9981001</misses>
				<total>34</total>
				<timestamp>3390.147443</timestamp>
			</report>
			<report>
				<misses>9982001</misses>
				<total>34</total>
				<timestamp>3390.486980</timestamp>
			</report>
			<report>
				<misses>9983001</misses>
				<total>33</total>
				<timestamp>3390.826762</timestamp>
			</report>
			<report>
				<misses>9984001</misses>
				<total>34</total>
				<timestamp>3391.166438</timestamp>
			</report>
			<report>
				<misses>9985001</misses>
				<total>34</total>
				<timestamp>3391.506089</timestamp>
			</report>
			<report>
				<misses>9986001</misses>
				<total>33</total>
				<timestamp>3391.845740</timestamp>
			</report>
			<report>
				<misses>9987001</misses>
				<total>34</total>
				<timestamp>3392.185404</timestamp>
			</report>
			<report>
				<misses>9988001</misses>
				<total>34</total>
				<timestamp>3392.525070</timestamp>
			</report>
			<report>
				<misses>9989001</misses>
				<total>33</total>
				<timestamp>3392.864724</timestamp>
			</report>
			<report>
				<misses>9990001</misses>
				<total>34</total>
				<timestamp>3393.204386</timestamp>
			</report>
			<report>
				<misses>9991001</misses>
				<total>34</total>
				<timestamp>3393.544043</timestamp>
			</report>
			<report>
				<misses>9992001</misses>
				<total>33</total>
				<timestamp>3393.883759</timestamp>
			</report>
			<report>
				<misses>9993001</misses>
				<total>34</total>
				<timestamp>3394.223367</timestamp>
			</report>
			<report>
				<misses>9994001</misses>
				<total>34</total>
				<timestamp>3394.563025</timestamp>
			</report>
			<report>
				<misses>9995001</misses>
				<total>33</total>
				<timestamp>3394.902699</timestamp>
			</report>
			<report>
				<misses>9996001</misses>
				<total>34</total>
				<timestamp>3395.242226</timestamp>
			</report>
			<report>
				<misses>9997001</misses>
				<total>34</total>
				<timestamp>3395.582002</timestamp>
			</report>
			<report>
				<misses>9998001</misses>
				<total>34</total>
				<timestamp>3395.921669</timestamp>
			</report>
			<report>
				<misses>9999001</misses>
				<total>34</total>
				<timestamp>3396.261323</timestamp>
			</report>
			<report>
				<misses>10000001</misses>
				<total>33</total>
				<timestamp>3396.600989</timestamp>
			</report>
			<report>
				<misses>10001001</misses>
				<total>34</total>
				<timestamp>3396.940641</timestamp>
			</report>
			<report>
				<misses>10002001</misses>
				<total>34</total>
				<timestamp>3397.280304</timestamp>
			</report>
			<report>
				<misses>10003001</misses>
				<total>33</total>
				<timestamp>3397.619964</timestamp>
			</report>
			<report>
				<misses>10004001</misses>
				<total>34</total>
				<timestamp>3397.959510</timestamp>
			</report>
			<report>
				<misses>10005001</misses>
				<total>34</total>
				<timestamp>3398.299287</timestamp>
			</report>
			<report>
				<misses>10006001</misses>
				<total>33</total>
				<timestamp>3398.638957</timestamp>
			</report>
			<report>
				<misses>10007001</misses>
				<total>34</total>
				<timestamp>3398.978486</timestamp>
			</report>
			<report>
				<misses>10008001</misses>
				<total>34</total>
				<timestamp>3399.318269</timestamp>
			</report>
			<report>
				<misses>10009001</misses>
				<total>33</total>
				<timestamp>3399.657926</timestamp>
			</report>
			<report>
				<misses>10010001</misses>
				<total>34</total>
				<timestamp>3399.997469</timestamp>
			</report>
			<report>
				<misses>10011001</misses>
				<total>34</total>
				<timestamp>3400.337127</timestamp>
			</report>
			<report>
				<misses>10012001</misses>
				<total>34</total>
				<timestamp>3400.676783</timestamp>
			</report>
			<report>
				<misses>10013001</misses>
				<total>34</total>
				<timestamp>3401.016566</timestamp>
			</report>
			<report>
				<misses>10014001</misses>
				<total>34</total>
				<timestamp>3401.356225</timestamp>
			</report>
			<report>
				<misses>10015001</misses>
				<total>34</total>
				<timestamp>3401.695887</timestamp>
			</report>
			<report>
				<misses>10016001</misses>
				<total>34</total>
				<timestamp>3402.035433</timestamp>
			</report>
			<report>
				<misses>10017001</misses>
				<total>34</total>
				<timestamp>3402.375083</timestamp>
			</report>
			<report>
				<misses>10018001</misses>
				<total>34</total>
				<timestamp>3402.714866</timestamp>
			</report>
			<report>
				<misses>10019001</misses>
				<total>34</total>
				<timestamp>3403.054399</timestamp>
			</report>
			<report>
				<misses>10020001</misses>
				<total>34</total>
				<timestamp>3403.394073</timestamp>
			</report>
			<report>
				<misses>10021001</misses>
				<total>34</total>
				<timestamp>3403.733719</timestamp>
			</report>
			<report>
				<misses>10022001</misses>
				<total>34</total>
				<timestamp>3404.073504</timestamp>
			</report>
			<report>
				<misses>10023001</misses>
				<total>34</total>
				<timestamp>3404.413042</timestamp>
			</report>
			<report>
				<misses>10024001</misses>
				<total>34</total>
				<timestamp>3404.752825</timestamp>
			</report>
			<report>
				<misses>10025001</misses>
				<total>34</total>
				<timestamp>3405.092364</timestamp>
			</report>
			<report>
				<misses>10026001</misses>
				<total>34</total>
				<timestamp>3405.432021</timestamp>
			</report>
			<report>
				<misses>10027001</misses>
				<total>33</total>
				<timestamp>3405.771800</timestamp>
			</report>
			<report>
				<misses>10028001</misses>
				<total>34</total>
				<timestamp>3406.111341</timestamp>
			</report>
			<report>
				<misses>10029001</misses>
				<total>34</total>
				<timestamp>3406.451001</timestamp>
			</report>
			<report>
				<misses>10030001</misses>
				<total>34</total>
				<timestamp>3406.790784</timestamp>
			</report>
			<report>
				<misses>10031001</misses>
				<total>34</total>
				<timestamp>3407.130456</timestamp>
			</report>
			<report>
				<misses>10032001</misses>
				<total>34</total>
				<timestamp>3407.469986</timestamp>
			</report>
			<report>
				<misses>10033001</misses>
				<total>33</total>
				<timestamp>3407.809764</timestamp>
			</report>
			<report>
				<misses>10034001</misses>
				<total>34</total>
				<timestamp>3408.149428</timestamp>
			</report>
			<report>
				<misses>10035001</misses>
				<total>34</total>
				<timestamp>3408.489082</timestamp>
			</report>
			<report>
				<misses>10036001</misses>
				<total>34</total>
				<timestamp>3408.828751</timestamp>
			</report>
			<report>
				<misses>10037001</misses>
				<total>34</total>
				<timestamp>3409.168406</timestamp>
			</report>
			<report>
				<misses>10038001</misses>
				<total>34</total>
				<timestamp>3409.507939</timestamp>
			</report>
			<report>
				<misses>10039001</misses>
				<total>34</total>
				<timestamp>3409.847719</timestamp>
			</report>
			<report>
				<misses>10040001</misses>
				<total>34</total>
				<timestamp>3410.187385</timestamp>
			</report>
			<report>
				<misses>10041001</misses>
				<total>34</total>
				<timestamp>3410.526920</timestamp>
			</report>
			<report>
				<misses>10042001</misses>
				<total>34</total>
				<timestamp>3410.866709</timestamp>
			</report>
			<report>
				<misses>10043001</misses>
				<total>34</total>
				<timestamp>3411.206374</timestamp>
			</report>
			<report>
				<misses>10044001</misses>
				<total>34</total>
				<timestamp>3411.545898</timestamp>
			</report>
			<report>
				<misses>10045001</misses>
				<total>34</total>
				<timestamp>3411.885682</timestamp>
			</report>
			<report>
				<misses>10046001</misses>
				<total>34</total>
				<timestamp>3412.225224</timestamp>
			</report>
			<report>
				<misses>10047001</misses>
				<total>34</total>
				<timestamp>3412.565002</timestamp>
			</report>
			<report>
				<misses>10048001</misses>
				<total>34</total>
				<timestamp>3412.904667</timestamp>
			</report>
			<report>
				<misses>10049001</misses>
				<total>34</total>
				<timestamp>3413.244326</timestamp>
			</report>
			<report>
				<misses>10050001</misses>
				<total>34</total>
				<timestamp>3413.583858</timestamp>
			</report>
			<report>
				<misses>10051001</misses>
				<total>34</total>
				<timestamp>3413.923644</timestamp>
			</report>
			<report>
				<misses>10052001</misses>
				<total>34</total>
				<timestamp>3414.263308</timestamp>
			</report>
			<report>
				<misses>10053001</misses>
				<total>34</total>
				<timestamp>3414.602967</timestamp>
			</report>
			<report>
				<misses>10054001</misses>
				<total>33</total>
				<timestamp>3414.942630</timestamp>
			</report>
			<report>
				<misses>10055001</misses>
				<total>34</total>
				<timestamp>3415.282285</timestamp>
			</report>
			<report>
				<misses>10056001</misses>
				<total>34</total>
				<timestamp>3415.621825</timestamp>
			</report>
			<report>
				<misses>10057001</misses>
				<total>34</total>
				<timestamp>3415.961616</timestamp>
			</report>
			<report>
				<misses>10058001</misses>
				<total>34</total>
				<timestamp>3416.301269</timestamp>
			</report>
			<report>
				<misses>10059001</misses>
				<total>34</total>
				<timestamp>3416.640802</timestamp>
			</report>
			<report>
				<misses>10060001</misses>
				<total>34</total>
				<timestamp>3416.980585</timestamp>
			</report>
			<report>
				<misses>10061001</misses>
				<total>34</total>
				<timestamp>3417.320121</timestamp>
			</report>
			<report>
				<misses>10062001</misses>
				<total>34</total>
				<timestamp>3417.659793</timestamp>
			</report>
			<report>
				<misses>10063001</misses>
				<total>34</total>
				<timestamp>3417.999568</timestamp>
			</report>
			<report>
				<misses>10064001</misses>
				<total>34</total>
				<timestamp>3418.339227</timestamp>
			</report>
			<report>
				<misses>10065001</misses>
				<total>34</total>
				<timestamp>3418.678882</timestamp>
			</report>
			<report>
				<misses>10066001</misses>
				<total>34</total>
				<timestamp>3419.018549</timestamp>
			</report>
			<report>
				<misses>10067001</misses>
				<total>34</total>
				<timestamp>3419.358085</timestamp>
			</report>
			<report>
				<misses>10068001</misses>
				<total>34</total>
				<timestamp>3419.697862</timestamp>
			</report>
			<report>
				<misses>10069001</misses>
				<total>33</total>
				<timestamp>3420.037547</timestamp>
			</report>
			<report>
				<misses>10070001</misses>
				<total>34</total>
				<timestamp>3420.377186</timestamp>
			</report>
			<report>
				<misses>10071001</misses>
				<total>33</total>
				<timestamp>3420.716839</timestamp>
			</report>
			<report>
				<misses>10072001</misses>
				<total>34</total>
				<timestamp>3421.056388</timestamp>
			</report>
			<report>
				<misses>10073001</misses>
				<total>34</total>
				<timestamp>3421.396048</timestamp>
			</report>
			<report>
				<misses>10074001</misses>
				<total>33</total>
				<timestamp>3421.735824</timestamp>
			</report>
			<report>
				<misses>10075001</misses>
				<total>34</total>
				<timestamp>3422.075361</timestamp>
			</report>
			<report>
				<misses>10076001</misses>
				<total>34</total>
				<timestamp>3422.415021</timestamp>
			</report>
			<report>
				<misses>10077001</misses>
				<total>33</total>
				<timestamp>3422.754804</timestamp>
			</report>
			<report>
				<misses>10078001</misses>
				<total>34</total>
				<timestamp>3423.094466</timestamp>
			</report>
			<report>
				<misses>10079001</misses>
				<total>34</total>
				<timestamp>3423.433997</timestamp>
			</report>
			<report>
				<misses>10080001</misses>
				<total>34</total>
				<timestamp>3423.773790</timestamp>
			</report>
			<report>
				<misses>10081001</misses>
				<total>34</total>
				<timestamp>3424.113449</timestamp>
			</report>
			<report>
				<misses>10082001</misses>
				<total>34</total>
				<timestamp>3424.453104</timestamp>
			</report>
			<report>
				<misses>10083001</misses>
				<total>34</total>
				<timestamp>3424.792762</timestamp>
			</report>
			<report>
				<misses>10084001</misses>
				<total>34</total>
				<timestamp>3425.132299</timestamp>
			</report>
			<report>
				<misses>10085001</misses>
				<total>34</total>
				<timestamp>3425.472085</timestamp>
			</report>
			<report>
				<misses>10086001</misses>
				<total>34</total>
				<timestamp>3425.811743</timestamp>
			</report>
			<report>
				<misses>10087001</misses>
				<total>34</total>
				<timestamp>3426.151414</timestamp>
			</report>
			<report>
				<misses>10088001</misses>
				<total>34</total>
				<timestamp>3426.491068</timestamp>
			</report>
			<report>
				<misses>10089001</misses>
				<total>34</total>
				<timestamp>3426.830726</timestamp>
			</report>
			<report>
				<misses>10090001</misses>
				<total>34</total>
				<timestamp>3427.170391</timestamp>
			</report>
			<report>
				<misses>10091001</misses>
				<total>34</total>
				<timestamp>3427.509926</timestamp>
			</report>
			<report>
				<misses>10092001</misses>
				<total>34</total>
				<timestamp>3427.849652</timestamp>
			</report>
			<report>
				<misses>10093001</misses>
				<total>34</total>
				<timestamp>3428.189364</timestamp>
			</report>
			<report>
				<misses>10094001</misses>
				<total>34</total>
				<timestamp>3428.528896</timestamp>
			</report>
			<report>
				<misses>10095001</misses>
				<total>34</total>
				<timestamp>3428.868683</timestamp>
			</report>
			<report>
				<misses>10096001</misses>
				<total>34</total>
				<timestamp>3429.208344</timestamp>
			</report>
			<report>
				<misses>10097001</misses>
				<total>34</total>
				<timestamp>3429.548004</timestamp>
			</report>
			<report>
				<misses>10098001</misses>
				<total>34</total>
				<timestamp>3429.887677</timestamp>
			</report>
			<report>
				<misses>10099001</misses>
				<total>34</total>
				<timestamp>3430.227206</timestamp>
			</report>
			<report>
				<misses>10100001</misses>
				<total>34</total>
				<timestamp>3430.566868</timestamp>
			</report>
			<report>
				<misses>10101001</misses>
				<total>34</total>
				<timestamp>3430.906641</timestamp>
			</report>
			<report>
				<misses>10102001</misses>
				<total>34</total>
				<timestamp>3431.246303</timestamp>
			</report>
			<report>
				<misses>10103001</misses>
				<total>34</total>
				<timestamp>3431.585845</timestamp>
			</report>
			<report>
				<misses>10104001</misses>
				<total>33</total>
				<timestamp>3431.925624</timestamp>
			</report>
			<report>
				<misses>10105001</misses>
				<total>34</total>
				<timestamp>3432.265160</timestamp>
			</report>
			<report>
				<misses>10106001</misses>
				<total>34</total>
				<timestamp>3432.604943</timestamp>
			</report>
			<report>
				<misses>10107001</misses>
				<total>33</total>
				<timestamp>3432.944610</timestamp>
			</report>
			<report>
				<misses>10108001</misses>
				<total>34</total>
				<timestamp>3433.284139</timestamp>
			</report>
			<report>
				<misses>10109001</misses>
				<total>34</total>
				<timestamp>3433.623804</timestamp>
			</report>
			<report>
				<misses>10110001</misses>
				<total>33</total>
				<timestamp>3433.963596</timestamp>
			</report>
			<report>
				<misses>10111001</misses>
				<total>34</total>
				<timestamp>3434.303124</timestamp>
			</report>
			<report>
				<misses>10112001</misses>
				<total>34</total>
				<timestamp>3434.642911</timestamp>
			</report>
			<report>
				<misses>10113001</misses>
				<total>33</total>
				<timestamp>3434.982559</timestamp>
			</report>
			<report>
				<misses>10114001</misses>
				<total>34</total>
				<timestamp>3435.322102</timestamp>
			</report>
			<report>
				<misses>10115001</misses>
				<total>34</total>
				<timestamp>3435.661885</timestamp>
			</report>
			<report>
				<misses>10116001</misses>
				<total>33</total>
				<timestamp>3436.001566</timestamp>
			</report>
			<report>
				<misses>10117001</misses>
				<total>34</total>
				<timestamp>3436.341086</timestamp>
			</report>
			<report>
				<misses>10118001</misses>
				<total>34</total>
				<timestamp>3436.680864</timestamp>
			</report>
			<report>
				<misses>10119001</misses>
				<total>34</total>
				<timestamp>3437.020526</timestamp>
			</report>
			<report>
				<misses>10120001</misses>
				<total>34</total>
				<timestamp>3437.360063</timestamp>
			</report>
			<report>
				<misses>10121001</misses>
				<total>34</total>
				<timestamp>3437.699715</timestamp>
			</report>
			<report>
				<misses>10122001</misses>
				<total>34</total>
				<timestamp>3438.039502</timestamp>
			</report>
			<report>
				<misses>10123001</misses>
				<total>34</total>
				<timestamp>3438.379033</timestamp>
			</report>
			<report>
				<misses>10124001</misses>
				<total>34</total>
				<timestamp>3438.718700</timestamp>
			</report>
			<report>
				<misses>10125001</misses>
				<total>34</total>
				<timestamp>3439.058486</timestamp>
			</report>
			<report>
				<misses>10126001</misses>
				<total>34</total>
				<timestamp>3439.398143</timestamp>
			</report>
			<report>
				<misses>10127001</misses>
				<total>34</total>
				<timestamp>3439.737679</timestamp>
			</report>
			<report>
				<misses>10128001</misses>
				<total>34</total>
				<timestamp>3440.077468</timestamp>
			</report>
			<report>
				<misses>10129001</misses>
				<total>34</total>
				<timestamp>3440.417002</timestamp>
			</report>
			<report>
				<misses>10130001</misses>
				<total>34</total>
				<timestamp>3440.756785</timestamp>
			</report>
			<report>
				<misses>10131001</misses>
				<total>33</total>
				<timestamp>3441.096453</timestamp>
			</report>
			<report>
				<misses>10132001</misses>
				<total>34</total>
				<timestamp>3441.435976</timestamp>
			</report>
			<report>
				<misses>10133001</misses>
				<total>34</total>
				<timestamp>3441.775760</timestamp>
			</report>
			<report>
				<misses>10134001</misses>
				<total>34</total>
				<timestamp>3442.115436</timestamp>
			</report>
			<report>
				<misses>10135001</misses>
				<total>34</total>
				<timestamp>3442.454965</timestamp>
			</report>
			<report>
				<misses>10136001</misses>
				<total>34</total>
				<timestamp>3442.794746</timestamp>
			</report>
			<report>
				<misses>10137001</misses>
				<total>33</total>
				<timestamp>3443.134424</timestamp>
			</report>
			<report>
				<misses>10138001</misses>
				<total>34</total>
				<timestamp>3443.473938</timestamp>
			</report>
			<report>
				<misses>10139001</misses>
				<total>34</total>
				<timestamp>3443.813723</timestamp>
			</report>
			<report>
				<misses>10140001</misses>
				<total>34</total>
				<timestamp>3444.153264</timestamp>
			</report>
			<report>
				<misses>10141001</misses>
				<total>34</total>
				<timestamp>3444.493048</timestamp>
			</report>
			<report>
				<misses>10142001</misses>
				<total>34</total>
				<timestamp>3444.832711</timestamp>
			</report>
			<report>
				<misses>10143001</misses>
				<total>33</total>
				<timestamp>3445.172397</timestamp>
			</report>
			<report>
				<misses>10144001</misses>
				<total>34</total>
				<timestamp>3445.511903</timestamp>
			</report>
			<report>
				<misses>10145001</misses>
				<total>33</total>
				<timestamp>3445.851689</timestamp>
			</report>
			<report>
				<misses>10146001</misses>
				<total>34</total>
				<timestamp>3446.191356</timestamp>
			</report>
			<report>
				<misses>10147001</misses>
				<total>34</total>
				<timestamp>3446.531003</timestamp>
			</report>
			<report>
				<misses>10148001</misses>
				<total>34</total>
				<timestamp>3446.870664</timestamp>
			</report>
			<report>
				<misses>10149001</misses>
				<total>34</total>
				<timestamp>3447.210329</timestamp>
			</report>
			<report>
				<misses>10150001</misses>
				<total>34</total>
				<timestamp>3447.549983</timestamp>
			</report>
			<report>
				<misses>10151001</misses>
				<total>33</total>
				<timestamp>3447.889648</timestamp>
			</report>
			<report>
				<misses>10152001</misses>
				<total>34</total>
				<timestamp>3448.229183</timestamp>
			</report>
			<report>
				<misses>10153001</misses>
				<total>34</total>
				<timestamp>3448.568842</timestamp>
			</report>
			<report>
				<misses>10154001</misses>
				<total>34</total>
				<timestamp>3448.908516</timestamp>
			</report>
			<report>
				<misses>10155001</misses>
				<total>34</total>
				<timestamp>3449.248167</timestamp>
			</report>
			<report>
				<misses>10156001</misses>
				<total>34</total>
				<timestamp>3449.587815</timestamp>
			</report>
			<report>
				<misses>10157001</misses>
				<total>34</total>
				<timestamp>3449.927492</timestamp>
			</report>
			<report>
				<misses>10158001</misses>
				<total>34</total>
				<timestamp>3450.267136</timestamp>
			</report>
			<report>
				<misses>10159001</misses>
				<total>34</total>
				<timestamp>3450.606780</timestamp>
			</report>
			<report>
				<misses>10160001</misses>
				<total>34</total>
				<timestamp>3450.946463</timestamp>
			</report>
			<report>
				<misses>10161001</misses>
				<total>34</total>
				<timestamp>3451.286123</timestamp>
			</report>
			<report>
				<misses>10162001</misses>
				<total>34</total>
				<timestamp>3451.625799</timestamp>
			</report>
			<report>
				<misses>10163001</misses>
				<total>34</total>
				<timestamp>3451.965432</timestamp>
			</report>
			<report>
				<misses>10164001</misses>
				<total>34</total>
				<timestamp>3452.305106</timestamp>
			</report>
			<report>
				<misses>10165001</misses>
				<total>34</total>
				<timestamp>3452.644793</timestamp>
			</report>
			<report>
				<misses>10166001</misses>
				<total>34</total>
				<timestamp>3452.984463</timestamp>
			</report>
			<report>
				<misses>10167001</misses>
				<total>34</total>
				<timestamp>3453.324076</timestamp>
			</report>
			<report>
				<misses>10168001</misses>
				<total>34</total>
				<timestamp>3453.663720</timestamp>
			</report>
			<report>
				<misses>10169001</misses>
				<total>34</total>
				<timestamp>3454.003443</timestamp>
			</report>
			<report>
				<misses>10170001</misses>
				<total>34</total>
				<timestamp>3454.343055</timestamp>
			</report>
			<report>
				<misses>10171001</misses>
				<total>34</total>
				<timestamp>3454.682713</timestamp>
			</report>
			<report>
				<misses>10172001</misses>
				<total>34</total>
				<timestamp>3455.022437</timestamp>
			</report>
			<report>
				<misses>10173001</misses>
				<total>34</total>
				<timestamp>3455.362048</timestamp>
			</report>
			<report>
				<misses>10174001</misses>
				<total>34</total>
				<timestamp>3455.701687</timestamp>
			</report>
			<report>
				<misses>10175001</misses>
				<total>34</total>
				<timestamp>3456.041379</timestamp>
			</report>
			<report>
				<misses>10176001</misses>
				<total>34</total>
				<timestamp>3456.381025</timestamp>
			</report>
			<report>
				<misses>10177001</misses>
				<total>34</total>
				<timestamp>3456.720713</timestamp>
			</report>
			<report>
				<misses>10178001</misses>
				<total>34</total>
				<timestamp>3457.060355</timestamp>
			</report>
			<report>
				<misses>10179001</misses>
				<total>34</total>
				<timestamp>3457.400014</timestamp>
			</report>
			<report>
				<misses>10180001</misses>
				<total>34</total>
				<timestamp>3457.739672</timestamp>
			</report>
			<report>
				<misses>10181001</misses>
				<total>34</total>
				<timestamp>3458.079358</timestamp>
			</report>
			<report>
				<misses>10182001</misses>
				<total>34</total>
				<timestamp>3458.418986</timestamp>
			</report>
			<report>
				<misses>10183001</misses>
				<total>34</total>
				<timestamp>3458.758647</timestamp>
			</report>
			<report>
				<misses>10184001</misses>
				<total>34</total>
				<timestamp>3459.098303</timestamp>
			</report>
			<report>
				<misses>10185001</misses>
				<total>34</total>
				<timestamp>3459.437992</timestamp>
			</report>
			<report>
				<misses>10186001</misses>
				<total>34</total>
				<timestamp>3459.777665</timestamp>
			</report>
			<report>
				<misses>10187001</misses>
				<total>34</total>
				<timestamp>3460.117319</timestamp>
			</report>
			<report>
				<misses>10188001</misses>
				<total>34</total>
				<timestamp>3460.456935</timestamp>
			</report>
			<report>
				<misses>10189001</misses>
				<total>34</total>
				<timestamp>3460.796609</timestamp>
			</report>
			<report>
				<misses>10190001</misses>
				<total>34</total>
				<timestamp>3461.136341</timestamp>
			</report>
			<report>
				<misses>10191001</misses>
				<total>34</total>
				<timestamp>3461.475958</timestamp>
			</report>
			<report>
				<misses>10192001</misses>
				<total>34</total>
				<timestamp>3461.815583</timestamp>
			</report>
			<report>
				<misses>10193001</misses>
				<total>34</total>
				<timestamp>3462.155324</timestamp>
			</report>
			<report>
				<misses>10194001</misses>
				<total>34</total>
				<timestamp>3462.494905</timestamp>
			</report>
			<report>
				<misses>10195001</misses>
				<total>34</total>
				<timestamp>3462.834601</timestamp>
			</report>
			<report>
				<misses>10196001</misses>
				<total>34</total>
				<timestamp>3463.174283</timestamp>
			</report>
			<report>
				<misses>10197001</misses>
				<total>34</total>
				<timestamp>3463.513882</timestamp>
			</report>
			<report>
				<misses>10198001</misses>
				<total>34</total>
				<timestamp>3463.853552</timestamp>
			</report>
			<report>
				<misses>10199001</misses>
				<total>34</total>
				<timestamp>3464.193239</timestamp>
			</report>
			<report>
				<misses>10200001</misses>
				<total>34</total>
				<timestamp>3464.532859</timestamp>
			</report>
			<report>
				<misses>10201001</misses>
				<total>34</total>
				<timestamp>3464.872531</timestamp>
			</report>
			<report>
				<misses>10202001</misses>
				<total>33</total>
				<timestamp>3465.212272</timestamp>
			</report>
			<report>
				<misses>10203001</misses>
				<total>34</total>
				<timestamp>3465.551850</timestamp>
			</report>
			<report>
				<misses>10204001</misses>
				<total>34</total>
				<timestamp>3465.891499</timestamp>
			</report>
			<report>
				<misses>10205001</misses>
				<total>33</total>
				<timestamp>3466.231279</timestamp>
			</report>
			<report>
				<misses>10206001</misses>
				<total>34</total>
				<timestamp>3466.570835</timestamp>
			</report>
			<report>
				<misses>10207001</misses>
				<total>34</total>
				<timestamp>3466.910512</timestamp>
			</report>
			<report>
				<misses>10208001</misses>
				<total>33</total>
				<timestamp>3467.250282</timestamp>
			</report>
			<report>
				<misses>10209001</misses>
				<total>34</total>
				<timestamp>3467.589798</timestamp>
			</report>
			<report>
				<misses>10210001</misses>
				<total>34</total>
				<timestamp>3467.929513</timestamp>
			</report>
			<report>
				<misses>10211001</misses>
				<total>33</total>
				<timestamp>3468.269273</timestamp>
			</report>
			<report>
				<misses>10212001</misses>
				<total>34</total>
				<timestamp>3468.608788</timestamp>
			</report>
			<report>
				<misses>10213001</misses>
				<total>34</total>
				<timestamp>3468.948482</timestamp>
			</report>
			<report>
				<misses>10214001</misses>
				<total>34</total>
				<timestamp>3469.288135</timestamp>
			</report>
			<report>
				<misses>10215001</misses>
				<total>34</total>
				<timestamp>3469.627766</timestamp>
			</report>
			<report>
				<misses>10216001</misses>
				<total>34</total>
				<timestamp>3469.967474</timestamp>
			</report>
			<report>
				<misses>10217001</misses>
				<total>34</total>
				<timestamp>3470.307199</timestamp>
			</report>
			<report>
				<misses>10218001</misses>
				<total>34</total>
				<timestamp>3470.646773</timestamp>
			</report>
			<report>
				<misses>10219001</misses>
				<total>34</total>
				<timestamp>3470.986479</timestamp>
			</report>
			<report>
				<misses>10220001</misses>
				<total>34</total>
				<timestamp>3471.326071</timestamp>
			</report>
			<report>
				<misses>10221001</misses>
				<total>34</total>
				<timestamp>3471.665710</timestamp>
			</report>
			<report>
				<misses>10222001</misses>
				<total>34</total>
				<timestamp>3472.005429</timestamp>
			</report>
			<report>
				<misses>10223001</misses>
				<total>34</total>
				<timestamp>3472.345051</timestamp>
			</report>
			<report>
				<misses>10224001</misses>
				<total>34</total>
				<timestamp>3472.684712</timestamp>
			</report>
			<report>
				<misses>10225001</misses>
				<total>34</total>
				<timestamp>3473.024386</timestamp>
			</report>
			<report>
				<misses>10226001</misses>
				<total>34</total>
				<timestamp>3473.364068</timestamp>
			</report>
			<report>
				<misses>10227001</misses>
				<total>34</total>
				<timestamp>3473.703674</timestamp>
			</report>
			<report>
				<misses>10228001</misses>
				<total>33</total>
				<timestamp>3474.043461</timestamp>
			</report>
			<report>
				<misses>10229001</misses>
				<total>34</total>
				<timestamp>3474.383006</timestamp>
			</report>
			<report>
				<misses>10230001</misses>
				<total>34</total>
				<timestamp>3474.722680</timestamp>
			</report>
			<report>
				<misses>10231001</misses>
				<total>34</total>
				<timestamp>3475.062339</timestamp>
			</report>
			<report>
				<misses>10232001</misses>
				<total>33</total>
				<timestamp>3475.402081</timestamp>
			</report>
			<report>
				<misses>10233001</misses>
				<total>34</total>
				<timestamp>3475.741636</timestamp>
			</report>
			<report>
				<misses>10234001</misses>
				<total>34</total>
				<timestamp>3476.081315</timestamp>
			</report>
			<report>
				<misses>10235001</misses>
				<total>34</total>
				<timestamp>3476.420976</timestamp>
			</report>
			<report>
				<misses>10236001</misses>
				<total>34</total>
				<timestamp>3476.760616</timestamp>
			</report>
			<report>
				<misses>10237001</misses>
				<total>34</total>
				<timestamp>3477.100336</timestamp>
			</report>
			<report>
				<misses>10238001</misses>
				<total>34</total>
				<timestamp>3477.439946</timestamp>
			</report>
			<report>
				<misses>10239001</misses>
				<total>34</total>
				<timestamp>3477.779597</timestamp>
			</report>
			<report>
				<misses>10240001</misses>
				<total>34</total>
				<timestamp>3478.119321</timestamp>
			</report>
			<report>
				<misses>10241001</misses>
				<total>34</total>
				<timestamp>3478.458918</timestamp>
			</report>
			<report>
				<misses>10242001</misses>
				<total>34</total>
				<timestamp>3478.798588</timestamp>
			</report>
			<report>
				<misses>10243001</misses>
				<total>34</total>
				<timestamp>3479.138297</timestamp>
			</report>
			<report>
				<misses>10244001</misses>
				<total>34</total>
				<timestamp>3479.477909</timestamp>
			</report>
			<report>
				<misses>10245001</misses>
				<total>34</total>
				<timestamp>3479.817589</timestamp>
			</report>
			<report>
				<misses>10246001</misses>
				<total>34</total>
				<timestamp>3480.157294</timestamp>
			</report>
			<report>
				<misses>10247001</misses>
				<total>34</total>
				<timestamp>3480.496921</timestamp>
			</report>
			<report>
				<misses>10248001</misses>
				<total>34</total>
				<timestamp>3480.836532</timestamp>
			</report>
			<report>
				<misses>10249001</misses>
				<total>33</total>
				<timestamp>3481.176289</timestamp>
			</report>
			<report>
				<misses>10250001</misses>
				<total>34</total>
				<timestamp>3481.515875</timestamp>
			</report>
			<report>
				<misses>10251001</misses>
				<total>34</total>
				<timestamp>3481.855539</timestamp>
			</report>
			<report>
				<misses>10252001</misses>
				<total>34</total>
				<timestamp>3482.195201</timestamp>
			</report>
			<report>
				<misses>10253001</misses>
				<total>34</total>
				<timestamp>3482.534838</timestamp>
			</report>
			<report>
				<misses>10254001</misses>
				<total>34</total>
				<timestamp>3482.874567</timestamp>
			</report>
			<report>
				<misses>10255001</misses>
				<total>33</total>
				<timestamp>3483.214275</timestamp>
			</report>
			<report>
				<misses>10256001</misses>
				<total>34</total>
				<timestamp>3483.553810</timestamp>
			</report>
			<report>
				<misses>10257001</misses>
				<total>34</total>
				<timestamp>3483.893497</timestamp>
			</report>
			<report>
				<misses>10258001</misses>
				<total>34</total>
				<timestamp>3484.233148</timestamp>
			</report>
			<report>
				<misses>10259001</misses>
				<total>34</total>
				<timestamp>3484.572786</timestamp>
			</report>
			<report>
				<misses>10260001</misses>
				<total>34</total>
				<timestamp>3484.912469</timestamp>
			</report>
			<report>
				<misses>10261001</misses>
				<total>34</total>
				<timestamp>3485.252141</timestamp>
			</report>
			<report>
				<misses>10262001</misses>
				<total>34</total>
				<timestamp>3485.591777</timestamp>
			</report>
			<report>
				<misses>10263001</misses>
				<total>34</total>
				<timestamp>3485.931460</timestamp>
			</report>
			<report>
				<misses>10264001</misses>
				<total>34</total>
				<timestamp>3486.271134</timestamp>
			</report>
			<report>
				<misses>10265001</misses>
				<total>34</total>
				<timestamp>3486.610752</timestamp>
			</report>
			<report>
				<misses>10266001</misses>
				<total>34</total>
				<timestamp>3486.950426</timestamp>
			</report>
			<report>
				<misses>10267001</misses>
				<total>34</total>
				<timestamp>3487.290143</timestamp>
			</report>
			<report>
				<misses>10268001</misses>
				<total>34</total>
				<timestamp>3487.629747</timestamp>
			</report>
			<report>
				<misses>10269001</misses>
				<total>34</total>
				<timestamp>3487.969406</timestamp>
			</report>
			<report>
				<misses>10270001</misses>
				<total>34</total>
				<timestamp>3488.309062</timestamp>
			</report>
			<report>
				<misses>10271001</misses>
				<total>34</total>
				<timestamp>3488.648728</timestamp>
			</report>
			<report>
				<misses>10272001</misses>
				<total>34</total>
				<timestamp>3488.988397</timestamp>
			</report>
			<report>
				<misses>10273001</misses>
				<total>33</total>
				<timestamp>3489.328128</timestamp>
			</report>
			<report>
				<misses>10274001</misses>
				<total>34</total>
				<timestamp>3489.667702</timestamp>
			</report>
			<report>
				<misses>10275001</misses>
				<total>34</total>
				<timestamp>3490.007378</timestamp>
			</report>
			<report>
				<misses>10276001</misses>
				<total>33</total>
				<timestamp>3490.347136</timestamp>
			</report>
			<report>
				<misses>10277001</misses>
				<total>34</total>
				<timestamp>3490.686692</timestamp>
			</report>
			<report>
				<misses>10278001</misses>
				<total>34</total>
				<timestamp>3491.026360</timestamp>
			</report>
			<report>
				<misses>10279001</misses>
				<total>33</total>
				<timestamp>3491.366122</timestamp>
			</report>
			<report>
				<misses>10280001</misses>
				<total>34</total>
				<timestamp>3491.705661</timestamp>
			</report>
			<report>
				<misses>10281001</misses>
				<total>34</total>
				<timestamp>3492.045320</timestamp>
			</report>
			<report>
				<misses>10282001</misses>
				<total>34</total>
				<timestamp>3492.385091</timestamp>
			</report>
			<report>
				<misses>10283001</misses>
				<total>34</total>
				<timestamp>3492.724631</timestamp>
			</report>
			<report>
				<misses>10284001</misses>
				<total>34</total>
				<timestamp>3493.064332</timestamp>
			</report>
			<report>
				<misses>10285001</misses>
				<total>34</total>
				<timestamp>3493.403982</timestamp>
			</report>
			<report>
				<misses>10286001</misses>
				<total>34</total>
				<timestamp>3493.743620</timestamp>
			</report>
			<report>
				<misses>10287001</misses>
				<total>34</total>
				<timestamp>3494.083333</timestamp>
			</report>
			<report>
				<misses>10288001</misses>
				<total>34</total>
				<timestamp>3494.422959</timestamp>
			</report>
			<report>
				<misses>10289001</misses>
				<total>34</total>
				<timestamp>3494.762643</timestamp>
			</report>
			<report>
				<misses>10290001</misses>
				<total>34</total>
				<timestamp>3495.102274</timestamp>
			</report>
			<report>
				<misses>10291001</misses>
				<total>34</total>
				<timestamp>3495.441936</timestamp>
			</report>
			<report>
				<misses>10292001</misses>
				<total>34</total>
				<timestamp>3495.781584</timestamp>
			</report>
			<report>
				<misses>10293001</misses>
				<total>34</total>
				<timestamp>3496.121274</timestamp>
			</report>
			<report>
				<misses>10294001</misses>
				<total>34</total>
				<timestamp>3496.460928</timestamp>
			</report>
			<report>
				<misses>10295001</misses>
				<total>34</total>
				<timestamp>3496.800574</timestamp>
			</report>
			<report>
				<misses>10296001</misses>
				<total>33</total>
				<timestamp>3497.140312</timestamp>
			</report>
			<report>
				<misses>10297001</misses>
				<total>34</total>
				<timestamp>3497.479922</timestamp>
			</report>
			<report>
				<misses>10298001</misses>
				<total>34</total>
				<timestamp>3497.819537</timestamp>
			</report>
			<report>
				<misses>10299001</misses>
				<total>34</total>
				<timestamp>3498.159197</timestamp>
			</report>
			<report>
				<misses>10300001</misses>
				<total>34</total>
				<timestamp>3498.498875</timestamp>
			</report>
			<report>
				<misses>10301001</misses>
				<total>34</total>
				<timestamp>3498.838533</timestamp>
			</report>
			<report>
				<misses>10302001</misses>
				<total>34</total>
				<timestamp>3499.178185</timestamp>
			</report>
			<report>
				<misses>10303001</misses>
				<total>34</total>
				<timestamp>3499.517844</timestamp>
			</report>
			<report>
				<misses>10304001</misses>
				<total>34</total>
				<timestamp>3499.857505</timestamp>
			</report>
			<report>
				<misses>10305001</misses>
				<total>34</total>
				<timestamp>3500.197157</timestamp>
			</report>
			<report>
				<misses>10306001</misses>
				<total>34</total>
				<timestamp>3500.536819</timestamp>
			</report>
			<report>
				<misses>10307001</misses>
				<total>34</total>
				<timestamp>3500.876495</timestamp>
			</report>
			<report>
				<misses>10308001</misses>
				<total>34</total>
				<timestamp>3501.216172</timestamp>
			</report>
			<report>
				<misses>10309001</misses>
				<total>34</total>
				<timestamp>3501.555790</timestamp>
			</report>
			<report>
				<misses>10310001</misses>
				<total>34</total>
				<timestamp>3501.895459</timestamp>
			</report>
			<report>
				<misses>10311001</misses>
				<total>34</total>
				<timestamp>3502.235129</timestamp>
			</report>
			<report>
				<misses>10312001</misses>
				<total>34</total>
				<timestamp>3502.574764</timestamp>
			</report>
			<report>
				<misses>10313001</misses>
				<total>34</total>
				<timestamp>3502.914478</timestamp>
			</report>
			<report>
				<misses>10314001</misses>
				<total>34</total>
				<timestamp>3503.254111</timestamp>
			</report>
			<report>
				<misses>10315001</misses>
				<total>34</total>
				<timestamp>3503.593790</timestamp>
			</report>
			<report>
				<misses>10316001</misses>
				<total>34</total>
				<timestamp>3503.933426</timestamp>
			</report>
			<report>
				<misses>10317001</misses>
				<total>34</total>
				<timestamp>3504.273146</timestamp>
			</report>
			<report>
				<misses>10318001</misses>
				<total>34</total>
				<timestamp>3504.612733</timestamp>
			</report>
			<report>
				<misses>10319001</misses>
				<total>34</total>
				<timestamp>3504.952393</timestamp>
			</report>
			<report>
				<misses>10320001</misses>
				<total>34</total>
				<timestamp>3505.292125</timestamp>
			</report>
			<report>
				<misses>10321001</misses>
				<total>34</total>
				<timestamp>3505.631752</timestamp>
			</report>
			<report>
				<misses>10322001</misses>
				<total>34</total>
				<timestamp>3505.971427</timestamp>
			</report>
			<report>
				<misses>10323001</misses>
				<total>33</total>
				<timestamp>3506.311135</timestamp>
			</report>
			<report>
				<misses>10324001</misses>
				<total>34</total>
				<timestamp>3506.650691</timestamp>
			</report>
			<report>
				<misses>10325001</misses>
				<total>34</total>
				<timestamp>3506.990353</timestamp>
			</report>
			<report>
				<misses>10326001</misses>
				<total>33</total>
				<timestamp>3507.330116</timestamp>
			</report>
			<report>
				<misses>10327001</misses>
				<total>34</total>
				<timestamp>3507.669681</timestamp>
			</report>
			<report>
				<misses>10328001</misses>
				<total>34</total>
				<timestamp>3508.009397</timestamp>
			</report>
			<report>
				<misses>10329001</misses>
				<total>33</total>
				<timestamp>3508.349126</timestamp>
			</report>
			<report>
				<misses>10330001</misses>
				<total>34</total>
				<timestamp>3508.688654</timestamp>
			</report>
			<report>
				<misses>10331001</misses>
				<total>34</total>
				<timestamp>3509.028332</timestamp>
			</report>
			<report>
				<misses>10332001</misses>
				<total>33</total>
				<timestamp>3509.368125</timestamp>
			</report>
			<report>
				<misses>10333001</misses>
				<total>34</total>
				<timestamp>3509.707625</timestamp>
			</report>
			<report>
				<misses>10334001</misses>
				<total>34</total>
				<timestamp>3510.047308</timestamp>
			</report>
			<report>
				<misses>10335001</misses>
				<total>34</total>
				<timestamp>3510.387020</timestamp>
			</report>
			<report>
				<misses>10336001</misses>
				<total>34</total>
				<timestamp>3510.726609</timestamp>
			</report>
			<report>
				<misses>10337001</misses>
				<total>34</total>
				<timestamp>3511.066313</timestamp>
			</report>
			<report>
				<misses>10338001</misses>
				<total>34</total>
				<timestamp>3511.405996</timestamp>
			</report>
			<report>
				<misses>10339001</misses>
				<total>34</total>
				<timestamp>3511.745594</timestamp>
			</report>
			<report>
				<misses>10340001</misses>
				<total>34</total>
				<timestamp>3512.085282</timestamp>
			</report>
			<report>
				<misses>10341001</misses>
				<total>34</total>
				<timestamp>3512.424973</timestamp>
			</report>
			<report>
				<misses>10342001</misses>
				<total>33</total>
				<timestamp>3512.764691</timestamp>
			</report>
			<report>
				<misses>10343001</misses>
				<total>34</total>
				<timestamp>3513.104240</timestamp>
			</report>
			<report>
				<misses>10344001</misses>
				<total>33</total>
				<timestamp>3513.443987</timestamp>
			</report>
			<report>
				<misses>10345001</misses>
				<total>34</total>
				<timestamp>3513.783558</timestamp>
			</report>
			<report>
				<misses>10346001</misses>
				<total>34</total>
				<timestamp>3514.123232</timestamp>
			</report>
			<report>
				<misses>10347001</misses>
				<total>33</total>
				<timestamp>3514.462984</timestamp>
			</report>
			<report>
				<misses>10348001</misses>
				<total>34</total>
				<timestamp>3514.802540</timestamp>
			</report>
			<report>
				<misses>10349001</misses>
				<total>34</total>
				<timestamp>3515.142191</timestamp>
			</report>
			<report>
				<misses>10350001</misses>
				<total>33</total>
				<timestamp>3515.481994</timestamp>
			</report>
			<report>
				<misses>10351001</misses>
				<total>34</total>
				<timestamp>3515.821516</timestamp>
			</report>
			<report>
				<misses>10352001</misses>
				<total>34</total>
				<timestamp>3516.161184</timestamp>
			</report>
			<report>
				<misses>10353001</misses>
				<total>33</total>
				<timestamp>3516.500946</timestamp>
			</report>
			<report>
				<misses>10354001</misses>
				<total>34</total>
				<timestamp>3516.840493</timestamp>
			</report>
			<report>
				<misses>10355001</misses>
				<total>34</total>
				<timestamp>3517.180169</timestamp>
			</report>
			<report>
				<misses>10356001</misses>
				<total>33</total>
				<timestamp>3517.519930</timestamp>
			</report>
			<report>
				<misses>10357001</misses>
				<total>34</total>
				<timestamp>3517.859478</timestamp>
			</report>
			<report>
				<misses>10358001</misses>
				<total>34</total>
				<timestamp>3518.199192</timestamp>
			</report>
			<report>
				<misses>10359001</misses>
				<total>33</total>
				<timestamp>3518.538928</timestamp>
			</report>
			<report>
				<misses>10360001</misses>
				<total>34</total>
				<timestamp>3518.878462</timestamp>
			</report>
			<report>
				<misses>10361001</misses>
				<total>34</total>
				<timestamp>3519.218175</timestamp>
			</report>
			<report>
				<misses>10362001</misses>
				<total>34</total>
				<timestamp>3519.557781</timestamp>
			</report>
			<report>
				<misses>10363001</misses>
				<total>34</total>
				<timestamp>3519.897451</timestamp>
			</report>
			<report>
				<misses>10364001</misses>
				<total>34</total>
				<timestamp>3520.237165</timestamp>
			</report>
			<report>
				<misses>10365001</misses>
				<total>34</total>
				<timestamp>3520.576765</timestamp>
			</report>
			<report>
				<misses>10366001</misses>
				<total>34</total>
				<timestamp>3520.916433</timestamp>
			</report>
			<report>
				<misses>10367001</misses>
				<total>33</total>
				<timestamp>3521.256181</timestamp>
			</report>
			<report>
				<misses>10368001</misses>
				<total>34</total>
				<timestamp>3521.595753</timestamp>
			</report>
			<report>
				<misses>10369001</misses>
				<total>34</total>
				<timestamp>3521.935407</timestamp>
			</report>
			<report>
				<misses>10370001</misses>
				<total>33</total>
				<timestamp>3522.275151</timestamp>
			</report>
			<report>
				<misses>10371001</misses>
				<total>34</total>
				<timestamp>3522.614727</timestamp>
			</report>
			<report>
				<misses>10372001</misses>
				<total>34</total>
				<timestamp>3522.954365</timestamp>
			</report>
			<report>
				<misses>10373001</misses>
				<total>33</total>
				<timestamp>3523.294142</timestamp>
			</report>
			<report>
				<misses>10374001</misses>
				<total>34</total>
				<timestamp>3523.633707</timestamp>
			</report>
			<report>
				<misses>10375001</misses>
				<total>34</total>
				<timestamp>3523.973369</timestamp>
			</report>
			<report>
				<misses>10376001</misses>
				<total>34</total>
				<timestamp>3524.313028</timestamp>
			</report>
			<report>
				<misses>10377001</misses>
				<total>34</total>
				<timestamp>3524.652687</timestamp>
			</report>
			<report>
				<misses>10378001</misses>
				<total>34</total>
				<timestamp>3524.992375</timestamp>
			</report>
			<report>
				<misses>10379001</misses>
				<total>34</total>
				<timestamp>3525.332011</timestamp>
			</report>
			<report>
				<misses>10380001</misses>
				<total>34</total>
				<timestamp>3525.671658</timestamp>
			</report>
			<report>
				<misses>10381001</misses>
				<total>34</total>
				<timestamp>3526.011352</timestamp>
			</report>
			<report>
				<misses>10382001</misses>
				<total>34</total>
				<timestamp>3526.351021</timestamp>
			</report>
			<report>
				<misses>10383001</misses>
				<total>34</total>
				<timestamp>3526.690650</timestamp>
			</report>
			<report>
				<misses>10384001</misses>
				<total>34</total>
				<timestamp>3527.030311</timestamp>
			</report>
			<report>
				<misses>10385001</misses>
				<total>34</total>
				<timestamp>3527.369971</timestamp>
			</report>
			<report>
				<misses>10386001</misses>
				<total>34</total>
				<timestamp>3527.709638</timestamp>
			</report>
			<report>
				<misses>10387001</misses>
				<total>34</total>
				<timestamp>3528.049284</timestamp>
			</report>
			<report>
				<misses>10388001</misses>
				<total>34</total>
				<timestamp>3528.388963</timestamp>
			</report>
			<report>
				<misses>10389001</misses>
				<total>34</total>
				<timestamp>3528.728607</timestamp>
			</report>
			<report>
				<misses>10390001</misses>
				<total>34</total>
				<timestamp>3529.068270</timestamp>
			</report>
			<report>
				<misses>10391001</misses>
				<total>33</total>
				<timestamp>3529.408047</timestamp>
			</report>
			<report>
				<misses>10392001</misses>
				<total>34</total>
				<timestamp>3529.747580</timestamp>
			</report>
			<report>
				<misses>10393001</misses>
				<total>34</total>
				<timestamp>3530.087286</timestamp>
			</report>
			<report>
				<misses>10394001</misses>
				<total>33</total>
				<timestamp>3530.426988</timestamp>
			</report>
			<report>
				<misses>10395001</misses>
				<total>34</total>
				<timestamp>3530.766548</timestamp>
			</report>
			<report>
				<misses>10396001</misses>
				<total>34</total>
				<timestamp>3531.106226</timestamp>
			</report>
			<report>
				<misses>10397001</misses>
				<total>33</total>
				<timestamp>3531.445971</timestamp>
			</report>
			<report>
				<misses>10398001</misses>
				<total>34</total>
				<timestamp>3531.785527</timestamp>
			</report>
			<report>
				<misses>10399001</misses>
				<total>34</total>
				<timestamp>3532.125232</timestamp>
			</report>
			<report>
				<misses>10400001</misses>
				<total>34</total>
				<timestamp>3532.464912</timestamp>
			</report>
			<report>
				<misses>10401001</misses>
				<total>34</total>
				<timestamp>3532.804529</timestamp>
			</report>
			<report>
				<misses>10402001</misses>
				<total>34</total>
				<timestamp>3533.144172</timestamp>
			</report>
			<report>
				<misses>10403001</misses>
				<total>33</total>
				<timestamp>3533.483951</timestamp>
			</report>
			<report>
				<misses>10404001</misses>
				<total>34</total>
				<timestamp>3533.823494</timestamp>
			</report>
			<report>
				<misses>10405001</misses>
				<total>34</total>
				<timestamp>3534.163169</timestamp>
			</report>
			<report>
				<misses>10406001</misses>
				<total>34</total>
				<timestamp>3534.502826</timestamp>
			</report>
			<report>
				<misses>10407001</misses>
				<total>34</total>
				<timestamp>3534.842496</timestamp>
			</report>
			<report>
				<misses>10408001</misses>
				<total>34</total>
				<timestamp>3535.182131</timestamp>
			</report>
			<report>
				<misses>10409001</misses>
				<total>34</total>
				<timestamp>3535.521863</timestamp>
			</report>
			<report>
				<misses>10410001</misses>
				<total>34</total>
				<timestamp>3535.861459</timestamp>
			</report>
			<report>
				<misses>10411001</misses>
				<total>34</total>
				<timestamp>3536.201115</timestamp>
			</report>
			<report>
				<misses>10412001</misses>
				<total>34</total>
				<timestamp>3536.540798</timestamp>
			</report>
			<report>
				<misses>10413001</misses>
				<total>34</total>
				<timestamp>3536.880462</timestamp>
			</report>
			<report>
				<misses>10414001</misses>
				<total>34</total>
				<timestamp>3537.220099</timestamp>
			</report>
			<report>
				<misses>10415001</misses>
				<total>34</total>
				<timestamp>3537.559814</timestamp>
			</report>
			<report>
				<misses>10416001</misses>
				<total>34</total>
				<timestamp>3537.899415</timestamp>
			</report>
			<report>
				<misses>10417001</misses>
				<total>34</total>
				<timestamp>3538.239077</timestamp>
			</report>
			<report>
				<misses>10418001</misses>
				<total>33</total>
				<timestamp>3538.578846</timestamp>
			</report>
			<report>
				<misses>10419001</misses>
				<total>34</total>
				<timestamp>3538.918395</timestamp>
			</report>
			<report>
				<misses>10420001</misses>
				<total>34</total>
				<timestamp>3539.258053</timestamp>
			</report>
			<report>
				<misses>10421001</misses>
				<total>33</total>
				<timestamp>3539.597827</timestamp>
			</report>
			<report>
				<misses>10422001</misses>
				<total>34</total>
				<timestamp>3539.937392</timestamp>
			</report>
			<report>
				<misses>10423001</misses>
				<total>34</total>
				<timestamp>3540.277037</timestamp>
			</report>
			<report>
				<misses>10424001</misses>
				<total>33</total>
				<timestamp>3540.616808</timestamp>
			</report>
			<report>
				<misses>10425001</misses>
				<total>34</total>
				<timestamp>3540.956379</timestamp>
			</report>
			<report>
				<misses>10426001</misses>
				<total>34</total>
				<timestamp>3541.296009</timestamp>
			</report>
			<report>
				<misses>10427001</misses>
				<total>33</total>
				<timestamp>3541.635821</timestamp>
			</report>
			<report>
				<misses>10428001</misses>
				<total>34</total>
				<timestamp>3541.975330</timestamp>
			</report>
			<report>
				<misses>10429001</misses>
				<total>34</total>
				<timestamp>3542.315016</timestamp>
			</report>
			<report>
				<misses>10430001</misses>
				<total>34</total>
				<timestamp>3542.654679</timestamp>
			</report>
			<report>
				<misses>10431001</misses>
				<total>34</total>
				<timestamp>3542.994361</timestamp>
			</report>
			<report>
				<misses>10432001</misses>
				<total>33</total>
				<timestamp>3543.334094</timestamp>
			</report>
			<report>
				<misses>10433001</misses>
				<total>34</total>
				<timestamp>3543.673633</timestamp>
			</report>
			<report>
				<misses>10434001</misses>
				<total>34</total>
				<timestamp>3544.013320</timestamp>
			</report>
			<report>
				<misses>10435001</misses>
				<total>34</total>
				<timestamp>3544.353005</timestamp>
			</report>
			<report>
				<misses>10436001</misses>
				<total>34</total>
				<timestamp>3544.692659</timestamp>
			</report>
			<report>
				<misses>10437001</misses>
				<total>34</total>
				<timestamp>3545.032304</timestamp>
			</report>
			<report>
				<misses>10438001</misses>
				<total>33</total>
				<timestamp>3545.372028</timestamp>
			</report>
			<report>
				<misses>10439001</misses>
				<total>34</total>
				<timestamp>3545.711602</timestamp>
			</report>
			<report>
				<misses>10440001</misses>
				<total>34</total>
				<timestamp>3546.051278</timestamp>
			</report>
			<report>
				<misses>10441001</misses>
				<total>34</total>
				<timestamp>3546.390921</timestamp>
			</report>
			<report>
				<misses>10442001</misses>
				<total>33</total>
				<timestamp>3546.730675</timestamp>
			</report>
			<report>
				<misses>10443001</misses>
				<total>34</total>
				<timestamp>3547.070233</timestamp>
			</report>
			<report>
				<misses>10444001</misses>
				<total>33</total>
				<timestamp>3547.410008</timestamp>
			</report>
			<report>
				<misses>10445001</misses>
				<total>34</total>
				<timestamp>3547.749560</timestamp>
			</report>
			<report>
				<misses>10446001</misses>
				<total>34</total>
				<timestamp>3548.089250</timestamp>
			</report>
			<report>
				<misses>10447001</misses>
				<total>33</total>
				<timestamp>3548.428998</timestamp>
			</report>
			<report>
				<misses>10448001</misses>
				<total>34</total>
				<timestamp>3548.768539</timestamp>
			</report>
			<report>
				<misses>10449001</misses>
				<total>34</total>
				<timestamp>3549.108233</timestamp>
			</report>
			<report>
				<misses>10450001</misses>
				<total>33</total>
				<timestamp>3549.447981</timestamp>
			</report>
			<report>
				<misses>10451001</misses>
				<total>34</total>
				<timestamp>3549.787528</timestamp>
			</report>
			<report>
				<misses>10452001</misses>
				<total>34</total>
				<timestamp>3550.127231</timestamp>
			</report>
			<report>
				<misses>10453001</misses>
				<total>34</total>
				<timestamp>3550.466867</timestamp>
			</report>
			<report>
				<misses>10454001</misses>
				<total>34</total>
				<timestamp>3550.806494</timestamp>
			</report>
			<report>
				<misses>10455001</misses>
				<total>34</total>
				<timestamp>3551.146158</timestamp>
			</report>
			<report>
				<misses>10456001</misses>
				<total>34</total>
				<timestamp>3551.485867</timestamp>
			</report>
			<report>
				<misses>10457001</misses>
				<total>34</total>
				<timestamp>3551.825484</timestamp>
			</report>
			<report>
				<misses>10458001</misses>
				<total>34</total>
				<timestamp>3552.165192</timestamp>
			</report>
			<report>
				<misses>10459001</misses>
				<total>34</total>
				<timestamp>3552.504868</timestamp>
			</report>
			<report>
				<misses>10460001</misses>
				<total>34</total>
				<timestamp>3552.844453</timestamp>
			</report>
			<report>
				<misses>10461001</misses>
				<total>34</total>
				<timestamp>3553.184175</timestamp>
			</report>
			<report>
				<misses>10462001</misses>
				<total>34</total>
				<timestamp>3553.523842</timestamp>
			</report>
			<report>
				<misses>10463001</misses>
				<total>34</total>
				<timestamp>3553.863460</timestamp>
			</report>
			<report>
				<misses>10464001</misses>
				<total>34</total>
				<timestamp>3554.203095</timestamp>
			</report>
			<report>
				<misses>10465001</misses>
				<total>33</total>
				<timestamp>3554.542832</timestamp>
			</report>
			<report>
				<misses>10466001</misses>
				<total>34</total>
				<timestamp>3554.882434</timestamp>
			</report>
			<report>
				<misses>10467001</misses>
				<total>34</total>
				<timestamp>3555.222080</timestamp>
			</report>
			<report>
				<misses>10468001</misses>
				<total>33</total>
				<timestamp>3555.561834</timestamp>
			</report>
			<report>
				<misses>10469001</misses>
				<total>34</total>
				<timestamp>3555.901415</timestamp>
			</report>
			<report>
				<misses>10470001</misses>
				<total>34</total>
				<timestamp>3556.241054</timestamp>
			</report>
			<report>
				<misses>10471001</misses>
				<total>33</total>
				<timestamp>3556.580819</timestamp>
			</report>
			<report>
				<misses>10472001</misses>
				<total>34</total>
				<timestamp>3556.920362</timestamp>
			</report>
			<report>
				<misses>10473001</misses>
				<total>34</total>
				<timestamp>3557.260089</timestamp>
			</report>
			<report>
				<misses>10474001</misses>
				<total>33</total>
				<timestamp>3557.599797</timestamp>
			</report>
			<report>
				<misses>10475001</misses>
				<total>34</total>
				<timestamp>3557.939360</timestamp>
			</report>
			<report>
				<misses>10476001</misses>
				<total>34</total>
				<timestamp>3558.279015</timestamp>
			</report>
			<report>
				<misses>10477001</misses>
				<total>34</total>
				<timestamp>3558.618713</timestamp>
			</report>
			<report>
				<misses>10478001</misses>
				<total>34</total>
				<timestamp>3558.958360</timestamp>
			</report>
			<report>
				<misses>10479001</misses>
				<total>34</total>
				<timestamp>3559.298003</timestamp>
			</report>
			<report>
				<misses>10480001</misses>
				<total>34</total>
				<timestamp>3559.637679</timestamp>
			</report>
			<report>
				<misses>10481001</misses>
				<total>34</total>
				<timestamp>3559.977326</timestamp>
			</report>
			<report>
				<misses>10482001</misses>
				<total>34</total>
				<timestamp>3560.316984</timestamp>
			</report>
			<report>
				<misses>10483001</misses>
				<total>34</total>
				<timestamp>3560.656693</timestamp>
			</report>
			<report>
				<misses>10484001</misses>
				<total>34</total>
				<timestamp>3560.996311</timestamp>
			</report>
			<report>
				<misses>10485001</misses>
				<total>34</total>
				<timestamp>3561.335950</timestamp>
			</report>
			<report>
				<misses>10486001</misses>
				<total>34</total>
				<timestamp>3561.675702</timestamp>
			</report>
			<report>
				<misses>10487001</misses>
				<total>34</total>
				<timestamp>3562.015304</timestamp>
			</report>
			<report>
				<misses>10488001</misses>
				<total>34</total>
				<timestamp>3562.354945</timestamp>
			</report>
			<report>
				<misses>10489001</misses>
				<total>34</total>
				<timestamp>3562.694732</timestamp>
			</report>
			<report>
				<misses>10490001</misses>
				<total>34</total>
				<timestamp>3563.034389</timestamp>
			</report>
			<report>
				<misses>10491001</misses>
				<total>34</total>
				<timestamp>3563.373922</timestamp>
			</report>
			<report>
				<misses>10492001</misses>
				<total>34</total>
				<timestamp>3563.713706</timestamp>
			</report>
			<report>
				<misses>10493001</misses>
				<total>34</total>
				<timestamp>3564.053276</timestamp>
			</report>
			<report>
				<misses>10494001</misses>
				<total>34</total>
				<timestamp>3564.392903</timestamp>
			</report>
			<report>
				<misses>10495001</misses>
				<total>33</total>
				<timestamp>3564.732657</timestamp>
			</report>
			<report>
				<misses>10496001</misses>
				<total>34</total>
				<timestamp>3565.072229</timestamp>
			</report>
			<report>
				<misses>10497001</misses>
				<total>34</total>
				<timestamp>3565.411878</timestamp>
			</report>
			<report>
				<misses>10498001</misses>
				<total>34</total>
				<timestamp>3565.751598</timestamp>
			</report>
			<report>
				<misses>10499001</misses>
				<total>34</total>
				<timestamp>3566.091225</timestamp>
			</report>
			<report>
				<misses>10500001</misses>
				<total>34</total>
				<timestamp>3566.430874</timestamp>
			</report>
			<report>
				<misses>10501001</misses>
				<total>34</total>
				<timestamp>3566.770519</timestamp>
			</report>
			<report>
				<misses>10502001</misses>
				<total>34</total>
				<timestamp>3567.110163</timestamp>
			</report>
			<report>
				<misses>10503001</misses>
				<total>34</total>
				<timestamp>3567.449873</timestamp>
			</report>
			<report>
				<misses>10504001</misses>
				<total>34</total>
				<timestamp>3567.789502</timestamp>
			</report>
			<report>
				<misses>10505001</misses>
				<total>34</total>
				<timestamp>3568.129150</timestamp>
			</report>
			<report>
				<misses>10506001</misses>
				<total>34</total>
				<timestamp>3568.468863</timestamp>
			</report>
			<report>
				<misses>10507001</misses>
				<total>34</total>
				<timestamp>3568.808484</timestamp>
			</report>
			<report>
				<misses>10508001</misses>
				<total>34</total>
				<timestamp>3569.148126</timestamp>
			</report>
			<report>
				<misses>10509001</misses>
				<total>34</total>
				<timestamp>3569.487915</timestamp>
			</report>
			<report>
				<misses>10510001</misses>
				<total>34</total>
				<timestamp>3569.827513</timestamp>
			</report>
			<report>
				<misses>10511001</misses>
				<total>34</total>
				<timestamp>3570.167178</timestamp>
			</report>
			<report>
				<misses>10512001</misses>
				<total>34</total>
				<timestamp>3570.506850</timestamp>
			</report>
			<report>
				<misses>10513001</misses>
				<total>34</total>
				<timestamp>3570.846452</timestamp>
			</report>
			<report>
				<misses>10514001</misses>
				<total>34</total>
				<timestamp>3571.186137</timestamp>
			</report>
			<report>
				<misses>10515001</misses>
				<total>34</total>
				<timestamp>3571.525777</timestamp>
			</report>
			<report>
				<misses>10516001</misses>
				<total>34</total>
				<timestamp>3571.865486</timestamp>
			</report>
			<report>
				<misses>10517001</misses>
				<total>34</total>
				<timestamp>3572.205126</timestamp>
			</report>
			<report>
				<misses>10518001</misses>
				<total>33</total>
				<timestamp>3572.544837</timestamp>
			</report>
			<report>
				<misses>10519001</misses>
				<total>34</total>
				<timestamp>3572.884427</timestamp>
			</report>
			<report>
				<misses>10520001</misses>
				<total>34</total>
				<timestamp>3573.224070</timestamp>
			</report>
			<report>
				<misses>10521001</misses>
				<total>34</total>
				<timestamp>3573.563723</timestamp>
			</report>
			<report>
				<misses>10522001</misses>
				<total>34</total>
				<timestamp>3573.903382</timestamp>
			</report>
			<report>
				<misses>10523001</misses>
				<total>34</total>
				<timestamp>3574.243079</timestamp>
			</report>
			<report>
				<misses>10524001</misses>
				<total>34</total>
				<timestamp>3574.582705</timestamp>
			</report>
			<report>
				<misses>10525001</misses>
				<total>34</total>
				<timestamp>3574.922370</timestamp>
			</report>
			<report>
				<misses>10526001</misses>
				<total>34</total>
				<timestamp>3575.262018</timestamp>
			</report>
			<report>
				<misses>10527001</misses>
				<total>34</total>
				<timestamp>3575.601736</timestamp>
			</report>
			<report>
				<misses>10528001</misses>
				<total>34</total>
				<timestamp>3575.941355</timestamp>
			</report>
			<report>
				<misses>10529001</misses>
				<total>34</total>
				<timestamp>3576.280995</timestamp>
			</report>
			<report>
				<misses>10530001</misses>
				<total>34</total>
				<timestamp>3576.620699</timestamp>
			</report>
			<report>
				<misses>10531001</misses>
				<total>34</total>
				<timestamp>3576.960325</timestamp>
			</report>
			<report>
				<misses>10532001</misses>
				<total>34</total>
				<timestamp>3577.299978</timestamp>
			</report>
			<report>
				<misses>10533001</misses>
				<total>34</total>
				<timestamp>3577.639719</timestamp>
			</report>
			<report>
				<misses>10534001</misses>
				<total>34</total>
				<timestamp>3577.979331</timestamp>
			</report>
			<report>
				<misses>10535001</misses>
				<total>34</total>
				<timestamp>3578.318968</timestamp>
			</report>
			<report>
				<misses>10536001</misses>
				<total>33</total>
				<timestamp>3578.658717</timestamp>
			</report>
			<report>
				<misses>10537001</misses>
				<total>34</total>
				<timestamp>3578.998302</timestamp>
			</report>
			<report>
				<misses>10538001</misses>
				<total>34</total>
				<timestamp>3579.337944</timestamp>
			</report>
			<report>
				<misses>10539001</misses>
				<total>33</total>
				<timestamp>3579.677707</timestamp>
			</report>
			<report>
				<misses>10540001</misses>
				<total>34</total>
				<timestamp>3580.017273</timestamp>
			</report>
			<report>
				<misses>10541001</misses>
				<total>34</total>
				<timestamp>3580.356934</timestamp>
			</report>
			<report>
				<misses>10542001</misses>
				<total>34</total>
				<timestamp>3580.696618</timestamp>
			</report>
			<report>
				<misses>10543001</misses>
				<total>34</total>
				<timestamp>3581.036260</timestamp>
			</report>
			<report>
				<misses>10544001</misses>
				<total>34</total>
				<timestamp>3581.375901</timestamp>
			</report>
			<report>
				<misses>10545001</misses>
				<total>33</total>
				<timestamp>3581.715723</timestamp>
			</report>
			<report>
				<misses>10546001</misses>
				<total>34</total>
				<timestamp>3582.055226</timestamp>
			</report>
			<report>
				<misses>10547001</misses>
				<total>34</total>
				<timestamp>3582.394882</timestamp>
			</report>
			<report>
				<misses>10548001</misses>
				<total>33</total>
				<timestamp>3582.734673</timestamp>
			</report>
			<report>
				<misses>10549001</misses>
				<total>34</total>
				<timestamp>3583.074205</timestamp>
			</report>
			<report>
				<misses>10550001</misses>
				<total>34</total>
				<timestamp>3583.413861</timestamp>
			</report>
			<report>
				<misses>10551001</misses>
				<total>34</total>
				<timestamp>3583.753564</timestamp>
			</report>
			<report>
				<misses>10552001</misses>
				<total>34</total>
				<timestamp>3584.093179</timestamp>
			</report>
			<report>
				<misses>10553001</misses>
				<total>34</total>
				<timestamp>3584.432847</timestamp>
			</report>
			<report>
				<misses>10554001</misses>
				<total>34</total>
				<timestamp>3584.772550</timestamp>
			</report>
			<report>
				<misses>10555001</misses>
				<total>34</total>
				<timestamp>3585.112186</timestamp>
			</report>
			<report>
				<misses>10556001</misses>
				<total>34</total>
				<timestamp>3585.451819</timestamp>
			</report>
			<report>
				<misses>10557001</misses>
				<total>34</total>
				<timestamp>3585.791533</timestamp>
			</report>
			<report>
				<misses>10558001</misses>
				<total>34</total>
				<timestamp>3586.131154</timestamp>
			</report>
			<report>
				<misses>10559001</misses>
				<total>34</total>
				<timestamp>3586.470805</timestamp>
			</report>
			<report>
				<misses>10560001</misses>
				<total>34</total>
				<timestamp>3586.810548</timestamp>
			</report>
			<report>
				<misses>10561001</misses>
				<total>34</total>
				<timestamp>3587.150125</timestamp>
			</report>
			<report>
				<misses>10562001</misses>
				<total>34</total>
				<timestamp>3587.489824</timestamp>
			</report>
			<report>
				<misses>10563001</misses>
				<total>34</total>
				<timestamp>3587.829480</timestamp>
			</report>
			<report>
				<misses>10564001</misses>
				<total>34</total>
				<timestamp>3588.169109</timestamp>
			</report>
			<report>
				<misses>10565001</misses>
				<total>34</total>
				<timestamp>3588.508773</timestamp>
			</report>
			<report>
				<misses>10566001</misses>
				<total>33</total>
				<timestamp>3588.848513</timestamp>
			</report>
			<report>
				<misses>10567001</misses>
				<total>34</total>
				<timestamp>3589.188097</timestamp>
			</report>
			<report>
				<misses>10568001</misses>
				<total>34</total>
				<timestamp>3589.527735</timestamp>
			</report>
			<report>
				<misses>10569001</misses>
				<total>34</total>
				<timestamp>3589.867527</timestamp>
			</report>
			<report>
				<misses>10570001</misses>
				<total>34</total>
				<timestamp>3590.207064</timestamp>
			</report>
			<report>
				<misses>10571001</misses>
				<total>34</total>
				<timestamp>3590.546842</timestamp>
			</report>
			<report>
				<misses>10572001</misses>
				<total>33</total>
				<timestamp>3590.886506</timestamp>
			</report>
			<report>
				<misses>10573001</misses>
				<total>34</total>
				<timestamp>3591.226166</timestamp>
			</report>
			<report>
				<misses>10574001</misses>
				<total>34</total>
				<timestamp>3591.565702</timestamp>
			</report>
			<report>
				<misses>10575001</misses>
				<total>33</total>
				<timestamp>3591.905482</timestamp>
			</report>
			<report>
				<misses>10576001</misses>
				<total>34</total>
				<timestamp>3592.245020</timestamp>
			</report>
			<report>
				<misses>10577001</misses>
				<total>34</total>
				<timestamp>3592.584805</timestamp>
			</report>
			<report>
				<misses>10578001</misses>
				<total>33</total>
				<timestamp>3592.924500</timestamp>
			</report>
			<report>
				<misses>10579001</misses>
				<total>34</total>
				<timestamp>3593.264121</timestamp>
			</report>
			<report>
				<misses>10580001</misses>
				<total>33</total>
				<timestamp>3593.603804</timestamp>
			</report>
			<report>
				<misses>10581001</misses>
				<total>34</total>
				<timestamp>3593.943453</timestamp>
			</report>
			<report>
				<misses>10582001</misses>
				<total>34</total>
				<timestamp>3594.283107</timestamp>
			</report>
			<report>
				<misses>10583001</misses>
				<total>34</total>
				<timestamp>3594.622768</timestamp>
			</report>
			<report>
				<misses>10584001</misses>
				<total>34</total>
				<timestamp>3594.962430</timestamp>
			</report>
			<report>
				<misses>10585001</misses>
				<total>34</total>
				<timestamp>3595.302084</timestamp>
			</report>
			<report>
				<misses>10586001</misses>
				<total>33</total>
				<timestamp>3595.641743</timestamp>
			</report>
			<report>
				<misses>10587001</misses>
				<total>34</total>
				<timestamp>3595.981414</timestamp>
			</report>
			<report>
				<misses>10588001</misses>
				<total>34</total>
				<timestamp>3596.320939</timestamp>
			</report>
			<report>
				<misses>10589001</misses>
				<total>34</total>
				<timestamp>3596.660606</timestamp>
			</report>
			<report>
				<misses>10590001</misses>
				<total>34</total>
				<timestamp>3597.000383</timestamp>
			</report>
			<report>
				<misses>10591001</misses>
				<total>34</total>
				<timestamp>3597.339923</timestamp>
			</report>
			<report>
				<misses>10592001</misses>
				<total>33</total>
				<timestamp>3597.679694</timestamp>
			</report>
			<report>
				<misses>10593001</misses>
				<total>34</total>
				<timestamp>3598.019368</timestamp>
			</report>
			<report>
				<misses>10594001</misses>
				<total>34</total>
				<timestamp>3598.358902</timestamp>
			</report>
			<report>
				<misses>10595001</misses>
				<total>33</total>
				<timestamp>3598.698688</timestamp>
			</report>
			<report>
				<misses>10596001</misses>
				<total>34</total>
				<timestamp>3599.038225</timestamp>
			</report>
			<report>
				<misses>10597001</misses>
				<total>34</total>
				<timestamp>3599.377879</timestamp>
			</report>
			<report>
				<misses>10598001</misses>
				<total>33</total>
				<timestamp>3599.717675</timestamp>
			</report>
			<report>
				<misses>10599001</misses>
				<total>34</total>
				<timestamp>3600.057320</timestamp>
			</report>
			<report>
				<misses>10600001</misses>
				<total>34</total>
				<timestamp>3600.396857</timestamp>
			</report>
			<report>
				<misses>10601001</misses>
				<total>34</total>
				<timestamp>3600.736651</timestamp>
			</report>
			<report>
				<misses>10602001</misses>
				<total>34</total>
				<timestamp>3601.076307</timestamp>
			</report>
			<report>
				<misses>10603001</misses>
				<total>34</total>
				<timestamp>3601.415839</timestamp>
			</report>
			<report>
				<misses>10604001</misses>
				<total>34</total>
				<timestamp>3601.755634</timestamp>
			</report>
			<report>
				<misses>10605001</misses>
				<total>34</total>
				<timestamp>3602.095160</timestamp>
			</report>
			<report>
				<misses>10606001</misses>
				<total>34</total>
				<timestamp>3602.434822</timestamp>
			</report>
			<report>
				<misses>10607001</misses>
				<total>34</total>
				<timestamp>3602.774550</timestamp>
			</report>
			<report>
				<misses>10608001</misses>
				<total>34</total>
				<timestamp>3603.114149</timestamp>
			</report>
			<report>
				<misses>10609001</misses>
				<total>34</total>
				<timestamp>3603.453799</timestamp>
			</report>
			<report>
				<misses>10610001</misses>
				<total>33</total>
				<timestamp>3603.793538</timestamp>
			</report>
			<report>
				<misses>10611001</misses>
				<total>34</total>
				<timestamp>3604.133123</timestamp>
			</report>
			<report>
				<misses>10612001</misses>
				<total>34</total>
				<timestamp>3604.472776</timestamp>
			</report>
			<report>
				<misses>10613001</misses>
				<total>33</total>
				<timestamp>3604.812523</timestamp>
			</report>
			<report>
				<misses>10614001</misses>
				<total>34</total>
				<timestamp>3605.152103</timestamp>
			</report>
			<report>
				<misses>10615001</misses>
				<total>34</total>
				<timestamp>3605.491752</timestamp>
			</report>
			<report>
				<misses>10616001</misses>
				<total>34</total>
				<timestamp>3605.831488</timestamp>
			</report>
			<report>
				<misses>10617001</misses>
				<total>34</total>
				<timestamp>3606.171083</timestamp>
			</report>
			<report>
				<misses>10618001</misses>
				<total>34</total>
				<timestamp>3606.510725</timestamp>
			</report>
			<report>
				<misses>10619001</misses>
				<total>33</total>
				<timestamp>3606.850516</timestamp>
			</report>
			<report>
				<misses>10620001</misses>
				<total>34</total>
				<timestamp>3607.190051</timestamp>
			</report>
			<report>
				<misses>10621001</misses>
				<total>34</total>
				<timestamp>3607.529723</timestamp>
			</report>
			<report>
				<misses>10622001</misses>
				<total>34</total>
				<timestamp>3607.869403</timestamp>
			</report>
			<report>
				<misses>10623001</misses>
				<total>34</total>
				<timestamp>3608.209041</timestamp>
			</report>
			<report>
				<misses>10624001</misses>
				<total>34</total>
				<timestamp>3608.548711</timestamp>
			</report>
			<report>
				<misses>10625001</misses>
				<total>33</total>
				<timestamp>3608.888516</timestamp>
			</report>
			<report>
				<misses>10626001</misses>
				<total>34</total>
				<timestamp>3609.228023</timestamp>
			</report>
			<report>
				<misses>10627001</misses>
				<total>34</total>
				<timestamp>3609.567675</timestamp>
			</report>
			<report>
				<misses>10628001</misses>
				<total>34</total>
				<timestamp>3609.907396</timestamp>
			</report>
			<report>
				<misses>10629001</misses>
				<total>34</total>
				<timestamp>3610.246993</timestamp>
			</report>
			<report>
				<misses>10630001</misses>
				<total>34</total>
				<timestamp>3610.586655</timestamp>
			</report>
			<report>
				<misses>10631001</misses>
				<total>34</total>
				<timestamp>3610.926335</timestamp>
			</report>
			<report>
				<misses>10632001</misses>
				<total>34</total>
				<timestamp>3611.265972</timestamp>
			</report>
			<report>
				<misses>10633001</misses>
				<total>34</total>
				<timestamp>3611.605623</timestamp>
			</report>
			<report>
				<misses>10634001</misses>
				<total>34</total>
				<timestamp>3611.945406</timestamp>
			</report>
			<report>
				<misses>10635001</misses>
				<total>35</total>
				<timestamp>3612.284988</timestamp>
			</report>
			<report>
				<misses>10636001</misses>
				<total>35</total>
				<timestamp>3612.624616</timestamp>
			</report>
			<report>
				<misses>10637001</misses>
				<total>35</total>
				<timestamp>3612.964310</timestamp>
			</report>
			<report>
				<misses>10638001</misses>
				<total>35</total>
				<timestamp>3613.303929</timestamp>
			</report>
			<report>
				<misses>10639001</misses>
				<total>35</total>
				<timestamp>3613.643597</timestamp>
			</report>
			<report>
				<misses>10640001</misses>
				<total>35</total>
				<timestamp>3613.983311</timestamp>
			</report>
			<report>
				<misses>10641001</misses>
				<total>35</total>
				<timestamp>3614.322966</timestamp>
			</report>
			<report>
				<misses>10642001</misses>
				<total>35</total>
				<timestamp>3614.662570</timestamp>
			</report>
			<report>
				<misses>10643001</misses>
				<total>34</total>
				<timestamp>3615.002338</timestamp>
			</report>
			<report>
				<misses>10644001</misses>
				<total>35</total>
				<timestamp>3615.341881</timestamp>
			</report>
			<report>
				<misses>10645001</misses>
				<total>35</total>
				<timestamp>3615.681567</timestamp>
			</report>
			<report>
				<misses>10646001</misses>
				<total>34</total>
				<timestamp>3616.021327</timestamp>
			</report>
			<report>
				<misses>10647001</misses>
				<total>35</total>
				<timestamp>3616.360921</timestamp>
			</report>
			<report>
				<misses>10648001</misses>
				<total>35</total>
				<timestamp>3616.700548</timestamp>
			</report>
			<report>
				<misses>10649001</misses>
				<total>34</total>
				<timestamp>3617.040341</timestamp>
			</report>
			<report>
				<misses>10650001</misses>
				<total>35</total>
				<timestamp>3617.379851</timestamp>
			</report>
			<report>
				<misses>10651001</misses>
				<total>35</total>
				<timestamp>3617.719572</timestamp>
			</report>
			<report>
				<misses>10652001</misses>
				<total>35</total>
				<timestamp>3618.059196</timestamp>
			</report>
			<report>
				<misses>10653001</misses>
				<total>35</total>
				<timestamp>3618.398843</timestamp>
			</report>
			<report>
				<misses>10654001</misses>
				<total>35</total>
				<timestamp>3618.738508</timestamp>
			</report>
			<report>
				<misses>10655001</misses>
				<total>35</total>
				<timestamp>3619.078150</timestamp>
			</report>
			<report>
				<misses>10656001</misses>
				<total>35</total>
				<timestamp>3619.417829</timestamp>
			</report>
			<report>
				<misses>10657001</misses>
				<total>34</total>
				<timestamp>3619.757562</timestamp>
			</report>
			<report>
				<misses>10658001</misses>
				<total>34</total>
				<timestamp>3620.097315</timestamp>
			</report>
			<report>
				<misses>10659001</misses>
				<total>35</total>
				<timestamp>3620.436805</timestamp>
			</report>
			<report>
				<misses>10660001</misses>
				<total>34</total>
				<timestamp>3620.776561</timestamp>
			</report>
			<report>
				<misses>10661001</misses>
				<total>35</total>
				<timestamp>3621.116168</timestamp>
			</report>
			<report>
				<misses>10662001</misses>
				<total>35</total>
				<timestamp>3621.455787</timestamp>
			</report>
			<report>
				<misses>10663001</misses>
				<total>35</total>
				<timestamp>3621.795489</timestamp>
			</report>
			<report>
				<misses>10664001</misses>
				<total>35</total>
				<timestamp>3622.135129</timestamp>
			</report>
			<report>
				<misses>10665001</misses>
				<total>35</total>
				<timestamp>3622.474750</timestamp>
			</report>
			<report>
				<misses>10666001</misses>
				<total>34</total>
				<timestamp>3622.814526</timestamp>
			</report>
			<report>
				<misses>10667001</misses>
				<total>35</total>
				<timestamp>3623.154114</timestamp>
			</report>
			<report>
				<misses>10668001</misses>
				<total>34</total>
				<timestamp>3623.493845</timestamp>
			</report>
			<report>
				<misses>10669001</misses>
				<total>35</total>
				<timestamp>3623.833404</timestamp>
			</report>
			<report>
				<misses>10670001</misses>
				<total>35</total>
				<timestamp>3624.173059</timestamp>
			</report>
			<report>
				<misses>10671001</misses>
				<total>35</total>
				<timestamp>3624.512714</timestamp>
			</report>
			<report>
				<misses>10672001</misses>
				<total>35</total>
				<timestamp>3624.852416</timestamp>
			</report>
			<report>
				<misses>10673001</misses>
				<total>35</total>
				<timestamp>3625.192035</timestamp>
			</report>
			<report>
				<misses>10674001</misses>
				<total>35</total>
				<timestamp>3625.531734</timestamp>
			</report>
			<report>
				<misses>10675001</misses>
				<total>35</total>
				<timestamp>3625.871410</timestamp>
			</report>
			<report>
				<misses>10676001</misses>
				<total>35</total>
				<timestamp>3626.211014</timestamp>
			</report>
			<report>
				<misses>10677001</misses>
				<total>35</total>
				<timestamp>3626.550681</timestamp>
			</report>
			<report>
				<misses>10678001</misses>
				<total>35</total>
				<timestamp>3626.890406</timestamp>
			</report>
			<report>
				<misses>10679001</misses>
				<total>35</total>
				<timestamp>3627.230003</timestamp>
			</report>
			<report>
				<misses>10680001</misses>
				<total>35</total>
				<timestamp>3627.569647</timestamp>
			</report>
			<report>
				<misses>10681001</misses>
				<total>35</total>
				<timestamp>3627.909378</timestamp>
			</report>
			<report>
				<misses>10682001</misses>
				<total>35</total>
				<timestamp>3628.249021</timestamp>
			</report>
			<report>
				<misses>10683001</misses>
				<total>35</total>
				<timestamp>3628.588644</timestamp>
			</report>
			<report>
				<misses>10684001</misses>
				<total>35</total>
				<timestamp>3628.928324</timestamp>
			</report>
			<report>
				<misses>10685001</misses>
				<total>35</total>
				<timestamp>3629.267949</timestamp>
			</report>
			<report>
				<misses>10686001</misses>
				<total>35</total>
				<timestamp>3629.607609</timestamp>
			</report>
			<report>
				<misses>10687001</misses>
				<total>35</total>
				<timestamp>3629.947302</timestamp>
			</report>
			<report>
				<misses>10688001</misses>
				<total>35</total>
				<timestamp>3630.286940</timestamp>
			</report>
			<report>
				<misses>10689001</misses>
				<total>35</total>
				<timestamp>3630.626596</timestamp>
			</report>
			<report>
				<misses>10690001</misses>
				<total>35</total>
				<timestamp>3630.966328</timestamp>
			</report>
			<report>
				<misses>10691001</misses>
				<total>35</total>
				<timestamp>3631.305912</timestamp>
			</report>
			<report>
				<misses>10692001</misses>
				<total>35</total>
				<timestamp>3631.645581</timestamp>
			</report>
			<report>
				<misses>10693001</misses>
				<total>34</total>
				<timestamp>3631.985357</timestamp>
			</report>
			<report>
				<misses>10694001</misses>
				<total>35</total>
				<timestamp>3632.324892</timestamp>
			</report>
			<report>
				<misses>10695001</misses>
				<total>35</total>
				<timestamp>3632.664555</timestamp>
			</report>
			<report>
				<misses>10696001</misses>
				<total>34</total>
				<timestamp>3633.004345</timestamp>
			</report>
			<report>
				<misses>10697001</misses>
				<total>35</total>
				<timestamp>3633.344004</timestamp>
			</report>
			<report>
				<misses>10698001</misses>
				<total>35</total>
				<timestamp>3633.683541</timestamp>
			</report>
			<report>
				<misses>10699001</misses>
				<total>35</total>
				<timestamp>3634.023329</timestamp>
			</report>
			<report>
				<misses>10700001</misses>
				<total>34</total>
				<timestamp>3634.362991</timestamp>
			</report>
			<report>
				<misses>10701001</misses>
				<total>35</total>
				<timestamp>3634.702523</timestamp>
			</report>
			<report>
				<misses>10702001</misses>
				<total>35</total>
				<timestamp>3635.042306</timestamp>
			</report>
			<report>
				<misses>10703001</misses>
				<total>35</total>
				<timestamp>3635.381839</timestamp>
			</report>
			<report>
				<misses>10704001</misses>
				<total>35</total>
				<timestamp>3635.721501</timestamp>
			</report>
			<report>
				<misses>10705001</misses>
				<total>35</total>
				<timestamp>3636.061282</timestamp>
			</report>
			<report>
				<misses>10706001</misses>
				<total>35</total>
				<timestamp>3636.400951</timestamp>
			</report>
			<report>
				<misses>10707001</misses>
				<total>35</total>
				<timestamp>3636.740481</timestamp>
			</report>
			<report>
				<misses>10708001</misses>
				<total>35</total>
				<timestamp>3637.080263</timestamp>
			</report>
			<report>
				<misses>10709001</misses>
				<total>35</total>
				<timestamp>3637.419932</timestamp>
			</report>
			<report>
				<misses>10710001</misses>
				<total>35</total>
				<timestamp>3637.759463</timestamp>
			</report>
			<report>
				<misses>10711001</misses>
				<total>35</total>
				<timestamp>3638.099250</timestamp>
			</report>
			<report>
				<misses>10712001</misses>
				<total>35</total>
				<timestamp>3638.438911</timestamp>
			</report>
			<report>
				<misses>10713001</misses>
				<total>35</total>
				<timestamp>3638.778440</timestamp>
			</report>
			<report>
				<misses>10714001</misses>
				<total>35</total>
				<timestamp>3639.118225</timestamp>
			</report>
			<report>
				<misses>10715001</misses>
				<total>35</total>
				<timestamp>3639.457766</timestamp>
			</report>
			<report>
				<misses>10716001</misses>
				<total>35</total>
				<timestamp>3639.797544</timestamp>
			</report>
			<report>
				<misses>10717001</misses>
				<total>35</total>
				<timestamp>3640.137204</timestamp>
			</report>
			<report>
				<misses>10718001</misses>
				<total>35</total>
				<timestamp>3640.476864</timestamp>
			</report>
			<report>
				<misses>10719001</misses>
				<total>35</total>
				<timestamp>3640.816529</timestamp>
			</report>
			<report>
				<misses>10720001</misses>
				<total>35</total>
				<timestamp>3641.156184</timestamp>
			</report>
			<report>
				<misses>10721001</misses>
				<total>35</total>
				<timestamp>3641.495717</timestamp>
			</report>
			<report>
				<misses>10722001</misses>
				<total>35</total>
				<timestamp>3641.835503</timestamp>
			</report>
			<report>
				<misses>10723001</misses>
				<total>35</total>
				<timestamp>3642.175040</timestamp>
			</report>
			<report>
				<misses>10724001</misses>
				<total>35</total>
				<timestamp>3642.514705</timestamp>
			</report>
			<report>
				<misses>10725001</misses>
				<total>35</total>
				<timestamp>3642.854486</timestamp>
			</report>
			<report>
				<misses>10726001</misses>
				<total>35</total>
				<timestamp>3643.194150</timestamp>
			</report>
			<report>
				<misses>10727001</misses>
				<total>35</total>
				<timestamp>3643.533681</timestamp>
			</report>
			<report>
				<misses>10728001</misses>
				<total>35</total>
				<timestamp>3643.873466</timestamp>
			</report>
			<report>
				<misses>10729001</misses>
				<total>35</total>
				<timestamp>3644.213000</timestamp>
			</report>
			<report>
				<misses>10730001</misses>
				<total>35</total>
				<timestamp>3644.552665</timestamp>
			</report>
			<report>
				<misses>10731001</misses>
				<total>35</total>
				<timestamp>3644.892443</timestamp>
			</report>
			<report>
				<misses>10732001</misses>
				<total>35</total>
				<timestamp>3645.231979</timestamp>
			</report>
			<report>
				<misses>10733001</misses>
				<total>35</total>
				<timestamp>3645.571642</timestamp>
			</report>
			<report>
				<misses>10734001</misses>
				<total>34</total>
				<timestamp>3645.911433</timestamp>
			</report>
			<report>
				<misses>10735001</misses>
				<total>35</total>
				<timestamp>3646.251093</timestamp>
			</report>
			<report>
				<misses>10736001</misses>
				<total>35</total>
				<timestamp>3646.590628</timestamp>
			</report>
			<report>
				<misses>10737001</misses>
				<total>35</total>
				<timestamp>3646.930425</timestamp>
			</report>
			<report>
				<misses>10738001</misses>
				<total>35</total>
				<timestamp>3647.270074</timestamp>
			</report>
			<report>
				<misses>10739001</misses>
				<total>35</total>
				<timestamp>3647.609601</timestamp>
			</report>
			<report>
				<misses>10740001</misses>
				<total>34</total>
				<timestamp>3647.949390</timestamp>
			</report>
			<report>
				<misses>10741001</misses>
				<total>35</total>
				<timestamp>3648.289049</timestamp>
			</report>
			<report>
				<misses>10742001</misses>
				<total>35</total>
				<timestamp>3648.628579</timestamp>
			</report>
			<report>
				<misses>10743001</misses>
				<total>35</total>
				<timestamp>3648.968241</timestamp>
			</report>
			<report>
				<misses>10744001</misses>
				<total>35</total>
				<timestamp>3649.308022</timestamp>
			</report>
			<report>
				<misses>10745001</misses>
				<total>35</total>
				<timestamp>3649.647686</timestamp>
			</report>
			<report>
				<misses>10746001</misses>
				<total>35</total>
				<timestamp>3649.987339</timestamp>
			</report>
			<report>
				<misses>10747001</misses>
				<total>35</total>
				<timestamp>3650.326884</timestamp>
			</report>
			<report>
				<misses>10748001</misses>
				<total>35</total>
				<timestamp>3650.666534</timestamp>
			</report>
			<report>
				<misses>10749001</misses>
				<total>35</total>
				<timestamp>3651.006329</timestamp>
			</report>
			<report>
				<misses>10750001</misses>
				<total>35</total>
				<timestamp>3651.345984</timestamp>
			</report>
			<report>
				<misses>10751001</misses>
				<total>35</total>
				<timestamp>3651.685523</timestamp>
			</report>
			<report>
				<misses>10752001</misses>
				<total>35</total>
				<timestamp>3652.025309</timestamp>
			</report>
			<report>
				<misses>10753001</misses>
				<total>35</total>
				<timestamp>3652.364843</timestamp>
			</report>
			<report>
				<misses>10754001</misses>
				<total>35</total>
				<timestamp>3652.704500</timestamp>
			</report>
			<report>
				<misses>10755001</misses>
				<total>34</total>
				<timestamp>3653.044287</timestamp>
			</report>
			<report>
				<misses>10756001</misses>
				<total>35</total>
				<timestamp>3653.383817</timestamp>
			</report>
			<report>
				<misses>10757001</misses>
				<total>35</total>
				<timestamp>3653.723606</timestamp>
			</report>
			<report>
				<misses>10758001</misses>
				<total>34</total>
				<timestamp>3654.063261</timestamp>
			</report>
			<report>
				<misses>10759001</misses>
				<total>35</total>
				<timestamp>3654.402794</timestamp>
			</report>
			<report>
				<misses>10760001</misses>
				<total>35</total>
				<timestamp>3654.742457</timestamp>
			</report>
			<report>
				<misses>10761001</misses>
				<total>35</total>
				<timestamp>3655.082244</timestamp>
			</report>
			<report>
				<misses>10762001</misses>
				<total>35</total>
				<timestamp>3655.421776</timestamp>
			</report>
			<report>
				<misses>10763001</misses>
				<total>35</total>
				<timestamp>3655.761435</timestamp>
			</report>
			<report>
				<misses>10764001</misses>
				<total>34</total>
				<timestamp>3656.101222</timestamp>
			</report>
			<report>
				<misses>10765001</misses>
				<total>35</total>
				<timestamp>3656.440877</timestamp>
			</report>
			<report>
				<misses>10766001</misses>
				<total>35</total>
				<timestamp>3656.780542</timestamp>
			</report>
			<report>
				<misses>10767001</misses>
				<total>34</total>
				<timestamp>3657.120209</timestamp>
			</report>
			<report>
				<misses>10768001</misses>
				<total>35</total>
				<timestamp>3657.459738</timestamp>
			</report>
			<report>
				<misses>10769001</misses>
				<total>35</total>
				<timestamp>3657.799397</timestamp>
			</report>
			<report>
				<misses>10770001</misses>
				<total>35</total>
				<timestamp>3658.139187</timestamp>
			</report>
			<report>
				<misses>10771001</misses>
				<total>35</total>
				<timestamp>3658.478718</timestamp>
			</report>
			<report>
				<misses>10772001</misses>
				<total>35</total>
				<timestamp>3658.818390</timestamp>
			</report>
			<report>
				<misses>10773001</misses>
				<total>35</total>
				<timestamp>3659.158163</timestamp>
			</report>
			<report>
				<misses>10774001</misses>
				<total>35</total>
				<timestamp>3659.497700</timestamp>
			</report>
			<report>
				<misses>10775001</misses>
				<total>35</total>
				<timestamp>3659.837493</timestamp>
			</report>
			<report>
				<misses>10776001</misses>
				<total>34</total>
				<timestamp>3660.177178</timestamp>
			</report>
			<report>
				<misses>10777001</misses>
				<total>35</total>
				<timestamp>3660.516685</timestamp>
			</report>
			<report>
				<misses>10778001</misses>
				<total>35</total>
				<timestamp>3660.856472</timestamp>
			</report>
			<report>
				<misses>10779001</misses>
				<total>35</total>
				<timestamp>3661.196128</timestamp>
			</report>
			<report>
				<misses>10780001</misses>
				<total>35</total>
				<timestamp>3661.535806</timestamp>
			</report>
			<report>
				<misses>10781001</misses>
				<total>35</total>
				<timestamp>3661.875448</timestamp>
			</report>
			<report>
				<misses>10782001</misses>
				<total>35</total>
				<timestamp>3662.215105</timestamp>
			</report>
			<report>
				<misses>10783001</misses>
				<total>35</total>
				<timestamp>3662.554763</timestamp>
			</report>
			<report>
				<misses>10784001</misses>
				<total>35</total>
				<timestamp>3662.894430</timestamp>
			</report>
			<report>
				<misses>10785001</misses>
				<total>35</total>
				<timestamp>3663.234087</timestamp>
			</report>
			<report>
				<misses>10786001</misses>
				<total>35</total>
				<timestamp>3663.573739</timestamp>
			</report>
			<report>
				<misses>10787001</misses>
				<total>35</total>
				<timestamp>3663.913404</timestamp>
			</report>
			<report>
				<misses>10788001</misses>
				<total>34</total>
				<timestamp>3664.253068</timestamp>
			</report>
			<report>
				<misses>10789001</misses>
				<total>35</total>
				<timestamp>3664.592600</timestamp>
			</report>
			<report>
				<misses>10790001</misses>
				<total>35</total>
				<timestamp>3664.932387</timestamp>
			</report>
			<report>
				<misses>10791001</misses>
				<total>34</total>
				<timestamp>3665.272046</timestamp>
			</report>
			<report>
				<misses>10792001</misses>
				<total>35</total>
				<timestamp>3665.611703</timestamp>
			</report>
			<report>
				<misses>10793001</misses>
				<total>35</total>
				<timestamp>3665.951367</timestamp>
			</report>
			<report>
				<misses>10794001</misses>
				<total>35</total>
				<timestamp>3666.291027</timestamp>
			</report>
			<report>
				<misses>10795001</misses>
				<total>35</total>
				<timestamp>3666.630560</timestamp>
			</report>
			<report>
				<misses>10796001</misses>
				<total>35</total>
				<timestamp>3666.970345</timestamp>
			</report>
			<report>
				<misses>10797001</misses>
				<total>35</total>
				<timestamp>3667.310002</timestamp>
			</report>
			<report>
				<misses>10798001</misses>
				<total>35</total>
				<timestamp>3667.649542</timestamp>
			</report>
			<report>
				<misses>10799001</misses>
				<total>35</total>
				<timestamp>3667.989242</timestamp>
			</report>
			<report>
				<misses>10800001</misses>
				<total>35</total>
				<timestamp>3668.328855</timestamp>
			</report>
			<report>
				<misses>10801001</misses>
				<total>35</total>
				<timestamp>3668.668527</timestamp>
			</report>
			<report>
				<misses>10802001</misses>
				<total>35</total>
				<timestamp>3669.008301</timestamp>
			</report>
			<report>
				<misses>10803001</misses>
				<total>35</total>
				<timestamp>3669.347965</timestamp>
			</report>
			<report>
				<misses>10804001</misses>
				<total>35</total>
				<timestamp>3669.687630</timestamp>
			</report>
			<report>
				<misses>10805001</misses>
				<total>35</total>
				<timestamp>3670.027162</timestamp>
			</report>
			<report>
				<misses>10806001</misses>
				<total>35</total>
				<timestamp>3670.366946</timestamp>
			</report>
			<report>
				<misses>10807001</misses>
				<total>35</total>
				<timestamp>3670.706481</timestamp>
			</report>
			<report>
				<misses>10808001</misses>
				<total>35</total>
				<timestamp>3671.046263</timestamp>
			</report>
			<report>
				<misses>10809001</misses>
				<total>35</total>
				<timestamp>3671.385924</timestamp>
			</report>
			<report>
				<misses>10810001</misses>
				<total>35</total>
				<timestamp>3671.725467</timestamp>
			</report>
			<report>
				<misses>10811001</misses>
				<total>34</total>
				<timestamp>3672.065245</timestamp>
			</report>
			<report>
				<misses>10812001</misses>
				<total>35</total>
				<timestamp>3672.404905</timestamp>
			</report>
			<report>
				<misses>10813001</misses>
				<total>35</total>
				<timestamp>3672.744437</timestamp>
			</report>
			<report>
				<misses>10814001</misses>
				<total>35</total>
				<timestamp>3673.084225</timestamp>
			</report>
			<report>
				<misses>10815001</misses>
				<total>35</total>
				<timestamp>3673.423761</timestamp>
			</report>
			<report>
				<misses>10816001</misses>
				<total>35</total>
				<timestamp>3673.763420</timestamp>
			</report>
			<report>
				<misses>10817001</misses>
				<total>35</total>
				<timestamp>3674.103204</timestamp>
			</report>
			<report>
				<misses>10818001</misses>
				<total>35</total>
				<timestamp>3674.442748</timestamp>
			</report>
			<report>
				<misses>10819001</misses>
				<total>35</total>
				<timestamp>3674.782533</timestamp>
			</report>
			<report>
				<misses>10820001</misses>
				<total>35</total>
				<timestamp>3675.122181</timestamp>
			</report>
			<report>
				<misses>10821001</misses>
				<total>34</total>
				<timestamp>3675.461845</timestamp>
			</report>
			<report>
				<misses>10822001</misses>
				<total>35</total>
				<timestamp>3675.801503</timestamp>
			</report>
			<report>
				<misses>10823001</misses>
				<total>35</total>
				<timestamp>3676.141162</timestamp>
			</report>
			<report>
				<misses>10824001</misses>
				<total>35</total>
				<timestamp>3676.480825</timestamp>
			</report>
			<report>
				<misses>10825001</misses>
				<total>35</total>
				<timestamp>3676.820485</timestamp>
			</report>
			<report>
				<misses>10826001</misses>
				<total>35</total>
				<timestamp>3677.160145</timestamp>
			</report>
			<report>
				<misses>10827001</misses>
				<total>35</total>
				<timestamp>3677.499671</timestamp>
			</report>
			<report>
				<misses>10828001</misses>
				<total>35</total>
				<timestamp>3677.839333</timestamp>
			</report>
			<report>
				<misses>10829001</misses>
				<total>35</total>
				<timestamp>3678.179124</timestamp>
			</report>
			<report>
				<misses>10830001</misses>
				<total>35</total>
				<timestamp>3678.518790</timestamp>
			</report>
			<report>
				<misses>10831001</misses>
				<total>35</total>
				<timestamp>3678.858322</timestamp>
			</report>
			<report>
				<misses>10832001</misses>
				<total>35</total>
				<timestamp>3679.198104</timestamp>
			</report>
			<report>
				<misses>10833001</misses>
				<total>35</total>
				<timestamp>3679.537761</timestamp>
			</report>
			<report>
				<misses>10834001</misses>
				<total>35</total>
				<timestamp>3679.877422</timestamp>
			</report>
			<report>
				<misses>10835001</misses>
				<total>34</total>
				<timestamp>3680.217086</timestamp>
			</report>
			<report>
				<misses>10836001</misses>
				<total>35</total>
				<timestamp>3680.556754</timestamp>
			</report>
			<report>
				<misses>10837001</misses>
				<total>35</total>
				<timestamp>3680.896280</timestamp>
			</report>
			<report>
				<misses>10838001</misses>
				<total>34</total>
				<timestamp>3681.236046</timestamp>
			</report>
			<report>
				<misses>10839001</misses>
				<total>35</total>
				<timestamp>3681.575640</timestamp>
			</report>
			<report>
				<misses>10840001</misses>
				<total>35</total>
				<timestamp>3681.915292</timestamp>
			</report>
			<report>
				<misses>10841001</misses>
				<total>34</total>
				<timestamp>3682.255074</timestamp>
			</report>
			<report>
				<misses>10842001</misses>
				<total>35</total>
				<timestamp>3682.594660</timestamp>
			</report>
			<report>
				<misses>10843001</misses>
				<total>35</total>
				<timestamp>3682.934262</timestamp>
			</report>
			<report>
				<misses>10844001</misses>
				<total>35</total>
				<timestamp>3683.273928</timestamp>
			</report>
			<report>
				<misses>10845001</misses>
				<total>35</total>
				<timestamp>3683.613559</timestamp>
			</report>
			<report>
				<misses>10846001</misses>
				<total>35</total>
				<timestamp>3683.953219</timestamp>
			</report>
			<report>
				<misses>10847001</misses>
				<total>35</total>
				<timestamp>3684.292917</timestamp>
			</report>
			<report>
				<misses>10848001</misses>
				<total>35</total>
				<timestamp>3684.632566</timestamp>
			</report>
			<report>
				<misses>10849001</misses>
				<total>35</total>
				<timestamp>3684.972329</timestamp>
			</report>
			<report>
				<misses>10850001</misses>
				<total>35</total>
				<timestamp>3685.311986</timestamp>
			</report>
			<report>
				<misses>10851001</misses>
				<total>35</total>
				<timestamp>3685.651523</timestamp>
			</report>
			<report>
				<misses>10852001</misses>
				<total>35</total>
				<timestamp>3685.991305</timestamp>
			</report>
			<report>
				<misses>10853001</misses>
				<total>35</total>
				<timestamp>3686.330969</timestamp>
			</report>
			<report>
				<misses>10854001</misses>
				<total>35</total>
				<timestamp>3686.670507</timestamp>
			</report>
			<report>
				<misses>10855001</misses>
				<total>35</total>
				<timestamp>3687.010168</timestamp>
			</report>
			<report>
				<misses>10856001</misses>
				<total>35</total>
				<timestamp>3687.349944</timestamp>
			</report>
			<report>
				<misses>10857001</misses>
				<total>35</total>
				<timestamp>3687.689480</timestamp>
			</report>
			<report>
				<misses>10858001</misses>
				<total>35</total>
				<timestamp>3688.029141</timestamp>
			</report>
			<report>
				<misses>10859001</misses>
				<total>34</total>
				<timestamp>3688.368924</timestamp>
			</report>
			<report>
				<misses>10860001</misses>
				<total>35</total>
				<timestamp>3688.708462</timestamp>
			</report>
			<report>
				<misses>10861001</misses>
				<total>35</total>
				<timestamp>3689.048121</timestamp>
			</report>
			<report>
				<misses>10862001</misses>
				<total>35</total>
				<timestamp>3689.387913</timestamp>
			</report>
			<report>
				<misses>10863001</misses>
				<total>35</total>
				<timestamp>3689.727432</timestamp>
			</report>
			<report>
				<misses>10864001</misses>
				<total>35</total>
				<timestamp>3690.067225</timestamp>
			</report>
			<report>
				<misses>10865001</misses>
				<total>35</total>
				<timestamp>3690.406886</timestamp>
			</report>
			<report>
				<misses>10866001</misses>
				<total>35</total>
				<timestamp>3690.746542</timestamp>
			</report>
			<report>
				<misses>10867001</misses>
				<total>35</total>
				<timestamp>3691.086206</timestamp>
			</report>
			<report>
				<misses>10868001</misses>
				<total>34</total>
				<timestamp>3691.425864</timestamp>
			</report>
			<report>
				<misses>10869001</misses>
				<total>35</total>
				<timestamp>3691.765400</timestamp>
			</report>
			<report>
				<misses>10870001</misses>
				<total>35</total>
				<timestamp>3692.105060</timestamp>
			</report>
			<report>
				<misses>10871001</misses>
				<total>34</total>
				<timestamp>3692.444849</timestamp>
			</report>
			<report>
				<misses>10872001</misses>
				<total>35</total>
				<timestamp>3692.784508</timestamp>
			</report>
			<report>
				<misses>10873001</misses>
				<total>35</total>
				<timestamp>3693.124166</timestamp>
			</report>
			<report>
				<misses>10874001</misses>
				<total>35</total>
				<timestamp>3693.463825</timestamp>
			</report>
			<report>
				<misses>10875001</misses>
				<total>35</total>
				<timestamp>3693.803355</timestamp>
			</report>
			<report>
				<misses>10876001</misses>
				<total>35</total>
				<timestamp>3694.143150</timestamp>
			</report>
			<report>
				<misses>10877001</misses>
				<total>35</total>
				<timestamp>3694.482806</timestamp>
			</report>
			<report>
				<misses>10878001</misses>
				<total>35</total>
				<timestamp>3694.822466</timestamp>
			</report>
			<report>
				<misses>10879001</misses>
				<total>35</total>
				<timestamp>3695.162127</timestamp>
			</report>
			<report>
				<misses>10880001</misses>
				<total>34</total>
				<timestamp>3695.501798</timestamp>
			</report>
			<report>
				<misses>10881001</misses>
				<total>35</total>
				<timestamp>3695.841319</timestamp>
			</report>
			<report>
				<misses>10882001</misses>
				<total>34</total>
				<timestamp>3696.181106</timestamp>
			</report>
			<report>
				<misses>10883001</misses>
				<total>35</total>
				<timestamp>3696.520637</timestamp>
			</report>
			<report>
				<misses>10884001</misses>
				<total>35</total>
				<timestamp>3696.860424</timestamp>
			</report>
			<report>
				<misses>10885001</misses>
				<total>35</total>
				<timestamp>3697.200089</timestamp>
			</report>
			<report>
				<misses>10886001</misses>
				<total>35</total>
				<timestamp>3697.539746</timestamp>
			</report>
			<report>
				<misses>10887001</misses>
				<total>35</total>
				<timestamp>3697.879402</timestamp>
			</report>
			<report>
				<misses>10888001</misses>
				<total>35</total>
				<timestamp>3698.219066</timestamp>
			</report>
			<report>
				<misses>10889001</misses>
				<total>35</total>
				<timestamp>3698.558726</timestamp>
			</report>
			<report>
				<misses>10890001</misses>
				<total>35</total>
				<timestamp>3698.898388</timestamp>
			</report>
			<report>
				<misses>10891001</misses>
				<total>35</total>
				<timestamp>3699.238042</timestamp>
			</report>
			<report>
				<misses>10892001</misses>
				<total>35</total>
				<timestamp>3699.577706</timestamp>
			</report>
			<report>
				<misses>10893001</misses>
				<total>35</total>
				<timestamp>3699.917371</timestamp>
			</report>
			<report>
				<misses>10894001</misses>
				<total>35</total>
				<timestamp>3700.257026</timestamp>
			</report>
			<report>
				<misses>10895001</misses>
				<total>35</total>
				<timestamp>3700.596685</timestamp>
			</report>
			<report>
				<misses>10896001</misses>
				<total>35</total>
				<timestamp>3700.936346</timestamp>
			</report>
			<report>
				<misses>10897001</misses>
				<total>35</total>
				<timestamp>3701.276006</timestamp>
			</report>
			<report>
				<misses>10898001</misses>
				<total>35</total>
				<timestamp>3701.615674</timestamp>
			</report>
			<report>
				<misses>10899001</misses>
				<total>35</total>
				<timestamp>3701.955334</timestamp>
			</report>
			<report>
				<misses>10900001</misses>
				<total>35</total>
				<timestamp>3702.294987</timestamp>
			</report>
			<report>
				<misses>10901001</misses>
				<total>35</total>
				<timestamp>3702.634650</timestamp>
			</report>
			<report>
				<misses>10902001</misses>
				<total>35</total>
				<timestamp>3702.974179</timestamp>
			</report>
			<report>
				<misses>10903001</misses>
				<total>35</total>
				<timestamp>3703.313962</timestamp>
			</report>
			<report>
				<misses>10904001</misses>
				<total>35</total>
				<timestamp>3703.653488</timestamp>
			</report>
			<report>
				<misses>10905001</misses>
				<total>35</total>
				<timestamp>3703.993288</timestamp>
			</report>
			<report>
				<misses>10906001</misses>
				<total>34</total>
				<timestamp>3704.332945</timestamp>
			</report>
			<report>
				<misses>10907001</misses>
				<total>35</total>
				<timestamp>3704.672624</timestamp>
			</report>
			<report>
				<misses>10908001</misses>
				<total>35</total>
				<timestamp>3705.012157</timestamp>
			</report>
			<report>
				<misses>10909001</misses>
				<total>35</total>
				<timestamp>3705.351881</timestamp>
			</report>
			<report>
				<misses>10910001</misses>
				<total>35</total>
				<timestamp>3705.691470</timestamp>
			</report>
			<report>
				<misses>10911001</misses>
				<total>35</total>
				<timestamp>3706.031115</timestamp>
			</report>
			<report>
				<misses>10912001</misses>
				<total>35</total>
				<timestamp>3706.370783</timestamp>
			</report>
			<report>
				<misses>10913001</misses>
				<total>35</total>
				<timestamp>3706.710475</timestamp>
			</report>
			<report>
				<misses>10914001</misses>
				<total>35</total>
				<timestamp>3707.050106</timestamp>
			</report>
			<report>
				<misses>10915001</misses>
				<total>35</total>
				<timestamp>3707.389804</timestamp>
			</report>
			<report>
				<misses>10916001</misses>
				<total>35</total>
				<timestamp>3707.729459</timestamp>
			</report>
			<report>
				<misses>10917001</misses>
				<total>35</total>
				<timestamp>3708.069065</timestamp>
			</report>
			<report>
				<misses>10918001</misses>
				<total>35</total>
				<timestamp>3708.408805</timestamp>
			</report>
			<report>
				<misses>10919001</misses>
				<total>35</total>
				<timestamp>3708.748404</timestamp>
			</report>
			<report>
				<misses>10920001</misses>
				<total>35</total>
				<timestamp>3709.088064</timestamp>
			</report>
			<report>
				<misses>10921001</misses>
				<total>35</total>
				<timestamp>3709.427755</timestamp>
			</report>
			<report>
				<misses>10922001</misses>
				<total>35</total>
				<timestamp>3709.767389</timestamp>
			</report>
			<report>
				<misses>10923001</misses>
				<total>35</total>
				<timestamp>3710.107046</timestamp>
			</report>
			<report>
				<misses>10924001</misses>
				<total>35</total>
				<timestamp>3710.446755</timestamp>
			</report>
			<report>
				<misses>10925001</misses>
				<total>35</total>
				<timestamp>3710.786349</timestamp>
			</report>
			<report>
				<misses>10926001</misses>
				<total>35</total>
				<timestamp>3711.126044</timestamp>
			</report>
			<report>
				<misses>10927001</misses>
				<total>35</total>
				<timestamp>3711.465688</timestamp>
			</report>
			<report>
				<misses>10928001</misses>
				<total>35</total>
				<timestamp>3711.805340</timestamp>
			</report>
			<report>
				<misses>10929001</misses>
				<total>35</total>
				<timestamp>3712.145010</timestamp>
			</report>
			<report>
				<misses>10930001</misses>
				<total>35</total>
				<timestamp>3712.484737</timestamp>
			</report>
			<report>
				<misses>10931001</misses>
				<total>35</total>
				<timestamp>3712.824319</timestamp>
			</report>
			<report>
				<misses>10932001</misses>
				<total>35</total>
				<timestamp>3713.164004</timestamp>
			</report>
			<report>
				<misses>10933001</misses>
				<total>35</total>
				<timestamp>3713.503674</timestamp>
			</report>
			<report>
				<misses>10934001</misses>
				<total>35</total>
				<timestamp>3713.843284</timestamp>
			</report>
			<report>
				<misses>10935001</misses>
				<total>35</total>
				<timestamp>3714.182970</timestamp>
			</report>
			<report>
				<misses>10936001</misses>
				<total>34</total>
				<timestamp>3714.522752</timestamp>
			</report>
			<report>
				<misses>10937001</misses>
				<total>35</total>
				<timestamp>3714.862337</timestamp>
			</report>
			<report>
				<misses>10938001</misses>
				<total>35</total>
				<timestamp>3715.201965</timestamp>
			</report>
			<report>
				<misses>10939001</misses>
				<total>34</total>
				<timestamp>3715.541736</timestamp>
			</report>
			<report>
				<misses>10940001</misses>
				<total>35</total>
				<timestamp>3715.881335</timestamp>
			</report>
			<report>
				<misses>10941001</misses>
				<total>35</total>
				<timestamp>3716.220916</timestamp>
			</report>
			<report>
				<misses>10942001</misses>
				<total>34</total>
				<timestamp>3716.560746</timestamp>
			</report>
			<report>
				<misses>10943001</misses>
				<total>35</total>
				<timestamp>3716.900245</timestamp>
			</report>
			<report>
				<misses>10944001</misses>
				<total>35</total>
				<timestamp>3717.239938</timestamp>
			</report>
			<report>
				<misses>10945001</misses>
				<total>34</total>
				<timestamp>3717.579708</timestamp>
			</report>
			<report>
				<misses>10946001</misses>
				<total>35</total>
				<timestamp>3717.919226</timestamp>
			</report>
			<report>
				<misses>10947001</misses>
				<total>35</total>
				<timestamp>3718.258926</timestamp>
			</report>
			<report>
				<misses>10948001</misses>
				<total>34</total>
				<timestamp>3718.598719</timestamp>
			</report>
			<report>
				<misses>10949001</misses>
				<total>35</total>
				<timestamp>3718.938195</timestamp>
			</report>
			<report>
				<misses>10950001</misses>
				<total>35</total>
				<timestamp>3719.277868</timestamp>
			</report>
			<report>
				<misses>10951001</misses>
				<total>35</total>
				<timestamp>3719.617520</timestamp>
			</report>
			<report>
				<misses>10952001</misses>
				<total>35</total>
				<timestamp>3719.957173</timestamp>
			</report>
			<report>
				<misses>10953001</misses>
				<total>35</total>
				<timestamp>3720.296849</timestamp>
			</report>
			<report>
				<misses>10954001</misses>
				<total>35</total>
				<timestamp>3720.636567</timestamp>
			</report>
			<report>
				<misses>10955001</misses>
				<total>35</total>
				<timestamp>3720.976171</timestamp>
			</report>
			<report>
				<misses>10956001</misses>
				<total>35</total>
				<timestamp>3721.315845</timestamp>
			</report>
			<report>
				<misses>10957001</misses>
				<total>35</total>
				<timestamp>3721.655467</timestamp>
			</report>
			<report>
				<misses>10958001</misses>
				<total>35</total>
				<timestamp>3721.995151</timestamp>
			</report>
			<report>
				<misses>10959001</misses>
				<total>34</total>
				<timestamp>3722.334908</timestamp>
			</report>
			<report>
				<misses>10960001</misses>
				<total>35</total>
				<timestamp>3722.674499</timestamp>
			</report>
			<report>
				<misses>10961001</misses>
				<total>35</total>
				<timestamp>3723.014128</timestamp>
			</report>
			<report>
				<misses>10962001</misses>
				<total>35</total>
				<timestamp>3723.353912</timestamp>
			</report>
			<report>
				<misses>10963001</misses>
				<total>35</total>
				<timestamp>3723.693570</timestamp>
			</report>
			<report>
				<misses>10964001</misses>
				<total>35</total>
				<timestamp>3724.033231</timestamp>
			</report>
			<report>
				<misses>10965001</misses>
				<total>35</total>
				<timestamp>3724.372888</timestamp>
			</report>
			<report>
				<misses>10966001</misses>
				<total>35</total>
				<timestamp>3724.712432</timestamp>
			</report>
			<report>
				<misses>10967001</misses>
				<total>35</total>
				<timestamp>3725.052087</timestamp>
			</report>
			<report>
				<misses>10968001</misses>
				<total>34</total>
				<timestamp>3725.391883</timestamp>
			</report>
			<report>
				<misses>10969001</misses>
				<total>35</total>
				<timestamp>3725.731528</timestamp>
			</report>
			<report>
				<misses>10970001</misses>
				<total>35</total>
				<timestamp>3726.071067</timestamp>
			</report>
			<report>
				<misses>10971001</misses>
				<total>35</total>
				<timestamp>3726.410729</timestamp>
			</report>
			<report>
				<misses>10972001</misses>
				<total>34</total>
				<timestamp>3726.750525</timestamp>
			</report>
			<report>
				<misses>10973001</misses>
				<total>35</total>
				<timestamp>3727.090170</timestamp>
			</report>
			<report>
				<misses>10974001</misses>
				<total>35</total>
				<timestamp>3727.429830</timestamp>
			</report>
			<report>
				<misses>10975001</misses>
				<total>35</total>
				<timestamp>3727.769378</timestamp>
			</report>
			<report>
				<misses>10976001</misses>
				<total>35</total>
				<timestamp>3728.109030</timestamp>
			</report>
			<report>
				<misses>10977001</misses>
				<total>35</total>
				<timestamp>3728.448807</timestamp>
			</report>
			<report>
				<misses>10978001</misses>
				<total>35</total>
				<timestamp>3728.788344</timestamp>
			</report>
			<report>
				<misses>10979001</misses>
				<total>35</total>
				<timestamp>3729.127999</timestamp>
			</report>
			<report>
				<misses>10980001</misses>
				<total>34</total>
				<timestamp>3729.467782</timestamp>
			</report>
			<report>
				<misses>10981001</misses>
				<total>35</total>
				<timestamp>3729.807329</timestamp>
			</report>
			<report>
				<misses>10982001</misses>
				<total>35</total>
				<timestamp>3730.147003</timestamp>
			</report>
			<report>
				<misses>10983001</misses>
				<total>34</total>
				<timestamp>3730.486774</timestamp>
			</report>
			<report>
				<misses>10984001</misses>
				<total>35</total>
				<timestamp>3730.826431</timestamp>
			</report>
			<report>
				<misses>10985001</misses>
				<total>35</total>
				<timestamp>3731.165968</timestamp>
			</report>
			<report>
				<misses>10986001</misses>
				<total>34</total>
				<timestamp>3731.505767</timestamp>
			</report>
			<report>
				<misses>10987001</misses>
				<total>35</total>
				<timestamp>3731.845286</timestamp>
			</report>
			<report>
				<misses>10988001</misses>
				<total>35</total>
				<timestamp>3732.184938</timestamp>
			</report>
			<report>
				<misses>10989001</misses>
				<total>35</total>
				<timestamp>3732.524738</timestamp>
			</report>
			<report>
				<misses>10990001</misses>
				<total>35</total>
				<timestamp>3732.864391</timestamp>
			</report>
			<report>
				<misses>10991001</misses>
				<total>35</total>
				<timestamp>3733.203924</timestamp>
			</report>
			<report>
				<misses>10992001</misses>
				<total>34</total>
				<timestamp>3733.543713</timestamp>
			</report>
			<report>
				<misses>10993001</misses>
				<total>35</total>
				<timestamp>3733.883251</timestamp>
			</report>
			<report>
				<misses>10994001</misses>
				<total>35</total>
				<timestamp>3734.223022</timestamp>
			</report>
			<report>
				<misses>10995001</misses>
				<total>35</total>
				<timestamp>3734.562688</timestamp>
			</report>
			<report>
				<misses>10996001</misses>
				<total>35</total>
				<timestamp>3734.902341</timestamp>
			</report>
			<report>
				<misses>10997001</misses>
				<total>35</total>
				<timestamp>3735.241887</timestamp>
			</report>
			<report>
				<misses>10998001</misses>
				<total>35</total>
				<timestamp>3735.581667</timestamp>
			</report>
			<report>
				<misses>10999001</misses>
				<total>35</total>
				<timestamp>3735.921198</timestamp>
			</report>
			<report>
				<misses>11000001</misses>
				<total>35</total>
				<timestamp>3736.260984</timestamp>
			</report>
			<report>
				<misses>11001001</misses>
				<total>35</total>
				<timestamp>3736.600647</timestamp>
			</report>
			<report>
				<misses>11002001</misses>
				<total>35</total>
				<timestamp>3736.940304</timestamp>
			</report>
			<report>
				<misses>11003001</misses>
				<total>35</total>
				<timestamp>3737.279965</timestamp>
			</report>
			<report>
				<misses>11004001</misses>
				<total>35</total>
				<timestamp>3737.619626</timestamp>
			</report>
			<report>
				<misses>11005001</misses>
				<total>35</total>
				<timestamp>3737.959288</timestamp>
			</report>
			<report>
				<misses>11006001</misses>
				<total>35</total>
				<timestamp>3738.298817</timestamp>
			</report>
			<report>
				<misses>11007001</misses>
				<total>35</total>
				<timestamp>3738.638602</timestamp>
			</report>
			<report>
				<misses>11008001</misses>
				<total>35</total>
				<timestamp>3738.978140</timestamp>
			</report>
			<report>
				<misses>11009001</misses>
				<total>35</total>
				<timestamp>3739.317925</timestamp>
			</report>
			<report>
				<misses>11010001</misses>
				<total>35</total>
				<timestamp>3739.657581</timestamp>
			</report>
			<report>
				<misses>11011001</misses>
				<total>35</total>
				<timestamp>3739.997115</timestamp>
			</report>
			<report>
				<misses>11012001</misses>
				<total>35</total>
				<timestamp>3740.336904</timestamp>
			</report>
			<report>
				<misses>11013001</misses>
				<total>34</total>
				<timestamp>3740.676564</timestamp>
			</report>
			<report>
				<misses>11014001</misses>
				<total>35</total>
				<timestamp>3741.016222</timestamp>
			</report>
			<report>
				<misses>11015001</misses>
				<total>35</total>
				<timestamp>3741.355757</timestamp>
			</report>
			<report>
				<misses>11016001</misses>
				<total>34</total>
				<timestamp>3741.695557</timestamp>
			</report>
			<report>
				<misses>11017001</misses>
				<total>35</total>
				<timestamp>3742.035069</timestamp>
			</report>
			<report>
				<misses>11018001</misses>
				<total>35</total>
				<timestamp>3742.374868</timestamp>
			</report>
			<report>
				<misses>11019001</misses>
				<total>35</total>
				<timestamp>3742.714522</timestamp>
			</report>
			<report>
				<misses>11020001</misses>
				<total>35</total>
				<timestamp>3743.054186</timestamp>
			</report>
			<report>
				<misses>11021001</misses>
				<total>35</total>
				<timestamp>3743.393854</timestamp>
			</report>
			<report>
				<misses>11022001</misses>
				<total>35</total>
				<timestamp>3743.733499</timestamp>
			</report>
			<report>
				<misses>11023001</misses>
				<total>35</total>
				<timestamp>3744.073166</timestamp>
			</report>
			<report>
				<misses>11024001</misses>
				<total>35</total>
				<timestamp>3744.412823</timestamp>
			</report>
			<report>
				<misses>11025001</misses>
				<total>35</total>
				<timestamp>3744.752487</timestamp>
			</report>
			<report>
				<misses>11026001</misses>
				<total>35</total>
				<timestamp>3745.092147</timestamp>
			</report>
			<report>
				<misses>11027001</misses>
				<total>35</total>
				<timestamp>3745.431805</timestamp>
			</report>
			<report>
				<misses>11028001</misses>
				<total>35</total>
				<timestamp>3745.771346</timestamp>
			</report>
			<report>
				<misses>11029001</misses>
				<total>35</total>
				<timestamp>3746.110999</timestamp>
			</report>
			<report>
				<misses>11030001</misses>
				<total>35</total>
				<timestamp>3746.450787</timestamp>
			</report>
			<report>
				<misses>11031001</misses>
				<total>35</total>
				<timestamp>3746.790449</timestamp>
			</report>
			<report>
				<misses>11032001</misses>
				<total>35</total>
				<timestamp>3747.130107</timestamp>
			</report>
			<report>
				<misses>11033001</misses>
				<total>35</total>
				<timestamp>3747.469643</timestamp>
			</report>
			<report>
				<misses>11034001</misses>
				<total>35</total>
				<timestamp>3747.809429</timestamp>
			</report>
			<report>
				<misses>11035001</misses>
				<total>35</total>
				<timestamp>3748.149094</timestamp>
			</report>
			<report>
				<misses>11036001</misses>
				<total>34</total>
				<timestamp>3748.488746</timestamp>
			</report>
			<report>
				<misses>11037001</misses>
				<total>35</total>
				<timestamp>3748.828406</timestamp>
			</report>
			<report>
				<misses>11038001</misses>
				<total>35</total>
				<timestamp>3749.168063</timestamp>
			</report>
			<report>
				<misses>11039001</misses>
				<total>35</total>
				<timestamp>3749.507728</timestamp>
			</report>
			<report>
				<misses>11040001</misses>
				<total>35</total>
				<timestamp>3749.847385</timestamp>
			</report>
			<report>
				<misses>11041001</misses>
				<total>35</total>
				<timestamp>3750.186920</timestamp>
			</report>
			<report>
				<misses>11042001</misses>
				<total>35</total>
				<timestamp>3750.526708</timestamp>
			</report>
			<report>
				<misses>11043001</misses>
				<total>35</total>
				<timestamp>3750.866247</timestamp>
			</report>
			<report>
				<misses>11044001</misses>
				<total>35</total>
				<timestamp>3751.206029</timestamp>
			</report>
			<report>
				<misses>11045001</misses>
				<total>35</total>
				<timestamp>3751.545691</timestamp>
			</report>
			<report>
				<misses>11046001</misses>
				<total>35</total>
				<timestamp>3751.885223</timestamp>
			</report>
			<report>
				<misses>11047001</misses>
				<total>35</total>
				<timestamp>3752.224887</timestamp>
			</report>
			<report>
				<misses>11048001</misses>
				<total>35</total>
				<timestamp>3752.564673</timestamp>
			</report>
			<report>
				<misses>11049001</misses>
				<total>35</total>
				<timestamp>3752.904200</timestamp>
			</report>
			<report>
				<misses>11050001</misses>
				<total>35</total>
				<timestamp>3753.243985</timestamp>
			</report>
			<report>
				<misses>11051001</misses>
				<total>34</total>
				<timestamp>3753.583651</timestamp>
			</report>
			<report>
				<misses>11052001</misses>
				<total>35</total>
				<timestamp>3753.923301</timestamp>
			</report>
			<report>
				<misses>11053001</misses>
				<total>35</total>
				<timestamp>3754.262972</timestamp>
			</report>
			<report>
				<misses>11054001</misses>
				<total>34</total>
				<timestamp>3754.602620</timestamp>
			</report>
			<report>
				<misses>11055001</misses>
				<total>35</total>
				<timestamp>3754.942160</timestamp>
			</report>
			<report>
				<misses>11056001</misses>
				<total>35</total>
				<timestamp>3755.281818</timestamp>
			</report>
			<report>
				<misses>11057001</misses>
				<total>34</total>
				<timestamp>3755.621602</timestamp>
			</report>
			<report>
				<misses>11058001</misses>
				<total>35</total>
				<timestamp>3755.961145</timestamp>
			</report>
			<report>
				<misses>11059001</misses>
				<total>35</total>
				<timestamp>3756.300803</timestamp>
			</report>
			<report>
				<misses>11060001</misses>
				<total>34</total>
				<timestamp>3756.640588</timestamp>
			</report>
			<report>
				<misses>11061001</misses>
				<total>35</total>
				<timestamp>3756.980242</timestamp>
			</report>
			<report>
				<misses>11062001</misses>
				<total>35</total>
				<timestamp>3757.319776</timestamp>
			</report>
			<report>
				<misses>11063001</misses>
				<total>35</total>
				<timestamp>3757.659563</timestamp>
			</report>
			<report>
				<misses>11064001</misses>
				<total>35</total>
				<timestamp>3757.999224</timestamp>
			</report>
			<report>
				<misses>11065001</misses>
				<total>35</total>
				<timestamp>3758.338886</timestamp>
			</report>
			<report>
				<misses>11066001</misses>
				<total>35</total>
				<timestamp>3758.678546</timestamp>
			</report>
			<report>
				<misses>11067001</misses>
				<total>35</total>
				<timestamp>3759.018085</timestamp>
			</report>
			<report>
				<misses>11068001</misses>
				<total>35</total>
				<timestamp>3759.357736</timestamp>
			</report>
			<report>
				<misses>11069001</misses>
				<total>35</total>
				<timestamp>3759.697521</timestamp>
			</report>
			<report>
				<misses>11070001</misses>
				<total>35</total>
				<timestamp>3760.037180</timestamp>
			</report>
			<report>
				<misses>11071001</misses>
				<total>35</total>
				<timestamp>3760.376721</timestamp>
			</report>
			<report>
				<misses>11072001</misses>
				<total>35</total>
				<timestamp>3760.716506</timestamp>
			</report>
			<report>
				<misses>11073001</misses>
				<total>35</total>
				<timestamp>3761.056036</timestamp>
			</report>
			<report>
				<misses>11074001</misses>
				<total>35</total>
				<timestamp>3761.395824</timestamp>
			</report>
			<report>
				<misses>11075001</misses>
				<total>35</total>
				<timestamp>3761.735481</timestamp>
			</report>
			<report>
				<misses>11076001</misses>
				<total>35</total>
				<timestamp>3762.075020</timestamp>
			</report>
			<report>
				<misses>11077001</misses>
				<total>35</total>
				<timestamp>3762.414682</timestamp>
			</report>
			<report>
				<misses>11078001</misses>
				<total>34</total>
				<timestamp>3762.754482</timestamp>
			</report>
			<report>
				<misses>11079001</misses>
				<total>35</total>
				<timestamp>3763.094126</timestamp>
			</report>
			<report>
				<misses>11080001</misses>
				<total>35</total>
				<timestamp>3763.433784</timestamp>
			</report>
			<report>
				<misses>11081001</misses>
				<total>35</total>
				<timestamp>3763.773446</timestamp>
			</report>
			<report>
				<misses>11082001</misses>
				<total>35</total>
				<timestamp>3764.112978</timestamp>
			</report>
			<report>
				<misses>11083001</misses>
				<total>35</total>
				<timestamp>3764.452764</timestamp>
			</report>
			<report>
				<misses>11084001</misses>
				<total>35</total>
				<timestamp>3764.792423</timestamp>
			</report>
			<report>
				<misses>11085001</misses>
				<total>35</total>
				<timestamp>3765.132083</timestamp>
			</report>
			<report>
				<misses>11086001</misses>
				<total>35</total>
				<timestamp>3765.471746</timestamp>
			</report>
			<report>
				<misses>11087001</misses>
				<total>35</total>
				<timestamp>3765.811408</timestamp>
			</report>
			<report>
				<misses>11088001</misses>
				<total>35</total>
				<timestamp>3766.151065</timestamp>
			</report>
			<report>
				<misses>11089001</misses>
				<total>35</total>
				<timestamp>3766.490725</timestamp>
			</report>
			<report>
				<misses>11090001</misses>
				<total>34</total>
				<timestamp>3766.830386</timestamp>
			</report>
			<report>
				<misses>11091001</misses>
				<total>35</total>
				<timestamp>3767.169922</timestamp>
			</report>
			<report>
				<misses>11092001</misses>
				<total>35</total>
				<timestamp>3767.509574</timestamp>
			</report>
			<report>
				<misses>11093001</misses>
				<total>35</total>
				<timestamp>3767.849369</timestamp>
			</report>
			<report>
				<misses>11094001</misses>
				<total>35</total>
				<timestamp>3768.188904</timestamp>
			</report>
			<report>
				<misses>11095001</misses>
				<total>35</total>
				<timestamp>3768.528564</timestamp>
			</report>
			<report>
				<misses>11096001</misses>
				<total>34</total>
				<timestamp>3768.868389</timestamp>
			</report>
			<report>
				<misses>11097001</misses>
				<total>35</total>
				<timestamp>3769.207889</timestamp>
			</report>
			<report>
				<misses>11098001</misses>
				<total>34</total>
				<timestamp>3769.547634</timestamp>
			</report>
			<report>
				<misses>11099001</misses>
				<total>35</total>
				<timestamp>3769.887242</timestamp>
			</report>
			<report>
				<misses>11100001</misses>
				<total>35</total>
				<timestamp>3770.226864</timestamp>
			</report>
			<report>
				<misses>11101001</misses>
				<total>34</total>
				<timestamp>3770.566630</timestamp>
			</report>
			<report>
				<misses>11102001</misses>
				<total>35</total>
				<timestamp>3770.906204</timestamp>
			</report>
			<report>
				<misses>11103001</misses>
				<total>35</total>
				<timestamp>3771.245838</timestamp>
			</report>
			<report>
				<misses>11104001</misses>
				<total>34</total>
				<timestamp>3771.585620</timestamp>
			</report>
			<report>
				<misses>11105001</misses>
				<total>35</total>
				<timestamp>3771.925173</timestamp>
			</report>
			<report>
				<misses>11106001</misses>
				<total>35</total>
				<timestamp>3772.264816</timestamp>
			</report>
			<report>
				<misses>11107001</misses>
				<total>35</total>
				<timestamp>3772.604492</timestamp>
			</report>
			<report>
				<misses>11108001</misses>
				<total>35</total>
				<timestamp>3772.944192</timestamp>
			</report>
			<report>
				<misses>11109001</misses>
				<total>35</total>
				<timestamp>3773.283799</timestamp>
			</report>
			<report>
				<misses>11110001</misses>
				<total>35</total>
				<timestamp>3773.623486</timestamp>
			</report>
			<report>
				<misses>11111001</misses>
				<total>35</total>
				<timestamp>3773.963119</timestamp>
			</report>
			<report>
				<misses>11112001</misses>
				<total>35</total>
				<timestamp>3774.302783</timestamp>
			</report>
			<report>
				<misses>11113001</misses>
				<total>35</total>
				<timestamp>3774.642451</timestamp>
			</report>
			<report>
				<misses>11114001</misses>
				<total>35</total>
				<timestamp>3774.982095</timestamp>
			</report>
			<report>
				<misses>11115001</misses>
				<total>35</total>
				<timestamp>3775.321767</timestamp>
			</report>
			<report>
				<misses>11116001</misses>
				<total>35</total>
				<timestamp>3775.661471</timestamp>
			</report>
			<report>
				<misses>11117001</misses>
				<total>35</total>
				<timestamp>3776.001065</timestamp>
			</report>
			<report>
				<misses>11118001</misses>
				<total>35</total>
				<timestamp>3776.340740</timestamp>
			</report>
			<report>
				<misses>11119001</misses>
				<total>35</total>
				<timestamp>3776.680456</timestamp>
			</report>
			<report>
				<misses>11120001</misses>
				<total>35</total>
				<timestamp>3777.020060</timestamp>
			</report>
			<report>
				<misses>11121001</misses>
				<total>35</total>
				<timestamp>3777.359711</timestamp>
			</report>
			<report>
				<misses>11122001</misses>
				<total>35</total>
				<timestamp>3777.699402</timestamp>
			</report>
			<report>
				<misses>11123001</misses>
				<total>35</total>
				<timestamp>3778.039052</timestamp>
			</report>
			<report>
				<misses>11124001</misses>
				<total>35</total>
				<timestamp>3778.378705</timestamp>
			</report>
			<report>
				<misses>11125001</misses>
				<total>34</total>
				<timestamp>3778.718464</timestamp>
			</report>
			<report>
				<misses>11126001</misses>
				<total>35</total>
				<timestamp>3779.058026</timestamp>
			</report>
			<report>
				<misses>11127001</misses>
				<total>35</total>
				<timestamp>3779.397708</timestamp>
			</report>
			<report>
				<misses>11128001</misses>
				<total>34</total>
				<timestamp>3779.737519</timestamp>
			</report>
			<report>
				<misses>11129001</misses>
				<total>35</total>
				<timestamp>3780.077000</timestamp>
			</report>
			<report>
				<misses>11130001</misses>
				<total>35</total>
				<timestamp>3780.416663</timestamp>
			</report>
			<report>
				<misses>11131001</misses>
				<total>35</total>
				<timestamp>3780.756342</timestamp>
			</report>
			<report>
				<misses>11132001</misses>
				<total>35</total>
				<timestamp>3781.095983</timestamp>
			</report>
			<report>
				<misses>11133001</misses>
				<total>35</total>
				<timestamp>3781.435683</timestamp>
			</report>
			<report>
				<misses>11134001</misses>
				<total>34</total>
				<timestamp>3781.775434</timestamp>
			</report>
			<report>
				<misses>11135001</misses>
				<total>35</total>
				<timestamp>3782.114968</timestamp>
			</report>
			<report>
				<misses>11136001</misses>
				<total>35</total>
				<timestamp>3782.454623</timestamp>
			</report>
			<report>
				<misses>11137001</misses>
				<total>34</total>
				<timestamp>3782.794414</timestamp>
			</report>
			<report>
				<misses>11138001</misses>
				<total>35</total>
				<timestamp>3783.133939</timestamp>
			</report>
			<report>
				<misses>11139001</misses>
				<total>35</total>
				<timestamp>3783.473595</timestamp>
			</report>
			<report>
				<misses>11140001</misses>
				<total>35</total>
				<timestamp>3783.813328</timestamp>
			</report>
			<report>
				<misses>11141001</misses>
				<total>35</total>
				<timestamp>3784.152913</timestamp>
			</report>
			<report>
				<misses>11142001</misses>
				<total>35</total>
				<timestamp>3784.492600</timestamp>
			</report>
			<report>
				<misses>11143001</misses>
				<total>35</total>
				<timestamp>3784.832297</timestamp>
			</report>
			<report>
				<misses>11144001</misses>
				<total>35</total>
				<timestamp>3785.171906</timestamp>
			</report>
			<report>
				<misses>11145001</misses>
				<total>35</total>
				<timestamp>3785.511596</timestamp>
			</report>
			<report>
				<misses>11146001</misses>
				<total>35</total>
				<timestamp>3785.851289</timestamp>
			</report>
			<report>
				<misses>11147001</misses>
				<total>35</total>
				<timestamp>3786.190869</timestamp>
			</report>
			<report>
				<misses>11148001</misses>
				<total>35</total>
				<timestamp>3786.530545</timestamp>
			</report>
			<report>
				<misses>11149001</misses>
				<total>35</total>
				<timestamp>3786.870278</timestamp>
			</report>
			<report>
				<misses>11150001</misses>
				<total>35</total>
				<timestamp>3787.209864</timestamp>
			</report>
			<report>
				<misses>11151001</misses>
				<total>35</total>
				<timestamp>3787.549524</timestamp>
			</report>
			<report>
				<misses>11152001</misses>
				<total>34</total>
				<timestamp>3787.889324</timestamp>
			</report>
			<report>
				<misses>11153001</misses>
				<total>35</total>
				<timestamp>3788.228839</timestamp>
			</report>
			<report>
				<misses>11154001</misses>
				<total>35</total>
				<timestamp>3788.568525</timestamp>
			</report>
			<report>
				<misses>11155001</misses>
				<total>35</total>
				<timestamp>3788.908222</timestamp>
			</report>
			<report>
				<misses>11156001</misses>
				<total>35</total>
				<timestamp>3789.247815</timestamp>
			</report>
			<report>
				<misses>11157001</misses>
				<total>35</total>
				<timestamp>3789.587512</timestamp>
			</report>
			<report>
				<misses>11158001</misses>
				<total>35</total>
				<timestamp>3789.927240</timestamp>
			</report>
			<report>
				<misses>11159001</misses>
				<total>35</total>
				<timestamp>3790.266802</timestamp>
			</report>
			<report>
				<misses>11160001</misses>
				<total>35</total>
				<timestamp>3790.606487</timestamp>
			</report>
			<report>
				<misses>11161001</misses>
				<total>34</total>
				<timestamp>3790.946294</timestamp>
			</report>
			<report>
				<misses>11162001</misses>
				<total>35</total>
				<timestamp>3791.285791</timestamp>
			</report>
			<report>
				<misses>11163001</misses>
				<total>35</total>
				<timestamp>3791.625495</timestamp>
			</report>
			<report>
				<misses>11164001</misses>
				<total>34</total>
				<timestamp>3791.965265</timestamp>
			</report>
			<report>
				<misses>11165001</misses>
				<total>35</total>
				<timestamp>3792.304764</timestamp>
			</report>
			<report>
				<misses>11166001</misses>
				<total>35</total>
				<timestamp>3792.644434</timestamp>
			</report>
			<report>
				<misses>11167001</misses>
				<total>35</total>
				<timestamp>3792.984087</timestamp>
			</report>
			<report>
				<misses>11168001</misses>
				<total>35</total>
				<timestamp>3793.323735</timestamp>
			</report>
			<report>
				<misses>11169001</misses>
				<total>35</total>
				<timestamp>3793.663420</timestamp>
			</report>
			<report>
				<misses>11170001</misses>
				<total>35</total>
				<timestamp>3794.003059</timestamp>
			</report>
			<report>
				<misses>11171001</misses>
				<total>35</total>
				<timestamp>3794.342722</timestamp>
			</report>
			<report>
				<misses>11172001</misses>
				<total>35</total>
				<timestamp>3794.682380</timestamp>
			</report>
			<report>
				<misses>11173001</misses>
				<total>35</total>
				<timestamp>3795.022070</timestamp>
			</report>
			<report>
				<misses>11174001</misses>
				<total>35</total>
				<timestamp>3795.361713</timestamp>
			</report>
			<report>
				<misses>11175001</misses>
				<total>35</total>
				<timestamp>3795.701432</timestamp>
			</report>
			<report>
				<misses>11176001</misses>
				<total>35</total>
				<timestamp>3796.041028</timestamp>
			</report>
			<report>
				<misses>11177001</misses>
				<total>35</total>
				<timestamp>3796.380676</timestamp>
			</report>
			<report>
				<misses>11178001</misses>
				<total>34</total>
				<timestamp>3796.720442</timestamp>
			</report>
			<report>
				<misses>11179001</misses>
				<total>34</total>
				<timestamp>3797.060131</timestamp>
			</report>
			<report>
				<misses>11180001</misses>
				<total>35</total>
				<timestamp>3797.399670</timestamp>
			</report>
			<report>
				<misses>11181001</misses>
				<total>35</total>
				<timestamp>3797.739391</timestamp>
			</report>
			<report>
				<misses>11182001</misses>
				<total>35</total>
				<timestamp>3798.078966</timestamp>
			</report>
			<report>
				<misses>11183001</misses>
				<total>35</total>
				<timestamp>3798.418652</timestamp>
			</report>
			<report>
				<misses>11184001</misses>
				<total>34</total>
				<timestamp>3798.758430</timestamp>
			</report>
			<report>
				<misses>11185001</misses>
				<total>35</total>
				<timestamp>3799.097964</timestamp>
			</report>
			<report>
				<misses>11186001</misses>
				<total>35</total>
				<timestamp>3799.437643</timestamp>
			</report>
			<report>
				<misses>11187001</misses>
				<total>35</total>
				<timestamp>3799.777288</timestamp>
			</report>
			<report>
				<misses>11188001</misses>
				<total>35</total>
				<timestamp>3800.116934</timestamp>
			</report>
			<report>
				<misses>11189001</misses>
				<total>35</total>
				<timestamp>3800.456606</timestamp>
			</report>
			<report>
				<misses>11190001</misses>
				<total>35</total>
				<timestamp>3800.796267</timestamp>
			</report>
			<report>
				<misses>11191001</misses>
				<total>35</total>
				<timestamp>3801.135936</timestamp>
			</report>
			<report>
				<misses>11192001</misses>
				<total>35</total>
				<timestamp>3801.475567</timestamp>
			</report>
			<report>
				<misses>11193001</misses>
				<total>35</total>
				<timestamp>3801.815308</timestamp>
			</report>
			<report>
				<misses>11194001</misses>
				<total>35</total>
				<timestamp>3802.154900</timestamp>
			</report>
			<report>
				<misses>11195001</misses>
				<total>35</total>
				<timestamp>3802.494565</timestamp>
			</report>
			<report>
				<misses>11196001</misses>
				<total>35</total>
				<timestamp>3802.834251</timestamp>
			</report>
			<report>
				<misses>11197001</misses>
				<total>35</total>
				<timestamp>3803.173885</timestamp>
			</report>
			<report>
				<misses>11198001</misses>
				<total>35</total>
				<timestamp>3803.513555</timestamp>
			</report>
			<report>
				<misses>11199001</misses>
				<total>34</total>
				<timestamp>3803.853301</timestamp>
			</report>
			<report>
				<misses>11200001</misses>
				<total>35</total>
				<timestamp>3804.192867</timestamp>
			</report>
			<report>
				<misses>11201001</misses>
				<total>35</total>
				<timestamp>3804.532570</timestamp>
			</report>
			<report>
				<misses>11202001</misses>
				<total>35</total>
				<timestamp>3804.872191</timestamp>
			</report>
			<report>
				<misses>11203001</misses>
				<total>35</total>
				<timestamp>3805.211853</timestamp>
			</report>
			<report>
				<misses>11204001</misses>
				<total>35</total>
				<timestamp>3805.551525</timestamp>
			</report>
			<report>
				<misses>11205001</misses>
				<total>34</total>
				<timestamp>3805.891269</timestamp>
			</report>
			<report>
				<misses>11206001</misses>
				<total>35</total>
				<timestamp>3806.230822</timestamp>
			</report>
			<report>
				<misses>11207001</misses>
				<total>35</total>
				<timestamp>3806.570486</timestamp>
			</report>
			<report>
				<misses>11208001</misses>
				<total>35</total>
				<timestamp>3806.910181</timestamp>
			</report>
			<report>
				<misses>11209001</misses>
				<total>35</total>
				<timestamp>3807.249787</timestamp>
			</report>
			<report>
				<misses>11210001</misses>
				<total>35</total>
				<timestamp>3807.589456</timestamp>
			</report>
			<report>
				<misses>11211001</misses>
				<total>35</total>
				<timestamp>3807.929186</timestamp>
			</report>
			<report>
				<misses>11212001</misses>
				<total>35</total>
				<timestamp>3808.268764</timestamp>
			</report>
			<report>
				<misses>11213001</misses>
				<total>35</total>
				<timestamp>3808.608443</timestamp>
			</report>
			<report>
				<misses>11214001</misses>
				<total>35</total>
				<timestamp>3808.948193</timestamp>
			</report>
			<report>
				<misses>11215001</misses>
				<total>35</total>
				<timestamp>3809.287746</timestamp>
			</report>
			<report>
				<misses>11216001</misses>
				<total>35</total>
				<timestamp>3809.627433</timestamp>
			</report>
			<report>
				<misses>11217001</misses>
				<total>35</total>
				<timestamp>3809.967155</timestamp>
			</report>
			<report>
				<misses>11218001</misses>
				<total>35</total>
				<timestamp>3810.306742</timestamp>
			</report>
			<report>
				<misses>11219001</misses>
				<total>35</total>
				<timestamp>3810.646453</timestamp>
			</report>
			<report>
				<misses>11220001</misses>
				<total>35</total>
				<timestamp>3810.986086</timestamp>
			</report>
			<report>
				<misses>11221001</misses>
				<total>35</total>
				<timestamp>3811.325747</timestamp>
			</report>
			<report>
				<misses>11222001</misses>
				<total>35</total>
				<timestamp>3811.665424</timestamp>
			</report>
			<report>
				<misses>11223001</misses>
				<total>35</total>
				<timestamp>3812.005095</timestamp>
			</report>
			<report>
				<misses>11224001</misses>
				<total>35</total>
				<timestamp>3812.344709</timestamp>
			</report>
			<report>
				<misses>11225001</misses>
				<total>35</total>
				<timestamp>3812.684375</timestamp>
			</report>
			<report>
				<misses>11226001</misses>
				<total>35</total>
				<timestamp>3813.024039</timestamp>
			</report>
			<report>
				<misses>11227001</misses>
				<total>35</total>
				<timestamp>3813.363689</timestamp>
			</report>
			<report>
				<misses>11228001</misses>
				<total>35</total>
				<timestamp>3813.703328</timestamp>
			</report>
			<report>
				<misses>11229001</misses>
				<total>34</total>
				<timestamp>3814.043139</timestamp>
			</report>
			<report>
				<misses>11230001</misses>
				<total>35</total>
				<timestamp>3814.382675</timestamp>
			</report>
			<report>
				<misses>11231001</misses>
				<total>35</total>
				<timestamp>3814.722352</timestamp>
			</report>
			<report>
				<misses>11232001</misses>
				<total>34</total>
				<timestamp>3815.062088</timestamp>
			</report>
			<report>
				<misses>11233001</misses>
				<total>35</total>
				<timestamp>3815.401663</timestamp>
			</report>
			<report>
				<misses>11234001</misses>
				<total>35</total>
				<timestamp>3815.741344</timestamp>
			</report>
			<report>
				<misses>11235001</misses>
				<total>34</total>
				<timestamp>3816.081105</timestamp>
			</report>
			<report>
				<misses>11236001</misses>
				<total>35</total>
				<timestamp>3816.420608</timestamp>
			</report>
			<report>
				<misses>11237001</misses>
				<total>35</total>
				<timestamp>3816.760311</timestamp>
			</report>
			<report>
				<misses>11238001</misses>
				<total>35</total>
				<timestamp>3817.099946</timestamp>
			</report>
			<report>
				<misses>11239001</misses>
				<total>35</total>
				<timestamp>3817.439610</timestamp>
			</report>
			<report>
				<misses>11240001</misses>
				<total>35</total>
				<timestamp>3817.779310</timestamp>
			</report>
			<report>
				<misses>11241001</misses>
				<total>35</total>
				<timestamp>3818.118915</timestamp>
			</report>
			<report>
				<misses>11242001</misses>
				<total>35</total>
				<timestamp>3818.458561</timestamp>
			</report>
			<report>
				<misses>11243001</misses>
				<total>34</total>
				<timestamp>3818.798353</timestamp>
			</report>
			<report>
				<misses>11244001</misses>
				<total>35</total>
				<timestamp>3819.137922</timestamp>
			</report>
			<report>
				<misses>11245001</misses>
				<total>35</total>
				<timestamp>3819.477577</timestamp>
			</report>
			<report>
				<misses>11246001</misses>
				<total>35</total>
				<timestamp>3819.817229</timestamp>
			</report>
			<report>
				<misses>11247001</misses>
				<total>35</total>
				<timestamp>3820.156891</timestamp>
			</report>
			<report>
				<misses>11248001</misses>
				<total>35</total>
				<timestamp>3820.496556</timestamp>
			</report>
			<report>
				<misses>11249001</misses>
				<total>35</total>
				<timestamp>3820.836252</timestamp>
			</report>
			<report>
				<misses>11250001</misses>
				<total>35</total>
				<timestamp>3821.175870</timestamp>
			</report>
			<report>
				<misses>11251001</misses>
				<total>35</total>
				<timestamp>3821.515523</timestamp>
			</report>
			<report>
				<misses>11252001</misses>
				<total>35</total>
				<timestamp>3821.855246</timestamp>
			</report>
			<report>
				<misses>11253001</misses>
				<total>35</total>
				<timestamp>3822.194829</timestamp>
			</report>
			<report>
				<misses>11254001</misses>
				<total>35</total>
				<timestamp>3822.534513</timestamp>
			</report>
			<report>
				<misses>11255001</misses>
				<total>35</total>
				<timestamp>3822.874168</timestamp>
			</report>
			<report>
				<misses>11256001</misses>
				<total>35</total>
				<timestamp>3823.213837</timestamp>
			</report>
			<report>
				<misses>11257001</misses>
				<total>35</total>
				<timestamp>3823.553484</timestamp>
			</report>
			<report>
				<misses>11258001</misses>
				<total>35</total>
				<timestamp>3823.893171</timestamp>
			</report>
			<report>
				<misses>11259001</misses>
				<total>35</total>
				<timestamp>3824.232805</timestamp>
			</report>
			<report>
				<misses>11260001</misses>
				<total>35</total>
				<timestamp>3824.572463</timestamp>
			</report>
			<report>
				<misses>11261001</misses>
				<total>35</total>
				<timestamp>3824.912141</timestamp>
			</report>
			<report>
				<misses>11262001</misses>
				<total>35</total>
				<timestamp>3825.251786</timestamp>
			</report>
			<report>
				<misses>11263001</misses>
				<total>35</total>
				<timestamp>3825.591438</timestamp>
			</report>
			<report>
				<misses>11264001</misses>
				<total>35</total>
				<timestamp>3825.931165</timestamp>
			</report>
			<report>
				<misses>11265001</misses>
				<total>35</total>
				<timestamp>3826.270763</timestamp>
			</report>
			<report>
				<misses>11266001</misses>
				<total>35</total>
				<timestamp>3826.610446</timestamp>
			</report>
			<report>
				<misses>11267001</misses>
				<total>35</total>
				<timestamp>3826.950150</timestamp>
			</report>
			<report>
				<misses>11268001</misses>
				<total>35</total>
				<timestamp>3827.289741</timestamp>
			</report>
			<report>
				<misses>11269001</misses>
				<total>35</total>
				<timestamp>3827.629462</timestamp>
			</report>
			<report>
				<misses>11270001</misses>
				<total>34</total>
				<timestamp>3827.969150</timestamp>
			</report>
			<report>
				<misses>11271001</misses>
				<total>35</total>
				<timestamp>3828.308720</timestamp>
			</report>
			<report>
				<misses>11272001</misses>
				<total>35</total>
				<timestamp>3828.648386</timestamp>
			</report>
			<report>
				<misses>11273001</misses>
				<total>35</total>
				<timestamp>3828.988074</timestamp>
			</report>
			<report>
				<misses>11274001</misses>
				<total>35</total>
				<timestamp>3829.327693</timestamp>
			</report>
			<report>
				<misses>11275001</misses>
				<total>35</total>
				<timestamp>3829.667373</timestamp>
			</report>
			<report>
				<misses>11276001</misses>
				<total>35</total>
				<timestamp>3830.007121</timestamp>
			</report>
			<report>
				<misses>11277001</misses>
				<total>35</total>
				<timestamp>3830.346687</timestamp>
			</report>
			<report>
				<misses>11278001</misses>
				<total>35</total>
				<timestamp>3830.686340</timestamp>
			</report>
			<report>
				<misses>11279001</misses>
				<total>35</total>
				<timestamp>3831.025996</timestamp>
			</report>
			<report>
				<misses>11280001</misses>
				<total>35</total>
				<timestamp>3831.365670</timestamp>
			</report>
			<report>
				<misses>11281001</misses>
				<total>35</total>
				<timestamp>3831.705330</timestamp>
			</report>
			<report>
				<misses>11282001</misses>
				<total>35</total>
				<timestamp>3832.044980</timestamp>
			</report>
			<report>
				<misses>11283001</misses>
				<total>35</total>
				<timestamp>3832.384632</timestamp>
			</report>
			<report>
				<misses>11284001</misses>
				<total>35</total>
				<timestamp>3832.724296</timestamp>
			</report>
			<report>
				<misses>11285001</misses>
				<total>35</total>
				<timestamp>3833.064023</timestamp>
			</report>
			<report>
				<misses>11286001</misses>
				<total>35</total>
				<timestamp>3833.403613</timestamp>
			</report>
			<report>
				<misses>11287001</misses>
				<total>35</total>
				<timestamp>3833.743303</timestamp>
			</report>
			<report>
				<misses>11288001</misses>
				<total>35</total>
				<timestamp>3834.083021</timestamp>
			</report>
			<report>
				<misses>11289001</misses>
				<total>35</total>
				<timestamp>3834.422597</timestamp>
			</report>
			<report>
				<misses>11290001</misses>
				<total>35</total>
				<timestamp>3834.762284</timestamp>
			</report>
			<report>
				<misses>11291001</misses>
				<total>35</total>
				<timestamp>3835.101975</timestamp>
			</report>
			<report>
				<misses>11292001</misses>
				<total>35</total>
				<timestamp>3835.441587</timestamp>
			</report>
			<report>
				<misses>11293001</misses>
				<total>35</total>
				<timestamp>3835.781258</timestamp>
			</report>
			<report>
				<misses>11294001</misses>
				<total>35</total>
				<timestamp>3836.120965</timestamp>
			</report>
			<report>
				<misses>11295001</misses>
				<total>35</total>
				<timestamp>3836.460554</timestamp>
			</report>
			<report>
				<misses>11296001</misses>
				<total>35</total>
				<timestamp>3836.800246</timestamp>
			</report>
			<report>
				<misses>11297001</misses>
				<total>35</total>
				<timestamp>3837.139911</timestamp>
			</report>
			<report>
				<misses>11298001</misses>
				<total>35</total>
				<timestamp>3837.479585</timestamp>
			</report>
			<report>
				<misses>11299001</misses>
				<total>35</total>
				<timestamp>3837.819208</timestamp>
			</report>
			<report>
				<misses>11300001</misses>
				<total>34</total>
				<timestamp>3838.158979</timestamp>
			</report>
			<report>
				<misses>11301001</misses>
				<total>35</total>
				<timestamp>3838.498510</timestamp>
			</report>
			<report>
				<misses>11302001</misses>
				<total>35</total>
				<timestamp>3838.838197</timestamp>
			</report>
			<report>
				<misses>11303001</misses>
				<total>34</total>
				<timestamp>3839.177966</timestamp>
			</report>
			<report>
				<misses>11304001</misses>
				<total>35</total>
				<timestamp>3839.517522</timestamp>
			</report>
			<report>
				<misses>11305001</misses>
				<total>35</total>
				<timestamp>3839.857181</timestamp>
			</report>
			<report>
				<misses>11306001</misses>
				<total>34</total>
				<timestamp>3840.196943</timestamp>
			</report>
			<report>
				<misses>11307001</misses>
				<total>35</total>
				<timestamp>3840.536482</timestamp>
			</report>
			<report>
				<misses>11308001</misses>
				<total>35</total>
				<timestamp>3840.876205</timestamp>
			</report>
			<report>
				<misses>11309001</misses>
				<total>35</total>
				<timestamp>3841.215817</timestamp>
			</report>
			<report>
				<misses>11310001</misses>
				<total>35</total>
				<timestamp>3841.555479</timestamp>
			</report>
			<report>
				<misses>11311001</misses>
				<total>35</total>
				<timestamp>3841.895180</timestamp>
			</report>
			<report>
				<misses>11312001</misses>
				<total>35</total>
				<timestamp>3842.234782</timestamp>
			</report>
			<report>
				<misses>11313001</misses>
				<total>35</total>
				<timestamp>3842.574451</timestamp>
			</report>
			<report>
				<misses>11314001</misses>
				<total>35</total>
				<timestamp>3842.914157</timestamp>
			</report>
			<report>
				<misses>11315001</misses>
				<total>35</total>
				<timestamp>3843.253759</timestamp>
			</report>
			<report>
				<misses>11316001</misses>
				<total>35</total>
				<timestamp>3843.593417</timestamp>
			</report>
			<report>
				<misses>11317001</misses>
				<total>35</total>
				<timestamp>3843.933153</timestamp>
			</report>
			<report>
				<misses>11318001</misses>
				<total>35</total>
				<timestamp>3844.272740</timestamp>
			</report>
			<report>
				<misses>11319001</misses>
				<total>35</total>
				<timestamp>3844.612403</timestamp>
			</report>
			<report>
				<misses>11320001</misses>
				<total>35</total>
				<timestamp>3844.952068</timestamp>
			</report>
			<report>
				<misses>11321001</misses>
				<total>35</total>
				<timestamp>3845.291790</timestamp>
			</report>
			<report>
				<misses>11322001</misses>
				<total>35</total>
				<timestamp>3845.631386</timestamp>
			</report>
			<report>
				<misses>11323001</misses>
				<total>34</total>
				<timestamp>3845.971153</timestamp>
			</report>
			<report>
				<misses>11324001</misses>
				<total>35</total>
				<timestamp>3846.310692</timestamp>
			</report>
			<report>
				<misses>11325001</misses>
				<total>35</total>
				<timestamp>3846.650370</timestamp>
			</report>
			<report>
				<misses>11326001</misses>
				<total>35</total>
				<timestamp>3846.990037</timestamp>
			</report>
			<report>
				<misses>11327001</misses>
				<total>36</total>
				<timestamp>3847.329691</timestamp>
			</report>
			<report>
				<misses>11328001</misses>
				<total>36</total>
				<timestamp>3847.669344</timestamp>
			</report>
			<report>
				<misses>11329001</misses>
				<total>35</total>
				<timestamp>3848.009152</timestamp>
			</report>
			<report>
				<misses>11330001</misses>
				<total>36</total>
				<timestamp>3848.348700</timestamp>
			</report>
			<report>
				<misses>11331001</misses>
				<total>36</total>
				<timestamp>3848.688330</timestamp>
			</report>
			<report>
				<misses>11332001</misses>
				<total>36</total>
				<timestamp>3849.028003</timestamp>
			</report>
			<report>
				<misses>11333001</misses>
				<total>36</total>
				<timestamp>3849.367642</timestamp>
			</report>
			<report>
				<misses>11334001</misses>
				<total>36</total>
				<timestamp>3849.707321</timestamp>
			</report>
			<report>
				<misses>11335001</misses>
				<total>36</total>
				<timestamp>3850.047019</timestamp>
			</report>
			<report>
				<misses>11336001</misses>
				<total>36</total>
				<timestamp>3850.386605</timestamp>
			</report>
			<report>
				<misses>11337001</misses>
				<total>36</total>
				<timestamp>3850.726293</timestamp>
			</report>
			<report>
				<misses>11338001</misses>
				<total>36</total>
				<timestamp>3851.065985</timestamp>
			</report>
			<report>
				<misses>11339001</misses>
				<total>36</total>
				<timestamp>3851.405595</timestamp>
			</report>
			<report>
				<misses>11340001</misses>
				<total>36</total>
				<timestamp>3851.745272</timestamp>
			</report>
			<report>
				<misses>11341001</misses>
				<total>36</total>
				<timestamp>3852.084948</timestamp>
			</report>
			<report>
				<misses>11342001</misses>
				<total>36</total>
				<timestamp>3852.424564</timestamp>
			</report>
			<report>
				<misses>11343001</misses>
				<total>36</total>
				<timestamp>3852.764234</timestamp>
			</report>
			<report>
				<misses>11344001</misses>
				<total>36</total>
				<timestamp>3853.103918</timestamp>
			</report>
			<report>
				<misses>11345001</misses>
				<total>36</total>
				<timestamp>3853.443559</timestamp>
			</report>
			<report>
				<misses>11346001</misses>
				<total>36</total>
				<timestamp>3853.783210</timestamp>
			</report>
			<report>
				<misses>11347001</misses>
				<total>35</total>
				<timestamp>3854.122979</timestamp>
			</report>
			<report>
				<misses>11348001</misses>
				<total>36</total>
				<timestamp>3854.462528</timestamp>
			</report>
			<report>
				<misses>11349001</misses>
				<total>36</total>
				<timestamp>3854.802213</timestamp>
			</report>
			<report>
				<misses>11350001</misses>
				<total>36</total>
				<timestamp>3855.141967</timestamp>
			</report>
			<report>
				<misses>11351001</misses>
				<total>36</total>
				<timestamp>3855.481527</timestamp>
			</report>
			<report>
				<misses>11352001</misses>
				<total>36</total>
				<timestamp>3855.821228</timestamp>
			</report>
			<report>
				<misses>11353001</misses>
				<total>35</total>
				<timestamp>3856.160959</timestamp>
			</report>
			<report>
				<misses>11354001</misses>
				<total>36</total>
				<timestamp>3856.500497</timestamp>
			</report>
			<report>
				<misses>11355001</misses>
				<total>36</total>
				<timestamp>3856.840162</timestamp>
			</report>
			<report>
				<misses>11356001</misses>
				<total>35</total>
				<timestamp>3857.179953</timestamp>
			</report>
			<report>
				<misses>11357001</misses>
				<total>36</total>
				<timestamp>3857.519510</timestamp>
			</report>
			<report>
				<misses>11358001</misses>
				<total>36</total>
				<timestamp>3857.859151</timestamp>
			</report>
			<report>
				<misses>11359001</misses>
				<total>36</total>
				<timestamp>3858.198815</timestamp>
			</report>
			<report>
				<misses>11360001</misses>
				<total>36</total>
				<timestamp>3858.538454</timestamp>
			</report>
			<report>
				<misses>11361001</misses>
				<total>36</total>
				<timestamp>3858.878122</timestamp>
			</report>
			<report>
				<misses>11362001</misses>
				<total>36</total>
				<timestamp>3859.217850</timestamp>
			</report>
			<report>
				<misses>11363001</misses>
				<total>36</total>
				<timestamp>3859.557519</timestamp>
			</report>
			<report>
				<misses>11364001</misses>
				<total>36</total>
				<timestamp>3859.897099</timestamp>
			</report>
			<report>
				<misses>11365001</misses>
				<total>35</total>
				<timestamp>3860.236843</timestamp>
			</report>
			<report>
				<misses>11366001</misses>
				<total>36</total>
				<timestamp>3860.576445</timestamp>
			</report>
			<report>
				<misses>11367001</misses>
				<total>36</total>
				<timestamp>3860.916066</timestamp>
			</report>
			<report>
				<misses>11368001</misses>
				<total>36</total>
				<timestamp>3861.255805</timestamp>
			</report>
			<report>
				<misses>11369001</misses>
				<total>36</total>
				<timestamp>3861.595410</timestamp>
			</report>
			<report>
				<misses>11370001</misses>
				<total>36</total>
				<timestamp>3861.935060</timestamp>
			</report>
			<report>
				<misses>11371001</misses>
				<total>35</total>
				<timestamp>3862.274825</timestamp>
			</report>
			<report>
				<misses>11372001</misses>
				<total>36</total>
				<timestamp>3862.614360</timestamp>
			</report>
			<report>
				<misses>11373001</misses>
				<total>36</total>
				<timestamp>3862.954036</timestamp>
			</report>
			<report>
				<misses>11374001</misses>
				<total>35</total>
				<timestamp>3863.293779</timestamp>
			</report>
			<report>
				<misses>11375001</misses>
				<total>36</total>
				<timestamp>3863.633348</timestamp>
			</report>
			<report>
				<misses>11376001</misses>
				<total>36</total>
				<timestamp>3863.973035</timestamp>
			</report>
			<report>
				<misses>11377001</misses>
				<total>36</total>
				<timestamp>3864.312709</timestamp>
			</report>
			<report>
				<misses>11378001</misses>
				<total>36</total>
				<timestamp>3864.652335</timestamp>
			</report>
			<report>
				<misses>11379001</misses>
				<total>36</total>
				<timestamp>3864.992016</timestamp>
			</report>
			<report>
				<misses>11380001</misses>
				<total>35</total>
				<timestamp>3865.331768</timestamp>
			</report>
			<report>
				<misses>11381001</misses>
				<total>36</total>
				<timestamp>3865.671325</timestamp>
			</report>
			<report>
				<misses>11382001</misses>
				<total>36</total>
				<timestamp>3866.011019</timestamp>
			</report>
			<report>
				<misses>11383001</misses>
				<total>36</total>
				<timestamp>3866.350644</timestamp>
			</report>
			<report>
				<misses>11384001</misses>
				<total>36</total>
				<timestamp>3866.690302</timestamp>
			</report>
			<report>
				<misses>11385001</misses>
				<total>36</total>
				<timestamp>3867.030002</timestamp>
			</report>
			<report>
				<misses>11386001</misses>
				<total>36</total>
				<timestamp>3867.369624</timestamp>
			</report>
			<report>
				<misses>11387001</misses>
				<total>36</total>
				<timestamp>3867.709308</timestamp>
			</report>
			<report>
				<misses>11388001</misses>
				<total>36</total>
				<timestamp>3868.048995</timestamp>
			</report>
			<report>
				<misses>11389001</misses>
				<total>36</total>
				<timestamp>3868.388615</timestamp>
			</report>
			<report>
				<misses>11390001</misses>
				<total>36</total>
				<timestamp>3868.728301</timestamp>
			</report>
			<report>
				<misses>11391001</misses>
				<total>35</total>
				<timestamp>3869.068011</timestamp>
			</report>
			<report>
				<misses>11392001</misses>
				<total>36</total>
				<timestamp>3869.407572</timestamp>
			</report>
			<report>
				<misses>11393001</misses>
				<total>36</total>
				<timestamp>3869.747237</timestamp>
			</report>
			<report>
				<misses>11394001</misses>
				<total>35</total>
				<timestamp>3870.087007</timestamp>
			</report>
			<report>
				<misses>11395001</misses>
				<total>36</total>
				<timestamp>3870.426565</timestamp>
			</report>
			<report>
				<misses>11396001</misses>
				<total>36</total>
				<timestamp>3870.766212</timestamp>
			</report>
			<report>
				<misses>11397001</misses>
				<total>35</total>
				<timestamp>3871.105994</timestamp>
			</report>
			<report>
				<misses>11398001</misses>
				<total>36</total>
				<timestamp>3871.445533</timestamp>
			</report>
			<report>
				<misses>11399001</misses>
				<total>36</total>
				<timestamp>3871.785208</timestamp>
			</report>
			<report>
				<misses>11400001</misses>
				<total>36</total>
				<timestamp>3872.124881</timestamp>
			</report>
			<report>
				<misses>11401001</misses>
				<total>36</total>
				<timestamp>3872.464511</timestamp>
			</report>
			<report>
				<misses>11402001</misses>
				<total>36</total>
				<timestamp>3872.804196</timestamp>
			</report>
			<report>
				<misses>11403001</misses>
				<total>36</total>
				<timestamp>3873.143848</timestamp>
			</report>
			<report>
				<misses>11404001</misses>
				<total>36</total>
				<timestamp>3873.483502</timestamp>
			</report>
			<report>
				<misses>11405001</misses>
				<total>36</total>
				<timestamp>3873.823146</timestamp>
			</report>
			<report>
				<misses>11406001</misses>
				<total>36</total>
				<timestamp>3874.162842</timestamp>
			</report>
			<report>
				<misses>11407001</misses>
				<total>36</total>
				<timestamp>3874.502481</timestamp>
			</report>
			<report>
				<misses>11408001</misses>
				<total>36</total>
				<timestamp>3874.842132</timestamp>
			</report>
			<report>
				<misses>11409001</misses>
				<total>36</total>
				<timestamp>3875.181830</timestamp>
			</report>
			<report>
				<misses>11410001</misses>
				<total>36</total>
				<timestamp>3875.521461</timestamp>
			</report>
			<report>
				<misses>11411001</misses>
				<total>36</total>
				<timestamp>3875.861119</timestamp>
			</report>
			<report>
				<misses>11412001</misses>
				<total>35</total>
				<timestamp>3876.200877</timestamp>
			</report>
			<report>
				<misses>11413001</misses>
				<total>36</total>
				<timestamp>3876.540451</timestamp>
			</report>
			<report>
				<misses>11414001</misses>
				<total>36</total>
				<timestamp>3876.880107</timestamp>
			</report>
			<report>
				<misses>11415001</misses>
				<total>36</total>
				<timestamp>3877.219824</timestamp>
			</report>
			<report>
				<misses>11416001</misses>
				<total>36</total>
				<timestamp>3877.559452</timestamp>
			</report>
			<report>
				<misses>11417001</misses>
				<total>37</total>
				<timestamp>3877.899085</timestamp>
			</report>
			<report>
				<misses>11418001</misses>
				<total>36</total>
				<timestamp>3878.238836</timestamp>
			</report>
			<report>
				<misses>11419001</misses>
				<total>37</total>
				<timestamp>3878.578411</timestamp>
			</report>
			<report>
				<misses>11420001</misses>
				<total>37</total>
				<timestamp>3878.918053</timestamp>
			</report>
			<report>
				<misses>11421001</misses>
				<total>36</total>
				<timestamp>3879.257820</timestamp>
			</report>
			<report>
				<misses>11422001</misses>
				<total>37</total>
				<timestamp>3879.597389</timestamp>
			</report>
			<report>
				<misses>11423001</misses>
				<total>37</total>
				<timestamp>3879.937050</timestamp>
			</report>
			<report>
				<misses>11424001</misses>
				<total>37</total>
				<timestamp>3880.276734</timestamp>
			</report>
			<report>
				<misses>11425001</misses>
				<total>37</total>
				<timestamp>3880.616365</timestamp>
			</report>
			<report>
				<misses>11426001</misses>
				<total>37</total>
				<timestamp>3880.956046</timestamp>
			</report>
			<report>
				<misses>11427001</misses>
				<total>36</total>
				<timestamp>3881.295794</timestamp>
			</report>
			<report>
				<misses>11428001</misses>
				<total>37</total>
				<timestamp>3881.635379</timestamp>
			</report>
			<report>
				<misses>11429001</misses>
				<total>37</total>
				<timestamp>3881.974989</timestamp>
			</report>
			<report>
				<misses>11430001</misses>
				<total>37</total>
				<timestamp>3882.314679</timestamp>
			</report>
			<report>
				<misses>11431001</misses>
				<total>37</total>
				<timestamp>3882.654314</timestamp>
			</report>
			<report>
				<misses>11432001</misses>
				<total>37</total>
				<timestamp>3882.993983</timestamp>
			</report>
			<report>
				<misses>11433001</misses>
				<total>37</total>
				<timestamp>3883.333656</timestamp>
			</report>
			<report>
				<misses>11434001</misses>
				<total>37</total>
				<timestamp>3883.673318</timestamp>
			</report>
			<report>
				<misses>11435001</misses>
				<total>37</total>
				<timestamp>3884.012946</timestamp>
			</report>
			<report>
				<misses>11436001</misses>
				<total>37</total>
				<timestamp>3884.352698</timestamp>
			</report>
			<report>
				<misses>11437001</misses>
				<total>37</total>
				<timestamp>3884.692285</timestamp>
			</report>
			<report>
				<misses>11438001</misses>
				<total>37</total>
				<timestamp>3885.031931</timestamp>
			</report>
			<report>
				<misses>11439001</misses>
				<total>37</total>
				<timestamp>3885.371669</timestamp>
			</report>
			<report>
				<misses>11440001</misses>
				<total>37</total>
				<timestamp>3885.711276</timestamp>
			</report>
			<report>
				<misses>11441001</misses>
				<total>37</total>
				<timestamp>3886.050916</timestamp>
			</report>
			<report>
				<misses>11442001</misses>
				<total>37</total>
				<timestamp>3886.390653</timestamp>
			</report>
			<report>
				<misses>11443001</misses>
				<total>37</total>
				<timestamp>3886.730240</timestamp>
			</report>
			<report>
				<misses>11444001</misses>
				<total>37</total>
				<timestamp>3887.069907</timestamp>
			</report>
			<report>
				<misses>11445001</misses>
				<total>36</total>
				<timestamp>3887.409648</timestamp>
			</report>
			<report>
				<misses>11446001</misses>
				<total>37</total>
				<timestamp>3887.749201</timestamp>
			</report>
			<report>
				<misses>11447001</misses>
				<total>37</total>
				<timestamp>3888.088883</timestamp>
			</report>
			<report>
				<misses>11448001</misses>
				<total>36</total>
				<timestamp>3888.428645</timestamp>
			</report>
			<report>
				<misses>11449001</misses>
				<total>37</total>
				<timestamp>3888.768193</timestamp>
			</report>
			<report>
				<misses>11450001</misses>
				<total>37</total>
				<timestamp>3889.107884</timestamp>
			</report>
			<report>
				<misses>11451001</misses>
				<total>36</total>
				<timestamp>3889.447637</timestamp>
			</report>
			<report>
				<misses>11452001</misses>
				<total>37</total>
				<timestamp>3889.787189</timestamp>
			</report>
			<report>
				<misses>11453001</misses>
				<total>37</total>
				<timestamp>3890.126870</timestamp>
			</report>
			<report>
				<misses>11454001</misses>
				<total>37</total>
				<timestamp>3890.466508</timestamp>
			</report>
			<report>
				<misses>11455001</misses>
				<total>37</total>
				<timestamp>3890.806189</timestamp>
			</report>
			<report>
				<misses>11456001</misses>
				<total>37</total>
				<timestamp>3891.145860</timestamp>
			</report>
			<report>
				<misses>11457001</misses>
				<total>37</total>
				<timestamp>3891.485485</timestamp>
			</report>
			<report>
				<misses>11458001</misses>
				<total>37</total>
				<timestamp>3891.825165</timestamp>
			</report>
			<report>
				<misses>11459001</misses>
				<total>37</total>
				<timestamp>3892.164867</timestamp>
			</report>
			<report>
				<misses>11460001</misses>
				<total>37</total>
				<timestamp>3892.504453</timestamp>
			</report>
			<report>
				<misses>11461001</misses>
				<total>37</total>
				<timestamp>3892.844134</timestamp>
			</report>
			<report>
				<misses>11462001</misses>
				<total>36</total>
				<timestamp>3893.183868</timestamp>
			</report>
			<report>
				<misses>11463001</misses>
				<total>37</total>
				<timestamp>3893.523451</timestamp>
			</report>
			<report>
				<misses>11464001</misses>
				<total>37</total>
				<timestamp>3893.863098</timestamp>
			</report>
			<report>
				<misses>11465001</misses>
				<total>36</total>
				<timestamp>3894.202842</timestamp>
			</report>
			<report>
				<misses>11466001</misses>
				<total>37</total>
				<timestamp>3894.542415</timestamp>
			</report>
			<report>
				<misses>11467001</misses>
				<total>37</total>
				<timestamp>3894.882077</timestamp>
			</report>
			<report>
				<misses>11468001</misses>
				<total>36</total>
				<timestamp>3895.221861</timestamp>
			</report>
			<report>
				<misses>11469001</misses>
				<total>37</total>
				<timestamp>3895.561436</timestamp>
			</report>
			<report>
				<misses>11470001</misses>
				<total>37</total>
				<timestamp>3895.901080</timestamp>
			</report>
			<report>
				<misses>11471001</misses>
				<total>36</total>
				<timestamp>3896.240819</timestamp>
			</report>
			<report>
				<misses>11472001</misses>
				<total>37</total>
				<timestamp>3896.580379</timestamp>
			</report>
			<report>
				<misses>11473001</misses>
				<total>37</total>
				<timestamp>3896.920049</timestamp>
			</report>
			<report>
				<misses>11474001</misses>
				<total>37</total>
				<timestamp>3897.259735</timestamp>
			</report>
			<report>
				<misses>11475001</misses>
				<total>37</total>
				<timestamp>3897.599351</timestamp>
			</report>
			<report>
				<misses>11476001</misses>
				<total>37</total>
				<timestamp>3897.939006</timestamp>
			</report>
			<report>
				<misses>11477001</misses>
				<total>37</total>
				<timestamp>3898.278715</timestamp>
			</report>
			<report>
				<misses>11478001</misses>
				<total>37</total>
				<timestamp>3898.618330</timestamp>
			</report>
			<report>
				<misses>11479001</misses>
				<total>37</total>
				<timestamp>3898.958010</timestamp>
			</report>
			<report>
				<misses>11480001</misses>
				<total>36</total>
				<timestamp>3899.297804</timestamp>
			</report>
			<report>
				<misses>11481001</misses>
				<total>37</total>
				<timestamp>3899.637382</timestamp>
			</report>
			<report>
				<misses>11482001</misses>
				<total>37</total>
				<timestamp>3899.976991</timestamp>
			</report>
			<report>
				<misses>11483001</misses>
				<total>37</total>
				<timestamp>3900.316690</timestamp>
			</report>
			<report>
				<misses>11484001</misses>
				<total>37</total>
				<timestamp>3900.656288</timestamp>
			</report>
			<report>
				<misses>11485001</misses>
				<total>37</total>
				<timestamp>3900.995961</timestamp>
			</report>
			<report>
				<misses>11486001</misses>
				<total>37</total>
				<timestamp>3901.335677</timestamp>
			</report>
			<report>
				<misses>11487001</misses>
				<total>37</total>
				<timestamp>3901.675319</timestamp>
			</report>
			<report>
				<misses>11488001</misses>
				<total>37</total>
				<timestamp>3902.014934</timestamp>
			</report>
			<report>
				<misses>11489001</misses>
				<total>37</total>
				<timestamp>3902.354678</timestamp>
			</report>
			<report>
				<misses>11490001</misses>
				<total>37</total>
				<timestamp>3902.694265</timestamp>
			</report>
			<report>
				<misses>11491001</misses>
				<total>37</total>
				<timestamp>3903.033950</timestamp>
			</report>
			<report>
				<misses>11492001</misses>
				<total>37</total>
				<timestamp>3903.373610</timestamp>
			</report>
			<report>
				<misses>11493001</misses>
				<total>37</total>
				<timestamp>3903.713255</timestamp>
			</report>
			<report>
				<misses>11494001</misses>
				<total>37</total>
				<timestamp>3904.052877</timestamp>
			</report>
			<report>
				<misses>11495001</misses>
				<total>36</total>
				<timestamp>3904.392680</timestamp>
			</report>
			<report>
				<misses>11496001</misses>
				<total>37</total>
				<timestamp>3904.732208</timestamp>
			</report>
			<report>
				<misses>11497001</misses>
				<total>37</total>
				<timestamp>3905.071880</timestamp>
			</report>
			<report>
				<misses>11498001</misses>
				<total>37</total>
				<timestamp>3905.411561</timestamp>
			</report>
			<report>
				<misses>11499001</misses>
				<total>37</total>
				<timestamp>3905.751202</timestamp>
			</report>
			<report>
				<misses>11500001</misses>
				<total>37</total>
				<timestamp>3906.090855</timestamp>
			</report>
			<report>
				<misses>11501001</misses>
				<total>37</total>
				<timestamp>3906.430547</timestamp>
			</report>
			<report>
				<misses>11502001</misses>
				<total>37</total>
				<timestamp>3906.770176</timestamp>
			</report>
			<report>
				<misses>11503001</misses>
				<total>37</total>
				<timestamp>3907.109866</timestamp>
			</report>
			<report>
				<misses>11504001</misses>
				<total>37</total>
				<timestamp>3907.449543</timestamp>
			</report>
			<report>
				<misses>11505001</misses>
				<total>37</total>
				<timestamp>3907.789156</timestamp>
			</report>
			<report>
				<misses>11506001</misses>
				<total>37</total>
				<timestamp>3908.128821</timestamp>
			</report>
			<report>
				<misses>11507001</misses>
				<total>37</total>
				<timestamp>3908.468558</timestamp>
			</report>
			<report>
				<misses>11508001</misses>
				<total>37</total>
				<timestamp>3908.808138</timestamp>
			</report>
			<report>
				<misses>11509001</misses>
				<total>37</total>
				<timestamp>3909.147796</timestamp>
			</report>
			<report>
				<misses>11510001</misses>
				<total>37</total>
				<timestamp>3909.487453</timestamp>
			</report>
			<report>
				<misses>11511001</misses>
				<total>37</total>
				<timestamp>3909.827168</timestamp>
			</report>
			<report>
				<misses>11512001</misses>
				<total>37</total>
				<timestamp>3910.166801</timestamp>
			</report>
			<report>
				<misses>11513001</misses>
				<total>37</total>
				<timestamp>3910.506506</timestamp>
			</report>
			<report>
				<misses>11514001</misses>
				<total>37</total>
				<timestamp>3910.846101</timestamp>
			</report>
			<report>
				<misses>11515001</misses>
				<total>37</total>
				<timestamp>3911.185780</timestamp>
			</report>
			<report>
				<misses>11516001</misses>
				<total>36</total>
				<timestamp>3911.525515</timestamp>
			</report>
			<report>
				<misses>11517001</misses>
				<total>37</total>
				<timestamp>3911.865076</timestamp>
			</report>
			<report>
				<misses>11518001</misses>
				<total>37</total>
				<timestamp>3912.204751</timestamp>
			</report>
			<report>
				<misses>11519001</misses>
				<total>37</total>
				<timestamp>3912.544442</timestamp>
			</report>
			<report>
				<misses>11520001</misses>
				<total>37</total>
				<timestamp>3912.884066</timestamp>
			</report>
			<report>
				<misses>11521001</misses>
				<total>37</total>
				<timestamp>3913.223735</timestamp>
			</report>
			<report>
				<misses>11522001</misses>
				<total>36</total>
				<timestamp>3913.563497</timestamp>
			</report>
			<report>
				<misses>11523001</misses>
				<total>37</total>
				<timestamp>3913.903073</timestamp>
			</report>
			<report>
				<misses>11524001</misses>
				<total>37</total>
				<timestamp>3914.242718</timestamp>
			</report>
			<report>
				<misses>11525001</misses>
				<total>36</total>
				<timestamp>3914.582483</timestamp>
			</report>
			<report>
				<misses>11526001</misses>
				<total>37</total>
				<timestamp>3914.922013</timestamp>
			</report>
			<report>
				<misses>11527001</misses>
				<total>37</total>
				<timestamp>3915.261722</timestamp>
			</report>
			<report>
				<misses>11528001</misses>
				<total>37</total>
				<timestamp>3915.601358</timestamp>
			</report>
			<report>
				<misses>11529001</misses>
				<total>37</total>
				<timestamp>3915.941025</timestamp>
			</report>
			<report>
				<misses>11530001</misses>
				<total>37</total>
				<timestamp>3916.280711</timestamp>
			</report>
			<report>
				<misses>11531001</misses>
				<total>36</total>
				<timestamp>3916.620475</timestamp>
			</report>
			<report>
				<misses>11532001</misses>
				<total>37</total>
				<timestamp>3916.959975</timestamp>
			</report>
			<report>
				<misses>11533001</misses>
				<total>36</total>
				<timestamp>3917.299725</timestamp>
			</report>
			<report>
				<misses>11534001</misses>
				<total>37</total>
				<timestamp>3917.639346</timestamp>
			</report>
			<report>
				<misses>11535001</misses>
				<total>37</total>
				<timestamp>3917.978967</timestamp>
			</report>
			<report>
				<misses>11536001</misses>
				<total>37</total>
				<timestamp>3918.318628</timestamp>
			</report>
			<report>
				<misses>11537001</misses>
				<total>37</total>
				<timestamp>3918.658306</timestamp>
			</report>
			<report>
				<misses>11538001</misses>
				<total>37</total>
				<timestamp>3918.997943</timestamp>
			</report>
			<report>
				<misses>11539001</misses>
				<total>37</total>
				<timestamp>3919.337625</timestamp>
			</report>
			<report>
				<misses>11540001</misses>
				<total>37</total>
				<timestamp>3919.677250</timestamp>
			</report>
			<report>
				<misses>11541001</misses>
				<total>37</total>
				<timestamp>3920.016928</timestamp>
			</report>
			<report>
				<misses>11542001</misses>
				<total>36</total>
				<timestamp>3920.356699</timestamp>
			</report>
			<report>
				<misses>11543001</misses>
				<total>37</total>
				<timestamp>3920.696246</timestamp>
			</report>
			<report>
				<misses>11544001</misses>
				<total>37</total>
				<timestamp>3921.035903</timestamp>
			</report>
			<report>
				<misses>11545001</misses>
				<total>37</total>
				<timestamp>3921.375590</timestamp>
			</report>
			<report>
				<misses>11546001</misses>
				<total>37</total>
				<timestamp>3921.715210</timestamp>
			</report>
			<report>
				<misses>11547001</misses>
				<total>37</total>
				<timestamp>3922.054875</timestamp>
			</report>
			<report>
				<misses>11548001</misses>
				<total>37</total>
				<timestamp>3922.394577</timestamp>
			</report>
			<report>
				<misses>11549001</misses>
				<total>37</total>
				<timestamp>3922.734199</timestamp>
			</report>
			<report>
				<misses>11550001</misses>
				<total>37</total>
				<timestamp>3923.073867</timestamp>
			</report>
			<report>
				<misses>11551001</misses>
				<total>37</total>
				<timestamp>3923.413530</timestamp>
			</report>
			<report>
				<misses>11552001</misses>
				<total>37</total>
				<timestamp>3923.753176</timestamp>
			</report>
			<report>
				<misses>11553001</misses>
				<total>37</total>
				<timestamp>3924.092841</timestamp>
			</report>
			<report>
				<misses>11554001</misses>
				<total>37</total>
				<timestamp>3924.432546</timestamp>
			</report>
			<report>
				<misses>11555001</misses>
				<total>37</total>
				<timestamp>3924.772143</timestamp>
			</report>
			<report>
				<misses>11556001</misses>
				<total>37</total>
				<timestamp>3925.111817</timestamp>
			</report>
			<report>
				<misses>11557001</misses>
				<total>37</total>
				<timestamp>3925.451526</timestamp>
			</report>
			<report>
				<misses>11558001</misses>
				<total>37</total>
				<timestamp>3925.791155</timestamp>
			</report>
			<report>
				<misses>11559001</misses>
				<total>37</total>
				<timestamp>3926.130784</timestamp>
			</report>
			<report>
				<misses>11560001</misses>
				<total>36</total>
				<timestamp>3926.470576</timestamp>
			</report>
			<report>
				<misses>11561001</misses>
				<total>37</total>
				<timestamp>3926.810112</timestamp>
			</report>
			<report>
				<misses>11562001</misses>
				<total>37</total>
				<timestamp>3927.149774</timestamp>
			</report>
			<report>
				<misses>11563001</misses>
				<total>36</total>
				<timestamp>3927.489624</timestamp>
			</report>
			<report>
				<misses>11564001</misses>
				<total>37</total>
				<timestamp>3927.829099</timestamp>
			</report>
			<report>
				<misses>11565001</misses>
				<total>37</total>
				<timestamp>3928.168799</timestamp>
			</report>
			<report>
				<misses>11566001</misses>
				<total>36</total>
				<timestamp>3928.508502</timestamp>
			</report>
			<report>
				<misses>11567001</misses>
				<total>37</total>
				<timestamp>3928.848085</timestamp>
			</report>
			<report>
				<misses>11568001</misses>
				<total>37</total>
				<timestamp>3929.187737</timestamp>
			</report>
			<report>
				<misses>11569001</misses>
				<total>36</total>
				<timestamp>3929.527519</timestamp>
			</report>
			<report>
				<misses>11570001</misses>
				<total>37</total>
				<timestamp>3929.867085</timestamp>
			</report>
			<report>
				<misses>11571001</misses>
				<total>37</total>
				<timestamp>3930.206705</timestamp>
			</report>
			<report>
				<misses>11572001</misses>
				<total>37</total>
				<timestamp>3930.546391</timestamp>
			</report>
			<report>
				<misses>11573001</misses>
				<total>37</total>
				<timestamp>3930.886045</timestamp>
			</report>
			<report>
				<misses>11574001</misses>
				<total>37</total>
				<timestamp>3931.225699</timestamp>
			</report>
			<report>
				<misses>11575001</misses>
				<total>37</total>
				<timestamp>3931.565390</timestamp>
			</report>
			<report>
				<misses>11576001</misses>
				<total>37</total>
				<timestamp>3931.905025</timestamp>
			</report>
			<report>
				<misses>11577001</misses>
				<total>37</total>
				<timestamp>3932.244673</timestamp>
			</report>
			<report>
				<misses>11578001</misses>
				<total>37</total>
				<timestamp>3932.584353</timestamp>
			</report>
			<report>
				<misses>11579001</misses>
				<total>37</total>
				<timestamp>3932.924001</timestamp>
			</report>
			<report>
				<misses>11580001</misses>
				<total>37</total>
				<timestamp>3933.263652</timestamp>
			</report>
			<report>
				<misses>11581001</misses>
				<total>37</total>
				<timestamp>3933.603347</timestamp>
			</report>
			<report>
				<misses>11582001</misses>
				<total>37</total>
				<timestamp>3933.942979</timestamp>
			</report>
			<report>
				<misses>11583001</misses>
				<total>37</total>
				<timestamp>3934.282653</timestamp>
			</report>
			<report>
				<misses>11584001</misses>
				<total>37</total>
				<timestamp>3934.622377</timestamp>
			</report>
			<report>
				<misses>11585001</misses>
				<total>37</total>
				<timestamp>3934.961964</timestamp>
			</report>
			<report>
				<misses>11586001</misses>
				<total>37</total>
				<timestamp>3935.301625</timestamp>
			</report>
			<report>
				<misses>11587001</misses>
				<total>37</total>
				<timestamp>3935.641294</timestamp>
			</report>
			<report>
				<misses>11588001</misses>
				<total>37</total>
				<timestamp>3935.980931</timestamp>
			</report>
			<report>
				<misses>11589001</misses>
				<total>37</total>
				<timestamp>3936.320633</timestamp>
			</report>
			<report>
				<misses>11590001</misses>
				<total>37</total>
				<timestamp>3936.660356</timestamp>
			</report>
			<report>
				<misses>11591001</misses>
				<total>37</total>
				<timestamp>3936.999916</timestamp>
			</report>
			<report>
				<misses>11592001</misses>
				<total>37</total>
				<timestamp>3937.339591</timestamp>
			</report>
			<report>
				<misses>11593001</misses>
				<total>36</total>
				<timestamp>3937.679367</timestamp>
			</report>
			<report>
				<misses>11594001</misses>
				<total>37</total>
				<timestamp>3938.018924</timestamp>
			</report>
			<report>
				<misses>11595001</misses>
				<total>37</total>
				<timestamp>3938.358572</timestamp>
			</report>
			<report>
				<misses>11596001</misses>
				<total>37</total>
				<timestamp>3938.698244</timestamp>
			</report>
			<report>
				<misses>11597001</misses>
				<total>37</total>
				<timestamp>3939.037875</timestamp>
			</report>
			<report>
				<misses>11598001</misses>
				<total>37</total>
				<timestamp>3939.377560</timestamp>
			</report>
			<report>
				<misses>11599001</misses>
				<total>37</total>
				<timestamp>3939.717213</timestamp>
			</report>
			<report>
				<misses>11600001</misses>
				<total>37</total>
				<timestamp>3940.056849</timestamp>
			</report>
			<report>
				<misses>11601001</misses>
				<total>37</total>
				<timestamp>3940.396571</timestamp>
			</report>
			<report>
				<misses>11602001</misses>
				<total>37</total>
				<timestamp>3940.736231</timestamp>
			</report>
			<report>
				<misses>11603001</misses>
				<total>37</total>
				<timestamp>3941.075831</timestamp>
			</report>
			<report>
				<misses>11604001</misses>
				<total>37</total>
				<timestamp>3941.415566</timestamp>
			</report>
			<report>
				<misses>11605001</misses>
				<total>37</total>
				<timestamp>3941.755171</timestamp>
			</report>
			<report>
				<misses>11606001</misses>
				<total>37</total>
				<timestamp>3942.094799</timestamp>
			</report>
			<report>
				<misses>11607001</misses>
				<total>37</total>
				<timestamp>3942.434492</timestamp>
			</report>
			<report>
				<misses>11608001</misses>
				<total>37</total>
				<timestamp>3942.774139</timestamp>
			</report>
			<report>
				<misses>11609001</misses>
				<total>37</total>
				<timestamp>3943.113832</timestamp>
			</report>
			<report>
				<misses>11610001</misses>
				<total>37</total>
				<timestamp>3943.453490</timestamp>
			</report>
			<report>
				<misses>11611001</misses>
				<total>37</total>
				<timestamp>3943.793103</timestamp>
			</report>
			<report>
				<misses>11612001</misses>
				<total>37</total>
				<timestamp>3944.132777</timestamp>
			</report>
			<report>
				<misses>11613001</misses>
				<total>37</total>
				<timestamp>3944.472450</timestamp>
			</report>
			<report>
				<misses>11614001</misses>
				<total>37</total>
				<timestamp>3944.812104</timestamp>
			</report>
			<report>
				<misses>11615001</misses>
				<total>37</total>
				<timestamp>3945.151759</timestamp>
			</report>
			<report>
				<misses>11616001</misses>
				<total>36</total>
				<timestamp>3945.491529</timestamp>
			</report>
			<report>
				<misses>11617001</misses>
				<total>37</total>
				<timestamp>3945.831074</timestamp>
			</report>
			<report>
				<misses>11618001</misses>
				<total>37</total>
				<timestamp>3946.170740</timestamp>
			</report>
			<report>
				<misses>11619001</misses>
				<total>37</total>
				<timestamp>3946.510427</timestamp>
			</report>
			<report>
				<misses>11620001</misses>
				<total>37</total>
				<timestamp>3946.850078</timestamp>
			</report>
			<report>
				<misses>11621001</misses>
				<total>37</total>
				<timestamp>3947.189735</timestamp>
			</report>
			<report>
				<misses>11622001</misses>
				<total>37</total>
				<timestamp>3947.529431</timestamp>
			</report>
			<report>
				<misses>11623001</misses>
				<total>37</total>
				<timestamp>3947.869032</timestamp>
			</report>
			<report>
				<misses>11624001</misses>
				<total>37</total>
				<timestamp>3948.208713</timestamp>
			</report>
			<report>
				<misses>11625001</misses>
				<total>37</total>
				<timestamp>3948.548379</timestamp>
			</report>
			<report>
				<misses>11626001</misses>
				<total>37</total>
				<timestamp>3948.888022</timestamp>
			</report>
			<report>
				<misses>11627001</misses>
				<total>37</total>
				<timestamp>3949.227705</timestamp>
			</report>
			<report>
				<misses>11628001</misses>
				<total>37</total>
				<timestamp>3949.567378</timestamp>
			</report>
			<report>
				<misses>11629001</misses>
				<total>37</total>
				<timestamp>3949.907004</timestamp>
			</report>
			<report>
				<misses>11630001</misses>
				<total>37</total>
				<timestamp>3950.246653</timestamp>
			</report>
			<report>
				<misses>11631001</misses>
				<total>36</total>
				<timestamp>3950.586414</timestamp>
			</report>
			<report>
				<misses>11632001</misses>
				<total>37</total>
				<timestamp>3950.925996</timestamp>
			</report>
			<report>
				<misses>11633001</misses>
				<total>37</total>
				<timestamp>3951.265673</timestamp>
			</report>
			<report>
				<misses>11634001</misses>
				<total>37</total>
				<timestamp>3951.605378</timestamp>
			</report>
			<report>
				<misses>11635001</misses>
				<total>37</total>
				<timestamp>3951.944969</timestamp>
			</report>
			<report>
				<misses>11636001</misses>
				<total>37</total>
				<timestamp>3952.284633</timestamp>
			</report>
			<report>
				<misses>11637001</misses>
				<total>36</total>
				<timestamp>3952.624378</timestamp>
			</report>
			<report>
				<misses>11638001</misses>
				<total>37</total>
				<timestamp>3952.963942</timestamp>
			</report>
			<report>
				<misses>11639001</misses>
				<total>37</total>
				<timestamp>3953.303636</timestamp>
			</report>
			<report>
				<misses>11640001</misses>
				<total>37</total>
				<timestamp>3953.643284</timestamp>
			</report>
			<report>
				<misses>11641001</misses>
				<total>37</total>
				<timestamp>3953.982923</timestamp>
			</report>
			<report>
				<misses>11642001</misses>
				<total>37</total>
				<timestamp>3954.322603</timestamp>
			</report>
			<report>
				<misses>11643001</misses>
				<total>36</total>
				<timestamp>3954.662351</timestamp>
			</report>
			<report>
				<misses>11644001</misses>
				<total>37</total>
				<timestamp>3955.001889</timestamp>
			</report>
			<report>
				<misses>11645001</misses>
				<total>37</total>
				<timestamp>3955.341604</timestamp>
			</report>
			<report>
				<misses>11646001</misses>
				<total>37</total>
				<timestamp>3955.681239</timestamp>
			</report>
			<report>
				<misses>11647001</misses>
				<total>37</total>
				<timestamp>3956.020924</timestamp>
			</report>
			<report>
				<misses>11648001</misses>
				<total>37</total>
				<timestamp>3956.360609</timestamp>
			</report>
			<report>
				<misses>11649001</misses>
				<total>37</total>
				<timestamp>3956.700250</timestamp>
			</report>
			<report>
				<misses>11650001</misses>
				<total>37</total>
				<timestamp>3957.039866</timestamp>
			</report>
			<report>
				<misses>11651001</misses>
				<total>37</total>
				<timestamp>3957.379537</timestamp>
			</report>
			<report>
				<misses>11652001</misses>
				<total>37</total>
				<timestamp>3957.719190</timestamp>
			</report>
			<report>
				<misses>11653001</misses>
				<total>37</total>
				<timestamp>3958.058846</timestamp>
			</report>
			<report>
				<misses>11654001</misses>
				<total>37</total>
				<timestamp>3958.398510</timestamp>
			</report>
			<report>
				<misses>11655001</misses>
				<total>37</total>
				<timestamp>3958.738215</timestamp>
			</report>
			<report>
				<misses>11656001</misses>
				<total>37</total>
				<timestamp>3959.077823</timestamp>
			</report>
			<report>
				<misses>11657001</misses>
				<total>36</total>
				<timestamp>3959.417569</timestamp>
			</report>
			<report>
				<misses>11658001</misses>
				<total>37</total>
				<timestamp>3959.757161</timestamp>
			</report>
			<report>
				<misses>11659001</misses>
				<total>37</total>
				<timestamp>3960.096824</timestamp>
			</report>
			<report>
				<misses>11660001</misses>
				<total>37</total>
				<timestamp>3960.436479</timestamp>
			</report>
			<report>
				<misses>11661001</misses>
				<total>37</total>
				<timestamp>3960.776194</timestamp>
			</report>
			<report>
				<misses>11662001</misses>
				<total>37</total>
				<timestamp>3961.115812</timestamp>
			</report>
			<report>
				<misses>11663001</misses>
				<total>37</total>
				<timestamp>3961.455437</timestamp>
			</report>
			<report>
				<misses>11664001</misses>
				<total>36</total>
				<timestamp>3961.795202</timestamp>
			</report>
			<report>
				<misses>11665001</misses>
				<total>37</total>
				<timestamp>3962.134762</timestamp>
			</report>
			<report>
				<misses>11666001</misses>
				<total>37</total>
				<timestamp>3962.474431</timestamp>
			</report>
			<report>
				<misses>11667001</misses>
				<total>37</total>
				<timestamp>3962.814172</timestamp>
			</report>
			<report>
				<misses>11668001</misses>
				<total>37</total>
				<timestamp>3963.153735</timestamp>
			</report>
			<report>
				<misses>11669001</misses>
				<total>37</total>
				<timestamp>3963.493428</timestamp>
			</report>
			<report>
				<misses>11670001</misses>
				<total>36</total>
				<timestamp>3963.833173</timestamp>
			</report>
			<report>
				<misses>11671001</misses>
				<total>37</total>
				<timestamp>3964.172751</timestamp>
			</report>
			<report>
				<misses>11672001</misses>
				<total>37</total>
				<timestamp>3964.512405</timestamp>
			</report>
			<report>
				<misses>11673001</misses>
				<total>36</total>
				<timestamp>3964.852192</timestamp>
			</report>
			<report>
				<misses>11674001</misses>
				<total>37</total>
				<timestamp>3965.191698</timestamp>
			</report>
			<report>
				<misses>11675001</misses>
				<total>37</total>
				<timestamp>3965.531424</timestamp>
			</report>
			<report>
				<misses>11676001</misses>
				<total>37</total>
				<timestamp>3965.871037</timestamp>
			</report>
			<report>
				<misses>11677001</misses>
				<total>37</total>
				<timestamp>3966.210686</timestamp>
			</report>
			<report>
				<misses>11678001</misses>
				<total>36</total>
				<timestamp>3966.550420</timestamp>
			</report>
			<report>
				<misses>11679001</misses>
				<total>36</total>
				<timestamp>3966.890171</timestamp>
			</report>
			<report>
				<misses>11680001</misses>
				<total>37</total>
				<timestamp>3967.229671</timestamp>
			</report>
			<report>
				<misses>11681001</misses>
				<total>36</total>
				<timestamp>3967.569394</timestamp>
			</report>
			<report>
				<misses>11682001</misses>
				<total>37</total>
				<timestamp>3967.909004</timestamp>
			</report>
			<report>
				<misses>11683001</misses>
				<total>37</total>
				<timestamp>3968.248626</timestamp>
			</report>
			<report>
				<misses>11684001</misses>
				<total>36</total>
				<timestamp>3968.588421</timestamp>
			</report>
			<report>
				<misses>11685001</misses>
				<total>37</total>
				<timestamp>3968.927944</timestamp>
			</report>
			<report>
				<misses>11686001</misses>
				<total>37</total>
				<timestamp>3969.267605</timestamp>
			</report>
			<report>
				<misses>11687001</misses>
				<total>36</total>
				<timestamp>3969.607368</timestamp>
			</report>
			<report>
				<misses>11688001</misses>
				<total>37</total>
				<timestamp>3969.946924</timestamp>
			</report>
			<report>
				<misses>11689001</misses>
				<total>37</total>
				<timestamp>3970.286607</timestamp>
			</report>
			<report>
				<misses>11690001</misses>
				<total>36</total>
				<timestamp>3970.626386</timestamp>
			</report>
			<report>
				<misses>11691001</misses>
				<total>37</total>
				<timestamp>3970.965923</timestamp>
			</report>
			<report>
				<misses>11692001</misses>
				<total>37</total>
				<timestamp>3971.305579</timestamp>
			</report>
			<report>
				<misses>11693001</misses>
				<total>36</total>
				<timestamp>3971.645353</timestamp>
			</report>
			<report>
				<misses>11694001</misses>
				<total>38</total>
				<timestamp>3971.984900</timestamp>
			</report>
			<report>
				<misses>11695001</misses>
				<total>38</total>
				<timestamp>3972.324555</timestamp>
			</report>
			<report>
				<misses>11696001</misses>
				<total>38</total>
				<timestamp>3972.664237</timestamp>
			</report>
			<report>
				<misses>11697001</misses>
				<total>38</total>
				<timestamp>3973.003865</timestamp>
			</report>
			<report>
				<misses>11698001</misses>
				<total>38</total>
				<timestamp>3973.343527</timestamp>
			</report>
			<report>
				<misses>11699001</misses>
				<total>38</total>
				<timestamp>3973.683229</timestamp>
			</report>
			<report>
				<misses>11700001</misses>
				<total>38</total>
				<timestamp>3974.022876</timestamp>
			</report>
			<report>
				<misses>11701001</misses>
				<total>38</total>
				<timestamp>3974.362518</timestamp>
			</report>
			<report>
				<misses>11702001</misses>
				<total>38</total>
				<timestamp>3974.702206</timestamp>
			</report>
			<report>
				<misses>11703001</misses>
				<total>38</total>
				<timestamp>3975.041851</timestamp>
			</report>
			<report>
				<misses>11704001</misses>
				<total>38</total>
				<timestamp>3975.381527</timestamp>
			</report>
			<report>
				<misses>11705001</misses>
				<total>37</total>
				<timestamp>3975.721266</timestamp>
			</report>
			<report>
				<misses>11706001</misses>
				<total>38</total>
				<timestamp>3976.060846</timestamp>
			</report>
			<report>
				<misses>11707001</misses>
				<total>38</total>
				<timestamp>3976.400485</timestamp>
			</report>
			<report>
				<misses>11708001</misses>
				<total>37</total>
				<timestamp>3976.740219</timestamp>
			</report>
			<report>
				<misses>11709001</misses>
				<total>38</total>
				<timestamp>3977.079797</timestamp>
			</report>
			<report>
				<misses>11710001</misses>
				<total>38</total>
				<timestamp>3977.419471</timestamp>
			</report>
			<report>
				<misses>11711001</misses>
				<total>37</total>
				<timestamp>3977.759210</timestamp>
			</report>
			<report>
				<misses>11712001</misses>
				<total>38</total>
				<timestamp>3978.098779</timestamp>
			</report>
			<report>
				<misses>11713001</misses>
				<total>38</total>
				<timestamp>3978.438466</timestamp>
			</report>
			<report>
				<misses>11714001</misses>
				<total>37</total>
				<timestamp>3978.778212</timestamp>
			</report>
			<report>
				<misses>11715001</misses>
				<total>38</total>
				<timestamp>3979.117774</timestamp>
			</report>
			<report>
				<misses>11716001</misses>
				<total>38</total>
				<timestamp>3979.457427</timestamp>
			</report>
			<report>
				<misses>11717001</misses>
				<total>38</total>
				<timestamp>3979.797120</timestamp>
			</report>
			<report>
				<misses>11718001</misses>
				<total>38</total>
				<timestamp>3980.136738</timestamp>
			</report>
			<report>
				<misses>11719001</misses>
				<total>38</total>
				<timestamp>3980.476386</timestamp>
			</report>
			<report>
				<misses>11720001</misses>
				<total>38</total>
				<timestamp>3980.816078</timestamp>
			</report>
			<report>
				<misses>11721001</misses>
				<total>38</total>
				<timestamp>3981.155728</timestamp>
			</report>
			<report>
				<misses>11722001</misses>
				<total>38</total>
				<timestamp>3981.495376</timestamp>
			</report>
			<report>
				<misses>11723001</misses>
				<total>38</total>
				<timestamp>3981.835087</timestamp>
			</report>
			<report>
				<misses>11724001</misses>
				<total>38</total>
				<timestamp>3982.174704</timestamp>
			</report>
			<report>
				<misses>11725001</misses>
				<total>38</total>
				<timestamp>3982.514384</timestamp>
			</report>
			<report>
				<misses>11726001</misses>
				<total>38</total>
				<timestamp>3982.854063</timestamp>
			</report>
			<report>
				<misses>11727001</misses>
				<total>38</total>
				<timestamp>3983.193671</timestamp>
			</report>
			<report>
				<misses>11728001</misses>
				<total>38</total>
				<timestamp>3983.533331</timestamp>
			</report>
			<report>
				<misses>11729001</misses>
				<total>38</total>
				<timestamp>3983.873008</timestamp>
			</report>
			<report>
				<misses>11730001</misses>
				<total>38</total>
				<timestamp>3984.212651</timestamp>
			</report>
			<report>
				<misses>11731001</misses>
				<total>38</total>
				<timestamp>3984.552358</timestamp>
			</report>
			<report>
				<misses>11732001</misses>
				<total>38</total>
				<timestamp>3984.892041</timestamp>
			</report>
			<report>
				<misses>11733001</misses>
				<total>38</total>
				<timestamp>3985.231632</timestamp>
			</report>
			<report>
				<misses>11734001</misses>
				<total>38</total>
				<timestamp>3985.571298</timestamp>
			</report>
			<report>
				<misses>11735001</misses>
				<total>37</total>
				<timestamp>3985.911088</timestamp>
			</report>
			<report>
				<misses>11736001</misses>
				<total>38</total>
				<timestamp>3986.250632</timestamp>
			</report>
			<report>
				<misses>11737001</misses>
				<total>38</total>
				<timestamp>3986.590313</timestamp>
			</report>
			<report>
				<misses>11738001</misses>
				<total>38</total>
				<timestamp>3986.929954</timestamp>
			</report>
			<report>
				<misses>11739001</misses>
				<total>38</total>
				<timestamp>3987.269590</timestamp>
			</report>
			<report>
				<misses>11740001</misses>
				<total>38</total>
				<timestamp>3987.609300</timestamp>
			</report>
			<report>
				<misses>11741001</misses>
				<total>37</total>
				<timestamp>3987.949050</timestamp>
			</report>
			<report>
				<misses>11742001</misses>
				<total>38</total>
				<timestamp>3988.288580</timestamp>
			</report>
			<report>
				<misses>11743001</misses>
				<total>38</total>
				<timestamp>3988.628293</timestamp>
			</report>
			<report>
				<misses>11744001</misses>
				<total>38</total>
				<timestamp>3988.967924</timestamp>
			</report>
			<report>
				<misses>11745001</misses>
				<total>38</total>
				<timestamp>3989.307568</timestamp>
			</report>
			<report>
				<misses>11746001</misses>
				<total>38</total>
				<timestamp>3989.647257</timestamp>
			</report>
			<report>
				<misses>11747001</misses>
				<total>38</total>
				<timestamp>3989.986891</timestamp>
			</report>
			<report>
				<misses>11748001</misses>
				<total>38</total>
				<timestamp>3990.326539</timestamp>
			</report>
			<report>
				<misses>11749001</misses>
				<total>38</total>
				<timestamp>3990.666231</timestamp>
			</report>
			<report>
				<misses>11750001</misses>
				<total>37</total>
				<timestamp>3991.006016</timestamp>
			</report>
			<report>
				<misses>11751001</misses>
				<total>38</total>
				<timestamp>3991.345538</timestamp>
			</report>
			<report>
				<misses>11752001</misses>
				<total>38</total>
				<timestamp>3991.685187</timestamp>
			</report>
			<report>
				<misses>11753001</misses>
				<total>38</total>
				<timestamp>3992.024844</timestamp>
			</report>
			<report>
				<misses>11754001</misses>
				<total>38</total>
				<timestamp>3992.364507</timestamp>
			</report>
			<report>
				<misses>11755001</misses>
				<total>38</total>
				<timestamp>3992.704238</timestamp>
			</report>
			<report>
				<misses>11756001</misses>
				<total>38</total>
				<timestamp>3993.043817</timestamp>
			</report>
			<report>
				<misses>11757001</misses>
				<total>38</total>
				<timestamp>3993.383459</timestamp>
			</report>
			<report>
				<misses>11758001</misses>
				<total>37</total>
				<timestamp>3993.723229</timestamp>
			</report>
			<report>
				<misses>11759001</misses>
				<total>38</total>
				<timestamp>3994.062808</timestamp>
			</report>
			<report>
				<misses>11760001</misses>
				<total>38</total>
				<timestamp>3994.402464</timestamp>
			</report>
			<report>
				<misses>11761001</misses>
				<total>37</total>
				<timestamp>3994.742244</timestamp>
			</report>
			<report>
				<misses>11762001</misses>
				<total>38</total>
				<timestamp>3995.081780</timestamp>
			</report>
			<report>
				<misses>11763001</misses>
				<total>38</total>
				<timestamp>3995.421450</timestamp>
			</report>
			<report>
				<misses>11764001</misses>
				<total>37</total>
				<timestamp>3995.761218</timestamp>
			</report>
			<report>
				<misses>11765001</misses>
				<total>38</total>
				<timestamp>3996.100757</timestamp>
			</report>
			<report>
				<misses>11766001</misses>
				<total>38</total>
				<timestamp>3996.440424</timestamp>
			</report>
			<report>
				<misses>11767001</misses>
				<total>38</total>
				<timestamp>3996.780093</timestamp>
			</report>
			<report>
				<misses>11768001</misses>
				<total>38</total>
				<timestamp>3997.119733</timestamp>
			</report>
			<report>
				<misses>11769001</misses>
				<total>38</total>
				<timestamp>3997.459392</timestamp>
			</report>
			<report>
				<misses>11770001</misses>
				<total>38</total>
				<timestamp>3997.799049</timestamp>
			</report>
			<report>
				<misses>11771001</misses>
				<total>38</total>
				<timestamp>3998.138733</timestamp>
			</report>
			<report>
				<misses>11772001</misses>
				<total>38</total>
				<timestamp>3998.478371</timestamp>
			</report>
			<report>
				<misses>11773001</misses>
				<total>38</total>
				<timestamp>3998.818083</timestamp>
			</report>
			<report>
				<misses>11774001</misses>
				<total>38</total>
				<timestamp>3999.157689</timestamp>
			</report>
			<report>
				<misses>11775001</misses>
				<total>38</total>
				<timestamp>3999.497339</timestamp>
			</report>
			<report>
				<misses>11776001</misses>
				<total>37</total>
				<timestamp>3999.837095</timestamp>
			</report>
			<report>
				<misses>11777001</misses>
				<total>38</total>
				<timestamp>4000.176675</timestamp>
			</report>
			<report>
				<misses>11778001</misses>
				<total>38</total>
				<timestamp>4000.516316</timestamp>
			</report>
			<report>
				<misses>11779001</misses>
				<total>38</total>
				<timestamp>4000.856036</timestamp>
			</report>
			<report>
				<misses>11780001</misses>
				<total>38</total>
				<timestamp>4001.195664</timestamp>
			</report>
			<report>
				<misses>11781001</misses>
				<total>38</total>
				<timestamp>4001.535333</timestamp>
			</report>
			<report>
				<misses>11782001</misses>
				<total>37</total>
				<timestamp>4001.875054</timestamp>
			</report>
			<report>
				<misses>11783001</misses>
				<total>38</total>
				<timestamp>4002.214645</timestamp>
			</report>
			<report>
				<misses>11784001</misses>
				<total>38</total>
				<timestamp>4002.554302</timestamp>
			</report>
			<report>
				<misses>11785001</misses>
				<total>37</total>
				<timestamp>4002.894072</timestamp>
			</report>
			<report>
				<misses>11786001</misses>
				<total>38</total>
				<timestamp>4003.233611</timestamp>
			</report>
			<report>
				<misses>11787001</misses>
				<total>38</total>
				<timestamp>4003.573272</timestamp>
			</report>
			<report>
				<misses>11788001</misses>
				<total>37</total>
				<timestamp>4003.913045</timestamp>
			</report>
			<report>
				<misses>11789001</misses>
				<total>38</total>
				<timestamp>4004.252620</timestamp>
			</report>
			<report>
				<misses>11790001</misses>
				<total>38</total>
				<timestamp>4004.592288</timestamp>
			</report>
			<report>
				<misses>11791001</misses>
				<total>37</total>
				<timestamp>4004.932058</timestamp>
			</report>
			<report>
				<misses>11792001</misses>
				<total>38</total>
				<timestamp>4005.271576</timestamp>
			</report>
			<report>
				<misses>11793001</misses>
				<total>38</total>
				<timestamp>4005.611271</timestamp>
			</report>
			<report>
				<misses>11794001</misses>
				<total>38</total>
				<timestamp>4005.950923</timestamp>
			</report>
			<report>
				<misses>11795001</misses>
				<total>38</total>
				<timestamp>4006.290554</timestamp>
			</report>
			<report>
				<misses>11796001</misses>
				<total>38</total>
				<timestamp>4006.630239</timestamp>
			</report>
			<report>
				<misses>11797001</misses>
				<total>38</total>
				<timestamp>4006.969937</timestamp>
			</report>
			<report>
				<misses>11798001</misses>
				<total>38</total>
				<timestamp>4007.309543</timestamp>
			</report>
			<report>
				<misses>11799001</misses>
				<total>38</total>
				<timestamp>4007.649198</timestamp>
			</report>
			<report>
				<misses>11800001</misses>
				<total>38</total>
				<timestamp>4007.988918</timestamp>
			</report>
			<report>
				<misses>11801001</misses>
				<total>38</total>
				<timestamp>4008.328523</timestamp>
			</report>
			<report>
				<misses>11802001</misses>
				<total>38</total>
				<timestamp>4008.668207</timestamp>
			</report>
			<report>
				<misses>11803001</misses>
				<total>38</total>
				<timestamp>4009.007925</timestamp>
			</report>
			<report>
				<misses>11804001</misses>
				<total>38</total>
				<timestamp>4009.347493</timestamp>
			</report>
			<report>
				<misses>11805001</misses>
				<total>38</total>
				<timestamp>4009.687192</timestamp>
			</report>
			<report>
				<misses>11806001</misses>
				<total>38</total>
				<timestamp>4010.026891</timestamp>
			</report>
			<report>
				<misses>11807001</misses>
				<total>38</total>
				<timestamp>4010.366481</timestamp>
			</report>
			<report>
				<misses>11808001</misses>
				<total>38</total>
				<timestamp>4010.706191</timestamp>
			</report>
			<report>
				<misses>11809001</misses>
				<total>37</total>
				<timestamp>4011.045907</timestamp>
			</report>
			<report>
				<misses>11810001</misses>
				<total>38</total>
				<timestamp>4011.385457</timestamp>
			</report>
			<report>
				<misses>11811001</misses>
				<total>38</total>
				<timestamp>4011.725149</timestamp>
			</report>
			<report>
				<misses>11812001</misses>
				<total>38</total>
				<timestamp>4012.064801</timestamp>
			</report>
			<report>
				<misses>11813001</misses>
				<total>37</total>
				<timestamp>4012.404578</timestamp>
			</report>
			<report>
				<misses>11814001</misses>
				<total>38</total>
				<timestamp>4012.744117</timestamp>
			</report>
			<report>
				<misses>11815001</misses>
				<total>38</total>
				<timestamp>4013.083806</timestamp>
			</report>
			<report>
				<misses>11816001</misses>
				<total>38</total>
				<timestamp>4013.423433</timestamp>
			</report>
			<report>
				<misses>11817001</misses>
				<total>38</total>
				<timestamp>4013.763111</timestamp>
			</report>
			<report>
				<misses>11818001</misses>
				<total>38</total>
				<timestamp>4014.102756</timestamp>
			</report>
			<report>
				<misses>11819001</misses>
				<total>38</total>
				<timestamp>4014.442407</timestamp>
			</report>
			<report>
				<misses>11820001</misses>
				<total>38</total>
				<timestamp>4014.782043</timestamp>
			</report>
			<report>
				<misses>11821001</misses>
				<total>38</total>
				<timestamp>4015.121725</timestamp>
			</report>
			<report>
				<misses>11822001</misses>
				<total>38</total>
				<timestamp>4015.461400</timestamp>
			</report>
			<report>
				<misses>11823001</misses>
				<total>38</total>
				<timestamp>4015.801104</timestamp>
			</report>
			<report>
				<misses>11824001</misses>
				<total>38</total>
				<timestamp>4016.140711</timestamp>
			</report>
			<report>
				<misses>11825001</misses>
				<total>38</total>
				<timestamp>4016.480352</timestamp>
			</report>
			<report>
				<misses>11826001</misses>
				<total>38</total>
				<timestamp>4016.820018</timestamp>
			</report>
			<report>
				<misses>11827001</misses>
				<total>38</total>
				<timestamp>4017.159705</timestamp>
			</report>
			<report>
				<misses>11828001</misses>
				<total>38</total>
				<timestamp>4017.499361</timestamp>
			</report>
			<report>
				<misses>11829001</misses>
				<total>38</total>
				<timestamp>4017.839010</timestamp>
			</report>
			<report>
				<misses>11830001</misses>
				<total>38</total>
				<timestamp>4018.178646</timestamp>
			</report>
			<report>
				<misses>11831001</misses>
				<total>38</total>
				<timestamp>4018.518327</timestamp>
			</report>
			<report>
				<misses>11832001</misses>
				<total>37</total>
				<timestamp>4018.858078</timestamp>
			</report>
			<report>
				<misses>11833001</misses>
				<total>38</total>
				<timestamp>4019.197632</timestamp>
			</report>
			<report>
				<misses>11834001</misses>
				<total>38</total>
				<timestamp>4019.537325</timestamp>
			</report>
			<report>
				<misses>11835001</misses>
				<total>37</total>
				<timestamp>4019.877086</timestamp>
			</report>
			<report>
				<misses>11836001</misses>
				<total>38</total>
				<timestamp>4020.216629</timestamp>
			</report>
			<report>
				<misses>11837001</misses>
				<total>38</total>
				<timestamp>4020.556301</timestamp>
			</report>
			<report>
				<misses>11838001</misses>
				<total>37</total>
				<timestamp>4020.896054</timestamp>
			</report>
			<report>
				<misses>11839001</misses>
				<total>38</total>
				<timestamp>4021.235596</timestamp>
			</report>
			<report>
				<misses>11840001</misses>
				<total>38</total>
				<timestamp>4021.575283</timestamp>
			</report>
			<report>
				<misses>11841001</misses>
				<total>38</total>
				<timestamp>4021.914951</timestamp>
			</report>
			<report>
				<misses>11842001</misses>
				<total>38</total>
				<timestamp>4022.254569</timestamp>
			</report>
			<report>
				<misses>11843001</misses>
				<total>38</total>
				<timestamp>4022.594289</timestamp>
			</report>
			<report>
				<misses>11844001</misses>
				<total>38</total>
				<timestamp>4022.933902</timestamp>
			</report>
			<report>
				<misses>11845001</misses>
				<total>38</total>
				<timestamp>4023.273557</timestamp>
			</report>
			<report>
				<misses>11846001</misses>
				<total>38</total>
				<timestamp>4023.613209</timestamp>
			</report>
			<report>
				<misses>11847001</misses>
				<total>38</total>
				<timestamp>4023.952915</timestamp>
			</report>
			<report>
				<misses>11848001</misses>
				<total>38</total>
				<timestamp>4024.292527</timestamp>
			</report>
			<report>
				<misses>11849001</misses>
				<total>38</total>
				<timestamp>4024.632202</timestamp>
			</report>
			<report>
				<misses>11850001</misses>
				<total>38</total>
				<timestamp>4024.971855</timestamp>
			</report>
			<report>
				<misses>11851001</misses>
				<total>38</total>
				<timestamp>4025.311512</timestamp>
			</report>
			<report>
				<misses>11852001</misses>
				<total>38</total>
				<timestamp>4025.651166</timestamp>
			</report>
			<report>
				<misses>11853001</misses>
				<total>37</total>
				<timestamp>4025.990929</timestamp>
			</report>
			<report>
				<misses>11854001</misses>
				<total>38</total>
				<timestamp>4026.330496</timestamp>
			</report>
			<report>
				<misses>11855001</misses>
				<total>38</total>
				<timestamp>4026.670164</timestamp>
			</report>
			<report>
				<misses>11856001</misses>
				<total>37</total>
				<timestamp>4027.009916</timestamp>
			</report>
			<report>
				<misses>11857001</misses>
				<total>38</total>
				<timestamp>4027.349459</timestamp>
			</report>
			<report>
				<misses>11858001</misses>
				<total>38</total>
				<timestamp>4027.689143</timestamp>
			</report>
			<report>
				<misses>11859001</misses>
				<total>37</total>
				<timestamp>4028.028885</timestamp>
			</report>
			<report>
				<misses>11860001</misses>
				<total>38</total>
				<timestamp>4028.368451</timestamp>
			</report>
			<report>
				<misses>11861001</misses>
				<total>38</total>
				<timestamp>4028.708128</timestamp>
			</report>
			<report>
				<misses>11862001</misses>
				<total>37</total>
				<timestamp>4029.047888</timestamp>
			</report>
			<report>
				<misses>11863001</misses>
				<total>38</total>
				<timestamp>4029.387455</timestamp>
			</report>
			<report>
				<misses>11864001</misses>
				<total>38</total>
				<timestamp>4029.727148</timestamp>
			</report>
			<report>
				<misses>11865001</misses>
				<total>38</total>
				<timestamp>4030.066780</timestamp>
			</report>
			<report>
				<misses>11866001</misses>
				<total>38</total>
				<timestamp>4030.406427</timestamp>
			</report>
			<report>
				<misses>11867001</misses>
				<total>38</total>
				<timestamp>4030.746111</timestamp>
			</report>
			<report>
				<misses>11868001</misses>
				<total>38</total>
				<timestamp>4031.085762</timestamp>
			</report>
			<report>
				<misses>11869001</misses>
				<total>38</total>
				<timestamp>4031.425423</timestamp>
			</report>
			<report>
				<misses>11870001</misses>
				<total>38</total>
				<timestamp>4031.765071</timestamp>
			</report>
			<report>
				<misses>11871001</misses>
				<total>38</total>
				<timestamp>4032.104757</timestamp>
			</report>
			<report>
				<misses>11872001</misses>
				<total>38</total>
				<timestamp>4032.444401</timestamp>
			</report>
			<report>
				<misses>11873001</misses>
				<total>38</total>
				<timestamp>4032.784049</timestamp>
			</report>
			<report>
				<misses>11874001</misses>
				<total>38</total>
				<timestamp>4033.123800</timestamp>
			</report>
			<report>
				<misses>11875001</misses>
				<total>38</total>
				<timestamp>4033.463357</timestamp>
			</report>
			<report>
				<misses>11876001</misses>
				<total>38</total>
				<timestamp>4033.803015</timestamp>
			</report>
			<report>
				<misses>11877001</misses>
				<total>38</total>
				<timestamp>4034.142751</timestamp>
			</report>
			<report>
				<misses>11878001</misses>
				<total>38</total>
				<timestamp>4034.482339</timestamp>
			</report>
			<report>
				<misses>11879001</misses>
				<total>38</total>
				<timestamp>4034.821994</timestamp>
			</report>
			<report>
				<misses>11880001</misses>
				<total>37</total>
				<timestamp>4035.161779</timestamp>
			</report>
			<report>
				<misses>11881001</misses>
				<total>38</total>
				<timestamp>4035.501315</timestamp>
			</report>
			<report>
				<misses>11882001</misses>
				<total>38</total>
				<timestamp>4035.840967</timestamp>
			</report>
			<report>
				<misses>11883001</misses>
				<total>37</total>
				<timestamp>4036.180748</timestamp>
			</report>
			<report>
				<misses>11884001</misses>
				<total>38</total>
				<timestamp>4036.520316</timestamp>
			</report>
			<report>
				<misses>11885001</misses>
				<total>38</total>
				<timestamp>4036.859976</timestamp>
			</report>
			<report>
				<misses>11886001</misses>
				<total>37</total>
				<timestamp>4037.199744</timestamp>
			</report>
			<report>
				<misses>11887001</misses>
				<total>38</total>
				<timestamp>4037.539283</timestamp>
			</report>
			<report>
				<misses>11888001</misses>
				<total>38</total>
				<timestamp>4037.878931</timestamp>
			</report>
			<report>
				<misses>11889001</misses>
				<total>37</total>
				<timestamp>4038.218736</timestamp>
			</report>
			<report>
				<misses>11890001</misses>
				<total>38</total>
				<timestamp>4038.558270</timestamp>
			</report>
			<report>
				<misses>11891001</misses>
				<total>38</total>
				<timestamp>4038.897960</timestamp>
			</report>
			<report>
				<misses>11892001</misses>
				<total>38</total>
				<timestamp>4039.237639</timestamp>
			</report>
			<report>
				<misses>11893001</misses>
				<total>38</total>
				<timestamp>4039.577253</timestamp>
			</report>
			<report>
				<misses>11894001</misses>
				<total>38</total>
				<timestamp>4039.916904</timestamp>
			</report>
			<report>
				<misses>11895001</misses>
				<total>38</total>
				<timestamp>4040.256572</timestamp>
			</report>
			<report>
				<misses>11896001</misses>
				<total>38</total>
				<timestamp>4040.596223</timestamp>
			</report>
			<report>
				<misses>11897001</misses>
				<total>37</total>
				<timestamp>4040.935992</timestamp>
			</report>
			<report>
				<misses>11898001</misses>
				<total>38</total>
				<timestamp>4041.275565</timestamp>
			</report>
			<report>
				<misses>11899001</misses>
				<total>38</total>
				<timestamp>4041.615210</timestamp>
			</report>
			<report>
				<misses>11900001</misses>
				<total>37</total>
				<timestamp>4041.954958</timestamp>
			</report>
			<report>
				<misses>11901001</misses>
				<total>38</total>
				<timestamp>4042.294541</timestamp>
			</report>
			<report>
				<misses>11902001</misses>
				<total>38</total>
				<timestamp>4042.634209</timestamp>
			</report>
			<report>
				<misses>11903001</misses>
				<total>37</total>
				<timestamp>4042.973930</timestamp>
			</report>
			<report>
				<misses>11904001</misses>
				<total>38</total>
				<timestamp>4043.313533</timestamp>
			</report>
			<report>
				<misses>11905001</misses>
				<total>38</total>
				<timestamp>4043.653191</timestamp>
			</report>
			<report>
				<misses>11906001</misses>
				<total>38</total>
				<timestamp>4043.992830</timestamp>
			</report>
			<report>
				<misses>11907001</misses>
				<total>38</total>
				<timestamp>4044.332477</timestamp>
			</report>
			<report>
				<misses>11908001</misses>
				<total>38</total>
				<timestamp>4044.672169</timestamp>
			</report>
			<report>
				<misses>11909001</misses>
				<total>38</total>
				<timestamp>4045.011805</timestamp>
			</report>
			<report>
				<misses>11910001</misses>
				<total>38</total>
				<timestamp>4045.351496</timestamp>
			</report>
			<report>
				<misses>11911001</misses>
				<total>38</total>
				<timestamp>4045.691117</timestamp>
			</report>
			<report>
				<misses>11912001</misses>
				<total>38</total>
				<timestamp>4046.030812</timestamp>
			</report>
			<report>
				<misses>11913001</misses>
				<total>38</total>
				<timestamp>4046.370468</timestamp>
			</report>
			<report>
				<misses>11914001</misses>
				<total>38</total>
				<timestamp>4046.710104</timestamp>
			</report>
			<report>
				<misses>11915001</misses>
				<total>38</total>
				<timestamp>4047.049788</timestamp>
			</report>
			<report>
				<misses>11916001</misses>
				<total>38</total>
				<timestamp>4047.389434</timestamp>
			</report>
			<report>
				<misses>11917001</misses>
				<total>38</total>
				<timestamp>4047.729095</timestamp>
			</report>
			<report>
				<misses>11918001</misses>
				<total>38</total>
				<timestamp>4048.068734</timestamp>
			</report>
			<report>
				<misses>11919001</misses>
				<total>38</total>
				<timestamp>4048.408410</timestamp>
			</report>
			<report>
				<misses>11920001</misses>
				<total>38</total>
				<timestamp>4048.748049</timestamp>
			</report>
			<report>
				<misses>11921001</misses>
				<total>38</total>
				<timestamp>4049.087776</timestamp>
			</report>
			<report>
				<misses>11922001</misses>
				<total>38</total>
				<timestamp>4049.427388</timestamp>
			</report>
			<report>
				<misses>11923001</misses>
				<total>38</total>
				<timestamp>4049.767032</timestamp>
			</report>
			<report>
				<misses>11924001</misses>
				<total>38</total>
				<timestamp>4050.106723</timestamp>
			</report>
			<report>
				<misses>11925001</misses>
				<total>38</total>
				<timestamp>4050.446350</timestamp>
			</report>
			<report>
				<misses>11926001</misses>
				<total>38</total>
				<timestamp>4050.786000</timestamp>
			</report>
			<report>
				<misses>11927001</misses>
				<total>38</total>
				<timestamp>4051.125704</timestamp>
			</report>
			<report>
				<misses>11928001</misses>
				<total>38</total>
				<timestamp>4051.465321</timestamp>
			</report>
			<report>
				<misses>11929001</misses>
				<total>38</total>
				<timestamp>4051.805026</timestamp>
			</report>
			<report>
				<misses>11930001</misses>
				<total>37</total>
				<timestamp>4052.144748</timestamp>
			</report>
			<report>
				<misses>11931001</misses>
				<total>38</total>
				<timestamp>4052.484323</timestamp>
			</report>
			<report>
				<misses>11932001</misses>
				<total>38</total>
				<timestamp>4052.823977</timestamp>
			</report>
			<report>
				<misses>11933001</misses>
				<total>37</total>
				<timestamp>4053.163727</timestamp>
			</report>
			<report>
				<misses>11934001</misses>
				<total>38</total>
				<timestamp>4053.503291</timestamp>
			</report>
			<report>
				<misses>11935001</misses>
				<total>38</total>
				<timestamp>4053.843001</timestamp>
			</report>
			<report>
				<misses>11936001</misses>
				<total>37</total>
				<timestamp>4054.182737</timestamp>
			</report>
			<report>
				<misses>11937001</misses>
				<total>38</total>
				<timestamp>4054.522280</timestamp>
			</report>
			<report>
				<misses>11938001</misses>
				<total>38</total>
				<timestamp>4054.861960</timestamp>
			</report>
			<report>
				<misses>11939001</misses>
				<total>38</total>
				<timestamp>4055.201621</timestamp>
			</report>
			<report>
				<misses>11940001</misses>
				<total>38</total>
				<timestamp>4055.541276</timestamp>
			</report>
			<report>
				<misses>11941001</misses>
				<total>38</total>
				<timestamp>4055.880980</timestamp>
			</report>
			<report>
				<misses>11942001</misses>
				<total>38</total>
				<timestamp>4056.220626</timestamp>
			</report>
			<report>
				<misses>11943001</misses>
				<total>38</total>
				<timestamp>4056.560348</timestamp>
			</report>
			<report>
				<misses>11944001</misses>
				<total>38</total>
				<timestamp>4056.899934</timestamp>
			</report>
			<report>
				<misses>11945001</misses>
				<total>38</total>
				<timestamp>4057.239618</timestamp>
			</report>
			<report>
				<misses>11946001</misses>
				<total>38</total>
				<timestamp>4057.579224</timestamp>
			</report>
			<report>
				<misses>11947001</misses>
				<total>38</total>
				<timestamp>4057.918916</timestamp>
			</report>
			<report>
				<misses>11948001</misses>
				<total>38</total>
				<timestamp>4058.258574</timestamp>
			</report>
			<report>
				<misses>11949001</misses>
				<total>38</total>
				<timestamp>4058.598329</timestamp>
			</report>
			<report>
				<misses>11950001</misses>
				<total>39</total>
				<timestamp>4058.937853</timestamp>
			</report>
			<report>
				<misses>11951001</misses>
				<total>39</total>
				<timestamp>4059.277568</timestamp>
			</report>
			<report>
				<misses>11952001</misses>
				<total>39</total>
				<timestamp>4059.617176</timestamp>
			</report>
			<report>
				<misses>11953001</misses>
				<total>39</total>
				<timestamp>4059.956845</timestamp>
			</report>
			<report>
				<misses>11954001</misses>
				<total>38</total>
				<timestamp>4060.296592</timestamp>
			</report>
			<report>
				<misses>11955001</misses>
				<total>39</total>
				<timestamp>4060.636167</timestamp>
			</report>
			<report>
				<misses>11956001</misses>
				<total>39</total>
				<timestamp>4060.975836</timestamp>
			</report>
			<report>
				<misses>11957001</misses>
				<total>39</total>
				<timestamp>4061.315540</timestamp>
			</report>
			<report>
				<misses>11958001</misses>
				<total>39</total>
				<timestamp>4061.655128</timestamp>
			</report>
			<report>
				<misses>11959001</misses>
				<total>39</total>
				<timestamp>4061.994819</timestamp>
			</report>
			<report>
				<misses>11960001</misses>
				<total>38</total>
				<timestamp>4062.334591</timestamp>
			</report>
			<report>
				<misses>11961001</misses>
				<total>39</total>
				<timestamp>4062.674119</timestamp>
			</report>
			<report>
				<misses>11962001</misses>
				<total>39</total>
				<timestamp>4063.013806</timestamp>
			</report>
			<report>
				<misses>11963001</misses>
				<total>38</total>
				<timestamp>4063.353560</timestamp>
			</report>
			<report>
				<misses>11964001</misses>
				<total>39</total>
				<timestamp>4063.693100</timestamp>
			</report>
			<report>
				<misses>11965001</misses>
				<total>39</total>
				<timestamp>4064.032747</timestamp>
			</report>
			<report>
				<misses>11966001</misses>
				<total>39</total>
				<timestamp>4064.372460</timestamp>
			</report>
			<report>
				<misses>11967001</misses>
				<total>39</total>
				<timestamp>4064.712073</timestamp>
			</report>
			<report>
				<misses>11968001</misses>
				<total>39</total>
				<timestamp>4065.051739</timestamp>
			</report>
			<report>
				<misses>11969001</misses>
				<total>39</total>
				<timestamp>4065.391431</timestamp>
			</report>
			<report>
				<misses>11970001</misses>
				<total>39</total>
				<timestamp>4065.731077</timestamp>
			</report>
			<report>
				<misses>11971001</misses>
				<total>39</total>
				<timestamp>4066.070716</timestamp>
			</report>
			<report>
				<misses>11972001</misses>
				<total>39</total>
				<timestamp>4066.410394</timestamp>
			</report>
			<report>
				<misses>11973001</misses>
				<total>39</total>
				<timestamp>4066.750059</timestamp>
			</report>
			<report>
				<misses>11974001</misses>
				<total>39</total>
				<timestamp>4067.089709</timestamp>
			</report>
			<report>
				<misses>11975001</misses>
				<total>39</total>
				<timestamp>4067.429378</timestamp>
			</report>
			<report>
				<misses>11976001</misses>
				<total>39</total>
				<timestamp>4067.769041</timestamp>
			</report>
			<report>
				<misses>11977001</misses>
				<total>38</total>
				<timestamp>4068.108760</timestamp>
			</report>
			<report>
				<misses>11978001</misses>
				<total>39</total>
				<timestamp>4068.448361</timestamp>
			</report>
			<report>
				<misses>11979001</misses>
				<total>39</total>
				<timestamp>4068.788011</timestamp>
			</report>
			<report>
				<misses>11980001</misses>
				<total>38</total>
				<timestamp>4069.127762</timestamp>
			</report>
			<report>
				<misses>11981001</misses>
				<total>39</total>
				<timestamp>4069.467343</timestamp>
			</report>
			<report>
				<misses>11982001</misses>
				<total>39</total>
				<timestamp>4069.806996</timestamp>
			</report>
			<report>
				<misses>11983001</misses>
				<total>39</total>
				<timestamp>4070.146654</timestamp>
			</report>
			<report>
				<misses>11984001</misses>
				<total>39</total>
				<timestamp>4070.486384</timestamp>
			</report>
			<report>
				<misses>11985001</misses>
				<total>38</total>
				<timestamp>4070.826052</timestamp>
			</report>
			<report>
				<misses>11986001</misses>
				<total>39</total>
				<timestamp>4071.165667</timestamp>
			</report>
			<report>
				<misses>11987001</misses>
				<total>39</total>
				<timestamp>4071.505308</timestamp>
			</report>
			<report>
				<misses>11988001</misses>
				<total>39</total>
				<timestamp>4071.844933</timestamp>
			</report>
			<report>
				<misses>11989001</misses>
				<total>39</total>
				<timestamp>4072.184661</timestamp>
			</report>
			<report>
				<misses>11990001</misses>
				<total>39</total>
				<timestamp>4072.524273</timestamp>
			</report>
			<report>
				<misses>11991001</misses>
				<total>39</total>
				<timestamp>4072.863908</timestamp>
			</report>
			<report>
				<misses>11992001</misses>
				<total>39</total>
				<timestamp>4073.203598</timestamp>
			</report>
			<report>
				<misses>11993001</misses>
				<total>39</total>
				<timestamp>4073.543231</timestamp>
			</report>
			<report>
				<misses>11994001</misses>
				<total>39</total>
				<timestamp>4073.882940</timestamp>
			</report>
			<report>
				<misses>11995001</misses>
				<total>39</total>
				<timestamp>4074.222644</timestamp>
			</report>
			<report>
				<misses>11996001</misses>
				<total>39</total>
				<timestamp>4074.562247</timestamp>
			</report>
			<report>
				<misses>11997001</misses>
				<total>39</total>
				<timestamp>4074.901890</timestamp>
			</report>
			<report>
				<misses>11998001</misses>
				<total>38</total>
				<timestamp>4075.241631</timestamp>
			</report>
			<report>
				<misses>11999001</misses>
				<total>39</total>
				<timestamp>4075.581203</timestamp>
			</report>
			<report>
				<misses>12000001</misses>
				<total>39</total>
				<timestamp>4075.920881</timestamp>
			</report>
			<report>
				<misses>12001001</misses>
				<total>39</total>
				<timestamp>4076.260606</timestamp>
			</report>
			<report>
				<misses>12002001</misses>
				<total>39</total>
				<timestamp>4076.600179</timestamp>
			</report>
			<report>
				<misses>12003001</misses>
				<total>38</total>
				<timestamp>4076.939938</timestamp>
			</report>
			<report>
				<misses>12004001</misses>
				<total>38</total>
				<timestamp>4077.279610</timestamp>
			</report>
			<report>
				<misses>12005001</misses>
				<total>39</total>
				<timestamp>4077.619166</timestamp>
			</report>
			<report>
				<misses>12006001</misses>
				<total>39</total>
				<timestamp>4077.958854</timestamp>
			</report>
			<report>
				<misses>12007001</misses>
				<total>39</total>
				<timestamp>4078.298482</timestamp>
			</report>
			<report>
				<misses>12008001</misses>
				<total>39</total>
				<timestamp>4078.638139</timestamp>
			</report>
			<report>
				<misses>12009001</misses>
				<total>39</total>
				<timestamp>4078.977797</timestamp>
			</report>
			<report>
				<misses>12010001</misses>
				<total>39</total>
				<timestamp>4079.317457</timestamp>
			</report>
			<report>
				<misses>12011001</misses>
				<total>39</total>
				<timestamp>4079.657152</timestamp>
			</report>
			<report>
				<misses>12012001</misses>
				<total>39</total>
				<timestamp>4079.996784</timestamp>
			</report>
			<report>
				<misses>12013001</misses>
				<total>39</total>
				<timestamp>4080.336443</timestamp>
			</report>
			<report>
				<misses>12014001</misses>
				<total>39</total>
				<timestamp>4080.676087</timestamp>
			</report>
			<report>
				<misses>12015001</misses>
				<total>39</total>
				<timestamp>4081.015767</timestamp>
			</report>
			<report>
				<misses>12016001</misses>
				<total>39</total>
				<timestamp>4081.355484</timestamp>
			</report>
			<report>
				<misses>12017001</misses>
				<total>39</total>
				<timestamp>4081.695076</timestamp>
			</report>
			<report>
				<misses>12018001</misses>
				<total>39</total>
				<timestamp>4082.034791</timestamp>
			</report>
			<report>
				<misses>12019001</misses>
				<total>39</total>
				<timestamp>4082.374473</timestamp>
			</report>
			<report>
				<misses>12020001</misses>
				<total>39</total>
				<timestamp>4082.714081</timestamp>
			</report>
			<report>
				<misses>12021001</misses>
				<total>39</total>
				<timestamp>4083.053730</timestamp>
			</report>
			<report>
				<misses>12022001</misses>
				<total>39</total>
				<timestamp>4083.393447</timestamp>
			</report>
			<report>
				<misses>12023001</misses>
				<total>39</total>
				<timestamp>4083.733046</timestamp>
			</report>
			<report>
				<misses>12024001</misses>
				<total>39</total>
				<timestamp>4084.072713</timestamp>
			</report>
			<report>
				<misses>12025001</misses>
				<total>39</total>
				<timestamp>4084.412404</timestamp>
			</report>
			<report>
				<misses>12026001</misses>
				<total>39</total>
				<timestamp>4084.752035</timestamp>
			</report>
			<report>
				<misses>12027001</misses>
				<total>39</total>
				<timestamp>4085.091687</timestamp>
			</report>
			<report>
				<misses>12028001</misses>
				<total>39</total>
				<timestamp>4085.431402</timestamp>
			</report>
			<report>
				<misses>12029001</misses>
				<total>39</total>
				<timestamp>4085.770991</timestamp>
			</report>
			<report>
				<misses>12030001</misses>
				<total>39</total>
				<timestamp>4086.110681</timestamp>
			</report>
			<report>
				<misses>12031001</misses>
				<total>39</total>
				<timestamp>4086.450373</timestamp>
			</report>
			<report>
				<misses>12032001</misses>
				<total>39</total>
				<timestamp>4086.789985</timestamp>
			</report>
			<report>
				<misses>12033001</misses>
				<total>39</total>
				<timestamp>4087.129647</timestamp>
			</report>
			<report>
				<misses>12034001</misses>
				<total>38</total>
				<timestamp>4087.469416</timestamp>
			</report>
			<report>
				<misses>12035001</misses>
				<total>39</total>
				<timestamp>4087.808958</timestamp>
			</report>
			<report>
				<misses>12036001</misses>
				<total>39</total>
				<timestamp>4088.148618</timestamp>
			</report>
			<report>
				<misses>12037001</misses>
				<total>39</total>
				<timestamp>4088.488301</timestamp>
			</report>
			<report>
				<misses>12038001</misses>
				<total>39</total>
				<timestamp>4088.827952</timestamp>
			</report>
			<report>
				<misses>12039001</misses>
				<total>39</total>
				<timestamp>4089.167635</timestamp>
			</report>
			<report>
				<misses>12040001</misses>
				<total>39</total>
				<timestamp>4089.507317</timestamp>
			</report>
			<report>
				<misses>12041001</misses>
				<total>39</total>
				<timestamp>4089.846915</timestamp>
			</report>
			<report>
				<misses>12042001</misses>
				<total>39</total>
				<timestamp>4090.186646</timestamp>
			</report>
			<report>
				<misses>12043001</misses>
				<total>38</total>
				<timestamp>4090.526404</timestamp>
			</report>
			<report>
				<misses>12044001</misses>
				<total>39</total>
				<timestamp>4090.865951</timestamp>
			</report>
			<report>
				<misses>12045001</misses>
				<total>38</total>
				<timestamp>4091.205660</timestamp>
			</report>
			<report>
				<misses>12046001</misses>
				<total>39</total>
				<timestamp>4091.545295</timestamp>
			</report>
			<report>
				<misses>12047001</misses>
				<total>39</total>
				<timestamp>4091.884880</timestamp>
			</report>
			<report>
				<misses>12048001</misses>
				<total>38</total>
				<timestamp>4092.224617</timestamp>
			</report>
			<report>
				<misses>12049001</misses>
				<total>39</total>
				<timestamp>4092.564197</timestamp>
			</report>
			<report>
				<misses>12050001</misses>
				<total>39</total>
				<timestamp>4092.903877</timestamp>
			</report>
			<report>
				<misses>12051001</misses>
				<total>38</total>
				<timestamp>4093.243614</timestamp>
			</report>
			<report>
				<misses>12052001</misses>
				<total>39</total>
				<timestamp>4093.583183</timestamp>
			</report>
			<report>
				<misses>12053001</misses>
				<total>39</total>
				<timestamp>4093.922854</timestamp>
			</report>
			<report>
				<misses>12054001</misses>
				<total>38</total>
				<timestamp>4094.262632</timestamp>
			</report>
			<report>
				<misses>12055001</misses>
				<total>39</total>
				<timestamp>4094.602165</timestamp>
			</report>
			<report>
				<misses>12056001</misses>
				<total>39</total>
				<timestamp>4094.941820</timestamp>
			</report>
			<report>
				<misses>12057001</misses>
				<total>39</total>
				<timestamp>4095.281507</timestamp>
			</report>
			<report>
				<misses>12058001</misses>
				<total>39</total>
				<timestamp>4095.621170</timestamp>
			</report>
			<report>
				<misses>12059001</misses>
				<total>39</total>
				<timestamp>4095.960789</timestamp>
			</report>
			<report>
				<misses>12060001</misses>
				<total>39</total>
				<timestamp>4096.300480</timestamp>
			</report>
			<report>
				<misses>12061001</misses>
				<total>39</total>
				<timestamp>4096.640183</timestamp>
			</report>
			<report>
				<misses>12062001</misses>
				<total>39</total>
				<timestamp>4096.979781</timestamp>
			</report>
			<report>
				<misses>12063001</misses>
				<total>39</total>
				<timestamp>4097.319460</timestamp>
			</report>
			<report>
				<misses>12064001</misses>
				<total>39</total>
				<timestamp>4097.659101</timestamp>
			</report>
			<report>
				<misses>12065001</misses>
				<total>39</total>
				<timestamp>4097.998789</timestamp>
			</report>
			<report>
				<misses>12066001</misses>
				<total>39</total>
				<timestamp>4098.338474</timestamp>
			</report>
			<report>
				<misses>12067001</misses>
				<total>39</total>
				<timestamp>4098.678077</timestamp>
			</report>
			<report>
				<misses>12068001</misses>
				<total>39</total>
				<timestamp>4099.017756</timestamp>
			</report>
			<report>
				<misses>12069001</misses>
				<total>38</total>
				<timestamp>4099.357493</timestamp>
			</report>
			<report>
				<misses>12070001</misses>
				<total>39</total>
				<timestamp>4099.697072</timestamp>
			</report>
			<report>
				<misses>12071001</misses>
				<total>39</total>
				<timestamp>4100.036768</timestamp>
			</report>
			<report>
				<misses>12072001</misses>
				<total>38</total>
				<timestamp>4100.376520</timestamp>
			</report>
			<report>
				<misses>12073001</misses>
				<total>39</total>
				<timestamp>4100.716041</timestamp>
			</report>
			<report>
				<misses>12074001</misses>
				<total>39</total>
				<timestamp>4101.055698</timestamp>
			</report>
			<report>
				<misses>12075001</misses>
				<total>38</total>
				<timestamp>4101.395471</timestamp>
			</report>
			<report>
				<misses>12076001</misses>
				<total>39</total>
				<timestamp>4101.735019</timestamp>
			</report>
			<report>
				<misses>12077001</misses>
				<total>39</total>
				<timestamp>4102.074675</timestamp>
			</report>
			<report>
				<misses>12078001</misses>
				<total>38</total>
				<timestamp>4102.414454</timestamp>
			</report>
			<report>
				<misses>12079001</misses>
				<total>39</total>
				<timestamp>4102.754000</timestamp>
			</report>
			<report>
				<misses>12080001</misses>
				<total>39</total>
				<timestamp>4103.093659</timestamp>
			</report>
			<report>
				<misses>12081001</misses>
				<total>38</total>
				<timestamp>4103.433420</timestamp>
			</report>
			<report>
				<misses>12082001</misses>
				<total>39</total>
				<timestamp>4103.772995</timestamp>
			</report>
			<report>
				<misses>12083001</misses>
				<total>39</total>
				<timestamp>4104.112633</timestamp>
			</report>
			<report>
				<misses>12084001</misses>
				<total>39</total>
				<timestamp>4104.452385</timestamp>
			</report>
			<report>
				<misses>12085001</misses>
				<total>39</total>
				<timestamp>4104.791971</timestamp>
			</report>
			<report>
				<misses>12086001</misses>
				<total>39</total>
				<timestamp>4105.131601</timestamp>
			</report>
			<report>
				<misses>12087001</misses>
				<total>39</total>
				<timestamp>4105.471329</timestamp>
			</report>
			<report>
				<misses>12088001</misses>
				<total>39</total>
				<timestamp>4105.810925</timestamp>
			</report>
			<report>
				<misses>12089001</misses>
				<total>39</total>
				<timestamp>4106.150600</timestamp>
			</report>
			<report>
				<misses>12090001</misses>
				<total>39</total>
				<timestamp>4106.490334</timestamp>
			</report>
			<report>
				<misses>12091001</misses>
				<total>39</total>
				<timestamp>4106.829948</timestamp>
			</report>
			<report>
				<misses>12092001</misses>
				<total>39</total>
				<timestamp>4107.169579</timestamp>
			</report>
			<report>
				<misses>12093001</misses>
				<total>39</total>
				<timestamp>4107.509283</timestamp>
			</report>
			<report>
				<misses>12094001</misses>
				<total>39</total>
				<timestamp>4107.848909</timestamp>
			</report>
			<report>
				<misses>12095001</misses>
				<total>39</total>
				<timestamp>4108.188556</timestamp>
			</report>
			<report>
				<misses>12096001</misses>
				<total>39</total>
				<timestamp>4108.528280</timestamp>
			</report>
			<report>
				<misses>12097001</misses>
				<total>39</total>
				<timestamp>4108.867880</timestamp>
			</report>
			<report>
				<misses>12098001</misses>
				<total>39</total>
				<timestamp>4109.207536</timestamp>
			</report>
			<report>
				<misses>12099001</misses>
				<total>38</total>
				<timestamp>4109.547308</timestamp>
			</report>
			<report>
				<misses>12100001</misses>
				<total>39</total>
				<timestamp>4109.886866</timestamp>
			</report>
			<report>
				<misses>12101001</misses>
				<total>39</total>
				<timestamp>4110.226519</timestamp>
			</report>
			<report>
				<misses>12102001</misses>
				<total>39</total>
				<timestamp>4110.566283</timestamp>
			</report>
			<report>
				<misses>12103001</misses>
				<total>39</total>
				<timestamp>4110.905834</timestamp>
			</report>
			<report>
				<misses>12104001</misses>
				<total>39</total>
				<timestamp>4111.245521</timestamp>
			</report>
			<report>
				<misses>12105001</misses>
				<total>38</total>
				<timestamp>4111.585288</timestamp>
			</report>
			<report>
				<misses>12106001</misses>
				<total>39</total>
				<timestamp>4111.924824</timestamp>
			</report>
			<report>
				<misses>12107001</misses>
				<total>39</total>
				<timestamp>4112.264486</timestamp>
			</report>
			<report>
				<misses>12108001</misses>
				<total>38</total>
				<timestamp>4112.604255</timestamp>
			</report>
			<report>
				<misses>12109001</misses>
				<total>39</total>
				<timestamp>4112.943812</timestamp>
			</report>
			<report>
				<misses>12110001</misses>
				<total>39</total>
				<timestamp>4113.283497</timestamp>
			</report>
			<report>
				<misses>12111001</misses>
				<total>39</total>
				<timestamp>4113.623152</timestamp>
			</report>
			<report>
				<misses>12112001</misses>
				<total>39</total>
				<timestamp>4113.962772</timestamp>
			</report>
			<report>
				<misses>12113001</misses>
				<total>39</total>
				<timestamp>4114.302486</timestamp>
			</report>
			<report>
				<misses>12114001</misses>
				<total>39</total>
				<timestamp>4114.642116</timestamp>
			</report>
			<report>
				<misses>12115001</misses>
				<total>39</total>
				<timestamp>4114.981781</timestamp>
			</report>
			<report>
				<misses>12116001</misses>
				<total>39</total>
				<timestamp>4115.321491</timestamp>
			</report>
			<report>
				<misses>12117001</misses>
				<total>39</total>
				<timestamp>4115.661098</timestamp>
			</report>
			<report>
				<misses>12118001</misses>
				<total>39</total>
				<timestamp>4116.000744</timestamp>
			</report>
			<report>
				<misses>12119001</misses>
				<total>39</total>
				<timestamp>4116.340469</timestamp>
			</report>
			<report>
				<misses>12120001</misses>
				<total>39</total>
				<timestamp>4116.680053</timestamp>
			</report>
			<report>
				<misses>12121001</misses>
				<total>39</total>
				<timestamp>4117.019734</timestamp>
			</report>
			<report>
				<misses>12122001</misses>
				<total>38</total>
				<timestamp>4117.359473</timestamp>
			</report>
			<report>
				<misses>12123001</misses>
				<total>39</total>
				<timestamp>4117.699047</timestamp>
			</report>
			<report>
				<misses>12124001</misses>
				<total>39</total>
				<timestamp>4118.038732</timestamp>
			</report>
			<report>
				<misses>12125001</misses>
				<total>39</total>
				<timestamp>4118.378382</timestamp>
			</report>
			<report>
				<misses>12126001</misses>
				<total>39</total>
				<timestamp>4118.718020</timestamp>
			</report>
			<report>
				<misses>12127001</misses>
				<total>39</total>
				<timestamp>4119.057683</timestamp>
			</report>
			<report>
				<misses>12128001</misses>
				<total>38</total>
				<timestamp>4119.397451</timestamp>
			</report>
			<report>
				<misses>12129001</misses>
				<total>39</total>
				<timestamp>4119.736998</timestamp>
			</report>
			<report>
				<misses>12130001</misses>
				<total>39</total>
				<timestamp>4120.076698</timestamp>
			</report>
			<report>
				<misses>12131001</misses>
				<total>39</total>
				<timestamp>4120.416346</timestamp>
			</report>
			<report>
				<misses>12132001</misses>
				<total>39</total>
				<timestamp>4120.755981</timestamp>
			</report>
			<report>
				<misses>12133001</misses>
				<total>39</total>
				<timestamp>4121.095670</timestamp>
			</report>
			<report>
				<misses>12134001</misses>
				<total>38</total>
				<timestamp>4121.435410</timestamp>
			</report>
			<report>
				<misses>12135001</misses>
				<total>39</total>
				<timestamp>4121.774952</timestamp>
			</report>
			<report>
				<misses>12136001</misses>
				<total>39</total>
				<timestamp>4122.114614</timestamp>
			</report>
			<report>
				<misses>12137001</misses>
				<total>39</total>
				<timestamp>4122.454322</timestamp>
			</report>
			<report>
				<misses>12138001</misses>
				<total>39</total>
				<timestamp>4122.793951</timestamp>
			</report>
			<report>
				<misses>12139001</misses>
				<total>39</total>
				<timestamp>4123.133610</timestamp>
			</report>
			<report>
				<misses>12140001</misses>
				<total>39</total>
				<timestamp>4123.473315</timestamp>
			</report>
			<report>
				<misses>12141001</misses>
				<total>39</total>
				<timestamp>4123.812924</timestamp>
			</report>
			<report>
				<misses>12142001</misses>
				<total>39</total>
				<timestamp>4124.152597</timestamp>
			</report>
			<report>
				<misses>12143001</misses>
				<total>39</total>
				<timestamp>4124.492301</timestamp>
			</report>
			<report>
				<misses>12144001</misses>
				<total>38</total>
				<timestamp>4124.832003</timestamp>
			</report>
			<report>
				<misses>12145001</misses>
				<total>39</total>
				<timestamp>4125.171575</timestamp>
			</report>
			<report>
				<misses>12146001</misses>
				<total>39</total>
				<timestamp>4125.511286</timestamp>
			</report>
			<report>
				<misses>12147001</misses>
				<total>39</total>
				<timestamp>4125.850881</timestamp>
			</report>
			<report>
				<misses>12148001</misses>
				<total>39</total>
				<timestamp>4126.190544</timestamp>
			</report>
			<report>
				<misses>12149001</misses>
				<total>38</total>
				<timestamp>4126.530296</timestamp>
			</report>
			<report>
				<misses>12150001</misses>
				<total>39</total>
				<timestamp>4126.869851</timestamp>
			</report>
			<report>
				<misses>12151001</misses>
				<total>39</total>
				<timestamp>4127.209537</timestamp>
			</report>
			<report>
				<misses>12152001</misses>
				<total>38</total>
				<timestamp>4127.549281</timestamp>
			</report>
			<report>
				<misses>12153001</misses>
				<total>39</total>
				<timestamp>4127.888857</timestamp>
			</report>
			<report>
				<misses>12154001</misses>
				<total>39</total>
				<timestamp>4128.228524</timestamp>
			</report>
			<report>
				<misses>12155001</misses>
				<total>38</total>
				<timestamp>4128.568291</timestamp>
			</report>
			<report>
				<misses>12156001</misses>
				<total>39</total>
				<timestamp>4128.907799</timestamp>
			</report>
			<report>
				<misses>12157001</misses>
				<total>39</total>
				<timestamp>4129.247482</timestamp>
			</report>
			<report>
				<misses>12158001</misses>
				<total>39</total>
				<timestamp>4129.587192</timestamp>
			</report>
			<report>
				<misses>12159001</misses>
				<total>39</total>
				<timestamp>4129.926833</timestamp>
			</report>
			<report>
				<misses>12160001</misses>
				<total>39</total>
				<timestamp>4130.266452</timestamp>
			</report>
			<report>
				<misses>12161001</misses>
				<total>39</total>
				<timestamp>4130.606155</timestamp>
			</report>
			<report>
				<misses>12162001</misses>
				<total>39</total>
				<timestamp>4130.945777</timestamp>
			</report>
			<report>
				<misses>12163001</misses>
				<total>39</total>
				<timestamp>4131.285465</timestamp>
			</report>
			<report>
				<misses>12164001</misses>
				<total>39</total>
				<timestamp>4131.625173</timestamp>
			</report>
			<report>
				<misses>12165001</misses>
				<total>39</total>
				<timestamp>4131.964753</timestamp>
			</report>
			<report>
				<misses>12166001</misses>
				<total>42</total>
				<timestamp>4132.304428</timestamp>
			</report>
			<report>
				<misses>12167001</misses>
				<total>42</total>
				<timestamp>4132.644122</timestamp>
			</report>
			<report>
				<misses>12168001</misses>
				<total>42</total>
				<timestamp>4132.983752</timestamp>
			</report>
			<report>
				<misses>12169001</misses>
				<total>42</total>
				<timestamp>4133.323399</timestamp>
			</report>
			<report>
				<misses>12170001</misses>
				<total>42</total>
				<timestamp>4133.663091</timestamp>
			</report>
			<report>
				<misses>12171001</misses>
				<total>42</total>
				<timestamp>4134.002753</timestamp>
			</report>
			<report>
				<misses>12172001</misses>
				<total>42</total>
				<timestamp>4134.342377</timestamp>
			</report>
			<report>
				<misses>12173001</misses>
				<total>42</total>
				<timestamp>4134.682139</timestamp>
			</report>
			<report>
				<misses>12174001</misses>
				<total>42</total>
				<timestamp>4135.021694</timestamp>
			</report>
			<report>
				<misses>12175001</misses>
				<total>42</total>
				<timestamp>4135.361391</timestamp>
			</report>
			<report>
				<misses>12176001</misses>
				<total>41</total>
				<timestamp>4135.701150</timestamp>
			</report>
			<report>
				<misses>12177001</misses>
				<total>42</total>
				<timestamp>4136.040683</timestamp>
			</report>
			<report>
				<misses>12178001</misses>
				<total>42</total>
				<timestamp>4136.380372</timestamp>
			</report>
			<report>
				<misses>12179001</misses>
				<total>42</total>
				<timestamp>4136.720094</timestamp>
			</report>
			<report>
				<misses>12180001</misses>
				<total>42</total>
				<timestamp>4137.059695</timestamp>
			</report>
			<report>
				<misses>12181001</misses>
				<total>42</total>
				<timestamp>4137.399342</timestamp>
			</report>
			<report>
				<misses>12182001</misses>
				<total>41</total>
				<timestamp>4137.739101</timestamp>
			</report>
			<report>
				<misses>12183001</misses>
				<total>42</total>
				<timestamp>4138.078641</timestamp>
			</report>
			<report>
				<misses>12184001</misses>
				<total>42</total>
				<timestamp>4138.418335</timestamp>
			</report>
			<report>
				<misses>12185001</misses>
				<total>41</total>
				<timestamp>4138.758102</timestamp>
			</report>
			<report>
				<misses>12186001</misses>
				<total>42</total>
				<timestamp>4139.097637</timestamp>
			</report>
			<report>
				<misses>12187001</misses>
				<total>42</total>
				<timestamp>4139.437347</timestamp>
			</report>
			<report>
				<misses>12188001</misses>
				<total>42</total>
				<timestamp>4139.776953</timestamp>
			</report>
			<report>
				<misses>12189001</misses>
				<total>42</total>
				<timestamp>4140.116595</timestamp>
			</report>
			<report>
				<misses>12190001</misses>
				<total>42</total>
				<timestamp>4140.456329</timestamp>
			</report>
			<report>
				<misses>12191001</misses>
				<total>42</total>
				<timestamp>4140.795921</timestamp>
			</report>
			<report>
				<misses>12192001</misses>
				<total>42</total>
				<timestamp>4141.135616</timestamp>
			</report>
			<report>
				<misses>12193001</misses>
				<total>41</total>
				<timestamp>4141.475341</timestamp>
			</report>
			<report>
				<misses>12194001</misses>
				<total>42</total>
				<timestamp>4141.814917</timestamp>
			</report>
			<report>
				<misses>12195001</misses>
				<total>42</total>
				<timestamp>4142.154552</timestamp>
			</report>
			<report>
				<misses>12196001</misses>
				<total>42</total>
				<timestamp>4142.494225</timestamp>
			</report>
			<report>
				<misses>12197001</misses>
				<total>42</total>
				<timestamp>4142.833896</timestamp>
			</report>
			<report>
				<misses>12198001</misses>
				<total>42</total>
				<timestamp>4143.173549</timestamp>
			</report>
			<report>
				<misses>12199001</misses>
				<total>42</total>
				<timestamp>4143.513221</timestamp>
			</report>
			<report>
				<misses>12200001</misses>
				<total>42</total>
				<timestamp>4143.852855</timestamp>
			</report>
			<report>
				<misses>12201001</misses>
				<total>42</total>
				<timestamp>4144.192575</timestamp>
			</report>
			<report>
				<misses>12202001</misses>
				<total>41</total>
				<timestamp>4144.532288</timestamp>
			</report>
			<report>
				<misses>12203001</misses>
				<total>42</total>
				<timestamp>4144.871846</timestamp>
			</report>
			<report>
				<misses>12204001</misses>
				<total>42</total>
				<timestamp>4145.211512</timestamp>
			</report>
			<report>
				<misses>12205001</misses>
				<total>41</total>
				<timestamp>4145.551260</timestamp>
			</report>
			<report>
				<misses>12206001</misses>
				<total>42</total>
				<timestamp>4145.890812</timestamp>
			</report>
			<report>
				<misses>12207001</misses>
				<total>42</total>
				<timestamp>4146.230523</timestamp>
			</report>
			<report>
				<misses>12208001</misses>
				<total>42</total>
				<timestamp>4146.570157</timestamp>
			</report>
			<report>
				<misses>12209001</misses>
				<total>42</total>
				<timestamp>4146.909799</timestamp>
			</report>
			<report>
				<misses>12210001</misses>
				<total>42</total>
				<timestamp>4147.249466</timestamp>
			</report>
			<report>
				<misses>12211001</misses>
				<total>42</total>
				<timestamp>4147.589168</timestamp>
			</report>
			<report>
				<misses>12212001</misses>
				<total>42</total>
				<timestamp>4147.928789</timestamp>
			</report>
			<report>
				<misses>12213001</misses>
				<total>42</total>
				<timestamp>4148.268452</timestamp>
			</report>
			<report>
				<misses>12214001</misses>
				<total>42</total>
				<timestamp>4148.608106</timestamp>
			</report>
			<report>
				<misses>12215001</misses>
				<total>42</total>
				<timestamp>4148.947771</timestamp>
			</report>
			<report>
				<misses>12216001</misses>
				<total>42</total>
				<timestamp>4149.287454</timestamp>
			</report>
			<report>
				<misses>12217001</misses>
				<total>41</total>
				<timestamp>4149.627162</timestamp>
			</report>
			<report>
				<misses>12218001</misses>
				<total>42</total>
				<timestamp>4149.966724</timestamp>
			</report>
			<report>
				<misses>12219001</misses>
				<total>42</total>
				<timestamp>4150.306396</timestamp>
			</report>
			<report>
				<misses>12220001</misses>
				<total>41</total>
				<timestamp>4150.646138</timestamp>
			</report>
			<report>
				<misses>12221001</misses>
				<total>42</total>
				<timestamp>4150.985729</timestamp>
			</report>
			<report>
				<misses>12222001</misses>
				<total>42</total>
				<timestamp>4151.325367</timestamp>
			</report>
			<report>
				<misses>12223001</misses>
				<total>41</total>
				<timestamp>4151.665124</timestamp>
			</report>
			<report>
				<misses>12224001</misses>
				<total>42</total>
				<timestamp>4152.004703</timestamp>
			</report>
			<report>
				<misses>12225001</misses>
				<total>42</total>
				<timestamp>4152.344360</timestamp>
			</report>
			<report>
				<misses>12226001</misses>
				<total>41</total>
				<timestamp>4152.684136</timestamp>
			</report>
			<report>
				<misses>12227001</misses>
				<total>42</total>
				<timestamp>4153.023672</timestamp>
			</report>
			<report>
				<misses>12228001</misses>
				<total>42</total>
				<timestamp>4153.363355</timestamp>
			</report>
			<report>
				<misses>12229001</misses>
				<total>42</total>
				<timestamp>4153.703069</timestamp>
			</report>
			<report>
				<misses>12230001</misses>
				<total>42</total>
				<timestamp>4154.042662</timestamp>
			</report>
			<report>
				<misses>12231001</misses>
				<total>42</total>
				<timestamp>4154.382315</timestamp>
			</report>
			<report>
				<misses>12232001</misses>
				<total>42</total>
				<timestamp>4154.722030</timestamp>
			</report>
			<report>
				<misses>12233001</misses>
				<total>42</total>
				<timestamp>4155.061679</timestamp>
			</report>
			<report>
				<misses>12234001</misses>
				<total>42</total>
				<timestamp>4155.401323</timestamp>
			</report>
			<report>
				<misses>12235001</misses>
				<total>42</total>
				<timestamp>4155.741037</timestamp>
			</report>
			<report>
				<misses>12236001</misses>
				<total>42</total>
				<timestamp>4156.080643</timestamp>
			</report>
			<report>
				<misses>12237001</misses>
				<total>42</total>
				<timestamp>4156.420318</timestamp>
			</report>
			<report>
				<misses>12238001</misses>
				<total>42</total>
				<timestamp>4156.759948</timestamp>
			</report>
			<report>
				<misses>12239001</misses>
				<total>42</total>
				<timestamp>4157.099595</timestamp>
			</report>
			<report>
				<misses>12240001</misses>
				<total>42</total>
				<timestamp>4157.439292</timestamp>
			</report>
			<report>
				<misses>12241001</misses>
				<total>42</total>
				<timestamp>4157.778987</timestamp>
			</report>
			<report>
				<misses>12242001</misses>
				<total>42</total>
				<timestamp>4158.118587</timestamp>
			</report>
			<report>
				<misses>12243001</misses>
				<total>42</total>
				<timestamp>4158.458264</timestamp>
			</report>
			<report>
				<misses>12244001</misses>
				<total>42</total>
				<timestamp>4158.797988</timestamp>
			</report>
			<report>
				<misses>12245001</misses>
				<total>42</total>
				<timestamp>4159.137599</timestamp>
			</report>
			<report>
				<misses>12246001</misses>
				<total>42</total>
				<timestamp>4159.477208</timestamp>
			</report>
			<report>
				<misses>12247001</misses>
				<total>42</total>
				<timestamp>4159.816946</timestamp>
			</report>
			<report>
				<misses>12248001</misses>
				<total>42</total>
				<timestamp>4160.156551</timestamp>
			</report>
			<report>
				<misses>12249001</misses>
				<total>42</total>
				<timestamp>4160.496220</timestamp>
			</report>
			<report>
				<misses>12250001</misses>
				<total>41</total>
				<timestamp>4160.836013</timestamp>
			</report>
			<report>
				<misses>12251001</misses>
				<total>42</total>
				<timestamp>4161.175549</timestamp>
			</report>
			<report>
				<misses>12252001</misses>
				<total>42</total>
				<timestamp>4161.515190</timestamp>
			</report>
			<report>
				<misses>12253001</misses>
				<total>41</total>
				<timestamp>4161.855030</timestamp>
			</report>
			<report>
				<misses>12254001</misses>
				<total>42</total>
				<timestamp>4162.194498</timestamp>
			</report>
			<report>
				<misses>12255001</misses>
				<total>42</total>
				<timestamp>4162.534165</timestamp>
			</report>
			<report>
				<misses>12256001</misses>
				<total>41</total>
				<timestamp>4162.873983</timestamp>
			</report>
			<report>
				<misses>12257001</misses>
				<total>42</total>
				<timestamp>4163.213540</timestamp>
			</report>
			<report>
				<misses>12258001</misses>
				<total>42</total>
				<timestamp>4163.553149</timestamp>
			</report>
			<report>
				<misses>12259001</misses>
				<total>42</total>
				<timestamp>4163.892815</timestamp>
			</report>
			<report>
				<misses>12260001</misses>
				<total>42</total>
				<timestamp>4164.232479</timestamp>
			</report>
			<report>
				<misses>12261001</misses>
				<total>42</total>
				<timestamp>4164.572188</timestamp>
			</report>
			<report>
				<misses>12262001</misses>
				<total>41</total>
				<timestamp>4164.911961</timestamp>
			</report>
			<report>
				<misses>12263001</misses>
				<total>42</total>
				<timestamp>4165.251437</timestamp>
			</report>
			<report>
				<misses>12264001</misses>
				<total>42</total>
				<timestamp>4165.591167</timestamp>
			</report>
			<report>
				<misses>12265001</misses>
				<total>42</total>
				<timestamp>4165.930762</timestamp>
			</report>
			<report>
				<misses>12266001</misses>
				<total>42</total>
				<timestamp>4166.270411</timestamp>
			</report>
			<report>
				<misses>12267001</misses>
				<total>41</total>
				<timestamp>4166.610180</timestamp>
			</report>
			<report>
				<misses>12268001</misses>
				<total>42</total>
				<timestamp>4166.949737</timestamp>
			</report>
			<report>
				<misses>12269001</misses>
				<total>42</total>
				<timestamp>4167.289406</timestamp>
			</report>
			<report>
				<misses>12270001</misses>
				<total>41</total>
				<timestamp>4167.629175</timestamp>
			</report>
			<report>
				<misses>12271001</misses>
				<total>42</total>
				<timestamp>4167.968776</timestamp>
			</report>
			<report>
				<misses>12272001</misses>
				<total>42</total>
				<timestamp>4168.308369</timestamp>
			</report>
			<report>
				<misses>12273001</misses>
				<total>41</total>
				<timestamp>4168.648171</timestamp>
			</report>
			<report>
				<misses>12274001</misses>
				<total>42</total>
				<timestamp>4168.987722</timestamp>
			</report>
			<report>
				<misses>12275001</misses>
				<total>42</total>
				<timestamp>4169.327359</timestamp>
			</report>
			<report>
				<misses>12276001</misses>
				<total>42</total>
				<timestamp>4169.667058</timestamp>
			</report>
			<report>
				<misses>12277001</misses>
				<total>42</total>
				<timestamp>4170.006667</timestamp>
			</report>
			<report>
				<misses>12278001</misses>
				<total>42</total>
				<timestamp>4170.346351</timestamp>
			</report>
			<report>
				<misses>12279001</misses>
				<total>42</total>
				<timestamp>4170.685998</timestamp>
			</report>
			<report>
				<misses>12280001</misses>
				<total>42</total>
				<timestamp>4171.025653</timestamp>
			</report>
			<report>
				<misses>12281001</misses>
				<total>42</total>
				<timestamp>4171.365339</timestamp>
			</report>
			<report>
				<misses>12282001</misses>
				<total>41</total>
				<timestamp>4171.705077</timestamp>
			</report>
			<report>
				<misses>12283001</misses>
				<total>42</total>
				<timestamp>4172.044627</timestamp>
			</report>
			<report>
				<misses>12284001</misses>
				<total>42</total>
				<timestamp>4172.384329</timestamp>
			</report>
			<report>
				<misses>12285001</misses>
				<total>42</total>
				<timestamp>4172.723969</timestamp>
			</report>
			<report>
				<misses>12286001</misses>
				<total>42</total>
				<timestamp>4173.063628</timestamp>
			</report>
			<report>
				<misses>12287001</misses>
				<total>42</total>
				<timestamp>4173.403323</timestamp>
			</report>
			<report>
				<misses>12288001</misses>
				<total>42</total>
				<timestamp>4173.743017</timestamp>
			</report>
			<report>
				<misses>12289001</misses>
				<total>42</total>
				<timestamp>4174.082588</timestamp>
			</report>
			<report>
				<misses>12290001</misses>
				<total>42</total>
				<timestamp>4174.422265</timestamp>
			</report>
			<report>
				<misses>12291001</misses>
				<total>42</total>
				<timestamp>4174.761984</timestamp>
			</report>
			<report>
				<misses>12292001</misses>
				<total>42</total>
				<timestamp>4175.101584</timestamp>
			</report>
			<report>
				<misses>12293001</misses>
				<total>42</total>
				<timestamp>4175.441231</timestamp>
			</report>
			<report>
				<misses>12294001</misses>
				<total>42</total>
				<timestamp>4175.780982</timestamp>
			</report>
			<report>
				<misses>12295001</misses>
				<total>42</total>
				<timestamp>4176.120549</timestamp>
			</report>
			<report>
				<misses>12296001</misses>
				<total>42</total>
				<timestamp>4176.460256</timestamp>
			</report>
			<report>
				<misses>12297001</misses>
				<total>42</total>
				<timestamp>4176.800039</timestamp>
			</report>
			<report>
				<misses>12298001</misses>
				<total>42</total>
				<timestamp>4177.139556</timestamp>
			</report>
			<report>
				<misses>12299001</misses>
				<total>42</total>
				<timestamp>4177.479225</timestamp>
			</report>
			<report>
				<misses>12300001</misses>
				<total>42</total>
				<timestamp>4177.818924</timestamp>
			</report>
			<report>
				<misses>12301001</misses>
				<total>42</total>
				<timestamp>4178.158551</timestamp>
			</report>
			<report>
				<misses>12302001</misses>
				<total>42</total>
				<timestamp>4178.498195</timestamp>
			</report>
			<report>
				<misses>12303001</misses>
				<total>41</total>
				<timestamp>4178.837965</timestamp>
			</report>
			<report>
				<misses>12304001</misses>
				<total>43</total>
				<timestamp>4179.177519</timestamp>
			</report>
			<report>
				<misses>12305001</misses>
				<total>43</total>
				<timestamp>4179.517203</timestamp>
			</report>
			<report>
				<misses>12306001</misses>
				<total>43</total>
				<timestamp>4179.856855</timestamp>
			</report>
			<report>
				<misses>12307001</misses>
				<total>43</total>
				<timestamp>4180.196494</timestamp>
			</report>
			<report>
				<misses>12308001</misses>
				<total>43</total>
				<timestamp>4180.536137</timestamp>
			</report>
			<report>
				<misses>12309001</misses>
				<total>43</total>
				<timestamp>4180.875860</timestamp>
			</report>
			<report>
				<misses>12310001</misses>
				<total>43</total>
				<timestamp>4181.215498</timestamp>
			</report>
			<report>
				<misses>12311001</misses>
				<total>43</total>
				<timestamp>4181.555148</timestamp>
			</report>
			<report>
				<misses>12312001</misses>
				<total>43</total>
				<timestamp>4181.894858</timestamp>
			</report>
			<report>
				<misses>12313001</misses>
				<total>43</total>
				<timestamp>4182.234456</timestamp>
			</report>
			<report>
				<misses>12314001</misses>
				<total>43</total>
				<timestamp>4182.574091</timestamp>
			</report>
			<report>
				<misses>12315001</misses>
				<total>43</total>
				<timestamp>4182.913853</timestamp>
			</report>
			<report>
				<misses>12316001</misses>
				<total>43</total>
				<timestamp>4183.253444</timestamp>
			</report>
			<report>
				<misses>12317001</misses>
				<total>42</total>
				<timestamp>4183.593190</timestamp>
			</report>
			<report>
				<misses>12318001</misses>
				<total>42</total>
				<timestamp>4183.932860</timestamp>
			</report>
			<report>
				<misses>12319001</misses>
				<total>43</total>
				<timestamp>4184.272421</timestamp>
			</report>
			<report>
				<misses>12320001</misses>
				<total>43</total>
				<timestamp>4184.612059</timestamp>
			</report>
			<report>
				<misses>12321001</misses>
				<total>43</total>
				<timestamp>4184.951790</timestamp>
			</report>
			<report>
				<misses>12322001</misses>
				<total>43</total>
				<timestamp>4185.291384</timestamp>
			</report>
			<report>
				<misses>12323001</misses>
				<total>43</total>
				<timestamp>4185.631052</timestamp>
			</report>
			<report>
				<misses>12324001</misses>
				<total>42</total>
				<timestamp>4185.970824</timestamp>
			</report>
			<report>
				<misses>12325001</misses>
				<total>43</total>
				<timestamp>4186.310374</timestamp>
			</report>
			<report>
				<misses>12326001</misses>
				<total>43</total>
				<timestamp>4186.650030</timestamp>
			</report>
			<report>
				<misses>12327001</misses>
				<total>42</total>
				<timestamp>4186.989805</timestamp>
			</report>
			<report>
				<misses>12328001</misses>
				<total>43</total>
				<timestamp>4187.329354</timestamp>
			</report>
			<report>
				<misses>12329001</misses>
				<total>43</total>
				<timestamp>4187.669029</timestamp>
			</report>
			<report>
				<misses>12330001</misses>
				<total>42</total>
				<timestamp>4188.008833</timestamp>
			</report>
			<report>
				<misses>12331001</misses>
				<total>43</total>
				<timestamp>4188.348329</timestamp>
			</report>
			<report>
				<misses>12332001</misses>
				<total>43</total>
				<timestamp>4188.688028</timestamp>
			</report>
			<report>
				<misses>12333001</misses>
				<total>43</total>
				<timestamp>4189.027662</timestamp>
			</report>
			<report>
				<misses>12334001</misses>
				<total>43</total>
				<timestamp>4189.367301</timestamp>
			</report>
			<report>
				<misses>12335001</misses>
				<total>42</total>
				<timestamp>4189.707052</timestamp>
			</report>
			<report>
				<misses>12336001</misses>
				<total>43</total>
				<timestamp>4190.046643</timestamp>
			</report>
			<report>
				<misses>12337001</misses>
				<total>43</total>
				<timestamp>4190.386311</timestamp>
			</report>
			<report>
				<misses>12338001</misses>
				<total>43</total>
				<timestamp>4190.726000</timestamp>
			</report>
			<report>
				<misses>12339001</misses>
				<total>43</total>
				<timestamp>4191.065601</timestamp>
			</report>
			<report>
				<misses>12340001</misses>
				<total>43</total>
				<timestamp>4191.405260</timestamp>
			</report>
			<report>
				<misses>12341001</misses>
				<total>42</total>
				<timestamp>4191.745016</timestamp>
			</report>
			<report>
				<misses>12342001</misses>
				<total>43</total>
				<timestamp>4192.084590</timestamp>
			</report>
			<report>
				<misses>12343001</misses>
				<total>43</total>
				<timestamp>4192.424258</timestamp>
			</report>
			<report>
				<misses>12344001</misses>
				<total>43</total>
				<timestamp>4192.763900</timestamp>
			</report>
			<report>
				<misses>12345001</misses>
				<total>43</total>
				<timestamp>4193.103553</timestamp>
			</report>
			<report>
				<misses>12346001</misses>
				<total>43</total>
				<timestamp>4193.443227</timestamp>
			</report>
			<report>
				<misses>12347001</misses>
				<total>42</total>
				<timestamp>4193.782987</timestamp>
			</report>
			<report>
				<misses>12348001</misses>
				<total>43</total>
				<timestamp>4194.122552</timestamp>
			</report>
			<report>
				<misses>12349001</misses>
				<total>43</total>
				<timestamp>4194.462200</timestamp>
			</report>
			<report>
				<misses>12350001</misses>
				<total>43</total>
				<timestamp>4194.801915</timestamp>
			</report>
			<report>
				<misses>12351001</misses>
				<total>43</total>
				<timestamp>4195.141502</timestamp>
			</report>
			<report>
				<misses>12352001</misses>
				<total>43</total>
				<timestamp>4195.481160</timestamp>
			</report>
			<report>
				<misses>12353001</misses>
				<total>42</total>
				<timestamp>4195.820971</timestamp>
			</report>
			<report>
				<misses>12354001</misses>
				<total>43</total>
				<timestamp>4196.160504</timestamp>
			</report>
			<report>
				<misses>12355001</misses>
				<total>43</total>
				<timestamp>4196.500151</timestamp>
			</report>
			<report>
				<misses>12356001</misses>
				<total>43</total>
				<timestamp>4196.839876</timestamp>
			</report>
			<report>
				<misses>12357001</misses>
				<total>43</total>
				<timestamp>4197.179479</timestamp>
			</report>
			<report>
				<misses>12358001</misses>
				<total>43</total>
				<timestamp>4197.519173</timestamp>
			</report>
			<report>
				<misses>12359001</misses>
				<total>42</total>
				<timestamp>4197.858895</timestamp>
			</report>
			<report>
				<misses>12360001</misses>
				<total>43</total>
				<timestamp>4198.198457</timestamp>
			</report>
			<report>
				<misses>12361001</misses>
				<total>43</total>
				<timestamp>4198.538121</timestamp>
			</report>
			<report>
				<misses>12362001</misses>
				<total>43</total>
				<timestamp>4198.877863</timestamp>
			</report>
			<report>
				<misses>12363001</misses>
				<total>43</total>
				<timestamp>4199.217476</timestamp>
			</report>
			<report>
				<misses>12364001</misses>
				<total>43</total>
				<timestamp>4199.557159</timestamp>
			</report>
			<report>
				<misses>12365001</misses>
				<total>43</total>
				<timestamp>4199.896859</timestamp>
			</report>
			<report>
				<misses>12366001</misses>
				<total>43</total>
				<timestamp>4200.236425</timestamp>
			</report>
			<report>
				<misses>12367001</misses>
				<total>43</total>
				<timestamp>4200.576081</timestamp>
			</report>
			<report>
				<misses>12368001</misses>
				<total>42</total>
				<timestamp>4200.915856</timestamp>
			</report>
			<report>
				<misses>12369001</misses>
				<total>43</total>
				<timestamp>4201.255403</timestamp>
			</report>
			<report>
				<misses>12370001</misses>
				<total>43</total>
				<timestamp>4201.595064</timestamp>
			</report>
			<report>
				<misses>12371001</misses>
				<total>42</total>
				<timestamp>4201.934829</timestamp>
			</report>
			<report>
				<misses>12372001</misses>
				<total>43</total>
				<timestamp>4202.274419</timestamp>
			</report>
			<report>
				<misses>12373001</misses>
				<total>43</total>
				<timestamp>4202.614050</timestamp>
			</report>
			<report>
				<misses>12374001</misses>
				<total>42</total>
				<timestamp>4202.953839</timestamp>
			</report>
			<report>
				<misses>12375001</misses>
				<total>43</total>
				<timestamp>4203.293394</timestamp>
			</report>
			<report>
				<misses>12376001</misses>
				<total>43</total>
				<timestamp>4203.633039</timestamp>
			</report>
			<report>
				<misses>12377001</misses>
				<total>43</total>
				<timestamp>4203.972710</timestamp>
			</report>
			<report>
				<misses>12378001</misses>
				<total>43</total>
				<timestamp>4204.312377</timestamp>
			</report>
			<report>
				<misses>12379001</misses>
				<total>43</total>
				<timestamp>4204.651994</timestamp>
			</report>
			<report>
				<misses>12380001</misses>
				<total>43</total>
				<timestamp>4204.991712</timestamp>
			</report>
			<report>
				<misses>12381001</misses>
				<total>43</total>
				<timestamp>4205.331327</timestamp>
			</report>
			<report>
				<misses>12382001</misses>
				<total>43</total>
				<timestamp>4205.670986</timestamp>
			</report>
			<report>
				<misses>12383001</misses>
				<total>43</total>
				<timestamp>4206.010678</timestamp>
			</report>
			<report>
				<misses>12384001</misses>
				<total>43</total>
				<timestamp>4206.350350</timestamp>
			</report>
			<report>
				<misses>12385001</misses>
				<total>43</total>
				<timestamp>4206.690011</timestamp>
			</report>
			<report>
				<misses>12386001</misses>
				<total>43</total>
				<timestamp>4207.029644</timestamp>
			</report>
			<report>
				<misses>12387001</misses>
				<total>43</total>
				<timestamp>4207.369335</timestamp>
			</report>
			<report>
				<misses>12388001</misses>
				<total>43</total>
				<timestamp>4207.708925</timestamp>
			</report>
			<report>
				<misses>12389001</misses>
				<total>43</total>
				<timestamp>4208.048639</timestamp>
			</report>
			<report>
				<misses>12390001</misses>
				<total>43</total>
				<timestamp>4208.388307</timestamp>
			</report>
			<report>
				<misses>12391001</misses>
				<total>43</total>
				<timestamp>4208.727936</timestamp>
			</report>
			<report>
				<misses>12392001</misses>
				<total>42</total>
				<timestamp>4209.067681</timestamp>
			</report>
			<report>
				<misses>12393001</misses>
				<total>43</total>
				<timestamp>4209.407272</timestamp>
			</report>
			<report>
				<misses>12394001</misses>
				<total>43</total>
				<timestamp>4209.746913</timestamp>
			</report>
			<report>
				<misses>12395001</misses>
				<total>42</total>
				<timestamp>4210.086682</timestamp>
			</report>
			<report>
				<misses>12396001</misses>
				<total>43</total>
				<timestamp>4210.426215</timestamp>
			</report>
			<report>
				<misses>12397001</misses>
				<total>43</total>
				<timestamp>4210.765903</timestamp>
			</report>
			<report>
				<misses>12398001</misses>
				<total>42</total>
				<timestamp>4211.105637</timestamp>
			</report>
			<report>
				<misses>12399001</misses>
				<total>43</total>
				<timestamp>4211.445194</timestamp>
			</report>
			<report>
				<misses>12400001</misses>
				<total>43</total>
				<timestamp>4211.784886</timestamp>
			</report>
			<report>
				<misses>12401001</misses>
				<total>42</total>
				<timestamp>4212.124649</timestamp>
			</report>
			<report>
				<misses>12402001</misses>
				<total>43</total>
				<timestamp>4212.464212</timestamp>
			</report>
			<report>
				<misses>12403001</misses>
				<total>43</total>
				<timestamp>4212.803903</timestamp>
			</report>
			<report>
				<misses>12404001</misses>
				<total>42</total>
				<timestamp>4213.143640</timestamp>
			</report>
			<report>
				<misses>12405001</misses>
				<total>43</total>
				<timestamp>4213.483140</timestamp>
			</report>
			<report>
				<misses>12406001</misses>
				<total>43</total>
				<timestamp>4213.822865</timestamp>
			</report>
			<report>
				<misses>12407001</misses>
				<total>42</total>
				<timestamp>4214.162637</timestamp>
			</report>
			<report>
				<misses>12408001</misses>
				<total>43</total>
				<timestamp>4214.502136</timestamp>
			</report>
			<report>
				<misses>12409001</misses>
				<total>42</total>
				<timestamp>4214.841901</timestamp>
			</report>
			<report>
				<misses>12410001</misses>
				<total>43</total>
				<timestamp>4215.181490</timestamp>
			</report>
			<report>
				<misses>12411001</misses>
				<total>43</total>
				<timestamp>4215.521112</timestamp>
			</report>
			<report>
				<misses>12412001</misses>
				<total>42</total>
				<timestamp>4215.860866</timestamp>
			</report>
			<report>
				<misses>12413001</misses>
				<total>43</total>
				<timestamp>4216.200449</timestamp>
			</report>
			<report>
				<misses>12414001</misses>
				<total>43</total>
				<timestamp>4216.540105</timestamp>
			</report>
			<report>
				<misses>12415001</misses>
				<total>43</total>
				<timestamp>4216.879786</timestamp>
			</report>
			<report>
				<misses>12416001</misses>
				<total>43</total>
				<timestamp>4217.219443</timestamp>
			</report>
			<report>
				<misses>12417001</misses>
				<total>43</total>
				<timestamp>4217.559079</timestamp>
			</report>
			<report>
				<misses>12418001</misses>
				<total>43</total>
				<timestamp>4217.898734</timestamp>
			</report>
			<report>
				<misses>12419001</misses>
				<total>43</total>
				<timestamp>4218.238414</timestamp>
			</report>
			<report>
				<misses>12420001</misses>
				<total>43</total>
				<timestamp>4218.578058</timestamp>
			</report>
			<report>
				<misses>12421001</misses>
				<total>43</total>
				<timestamp>4218.917739</timestamp>
			</report>
			<report>
				<misses>12422001</misses>
				<total>43</total>
				<timestamp>4219.257429</timestamp>
			</report>
			<report>
				<misses>12423001</misses>
				<total>43</total>
				<timestamp>4219.597032</timestamp>
			</report>
			<report>
				<misses>12424001</misses>
				<total>42</total>
				<timestamp>4219.936829</timestamp>
			</report>
			<report>
				<misses>12425001</misses>
				<total>43</total>
				<timestamp>4220.276370</timestamp>
			</report>
			<report>
				<misses>12426001</misses>
				<total>43</total>
				<timestamp>4220.616036</timestamp>
			</report>
			<report>
				<misses>12427001</misses>
				<total>43</total>
				<timestamp>4220.955720</timestamp>
			</report>
			<report>
				<misses>12428001</misses>
				<total>43</total>
				<timestamp>4221.295346</timestamp>
			</report>
			<report>
				<misses>12429001</misses>
				<total>43</total>
				<timestamp>4221.635011</timestamp>
			</report>
			<report>
				<misses>12430001</misses>
				<total>42</total>
				<timestamp>4221.974822</timestamp>
			</report>
			<report>
				<misses>12431001</misses>
				<total>43</total>
				<timestamp>4222.314323</timestamp>
			</report>
			<report>
				<misses>12432001</misses>
				<total>43</total>
				<timestamp>4222.653993</timestamp>
			</report>
			<report>
				<misses>12433001</misses>
				<total>43</total>
				<timestamp>4222.993727</timestamp>
			</report>
			<report>
				<misses>12434001</misses>
				<total>43</total>
				<timestamp>4223.333294</timestamp>
			</report>
			<report>
				<misses>12435001</misses>
				<total>43</total>
				<timestamp>4223.672959</timestamp>
			</report>
			<report>
				<misses>12436001</misses>
				<total>43</total>
				<timestamp>4224.012649</timestamp>
			</report>
			<report>
				<misses>12437001</misses>
				<total>43</total>
				<timestamp>4224.352336</timestamp>
			</report>
			<report>
				<misses>12438001</misses>
				<total>43</total>
				<timestamp>4224.691939</timestamp>
			</report>
			<report>
				<misses>12439001</misses>
				<total>43</total>
				<timestamp>4225.031589</timestamp>
			</report>
			<report>
				<misses>12440001</misses>
				<total>43</total>
				<timestamp>4225.371296</timestamp>
			</report>
			<report>
				<misses>12441001</misses>
				<total>43</total>
				<timestamp>4225.710923</timestamp>
			</report>
			<report>
				<misses>12442001</misses>
				<total>43</total>
				<timestamp>4226.050652</timestamp>
			</report>
			<report>
				<misses>12443001</misses>
				<total>43</total>
				<timestamp>4226.390288</timestamp>
			</report>
			<report>
				<misses>12444001</misses>
				<total>43</total>
				<timestamp>4226.729892</timestamp>
			</report>
			<report>
				<misses>12445001</misses>
				<total>42</total>
				<timestamp>4227.069660</timestamp>
			</report>
			<report>
				<misses>12446001</misses>
				<total>43</total>
				<timestamp>4227.409228</timestamp>
			</report>
			<report>
				<misses>12447001</misses>
				<total>43</total>
				<timestamp>4227.748892</timestamp>
			</report>
			<report>
				<misses>12448001</misses>
				<total>42</total>
				<timestamp>4228.088695</timestamp>
			</report>
			<report>
				<misses>12449001</misses>
				<total>43</total>
				<timestamp>4228.428189</timestamp>
			</report>
			<report>
				<misses>12450001</misses>
				<total>43</total>
				<timestamp>4228.767857</timestamp>
			</report>
			<report>
				<misses>12451001</misses>
				<total>42</total>
				<timestamp>4229.107655</timestamp>
			</report>
			<report>
				<misses>12452001</misses>
				<total>43</total>
				<timestamp>4229.447169</timestamp>
			</report>
			<report>
				<misses>12453001</misses>
				<total>43</total>
				<timestamp>4229.786818</timestamp>
			</report>
			<report>
				<misses>12454001</misses>
				<total>43</total>
				<timestamp>4230.126534</timestamp>
			</report>
			<report>
				<misses>12455001</misses>
				<total>43</total>
				<timestamp>4230.466182</timestamp>
			</report>
			<report>
				<misses>12456001</misses>
				<total>43</total>
				<timestamp>4230.805821</timestamp>
			</report>
			<report>
				<misses>12457001</misses>
				<total>43</total>
				<timestamp>4231.145483</timestamp>
			</report>
			<report>
				<misses>12458001</misses>
				<total>43</total>
				<timestamp>4231.485155</timestamp>
			</report>
			<report>
				<misses>12459001</misses>
				<total>43</total>
				<timestamp>4231.824846</timestamp>
			</report>
			<report>
				<misses>12460001</misses>
				<total>43</total>
				<timestamp>4232.164513</timestamp>
			</report>
			<report>
				<misses>12461001</misses>
				<total>43</total>
				<timestamp>4232.504135</timestamp>
			</report>
			<report>
				<misses>12462001</misses>
				<total>43</total>
				<timestamp>4232.843801</timestamp>
			</report>
			<report>
				<misses>12463001</misses>
				<total>43</total>
				<timestamp>4233.183537</timestamp>
			</report>
			<report>
				<misses>12464001</misses>
				<total>43</total>
				<timestamp>4233.523094</timestamp>
			</report>
			<report>
				<misses>12465001</misses>
				<total>43</total>
				<timestamp>4233.862755</timestamp>
			</report>
			<report>
				<misses>12466001</misses>
				<total>43</total>
				<timestamp>4234.202514</timestamp>
			</report>
			<report>
				<misses>12467001</misses>
				<total>42</total>
				<timestamp>4234.542219</timestamp>
			</report>
			<report>
				<misses>12468001</misses>
				<total>43</total>
				<timestamp>4234.881766</timestamp>
			</report>
			<report>
				<misses>12469001</misses>
				<total>43</total>
				<timestamp>4235.221501</timestamp>
			</report>
			<report>
				<misses>12470001</misses>
				<total>43</total>
				<timestamp>4235.561058</timestamp>
			</report>
			<report>
				<misses>12471001</misses>
				<total>43</total>
				<timestamp>4235.900763</timestamp>
			</report>
			<report>
				<misses>12472001</misses>
				<total>42</total>
				<timestamp>4236.240497</timestamp>
			</report>
			<report>
				<misses>12473001</misses>
				<total>43</total>
				<timestamp>4236.580035</timestamp>
			</report>
			<report>
				<misses>12474001</misses>
				<total>43</total>
				<timestamp>4236.919736</timestamp>
			</report>
			<report>
				<misses>12475001</misses>
				<total>42</total>
				<timestamp>4237.259499</timestamp>
			</report>
			<report>
				<misses>12476001</misses>
				<total>43</total>
				<timestamp>4237.599027</timestamp>
			</report>
			<report>
				<misses>12477001</misses>
				<total>43</total>
				<timestamp>4237.938687</timestamp>
			</report>
			<report>
				<misses>12478001</misses>
				<total>43</total>
				<timestamp>4238.278365</timestamp>
			</report>
			<report>
				<misses>12479001</misses>
				<total>43</total>
				<timestamp>4238.618012</timestamp>
			</report>
			<report>
				<misses>12480001</misses>
				<total>43</total>
				<timestamp>4238.957723</timestamp>
			</report>
			<report>
				<misses>12481001</misses>
				<total>42</total>
				<timestamp>4239.297481</timestamp>
			</report>
			<report>
				<misses>12482001</misses>
				<total>43</total>
				<timestamp>4239.636983</timestamp>
			</report>
			<report>
				<misses>12483001</misses>
				<total>43</total>
				<timestamp>4239.976712</timestamp>
			</report>
			<report>
				<misses>12484001</misses>
				<total>43</total>
				<timestamp>4240.316315</timestamp>
			</report>
			<report>
				<misses>12485001</misses>
				<total>43</total>
				<timestamp>4240.655973</timestamp>
			</report>
			<report>
				<misses>12486001</misses>
				<total>43</total>
				<timestamp>4240.995624</timestamp>
			</report>
			<report>
				<misses>12487001</misses>
				<total>43</total>
				<timestamp>4241.335295</timestamp>
			</report>
			<report>
				<misses>12488001</misses>
				<total>43</total>
				<timestamp>4241.674955</timestamp>
			</report>
			<report>
				<misses>12489001</misses>
				<total>43</total>
				<timestamp>4242.014611</timestamp>
			</report>
			<report>
				<misses>12490001</misses>
				<total>43</total>
				<timestamp>4242.354330</timestamp>
			</report>
			<report>
				<misses>12491001</misses>
				<total>43</total>
				<timestamp>4242.693910</timestamp>
			</report>
			<report>
				<misses>12492001</misses>
				<total>42</total>
				<timestamp>4243.033691</timestamp>
			</report>
			<report>
				<misses>12493001</misses>
				<total>43</total>
				<timestamp>4243.373272</timestamp>
			</report>
			<report>
				<misses>12494001</misses>
				<total>43</total>
				<timestamp>4243.712894</timestamp>
			</report>
			<report>
				<misses>12495001</misses>
				<total>43</total>
				<timestamp>4244.052586</timestamp>
			</report>
			<report>
				<misses>12496001</misses>
				<total>43</total>
				<timestamp>4244.392237</timestamp>
			</report>
			<report>
				<misses>12497001</misses>
				<total>42</total>
				<timestamp>4244.732029</timestamp>
			</report>
			<report>
				<misses>12498001</misses>
				<total>43</total>
				<timestamp>4245.071609</timestamp>
			</report>
			<report>
				<misses>12499001</misses>
				<total>43</total>
				<timestamp>4245.411192</timestamp>
			</report>
			<report>
				<misses>12500001</misses>
				<total>43</total>
				<timestamp>4245.750850</timestamp>
			</report>
			<report>
				<misses>12501001</misses>
				<total>43</total>
				<timestamp>4246.090569</timestamp>
			</report>
			<report>
				<misses>12502001</misses>
				<total>43</total>
				<timestamp>4246.430217</timestamp>
			</report>
			<report>
				<misses>12503001</misses>
				<total>43</total>
				<timestamp>4246.769827</timestamp>
			</report>
			<report>
				<misses>12504001</misses>
				<total>43</total>
				<timestamp>4247.109574</timestamp>
			</report>
			<report>
				<misses>12505001</misses>
				<total>43</total>
				<timestamp>4247.449169</timestamp>
			</report>
			<report>
				<misses>12506001</misses>
				<total>43</total>
				<timestamp>4247.788825</timestamp>
			</report>
			<report>
				<misses>12507001</misses>
				<total>43</total>
				<timestamp>4248.128548</timestamp>
			</report>
			<report>
				<misses>12508001</misses>
				<total>43</total>
				<timestamp>4248.468150</timestamp>
			</report>
			<report>
				<misses>12509001</misses>
				<total>43</total>
				<timestamp>4248.807813</timestamp>
			</report>
			<report>
				<misses>12510001</misses>
				<total>42</total>
				<timestamp>4249.147566</timestamp>
			</report>
			<report>
				<misses>12511001</misses>
				<total>43</total>
				<timestamp>4249.487166</timestamp>
			</report>
			<report>
				<misses>12512001</misses>
				<total>43</total>
				<timestamp>4249.826787</timestamp>
			</report>
			<report>
				<misses>12513001</misses>
				<total>43</total>
				<timestamp>4250.166452</timestamp>
			</report>
			<report>
				<misses>12514001</misses>
				<total>43</total>
				<timestamp>4250.506121</timestamp>
			</report>
			<report>
				<misses>12515001</misses>
				<total>43</total>
				<timestamp>4250.845753</timestamp>
			</report>
			<report>
				<misses>12516001</misses>
				<total>42</total>
				<timestamp>4251.185531</timestamp>
			</report>
			<report>
				<misses>12517001</misses>
				<total>43</total>
				<timestamp>4251.525080</timestamp>
			</report>
			<report>
				<misses>12518001</misses>
				<total>43</total>
				<timestamp>4251.864747</timestamp>
			</report>
			<report>
				<misses>12519001</misses>
				<total>42</total>
				<timestamp>4252.204507</timestamp>
			</report>
			<report>
				<misses>12520001</misses>
				<total>43</total>
				<timestamp>4252.544079</timestamp>
			</report>
			<report>
				<misses>12521001</misses>
				<total>43</total>
				<timestamp>4252.883703</timestamp>
			</report>
			<report>
				<misses>12522001</misses>
				<total>42</total>
				<timestamp>4253.223514</timestamp>
			</report>
			<report>
				<misses>12523001</misses>
				<total>43</total>
				<timestamp>4253.563058</timestamp>
			</report>
			<report>
				<misses>12524001</misses>
				<total>43</total>
				<timestamp>4253.902702</timestamp>
			</report>
			<report>
				<misses>12525001</misses>
				<total>43</total>
				<timestamp>4254.242376</timestamp>
			</report>
			<report>
				<misses>12526001</misses>
				<total>43</total>
				<timestamp>4254.582009</timestamp>
			</report>
			<report>
				<misses>12527001</misses>
				<total>43</total>
				<timestamp>4254.921686</timestamp>
			</report>
			<report>
				<misses>12528001</misses>
				<total>43</total>
				<timestamp>4255.261373</timestamp>
			</report>
			<report>
				<misses>12529001</misses>
				<total>43</total>
				<timestamp>4255.600982</timestamp>
			</report>
			<report>
				<misses>12530001</misses>
				<total>43</total>
				<timestamp>4255.940646</timestamp>
			</report>
			<report>
				<misses>12531001</misses>
				<total>43</total>
				<timestamp>4256.280384</timestamp>
			</report>
			<report>
				<misses>12532001</misses>
				<total>43</total>
				<timestamp>4256.619973</timestamp>
			</report>
			<report>
				<misses>12533001</misses>
				<total>43</total>
				<timestamp>4256.959625</timestamp>
			</report>
			<report>
				<misses>12534001</misses>
				<total>43</total>
				<timestamp>4257.299375</timestamp>
			</report>
			<report>
				<misses>12535001</misses>
				<total>43</total>
				<timestamp>4257.638960</timestamp>
			</report>
			<report>
				<misses>12536001</misses>
				<total>43</total>
				<timestamp>4257.978632</timestamp>
			</report>
			<report>
				<misses>12537001</misses>
				<total>43</total>
				<timestamp>4258.318324</timestamp>
			</report>
			<report>
				<misses>12538001</misses>
				<total>43</total>
				<timestamp>4258.657923</timestamp>
			</report>
			<report>
				<misses>12539001</misses>
				<total>43</total>
				<timestamp>4258.997599</timestamp>
			</report>
			<report>
				<misses>12540001</misses>
				<total>43</total>
				<timestamp>4259.337341</timestamp>
			</report>
			<report>
				<misses>12541001</misses>
				<total>43</total>
				<timestamp>4259.676935</timestamp>
			</report>
			<report>
				<misses>12542001</misses>
				<total>43</total>
				<timestamp>4260.016572</timestamp>
			</report>
			<report>
				<misses>12543001</misses>
				<total>42</total>
				<timestamp>4260.356350</timestamp>
			</report>
			<report>
				<misses>12544001</misses>
				<total>43</total>
				<timestamp>4260.695938</timestamp>
			</report>
			<report>
				<misses>12545001</misses>
				<total>43</total>
				<timestamp>4261.035566</timestamp>
			</report>
			<report>
				<misses>12546001</misses>
				<total>42</total>
				<timestamp>4261.375350</timestamp>
			</report>
			<report>
				<misses>12547001</misses>
				<total>43</total>
				<timestamp>4261.714889</timestamp>
			</report>
			<report>
				<misses>12548001</misses>
				<total>43</total>
				<timestamp>4262.054575</timestamp>
			</report>
			<report>
				<misses>12549001</misses>
				<total>42</total>
				<timestamp>4262.394322</timestamp>
			</report>
			<report>
				<misses>12550001</misses>
				<total>42</total>
				<timestamp>4262.733994</timestamp>
			</report>
			<report>
				<misses>12551001</misses>
				<total>43</total>
				<timestamp>4263.073565</timestamp>
			</report>
			<report>
				<misses>12552001</misses>
				<total>42</total>
				<timestamp>4263.413313</timestamp>
			</report>
			<report>
				<misses>12553001</misses>
				<total>43</total>
				<timestamp>4263.752901</timestamp>
			</report>
			<report>
				<misses>12554001</misses>
				<total>43</total>
				<timestamp>4264.092564</timestamp>
			</report>
			<report>
				<misses>12555001</misses>
				<total>43</total>
				<timestamp>4264.432162</timestamp>
			</report>
			<report>
				<misses>12556001</misses>
				<total>43</total>
				<timestamp>4264.771820</timestamp>
			</report>
			<report>
				<misses>12557001</misses>
				<total>43</total>
				<timestamp>4265.111528</timestamp>
			</report>
			<report>
				<misses>12558001</misses>
				<total>43</total>
				<timestamp>4265.451148</timestamp>
			</report>
			<report>
				<misses>12559001</misses>
				<total>43</total>
				<timestamp>4265.790816</timestamp>
			</report>
			<report>
				<misses>12560001</misses>
				<total>43</total>
				<timestamp>4266.130534</timestamp>
			</report>
			<report>
				<misses>12561001</misses>
				<total>43</total>
				<timestamp>4266.470139</timestamp>
			</report>
			<report>
				<misses>12562001</misses>
				<total>43</total>
				<timestamp>4266.809786</timestamp>
			</report>
			<report>
				<misses>12563001</misses>
				<total>42</total>
				<timestamp>4267.149565</timestamp>
			</report>
			<report>
				<misses>12564001</misses>
				<total>43</total>
				<timestamp>4267.489127</timestamp>
			</report>
			<report>
				<misses>12565001</misses>
				<total>43</total>
				<timestamp>4267.828763</timestamp>
			</report>
			<report>
				<misses>12566001</misses>
				<total>42</total>
				<timestamp>4268.168541</timestamp>
			</report>
			<report>
				<misses>12567001</misses>
				<total>43</total>
				<timestamp>4268.508118</timestamp>
			</report>
			<report>
				<misses>12568001</misses>
				<total>43</total>
				<timestamp>4268.847754</timestamp>
			</report>
			<report>
				<misses>12569001</misses>
				<total>43</total>
				<timestamp>4269.187416</timestamp>
			</report>
			<report>
				<misses>12570001</misses>
				<total>43</total>
				<timestamp>4269.527059</timestamp>
			</report>
			<report>
				<misses>12571001</misses>
				<total>43</total>
				<timestamp>4269.866728</timestamp>
			</report>
			<report>
				<misses>12572001</misses>
				<total>43</total>
				<timestamp>4270.206405</timestamp>
			</report>
			<report>
				<misses>12573001</misses>
				<total>43</total>
				<timestamp>4270.546078</timestamp>
			</report>
			<report>
				<misses>12574001</misses>
				<total>43</total>
				<timestamp>4270.885695</timestamp>
			</report>
			<report>
				<misses>12575001</misses>
				<total>43</total>
				<timestamp>4271.225398</timestamp>
			</report>
			<report>
				<misses>12576001</misses>
				<total>43</total>
				<timestamp>4271.565024</timestamp>
			</report>
			<report>
				<misses>12577001</misses>
				<total>43</total>
				<timestamp>4271.904681</timestamp>
			</report>
			<report>
				<misses>12578001</misses>
				<total>43</total>
				<timestamp>4272.244386</timestamp>
			</report>
			<report>
				<misses>12579001</misses>
				<total>43</total>
				<timestamp>4272.584010</timestamp>
			</report>
			<report>
				<misses>12580001</misses>
				<total>43</total>
				<timestamp>4272.923653</timestamp>
			</report>
			<report>
				<misses>12581001</misses>
				<total>43</total>
				<timestamp>4273.263378</timestamp>
			</report>
			<report>
				<misses>12582001</misses>
				<total>43</total>
				<timestamp>4273.602998</timestamp>
			</report>
			<report>
				<misses>12583001</misses>
				<total>43</total>
				<timestamp>4273.942643</timestamp>
			</report>
			<report>
				<misses>12584001</misses>
				<total>42</total>
				<timestamp>4274.282387</timestamp>
			</report>
			<report>
				<misses>12585001</misses>
				<total>43</total>
				<timestamp>4274.621959</timestamp>
			</report>
			<report>
				<misses>12586001</misses>
				<total>43</total>
				<timestamp>4274.961613</timestamp>
			</report>
			<report>
				<misses>12587001</misses>
				<total>43</total>
				<timestamp>4275.301359</timestamp>
			</report>
			<report>
				<misses>12588001</misses>
				<total>43</total>
				<timestamp>4275.640945</timestamp>
			</report>
			<report>
				<misses>12589001</misses>
				<total>43</total>
				<timestamp>4275.980582</timestamp>
			</report>
			<report>
				<misses>12590001</misses>
				<total>42</total>
				<timestamp>4276.320355</timestamp>
			</report>
			<report>
				<misses>12591001</misses>
				<total>43</total>
				<timestamp>4276.659928</timestamp>
			</report>
			<report>
				<misses>12592001</misses>
				<total>43</total>
				<timestamp>4276.999589</timestamp>
			</report>
			<report>
				<misses>12593001</misses>
				<total>42</total>
				<timestamp>4277.339344</timestamp>
			</report>
			<report>
				<misses>12594001</misses>
				<total>43</total>
				<timestamp>4277.678892</timestamp>
			</report>
			<report>
				<misses>12595001</misses>
				<total>43</total>
				<timestamp>4278.018572</timestamp>
			</report>
			<report>
				<misses>12596001</misses>
				<total>43</total>
				<timestamp>4278.358237</timestamp>
			</report>
			<report>
				<misses>12597001</misses>
				<total>43</total>
				<timestamp>4278.697870</timestamp>
			</report>
			<report>
				<misses>12598001</misses>
				<total>43</total>
				<timestamp>4279.037559</timestamp>
			</report>
			<report>
				<misses>12599001</misses>
				<total>43</total>
				<timestamp>4279.377228</timestamp>
			</report>
			<report>
				<misses>12600001</misses>
				<total>43</total>
				<timestamp>4279.716856</timestamp>
			</report>
			<report>
				<misses>12601001</misses>
				<total>43</total>
				<timestamp>4280.056566</timestamp>
			</report>
			<report>
				<misses>12602001</misses>
				<total>43</total>
				<timestamp>4280.396222</timestamp>
			</report>
			<report>
				<misses>12603001</misses>
				<total>43</total>
				<timestamp>4280.735839</timestamp>
			</report>
			<report>
				<misses>12604001</misses>
				<total>43</total>
				<timestamp>4281.075501</timestamp>
			</report>
			<report>
				<misses>12605001</misses>
				<total>43</total>
				<timestamp>4281.415233</timestamp>
			</report>
			<report>
				<misses>12606001</misses>
				<total>43</total>
				<timestamp>4281.754818</timestamp>
			</report>
			<report>
				<misses>12607001</misses>
				<total>43</total>
				<timestamp>4282.094483</timestamp>
			</report>
			<report>
				<misses>12608001</misses>
				<total>43</total>
				<timestamp>4282.434219</timestamp>
			</report>
			<report>
				<misses>12609001</misses>
				<total>43</total>
				<timestamp>4282.773794</timestamp>
			</report>
			<report>
				<misses>12610001</misses>
				<total>43</total>
				<timestamp>4283.113463</timestamp>
			</report>
			<report>
				<misses>12611001</misses>
				<total>43</total>
				<timestamp>4283.453180</timestamp>
			</report>
			<report>
				<misses>12612001</misses>
				<total>43</total>
				<timestamp>4283.792780</timestamp>
			</report>
			<report>
				<misses>12613001</misses>
				<total>43</total>
				<timestamp>4284.132450</timestamp>
			</report>
			<report>
				<misses>12614001</misses>
				<total>42</total>
				<timestamp>4284.472195</timestamp>
			</report>
			<report>
				<misses>12615001</misses>
				<total>43</total>
				<timestamp>4284.811752</timestamp>
			</report>
			<report>
				<misses>12616001</misses>
				<total>43</total>
				<timestamp>4285.151433</timestamp>
			</report>
			<report>
				<misses>12617001</misses>
				<total>43</total>
				<timestamp>4285.491137</timestamp>
			</report>
			<report>
				<misses>12618001</misses>
				<total>43</total>
				<timestamp>4285.830756</timestamp>
			</report>
			<report>
				<misses>12619001</misses>
				<total>43</total>
				<timestamp>4286.170419</timestamp>
			</report>
			<report>
				<misses>12620001</misses>
				<total>43</total>
				<timestamp>4286.510083</timestamp>
			</report>
			<report>
				<misses>12621001</misses>
				<total>43</total>
				<timestamp>4286.849702</timestamp>
			</report>
			<report>
				<misses>12622001</misses>
				<total>43</total>
				<timestamp>4287.189372</timestamp>
			</report>
			<report>
				<misses>12623001</misses>
				<total>42</total>
				<timestamp>4287.529177</timestamp>
			</report>
			<report>
				<misses>12624001</misses>
				<total>43</total>
				<timestamp>4287.868726</timestamp>
			</report>
			<report>
				<misses>12625001</misses>
				<total>43</total>
				<timestamp>4288.208407</timestamp>
			</report>
			<report>
				<misses>12626001</misses>
				<total>42</total>
				<timestamp>4288.548156</timestamp>
			</report>
			<report>
				<misses>12627001</misses>
				<total>43</total>
				<timestamp>4288.887661</timestamp>
			</report>
			<report>
				<misses>12628001</misses>
				<total>43</total>
				<timestamp>4289.227343</timestamp>
			</report>
			<report>
				<misses>12629001</misses>
				<total>43</total>
				<timestamp>4289.567017</timestamp>
			</report>
			<report>
				<misses>12630001</misses>
				<total>43</total>
				<timestamp>4289.906656</timestamp>
			</report>
			<report>
				<misses>12631001</misses>
				<total>43</total>
				<timestamp>4290.246406</timestamp>
			</report>
			<report>
				<misses>12632001</misses>
				<total>43</total>
				<timestamp>4290.586076</timestamp>
			</report>
			<report>
				<misses>12633001</misses>
				<total>43</total>
				<timestamp>4290.925622</timestamp>
			</report>
			<report>
				<misses>12634001</misses>
				<total>43</total>
				<timestamp>4291.265307</timestamp>
			</report>
			<report>
				<misses>12635001</misses>
				<total>43</total>
				<timestamp>4291.604941</timestamp>
			</report>
			<report>
				<misses>12636001</misses>
				<total>43</total>
				<timestamp>4291.944610</timestamp>
			</report>
			<report>
				<misses>12637001</misses>
				<total>43</total>
				<timestamp>4292.284281</timestamp>
			</report>
			<report>
				<misses>12638001</misses>
				<total>43</total>
				<timestamp>4292.623951</timestamp>
			</report>
			<report>
				<misses>12639001</misses>
				<total>43</total>
				<timestamp>4292.963630</timestamp>
			</report>
			<report>
				<misses>12640001</misses>
				<total>42</total>
				<timestamp>4293.303383</timestamp>
			</report>
			<report>
				<misses>12641001</misses>
				<total>43</total>
				<timestamp>4293.642913</timestamp>
			</report>
			<report>
				<misses>12642001</misses>
				<total>43</total>
				<timestamp>4293.982589</timestamp>
			</report>
			<report>
				<misses>12643001</misses>
				<total>43</total>
				<timestamp>4294.322268</timestamp>
			</report>
			<report>
				<misses>12644001</misses>
				<total>43</total>
				<timestamp>4294.661886</timestamp>
			</report>
			<report>
				<misses>12645001</misses>
				<total>43</total>
				<timestamp>4295.001572</timestamp>
			</report>
			<report>
				<misses>12646001</misses>
				<total>43</total>
				<timestamp>4295.341265</timestamp>
			</report>
			<report>
				<misses>12647001</misses>
				<total>43</total>
				<timestamp>4295.680887</timestamp>
			</report>
			<report>
				<misses>12648001</misses>
				<total>43</total>
				<timestamp>4296.020556</timestamp>
			</report>
			<report>
				<misses>12649001</misses>
				<total>43</total>
				<timestamp>4296.360204</timestamp>
			</report>
			<report>
				<misses>12650001</misses>
				<total>43</total>
				<timestamp>4296.699873</timestamp>
			</report>
			<report>
				<misses>12651001</misses>
				<total>43</total>
				<timestamp>4297.039522</timestamp>
			</report>
			<report>
				<misses>12652001</misses>
				<total>42</total>
				<timestamp>4297.379265</timestamp>
			</report>
			<report>
				<misses>12653001</misses>
				<total>43</total>
				<timestamp>4297.718840</timestamp>
			</report>
			<report>
				<misses>12654001</misses>
				<total>43</total>
				<timestamp>4298.058498</timestamp>
			</report>
			<report>
				<misses>12655001</misses>
				<total>43</total>
				<timestamp>4298.398225</timestamp>
			</report>
			<report>
				<misses>12656001</misses>
				<total>43</total>
				<timestamp>4298.737825</timestamp>
			</report>
			<report>
				<misses>12657001</misses>
				<total>43</total>
				<timestamp>4299.077469</timestamp>
			</report>
			<report>
				<misses>12658001</misses>
				<total>43</total>
				<timestamp>4299.417217</timestamp>
			</report>
			<report>
				<misses>12659001</misses>
				<total>43</total>
				<timestamp>4299.756806</timestamp>
			</report>
			<report>
				<misses>12660001</misses>
				<total>43</total>
				<timestamp>4300.096478</timestamp>
			</report>
			<report>
				<misses>12661001</misses>
				<total>42</total>
				<timestamp>4300.436212</timestamp>
			</report>
			<report>
				<misses>12662001</misses>
				<total>43</total>
				<timestamp>4300.775774</timestamp>
			</report>
			<report>
				<misses>12663001</misses>
				<total>43</total>
				<timestamp>4301.115430</timestamp>
			</report>
			<report>
				<misses>12664001</misses>
				<total>42</total>
				<timestamp>4301.455211</timestamp>
			</report>
			<report>
				<misses>12665001</misses>
				<total>43</total>
				<timestamp>4301.794756</timestamp>
			</report>
			<report>
				<misses>12666001</misses>
				<total>43</total>
				<timestamp>4302.134439</timestamp>
			</report>
			<report>
				<misses>12667001</misses>
				<total>42</total>
				<timestamp>4302.474207</timestamp>
			</report>
			<report>
				<misses>12668001</misses>
				<total>43</total>
				<timestamp>4302.813733</timestamp>
			</report>
			<report>
				<misses>12669001</misses>
				<total>43</total>
				<timestamp>4303.153398</timestamp>
			</report>
			<report>
				<misses>12670001</misses>
				<total>42</total>
				<timestamp>4303.493212</timestamp>
			</report>
			<report>
				<misses>12671001</misses>
				<total>43</total>
				<timestamp>4303.832760</timestamp>
			</report>
			<report>
				<misses>12672001</misses>
				<total>43</total>
				<timestamp>4304.172378</timestamp>
			</report>
			<report>
				<misses>12673001</misses>
				<total>43</total>
				<timestamp>4304.512088</timestamp>
			</report>
			<report>
				<misses>12674001</misses>
				<total>43</total>
				<timestamp>4304.851708</timestamp>
			</report>
			<report>
				<misses>12675001</misses>
				<total>43</total>
				<timestamp>4305.191371</timestamp>
			</report>
			<report>
				<misses>12676001</misses>
				<total>43</total>
				<timestamp>4305.531072</timestamp>
			</report>
			<report>
				<misses>12677001</misses>
				<total>43</total>
				<timestamp>4305.870668</timestamp>
			</report>
			<report>
				<misses>12678001</misses>
				<total>43</total>
				<timestamp>4306.210355</timestamp>
			</report>
			<report>
				<misses>12679001</misses>
				<total>43</total>
				<timestamp>4306.550009</timestamp>
			</report>
			<report>
				<misses>12680001</misses>
				<total>43</total>
				<timestamp>4306.889652</timestamp>
			</report>
			<report>
				<misses>12681001</misses>
				<total>43</total>
				<timestamp>4307.229351</timestamp>
			</report>
			<report>
				<misses>12682001</misses>
				<total>43</total>
				<timestamp>4307.569033</timestamp>
			</report>
			<report>
				<misses>12683001</misses>
				<total>44</total>
				<timestamp>4307.908637</timestamp>
			</report>
			<report>
				<misses>12684001</misses>
				<total>44</total>
				<timestamp>4308.248319</timestamp>
			</report>
			<report>
				<misses>12685001</misses>
				<total>44</total>
				<timestamp>4308.587996</timestamp>
			</report>
			<report>
				<misses>12686001</misses>
				<total>44</total>
				<timestamp>4308.927625</timestamp>
			</report>
			<report>
				<misses>12687001</misses>
				<total>44</total>
				<timestamp>4309.267297</timestamp>
			</report>
			<report>
				<misses>12688001</misses>
				<total>43</total>
				<timestamp>4309.607036</timestamp>
			</report>
			<report>
				<misses>12689001</misses>
				<total>44</total>
				<timestamp>4309.946617</timestamp>
			</report>
			<report>
				<misses>12690001</misses>
				<total>44</total>
				<timestamp>4310.286266</timestamp>
			</report>
			<report>
				<misses>12691001</misses>
				<total>43</total>
				<timestamp>4310.626059</timestamp>
			</report>
			<report>
				<misses>12692001</misses>
				<total>44</total>
				<timestamp>4310.965566</timestamp>
			</report>
			<report>
				<misses>12693001</misses>
				<total>44</total>
				<timestamp>4311.305268</timestamp>
			</report>
			<report>
				<misses>12694001</misses>
				<total>44</total>
				<timestamp>4311.644916</timestamp>
			</report>
			<report>
				<misses>12695001</misses>
				<total>44</total>
				<timestamp>4311.984565</timestamp>
			</report>
			<report>
				<misses>12696001</misses>
				<total>44</total>
				<timestamp>4312.324278</timestamp>
			</report>
			<report>
				<misses>12697001</misses>
				<total>43</total>
				<timestamp>4312.664050</timestamp>
			</report>
			<report>
				<misses>12698001</misses>
				<total>44</total>
				<timestamp>4313.003524</timestamp>
			</report>
			<report>
				<misses>12699001</misses>
				<total>44</total>
				<timestamp>4313.343240</timestamp>
			</report>
			<report>
				<misses>12700001</misses>
				<total>43</total>
				<timestamp>4313.682993</timestamp>
			</report>
			<report>
				<misses>12701001</misses>
				<total>44</total>
				<timestamp>4314.022506</timestamp>
			</report>
			<report>
				<misses>12702001</misses>
				<total>44</total>
				<timestamp>4314.362245</timestamp>
			</report>
			<report>
				<misses>12703001</misses>
				<total>44</total>
				<timestamp>4314.701845</timestamp>
			</report>
			<report>
				<misses>12704001</misses>
				<total>44</total>
				<timestamp>4315.041487</timestamp>
			</report>
			<report>
				<misses>12705001</misses>
				<total>43</total>
				<timestamp>4315.381249</timestamp>
			</report>
			<report>
				<misses>12706001</misses>
				<total>44</total>
				<timestamp>4315.720836</timestamp>
			</report>
			<report>
				<misses>12707001</misses>
				<total>44</total>
				<timestamp>4316.060494</timestamp>
			</report>
			<report>
				<misses>12708001</misses>
				<total>43</total>
				<timestamp>4316.400233</timestamp>
			</report>
			<report>
				<misses>12709001</misses>
				<total>44</total>
				<timestamp>4316.739805</timestamp>
			</report>
			<report>
				<misses>12710001</misses>
				<total>44</total>
				<timestamp>4317.079460</timestamp>
			</report>
			<report>
				<misses>12711001</misses>
				<total>44</total>
				<timestamp>4317.419112</timestamp>
			</report>
			<report>
				<misses>12712001</misses>
				<total>44</total>
				<timestamp>4317.758784</timestamp>
			</report>
			<report>
				<misses>12713001</misses>
				<total>44</total>
				<timestamp>4318.098451</timestamp>
			</report>
			<report>
				<misses>12714001</misses>
				<total>44</total>
				<timestamp>4318.438106</timestamp>
			</report>
			<report>
				<misses>12715001</misses>
				<total>44</total>
				<timestamp>4318.777820</timestamp>
			</report>
			<report>
				<misses>12716001</misses>
				<total>44</total>
				<timestamp>4319.117428</timestamp>
			</report>
			<report>
				<misses>12717001</misses>
				<total>44</total>
				<timestamp>4319.457098</timestamp>
			</report>
			<report>
				<misses>12718001</misses>
				<total>44</total>
				<timestamp>4319.796776</timestamp>
			</report>
			<report>
				<misses>12719001</misses>
				<total>44</total>
				<timestamp>4320.136435</timestamp>
			</report>
			<report>
				<misses>12720001</misses>
				<total>44</total>
				<timestamp>4320.476096</timestamp>
			</report>
			<report>
				<misses>12721001</misses>
				<total>44</total>
				<timestamp>4320.815757</timestamp>
			</report>
			<report>
				<misses>12722001</misses>
				<total>44</total>
				<timestamp>4321.155374</timestamp>
			</report>
			<report>
				<misses>12723001</misses>
				<total>44</total>
				<timestamp>4321.495087</timestamp>
			</report>
			<report>
				<misses>12724001</misses>
				<total>44</total>
				<timestamp>4321.834710</timestamp>
			</report>
			<report>
				<misses>12725001</misses>
				<total>44</total>
				<timestamp>4322.174358</timestamp>
			</report>
			<report>
				<misses>12726001</misses>
				<total>44</total>
				<timestamp>4322.514081</timestamp>
			</report>
			<report>
				<misses>12727001</misses>
				<total>44</total>
				<timestamp>4322.853679</timestamp>
			</report>
			<report>
				<misses>12728001</misses>
				<total>44</total>
				<timestamp>4323.193355</timestamp>
			</report>
			<report>
				<misses>12729001</misses>
				<total>44</total>
				<timestamp>4323.533059</timestamp>
			</report>
			<report>
				<misses>12730001</misses>
				<total>44</total>
				<timestamp>4323.872662</timestamp>
			</report>
			<report>
				<misses>12731001</misses>
				<total>44</total>
				<timestamp>4324.212330</timestamp>
			</report>
			<report>
				<misses>12732001</misses>
				<total>43</total>
				<timestamp>4324.552080</timestamp>
			</report>
			<report>
				<misses>12733001</misses>
				<total>44</total>
				<timestamp>4324.891633</timestamp>
			</report>
			<report>
				<misses>12734001</misses>
				<total>44</total>
				<timestamp>4325.231314</timestamp>
			</report>
			<report>
				<misses>12735001</misses>
				<total>44</total>
				<timestamp>4325.570990</timestamp>
			</report>
			<report>
				<misses>12736001</misses>
				<total>44</total>
				<timestamp>4325.910625</timestamp>
			</report>
			<report>
				<misses>12737001</misses>
				<total>44</total>
				<timestamp>4326.250309</timestamp>
			</report>
			<report>
				<misses>12738001</misses>
				<total>43</total>
				<timestamp>4326.590042</timestamp>
			</report>
			<report>
				<misses>12739001</misses>
				<total>44</total>
				<timestamp>4326.929622</timestamp>
			</report>
			<report>
				<misses>12740001</misses>
				<total>44</total>
				<timestamp>4327.269288</timestamp>
			</report>
			<report>
				<misses>12741001</misses>
				<total>44</total>
				<timestamp>4327.608930</timestamp>
			</report>
			<report>
				<misses>12742001</misses>
				<total>44</total>
				<timestamp>4327.948589</timestamp>
			</report>
			<report>
				<misses>12743001</misses>
				<total>44</total>
				<timestamp>4328.288232</timestamp>
			</report>
			<report>
				<misses>12744001</misses>
				<total>44</total>
				<timestamp>4328.627933</timestamp>
			</report>
			<report>
				<misses>12745001</misses>
				<total>44</total>
				<timestamp>4328.967566</timestamp>
			</report>
			<report>
				<misses>12746001</misses>
				<total>44</total>
				<timestamp>4329.307249</timestamp>
			</report>
			<report>
				<misses>12747001</misses>
				<total>44</total>
				<timestamp>4329.646923</timestamp>
			</report>
			<report>
				<misses>12748001</misses>
				<total>44</total>
				<timestamp>4329.986532</timestamp>
			</report>
			<report>
				<misses>12749001</misses>
				<total>44</total>
				<timestamp>4330.326191</timestamp>
			</report>
			<report>
				<misses>12750001</misses>
				<total>44</total>
				<timestamp>4330.665911</timestamp>
			</report>
			<report>
				<misses>12751001</misses>
				<total>44</total>
				<timestamp>4331.005523</timestamp>
			</report>
			<report>
				<misses>12752001</misses>
				<total>44</total>
				<timestamp>4331.345180</timestamp>
			</report>
			<report>
				<misses>12753001</misses>
				<total>44</total>
				<timestamp>4331.684947</timestamp>
			</report>
			<report>
				<misses>12754001</misses>
				<total>44</total>
				<timestamp>4332.024505</timestamp>
			</report>
			<report>
				<misses>12755001</misses>
				<total>44</total>
				<timestamp>4332.364185</timestamp>
			</report>
			<report>
				<misses>12756001</misses>
				<total>44</total>
				<timestamp>4332.703907</timestamp>
			</report>
			<report>
				<misses>12757001</misses>
				<total>44</total>
				<timestamp>4333.043485</timestamp>
			</report>
			<report>
				<misses>12758001</misses>
				<total>44</total>
				<timestamp>4333.383161</timestamp>
			</report>
			<report>
				<misses>12759001</misses>
				<total>43</total>
				<timestamp>4333.722953</timestamp>
			</report>
			<report>
				<misses>12760001</misses>
				<total>44</total>
				<timestamp>4334.062466</timestamp>
			</report>
			<report>
				<misses>12761001</misses>
				<total>44</total>
				<timestamp>4334.402121</timestamp>
			</report>
			<report>
				<misses>12762001</misses>
				<total>43</total>
				<timestamp>4334.741895</timestamp>
			</report>
			<report>
				<misses>12763001</misses>
				<total>44</total>
				<timestamp>4335.081448</timestamp>
			</report>
			<report>
				<misses>12764001</misses>
				<total>44</total>
				<timestamp>4335.421102</timestamp>
			</report>
			<report>
				<misses>12765001</misses>
				<total>43</total>
				<timestamp>4335.760879</timestamp>
			</report>
			<report>
				<misses>12766001</misses>
				<total>44</total>
				<timestamp>4336.100429</timestamp>
			</report>
			<report>
				<misses>12767001</misses>
				<total>44</total>
				<timestamp>4336.440114</timestamp>
			</report>
			<report>
				<misses>12768001</misses>
				<total>44</total>
				<timestamp>4336.779842</timestamp>
			</report>
			<report>
				<misses>12769001</misses>
				<total>44</total>
				<timestamp>4337.119389</timestamp>
			</report>
			<report>
				<misses>12770001</misses>
				<total>44</total>
				<timestamp>4337.459093</timestamp>
			</report>
			<report>
				<misses>12771001</misses>
				<total>43</total>
				<timestamp>4337.798861</timestamp>
			</report>
			<report>
				<misses>12772001</misses>
				<total>44</total>
				<timestamp>4338.138375</timestamp>
			</report>
			<report>
				<misses>12773001</misses>
				<total>44</total>
				<timestamp>4338.478092</timestamp>
			</report>
			<report>
				<misses>12774001</misses>
				<total>44</total>
				<timestamp>4338.817695</timestamp>
			</report>
			<report>
				<misses>12775001</misses>
				<total>44</total>
				<timestamp>4339.157355</timestamp>
			</report>
			<report>
				<misses>12776001</misses>
				<total>43</total>
				<timestamp>4339.497115</timestamp>
			</report>
			<report>
				<misses>12777001</misses>
				<total>44</total>
				<timestamp>4339.836735</timestamp>
			</report>
			<report>
				<misses>12778001</misses>
				<total>44</total>
				<timestamp>4340.176342</timestamp>
			</report>
			<report>
				<misses>12779001</misses>
				<total>43</total>
				<timestamp>4340.516086</timestamp>
			</report>
			<report>
				<misses>12780001</misses>
				<total>44</total>
				<timestamp>4340.855687</timestamp>
			</report>
			<report>
				<misses>12781001</misses>
				<total>44</total>
				<timestamp>4341.195316</timestamp>
			</report>
			<report>
				<misses>12782001</misses>
				<total>43</total>
				<timestamp>4341.535078</timestamp>
			</report>
			<report>
				<misses>12783001</misses>
				<total>44</total>
				<timestamp>4341.874632</timestamp>
			</report>
			<report>
				<misses>12784001</misses>
				<total>44</total>
				<timestamp>4342.214299</timestamp>
			</report>
			<report>
				<misses>12785001</misses>
				<total>43</total>
				<timestamp>4342.554069</timestamp>
			</report>
			<report>
				<misses>12786001</misses>
				<total>44</total>
				<timestamp>4342.893658</timestamp>
			</report>
			<report>
				<misses>12787001</misses>
				<total>44</total>
				<timestamp>4343.233309</timestamp>
			</report>
			<report>
				<misses>12788001</misses>
				<total>44</total>
				<timestamp>4343.572925</timestamp>
			</report>
			<report>
				<misses>12789001</misses>
				<total>44</total>
				<timestamp>4343.912596</timestamp>
			</report>
			<report>
				<misses>12790001</misses>
				<total>44</total>
				<timestamp>4344.252270</timestamp>
			</report>
			<report>
				<misses>12791001</misses>
				<total>44</total>
				<timestamp>4344.591950</timestamp>
			</report>
			<report>
				<misses>12792001</misses>
				<total>44</total>
				<timestamp>4344.931592</timestamp>
			</report>
			<report>
				<misses>12793001</misses>
				<total>44</total>
				<timestamp>4345.271268</timestamp>
			</report>
			<report>
				<misses>12794001</misses>
				<total>44</total>
				<timestamp>4345.610923</timestamp>
			</report>
			<report>
				<misses>12795001</misses>
				<total>44</total>
				<timestamp>4345.950578</timestamp>
			</report>
			<report>
				<misses>12796001</misses>
				<total>44</total>
				<timestamp>4346.290210</timestamp>
			</report>
			<report>
				<misses>12797001</misses>
				<total>44</total>
				<timestamp>4346.629937</timestamp>
			</report>
			<report>
				<misses>12798001</misses>
				<total>44</total>
				<timestamp>4346.969531</timestamp>
			</report>
			<report>
				<misses>12799001</misses>
				<total>44</total>
				<timestamp>4347.309204</timestamp>
			</report>
			<report>
				<misses>12800001</misses>
				<total>44</total>
				<timestamp>4347.648929</timestamp>
			</report>
			<report>
				<misses>12801001</misses>
				<total>44</total>
				<timestamp>4347.988519</timestamp>
			</report>
			<report>
				<misses>12802001</misses>
				<total>44</total>
				<timestamp>4348.328179</timestamp>
			</report>
			<report>
				<misses>12803001</misses>
				<total>44</total>
				<timestamp>4348.667902</timestamp>
			</report>
			<report>
				<misses>12804001</misses>
				<total>44</total>
				<timestamp>4349.007493</timestamp>
			</report>
			<report>
				<misses>12805001</misses>
				<total>44</total>
				<timestamp>4349.347153</timestamp>
			</report>
			<report>
				<misses>12806001</misses>
				<total>43</total>
				<timestamp>4349.686905</timestamp>
			</report>
			<report>
				<misses>12807001</misses>
				<total>44</total>
				<timestamp>4350.026484</timestamp>
			</report>
			<report>
				<misses>12808001</misses>
				<total>44</total>
				<timestamp>4350.366151</timestamp>
			</report>
			<report>
				<misses>12809001</misses>
				<total>43</total>
				<timestamp>4350.705902</timestamp>
			</report>
			<report>
				<misses>12810001</misses>
				<total>44</total>
				<timestamp>4351.045478</timestamp>
			</report>
			<report>
				<misses>12811001</misses>
				<total>44</total>
				<timestamp>4351.385121</timestamp>
			</report>
			<report>
				<misses>12812001</misses>
				<total>44</total>
				<timestamp>4351.724838</timestamp>
			</report>
			<report>
				<misses>12813001</misses>
				<total>44</total>
				<timestamp>4352.064449</timestamp>
			</report>
			<report>
				<misses>12814001</misses>
				<total>44</total>
				<timestamp>4352.404103</timestamp>
			</report>
			<report>
				<misses>12815001</misses>
				<total>43</total>
				<timestamp>4352.743920</timestamp>
			</report>
			<report>
				<misses>12816001</misses>
				<total>44</total>
				<timestamp>4353.083435</timestamp>
			</report>
			<report>
				<misses>12817001</misses>
				<total>44</total>
				<timestamp>4353.423081</timestamp>
			</report>
			<report>
				<misses>12818001</misses>
				<total>44</total>
				<timestamp>4353.762766</timestamp>
			</report>
			<report>
				<misses>12819001</misses>
				<total>44</total>
				<timestamp>4354.102412</timestamp>
			</report>
			<report>
				<misses>12820001</misses>
				<total>44</total>
				<timestamp>4354.442059</timestamp>
			</report>
			<report>
				<misses>12821001</misses>
				<total>44</total>
				<timestamp>4354.781740</timestamp>
			</report>
			<report>
				<misses>12822001</misses>
				<total>44</total>
				<timestamp>4355.121392</timestamp>
			</report>
			<report>
				<misses>12823001</misses>
				<total>44</total>
				<timestamp>4355.461030</timestamp>
			</report>
			<report>
				<misses>12824001</misses>
				<total>44</total>
				<timestamp>4355.800755</timestamp>
			</report>
			<report>
				<misses>12825001</misses>
				<total>44</total>
				<timestamp>4356.140432</timestamp>
			</report>
			<report>
				<misses>12826001</misses>
				<total>44</total>
				<timestamp>4356.480013</timestamp>
			</report>
			<report>
				<misses>12827001</misses>
				<total>44</total>
				<timestamp>4356.819712</timestamp>
			</report>
			<report>
				<misses>12828001</misses>
				<total>44</total>
				<timestamp>4357.159331</timestamp>
			</report>
			<report>
				<misses>12829001</misses>
				<total>44</total>
				<timestamp>4357.499008</timestamp>
			</report>
			<report>
				<misses>12830001</misses>
				<total>43</total>
				<timestamp>4357.838774</timestamp>
			</report>
			<report>
				<misses>12831001</misses>
				<total>44</total>
				<timestamp>4358.178336</timestamp>
			</report>
			<report>
				<misses>12832001</misses>
				<total>44</total>
				<timestamp>4358.517988</timestamp>
			</report>
			<report>
				<misses>12833001</misses>
				<total>43</total>
				<timestamp>4358.857752</timestamp>
			</report>
			<report>
				<misses>12834001</misses>
				<total>44</total>
				<timestamp>4359.197302</timestamp>
			</report>
			<report>
				<misses>12835001</misses>
				<total>44</total>
				<timestamp>4359.536952</timestamp>
			</report>
			<report>
				<misses>12836001</misses>
				<total>44</total>
				<timestamp>4359.876677</timestamp>
			</report>
			<report>
				<misses>12837001</misses>
				<total>44</total>
				<timestamp>4360.216270</timestamp>
			</report>
			<report>
				<misses>12838001</misses>
				<total>44</total>
				<timestamp>4360.555928</timestamp>
			</report>
			<report>
				<misses>12839001</misses>
				<total>43</total>
				<timestamp>4360.895699</timestamp>
			</report>
			<report>
				<misses>12840001</misses>
				<total>44</total>
				<timestamp>4361.235255</timestamp>
			</report>
			<report>
				<misses>12841001</misses>
				<total>44</total>
				<timestamp>4361.574954</timestamp>
			</report>
			<report>
				<misses>12842001</misses>
				<total>44</total>
				<timestamp>4361.914646</timestamp>
			</report>
			<report>
				<misses>12843001</misses>
				<total>44</total>
				<timestamp>4362.254263</timestamp>
			</report>
			<report>
				<misses>12844001</misses>
				<total>43</total>
				<timestamp>4362.593986</timestamp>
			</report>
			<report>
				<misses>12845001</misses>
				<total>44</total>
				<timestamp>4362.933566</timestamp>
			</report>
			<report>
				<misses>12846001</misses>
				<total>44</total>
				<timestamp>4363.273237</timestamp>
			</report>
			<report>
				<misses>12847001</misses>
				<total>43</total>
				<timestamp>4363.612974</timestamp>
			</report>
			<report>
				<misses>12848001</misses>
				<total>44</total>
				<timestamp>4363.952608</timestamp>
			</report>
			<report>
				<misses>12849001</misses>
				<total>44</total>
				<timestamp>4364.292199</timestamp>
			</report>
			<report>
				<misses>12850001</misses>
				<total>43</total>
				<timestamp>4364.631962</timestamp>
			</report>
			<report>
				<misses>12851001</misses>
				<total>44</total>
				<timestamp>4364.971520</timestamp>
			</report>
			<report>
				<misses>12852001</misses>
				<total>44</total>
				<timestamp>4365.311194</timestamp>
			</report>
			<report>
				<misses>12853001</misses>
				<total>43</total>
				<timestamp>4365.650922</timestamp>
			</report>
			<report>
				<misses>12854001</misses>
				<total>44</total>
				<timestamp>4365.990513</timestamp>
			</report>
			<report>
				<misses>12855001</misses>
				<total>44</total>
				<timestamp>4366.330160</timestamp>
			</report>
			<report>
				<misses>12856001</misses>
				<total>43</total>
				<timestamp>4366.669941</timestamp>
			</report>
			<report>
				<misses>12857001</misses>
				<total>44</total>
				<timestamp>4367.009488</timestamp>
			</report>
			<report>
				<misses>12858001</misses>
				<total>44</total>
				<timestamp>4367.349139</timestamp>
			</report>
			<report>
				<misses>12859001</misses>
				<total>43</total>
				<timestamp>4367.688948</timestamp>
			</report>
			<report>
				<misses>12860001</misses>
				<total>44</total>
				<timestamp>4368.028461</timestamp>
			</report>
			<report>
				<misses>12861001</misses>
				<total>44</total>
				<timestamp>4368.368135</timestamp>
			</report>
			<report>
				<misses>12862001</misses>
				<total>44</total>
				<timestamp>4368.707795</timestamp>
			</report>
			<report>
				<misses>12863001</misses>
				<total>44</total>
				<timestamp>4369.047432</timestamp>
			</report>
			<report>
				<misses>12864001</misses>
				<total>44</total>
				<timestamp>4369.387087</timestamp>
			</report>
			<report>
				<misses>12865001</misses>
				<total>44</total>
				<timestamp>4369.726805</timestamp>
			</report>
			<report>
				<misses>12866001</misses>
				<total>44</total>
				<timestamp>4370.066421</timestamp>
			</report>
			<report>
				<misses>12867001</misses>
				<total>44</total>
				<timestamp>4370.406112</timestamp>
			</report>
			<report>
				<misses>12868001</misses>
				<total>44</total>
				<timestamp>4370.745792</timestamp>
			</report>
			<report>
				<misses>12869001</misses>
				<total>44</total>
				<timestamp>4371.085413</timestamp>
			</report>
			<report>
				<misses>12870001</misses>
				<total>44</total>
				<timestamp>4371.425115</timestamp>
			</report>
			<report>
				<misses>12871001</misses>
				<total>43</total>
				<timestamp>4371.764821</timestamp>
			</report>
			<report>
				<misses>12872001</misses>
				<total>44</total>
				<timestamp>4372.104375</timestamp>
			</report>
			<report>
				<misses>12873001</misses>
				<total>44</total>
				<timestamp>4372.444040</timestamp>
			</report>
			<report>
				<misses>12874001</misses>
				<total>43</total>
				<timestamp>4372.783786</timestamp>
			</report>
			<report>
				<misses>12875001</misses>
				<total>44</total>
				<timestamp>4373.123366</timestamp>
			</report>
			<report>
				<misses>12876001</misses>
				<total>44</total>
				<timestamp>4373.463017</timestamp>
			</report>
			<report>
				<misses>12877001</misses>
				<total>43</total>
				<timestamp>4373.802760</timestamp>
			</report>
			<report>
				<misses>12878001</misses>
				<total>44</total>
				<timestamp>4374.142341</timestamp>
			</report>
			<report>
				<misses>12879001</misses>
				<total>44</total>
				<timestamp>4374.482015</timestamp>
			</report>
			<report>
				<misses>12880001</misses>
				<total>43</total>
				<timestamp>4374.821790</timestamp>
			</report>
			<report>
				<misses>12881001</misses>
				<total>44</total>
				<timestamp>4375.161340</timestamp>
			</report>
			<report>
				<misses>12882001</misses>
				<total>44</total>
				<timestamp>4375.501022</timestamp>
			</report>
			<report>
				<misses>12883001</misses>
				<total>43</total>
				<timestamp>4375.840749</timestamp>
			</report>
			<report>
				<misses>12884001</misses>
				<total>44</total>
				<timestamp>4376.180294</timestamp>
			</report>
			<report>
				<misses>12885001</misses>
				<total>44</total>
				<timestamp>4376.519949</timestamp>
			</report>
			<report>
				<misses>12886001</misses>
				<total>44</total>
				<timestamp>4376.859639</timestamp>
			</report>
			<report>
				<misses>12887001</misses>
				<total>44</total>
				<timestamp>4377.199298</timestamp>
			</report>
			<report>
				<misses>12888001</misses>
				<total>44</total>
				<timestamp>4377.538948</timestamp>
			</report>
			<report>
				<misses>12889001</misses>
				<total>44</total>
				<timestamp>4377.878673</timestamp>
			</report>
			<report>
				<misses>12890001</misses>
				<total>44</total>
				<timestamp>4378.218279</timestamp>
			</report>
			<report>
				<misses>12891001</misses>
				<total>44</total>
				<timestamp>4378.557932</timestamp>
			</report>
			<report>
				<misses>12892001</misses>
				<total>44</total>
				<timestamp>4378.897639</timestamp>
			</report>
			<report>
				<misses>12893001</misses>
				<total>44</total>
				<timestamp>4379.237258</timestamp>
			</report>
			<report>
				<misses>12894001</misses>
				<total>44</total>
				<timestamp>4379.576892</timestamp>
			</report>
			<report>
				<misses>12895001</misses>
				<total>44</total>
				<timestamp>4379.916594</timestamp>
			</report>
			<report>
				<misses>12896001</misses>
				<total>44</total>
				<timestamp>4380.256228</timestamp>
			</report>
			<report>
				<misses>12897001</misses>
				<total>44</total>
				<timestamp>4380.595865</timestamp>
			</report>
			<report>
				<misses>12898001</misses>
				<total>44</total>
				<timestamp>4380.935579</timestamp>
			</report>
			<report>
				<misses>12899001</misses>
				<total>44</total>
				<timestamp>4381.275186</timestamp>
			</report>
			<report>
				<misses>12900001</misses>
				<total>44</total>
				<timestamp>4381.614860</timestamp>
			</report>
			<report>
				<misses>12901001</misses>
				<total>43</total>
				<timestamp>4381.954643</timestamp>
			</report>
			<report>
				<misses>12902001</misses>
				<total>44</total>
				<timestamp>4382.294179</timestamp>
			</report>
			<report>
				<misses>12903001</misses>
				<total>44</total>
				<timestamp>4382.633857</timestamp>
			</report>
			<report>
				<misses>12904001</misses>
				<total>43</total>
				<timestamp>4382.973613</timestamp>
			</report>
			<report>
				<misses>12905001</misses>
				<total>44</total>
				<timestamp>4383.313156</timestamp>
			</report>
			<report>
				<misses>12906001</misses>
				<total>44</total>
				<timestamp>4383.652815</timestamp>
			</report>
			<report>
				<misses>12907001</misses>
				<total>43</total>
				<timestamp>4383.992594</timestamp>
			</report>
			<report>
				<misses>12908001</misses>
				<total>44</total>
				<timestamp>4384.332130</timestamp>
			</report>
			<report>
				<misses>12909001</misses>
				<total>44</total>
				<timestamp>4384.671796</timestamp>
			</report>
			<report>
				<misses>12910001</misses>
				<total>43</total>
				<timestamp>4385.011570</timestamp>
			</report>
			<report>
				<misses>12911001</misses>
				<total>44</total>
				<timestamp>4385.351159</timestamp>
			</report>
			<report>
				<misses>12912001</misses>
				<total>44</total>
				<timestamp>4385.690803</timestamp>
			</report>
			<report>
				<misses>12913001</misses>
				<total>43</total>
				<timestamp>4386.030594</timestamp>
			</report>
			<report>
				<misses>12914001</misses>
				<total>44</total>
				<timestamp>4386.370117</timestamp>
			</report>
			<report>
				<misses>12915001</misses>
				<total>44</total>
				<timestamp>4386.709812</timestamp>
			</report>
			<report>
				<misses>12916001</misses>
				<total>44</total>
				<timestamp>4387.049461</timestamp>
			</report>
			<report>
				<misses>12917001</misses>
				<total>44</total>
				<timestamp>4387.389102</timestamp>
			</report>
			<report>
				<misses>12918001</misses>
				<total>44</total>
				<timestamp>4387.728801</timestamp>
			</report>
			<report>
				<misses>12919001</misses>
				<total>44</total>
				<timestamp>4388.068404</timestamp>
			</report>
			<report>
				<misses>12920001</misses>
				<total>44</total>
				<timestamp>4388.408048</timestamp>
			</report>
			<report>
				<misses>12921001</misses>
				<total>44</total>
				<timestamp>4388.747772</timestamp>
			</report>
			<report>
				<misses>12922001</misses>
				<total>44</total>
				<timestamp>4389.087414</timestamp>
			</report>
			<report>
				<misses>12923001</misses>
				<total>44</total>
				<timestamp>4389.427039</timestamp>
			</report>
			<report>
				<misses>12924001</misses>
				<total>43</total>
				<timestamp>4389.766788</timestamp>
			</report>
			<report>
				<misses>12925001</misses>
				<total>44</total>
				<timestamp>4390.106394</timestamp>
			</report>
			<report>
				<misses>12926001</misses>
				<total>44</total>
				<timestamp>4390.446021</timestamp>
			</report>
			<report>
				<misses>12927001</misses>
				<total>43</total>
				<timestamp>4390.785776</timestamp>
			</report>
			<report>
				<misses>12928001</misses>
				<total>44</total>
				<timestamp>4391.125347</timestamp>
			</report>
			<report>
				<misses>12929001</misses>
				<total>44</total>
				<timestamp>4391.465004</timestamp>
			</report>
			<report>
				<misses>12930001</misses>
				<total>44</total>
				<timestamp>4391.804661</timestamp>
			</report>
			<report>
				<misses>12931001</misses>
				<total>44</total>
				<timestamp>4392.144329</timestamp>
			</report>
			<report>
				<misses>12932001</misses>
				<total>44</total>
				<timestamp>4392.483975</timestamp>
			</report>
			<report>
				<misses>12933001</misses>
				<total>44</total>
				<timestamp>4392.823642</timestamp>
			</report>
			<report>
				<misses>12934001</misses>
				<total>44</total>
				<timestamp>4393.163308</timestamp>
			</report>
			<report>
				<misses>12935001</misses>
				<total>44</total>
				<timestamp>4393.502959</timestamp>
			</report>
			<report>
				<misses>12936001</misses>
				<total>44</total>
				<timestamp>4393.842615</timestamp>
			</report>
			<report>
				<misses>12937001</misses>
				<total>44</total>
				<timestamp>4394.182311</timestamp>
			</report>
			<report>
				<misses>12938001</misses>
				<total>44</total>
				<timestamp>4394.521935</timestamp>
			</report>
			<report>
				<misses>12939001</misses>
				<total>43</total>
				<timestamp>4394.861744</timestamp>
			</report>
			<report>
				<misses>12940001</misses>
				<total>44</total>
				<timestamp>4395.201289</timestamp>
			</report>
			<report>
				<misses>12941001</misses>
				<total>44</total>
				<timestamp>4395.540930</timestamp>
			</report>
			<report>
				<misses>12942001</misses>
				<total>44</total>
				<timestamp>4395.880629</timestamp>
			</report>
			<report>
				<misses>12943001</misses>
				<total>44</total>
				<timestamp>4396.220247</timestamp>
			</report>
			<report>
				<misses>12944001</misses>
				<total>44</total>
				<timestamp>4396.559895</timestamp>
			</report>
			<report>
				<misses>12945001</misses>
				<total>44</total>
				<timestamp>4396.899600</timestamp>
			</report>
			<report>
				<misses>12946001</misses>
				<total>44</total>
				<timestamp>4397.239215</timestamp>
			</report>
			<report>
				<misses>12947001</misses>
				<total>44</total>
				<timestamp>4397.578881</timestamp>
			</report>
			<report>
				<misses>12948001</misses>
				<total>44</total>
				<timestamp>4397.918600</timestamp>
			</report>
			<report>
				<misses>12949001</misses>
				<total>44</total>
				<timestamp>4398.258209</timestamp>
			</report>
			<report>
				<misses>12950001</misses>
				<total>43</total>
				<timestamp>4398.597972</timestamp>
			</report>
			<report>
				<misses>12951001</misses>
				<total>43</total>
				<timestamp>4398.937603</timestamp>
			</report>
			<report>
				<misses>12952001</misses>
				<total>44</total>
				<timestamp>4399.277181</timestamp>
			</report>
			<report>
				<misses>12953001</misses>
				<total>44</total>
				<timestamp>4399.616822</timestamp>
			</report>
			<report>
				<misses>12954001</misses>
				<total>43</total>
				<timestamp>4399.956602</timestamp>
			</report>
			<report>
				<misses>12955001</misses>
				<total>44</total>
				<timestamp>4400.296148</timestamp>
			</report>
			<report>
				<misses>12956001</misses>
				<total>44</total>
				<timestamp>4400.635806</timestamp>
			</report>
			<report>
				<misses>12957001</misses>
				<total>43</total>
				<timestamp>4400.975609</timestamp>
			</report>
			<report>
				<misses>12958001</misses>
				<total>44</total>
				<timestamp>4401.315140</timestamp>
			</report>
			<report>
				<misses>12959001</misses>
				<total>44</total>
				<timestamp>4401.654808</timestamp>
			</report>
			<report>
				<misses>12960001</misses>
				<total>43</total>
				<timestamp>4401.994593</timestamp>
			</report>
			<report>
				<misses>12961001</misses>
				<total>44</total>
				<timestamp>4402.334126</timestamp>
			</report>
			<report>
				<misses>12962001</misses>
				<total>44</total>
				<timestamp>4402.673786</timestamp>
			</report>
			<report>
				<misses>12963001</misses>
				<total>43</total>
				<timestamp>4403.013593</timestamp>
			</report>
			<report>
				<misses>12964001</misses>
				<total>44</total>
				<timestamp>4403.353106</timestamp>
			</report>
			<report>
				<misses>12965001</misses>
				<total>44</total>
				<timestamp>4403.692767</timestamp>
			</report>
			<report>
				<misses>12966001</misses>
				<total>44</total>
				<timestamp>4404.032475</timestamp>
			</report>
			<report>
				<misses>12967001</misses>
				<total>44</total>
				<timestamp>4404.372078</timestamp>
			</report>
			<report>
				<misses>12968001</misses>
				<total>44</total>
				<timestamp>4404.711735</timestamp>
			</report>
			<report>
				<misses>12969001</misses>
				<total>44</total>
				<timestamp>4405.051418</timestamp>
			</report>
			<report>
				<misses>12970001</misses>
				<total>44</total>
				<timestamp>4405.391076</timestamp>
			</report>
			<report>
				<misses>12971001</misses>
				<total>44</total>
				<timestamp>4405.730723</timestamp>
			</report>
			<report>
				<misses>12972001</misses>
				<total>44</total>
				<timestamp>4406.070447</timestamp>
			</report>
			<report>
				<misses>12973001</misses>
				<total>44</total>
				<timestamp>4406.410039</timestamp>
			</report>
			<report>
				<misses>12974001</misses>
				<total>44</total>
				<timestamp>4406.749718</timestamp>
			</report>
			<report>
				<misses>12975001</misses>
				<total>44</total>
				<timestamp>4407.089383</timestamp>
			</report>
			<report>
				<misses>12976001</misses>
				<total>44</total>
				<timestamp>4407.429018</timestamp>
			</report>
			<report>
				<misses>12977001</misses>
				<total>44</total>
				<timestamp>4407.768663</timestamp>
			</report>
			<report>
				<misses>12978001</misses>
				<total>43</total>
				<timestamp>4408.108463</timestamp>
			</report>
			<report>
				<misses>12979001</misses>
				<total>44</total>
				<timestamp>4408.447996</timestamp>
			</report>
			<report>
				<misses>12980001</misses>
				<total>44</total>
				<timestamp>4408.787693</timestamp>
			</report>
			<report>
				<misses>12981001</misses>
				<total>43</total>
				<timestamp>4409.127468</timestamp>
			</report>
			<report>
				<misses>12982001</misses>
				<total>44</total>
				<timestamp>4409.466986</timestamp>
			</report>
			<report>
				<misses>12983001</misses>
				<total>44</total>
				<timestamp>4409.806774</timestamp>
			</report>
			<report>
				<misses>12984001</misses>
				<total>44</total>
				<timestamp>4410.146428</timestamp>
			</report>
			<report>
				<misses>12985001</misses>
				<total>44</total>
				<timestamp>4410.485961</timestamp>
			</report>
			<report>
				<misses>12986001</misses>
				<total>44</total>
				<timestamp>4410.825748</timestamp>
			</report>
			<report>
				<misses>12987001</misses>
				<total>43</total>
				<timestamp>4411.165408</timestamp>
			</report>
			<report>
				<misses>12988001</misses>
				<total>44</total>
				<timestamp>4411.504941</timestamp>
			</report>
			<report>
				<misses>12989001</misses>
				<total>44</total>
				<timestamp>4411.844731</timestamp>
			</report>
			<report>
				<misses>12990001</misses>
				<total>44</total>
				<timestamp>4412.184397</timestamp>
			</report>
			<report>
				<misses>12991001</misses>
				<total>44</total>
				<timestamp>4412.524046</timestamp>
			</report>
			<report>
				<misses>12992001</misses>
				<total>44</total>
				<timestamp>4412.863704</timestamp>
			</report>
			<report>
				<misses>12993001</misses>
				<total>44</total>
				<timestamp>4413.203247</timestamp>
			</report>
			<report>
				<misses>12994001</misses>
				<total>44</total>
				<timestamp>4413.542905</timestamp>
			</report>
			<report>
				<misses>12995001</misses>
				<total>44</total>
				<timestamp>4413.882685</timestamp>
			</report>
			<report>
				<misses>12996001</misses>
				<total>44</total>
				<timestamp>4414.222349</timestamp>
			</report>
			<report>
				<misses>12997001</misses>
				<total>44</total>
				<timestamp>4414.562008</timestamp>
			</report>
			<report>
				<misses>12998001</misses>
				<total>43</total>
				<timestamp>4414.901670</timestamp>
			</report>
			<report>
				<misses>12999001</misses>
				<total>44</total>
				<timestamp>4415.241203</timestamp>
			</report>
			<report>
				<misses>13000001</misses>
				<total>44</total>
				<timestamp>4415.580865</timestamp>
			</report>
			<report>
				<misses>13001001</misses>
				<total>43</total>
				<timestamp>4415.920647</timestamp>
			</report>
			<report>
				<misses>13002001</misses>
				<total>44</total>
				<timestamp>4416.260188</timestamp>
			</report>
			<report>
				<misses>13003001</misses>
				<total>44</total>
				<timestamp>4416.599845</timestamp>
			</report>
			<report>
				<misses>13004001</misses>
				<total>43</total>
				<timestamp>4416.939631</timestamp>
			</report>
			<report>
				<misses>13005001</misses>
				<total>44</total>
				<timestamp>4417.279173</timestamp>
			</report>
			<report>
				<misses>13006001</misses>
				<total>44</total>
				<timestamp>4417.618950</timestamp>
			</report>
			<report>
				<misses>13007001</misses>
				<total>44</total>
				<timestamp>4417.958605</timestamp>
			</report>
			<report>
				<misses>13008001</misses>
				<total>43</total>
				<timestamp>4418.298303</timestamp>
			</report>
			<report>
				<misses>13009001</misses>
				<total>44</total>
				<timestamp>4418.637805</timestamp>
			</report>
			<report>
				<misses>13010001</misses>
				<total>44</total>
				<timestamp>4418.977584</timestamp>
			</report>
			<report>
				<misses>13011001</misses>
				<total>44</total>
				<timestamp>4419.317125</timestamp>
			</report>
			<report>
				<misses>13012001</misses>
				<total>44</total>
				<timestamp>4419.656780</timestamp>
			</report>
			<report>
				<misses>13013001</misses>
				<total>44</total>
				<timestamp>4419.996562</timestamp>
			</report>
			<report>
				<misses>13014001</misses>
				<total>44</total>
				<timestamp>4420.336108</timestamp>
			</report>
			<report>
				<misses>13015001</misses>
				<total>44</total>
				<timestamp>4420.675893</timestamp>
			</report>
			<report>
				<misses>13016001</misses>
				<total>44</total>
				<timestamp>4421.015555</timestamp>
			</report>
			<report>
				<misses>13017001</misses>
				<total>44</total>
				<timestamp>4421.355084</timestamp>
			</report>
			<report>
				<misses>13018001</misses>
				<total>44</total>
				<timestamp>4421.694867</timestamp>
			</report>
			<report>
				<misses>13019001</misses>
				<total>44</total>
				<timestamp>4422.034522</timestamp>
			</report>
			<report>
				<misses>13020001</misses>
				<total>44</total>
				<timestamp>4422.374185</timestamp>
			</report>
			<report>
				<misses>13021001</misses>
				<total>44</total>
				<timestamp>4422.713845</timestamp>
			</report>
			<report>
				<misses>13022001</misses>
				<total>44</total>
				<timestamp>4423.053505</timestamp>
			</report>
			<report>
				<misses>13023001</misses>
				<total>44</total>
				<timestamp>4423.393164</timestamp>
			</report>
			<report>
				<misses>13024001</misses>
				<total>44</total>
				<timestamp>4423.732821</timestamp>
			</report>
			<report>
				<misses>13025001</misses>
				<total>43</total>
				<timestamp>4424.072481</timestamp>
			</report>
			<report>
				<misses>13026001</misses>
				<total>44</total>
				<timestamp>4424.412021</timestamp>
			</report>
			<report>
				<misses>13027001</misses>
				<total>44</total>
				<timestamp>4424.751673</timestamp>
			</report>
			<report>
				<misses>13028001</misses>
				<total>43</total>
				<timestamp>4425.091461</timestamp>
			</report>
			<report>
				<misses>13029001</misses>
				<total>44</total>
				<timestamp>4425.431124</timestamp>
			</report>
			<report>
				<misses>13030001</misses>
				<total>44</total>
				<timestamp>4425.770655</timestamp>
			</report>
			<report>
				<misses>13031001</misses>
				<total>43</total>
				<timestamp>4426.110444</timestamp>
			</report>
			<report>
				<misses>13032001</misses>
				<total>44</total>
				<timestamp>4426.450105</timestamp>
			</report>
			<report>
				<misses>13033001</misses>
				<total>44</total>
				<timestamp>4426.789764</timestamp>
			</report>
			<report>
				<misses>13034001</misses>
				<total>43</total>
				<timestamp>4427.129428</timestamp>
			</report>
			<report>
				<misses>13035001</misses>
				<total>44</total>
				<timestamp>4427.469088</timestamp>
			</report>
			<report>
				<misses>13036001</misses>
				<total>44</total>
				<timestamp>4427.808618</timestamp>
			</report>
			<report>
				<misses>13037001</misses>
				<total>44</total>
				<timestamp>4428.148404</timestamp>
			</report>
			<report>
				<misses>13038001</misses>
				<total>44</total>
				<timestamp>4428.488063</timestamp>
			</report>
			<report>
				<misses>13039001</misses>
				<total>44</total>
				<timestamp>4428.827720</timestamp>
			</report>
			<report>
				<misses>13040001</misses>
				<total>43</total>
				<timestamp>4429.167412</timestamp>
			</report>
			<report>
				<misses>13041001</misses>
				<total>44</total>
				<timestamp>4429.507044</timestamp>
			</report>
			<report>
				<misses>13042001</misses>
				<total>44</total>
				<timestamp>4429.846705</timestamp>
			</report>
			<report>
				<misses>13043001</misses>
				<total>43</total>
				<timestamp>4430.186396</timestamp>
			</report>
			<report>
				<misses>13044001</misses>
				<total>44</total>
				<timestamp>4430.525911</timestamp>
			</report>
			<report>
				<misses>13045001</misses>
				<total>44</total>
				<timestamp>4430.865686</timestamp>
			</report>
			<report>
				<misses>13046001</misses>
				<total>44</total>
				<timestamp>4431.205340</timestamp>
			</report>
			<report>
				<misses>13047001</misses>
				<total>44</total>
				<timestamp>4431.544883</timestamp>
			</report>
			<report>
				<misses>13048001</misses>
				<total>44</total>
				<timestamp>4431.884669</timestamp>
			</report>
			<report>
				<misses>13049001</misses>
				<total>44</total>
				<timestamp>4432.224332</timestamp>
			</report>
			<report>
				<misses>13050001</misses>
				<total>44</total>
				<timestamp>4432.563856</timestamp>
			</report>
			<report>
				<misses>13051001</misses>
				<total>44</total>
				<timestamp>4432.903522</timestamp>
			</report>
			<report>
				<misses>13052001</misses>
				<total>44</total>
				<timestamp>4433.243301</timestamp>
			</report>
			<report>
				<misses>13053001</misses>
				<total>44</total>
				<timestamp>4433.582961</timestamp>
			</report>
			<report>
				<misses>13054001</misses>
				<total>44</total>
				<timestamp>4433.922621</timestamp>
			</report>
			<report>
				<misses>13055001</misses>
				<total>43</total>
				<timestamp>4434.262284</timestamp>
			</report>
			<report>
				<misses>13056001</misses>
				<total>44</total>
				<timestamp>4434.601825</timestamp>
			</report>
			<report>
				<misses>13057001</misses>
				<total>44</total>
				<timestamp>4434.941603</timestamp>
			</report>
			<report>
				<misses>13058001</misses>
				<total>44</total>
				<timestamp>4435.281267</timestamp>
			</report>
			<report>
				<misses>13059001</misses>
				<total>44</total>
				<timestamp>4435.620924</timestamp>
			</report>
			<report>
				<misses>13060001</misses>
				<total>44</total>
				<timestamp>4435.960591</timestamp>
			</report>
			<report>
				<misses>13061001</misses>
				<total>44</total>
				<timestamp>4436.300247</timestamp>
			</report>
			<report>
				<misses>13062001</misses>
				<total>44</total>
				<timestamp>4436.639780</timestamp>
			</report>
			<report>
				<misses>13063001</misses>
				<total>44</total>
				<timestamp>4436.979571</timestamp>
			</report>
			<report>
				<misses>13064001</misses>
				<total>44</total>
				<timestamp>4437.319226</timestamp>
			</report>
			<report>
				<misses>13065001</misses>
				<total>44</total>
				<timestamp>4437.658762</timestamp>
			</report>
			<report>
				<misses>13066001</misses>
				<total>44</total>
				<timestamp>4437.998545</timestamp>
			</report>
			<report>
				<misses>13067001</misses>
				<total>44</total>
				<timestamp>4438.338208</timestamp>
			</report>
			<report>
				<misses>13068001</misses>
				<total>44</total>
				<timestamp>4438.677738</timestamp>
			</report>
			<report>
				<misses>13069001</misses>
				<total>44</total>
				<timestamp>4439.017522</timestamp>
			</report>
			<report>
				<misses>13070001</misses>
				<total>44</total>
				<timestamp>4439.357060</timestamp>
			</report>
			<report>
				<misses>13071001</misses>
				<total>44</total>
				<timestamp>4439.696719</timestamp>
			</report>
			<report>
				<misses>13072001</misses>
				<total>43</total>
				<timestamp>4440.036499</timestamp>
			</report>
			<report>
				<misses>13073001</misses>
				<total>44</total>
				<timestamp>4440.376170</timestamp>
			</report>
			<report>
				<misses>13074001</misses>
				<total>44</total>
				<timestamp>4440.715819</timestamp>
			</report>
			<report>
				<misses>13075001</misses>
				<total>44</total>
				<timestamp>4441.055485</timestamp>
			</report>
			<report>
				<misses>13076001</misses>
				<total>44</total>
				<timestamp>4441.395019</timestamp>
			</report>
			<report>
				<misses>13077001</misses>
				<total>44</total>
				<timestamp>4441.734693</timestamp>
			</report>
			<report>
				<misses>13078001</misses>
				<total>43</total>
				<timestamp>4442.074473</timestamp>
			</report>
			<report>
				<misses>13079001</misses>
				<total>44</total>
				<timestamp>4442.413995</timestamp>
			</report>
			<report>
				<misses>13080001</misses>
				<total>44</total>
				<timestamp>4442.753785</timestamp>
			</report>
			<report>
				<misses>13081001</misses>
				<total>43</total>
				<timestamp>4443.093439</timestamp>
			</report>
			<report>
				<misses>13082001</misses>
				<total>45</total>
				<timestamp>4443.432982</timestamp>
			</report>
			<report>
				<misses>13083001</misses>
				<total>45</total>
				<timestamp>4443.772639</timestamp>
			</report>
			<report>
				<misses>13084001</misses>
				<total>45</total>
				<timestamp>4444.112432</timestamp>
			</report>
			<report>
				<misses>13085001</misses>
				<total>45</total>
				<timestamp>4444.452085</timestamp>
			</report>
			<report>
				<misses>13086001</misses>
				<total>45</total>
				<timestamp>4444.791618</timestamp>
			</report>
			<report>
				<misses>13087001</misses>
				<total>45</total>
				<timestamp>4445.131404</timestamp>
			</report>
			<report>
				<misses>13088001</misses>
				<total>45</total>
				<timestamp>4445.470939</timestamp>
			</report>
			<report>
				<misses>13089001</misses>
				<total>45</total>
				<timestamp>4445.810723</timestamp>
			</report>
			<report>
				<misses>13090001</misses>
				<total>45</total>
				<timestamp>4446.150386</timestamp>
			</report>
			<report>
				<misses>13091001</misses>
				<total>45</total>
				<timestamp>4446.490044</timestamp>
			</report>
			<report>
				<misses>13092001</misses>
				<total>45</total>
				<timestamp>4446.829579</timestamp>
			</report>
			<report>
				<misses>13093001</misses>
				<total>45</total>
				<timestamp>4447.169364</timestamp>
			</report>
			<report>
				<misses>13094001</misses>
				<total>45</total>
				<timestamp>4447.508903</timestamp>
			</report>
			<report>
				<misses>13095001</misses>
				<total>45</total>
				<timestamp>4447.848556</timestamp>
			</report>
			<report>
				<misses>13096001</misses>
				<total>45</total>
				<timestamp>4448.188346</timestamp>
			</report>
			<report>
				<misses>13097001</misses>
				<total>45</total>
				<timestamp>4448.527875</timestamp>
			</report>
			<report>
				<misses>13098001</misses>
				<total>45</total>
				<timestamp>4448.867665</timestamp>
			</report>
			<report>
				<misses>13099001</misses>
				<total>44</total>
				<timestamp>4449.207324</timestamp>
			</report>
			<report>
				<misses>13100001</misses>
				<total>45</total>
				<timestamp>4449.546989</timestamp>
			</report>
			<report>
				<misses>13101001</misses>
				<total>45</total>
				<timestamp>4449.886519</timestamp>
			</report>
			<report>
				<misses>13102001</misses>
				<total>44</total>
				<timestamp>4450.226306</timestamp>
			</report>
			<report>
				<misses>13103001</misses>
				<total>45</total>
				<timestamp>4450.565847</timestamp>
			</report>
			<report>
				<misses>13104001</misses>
				<total>45</total>
				<timestamp>4450.905497</timestamp>
			</report>
			<report>
				<misses>13105001</misses>
				<total>45</total>
				<timestamp>4451.245283</timestamp>
			</report>
			<report>
				<misses>13106001</misses>
				<total>45</total>
				<timestamp>4451.584822</timestamp>
			</report>
			<report>
				<misses>13107001</misses>
				<total>45</total>
				<timestamp>4451.924476</timestamp>
			</report>
			<report>
				<misses>13108001</misses>
				<total>44</total>
				<timestamp>4452.264262</timestamp>
			</report>
			<report>
				<misses>13109001</misses>
				<total>45</total>
				<timestamp>4452.603805</timestamp>
			</report>
			<report>
				<misses>13110001</misses>
				<total>45</total>
				<timestamp>4452.943466</timestamp>
			</report>
			<report>
				<misses>13111001</misses>
				<total>45</total>
				<timestamp>4453.283243</timestamp>
			</report>
			<report>
				<misses>13112001</misses>
				<total>45</total>
				<timestamp>4453.622779</timestamp>
			</report>
			<report>
				<misses>13113001</misses>
				<total>45</total>
				<timestamp>4453.962563</timestamp>
			</report>
			<report>
				<misses>13114001</misses>
				<total>45</total>
				<timestamp>4454.302219</timestamp>
			</report>
			<report>
				<misses>13115001</misses>
				<total>45</total>
				<timestamp>4454.641763</timestamp>
			</report>
			<report>
				<misses>13116001</misses>
				<total>45</total>
				<timestamp>4454.981543</timestamp>
			</report>
			<report>
				<misses>13117001</misses>
				<total>45</total>
				<timestamp>4455.321086</timestamp>
			</report>
			<report>
				<misses>13118001</misses>
				<total>45</total>
				<timestamp>4455.660760</timestamp>
			</report>
			<report>
				<misses>13119001</misses>
				<total>45</total>
				<timestamp>4456.000524</timestamp>
			</report>
			<report>
				<misses>13120001</misses>
				<total>45</total>
				<timestamp>4456.340190</timestamp>
			</report>
			<report>
				<misses>13121001</misses>
				<total>45</total>
				<timestamp>4456.679721</timestamp>
			</report>
			<report>
				<misses>13122001</misses>
				<total>45</total>
				<timestamp>4457.019502</timestamp>
			</report>
			<report>
				<misses>13123001</misses>
				<total>44</total>
				<timestamp>4457.359170</timestamp>
			</report>
			<report>
				<misses>13124001</misses>
				<total>45</total>
				<timestamp>4457.698825</timestamp>
			</report>
			<report>
				<misses>13125001</misses>
				<total>45</total>
				<timestamp>4458.038483</timestamp>
			</report>
			<report>
				<misses>13126001</misses>
				<total>44</total>
				<timestamp>4458.378180</timestamp>
			</report>
			<report>
				<misses>13127001</misses>
				<total>45</total>
				<timestamp>4458.717817</timestamp>
			</report>
			<report>
				<misses>13128001</misses>
				<total>45</total>
				<timestamp>4459.057338</timestamp>
			</report>
			<report>
				<misses>13129001</misses>
				<total>45</total>
				<timestamp>4459.397128</timestamp>
			</report>
			<report>
				<misses>13130001</misses>
				<total>45</total>
				<timestamp>4459.736786</timestamp>
			</report>
			<report>
				<misses>13131001</misses>
				<total>45</total>
				<timestamp>4460.076447</timestamp>
			</report>
			<report>
				<misses>13132001</misses>
				<total>44</total>
				<timestamp>4460.416106</timestamp>
			</report>
			<report>
				<misses>13133001</misses>
				<total>45</total>
				<timestamp>4460.755767</timestamp>
			</report>
			<report>
				<misses>13134001</misses>
				<total>45</total>
				<timestamp>4461.095427</timestamp>
			</report>
			<report>
				<misses>13135001</misses>
				<total>44</total>
				<timestamp>4461.435101</timestamp>
			</report>
			<report>
				<misses>13136001</misses>
				<total>45</total>
				<timestamp>4461.774746</timestamp>
			</report>
			<report>
				<misses>13137001</misses>
				<total>45</total>
				<timestamp>4462.114404</timestamp>
			</report>
			<report>
				<misses>13138001</misses>
				<total>45</total>
				<timestamp>4462.454061</timestamp>
			</report>
			<report>
				<misses>13139001</misses>
				<total>45</total>
				<timestamp>4462.793598</timestamp>
			</report>
			<report>
				<misses>13140001</misses>
				<total>45</total>
				<timestamp>4463.133401</timestamp>
			</report>
			<report>
				<misses>13141001</misses>
				<total>45</total>
				<timestamp>4463.473045</timestamp>
			</report>
			<report>
				<misses>13142001</misses>
				<total>45</total>
				<timestamp>4463.812577</timestamp>
			</report>
			<report>
				<misses>13143001</misses>
				<total>45</total>
				<timestamp>4464.152370</timestamp>
			</report>
			<report>
				<misses>13144001</misses>
				<total>45</total>
				<timestamp>4464.491899</timestamp>
			</report>
			<report>
				<misses>13145001</misses>
				<total>45</total>
				<timestamp>4464.831566</timestamp>
			</report>
			<report>
				<misses>13146001</misses>
				<total>44</total>
				<timestamp>4465.171345</timestamp>
			</report>
			<report>
				<misses>13147001</misses>
				<total>45</total>
				<timestamp>4465.510883</timestamp>
			</report>
			<report>
				<misses>13148001</misses>
				<total>45</total>
				<timestamp>4465.850534</timestamp>
			</report>
			<report>
				<misses>13149001</misses>
				<total>44</total>
				<timestamp>4466.190320</timestamp>
			</report>
			<report>
				<misses>13150001</misses>
				<total>45</total>
				<timestamp>4466.529855</timestamp>
			</report>
			<report>
				<misses>13151001</misses>
				<total>45</total>
				<timestamp>4466.869639</timestamp>
			</report>
			<report>
				<misses>13152001</misses>
				<total>44</total>
				<timestamp>4467.209299</timestamp>
			</report>
			<report>
				<misses>13153001</misses>
				<total>45</total>
				<timestamp>4467.548837</timestamp>
			</report>
			<report>
				<misses>13154001</misses>
				<total>45</total>
				<timestamp>4467.888619</timestamp>
			</report>
			<report>
				<misses>13155001</misses>
				<total>44</total>
				<timestamp>4468.228289</timestamp>
			</report>
			<report>
				<misses>13156001</misses>
				<total>45</total>
				<timestamp>4468.567944</timestamp>
			</report>
			<report>
				<misses>13157001</misses>
				<total>45</total>
				<timestamp>4468.907602</timestamp>
			</report>
			<report>
				<misses>13158001</misses>
				<total>45</total>
				<timestamp>4469.247270</timestamp>
			</report>
			<report>
				<misses>13159001</misses>
				<total>45</total>
				<timestamp>4469.586927</timestamp>
			</report>
			<report>
				<misses>13160001</misses>
				<total>45</total>
				<timestamp>4469.926456</timestamp>
			</report>
			<report>
				<misses>13161001</misses>
				<total>45</total>
				<timestamp>4470.266145</timestamp>
			</report>
			<report>
				<misses>13162001</misses>
				<total>45</total>
				<timestamp>4470.605783</timestamp>
			</report>
			<report>
				<misses>13163001</misses>
				<total>45</total>
				<timestamp>4470.945567</timestamp>
			</report>
			<report>
				<misses>13164001</misses>
				<total>45</total>
				<timestamp>4471.285225</timestamp>
			</report>
			<report>
				<misses>13165001</misses>
				<total>45</total>
				<timestamp>4471.624757</timestamp>
			</report>
			<report>
				<misses>13166001</misses>
				<total>45</total>
				<timestamp>4471.964421</timestamp>
			</report>
			<report>
				<misses>13167001</misses>
				<total>45</total>
				<timestamp>4472.304209</timestamp>
			</report>
			<report>
				<misses>13168001</misses>
				<total>45</total>
				<timestamp>4472.643736</timestamp>
			</report>
			<report>
				<misses>13169001</misses>
				<total>45</total>
				<timestamp>4472.983522</timestamp>
			</report>
			<report>
				<misses>13170001</misses>
				<total>45</total>
				<timestamp>4473.323197</timestamp>
			</report>
			<report>
				<misses>13171001</misses>
				<total>45</total>
				<timestamp>4473.662719</timestamp>
			</report>
			<report>
				<misses>13172001</misses>
				<total>45</total>
				<timestamp>4474.002512</timestamp>
			</report>
			<report>
				<misses>13173001</misses>
				<total>44</total>
				<timestamp>4474.342163</timestamp>
			</report>
			<report>
				<misses>13174001</misses>
				<total>45</total>
				<timestamp>4474.681702</timestamp>
			</report>
			<report>
				<misses>13175001</misses>
				<total>45</total>
				<timestamp>4475.021483</timestamp>
			</report>
			<report>
				<misses>13176001</misses>
				<total>44</total>
				<timestamp>4475.361147</timestamp>
			</report>
			<report>
				<misses>13177001</misses>
				<total>45</total>
				<timestamp>4475.700802</timestamp>
			</report>
			<report>
				<misses>13178001</misses>
				<total>45</total>
				<timestamp>4476.040465</timestamp>
			</report>
			<report>
				<misses>13179001</misses>
				<total>45</total>
				<timestamp>4476.380004</timestamp>
			</report>
			<report>
				<misses>13180001</misses>
				<total>45</total>
				<timestamp>4476.719787</timestamp>
			</report>
			<report>
				<misses>13181001</misses>
				<total>45</total>
				<timestamp>4477.059443</timestamp>
			</report>
			<report>
				<misses>13182001</misses>
				<total>45</total>
				<timestamp>4477.399109</timestamp>
			</report>
			<report>
				<misses>13183001</misses>
				<total>45</total>
				<timestamp>4477.738647</timestamp>
			</report>
			<report>
				<misses>13184001</misses>
				<total>45</total>
				<timestamp>4478.078427</timestamp>
			</report>
			<report>
				<misses>13185001</misses>
				<total>45</total>
				<timestamp>4478.418086</timestamp>
			</report>
			<report>
				<misses>13186001</misses>
				<total>45</total>
				<timestamp>4478.757746</timestamp>
			</report>
			<report>
				<misses>13187001</misses>
				<total>45</total>
				<timestamp>4479.097419</timestamp>
			</report>
			<report>
				<misses>13188001</misses>
				<total>45</total>
				<timestamp>4479.436940</timestamp>
			</report>
			<report>
				<misses>13189001</misses>
				<total>45</total>
				<timestamp>4479.776601</timestamp>
			</report>
			<report>
				<misses>13190001</misses>
				<total>45</total>
				<timestamp>4480.116384</timestamp>
			</report>
			<report>
				<misses>13191001</misses>
				<total>45</total>
				<timestamp>4480.456048</timestamp>
			</report>
			<report>
				<misses>13192001</misses>
				<total>45</total>
				<timestamp>4480.795584</timestamp>
			</report>
			<report>
				<misses>13193001</misses>
				<total>45</total>
				<timestamp>4481.135366</timestamp>
			</report>
			<report>
				<misses>13194001</misses>
				<total>44</total>
				<timestamp>4481.475026</timestamp>
			</report>
			<report>
				<misses>13195001</misses>
				<total>45</total>
				<timestamp>4481.814686</timestamp>
			</report>
			<report>
				<misses>13196001</misses>
				<total>45</total>
				<timestamp>4482.154345</timestamp>
			</report>
			<report>
				<misses>13197001</misses>
				<total>44</total>
				<timestamp>4482.494006</timestamp>
			</report>
			<report>
				<misses>13198001</misses>
				<total>45</total>
				<timestamp>4482.833663</timestamp>
			</report>
			<report>
				<misses>13199001</misses>
				<total>45</total>
				<timestamp>4483.173200</timestamp>
			</report>
			<report>
				<misses>13200001</misses>
				<total>44</total>
				<timestamp>4483.512997</timestamp>
			</report>
			<report>
				<misses>13201001</misses>
				<total>45</total>
				<timestamp>4483.852523</timestamp>
			</report>
			<report>
				<misses>13202001</misses>
				<total>45</total>
				<timestamp>4484.192184</timestamp>
			</report>
			<report>
				<misses>13203001</misses>
				<total>44</total>
				<timestamp>4484.531970</timestamp>
			</report>
			<report>
				<misses>13204001</misses>
				<total>45</total>
				<timestamp>4484.871632</timestamp>
			</report>
			<report>
				<misses>13205001</misses>
				<total>45</total>
				<timestamp>4485.211283</timestamp>
			</report>
			<report>
				<misses>13206001</misses>
				<total>44</total>
				<timestamp>4485.550945</timestamp>
			</report>
			<report>
				<misses>13207001</misses>
				<total>45</total>
				<timestamp>4485.890603</timestamp>
			</report>
			<report>
				<misses>13208001</misses>
				<total>45</total>
				<timestamp>4486.230271</timestamp>
			</report>
			<report>
				<misses>13209001</misses>
				<total>45</total>
				<timestamp>4486.569930</timestamp>
			</report>
			<report>
				<misses>13210001</misses>
				<total>45</total>
				<timestamp>4486.909586</timestamp>
			</report>
			<report>
				<misses>13211001</misses>
				<total>44</total>
				<timestamp>4487.249241</timestamp>
			</report>
			<report>
				<misses>13212001</misses>
				<total>45</total>
				<timestamp>4487.588781</timestamp>
			</report>
			<report>
				<misses>13213001</misses>
				<total>45</total>
				<timestamp>4487.928446</timestamp>
			</report>
			<report>
				<misses>13214001</misses>
				<total>45</total>
				<timestamp>4488.268223</timestamp>
			</report>
			<report>
				<misses>13215001</misses>
				<total>45</total>
				<timestamp>4488.607885</timestamp>
			</report>
			<report>
				<misses>13216001</misses>
				<total>45</total>
				<timestamp>4488.947423</timestamp>
			</report>
			<report>
				<misses>13217001</misses>
				<total>45</total>
				<timestamp>4489.287209</timestamp>
			</report>
			<report>
				<misses>13218001</misses>
				<total>45</total>
				<timestamp>4489.626864</timestamp>
			</report>
			<report>
				<misses>13219001</misses>
				<total>45</total>
				<timestamp>4489.966397</timestamp>
			</report>
			<report>
				<misses>13220001</misses>
				<total>45</total>
				<timestamp>4490.306189</timestamp>
			</report>
			<report>
				<misses>13221001</misses>
				<total>45</total>
				<timestamp>4490.645843</timestamp>
			</report>
			<report>
				<misses>13222001</misses>
				<total>45</total>
				<timestamp>4490.985382</timestamp>
			</report>
			<report>
				<misses>13223001</misses>
				<total>44</total>
				<timestamp>4491.325167</timestamp>
			</report>
			<report>
				<misses>13224001</misses>
				<total>45</total>
				<timestamp>4491.664826</timestamp>
			</report>
			<report>
				<misses>13225001</misses>
				<total>45</total>
				<timestamp>4492.004359</timestamp>
			</report>
			<report>
				<misses>13226001</misses>
				<total>45</total>
				<timestamp>4492.344155</timestamp>
			</report>
			<report>
				<misses>13227001</misses>
				<total>45</total>
				<timestamp>4492.683676</timestamp>
			</report>
			<report>
				<misses>13228001</misses>
				<total>45</total>
				<timestamp>4493.023469</timestamp>
			</report>
			<report>
				<misses>13229001</misses>
				<total>45</total>
				<timestamp>4493.363129</timestamp>
			</report>
			<report>
				<misses>13230001</misses>
				<total>45</total>
				<timestamp>4493.702787</timestamp>
			</report>
			<report>
				<misses>13231001</misses>
				<total>45</total>
				<timestamp>4494.042334</timestamp>
			</report>
			<report>
				<misses>13232001</misses>
				<total>45</total>
				<timestamp>4494.382104</timestamp>
			</report>
			<report>
				<misses>13233001</misses>
				<total>45</total>
				<timestamp>4494.721637</timestamp>
			</report>
			<report>
				<misses>13234001</misses>
				<total>45</total>
				<timestamp>4495.061424</timestamp>
			</report>
			<report>
				<misses>13235001</misses>
				<total>45</total>
				<timestamp>4495.401103</timestamp>
			</report>
			<report>
				<misses>13236001</misses>
				<total>45</total>
				<timestamp>4495.740749</timestamp>
			</report>
			<report>
				<misses>13237001</misses>
				<total>45</total>
				<timestamp>4496.080407</timestamp>
			</report>
			<report>
				<misses>13238001</misses>
				<total>45</total>
				<timestamp>4496.420065</timestamp>
			</report>
			<report>
				<misses>13239001</misses>
				<total>45</total>
				<timestamp>4496.759607</timestamp>
			</report>
			<report>
				<misses>13240001</misses>
				<total>45</total>
				<timestamp>4497.099387</timestamp>
			</report>
			<report>
				<misses>13241001</misses>
				<total>45</total>
				<timestamp>4497.439044</timestamp>
			</report>
			<report>
				<misses>13242001</misses>
				<total>45</total>
				<timestamp>4497.778582</timestamp>
			</report>
			<report>
				<misses>13243001</misses>
				<total>45</total>
				<timestamp>4498.118242</timestamp>
			</report>
			<report>
				<misses>13244001</misses>
				<total>44</total>
				<timestamp>4498.458029</timestamp>
			</report>
			<report>
				<misses>13245001</misses>
				<total>45</total>
				<timestamp>4498.797559</timestamp>
			</report>
			<report>
				<misses>13246001</misses>
				<total>45</total>
				<timestamp>4499.137347</timestamp>
			</report>
			<report>
				<misses>13247001</misses>
				<total>45</total>
				<timestamp>4499.477005</timestamp>
			</report>
			<report>
				<misses>13248001</misses>
				<total>45</total>
				<timestamp>4499.816541</timestamp>
			</report>
			<report>
				<misses>13249001</misses>
				<total>45</total>
				<timestamp>4500.156331</timestamp>
			</report>
			<report>
				<misses>13250001</misses>
				<total>45</total>
				<timestamp>4500.495861</timestamp>
			</report>
			<report>
				<misses>13251001</misses>
				<total>45</total>
				<timestamp>4500.835524</timestamp>
			</report>
			<report>
				<misses>13252001</misses>
				<total>45</total>
				<timestamp>4501.175302</timestamp>
			</report>
			<report>
				<misses>13253001</misses>
				<total>45</total>
				<timestamp>4501.514845</timestamp>
			</report>
			<report>
				<misses>13254001</misses>
				<total>45</total>
				<timestamp>4501.854500</timestamp>
			</report>
			<report>
				<misses>13255001</misses>
				<total>45</total>
				<timestamp>4502.194283</timestamp>
			</report>
			<report>
				<misses>13256001</misses>
				<total>44</total>
				<timestamp>4502.533960</timestamp>
			</report>
			<report>
				<misses>13257001</misses>
				<total>45</total>
				<timestamp>4502.873477</timestamp>
			</report>
			<report>
				<misses>13258001</misses>
				<total>45</total>
				<timestamp>4503.213143</timestamp>
			</report>
			<report>
				<misses>13259001</misses>
				<total>45</total>
				<timestamp>4503.552796</timestamp>
			</report>
			<report>
				<misses>13260001</misses>
				<total>45</total>
				<timestamp>4503.892586</timestamp>
			</report>
			<report>
				<misses>13261001</misses>
				<total>45</total>
				<timestamp>4504.232246</timestamp>
			</report>
			<report>
				<misses>13262001</misses>
				<total>45</total>
				<timestamp>4504.571911</timestamp>
			</report>
			<report>
				<misses>13263001</misses>
				<total>45</total>
				<timestamp>4504.911445</timestamp>
			</report>
			<report>
				<misses>13264001</misses>
				<total>45</total>
				<timestamp>4505.251228</timestamp>
			</report>
			<report>
				<misses>13265001</misses>
				<total>45</total>
				<timestamp>4505.590879</timestamp>
			</report>
			<report>
				<misses>13266001</misses>
				<total>45</total>
				<timestamp>4505.930544</timestamp>
			</report>
			<report>
				<misses>13267001</misses>
				<total>45</total>
				<timestamp>4506.270205</timestamp>
			</report>
			<report>
				<misses>13268001</misses>
				<total>45</total>
				<timestamp>4506.609861</timestamp>
			</report>
			<report>
				<misses>13269001</misses>
				<total>45</total>
				<timestamp>4506.949527</timestamp>
			</report>
			<report>
				<misses>13270001</misses>
				<total>45</total>
				<timestamp>4507.289182</timestamp>
			</report>
			<report>
				<misses>13271001</misses>
				<total>44</total>
				<timestamp>4507.628840</timestamp>
			</report>
			<report>
				<misses>13272001</misses>
				<total>45</total>
				<timestamp>4507.968377</timestamp>
			</report>
			<report>
				<misses>13273001</misses>
				<total>45</total>
				<timestamp>4508.308166</timestamp>
			</report>
			<report>
				<misses>13274001</misses>
				<total>45</total>
				<timestamp>4508.647820</timestamp>
			</report>
			<report>
				<misses>13275001</misses>
				<total>45</total>
				<timestamp>4508.987485</timestamp>
			</report>
			<report>
				<misses>13276001</misses>
				<total>45</total>
				<timestamp>4509.327145</timestamp>
			</report>
			<report>
				<misses>13277001</misses>
				<total>44</total>
				<timestamp>4509.666806</timestamp>
			</report>
			<report>
				<misses>13278001</misses>
				<total>45</total>
				<timestamp>4510.006341</timestamp>
			</report>
			<report>
				<misses>13279001</misses>
				<total>45</total>
				<timestamp>4510.346125</timestamp>
			</report>
			<report>
				<misses>13280001</misses>
				<total>45</total>
				<timestamp>4510.685786</timestamp>
			</report>
			<report>
				<misses>13281001</misses>
				<total>45</total>
				<timestamp>4511.025317</timestamp>
			</report>
			<report>
				<misses>13282001</misses>
				<total>45</total>
				<timestamp>4511.365105</timestamp>
			</report>
			<report>
				<misses>13283001</misses>
				<total>44</total>
				<timestamp>4511.704767</timestamp>
			</report>
			<report>
				<misses>13284001</misses>
				<total>45</total>
				<timestamp>4512.044299</timestamp>
			</report>
			<report>
				<misses>13285001</misses>
				<total>45</total>
				<timestamp>4512.384079</timestamp>
			</report>
			<report>
				<misses>13286001</misses>
				<total>45</total>
				<timestamp>4512.723740</timestamp>
			</report>
			<report>
				<misses>13287001</misses>
				<total>45</total>
				<timestamp>4513.063404</timestamp>
			</report>
			<report>
				<misses>13288001</misses>
				<total>44</total>
				<timestamp>4513.403068</timestamp>
			</report>
			<report>
				<misses>13289001</misses>
				<total>45</total>
				<timestamp>4513.742597</timestamp>
			</report>
			<report>
				<misses>13290001</misses>
				<total>45</total>
				<timestamp>4514.082389</timestamp>
			</report>
			<report>
				<misses>13291001</misses>
				<total>45</total>
				<timestamp>4514.422043</timestamp>
			</report>
			<report>
				<misses>13292001</misses>
				<total>44</total>
				<timestamp>4514.761730</timestamp>
			</report>
			<report>
				<misses>13293001</misses>
				<total>45</total>
				<timestamp>4515.101364</timestamp>
			</report>
			<report>
				<misses>13294001</misses>
				<total>45</total>
				<timestamp>4515.441028</timestamp>
			</report>
			<report>
				<misses>13295001</misses>
				<total>45</total>
				<timestamp>4515.780569</timestamp>
			</report>
			<report>
				<misses>13296001</misses>
				<total>45</total>
				<timestamp>4516.120223</timestamp>
			</report>
			<report>
				<misses>13297001</misses>
				<total>44</total>
				<timestamp>4516.460010</timestamp>
			</report>
			<report>
				<misses>13298001</misses>
				<total>45</total>
				<timestamp>4516.799539</timestamp>
			</report>
			<report>
				<misses>13299001</misses>
				<total>45</total>
				<timestamp>4517.139204</timestamp>
			</report>
			<report>
				<misses>13300001</misses>
				<total>45</total>
				<timestamp>4517.478855</timestamp>
			</report>
			<report>
				<misses>13301001</misses>
				<total>45</total>
				<timestamp>4517.818517</timestamp>
			</report>
			<report>
				<misses>13302001</misses>
				<total>45</total>
				<timestamp>4518.158190</timestamp>
			</report>
			<report>
				<misses>13303001</misses>
				<total>45</total>
				<timestamp>4518.497963</timestamp>
			</report>
			<report>
				<misses>13304001</misses>
				<total>45</total>
				<timestamp>4518.837620</timestamp>
			</report>
			<report>
				<misses>13305001</misses>
				<total>45</total>
				<timestamp>4519.177286</timestamp>
			</report>
			<report>
				<misses>13306001</misses>
				<total>45</total>
				<timestamp>4519.516952</timestamp>
			</report>
			<report>
				<misses>13307001</misses>
				<total>45</total>
				<timestamp>4519.856605</timestamp>
			</report>
			<report>
				<misses>13308001</misses>
				<total>45</total>
				<timestamp>4520.196143</timestamp>
			</report>
			<report>
				<misses>13309001</misses>
				<total>44</total>
				<timestamp>4520.535928</timestamp>
			</report>
			<report>
				<misses>13310001</misses>
				<total>45</total>
				<timestamp>4520.875466</timestamp>
			</report>
			<report>
				<misses>13311001</misses>
				<total>45</total>
				<timestamp>4521.215247</timestamp>
			</report>
			<report>
				<misses>13312001</misses>
				<total>44</total>
				<timestamp>4521.554904</timestamp>
			</report>
			<report>
				<misses>13313001</misses>
				<total>45</total>
				<timestamp>4521.894443</timestamp>
			</report>
			<report>
				<misses>13314001</misses>
				<total>45</total>
				<timestamp>4522.234225</timestamp>
			</report>
			<report>
				<misses>13315001</misses>
				<total>45</total>
				<timestamp>4522.573881</timestamp>
			</report>
			<report>
				<misses>13316001</misses>
				<total>45</total>
				<timestamp>4522.913553</timestamp>
			</report>
			<report>
				<misses>13317001</misses>
				<total>45</total>
				<timestamp>4523.253085</timestamp>
			</report>
			<report>
				<misses>13318001</misses>
				<total>44</total>
				<timestamp>4523.592871</timestamp>
			</report>
			<report>
				<misses>13319001</misses>
				<total>45</total>
				<timestamp>4523.932528</timestamp>
			</report>
			<report>
				<misses>13320001</misses>
				<total>44</total>
				<timestamp>4524.272192</timestamp>
			</report>
			<report>
				<misses>13321001</misses>
				<total>44</total>
				<timestamp>4524.611850</timestamp>
			</report>
			<report>
				<misses>13322001</misses>
				<total>45</total>
				<timestamp>4524.951507</timestamp>
			</report>
			<report>
				<misses>13323001</misses>
				<total>45</total>
				<timestamp>4525.291039</timestamp>
			</report>
			<report>
				<misses>13324001</misses>
				<total>45</total>
				<timestamp>4525.630819</timestamp>
			</report>
			<report>
				<misses>13325001</misses>
				<total>45</total>
				<timestamp>4525.970481</timestamp>
			</report>
			<report>
				<misses>13326001</misses>
				<total>45</total>
				<timestamp>4526.310144</timestamp>
			</report>
			<report>
				<misses>13327001</misses>
				<total>45</total>
				<timestamp>4526.649808</timestamp>
			</report>
			<report>
				<misses>13328001</misses>
				<total>45</total>
				<timestamp>4526.989462</timestamp>
			</report>
			<report>
				<misses>13329001</misses>
				<total>45</total>
				<timestamp>4527.328999</timestamp>
			</report>
			<report>
				<misses>13330001</misses>
				<total>45</total>
				<timestamp>4527.668781</timestamp>
			</report>
			<report>
				<misses>13331001</misses>
				<total>45</total>
				<timestamp>4528.008441</timestamp>
			</report>
			<report>
				<misses>13332001</misses>
				<total>45</total>
				<timestamp>4528.348105</timestamp>
			</report>
			<report>
				<misses>13333001</misses>
				<total>45</total>
				<timestamp>4528.687767</timestamp>
			</report>
			<report>
				<misses>13334001</misses>
				<total>45</total>
				<timestamp>4529.027426</timestamp>
			</report>
			<report>
				<misses>13335001</misses>
				<total>45</total>
				<timestamp>4529.367086</timestamp>
			</report>
			<report>
				<misses>13336001</misses>
				<total>45</total>
				<timestamp>4529.706744</timestamp>
			</report>
			<report>
				<misses>13337001</misses>
				<total>45</total>
				<timestamp>4530.046407</timestamp>
			</report>
			<report>
				<misses>13338001</misses>
				<total>45</total>
				<timestamp>4530.386064</timestamp>
			</report>
			<report>
				<misses>13339001</misses>
				<total>45</total>
				<timestamp>4530.725725</timestamp>
			</report>
			<report>
				<misses>13340001</misses>
				<total>45</total>
				<timestamp>4531.065387</timestamp>
			</report>
			<report>
				<misses>13341001</misses>
				<total>45</total>
				<timestamp>4531.404917</timestamp>
			</report>
			<report>
				<misses>13342001</misses>
				<total>45</total>
				<timestamp>4531.744705</timestamp>
			</report>
			<report>
				<misses>13343001</misses>
				<total>45</total>
				<timestamp>4532.084235</timestamp>
			</report>
			<report>
				<misses>13344001</misses>
				<total>45</total>
				<timestamp>4532.424025</timestamp>
			</report>
			<report>
				<misses>13345001</misses>
				<total>45</total>
				<timestamp>4532.763688</timestamp>
			</report>
			<report>
				<misses>13346001</misses>
				<total>45</total>
				<timestamp>4533.103222</timestamp>
			</report>
			<report>
				<misses>13347001</misses>
				<total>45</total>
				<timestamp>4533.442881</timestamp>
			</report>
			<report>
				<misses>13348001</misses>
				<total>45</total>
				<timestamp>4533.782663</timestamp>
			</report>
			<report>
				<misses>13349001</misses>
				<total>44</total>
				<timestamp>4534.122324</timestamp>
			</report>
			<report>
				<misses>13350001</misses>
				<total>45</total>
				<timestamp>4534.461982</timestamp>
			</report>
			<report>
				<misses>13351001</misses>
				<total>44</total>
				<timestamp>4534.801653</timestamp>
			</report>
			<report>
				<misses>13352001</misses>
				<total>45</total>
				<timestamp>4535.141182</timestamp>
			</report>
			<report>
				<misses>13353001</misses>
				<total>45</total>
				<timestamp>4535.480972</timestamp>
			</report>
			<report>
				<misses>13354001</misses>
				<total>44</total>
				<timestamp>4535.820625</timestamp>
			</report>
			<report>
				<misses>13355001</misses>
				<total>45</total>
				<timestamp>4536.160161</timestamp>
			</report>
			<report>
				<misses>13356001</misses>
				<total>45</total>
				<timestamp>4536.499948</timestamp>
			</report>
			<report>
				<misses>13357001</misses>
				<total>45</total>
				<timestamp>4536.839604</timestamp>
			</report>
			<report>
				<misses>13358001</misses>
				<total>45</total>
				<timestamp>4537.179265</timestamp>
			</report>
			<report>
				<misses>13359001</misses>
				<total>45</total>
				<timestamp>4537.518807</timestamp>
			</report>
			<report>
				<misses>13360001</misses>
				<total>45</total>
				<timestamp>4537.858593</timestamp>
			</report>
			<report>
				<misses>13361001</misses>
				<total>45</total>
				<timestamp>4538.198241</timestamp>
			</report>
			<report>
				<misses>13362001</misses>
				<total>45</total>
				<timestamp>4538.537909</timestamp>
			</report>
			<report>
				<misses>13363001</misses>
				<total>45</total>
				<timestamp>4538.877566</timestamp>
			</report>
			<report>
				<misses>13364001</misses>
				<total>45</total>
				<timestamp>4539.217105</timestamp>
			</report>
			<report>
				<misses>13365001</misses>
				<total>44</total>
				<timestamp>4539.556888</timestamp>
			</report>
			<report>
				<misses>13366001</misses>
				<total>45</total>
				<timestamp>4539.896426</timestamp>
			</report>
			<report>
				<misses>13367001</misses>
				<total>45</total>
				<timestamp>4540.236083</timestamp>
			</report>
			<report>
				<misses>13368001</misses>
				<total>44</total>
				<timestamp>4540.575867</timestamp>
			</report>
			<report>
				<misses>13369001</misses>
				<total>45</total>
				<timestamp>4540.915530</timestamp>
			</report>
			<report>
				<misses>13370001</misses>
				<total>45</total>
				<timestamp>4541.255183</timestamp>
			</report>
			<report>
				<misses>13371001</misses>
				<total>44</total>
				<timestamp>4541.594840</timestamp>
			</report>
			<report>
				<misses>13372001</misses>
				<total>45</total>
				<timestamp>4541.934385</timestamp>
			</report>
			<report>
				<misses>13373001</misses>
				<total>45</total>
				<timestamp>4542.274041</timestamp>
			</report>
			<report>
				<misses>13374001</misses>
				<total>44</total>
				<timestamp>4542.613857</timestamp>
			</report>
			<report>
				<misses>13375001</misses>
				<total>45</total>
				<timestamp>4542.953490</timestamp>
			</report>
			<report>
				<misses>13376001</misses>
				<total>45</total>
				<timestamp>4543.293051</timestamp>
			</report>
			<report>
				<misses>13377001</misses>
				<total>45</total>
				<timestamp>4543.632803</timestamp>
			</report>
			<report>
				<misses>13378001</misses>
				<total>45</total>
				<timestamp>4543.972341</timestamp>
			</report>
			<report>
				<misses>13379001</misses>
				<total>45</total>
				<timestamp>4544.311998</timestamp>
			</report>
			<report>
				<misses>13380001</misses>
				<total>45</total>
				<timestamp>4544.651786</timestamp>
			</report>
			<report>
				<misses>13381001</misses>
				<total>45</total>
				<timestamp>4544.991323</timestamp>
			</report>
			<report>
				<misses>13382001</misses>
				<total>45</total>
				<timestamp>4545.330984</timestamp>
			</report>
			<report>
				<misses>13383001</misses>
				<total>45</total>
				<timestamp>4545.670771</timestamp>
			</report>
			<report>
				<misses>13384001</misses>
				<total>45</total>
				<timestamp>4546.010298</timestamp>
			</report>
			<report>
				<misses>13385001</misses>
				<total>45</total>
				<timestamp>4546.349958</timestamp>
			</report>
			<report>
				<misses>13386001</misses>
				<total>45</total>
				<timestamp>4546.689741</timestamp>
			</report>
			<report>
				<misses>13387001</misses>
				<total>45</total>
				<timestamp>4547.029411</timestamp>
			</report>
			<report>
				<misses>13388001</misses>
				<total>45</total>
				<timestamp>4547.369067</timestamp>
			</report>
			<report>
				<misses>13389001</misses>
				<total>45</total>
				<timestamp>4547.708723</timestamp>
			</report>
			<report>
				<misses>13390001</misses>
				<total>45</total>
				<timestamp>4548.048386</timestamp>
			</report>
			<report>
				<misses>13391001</misses>
				<total>45</total>
				<timestamp>4548.388042</timestamp>
			</report>
			<report>
				<misses>13392001</misses>
				<total>45</total>
				<timestamp>4548.727709</timestamp>
			</report>
			<report>
				<misses>13393001</misses>
				<total>45</total>
				<timestamp>4549.067370</timestamp>
			</report>
			<report>
				<misses>13394001</misses>
				<total>45</total>
				<timestamp>4549.407026</timestamp>
			</report>
			<report>
				<misses>13395001</misses>
				<total>44</total>
				<timestamp>4549.746689</timestamp>
			</report>
			<report>
				<misses>13396001</misses>
				<total>45</total>
				<timestamp>4550.086222</timestamp>
			</report>
			<report>
				<misses>13397001</misses>
				<total>45</total>
				<timestamp>4550.426012</timestamp>
			</report>
			<report>
				<misses>13398001</misses>
				<total>45</total>
				<timestamp>4550.765661</timestamp>
			</report>
			<report>
				<misses>13399001</misses>
				<total>45</total>
				<timestamp>4551.105202</timestamp>
			</report>
			<report>
				<misses>13400001</misses>
				<total>45</total>
				<timestamp>4551.444991</timestamp>
			</report>
			<report>
				<misses>13401001</misses>
				<total>45</total>
				<timestamp>4551.784645</timestamp>
			</report>
			<report>
				<misses>13402001</misses>
				<total>45</total>
				<timestamp>4552.124174</timestamp>
			</report>
			<report>
				<misses>13403001</misses>
				<total>45</total>
				<timestamp>4552.463837</timestamp>
			</report>
			<report>
				<misses>13404001</misses>
				<total>45</total>
				<timestamp>4552.803618</timestamp>
			</report>
			<report>
				<misses>13405001</misses>
				<total>45</total>
				<timestamp>4553.143161</timestamp>
			</report>
			<report>
				<misses>13406001</misses>
				<total>45</total>
				<timestamp>4553.482952</timestamp>
			</report>
			<report>
				<misses>13407001</misses>
				<total>45</total>
				<timestamp>4553.822606</timestamp>
			</report>
			<report>
				<misses>13408001</misses>
				<total>45</total>
				<timestamp>4554.162261</timestamp>
			</report>
			<report>
				<misses>13409001</misses>
				<total>45</total>
				<timestamp>4554.501924</timestamp>
			</report>
			<report>
				<misses>13410001</misses>
				<total>45</total>
				<timestamp>4554.841584</timestamp>
			</report>
			<report>
				<misses>13411001</misses>
				<total>45</total>
				<timestamp>4555.181119</timestamp>
			</report>
			<report>
				<misses>13412001</misses>
				<total>45</total>
				<timestamp>4555.520904</timestamp>
			</report>
			<report>
				<misses>13413001</misses>
				<total>45</total>
				<timestamp>4555.860569</timestamp>
			</report>
			<report>
				<misses>13414001</misses>
				<total>45</total>
				<timestamp>4556.200228</timestamp>
			</report>
			<report>
				<misses>13415001</misses>
				<total>45</total>
				<timestamp>4556.539757</timestamp>
			</report>
			<report>
				<misses>13416001</misses>
				<total>45</total>
				<timestamp>4556.879542</timestamp>
			</report>
			<report>
				<misses>13417001</misses>
				<total>45</total>
				<timestamp>4557.219208</timestamp>
			</report>
			<report>
				<misses>13418001</misses>
				<total>45</total>
				<timestamp>4557.558863</timestamp>
			</report>
			<report>
				<misses>13419001</misses>
				<total>44</total>
				<timestamp>4557.898529</timestamp>
			</report>
			<report>
				<misses>13420001</misses>
				<total>45</total>
				<timestamp>4558.238063</timestamp>
			</report>
			<report>
				<misses>13421001</misses>
				<total>45</total>
				<timestamp>4558.577846</timestamp>
			</report>
			<report>
				<misses>13422001</misses>
				<total>44</total>
				<timestamp>4558.917508</timestamp>
			</report>
			<report>
				<misses>13423001</misses>
				<total>45</total>
				<timestamp>4559.257041</timestamp>
			</report>
			<report>
				<misses>13424001</misses>
				<total>45</total>
				<timestamp>4559.596839</timestamp>
			</report>
			<report>
				<misses>13425001</misses>
				<total>45</total>
				<timestamp>4559.936488</timestamp>
			</report>
			<report>
				<misses>13426001</misses>
				<total>45</total>
				<timestamp>4560.276027</timestamp>
			</report>
			<report>
				<misses>13427001</misses>
				<total>45</total>
				<timestamp>4560.615802</timestamp>
			</report>
			<report>
				<misses>13428001</misses>
				<total>45</total>
				<timestamp>4560.955462</timestamp>
			</report>
			<report>
				<misses>13429001</misses>
				<total>45</total>
				<timestamp>4561.294993</timestamp>
			</report>
			<report>
				<misses>13430001</misses>
				<total>45</total>
				<timestamp>4561.634780</timestamp>
			</report>
			<report>
				<misses>13431001</misses>
				<total>45</total>
				<timestamp>4561.974444</timestamp>
			</report>
			<report>
				<misses>13432001</misses>
				<total>45</total>
				<timestamp>4562.314110</timestamp>
			</report>
			<report>
				<misses>13433001</misses>
				<total>44</total>
				<timestamp>4562.653763</timestamp>
			</report>
			<report>
				<misses>13434001</misses>
				<total>45</total>
				<timestamp>4562.993440</timestamp>
			</report>
			<report>
				<misses>13435001</misses>
				<total>45</total>
				<timestamp>4563.332960</timestamp>
			</report>
			<report>
				<misses>13436001</misses>
				<total>44</total>
				<timestamp>4563.672745</timestamp>
			</report>
			<report>
				<misses>13437001</misses>
				<total>45</total>
				<timestamp>4564.012410</timestamp>
			</report>
			<report>
				<misses>13438001</misses>
				<total>45</total>
				<timestamp>4564.352063</timestamp>
			</report>
			<report>
				<misses>13439001</misses>
				<total>45</total>
				<timestamp>4564.691605</timestamp>
			</report>
			<report>
				<misses>13440001</misses>
				<total>45</total>
				<timestamp>4565.031383</timestamp>
			</report>
			<report>
				<misses>13441001</misses>
				<total>45</total>
				<timestamp>4565.371047</timestamp>
			</report>
			<report>
				<misses>13442001</misses>
				<total>44</total>
				<timestamp>4565.710707</timestamp>
			</report>
			<report>
				<misses>13443001</misses>
				<total>45</total>
				<timestamp>4566.050370</timestamp>
			</report>
			<report>
				<misses>13444001</misses>
				<total>45</total>
				<timestamp>4566.389906</timestamp>
			</report>
			<report>
				<misses>13445001</misses>
				<total>45</total>
				<timestamp>4566.729563</timestamp>
			</report>
			<report>
				<misses>13446001</misses>
				<total>45</total>
				<timestamp>4567.069225</timestamp>
			</report>
			<report>
				<misses>13447001</misses>
				<total>45</total>
				<timestamp>4567.409006</timestamp>
			</report>
			<report>
				<misses>13448001</misses>
				<total>44</total>
				<timestamp>4567.748669</timestamp>
			</report>
			<report>
				<misses>13449001</misses>
				<total>45</total>
				<timestamp>4568.088198</timestamp>
			</report>
			<report>
				<misses>13450001</misses>
				<total>45</total>
				<timestamp>4568.427985</timestamp>
			</report>
			<report>
				<misses>13451001</misses>
				<total>45</total>
				<timestamp>4568.767513</timestamp>
			</report>
			<report>
				<misses>13452001</misses>
				<total>45</total>
				<timestamp>4569.107182</timestamp>
			</report>
			<report>
				<misses>13453001</misses>
				<total>45</total>
				<timestamp>4569.446964</timestamp>
			</report>
			<report>
				<misses>13454001</misses>
				<total>45</total>
				<timestamp>4569.786627</timestamp>
			</report>
			<report>
				<misses>13455001</misses>
				<total>45</total>
				<timestamp>4570.126168</timestamp>
			</report>
			<report>
				<misses>13456001</misses>
				<total>45</total>
				<timestamp>4570.465943</timestamp>
			</report>
			<report>
				<misses>13457001</misses>
				<total>45</total>
				<timestamp>4570.805615</timestamp>
			</report>
			<report>
				<misses>13458001</misses>
				<total>45</total>
				<timestamp>4571.145266</timestamp>
			</report>
			<report>
				<misses>13459001</misses>
				<total>45</total>
				<timestamp>4571.484932</timestamp>
			</report>
			<report>
				<misses>13460001</misses>
				<total>44</total>
				<timestamp>4571.824584</timestamp>
			</report>
			<report>
				<misses>13461001</misses>
				<total>45</total>
				<timestamp>4572.164245</timestamp>
			</report>
			<report>
				<misses>13462001</misses>
				<total>45</total>
				<timestamp>4572.503777</timestamp>
			</report>
			<report>
				<misses>13463001</misses>
				<total>45</total>
				<timestamp>4572.843560</timestamp>
			</report>
			<report>
				<misses>13464001</misses>
				<total>45</total>
				<timestamp>4573.183100</timestamp>
			</report>
			<report>
				<misses>13465001</misses>
				<total>45</total>
				<timestamp>4573.522762</timestamp>
			</report>
			<report>
				<misses>13466001</misses>
				<total>44</total>
				<timestamp>4573.862540</timestamp>
			</report>
			<report>
				<misses>13467001</misses>
				<total>45</total>
				<timestamp>4574.202082</timestamp>
			</report>
			<report>
				<misses>13468001</misses>
				<total>45</total>
				<timestamp>4574.541864</timestamp>
			</report>
			<report>
				<misses>13469001</misses>
				<total>44</total>
				<timestamp>4574.881526</timestamp>
			</report>
			<report>
				<misses>13470001</misses>
				<total>45</total>
				<timestamp>4575.221062</timestamp>
			</report>
			<report>
				<misses>13471001</misses>
				<total>45</total>
				<timestamp>4575.560837</timestamp>
			</report>
			<report>
				<misses>13472001</misses>
				<total>45</total>
				<timestamp>4575.900505</timestamp>
			</report>
			<report>
				<misses>13473001</misses>
				<total>45</total>
				<timestamp>4576.240042</timestamp>
			</report>
			<report>
				<misses>13474001</misses>
				<total>44</total>
				<timestamp>4576.579821</timestamp>
			</report>
			<report>
				<misses>13475001</misses>
				<total>45</total>
				<timestamp>4576.919384</timestamp>
			</report>
			<report>
				<misses>13476001</misses>
				<total>45</total>
				<timestamp>4577.259032</timestamp>
			</report>
			<report>
				<misses>13477001</misses>
				<total>45</total>
				<timestamp>4577.598713</timestamp>
			</report>
			<report>
				<misses>13478001</misses>
				<total>45</total>
				<timestamp>4577.938395</timestamp>
			</report>
			<report>
				<misses>13479001</misses>
				<total>45</total>
				<timestamp>4578.278004</timestamp>
			</report>
			<report>
				<misses>13480001</misses>
				<total>45</total>
				<timestamp>4578.617671</timestamp>
			</report>
			<report>
				<misses>13481001</misses>
				<total>45</total>
				<timestamp>4578.957393</timestamp>
			</report>
			<report>
				<misses>13482001</misses>
				<total>45</total>
				<timestamp>4579.297012</timestamp>
			</report>
			<report>
				<misses>13483001</misses>
				<total>45</total>
				<timestamp>4579.636629</timestamp>
			</report>
			<report>
				<misses>13484001</misses>
				<total>44</total>
				<timestamp>4579.976415</timestamp>
			</report>
			<report>
				<misses>13485001</misses>
				<total>45</total>
				<timestamp>4580.315981</timestamp>
			</report>
			<report>
				<misses>13486001</misses>
				<total>45</total>
				<timestamp>4580.655654</timestamp>
			</report>
			<report>
				<misses>13487001</misses>
				<total>45</total>
				<timestamp>4580.995348</timestamp>
			</report>
			<report>
				<misses>13488001</misses>
				<total>45</total>
				<timestamp>4581.334964</timestamp>
			</report>
			<report>
				<misses>13489001</misses>
				<total>45</total>
				<timestamp>4581.674603</timestamp>
			</report>
			<report>
				<misses>13490001</misses>
				<total>45</total>
				<timestamp>4582.014360</timestamp>
			</report>
			<report>
				<misses>13491001</misses>
				<total>45</total>
				<timestamp>4582.353910</timestamp>
			</report>
			<report>
				<misses>13492001</misses>
				<total>45</total>
				<timestamp>4582.693588</timestamp>
			</report>
			<report>
				<misses>13493001</misses>
				<total>44</total>
				<timestamp>4583.033349</timestamp>
			</report>
			<report>
				<misses>13494001</misses>
				<total>45</total>
				<timestamp>4583.372901</timestamp>
			</report>
			<report>
				<misses>13495001</misses>
				<total>45</total>
				<timestamp>4583.712556</timestamp>
			</report>
			<report>
				<misses>13496001</misses>
				<total>45</total>
				<timestamp>4584.052246</timestamp>
			</report>
			<report>
				<misses>13497001</misses>
				<total>45</total>
				<timestamp>4584.391881</timestamp>
			</report>
			<report>
				<misses>13498001</misses>
				<total>45</total>
				<timestamp>4584.731592</timestamp>
			</report>
			<report>
				<misses>13499001</misses>
				<total>45</total>
				<timestamp>4585.071203</timestamp>
			</report>
			<report>
				<misses>13500001</misses>
				<total>45</total>
				<timestamp>4585.410877</timestamp>
			</report>
			<report>
				<misses>13501001</misses>
				<total>45</total>
				<timestamp>4585.750567</timestamp>
			</report>
			<report>
				<misses>13502001</misses>
				<total>45</total>
				<timestamp>4586.090219</timestamp>
			</report>
			<report>
				<misses>13503001</misses>
				<total>45</total>
				<timestamp>4586.429823</timestamp>
			</report>
			<report>
				<misses>13504001</misses>
				<total>45</total>
				<timestamp>4586.769571</timestamp>
			</report>
			<report>
				<misses>13505001</misses>
				<total>45</total>
				<timestamp>4587.109191</timestamp>
			</report>
			<report>
				<misses>13506001</misses>
				<total>45</total>
				<timestamp>4587.448805</timestamp>
			</report>
			<report>
				<misses>13507001</misses>
				<total>44</total>
				<timestamp>4587.788572</timestamp>
			</report>
			<report>
				<misses>13508001</misses>
				<total>45</total>
				<timestamp>4588.128147</timestamp>
			</report>
			<report>
				<misses>13509001</misses>
				<total>45</total>
				<timestamp>4588.467816</timestamp>
			</report>
			<report>
				<misses>13510001</misses>
				<total>45</total>
				<timestamp>4588.807461</timestamp>
			</report>
			<report>
				<misses>13511001</misses>
				<total>45</total>
				<timestamp>4589.147122</timestamp>
			</report>
			<report>
				<misses>13512001</misses>
				<total>45</total>
				<timestamp>4589.486799</timestamp>
			</report>
			<report>
				<misses>13513001</misses>
				<total>44</total>
				<timestamp>4589.826534</timestamp>
			</report>
			<report>
				<misses>13514001</misses>
				<total>45</total>
				<timestamp>4590.166093</timestamp>
			</report>
			<report>
				<misses>13515001</misses>
				<total>45</total>
				<timestamp>4590.505787</timestamp>
			</report>
			<report>
				<misses>13516001</misses>
				<total>44</total>
				<timestamp>4590.845508</timestamp>
			</report>
			<report>
				<misses>13517001</misses>
				<total>45</total>
				<timestamp>4591.185077</timestamp>
			</report>
			<report>
				<misses>13518001</misses>
				<total>45</total>
				<timestamp>4591.524780</timestamp>
			</report>
			<report>
				<misses>13519001</misses>
				<total>45</total>
				<timestamp>4591.864404</timestamp>
			</report>
			<report>
				<misses>13520001</misses>
				<total>45</total>
				<timestamp>4592.204082</timestamp>
			</report>
			<report>
				<misses>13521001</misses>
				<total>45</total>
				<timestamp>4592.543712</timestamp>
			</report>
			<report>
				<misses>13522001</misses>
				<total>45</total>
				<timestamp>4592.883397</timestamp>
			</report>
			<report>
				<misses>13523001</misses>
				<total>45</total>
				<timestamp>4593.223035</timestamp>
			</report>
			<report>
				<misses>13524001</misses>
				<total>45</total>
				<timestamp>4593.562701</timestamp>
			</report>
			<report>
				<misses>13525001</misses>
				<total>45</total>
				<timestamp>4593.902402</timestamp>
			</report>
			<report>
				<misses>13526001</misses>
				<total>45</total>
				<timestamp>4594.242016</timestamp>
			</report>
			<report>
				<misses>13527001</misses>
				<total>45</total>
				<timestamp>4594.581724</timestamp>
			</report>
			<report>
				<misses>13528001</misses>
				<total>45</total>
				<timestamp>4594.921380</timestamp>
			</report>
			<report>
				<misses>13529001</misses>
				<total>45</total>
				<timestamp>4595.260996</timestamp>
			</report>
			<report>
				<misses>13530001</misses>
				<total>45</total>
				<timestamp>4595.600688</timestamp>
			</report>
			<report>
				<misses>13531001</misses>
				<total>45</total>
				<timestamp>4595.940365</timestamp>
			</report>
			<report>
				<misses>13532001</misses>
				<total>45</total>
				<timestamp>4596.280010</timestamp>
			</report>
			<report>
				<misses>13533001</misses>
				<total>45</total>
				<timestamp>4596.619672</timestamp>
			</report>
			<report>
				<misses>13534001</misses>
				<total>44</total>
				<timestamp>4596.959382</timestamp>
			</report>
			<report>
				<misses>13535001</misses>
				<total>45</total>
				<timestamp>4597.298946</timestamp>
			</report>
			<report>
				<misses>13536001</misses>
				<total>45</total>
				<timestamp>4597.638642</timestamp>
			</report>
			<report>
				<misses>13537001</misses>
				<total>45</total>
				<timestamp>4597.978350</timestamp>
			</report>
			<report>
				<misses>13538001</misses>
				<total>45</total>
				<timestamp>4598.317933</timestamp>
			</report>
			<report>
				<misses>13539001</misses>
				<total>45</total>
				<timestamp>4598.657610</timestamp>
			</report>
			<report>
				<misses>13540001</misses>
				<total>44</total>
				<timestamp>4598.997372</timestamp>
			</report>
			<report>
				<misses>13541001</misses>
				<total>45</total>
				<timestamp>4599.336921</timestamp>
			</report>
			<report>
				<misses>13542001</misses>
				<total>45</total>
				<timestamp>4599.676578</timestamp>
			</report>
			<report>
				<misses>13543001</misses>
				<total>45</total>
				<timestamp>4600.016282</timestamp>
			</report>
			<report>
				<misses>13544001</misses>
				<total>45</total>
				<timestamp>4600.355911</timestamp>
			</report>
			<report>
				<misses>13545001</misses>
				<total>45</total>
				<timestamp>4600.695547</timestamp>
			</report>
			<report>
				<misses>13546001</misses>
				<total>45</total>
				<timestamp>4601.035243</timestamp>
			</report>
			<report>
				<misses>13547001</misses>
				<total>45</total>
				<timestamp>4601.374891</timestamp>
			</report>
			<report>
				<misses>13548001</misses>
				<total>45</total>
				<timestamp>4601.714557</timestamp>
			</report>
			<report>
				<misses>13549001</misses>
				<total>45</total>
				<timestamp>4602.054221</timestamp>
			</report>
			<report>
				<misses>13550001</misses>
				<total>45</total>
				<timestamp>4602.393878</timestamp>
			</report>
			<report>
				<misses>13551001</misses>
				<total>45</total>
				<timestamp>4602.733517</timestamp>
			</report>
			<report>
				<misses>13552001</misses>
				<total>45</total>
				<timestamp>4603.073214</timestamp>
			</report>
			<report>
				<misses>13553001</misses>
				<total>45</total>
				<timestamp>4603.412838</timestamp>
			</report>
			<report>
				<misses>13554001</misses>
				<total>45</total>
				<timestamp>4603.752502</timestamp>
			</report>
			<report>
				<misses>13555001</misses>
				<total>45</total>
				<timestamp>4604.092224</timestamp>
			</report>
			<report>
				<misses>13556001</misses>
				<total>45</total>
				<timestamp>4604.431817</timestamp>
			</report>
			<report>
				<misses>13557001</misses>
				<total>45</total>
				<timestamp>4604.771481</timestamp>
			</report>
			<report>
				<misses>13558001</misses>
				<total>45</total>
				<timestamp>4605.111235</timestamp>
			</report>
			<report>
				<misses>13559001</misses>
				<total>45</total>
				<timestamp>4605.450796</timestamp>
			</report>
			<report>
				<misses>13560001</misses>
				<total>45</total>
				<timestamp>4605.790474</timestamp>
			</report>
			<report>
				<misses>13561001</misses>
				<total>44</total>
				<timestamp>4606.130225</timestamp>
			</report>
			<report>
				<misses>13562001</misses>
				<total>45</total>
				<timestamp>4606.469799</timestamp>
			</report>
			<report>
				<misses>13563001</misses>
				<total>45</total>
				<timestamp>4606.809455</timestamp>
			</report>
			<report>
				<misses>13564001</misses>
				<total>44</total>
				<timestamp>4607.149189</timestamp>
			</report>
			<report>
				<misses>13565001</misses>
				<total>45</total>
				<timestamp>4607.488760</timestamp>
			</report>
			<report>
				<misses>13566001</misses>
				<total>45</total>
				<timestamp>4607.828433</timestamp>
			</report>
			<report>
				<misses>13567001</misses>
				<total>45</total>
				<timestamp>4608.168098</timestamp>
			</report>
			<report>
				<misses>13568001</misses>
				<total>45</total>
				<timestamp>4608.507765</timestamp>
			</report>
			<report>
				<misses>13569001</misses>
				<total>45</total>
				<timestamp>4608.847411</timestamp>
			</report>
			<report>
				<misses>13570001</misses>
				<total>44</total>
				<timestamp>4609.187166</timestamp>
			</report>
			<report>
				<misses>13571001</misses>
				<total>45</total>
				<timestamp>4609.526707</timestamp>
			</report>
			<report>
				<misses>13572001</misses>
				<total>45</total>
				<timestamp>4609.866421</timestamp>
			</report>
			<report>
				<misses>13573001</misses>
				<total>45</total>
				<timestamp>4610.206079</timestamp>
			</report>
			<report>
				<misses>13574001</misses>
				<total>45</total>
				<timestamp>4610.545759</timestamp>
			</report>
			<report>
				<misses>13575001</misses>
				<total>45</total>
				<timestamp>4610.885413</timestamp>
			</report>
			<report>
				<misses>13576001</misses>
				<total>44</total>
				<timestamp>4611.225154</timestamp>
			</report>
			<report>
				<misses>13577001</misses>
				<total>45</total>
				<timestamp>4611.564703</timestamp>
			</report>
			<report>
				<misses>13578001</misses>
				<total>45</total>
				<timestamp>4611.904350</timestamp>
			</report>
			<report>
				<misses>13579001</misses>
				<total>45</total>
				<timestamp>4612.244022</timestamp>
			</report>
			<report>
				<misses>13580001</misses>
				<total>45</total>
				<timestamp>4612.583697</timestamp>
			</report>
			<report>
				<misses>13581001</misses>
				<total>45</total>
				<timestamp>4612.923389</timestamp>
			</report>
			<report>
				<misses>13582001</misses>
				<total>45</total>
				<timestamp>4613.262979</timestamp>
			</report>
			<report>
				<misses>13583001</misses>
				<total>45</total>
				<timestamp>4613.602636</timestamp>
			</report>
			<report>
				<misses>13584001</misses>
				<total>45</total>
				<timestamp>4613.942308</timestamp>
			</report>
			<report>
				<misses>13585001</misses>
				<total>45</total>
				<timestamp>4614.281977</timestamp>
			</report>
			<report>
				<misses>13586001</misses>
				<total>45</total>
				<timestamp>4614.621637</timestamp>
			</report>
			<report>
				<misses>13587001</misses>
				<total>44</total>
				<timestamp>4614.961381</timestamp>
			</report>
			<report>
				<misses>13588001</misses>
				<total>45</total>
				<timestamp>4615.300943</timestamp>
			</report>
			<report>
				<misses>13589001</misses>
				<total>45</total>
				<timestamp>4615.640614</timestamp>
			</report>
			<report>
				<misses>13590001</misses>
				<total>44</total>
				<timestamp>4615.980375</timestamp>
			</report>
			<report>
				<misses>13591001</misses>
				<total>45</total>
				<timestamp>4616.319921</timestamp>
			</report>
			<report>
				<misses>13592001</misses>
				<total>45</total>
				<timestamp>4616.659585</timestamp>
			</report>
			<report>
				<misses>13593001</misses>
				<total>44</total>
				<timestamp>4616.999369</timestamp>
			</report>
			<report>
				<misses>13594001</misses>
				<total>45</total>
				<timestamp>4617.338891</timestamp>
			</report>
			<report>
				<misses>13595001</misses>
				<total>45</total>
				<timestamp>4617.678591</timestamp>
			</report>
			<report>
				<misses>13596001</misses>
				<total>45</total>
				<timestamp>4618.018238</timestamp>
			</report>
			<report>
				<misses>13597001</misses>
				<total>45</total>
				<timestamp>4618.357869</timestamp>
			</report>
			<report>
				<misses>13598001</misses>
				<total>45</total>
				<timestamp>4618.697541</timestamp>
			</report>
			<report>
				<misses>13599001</misses>
				<total>45</total>
				<timestamp>4619.037237</timestamp>
			</report>
			<report>
				<misses>13600001</misses>
				<total>45</total>
				<timestamp>4619.376869</timestamp>
			</report>
			<report>
				<misses>13601001</misses>
				<total>45</total>
				<timestamp>4619.716533</timestamp>
			</report>
			<report>
				<misses>13602001</misses>
				<total>45</total>
				<timestamp>4620.056237</timestamp>
			</report>
			<report>
				<misses>13603001</misses>
				<total>45</total>
				<timestamp>4620.395905</timestamp>
			</report>
			<report>
				<misses>13604001</misses>
				<total>45</total>
				<timestamp>4620.735534</timestamp>
			</report>
			<report>
				<misses>13605001</misses>
				<total>45</total>
				<timestamp>4621.075231</timestamp>
			</report>
			<report>
				<misses>13606001</misses>
				<total>45</total>
				<timestamp>4621.414808</timestamp>
			</report>
			<report>
				<misses>13607001</misses>
				<total>45</total>
				<timestamp>4621.754509</timestamp>
			</report>
			<report>
				<misses>13608001</misses>
				<total>45</total>
				<timestamp>4622.094227</timestamp>
			</report>
			<report>
				<misses>13609001</misses>
				<total>45</total>
				<timestamp>4622.433850</timestamp>
			</report>
			<report>
				<misses>13610001</misses>
				<total>45</total>
				<timestamp>4622.773462</timestamp>
			</report>
			<report>
				<misses>13611001</misses>
				<total>44</total>
				<timestamp>4623.113220</timestamp>
			</report>
			<report>
				<misses>13612001</misses>
				<total>45</total>
				<timestamp>4623.452778</timestamp>
			</report>
			<report>
				<misses>13613001</misses>
				<total>45</total>
				<timestamp>4623.792456</timestamp>
			</report>
			<report>
				<misses>13614001</misses>
				<total>44</total>
				<timestamp>4624.132207</timestamp>
			</report>
			<report>
				<misses>13615001</misses>
				<total>45</total>
				<timestamp>4624.471769</timestamp>
			</report>
			<report>
				<misses>13616001</misses>
				<total>45</total>
				<timestamp>4624.811428</timestamp>
			</report>
			<report>
				<misses>13617001</misses>
				<total>45</total>
				<timestamp>4625.151099</timestamp>
			</report>
			<report>
				<misses>13618001</misses>
				<total>45</total>
				<timestamp>4625.490740</timestamp>
			</report>
			<report>
				<misses>13619001</misses>
				<total>45</total>
				<timestamp>4625.830386</timestamp>
			</report>
			<report>
				<misses>13620001</misses>
				<total>44</total>
				<timestamp>4626.170179</timestamp>
			</report>
			<report>
				<misses>13621001</misses>
				<total>45</total>
				<timestamp>4626.509746</timestamp>
			</report>
			<report>
				<misses>13622001</misses>
				<total>45</total>
				<timestamp>4626.849381</timestamp>
			</report>
			<report>
				<misses>13623001</misses>
				<total>44</total>
				<timestamp>4627.189183</timestamp>
			</report>
			<report>
				<misses>13624001</misses>
				<total>45</total>
				<timestamp>4627.528700</timestamp>
			</report>
			<report>
				<misses>13625001</misses>
				<total>45</total>
				<timestamp>4627.868368</timestamp>
			</report>
			<report>
				<misses>13626001</misses>
				<total>45</total>
				<timestamp>4628.208074</timestamp>
			</report>
			<report>
				<misses>13627001</misses>
				<total>45</total>
				<timestamp>4628.547676</timestamp>
			</report>
			<report>
				<misses>13628001</misses>
				<total>45</total>
				<timestamp>4628.887368</timestamp>
			</report>
			<report>
				<misses>13629001</misses>
				<total>45</total>
				<timestamp>4629.227064</timestamp>
			</report>
			<report>
				<misses>13630001</misses>
				<total>45</total>
				<timestamp>4629.566662</timestamp>
			</report>
			<report>
				<misses>13631001</misses>
				<total>45</total>
				<timestamp>4629.906329</timestamp>
			</report>
			<report>
				<misses>13632001</misses>
				<total>45</total>
				<timestamp>4630.246064</timestamp>
			</report>
			<report>
				<misses>13633001</misses>
				<total>45</total>
				<timestamp>4630.585677</timestamp>
			</report>
			<report>
				<misses>13634001</misses>
				<total>45</total>
				<timestamp>4630.925308</timestamp>
			</report>
			<report>
				<misses>13635001</misses>
				<total>44</total>
				<timestamp>4631.265086</timestamp>
			</report>
			<report>
				<misses>13636001</misses>
				<total>45</total>
				<timestamp>4631.604626</timestamp>
			</report>
			<report>
				<misses>13637001</misses>
				<total>45</total>
				<timestamp>4631.944301</timestamp>
			</report>
			<report>
				<misses>13638001</misses>
				<total>44</total>
				<timestamp>4632.284046</timestamp>
			</report>
			<report>
				<misses>13639001</misses>
				<total>45</total>
				<timestamp>4632.623583</timestamp>
			</report>
			<report>
				<misses>13640001</misses>
				<total>45</total>
				<timestamp>4632.963287</timestamp>
			</report>
			<report>
				<misses>13641001</misses>
				<total>44</total>
				<timestamp>4633.303051</timestamp>
			</report>
			<report>
				<misses>13642001</misses>
				<total>45</total>
				<timestamp>4633.642709</timestamp>
			</report>
			<report>
				<misses>13643001</misses>
				<total>45</total>
				<timestamp>4633.982368</timestamp>
			</report>
			<report>
				<misses>13644001</misses>
				<total>44</total>
				<timestamp>4634.322030</timestamp>
			</report>
			<report>
				<misses>13645001</misses>
				<total>45</total>
				<timestamp>4634.661568</timestamp>
			</report>
			<report>
				<misses>13646001</misses>
				<total>45</total>
				<timestamp>4635.001350</timestamp>
			</report>
			<report>
				<misses>13647001</misses>
				<total>44</total>
				<timestamp>4635.341014</timestamp>
			</report>
			<report>
				<misses>13648001</misses>
				<total>45</total>
				<timestamp>4635.680537</timestamp>
			</report>
			<report>
				<misses>13649001</misses>
				<total>45</total>
				<timestamp>4636.020187</timestamp>
			</report>
			<report>
				<misses>13650001</misses>
				<total>45</total>
				<timestamp>4636.359868</timestamp>
			</report>
			<report>
				<misses>13651001</misses>
				<total>45</total>
				<timestamp>4636.699520</timestamp>
			</report>
			<report>
				<misses>13652001</misses>
				<total>44</total>
				<timestamp>4637.039265</timestamp>
			</report>
			<report>
				<misses>13653001</misses>
				<total>45</total>
				<timestamp>4637.378869</timestamp>
			</report>
			<report>
				<misses>13654001</misses>
				<total>45</total>
				<timestamp>4637.718513</timestamp>
			</report>
			<report>
				<misses>13655001</misses>
				<total>44</total>
				<timestamp>4638.058257</timestamp>
			</report>
			<report>
				<misses>13656001</misses>
				<total>45</total>
				<timestamp>4638.397825</timestamp>
			</report>
			<report>
				<misses>13657001</misses>
				<total>45</total>
				<timestamp>4638.737482</timestamp>
			</report>
			<report>
				<misses>13658001</misses>
				<total>44</total>
				<timestamp>4639.077235</timestamp>
			</report>
			<report>
				<misses>13659001</misses>
				<total>45</total>
				<timestamp>4639.416810</timestamp>
			</report>
			<report>
				<misses>13660001</misses>
				<total>45</total>
				<timestamp>4639.756450</timestamp>
			</report>
			<report>
				<misses>13661001</misses>
				<total>45</total>
				<timestamp>4640.096128</timestamp>
			</report>
			<report>
				<misses>13662001</misses>
				<total>45</total>
				<timestamp>4640.435847</timestamp>
			</report>
			<report>
				<misses>13663001</misses>
				<total>45</total>
				<timestamp>4640.775463</timestamp>
			</report>
			<report>
				<misses>13664001</misses>
				<total>44</total>
				<timestamp>4641.115205</timestamp>
			</report>
			<report>
				<misses>13665001</misses>
				<total>45</total>
				<timestamp>4641.454744</timestamp>
			</report>
			<report>
				<misses>13666001</misses>
				<total>45</total>
				<timestamp>4641.794422</timestamp>
			</report>
			<report>
				<misses>13667001</misses>
				<total>45</total>
				<timestamp>4642.134106</timestamp>
			</report>
			<report>
				<misses>13668001</misses>
				<total>45</total>
				<timestamp>4642.473791</timestamp>
			</report>
			<report>
				<misses>13669001</misses>
				<total>45</total>
				<timestamp>4642.813445</timestamp>
			</report>
			<report>
				<misses>13670001</misses>
				<total>45</total>
				<timestamp>4643.153103</timestamp>
			</report>
			<report>
				<misses>13671001</misses>
				<total>45</total>
				<timestamp>4643.492733</timestamp>
			</report>
			<report>
				<misses>13672001</misses>
				<total>45</total>
				<timestamp>4643.832437</timestamp>
			</report>
			<report>
				<misses>13673001</misses>
				<total>45</total>
				<timestamp>4644.172093</timestamp>
			</report>
			<report>
				<misses>13674001</misses>
				<total>45</total>
				<timestamp>4644.511704</timestamp>
			</report>
			<report>
				<misses>13675001</misses>
				<total>45</total>
				<timestamp>4644.851402</timestamp>
			</report>
			<report>
				<misses>13676001</misses>
				<total>45</total>
				<timestamp>4645.191043</timestamp>
			</report>
			<report>
				<misses>13677001</misses>
				<total>45</total>
				<timestamp>4645.530713</timestamp>
			</report>
			<report>
				<misses>13678001</misses>
				<total>44</total>
				<timestamp>4645.870428</timestamp>
			</report>
			<report>
				<misses>13679001</misses>
				<total>45</total>
				<timestamp>4646.210065</timestamp>
			</report>
			<report>
				<misses>13680001</misses>
				<total>45</total>
				<timestamp>4646.549677</timestamp>
			</report>
			<report>
				<misses>13681001</misses>
				<total>45</total>
				<timestamp>4646.889337</timestamp>
			</report>
			<report>
				<misses>13682001</misses>
				<total>44</total>
				<timestamp>4647.229089</timestamp>
			</report>
			<report>
				<misses>13683001</misses>
				<total>45</total>
				<timestamp>4647.568645</timestamp>
			</report>
			<report>
				<misses>13684001</misses>
				<total>45</total>
				<timestamp>4647.908310</timestamp>
			</report>
			<report>
				<misses>13685001</misses>
				<total>45</total>
				<timestamp>4648.248023</timestamp>
			</report>
			<report>
				<misses>13686001</misses>
				<total>45</total>
				<timestamp>4648.587637</timestamp>
			</report>
			<report>
				<misses>13687001</misses>
				<total>45</total>
				<timestamp>4648.927316</timestamp>
			</report>
			<report>
				<misses>13688001</misses>
				<total>45</total>
				<timestamp>4649.266974</timestamp>
			</report>
			<report>
				<misses>13689001</misses>
				<total>45</total>
				<timestamp>4649.606610</timestamp>
			</report>
			<report>
				<misses>13690001</misses>
				<total>45</total>
				<timestamp>4649.946289</timestamp>
			</report>
			<report>
				<misses>13691001</misses>
				<total>45</total>
				<timestamp>4650.285938</timestamp>
			</report>
			<report>
				<misses>13692001</misses>
				<total>45</total>
				<timestamp>4650.625585</timestamp>
			</report>
			<report>
				<misses>13693001</misses>
				<total>45</total>
				<timestamp>4650.965249</timestamp>
			</report>
			<report>
				<misses>13694001</misses>
				<total>45</total>
				<timestamp>4651.304981</timestamp>
			</report>
			<report>
				<misses>13695001</misses>
				<total>45</total>
				<timestamp>4651.644645</timestamp>
			</report>
			<report>
				<misses>13696001</misses>
				<total>45</total>
				<timestamp>4651.984232</timestamp>
			</report>
			<report>
				<misses>13697001</misses>
				<total>45</total>
				<timestamp>4652.323972</timestamp>
			</report>
			<report>
				<misses>13698001</misses>
				<total>45</total>
				<timestamp>4652.663534</timestamp>
			</report>
			<report>
				<misses>13699001</misses>
				<total>45</total>
				<timestamp>4653.003208</timestamp>
			</report>
			<report>
				<misses>13700001</misses>
				<total>45</total>
				<timestamp>4653.342944</timestamp>
			</report>
			<report>
				<misses>13701001</misses>
				<total>45</total>
				<timestamp>4653.682526</timestamp>
			</report>
			<report>
				<misses>13702001</misses>
				<total>45</total>
				<timestamp>4654.022189</timestamp>
			</report>
			<report>
				<misses>13703001</misses>
				<total>45</total>
				<timestamp>4654.361924</timestamp>
			</report>
			<report>
				<misses>13704001</misses>
				<total>45</total>
				<timestamp>4654.701519</timestamp>
			</report>
			<report>
				<misses>13705001</misses>
				<total>45</total>
				<timestamp>4655.041190</timestamp>
			</report>
			<report>
				<misses>13706001</misses>
				<total>45</total>
				<timestamp>4655.380923</timestamp>
			</report>
			<report>
				<misses>13707001</misses>
				<total>45</total>
				<timestamp>4655.720470</timestamp>
			</report>
			<report>
				<misses>13708001</misses>
				<total>45</total>
				<timestamp>4656.060139</timestamp>
			</report>
			<report>
				<misses>13709001</misses>
				<total>44</total>
				<timestamp>4656.399882</timestamp>
			</report>
			<report>
				<misses>13710001</misses>
				<total>45</total>
				<timestamp>4656.739475</timestamp>
			</report>
			<report>
				<misses>13711001</misses>
				<total>45</total>
				<timestamp>4657.079125</timestamp>
			</report>
			<report>
				<misses>13712001</misses>
				<total>44</total>
				<timestamp>4657.418888</timestamp>
			</report>
			<report>
				<misses>13713001</misses>
				<total>45</total>
				<timestamp>4657.758455</timestamp>
			</report>
			<report>
				<misses>13714001</misses>
				<total>45</total>
				<timestamp>4658.098111</timestamp>
			</report>
			<report>
				<misses>13715001</misses>
				<total>44</total>
				<timestamp>4658.437889</timestamp>
			</report>
			<report>
				<misses>13716001</misses>
				<total>45</total>
				<timestamp>4658.777462</timestamp>
			</report>
			<report>
				<misses>13717001</misses>
				<total>45</total>
				<timestamp>4659.117073</timestamp>
			</report>
			<report>
				<misses>13718001</misses>
				<total>45</total>
				<timestamp>4659.456856</timestamp>
			</report>
			<report>
				<misses>13719001</misses>
				<total>45</total>
				<timestamp>4659.796439</timestamp>
			</report>
			<report>
				<misses>13720001</misses>
				<total>45</total>
				<timestamp>4660.136062</timestamp>
			</report>
			<report>
				<misses>13721001</misses>
				<total>45</total>
				<timestamp>4660.475752</timestamp>
			</report>
			<report>
				<misses>13722001</misses>
				<total>45</total>
				<timestamp>4660.815455</timestamp>
			</report>
			<report>
				<misses>13723001</misses>
				<total>45</total>
				<timestamp>4661.155099</timestamp>
			</report>
			<report>
				<misses>13724001</misses>
				<total>45</total>
				<timestamp>4661.494711</timestamp>
			</report>
			<report>
				<misses>13725001</misses>
				<total>45</total>
				<timestamp>4661.834356</timestamp>
			</report>
			<report>
				<misses>13726001</misses>
				<total>45</total>
				<timestamp>4662.174059</timestamp>
			</report>
			<report>
				<misses>13727001</misses>
				<total>45</total>
				<timestamp>4662.513676</timestamp>
			</report>
			<report>
				<misses>13728001</misses>
				<total>45</total>
				<timestamp>4662.853350</timestamp>
			</report>
			<report>
				<misses>13729001</misses>
				<total>44</total>
				<timestamp>4663.193100</timestamp>
			</report>
			<report>
				<misses>13730001</misses>
				<total>45</total>
				<timestamp>4663.532659</timestamp>
			</report>
			<report>
				<misses>13731001</misses>
				<total>45</total>
				<timestamp>4663.872369</timestamp>
			</report>
			<report>
				<misses>13732001</misses>
				<total>45</total>
				<timestamp>4664.212035</timestamp>
			</report>
			<report>
				<misses>13733001</misses>
				<total>45</total>
				<timestamp>4664.551640</timestamp>
			</report>
			<report>
				<misses>13734001</misses>
				<total>45</total>
				<timestamp>4664.891353</timestamp>
			</report>
			<report>
				<misses>13735001</misses>
				<total>45</total>
				<timestamp>4665.230997</timestamp>
			</report>
			<report>
				<misses>13736001</misses>
				<total>45</total>
				<timestamp>4665.570626</timestamp>
			</report>
			<report>
				<misses>13737001</misses>
				<total>45</total>
				<timestamp>4665.910299</timestamp>
			</report>
			<report>
				<misses>13738001</misses>
				<total>45</total>
				<timestamp>4666.249947</timestamp>
			</report>
			<report>
				<misses>13739001</misses>
				<total>45</total>
				<timestamp>4666.589659</timestamp>
			</report>
			<report>
				<misses>13740001</misses>
				<total>45</total>
				<timestamp>4666.929322</timestamp>
			</report>
			<report>
				<misses>13741001</misses>
				<total>45</total>
				<timestamp>4667.268938</timestamp>
			</report>
			<report>
				<misses>13742001</misses>
				<total>45</total>
				<timestamp>4667.608578</timestamp>
			</report>
			<report>
				<misses>13743001</misses>
				<total>45</total>
				<timestamp>4667.948267</timestamp>
			</report>
			<report>
				<misses>13744001</misses>
				<total>45</total>
				<timestamp>4668.287950</timestamp>
			</report>
			<report>
				<misses>13745001</misses>
				<total>45</total>
				<timestamp>4668.627557</timestamp>
			</report>
			<report>
				<misses>13746001</misses>
				<total>45</total>
				<timestamp>4668.967270</timestamp>
			</report>
			<report>
				<misses>13747001</misses>
				<total>45</total>
				<timestamp>4669.306932</timestamp>
			</report>
			<report>
				<misses>13748001</misses>
				<total>45</total>
				<timestamp>4669.646541</timestamp>
			</report>
			<report>
				<misses>13749001</misses>
				<total>45</total>
				<timestamp>4669.986231</timestamp>
			</report>
			<report>
				<misses>13750001</misses>
				<total>44</total>
				<timestamp>4670.325945</timestamp>
			</report>
			<report>
				<misses>13751001</misses>
				<total>45</total>
				<timestamp>4670.665533</timestamp>
			</report>
			<report>
				<misses>13752001</misses>
				<total>45</total>
				<timestamp>4671.005165</timestamp>
			</report>
			<report>
				<misses>13753001</misses>
				<total>45</total>
				<timestamp>4671.344904</timestamp>
			</report>
			<report>
				<misses>13754001</misses>
				<total>45</total>
				<timestamp>4671.684510</timestamp>
			</report>
			<report>
				<misses>13755001</misses>
				<total>45</total>
				<timestamp>4672.024175</timestamp>
			</report>
			<report>
				<misses>13756001</misses>
				<total>44</total>
				<timestamp>4672.363921</timestamp>
			</report>
			<report>
				<misses>13757001</misses>
				<total>45</total>
				<timestamp>4672.703473</timestamp>
			</report>
			<report>
				<misses>13758001</misses>
				<total>45</total>
				<timestamp>4673.043143</timestamp>
			</report>
			<report>
				<misses>13759001</misses>
				<total>44</total>
				<timestamp>4673.382904</timestamp>
			</report>
			<report>
				<misses>13760001</misses>
				<total>45</total>
				<timestamp>4673.722491</timestamp>
			</report>
			<report>
				<misses>13761001</misses>
				<total>45</total>
				<timestamp>4674.062146</timestamp>
			</report>
			<report>
				<misses>13762001</misses>
				<total>44</total>
				<timestamp>4674.401903</timestamp>
			</report>
			<report>
				<misses>13763001</misses>
				<total>45</total>
				<timestamp>4674.741470</timestamp>
			</report>
			<report>
				<misses>13764001</misses>
				<total>45</total>
				<timestamp>4675.081120</timestamp>
			</report>
			<report>
				<misses>13765001</misses>
				<total>44</total>
				<timestamp>4675.420890</timestamp>
			</report>
			<report>
				<misses>13766001</misses>
				<total>45</total>
				<timestamp>4675.760443</timestamp>
			</report>
			<report>
				<misses>13767001</misses>
				<total>45</total>
				<timestamp>4676.100087</timestamp>
			</report>
			<report>
				<misses>13768001</misses>
				<total>44</total>
				<timestamp>4676.439883</timestamp>
			</report>
			<report>
				<misses>13769001</misses>
				<total>45</total>
				<timestamp>4676.779414</timestamp>
			</report>
			<report>
				<misses>13770001</misses>
				<total>45</total>
				<timestamp>4677.119066</timestamp>
			</report>
			<report>
				<misses>13771001</misses>
				<total>45</total>
				<timestamp>4677.458767</timestamp>
			</report>
			<report>
				<misses>13772001</misses>
				<total>45</total>
				<timestamp>4677.798403</timestamp>
			</report>
			<report>
				<misses>13773001</misses>
				<total>45</total>
				<timestamp>4678.138047</timestamp>
			</report>
			<report>
				<misses>13774001</misses>
				<total>45</total>
				<timestamp>4678.477796</timestamp>
			</report>
			<report>
				<misses>13775001</misses>
				<total>45</total>
				<timestamp>4678.817365</timestamp>
			</report>
			<report>
				<misses>13776001</misses>
				<total>45</total>
				<timestamp>4679.157035</timestamp>
			</report>
			<report>
				<misses>13777001</misses>
				<total>45</total>
				<timestamp>4679.496781</timestamp>
			</report>
			<report>
				<misses>13778001</misses>
				<total>45</total>
				<timestamp>4679.836367</timestamp>
			</report>
			<report>
				<misses>13779001</misses>
				<total>45</total>
				<timestamp>4680.175988</timestamp>
			</report>
			<report>
				<misses>13780001</misses>
				<total>44</total>
				<timestamp>4680.515779</timestamp>
			</report>
			<report>
				<misses>13781001</misses>
				<total>45</total>
				<timestamp>4680.855340</timestamp>
			</report>
			<report>
				<misses>13782001</misses>
				<total>45</total>
				<timestamp>4681.194984</timestamp>
			</report>
			<report>
				<misses>13783001</misses>
				<total>44</total>
				<timestamp>4681.534742</timestamp>
			</report>
			<report>
				<misses>13784001</misses>
				<total>45</total>
				<timestamp>4681.874314</timestamp>
			</report>
			<report>
				<misses>13785001</misses>
				<total>45</total>
				<timestamp>4682.213963</timestamp>
			</report>
			<report>
				<misses>13786001</misses>
				<total>44</total>
				<timestamp>4682.553721</timestamp>
			</report>
			<report>
				<misses>13787001</misses>
				<total>45</total>
				<timestamp>4682.893311</timestamp>
			</report>
			<report>
				<misses>13788001</misses>
				<total>45</total>
				<timestamp>4683.232957</timestamp>
			</report>
			<report>
				<misses>13789001</misses>
				<total>44</total>
				<timestamp>4683.572723</timestamp>
			</report>
			<report>
				<misses>13790001</misses>
				<total>45</total>
				<timestamp>4683.912306</timestamp>
			</report>
			<report>
				<misses>13791001</misses>
				<total>45</total>
				<timestamp>4684.251915</timestamp>
			</report>
			<report>
				<misses>13792001</misses>
				<total>45</total>
				<timestamp>4684.591680</timestamp>
			</report>
			<report>
				<misses>13793001</misses>
				<total>45</total>
				<timestamp>4684.931281</timestamp>
			</report>
			<report>
				<misses>13794001</misses>
				<total>45</total>
				<timestamp>4685.270948</timestamp>
			</report>
			<report>
				<misses>13795001</misses>
				<total>45</total>
				<timestamp>4685.610571</timestamp>
			</report>
			<report>
				<misses>13796001</misses>
				<total>45</total>
				<timestamp>4685.950237</timestamp>
			</report>
			<report>
				<misses>13797001</misses>
				<total>45</total>
				<timestamp>4686.289948</timestamp>
			</report>
			<report>
				<misses>13798001</misses>
				<total>45</total>
				<timestamp>4686.629538</timestamp>
			</report>
			<report>
				<misses>13799001</misses>
				<total>45</total>
				<timestamp>4686.969199</timestamp>
			</report>
			<report>
				<misses>13800001</misses>
				<total>44</total>
				<timestamp>4687.308942</timestamp>
			</report>
			<report>
				<misses>13801001</misses>
				<total>45</total>
				<timestamp>4687.648523</timestamp>
			</report>
			<report>
				<misses>13802001</misses>
				<total>45</total>
				<timestamp>4687.988177</timestamp>
			</report>
			<report>
				<misses>13803001</misses>
				<total>44</total>
				<timestamp>4688.327950</timestamp>
			</report>
			<report>
				<misses>13804001</misses>
				<total>45</total>
				<timestamp>4688.667494</timestamp>
			</report>
			<report>
				<misses>13805001</misses>
				<total>45</total>
				<timestamp>4689.007141</timestamp>
			</report>
			<report>
				<misses>13806001</misses>
				<total>44</total>
				<timestamp>4689.346940</timestamp>
			</report>
			<report>
				<misses>13807001</misses>
				<total>45</total>
				<timestamp>4689.686480</timestamp>
			</report>
			<report>
				<misses>13808001</misses>
				<total>45</total>
				<timestamp>4690.026153</timestamp>
			</report>
			<report>
				<misses>13809001</misses>
				<total>45</total>
				<timestamp>4690.365809</timestamp>
			</report>
			<report>
				<misses>13810001</misses>
				<total>45</total>
				<timestamp>4690.705465</timestamp>
			</report>
			<report>
				<misses>13811001</misses>
				<total>45</total>
				<timestamp>4691.045145</timestamp>
			</report>
			<report>
				<misses>13812001</misses>
				<total>45</total>
				<timestamp>4691.384793</timestamp>
			</report>
			<report>
				<misses>13813001</misses>
				<total>45</total>
				<timestamp>4691.724428</timestamp>
			</report>
			<report>
				<misses>13814001</misses>
				<total>45</total>
				<timestamp>4692.064092</timestamp>
			</report>
			<report>
				<misses>13815001</misses>
				<total>45</total>
				<timestamp>4692.403817</timestamp>
			</report>
			<report>
				<misses>13816001</misses>
				<total>45</total>
				<timestamp>4692.743476</timestamp>
			</report>
			<report>
				<misses>13817001</misses>
				<total>45</total>
				<timestamp>4693.083081</timestamp>
			</report>
			<report>
				<misses>13818001</misses>
				<total>45</total>
				<timestamp>4693.422780</timestamp>
			</report>
			<report>
				<misses>13819001</misses>
				<total>45</total>
				<timestamp>4693.762425</timestamp>
			</report>
			<report>
				<misses>13820001</misses>
				<total>45</total>
				<timestamp>4694.102067</timestamp>
			</report>
			<report>
				<misses>13821001</misses>
				<total>45</total>
				<timestamp>4694.441771</timestamp>
			</report>
			<report>
				<misses>13822001</misses>
				<total>45</total>
				<timestamp>4694.781459</timestamp>
			</report>
			<report>
				<misses>13823001</misses>
				<total>45</total>
				<timestamp>4695.121052</timestamp>
			</report>
			<report>
				<misses>13824001</misses>
				<total>45</total>
				<timestamp>4695.460785</timestamp>
			</report>
			<report>
				<misses>13825001</misses>
				<total>45</total>
				<timestamp>4695.800373</timestamp>
			</report>
			<report>
				<misses>13826001</misses>
				<total>45</total>
				<timestamp>4696.140025</timestamp>
			</report>
			<report>
				<misses>13827001</misses>
				<total>45</total>
				<timestamp>4696.479778</timestamp>
			</report>
			<report>
				<misses>13828001</misses>
				<total>45</total>
				<timestamp>4696.819362</timestamp>
			</report>
			<report>
				<misses>13829001</misses>
				<total>45</total>
				<timestamp>4697.159006</timestamp>
			</report>
			<report>
				<misses>13830001</misses>
				<total>45</total>
				<timestamp>4697.498708</timestamp>
			</report>
			<report>
				<misses>13831001</misses>
				<total>45</total>
				<timestamp>4697.838359</timestamp>
			</report>
			<report>
				<misses>13832001</misses>
				<total>45</total>
				<timestamp>4698.177993</timestamp>
			</report>
			<report>
				<misses>13833001</misses>
				<total>44</total>
				<timestamp>4698.517743</timestamp>
			</report>
			<report>
				<misses>13834001</misses>
				<total>45</total>
				<timestamp>4698.857339</timestamp>
			</report>
			<report>
				<misses>13835001</misses>
				<total>45</total>
				<timestamp>4699.196952</timestamp>
			</report>
			<report>
				<misses>13836001</misses>
				<total>45</total>
				<timestamp>4699.536679</timestamp>
			</report>
			<report>
				<misses>13837001</misses>
				<total>45</total>
				<timestamp>4699.876350</timestamp>
			</report>
			<report>
				<misses>13838001</misses>
				<total>45</total>
				<timestamp>4700.215951</timestamp>
			</report>
			<report>
				<misses>13839001</misses>
				<total>44</total>
				<timestamp>4700.555745</timestamp>
			</report>
			<report>
				<misses>13840001</misses>
				<total>45</total>
				<timestamp>4700.895303</timestamp>
			</report>
			<report>
				<misses>13841001</misses>
				<total>45</total>
				<timestamp>4701.234905</timestamp>
			</report>
			<report>
				<misses>13842001</misses>
				<total>45</total>
				<timestamp>4701.574626</timestamp>
			</report>
			<report>
				<misses>13843001</misses>
				<total>45</total>
				<timestamp>4701.914271</timestamp>
			</report>
			<report>
				<misses>13844001</misses>
				<total>45</total>
				<timestamp>4702.253908</timestamp>
			</report>
			<report>
				<misses>13845001</misses>
				<total>45</total>
				<timestamp>4702.593610</timestamp>
			</report>
			<report>
				<misses>13846001</misses>
				<total>45</total>
				<timestamp>4702.933254</timestamp>
			</report>
			<report>
				<misses>13847001</misses>
				<total>45</total>
				<timestamp>4703.272897</timestamp>
			</report>
			<report>
				<misses>13848001</misses>
				<total>45</total>
				<timestamp>4703.612628</timestamp>
			</report>
			<report>
				<misses>13849001</misses>
				<total>45</total>
				<timestamp>4703.952210</timestamp>
			</report>
			<report>
				<misses>13850001</misses>
				<total>45</total>
				<timestamp>4704.291857</timestamp>
			</report>
			<report>
				<misses>13851001</misses>
				<total>45</total>
				<timestamp>4704.631610</timestamp>
			</report>
			<report>
				<misses>13852001</misses>
				<total>45</total>
				<timestamp>4704.971184</timestamp>
			</report>
			<report>
				<misses>13853001</misses>
				<total>45</total>
				<timestamp>4705.310822</timestamp>
			</report>
			<report>
				<misses>13854001</misses>
				<total>44</total>
				<timestamp>4705.650598</timestamp>
			</report>
			<report>
				<misses>13855001</misses>
				<total>45</total>
				<timestamp>4705.990165</timestamp>
			</report>
			<report>
				<misses>13856001</misses>
				<total>45</total>
				<timestamp>4706.329810</timestamp>
			</report>
			<report>
				<misses>13857001</misses>
				<total>44</total>
				<timestamp>4706.669591</timestamp>
			</report>
			<report>
				<misses>13858001</misses>
				<total>45</total>
				<timestamp>4707.009170</timestamp>
			</report>
			<report>
				<misses>13859001</misses>
				<total>45</total>
				<timestamp>4707.348808</timestamp>
			</report>
			<report>
				<misses>13860001</misses>
				<total>44</total>
				<timestamp>4707.688581</timestamp>
			</report>
			<report>
				<misses>13861001</misses>
				<total>45</total>
				<timestamp>4708.028140</timestamp>
			</report>
			<report>
				<misses>13862001</misses>
				<total>45</total>
				<timestamp>4708.367806</timestamp>
			</report>
			<report>
				<misses>13863001</misses>
				<total>44</total>
				<timestamp>4708.707553</timestamp>
			</report>
			<report>
				<misses>13864001</misses>
				<total>45</total>
				<timestamp>4709.047089</timestamp>
			</report>
			<report>
				<misses>13865001</misses>
				<total>45</total>
				<timestamp>4709.386793</timestamp>
			</report>
			<report>
				<misses>13866001</misses>
				<total>45</total>
				<timestamp>4709.726414</timestamp>
			</report>
			<report>
				<misses>13867001</misses>
				<total>45</total>
				<timestamp>4710.066085</timestamp>
			</report>
			<report>
				<misses>13868001</misses>
				<total>45</total>
				<timestamp>4710.405788</timestamp>
			</report>
			<report>
				<misses>13869001</misses>
				<total>45</total>
				<timestamp>4710.745429</timestamp>
			</report>
			<report>
				<misses>13870001</misses>
				<total>45</total>
				<timestamp>4711.085099</timestamp>
			</report>
			<report>
				<misses>13871001</misses>
				<total>45</total>
				<timestamp>4711.424776</timestamp>
			</report>
			<report>
				<misses>13872001</misses>
				<total>45</total>
				<timestamp>4711.764412</timestamp>
			</report>
			<report>
				<misses>13873001</misses>
				<total>45</total>
				<timestamp>4712.104068</timestamp>
			</report>
			<report>
				<misses>13874001</misses>
				<total>45</total>
				<timestamp>4712.443766</timestamp>
			</report>
			<report>
				<misses>13875001</misses>
				<total>45</total>
				<timestamp>4712.783399</timestamp>
			</report>
			<report>
				<misses>13876001</misses>
				<total>45</total>
				<timestamp>4713.123036</timestamp>
			</report>
			<report>
				<misses>13877001</misses>
				<total>44</total>
				<timestamp>4713.462784</timestamp>
			</report>
			<report>
				<misses>13878001</misses>
				<total>45</total>
				<timestamp>4713.802361</timestamp>
			</report>
			<report>
				<misses>13879001</misses>
				<total>45</total>
				<timestamp>4714.142024</timestamp>
			</report>
			<report>
				<misses>13880001</misses>
				<total>44</total>
				<timestamp>4714.481771</timestamp>
			</report>
			<report>
				<misses>13881001</misses>
				<total>45</total>
				<timestamp>4714.821325</timestamp>
			</report>
			<report>
				<misses>13882001</misses>
				<total>45</total>
				<timestamp>4715.160977</timestamp>
			</report>
			<report>
				<misses>13883001</misses>
				<total>44</total>
				<timestamp>4715.500758</timestamp>
			</report>
			<report>
				<misses>13884001</misses>
				<total>45</total>
				<timestamp>4715.840331</timestamp>
			</report>
			<report>
				<misses>13885001</misses>
				<total>45</total>
				<timestamp>4716.179968</timestamp>
			</report>
			<report>
				<misses>13886001</misses>
				<total>45</total>
				<timestamp>4716.519636</timestamp>
			</report>
			<report>
				<misses>13887001</misses>
				<total>45</total>
				<timestamp>4716.859274</timestamp>
			</report>
			<report>
				<misses>13888001</misses>
				<total>44</total>
				<timestamp>4717.199078</timestamp>
			</report>
			<report>
				<misses>13889001</misses>
				<total>45</total>
				<timestamp>4717.538638</timestamp>
			</report>
			<report>
				<misses>13890001</misses>
				<total>45</total>
				<timestamp>4717.878309</timestamp>
			</report>
			<report>
				<misses>13891001</misses>
				<total>45</total>
				<timestamp>4718.217936</timestamp>
			</report>
			<report>
				<misses>13892001</misses>
				<total>45</total>
				<timestamp>4718.557625</timestamp>
			</report>
			<report>
				<misses>13893001</misses>
				<total>45</total>
				<timestamp>4718.897271</timestamp>
			</report>
			<report>
				<misses>13894001</misses>
				<total>45</total>
				<timestamp>4719.236894</timestamp>
			</report>
			<report>
				<misses>13895001</misses>
				<total>45</total>
				<timestamp>4719.576607</timestamp>
			</report>
			<report>
				<misses>13896001</misses>
				<total>45</total>
				<timestamp>4719.916253</timestamp>
			</report>
			<report>
				<misses>13897001</misses>
				<total>45</total>
				<timestamp>4720.255889</timestamp>
			</report>
			<report>
				<misses>13898001</misses>
				<total>45</total>
				<timestamp>4720.595546</timestamp>
			</report>
			<report>
				<misses>13899001</misses>
				<total>45</total>
				<timestamp>4720.935198</timestamp>
			</report>
			<report>
				<misses>13900001</misses>
				<total>45</total>
				<timestamp>4721.274849</timestamp>
			</report>
			<report>
				<misses>13901001</misses>
				<total>45</total>
				<timestamp>4721.614634</timestamp>
			</report>
			<report>
				<misses>13902001</misses>
				<total>45</total>
				<timestamp>4721.954219</timestamp>
			</report>
			<report>
				<misses>13903001</misses>
				<total>45</total>
				<timestamp>4722.293844</timestamp>
			</report>
			<report>
				<misses>13904001</misses>
				<total>44</total>
				<timestamp>4722.633634</timestamp>
			</report>
			<report>
				<misses>13905001</misses>
				<total>45</total>
				<timestamp>4722.973180</timestamp>
			</report>
			<report>
				<misses>13906001</misses>
				<total>45</total>
				<timestamp>4723.312817</timestamp>
			</report>
			<report>
				<misses>13907001</misses>
				<total>45</total>
				<timestamp>4723.652567</timestamp>
			</report>
			<report>
				<misses>13908001</misses>
				<total>45</total>
				<timestamp>4723.992139</timestamp>
			</report>
			<report>
				<misses>13909001</misses>
				<total>45</total>
				<timestamp>4724.331782</timestamp>
			</report>
			<report>
				<misses>13910001</misses>
				<total>44</total>
				<timestamp>4724.671584</timestamp>
			</report>
			<report>
				<misses>13911001</misses>
				<total>45</total>
				<timestamp>4725.011124</timestamp>
			</report>
			<report>
				<misses>13912001</misses>
				<total>45</total>
				<timestamp>4725.350808</timestamp>
			</report>
			<report>
				<misses>13913001</misses>
				<total>45</total>
				<timestamp>4725.690440</timestamp>
			</report>
			<report>
				<misses>13914001</misses>
				<total>45</total>
				<timestamp>4726.030113</timestamp>
			</report>
			<report>
				<misses>13915001</misses>
				<total>45</total>
				<timestamp>4726.369751</timestamp>
			</report>
			<report>
				<misses>13916001</misses>
				<total>45</total>
				<timestamp>4726.709503</timestamp>
			</report>
			<report>
				<misses>13917001</misses>
				<total>45</total>
				<timestamp>4727.049077</timestamp>
			</report>
			<report>
				<misses>13918001</misses>
				<total>45</total>
				<timestamp>4727.388735</timestamp>
			</report>
			<report>
				<misses>13919001</misses>
				<total>45</total>
				<timestamp>4727.728446</timestamp>
			</report>
			<report>
				<misses>13920001</misses>
				<total>45</total>
				<timestamp>4728.068099</timestamp>
			</report>
			<report>
				<misses>13921001</misses>
				<total>45</total>
				<timestamp>4728.407718</timestamp>
			</report>
			<report>
				<misses>13922001</misses>
				<total>45</total>
				<timestamp>4728.747405</timestamp>
			</report>
			<report>
				<misses>13923001</misses>
				<total>45</total>
				<timestamp>4729.087039</timestamp>
			</report>
			<report>
				<misses>13924001</misses>
				<total>45</total>
				<timestamp>4729.426686</timestamp>
			</report>
			<report>
				<misses>13925001</misses>
				<total>44</total>
				<timestamp>4729.766444</timestamp>
			</report>
			<report>
				<misses>13926001</misses>
				<total>45</total>
				<timestamp>4730.106018</timestamp>
			</report>
			<report>
				<misses>13927001</misses>
				<total>45</total>
				<timestamp>4730.445684</timestamp>
			</report>
			<report>
				<misses>13928001</misses>
				<total>44</total>
				<timestamp>4730.785472</timestamp>
			</report>
			<report>
				<misses>13929001</misses>
				<total>45</total>
				<timestamp>4731.124986</timestamp>
			</report>
			<report>
				<misses>13930001</misses>
				<total>45</total>
				<timestamp>4731.464665</timestamp>
			</report>
			<report>
				<misses>13931001</misses>
				<total>44</total>
				<timestamp>4731.804410</timestamp>
			</report>
			<report>
				<misses>13932001</misses>
				<total>45</total>
				<timestamp>4732.143974</timestamp>
			</report>
			<report>
				<misses>13933001</misses>
				<total>45</total>
				<timestamp>4732.483654</timestamp>
			</report>
			<report>
				<misses>13934001</misses>
				<total>45</total>
				<timestamp>4732.823335</timestamp>
			</report>
			<report>
				<misses>13935001</misses>
				<total>45</total>
				<timestamp>4733.162997</timestamp>
			</report>
			<report>
				<misses>13936001</misses>
				<total>45</total>
				<timestamp>4733.502614</timestamp>
			</report>
			<report>
				<misses>13937001</misses>
				<total>44</total>
				<timestamp>4733.842451</timestamp>
			</report>
			<report>
				<misses>13938001</misses>
				<total>45</total>
				<timestamp>4734.181943</timestamp>
			</report>
			<report>
				<misses>13939001</misses>
				<total>45</total>
				<timestamp>4734.521612</timestamp>
			</report>
			<report>
				<misses>13940001</misses>
				<total>44</total>
				<timestamp>4734.861399</timestamp>
			</report>
			<report>
				<misses>13941001</misses>
				<total>45</total>
				<timestamp>4735.200935</timestamp>
			</report>
			<report>
				<misses>13942001</misses>
				<total>44</total>
				<timestamp>4735.540654</timestamp>
			</report>
			<report>
				<misses>13943001</misses>
				<total>45</total>
				<timestamp>4735.880254</timestamp>
			</report>
			<report>
				<misses>13944001</misses>
				<total>45</total>
				<timestamp>4736.219893</timestamp>
			</report>
			<report>
				<misses>13945001</misses>
				<total>45</total>
				<timestamp>4736.559643</timestamp>
			</report>
			<report>
				<misses>13946001</misses>
				<total>45</total>
				<timestamp>4736.899218</timestamp>
			</report>
			<report>
				<misses>13947001</misses>
				<total>45</total>
				<timestamp>4737.238905</timestamp>
			</report>
			<report>
				<misses>13948001</misses>
				<total>45</total>
				<timestamp>4737.578561</timestamp>
			</report>
			<report>
				<misses>13949001</misses>
				<total>44</total>
				<timestamp>4737.918373</timestamp>
			</report>
			<report>
				<misses>13950001</misses>
				<total>45</total>
				<timestamp>4738.257852</timestamp>
			</report>
			<report>
				<misses>13951001</misses>
				<total>45</total>
				<timestamp>4738.597544</timestamp>
			</report>
			<report>
				<misses>13952001</misses>
				<total>45</total>
				<timestamp>4738.937189</timestamp>
			</report>
			<report>
				<misses>13953001</misses>
				<total>45</total>
				<timestamp>4739.276830</timestamp>
			</report>
			<report>
				<misses>13954001</misses>
				<total>45</total>
				<timestamp>4739.616490</timestamp>
			</report>
			<report>
				<misses>13955001</misses>
				<total>45</total>
				<timestamp>4739.956177</timestamp>
			</report>
			<report>
				<misses>13956001</misses>
				<total>45</total>
				<timestamp>4740.295799</timestamp>
			</report>
			<report>
				<misses>13957001</misses>
				<total>45</total>
				<timestamp>4740.635490</timestamp>
			</report>
			<report>
				<misses>13958001</misses>
				<total>45</total>
				<timestamp>4740.975285</timestamp>
			</report>
			<report>
				<misses>13959001</misses>
				<total>45</total>
				<timestamp>4741.314802</timestamp>
			</report>
			<report>
				<misses>13960001</misses>
				<total>45</total>
				<timestamp>4741.654498</timestamp>
			</report>
			<report>
				<misses>13961001</misses>
				<total>45</total>
				<timestamp>4741.994110</timestamp>
			</report>
			<report>
				<misses>13962001</misses>
				<total>45</total>
				<timestamp>4742.333787</timestamp>
			</report>
			<report>
				<misses>13963001</misses>
				<total>45</total>
				<timestamp>4742.673491</timestamp>
			</report>
			<report>
				<misses>13964001</misses>
				<total>45</total>
				<timestamp>4743.013115</timestamp>
			</report>
			<report>
				<misses>13965001</misses>
				<total>45</total>
				<timestamp>4743.352757</timestamp>
			</report>
			<report>
				<misses>13966001</misses>
				<total>45</total>
				<timestamp>4743.692467</timestamp>
			</report>
			<report>
				<misses>13967001</misses>
				<total>45</total>
				<timestamp>4744.032101</timestamp>
			</report>
			<report>
				<misses>13968001</misses>
				<total>45</total>
				<timestamp>4744.371725</timestamp>
			</report>
			<report>
				<misses>13969001</misses>
				<total>44</total>
				<timestamp>4744.711541</timestamp>
			</report>
			<report>
				<misses>13970001</misses>
				<total>45</total>
				<timestamp>4745.051062</timestamp>
			</report>
			<report>
				<misses>13971001</misses>
				<total>45</total>
				<timestamp>4745.390721</timestamp>
			</report>
			<report>
				<misses>13972001</misses>
				<total>45</total>
				<timestamp>4745.730434</timestamp>
			</report>
			<report>
				<misses>13973001</misses>
				<total>45</total>
				<timestamp>4746.070047</timestamp>
			</report>
			<report>
				<misses>13974001</misses>
				<total>45</total>
				<timestamp>4746.409690</timestamp>
			</report>
			<report>
				<misses>13975001</misses>
				<total>45</total>
				<timestamp>4746.749457</timestamp>
			</report>
			<report>
				<misses>13976001</misses>
				<total>45</total>
				<timestamp>4747.089028</timestamp>
			</report>
			<report>
				<misses>13977001</misses>
				<total>45</total>
				<timestamp>4747.428674</timestamp>
			</report>
			<report>
				<misses>13978001</misses>
				<total>44</total>
				<timestamp>4747.768442</timestamp>
			</report>
			<report>
				<misses>13979001</misses>
				<total>45</total>
				<timestamp>4748.107990</timestamp>
			</report>
			<report>
				<misses>13980001</misses>
				<total>45</total>
				<timestamp>4748.447653</timestamp>
			</report>
			<report>
				<misses>13981001</misses>
				<total>44</total>
				<timestamp>4748.787437</timestamp>
			</report>
			<report>
				<misses>13982001</misses>
				<total>45</total>
				<timestamp>4749.126974</timestamp>
			</report>
			<report>
				<misses>13983001</misses>
				<total>45</total>
				<timestamp>4749.466647</timestamp>
			</report>
			<report>
				<misses>13984001</misses>
				<total>45</total>
				<timestamp>4749.806305</timestamp>
			</report>
			<report>
				<misses>13985001</misses>
				<total>45</total>
				<timestamp>4750.145980</timestamp>
			</report>
			<report>
				<misses>13986001</misses>
				<total>45</total>
				<timestamp>4750.485630</timestamp>
			</report>
			<report>
				<misses>13987001</misses>
				<total>45</total>
				<timestamp>4750.825371</timestamp>
			</report>
			<report>
				<misses>13988001</misses>
				<total>45</total>
				<timestamp>4751.164957</timestamp>
			</report>
			<report>
				<misses>13989001</misses>
				<total>45</total>
				<timestamp>4751.504617</timestamp>
			</report>
			<report>
				<misses>13990001</misses>
				<total>45</total>
				<timestamp>4751.844312</timestamp>
			</report>
			<report>
				<misses>13991001</misses>
				<total>45</total>
				<timestamp>4752.183966</timestamp>
			</report>
			<report>
				<misses>13992001</misses>
				<total>45</total>
				<timestamp>4752.523576</timestamp>
			</report>
			<report>
				<misses>13993001</misses>
				<total>45</total>
				<timestamp>4752.863329</timestamp>
			</report>
			<report>
				<misses>13994001</misses>
				<total>44</total>
				<timestamp>4753.202991</timestamp>
			</report>
			<report>
				<misses>13995001</misses>
				<total>45</total>
				<timestamp>4753.542550</timestamp>
			</report>
			<report>
				<misses>13996001</misses>
				<total>45</total>
				<timestamp>4753.882304</timestamp>
			</report>
			<report>
				<misses>13997001</misses>
				<total>45</total>
				<timestamp>4754.221884</timestamp>
			</report>
			<report>
				<misses>13998001</misses>
				<total>45</total>
				<timestamp>4754.561546</timestamp>
			</report>
			<report>
				<misses>13999001</misses>
				<total>45</total>
				<timestamp>4754.901279</timestamp>
			</report>
			<report>
				<misses>14000001</misses>
				<total>45</total>
				<timestamp>4755.240864</timestamp>
			</report>
			<report>
				<misses>14001001</misses>
				<total>45</total>
				<timestamp>4755.580543</timestamp>
			</report>
			<report>
				<misses>14002001</misses>
				<total>44</total>
				<timestamp>4755.920290</timestamp>
			</report>
			<report>
				<misses>14003001</misses>
				<total>45</total>
				<timestamp>4756.259874</timestamp>
			</report>
			<report>
				<misses>14004001</misses>
				<total>45</total>
				<timestamp>4756.599489</timestamp>
			</report>
			<report>
				<misses>14005001</misses>
				<total>45</total>
				<timestamp>4756.939214</timestamp>
			</report>
			<report>
				<misses>14006001</misses>
				<total>45</total>
				<timestamp>4757.278829</timestamp>
			</report>
			<report>
				<misses>14007001</misses>
				<total>45</total>
				<timestamp>4757.618514</timestamp>
			</report>
			<report>
				<misses>14008001</misses>
				<total>44</total>
				<timestamp>4757.958283</timestamp>
			</report>
			<report>
				<misses>14009001</misses>
				<total>45</total>
				<timestamp>4758.297781</timestamp>
			</report>
			<report>
				<misses>14010001</misses>
				<total>45</total>
				<timestamp>4758.637461</timestamp>
			</report>
			<report>
				<misses>14011001</misses>
				<total>45</total>
				<timestamp>4758.977132</timestamp>
			</report>
			<report>
				<misses>14012001</misses>
				<total>45</total>
				<timestamp>4759.316827</timestamp>
			</report>
			<report>
				<misses>14013001</misses>
				<total>45</total>
				<timestamp>4759.656492</timestamp>
			</report>
			<report>
				<misses>14014001</misses>
				<total>45</total>
				<timestamp>4759.996093</timestamp>
			</report>
			<report>
				<misses>14015001</misses>
				<total>45</total>
				<timestamp>4760.335746</timestamp>
			</report>
			<report>
				<misses>14016001</misses>
				<total>45</total>
				<timestamp>4760.675467</timestamp>
			</report>
			<report>
				<misses>14017001</misses>
				<total>45</total>
				<timestamp>4761.015075</timestamp>
			</report>
			<report>
				<misses>14018001</misses>
				<total>45</total>
				<timestamp>4761.354740</timestamp>
			</report>
			<report>
				<misses>14019001</misses>
				<total>45</total>
				<timestamp>4761.694480</timestamp>
			</report>
			<report>
				<misses>14020001</misses>
				<total>45</total>
				<timestamp>4762.034076</timestamp>
			</report>
			<report>
				<misses>14021001</misses>
				<total>45</total>
				<timestamp>4762.373710</timestamp>
			</report>
			<report>
				<misses>14022001</misses>
				<total>44</total>
				<timestamp>4762.713458</timestamp>
			</report>
			<report>
				<misses>14023001</misses>
				<total>45</total>
				<timestamp>4763.053049</timestamp>
			</report>
			<report>
				<misses>14024001</misses>
				<total>45</total>
				<timestamp>4763.392706</timestamp>
			</report>
			<report>
				<misses>14025001</misses>
				<total>44</total>
				<timestamp>4763.732466</timestamp>
			</report>
			<report>
				<misses>14026001</misses>
				<total>45</total>
				<timestamp>4764.072016</timestamp>
			</report>
			<report>
				<misses>14027001</misses>
				<total>45</total>
				<timestamp>4764.411675</timestamp>
			</report>
			<report>
				<misses>14028001</misses>
				<total>44</total>
				<timestamp>4764.751451</timestamp>
			</report>
			<report>
				<misses>14029001</misses>
				<total>45</total>
				<timestamp>4765.090985</timestamp>
			</report>
			<report>
				<misses>14030001</misses>
				<total>45</total>
				<timestamp>4765.430651</timestamp>
			</report>
			<report>
				<misses>14031001</misses>
				<total>44</total>
				<timestamp>4765.770456</timestamp>
			</report>
			<report>
				<misses>14032001</misses>
				<total>45</total>
				<timestamp>4766.109981</timestamp>
			</report>
			<report>
				<misses>14033001</misses>
				<total>45</total>
				<timestamp>4766.449670</timestamp>
			</report>
			<report>
				<misses>14034001</misses>
				<total>45</total>
				<timestamp>4766.789365</timestamp>
			</report>
			<report>
				<misses>14035001</misses>
				<total>45</total>
				<timestamp>4767.128961</timestamp>
			</report>
			<report>
				<misses>14036001</misses>
				<total>45</total>
				<timestamp>4767.468614</timestamp>
			</report>
			<report>
				<misses>14037001</misses>
				<total>45</total>
				<timestamp>4767.808324</timestamp>
			</report>
			<report>
				<misses>14038001</misses>
				<total>45</total>
				<timestamp>4768.147926</timestamp>
			</report>
			<report>
				<misses>14039001</misses>
				<total>45</total>
				<timestamp>4768.487608</timestamp>
			</report>
			<report>
				<misses>14040001</misses>
				<total>45</total>
				<timestamp>4768.827291</timestamp>
			</report>
			<report>
				<misses>14041001</misses>
				<total>45</total>
				<timestamp>4769.166908</timestamp>
			</report>
			<report>
				<misses>14042001</misses>
				<total>45</total>
				<timestamp>4769.506559</timestamp>
			</report>
			<report>
				<misses>14043001</misses>
				<total>44</total>
				<timestamp>4769.846329</timestamp>
			</report>
			<report>
				<misses>14044001</misses>
				<total>45</total>
				<timestamp>4770.185911</timestamp>
			</report>
			<report>
				<misses>14045001</misses>
				<total>45</total>
				<timestamp>4770.525554</timestamp>
			</report>
			<report>
				<misses>14046001</misses>
				<total>45</total>
				<timestamp>4770.865307</timestamp>
			</report>
			<report>
				<misses>14047001</misses>
				<total>45</total>
				<timestamp>4771.204907</timestamp>
			</report>
			<report>
				<misses>14048001</misses>
				<total>45</total>
				<timestamp>4771.544545</timestamp>
			</report>
			<report>
				<misses>14049001</misses>
				<total>44</total>
				<timestamp>4771.884303</timestamp>
			</report>
			<report>
				<misses>14050001</misses>
				<total>45</total>
				<timestamp>4772.223891</timestamp>
			</report>
			<report>
				<misses>14051001</misses>
				<total>45</total>
				<timestamp>4772.563523</timestamp>
			</report>
			<report>
				<misses>14052001</misses>
				<total>44</total>
				<timestamp>4772.903296</timestamp>
			</report>
			<report>
				<misses>14053001</misses>
				<total>45</total>
				<timestamp>4773.242888</timestamp>
			</report>
			<report>
				<misses>14054001</misses>
				<total>45</total>
				<timestamp>4773.582502</timestamp>
			</report>
			<report>
				<misses>14055001</misses>
				<total>44</total>
				<timestamp>4773.922297</timestamp>
			</report>
			<report>
				<misses>14056001</misses>
				<total>45</total>
				<timestamp>4774.261858</timestamp>
			</report>
			<report>
				<misses>14057001</misses>
				<total>45</total>
				<timestamp>4774.601480</timestamp>
			</report>
			<report>
				<misses>14058001</misses>
				<total>45</total>
				<timestamp>4774.941163</timestamp>
			</report>
			<report>
				<misses>14059001</misses>
				<total>45</total>
				<timestamp>4775.280890</timestamp>
			</report>
			<report>
				<misses>14060001</misses>
				<total>45</total>
				<timestamp>4775.620482</timestamp>
			</report>
			<report>
				<misses>14061001</misses>
				<total>45</total>
				<timestamp>4775.960120</timestamp>
			</report>
			<report>
				<misses>14062001</misses>
				<total>45</total>
				<timestamp>4776.299774</timestamp>
			</report>
			<report>
				<misses>14063001</misses>
				<total>45</total>
				<timestamp>4776.639486</timestamp>
			</report>
			<report>
				<misses>14064001</misses>
				<total>45</total>
				<timestamp>4776.979163</timestamp>
			</report>
			<report>
				<misses>14065001</misses>
				<total>45</total>
				<timestamp>4777.318808</timestamp>
			</report>
			<report>
				<misses>14066001</misses>
				<total>45</total>
				<timestamp>4777.658425</timestamp>
			</report>
			<report>
				<misses>14067001</misses>
				<total>45</total>
				<timestamp>4777.998141</timestamp>
			</report>
			<report>
				<misses>14068001</misses>
				<total>45</total>
				<timestamp>4778.337739</timestamp>
			</report>
			<report>
				<misses>14069001</misses>
				<total>45</total>
				<timestamp>4778.677402</timestamp>
			</report>
			<report>
				<misses>14070001</misses>
				<total>45</total>
				<timestamp>4779.017071</timestamp>
			</report>
			<report>
				<misses>14071001</misses>
				<total>45</total>
				<timestamp>4779.356708</timestamp>
			</report>
			<report>
				<misses>14072001</misses>
				<total>45</total>
				<timestamp>4779.696389</timestamp>
			</report>
			<report>
				<misses>14073001</misses>
				<total>44</total>
				<timestamp>4780.036175</timestamp>
			</report>
			<report>
				<misses>14074001</misses>
				<total>45</total>
				<timestamp>4780.375700</timestamp>
			</report>
			<report>
				<misses>14075001</misses>
				<total>45</total>
				<timestamp>4780.715377</timestamp>
			</report>
			<report>
				<misses>14076001</misses>
				<total>44</total>
				<timestamp>4781.055124</timestamp>
			</report>
			<report>
				<misses>14077001</misses>
				<total>45</total>
				<timestamp>4781.394686</timestamp>
			</report>
			<report>
				<misses>14078001</misses>
				<total>45</total>
				<timestamp>4781.734352</timestamp>
			</report>
			<report>
				<misses>14079001</misses>
				<total>45</total>
				<timestamp>4782.074022</timestamp>
			</report>
			<report>
				<misses>14080001</misses>
				<total>45</total>
				<timestamp>4782.413703</timestamp>
			</report>
			<report>
				<misses>14081001</misses>
				<total>45</total>
				<timestamp>4782.753370</timestamp>
			</report>
			<report>
				<misses>14082001</misses>
				<total>44</total>
				<timestamp>4783.093118</timestamp>
			</report>
			<report>
				<misses>14083001</misses>
				<total>45</total>
				<timestamp>4783.432658</timestamp>
			</report>
			<report>
				<misses>14084001</misses>
				<total>45</total>
				<timestamp>4783.772355</timestamp>
			</report>
			<report>
				<misses>14085001</misses>
				<total>45</total>
				<timestamp>4784.112002</timestamp>
			</report>
			<report>
				<misses>14086001</misses>
				<total>45</total>
				<timestamp>4784.451602</timestamp>
			</report>
			<report>
				<misses>14087001</misses>
				<total>45</total>
				<timestamp>4784.791348</timestamp>
			</report>
			<report>
				<misses>14088001</misses>
				<total>45</total>
				<timestamp>4785.130992</timestamp>
			</report>
			<report>
				<misses>14089001</misses>
				<total>45</total>
				<timestamp>4785.470600</timestamp>
			</report>
			<report>
				<misses>14090001</misses>
				<total>45</total>
				<timestamp>4785.810328</timestamp>
			</report>
			<report>
				<misses>14091001</misses>
				<total>44</total>
				<timestamp>4786.150103</timestamp>
			</report>
			<report>
				<misses>14092001</misses>
				<total>45</total>
				<timestamp>4786.489580</timestamp>
			</report>
			<report>
				<misses>14093001</misses>
				<total>45</total>
				<timestamp>4786.829236</timestamp>
			</report>
			<report>
				<misses>14094001</misses>
				<total>45</total>
				<timestamp>4787.168918</timestamp>
			</report>
			<report>
				<misses>14095001</misses>
				<total>45</total>
				<timestamp>4787.508597</timestamp>
			</report>
			<report>
				<misses>14096001</misses>
				<total>44</total>
				<timestamp>4787.848306</timestamp>
			</report>
			<report>
				<misses>14097001</misses>
				<total>45</total>
				<timestamp>4788.187961</timestamp>
			</report>
			<report>
				<misses>14098001</misses>
				<total>45</total>
				<timestamp>4788.527522</timestamp>
			</report>
			<report>
				<misses>14099001</misses>
				<total>45</total>
				<timestamp>4788.867186</timestamp>
			</report>
			<report>
				<misses>14100001</misses>
				<total>45</total>
				<timestamp>4789.206897</timestamp>
			</report>
			<report>
				<misses>14101001</misses>
				<total>45</total>
				<timestamp>4789.546516</timestamp>
			</report>
			<report>
				<misses>14102001</misses>
				<total>45</total>
				<timestamp>4789.886197</timestamp>
			</report>
			<report>
				<misses>14103001</misses>
				<total>45</total>
				<timestamp>4790.225832</timestamp>
			</report>
			<report>
				<misses>14104001</misses>
				<total>45</total>
				<timestamp>4790.565499</timestamp>
			</report>
			<report>
				<misses>14105001</misses>
				<total>45</total>
				<timestamp>4790.905167</timestamp>
			</report>
			<report>
				<misses>14106001</misses>
				<total>45</total>
				<timestamp>4791.244818</timestamp>
			</report>
			<report>
				<misses>14107001</misses>
				<total>45</total>
				<timestamp>4791.584479</timestamp>
			</report>
			<report>
				<misses>14108001</misses>
				<total>45</total>
				<timestamp>4791.924218</timestamp>
			</report>
			<report>
				<misses>14109001</misses>
				<total>45</total>
				<timestamp>4792.263834</timestamp>
			</report>
			<report>
				<misses>14110001</misses>
				<total>45</total>
				<timestamp>4792.603467</timestamp>
			</report>
			<report>
				<misses>14111001</misses>
				<total>45</total>
				<timestamp>4792.943141</timestamp>
			</report>
			<report>
				<misses>14112001</misses>
				<total>45</total>
				<timestamp>4793.282799</timestamp>
			</report>
			<report>
				<misses>14113001</misses>
				<total>45</total>
				<timestamp>4793.622480</timestamp>
			</report>
			<report>
				<misses>14114001</misses>
				<total>45</total>
				<timestamp>4793.962153</timestamp>
			</report>
			<report>
				<misses>14115001</misses>
				<total>45</total>
				<timestamp>4794.301753</timestamp>
			</report>
			<report>
				<misses>14116001</misses>
				<total>45</total>
				<timestamp>4794.641434</timestamp>
			</report>
			<report>
				<misses>14117001</misses>
				<total>44</total>
				<timestamp>4794.981160</timestamp>
			</report>
			<report>
				<misses>14118001</misses>
				<total>45</total>
				<timestamp>4795.320755</timestamp>
			</report>
			<report>
				<misses>14119001</misses>
				<total>45</total>
				<timestamp>4795.660382</timestamp>
			</report>
			<report>
				<misses>14120001</misses>
				<total>45</total>
				<timestamp>4796.000091</timestamp>
			</report>
			<report>
				<misses>14121001</misses>
				<total>45</total>
				<timestamp>4796.339729</timestamp>
			</report>
			<report>
				<misses>14122001</misses>
				<total>45</total>
				<timestamp>4796.679391</timestamp>
			</report>
			<report>
				<misses>14123001</misses>
				<total>44</total>
				<timestamp>4797.019131</timestamp>
			</report>
			<report>
				<misses>14124001</misses>
				<total>45</total>
				<timestamp>4797.358693</timestamp>
			</report>
			<report>
				<misses>14125001</misses>
				<total>45</total>
				<timestamp>4797.698367</timestamp>
			</report>
			<report>
				<misses>14126001</misses>
				<total>45</total>
				<timestamp>4798.038030</timestamp>
			</report>
			<report>
				<misses>14127001</misses>
				<total>45</total>
				<timestamp>4798.377701</timestamp>
			</report>
			<report>
				<misses>14128001</misses>
				<total>45</total>
				<timestamp>4798.717342</timestamp>
			</report>
			<report>
				<misses>14129001</misses>
				<total>44</total>
				<timestamp>4799.057121</timestamp>
			</report>
			<report>
				<misses>14130001</misses>
				<total>45</total>
				<timestamp>4799.396670</timestamp>
			</report>
			<report>
				<misses>14131001</misses>
				<total>45</total>
				<timestamp>4799.736316</timestamp>
			</report>
			<report>
				<misses>14132001</misses>
				<total>45</total>
				<timestamp>4800.076006</timestamp>
			</report>
			<report>
				<misses>14133001</misses>
				<total>45</total>
				<timestamp>4800.415632</timestamp>
			</report>
			<report>
				<misses>14134001</misses>
				<total>45</total>
				<timestamp>4800.755310</timestamp>
			</report>
			<report>
				<misses>14135001</misses>
				<total>45</total>
				<timestamp>4801.095041</timestamp>
			</report>
			<report>
				<misses>14136001</misses>
				<total>45</total>
				<timestamp>4801.434618</timestamp>
			</report>
			<report>
				<misses>14137001</misses>
				<total>45</total>
				<timestamp>4801.774294</timestamp>
			</report>
			<report>
				<misses>14138001</misses>
				<total>45</total>
				<timestamp>4802.113994</timestamp>
			</report>
			<report>
				<misses>14139001</misses>
				<total>45</total>
				<timestamp>4802.453593</timestamp>
			</report>
			<report>
				<misses>14140001</misses>
				<total>45</total>
				<timestamp>4802.793288</timestamp>
			</report>
			<report>
				<misses>14141001</misses>
				<total>45</total>
				<timestamp>4803.132986</timestamp>
			</report>
			<report>
				<misses>14142001</misses>
				<total>45</total>
				<timestamp>4803.472560</timestamp>
			</report>
			<report>
				<misses>14143001</misses>
				<total>45</total>
				<timestamp>4803.812220</timestamp>
			</report>
			<report>
				<misses>14144001</misses>
				<total>44</total>
				<timestamp>4804.151997</timestamp>
			</report>
			<report>
				<misses>14145001</misses>
				<total>45</total>
				<timestamp>4804.491570</timestamp>
			</report>
			<report>
				<misses>14146001</misses>
				<total>45</total>
				<timestamp>4804.831212</timestamp>
			</report>
			<report>
				<misses>14147001</misses>
				<total>45</total>
				<timestamp>4805.170931</timestamp>
			</report>
			<report>
				<misses>14148001</misses>
				<total>45</total>
				<timestamp>4805.510527</timestamp>
			</report>
			<report>
				<misses>14149001</misses>
				<total>45</total>
				<timestamp>4805.850198</timestamp>
			</report>
			<report>
				<misses>14150001</misses>
				<total>44</total>
				<timestamp>4806.189996</timestamp>
			</report>
			<report>
				<misses>14151001</misses>
				<total>45</total>
				<timestamp>4806.529519</timestamp>
			</report>
			<report>
				<misses>14152001</misses>
				<total>47</total>
				<timestamp>4806.869182</timestamp>
			</report>
			<report>
				<misses>14153001</misses>
				<total>47</total>
				<timestamp>4807.208843</timestamp>
			</report>
			<report>
				<misses>14154001</misses>
				<total>47</total>
				<timestamp>4807.548494</timestamp>
			</report>
			<report>
				<misses>14155001</misses>
				<total>47</total>
				<timestamp>4807.888149</timestamp>
			</report>
			<report>
				<misses>14156001</misses>
				<total>46</total>
				<timestamp>4808.227973</timestamp>
			</report>
			<report>
				<misses>14157001</misses>
				<total>47</total>
				<timestamp>4808.567471</timestamp>
			</report>
			<report>
				<misses>14158001</misses>
				<total>47</total>
				<timestamp>4808.907178</timestamp>
			</report>
			<report>
				<misses>14159001</misses>
				<total>46</total>
				<timestamp>4809.246952</timestamp>
			</report>
			<report>
				<misses>14160001</misses>
				<total>47</total>
				<timestamp>4809.586463</timestamp>
			</report>
			<report>
				<misses>14161001</misses>
				<total>47</total>
				<timestamp>4809.926184</timestamp>
			</report>
			<report>
				<misses>14162001</misses>
				<total>47</total>
				<timestamp>4810.265784</timestamp>
			</report>
			<report>
				<misses>14163001</misses>
				<total>47</total>
				<timestamp>4810.605432</timestamp>
			</report>
			<report>
				<misses>14164001</misses>
				<total>47</total>
				<timestamp>4810.945135</timestamp>
			</report>
			<report>
				<misses>14165001</misses>
				<total>47</total>
				<timestamp>4811.284767</timestamp>
			</report>
			<report>
				<misses>14166001</misses>
				<total>47</total>
				<timestamp>4811.624426</timestamp>
			</report>
			<report>
				<misses>14167001</misses>
				<total>47</total>
				<timestamp>4811.964151</timestamp>
			</report>
			<report>
				<misses>14168001</misses>
				<total>47</total>
				<timestamp>4812.303753</timestamp>
			</report>
			<report>
				<misses>14169001</misses>
				<total>47</total>
				<timestamp>4812.643393</timestamp>
			</report>
			<report>
				<misses>14170001</misses>
				<total>47</total>
				<timestamp>4812.983045</timestamp>
			</report>
			<report>
				<misses>14171001</misses>
				<total>47</total>
				<timestamp>4813.322725</timestamp>
			</report>
			<report>
				<misses>14172001</misses>
				<total>47</total>
				<timestamp>4813.662371</timestamp>
			</report>
			<report>
				<misses>14173001</misses>
				<total>47</total>
				<timestamp>4814.002055</timestamp>
			</report>
			<report>
				<misses>14174001</misses>
				<total>47</total>
				<timestamp>4814.341716</timestamp>
			</report>
			<report>
				<misses>14175001</misses>
				<total>47</total>
				<timestamp>4814.681360</timestamp>
			</report>
			<report>
				<misses>14176001</misses>
				<total>47</total>
				<timestamp>4815.021023</timestamp>
			</report>
			<report>
				<misses>14177001</misses>
				<total>47</total>
				<timestamp>4815.360706</timestamp>
			</report>
			<report>
				<misses>14178001</misses>
				<total>47</total>
				<timestamp>4815.700336</timestamp>
			</report>
			<report>
				<misses>14179001</misses>
				<total>47</total>
				<timestamp>4816.040015</timestamp>
			</report>
			<report>
				<misses>14180001</misses>
				<total>47</total>
				<timestamp>4816.379702</timestamp>
			</report>
			<report>
				<misses>14181001</misses>
				<total>47</total>
				<timestamp>4816.719324</timestamp>
			</report>
			<report>
				<misses>14182001</misses>
				<total>47</total>
				<timestamp>4817.059000</timestamp>
			</report>
			<report>
				<misses>14183001</misses>
				<total>47</total>
				<timestamp>4817.398666</timestamp>
			</report>
			<report>
				<misses>14184001</misses>
				<total>47</total>
				<timestamp>4817.738292</timestamp>
			</report>
			<report>
				<misses>14185001</misses>
				<total>47</total>
				<timestamp>4818.077975</timestamp>
			</report>
			<report>
				<misses>14186001</misses>
				<total>47</total>
				<timestamp>4818.417651</timestamp>
			</report>
			<report>
				<misses>14187001</misses>
				<total>47</total>
				<timestamp>4818.757293</timestamp>
			</report>
			<report>
				<misses>14188001</misses>
				<total>47</total>
				<timestamp>4819.096967</timestamp>
			</report>
			<report>
				<misses>14189001</misses>
				<total>47</total>
				<timestamp>4819.436627</timestamp>
			</report>
			<report>
				<misses>14190001</misses>
				<total>47</total>
				<timestamp>4819.776268</timestamp>
			</report>
			<report>
				<misses>14191001</misses>
				<total>47</total>
				<timestamp>4820.116002</timestamp>
			</report>
			<report>
				<misses>14192001</misses>
				<total>47</total>
				<timestamp>4820.455626</timestamp>
			</report>
			<report>
				<misses>14193001</misses>
				<total>47</total>
				<timestamp>4820.795268</timestamp>
			</report>
			<report>
				<misses>14194001</misses>
				<total>47</total>
				<timestamp>4821.134955</timestamp>
			</report>
			<report>
				<misses>14195001</misses>
				<total>47</total>
				<timestamp>4821.474562</timestamp>
			</report>
			<report>
				<misses>14196001</misses>
				<total>47</total>
				<timestamp>4821.814200</timestamp>
			</report>
			<report>
				<misses>14197001</misses>
				<total>46</total>
				<timestamp>4822.153978</timestamp>
			</report>
			<report>
				<misses>14198001</misses>
				<total>47</total>
				<timestamp>4822.493531</timestamp>
			</report>
			<report>
				<misses>14199001</misses>
				<total>47</total>
				<timestamp>4822.833214</timestamp>
			</report>
			<report>
				<misses>14200001</misses>
				<total>46</total>
				<timestamp>4823.172978</timestamp>
			</report>
			<report>
				<misses>14201001</misses>
				<total>47</total>
				<timestamp>4823.512545</timestamp>
			</report>
			<report>
				<misses>14202001</misses>
				<total>47</total>
				<timestamp>4823.852170</timestamp>
			</report>
			<report>
				<misses>14203001</misses>
				<total>47</total>
				<timestamp>4824.191865</timestamp>
			</report>
			<report>
				<misses>14204001</misses>
				<total>47</total>
				<timestamp>4824.531500</timestamp>
			</report>
			<report>
				<misses>14205001</misses>
				<total>47</total>
				<timestamp>4824.871171</timestamp>
			</report>
			<report>
				<misses>14206001</misses>
				<total>47</total>
				<timestamp>4825.210830</timestamp>
			</report>
			<report>
				<misses>14207001</misses>
				<total>47</total>
				<timestamp>4825.550459</timestamp>
			</report>
			<report>
				<misses>14208001</misses>
				<total>47</total>
				<timestamp>4825.890143</timestamp>
			</report>
			<report>
				<misses>14209001</misses>
				<total>47</total>
				<timestamp>4826.229845</timestamp>
			</report>
			<report>
				<misses>14210001</misses>
				<total>47</total>
				<timestamp>4826.569457</timestamp>
			</report>
			<report>
				<misses>14211001</misses>
				<total>47</total>
				<timestamp>4826.909112</timestamp>
			</report>
			<report>
				<misses>14212001</misses>
				<total>47</total>
				<timestamp>4827.248839</timestamp>
			</report>
			<report>
				<misses>14213001</misses>
				<total>47</total>
				<timestamp>4827.588445</timestamp>
			</report>
			<report>
				<misses>14214001</misses>
				<total>47</total>
				<timestamp>4827.928118</timestamp>
			</report>
			<report>
				<misses>14215001</misses>
				<total>47</total>
				<timestamp>4828.267868</timestamp>
			</report>
			<report>
				<misses>14216001</misses>
				<total>47</total>
				<timestamp>4828.607424</timestamp>
			</report>
			<report>
				<misses>14217001</misses>
				<total>47</total>
				<timestamp>4828.947060</timestamp>
			</report>
			<report>
				<misses>14218001</misses>
				<total>47</total>
				<timestamp>4829.286798</timestamp>
			</report>
			<report>
				<misses>14219001</misses>
				<total>47</total>
				<timestamp>4829.626399</timestamp>
			</report>
			<report>
				<misses>14220001</misses>
				<total>47</total>
				<timestamp>4829.966036</timestamp>
			</report>
			<report>
				<misses>14221001</misses>
				<total>47</total>
				<timestamp>4830.305724</timestamp>
			</report>
			<report>
				<misses>14222001</misses>
				<total>47</total>
				<timestamp>4830.645362</timestamp>
			</report>
			<report>
				<misses>14223001</misses>
				<total>47</total>
				<timestamp>4830.985061</timestamp>
			</report>
			<report>
				<misses>14224001</misses>
				<total>46</total>
				<timestamp>4831.324797</timestamp>
			</report>
			<report>
				<misses>14225001</misses>
				<total>47</total>
				<timestamp>4831.664351</timestamp>
			</report>
			<report>
				<misses>14226001</misses>
				<total>47</total>
				<timestamp>4832.004037</timestamp>
			</report>
			<report>
				<misses>14227001</misses>
				<total>46</total>
				<timestamp>4832.343856</timestamp>
			</report>
			<report>
				<misses>14228001</misses>
				<total>47</total>
				<timestamp>4832.683330</timestamp>
			</report>
			<report>
				<misses>14229001</misses>
				<total>47</total>
				<timestamp>4833.023035</timestamp>
			</report>
			<report>
				<misses>14230001</misses>
				<total>46</total>
				<timestamp>4833.362812</timestamp>
			</report>
			<report>
				<misses>14231001</misses>
				<total>47</total>
				<timestamp>4833.702320</timestamp>
			</report>
			<report>
				<misses>14232001</misses>
				<total>47</total>
				<timestamp>4834.042026</timestamp>
			</report>
			<report>
				<misses>14233001</misses>
				<total>47</total>
				<timestamp>4834.381641</timestamp>
			</report>
			<report>
				<misses>14234001</misses>
				<total>47</total>
				<timestamp>4834.721293</timestamp>
			</report>
			<report>
				<misses>14235001</misses>
				<total>46</total>
				<timestamp>4835.061057</timestamp>
			</report>
			<report>
				<misses>14236001</misses>
				<total>47</total>
				<timestamp>4835.400621</timestamp>
			</report>
			<report>
				<misses>14237001</misses>
				<total>47</total>
				<timestamp>4835.740285</timestamp>
			</report>
			<report>
				<misses>14238001</misses>
				<total>47</total>
				<timestamp>4836.080015</timestamp>
			</report>
			<report>
				<misses>14239001</misses>
				<total>47</total>
				<timestamp>4836.419583</timestamp>
			</report>
			<report>
				<misses>14240001</misses>
				<total>47</total>
				<timestamp>4836.759273</timestamp>
			</report>
			<report>
				<misses>14241001</misses>
				<total>46</total>
				<timestamp>4837.099032</timestamp>
			</report>
			<report>
				<misses>14242001</misses>
				<total>47</total>
				<timestamp>4837.438574</timestamp>
			</report>
			<report>
				<misses>14243001</misses>
				<total>47</total>
				<timestamp>4837.778271</timestamp>
			</report>
			<report>
				<misses>14244001</misses>
				<total>46</total>
				<timestamp>4838.118012</timestamp>
			</report>
			<report>
				<misses>14245001</misses>
				<total>47</total>
				<timestamp>4838.457599</timestamp>
			</report>
			<report>
				<misses>14246001</misses>
				<total>47</total>
				<timestamp>4838.797251</timestamp>
			</report>
			<report>
				<misses>14247001</misses>
				<total>47</total>
				<timestamp>4839.136903</timestamp>
			</report>
			<report>
				<misses>14248001</misses>
				<total>47</total>
				<timestamp>4839.476550</timestamp>
			</report>
			<report>
				<misses>14249001</misses>
				<total>47</total>
				<timestamp>4839.816186</timestamp>
			</report>
			<report>
				<misses>14250001</misses>
				<total>47</total>
				<timestamp>4840.155871</timestamp>
			</report>
			<report>
				<misses>14251001</misses>
				<total>47</total>
				<timestamp>4840.495513</timestamp>
			</report>
			<report>
				<misses>14252001</misses>
				<total>47</total>
				<timestamp>4840.835183</timestamp>
			</report>
			<report>
				<misses>14253001</misses>
				<total>47</total>
				<timestamp>4841.174853</timestamp>
			</report>
			<report>
				<misses>14254001</misses>
				<total>47</total>
				<timestamp>4841.514500</timestamp>
			</report>
			<report>
				<misses>14255001</misses>
				<total>47</total>
				<timestamp>4841.854182</timestamp>
			</report>
			<report>
				<misses>14256001</misses>
				<total>47</total>
				<timestamp>4842.193843</timestamp>
			</report>
			<report>
				<misses>14257001</misses>
				<total>47</total>
				<timestamp>4842.533477</timestamp>
			</report>
			<report>
				<misses>14258001</misses>
				<total>47</total>
				<timestamp>4842.873170</timestamp>
			</report>
			<report>
				<misses>14259001</misses>
				<total>47</total>
				<timestamp>4843.212856</timestamp>
			</report>
			<report>
				<misses>14260001</misses>
				<total>47</total>
				<timestamp>4843.552465</timestamp>
			</report>
			<report>
				<misses>14261001</misses>
				<total>47</total>
				<timestamp>4843.892119</timestamp>
			</report>
			<report>
				<misses>14262001</misses>
				<total>46</total>
				<timestamp>4844.231867</timestamp>
			</report>
			<report>
				<misses>14263001</misses>
				<total>47</total>
				<timestamp>4844.571438</timestamp>
			</report>
			<report>
				<misses>14264001</misses>
				<total>47</total>
				<timestamp>4844.911127</timestamp>
			</report>
			<report>
				<misses>14265001</misses>
				<total>47</total>
				<timestamp>4845.250798</timestamp>
			</report>
			<report>
				<misses>14266001</misses>
				<total>47</total>
				<timestamp>4845.590417</timestamp>
			</report>
			<report>
				<misses>14267001</misses>
				<total>47</total>
				<timestamp>4845.930088</timestamp>
			</report>
			<report>
				<misses>14268001</misses>
				<total>46</total>
				<timestamp>4846.269827</timestamp>
			</report>
			<report>
				<misses>14269001</misses>
				<total>47</total>
				<timestamp>4846.609390</timestamp>
			</report>
			<report>
				<misses>14270001</misses>
				<total>47</total>
				<timestamp>4846.949051</timestamp>
			</report>
			<report>
				<misses>14271001</misses>
				<total>46</total>
				<timestamp>4847.288825</timestamp>
			</report>
			<report>
				<misses>14272001</misses>
				<total>47</total>
				<timestamp>4847.628376</timestamp>
			</report>
			<report>
				<misses>14273001</misses>
				<total>47</total>
				<timestamp>4847.968044</timestamp>
			</report>
			<report>
				<misses>14274001</misses>
				<total>46</total>
				<timestamp>4848.307823</timestamp>
			</report>
			<report>
				<misses>14275001</misses>
				<total>47</total>
				<timestamp>4848.647359</timestamp>
			</report>
			<report>
				<misses>14276001</misses>
				<total>47</total>
				<timestamp>4848.987011</timestamp>
			</report>
			<report>
				<misses>14277001</misses>
				<total>47</total>
				<timestamp>4849.326711</timestamp>
			</report>
			<report>
				<misses>14278001</misses>
				<total>47</total>
				<timestamp>4849.666327</timestamp>
			</report>
			<report>
				<misses>14279001</misses>
				<total>47</total>
				<timestamp>4850.005984</timestamp>
			</report>
			<report>
				<misses>14280001</misses>
				<total>47</total>
				<timestamp>4850.345684</timestamp>
			</report>
			<report>
				<misses>14281001</misses>
				<total>47</total>
				<timestamp>4850.685307</timestamp>
			</report>
			<report>
				<misses>14282001</misses>
				<total>47</total>
				<timestamp>4851.024982</timestamp>
			</report>
			<report>
				<misses>14283001</misses>
				<total>47</total>
				<timestamp>4851.364661</timestamp>
			</report>
			<report>
				<misses>14284001</misses>
				<total>47</total>
				<timestamp>4851.704308</timestamp>
			</report>
			<report>
				<misses>14285001</misses>
				<total>46</total>
				<timestamp>4852.044062</timestamp>
			</report>
			<report>
				<misses>14286001</misses>
				<total>47</total>
				<timestamp>4852.383680</timestamp>
			</report>
			<report>
				<misses>14287001</misses>
				<total>47</total>
				<timestamp>4852.723277</timestamp>
			</report>
			<report>
				<misses>14288001</misses>
				<total>47</total>
				<timestamp>4853.062951</timestamp>
			</report>
			<report>
				<misses>14289001</misses>
				<total>47</total>
				<timestamp>4853.402687</timestamp>
			</report>
			<report>
				<misses>14290001</misses>
				<total>47</total>
				<timestamp>4853.742299</timestamp>
			</report>
			<report>
				<misses>14291001</misses>
				<total>47</total>
				<timestamp>4854.081936</timestamp>
			</report>
			<report>
				<misses>14292001</misses>
				<total>47</total>
				<timestamp>4854.421659</timestamp>
			</report>
			<report>
				<misses>14293001</misses>
				<total>47</total>
				<timestamp>4854.761238</timestamp>
			</report>
			<report>
				<misses>14294001</misses>
				<total>47</total>
				<timestamp>4855.100906</timestamp>
			</report>
			<report>
				<misses>14295001</misses>
				<total>46</total>
				<timestamp>4855.440663</timestamp>
			</report>
			<report>
				<misses>14296001</misses>
				<total>47</total>
				<timestamp>4855.780226</timestamp>
			</report>
			<report>
				<misses>14297001</misses>
				<total>47</total>
				<timestamp>4856.119907</timestamp>
			</report>
			<report>
				<misses>14298001</misses>
				<total>46</total>
				<timestamp>4856.459657</timestamp>
			</report>
			<report>
				<misses>14299001</misses>
				<total>47</total>
				<timestamp>4856.799205</timestamp>
			</report>
			<report>
				<misses>14300001</misses>
				<total>47</total>
				<timestamp>4857.138907</timestamp>
			</report>
			<report>
				<misses>14301001</misses>
				<total>47</total>
				<timestamp>4857.478528</timestamp>
			</report>
			<report>
				<misses>14302001</misses>
				<total>47</total>
				<timestamp>4857.818194</timestamp>
			</report>
			<report>
				<misses>14303001</misses>
				<total>47</total>
				<timestamp>4858.157843</timestamp>
			</report>
			<report>
				<misses>14304001</misses>
				<total>47</total>
				<timestamp>4858.497517</timestamp>
			</report>
			<report>
				<misses>14305001</misses>
				<total>47</total>
				<timestamp>4858.837176</timestamp>
			</report>
			<report>
				<misses>14306001</misses>
				<total>47</total>
				<timestamp>4859.176842</timestamp>
			</report>
			<report>
				<misses>14307001</misses>
				<total>47</total>
				<timestamp>4859.516476</timestamp>
			</report>
			<report>
				<misses>14308001</misses>
				<total>47</total>
				<timestamp>4859.856144</timestamp>
			</report>
			<report>
				<misses>14309001</misses>
				<total>47</total>
				<timestamp>4860.195863</timestamp>
			</report>
			<report>
				<misses>14310001</misses>
				<total>46</total>
				<timestamp>4860.535622</timestamp>
			</report>
			<report>
				<misses>14311001</misses>
				<total>47</total>
				<timestamp>4860.875110</timestamp>
			</report>
			<report>
				<misses>14312001</misses>
				<total>47</total>
				<timestamp>4861.214862</timestamp>
			</report>
			<report>
				<misses>14313001</misses>
				<total>47</total>
				<timestamp>4861.554454</timestamp>
			</report>
			<report>
				<misses>14314001</misses>
				<total>47</total>
				<timestamp>4861.894106</timestamp>
			</report>
			<report>
				<misses>14315001</misses>
				<total>47</total>
				<timestamp>4862.233861</timestamp>
			</report>
			<report>
				<misses>14316001</misses>
				<total>47</total>
				<timestamp>4862.573442</timestamp>
			</report>
			<report>
				<misses>14317001</misses>
				<total>47</total>
				<timestamp>4862.913090</timestamp>
			</report>
			<report>
				<misses>14318001</misses>
				<total>46</total>
				<timestamp>4863.252863</timestamp>
			</report>
			<report>
				<misses>14319001</misses>
				<total>47</total>
				<timestamp>4863.592433</timestamp>
			</report>
			<report>
				<misses>14320001</misses>
				<total>47</total>
				<timestamp>4863.932097</timestamp>
			</report>
			<report>
				<misses>14321001</misses>
				<total>46</total>
				<timestamp>4864.271862</timestamp>
			</report>
			<report>
				<misses>14322001</misses>
				<total>47</total>
				<timestamp>4864.611411</timestamp>
			</report>
			<report>
				<misses>14323001</misses>
				<total>47</total>
				<timestamp>4864.951040</timestamp>
			</report>
			<report>
				<misses>14324001</misses>
				<total>47</total>
				<timestamp>4865.290730</timestamp>
			</report>
			<report>
				<misses>14325001</misses>
				<total>47</total>
				<timestamp>4865.630361</timestamp>
			</report>
			<report>
				<misses>14326001</misses>
				<total>47</total>
				<timestamp>4865.970019</timestamp>
			</report>
			<report>
				<misses>14327001</misses>
				<total>47</total>
				<timestamp>4866.309701</timestamp>
			</report>
			<report>
				<misses>14328001</misses>
				<total>47</total>
				<timestamp>4866.649333</timestamp>
			</report>
			<report>
				<misses>14329001</misses>
				<total>47</total>
				<timestamp>4866.989011</timestamp>
			</report>
			<report>
				<misses>14330001</misses>
				<total>47</total>
				<timestamp>4867.328705</timestamp>
			</report>
			<report>
				<misses>14331001</misses>
				<total>47</total>
				<timestamp>4867.668313</timestamp>
			</report>
			<report>
				<misses>14332001</misses>
				<total>47</total>
				<timestamp>4868.007975</timestamp>
			</report>
			<report>
				<misses>14333001</misses>
				<total>47</total>
				<timestamp>4868.347689</timestamp>
			</report>
			<report>
				<misses>14334001</misses>
				<total>47</total>
				<timestamp>4868.687294</timestamp>
			</report>
			<report>
				<misses>14335001</misses>
				<total>47</total>
				<timestamp>4869.026959</timestamp>
			</report>
			<report>
				<misses>14336001</misses>
				<total>47</total>
				<timestamp>4869.366674</timestamp>
			</report>
			<report>
				<misses>14337001</misses>
				<total>47</total>
				<timestamp>4869.706320</timestamp>
			</report>
			<report>
				<misses>14338001</misses>
				<total>47</total>
				<timestamp>4870.045948</timestamp>
			</report>
			<report>
				<misses>14339001</misses>
				<total>47</total>
				<timestamp>4870.385669</timestamp>
			</report>
			<report>
				<misses>14340001</misses>
				<total>47</total>
				<timestamp>4870.725254</timestamp>
			</report>
			<report>
				<misses>14341001</misses>
				<total>47</total>
				<timestamp>4871.064931</timestamp>
			</report>
			<report>
				<misses>14342001</misses>
				<total>47</total>
				<timestamp>4871.404634</timestamp>
			</report>
			<report>
				<misses>14343001</misses>
				<total>47</total>
				<timestamp>4871.744272</timestamp>
			</report>
			<report>
				<misses>14344001</misses>
				<total>47</total>
				<timestamp>4872.083893</timestamp>
			</report>
			<report>
				<misses>14345001</misses>
				<total>47</total>
				<timestamp>4872.423582</timestamp>
			</report>
			<report>
				<misses>14346001</misses>
				<total>47</total>
				<timestamp>4872.763223</timestamp>
			</report>
			<report>
				<misses>14347001</misses>
				<total>47</total>
				<timestamp>4873.102866</timestamp>
			</report>
			<report>
				<misses>14348001</misses>
				<total>46</total>
				<timestamp>4873.442668</timestamp>
			</report>
			<report>
				<misses>14349001</misses>
				<total>47</total>
				<timestamp>4873.782191</timestamp>
			</report>
			<report>
				<misses>14350001</misses>
				<total>47</total>
				<timestamp>4874.121856</timestamp>
			</report>
			<report>
				<misses>14351001</misses>
				<total>47</total>
				<timestamp>4874.461581</timestamp>
			</report>
			<report>
				<misses>14352001</misses>
				<total>47</total>
				<timestamp>4874.801185</timestamp>
			</report>
			<report>
				<misses>14353001</misses>
				<total>47</total>
				<timestamp>4875.140842</timestamp>
			</report>
			<report>
				<misses>14354001</misses>
				<total>46</total>
				<timestamp>4875.480647</timestamp>
			</report>
			<report>
				<misses>14355001</misses>
				<total>47</total>
				<timestamp>4875.820152</timestamp>
			</report>
			<report>
				<misses>14356001</misses>
				<total>47</total>
				<timestamp>4876.159831</timestamp>
			</report>
			<report>
				<misses>14357001</misses>
				<total>47</total>
				<timestamp>4876.499554</timestamp>
			</report>
			<report>
				<misses>14358001</misses>
				<total>47</total>
				<timestamp>4876.839130</timestamp>
			</report>
			<report>
				<misses>14359001</misses>
				<total>47</total>
				<timestamp>4877.178799</timestamp>
			</report>
			<report>
				<misses>14360001</misses>
				<total>47</total>
				<timestamp>4877.518519</timestamp>
			</report>
			<report>
				<misses>14361001</misses>
				<total>47</total>
				<timestamp>4877.858127</timestamp>
			</report>
			<report>
				<misses>14362001</misses>
				<total>47</total>
				<timestamp>4878.197818</timestamp>
			</report>
			<report>
				<misses>14363001</misses>
				<total>47</total>
				<timestamp>4878.537474</timestamp>
			</report>
			<report>
				<misses>14364001</misses>
				<total>47</total>
				<timestamp>4878.877091</timestamp>
			</report>
			<report>
				<misses>14365001</misses>
				<total>47</total>
				<timestamp>4879.216767</timestamp>
			</report>
			<report>
				<misses>14366001</misses>
				<total>46</total>
				<timestamp>4879.556536</timestamp>
			</report>
			<report>
				<misses>14367001</misses>
				<total>47</total>
				<timestamp>4879.896069</timestamp>
			</report>
			<report>
				<misses>14368001</misses>
				<total>47</total>
				<timestamp>4880.235740</timestamp>
			</report>
			<report>
				<misses>14369001</misses>
				<total>47</total>
				<timestamp>4880.575499</timestamp>
			</report>
			<report>
				<misses>14370001</misses>
				<total>47</total>
				<timestamp>4880.915080</timestamp>
			</report>
			<report>
				<misses>14371001</misses>
				<total>47</total>
				<timestamp>4881.254717</timestamp>
			</report>
			<report>
				<misses>14372001</misses>
				<total>46</total>
				<timestamp>4881.594510</timestamp>
			</report>
			<report>
				<misses>14373001</misses>
				<total>47</total>
				<timestamp>4881.934043</timestamp>
			</report>
			<report>
				<misses>14374001</misses>
				<total>47</total>
				<timestamp>4882.273697</timestamp>
			</report>
			<report>
				<misses>14375001</misses>
				<total>46</total>
				<timestamp>4882.613482</timestamp>
			</report>
			<report>
				<misses>14376001</misses>
				<total>47</total>
				<timestamp>4882.953027</timestamp>
			</report>
			<report>
				<misses>14377001</misses>
				<total>47</total>
				<timestamp>4883.292718</timestamp>
			</report>
			<report>
				<misses>14378001</misses>
				<total>47</total>
				<timestamp>4883.632420</timestamp>
			</report>
			<report>
				<misses>14379001</misses>
				<total>47</total>
				<timestamp>4883.972042</timestamp>
			</report>
			<report>
				<misses>14380001</misses>
				<total>47</total>
				<timestamp>4884.311714</timestamp>
			</report>
			<report>
				<misses>14381001</misses>
				<total>46</total>
				<timestamp>4884.651500</timestamp>
			</report>
			<report>
				<misses>14382001</misses>
				<total>47</total>
				<timestamp>4884.990977</timestamp>
			</report>
			<report>
				<misses>14383001</misses>
				<total>47</total>
				<timestamp>4885.330701</timestamp>
			</report>
			<report>
				<misses>14384001</misses>
				<total>47</total>
				<timestamp>4885.670302</timestamp>
			</report>
			<report>
				<misses>14385001</misses>
				<total>47</total>
				<timestamp>4886.009943</timestamp>
			</report>
			<report>
				<misses>14386001</misses>
				<total>47</total>
				<timestamp>4886.349675</timestamp>
			</report>
			<report>
				<misses>14387001</misses>
				<total>47</total>
				<timestamp>4886.689314</timestamp>
			</report>
			<report>
				<misses>14388001</misses>
				<total>47</total>
				<timestamp>4887.028936</timestamp>
			</report>
			<report>
				<misses>14389001</misses>
				<total>47</total>
				<timestamp>4887.368594</timestamp>
			</report>
			<report>
				<misses>14390001</misses>
				<total>47</total>
				<timestamp>4887.708330</timestamp>
			</report>
			<report>
				<misses>14391001</misses>
				<total>47</total>
				<timestamp>4888.047917</timestamp>
			</report>
			<report>
				<misses>14392001</misses>
				<total>47</total>
				<timestamp>4888.387603</timestamp>
			</report>
			<report>
				<misses>14393001</misses>
				<total>47</total>
				<timestamp>4888.727259</timestamp>
			</report>
			<report>
				<misses>14394001</misses>
				<total>47</total>
				<timestamp>4889.066914</timestamp>
			</report>
			<report>
				<misses>14395001</misses>
				<total>47</total>
				<timestamp>4889.406592</timestamp>
			</report>
			<report>
				<misses>14396001</misses>
				<total>47</total>
				<timestamp>4889.746224</timestamp>
			</report>
			<report>
				<misses>14397001</misses>
				<total>47</total>
				<timestamp>4890.085895</timestamp>
			</report>
			<report>
				<misses>14398001</misses>
				<total>47</total>
				<timestamp>4890.425532</timestamp>
			</report>
			<report>
				<misses>14399001</misses>
				<total>47</total>
				<timestamp>4890.765207</timestamp>
			</report>
			<report>
				<misses>14400001</misses>
				<total>47</total>
				<timestamp>4891.104847</timestamp>
			</report>
			<report>
				<misses>14401001</misses>
				<total>47</total>
				<timestamp>4891.444548</timestamp>
			</report>
			<report>
				<misses>14402001</misses>
				<total>47</total>
				<timestamp>4891.784181</timestamp>
			</report>
			<report>
				<misses>14403001</misses>
				<total>47</total>
				<timestamp>4892.123844</timestamp>
			</report>
			<report>
				<misses>14404001</misses>
				<total>47</total>
				<timestamp>4892.463562</timestamp>
			</report>
			<report>
				<misses>14405001</misses>
				<total>47</total>
				<timestamp>4892.803158</timestamp>
			</report>
			<report>
				<misses>14406001</misses>
				<total>47</total>
				<timestamp>4893.142836</timestamp>
			</report>
			<report>
				<misses>14407001</misses>
				<total>47</total>
				<timestamp>4893.482552</timestamp>
			</report>
			<report>
				<misses>14408001</misses>
				<total>47</total>
				<timestamp>4893.822150</timestamp>
			</report>
			<report>
				<misses>14409001</misses>
				<total>47</total>
				<timestamp>4894.161785</timestamp>
			</report>
			<report>
				<misses>14410001</misses>
				<total>47</total>
				<timestamp>4894.501507</timestamp>
			</report>
			<report>
				<misses>14411001</misses>
				<total>47</total>
				<timestamp>4894.841132</timestamp>
			</report>
			<report>
				<misses>14412001</misses>
				<total>47</total>
				<timestamp>4895.180767</timestamp>
			</report>
			<report>
				<misses>14413001</misses>
				<total>47</total>
				<timestamp>4895.520474</timestamp>
			</report>
			<report>
				<misses>14414001</misses>
				<total>47</total>
				<timestamp>4895.860115</timestamp>
			</report>
			<report>
				<misses>14415001</misses>
				<total>47</total>
				<timestamp>4896.199780</timestamp>
			</report>
			<report>
				<misses>14416001</misses>
				<total>46</total>
				<timestamp>4896.539545</timestamp>
			</report>
			<report>
				<misses>14417001</misses>
				<total>47</total>
				<timestamp>4896.879076</timestamp>
			</report>
			<report>
				<misses>14418001</misses>
				<total>47</total>
				<timestamp>4897.218747</timestamp>
			</report>
			<report>
				<misses>14419001</misses>
				<total>46</total>
				<timestamp>4897.558523</timestamp>
			</report>
			<report>
				<misses>14420001</misses>
				<total>47</total>
				<timestamp>4897.898077</timestamp>
			</report>
			<report>
				<misses>14421001</misses>
				<total>47</total>
				<timestamp>4898.237734</timestamp>
			</report>
			<report>
				<misses>14422001</misses>
				<total>46</total>
				<timestamp>4898.577527</timestamp>
			</report>
			<report>
				<misses>14423001</misses>
				<total>47</total>
				<timestamp>4898.917025</timestamp>
			</report>
			<report>
				<misses>14424001</misses>
				<total>47</total>
				<timestamp>4899.256710</timestamp>
			</report>
			<report>
				<misses>14425001</misses>
				<total>47</total>
				<timestamp>4899.596429</timestamp>
			</report>
			<report>
				<misses>14426001</misses>
				<total>47</total>
				<timestamp>4899.936024</timestamp>
			</report>
			<report>
				<misses>14427001</misses>
				<total>47</total>
				<timestamp>4900.275673</timestamp>
			</report>
			<report>
				<misses>14428001</misses>
				<total>47</total>
				<timestamp>4900.615411</timestamp>
			</report>
			<report>
				<misses>14429001</misses>
				<total>47</total>
				<timestamp>4900.954988</timestamp>
			</report>
			<report>
				<misses>14430001</misses>
				<total>47</total>
				<timestamp>4901.294653</timestamp>
			</report>
			<report>
				<misses>14431001</misses>
				<total>47</total>
				<timestamp>4901.634383</timestamp>
			</report>
			<report>
				<misses>14432001</misses>
				<total>47</total>
				<timestamp>4901.974006</timestamp>
			</report>
			<report>
				<misses>14433001</misses>
				<total>47</total>
				<timestamp>4902.313637</timestamp>
			</report>
			<report>
				<misses>14434001</misses>
				<total>47</total>
				<timestamp>4902.653325</timestamp>
			</report>
			<report>
				<misses>14435001</misses>
				<total>47</total>
				<timestamp>4902.992951</timestamp>
			</report>
			<report>
				<misses>14436001</misses>
				<total>47</total>
				<timestamp>4903.332622</timestamp>
			</report>
			<report>
				<misses>14437001</misses>
				<total>46</total>
				<timestamp>4903.672365</timestamp>
			</report>
			<report>
				<misses>14438001</misses>
				<total>47</total>
				<timestamp>4904.011942</timestamp>
			</report>
			<report>
				<misses>14439001</misses>
				<total>47</total>
				<timestamp>4904.351602</timestamp>
			</report>
			<report>
				<misses>14440001</misses>
				<total>47</total>
				<timestamp>4904.691341</timestamp>
			</report>
			<report>
				<misses>14441001</misses>
				<total>47</total>
				<timestamp>4905.030959</timestamp>
			</report>
			<report>
				<misses>14442001</misses>
				<total>47</total>
				<timestamp>4905.370593</timestamp>
			</report>
			<report>
				<misses>14443001</misses>
				<total>46</total>
				<timestamp>4905.710377</timestamp>
			</report>
			<report>
				<misses>14444001</misses>
				<total>47</total>
				<timestamp>4906.049891</timestamp>
			</report>
			<report>
				<misses>14445001</misses>
				<total>47</total>
				<timestamp>4906.389602</timestamp>
			</report>
			<report>
				<misses>14446001</misses>
				<total>46</total>
				<timestamp>4906.729337</timestamp>
			</report>
			<report>
				<misses>14447001</misses>
				<total>47</total>
				<timestamp>4907.068922</timestamp>
			</report>
			<report>
				<misses>14448001</misses>
				<total>47</total>
				<timestamp>4907.408542</timestamp>
			</report>
			<report>
				<misses>14449001</misses>
				<total>46</total>
				<timestamp>4907.748331</timestamp>
			</report>
			<report>
				<misses>14450001</misses>
				<total>47</total>
				<timestamp>4908.087874</timestamp>
			</report>
			<report>
				<misses>14451001</misses>
				<total>46</total>
				<timestamp>4908.427606</timestamp>
			</report>
			<report>
				<misses>14452001</misses>
				<total>47</total>
				<timestamp>4908.767227</timestamp>
			</report>
			<report>
				<misses>14453001</misses>
				<total>47</total>
				<timestamp>4909.106835</timestamp>
			</report>
			<report>
				<misses>14454001</misses>
				<total>47</total>
				<timestamp>4909.446502</timestamp>
			</report>
			<report>
				<misses>14455001</misses>
				<total>47</total>
				<timestamp>4909.786176</timestamp>
			</report>
			<report>
				<misses>14456001</misses>
				<total>47</total>
				<timestamp>4910.125821</timestamp>
			</report>
			<report>
				<misses>14457001</misses>
				<total>46</total>
				<timestamp>4910.465571</timestamp>
			</report>
			<report>
				<misses>14458001</misses>
				<total>47</total>
				<timestamp>4910.805142</timestamp>
			</report>
			<report>
				<misses>14459001</misses>
				<total>47</total>
				<timestamp>4911.144808</timestamp>
			</report>
			<report>
				<misses>14460001</misses>
				<total>46</total>
				<timestamp>4911.484586</timestamp>
			</report>
			<report>
				<misses>14461001</misses>
				<total>47</total>
				<timestamp>4911.824127</timestamp>
			</report>
			<report>
				<misses>14462001</misses>
				<total>47</total>
				<timestamp>4912.163784</timestamp>
			</report>
			<report>
				<misses>14463001</misses>
				<total>46</total>
				<timestamp>4912.503544</timestamp>
			</report>
			<report>
				<misses>14464001</misses>
				<total>47</total>
				<timestamp>4912.843104</timestamp>
			</report>
			<report>
				<misses>14465001</misses>
				<total>47</total>
				<timestamp>4913.182758</timestamp>
			</report>
			<report>
				<misses>14466001</misses>
				<total>47</total>
				<timestamp>4913.522424</timestamp>
			</report>
			<report>
				<misses>14467001</misses>
				<total>47</total>
				<timestamp>4913.862095</timestamp>
			</report>
			<report>
				<misses>14468001</misses>
				<total>47</total>
				<timestamp>4914.201755</timestamp>
			</report>
			<report>
				<misses>14469001</misses>
				<total>47</total>
				<timestamp>4914.541412</timestamp>
			</report>
			<report>
				<misses>14470001</misses>
				<total>47</total>
				<timestamp>4914.881052</timestamp>
			</report>
			<report>
				<misses>14471001</misses>
				<total>47</total>
				<timestamp>4915.220726</timestamp>
			</report>
			<report>
				<misses>14472001</misses>
				<total>47</total>
				<timestamp>4915.560408</timestamp>
			</report>
			<report>
				<misses>14473001</misses>
				<total>47</total>
				<timestamp>4915.900037</timestamp>
			</report>
			<report>
				<misses>14474001</misses>
				<total>47</total>
				<timestamp>4916.239690</timestamp>
			</report>
			<report>
				<misses>14475001</misses>
				<total>47</total>
				<timestamp>4916.579393</timestamp>
			</report>
			<report>
				<misses>14476001</misses>
				<total>47</total>
				<timestamp>4916.919015</timestamp>
			</report>
			<report>
				<misses>14477001</misses>
				<total>47</total>
				<timestamp>4917.258692</timestamp>
			</report>
			<report>
				<misses>14478001</misses>
				<total>47</total>
				<timestamp>4917.598411</timestamp>
			</report>
			<report>
				<misses>14479001</misses>
				<total>47</total>
				<timestamp>4917.938005</timestamp>
			</report>
			<report>
				<misses>14480001</misses>
				<total>47</total>
				<timestamp>4918.277661</timestamp>
			</report>
			<report>
				<misses>14481001</misses>
				<total>47</total>
				<timestamp>4918.617394</timestamp>
			</report>
			<report>
				<misses>14482001</misses>
				<total>47</total>
				<timestamp>4918.956989</timestamp>
			</report>
			<report>
				<misses>14483001</misses>
				<total>47</total>
				<timestamp>4919.296643</timestamp>
			</report>
			<report>
				<misses>14484001</misses>
				<total>47</total>
				<timestamp>4919.636320</timestamp>
			</report>
			<report>
				<misses>14485001</misses>
				<total>47</total>
				<timestamp>4919.975956</timestamp>
			</report>
			<report>
				<misses>14486001</misses>
				<total>47</total>
				<timestamp>4920.315642</timestamp>
			</report>
			<report>
				<misses>14487001</misses>
				<total>46</total>
				<timestamp>4920.655383</timestamp>
			</report>
			<report>
				<misses>14488001</misses>
				<total>47</total>
				<timestamp>4920.994953</timestamp>
			</report>
			<report>
				<misses>14489001</misses>
				<total>47</total>
				<timestamp>4921.334606</timestamp>
			</report>
			<report>
				<misses>14490001</misses>
				<total>47</total>
				<timestamp>4921.674293</timestamp>
			</report>
			<report>
				<misses>14491001</misses>
				<total>47</total>
				<timestamp>4922.013912</timestamp>
			</report>
			<report>
				<misses>14492001</misses>
				<total>47</total>
				<timestamp>4922.353583</timestamp>
			</report>
			<report>
				<misses>14493001</misses>
				<total>46</total>
				<timestamp>4922.693367</timestamp>
			</report>
			<report>
				<misses>14494001</misses>
				<total>47</total>
				<timestamp>4923.032953</timestamp>
			</report>
			<report>
				<misses>14495001</misses>
				<total>47</total>
				<timestamp>4923.372547</timestamp>
			</report>
			<report>
				<misses>14496001</misses>
				<total>46</total>
				<timestamp>4923.712351</timestamp>
			</report>
			<report>
				<misses>14497001</misses>
				<total>47</total>
				<timestamp>4924.051890</timestamp>
			</report>
			<report>
				<misses>14498001</misses>
				<total>47</total>
				<timestamp>4924.391547</timestamp>
			</report>
			<report>
				<misses>14499001</misses>
				<total>47</total>
				<timestamp>4924.731258</timestamp>
			</report>
			<report>
				<misses>14500001</misses>
				<total>47</total>
				<timestamp>4925.070862</timestamp>
			</report>
			<report>
				<misses>14501001</misses>
				<total>47</total>
				<timestamp>4925.410533</timestamp>
			</report>
			<report>
				<misses>14502001</misses>
				<total>47</total>
				<timestamp>4925.750215</timestamp>
			</report>
			<report>
				<misses>14503001</misses>
				<total>47</total>
				<timestamp>4926.089835</timestamp>
			</report>
			<report>
				<misses>14504001</misses>
				<total>47</total>
				<timestamp>4926.429495</timestamp>
			</report>
			<report>
				<misses>14505001</misses>
				<total>47</total>
				<timestamp>4926.769229</timestamp>
			</report>
			<report>
				<misses>14506001</misses>
				<total>47</total>
				<timestamp>4927.108804</timestamp>
			</report>
			<report>
				<misses>14507001</misses>
				<total>47</total>
				<timestamp>4927.448470</timestamp>
			</report>
			<report>
				<misses>14508001</misses>
				<total>47</total>
				<timestamp>4927.788208</timestamp>
			</report>
			<report>
				<misses>14509001</misses>
				<total>47</total>
				<timestamp>4928.127798</timestamp>
			</report>
			<report>
				<misses>14510001</misses>
				<total>47</total>
				<timestamp>4928.467474</timestamp>
			</report>
			<report>
				<misses>14511001</misses>
				<total>46</total>
				<timestamp>4928.807242</timestamp>
			</report>
			<report>
				<misses>14512001</misses>
				<total>47</total>
				<timestamp>4929.146782</timestamp>
			</report>
			<report>
				<misses>14513001</misses>
				<total>47</total>
				<timestamp>4929.486434</timestamp>
			</report>
			<report>
				<misses>14514001</misses>
				<total>46</total>
				<timestamp>4929.826201</timestamp>
			</report>
			<report>
				<misses>14515001</misses>
				<total>47</total>
				<timestamp>4930.165789</timestamp>
			</report>
			<report>
				<misses>14516001</misses>
				<total>47</total>
				<timestamp>4930.505420</timestamp>
			</report>
			<report>
				<misses>14517001</misses>
				<total>46</total>
				<timestamp>4930.845255</timestamp>
			</report>
			<report>
				<misses>14518001</misses>
				<total>47</total>
				<timestamp>4931.184739</timestamp>
			</report>
			<report>
				<misses>14519001</misses>
				<total>47</total>
				<timestamp>4931.524430</timestamp>
			</report>
			<report>
				<misses>14520001</misses>
				<total>46</total>
				<timestamp>4931.864189</timestamp>
			</report>
			<report>
				<misses>14521001</misses>
				<total>47</total>
				<timestamp>4932.203745</timestamp>
			</report>
			<report>
				<misses>14522001</misses>
				<total>47</total>
				<timestamp>4932.543403</timestamp>
			</report>
			<report>
				<misses>14523001</misses>
				<total>47</total>
				<timestamp>4932.883041</timestamp>
			</report>
			<report>
				<misses>14524001</misses>
				<total>47</total>
				<timestamp>4933.222698</timestamp>
			</report>
			<report>
				<misses>14525001</misses>
				<total>47</total>
				<timestamp>4933.562428</timestamp>
			</report>
			<report>
				<misses>14526001</misses>
				<total>47</total>
				<timestamp>4933.902024</timestamp>
			</report>
			<report>
				<misses>14527001</misses>
				<total>47</total>
				<timestamp>4934.241700</timestamp>
			</report>
			<report>
				<misses>14528001</misses>
				<total>47</total>
				<timestamp>4934.581399</timestamp>
			</report>
			<report>
				<misses>14529001</misses>
				<total>47</total>
				<timestamp>4934.921017</timestamp>
			</report>
			<report>
				<misses>14530001</misses>
				<total>47</total>
				<timestamp>4935.260662</timestamp>
			</report>
			<report>
				<misses>14531001</misses>
				<total>46</total>
				<timestamp>4935.600423</timestamp>
			</report>
			<report>
				<misses>14532001</misses>
				<total>47</total>
				<timestamp>4935.939995</timestamp>
			</report>
			<report>
				<misses>14533001</misses>
				<total>47</total>
				<timestamp>4936.279638</timestamp>
			</report>
			<report>
				<misses>14534001</misses>
				<total>47</total>
				<timestamp>4936.619341</timestamp>
			</report>
			<report>
				<misses>14535001</misses>
				<total>47</total>
				<timestamp>4936.958958</timestamp>
			</report>
			<report>
				<misses>14536001</misses>
				<total>47</total>
				<timestamp>4937.298641</timestamp>
			</report>
			<report>
				<misses>14537001</misses>
				<total>46</total>
				<timestamp>4937.638385</timestamp>
			</report>
			<report>
				<misses>14538001</misses>
				<total>47</total>
				<timestamp>4937.977933</timestamp>
			</report>
			<report>
				<misses>14539001</misses>
				<total>47</total>
				<timestamp>4938.317586</timestamp>
			</report>
			<report>
				<misses>14540001</misses>
				<total>46</total>
				<timestamp>4938.657394</timestamp>
			</report>
			<report>
				<misses>14541001</misses>
				<total>47</total>
				<timestamp>4938.996916</timestamp>
			</report>
			<report>
				<misses>14542001</misses>
				<total>47</total>
				<timestamp>4939.336573</timestamp>
			</report>
			<report>
				<misses>14543001</misses>
				<total>47</total>
				<timestamp>4939.676240</timestamp>
			</report>
			<report>
				<misses>14544001</misses>
				<total>47</total>
				<timestamp>4940.015900</timestamp>
			</report>
			<report>
				<misses>14545001</misses>
				<total>47</total>
				<timestamp>4940.355564</timestamp>
			</report>
			<report>
				<misses>14546001</misses>
				<total>47</total>
				<timestamp>4940.695254</timestamp>
			</report>
			<report>
				<misses>14547001</misses>
				<total>47</total>
				<timestamp>4941.034909</timestamp>
			</report>
			<report>
				<misses>14548001</misses>
				<total>47</total>
				<timestamp>4941.374533</timestamp>
			</report>
			<report>
				<misses>14549001</misses>
				<total>47</total>
				<timestamp>4941.714243</timestamp>
			</report>
			<report>
				<misses>14550001</misses>
				<total>47</total>
				<timestamp>4942.053844</timestamp>
			</report>
			<report>
				<misses>14551001</misses>
				<total>47</total>
				<timestamp>4942.393530</timestamp>
			</report>
			<report>
				<misses>14552001</misses>
				<total>47</total>
				<timestamp>4942.733204</timestamp>
			</report>
			<report>
				<misses>14553001</misses>
				<total>47</total>
				<timestamp>4943.072835</timestamp>
			</report>
			<report>
				<misses>14554001</misses>
				<total>47</total>
				<timestamp>4943.412497</timestamp>
			</report>
			<report>
				<misses>14555001</misses>
				<total>47</total>
				<timestamp>4943.752213</timestamp>
			</report>
			<report>
				<misses>14556001</misses>
				<total>47</total>
				<timestamp>4944.091855</timestamp>
			</report>
			<report>
				<misses>14557001</misses>
				<total>47</total>
				<timestamp>4944.431475</timestamp>
			</report>
			<report>
				<misses>14558001</misses>
				<total>47</total>
				<timestamp>4944.771212</timestamp>
			</report>
			<report>
				<misses>14559001</misses>
				<total>47</total>
				<timestamp>4945.110804</timestamp>
			</report>
			<report>
				<misses>14560001</misses>
				<total>47</total>
				<timestamp>4945.450456</timestamp>
			</report>
			<report>
				<misses>14561001</misses>
				<total>46</total>
				<timestamp>4945.790204</timestamp>
			</report>
			<report>
				<misses>14562001</misses>
				<total>47</total>
				<timestamp>4946.129765</timestamp>
			</report>
			<report>
				<misses>14563001</misses>
				<total>47</total>
				<timestamp>4946.469454</timestamp>
			</report>
			<report>
				<misses>14564001</misses>
				<total>47</total>
				<timestamp>4946.809158</timestamp>
			</report>
			<report>
				<misses>14565001</misses>
				<total>47</total>
				<timestamp>4947.148757</timestamp>
			</report>
			<report>
				<misses>14566001</misses>
				<total>47</total>
				<timestamp>4947.488421</timestamp>
			</report>
			<report>
				<misses>14567001</misses>
				<total>46</total>
				<timestamp>4947.828208</timestamp>
			</report>
			<report>
				<misses>14568001</misses>
				<total>47</total>
				<timestamp>4948.167738</timestamp>
			</report>
			<report>
				<misses>14569001</misses>
				<total>47</total>
				<timestamp>4948.507402</timestamp>
			</report>
			<report>
				<misses>14570001</misses>
				<total>47</total>
				<timestamp>4948.847066</timestamp>
			</report>
			<report>
				<misses>14571001</misses>
				<total>47</total>
				<timestamp>4949.186737</timestamp>
			</report>
			<report>
				<misses>14572001</misses>
				<total>47</total>
				<timestamp>4949.526372</timestamp>
			</report>
			<report>
				<misses>14573001</misses>
				<total>46</total>
				<timestamp>4949.866182</timestamp>
			</report>
			<report>
				<misses>14574001</misses>
				<total>47</total>
				<timestamp>4950.205693</timestamp>
			</report>
			<report>
				<misses>14575001</misses>
				<total>47</total>
				<timestamp>4950.545354</timestamp>
			</report>
			<report>
				<misses>14576001</misses>
				<total>47</total>
				<timestamp>4950.885059</timestamp>
			</report>
			<report>
				<misses>14577001</misses>
				<total>47</total>
				<timestamp>4951.224679</timestamp>
			</report>
			<report>
				<misses>14578001</misses>
				<total>47</total>
				<timestamp>4951.564353</timestamp>
			</report>
			<report>
				<misses>14579001</misses>
				<total>47</total>
				<timestamp>4951.904078</timestamp>
			</report>
			<report>
				<misses>14580001</misses>
				<total>47</total>
				<timestamp>4952.243665</timestamp>
			</report>
			<report>
				<misses>14581001</misses>
				<total>47</total>
				<timestamp>4952.583366</timestamp>
			</report>
			<report>
				<misses>14582001</misses>
				<total>46</total>
				<timestamp>4952.923087</timestamp>
			</report>
			<report>
				<misses>14583001</misses>
				<total>47</total>
				<timestamp>4953.262637</timestamp>
			</report>
			<report>
				<misses>14584001</misses>
				<total>47</total>
				<timestamp>4953.602309</timestamp>
			</report>
			<report>
				<misses>14585001</misses>
				<total>46</total>
				<timestamp>4953.942058</timestamp>
			</report>
			<report>
				<misses>14586001</misses>
				<total>47</total>
				<timestamp>4954.281621</timestamp>
			</report>
			<report>
				<misses>14587001</misses>
				<total>47</total>
				<timestamp>4954.621318</timestamp>
			</report>
			<report>
				<misses>14588001</misses>
				<total>47</total>
				<timestamp>4954.961015</timestamp>
			</report>
			<report>
				<misses>14589001</misses>
				<total>47</total>
				<timestamp>4955.300626</timestamp>
			</report>
			<report>
				<misses>14590001</misses>
				<total>47</total>
				<timestamp>4955.640283</timestamp>
			</report>
			<report>
				<misses>14591001</misses>
				<total>47</total>
				<timestamp>4955.980028</timestamp>
			</report>
			<report>
				<misses>14592001</misses>
				<total>47</total>
				<timestamp>4956.319582</timestamp>
			</report>
			<report>
				<misses>14593001</misses>
				<total>47</total>
				<timestamp>4956.659278</timestamp>
			</report>
			<report>
				<misses>14594001</misses>
				<total>47</total>
				<timestamp>4956.998931</timestamp>
			</report>
			<report>
				<misses>14595001</misses>
				<total>47</total>
				<timestamp>4957.338573</timestamp>
			</report>
			<report>
				<misses>14596001</misses>
				<total>47</total>
				<timestamp>4957.678259</timestamp>
			</report>
			<report>
				<misses>14597001</misses>
				<total>46</total>
				<timestamp>4958.018011</timestamp>
			</report>
			<report>
				<misses>14598001</misses>
				<total>47</total>
				<timestamp>4958.357547</timestamp>
			</report>
			<report>
				<misses>14599001</misses>
				<total>47</total>
				<timestamp>4958.697251</timestamp>
			</report>
			<report>
				<misses>14600001</misses>
				<total>46</total>
				<timestamp>4959.036974</timestamp>
			</report>
			<report>
				<misses>14601001</misses>
				<total>47</total>
				<timestamp>4959.376511</timestamp>
			</report>
			<report>
				<misses>14602001</misses>
				<total>47</total>
				<timestamp>4959.716243</timestamp>
			</report>
			<report>
				<misses>14603001</misses>
				<total>47</total>
				<timestamp>4960.055871</timestamp>
			</report>
			<report>
				<misses>14604001</misses>
				<total>47</total>
				<timestamp>4960.395494</timestamp>
			</report>
			<report>
				<misses>14605001</misses>
				<total>46</total>
				<timestamp>4960.735255</timestamp>
			</report>
			<report>
				<misses>14606001</misses>
				<total>47</total>
				<timestamp>4961.074824</timestamp>
			</report>
			<report>
				<misses>14607001</misses>
				<total>47</total>
				<timestamp>4961.414504</timestamp>
			</report>
			<report>
				<misses>14608001</misses>
				<total>46</total>
				<timestamp>4961.754229</timestamp>
			</report>
			<report>
				<misses>14609001</misses>
				<total>47</total>
				<timestamp>4962.093795</timestamp>
			</report>
			<report>
				<misses>14610001</misses>
				<total>47</total>
				<timestamp>4962.433473</timestamp>
			</report>
			<report>
				<misses>14611001</misses>
				<total>46</total>
				<timestamp>4962.773229</timestamp>
			</report>
			<report>
				<misses>14612001</misses>
				<total>47</total>
				<timestamp>4963.112780</timestamp>
			</report>
			<report>
				<misses>14613001</misses>
				<total>47</total>
				<timestamp>4963.452432</timestamp>
			</report>
			<report>
				<misses>14614001</misses>
				<total>46</total>
				<timestamp>4963.792191</timestamp>
			</report>
			<report>
				<misses>14615001</misses>
				<total>47</total>
				<timestamp>4964.131762</timestamp>
			</report>
			<report>
				<misses>14616001</misses>
				<total>47</total>
				<timestamp>4964.471422</timestamp>
			</report>
			<report>
				<misses>14617001</misses>
				<total>47</total>
				<timestamp>4964.811125</timestamp>
			</report>
			<report>
				<misses>14618001</misses>
				<total>47</total>
				<timestamp>4965.150735</timestamp>
			</report>
			<report>
				<misses>14619001</misses>
				<total>47</total>
				<timestamp>4965.490433</timestamp>
			</report>
			<report>
				<misses>14620001</misses>
				<total>47</total>
				<timestamp>4965.830100</timestamp>
			</report>
			<report>
				<misses>14621001</misses>
				<total>47</total>
				<timestamp>4966.169709</timestamp>
			</report>
			<report>
				<misses>14622001</misses>
				<total>47</total>
				<timestamp>4966.509370</timestamp>
			</report>
			<report>
				<misses>14623001</misses>
				<total>47</total>
				<timestamp>4966.849076</timestamp>
			</report>
			<report>
				<misses>14624001</misses>
				<total>47</total>
				<timestamp>4967.188692</timestamp>
			</report>
			<report>
				<misses>14625001</misses>
				<total>47</total>
				<timestamp>4967.528350</timestamp>
			</report>
			<report>
				<misses>14626001</misses>
				<total>47</total>
				<timestamp>4967.868103</timestamp>
			</report>
			<report>
				<misses>14627001</misses>
				<total>47</total>
				<timestamp>4968.207693</timestamp>
			</report>
			<report>
				<misses>14628001</misses>
				<total>47</total>
				<timestamp>4968.547352</timestamp>
			</report>
			<report>
				<misses>14629001</misses>
				<total>47</total>
				<timestamp>4968.887079</timestamp>
			</report>
			<report>
				<misses>14630001</misses>
				<total>47</total>
				<timestamp>4969.226654</timestamp>
			</report>
			<report>
				<misses>14631001</misses>
				<total>47</total>
				<timestamp>4969.566316</timestamp>
			</report>
			<report>
				<misses>14632001</misses>
				<total>46</total>
				<timestamp>4969.906069</timestamp>
			</report>
			<report>
				<misses>14633001</misses>
				<total>47</total>
				<timestamp>4970.245628</timestamp>
			</report>
			<report>
				<misses>14634001</misses>
				<total>47</total>
				<timestamp>4970.585339</timestamp>
			</report>
			<report>
				<misses>14635001</misses>
				<total>47</total>
				<timestamp>4970.924997</timestamp>
			</report>
			<report>
				<misses>14636001</misses>
				<total>47</total>
				<timestamp>4971.264622</timestamp>
			</report>
			<report>
				<misses>14637001</misses>
				<total>47</total>
				<timestamp>4971.604289</timestamp>
			</report>
			<report>
				<misses>14638001</misses>
				<total>47</total>
				<timestamp>4971.943991</timestamp>
			</report>
			<report>
				<misses>14639001</misses>
				<total>47</total>
				<timestamp>4972.283600</timestamp>
			</report>
			<report>
				<misses>14640001</misses>
				<total>47</total>
				<timestamp>4972.623265</timestamp>
			</report>
			<report>
				<misses>14641001</misses>
				<total>47</total>
				<timestamp>4972.962935</timestamp>
			</report>
			<report>
				<misses>14642001</misses>
				<total>47</total>
				<timestamp>4973.302578</timestamp>
			</report>
			<report>
				<misses>14643001</misses>
				<total>47</total>
				<timestamp>4973.642249</timestamp>
			</report>
			<report>
				<misses>14644001</misses>
				<total>46</total>
				<timestamp>4973.982031</timestamp>
			</report>
			<report>
				<misses>14645001</misses>
				<total>47</total>
				<timestamp>4974.321602</timestamp>
			</report>
			<report>
				<misses>14646001</misses>
				<total>47</total>
				<timestamp>4974.661238</timestamp>
			</report>
			<report>
				<misses>14647001</misses>
				<total>47</total>
				<timestamp>4975.000949</timestamp>
			</report>
			<report>
				<misses>14648001</misses>
				<total>47</total>
				<timestamp>4975.340544</timestamp>
			</report>
			<report>
				<misses>14649001</misses>
				<total>47</total>
				<timestamp>4975.680224</timestamp>
			</report>
			<report>
				<misses>14650001</misses>
				<total>47</total>
				<timestamp>4976.019914</timestamp>
			</report>
			<report>
				<misses>14651001</misses>
				<total>47</total>
				<timestamp>4976.359508</timestamp>
			</report>
			<report>
				<misses>14652001</misses>
				<total>47</total>
				<timestamp>4976.699169</timestamp>
			</report>
			<report>
				<misses>14653001</misses>
				<total>47</total>
				<timestamp>4977.038889</timestamp>
			</report>
			<report>
				<misses>14654001</misses>
				<total>47</total>
				<timestamp>4977.378526</timestamp>
			</report>
			<report>
				<misses>14655001</misses>
				<total>47</total>
				<timestamp>4977.718163</timestamp>
			</report>
			<report>
				<misses>14656001</misses>
				<total>47</total>
				<timestamp>4978.057912</timestamp>
			</report>
			<report>
				<misses>14657001</misses>
				<total>47</total>
				<timestamp>4978.397493</timestamp>
			</report>
			<report>
				<misses>14658001</misses>
				<total>46</total>
				<timestamp>4978.737222</timestamp>
			</report>
			<report>
				<misses>14659001</misses>
				<total>46</total>
				<timestamp>4979.076928</timestamp>
			</report>
			<report>
				<misses>14660001</misses>
				<total>47</total>
				<timestamp>4979.416477</timestamp>
			</report>
			<report>
				<misses>14661001</misses>
				<total>47</total>
				<timestamp>4979.756134</timestamp>
			</report>
			<report>
				<misses>14662001</misses>
				<total>46</total>
				<timestamp>4980.095885</timestamp>
			</report>
			<report>
				<misses>14663001</misses>
				<total>47</total>
				<timestamp>4980.435436</timestamp>
			</report>
			<report>
				<misses>14664001</misses>
				<total>47</total>
				<timestamp>4980.775115</timestamp>
			</report>
			<report>
				<misses>14665001</misses>
				<total>46</total>
				<timestamp>4981.114890</timestamp>
			</report>
			<report>
				<misses>14666001</misses>
				<total>47</total>
				<timestamp>4981.454425</timestamp>
			</report>
			<report>
				<misses>14667001</misses>
				<total>47</total>
				<timestamp>4981.794073</timestamp>
			</report>
			<report>
				<misses>14668001</misses>
				<total>47</total>
				<timestamp>4982.133731</timestamp>
			</report>
			<report>
				<misses>14669001</misses>
				<total>47</total>
				<timestamp>4982.473396</timestamp>
			</report>
			<report>
				<misses>14670001</misses>
				<total>47</total>
				<timestamp>4982.813118</timestamp>
			</report>
			<report>
				<misses>14671001</misses>
				<total>47</total>
				<timestamp>4983.152723</timestamp>
			</report>
			<report>
				<misses>14672001</misses>
				<total>47</total>
				<timestamp>4983.492400</timestamp>
			</report>
			<report>
				<misses>14673001</misses>
				<total>47</total>
				<timestamp>4983.832048</timestamp>
			</report>
			<report>
				<misses>14674001</misses>
				<total>46</total>
				<timestamp>4984.171852</timestamp>
			</report>
			<report>
				<misses>14675001</misses>
				<total>47</total>
				<timestamp>4984.511362</timestamp>
			</report>
			<report>
				<misses>14676001</misses>
				<total>47</total>
				<timestamp>4984.851068</timestamp>
			</report>
			<report>
				<misses>14677001</misses>
				<total>47</total>
				<timestamp>4985.190688</timestamp>
			</report>
			<report>
				<misses>14678001</misses>
				<total>47</total>
				<timestamp>4985.530357</timestamp>
			</report>
			<report>
				<misses>14679001</misses>
				<total>46</total>
				<timestamp>4985.870139</timestamp>
			</report>
			<report>
				<misses>14680001</misses>
				<total>47</total>
				<timestamp>4986.209654</timestamp>
			</report>
			<report>
				<misses>14681001</misses>
				<total>47</total>
				<timestamp>4986.549319</timestamp>
			</report>
			<report>
				<misses>14682001</misses>
				<total>47</total>
				<timestamp>4986.889000</timestamp>
			</report>
			<report>
				<misses>14683001</misses>
				<total>47</total>
				<timestamp>4987.228650</timestamp>
			</report>
			<report>
				<misses>14684001</misses>
				<total>47</total>
				<timestamp>4987.568305</timestamp>
			</report>
			<report>
				<misses>14685001</misses>
				<total>46</total>
				<timestamp>4987.908082</timestamp>
			</report>
			<report>
				<misses>14686001</misses>
				<total>47</total>
				<timestamp>4988.247615</timestamp>
			</report>
			<report>
				<misses>14687001</misses>
				<total>47</total>
				<timestamp>4988.587306</timestamp>
			</report>
			<report>
				<misses>14688001</misses>
				<total>46</total>
				<timestamp>4988.927087</timestamp>
			</report>
			<report>
				<misses>14689001</misses>
				<total>47</total>
				<timestamp>4989.266655</timestamp>
			</report>
			<report>
				<misses>14690001</misses>
				<total>47</total>
				<timestamp>4989.606308</timestamp>
			</report>
			<report>
				<misses>14691001</misses>
				<total>46</total>
				<timestamp>4989.946062</timestamp>
			</report>
			<report>
				<misses>14692001</misses>
				<total>47</total>
				<timestamp>4990.285581</timestamp>
			</report>
			<report>
				<misses>14693001</misses>
				<total>47</total>
				<timestamp>4990.625278</timestamp>
			</report>
			<report>
				<misses>14694001</misses>
				<total>46</total>
				<timestamp>4990.965051</timestamp>
			</report>
			<report>
				<misses>14695001</misses>
				<total>47</total>
				<timestamp>4991.304569</timestamp>
			</report>
			<report>
				<misses>14696001</misses>
				<total>47</total>
				<timestamp>4991.644261</timestamp>
			</report>
			<report>
				<misses>14697001</misses>
				<total>47</total>
				<timestamp>4991.983943</timestamp>
			</report>
			<report>
				<misses>14698001</misses>
				<total>47</total>
				<timestamp>4992.323544</timestamp>
			</report>
			<report>
				<misses>14699001</misses>
				<total>47</total>
				<timestamp>4992.663201</timestamp>
			</report>
			<report>
				<misses>14700001</misses>
				<total>47</total>
				<timestamp>4993.002936</timestamp>
			</report>
			<report>
				<misses>14701001</misses>
				<total>47</total>
				<timestamp>4993.342548</timestamp>
			</report>
			<report>
				<misses>14702001</misses>
				<total>47</total>
				<timestamp>4993.682204</timestamp>
			</report>
			<report>
				<misses>14703001</misses>
				<total>47</total>
				<timestamp>4994.021914</timestamp>
			</report>
			<report>
				<misses>14704001</misses>
				<total>47</total>
				<timestamp>4994.361494</timestamp>
			</report>
			<report>
				<misses>14705001</misses>
				<total>47</total>
				<timestamp>4994.701161</timestamp>
			</report>
			<report>
				<misses>14706001</misses>
				<total>46</total>
				<timestamp>4995.040913</timestamp>
			</report>
			<report>
				<misses>14707001</misses>
				<total>47</total>
				<timestamp>4995.380481</timestamp>
			</report>
			<report>
				<misses>14708001</misses>
				<total>47</total>
				<timestamp>4995.720129</timestamp>
			</report>
			<report>
				<misses>14709001</misses>
				<total>47</total>
				<timestamp>4996.059804</timestamp>
			</report>
			<report>
				<misses>14710001</misses>
				<total>47</total>
				<timestamp>4996.399462</timestamp>
			</report>
			<report>
				<misses>14711001</misses>
				<total>47</total>
				<timestamp>4996.739115</timestamp>
			</report>
			<report>
				<misses>14712001</misses>
				<total>46</total>
				<timestamp>4997.078893</timestamp>
			</report>
			<report>
				<misses>14713001</misses>
				<total>47</total>
				<timestamp>4997.418461</timestamp>
			</report>
			<report>
				<misses>14714001</misses>
				<total>47</total>
				<timestamp>4997.758091</timestamp>
			</report>
			<report>
				<misses>14715001</misses>
				<total>47</total>
				<timestamp>4998.097831</timestamp>
			</report>
			<report>
				<misses>14716001</misses>
				<total>47</total>
				<timestamp>4998.437436</timestamp>
			</report>
			<report>
				<misses>14717001</misses>
				<total>47</total>
				<timestamp>4998.777101</timestamp>
			</report>
			<report>
				<misses>14718001</misses>
				<total>47</total>
				<timestamp>4999.116785</timestamp>
			</report>
			<report>
				<misses>14719001</misses>
				<total>47</total>
				<timestamp>4999.456426</timestamp>
			</report>
			<report>
				<misses>14720001</misses>
				<total>47</total>
				<timestamp>4999.796065</timestamp>
			</report>
			<report>
				<misses>14721001</misses>
				<total>47</total>
				<timestamp>5000.135741</timestamp>
			</report>
			<report>
				<misses>14722001</misses>
				<total>47</total>
				<timestamp>5000.475379</timestamp>
			</report>
			<report>
				<misses>14723001</misses>
				<total>47</total>
				<timestamp>5000.815032</timestamp>
			</report>
			<report>
				<misses>14724001</misses>
				<total>47</total>
				<timestamp>5001.154714</timestamp>
			</report>
			<report>
				<misses>14725001</misses>
				<total>47</total>
				<timestamp>5001.494367</timestamp>
			</report>
			<report>
				<misses>14726001</misses>
				<total>47</total>
				<timestamp>5001.834013</timestamp>
			</report>
			<report>
				<misses>14727001</misses>
				<total>47</total>
				<timestamp>5002.173762</timestamp>
			</report>
			<report>
				<misses>14728001</misses>
				<total>47</total>
				<timestamp>5002.513340</timestamp>
			</report>
			<report>
				<misses>14729001</misses>
				<total>47</total>
				<timestamp>5002.852990</timestamp>
			</report>
			<report>
				<misses>14730001</misses>
				<total>46</total>
				<timestamp>5003.192748</timestamp>
			</report>
			<report>
				<misses>14731001</misses>
				<total>47</total>
				<timestamp>5003.532338</timestamp>
			</report>
			<report>
				<misses>14732001</misses>
				<total>47</total>
				<timestamp>5003.872003</timestamp>
			</report>
			<report>
				<misses>14733001</misses>
				<total>46</total>
				<timestamp>5004.211732</timestamp>
			</report>
			<report>
				<misses>14734001</misses>
				<total>47</total>
				<timestamp>5004.551320</timestamp>
			</report>
			<report>
				<misses>14735001</misses>
				<total>47</total>
				<timestamp>5004.890998</timestamp>
			</report>
			<report>
				<misses>14736001</misses>
				<total>47</total>
				<timestamp>5005.230671</timestamp>
			</report>
			<report>
				<misses>14737001</misses>
				<total>47</total>
				<timestamp>5005.570297</timestamp>
			</report>
			<report>
				<misses>14738001</misses>
				<total>47</total>
				<timestamp>5005.909974</timestamp>
			</report>
			<report>
				<misses>14739001</misses>
				<total>46</total>
				<timestamp>5006.249712</timestamp>
			</report>
			<report>
				<misses>14740001</misses>
				<total>47</total>
				<timestamp>5006.589275</timestamp>
			</report>
			<report>
				<misses>14741001</misses>
				<total>47</total>
				<timestamp>5006.928964</timestamp>
			</report>
			<report>
				<misses>14742001</misses>
				<total>47</total>
				<timestamp>5007.268575</timestamp>
			</report>
			<report>
				<misses>14743001</misses>
				<total>47</total>
				<timestamp>5007.608251</timestamp>
			</report>
			<report>
				<misses>14744001</misses>
				<total>47</total>
				<timestamp>5007.947958</timestamp>
			</report>
			<report>
				<misses>14745001</misses>
				<total>47</total>
				<timestamp>5008.287560</timestamp>
			</report>
			<report>
				<misses>14746001</misses>
				<total>47</total>
				<timestamp>5008.627227</timestamp>
			</report>
			<report>
				<misses>14747001</misses>
				<total>46</total>
				<timestamp>5008.966980</timestamp>
			</report>
			<report>
				<misses>14748001</misses>
				<total>47</total>
				<timestamp>5009.306587</timestamp>
			</report>
			<report>
				<misses>14749001</misses>
				<total>47</total>
				<timestamp>5009.646222</timestamp>
			</report>
			<report>
				<misses>14750001</misses>
				<total>46</total>
				<timestamp>5009.985942</timestamp>
			</report>
			<report>
				<misses>14751001</misses>
				<total>47</total>
				<timestamp>5010.325520</timestamp>
			</report>
			<report>
				<misses>14752001</misses>
				<total>47</total>
				<timestamp>5010.665184</timestamp>
			</report>
			<report>
				<misses>14753001</misses>
				<total>46</total>
				<timestamp>5011.004946</timestamp>
			</report>
			<report>
				<misses>14754001</misses>
				<total>47</total>
				<timestamp>5011.344494</timestamp>
			</report>
			<report>
				<misses>14755001</misses>
				<total>47</total>
				<timestamp>5011.684168</timestamp>
			</report>
			<report>
				<misses>14756001</misses>
				<total>47</total>
				<timestamp>5012.023878</timestamp>
			</report>
			<report>
				<misses>14757001</misses>
				<total>47</total>
				<timestamp>5012.363484</timestamp>
			</report>
			<report>
				<misses>14758001</misses>
				<total>47</total>
				<timestamp>5012.703146</timestamp>
			</report>
			<report>
				<misses>14759001</misses>
				<total>46</total>
				<timestamp>5013.042903</timestamp>
			</report>
			<report>
				<misses>14760001</misses>
				<total>47</total>
				<timestamp>5013.382451</timestamp>
			</report>
			<report>
				<misses>14761001</misses>
				<total>47</total>
				<timestamp>5013.722127</timestamp>
			</report>
			<report>
				<misses>14762001</misses>
				<total>47</total>
				<timestamp>5014.061790</timestamp>
			</report>
			<report>
				<misses>14763001</misses>
				<total>47</total>
				<timestamp>5014.401451</timestamp>
			</report>
			<report>
				<misses>14764001</misses>
				<total>47</total>
				<timestamp>5014.741107</timestamp>
			</report>
			<report>
				<misses>14765001</misses>
				<total>47</total>
				<timestamp>5015.080793</timestamp>
			</report>
			<report>
				<misses>14766001</misses>
				<total>47</total>
				<timestamp>5015.420474</timestamp>
			</report>
			<report>
				<misses>14767001</misses>
				<total>47</total>
				<timestamp>5015.760076</timestamp>
			</report>
			<report>
				<misses>14768001</misses>
				<total>47</total>
				<timestamp>5016.099777</timestamp>
			</report>
			<report>
				<misses>14769001</misses>
				<total>47</total>
				<timestamp>5016.439400</timestamp>
			</report>
			<report>
				<misses>14770001</misses>
				<total>47</total>
				<timestamp>5016.779070</timestamp>
			</report>
			<report>
				<misses>14771001</misses>
				<total>47</total>
				<timestamp>5017.118758</timestamp>
			</report>
			<report>
				<misses>14772001</misses>
				<total>47</total>
				<timestamp>5017.458389</timestamp>
			</report>
			<report>
				<misses>14773001</misses>
				<total>47</total>
				<timestamp>5017.798033</timestamp>
			</report>
			<report>
				<misses>14774001</misses>
				<total>47</total>
				<timestamp>5018.137760</timestamp>
			</report>
			<report>
				<misses>14775001</misses>
				<total>47</total>
				<timestamp>5018.477349</timestamp>
			</report>
			<report>
				<misses>14776001</misses>
				<total>47</total>
				<timestamp>5018.817015</timestamp>
			</report>
			<report>
				<misses>14777001</misses>
				<total>47</total>
				<timestamp>5019.156747</timestamp>
			</report>
			<report>
				<misses>14778001</misses>
				<total>47</total>
				<timestamp>5019.496361</timestamp>
			</report>
			<report>
				<misses>14779001</misses>
				<total>46</total>
				<timestamp>5019.836101</timestamp>
			</report>
			<report>
				<misses>14780001</misses>
				<total>46</total>
				<timestamp>5020.175752</timestamp>
			</report>
			<report>
				<misses>14781001</misses>
				<total>47</total>
				<timestamp>5020.515315</timestamp>
			</report>
			<report>
				<misses>14782001</misses>
				<total>47</total>
				<timestamp>5020.854961</timestamp>
			</report>
			<report>
				<misses>14783001</misses>
				<total>46</total>
				<timestamp>5021.194740</timestamp>
			</report>
			<report>
				<misses>14784001</misses>
				<total>47</total>
				<timestamp>5021.534301</timestamp>
			</report>
			<report>
				<misses>14785001</misses>
				<total>47</total>
				<timestamp>5021.873977</timestamp>
			</report>
			<report>
				<misses>14786001</misses>
				<total>47</total>
				<timestamp>5022.213663</timestamp>
			</report>
			<report>
				<misses>14787001</misses>
				<total>47</total>
				<timestamp>5022.553281</timestamp>
			</report>
			<report>
				<misses>14788001</misses>
				<total>47</total>
				<timestamp>5022.892965</timestamp>
			</report>
			<report>
				<misses>14789001</misses>
				<total>46</total>
				<timestamp>5023.232745</timestamp>
			</report>
			<report>
				<misses>14790001</misses>
				<total>47</total>
				<timestamp>5023.572291</timestamp>
			</report>
			<report>
				<misses>14791001</misses>
				<total>47</total>
				<timestamp>5023.911925</timestamp>
			</report>
			<report>
				<misses>14792001</misses>
				<total>47</total>
				<timestamp>5024.251610</timestamp>
			</report>
			<report>
				<misses>14793001</misses>
				<total>47</total>
				<timestamp>5024.591240</timestamp>
			</report>
			<report>
				<misses>14794001</misses>
				<total>47</total>
				<timestamp>5024.930897</timestamp>
			</report>
			<report>
				<misses>14795001</misses>
				<total>47</total>
				<timestamp>5025.270606</timestamp>
			</report>
			<report>
				<misses>14796001</misses>
				<total>47</total>
				<timestamp>5025.610244</timestamp>
			</report>
			<report>
				<misses>14797001</misses>
				<total>47</total>
				<timestamp>5025.949892</timestamp>
			</report>
			<report>
				<misses>14798001</misses>
				<total>47</total>
				<timestamp>5026.289607</timestamp>
			</report>
			<report>
				<misses>14799001</misses>
				<total>46</total>
				<timestamp>5026.629292</timestamp>
			</report>
			<report>
				<misses>14800001</misses>
				<total>47</total>
				<timestamp>5026.968869</timestamp>
			</report>
			<report>
				<misses>14801001</misses>
				<total>47</total>
				<timestamp>5027.308580</timestamp>
			</report>
			<report>
				<misses>14802001</misses>
				<total>47</total>
				<timestamp>5027.648182</timestamp>
			</report>
			<report>
				<misses>14803001</misses>
				<total>46</total>
				<timestamp>5027.987980</timestamp>
			</report>
			<report>
				<misses>14804001</misses>
				<total>46</total>
				<timestamp>5028.327609</timestamp>
			</report>
			<report>
				<misses>14805001</misses>
				<total>47</total>
				<timestamp>5028.667189</timestamp>
			</report>
			<report>
				<misses>14806001</misses>
				<total>47</total>
				<timestamp>5029.006838</timestamp>
			</report>
			<report>
				<misses>14807001</misses>
				<total>46</total>
				<timestamp>5029.346591</timestamp>
			</report>
			<report>
				<misses>14808001</misses>
				<total>47</total>
				<timestamp>5029.686139</timestamp>
			</report>
			<report>
				<misses>14809001</misses>
				<total>47</total>
				<timestamp>5030.025824</timestamp>
			</report>
			<report>
				<misses>14810001</misses>
				<total>46</total>
				<timestamp>5030.365607</timestamp>
			</report>
			<report>
				<misses>14811001</misses>
				<total>47</total>
				<timestamp>5030.705113</timestamp>
			</report>
			<report>
				<misses>14812001</misses>
				<total>47</total>
				<timestamp>5031.044826</timestamp>
			</report>
			<report>
				<misses>14813001</misses>
				<total>46</total>
				<timestamp>5031.384595</timestamp>
			</report>
			<report>
				<misses>14814001</misses>
				<total>47</total>
				<timestamp>5031.724110</timestamp>
			</report>
			<report>
				<misses>14815001</misses>
				<total>47</total>
				<timestamp>5032.063800</timestamp>
			</report>
			<report>
				<misses>14816001</misses>
				<total>47</total>
				<timestamp>5032.403486</timestamp>
			</report>
			<report>
				<misses>14817001</misses>
				<total>47</total>
				<timestamp>5032.743110</timestamp>
			</report>
			<report>
				<misses>14818001</misses>
				<total>47</total>
				<timestamp>5033.082771</timestamp>
			</report>
			<report>
				<misses>14819001</misses>
				<total>47</total>
				<timestamp>5033.422411</timestamp>
			</report>
			<report>
				<misses>14820001</misses>
				<total>47</total>
				<timestamp>5033.762080</timestamp>
			</report>
			<report>
				<misses>14821001</misses>
				<total>47</total>
				<timestamp>5034.101789</timestamp>
			</report>
			<report>
				<misses>14822001</misses>
				<total>47</total>
				<timestamp>5034.441388</timestamp>
			</report>
			<report>
				<misses>14823001</misses>
				<total>47</total>
				<timestamp>5034.781029</timestamp>
			</report>
			<report>
				<misses>14824001</misses>
				<total>46</total>
				<timestamp>5035.120778</timestamp>
			</report>
			<report>
				<misses>14825001</misses>
				<total>47</total>
				<timestamp>5035.460373</timestamp>
			</report>
			<report>
				<misses>14826001</misses>
				<total>47</total>
				<timestamp>5035.800031</timestamp>
			</report>
			<report>
				<misses>14827001</misses>
				<total>46</total>
				<timestamp>5036.139785</timestamp>
			</report>
			<report>
				<misses>14828001</misses>
				<total>47</total>
				<timestamp>5036.479333</timestamp>
			</report>
			<report>
				<misses>14829001</misses>
				<total>47</total>
				<timestamp>5036.818993</timestamp>
			</report>
			<report>
				<misses>14830001</misses>
				<total>46</total>
				<timestamp>5037.158782</timestamp>
			</report>
			<report>
				<misses>14831001</misses>
				<total>47</total>
				<timestamp>5037.498352</timestamp>
			</report>
			<report>
				<misses>14832001</misses>
				<total>47</total>
				<timestamp>5037.838001</timestamp>
			</report>
			<report>
				<misses>14833001</misses>
				<total>46</total>
				<timestamp>5038.177774</timestamp>
			</report>
			<report>
				<misses>14834001</misses>
				<total>47</total>
				<timestamp>5038.517294</timestamp>
			</report>
			<report>
				<misses>14835001</misses>
				<total>47</total>
				<timestamp>5038.856956</timestamp>
			</report>
			<report>
				<misses>14836001</misses>
				<total>47</total>
				<timestamp>5039.196648</timestamp>
			</report>
			<report>
				<misses>14837001</misses>
				<total>47</total>
				<timestamp>5039.536630</timestamp>
			</report>
			<report>
				<misses>14838001</misses>
				<total>47</total>
				<timestamp>5039.876299</timestamp>
			</report>
			<report>
				<misses>14839001</misses>
				<total>47</total>
				<timestamp>5040.215962</timestamp>
			</report>
			<report>
				<misses>14840001</misses>
				<total>47</total>
				<timestamp>5040.555611</timestamp>
			</report>
			<report>
				<misses>14841001</misses>
				<total>47</total>
				<timestamp>5040.895329</timestamp>
			</report>
			<report>
				<misses>14842001</misses>
				<total>47</total>
				<timestamp>5041.234932</timestamp>
			</report>
			<report>
				<misses>14843001</misses>
				<total>47</total>
				<timestamp>5041.574640</timestamp>
			</report>
			<report>
				<misses>14844001</misses>
				<total>47</total>
				<timestamp>5041.914263</timestamp>
			</report>
			<report>
				<misses>14845001</misses>
				<total>47</total>
				<timestamp>5042.253929</timestamp>
			</report>
			<report>
				<misses>14846001</misses>
				<total>47</total>
				<timestamp>5042.593632</timestamp>
			</report>
			<report>
				<misses>14847001</misses>
				<total>47</total>
				<timestamp>5042.933273</timestamp>
			</report>
			<report>
				<misses>14848001</misses>
				<total>47</total>
				<timestamp>5043.272890</timestamp>
			</report>
			<report>
				<misses>14849001</misses>
				<total>47</total>
				<timestamp>5043.612571</timestamp>
			</report>
			<report>
				<misses>14850001</misses>
				<total>47</total>
				<timestamp>5043.952212</timestamp>
			</report>
			<report>
				<misses>14851001</misses>
				<total>47</total>
				<timestamp>5044.291865</timestamp>
			</report>
			<report>
				<misses>14852001</misses>
				<total>46</total>
				<timestamp>5044.631620</timestamp>
			</report>
			<report>
				<misses>14853001</misses>
				<total>47</total>
				<timestamp>5044.971182</timestamp>
			</report>
			<report>
				<misses>14854001</misses>
				<total>47</total>
				<timestamp>5045.310857</timestamp>
			</report>
			<report>
				<misses>14855001</misses>
				<total>46</total>
				<timestamp>5045.650630</timestamp>
			</report>
			<report>
				<misses>14856001</misses>
				<total>47</total>
				<timestamp>5045.990188</timestamp>
			</report>
			<report>
				<misses>14857001</misses>
				<total>47</total>
				<timestamp>5046.329833</timestamp>
			</report>
			<report>
				<misses>14858001</misses>
				<total>46</total>
				<timestamp>5046.669593</timestamp>
			</report>
			<report>
				<misses>14859001</misses>
				<total>47</total>
				<timestamp>5047.009156</timestamp>
			</report>
			<report>
				<misses>14860001</misses>
				<total>47</total>
				<timestamp>5047.348806</timestamp>
			</report>
			<report>
				<misses>14861001</misses>
				<total>46</total>
				<timestamp>5047.688576</timestamp>
			</report>
			<report>
				<misses>14862001</misses>
				<total>47</total>
				<timestamp>5048.028112</timestamp>
			</report>
			<report>
				<misses>14863001</misses>
				<total>47</total>
				<timestamp>5048.367771</timestamp>
			</report>
			<report>
				<misses>14864001</misses>
				<total>47</total>
				<timestamp>5048.707465</timestamp>
			</report>
			<report>
				<misses>14865001</misses>
				<total>47</total>
				<timestamp>5049.047117</timestamp>
			</report>
			<report>
				<misses>14866001</misses>
				<total>47</total>
				<timestamp>5049.386764</timestamp>
			</report>
			<report>
				<misses>14867001</misses>
				<total>46</total>
				<timestamp>5049.726572</timestamp>
			</report>
			<report>
				<misses>14868001</misses>
				<total>47</total>
				<timestamp>5050.066092</timestamp>
			</report>
			<report>
				<misses>14869001</misses>
				<total>47</total>
				<timestamp>5050.405750</timestamp>
			</report>
			<report>
				<misses>14870001</misses>
				<total>47</total>
				<timestamp>5050.745456</timestamp>
			</report>
			<report>
				<misses>14871001</misses>
				<total>47</total>
				<timestamp>5051.085078</timestamp>
			</report>
			<report>
				<misses>14872001</misses>
				<total>47</total>
				<timestamp>5051.424726</timestamp>
			</report>
			<report>
				<misses>14873001</misses>
				<total>47</total>
				<timestamp>5051.764452</timestamp>
			</report>
			<report>
				<misses>14874001</misses>
				<total>47</total>
				<timestamp>5052.104046</timestamp>
			</report>
			<report>
				<misses>14875001</misses>
				<total>47</total>
				<timestamp>5052.443695</timestamp>
			</report>
			<report>
				<misses>14876001</misses>
				<total>47</total>
				<timestamp>5052.783467</timestamp>
			</report>
			<report>
				<misses>14877001</misses>
				<total>47</total>
				<timestamp>5053.123016</timestamp>
			</report>
			<report>
				<misses>14878001</misses>
				<total>47</total>
				<timestamp>5053.462676</timestamp>
			</report>
			<report>
				<misses>14879001</misses>
				<total>47</total>
				<timestamp>5053.802428</timestamp>
			</report>
			<report>
				<misses>14880001</misses>
				<total>47</total>
				<timestamp>5054.142000</timestamp>
			</report>
			<report>
				<misses>14881001</misses>
				<total>47</total>
				<timestamp>5054.481676</timestamp>
			</report>
			<report>
				<misses>14882001</misses>
				<total>46</total>
				<timestamp>5054.821429</timestamp>
			</report>
			<report>
				<misses>14883001</misses>
				<total>47</total>
				<timestamp>5055.160978</timestamp>
			</report>
			<report>
				<misses>14884001</misses>
				<total>47</total>
				<timestamp>5055.500671</timestamp>
			</report>
			<report>
				<misses>14885001</misses>
				<total>46</total>
				<timestamp>5055.840456</timestamp>
			</report>
			<report>
				<misses>14886001</misses>
				<total>47</total>
				<timestamp>5056.179963</timestamp>
			</report>
			<report>
				<misses>14887001</misses>
				<total>47</total>
				<timestamp>5056.519611</timestamp>
			</report>
			<report>
				<misses>14888001</misses>
				<total>46</total>
				<timestamp>5056.859446</timestamp>
			</report>
			<report>
				<misses>14889001</misses>
				<total>47</total>
				<timestamp>5057.198932</timestamp>
			</report>
			<report>
				<misses>14890001</misses>
				<total>47</total>
				<timestamp>5057.538659</timestamp>
			</report>
			<report>
				<misses>14891001</misses>
				<total>46</total>
				<timestamp>5057.878446</timestamp>
			</report>
			<report>
				<misses>14892001</misses>
				<total>47</total>
				<timestamp>5058.217942</timestamp>
			</report>
			<report>
				<misses>14893001</misses>
				<total>47</total>
				<timestamp>5058.557640</timestamp>
			</report>
			<report>
				<misses>14894001</misses>
				<total>47</total>
				<timestamp>5058.897261</timestamp>
			</report>
			<report>
				<misses>14895001</misses>
				<total>47</total>
				<timestamp>5059.236916</timestamp>
			</report>
			<report>
				<misses>14896001</misses>
				<total>47</total>
				<timestamp>5059.576606</timestamp>
			</report>
			<report>
				<misses>14897001</misses>
				<total>47</total>
				<timestamp>5059.916216</timestamp>
			</report>
			<report>
				<misses>14898001</misses>
				<total>47</total>
				<timestamp>5060.255864</timestamp>
			</report>
			<report>
				<misses>14899001</misses>
				<total>46</total>
				<timestamp>5060.595636</timestamp>
			</report>
			<report>
				<misses>14900001</misses>
				<total>47</total>
				<timestamp>5060.935222</timestamp>
			</report>
			<report>
				<misses>14901001</misses>
				<total>47</total>
				<timestamp>5061.274857</timestamp>
			</report>
			<report>
				<misses>14902001</misses>
				<total>46</total>
				<timestamp>5061.614614</timestamp>
			</report>
			<report>
				<misses>14903001</misses>
				<total>47</total>
				<timestamp>5061.954166</timestamp>
			</report>
			<report>
				<misses>14904001</misses>
				<total>47</total>
				<timestamp>5062.293827</timestamp>
			</report>
			<report>
				<misses>14905001</misses>
				<total>47</total>
				<timestamp>5062.633501</timestamp>
			</report>
			<report>
				<misses>14906001</misses>
				<total>47</total>
				<timestamp>5062.973143</timestamp>
			</report>
			<report>
				<misses>14907001</misses>
				<total>47</total>
				<timestamp>5063.312813</timestamp>
			</report>
			<report>
				<misses>14908001</misses>
				<total>47</total>
				<timestamp>5063.652465</timestamp>
			</report>
			<report>
				<misses>14909001</misses>
				<total>47</total>
				<timestamp>5063.992143</timestamp>
			</report>
			<report>
				<misses>14910001</misses>
				<total>47</total>
				<timestamp>5064.331788</timestamp>
			</report>
			<report>
				<misses>14911001</misses>
				<total>47</total>
				<timestamp>5064.671511</timestamp>
			</report>
			<report>
				<misses>14912001</misses>
				<total>47</total>
				<timestamp>5065.011157</timestamp>
			</report>
			<report>
				<misses>14913001</misses>
				<total>47</total>
				<timestamp>5065.350771</timestamp>
			</report>
			<report>
				<misses>14914001</misses>
				<total>47</total>
				<timestamp>5065.690482</timestamp>
			</report>
			<report>
				<misses>14915001</misses>
				<total>47</total>
				<timestamp>5066.030094</timestamp>
			</report>
			<report>
				<misses>14916001</misses>
				<total>47</total>
				<timestamp>5066.369763</timestamp>
			</report>
			<report>
				<misses>14917001</misses>
				<total>47</total>
				<timestamp>5066.709442</timestamp>
			</report>
			<report>
				<misses>14918001</misses>
				<total>47</total>
				<timestamp>5067.049072</timestamp>
			</report>
			<report>
				<misses>14919001</misses>
				<total>47</total>
				<timestamp>5067.388782</timestamp>
			</report>
			<report>
				<misses>14920001</misses>
				<total>47</total>
				<timestamp>5067.728442</timestamp>
			</report>
			<report>
				<misses>14921001</misses>
				<total>47</total>
				<timestamp>5068.068061</timestamp>
			</report>
			<report>
				<misses>14922001</misses>
				<total>47</total>
				<timestamp>5068.407720</timestamp>
			</report>
			<report>
				<misses>14923001</misses>
				<total>46</total>
				<timestamp>5068.747477</timestamp>
			</report>
			<report>
				<misses>14924001</misses>
				<total>47</total>
				<timestamp>5069.087044</timestamp>
			</report>
			<report>
				<misses>14925001</misses>
				<total>47</total>
				<timestamp>5069.426678</timestamp>
			</report>
			<report>
				<misses>14926001</misses>
				<total>47</total>
				<timestamp>5069.766381</timestamp>
			</report>
			<report>
				<misses>14927001</misses>
				<total>47</total>
				<timestamp>5070.106029</timestamp>
			</report>
			<report>
				<misses>14928001</misses>
				<total>47</total>
				<timestamp>5070.445695</timestamp>
			</report>
			<report>
				<misses>14929001</misses>
				<total>46</total>
				<timestamp>5070.785427</timestamp>
			</report>
			<report>
				<misses>14930001</misses>
				<total>47</total>
				<timestamp>5071.125011</timestamp>
			</report>
			<report>
				<misses>14931001</misses>
				<total>47</total>
				<timestamp>5071.464668</timestamp>
			</report>
			<report>
				<misses>14932001</misses>
				<total>46</total>
				<timestamp>5071.804447</timestamp>
			</report>
			<report>
				<misses>14933001</misses>
				<total>47</total>
				<timestamp>5072.143989</timestamp>
			</report>
			<report>
				<misses>14934001</misses>
				<total>47</total>
				<timestamp>5072.483690</timestamp>
			</report>
			<report>
				<misses>14935001</misses>
				<total>46</total>
				<timestamp>5072.823423</timestamp>
			</report>
			<report>
				<misses>14936001</misses>
				<total>47</total>
				<timestamp>5073.162971</timestamp>
			</report>
			<report>
				<misses>14937001</misses>
				<total>47</total>
				<timestamp>5073.502658</timestamp>
			</report>
			<report>
				<misses>14938001</misses>
				<total>47</total>
				<timestamp>5073.842289</timestamp>
			</report>
			<report>
				<misses>14939001</misses>
				<total>47</total>
				<timestamp>5074.181943</timestamp>
			</report>
			<report>
				<misses>14940001</misses>
				<total>47</total>
				<timestamp>5074.521632</timestamp>
			</report>
			<report>
				<misses>14941001</misses>
				<total>47</total>
				<timestamp>5074.861286</timestamp>
			</report>
			<report>
				<misses>14942001</misses>
				<total>47</total>
				<timestamp>5075.200926</timestamp>
			</report>
			<report>
				<misses>14943001</misses>
				<total>47</total>
				<timestamp>5075.540565</timestamp>
			</report>
			<report>
				<misses>14944001</misses>
				<total>47</total>
				<timestamp>5075.880260</timestamp>
			</report>
			<report>
				<misses>14945001</misses>
				<total>47</total>
				<timestamp>5076.219902</timestamp>
			</report>
			<report>
				<misses>14946001</misses>
				<total>47</total>
				<timestamp>5076.559565</timestamp>
			</report>
			<report>
				<misses>14947001</misses>
				<total>47</total>
				<timestamp>5076.899273</timestamp>
			</report>
			<report>
				<misses>14948001</misses>
				<total>47</total>
				<timestamp>5077.238888</timestamp>
			</report>
			<report>
				<misses>14949001</misses>
				<total>47</total>
				<timestamp>5077.578557</timestamp>
			</report>
			<report>
				<misses>14950001</misses>
				<total>47</total>
				<timestamp>5077.918211</timestamp>
			</report>
			<report>
				<misses>14951001</misses>
				<total>47</total>
				<timestamp>5078.257883</timestamp>
			</report>
			<report>
				<misses>14952001</misses>
				<total>47</total>
				<timestamp>5078.597525</timestamp>
			</report>
			<report>
				<misses>14953001</misses>
				<total>46</total>
				<timestamp>5078.937292</timestamp>
			</report>
			<report>
				<misses>14954001</misses>
				<total>47</total>
				<timestamp>5079.276841</timestamp>
			</report>
			<report>
				<misses>14955001</misses>
				<total>47</total>
				<timestamp>5079.616534</timestamp>
			</report>
			<report>
				<misses>14956001</misses>
				<total>47</total>
				<timestamp>5079.956236</timestamp>
			</report>
			<report>
				<misses>14957001</misses>
				<total>47</total>
				<timestamp>5080.295818</timestamp>
			</report>
			<report>
				<misses>14958001</misses>
				<total>47</total>
				<timestamp>5080.635520</timestamp>
			</report>
			<report>
				<misses>14959001</misses>
				<total>46</total>
				<timestamp>5080.975263</timestamp>
			</report>
			<report>
				<misses>14960001</misses>
				<total>47</total>
				<timestamp>5081.314802</timestamp>
			</report>
			<report>
				<misses>14961001</misses>
				<total>47</total>
				<timestamp>5081.654466</timestamp>
			</report>
			<report>
				<misses>14962001</misses>
				<total>46</total>
				<timestamp>5081.994252</timestamp>
			</report>
			<report>
				<misses>14963001</misses>
				<total>47</total>
				<timestamp>5082.333816</timestamp>
			</report>
			<report>
				<misses>14964001</misses>
				<total>47</total>
				<timestamp>5082.673437</timestamp>
			</report>
			<report>
				<misses>14965001</misses>
				<total>47</total>
				<timestamp>5083.013092</timestamp>
			</report>
			<report>
				<misses>14966001</misses>
				<total>47</total>
				<timestamp>5083.352768</timestamp>
			</report>
			<report>
				<misses>14967001</misses>
				<total>46</total>
				<timestamp>5083.692485</timestamp>
			</report>
			<report>
				<misses>14968001</misses>
				<total>47</total>
				<timestamp>5084.032085</timestamp>
			</report>
			<report>
				<misses>14969001</misses>
				<total>47</total>
				<timestamp>5084.371738</timestamp>
			</report>
			<report>
				<misses>14970001</misses>
				<total>46</total>
				<timestamp>5084.711477</timestamp>
			</report>
			<report>
				<misses>14971001</misses>
				<total>47</total>
				<timestamp>5085.051085</timestamp>
			</report>
			<report>
				<misses>14972001</misses>
				<total>47</total>
				<timestamp>5085.390734</timestamp>
			</report>
			<report>
				<misses>14973001</misses>
				<total>46</total>
				<timestamp>5085.730466</timestamp>
			</report>
			<report>
				<misses>14974001</misses>
				<total>47</total>
				<timestamp>5086.070023</timestamp>
			</report>
			<report>
				<misses>14975001</misses>
				<total>47</total>
				<timestamp>5086.409690</timestamp>
			</report>
			<report>
				<misses>14976001</misses>
				<total>47</total>
				<timestamp>5086.749363</timestamp>
			</report>
			<report>
				<misses>14977001</misses>
				<total>47</total>
				<timestamp>5087.089025</timestamp>
			</report>
			<report>
				<misses>14978001</misses>
				<total>47</total>
				<timestamp>5087.428672</timestamp>
			</report>
			<report>
				<misses>14979001</misses>
				<total>47</total>
				<timestamp>5087.768361</timestamp>
			</report>
			<report>
				<misses>14980001</misses>
				<total>47</total>
				<timestamp>5088.108004</timestamp>
			</report>
			<report>
				<misses>14981001</misses>
				<total>47</total>
				<timestamp>5088.447685</timestamp>
			</report>
			<report>
				<misses>14982001</misses>
				<total>47</total>
				<timestamp>5088.787352</timestamp>
			</report>
			<report>
				<misses>14983001</misses>
				<total>47</total>
				<timestamp>5089.126987</timestamp>
			</report>
			<report>
				<misses>14984001</misses>
				<total>47</total>
				<timestamp>5089.466649</timestamp>
			</report>
			<report>
				<misses>14985001</misses>
				<total>47</total>
				<timestamp>5089.806333</timestamp>
			</report>
			<report>
				<misses>14986001</misses>
				<total>47</total>
				<timestamp>5090.145992</timestamp>
			</report>
			<report>
				<misses>14987001</misses>
				<total>47</total>
				<timestamp>5090.485625</timestamp>
			</report>
			<report>
				<misses>14988001</misses>
				<total>47</total>
				<timestamp>5090.825309</timestamp>
			</report>
			<report>
				<misses>14989001</misses>
				<total>47</total>
				<timestamp>5091.164937</timestamp>
			</report>
			<report>
				<misses>14990001</misses>
				<total>47</total>
				<timestamp>5091.504623</timestamp>
			</report>
			<report>
				<misses>14991001</misses>
				<total>47</total>
				<timestamp>5091.844305</timestamp>
			</report>
			<report>
				<misses>14992001</misses>
				<total>47</total>
				<timestamp>5092.183942</timestamp>
			</report>
			<report>
				<misses>14993001</misses>
				<total>47</total>
				<timestamp>5092.523572</timestamp>
			</report>
			<report>
				<misses>14994001</misses>
				<total>47</total>
				<timestamp>5092.863304</timestamp>
			</report>
			<report>
				<misses>14995001</misses>
				<total>47</total>
				<timestamp>5093.202907</timestamp>
			</report>
			<report>
				<misses>14996001</misses>
				<total>47</total>
				<timestamp>5093.542553</timestamp>
			</report>
			<report>
				<misses>14997001</misses>
				<total>47</total>
				<timestamp>5093.882289</timestamp>
			</report>
			<report>
				<misses>14998001</misses>
				<total>47</total>
				<timestamp>5094.221899</timestamp>
			</report>
			<report>
				<misses>14999001</misses>
				<total>47</total>
				<timestamp>5094.561552</timestamp>
			</report>
			<report>
				<misses>15000001</misses>
				<total>47</total>
				<timestamp>5094.901210</timestamp>
			</report>
			<report>
				<misses>15001001</misses>
				<total>47</total>
				<timestamp>5095.240865</timestamp>
			</report>
			<report>
				<misses>15002001</misses>
				<total>47</total>
				<timestamp>5095.580553</timestamp>
			</report>
			<report>
				<misses>15003001</misses>
				<total>46</total>
				<timestamp>5095.920280</timestamp>
			</report>
			<report>
				<misses>15004001</misses>
				<total>47</total>
				<timestamp>5096.259841</timestamp>
			</report>
			<report>
				<misses>15005001</misses>
				<total>47</total>
				<timestamp>5096.599518</timestamp>
			</report>
			<report>
				<misses>15006001</misses>
				<total>47</total>
				<timestamp>5096.939206</timestamp>
			</report>
			<report>
				<misses>15007001</misses>
				<total>47</total>
				<timestamp>5097.278832</timestamp>
			</report>
			<report>
				<misses>15008001</misses>
				<total>47</total>
				<timestamp>5097.618517</timestamp>
			</report>
			<report>
				<misses>15009001</misses>
				<total>47</total>
				<timestamp>5097.958145</timestamp>
			</report>
			<report>
				<misses>15010001</misses>
				<total>47</total>
				<timestamp>5098.297849</timestamp>
			</report>
			<report>
				<misses>15011001</misses>
				<total>47</total>
				<timestamp>5098.637460</timestamp>
			</report>
			<report>
				<misses>15012001</misses>
				<total>47</total>
				<timestamp>5098.977144</timestamp>
			</report>
			<report>
				<misses>15013001</misses>
				<total>47</total>
				<timestamp>5099.316795</timestamp>
			</report>
			<report>
				<misses>15014001</misses>
				<total>47</total>
				<timestamp>5099.656449</timestamp>
			</report>
			<report>
				<misses>15015001</misses>
				<total>47</total>
				<timestamp>5099.996095</timestamp>
			</report>
			<report>
				<misses>15016001</misses>
				<total>47</total>
				<timestamp>5100.335780</timestamp>
			</report>
			<report>
				<misses>15017001</misses>
				<total>47</total>
				<timestamp>5100.675414</timestamp>
			</report>
			<report>
				<misses>15018001</misses>
				<total>47</total>
				<timestamp>5101.015076</timestamp>
			</report>
			<report>
				<misses>15019001</misses>
				<total>47</total>
				<timestamp>5101.354806</timestamp>
			</report>
			<report>
				<misses>15020001</misses>
				<total>47</total>
				<timestamp>5101.694430</timestamp>
			</report>
			<report>
				<misses>15021001</misses>
				<total>47</total>
				<timestamp>5102.034102</timestamp>
			</report>
			<report>
				<misses>15022001</misses>
				<total>47</total>
				<timestamp>5102.373712</timestamp>
			</report>
			<report>
				<misses>15023001</misses>
				<total>47</total>
				<timestamp>5102.713376</timestamp>
			</report>
			<report>
				<misses>15024001</misses>
				<total>47</total>
				<timestamp>5103.053066</timestamp>
			</report>
			<report>
				<misses>15025001</misses>
				<total>47</total>
				<timestamp>5103.392724</timestamp>
			</report>
			<report>
				<misses>15026001</misses>
				<total>47</total>
				<timestamp>5103.732392</timestamp>
			</report>
			<report>
				<misses>15027001</misses>
				<total>46</total>
				<timestamp>5104.072108</timestamp>
			</report>
			<report>
				<misses>15028001</misses>
				<total>47</total>
				<timestamp>5104.411679</timestamp>
			</report>
			<report>
				<misses>15029001</misses>
				<total>47</total>
				<timestamp>5104.751356</timestamp>
			</report>
			<report>
				<misses>15030001</misses>
				<total>46</total>
				<timestamp>5105.091119</timestamp>
			</report>
			<report>
				<misses>15031001</misses>
				<total>47</total>
				<timestamp>5105.430694</timestamp>
			</report>
			<report>
				<misses>15032001</misses>
				<total>47</total>
				<timestamp>5105.770335</timestamp>
			</report>
			<report>
				<misses>15033001</misses>
				<total>46</total>
				<timestamp>5106.110092</timestamp>
			</report>
			<report>
				<misses>15034001</misses>
				<total>47</total>
				<timestamp>5106.449703</timestamp>
			</report>
			<report>
				<misses>15035001</misses>
				<total>47</total>
				<timestamp>5106.789350</timestamp>
			</report>
			<report>
				<misses>15036001</misses>
				<total>46</total>
				<timestamp>5107.129031</timestamp>
			</report>
			<report>
				<misses>15037001</misses>
				<total>47</total>
				<timestamp>5107.468619</timestamp>
			</report>
			<report>
				<misses>15038001</misses>
				<total>47</total>
				<timestamp>5107.808356</timestamp>
			</report>
			<report>
				<misses>15039001</misses>
				<total>47</total>
				<timestamp>5108.147926</timestamp>
			</report>
			<report>
				<misses>15040001</misses>
				<total>47</total>
				<timestamp>5108.487585</timestamp>
			</report>
			<report>
				<misses>15041001</misses>
				<total>47</total>
				<timestamp>5108.827322</timestamp>
			</report>
			<report>
				<misses>15042001</misses>
				<total>47</total>
				<timestamp>5109.166920</timestamp>
			</report>
			<report>
				<misses>15043001</misses>
				<total>47</total>
				<timestamp>5109.506576</timestamp>
			</report>
			<report>
				<misses>15044001</misses>
				<total>46</total>
				<timestamp>5109.846343</timestamp>
			</report>
			<report>
				<misses>15045001</misses>
				<total>47</total>
				<timestamp>5110.185885</timestamp>
			</report>
			<report>
				<misses>15046001</misses>
				<total>47</total>
				<timestamp>5110.525542</timestamp>
			</report>
			<report>
				<misses>15047001</misses>
				<total>46</total>
				<timestamp>5110.865317</timestamp>
			</report>
			<report>
				<misses>15048001</misses>
				<total>47</total>
				<timestamp>5111.204891</timestamp>
			</report>
			<report>
				<misses>15049001</misses>
				<total>47</total>
				<timestamp>5111.544556</timestamp>
			</report>
			<report>
				<misses>15050001</misses>
				<total>46</total>
				<timestamp>5111.884296</timestamp>
			</report>
			<report>
				<misses>15051001</misses>
				<total>47</total>
				<timestamp>5112.223915</timestamp>
			</report>
			<report>
				<misses>15052001</misses>
				<total>47</total>
				<timestamp>5112.563529</timestamp>
			</report>
			<report>
				<misses>15053001</misses>
				<total>46</total>
				<timestamp>5112.903284</timestamp>
			</report>
			<report>
				<misses>15054001</misses>
				<total>47</total>
				<timestamp>5113.242862</timestamp>
			</report>
			<report>
				<misses>15055001</misses>
				<total>47</total>
				<timestamp>5113.582509</timestamp>
			</report>
			<report>
				<misses>15056001</misses>
				<total>47</total>
				<timestamp>5113.922159</timestamp>
			</report>
			<report>
				<misses>15057001</misses>
				<total>47</total>
				<timestamp>5114.261827</timestamp>
			</report>
			<report>
				<misses>15058001</misses>
				<total>47</total>
				<timestamp>5114.601487</timestamp>
			</report>
			<report>
				<misses>15059001</misses>
				<total>47</total>
				<timestamp>5114.941169</timestamp>
			</report>
			<report>
				<misses>15060001</misses>
				<total>47</total>
				<timestamp>5115.280810</timestamp>
			</report>
			<report>
				<misses>15061001</misses>
				<total>47</total>
				<timestamp>5115.620462</timestamp>
			</report>
			<report>
				<misses>15062001</misses>
				<total>47</total>
				<timestamp>5115.960146</timestamp>
			</report>
			<report>
				<misses>15063001</misses>
				<total>47</total>
				<timestamp>5116.299781</timestamp>
			</report>
			<report>
				<misses>15064001</misses>
				<total>47</total>
				<timestamp>5116.639452</timestamp>
			</report>
			<report>
				<misses>15065001</misses>
				<total>47</total>
				<timestamp>5116.979147</timestamp>
			</report>
			<report>
				<misses>15066001</misses>
				<total>47</total>
				<timestamp>5117.318762</timestamp>
			</report>
			<report>
				<misses>15067001</misses>
				<total>47</total>
				<timestamp>5117.658405</timestamp>
			</report>
			<report>
				<misses>15068001</misses>
				<total>47</total>
				<timestamp>5117.998140</timestamp>
			</report>
			<report>
				<misses>15069001</misses>
				<total>47</total>
				<timestamp>5118.337741</timestamp>
			</report>
			<report>
				<misses>15070001</misses>
				<total>47</total>
				<timestamp>5118.677414</timestamp>
			</report>
			<report>
				<misses>15071001</misses>
				<total>46</total>
				<timestamp>5119.017140</timestamp>
			</report>
			<report>
				<misses>15072001</misses>
				<total>47</total>
				<timestamp>5119.356710</timestamp>
			</report>
			<report>
				<misses>15073001</misses>
				<total>47</total>
				<timestamp>5119.696376</timestamp>
			</report>
			<report>
				<misses>15074001</misses>
				<total>47</total>
				<timestamp>5120.036062</timestamp>
			</report>
			<report>
				<misses>15075001</misses>
				<total>47</total>
				<timestamp>5120.375699</timestamp>
			</report>
			<report>
				<misses>15076001</misses>
				<total>47</total>
				<timestamp>5120.715388</timestamp>
			</report>
			<report>
				<misses>15077001</misses>
				<total>47</total>
				<timestamp>5121.055004</timestamp>
			</report>
			<report>
				<misses>15078001</misses>
				<total>47</total>
				<timestamp>5121.394676</timestamp>
			</report>
			<report>
				<misses>15079001</misses>
				<total>47</total>
				<timestamp>5121.734340</timestamp>
			</report>
			<report>
				<misses>15080001</misses>
				<total>46</total>
				<timestamp>5122.074116</timestamp>
			</report>
			<report>
				<misses>15081001</misses>
				<total>47</total>
				<timestamp>5122.413669</timestamp>
			</report>
			<report>
				<misses>15082001</misses>
				<total>47</total>
				<timestamp>5122.753325</timestamp>
			</report>
			<report>
				<misses>15083001</misses>
				<total>46</total>
				<timestamp>5123.093104</timestamp>
			</report>
			<report>
				<misses>15084001</misses>
				<total>47</total>
				<timestamp>5123.432632</timestamp>
			</report>
			<report>
				<misses>15085001</misses>
				<total>47</total>
				<timestamp>5123.772311</timestamp>
			</report>
			<report>
				<misses>15086001</misses>
				<total>47</total>
				<timestamp>5124.112000</timestamp>
			</report>
			<report>
				<misses>15087001</misses>
				<total>47</total>
				<timestamp>5124.451614</timestamp>
			</report>
			<report>
				<misses>15088001</misses>
				<total>47</total>
				<timestamp>5124.791309</timestamp>
			</report>
			<report>
				<misses>15089001</misses>
				<total>47</total>
				<timestamp>5125.130997</timestamp>
			</report>
			<report>
				<misses>15090001</misses>
				<total>47</total>
				<timestamp>5125.470624</timestamp>
			</report>
			<report>
				<misses>15091001</misses>
				<total>47</total>
				<timestamp>5125.810269</timestamp>
			</report>
			<report>
				<misses>15092001</misses>
				<total>47</total>
				<timestamp>5126.149991</timestamp>
			</report>
			<report>
				<misses>15093001</misses>
				<total>47</total>
				<timestamp>5126.489577</timestamp>
			</report>
			<report>
				<misses>15094001</misses>
				<total>47</total>
				<timestamp>5126.829275</timestamp>
			</report>
			<report>
				<misses>15095001</misses>
				<total>47</total>
				<timestamp>5127.168967</timestamp>
			</report>
			<report>
				<misses>15096001</misses>
				<total>47</total>
				<timestamp>5127.508549</timestamp>
			</report>
			<report>
				<misses>15097001</misses>
				<total>47</total>
				<timestamp>5127.848249</timestamp>
			</report>
			<report>
				<misses>15098001</misses>
				<total>46</total>
				<timestamp>5128.187992</timestamp>
			</report>
			<report>
				<misses>15099001</misses>
				<total>47</total>
				<timestamp>5128.527534</timestamp>
			</report>
			<report>
				<misses>15100001</misses>
				<total>47</total>
				<timestamp>5128.867203</timestamp>
			</report>
			<report>
				<misses>15101001</misses>
				<total>46</total>
				<timestamp>5129.206964</timestamp>
			</report>
			<report>
				<misses>15102001</misses>
				<total>47</total>
				<timestamp>5129.546526</timestamp>
			</report>
			<report>
				<misses>15103001</misses>
				<total>47</total>
				<timestamp>5129.886191</timestamp>
			</report>
			<report>
				<misses>15104001</misses>
				<total>46</total>
				<timestamp>5130.225953</timestamp>
			</report>
			<report>
				<misses>15105001</misses>
				<total>47</total>
				<timestamp>5130.565513</timestamp>
			</report>
			<report>
				<misses>15106001</misses>
				<total>47</total>
				<timestamp>5130.905180</timestamp>
			</report>
			<report>
				<misses>15107001</misses>
				<total>47</total>
				<timestamp>5131.244822</timestamp>
			</report>
			<report>
				<misses>15108001</misses>
				<total>47</total>
				<timestamp>5131.584472</timestamp>
			</report>
			<report>
				<misses>15109001</misses>
				<total>47</total>
				<timestamp>5131.924172</timestamp>
			</report>
			<report>
				<misses>15110001</misses>
				<total>46</total>
				<timestamp>5132.263946</timestamp>
			</report>
			<report>
				<misses>15111001</misses>
				<total>47</total>
				<timestamp>5132.603459</timestamp>
			</report>
			<report>
				<misses>15112001</misses>
				<total>46</total>
				<timestamp>5132.943218</timestamp>
			</report>
			<report>
				<misses>15113001</misses>
				<total>47</total>
				<timestamp>5133.282776</timestamp>
			</report>
			<report>
				<misses>15114001</misses>
				<total>47</total>
				<timestamp>5133.622448</timestamp>
			</report>
			<report>
				<misses>15115001</misses>
				<total>46</total>
				<timestamp>5133.962199</timestamp>
			</report>
			<report>
				<misses>15116001</misses>
				<total>47</total>
				<timestamp>5134.301846</timestamp>
			</report>
			<report>
				<misses>15117001</misses>
				<total>47</total>
				<timestamp>5134.641426</timestamp>
			</report>
			<report>
				<misses>15118001</misses>
				<total>46</total>
				<timestamp>5134.981171</timestamp>
			</report>
			<report>
				<misses>15119001</misses>
				<total>47</total>
				<timestamp>5135.320753</timestamp>
			</report>
			<report>
				<misses>15120001</misses>
				<total>47</total>
				<timestamp>5135.660411</timestamp>
			</report>
			<report>
				<misses>15121001</misses>
				<total>46</total>
				<timestamp>5136.000149</timestamp>
			</report>
			<report>
				<misses>15122001</misses>
				<total>47</total>
				<timestamp>5136.339722</timestamp>
			</report>
			<report>
				<misses>15123001</misses>
				<total>47</total>
				<timestamp>5136.679406</timestamp>
			</report>
			<report>
				<misses>15124001</misses>
				<total>47</total>
				<timestamp>5137.019028</timestamp>
			</report>
			<report>
				<misses>15125001</misses>
				<total>47</total>
				<timestamp>5137.358684</timestamp>
			</report>
			<report>
				<misses>15126001</misses>
				<total>47</total>
				<timestamp>5137.698347</timestamp>
			</report>
			<report>
				<misses>15127001</misses>
				<total>46</total>
				<timestamp>5138.038129</timestamp>
			</report>
			<report>
				<misses>15128001</misses>
				<total>47</total>
				<timestamp>5138.377656</timestamp>
			</report>
			<report>
				<misses>15129001</misses>
				<total>47</total>
				<timestamp>5138.717333</timestamp>
			</report>
			<report>
				<misses>15130001</misses>
				<total>47</total>
				<timestamp>5139.057021</timestamp>
			</report>
			<report>
				<misses>15131001</misses>
				<total>47</total>
				<timestamp>5139.396645</timestamp>
			</report>
			<report>
				<misses>15132001</misses>
				<total>47</total>
				<timestamp>5139.736318</timestamp>
			</report>
			<report>
				<misses>15133001</misses>
				<total>47</total>
				<timestamp>5140.076002</timestamp>
			</report>
			<report>
				<misses>15134001</misses>
				<total>47</total>
				<timestamp>5140.415647</timestamp>
			</report>
			<report>
				<misses>15135001</misses>
				<total>47</total>
				<timestamp>5140.755288</timestamp>
			</report>
			<report>
				<misses>15136001</misses>
				<total>47</total>
				<timestamp>5141.095023</timestamp>
			</report>
			<report>
				<misses>15137001</misses>
				<total>47</total>
				<timestamp>5141.434600</timestamp>
			</report>
			<report>
				<misses>15138001</misses>
				<total>47</total>
				<timestamp>5141.774286</timestamp>
			</report>
			<report>
				<misses>15139001</misses>
				<total>47</total>
				<timestamp>5142.114001</timestamp>
			</report>
			<report>
				<misses>15140001</misses>
				<total>47</total>
				<timestamp>5142.453591</timestamp>
			</report>
			<report>
				<misses>15141001</misses>
				<total>47</total>
				<timestamp>5142.793260</timestamp>
			</report>
			<report>
				<misses>15142001</misses>
				<total>46</total>
				<timestamp>5143.133000</timestamp>
			</report>
			<report>
				<misses>15143001</misses>
				<total>47</total>
				<timestamp>5143.472573</timestamp>
			</report>
			<report>
				<misses>15144001</misses>
				<total>47</total>
				<timestamp>5143.812267</timestamp>
			</report>
			<report>
				<misses>15145001</misses>
				<total>47</total>
				<timestamp>5144.151915</timestamp>
			</report>
			<report>
				<misses>15146001</misses>
				<total>47</total>
				<timestamp>5144.491570</timestamp>
			</report>
			<report>
				<misses>15147001</misses>
				<total>47</total>
				<timestamp>5144.831250</timestamp>
			</report>
			<report>
				<misses>15148001</misses>
				<total>46</total>
				<timestamp>5145.170996</timestamp>
			</report>
			<report>
				<misses>15149001</misses>
				<total>47</total>
				<timestamp>5145.510525</timestamp>
			</report>
			<report>
				<misses>15150001</misses>
				<total>47</total>
				<timestamp>5145.850235</timestamp>
			</report>
			<report>
				<misses>15151001</misses>
				<total>47</total>
				<timestamp>5146.189864</timestamp>
			</report>
			<report>
				<misses>15152001</misses>
				<total>47</total>
				<timestamp>5146.529502</timestamp>
			</report>
			<report>
				<misses>15153001</misses>
				<total>47</total>
				<timestamp>5146.869190</timestamp>
			</report>
			<report>
				<misses>15154001</misses>
				<total>47</total>
				<timestamp>5147.208856</timestamp>
			</report>
			<report>
				<misses>15155001</misses>
				<total>47</total>
				<timestamp>5147.548523</timestamp>
			</report>
			<report>
				<misses>15156001</misses>
				<total>47</total>
				<timestamp>5147.888146</timestamp>
			</report>
			<report>
				<misses>15157001</misses>
				<total>47</total>
				<timestamp>5148.227882</timestamp>
			</report>
			<report>
				<misses>15158001</misses>
				<total>47</total>
				<timestamp>5148.567467</timestamp>
			</report>
			<report>
				<misses>15159001</misses>
				<total>47</total>
				<timestamp>5148.907155</timestamp>
			</report>
			<report>
				<misses>15160001</misses>
				<total>47</total>
				<timestamp>5149.246792</timestamp>
			</report>
			<report>
				<misses>15161001</misses>
				<total>47</total>
				<timestamp>5149.586468</timestamp>
			</report>
			<report>
				<misses>15162001</misses>
				<total>47</total>
				<timestamp>5149.926107</timestamp>
			</report>
			<report>
				<misses>15163001</misses>
				<total>47</total>
				<timestamp>5150.265836</timestamp>
			</report>
			<report>
				<misses>15164001</misses>
				<total>47</total>
				<timestamp>5150.605456</timestamp>
			</report>
			<report>
				<misses>15165001</misses>
				<total>47</total>
				<timestamp>5150.945131</timestamp>
			</report>
			<report>
				<misses>15166001</misses>
				<total>47</total>
				<timestamp>5151.284847</timestamp>
			</report>
			<report>
				<misses>15167001</misses>
				<total>47</total>
				<timestamp>5151.624418</timestamp>
			</report>
			<report>
				<misses>15168001</misses>
				<total>47</total>
				<timestamp>5151.964084</timestamp>
			</report>
			<report>
				<misses>15169001</misses>
				<total>46</total>
				<timestamp>5152.303851</timestamp>
			</report>
			<report>
				<misses>15170001</misses>
				<total>47</total>
				<timestamp>5152.643460</timestamp>
			</report>
			<report>
				<misses>15171001</misses>
				<total>47</total>
				<timestamp>5152.983069</timestamp>
			</report>
			<report>
				<misses>15172001</misses>
				<total>46</total>
				<timestamp>5153.322825</timestamp>
			</report>
			<report>
				<misses>15173001</misses>
				<total>47</total>
				<timestamp>5153.662389</timestamp>
			</report>
			<report>
				<misses>15174001</misses>
				<total>47</total>
				<timestamp>5154.002048</timestamp>
			</report>
			<report>
				<misses>15175001</misses>
				<total>46</total>
				<timestamp>5154.341809</timestamp>
			</report>
			<report>
				<misses>15176001</misses>
				<total>47</total>
				<timestamp>5154.681377</timestamp>
			</report>
			<report>
				<misses>15177001</misses>
				<total>47</total>
				<timestamp>5155.021057</timestamp>
			</report>
			<report>
				<misses>15178001</misses>
				<total>46</total>
				<timestamp>5155.360807</timestamp>
			</report>
			<report>
				<misses>15179001</misses>
				<total>47</total>
				<timestamp>5155.700365</timestamp>
			</report>
			<report>
				<misses>15180001</misses>
				<total>47</total>
				<timestamp>5156.040057</timestamp>
			</report>
			<report>
				<misses>15181001</misses>
				<total>47</total>
				<timestamp>5156.379673</timestamp>
			</report>
			<report>
				<misses>15182001</misses>
				<total>47</total>
				<timestamp>5156.719326</timestamp>
			</report>
			<report>
				<misses>15183001</misses>
				<total>47</total>
				<timestamp>5157.059039</timestamp>
			</report>
			<report>
				<misses>15184001</misses>
				<total>47</total>
				<timestamp>5157.398694</timestamp>
			</report>
			<report>
				<misses>15185001</misses>
				<total>47</total>
				<timestamp>5157.738310</timestamp>
			</report>
			<report>
				<misses>15186001</misses>
				<total>47</total>
				<timestamp>5158.077967</timestamp>
			</report>
			<report>
				<misses>15187001</misses>
				<total>47</total>
				<timestamp>5158.417651</timestamp>
			</report>
			<report>
				<misses>15188001</misses>
				<total>47</total>
				<timestamp>5158.757284</timestamp>
			</report>
			<report>
				<misses>15189001</misses>
				<total>47</total>
				<timestamp>5159.097005</timestamp>
			</report>
			<report>
				<misses>15190001</misses>
				<total>47</total>
				<timestamp>5159.436597</timestamp>
			</report>
			<report>
				<misses>15191001</misses>
				<total>47</total>
				<timestamp>5159.776309</timestamp>
			</report>
			<report>
				<misses>15192001</misses>
				<total>46</total>
				<timestamp>5160.116023</timestamp>
			</report>
			<report>
				<misses>15193001</misses>
				<total>47</total>
				<timestamp>5160.455578</timestamp>
			</report>
			<report>
				<misses>15194001</misses>
				<total>47</total>
				<timestamp>5160.795263</timestamp>
			</report>
			<report>
				<misses>15195001</misses>
				<total>46</total>
				<timestamp>5161.135006</timestamp>
			</report>
			<report>
				<misses>15196001</misses>
				<total>47</total>
				<timestamp>5161.474557</timestamp>
			</report>
			<report>
				<misses>15197001</misses>
				<total>47</total>
				<timestamp>5161.814232</timestamp>
			</report>
			<report>
				<misses>15198001</misses>
				<total>47</total>
				<timestamp>5162.153943</timestamp>
			</report>
			<report>
				<misses>15199001</misses>
				<total>47</total>
				<timestamp>5162.493548</timestamp>
			</report>
			<report>
				<misses>15200001</misses>
				<total>47</total>
				<timestamp>5162.833196</timestamp>
			</report>
			<report>
				<misses>15201001</misses>
				<total>47</total>
				<timestamp>5163.172872</timestamp>
			</report>
			<report>
				<misses>15202001</misses>
				<total>47</total>
				<timestamp>5163.512539</timestamp>
			</report>
			<report>
				<misses>15203001</misses>
				<total>47</total>
				<timestamp>5163.852175</timestamp>
			</report>
			<report>
				<misses>15204001</misses>
				<total>47</total>
				<timestamp>5164.191888</timestamp>
			</report>
			<report>
				<misses>15205001</misses>
				<total>47</total>
				<timestamp>5164.531497</timestamp>
			</report>
			<report>
				<misses>15206001</misses>
				<total>47</total>
				<timestamp>5164.871187</timestamp>
			</report>
			<report>
				<misses>15207001</misses>
				<total>47</total>
				<timestamp>5165.210946</timestamp>
			</report>
			<report>
				<misses>15208001</misses>
				<total>47</total>
				<timestamp>5165.550601</timestamp>
			</report>
			<report>
				<misses>15209001</misses>
				<total>47</total>
				<timestamp>5165.890267</timestamp>
			</report>
			<report>
				<misses>15210001</misses>
				<total>47</total>
				<timestamp>5166.229927</timestamp>
			</report>
			<report>
				<misses>15211001</misses>
				<total>47</total>
				<timestamp>5166.569586</timestamp>
			</report>
			<report>
				<misses>15212001</misses>
				<total>47</total>
				<timestamp>5166.909127</timestamp>
			</report>
			<report>
				<misses>15213001</misses>
				<total>47</total>
				<timestamp>5167.248905</timestamp>
			</report>
			<report>
				<misses>15214001</misses>
				<total>47</total>
				<timestamp>5167.588440</timestamp>
			</report>
			<report>
				<misses>15215001</misses>
				<total>47</total>
				<timestamp>5167.928226</timestamp>
			</report>
			<report>
				<misses>15216001</misses>
				<total>47</total>
				<timestamp>5168.267883</timestamp>
			</report>
			<report>
				<misses>15217001</misses>
				<total>47</total>
				<timestamp>5168.607542</timestamp>
			</report>
			<report>
				<misses>15218001</misses>
				<total>47</total>
				<timestamp>5168.947089</timestamp>
			</report>
			<report>
				<misses>15219001</misses>
				<total>46</total>
				<timestamp>5169.286867</timestamp>
			</report>
			<report>
				<misses>15220001</misses>
				<total>47</total>
				<timestamp>5169.626528</timestamp>
			</report>
			<report>
				<misses>15221001</misses>
				<total>47</total>
				<timestamp>5169.966062</timestamp>
			</report>
			<report>
				<misses>15222001</misses>
				<total>46</total>
				<timestamp>5170.305845</timestamp>
			</report>
			<report>
				<misses>15223001</misses>
				<total>47</total>
				<timestamp>5170.645381</timestamp>
			</report>
			<report>
				<misses>15224001</misses>
				<total>47</total>
				<timestamp>5170.985169</timestamp>
			</report>
			<report>
				<misses>15225001</misses>
				<total>47</total>
				<timestamp>5171.324824</timestamp>
			</report>
			<report>
				<misses>15226001</misses>
				<total>47</total>
				<timestamp>5171.664362</timestamp>
			</report>
			<report>
				<misses>15227001</misses>
				<total>47</total>
				<timestamp>5172.004021</timestamp>
			</report>
			<report>
				<misses>15228001</misses>
				<total>46</total>
				<timestamp>5172.343805</timestamp>
			</report>
			<report>
				<misses>15229001</misses>
				<total>47</total>
				<timestamp>5172.683355</timestamp>
			</report>
			<report>
				<misses>15230001</misses>
				<total>47</total>
				<timestamp>5173.023000</timestamp>
			</report>
			<report>
				<misses>15231001</misses>
				<total>47</total>
				<timestamp>5173.362711</timestamp>
			</report>
			<report>
				<misses>15232001</misses>
				<total>47</total>
				<timestamp>5173.702343</timestamp>
			</report>
			<report>
				<misses>15233001</misses>
				<total>47</total>
				<timestamp>5174.041976</timestamp>
			</report>
			<report>
				<misses>15234001</misses>
				<total>47</total>
				<timestamp>5174.381705</timestamp>
			</report>
			<report>
				<misses>15235001</misses>
				<total>47</total>
				<timestamp>5174.721340</timestamp>
			</report>
			<report>
				<misses>15236001</misses>
				<total>47</total>
				<timestamp>5175.060953</timestamp>
			</report>
			<report>
				<misses>15237001</misses>
				<total>47</total>
				<timestamp>5175.400693</timestamp>
			</report>
			<report>
				<misses>15238001</misses>
				<total>47</total>
				<timestamp>5175.740298</timestamp>
			</report>
			<report>
				<misses>15239001</misses>
				<total>47</total>
				<timestamp>5176.079932</timestamp>
			</report>
			<report>
				<misses>15240001</misses>
				<total>47</total>
				<timestamp>5176.419656</timestamp>
			</report>
			<report>
				<misses>15241001</misses>
				<total>47</total>
				<timestamp>5176.759273</timestamp>
			</report>
			<report>
				<misses>15242001</misses>
				<total>47</total>
				<timestamp>5177.098934</timestamp>
			</report>
			<report>
				<misses>15243001</misses>
				<total>46</total>
				<timestamp>5177.438676</timestamp>
			</report>
			<report>
				<misses>15244001</misses>
				<total>47</total>
				<timestamp>5177.778279</timestamp>
			</report>
			<report>
				<misses>15245001</misses>
				<total>47</total>
				<timestamp>5178.117904</timestamp>
			</report>
			<report>
				<misses>15246001</misses>
				<total>47</total>
				<timestamp>5178.457621</timestamp>
			</report>
			<report>
				<misses>15247001</misses>
				<total>47</total>
				<timestamp>5178.797223</timestamp>
			</report>
			<report>
				<misses>15248001</misses>
				<total>47</total>
				<timestamp>5179.136891</timestamp>
			</report>
			<report>
				<misses>15249001</misses>
				<total>46</total>
				<timestamp>5179.476664</timestamp>
			</report>
			<report>
				<misses>15250001</misses>
				<total>47</total>
				<timestamp>5179.816217</timestamp>
			</report>
			<report>
				<misses>15251001</misses>
				<total>47</total>
				<timestamp>5180.155878</timestamp>
			</report>
			<report>
				<misses>15252001</misses>
				<total>47</total>
				<timestamp>5180.495585</timestamp>
			</report>
			<report>
				<misses>15253001</misses>
				<total>47</total>
				<timestamp>5180.835231</timestamp>
			</report>
			<report>
				<misses>15254001</misses>
				<total>47</total>
				<timestamp>5181.174828</timestamp>
			</report>
			<report>
				<misses>15255001</misses>
				<total>46</total>
				<timestamp>5181.514650</timestamp>
			</report>
			<report>
				<misses>15256001</misses>
				<total>47</total>
				<timestamp>5181.854180</timestamp>
			</report>
			<report>
				<misses>15257001</misses>
				<total>47</total>
				<timestamp>5182.193927</timestamp>
			</report>
			<report>
				<misses>15258001</misses>
				<total>47</total>
				<timestamp>5182.533504</timestamp>
			</report>
			<report>
				<misses>15259001</misses>
				<total>47</total>
				<timestamp>5182.873134</timestamp>
			</report>
			<report>
				<misses>15260001</misses>
				<total>47</total>
				<timestamp>5183.212866</timestamp>
			</report>
			<report>
				<misses>15261001</misses>
				<total>47</total>
				<timestamp>5183.552475</timestamp>
			</report>
			<report>
				<misses>15262001</misses>
				<total>47</total>
				<timestamp>5183.892134</timestamp>
			</report>
			<report>
				<misses>15263001</misses>
				<total>46</total>
				<timestamp>5184.231890</timestamp>
			</report>
			<report>
				<misses>15264001</misses>
				<total>47</total>
				<timestamp>5184.571465</timestamp>
			</report>
			<report>
				<misses>15265001</misses>
				<total>47</total>
				<timestamp>5184.911129</timestamp>
			</report>
			<report>
				<misses>15266001</misses>
				<total>46</total>
				<timestamp>5185.250864</timestamp>
			</report>
			<report>
				<misses>15267001</misses>
				<total>47</total>
				<timestamp>5185.590447</timestamp>
			</report>
			<report>
				<misses>15268001</misses>
				<total>47</total>
				<timestamp>5185.930097</timestamp>
			</report>
			<report>
				<misses>15269001</misses>
				<total>46</total>
				<timestamp>5186.269842</timestamp>
			</report>
			<report>
				<misses>15270001</misses>
				<total>47</total>
				<timestamp>5186.609420</timestamp>
			</report>
			<report>
				<misses>15271001</misses>
				<total>47</total>
				<timestamp>5186.949073</timestamp>
			</report>
			<report>
				<misses>15272001</misses>
				<total>46</total>
				<timestamp>5187.288834</timestamp>
			</report>
			<report>
				<misses>15273001</misses>
				<total>47</total>
				<timestamp>5187.628434</timestamp>
			</report>
			<report>
				<misses>15274001</misses>
				<total>47</total>
				<timestamp>5187.968059</timestamp>
			</report>
			<report>
				<misses>15275001</misses>
				<total>47</total>
				<timestamp>5188.307727</timestamp>
			</report>
			<report>
				<misses>15276001</misses>
				<total>47</total>
				<timestamp>5188.647367</timestamp>
			</report>
			<report>
				<misses>15277001</misses>
				<total>47</total>
				<timestamp>5188.987023</timestamp>
			</report>
			<report>
				<misses>15278001</misses>
				<total>47</total>
				<timestamp>5189.326724</timestamp>
			</report>
			<report>
				<misses>15279001</misses>
				<total>47</total>
				<timestamp>5189.666350</timestamp>
			</report>
			<report>
				<misses>15280001</misses>
				<total>47</total>
				<timestamp>5190.006035</timestamp>
			</report>
			<report>
				<misses>15281001</misses>
				<total>47</total>
				<timestamp>5190.345674</timestamp>
			</report>
			<report>
				<misses>15282001</misses>
				<total>47</total>
				<timestamp>5190.685326</timestamp>
			</report>
			<report>
				<misses>15283001</misses>
				<total>47</total>
				<timestamp>5191.024988</timestamp>
			</report>
			<report>
				<misses>15284001</misses>
				<total>47</total>
				<timestamp>5191.364660</timestamp>
			</report>
			<report>
				<misses>15285001</misses>
				<total>47</total>
				<timestamp>5191.704296</timestamp>
			</report>
			<report>
				<misses>15286001</misses>
				<total>47</total>
				<timestamp>5192.043976</timestamp>
			</report>
			<report>
				<misses>15287001</misses>
				<total>47</total>
				<timestamp>5192.383679</timestamp>
			</report>
			<report>
				<misses>15288001</misses>
				<total>47</total>
				<timestamp>5192.723289</timestamp>
			</report>
			<report>
				<misses>15289001</misses>
				<total>47</total>
				<timestamp>5193.062925</timestamp>
			</report>
			<report>
				<misses>15290001</misses>
				<total>47</total>
				<timestamp>5193.402660</timestamp>
			</report>
			<report>
				<misses>15291001</misses>
				<total>47</total>
				<timestamp>5193.742292</timestamp>
			</report>
			<report>
				<misses>15292001</misses>
				<total>47</total>
				<timestamp>5194.081928</timestamp>
			</report>
			<report>
				<misses>15293001</misses>
				<total>46</total>
				<timestamp>5194.421681</timestamp>
			</report>
			<report>
				<misses>15294001</misses>
				<total>47</total>
				<timestamp>5194.761237</timestamp>
			</report>
			<report>
				<misses>15295001</misses>
				<total>47</total>
				<timestamp>5195.100904</timestamp>
			</report>
			<report>
				<misses>15296001</misses>
				<total>47</total>
				<timestamp>5195.440607</timestamp>
			</report>
			<report>
				<misses>15297001</misses>
				<total>47</total>
				<timestamp>5195.780202</timestamp>
			</report>
			<report>
				<misses>15298001</misses>
				<total>47</total>
				<timestamp>5196.119875</timestamp>
			</report>
			<report>
				<misses>15299001</misses>
				<total>47</total>
				<timestamp>5196.459553</timestamp>
			</report>
			<report>
				<misses>15300001</misses>
				<total>47</total>
				<timestamp>5196.799219</timestamp>
			</report>
			<report>
				<misses>15301001</misses>
				<total>47</total>
				<timestamp>5197.138862</timestamp>
			</report>
			<report>
				<misses>15302001</misses>
				<total>47</total>
				<timestamp>5197.478538</timestamp>
			</report>
			<report>
				<misses>15303001</misses>
				<total>47</total>
				<timestamp>5197.818202</timestamp>
			</report>
			<report>
				<misses>15304001</misses>
				<total>47</total>
				<timestamp>5198.157850</timestamp>
			</report>
			<report>
				<misses>15305001</misses>
				<total>47</total>
				<timestamp>5198.497611</timestamp>
			</report>
			<report>
				<misses>15306001</misses>
				<total>47</total>
				<timestamp>5198.837172</timestamp>
			</report>
			<report>
				<misses>15307001</misses>
				<total>47</total>
				<timestamp>5199.176814</timestamp>
			</report>
			<report>
				<misses>15308001</misses>
				<total>47</total>
				<timestamp>5199.516529</timestamp>
			</report>
			<report>
				<misses>15309001</misses>
				<total>47</total>
				<timestamp>5199.856136</timestamp>
			</report>
			<report>
				<misses>15310001</misses>
				<total>47</total>
				<timestamp>5200.195794</timestamp>
			</report>
			<report>
				<misses>15311001</misses>
				<total>47</total>
				<timestamp>5200.535549</timestamp>
			</report>
			<report>
				<misses>15312001</misses>
				<total>47</total>
				<timestamp>5200.875132</timestamp>
			</report>
			<report>
				<misses>15313001</misses>
				<total>47</total>
				<timestamp>5201.214773</timestamp>
			</report>
			<report>
				<misses>15314001</misses>
				<total>47</total>
				<timestamp>5201.554517</timestamp>
			</report>
			<report>
				<misses>15315001</misses>
				<total>47</total>
				<timestamp>5201.894093</timestamp>
			</report>
			<report>
				<misses>15316001</misses>
				<total>47</total>
				<timestamp>5202.233758</timestamp>
			</report>
			<report>
				<misses>15317001</misses>
				<total>46</total>
				<timestamp>5202.573527</timestamp>
			</report>
			<report>
				<misses>15318001</misses>
				<total>47</total>
				<timestamp>5202.913063</timestamp>
			</report>
			<report>
				<misses>15319001</misses>
				<total>47</total>
				<timestamp>5203.252757</timestamp>
			</report>
			<report>
				<misses>15320001</misses>
				<total>47</total>
				<timestamp>5203.592509</timestamp>
			</report>
			<report>
				<misses>15321001</misses>
				<total>47</total>
				<timestamp>5203.932063</timestamp>
			</report>
			<report>
				<misses>15322001</misses>
				<total>47</total>
				<timestamp>5204.271731</timestamp>
			</report>
			<report>
				<misses>15323001</misses>
				<total>46</total>
				<timestamp>5204.611503</timestamp>
			</report>
			<report>
				<misses>15324001</misses>
				<total>47</total>
				<timestamp>5204.951040</timestamp>
			</report>
			<report>
				<misses>15325001</misses>
				<total>47</total>
				<timestamp>5205.290722</timestamp>
			</report>
			<report>
				<misses>15326001</misses>
				<total>47</total>
				<timestamp>5205.630441</timestamp>
			</report>
			<report>
				<misses>15327001</misses>
				<total>47</total>
				<timestamp>5205.970022</timestamp>
			</report>
			<report>
				<misses>15328001</misses>
				<total>47</total>
				<timestamp>5206.309703</timestamp>
			</report>
			<report>
				<misses>15329001</misses>
				<total>46</total>
				<timestamp>5206.649498</timestamp>
			</report>
			<report>
				<misses>15330001</misses>
				<total>47</total>
				<timestamp>5206.989007</timestamp>
			</report>
			<report>
				<misses>15331001</misses>
				<total>47</total>
				<timestamp>5207.328715</timestamp>
			</report>
			<report>
				<misses>15332001</misses>
				<total>47</total>
				<timestamp>5207.668326</timestamp>
			</report>
			<report>
				<misses>15333001</misses>
				<total>47</total>
				<timestamp>5208.007989</timestamp>
			</report>
			<report>
				<misses>15334001</misses>
				<total>47</total>
				<timestamp>5208.347630</timestamp>
			</report>
			<report>
				<misses>15335001</misses>
				<total>47</total>
				<timestamp>5208.687290</timestamp>
			</report>
			<report>
				<misses>15336001</misses>
				<total>47</total>
				<timestamp>5209.026968</timestamp>
			</report>
			<report>
				<misses>15337001</misses>
				<total>46</total>
				<timestamp>5209.366752</timestamp>
			</report>
			<report>
				<misses>15338001</misses>
				<total>47</total>
				<timestamp>5209.706332</timestamp>
			</report>
			<report>
				<misses>15339001</misses>
				<total>47</total>
				<timestamp>5210.045965</timestamp>
			</report>
			<report>
				<misses>15340001</misses>
				<total>46</total>
				<timestamp>5210.385699</timestamp>
			</report>
			<report>
				<misses>15341001</misses>
				<total>46</total>
				<timestamp>5210.725457</timestamp>
			</report>
			<report>
				<misses>15342001</misses>
				<total>47</total>
				<timestamp>5211.064960</timestamp>
			</report>
			<report>
				<misses>15343001</misses>
				<total>46</total>
				<timestamp>5211.404683</timestamp>
			</report>
			<report>
				<misses>15344001</misses>
				<total>47</total>
				<timestamp>5211.744285</timestamp>
			</report>
			<report>
				<misses>15345001</misses>
				<total>47</total>
				<timestamp>5212.083936</timestamp>
			</report>
			<report>
				<misses>15346001</misses>
				<total>46</total>
				<timestamp>5212.423664</timestamp>
			</report>
			<report>
				<misses>15347001</misses>
				<total>47</total>
				<timestamp>5212.763241</timestamp>
			</report>
			<report>
				<misses>15348001</misses>
				<total>47</total>
				<timestamp>5213.102919</timestamp>
			</report>
			<report>
				<misses>15349001</misses>
				<total>47</total>
				<timestamp>5213.442552</timestamp>
			</report>
			<report>
				<misses>15350001</misses>
				<total>47</total>
				<timestamp>5213.782205</timestamp>
			</report>
			<report>
				<misses>15351001</misses>
				<total>47</total>
				<timestamp>5214.121862</timestamp>
			</report>
			<report>
				<misses>15352001</misses>
				<total>47</total>
				<timestamp>5214.461541</timestamp>
			</report>
			<report>
				<misses>15353001</misses>
				<total>47</total>
				<timestamp>5214.801173</timestamp>
			</report>
			<report>
				<misses>15354001</misses>
				<total>47</total>
				<timestamp>5215.140851</timestamp>
			</report>
			<report>
				<misses>15355001</misses>
				<total>47</total>
				<timestamp>5215.480547</timestamp>
			</report>
			<report>
				<misses>15356001</misses>
				<total>47</total>
				<timestamp>5215.820163</timestamp>
			</report>
			<report>
				<misses>15357001</misses>
				<total>47</total>
				<timestamp>5216.159823</timestamp>
			</report>
			<report>
				<misses>15358001</misses>
				<total>47</total>
				<timestamp>5216.499563</timestamp>
			</report>
			<report>
				<misses>15359001</misses>
				<total>47</total>
				<timestamp>5216.839141</timestamp>
			</report>
			<report>
				<misses>15360001</misses>
				<total>47</total>
				<timestamp>5217.178803</timestamp>
			</report>
			<report>
				<misses>15361001</misses>
				<total>47</total>
				<timestamp>5217.518534</timestamp>
			</report>
			<report>
				<misses>15362001</misses>
				<total>47</total>
				<timestamp>5217.858134</timestamp>
			</report>
			<report>
				<misses>15363001</misses>
				<total>47</total>
				<timestamp>5218.197797</timestamp>
			</report>
			<report>
				<misses>15364001</misses>
				<total>47</total>
				<timestamp>5218.537520</timestamp>
			</report>
			<report>
				<misses>15365001</misses>
				<total>47</total>
				<timestamp>5218.877086</timestamp>
			</report>
			<report>
				<misses>15366001</misses>
				<total>47</total>
				<timestamp>5219.216765</timestamp>
			</report>
			<report>
				<misses>15367001</misses>
				<total>46</total>
				<timestamp>5219.556514</timestamp>
			</report>
			<report>
				<misses>15368001</misses>
				<total>47</total>
				<timestamp>5219.896078</timestamp>
			</report>
			<report>
				<misses>15369001</misses>
				<total>47</total>
				<timestamp>5220.235727</timestamp>
			</report>
			<report>
				<misses>15370001</misses>
				<total>47</total>
				<timestamp>5220.575412</timestamp>
			</report>
			<report>
				<misses>15371001</misses>
				<total>47</total>
				<timestamp>5220.915053</timestamp>
			</report>
			<report>
				<misses>15372001</misses>
				<total>47</total>
				<timestamp>5221.254728</timestamp>
			</report>
			<report>
				<misses>15373001</misses>
				<total>47</total>
				<timestamp>5221.594394</timestamp>
			</report>
			<report>
				<misses>15374001</misses>
				<total>47</total>
				<timestamp>5221.934044</timestamp>
			</report>
			<report>
				<misses>15375001</misses>
				<total>47</total>
				<timestamp>5222.273689</timestamp>
			</report>
			<report>
				<misses>15376001</misses>
				<total>47</total>
				<timestamp>5222.613433</timestamp>
			</report>
			<report>
				<misses>15377001</misses>
				<total>47</total>
				<timestamp>5222.953048</timestamp>
			</report>
			<report>
				<misses>15378001</misses>
				<total>47</total>
				<timestamp>5223.292707</timestamp>
			</report>
			<report>
				<misses>15379001</misses>
				<total>47</total>
				<timestamp>5223.632397</timestamp>
			</report>
			<report>
				<misses>15380001</misses>
				<total>47</total>
				<timestamp>5223.972015</timestamp>
			</report>
			<report>
				<misses>15381001</misses>
				<total>47</total>
				<timestamp>5224.311693</timestamp>
			</report>
			<report>
				<misses>15382001</misses>
				<total>47</total>
				<timestamp>5224.651393</timestamp>
			</report>
			<report>
				<misses>15383001</misses>
				<total>46</total>
				<timestamp>5224.991114</timestamp>
			</report>
			<report>
				<misses>15384001</misses>
				<total>47</total>
				<timestamp>5225.330628</timestamp>
			</report>
			<report>
				<misses>15385001</misses>
				<total>47</total>
				<timestamp>5225.670349</timestamp>
			</report>
			<report>
				<misses>15386001</misses>
				<total>47</total>
				<timestamp>5226.009960</timestamp>
			</report>
			<report>
				<misses>15387001</misses>
				<total>47</total>
				<timestamp>5226.349613</timestamp>
			</report>
			<report>
				<misses>15388001</misses>
				<total>47</total>
				<timestamp>5226.689348</timestamp>
			</report>
			<report>
				<misses>15389001</misses>
				<total>47</total>
				<timestamp>5227.028930</timestamp>
			</report>
			<report>
				<misses>15390001</misses>
				<total>47</total>
				<timestamp>5227.368610</timestamp>
			</report>
			<report>
				<misses>15391001</misses>
				<total>46</total>
				<timestamp>5227.708370</timestamp>
			</report>
			<report>
				<misses>15392001</misses>
				<total>47</total>
				<timestamp>5228.047949</timestamp>
			</report>
			<report>
				<misses>15393001</misses>
				<total>47</total>
				<timestamp>5228.387581</timestamp>
			</report>
			<report>
				<misses>15394001</misses>
				<total>46</total>
				<timestamp>5228.727369</timestamp>
			</report>
			<report>
				<misses>15395001</misses>
				<total>47</total>
				<timestamp>5229.066897</timestamp>
			</report>
			<report>
				<misses>15396001</misses>
				<total>48</total>
				<timestamp>5229.406570</timestamp>
			</report>
			<report>
				<misses>15397001</misses>
				<total>47</total>
				<timestamp>5229.746334</timestamp>
			</report>
			<report>
				<misses>15398001</misses>
				<total>48</total>
				<timestamp>5230.085870</timestamp>
			</report>
			<report>
				<misses>15399001</misses>
				<total>48</total>
				<timestamp>5230.425571</timestamp>
			</report>
			<report>
				<misses>15400001</misses>
				<total>48</total>
				<timestamp>5230.765222</timestamp>
			</report>
			<report>
				<misses>15401001</misses>
				<total>48</total>
				<timestamp>5231.104861</timestamp>
			</report>
			<report>
				<misses>15402001</misses>
				<total>48</total>
				<timestamp>5231.444573</timestamp>
			</report>
			<report>
				<misses>15403001</misses>
				<total>47</total>
				<timestamp>5231.784351</timestamp>
			</report>
			<report>
				<misses>15404001</misses>
				<total>48</total>
				<timestamp>5232.123843</timestamp>
			</report>
			<report>
				<misses>15405001</misses>
				<total>47</total>
				<timestamp>5232.463575</timestamp>
			</report>
			<report>
				<misses>15406001</misses>
				<total>48</total>
				<timestamp>5232.803148</timestamp>
			</report>
			<report>
				<misses>15407001</misses>
				<total>48</total>
				<timestamp>5233.142834</timestamp>
			</report>
			<report>
				<misses>15408001</misses>
				<total>47</total>
				<timestamp>5233.482565</timestamp>
			</report>
			<report>
				<misses>15409001</misses>
				<total>48</total>
				<timestamp>5233.822137</timestamp>
			</report>
			<report>
				<misses>15410001</misses>
				<total>48</total>
				<timestamp>5234.161814</timestamp>
			</report>
			<report>
				<misses>15411001</misses>
				<total>48</total>
				<timestamp>5234.501528</timestamp>
			</report>
			<report>
				<misses>15412001</misses>
				<total>48</total>
				<timestamp>5234.841147</timestamp>
			</report>
			<report>
				<misses>15413001</misses>
				<total>48</total>
				<timestamp>5235.180782</timestamp>
			</report>
			<report>
				<misses>15414001</misses>
				<total>47</total>
				<timestamp>5235.520533</timestamp>
			</report>
			<report>
				<misses>15415001</misses>
				<total>48</total>
				<timestamp>5235.860119</timestamp>
			</report>
			<report>
				<misses>15416001</misses>
				<total>48</total>
				<timestamp>5236.199776</timestamp>
			</report>
			<report>
				<misses>15417001</misses>
				<total>48</total>
				<timestamp>5236.539440</timestamp>
			</report>
			<report>
				<misses>15418001</misses>
				<total>48</total>
				<timestamp>5236.879102</timestamp>
			</report>
			<report>
				<misses>15419001</misses>
				<total>48</total>
				<timestamp>5237.218742</timestamp>
			</report>
			<report>
				<misses>15420001</misses>
				<total>48</total>
				<timestamp>5237.558412</timestamp>
			</report>
			<report>
				<misses>15421001</misses>
				<total>48</total>
				<timestamp>5237.898132</timestamp>
			</report>
			<report>
				<misses>15422001</misses>
				<total>48</total>
				<timestamp>5238.237767</timestamp>
			</report>
			<report>
				<misses>15423001</misses>
				<total>48</total>
				<timestamp>5238.577415</timestamp>
			</report>
			<report>
				<misses>15424001</misses>
				<total>48</total>
				<timestamp>5238.917060</timestamp>
			</report>
			<report>
				<misses>15425001</misses>
				<total>48</total>
				<timestamp>5239.256703</timestamp>
			</report>
			<report>
				<misses>15426001</misses>
				<total>48</total>
				<timestamp>5239.596401</timestamp>
			</report>
			<report>
				<misses>15427001</misses>
				<total>48</total>
				<timestamp>5239.936025</timestamp>
			</report>
			<report>
				<misses>15428001</misses>
				<total>48</total>
				<timestamp>5240.275669</timestamp>
			</report>
			<report>
				<misses>15429001</misses>
				<total>48</total>
				<timestamp>5240.615388</timestamp>
			</report>
			<report>
				<misses>15430001</misses>
				<total>48</total>
				<timestamp>5240.954995</timestamp>
			</report>
			<report>
				<misses>15431001</misses>
				<total>48</total>
				<timestamp>5241.294663</timestamp>
			</report>
			<report>
				<misses>15432001</misses>
				<total>48</total>
				<timestamp>5241.634401</timestamp>
			</report>
			<report>
				<misses>15433001</misses>
				<total>48</total>
				<timestamp>5241.973995</timestamp>
			</report>
			<report>
				<misses>15434001</misses>
				<total>48</total>
				<timestamp>5242.313655</timestamp>
			</report>
			<report>
				<misses>15435001</misses>
				<total>48</total>
				<timestamp>5242.653375</timestamp>
			</report>
			<report>
				<misses>15436001</misses>
				<total>48</total>
				<timestamp>5242.992958</timestamp>
			</report>
			<report>
				<misses>15437001</misses>
				<total>48</total>
				<timestamp>5243.332626</timestamp>
			</report>
			<report>
				<misses>15438001</misses>
				<total>48</total>
				<timestamp>5243.672380</timestamp>
			</report>
			<report>
				<misses>15439001</misses>
				<total>48</total>
				<timestamp>5244.011955</timestamp>
			</report>
			<report>
				<misses>15440001</misses>
				<total>48</total>
				<timestamp>5244.351612</timestamp>
			</report>
			<report>
				<misses>15441001</misses>
				<total>48</total>
				<timestamp>5244.691354</timestamp>
			</report>
			<report>
				<misses>15442001</misses>
				<total>48</total>
				<timestamp>5245.030956</timestamp>
			</report>
			<report>
				<misses>15443001</misses>
				<total>48</total>
				<timestamp>5245.370565</timestamp>
			</report>
			<report>
				<misses>15444001</misses>
				<total>47</total>
				<timestamp>5245.710392</timestamp>
			</report>
			<report>
				<misses>15445001</misses>
				<total>48</total>
				<timestamp>5246.049895</timestamp>
			</report>
			<report>
				<misses>15446001</misses>
				<total>48</total>
				<timestamp>5246.389583</timestamp>
			</report>
			<report>
				<misses>15447001</misses>
				<total>48</total>
				<timestamp>5246.729252</timestamp>
			</report>
			<report>
				<misses>15448001</misses>
				<total>48</total>
				<timestamp>5247.068898</timestamp>
			</report>
			<report>
				<misses>15449001</misses>
				<total>48</total>
				<timestamp>5247.408546</timestamp>
			</report>
			<report>
				<misses>15450001</misses>
				<total>48</total>
				<timestamp>5247.748225</timestamp>
			</report>
			<report>
				<misses>15451001</misses>
				<total>48</total>
				<timestamp>5248.087915</timestamp>
			</report>
			<report>
				<misses>15452001</misses>
				<total>48</total>
				<timestamp>5248.427530</timestamp>
			</report>
			<report>
				<misses>15453001</misses>
				<total>47</total>
				<timestamp>5248.767301</timestamp>
			</report>
			<report>
				<misses>15454001</misses>
				<total>48</total>
				<timestamp>5249.106840</timestamp>
			</report>
			<report>
				<misses>15455001</misses>
				<total>48</total>
				<timestamp>5249.446496</timestamp>
			</report>
			<report>
				<misses>15456001</misses>
				<total>48</total>
				<timestamp>5249.786223</timestamp>
			</report>
			<report>
				<misses>15457001</misses>
				<total>47</total>
				<timestamp>5250.125950</timestamp>
			</report>
			<report>
				<misses>15458001</misses>
				<total>48</total>
				<timestamp>5250.465479</timestamp>
			</report>
			<report>
				<misses>15459001</misses>
				<total>48</total>
				<timestamp>5250.805194</timestamp>
			</report>
			<report>
				<misses>15460001</misses>
				<total>48</total>
				<timestamp>5251.144795</timestamp>
			</report>
			<report>
				<misses>15461001</misses>
				<total>48</total>
				<timestamp>5251.484447</timestamp>
			</report>
			<report>
				<misses>15462001</misses>
				<total>47</total>
				<timestamp>5251.824230</timestamp>
			</report>
			<report>
				<misses>15463001</misses>
				<total>48</total>
				<timestamp>5252.163786</timestamp>
			</report>
			<report>
				<misses>15464001</misses>
				<total>48</total>
				<timestamp>5252.503436</timestamp>
			</report>
			<report>
				<misses>15465001</misses>
				<total>47</total>
				<timestamp>5252.843204</timestamp>
			</report>
			<report>
				<misses>15466001</misses>
				<total>48</total>
				<timestamp>5253.182768</timestamp>
			</report>
			<report>
				<misses>15467001</misses>
				<total>48</total>
				<timestamp>5253.522433</timestamp>
			</report>
			<report>
				<misses>15468001</misses>
				<total>48</total>
				<timestamp>5253.862127</timestamp>
			</report>
			<report>
				<misses>15469001</misses>
				<total>48</total>
				<timestamp>5254.201792</timestamp>
			</report>
			<report>
				<misses>15470001</misses>
				<total>48</total>
				<timestamp>5254.541386</timestamp>
			</report>
			<report>
				<misses>15471001</misses>
				<total>47</total>
				<timestamp>5254.881186</timestamp>
			</report>
			<report>
				<misses>15472001</misses>
				<total>48</total>
				<timestamp>5255.220717</timestamp>
			</report>
			<report>
				<misses>15473001</misses>
				<total>48</total>
				<timestamp>5255.560426</timestamp>
			</report>
			<report>
				<misses>15474001</misses>
				<total>47</total>
				<timestamp>5255.900175</timestamp>
			</report>
			<report>
				<misses>15475001</misses>
				<total>48</total>
				<timestamp>5256.239728</timestamp>
			</report>
			<report>
				<misses>15476001</misses>
				<total>48</total>
				<timestamp>5256.579373</timestamp>
			</report>
			<report>
				<misses>15477001</misses>
				<total>48</total>
				<timestamp>5256.919043</timestamp>
			</report>
			<report>
				<misses>15478001</misses>
				<total>48</total>
				<timestamp>5257.258707</timestamp>
			</report>
			<report>
				<misses>15479001</misses>
				<total>48</total>
				<timestamp>5257.598409</timestamp>
			</report>
			<report>
				<misses>15480001</misses>
				<total>48</total>
				<timestamp>5257.938008</timestamp>
			</report>
			<report>
				<misses>15481001</misses>
				<total>48</total>
				<timestamp>5258.277680</timestamp>
			</report>
			<report>
				<misses>15482001</misses>
				<total>48</total>
				<timestamp>5258.617339</timestamp>
			</report>
			<report>
				<misses>15483001</misses>
				<total>48</total>
				<timestamp>5258.956993</timestamp>
			</report>
			<report>
				<misses>15484001</misses>
				<total>48</total>
				<timestamp>5259.296638</timestamp>
			</report>
			<report>
				<misses>15485001</misses>
				<total>47</total>
				<timestamp>5259.636407</timestamp>
			</report>
			<report>
				<misses>15486001</misses>
				<total>48</total>
				<timestamp>5259.975961</timestamp>
			</report>
			<report>
				<misses>15487001</misses>
				<total>48</total>
				<timestamp>5260.315630</timestamp>
			</report>
			<report>
				<misses>15488001</misses>
				<total>47</total>
				<timestamp>5260.655415</timestamp>
			</report>
			<report>
				<misses>15489001</misses>
				<total>48</total>
				<timestamp>5260.994949</timestamp>
			</report>
			<report>
				<misses>15490001</misses>
				<total>48</total>
				<timestamp>5261.334605</timestamp>
			</report>
			<report>
				<misses>15491001</misses>
				<total>47</total>
				<timestamp>5261.674385</timestamp>
			</report>
			<report>
				<misses>15492001</misses>
				<total>48</total>
				<timestamp>5262.013924</timestamp>
			</report>
			<report>
				<misses>15493001</misses>
				<total>48</total>
				<timestamp>5262.353587</timestamp>
			</report>
			<report>
				<misses>15494001</misses>
				<total>47</total>
				<timestamp>5262.693388</timestamp>
			</report>
			<report>
				<misses>15495001</misses>
				<total>48</total>
				<timestamp>5263.032907</timestamp>
			</report>
			<report>
				<misses>15496001</misses>
				<total>48</total>
				<timestamp>5263.372564</timestamp>
			</report>
			<report>
				<misses>15497001</misses>
				<total>48</total>
				<timestamp>5263.712238</timestamp>
			</report>
			<report>
				<misses>15498001</misses>
				<total>48</total>
				<timestamp>5264.051873</timestamp>
			</report>
			<report>
				<misses>15499001</misses>
				<total>48</total>
				<timestamp>5264.391532</timestamp>
			</report>
			<report>
				<misses>15500001</misses>
				<total>48</total>
				<timestamp>5264.731238</timestamp>
			</report>
			<report>
				<misses>15501001</misses>
				<total>48</total>
				<timestamp>5265.070867</timestamp>
			</report>
			<report>
				<misses>15502001</misses>
				<total>48</total>
				<timestamp>5265.410508</timestamp>
			</report>
			<report>
				<misses>15503001</misses>
				<total>48</total>
				<timestamp>5265.750219</timestamp>
			</report>
			<report>
				<misses>15504001</misses>
				<total>48</total>
				<timestamp>5266.089837</timestamp>
			</report>
			<report>
				<misses>15505001</misses>
				<total>48</total>
				<timestamp>5266.429514</timestamp>
			</report>
			<report>
				<misses>15506001</misses>
				<total>47</total>
				<timestamp>5266.769250</timestamp>
			</report>
			<report>
				<misses>15507001</misses>
				<total>48</total>
				<timestamp>5267.108834</timestamp>
			</report>
			<report>
				<misses>15508001</misses>
				<total>48</total>
				<timestamp>5267.448502</timestamp>
			</report>
			<report>
				<misses>15509001</misses>
				<total>48</total>
				<timestamp>5267.788221</timestamp>
			</report>
			<report>
				<misses>15510001</misses>
				<total>48</total>
				<timestamp>5268.127838</timestamp>
			</report>
			<report>
				<misses>15511001</misses>
				<total>48</total>
				<timestamp>5268.467479</timestamp>
			</report>
			<report>
				<misses>15512001</misses>
				<total>48</total>
				<timestamp>5268.807181</timestamp>
			</report>
			<report>
				<misses>15513001</misses>
				<total>48</total>
				<timestamp>5269.146824</timestamp>
			</report>
			<report>
				<misses>15514001</misses>
				<total>48</total>
				<timestamp>5269.486455</timestamp>
			</report>
			<report>
				<misses>15515001</misses>
				<total>47</total>
				<timestamp>5269.826229</timestamp>
			</report>
			<report>
				<misses>15516001</misses>
				<total>48</total>
				<timestamp>5270.165786</timestamp>
			</report>
			<report>
				<misses>15517001</misses>
				<total>48</total>
				<timestamp>5270.505426</timestamp>
			</report>
			<report>
				<misses>15518001</misses>
				<total>48</total>
				<timestamp>5270.845114</timestamp>
			</report>
			<report>
				<misses>15519001</misses>
				<total>48</total>
				<timestamp>5271.184769</timestamp>
			</report>
			<report>
				<misses>15520001</misses>
				<total>48</total>
				<timestamp>5271.524413</timestamp>
			</report>
			<report>
				<misses>15521001</misses>
				<total>48</total>
				<timestamp>5271.864082</timestamp>
			</report>
			<report>
				<misses>15522001</misses>
				<total>48</total>
				<timestamp>5272.203709</timestamp>
			</report>
			<report>
				<misses>15523001</misses>
				<total>48</total>
				<timestamp>5272.543394</timestamp>
			</report>
			<report>
				<misses>15524001</misses>
				<total>48</total>
				<timestamp>5272.883097</timestamp>
			</report>
			<report>
				<misses>15525001</misses>
				<total>48</total>
				<timestamp>5273.222717</timestamp>
			</report>
			<report>
				<misses>15526001</misses>
				<total>48</total>
				<timestamp>5273.562370</timestamp>
			</report>
			<report>
				<misses>15527001</misses>
				<total>48</total>
				<timestamp>5273.902093</timestamp>
			</report>
			<report>
				<misses>15528001</misses>
				<total>48</total>
				<timestamp>5274.241722</timestamp>
			</report>
			<report>
				<misses>15529001</misses>
				<total>48</total>
				<timestamp>5274.581370</timestamp>
			</report>
			<report>
				<misses>15530001</misses>
				<total>48</total>
				<timestamp>5274.921078</timestamp>
			</report>
			<report>
				<misses>15531001</misses>
				<total>48</total>
				<timestamp>5275.260686</timestamp>
			</report>
			<report>
				<misses>15532001</misses>
				<total>48</total>
				<timestamp>5275.600357</timestamp>
			</report>
			<report>
				<misses>15533001</misses>
				<total>48</total>
				<timestamp>5275.939990</timestamp>
			</report>
			<report>
				<misses>15534001</misses>
				<total>48</total>
				<timestamp>5276.279659</timestamp>
			</report>
			<report>
				<misses>15535001</misses>
				<total>48</total>
				<timestamp>5276.619327</timestamp>
			</report>
			<report>
				<misses>15536001</misses>
				<total>47</total>
				<timestamp>5276.959072</timestamp>
			</report>
			<report>
				<misses>15537001</misses>
				<total>48</total>
				<timestamp>5277.298648</timestamp>
			</report>
			<report>
				<misses>15538001</misses>
				<total>48</total>
				<timestamp>5277.638287</timestamp>
			</report>
			<report>
				<misses>15539001</misses>
				<total>47</total>
				<timestamp>5277.978111</timestamp>
			</report>
			<report>
				<misses>15540001</misses>
				<total>48</total>
				<timestamp>5278.317647</timestamp>
			</report>
			<report>
				<misses>15541001</misses>
				<total>48</total>
				<timestamp>5278.657305</timestamp>
			</report>
			<report>
				<misses>15542001</misses>
				<total>47</total>
				<timestamp>5278.997026</timestamp>
			</report>
			<report>
				<misses>15543001</misses>
				<total>48</total>
				<timestamp>5279.336577</timestamp>
			</report>
			<report>
				<misses>15544001</misses>
				<total>48</total>
				<timestamp>5279.676257</timestamp>
			</report>
			<report>
				<misses>15545001</misses>
				<total>48</total>
				<timestamp>5280.015969</timestamp>
			</report>
			<report>
				<misses>15546001</misses>
				<total>48</total>
				<timestamp>5280.355542</timestamp>
			</report>
			<report>
				<misses>15547001</misses>
				<total>48</total>
				<timestamp>5280.695245</timestamp>
			</report>
			<report>
				<misses>15548001</misses>
				<total>48</total>
				<timestamp>5281.034914</timestamp>
			</report>
			<report>
				<misses>15549001</misses>
				<total>48</total>
				<timestamp>5281.374538</timestamp>
			</report>
			<report>
				<misses>15550001</misses>
				<total>48</total>
				<timestamp>5281.714275</timestamp>
			</report>
			<report>
				<misses>15551001</misses>
				<total>48</total>
				<timestamp>5282.053890</timestamp>
			</report>
			<report>
				<misses>15552001</misses>
				<total>48</total>
				<timestamp>5282.393497</timestamp>
			</report>
			<report>
				<misses>15553001</misses>
				<total>48</total>
				<timestamp>5282.733196</timestamp>
			</report>
			<report>
				<misses>15554001</misses>
				<total>48</total>
				<timestamp>5283.072962</timestamp>
			</report>
			<report>
				<misses>15555001</misses>
				<total>48</total>
				<timestamp>5283.412499</timestamp>
			</report>
			<report>
				<misses>15556001</misses>
				<total>48</total>
				<timestamp>5283.752161</timestamp>
			</report>
			<report>
				<misses>15557001</misses>
				<total>48</total>
				<timestamp>5284.091823</timestamp>
			</report>
			<report>
				<misses>15558001</misses>
				<total>48</total>
				<timestamp>5284.431479</timestamp>
			</report>
			<report>
				<misses>15559001</misses>
				<total>47</total>
				<timestamp>5284.771265</timestamp>
			</report>
			<report>
				<misses>15560001</misses>
				<total>48</total>
				<timestamp>5285.110806</timestamp>
			</report>
			<report>
				<misses>15561001</misses>
				<total>48</total>
				<timestamp>5285.450590</timestamp>
			</report>
			<report>
				<misses>15562001</misses>
				<total>47</total>
				<timestamp>5285.790247</timestamp>
			</report>
			<report>
				<misses>15563001</misses>
				<total>48</total>
				<timestamp>5286.129910</timestamp>
			</report>
			<report>
				<misses>15564001</misses>
				<total>48</total>
				<timestamp>5286.469443</timestamp>
			</report>
			<report>
				<misses>15565001</misses>
				<total>48</total>
				<timestamp>5286.809225</timestamp>
			</report>
			<report>
				<misses>15566001</misses>
				<total>48</total>
				<timestamp>5287.148757</timestamp>
			</report>
			<report>
				<misses>15567001</misses>
				<total>48</total>
				<timestamp>5287.488548</timestamp>
			</report>
			<report>
				<misses>15568001</misses>
				<total>48</total>
				<timestamp>5287.828210</timestamp>
			</report>
			<report>
				<misses>15569001</misses>
				<total>48</total>
				<timestamp>5288.167865</timestamp>
			</report>
			<report>
				<misses>15570001</misses>
				<total>48</total>
				<timestamp>5288.507519</timestamp>
			</report>
			<report>
				<misses>15571001</misses>
				<total>48</total>
				<timestamp>5288.847185</timestamp>
			</report>
			<report>
				<misses>15572001</misses>
				<total>48</total>
				<timestamp>5289.186846</timestamp>
			</report>
			<report>
				<misses>15573001</misses>
				<total>48</total>
				<timestamp>5289.526503</timestamp>
			</report>
			<report>
				<misses>15574001</misses>
				<total>48</total>
				<timestamp>5289.866095</timestamp>
			</report>
			<report>
				<misses>15575001</misses>
				<total>48</total>
				<timestamp>5290.205827</timestamp>
			</report>
			<report>
				<misses>15576001</misses>
				<total>48</total>
				<timestamp>5290.545356</timestamp>
			</report>
			<report>
				<misses>15577001</misses>
				<total>48</total>
				<timestamp>5290.885144</timestamp>
			</report>
			<report>
				<misses>15578001</misses>
				<total>48</total>
				<timestamp>5291.224679</timestamp>
			</report>
			<report>
				<misses>15579001</misses>
				<total>48</total>
				<timestamp>5291.564343</timestamp>
			</report>
			<report>
				<misses>15580001</misses>
				<total>48</total>
				<timestamp>5291.904125</timestamp>
			</report>
			<report>
				<misses>15581001</misses>
				<total>48</total>
				<timestamp>5292.243785</timestamp>
			</report>
			<report>
				<misses>15582001</misses>
				<total>48</total>
				<timestamp>5292.583322</timestamp>
			</report>
			<report>
				<misses>15583001</misses>
				<total>47</total>
				<timestamp>5292.923105</timestamp>
			</report>
			<report>
				<misses>15584001</misses>
				<total>48</total>
				<timestamp>5293.262759</timestamp>
			</report>
			<report>
				<misses>15585001</misses>
				<total>48</total>
				<timestamp>5293.602421</timestamp>
			</report>
			<report>
				<misses>15586001</misses>
				<total>48</total>
				<timestamp>5293.942082</timestamp>
			</report>
			<report>
				<misses>15587001</misses>
				<total>48</total>
				<timestamp>5294.281749</timestamp>
			</report>
			<report>
				<misses>15588001</misses>
				<total>48</total>
				<timestamp>5294.621409</timestamp>
			</report>
			<report>
				<misses>15589001</misses>
				<total>48</total>
				<timestamp>5294.961063</timestamp>
			</report>
			<report>
				<misses>15590001</misses>
				<total>47</total>
				<timestamp>5295.300725</timestamp>
			</report>
			<report>
				<misses>15591001</misses>
				<total>48</total>
				<timestamp>5295.640389</timestamp>
			</report>
			<report>
				<misses>15592001</misses>
				<total>48</total>
				<timestamp>5295.980047</timestamp>
			</report>
			<report>
				<misses>15593001</misses>
				<total>48</total>
				<timestamp>5296.319708</timestamp>
			</report>
			<report>
				<misses>15594001</misses>
				<total>48</total>
				<timestamp>5296.659239</timestamp>
			</report>
			<report>
				<misses>15595001</misses>
				<total>48</total>
				<timestamp>5296.999018</timestamp>
			</report>
			<report>
				<misses>15596001</misses>
				<total>48</total>
				<timestamp>5297.338557</timestamp>
			</report>
			<report>
				<misses>15597001</misses>
				<total>48</total>
				<timestamp>5297.678221</timestamp>
			</report>
			<report>
				<misses>15598001</misses>
				<total>48</total>
				<timestamp>5298.018007</timestamp>
			</report>
			<report>
				<misses>15599001</misses>
				<total>48</total>
				<timestamp>5298.357667</timestamp>
			</report>
			<report>
				<misses>15600001</misses>
				<total>48</total>
				<timestamp>5298.697197</timestamp>
			</report>
			<report>
				<misses>15601001</misses>
				<total>48</total>
				<timestamp>5299.036982</timestamp>
			</report>
			<report>
				<misses>15602001</misses>
				<total>48</total>
				<timestamp>5299.376515</timestamp>
			</report>
			<report>
				<misses>15603001</misses>
				<total>48</total>
				<timestamp>5299.716178</timestamp>
			</report>
			<report>
				<misses>15604001</misses>
				<total>48</total>
				<timestamp>5300.055962</timestamp>
			</report>
			<report>
				<misses>15605001</misses>
				<total>48</total>
				<timestamp>5300.395501</timestamp>
			</report>
			<report>
				<misses>15606001</misses>
				<total>48</total>
				<timestamp>5300.735164</timestamp>
			</report>
			<report>
				<misses>15607001</misses>
				<total>48</total>
				<timestamp>5301.074944</timestamp>
			</report>
			<report>
				<misses>15608001</misses>
				<total>48</total>
				<timestamp>5301.414601</timestamp>
			</report>
			<report>
				<misses>15609001</misses>
				<total>48</total>
				<timestamp>5301.754144</timestamp>
			</report>
			<report>
				<misses>15610001</misses>
				<total>48</total>
				<timestamp>5302.093924</timestamp>
			</report>
			<report>
				<misses>15611001</misses>
				<total>48</total>
				<timestamp>5302.433468</timestamp>
			</report>
			<report>
				<misses>15612001</misses>
				<total>48</total>
				<timestamp>5302.773240</timestamp>
			</report>
			<report>
				<misses>15613001</misses>
				<total>48</total>
				<timestamp>5303.112914</timestamp>
			</report>
			<report>
				<misses>15614001</misses>
				<total>48</total>
				<timestamp>5303.452571</timestamp>
			</report>
			<report>
				<misses>15615001</misses>
				<total>48</total>
				<timestamp>5303.792225</timestamp>
			</report>
			<report>
				<misses>15616001</misses>
				<total>47</total>
				<timestamp>5304.131886</timestamp>
			</report>
			<report>
				<misses>15617001</misses>
				<total>48</total>
				<timestamp>5304.471546</timestamp>
			</report>
			<report>
				<misses>15618001</misses>
				<total>48</total>
				<timestamp>5304.811210</timestamp>
			</report>
			<report>
				<misses>15619001</misses>
				<total>48</total>
				<timestamp>5305.150868</timestamp>
			</report>
			<report>
				<misses>15620001</misses>
				<total>48</total>
				<timestamp>5305.490398</timestamp>
			</report>
			<report>
				<misses>15621001</misses>
				<total>48</total>
				<timestamp>5305.830195</timestamp>
			</report>
			<report>
				<misses>15622001</misses>
				<total>47</total>
				<timestamp>5306.169846</timestamp>
			</report>
			<report>
				<misses>15623001</misses>
				<total>48</total>
				<timestamp>5306.509384</timestamp>
			</report>
			<report>
				<misses>15624001</misses>
				<total>48</total>
				<timestamp>5306.849164</timestamp>
			</report>
			<report>
				<misses>15625001</misses>
				<total>48</total>
				<timestamp>5307.188700</timestamp>
			</report>
			<report>
				<misses>15626001</misses>
				<total>48</total>
				<timestamp>5307.528365</timestamp>
			</report>
			<report>
				<misses>15627001</misses>
				<total>48</total>
				<timestamp>5307.868159</timestamp>
			</report>
			<report>
				<misses>15628001</misses>
				<total>48</total>
				<timestamp>5308.207681</timestamp>
			</report>
			<report>
				<misses>15629001</misses>
				<total>48</total>
				<timestamp>5308.547345</timestamp>
			</report>
			<report>
				<misses>15630001</misses>
				<total>47</total>
				<timestamp>5308.887128</timestamp>
			</report>
			<report>
				<misses>15631001</misses>
				<total>48</total>
				<timestamp>5309.226660</timestamp>
			</report>
			<report>
				<misses>15632001</misses>
				<total>48</total>
				<timestamp>5309.566452</timestamp>
			</report>
			<report>
				<misses>15633001</misses>
				<total>47</total>
				<timestamp>5309.906115</timestamp>
			</report>
			<report>
				<misses>15634001</misses>
				<total>47</total>
				<timestamp>5310.245824</timestamp>
			</report>
			<report>
				<misses>15635001</misses>
				<total>48</total>
				<timestamp>5310.585301</timestamp>
			</report>
			<report>
				<misses>15636001</misses>
				<total>48</total>
				<timestamp>5310.925085</timestamp>
			</report>
			<report>
				<misses>15637001</misses>
				<total>48</total>
				<timestamp>5311.264616</timestamp>
			</report>
			<report>
				<misses>15638001</misses>
				<total>48</total>
				<timestamp>5311.604405</timestamp>
			</report>
			<report>
				<misses>15639001</misses>
				<total>47</total>
				<timestamp>5311.944060</timestamp>
			</report>
			<report>
				<misses>15640001</misses>
				<total>48</total>
				<timestamp>5312.283601</timestamp>
			</report>
			<report>
				<misses>15641001</misses>
				<total>48</total>
				<timestamp>5312.623384</timestamp>
			</report>
			<report>
				<misses>15642001</misses>
				<total>48</total>
				<timestamp>5312.963046</timestamp>
			</report>
			<report>
				<misses>15643001</misses>
				<total>48</total>
				<timestamp>5313.302580</timestamp>
			</report>
			<report>
				<misses>15644001</misses>
				<total>48</total>
				<timestamp>5313.642367</timestamp>
			</report>
			<report>
				<misses>15645001</misses>
				<total>49</total>
				<timestamp>5313.982025</timestamp>
			</report>
			<report>
				<misses>15646001</misses>
				<total>49</total>
				<timestamp>5314.321691</timestamp>
			</report>
			<report>
				<misses>15647001</misses>
				<total>49</total>
				<timestamp>5314.661224</timestamp>
			</report>
			<report>
				<misses>15648001</misses>
				<total>49</total>
				<timestamp>5315.001013</timestamp>
			</report>
			<report>
				<misses>15649001</misses>
				<total>49</total>
				<timestamp>5315.340666</timestamp>
			</report>
			<report>
				<misses>15650001</misses>
				<total>49</total>
				<timestamp>5315.680326</timestamp>
			</report>
			<report>
				<misses>15651001</misses>
				<total>49</total>
				<timestamp>5316.019993</timestamp>
			</report>
			<report>
				<misses>15652001</misses>
				<total>49</total>
				<timestamp>5316.359643</timestamp>
			</report>
			<report>
				<misses>15653001</misses>
				<total>49</total>
				<timestamp>5316.699183</timestamp>
			</report>
			<report>
				<misses>15654001</misses>
				<total>49</total>
				<timestamp>5317.038964</timestamp>
			</report>
			<report>
				<misses>15655001</misses>
				<total>49</total>
				<timestamp>5317.378497</timestamp>
			</report>
			<report>
				<misses>15656001</misses>
				<total>49</total>
				<timestamp>5317.718284</timestamp>
			</report>
			<report>
				<misses>15657001</misses>
				<total>48</total>
				<timestamp>5318.057941</timestamp>
			</report>
			<report>
				<misses>15658001</misses>
				<total>49</total>
				<timestamp>5318.397607</timestamp>
			</report>
			<report>
				<misses>15659001</misses>
				<total>49</total>
				<timestamp>5318.737136</timestamp>
			</report>
			<report>
				<misses>15660001</misses>
				<total>49</total>
				<timestamp>5319.076925</timestamp>
			</report>
			<report>
				<misses>15661001</misses>
				<total>49</total>
				<timestamp>5319.416464</timestamp>
			</report>
			<report>
				<misses>15662001</misses>
				<total>49</total>
				<timestamp>5319.756118</timestamp>
			</report>
			<report>
				<misses>15663001</misses>
				<total>48</total>
				<timestamp>5320.095900</timestamp>
			</report>
			<report>
				<misses>15664001</misses>
				<total>49</total>
				<timestamp>5320.435561</timestamp>
			</report>
			<report>
				<misses>15665001</misses>
				<total>49</total>
				<timestamp>5320.775221</timestamp>
			</report>
			<report>
				<misses>15666001</misses>
				<total>48</total>
				<timestamp>5321.114885</timestamp>
			</report>
			<report>
				<misses>15667001</misses>
				<total>49</total>
				<timestamp>5321.454543</timestamp>
			</report>
			<report>
				<misses>15668001</misses>
				<total>49</total>
				<timestamp>5321.794079</timestamp>
			</report>
			<report>
				<misses>15669001</misses>
				<total>49</total>
				<timestamp>5322.133874</timestamp>
			</report>
			<report>
				<misses>15670001</misses>
				<total>49</total>
				<timestamp>5322.473522</timestamp>
			</report>
			<report>
				<misses>15671001</misses>
				<total>49</total>
				<timestamp>5322.813060</timestamp>
			</report>
			<report>
				<misses>15672001</misses>
				<total>49</total>
				<timestamp>5323.152840</timestamp>
			</report>
			<report>
				<misses>15673001</misses>
				<total>49</total>
				<timestamp>5323.492510</timestamp>
			</report>
			<report>
				<misses>15674001</misses>
				<total>49</total>
				<timestamp>5323.832038</timestamp>
			</report>
			<report>
				<misses>15675001</misses>
				<total>49</total>
				<timestamp>5324.171698</timestamp>
			</report>
			<report>
				<misses>15676001</misses>
				<total>49</total>
				<timestamp>5324.511358</timestamp>
			</report>
			<report>
				<misses>15677001</misses>
				<total>49</total>
				<timestamp>5324.851022</timestamp>
			</report>
			<report>
				<misses>15678001</misses>
				<total>49</total>
				<timestamp>5325.190803</timestamp>
			</report>
			<report>
				<misses>15679001</misses>
				<total>49</total>
				<timestamp>5325.530338</timestamp>
			</report>
			<report>
				<misses>15680001</misses>
				<total>49</total>
				<timestamp>5325.870001</timestamp>
			</report>
			<report>
				<misses>15681001</misses>
				<total>48</total>
				<timestamp>5326.209782</timestamp>
			</report>
			<report>
				<misses>15682001</misses>
				<total>49</total>
				<timestamp>5326.549440</timestamp>
			</report>
			<report>
				<misses>15683001</misses>
				<total>49</total>
				<timestamp>5326.889105</timestamp>
			</report>
			<report>
				<misses>15684001</misses>
				<total>48</total>
				<timestamp>5327.228766</timestamp>
			</report>
			<report>
				<misses>15685001</misses>
				<total>49</total>
				<timestamp>5327.568301</timestamp>
			</report>
			<report>
				<misses>15686001</misses>
				<total>49</total>
				<timestamp>5327.908087</timestamp>
			</report>
			<report>
				<misses>15687001</misses>
				<total>49</total>
				<timestamp>5328.247750</timestamp>
			</report>
			<report>
				<misses>15688001</misses>
				<total>49</total>
				<timestamp>5328.587406</timestamp>
			</report>
			<report>
				<misses>15689001</misses>
				<total>49</total>
				<timestamp>5328.926937</timestamp>
			</report>
			<report>
				<misses>15690001</misses>
				<total>48</total>
				<timestamp>5329.266754</timestamp>
			</report>
			<report>
				<misses>15691001</misses>
				<total>49</total>
				<timestamp>5329.606278</timestamp>
			</report>
			<report>
				<misses>15692001</misses>
				<total>49</total>
				<timestamp>5329.945973</timestamp>
			</report>
			<report>
				<misses>15693001</misses>
				<total>49</total>
				<timestamp>5330.285645</timestamp>
			</report>
			<report>
				<misses>15694001</misses>
				<total>49</total>
				<timestamp>5330.625298</timestamp>
			</report>
			<report>
				<misses>15695001</misses>
				<total>49</total>
				<timestamp>5330.964940</timestamp>
			</report>
			<report>
				<misses>15696001</misses>
				<total>49</total>
				<timestamp>5331.304564</timestamp>
			</report>
			<report>
				<misses>15697001</misses>
				<total>49</total>
				<timestamp>5331.644198</timestamp>
			</report>
			<report>
				<misses>15698001</misses>
				<total>49</total>
				<timestamp>5331.983939</timestamp>
			</report>
			<report>
				<misses>15699001</misses>
				<total>49</total>
				<timestamp>5332.323556</timestamp>
			</report>
			<report>
				<misses>15700001</misses>
				<total>49</total>
				<timestamp>5332.663232</timestamp>
			</report>
			<report>
				<misses>15701001</misses>
				<total>49</total>
				<timestamp>5333.002937</timestamp>
			</report>
			<report>
				<misses>15702001</misses>
				<total>49</total>
				<timestamp>5333.342549</timestamp>
			</report>
			<report>
				<misses>15703001</misses>
				<total>49</total>
				<timestamp>5333.682180</timestamp>
			</report>
			<report>
				<misses>15704001</misses>
				<total>49</total>
				<timestamp>5334.021859</timestamp>
			</report>
			<report>
				<misses>15705001</misses>
				<total>49</total>
				<timestamp>5334.361526</timestamp>
			</report>
			<report>
				<misses>15706001</misses>
				<total>49</total>
				<timestamp>5334.701146</timestamp>
			</report>
			<report>
				<misses>15707001</misses>
				<total>48</total>
				<timestamp>5335.040908</timestamp>
			</report>
			<report>
				<misses>15708001</misses>
				<total>49</total>
				<timestamp>5335.380484</timestamp>
			</report>
			<report>
				<misses>15709001</misses>
				<total>49</total>
				<timestamp>5335.720155</timestamp>
			</report>
			<report>
				<misses>15710001</misses>
				<total>48</total>
				<timestamp>5336.059921</timestamp>
			</report>
			<report>
				<misses>15711001</misses>
				<total>49</total>
				<timestamp>5336.399484</timestamp>
			</report>
			<report>
				<misses>15712001</misses>
				<total>49</total>
				<timestamp>5336.739127</timestamp>
			</report>
			<report>
				<misses>15713001</misses>
				<total>49</total>
				<timestamp>5337.078787</timestamp>
			</report>
			<report>
				<misses>15714001</misses>
				<total>49</total>
				<timestamp>5337.418514</timestamp>
			</report>
			<report>
				<misses>15715001</misses>
				<total>49</total>
				<timestamp>5337.758094</timestamp>
			</report>
			<report>
				<misses>15716001</misses>
				<total>49</total>
				<timestamp>5338.097785</timestamp>
			</report>
			<report>
				<misses>15717001</misses>
				<total>49</total>
				<timestamp>5338.437417</timestamp>
			</report>
			<report>
				<misses>15718001</misses>
				<total>49</total>
				<timestamp>5338.777069</timestamp>
			</report>
			<report>
				<misses>15719001</misses>
				<total>49</total>
				<timestamp>5339.116760</timestamp>
			</report>
			<report>
				<misses>15720001</misses>
				<total>49</total>
				<timestamp>5339.456404</timestamp>
			</report>
			<report>
				<misses>15721001</misses>
				<total>49</total>
				<timestamp>5339.796060</timestamp>
			</report>
			<report>
				<misses>15722001</misses>
				<total>48</total>
				<timestamp>5340.135816</timestamp>
			</report>
			<report>
				<misses>15723001</misses>
				<total>49</total>
				<timestamp>5340.475376</timestamp>
			</report>
			<report>
				<misses>15724001</misses>
				<total>49</total>
				<timestamp>5340.815031</timestamp>
			</report>
			<report>
				<misses>15725001</misses>
				<total>49</total>
				<timestamp>5341.154711</timestamp>
			</report>
			<report>
				<misses>15726001</misses>
				<total>49</total>
				<timestamp>5341.494381</timestamp>
			</report>
			<report>
				<misses>15727001</misses>
				<total>49</total>
				<timestamp>5341.834032</timestamp>
			</report>
			<report>
				<misses>15728001</misses>
				<total>49</total>
				<timestamp>5342.173759</timestamp>
			</report>
			<report>
				<misses>15729001</misses>
				<total>49</total>
				<timestamp>5342.513337</timestamp>
			</report>
			<report>
				<misses>15730001</misses>
				<total>49</total>
				<timestamp>5342.853005</timestamp>
			</report>
			<report>
				<misses>15731001</misses>
				<total>49</total>
				<timestamp>5343.192741</timestamp>
			</report>
			<report>
				<misses>15732001</misses>
				<total>49</total>
				<timestamp>5343.532348</timestamp>
			</report>
			<report>
				<misses>15733001</misses>
				<total>49</total>
				<timestamp>5343.871991</timestamp>
			</report>
			<report>
				<misses>15734001</misses>
				<total>49</total>
				<timestamp>5344.211651</timestamp>
			</report>
			<report>
				<misses>15735001</misses>
				<total>49</total>
				<timestamp>5344.551330</timestamp>
			</report>
			<report>
				<misses>15736001</misses>
				<total>49</total>
				<timestamp>5344.890966</timestamp>
			</report>
			<report>
				<misses>15737001</misses>
				<total>49</total>
				<timestamp>5345.230624</timestamp>
			</report>
			<report>
				<misses>15738001</misses>
				<total>49</total>
				<timestamp>5345.570324</timestamp>
			</report>
			<report>
				<misses>15739001</misses>
				<total>49</total>
				<timestamp>5345.909941</timestamp>
			</report>
			<report>
				<misses>15740001</misses>
				<total>48</total>
				<timestamp>5346.249705</timestamp>
			</report>
			<report>
				<misses>15741001</misses>
				<total>49</total>
				<timestamp>5346.589306</timestamp>
			</report>
			<report>
				<misses>15742001</misses>
				<total>49</total>
				<timestamp>5346.928923</timestamp>
			</report>
			<report>
				<misses>15743001</misses>
				<total>48</total>
				<timestamp>5347.268742</timestamp>
			</report>
			<report>
				<misses>15744001</misses>
				<total>49</total>
				<timestamp>5347.608310</timestamp>
			</report>
			<report>
				<misses>15745001</misses>
				<total>49</total>
				<timestamp>5347.947925</timestamp>
			</report>
			<report>
				<misses>15746001</misses>
				<total>49</total>
				<timestamp>5348.287635</timestamp>
			</report>
			<report>
				<misses>15747001</misses>
				<total>49</total>
				<timestamp>5348.627216</timestamp>
			</report>
			<report>
				<misses>15748001</misses>
				<total>49</total>
				<timestamp>5348.966877</timestamp>
			</report>
			<report>
				<misses>15749001</misses>
				<total>49</total>
				<timestamp>5349.306603</timestamp>
			</report>
			<report>
				<misses>15750001</misses>
				<total>49</total>
				<timestamp>5349.646227</timestamp>
			</report>
			<report>
				<misses>15751001</misses>
				<total>49</total>
				<timestamp>5349.985873</timestamp>
			</report>
			<report>
				<misses>15752001</misses>
				<total>49</total>
				<timestamp>5350.325528</timestamp>
			</report>
			<report>
				<misses>15753001</misses>
				<total>49</total>
				<timestamp>5350.665173</timestamp>
			</report>
			<report>
				<misses>15754001</misses>
				<total>49</total>
				<timestamp>5351.004840</timestamp>
			</report>
			<report>
				<misses>15755001</misses>
				<total>48</total>
				<timestamp>5351.344666</timestamp>
			</report>
			<report>
				<misses>15756001</misses>
				<total>49</total>
				<timestamp>5351.684151</timestamp>
			</report>
			<report>
				<misses>15757001</misses>
				<total>49</total>
				<timestamp>5352.023831</timestamp>
			</report>
			<report>
				<misses>15758001</misses>
				<total>48</total>
				<timestamp>5352.363580</timestamp>
			</report>
			<report>
				<misses>15759001</misses>
				<total>49</total>
				<timestamp>5352.703137</timestamp>
			</report>
			<report>
				<misses>15760001</misses>
				<total>49</total>
				<timestamp>5353.042809</timestamp>
			</report>
			<report>
				<misses>15761001</misses>
				<total>49</total>
				<timestamp>5353.382497</timestamp>
			</report>
			<report>
				<misses>15762001</misses>
				<total>49</total>
				<timestamp>5353.722106</timestamp>
			</report>
			<report>
				<misses>15763001</misses>
				<total>49</total>
				<timestamp>5354.061773</timestamp>
			</report>
			<report>
				<misses>15764001</misses>
				<total>48</total>
				<timestamp>5354.401565</timestamp>
			</report>
			<report>
				<misses>15765001</misses>
				<total>49</total>
				<timestamp>5354.741082</timestamp>
			</report>
			<report>
				<misses>15766001</misses>
				<total>49</total>
				<timestamp>5355.080763</timestamp>
			</report>
			<report>
				<misses>15767001</misses>
				<total>48</total>
				<timestamp>5355.420583</timestamp>
			</report>
			<report>
				<misses>15768001</misses>
				<total>49</total>
				<timestamp>5355.760064</timestamp>
			</report>
			<report>
				<misses>15769001</misses>
				<total>49</total>
				<timestamp>5356.099796</timestamp>
			</report>
			<report>
				<misses>15770001</misses>
				<total>48</total>
				<timestamp>5356.439533</timestamp>
			</report>
			<report>
				<misses>15771001</misses>
				<total>49</total>
				<timestamp>5356.779056</timestamp>
			</report>
			<report>
				<misses>15772001</misses>
				<total>48</total>
				<timestamp>5357.118801</timestamp>
			</report>
			<report>
				<misses>15773001</misses>
				<total>49</total>
				<timestamp>5357.458444</timestamp>
			</report>
			<report>
				<misses>15774001</misses>
				<total>49</total>
				<timestamp>5357.798030</timestamp>
			</report>
			<report>
				<misses>15775001</misses>
				<total>49</total>
				<timestamp>5358.137706</timestamp>
			</report>
			<report>
				<misses>15776001</misses>
				<total>49</total>
				<timestamp>5358.477410</timestamp>
			</report>
			<report>
				<misses>15777001</misses>
				<total>49</total>
				<timestamp>5358.817019</timestamp>
			</report>
			<report>
				<misses>15778001</misses>
				<total>48</total>
				<timestamp>5359.156769</timestamp>
			</report>
			<report>
				<misses>15779001</misses>
				<total>49</total>
				<timestamp>5359.496372</timestamp>
			</report>
			<report>
				<misses>15780001</misses>
				<total>49</total>
				<timestamp>5359.836001</timestamp>
			</report>
			<report>
				<misses>15781001</misses>
				<total>49</total>
				<timestamp>5360.175678</timestamp>
			</report>
			<report>
				<misses>15782001</misses>
				<total>49</total>
				<timestamp>5360.515351</timestamp>
			</report>
			<report>
				<misses>15783001</misses>
				<total>49</total>
				<timestamp>5360.854979</timestamp>
			</report>
			<report>
				<misses>15784001</misses>
				<total>48</total>
				<timestamp>5361.194763</timestamp>
			</report>
			<report>
				<misses>15785001</misses>
				<total>49</total>
				<timestamp>5361.534300</timestamp>
			</report>
			<report>
				<misses>15786001</misses>
				<total>49</total>
				<timestamp>5361.873963</timestamp>
			</report>
			<report>
				<misses>15787001</misses>
				<total>48</total>
				<timestamp>5362.213743</timestamp>
			</report>
			<report>
				<misses>15788001</misses>
				<total>49</total>
				<timestamp>5362.553267</timestamp>
			</report>
			<report>
				<misses>15789001</misses>
				<total>49</total>
				<timestamp>5362.892936</timestamp>
			</report>
			<report>
				<misses>15790001</misses>
				<total>49</total>
				<timestamp>5363.232604</timestamp>
			</report>
			<report>
				<misses>15791001</misses>
				<total>49</total>
				<timestamp>5363.572272</timestamp>
			</report>
			<report>
				<misses>15792001</misses>
				<total>49</total>
				<timestamp>5363.911910</timestamp>
			</report>
			<report>
				<misses>15793001</misses>
				<total>49</total>
				<timestamp>5364.251638</timestamp>
			</report>
			<report>
				<misses>15794001</misses>
				<total>49</total>
				<timestamp>5364.591289</timestamp>
			</report>
			<report>
				<misses>15795001</misses>
				<total>49</total>
				<timestamp>5364.930900</timestamp>
			</report>
			<report>
				<misses>15796001</misses>
				<total>49</total>
				<timestamp>5365.270650</timestamp>
			</report>
			<report>
				<misses>15797001</misses>
				<total>49</total>
				<timestamp>5365.610215</timestamp>
			</report>
			<report>
				<misses>15798001</misses>
				<total>49</total>
				<timestamp>5365.949885</timestamp>
			</report>
			<report>
				<misses>15799001</misses>
				<total>49</total>
				<timestamp>5366.289624</timestamp>
			</report>
			<report>
				<misses>15800001</misses>
				<total>49</total>
				<timestamp>5366.629197</timestamp>
			</report>
			<report>
				<misses>15801001</misses>
				<total>49</total>
				<timestamp>5366.968861</timestamp>
			</report>
			<report>
				<misses>15802001</misses>
				<total>49</total>
				<timestamp>5367.308602</timestamp>
			</report>
			<report>
				<misses>15803001</misses>
				<total>49</total>
				<timestamp>5367.648174</timestamp>
			</report>
			<report>
				<misses>15804001</misses>
				<total>49</total>
				<timestamp>5367.987837</timestamp>
			</report>
			<report>
				<misses>15805001</misses>
				<total>48</total>
				<timestamp>5368.327586</timestamp>
			</report>
			<report>
				<misses>15806001</misses>
				<total>49</total>
				<timestamp>5368.667152</timestamp>
			</report>
			<report>
				<misses>15807001</misses>
				<total>49</total>
				<timestamp>5369.006821</timestamp>
			</report>
			<report>
				<misses>15808001</misses>
				<total>48</total>
				<timestamp>5369.346595</timestamp>
			</report>
			<report>
				<misses>15809001</misses>
				<total>49</total>
				<timestamp>5369.686140</timestamp>
			</report>
			<report>
				<misses>15810001</misses>
				<total>49</total>
				<timestamp>5370.025785</timestamp>
			</report>
			<report>
				<misses>15811001</misses>
				<total>49</total>
				<timestamp>5370.365478</timestamp>
			</report>
			<report>
				<misses>15812001</misses>
				<total>49</total>
				<timestamp>5370.705112</timestamp>
			</report>
			<report>
				<misses>15813001</misses>
				<total>49</total>
				<timestamp>5371.044791</timestamp>
			</report>
			<report>
				<misses>15814001</misses>
				<total>49</total>
				<timestamp>5371.384442</timestamp>
			</report>
			<report>
				<misses>15815001</misses>
				<total>49</total>
				<timestamp>5371.724108</timestamp>
			</report>
			<report>
				<misses>15816001</misses>
				<total>49</total>
				<timestamp>5372.063751</timestamp>
			</report>
			<report>
				<misses>15817001</misses>
				<total>49</total>
				<timestamp>5372.403452</timestamp>
			</report>
			<report>
				<misses>15818001</misses>
				<total>49</total>
				<timestamp>5372.743065</timestamp>
			</report>
			<report>
				<misses>15819001</misses>
				<total>49</total>
				<timestamp>5373.082755</timestamp>
			</report>
			<report>
				<misses>15820001</misses>
				<total>48</total>
				<timestamp>5373.422562</timestamp>
			</report>
			<report>
				<misses>15821001</misses>
				<total>49</total>
				<timestamp>5373.762043</timestamp>
			</report>
			<report>
				<misses>15822001</misses>
				<total>49</total>
				<timestamp>5374.101716</timestamp>
			</report>
			<report>
				<misses>15823001</misses>
				<total>49</total>
				<timestamp>5374.441431</timestamp>
			</report>
			<report>
				<misses>15824001</misses>
				<total>49</total>
				<timestamp>5374.781090</timestamp>
			</report>
			<report>
				<misses>15825001</misses>
				<total>49</total>
				<timestamp>5375.120714</timestamp>
			</report>
			<report>
				<misses>15826001</misses>
				<total>49</total>
				<timestamp>5375.460453</timestamp>
			</report>
			<report>
				<misses>15827001</misses>
				<total>49</total>
				<timestamp>5375.800012</timestamp>
			</report>
			<report>
				<misses>15828001</misses>
				<total>48</total>
				<timestamp>5376.139811</timestamp>
			</report>
			<report>
				<misses>15829001</misses>
				<total>48</total>
				<timestamp>5376.479466</timestamp>
			</report>
			<report>
				<misses>15830001</misses>
				<total>49</total>
				<timestamp>5376.819003</timestamp>
			</report>
			<report>
				<misses>15831001</misses>
				<total>49</total>
				<timestamp>5377.158656</timestamp>
			</report>
			<report>
				<misses>15832001</misses>
				<total>48</total>
				<timestamp>5377.498418</timestamp>
			</report>
			<report>
				<misses>15833001</misses>
				<total>49</total>
				<timestamp>5377.837971</timestamp>
			</report>
			<report>
				<misses>15834001</misses>
				<total>49</total>
				<timestamp>5378.177645</timestamp>
			</report>
			<report>
				<misses>15835001</misses>
				<total>48</total>
				<timestamp>5378.517411</timestamp>
			</report>
			<report>
				<misses>15836001</misses>
				<total>49</total>
				<timestamp>5378.856966</timestamp>
			</report>
			<report>
				<misses>15837001</misses>
				<total>49</total>
				<timestamp>5379.196669</timestamp>
			</report>
			<report>
				<misses>15838001</misses>
				<total>48</total>
				<timestamp>5379.536430</timestamp>
			</report>
			<report>
				<misses>15839001</misses>
				<total>49</total>
				<timestamp>5379.875936</timestamp>
			</report>
			<report>
				<misses>15840001</misses>
				<total>49</total>
				<timestamp>5380.215653</timestamp>
			</report>
			<report>
				<misses>15841001</misses>
				<total>48</total>
				<timestamp>5380.555433</timestamp>
			</report>
			<report>
				<misses>15842001</misses>
				<total>49</total>
				<timestamp>5380.894927</timestamp>
			</report>
			<report>
				<misses>15843001</misses>
				<total>49</total>
				<timestamp>5381.234588</timestamp>
			</report>
			<report>
				<misses>15844001</misses>
				<total>48</total>
				<timestamp>5381.574413</timestamp>
			</report>
			<report>
				<misses>15845001</misses>
				<total>49</total>
				<timestamp>5381.913941</timestamp>
			</report>
			<report>
				<misses>15846001</misses>
				<total>49</total>
				<timestamp>5382.253554</timestamp>
			</report>
			<report>
				<misses>15847001</misses>
				<total>48</total>
				<timestamp>5382.593393</timestamp>
			</report>
			<report>
				<misses>15848001</misses>
				<total>49</total>
				<timestamp>5382.932875</timestamp>
			</report>
			<report>
				<misses>15849001</misses>
				<total>48</total>
				<timestamp>5383.272617</timestamp>
			</report>
			<report>
				<misses>15850001</misses>
				<total>49</total>
				<timestamp>5383.612245</timestamp>
			</report>
			<report>
				<misses>15851001</misses>
				<total>49</total>
				<timestamp>5383.951861</timestamp>
			</report>
			<report>
				<misses>15852001</misses>
				<total>48</total>
				<timestamp>5384.291622</timestamp>
			</report>
			<report>
				<misses>15853001</misses>
				<total>49</total>
				<timestamp>5384.631174</timestamp>
			</report>
			<report>
				<misses>15854001</misses>
				<total>49</total>
				<timestamp>5384.970886</timestamp>
			</report>
			<report>
				<misses>15855001</misses>
				<total>49</total>
				<timestamp>5385.310495</timestamp>
			</report>
			<report>
				<misses>15856001</misses>
				<total>48</total>
				<timestamp>5385.650288</timestamp>
			</report>
			<report>
				<misses>15857001</misses>
				<total>48</total>
				<timestamp>5385.989969</timestamp>
			</report>
			<report>
				<misses>15858001</misses>
				<total>48</total>
				<timestamp>5386.329608</timestamp>
			</report>
			<report>
				<misses>15859001</misses>
				<total>49</total>
				<timestamp>5386.669132</timestamp>
			</report>
			<report>
				<misses>15860001</misses>
				<total>49</total>
				<timestamp>5387.008784</timestamp>
			</report>
			<report>
				<misses>15861001</misses>
				<total>49</total>
				<timestamp>5387.348495</timestamp>
			</report>
			<report>
				<misses>15862001</misses>
				<total>49</total>
				<timestamp>5387.688165</timestamp>
			</report>
			<report>
				<misses>15863001</misses>
				<total>49</total>
				<timestamp>5388.027770</timestamp>
			</report>
			<report>
				<misses>15864001</misses>
				<total>49</total>
				<timestamp>5388.367476</timestamp>
			</report>
			<report>
				<misses>15865001</misses>
				<total>49</total>
				<timestamp>5388.707093</timestamp>
			</report>
			<report>
				<misses>15866001</misses>
				<total>49</total>
				<timestamp>5389.046786</timestamp>
			</report>
			<report>
				<misses>15867001</misses>
				<total>49</total>
				<timestamp>5389.386483</timestamp>
			</report>
			<report>
				<misses>15868001</misses>
				<total>49</total>
				<timestamp>5389.726068</timestamp>
			</report>
			<report>
				<misses>15869001</misses>
				<total>49</total>
				<timestamp>5390.065736</timestamp>
			</report>
			<report>
				<misses>15870001</misses>
				<total>49</total>
				<timestamp>5390.405458</timestamp>
			</report>
			<report>
				<misses>15871001</misses>
				<total>49</total>
				<timestamp>5390.745048</timestamp>
			</report>
			<report>
				<misses>15872001</misses>
				<total>49</total>
				<timestamp>5391.084708</timestamp>
			</report>
			<report>
				<misses>15873001</misses>
				<total>49</total>
				<timestamp>5391.424436</timestamp>
			</report>
			<report>
				<misses>15874001</misses>
				<total>49</total>
				<timestamp>5391.764036</timestamp>
			</report>
			<report>
				<misses>15875001</misses>
				<total>49</total>
				<timestamp>5392.103723</timestamp>
			</report>
			<report>
				<misses>15876001</misses>
				<total>48</total>
				<timestamp>5392.443441</timestamp>
			</report>
			<report>
				<misses>15877001</misses>
				<total>49</total>
				<timestamp>5392.783011</timestamp>
			</report>
			<report>
				<misses>15878001</misses>
				<total>49</total>
				<timestamp>5393.122685</timestamp>
			</report>
			<report>
				<misses>15879001</misses>
				<total>48</total>
				<timestamp>5393.462473</timestamp>
			</report>
			<report>
				<misses>15880001</misses>
				<total>49</total>
				<timestamp>5393.802057</timestamp>
			</report>
			<report>
				<misses>15881001</misses>
				<total>49</total>
				<timestamp>5394.141671</timestamp>
			</report>
			<report>
				<misses>15882001</misses>
				<total>49</total>
				<timestamp>5394.481369</timestamp>
			</report>
			<report>
				<misses>15883001</misses>
				<total>49</total>
				<timestamp>5394.820988</timestamp>
			</report>
			<report>
				<misses>15884001</misses>
				<total>49</total>
				<timestamp>5395.160649</timestamp>
			</report>
			<report>
				<misses>15885001</misses>
				<total>49</total>
				<timestamp>5395.500343</timestamp>
			</report>
			<report>
				<misses>15886001</misses>
				<total>49</total>
				<timestamp>5395.839964</timestamp>
			</report>
			<report>
				<misses>15887001</misses>
				<total>49</total>
				<timestamp>5396.179624</timestamp>
			</report>
			<report>
				<misses>15888001</misses>
				<total>48</total>
				<timestamp>5396.519438</timestamp>
			</report>
			<report>
				<misses>15889001</misses>
				<total>49</total>
				<timestamp>5396.858939</timestamp>
			</report>
			<report>
				<misses>15890001</misses>
				<total>49</total>
				<timestamp>5397.198591</timestamp>
			</report>
			<report>
				<misses>15891001</misses>
				<total>48</total>
				<timestamp>5397.538373</timestamp>
			</report>
			<report>
				<misses>15892001</misses>
				<total>49</total>
				<timestamp>5397.877912</timestamp>
			</report>
			<report>
				<misses>15893001</misses>
				<total>49</total>
				<timestamp>5398.217587</timestamp>
			</report>
			<report>
				<misses>15894001</misses>
				<total>49</total>
				<timestamp>5398.557297</timestamp>
			</report>
			<report>
				<misses>15895001</misses>
				<total>49</total>
				<timestamp>5398.896897</timestamp>
			</report>
			<report>
				<misses>15896001</misses>
				<total>49</total>
				<timestamp>5399.236580</timestamp>
			</report>
			<report>
				<misses>15897001</misses>
				<total>49</total>
				<timestamp>5399.576289</timestamp>
			</report>
			<report>
				<misses>15898001</misses>
				<total>49</total>
				<timestamp>5399.915887</timestamp>
			</report>
			<report>
				<misses>15899001</misses>
				<total>49</total>
				<timestamp>5400.255548</timestamp>
			</report>
			<report>
				<misses>15900001</misses>
				<total>49</total>
				<timestamp>5400.595282</timestamp>
			</report>
			<report>
				<misses>15901001</misses>
				<total>49</total>
				<timestamp>5400.934861</timestamp>
			</report>
			<report>
				<misses>15902001</misses>
				<total>49</total>
				<timestamp>5401.274518</timestamp>
			</report>
			<report>
				<misses>15903001</misses>
				<total>48</total>
				<timestamp>5401.614296</timestamp>
			</report>
			<report>
				<misses>15904001</misses>
				<total>49</total>
				<timestamp>5401.953887</timestamp>
			</report>
			<report>
				<misses>15905001</misses>
				<total>49</total>
				<timestamp>5402.293530</timestamp>
			</report>
			<report>
				<misses>15906001</misses>
				<total>49</total>
				<timestamp>5402.633174</timestamp>
			</report>
			<report>
				<misses>15907001</misses>
				<total>49</total>
				<timestamp>5402.972815</timestamp>
			</report>
			<report>
				<misses>15908001</misses>
				<total>49</total>
				<timestamp>5403.312500</timestamp>
			</report>
			<report>
				<misses>15909001</misses>
				<total>49</total>
				<timestamp>5403.652167</timestamp>
			</report>
			<report>
				<misses>15910001</misses>
				<total>49</total>
				<timestamp>5403.991794</timestamp>
			</report>
			<report>
				<misses>15911001</misses>
				<total>49</total>
				<timestamp>5404.331516</timestamp>
			</report>
			<report>
				<misses>15912001</misses>
				<total>48</total>
				<timestamp>5404.671261</timestamp>
			</report>
			<report>
				<misses>15913001</misses>
				<total>49</total>
				<timestamp>5405.010783</timestamp>
			</report>
			<report>
				<misses>15914001</misses>
				<total>49</total>
				<timestamp>5405.350437</timestamp>
			</report>
			<report>
				<misses>15915001</misses>
				<total>49</total>
				<timestamp>5405.690188</timestamp>
			</report>
			<report>
				<misses>15916001</misses>
				<total>49</total>
				<timestamp>5406.029787</timestamp>
			</report>
			<report>
				<misses>15917001</misses>
				<total>48</total>
				<timestamp>5406.369505</timestamp>
			</report>
			<report>
				<misses>15918001</misses>
				<total>49</total>
				<timestamp>5406.709126</timestamp>
			</report>
			<report>
				<misses>15919001</misses>
				<total>49</total>
				<timestamp>5407.048730</timestamp>
			</report>
			<report>
				<misses>15920001</misses>
				<total>49</total>
				<timestamp>5407.388473</timestamp>
			</report>
			<report>
				<misses>15921001</misses>
				<total>49</total>
				<timestamp>5407.728076</timestamp>
			</report>
			<report>
				<misses>15922001</misses>
				<total>49</total>
				<timestamp>5408.067709</timestamp>
			</report>
			<report>
				<misses>15923001</misses>
				<total>49</total>
				<timestamp>5408.407405</timestamp>
			</report>
			<report>
				<misses>15924001</misses>
				<total>49</total>
				<timestamp>5408.747065</timestamp>
			</report>
			<report>
				<misses>15925001</misses>
				<total>49</total>
				<timestamp>5409.086699</timestamp>
			</report>
			<report>
				<misses>15926001</misses>
				<total>49</total>
				<timestamp>5409.426373</timestamp>
			</report>
			<report>
				<misses>15927001</misses>
				<total>49</total>
				<timestamp>5409.766054</timestamp>
			</report>
			<report>
				<misses>15928001</misses>
				<total>49</total>
				<timestamp>5410.105683</timestamp>
			</report>
			<report>
				<misses>15929001</misses>
				<total>48</total>
				<timestamp>5410.445457</timestamp>
			</report>
			<report>
				<misses>15930001</misses>
				<total>49</total>
				<timestamp>5410.785021</timestamp>
			</report>
			<report>
				<misses>15931001</misses>
				<total>49</total>
				<timestamp>5411.124669</timestamp>
			</report>
			<report>
				<misses>15932001</misses>
				<total>48</total>
				<timestamp>5411.464453</timestamp>
			</report>
			<report>
				<misses>15933001</misses>
				<total>49</total>
				<timestamp>5411.804001</timestamp>
			</report>
			<report>
				<misses>15934001</misses>
				<total>49</total>
				<timestamp>5412.143634</timestamp>
			</report>
			<report>
				<misses>15935001</misses>
				<total>49</total>
				<timestamp>5412.483318</timestamp>
			</report>
			<report>
				<misses>15936001</misses>
				<total>49</total>
				<timestamp>5412.822971</timestamp>
			</report>
			<report>
				<misses>15937001</misses>
				<total>49</total>
				<timestamp>5413.162616</timestamp>
			</report>
			<report>
				<misses>15938001</misses>
				<total>49</total>
				<timestamp>5413.502302</timestamp>
			</report>
			<report>
				<misses>15939001</misses>
				<total>49</total>
				<timestamp>5413.841943</timestamp>
			</report>
			<report>
				<misses>15940001</misses>
				<total>49</total>
				<timestamp>5414.181587</timestamp>
			</report>
			<report>
				<misses>15941001</misses>
				<total>49</total>
				<timestamp>5414.521335</timestamp>
			</report>
			<report>
				<misses>15942001</misses>
				<total>49</total>
				<timestamp>5414.860909</timestamp>
			</report>
			<report>
				<misses>15943001</misses>
				<total>49</total>
				<timestamp>5415.200580</timestamp>
			</report>
			<report>
				<misses>15944001</misses>
				<total>48</total>
				<timestamp>5415.540374</timestamp>
			</report>
			<report>
				<misses>15945001</misses>
				<total>49</total>
				<timestamp>5415.879903</timestamp>
			</report>
			<report>
				<misses>15946001</misses>
				<total>49</total>
				<timestamp>5416.219558</timestamp>
			</report>
			<report>
				<misses>15947001</misses>
				<total>48</total>
				<timestamp>5416.559316</timestamp>
			</report>
			<report>
				<misses>15948001</misses>
				<total>49</total>
				<timestamp>5416.898881</timestamp>
			</report>
			<report>
				<misses>15949001</misses>
				<total>49</total>
				<timestamp>5417.238543</timestamp>
			</report>
			<report>
				<misses>15950001</misses>
				<total>48</total>
				<timestamp>5417.578290</timestamp>
			</report>
			<report>
				<misses>15951001</misses>
				<total>49</total>
				<timestamp>5417.917860</timestamp>
			</report>
			<report>
				<misses>15952001</misses>
				<total>49</total>
				<timestamp>5418.257514</timestamp>
			</report>
			<report>
				<misses>15953001</misses>
				<total>48</total>
				<timestamp>5418.597288</timestamp>
			</report>
			<report>
				<misses>15954001</misses>
				<total>49</total>
				<timestamp>5418.936865</timestamp>
			</report>
			<report>
				<misses>15955001</misses>
				<total>49</total>
				<timestamp>5419.276509</timestamp>
			</report>
			<report>
				<misses>15956001</misses>
				<total>48</total>
				<timestamp>5419.616303</timestamp>
			</report>
			<report>
				<misses>15957001</misses>
				<total>49</total>
				<timestamp>5419.955811</timestamp>
			</report>
			<report>
				<misses>15958001</misses>
				<total>49</total>
				<timestamp>5420.295503</timestamp>
			</report>
			<report>
				<misses>15959001</misses>
				<total>49</total>
				<timestamp>5420.635175</timestamp>
			</report>
			<report>
				<misses>15960001</misses>
				<total>49</total>
				<timestamp>5420.974789</timestamp>
			</report>
			<report>
				<misses>15961001</misses>
				<total>49</total>
				<timestamp>5421.314479</timestamp>
			</report>
			<report>
				<misses>15962001</misses>
				<total>49</total>
				<timestamp>5421.654191</timestamp>
			</report>
			<report>
				<misses>15963001</misses>
				<total>49</total>
				<timestamp>5421.993788</timestamp>
			</report>
			<report>
				<misses>15964001</misses>
				<total>49</total>
				<timestamp>5422.333431</timestamp>
			</report>
			<report>
				<misses>15965001</misses>
				<total>49</total>
				<timestamp>5422.673173</timestamp>
			</report>
			<report>
				<misses>15966001</misses>
				<total>49</total>
				<timestamp>5423.012756</timestamp>
			</report>
			<report>
				<misses>15967001</misses>
				<total>49</total>
				<timestamp>5423.352422</timestamp>
			</report>
			<report>
				<misses>15968001</misses>
				<total>49</total>
				<timestamp>5423.692090</timestamp>
			</report>
			<report>
				<misses>15969001</misses>
				<total>49</total>
				<timestamp>5424.031739</timestamp>
			</report>
			<report>
				<misses>15970001</misses>
				<total>49</total>
				<timestamp>5424.371403</timestamp>
			</report>
			<report>
				<misses>15971001</misses>
				<total>49</total>
				<timestamp>5424.711145</timestamp>
			</report>
			<report>
				<misses>15972001</misses>
				<total>49</total>
				<timestamp>5425.050717</timestamp>
			</report>
			<report>
				<misses>15973001</misses>
				<total>49</total>
				<timestamp>5425.390376</timestamp>
			</report>
			<report>
				<misses>15974001</misses>
				<total>49</total>
				<timestamp>5425.730134</timestamp>
			</report>
			<report>
				<misses>15975001</misses>
				<total>49</total>
				<timestamp>5426.069701</timestamp>
			</report>
			<report>
				<misses>15976001</misses>
				<total>49</total>
				<timestamp>5426.409367</timestamp>
			</report>
			<report>
				<misses>15977001</misses>
				<total>48</total>
				<timestamp>5426.749135</timestamp>
			</report>
			<report>
				<misses>15978001</misses>
				<total>49</total>
				<timestamp>5427.088669</timestamp>
			</report>
			<report>
				<misses>15979001</misses>
				<total>49</total>
				<timestamp>5427.428362</timestamp>
			</report>
			<report>
				<misses>15980001</misses>
				<total>48</total>
				<timestamp>5427.768109</timestamp>
			</report>
			<report>
				<misses>15981001</misses>
				<total>49</total>
				<timestamp>5428.107660</timestamp>
			</report>
			<report>
				<misses>15982001</misses>
				<total>49</total>
				<timestamp>5428.447328</timestamp>
			</report>
			<report>
				<misses>15983001</misses>
				<total>48</total>
				<timestamp>5428.787137</timestamp>
			</report>
			<report>
				<misses>15984001</misses>
				<total>49</total>
				<timestamp>5429.126633</timestamp>
			</report>
			<report>
				<misses>15985001</misses>
				<total>49</total>
				<timestamp>5429.466291</timestamp>
			</report>
			<report>
				<misses>15986001</misses>
				<total>48</total>
				<timestamp>5429.806088</timestamp>
			</report>
			<report>
				<misses>15987001</misses>
				<total>49</total>
				<timestamp>5430.145614</timestamp>
			</report>
			<report>
				<misses>15988001</misses>
				<total>49</total>
				<timestamp>5430.485334</timestamp>
			</report>
			<report>
				<misses>15989001</misses>
				<total>48</total>
				<timestamp>5430.825089</timestamp>
			</report>
			<report>
				<misses>15990001</misses>
				<total>49</total>
				<timestamp>5431.164604</timestamp>
			</report>
			<report>
				<misses>15991001</misses>
				<total>49</total>
				<timestamp>5431.504316</timestamp>
			</report>
			<report>
				<misses>15992001</misses>
				<total>49</total>
				<timestamp>5431.843977</timestamp>
			</report>
			<report>
				<misses>15993001</misses>
				<total>49</total>
				<timestamp>5432.183583</timestamp>
			</report>
			<report>
				<misses>15994001</misses>
				<total>48</total>
				<timestamp>5432.523326</timestamp>
			</report>
			<report>
				<misses>15995001</misses>
				<total>49</total>
				<timestamp>5432.862906</timestamp>
			</report>
			<report>
				<misses>15996001</misses>
				<total>49</total>
				<timestamp>5433.202585</timestamp>
			</report>
			<report>
				<misses>15997001</misses>
				<total>49</total>
				<timestamp>5433.542216</timestamp>
			</report>
			<report>
				<misses>15998001</misses>
				<total>49</total>
				<timestamp>5433.881864</timestamp>
			</report>
			<report>
				<misses>15999001</misses>
				<total>49</total>
				<timestamp>5434.221523</timestamp>
			</report>
			<report>
				<misses>16000001</misses>
				<total>48</total>
				<timestamp>5434.561310</timestamp>
			</report>
			<report>
				<misses>16001001</misses>
				<total>49</total>
				<timestamp>5434.900858</timestamp>
			</report>
			<report>
				<misses>16002001</misses>
				<total>49</total>
				<timestamp>5435.240500</timestamp>
			</report>
			<report>
				<misses>16003001</misses>
				<total>48</total>
				<timestamp>5435.580297</timestamp>
			</report>
			<report>
				<misses>16004001</misses>
				<total>49</total>
				<timestamp>5435.919843</timestamp>
			</report>
			<report>
				<misses>16005001</misses>
				<total>49</total>
				<timestamp>5436.259505</timestamp>
			</report>
			<report>
				<misses>16006001</misses>
				<total>48</total>
				<timestamp>5436.599302</timestamp>
			</report>
			<report>
				<misses>16007001</misses>
				<total>49</total>
				<timestamp>5436.938816</timestamp>
			</report>
			<report>
				<misses>16008001</misses>
				<total>49</total>
				<timestamp>5437.278479</timestamp>
			</report>
			<report>
				<misses>16009001</misses>
				<total>49</total>
				<timestamp>5437.618151</timestamp>
			</report>
			<report>
				<misses>16010001</misses>
				<total>49</total>
				<timestamp>5437.957804</timestamp>
			</report>
			<report>
				<misses>16011001</misses>
				<total>49</total>
				<timestamp>5438.297453</timestamp>
			</report>
			<report>
				<misses>16012001</misses>
				<total>49</total>
				<timestamp>5438.637146</timestamp>
			</report>
			<report>
				<misses>16013001</misses>
				<total>49</total>
				<timestamp>5438.976771</timestamp>
			</report>
			<report>
				<misses>16014001</misses>
				<total>49</total>
				<timestamp>5439.316440</timestamp>
			</report>
			<report>
				<misses>16015001</misses>
				<total>49</total>
				<timestamp>5439.656096</timestamp>
			</report>
			<report>
				<misses>16016001</misses>
				<total>49</total>
				<timestamp>5439.995755</timestamp>
			</report>
			<report>
				<misses>16017001</misses>
				<total>49</total>
				<timestamp>5440.335420</timestamp>
			</report>
			<report>
				<misses>16018001</misses>
				<total>49</total>
				<timestamp>5440.675141</timestamp>
			</report>
			<report>
				<misses>16019001</misses>
				<total>49</total>
				<timestamp>5441.014725</timestamp>
			</report>
			<report>
				<misses>16020001</misses>
				<total>49</total>
				<timestamp>5441.354402</timestamp>
			</report>
			<report>
				<misses>16021001</misses>
				<total>49</total>
				<timestamp>5441.694080</timestamp>
			</report>
			<report>
				<misses>16022001</misses>
				<total>49</total>
				<timestamp>5442.033721</timestamp>
			</report>
			<report>
				<misses>16023001</misses>
				<total>49</total>
				<timestamp>5442.373380</timestamp>
			</report>
			<report>
				<misses>16024001</misses>
				<total>48</total>
				<timestamp>5442.713147</timestamp>
			</report>
			<report>
				<misses>16025001</misses>
				<total>49</total>
				<timestamp>5443.052691</timestamp>
			</report>
			<report>
				<misses>16026001</misses>
				<total>49</total>
				<timestamp>5443.392364</timestamp>
			</report>
			<report>
				<misses>16027001</misses>
				<total>49</total>
				<timestamp>5443.732068</timestamp>
			</report>
			<report>
				<misses>16028001</misses>
				<total>49</total>
				<timestamp>5444.071680</timestamp>
			</report>
			<report>
				<misses>16029001</misses>
				<total>49</total>
				<timestamp>5444.411374</timestamp>
			</report>
			<report>
				<misses>16030001</misses>
				<total>49</total>
				<timestamp>5444.751004</timestamp>
			</report>
			<report>
				<misses>16031001</misses>
				<total>49</total>
				<timestamp>5445.090672</timestamp>
			</report>
			<report>
				<misses>16032001</misses>
				<total>49</total>
				<timestamp>5445.430314</timestamp>
			</report>
			<report>
				<misses>16033001</misses>
				<total>49</total>
				<timestamp>5445.770007</timestamp>
			</report>
			<report>
				<misses>16034001</misses>
				<total>49</total>
				<timestamp>5446.109630</timestamp>
			</report>
			<report>
				<misses>16035001</misses>
				<total>49</total>
				<timestamp>5446.449310</timestamp>
			</report>
			<report>
				<misses>16036001</misses>
				<total>49</total>
				<timestamp>5446.788987</timestamp>
			</report>
			<report>
				<misses>16037001</misses>
				<total>49</total>
				<timestamp>5447.128616</timestamp>
			</report>
			<report>
				<misses>16038001</misses>
				<total>49</total>
				<timestamp>5447.468306</timestamp>
			</report>
			<report>
				<misses>16039001</misses>
				<total>49</total>
				<timestamp>5447.807952</timestamp>
			</report>
			<report>
				<misses>16040001</misses>
				<total>49</total>
				<timestamp>5448.147609</timestamp>
			</report>
			<report>
				<misses>16041001</misses>
				<total>49</total>
				<timestamp>5448.487282</timestamp>
			</report>
			<report>
				<misses>16042001</misses>
				<total>49</total>
				<timestamp>5448.826985</timestamp>
			</report>
			<report>
				<misses>16043001</misses>
				<total>49</total>
				<timestamp>5449.166600</timestamp>
			</report>
			<report>
				<misses>16044001</misses>
				<total>49</total>
				<timestamp>5449.506261</timestamp>
			</report>
			<report>
				<misses>16045001</misses>
				<total>49</total>
				<timestamp>5449.845971</timestamp>
			</report>
			<report>
				<misses>16046001</misses>
				<total>49</total>
				<timestamp>5450.185565</timestamp>
			</report>
			<report>
				<misses>16047001</misses>
				<total>49</total>
				<timestamp>5450.525232</timestamp>
			</report>
			<report>
				<misses>16048001</misses>
				<total>48</total>
				<timestamp>5450.864978</timestamp>
			</report>
			<report>
				<misses>16049001</misses>
				<total>49</total>
				<timestamp>5451.204535</timestamp>
			</report>
			<report>
				<misses>16050001</misses>
				<total>49</total>
				<timestamp>5451.544214</timestamp>
			</report>
			<report>
				<misses>16051001</misses>
				<total>49</total>
				<timestamp>5451.883938</timestamp>
			</report>
			<report>
				<misses>16052001</misses>
				<total>49</total>
				<timestamp>5452.223518</timestamp>
			</report>
			<report>
				<misses>16053001</misses>
				<total>49</total>
				<timestamp>5452.563222</timestamp>
			</report>
			<report>
				<misses>16054001</misses>
				<total>48</total>
				<timestamp>5452.902948</timestamp>
			</report>
			<report>
				<misses>16055001</misses>
				<total>49</total>
				<timestamp>5453.242494</timestamp>
			</report>
			<report>
				<misses>16056001</misses>
				<total>49</total>
				<timestamp>5453.582194</timestamp>
			</report>
			<report>
				<misses>16057001</misses>
				<total>48</total>
				<timestamp>5453.921967</timestamp>
			</report>
			<report>
				<misses>16058001</misses>
				<total>49</total>
				<timestamp>5454.261470</timestamp>
			</report>
			<report>
				<misses>16059001</misses>
				<total>49</total>
				<timestamp>5454.601196</timestamp>
			</report>
			<report>
				<misses>16060001</misses>
				<total>48</total>
				<timestamp>5454.940935</timestamp>
			</report>
			<report>
				<misses>16061001</misses>
				<total>49</total>
				<timestamp>5455.280459</timestamp>
			</report>
			<report>
				<misses>16062001</misses>
				<total>49</total>
				<timestamp>5455.620155</timestamp>
			</report>
			<report>
				<misses>16063001</misses>
				<total>49</total>
				<timestamp>5455.959776</timestamp>
			</report>
			<report>
				<misses>16064001</misses>
				<total>49</total>
				<timestamp>5456.299440</timestamp>
			</report>
			<report>
				<misses>16065001</misses>
				<total>49</total>
				<timestamp>5456.639171</timestamp>
			</report>
			<report>
				<misses>16066001</misses>
				<total>49</total>
				<timestamp>5456.978754</timestamp>
			</report>
			<report>
				<misses>16067001</misses>
				<total>49</total>
				<timestamp>5457.318407</timestamp>
			</report>
			<report>
				<misses>16068001</misses>
				<total>48</total>
				<timestamp>5457.658172</timestamp>
			</report>
			<report>
				<misses>16069001</misses>
				<total>49</total>
				<timestamp>5457.997759</timestamp>
			</report>
			<report>
				<misses>16070001</misses>
				<total>49</total>
				<timestamp>5458.337442</timestamp>
			</report>
			<report>
				<misses>16071001</misses>
				<total>48</total>
				<timestamp>5458.677149</timestamp>
			</report>
			<report>
				<misses>16072001</misses>
				<total>49</total>
				<timestamp>5459.016739</timestamp>
			</report>
			<report>
				<misses>16073001</misses>
				<total>49</total>
				<timestamp>5459.356400</timestamp>
			</report>
			<report>
				<misses>16074001</misses>
				<total>48</total>
				<timestamp>5459.696175</timestamp>
			</report>
			<report>
				<misses>16075001</misses>
				<total>49</total>
				<timestamp>5460.035714</timestamp>
			</report>
			<report>
				<misses>16076001</misses>
				<total>49</total>
				<timestamp>5460.375374</timestamp>
			</report>
			<report>
				<misses>16077001</misses>
				<total>49</total>
				<timestamp>5460.715059</timestamp>
			</report>
			<report>
				<misses>16078001</misses>
				<total>49</total>
				<timestamp>5461.054676</timestamp>
			</report>
			<report>
				<misses>16079001</misses>
				<total>49</total>
				<timestamp>5461.394362</timestamp>
			</report>
			<report>
				<misses>16080001</misses>
				<total>49</total>
				<timestamp>5461.734038</timestamp>
			</report>
			<report>
				<misses>16081001</misses>
				<total>49</total>
				<timestamp>5462.073651</timestamp>
			</report>
			<report>
				<misses>16082001</misses>
				<total>49</total>
				<timestamp>5462.413350</timestamp>
			</report>
			<report>
				<misses>16083001</misses>
				<total>49</total>
				<timestamp>5462.753026</timestamp>
			</report>
			<report>
				<misses>16084001</misses>
				<total>49</total>
				<timestamp>5463.092637</timestamp>
			</report>
			<report>
				<misses>16085001</misses>
				<total>49</total>
				<timestamp>5463.432315</timestamp>
			</report>
			<report>
				<misses>16086001</misses>
				<total>50</total>
				<timestamp>5463.771957</timestamp>
			</report>
			<report>
				<misses>16087001</misses>
				<total>50</total>
				<timestamp>5464.111624</timestamp>
			</report>
			<report>
				<misses>16088001</misses>
				<total>50</total>
				<timestamp>5464.451319</timestamp>
			</report>
			<report>
				<misses>16089001</misses>
				<total>50</total>
				<timestamp>5464.790991</timestamp>
			</report>
			<report>
				<misses>16090001</misses>
				<total>50</total>
				<timestamp>5465.130607</timestamp>
			</report>
			<report>
				<misses>16091001</misses>
				<total>50</total>
				<timestamp>5465.470274</timestamp>
			</report>
			<report>
				<misses>16092001</misses>
				<total>49</total>
				<timestamp>5465.810018</timestamp>
			</report>
			<report>
				<misses>16093001</misses>
				<total>50</total>
				<timestamp>5466.149608</timestamp>
			</report>
			<report>
				<misses>16094001</misses>
				<total>50</total>
				<timestamp>5466.489248</timestamp>
			</report>
			<report>
				<misses>16095001</misses>
				<total>49</total>
				<timestamp>5466.828984</timestamp>
			</report>
			<report>
				<misses>16096001</misses>
				<total>50</total>
				<timestamp>5467.168572</timestamp>
			</report>
			<report>
				<misses>16097001</misses>
				<total>50</total>
				<timestamp>5467.508217</timestamp>
			</report>
			<report>
				<misses>16098001</misses>
				<total>49</total>
				<timestamp>5467.847980</timestamp>
			</report>
			<report>
				<misses>16099001</misses>
				<total>50</total>
				<timestamp>5468.187526</timestamp>
			</report>
			<report>
				<misses>16100001</misses>
				<total>50</total>
				<timestamp>5468.527240</timestamp>
			</report>
			<report>
				<misses>16101001</misses>
				<total>49</total>
				<timestamp>5468.866969</timestamp>
			</report>
			<report>
				<misses>16102001</misses>
				<total>50</total>
				<timestamp>5469.206526</timestamp>
			</report>
			<report>
				<misses>16103001</misses>
				<total>50</total>
				<timestamp>5469.546195</timestamp>
			</report>
			<report>
				<misses>16104001</misses>
				<total>49</total>
				<timestamp>5469.885975</timestamp>
			</report>
			<report>
				<misses>16105001</misses>
				<total>50</total>
				<timestamp>5470.225495</timestamp>
			</report>
			<report>
				<misses>16106001</misses>
				<total>50</total>
				<timestamp>5470.565164</timestamp>
			</report>
			<report>
				<misses>16107001</misses>
				<total>49</total>
				<timestamp>5470.904973</timestamp>
			</report>
			<report>
				<misses>16108001</misses>
				<total>50</total>
				<timestamp>5471.244484</timestamp>
			</report>
			<report>
				<misses>16109001</misses>
				<total>50</total>
				<timestamp>5471.584126</timestamp>
			</report>
			<report>
				<misses>16110001</misses>
				<total>50</total>
				<timestamp>5471.923856</timestamp>
			</report>
			<report>
				<misses>16111001</misses>
				<total>50</total>
				<timestamp>5472.263480</timestamp>
			</report>
			<report>
				<misses>16112001</misses>
				<total>50</total>
				<timestamp>5472.603168</timestamp>
			</report>
			<report>
				<misses>16113001</misses>
				<total>50</total>
				<timestamp>5472.942802</timestamp>
			</report>
			<report>
				<misses>16114001</misses>
				<total>50</total>
				<timestamp>5473.282471</timestamp>
			</report>
			<report>
				<misses>16115001</misses>
				<total>50</total>
				<timestamp>5473.622093</timestamp>
			</report>
			<report>
				<misses>16116001</misses>
				<total>50</total>
				<timestamp>5473.961833</timestamp>
			</report>
			<report>
				<misses>16117001</misses>
				<total>50</total>
				<timestamp>5474.301435</timestamp>
			</report>
			<report>
				<misses>16118001</misses>
				<total>50</total>
				<timestamp>5474.641085</timestamp>
			</report>
			<report>
				<misses>16119001</misses>
				<total>50</total>
				<timestamp>5474.980826</timestamp>
			</report>
			<report>
				<misses>16120001</misses>
				<total>50</total>
				<timestamp>5475.320413</timestamp>
			</report>
			<report>
				<misses>16121001</misses>
				<total>51</total>
				<timestamp>5475.660066</timestamp>
			</report>
		</query>
	</custom>
	<ethtool_statistic>
		<rx_packets>
			<start>10870565249</start>
			<end>11334286503</end>
		</rx_packets>
		<tx_packets>
			<start>17769268076</start>
			<end>18449668097</end>
		</tx_packets>
		<rx_dropped>
			<start>1251</start>
			<end>1251</end>
		</rx_dropped>
		<tx_dropped>
			<start>0</start>
			<end>0</end>
		</tx_dropped>
		<collisions>
			<start>0</start>
			<end>0</end>
		</collisions>
		<port_tx_errors>
			<start>0</start>
			<end>0</end>
		</port_tx_errors>
		<port_rx_dropped>
			<start>0</start>
			<end>0</end>
		</port_rx_dropped>
		<port_tx_dropped_link_down>
			<start>0</start>
			<end>0</end>
		</port_tx_dropped_link_down>
	</ethtool_statistic>
	<ip_statistic>
		<mtu>
			<start>9000</start>
			<end>9000</end>
		</mtu>
		<rx_bytes>
			<start>44289019689456</start>
			<end>46128383659653</end>
		</rx_bytes>
		<rx_packets>
			<start>10870565486</start>
			<end>11334286596</end>
		</rx_packets>
		<rx_errors>
			<start>0</start>
			<end>0</end>
		</rx_errors>
		<rx_dropped>
			<start>1251</start>
			<end>1251</end>
		</rx_dropped>
		<rx_missed>
			<start>0</start>
			<end>0</end>
		</rx_missed>
		<rx_mcast>
			<start>5428</start>
			<end>5485</end>
		</rx_mcast>
		<tx_bytes>
			<start>62940434094690</start>
			<end>65387781665610</end>
		</tx_bytes>
		<tx_packets>
			<start>17769268260</start>
			<end>18449668139</end>
		</tx_packets>
		<tx_errors>
			<start>0</start>
			<end>0</end>
		</tx_errors>
		<tx_dropped>
			<start>0</start>
			<end>0</end>
		</tx_dropped>
		<tx_carrier>
			<start>0</start>
			<end>0</end>
		</tx_carrier>
		<tx_collisions>
			<start>0</start>
			<end>0</end>
		</tx_collisions>
	</ip_statistic>
	<netstat_statistic>
		<udp_pkg_rec>
			<start>9220852053</start>
			<end>9612121397</end>
		</udp_pkg_rec>
		<udp_pkg_snt>
			<start>15265799568</start>
			<end>15833493298</end>
		</udp_pkg_snt>
		<udp_rec_err>
			<start>1651858987</start>
			<end>1724338496</end>
		</udp_rec_err>
		<udp_rec_buf_err>
			<start>1651858987</start>
			<end>1724338496</end>
		</udp_rec_buf_err>
		<udp_snt_buf_err>
			<start>0</start>
			<end>0</end>
		</udp_snt_buf_err>
	</netstat_statistic>
</test_results>
