<?xml version="1.0"?>
<test_results>
	<status>STATUS_SUCCESS</status>
	<custom>
		<num_loss>0</num_loss>
		<num_total>30684891</num_total>
		<num_misses>89305560</num_misses>
		<elapsed_time>299.975365</elapsed_time>
		<query>
			<report>
				<misses>100001</misses>
				<total>0</total>
				<timestamp>0.997600</timestamp>
			</report>
			<report>
				<misses>200001</misses>
				<total>0</total>
				<timestamp>1.993077</timestamp>
			</report>
			<report>
				<misses>300001</misses>
				<total>0</total>
				<timestamp>2.989222</timestamp>
			</report>
			<report>
				<misses>400001</misses>
				<total>0</total>
				<timestamp>3.975809</timestamp>
			</report>
			<report>
				<misses>500001</misses>
				<total>0</total>
				<timestamp>4.969495</timestamp>
			</report>
			<report>
				<misses>600001</misses>
				<total>0</total>
				<timestamp>5.952831</timestamp>
			</report>
			<report>
				<misses>700001</misses>
				<total>0</total>
				<timestamp>6.941588</timestamp>
			</report>
			<report>
				<misses>800001</misses>
				<total>0</total>
				<timestamp>7.924393</timestamp>
			</report>
			<report>
				<misses>900001</misses>
				<total>0</total>
				<timestamp>8.908228</timestamp>
			</report>
			<report>
				<misses>1000001</misses>
				<total>0</total>
				<timestamp>9.890881</timestamp>
			</report>
			<report>
				<misses>1100001</misses>
				<total>0</total>
				<timestamp>10.874795</timestamp>
			</report>
			<report>
				<misses>1200001</misses>
				<total>0</total>
				<timestamp>11.866810</timestamp>
			</report>
			<report>
				<misses>1300001</misses>
				<total>0</total>
				<timestamp>12.856559</timestamp>
			</report>
			<report>
				<misses>1400001</misses>
				<total>0</total>
				<timestamp>13.838081</timestamp>
			</report>
			<report>
				<misses>1500001</misses>
				<total>0</total>
				<timestamp>14.815768</timestamp>
			</report>
			<report>
				<misses>1600001</misses>
				<total>0</total>
				<timestamp>15.798230</timestamp>
			</report>
			<report>
				<misses>1700001</misses>
				<total>0</total>
				<timestamp>16.772611</timestamp>
			</report>
			<report>
				<misses>1800001</misses>
				<total>0</total>
				<timestamp>17.759731</timestamp>
			</report>
			<report>
				<misses>1900001</misses>
				<total>0</total>
				<timestamp>18.746037</timestamp>
			</report>
			<report>
				<misses>2000001</misses>
				<total>0</total>
				<timestamp>19.730931</timestamp>
			</report>
			<report>
				<misses>2100001</misses>
				<total>0</total>
				<timestamp>20.704898</timestamp>
			</report>
			<report>
				<misses>2200001</misses>
				<total>0</total>
				<timestamp>21.682101</timestamp>
			</report>
			<report>
				<misses>2300001</misses>
				<total>0</total>
				<timestamp>22.659363</timestamp>
			</report>
			<report>
				<misses>2400001</misses>
				<total>0</total>
				<timestamp>23.630505</timestamp>
			</report>
			<report>
				<misses>2500001</misses>
				<total>0</total>
				<timestamp>24.607264</timestamp>
			</report>
			<report>
				<misses>2600001</misses>
				<total>0</total>
				<timestamp>25.580976</timestamp>
			</report>
			<report>
				<misses>2700001</misses>
				<total>0</total>
				<timestamp>26.559689</timestamp>
			</report>
			<report>
				<misses>2800001</misses>
				<total>0</total>
				<timestamp>27.537711</timestamp>
			</report>
			<report>
				<misses>2900001</misses>
				<total>0</total>
				<timestamp>28.521518</timestamp>
			</report>
			<report>
				<misses>3000001</misses>
				<total>0</total>
				<timestamp>29.473821</timestamp>
			</report>
			<report>
				<misses>3100001</misses>
				<total>0</total>
				<timestamp>30.452807</timestamp>
			</report>
			<report>
				<misses>3200001</misses>
				<total>0</total>
				<timestamp>31.432286</timestamp>
			</report>
			<report>
				<misses>3300001</misses>
				<total>0</total>
				<timestamp>32.413535</timestamp>
			</report>
			<report>
				<misses>3400001</misses>
				<total>0</total>
				<timestamp>33.387819</timestamp>
			</report>
			<report>
				<misses>3500001</misses>
				<total>0</total>
				<timestamp>34.362468</timestamp>
			</report>
			<report>
				<misses>3600001</misses>
				<total>0</total>
				<timestamp>35.340071</timestamp>
			</report>
			<report>
				<misses>3700001</misses>
				<total>0</total>
				<timestamp>36.317960</timestamp>
			</report>
			<report>
				<misses>3800001</misses>
				<total>0</total>
				<timestamp>37.286728</timestamp>
			</report>
			<report>
				<misses>3900001</misses>
				<total>0</total>
				<timestamp>38.264924</timestamp>
			</report>
			<report>
				<misses>4000001</misses>
				<total>0</total>
				<timestamp>39.246003</timestamp>
			</report>
			<report>
				<misses>4100001</misses>
				<total>0</total>
				<timestamp>40.222964</timestamp>
			</report>
			<report>
				<misses>4200001</misses>
				<total>0</total>
				<timestamp>41.199167</timestamp>
			</report>
			<report>
				<misses>4300001</misses>
				<total>0</total>
				<timestamp>42.176897</timestamp>
			</report>
			<report>
				<misses>4400001</misses>
				<total>0</total>
				<timestamp>43.152111</timestamp>
			</report>
			<report>
				<misses>4500001</misses>
				<total>0</total>
				<timestamp>44.126218</timestamp>
			</report>
			<report>
				<misses>4600001</misses>
				<total>0</total>
				<timestamp>45.099688</timestamp>
			</report>
			<report>
				<misses>4700001</misses>
				<total>0</total>
				<timestamp>46.073890</timestamp>
			</report>
			<report>
				<misses>4800001</misses>
				<total>0</total>
				<timestamp>47.046254</timestamp>
			</report>
			<report>
				<misses>4900001</misses>
				<total>0</total>
				<timestamp>48.021517</timestamp>
			</report>
			<report>
				<misses>5000001</misses>
				<total>0</total>
				<timestamp>48.994501</timestamp>
			</report>
			<report>
				<misses>5100001</misses>
				<total>0</total>
				<timestamp>49.971986</timestamp>
			</report>
			<report>
				<misses>5200001</misses>
				<total>0</total>
				<timestamp>50.949745</timestamp>
			</report>
			<report>
				<misses>5300001</misses>
				<total>0</total>
				<timestamp>51.927623</timestamp>
			</report>
			<report>
				<misses>5400001</misses>
				<total>0</total>
				<timestamp>52.906842</timestamp>
			</report>
			<report>
				<misses>5500001</misses>
				<total>0</total>
				<timestamp>53.885278</timestamp>
			</report>
			<report>
				<misses>5600001</misses>
				<total>0</total>
				<timestamp>54.847946</timestamp>
			</report>
			<report>
				<misses>5700001</misses>
				<total>0</total>
				<timestamp>55.822782</timestamp>
			</report>
			<report>
				<misses>5800001</misses>
				<total>0</total>
				<timestamp>56.802007</timestamp>
			</report>
			<report>
				<misses>5900001</misses>
				<total>0</total>
				<timestamp>57.778376</timestamp>
			</report>
			<report>
				<misses>6000001</misses>
				<total>0</total>
				<timestamp>58.754522</timestamp>
			</report>
			<report>
				<misses>6100001</misses>
				<total>0</total>
				<timestamp>59.732464</timestamp>
			</report>
			<report>
				<misses>6200001</misses>
				<total>0</total>
				<timestamp>60.707301</timestamp>
			</report>
			<report>
				<misses>6300001</misses>
				<total>0</total>
				<timestamp>61.673500</timestamp>
			</report>
			<report>
				<misses>6400001</misses>
				<total>0</total>
				<timestamp>62.646571</timestamp>
			</report>
			<report>
				<misses>6500001</misses>
				<total>0</total>
				<timestamp>63.624117</timestamp>
			</report>
			<report>
				<misses>6600001</misses>
				<total>0</total>
				<timestamp>64.604725</timestamp>
			</report>
			<report>
				<misses>6700001</misses>
				<total>0</total>
				<timestamp>65.583675</timestamp>
			</report>
			<report>
				<misses>6800001</misses>
				<total>0</total>
				<timestamp>66.560711</timestamp>
			</report>
			<report>
				<misses>6900001</misses>
				<total>0</total>
				<timestamp>67.534231</timestamp>
			</report>
			<report>
				<misses>7000001</misses>
				<total>0</total>
				<timestamp>68.504847</timestamp>
			</report>
			<report>
				<misses>7100001</misses>
				<total>0</total>
				<timestamp>69.482066</timestamp>
			</report>
			<report>
				<misses>7200001</misses>
				<total>0</total>
				<timestamp>70.459795</timestamp>
			</report>
			<report>
				<misses>7300001</misses>
				<total>0</total>
				<timestamp>71.437203</timestamp>
			</report>
			<report>
				<misses>7400001</misses>
				<total>0</total>
				<timestamp>72.411876</timestamp>
			</report>
			<report>
				<misses>7500001</misses>
				<total>0</total>
				<timestamp>73.391319</timestamp>
			</report>
			<report>
				<misses>7600001</misses>
				<total>0</total>
				<timestamp>74.366061</timestamp>
			</report>
			<report>
				<misses>7700001</misses>
				<total>0</total>
				<timestamp>75.340664</timestamp>
			</report>
			<report>
				<misses>7800001</misses>
				<total>0</total>
				<timestamp>76.316343</timestamp>
			</report>
			<report>
				<misses>7900001</misses>
				<total>0</total>
				<timestamp>77.288198</timestamp>
			</report>
			<report>
				<misses>8000001</misses>
				<total>0</total>
				<timestamp>78.265800</timestamp>
			</report>
			<report>
				<misses>8100001</misses>
				<total>0</total>
				<timestamp>79.242901</timestamp>
			</report>
			<report>
				<misses>8200001</misses>
				<total>0</total>
				<timestamp>80.219682</timestamp>
			</report>
			<report>
				<misses>8300001</misses>
				<total>0</total>
				<timestamp>81.196998</timestamp>
			</report>
			<report>
				<misses>8400001</misses>
				<total>0</total>
				<timestamp>82.170984</timestamp>
			</report>
			<report>
				<misses>8500001</misses>
				<total>0</total>
				<timestamp>83.146306</timestamp>
			</report>
			<report>
				<misses>8600001</misses>
				<total>0</total>
				<timestamp>84.124080</timestamp>
			</report>
			<report>
				<misses>8700001</misses>
				<total>0</total>
				<timestamp>85.085734</timestamp>
			</report>
			<report>
				<misses>8800001</misses>
				<total>0</total>
				<timestamp>86.063324</timestamp>
			</report>
			<report>
				<misses>8900001</misses>
				<total>0</total>
				<timestamp>87.037475</timestamp>
			</report>
			<report>
				<misses>9000001</misses>
				<total>0</total>
				<timestamp>88.016677</timestamp>
			</report>
			<report>
				<misses>9100001</misses>
				<total>0</total>
				<timestamp>88.992155</timestamp>
			</report>
			<report>
				<misses>9200001</misses>
				<total>0</total>
				<timestamp>89.968127</timestamp>
			</report>
			<report>
				<misses>9300001</misses>
				<total>0</total>
				<timestamp>90.945455</timestamp>
			</report>
			<report>
				<misses>9400001</misses>
				<total>0</total>
				<timestamp>91.920978</timestamp>
			</report>
			<report>
				<misses>9500001</misses>
				<total>0</total>
				<timestamp>92.893990</timestamp>
			</report>
			<report>
				<misses>9600001</misses>
				<total>0</total>
				<timestamp>93.869485</timestamp>
			</report>
			<report>
				<misses>9700001</misses>
				<total>0</total>
				<timestamp>94.844635</timestamp>
			</report>
			<report>
				<misses>9800001</misses>
				<total>0</total>
				<timestamp>95.822857</timestamp>
			</report>
			<report>
				<misses>9900001</misses>
				<total>0</total>
				<timestamp>96.799107</timestamp>
			</report>
			<report>
				<misses>10000001</misses>
				<total>0</total>
				<timestamp>97.777806</timestamp>
			</report>
			<report>
				<misses>10100001</misses>
				<total>0</total>
				<timestamp>98.756115</timestamp>
			</report>
			<report>
				<misses>10200001</misses>
				<total>0</total>
				<timestamp>99.733719</timestamp>
			</report>
			<report>
				<misses>10300001</misses>
				<total>0</total>
				<timestamp>100.706612</timestamp>
			</report>
			<report>
				<misses>10400001</misses>
				<total>0</total>
				<timestamp>101.684226</timestamp>
			</report>
			<report>
				<misses>10500001</misses>
				<total>0</total>
				<timestamp>102.656267</timestamp>
			</report>
			<report>
				<misses>10600001</misses>
				<total>0</total>
				<timestamp>103.627069</timestamp>
			</report>
			<report>
				<misses>10700001</misses>
				<total>0</total>
				<timestamp>104.600503</timestamp>
			</report>
			<report>
				<misses>10800001</misses>
				<total>0</total>
				<timestamp>105.572048</timestamp>
			</report>
			<report>
				<misses>10900001</misses>
				<total>0</total>
				<timestamp>106.541438</timestamp>
			</report>
			<report>
				<misses>11000001</misses>
				<total>0</total>
				<timestamp>107.507701</timestamp>
			</report>
			<report>
				<misses>11100001</misses>
				<total>0</total>
				<timestamp>108.479335</timestamp>
			</report>
			<report>
				<misses>11200001</misses>
				<total>0</total>
				<timestamp>109.455678</timestamp>
			</report>
			<report>
				<misses>11300001</misses>
				<total>0</total>
				<timestamp>110.434951</timestamp>
			</report>
			<report>
				<misses>11400001</misses>
				<total>0</total>
				<timestamp>111.414460</timestamp>
			</report>
			<report>
				<misses>11500001</misses>
				<total>0</total>
				<timestamp>112.375834</timestamp>
			</report>
			<report>
				<misses>11600001</misses>
				<total>0</total>
				<timestamp>113.354202</timestamp>
			</report>
			<report>
				<misses>11700001</misses>
				<total>0</total>
				<timestamp>114.333359</timestamp>
			</report>
			<report>
				<misses>11800001</misses>
				<total>0</total>
				<timestamp>115.299002</timestamp>
			</report>
			<report>
				<misses>11900001</misses>
				<total>0</total>
				<timestamp>116.256608</timestamp>
			</report>
			<report>
				<misses>12000001</misses>
				<total>0</total>
				<timestamp>117.235878</timestamp>
			</report>
			<report>
				<misses>12100001</misses>
				<total>0</total>
				<timestamp>118.210501</timestamp>
			</report>
			<report>
				<misses>12200001</misses>
				<total>0</total>
				<timestamp>119.181591</timestamp>
			</report>
			<report>
				<misses>12300001</misses>
				<total>0</total>
				<timestamp>120.148760</timestamp>
			</report>
			<report>
				<misses>12400001</misses>
				<total>0</total>
				<timestamp>121.123652</timestamp>
			</report>
			<report>
				<misses>12500001</misses>
				<total>0</total>
				<timestamp>122.093350</timestamp>
			</report>
			<report>
				<misses>12600001</misses>
				<total>0</total>
				<timestamp>123.069010</timestamp>
			</report>
			<report>
				<misses>12700001</misses>
				<total>0</total>
				<timestamp>124.049062</timestamp>
			</report>
			<report>
				<misses>12800001</misses>
				<total>0</total>
				<timestamp>125.036360</timestamp>
			</report>
			<report>
				<misses>12900001</misses>
				<total>0</total>
				<timestamp>126.018523</timestamp>
			</report>
			<report>
				<misses>13000001</misses>
				<total>0</total>
				<timestamp>126.995027</timestamp>
			</report>
			<report>
				<misses>13100001</misses>
				<total>0</total>
				<timestamp>127.970620</timestamp>
			</report>
			<report>
				<misses>13200001</misses>
				<total>0</total>
				<timestamp>128.946678</timestamp>
			</report>
			<report>
				<misses>13300001</misses>
				<total>0</total>
				<timestamp>129.924083</timestamp>
			</report>
			<report>
				<misses>13400001</misses>
				<total>0</total>
				<timestamp>130.895911</timestamp>
			</report>
			<report>
				<misses>13500001</misses>
				<total>0</total>
				<timestamp>131.871390</timestamp>
			</report>
			<report>
				<misses>13600001</misses>
				<total>0</total>
				<timestamp>132.849850</timestamp>
			</report>
			<report>
				<misses>13700001</misses>
				<total>0</total>
				<timestamp>133.827470</timestamp>
			</report>
			<report>
				<misses>13800001</misses>
				<total>0</total>
				<timestamp>134.807455</timestamp>
			</report>
			<report>
				<misses>13900001</misses>
				<total>0</total>
				<timestamp>135.791992</timestamp>
			</report>
			<report>
				<misses>14000001</misses>
				<total>0</total>
				<timestamp>136.762287</timestamp>
			</report>
			<report>
				<misses>14100001</misses>
				<total>0</total>
				<timestamp>137.739110</timestamp>
			</report>
			<report>
				<misses>14200001</misses>
				<total>0</total>
				<timestamp>138.714687</timestamp>
			</report>
			<report>
				<misses>14300001</misses>
				<total>0</total>
				<timestamp>139.694982</timestamp>
			</report>
			<report>
				<misses>14400001</misses>
				<total>0</total>
				<timestamp>140.671714</timestamp>
			</report>
			<report>
				<misses>14500001</misses>
				<total>0</total>
				<timestamp>141.648911</timestamp>
			</report>
			<report>
				<misses>14600001</misses>
				<total>0</total>
				<timestamp>142.624767</timestamp>
			</report>
			<report>
				<misses>14700001</misses>
				<total>0</total>
				<timestamp>143.601613</timestamp>
			</report>
			<report>
				<misses>14800001</misses>
				<total>0</total>
				<timestamp>144.578700</timestamp>
			</report>
			<report>
				<misses>14900001</misses>
				<total>0</total>
				<timestamp>145.555932</timestamp>
			</report>
			<report>
				<misses>15000001</misses>
				<total>0</total>
				<timestamp>146.534024</timestamp>
			</report>
			<report>
				<misses>15100001</misses>
				<total>0</total>
				<timestamp>147.512037</timestamp>
			</report>
			<report>
				<misses>15200001</misses>
				<total>0</total>
				<timestamp>148.483543</timestamp>
			</report>
			<report>
				<misses>15300001</misses>
				<total>0</total>
				<timestamp>149.459287</timestamp>
			</report>
			<report>
				<misses>15400001</misses>
				<total>0</total>
				<timestamp>150.437833</timestamp>
			</report>
			<report>
				<misses>15500001</misses>
				<total>0</total>
				<timestamp>151.415252</timestamp>
			</report>
			<report>
				<misses>15600001</misses>
				<total>0</total>
				<timestamp>152.388222</timestamp>
			</report>
			<report>
				<misses>15700001</misses>
				<total>0</total>
				<timestamp>153.363300</timestamp>
			</report>
			<report>
				<misses>15800001</misses>
				<total>0</total>
				<timestamp>154.340464</timestamp>
			</report>
			<report>
				<misses>15900001</misses>
				<total>0</total>
				<timestamp>155.314837</timestamp>
			</report>
			<report>
				<misses>16000001</misses>
				<total>0</total>
				<timestamp>156.290973</timestamp>
			</report>
			<report>
				<misses>16100001</misses>
				<total>0</total>
				<timestamp>157.270150</timestamp>
			</report>
			<report>
				<misses>16200001</misses>
				<total>0</total>
				<timestamp>158.246495</timestamp>
			</report>
			<report>
				<misses>16300001</misses>
				<total>0</total>
				<timestamp>159.223585</timestamp>
			</report>
			<report>
				<misses>16400001</misses>
				<total>0</total>
				<timestamp>160.200766</timestamp>
			</report>
			<report>
				<misses>16500001</misses>
				<total>0</total>
				<timestamp>161.173475</timestamp>
			</report>
			<report>
				<misses>16600001</misses>
				<total>0</total>
				<timestamp>162.152589</timestamp>
			</report>
			<report>
				<misses>16700001</misses>
				<total>0</total>
				<timestamp>163.130037</timestamp>
			</report>
			<report>
				<misses>16800001</misses>
				<total>0</total>
				<timestamp>164.106954</timestamp>
			</report>
			<report>
				<misses>16900001</misses>
				<total>0</total>
				<timestamp>165.082525</timestamp>
			</report>
			<report>
				<misses>17000001</misses>
				<total>0</total>
				<timestamp>166.054437</timestamp>
			</report>
			<report>
				<misses>17100001</misses>
				<total>0</total>
				<timestamp>167.032040</timestamp>
			</report>
			<report>
				<misses>17200001</misses>
				<total>0</total>
				<timestamp>168.011194</timestamp>
			</report>
			<report>
				<misses>17300001</misses>
				<total>0</total>
				<timestamp>168.987761</timestamp>
			</report>
			<report>
				<misses>17400001</misses>
				<total>0</total>
				<timestamp>169.965251</timestamp>
			</report>
			<report>
				<misses>17500001</misses>
				<total>0</total>
				<timestamp>170.941704</timestamp>
			</report>
			<report>
				<misses>17600001</misses>
				<total>0</total>
				<timestamp>171.916275</timestamp>
			</report>
			<report>
				<misses>17700001</misses>
				<total>0</total>
				<timestamp>172.885785</timestamp>
			</report>
			<report>
				<misses>17800001</misses>
				<total>0</total>
				<timestamp>173.850000</timestamp>
			</report>
			<report>
				<misses>17900001</misses>
				<total>0</total>
				<timestamp>174.828414</timestamp>
			</report>
			<report>
				<misses>18000001</misses>
				<total>0</total>
				<timestamp>175.805760</timestamp>
			</report>
			<report>
				<misses>18100001</misses>
				<total>0</total>
				<timestamp>176.784418</timestamp>
			</report>
			<report>
				<misses>18200001</misses>
				<total>0</total>
				<timestamp>177.762261</timestamp>
			</report>
			<report>
				<misses>18300001</misses>
				<total>0</total>
				<timestamp>178.739788</timestamp>
			</report>
			<report>
				<misses>18400001</misses>
				<total>0</total>
				<timestamp>179.718396</timestamp>
			</report>
			<report>
				<misses>18500001</misses>
				<total>0</total>
				<timestamp>180.695742</timestamp>
			</report>
			<report>
				<misses>18600001</misses>
				<total>0</total>
				<timestamp>181.672914</timestamp>
			</report>
			<report>
				<misses>18700001</misses>
				<total>0</total>
				<timestamp>182.650015</timestamp>
			</report>
			<report>
				<misses>18800001</misses>
				<total>0</total>
				<timestamp>183.629887</timestamp>
			</report>
			<report>
				<misses>18900001</misses>
				<total>0</total>
				<timestamp>184.608566</timestamp>
			</report>
			<report>
				<misses>19000001</misses>
				<total>0</total>
				<timestamp>185.584760</timestamp>
			</report>
			<report>
				<misses>19100001</misses>
				<total>0</total>
				<timestamp>186.560685</timestamp>
			</report>
			<report>
				<misses>19200001</misses>
				<total>0</total>
				<timestamp>187.540996</timestamp>
			</report>
			<report>
				<misses>19300001</misses>
				<total>0</total>
				<timestamp>188.521818</timestamp>
			</report>
			<report>
				<misses>19400001</misses>
				<total>0</total>
				<timestamp>189.499958</timestamp>
			</report>
			<report>
				<misses>19500001</misses>
				<total>0</total>
				<timestamp>190.478655</timestamp>
			</report>
			<report>
				<misses>19600001</misses>
				<total>0</total>
				<timestamp>191.453556</timestamp>
			</report>
			<report>
				<misses>19700001</misses>
				<total>0</total>
				<timestamp>192.430765</timestamp>
			</report>
			<report>
				<misses>19800001</misses>
				<total>0</total>
				<timestamp>193.408534</timestamp>
			</report>
			<report>
				<misses>19900001</misses>
				<total>0</total>
				<timestamp>194.385292</timestamp>
			</report>
			<report>
				<misses>20000001</misses>
				<total>0</total>
				<timestamp>195.363247</timestamp>
			</report>
			<report>
				<misses>20100001</misses>
				<total>0</total>
				<timestamp>196.334430</timestamp>
			</report>
			<report>
				<misses>20200001</misses>
				<total>0</total>
				<timestamp>197.312303</timestamp>
			</report>
			<report>
				<misses>20300001</misses>
				<total>0</total>
				<timestamp>198.285885</timestamp>
			</report>
			<report>
				<misses>20400001</misses>
				<total>0</total>
				<timestamp>199.257777</timestamp>
			</report>
			<report>
				<misses>20500001</misses>
				<total>0</total>
				<timestamp>200.230305</timestamp>
			</report>
			<report>
				<misses>20600001</misses>
				<total>0</total>
				<timestamp>201.209873</timestamp>
			</report>
			<report>
				<misses>20700001</misses>
				<total>0</total>
				<timestamp>202.190421</timestamp>
			</report>
			<report>
				<misses>20800001</misses>
				<total>0</total>
				<timestamp>203.174598</timestamp>
			</report>
			<report>
				<misses>20900001</misses>
				<total>0</total>
				<timestamp>204.145457</timestamp>
			</report>
			<report>
				<misses>21000001</misses>
				<total>0</total>
				<timestamp>205.120968</timestamp>
			</report>
			<report>
				<misses>21100001</misses>
				<total>0</total>
				<timestamp>206.102384</timestamp>
			</report>
			<report>
				<misses>21200001</misses>
				<total>0</total>
				<timestamp>207.080262</timestamp>
			</report>
			<report>
				<misses>21300001</misses>
				<total>0</total>
				<timestamp>208.060557</timestamp>
			</report>
			<report>
				<misses>21400001</misses>
				<total>0</total>
				<timestamp>209.040183</timestamp>
			</report>
			<report>
				<misses>21500001</misses>
				<total>0</total>
				<timestamp>210.013336</timestamp>
			</report>
			<report>
				<misses>21600001</misses>
				<total>0</total>
				<timestamp>210.982208</timestamp>
			</report>
			<report>
				<misses>21700001</misses>
				<total>0</total>
				<timestamp>211.960608</timestamp>
			</report>
			<report>
				<misses>21800001</misses>
				<total>0</total>
				<timestamp>212.937752</timestamp>
			</report>
			<report>
				<misses>21900001</misses>
				<total>0</total>
				<timestamp>213.917879</timestamp>
			</report>
			<report>
				<misses>22000001</misses>
				<total>0</total>
				<timestamp>214.890769</timestamp>
			</report>
			<report>
				<misses>22100001</misses>
				<total>0</total>
				<timestamp>215.873973</timestamp>
			</report>
			<report>
				<misses>22200001</misses>
				<total>0</total>
				<timestamp>216.855450</timestamp>
			</report>
			<report>
				<misses>22300001</misses>
				<total>0</total>
				<timestamp>217.826970</timestamp>
			</report>
			<report>
				<misses>22400001</misses>
				<total>0</total>
				<timestamp>218.803639</timestamp>
			</report>
			<report>
				<misses>22500001</misses>
				<total>0</total>
				<timestamp>219.779708</timestamp>
			</report>
			<report>
				<misses>22600001</misses>
				<total>0</total>
				<timestamp>220.756738</timestamp>
			</report>
			<report>
				<misses>22700001</misses>
				<total>0</total>
				<timestamp>221.735133</timestamp>
			</report>
			<report>
				<misses>22800001</misses>
				<total>0</total>
				<timestamp>222.709226</timestamp>
			</report>
			<report>
				<misses>22900001</misses>
				<total>0</total>
				<timestamp>223.686448</timestamp>
			</report>
			<report>
				<misses>23000001</misses>
				<total>0</total>
				<timestamp>224.674684</timestamp>
			</report>
			<report>
				<misses>23100001</misses>
				<total>0</total>
				<timestamp>225.651082</timestamp>
			</report>
			<report>
				<misses>23200001</misses>
				<total>0</total>
				<timestamp>226.612907</timestamp>
			</report>
			<report>
				<misses>23300001</misses>
				<total>0</total>
				<timestamp>227.602977</timestamp>
			</report>
			<report>
				<misses>23400001</misses>
				<total>0</total>
				<timestamp>228.578821</timestamp>
			</report>
			<report>
				<misses>23500001</misses>
				<total>0</total>
				<timestamp>229.562076</timestamp>
			</report>
			<report>
				<misses>23600001</misses>
				<total>0</total>
				<timestamp>230.529666</timestamp>
			</report>
			<report>
				<misses>23700001</misses>
				<total>0</total>
				<timestamp>231.510307</timestamp>
			</report>
			<report>
				<misses>23800001</misses>
				<total>0</total>
				<timestamp>232.494443</timestamp>
			</report>
			<report>
				<misses>23900001</misses>
				<total>0</total>
				<timestamp>233.484518</timestamp>
			</report>
			<report>
				<misses>24000001</misses>
				<total>0</total>
				<timestamp>234.474590</timestamp>
			</report>
			<report>
				<misses>24100001</misses>
				<total>0</total>
				<timestamp>235.455316</timestamp>
			</report>
			<report>
				<misses>24200001</misses>
				<total>0</total>
				<timestamp>236.440364</timestamp>
			</report>
			<report>
				<misses>24300001</misses>
				<total>0</total>
				<timestamp>237.429082</timestamp>
			</report>
			<report>
				<misses>24400001</misses>
				<total>0</total>
				<timestamp>238.411892</timestamp>
			</report>
			<report>
				<misses>24500001</misses>
				<total>0</total>
				<timestamp>239.388166</timestamp>
			</report>
			<report>
				<misses>24600001</misses>
				<total>0</total>
				<timestamp>240.364861</timestamp>
			</report>
			<report>
				<misses>24700001</misses>
				<total>0</total>
				<timestamp>241.346794</timestamp>
			</report>
			<report>
				<misses>24800001</misses>
				<total>0</total>
				<timestamp>242.330334</timestamp>
			</report>
			<report>
				<misses>24900001</misses>
				<total>0</total>
				<timestamp>243.300407</timestamp>
			</report>
			<report>
				<misses>25000001</misses>
				<total>0</total>
				<timestamp>244.272108</timestamp>
			</report>
			<report>
				<misses>25100001</misses>
				<total>0</total>
				<timestamp>245.260004</timestamp>
			</report>
			<report>
				<misses>25200001</misses>
				<total>0</total>
				<timestamp>246.250771</timestamp>
			</report>
			<report>
				<misses>25300001</misses>
				<total>0</total>
				<timestamp>247.242246</timestamp>
			</report>
			<report>
				<misses>25400001</misses>
				<total>0</total>
				<timestamp>248.221251</timestamp>
			</report>
			<report>
				<misses>25500001</misses>
				<total>0</total>
				<timestamp>249.196742</timestamp>
			</report>
			<report>
				<misses>25600001</misses>
				<total>0</total>
				<timestamp>250.172661</timestamp>
			</report>
			<report>
				<misses>25700001</misses>
				<total>0</total>
				<timestamp>251.150251</timestamp>
			</report>
			<report>
				<misses>25800001</misses>
				<total>0</total>
				<timestamp>252.135298</timestamp>
			</report>
			<report>
				<misses>25900001</misses>
				<total>0</total>
				<timestamp>253.125780</timestamp>
			</report>
			<report>
				<misses>26000001</misses>
				<total>0</total>
				<timestamp>254.117860</timestamp>
			</report>
			<report>
				<misses>26100001</misses>
				<total>0</total>
				<timestamp>255.104508</timestamp>
			</report>
			<report>
				<misses>26200001</misses>
				<total>0</total>
				<timestamp>256.094748</timestamp>
			</report>
			<report>
				<misses>26300001</misses>
				<total>0</total>
				<timestamp>257.086189</timestamp>
			</report>
			<report>
				<misses>26400001</misses>
				<total>0</total>
				<timestamp>258.072629</timestamp>
			</report>
			<report>
				<misses>26500001</misses>
				<total>0</total>
				<timestamp>259.051453</timestamp>
			</report>
			<report>
				<misses>26600001</misses>
				<total>0</total>
				<timestamp>260.010249</timestamp>
			</report>
			<report>
				<misses>26700001</misses>
				<total>0</total>
				<timestamp>260.990977</timestamp>
			</report>
			<report>
				<misses>26800001</misses>
				<total>0</total>
				<timestamp>261.970449</timestamp>
			</report>
			<report>
				<misses>26900001</misses>
				<total>0</total>
				<timestamp>262.956380</timestamp>
			</report>
			<report>
				<misses>27000001</misses>
				<total>0</total>
				<timestamp>263.941580</timestamp>
			</report>
			<report>
				<misses>27100001</misses>
				<total>0</total>
				<timestamp>264.905940</timestamp>
			</report>
			<report>
				<misses>27200001</misses>
				<total>0</total>
				<timestamp>265.878546</timestamp>
			</report>
			<report>
				<misses>27300001</misses>
				<total>0</total>
				<timestamp>266.854391</timestamp>
			</report>
			<report>
				<misses>27400001</misses>
				<total>0</total>
				<timestamp>267.832090</timestamp>
			</report>
			<report>
				<misses>27500001</misses>
				<total>0</total>
				<timestamp>268.810098</timestamp>
			</report>
			<report>
				<misses>27600001</misses>
				<total>0</total>
				<timestamp>269.787904</timestamp>
			</report>
			<report>
				<misses>27700001</misses>
				<total>0</total>
				<timestamp>270.763318</timestamp>
			</report>
			<report>
				<misses>27800001</misses>
				<total>0</total>
				<timestamp>271.743189</timestamp>
			</report>
			<report>
				<misses>27900001</misses>
				<total>0</total>
				<timestamp>272.720674</timestamp>
			</report>
			<report>
				<misses>28000001</misses>
				<total>0</total>
				<timestamp>273.695373</timestamp>
			</report>
			<report>
				<misses>28100001</misses>
				<total>0</total>
				<timestamp>274.676151</timestamp>
			</report>
			<report>
				<misses>28200001</misses>
				<total>0</total>
				<timestamp>275.653592</timestamp>
			</report>
			<report>
				<misses>28300001</misses>
				<total>0</total>
				<timestamp>276.632866</timestamp>
			</report>
			<report>
				<misses>28400001</misses>
				<total>0</total>
				<timestamp>277.604621</timestamp>
			</report>
			<report>
				<misses>28500001</misses>
				<total>0</total>
				<timestamp>278.582540</timestamp>
			</report>
			<report>
				<misses>28600001</misses>
				<total>0</total>
				<timestamp>279.556537</timestamp>
			</report>
			<report>
				<misses>28700001</misses>
				<total>0</total>
				<timestamp>280.549900</timestamp>
			</report>
			<report>
				<misses>28800001</misses>
				<total>0</total>
				<timestamp>281.524766</timestamp>
			</report>
			<report>
				<misses>28900001</misses>
				<total>0</total>
				<timestamp>282.501275</timestamp>
			</report>
			<report>
				<misses>29000001</misses>
				<total>0</total>
				<timestamp>283.471295</timestamp>
			</report>
			<report>
				<misses>29100001</misses>
				<total>0</total>
				<timestamp>284.448834</timestamp>
			</report>
			<report>
				<misses>29200001</misses>
				<total>0</total>
				<timestamp>285.430530</timestamp>
			</report>
			<report>
				<misses>29300001</misses>
				<total>0</total>
				<timestamp>286.408532</timestamp>
			</report>
			<report>
				<misses>29400001</misses>
				<total>0</total>
				<timestamp>287.385970</timestamp>
			</report>
			<report>
				<misses>29500001</misses>
				<total>0</total>
				<timestamp>288.364416</timestamp>
			</report>
			<report>
				<misses>29600001</misses>
				<total>0</total>
				<timestamp>289.341941</timestamp>
			</report>
			<report>
				<misses>29700001</misses>
				<total>0</total>
				<timestamp>290.320121</timestamp>
			</report>
			<report>
				<misses>29800001</misses>
				<total>0</total>
				<timestamp>291.296773</timestamp>
			</report>
			<report>
				<misses>29900001</misses>
				<total>0</total>
				<timestamp>292.277861</timestamp>
			</report>
			<report>
				<misses>30000001</misses>
				<total>0</total>
				<timestamp>293.256864</timestamp>
			</report>
			<report>
				<misses>30100001</misses>
				<total>0</total>
				<timestamp>294.230842</timestamp>
			</report>
			<report>
				<misses>30200001</misses>
				<total>0</total>
				<timestamp>295.208346</timestamp>
			</report>
			<report>
				<misses>30300001</misses>
				<total>0</total>
				<timestamp>296.194701</timestamp>
			</report>
			<report>
				<misses>30400001</misses>
				<total>0</total>
				<timestamp>297.186901</timestamp>
			</report>
			<report>
				<misses>30500001</misses>
				<total>0</total>
				<timestamp>298.173951</timestamp>
			</report>
			<report>
				<misses>30600001</misses>
				<total>0</total>
				<timestamp>299.145680</timestamp>
			</report>
		</query>
	</custom>
	<ethtool_statistic>
		<rx_packets>
			<start>3480269812</start>
			<end>3511021609</end>
		</rx_packets>
		<tx_packets>
			<start>5211651833</start>
			<end>5242337052</end>
		</tx_packets>
		<rx_dropped>
			<start>0</start>
			<end>0</end>
		</rx_dropped>
		<tx_dropped>
			<start>0</start>
			<end>0</end>
		</tx_dropped>
		<collisions>
			<start>0</start>
			<end>0</end>
		</collisions>
		<port_tx_errors>
			<start>0</start>
			<end>0</end>
		</port_tx_errors>
		<port_rx_dropped>
			<start>0</start>
			<end>0</end>
		</port_rx_dropped>
		<port_tx_dropped_link_down>
			<start>4</start>
			<end>4</end>
		</port_tx_dropped_link_down>
	</ethtool_statistic>
	<ip_statistic>
		<mtu>
			<start>9000</start>
			<end>9000</end>
		</mtu>
		<rx_bytes>
			<start>20980363920967</start>
			<end>21255338900261</end>
		</rx_bytes>
		<rx_packets>
			<start>3480270031</start>
			<end>3511021609</end>
		</rx_packets>
		<rx_errors>
			<start>0</start>
			<end>0</end>
		</rx_errors>
		<rx_dropped>
			<start>0</start>
			<end>0</end>
		</rx_dropped>
		<rx_missed>
			<start>0</start>
			<end>0</end>
		</rx_missed>
		<rx_mcast>
			<start>184</start>
			<end>184</end>
		</rx_mcast>
		<tx_bytes>
			<start>18381274753461</start>
			<end>18655656345551</end>
		</tx_bytes>
		<tx_packets>
			<start>5211651833</start>
			<end>5242337052</end>
		</tx_packets>
		<tx_errors>
			<start>0</start>
			<end>0</end>
		</tx_errors>
		<tx_dropped>
			<start>0</start>
			<end>0</end>
		</tx_dropped>
		<tx_carrier>
			<start>0</start>
			<end>0</end>
		</tx_carrier>
		<tx_collisions>
			<start>0</start>
			<end>0</end>
		</tx_collisions>
	</ip_statistic>
	<netstat_statistic>
		<udp_pkg_rec>
			<start>3674638417</start>
			<end>3736113942</end>
		</udp_pkg_rec>
		<udp_pkg_snt>
			<start>9243405626</start>
			<end>9306044383</end>
		</udp_pkg_snt>
		<udp_rec_err>
			<start>0</start>
			<end>0</end>
		</udp_rec_err>
		<udp_rec_buf_err>
			<start>0</start>
			<end>0</end>
		</udp_rec_buf_err>
		<udp_snt_buf_err>
			<start>0</start>
			<end>0</end>
		</udp_snt_buf_err>
	</netstat_statistic>
</test_results>
