<?xml version="1.0"?>
<test_results>
	<status>STATUS_SUCCESS</status>
	<custom>
		<num_loss>0</num_loss>
		<num_total>36716950</num_total>
		<num_misses>83010248</num_misses>
		<elapsed_time>299.317079</elapsed_time>
		<query>
			<report>
				<misses>100001</misses>
				<total>0</total>
				<timestamp>0.618644</timestamp>
			</report>
			<report>
				<misses>200001</misses>
				<total>0</total>
				<timestamp>1.253799</timestamp>
			</report>
			<report>
				<misses>300001</misses>
				<total>0</total>
				<timestamp>1.953841</timestamp>
			</report>
			<report>
				<misses>400001</misses>
				<total>0</total>
				<timestamp>2.776986</timestamp>
			</report>
			<report>
				<misses>500001</misses>
				<total>0</total>
				<timestamp>3.642488</timestamp>
			</report>
			<report>
				<misses>600001</misses>
				<total>0</total>
				<timestamp>4.506213</timestamp>
			</report>
			<report>
				<misses>700001</misses>
				<total>0</total>
				<timestamp>5.348931</timestamp>
			</report>
			<report>
				<misses>800001</misses>
				<total>0</total>
				<timestamp>6.194770</timestamp>
			</report>
			<report>
				<misses>900001</misses>
				<total>0</total>
				<timestamp>7.044738</timestamp>
			</report>
			<report>
				<misses>1000001</misses>
				<total>0</total>
				<timestamp>7.875508</timestamp>
			</report>
			<report>
				<misses>1100001</misses>
				<total>0</total>
				<timestamp>8.722531</timestamp>
			</report>
			<report>
				<misses>1200001</misses>
				<total>0</total>
				<timestamp>9.578364</timestamp>
			</report>
			<report>
				<misses>1300001</misses>
				<total>0</total>
				<timestamp>10.440725</timestamp>
			</report>
			<report>
				<misses>1400001</misses>
				<total>0</total>
				<timestamp>11.320915</timestamp>
			</report>
			<report>
				<misses>1500001</misses>
				<total>0</total>
				<timestamp>12.202604</timestamp>
			</report>
			<report>
				<misses>1600001</misses>
				<total>0</total>
				<timestamp>13.091663</timestamp>
			</report>
			<report>
				<misses>1700001</misses>
				<total>0</total>
				<timestamp>13.960884</timestamp>
			</report>
			<report>
				<misses>1800001</misses>
				<total>0</total>
				<timestamp>14.823133</timestamp>
			</report>
			<report>
				<misses>1900001</misses>
				<total>0</total>
				<timestamp>15.708610</timestamp>
			</report>
			<report>
				<misses>2000001</misses>
				<total>0</total>
				<timestamp>16.599996</timestamp>
			</report>
			<report>
				<misses>2100001</misses>
				<total>0</total>
				<timestamp>17.486749</timestamp>
			</report>
			<report>
				<misses>2200001</misses>
				<total>0</total>
				<timestamp>18.368233</timestamp>
			</report>
			<report>
				<misses>2300001</misses>
				<total>0</total>
				<timestamp>19.256533</timestamp>
			</report>
			<report>
				<misses>2400001</misses>
				<total>0</total>
				<timestamp>20.140196</timestamp>
			</report>
			<report>
				<misses>2500001</misses>
				<total>0</total>
				<timestamp>21.016386</timestamp>
			</report>
			<report>
				<misses>2600001</misses>
				<total>0</total>
				<timestamp>21.862360</timestamp>
			</report>
			<report>
				<misses>2700001</misses>
				<total>0</total>
				<timestamp>22.715603</timestamp>
			</report>
			<report>
				<misses>2800001</misses>
				<total>0</total>
				<timestamp>23.513332</timestamp>
			</report>
			<report>
				<misses>2900001</misses>
				<total>0</total>
				<timestamp>24.334027</timestamp>
			</report>
			<report>
				<misses>3000001</misses>
				<total>0</total>
				<timestamp>25.165605</timestamp>
			</report>
			<report>
				<misses>3100001</misses>
				<total>0</total>
				<timestamp>25.995450</timestamp>
			</report>
			<report>
				<misses>3200001</misses>
				<total>0</total>
				<timestamp>26.825070</timestamp>
			</report>
			<report>
				<misses>3300001</misses>
				<total>0</total>
				<timestamp>27.665385</timestamp>
			</report>
			<report>
				<misses>3400001</misses>
				<total>0</total>
				<timestamp>28.484065</timestamp>
			</report>
			<report>
				<misses>3500001</misses>
				<total>0</total>
				<timestamp>29.297184</timestamp>
			</report>
			<report>
				<misses>3600001</misses>
				<total>0</total>
				<timestamp>30.097630</timestamp>
			</report>
			<report>
				<misses>3700001</misses>
				<total>0</total>
				<timestamp>30.921784</timestamp>
			</report>
			<report>
				<misses>3800001</misses>
				<total>0</total>
				<timestamp>31.760450</timestamp>
			</report>
			<report>
				<misses>3900001</misses>
				<total>0</total>
				<timestamp>32.597267</timestamp>
			</report>
			<report>
				<misses>4000001</misses>
				<total>0</total>
				<timestamp>33.445853</timestamp>
			</report>
			<report>
				<misses>4100001</misses>
				<total>0</total>
				<timestamp>34.286693</timestamp>
			</report>
			<report>
				<misses>4200001</misses>
				<total>0</total>
				<timestamp>35.106747</timestamp>
			</report>
			<report>
				<misses>4300001</misses>
				<total>0</total>
				<timestamp>35.926159</timestamp>
			</report>
			<report>
				<misses>4400001</misses>
				<total>0</total>
				<timestamp>36.737053</timestamp>
			</report>
			<report>
				<misses>4500001</misses>
				<total>0</total>
				<timestamp>37.558419</timestamp>
			</report>
			<report>
				<misses>4600001</misses>
				<total>0</total>
				<timestamp>38.343671</timestamp>
			</report>
			<report>
				<misses>4700001</misses>
				<total>0</total>
				<timestamp>39.131062</timestamp>
			</report>
			<report>
				<misses>4800001</misses>
				<total>0</total>
				<timestamp>39.926356</timestamp>
			</report>
			<report>
				<misses>4900001</misses>
				<total>0</total>
				<timestamp>40.749895</timestamp>
			</report>
			<report>
				<misses>5000001</misses>
				<total>0</total>
				<timestamp>41.554987</timestamp>
			</report>
			<report>
				<misses>5100001</misses>
				<total>0</total>
				<timestamp>42.346022</timestamp>
			</report>
			<report>
				<misses>5200001</misses>
				<total>0</total>
				<timestamp>43.163247</timestamp>
			</report>
			<report>
				<misses>5300001</misses>
				<total>0</total>
				<timestamp>43.982000</timestamp>
			</report>
			<report>
				<misses>5400001</misses>
				<total>0</total>
				<timestamp>44.792788</timestamp>
			</report>
			<report>
				<misses>5500001</misses>
				<total>0</total>
				<timestamp>45.601961</timestamp>
			</report>
			<report>
				<misses>5600001</misses>
				<total>0</total>
				<timestamp>46.419782</timestamp>
			</report>
			<report>
				<misses>5700001</misses>
				<total>0</total>
				<timestamp>47.236065</timestamp>
			</report>
			<report>
				<misses>5800001</misses>
				<total>0</total>
				<timestamp>48.034856</timestamp>
			</report>
			<report>
				<misses>5900001</misses>
				<total>0</total>
				<timestamp>48.828323</timestamp>
			</report>
			<report>
				<misses>6000001</misses>
				<total>0</total>
				<timestamp>49.633826</timestamp>
			</report>
			<report>
				<misses>6100001</misses>
				<total>0</total>
				<timestamp>50.457725</timestamp>
			</report>
			<report>
				<misses>6200001</misses>
				<total>0</total>
				<timestamp>51.279091</timestamp>
			</report>
			<report>
				<misses>6300001</misses>
				<total>0</total>
				<timestamp>52.102620</timestamp>
			</report>
			<report>
				<misses>6400001</misses>
				<total>0</total>
				<timestamp>52.921155</timestamp>
			</report>
			<report>
				<misses>6500001</misses>
				<total>0</total>
				<timestamp>53.745314</timestamp>
			</report>
			<report>
				<misses>6600001</misses>
				<total>0</total>
				<timestamp>54.556867</timestamp>
			</report>
			<report>
				<misses>6700001</misses>
				<total>0</total>
				<timestamp>55.365848</timestamp>
			</report>
			<report>
				<misses>6800001</misses>
				<total>0</total>
				<timestamp>56.180206</timestamp>
			</report>
			<report>
				<misses>6900001</misses>
				<total>0</total>
				<timestamp>56.969966</timestamp>
			</report>
			<report>
				<misses>7000001</misses>
				<total>0</total>
				<timestamp>57.774035</timestamp>
			</report>
			<report>
				<misses>7100001</misses>
				<total>0</total>
				<timestamp>58.594479</timestamp>
			</report>
			<report>
				<misses>7200001</misses>
				<total>0</total>
				<timestamp>59.408889</timestamp>
			</report>
			<report>
				<misses>7300001</misses>
				<total>0</total>
				<timestamp>60.222613</timestamp>
			</report>
			<report>
				<misses>7400001</misses>
				<total>0</total>
				<timestamp>61.033130</timestamp>
			</report>
			<report>
				<misses>7500001</misses>
				<total>0</total>
				<timestamp>61.854470</timestamp>
			</report>
			<report>
				<misses>7600001</misses>
				<total>0</total>
				<timestamp>62.667952</timestamp>
			</report>
			<report>
				<misses>7700001</misses>
				<total>0</total>
				<timestamp>63.476118</timestamp>
			</report>
			<report>
				<misses>7800001</misses>
				<total>0</total>
				<timestamp>64.266755</timestamp>
			</report>
			<report>
				<misses>7900001</misses>
				<total>0</total>
				<timestamp>65.074218</timestamp>
			</report>
			<report>
				<misses>8000001</misses>
				<total>0</total>
				<timestamp>65.871397</timestamp>
			</report>
			<report>
				<misses>8100001</misses>
				<total>0</total>
				<timestamp>66.670239</timestamp>
			</report>
			<report>
				<misses>8200001</misses>
				<total>0</total>
				<timestamp>67.476957</timestamp>
			</report>
			<report>
				<misses>8300001</misses>
				<total>0</total>
				<timestamp>68.296514</timestamp>
			</report>
			<report>
				<misses>8400001</misses>
				<total>0</total>
				<timestamp>69.079022</timestamp>
			</report>
			<report>
				<misses>8500001</misses>
				<total>0</total>
				<timestamp>69.858056</timestamp>
			</report>
			<report>
				<misses>8600001</misses>
				<total>0</total>
				<timestamp>70.667779</timestamp>
			</report>
			<report>
				<misses>8700001</misses>
				<total>0</total>
				<timestamp>71.462383</timestamp>
			</report>
			<report>
				<misses>8800001</misses>
				<total>0</total>
				<timestamp>72.291049</timestamp>
			</report>
			<report>
				<misses>8900001</misses>
				<total>0</total>
				<timestamp>73.093805</timestamp>
			</report>
			<report>
				<misses>9000001</misses>
				<total>0</total>
				<timestamp>73.910771</timestamp>
			</report>
			<report>
				<misses>9100001</misses>
				<total>0</total>
				<timestamp>74.718118</timestamp>
			</report>
			<report>
				<misses>9200001</misses>
				<total>0</total>
				<timestamp>75.505142</timestamp>
			</report>
			<report>
				<misses>9300001</misses>
				<total>0</total>
				<timestamp>76.320911</timestamp>
			</report>
			<report>
				<misses>9400001</misses>
				<total>0</total>
				<timestamp>77.134643</timestamp>
			</report>
			<report>
				<misses>9500001</misses>
				<total>0</total>
				<timestamp>77.947974</timestamp>
			</report>
			<report>
				<misses>9600001</misses>
				<total>0</total>
				<timestamp>78.764783</timestamp>
			</report>
			<report>
				<misses>9700001</misses>
				<total>0</total>
				<timestamp>79.585115</timestamp>
			</report>
			<report>
				<misses>9800001</misses>
				<total>0</total>
				<timestamp>80.389920</timestamp>
			</report>
			<report>
				<misses>9900001</misses>
				<total>0</total>
				<timestamp>81.206253</timestamp>
			</report>
			<report>
				<misses>10000001</misses>
				<total>0</total>
				<timestamp>82.024371</timestamp>
			</report>
			<report>
				<misses>10100001</misses>
				<total>0</total>
				<timestamp>82.841888</timestamp>
			</report>
			<report>
				<misses>10200001</misses>
				<total>0</total>
				<timestamp>83.670335</timestamp>
			</report>
			<report>
				<misses>10300001</misses>
				<total>0</total>
				<timestamp>84.487692</timestamp>
			</report>
			<report>
				<misses>10400001</misses>
				<total>0</total>
				<timestamp>85.313531</timestamp>
			</report>
			<report>
				<misses>10500001</misses>
				<total>0</total>
				<timestamp>86.133615</timestamp>
			</report>
			<report>
				<misses>10600001</misses>
				<total>0</total>
				<timestamp>86.963727</timestamp>
			</report>
			<report>
				<misses>10700001</misses>
				<total>0</total>
				<timestamp>87.782507</timestamp>
			</report>
			<report>
				<misses>10800001</misses>
				<total>0</total>
				<timestamp>88.600756</timestamp>
			</report>
			<report>
				<misses>10900001</misses>
				<total>0</total>
				<timestamp>89.416312</timestamp>
			</report>
			<report>
				<misses>11000001</misses>
				<total>0</total>
				<timestamp>90.192777</timestamp>
			</report>
			<report>
				<misses>11100001</misses>
				<total>0</total>
				<timestamp>91.003815</timestamp>
			</report>
			<report>
				<misses>11200001</misses>
				<total>0</total>
				<timestamp>91.826676</timestamp>
			</report>
			<report>
				<misses>11300001</misses>
				<total>0</total>
				<timestamp>92.655760</timestamp>
			</report>
			<report>
				<misses>11400001</misses>
				<total>0</total>
				<timestamp>93.479429</timestamp>
			</report>
			<report>
				<misses>11500001</misses>
				<total>0</total>
				<timestamp>94.290194</timestamp>
			</report>
			<report>
				<misses>11600001</misses>
				<total>0</total>
				<timestamp>95.102157</timestamp>
			</report>
			<report>
				<misses>11700001</misses>
				<total>0</total>
				<timestamp>95.913219</timestamp>
			</report>
			<report>
				<misses>11800001</misses>
				<total>0</total>
				<timestamp>96.702407</timestamp>
			</report>
			<report>
				<misses>11900001</misses>
				<total>0</total>
				<timestamp>97.517318</timestamp>
			</report>
			<report>
				<misses>12000001</misses>
				<total>0</total>
				<timestamp>98.324865</timestamp>
			</report>
			<report>
				<misses>12100001</misses>
				<total>0</total>
				<timestamp>99.136129</timestamp>
			</report>
			<report>
				<misses>12200001</misses>
				<total>0</total>
				<timestamp>99.935169</timestamp>
			</report>
			<report>
				<misses>12300001</misses>
				<total>0</total>
				<timestamp>100.744079</timestamp>
			</report>
			<report>
				<misses>12400001</misses>
				<total>0</total>
				<timestamp>101.552851</timestamp>
			</report>
			<report>
				<misses>12500001</misses>
				<total>0</total>
				<timestamp>102.330848</timestamp>
			</report>
			<report>
				<misses>12600001</misses>
				<total>0</total>
				<timestamp>103.144981</timestamp>
			</report>
			<report>
				<misses>12700001</misses>
				<total>0</total>
				<timestamp>103.983219</timestamp>
			</report>
			<report>
				<misses>12800001</misses>
				<total>0</total>
				<timestamp>104.813626</timestamp>
			</report>
			<report>
				<misses>12900001</misses>
				<total>0</total>
				<timestamp>105.633285</timestamp>
			</report>
			<report>
				<misses>13000001</misses>
				<total>0</total>
				<timestamp>106.443795</timestamp>
			</report>
			<report>
				<misses>13100001</misses>
				<total>0</total>
				<timestamp>107.256625</timestamp>
			</report>
			<report>
				<misses>13200001</misses>
				<total>0</total>
				<timestamp>108.061356</timestamp>
			</report>
			<report>
				<misses>13300001</misses>
				<total>0</total>
				<timestamp>108.879064</timestamp>
			</report>
			<report>
				<misses>13400001</misses>
				<total>0</total>
				<timestamp>109.697385</timestamp>
			</report>
			<report>
				<misses>13500001</misses>
				<total>0</total>
				<timestamp>110.518856</timestamp>
			</report>
			<report>
				<misses>13600001</misses>
				<total>0</total>
				<timestamp>111.345242</timestamp>
			</report>
			<report>
				<misses>13700001</misses>
				<total>0</total>
				<timestamp>112.156154</timestamp>
			</report>
			<report>
				<misses>13800001</misses>
				<total>0</total>
				<timestamp>112.963056</timestamp>
			</report>
			<report>
				<misses>13900001</misses>
				<total>0</total>
				<timestamp>113.781950</timestamp>
			</report>
			<report>
				<misses>14000001</misses>
				<total>0</total>
				<timestamp>114.594668</timestamp>
			</report>
			<report>
				<misses>14100001</misses>
				<total>0</total>
				<timestamp>115.412742</timestamp>
			</report>
			<report>
				<misses>14200001</misses>
				<total>0</total>
				<timestamp>116.227870</timestamp>
			</report>
			<report>
				<misses>14300001</misses>
				<total>0</total>
				<timestamp>117.048062</timestamp>
			</report>
			<report>
				<misses>14400001</misses>
				<total>0</total>
				<timestamp>117.866971</timestamp>
			</report>
			<report>
				<misses>14500001</misses>
				<total>0</total>
				<timestamp>118.670659</timestamp>
			</report>
			<report>
				<misses>14600001</misses>
				<total>0</total>
				<timestamp>119.483487</timestamp>
			</report>
			<report>
				<misses>14700001</misses>
				<total>0</total>
				<timestamp>120.296834</timestamp>
			</report>
			<report>
				<misses>14800001</misses>
				<total>0</total>
				<timestamp>121.123481</timestamp>
			</report>
			<report>
				<misses>14900001</misses>
				<total>0</total>
				<timestamp>121.946019</timestamp>
			</report>
			<report>
				<misses>15000001</misses>
				<total>0</total>
				<timestamp>122.776307</timestamp>
			</report>
			<report>
				<misses>15100001</misses>
				<total>0</total>
				<timestamp>123.594951</timestamp>
			</report>
			<report>
				<misses>15200001</misses>
				<total>0</total>
				<timestamp>124.418709</timestamp>
			</report>
			<report>
				<misses>15300001</misses>
				<total>0</total>
				<timestamp>125.237384</timestamp>
			</report>
			<report>
				<misses>15400001</misses>
				<total>0</total>
				<timestamp>126.045296</timestamp>
			</report>
			<report>
				<misses>15500001</misses>
				<total>0</total>
				<timestamp>126.868195</timestamp>
			</report>
			<report>
				<misses>15600001</misses>
				<total>0</total>
				<timestamp>127.682724</timestamp>
			</report>
			<report>
				<misses>15700001</misses>
				<total>0</total>
				<timestamp>128.493365</timestamp>
			</report>
			<report>
				<misses>15800001</misses>
				<total>0</total>
				<timestamp>129.297811</timestamp>
			</report>
			<report>
				<misses>15900001</misses>
				<total>0</total>
				<timestamp>130.118008</timestamp>
			</report>
			<report>
				<misses>16000001</misses>
				<total>0</total>
				<timestamp>130.945276</timestamp>
			</report>
			<report>
				<misses>16100001</misses>
				<total>0</total>
				<timestamp>131.764649</timestamp>
			</report>
			<report>
				<misses>16200001</misses>
				<total>0</total>
				<timestamp>132.566901</timestamp>
			</report>
			<report>
				<misses>16300001</misses>
				<total>0</total>
				<timestamp>133.390946</timestamp>
			</report>
			<report>
				<misses>16400001</misses>
				<total>0</total>
				<timestamp>134.211657</timestamp>
			</report>
			<report>
				<misses>16500001</misses>
				<total>0</total>
				<timestamp>135.035874</timestamp>
			</report>
			<report>
				<misses>16600001</misses>
				<total>0</total>
				<timestamp>135.860566</timestamp>
			</report>
			<report>
				<misses>16700001</misses>
				<total>0</total>
				<timestamp>136.668768</timestamp>
			</report>
			<report>
				<misses>16800001</misses>
				<total>0</total>
				<timestamp>137.486789</timestamp>
			</report>
			<report>
				<misses>16900001</misses>
				<total>0</total>
				<timestamp>138.319846</timestamp>
			</report>
			<report>
				<misses>17000001</misses>
				<total>0</total>
				<timestamp>139.137966</timestamp>
			</report>
			<report>
				<misses>17100001</misses>
				<total>0</total>
				<timestamp>139.942154</timestamp>
			</report>
			<report>
				<misses>17200001</misses>
				<total>0</total>
				<timestamp>140.731040</timestamp>
			</report>
			<report>
				<misses>17300001</misses>
				<total>0</total>
				<timestamp>141.512234</timestamp>
			</report>
			<report>
				<misses>17400001</misses>
				<total>0</total>
				<timestamp>142.285752</timestamp>
			</report>
			<report>
				<misses>17500001</misses>
				<total>0</total>
				<timestamp>143.107478</timestamp>
			</report>
			<report>
				<misses>17600001</misses>
				<total>0</total>
				<timestamp>143.927418</timestamp>
			</report>
			<report>
				<misses>17700001</misses>
				<total>0</total>
				<timestamp>144.747967</timestamp>
			</report>
			<report>
				<misses>17800001</misses>
				<total>0</total>
				<timestamp>145.568552</timestamp>
			</report>
			<report>
				<misses>17900001</misses>
				<total>0</total>
				<timestamp>146.384791</timestamp>
			</report>
			<report>
				<misses>18000001</misses>
				<total>0</total>
				<timestamp>147.210917</timestamp>
			</report>
			<report>
				<misses>18100001</misses>
				<total>0</total>
				<timestamp>148.016911</timestamp>
			</report>
			<report>
				<misses>18200001</misses>
				<total>0</total>
				<timestamp>148.828600</timestamp>
			</report>
			<report>
				<misses>18300001</misses>
				<total>0</total>
				<timestamp>149.642051</timestamp>
			</report>
			<report>
				<misses>18400001</misses>
				<total>0</total>
				<timestamp>150.463554</timestamp>
			</report>
			<report>
				<misses>18500001</misses>
				<total>0</total>
				<timestamp>151.279098</timestamp>
			</report>
			<report>
				<misses>18600001</misses>
				<total>0</total>
				<timestamp>152.096916</timestamp>
			</report>
			<report>
				<misses>18700001</misses>
				<total>0</total>
				<timestamp>152.920799</timestamp>
			</report>
			<report>
				<misses>18800001</misses>
				<total>0</total>
				<timestamp>153.724981</timestamp>
			</report>
			<report>
				<misses>18900001</misses>
				<total>0</total>
				<timestamp>154.537551</timestamp>
			</report>
			<report>
				<misses>19000001</misses>
				<total>0</total>
				<timestamp>155.360602</timestamp>
			</report>
			<report>
				<misses>19100001</misses>
				<total>0</total>
				<timestamp>156.186974</timestamp>
			</report>
			<report>
				<misses>19200001</misses>
				<total>0</total>
				<timestamp>157.014144</timestamp>
			</report>
			<report>
				<misses>19300001</misses>
				<total>0</total>
				<timestamp>157.842200</timestamp>
			</report>
			<report>
				<misses>19400001</misses>
				<total>0</total>
				<timestamp>158.630002</timestamp>
			</report>
			<report>
				<misses>19500001</misses>
				<total>0</total>
				<timestamp>159.436136</timestamp>
			</report>
			<report>
				<misses>19600001</misses>
				<total>0</total>
				<timestamp>160.248323</timestamp>
			</report>
			<report>
				<misses>19700001</misses>
				<total>0</total>
				<timestamp>161.072761</timestamp>
			</report>
			<report>
				<misses>19800001</misses>
				<total>0</total>
				<timestamp>161.886414</timestamp>
			</report>
			<report>
				<misses>19900001</misses>
				<total>0</total>
				<timestamp>162.686857</timestamp>
			</report>
			<report>
				<misses>20000001</misses>
				<total>0</total>
				<timestamp>163.491687</timestamp>
			</report>
			<report>
				<misses>20100001</misses>
				<total>0</total>
				<timestamp>164.304403</timestamp>
			</report>
			<report>
				<misses>20200001</misses>
				<total>0</total>
				<timestamp>165.124218</timestamp>
			</report>
			<report>
				<misses>20300001</misses>
				<total>0</total>
				<timestamp>165.917184</timestamp>
			</report>
			<report>
				<misses>20400001</misses>
				<total>0</total>
				<timestamp>166.674570</timestamp>
			</report>
			<report>
				<misses>20500001</misses>
				<total>0</total>
				<timestamp>167.452929</timestamp>
			</report>
			<report>
				<misses>20600001</misses>
				<total>0</total>
				<timestamp>168.256597</timestamp>
			</report>
			<report>
				<misses>20700001</misses>
				<total>0</total>
				<timestamp>169.074107</timestamp>
			</report>
			<report>
				<misses>20800001</misses>
				<total>0</total>
				<timestamp>169.874931</timestamp>
			</report>
			<report>
				<misses>20900001</misses>
				<total>0</total>
				<timestamp>170.692651</timestamp>
			</report>
			<report>
				<misses>21000001</misses>
				<total>0</total>
				<timestamp>171.498653</timestamp>
			</report>
			<report>
				<misses>21100001</misses>
				<total>0</total>
				<timestamp>172.298081</timestamp>
			</report>
			<report>
				<misses>21200001</misses>
				<total>0</total>
				<timestamp>173.081894</timestamp>
			</report>
			<report>
				<misses>21300001</misses>
				<total>0</total>
				<timestamp>173.895016</timestamp>
			</report>
			<report>
				<misses>21400001</misses>
				<total>0</total>
				<timestamp>174.696085</timestamp>
			</report>
			<report>
				<misses>21500001</misses>
				<total>0</total>
				<timestamp>175.501054</timestamp>
			</report>
			<report>
				<misses>21600001</misses>
				<total>0</total>
				<timestamp>176.288328</timestamp>
			</report>
			<report>
				<misses>21700001</misses>
				<total>0</total>
				<timestamp>177.091747</timestamp>
			</report>
			<report>
				<misses>21800001</misses>
				<total>0</total>
				<timestamp>177.906588</timestamp>
			</report>
			<report>
				<misses>21900001</misses>
				<total>0</total>
				<timestamp>178.734497</timestamp>
			</report>
			<report>
				<misses>22000001</misses>
				<total>0</total>
				<timestamp>179.556633</timestamp>
			</report>
			<report>
				<misses>22100001</misses>
				<total>0</total>
				<timestamp>180.396838</timestamp>
			</report>
			<report>
				<misses>22200001</misses>
				<total>0</total>
				<timestamp>181.222171</timestamp>
			</report>
			<report>
				<misses>22300001</misses>
				<total>0</total>
				<timestamp>182.051266</timestamp>
			</report>
			<report>
				<misses>22400001</misses>
				<total>0</total>
				<timestamp>182.874544</timestamp>
			</report>
			<report>
				<misses>22500001</misses>
				<total>0</total>
				<timestamp>183.644322</timestamp>
			</report>
			<report>
				<misses>22600001</misses>
				<total>0</total>
				<timestamp>184.398552</timestamp>
			</report>
			<report>
				<misses>22700001</misses>
				<total>0</total>
				<timestamp>185.163739</timestamp>
			</report>
			<report>
				<misses>22800001</misses>
				<total>0</total>
				<timestamp>185.945442</timestamp>
			</report>
			<report>
				<misses>22900001</misses>
				<total>0</total>
				<timestamp>186.735726</timestamp>
			</report>
			<report>
				<misses>23000001</misses>
				<total>0</total>
				<timestamp>187.557849</timestamp>
			</report>
			<report>
				<misses>23100001</misses>
				<total>0</total>
				<timestamp>188.376744</timestamp>
			</report>
			<report>
				<misses>23200001</misses>
				<total>0</total>
				<timestamp>189.194214</timestamp>
			</report>
			<report>
				<misses>23300001</misses>
				<total>0</total>
				<timestamp>190.025239</timestamp>
			</report>
			<report>
				<misses>23400001</misses>
				<total>0</total>
				<timestamp>190.840867</timestamp>
			</report>
			<report>
				<misses>23500001</misses>
				<total>0</total>
				<timestamp>191.657617</timestamp>
			</report>
			<report>
				<misses>23600001</misses>
				<total>0</total>
				<timestamp>192.481041</timestamp>
			</report>
			<report>
				<misses>23700001</misses>
				<total>0</total>
				<timestamp>193.289714</timestamp>
			</report>
			<report>
				<misses>23800001</misses>
				<total>0</total>
				<timestamp>194.109417</timestamp>
			</report>
			<report>
				<misses>23900001</misses>
				<total>0</total>
				<timestamp>194.933140</timestamp>
			</report>
			<report>
				<misses>24000001</misses>
				<total>0</total>
				<timestamp>195.730103</timestamp>
			</report>
			<report>
				<misses>24100001</misses>
				<total>0</total>
				<timestamp>196.542630</timestamp>
			</report>
			<report>
				<misses>24200001</misses>
				<total>0</total>
				<timestamp>197.354751</timestamp>
			</report>
			<report>
				<misses>24300001</misses>
				<total>0</total>
				<timestamp>198.178698</timestamp>
			</report>
			<report>
				<misses>24400001</misses>
				<total>0</total>
				<timestamp>198.972439</timestamp>
			</report>
			<report>
				<misses>24500001</misses>
				<total>0</total>
				<timestamp>199.788220</timestamp>
			</report>
			<report>
				<misses>24600001</misses>
				<total>0</total>
				<timestamp>200.597847</timestamp>
			</report>
			<report>
				<misses>24700001</misses>
				<total>0</total>
				<timestamp>201.402537</timestamp>
			</report>
			<report>
				<misses>24800001</misses>
				<total>0</total>
				<timestamp>202.208375</timestamp>
			</report>
			<report>
				<misses>24900001</misses>
				<total>0</total>
				<timestamp>203.035284</timestamp>
			</report>
			<report>
				<misses>25000001</misses>
				<total>0</total>
				<timestamp>203.857892</timestamp>
			</report>
			<report>
				<misses>25100001</misses>
				<total>0</total>
				<timestamp>204.680032</timestamp>
			</report>
			<report>
				<misses>25200001</misses>
				<total>0</total>
				<timestamp>205.504376</timestamp>
			</report>
			<report>
				<misses>25300001</misses>
				<total>0</total>
				<timestamp>206.332532</timestamp>
			</report>
			<report>
				<misses>25400001</misses>
				<total>0</total>
				<timestamp>207.160468</timestamp>
			</report>
			<report>
				<misses>25500001</misses>
				<total>0</total>
				<timestamp>207.965169</timestamp>
			</report>
			<report>
				<misses>25600001</misses>
				<total>0</total>
				<timestamp>208.789875</timestamp>
			</report>
			<report>
				<misses>25700001</misses>
				<total>0</total>
				<timestamp>209.606712</timestamp>
			</report>
			<report>
				<misses>25800001</misses>
				<total>0</total>
				<timestamp>210.426421</timestamp>
			</report>
			<report>
				<misses>25900001</misses>
				<total>0</total>
				<timestamp>211.244088</timestamp>
			</report>
			<report>
				<misses>26000001</misses>
				<total>0</total>
				<timestamp>212.055849</timestamp>
			</report>
			<report>
				<misses>26100001</misses>
				<total>0</total>
				<timestamp>212.830233</timestamp>
			</report>
			<report>
				<misses>26200001</misses>
				<total>0</total>
				<timestamp>213.607465</timestamp>
			</report>
			<report>
				<misses>26300001</misses>
				<total>0</total>
				<timestamp>214.420314</timestamp>
			</report>
			<report>
				<misses>26400001</misses>
				<total>0</total>
				<timestamp>215.212238</timestamp>
			</report>
			<report>
				<misses>26500001</misses>
				<total>0</total>
				<timestamp>216.025590</timestamp>
			</report>
			<report>
				<misses>26600001</misses>
				<total>0</total>
				<timestamp>216.855976</timestamp>
			</report>
			<report>
				<misses>26700001</misses>
				<total>0</total>
				<timestamp>217.672041</timestamp>
			</report>
			<report>
				<misses>26800001</misses>
				<total>0</total>
				<timestamp>218.466536</timestamp>
			</report>
			<report>
				<misses>26900001</misses>
				<total>0</total>
				<timestamp>219.296795</timestamp>
			</report>
			<report>
				<misses>27000001</misses>
				<total>0</total>
				<timestamp>220.104738</timestamp>
			</report>
			<report>
				<misses>27100001</misses>
				<total>0</total>
				<timestamp>220.920624</timestamp>
			</report>
			<report>
				<misses>27200001</misses>
				<total>0</total>
				<timestamp>221.741998</timestamp>
			</report>
			<report>
				<misses>27300001</misses>
				<total>0</total>
				<timestamp>222.573802</timestamp>
			</report>
			<report>
				<misses>27400001</misses>
				<total>0</total>
				<timestamp>223.389595</timestamp>
			</report>
			<report>
				<misses>27500001</misses>
				<total>0</total>
				<timestamp>224.216382</timestamp>
			</report>
			<report>
				<misses>27600001</misses>
				<total>0</total>
				<timestamp>225.041995</timestamp>
			</report>
			<report>
				<misses>27700001</misses>
				<total>0</total>
				<timestamp>225.867336</timestamp>
			</report>
			<report>
				<misses>27800001</misses>
				<total>0</total>
				<timestamp>226.700946</timestamp>
			</report>
			<report>
				<misses>27900001</misses>
				<total>0</total>
				<timestamp>227.504992</timestamp>
			</report>
			<report>
				<misses>28000001</misses>
				<total>0</total>
				<timestamp>228.325037</timestamp>
			</report>
			<report>
				<misses>28100001</misses>
				<total>0</total>
				<timestamp>229.132471</timestamp>
			</report>
			<report>
				<misses>28200001</misses>
				<total>0</total>
				<timestamp>229.955884</timestamp>
			</report>
			<report>
				<misses>28300001</misses>
				<total>0</total>
				<timestamp>230.770778</timestamp>
			</report>
			<report>
				<misses>28400001</misses>
				<total>0</total>
				<timestamp>231.597957</timestamp>
			</report>
			<report>
				<misses>28500001</misses>
				<total>0</total>
				<timestamp>232.431972</timestamp>
			</report>
			<report>
				<misses>28600001</misses>
				<total>0</total>
				<timestamp>233.249051</timestamp>
			</report>
			<report>
				<misses>28700001</misses>
				<total>0</total>
				<timestamp>234.074682</timestamp>
			</report>
			<report>
				<misses>28800001</misses>
				<total>0</total>
				<timestamp>234.891478</timestamp>
			</report>
			<report>
				<misses>28900001</misses>
				<total>0</total>
				<timestamp>235.716585</timestamp>
			</report>
			<report>
				<misses>29000001</misses>
				<total>0</total>
				<timestamp>236.533707</timestamp>
			</report>
			<report>
				<misses>29100001</misses>
				<total>0</total>
				<timestamp>237.356304</timestamp>
			</report>
			<report>
				<misses>29200001</misses>
				<total>0</total>
				<timestamp>238.167481</timestamp>
			</report>
			<report>
				<misses>29300001</misses>
				<total>0</total>
				<timestamp>238.959023</timestamp>
			</report>
			<report>
				<misses>29400001</misses>
				<total>0</total>
				<timestamp>239.760794</timestamp>
			</report>
			<report>
				<misses>29500001</misses>
				<total>0</total>
				<timestamp>240.537072</timestamp>
			</report>
			<report>
				<misses>29600001</misses>
				<total>0</total>
				<timestamp>241.317537</timestamp>
			</report>
			<report>
				<misses>29700001</misses>
				<total>0</total>
				<timestamp>242.122231</timestamp>
			</report>
			<report>
				<misses>29800001</misses>
				<total>0</total>
				<timestamp>242.943028</timestamp>
			</report>
			<report>
				<misses>29900001</misses>
				<total>0</total>
				<timestamp>243.754742</timestamp>
			</report>
			<report>
				<misses>30000001</misses>
				<total>0</total>
				<timestamp>244.567225</timestamp>
			</report>
			<report>
				<misses>30100001</misses>
				<total>0</total>
				<timestamp>245.375891</timestamp>
			</report>
			<report>
				<misses>30200001</misses>
				<total>0</total>
				<timestamp>246.195207</timestamp>
			</report>
			<report>
				<misses>30300001</misses>
				<total>0</total>
				<timestamp>247.002755</timestamp>
			</report>
			<report>
				<misses>30400001</misses>
				<total>0</total>
				<timestamp>247.818680</timestamp>
			</report>
			<report>
				<misses>30500001</misses>
				<total>0</total>
				<timestamp>248.643893</timestamp>
			</report>
			<report>
				<misses>30600001</misses>
				<total>0</total>
				<timestamp>249.448356</timestamp>
			</report>
			<report>
				<misses>30700001</misses>
				<total>0</total>
				<timestamp>250.254984</timestamp>
			</report>
			<report>
				<misses>30800001</misses>
				<total>0</total>
				<timestamp>251.073694</timestamp>
			</report>
			<report>
				<misses>30900001</misses>
				<total>0</total>
				<timestamp>251.897837</timestamp>
			</report>
			<report>
				<misses>31000001</misses>
				<total>0</total>
				<timestamp>252.728832</timestamp>
			</report>
			<report>
				<misses>31100001</misses>
				<total>0</total>
				<timestamp>253.539332</timestamp>
			</report>
			<report>
				<misses>31200001</misses>
				<total>0</total>
				<timestamp>254.339273</timestamp>
			</report>
			<report>
				<misses>31300001</misses>
				<total>0</total>
				<timestamp>255.158304</timestamp>
			</report>
			<report>
				<misses>31400001</misses>
				<total>0</total>
				<timestamp>255.970636</timestamp>
			</report>
			<report>
				<misses>31500001</misses>
				<total>0</total>
				<timestamp>256.768520</timestamp>
			</report>
			<report>
				<misses>31600001</misses>
				<total>0</total>
				<timestamp>257.567283</timestamp>
			</report>
			<report>
				<misses>31700001</misses>
				<total>0</total>
				<timestamp>258.373143</timestamp>
			</report>
			<report>
				<misses>31800001</misses>
				<total>0</total>
				<timestamp>259.175646</timestamp>
			</report>
			<report>
				<misses>31900001</misses>
				<total>0</total>
				<timestamp>259.988233</timestamp>
			</report>
			<report>
				<misses>32000001</misses>
				<total>0</total>
				<timestamp>260.812034</timestamp>
			</report>
			<report>
				<misses>32100001</misses>
				<total>0</total>
				<timestamp>261.645519</timestamp>
			</report>
			<report>
				<misses>32200001</misses>
				<total>0</total>
				<timestamp>262.480267</timestamp>
			</report>
			<report>
				<misses>32300001</misses>
				<total>0</total>
				<timestamp>263.299574</timestamp>
			</report>
			<report>
				<misses>32400001</misses>
				<total>0</total>
				<timestamp>264.121691</timestamp>
			</report>
			<report>
				<misses>32500001</misses>
				<total>0</total>
				<timestamp>264.941246</timestamp>
			</report>
			<report>
				<misses>32600001</misses>
				<total>0</total>
				<timestamp>265.778078</timestamp>
			</report>
			<report>
				<misses>32700001</misses>
				<total>0</total>
				<timestamp>266.584944</timestamp>
			</report>
			<report>
				<misses>32800001</misses>
				<total>0</total>
				<timestamp>267.397028</timestamp>
			</report>
			<report>
				<misses>32900001</misses>
				<total>0</total>
				<timestamp>268.212961</timestamp>
			</report>
			<report>
				<misses>33000001</misses>
				<total>0</total>
				<timestamp>269.038307</timestamp>
			</report>
			<report>
				<misses>33100001</misses>
				<total>0</total>
				<timestamp>269.851646</timestamp>
			</report>
			<report>
				<misses>33200001</misses>
				<total>0</total>
				<timestamp>270.656878</timestamp>
			</report>
			<report>
				<misses>33300001</misses>
				<total>0</total>
				<timestamp>271.453737</timestamp>
			</report>
			<report>
				<misses>33400001</misses>
				<total>0</total>
				<timestamp>272.253145</timestamp>
			</report>
			<report>
				<misses>33500001</misses>
				<total>0</total>
				<timestamp>273.072278</timestamp>
			</report>
			<report>
				<misses>33600001</misses>
				<total>0</total>
				<timestamp>273.903446</timestamp>
			</report>
			<report>
				<misses>33700001</misses>
				<total>0</total>
				<timestamp>274.724555</timestamp>
			</report>
			<report>
				<misses>33800001</misses>
				<total>0</total>
				<timestamp>275.550153</timestamp>
			</report>
			<report>
				<misses>33900001</misses>
				<total>0</total>
				<timestamp>276.379376</timestamp>
			</report>
			<report>
				<misses>34000001</misses>
				<total>0</total>
				<timestamp>277.184468</timestamp>
			</report>
			<report>
				<misses>34100001</misses>
				<total>0</total>
				<timestamp>277.981174</timestamp>
			</report>
			<report>
				<misses>34200001</misses>
				<total>0</total>
				<timestamp>278.775818</timestamp>
			</report>
			<report>
				<misses>34300001</misses>
				<total>0</total>
				<timestamp>279.591752</timestamp>
			</report>
			<report>
				<misses>34400001</misses>
				<total>0</total>
				<timestamp>280.427689</timestamp>
			</report>
			<report>
				<misses>34500001</misses>
				<total>0</total>
				<timestamp>281.254859</timestamp>
			</report>
			<report>
				<misses>34600001</misses>
				<total>0</total>
				<timestamp>282.092156</timestamp>
			</report>
			<report>
				<misses>34700001</misses>
				<total>0</total>
				<timestamp>282.924872</timestamp>
			</report>
			<report>
				<misses>34800001</misses>
				<total>0</total>
				<timestamp>283.750934</timestamp>
			</report>
			<report>
				<misses>34900001</misses>
				<total>0</total>
				<timestamp>284.589136</timestamp>
			</report>
			<report>
				<misses>35000001</misses>
				<total>0</total>
				<timestamp>285.384354</timestamp>
			</report>
			<report>
				<misses>35100001</misses>
				<total>0</total>
				<timestamp>286.174103</timestamp>
			</report>
			<report>
				<misses>35200001</misses>
				<total>0</total>
				<timestamp>286.974039</timestamp>
			</report>
			<report>
				<misses>35300001</misses>
				<total>0</total>
				<timestamp>287.786516</timestamp>
			</report>
			<report>
				<misses>35400001</misses>
				<total>0</total>
				<timestamp>288.600219</timestamp>
			</report>
			<report>
				<misses>35500001</misses>
				<total>0</total>
				<timestamp>289.405965</timestamp>
			</report>
			<report>
				<misses>35600001</misses>
				<total>0</total>
				<timestamp>290.211574</timestamp>
			</report>
			<report>
				<misses>35700001</misses>
				<total>0</total>
				<timestamp>291.034094</timestamp>
			</report>
			<report>
				<misses>35800001</misses>
				<total>0</total>
				<timestamp>291.854413</timestamp>
			</report>
			<report>
				<misses>35900001</misses>
				<total>0</total>
				<timestamp>292.677455</timestamp>
			</report>
			<report>
				<misses>36000001</misses>
				<total>0</total>
				<timestamp>293.492452</timestamp>
			</report>
			<report>
				<misses>36100001</misses>
				<total>0</total>
				<timestamp>294.326663</timestamp>
			</report>
			<report>
				<misses>36200001</misses>
				<total>0</total>
				<timestamp>295.152568</timestamp>
			</report>
			<report>
				<misses>36300001</misses>
				<total>0</total>
				<timestamp>295.965639</timestamp>
			</report>
			<report>
				<misses>36400001</misses>
				<total>0</total>
				<timestamp>296.772465</timestamp>
			</report>
			<report>
				<misses>36500001</misses>
				<total>0</total>
				<timestamp>297.566721</timestamp>
			</report>
			<report>
				<misses>36600001</misses>
				<total>0</total>
				<timestamp>298.380088</timestamp>
			</report>
			<report>
				<misses>36700001</misses>
				<total>0</total>
				<timestamp>299.180785</timestamp>
			</report>
		</query>
	</custom>
	<ethtool_statistic>
		<rx_packets>
			<start>155</start>
			<end>35299126</end>
		</rx_packets>
		<tx_packets>
			<start>306</start>
			<end>36717625</end>
		</tx_packets>
		<rx_dropped>
			<start>0</start>
			<end>0</end>
		</rx_dropped>
		<tx_dropped>
			<start>0</start>
			<end>0</end>
		</tx_dropped>
		<collisions>
			<start>0</start>
			<end>0</end>
		</collisions>
		<port_tx_errors>
			<start>0</start>
			<end>0</end>
		</port_tx_errors>
		<port_rx_dropped>
			<start>0</start>
			<end>0</end>
		</port_rx_dropped>
		<port_tx_dropped_link_down>
			<start>0</start>
			<end>0</end>
		</port_tx_dropped_link_down>
	</ethtool_statistic>
	<ip_statistic>
		<mtu>
			<start>9000</start>
			<end>9000</end>
		</mtu>
		<rx_bytes>
			<start>25888</start>
			<end>4306454718</end>
		</rx_bytes>
		<rx_packets>
			<start>155</start>
			<end>35299126</end>
		</rx_packets>
		<rx_errors>
			<start>0</start>
			<end>0</end>
		</rx_errors>
		<rx_dropped>
			<start>0</start>
			<end>0</end>
		</rx_dropped>
		<rx_missed>
			<start>0</start>
			<end>0</end>
		</rx_missed>
		<rx_mcast>
			<start>4</start>
			<end>4</end>
		</rx_mcast>
		<tx_bytes>
			<start>698031</start>
			<end>4480159173</end>
		</tx_bytes>
		<tx_packets>
			<start>306</start>
			<end>36717625</end>
		</tx_packets>
		<tx_errors>
			<start>0</start>
			<end>0</end>
		</tx_errors>
		<tx_dropped>
			<start>0</start>
			<end>0</end>
		</tx_dropped>
		<tx_carrier>
			<start>0</start>
			<end>0</end>
		</tx_carrier>
		<tx_collisions>
			<start>0</start>
			<end>0</end>
		</tx_collisions>
	</ip_statistic>
	<netstat_statistic>
		<udp_pkg_rec>
			<start>10002</start>
			<end>303891173</end>
		</udp_pkg_rec>
		<udp_pkg_snt>
			<start>10043</start>
			<end>291891733</end>
		</udp_pkg_snt>
		<udp_rec_err>
			<start>0</start>
			<end>0</end>
		</udp_rec_err>
		<udp_rec_buf_err>
			<start>0</start>
			<end>0</end>
		</udp_rec_buf_err>
		<udp_snt_buf_err>
			<start>0</start>
			<end>0</end>
		</udp_snt_buf_err>
	</netstat_statistic>
</test_results>
