<?xml version="1.0"?>
<test_results>
	<status>STATUS_SUCCESS</status>
	<custom>
		<num_loss>6</num_loss>
		<num_total>35997377</num_total>
		<num_misses>0</num_misses>
		<elapsed_time>7199.468403</elapsed_time>
	</custom>
	<ethtool_statistic>
		<rx_packets>
			<start>3982687390</start>
			<end>4317911217</end>
		</rx_packets>
		<tx_packets>
			<start>5339307867</start>
			<end>5828573806</end>
		</tx_packets>
		<rx_dropped>
			<start>63</start>
			<end>63</end>
		</rx_dropped>
		<tx_dropped>
			<start>0</start>
			<end>0</end>
		</tx_dropped>
		<collisions>
			<start>0</start>
			<end>0</end>
		</collisions>
		<port_tx_errors>
			<start>0</start>
			<end>0</end>
		</port_tx_errors>
		<port_rx_dropped>
			<start>0</start>
			<end>0</end>
		</port_rx_dropped>
		<port_tx_dropped_link_down>
			<start>0</start>
			<end>0</end>
		</port_tx_dropped_link_down>
	</ethtool_statistic>
	<ip_statistic>
		<mtu>
			<start>9000</start>
			<end>9000</end>
		</mtu>
		<rx_bytes>
			<start>35796209713556</start>
			<end>38809845435397</end>
		</rx_bytes>
		<rx_packets>
			<start>3982687477</start>
			<end>4317911272</end>
		</rx_packets>
		<rx_errors>
			<start>0</start>
			<end>0</end>
		</rx_errors>
		<rx_dropped>
			<start>63</start>
			<end>63</end>
		</rx_dropped>
		<rx_missed>
			<start>0</start>
			<end>0</end>
		</rx_missed>
		<rx_mcast>
			<start>2669</start>
			<end>2781</end>
		</rx_mcast>
		<tx_bytes>
			<start>31150027473841</start>
			<end>35309481256863</end>
		</tx_bytes>
		<tx_packets>
			<start>5339307922</start>
			<end>5828573856</end>
		</tx_packets>
		<tx_errors>
			<start>0</start>
			<end>0</end>
		</tx_errors>
		<tx_dropped>
			<start>0</start>
			<end>0</end>
		</tx_dropped>
		<tx_carrier>
			<start>0</start>
			<end>0</end>
		</tx_carrier>
		<tx_collisions>
			<start>0</start>
			<end>0</end>
		</tx_collisions>
	</ip_statistic>
</test_results>
