<?xml version="1.0"?>
<test_results>
	<status>STATUS_SUCCESS</status>
	<custom>
		<num_loss>4914859</num_loss>
		<num_total>5000001</num_total>
		<num_misses>418</num_misses>
		<elapsed_time>450.033330</elapsed_time>
		<query>
			<report>
				<misses>100000</misses>
				<total>96033</total>
				<timestamp>9.000226</timestamp>
			</report>
			<report>
				<misses>200000</misses>
				<total>196032</total>
				<timestamp>18.001325</timestamp>
			</report>
			<report>
				<misses>300000</misses>
				<total>296031</total>
				<timestamp>27.002227</timestamp>
			</report>
			<report>
				<misses>400000</misses>
				<total>389895</total>
				<timestamp>36.002781</timestamp>
			</report>
			<report>
				<misses>500000</misses>
				<total>489894</total>
				<timestamp>45.003127</timestamp>
			</report>
			<report>
				<misses>600000</misses>
				<total>589893</total>
				<timestamp>54.003030</timestamp>
			</report>
			<report>
				<misses>700000</misses>
				<total>685216</total>
				<timestamp>63.003261</timestamp>
			</report>
			<report>
				<misses>800000</misses>
				<total>785215</total>
				<timestamp>72.003322</timestamp>
			</report>
			<report>
				<misses>900000</misses>
				<total>885214</total>
				<timestamp>81.003534</timestamp>
			</report>
			<report>
				<misses>1000000</misses>
				<total>982571</total>
				<timestamp>90.003664</timestamp>
			</report>
			<report>
				<misses>1100000</misses>
				<total>1082570</total>
				<timestamp>99.003880</timestamp>
			</report>
			<report>
				<misses>1200000</misses>
				<total>1182569</total>
				<timestamp>108.004085</timestamp>
			</report>
			<report>
				<misses>1300000</misses>
				<total>1279071</total>
				<timestamp>117.007664</timestamp>
			</report>
			<report>
				<misses>1400000</misses>
				<total>1379070</total>
				<timestamp>126.007911</timestamp>
			</report>
			<report>
				<misses>1500000</misses>
				<total>1479069</total>
				<timestamp>135.008299</timestamp>
			</report>
			<report>
				<misses>1600000</misses>
				<total>1576459</total>
				<timestamp>144.009433</timestamp>
			</report>
			<report>
				<misses>1700000</misses>
				<total>1676458</total>
				<timestamp>153.009768</timestamp>
			</report>
			<report>
				<misses>1800000</misses>
				<total>1776457</total>
				<timestamp>162.009934</timestamp>
			</report>
			<report>
				<misses>1900000</misses>
				<total>1870380</total>
				<timestamp>171.012717</timestamp>
			</report>
			<report>
				<misses>2000000</misses>
				<total>1970379</total>
				<timestamp>180.016173</timestamp>
			</report>
			<report>
				<misses>2100000</misses>
				<total>2070378</total>
				<timestamp>189.016234</timestamp>
			</report>
			<report>
				<misses>2200000</misses>
				<total>2168221</total>
				<timestamp>198.016367</timestamp>
			</report>
			<report>
				<misses>2300000</misses>
				<total>2268220</total>
				<timestamp>207.017603</timestamp>
			</report>
			<report>
				<misses>2400000</misses>
				<total>2368219</total>
				<timestamp>216.018181</timestamp>
			</report>
			<report>
				<misses>2500000</misses>
				<total>2460458</total>
				<timestamp>225.018361</timestamp>
			</report>
			<report>
				<misses>2600000</misses>
				<total>2560457</total>
				<timestamp>234.018531</timestamp>
			</report>
			<report>
				<misses>2700000</misses>
				<total>2660456</total>
				<timestamp>243.018984</timestamp>
			</report>
			<report>
				<misses>2800000</misses>
				<total>2755287</total>
				<timestamp>252.018964</timestamp>
			</report>
			<report>
				<misses>2900000</misses>
				<total>2855286</total>
				<timestamp>261.021822</timestamp>
			</report>
			<report>
				<misses>3000000</misses>
				<total>2955285</total>
				<timestamp>270.021979</timestamp>
			</report>
			<report>
				<misses>3100000</misses>
				<total>3050505</total>
				<timestamp>279.022075</timestamp>
			</report>
			<report>
				<misses>3200000</misses>
				<total>3150504</total>
				<timestamp>288.022127</timestamp>
			</report>
			<report>
				<misses>3300000</misses>
				<total>3250503</total>
				<timestamp>297.022501</timestamp>
			</report>
			<report>
				<misses>3400000</misses>
				<total>3343699</total>
				<timestamp>306.022935</timestamp>
			</report>
			<report>
				<misses>3500000</misses>
				<total>3443698</total>
				<timestamp>315.023218</timestamp>
			</report>
			<report>
				<misses>3600000</misses>
				<total>3543697</total>
				<timestamp>324.023353</timestamp>
			</report>
			<report>
				<misses>3700000</misses>
				<total>3639443</total>
				<timestamp>333.024519</timestamp>
			</report>
			<report>
				<misses>3800000</misses>
				<total>3739442</total>
				<timestamp>342.024502</timestamp>
			</report>
			<report>
				<misses>3900000</misses>
				<total>3839441</total>
				<timestamp>351.024827</timestamp>
			</report>
			<report>
				<misses>4000000</misses>
				<total>3928810</total>
				<timestamp>360.024931</timestamp>
			</report>
			<report>
				<misses>4100000</misses>
				<total>4028809</total>
				<timestamp>369.026972</timestamp>
			</report>
			<report>
				<misses>4200000</misses>
				<total>4128808</total>
				<timestamp>378.027345</timestamp>
			</report>
			<report>
				<misses>4300000</misses>
				<total>4221200</total>
				<timestamp>387.027651</timestamp>
			</report>
			<report>
				<misses>4400000</misses>
				<total>4321199</total>
				<timestamp>396.028387</timestamp>
			</report>
			<report>
				<misses>4500000</misses>
				<total>4421198</total>
				<timestamp>405.028558</timestamp>
			</report>
			<report>
				<misses>4600000</misses>
				<total>4518452</total>
				<timestamp>414.028631</timestamp>
			</report>
			<report>
				<misses>4700000</misses>
				<total>4618451</total>
				<timestamp>423.031988</timestamp>
			</report>
			<report>
				<misses>4800000</misses>
				<total>4718450</total>
				<timestamp>432.032282</timestamp>
			</report>
			<report>
				<misses>4900000</misses>
				<total>4814860</total>
				<timestamp>441.032212</timestamp>
			</report>
			<report>
				<misses>5000000</misses>
				<total>4914859</total>
				<timestamp>450.033304</timestamp>
			</report>
		</query>
	</custom>
	<ethtool_statistic>
		<rx_packets>
			<start>3687121147</start>
			<end>3708303908</end>
		</rx_packets>
		<tx_packets>
			<start>4667753140</start>
			<end>4720464209</end>
		</tx_packets>
		<rx_dropped>
			<start>0</start>
			<end>0</end>
		</rx_dropped>
		<tx_dropped>
			<start>0</start>
			<end>0</end>
		</tx_dropped>
		<collisions>
			<start>0</start>
			<end>0</end>
		</collisions>
		<port_tx_errors>
			<start>0</start>
			<end>0</end>
		</port_tx_errors>
		<port_rx_dropped>
			<start>0</start>
			<end>0</end>
		</port_rx_dropped>
		<port_tx_dropped_link_down>
			<start>0</start>
			<end>0</end>
		</port_tx_dropped_link_down>
	</ethtool_statistic>
	<ip_statistic>
		<mtu>
			<start>9000</start>
			<end>9000</end>
		</mtu>
		<rx_bytes>
			<start>33145907145626</start>
			<end>33336336587686</end>
		</rx_bytes>
		<rx_packets>
			<start>3687121250</start>
			<end>3708304035</end>
		</rx_packets>
		<rx_errors>
			<start>0</start>
			<end>0</end>
		</rx_errors>
		<rx_dropped>
			<start>0</start>
			<end>0</end>
		</rx_dropped>
		<rx_missed>
			<start>0</start>
			<end>0</end>
		</rx_missed>
		<rx_mcast>
			<start>1035</start>
			<end>1045</end>
		</rx_mcast>
		<tx_bytes>
			<start>29327813353780</start>
			<end>29768484099470</end>
		</tx_bytes>
		<tx_packets>
			<start>4667753168</start>
			<end>4720464260</end>
		</tx_packets>
		<tx_errors>
			<start>0</start>
			<end>0</end>
		</tx_errors>
		<tx_dropped>
			<start>0</start>
			<end>0</end>
		</tx_dropped>
		<tx_carrier>
			<start>0</start>
			<end>0</end>
		</tx_carrier>
		<tx_collisions>
			<start>0</start>
			<end>0</end>
		</tx_collisions>
	</ip_statistic>
	<netstat_statistic>
		<udp_pkg_rec>
			<start>3482893548</start>
			<end>3503022450</end>
		</udp_pkg_rec>
		<udp_pkg_snt>
			<start>3878723973</start>
			<end>3896438791</end>
		</udp_pkg_snt>
		<udp_rec_err>
			<start>204622347</start>
			<end>205678293</end>
		</udp_rec_err>
		<udp_rec_buf_err>
			<start>204622347</start>
			<end>205678293</end>
		</udp_rec_buf_err>
		<udp_snt_buf_err>
			<start>0</start>
			<end>0</end>
		</udp_snt_buf_err>
	</netstat_statistic>
</test_results>
