<?xml version="1.0"?>
<test_results>
	<status>STATUS_FAIL</status>
	<iperf>
		<interval></interval>
		<transfer></transfer>
		<bandwidth></bandwidth>
		<jitter></jitter>
		<num_loss>-1</num_loss>
		<num_total>-1</num_total>
		<startup_message></startup_message>
	</iperf>
	<ethtool_statistic>
		<rx_packets>
			<start>660399153</start>
			<end>827475684</end>
		</rx_packets>
		<tx_packets>
			<start>8806</start>
			<end>9203</end>
		</tx_packets>
		<rx_dropped>
			<start>925784</start>
			<end>972879</end>
		</rx_dropped>
		<tx_dropped>
			<start>0</start>
			<end>0</end>
		</tx_dropped>
		<collisions>
			<start>0</start>
			<end>0</end>
		</collisions>
		<port_tx_errors>
			<start>0</start>
			<end>0</end>
		</port_tx_errors>
		<port_rx_dropped>
			<start>0</start>
			<end>0</end>
		</port_rx_dropped>
		<port_tx_dropped_link_down>
			<start>0</start>
			<end>0</end>
		</port_tx_dropped_link_down>
	</ethtool_statistic>
	<ip_statistic>
		<mtu>
			<start>9000</start>
			<end>9000</end>
		</mtu>
		<rx_bytes>
			<start>80569158692</start>
			<end>100952494024</end>
		</rx_bytes>
		<rx_packets>
			<start>660399153</start>
			<end>827475684</end>
		</rx_packets>
		<rx_errors>
			<start>0</start>
			<end>0</end>
		</rx_errors>
		<rx_dropped>
			<start>925784</start>
			<end>972879</end>
		</rx_dropped>
		<rx_missed>
			<start>0</start>
			<end>0</end>
		</rx_missed>
		<rx_mcast>
			<start>7786</start>
			<end>7788</end>
		</rx_mcast>
		<tx_bytes>
			<start>1151184</start>
			<end>1208010</end>
		</tx_bytes>
		<tx_packets>
			<start>8806</start>
			<end>9203</end>
		</tx_packets>
		<tx_errors>
			<start>0</start>
			<end>0</end>
		</tx_errors>
		<tx_dropped>
			<start>0</start>
			<end>0</end>
		</tx_dropped>
		<tx_carrier>
			<start>0</start>
			<end>0</end>
		</tx_carrier>
		<tx_collisions>
			<start>0</start>
			<end>0</end>
		</tx_collisions>
	</ip_statistic>
</test_results>
