<?xml version="1.0"?>
<test_results>
	<status>STATUS_SUCCESS</status>
	<custom>
		<num_loss>4428747</num_loss>
		<num_total>5000001</num_total>
		<num_misses>5350</num_misses>
		<elapsed_time>500.035247</elapsed_time>
		<query>
			<report>
				<misses>1001</misses>
				<total>1</total>
				<timestamp>0.100138</timestamp>
			</report>
			<report>
				<misses>2001</misses>
				<total>2</total>
				<timestamp>0.200175</timestamp>
			</report>
			<report>
				<misses>3001</misses>
				<total>2</total>
				<timestamp>0.300140</timestamp>
			</report>
			<report>
				<misses>4001</misses>
				<total>2</total>
				<timestamp>0.400118</timestamp>
			</report>
			<report>
				<misses>5001</misses>
				<total>5</total>
				<timestamp>0.500122</timestamp>
			</report>
			<report>
				<misses>6001</misses>
				<total>5</total>
				<timestamp>0.600285</timestamp>
			</report>
			<report>
				<misses>7001</misses>
				<total>7</total>
				<timestamp>0.700381</timestamp>
			</report>
			<report>
				<misses>8001</misses>
				<total>6</total>
				<timestamp>0.800398</timestamp>
			</report>
			<report>
				<misses>9001</misses>
				<total>5</total>
				<timestamp>0.900465</timestamp>
			</report>
			<report>
				<misses>10001</misses>
				<total>9</total>
				<timestamp>1.000859</timestamp>
			</report>
			<report>
				<misses>11001</misses>
				<total>9</total>
				<timestamp>1.101309</timestamp>
			</report>
			<report>
				<misses>12001</misses>
				<total>9</total>
				<timestamp>1.201351</timestamp>
			</report>
			<report>
				<misses>13001</misses>
				<total>10</total>
				<timestamp>1.302378</timestamp>
			</report>
			<report>
				<misses>14001</misses>
				<total>10</total>
				<timestamp>1.403052</timestamp>
			</report>
			<report>
				<misses>15001</misses>
				<total>11</total>
				<timestamp>1.503120</timestamp>
			</report>
			<report>
				<misses>16001</misses>
				<total>10</total>
				<timestamp>1.603149</timestamp>
			</report>
			<report>
				<misses>17001</misses>
				<total>10</total>
				<timestamp>1.703172</timestamp>
			</report>
			<report>
				<misses>18001</misses>
				<total>10</total>
				<timestamp>1.803244</timestamp>
			</report>
			<report>
				<misses>19001</misses>
				<total>9</total>
				<timestamp>1.903337</timestamp>
			</report>
			<report>
				<misses>20001</misses>
				<total>9</total>
				<timestamp>2.003552</timestamp>
			</report>
			<report>
				<misses>21001</misses>
				<total>10</total>
				<timestamp>2.103469</timestamp>
			</report>
			<report>
				<misses>22001</misses>
				<total>10</total>
				<timestamp>2.203377</timestamp>
			</report>
			<report>
				<misses>23001</misses>
				<total>9</total>
				<timestamp>2.303355</timestamp>
			</report>
			<report>
				<misses>24001</misses>
				<total>9</total>
				<timestamp>2.403397</timestamp>
			</report>
			<report>
				<misses>25001</misses>
				<total>9</total>
				<timestamp>2.503430</timestamp>
			</report>
			<report>
				<misses>26001</misses>
				<total>10</total>
				<timestamp>2.603402</timestamp>
			</report>
			<report>
				<misses>27001</misses>
				<total>12</total>
				<timestamp>2.703367</timestamp>
			</report>
			<report>
				<misses>28001</misses>
				<total>11</total>
				<timestamp>2.803385</timestamp>
			</report>
			<report>
				<misses>29001</misses>
				<total>12</total>
				<timestamp>2.903343</timestamp>
			</report>
			<report>
				<misses>30001</misses>
				<total>11</total>
				<timestamp>3.003302</timestamp>
			</report>
			<report>
				<misses>31001</misses>
				<total>13</total>
				<timestamp>3.103268</timestamp>
			</report>
			<report>
				<misses>32001</misses>
				<total>12</total>
				<timestamp>3.203241</timestamp>
			</report>
			<report>
				<misses>33001</misses>
				<total>32</total>
				<timestamp>3.303423</timestamp>
			</report>
			<report>
				<misses>34001</misses>
				<total>33</total>
				<timestamp>3.404250</timestamp>
			</report>
			<report>
				<misses>35001</misses>
				<total>32</total>
				<timestamp>3.504291</timestamp>
			</report>
			<report>
				<misses>36001</misses>
				<total>33</total>
				<timestamp>3.605415</timestamp>
			</report>
			<report>
				<misses>37001</misses>
				<total>33</total>
				<timestamp>3.705417</timestamp>
			</report>
			<report>
				<misses>38001</misses>
				<total>35</total>
				<timestamp>3.805467</timestamp>
			</report>
			<report>
				<misses>39001</misses>
				<total>35</total>
				<timestamp>3.905368</timestamp>
			</report>
			<report>
				<misses>40001</misses>
				<total>35</total>
				<timestamp>4.005275</timestamp>
			</report>
			<report>
				<misses>41001</misses>
				<total>34</total>
				<timestamp>4.105290</timestamp>
			</report>
			<report>
				<misses>42001</misses>
				<total>36</total>
				<timestamp>4.205368</timestamp>
			</report>
			<report>
				<misses>43001</misses>
				<total>35</total>
				<timestamp>4.306095</timestamp>
			</report>
			<report>
				<misses>44001</misses>
				<total>35</total>
				<timestamp>4.406836</timestamp>
			</report>
			<report>
				<misses>45001</misses>
				<total>119</total>
				<timestamp>4.507086</timestamp>
			</report>
			<report>
				<misses>46001</misses>
				<total>1118</total>
				<timestamp>4.607032</timestamp>
			</report>
			<report>
				<misses>47001</misses>
				<total>2117</total>
				<timestamp>4.707163</timestamp>
			</report>
			<report>
				<misses>48001</misses>
				<total>3116</total>
				<timestamp>4.807292</timestamp>
			</report>
			<report>
				<misses>49001</misses>
				<total>4115</total>
				<timestamp>4.907190</timestamp>
			</report>
			<report>
				<misses>50001</misses>
				<total>5114</total>
				<timestamp>5.007216</timestamp>
			</report>
			<report>
				<misses>51001</misses>
				<total>6113</total>
				<timestamp>5.107414</timestamp>
			</report>
			<report>
				<misses>52001</misses>
				<total>7112</total>
				<timestamp>5.207370</timestamp>
			</report>
			<report>
				<misses>53001</misses>
				<total>8111</total>
				<timestamp>5.307289</timestamp>
			</report>
			<report>
				<misses>54001</misses>
				<total>9110</total>
				<timestamp>5.407992</timestamp>
			</report>
			<report>
				<misses>55001</misses>
				<total>10109</total>
				<timestamp>5.507874</timestamp>
			</report>
			<report>
				<misses>56001</misses>
				<total>11108</total>
				<timestamp>5.607774</timestamp>
			</report>
			<report>
				<misses>57001</misses>
				<total>12107</total>
				<timestamp>5.707672</timestamp>
			</report>
			<report>
				<misses>58001</misses>
				<total>13106</total>
				<timestamp>5.807559</timestamp>
			</report>
			<report>
				<misses>59001</misses>
				<total>14105</total>
				<timestamp>5.907455</timestamp>
			</report>
			<report>
				<misses>60001</misses>
				<total>15104</total>
				<timestamp>6.007475</timestamp>
			</report>
			<report>
				<misses>61001</misses>
				<total>16103</total>
				<timestamp>6.107384</timestamp>
			</report>
			<report>
				<misses>62001</misses>
				<total>17102</total>
				<timestamp>6.207259</timestamp>
			</report>
			<report>
				<misses>63001</misses>
				<total>18101</total>
				<timestamp>6.307179</timestamp>
			</report>
			<report>
				<misses>64001</misses>
				<total>19100</total>
				<timestamp>6.407129</timestamp>
			</report>
			<report>
				<misses>65001</misses>
				<total>20099</total>
				<timestamp>6.507174</timestamp>
			</report>
			<report>
				<misses>66001</misses>
				<total>21098</total>
				<timestamp>6.607153</timestamp>
			</report>
			<report>
				<misses>67001</misses>
				<total>22097</total>
				<timestamp>6.707117</timestamp>
			</report>
			<report>
				<misses>68001</misses>
				<total>23096</total>
				<timestamp>6.807178</timestamp>
			</report>
			<report>
				<misses>69001</misses>
				<total>24095</total>
				<timestamp>6.907187</timestamp>
			</report>
			<report>
				<misses>70001</misses>
				<total>25094</total>
				<timestamp>7.007155</timestamp>
			</report>
			<report>
				<misses>71001</misses>
				<total>26093</total>
				<timestamp>7.107206</timestamp>
			</report>
			<report>
				<misses>72001</misses>
				<total>27092</total>
				<timestamp>7.207268</timestamp>
			</report>
			<report>
				<misses>73001</misses>
				<total>28091</total>
				<timestamp>7.307179</timestamp>
			</report>
			<report>
				<misses>74001</misses>
				<total>29090</total>
				<timestamp>7.407109</timestamp>
			</report>
			<report>
				<misses>75001</misses>
				<total>30089</total>
				<timestamp>7.507146</timestamp>
			</report>
			<report>
				<misses>76001</misses>
				<total>31088</total>
				<timestamp>7.607138</timestamp>
			</report>
			<report>
				<misses>77001</misses>
				<total>32087</total>
				<timestamp>7.707117</timestamp>
			</report>
			<report>
				<misses>78001</misses>
				<total>33086</total>
				<timestamp>7.807173</timestamp>
			</report>
			<report>
				<misses>79001</misses>
				<total>34085</total>
				<timestamp>7.907162</timestamp>
			</report>
			<report>
				<misses>80001</misses>
				<total>35084</total>
				<timestamp>8.007165</timestamp>
			</report>
			<report>
				<misses>81001</misses>
				<total>36083</total>
				<timestamp>8.107118</timestamp>
			</report>
			<report>
				<misses>82001</misses>
				<total>37082</total>
				<timestamp>8.207148</timestamp>
			</report>
			<report>
				<misses>83001</misses>
				<total>38081</total>
				<timestamp>8.307129</timestamp>
			</report>
			<report>
				<misses>84001</misses>
				<total>39080</total>
				<timestamp>8.407183</timestamp>
			</report>
			<report>
				<misses>85001</misses>
				<total>40079</total>
				<timestamp>8.507140</timestamp>
			</report>
			<report>
				<misses>86001</misses>
				<total>41078</total>
				<timestamp>8.607147</timestamp>
			</report>
			<report>
				<misses>87001</misses>
				<total>42077</total>
				<timestamp>8.707139</timestamp>
			</report>
			<report>
				<misses>88001</misses>
				<total>43076</total>
				<timestamp>8.807154</timestamp>
			</report>
			<report>
				<misses>89001</misses>
				<total>44075</total>
				<timestamp>8.907113</timestamp>
			</report>
			<report>
				<misses>90001</misses>
				<total>45074</total>
				<timestamp>9.007188</timestamp>
			</report>
			<report>
				<misses>91001</misses>
				<total>46073</total>
				<timestamp>9.107121</timestamp>
			</report>
			<report>
				<misses>92001</misses>
				<total>47072</total>
				<timestamp>9.207144</timestamp>
			</report>
			<report>
				<misses>93001</misses>
				<total>48071</total>
				<timestamp>9.307248</timestamp>
			</report>
			<report>
				<misses>94001</misses>
				<total>49070</total>
				<timestamp>9.407200</timestamp>
			</report>
			<report>
				<misses>95001</misses>
				<total>50069</total>
				<timestamp>9.507236</timestamp>
			</report>
			<report>
				<misses>96001</misses>
				<total>51068</total>
				<timestamp>9.607233</timestamp>
			</report>
			<report>
				<misses>97001</misses>
				<total>52067</total>
				<timestamp>9.707197</timestamp>
			</report>
			<report>
				<misses>98001</misses>
				<total>53066</total>
				<timestamp>9.807271</timestamp>
			</report>
			<report>
				<misses>99001</misses>
				<total>54065</total>
				<timestamp>9.907239</timestamp>
			</report>
			<report>
				<misses>100001</misses>
				<total>55064</total>
				<timestamp>10.007181</timestamp>
			</report>
			<report>
				<misses>101001</misses>
				<total>56063</total>
				<timestamp>10.107108</timestamp>
			</report>
			<report>
				<misses>102001</misses>
				<total>57062</total>
				<timestamp>10.207110</timestamp>
			</report>
			<report>
				<misses>103001</misses>
				<total>58061</total>
				<timestamp>10.307154</timestamp>
			</report>
			<report>
				<misses>104001</misses>
				<total>59060</total>
				<timestamp>10.407194</timestamp>
			</report>
			<report>
				<misses>105001</misses>
				<total>60059</total>
				<timestamp>10.507232</timestamp>
			</report>
			<report>
				<misses>106001</misses>
				<total>61058</total>
				<timestamp>10.607275</timestamp>
			</report>
			<report>
				<misses>107001</misses>
				<total>62057</total>
				<timestamp>10.707175</timestamp>
			</report>
			<report>
				<misses>108001</misses>
				<total>63056</total>
				<timestamp>10.807139</timestamp>
			</report>
			<report>
				<misses>109001</misses>
				<total>64055</total>
				<timestamp>10.907116</timestamp>
			</report>
			<report>
				<misses>110001</misses>
				<total>65054</total>
				<timestamp>11.007190</timestamp>
			</report>
			<report>
				<misses>111001</misses>
				<total>66053</total>
				<timestamp>11.107176</timestamp>
			</report>
			<report>
				<misses>112001</misses>
				<total>67052</total>
				<timestamp>11.207100</timestamp>
			</report>
			<report>
				<misses>113001</misses>
				<total>68051</total>
				<timestamp>11.307128</timestamp>
			</report>
			<report>
				<misses>114001</misses>
				<total>69050</total>
				<timestamp>11.407159</timestamp>
			</report>
			<report>
				<misses>115001</misses>
				<total>70049</total>
				<timestamp>11.507154</timestamp>
			</report>
			<report>
				<misses>116001</misses>
				<total>71048</total>
				<timestamp>11.607108</timestamp>
			</report>
			<report>
				<misses>117001</misses>
				<total>72047</total>
				<timestamp>11.707364</timestamp>
			</report>
			<report>
				<misses>118001</misses>
				<total>73046</total>
				<timestamp>11.807292</timestamp>
			</report>
			<report>
				<misses>119001</misses>
				<total>74045</total>
				<timestamp>11.907215</timestamp>
			</report>
			<report>
				<misses>120001</misses>
				<total>75044</total>
				<timestamp>12.007248</timestamp>
			</report>
			<report>
				<misses>121001</misses>
				<total>76043</total>
				<timestamp>12.107193</timestamp>
			</report>
			<report>
				<misses>122001</misses>
				<total>77042</total>
				<timestamp>12.207179</timestamp>
			</report>
			<report>
				<misses>123001</misses>
				<total>78041</total>
				<timestamp>12.307098</timestamp>
			</report>
			<report>
				<misses>124001</misses>
				<total>79040</total>
				<timestamp>12.407083</timestamp>
			</report>
			<report>
				<misses>125001</misses>
				<total>80039</total>
				<timestamp>12.507008</timestamp>
			</report>
			<report>
				<misses>126001</misses>
				<total>81038</total>
				<timestamp>12.607101</timestamp>
			</report>
			<report>
				<misses>127001</misses>
				<total>82037</total>
				<timestamp>12.707102</timestamp>
			</report>
			<report>
				<misses>128001</misses>
				<total>83036</total>
				<timestamp>12.807133</timestamp>
			</report>
			<report>
				<misses>129001</misses>
				<total>84035</total>
				<timestamp>12.907168</timestamp>
			</report>
			<report>
				<misses>130001</misses>
				<total>85034</total>
				<timestamp>13.007193</timestamp>
			</report>
			<report>
				<misses>131001</misses>
				<total>86033</total>
				<timestamp>13.107225</timestamp>
			</report>
			<report>
				<misses>132001</misses>
				<total>87032</total>
				<timestamp>13.207323</timestamp>
			</report>
			<report>
				<misses>133001</misses>
				<total>88031</total>
				<timestamp>13.307402</timestamp>
			</report>
			<report>
				<misses>134001</misses>
				<total>89030</total>
				<timestamp>13.407376</timestamp>
			</report>
			<report>
				<misses>135001</misses>
				<total>90029</total>
				<timestamp>13.507407</timestamp>
			</report>
			<report>
				<misses>136001</misses>
				<total>91028</total>
				<timestamp>13.607378</timestamp>
			</report>
			<report>
				<misses>137001</misses>
				<total>92027</total>
				<timestamp>13.707341</timestamp>
			</report>
			<report>
				<misses>138001</misses>
				<total>93026</total>
				<timestamp>13.807291</timestamp>
			</report>
			<report>
				<misses>139001</misses>
				<total>94025</total>
				<timestamp>13.907304</timestamp>
			</report>
			<report>
				<misses>140001</misses>
				<total>95024</total>
				<timestamp>14.007344</timestamp>
			</report>
			<report>
				<misses>141001</misses>
				<total>96023</total>
				<timestamp>14.107369</timestamp>
			</report>
			<report>
				<misses>142001</misses>
				<total>97022</total>
				<timestamp>14.207394</timestamp>
			</report>
			<report>
				<misses>143001</misses>
				<total>98021</total>
				<timestamp>14.307373</timestamp>
			</report>
			<report>
				<misses>144001</misses>
				<total>99020</total>
				<timestamp>14.407272</timestamp>
			</report>
			<report>
				<misses>145001</misses>
				<total>100019</total>
				<timestamp>14.507177</timestamp>
			</report>
			<report>
				<misses>146001</misses>
				<total>101018</total>
				<timestamp>14.607135</timestamp>
			</report>
			<report>
				<misses>147001</misses>
				<total>102017</total>
				<timestamp>14.707152</timestamp>
			</report>
			<report>
				<misses>148001</misses>
				<total>103016</total>
				<timestamp>14.807101</timestamp>
			</report>
			<report>
				<misses>149001</misses>
				<total>104015</total>
				<timestamp>14.907139</timestamp>
			</report>
			<report>
				<misses>150001</misses>
				<total>105014</total>
				<timestamp>15.007092</timestamp>
			</report>
			<report>
				<misses>151001</misses>
				<total>106013</total>
				<timestamp>15.107085</timestamp>
			</report>
			<report>
				<misses>152001</misses>
				<total>107012</total>
				<timestamp>15.207057</timestamp>
			</report>
			<report>
				<misses>153001</misses>
				<total>108011</total>
				<timestamp>15.307138</timestamp>
			</report>
			<report>
				<misses>154001</misses>
				<total>109010</total>
				<timestamp>15.407258</timestamp>
			</report>
			<report>
				<misses>155001</misses>
				<total>110009</total>
				<timestamp>15.507267</timestamp>
			</report>
			<report>
				<misses>156001</misses>
				<total>111008</total>
				<timestamp>15.607227</timestamp>
			</report>
			<report>
				<misses>157001</misses>
				<total>112007</total>
				<timestamp>15.707270</timestamp>
			</report>
			<report>
				<misses>158001</misses>
				<total>113006</total>
				<timestamp>15.807213</timestamp>
			</report>
			<report>
				<misses>159001</misses>
				<total>114005</total>
				<timestamp>15.907201</timestamp>
			</report>
			<report>
				<misses>160001</misses>
				<total>115004</total>
				<timestamp>16.007244</timestamp>
			</report>
			<report>
				<misses>161001</misses>
				<total>116003</total>
				<timestamp>16.107244</timestamp>
			</report>
			<report>
				<misses>162001</misses>
				<total>117002</total>
				<timestamp>16.207186</timestamp>
			</report>
			<report>
				<misses>163001</misses>
				<total>118001</total>
				<timestamp>16.307070</timestamp>
			</report>
			<report>
				<misses>164001</misses>
				<total>119000</total>
				<timestamp>16.407092</timestamp>
			</report>
			<report>
				<misses>165001</misses>
				<total>119999</total>
				<timestamp>16.507182</timestamp>
			</report>
			<report>
				<misses>166001</misses>
				<total>120998</total>
				<timestamp>16.607190</timestamp>
			</report>
			<report>
				<misses>167001</misses>
				<total>121997</total>
				<timestamp>16.707151</timestamp>
			</report>
			<report>
				<misses>168001</misses>
				<total>122996</total>
				<timestamp>16.807110</timestamp>
			</report>
			<report>
				<misses>169001</misses>
				<total>123995</total>
				<timestamp>16.907124</timestamp>
			</report>
			<report>
				<misses>170001</misses>
				<total>124994</total>
				<timestamp>17.007060</timestamp>
			</report>
			<report>
				<misses>171001</misses>
				<total>125993</total>
				<timestamp>17.107272</timestamp>
			</report>
			<report>
				<misses>172001</misses>
				<total>126992</total>
				<timestamp>17.207296</timestamp>
			</report>
			<report>
				<misses>173001</misses>
				<total>127991</total>
				<timestamp>17.307297</timestamp>
			</report>
			<report>
				<misses>174001</misses>
				<total>128990</total>
				<timestamp>17.407272</timestamp>
			</report>
			<report>
				<misses>175001</misses>
				<total>129989</total>
				<timestamp>17.507234</timestamp>
			</report>
			<report>
				<misses>176001</misses>
				<total>130988</total>
				<timestamp>17.607249</timestamp>
			</report>
			<report>
				<misses>177001</misses>
				<total>131987</total>
				<timestamp>17.707192</timestamp>
			</report>
			<report>
				<misses>178001</misses>
				<total>132986</total>
				<timestamp>17.807086</timestamp>
			</report>
			<report>
				<misses>179001</misses>
				<total>133985</total>
				<timestamp>17.907065</timestamp>
			</report>
			<report>
				<misses>180001</misses>
				<total>134984</total>
				<timestamp>18.007084</timestamp>
			</report>
			<report>
				<misses>181001</misses>
				<total>135983</total>
				<timestamp>18.107076</timestamp>
			</report>
			<report>
				<misses>182001</misses>
				<total>136982</total>
				<timestamp>18.206994</timestamp>
			</report>
			<report>
				<misses>183001</misses>
				<total>137981</total>
				<timestamp>18.307358</timestamp>
			</report>
			<report>
				<misses>184001</misses>
				<total>138980</total>
				<timestamp>18.407309</timestamp>
			</report>
			<report>
				<misses>185001</misses>
				<total>139979</total>
				<timestamp>18.507273</timestamp>
			</report>
			<report>
				<misses>186001</misses>
				<total>140978</total>
				<timestamp>18.607166</timestamp>
			</report>
			<report>
				<misses>187001</misses>
				<total>141977</total>
				<timestamp>18.707109</timestamp>
			</report>
			<report>
				<misses>188001</misses>
				<total>142976</total>
				<timestamp>18.807153</timestamp>
			</report>
			<report>
				<misses>189001</misses>
				<total>143975</total>
				<timestamp>18.907187</timestamp>
			</report>
			<report>
				<misses>190001</misses>
				<total>144974</total>
				<timestamp>19.007071</timestamp>
			</report>
			<report>
				<misses>191001</misses>
				<total>145973</total>
				<timestamp>19.107059</timestamp>
			</report>
			<report>
				<misses>192001</misses>
				<total>146972</total>
				<timestamp>19.207141</timestamp>
			</report>
			<report>
				<misses>193001</misses>
				<total>147971</total>
				<timestamp>19.307111</timestamp>
			</report>
			<report>
				<misses>194001</misses>
				<total>148970</total>
				<timestamp>19.407103</timestamp>
			</report>
			<report>
				<misses>195001</misses>
				<total>149969</total>
				<timestamp>19.507085</timestamp>
			</report>
			<report>
				<misses>196001</misses>
				<total>150968</total>
				<timestamp>19.607104</timestamp>
			</report>
			<report>
				<misses>197001</misses>
				<total>151967</total>
				<timestamp>19.707271</timestamp>
			</report>
			<report>
				<misses>198001</misses>
				<total>152966</total>
				<timestamp>19.807303</timestamp>
			</report>
			<report>
				<misses>199001</misses>
				<total>153965</total>
				<timestamp>19.907308</timestamp>
			</report>
			<report>
				<misses>200001</misses>
				<total>154964</total>
				<timestamp>20.007298</timestamp>
			</report>
			<report>
				<misses>201001</misses>
				<total>155963</total>
				<timestamp>20.107286</timestamp>
			</report>
			<report>
				<misses>202001</misses>
				<total>156962</total>
				<timestamp>20.207204</timestamp>
			</report>
			<report>
				<misses>203001</misses>
				<total>157961</total>
				<timestamp>20.307219</timestamp>
			</report>
			<report>
				<misses>204001</misses>
				<total>158960</total>
				<timestamp>20.407214</timestamp>
			</report>
			<report>
				<misses>205001</misses>
				<total>159959</total>
				<timestamp>20.507163</timestamp>
			</report>
			<report>
				<misses>206001</misses>
				<total>160958</total>
				<timestamp>20.607112</timestamp>
			</report>
			<report>
				<misses>207001</misses>
				<total>161957</total>
				<timestamp>20.707106</timestamp>
			</report>
			<report>
				<misses>208001</misses>
				<total>162956</total>
				<timestamp>20.807143</timestamp>
			</report>
			<report>
				<misses>209001</misses>
				<total>163955</total>
				<timestamp>20.907128</timestamp>
			</report>
			<report>
				<misses>210001</misses>
				<total>164954</total>
				<timestamp>21.007116</timestamp>
			</report>
			<report>
				<misses>211001</misses>
				<total>165953</total>
				<timestamp>21.107105</timestamp>
			</report>
			<report>
				<misses>212001</misses>
				<total>166952</total>
				<timestamp>21.207150</timestamp>
			</report>
			<report>
				<misses>213001</misses>
				<total>167951</total>
				<timestamp>21.307121</timestamp>
			</report>
			<report>
				<misses>214001</misses>
				<total>168950</total>
				<timestamp>21.407111</timestamp>
			</report>
			<report>
				<misses>215001</misses>
				<total>169949</total>
				<timestamp>21.507104</timestamp>
			</report>
			<report>
				<misses>216001</misses>
				<total>170948</total>
				<timestamp>21.607201</timestamp>
			</report>
			<report>
				<misses>217001</misses>
				<total>171947</total>
				<timestamp>21.707354</timestamp>
			</report>
			<report>
				<misses>218001</misses>
				<total>172946</total>
				<timestamp>21.807364</timestamp>
			</report>
			<report>
				<misses>219001</misses>
				<total>173945</total>
				<timestamp>21.907368</timestamp>
			</report>
			<report>
				<misses>220001</misses>
				<total>174944</total>
				<timestamp>22.007348</timestamp>
			</report>
			<report>
				<misses>221001</misses>
				<total>175943</total>
				<timestamp>22.107338</timestamp>
			</report>
			<report>
				<misses>222001</misses>
				<total>176942</total>
				<timestamp>22.207351</timestamp>
			</report>
			<report>
				<misses>223001</misses>
				<total>177941</total>
				<timestamp>22.307323</timestamp>
			</report>
			<report>
				<misses>224001</misses>
				<total>178940</total>
				<timestamp>22.407276</timestamp>
			</report>
			<report>
				<misses>225001</misses>
				<total>179939</total>
				<timestamp>22.507206</timestamp>
			</report>
			<report>
				<misses>226001</misses>
				<total>180938</total>
				<timestamp>22.607243</timestamp>
			</report>
			<report>
				<misses>227001</misses>
				<total>181937</total>
				<timestamp>22.707209</timestamp>
			</report>
			<report>
				<misses>228001</misses>
				<total>182936</total>
				<timestamp>22.807370</timestamp>
			</report>
			<report>
				<misses>229001</misses>
				<total>183935</total>
				<timestamp>22.907414</timestamp>
			</report>
			<report>
				<misses>230001</misses>
				<total>184934</total>
				<timestamp>23.007367</timestamp>
			</report>
			<report>
				<misses>231001</misses>
				<total>185933</total>
				<timestamp>23.107266</timestamp>
			</report>
			<report>
				<misses>232001</misses>
				<total>186932</total>
				<timestamp>23.207157</timestamp>
			</report>
			<report>
				<misses>233001</misses>
				<total>187931</total>
				<timestamp>23.307078</timestamp>
			</report>
			<report>
				<misses>234001</misses>
				<total>188930</total>
				<timestamp>23.407021</timestamp>
			</report>
			<report>
				<misses>235001</misses>
				<total>189929</total>
				<timestamp>23.507043</timestamp>
			</report>
			<report>
				<misses>236001</misses>
				<total>190928</total>
				<timestamp>23.607078</timestamp>
			</report>
			<report>
				<misses>237001</misses>
				<total>191927</total>
				<timestamp>23.707017</timestamp>
			</report>
			<report>
				<misses>238001</misses>
				<total>192926</total>
				<timestamp>23.807029</timestamp>
			</report>
			<report>
				<misses>239001</misses>
				<total>193925</total>
				<timestamp>23.907029</timestamp>
			</report>
			<report>
				<misses>240001</misses>
				<total>194924</total>
				<timestamp>24.007088</timestamp>
			</report>
			<report>
				<misses>241001</misses>
				<total>195923</total>
				<timestamp>24.107034</timestamp>
			</report>
			<report>
				<misses>242001</misses>
				<total>196922</total>
				<timestamp>24.207020</timestamp>
			</report>
			<report>
				<misses>243001</misses>
				<total>197921</total>
				<timestamp>24.307093</timestamp>
			</report>
			<report>
				<misses>244001</misses>
				<total>198920</total>
				<timestamp>24.407098</timestamp>
			</report>
			<report>
				<misses>245001</misses>
				<total>199919</total>
				<timestamp>24.507124</timestamp>
			</report>
			<report>
				<misses>246001</misses>
				<total>200918</total>
				<timestamp>24.607199</timestamp>
			</report>
			<report>
				<misses>247001</misses>
				<total>201917</total>
				<timestamp>24.707229</timestamp>
			</report>
			<report>
				<misses>248001</misses>
				<total>202916</total>
				<timestamp>24.807185</timestamp>
			</report>
			<report>
				<misses>249001</misses>
				<total>203915</total>
				<timestamp>24.907104</timestamp>
			</report>
			<report>
				<misses>250001</misses>
				<total>204914</total>
				<timestamp>25.007096</timestamp>
			</report>
			<report>
				<misses>251001</misses>
				<total>205913</total>
				<timestamp>25.107154</timestamp>
			</report>
			<report>
				<misses>252001</misses>
				<total>206912</total>
				<timestamp>25.207149</timestamp>
			</report>
			<report>
				<misses>253001</misses>
				<total>207911</total>
				<timestamp>25.307110</timestamp>
			</report>
			<report>
				<misses>254001</misses>
				<total>208910</total>
				<timestamp>25.407091</timestamp>
			</report>
			<report>
				<misses>255001</misses>
				<total>209909</total>
				<timestamp>25.507203</timestamp>
			</report>
			<report>
				<misses>256001</misses>
				<total>210908</total>
				<timestamp>25.607193</timestamp>
			</report>
			<report>
				<misses>257001</misses>
				<total>211907</total>
				<timestamp>25.707191</timestamp>
			</report>
			<report>
				<misses>258001</misses>
				<total>212906</total>
				<timestamp>25.807190</timestamp>
			</report>
			<report>
				<misses>259001</misses>
				<total>213905</total>
				<timestamp>25.907251</timestamp>
			</report>
			<report>
				<misses>260001</misses>
				<total>214904</total>
				<timestamp>26.007278</timestamp>
			</report>
			<report>
				<misses>261001</misses>
				<total>215903</total>
				<timestamp>26.107316</timestamp>
			</report>
			<report>
				<misses>262001</misses>
				<total>216902</total>
				<timestamp>26.207322</timestamp>
			</report>
			<report>
				<misses>263001</misses>
				<total>217901</total>
				<timestamp>26.307278</timestamp>
			</report>
			<report>
				<misses>264001</misses>
				<total>218900</total>
				<timestamp>26.407316</timestamp>
			</report>
			<report>
				<misses>265001</misses>
				<total>219899</total>
				<timestamp>26.507391</timestamp>
			</report>
			<report>
				<misses>266001</misses>
				<total>220898</total>
				<timestamp>26.607262</timestamp>
			</report>
			<report>
				<misses>267001</misses>
				<total>221897</total>
				<timestamp>26.707323</timestamp>
			</report>
			<report>
				<misses>268001</misses>
				<total>222896</total>
				<timestamp>26.807292</timestamp>
			</report>
			<report>
				<misses>269001</misses>
				<total>223895</total>
				<timestamp>26.907279</timestamp>
			</report>
			<report>
				<misses>270001</misses>
				<total>224894</total>
				<timestamp>27.007203</timestamp>
			</report>
			<report>
				<misses>271001</misses>
				<total>225893</total>
				<timestamp>27.107293</timestamp>
			</report>
			<report>
				<misses>272001</misses>
				<total>226892</total>
				<timestamp>27.207180</timestamp>
			</report>
			<report>
				<misses>273001</misses>
				<total>227891</total>
				<timestamp>27.307164</timestamp>
			</report>
			<report>
				<misses>274001</misses>
				<total>228890</total>
				<timestamp>27.407089</timestamp>
			</report>
			<report>
				<misses>275001</misses>
				<total>229889</total>
				<timestamp>27.507065</timestamp>
			</report>
			<report>
				<misses>276001</misses>
				<total>230888</total>
				<timestamp>27.606988</timestamp>
			</report>
			<report>
				<misses>277001</misses>
				<total>231887</total>
				<timestamp>27.706997</timestamp>
			</report>
			<report>
				<misses>278001</misses>
				<total>232886</total>
				<timestamp>27.807073</timestamp>
			</report>
			<report>
				<misses>279001</misses>
				<total>233885</total>
				<timestamp>27.906991</timestamp>
			</report>
			<report>
				<misses>280001</misses>
				<total>234884</total>
				<timestamp>28.007001</timestamp>
			</report>
			<report>
				<misses>281001</misses>
				<total>235883</total>
				<timestamp>28.107008</timestamp>
			</report>
			<report>
				<misses>282001</misses>
				<total>236882</total>
				<timestamp>28.207007</timestamp>
			</report>
			<report>
				<misses>283001</misses>
				<total>237881</total>
				<timestamp>28.307008</timestamp>
			</report>
			<report>
				<misses>284001</misses>
				<total>238880</total>
				<timestamp>28.407047</timestamp>
			</report>
			<report>
				<misses>285001</misses>
				<total>239879</total>
				<timestamp>28.507139</timestamp>
			</report>
			<report>
				<misses>286001</misses>
				<total>240878</total>
				<timestamp>28.607199</timestamp>
			</report>
			<report>
				<misses>287001</misses>
				<total>241877</total>
				<timestamp>28.707185</timestamp>
			</report>
			<report>
				<misses>288001</misses>
				<total>242876</total>
				<timestamp>28.807087</timestamp>
			</report>
			<report>
				<misses>289001</misses>
				<total>243875</total>
				<timestamp>28.907000</timestamp>
			</report>
			<report>
				<misses>290001</misses>
				<total>244874</total>
				<timestamp>29.007758</timestamp>
			</report>
			<report>
				<misses>291001</misses>
				<total>245873</total>
				<timestamp>29.107684</timestamp>
			</report>
			<report>
				<misses>292001</misses>
				<total>246872</total>
				<timestamp>29.207576</timestamp>
			</report>
			<report>
				<misses>293001</misses>
				<total>247871</total>
				<timestamp>29.307477</timestamp>
			</report>
			<report>
				<misses>294001</misses>
				<total>248870</total>
				<timestamp>29.407355</timestamp>
			</report>
			<report>
				<misses>295001</misses>
				<total>249869</total>
				<timestamp>29.507372</timestamp>
			</report>
			<report>
				<misses>296001</misses>
				<total>250868</total>
				<timestamp>29.607363</timestamp>
			</report>
			<report>
				<misses>297001</misses>
				<total>251867</total>
				<timestamp>29.707285</timestamp>
			</report>
			<report>
				<misses>298001</misses>
				<total>252866</total>
				<timestamp>29.807253</timestamp>
			</report>
			<report>
				<misses>299001</misses>
				<total>253865</total>
				<timestamp>29.907305</timestamp>
			</report>
			<report>
				<misses>300001</misses>
				<total>254864</total>
				<timestamp>30.007390</timestamp>
			</report>
			<report>
				<misses>301001</misses>
				<total>255863</total>
				<timestamp>30.107282</timestamp>
			</report>
			<report>
				<misses>302001</misses>
				<total>256862</total>
				<timestamp>30.207282</timestamp>
			</report>
			<report>
				<misses>303001</misses>
				<total>257861</total>
				<timestamp>30.307489</timestamp>
			</report>
			<report>
				<misses>304001</misses>
				<total>258860</total>
				<timestamp>30.407457</timestamp>
			</report>
			<report>
				<misses>305001</misses>
				<total>259859</total>
				<timestamp>30.507494</timestamp>
			</report>
			<report>
				<misses>306001</misses>
				<total>260595</total>
				<timestamp>30.607472</timestamp>
			</report>
			<report>
				<misses>307001</misses>
				<total>260595</total>
				<timestamp>30.707448</timestamp>
			</report>
			<report>
				<misses>308001</misses>
				<total>260595</total>
				<timestamp>30.807445</timestamp>
			</report>
			<report>
				<misses>309001</misses>
				<total>260595</total>
				<timestamp>30.907366</timestamp>
			</report>
			<report>
				<misses>310001</misses>
				<total>260603</total>
				<timestamp>31.007288</timestamp>
			</report>
			<report>
				<misses>311001</misses>
				<total>260603</total>
				<timestamp>31.107215</timestamp>
			</report>
			<report>
				<misses>312001</misses>
				<total>260603</total>
				<timestamp>31.207264</timestamp>
			</report>
			<report>
				<misses>313001</misses>
				<total>260605</total>
				<timestamp>31.307290</timestamp>
			</report>
			<report>
				<misses>314001</misses>
				<total>260604</total>
				<timestamp>31.407414</timestamp>
			</report>
			<report>
				<misses>315001</misses>
				<total>260605</total>
				<timestamp>31.507377</timestamp>
			</report>
			<report>
				<misses>316001</misses>
				<total>260605</total>
				<timestamp>31.607292</timestamp>
			</report>
			<report>
				<misses>317001</misses>
				<total>260606</total>
				<timestamp>31.707269</timestamp>
			</report>
			<report>
				<misses>318001</misses>
				<total>260617</total>
				<timestamp>31.807278</timestamp>
			</report>
			<report>
				<misses>319001</misses>
				<total>260617</total>
				<timestamp>31.907345</timestamp>
			</report>
			<report>
				<misses>320001</misses>
				<total>261607</total>
				<timestamp>32.007313</timestamp>
			</report>
			<report>
				<misses>321001</misses>
				<total>262606</total>
				<timestamp>32.107329</timestamp>
			</report>
			<report>
				<misses>322001</misses>
				<total>263605</total>
				<timestamp>32.207277</timestamp>
			</report>
			<report>
				<misses>323001</misses>
				<total>264604</total>
				<timestamp>32.307214</timestamp>
			</report>
			<report>
				<misses>324001</misses>
				<total>265603</total>
				<timestamp>32.407213</timestamp>
			</report>
			<report>
				<misses>325001</misses>
				<total>266602</total>
				<timestamp>32.507272</timestamp>
			</report>
			<report>
				<misses>326001</misses>
				<total>267601</total>
				<timestamp>32.607249</timestamp>
			</report>
			<report>
				<misses>327001</misses>
				<total>268600</total>
				<timestamp>32.707173</timestamp>
			</report>
			<report>
				<misses>328001</misses>
				<total>269599</total>
				<timestamp>32.807199</timestamp>
			</report>
			<report>
				<misses>329001</misses>
				<total>270598</total>
				<timestamp>32.907304</timestamp>
			</report>
			<report>
				<misses>330001</misses>
				<total>271597</total>
				<timestamp>33.007389</timestamp>
			</report>
			<report>
				<misses>331001</misses>
				<total>272596</total>
				<timestamp>33.107338</timestamp>
			</report>
			<report>
				<misses>332001</misses>
				<total>272934</total>
				<timestamp>33.207272</timestamp>
			</report>
			<report>
				<misses>333001</misses>
				<total>272933</total>
				<timestamp>33.307291</timestamp>
			</report>
			<report>
				<misses>334001</misses>
				<total>273309</total>
				<timestamp>33.407262</timestamp>
			</report>
			<report>
				<misses>335001</misses>
				<total>274308</total>
				<timestamp>33.507171</timestamp>
			</report>
			<report>
				<misses>336001</misses>
				<total>275307</total>
				<timestamp>33.607134</timestamp>
			</report>
			<report>
				<misses>337001</misses>
				<total>276208</total>
				<timestamp>33.707109</timestamp>
			</report>
			<report>
				<misses>338001</misses>
				<total>277207</total>
				<timestamp>33.807072</timestamp>
			</report>
			<report>
				<misses>339001</misses>
				<total>278206</total>
				<timestamp>33.907096</timestamp>
			</report>
			<report>
				<misses>340001</misses>
				<total>279205</total>
				<timestamp>34.007244</timestamp>
			</report>
			<report>
				<misses>341001</misses>
				<total>280204</total>
				<timestamp>34.107230</timestamp>
			</report>
			<report>
				<misses>342001</misses>
				<total>281203</total>
				<timestamp>34.207338</timestamp>
			</report>
			<report>
				<misses>343001</misses>
				<total>282202</total>
				<timestamp>34.307304</timestamp>
			</report>
			<report>
				<misses>344001</misses>
				<total>283201</total>
				<timestamp>34.407264</timestamp>
			</report>
			<report>
				<misses>345001</misses>
				<total>284200</total>
				<timestamp>34.507185</timestamp>
			</report>
			<report>
				<misses>346001</misses>
				<total>285199</total>
				<timestamp>34.607100</timestamp>
			</report>
			<report>
				<misses>347001</misses>
				<total>286198</total>
				<timestamp>34.707088</timestamp>
			</report>
			<report>
				<misses>348001</misses>
				<total>287197</total>
				<timestamp>34.807008</timestamp>
			</report>
			<report>
				<misses>349001</misses>
				<total>288196</total>
				<timestamp>34.906994</timestamp>
			</report>
			<report>
				<misses>350001</misses>
				<total>289195</total>
				<timestamp>35.006986</timestamp>
			</report>
			<report>
				<misses>351001</misses>
				<total>290194</total>
				<timestamp>35.107018</timestamp>
			</report>
			<report>
				<misses>352001</misses>
				<total>291193</total>
				<timestamp>35.207143</timestamp>
			</report>
			<report>
				<misses>353001</misses>
				<total>292192</total>
				<timestamp>35.307111</timestamp>
			</report>
			<report>
				<misses>354001</misses>
				<total>293191</total>
				<timestamp>35.407108</timestamp>
			</report>
			<report>
				<misses>355001</misses>
				<total>294190</total>
				<timestamp>35.507079</timestamp>
			</report>
			<report>
				<misses>356001</misses>
				<total>295189</total>
				<timestamp>35.607025</timestamp>
			</report>
			<report>
				<misses>357001</misses>
				<total>296188</total>
				<timestamp>35.707260</timestamp>
			</report>
			<report>
				<misses>358001</misses>
				<total>297187</total>
				<timestamp>35.807175</timestamp>
			</report>
			<report>
				<misses>359001</misses>
				<total>298186</total>
				<timestamp>35.907133</timestamp>
			</report>
			<report>
				<misses>360001</misses>
				<total>299185</total>
				<timestamp>36.007211</timestamp>
			</report>
			<report>
				<misses>361001</misses>
				<total>300184</total>
				<timestamp>36.107288</timestamp>
			</report>
			<report>
				<misses>362001</misses>
				<total>301183</total>
				<timestamp>36.207260</timestamp>
			</report>
			<report>
				<misses>363001</misses>
				<total>302182</total>
				<timestamp>36.307247</timestamp>
			</report>
			<report>
				<misses>364001</misses>
				<total>303181</total>
				<timestamp>36.407238</timestamp>
			</report>
			<report>
				<misses>365001</misses>
				<total>304180</total>
				<timestamp>36.507243</timestamp>
			</report>
			<report>
				<misses>366001</misses>
				<total>305179</total>
				<timestamp>36.607247</timestamp>
			</report>
			<report>
				<misses>367001</misses>
				<total>306178</total>
				<timestamp>36.707169</timestamp>
			</report>
			<report>
				<misses>368001</misses>
				<total>307177</total>
				<timestamp>36.807134</timestamp>
			</report>
			<report>
				<misses>369001</misses>
				<total>308176</total>
				<timestamp>36.907151</timestamp>
			</report>
			<report>
				<misses>370001</misses>
				<total>309175</total>
				<timestamp>37.007109</timestamp>
			</report>
			<report>
				<misses>371001</misses>
				<total>310174</total>
				<timestamp>37.107241</timestamp>
			</report>
			<report>
				<misses>372001</misses>
				<total>311173</total>
				<timestamp>37.207369</timestamp>
			</report>
			<report>
				<misses>373001</misses>
				<total>312172</total>
				<timestamp>37.307272</timestamp>
			</report>
			<report>
				<misses>374001</misses>
				<total>313171</total>
				<timestamp>37.407159</timestamp>
			</report>
			<report>
				<misses>375001</misses>
				<total>314170</total>
				<timestamp>37.507160</timestamp>
			</report>
			<report>
				<misses>376001</misses>
				<total>315169</total>
				<timestamp>37.607111</timestamp>
			</report>
			<report>
				<misses>377001</misses>
				<total>316168</total>
				<timestamp>37.707118</timestamp>
			</report>
			<report>
				<misses>378001</misses>
				<total>317167</total>
				<timestamp>37.807118</timestamp>
			</report>
			<report>
				<misses>379001</misses>
				<total>318166</total>
				<timestamp>37.907157</timestamp>
			</report>
			<report>
				<misses>380001</misses>
				<total>319165</total>
				<timestamp>38.007131</timestamp>
			</report>
			<report>
				<misses>381001</misses>
				<total>320164</total>
				<timestamp>38.107368</timestamp>
			</report>
			<report>
				<misses>382001</misses>
				<total>321163</total>
				<timestamp>38.207275</timestamp>
			</report>
			<report>
				<misses>383001</misses>
				<total>322162</total>
				<timestamp>38.307250</timestamp>
			</report>
			<report>
				<misses>384001</misses>
				<total>323161</total>
				<timestamp>38.407177</timestamp>
			</report>
			<report>
				<misses>385001</misses>
				<total>324160</total>
				<timestamp>38.507129</timestamp>
			</report>
			<report>
				<misses>386001</misses>
				<total>325159</total>
				<timestamp>38.607208</timestamp>
			</report>
			<report>
				<misses>387001</misses>
				<total>326158</total>
				<timestamp>38.707198</timestamp>
			</report>
			<report>
				<misses>388001</misses>
				<total>327157</total>
				<timestamp>38.807274</timestamp>
			</report>
			<report>
				<misses>389001</misses>
				<total>328156</total>
				<timestamp>38.907203</timestamp>
			</report>
			<report>
				<misses>390001</misses>
				<total>329155</total>
				<timestamp>39.007263</timestamp>
			</report>
			<report>
				<misses>391001</misses>
				<total>330154</total>
				<timestamp>39.107271</timestamp>
			</report>
			<report>
				<misses>392001</misses>
				<total>331153</total>
				<timestamp>39.207183</timestamp>
			</report>
			<report>
				<misses>393001</misses>
				<total>332152</total>
				<timestamp>39.307227</timestamp>
			</report>
			<report>
				<misses>394001</misses>
				<total>333151</total>
				<timestamp>39.407271</timestamp>
			</report>
			<report>
				<misses>395001</misses>
				<total>334150</total>
				<timestamp>39.507220</timestamp>
			</report>
			<report>
				<misses>396001</misses>
				<total>335149</total>
				<timestamp>39.607212</timestamp>
			</report>
			<report>
				<misses>397001</misses>
				<total>336148</total>
				<timestamp>39.707355</timestamp>
			</report>
			<report>
				<misses>398001</misses>
				<total>337147</total>
				<timestamp>39.807369</timestamp>
			</report>
			<report>
				<misses>399001</misses>
				<total>338146</total>
				<timestamp>39.907410</timestamp>
			</report>
			<report>
				<misses>400001</misses>
				<total>339145</total>
				<timestamp>40.007493</timestamp>
			</report>
			<report>
				<misses>401001</misses>
				<total>340144</total>
				<timestamp>40.107463</timestamp>
			</report>
			<report>
				<misses>402001</misses>
				<total>341143</total>
				<timestamp>40.207501</timestamp>
			</report>
			<report>
				<misses>403001</misses>
				<total>342142</total>
				<timestamp>40.307488</timestamp>
			</report>
			<report>
				<misses>404001</misses>
				<total>343141</total>
				<timestamp>40.407478</timestamp>
			</report>
			<report>
				<misses>405001</misses>
				<total>344140</total>
				<timestamp>40.507413</timestamp>
			</report>
			<report>
				<misses>406001</misses>
				<total>345139</total>
				<timestamp>40.607387</timestamp>
			</report>
			<report>
				<misses>407001</misses>
				<total>346138</total>
				<timestamp>40.707280</timestamp>
			</report>
			<report>
				<misses>408001</misses>
				<total>347137</total>
				<timestamp>40.807241</timestamp>
			</report>
			<report>
				<misses>409001</misses>
				<total>348136</total>
				<timestamp>40.907299</timestamp>
			</report>
			<report>
				<misses>410001</misses>
				<total>349135</total>
				<timestamp>41.007342</timestamp>
			</report>
			<report>
				<misses>411001</misses>
				<total>350134</total>
				<timestamp>41.107366</timestamp>
			</report>
			<report>
				<misses>412001</misses>
				<total>351133</total>
				<timestamp>41.207295</timestamp>
			</report>
			<report>
				<misses>413001</misses>
				<total>352132</total>
				<timestamp>41.307386</timestamp>
			</report>
			<report>
				<misses>414001</misses>
				<total>353131</total>
				<timestamp>41.407350</timestamp>
			</report>
			<report>
				<misses>415001</misses>
				<total>354130</total>
				<timestamp>41.507298</timestamp>
			</report>
			<report>
				<misses>416001</misses>
				<total>355129</total>
				<timestamp>41.607372</timestamp>
			</report>
			<report>
				<misses>417001</misses>
				<total>356128</total>
				<timestamp>41.707568</timestamp>
			</report>
			<report>
				<misses>418001</misses>
				<total>357127</total>
				<timestamp>41.807544</timestamp>
			</report>
			<report>
				<misses>419001</misses>
				<total>358126</total>
				<timestamp>41.907491</timestamp>
			</report>
			<report>
				<misses>420001</misses>
				<total>359125</total>
				<timestamp>42.007419</timestamp>
			</report>
			<report>
				<misses>421001</misses>
				<total>360124</total>
				<timestamp>42.107454</timestamp>
			</report>
			<report>
				<misses>422001</misses>
				<total>361123</total>
				<timestamp>42.207370</timestamp>
			</report>
			<report>
				<misses>423001</misses>
				<total>362122</total>
				<timestamp>42.307335</timestamp>
			</report>
			<report>
				<misses>424001</misses>
				<total>363121</total>
				<timestamp>42.407270</timestamp>
			</report>
			<report>
				<misses>425001</misses>
				<total>364120</total>
				<timestamp>42.507186</timestamp>
			</report>
			<report>
				<misses>426001</misses>
				<total>365119</total>
				<timestamp>42.607240</timestamp>
			</report>
			<report>
				<misses>427001</misses>
				<total>366118</total>
				<timestamp>42.707181</timestamp>
			</report>
			<report>
				<misses>428001</misses>
				<total>367117</total>
				<timestamp>42.807184</timestamp>
			</report>
			<report>
				<misses>429001</misses>
				<total>368116</total>
				<timestamp>42.907111</timestamp>
			</report>
			<report>
				<misses>430001</misses>
				<total>369115</total>
				<timestamp>43.007102</timestamp>
			</report>
			<report>
				<misses>431001</misses>
				<total>370114</total>
				<timestamp>43.107089</timestamp>
			</report>
			<report>
				<misses>432001</misses>
				<total>371113</total>
				<timestamp>43.206968</timestamp>
			</report>
			<report>
				<misses>433001</misses>
				<total>372112</total>
				<timestamp>43.306944</timestamp>
			</report>
			<report>
				<misses>434001</misses>
				<total>373111</total>
				<timestamp>43.406976</timestamp>
			</report>
			<report>
				<misses>435001</misses>
				<total>374110</total>
				<timestamp>43.506960</timestamp>
			</report>
			<report>
				<misses>436001</misses>
				<total>375109</total>
				<timestamp>43.606930</timestamp>
			</report>
			<report>
				<misses>437001</misses>
				<total>376108</total>
				<timestamp>43.708447</timestamp>
			</report>
			<report>
				<misses>438001</misses>
				<total>377107</total>
				<timestamp>43.809995</timestamp>
			</report>
			<report>
				<misses>439001</misses>
				<total>378106</total>
				<timestamp>43.910007</timestamp>
			</report>
			<report>
				<misses>440001</misses>
				<total>379105</total>
				<timestamp>44.009986</timestamp>
			</report>
			<report>
				<misses>441001</misses>
				<total>380104</total>
				<timestamp>44.109916</timestamp>
			</report>
			<report>
				<misses>442001</misses>
				<total>381103</total>
				<timestamp>44.209969</timestamp>
			</report>
			<report>
				<misses>443001</misses>
				<total>382102</total>
				<timestamp>44.309914</timestamp>
			</report>
			<report>
				<misses>444001</misses>
				<total>383101</total>
				<timestamp>44.409979</timestamp>
			</report>
			<report>
				<misses>445001</misses>
				<total>384100</total>
				<timestamp>44.509881</timestamp>
			</report>
			<report>
				<misses>446001</misses>
				<total>385099</total>
				<timestamp>44.609798</timestamp>
			</report>
			<report>
				<misses>447001</misses>
				<total>386098</total>
				<timestamp>44.709813</timestamp>
			</report>
			<report>
				<misses>448001</misses>
				<total>387097</total>
				<timestamp>44.809890</timestamp>
			</report>
			<report>
				<misses>449001</misses>
				<total>388096</total>
				<timestamp>44.909802</timestamp>
			</report>
			<report>
				<misses>450001</misses>
				<total>389095</total>
				<timestamp>45.009890</timestamp>
			</report>
			<report>
				<misses>451001</misses>
				<total>390094</total>
				<timestamp>45.109919</timestamp>
			</report>
			<report>
				<misses>452001</misses>
				<total>391093</total>
				<timestamp>45.209905</timestamp>
			</report>
			<report>
				<misses>453001</misses>
				<total>392092</total>
				<timestamp>45.309946</timestamp>
			</report>
			<report>
				<misses>454001</misses>
				<total>393091</total>
				<timestamp>45.409922</timestamp>
			</report>
			<report>
				<misses>455001</misses>
				<total>394090</total>
				<timestamp>45.509983</timestamp>
			</report>
			<report>
				<misses>456001</misses>
				<total>395089</total>
				<timestamp>45.609926</timestamp>
			</report>
			<report>
				<misses>457001</misses>
				<total>396088</total>
				<timestamp>45.709977</timestamp>
			</report>
			<report>
				<misses>458001</misses>
				<total>397087</total>
				<timestamp>45.809893</timestamp>
			</report>
			<report>
				<misses>459001</misses>
				<total>398086</total>
				<timestamp>45.909894</timestamp>
			</report>
			<report>
				<misses>460001</misses>
				<total>398397</total>
				<timestamp>46.009949</timestamp>
			</report>
			<report>
				<misses>461001</misses>
				<total>398396</total>
				<timestamp>46.110009</timestamp>
			</report>
			<report>
				<misses>462001</misses>
				<total>398444</total>
				<timestamp>46.209988</timestamp>
			</report>
			<report>
				<misses>463001</misses>
				<total>399443</total>
				<timestamp>46.309894</timestamp>
			</report>
			<report>
				<misses>464001</misses>
				<total>400442</total>
				<timestamp>46.409887</timestamp>
			</report>
			<report>
				<misses>465001</misses>
				<total>401441</total>
				<timestamp>46.509848</timestamp>
			</report>
			<report>
				<misses>466001</misses>
				<total>402440</total>
				<timestamp>46.609893</timestamp>
			</report>
			<report>
				<misses>467001</misses>
				<total>403439</total>
				<timestamp>46.710068</timestamp>
			</report>
			<report>
				<misses>468001</misses>
				<total>404438</total>
				<timestamp>46.809967</timestamp>
			</report>
			<report>
				<misses>469001</misses>
				<total>405437</total>
				<timestamp>46.909990</timestamp>
			</report>
			<report>
				<misses>470001</misses>
				<total>406436</total>
				<timestamp>47.009915</timestamp>
			</report>
			<report>
				<misses>471001</misses>
				<total>407435</total>
				<timestamp>47.110023</timestamp>
			</report>
			<report>
				<misses>472001</misses>
				<total>408434</total>
				<timestamp>47.210010</timestamp>
			</report>
			<report>
				<misses>473001</misses>
				<total>409433</total>
				<timestamp>47.310020</timestamp>
			</report>
			<report>
				<misses>474001</misses>
				<total>410432</total>
				<timestamp>47.409981</timestamp>
			</report>
			<report>
				<misses>475001</misses>
				<total>411431</total>
				<timestamp>47.509902</timestamp>
			</report>
			<report>
				<misses>476001</misses>
				<total>412430</total>
				<timestamp>47.610005</timestamp>
			</report>
			<report>
				<misses>477001</misses>
				<total>413429</total>
				<timestamp>47.710078</timestamp>
			</report>
			<report>
				<misses>478001</misses>
				<total>414428</total>
				<timestamp>47.810255</timestamp>
			</report>
			<report>
				<misses>479001</misses>
				<total>415427</total>
				<timestamp>47.910203</timestamp>
			</report>
			<report>
				<misses>480001</misses>
				<total>416426</total>
				<timestamp>48.010210</timestamp>
			</report>
			<report>
				<misses>481001</misses>
				<total>417425</total>
				<timestamp>48.110177</timestamp>
			</report>
			<report>
				<misses>482001</misses>
				<total>418424</total>
				<timestamp>48.210159</timestamp>
			</report>
			<report>
				<misses>483001</misses>
				<total>419423</total>
				<timestamp>48.310108</timestamp>
			</report>
			<report>
				<misses>484001</misses>
				<total>420422</total>
				<timestamp>48.410099</timestamp>
			</report>
			<report>
				<misses>485001</misses>
				<total>421421</total>
				<timestamp>48.510118</timestamp>
			</report>
			<report>
				<misses>486001</misses>
				<total>422420</total>
				<timestamp>48.610132</timestamp>
			</report>
			<report>
				<misses>487001</misses>
				<total>423419</total>
				<timestamp>48.710093</timestamp>
			</report>
			<report>
				<misses>488001</misses>
				<total>424418</total>
				<timestamp>48.810081</timestamp>
			</report>
			<report>
				<misses>489001</misses>
				<total>425417</total>
				<timestamp>48.910072</timestamp>
			</report>
			<report>
				<misses>490001</misses>
				<total>426416</total>
				<timestamp>49.010044</timestamp>
			</report>
			<report>
				<misses>491001</misses>
				<total>427415</total>
				<timestamp>49.109980</timestamp>
			</report>
			<report>
				<misses>492001</misses>
				<total>428414</total>
				<timestamp>49.209890</timestamp>
			</report>
			<report>
				<misses>493001</misses>
				<total>429413</total>
				<timestamp>49.309853</timestamp>
			</report>
			<report>
				<misses>494001</misses>
				<total>430412</total>
				<timestamp>49.409787</timestamp>
			</report>
			<report>
				<misses>495001</misses>
				<total>431411</total>
				<timestamp>49.509767</timestamp>
			</report>
			<report>
				<misses>496001</misses>
				<total>432410</total>
				<timestamp>49.609746</timestamp>
			</report>
			<report>
				<misses>497001</misses>
				<total>433409</total>
				<timestamp>49.709718</timestamp>
			</report>
			<report>
				<misses>498001</misses>
				<total>434408</total>
				<timestamp>49.809756</timestamp>
			</report>
			<report>
				<misses>499001</misses>
				<total>435407</total>
				<timestamp>49.909721</timestamp>
			</report>
			<report>
				<misses>500001</misses>
				<total>436406</total>
				<timestamp>50.009776</timestamp>
			</report>
			<report>
				<misses>501001</misses>
				<total>437405</total>
				<timestamp>50.109884</timestamp>
			</report>
			<report>
				<misses>502001</misses>
				<total>438404</total>
				<timestamp>50.209849</timestamp>
			</report>
			<report>
				<misses>503001</misses>
				<total>439403</total>
				<timestamp>50.309879</timestamp>
			</report>
			<report>
				<misses>504001</misses>
				<total>440402</total>
				<timestamp>50.409858</timestamp>
			</report>
			<report>
				<misses>505001</misses>
				<total>441401</total>
				<timestamp>50.509849</timestamp>
			</report>
			<report>
				<misses>506001</misses>
				<total>442400</total>
				<timestamp>50.609836</timestamp>
			</report>
			<report>
				<misses>507001</misses>
				<total>443399</total>
				<timestamp>50.709917</timestamp>
			</report>
			<report>
				<misses>508001</misses>
				<total>444398</total>
				<timestamp>50.809884</timestamp>
			</report>
			<report>
				<misses>509001</misses>
				<total>445397</total>
				<timestamp>50.909993</timestamp>
			</report>
			<report>
				<misses>510001</misses>
				<total>446396</total>
				<timestamp>51.009984</timestamp>
			</report>
			<report>
				<misses>511001</misses>
				<total>447395</total>
				<timestamp>51.109893</timestamp>
			</report>
			<report>
				<misses>512001</misses>
				<total>448394</total>
				<timestamp>51.210037</timestamp>
			</report>
			<report>
				<misses>513001</misses>
				<total>449393</total>
				<timestamp>51.310027</timestamp>
			</report>
			<report>
				<misses>514001</misses>
				<total>450392</total>
				<timestamp>51.410058</timestamp>
			</report>
			<report>
				<misses>515001</misses>
				<total>451391</total>
				<timestamp>51.510024</timestamp>
			</report>
			<report>
				<misses>516001</misses>
				<total>452390</total>
				<timestamp>51.610034</timestamp>
			</report>
			<report>
				<misses>517001</misses>
				<total>453389</total>
				<timestamp>51.709992</timestamp>
			</report>
			<report>
				<misses>518001</misses>
				<total>454388</total>
				<timestamp>51.810014</timestamp>
			</report>
			<report>
				<misses>519001</misses>
				<total>455387</total>
				<timestamp>51.910150</timestamp>
			</report>
			<report>
				<misses>520001</misses>
				<total>456386</total>
				<timestamp>52.010068</timestamp>
			</report>
			<report>
				<misses>521001</misses>
				<total>457385</total>
				<timestamp>52.110050</timestamp>
			</report>
			<report>
				<misses>522001</misses>
				<total>458384</total>
				<timestamp>52.210028</timestamp>
			</report>
			<report>
				<misses>523001</misses>
				<total>459383</total>
				<timestamp>52.309987</timestamp>
			</report>
			<report>
				<misses>524001</misses>
				<total>460382</total>
				<timestamp>52.409910</timestamp>
			</report>
			<report>
				<misses>525001</misses>
				<total>461381</total>
				<timestamp>52.510011</timestamp>
			</report>
			<report>
				<misses>526001</misses>
				<total>462380</total>
				<timestamp>52.609978</timestamp>
			</report>
			<report>
				<misses>527001</misses>
				<total>463379</total>
				<timestamp>52.709904</timestamp>
			</report>
			<report>
				<misses>528001</misses>
				<total>464378</total>
				<timestamp>52.809970</timestamp>
			</report>
			<report>
				<misses>529001</misses>
				<total>465377</total>
				<timestamp>52.909946</timestamp>
			</report>
			<report>
				<misses>530001</misses>
				<total>466376</total>
				<timestamp>53.009883</timestamp>
			</report>
			<report>
				<misses>531001</misses>
				<total>467375</total>
				<timestamp>53.109964</timestamp>
			</report>
			<report>
				<misses>532001</misses>
				<total>468374</total>
				<timestamp>53.210067</timestamp>
			</report>
			<report>
				<misses>533001</misses>
				<total>469373</total>
				<timestamp>53.309989</timestamp>
			</report>
			<report>
				<misses>534001</misses>
				<total>470372</total>
				<timestamp>53.409874</timestamp>
			</report>
			<report>
				<misses>535001</misses>
				<total>471371</total>
				<timestamp>53.509909</timestamp>
			</report>
			<report>
				<misses>536001</misses>
				<total>472370</total>
				<timestamp>53.609876</timestamp>
			</report>
			<report>
				<misses>537001</misses>
				<total>473369</total>
				<timestamp>53.709826</timestamp>
			</report>
			<report>
				<misses>538001</misses>
				<total>474368</total>
				<timestamp>53.809894</timestamp>
			</report>
			<report>
				<misses>539001</misses>
				<total>475367</total>
				<timestamp>53.909879</timestamp>
			</report>
			<report>
				<misses>540001</misses>
				<total>476366</total>
				<timestamp>54.009846</timestamp>
			</report>
			<report>
				<misses>541001</misses>
				<total>477365</total>
				<timestamp>54.109821</timestamp>
			</report>
			<report>
				<misses>542001</misses>
				<total>478364</total>
				<timestamp>54.209852</timestamp>
			</report>
			<report>
				<misses>543001</misses>
				<total>479363</total>
				<timestamp>54.309896</timestamp>
			</report>
			<report>
				<misses>544001</misses>
				<total>480362</total>
				<timestamp>54.409898</timestamp>
			</report>
			<report>
				<misses>545001</misses>
				<total>481361</total>
				<timestamp>54.509899</timestamp>
			</report>
			<report>
				<misses>546001</misses>
				<total>482360</total>
				<timestamp>54.609909</timestamp>
			</report>
			<report>
				<misses>547001</misses>
				<total>483359</total>
				<timestamp>54.710022</timestamp>
			</report>
			<report>
				<misses>548001</misses>
				<total>484358</total>
				<timestamp>54.810012</timestamp>
			</report>
			<report>
				<misses>549001</misses>
				<total>485357</total>
				<timestamp>54.910023</timestamp>
			</report>
			<report>
				<misses>550001</misses>
				<total>486356</total>
				<timestamp>55.010091</timestamp>
			</report>
			<report>
				<misses>551001</misses>
				<total>487355</total>
				<timestamp>55.110109</timestamp>
			</report>
			<report>
				<misses>552001</misses>
				<total>488354</total>
				<timestamp>55.210283</timestamp>
			</report>
			<report>
				<misses>553001</misses>
				<total>489353</total>
				<timestamp>55.310377</timestamp>
			</report>
			<report>
				<misses>554001</misses>
				<total>490352</total>
				<timestamp>55.410289</timestamp>
			</report>
			<report>
				<misses>555001</misses>
				<total>491351</total>
				<timestamp>55.510347</timestamp>
			</report>
			<report>
				<misses>556001</misses>
				<total>492350</total>
				<timestamp>55.610403</timestamp>
			</report>
			<report>
				<misses>557001</misses>
				<total>493349</total>
				<timestamp>55.710392</timestamp>
			</report>
			<report>
				<misses>558001</misses>
				<total>494348</total>
				<timestamp>55.810451</timestamp>
			</report>
			<report>
				<misses>559001</misses>
				<total>495347</total>
				<timestamp>55.910368</timestamp>
			</report>
			<report>
				<misses>560001</misses>
				<total>496346</total>
				<timestamp>56.010269</timestamp>
			</report>
			<report>
				<misses>561001</misses>
				<total>497345</total>
				<timestamp>56.110247</timestamp>
			</report>
			<report>
				<misses>562001</misses>
				<total>498344</total>
				<timestamp>56.210248</timestamp>
			</report>
			<report>
				<misses>563001</misses>
				<total>499343</total>
				<timestamp>56.310164</timestamp>
			</report>
			<report>
				<misses>564001</misses>
				<total>500342</total>
				<timestamp>56.410108</timestamp>
			</report>
			<report>
				<misses>565001</misses>
				<total>501341</total>
				<timestamp>56.510199</timestamp>
			</report>
			<report>
				<misses>566001</misses>
				<total>502340</total>
				<timestamp>56.610275</timestamp>
			</report>
			<report>
				<misses>567001</misses>
				<total>503339</total>
				<timestamp>56.710342</timestamp>
			</report>
			<report>
				<misses>568001</misses>
				<total>504338</total>
				<timestamp>56.810328</timestamp>
			</report>
			<report>
				<misses>569001</misses>
				<total>505337</total>
				<timestamp>56.910276</timestamp>
			</report>
			<report>
				<misses>570001</misses>
				<total>506336</total>
				<timestamp>57.010260</timestamp>
			</report>
			<report>
				<misses>571001</misses>
				<total>507335</total>
				<timestamp>57.110197</timestamp>
			</report>
			<report>
				<misses>572001</misses>
				<total>508334</total>
				<timestamp>57.210248</timestamp>
			</report>
			<report>
				<misses>573001</misses>
				<total>509333</total>
				<timestamp>57.310185</timestamp>
			</report>
			<report>
				<misses>574001</misses>
				<total>510332</total>
				<timestamp>57.410121</timestamp>
			</report>
			<report>
				<misses>575001</misses>
				<total>511331</total>
				<timestamp>57.510080</timestamp>
			</report>
			<report>
				<misses>576001</misses>
				<total>512330</total>
				<timestamp>57.610016</timestamp>
			</report>
			<report>
				<misses>577001</misses>
				<total>513329</total>
				<timestamp>57.709994</timestamp>
			</report>
			<report>
				<misses>578001</misses>
				<total>514328</total>
				<timestamp>57.810121</timestamp>
			</report>
			<report>
				<misses>579001</misses>
				<total>515327</total>
				<timestamp>57.910100</timestamp>
			</report>
			<report>
				<misses>580001</misses>
				<total>516326</total>
				<timestamp>58.010122</timestamp>
			</report>
			<report>
				<misses>581001</misses>
				<total>517325</total>
				<timestamp>58.110086</timestamp>
			</report>
			<report>
				<misses>582001</misses>
				<total>518324</total>
				<timestamp>58.210024</timestamp>
			</report>
			<report>
				<misses>583001</misses>
				<total>519323</total>
				<timestamp>58.309986</timestamp>
			</report>
			<report>
				<misses>584001</misses>
				<total>520322</total>
				<timestamp>58.409920</timestamp>
			</report>
			<report>
				<misses>585001</misses>
				<total>521321</total>
				<timestamp>58.509900</timestamp>
			</report>
			<report>
				<misses>586001</misses>
				<total>522320</total>
				<timestamp>58.609899</timestamp>
			</report>
			<report>
				<misses>587001</misses>
				<total>523319</total>
				<timestamp>58.709876</timestamp>
			</report>
			<report>
				<misses>588001</misses>
				<total>524318</total>
				<timestamp>58.809796</timestamp>
			</report>
			<report>
				<misses>589001</misses>
				<total>525317</total>
				<timestamp>58.909860</timestamp>
			</report>
			<report>
				<misses>590001</misses>
				<total>526316</total>
				<timestamp>59.009789</timestamp>
			</report>
			<report>
				<misses>591001</misses>
				<total>527315</total>
				<timestamp>59.109788</timestamp>
			</report>
			<report>
				<misses>592001</misses>
				<total>528314</total>
				<timestamp>59.209819</timestamp>
			</report>
			<report>
				<misses>593001</misses>
				<total>529313</total>
				<timestamp>59.309884</timestamp>
			</report>
			<report>
				<misses>594001</misses>
				<total>530312</total>
				<timestamp>59.409891</timestamp>
			</report>
			<report>
				<misses>595001</misses>
				<total>531311</total>
				<timestamp>59.510004</timestamp>
			</report>
			<report>
				<misses>596001</misses>
				<total>532310</total>
				<timestamp>59.610030</timestamp>
			</report>
			<report>
				<misses>597001</misses>
				<total>533309</total>
				<timestamp>59.710006</timestamp>
			</report>
			<report>
				<misses>598001</misses>
				<total>534308</total>
				<timestamp>59.810090</timestamp>
			</report>
			<report>
				<misses>599001</misses>
				<total>535307</total>
				<timestamp>59.910137</timestamp>
			</report>
			<report>
				<misses>600001</misses>
				<total>536306</total>
				<timestamp>60.010223</timestamp>
			</report>
			<report>
				<misses>601001</misses>
				<total>537305</total>
				<timestamp>60.110264</timestamp>
			</report>
			<report>
				<misses>602001</misses>
				<total>538304</total>
				<timestamp>60.210240</timestamp>
			</report>
			<report>
				<misses>603001</misses>
				<total>539303</total>
				<timestamp>60.310166</timestamp>
			</report>
			<report>
				<misses>604001</misses>
				<total>540302</total>
				<timestamp>60.410149</timestamp>
			</report>
			<report>
				<misses>605001</misses>
				<total>541301</total>
				<timestamp>60.510143</timestamp>
			</report>
			<report>
				<misses>606001</misses>
				<total>542300</total>
				<timestamp>60.610260</timestamp>
			</report>
			<report>
				<misses>607001</misses>
				<total>543299</total>
				<timestamp>60.710222</timestamp>
			</report>
			<report>
				<misses>608001</misses>
				<total>544298</total>
				<timestamp>60.810283</timestamp>
			</report>
			<report>
				<misses>609001</misses>
				<total>545297</total>
				<timestamp>60.910296</timestamp>
			</report>
			<report>
				<misses>610001</misses>
				<total>546296</total>
				<timestamp>61.010286</timestamp>
			</report>
			<report>
				<misses>611001</misses>
				<total>547295</total>
				<timestamp>61.110187</timestamp>
			</report>
			<report>
				<misses>612001</misses>
				<total>548294</total>
				<timestamp>61.210112</timestamp>
			</report>
			<report>
				<misses>613001</misses>
				<total>549201</total>
				<timestamp>61.310222</timestamp>
			</report>
			<report>
				<misses>614001</misses>
				<total>549201</total>
				<timestamp>61.410280</timestamp>
			</report>
			<report>
				<misses>615001</misses>
				<total>549203</total>
				<timestamp>61.510181</timestamp>
			</report>
			<report>
				<misses>616001</misses>
				<total>549202</total>
				<timestamp>61.610126</timestamp>
			</report>
			<report>
				<misses>617001</misses>
				<total>549201</total>
				<timestamp>61.710134</timestamp>
			</report>
			<report>
				<misses>618001</misses>
				<total>549202</total>
				<timestamp>61.810105</timestamp>
			</report>
			<report>
				<misses>619001</misses>
				<total>549202</total>
				<timestamp>61.910098</timestamp>
			</report>
			<report>
				<misses>620001</misses>
				<total>549202</total>
				<timestamp>62.010140</timestamp>
			</report>
			<report>
				<misses>621001</misses>
				<total>549304</total>
				<timestamp>62.110236</timestamp>
			</report>
			<report>
				<misses>622001</misses>
				<total>550303</total>
				<timestamp>62.210234</timestamp>
			</report>
			<report>
				<misses>623001</misses>
				<total>551302</total>
				<timestamp>62.310218</timestamp>
			</report>
			<report>
				<misses>624001</misses>
				<total>551450</total>
				<timestamp>62.410235</timestamp>
			</report>
			<report>
				<misses>625001</misses>
				<total>551450</total>
				<timestamp>62.510254</timestamp>
			</report>
			<report>
				<misses>626001</misses>
				<total>551450</total>
				<timestamp>62.610232</timestamp>
			</report>
			<report>
				<misses>627001</misses>
				<total>551449</total>
				<timestamp>62.710270</timestamp>
			</report>
			<report>
				<misses>628001</misses>
				<total>552262</total>
				<timestamp>62.810223</timestamp>
			</report>
			<report>
				<misses>629001</misses>
				<total>553261</total>
				<timestamp>62.910172</timestamp>
			</report>
			<report>
				<misses>630001</misses>
				<total>554260</total>
				<timestamp>63.010105</timestamp>
			</report>
			<report>
				<misses>631001</misses>
				<total>555259</total>
				<timestamp>63.110082</timestamp>
			</report>
			<report>
				<misses>632001</misses>
				<total>556258</total>
				<timestamp>63.209974</timestamp>
			</report>
			<report>
				<misses>633001</misses>
				<total>557257</total>
				<timestamp>63.309882</timestamp>
			</report>
			<report>
				<misses>634001</misses>
				<total>558256</total>
				<timestamp>63.409832</timestamp>
			</report>
			<report>
				<misses>635001</misses>
				<total>559255</total>
				<timestamp>63.509802</timestamp>
			</report>
			<report>
				<misses>636001</misses>
				<total>560254</total>
				<timestamp>63.609799</timestamp>
			</report>
			<report>
				<misses>637001</misses>
				<total>561253</total>
				<timestamp>63.709775</timestamp>
			</report>
			<report>
				<misses>638001</misses>
				<total>562252</total>
				<timestamp>63.809775</timestamp>
			</report>
			<report>
				<misses>639001</misses>
				<total>562764</total>
				<timestamp>63.909771</timestamp>
			</report>
			<report>
				<misses>640001</misses>
				<total>562764</total>
				<timestamp>64.009766</timestamp>
			</report>
			<report>
				<misses>641001</misses>
				<total>562765</total>
				<timestamp>64.109789</timestamp>
			</report>
			<report>
				<misses>642001</misses>
				<total>562764</total>
				<timestamp>64.209791</timestamp>
			</report>
			<report>
				<misses>643001</misses>
				<total>562764</total>
				<timestamp>64.309883</timestamp>
			</report>
			<report>
				<misses>644001</misses>
				<total>562765</total>
				<timestamp>64.409788</timestamp>
			</report>
			<report>
				<misses>645001</misses>
				<total>562765</total>
				<timestamp>64.509819</timestamp>
			</report>
			<report>
				<misses>646001</misses>
				<total>562765</total>
				<timestamp>64.609817</timestamp>
			</report>
			<report>
				<misses>647001</misses>
				<total>562765</total>
				<timestamp>64.709779</timestamp>
			</report>
			<report>
				<misses>648001</misses>
				<total>562765</total>
				<timestamp>64.809797</timestamp>
			</report>
			<report>
				<misses>649001</misses>
				<total>562767</total>
				<timestamp>64.909775</timestamp>
			</report>
			<report>
				<misses>650001</misses>
				<total>562767</total>
				<timestamp>65.009695</timestamp>
			</report>
			<report>
				<misses>651001</misses>
				<total>562767</total>
				<timestamp>65.109761</timestamp>
			</report>
			<report>
				<misses>652001</misses>
				<total>562767</total>
				<timestamp>65.209798</timestamp>
			</report>
			<report>
				<misses>653001</misses>
				<total>562767</total>
				<timestamp>65.309809</timestamp>
			</report>
			<report>
				<misses>654001</misses>
				<total>562766</total>
				<timestamp>65.409865</timestamp>
			</report>
			<report>
				<misses>655001</misses>
				<total>562767</total>
				<timestamp>65.509880</timestamp>
			</report>
			<report>
				<misses>656001</misses>
				<total>562768</total>
				<timestamp>65.609792</timestamp>
			</report>
			<report>
				<misses>657001</misses>
				<total>562766</total>
				<timestamp>65.709978</timestamp>
			</report>
			<report>
				<misses>658001</misses>
				<total>562767</total>
				<timestamp>65.809881</timestamp>
			</report>
			<report>
				<misses>659001</misses>
				<total>562767</total>
				<timestamp>65.909769</timestamp>
			</report>
			<report>
				<misses>660001</misses>
				<total>563523</total>
				<timestamp>66.009755</timestamp>
			</report>
			<report>
				<misses>661001</misses>
				<total>564522</total>
				<timestamp>66.109760</timestamp>
			</report>
			<report>
				<misses>662001</misses>
				<total>565521</total>
				<timestamp>66.209773</timestamp>
			</report>
			<report>
				<misses>663001</misses>
				<total>566520</total>
				<timestamp>66.309818</timestamp>
			</report>
			<report>
				<misses>664001</misses>
				<total>567519</total>
				<timestamp>66.409867</timestamp>
			</report>
			<report>
				<misses>665001</misses>
				<total>568518</total>
				<timestamp>66.509784</timestamp>
			</report>
			<report>
				<misses>666001</misses>
				<total>569517</total>
				<timestamp>66.609774</timestamp>
			</report>
			<report>
				<misses>667001</misses>
				<total>570516</total>
				<timestamp>66.709726</timestamp>
			</report>
			<report>
				<misses>668001</misses>
				<total>571515</total>
				<timestamp>66.809809</timestamp>
			</report>
			<report>
				<misses>669001</misses>
				<total>572514</total>
				<timestamp>66.909784</timestamp>
			</report>
			<report>
				<misses>670001</misses>
				<total>573513</total>
				<timestamp>67.009762</timestamp>
			</report>
			<report>
				<misses>671001</misses>
				<total>574512</total>
				<timestamp>67.109751</timestamp>
			</report>
			<report>
				<misses>672001</misses>
				<total>575511</total>
				<timestamp>67.209776</timestamp>
			</report>
			<report>
				<misses>673001</misses>
				<total>576510</total>
				<timestamp>67.309798</timestamp>
			</report>
			<report>
				<misses>674001</misses>
				<total>577509</total>
				<timestamp>67.409874</timestamp>
			</report>
			<report>
				<misses>675001</misses>
				<total>578508</total>
				<timestamp>67.509796</timestamp>
			</report>
			<report>
				<misses>676001</misses>
				<total>579507</total>
				<timestamp>67.609862</timestamp>
			</report>
			<report>
				<misses>677001</misses>
				<total>580506</total>
				<timestamp>67.709821</timestamp>
			</report>
			<report>
				<misses>678001</misses>
				<total>581505</total>
				<timestamp>67.809774</timestamp>
			</report>
			<report>
				<misses>679001</misses>
				<total>582504</total>
				<timestamp>67.909760</timestamp>
			</report>
			<report>
				<misses>680001</misses>
				<total>583503</total>
				<timestamp>68.009741</timestamp>
			</report>
			<report>
				<misses>681001</misses>
				<total>584502</total>
				<timestamp>68.109761</timestamp>
			</report>
			<report>
				<misses>682001</misses>
				<total>585501</total>
				<timestamp>68.209762</timestamp>
			</report>
			<report>
				<misses>683001</misses>
				<total>586500</total>
				<timestamp>68.309735</timestamp>
			</report>
			<report>
				<misses>684001</misses>
				<total>587499</total>
				<timestamp>68.409739</timestamp>
			</report>
			<report>
				<misses>685001</misses>
				<total>588498</total>
				<timestamp>68.509721</timestamp>
			</report>
			<report>
				<misses>686001</misses>
				<total>589497</total>
				<timestamp>68.609734</timestamp>
			</report>
			<report>
				<misses>687001</misses>
				<total>590496</total>
				<timestamp>68.709830</timestamp>
			</report>
			<report>
				<misses>688001</misses>
				<total>591495</total>
				<timestamp>68.809894</timestamp>
			</report>
			<report>
				<misses>689001</misses>
				<total>592494</total>
				<timestamp>68.909856</timestamp>
			</report>
			<report>
				<misses>690001</misses>
				<total>593493</total>
				<timestamp>69.009809</timestamp>
			</report>
			<report>
				<misses>691001</misses>
				<total>594492</total>
				<timestamp>69.109890</timestamp>
			</report>
			<report>
				<misses>692001</misses>
				<total>595491</total>
				<timestamp>69.209845</timestamp>
			</report>
			<report>
				<misses>693001</misses>
				<total>596490</total>
				<timestamp>69.309855</timestamp>
			</report>
			<report>
				<misses>694001</misses>
				<total>597489</total>
				<timestamp>69.409851</timestamp>
			</report>
			<report>
				<misses>695001</misses>
				<total>598488</total>
				<timestamp>69.509847</timestamp>
			</report>
			<report>
				<misses>696001</misses>
				<total>599487</total>
				<timestamp>69.609810</timestamp>
			</report>
			<report>
				<misses>697001</misses>
				<total>600486</total>
				<timestamp>69.709948</timestamp>
			</report>
			<report>
				<misses>698001</misses>
				<total>601485</total>
				<timestamp>69.809989</timestamp>
			</report>
			<report>
				<misses>699001</misses>
				<total>602484</total>
				<timestamp>69.909891</timestamp>
			</report>
			<report>
				<misses>700001</misses>
				<total>603483</total>
				<timestamp>70.009942</timestamp>
			</report>
			<report>
				<misses>701001</misses>
				<total>604482</total>
				<timestamp>70.109953</timestamp>
			</report>
			<report>
				<misses>702001</misses>
				<total>605481</total>
				<timestamp>70.209933</timestamp>
			</report>
			<report>
				<misses>703001</misses>
				<total>606480</total>
				<timestamp>70.309941</timestamp>
			</report>
			<report>
				<misses>704001</misses>
				<total>607479</total>
				<timestamp>70.412072</timestamp>
			</report>
			<report>
				<misses>705001</misses>
				<total>608478</total>
				<timestamp>70.514272</timestamp>
			</report>
			<report>
				<misses>706001</misses>
				<total>609477</total>
				<timestamp>70.614230</timestamp>
			</report>
			<report>
				<misses>707001</misses>
				<total>610476</total>
				<timestamp>70.714344</timestamp>
			</report>
			<report>
				<misses>708001</misses>
				<total>611475</total>
				<timestamp>70.814319</timestamp>
			</report>
			<report>
				<misses>709001</misses>
				<total>612474</total>
				<timestamp>70.914367</timestamp>
			</report>
			<report>
				<misses>710001</misses>
				<total>613473</total>
				<timestamp>71.014312</timestamp>
			</report>
			<report>
				<misses>711001</misses>
				<total>614472</total>
				<timestamp>71.114290</timestamp>
			</report>
			<report>
				<misses>712001</misses>
				<total>615471</total>
				<timestamp>71.214231</timestamp>
			</report>
			<report>
				<misses>713001</misses>
				<total>616470</total>
				<timestamp>71.314244</timestamp>
			</report>
			<report>
				<misses>714001</misses>
				<total>617469</total>
				<timestamp>71.414227</timestamp>
			</report>
			<report>
				<misses>715001</misses>
				<total>618468</total>
				<timestamp>71.514231</timestamp>
			</report>
			<report>
				<misses>716001</misses>
				<total>619467</total>
				<timestamp>71.614252</timestamp>
			</report>
			<report>
				<misses>717001</misses>
				<total>620466</total>
				<timestamp>71.714211</timestamp>
			</report>
			<report>
				<misses>718001</misses>
				<total>621465</total>
				<timestamp>71.814217</timestamp>
			</report>
			<report>
				<misses>719001</misses>
				<total>622464</total>
				<timestamp>71.914234</timestamp>
			</report>
			<report>
				<misses>720001</misses>
				<total>623463</total>
				<timestamp>72.014231</timestamp>
			</report>
			<report>
				<misses>721001</misses>
				<total>624462</total>
				<timestamp>72.114222</timestamp>
			</report>
			<report>
				<misses>722001</misses>
				<total>625461</total>
				<timestamp>72.214227</timestamp>
			</report>
			<report>
				<misses>723001</misses>
				<total>626460</total>
				<timestamp>72.314203</timestamp>
			</report>
			<report>
				<misses>724001</misses>
				<total>627459</total>
				<timestamp>72.414237</timestamp>
			</report>
			<report>
				<misses>725001</misses>
				<total>628458</total>
				<timestamp>72.514220</timestamp>
			</report>
			<report>
				<misses>726001</misses>
				<total>629457</total>
				<timestamp>72.614229</timestamp>
			</report>
			<report>
				<misses>727001</misses>
				<total>630456</total>
				<timestamp>72.714223</timestamp>
			</report>
			<report>
				<misses>728001</misses>
				<total>631455</total>
				<timestamp>72.814202</timestamp>
			</report>
			<report>
				<misses>729001</misses>
				<total>632454</total>
				<timestamp>72.914215</timestamp>
			</report>
			<report>
				<misses>730001</misses>
				<total>633453</total>
				<timestamp>73.014233</timestamp>
			</report>
			<report>
				<misses>731001</misses>
				<total>634452</total>
				<timestamp>73.114210</timestamp>
			</report>
			<report>
				<misses>732001</misses>
				<total>635451</total>
				<timestamp>73.214187</timestamp>
			</report>
			<report>
				<misses>733001</misses>
				<total>636450</total>
				<timestamp>73.314106</timestamp>
			</report>
			<report>
				<misses>734001</misses>
				<total>637449</total>
				<timestamp>73.414127</timestamp>
			</report>
			<report>
				<misses>735001</misses>
				<total>638448</total>
				<timestamp>73.514098</timestamp>
			</report>
			<report>
				<misses>736001</misses>
				<total>639447</total>
				<timestamp>73.614100</timestamp>
			</report>
			<report>
				<misses>737001</misses>
				<total>640446</total>
				<timestamp>73.714100</timestamp>
			</report>
			<report>
				<misses>738001</misses>
				<total>641445</total>
				<timestamp>73.814238</timestamp>
			</report>
			<report>
				<misses>739001</misses>
				<total>642444</total>
				<timestamp>73.914325</timestamp>
			</report>
			<report>
				<misses>740001</misses>
				<total>643443</total>
				<timestamp>74.014399</timestamp>
			</report>
			<report>
				<misses>741001</misses>
				<total>644442</total>
				<timestamp>74.114421</timestamp>
			</report>
			<report>
				<misses>742001</misses>
				<total>645441</total>
				<timestamp>74.214541</timestamp>
			</report>
			<report>
				<misses>743001</misses>
				<total>646440</total>
				<timestamp>74.314546</timestamp>
			</report>
			<report>
				<misses>744001</misses>
				<total>647439</total>
				<timestamp>74.414580</timestamp>
			</report>
			<report>
				<misses>745001</misses>
				<total>648438</total>
				<timestamp>74.514626</timestamp>
			</report>
			<report>
				<misses>746001</misses>
				<total>649437</total>
				<timestamp>74.614723</timestamp>
			</report>
			<report>
				<misses>747001</misses>
				<total>650436</total>
				<timestamp>74.714722</timestamp>
			</report>
			<report>
				<misses>748001</misses>
				<total>651435</total>
				<timestamp>74.814703</timestamp>
			</report>
			<report>
				<misses>749001</misses>
				<total>652434</total>
				<timestamp>74.914763</timestamp>
			</report>
			<report>
				<misses>750001</misses>
				<total>653433</total>
				<timestamp>75.014797</timestamp>
			</report>
			<report>
				<misses>751001</misses>
				<total>654432</total>
				<timestamp>75.114852</timestamp>
			</report>
			<report>
				<misses>752001</misses>
				<total>655431</total>
				<timestamp>75.214806</timestamp>
			</report>
			<report>
				<misses>753001</misses>
				<total>656430</total>
				<timestamp>75.314797</timestamp>
			</report>
			<report>
				<misses>754001</misses>
				<total>657429</total>
				<timestamp>75.414788</timestamp>
			</report>
			<report>
				<misses>755001</misses>
				<total>658428</total>
				<timestamp>75.514819</timestamp>
			</report>
			<report>
				<misses>756001</misses>
				<total>659427</total>
				<timestamp>75.614832</timestamp>
			</report>
			<report>
				<misses>757001</misses>
				<total>660426</total>
				<timestamp>75.714829</timestamp>
			</report>
			<report>
				<misses>758001</misses>
				<total>661425</total>
				<timestamp>75.814787</timestamp>
			</report>
			<report>
				<misses>759001</misses>
				<total>662424</total>
				<timestamp>75.914750</timestamp>
			</report>
			<report>
				<misses>760001</misses>
				<total>663423</total>
				<timestamp>76.014703</timestamp>
			</report>
			<report>
				<misses>761001</misses>
				<total>664422</total>
				<timestamp>76.114724</timestamp>
			</report>
			<report>
				<misses>762001</misses>
				<total>665421</total>
				<timestamp>76.214706</timestamp>
			</report>
			<report>
				<misses>763001</misses>
				<total>666420</total>
				<timestamp>76.314796</timestamp>
			</report>
			<report>
				<misses>764001</misses>
				<total>667419</total>
				<timestamp>76.415005</timestamp>
			</report>
			<report>
				<misses>765001</misses>
				<total>668418</total>
				<timestamp>76.515002</timestamp>
			</report>
			<report>
				<misses>766001</misses>
				<total>669417</total>
				<timestamp>76.614992</timestamp>
			</report>
			<report>
				<misses>767001</misses>
				<total>670416</total>
				<timestamp>76.714859</timestamp>
			</report>
			<report>
				<misses>768001</misses>
				<total>671415</total>
				<timestamp>76.814815</timestamp>
			</report>
			<report>
				<misses>769001</misses>
				<total>672414</total>
				<timestamp>76.914781</timestamp>
			</report>
			<report>
				<misses>770001</misses>
				<total>673413</total>
				<timestamp>77.014735</timestamp>
			</report>
			<report>
				<misses>771001</misses>
				<total>674412</total>
				<timestamp>77.114686</timestamp>
			</report>
			<report>
				<misses>772001</misses>
				<total>675411</total>
				<timestamp>77.214593</timestamp>
			</report>
			<report>
				<misses>773001</misses>
				<total>676410</total>
				<timestamp>77.314611</timestamp>
			</report>
			<report>
				<misses>774001</misses>
				<total>677409</total>
				<timestamp>77.414683</timestamp>
			</report>
			<report>
				<misses>775001</misses>
				<total>678408</total>
				<timestamp>77.514605</timestamp>
			</report>
			<report>
				<misses>776001</misses>
				<total>679407</total>
				<timestamp>77.614618</timestamp>
			</report>
			<report>
				<misses>777001</misses>
				<total>680406</total>
				<timestamp>77.714607</timestamp>
			</report>
			<report>
				<misses>778001</misses>
				<total>681405</total>
				<timestamp>77.814619</timestamp>
			</report>
			<report>
				<misses>779001</misses>
				<total>682404</total>
				<timestamp>77.914704</timestamp>
			</report>
			<report>
				<misses>780001</misses>
				<total>683403</total>
				<timestamp>78.014759</timestamp>
			</report>
			<report>
				<misses>781001</misses>
				<total>684402</total>
				<timestamp>78.114717</timestamp>
			</report>
			<report>
				<misses>782001</misses>
				<total>685401</total>
				<timestamp>78.214786</timestamp>
			</report>
			<report>
				<misses>783001</misses>
				<total>686400</total>
				<timestamp>78.314803</timestamp>
			</report>
			<report>
				<misses>784001</misses>
				<total>687399</total>
				<timestamp>78.414829</timestamp>
			</report>
			<report>
				<misses>785001</misses>
				<total>688398</total>
				<timestamp>78.514781</timestamp>
			</report>
			<report>
				<misses>786001</misses>
				<total>689397</total>
				<timestamp>78.614809</timestamp>
			</report>
			<report>
				<misses>787001</misses>
				<total>690396</total>
				<timestamp>78.714777</timestamp>
			</report>
			<report>
				<misses>788001</misses>
				<total>691395</total>
				<timestamp>78.814705</timestamp>
			</report>
			<report>
				<misses>789001</misses>
				<total>692394</total>
				<timestamp>78.914745</timestamp>
			</report>
			<report>
				<misses>790001</misses>
				<total>693393</total>
				<timestamp>79.014764</timestamp>
			</report>
			<report>
				<misses>791001</misses>
				<total>694392</total>
				<timestamp>79.114704</timestamp>
			</report>
			<report>
				<misses>792001</misses>
				<total>695391</total>
				<timestamp>79.214908</timestamp>
			</report>
			<report>
				<misses>793001</misses>
				<total>696390</total>
				<timestamp>79.314979</timestamp>
			</report>
			<report>
				<misses>794001</misses>
				<total>697389</total>
				<timestamp>79.414865</timestamp>
			</report>
			<report>
				<misses>795001</misses>
				<total>698388</total>
				<timestamp>79.514777</timestamp>
			</report>
			<report>
				<misses>796001</misses>
				<total>699387</total>
				<timestamp>79.614694</timestamp>
			</report>
			<report>
				<misses>797001</misses>
				<total>700386</total>
				<timestamp>79.714807</timestamp>
			</report>
			<report>
				<misses>798001</misses>
				<total>701385</total>
				<timestamp>79.814808</timestamp>
			</report>
			<report>
				<misses>799001</misses>
				<total>702384</total>
				<timestamp>79.914974</timestamp>
			</report>
			<report>
				<misses>800001</misses>
				<total>703383</total>
				<timestamp>80.014915</timestamp>
			</report>
			<report>
				<misses>801001</misses>
				<total>704382</total>
				<timestamp>80.114882</timestamp>
			</report>
			<report>
				<misses>802001</misses>
				<total>705381</total>
				<timestamp>80.214834</timestamp>
			</report>
			<report>
				<misses>803001</misses>
				<total>706380</total>
				<timestamp>80.314805</timestamp>
			</report>
			<report>
				<misses>804001</misses>
				<total>707379</total>
				<timestamp>80.414769</timestamp>
			</report>
			<report>
				<misses>805001</misses>
				<total>708378</total>
				<timestamp>80.514668</timestamp>
			</report>
			<report>
				<misses>806001</misses>
				<total>709377</total>
				<timestamp>80.614638</timestamp>
			</report>
			<report>
				<misses>807001</misses>
				<total>710376</total>
				<timestamp>80.714635</timestamp>
			</report>
			<report>
				<misses>808001</misses>
				<total>711375</total>
				<timestamp>80.814668</timestamp>
			</report>
			<report>
				<misses>809001</misses>
				<total>712374</total>
				<timestamp>80.914731</timestamp>
			</report>
			<report>
				<misses>810001</misses>
				<total>713373</total>
				<timestamp>81.014733</timestamp>
			</report>
			<report>
				<misses>811001</misses>
				<total>714372</total>
				<timestamp>81.114819</timestamp>
			</report>
			<report>
				<misses>812001</misses>
				<total>715371</total>
				<timestamp>81.214783</timestamp>
			</report>
			<report>
				<misses>813001</misses>
				<total>716370</total>
				<timestamp>81.314661</timestamp>
			</report>
			<report>
				<misses>814001</misses>
				<total>717369</total>
				<timestamp>81.414679</timestamp>
			</report>
			<report>
				<misses>815001</misses>
				<total>718368</total>
				<timestamp>81.514668</timestamp>
			</report>
			<report>
				<misses>816001</misses>
				<total>719367</total>
				<timestamp>81.614667</timestamp>
			</report>
			<report>
				<misses>817001</misses>
				<total>720366</total>
				<timestamp>81.714675</timestamp>
			</report>
			<report>
				<misses>818001</misses>
				<total>721365</total>
				<timestamp>81.814675</timestamp>
			</report>
			<report>
				<misses>819001</misses>
				<total>722364</total>
				<timestamp>81.914655</timestamp>
			</report>
			<report>
				<misses>820001</misses>
				<total>723363</total>
				<timestamp>82.014679</timestamp>
			</report>
			<report>
				<misses>821001</misses>
				<total>724362</total>
				<timestamp>82.114681</timestamp>
			</report>
			<report>
				<misses>822001</misses>
				<total>725361</total>
				<timestamp>82.214701</timestamp>
			</report>
			<report>
				<misses>823001</misses>
				<total>726360</total>
				<timestamp>82.314667</timestamp>
			</report>
			<report>
				<misses>824001</misses>
				<total>727359</total>
				<timestamp>82.414637</timestamp>
			</report>
			<report>
				<misses>825001</misses>
				<total>728358</total>
				<timestamp>82.514660</timestamp>
			</report>
			<report>
				<misses>826001</misses>
				<total>729357</total>
				<timestamp>82.614681</timestamp>
			</report>
			<report>
				<misses>827001</misses>
				<total>730356</total>
				<timestamp>82.714695</timestamp>
			</report>
			<report>
				<misses>828001</misses>
				<total>731355</total>
				<timestamp>82.814784</timestamp>
			</report>
			<report>
				<misses>829001</misses>
				<total>732354</total>
				<timestamp>82.914769</timestamp>
			</report>
			<report>
				<misses>830001</misses>
				<total>733353</total>
				<timestamp>83.014782</timestamp>
			</report>
			<report>
				<misses>831001</misses>
				<total>734352</total>
				<timestamp>83.114700</timestamp>
			</report>
			<report>
				<misses>832001</misses>
				<total>735351</total>
				<timestamp>83.214807</timestamp>
			</report>
			<report>
				<misses>833001</misses>
				<total>736350</total>
				<timestamp>83.314781</timestamp>
			</report>
			<report>
				<misses>834001</misses>
				<total>737349</total>
				<timestamp>83.414700</timestamp>
			</report>
			<report>
				<misses>835001</misses>
				<total>738348</total>
				<timestamp>83.514676</timestamp>
			</report>
			<report>
				<misses>836001</misses>
				<total>739347</total>
				<timestamp>83.614648</timestamp>
			</report>
			<report>
				<misses>837001</misses>
				<total>740346</total>
				<timestamp>83.714779</timestamp>
			</report>
			<report>
				<misses>838001</misses>
				<total>741345</total>
				<timestamp>83.815797</timestamp>
			</report>
			<report>
				<misses>839001</misses>
				<total>742344</total>
				<timestamp>83.916001</timestamp>
			</report>
			<report>
				<misses>840001</misses>
				<total>743343</total>
				<timestamp>84.015990</timestamp>
			</report>
			<report>
				<misses>841001</misses>
				<total>744342</total>
				<timestamp>84.115865</timestamp>
			</report>
			<report>
				<misses>842001</misses>
				<total>745341</total>
				<timestamp>84.215884</timestamp>
			</report>
			<report>
				<misses>843001</misses>
				<total>746340</total>
				<timestamp>84.315776</timestamp>
			</report>
			<report>
				<misses>844001</misses>
				<total>747339</total>
				<timestamp>84.415764</timestamp>
			</report>
			<report>
				<misses>845001</misses>
				<total>748338</total>
				<timestamp>84.515771</timestamp>
			</report>
			<report>
				<misses>846001</misses>
				<total>749337</total>
				<timestamp>84.615765</timestamp>
			</report>
			<report>
				<misses>847001</misses>
				<total>750336</total>
				<timestamp>84.715770</timestamp>
			</report>
			<report>
				<misses>848001</misses>
				<total>751335</total>
				<timestamp>84.815672</timestamp>
			</report>
			<report>
				<misses>849001</misses>
				<total>752334</total>
				<timestamp>84.915643</timestamp>
			</report>
			<report>
				<misses>850001</misses>
				<total>753333</total>
				<timestamp>85.015663</timestamp>
			</report>
			<report>
				<misses>851001</misses>
				<total>754332</total>
				<timestamp>85.115651</timestamp>
			</report>
			<report>
				<misses>852001</misses>
				<total>755331</total>
				<timestamp>85.215624</timestamp>
			</report>
			<report>
				<misses>853001</misses>
				<total>756330</total>
				<timestamp>85.315645</timestamp>
			</report>
			<report>
				<misses>854001</misses>
				<total>757329</total>
				<timestamp>85.415654</timestamp>
			</report>
			<report>
				<misses>855001</misses>
				<total>758328</total>
				<timestamp>85.515632</timestamp>
			</report>
			<report>
				<misses>856001</misses>
				<total>759327</total>
				<timestamp>85.615629</timestamp>
			</report>
			<report>
				<misses>857001</misses>
				<total>760326</total>
				<timestamp>85.715628</timestamp>
			</report>
			<report>
				<misses>858001</misses>
				<total>761325</total>
				<timestamp>85.815647</timestamp>
			</report>
			<report>
				<misses>859001</misses>
				<total>762324</total>
				<timestamp>85.915620</timestamp>
			</report>
			<report>
				<misses>860001</misses>
				<total>763323</total>
				<timestamp>86.015706</timestamp>
			</report>
			<report>
				<misses>861001</misses>
				<total>764322</total>
				<timestamp>86.115682</timestamp>
			</report>
			<report>
				<misses>862001</misses>
				<total>765321</total>
				<timestamp>86.215725</timestamp>
			</report>
			<report>
				<misses>863001</misses>
				<total>766320</total>
				<timestamp>86.315688</timestamp>
			</report>
			<report>
				<misses>864001</misses>
				<total>767319</total>
				<timestamp>86.415633</timestamp>
			</report>
			<report>
				<misses>865001</misses>
				<total>768318</total>
				<timestamp>86.515626</timestamp>
			</report>
			<report>
				<misses>866001</misses>
				<total>769317</total>
				<timestamp>86.615613</timestamp>
			</report>
			<report>
				<misses>867001</misses>
				<total>770316</total>
				<timestamp>86.715628</timestamp>
			</report>
			<report>
				<misses>868001</misses>
				<total>771315</total>
				<timestamp>86.815677</timestamp>
			</report>
			<report>
				<misses>869001</misses>
				<total>772314</total>
				<timestamp>86.915633</timestamp>
			</report>
			<report>
				<misses>870001</misses>
				<total>773313</total>
				<timestamp>87.015607</timestamp>
			</report>
			<report>
				<misses>871001</misses>
				<total>774312</total>
				<timestamp>87.115612</timestamp>
			</report>
			<report>
				<misses>872001</misses>
				<total>775311</total>
				<timestamp>87.215629</timestamp>
			</report>
			<report>
				<misses>873001</misses>
				<total>776310</total>
				<timestamp>87.315639</timestamp>
			</report>
			<report>
				<misses>874001</misses>
				<total>777309</total>
				<timestamp>87.415678</timestamp>
			</report>
			<report>
				<misses>875001</misses>
				<total>778308</total>
				<timestamp>87.515633</timestamp>
			</report>
			<report>
				<misses>876001</misses>
				<total>779307</total>
				<timestamp>87.615622</timestamp>
			</report>
			<report>
				<misses>877001</misses>
				<total>780306</total>
				<timestamp>87.715619</timestamp>
			</report>
			<report>
				<misses>878001</misses>
				<total>781305</total>
				<timestamp>87.815643</timestamp>
			</report>
			<report>
				<misses>879001</misses>
				<total>782304</total>
				<timestamp>87.915675</timestamp>
			</report>
			<report>
				<misses>880001</misses>
				<total>783303</total>
				<timestamp>88.015636</timestamp>
			</report>
			<report>
				<misses>881001</misses>
				<total>784302</total>
				<timestamp>88.115702</timestamp>
			</report>
			<report>
				<misses>882001</misses>
				<total>785301</total>
				<timestamp>88.215684</timestamp>
			</report>
			<report>
				<misses>883001</misses>
				<total>786300</total>
				<timestamp>88.315620</timestamp>
			</report>
			<report>
				<misses>884001</misses>
				<total>787299</total>
				<timestamp>88.415687</timestamp>
			</report>
			<report>
				<misses>885001</misses>
				<total>788298</total>
				<timestamp>88.515606</timestamp>
			</report>
			<report>
				<misses>886001</misses>
				<total>789297</total>
				<timestamp>88.615668</timestamp>
			</report>
			<report>
				<misses>887001</misses>
				<total>790296</total>
				<timestamp>88.715683</timestamp>
			</report>
			<report>
				<misses>888001</misses>
				<total>791295</total>
				<timestamp>88.815645</timestamp>
			</report>
			<report>
				<misses>889001</misses>
				<total>792294</total>
				<timestamp>88.915637</timestamp>
			</report>
			<report>
				<misses>890001</misses>
				<total>793293</total>
				<timestamp>89.015812</timestamp>
			</report>
			<report>
				<misses>891001</misses>
				<total>794292</total>
				<timestamp>89.115979</timestamp>
			</report>
			<report>
				<misses>892001</misses>
				<total>795291</total>
				<timestamp>89.215959</timestamp>
			</report>
			<report>
				<misses>893001</misses>
				<total>796290</total>
				<timestamp>89.315964</timestamp>
			</report>
			<report>
				<misses>894001</misses>
				<total>797289</total>
				<timestamp>89.415975</timestamp>
			</report>
			<report>
				<misses>895001</misses>
				<total>798288</total>
				<timestamp>89.515967</timestamp>
			</report>
			<report>
				<misses>896001</misses>
				<total>799287</total>
				<timestamp>89.615982</timestamp>
			</report>
			<report>
				<misses>897001</misses>
				<total>800286</total>
				<timestamp>89.715990</timestamp>
			</report>
			<report>
				<misses>898001</misses>
				<total>801285</total>
				<timestamp>89.815887</timestamp>
			</report>
			<report>
				<misses>899001</misses>
				<total>802284</total>
				<timestamp>89.915795</timestamp>
			</report>
			<report>
				<misses>900001</misses>
				<total>803283</total>
				<timestamp>90.015932</timestamp>
			</report>
			<report>
				<misses>901001</misses>
				<total>804282</total>
				<timestamp>90.115869</timestamp>
			</report>
			<report>
				<misses>902001</misses>
				<total>805281</total>
				<timestamp>90.215866</timestamp>
			</report>
			<report>
				<misses>903001</misses>
				<total>806280</total>
				<timestamp>90.315940</timestamp>
			</report>
			<report>
				<misses>904001</misses>
				<total>807279</total>
				<timestamp>90.415954</timestamp>
			</report>
			<report>
				<misses>905001</misses>
				<total>808278</total>
				<timestamp>90.515981</timestamp>
			</report>
			<report>
				<misses>906001</misses>
				<total>809277</total>
				<timestamp>90.615984</timestamp>
			</report>
			<report>
				<misses>907001</misses>
				<total>810276</total>
				<timestamp>90.715997</timestamp>
			</report>
			<report>
				<misses>908001</misses>
				<total>811275</total>
				<timestamp>90.816009</timestamp>
			</report>
			<report>
				<misses>909001</misses>
				<total>812274</total>
				<timestamp>90.916079</timestamp>
			</report>
			<report>
				<misses>910001</misses>
				<total>813273</total>
				<timestamp>91.015996</timestamp>
			</report>
			<report>
				<misses>911001</misses>
				<total>814272</total>
				<timestamp>91.116048</timestamp>
			</report>
			<report>
				<misses>912001</misses>
				<total>815271</total>
				<timestamp>91.215976</timestamp>
			</report>
			<report>
				<misses>913001</misses>
				<total>816270</total>
				<timestamp>91.315976</timestamp>
			</report>
			<report>
				<misses>914001</misses>
				<total>817269</total>
				<timestamp>91.415886</timestamp>
			</report>
			<report>
				<misses>915001</misses>
				<total>818268</total>
				<timestamp>91.515855</timestamp>
			</report>
			<report>
				<misses>916001</misses>
				<total>819267</total>
				<timestamp>91.615770</timestamp>
			</report>
			<report>
				<misses>917001</misses>
				<total>820266</total>
				<timestamp>91.715761</timestamp>
			</report>
			<report>
				<misses>918001</misses>
				<total>821265</total>
				<timestamp>91.815688</timestamp>
			</report>
			<report>
				<misses>919001</misses>
				<total>822264</total>
				<timestamp>91.915657</timestamp>
			</report>
			<report>
				<misses>920001</misses>
				<total>823263</total>
				<timestamp>92.015599</timestamp>
			</report>
			<report>
				<misses>921001</misses>
				<total>824262</total>
				<timestamp>92.115648</timestamp>
			</report>
			<report>
				<misses>922001</misses>
				<total>825261</total>
				<timestamp>92.215603</timestamp>
			</report>
			<report>
				<misses>923001</misses>
				<total>826260</total>
				<timestamp>92.315631</timestamp>
			</report>
			<report>
				<misses>924001</misses>
				<total>827259</total>
				<timestamp>92.415671</timestamp>
			</report>
			<report>
				<misses>925001</misses>
				<total>828258</total>
				<timestamp>92.515642</timestamp>
			</report>
			<report>
				<misses>926001</misses>
				<total>828429</total>
				<timestamp>92.615654</timestamp>
			</report>
			<report>
				<misses>927001</misses>
				<total>828429</total>
				<timestamp>92.715576</timestamp>
			</report>
			<report>
				<misses>928001</misses>
				<total>828429</total>
				<timestamp>92.815524</timestamp>
			</report>
			<report>
				<misses>929001</misses>
				<total>828429</total>
				<timestamp>92.915500</timestamp>
			</report>
			<report>
				<misses>930001</misses>
				<total>828430</total>
				<timestamp>93.015496</timestamp>
			</report>
			<report>
				<misses>931001</misses>
				<total>828429</total>
				<timestamp>93.115507</timestamp>
			</report>
			<report>
				<misses>932001</misses>
				<total>828432</total>
				<timestamp>93.215541</timestamp>
			</report>
			<report>
				<misses>933001</misses>
				<total>828432</total>
				<timestamp>93.315549</timestamp>
			</report>
			<report>
				<misses>934001</misses>
				<total>828432</total>
				<timestamp>93.415488</timestamp>
			</report>
			<report>
				<misses>935001</misses>
				<total>828432</total>
				<timestamp>93.515435</timestamp>
			</report>
			<report>
				<misses>936001</misses>
				<total>828432</total>
				<timestamp>93.615432</timestamp>
			</report>
			<report>
				<misses>937001</misses>
				<total>828433</total>
				<timestamp>93.715449</timestamp>
			</report>
			<report>
				<misses>938001</misses>
				<total>828433</total>
				<timestamp>93.815453</timestamp>
			</report>
			<report>
				<misses>939001</misses>
				<total>828433</total>
				<timestamp>93.915449</timestamp>
			</report>
			<report>
				<misses>940001</misses>
				<total>828441</total>
				<timestamp>94.015476</timestamp>
			</report>
			<report>
				<misses>941001</misses>
				<total>828450</total>
				<timestamp>94.115453</timestamp>
			</report>
			<report>
				<misses>942001</misses>
				<total>828450</total>
				<timestamp>94.215449</timestamp>
			</report>
			<report>
				<misses>943001</misses>
				<total>828450</total>
				<timestamp>94.315431</timestamp>
			</report>
			<report>
				<misses>944001</misses>
				<total>828927</total>
				<timestamp>94.415433</timestamp>
			</report>
			<report>
				<misses>945001</misses>
				<total>829926</total>
				<timestamp>94.515490</timestamp>
			</report>
			<report>
				<misses>946001</misses>
				<total>830925</total>
				<timestamp>94.615436</timestamp>
			</report>
			<report>
				<misses>947001</misses>
				<total>831924</total>
				<timestamp>94.715450</timestamp>
			</report>
			<report>
				<misses>948001</misses>
				<total>832923</total>
				<timestamp>94.815428</timestamp>
			</report>
			<report>
				<misses>949001</misses>
				<total>833922</total>
				<timestamp>94.915467</timestamp>
			</report>
			<report>
				<misses>950001</misses>
				<total>834921</total>
				<timestamp>95.015440</timestamp>
			</report>
			<report>
				<misses>951001</misses>
				<total>835694</total>
				<timestamp>95.115445</timestamp>
			</report>
			<report>
				<misses>952001</misses>
				<total>835694</total>
				<timestamp>95.215435</timestamp>
			</report>
			<report>
				<misses>953001</misses>
				<total>836030</total>
				<timestamp>95.315492</timestamp>
			</report>
			<report>
				<misses>954001</misses>
				<total>837029</total>
				<timestamp>95.415548</timestamp>
			</report>
			<report>
				<misses>955001</misses>
				<total>838028</total>
				<timestamp>95.515498</timestamp>
			</report>
			<report>
				<misses>956001</misses>
				<total>839027</total>
				<timestamp>95.615554</timestamp>
			</report>
			<report>
				<misses>957001</misses>
				<total>840026</total>
				<timestamp>95.715573</timestamp>
			</report>
			<report>
				<misses>958001</misses>
				<total>841025</total>
				<timestamp>95.815586</timestamp>
			</report>
			<report>
				<misses>959001</misses>
				<total>842024</total>
				<timestamp>95.915592</timestamp>
			</report>
			<report>
				<misses>960001</misses>
				<total>843023</total>
				<timestamp>96.015580</timestamp>
			</report>
			<report>
				<misses>961001</misses>
				<total>844022</total>
				<timestamp>96.115595</timestamp>
			</report>
			<report>
				<misses>962001</misses>
				<total>844034</total>
				<timestamp>96.215643</timestamp>
			</report>
			<report>
				<misses>963001</misses>
				<total>844034</total>
				<timestamp>96.315633</timestamp>
			</report>
			<report>
				<misses>964001</misses>
				<total>844033</total>
				<timestamp>96.415639</timestamp>
			</report>
			<report>
				<misses>965001</misses>
				<total>844034</total>
				<timestamp>96.515562</timestamp>
			</report>
			<report>
				<misses>966001</misses>
				<total>844034</total>
				<timestamp>96.615563</timestamp>
			</report>
			<report>
				<misses>967001</misses>
				<total>844034</total>
				<timestamp>96.715562</timestamp>
			</report>
			<report>
				<misses>968001</misses>
				<total>844039</total>
				<timestamp>96.815560</timestamp>
			</report>
			<report>
				<misses>969001</misses>
				<total>844039</total>
				<timestamp>96.915548</timestamp>
			</report>
			<report>
				<misses>970001</misses>
				<total>844039</total>
				<timestamp>97.015483</timestamp>
			</report>
			<report>
				<misses>971001</misses>
				<total>844054</total>
				<timestamp>97.115447</timestamp>
			</report>
			<report>
				<misses>972001</misses>
				<total>844054</total>
				<timestamp>97.215474</timestamp>
			</report>
			<report>
				<misses>973001</misses>
				<total>844823</total>
				<timestamp>97.315417</timestamp>
			</report>
			<report>
				<misses>974001</misses>
				<total>845822</total>
				<timestamp>97.415416</timestamp>
			</report>
			<report>
				<misses>975001</misses>
				<total>846821</total>
				<timestamp>97.515425</timestamp>
			</report>
			<report>
				<misses>976001</misses>
				<total>847820</total>
				<timestamp>97.615510</timestamp>
			</report>
			<report>
				<misses>977001</misses>
				<total>848819</total>
				<timestamp>97.715551</timestamp>
			</report>
			<report>
				<misses>978001</misses>
				<total>849818</total>
				<timestamp>97.815554</timestamp>
			</report>
			<report>
				<misses>979001</misses>
				<total>850817</total>
				<timestamp>97.915560</timestamp>
			</report>
			<report>
				<misses>980001</misses>
				<total>851816</total>
				<timestamp>98.015566</timestamp>
			</report>
			<report>
				<misses>981001</misses>
				<total>852815</total>
				<timestamp>98.115477</timestamp>
			</report>
			<report>
				<misses>982001</misses>
				<total>853814</total>
				<timestamp>98.215467</timestamp>
			</report>
			<report>
				<misses>983001</misses>
				<total>854813</total>
				<timestamp>98.315424</timestamp>
			</report>
			<report>
				<misses>984001</misses>
				<total>855812</total>
				<timestamp>98.415474</timestamp>
			</report>
			<report>
				<misses>985001</misses>
				<total>856811</total>
				<timestamp>98.515489</timestamp>
			</report>
			<report>
				<misses>986001</misses>
				<total>857810</total>
				<timestamp>98.615486</timestamp>
			</report>
			<report>
				<misses>987001</misses>
				<total>858809</total>
				<timestamp>98.715475</timestamp>
			</report>
			<report>
				<misses>988001</misses>
				<total>859808</total>
				<timestamp>98.815573</timestamp>
			</report>
			<report>
				<misses>989001</misses>
				<total>860807</total>
				<timestamp>98.915545</timestamp>
			</report>
			<report>
				<misses>990001</misses>
				<total>861806</total>
				<timestamp>99.015545</timestamp>
			</report>
			<report>
				<misses>991001</misses>
				<total>862805</total>
				<timestamp>99.115599</timestamp>
			</report>
			<report>
				<misses>992001</misses>
				<total>863804</total>
				<timestamp>99.215646</timestamp>
			</report>
			<report>
				<misses>993001</misses>
				<total>864803</total>
				<timestamp>99.315584</timestamp>
			</report>
			<report>
				<misses>994001</misses>
				<total>865802</total>
				<timestamp>99.415648</timestamp>
			</report>
			<report>
				<misses>995001</misses>
				<total>866801</total>
				<timestamp>99.515650</timestamp>
			</report>
			<report>
				<misses>996001</misses>
				<total>867800</total>
				<timestamp>99.615620</timestamp>
			</report>
			<report>
				<misses>997001</misses>
				<total>868799</total>
				<timestamp>99.715687</timestamp>
			</report>
			<report>
				<misses>998001</misses>
				<total>869798</total>
				<timestamp>99.815630</timestamp>
			</report>
			<report>
				<misses>999001</misses>
				<total>870797</total>
				<timestamp>99.915662</timestamp>
			</report>
			<report>
				<misses>1000001</misses>
				<total>871796</total>
				<timestamp>100.015593</timestamp>
			</report>
			<report>
				<misses>1001001</misses>
				<total>872795</total>
				<timestamp>100.115637</timestamp>
			</report>
			<report>
				<misses>1002001</misses>
				<total>873794</total>
				<timestamp>100.215626</timestamp>
			</report>
			<report>
				<misses>1003001</misses>
				<total>874793</total>
				<timestamp>100.315674</timestamp>
			</report>
			<report>
				<misses>1004001</misses>
				<total>875792</total>
				<timestamp>100.415620</timestamp>
			</report>
			<report>
				<misses>1005001</misses>
				<total>876791</total>
				<timestamp>100.515659</timestamp>
			</report>
			<report>
				<misses>1006001</misses>
				<total>877790</total>
				<timestamp>100.615657</timestamp>
			</report>
			<report>
				<misses>1007001</misses>
				<total>878789</total>
				<timestamp>100.715643</timestamp>
			</report>
			<report>
				<misses>1008001</misses>
				<total>879788</total>
				<timestamp>100.815586</timestamp>
			</report>
			<report>
				<misses>1009001</misses>
				<total>880787</total>
				<timestamp>100.915524</timestamp>
			</report>
			<report>
				<misses>1010001</misses>
				<total>881786</total>
				<timestamp>101.015577</timestamp>
			</report>
			<report>
				<misses>1011001</misses>
				<total>882785</total>
				<timestamp>101.115615</timestamp>
			</report>
			<report>
				<misses>1012001</misses>
				<total>883784</total>
				<timestamp>101.215669</timestamp>
			</report>
			<report>
				<misses>1013001</misses>
				<total>884783</total>
				<timestamp>101.315655</timestamp>
			</report>
			<report>
				<misses>1014001</misses>
				<total>885782</total>
				<timestamp>101.415687</timestamp>
			</report>
			<report>
				<misses>1015001</misses>
				<total>886781</total>
				<timestamp>101.515610</timestamp>
			</report>
			<report>
				<misses>1016001</misses>
				<total>887780</total>
				<timestamp>101.615563</timestamp>
			</report>
			<report>
				<misses>1017001</misses>
				<total>888779</total>
				<timestamp>101.715515</timestamp>
			</report>
			<report>
				<misses>1018001</misses>
				<total>889778</total>
				<timestamp>101.815517</timestamp>
			</report>
			<report>
				<misses>1019001</misses>
				<total>890777</total>
				<timestamp>101.915546</timestamp>
			</report>
			<report>
				<misses>1020001</misses>
				<total>891776</total>
				<timestamp>102.016691</timestamp>
			</report>
			<report>
				<misses>1021001</misses>
				<total>892775</total>
				<timestamp>102.116590</timestamp>
			</report>
			<report>
				<misses>1022001</misses>
				<total>893774</total>
				<timestamp>102.216508</timestamp>
			</report>
			<report>
				<misses>1023001</misses>
				<total>894773</total>
				<timestamp>102.316521</timestamp>
			</report>
			<report>
				<misses>1024001</misses>
				<total>895772</total>
				<timestamp>102.416521</timestamp>
			</report>
			<report>
				<misses>1025001</misses>
				<total>896771</total>
				<timestamp>102.516519</timestamp>
			</report>
			<report>
				<misses>1026001</misses>
				<total>897770</total>
				<timestamp>102.616508</timestamp>
			</report>
			<report>
				<misses>1027001</misses>
				<total>898769</total>
				<timestamp>102.716545</timestamp>
			</report>
			<report>
				<misses>1028001</misses>
				<total>899768</total>
				<timestamp>102.816546</timestamp>
			</report>
			<report>
				<misses>1029001</misses>
				<total>900767</total>
				<timestamp>102.916509</timestamp>
			</report>
			<report>
				<misses>1030001</misses>
				<total>901766</total>
				<timestamp>103.016517</timestamp>
			</report>
			<report>
				<misses>1031001</misses>
				<total>902765</total>
				<timestamp>103.116566</timestamp>
			</report>
			<report>
				<misses>1032001</misses>
				<total>903764</total>
				<timestamp>103.216517</timestamp>
			</report>
			<report>
				<misses>1033001</misses>
				<total>904763</total>
				<timestamp>103.316522</timestamp>
			</report>
			<report>
				<misses>1034001</misses>
				<total>905762</total>
				<timestamp>103.416569</timestamp>
			</report>
			<report>
				<misses>1035001</misses>
				<total>906761</total>
				<timestamp>103.516589</timestamp>
			</report>
			<report>
				<misses>1036001</misses>
				<total>907760</total>
				<timestamp>103.616497</timestamp>
			</report>
			<report>
				<misses>1037001</misses>
				<total>908759</total>
				<timestamp>103.716522</timestamp>
			</report>
			<report>
				<misses>1038001</misses>
				<total>909758</total>
				<timestamp>103.816503</timestamp>
			</report>
			<report>
				<misses>1039001</misses>
				<total>910757</total>
				<timestamp>103.916515</timestamp>
			</report>
			<report>
				<misses>1040001</misses>
				<total>911756</total>
				<timestamp>104.016505</timestamp>
			</report>
			<report>
				<misses>1041001</misses>
				<total>912755</total>
				<timestamp>104.116501</timestamp>
			</report>
			<report>
				<misses>1042001</misses>
				<total>913754</total>
				<timestamp>104.216523</timestamp>
			</report>
			<report>
				<misses>1043001</misses>
				<total>914753</total>
				<timestamp>104.316489</timestamp>
			</report>
			<report>
				<misses>1044001</misses>
				<total>915752</total>
				<timestamp>104.416428</timestamp>
			</report>
			<report>
				<misses>1045001</misses>
				<total>916751</total>
				<timestamp>104.516484</timestamp>
			</report>
			<report>
				<misses>1046001</misses>
				<total>917750</total>
				<timestamp>104.616414</timestamp>
			</report>
			<report>
				<misses>1047001</misses>
				<total>918749</total>
				<timestamp>104.716519</timestamp>
			</report>
			<report>
				<misses>1048001</misses>
				<total>919748</total>
				<timestamp>104.816612</timestamp>
			</report>
			<report>
				<misses>1049001</misses>
				<total>920747</total>
				<timestamp>104.916571</timestamp>
			</report>
			<report>
				<misses>1050001</misses>
				<total>921746</total>
				<timestamp>105.016549</timestamp>
			</report>
			<report>
				<misses>1051001</misses>
				<total>922745</total>
				<timestamp>105.116513</timestamp>
			</report>
			<report>
				<misses>1052001</misses>
				<total>923744</total>
				<timestamp>105.216522</timestamp>
			</report>
			<report>
				<misses>1053001</misses>
				<total>924743</total>
				<timestamp>105.316540</timestamp>
			</report>
			<report>
				<misses>1054001</misses>
				<total>925742</total>
				<timestamp>105.416506</timestamp>
			</report>
			<report>
				<misses>1055001</misses>
				<total>926741</total>
				<timestamp>105.516504</timestamp>
			</report>
			<report>
				<misses>1056001</misses>
				<total>927740</total>
				<timestamp>105.616549</timestamp>
			</report>
			<report>
				<misses>1057001</misses>
				<total>928739</total>
				<timestamp>105.716497</timestamp>
			</report>
			<report>
				<misses>1058001</misses>
				<total>929738</total>
				<timestamp>105.816502</timestamp>
			</report>
			<report>
				<misses>1059001</misses>
				<total>930737</total>
				<timestamp>105.916497</timestamp>
			</report>
			<report>
				<misses>1060001</misses>
				<total>931736</total>
				<timestamp>106.016547</timestamp>
			</report>
			<report>
				<misses>1061001</misses>
				<total>932735</total>
				<timestamp>106.116504</timestamp>
			</report>
			<report>
				<misses>1062001</misses>
				<total>933734</total>
				<timestamp>106.216495</timestamp>
			</report>
			<report>
				<misses>1063001</misses>
				<total>934733</total>
				<timestamp>106.316550</timestamp>
			</report>
			<report>
				<misses>1064001</misses>
				<total>935732</total>
				<timestamp>106.416565</timestamp>
			</report>
			<report>
				<misses>1065001</misses>
				<total>936731</total>
				<timestamp>106.516500</timestamp>
			</report>
			<report>
				<misses>1066001</misses>
				<total>937730</total>
				<timestamp>106.616512</timestamp>
			</report>
			<report>
				<misses>1067001</misses>
				<total>938729</total>
				<timestamp>106.716526</timestamp>
			</report>
			<report>
				<misses>1068001</misses>
				<total>939728</total>
				<timestamp>106.816543</timestamp>
			</report>
			<report>
				<misses>1069001</misses>
				<total>940727</total>
				<timestamp>106.916578</timestamp>
			</report>
			<report>
				<misses>1070001</misses>
				<total>941726</total>
				<timestamp>107.016538</timestamp>
			</report>
			<report>
				<misses>1071001</misses>
				<total>942725</total>
				<timestamp>107.116569</timestamp>
			</report>
			<report>
				<misses>1072001</misses>
				<total>943724</total>
				<timestamp>107.216576</timestamp>
			</report>
			<report>
				<misses>1073001</misses>
				<total>944723</total>
				<timestamp>107.316581</timestamp>
			</report>
			<report>
				<misses>1074001</misses>
				<total>945722</total>
				<timestamp>107.416527</timestamp>
			</report>
			<report>
				<misses>1075001</misses>
				<total>946721</total>
				<timestamp>107.516596</timestamp>
			</report>
			<report>
				<misses>1076001</misses>
				<total>947720</total>
				<timestamp>107.616654</timestamp>
			</report>
			<report>
				<misses>1077001</misses>
				<total>948719</total>
				<timestamp>107.716697</timestamp>
			</report>
			<report>
				<misses>1078001</misses>
				<total>949718</total>
				<timestamp>107.816759</timestamp>
			</report>
			<report>
				<misses>1079001</misses>
				<total>950717</total>
				<timestamp>107.916781</timestamp>
			</report>
			<report>
				<misses>1080001</misses>
				<total>951716</total>
				<timestamp>108.016716</timestamp>
			</report>
			<report>
				<misses>1081001</misses>
				<total>952715</total>
				<timestamp>108.116700</timestamp>
			</report>
			<report>
				<misses>1082001</misses>
				<total>953714</total>
				<timestamp>108.216847</timestamp>
			</report>
			<report>
				<misses>1083001</misses>
				<total>954713</total>
				<timestamp>108.316887</timestamp>
			</report>
			<report>
				<misses>1084001</misses>
				<total>955712</total>
				<timestamp>108.416831</timestamp>
			</report>
			<report>
				<misses>1085001</misses>
				<total>956711</total>
				<timestamp>108.516891</timestamp>
			</report>
			<report>
				<misses>1086001</misses>
				<total>957710</total>
				<timestamp>108.616795</timestamp>
			</report>
			<report>
				<misses>1087001</misses>
				<total>958709</total>
				<timestamp>108.716876</timestamp>
			</report>
			<report>
				<misses>1088001</misses>
				<total>959708</total>
				<timestamp>108.816880</timestamp>
			</report>
			<report>
				<misses>1089001</misses>
				<total>960707</total>
				<timestamp>108.916814</timestamp>
			</report>
			<report>
				<misses>1090001</misses>
				<total>961706</total>
				<timestamp>109.016849</timestamp>
			</report>
			<report>
				<misses>1091001</misses>
				<total>962705</total>
				<timestamp>109.116875</timestamp>
			</report>
			<report>
				<misses>1092001</misses>
				<total>963704</total>
				<timestamp>109.216772</timestamp>
			</report>
			<report>
				<misses>1093001</misses>
				<total>964703</total>
				<timestamp>109.316791</timestamp>
			</report>
			<report>
				<misses>1094001</misses>
				<total>965702</total>
				<timestamp>109.416717</timestamp>
			</report>
			<report>
				<misses>1095001</misses>
				<total>966701</total>
				<timestamp>109.516714</timestamp>
			</report>
			<report>
				<misses>1096001</misses>
				<total>967700</total>
				<timestamp>109.616688</timestamp>
			</report>
			<report>
				<misses>1097001</misses>
				<total>968699</total>
				<timestamp>109.716590</timestamp>
			</report>
			<report>
				<misses>1098001</misses>
				<total>969698</total>
				<timestamp>109.816595</timestamp>
			</report>
			<report>
				<misses>1099001</misses>
				<total>970697</total>
				<timestamp>109.916733</timestamp>
			</report>
			<report>
				<misses>1100001</misses>
				<total>971696</total>
				<timestamp>110.016679</timestamp>
			</report>
			<report>
				<misses>1101001</misses>
				<total>972695</total>
				<timestamp>110.116565</timestamp>
			</report>
			<report>
				<misses>1102001</misses>
				<total>973694</total>
				<timestamp>110.216487</timestamp>
			</report>
			<report>
				<misses>1103001</misses>
				<total>974693</total>
				<timestamp>110.316471</timestamp>
			</report>
			<report>
				<misses>1104001</misses>
				<total>975692</total>
				<timestamp>110.416387</timestamp>
			</report>
			<report>
				<misses>1105001</misses>
				<total>976691</total>
				<timestamp>110.516338</timestamp>
			</report>
			<report>
				<misses>1106001</misses>
				<total>977690</total>
				<timestamp>110.616397</timestamp>
			</report>
			<report>
				<misses>1107001</misses>
				<total>978689</total>
				<timestamp>110.716466</timestamp>
			</report>
			<report>
				<misses>1108001</misses>
				<total>979688</total>
				<timestamp>110.816462</timestamp>
			</report>
			<report>
				<misses>1109001</misses>
				<total>980687</total>
				<timestamp>110.916463</timestamp>
			</report>
			<report>
				<misses>1110001</misses>
				<total>981686</total>
				<timestamp>111.016500</timestamp>
			</report>
			<report>
				<misses>1111001</misses>
				<total>982685</total>
				<timestamp>111.116592</timestamp>
			</report>
			<report>
				<misses>1112001</misses>
				<total>983684</total>
				<timestamp>111.216572</timestamp>
			</report>
			<report>
				<misses>1113001</misses>
				<total>984683</total>
				<timestamp>111.316519</timestamp>
			</report>
			<report>
				<misses>1114001</misses>
				<total>985682</total>
				<timestamp>111.416524</timestamp>
			</report>
			<report>
				<misses>1115001</misses>
				<total>986681</total>
				<timestamp>111.516477</timestamp>
			</report>
			<report>
				<misses>1116001</misses>
				<total>987680</total>
				<timestamp>111.616387</timestamp>
			</report>
			<report>
				<misses>1117001</misses>
				<total>988679</total>
				<timestamp>111.716320</timestamp>
			</report>
			<report>
				<misses>1118001</misses>
				<total>989678</total>
				<timestamp>111.816472</timestamp>
			</report>
			<report>
				<misses>1119001</misses>
				<total>990677</total>
				<timestamp>111.916798</timestamp>
			</report>
			<report>
				<misses>1120001</misses>
				<total>991676</total>
				<timestamp>112.016769</timestamp>
			</report>
			<report>
				<misses>1121001</misses>
				<total>992675</total>
				<timestamp>112.116742</timestamp>
			</report>
			<report>
				<misses>1122001</misses>
				<total>993674</total>
				<timestamp>112.216666</timestamp>
			</report>
			<report>
				<misses>1123001</misses>
				<total>994673</total>
				<timestamp>112.316642</timestamp>
			</report>
			<report>
				<misses>1124001</misses>
				<total>995672</total>
				<timestamp>112.416580</timestamp>
			</report>
			<report>
				<misses>1125001</misses>
				<total>996671</total>
				<timestamp>112.516477</timestamp>
			</report>
			<report>
				<misses>1126001</misses>
				<total>997670</total>
				<timestamp>112.616522</timestamp>
			</report>
			<report>
				<misses>1127001</misses>
				<total>998669</total>
				<timestamp>112.716626</timestamp>
			</report>
			<report>
				<misses>1128001</misses>
				<total>999668</total>
				<timestamp>112.816696</timestamp>
			</report>
			<report>
				<misses>1129001</misses>
				<total>1000667</total>
				<timestamp>112.916673</timestamp>
			</report>
			<report>
				<misses>1130001</misses>
				<total>1001666</total>
				<timestamp>113.016597</timestamp>
			</report>
			<report>
				<misses>1131001</misses>
				<total>1002665</total>
				<timestamp>113.116611</timestamp>
			</report>
			<report>
				<misses>1132001</misses>
				<total>1003664</total>
				<timestamp>113.216590</timestamp>
			</report>
			<report>
				<misses>1133001</misses>
				<total>1004663</total>
				<timestamp>113.316465</timestamp>
			</report>
			<report>
				<misses>1134001</misses>
				<total>1005662</total>
				<timestamp>113.416431</timestamp>
			</report>
			<report>
				<misses>1135001</misses>
				<total>1006661</total>
				<timestamp>113.516441</timestamp>
			</report>
			<report>
				<misses>1136001</misses>
				<total>1007660</total>
				<timestamp>113.616452</timestamp>
			</report>
			<report>
				<misses>1137001</misses>
				<total>1008659</total>
				<timestamp>113.716381</timestamp>
			</report>
			<report>
				<misses>1138001</misses>
				<total>1009658</total>
				<timestamp>113.816307</timestamp>
			</report>
			<report>
				<misses>1139001</misses>
				<total>1010657</total>
				<timestamp>113.916361</timestamp>
			</report>
			<report>
				<misses>1140001</misses>
				<total>1011656</total>
				<timestamp>114.016319</timestamp>
			</report>
			<report>
				<misses>1141001</misses>
				<total>1012655</total>
				<timestamp>114.116352</timestamp>
			</report>
			<report>
				<misses>1142001</misses>
				<total>1013654</total>
				<timestamp>114.216314</timestamp>
			</report>
			<report>
				<misses>1143001</misses>
				<total>1014653</total>
				<timestamp>114.316358</timestamp>
			</report>
			<report>
				<misses>1144001</misses>
				<total>1015652</total>
				<timestamp>114.416285</timestamp>
			</report>
			<report>
				<misses>1145001</misses>
				<total>1016651</total>
				<timestamp>114.516355</timestamp>
			</report>
			<report>
				<misses>1146001</misses>
				<total>1017650</total>
				<timestamp>114.616532</timestamp>
			</report>
			<report>
				<misses>1147001</misses>
				<total>1018649</total>
				<timestamp>114.716546</timestamp>
			</report>
			<report>
				<misses>1148001</misses>
				<total>1019648</total>
				<timestamp>114.816481</timestamp>
			</report>
			<report>
				<misses>1149001</misses>
				<total>1020647</total>
				<timestamp>114.916531</timestamp>
			</report>
			<report>
				<misses>1150001</misses>
				<total>1021646</total>
				<timestamp>115.016621</timestamp>
			</report>
			<report>
				<misses>1151001</misses>
				<total>1022645</total>
				<timestamp>115.116556</timestamp>
			</report>
			<report>
				<misses>1152001</misses>
				<total>1023644</total>
				<timestamp>115.216448</timestamp>
			</report>
			<report>
				<misses>1153001</misses>
				<total>1024643</total>
				<timestamp>115.316445</timestamp>
			</report>
			<report>
				<misses>1154001</misses>
				<total>1025642</total>
				<timestamp>115.416510</timestamp>
			</report>
			<report>
				<misses>1155001</misses>
				<total>1026641</total>
				<timestamp>115.516574</timestamp>
			</report>
			<report>
				<misses>1156001</misses>
				<total>1027640</total>
				<timestamp>115.616517</timestamp>
			</report>
			<report>
				<misses>1157001</misses>
				<total>1028639</total>
				<timestamp>115.716487</timestamp>
			</report>
			<report>
				<misses>1158001</misses>
				<total>1029638</total>
				<timestamp>115.816360</timestamp>
			</report>
			<report>
				<misses>1159001</misses>
				<total>1030637</total>
				<timestamp>115.916392</timestamp>
			</report>
			<report>
				<misses>1160001</misses>
				<total>1031636</total>
				<timestamp>116.016399</timestamp>
			</report>
			<report>
				<misses>1161001</misses>
				<total>1032635</total>
				<timestamp>116.116431</timestamp>
			</report>
			<report>
				<misses>1162001</misses>
				<total>1033634</total>
				<timestamp>116.216455</timestamp>
			</report>
			<report>
				<misses>1163001</misses>
				<total>1034633</total>
				<timestamp>116.316511</timestamp>
			</report>
			<report>
				<misses>1164001</misses>
				<total>1035632</total>
				<timestamp>116.416502</timestamp>
			</report>
			<report>
				<misses>1165001</misses>
				<total>1036631</total>
				<timestamp>116.516514</timestamp>
			</report>
			<report>
				<misses>1166001</misses>
				<total>1037630</total>
				<timestamp>116.616520</timestamp>
			</report>
			<report>
				<misses>1167001</misses>
				<total>1038629</total>
				<timestamp>116.716514</timestamp>
			</report>
			<report>
				<misses>1168001</misses>
				<total>1039628</total>
				<timestamp>116.816522</timestamp>
			</report>
			<report>
				<misses>1169001</misses>
				<total>1040627</total>
				<timestamp>116.916666</timestamp>
			</report>
			<report>
				<misses>1170001</misses>
				<total>1041626</total>
				<timestamp>117.016633</timestamp>
			</report>
			<report>
				<misses>1171001</misses>
				<total>1042625</total>
				<timestamp>117.116564</timestamp>
			</report>
			<report>
				<misses>1172001</misses>
				<total>1043624</total>
				<timestamp>117.216486</timestamp>
			</report>
			<report>
				<misses>1173001</misses>
				<total>1044623</total>
				<timestamp>117.316454</timestamp>
			</report>
			<report>
				<misses>1174001</misses>
				<total>1045622</total>
				<timestamp>117.416530</timestamp>
			</report>
			<report>
				<misses>1175001</misses>
				<total>1046621</total>
				<timestamp>117.516636</timestamp>
			</report>
			<report>
				<misses>1176001</misses>
				<total>1047620</total>
				<timestamp>117.616601</timestamp>
			</report>
			<report>
				<misses>1177001</misses>
				<total>1048619</total>
				<timestamp>117.716635</timestamp>
			</report>
			<report>
				<misses>1178001</misses>
				<total>1049618</total>
				<timestamp>117.816561</timestamp>
			</report>
			<report>
				<misses>1179001</misses>
				<total>1050617</total>
				<timestamp>117.916602</timestamp>
			</report>
			<report>
				<misses>1180001</misses>
				<total>1051616</total>
				<timestamp>118.016675</timestamp>
			</report>
			<report>
				<misses>1181001</misses>
				<total>1052615</total>
				<timestamp>118.116659</timestamp>
			</report>
			<report>
				<misses>1182001</misses>
				<total>1053614</total>
				<timestamp>118.216594</timestamp>
			</report>
			<report>
				<misses>1183001</misses>
				<total>1054613</total>
				<timestamp>118.316494</timestamp>
			</report>
			<report>
				<misses>1184001</misses>
				<total>1055612</total>
				<timestamp>118.416396</timestamp>
			</report>
			<report>
				<misses>1185001</misses>
				<total>1056611</total>
				<timestamp>118.517300</timestamp>
			</report>
			<report>
				<misses>1186001</misses>
				<total>1057610</total>
				<timestamp>118.617331</timestamp>
			</report>
			<report>
				<misses>1187001</misses>
				<total>1058609</total>
				<timestamp>118.717481</timestamp>
			</report>
			<report>
				<misses>1188001</misses>
				<total>1059608</total>
				<timestamp>118.817486</timestamp>
			</report>
			<report>
				<misses>1189001</misses>
				<total>1060607</total>
				<timestamp>118.917523</timestamp>
			</report>
			<report>
				<misses>1190001</misses>
				<total>1061606</total>
				<timestamp>119.017494</timestamp>
			</report>
			<report>
				<misses>1191001</misses>
				<total>1062605</total>
				<timestamp>119.117424</timestamp>
			</report>
			<report>
				<misses>1192001</misses>
				<total>1063604</total>
				<timestamp>119.217390</timestamp>
			</report>
			<report>
				<misses>1193001</misses>
				<total>1064603</total>
				<timestamp>119.317297</timestamp>
			</report>
			<report>
				<misses>1194001</misses>
				<total>1065602</total>
				<timestamp>119.417318</timestamp>
			</report>
			<report>
				<misses>1195001</misses>
				<total>1066601</total>
				<timestamp>119.517384</timestamp>
			</report>
			<report>
				<misses>1196001</misses>
				<total>1067600</total>
				<timestamp>119.617406</timestamp>
			</report>
			<report>
				<misses>1197001</misses>
				<total>1068599</total>
				<timestamp>119.717493</timestamp>
			</report>
			<report>
				<misses>1198001</misses>
				<total>1069598</total>
				<timestamp>119.817490</timestamp>
			</report>
			<report>
				<misses>1199001</misses>
				<total>1070597</total>
				<timestamp>119.917527</timestamp>
			</report>
			<report>
				<misses>1200001</misses>
				<total>1071596</total>
				<timestamp>120.017586</timestamp>
			</report>
			<report>
				<misses>1201001</misses>
				<total>1072595</total>
				<timestamp>120.117516</timestamp>
			</report>
			<report>
				<misses>1202001</misses>
				<total>1073594</total>
				<timestamp>120.217540</timestamp>
			</report>
			<report>
				<misses>1203001</misses>
				<total>1074593</total>
				<timestamp>120.317480</timestamp>
			</report>
			<report>
				<misses>1204001</misses>
				<total>1075592</total>
				<timestamp>120.417404</timestamp>
			</report>
			<report>
				<misses>1205001</misses>
				<total>1076591</total>
				<timestamp>120.517423</timestamp>
			</report>
			<report>
				<misses>1206001</misses>
				<total>1077590</total>
				<timestamp>120.617414</timestamp>
			</report>
			<report>
				<misses>1207001</misses>
				<total>1078589</total>
				<timestamp>120.717448</timestamp>
			</report>
			<report>
				<misses>1208001</misses>
				<total>1079588</total>
				<timestamp>120.817446</timestamp>
			</report>
			<report>
				<misses>1209001</misses>
				<total>1080587</total>
				<timestamp>120.917413</timestamp>
			</report>
			<report>
				<misses>1210001</misses>
				<total>1081586</total>
				<timestamp>121.017499</timestamp>
			</report>
			<report>
				<misses>1211001</misses>
				<total>1082585</total>
				<timestamp>121.117498</timestamp>
			</report>
			<report>
				<misses>1212001</misses>
				<total>1083584</total>
				<timestamp>121.217531</timestamp>
			</report>
			<report>
				<misses>1213001</misses>
				<total>1084583</total>
				<timestamp>121.317491</timestamp>
			</report>
			<report>
				<misses>1214001</misses>
				<total>1085582</total>
				<timestamp>121.417544</timestamp>
			</report>
			<report>
				<misses>1215001</misses>
				<total>1086581</total>
				<timestamp>121.517528</timestamp>
			</report>
			<report>
				<misses>1216001</misses>
				<total>1087580</total>
				<timestamp>121.617521</timestamp>
			</report>
			<report>
				<misses>1217001</misses>
				<total>1088579</total>
				<timestamp>121.717521</timestamp>
			</report>
			<report>
				<misses>1218001</misses>
				<total>1089578</total>
				<timestamp>121.817526</timestamp>
			</report>
			<report>
				<misses>1219001</misses>
				<total>1090577</total>
				<timestamp>121.917489</timestamp>
			</report>
			<report>
				<misses>1220001</misses>
				<total>1091576</total>
				<timestamp>122.017412</timestamp>
			</report>
			<report>
				<misses>1221001</misses>
				<total>1092575</total>
				<timestamp>122.117483</timestamp>
			</report>
			<report>
				<misses>1222001</misses>
				<total>1093574</total>
				<timestamp>122.217448</timestamp>
			</report>
			<report>
				<misses>1223001</misses>
				<total>1094573</total>
				<timestamp>122.317524</timestamp>
			</report>
			<report>
				<misses>1224001</misses>
				<total>1095572</total>
				<timestamp>122.417491</timestamp>
			</report>
			<report>
				<misses>1225001</misses>
				<total>1096571</total>
				<timestamp>122.517464</timestamp>
			</report>
			<report>
				<misses>1226001</misses>
				<total>1097570</total>
				<timestamp>122.617425</timestamp>
			</report>
			<report>
				<misses>1227001</misses>
				<total>1098569</total>
				<timestamp>122.717444</timestamp>
			</report>
			<report>
				<misses>1228001</misses>
				<total>1099568</total>
				<timestamp>122.817401</timestamp>
			</report>
			<report>
				<misses>1229001</misses>
				<total>1100567</total>
				<timestamp>122.917445</timestamp>
			</report>
			<report>
				<misses>1230001</misses>
				<total>1101566</total>
				<timestamp>123.017432</timestamp>
			</report>
			<report>
				<misses>1231001</misses>
				<total>1102565</total>
				<timestamp>123.117369</timestamp>
			</report>
			<report>
				<misses>1232001</misses>
				<total>1103564</total>
				<timestamp>123.217313</timestamp>
			</report>
			<report>
				<misses>1233001</misses>
				<total>1103918</total>
				<timestamp>123.317315</timestamp>
			</report>
			<report>
				<misses>1234001</misses>
				<total>1103917</total>
				<timestamp>123.417289</timestamp>
			</report>
			<report>
				<misses>1235001</misses>
				<total>1103916</total>
				<timestamp>123.517414</timestamp>
			</report>
			<report>
				<misses>1236001</misses>
				<total>1103995</total>
				<timestamp>123.617480</timestamp>
			</report>
			<report>
				<misses>1237001</misses>
				<total>1104994</total>
				<timestamp>123.717507</timestamp>
			</report>
			<report>
				<misses>1238001</misses>
				<total>1105993</total>
				<timestamp>123.817505</timestamp>
			</report>
			<report>
				<misses>1239001</misses>
				<total>1106992</total>
				<timestamp>123.917519</timestamp>
			</report>
			<report>
				<misses>1240001</misses>
				<total>1107991</total>
				<timestamp>124.017539</timestamp>
			</report>
			<report>
				<misses>1241001</misses>
				<total>1108990</total>
				<timestamp>124.117535</timestamp>
			</report>
			<report>
				<misses>1242001</misses>
				<total>1109989</total>
				<timestamp>124.217516</timestamp>
			</report>
			<report>
				<misses>1243001</misses>
				<total>1110579</total>
				<timestamp>124.317538</timestamp>
			</report>
			<report>
				<misses>1244001</misses>
				<total>1110580</total>
				<timestamp>124.417555</timestamp>
			</report>
			<report>
				<misses>1245001</misses>
				<total>1110580</total>
				<timestamp>124.517466</timestamp>
			</report>
			<report>
				<misses>1246001</misses>
				<total>1110579</total>
				<timestamp>124.617418</timestamp>
			</report>
			<report>
				<misses>1247001</misses>
				<total>1110582</total>
				<timestamp>124.717385</timestamp>
			</report>
			<report>
				<misses>1248001</misses>
				<total>1110586</total>
				<timestamp>124.817290</timestamp>
			</report>
			<report>
				<misses>1249001</misses>
				<total>1110594</total>
				<timestamp>124.917273</timestamp>
			</report>
			<report>
				<misses>1250001</misses>
				<total>1110594</total>
				<timestamp>125.017286</timestamp>
			</report>
			<report>
				<misses>1251001</misses>
				<total>1110593</total>
				<timestamp>125.117331</timestamp>
			</report>
			<report>
				<misses>1252001</misses>
				<total>1110594</total>
				<timestamp>125.217403</timestamp>
			</report>
			<report>
				<misses>1253001</misses>
				<total>1110594</total>
				<timestamp>125.317413</timestamp>
			</report>
			<report>
				<misses>1254001</misses>
				<total>1110594</total>
				<timestamp>125.417423</timestamp>
			</report>
			<report>
				<misses>1255001</misses>
				<total>1110594</total>
				<timestamp>125.517432</timestamp>
			</report>
			<report>
				<misses>1256001</misses>
				<total>1110594</total>
				<timestamp>125.617487</timestamp>
			</report>
			<report>
				<misses>1257001</misses>
				<total>1110594</total>
				<timestamp>125.717539</timestamp>
			</report>
			<report>
				<misses>1258001</misses>
				<total>1110593</total>
				<timestamp>125.817608</timestamp>
			</report>
			<report>
				<misses>1259001</misses>
				<total>1110593</total>
				<timestamp>125.917641</timestamp>
			</report>
			<report>
				<misses>1260001</misses>
				<total>1110594</total>
				<timestamp>126.017561</timestamp>
			</report>
			<report>
				<misses>1261001</misses>
				<total>1110593</total>
				<timestamp>126.117592</timestamp>
			</report>
			<report>
				<misses>1262001</misses>
				<total>1110594</total>
				<timestamp>126.217495</timestamp>
			</report>
			<report>
				<misses>1263001</misses>
				<total>1110595</total>
				<timestamp>126.317477</timestamp>
			</report>
			<report>
				<misses>1264001</misses>
				<total>1110594</total>
				<timestamp>126.417486</timestamp>
			</report>
			<report>
				<misses>1265001</misses>
				<total>1110594</total>
				<timestamp>126.517472</timestamp>
			</report>
			<report>
				<misses>1266001</misses>
				<total>1110594</total>
				<timestamp>126.617394</timestamp>
			</report>
			<report>
				<misses>1267001</misses>
				<total>1110598</total>
				<timestamp>126.717410</timestamp>
			</report>
			<report>
				<misses>1268001</misses>
				<total>1110599</total>
				<timestamp>126.817471</timestamp>
			</report>
			<report>
				<misses>1269001</misses>
				<total>1110599</total>
				<timestamp>126.917431</timestamp>
			</report>
			<report>
				<misses>1270001</misses>
				<total>1110599</total>
				<timestamp>127.017520</timestamp>
			</report>
			<report>
				<misses>1271001</misses>
				<total>1110599</total>
				<timestamp>127.117548</timestamp>
			</report>
			<report>
				<misses>1272001</misses>
				<total>1110601</total>
				<timestamp>127.217504</timestamp>
			</report>
			<report>
				<misses>1273001</misses>
				<total>1110612</total>
				<timestamp>127.317477</timestamp>
			</report>
			<report>
				<misses>1274001</misses>
				<total>1110612</total>
				<timestamp>127.417365</timestamp>
			</report>
			<report>
				<misses>1275001</misses>
				<total>1110612</total>
				<timestamp>127.517377</timestamp>
			</report>
			<report>
				<misses>1276001</misses>
				<total>1110612</total>
				<timestamp>127.617372</timestamp>
			</report>
			<report>
				<misses>1277001</misses>
				<total>1110612</total>
				<timestamp>127.717266</timestamp>
			</report>
			<report>
				<misses>1278001</misses>
				<total>1110612</total>
				<timestamp>127.817231</timestamp>
			</report>
			<report>
				<misses>1279001</misses>
				<total>1110611</total>
				<timestamp>127.917349</timestamp>
			</report>
			<report>
				<misses>1280001</misses>
				<total>1110612</total>
				<timestamp>128.017255</timestamp>
			</report>
			<report>
				<misses>1281001</misses>
				<total>1110615</total>
				<timestamp>128.117255</timestamp>
			</report>
			<report>
				<misses>1282001</misses>
				<total>1110616</total>
				<timestamp>128.217312</timestamp>
			</report>
			<report>
				<misses>1283001</misses>
				<total>1110615</total>
				<timestamp>128.317437</timestamp>
			</report>
			<report>
				<misses>1284001</misses>
				<total>1110615</total>
				<timestamp>128.417502</timestamp>
			</report>
			<report>
				<misses>1285001</misses>
				<total>1111099</total>
				<timestamp>128.517514</timestamp>
			</report>
			<report>
				<misses>1286001</misses>
				<total>1112098</total>
				<timestamp>128.617516</timestamp>
			</report>
			<report>
				<misses>1287001</misses>
				<total>1113097</total>
				<timestamp>128.717511</timestamp>
			</report>
			<report>
				<misses>1288001</misses>
				<total>1114096</total>
				<timestamp>128.817474</timestamp>
			</report>
			<report>
				<misses>1289001</misses>
				<total>1115095</total>
				<timestamp>128.917491</timestamp>
			</report>
			<report>
				<misses>1290001</misses>
				<total>1116094</total>
				<timestamp>129.017426</timestamp>
			</report>
			<report>
				<misses>1291001</misses>
				<total>1117093</total>
				<timestamp>129.117405</timestamp>
			</report>
			<report>
				<misses>1292001</misses>
				<total>1118092</total>
				<timestamp>129.217423</timestamp>
			</report>
			<report>
				<misses>1293001</misses>
				<total>1119091</total>
				<timestamp>129.317416</timestamp>
			</report>
			<report>
				<misses>1294001</misses>
				<total>1120090</total>
				<timestamp>129.417419</timestamp>
			</report>
			<report>
				<misses>1295001</misses>
				<total>1121089</total>
				<timestamp>129.517426</timestamp>
			</report>
			<report>
				<misses>1296001</misses>
				<total>1122088</total>
				<timestamp>129.617512</timestamp>
			</report>
			<report>
				<misses>1297001</misses>
				<total>1123087</total>
				<timestamp>129.717604</timestamp>
			</report>
			<report>
				<misses>1298001</misses>
				<total>1124086</total>
				<timestamp>129.817604</timestamp>
			</report>
			<report>
				<misses>1299001</misses>
				<total>1125085</total>
				<timestamp>129.917686</timestamp>
			</report>
			<report>
				<misses>1300001</misses>
				<total>1126084</total>
				<timestamp>130.017618</timestamp>
			</report>
			<report>
				<misses>1301001</misses>
				<total>1127083</total>
				<timestamp>130.117576</timestamp>
			</report>
			<report>
				<misses>1302001</misses>
				<total>1128082</total>
				<timestamp>130.217469</timestamp>
			</report>
			<report>
				<misses>1303001</misses>
				<total>1129081</total>
				<timestamp>130.317487</timestamp>
			</report>
			<report>
				<misses>1304001</misses>
				<total>1130080</total>
				<timestamp>130.417428</timestamp>
			</report>
			<report>
				<misses>1305001</misses>
				<total>1131079</total>
				<timestamp>130.517421</timestamp>
			</report>
			<report>
				<misses>1306001</misses>
				<total>1132078</total>
				<timestamp>130.617531</timestamp>
			</report>
			<report>
				<misses>1307001</misses>
				<total>1133077</total>
				<timestamp>130.717507</timestamp>
			</report>
			<report>
				<misses>1308001</misses>
				<total>1134076</total>
				<timestamp>130.817526</timestamp>
			</report>
			<report>
				<misses>1309001</misses>
				<total>1135075</total>
				<timestamp>130.917486</timestamp>
			</report>
			<report>
				<misses>1310001</misses>
				<total>1136074</total>
				<timestamp>131.017437</timestamp>
			</report>
			<report>
				<misses>1311001</misses>
				<total>1137073</total>
				<timestamp>131.117461</timestamp>
			</report>
			<report>
				<misses>1312001</misses>
				<total>1138072</total>
				<timestamp>131.217415</timestamp>
			</report>
			<report>
				<misses>1313001</misses>
				<total>1139071</total>
				<timestamp>131.317390</timestamp>
			</report>
			<report>
				<misses>1314001</misses>
				<total>1140070</total>
				<timestamp>131.417411</timestamp>
			</report>
			<report>
				<misses>1315001</misses>
				<total>1141069</total>
				<timestamp>131.517391</timestamp>
			</report>
			<report>
				<misses>1316001</misses>
				<total>1142068</total>
				<timestamp>131.617392</timestamp>
			</report>
			<report>
				<misses>1317001</misses>
				<total>1143067</total>
				<timestamp>131.717405</timestamp>
			</report>
			<report>
				<misses>1318001</misses>
				<total>1144066</total>
				<timestamp>131.817447</timestamp>
			</report>
			<report>
				<misses>1319001</misses>
				<total>1145065</total>
				<timestamp>131.917430</timestamp>
			</report>
			<report>
				<misses>1320001</misses>
				<total>1146064</total>
				<timestamp>132.017425</timestamp>
			</report>
			<report>
				<misses>1321001</misses>
				<total>1147063</total>
				<timestamp>132.117418</timestamp>
			</report>
			<report>
				<misses>1322001</misses>
				<total>1148062</total>
				<timestamp>132.217421</timestamp>
			</report>
			<report>
				<misses>1323001</misses>
				<total>1149061</total>
				<timestamp>132.317390</timestamp>
			</report>
			<report>
				<misses>1324001</misses>
				<total>1150060</total>
				<timestamp>132.417321</timestamp>
			</report>
			<report>
				<misses>1325001</misses>
				<total>1151059</total>
				<timestamp>132.517399</timestamp>
			</report>
			<report>
				<misses>1326001</misses>
				<total>1152058</total>
				<timestamp>132.617476</timestamp>
			</report>
			<report>
				<misses>1327001</misses>
				<total>1153057</total>
				<timestamp>132.717560</timestamp>
			</report>
			<report>
				<misses>1328001</misses>
				<total>1154056</total>
				<timestamp>132.817571</timestamp>
			</report>
			<report>
				<misses>1329001</misses>
				<total>1155055</total>
				<timestamp>132.917472</timestamp>
			</report>
			<report>
				<misses>1330001</misses>
				<total>1156054</total>
				<timestamp>133.017452</timestamp>
			</report>
			<report>
				<misses>1331001</misses>
				<total>1157053</total>
				<timestamp>133.117398</timestamp>
			</report>
			<report>
				<misses>1332001</misses>
				<total>1158052</total>
				<timestamp>133.217443</timestamp>
			</report>
			<report>
				<misses>1333001</misses>
				<total>1159051</total>
				<timestamp>133.317415</timestamp>
			</report>
			<report>
				<misses>1334001</misses>
				<total>1160050</total>
				<timestamp>133.417394</timestamp>
			</report>
			<report>
				<misses>1335001</misses>
				<total>1161049</total>
				<timestamp>133.517380</timestamp>
			</report>
			<report>
				<misses>1336001</misses>
				<total>1162048</total>
				<timestamp>133.617449</timestamp>
			</report>
			<report>
				<misses>1337001</misses>
				<total>1163047</total>
				<timestamp>133.717453</timestamp>
			</report>
			<report>
				<misses>1338001</misses>
				<total>1164046</total>
				<timestamp>133.817518</timestamp>
			</report>
			<report>
				<misses>1339001</misses>
				<total>1165045</total>
				<timestamp>133.917457</timestamp>
			</report>
			<report>
				<misses>1340001</misses>
				<total>1166044</total>
				<timestamp>134.017402</timestamp>
			</report>
			<report>
				<misses>1341001</misses>
				<total>1167043</total>
				<timestamp>134.117460</timestamp>
			</report>
			<report>
				<misses>1342001</misses>
				<total>1168042</total>
				<timestamp>134.217437</timestamp>
			</report>
			<report>
				<misses>1343001</misses>
				<total>1169041</total>
				<timestamp>134.317522</timestamp>
			</report>
			<report>
				<misses>1344001</misses>
				<total>1170040</total>
				<timestamp>134.417597</timestamp>
			</report>
			<report>
				<misses>1345001</misses>
				<total>1171039</total>
				<timestamp>134.517567</timestamp>
			</report>
			<report>
				<misses>1346001</misses>
				<total>1172038</total>
				<timestamp>134.617579</timestamp>
			</report>
			<report>
				<misses>1347001</misses>
				<total>1173037</total>
				<timestamp>134.717525</timestamp>
			</report>
			<report>
				<misses>1348001</misses>
				<total>1174036</total>
				<timestamp>134.817489</timestamp>
			</report>
			<report>
				<misses>1349001</misses>
				<total>1175035</total>
				<timestamp>134.917409</timestamp>
			</report>
			<report>
				<misses>1350001</misses>
				<total>1176034</total>
				<timestamp>135.017397</timestamp>
			</report>
			<report>
				<misses>1351001</misses>
				<total>1177033</total>
				<timestamp>135.117528</timestamp>
			</report>
			<report>
				<misses>1352001</misses>
				<total>1178032</total>
				<timestamp>135.217543</timestamp>
			</report>
			<report>
				<misses>1353001</misses>
				<total>1179031</total>
				<timestamp>135.317600</timestamp>
			</report>
			<report>
				<misses>1354001</misses>
				<total>1180030</total>
				<timestamp>135.417610</timestamp>
			</report>
			<report>
				<misses>1355001</misses>
				<total>1181029</total>
				<timestamp>135.517591</timestamp>
			</report>
			<report>
				<misses>1356001</misses>
				<total>1182028</total>
				<timestamp>135.617486</timestamp>
			</report>
			<report>
				<misses>1357001</misses>
				<total>1183027</total>
				<timestamp>135.717419</timestamp>
			</report>
			<report>
				<misses>1358001</misses>
				<total>1184026</total>
				<timestamp>135.817451</timestamp>
			</report>
			<report>
				<misses>1359001</misses>
				<total>1185025</total>
				<timestamp>135.917477</timestamp>
			</report>
			<report>
				<misses>1360001</misses>
				<total>1186024</total>
				<timestamp>136.017373</timestamp>
			</report>
			<report>
				<misses>1361001</misses>
				<total>1187023</total>
				<timestamp>136.117320</timestamp>
			</report>
			<report>
				<misses>1362001</misses>
				<total>1188022</total>
				<timestamp>136.217390</timestamp>
			</report>
			<report>
				<misses>1363001</misses>
				<total>1189021</total>
				<timestamp>136.317400</timestamp>
			</report>
			<report>
				<misses>1364001</misses>
				<total>1190020</total>
				<timestamp>136.417562</timestamp>
			</report>
			<report>
				<misses>1365001</misses>
				<total>1191019</total>
				<timestamp>136.517562</timestamp>
			</report>
			<report>
				<misses>1366001</misses>
				<total>1192018</total>
				<timestamp>136.617484</timestamp>
			</report>
			<report>
				<misses>1367001</misses>
				<total>1193017</total>
				<timestamp>136.717436</timestamp>
			</report>
			<report>
				<misses>1368001</misses>
				<total>1194016</total>
				<timestamp>136.817420</timestamp>
			</report>
			<report>
				<misses>1369001</misses>
				<total>1195015</total>
				<timestamp>136.917372</timestamp>
			</report>
			<report>
				<misses>1370001</misses>
				<total>1196014</total>
				<timestamp>137.017399</timestamp>
			</report>
			<report>
				<misses>1371001</misses>
				<total>1197013</total>
				<timestamp>137.117389</timestamp>
			</report>
			<report>
				<misses>1372001</misses>
				<total>1198012</total>
				<timestamp>137.217338</timestamp>
			</report>
			<report>
				<misses>1373001</misses>
				<total>1199011</total>
				<timestamp>137.317365</timestamp>
			</report>
			<report>
				<misses>1374001</misses>
				<total>1200010</total>
				<timestamp>137.417363</timestamp>
			</report>
			<report>
				<misses>1375001</misses>
				<total>1201009</total>
				<timestamp>137.517423</timestamp>
			</report>
			<report>
				<misses>1376001</misses>
				<total>1202008</total>
				<timestamp>137.617475</timestamp>
			</report>
			<report>
				<misses>1377001</misses>
				<total>1203007</total>
				<timestamp>137.717489</timestamp>
			</report>
			<report>
				<misses>1378001</misses>
				<total>1204006</total>
				<timestamp>137.817441</timestamp>
			</report>
			<report>
				<misses>1379001</misses>
				<total>1205005</total>
				<timestamp>137.917406</timestamp>
			</report>
			<report>
				<misses>1380001</misses>
				<total>1206004</total>
				<timestamp>138.017447</timestamp>
			</report>
			<report>
				<misses>1381001</misses>
				<total>1207003</total>
				<timestamp>138.117360</timestamp>
			</report>
			<report>
				<misses>1382001</misses>
				<total>1208002</total>
				<timestamp>138.217389</timestamp>
			</report>
			<report>
				<misses>1383001</misses>
				<total>1209001</total>
				<timestamp>138.317362</timestamp>
			</report>
			<report>
				<misses>1384001</misses>
				<total>1210000</total>
				<timestamp>138.417405</timestamp>
			</report>
			<report>
				<misses>1385001</misses>
				<total>1210999</total>
				<timestamp>138.517432</timestamp>
			</report>
			<report>
				<misses>1386001</misses>
				<total>1211998</total>
				<timestamp>138.617362</timestamp>
			</report>
			<report>
				<misses>1387001</misses>
				<total>1212997</total>
				<timestamp>138.717304</timestamp>
			</report>
			<report>
				<misses>1388001</misses>
				<total>1213996</total>
				<timestamp>138.817368</timestamp>
			</report>
			<report>
				<misses>1389001</misses>
				<total>1214995</total>
				<timestamp>138.917333</timestamp>
			</report>
			<report>
				<misses>1390001</misses>
				<total>1215994</total>
				<timestamp>139.017283</timestamp>
			</report>
			<report>
				<misses>1391001</misses>
				<total>1216993</total>
				<timestamp>139.117251</timestamp>
			</report>
			<report>
				<misses>1392001</misses>
				<total>1217992</total>
				<timestamp>139.217348</timestamp>
			</report>
			<report>
				<misses>1393001</misses>
				<total>1218991</total>
				<timestamp>139.317336</timestamp>
			</report>
			<report>
				<misses>1394001</misses>
				<total>1219990</total>
				<timestamp>139.417350</timestamp>
			</report>
			<report>
				<misses>1395001</misses>
				<total>1220989</total>
				<timestamp>139.517367</timestamp>
			</report>
			<report>
				<misses>1396001</misses>
				<total>1221988</total>
				<timestamp>139.617442</timestamp>
			</report>
			<report>
				<misses>1397001</misses>
				<total>1222987</total>
				<timestamp>139.717402</timestamp>
			</report>
			<report>
				<misses>1398001</misses>
				<total>1223986</total>
				<timestamp>139.817507</timestamp>
			</report>
			<report>
				<misses>1399001</misses>
				<total>1224985</total>
				<timestamp>139.917575</timestamp>
			</report>
			<report>
				<misses>1400001</misses>
				<total>1225984</total>
				<timestamp>140.017480</timestamp>
			</report>
			<report>
				<misses>1401001</misses>
				<total>1226983</total>
				<timestamp>140.117674</timestamp>
			</report>
			<report>
				<misses>1402001</misses>
				<total>1227982</total>
				<timestamp>140.217635</timestamp>
			</report>
			<report>
				<misses>1403001</misses>
				<total>1228981</total>
				<timestamp>140.317564</timestamp>
			</report>
			<report>
				<misses>1404001</misses>
				<total>1229980</total>
				<timestamp>140.417476</timestamp>
			</report>
			<report>
				<misses>1405001</misses>
				<total>1230979</total>
				<timestamp>140.517393</timestamp>
			</report>
			<report>
				<misses>1406001</misses>
				<total>1231978</total>
				<timestamp>140.617336</timestamp>
			</report>
			<report>
				<misses>1407001</misses>
				<total>1232977</total>
				<timestamp>140.717384</timestamp>
			</report>
			<report>
				<misses>1408001</misses>
				<total>1233976</total>
				<timestamp>140.817409</timestamp>
			</report>
			<report>
				<misses>1409001</misses>
				<total>1234975</total>
				<timestamp>140.917408</timestamp>
			</report>
			<report>
				<misses>1410001</misses>
				<total>1235974</total>
				<timestamp>141.017361</timestamp>
			</report>
			<report>
				<misses>1411001</misses>
				<total>1236973</total>
				<timestamp>141.117281</timestamp>
			</report>
			<report>
				<misses>1412001</misses>
				<total>1237972</total>
				<timestamp>141.217310</timestamp>
			</report>
			<report>
				<misses>1413001</misses>
				<total>1238971</total>
				<timestamp>141.317413</timestamp>
			</report>
			<report>
				<misses>1414001</misses>
				<total>1239970</total>
				<timestamp>141.417410</timestamp>
			</report>
			<report>
				<misses>1415001</misses>
				<total>1240969</total>
				<timestamp>141.517380</timestamp>
			</report>
			<report>
				<misses>1416001</misses>
				<total>1241968</total>
				<timestamp>141.617367</timestamp>
			</report>
			<report>
				<misses>1417001</misses>
				<total>1242967</total>
				<timestamp>141.717405</timestamp>
			</report>
			<report>
				<misses>1418001</misses>
				<total>1243966</total>
				<timestamp>141.817368</timestamp>
			</report>
			<report>
				<misses>1419001</misses>
				<total>1244965</total>
				<timestamp>141.917406</timestamp>
			</report>
			<report>
				<misses>1420001</misses>
				<total>1245964</total>
				<timestamp>142.017412</timestamp>
			</report>
			<report>
				<misses>1421001</misses>
				<total>1246963</total>
				<timestamp>142.117361</timestamp>
			</report>
			<report>
				<misses>1422001</misses>
				<total>1247962</total>
				<timestamp>142.217354</timestamp>
			</report>
			<report>
				<misses>1423001</misses>
				<total>1248961</total>
				<timestamp>142.317435</timestamp>
			</report>
			<report>
				<misses>1424001</misses>
				<total>1249960</total>
				<timestamp>142.417494</timestamp>
			</report>
			<report>
				<misses>1425001</misses>
				<total>1250959</total>
				<timestamp>142.517369</timestamp>
			</report>
			<report>
				<misses>1426001</misses>
				<total>1251958</total>
				<timestamp>142.617287</timestamp>
			</report>
			<report>
				<misses>1427001</misses>
				<total>1252957</total>
				<timestamp>142.717224</timestamp>
			</report>
			<report>
				<misses>1428001</misses>
				<total>1253956</total>
				<timestamp>142.817274</timestamp>
			</report>
			<report>
				<misses>1429001</misses>
				<total>1254955</total>
				<timestamp>142.917240</timestamp>
			</report>
			<report>
				<misses>1430001</misses>
				<total>1255954</total>
				<timestamp>143.017335</timestamp>
			</report>
			<report>
				<misses>1431001</misses>
				<total>1256953</total>
				<timestamp>143.117290</timestamp>
			</report>
			<report>
				<misses>1432001</misses>
				<total>1257952</total>
				<timestamp>143.217261</timestamp>
			</report>
			<report>
				<misses>1433001</misses>
				<total>1258951</total>
				<timestamp>143.317197</timestamp>
			</report>
			<report>
				<misses>1434001</misses>
				<total>1259950</total>
				<timestamp>143.417288</timestamp>
			</report>
			<report>
				<misses>1435001</misses>
				<total>1260949</total>
				<timestamp>143.517328</timestamp>
			</report>
			<report>
				<misses>1436001</misses>
				<total>1261948</total>
				<timestamp>143.617362</timestamp>
			</report>
			<report>
				<misses>1437001</misses>
				<total>1262947</total>
				<timestamp>143.717293</timestamp>
			</report>
			<report>
				<misses>1438001</misses>
				<total>1263946</total>
				<timestamp>143.817255</timestamp>
			</report>
			<report>
				<misses>1439001</misses>
				<total>1264945</total>
				<timestamp>143.917275</timestamp>
			</report>
			<report>
				<misses>1440001</misses>
				<total>1265944</total>
				<timestamp>144.017205</timestamp>
			</report>
			<report>
				<misses>1441001</misses>
				<total>1266943</total>
				<timestamp>144.117247</timestamp>
			</report>
			<report>
				<misses>1442001</misses>
				<total>1267942</total>
				<timestamp>144.217265</timestamp>
			</report>
			<report>
				<misses>1443001</misses>
				<total>1268941</total>
				<timestamp>144.317290</timestamp>
			</report>
			<report>
				<misses>1444001</misses>
				<total>1269940</total>
				<timestamp>144.417279</timestamp>
			</report>
			<report>
				<misses>1445001</misses>
				<total>1270939</total>
				<timestamp>144.517235</timestamp>
			</report>
			<report>
				<misses>1446001</misses>
				<total>1271938</total>
				<timestamp>144.617244</timestamp>
			</report>
			<report>
				<misses>1447001</misses>
				<total>1272937</total>
				<timestamp>144.717251</timestamp>
			</report>
			<report>
				<misses>1448001</misses>
				<total>1273936</total>
				<timestamp>144.817270</timestamp>
			</report>
			<report>
				<misses>1449001</misses>
				<total>1274935</total>
				<timestamp>144.917221</timestamp>
			</report>
			<report>
				<misses>1450001</misses>
				<total>1275934</total>
				<timestamp>145.017186</timestamp>
			</report>
			<report>
				<misses>1451001</misses>
				<total>1276933</total>
				<timestamp>145.117150</timestamp>
			</report>
			<report>
				<misses>1452001</misses>
				<total>1277932</total>
				<timestamp>145.217185</timestamp>
			</report>
			<report>
				<misses>1453001</misses>
				<total>1278931</total>
				<timestamp>145.317139</timestamp>
			</report>
			<report>
				<misses>1454001</misses>
				<total>1279930</total>
				<timestamp>145.417126</timestamp>
			</report>
			<report>
				<misses>1455001</misses>
				<total>1280929</total>
				<timestamp>145.517137</timestamp>
			</report>
			<report>
				<misses>1456001</misses>
				<total>1281928</total>
				<timestamp>145.617162</timestamp>
			</report>
			<report>
				<misses>1457001</misses>
				<total>1282927</total>
				<timestamp>145.717181</timestamp>
			</report>
			<report>
				<misses>1458001</misses>
				<total>1283926</total>
				<timestamp>145.817116</timestamp>
			</report>
			<report>
				<misses>1459001</misses>
				<total>1284925</total>
				<timestamp>145.917109</timestamp>
			</report>
			<report>
				<misses>1460001</misses>
				<total>1285924</total>
				<timestamp>146.017166</timestamp>
			</report>
			<report>
				<misses>1461001</misses>
				<total>1286923</total>
				<timestamp>146.117174</timestamp>
			</report>
			<report>
				<misses>1462001</misses>
				<total>1287922</total>
				<timestamp>146.217138</timestamp>
			</report>
			<report>
				<misses>1463001</misses>
				<total>1288921</total>
				<timestamp>146.317109</timestamp>
			</report>
			<report>
				<misses>1464001</misses>
				<total>1289920</total>
				<timestamp>146.417118</timestamp>
			</report>
			<report>
				<misses>1465001</misses>
				<total>1290919</total>
				<timestamp>146.517177</timestamp>
			</report>
			<report>
				<misses>1466001</misses>
				<total>1291918</total>
				<timestamp>146.617159</timestamp>
			</report>
			<report>
				<misses>1467001</misses>
				<total>1292917</total>
				<timestamp>146.717136</timestamp>
			</report>
			<report>
				<misses>1468001</misses>
				<total>1293916</total>
				<timestamp>146.817088</timestamp>
			</report>
			<report>
				<misses>1469001</misses>
				<total>1294915</total>
				<timestamp>146.917117</timestamp>
			</report>
			<report>
				<misses>1470001</misses>
				<total>1295914</total>
				<timestamp>147.017251</timestamp>
			</report>
			<report>
				<misses>1471001</misses>
				<total>1296913</total>
				<timestamp>147.117235</timestamp>
			</report>
			<report>
				<misses>1472001</misses>
				<total>1297912</total>
				<timestamp>147.217247</timestamp>
			</report>
			<report>
				<misses>1473001</misses>
				<total>1298911</total>
				<timestamp>147.317248</timestamp>
			</report>
			<report>
				<misses>1474001</misses>
				<total>1299910</total>
				<timestamp>147.417260</timestamp>
			</report>
			<report>
				<misses>1475001</misses>
				<total>1300909</total>
				<timestamp>147.517265</timestamp>
			</report>
			<report>
				<misses>1476001</misses>
				<total>1301908</total>
				<timestamp>147.617264</timestamp>
			</report>
			<report>
				<misses>1477001</misses>
				<total>1302907</total>
				<timestamp>147.717243</timestamp>
			</report>
			<report>
				<misses>1478001</misses>
				<total>1303906</total>
				<timestamp>147.817270</timestamp>
			</report>
			<report>
				<misses>1479001</misses>
				<total>1304905</total>
				<timestamp>147.917248</timestamp>
			</report>
			<report>
				<misses>1480001</misses>
				<total>1305904</total>
				<timestamp>148.017257</timestamp>
			</report>
			<report>
				<misses>1481001</misses>
				<total>1306903</total>
				<timestamp>148.117285</timestamp>
			</report>
			<report>
				<misses>1482001</misses>
				<total>1307902</total>
				<timestamp>148.217312</timestamp>
			</report>
			<report>
				<misses>1483001</misses>
				<total>1308901</total>
				<timestamp>148.317315</timestamp>
			</report>
			<report>
				<misses>1484001</misses>
				<total>1309900</total>
				<timestamp>148.417525</timestamp>
			</report>
			<report>
				<misses>1485001</misses>
				<total>1310899</total>
				<timestamp>148.517467</timestamp>
			</report>
			<report>
				<misses>1486001</misses>
				<total>1311898</total>
				<timestamp>148.617382</timestamp>
			</report>
			<report>
				<misses>1487001</misses>
				<total>1312897</total>
				<timestamp>148.717295</timestamp>
			</report>
			<report>
				<misses>1488001</misses>
				<total>1313896</total>
				<timestamp>148.817315</timestamp>
			</report>
			<report>
				<misses>1489001</misses>
				<total>1314895</total>
				<timestamp>148.917361</timestamp>
			</report>
			<report>
				<misses>1490001</misses>
				<total>1315894</total>
				<timestamp>149.017355</timestamp>
			</report>
			<report>
				<misses>1491001</misses>
				<total>1316893</total>
				<timestamp>149.117313</timestamp>
			</report>
			<report>
				<misses>1492001</misses>
				<total>1317892</total>
				<timestamp>149.217305</timestamp>
			</report>
			<report>
				<misses>1493001</misses>
				<total>1318891</total>
				<timestamp>149.317363</timestamp>
			</report>
			<report>
				<misses>1494001</misses>
				<total>1319890</total>
				<timestamp>149.417490</timestamp>
			</report>
			<report>
				<misses>1495001</misses>
				<total>1320889</total>
				<timestamp>149.517359</timestamp>
			</report>
			<report>
				<misses>1496001</misses>
				<total>1321888</total>
				<timestamp>149.617341</timestamp>
			</report>
			<report>
				<misses>1497001</misses>
				<total>1322887</total>
				<timestamp>149.717306</timestamp>
			</report>
			<report>
				<misses>1498001</misses>
				<total>1323886</total>
				<timestamp>149.817366</timestamp>
			</report>
			<report>
				<misses>1499001</misses>
				<total>1324885</total>
				<timestamp>149.917422</timestamp>
			</report>
			<report>
				<misses>1500001</misses>
				<total>1325884</total>
				<timestamp>150.017364</timestamp>
			</report>
			<report>
				<misses>1501001</misses>
				<total>1326883</total>
				<timestamp>150.117289</timestamp>
			</report>
			<report>
				<misses>1502001</misses>
				<total>1327882</total>
				<timestamp>150.217248</timestamp>
			</report>
			<report>
				<misses>1503001</misses>
				<total>1328881</total>
				<timestamp>150.317221</timestamp>
			</report>
			<report>
				<misses>1504001</misses>
				<total>1329880</total>
				<timestamp>150.417245</timestamp>
			</report>
			<report>
				<misses>1505001</misses>
				<total>1330879</total>
				<timestamp>150.517234</timestamp>
			</report>
			<report>
				<misses>1506001</misses>
				<total>1331878</total>
				<timestamp>150.617225</timestamp>
			</report>
			<report>
				<misses>1507001</misses>
				<total>1332877</total>
				<timestamp>150.717282</timestamp>
			</report>
			<report>
				<misses>1508001</misses>
				<total>1333876</total>
				<timestamp>150.817243</timestamp>
			</report>
			<report>
				<misses>1509001</misses>
				<total>1334875</total>
				<timestamp>150.917270</timestamp>
			</report>
			<report>
				<misses>1510001</misses>
				<total>1335874</total>
				<timestamp>151.017270</timestamp>
			</report>
			<report>
				<misses>1511001</misses>
				<total>1336873</total>
				<timestamp>151.117230</timestamp>
			</report>
			<report>
				<misses>1512001</misses>
				<total>1337872</total>
				<timestamp>151.217281</timestamp>
			</report>
			<report>
				<misses>1513001</misses>
				<total>1338871</total>
				<timestamp>151.317268</timestamp>
			</report>
			<report>
				<misses>1514001</misses>
				<total>1339870</total>
				<timestamp>151.417212</timestamp>
			</report>
			<report>
				<misses>1515001</misses>
				<total>1340869</total>
				<timestamp>151.517235</timestamp>
			</report>
			<report>
				<misses>1516001</misses>
				<total>1341868</total>
				<timestamp>151.617224</timestamp>
			</report>
			<report>
				<misses>1517001</misses>
				<total>1342867</total>
				<timestamp>151.717265</timestamp>
			</report>
			<report>
				<misses>1518001</misses>
				<total>1343866</total>
				<timestamp>151.817252</timestamp>
			</report>
			<report>
				<misses>1519001</misses>
				<total>1344865</total>
				<timestamp>151.917253</timestamp>
			</report>
			<report>
				<misses>1520001</misses>
				<total>1345864</total>
				<timestamp>152.017275</timestamp>
			</report>
			<report>
				<misses>1521001</misses>
				<total>1346863</total>
				<timestamp>152.117255</timestamp>
			</report>
			<report>
				<misses>1522001</misses>
				<total>1347862</total>
				<timestamp>152.217299</timestamp>
			</report>
			<report>
				<misses>1523001</misses>
				<total>1348861</total>
				<timestamp>152.317285</timestamp>
			</report>
			<report>
				<misses>1524001</misses>
				<total>1349860</total>
				<timestamp>152.417285</timestamp>
			</report>
			<report>
				<misses>1525001</misses>
				<total>1350859</total>
				<timestamp>152.517214</timestamp>
			</report>
			<report>
				<misses>1526001</misses>
				<total>1351858</total>
				<timestamp>152.617219</timestamp>
			</report>
			<report>
				<misses>1527001</misses>
				<total>1352857</total>
				<timestamp>152.717283</timestamp>
			</report>
			<report>
				<misses>1528001</misses>
				<total>1353856</total>
				<timestamp>152.817235</timestamp>
			</report>
			<report>
				<misses>1529001</misses>
				<total>1354855</total>
				<timestamp>152.917284</timestamp>
			</report>
			<report>
				<misses>1530001</misses>
				<total>1355854</total>
				<timestamp>153.017297</timestamp>
			</report>
			<report>
				<misses>1531001</misses>
				<total>1356853</total>
				<timestamp>153.117284</timestamp>
			</report>
			<report>
				<misses>1532001</misses>
				<total>1357852</total>
				<timestamp>153.217213</timestamp>
			</report>
			<report>
				<misses>1533001</misses>
				<total>1358851</total>
				<timestamp>153.317284</timestamp>
			</report>
			<report>
				<misses>1534001</misses>
				<total>1359850</total>
				<timestamp>153.417251</timestamp>
			</report>
			<report>
				<misses>1535001</misses>
				<total>1360849</total>
				<timestamp>153.517215</timestamp>
			</report>
			<report>
				<misses>1536001</misses>
				<total>1361848</total>
				<timestamp>153.617205</timestamp>
			</report>
			<report>
				<misses>1537001</misses>
				<total>1362847</total>
				<timestamp>153.717420</timestamp>
			</report>
			<report>
				<misses>1538001</misses>
				<total>1363846</total>
				<timestamp>153.817364</timestamp>
			</report>
			<report>
				<misses>1539001</misses>
				<total>1364845</total>
				<timestamp>153.917298</timestamp>
			</report>
			<report>
				<misses>1540001</misses>
				<total>1365395</total>
				<timestamp>154.017410</timestamp>
			</report>
			<report>
				<misses>1541001</misses>
				<total>1365396</total>
				<timestamp>154.117429</timestamp>
			</report>
			<report>
				<misses>1542001</misses>
				<total>1365976</total>
				<timestamp>154.217399</timestamp>
			</report>
			<report>
				<misses>1543001</misses>
				<total>1366975</total>
				<timestamp>154.317388</timestamp>
			</report>
			<report>
				<misses>1544001</misses>
				<total>1367974</total>
				<timestamp>154.417416</timestamp>
			</report>
			<report>
				<misses>1545001</misses>
				<total>1368973</total>
				<timestamp>154.517355</timestamp>
			</report>
			<report>
				<misses>1546001</misses>
				<total>1369972</total>
				<timestamp>154.617263</timestamp>
			</report>
			<report>
				<misses>1547001</misses>
				<total>1370971</total>
				<timestamp>154.717218</timestamp>
			</report>
			<report>
				<misses>1548001</misses>
				<total>1371970</total>
				<timestamp>154.817194</timestamp>
			</report>
			<report>
				<misses>1549001</misses>
				<total>1372969</total>
				<timestamp>154.917288</timestamp>
			</report>
			<report>
				<misses>1550001</misses>
				<total>1373760</total>
				<timestamp>155.017314</timestamp>
			</report>
			<report>
				<misses>1551001</misses>
				<total>1373760</total>
				<timestamp>155.117344</timestamp>
			</report>
			<report>
				<misses>1552001</misses>
				<total>1373761</total>
				<timestamp>155.217295</timestamp>
			</report>
			<report>
				<misses>1553001</misses>
				<total>1373759</total>
				<timestamp>155.317339</timestamp>
			</report>
			<report>
				<misses>1554001</misses>
				<total>1373761</total>
				<timestamp>155.417403</timestamp>
			</report>
			<report>
				<misses>1555001</misses>
				<total>1373761</total>
				<timestamp>155.517355</timestamp>
			</report>
			<report>
				<misses>1556001</misses>
				<total>1373763</total>
				<timestamp>155.617290</timestamp>
			</report>
			<report>
				<misses>1557001</misses>
				<total>1374230</total>
				<timestamp>155.717255</timestamp>
			</report>
			<report>
				<misses>1558001</misses>
				<total>1375229</total>
				<timestamp>155.817361</timestamp>
			</report>
			<report>
				<misses>1559001</misses>
				<total>1376228</total>
				<timestamp>155.917310</timestamp>
			</report>
			<report>
				<misses>1560001</misses>
				<total>1377227</total>
				<timestamp>156.017290</timestamp>
			</report>
			<report>
				<misses>1561001</misses>
				<total>1378226</total>
				<timestamp>156.117260</timestamp>
			</report>
			<report>
				<misses>1562001</misses>
				<total>1379225</total>
				<timestamp>156.217246</timestamp>
			</report>
			<report>
				<misses>1563001</misses>
				<total>1380224</total>
				<timestamp>156.317235</timestamp>
			</report>
			<report>
				<misses>1564001</misses>
				<total>1381223</total>
				<timestamp>156.417318</timestamp>
			</report>
			<report>
				<misses>1565001</misses>
				<total>1382222</total>
				<timestamp>156.517316</timestamp>
			</report>
			<report>
				<misses>1566001</misses>
				<total>1383221</total>
				<timestamp>156.617294</timestamp>
			</report>
			<report>
				<misses>1567001</misses>
				<total>1384220</total>
				<timestamp>156.717432</timestamp>
			</report>
			<report>
				<misses>1568001</misses>
				<total>1385219</total>
				<timestamp>156.817380</timestamp>
			</report>
			<report>
				<misses>1569001</misses>
				<total>1386218</total>
				<timestamp>156.917303</timestamp>
			</report>
			<report>
				<misses>1570001</misses>
				<total>1387217</total>
				<timestamp>157.017310</timestamp>
			</report>
			<report>
				<misses>1571001</misses>
				<total>1387488</total>
				<timestamp>157.117278</timestamp>
			</report>
			<report>
				<misses>1572001</misses>
				<total>1387488</total>
				<timestamp>157.217270</timestamp>
			</report>
			<report>
				<misses>1573001</misses>
				<total>1387488</total>
				<timestamp>157.317235</timestamp>
			</report>
			<report>
				<misses>1574001</misses>
				<total>1387488</total>
				<timestamp>157.417267</timestamp>
			</report>
			<report>
				<misses>1575001</misses>
				<total>1387555</total>
				<timestamp>157.517212</timestamp>
			</report>
			<report>
				<misses>1576001</misses>
				<total>1388476</total>
				<timestamp>157.617236</timestamp>
			</report>
			<report>
				<misses>1577001</misses>
				<total>1389475</total>
				<timestamp>157.717261</timestamp>
			</report>
			<report>
				<misses>1578001</misses>
				<total>1390474</total>
				<timestamp>157.817250</timestamp>
			</report>
			<report>
				<misses>1579001</misses>
				<total>1391473</total>
				<timestamp>157.917291</timestamp>
			</report>
			<report>
				<misses>1580001</misses>
				<total>1392472</total>
				<timestamp>158.017251</timestamp>
			</report>
			<report>
				<misses>1581001</misses>
				<total>1392983</total>
				<timestamp>158.117277</timestamp>
			</report>
			<report>
				<misses>1582001</misses>
				<total>1392984</total>
				<timestamp>158.217314</timestamp>
			</report>
			<report>
				<misses>1583001</misses>
				<total>1392985</total>
				<timestamp>158.317296</timestamp>
			</report>
			<report>
				<misses>1584001</misses>
				<total>1393597</total>
				<timestamp>158.417349</timestamp>
			</report>
			<report>
				<misses>1585001</misses>
				<total>1394596</total>
				<timestamp>158.517391</timestamp>
			</report>
			<report>
				<misses>1586001</misses>
				<total>1395227</total>
				<timestamp>158.617273</timestamp>
			</report>
			<report>
				<misses>1587001</misses>
				<total>1395236</total>
				<timestamp>158.717270</timestamp>
			</report>
			<report>
				<misses>1588001</misses>
				<total>1395237</total>
				<timestamp>158.817240</timestamp>
			</report>
			<report>
				<misses>1589001</misses>
				<total>1395237</total>
				<timestamp>158.917218</timestamp>
			</report>
			<report>
				<misses>1590001</misses>
				<total>1395237</total>
				<timestamp>159.017293</timestamp>
			</report>
			<report>
				<misses>1591001</misses>
				<total>1395237</total>
				<timestamp>159.117282</timestamp>
			</report>
			<report>
				<misses>1592001</misses>
				<total>1395237</total>
				<timestamp>159.217239</timestamp>
			</report>
			<report>
				<misses>1593001</misses>
				<total>1395848</total>
				<timestamp>159.317280</timestamp>
			</report>
			<report>
				<misses>1594001</misses>
				<total>1396847</total>
				<timestamp>159.417271</timestamp>
			</report>
			<report>
				<misses>1595001</misses>
				<total>1397846</total>
				<timestamp>159.517343</timestamp>
			</report>
			<report>
				<misses>1596001</misses>
				<total>1398845</total>
				<timestamp>159.617280</timestamp>
			</report>
			<report>
				<misses>1597001</misses>
				<total>1399844</total>
				<timestamp>159.717351</timestamp>
			</report>
			<report>
				<misses>1598001</misses>
				<total>1400843</total>
				<timestamp>159.817291</timestamp>
			</report>
			<report>
				<misses>1599001</misses>
				<total>1401842</total>
				<timestamp>159.917180</timestamp>
			</report>
			<report>
				<misses>1600001</misses>
				<total>1402841</total>
				<timestamp>160.017174</timestamp>
			</report>
			<report>
				<misses>1601001</misses>
				<total>1403840</total>
				<timestamp>160.117132</timestamp>
			</report>
			<report>
				<misses>1602001</misses>
				<total>1404839</total>
				<timestamp>160.217184</timestamp>
			</report>
			<report>
				<misses>1603001</misses>
				<total>1405838</total>
				<timestamp>160.317152</timestamp>
			</report>
			<report>
				<misses>1604001</misses>
				<total>1406837</total>
				<timestamp>160.417205</timestamp>
			</report>
			<report>
				<misses>1605001</misses>
				<total>1407836</total>
				<timestamp>160.517211</timestamp>
			</report>
			<report>
				<misses>1606001</misses>
				<total>1408835</total>
				<timestamp>160.617304</timestamp>
			</report>
			<report>
				<misses>1607001</misses>
				<total>1409834</total>
				<timestamp>160.717286</timestamp>
			</report>
			<report>
				<misses>1608001</misses>
				<total>1410833</total>
				<timestamp>160.817349</timestamp>
			</report>
			<report>
				<misses>1609001</misses>
				<total>1411832</total>
				<timestamp>160.917291</timestamp>
			</report>
			<report>
				<misses>1610001</misses>
				<total>1412831</total>
				<timestamp>161.017264</timestamp>
			</report>
			<report>
				<misses>1611001</misses>
				<total>1413830</total>
				<timestamp>161.117278</timestamp>
			</report>
			<report>
				<misses>1612001</misses>
				<total>1414829</total>
				<timestamp>161.217189</timestamp>
			</report>
			<report>
				<misses>1613001</misses>
				<total>1415828</total>
				<timestamp>161.317281</timestamp>
			</report>
			<report>
				<misses>1614001</misses>
				<total>1416827</total>
				<timestamp>161.417278</timestamp>
			</report>
			<report>
				<misses>1615001</misses>
				<total>1417826</total>
				<timestamp>161.517235</timestamp>
			</report>
			<report>
				<misses>1616001</misses>
				<total>1418825</total>
				<timestamp>161.617269</timestamp>
			</report>
			<report>
				<misses>1617001</misses>
				<total>1419824</total>
				<timestamp>161.717210</timestamp>
			</report>
			<report>
				<misses>1618001</misses>
				<total>1420823</total>
				<timestamp>161.817243</timestamp>
			</report>
			<report>
				<misses>1619001</misses>
				<total>1421822</total>
				<timestamp>161.917286</timestamp>
			</report>
			<report>
				<misses>1620001</misses>
				<total>1422821</total>
				<timestamp>162.017186</timestamp>
			</report>
			<report>
				<misses>1621001</misses>
				<total>1423820</total>
				<timestamp>162.117156</timestamp>
			</report>
			<report>
				<misses>1622001</misses>
				<total>1424819</total>
				<timestamp>162.217151</timestamp>
			</report>
			<report>
				<misses>1623001</misses>
				<total>1425818</total>
				<timestamp>162.317126</timestamp>
			</report>
			<report>
				<misses>1624001</misses>
				<total>1426817</total>
				<timestamp>162.417213</timestamp>
			</report>
			<report>
				<misses>1625001</misses>
				<total>1427816</total>
				<timestamp>162.517255</timestamp>
			</report>
			<report>
				<misses>1626001</misses>
				<total>1428815</total>
				<timestamp>162.617270</timestamp>
			</report>
			<report>
				<misses>1627001</misses>
				<total>1429814</total>
				<timestamp>162.717276</timestamp>
			</report>
			<report>
				<misses>1628001</misses>
				<total>1430813</total>
				<timestamp>162.817171</timestamp>
			</report>
			<report>
				<misses>1629001</misses>
				<total>1431812</total>
				<timestamp>162.917224</timestamp>
			</report>
			<report>
				<misses>1630001</misses>
				<total>1432811</total>
				<timestamp>163.017227</timestamp>
			</report>
			<report>
				<misses>1631001</misses>
				<total>1433810</total>
				<timestamp>163.117226</timestamp>
			</report>
			<report>
				<misses>1632001</misses>
				<total>1434809</total>
				<timestamp>163.217310</timestamp>
			</report>
			<report>
				<misses>1633001</misses>
				<total>1435808</total>
				<timestamp>163.317456</timestamp>
			</report>
			<report>
				<misses>1634001</misses>
				<total>1436807</total>
				<timestamp>163.417357</timestamp>
			</report>
			<report>
				<misses>1635001</misses>
				<total>1437806</total>
				<timestamp>163.517312</timestamp>
			</report>
			<report>
				<misses>1636001</misses>
				<total>1438805</total>
				<timestamp>163.617342</timestamp>
			</report>
			<report>
				<misses>1637001</misses>
				<total>1439804</total>
				<timestamp>163.717270</timestamp>
			</report>
			<report>
				<misses>1638001</misses>
				<total>1440803</total>
				<timestamp>163.817263</timestamp>
			</report>
			<report>
				<misses>1639001</misses>
				<total>1441802</total>
				<timestamp>163.917200</timestamp>
			</report>
			<report>
				<misses>1640001</misses>
				<total>1442801</total>
				<timestamp>164.017205</timestamp>
			</report>
			<report>
				<misses>1641001</misses>
				<total>1443800</total>
				<timestamp>164.117166</timestamp>
			</report>
			<report>
				<misses>1642001</misses>
				<total>1444799</total>
				<timestamp>164.217159</timestamp>
			</report>
			<report>
				<misses>1643001</misses>
				<total>1445798</total>
				<timestamp>164.317150</timestamp>
			</report>
			<report>
				<misses>1644001</misses>
				<total>1446797</total>
				<timestamp>164.417235</timestamp>
			</report>
			<report>
				<misses>1645001</misses>
				<total>1447796</total>
				<timestamp>164.517252</timestamp>
			</report>
			<report>
				<misses>1646001</misses>
				<total>1448795</total>
				<timestamp>164.617192</timestamp>
			</report>
			<report>
				<misses>1647001</misses>
				<total>1449794</total>
				<timestamp>164.717148</timestamp>
			</report>
			<report>
				<misses>1648001</misses>
				<total>1450793</total>
				<timestamp>164.817183</timestamp>
			</report>
			<report>
				<misses>1649001</misses>
				<total>1451792</total>
				<timestamp>164.917136</timestamp>
			</report>
			<report>
				<misses>1650001</misses>
				<total>1452791</total>
				<timestamp>165.017134</timestamp>
			</report>
			<report>
				<misses>1651001</misses>
				<total>1453790</total>
				<timestamp>165.117160</timestamp>
			</report>
			<report>
				<misses>1652001</misses>
				<total>1454789</total>
				<timestamp>165.217160</timestamp>
			</report>
			<report>
				<misses>1653001</misses>
				<total>1455788</total>
				<timestamp>165.317147</timestamp>
			</report>
			<report>
				<misses>1654001</misses>
				<total>1456787</total>
				<timestamp>165.417161</timestamp>
			</report>
			<report>
				<misses>1655001</misses>
				<total>1457786</total>
				<timestamp>165.517112</timestamp>
			</report>
			<report>
				<misses>1656001</misses>
				<total>1458785</total>
				<timestamp>165.617202</timestamp>
			</report>
			<report>
				<misses>1657001</misses>
				<total>1459784</total>
				<timestamp>165.717265</timestamp>
			</report>
			<report>
				<misses>1658001</misses>
				<total>1460783</total>
				<timestamp>165.817273</timestamp>
			</report>
			<report>
				<misses>1659001</misses>
				<total>1461782</total>
				<timestamp>165.917228</timestamp>
			</report>
			<report>
				<misses>1660001</misses>
				<total>1462781</total>
				<timestamp>166.017232</timestamp>
			</report>
			<report>
				<misses>1661001</misses>
				<total>1463780</total>
				<timestamp>166.117202</timestamp>
			</report>
			<report>
				<misses>1662001</misses>
				<total>1464779</total>
				<timestamp>166.217170</timestamp>
			</report>
			<report>
				<misses>1663001</misses>
				<total>1465778</total>
				<timestamp>166.317113</timestamp>
			</report>
			<report>
				<misses>1664001</misses>
				<total>1466777</total>
				<timestamp>166.417148</timestamp>
			</report>
			<report>
				<misses>1665001</misses>
				<total>1467776</total>
				<timestamp>166.517172</timestamp>
			</report>
			<report>
				<misses>1666001</misses>
				<total>1468775</total>
				<timestamp>166.617203</timestamp>
			</report>
			<report>
				<misses>1667001</misses>
				<total>1469774</total>
				<timestamp>166.717297</timestamp>
			</report>
			<report>
				<misses>1668001</misses>
				<total>1470773</total>
				<timestamp>166.817259</timestamp>
			</report>
			<report>
				<misses>1669001</misses>
				<total>1471772</total>
				<timestamp>166.917188</timestamp>
			</report>
			<report>
				<misses>1670001</misses>
				<total>1472771</total>
				<timestamp>167.017174</timestamp>
			</report>
			<report>
				<misses>1671001</misses>
				<total>1473770</total>
				<timestamp>167.117162</timestamp>
			</report>
			<report>
				<misses>1672001</misses>
				<total>1474769</total>
				<timestamp>167.217178</timestamp>
			</report>
			<report>
				<misses>1673001</misses>
				<total>1475768</total>
				<timestamp>167.317142</timestamp>
			</report>
			<report>
				<misses>1674001</misses>
				<total>1476767</total>
				<timestamp>167.417103</timestamp>
			</report>
			<report>
				<misses>1675001</misses>
				<total>1477766</total>
				<timestamp>167.517287</timestamp>
			</report>
			<report>
				<misses>1676001</misses>
				<total>1478765</total>
				<timestamp>167.617253</timestamp>
			</report>
			<report>
				<misses>1677001</misses>
				<total>1479764</total>
				<timestamp>167.717246</timestamp>
			</report>
			<report>
				<misses>1678001</misses>
				<total>1480763</total>
				<timestamp>167.817275</timestamp>
			</report>
			<report>
				<misses>1679001</misses>
				<total>1481762</total>
				<timestamp>167.917190</timestamp>
			</report>
			<report>
				<misses>1680001</misses>
				<total>1482761</total>
				<timestamp>168.017160</timestamp>
			</report>
			<report>
				<misses>1681001</misses>
				<total>1483760</total>
				<timestamp>168.117180</timestamp>
			</report>
			<report>
				<misses>1682001</misses>
				<total>1484759</total>
				<timestamp>168.217185</timestamp>
			</report>
			<report>
				<misses>1683001</misses>
				<total>1485758</total>
				<timestamp>168.317143</timestamp>
			</report>
			<report>
				<misses>1684001</misses>
				<total>1486757</total>
				<timestamp>168.417170</timestamp>
			</report>
			<report>
				<misses>1685001</misses>
				<total>1487756</total>
				<timestamp>168.517185</timestamp>
			</report>
			<report>
				<misses>1686001</misses>
				<total>1488755</total>
				<timestamp>168.617125</timestamp>
			</report>
			<report>
				<misses>1687001</misses>
				<total>1489754</total>
				<timestamp>168.717165</timestamp>
			</report>
			<report>
				<misses>1688001</misses>
				<total>1490753</total>
				<timestamp>168.817106</timestamp>
			</report>
			<report>
				<misses>1689001</misses>
				<total>1491752</total>
				<timestamp>168.917114</timestamp>
			</report>
			<report>
				<misses>1690001</misses>
				<total>1492751</total>
				<timestamp>169.017214</timestamp>
			</report>
			<report>
				<misses>1691001</misses>
				<total>1493750</total>
				<timestamp>169.117242</timestamp>
			</report>
			<report>
				<misses>1692001</misses>
				<total>1494749</total>
				<timestamp>169.217255</timestamp>
			</report>
			<report>
				<misses>1693001</misses>
				<total>1495748</total>
				<timestamp>169.317273</timestamp>
			</report>
			<report>
				<misses>1694001</misses>
				<total>1496747</total>
				<timestamp>169.417220</timestamp>
			</report>
			<report>
				<misses>1695001</misses>
				<total>1497746</total>
				<timestamp>169.517229</timestamp>
			</report>
			<report>
				<misses>1696001</misses>
				<total>1498745</total>
				<timestamp>169.617248</timestamp>
			</report>
			<report>
				<misses>1697001</misses>
				<total>1499744</total>
				<timestamp>169.717236</timestamp>
			</report>
			<report>
				<misses>1698001</misses>
				<total>1500743</total>
				<timestamp>169.817200</timestamp>
			</report>
			<report>
				<misses>1699001</misses>
				<total>1501742</total>
				<timestamp>169.917228</timestamp>
			</report>
			<report>
				<misses>1700001</misses>
				<total>1502741</total>
				<timestamp>170.017204</timestamp>
			</report>
			<report>
				<misses>1701001</misses>
				<total>1503740</total>
				<timestamp>170.117223</timestamp>
			</report>
			<report>
				<misses>1702001</misses>
				<total>1504739</total>
				<timestamp>170.217213</timestamp>
			</report>
			<report>
				<misses>1703001</misses>
				<total>1505738</total>
				<timestamp>170.317197</timestamp>
			</report>
			<report>
				<misses>1704001</misses>
				<total>1506737</total>
				<timestamp>170.417197</timestamp>
			</report>
			<report>
				<misses>1705001</misses>
				<total>1507736</total>
				<timestamp>170.517269</timestamp>
			</report>
			<report>
				<misses>1706001</misses>
				<total>1508735</total>
				<timestamp>170.617174</timestamp>
			</report>
			<report>
				<misses>1707001</misses>
				<total>1509734</total>
				<timestamp>170.717205</timestamp>
			</report>
			<report>
				<misses>1708001</misses>
				<total>1510733</total>
				<timestamp>170.817231</timestamp>
			</report>
			<report>
				<misses>1709001</misses>
				<total>1511732</total>
				<timestamp>170.917361</timestamp>
			</report>
			<report>
				<misses>1710001</misses>
				<total>1512731</total>
				<timestamp>171.017314</timestamp>
			</report>
			<report>
				<misses>1711001</misses>
				<total>1513730</total>
				<timestamp>171.117335</timestamp>
			</report>
			<report>
				<misses>1712001</misses>
				<total>1514729</total>
				<timestamp>171.217278</timestamp>
			</report>
			<report>
				<misses>1713001</misses>
				<total>1515728</total>
				<timestamp>171.317329</timestamp>
			</report>
			<report>
				<misses>1714001</misses>
				<total>1516727</total>
				<timestamp>171.417320</timestamp>
			</report>
			<report>
				<misses>1715001</misses>
				<total>1517726</total>
				<timestamp>171.517299</timestamp>
			</report>
			<report>
				<misses>1716001</misses>
				<total>1518725</total>
				<timestamp>171.617350</timestamp>
			</report>
			<report>
				<misses>1717001</misses>
				<total>1519724</total>
				<timestamp>171.717268</timestamp>
			</report>
			<report>
				<misses>1718001</misses>
				<total>1520723</total>
				<timestamp>171.817293</timestamp>
			</report>
			<report>
				<misses>1719001</misses>
				<total>1521722</total>
				<timestamp>171.917181</timestamp>
			</report>
			<report>
				<misses>1720001</misses>
				<total>1522721</total>
				<timestamp>172.017216</timestamp>
			</report>
			<report>
				<misses>1721001</misses>
				<total>1523720</total>
				<timestamp>172.117210</timestamp>
			</report>
			<report>
				<misses>1722001</misses>
				<total>1524719</total>
				<timestamp>172.217299</timestamp>
			</report>
			<report>
				<misses>1723001</misses>
				<total>1525718</total>
				<timestamp>172.317256</timestamp>
			</report>
			<report>
				<misses>1724001</misses>
				<total>1526717</total>
				<timestamp>172.417253</timestamp>
			</report>
			<report>
				<misses>1725001</misses>
				<total>1527716</total>
				<timestamp>172.517180</timestamp>
			</report>
			<report>
				<misses>1726001</misses>
				<total>1528715</total>
				<timestamp>172.617178</timestamp>
			</report>
			<report>
				<misses>1727001</misses>
				<total>1529714</total>
				<timestamp>172.717198</timestamp>
			</report>
			<report>
				<misses>1728001</misses>
				<total>1530713</total>
				<timestamp>172.817218</timestamp>
			</report>
			<report>
				<misses>1729001</misses>
				<total>1531712</total>
				<timestamp>172.917201</timestamp>
			</report>
			<report>
				<misses>1730001</misses>
				<total>1532711</total>
				<timestamp>173.017313</timestamp>
			</report>
			<report>
				<misses>1731001</misses>
				<total>1533710</total>
				<timestamp>173.117299</timestamp>
			</report>
			<report>
				<misses>1732001</misses>
				<total>1534709</total>
				<timestamp>173.217380</timestamp>
			</report>
			<report>
				<misses>1733001</misses>
				<total>1535708</total>
				<timestamp>173.317299</timestamp>
			</report>
			<report>
				<misses>1734001</misses>
				<total>1536707</total>
				<timestamp>173.417268</timestamp>
			</report>
			<report>
				<misses>1735001</misses>
				<total>1537706</total>
				<timestamp>173.517248</timestamp>
			</report>
			<report>
				<misses>1736001</misses>
				<total>1538705</total>
				<timestamp>173.617287</timestamp>
			</report>
			<report>
				<misses>1737001</misses>
				<total>1539704</total>
				<timestamp>173.717337</timestamp>
			</report>
			<report>
				<misses>1738001</misses>
				<total>1540703</total>
				<timestamp>173.817289</timestamp>
			</report>
			<report>
				<misses>1739001</misses>
				<total>1541702</total>
				<timestamp>173.917255</timestamp>
			</report>
			<report>
				<misses>1740001</misses>
				<total>1542701</total>
				<timestamp>174.017263</timestamp>
			</report>
			<report>
				<misses>1741001</misses>
				<total>1543700</total>
				<timestamp>174.117218</timestamp>
			</report>
			<report>
				<misses>1742001</misses>
				<total>1544699</total>
				<timestamp>174.217243</timestamp>
			</report>
			<report>
				<misses>1743001</misses>
				<total>1545698</total>
				<timestamp>174.317228</timestamp>
			</report>
			<report>
				<misses>1744001</misses>
				<total>1546697</total>
				<timestamp>174.417279</timestamp>
			</report>
			<report>
				<misses>1745001</misses>
				<total>1547696</total>
				<timestamp>174.517200</timestamp>
			</report>
			<report>
				<misses>1746001</misses>
				<total>1548695</total>
				<timestamp>174.617278</timestamp>
			</report>
			<report>
				<misses>1747001</misses>
				<total>1549694</total>
				<timestamp>174.717175</timestamp>
			</report>
			<report>
				<misses>1748001</misses>
				<total>1550693</total>
				<timestamp>174.817117</timestamp>
			</report>
			<report>
				<misses>1749001</misses>
				<total>1551692</total>
				<timestamp>174.917248</timestamp>
			</report>
			<report>
				<misses>1750001</misses>
				<total>1552691</total>
				<timestamp>175.017416</timestamp>
			</report>
			<report>
				<misses>1751001</misses>
				<total>1553690</total>
				<timestamp>175.117353</timestamp>
			</report>
			<report>
				<misses>1752001</misses>
				<total>1554689</total>
				<timestamp>175.217266</timestamp>
			</report>
			<report>
				<misses>1753001</misses>
				<total>1555688</total>
				<timestamp>175.317318</timestamp>
			</report>
			<report>
				<misses>1754001</misses>
				<total>1556687</total>
				<timestamp>175.417359</timestamp>
			</report>
			<report>
				<misses>1755001</misses>
				<total>1557686</total>
				<timestamp>175.517273</timestamp>
			</report>
			<report>
				<misses>1756001</misses>
				<total>1558685</total>
				<timestamp>175.617255</timestamp>
			</report>
			<report>
				<misses>1757001</misses>
				<total>1559684</total>
				<timestamp>175.717195</timestamp>
			</report>
			<report>
				<misses>1758001</misses>
				<total>1560683</total>
				<timestamp>175.817196</timestamp>
			</report>
			<report>
				<misses>1759001</misses>
				<total>1561682</total>
				<timestamp>175.917164</timestamp>
			</report>
			<report>
				<misses>1760001</misses>
				<total>1562681</total>
				<timestamp>176.017142</timestamp>
			</report>
			<report>
				<misses>1761001</misses>
				<total>1563680</total>
				<timestamp>176.117187</timestamp>
			</report>
			<report>
				<misses>1762001</misses>
				<total>1564679</total>
				<timestamp>176.217143</timestamp>
			</report>
			<report>
				<misses>1763001</misses>
				<total>1565678</total>
				<timestamp>176.317154</timestamp>
			</report>
			<report>
				<misses>1764001</misses>
				<total>1566677</total>
				<timestamp>176.417160</timestamp>
			</report>
			<report>
				<misses>1765001</misses>
				<total>1567676</total>
				<timestamp>176.517085</timestamp>
			</report>
			<report>
				<misses>1766001</misses>
				<total>1568675</total>
				<timestamp>176.617118</timestamp>
			</report>
			<report>
				<misses>1767001</misses>
				<total>1569674</total>
				<timestamp>176.717238</timestamp>
			</report>
			<report>
				<misses>1768001</misses>
				<total>1570673</total>
				<timestamp>176.817335</timestamp>
			</report>
			<report>
				<misses>1769001</misses>
				<total>1571672</total>
				<timestamp>176.917375</timestamp>
			</report>
			<report>
				<misses>1770001</misses>
				<total>1572671</total>
				<timestamp>177.017317</timestamp>
			</report>
			<report>
				<misses>1771001</misses>
				<total>1573670</total>
				<timestamp>177.117287</timestamp>
			</report>
			<report>
				<misses>1772001</misses>
				<total>1574669</total>
				<timestamp>177.217209</timestamp>
			</report>
			<report>
				<misses>1773001</misses>
				<total>1575668</total>
				<timestamp>177.317229</timestamp>
			</report>
			<report>
				<misses>1774001</misses>
				<total>1576667</total>
				<timestamp>177.417294</timestamp>
			</report>
			<report>
				<misses>1775001</misses>
				<total>1577666</total>
				<timestamp>177.517284</timestamp>
			</report>
			<report>
				<misses>1776001</misses>
				<total>1578665</total>
				<timestamp>177.617210</timestamp>
			</report>
			<report>
				<misses>1777001</misses>
				<total>1579664</total>
				<timestamp>177.717244</timestamp>
			</report>
			<report>
				<misses>1778001</misses>
				<total>1580663</total>
				<timestamp>177.817226</timestamp>
			</report>
			<report>
				<misses>1779001</misses>
				<total>1581662</total>
				<timestamp>177.917211</timestamp>
			</report>
			<report>
				<misses>1780001</misses>
				<total>1582661</total>
				<timestamp>178.017164</timestamp>
			</report>
			<report>
				<misses>1781001</misses>
				<total>1583660</total>
				<timestamp>178.117123</timestamp>
			</report>
			<report>
				<misses>1782001</misses>
				<total>1584659</total>
				<timestamp>178.217206</timestamp>
			</report>
			<report>
				<misses>1783001</misses>
				<total>1585658</total>
				<timestamp>178.317294</timestamp>
			</report>
			<report>
				<misses>1784001</misses>
				<total>1586657</total>
				<timestamp>178.417285</timestamp>
			</report>
			<report>
				<misses>1785001</misses>
				<total>1587656</total>
				<timestamp>178.517224</timestamp>
			</report>
			<report>
				<misses>1786001</misses>
				<total>1588655</total>
				<timestamp>178.617223</timestamp>
			</report>
			<report>
				<misses>1787001</misses>
				<total>1589654</total>
				<timestamp>178.717180</timestamp>
			</report>
			<report>
				<misses>1788001</misses>
				<total>1590653</total>
				<timestamp>178.817191</timestamp>
			</report>
			<report>
				<misses>1789001</misses>
				<total>1591652</total>
				<timestamp>178.917184</timestamp>
			</report>
			<report>
				<misses>1790001</misses>
				<total>1592651</total>
				<timestamp>179.017168</timestamp>
			</report>
			<report>
				<misses>1791001</misses>
				<total>1593650</total>
				<timestamp>179.117138</timestamp>
			</report>
			<report>
				<misses>1792001</misses>
				<total>1594649</total>
				<timestamp>179.217164</timestamp>
			</report>
			<report>
				<misses>1793001</misses>
				<total>1595648</total>
				<timestamp>179.317108</timestamp>
			</report>
			<report>
				<misses>1794001</misses>
				<total>1596647</total>
				<timestamp>179.417099</timestamp>
			</report>
			<report>
				<misses>1795001</misses>
				<total>1597646</total>
				<timestamp>179.517120</timestamp>
			</report>
			<report>
				<misses>1796001</misses>
				<total>1598645</total>
				<timestamp>179.617162</timestamp>
			</report>
			<report>
				<misses>1797001</misses>
				<total>1599644</total>
				<timestamp>179.717103</timestamp>
			</report>
			<report>
				<misses>1798001</misses>
				<total>1600643</total>
				<timestamp>179.817156</timestamp>
			</report>
			<report>
				<misses>1799001</misses>
				<total>1601642</total>
				<timestamp>179.917139</timestamp>
			</report>
			<report>
				<misses>1800001</misses>
				<total>1602641</total>
				<timestamp>180.017105</timestamp>
			</report>
			<report>
				<misses>1801001</misses>
				<total>1603640</total>
				<timestamp>180.117171</timestamp>
			</report>
			<report>
				<misses>1802001</misses>
				<total>1604639</total>
				<timestamp>180.217165</timestamp>
			</report>
			<report>
				<misses>1803001</misses>
				<total>1605638</total>
				<timestamp>180.317210</timestamp>
			</report>
			<report>
				<misses>1804001</misses>
				<total>1606637</total>
				<timestamp>180.417213</timestamp>
			</report>
			<report>
				<misses>1805001</misses>
				<total>1607636</total>
				<timestamp>180.517168</timestamp>
			</report>
			<report>
				<misses>1806001</misses>
				<total>1608635</total>
				<timestamp>180.617222</timestamp>
			</report>
			<report>
				<misses>1807001</misses>
				<total>1609634</total>
				<timestamp>180.717222</timestamp>
			</report>
			<report>
				<misses>1808001</misses>
				<total>1610633</total>
				<timestamp>180.817225</timestamp>
			</report>
			<report>
				<misses>1809001</misses>
				<total>1611632</total>
				<timestamp>180.917230</timestamp>
			</report>
			<report>
				<misses>1810001</misses>
				<total>1612631</total>
				<timestamp>181.017214</timestamp>
			</report>
			<report>
				<misses>1811001</misses>
				<total>1613630</total>
				<timestamp>181.117236</timestamp>
			</report>
			<report>
				<misses>1812001</misses>
				<total>1614629</total>
				<timestamp>181.217332</timestamp>
			</report>
			<report>
				<misses>1813001</misses>
				<total>1615628</total>
				<timestamp>181.317382</timestamp>
			</report>
			<report>
				<misses>1814001</misses>
				<total>1616627</total>
				<timestamp>181.417425</timestamp>
			</report>
			<report>
				<misses>1815001</misses>
				<total>1617626</total>
				<timestamp>181.517370</timestamp>
			</report>
			<report>
				<misses>1816001</misses>
				<total>1618625</total>
				<timestamp>181.617274</timestamp>
			</report>
			<report>
				<misses>1817001</misses>
				<total>1619624</total>
				<timestamp>181.717193</timestamp>
			</report>
			<report>
				<misses>1818001</misses>
				<total>1620623</total>
				<timestamp>181.817120</timestamp>
			</report>
			<report>
				<misses>1819001</misses>
				<total>1621622</total>
				<timestamp>181.917174</timestamp>
			</report>
			<report>
				<misses>1820001</misses>
				<total>1622621</total>
				<timestamp>182.017172</timestamp>
			</report>
			<report>
				<misses>1821001</misses>
				<total>1623620</total>
				<timestamp>182.117157</timestamp>
			</report>
			<report>
				<misses>1822001</misses>
				<total>1624619</total>
				<timestamp>182.217142</timestamp>
			</report>
			<report>
				<misses>1823001</misses>
				<total>1625618</total>
				<timestamp>182.317163</timestamp>
			</report>
			<report>
				<misses>1824001</misses>
				<total>1626617</total>
				<timestamp>182.417090</timestamp>
			</report>
			<report>
				<misses>1825001</misses>
				<total>1627616</total>
				<timestamp>182.517023</timestamp>
			</report>
			<report>
				<misses>1826001</misses>
				<total>1628615</total>
				<timestamp>182.617046</timestamp>
			</report>
			<report>
				<misses>1827001</misses>
				<total>1629614</total>
				<timestamp>182.717035</timestamp>
			</report>
			<report>
				<misses>1828001</misses>
				<total>1630613</total>
				<timestamp>182.817051</timestamp>
			</report>
			<report>
				<misses>1829001</misses>
				<total>1631612</total>
				<timestamp>182.917036</timestamp>
			</report>
			<report>
				<misses>1830001</misses>
				<total>1632611</total>
				<timestamp>183.017048</timestamp>
			</report>
			<report>
				<misses>1831001</misses>
				<total>1633610</total>
				<timestamp>183.117037</timestamp>
			</report>
			<report>
				<misses>1832001</misses>
				<total>1634609</total>
				<timestamp>183.217015</timestamp>
			</report>
			<report>
				<misses>1833001</misses>
				<total>1635608</total>
				<timestamp>183.317022</timestamp>
			</report>
			<report>
				<misses>1834001</misses>
				<total>1636607</total>
				<timestamp>183.417051</timestamp>
			</report>
			<report>
				<misses>1835001</misses>
				<total>1637606</total>
				<timestamp>183.517078</timestamp>
			</report>
			<report>
				<misses>1836001</misses>
				<total>1638605</total>
				<timestamp>183.617039</timestamp>
			</report>
			<report>
				<misses>1837001</misses>
				<total>1639604</total>
				<timestamp>183.717008</timestamp>
			</report>
			<report>
				<misses>1838001</misses>
				<total>1640603</total>
				<timestamp>183.817016</timestamp>
			</report>
			<report>
				<misses>1839001</misses>
				<total>1641602</total>
				<timestamp>183.917051</timestamp>
			</report>
			<report>
				<misses>1840001</misses>
				<total>1642601</total>
				<timestamp>184.017003</timestamp>
			</report>
			<report>
				<misses>1841001</misses>
				<total>1643600</total>
				<timestamp>184.117023</timestamp>
			</report>
			<report>
				<misses>1842001</misses>
				<total>1644232</total>
				<timestamp>184.217030</timestamp>
			</report>
			<report>
				<misses>1843001</misses>
				<total>1644233</total>
				<timestamp>184.317028</timestamp>
			</report>
			<report>
				<misses>1844001</misses>
				<total>1644233</total>
				<timestamp>184.417030</timestamp>
			</report>
			<report>
				<misses>1845001</misses>
				<total>1644233</total>
				<timestamp>184.517025</timestamp>
			</report>
			<report>
				<misses>1846001</misses>
				<total>1644234</total>
				<timestamp>184.617030</timestamp>
			</report>
			<report>
				<misses>1847001</misses>
				<total>1644233</total>
				<timestamp>184.717012</timestamp>
			</report>
			<report>
				<misses>1848001</misses>
				<total>1644233</total>
				<timestamp>184.817015</timestamp>
			</report>
			<report>
				<misses>1849001</misses>
				<total>1644232</total>
				<timestamp>184.917015</timestamp>
			</report>
			<report>
				<misses>1850001</misses>
				<total>1644234</total>
				<timestamp>185.017006</timestamp>
			</report>
			<report>
				<misses>1851001</misses>
				<total>1644233</total>
				<timestamp>185.117053</timestamp>
			</report>
			<report>
				<misses>1852001</misses>
				<total>1644233</total>
				<timestamp>185.217022</timestamp>
			</report>
			<report>
				<misses>1853001</misses>
				<total>1644233</total>
				<timestamp>185.317008</timestamp>
			</report>
			<report>
				<misses>1854001</misses>
				<total>1644235</total>
				<timestamp>185.416999</timestamp>
			</report>
			<report>
				<misses>1855001</misses>
				<total>1644235</total>
				<timestamp>185.517022</timestamp>
			</report>
			<report>
				<misses>1856001</misses>
				<total>1644639</total>
				<timestamp>185.617137</timestamp>
			</report>
			<report>
				<misses>1857001</misses>
				<total>1645629</total>
				<timestamp>185.717112</timestamp>
			</report>
			<report>
				<misses>1858001</misses>
				<total>1645629</total>
				<timestamp>185.817180</timestamp>
			</report>
			<report>
				<misses>1859001</misses>
				<total>1645629</total>
				<timestamp>185.917103</timestamp>
			</report>
			<report>
				<misses>1860001</misses>
				<total>1645631</total>
				<timestamp>186.017129</timestamp>
			</report>
			<report>
				<misses>1861001</misses>
				<total>1645631</total>
				<timestamp>186.117146</timestamp>
			</report>
			<report>
				<misses>1862001</misses>
				<total>1645632</total>
				<timestamp>186.217093</timestamp>
			</report>
			<report>
				<misses>1863001</misses>
				<total>1645632</total>
				<timestamp>186.316979</timestamp>
			</report>
			<report>
				<misses>1864001</misses>
				<total>1645636</total>
				<timestamp>186.417020</timestamp>
			</report>
			<report>
				<misses>1865001</misses>
				<total>1645638</total>
				<timestamp>186.517016</timestamp>
			</report>
			<report>
				<misses>1866001</misses>
				<total>1645692</total>
				<timestamp>186.617015</timestamp>
			</report>
			<report>
				<misses>1867001</misses>
				<total>1646691</total>
				<timestamp>186.717045</timestamp>
			</report>
			<report>
				<misses>1868001</misses>
				<total>1647690</total>
				<timestamp>186.816998</timestamp>
			</report>
			<report>
				<misses>1869001</misses>
				<total>1648689</total>
				<timestamp>186.917177</timestamp>
			</report>
			<report>
				<misses>1870001</misses>
				<total>1649688</total>
				<timestamp>187.017113</timestamp>
			</report>
			<report>
				<misses>1871001</misses>
				<total>1650687</total>
				<timestamp>187.117138</timestamp>
			</report>
			<report>
				<misses>1872001</misses>
				<total>1651686</total>
				<timestamp>187.217104</timestamp>
			</report>
			<report>
				<misses>1873001</misses>
				<total>1652685</total>
				<timestamp>187.317095</timestamp>
			</report>
			<report>
				<misses>1874001</misses>
				<total>1653684</total>
				<timestamp>187.417171</timestamp>
			</report>
			<report>
				<misses>1875001</misses>
				<total>1654683</total>
				<timestamp>187.517169</timestamp>
			</report>
			<report>
				<misses>1876001</misses>
				<total>1655682</total>
				<timestamp>187.617099</timestamp>
			</report>
			<report>
				<misses>1877001</misses>
				<total>1656681</total>
				<timestamp>187.717164</timestamp>
			</report>
			<report>
				<misses>1878001</misses>
				<total>1657152</total>
				<timestamp>187.817078</timestamp>
			</report>
			<report>
				<misses>1879001</misses>
				<total>1657151</total>
				<timestamp>187.917008</timestamp>
			</report>
			<report>
				<misses>1880001</misses>
				<total>1657152</total>
				<timestamp>188.017044</timestamp>
			</report>
			<report>
				<misses>1881001</misses>
				<total>1657153</total>
				<timestamp>188.117024</timestamp>
			</report>
			<report>
				<misses>1882001</misses>
				<total>1657153</total>
				<timestamp>188.216985</timestamp>
			</report>
			<report>
				<misses>1883001</misses>
				<total>1657153</total>
				<timestamp>188.316896</timestamp>
			</report>
			<report>
				<misses>1884001</misses>
				<total>1657308</total>
				<timestamp>188.417061</timestamp>
			</report>
			<report>
				<misses>1885001</misses>
				<total>1658307</total>
				<timestamp>188.517029</timestamp>
			</report>
			<report>
				<misses>1886001</misses>
				<total>1659306</total>
				<timestamp>188.617492</timestamp>
			</report>
			<report>
				<misses>1887001</misses>
				<total>1660305</total>
				<timestamp>188.717448</timestamp>
			</report>
			<report>
				<misses>1888001</misses>
				<total>1661304</total>
				<timestamp>188.817495</timestamp>
			</report>
			<report>
				<misses>1889001</misses>
				<total>1662303</total>
				<timestamp>188.917576</timestamp>
			</report>
			<report>
				<misses>1890001</misses>
				<total>1663302</total>
				<timestamp>189.017541</timestamp>
			</report>
			<report>
				<misses>1891001</misses>
				<total>1664301</total>
				<timestamp>189.117500</timestamp>
			</report>
			<report>
				<misses>1892001</misses>
				<total>1665300</total>
				<timestamp>189.217495</timestamp>
			</report>
			<report>
				<misses>1893001</misses>
				<total>1666299</total>
				<timestamp>189.317482</timestamp>
			</report>
			<report>
				<misses>1894001</misses>
				<total>1667298</total>
				<timestamp>189.417379</timestamp>
			</report>
			<report>
				<misses>1895001</misses>
				<total>1668297</total>
				<timestamp>189.517292</timestamp>
			</report>
			<report>
				<misses>1896001</misses>
				<total>1669296</total>
				<timestamp>189.617265</timestamp>
			</report>
			<report>
				<misses>1897001</misses>
				<total>1670295</total>
				<timestamp>189.717320</timestamp>
			</report>
			<report>
				<misses>1898001</misses>
				<total>1671294</total>
				<timestamp>189.817277</timestamp>
			</report>
			<report>
				<misses>1899001</misses>
				<total>1672293</total>
				<timestamp>189.917281</timestamp>
			</report>
			<report>
				<misses>1900001</misses>
				<total>1673292</total>
				<timestamp>190.017217</timestamp>
			</report>
			<report>
				<misses>1901001</misses>
				<total>1674291</total>
				<timestamp>190.117344</timestamp>
			</report>
			<report>
				<misses>1902001</misses>
				<total>1675290</total>
				<timestamp>190.217349</timestamp>
			</report>
			<report>
				<misses>1903001</misses>
				<total>1676289</total>
				<timestamp>190.317355</timestamp>
			</report>
			<report>
				<misses>1904001</misses>
				<total>1677288</total>
				<timestamp>190.417378</timestamp>
			</report>
			<report>
				<misses>1905001</misses>
				<total>1678287</total>
				<timestamp>190.517327</timestamp>
			</report>
			<report>
				<misses>1906001</misses>
				<total>1679286</total>
				<timestamp>190.617263</timestamp>
			</report>
			<report>
				<misses>1907001</misses>
				<total>1680285</total>
				<timestamp>190.717202</timestamp>
			</report>
			<report>
				<misses>1908001</misses>
				<total>1681284</total>
				<timestamp>190.817194</timestamp>
			</report>
			<report>
				<misses>1909001</misses>
				<total>1682283</total>
				<timestamp>190.917091</timestamp>
			</report>
			<report>
				<misses>1910001</misses>
				<total>1683282</total>
				<timestamp>191.016978</timestamp>
			</report>
			<report>
				<misses>1911001</misses>
				<total>1684281</total>
				<timestamp>191.116880</timestamp>
			</report>
			<report>
				<misses>1912001</misses>
				<total>1685280</total>
				<timestamp>191.216823</timestamp>
			</report>
			<report>
				<misses>1913001</misses>
				<total>1686279</total>
				<timestamp>191.316889</timestamp>
			</report>
			<report>
				<misses>1914001</misses>
				<total>1687278</total>
				<timestamp>191.416815</timestamp>
			</report>
			<report>
				<misses>1915001</misses>
				<total>1688277</total>
				<timestamp>191.516814</timestamp>
			</report>
			<report>
				<misses>1916001</misses>
				<total>1689276</total>
				<timestamp>191.616865</timestamp>
			</report>
			<report>
				<misses>1917001</misses>
				<total>1690275</total>
				<timestamp>191.716810</timestamp>
			</report>
			<report>
				<misses>1918001</misses>
				<total>1691274</total>
				<timestamp>191.816806</timestamp>
			</report>
			<report>
				<misses>1919001</misses>
				<total>1692273</total>
				<timestamp>191.916816</timestamp>
			</report>
			<report>
				<misses>1920001</misses>
				<total>1693272</total>
				<timestamp>192.016813</timestamp>
			</report>
			<report>
				<misses>1921001</misses>
				<total>1694271</total>
				<timestamp>192.116826</timestamp>
			</report>
			<report>
				<misses>1922001</misses>
				<total>1695270</total>
				<timestamp>192.216814</timestamp>
			</report>
			<report>
				<misses>1923001</misses>
				<total>1696269</total>
				<timestamp>192.316807</timestamp>
			</report>
			<report>
				<misses>1924001</misses>
				<total>1697268</total>
				<timestamp>192.416891</timestamp>
			</report>
			<report>
				<misses>1925001</misses>
				<total>1698267</total>
				<timestamp>192.516862</timestamp>
			</report>
			<report>
				<misses>1926001</misses>
				<total>1699266</total>
				<timestamp>192.616813</timestamp>
			</report>
			<report>
				<misses>1927001</misses>
				<total>1700265</total>
				<timestamp>192.716808</timestamp>
			</report>
			<report>
				<misses>1928001</misses>
				<total>1701264</total>
				<timestamp>192.816815</timestamp>
			</report>
			<report>
				<misses>1929001</misses>
				<total>1702263</total>
				<timestamp>192.916817</timestamp>
			</report>
			<report>
				<misses>1930001</misses>
				<total>1703262</total>
				<timestamp>193.016833</timestamp>
			</report>
			<report>
				<misses>1931001</misses>
				<total>1704261</total>
				<timestamp>193.116802</timestamp>
			</report>
			<report>
				<misses>1932001</misses>
				<total>1705260</total>
				<timestamp>193.216885</timestamp>
			</report>
			<report>
				<misses>1933001</misses>
				<total>1706259</total>
				<timestamp>193.316872</timestamp>
			</report>
			<report>
				<misses>1934001</misses>
				<total>1707258</total>
				<timestamp>193.416951</timestamp>
			</report>
			<report>
				<misses>1935001</misses>
				<total>1708257</total>
				<timestamp>193.516965</timestamp>
			</report>
			<report>
				<misses>1936001</misses>
				<total>1709256</total>
				<timestamp>193.617025</timestamp>
			</report>
			<report>
				<misses>1937001</misses>
				<total>1710255</total>
				<timestamp>193.717149</timestamp>
			</report>
			<report>
				<misses>1938001</misses>
				<total>1711254</total>
				<timestamp>193.817178</timestamp>
			</report>
			<report>
				<misses>1939001</misses>
				<total>1712253</total>
				<timestamp>193.917078</timestamp>
			</report>
			<report>
				<misses>1940001</misses>
				<total>1713252</total>
				<timestamp>194.016998</timestamp>
			</report>
			<report>
				<misses>1941001</misses>
				<total>1714251</total>
				<timestamp>194.117017</timestamp>
			</report>
			<report>
				<misses>1942001</misses>
				<total>1715250</total>
				<timestamp>194.216975</timestamp>
			</report>
			<report>
				<misses>1943001</misses>
				<total>1716249</total>
				<timestamp>194.316946</timestamp>
			</report>
			<report>
				<misses>1944001</misses>
				<total>1717248</total>
				<timestamp>194.416877</timestamp>
			</report>
			<report>
				<misses>1945001</misses>
				<total>1718247</total>
				<timestamp>194.516800</timestamp>
			</report>
			<report>
				<misses>1946001</misses>
				<total>1719246</total>
				<timestamp>194.616937</timestamp>
			</report>
			<report>
				<misses>1947001</misses>
				<total>1720245</total>
				<timestamp>194.716947</timestamp>
			</report>
			<report>
				<misses>1948001</misses>
				<total>1721244</total>
				<timestamp>194.816946</timestamp>
			</report>
			<report>
				<misses>1949001</misses>
				<total>1722243</total>
				<timestamp>194.916975</timestamp>
			</report>
			<report>
				<misses>1950001</misses>
				<total>1723242</total>
				<timestamp>195.017003</timestamp>
			</report>
			<report>
				<misses>1951001</misses>
				<total>1724241</total>
				<timestamp>195.116986</timestamp>
			</report>
			<report>
				<misses>1952001</misses>
				<total>1725240</total>
				<timestamp>195.216957</timestamp>
			</report>
			<report>
				<misses>1953001</misses>
				<total>1726239</total>
				<timestamp>195.316938</timestamp>
			</report>
			<report>
				<misses>1954001</misses>
				<total>1727238</total>
				<timestamp>195.416978</timestamp>
			</report>
			<report>
				<misses>1955001</misses>
				<total>1728237</total>
				<timestamp>195.516880</timestamp>
			</report>
			<report>
				<misses>1956001</misses>
				<total>1729236</total>
				<timestamp>195.616858</timestamp>
			</report>
			<report>
				<misses>1957001</misses>
				<total>1730235</total>
				<timestamp>195.716893</timestamp>
			</report>
			<report>
				<misses>1958001</misses>
				<total>1731234</total>
				<timestamp>195.816887</timestamp>
			</report>
			<report>
				<misses>1959001</misses>
				<total>1732233</total>
				<timestamp>195.916800</timestamp>
			</report>
			<report>
				<misses>1960001</misses>
				<total>1733232</total>
				<timestamp>196.016807</timestamp>
			</report>
			<report>
				<misses>1961001</misses>
				<total>1734231</total>
				<timestamp>196.116780</timestamp>
			</report>
			<report>
				<misses>1962001</misses>
				<total>1735230</total>
				<timestamp>196.216694</timestamp>
			</report>
			<report>
				<misses>1963001</misses>
				<total>1736229</total>
				<timestamp>196.316561</timestamp>
			</report>
			<report>
				<misses>1964001</misses>
				<total>1737228</total>
				<timestamp>196.416466</timestamp>
			</report>
			<report>
				<misses>1965001</misses>
				<total>1738227</total>
				<timestamp>196.516369</timestamp>
			</report>
			<report>
				<misses>1966001</misses>
				<total>1739226</total>
				<timestamp>196.616275</timestamp>
			</report>
			<report>
				<misses>1967001</misses>
				<total>1740225</total>
				<timestamp>196.716254</timestamp>
			</report>
			<report>
				<misses>1968001</misses>
				<total>1741224</total>
				<timestamp>196.816211</timestamp>
			</report>
			<report>
				<misses>1969001</misses>
				<total>1742223</total>
				<timestamp>196.916188</timestamp>
			</report>
			<report>
				<misses>1970001</misses>
				<total>1743222</total>
				<timestamp>197.016135</timestamp>
			</report>
			<report>
				<misses>1971001</misses>
				<total>1744221</total>
				<timestamp>197.116114</timestamp>
			</report>
			<report>
				<misses>1972001</misses>
				<total>1745220</total>
				<timestamp>197.216138</timestamp>
			</report>
			<report>
				<misses>1973001</misses>
				<total>1746219</total>
				<timestamp>197.316158</timestamp>
			</report>
			<report>
				<misses>1974001</misses>
				<total>1747218</total>
				<timestamp>197.416118</timestamp>
			</report>
			<report>
				<misses>1975001</misses>
				<total>1748217</total>
				<timestamp>197.516121</timestamp>
			</report>
			<report>
				<misses>1976001</misses>
				<total>1749216</total>
				<timestamp>197.616289</timestamp>
			</report>
			<report>
				<misses>1977001</misses>
				<total>1750215</total>
				<timestamp>197.716187</timestamp>
			</report>
			<report>
				<misses>1978001</misses>
				<total>1751214</total>
				<timestamp>197.816230</timestamp>
			</report>
			<report>
				<misses>1979001</misses>
				<total>1752213</total>
				<timestamp>197.916480</timestamp>
			</report>
			<report>
				<misses>1980001</misses>
				<total>1753212</total>
				<timestamp>198.016525</timestamp>
			</report>
			<report>
				<misses>1981001</misses>
				<total>1754211</total>
				<timestamp>198.116512</timestamp>
			</report>
			<report>
				<misses>1982001</misses>
				<total>1755210</total>
				<timestamp>198.216554</timestamp>
			</report>
			<report>
				<misses>1983001</misses>
				<total>1756209</total>
				<timestamp>198.316483</timestamp>
			</report>
			<report>
				<misses>1984001</misses>
				<total>1757208</total>
				<timestamp>198.416400</timestamp>
			</report>
			<report>
				<misses>1985001</misses>
				<total>1758207</total>
				<timestamp>198.516408</timestamp>
			</report>
			<report>
				<misses>1986001</misses>
				<total>1759206</total>
				<timestamp>198.616375</timestamp>
			</report>
			<report>
				<misses>1987001</misses>
				<total>1760205</total>
				<timestamp>198.716314</timestamp>
			</report>
			<report>
				<misses>1988001</misses>
				<total>1761204</total>
				<timestamp>198.816330</timestamp>
			</report>
			<report>
				<misses>1989001</misses>
				<total>1762203</total>
				<timestamp>198.916352</timestamp>
			</report>
			<report>
				<misses>1990001</misses>
				<total>1763202</total>
				<timestamp>199.016426</timestamp>
			</report>
			<report>
				<misses>1991001</misses>
				<total>1764201</total>
				<timestamp>199.116514</timestamp>
			</report>
			<report>
				<misses>1992001</misses>
				<total>1765200</total>
				<timestamp>199.216661</timestamp>
			</report>
			<report>
				<misses>1993001</misses>
				<total>1766199</total>
				<timestamp>199.316644</timestamp>
			</report>
			<report>
				<misses>1994001</misses>
				<total>1767198</total>
				<timestamp>199.416671</timestamp>
			</report>
			<report>
				<misses>1995001</misses>
				<total>1768197</total>
				<timestamp>199.516800</timestamp>
			</report>
			<report>
				<misses>1996001</misses>
				<total>1769196</total>
				<timestamp>199.616800</timestamp>
			</report>
			<report>
				<misses>1997001</misses>
				<total>1770195</total>
				<timestamp>199.716926</timestamp>
			</report>
			<report>
				<misses>1998001</misses>
				<total>1771194</total>
				<timestamp>199.816978</timestamp>
			</report>
			<report>
				<misses>1999001</misses>
				<total>1772193</total>
				<timestamp>199.916984</timestamp>
			</report>
			<report>
				<misses>2000001</misses>
				<total>1773192</total>
				<timestamp>200.016965</timestamp>
			</report>
			<report>
				<misses>2001001</misses>
				<total>1774191</total>
				<timestamp>200.116986</timestamp>
			</report>
			<report>
				<misses>2002001</misses>
				<total>1775190</total>
				<timestamp>200.216948</timestamp>
			</report>
			<report>
				<misses>2003001</misses>
				<total>1776189</total>
				<timestamp>200.316945</timestamp>
			</report>
			<report>
				<misses>2004001</misses>
				<total>1777188</total>
				<timestamp>200.416978</timestamp>
			</report>
			<report>
				<misses>2005001</misses>
				<total>1778187</total>
				<timestamp>200.516986</timestamp>
			</report>
			<report>
				<misses>2006001</misses>
				<total>1779186</total>
				<timestamp>200.616959</timestamp>
			</report>
			<report>
				<misses>2007001</misses>
				<total>1780185</total>
				<timestamp>200.716950</timestamp>
			</report>
			<report>
				<misses>2008001</misses>
				<total>1781184</total>
				<timestamp>200.816975</timestamp>
			</report>
			<report>
				<misses>2009001</misses>
				<total>1782183</total>
				<timestamp>200.916930</timestamp>
			</report>
			<report>
				<misses>2010001</misses>
				<total>1783182</total>
				<timestamp>201.016985</timestamp>
			</report>
			<report>
				<misses>2011001</misses>
				<total>1784181</total>
				<timestamp>201.116962</timestamp>
			</report>
			<report>
				<misses>2012001</misses>
				<total>1785180</total>
				<timestamp>201.216931</timestamp>
			</report>
			<report>
				<misses>2013001</misses>
				<total>1786179</total>
				<timestamp>201.316988</timestamp>
			</report>
			<report>
				<misses>2014001</misses>
				<total>1787178</total>
				<timestamp>201.416910</timestamp>
			</report>
			<report>
				<misses>2015001</misses>
				<total>1788177</total>
				<timestamp>201.516932</timestamp>
			</report>
			<report>
				<misses>2016001</misses>
				<total>1789176</total>
				<timestamp>201.616936</timestamp>
			</report>
			<report>
				<misses>2017001</misses>
				<total>1790175</total>
				<timestamp>201.716990</timestamp>
			</report>
			<report>
				<misses>2018001</misses>
				<total>1791174</total>
				<timestamp>201.816911</timestamp>
			</report>
			<report>
				<misses>2019001</misses>
				<total>1792173</total>
				<timestamp>201.916872</timestamp>
			</report>
			<report>
				<misses>2020001</misses>
				<total>1793172</total>
				<timestamp>202.016784</timestamp>
			</report>
			<report>
				<misses>2021001</misses>
				<total>1794171</total>
				<timestamp>202.116773</timestamp>
			</report>
			<report>
				<misses>2022001</misses>
				<total>1795170</total>
				<timestamp>202.216788</timestamp>
			</report>
			<report>
				<misses>2023001</misses>
				<total>1796169</total>
				<timestamp>202.316760</timestamp>
			</report>
			<report>
				<misses>2024001</misses>
				<total>1797168</total>
				<timestamp>202.416756</timestamp>
			</report>
			<report>
				<misses>2025001</misses>
				<total>1798167</total>
				<timestamp>202.516756</timestamp>
			</report>
			<report>
				<misses>2026001</misses>
				<total>1799166</total>
				<timestamp>202.616704</timestamp>
			</report>
			<report>
				<misses>2027001</misses>
				<total>1800165</total>
				<timestamp>202.716749</timestamp>
			</report>
			<report>
				<misses>2028001</misses>
				<total>1801164</total>
				<timestamp>202.816787</timestamp>
			</report>
			<report>
				<misses>2029001</misses>
				<total>1802163</total>
				<timestamp>202.916780</timestamp>
			</report>
			<report>
				<misses>2030001</misses>
				<total>1803162</total>
				<timestamp>203.016785</timestamp>
			</report>
			<report>
				<misses>2031001</misses>
				<total>1804161</total>
				<timestamp>203.116772</timestamp>
			</report>
			<report>
				<misses>2032001</misses>
				<total>1805160</total>
				<timestamp>203.216751</timestamp>
			</report>
			<report>
				<misses>2033001</misses>
				<total>1806159</total>
				<timestamp>203.316739</timestamp>
			</report>
			<report>
				<misses>2034001</misses>
				<total>1807158</total>
				<timestamp>203.416778</timestamp>
			</report>
			<report>
				<misses>2035001</misses>
				<total>1808157</total>
				<timestamp>203.516777</timestamp>
			</report>
			<report>
				<misses>2036001</misses>
				<total>1809156</total>
				<timestamp>203.616797</timestamp>
			</report>
			<report>
				<misses>2037001</misses>
				<total>1810155</total>
				<timestamp>203.716806</timestamp>
			</report>
			<report>
				<misses>2038001</misses>
				<total>1811154</total>
				<timestamp>203.816861</timestamp>
			</report>
			<report>
				<misses>2039001</misses>
				<total>1812153</total>
				<timestamp>203.916820</timestamp>
			</report>
			<report>
				<misses>2040001</misses>
				<total>1813152</total>
				<timestamp>204.016888</timestamp>
			</report>
			<report>
				<misses>2041001</misses>
				<total>1814151</total>
				<timestamp>204.116855</timestamp>
			</report>
			<report>
				<misses>2042001</misses>
				<total>1815150</total>
				<timestamp>204.216781</timestamp>
			</report>
			<report>
				<misses>2043001</misses>
				<total>1816149</total>
				<timestamp>204.316867</timestamp>
			</report>
			<report>
				<misses>2044001</misses>
				<total>1817148</total>
				<timestamp>204.416891</timestamp>
			</report>
			<report>
				<misses>2045001</misses>
				<total>1818147</total>
				<timestamp>204.516789</timestamp>
			</report>
			<report>
				<misses>2046001</misses>
				<total>1819146</total>
				<timestamp>204.616724</timestamp>
			</report>
			<report>
				<misses>2047001</misses>
				<total>1820145</total>
				<timestamp>204.716761</timestamp>
			</report>
			<report>
				<misses>2048001</misses>
				<total>1821144</total>
				<timestamp>204.816724</timestamp>
			</report>
			<report>
				<misses>2049001</misses>
				<total>1822143</total>
				<timestamp>204.916803</timestamp>
			</report>
			<report>
				<misses>2050001</misses>
				<total>1823142</total>
				<timestamp>205.016913</timestamp>
			</report>
			<report>
				<misses>2051001</misses>
				<total>1824141</total>
				<timestamp>205.116904</timestamp>
			</report>
			<report>
				<misses>2052001</misses>
				<total>1825140</total>
				<timestamp>205.217039</timestamp>
			</report>
			<report>
				<misses>2053001</misses>
				<total>1826139</total>
				<timestamp>205.317025</timestamp>
			</report>
			<report>
				<misses>2054001</misses>
				<total>1827138</total>
				<timestamp>205.417105</timestamp>
			</report>
			<report>
				<misses>2055001</misses>
				<total>1828137</total>
				<timestamp>205.517139</timestamp>
			</report>
			<report>
				<misses>2056001</misses>
				<total>1829136</total>
				<timestamp>205.617106</timestamp>
			</report>
			<report>
				<misses>2057001</misses>
				<total>1830135</total>
				<timestamp>205.717121</timestamp>
			</report>
			<report>
				<misses>2058001</misses>
				<total>1831134</total>
				<timestamp>205.817167</timestamp>
			</report>
			<report>
				<misses>2059001</misses>
				<total>1832133</total>
				<timestamp>205.917102</timestamp>
			</report>
			<report>
				<misses>2060001</misses>
				<total>1833132</total>
				<timestamp>206.017113</timestamp>
			</report>
			<report>
				<misses>2061001</misses>
				<total>1834131</total>
				<timestamp>206.117092</timestamp>
			</report>
			<report>
				<misses>2062001</misses>
				<total>1835130</total>
				<timestamp>206.217095</timestamp>
			</report>
			<report>
				<misses>2063001</misses>
				<total>1836129</total>
				<timestamp>206.317219</timestamp>
			</report>
			<report>
				<misses>2064001</misses>
				<total>1837128</total>
				<timestamp>206.417181</timestamp>
			</report>
			<report>
				<misses>2065001</misses>
				<total>1838127</total>
				<timestamp>206.517220</timestamp>
			</report>
			<report>
				<misses>2066001</misses>
				<total>1839126</total>
				<timestamp>206.617268</timestamp>
			</report>
			<report>
				<misses>2067001</misses>
				<total>1840125</total>
				<timestamp>206.717245</timestamp>
			</report>
			<report>
				<misses>2068001</misses>
				<total>1841124</total>
				<timestamp>206.817209</timestamp>
			</report>
			<report>
				<misses>2069001</misses>
				<total>1842123</total>
				<timestamp>206.917250</timestamp>
			</report>
			<report>
				<misses>2070001</misses>
				<total>1843122</total>
				<timestamp>207.017188</timestamp>
			</report>
			<report>
				<misses>2071001</misses>
				<total>1844121</total>
				<timestamp>207.117113</timestamp>
			</report>
			<report>
				<misses>2072001</misses>
				<total>1845120</total>
				<timestamp>207.217097</timestamp>
			</report>
			<report>
				<misses>2073001</misses>
				<total>1846119</total>
				<timestamp>207.317307</timestamp>
			</report>
			<report>
				<misses>2074001</misses>
				<total>1847118</total>
				<timestamp>207.417275</timestamp>
			</report>
			<report>
				<misses>2075001</misses>
				<total>1848117</total>
				<timestamp>207.517385</timestamp>
			</report>
			<report>
				<misses>2076001</misses>
				<total>1849116</total>
				<timestamp>207.617322</timestamp>
			</report>
			<report>
				<misses>2077001</misses>
				<total>1850115</total>
				<timestamp>207.717283</timestamp>
			</report>
			<report>
				<misses>2078001</misses>
				<total>1851114</total>
				<timestamp>207.817188</timestamp>
			</report>
			<report>
				<misses>2079001</misses>
				<total>1852113</total>
				<timestamp>207.917122</timestamp>
			</report>
			<report>
				<misses>2080001</misses>
				<total>1853112</total>
				<timestamp>208.017180</timestamp>
			</report>
			<report>
				<misses>2081001</misses>
				<total>1854111</total>
				<timestamp>208.117114</timestamp>
			</report>
			<report>
				<misses>2082001</misses>
				<total>1855110</total>
				<timestamp>208.217132</timestamp>
			</report>
			<report>
				<misses>2083001</misses>
				<total>1856109</total>
				<timestamp>208.317211</timestamp>
			</report>
			<report>
				<misses>2084001</misses>
				<total>1857108</total>
				<timestamp>208.417193</timestamp>
			</report>
			<report>
				<misses>2085001</misses>
				<total>1858107</total>
				<timestamp>208.517186</timestamp>
			</report>
			<report>
				<misses>2086001</misses>
				<total>1859106</total>
				<timestamp>208.617161</timestamp>
			</report>
			<report>
				<misses>2087001</misses>
				<total>1860105</total>
				<timestamp>208.717089</timestamp>
			</report>
			<report>
				<misses>2088001</misses>
				<total>1861104</total>
				<timestamp>208.816998</timestamp>
			</report>
			<report>
				<misses>2089001</misses>
				<total>1862103</total>
				<timestamp>208.916968</timestamp>
			</report>
			<report>
				<misses>2090001</misses>
				<total>1863102</total>
				<timestamp>209.016861</timestamp>
			</report>
			<report>
				<misses>2091001</misses>
				<total>1864101</total>
				<timestamp>209.116779</timestamp>
			</report>
			<report>
				<misses>2092001</misses>
				<total>1865100</total>
				<timestamp>209.216745</timestamp>
			</report>
			<report>
				<misses>2093001</misses>
				<total>1866099</total>
				<timestamp>209.316724</timestamp>
			</report>
			<report>
				<misses>2094001</misses>
				<total>1867098</total>
				<timestamp>209.416719</timestamp>
			</report>
			<report>
				<misses>2095001</misses>
				<total>1868097</total>
				<timestamp>209.516727</timestamp>
			</report>
			<report>
				<misses>2096001</misses>
				<total>1869096</total>
				<timestamp>209.616865</timestamp>
			</report>
			<report>
				<misses>2097001</misses>
				<total>1870095</total>
				<timestamp>209.716835</timestamp>
			</report>
			<report>
				<misses>2098001</misses>
				<total>1871094</total>
				<timestamp>209.816854</timestamp>
			</report>
			<report>
				<misses>2099001</misses>
				<total>1872093</total>
				<timestamp>209.916866</timestamp>
			</report>
			<report>
				<misses>2100001</misses>
				<total>1873092</total>
				<timestamp>210.016865</timestamp>
			</report>
			<report>
				<misses>2101001</misses>
				<total>1874091</total>
				<timestamp>210.116866</timestamp>
			</report>
			<report>
				<misses>2102001</misses>
				<total>1875090</total>
				<timestamp>210.216925</timestamp>
			</report>
			<report>
				<misses>2103001</misses>
				<total>1876089</total>
				<timestamp>210.316962</timestamp>
			</report>
			<report>
				<misses>2104001</misses>
				<total>1877088</total>
				<timestamp>210.416954</timestamp>
			</report>
			<report>
				<misses>2105001</misses>
				<total>1878087</total>
				<timestamp>210.516903</timestamp>
			</report>
			<report>
				<misses>2106001</misses>
				<total>1879086</total>
				<timestamp>210.616987</timestamp>
			</report>
			<report>
				<misses>2107001</misses>
				<total>1880085</total>
				<timestamp>210.716919</timestamp>
			</report>
			<report>
				<misses>2108001</misses>
				<total>1881084</total>
				<timestamp>210.816885</timestamp>
			</report>
			<report>
				<misses>2109001</misses>
				<total>1882083</total>
				<timestamp>210.916847</timestamp>
			</report>
			<report>
				<misses>2110001</misses>
				<total>1883082</total>
				<timestamp>211.016875</timestamp>
			</report>
			<report>
				<misses>2111001</misses>
				<total>1884081</total>
				<timestamp>211.116849</timestamp>
			</report>
			<report>
				<misses>2112001</misses>
				<total>1885080</total>
				<timestamp>211.216880</timestamp>
			</report>
			<report>
				<misses>2113001</misses>
				<total>1886079</total>
				<timestamp>211.316894</timestamp>
			</report>
			<report>
				<misses>2114001</misses>
				<total>1887078</total>
				<timestamp>211.416870</timestamp>
			</report>
			<report>
				<misses>2115001</misses>
				<total>1888077</total>
				<timestamp>211.516827</timestamp>
			</report>
			<report>
				<misses>2116001</misses>
				<total>1889076</total>
				<timestamp>211.616906</timestamp>
			</report>
			<report>
				<misses>2117001</misses>
				<total>1890075</total>
				<timestamp>211.716890</timestamp>
			</report>
			<report>
				<misses>2118001</misses>
				<total>1891074</total>
				<timestamp>211.816858</timestamp>
			</report>
			<report>
				<misses>2119001</misses>
				<total>1892073</total>
				<timestamp>211.916936</timestamp>
			</report>
			<report>
				<misses>2120001</misses>
				<total>1893072</total>
				<timestamp>212.017015</timestamp>
			</report>
			<report>
				<misses>2121001</misses>
				<total>1894071</total>
				<timestamp>212.117053</timestamp>
			</report>
			<report>
				<misses>2122001</misses>
				<total>1895070</total>
				<timestamp>212.217072</timestamp>
			</report>
			<report>
				<misses>2123001</misses>
				<total>1896069</total>
				<timestamp>212.316999</timestamp>
			</report>
			<report>
				<misses>2124001</misses>
				<total>1897068</total>
				<timestamp>212.416962</timestamp>
			</report>
			<report>
				<misses>2125001</misses>
				<total>1898067</total>
				<timestamp>212.518027</timestamp>
			</report>
			<report>
				<misses>2126001</misses>
				<total>1899066</total>
				<timestamp>212.618221</timestamp>
			</report>
			<report>
				<misses>2127001</misses>
				<total>1900065</total>
				<timestamp>212.718183</timestamp>
			</report>
			<report>
				<misses>2128001</misses>
				<total>1901064</total>
				<timestamp>212.818152</timestamp>
			</report>
			<report>
				<misses>2129001</misses>
				<total>1902063</total>
				<timestamp>212.918190</timestamp>
			</report>
			<report>
				<misses>2130001</misses>
				<total>1903062</total>
				<timestamp>213.018093</timestamp>
			</report>
			<report>
				<misses>2131001</misses>
				<total>1904061</total>
				<timestamp>213.118111</timestamp>
			</report>
			<report>
				<misses>2132001</misses>
				<total>1905060</total>
				<timestamp>213.218106</timestamp>
			</report>
			<report>
				<misses>2133001</misses>
				<total>1906059</total>
				<timestamp>213.318149</timestamp>
			</report>
			<report>
				<misses>2134001</misses>
				<total>1907058</total>
				<timestamp>213.418135</timestamp>
			</report>
			<report>
				<misses>2135001</misses>
				<total>1908057</total>
				<timestamp>213.518079</timestamp>
			</report>
			<report>
				<misses>2136001</misses>
				<total>1909056</total>
				<timestamp>213.618054</timestamp>
			</report>
			<report>
				<misses>2137001</misses>
				<total>1910055</total>
				<timestamp>213.718153</timestamp>
			</report>
			<report>
				<misses>2138001</misses>
				<total>1911054</total>
				<timestamp>213.818148</timestamp>
			</report>
			<report>
				<misses>2139001</misses>
				<total>1912053</total>
				<timestamp>213.918152</timestamp>
			</report>
			<report>
				<misses>2140001</misses>
				<total>1913052</total>
				<timestamp>214.018238</timestamp>
			</report>
			<report>
				<misses>2141001</misses>
				<total>1914051</total>
				<timestamp>214.118239</timestamp>
			</report>
			<report>
				<misses>2142001</misses>
				<total>1915050</total>
				<timestamp>214.218186</timestamp>
			</report>
			<report>
				<misses>2143001</misses>
				<total>1916049</total>
				<timestamp>214.318121</timestamp>
			</report>
			<report>
				<misses>2144001</misses>
				<total>1917048</total>
				<timestamp>214.418079</timestamp>
			</report>
			<report>
				<misses>2145001</misses>
				<total>1918047</total>
				<timestamp>214.518082</timestamp>
			</report>
			<report>
				<misses>2146001</misses>
				<total>1919046</total>
				<timestamp>214.618138</timestamp>
			</report>
			<report>
				<misses>2147001</misses>
				<total>1920045</total>
				<timestamp>214.718072</timestamp>
			</report>
			<report>
				<misses>2148001</misses>
				<total>1921044</total>
				<timestamp>214.818032</timestamp>
			</report>
			<report>
				<misses>2149001</misses>
				<total>1922043</total>
				<timestamp>214.918073</timestamp>
			</report>
			<report>
				<misses>2150001</misses>
				<total>1923042</total>
				<timestamp>215.018096</timestamp>
			</report>
			<report>
				<misses>2151001</misses>
				<total>1924041</total>
				<timestamp>215.118071</timestamp>
			</report>
			<report>
				<misses>2152001</misses>
				<total>1925040</total>
				<timestamp>215.218015</timestamp>
			</report>
			<report>
				<misses>2153001</misses>
				<total>1926039</total>
				<timestamp>215.318015</timestamp>
			</report>
			<report>
				<misses>2154001</misses>
				<total>1927038</total>
				<timestamp>215.418013</timestamp>
			</report>
			<report>
				<misses>2155001</misses>
				<total>1928037</total>
				<timestamp>215.518006</timestamp>
			</report>
			<report>
				<misses>2156001</misses>
				<total>1929036</total>
				<timestamp>215.618107</timestamp>
			</report>
			<report>
				<misses>2157001</misses>
				<total>1930035</total>
				<timestamp>215.718124</timestamp>
			</report>
			<report>
				<misses>2158001</misses>
				<total>1931034</total>
				<timestamp>215.818172</timestamp>
			</report>
			<report>
				<misses>2159001</misses>
				<total>1932033</total>
				<timestamp>215.918085</timestamp>
			</report>
			<report>
				<misses>2160001</misses>
				<total>1932092</total>
				<timestamp>216.018068</timestamp>
			</report>
			<report>
				<misses>2161001</misses>
				<total>1932093</total>
				<timestamp>216.117995</timestamp>
			</report>
			<report>
				<misses>2162001</misses>
				<total>1932092</total>
				<timestamp>216.218058</timestamp>
			</report>
			<report>
				<misses>2163001</misses>
				<total>1932093</total>
				<timestamp>216.318001</timestamp>
			</report>
			<report>
				<misses>2164001</misses>
				<total>1932093</total>
				<timestamp>216.418005</timestamp>
			</report>
			<report>
				<misses>2165001</misses>
				<total>1932093</total>
				<timestamp>216.517963</timestamp>
			</report>
			<report>
				<misses>2166001</misses>
				<total>1932093</total>
				<timestamp>216.617860</timestamp>
			</report>
			<report>
				<misses>2167001</misses>
				<total>1932099</total>
				<timestamp>216.717823</timestamp>
			</report>
			<report>
				<misses>2168001</misses>
				<total>1932099</total>
				<timestamp>216.817792</timestamp>
			</report>
			<report>
				<misses>2169001</misses>
				<total>1932102</total>
				<timestamp>216.917724</timestamp>
			</report>
			<report>
				<misses>2170001</misses>
				<total>1932103</total>
				<timestamp>217.017717</timestamp>
			</report>
			<report>
				<misses>2171001</misses>
				<total>1932103</total>
				<timestamp>217.117754</timestamp>
			</report>
			<report>
				<misses>2172001</misses>
				<total>1932108</total>
				<timestamp>217.217738</timestamp>
			</report>
			<report>
				<misses>2173001</misses>
				<total>1932107</total>
				<timestamp>217.317820</timestamp>
			</report>
			<report>
				<misses>2174001</misses>
				<total>1932107</total>
				<timestamp>217.417886</timestamp>
			</report>
			<report>
				<misses>2175001</misses>
				<total>1932107</total>
				<timestamp>217.517848</timestamp>
			</report>
			<report>
				<misses>2176001</misses>
				<total>1932107</total>
				<timestamp>217.617927</timestamp>
			</report>
			<report>
				<misses>2177001</misses>
				<total>1932119</total>
				<timestamp>217.717914</timestamp>
			</report>
			<report>
				<misses>2178001</misses>
				<total>1932119</total>
				<timestamp>217.817898</timestamp>
			</report>
			<report>
				<misses>2179001</misses>
				<total>1932128</total>
				<timestamp>217.917875</timestamp>
			</report>
			<report>
				<misses>2180001</misses>
				<total>1932973</total>
				<timestamp>218.017782</timestamp>
			</report>
			<report>
				<misses>2181001</misses>
				<total>1933972</total>
				<timestamp>218.117707</timestamp>
			</report>
			<report>
				<misses>2182001</misses>
				<total>1934971</total>
				<timestamp>218.217716</timestamp>
			</report>
			<report>
				<misses>2183001</misses>
				<total>1935970</total>
				<timestamp>218.317698</timestamp>
			</report>
			<report>
				<misses>2184001</misses>
				<total>1936969</total>
				<timestamp>218.417813</timestamp>
			</report>
			<report>
				<misses>2185001</misses>
				<total>1937631</total>
				<timestamp>218.517805</timestamp>
			</report>
			<report>
				<misses>2186001</misses>
				<total>1937631</total>
				<timestamp>218.617815</timestamp>
			</report>
			<report>
				<misses>2187001</misses>
				<total>1937641</total>
				<timestamp>218.717855</timestamp>
			</report>
			<report>
				<misses>2188001</misses>
				<total>1937641</total>
				<timestamp>218.817792</timestamp>
			</report>
			<report>
				<misses>2189001</misses>
				<total>1937644</total>
				<timestamp>218.917692</timestamp>
			</report>
			<report>
				<misses>2190001</misses>
				<total>1937644</total>
				<timestamp>219.017576</timestamp>
			</report>
			<report>
				<misses>2191001</misses>
				<total>1937748</total>
				<timestamp>219.117463</timestamp>
			</report>
			<report>
				<misses>2192001</misses>
				<total>1938747</total>
				<timestamp>219.217375</timestamp>
			</report>
			<report>
				<misses>2193001</misses>
				<total>1939746</total>
				<timestamp>219.317298</timestamp>
			</report>
			<report>
				<misses>2194001</misses>
				<total>1940745</total>
				<timestamp>219.417270</timestamp>
			</report>
			<report>
				<misses>2195001</misses>
				<total>1941744</total>
				<timestamp>219.517231</timestamp>
			</report>
			<report>
				<misses>2196001</misses>
				<total>1942743</total>
				<timestamp>219.617240</timestamp>
			</report>
			<report>
				<misses>2197001</misses>
				<total>1943742</total>
				<timestamp>219.717218</timestamp>
			</report>
			<report>
				<misses>2198001</misses>
				<total>1944741</total>
				<timestamp>219.817225</timestamp>
			</report>
			<report>
				<misses>2199001</misses>
				<total>1945740</total>
				<timestamp>219.917217</timestamp>
			</report>
			<report>
				<misses>2200001</misses>
				<total>1946739</total>
				<timestamp>220.017224</timestamp>
			</report>
			<report>
				<misses>2201001</misses>
				<total>1947738</total>
				<timestamp>220.117247</timestamp>
			</report>
			<report>
				<misses>2202001</misses>
				<total>1948737</total>
				<timestamp>220.217248</timestamp>
			</report>
			<report>
				<misses>2203001</misses>
				<total>1949736</total>
				<timestamp>220.317179</timestamp>
			</report>
			<report>
				<misses>2204001</misses>
				<total>1950735</total>
				<timestamp>220.417108</timestamp>
			</report>
			<report>
				<misses>2205001</misses>
				<total>1951734</total>
				<timestamp>220.517212</timestamp>
			</report>
			<report>
				<misses>2206001</misses>
				<total>1952733</total>
				<timestamp>220.617369</timestamp>
			</report>
			<report>
				<misses>2207001</misses>
				<total>1953732</total>
				<timestamp>220.717277</timestamp>
			</report>
			<report>
				<misses>2208001</misses>
				<total>1954731</total>
				<timestamp>220.817179</timestamp>
			</report>
			<report>
				<misses>2209001</misses>
				<total>1955730</total>
				<timestamp>220.917135</timestamp>
			</report>
			<report>
				<misses>2210001</misses>
				<total>1956729</total>
				<timestamp>221.017106</timestamp>
			</report>
			<report>
				<misses>2211001</misses>
				<total>1957728</total>
				<timestamp>221.117105</timestamp>
			</report>
			<report>
				<misses>2212001</misses>
				<total>1958727</total>
				<timestamp>221.217207</timestamp>
			</report>
			<report>
				<misses>2213001</misses>
				<total>1959726</total>
				<timestamp>221.317207</timestamp>
			</report>
			<report>
				<misses>2214001</misses>
				<total>1960725</total>
				<timestamp>221.417221</timestamp>
			</report>
			<report>
				<misses>2215001</misses>
				<total>1961724</total>
				<timestamp>221.517275</timestamp>
			</report>
			<report>
				<misses>2216001</misses>
				<total>1962723</total>
				<timestamp>221.617205</timestamp>
			</report>
			<report>
				<misses>2217001</misses>
				<total>1963722</total>
				<timestamp>221.717188</timestamp>
			</report>
			<report>
				<misses>2218001</misses>
				<total>1964721</total>
				<timestamp>221.817074</timestamp>
			</report>
			<report>
				<misses>2219001</misses>
				<total>1965720</total>
				<timestamp>221.916995</timestamp>
			</report>
			<report>
				<misses>2220001</misses>
				<total>1966719</total>
				<timestamp>222.016979</timestamp>
			</report>
			<report>
				<misses>2221001</misses>
				<total>1967718</total>
				<timestamp>222.116899</timestamp>
			</report>
			<report>
				<misses>2222001</misses>
				<total>1968717</total>
				<timestamp>222.216987</timestamp>
			</report>
			<report>
				<misses>2223001</misses>
				<total>1969716</total>
				<timestamp>222.316905</timestamp>
			</report>
			<report>
				<misses>2224001</misses>
				<total>1970715</total>
				<timestamp>222.416865</timestamp>
			</report>
			<report>
				<misses>2225001</misses>
				<total>1971714</total>
				<timestamp>222.516758</timestamp>
			</report>
			<report>
				<misses>2226001</misses>
				<total>1972713</total>
				<timestamp>222.616804</timestamp>
			</report>
			<report>
				<misses>2227001</misses>
				<total>1973712</total>
				<timestamp>222.716807</timestamp>
			</report>
			<report>
				<misses>2228001</misses>
				<total>1974711</total>
				<timestamp>222.816787</timestamp>
			</report>
			<report>
				<misses>2229001</misses>
				<total>1975710</total>
				<timestamp>222.916748</timestamp>
			</report>
			<report>
				<misses>2230001</misses>
				<total>1976709</total>
				<timestamp>223.016696</timestamp>
			</report>
			<report>
				<misses>2231001</misses>
				<total>1977708</total>
				<timestamp>223.116693</timestamp>
			</report>
			<report>
				<misses>2232001</misses>
				<total>1978707</total>
				<timestamp>223.216641</timestamp>
			</report>
			<report>
				<misses>2233001</misses>
				<total>1979706</total>
				<timestamp>223.316648</timestamp>
			</report>
			<report>
				<misses>2234001</misses>
				<total>1980705</total>
				<timestamp>223.416642</timestamp>
			</report>
			<report>
				<misses>2235001</misses>
				<total>1981704</total>
				<timestamp>223.516677</timestamp>
			</report>
			<report>
				<misses>2236001</misses>
				<total>1982703</total>
				<timestamp>223.616642</timestamp>
			</report>
			<report>
				<misses>2237001</misses>
				<total>1983702</total>
				<timestamp>223.716635</timestamp>
			</report>
			<report>
				<misses>2238001</misses>
				<total>1984701</total>
				<timestamp>223.816683</timestamp>
			</report>
			<report>
				<misses>2239001</misses>
				<total>1985700</total>
				<timestamp>223.916628</timestamp>
			</report>
			<report>
				<misses>2240001</misses>
				<total>1986699</total>
				<timestamp>224.016637</timestamp>
			</report>
			<report>
				<misses>2241001</misses>
				<total>1987698</total>
				<timestamp>224.116647</timestamp>
			</report>
			<report>
				<misses>2242001</misses>
				<total>1988697</total>
				<timestamp>224.216645</timestamp>
			</report>
			<report>
				<misses>2243001</misses>
				<total>1989696</total>
				<timestamp>224.316685</timestamp>
			</report>
			<report>
				<misses>2244001</misses>
				<total>1990695</total>
				<timestamp>224.416606</timestamp>
			</report>
			<report>
				<misses>2245001</misses>
				<total>1991694</total>
				<timestamp>224.516620</timestamp>
			</report>
			<report>
				<misses>2246001</misses>
				<total>1992693</total>
				<timestamp>224.616670</timestamp>
			</report>
			<report>
				<misses>2247001</misses>
				<total>1993692</total>
				<timestamp>224.716607</timestamp>
			</report>
			<report>
				<misses>2248001</misses>
				<total>1994691</total>
				<timestamp>224.816617</timestamp>
			</report>
			<report>
				<misses>2249001</misses>
				<total>1995690</total>
				<timestamp>224.916643</timestamp>
			</report>
			<report>
				<misses>2250001</misses>
				<total>1996689</total>
				<timestamp>225.016626</timestamp>
			</report>
			<report>
				<misses>2251001</misses>
				<total>1997688</total>
				<timestamp>225.116631</timestamp>
			</report>
			<report>
				<misses>2252001</misses>
				<total>1998687</total>
				<timestamp>225.216658</timestamp>
			</report>
			<report>
				<misses>2253001</misses>
				<total>1999686</total>
				<timestamp>225.316625</timestamp>
			</report>
			<report>
				<misses>2254001</misses>
				<total>2000685</total>
				<timestamp>225.416613</timestamp>
			</report>
			<report>
				<misses>2255001</misses>
				<total>2001684</total>
				<timestamp>225.516622</timestamp>
			</report>
			<report>
				<misses>2256001</misses>
				<total>2002683</total>
				<timestamp>225.616663</timestamp>
			</report>
			<report>
				<misses>2257001</misses>
				<total>2003682</total>
				<timestamp>225.716614</timestamp>
			</report>
			<report>
				<misses>2258001</misses>
				<total>2004681</total>
				<timestamp>225.816681</timestamp>
			</report>
			<report>
				<misses>2259001</misses>
				<total>2005680</total>
				<timestamp>225.916689</timestamp>
			</report>
			<report>
				<misses>2260001</misses>
				<total>2006679</total>
				<timestamp>226.016690</timestamp>
			</report>
			<report>
				<misses>2261001</misses>
				<total>2007678</total>
				<timestamp>226.116764</timestamp>
			</report>
			<report>
				<misses>2262001</misses>
				<total>2008677</total>
				<timestamp>226.216748</timestamp>
			</report>
			<report>
				<misses>2263001</misses>
				<total>2009676</total>
				<timestamp>226.316786</timestamp>
			</report>
			<report>
				<misses>2264001</misses>
				<total>2010675</total>
				<timestamp>226.416827</timestamp>
			</report>
			<report>
				<misses>2265001</misses>
				<total>2011674</total>
				<timestamp>226.516965</timestamp>
			</report>
			<report>
				<misses>2266001</misses>
				<total>2012673</total>
				<timestamp>226.616972</timestamp>
			</report>
			<report>
				<misses>2267001</misses>
				<total>2013672</total>
				<timestamp>226.716978</timestamp>
			</report>
			<report>
				<misses>2268001</misses>
				<total>2014671</total>
				<timestamp>226.816967</timestamp>
			</report>
			<report>
				<misses>2269001</misses>
				<total>2015670</total>
				<timestamp>226.916976</timestamp>
			</report>
			<report>
				<misses>2270001</misses>
				<total>2016669</total>
				<timestamp>227.017009</timestamp>
			</report>
			<report>
				<misses>2271001</misses>
				<total>2017668</total>
				<timestamp>227.116999</timestamp>
			</report>
			<report>
				<misses>2272001</misses>
				<total>2018667</total>
				<timestamp>227.216978</timestamp>
			</report>
			<report>
				<misses>2273001</misses>
				<total>2019666</total>
				<timestamp>227.316871</timestamp>
			</report>
			<report>
				<misses>2274001</misses>
				<total>2020665</total>
				<timestamp>227.416838</timestamp>
			</report>
			<report>
				<misses>2275001</misses>
				<total>2021664</total>
				<timestamp>227.516816</timestamp>
			</report>
			<report>
				<misses>2276001</misses>
				<total>2022663</total>
				<timestamp>227.616867</timestamp>
			</report>
			<report>
				<misses>2277001</misses>
				<total>2023662</total>
				<timestamp>227.716809</timestamp>
			</report>
			<report>
				<misses>2278001</misses>
				<total>2024661</total>
				<timestamp>227.816811</timestamp>
			</report>
			<report>
				<misses>2279001</misses>
				<total>2025660</total>
				<timestamp>227.916864</timestamp>
			</report>
			<report>
				<misses>2280001</misses>
				<total>2026659</total>
				<timestamp>228.016774</timestamp>
			</report>
			<report>
				<misses>2281001</misses>
				<total>2027658</total>
				<timestamp>228.116730</timestamp>
			</report>
			<report>
				<misses>2282001</misses>
				<total>2028657</total>
				<timestamp>228.216731</timestamp>
			</report>
			<report>
				<misses>2283001</misses>
				<total>2029656</total>
				<timestamp>228.316789</timestamp>
			</report>
			<report>
				<misses>2284001</misses>
				<total>2030655</total>
				<timestamp>228.416746</timestamp>
			</report>
			<report>
				<misses>2285001</misses>
				<total>2031654</total>
				<timestamp>228.516735</timestamp>
			</report>
			<report>
				<misses>2286001</misses>
				<total>2032653</total>
				<timestamp>228.616734</timestamp>
			</report>
			<report>
				<misses>2287001</misses>
				<total>2033652</total>
				<timestamp>228.716721</timestamp>
			</report>
			<report>
				<misses>2288001</misses>
				<total>2034651</total>
				<timestamp>228.816766</timestamp>
			</report>
			<report>
				<misses>2289001</misses>
				<total>2035650</total>
				<timestamp>228.916748</timestamp>
			</report>
			<report>
				<misses>2290001</misses>
				<total>2036649</total>
				<timestamp>229.016746</timestamp>
			</report>
			<report>
				<misses>2291001</misses>
				<total>2037648</total>
				<timestamp>229.116770</timestamp>
			</report>
			<report>
				<misses>2292001</misses>
				<total>2038647</total>
				<timestamp>229.216734</timestamp>
			</report>
			<report>
				<misses>2293001</misses>
				<total>2039646</total>
				<timestamp>229.316723</timestamp>
			</report>
			<report>
				<misses>2294001</misses>
				<total>2040645</total>
				<timestamp>229.416718</timestamp>
			</report>
			<report>
				<misses>2295001</misses>
				<total>2041644</total>
				<timestamp>229.516725</timestamp>
			</report>
			<report>
				<misses>2296001</misses>
				<total>2042643</total>
				<timestamp>229.616682</timestamp>
			</report>
			<report>
				<misses>2297001</misses>
				<total>2043642</total>
				<timestamp>229.716721</timestamp>
			</report>
			<report>
				<misses>2298001</misses>
				<total>2044641</total>
				<timestamp>229.816781</timestamp>
			</report>
			<report>
				<misses>2299001</misses>
				<total>2045640</total>
				<timestamp>229.916773</timestamp>
			</report>
			<report>
				<misses>2300001</misses>
				<total>2046639</total>
				<timestamp>230.016736</timestamp>
			</report>
			<report>
				<misses>2301001</misses>
				<total>2047638</total>
				<timestamp>230.116780</timestamp>
			</report>
			<report>
				<misses>2302001</misses>
				<total>2048637</total>
				<timestamp>230.216721</timestamp>
			</report>
			<report>
				<misses>2303001</misses>
				<total>2049636</total>
				<timestamp>230.316730</timestamp>
			</report>
			<report>
				<misses>2304001</misses>
				<total>2050635</total>
				<timestamp>230.416729</timestamp>
			</report>
			<report>
				<misses>2305001</misses>
				<total>2051634</total>
				<timestamp>230.516714</timestamp>
			</report>
			<report>
				<misses>2306001</misses>
				<total>2052633</total>
				<timestamp>230.616810</timestamp>
			</report>
			<report>
				<misses>2307001</misses>
				<total>2053632</total>
				<timestamp>230.716830</timestamp>
			</report>
			<report>
				<misses>2308001</misses>
				<total>2054631</total>
				<timestamp>230.816765</timestamp>
			</report>
			<report>
				<misses>2309001</misses>
				<total>2055630</total>
				<timestamp>230.916719</timestamp>
			</report>
			<report>
				<misses>2310001</misses>
				<total>2056629</total>
				<timestamp>231.016709</timestamp>
			</report>
			<report>
				<misses>2311001</misses>
				<total>2057628</total>
				<timestamp>231.116674</timestamp>
			</report>
			<report>
				<misses>2312001</misses>
				<total>2058627</total>
				<timestamp>231.216725</timestamp>
			</report>
			<report>
				<misses>2313001</misses>
				<total>2059626</total>
				<timestamp>231.316700</timestamp>
			</report>
			<report>
				<misses>2314001</misses>
				<total>2060625</total>
				<timestamp>231.416716</timestamp>
			</report>
			<report>
				<misses>2315001</misses>
				<total>2061624</total>
				<timestamp>231.516765</timestamp>
			</report>
			<report>
				<misses>2316001</misses>
				<total>2062623</total>
				<timestamp>231.616749</timestamp>
			</report>
			<report>
				<misses>2317001</misses>
				<total>2063622</total>
				<timestamp>231.716728</timestamp>
			</report>
			<report>
				<misses>2318001</misses>
				<total>2064621</total>
				<timestamp>231.816721</timestamp>
			</report>
			<report>
				<misses>2319001</misses>
				<total>2065620</total>
				<timestamp>231.916713</timestamp>
			</report>
			<report>
				<misses>2320001</misses>
				<total>2066619</total>
				<timestamp>232.016702</timestamp>
			</report>
			<report>
				<misses>2321001</misses>
				<total>2067618</total>
				<timestamp>232.116839</timestamp>
			</report>
			<report>
				<misses>2322001</misses>
				<total>2068617</total>
				<timestamp>232.216771</timestamp>
			</report>
			<report>
				<misses>2323001</misses>
				<total>2069616</total>
				<timestamp>232.316765</timestamp>
			</report>
			<report>
				<misses>2324001</misses>
				<total>2070615</total>
				<timestamp>232.416728</timestamp>
			</report>
			<report>
				<misses>2325001</misses>
				<total>2071614</total>
				<timestamp>232.516699</timestamp>
			</report>
			<report>
				<misses>2326001</misses>
				<total>2072613</total>
				<timestamp>232.616732</timestamp>
			</report>
			<report>
				<misses>2327001</misses>
				<total>2073612</total>
				<timestamp>232.716716</timestamp>
			</report>
			<report>
				<misses>2328001</misses>
				<total>2074611</total>
				<timestamp>232.816723</timestamp>
			</report>
			<report>
				<misses>2329001</misses>
				<total>2075610</total>
				<timestamp>232.916709</timestamp>
			</report>
			<report>
				<misses>2330001</misses>
				<total>2076609</total>
				<timestamp>233.016712</timestamp>
			</report>
			<report>
				<misses>2331001</misses>
				<total>2077608</total>
				<timestamp>233.116710</timestamp>
			</report>
			<report>
				<misses>2332001</misses>
				<total>2078607</total>
				<timestamp>233.216685</timestamp>
			</report>
			<report>
				<misses>2333001</misses>
				<total>2079606</total>
				<timestamp>233.316627</timestamp>
			</report>
			<report>
				<misses>2334001</misses>
				<total>2080605</total>
				<timestamp>233.416624</timestamp>
			</report>
			<report>
				<misses>2335001</misses>
				<total>2081604</total>
				<timestamp>233.516770</timestamp>
			</report>
			<report>
				<misses>2336001</misses>
				<total>2082603</total>
				<timestamp>233.616687</timestamp>
			</report>
			<report>
				<misses>2337001</misses>
				<total>2083602</total>
				<timestamp>233.716703</timestamp>
			</report>
			<report>
				<misses>2338001</misses>
				<total>2084601</total>
				<timestamp>233.816758</timestamp>
			</report>
			<report>
				<misses>2339001</misses>
				<total>2085600</total>
				<timestamp>233.916776</timestamp>
			</report>
			<report>
				<misses>2340001</misses>
				<total>2086599</total>
				<timestamp>234.016792</timestamp>
			</report>
			<report>
				<misses>2341001</misses>
				<total>2087598</total>
				<timestamp>234.116795</timestamp>
			</report>
			<report>
				<misses>2342001</misses>
				<total>2088597</total>
				<timestamp>234.216837</timestamp>
			</report>
			<report>
				<misses>2343001</misses>
				<total>2089596</total>
				<timestamp>234.316891</timestamp>
			</report>
			<report>
				<misses>2344001</misses>
				<total>2090595</total>
				<timestamp>234.416771</timestamp>
			</report>
			<report>
				<misses>2345001</misses>
				<total>2091594</total>
				<timestamp>234.516745</timestamp>
			</report>
			<report>
				<misses>2346001</misses>
				<total>2092593</total>
				<timestamp>234.616701</timestamp>
			</report>
			<report>
				<misses>2347001</misses>
				<total>2093592</total>
				<timestamp>234.716708</timestamp>
			</report>
			<report>
				<misses>2348001</misses>
				<total>2094591</total>
				<timestamp>234.816768</timestamp>
			</report>
			<report>
				<misses>2349001</misses>
				<total>2095590</total>
				<timestamp>234.916696</timestamp>
			</report>
			<report>
				<misses>2350001</misses>
				<total>2096589</total>
				<timestamp>235.016687</timestamp>
			</report>
			<report>
				<misses>2351001</misses>
				<total>2097588</total>
				<timestamp>235.116605</timestamp>
			</report>
			<report>
				<misses>2352001</misses>
				<total>2098587</total>
				<timestamp>235.216711</timestamp>
			</report>
			<report>
				<misses>2353001</misses>
				<total>2099586</total>
				<timestamp>235.316708</timestamp>
			</report>
			<report>
				<misses>2354001</misses>
				<total>2100585</total>
				<timestamp>235.416899</timestamp>
			</report>
			<report>
				<misses>2355001</misses>
				<total>2101584</total>
				<timestamp>235.516950</timestamp>
			</report>
			<report>
				<misses>2356001</misses>
				<total>2102583</total>
				<timestamp>235.616977</timestamp>
			</report>
			<report>
				<misses>2357001</misses>
				<total>2103582</total>
				<timestamp>235.716970</timestamp>
			</report>
			<report>
				<misses>2358001</misses>
				<total>2104581</total>
				<timestamp>235.816886</timestamp>
			</report>
			<report>
				<misses>2359001</misses>
				<total>2105580</total>
				<timestamp>235.916881</timestamp>
			</report>
			<report>
				<misses>2360001</misses>
				<total>2106579</total>
				<timestamp>236.016812</timestamp>
			</report>
			<report>
				<misses>2361001</misses>
				<total>2107578</total>
				<timestamp>236.116839</timestamp>
			</report>
			<report>
				<misses>2362001</misses>
				<total>2108577</total>
				<timestamp>236.216765</timestamp>
			</report>
			<report>
				<misses>2363001</misses>
				<total>2109576</total>
				<timestamp>236.316762</timestamp>
			</report>
			<report>
				<misses>2364001</misses>
				<total>2110575</total>
				<timestamp>236.416674</timestamp>
			</report>
			<report>
				<misses>2365001</misses>
				<total>2111574</total>
				<timestamp>236.516616</timestamp>
			</report>
			<report>
				<misses>2366001</misses>
				<total>2112573</total>
				<timestamp>236.616580</timestamp>
			</report>
			<report>
				<misses>2367001</misses>
				<total>2113572</total>
				<timestamp>236.716554</timestamp>
			</report>
			<report>
				<misses>2368001</misses>
				<total>2114571</total>
				<timestamp>236.816595</timestamp>
			</report>
			<report>
				<misses>2369001</misses>
				<total>2115570</total>
				<timestamp>236.916697</timestamp>
			</report>
			<report>
				<misses>2370001</misses>
				<total>2116569</total>
				<timestamp>237.016687</timestamp>
			</report>
			<report>
				<misses>2371001</misses>
				<total>2117568</total>
				<timestamp>237.116595</timestamp>
			</report>
			<report>
				<misses>2372001</misses>
				<total>2118567</total>
				<timestamp>237.216703</timestamp>
			</report>
			<report>
				<misses>2373001</misses>
				<total>2119566</total>
				<timestamp>237.316734</timestamp>
			</report>
			<report>
				<misses>2374001</misses>
				<total>2120565</total>
				<timestamp>237.416776</timestamp>
			</report>
			<report>
				<misses>2375001</misses>
				<total>2121564</total>
				<timestamp>237.516746</timestamp>
			</report>
			<report>
				<misses>2376001</misses>
				<total>2122563</total>
				<timestamp>237.616685</timestamp>
			</report>
			<report>
				<misses>2377001</misses>
				<total>2123562</total>
				<timestamp>237.716605</timestamp>
			</report>
			<report>
				<misses>2378001</misses>
				<total>2124561</total>
				<timestamp>237.816617</timestamp>
			</report>
			<report>
				<misses>2379001</misses>
				<total>2125560</total>
				<timestamp>237.916697</timestamp>
			</report>
			<report>
				<misses>2380001</misses>
				<total>2126559</total>
				<timestamp>238.016677</timestamp>
			</report>
			<report>
				<misses>2381001</misses>
				<total>2127558</total>
				<timestamp>238.117735</timestamp>
			</report>
			<report>
				<misses>2382001</misses>
				<total>2128557</total>
				<timestamp>238.218230</timestamp>
			</report>
			<report>
				<misses>2383001</misses>
				<total>2129556</total>
				<timestamp>238.318217</timestamp>
			</report>
			<report>
				<misses>2384001</misses>
				<total>2130555</total>
				<timestamp>238.418221</timestamp>
			</report>
			<report>
				<misses>2385001</misses>
				<total>2131554</total>
				<timestamp>238.518221</timestamp>
			</report>
			<report>
				<misses>2386001</misses>
				<total>2132553</total>
				<timestamp>238.618224</timestamp>
			</report>
			<report>
				<misses>2387001</misses>
				<total>2133552</total>
				<timestamp>238.718308</timestamp>
			</report>
			<report>
				<misses>2388001</misses>
				<total>2134551</total>
				<timestamp>238.818282</timestamp>
			</report>
			<report>
				<misses>2389001</misses>
				<total>2135550</total>
				<timestamp>238.918221</timestamp>
			</report>
			<report>
				<misses>2390001</misses>
				<total>2136549</total>
				<timestamp>239.018172</timestamp>
			</report>
			<report>
				<misses>2391001</misses>
				<total>2137548</total>
				<timestamp>239.118099</timestamp>
			</report>
			<report>
				<misses>2392001</misses>
				<total>2138547</total>
				<timestamp>239.218202</timestamp>
			</report>
			<report>
				<misses>2393001</misses>
				<total>2139546</total>
				<timestamp>239.318223</timestamp>
			</report>
			<report>
				<misses>2394001</misses>
				<total>2140545</total>
				<timestamp>239.418155</timestamp>
			</report>
			<report>
				<misses>2395001</misses>
				<total>2141544</total>
				<timestamp>239.518115</timestamp>
			</report>
			<report>
				<misses>2396001</misses>
				<total>2142543</total>
				<timestamp>239.618103</timestamp>
			</report>
			<report>
				<misses>2397001</misses>
				<total>2143542</total>
				<timestamp>239.718099</timestamp>
			</report>
			<report>
				<misses>2398001</misses>
				<total>2144541</total>
				<timestamp>239.818093</timestamp>
			</report>
			<report>
				<misses>2399001</misses>
				<total>2145540</total>
				<timestamp>239.917985</timestamp>
			</report>
			<report>
				<misses>2400001</misses>
				<total>2146539</total>
				<timestamp>240.017880</timestamp>
			</report>
			<report>
				<misses>2401001</misses>
				<total>2147538</total>
				<timestamp>240.117764</timestamp>
			</report>
			<report>
				<misses>2402001</misses>
				<total>2148537</total>
				<timestamp>240.217755</timestamp>
			</report>
			<report>
				<misses>2403001</misses>
				<total>2149536</total>
				<timestamp>240.317795</timestamp>
			</report>
			<report>
				<misses>2404001</misses>
				<total>2150535</total>
				<timestamp>240.417770</timestamp>
			</report>
			<report>
				<misses>2405001</misses>
				<total>2151534</total>
				<timestamp>240.517793</timestamp>
			</report>
			<report>
				<misses>2406001</misses>
				<total>2152533</total>
				<timestamp>240.617668</timestamp>
			</report>
			<report>
				<misses>2407001</misses>
				<total>2153532</total>
				<timestamp>240.717663</timestamp>
			</report>
			<report>
				<misses>2408001</misses>
				<total>2154531</total>
				<timestamp>240.817572</timestamp>
			</report>
			<report>
				<misses>2409001</misses>
				<total>2155530</total>
				<timestamp>240.917514</timestamp>
			</report>
			<report>
				<misses>2410001</misses>
				<total>2156529</total>
				<timestamp>241.017557</timestamp>
			</report>
			<report>
				<misses>2411001</misses>
				<total>2157528</total>
				<timestamp>241.117651</timestamp>
			</report>
			<report>
				<misses>2412001</misses>
				<total>2158527</total>
				<timestamp>241.217578</timestamp>
			</report>
			<report>
				<misses>2413001</misses>
				<total>2159526</total>
				<timestamp>241.317539</timestamp>
			</report>
			<report>
				<misses>2414001</misses>
				<total>2160525</total>
				<timestamp>241.417533</timestamp>
			</report>
			<report>
				<misses>2415001</misses>
				<total>2161524</total>
				<timestamp>241.517484</timestamp>
			</report>
			<report>
				<misses>2416001</misses>
				<total>2162523</total>
				<timestamp>241.617390</timestamp>
			</report>
			<report>
				<misses>2417001</misses>
				<total>2163522</total>
				<timestamp>241.717269</timestamp>
			</report>
			<report>
				<misses>2418001</misses>
				<total>2164521</total>
				<timestamp>241.817197</timestamp>
			</report>
			<report>
				<misses>2419001</misses>
				<total>2165520</total>
				<timestamp>241.917244</timestamp>
			</report>
			<report>
				<misses>2420001</misses>
				<total>2166519</total>
				<timestamp>242.017236</timestamp>
			</report>
			<report>
				<misses>2421001</misses>
				<total>2167518</total>
				<timestamp>242.117226</timestamp>
			</report>
			<report>
				<misses>2422001</misses>
				<total>2168517</total>
				<timestamp>242.217229</timestamp>
			</report>
			<report>
				<misses>2423001</misses>
				<total>2169516</total>
				<timestamp>242.317228</timestamp>
			</report>
			<report>
				<misses>2424001</misses>
				<total>2170515</total>
				<timestamp>242.417220</timestamp>
			</report>
			<report>
				<misses>2425001</misses>
				<total>2171514</total>
				<timestamp>242.517222</timestamp>
			</report>
			<report>
				<misses>2426001</misses>
				<total>2172513</total>
				<timestamp>242.617233</timestamp>
			</report>
			<report>
				<misses>2427001</misses>
				<total>2173512</total>
				<timestamp>242.717364</timestamp>
			</report>
			<report>
				<misses>2428001</misses>
				<total>2174511</total>
				<timestamp>242.817263</timestamp>
			</report>
			<report>
				<misses>2429001</misses>
				<total>2175510</total>
				<timestamp>242.917224</timestamp>
			</report>
			<report>
				<misses>2430001</misses>
				<total>2176509</total>
				<timestamp>243.017221</timestamp>
			</report>
			<report>
				<misses>2431001</misses>
				<total>2177508</total>
				<timestamp>243.117193</timestamp>
			</report>
			<report>
				<misses>2432001</misses>
				<total>2178507</total>
				<timestamp>243.217205</timestamp>
			</report>
			<report>
				<misses>2433001</misses>
				<total>2179506</total>
				<timestamp>243.317222</timestamp>
			</report>
			<report>
				<misses>2434001</misses>
				<total>2180505</total>
				<timestamp>243.417219</timestamp>
			</report>
			<report>
				<misses>2435001</misses>
				<total>2181504</total>
				<timestamp>243.517217</timestamp>
			</report>
			<report>
				<misses>2436001</misses>
				<total>2182503</total>
				<timestamp>243.617322</timestamp>
			</report>
			<report>
				<misses>2437001</misses>
				<total>2183502</total>
				<timestamp>243.717254</timestamp>
			</report>
			<report>
				<misses>2438001</misses>
				<total>2184501</total>
				<timestamp>243.817264</timestamp>
			</report>
			<report>
				<misses>2439001</misses>
				<total>2185500</total>
				<timestamp>243.917230</timestamp>
			</report>
			<report>
				<misses>2440001</misses>
				<total>2186499</total>
				<timestamp>244.017225</timestamp>
			</report>
			<report>
				<misses>2441001</misses>
				<total>2187498</total>
				<timestamp>244.117237</timestamp>
			</report>
			<report>
				<misses>2442001</misses>
				<total>2188497</total>
				<timestamp>244.217241</timestamp>
			</report>
			<report>
				<misses>2443001</misses>
				<total>2189496</total>
				<timestamp>244.317215</timestamp>
			</report>
			<report>
				<misses>2444001</misses>
				<total>2190495</total>
				<timestamp>244.417217</timestamp>
			</report>
			<report>
				<misses>2445001</misses>
				<total>2191494</total>
				<timestamp>244.517214</timestamp>
			</report>
			<report>
				<misses>2446001</misses>
				<total>2192493</total>
				<timestamp>244.617224</timestamp>
			</report>
			<report>
				<misses>2447001</misses>
				<total>2193492</total>
				<timestamp>244.717239</timestamp>
			</report>
			<report>
				<misses>2448001</misses>
				<total>2194491</total>
				<timestamp>244.817229</timestamp>
			</report>
			<report>
				<misses>2449001</misses>
				<total>2195490</total>
				<timestamp>244.917224</timestamp>
			</report>
			<report>
				<misses>2450001</misses>
				<total>2196489</total>
				<timestamp>245.017339</timestamp>
			</report>
			<report>
				<misses>2451001</misses>
				<total>2197488</total>
				<timestamp>245.117277</timestamp>
			</report>
			<report>
				<misses>2452001</misses>
				<total>2198487</total>
				<timestamp>245.217217</timestamp>
			</report>
			<report>
				<misses>2453001</misses>
				<total>2199486</total>
				<timestamp>245.317239</timestamp>
			</report>
			<report>
				<misses>2454001</misses>
				<total>2200485</total>
				<timestamp>245.417273</timestamp>
			</report>
			<report>
				<misses>2455001</misses>
				<total>2201484</total>
				<timestamp>245.517281</timestamp>
			</report>
			<report>
				<misses>2456001</misses>
				<total>2202483</total>
				<timestamp>245.617263</timestamp>
			</report>
			<report>
				<misses>2457001</misses>
				<total>2203482</total>
				<timestamp>245.717293</timestamp>
			</report>
			<report>
				<misses>2458001</misses>
				<total>2204481</total>
				<timestamp>245.817302</timestamp>
			</report>
			<report>
				<misses>2459001</misses>
				<total>2205480</total>
				<timestamp>245.917337</timestamp>
			</report>
			<report>
				<misses>2460001</misses>
				<total>2206479</total>
				<timestamp>246.017334</timestamp>
			</report>
			<report>
				<misses>2461001</misses>
				<total>2207478</total>
				<timestamp>246.117414</timestamp>
			</report>
			<report>
				<misses>2462001</misses>
				<total>2208477</total>
				<timestamp>246.217490</timestamp>
			</report>
			<report>
				<misses>2463001</misses>
				<total>2209476</total>
				<timestamp>246.317411</timestamp>
			</report>
			<report>
				<misses>2464001</misses>
				<total>2210475</total>
				<timestamp>246.417485</timestamp>
			</report>
			<report>
				<misses>2465001</misses>
				<total>2211474</total>
				<timestamp>246.517379</timestamp>
			</report>
			<report>
				<misses>2466001</misses>
				<total>2212473</total>
				<timestamp>246.617481</timestamp>
			</report>
			<report>
				<misses>2467001</misses>
				<total>2213472</total>
				<timestamp>246.717542</timestamp>
			</report>
			<report>
				<misses>2468001</misses>
				<total>2214471</total>
				<timestamp>246.817586</timestamp>
			</report>
			<report>
				<misses>2469001</misses>
				<total>2215470</total>
				<timestamp>246.917721</timestamp>
			</report>
			<report>
				<misses>2470001</misses>
				<total>2216469</total>
				<timestamp>247.017677</timestamp>
			</report>
			<report>
				<misses>2471001</misses>
				<total>2217468</total>
				<timestamp>247.117658</timestamp>
			</report>
			<report>
				<misses>2472001</misses>
				<total>2217851</total>
				<timestamp>247.217604</timestamp>
			</report>
			<report>
				<misses>2473001</misses>
				<total>2217851</total>
				<timestamp>247.317626</timestamp>
			</report>
			<report>
				<misses>2474001</misses>
				<total>2217850</total>
				<timestamp>247.417662</timestamp>
			</report>
			<report>
				<misses>2475001</misses>
				<total>2217851</total>
				<timestamp>247.517682</timestamp>
			</report>
			<report>
				<misses>2476001</misses>
				<total>2218398</total>
				<timestamp>247.617619</timestamp>
			</report>
			<report>
				<misses>2477001</misses>
				<total>2218901</total>
				<timestamp>247.717618</timestamp>
			</report>
			<report>
				<misses>2478001</misses>
				<total>2218904</total>
				<timestamp>247.817605</timestamp>
			</report>
			<report>
				<misses>2479001</misses>
				<total>2218903</total>
				<timestamp>247.917612</timestamp>
			</report>
			<report>
				<misses>2480001</misses>
				<total>2218904</total>
				<timestamp>248.017590</timestamp>
			</report>
			<report>
				<misses>2481001</misses>
				<total>2218904</total>
				<timestamp>248.117479</timestamp>
			</report>
			<report>
				<misses>2482001</misses>
				<total>2218904</total>
				<timestamp>248.217385</timestamp>
			</report>
			<report>
				<misses>2483001</misses>
				<total>2218904</total>
				<timestamp>248.317285</timestamp>
			</report>
			<report>
				<misses>2484001</misses>
				<total>2218904</total>
				<timestamp>248.417213</timestamp>
			</report>
			<report>
				<misses>2485001</misses>
				<total>2218904</total>
				<timestamp>248.517230</timestamp>
			</report>
			<report>
				<misses>2486001</misses>
				<total>2218904</total>
				<timestamp>248.617250</timestamp>
			</report>
			<report>
				<misses>2487001</misses>
				<total>2218904</total>
				<timestamp>248.717214</timestamp>
			</report>
			<report>
				<misses>2488001</misses>
				<total>2218906</total>
				<timestamp>248.817226</timestamp>
			</report>
			<report>
				<misses>2489001</misses>
				<total>2218908</total>
				<timestamp>248.917283</timestamp>
			</report>
			<report>
				<misses>2490001</misses>
				<total>2218914</total>
				<timestamp>249.017217</timestamp>
			</report>
			<report>
				<misses>2491001</misses>
				<total>2218915</total>
				<timestamp>249.117224</timestamp>
			</report>
			<report>
				<misses>2492001</misses>
				<total>2218913</total>
				<timestamp>249.217266</timestamp>
			</report>
			<report>
				<misses>2493001</misses>
				<total>2218913</total>
				<timestamp>249.317284</timestamp>
			</report>
			<report>
				<misses>2494001</misses>
				<total>2218915</total>
				<timestamp>249.417228</timestamp>
			</report>
			<report>
				<misses>2495001</misses>
				<total>2218915</total>
				<timestamp>249.517239</timestamp>
			</report>
			<report>
				<misses>2496001</misses>
				<total>2218915</total>
				<timestamp>249.617254</timestamp>
			</report>
			<report>
				<misses>2497001</misses>
				<total>2218916</total>
				<timestamp>249.717255</timestamp>
			</report>
			<report>
				<misses>2498001</misses>
				<total>2218916</total>
				<timestamp>249.817247</timestamp>
			</report>
			<report>
				<misses>2499001</misses>
				<total>2218916</total>
				<timestamp>249.917206</timestamp>
			</report>
			<report>
				<misses>2500001</misses>
				<total>2218915</total>
				<timestamp>250.017216</timestamp>
			</report>
			<report>
				<misses>2501001</misses>
				<total>2218916</total>
				<timestamp>250.117220</timestamp>
			</report>
			<report>
				<misses>2502001</misses>
				<total>2218916</total>
				<timestamp>250.217204</timestamp>
			</report>
			<report>
				<misses>2503001</misses>
				<total>2218916</total>
				<timestamp>250.317225</timestamp>
			</report>
			<report>
				<misses>2504001</misses>
				<total>2219822</total>
				<timestamp>250.417220</timestamp>
			</report>
			<report>
				<misses>2505001</misses>
				<total>2220821</total>
				<timestamp>250.517230</timestamp>
			</report>
			<report>
				<misses>2506001</misses>
				<total>2221820</total>
				<timestamp>250.617226</timestamp>
			</report>
			<report>
				<misses>2507001</misses>
				<total>2222819</total>
				<timestamp>250.717344</timestamp>
			</report>
			<report>
				<misses>2508001</misses>
				<total>2223818</total>
				<timestamp>250.817518</timestamp>
			</report>
			<report>
				<misses>2509001</misses>
				<total>2224817</total>
				<timestamp>250.917536</timestamp>
			</report>
			<report>
				<misses>2510001</misses>
				<total>2225816</total>
				<timestamp>251.017523</timestamp>
			</report>
			<report>
				<misses>2511001</misses>
				<total>2226815</total>
				<timestamp>251.117500</timestamp>
			</report>
			<report>
				<misses>2512001</misses>
				<total>2227814</total>
				<timestamp>251.217603</timestamp>
			</report>
			<report>
				<misses>2513001</misses>
				<total>2228813</total>
				<timestamp>251.317581</timestamp>
			</report>
			<report>
				<misses>2514001</misses>
				<total>2229812</total>
				<timestamp>251.417628</timestamp>
			</report>
			<report>
				<misses>2515001</misses>
				<total>2230811</total>
				<timestamp>251.517711</timestamp>
			</report>
			<report>
				<misses>2516001</misses>
				<total>2231810</total>
				<timestamp>251.617682</timestamp>
			</report>
			<report>
				<misses>2517001</misses>
				<total>2232809</total>
				<timestamp>251.717609</timestamp>
			</report>
			<report>
				<misses>2518001</misses>
				<total>2233808</total>
				<timestamp>251.817604</timestamp>
			</report>
			<report>
				<misses>2519001</misses>
				<total>2234807</total>
				<timestamp>251.917587</timestamp>
			</report>
			<report>
				<misses>2520001</misses>
				<total>2235806</total>
				<timestamp>252.017663</timestamp>
			</report>
			<report>
				<misses>2521001</misses>
				<total>2236805</total>
				<timestamp>252.117590</timestamp>
			</report>
			<report>
				<misses>2522001</misses>
				<total>2237804</total>
				<timestamp>252.217503</timestamp>
			</report>
			<report>
				<misses>2523001</misses>
				<total>2238803</total>
				<timestamp>252.317518</timestamp>
			</report>
			<report>
				<misses>2524001</misses>
				<total>2239802</total>
				<timestamp>252.417559</timestamp>
			</report>
			<report>
				<misses>2525001</misses>
				<total>2240801</total>
				<timestamp>252.517594</timestamp>
			</report>
			<report>
				<misses>2526001</misses>
				<total>2241800</total>
				<timestamp>252.617641</timestamp>
			</report>
			<report>
				<misses>2527001</misses>
				<total>2242799</total>
				<timestamp>252.717621</timestamp>
			</report>
			<report>
				<misses>2528001</misses>
				<total>2243798</total>
				<timestamp>252.817685</timestamp>
			</report>
			<report>
				<misses>2529001</misses>
				<total>2244797</total>
				<timestamp>252.917589</timestamp>
			</report>
			<report>
				<misses>2530001</misses>
				<total>2245796</total>
				<timestamp>253.017512</timestamp>
			</report>
			<report>
				<misses>2531001</misses>
				<total>2246795</total>
				<timestamp>253.117529</timestamp>
			</report>
			<report>
				<misses>2532001</misses>
				<total>2247794</total>
				<timestamp>253.217610</timestamp>
			</report>
			<report>
				<misses>2533001</misses>
				<total>2248793</total>
				<timestamp>253.317651</timestamp>
			</report>
			<report>
				<misses>2534001</misses>
				<total>2249792</total>
				<timestamp>253.417582</timestamp>
			</report>
			<report>
				<misses>2535001</misses>
				<total>2250791</total>
				<timestamp>253.517486</timestamp>
			</report>
			<report>
				<misses>2536001</misses>
				<total>2251790</total>
				<timestamp>253.617434</timestamp>
			</report>
			<report>
				<misses>2537001</misses>
				<total>2252789</total>
				<timestamp>253.717556</timestamp>
			</report>
			<report>
				<misses>2538001</misses>
				<total>2253788</total>
				<timestamp>253.817496</timestamp>
			</report>
			<report>
				<misses>2539001</misses>
				<total>2254787</total>
				<timestamp>253.917549</timestamp>
			</report>
			<report>
				<misses>2540001</misses>
				<total>2255786</total>
				<timestamp>254.017561</timestamp>
			</report>
			<report>
				<misses>2541001</misses>
				<total>2256785</total>
				<timestamp>254.117572</timestamp>
			</report>
			<report>
				<misses>2542001</misses>
				<total>2257784</total>
				<timestamp>254.217576</timestamp>
			</report>
			<report>
				<misses>2543001</misses>
				<total>2258783</total>
				<timestamp>254.317524</timestamp>
			</report>
			<report>
				<misses>2544001</misses>
				<total>2259782</total>
				<timestamp>254.417572</timestamp>
			</report>
			<report>
				<misses>2545001</misses>
				<total>2260781</total>
				<timestamp>254.517552</timestamp>
			</report>
			<report>
				<misses>2546001</misses>
				<total>2261780</total>
				<timestamp>254.617567</timestamp>
			</report>
			<report>
				<misses>2547001</misses>
				<total>2262779</total>
				<timestamp>254.717522</timestamp>
			</report>
			<report>
				<misses>2548001</misses>
				<total>2263778</total>
				<timestamp>254.817501</timestamp>
			</report>
			<report>
				<misses>2549001</misses>
				<total>2264777</total>
				<timestamp>254.917581</timestamp>
			</report>
			<report>
				<misses>2550001</misses>
				<total>2265776</total>
				<timestamp>255.017485</timestamp>
			</report>
			<report>
				<misses>2551001</misses>
				<total>2266775</total>
				<timestamp>255.117471</timestamp>
			</report>
			<report>
				<misses>2552001</misses>
				<total>2267774</total>
				<timestamp>255.217538</timestamp>
			</report>
			<report>
				<misses>2553001</misses>
				<total>2268773</total>
				<timestamp>255.317544</timestamp>
			</report>
			<report>
				<misses>2554001</misses>
				<total>2269772</total>
				<timestamp>255.417612</timestamp>
			</report>
			<report>
				<misses>2555001</misses>
				<total>2270771</total>
				<timestamp>255.517595</timestamp>
			</report>
			<report>
				<misses>2556001</misses>
				<total>2271770</total>
				<timestamp>255.617592</timestamp>
			</report>
			<report>
				<misses>2557001</misses>
				<total>2272769</total>
				<timestamp>255.717569</timestamp>
			</report>
			<report>
				<misses>2558001</misses>
				<total>2273768</total>
				<timestamp>255.817497</timestamp>
			</report>
			<report>
				<misses>2559001</misses>
				<total>2274767</total>
				<timestamp>255.917542</timestamp>
			</report>
			<report>
				<misses>2560001</misses>
				<total>2275766</total>
				<timestamp>256.017563</timestamp>
			</report>
			<report>
				<misses>2561001</misses>
				<total>2276765</total>
				<timestamp>256.117625</timestamp>
			</report>
			<report>
				<misses>2562001</misses>
				<total>2277764</total>
				<timestamp>256.217573</timestamp>
			</report>
			<report>
				<misses>2563001</misses>
				<total>2278763</total>
				<timestamp>256.317472</timestamp>
			</report>
			<report>
				<misses>2564001</misses>
				<total>2279762</total>
				<timestamp>256.417572</timestamp>
			</report>
			<report>
				<misses>2565001</misses>
				<total>2280761</total>
				<timestamp>256.517562</timestamp>
			</report>
			<report>
				<misses>2566001</misses>
				<total>2281760</total>
				<timestamp>256.617562</timestamp>
			</report>
			<report>
				<misses>2567001</misses>
				<total>2282759</total>
				<timestamp>256.717623</timestamp>
			</report>
			<report>
				<misses>2568001</misses>
				<total>2283758</total>
				<timestamp>256.817604</timestamp>
			</report>
			<report>
				<misses>2569001</misses>
				<total>2284757</total>
				<timestamp>256.917690</timestamp>
			</report>
			<report>
				<misses>2570001</misses>
				<total>2285756</total>
				<timestamp>257.017690</timestamp>
			</report>
			<report>
				<misses>2571001</misses>
				<total>2286755</total>
				<timestamp>257.117682</timestamp>
			</report>
			<report>
				<misses>2572001</misses>
				<total>2287754</total>
				<timestamp>257.217603</timestamp>
			</report>
			<report>
				<misses>2573001</misses>
				<total>2288753</total>
				<timestamp>257.317704</timestamp>
			</report>
			<report>
				<misses>2574001</misses>
				<total>2289752</total>
				<timestamp>257.417667</timestamp>
			</report>
			<report>
				<misses>2575001</misses>
				<total>2290751</total>
				<timestamp>257.517584</timestamp>
			</report>
			<report>
				<misses>2576001</misses>
				<total>2291750</total>
				<timestamp>257.617552</timestamp>
			</report>
			<report>
				<misses>2577001</misses>
				<total>2292749</total>
				<timestamp>257.717608</timestamp>
			</report>
			<report>
				<misses>2578001</misses>
				<total>2293748</total>
				<timestamp>257.817685</timestamp>
			</report>
			<report>
				<misses>2579001</misses>
				<total>2294747</total>
				<timestamp>257.917680</timestamp>
			</report>
			<report>
				<misses>2580001</misses>
				<total>2295746</total>
				<timestamp>258.017590</timestamp>
			</report>
			<report>
				<misses>2581001</misses>
				<total>2296745</total>
				<timestamp>258.117604</timestamp>
			</report>
			<report>
				<misses>2582001</misses>
				<total>2297744</total>
				<timestamp>258.217571</timestamp>
			</report>
			<report>
				<misses>2583001</misses>
				<total>2298743</total>
				<timestamp>258.317571</timestamp>
			</report>
			<report>
				<misses>2584001</misses>
				<total>2299742</total>
				<timestamp>258.417558</timestamp>
			</report>
			<report>
				<misses>2585001</misses>
				<total>2300741</total>
				<timestamp>258.517556</timestamp>
			</report>
			<report>
				<misses>2586001</misses>
				<total>2301740</total>
				<timestamp>258.617560</timestamp>
			</report>
			<report>
				<misses>2587001</misses>
				<total>2302739</total>
				<timestamp>258.717531</timestamp>
			</report>
			<report>
				<misses>2588001</misses>
				<total>2303738</total>
				<timestamp>258.817534</timestamp>
			</report>
			<report>
				<misses>2589001</misses>
				<total>2304737</total>
				<timestamp>258.917556</timestamp>
			</report>
			<report>
				<misses>2590001</misses>
				<total>2305736</total>
				<timestamp>259.017660</timestamp>
			</report>
			<report>
				<misses>2591001</misses>
				<total>2306735</total>
				<timestamp>259.117614</timestamp>
			</report>
			<report>
				<misses>2592001</misses>
				<total>2307734</total>
				<timestamp>259.217679</timestamp>
			</report>
			<report>
				<misses>2593001</misses>
				<total>2308733</total>
				<timestamp>259.317687</timestamp>
			</report>
			<report>
				<misses>2594001</misses>
				<total>2309732</total>
				<timestamp>259.417568</timestamp>
			</report>
			<report>
				<misses>2595001</misses>
				<total>2310731</total>
				<timestamp>259.517525</timestamp>
			</report>
			<report>
				<misses>2596001</misses>
				<total>2311730</total>
				<timestamp>259.617538</timestamp>
			</report>
			<report>
				<misses>2597001</misses>
				<total>2312729</total>
				<timestamp>259.717537</timestamp>
			</report>
			<report>
				<misses>2598001</misses>
				<total>2313728</total>
				<timestamp>259.817607</timestamp>
			</report>
			<report>
				<misses>2599001</misses>
				<total>2314727</total>
				<timestamp>259.917572</timestamp>
			</report>
			<report>
				<misses>2600001</misses>
				<total>2315726</total>
				<timestamp>260.017524</timestamp>
			</report>
			<report>
				<misses>2601001</misses>
				<total>2316725</total>
				<timestamp>260.117521</timestamp>
			</report>
			<report>
				<misses>2602001</misses>
				<total>2317724</total>
				<timestamp>260.217512</timestamp>
			</report>
			<report>
				<misses>2603001</misses>
				<total>2318723</total>
				<timestamp>260.317564</timestamp>
			</report>
			<report>
				<misses>2604001</misses>
				<total>2319722</total>
				<timestamp>260.417537</timestamp>
			</report>
			<report>
				<misses>2605001</misses>
				<total>2320721</total>
				<timestamp>260.517603</timestamp>
			</report>
			<report>
				<misses>2606001</misses>
				<total>2321720</total>
				<timestamp>260.617637</timestamp>
			</report>
			<report>
				<misses>2607001</misses>
				<total>2322719</total>
				<timestamp>260.717653</timestamp>
			</report>
			<report>
				<misses>2608001</misses>
				<total>2323718</total>
				<timestamp>260.817569</timestamp>
			</report>
			<report>
				<misses>2609001</misses>
				<total>2324717</total>
				<timestamp>260.917505</timestamp>
			</report>
			<report>
				<misses>2610001</misses>
				<total>2325716</total>
				<timestamp>261.017526</timestamp>
			</report>
			<report>
				<misses>2611001</misses>
				<total>2326715</total>
				<timestamp>261.117563</timestamp>
			</report>
			<report>
				<misses>2612001</misses>
				<total>2327714</total>
				<timestamp>261.217606</timestamp>
			</report>
			<report>
				<misses>2613001</misses>
				<total>2328713</total>
				<timestamp>261.317559</timestamp>
			</report>
			<report>
				<misses>2614001</misses>
				<total>2329712</total>
				<timestamp>261.417614</timestamp>
			</report>
			<report>
				<misses>2615001</misses>
				<total>2330711</total>
				<timestamp>261.517643</timestamp>
			</report>
			<report>
				<misses>2616001</misses>
				<total>2331710</total>
				<timestamp>261.617774</timestamp>
			</report>
			<report>
				<misses>2617001</misses>
				<total>2332709</total>
				<timestamp>261.717661</timestamp>
			</report>
			<report>
				<misses>2618001</misses>
				<total>2333708</total>
				<timestamp>261.817558</timestamp>
			</report>
			<report>
				<misses>2619001</misses>
				<total>2334707</total>
				<timestamp>261.917592</timestamp>
			</report>
			<report>
				<misses>2620001</misses>
				<total>2335706</total>
				<timestamp>262.017571</timestamp>
			</report>
			<report>
				<misses>2621001</misses>
				<total>2336705</total>
				<timestamp>262.117522</timestamp>
			</report>
			<report>
				<misses>2622001</misses>
				<total>2337704</total>
				<timestamp>262.217567</timestamp>
			</report>
			<report>
				<misses>2623001</misses>
				<total>2338703</total>
				<timestamp>262.317517</timestamp>
			</report>
			<report>
				<misses>2624001</misses>
				<total>2339702</total>
				<timestamp>262.417519</timestamp>
			</report>
			<report>
				<misses>2625001</misses>
				<total>2340701</total>
				<timestamp>262.517531</timestamp>
			</report>
			<report>
				<misses>2626001</misses>
				<total>2341700</total>
				<timestamp>262.617512</timestamp>
			</report>
			<report>
				<misses>2627001</misses>
				<total>2342699</total>
				<timestamp>262.717570</timestamp>
			</report>
			<report>
				<misses>2628001</misses>
				<total>2343698</total>
				<timestamp>262.817571</timestamp>
			</report>
			<report>
				<misses>2629001</misses>
				<total>2344697</total>
				<timestamp>262.917614</timestamp>
			</report>
			<report>
				<misses>2630001</misses>
				<total>2345696</total>
				<timestamp>263.017624</timestamp>
			</report>
			<report>
				<misses>2631001</misses>
				<total>2346695</total>
				<timestamp>263.117705</timestamp>
			</report>
			<report>
				<misses>2632001</misses>
				<total>2347694</total>
				<timestamp>263.217712</timestamp>
			</report>
			<report>
				<misses>2633001</misses>
				<total>2348693</total>
				<timestamp>263.317746</timestamp>
			</report>
			<report>
				<misses>2634001</misses>
				<total>2349692</total>
				<timestamp>263.417783</timestamp>
			</report>
			<report>
				<misses>2635001</misses>
				<total>2350691</total>
				<timestamp>263.517668</timestamp>
			</report>
			<report>
				<misses>2636001</misses>
				<total>2351690</total>
				<timestamp>263.617590</timestamp>
			</report>
			<report>
				<misses>2637001</misses>
				<total>2352689</total>
				<timestamp>263.717588</timestamp>
			</report>
			<report>
				<misses>2638001</misses>
				<total>2353688</total>
				<timestamp>263.817584</timestamp>
			</report>
			<report>
				<misses>2639001</misses>
				<total>2354687</total>
				<timestamp>263.917511</timestamp>
			</report>
			<report>
				<misses>2640001</misses>
				<total>2355686</total>
				<timestamp>264.017509</timestamp>
			</report>
			<report>
				<misses>2641001</misses>
				<total>2356685</total>
				<timestamp>264.117503</timestamp>
			</report>
			<report>
				<misses>2642001</misses>
				<total>2357684</total>
				<timestamp>264.217543</timestamp>
			</report>
			<report>
				<misses>2643001</misses>
				<total>2358683</total>
				<timestamp>264.317514</timestamp>
			</report>
			<report>
				<misses>2644001</misses>
				<total>2359682</total>
				<timestamp>264.417488</timestamp>
			</report>
			<report>
				<misses>2645001</misses>
				<total>2360681</total>
				<timestamp>264.517624</timestamp>
			</report>
			<report>
				<misses>2646001</misses>
				<total>2361680</total>
				<timestamp>264.617627</timestamp>
			</report>
			<report>
				<misses>2647001</misses>
				<total>2362679</total>
				<timestamp>264.717629</timestamp>
			</report>
			<report>
				<misses>2648001</misses>
				<total>2363678</total>
				<timestamp>264.817659</timestamp>
			</report>
			<report>
				<misses>2649001</misses>
				<total>2364677</total>
				<timestamp>264.917574</timestamp>
			</report>
			<report>
				<misses>2650001</misses>
				<total>2365676</total>
				<timestamp>265.017515</timestamp>
			</report>
			<report>
				<misses>2651001</misses>
				<total>2366675</total>
				<timestamp>265.117481</timestamp>
			</report>
			<report>
				<misses>2652001</misses>
				<total>2367674</total>
				<timestamp>265.217577</timestamp>
			</report>
			<report>
				<misses>2653001</misses>
				<total>2368673</total>
				<timestamp>265.317534</timestamp>
			</report>
			<report>
				<misses>2654001</misses>
				<total>2369672</total>
				<timestamp>265.417648</timestamp>
			</report>
			<report>
				<misses>2655001</misses>
				<total>2370671</total>
				<timestamp>265.517564</timestamp>
			</report>
			<report>
				<misses>2656001</misses>
				<total>2371670</total>
				<timestamp>265.617526</timestamp>
			</report>
			<report>
				<misses>2657001</misses>
				<total>2372669</total>
				<timestamp>265.717513</timestamp>
			</report>
			<report>
				<misses>2658001</misses>
				<total>2373668</total>
				<timestamp>265.817505</timestamp>
			</report>
			<report>
				<misses>2659001</misses>
				<total>2374667</total>
				<timestamp>265.917511</timestamp>
			</report>
			<report>
				<misses>2660001</misses>
				<total>2375666</total>
				<timestamp>266.017489</timestamp>
			</report>
			<report>
				<misses>2661001</misses>
				<total>2376665</total>
				<timestamp>266.117398</timestamp>
			</report>
			<report>
				<misses>2662001</misses>
				<total>2377664</total>
				<timestamp>266.217435</timestamp>
			</report>
			<report>
				<misses>2663001</misses>
				<total>2378663</total>
				<timestamp>266.317405</timestamp>
			</report>
			<report>
				<misses>2664001</misses>
				<total>2379662</total>
				<timestamp>266.417418</timestamp>
			</report>
			<report>
				<misses>2665001</misses>
				<total>2380661</total>
				<timestamp>266.517478</timestamp>
			</report>
			<report>
				<misses>2666001</misses>
				<total>2381660</total>
				<timestamp>266.617392</timestamp>
			</report>
			<report>
				<misses>2667001</misses>
				<total>2382659</total>
				<timestamp>266.717340</timestamp>
			</report>
			<report>
				<misses>2668001</misses>
				<total>2383658</total>
				<timestamp>266.817362</timestamp>
			</report>
			<report>
				<misses>2669001</misses>
				<total>2384657</total>
				<timestamp>266.917345</timestamp>
			</report>
			<report>
				<misses>2670001</misses>
				<total>2385656</total>
				<timestamp>267.017360</timestamp>
			</report>
			<report>
				<misses>2671001</misses>
				<total>2386655</total>
				<timestamp>267.117283</timestamp>
			</report>
			<report>
				<misses>2672001</misses>
				<total>2387654</total>
				<timestamp>267.217223</timestamp>
			</report>
			<report>
				<misses>2673001</misses>
				<total>2388653</total>
				<timestamp>267.317213</timestamp>
			</report>
			<report>
				<misses>2674001</misses>
				<total>2389652</total>
				<timestamp>267.417257</timestamp>
			</report>
			<report>
				<misses>2675001</misses>
				<total>2390651</total>
				<timestamp>267.517216</timestamp>
			</report>
			<report>
				<misses>2676001</misses>
				<total>2391650</total>
				<timestamp>267.617223</timestamp>
			</report>
			<report>
				<misses>2677001</misses>
				<total>2392649</total>
				<timestamp>267.717215</timestamp>
			</report>
			<report>
				<misses>2678001</misses>
				<total>2393648</total>
				<timestamp>267.817224</timestamp>
			</report>
			<report>
				<misses>2679001</misses>
				<total>2394647</total>
				<timestamp>267.917223</timestamp>
			</report>
			<report>
				<misses>2680001</misses>
				<total>2395646</total>
				<timestamp>268.017224</timestamp>
			</report>
			<report>
				<misses>2681001</misses>
				<total>2396645</total>
				<timestamp>268.117233</timestamp>
			</report>
			<report>
				<misses>2682001</misses>
				<total>2397644</total>
				<timestamp>268.217234</timestamp>
			</report>
			<report>
				<misses>2683001</misses>
				<total>2398643</total>
				<timestamp>268.317243</timestamp>
			</report>
			<report>
				<misses>2684001</misses>
				<total>2399642</total>
				<timestamp>268.417212</timestamp>
			</report>
			<report>
				<misses>2685001</misses>
				<total>2400641</total>
				<timestamp>268.517227</timestamp>
			</report>
			<report>
				<misses>2686001</misses>
				<total>2401640</total>
				<timestamp>268.617204</timestamp>
			</report>
			<report>
				<misses>2687001</misses>
				<total>2402639</total>
				<timestamp>268.717225</timestamp>
			</report>
			<report>
				<misses>2688001</misses>
				<total>2403638</total>
				<timestamp>268.817244</timestamp>
			</report>
			<report>
				<misses>2689001</misses>
				<total>2404637</total>
				<timestamp>268.917335</timestamp>
			</report>
			<report>
				<misses>2690001</misses>
				<total>2405636</total>
				<timestamp>269.017454</timestamp>
			</report>
			<report>
				<misses>2691001</misses>
				<total>2406635</total>
				<timestamp>269.117411</timestamp>
			</report>
			<report>
				<misses>2692001</misses>
				<total>2407634</total>
				<timestamp>269.217411</timestamp>
			</report>
			<report>
				<misses>2693001</misses>
				<total>2408633</total>
				<timestamp>269.317404</timestamp>
			</report>
			<report>
				<misses>2694001</misses>
				<total>2409632</total>
				<timestamp>269.417393</timestamp>
			</report>
			<report>
				<misses>2695001</misses>
				<total>2410631</total>
				<timestamp>269.517399</timestamp>
			</report>
			<report>
				<misses>2696001</misses>
				<total>2411630</total>
				<timestamp>269.617402</timestamp>
			</report>
			<report>
				<misses>2697001</misses>
				<total>2412629</total>
				<timestamp>269.717399</timestamp>
			</report>
			<report>
				<misses>2698001</misses>
				<total>2413628</total>
				<timestamp>269.817391</timestamp>
			</report>
			<report>
				<misses>2699001</misses>
				<total>2414627</total>
				<timestamp>269.917317</timestamp>
			</report>
			<report>
				<misses>2700001</misses>
				<total>2415626</total>
				<timestamp>270.017398</timestamp>
			</report>
			<report>
				<misses>2701001</misses>
				<total>2416625</total>
				<timestamp>270.117398</timestamp>
			</report>
			<report>
				<misses>2702001</misses>
				<total>2417624</total>
				<timestamp>270.217391</timestamp>
			</report>
			<report>
				<misses>2703001</misses>
				<total>2418623</total>
				<timestamp>270.317347</timestamp>
			</report>
			<report>
				<misses>2704001</misses>
				<total>2419622</total>
				<timestamp>270.417354</timestamp>
			</report>
			<report>
				<misses>2705001</misses>
				<total>2420621</total>
				<timestamp>270.517305</timestamp>
			</report>
			<report>
				<misses>2706001</misses>
				<total>2421620</total>
				<timestamp>270.617360</timestamp>
			</report>
			<report>
				<misses>2707001</misses>
				<total>2422619</total>
				<timestamp>270.717463</timestamp>
			</report>
			<report>
				<misses>2708001</misses>
				<total>2423618</total>
				<timestamp>270.817385</timestamp>
			</report>
			<report>
				<misses>2709001</misses>
				<total>2424617</total>
				<timestamp>270.917346</timestamp>
			</report>
			<report>
				<misses>2710001</misses>
				<total>2425616</total>
				<timestamp>271.017393</timestamp>
			</report>
			<report>
				<misses>2711001</misses>
				<total>2426615</total>
				<timestamp>271.117381</timestamp>
			</report>
			<report>
				<misses>2712001</misses>
				<total>2427614</total>
				<timestamp>271.217310</timestamp>
			</report>
			<report>
				<misses>2713001</misses>
				<total>2428613</total>
				<timestamp>271.317400</timestamp>
			</report>
			<report>
				<misses>2714001</misses>
				<total>2429612</total>
				<timestamp>271.417377</timestamp>
			</report>
			<report>
				<misses>2715001</misses>
				<total>2430611</total>
				<timestamp>271.517345</timestamp>
			</report>
			<report>
				<misses>2716001</misses>
				<total>2431610</total>
				<timestamp>271.617310</timestamp>
			</report>
			<report>
				<misses>2717001</misses>
				<total>2432609</total>
				<timestamp>271.717324</timestamp>
			</report>
			<report>
				<misses>2718001</misses>
				<total>2433608</total>
				<timestamp>271.817319</timestamp>
			</report>
			<report>
				<misses>2719001</misses>
				<total>2434607</total>
				<timestamp>271.917390</timestamp>
			</report>
			<report>
				<misses>2720001</misses>
				<total>2435606</total>
				<timestamp>272.017471</timestamp>
			</report>
			<report>
				<misses>2721001</misses>
				<total>2436605</total>
				<timestamp>272.117377</timestamp>
			</report>
			<report>
				<misses>2722001</misses>
				<total>2437604</total>
				<timestamp>272.217331</timestamp>
			</report>
			<report>
				<misses>2723001</misses>
				<total>2438603</total>
				<timestamp>272.317329</timestamp>
			</report>
			<report>
				<misses>2724001</misses>
				<total>2439602</total>
				<timestamp>272.417385</timestamp>
			</report>
			<report>
				<misses>2725001</misses>
				<total>2440601</total>
				<timestamp>272.517422</timestamp>
			</report>
			<report>
				<misses>2726001</misses>
				<total>2441600</total>
				<timestamp>272.617447</timestamp>
			</report>
			<report>
				<misses>2727001</misses>
				<total>2442599</total>
				<timestamp>272.717380</timestamp>
			</report>
			<report>
				<misses>2728001</misses>
				<total>2443598</total>
				<timestamp>272.817370</timestamp>
			</report>
			<report>
				<misses>2729001</misses>
				<total>2444597</total>
				<timestamp>272.917364</timestamp>
			</report>
			<report>
				<misses>2730001</misses>
				<total>2445596</total>
				<timestamp>273.017447</timestamp>
			</report>
			<report>
				<misses>2731001</misses>
				<total>2446595</total>
				<timestamp>273.117498</timestamp>
			</report>
			<report>
				<misses>2732001</misses>
				<total>2447594</total>
				<timestamp>273.217510</timestamp>
			</report>
			<report>
				<misses>2733001</misses>
				<total>2448593</total>
				<timestamp>273.317583</timestamp>
			</report>
			<report>
				<misses>2734001</misses>
				<total>2449592</total>
				<timestamp>273.417518</timestamp>
			</report>
			<report>
				<misses>2735001</misses>
				<total>2450591</total>
				<timestamp>273.517546</timestamp>
			</report>
			<report>
				<misses>2736001</misses>
				<total>2451590</total>
				<timestamp>273.617590</timestamp>
			</report>
			<report>
				<misses>2737001</misses>
				<total>2452589</total>
				<timestamp>273.717635</timestamp>
			</report>
			<report>
				<misses>2738001</misses>
				<total>2453588</total>
				<timestamp>273.817691</timestamp>
			</report>
			<report>
				<misses>2739001</misses>
				<total>2454587</total>
				<timestamp>273.917654</timestamp>
			</report>
			<report>
				<misses>2740001</misses>
				<total>2455586</total>
				<timestamp>274.017652</timestamp>
			</report>
			<report>
				<misses>2741001</misses>
				<total>2456585</total>
				<timestamp>274.117672</timestamp>
			</report>
			<report>
				<misses>2742001</misses>
				<total>2457584</total>
				<timestamp>274.217664</timestamp>
			</report>
			<report>
				<misses>2743001</misses>
				<total>2458583</total>
				<timestamp>274.317630</timestamp>
			</report>
			<report>
				<misses>2744001</misses>
				<total>2459582</total>
				<timestamp>274.417673</timestamp>
			</report>
			<report>
				<misses>2745001</misses>
				<total>2460581</total>
				<timestamp>274.517602</timestamp>
			</report>
			<report>
				<misses>2746001</misses>
				<total>2461580</total>
				<timestamp>274.617686</timestamp>
			</report>
			<report>
				<misses>2747001</misses>
				<total>2462579</total>
				<timestamp>274.717705</timestamp>
			</report>
			<report>
				<misses>2748001</misses>
				<total>2463578</total>
				<timestamp>274.817755</timestamp>
			</report>
			<report>
				<misses>2749001</misses>
				<total>2464577</total>
				<timestamp>274.917783</timestamp>
			</report>
			<report>
				<misses>2750001</misses>
				<total>2465576</total>
				<timestamp>275.017791</timestamp>
			</report>
			<report>
				<misses>2751001</misses>
				<total>2466575</total>
				<timestamp>275.117712</timestamp>
			</report>
			<report>
				<misses>2752001</misses>
				<total>2467574</total>
				<timestamp>275.217701</timestamp>
			</report>
			<report>
				<misses>2753001</misses>
				<total>2468573</total>
				<timestamp>275.317704</timestamp>
			</report>
			<report>
				<misses>2754001</misses>
				<total>2469572</total>
				<timestamp>275.417699</timestamp>
			</report>
			<report>
				<misses>2755001</misses>
				<total>2470571</total>
				<timestamp>275.517672</timestamp>
			</report>
			<report>
				<misses>2756001</misses>
				<total>2471570</total>
				<timestamp>275.617583</timestamp>
			</report>
			<report>
				<misses>2757001</misses>
				<total>2472569</total>
				<timestamp>275.717521</timestamp>
			</report>
			<report>
				<misses>2758001</misses>
				<total>2473568</total>
				<timestamp>275.817592</timestamp>
			</report>
			<report>
				<misses>2759001</misses>
				<total>2474567</total>
				<timestamp>275.917483</timestamp>
			</report>
			<report>
				<misses>2760001</misses>
				<total>2475566</total>
				<timestamp>276.017465</timestamp>
			</report>
			<report>
				<misses>2761001</misses>
				<total>2476565</total>
				<timestamp>276.117529</timestamp>
			</report>
			<report>
				<misses>2762001</misses>
				<total>2477564</total>
				<timestamp>276.217597</timestamp>
			</report>
			<report>
				<misses>2763001</misses>
				<total>2478563</total>
				<timestamp>276.317589</timestamp>
			</report>
			<report>
				<misses>2764001</misses>
				<total>2479562</total>
				<timestamp>276.417520</timestamp>
			</report>
			<report>
				<misses>2765001</misses>
				<total>2480561</total>
				<timestamp>276.517578</timestamp>
			</report>
			<report>
				<misses>2766001</misses>
				<total>2481560</total>
				<timestamp>276.617647</timestamp>
			</report>
			<report>
				<misses>2767001</misses>
				<total>2482559</total>
				<timestamp>276.717627</timestamp>
			</report>
			<report>
				<misses>2768001</misses>
				<total>2483558</total>
				<timestamp>276.817688</timestamp>
			</report>
			<report>
				<misses>2769001</misses>
				<total>2484557</total>
				<timestamp>276.917577</timestamp>
			</report>
			<report>
				<misses>2770001</misses>
				<total>2485556</total>
				<timestamp>277.017589</timestamp>
			</report>
			<report>
				<misses>2771001</misses>
				<total>2486555</total>
				<timestamp>277.117583</timestamp>
			</report>
			<report>
				<misses>2772001</misses>
				<total>2487554</total>
				<timestamp>277.217462</timestamp>
			</report>
			<report>
				<misses>2773001</misses>
				<total>2488553</total>
				<timestamp>277.317479</timestamp>
			</report>
			<report>
				<misses>2774001</misses>
				<total>2489552</total>
				<timestamp>277.417470</timestamp>
			</report>
			<report>
				<misses>2775001</misses>
				<total>2490551</total>
				<timestamp>277.517544</timestamp>
			</report>
			<report>
				<misses>2776001</misses>
				<total>2491550</total>
				<timestamp>277.617584</timestamp>
			</report>
			<report>
				<misses>2777001</misses>
				<total>2492549</total>
				<timestamp>277.717475</timestamp>
			</report>
			<report>
				<misses>2778001</misses>
				<total>2493548</total>
				<timestamp>277.817405</timestamp>
			</report>
			<report>
				<misses>2779001</misses>
				<total>2494130</total>
				<timestamp>277.917579</timestamp>
			</report>
			<report>
				<misses>2780001</misses>
				<total>2494132</total>
				<timestamp>278.017556</timestamp>
			</report>
			<report>
				<misses>2781001</misses>
				<total>2494132</total>
				<timestamp>278.117503</timestamp>
			</report>
			<report>
				<misses>2782001</misses>
				<total>2494132</total>
				<timestamp>278.217532</timestamp>
			</report>
			<report>
				<misses>2783001</misses>
				<total>2494132</total>
				<timestamp>278.317577</timestamp>
			</report>
			<report>
				<misses>2784001</misses>
				<total>2494131</total>
				<timestamp>278.417571</timestamp>
			</report>
			<report>
				<misses>2785001</misses>
				<total>2494132</total>
				<timestamp>278.517462</timestamp>
			</report>
			<report>
				<misses>2786001</misses>
				<total>2494132</total>
				<timestamp>278.617420</timestamp>
			</report>
			<report>
				<misses>2787001</misses>
				<total>2494132</total>
				<timestamp>278.717466</timestamp>
			</report>
			<report>
				<misses>2788001</misses>
				<total>2494132</total>
				<timestamp>278.817491</timestamp>
			</report>
			<report>
				<misses>2789001</misses>
				<total>2494224</total>
				<timestamp>278.917424</timestamp>
			</report>
			<report>
				<misses>2790001</misses>
				<total>2494223</total>
				<timestamp>279.017368</timestamp>
			</report>
			<report>
				<misses>2791001</misses>
				<total>2494223</total>
				<timestamp>279.117313</timestamp>
			</report>
			<report>
				<misses>2792001</misses>
				<total>2494223</total>
				<timestamp>279.217359</timestamp>
			</report>
			<report>
				<misses>2793001</misses>
				<total>2494223</total>
				<timestamp>279.317372</timestamp>
			</report>
			<report>
				<misses>2794001</misses>
				<total>2494224</total>
				<timestamp>279.417321</timestamp>
			</report>
			<report>
				<misses>2795001</misses>
				<total>2494223</total>
				<timestamp>279.517275</timestamp>
			</report>
			<report>
				<misses>2796001</misses>
				<total>2494227</total>
				<timestamp>279.617166</timestamp>
			</report>
			<report>
				<misses>2797001</misses>
				<total>2494227</total>
				<timestamp>279.717071</timestamp>
			</report>
			<report>
				<misses>2798001</misses>
				<total>2494230</total>
				<timestamp>279.816965</timestamp>
			</report>
			<report>
				<misses>2799001</misses>
				<total>2494231</total>
				<timestamp>279.916846</timestamp>
			</report>
			<report>
				<misses>2800001</misses>
				<total>2494230</total>
				<timestamp>280.016799</timestamp>
			</report>
			<report>
				<misses>2801001</misses>
				<total>2494434</total>
				<timestamp>280.116771</timestamp>
			</report>
			<report>
				<misses>2802001</misses>
				<total>2495433</total>
				<timestamp>280.216679</timestamp>
			</report>
			<report>
				<misses>2803001</misses>
				<total>2496432</total>
				<timestamp>280.316567</timestamp>
			</report>
			<report>
				<misses>2804001</misses>
				<total>2497431</total>
				<timestamp>280.416558</timestamp>
			</report>
			<report>
				<misses>2805001</misses>
				<total>2497622</total>
				<timestamp>280.516526</timestamp>
			</report>
			<report>
				<misses>2806001</misses>
				<total>2497622</total>
				<timestamp>280.616495</timestamp>
			</report>
			<report>
				<misses>2807001</misses>
				<total>2497623</total>
				<timestamp>280.716485</timestamp>
			</report>
			<report>
				<misses>2808001</misses>
				<total>2497625</total>
				<timestamp>280.816411</timestamp>
			</report>
			<report>
				<misses>2809001</misses>
				<total>2497626</total>
				<timestamp>280.916400</timestamp>
			</report>
			<report>
				<misses>2810001</misses>
				<total>2497624</total>
				<timestamp>281.016531</timestamp>
			</report>
			<report>
				<misses>2811001</misses>
				<total>2497624</total>
				<timestamp>281.116646</timestamp>
			</report>
			<report>
				<misses>2812001</misses>
				<total>2497624</total>
				<timestamp>281.216663</timestamp>
			</report>
			<report>
				<misses>2813001</misses>
				<total>2497643</total>
				<timestamp>281.316603</timestamp>
			</report>
			<report>
				<misses>2814001</misses>
				<total>2497643</total>
				<timestamp>281.416626</timestamp>
			</report>
			<report>
				<misses>2815001</misses>
				<total>2497643</total>
				<timestamp>281.516584</timestamp>
			</report>
			<report>
				<misses>2816001</misses>
				<total>2497642</total>
				<timestamp>281.616531</timestamp>
			</report>
			<report>
				<misses>2817001</misses>
				<total>2497643</total>
				<timestamp>281.716531</timestamp>
			</report>
			<report>
				<misses>2818001</misses>
				<total>2497643</total>
				<timestamp>281.816489</timestamp>
			</report>
			<report>
				<misses>2819001</misses>
				<total>2497644</total>
				<timestamp>281.916460</timestamp>
			</report>
			<report>
				<misses>2820001</misses>
				<total>2497645</total>
				<timestamp>282.016534</timestamp>
			</report>
			<report>
				<misses>2821001</misses>
				<total>2497645</total>
				<timestamp>282.116475</timestamp>
			</report>
			<report>
				<misses>2822001</misses>
				<total>2497645</total>
				<timestamp>282.216454</timestamp>
			</report>
			<report>
				<misses>2823001</misses>
				<total>2497645</total>
				<timestamp>282.316362</timestamp>
			</report>
			<report>
				<misses>2824001</misses>
				<total>2497644</total>
				<timestamp>282.416438</timestamp>
			</report>
			<report>
				<misses>2825001</misses>
				<total>2497645</total>
				<timestamp>282.516423</timestamp>
			</report>
			<report>
				<misses>2826001</misses>
				<total>2497645</total>
				<timestamp>282.616485</timestamp>
			</report>
			<report>
				<misses>2827001</misses>
				<total>2497644</total>
				<timestamp>282.716456</timestamp>
			</report>
			<report>
				<misses>2828001</misses>
				<total>2498219</total>
				<timestamp>282.816477</timestamp>
			</report>
			<report>
				<misses>2829001</misses>
				<total>2499218</total>
				<timestamp>282.916418</timestamp>
			</report>
			<report>
				<misses>2830001</misses>
				<total>2500217</total>
				<timestamp>283.016536</timestamp>
			</report>
			<report>
				<misses>2831001</misses>
				<total>2501216</total>
				<timestamp>283.116514</timestamp>
			</report>
			<report>
				<misses>2832001</misses>
				<total>2502215</total>
				<timestamp>283.216541</timestamp>
			</report>
			<report>
				<misses>2833001</misses>
				<total>2503214</total>
				<timestamp>283.316510</timestamp>
			</report>
			<report>
				<misses>2834001</misses>
				<total>2504213</total>
				<timestamp>283.416515</timestamp>
			</report>
			<report>
				<misses>2835001</misses>
				<total>2505212</total>
				<timestamp>283.516536</timestamp>
			</report>
			<report>
				<misses>2836001</misses>
				<total>2506211</total>
				<timestamp>283.616519</timestamp>
			</report>
			<report>
				<misses>2837001</misses>
				<total>2507210</total>
				<timestamp>283.716526</timestamp>
			</report>
			<report>
				<misses>2838001</misses>
				<total>2508209</total>
				<timestamp>283.816506</timestamp>
			</report>
			<report>
				<misses>2839001</misses>
				<total>2509208</total>
				<timestamp>283.916514</timestamp>
			</report>
			<report>
				<misses>2840001</misses>
				<total>2510207</total>
				<timestamp>284.016481</timestamp>
			</report>
			<report>
				<misses>2841001</misses>
				<total>2511206</total>
				<timestamp>284.116408</timestamp>
			</report>
			<report>
				<misses>2842001</misses>
				<total>2512205</total>
				<timestamp>284.216482</timestamp>
			</report>
			<report>
				<misses>2843001</misses>
				<total>2513204</total>
				<timestamp>284.316435</timestamp>
			</report>
			<report>
				<misses>2844001</misses>
				<total>2514203</total>
				<timestamp>284.416431</timestamp>
			</report>
			<report>
				<misses>2845001</misses>
				<total>2515202</total>
				<timestamp>284.516390</timestamp>
			</report>
			<report>
				<misses>2846001</misses>
				<total>2516201</total>
				<timestamp>284.616305</timestamp>
			</report>
			<report>
				<misses>2847001</misses>
				<total>2517200</total>
				<timestamp>284.716427</timestamp>
			</report>
			<report>
				<misses>2848001</misses>
				<total>2518199</total>
				<timestamp>284.816440</timestamp>
			</report>
			<report>
				<misses>2849001</misses>
				<total>2519198</total>
				<timestamp>284.916384</timestamp>
			</report>
			<report>
				<misses>2850001</misses>
				<total>2520197</total>
				<timestamp>285.016300</timestamp>
			</report>
			<report>
				<misses>2851001</misses>
				<total>2521196</total>
				<timestamp>285.116308</timestamp>
			</report>
			<report>
				<misses>2852001</misses>
				<total>2522195</total>
				<timestamp>285.216357</timestamp>
			</report>
			<report>
				<misses>2853001</misses>
				<total>2523194</total>
				<timestamp>285.316338</timestamp>
			</report>
			<report>
				<misses>2854001</misses>
				<total>2524193</total>
				<timestamp>285.416310</timestamp>
			</report>
			<report>
				<misses>2855001</misses>
				<total>2525192</total>
				<timestamp>285.516347</timestamp>
			</report>
			<report>
				<misses>2856001</misses>
				<total>2526191</total>
				<timestamp>285.616399</timestamp>
			</report>
			<report>
				<misses>2857001</misses>
				<total>2527190</total>
				<timestamp>285.716439</timestamp>
			</report>
			<report>
				<misses>2858001</misses>
				<total>2528189</total>
				<timestamp>285.816456</timestamp>
			</report>
			<report>
				<misses>2859001</misses>
				<total>2529188</total>
				<timestamp>285.916465</timestamp>
			</report>
			<report>
				<misses>2860001</misses>
				<total>2530187</total>
				<timestamp>286.016400</timestamp>
			</report>
			<report>
				<misses>2861001</misses>
				<total>2531186</total>
				<timestamp>286.116415</timestamp>
			</report>
			<report>
				<misses>2862001</misses>
				<total>2532185</total>
				<timestamp>286.216420</timestamp>
			</report>
			<report>
				<misses>2863001</misses>
				<total>2533184</total>
				<timestamp>286.316414</timestamp>
			</report>
			<report>
				<misses>2864001</misses>
				<total>2534183</total>
				<timestamp>286.416419</timestamp>
			</report>
			<report>
				<misses>2865001</misses>
				<total>2535182</total>
				<timestamp>286.516423</timestamp>
			</report>
			<report>
				<misses>2866001</misses>
				<total>2536181</total>
				<timestamp>286.616440</timestamp>
			</report>
			<report>
				<misses>2867001</misses>
				<total>2537180</total>
				<timestamp>286.716428</timestamp>
			</report>
			<report>
				<misses>2868001</misses>
				<total>2538179</total>
				<timestamp>286.816405</timestamp>
			</report>
			<report>
				<misses>2869001</misses>
				<total>2539178</total>
				<timestamp>286.916477</timestamp>
			</report>
			<report>
				<misses>2870001</misses>
				<total>2540177</total>
				<timestamp>287.016423</timestamp>
			</report>
			<report>
				<misses>2871001</misses>
				<total>2541176</total>
				<timestamp>287.116527</timestamp>
			</report>
			<report>
				<misses>2872001</misses>
				<total>2542175</total>
				<timestamp>287.216463</timestamp>
			</report>
			<report>
				<misses>2873001</misses>
				<total>2543174</total>
				<timestamp>287.316506</timestamp>
			</report>
			<report>
				<misses>2874001</misses>
				<total>2544173</total>
				<timestamp>287.416539</timestamp>
			</report>
			<report>
				<misses>2875001</misses>
				<total>2545172</total>
				<timestamp>287.516539</timestamp>
			</report>
			<report>
				<misses>2876001</misses>
				<total>2546171</total>
				<timestamp>287.616681</timestamp>
			</report>
			<report>
				<misses>2877001</misses>
				<total>2547170</total>
				<timestamp>287.716672</timestamp>
			</report>
			<report>
				<misses>2878001</misses>
				<total>2548169</total>
				<timestamp>287.816602</timestamp>
			</report>
			<report>
				<misses>2879001</misses>
				<total>2549168</total>
				<timestamp>287.916578</timestamp>
			</report>
			<report>
				<misses>2880001</misses>
				<total>2550167</total>
				<timestamp>288.016534</timestamp>
			</report>
			<report>
				<misses>2881001</misses>
				<total>2551166</total>
				<timestamp>288.116565</timestamp>
			</report>
			<report>
				<misses>2882001</misses>
				<total>2552165</total>
				<timestamp>288.216571</timestamp>
			</report>
			<report>
				<misses>2883001</misses>
				<total>2553164</total>
				<timestamp>288.316594</timestamp>
			</report>
			<report>
				<misses>2884001</misses>
				<total>2554163</total>
				<timestamp>288.416635</timestamp>
			</report>
			<report>
				<misses>2885001</misses>
				<total>2555162</total>
				<timestamp>288.516658</timestamp>
			</report>
			<report>
				<misses>2886001</misses>
				<total>2556161</total>
				<timestamp>288.616631</timestamp>
			</report>
			<report>
				<misses>2887001</misses>
				<total>2557160</total>
				<timestamp>288.716646</timestamp>
			</report>
			<report>
				<misses>2888001</misses>
				<total>2558159</total>
				<timestamp>288.816657</timestamp>
			</report>
			<report>
				<misses>2889001</misses>
				<total>2559158</total>
				<timestamp>288.916660</timestamp>
			</report>
			<report>
				<misses>2890001</misses>
				<total>2560157</total>
				<timestamp>289.016598</timestamp>
			</report>
			<report>
				<misses>2891001</misses>
				<total>2561156</total>
				<timestamp>289.116563</timestamp>
			</report>
			<report>
				<misses>2892001</misses>
				<total>2562155</total>
				<timestamp>289.216528</timestamp>
			</report>
			<report>
				<misses>2893001</misses>
				<total>2563154</total>
				<timestamp>289.316538</timestamp>
			</report>
			<report>
				<misses>2894001</misses>
				<total>2564153</total>
				<timestamp>289.416495</timestamp>
			</report>
			<report>
				<misses>2895001</misses>
				<total>2565152</total>
				<timestamp>289.516517</timestamp>
			</report>
			<report>
				<misses>2896001</misses>
				<total>2566151</total>
				<timestamp>289.616537</timestamp>
			</report>
			<report>
				<misses>2897001</misses>
				<total>2567150</total>
				<timestamp>289.716452</timestamp>
			</report>
			<report>
				<misses>2898001</misses>
				<total>2568149</total>
				<timestamp>289.816477</timestamp>
			</report>
			<report>
				<misses>2899001</misses>
				<total>2569148</total>
				<timestamp>289.916378</timestamp>
			</report>
			<report>
				<misses>2900001</misses>
				<total>2570147</total>
				<timestamp>290.016282</timestamp>
			</report>
			<report>
				<misses>2901001</misses>
				<total>2571146</total>
				<timestamp>290.116268</timestamp>
			</report>
			<report>
				<misses>2902001</misses>
				<total>2572145</total>
				<timestamp>290.216378</timestamp>
			</report>
			<report>
				<misses>2903001</misses>
				<total>2573144</total>
				<timestamp>290.316407</timestamp>
			</report>
			<report>
				<misses>2904001</misses>
				<total>2574143</total>
				<timestamp>290.416487</timestamp>
			</report>
			<report>
				<misses>2905001</misses>
				<total>2575142</total>
				<timestamp>290.516407</timestamp>
			</report>
			<report>
				<misses>2906001</misses>
				<total>2576141</total>
				<timestamp>290.616395</timestamp>
			</report>
			<report>
				<misses>2907001</misses>
				<total>2577140</total>
				<timestamp>290.716413</timestamp>
			</report>
			<report>
				<misses>2908001</misses>
				<total>2578139</total>
				<timestamp>290.816471</timestamp>
			</report>
			<report>
				<misses>2909001</misses>
				<total>2579138</total>
				<timestamp>290.916472</timestamp>
			</report>
			<report>
				<misses>2910001</misses>
				<total>2580137</total>
				<timestamp>291.016410</timestamp>
			</report>
			<report>
				<misses>2911001</misses>
				<total>2581136</total>
				<timestamp>291.116411</timestamp>
			</report>
			<report>
				<misses>2912001</misses>
				<total>2582135</total>
				<timestamp>291.216379</timestamp>
			</report>
			<report>
				<misses>2913001</misses>
				<total>2583134</total>
				<timestamp>291.316408</timestamp>
			</report>
			<report>
				<misses>2914001</misses>
				<total>2584133</total>
				<timestamp>291.416428</timestamp>
			</report>
			<report>
				<misses>2915001</misses>
				<total>2585132</total>
				<timestamp>291.516517</timestamp>
			</report>
			<report>
				<misses>2916001</misses>
				<total>2586131</total>
				<timestamp>291.616504</timestamp>
			</report>
			<report>
				<misses>2917001</misses>
				<total>2587130</total>
				<timestamp>291.716554</timestamp>
			</report>
			<report>
				<misses>2918001</misses>
				<total>2588129</total>
				<timestamp>291.816577</timestamp>
			</report>
			<report>
				<misses>2919001</misses>
				<total>2589128</total>
				<timestamp>291.916536</timestamp>
			</report>
			<report>
				<misses>2920001</misses>
				<total>2590127</total>
				<timestamp>292.016456</timestamp>
			</report>
			<report>
				<misses>2921001</misses>
				<total>2591126</total>
				<timestamp>292.117671</timestamp>
			</report>
			<report>
				<misses>2922001</misses>
				<total>2592125</total>
				<timestamp>292.220323</timestamp>
			</report>
			<report>
				<misses>2923001</misses>
				<total>2593124</total>
				<timestamp>292.320380</timestamp>
			</report>
			<report>
				<misses>2924001</misses>
				<total>2594123</total>
				<timestamp>292.420375</timestamp>
			</report>
			<report>
				<misses>2925001</misses>
				<total>2595122</total>
				<timestamp>292.520337</timestamp>
			</report>
			<report>
				<misses>2926001</misses>
				<total>2596121</total>
				<timestamp>292.620320</timestamp>
			</report>
			<report>
				<misses>2927001</misses>
				<total>2597120</total>
				<timestamp>292.720342</timestamp>
			</report>
			<report>
				<misses>2928001</misses>
				<total>2598119</total>
				<timestamp>292.820371</timestamp>
			</report>
			<report>
				<misses>2929001</misses>
				<total>2599118</total>
				<timestamp>292.920382</timestamp>
			</report>
			<report>
				<misses>2930001</misses>
				<total>2600117</total>
				<timestamp>293.020404</timestamp>
			</report>
			<report>
				<misses>2931001</misses>
				<total>2601116</total>
				<timestamp>293.120420</timestamp>
			</report>
			<report>
				<misses>2932001</misses>
				<total>2602115</total>
				<timestamp>293.220466</timestamp>
			</report>
			<report>
				<misses>2933001</misses>
				<total>2603114</total>
				<timestamp>293.320458</timestamp>
			</report>
			<report>
				<misses>2934001</misses>
				<total>2604113</total>
				<timestamp>293.420401</timestamp>
			</report>
			<report>
				<misses>2935001</misses>
				<total>2605112</total>
				<timestamp>293.520489</timestamp>
			</report>
			<report>
				<misses>2936001</misses>
				<total>2606111</total>
				<timestamp>293.620468</timestamp>
			</report>
			<report>
				<misses>2937001</misses>
				<total>2607110</total>
				<timestamp>293.720447</timestamp>
			</report>
			<report>
				<misses>2938001</misses>
				<total>2608109</total>
				<timestamp>293.820469</timestamp>
			</report>
			<report>
				<misses>2939001</misses>
				<total>2609108</total>
				<timestamp>293.920446</timestamp>
			</report>
			<report>
				<misses>2940001</misses>
				<total>2610107</total>
				<timestamp>294.020445</timestamp>
			</report>
			<report>
				<misses>2941001</misses>
				<total>2611106</total>
				<timestamp>294.120411</timestamp>
			</report>
			<report>
				<misses>2942001</misses>
				<total>2612105</total>
				<timestamp>294.220489</timestamp>
			</report>
			<report>
				<misses>2943001</misses>
				<total>2613104</total>
				<timestamp>294.320411</timestamp>
			</report>
			<report>
				<misses>2944001</misses>
				<total>2614103</total>
				<timestamp>294.420443</timestamp>
			</report>
			<report>
				<misses>2945001</misses>
				<total>2615102</total>
				<timestamp>294.520455</timestamp>
			</report>
			<report>
				<misses>2946001</misses>
				<total>2616101</total>
				<timestamp>294.620438</timestamp>
			</report>
			<report>
				<misses>2947001</misses>
				<total>2617100</total>
				<timestamp>294.720467</timestamp>
			</report>
			<report>
				<misses>2948001</misses>
				<total>2618099</total>
				<timestamp>294.820385</timestamp>
			</report>
			<report>
				<misses>2949001</misses>
				<total>2619098</total>
				<timestamp>294.920356</timestamp>
			</report>
			<report>
				<misses>2950001</misses>
				<total>2620097</total>
				<timestamp>295.020408</timestamp>
			</report>
			<report>
				<misses>2951001</misses>
				<total>2621096</total>
				<timestamp>295.120368</timestamp>
			</report>
			<report>
				<misses>2952001</misses>
				<total>2622095</total>
				<timestamp>295.220356</timestamp>
			</report>
			<report>
				<misses>2953001</misses>
				<total>2623094</total>
				<timestamp>295.320392</timestamp>
			</report>
			<report>
				<misses>2954001</misses>
				<total>2624093</total>
				<timestamp>295.420428</timestamp>
			</report>
			<report>
				<misses>2955001</misses>
				<total>2625092</total>
				<timestamp>295.520479</timestamp>
			</report>
			<report>
				<misses>2956001</misses>
				<total>2626091</total>
				<timestamp>295.620355</timestamp>
			</report>
			<report>
				<misses>2957001</misses>
				<total>2627090</total>
				<timestamp>295.720292</timestamp>
			</report>
			<report>
				<misses>2958001</misses>
				<total>2628089</total>
				<timestamp>295.820235</timestamp>
			</report>
			<report>
				<misses>2959001</misses>
				<total>2629088</total>
				<timestamp>295.920351</timestamp>
			</report>
			<report>
				<misses>2960001</misses>
				<total>2630087</total>
				<timestamp>296.020321</timestamp>
			</report>
			<report>
				<misses>2961001</misses>
				<total>2631086</total>
				<timestamp>296.120379</timestamp>
			</report>
			<report>
				<misses>2962001</misses>
				<total>2632085</total>
				<timestamp>296.220321</timestamp>
			</report>
			<report>
				<misses>2963001</misses>
				<total>2633084</total>
				<timestamp>296.320387</timestamp>
			</report>
			<report>
				<misses>2964001</misses>
				<total>2634083</total>
				<timestamp>296.420328</timestamp>
			</report>
			<report>
				<misses>2965001</misses>
				<total>2635082</total>
				<timestamp>296.520427</timestamp>
			</report>
			<report>
				<misses>2966001</misses>
				<total>2636081</total>
				<timestamp>296.620367</timestamp>
			</report>
			<report>
				<misses>2967001</misses>
				<total>2637080</total>
				<timestamp>296.720296</timestamp>
			</report>
			<report>
				<misses>2968001</misses>
				<total>2638079</total>
				<timestamp>296.820410</timestamp>
			</report>
			<report>
				<misses>2969001</misses>
				<total>2639078</total>
				<timestamp>296.920480</timestamp>
			</report>
			<report>
				<misses>2970001</misses>
				<total>2640077</total>
				<timestamp>297.020435</timestamp>
			</report>
			<report>
				<misses>2971001</misses>
				<total>2641076</total>
				<timestamp>297.120425</timestamp>
			</report>
			<report>
				<misses>2972001</misses>
				<total>2642075</total>
				<timestamp>297.220425</timestamp>
			</report>
			<report>
				<misses>2973001</misses>
				<total>2643074</total>
				<timestamp>297.320423</timestamp>
			</report>
			<report>
				<misses>2974001</misses>
				<total>2644073</total>
				<timestamp>297.420410</timestamp>
			</report>
			<report>
				<misses>2975001</misses>
				<total>2645072</total>
				<timestamp>297.520371</timestamp>
			</report>
			<report>
				<misses>2976001</misses>
				<total>2646071</total>
				<timestamp>297.620351</timestamp>
			</report>
			<report>
				<misses>2977001</misses>
				<total>2647070</total>
				<timestamp>297.720341</timestamp>
			</report>
			<report>
				<misses>2978001</misses>
				<total>2648069</total>
				<timestamp>297.820373</timestamp>
			</report>
			<report>
				<misses>2979001</misses>
				<total>2649068</total>
				<timestamp>297.920337</timestamp>
			</report>
			<report>
				<misses>2980001</misses>
				<total>2650067</total>
				<timestamp>298.020312</timestamp>
			</report>
			<report>
				<misses>2981001</misses>
				<total>2651066</total>
				<timestamp>298.120414</timestamp>
			</report>
			<report>
				<misses>2982001</misses>
				<total>2652065</total>
				<timestamp>298.220430</timestamp>
			</report>
			<report>
				<misses>2983001</misses>
				<total>2653064</total>
				<timestamp>298.320519</timestamp>
			</report>
			<report>
				<misses>2984001</misses>
				<total>2654063</total>
				<timestamp>298.420537</timestamp>
			</report>
			<report>
				<misses>2985001</misses>
				<total>2655062</total>
				<timestamp>298.520479</timestamp>
			</report>
			<report>
				<misses>2986001</misses>
				<total>2656061</total>
				<timestamp>298.620423</timestamp>
			</report>
			<report>
				<misses>2987001</misses>
				<total>2657060</total>
				<timestamp>298.720448</timestamp>
			</report>
			<report>
				<misses>2988001</misses>
				<total>2658059</total>
				<timestamp>298.820389</timestamp>
			</report>
			<report>
				<misses>2989001</misses>
				<total>2659058</total>
				<timestamp>298.920357</timestamp>
			</report>
			<report>
				<misses>2990001</misses>
				<total>2660057</total>
				<timestamp>299.020299</timestamp>
			</report>
			<report>
				<misses>2991001</misses>
				<total>2661056</total>
				<timestamp>299.120410</timestamp>
			</report>
			<report>
				<misses>2992001</misses>
				<total>2662055</total>
				<timestamp>299.220417</timestamp>
			</report>
			<report>
				<misses>2993001</misses>
				<total>2663054</total>
				<timestamp>299.320364</timestamp>
			</report>
			<report>
				<misses>2994001</misses>
				<total>2664053</total>
				<timestamp>299.420307</timestamp>
			</report>
			<report>
				<misses>2995001</misses>
				<total>2665052</total>
				<timestamp>299.520336</timestamp>
			</report>
			<report>
				<misses>2996001</misses>
				<total>2666051</total>
				<timestamp>299.620297</timestamp>
			</report>
			<report>
				<misses>2997001</misses>
				<total>2667050</total>
				<timestamp>299.720314</timestamp>
			</report>
			<report>
				<misses>2998001</misses>
				<total>2668049</total>
				<timestamp>299.820290</timestamp>
			</report>
			<report>
				<misses>2999001</misses>
				<total>2669048</total>
				<timestamp>299.920204</timestamp>
			</report>
			<report>
				<misses>3000001</misses>
				<total>2670047</total>
				<timestamp>300.020267</timestamp>
			</report>
			<report>
				<misses>3001001</misses>
				<total>2671046</total>
				<timestamp>300.120217</timestamp>
			</report>
			<report>
				<misses>3002001</misses>
				<total>2672045</total>
				<timestamp>300.220236</timestamp>
			</report>
			<report>
				<misses>3003001</misses>
				<total>2673044</total>
				<timestamp>300.320264</timestamp>
			</report>
			<report>
				<misses>3004001</misses>
				<total>2674043</total>
				<timestamp>300.420273</timestamp>
			</report>
			<report>
				<misses>3005001</misses>
				<total>2675042</total>
				<timestamp>300.520200</timestamp>
			</report>
			<report>
				<misses>3006001</misses>
				<total>2676041</total>
				<timestamp>300.620291</timestamp>
			</report>
			<report>
				<misses>3007001</misses>
				<total>2677040</total>
				<timestamp>300.720286</timestamp>
			</report>
			<report>
				<misses>3008001</misses>
				<total>2678039</total>
				<timestamp>300.820209</timestamp>
			</report>
			<report>
				<misses>3009001</misses>
				<total>2679038</total>
				<timestamp>300.920267</timestamp>
			</report>
			<report>
				<misses>3010001</misses>
				<total>2680037</total>
				<timestamp>301.020184</timestamp>
			</report>
			<report>
				<misses>3011001</misses>
				<total>2681036</total>
				<timestamp>301.120154</timestamp>
			</report>
			<report>
				<misses>3012001</misses>
				<total>2682035</total>
				<timestamp>301.220178</timestamp>
			</report>
			<report>
				<misses>3013001</misses>
				<total>2683034</total>
				<timestamp>301.320254</timestamp>
			</report>
			<report>
				<misses>3014001</misses>
				<total>2684033</total>
				<timestamp>301.420405</timestamp>
			</report>
			<report>
				<misses>3015001</misses>
				<total>2685032</total>
				<timestamp>301.520359</timestamp>
			</report>
			<report>
				<misses>3016001</misses>
				<total>2686031</total>
				<timestamp>301.620335</timestamp>
			</report>
			<report>
				<misses>3017001</misses>
				<total>2687030</total>
				<timestamp>301.720300</timestamp>
			</report>
			<report>
				<misses>3018001</misses>
				<total>2688029</total>
				<timestamp>301.820296</timestamp>
			</report>
			<report>
				<misses>3019001</misses>
				<total>2689028</total>
				<timestamp>301.920339</timestamp>
			</report>
			<report>
				<misses>3020001</misses>
				<total>2690027</total>
				<timestamp>302.020321</timestamp>
			</report>
			<report>
				<misses>3021001</misses>
				<total>2691026</total>
				<timestamp>302.120353</timestamp>
			</report>
			<report>
				<misses>3022001</misses>
				<total>2692025</total>
				<timestamp>302.220395</timestamp>
			</report>
			<report>
				<misses>3023001</misses>
				<total>2693024</total>
				<timestamp>302.320452</timestamp>
			</report>
			<report>
				<misses>3024001</misses>
				<total>2694023</total>
				<timestamp>302.420426</timestamp>
			</report>
			<report>
				<misses>3025001</misses>
				<total>2695022</total>
				<timestamp>302.520481</timestamp>
			</report>
			<report>
				<misses>3026001</misses>
				<total>2696021</total>
				<timestamp>302.620378</timestamp>
			</report>
			<report>
				<misses>3027001</misses>
				<total>2697020</total>
				<timestamp>302.720358</timestamp>
			</report>
			<report>
				<misses>3028001</misses>
				<total>2698019</total>
				<timestamp>302.820406</timestamp>
			</report>
			<report>
				<misses>3029001</misses>
				<total>2699018</total>
				<timestamp>302.920437</timestamp>
			</report>
			<report>
				<misses>3030001</misses>
				<total>2700017</total>
				<timestamp>303.020447</timestamp>
			</report>
			<report>
				<misses>3031001</misses>
				<total>2701016</total>
				<timestamp>303.120411</timestamp>
			</report>
			<report>
				<misses>3032001</misses>
				<total>2702015</total>
				<timestamp>303.220468</timestamp>
			</report>
			<report>
				<misses>3033001</misses>
				<total>2703014</total>
				<timestamp>303.320371</timestamp>
			</report>
			<report>
				<misses>3034001</misses>
				<total>2704013</total>
				<timestamp>303.420302</timestamp>
			</report>
			<report>
				<misses>3035001</misses>
				<total>2705012</total>
				<timestamp>303.520409</timestamp>
			</report>
			<report>
				<misses>3036001</misses>
				<total>2706011</total>
				<timestamp>303.620401</timestamp>
			</report>
			<report>
				<misses>3037001</misses>
				<total>2707010</total>
				<timestamp>303.720476</timestamp>
			</report>
			<report>
				<misses>3038001</misses>
				<total>2708009</total>
				<timestamp>303.820370</timestamp>
			</report>
			<report>
				<misses>3039001</misses>
				<total>2709008</total>
				<timestamp>303.920324</timestamp>
			</report>
			<report>
				<misses>3040001</misses>
				<total>2710007</total>
				<timestamp>304.020268</timestamp>
			</report>
			<report>
				<misses>3041001</misses>
				<total>2711006</total>
				<timestamp>304.120263</timestamp>
			</report>
			<report>
				<misses>3042001</misses>
				<total>2712005</total>
				<timestamp>304.220258</timestamp>
			</report>
			<report>
				<misses>3043001</misses>
				<total>2713004</total>
				<timestamp>304.320356</timestamp>
			</report>
			<report>
				<misses>3044001</misses>
				<total>2714003</total>
				<timestamp>304.420367</timestamp>
			</report>
			<report>
				<misses>3045001</misses>
				<total>2715002</total>
				<timestamp>304.520263</timestamp>
			</report>
			<report>
				<misses>3046001</misses>
				<total>2716001</total>
				<timestamp>304.620260</timestamp>
			</report>
			<report>
				<misses>3047001</misses>
				<total>2717000</total>
				<timestamp>304.720314</timestamp>
			</report>
			<report>
				<misses>3048001</misses>
				<total>2717999</total>
				<timestamp>304.820292</timestamp>
			</report>
			<report>
				<misses>3049001</misses>
				<total>2718998</total>
				<timestamp>304.920259</timestamp>
			</report>
			<report>
				<misses>3050001</misses>
				<total>2719997</total>
				<timestamp>305.020259</timestamp>
			</report>
			<report>
				<misses>3051001</misses>
				<total>2720996</total>
				<timestamp>305.120254</timestamp>
			</report>
			<report>
				<misses>3052001</misses>
				<total>2721995</total>
				<timestamp>305.220255</timestamp>
			</report>
			<report>
				<misses>3053001</misses>
				<total>2722994</total>
				<timestamp>305.320252</timestamp>
			</report>
			<report>
				<misses>3054001</misses>
				<total>2723993</total>
				<timestamp>305.420252</timestamp>
			</report>
			<report>
				<misses>3055001</misses>
				<total>2724992</total>
				<timestamp>305.520202</timestamp>
			</report>
			<report>
				<misses>3056001</misses>
				<total>2725991</total>
				<timestamp>305.620237</timestamp>
			</report>
			<report>
				<misses>3057001</misses>
				<total>2726990</total>
				<timestamp>305.720262</timestamp>
			</report>
			<report>
				<misses>3058001</misses>
				<total>2727989</total>
				<timestamp>305.820276</timestamp>
			</report>
			<report>
				<misses>3059001</misses>
				<total>2728988</total>
				<timestamp>305.920265</timestamp>
			</report>
			<report>
				<misses>3060001</misses>
				<total>2729987</total>
				<timestamp>306.020253</timestamp>
			</report>
			<report>
				<misses>3061001</misses>
				<total>2730986</total>
				<timestamp>306.120263</timestamp>
			</report>
			<report>
				<misses>3062001</misses>
				<total>2731985</total>
				<timestamp>306.220253</timestamp>
			</report>
			<report>
				<misses>3063001</misses>
				<total>2732984</total>
				<timestamp>306.320187</timestamp>
			</report>
			<report>
				<misses>3064001</misses>
				<total>2733983</total>
				<timestamp>306.420192</timestamp>
			</report>
			<report>
				<misses>3065001</misses>
				<total>2734982</total>
				<timestamp>306.520185</timestamp>
			</report>
			<report>
				<misses>3066001</misses>
				<total>2735981</total>
				<timestamp>306.620119</timestamp>
			</report>
			<report>
				<misses>3067001</misses>
				<total>2736980</total>
				<timestamp>306.720152</timestamp>
			</report>
			<report>
				<misses>3068001</misses>
				<total>2737979</total>
				<timestamp>306.820272</timestamp>
			</report>
			<report>
				<misses>3069001</misses>
				<total>2738978</total>
				<timestamp>306.920249</timestamp>
			</report>
			<report>
				<misses>3070001</misses>
				<total>2739977</total>
				<timestamp>307.020319</timestamp>
			</report>
			<report>
				<misses>3071001</misses>
				<total>2740976</total>
				<timestamp>307.120295</timestamp>
			</report>
			<report>
				<misses>3072001</misses>
				<total>2741975</total>
				<timestamp>307.220875</timestamp>
			</report>
			<report>
				<misses>3073001</misses>
				<total>2742974</total>
				<timestamp>307.320812</timestamp>
			</report>
			<report>
				<misses>3074001</misses>
				<total>2743973</total>
				<timestamp>307.420770</timestamp>
			</report>
			<report>
				<misses>3075001</misses>
				<total>2744972</total>
				<timestamp>307.520658</timestamp>
			</report>
			<report>
				<misses>3076001</misses>
				<total>2745971</total>
				<timestamp>307.620557</timestamp>
			</report>
			<report>
				<misses>3077001</misses>
				<total>2746970</total>
				<timestamp>307.720474</timestamp>
			</report>
			<report>
				<misses>3078001</misses>
				<total>2747969</total>
				<timestamp>307.820375</timestamp>
			</report>
			<report>
				<misses>3079001</misses>
				<total>2748968</total>
				<timestamp>307.920312</timestamp>
			</report>
			<report>
				<misses>3080001</misses>
				<total>2749967</total>
				<timestamp>308.020453</timestamp>
			</report>
			<report>
				<misses>3081001</misses>
				<total>2750927</total>
				<timestamp>308.120395</timestamp>
			</report>
			<report>
				<misses>3082001</misses>
				<total>2751926</total>
				<timestamp>308.220415</timestamp>
			</report>
			<report>
				<misses>3083001</misses>
				<total>2752925</total>
				<timestamp>308.320469</timestamp>
			</report>
			<report>
				<misses>3084001</misses>
				<total>2753924</total>
				<timestamp>308.420358</timestamp>
			</report>
			<report>
				<misses>3085001</misses>
				<total>2754923</total>
				<timestamp>308.520278</timestamp>
			</report>
			<report>
				<misses>3086001</misses>
				<total>2755922</total>
				<timestamp>308.620217</timestamp>
			</report>
			<report>
				<misses>3087001</misses>
				<total>2756921</total>
				<timestamp>308.720215</timestamp>
			</report>
			<report>
				<misses>3088001</misses>
				<total>2757920</total>
				<timestamp>308.820253</timestamp>
			</report>
			<report>
				<misses>3089001</misses>
				<total>2758919</total>
				<timestamp>308.920307</timestamp>
			</report>
			<report>
				<misses>3090001</misses>
				<total>2759918</total>
				<timestamp>309.020325</timestamp>
			</report>
			<report>
				<misses>3091001</misses>
				<total>2760790</total>
				<timestamp>309.120288</timestamp>
			</report>
			<report>
				<misses>3092001</misses>
				<total>2760795</total>
				<timestamp>309.220174</timestamp>
			</report>
			<report>
				<misses>3093001</misses>
				<total>2760795</total>
				<timestamp>309.320293</timestamp>
			</report>
			<report>
				<misses>3094001</misses>
				<total>2760796</total>
				<timestamp>309.420225</timestamp>
			</report>
			<report>
				<misses>3095001</misses>
				<total>2760799</total>
				<timestamp>309.520248</timestamp>
			</report>
			<report>
				<misses>3096001</misses>
				<total>2760913</total>
				<timestamp>309.620288</timestamp>
			</report>
			<report>
				<misses>3097001</misses>
				<total>2761177</total>
				<timestamp>309.720286</timestamp>
			</report>
			<report>
				<misses>3098001</misses>
				<total>2762176</total>
				<timestamp>309.820221</timestamp>
			</report>
			<report>
				<misses>3099001</misses>
				<total>2763175</total>
				<timestamp>309.920299</timestamp>
			</report>
			<report>
				<misses>3100001</misses>
				<total>2764174</total>
				<timestamp>310.020338</timestamp>
			</report>
			<report>
				<misses>3101001</misses>
				<total>2765173</total>
				<timestamp>310.120330</timestamp>
			</report>
			<report>
				<misses>3102001</misses>
				<total>2765286</total>
				<timestamp>310.220310</timestamp>
			</report>
			<report>
				<misses>3103001</misses>
				<total>2765285</total>
				<timestamp>310.320436</timestamp>
			</report>
			<report>
				<misses>3104001</misses>
				<total>2765286</total>
				<timestamp>310.420384</timestamp>
			</report>
			<report>
				<misses>3105001</misses>
				<total>2765286</total>
				<timestamp>310.520278</timestamp>
			</report>
			<report>
				<misses>3106001</misses>
				<total>2765286</total>
				<timestamp>310.620212</timestamp>
			</report>
			<report>
				<misses>3107001</misses>
				<total>2765286</total>
				<timestamp>310.720205</timestamp>
			</report>
			<report>
				<misses>3108001</misses>
				<total>2765286</total>
				<timestamp>310.820218</timestamp>
			</report>
			<report>
				<misses>3109001</misses>
				<total>2765286</total>
				<timestamp>310.920223</timestamp>
			</report>
			<report>
				<misses>3110001</misses>
				<total>2765285</total>
				<timestamp>311.020356</timestamp>
			</report>
			<report>
				<misses>3111001</misses>
				<total>2765285</total>
				<timestamp>311.120419</timestamp>
			</report>
			<report>
				<misses>3112001</misses>
				<total>2765286</total>
				<timestamp>311.220383</timestamp>
			</report>
			<report>
				<misses>3113001</misses>
				<total>2765286</total>
				<timestamp>311.320261</timestamp>
			</report>
			<report>
				<misses>3114001</misses>
				<total>2765286</total>
				<timestamp>311.420220</timestamp>
			</report>
			<report>
				<misses>3115001</misses>
				<total>2765285</total>
				<timestamp>311.520288</timestamp>
			</report>
			<report>
				<misses>3116001</misses>
				<total>2765286</total>
				<timestamp>311.620238</timestamp>
			</report>
			<report>
				<misses>3117001</misses>
				<total>2765286</total>
				<timestamp>311.720223</timestamp>
			</report>
			<report>
				<misses>3118001</misses>
				<total>2765286</total>
				<timestamp>311.820221</timestamp>
			</report>
			<report>
				<misses>3119001</misses>
				<total>2765286</total>
				<timestamp>311.920221</timestamp>
			</report>
			<report>
				<misses>3120001</misses>
				<total>2765291</total>
				<timestamp>312.020225</timestamp>
			</report>
			<report>
				<misses>3121001</misses>
				<total>2765291</total>
				<timestamp>312.120289</timestamp>
			</report>
			<report>
				<misses>3122001</misses>
				<total>2765290</total>
				<timestamp>312.220213</timestamp>
			</report>
			<report>
				<misses>3123001</misses>
				<total>2765292</total>
				<timestamp>312.321126</timestamp>
			</report>
			<report>
				<misses>3124001</misses>
				<total>2765291</total>
				<timestamp>312.421216</timestamp>
			</report>
			<report>
				<misses>3125001</misses>
				<total>2765291</total>
				<timestamp>312.521329</timestamp>
			</report>
			<report>
				<misses>3126001</misses>
				<total>2765292</total>
				<timestamp>312.621261</timestamp>
			</report>
			<report>
				<misses>3127001</misses>
				<total>2765291</total>
				<timestamp>312.721245</timestamp>
			</report>
			<report>
				<misses>3128001</misses>
				<total>2765292</total>
				<timestamp>312.821221</timestamp>
			</report>
			<report>
				<misses>3129001</misses>
				<total>2765292</total>
				<timestamp>312.921220</timestamp>
			</report>
			<report>
				<misses>3130001</misses>
				<total>2765292</total>
				<timestamp>313.021237</timestamp>
			</report>
			<report>
				<misses>3131001</misses>
				<total>2765292</total>
				<timestamp>313.121211</timestamp>
			</report>
			<report>
				<misses>3132001</misses>
				<total>2765292</total>
				<timestamp>313.221228</timestamp>
			</report>
			<report>
				<misses>3133001</misses>
				<total>2765293</total>
				<timestamp>313.321196</timestamp>
			</report>
			<report>
				<misses>3134001</misses>
				<total>2765293</total>
				<timestamp>313.421214</timestamp>
			</report>
			<report>
				<misses>3135001</misses>
				<total>2765294</total>
				<timestamp>313.521206</timestamp>
			</report>
			<report>
				<misses>3136001</misses>
				<total>2765294</total>
				<timestamp>313.621267</timestamp>
			</report>
			<report>
				<misses>3137001</misses>
				<total>2765294</total>
				<timestamp>313.721289</timestamp>
			</report>
			<report>
				<misses>3138001</misses>
				<total>2765294</total>
				<timestamp>313.821196</timestamp>
			</report>
			<report>
				<misses>3139001</misses>
				<total>2765293</total>
				<timestamp>313.921236</timestamp>
			</report>
			<report>
				<misses>3140001</misses>
				<total>2765293</total>
				<timestamp>314.021316</timestamp>
			</report>
			<report>
				<misses>3141001</misses>
				<total>2765295</total>
				<timestamp>314.121281</timestamp>
			</report>
			<report>
				<misses>3142001</misses>
				<total>2765305</total>
				<timestamp>314.221188</timestamp>
			</report>
			<report>
				<misses>3143001</misses>
				<total>2765305</total>
				<timestamp>314.321194</timestamp>
			</report>
			<report>
				<misses>3144001</misses>
				<total>2765967</total>
				<timestamp>314.421208</timestamp>
			</report>
			<report>
				<misses>3145001</misses>
				<total>2766966</total>
				<timestamp>314.521234</timestamp>
			</report>
			<report>
				<misses>3146001</misses>
				<total>2767965</total>
				<timestamp>314.621248</timestamp>
			</report>
			<report>
				<misses>3147001</misses>
				<total>2768964</total>
				<timestamp>314.721289</timestamp>
			</report>
			<report>
				<misses>3148001</misses>
				<total>2769963</total>
				<timestamp>314.821251</timestamp>
			</report>
			<report>
				<misses>3149001</misses>
				<total>2770962</total>
				<timestamp>314.921195</timestamp>
			</report>
			<report>
				<misses>3150001</misses>
				<total>2771961</total>
				<timestamp>315.021252</timestamp>
			</report>
			<report>
				<misses>3151001</misses>
				<total>2772960</total>
				<timestamp>315.121204</timestamp>
			</report>
			<report>
				<misses>3152001</misses>
				<total>2773959</total>
				<timestamp>315.221254</timestamp>
			</report>
			<report>
				<misses>3153001</misses>
				<total>2774958</total>
				<timestamp>315.321210</timestamp>
			</report>
			<report>
				<misses>3154001</misses>
				<total>2775957</total>
				<timestamp>315.421223</timestamp>
			</report>
			<report>
				<misses>3155001</misses>
				<total>2776956</total>
				<timestamp>315.521200</timestamp>
			</report>
			<report>
				<misses>3156001</misses>
				<total>2777955</total>
				<timestamp>315.621261</timestamp>
			</report>
			<report>
				<misses>3157001</misses>
				<total>2778954</total>
				<timestamp>315.721253</timestamp>
			</report>
			<report>
				<misses>3158001</misses>
				<total>2779953</total>
				<timestamp>315.821265</timestamp>
			</report>
			<report>
				<misses>3159001</misses>
				<total>2780952</total>
				<timestamp>315.921307</timestamp>
			</report>
			<report>
				<misses>3160001</misses>
				<total>2781951</total>
				<timestamp>316.021296</timestamp>
			</report>
			<report>
				<misses>3161001</misses>
				<total>2782950</total>
				<timestamp>316.121402</timestamp>
			</report>
			<report>
				<misses>3162001</misses>
				<total>2783949</total>
				<timestamp>316.221382</timestamp>
			</report>
			<report>
				<misses>3163001</misses>
				<total>2784948</total>
				<timestamp>316.321383</timestamp>
			</report>
			<report>
				<misses>3164001</misses>
				<total>2785947</total>
				<timestamp>316.421301</timestamp>
			</report>
			<report>
				<misses>3165001</misses>
				<total>2786946</total>
				<timestamp>316.521315</timestamp>
			</report>
			<report>
				<misses>3166001</misses>
				<total>2787945</total>
				<timestamp>316.621374</timestamp>
			</report>
			<report>
				<misses>3167001</misses>
				<total>2788944</total>
				<timestamp>316.721307</timestamp>
			</report>
			<report>
				<misses>3168001</misses>
				<total>2789943</total>
				<timestamp>316.821308</timestamp>
			</report>
			<report>
				<misses>3169001</misses>
				<total>2790942</total>
				<timestamp>316.921269</timestamp>
			</report>
			<report>
				<misses>3170001</misses>
				<total>2791941</total>
				<timestamp>317.021322</timestamp>
			</report>
			<report>
				<misses>3171001</misses>
				<total>2792940</total>
				<timestamp>317.121305</timestamp>
			</report>
			<report>
				<misses>3172001</misses>
				<total>2793939</total>
				<timestamp>317.221364</timestamp>
			</report>
			<report>
				<misses>3173001</misses>
				<total>2794938</total>
				<timestamp>317.321322</timestamp>
			</report>
			<report>
				<misses>3174001</misses>
				<total>2795937</total>
				<timestamp>317.421286</timestamp>
			</report>
			<report>
				<misses>3175001</misses>
				<total>2796936</total>
				<timestamp>317.521248</timestamp>
			</report>
			<report>
				<misses>3176001</misses>
				<total>2797935</total>
				<timestamp>317.621228</timestamp>
			</report>
			<report>
				<misses>3177001</misses>
				<total>2798934</total>
				<timestamp>317.721375</timestamp>
			</report>
			<report>
				<misses>3178001</misses>
				<total>2799933</total>
				<timestamp>317.821282</timestamp>
			</report>
			<report>
				<misses>3179001</misses>
				<total>2800932</total>
				<timestamp>317.921201</timestamp>
			</report>
			<report>
				<misses>3180001</misses>
				<total>2801931</total>
				<timestamp>318.021175</timestamp>
			</report>
			<report>
				<misses>3181001</misses>
				<total>2802930</total>
				<timestamp>318.121190</timestamp>
			</report>
			<report>
				<misses>3182001</misses>
				<total>2803929</total>
				<timestamp>318.221197</timestamp>
			</report>
			<report>
				<misses>3183001</misses>
				<total>2804928</total>
				<timestamp>318.321216</timestamp>
			</report>
			<report>
				<misses>3184001</misses>
				<total>2805927</total>
				<timestamp>318.421296</timestamp>
			</report>
			<report>
				<misses>3185001</misses>
				<total>2806926</total>
				<timestamp>318.521331</timestamp>
			</report>
			<report>
				<misses>3186001</misses>
				<total>2807925</total>
				<timestamp>318.621262</timestamp>
			</report>
			<report>
				<misses>3187001</misses>
				<total>2808924</total>
				<timestamp>318.721280</timestamp>
			</report>
			<report>
				<misses>3188001</misses>
				<total>2809923</total>
				<timestamp>318.821210</timestamp>
			</report>
			<report>
				<misses>3189001</misses>
				<total>2810922</total>
				<timestamp>318.921334</timestamp>
			</report>
			<report>
				<misses>3190001</misses>
				<total>2811921</total>
				<timestamp>319.021415</timestamp>
			</report>
			<report>
				<misses>3191001</misses>
				<total>2812920</total>
				<timestamp>319.121356</timestamp>
			</report>
			<report>
				<misses>3192001</misses>
				<total>2813919</total>
				<timestamp>319.221312</timestamp>
			</report>
			<report>
				<misses>3193001</misses>
				<total>2814918</total>
				<timestamp>319.321307</timestamp>
			</report>
			<report>
				<misses>3194001</misses>
				<total>2815917</total>
				<timestamp>319.421426</timestamp>
			</report>
			<report>
				<misses>3195001</misses>
				<total>2816916</total>
				<timestamp>319.521383</timestamp>
			</report>
			<report>
				<misses>3196001</misses>
				<total>2817915</total>
				<timestamp>319.621322</timestamp>
			</report>
			<report>
				<misses>3197001</misses>
				<total>2818914</total>
				<timestamp>319.721280</timestamp>
			</report>
			<report>
				<misses>3198001</misses>
				<total>2819913</total>
				<timestamp>319.821309</timestamp>
			</report>
			<report>
				<misses>3199001</misses>
				<total>2820912</total>
				<timestamp>319.921283</timestamp>
			</report>
			<report>
				<misses>3200001</misses>
				<total>2821911</total>
				<timestamp>320.021385</timestamp>
			</report>
			<report>
				<misses>3201001</misses>
				<total>2822910</total>
				<timestamp>320.121280</timestamp>
			</report>
			<report>
				<misses>3202001</misses>
				<total>2823909</total>
				<timestamp>320.221281</timestamp>
			</report>
			<report>
				<misses>3203001</misses>
				<total>2824908</total>
				<timestamp>320.321192</timestamp>
			</report>
			<report>
				<misses>3204001</misses>
				<total>2825907</total>
				<timestamp>320.421119</timestamp>
			</report>
			<report>
				<misses>3205001</misses>
				<total>2826906</total>
				<timestamp>320.521175</timestamp>
			</report>
			<report>
				<misses>3206001</misses>
				<total>2827905</total>
				<timestamp>320.621158</timestamp>
			</report>
			<report>
				<misses>3207001</misses>
				<total>2828904</total>
				<timestamp>320.721187</timestamp>
			</report>
			<report>
				<misses>3208001</misses>
				<total>2829903</total>
				<timestamp>320.821109</timestamp>
			</report>
			<report>
				<misses>3209001</misses>
				<total>2830902</total>
				<timestamp>320.921111</timestamp>
			</report>
			<report>
				<misses>3210001</misses>
				<total>2831901</total>
				<timestamp>321.021258</timestamp>
			</report>
			<report>
				<misses>3211001</misses>
				<total>2832900</total>
				<timestamp>321.121223</timestamp>
			</report>
			<report>
				<misses>3212001</misses>
				<total>2833899</total>
				<timestamp>321.221282</timestamp>
			</report>
			<report>
				<misses>3213001</misses>
				<total>2834898</total>
				<timestamp>321.321190</timestamp>
			</report>
			<report>
				<misses>3214001</misses>
				<total>2835897</total>
				<timestamp>321.421102</timestamp>
			</report>
			<report>
				<misses>3215001</misses>
				<total>2836896</total>
				<timestamp>321.521161</timestamp>
			</report>
			<report>
				<misses>3216001</misses>
				<total>2837895</total>
				<timestamp>321.621147</timestamp>
			</report>
			<report>
				<misses>3217001</misses>
				<total>2838894</total>
				<timestamp>321.721152</timestamp>
			</report>
			<report>
				<misses>3218001</misses>
				<total>2839893</total>
				<timestamp>321.821197</timestamp>
			</report>
			<report>
				<misses>3219001</misses>
				<total>2840892</total>
				<timestamp>321.921304</timestamp>
			</report>
			<report>
				<misses>3220001</misses>
				<total>2841891</total>
				<timestamp>322.021328</timestamp>
			</report>
			<report>
				<misses>3221001</misses>
				<total>2842890</total>
				<timestamp>322.121308</timestamp>
			</report>
			<report>
				<misses>3222001</misses>
				<total>2843889</total>
				<timestamp>322.221257</timestamp>
			</report>
			<report>
				<misses>3223001</misses>
				<total>2844888</total>
				<timestamp>322.321273</timestamp>
			</report>
			<report>
				<misses>3224001</misses>
				<total>2845887</total>
				<timestamp>322.421266</timestamp>
			</report>
			<report>
				<misses>3225001</misses>
				<total>2846886</total>
				<timestamp>322.521187</timestamp>
			</report>
			<report>
				<misses>3226001</misses>
				<total>2847885</total>
				<timestamp>322.621154</timestamp>
			</report>
			<report>
				<misses>3227001</misses>
				<total>2848884</total>
				<timestamp>322.721216</timestamp>
			</report>
			<report>
				<misses>3228001</misses>
				<total>2849883</total>
				<timestamp>322.821254</timestamp>
			</report>
			<report>
				<misses>3229001</misses>
				<total>2850882</total>
				<timestamp>322.921231</timestamp>
			</report>
			<report>
				<misses>3230001</misses>
				<total>2851881</total>
				<timestamp>323.021283</timestamp>
			</report>
			<report>
				<misses>3231001</misses>
				<total>2852880</total>
				<timestamp>323.121287</timestamp>
			</report>
			<report>
				<misses>3232001</misses>
				<total>2853879</total>
				<timestamp>323.221252</timestamp>
			</report>
			<report>
				<misses>3233001</misses>
				<total>2854878</total>
				<timestamp>323.321229</timestamp>
			</report>
			<report>
				<misses>3234001</misses>
				<total>2855877</total>
				<timestamp>323.421241</timestamp>
			</report>
			<report>
				<misses>3235001</misses>
				<total>2856876</total>
				<timestamp>323.521336</timestamp>
			</report>
			<report>
				<misses>3236001</misses>
				<total>2857875</total>
				<timestamp>323.621278</timestamp>
			</report>
			<report>
				<misses>3237001</misses>
				<total>2858874</total>
				<timestamp>323.721258</timestamp>
			</report>
			<report>
				<misses>3238001</misses>
				<total>2859873</total>
				<timestamp>323.821213</timestamp>
			</report>
			<report>
				<misses>3239001</misses>
				<total>2860872</total>
				<timestamp>323.921209</timestamp>
			</report>
			<report>
				<misses>3240001</misses>
				<total>2861871</total>
				<timestamp>324.021261</timestamp>
			</report>
			<report>
				<misses>3241001</misses>
				<total>2862870</total>
				<timestamp>324.121270</timestamp>
			</report>
			<report>
				<misses>3242001</misses>
				<total>2863869</total>
				<timestamp>324.221269</timestamp>
			</report>
			<report>
				<misses>3243001</misses>
				<total>2864868</total>
				<timestamp>324.321263</timestamp>
			</report>
			<report>
				<misses>3244001</misses>
				<total>2865867</total>
				<timestamp>324.421216</timestamp>
			</report>
			<report>
				<misses>3245001</misses>
				<total>2866866</total>
				<timestamp>324.521276</timestamp>
			</report>
			<report>
				<misses>3246001</misses>
				<total>2867865</total>
				<timestamp>324.621263</timestamp>
			</report>
			<report>
				<misses>3247001</misses>
				<total>2868864</total>
				<timestamp>324.721231</timestamp>
			</report>
			<report>
				<misses>3248001</misses>
				<total>2869863</total>
				<timestamp>324.821279</timestamp>
			</report>
			<report>
				<misses>3249001</misses>
				<total>2870862</total>
				<timestamp>324.921251</timestamp>
			</report>
			<report>
				<misses>3250001</misses>
				<total>2871861</total>
				<timestamp>325.021235</timestamp>
			</report>
			<report>
				<misses>3251001</misses>
				<total>2872860</total>
				<timestamp>325.121236</timestamp>
			</report>
			<report>
				<misses>3252001</misses>
				<total>2873859</total>
				<timestamp>325.221194</timestamp>
			</report>
			<report>
				<misses>3253001</misses>
				<total>2874858</total>
				<timestamp>325.321322</timestamp>
			</report>
			<report>
				<misses>3254001</misses>
				<total>2875857</total>
				<timestamp>325.421500</timestamp>
			</report>
			<report>
				<misses>3255001</misses>
				<total>2876856</total>
				<timestamp>325.521497</timestamp>
			</report>
			<report>
				<misses>3256001</misses>
				<total>2877855</total>
				<timestamp>325.621467</timestamp>
			</report>
			<report>
				<misses>3257001</misses>
				<total>2878854</total>
				<timestamp>325.721366</timestamp>
			</report>
			<report>
				<misses>3258001</misses>
				<total>2879853</total>
				<timestamp>325.821282</timestamp>
			</report>
			<report>
				<misses>3259001</misses>
				<total>2880852</total>
				<timestamp>325.921219</timestamp>
			</report>
			<report>
				<misses>3260001</misses>
				<total>2881851</total>
				<timestamp>326.021321</timestamp>
			</report>
			<report>
				<misses>3261001</misses>
				<total>2882850</total>
				<timestamp>326.121396</timestamp>
			</report>
			<report>
				<misses>3262001</misses>
				<total>2883849</total>
				<timestamp>326.221374</timestamp>
			</report>
			<report>
				<misses>3263001</misses>
				<total>2884848</total>
				<timestamp>326.321311</timestamp>
			</report>
			<report>
				<misses>3264001</misses>
				<total>2885847</total>
				<timestamp>326.421301</timestamp>
			</report>
			<report>
				<misses>3265001</misses>
				<total>2886846</total>
				<timestamp>326.521262</timestamp>
			</report>
			<report>
				<misses>3266001</misses>
				<total>2887845</total>
				<timestamp>326.621213</timestamp>
			</report>
			<report>
				<misses>3267001</misses>
				<total>2888844</total>
				<timestamp>326.721220</timestamp>
			</report>
			<report>
				<misses>3268001</misses>
				<total>2889843</total>
				<timestamp>326.821208</timestamp>
			</report>
			<report>
				<misses>3269001</misses>
				<total>2890842</total>
				<timestamp>326.921202</timestamp>
			</report>
			<report>
				<misses>3270001</misses>
				<total>2891841</total>
				<timestamp>327.021201</timestamp>
			</report>
			<report>
				<misses>3271001</misses>
				<total>2892840</total>
				<timestamp>327.121242</timestamp>
			</report>
			<report>
				<misses>3272001</misses>
				<total>2893839</total>
				<timestamp>327.221213</timestamp>
			</report>
			<report>
				<misses>3273001</misses>
				<total>2894838</total>
				<timestamp>327.321202</timestamp>
			</report>
			<report>
				<misses>3274001</misses>
				<total>2895837</total>
				<timestamp>327.421257</timestamp>
			</report>
			<report>
				<misses>3275001</misses>
				<total>2896836</total>
				<timestamp>327.521257</timestamp>
			</report>
			<report>
				<misses>3276001</misses>
				<total>2897835</total>
				<timestamp>327.621227</timestamp>
			</report>
			<report>
				<misses>3277001</misses>
				<total>2898834</total>
				<timestamp>327.721219</timestamp>
			</report>
			<report>
				<misses>3278001</misses>
				<total>2899833</total>
				<timestamp>327.821209</timestamp>
			</report>
			<report>
				<misses>3279001</misses>
				<total>2900832</total>
				<timestamp>327.921179</timestamp>
			</report>
			<report>
				<misses>3280001</misses>
				<total>2901831</total>
				<timestamp>328.021129</timestamp>
			</report>
			<report>
				<misses>3281001</misses>
				<total>2902830</total>
				<timestamp>328.121159</timestamp>
			</report>
			<report>
				<misses>3282001</misses>
				<total>2903829</total>
				<timestamp>328.221140</timestamp>
			</report>
			<report>
				<misses>3283001</misses>
				<total>2904828</total>
				<timestamp>328.321133</timestamp>
			</report>
			<report>
				<misses>3284001</misses>
				<total>2905827</total>
				<timestamp>328.421099</timestamp>
			</report>
			<report>
				<misses>3285001</misses>
				<total>2906826</total>
				<timestamp>328.521139</timestamp>
			</report>
			<report>
				<misses>3286001</misses>
				<total>2907825</total>
				<timestamp>328.621115</timestamp>
			</report>
			<report>
				<misses>3287001</misses>
				<total>2908824</total>
				<timestamp>328.721092</timestamp>
			</report>
			<report>
				<misses>3288001</misses>
				<total>2909823</total>
				<timestamp>328.821112</timestamp>
			</report>
			<report>
				<misses>3289001</misses>
				<total>2910822</total>
				<timestamp>328.921108</timestamp>
			</report>
			<report>
				<misses>3290001</misses>
				<total>2911821</total>
				<timestamp>329.021168</timestamp>
			</report>
			<report>
				<misses>3291001</misses>
				<total>2912820</total>
				<timestamp>329.121121</timestamp>
			</report>
			<report>
				<misses>3292001</misses>
				<total>2913819</total>
				<timestamp>329.221098</timestamp>
			</report>
			<report>
				<misses>3293001</misses>
				<total>2914818</total>
				<timestamp>329.321118</timestamp>
			</report>
			<report>
				<misses>3294001</misses>
				<total>2915817</total>
				<timestamp>329.421119</timestamp>
			</report>
			<report>
				<misses>3295001</misses>
				<total>2916816</total>
				<timestamp>329.521150</timestamp>
			</report>
			<report>
				<misses>3296001</misses>
				<total>2917815</total>
				<timestamp>329.621090</timestamp>
			</report>
			<report>
				<misses>3297001</misses>
				<total>2918814</total>
				<timestamp>329.721113</timestamp>
			</report>
			<report>
				<misses>3298001</misses>
				<total>2919813</total>
				<timestamp>329.821106</timestamp>
			</report>
			<report>
				<misses>3299001</misses>
				<total>2920812</total>
				<timestamp>329.921174</timestamp>
			</report>
			<report>
				<misses>3300001</misses>
				<total>2921811</total>
				<timestamp>330.021096</timestamp>
			</report>
			<report>
				<misses>3301001</misses>
				<total>2922810</total>
				<timestamp>330.121148</timestamp>
			</report>
			<report>
				<misses>3302001</misses>
				<total>2923809</total>
				<timestamp>330.221157</timestamp>
			</report>
			<report>
				<misses>3303001</misses>
				<total>2924808</total>
				<timestamp>330.321137</timestamp>
			</report>
			<report>
				<misses>3304001</misses>
				<total>2925807</total>
				<timestamp>330.421121</timestamp>
			</report>
			<report>
				<misses>3305001</misses>
				<total>2926806</total>
				<timestamp>330.521165</timestamp>
			</report>
			<report>
				<misses>3306001</misses>
				<total>2927805</total>
				<timestamp>330.621107</timestamp>
			</report>
			<report>
				<misses>3307001</misses>
				<total>2928804</total>
				<timestamp>330.721115</timestamp>
			</report>
			<report>
				<misses>3308001</misses>
				<total>2929803</total>
				<timestamp>330.821215</timestamp>
			</report>
			<report>
				<misses>3309001</misses>
				<total>2930802</total>
				<timestamp>330.921193</timestamp>
			</report>
			<report>
				<misses>3310001</misses>
				<total>2931801</total>
				<timestamp>331.021098</timestamp>
			</report>
			<report>
				<misses>3311001</misses>
				<total>2932800</total>
				<timestamp>331.121108</timestamp>
			</report>
			<report>
				<misses>3312001</misses>
				<total>2933799</total>
				<timestamp>331.221106</timestamp>
			</report>
			<report>
				<misses>3313001</misses>
				<total>2934798</total>
				<timestamp>331.321252</timestamp>
			</report>
			<report>
				<misses>3314001</misses>
				<total>2935797</total>
				<timestamp>331.421285</timestamp>
			</report>
			<report>
				<misses>3315001</misses>
				<total>2936796</total>
				<timestamp>331.521175</timestamp>
			</report>
			<report>
				<misses>3316001</misses>
				<total>2937795</total>
				<timestamp>331.621095</timestamp>
			</report>
			<report>
				<misses>3317001</misses>
				<total>2938794</total>
				<timestamp>331.721138</timestamp>
			</report>
			<report>
				<misses>3318001</misses>
				<total>2939793</total>
				<timestamp>331.821112</timestamp>
			</report>
			<report>
				<misses>3319001</misses>
				<total>2940792</total>
				<timestamp>331.921133</timestamp>
			</report>
			<report>
				<misses>3320001</misses>
				<total>2941791</total>
				<timestamp>332.021113</timestamp>
			</report>
			<report>
				<misses>3321001</misses>
				<total>2942790</total>
				<timestamp>332.121111</timestamp>
			</report>
			<report>
				<misses>3322001</misses>
				<total>2943789</total>
				<timestamp>332.221147</timestamp>
			</report>
			<report>
				<misses>3323001</misses>
				<total>2944788</total>
				<timestamp>332.321093</timestamp>
			</report>
			<report>
				<misses>3324001</misses>
				<total>2945787</total>
				<timestamp>332.421143</timestamp>
			</report>
			<report>
				<misses>3325001</misses>
				<total>2946786</total>
				<timestamp>332.521089</timestamp>
			</report>
			<report>
				<misses>3326001</misses>
				<total>2947785</total>
				<timestamp>332.621138</timestamp>
			</report>
			<report>
				<misses>3327001</misses>
				<total>2948784</total>
				<timestamp>332.721101</timestamp>
			</report>
			<report>
				<misses>3328001</misses>
				<total>2949783</total>
				<timestamp>332.821131</timestamp>
			</report>
			<report>
				<misses>3329001</misses>
				<total>2950782</total>
				<timestamp>332.921143</timestamp>
			</report>
			<report>
				<misses>3330001</misses>
				<total>2951781</total>
				<timestamp>333.021120</timestamp>
			</report>
			<report>
				<misses>3331001</misses>
				<total>2952780</total>
				<timestamp>333.121161</timestamp>
			</report>
			<report>
				<misses>3332001</misses>
				<total>2953779</total>
				<timestamp>333.221092</timestamp>
			</report>
			<report>
				<misses>3333001</misses>
				<total>2954778</total>
				<timestamp>333.321012</timestamp>
			</report>
			<report>
				<misses>3334001</misses>
				<total>2955777</total>
				<timestamp>333.421025</timestamp>
			</report>
			<report>
				<misses>3335001</misses>
				<total>2956776</total>
				<timestamp>333.520992</timestamp>
			</report>
			<report>
				<misses>3336001</misses>
				<total>2957775</total>
				<timestamp>333.621031</timestamp>
			</report>
			<report>
				<misses>3337001</misses>
				<total>2958774</total>
				<timestamp>333.721011</timestamp>
			</report>
			<report>
				<misses>3338001</misses>
				<total>2959773</total>
				<timestamp>333.821054</timestamp>
			</report>
			<report>
				<misses>3339001</misses>
				<total>2960772</total>
				<timestamp>333.921039</timestamp>
			</report>
			<report>
				<misses>3340001</misses>
				<total>2961771</total>
				<timestamp>334.021022</timestamp>
			</report>
			<report>
				<misses>3341001</misses>
				<total>2962770</total>
				<timestamp>334.121074</timestamp>
			</report>
			<report>
				<misses>3342001</misses>
				<total>2963769</total>
				<timestamp>334.221132</timestamp>
			</report>
			<report>
				<misses>3343001</misses>
				<total>2964768</total>
				<timestamp>334.321194</timestamp>
			</report>
			<report>
				<misses>3344001</misses>
				<total>2965767</total>
				<timestamp>334.421259</timestamp>
			</report>
			<report>
				<misses>3345001</misses>
				<total>2966766</total>
				<timestamp>334.521341</timestamp>
			</report>
			<report>
				<misses>3346001</misses>
				<total>2967765</total>
				<timestamp>334.621414</timestamp>
			</report>
			<report>
				<misses>3347001</misses>
				<total>2968764</total>
				<timestamp>334.721500</timestamp>
			</report>
			<report>
				<misses>3348001</misses>
				<total>2969763</total>
				<timestamp>334.821538</timestamp>
			</report>
			<report>
				<misses>3349001</misses>
				<total>2970762</total>
				<timestamp>334.921553</timestamp>
			</report>
			<report>
				<misses>3350001</misses>
				<total>2971761</total>
				<timestamp>335.021565</timestamp>
			</report>
			<report>
				<misses>3351001</misses>
				<total>2972760</total>
				<timestamp>335.121581</timestamp>
			</report>
			<report>
				<misses>3352001</misses>
				<total>2973759</total>
				<timestamp>335.221477</timestamp>
			</report>
			<report>
				<misses>3353001</misses>
				<total>2974758</total>
				<timestamp>335.321411</timestamp>
			</report>
			<report>
				<misses>3354001</misses>
				<total>2975757</total>
				<timestamp>335.421389</timestamp>
			</report>
			<report>
				<misses>3355001</misses>
				<total>2976756</total>
				<timestamp>335.521282</timestamp>
			</report>
			<report>
				<misses>3356001</misses>
				<total>2977755</total>
				<timestamp>335.621242</timestamp>
			</report>
			<report>
				<misses>3357001</misses>
				<total>2978754</total>
				<timestamp>335.721180</timestamp>
			</report>
			<report>
				<misses>3358001</misses>
				<total>2979753</total>
				<timestamp>335.821224</timestamp>
			</report>
			<report>
				<misses>3359001</misses>
				<total>2980752</total>
				<timestamp>335.921349</timestamp>
			</report>
			<report>
				<misses>3360001</misses>
				<total>2981751</total>
				<timestamp>336.021457</timestamp>
			</report>
			<report>
				<misses>3361001</misses>
				<total>2982750</total>
				<timestamp>336.121388</timestamp>
			</report>
			<report>
				<misses>3362001</misses>
				<total>2983749</total>
				<timestamp>336.221313</timestamp>
			</report>
			<report>
				<misses>3363001</misses>
				<total>2984748</total>
				<timestamp>336.321309</timestamp>
			</report>
			<report>
				<misses>3364001</misses>
				<total>2985747</total>
				<timestamp>336.421318</timestamp>
			</report>
			<report>
				<misses>3365001</misses>
				<total>2986746</total>
				<timestamp>336.521265</timestamp>
			</report>
			<report>
				<misses>3366001</misses>
				<total>2987745</total>
				<timestamp>336.621238</timestamp>
			</report>
			<report>
				<misses>3367001</misses>
				<total>2988744</total>
				<timestamp>336.721260</timestamp>
			</report>
			<report>
				<misses>3368001</misses>
				<total>2989743</total>
				<timestamp>336.821181</timestamp>
			</report>
			<report>
				<misses>3369001</misses>
				<total>2990742</total>
				<timestamp>336.921219</timestamp>
			</report>
			<report>
				<misses>3370001</misses>
				<total>2991741</total>
				<timestamp>337.021227</timestamp>
			</report>
			<report>
				<misses>3371001</misses>
				<total>2992740</total>
				<timestamp>337.121287</timestamp>
			</report>
			<report>
				<misses>3372001</misses>
				<total>2993739</total>
				<timestamp>337.221195</timestamp>
			</report>
			<report>
				<misses>3373001</misses>
				<total>2994738</total>
				<timestamp>337.321200</timestamp>
			</report>
			<report>
				<misses>3374001</misses>
				<total>2995737</total>
				<timestamp>337.421228</timestamp>
			</report>
			<report>
				<misses>3375001</misses>
				<total>2996736</total>
				<timestamp>337.521243</timestamp>
			</report>
			<report>
				<misses>3376001</misses>
				<total>2997735</total>
				<timestamp>337.621215</timestamp>
			</report>
			<report>
				<misses>3377001</misses>
				<total>2998734</total>
				<timestamp>337.721179</timestamp>
			</report>
			<report>
				<misses>3378001</misses>
				<total>2999733</total>
				<timestamp>337.821102</timestamp>
			</report>
			<report>
				<misses>3379001</misses>
				<total>3000732</total>
				<timestamp>337.921110</timestamp>
			</report>
			<report>
				<misses>3380001</misses>
				<total>3001731</total>
				<timestamp>338.021129</timestamp>
			</report>
			<report>
				<misses>3381001</misses>
				<total>3002730</total>
				<timestamp>338.121113</timestamp>
			</report>
			<report>
				<misses>3382001</misses>
				<total>3003729</total>
				<timestamp>338.221157</timestamp>
			</report>
			<report>
				<misses>3383001</misses>
				<total>3004430</total>
				<timestamp>338.321136</timestamp>
			</report>
			<report>
				<misses>3384001</misses>
				<total>3004430</total>
				<timestamp>338.421071</timestamp>
			</report>
			<report>
				<misses>3385001</misses>
				<total>3004430</total>
				<timestamp>338.521055</timestamp>
			</report>
			<report>
				<misses>3386001</misses>
				<total>3004432</total>
				<timestamp>338.621056</timestamp>
			</report>
			<report>
				<misses>3387001</misses>
				<total>3004433</total>
				<timestamp>338.721053</timestamp>
			</report>
			<report>
				<misses>3388001</misses>
				<total>3005054</total>
				<timestamp>338.821009</timestamp>
			</report>
			<report>
				<misses>3389001</misses>
				<total>3006053</total>
				<timestamp>338.921042</timestamp>
			</report>
			<report>
				<misses>3390001</misses>
				<total>3007052</total>
				<timestamp>339.021008</timestamp>
			</report>
			<report>
				<misses>3391001</misses>
				<total>3008051</total>
				<timestamp>339.121051</timestamp>
			</report>
			<report>
				<misses>3392001</misses>
				<total>3009050</total>
				<timestamp>339.221033</timestamp>
			</report>
			<report>
				<misses>3393001</misses>
				<total>3009992</total>
				<timestamp>339.321035</timestamp>
			</report>
			<report>
				<misses>3394001</misses>
				<total>3009991</total>
				<timestamp>339.421057</timestamp>
			</report>
			<report>
				<misses>3395001</misses>
				<total>3009991</total>
				<timestamp>339.521063</timestamp>
			</report>
			<report>
				<misses>3396001</misses>
				<total>3009991</total>
				<timestamp>339.621056</timestamp>
			</report>
			<report>
				<misses>3397001</misses>
				<total>3009991</total>
				<timestamp>339.721039</timestamp>
			</report>
			<report>
				<misses>3398001</misses>
				<total>3009991</total>
				<timestamp>339.821041</timestamp>
			</report>
			<report>
				<misses>3399001</misses>
				<total>3009991</total>
				<timestamp>339.920960</timestamp>
			</report>
			<report>
				<misses>3400001</misses>
				<total>3010173</total>
				<timestamp>340.020994</timestamp>
			</report>
			<report>
				<misses>3401001</misses>
				<total>3011172</total>
				<timestamp>340.121051</timestamp>
			</report>
			<report>
				<misses>3402001</misses>
				<total>3012171</total>
				<timestamp>340.221023</timestamp>
			</report>
			<report>
				<misses>3403001</misses>
				<total>3013170</total>
				<timestamp>340.321042</timestamp>
			</report>
			<report>
				<misses>3404001</misses>
				<total>3013352</total>
				<timestamp>340.421026</timestamp>
			</report>
			<report>
				<misses>3405001</misses>
				<total>3013352</total>
				<timestamp>340.521070</timestamp>
			</report>
			<report>
				<misses>3406001</misses>
				<total>3013355</total>
				<timestamp>340.621022</timestamp>
			</report>
			<report>
				<misses>3407001</misses>
				<total>3013355</total>
				<timestamp>340.721065</timestamp>
			</report>
			<report>
				<misses>3408001</misses>
				<total>3013356</total>
				<timestamp>340.821072</timestamp>
			</report>
			<report>
				<misses>3409001</misses>
				<total>3013355</total>
				<timestamp>340.921107</timestamp>
			</report>
			<report>
				<misses>3410001</misses>
				<total>3013355</total>
				<timestamp>341.021216</timestamp>
			</report>
			<report>
				<misses>3411001</misses>
				<total>3013362</total>
				<timestamp>341.121273</timestamp>
			</report>
			<report>
				<misses>3412001</misses>
				<total>3013366</total>
				<timestamp>341.221226</timestamp>
			</report>
			<report>
				<misses>3413001</misses>
				<total>3013366</total>
				<timestamp>341.321292</timestamp>
			</report>
			<report>
				<misses>3414001</misses>
				<total>3013365</total>
				<timestamp>341.421248</timestamp>
			</report>
			<report>
				<misses>3415001</misses>
				<total>3013367</total>
				<timestamp>341.521267</timestamp>
			</report>
			<report>
				<misses>3416001</misses>
				<total>3013367</total>
				<timestamp>341.621286</timestamp>
			</report>
			<report>
				<misses>3417001</misses>
				<total>3013368</total>
				<timestamp>341.721291</timestamp>
			</report>
			<report>
				<misses>3418001</misses>
				<total>3013367</total>
				<timestamp>341.821222</timestamp>
			</report>
			<report>
				<misses>3419001</misses>
				<total>3013368</total>
				<timestamp>341.921208</timestamp>
			</report>
			<report>
				<misses>3420001</misses>
				<total>3013367</total>
				<timestamp>342.021294</timestamp>
			</report>
			<report>
				<misses>3421001</misses>
				<total>3013368</total>
				<timestamp>342.121221</timestamp>
			</report>
			<report>
				<misses>3422001</misses>
				<total>3013368</total>
				<timestamp>342.221237</timestamp>
			</report>
			<report>
				<misses>3423001</misses>
				<total>3013367</total>
				<timestamp>342.321237</timestamp>
			</report>
			<report>
				<misses>3424001</misses>
				<total>3013367</total>
				<timestamp>342.421254</timestamp>
			</report>
			<report>
				<misses>3425001</misses>
				<total>3013370</total>
				<timestamp>342.521240</timestamp>
			</report>
			<report>
				<misses>3426001</misses>
				<total>3013371</total>
				<timestamp>342.621290</timestamp>
			</report>
			<report>
				<misses>3427001</misses>
				<total>3013381</total>
				<timestamp>342.721229</timestamp>
			</report>
			<report>
				<misses>3428001</misses>
				<total>3013381</total>
				<timestamp>342.821243</timestamp>
			</report>
			<report>
				<misses>3429001</misses>
				<total>3013382</total>
				<timestamp>342.921186</timestamp>
			</report>
			<report>
				<misses>3430001</misses>
				<total>3013381</total>
				<timestamp>343.021092</timestamp>
			</report>
			<report>
				<misses>3431001</misses>
				<total>3013677</total>
				<timestamp>343.121008</timestamp>
			</report>
			<report>
				<misses>3432001</misses>
				<total>3014676</total>
				<timestamp>343.221077</timestamp>
			</report>
			<report>
				<misses>3433001</misses>
				<total>3015675</total>
				<timestamp>343.321032</timestamp>
			</report>
			<report>
				<misses>3434001</misses>
				<total>3016674</total>
				<timestamp>343.421052</timestamp>
			</report>
			<report>
				<misses>3435001</misses>
				<total>3017673</total>
				<timestamp>343.521045</timestamp>
			</report>
			<report>
				<misses>3436001</misses>
				<total>3018672</total>
				<timestamp>343.621072</timestamp>
			</report>
			<report>
				<misses>3437001</misses>
				<total>3019671</total>
				<timestamp>343.721003</timestamp>
			</report>
			<report>
				<misses>3438001</misses>
				<total>3020670</total>
				<timestamp>343.821029</timestamp>
			</report>
			<report>
				<misses>3439001</misses>
				<total>3021669</total>
				<timestamp>343.921012</timestamp>
			</report>
			<report>
				<misses>3440001</misses>
				<total>3022668</total>
				<timestamp>344.021012</timestamp>
			</report>
			<report>
				<misses>3441001</misses>
				<total>3023667</total>
				<timestamp>344.121018</timestamp>
			</report>
			<report>
				<misses>3442001</misses>
				<total>3024666</total>
				<timestamp>344.221022</timestamp>
			</report>
			<report>
				<misses>3443001</misses>
				<total>3025665</total>
				<timestamp>344.321013</timestamp>
			</report>
			<report>
				<misses>3444001</misses>
				<total>3026664</total>
				<timestamp>344.421088</timestamp>
			</report>
			<report>
				<misses>3445001</misses>
				<total>3027663</total>
				<timestamp>344.521022</timestamp>
			</report>
			<report>
				<misses>3446001</misses>
				<total>3028662</total>
				<timestamp>344.621058</timestamp>
			</report>
			<report>
				<misses>3447001</misses>
				<total>3029661</total>
				<timestamp>344.721009</timestamp>
			</report>
			<report>
				<misses>3448001</misses>
				<total>3030660</total>
				<timestamp>344.821031</timestamp>
			</report>
			<report>
				<misses>3449001</misses>
				<total>3031659</total>
				<timestamp>344.921004</timestamp>
			</report>
			<report>
				<misses>3450001</misses>
				<total>3032658</total>
				<timestamp>345.021080</timestamp>
			</report>
			<report>
				<misses>3451001</misses>
				<total>3033657</total>
				<timestamp>345.121002</timestamp>
			</report>
			<report>
				<misses>3452001</misses>
				<total>3034656</total>
				<timestamp>345.221001</timestamp>
			</report>
			<report>
				<misses>3453001</misses>
				<total>3035655</total>
				<timestamp>345.321087</timestamp>
			</report>
			<report>
				<misses>3454001</misses>
				<total>3036654</total>
				<timestamp>345.421126</timestamp>
			</report>
			<report>
				<misses>3455001</misses>
				<total>3037653</total>
				<timestamp>345.521219</timestamp>
			</report>
			<report>
				<misses>3456001</misses>
				<total>3038652</total>
				<timestamp>345.621272</timestamp>
			</report>
			<report>
				<misses>3457001</misses>
				<total>3039651</total>
				<timestamp>345.721298</timestamp>
			</report>
			<report>
				<misses>3458001</misses>
				<total>3040650</total>
				<timestamp>345.821334</timestamp>
			</report>
			<report>
				<misses>3459001</misses>
				<total>3041649</total>
				<timestamp>345.921374</timestamp>
			</report>
			<report>
				<misses>3460001</misses>
				<total>3042648</total>
				<timestamp>346.021447</timestamp>
			</report>
			<report>
				<misses>3461001</misses>
				<total>3043647</total>
				<timestamp>346.121426</timestamp>
			</report>
			<report>
				<misses>3462001</misses>
				<total>3044646</total>
				<timestamp>346.221440</timestamp>
			</report>
			<report>
				<misses>3463001</misses>
				<total>3045645</total>
				<timestamp>346.321489</timestamp>
			</report>
			<report>
				<misses>3464001</misses>
				<total>3046644</total>
				<timestamp>346.421416</timestamp>
			</report>
			<report>
				<misses>3465001</misses>
				<total>3047643</total>
				<timestamp>346.521469</timestamp>
			</report>
			<report>
				<misses>3466001</misses>
				<total>3048642</total>
				<timestamp>346.621472</timestamp>
			</report>
			<report>
				<misses>3467001</misses>
				<total>3049641</total>
				<timestamp>346.721502</timestamp>
			</report>
			<report>
				<misses>3468001</misses>
				<total>3050640</total>
				<timestamp>346.821507</timestamp>
			</report>
			<report>
				<misses>3469001</misses>
				<total>3051639</total>
				<timestamp>346.921566</timestamp>
			</report>
			<report>
				<misses>3470001</misses>
				<total>3052638</total>
				<timestamp>347.021553</timestamp>
			</report>
			<report>
				<misses>3471001</misses>
				<total>3053637</total>
				<timestamp>347.121636</timestamp>
			</report>
			<report>
				<misses>3472001</misses>
				<total>3054636</total>
				<timestamp>347.221690</timestamp>
			</report>
			<report>
				<misses>3473001</misses>
				<total>3055635</total>
				<timestamp>347.321752</timestamp>
			</report>
			<report>
				<misses>3474001</misses>
				<total>3056634</total>
				<timestamp>347.421862</timestamp>
			</report>
			<report>
				<misses>3475001</misses>
				<total>3057633</total>
				<timestamp>347.521860</timestamp>
			</report>
			<report>
				<misses>3476001</misses>
				<total>3058632</total>
				<timestamp>347.621963</timestamp>
			</report>
			<report>
				<misses>3477001</misses>
				<total>3059631</total>
				<timestamp>347.722045</timestamp>
			</report>
			<report>
				<misses>3478001</misses>
				<total>3060630</total>
				<timestamp>347.822099</timestamp>
			</report>
			<report>
				<misses>3479001</misses>
				<total>3061629</total>
				<timestamp>347.922126</timestamp>
			</report>
			<report>
				<misses>3480001</misses>
				<total>3062628</total>
				<timestamp>348.022214</timestamp>
			</report>
			<report>
				<misses>3481001</misses>
				<total>3063627</total>
				<timestamp>348.122291</timestamp>
			</report>
			<report>
				<misses>3482001</misses>
				<total>3064626</total>
				<timestamp>348.222284</timestamp>
			</report>
			<report>
				<misses>3483001</misses>
				<total>3065625</total>
				<timestamp>348.322294</timestamp>
			</report>
			<report>
				<misses>3484001</misses>
				<total>3066624</total>
				<timestamp>348.422288</timestamp>
			</report>
			<report>
				<misses>3485001</misses>
				<total>3067623</total>
				<timestamp>348.522284</timestamp>
			</report>
			<report>
				<misses>3486001</misses>
				<total>3068622</total>
				<timestamp>348.622169</timestamp>
			</report>
			<report>
				<misses>3487001</misses>
				<total>3069621</total>
				<timestamp>348.722179</timestamp>
			</report>
			<report>
				<misses>3488001</misses>
				<total>3070620</total>
				<timestamp>348.822199</timestamp>
			</report>
			<report>
				<misses>3489001</misses>
				<total>3071619</total>
				<timestamp>348.922289</timestamp>
			</report>
			<report>
				<misses>3490001</misses>
				<total>3072618</total>
				<timestamp>349.022213</timestamp>
			</report>
			<report>
				<misses>3491001</misses>
				<total>3073617</total>
				<timestamp>349.122290</timestamp>
			</report>
			<report>
				<misses>3492001</misses>
				<total>3074616</total>
				<timestamp>349.222232</timestamp>
			</report>
			<report>
				<misses>3493001</misses>
				<total>3075615</total>
				<timestamp>349.322176</timestamp>
			</report>
			<report>
				<misses>3494001</misses>
				<total>3076614</total>
				<timestamp>349.424505</timestamp>
			</report>
			<report>
				<misses>3495001</misses>
				<total>3077613</total>
				<timestamp>349.524634</timestamp>
			</report>
			<report>
				<misses>3496001</misses>
				<total>3078612</total>
				<timestamp>349.624569</timestamp>
			</report>
			<report>
				<misses>3497001</misses>
				<total>3079611</total>
				<timestamp>349.724469</timestamp>
			</report>
			<report>
				<misses>3498001</misses>
				<total>3080610</total>
				<timestamp>349.824433</timestamp>
			</report>
			<report>
				<misses>3499001</misses>
				<total>3081609</total>
				<timestamp>349.924456</timestamp>
			</report>
			<report>
				<misses>3500001</misses>
				<total>3082608</total>
				<timestamp>350.024418</timestamp>
			</report>
			<report>
				<misses>3501001</misses>
				<total>3083607</total>
				<timestamp>350.124396</timestamp>
			</report>
			<report>
				<misses>3502001</misses>
				<total>3084606</total>
				<timestamp>350.224414</timestamp>
			</report>
			<report>
				<misses>3503001</misses>
				<total>3085605</total>
				<timestamp>350.324436</timestamp>
			</report>
			<report>
				<misses>3504001</misses>
				<total>3086604</total>
				<timestamp>350.424451</timestamp>
			</report>
			<report>
				<misses>3505001</misses>
				<total>3087603</total>
				<timestamp>350.524413</timestamp>
			</report>
			<report>
				<misses>3506001</misses>
				<total>3088602</total>
				<timestamp>350.624408</timestamp>
			</report>
			<report>
				<misses>3507001</misses>
				<total>3089601</total>
				<timestamp>350.724358</timestamp>
			</report>
			<report>
				<misses>3508001</misses>
				<total>3090600</total>
				<timestamp>350.824312</timestamp>
			</report>
			<report>
				<misses>3509001</misses>
				<total>3091599</total>
				<timestamp>350.924293</timestamp>
			</report>
			<report>
				<misses>3510001</misses>
				<total>3092598</total>
				<timestamp>351.024239</timestamp>
			</report>
			<report>
				<misses>3511001</misses>
				<total>3093597</total>
				<timestamp>351.124173</timestamp>
			</report>
			<report>
				<misses>3512001</misses>
				<total>3094596</total>
				<timestamp>351.224055</timestamp>
			</report>
			<report>
				<misses>3513001</misses>
				<total>3095595</total>
				<timestamp>351.324003</timestamp>
			</report>
			<report>
				<misses>3514001</misses>
				<total>3096594</total>
				<timestamp>351.423991</timestamp>
			</report>
			<report>
				<misses>3515001</misses>
				<total>3097593</total>
				<timestamp>351.524038</timestamp>
			</report>
			<report>
				<misses>3516001</misses>
				<total>3098592</total>
				<timestamp>351.624031</timestamp>
			</report>
			<report>
				<misses>3517001</misses>
				<total>3099591</total>
				<timestamp>351.723969</timestamp>
			</report>
			<report>
				<misses>3518001</misses>
				<total>3100590</total>
				<timestamp>351.823893</timestamp>
			</report>
			<report>
				<misses>3519001</misses>
				<total>3101589</total>
				<timestamp>351.923993</timestamp>
			</report>
			<report>
				<misses>3520001</misses>
				<total>3102588</total>
				<timestamp>352.023979</timestamp>
			</report>
			<report>
				<misses>3521001</misses>
				<total>3103587</total>
				<timestamp>352.123909</timestamp>
			</report>
			<report>
				<misses>3522001</misses>
				<total>3104586</total>
				<timestamp>352.223973</timestamp>
			</report>
			<report>
				<misses>3523001</misses>
				<total>3105585</total>
				<timestamp>352.323945</timestamp>
			</report>
			<report>
				<misses>3524001</misses>
				<total>3106584</total>
				<timestamp>352.423955</timestamp>
			</report>
			<report>
				<misses>3525001</misses>
				<total>3107583</total>
				<timestamp>352.523895</timestamp>
			</report>
			<report>
				<misses>3526001</misses>
				<total>3108582</total>
				<timestamp>352.623993</timestamp>
			</report>
			<report>
				<misses>3527001</misses>
				<total>3109581</total>
				<timestamp>352.724044</timestamp>
			</report>
			<report>
				<misses>3528001</misses>
				<total>3110580</total>
				<timestamp>352.824012</timestamp>
			</report>
			<report>
				<misses>3529001</misses>
				<total>3111579</total>
				<timestamp>352.924039</timestamp>
			</report>
			<report>
				<misses>3530001</misses>
				<total>3112578</total>
				<timestamp>353.024028</timestamp>
			</report>
			<report>
				<misses>3531001</misses>
				<total>3113577</total>
				<timestamp>353.124042</timestamp>
			</report>
			<report>
				<misses>3532001</misses>
				<total>3114576</total>
				<timestamp>353.223990</timestamp>
			</report>
			<report>
				<misses>3533001</misses>
				<total>3115575</total>
				<timestamp>353.323951</timestamp>
			</report>
			<report>
				<misses>3534001</misses>
				<total>3116574</total>
				<timestamp>353.423977</timestamp>
			</report>
			<report>
				<misses>3535001</misses>
				<total>3117573</total>
				<timestamp>353.523969</timestamp>
			</report>
			<report>
				<misses>3536001</misses>
				<total>3118572</total>
				<timestamp>353.624032</timestamp>
			</report>
			<report>
				<misses>3537001</misses>
				<total>3119571</total>
				<timestamp>353.724076</timestamp>
			</report>
			<report>
				<misses>3538001</misses>
				<total>3120570</total>
				<timestamp>353.824050</timestamp>
			</report>
			<report>
				<misses>3539001</misses>
				<total>3121569</total>
				<timestamp>353.924148</timestamp>
			</report>
			<report>
				<misses>3540001</misses>
				<total>3122568</total>
				<timestamp>354.024153</timestamp>
			</report>
			<report>
				<misses>3541001</misses>
				<total>3123567</total>
				<timestamp>354.124097</timestamp>
			</report>
			<report>
				<misses>3542001</misses>
				<total>3124566</total>
				<timestamp>354.224129</timestamp>
			</report>
			<report>
				<misses>3543001</misses>
				<total>3125565</total>
				<timestamp>354.324101</timestamp>
			</report>
			<report>
				<misses>3544001</misses>
				<total>3126564</total>
				<timestamp>354.424077</timestamp>
			</report>
			<report>
				<misses>3545001</misses>
				<total>3127563</total>
				<timestamp>354.524001</timestamp>
			</report>
			<report>
				<misses>3546001</misses>
				<total>3128562</total>
				<timestamp>354.624689</timestamp>
			</report>
			<report>
				<misses>3547001</misses>
				<total>3129561</total>
				<timestamp>354.724571</timestamp>
			</report>
			<report>
				<misses>3548001</misses>
				<total>3130560</total>
				<timestamp>354.824461</timestamp>
			</report>
			<report>
				<misses>3549001</misses>
				<total>3131559</total>
				<timestamp>354.924409</timestamp>
			</report>
			<report>
				<misses>3550001</misses>
				<total>3132558</total>
				<timestamp>355.024456</timestamp>
			</report>
			<report>
				<misses>3551001</misses>
				<total>3133557</total>
				<timestamp>355.124369</timestamp>
			</report>
			<report>
				<misses>3552001</misses>
				<total>3134556</total>
				<timestamp>355.224309</timestamp>
			</report>
			<report>
				<misses>3553001</misses>
				<total>3135555</total>
				<timestamp>355.324277</timestamp>
			</report>
			<report>
				<misses>3554001</misses>
				<total>3136554</total>
				<timestamp>355.424218</timestamp>
			</report>
			<report>
				<misses>3555001</misses>
				<total>3137553</total>
				<timestamp>355.524176</timestamp>
			</report>
			<report>
				<misses>3556001</misses>
				<total>3138552</total>
				<timestamp>355.624078</timestamp>
			</report>
			<report>
				<misses>3557001</misses>
				<total>3139551</total>
				<timestamp>355.723974</timestamp>
			</report>
			<report>
				<misses>3558001</misses>
				<total>3140550</total>
				<timestamp>355.824061</timestamp>
			</report>
			<report>
				<misses>3559001</misses>
				<total>3141549</total>
				<timestamp>355.924024</timestamp>
			</report>
			<report>
				<misses>3560001</misses>
				<total>3142548</total>
				<timestamp>356.024108</timestamp>
			</report>
			<report>
				<misses>3561001</misses>
				<total>3143547</total>
				<timestamp>356.124127</timestamp>
			</report>
			<report>
				<misses>3562001</misses>
				<total>3144546</total>
				<timestamp>356.224058</timestamp>
			</report>
			<report>
				<misses>3563001</misses>
				<total>3145545</total>
				<timestamp>356.325372</timestamp>
			</report>
			<report>
				<misses>3564001</misses>
				<total>3146544</total>
				<timestamp>356.425285</timestamp>
			</report>
			<report>
				<misses>3565001</misses>
				<total>3147543</total>
				<timestamp>356.525201</timestamp>
			</report>
			<report>
				<misses>3566001</misses>
				<total>3148542</total>
				<timestamp>356.625194</timestamp>
			</report>
			<report>
				<misses>3567001</misses>
				<total>3149541</total>
				<timestamp>356.725187</timestamp>
			</report>
			<report>
				<misses>3568001</misses>
				<total>3150540</total>
				<timestamp>356.825139</timestamp>
			</report>
			<report>
				<misses>3569001</misses>
				<total>3151539</total>
				<timestamp>356.925172</timestamp>
			</report>
			<report>
				<misses>3570001</misses>
				<total>3152538</total>
				<timestamp>357.025134</timestamp>
			</report>
			<report>
				<misses>3571001</misses>
				<total>3153537</total>
				<timestamp>357.125161</timestamp>
			</report>
			<report>
				<misses>3572001</misses>
				<total>3154536</total>
				<timestamp>357.225114</timestamp>
			</report>
			<report>
				<misses>3573001</misses>
				<total>3155535</total>
				<timestamp>357.325254</timestamp>
			</report>
			<report>
				<misses>3574001</misses>
				<total>3156534</total>
				<timestamp>357.425235</timestamp>
			</report>
			<report>
				<misses>3575001</misses>
				<total>3157533</total>
				<timestamp>357.525230</timestamp>
			</report>
			<report>
				<misses>3576001</misses>
				<total>3158532</total>
				<timestamp>357.625175</timestamp>
			</report>
			<report>
				<misses>3577001</misses>
				<total>3159531</total>
				<timestamp>357.725085</timestamp>
			</report>
			<report>
				<misses>3578001</misses>
				<total>3160530</total>
				<timestamp>357.825027</timestamp>
			</report>
			<report>
				<misses>3579001</misses>
				<total>3161529</total>
				<timestamp>357.925069</timestamp>
			</report>
			<report>
				<misses>3580001</misses>
				<total>3162528</total>
				<timestamp>358.025048</timestamp>
			</report>
			<report>
				<misses>3581001</misses>
				<total>3163527</total>
				<timestamp>358.125005</timestamp>
			</report>
			<report>
				<misses>3582001</misses>
				<total>3164526</total>
				<timestamp>358.224978</timestamp>
			</report>
			<report>
				<misses>3583001</misses>
				<total>3165525</total>
				<timestamp>358.324935</timestamp>
			</report>
			<report>
				<misses>3584001</misses>
				<total>3166524</total>
				<timestamp>358.425017</timestamp>
			</report>
			<report>
				<misses>3585001</misses>
				<total>3167523</total>
				<timestamp>358.525095</timestamp>
			</report>
			<report>
				<misses>3586001</misses>
				<total>3168522</total>
				<timestamp>358.625205</timestamp>
			</report>
			<report>
				<misses>3587001</misses>
				<total>3169521</total>
				<timestamp>358.725174</timestamp>
			</report>
			<report>
				<misses>3588001</misses>
				<total>3170520</total>
				<timestamp>358.825115</timestamp>
			</report>
			<report>
				<misses>3589001</misses>
				<total>3171519</total>
				<timestamp>358.925094</timestamp>
			</report>
			<report>
				<misses>3590001</misses>
				<total>3172518</total>
				<timestamp>359.025109</timestamp>
			</report>
			<report>
				<misses>3591001</misses>
				<total>3173517</total>
				<timestamp>359.125195</timestamp>
			</report>
			<report>
				<misses>3592001</misses>
				<total>3174516</total>
				<timestamp>359.225282</timestamp>
			</report>
			<report>
				<misses>3593001</misses>
				<total>3175515</total>
				<timestamp>359.325244</timestamp>
			</report>
			<report>
				<misses>3594001</misses>
				<total>3176514</total>
				<timestamp>359.425358</timestamp>
			</report>
			<report>
				<misses>3595001</misses>
				<total>3177513</total>
				<timestamp>359.525255</timestamp>
			</report>
			<report>
				<misses>3596001</misses>
				<total>3178512</total>
				<timestamp>359.625197</timestamp>
			</report>
			<report>
				<misses>3597001</misses>
				<total>3179511</total>
				<timestamp>359.725221</timestamp>
			</report>
			<report>
				<misses>3598001</misses>
				<total>3180510</total>
				<timestamp>359.825325</timestamp>
			</report>
			<report>
				<misses>3599001</misses>
				<total>3181509</total>
				<timestamp>359.925353</timestamp>
			</report>
			<report>
				<misses>3600001</misses>
				<total>3182508</total>
				<timestamp>360.025294</timestamp>
			</report>
			<report>
				<misses>3601001</misses>
				<total>3183507</total>
				<timestamp>360.125232</timestamp>
			</report>
			<report>
				<misses>3602001</misses>
				<total>3184506</total>
				<timestamp>360.225215</timestamp>
			</report>
			<report>
				<misses>3603001</misses>
				<total>3185505</total>
				<timestamp>360.325205</timestamp>
			</report>
			<report>
				<misses>3604001</misses>
				<total>3186504</total>
				<timestamp>360.425219</timestamp>
			</report>
			<report>
				<misses>3605001</misses>
				<total>3187503</total>
				<timestamp>360.525197</timestamp>
			</report>
			<report>
				<misses>3606001</misses>
				<total>3188502</total>
				<timestamp>360.625221</timestamp>
			</report>
			<report>
				<misses>3607001</misses>
				<total>3189501</total>
				<timestamp>360.725176</timestamp>
			</report>
			<report>
				<misses>3608001</misses>
				<total>3190500</total>
				<timestamp>360.825092</timestamp>
			</report>
			<report>
				<misses>3609001</misses>
				<total>3191499</total>
				<timestamp>360.925004</timestamp>
			</report>
			<report>
				<misses>3610001</misses>
				<total>3192498</total>
				<timestamp>361.024970</timestamp>
			</report>
			<report>
				<misses>3611001</misses>
				<total>3193497</total>
				<timestamp>361.124918</timestamp>
			</report>
			<report>
				<misses>3612001</misses>
				<total>3194496</total>
				<timestamp>361.224915</timestamp>
			</report>
			<report>
				<misses>3613001</misses>
				<total>3195495</total>
				<timestamp>361.324982</timestamp>
			</report>
			<report>
				<misses>3614001</misses>
				<total>3196494</total>
				<timestamp>361.424928</timestamp>
			</report>
			<report>
				<misses>3615001</misses>
				<total>3197493</total>
				<timestamp>361.525014</timestamp>
			</report>
			<report>
				<misses>3616001</misses>
				<total>3198492</total>
				<timestamp>361.625103</timestamp>
			</report>
			<report>
				<misses>3617001</misses>
				<total>3199491</total>
				<timestamp>361.725184</timestamp>
			</report>
			<report>
				<misses>3618001</misses>
				<total>3200490</total>
				<timestamp>361.825087</timestamp>
			</report>
			<report>
				<misses>3619001</misses>
				<total>3201489</total>
				<timestamp>361.925022</timestamp>
			</report>
			<report>
				<misses>3620001</misses>
				<total>3202488</total>
				<timestamp>362.024988</timestamp>
			</report>
			<report>
				<misses>3621001</misses>
				<total>3203487</total>
				<timestamp>362.124983</timestamp>
			</report>
			<report>
				<misses>3622001</misses>
				<total>3204486</total>
				<timestamp>362.224954</timestamp>
			</report>
			<report>
				<misses>3623001</misses>
				<total>3205485</total>
				<timestamp>362.324922</timestamp>
			</report>
			<report>
				<misses>3624001</misses>
				<total>3206484</total>
				<timestamp>362.425008</timestamp>
			</report>
			<report>
				<misses>3625001</misses>
				<total>3207483</total>
				<timestamp>362.525023</timestamp>
			</report>
			<report>
				<misses>3626001</misses>
				<total>3208482</total>
				<timestamp>362.625149</timestamp>
			</report>
			<report>
				<misses>3627001</misses>
				<total>3209481</total>
				<timestamp>362.725102</timestamp>
			</report>
			<report>
				<misses>3628001</misses>
				<total>3210480</total>
				<timestamp>362.825105</timestamp>
			</report>
			<report>
				<misses>3629001</misses>
				<total>3211479</total>
				<timestamp>362.925084</timestamp>
			</report>
			<report>
				<misses>3630001</misses>
				<total>3212478</total>
				<timestamp>363.025044</timestamp>
			</report>
			<report>
				<misses>3631001</misses>
				<total>3213477</total>
				<timestamp>363.124983</timestamp>
			</report>
			<report>
				<misses>3632001</misses>
				<total>3214476</total>
				<timestamp>363.224889</timestamp>
			</report>
			<report>
				<misses>3633001</misses>
				<total>3215475</total>
				<timestamp>363.324881</timestamp>
			</report>
			<report>
				<misses>3634001</misses>
				<total>3216474</total>
				<timestamp>363.424781</timestamp>
			</report>
			<report>
				<misses>3635001</misses>
				<total>3217473</total>
				<timestamp>363.524751</timestamp>
			</report>
			<report>
				<misses>3636001</misses>
				<total>3218472</total>
				<timestamp>363.624779</timestamp>
			</report>
			<report>
				<misses>3637001</misses>
				<total>3219471</total>
				<timestamp>363.724745</timestamp>
			</report>
			<report>
				<misses>3638001</misses>
				<total>3220470</total>
				<timestamp>363.824813</timestamp>
			</report>
			<report>
				<misses>3639001</misses>
				<total>3221469</total>
				<timestamp>363.924795</timestamp>
			</report>
			<report>
				<misses>3640001</misses>
				<total>3222468</total>
				<timestamp>364.024826</timestamp>
			</report>
			<report>
				<misses>3641001</misses>
				<total>3223467</total>
				<timestamp>364.124803</timestamp>
			</report>
			<report>
				<misses>3642001</misses>
				<total>3224466</total>
				<timestamp>364.224814</timestamp>
			</report>
			<report>
				<misses>3643001</misses>
				<total>3225465</total>
				<timestamp>364.324835</timestamp>
			</report>
			<report>
				<misses>3644001</misses>
				<total>3226464</total>
				<timestamp>364.424960</timestamp>
			</report>
			<report>
				<misses>3645001</misses>
				<total>3227463</total>
				<timestamp>364.524876</timestamp>
			</report>
			<report>
				<misses>3646001</misses>
				<total>3228462</total>
				<timestamp>364.624818</timestamp>
			</report>
			<report>
				<misses>3647001</misses>
				<total>3229461</total>
				<timestamp>364.724870</timestamp>
			</report>
			<report>
				<misses>3648001</misses>
				<total>3230460</total>
				<timestamp>364.824802</timestamp>
			</report>
			<report>
				<misses>3649001</misses>
				<total>3231459</total>
				<timestamp>364.924895</timestamp>
			</report>
			<report>
				<misses>3650001</misses>
				<total>3232458</total>
				<timestamp>365.024981</timestamp>
			</report>
			<report>
				<misses>3651001</misses>
				<total>3233457</total>
				<timestamp>365.124937</timestamp>
			</report>
			<report>
				<misses>3652001</misses>
				<total>3234456</total>
				<timestamp>365.224953</timestamp>
			</report>
			<report>
				<misses>3653001</misses>
				<total>3235455</total>
				<timestamp>365.324999</timestamp>
			</report>
			<report>
				<misses>3654001</misses>
				<total>3236454</total>
				<timestamp>365.425076</timestamp>
			</report>
			<report>
				<misses>3655001</misses>
				<total>3237453</total>
				<timestamp>365.525002</timestamp>
			</report>
			<report>
				<misses>3656001</misses>
				<total>3238452</total>
				<timestamp>365.625026</timestamp>
			</report>
			<report>
				<misses>3657001</misses>
				<total>3239451</total>
				<timestamp>365.725021</timestamp>
			</report>
			<report>
				<misses>3658001</misses>
				<total>3240450</total>
				<timestamp>365.825133</timestamp>
			</report>
			<report>
				<misses>3659001</misses>
				<total>3241449</total>
				<timestamp>365.925160</timestamp>
			</report>
			<report>
				<misses>3660001</misses>
				<total>3242448</total>
				<timestamp>366.025186</timestamp>
			</report>
			<report>
				<misses>3661001</misses>
				<total>3243447</total>
				<timestamp>366.125077</timestamp>
			</report>
			<report>
				<misses>3662001</misses>
				<total>3244446</total>
				<timestamp>366.224972</timestamp>
			</report>
			<report>
				<misses>3663001</misses>
				<total>3245445</total>
				<timestamp>366.324954</timestamp>
			</report>
			<report>
				<misses>3664001</misses>
				<total>3246444</total>
				<timestamp>366.424959</timestamp>
			</report>
			<report>
				<misses>3665001</misses>
				<total>3247443</total>
				<timestamp>366.524944</timestamp>
			</report>
			<report>
				<misses>3666001</misses>
				<total>3248442</total>
				<timestamp>366.624952</timestamp>
			</report>
			<report>
				<misses>3667001</misses>
				<total>3249441</total>
				<timestamp>366.724983</timestamp>
			</report>
			<report>
				<misses>3668001</misses>
				<total>3250440</total>
				<timestamp>366.824929</timestamp>
			</report>
			<report>
				<misses>3669001</misses>
				<total>3251439</total>
				<timestamp>366.924902</timestamp>
			</report>
			<report>
				<misses>3670001</misses>
				<total>3252438</total>
				<timestamp>367.024867</timestamp>
			</report>
			<report>
				<misses>3671001</misses>
				<total>3253437</total>
				<timestamp>367.124812</timestamp>
			</report>
			<report>
				<misses>3672001</misses>
				<total>3254436</total>
				<timestamp>367.224880</timestamp>
			</report>
			<report>
				<misses>3673001</misses>
				<total>3255435</total>
				<timestamp>367.324939</timestamp>
			</report>
			<report>
				<misses>3674001</misses>
				<total>3256434</total>
				<timestamp>367.424903</timestamp>
			</report>
			<report>
				<misses>3675001</misses>
				<total>3257433</total>
				<timestamp>367.524937</timestamp>
			</report>
			<report>
				<misses>3676001</misses>
				<total>3258432</total>
				<timestamp>367.624874</timestamp>
			</report>
			<report>
				<misses>3677001</misses>
				<total>3259431</total>
				<timestamp>367.724764</timestamp>
			</report>
			<report>
				<misses>3678001</misses>
				<total>3260430</total>
				<timestamp>367.824799</timestamp>
			</report>
			<report>
				<misses>3679001</misses>
				<total>3261429</total>
				<timestamp>367.924844</timestamp>
			</report>
			<report>
				<misses>3680001</misses>
				<total>3262428</total>
				<timestamp>368.024831</timestamp>
			</report>
			<report>
				<misses>3681001</misses>
				<total>3263427</total>
				<timestamp>368.124852</timestamp>
			</report>
			<report>
				<misses>3682001</misses>
				<total>3264426</total>
				<timestamp>368.224835</timestamp>
			</report>
			<report>
				<misses>3683001</misses>
				<total>3265425</total>
				<timestamp>368.324924</timestamp>
			</report>
			<report>
				<misses>3684001</misses>
				<total>3266424</total>
				<timestamp>368.425023</timestamp>
			</report>
			<report>
				<misses>3685001</misses>
				<total>3267423</total>
				<timestamp>368.525037</timestamp>
			</report>
			<report>
				<misses>3686001</misses>
				<total>3268422</total>
				<timestamp>368.625008</timestamp>
			</report>
			<report>
				<misses>3687001</misses>
				<total>3269421</total>
				<timestamp>368.725059</timestamp>
			</report>
			<report>
				<misses>3688001</misses>
				<total>3270420</total>
				<timestamp>368.825105</timestamp>
			</report>
			<report>
				<misses>3689001</misses>
				<total>3271419</total>
				<timestamp>368.925102</timestamp>
			</report>
			<report>
				<misses>3690001</misses>
				<total>3272278</total>
				<timestamp>369.025067</timestamp>
			</report>
			<report>
				<misses>3691001</misses>
				<total>3272278</total>
				<timestamp>369.125039</timestamp>
			</report>
			<report>
				<misses>3692001</misses>
				<total>3272278</total>
				<timestamp>369.225048</timestamp>
			</report>
			<report>
				<misses>3693001</misses>
				<total>3272278</total>
				<timestamp>369.324976</timestamp>
			</report>
			<report>
				<misses>3694001</misses>
				<total>3272278</total>
				<timestamp>369.424930</timestamp>
			</report>
			<report>
				<misses>3695001</misses>
				<total>3272307</total>
				<timestamp>369.524945</timestamp>
			</report>
			<report>
				<misses>3696001</misses>
				<total>3273306</total>
				<timestamp>369.624989</timestamp>
			</report>
			<report>
				<misses>3697001</misses>
				<total>3274305</total>
				<timestamp>369.724990</timestamp>
			</report>
			<report>
				<misses>3698001</misses>
				<total>3275304</total>
				<timestamp>369.825106</timestamp>
			</report>
			<report>
				<misses>3699001</misses>
				<total>3276303</total>
				<timestamp>369.925078</timestamp>
			</report>
			<report>
				<misses>3700001</misses>
				<total>3277302</total>
				<timestamp>370.024983</timestamp>
			</report>
			<report>
				<misses>3701001</misses>
				<total>3277405</total>
				<timestamp>370.124890</timestamp>
			</report>
			<report>
				<misses>3702001</misses>
				<total>3277412</total>
				<timestamp>370.224912</timestamp>
			</report>
			<report>
				<misses>3703001</misses>
				<total>3277785</total>
				<timestamp>370.324913</timestamp>
			</report>
			<report>
				<misses>3704001</misses>
				<total>3278784</total>
				<timestamp>370.424915</timestamp>
			</report>
			<report>
				<misses>3705001</misses>
				<total>3279783</total>
				<timestamp>370.524910</timestamp>
			</report>
			<report>
				<misses>3706001</misses>
				<total>3280646</total>
				<timestamp>370.624860</timestamp>
			</report>
			<report>
				<misses>3707001</misses>
				<total>3281645</total>
				<timestamp>370.724845</timestamp>
			</report>
			<report>
				<misses>3708001</misses>
				<total>3282644</total>
				<timestamp>370.824845</timestamp>
			</report>
			<report>
				<misses>3709001</misses>
				<total>3283643</total>
				<timestamp>370.924836</timestamp>
			</report>
			<report>
				<misses>3710001</misses>
				<total>3284642</total>
				<timestamp>371.024898</timestamp>
			</report>
			<report>
				<misses>3711001</misses>
				<total>3285641</total>
				<timestamp>371.124871</timestamp>
			</report>
			<report>
				<misses>3712001</misses>
				<total>3286640</total>
				<timestamp>371.224851</timestamp>
			</report>
			<report>
				<misses>3713001</misses>
				<total>3287639</total>
				<timestamp>371.324899</timestamp>
			</report>
			<report>
				<misses>3714001</misses>
				<total>3288638</total>
				<timestamp>371.424867</timestamp>
			</report>
			<report>
				<misses>3715001</misses>
				<total>3289637</total>
				<timestamp>371.524871</timestamp>
			</report>
			<report>
				<misses>3716001</misses>
				<total>3290099</total>
				<timestamp>371.624854</timestamp>
			</report>
			<report>
				<misses>3717001</misses>
				<total>3290098</total>
				<timestamp>371.724897</timestamp>
			</report>
			<report>
				<misses>3718001</misses>
				<total>3290099</total>
				<timestamp>371.824861</timestamp>
			</report>
			<report>
				<misses>3719001</misses>
				<total>3290099</total>
				<timestamp>371.924849</timestamp>
			</report>
			<report>
				<misses>3720001</misses>
				<total>3290103</total>
				<timestamp>372.024779</timestamp>
			</report>
			<report>
				<misses>3721001</misses>
				<total>3290102</total>
				<timestamp>372.124871</timestamp>
			</report>
			<report>
				<misses>3722001</misses>
				<total>3290849</total>
				<timestamp>372.224855</timestamp>
			</report>
			<report>
				<misses>3723001</misses>
				<total>3291848</total>
				<timestamp>372.324835</timestamp>
			</report>
			<report>
				<misses>3724001</misses>
				<total>3292847</total>
				<timestamp>372.424830</timestamp>
			</report>
			<report>
				<misses>3725001</misses>
				<total>3293846</total>
				<timestamp>372.524828</timestamp>
			</report>
			<report>
				<misses>3726001</misses>
				<total>3294549</total>
				<timestamp>372.624912</timestamp>
			</report>
			<report>
				<misses>3727001</misses>
				<total>3294587</total>
				<timestamp>372.725184</timestamp>
			</report>
			<report>
				<misses>3728001</misses>
				<total>3295586</total>
				<timestamp>372.825092</timestamp>
			</report>
			<report>
				<misses>3729001</misses>
				<total>3296585</total>
				<timestamp>372.925002</timestamp>
			</report>
			<report>
				<misses>3730001</misses>
				<total>3297584</total>
				<timestamp>373.025088</timestamp>
			</report>
			<report>
				<misses>3731001</misses>
				<total>3298405</total>
				<timestamp>373.124955</timestamp>
			</report>
			<report>
				<misses>3732001</misses>
				<total>3298411</total>
				<timestamp>373.224912</timestamp>
			</report>
			<report>
				<misses>3733001</misses>
				<total>3298410</total>
				<timestamp>373.324886</timestamp>
			</report>
			<report>
				<misses>3734001</misses>
				<total>3298409</total>
				<timestamp>373.424906</timestamp>
			</report>
			<report>
				<misses>3735001</misses>
				<total>3298409</total>
				<timestamp>373.524974</timestamp>
			</report>
			<report>
				<misses>3736001</misses>
				<total>3298410</total>
				<timestamp>373.624901</timestamp>
			</report>
			<report>
				<misses>3737001</misses>
				<total>3298411</total>
				<timestamp>373.724853</timestamp>
			</report>
			<report>
				<misses>3738001</misses>
				<total>3298411</total>
				<timestamp>373.824804</timestamp>
			</report>
			<report>
				<misses>3739001</misses>
				<total>3298411</total>
				<timestamp>373.924813</timestamp>
			</report>
			<report>
				<misses>3740001</misses>
				<total>3299255</total>
				<timestamp>374.024878</timestamp>
			</report>
			<report>
				<misses>3741001</misses>
				<total>3300254</total>
				<timestamp>374.124823</timestamp>
			</report>
			<report>
				<misses>3742001</misses>
				<total>3301253</total>
				<timestamp>374.224812</timestamp>
			</report>
			<report>
				<misses>3743001</misses>
				<total>3302252</total>
				<timestamp>374.324824</timestamp>
			</report>
			<report>
				<misses>3744001</misses>
				<total>3303251</total>
				<timestamp>374.424815</timestamp>
			</report>
			<report>
				<misses>3745001</misses>
				<total>3304250</total>
				<timestamp>374.524820</timestamp>
			</report>
			<report>
				<misses>3746001</misses>
				<total>3305249</total>
				<timestamp>374.624842</timestamp>
			</report>
			<report>
				<misses>3747001</misses>
				<total>3306248</total>
				<timestamp>374.724830</timestamp>
			</report>
			<report>
				<misses>3748001</misses>
				<total>3307247</total>
				<timestamp>374.824823</timestamp>
			</report>
			<report>
				<misses>3749001</misses>
				<total>3308246</total>
				<timestamp>374.924848</timestamp>
			</report>
			<report>
				<misses>3750001</misses>
				<total>3309245</total>
				<timestamp>375.024840</timestamp>
			</report>
			<report>
				<misses>3751001</misses>
				<total>3310244</total>
				<timestamp>375.124880</timestamp>
			</report>
			<report>
				<misses>3752001</misses>
				<total>3311243</total>
				<timestamp>375.224838</timestamp>
			</report>
			<report>
				<misses>3753001</misses>
				<total>3312242</total>
				<timestamp>375.324870</timestamp>
			</report>
			<report>
				<misses>3754001</misses>
				<total>3313241</total>
				<timestamp>375.424820</timestamp>
			</report>
			<report>
				<misses>3755001</misses>
				<total>3314240</total>
				<timestamp>375.524836</timestamp>
			</report>
			<report>
				<misses>3756001</misses>
				<total>3315239</total>
				<timestamp>375.624847</timestamp>
			</report>
			<report>
				<misses>3757001</misses>
				<total>3316238</total>
				<timestamp>375.724828</timestamp>
			</report>
			<report>
				<misses>3758001</misses>
				<total>3317237</total>
				<timestamp>375.824867</timestamp>
			</report>
			<report>
				<misses>3759001</misses>
				<total>3318236</total>
				<timestamp>375.924782</timestamp>
			</report>
			<report>
				<misses>3760001</misses>
				<total>3319235</total>
				<timestamp>376.024710</timestamp>
			</report>
			<report>
				<misses>3761001</misses>
				<total>3320234</total>
				<timestamp>376.124715</timestamp>
			</report>
			<report>
				<misses>3762001</misses>
				<total>3321233</total>
				<timestamp>376.224715</timestamp>
			</report>
			<report>
				<misses>3763001</misses>
				<total>3322232</total>
				<timestamp>376.324677</timestamp>
			</report>
			<report>
				<misses>3764001</misses>
				<total>3323231</total>
				<timestamp>376.424655</timestamp>
			</report>
			<report>
				<misses>3765001</misses>
				<total>3324230</total>
				<timestamp>376.524587</timestamp>
			</report>
			<report>
				<misses>3766001</misses>
				<total>3325229</total>
				<timestamp>376.624470</timestamp>
			</report>
			<report>
				<misses>3767001</misses>
				<total>3326228</total>
				<timestamp>376.724378</timestamp>
			</report>
			<report>
				<misses>3768001</misses>
				<total>3327227</total>
				<timestamp>376.824345</timestamp>
			</report>
			<report>
				<misses>3769001</misses>
				<total>3328226</total>
				<timestamp>376.924293</timestamp>
			</report>
			<report>
				<misses>3770001</misses>
				<total>3329225</total>
				<timestamp>377.024236</timestamp>
			</report>
			<report>
				<misses>3771001</misses>
				<total>3330224</total>
				<timestamp>377.124220</timestamp>
			</report>
			<report>
				<misses>3772001</misses>
				<total>3331223</total>
				<timestamp>377.224230</timestamp>
			</report>
			<report>
				<misses>3773001</misses>
				<total>3332222</total>
				<timestamp>377.324174</timestamp>
			</report>
			<report>
				<misses>3774001</misses>
				<total>3333221</total>
				<timestamp>377.424108</timestamp>
			</report>
			<report>
				<misses>3775001</misses>
				<total>3334220</total>
				<timestamp>377.524104</timestamp>
			</report>
			<report>
				<misses>3776001</misses>
				<total>3335219</total>
				<timestamp>377.624136</timestamp>
			</report>
			<report>
				<misses>3777001</misses>
				<total>3336218</total>
				<timestamp>377.724118</timestamp>
			</report>
			<report>
				<misses>3778001</misses>
				<total>3337217</total>
				<timestamp>377.824122</timestamp>
			</report>
			<report>
				<misses>3779001</misses>
				<total>3338216</total>
				<timestamp>377.924101</timestamp>
			</report>
			<report>
				<misses>3780001</misses>
				<total>3339215</total>
				<timestamp>378.024114</timestamp>
			</report>
			<report>
				<misses>3781001</misses>
				<total>3340214</total>
				<timestamp>378.124103</timestamp>
			</report>
			<report>
				<misses>3782001</misses>
				<total>3341213</total>
				<timestamp>378.224158</timestamp>
			</report>
			<report>
				<misses>3783001</misses>
				<total>3342212</total>
				<timestamp>378.324101</timestamp>
			</report>
			<report>
				<misses>3784001</misses>
				<total>3343211</total>
				<timestamp>378.424109</timestamp>
			</report>
			<report>
				<misses>3785001</misses>
				<total>3344210</total>
				<timestamp>378.524097</timestamp>
			</report>
			<report>
				<misses>3786001</misses>
				<total>3345209</total>
				<timestamp>378.624115</timestamp>
			</report>
			<report>
				<misses>3787001</misses>
				<total>3346208</total>
				<timestamp>378.724103</timestamp>
			</report>
			<report>
				<misses>3788001</misses>
				<total>3347207</total>
				<timestamp>378.824294</timestamp>
			</report>
			<report>
				<misses>3789001</misses>
				<total>3348206</total>
				<timestamp>378.924163</timestamp>
			</report>
			<report>
				<misses>3790001</misses>
				<total>3349205</total>
				<timestamp>379.024108</timestamp>
			</report>
			<report>
				<misses>3791001</misses>
				<total>3350204</total>
				<timestamp>379.124112</timestamp>
			</report>
			<report>
				<misses>3792001</misses>
				<total>3351203</total>
				<timestamp>379.224112</timestamp>
			</report>
			<report>
				<misses>3793001</misses>
				<total>3352202</total>
				<timestamp>379.324113</timestamp>
			</report>
			<report>
				<misses>3794001</misses>
				<total>3353201</total>
				<timestamp>379.424132</timestamp>
			</report>
			<report>
				<misses>3795001</misses>
				<total>3354200</total>
				<timestamp>379.524097</timestamp>
			</report>
			<report>
				<misses>3796001</misses>
				<total>3355199</total>
				<timestamp>379.624078</timestamp>
			</report>
			<report>
				<misses>3797001</misses>
				<total>3356198</total>
				<timestamp>379.723996</timestamp>
			</report>
			<report>
				<misses>3798001</misses>
				<total>3357197</total>
				<timestamp>379.824046</timestamp>
			</report>
			<report>
				<misses>3799001</misses>
				<total>3358196</total>
				<timestamp>379.923981</timestamp>
			</report>
			<report>
				<misses>3800001</misses>
				<total>3359195</total>
				<timestamp>380.023873</timestamp>
			</report>
			<report>
				<misses>3801001</misses>
				<total>3360194</total>
				<timestamp>380.123858</timestamp>
			</report>
			<report>
				<misses>3802001</misses>
				<total>3361193</total>
				<timestamp>380.223800</timestamp>
			</report>
			<report>
				<misses>3803001</misses>
				<total>3362192</total>
				<timestamp>380.323836</timestamp>
			</report>
			<report>
				<misses>3804001</misses>
				<total>3363191</total>
				<timestamp>380.423782</timestamp>
			</report>
			<report>
				<misses>3805001</misses>
				<total>3364190</total>
				<timestamp>380.523758</timestamp>
			</report>
			<report>
				<misses>3806001</misses>
				<total>3365189</total>
				<timestamp>380.623707</timestamp>
			</report>
			<report>
				<misses>3807001</misses>
				<total>3366188</total>
				<timestamp>380.723692</timestamp>
			</report>
			<report>
				<misses>3808001</misses>
				<total>3367187</total>
				<timestamp>380.823639</timestamp>
			</report>
			<report>
				<misses>3809001</misses>
				<total>3368186</total>
				<timestamp>380.923584</timestamp>
			</report>
			<report>
				<misses>3810001</misses>
				<total>3369185</total>
				<timestamp>381.023474</timestamp>
			</report>
			<report>
				<misses>3811001</misses>
				<total>3370184</total>
				<timestamp>381.123375</timestamp>
			</report>
			<report>
				<misses>3812001</misses>
				<total>3371183</total>
				<timestamp>381.223264</timestamp>
			</report>
			<report>
				<misses>3813001</misses>
				<total>3372182</total>
				<timestamp>381.323163</timestamp>
			</report>
			<report>
				<misses>3814001</misses>
				<total>3373181</total>
				<timestamp>381.423113</timestamp>
			</report>
			<report>
				<misses>3815001</misses>
				<total>3374180</total>
				<timestamp>381.523090</timestamp>
			</report>
			<report>
				<misses>3816001</misses>
				<total>3375179</total>
				<timestamp>381.622999</timestamp>
			</report>
			<report>
				<misses>3817001</misses>
				<total>3376178</total>
				<timestamp>381.723092</timestamp>
			</report>
			<report>
				<misses>3818001</misses>
				<total>3377177</total>
				<timestamp>381.822998</timestamp>
			</report>
			<report>
				<misses>3819001</misses>
				<total>3378176</total>
				<timestamp>381.923094</timestamp>
			</report>
			<report>
				<misses>3820001</misses>
				<total>3379175</total>
				<timestamp>382.023129</timestamp>
			</report>
			<report>
				<misses>3821001</misses>
				<total>3380174</total>
				<timestamp>382.123235</timestamp>
			</report>
			<report>
				<misses>3822001</misses>
				<total>3381173</total>
				<timestamp>382.223177</timestamp>
			</report>
			<report>
				<misses>3823001</misses>
				<total>3382172</total>
				<timestamp>382.323104</timestamp>
			</report>
			<report>
				<misses>3824001</misses>
				<total>3383171</total>
				<timestamp>382.423230</timestamp>
			</report>
			<report>
				<misses>3825001</misses>
				<total>3384170</total>
				<timestamp>382.523367</timestamp>
			</report>
			<report>
				<misses>3826001</misses>
				<total>3385169</total>
				<timestamp>382.623324</timestamp>
			</report>
			<report>
				<misses>3827001</misses>
				<total>3386168</total>
				<timestamp>382.723410</timestamp>
			</report>
			<report>
				<misses>3828001</misses>
				<total>3387167</total>
				<timestamp>382.823425</timestamp>
			</report>
			<report>
				<misses>3829001</misses>
				<total>3388166</total>
				<timestamp>382.923455</timestamp>
			</report>
			<report>
				<misses>3830001</misses>
				<total>3389165</total>
				<timestamp>383.023491</timestamp>
			</report>
			<report>
				<misses>3831001</misses>
				<total>3390164</total>
				<timestamp>383.123612</timestamp>
			</report>
			<report>
				<misses>3832001</misses>
				<total>3391163</total>
				<timestamp>383.223750</timestamp>
			</report>
			<report>
				<misses>3833001</misses>
				<total>3392162</total>
				<timestamp>383.323823</timestamp>
			</report>
			<report>
				<misses>3834001</misses>
				<total>3393161</total>
				<timestamp>383.423839</timestamp>
			</report>
			<report>
				<misses>3835001</misses>
				<total>3394160</total>
				<timestamp>383.523855</timestamp>
			</report>
			<report>
				<misses>3836001</misses>
				<total>3395159</total>
				<timestamp>383.623806</timestamp>
			</report>
			<report>
				<misses>3837001</misses>
				<total>3396158</total>
				<timestamp>383.723855</timestamp>
			</report>
			<report>
				<misses>3838001</misses>
				<total>3397157</total>
				<timestamp>383.823764</timestamp>
			</report>
			<report>
				<misses>3839001</misses>
				<total>3398156</total>
				<timestamp>383.923787</timestamp>
			</report>
			<report>
				<misses>3840001</misses>
				<total>3399155</total>
				<timestamp>384.023775</timestamp>
			</report>
			<report>
				<misses>3841001</misses>
				<total>3400154</total>
				<timestamp>384.123890</timestamp>
			</report>
			<report>
				<misses>3842001</misses>
				<total>3401153</total>
				<timestamp>384.223831</timestamp>
			</report>
			<report>
				<misses>3843001</misses>
				<total>3402152</total>
				<timestamp>384.323838</timestamp>
			</report>
			<report>
				<misses>3844001</misses>
				<total>3403151</total>
				<timestamp>384.423820</timestamp>
			</report>
			<report>
				<misses>3845001</misses>
				<total>3404150</total>
				<timestamp>384.523838</timestamp>
			</report>
			<report>
				<misses>3846001</misses>
				<total>3405149</total>
				<timestamp>384.623861</timestamp>
			</report>
			<report>
				<misses>3847001</misses>
				<total>3406148</total>
				<timestamp>384.723809</timestamp>
			</report>
			<report>
				<misses>3848001</misses>
				<total>3407147</total>
				<timestamp>384.823765</timestamp>
			</report>
			<report>
				<misses>3849001</misses>
				<total>3408146</total>
				<timestamp>384.923758</timestamp>
			</report>
			<report>
				<misses>3850001</misses>
				<total>3409145</total>
				<timestamp>385.023748</timestamp>
			</report>
			<report>
				<misses>3851001</misses>
				<total>3410144</total>
				<timestamp>385.123808</timestamp>
			</report>
			<report>
				<misses>3852001</misses>
				<total>3411143</total>
				<timestamp>385.223798</timestamp>
			</report>
			<report>
				<misses>3853001</misses>
				<total>3412142</total>
				<timestamp>385.323865</timestamp>
			</report>
			<report>
				<misses>3854001</misses>
				<total>3413141</total>
				<timestamp>385.423828</timestamp>
			</report>
			<report>
				<misses>3855001</misses>
				<total>3414140</total>
				<timestamp>385.523810</timestamp>
			</report>
			<report>
				<misses>3856001</misses>
				<total>3415139</total>
				<timestamp>385.623832</timestamp>
			</report>
			<report>
				<misses>3857001</misses>
				<total>3416138</total>
				<timestamp>385.723794</timestamp>
			</report>
			<report>
				<misses>3858001</misses>
				<total>3417137</total>
				<timestamp>385.823817</timestamp>
			</report>
			<report>
				<misses>3859001</misses>
				<total>3418136</total>
				<timestamp>385.923781</timestamp>
			</report>
			<report>
				<misses>3860001</misses>
				<total>3419135</total>
				<timestamp>386.023677</timestamp>
			</report>
			<report>
				<misses>3861001</misses>
				<total>3420134</total>
				<timestamp>386.123606</timestamp>
			</report>
			<report>
				<misses>3862001</misses>
				<total>3421133</total>
				<timestamp>386.223642</timestamp>
			</report>
			<report>
				<misses>3863001</misses>
				<total>3422132</total>
				<timestamp>386.323603</timestamp>
			</report>
			<report>
				<misses>3864001</misses>
				<total>3423131</total>
				<timestamp>386.423594</timestamp>
			</report>
			<report>
				<misses>3865001</misses>
				<total>3424130</total>
				<timestamp>386.523460</timestamp>
			</report>
			<report>
				<misses>3866001</misses>
				<total>3425129</total>
				<timestamp>386.623368</timestamp>
			</report>
			<report>
				<misses>3867001</misses>
				<total>3426128</total>
				<timestamp>386.723265</timestamp>
			</report>
			<report>
				<misses>3868001</misses>
				<total>3427127</total>
				<timestamp>386.823212</timestamp>
			</report>
			<report>
				<misses>3869001</misses>
				<total>3428126</total>
				<timestamp>386.923227</timestamp>
			</report>
			<report>
				<misses>3870001</misses>
				<total>3429125</total>
				<timestamp>387.023265</timestamp>
			</report>
			<report>
				<misses>3871001</misses>
				<total>3430124</total>
				<timestamp>387.123229</timestamp>
			</report>
			<report>
				<misses>3872001</misses>
				<total>3431123</total>
				<timestamp>387.223296</timestamp>
			</report>
			<report>
				<misses>3873001</misses>
				<total>3432122</total>
				<timestamp>387.323280</timestamp>
			</report>
			<report>
				<misses>3874001</misses>
				<total>3433121</total>
				<timestamp>387.423201</timestamp>
			</report>
			<report>
				<misses>3875001</misses>
				<total>3434120</total>
				<timestamp>387.523228</timestamp>
			</report>
			<report>
				<misses>3876001</misses>
				<total>3435119</total>
				<timestamp>387.623240</timestamp>
			</report>
			<report>
				<misses>3877001</misses>
				<total>3436118</total>
				<timestamp>387.723269</timestamp>
			</report>
			<report>
				<misses>3878001</misses>
				<total>3437117</total>
				<timestamp>387.823225</timestamp>
			</report>
			<report>
				<misses>3879001</misses>
				<total>3438116</total>
				<timestamp>387.923302</timestamp>
			</report>
			<report>
				<misses>3880001</misses>
				<total>3439115</total>
				<timestamp>388.023337</timestamp>
			</report>
			<report>
				<misses>3881001</misses>
				<total>3440114</total>
				<timestamp>388.123410</timestamp>
			</report>
			<report>
				<misses>3882001</misses>
				<total>3441113</total>
				<timestamp>388.223647</timestamp>
			</report>
			<report>
				<misses>3883001</misses>
				<total>3442112</total>
				<timestamp>388.323628</timestamp>
			</report>
			<report>
				<misses>3884001</misses>
				<total>3443111</total>
				<timestamp>388.423790</timestamp>
			</report>
			<report>
				<misses>3885001</misses>
				<total>3444110</total>
				<timestamp>388.523782</timestamp>
			</report>
			<report>
				<misses>3886001</misses>
				<total>3445109</total>
				<timestamp>388.623790</timestamp>
			</report>
			<report>
				<misses>3887001</misses>
				<total>3446108</total>
				<timestamp>388.723719</timestamp>
			</report>
			<report>
				<misses>3888001</misses>
				<total>3447107</total>
				<timestamp>388.823797</timestamp>
			</report>
			<report>
				<misses>3889001</misses>
				<total>3448106</total>
				<timestamp>388.923895</timestamp>
			</report>
			<report>
				<misses>3890001</misses>
				<total>3449105</total>
				<timestamp>389.023916</timestamp>
			</report>
			<report>
				<misses>3891001</misses>
				<total>3450104</total>
				<timestamp>389.123982</timestamp>
			</report>
			<report>
				<misses>3892001</misses>
				<total>3451103</total>
				<timestamp>389.224026</timestamp>
			</report>
			<report>
				<misses>3893001</misses>
				<total>3452102</total>
				<timestamp>389.324102</timestamp>
			</report>
			<report>
				<misses>3894001</misses>
				<total>3453101</total>
				<timestamp>389.424222</timestamp>
			</report>
			<report>
				<misses>3895001</misses>
				<total>3454100</total>
				<timestamp>389.524228</timestamp>
			</report>
			<report>
				<misses>3896001</misses>
				<total>3455099</total>
				<timestamp>389.624265</timestamp>
			</report>
			<report>
				<misses>3897001</misses>
				<total>3456098</total>
				<timestamp>389.724294</timestamp>
			</report>
			<report>
				<misses>3898001</misses>
				<total>3457097</total>
				<timestamp>389.824305</timestamp>
			</report>
			<report>
				<misses>3899001</misses>
				<total>3458096</total>
				<timestamp>389.924348</timestamp>
			</report>
			<report>
				<misses>3900001</misses>
				<total>3459095</total>
				<timestamp>390.024328</timestamp>
			</report>
			<report>
				<misses>3901001</misses>
				<total>3460094</total>
				<timestamp>390.124384</timestamp>
			</report>
			<report>
				<misses>3902001</misses>
				<total>3461093</total>
				<timestamp>390.224331</timestamp>
			</report>
			<report>
				<misses>3903001</misses>
				<total>3462092</total>
				<timestamp>390.324355</timestamp>
			</report>
			<report>
				<misses>3904001</misses>
				<total>3463091</total>
				<timestamp>390.424504</timestamp>
			</report>
			<report>
				<misses>3905001</misses>
				<total>3464090</total>
				<timestamp>390.524673</timestamp>
			</report>
			<report>
				<misses>3906001</misses>
				<total>3465089</total>
				<timestamp>390.624655</timestamp>
			</report>
			<report>
				<misses>3907001</misses>
				<total>3466088</total>
				<timestamp>390.724675</timestamp>
			</report>
			<report>
				<misses>3908001</misses>
				<total>3467087</total>
				<timestamp>390.824657</timestamp>
			</report>
			<report>
				<misses>3909001</misses>
				<total>3468086</total>
				<timestamp>390.924806</timestamp>
			</report>
			<report>
				<misses>3910001</misses>
				<total>3469085</total>
				<timestamp>391.024772</timestamp>
			</report>
			<report>
				<misses>3911001</misses>
				<total>3470084</total>
				<timestamp>391.124736</timestamp>
			</report>
			<report>
				<misses>3912001</misses>
				<total>3471083</total>
				<timestamp>391.224721</timestamp>
			</report>
			<report>
				<misses>3913001</misses>
				<total>3472082</total>
				<timestamp>391.324707</timestamp>
			</report>
			<report>
				<misses>3914001</misses>
				<total>3473081</total>
				<timestamp>391.424726</timestamp>
			</report>
			<report>
				<misses>3915001</misses>
				<total>3474080</total>
				<timestamp>391.524719</timestamp>
			</report>
			<report>
				<misses>3916001</misses>
				<total>3475079</total>
				<timestamp>391.624778</timestamp>
			</report>
			<report>
				<misses>3917001</misses>
				<total>3476078</total>
				<timestamp>391.724752</timestamp>
			</report>
			<report>
				<misses>3918001</misses>
				<total>3477077</total>
				<timestamp>391.824709</timestamp>
			</report>
			<report>
				<misses>3919001</misses>
				<total>3478076</total>
				<timestamp>391.924784</timestamp>
			</report>
			<report>
				<misses>3920001</misses>
				<total>3479075</total>
				<timestamp>392.024790</timestamp>
			</report>
			<report>
				<misses>3921001</misses>
				<total>3480074</total>
				<timestamp>392.124747</timestamp>
			</report>
			<report>
				<misses>3922001</misses>
				<total>3481073</total>
				<timestamp>392.224729</timestamp>
			</report>
			<report>
				<misses>3923001</misses>
				<total>3482072</total>
				<timestamp>392.324731</timestamp>
			</report>
			<report>
				<misses>3924001</misses>
				<total>3483071</total>
				<timestamp>392.424708</timestamp>
			</report>
			<report>
				<misses>3925001</misses>
				<total>3484070</total>
				<timestamp>392.524712</timestamp>
			</report>
			<report>
				<misses>3926001</misses>
				<total>3485069</total>
				<timestamp>392.624705</timestamp>
			</report>
			<report>
				<misses>3927001</misses>
				<total>3486068</total>
				<timestamp>392.724727</timestamp>
			</report>
			<report>
				<misses>3928001</misses>
				<total>3487067</total>
				<timestamp>392.824695</timestamp>
			</report>
			<report>
				<misses>3929001</misses>
				<total>3488066</total>
				<timestamp>392.924787</timestamp>
			</report>
			<report>
				<misses>3930001</misses>
				<total>3489065</total>
				<timestamp>393.024721</timestamp>
			</report>
			<report>
				<misses>3931001</misses>
				<total>3490064</total>
				<timestamp>393.124759</timestamp>
			</report>
			<report>
				<misses>3932001</misses>
				<total>3491063</total>
				<timestamp>393.224818</timestamp>
			</report>
			<report>
				<misses>3933001</misses>
				<total>3492062</total>
				<timestamp>393.324851</timestamp>
			</report>
			<report>
				<misses>3934001</misses>
				<total>3493061</total>
				<timestamp>393.424778</timestamp>
			</report>
			<report>
				<misses>3935001</misses>
				<total>3494060</total>
				<timestamp>393.524774</timestamp>
			</report>
			<report>
				<misses>3936001</misses>
				<total>3495059</total>
				<timestamp>393.624770</timestamp>
			</report>
			<report>
				<misses>3937001</misses>
				<total>3496058</total>
				<timestamp>393.724755</timestamp>
			</report>
			<report>
				<misses>3938001</misses>
				<total>3497057</total>
				<timestamp>393.824692</timestamp>
			</report>
			<report>
				<misses>3939001</misses>
				<total>3498056</total>
				<timestamp>393.924738</timestamp>
			</report>
			<report>
				<misses>3940001</misses>
				<total>3499055</total>
				<timestamp>394.024751</timestamp>
			</report>
			<report>
				<misses>3941001</misses>
				<total>3500054</total>
				<timestamp>394.124696</timestamp>
			</report>
			<report>
				<misses>3942001</misses>
				<total>3501053</total>
				<timestamp>394.224759</timestamp>
			</report>
			<report>
				<misses>3943001</misses>
				<total>3502052</total>
				<timestamp>394.324709</timestamp>
			</report>
			<report>
				<misses>3944001</misses>
				<total>3503051</total>
				<timestamp>394.424669</timestamp>
			</report>
			<report>
				<misses>3945001</misses>
				<total>3504050</total>
				<timestamp>394.524689</timestamp>
			</report>
			<report>
				<misses>3946001</misses>
				<total>3505049</total>
				<timestamp>394.624643</timestamp>
			</report>
			<report>
				<misses>3947001</misses>
				<total>3506048</total>
				<timestamp>394.724725</timestamp>
			</report>
			<report>
				<misses>3948001</misses>
				<total>3507047</total>
				<timestamp>394.824704</timestamp>
			</report>
			<report>
				<misses>3949001</misses>
				<total>3508046</total>
				<timestamp>394.924690</timestamp>
			</report>
			<report>
				<misses>3950001</misses>
				<total>3509045</total>
				<timestamp>395.024599</timestamp>
			</report>
			<report>
				<misses>3951001</misses>
				<total>3510044</total>
				<timestamp>395.124600</timestamp>
			</report>
			<report>
				<misses>3952001</misses>
				<total>3511043</total>
				<timestamp>395.224623</timestamp>
			</report>
			<report>
				<misses>3953001</misses>
				<total>3512042</total>
				<timestamp>395.324623</timestamp>
			</report>
			<report>
				<misses>3954001</misses>
				<total>3513041</total>
				<timestamp>395.424564</timestamp>
			</report>
			<report>
				<misses>3955001</misses>
				<total>3514040</total>
				<timestamp>395.524544</timestamp>
			</report>
			<report>
				<misses>3956001</misses>
				<total>3515039</total>
				<timestamp>395.624545</timestamp>
			</report>
			<report>
				<misses>3957001</misses>
				<total>3516038</total>
				<timestamp>395.724533</timestamp>
			</report>
			<report>
				<misses>3958001</misses>
				<total>3517037</total>
				<timestamp>395.824542</timestamp>
			</report>
			<report>
				<misses>3959001</misses>
				<total>3518036</total>
				<timestamp>395.924539</timestamp>
			</report>
			<report>
				<misses>3960001</misses>
				<total>3519035</total>
				<timestamp>396.024543</timestamp>
			</report>
			<report>
				<misses>3961001</misses>
				<total>3520034</total>
				<timestamp>396.124554</timestamp>
			</report>
			<report>
				<misses>3962001</misses>
				<total>3521033</total>
				<timestamp>396.224581</timestamp>
			</report>
			<report>
				<misses>3963001</misses>
				<total>3522032</total>
				<timestamp>396.324532</timestamp>
			</report>
			<report>
				<misses>3964001</misses>
				<total>3523031</total>
				<timestamp>396.424533</timestamp>
			</report>
			<report>
				<misses>3965001</misses>
				<total>3524030</total>
				<timestamp>396.524591</timestamp>
			</report>
			<report>
				<misses>3966001</misses>
				<total>3525029</total>
				<timestamp>396.624729</timestamp>
			</report>
			<report>
				<misses>3967001</misses>
				<total>3526028</total>
				<timestamp>396.724688</timestamp>
			</report>
			<report>
				<misses>3968001</misses>
				<total>3527027</total>
				<timestamp>396.824735</timestamp>
			</report>
			<report>
				<misses>3969001</misses>
				<total>3528026</total>
				<timestamp>396.924728</timestamp>
			</report>
			<report>
				<misses>3970001</misses>
				<total>3529025</total>
				<timestamp>397.024726</timestamp>
			</report>
			<report>
				<misses>3971001</misses>
				<total>3530024</total>
				<timestamp>397.124694</timestamp>
			</report>
			<report>
				<misses>3972001</misses>
				<total>3531023</total>
				<timestamp>397.224736</timestamp>
			</report>
			<report>
				<misses>3973001</misses>
				<total>3532022</total>
				<timestamp>397.324761</timestamp>
			</report>
			<report>
				<misses>3974001</misses>
				<total>3533021</total>
				<timestamp>397.424778</timestamp>
			</report>
			<report>
				<misses>3975001</misses>
				<total>3534020</total>
				<timestamp>397.524712</timestamp>
			</report>
			<report>
				<misses>3976001</misses>
				<total>3535019</total>
				<timestamp>397.624764</timestamp>
			</report>
			<report>
				<misses>3977001</misses>
				<total>3536018</total>
				<timestamp>397.724799</timestamp>
			</report>
			<report>
				<misses>3978001</misses>
				<total>3537017</total>
				<timestamp>397.824866</timestamp>
			</report>
			<report>
				<misses>3979001</misses>
				<total>3538016</total>
				<timestamp>397.924891</timestamp>
			</report>
			<report>
				<misses>3980001</misses>
				<total>3539015</total>
				<timestamp>398.024823</timestamp>
			</report>
			<report>
				<misses>3981001</misses>
				<total>3540014</total>
				<timestamp>398.124970</timestamp>
			</report>
			<report>
				<misses>3982001</misses>
				<total>3541013</total>
				<timestamp>398.224902</timestamp>
			</report>
			<report>
				<misses>3983001</misses>
				<total>3542012</total>
				<timestamp>398.324991</timestamp>
			</report>
			<report>
				<misses>3984001</misses>
				<total>3543011</total>
				<timestamp>398.424875</timestamp>
			</report>
			<report>
				<misses>3985001</misses>
				<total>3544010</total>
				<timestamp>398.524840</timestamp>
			</report>
			<report>
				<misses>3986001</misses>
				<total>3545009</total>
				<timestamp>398.624788</timestamp>
			</report>
			<report>
				<misses>3987001</misses>
				<total>3546008</total>
				<timestamp>398.724696</timestamp>
			</report>
			<report>
				<misses>3988001</misses>
				<total>3547007</total>
				<timestamp>398.824737</timestamp>
			</report>
			<report>
				<misses>3989001</misses>
				<total>3548006</total>
				<timestamp>398.924748</timestamp>
			</report>
			<report>
				<misses>3990001</misses>
				<total>3549005</total>
				<timestamp>399.024762</timestamp>
			</report>
			<report>
				<misses>3991001</misses>
				<total>3550004</total>
				<timestamp>399.124805</timestamp>
			</report>
			<report>
				<misses>3992001</misses>
				<total>3551003</total>
				<timestamp>399.224790</timestamp>
			</report>
			<report>
				<misses>3993001</misses>
				<total>3552002</total>
				<timestamp>399.324737</timestamp>
			</report>
			<report>
				<misses>3994001</misses>
				<total>3553001</total>
				<timestamp>399.424750</timestamp>
			</report>
			<report>
				<misses>3995001</misses>
				<total>3554000</total>
				<timestamp>399.524837</timestamp>
			</report>
			<report>
				<misses>3996001</misses>
				<total>3554999</total>
				<timestamp>399.624813</timestamp>
			</report>
			<report>
				<misses>3997001</misses>
				<total>3555998</total>
				<timestamp>399.724804</timestamp>
			</report>
			<report>
				<misses>3998001</misses>
				<total>3556057</total>
				<timestamp>399.824982</timestamp>
			</report>
			<report>
				<misses>3999001</misses>
				<total>3556057</total>
				<timestamp>399.924973</timestamp>
			</report>
			<report>
				<misses>4000001</misses>
				<total>3556057</total>
				<timestamp>400.024961</timestamp>
			</report>
			<report>
				<misses>4001001</misses>
				<total>3556058</total>
				<timestamp>400.124864</timestamp>
			</report>
			<report>
				<misses>4002001</misses>
				<total>3556058</total>
				<timestamp>400.224750</timestamp>
			</report>
			<report>
				<misses>4003001</misses>
				<total>3556058</total>
				<timestamp>400.324688</timestamp>
			</report>
			<report>
				<misses>4004001</misses>
				<total>3556057</total>
				<timestamp>400.424688</timestamp>
			</report>
			<report>
				<misses>4005001</misses>
				<total>3556059</total>
				<timestamp>400.524588</timestamp>
			</report>
			<report>
				<misses>4006001</misses>
				<total>3556057</total>
				<timestamp>400.624581</timestamp>
			</report>
			<report>
				<misses>4007001</misses>
				<total>3556058</total>
				<timestamp>400.724513</timestamp>
			</report>
			<report>
				<misses>4008001</misses>
				<total>3556058</total>
				<timestamp>400.824563</timestamp>
			</report>
			<report>
				<misses>4009001</misses>
				<total>3556058</total>
				<timestamp>400.924558</timestamp>
			</report>
			<report>
				<misses>4010001</misses>
				<total>3556067</total>
				<timestamp>401.024493</timestamp>
			</report>
			<report>
				<misses>4011001</misses>
				<total>3556066</total>
				<timestamp>401.124571</timestamp>
			</report>
			<report>
				<misses>4012001</misses>
				<total>3556068</total>
				<timestamp>401.224580</timestamp>
			</report>
			<report>
				<misses>4013001</misses>
				<total>3556069</total>
				<timestamp>401.324518</timestamp>
			</report>
			<report>
				<misses>4014001</misses>
				<total>3556068</total>
				<timestamp>401.424501</timestamp>
			</report>
			<report>
				<misses>4015001</misses>
				<total>3556068</total>
				<timestamp>401.524505</timestamp>
			</report>
			<report>
				<misses>4016001</misses>
				<total>3556068</total>
				<timestamp>401.624576</timestamp>
			</report>
			<report>
				<misses>4017001</misses>
				<total>3556067</total>
				<timestamp>401.724576</timestamp>
			</report>
			<report>
				<misses>4018001</misses>
				<total>3556068</total>
				<timestamp>401.824700</timestamp>
			</report>
			<report>
				<misses>4019001</misses>
				<total>3556083</total>
				<timestamp>401.924781</timestamp>
			</report>
			<report>
				<misses>4020001</misses>
				<total>3556083</total>
				<timestamp>402.024761</timestamp>
			</report>
			<report>
				<misses>4021001</misses>
				<total>3556084</total>
				<timestamp>402.124706</timestamp>
			</report>
			<report>
				<misses>4022001</misses>
				<total>3556084</total>
				<timestamp>402.224678</timestamp>
			</report>
			<report>
				<misses>4023001</misses>
				<total>3556088</total>
				<timestamp>402.324650</timestamp>
			</report>
			<report>
				<misses>4024001</misses>
				<total>3556088</total>
				<timestamp>402.424626</timestamp>
			</report>
			<report>
				<misses>4025001</misses>
				<total>3556097</total>
				<timestamp>402.524586</timestamp>
			</report>
			<report>
				<misses>4026001</misses>
				<total>3556097</total>
				<timestamp>402.624504</timestamp>
			</report>
			<report>
				<misses>4027001</misses>
				<total>3556102</total>
				<timestamp>402.724505</timestamp>
			</report>
			<report>
				<misses>4028001</misses>
				<total>3556103</total>
				<timestamp>402.824552</timestamp>
			</report>
			<report>
				<misses>4029001</misses>
				<total>3556102</total>
				<timestamp>402.924689</timestamp>
			</report>
			<report>
				<misses>4030001</misses>
				<total>3556101</total>
				<timestamp>403.024707</timestamp>
			</report>
			<report>
				<misses>4031001</misses>
				<total>3556746</total>
				<timestamp>403.124692</timestamp>
			</report>
			<report>
				<misses>4032001</misses>
				<total>3557745</total>
				<timestamp>403.224638</timestamp>
			</report>
			<report>
				<misses>4033001</misses>
				<total>3558647</total>
				<timestamp>403.324671</timestamp>
			</report>
			<report>
				<misses>4034001</misses>
				<total>3558647</total>
				<timestamp>403.424675</timestamp>
			</report>
			<report>
				<misses>4035001</misses>
				<total>3558649</total>
				<timestamp>403.524665</timestamp>
			</report>
			<report>
				<misses>4036001</misses>
				<total>3558649</total>
				<timestamp>403.624642</timestamp>
			</report>
			<report>
				<misses>4037001</misses>
				<total>3558649</total>
				<timestamp>403.724726</timestamp>
			</report>
			<report>
				<misses>4038001</misses>
				<total>3559206</total>
				<timestamp>403.824767</timestamp>
			</report>
			<report>
				<misses>4039001</misses>
				<total>3560205</total>
				<timestamp>403.924750</timestamp>
			</report>
			<report>
				<misses>4040001</misses>
				<total>3561204</total>
				<timestamp>404.024706</timestamp>
			</report>
			<report>
				<misses>4041001</misses>
				<total>3562203</total>
				<timestamp>404.124703</timestamp>
			</report>
			<report>
				<misses>4042001</misses>
				<total>3563202</total>
				<timestamp>404.224775</timestamp>
			</report>
			<report>
				<misses>4043001</misses>
				<total>3564201</total>
				<timestamp>404.324795</timestamp>
			</report>
			<report>
				<misses>4044001</misses>
				<total>3565200</total>
				<timestamp>404.424789</timestamp>
			</report>
			<report>
				<misses>4045001</misses>
				<total>3566199</total>
				<timestamp>404.524695</timestamp>
			</report>
			<report>
				<misses>4046001</misses>
				<total>3567198</total>
				<timestamp>404.624690</timestamp>
			</report>
			<report>
				<misses>4047001</misses>
				<total>3568197</total>
				<timestamp>404.724655</timestamp>
			</report>
			<report>
				<misses>4048001</misses>
				<total>3569196</total>
				<timestamp>404.824702</timestamp>
			</report>
			<report>
				<misses>4049001</misses>
				<total>3570195</total>
				<timestamp>404.924815</timestamp>
			</report>
			<report>
				<misses>4050001</misses>
				<total>3571194</total>
				<timestamp>405.024868</timestamp>
			</report>
			<report>
				<misses>4051001</misses>
				<total>3572193</total>
				<timestamp>405.124779</timestamp>
			</report>
			<report>
				<misses>4052001</misses>
				<total>3573192</total>
				<timestamp>405.224707</timestamp>
			</report>
			<report>
				<misses>4053001</misses>
				<total>3574191</total>
				<timestamp>405.324689</timestamp>
			</report>
			<report>
				<misses>4054001</misses>
				<total>3575190</total>
				<timestamp>405.424728</timestamp>
			</report>
			<report>
				<misses>4055001</misses>
				<total>3576189</total>
				<timestamp>405.524688</timestamp>
			</report>
			<report>
				<misses>4056001</misses>
				<total>3577188</total>
				<timestamp>405.624623</timestamp>
			</report>
			<report>
				<misses>4057001</misses>
				<total>3578187</total>
				<timestamp>405.724650</timestamp>
			</report>
			<report>
				<misses>4058001</misses>
				<total>3579186</total>
				<timestamp>405.824645</timestamp>
			</report>
			<report>
				<misses>4059001</misses>
				<total>3580185</total>
				<timestamp>405.924632</timestamp>
			</report>
			<report>
				<misses>4060001</misses>
				<total>3581184</total>
				<timestamp>406.024624</timestamp>
			</report>
			<report>
				<misses>4061001</misses>
				<total>3582183</total>
				<timestamp>406.124640</timestamp>
			</report>
			<report>
				<misses>4062001</misses>
				<total>3583182</total>
				<timestamp>406.224625</timestamp>
			</report>
			<report>
				<misses>4063001</misses>
				<total>3584181</total>
				<timestamp>406.324687</timestamp>
			</report>
			<report>
				<misses>4064001</misses>
				<total>3585180</total>
				<timestamp>406.424686</timestamp>
			</report>
			<report>
				<misses>4065001</misses>
				<total>3586179</total>
				<timestamp>406.524606</timestamp>
			</report>
			<report>
				<misses>4066001</misses>
				<total>3587178</total>
				<timestamp>406.624647</timestamp>
			</report>
			<report>
				<misses>4067001</misses>
				<total>3588177</total>
				<timestamp>406.724628</timestamp>
			</report>
			<report>
				<misses>4068001</misses>
				<total>3589176</total>
				<timestamp>406.824672</timestamp>
			</report>
			<report>
				<misses>4069001</misses>
				<total>3590175</total>
				<timestamp>406.924631</timestamp>
			</report>
			<report>
				<misses>4070001</misses>
				<total>3591174</total>
				<timestamp>407.024643</timestamp>
			</report>
			<report>
				<misses>4071001</misses>
				<total>3592173</total>
				<timestamp>407.124619</timestamp>
			</report>
			<report>
				<misses>4072001</misses>
				<total>3593172</total>
				<timestamp>407.224682</timestamp>
			</report>
			<report>
				<misses>4073001</misses>
				<total>3594171</total>
				<timestamp>407.324674</timestamp>
			</report>
			<report>
				<misses>4074001</misses>
				<total>3595170</total>
				<timestamp>407.424719</timestamp>
			</report>
			<report>
				<misses>4075001</misses>
				<total>3596169</total>
				<timestamp>407.524816</timestamp>
			</report>
			<report>
				<misses>4076001</misses>
				<total>3597168</total>
				<timestamp>407.624821</timestamp>
			</report>
			<report>
				<misses>4077001</misses>
				<total>3598167</total>
				<timestamp>407.724780</timestamp>
			</report>
			<report>
				<misses>4078001</misses>
				<total>3599166</total>
				<timestamp>407.824731</timestamp>
			</report>
			<report>
				<misses>4079001</misses>
				<total>3600165</total>
				<timestamp>407.924725</timestamp>
			</report>
			<report>
				<misses>4080001</misses>
				<total>3601164</total>
				<timestamp>408.024707</timestamp>
			</report>
			<report>
				<misses>4081001</misses>
				<total>3602163</total>
				<timestamp>408.124750</timestamp>
			</report>
			<report>
				<misses>4082001</misses>
				<total>3603162</total>
				<timestamp>408.224684</timestamp>
			</report>
			<report>
				<misses>4083001</misses>
				<total>3604161</total>
				<timestamp>408.324701</timestamp>
			</report>
			<report>
				<misses>4084001</misses>
				<total>3605160</total>
				<timestamp>408.424685</timestamp>
			</report>
			<report>
				<misses>4085001</misses>
				<total>3606159</total>
				<timestamp>408.524660</timestamp>
			</report>
			<report>
				<misses>4086001</misses>
				<total>3607158</total>
				<timestamp>408.624603</timestamp>
			</report>
			<report>
				<misses>4087001</misses>
				<total>3608157</total>
				<timestamp>408.724603</timestamp>
			</report>
			<report>
				<misses>4088001</misses>
				<total>3609156</total>
				<timestamp>408.824630</timestamp>
			</report>
			<report>
				<misses>4089001</misses>
				<total>3610155</total>
				<timestamp>408.924663</timestamp>
			</report>
			<report>
				<misses>4090001</misses>
				<total>3611154</total>
				<timestamp>409.024692</timestamp>
			</report>
			<report>
				<misses>4091001</misses>
				<total>3612153</total>
				<timestamp>409.124675</timestamp>
			</report>
			<report>
				<misses>4092001</misses>
				<total>3613152</total>
				<timestamp>409.224590</timestamp>
			</report>
			<report>
				<misses>4093001</misses>
				<total>3614151</total>
				<timestamp>409.324537</timestamp>
			</report>
			<report>
				<misses>4094001</misses>
				<total>3615150</total>
				<timestamp>409.424503</timestamp>
			</report>
			<report>
				<misses>4095001</misses>
				<total>3616149</total>
				<timestamp>409.524481</timestamp>
			</report>
			<report>
				<misses>4096001</misses>
				<total>3617148</total>
				<timestamp>409.624438</timestamp>
			</report>
			<report>
				<misses>4097001</misses>
				<total>3618147</total>
				<timestamp>409.724468</timestamp>
			</report>
			<report>
				<misses>4098001</misses>
				<total>3619146</total>
				<timestamp>409.824523</timestamp>
			</report>
			<report>
				<misses>4099001</misses>
				<total>3620145</total>
				<timestamp>409.924517</timestamp>
			</report>
			<report>
				<misses>4100001</misses>
				<total>3621144</total>
				<timestamp>410.024611</timestamp>
			</report>
			<report>
				<misses>4101001</misses>
				<total>3622143</total>
				<timestamp>410.124688</timestamp>
			</report>
			<report>
				<misses>4102001</misses>
				<total>3623142</total>
				<timestamp>410.224668</timestamp>
			</report>
			<report>
				<misses>4103001</misses>
				<total>3624141</total>
				<timestamp>410.324580</timestamp>
			</report>
			<report>
				<misses>4104001</misses>
				<total>3625140</total>
				<timestamp>410.424502</timestamp>
			</report>
			<report>
				<misses>4105001</misses>
				<total>3626139</total>
				<timestamp>410.524505</timestamp>
			</report>
			<report>
				<misses>4106001</misses>
				<total>3627138</total>
				<timestamp>410.624656</timestamp>
			</report>
			<report>
				<misses>4107001</misses>
				<total>3628137</total>
				<timestamp>410.724669</timestamp>
			</report>
			<report>
				<misses>4108001</misses>
				<total>3629136</total>
				<timestamp>410.824604</timestamp>
			</report>
			<report>
				<misses>4109001</misses>
				<total>3630135</total>
				<timestamp>410.924656</timestamp>
			</report>
			<report>
				<misses>4110001</misses>
				<total>3631134</total>
				<timestamp>411.024599</timestamp>
			</report>
			<report>
				<misses>4111001</misses>
				<total>3632133</total>
				<timestamp>411.124681</timestamp>
			</report>
			<report>
				<misses>4112001</misses>
				<total>3633132</total>
				<timestamp>411.224650</timestamp>
			</report>
			<report>
				<misses>4113001</misses>
				<total>3634131</total>
				<timestamp>411.324605</timestamp>
			</report>
			<report>
				<misses>4114001</misses>
				<total>3635130</total>
				<timestamp>411.424603</timestamp>
			</report>
			<report>
				<misses>4115001</misses>
				<total>3636129</total>
				<timestamp>411.524595</timestamp>
			</report>
			<report>
				<misses>4116001</misses>
				<total>3637128</total>
				<timestamp>411.624509</timestamp>
			</report>
			<report>
				<misses>4117001</misses>
				<total>3638127</total>
				<timestamp>411.724514</timestamp>
			</report>
			<report>
				<misses>4118001</misses>
				<total>3639126</total>
				<timestamp>411.824521</timestamp>
			</report>
			<report>
				<misses>4119001</misses>
				<total>3640125</total>
				<timestamp>411.924619</timestamp>
			</report>
			<report>
				<misses>4120001</misses>
				<total>3641124</total>
				<timestamp>412.024705</timestamp>
			</report>
			<report>
				<misses>4121001</misses>
				<total>3642123</total>
				<timestamp>412.124664</timestamp>
			</report>
			<report>
				<misses>4122001</misses>
				<total>3643122</total>
				<timestamp>412.224583</timestamp>
			</report>
			<report>
				<misses>4123001</misses>
				<total>3644121</total>
				<timestamp>412.324482</timestamp>
			</report>
			<report>
				<misses>4124001</misses>
				<total>3645120</total>
				<timestamp>412.424434</timestamp>
			</report>
			<report>
				<misses>4125001</misses>
				<total>3646119</total>
				<timestamp>412.524428</timestamp>
			</report>
			<report>
				<misses>4126001</misses>
				<total>3647118</total>
				<timestamp>412.624445</timestamp>
			</report>
			<report>
				<misses>4127001</misses>
				<total>3648117</total>
				<timestamp>412.724423</timestamp>
			</report>
			<report>
				<misses>4128001</misses>
				<total>3649116</total>
				<timestamp>412.824664</timestamp>
			</report>
			<report>
				<misses>4129001</misses>
				<total>3650115</total>
				<timestamp>412.924697</timestamp>
			</report>
			<report>
				<misses>4130001</misses>
				<total>3651114</total>
				<timestamp>413.024779</timestamp>
			</report>
			<report>
				<misses>4131001</misses>
				<total>3652113</total>
				<timestamp>413.124776</timestamp>
			</report>
			<report>
				<misses>4132001</misses>
				<total>3653112</total>
				<timestamp>413.224722</timestamp>
			</report>
			<report>
				<misses>4133001</misses>
				<total>3654111</total>
				<timestamp>413.324788</timestamp>
			</report>
			<report>
				<misses>4134001</misses>
				<total>3655110</total>
				<timestamp>413.424727</timestamp>
			</report>
			<report>
				<misses>4135001</misses>
				<total>3656109</total>
				<timestamp>413.524681</timestamp>
			</report>
			<report>
				<misses>4136001</misses>
				<total>3657108</total>
				<timestamp>413.624634</timestamp>
			</report>
			<report>
				<misses>4137001</misses>
				<total>3658107</total>
				<timestamp>413.724632</timestamp>
			</report>
			<report>
				<misses>4138001</misses>
				<total>3659106</total>
				<timestamp>413.824572</timestamp>
			</report>
			<report>
				<misses>4139001</misses>
				<total>3660105</total>
				<timestamp>413.924484</timestamp>
			</report>
			<report>
				<misses>4140001</misses>
				<total>3661104</total>
				<timestamp>414.024475</timestamp>
			</report>
			<report>
				<misses>4141001</misses>
				<total>3662103</total>
				<timestamp>414.124429</timestamp>
			</report>
			<report>
				<misses>4142001</misses>
				<total>3663102</total>
				<timestamp>414.224523</timestamp>
			</report>
			<report>
				<misses>4143001</misses>
				<total>3664101</total>
				<timestamp>414.324487</timestamp>
			</report>
			<report>
				<misses>4144001</misses>
				<total>3665100</total>
				<timestamp>414.424415</timestamp>
			</report>
			<report>
				<misses>4145001</misses>
				<total>3666099</total>
				<timestamp>414.524428</timestamp>
			</report>
			<report>
				<misses>4146001</misses>
				<total>3667098</total>
				<timestamp>414.624440</timestamp>
			</report>
			<report>
				<misses>4147001</misses>
				<total>3668097</total>
				<timestamp>414.724437</timestamp>
			</report>
			<report>
				<misses>4148001</misses>
				<total>3669096</total>
				<timestamp>414.824411</timestamp>
			</report>
			<report>
				<misses>4149001</misses>
				<total>3670095</total>
				<timestamp>414.924423</timestamp>
			</report>
			<report>
				<misses>4150001</misses>
				<total>3671094</total>
				<timestamp>415.024430</timestamp>
			</report>
			<report>
				<misses>4151001</misses>
				<total>3672093</total>
				<timestamp>415.124422</timestamp>
			</report>
			<report>
				<misses>4152001</misses>
				<total>3673092</total>
				<timestamp>415.224474</timestamp>
			</report>
			<report>
				<misses>4153001</misses>
				<total>3674091</total>
				<timestamp>415.324415</timestamp>
			</report>
			<report>
				<misses>4154001</misses>
				<total>3675090</total>
				<timestamp>415.424472</timestamp>
			</report>
			<report>
				<misses>4155001</misses>
				<total>3676089</total>
				<timestamp>415.524420</timestamp>
			</report>
			<report>
				<misses>4156001</misses>
				<total>3677088</total>
				<timestamp>415.624467</timestamp>
			</report>
			<report>
				<misses>4157001</misses>
				<total>3678087</total>
				<timestamp>415.724425</timestamp>
			</report>
			<report>
				<misses>4158001</misses>
				<total>3679086</total>
				<timestamp>415.824416</timestamp>
			</report>
			<report>
				<misses>4159001</misses>
				<total>3680085</total>
				<timestamp>415.924477</timestamp>
			</report>
			<report>
				<misses>4160001</misses>
				<total>3681084</total>
				<timestamp>416.024424</timestamp>
			</report>
			<report>
				<misses>4161001</misses>
				<total>3682083</total>
				<timestamp>416.124422</timestamp>
			</report>
			<report>
				<misses>4162001</misses>
				<total>3683082</total>
				<timestamp>416.224472</timestamp>
			</report>
			<report>
				<misses>4163001</misses>
				<total>3684081</total>
				<timestamp>416.324482</timestamp>
			</report>
			<report>
				<misses>4164001</misses>
				<total>3685080</total>
				<timestamp>416.424398</timestamp>
			</report>
			<report>
				<misses>4165001</misses>
				<total>3686079</total>
				<timestamp>416.524459</timestamp>
			</report>
			<report>
				<misses>4166001</misses>
				<total>3687078</total>
				<timestamp>416.624514</timestamp>
			</report>
			<report>
				<misses>4167001</misses>
				<total>3688077</total>
				<timestamp>416.724475</timestamp>
			</report>
			<report>
				<misses>4168001</misses>
				<total>3689076</total>
				<timestamp>416.824422</timestamp>
			</report>
			<report>
				<misses>4169001</misses>
				<total>3690075</total>
				<timestamp>416.924474</timestamp>
			</report>
			<report>
				<misses>4170001</misses>
				<total>3691074</total>
				<timestamp>417.024495</timestamp>
			</report>
			<report>
				<misses>4171001</misses>
				<total>3692073</total>
				<timestamp>417.124572</timestamp>
			</report>
			<report>
				<misses>4172001</misses>
				<total>3693072</total>
				<timestamp>417.224570</timestamp>
			</report>
			<report>
				<misses>4173001</misses>
				<total>3694071</total>
				<timestamp>417.324544</timestamp>
			</report>
			<report>
				<misses>4174001</misses>
				<total>3695070</total>
				<timestamp>417.424489</timestamp>
			</report>
			<report>
				<misses>4175001</misses>
				<total>3696069</total>
				<timestamp>417.524405</timestamp>
			</report>
			<report>
				<misses>4176001</misses>
				<total>3697068</total>
				<timestamp>417.624406</timestamp>
			</report>
			<report>
				<misses>4177001</misses>
				<total>3698067</total>
				<timestamp>417.724458</timestamp>
			</report>
			<report>
				<misses>4178001</misses>
				<total>3699066</total>
				<timestamp>417.824464</timestamp>
			</report>
			<report>
				<misses>4179001</misses>
				<total>3700065</total>
				<timestamp>417.924462</timestamp>
			</report>
			<report>
				<misses>4180001</misses>
				<total>3701064</total>
				<timestamp>418.024424</timestamp>
			</report>
			<report>
				<misses>4181001</misses>
				<total>3702063</total>
				<timestamp>418.124405</timestamp>
			</report>
			<report>
				<misses>4182001</misses>
				<total>3703062</total>
				<timestamp>418.224416</timestamp>
			</report>
			<report>
				<misses>4183001</misses>
				<total>3704061</total>
				<timestamp>418.324416</timestamp>
			</report>
			<report>
				<misses>4184001</misses>
				<total>3705060</total>
				<timestamp>418.424392</timestamp>
			</report>
			<report>
				<misses>4185001</misses>
				<total>3706059</total>
				<timestamp>418.524324</timestamp>
			</report>
			<report>
				<misses>4186001</misses>
				<total>3707058</total>
				<timestamp>418.624307</timestamp>
			</report>
			<report>
				<misses>4187001</misses>
				<total>3708057</total>
				<timestamp>418.724267</timestamp>
			</report>
			<report>
				<misses>4188001</misses>
				<total>3709056</total>
				<timestamp>418.824225</timestamp>
			</report>
			<report>
				<misses>4189001</misses>
				<total>3710055</total>
				<timestamp>418.924220</timestamp>
			</report>
			<report>
				<misses>4190001</misses>
				<total>3711054</total>
				<timestamp>419.024234</timestamp>
			</report>
			<report>
				<misses>4191001</misses>
				<total>3712053</total>
				<timestamp>419.124213</timestamp>
			</report>
			<report>
				<misses>4192001</misses>
				<total>3713052</total>
				<timestamp>419.224235</timestamp>
			</report>
			<report>
				<misses>4193001</misses>
				<total>3714051</total>
				<timestamp>419.324189</timestamp>
			</report>
			<report>
				<misses>4194001</misses>
				<total>3715050</total>
				<timestamp>419.424129</timestamp>
			</report>
			<report>
				<misses>4195001</misses>
				<total>3716049</total>
				<timestamp>419.524139</timestamp>
			</report>
			<report>
				<misses>4196001</misses>
				<total>3717048</total>
				<timestamp>419.624082</timestamp>
			</report>
			<report>
				<misses>4197001</misses>
				<total>3718047</total>
				<timestamp>419.723978</timestamp>
			</report>
			<report>
				<misses>4198001</misses>
				<total>3719046</total>
				<timestamp>419.823971</timestamp>
			</report>
			<report>
				<misses>4199001</misses>
				<total>3720045</total>
				<timestamp>419.924008</timestamp>
			</report>
			<report>
				<misses>4200001</misses>
				<total>3721044</total>
				<timestamp>420.024054</timestamp>
			</report>
			<report>
				<misses>4201001</misses>
				<total>3722043</total>
				<timestamp>420.124137</timestamp>
			</report>
			<report>
				<misses>4202001</misses>
				<total>3723042</total>
				<timestamp>420.224234</timestamp>
			</report>
			<report>
				<misses>4203001</misses>
				<total>3724041</total>
				<timestamp>420.324396</timestamp>
			</report>
			<report>
				<misses>4204001</misses>
				<total>3725040</total>
				<timestamp>420.424538</timestamp>
			</report>
			<report>
				<misses>4205001</misses>
				<total>3726039</total>
				<timestamp>420.524594</timestamp>
			</report>
			<report>
				<misses>4206001</misses>
				<total>3727038</total>
				<timestamp>420.624695</timestamp>
			</report>
			<report>
				<misses>4207001</misses>
				<total>3728037</total>
				<timestamp>420.724771</timestamp>
			</report>
			<report>
				<misses>4208001</misses>
				<total>3729036</total>
				<timestamp>420.824724</timestamp>
			</report>
			<report>
				<misses>4209001</misses>
				<total>3730035</total>
				<timestamp>420.924770</timestamp>
			</report>
			<report>
				<misses>4210001</misses>
				<total>3731034</total>
				<timestamp>421.024787</timestamp>
			</report>
			<report>
				<misses>4211001</misses>
				<total>3732033</total>
				<timestamp>421.124763</timestamp>
			</report>
			<report>
				<misses>4212001</misses>
				<total>3733032</total>
				<timestamp>421.224782</timestamp>
			</report>
			<report>
				<misses>4213001</misses>
				<total>3734031</total>
				<timestamp>421.324719</timestamp>
			</report>
			<report>
				<misses>4214001</misses>
				<total>3735030</total>
				<timestamp>421.424789</timestamp>
			</report>
			<report>
				<misses>4215001</misses>
				<total>3736029</total>
				<timestamp>421.524726</timestamp>
			</report>
			<report>
				<misses>4216001</misses>
				<total>3737028</total>
				<timestamp>421.624811</timestamp>
			</report>
			<report>
				<misses>4217001</misses>
				<total>3738027</total>
				<timestamp>421.724983</timestamp>
			</report>
			<report>
				<misses>4218001</misses>
				<total>3739026</total>
				<timestamp>421.824958</timestamp>
			</report>
			<report>
				<misses>4219001</misses>
				<total>3740025</total>
				<timestamp>421.924989</timestamp>
			</report>
			<report>
				<misses>4220001</misses>
				<total>3741024</total>
				<timestamp>422.025001</timestamp>
			</report>
			<report>
				<misses>4221001</misses>
				<total>3742023</total>
				<timestamp>422.125092</timestamp>
			</report>
			<report>
				<misses>4222001</misses>
				<total>3743022</total>
				<timestamp>422.225105</timestamp>
			</report>
			<report>
				<misses>4223001</misses>
				<total>3744021</total>
				<timestamp>422.325242</timestamp>
			</report>
			<report>
				<misses>4224001</misses>
				<total>3745020</total>
				<timestamp>422.425208</timestamp>
			</report>
			<report>
				<misses>4225001</misses>
				<total>3746019</total>
				<timestamp>422.525383</timestamp>
			</report>
			<report>
				<misses>4226001</misses>
				<total>3747018</total>
				<timestamp>422.625392</timestamp>
			</report>
			<report>
				<misses>4227001</misses>
				<total>3748017</total>
				<timestamp>422.725382</timestamp>
			</report>
			<report>
				<misses>4228001</misses>
				<total>3749016</total>
				<timestamp>422.825508</timestamp>
			</report>
			<report>
				<misses>4229001</misses>
				<total>3750015</total>
				<timestamp>422.925610</timestamp>
			</report>
			<report>
				<misses>4230001</misses>
				<total>3751014</total>
				<timestamp>423.025677</timestamp>
			</report>
			<report>
				<misses>4231001</misses>
				<total>3752013</total>
				<timestamp>423.125824</timestamp>
			</report>
			<report>
				<misses>4232001</misses>
				<total>3753012</total>
				<timestamp>423.225799</timestamp>
			</report>
			<report>
				<misses>4233001</misses>
				<total>3754011</total>
				<timestamp>423.325780</timestamp>
			</report>
			<report>
				<misses>4234001</misses>
				<total>3755010</total>
				<timestamp>423.425772</timestamp>
			</report>
			<report>
				<misses>4235001</misses>
				<total>3756009</total>
				<timestamp>423.525693</timestamp>
			</report>
			<report>
				<misses>4236001</misses>
				<total>3757008</total>
				<timestamp>423.625576</timestamp>
			</report>
			<report>
				<misses>4237001</misses>
				<total>3758007</total>
				<timestamp>423.725583</timestamp>
			</report>
			<report>
				<misses>4238001</misses>
				<total>3759006</total>
				<timestamp>423.825573</timestamp>
			</report>
			<report>
				<misses>4239001</misses>
				<total>3760005</total>
				<timestamp>423.925517</timestamp>
			</report>
			<report>
				<misses>4240001</misses>
				<total>3761004</total>
				<timestamp>424.025561</timestamp>
			</report>
			<report>
				<misses>4241001</misses>
				<total>3762003</total>
				<timestamp>424.125495</timestamp>
			</report>
			<report>
				<misses>4242001</misses>
				<total>3763002</total>
				<timestamp>424.225501</timestamp>
			</report>
			<report>
				<misses>4243001</misses>
				<total>3764001</total>
				<timestamp>424.325576</timestamp>
			</report>
			<report>
				<misses>4244001</misses>
				<total>3765000</total>
				<timestamp>424.425537</timestamp>
			</report>
			<report>
				<misses>4245001</misses>
				<total>3765999</total>
				<timestamp>424.525610</timestamp>
			</report>
			<report>
				<misses>4246001</misses>
				<total>3766998</total>
				<timestamp>424.625757</timestamp>
			</report>
			<report>
				<misses>4247001</misses>
				<total>3767997</total>
				<timestamp>424.725670</timestamp>
			</report>
			<report>
				<misses>4248001</misses>
				<total>3768996</total>
				<timestamp>424.825599</timestamp>
			</report>
			<report>
				<misses>4249001</misses>
				<total>3769995</total>
				<timestamp>424.925671</timestamp>
			</report>
			<report>
				<misses>4250001</misses>
				<total>3770994</total>
				<timestamp>425.025560</timestamp>
			</report>
			<report>
				<misses>4251001</misses>
				<total>3771993</total>
				<timestamp>425.125578</timestamp>
			</report>
			<report>
				<misses>4252001</misses>
				<total>3772992</total>
				<timestamp>425.225563</timestamp>
			</report>
			<report>
				<misses>4253001</misses>
				<total>3773991</total>
				<timestamp>425.325562</timestamp>
			</report>
			<report>
				<misses>4254001</misses>
				<total>3774990</total>
				<timestamp>425.425613</timestamp>
			</report>
			<report>
				<misses>4255001</misses>
				<total>3775989</total>
				<timestamp>425.525571</timestamp>
			</report>
			<report>
				<misses>4256001</misses>
				<total>3776988</total>
				<timestamp>425.625557</timestamp>
			</report>
			<report>
				<misses>4257001</misses>
				<total>3777987</total>
				<timestamp>425.725570</timestamp>
			</report>
			<report>
				<misses>4258001</misses>
				<total>3778986</total>
				<timestamp>425.825522</timestamp>
			</report>
			<report>
				<misses>4259001</misses>
				<total>3779985</total>
				<timestamp>425.925492</timestamp>
			</report>
			<report>
				<misses>4260001</misses>
				<total>3780984</total>
				<timestamp>426.025526</timestamp>
			</report>
			<report>
				<misses>4261001</misses>
				<total>3781983</total>
				<timestamp>426.125599</timestamp>
			</report>
			<report>
				<misses>4262001</misses>
				<total>3782982</total>
				<timestamp>426.225647</timestamp>
			</report>
			<report>
				<misses>4263001</misses>
				<total>3783981</total>
				<timestamp>426.325632</timestamp>
			</report>
			<report>
				<misses>4264001</misses>
				<total>3784980</total>
				<timestamp>426.425568</timestamp>
			</report>
			<report>
				<misses>4265001</misses>
				<total>3785979</total>
				<timestamp>426.525565</timestamp>
			</report>
			<report>
				<misses>4266001</misses>
				<total>3786978</total>
				<timestamp>426.625564</timestamp>
			</report>
			<report>
				<misses>4267001</misses>
				<total>3787977</total>
				<timestamp>426.725542</timestamp>
			</report>
			<report>
				<misses>4268001</misses>
				<total>3788976</total>
				<timestamp>426.825497</timestamp>
			</report>
			<report>
				<misses>4269001</misses>
				<total>3789975</total>
				<timestamp>426.925588</timestamp>
			</report>
			<report>
				<misses>4270001</misses>
				<total>3790974</total>
				<timestamp>427.025610</timestamp>
			</report>
			<report>
				<misses>4271001</misses>
				<total>3791973</total>
				<timestamp>427.125642</timestamp>
			</report>
			<report>
				<misses>4272001</misses>
				<total>3792972</total>
				<timestamp>427.225643</timestamp>
			</report>
			<report>
				<misses>4273001</misses>
				<total>3793971</total>
				<timestamp>427.325559</timestamp>
			</report>
			<report>
				<misses>4274001</misses>
				<total>3794970</total>
				<timestamp>427.425595</timestamp>
			</report>
			<report>
				<misses>4275001</misses>
				<total>3795969</total>
				<timestamp>427.525669</timestamp>
			</report>
			<report>
				<misses>4276001</misses>
				<total>3796968</total>
				<timestamp>427.625558</timestamp>
			</report>
			<report>
				<misses>4277001</misses>
				<total>3797967</total>
				<timestamp>427.725477</timestamp>
			</report>
			<report>
				<misses>4278001</misses>
				<total>3798966</total>
				<timestamp>427.825389</timestamp>
			</report>
			<report>
				<misses>4279001</misses>
				<total>3799965</total>
				<timestamp>427.925353</timestamp>
			</report>
			<report>
				<misses>4280001</misses>
				<total>3800964</total>
				<timestamp>428.025379</timestamp>
			</report>
			<report>
				<misses>4281001</misses>
				<total>3801963</total>
				<timestamp>428.125351</timestamp>
			</report>
			<report>
				<misses>4282001</misses>
				<total>3802962</total>
				<timestamp>428.225376</timestamp>
			</report>
			<report>
				<misses>4283001</misses>
				<total>3803961</total>
				<timestamp>428.325422</timestamp>
			</report>
			<report>
				<misses>4284001</misses>
				<total>3804960</total>
				<timestamp>428.425461</timestamp>
			</report>
			<report>
				<misses>4285001</misses>
				<total>3805959</total>
				<timestamp>428.525397</timestamp>
			</report>
			<report>
				<misses>4286001</misses>
				<total>3806958</total>
				<timestamp>428.625507</timestamp>
			</report>
			<report>
				<misses>4287001</misses>
				<total>3807957</total>
				<timestamp>428.725538</timestamp>
			</report>
			<report>
				<misses>4288001</misses>
				<total>3808956</total>
				<timestamp>428.825526</timestamp>
			</report>
			<report>
				<misses>4289001</misses>
				<total>3809955</total>
				<timestamp>428.925614</timestamp>
			</report>
			<report>
				<misses>4290001</misses>
				<total>3810954</total>
				<timestamp>429.025590</timestamp>
			</report>
			<report>
				<misses>4291001</misses>
				<total>3811953</total>
				<timestamp>429.125493</timestamp>
			</report>
			<report>
				<misses>4292001</misses>
				<total>3812952</total>
				<timestamp>429.225484</timestamp>
			</report>
			<report>
				<misses>4293001</misses>
				<total>3813951</total>
				<timestamp>429.325502</timestamp>
			</report>
			<report>
				<misses>4294001</misses>
				<total>3814950</total>
				<timestamp>429.425550</timestamp>
			</report>
			<report>
				<misses>4295001</misses>
				<total>3815949</total>
				<timestamp>429.525508</timestamp>
			</report>
			<report>
				<misses>4296001</misses>
				<total>3816948</total>
				<timestamp>429.625536</timestamp>
			</report>
			<report>
				<misses>4297001</misses>
				<total>3817947</total>
				<timestamp>429.725527</timestamp>
			</report>
			<report>
				<misses>4298001</misses>
				<total>3818946</total>
				<timestamp>429.825544</timestamp>
			</report>
			<report>
				<misses>4299001</misses>
				<total>3819945</total>
				<timestamp>429.925523</timestamp>
			</report>
			<report>
				<misses>4300001</misses>
				<total>3820944</total>
				<timestamp>430.025587</timestamp>
			</report>
			<report>
				<misses>4301001</misses>
				<total>3821943</total>
				<timestamp>430.125580</timestamp>
			</report>
			<report>
				<misses>4302001</misses>
				<total>3822942</total>
				<timestamp>430.225540</timestamp>
			</report>
			<report>
				<misses>4303001</misses>
				<total>3823941</total>
				<timestamp>430.325477</timestamp>
			</report>
			<report>
				<misses>4304001</misses>
				<total>3824940</total>
				<timestamp>430.425451</timestamp>
			</report>
			<report>
				<misses>4305001</misses>
				<total>3825939</total>
				<timestamp>430.525367</timestamp>
			</report>
			<report>
				<misses>4306001</misses>
				<total>3826938</total>
				<timestamp>430.625342</timestamp>
			</report>
			<report>
				<misses>4307001</misses>
				<total>3827937</total>
				<timestamp>430.725442</timestamp>
			</report>
			<report>
				<misses>4308001</misses>
				<total>3828936</total>
				<timestamp>430.825536</timestamp>
			</report>
			<report>
				<misses>4309001</misses>
				<total>3829935</total>
				<timestamp>430.925510</timestamp>
			</report>
			<report>
				<misses>4310001</misses>
				<total>3830306</total>
				<timestamp>431.025546</timestamp>
			</report>
			<report>
				<misses>4311001</misses>
				<total>3830306</total>
				<timestamp>431.125576</timestamp>
			</report>
			<report>
				<misses>4312001</misses>
				<total>3830306</total>
				<timestamp>431.225533</timestamp>
			</report>
			<report>
				<misses>4313001</misses>
				<total>3830306</total>
				<timestamp>431.325479</timestamp>
			</report>
			<report>
				<misses>4314001</misses>
				<total>3830306</total>
				<timestamp>431.425378</timestamp>
			</report>
			<report>
				<misses>4315001</misses>
				<total>3830306</total>
				<timestamp>431.525315</timestamp>
			</report>
			<report>
				<misses>4316001</misses>
				<total>3831279</total>
				<timestamp>431.625325</timestamp>
			</report>
			<report>
				<misses>4317001</misses>
				<total>3832278</total>
				<timestamp>431.725391</timestamp>
			</report>
			<report>
				<misses>4318001</misses>
				<total>3833277</total>
				<timestamp>431.825416</timestamp>
			</report>
			<report>
				<misses>4319001</misses>
				<total>3834276</total>
				<timestamp>431.925465</timestamp>
			</report>
			<report>
				<misses>4320001</misses>
				<total>3834889</total>
				<timestamp>432.025486</timestamp>
			</report>
			<report>
				<misses>4321001</misses>
				<total>3834889</total>
				<timestamp>432.125480</timestamp>
			</report>
			<report>
				<misses>4322001</misses>
				<total>3834890</total>
				<timestamp>432.225469</timestamp>
			</report>
			<report>
				<misses>4323001</misses>
				<total>3834889</total>
				<timestamp>432.325540</timestamp>
			</report>
			<report>
				<misses>4324001</misses>
				<total>3834888</total>
				<timestamp>432.425666</timestamp>
			</report>
			<report>
				<misses>4325001</misses>
				<total>3834889</total>
				<timestamp>432.525667</timestamp>
			</report>
			<report>
				<misses>4326001</misses>
				<total>3834890</total>
				<timestamp>432.625565</timestamp>
			</report>
			<report>
				<misses>4327001</misses>
				<total>3834888</total>
				<timestamp>432.725549</timestamp>
			</report>
			<report>
				<misses>4328001</misses>
				<total>3834892</total>
				<timestamp>432.825618</timestamp>
			</report>
			<report>
				<misses>4329001</misses>
				<total>3835365</total>
				<timestamp>432.925698</timestamp>
			</report>
			<report>
				<misses>4330001</misses>
				<total>3836215</total>
				<timestamp>433.025694</timestamp>
			</report>
			<report>
				<misses>4331001</misses>
				<total>3836215</total>
				<timestamp>433.125696</timestamp>
			</report>
			<report>
				<misses>4332001</misses>
				<total>3836215</total>
				<timestamp>433.225657</timestamp>
			</report>
			<report>
				<misses>4333001</misses>
				<total>3836217</total>
				<timestamp>433.325608</timestamp>
			</report>
			<report>
				<misses>4334001</misses>
				<total>3836217</total>
				<timestamp>433.425633</timestamp>
			</report>
			<report>
				<misses>4335001</misses>
				<total>3836217</total>
				<timestamp>433.525640</timestamp>
			</report>
			<report>
				<misses>4336001</misses>
				<total>3836217</total>
				<timestamp>433.625592</timestamp>
			</report>
			<report>
				<misses>4337001</misses>
				<total>3836217</total>
				<timestamp>433.725499</timestamp>
			</report>
			<report>
				<misses>4338001</misses>
				<total>3836217</total>
				<timestamp>433.825552</timestamp>
			</report>
			<report>
				<misses>4339001</misses>
				<total>3836216</total>
				<timestamp>433.925575</timestamp>
			</report>
			<report>
				<misses>4340001</misses>
				<total>3836217</total>
				<timestamp>434.025503</timestamp>
			</report>
			<report>
				<misses>4341001</misses>
				<total>3836216</total>
				<timestamp>434.125558</timestamp>
			</report>
			<report>
				<misses>4342001</misses>
				<total>3836217</total>
				<timestamp>434.225574</timestamp>
			</report>
			<report>
				<misses>4343001</misses>
				<total>3836216</total>
				<timestamp>434.326809</timestamp>
			</report>
			<report>
				<misses>4344001</misses>
				<total>3836217</total>
				<timestamp>434.426763</timestamp>
			</report>
			<report>
				<misses>4345001</misses>
				<total>3836238</total>
				<timestamp>434.526875</timestamp>
			</report>
			<report>
				<misses>4346001</misses>
				<total>3837237</total>
				<timestamp>434.626777</timestamp>
			</report>
			<report>
				<misses>4347001</misses>
				<total>3838236</total>
				<timestamp>434.726688</timestamp>
			</report>
			<report>
				<misses>4348001</misses>
				<total>3839235</total>
				<timestamp>434.826588</timestamp>
			</report>
			<report>
				<misses>4349001</misses>
				<total>3840234</total>
				<timestamp>434.926505</timestamp>
			</report>
			<report>
				<misses>4350001</misses>
				<total>3841233</total>
				<timestamp>435.026489</timestamp>
			</report>
			<report>
				<misses>4351001</misses>
				<total>3842232</total>
				<timestamp>435.126444</timestamp>
			</report>
			<report>
				<misses>4352001</misses>
				<total>3843231</total>
				<timestamp>435.226458</timestamp>
			</report>
			<report>
				<misses>4353001</misses>
				<total>3844230</total>
				<timestamp>435.326437</timestamp>
			</report>
			<report>
				<misses>4354001</misses>
				<total>3845229</total>
				<timestamp>435.426657</timestamp>
			</report>
			<report>
				<misses>4355001</misses>
				<total>3846228</total>
				<timestamp>435.526650</timestamp>
			</report>
			<report>
				<misses>4356001</misses>
				<total>3847227</total>
				<timestamp>435.626569</timestamp>
			</report>
			<report>
				<misses>4357001</misses>
				<total>3848226</total>
				<timestamp>435.726530</timestamp>
			</report>
			<report>
				<misses>4358001</misses>
				<total>3849225</total>
				<timestamp>435.826558</timestamp>
			</report>
			<report>
				<misses>4359001</misses>
				<total>3850224</total>
				<timestamp>435.926502</timestamp>
			</report>
			<report>
				<misses>4360001</misses>
				<total>3851223</total>
				<timestamp>436.026554</timestamp>
			</report>
			<report>
				<misses>4361001</misses>
				<total>3852222</total>
				<timestamp>436.126540</timestamp>
			</report>
			<report>
				<misses>4362001</misses>
				<total>3853221</total>
				<timestamp>436.226479</timestamp>
			</report>
			<report>
				<misses>4363001</misses>
				<total>3854220</total>
				<timestamp>436.326441</timestamp>
			</report>
			<report>
				<misses>4364001</misses>
				<total>3855219</total>
				<timestamp>436.426455</timestamp>
			</report>
			<report>
				<misses>4365001</misses>
				<total>3856218</total>
				<timestamp>436.526528</timestamp>
			</report>
			<report>
				<misses>4366001</misses>
				<total>3857217</total>
				<timestamp>436.626503</timestamp>
			</report>
			<report>
				<misses>4367001</misses>
				<total>3858216</total>
				<timestamp>436.726607</timestamp>
			</report>
			<report>
				<misses>4368001</misses>
				<total>3859215</total>
				<timestamp>436.826594</timestamp>
			</report>
			<report>
				<misses>4369001</misses>
				<total>3860214</total>
				<timestamp>436.926604</timestamp>
			</report>
			<report>
				<misses>4370001</misses>
				<total>3861213</total>
				<timestamp>437.026625</timestamp>
			</report>
			<report>
				<misses>4371001</misses>
				<total>3862212</total>
				<timestamp>437.126613</timestamp>
			</report>
			<report>
				<misses>4372001</misses>
				<total>3863211</total>
				<timestamp>437.226568</timestamp>
			</report>
			<report>
				<misses>4373001</misses>
				<total>3864210</total>
				<timestamp>437.326532</timestamp>
			</report>
			<report>
				<misses>4374001</misses>
				<total>3865209</total>
				<timestamp>437.426501</timestamp>
			</report>
			<report>
				<misses>4375001</misses>
				<total>3866208</total>
				<timestamp>437.526550</timestamp>
			</report>
			<report>
				<misses>4376001</misses>
				<total>3867207</total>
				<timestamp>437.626503</timestamp>
			</report>
			<report>
				<misses>4377001</misses>
				<total>3868206</total>
				<timestamp>437.726476</timestamp>
			</report>
			<report>
				<misses>4378001</misses>
				<total>3869205</total>
				<timestamp>437.826451</timestamp>
			</report>
			<report>
				<misses>4379001</misses>
				<total>3870204</total>
				<timestamp>437.926458</timestamp>
			</report>
			<report>
				<misses>4380001</misses>
				<total>3871203</total>
				<timestamp>438.026473</timestamp>
			</report>
			<report>
				<misses>4381001</misses>
				<total>3872202</total>
				<timestamp>438.126413</timestamp>
			</report>
			<report>
				<misses>4382001</misses>
				<total>3873201</total>
				<timestamp>438.226494</timestamp>
			</report>
			<report>
				<misses>4383001</misses>
				<total>3874200</total>
				<timestamp>438.326577</timestamp>
			</report>
			<report>
				<misses>4384001</misses>
				<total>3875199</total>
				<timestamp>438.426468</timestamp>
			</report>
			<report>
				<misses>4385001</misses>
				<total>3876198</total>
				<timestamp>438.526466</timestamp>
			</report>
			<report>
				<misses>4386001</misses>
				<total>3877197</total>
				<timestamp>438.626441</timestamp>
			</report>
			<report>
				<misses>4387001</misses>
				<total>3878196</total>
				<timestamp>438.726421</timestamp>
			</report>
			<report>
				<misses>4388001</misses>
				<total>3879195</total>
				<timestamp>438.826438</timestamp>
			</report>
			<report>
				<misses>4389001</misses>
				<total>3880194</total>
				<timestamp>438.926396</timestamp>
			</report>
			<report>
				<misses>4390001</misses>
				<total>3881193</total>
				<timestamp>439.026477</timestamp>
			</report>
			<report>
				<misses>4391001</misses>
				<total>3882192</total>
				<timestamp>439.126468</timestamp>
			</report>
			<report>
				<misses>4392001</misses>
				<total>3883191</total>
				<timestamp>439.226456</timestamp>
			</report>
			<report>
				<misses>4393001</misses>
				<total>3884190</total>
				<timestamp>439.326472</timestamp>
			</report>
			<report>
				<misses>4394001</misses>
				<total>3885189</total>
				<timestamp>439.426456</timestamp>
			</report>
			<report>
				<misses>4395001</misses>
				<total>3886188</total>
				<timestamp>439.526493</timestamp>
			</report>
			<report>
				<misses>4396001</misses>
				<total>3887187</total>
				<timestamp>439.626597</timestamp>
			</report>
			<report>
				<misses>4397001</misses>
				<total>3888186</total>
				<timestamp>439.726607</timestamp>
			</report>
			<report>
				<misses>4398001</misses>
				<total>3889185</total>
				<timestamp>439.826644</timestamp>
			</report>
			<report>
				<misses>4399001</misses>
				<total>3890184</total>
				<timestamp>439.926658</timestamp>
			</report>
			<report>
				<misses>4400001</misses>
				<total>3891183</total>
				<timestamp>440.026567</timestamp>
			</report>
			<report>
				<misses>4401001</misses>
				<total>3892182</total>
				<timestamp>440.126489</timestamp>
			</report>
			<report>
				<misses>4402001</misses>
				<total>3893181</total>
				<timestamp>440.226455</timestamp>
			</report>
			<report>
				<misses>4403001</misses>
				<total>3894180</total>
				<timestamp>440.326412</timestamp>
			</report>
			<report>
				<misses>4404001</misses>
				<total>3895179</total>
				<timestamp>440.426500</timestamp>
			</report>
			<report>
				<misses>4405001</misses>
				<total>3896178</total>
				<timestamp>440.526552</timestamp>
			</report>
			<report>
				<misses>4406001</misses>
				<total>3897177</total>
				<timestamp>440.626464</timestamp>
			</report>
			<report>
				<misses>4407001</misses>
				<total>3898176</total>
				<timestamp>440.726462</timestamp>
			</report>
			<report>
				<misses>4408001</misses>
				<total>3899175</total>
				<timestamp>440.826431</timestamp>
			</report>
			<report>
				<misses>4409001</misses>
				<total>3900174</total>
				<timestamp>440.926516</timestamp>
			</report>
			<report>
				<misses>4410001</misses>
				<total>3901173</total>
				<timestamp>441.026537</timestamp>
			</report>
			<report>
				<misses>4411001</misses>
				<total>3902172</total>
				<timestamp>441.126474</timestamp>
			</report>
			<report>
				<misses>4412001</misses>
				<total>3903171</total>
				<timestamp>441.226418</timestamp>
			</report>
			<report>
				<misses>4413001</misses>
				<total>3904170</total>
				<timestamp>441.326428</timestamp>
			</report>
			<report>
				<misses>4414001</misses>
				<total>3905169</total>
				<timestamp>441.426455</timestamp>
			</report>
			<report>
				<misses>4415001</misses>
				<total>3906168</total>
				<timestamp>441.526396</timestamp>
			</report>
			<report>
				<misses>4416001</misses>
				<total>3907167</total>
				<timestamp>441.626456</timestamp>
			</report>
			<report>
				<misses>4417001</misses>
				<total>3908166</total>
				<timestamp>441.726543</timestamp>
			</report>
			<report>
				<misses>4418001</misses>
				<total>3909165</total>
				<timestamp>441.826562</timestamp>
			</report>
			<report>
				<misses>4419001</misses>
				<total>3910164</total>
				<timestamp>441.926499</timestamp>
			</report>
			<report>
				<misses>4420001</misses>
				<total>3911163</total>
				<timestamp>442.026465</timestamp>
			</report>
			<report>
				<misses>4421001</misses>
				<total>3912162</total>
				<timestamp>442.126429</timestamp>
			</report>
			<report>
				<misses>4422001</misses>
				<total>3913161</total>
				<timestamp>442.226417</timestamp>
			</report>
			<report>
				<misses>4423001</misses>
				<total>3914160</total>
				<timestamp>442.326520</timestamp>
			</report>
			<report>
				<misses>4424001</misses>
				<total>3915159</total>
				<timestamp>442.426471</timestamp>
			</report>
			<report>
				<misses>4425001</misses>
				<total>3916158</total>
				<timestamp>442.526481</timestamp>
			</report>
			<report>
				<misses>4426001</misses>
				<total>3917157</total>
				<timestamp>442.626375</timestamp>
			</report>
			<report>
				<misses>4427001</misses>
				<total>3918156</total>
				<timestamp>442.726291</timestamp>
			</report>
			<report>
				<misses>4428001</misses>
				<total>3919155</total>
				<timestamp>442.829535</timestamp>
			</report>
			<report>
				<misses>4429001</misses>
				<total>3920154</total>
				<timestamp>442.929526</timestamp>
			</report>
			<report>
				<misses>4430001</misses>
				<total>3921153</total>
				<timestamp>443.029474</timestamp>
			</report>
			<report>
				<misses>4431001</misses>
				<total>3922152</total>
				<timestamp>443.129387</timestamp>
			</report>
			<report>
				<misses>4432001</misses>
				<total>3923151</total>
				<timestamp>443.229372</timestamp>
			</report>
			<report>
				<misses>4433001</misses>
				<total>3924150</total>
				<timestamp>443.329409</timestamp>
			</report>
			<report>
				<misses>4434001</misses>
				<total>3925149</total>
				<timestamp>443.429516</timestamp>
			</report>
			<report>
				<misses>4435001</misses>
				<total>3926148</total>
				<timestamp>443.529470</timestamp>
			</report>
			<report>
				<misses>4436001</misses>
				<total>3927147</total>
				<timestamp>443.629421</timestamp>
			</report>
			<report>
				<misses>4437001</misses>
				<total>3928146</total>
				<timestamp>443.729455</timestamp>
			</report>
			<report>
				<misses>4438001</misses>
				<total>3929145</total>
				<timestamp>443.829409</timestamp>
			</report>
			<report>
				<misses>4439001</misses>
				<total>3930144</total>
				<timestamp>443.929411</timestamp>
			</report>
			<report>
				<misses>4440001</misses>
				<total>3931143</total>
				<timestamp>444.029417</timestamp>
			</report>
			<report>
				<misses>4441001</misses>
				<total>3932142</total>
				<timestamp>444.129439</timestamp>
			</report>
			<report>
				<misses>4442001</misses>
				<total>3933141</total>
				<timestamp>444.229465</timestamp>
			</report>
			<report>
				<misses>4443001</misses>
				<total>3934140</total>
				<timestamp>444.329496</timestamp>
			</report>
			<report>
				<misses>4444001</misses>
				<total>3935139</total>
				<timestamp>444.429483</timestamp>
			</report>
			<report>
				<misses>4445001</misses>
				<total>3936138</total>
				<timestamp>444.529434</timestamp>
			</report>
			<report>
				<misses>4446001</misses>
				<total>3937137</total>
				<timestamp>444.629435</timestamp>
			</report>
			<report>
				<misses>4447001</misses>
				<total>3938136</total>
				<timestamp>444.729527</timestamp>
			</report>
			<report>
				<misses>4448001</misses>
				<total>3939135</total>
				<timestamp>444.829584</timestamp>
			</report>
			<report>
				<misses>4449001</misses>
				<total>3940134</total>
				<timestamp>444.929602</timestamp>
			</report>
			<report>
				<misses>4450001</misses>
				<total>3941133</total>
				<timestamp>445.029702</timestamp>
			</report>
			<report>
				<misses>4451001</misses>
				<total>3942132</total>
				<timestamp>445.129667</timestamp>
			</report>
			<report>
				<misses>4452001</misses>
				<total>3943131</total>
				<timestamp>445.229596</timestamp>
			</report>
			<report>
				<misses>4453001</misses>
				<total>3944130</total>
				<timestamp>445.329636</timestamp>
			</report>
			<report>
				<misses>4454001</misses>
				<total>3945129</total>
				<timestamp>445.429575</timestamp>
			</report>
			<report>
				<misses>4455001</misses>
				<total>3946128</total>
				<timestamp>445.529577</timestamp>
			</report>
			<report>
				<misses>4456001</misses>
				<total>3947127</total>
				<timestamp>445.629504</timestamp>
			</report>
			<report>
				<misses>4457001</misses>
				<total>3948126</total>
				<timestamp>445.729480</timestamp>
			</report>
			<report>
				<misses>4458001</misses>
				<total>3949125</total>
				<timestamp>445.829495</timestamp>
			</report>
			<report>
				<misses>4459001</misses>
				<total>3950124</total>
				<timestamp>445.929477</timestamp>
			</report>
			<report>
				<misses>4460001</misses>
				<total>3951123</total>
				<timestamp>446.029423</timestamp>
			</report>
			<report>
				<misses>4461001</misses>
				<total>3952122</total>
				<timestamp>446.129374</timestamp>
			</report>
			<report>
				<misses>4462001</misses>
				<total>3953121</total>
				<timestamp>446.229271</timestamp>
			</report>
			<report>
				<misses>4463001</misses>
				<total>3954120</total>
				<timestamp>446.329351</timestamp>
			</report>
			<report>
				<misses>4464001</misses>
				<total>3955119</total>
				<timestamp>446.429394</timestamp>
			</report>
			<report>
				<misses>4465001</misses>
				<total>3956118</total>
				<timestamp>446.529283</timestamp>
			</report>
			<report>
				<misses>4466001</misses>
				<total>3957117</total>
				<timestamp>446.629269</timestamp>
			</report>
			<report>
				<misses>4467001</misses>
				<total>3958116</total>
				<timestamp>446.729245</timestamp>
			</report>
			<report>
				<misses>4468001</misses>
				<total>3959115</total>
				<timestamp>446.829303</timestamp>
			</report>
			<report>
				<misses>4469001</misses>
				<total>3960114</total>
				<timestamp>446.929430</timestamp>
			</report>
			<report>
				<misses>4470001</misses>
				<total>3961113</total>
				<timestamp>447.029483</timestamp>
			</report>
			<report>
				<misses>4471001</misses>
				<total>3962112</total>
				<timestamp>447.129380</timestamp>
			</report>
			<report>
				<misses>4472001</misses>
				<total>3963111</total>
				<timestamp>447.229421</timestamp>
			</report>
			<report>
				<misses>4473001</misses>
				<total>3964110</total>
				<timestamp>447.329370</timestamp>
			</report>
			<report>
				<misses>4474001</misses>
				<total>3965109</total>
				<timestamp>447.429384</timestamp>
			</report>
			<report>
				<misses>4475001</misses>
				<total>3966108</total>
				<timestamp>447.529363</timestamp>
			</report>
			<report>
				<misses>4476001</misses>
				<total>3967107</total>
				<timestamp>447.629391</timestamp>
			</report>
			<report>
				<misses>4477001</misses>
				<total>3968106</total>
				<timestamp>447.729400</timestamp>
			</report>
			<report>
				<misses>4478001</misses>
				<total>3969105</total>
				<timestamp>447.829414</timestamp>
			</report>
			<report>
				<misses>4479001</misses>
				<total>3970104</total>
				<timestamp>447.929412</timestamp>
			</report>
			<report>
				<misses>4480001</misses>
				<total>3971103</total>
				<timestamp>448.029470</timestamp>
			</report>
			<report>
				<misses>4481001</misses>
				<total>3972102</total>
				<timestamp>448.129469</timestamp>
			</report>
			<report>
				<misses>4482001</misses>
				<total>3973101</total>
				<timestamp>448.229501</timestamp>
			</report>
			<report>
				<misses>4483001</misses>
				<total>3974100</total>
				<timestamp>448.329457</timestamp>
			</report>
			<report>
				<misses>4484001</misses>
				<total>3975099</total>
				<timestamp>448.429443</timestamp>
			</report>
			<report>
				<misses>4485001</misses>
				<total>3976098</total>
				<timestamp>448.529407</timestamp>
			</report>
			<report>
				<misses>4486001</misses>
				<total>3977097</total>
				<timestamp>448.629449</timestamp>
			</report>
			<report>
				<misses>4487001</misses>
				<total>3978096</total>
				<timestamp>448.729513</timestamp>
			</report>
			<report>
				<misses>4488001</misses>
				<total>3979095</total>
				<timestamp>448.829533</timestamp>
			</report>
			<report>
				<misses>4489001</misses>
				<total>3980094</total>
				<timestamp>448.929464</timestamp>
			</report>
			<report>
				<misses>4490001</misses>
				<total>3981093</total>
				<timestamp>449.029469</timestamp>
			</report>
			<report>
				<misses>4491001</misses>
				<total>3982092</total>
				<timestamp>449.129422</timestamp>
			</report>
			<report>
				<misses>4492001</misses>
				<total>3983091</total>
				<timestamp>449.229375</timestamp>
			</report>
			<report>
				<misses>4493001</misses>
				<total>3984090</total>
				<timestamp>449.329369</timestamp>
			</report>
			<report>
				<misses>4494001</misses>
				<total>3985089</total>
				<timestamp>449.429354</timestamp>
			</report>
			<report>
				<misses>4495001</misses>
				<total>3986088</total>
				<timestamp>449.529331</timestamp>
			</report>
			<report>
				<misses>4496001</misses>
				<total>3987087</total>
				<timestamp>449.629302</timestamp>
			</report>
			<report>
				<misses>4497001</misses>
				<total>3988086</total>
				<timestamp>449.729398</timestamp>
			</report>
			<report>
				<misses>4498001</misses>
				<total>3989085</total>
				<timestamp>449.829397</timestamp>
			</report>
			<report>
				<misses>4499001</misses>
				<total>3990084</total>
				<timestamp>449.929461</timestamp>
			</report>
			<report>
				<misses>4500001</misses>
				<total>3991083</total>
				<timestamp>450.029458</timestamp>
			</report>
			<report>
				<misses>4501001</misses>
				<total>3992082</total>
				<timestamp>450.129443</timestamp>
			</report>
			<report>
				<misses>4502001</misses>
				<total>3993081</total>
				<timestamp>450.229413</timestamp>
			</report>
			<report>
				<misses>4503001</misses>
				<total>3994080</total>
				<timestamp>450.329415</timestamp>
			</report>
			<report>
				<misses>4504001</misses>
				<total>3995079</total>
				<timestamp>450.429402</timestamp>
			</report>
			<report>
				<misses>4505001</misses>
				<total>3996078</total>
				<timestamp>450.529529</timestamp>
			</report>
			<report>
				<misses>4506001</misses>
				<total>3997077</total>
				<timestamp>450.629539</timestamp>
			</report>
			<report>
				<misses>4507001</misses>
				<total>3998076</total>
				<timestamp>450.729465</timestamp>
			</report>
			<report>
				<misses>4508001</misses>
				<total>3999075</total>
				<timestamp>450.829402</timestamp>
			</report>
			<report>
				<misses>4509001</misses>
				<total>4000074</total>
				<timestamp>450.929480</timestamp>
			</report>
			<report>
				<misses>4510001</misses>
				<total>4001073</total>
				<timestamp>451.029407</timestamp>
			</report>
			<report>
				<misses>4511001</misses>
				<total>4002072</total>
				<timestamp>451.129417</timestamp>
			</report>
			<report>
				<misses>4512001</misses>
				<total>4003071</total>
				<timestamp>451.229424</timestamp>
			</report>
			<report>
				<misses>4513001</misses>
				<total>4004070</total>
				<timestamp>451.329534</timestamp>
			</report>
			<report>
				<misses>4514001</misses>
				<total>4005069</total>
				<timestamp>451.429491</timestamp>
			</report>
			<report>
				<misses>4515001</misses>
				<total>4006068</total>
				<timestamp>451.529478</timestamp>
			</report>
			<report>
				<misses>4516001</misses>
				<total>4007067</total>
				<timestamp>451.629392</timestamp>
			</report>
			<report>
				<misses>4517001</misses>
				<total>4008066</total>
				<timestamp>451.729359</timestamp>
			</report>
			<report>
				<misses>4518001</misses>
				<total>4009065</total>
				<timestamp>451.829375</timestamp>
			</report>
			<report>
				<misses>4519001</misses>
				<total>4010064</total>
				<timestamp>451.929425</timestamp>
			</report>
			<report>
				<misses>4520001</misses>
				<total>4011063</total>
				<timestamp>452.029403</timestamp>
			</report>
			<report>
				<misses>4521001</misses>
				<total>4012062</total>
				<timestamp>452.129413</timestamp>
			</report>
			<report>
				<misses>4522001</misses>
				<total>4013061</total>
				<timestamp>452.229435</timestamp>
			</report>
			<report>
				<misses>4523001</misses>
				<total>4014060</total>
				<timestamp>452.329390</timestamp>
			</report>
			<report>
				<misses>4524001</misses>
				<total>4015059</total>
				<timestamp>452.429476</timestamp>
			</report>
			<report>
				<misses>4525001</misses>
				<total>4016058</total>
				<timestamp>452.529471</timestamp>
			</report>
			<report>
				<misses>4526001</misses>
				<total>4017057</total>
				<timestamp>452.629398</timestamp>
			</report>
			<report>
				<misses>4527001</misses>
				<total>4018056</total>
				<timestamp>452.729415</timestamp>
			</report>
			<report>
				<misses>4528001</misses>
				<total>4019055</total>
				<timestamp>452.829386</timestamp>
			</report>
			<report>
				<misses>4529001</misses>
				<total>4020054</total>
				<timestamp>452.929383</timestamp>
			</report>
			<report>
				<misses>4530001</misses>
				<total>4021053</total>
				<timestamp>453.029399</timestamp>
			</report>
			<report>
				<misses>4531001</misses>
				<total>4022052</total>
				<timestamp>453.129428</timestamp>
			</report>
			<report>
				<misses>4532001</misses>
				<total>4023051</total>
				<timestamp>453.229418</timestamp>
			</report>
			<report>
				<misses>4533001</misses>
				<total>4024050</total>
				<timestamp>453.329466</timestamp>
			</report>
			<report>
				<misses>4534001</misses>
				<total>4025049</total>
				<timestamp>453.429467</timestamp>
			</report>
			<report>
				<misses>4535001</misses>
				<total>4026048</total>
				<timestamp>453.529397</timestamp>
			</report>
			<report>
				<misses>4536001</misses>
				<total>4027047</total>
				<timestamp>453.629395</timestamp>
			</report>
			<report>
				<misses>4537001</misses>
				<total>4028046</total>
				<timestamp>453.729422</timestamp>
			</report>
			<report>
				<misses>4538001</misses>
				<total>4029045</total>
				<timestamp>453.829395</timestamp>
			</report>
			<report>
				<misses>4539001</misses>
				<total>4030044</total>
				<timestamp>453.929414</timestamp>
			</report>
			<report>
				<misses>4540001</misses>
				<total>4031043</total>
				<timestamp>454.029370</timestamp>
			</report>
			<report>
				<misses>4541001</misses>
				<total>4032042</total>
				<timestamp>454.129313</timestamp>
			</report>
			<report>
				<misses>4542001</misses>
				<total>4033041</total>
				<timestamp>454.229298</timestamp>
			</report>
			<report>
				<misses>4543001</misses>
				<total>4034040</total>
				<timestamp>454.329384</timestamp>
			</report>
			<report>
				<misses>4544001</misses>
				<total>4035039</total>
				<timestamp>454.429337</timestamp>
			</report>
			<report>
				<misses>4545001</misses>
				<total>4036038</total>
				<timestamp>454.529377</timestamp>
			</report>
			<report>
				<misses>4546001</misses>
				<total>4037037</total>
				<timestamp>454.629325</timestamp>
			</report>
			<report>
				<misses>4547001</misses>
				<total>4038036</total>
				<timestamp>454.729336</timestamp>
			</report>
			<report>
				<misses>4548001</misses>
				<total>4039035</total>
				<timestamp>454.829316</timestamp>
			</report>
			<report>
				<misses>4549001</misses>
				<total>4040034</total>
				<timestamp>454.929290</timestamp>
			</report>
			<report>
				<misses>4550001</misses>
				<total>4041033</total>
				<timestamp>455.029221</timestamp>
			</report>
			<report>
				<misses>4551001</misses>
				<total>4042032</total>
				<timestamp>455.129252</timestamp>
			</report>
			<report>
				<misses>4552001</misses>
				<total>4043031</total>
				<timestamp>455.229229</timestamp>
			</report>
			<report>
				<misses>4553001</misses>
				<total>4044030</total>
				<timestamp>455.329305</timestamp>
			</report>
			<report>
				<misses>4554001</misses>
				<total>4045029</total>
				<timestamp>455.429378</timestamp>
			</report>
			<report>
				<misses>4555001</misses>
				<total>4046028</total>
				<timestamp>455.529344</timestamp>
			</report>
			<report>
				<misses>4556001</misses>
				<total>4047027</total>
				<timestamp>455.629392</timestamp>
			</report>
			<report>
				<misses>4557001</misses>
				<total>4048026</total>
				<timestamp>455.729322</timestamp>
			</report>
			<report>
				<misses>4558001</misses>
				<total>4049025</total>
				<timestamp>455.829366</timestamp>
			</report>
			<report>
				<misses>4559001</misses>
				<total>4050024</total>
				<timestamp>455.929368</timestamp>
			</report>
			<report>
				<misses>4560001</misses>
				<total>4051023</total>
				<timestamp>456.029321</timestamp>
			</report>
			<report>
				<misses>4561001</misses>
				<total>4052022</total>
				<timestamp>456.129343</timestamp>
			</report>
			<report>
				<misses>4562001</misses>
				<total>4053021</total>
				<timestamp>456.229337</timestamp>
			</report>
			<report>
				<misses>4563001</misses>
				<total>4054020</total>
				<timestamp>456.329407</timestamp>
			</report>
			<report>
				<misses>4564001</misses>
				<total>4055019</total>
				<timestamp>456.429372</timestamp>
			</report>
			<report>
				<misses>4565001</misses>
				<total>4056018</total>
				<timestamp>456.529292</timestamp>
			</report>
			<report>
				<misses>4566001</misses>
				<total>4057017</total>
				<timestamp>456.629377</timestamp>
			</report>
			<report>
				<misses>4567001</misses>
				<total>4058016</total>
				<timestamp>456.729396</timestamp>
			</report>
			<report>
				<misses>4568001</misses>
				<total>4059015</total>
				<timestamp>456.829413</timestamp>
			</report>
			<report>
				<misses>4569001</misses>
				<total>4060014</total>
				<timestamp>456.929382</timestamp>
			</report>
			<report>
				<misses>4570001</misses>
				<total>4061013</total>
				<timestamp>457.029284</timestamp>
			</report>
			<report>
				<misses>4571001</misses>
				<total>4062012</total>
				<timestamp>457.129198</timestamp>
			</report>
			<report>
				<misses>4572001</misses>
				<total>4063011</total>
				<timestamp>457.229282</timestamp>
			</report>
			<report>
				<misses>4573001</misses>
				<total>4064010</total>
				<timestamp>457.329193</timestamp>
			</report>
			<report>
				<misses>4574001</misses>
				<total>4065009</total>
				<timestamp>457.429160</timestamp>
			</report>
			<report>
				<misses>4575001</misses>
				<total>4066008</total>
				<timestamp>457.529177</timestamp>
			</report>
			<report>
				<misses>4576001</misses>
				<total>4067007</total>
				<timestamp>457.629212</timestamp>
			</report>
			<report>
				<misses>4577001</misses>
				<total>4068006</total>
				<timestamp>457.729302</timestamp>
			</report>
			<report>
				<misses>4578001</misses>
				<total>4069005</total>
				<timestamp>457.829396</timestamp>
			</report>
			<report>
				<misses>4579001</misses>
				<total>4070004</total>
				<timestamp>457.929550</timestamp>
			</report>
			<report>
				<misses>4580001</misses>
				<total>4071003</total>
				<timestamp>458.029476</timestamp>
			</report>
			<report>
				<misses>4581001</misses>
				<total>4072002</total>
				<timestamp>458.132387</timestamp>
			</report>
			<report>
				<misses>4582001</misses>
				<total>4073001</total>
				<timestamp>458.232872</timestamp>
			</report>
			<report>
				<misses>4583001</misses>
				<total>4074000</total>
				<timestamp>458.332858</timestamp>
			</report>
			<report>
				<misses>4584001</misses>
				<total>4074999</total>
				<timestamp>458.432797</timestamp>
			</report>
			<report>
				<misses>4585001</misses>
				<total>4075998</total>
				<timestamp>458.532765</timestamp>
			</report>
			<report>
				<misses>4586001</misses>
				<total>4076997</total>
				<timestamp>458.632670</timestamp>
			</report>
			<report>
				<misses>4587001</misses>
				<total>4077996</total>
				<timestamp>458.732589</timestamp>
			</report>
			<report>
				<misses>4588001</misses>
				<total>4078995</total>
				<timestamp>458.832456</timestamp>
			</report>
			<report>
				<misses>4589001</misses>
				<total>4079994</total>
				<timestamp>458.932438</timestamp>
			</report>
			<report>
				<misses>4590001</misses>
				<total>4080993</total>
				<timestamp>459.032369</timestamp>
			</report>
			<report>
				<misses>4591001</misses>
				<total>4081992</total>
				<timestamp>459.132314</timestamp>
			</report>
			<report>
				<misses>4592001</misses>
				<total>4082991</total>
				<timestamp>459.232295</timestamp>
			</report>
			<report>
				<misses>4593001</misses>
				<total>4083990</total>
				<timestamp>459.332330</timestamp>
			</report>
			<report>
				<misses>4594001</misses>
				<total>4084989</total>
				<timestamp>459.432288</timestamp>
			</report>
			<report>
				<misses>4595001</misses>
				<total>4085988</total>
				<timestamp>459.532286</timestamp>
			</report>
			<report>
				<misses>4596001</misses>
				<total>4086987</total>
				<timestamp>459.632206</timestamp>
			</report>
			<report>
				<misses>4597001</misses>
				<total>4087986</total>
				<timestamp>459.732335</timestamp>
			</report>
			<report>
				<misses>4598001</misses>
				<total>4088985</total>
				<timestamp>459.832403</timestamp>
			</report>
			<report>
				<misses>4599001</misses>
				<total>4089984</total>
				<timestamp>459.932477</timestamp>
			</report>
			<report>
				<misses>4600001</misses>
				<total>4090983</total>
				<timestamp>460.032401</timestamp>
			</report>
			<report>
				<misses>4601001</misses>
				<total>4091982</total>
				<timestamp>460.132417</timestamp>
			</report>
			<report>
				<misses>4602001</misses>
				<total>4092981</total>
				<timestamp>460.232409</timestamp>
			</report>
			<report>
				<misses>4603001</misses>
				<total>4093980</total>
				<timestamp>460.332403</timestamp>
			</report>
			<report>
				<misses>4604001</misses>
				<total>4094979</total>
				<timestamp>460.432411</timestamp>
			</report>
			<report>
				<misses>4605001</misses>
				<total>4095978</total>
				<timestamp>460.532419</timestamp>
			</report>
			<report>
				<misses>4606001</misses>
				<total>4096977</total>
				<timestamp>460.632373</timestamp>
			</report>
			<report>
				<misses>4607001</misses>
				<total>4097976</total>
				<timestamp>460.732344</timestamp>
			</report>
			<report>
				<misses>4608001</misses>
				<total>4098975</total>
				<timestamp>460.832410</timestamp>
			</report>
			<report>
				<misses>4609001</misses>
				<total>4099974</total>
				<timestamp>460.932378</timestamp>
			</report>
			<report>
				<misses>4610001</misses>
				<total>4100973</total>
				<timestamp>461.032346</timestamp>
			</report>
			<report>
				<misses>4611001</misses>
				<total>4101972</total>
				<timestamp>461.132345</timestamp>
			</report>
			<report>
				<misses>4612001</misses>
				<total>4102971</total>
				<timestamp>461.232369</timestamp>
			</report>
			<report>
				<misses>4613001</misses>
				<total>4103970</total>
				<timestamp>461.332399</timestamp>
			</report>
			<report>
				<misses>4614001</misses>
				<total>4104969</total>
				<timestamp>461.432446</timestamp>
			</report>
			<report>
				<misses>4615001</misses>
				<total>4105968</total>
				<timestamp>461.532392</timestamp>
			</report>
			<report>
				<misses>4616001</misses>
				<total>4106967</total>
				<timestamp>461.632295</timestamp>
			</report>
			<report>
				<misses>4617001</misses>
				<total>4107469</total>
				<timestamp>461.732337</timestamp>
			</report>
			<report>
				<misses>4618001</misses>
				<total>4107473</total>
				<timestamp>461.832309</timestamp>
			</report>
			<report>
				<misses>4619001</misses>
				<total>4107474</total>
				<timestamp>461.932318</timestamp>
			</report>
			<report>
				<misses>4620001</misses>
				<total>4107501</total>
				<timestamp>462.032459</timestamp>
			</report>
			<report>
				<misses>4621001</misses>
				<total>4108500</total>
				<timestamp>462.132379</timestamp>
			</report>
			<report>
				<misses>4622001</misses>
				<total>4109499</total>
				<timestamp>462.232284</timestamp>
			</report>
			<report>
				<misses>4623001</misses>
				<total>4110498</total>
				<timestamp>462.332173</timestamp>
			</report>
			<report>
				<misses>4624001</misses>
				<total>4111497</total>
				<timestamp>462.432135</timestamp>
			</report>
			<report>
				<misses>4625001</misses>
				<total>4112496</total>
				<timestamp>462.532120</timestamp>
			</report>
			<report>
				<misses>4626001</misses>
				<total>4113495</total>
				<timestamp>462.632140</timestamp>
			</report>
			<report>
				<misses>4627001</misses>
				<total>4114494</total>
				<timestamp>462.732188</timestamp>
			</report>
			<report>
				<misses>4628001</misses>
				<total>4115493</total>
				<timestamp>462.832159</timestamp>
			</report>
			<report>
				<misses>4629001</misses>
				<total>4116492</total>
				<timestamp>462.932159</timestamp>
			</report>
			<report>
				<misses>4630001</misses>
				<total>4117491</total>
				<timestamp>463.032162</timestamp>
			</report>
			<report>
				<misses>4631001</misses>
				<total>4118490</total>
				<timestamp>463.132127</timestamp>
			</report>
			<report>
				<misses>4632001</misses>
				<total>4119352</total>
				<timestamp>463.232139</timestamp>
			</report>
			<report>
				<misses>4633001</misses>
				<total>4119352</total>
				<timestamp>463.332249</timestamp>
			</report>
			<report>
				<misses>4634001</misses>
				<total>4119359</total>
				<timestamp>463.432275</timestamp>
			</report>
			<report>
				<misses>4635001</misses>
				<total>4119360</total>
				<timestamp>463.532248</timestamp>
			</report>
			<report>
				<misses>4636001</misses>
				<total>4119360</total>
				<timestamp>463.632248</timestamp>
			</report>
			<report>
				<misses>4637001</misses>
				<total>4119359</total>
				<timestamp>463.732289</timestamp>
			</report>
			<report>
				<misses>4638001</misses>
				<total>4119360</total>
				<timestamp>463.832224</timestamp>
			</report>
			<report>
				<misses>4639001</misses>
				<total>4119360</total>
				<timestamp>463.932273</timestamp>
			</report>
			<report>
				<misses>4640001</misses>
				<total>4119359</total>
				<timestamp>464.032329</timestamp>
			</report>
			<report>
				<misses>4641001</misses>
				<total>4119359</total>
				<timestamp>464.132374</timestamp>
			</report>
			<report>
				<misses>4642001</misses>
				<total>4119360</total>
				<timestamp>464.232377</timestamp>
			</report>
			<report>
				<misses>4643001</misses>
				<total>4119361</total>
				<timestamp>464.332276</timestamp>
			</report>
			<report>
				<misses>4644001</misses>
				<total>4119360</total>
				<timestamp>464.432315</timestamp>
			</report>
			<report>
				<misses>4645001</misses>
				<total>4119360</total>
				<timestamp>464.532311</timestamp>
			</report>
			<report>
				<misses>4646001</misses>
				<total>4119360</total>
				<timestamp>464.632315</timestamp>
			</report>
			<report>
				<misses>4647001</misses>
				<total>4119359</total>
				<timestamp>464.732380</timestamp>
			</report>
			<report>
				<misses>4648001</misses>
				<total>4119360</total>
				<timestamp>464.832345</timestamp>
			</report>
			<report>
				<misses>4649001</misses>
				<total>4119359</total>
				<timestamp>464.932329</timestamp>
			</report>
			<report>
				<misses>4650001</misses>
				<total>4119360</total>
				<timestamp>465.032285</timestamp>
			</report>
			<report>
				<misses>4651001</misses>
				<total>4119361</total>
				<timestamp>465.132240</timestamp>
			</report>
			<report>
				<misses>4652001</misses>
				<total>4119367</total>
				<timestamp>465.232252</timestamp>
			</report>
			<report>
				<misses>4653001</misses>
				<total>4119367</total>
				<timestamp>465.332171</timestamp>
			</report>
			<report>
				<misses>4654001</misses>
				<total>4119367</total>
				<timestamp>465.432151</timestamp>
			</report>
			<report>
				<misses>4655001</misses>
				<total>4119372</total>
				<timestamp>465.532188</timestamp>
			</report>
			<report>
				<misses>4656001</misses>
				<total>4119372</total>
				<timestamp>465.632129</timestamp>
			</report>
			<report>
				<misses>4657001</misses>
				<total>4119371</total>
				<timestamp>465.732187</timestamp>
			</report>
			<report>
				<misses>4658001</misses>
				<total>4119371</total>
				<timestamp>465.832166</timestamp>
			</report>
			<report>
				<misses>4659001</misses>
				<total>4119374</total>
				<timestamp>465.932113</timestamp>
			</report>
			<report>
				<misses>4660001</misses>
				<total>4119852</total>
				<timestamp>466.032245</timestamp>
			</report>
			<report>
				<misses>4661001</misses>
				<total>4120851</total>
				<timestamp>466.132271</timestamp>
			</report>
			<report>
				<misses>4662001</misses>
				<total>4121850</total>
				<timestamp>466.232250</timestamp>
			</report>
			<report>
				<misses>4663001</misses>
				<total>4122849</total>
				<timestamp>466.332313</timestamp>
			</report>
			<report>
				<misses>4664001</misses>
				<total>4123848</total>
				<timestamp>466.432319</timestamp>
			</report>
			<report>
				<misses>4665001</misses>
				<total>4124847</total>
				<timestamp>466.532367</timestamp>
			</report>
			<report>
				<misses>4666001</misses>
				<total>4125846</total>
				<timestamp>466.632295</timestamp>
			</report>
			<report>
				<misses>4667001</misses>
				<total>4126845</total>
				<timestamp>466.732377</timestamp>
			</report>
			<report>
				<misses>4668001</misses>
				<total>4127844</total>
				<timestamp>466.832329</timestamp>
			</report>
			<report>
				<misses>4669001</misses>
				<total>4128843</total>
				<timestamp>466.932356</timestamp>
			</report>
			<report>
				<misses>4670001</misses>
				<total>4129842</total>
				<timestamp>467.032262</timestamp>
			</report>
			<report>
				<misses>4671001</misses>
				<total>4130841</total>
				<timestamp>467.132249</timestamp>
			</report>
			<report>
				<misses>4672001</misses>
				<total>4131840</total>
				<timestamp>467.232251</timestamp>
			</report>
			<report>
				<misses>4673001</misses>
				<total>4132839</total>
				<timestamp>467.332251</timestamp>
			</report>
			<report>
				<misses>4674001</misses>
				<total>4133838</total>
				<timestamp>467.432248</timestamp>
			</report>
			<report>
				<misses>4675001</misses>
				<total>4134837</total>
				<timestamp>467.532230</timestamp>
			</report>
			<report>
				<misses>4676001</misses>
				<total>4135836</total>
				<timestamp>467.632238</timestamp>
			</report>
			<report>
				<misses>4677001</misses>
				<total>4136835</total>
				<timestamp>467.732255</timestamp>
			</report>
			<report>
				<misses>4678001</misses>
				<total>4137834</total>
				<timestamp>467.832232</timestamp>
			</report>
			<report>
				<misses>4679001</misses>
				<total>4138833</total>
				<timestamp>467.932243</timestamp>
			</report>
			<report>
				<misses>4680001</misses>
				<total>4139832</total>
				<timestamp>468.032324</timestamp>
			</report>
			<report>
				<misses>4681001</misses>
				<total>4140831</total>
				<timestamp>468.132367</timestamp>
			</report>
			<report>
				<misses>4682001</misses>
				<total>4141830</total>
				<timestamp>468.232409</timestamp>
			</report>
			<report>
				<misses>4683001</misses>
				<total>4142829</total>
				<timestamp>468.332474</timestamp>
			</report>
			<report>
				<misses>4684001</misses>
				<total>4143828</total>
				<timestamp>468.432419</timestamp>
			</report>
			<report>
				<misses>4685001</misses>
				<total>4144827</total>
				<timestamp>468.532438</timestamp>
			</report>
			<report>
				<misses>4686001</misses>
				<total>4145826</total>
				<timestamp>468.632494</timestamp>
			</report>
			<report>
				<misses>4687001</misses>
				<total>4146825</total>
				<timestamp>468.732377</timestamp>
			</report>
			<report>
				<misses>4688001</misses>
				<total>4147824</total>
				<timestamp>468.832309</timestamp>
			</report>
			<report>
				<misses>4689001</misses>
				<total>4148823</total>
				<timestamp>468.932358</timestamp>
			</report>
			<report>
				<misses>4690001</misses>
				<total>4149822</total>
				<timestamp>469.032279</timestamp>
			</report>
			<report>
				<misses>4691001</misses>
				<total>4150821</total>
				<timestamp>469.132214</timestamp>
			</report>
			<report>
				<misses>4692001</misses>
				<total>4151820</total>
				<timestamp>469.232218</timestamp>
			</report>
			<report>
				<misses>4693001</misses>
				<total>4152819</total>
				<timestamp>469.332310</timestamp>
			</report>
			<report>
				<misses>4694001</misses>
				<total>4153818</total>
				<timestamp>469.432301</timestamp>
			</report>
			<report>
				<misses>4695001</misses>
				<total>4154817</total>
				<timestamp>469.532333</timestamp>
			</report>
			<report>
				<misses>4696001</misses>
				<total>4155816</total>
				<timestamp>469.632347</timestamp>
			</report>
			<report>
				<misses>4697001</misses>
				<total>4156815</total>
				<timestamp>469.732290</timestamp>
			</report>
			<report>
				<misses>4698001</misses>
				<total>4157814</total>
				<timestamp>469.832212</timestamp>
			</report>
			<report>
				<misses>4699001</misses>
				<total>4158813</total>
				<timestamp>469.932215</timestamp>
			</report>
			<report>
				<misses>4700001</misses>
				<total>4159812</total>
				<timestamp>470.032261</timestamp>
			</report>
			<report>
				<misses>4701001</misses>
				<total>4160811</total>
				<timestamp>470.132220</timestamp>
			</report>
			<report>
				<misses>4702001</misses>
				<total>4161810</total>
				<timestamp>470.232333</timestamp>
			</report>
			<report>
				<misses>4703001</misses>
				<total>4162809</total>
				<timestamp>470.332485</timestamp>
			</report>
			<report>
				<misses>4704001</misses>
				<total>4163808</total>
				<timestamp>470.432574</timestamp>
			</report>
			<report>
				<misses>4705001</misses>
				<total>4164807</total>
				<timestamp>470.532587</timestamp>
			</report>
			<report>
				<misses>4706001</misses>
				<total>4165806</total>
				<timestamp>470.632468</timestamp>
			</report>
			<report>
				<misses>4707001</misses>
				<total>4166805</total>
				<timestamp>470.732369</timestamp>
			</report>
			<report>
				<misses>4708001</misses>
				<total>4167804</total>
				<timestamp>470.832280</timestamp>
			</report>
			<report>
				<misses>4709001</misses>
				<total>4168803</total>
				<timestamp>470.932280</timestamp>
			</report>
			<report>
				<misses>4710001</misses>
				<total>4169802</total>
				<timestamp>471.032350</timestamp>
			</report>
			<report>
				<misses>4711001</misses>
				<total>4170801</total>
				<timestamp>471.132293</timestamp>
			</report>
			<report>
				<misses>4712001</misses>
				<total>4171800</total>
				<timestamp>471.232235</timestamp>
			</report>
			<report>
				<misses>4713001</misses>
				<total>4172799</total>
				<timestamp>471.332209</timestamp>
			</report>
			<report>
				<misses>4714001</misses>
				<total>4173798</total>
				<timestamp>471.432226</timestamp>
			</report>
			<report>
				<misses>4715001</misses>
				<total>4174797</total>
				<timestamp>471.532265</timestamp>
			</report>
			<report>
				<misses>4716001</misses>
				<total>4175796</total>
				<timestamp>471.632264</timestamp>
			</report>
			<report>
				<misses>4717001</misses>
				<total>4176795</total>
				<timestamp>471.732229</timestamp>
			</report>
			<report>
				<misses>4718001</misses>
				<total>4177794</total>
				<timestamp>471.832217</timestamp>
			</report>
			<report>
				<misses>4719001</misses>
				<total>4178793</total>
				<timestamp>471.932260</timestamp>
			</report>
			<report>
				<misses>4720001</misses>
				<total>4179792</total>
				<timestamp>472.032229</timestamp>
			</report>
			<report>
				<misses>4721001</misses>
				<total>4180791</total>
				<timestamp>472.132253</timestamp>
			</report>
			<report>
				<misses>4722001</misses>
				<total>4181790</total>
				<timestamp>472.232274</timestamp>
			</report>
			<report>
				<misses>4723001</misses>
				<total>4182789</total>
				<timestamp>472.332400</timestamp>
			</report>
			<report>
				<misses>4724001</misses>
				<total>4183788</total>
				<timestamp>472.432372</timestamp>
			</report>
			<report>
				<misses>4725001</misses>
				<total>4184787</total>
				<timestamp>472.532306</timestamp>
			</report>
			<report>
				<misses>4726001</misses>
				<total>4185786</total>
				<timestamp>472.632262</timestamp>
			</report>
			<report>
				<misses>4727001</misses>
				<total>4186785</total>
				<timestamp>472.732229</timestamp>
			</report>
			<report>
				<misses>4728001</misses>
				<total>4187784</total>
				<timestamp>472.832311</timestamp>
			</report>
			<report>
				<misses>4729001</misses>
				<total>4188783</total>
				<timestamp>472.932373</timestamp>
			</report>
			<report>
				<misses>4730001</misses>
				<total>4189782</total>
				<timestamp>473.032258</timestamp>
			</report>
			<report>
				<misses>4731001</misses>
				<total>4190781</total>
				<timestamp>473.132237</timestamp>
			</report>
			<report>
				<misses>4732001</misses>
				<total>4191780</total>
				<timestamp>473.232225</timestamp>
			</report>
			<report>
				<misses>4733001</misses>
				<total>4192779</total>
				<timestamp>473.332242</timestamp>
			</report>
			<report>
				<misses>4734001</misses>
				<total>4193778</total>
				<timestamp>473.432216</timestamp>
			</report>
			<report>
				<misses>4735001</misses>
				<total>4194777</total>
				<timestamp>473.532247</timestamp>
			</report>
			<report>
				<misses>4736001</misses>
				<total>4195776</total>
				<timestamp>473.632192</timestamp>
			</report>
			<report>
				<misses>4737001</misses>
				<total>4196775</total>
				<timestamp>473.732080</timestamp>
			</report>
			<report>
				<misses>4738001</misses>
				<total>4197774</total>
				<timestamp>473.832067</timestamp>
			</report>
			<report>
				<misses>4739001</misses>
				<total>4198773</total>
				<timestamp>473.932058</timestamp>
			</report>
			<report>
				<misses>4740001</misses>
				<total>4199772</total>
				<timestamp>474.032047</timestamp>
			</report>
			<report>
				<misses>4741001</misses>
				<total>4200771</total>
				<timestamp>474.132076</timestamp>
			</report>
			<report>
				<misses>4742001</misses>
				<total>4201770</total>
				<timestamp>474.232030</timestamp>
			</report>
			<report>
				<misses>4743001</misses>
				<total>4202769</total>
				<timestamp>474.332195</timestamp>
			</report>
			<report>
				<misses>4744001</misses>
				<total>4203768</total>
				<timestamp>474.432227</timestamp>
			</report>
			<report>
				<misses>4745001</misses>
				<total>4204767</total>
				<timestamp>474.532287</timestamp>
			</report>
			<report>
				<misses>4746001</misses>
				<total>4205766</total>
				<timestamp>474.632242</timestamp>
			</report>
			<report>
				<misses>4747001</misses>
				<total>4206765</total>
				<timestamp>474.732236</timestamp>
			</report>
			<report>
				<misses>4748001</misses>
				<total>4207764</total>
				<timestamp>474.832247</timestamp>
			</report>
			<report>
				<misses>4749001</misses>
				<total>4208763</total>
				<timestamp>474.932248</timestamp>
			</report>
			<report>
				<misses>4750001</misses>
				<total>4209762</total>
				<timestamp>475.032223</timestamp>
			</report>
			<report>
				<misses>4751001</misses>
				<total>4210761</total>
				<timestamp>475.132280</timestamp>
			</report>
			<report>
				<misses>4752001</misses>
				<total>4211760</total>
				<timestamp>475.232231</timestamp>
			</report>
			<report>
				<misses>4753001</misses>
				<total>4212759</total>
				<timestamp>475.332273</timestamp>
			</report>
			<report>
				<misses>4754001</misses>
				<total>4213758</total>
				<timestamp>475.432292</timestamp>
			</report>
			<report>
				<misses>4755001</misses>
				<total>4214757</total>
				<timestamp>475.532339</timestamp>
			</report>
			<report>
				<misses>4756001</misses>
				<total>4215756</total>
				<timestamp>475.632288</timestamp>
			</report>
			<report>
				<misses>4757001</misses>
				<total>4216755</total>
				<timestamp>475.732237</timestamp>
			</report>
			<report>
				<misses>4758001</misses>
				<total>4217754</total>
				<timestamp>475.832352</timestamp>
			</report>
			<report>
				<misses>4759001</misses>
				<total>4218753</total>
				<timestamp>475.932290</timestamp>
			</report>
			<report>
				<misses>4760001</misses>
				<total>4219752</total>
				<timestamp>476.032304</timestamp>
			</report>
			<report>
				<misses>4761001</misses>
				<total>4220751</total>
				<timestamp>476.132279</timestamp>
			</report>
			<report>
				<misses>4762001</misses>
				<total>4221750</total>
				<timestamp>476.232222</timestamp>
			</report>
			<report>
				<misses>4763001</misses>
				<total>4222749</total>
				<timestamp>476.332301</timestamp>
			</report>
			<report>
				<misses>4764001</misses>
				<total>4223748</total>
				<timestamp>476.432277</timestamp>
			</report>
			<report>
				<misses>4765001</misses>
				<total>4224747</total>
				<timestamp>476.532243</timestamp>
			</report>
			<report>
				<misses>4766001</misses>
				<total>4225746</total>
				<timestamp>476.632285</timestamp>
			</report>
			<report>
				<misses>4767001</misses>
				<total>4226745</total>
				<timestamp>476.732292</timestamp>
			</report>
			<report>
				<misses>4768001</misses>
				<total>4227744</total>
				<timestamp>476.832240</timestamp>
			</report>
			<report>
				<misses>4769001</misses>
				<total>4228743</total>
				<timestamp>476.932272</timestamp>
			</report>
			<report>
				<misses>4770001</misses>
				<total>4229742</total>
				<timestamp>477.032306</timestamp>
			</report>
			<report>
				<misses>4771001</misses>
				<total>4230741</total>
				<timestamp>477.132307</timestamp>
			</report>
			<report>
				<misses>4772001</misses>
				<total>4231740</total>
				<timestamp>477.232301</timestamp>
			</report>
			<report>
				<misses>4773001</misses>
				<total>4232739</total>
				<timestamp>477.332297</timestamp>
			</report>
			<report>
				<misses>4774001</misses>
				<total>4233738</total>
				<timestamp>477.432293</timestamp>
			</report>
			<report>
				<misses>4775001</misses>
				<total>4234737</total>
				<timestamp>477.532336</timestamp>
			</report>
			<report>
				<misses>4776001</misses>
				<total>4235736</total>
				<timestamp>477.632282</timestamp>
			</report>
			<report>
				<misses>4777001</misses>
				<total>4236735</total>
				<timestamp>477.732301</timestamp>
			</report>
			<report>
				<misses>4778001</misses>
				<total>4237734</total>
				<timestamp>477.832430</timestamp>
			</report>
			<report>
				<misses>4779001</misses>
				<total>4238733</total>
				<timestamp>477.932401</timestamp>
			</report>
			<report>
				<misses>4780001</misses>
				<total>4239732</total>
				<timestamp>478.032373</timestamp>
			</report>
			<report>
				<misses>4781001</misses>
				<total>4240731</total>
				<timestamp>478.132383</timestamp>
			</report>
			<report>
				<misses>4782001</misses>
				<total>4241730</total>
				<timestamp>478.232289</timestamp>
			</report>
			<report>
				<misses>4783001</misses>
				<total>4242729</total>
				<timestamp>478.332247</timestamp>
			</report>
			<report>
				<misses>4784001</misses>
				<total>4243728</total>
				<timestamp>478.432202</timestamp>
			</report>
			<report>
				<misses>4785001</misses>
				<total>4244727</total>
				<timestamp>478.532288</timestamp>
			</report>
			<report>
				<misses>4786001</misses>
				<total>4245726</total>
				<timestamp>478.632304</timestamp>
			</report>
			<report>
				<misses>4787001</misses>
				<total>4246725</total>
				<timestamp>478.732329</timestamp>
			</report>
			<report>
				<misses>4788001</misses>
				<total>4247724</total>
				<timestamp>478.832305</timestamp>
			</report>
			<report>
				<misses>4789001</misses>
				<total>4248723</total>
				<timestamp>478.932280</timestamp>
			</report>
			<report>
				<misses>4790001</misses>
				<total>4249722</total>
				<timestamp>479.032291</timestamp>
			</report>
			<report>
				<misses>4791001</misses>
				<total>4250721</total>
				<timestamp>479.132291</timestamp>
			</report>
			<report>
				<misses>4792001</misses>
				<total>4251720</total>
				<timestamp>479.232290</timestamp>
			</report>
			<report>
				<misses>4793001</misses>
				<total>4252719</total>
				<timestamp>479.332280</timestamp>
			</report>
			<report>
				<misses>4794001</misses>
				<total>4253718</total>
				<timestamp>479.432248</timestamp>
			</report>
			<report>
				<misses>4795001</misses>
				<total>4254717</total>
				<timestamp>479.532275</timestamp>
			</report>
			<report>
				<misses>4796001</misses>
				<total>4255716</total>
				<timestamp>479.632260</timestamp>
			</report>
			<report>
				<misses>4797001</misses>
				<total>4256715</total>
				<timestamp>479.732296</timestamp>
			</report>
			<report>
				<misses>4798001</misses>
				<total>4257714</total>
				<timestamp>479.832293</timestamp>
			</report>
			<report>
				<misses>4799001</misses>
				<total>4258713</total>
				<timestamp>479.932249</timestamp>
			</report>
			<report>
				<misses>4800001</misses>
				<total>4259712</total>
				<timestamp>480.032274</timestamp>
			</report>
			<report>
				<misses>4801001</misses>
				<total>4260711</total>
				<timestamp>480.132190</timestamp>
			</report>
			<report>
				<misses>4802001</misses>
				<total>4261710</total>
				<timestamp>480.232188</timestamp>
			</report>
			<report>
				<misses>4803001</misses>
				<total>4262709</total>
				<timestamp>480.332143</timestamp>
			</report>
			<report>
				<misses>4804001</misses>
				<total>4263708</total>
				<timestamp>480.432176</timestamp>
			</report>
			<report>
				<misses>4805001</misses>
				<total>4264707</total>
				<timestamp>480.532147</timestamp>
			</report>
			<report>
				<misses>4806001</misses>
				<total>4265706</total>
				<timestamp>480.632197</timestamp>
			</report>
			<report>
				<misses>4807001</misses>
				<total>4266705</total>
				<timestamp>480.732274</timestamp>
			</report>
			<report>
				<misses>4808001</misses>
				<total>4267704</total>
				<timestamp>480.832218</timestamp>
			</report>
			<report>
				<misses>4809001</misses>
				<total>4268703</total>
				<timestamp>480.932153</timestamp>
			</report>
			<report>
				<misses>4810001</misses>
				<total>4269702</total>
				<timestamp>481.035460</timestamp>
			</report>
			<report>
				<misses>4811001</misses>
				<total>4270701</total>
				<timestamp>481.135394</timestamp>
			</report>
			<report>
				<misses>4812001</misses>
				<total>4271700</total>
				<timestamp>481.235359</timestamp>
			</report>
			<report>
				<misses>4813001</misses>
				<total>4272699</total>
				<timestamp>481.335265</timestamp>
			</report>
			<report>
				<misses>4814001</misses>
				<total>4273698</total>
				<timestamp>481.435196</timestamp>
			</report>
			<report>
				<misses>4815001</misses>
				<total>4274697</total>
				<timestamp>481.535217</timestamp>
			</report>
			<report>
				<misses>4816001</misses>
				<total>4275696</total>
				<timestamp>481.635212</timestamp>
			</report>
			<report>
				<misses>4817001</misses>
				<total>4276695</total>
				<timestamp>481.735257</timestamp>
			</report>
			<report>
				<misses>4818001</misses>
				<total>4277694</total>
				<timestamp>481.835264</timestamp>
			</report>
			<report>
				<misses>4819001</misses>
				<total>4278693</total>
				<timestamp>481.935237</timestamp>
			</report>
			<report>
				<misses>4820001</misses>
				<total>4279692</total>
				<timestamp>482.035201</timestamp>
			</report>
			<report>
				<misses>4821001</misses>
				<total>4280691</total>
				<timestamp>482.135287</timestamp>
			</report>
			<report>
				<misses>4822001</misses>
				<total>4281690</total>
				<timestamp>482.235268</timestamp>
			</report>
			<report>
				<misses>4823001</misses>
				<total>4282689</total>
				<timestamp>482.335280</timestamp>
			</report>
			<report>
				<misses>4824001</misses>
				<total>4283688</total>
				<timestamp>482.435300</timestamp>
			</report>
			<report>
				<misses>4825001</misses>
				<total>4284687</total>
				<timestamp>482.535690</timestamp>
			</report>
			<report>
				<misses>4826001</misses>
				<total>4285686</total>
				<timestamp>482.635566</timestamp>
			</report>
			<report>
				<misses>4827001</misses>
				<total>4286685</total>
				<timestamp>482.735469</timestamp>
			</report>
			<report>
				<misses>4828001</misses>
				<total>4287684</total>
				<timestamp>482.835437</timestamp>
			</report>
			<report>
				<misses>4829001</misses>
				<total>4288683</total>
				<timestamp>482.935368</timestamp>
			</report>
			<report>
				<misses>4830001</misses>
				<total>4289682</total>
				<timestamp>483.035387</timestamp>
			</report>
			<report>
				<misses>4831001</misses>
				<total>4290681</total>
				<timestamp>483.135386</timestamp>
			</report>
			<report>
				<misses>4832001</misses>
				<total>4291680</total>
				<timestamp>483.235373</timestamp>
			</report>
			<report>
				<misses>4833001</misses>
				<total>4292679</total>
				<timestamp>483.335385</timestamp>
			</report>
			<report>
				<misses>4834001</misses>
				<total>4293678</total>
				<timestamp>483.435276</timestamp>
			</report>
			<report>
				<misses>4835001</misses>
				<total>4294677</total>
				<timestamp>483.535195</timestamp>
			</report>
			<report>
				<misses>4836001</misses>
				<total>4295676</total>
				<timestamp>483.635173</timestamp>
			</report>
			<report>
				<misses>4837001</misses>
				<total>4296675</total>
				<timestamp>483.735165</timestamp>
			</report>
			<report>
				<misses>4838001</misses>
				<total>4297674</total>
				<timestamp>483.835125</timestamp>
			</report>
			<report>
				<misses>4839001</misses>
				<total>4298673</total>
				<timestamp>483.935169</timestamp>
			</report>
			<report>
				<misses>4840001</misses>
				<total>4299672</total>
				<timestamp>484.035179</timestamp>
			</report>
			<report>
				<misses>4841001</misses>
				<total>4300671</total>
				<timestamp>484.135156</timestamp>
			</report>
			<report>
				<misses>4842001</misses>
				<total>4301670</total>
				<timestamp>484.235136</timestamp>
			</report>
			<report>
				<misses>4843001</misses>
				<total>4302669</total>
				<timestamp>484.335126</timestamp>
			</report>
			<report>
				<misses>4844001</misses>
				<total>4303668</total>
				<timestamp>484.435152</timestamp>
			</report>
			<report>
				<misses>4845001</misses>
				<total>4304667</total>
				<timestamp>484.535214</timestamp>
			</report>
			<report>
				<misses>4846001</misses>
				<total>4305666</total>
				<timestamp>484.635169</timestamp>
			</report>
			<report>
				<misses>4847001</misses>
				<total>4306665</total>
				<timestamp>484.735125</timestamp>
			</report>
			<report>
				<misses>4848001</misses>
				<total>4307664</total>
				<timestamp>484.835182</timestamp>
			</report>
			<report>
				<misses>4849001</misses>
				<total>4308663</total>
				<timestamp>484.935166</timestamp>
			</report>
			<report>
				<misses>4850001</misses>
				<total>4309662</total>
				<timestamp>485.035238</timestamp>
			</report>
			<report>
				<misses>4851001</misses>
				<total>4310661</total>
				<timestamp>485.135172</timestamp>
			</report>
			<report>
				<misses>4852001</misses>
				<total>4311660</total>
				<timestamp>485.235166</timestamp>
			</report>
			<report>
				<misses>4853001</misses>
				<total>4312659</total>
				<timestamp>485.335165</timestamp>
			</report>
			<report>
				<misses>4854001</misses>
				<total>4313658</total>
				<timestamp>485.435140</timestamp>
			</report>
			<report>
				<misses>4855001</misses>
				<total>4314657</total>
				<timestamp>485.535161</timestamp>
			</report>
			<report>
				<misses>4856001</misses>
				<total>4315656</total>
				<timestamp>485.635229</timestamp>
			</report>
			<report>
				<misses>4857001</misses>
				<total>4316655</total>
				<timestamp>485.735238</timestamp>
			</report>
			<report>
				<misses>4858001</misses>
				<total>4317654</total>
				<timestamp>485.835203</timestamp>
			</report>
			<report>
				<misses>4859001</misses>
				<total>4318653</total>
				<timestamp>485.935213</timestamp>
			</report>
			<report>
				<misses>4860001</misses>
				<total>4319652</total>
				<timestamp>486.035384</timestamp>
			</report>
			<report>
				<misses>4861001</misses>
				<total>4320651</total>
				<timestamp>486.135269</timestamp>
			</report>
			<report>
				<misses>4862001</misses>
				<total>4321650</total>
				<timestamp>486.235178</timestamp>
			</report>
			<report>
				<misses>4863001</misses>
				<total>4322649</total>
				<timestamp>486.335144</timestamp>
			</report>
			<report>
				<misses>4864001</misses>
				<total>4323648</total>
				<timestamp>486.435192</timestamp>
			</report>
			<report>
				<misses>4865001</misses>
				<total>4324647</total>
				<timestamp>486.535159</timestamp>
			</report>
			<report>
				<misses>4866001</misses>
				<total>4325646</total>
				<timestamp>486.635134</timestamp>
			</report>
			<report>
				<misses>4867001</misses>
				<total>4326645</total>
				<timestamp>486.735157</timestamp>
			</report>
			<report>
				<misses>4868001</misses>
				<total>4327644</total>
				<timestamp>486.835146</timestamp>
			</report>
			<report>
				<misses>4869001</misses>
				<total>4328643</total>
				<timestamp>486.935094</timestamp>
			</report>
			<report>
				<misses>4870001</misses>
				<total>4329642</total>
				<timestamp>487.035035</timestamp>
			</report>
			<report>
				<misses>4871001</misses>
				<total>4330641</total>
				<timestamp>487.135036</timestamp>
			</report>
			<report>
				<misses>4872001</misses>
				<total>4331640</total>
				<timestamp>487.235015</timestamp>
			</report>
			<report>
				<misses>4873001</misses>
				<total>4332639</total>
				<timestamp>487.335048</timestamp>
			</report>
			<report>
				<misses>4874001</misses>
				<total>4333638</total>
				<timestamp>487.434997</timestamp>
			</report>
			<report>
				<misses>4875001</misses>
				<total>4334637</total>
				<timestamp>487.535053</timestamp>
			</report>
			<report>
				<misses>4876001</misses>
				<total>4335636</total>
				<timestamp>487.634992</timestamp>
			</report>
			<report>
				<misses>4877001</misses>
				<total>4336635</total>
				<timestamp>487.734981</timestamp>
			</report>
			<report>
				<misses>4878001</misses>
				<total>4337634</total>
				<timestamp>487.834979</timestamp>
			</report>
			<report>
				<misses>4879001</misses>
				<total>4338633</total>
				<timestamp>487.935057</timestamp>
			</report>
			<report>
				<misses>4880001</misses>
				<total>4339632</total>
				<timestamp>488.035066</timestamp>
			</report>
			<report>
				<misses>4881001</misses>
				<total>4340631</total>
				<timestamp>488.135011</timestamp>
			</report>
			<report>
				<misses>4882001</misses>
				<total>4341630</total>
				<timestamp>488.235006</timestamp>
			</report>
			<report>
				<misses>4883001</misses>
				<total>4342629</total>
				<timestamp>488.335126</timestamp>
			</report>
			<report>
				<misses>4884001</misses>
				<total>4343628</total>
				<timestamp>488.435138</timestamp>
			</report>
			<report>
				<misses>4885001</misses>
				<total>4344627</total>
				<timestamp>488.535223</timestamp>
			</report>
			<report>
				<misses>4886001</misses>
				<total>4345626</total>
				<timestamp>488.635171</timestamp>
			</report>
			<report>
				<misses>4887001</misses>
				<total>4346625</total>
				<timestamp>488.735149</timestamp>
			</report>
			<report>
				<misses>4888001</misses>
				<total>4347624</total>
				<timestamp>488.835111</timestamp>
			</report>
			<report>
				<misses>4889001</misses>
				<total>4348623</total>
				<timestamp>488.935113</timestamp>
			</report>
			<report>
				<misses>4890001</misses>
				<total>4349622</total>
				<timestamp>489.035111</timestamp>
			</report>
			<report>
				<misses>4891001</misses>
				<total>4350621</total>
				<timestamp>489.135107</timestamp>
			</report>
			<report>
				<misses>4892001</misses>
				<total>4351620</total>
				<timestamp>489.235104</timestamp>
			</report>
			<report>
				<misses>4893001</misses>
				<total>4352619</total>
				<timestamp>489.335135</timestamp>
			</report>
			<report>
				<misses>4894001</misses>
				<total>4353618</total>
				<timestamp>489.435094</timestamp>
			</report>
			<report>
				<misses>4895001</misses>
				<total>4354617</total>
				<timestamp>489.535188</timestamp>
			</report>
			<report>
				<misses>4896001</misses>
				<total>4355616</total>
				<timestamp>489.635209</timestamp>
			</report>
			<report>
				<misses>4897001</misses>
				<total>4356615</total>
				<timestamp>489.735237</timestamp>
			</report>
			<report>
				<misses>4898001</misses>
				<total>4357614</total>
				<timestamp>489.835212</timestamp>
			</report>
			<report>
				<misses>4899001</misses>
				<total>4358613</total>
				<timestamp>489.935202</timestamp>
			</report>
			<report>
				<misses>4900001</misses>
				<total>4359612</total>
				<timestamp>490.035221</timestamp>
			</report>
			<report>
				<misses>4901001</misses>
				<total>4360611</total>
				<timestamp>490.135191</timestamp>
			</report>
			<report>
				<misses>4902001</misses>
				<total>4361610</total>
				<timestamp>490.235103</timestamp>
			</report>
			<report>
				<misses>4903001</misses>
				<total>4362609</total>
				<timestamp>490.335118</timestamp>
			</report>
			<report>
				<misses>4904001</misses>
				<total>4363608</total>
				<timestamp>490.435168</timestamp>
			</report>
			<report>
				<misses>4905001</misses>
				<total>4364607</total>
				<timestamp>490.535144</timestamp>
			</report>
			<report>
				<misses>4906001</misses>
				<total>4365606</total>
				<timestamp>490.635167</timestamp>
			</report>
			<report>
				<misses>4907001</misses>
				<total>4366605</total>
				<timestamp>490.735119</timestamp>
			</report>
			<report>
				<misses>4908001</misses>
				<total>4367604</total>
				<timestamp>490.835274</timestamp>
			</report>
			<report>
				<misses>4909001</misses>
				<total>4368603</total>
				<timestamp>490.935238</timestamp>
			</report>
			<report>
				<misses>4910001</misses>
				<total>4369602</total>
				<timestamp>491.035227</timestamp>
			</report>
			<report>
				<misses>4911001</misses>
				<total>4370601</total>
				<timestamp>491.135180</timestamp>
			</report>
			<report>
				<misses>4912001</misses>
				<total>4371600</total>
				<timestamp>491.235149</timestamp>
			</report>
			<report>
				<misses>4913001</misses>
				<total>4372599</total>
				<timestamp>491.335147</timestamp>
			</report>
			<report>
				<misses>4914001</misses>
				<total>4373598</total>
				<timestamp>491.435141</timestamp>
			</report>
			<report>
				<misses>4915001</misses>
				<total>4374597</total>
				<timestamp>491.535133</timestamp>
			</report>
			<report>
				<misses>4916001</misses>
				<total>4375596</total>
				<timestamp>491.635102</timestamp>
			</report>
			<report>
				<misses>4917001</misses>
				<total>4376595</total>
				<timestamp>491.735084</timestamp>
			</report>
			<report>
				<misses>4918001</misses>
				<total>4377594</total>
				<timestamp>491.835013</timestamp>
			</report>
			<report>
				<misses>4919001</misses>
				<total>4378148</total>
				<timestamp>491.934994</timestamp>
			</report>
			<report>
				<misses>4920001</misses>
				<total>4378148</total>
				<timestamp>492.035012</timestamp>
			</report>
			<report>
				<misses>4921001</misses>
				<total>4378147</total>
				<timestamp>492.135106</timestamp>
			</report>
			<report>
				<misses>4922001</misses>
				<total>4378147</total>
				<timestamp>492.235141</timestamp>
			</report>
			<report>
				<misses>4923001</misses>
				<total>4378148</total>
				<timestamp>492.335144</timestamp>
			</report>
			<report>
				<misses>4924001</misses>
				<total>4378148</total>
				<timestamp>492.435087</timestamp>
			</report>
			<report>
				<misses>4925001</misses>
				<total>4378148</total>
				<timestamp>492.534997</timestamp>
			</report>
			<report>
				<misses>4926001</misses>
				<total>4378151</total>
				<timestamp>492.635030</timestamp>
			</report>
			<report>
				<misses>4927001</misses>
				<total>4378150</total>
				<timestamp>492.735163</timestamp>
			</report>
			<report>
				<misses>4928001</misses>
				<total>4378154</total>
				<timestamp>492.835128</timestamp>
			</report>
			<report>
				<misses>4929001</misses>
				<total>4378154</total>
				<timestamp>492.935167</timestamp>
			</report>
			<report>
				<misses>4930001</misses>
				<total>4378154</total>
				<timestamp>493.035149</timestamp>
			</report>
			<report>
				<misses>4931001</misses>
				<total>4378155</total>
				<timestamp>493.135138</timestamp>
			</report>
			<report>
				<misses>4932001</misses>
				<total>4378157</total>
				<timestamp>493.235167</timestamp>
			</report>
			<report>
				<misses>4933001</misses>
				<total>4378167</total>
				<timestamp>493.335193</timestamp>
			</report>
			<report>
				<misses>4934001</misses>
				<total>4378167</total>
				<timestamp>493.435180</timestamp>
			</report>
			<report>
				<misses>4935001</misses>
				<total>4378167</total>
				<timestamp>493.535160</timestamp>
			</report>
			<report>
				<misses>4936001</misses>
				<total>4378167</total>
				<timestamp>493.635086</timestamp>
			</report>
			<report>
				<misses>4937001</misses>
				<total>4378183</total>
				<timestamp>493.735070</timestamp>
			</report>
			<report>
				<misses>4938001</misses>
				<total>4378182</total>
				<timestamp>493.835028</timestamp>
			</report>
			<report>
				<misses>4939001</misses>
				<total>4378184</total>
				<timestamp>493.934992</timestamp>
			</report>
			<report>
				<misses>4940001</misses>
				<total>4378183</total>
				<timestamp>494.034932</timestamp>
			</report>
			<report>
				<misses>4941001</misses>
				<total>4378183</total>
				<timestamp>494.134939</timestamp>
			</report>
			<report>
				<misses>4942001</misses>
				<total>4378183</total>
				<timestamp>494.234924</timestamp>
			</report>
			<report>
				<misses>4943001</misses>
				<total>4378184</total>
				<timestamp>494.334948</timestamp>
			</report>
			<report>
				<misses>4944001</misses>
				<total>4378411</total>
				<timestamp>494.434938</timestamp>
			</report>
			<report>
				<misses>4945001</misses>
				<total>4379410</total>
				<timestamp>494.534968</timestamp>
			</report>
			<report>
				<misses>4946001</misses>
				<total>4380409</total>
				<timestamp>494.634942</timestamp>
			</report>
			<report>
				<misses>4947001</misses>
				<total>4381408</total>
				<timestamp>494.734916</timestamp>
			</report>
			<report>
				<misses>4948001</misses>
				<total>4382407</total>
				<timestamp>494.834930</timestamp>
			</report>
			<report>
				<misses>4949001</misses>
				<total>4383406</total>
				<timestamp>494.934989</timestamp>
			</report>
			<report>
				<misses>4950001</misses>
				<total>4384405</total>
				<timestamp>495.035116</timestamp>
			</report>
			<report>
				<misses>4951001</misses>
				<total>4385404</total>
				<timestamp>495.135132</timestamp>
			</report>
			<report>
				<misses>4952001</misses>
				<total>4386403</total>
				<timestamp>495.235079</timestamp>
			</report>
			<report>
				<misses>4953001</misses>
				<total>4387402</total>
				<timestamp>495.335067</timestamp>
			</report>
			<report>
				<misses>4954001</misses>
				<total>4388401</total>
				<timestamp>495.434989</timestamp>
			</report>
			<report>
				<misses>4955001</misses>
				<total>4388862</total>
				<timestamp>495.535101</timestamp>
			</report>
			<report>
				<misses>4956001</misses>
				<total>4389861</total>
				<timestamp>495.635145</timestamp>
			</report>
			<report>
				<misses>4957001</misses>
				<total>4390860</total>
				<timestamp>495.735171</timestamp>
			</report>
			<report>
				<misses>4958001</misses>
				<total>4391859</total>
				<timestamp>495.835114</timestamp>
			</report>
			<report>
				<misses>4959001</misses>
				<total>4392858</total>
				<timestamp>495.935269</timestamp>
			</report>
			<report>
				<misses>4960001</misses>
				<total>4393369</total>
				<timestamp>496.035161</timestamp>
			</report>
			<report>
				<misses>4961001</misses>
				<total>4393369</total>
				<timestamp>496.135176</timestamp>
			</report>
			<report>
				<misses>4962001</misses>
				<total>4393370</total>
				<timestamp>496.235116</timestamp>
			</report>
			<report>
				<misses>4963001</misses>
				<total>4393370</total>
				<timestamp>496.335122</timestamp>
			</report>
			<report>
				<misses>4964001</misses>
				<total>4393370</total>
				<timestamp>496.435126</timestamp>
			</report>
			<report>
				<misses>4965001</misses>
				<total>4393782</total>
				<timestamp>496.535177</timestamp>
			</report>
			<report>
				<misses>4966001</misses>
				<total>4394781</total>
				<timestamp>496.635127</timestamp>
			</report>
			<report>
				<misses>4967001</misses>
				<total>4395780</total>
				<timestamp>496.735102</timestamp>
			</report>
			<report>
				<misses>4968001</misses>
				<total>4396779</total>
				<timestamp>496.835106</timestamp>
			</report>
			<report>
				<misses>4969001</misses>
				<total>4397778</total>
				<timestamp>496.935076</timestamp>
			</report>
			<report>
				<misses>4970001</misses>
				<total>4398777</total>
				<timestamp>497.035068</timestamp>
			</report>
			<report>
				<misses>4971001</misses>
				<total>4399776</total>
				<timestamp>497.135067</timestamp>
			</report>
			<report>
				<misses>4972001</misses>
				<total>4400775</total>
				<timestamp>497.235081</timestamp>
			</report>
			<report>
				<misses>4973001</misses>
				<total>4401774</total>
				<timestamp>497.335070</timestamp>
			</report>
			<report>
				<misses>4974001</misses>
				<total>4402773</total>
				<timestamp>497.435050</timestamp>
			</report>
			<report>
				<misses>4975001</misses>
				<total>4403772</total>
				<timestamp>497.535112</timestamp>
			</report>
			<report>
				<misses>4976001</misses>
				<total>4404771</total>
				<timestamp>497.635167</timestamp>
			</report>
			<report>
				<misses>4977001</misses>
				<total>4405770</total>
				<timestamp>497.735194</timestamp>
			</report>
			<report>
				<misses>4978001</misses>
				<total>4406769</total>
				<timestamp>497.835256</timestamp>
			</report>
			<report>
				<misses>4979001</misses>
				<total>4407768</total>
				<timestamp>497.935339</timestamp>
			</report>
			<report>
				<misses>4980001</misses>
				<total>4408767</total>
				<timestamp>498.035304</timestamp>
			</report>
			<report>
				<misses>4981001</misses>
				<total>4409766</total>
				<timestamp>498.135369</timestamp>
			</report>
			<report>
				<misses>4982001</misses>
				<total>4410765</total>
				<timestamp>498.235324</timestamp>
			</report>
			<report>
				<misses>4983001</misses>
				<total>4411764</total>
				<timestamp>498.335358</timestamp>
			</report>
			<report>
				<misses>4984001</misses>
				<total>4412763</total>
				<timestamp>498.435385</timestamp>
			</report>
			<report>
				<misses>4985001</misses>
				<total>4413762</total>
				<timestamp>498.535356</timestamp>
			</report>
			<report>
				<misses>4986001</misses>
				<total>4414761</total>
				<timestamp>498.635258</timestamp>
			</report>
			<report>
				<misses>4987001</misses>
				<total>4415760</total>
				<timestamp>498.735225</timestamp>
			</report>
			<report>
				<misses>4988001</misses>
				<total>4416759</total>
				<timestamp>498.835230</timestamp>
			</report>
			<report>
				<misses>4989001</misses>
				<total>4417758</total>
				<timestamp>498.935178</timestamp>
			</report>
			<report>
				<misses>4990001</misses>
				<total>4418757</total>
				<timestamp>499.035173</timestamp>
			</report>
			<report>
				<misses>4991001</misses>
				<total>4419756</total>
				<timestamp>499.135166</timestamp>
			</report>
			<report>
				<misses>4992001</misses>
				<total>4420755</total>
				<timestamp>499.235104</timestamp>
			</report>
			<report>
				<misses>4993001</misses>
				<total>4421754</total>
				<timestamp>499.335105</timestamp>
			</report>
			<report>
				<misses>4994001</misses>
				<total>4422753</total>
				<timestamp>499.435101</timestamp>
			</report>
			<report>
				<misses>4995001</misses>
				<total>4423752</total>
				<timestamp>499.535133</timestamp>
			</report>
			<report>
				<misses>4996001</misses>
				<total>4424751</total>
				<timestamp>499.635217</timestamp>
			</report>
			<report>
				<misses>4997001</misses>
				<total>4425750</total>
				<timestamp>499.735298</timestamp>
			</report>
			<report>
				<misses>4998001</misses>
				<total>4426749</total>
				<timestamp>499.835349</timestamp>
			</report>
			<report>
				<misses>4999001</misses>
				<total>4427748</total>
				<timestamp>499.935292</timestamp>
			</report>
			<report>
				<misses>5000001</misses>
				<total>4428747</total>
				<timestamp>500.035222</timestamp>
			</report>
		</query>
	</custom>
	<ethtool_statistic>
		<rx_packets>
			<start>7025971501</start>
			<end>7065660284</end>
		</rx_packets>
		<tx_packets>
			<start>11699538263</start>
			<end>11790210102</end>
		</tx_packets>
		<rx_dropped>
			<start>421</start>
			<end>421</end>
		</rx_dropped>
		<tx_dropped>
			<start>0</start>
			<end>0</end>
		</tx_dropped>
		<collisions>
			<start>0</start>
			<end>0</end>
		</collisions>
		<port_tx_errors>
			<start>0</start>
			<end>0</end>
		</port_tx_errors>
		<port_rx_dropped>
			<start>0</start>
			<end>0</end>
		</port_rx_dropped>
		<port_tx_dropped_link_down>
			<start>0</start>
			<end>0</end>
		</port_tx_dropped_link_down>
	</ethtool_statistic>
	<ip_statistic>
		<mtu>
			<start>9000</start>
			<end>9000</end>
		</mtu>
		<rx_bytes>
			<start>28913267698720</start>
			<end>29078225342439</end>
		</rx_bytes>
		<rx_packets>
			<start>7025971803</start>
			<end>7065660532</end>
		</rx_packets>
		<rx_errors>
			<start>0</start>
			<end>0</end>
		</rx_errors>
		<rx_dropped>
			<start>421</start>
			<end>421</end>
		</rx_dropped>
		<rx_missed>
			<start>0</start>
			<end>0</end>
		</rx_missed>
		<rx_mcast>
			<start>4911</start>
			<end>4915</end>
		</rx_mcast>
		<tx_bytes>
			<start>39375275812602</start>
			<end>39829817860404</end>
		</tx_bytes>
		<tx_packets>
			<start>11699538304</start>
			<end>11790210701</end>
		</tx_packets>
		<tx_errors>
			<start>0</start>
			<end>0</end>
		</tx_errors>
		<tx_dropped>
			<start>0</start>
			<end>0</end>
		</tx_dropped>
		<tx_carrier>
			<start>0</start>
			<end>0</end>
		</tx_carrier>
		<tx_collisions>
			<start>0</start>
			<end>0</end>
		</tx_collisions>
	</ip_statistic>
	<netstat_statistic>
		<udp_pkg_rec>
			<start>5995414365</start>
			<end>6031337599</end>
		</udp_pkg_rec>
		<udp_pkg_snt>
			<start>10468025207</start>
			<end>10523735467</end>
		</udp_pkg_snt>
		<udp_rec_err>
			<start>1032469318</start>
			<end>1036237164</end>
		</udp_rec_err>
		<udp_rec_buf_err>
			<start>1032469318</start>
			<end>1036237164</end>
		</udp_rec_buf_err>
		<udp_snt_buf_err>
			<start>0</start>
			<end>0</end>
		</udp_snt_buf_err>
	</netstat_statistic>
</test_results>
