<?xml version="1.0"?>
<test_results>
	<status>STATUS_SUCCESS</status>
	<custom>
		<num_loss>2</num_loss>
		<num_total>4700390</num_total>
		<num_misses>115288842</num_misses>
		<elapsed_time>299.972964</elapsed_time>
		<query>
			<report>
				<misses>100001</misses>
				<total>0</total>
				<timestamp>6.277819</timestamp>
			</report>
			<report>
				<misses>200001</misses>
				<total>1</total>
				<timestamp>12.635313</timestamp>
			</report>
			<report>
				<misses>300001</misses>
				<total>2</total>
				<timestamp>19.017901</timestamp>
			</report>
			<report>
				<misses>400001</misses>
				<total>2</total>
				<timestamp>25.379273</timestamp>
			</report>
			<report>
				<misses>500001</misses>
				<total>2</total>
				<timestamp>31.773964</timestamp>
			</report>
			<report>
				<misses>600001</misses>
				<total>1</total>
				<timestamp>38.165719</timestamp>
			</report>
			<report>
				<misses>700001</misses>
				<total>1</total>
				<timestamp>44.581437</timestamp>
			</report>
			<report>
				<misses>800001</misses>
				<total>1</total>
				<timestamp>50.954733</timestamp>
			</report>
			<report>
				<misses>900001</misses>
				<total>2</total>
				<timestamp>57.337499</timestamp>
			</report>
			<report>
				<misses>1000001</misses>
				<total>2</total>
				<timestamp>63.690373</timestamp>
			</report>
			<report>
				<misses>1100001</misses>
				<total>2</total>
				<timestamp>70.074582</timestamp>
			</report>
			<report>
				<misses>1200001</misses>
				<total>1</total>
				<timestamp>76.442168</timestamp>
			</report>
			<report>
				<misses>1300001</misses>
				<total>2</total>
				<timestamp>82.839279</timestamp>
			</report>
			<report>
				<misses>1400001</misses>
				<total>1</total>
				<timestamp>89.204196</timestamp>
			</report>
			<report>
				<misses>1500001</misses>
				<total>2</total>
				<timestamp>95.604480</timestamp>
			</report>
			<report>
				<misses>1600001</misses>
				<total>2</total>
				<timestamp>101.984188</timestamp>
			</report>
			<report>
				<misses>1700001</misses>
				<total>3</total>
				<timestamp>108.369231</timestamp>
			</report>
			<report>
				<misses>1800001</misses>
				<total>3</total>
				<timestamp>114.727664</timestamp>
			</report>
			<report>
				<misses>1900001</misses>
				<total>2</total>
				<timestamp>121.110093</timestamp>
			</report>
			<report>
				<misses>2000001</misses>
				<total>2</total>
				<timestamp>127.490284</timestamp>
			</report>
			<report>
				<misses>2100001</misses>
				<total>2</total>
				<timestamp>133.876970</timestamp>
			</report>
			<report>
				<misses>2200001</misses>
				<total>3</total>
				<timestamp>140.275883</timestamp>
			</report>
			<report>
				<misses>2300001</misses>
				<total>2</total>
				<timestamp>146.687661</timestamp>
			</report>
			<report>
				<misses>2400001</misses>
				<total>3</total>
				<timestamp>153.068825</timestamp>
			</report>
			<report>
				<misses>2500001</misses>
				<total>3</total>
				<timestamp>159.467827</timestamp>
			</report>
			<report>
				<misses>2600001</misses>
				<total>3</total>
				<timestamp>165.880250</timestamp>
			</report>
			<report>
				<misses>2700001</misses>
				<total>3</total>
				<timestamp>172.265572</timestamp>
			</report>
			<report>
				<misses>2800001</misses>
				<total>2</total>
				<timestamp>178.673152</timestamp>
			</report>
			<report>
				<misses>2900001</misses>
				<total>3</total>
				<timestamp>185.018549</timestamp>
			</report>
			<report>
				<misses>3000001</misses>
				<total>3</total>
				<timestamp>191.419592</timestamp>
			</report>
			<report>
				<misses>3100001</misses>
				<total>2</total>
				<timestamp>197.808040</timestamp>
			</report>
			<report>
				<misses>3200001</misses>
				<total>2</total>
				<timestamp>204.184725</timestamp>
			</report>
			<report>
				<misses>3300001</misses>
				<total>3</total>
				<timestamp>210.570747</timestamp>
			</report>
			<report>
				<misses>3400001</misses>
				<total>2</total>
				<timestamp>216.969474</timestamp>
			</report>
			<report>
				<misses>3500001</misses>
				<total>3</total>
				<timestamp>223.345229</timestamp>
			</report>
			<report>
				<misses>3600001</misses>
				<total>2</total>
				<timestamp>229.729644</timestamp>
			</report>
			<report>
				<misses>3700001</misses>
				<total>3</total>
				<timestamp>236.128857</timestamp>
			</report>
			<report>
				<misses>3800001</misses>
				<total>3</total>
				<timestamp>242.550161</timestamp>
			</report>
			<report>
				<misses>3900001</misses>
				<total>3</total>
				<timestamp>248.908729</timestamp>
			</report>
			<report>
				<misses>4000001</misses>
				<total>3</total>
				<timestamp>255.282238</timestamp>
			</report>
			<report>
				<misses>4100001</misses>
				<total>3</total>
				<timestamp>261.679481</timestamp>
			</report>
			<report>
				<misses>4200001</misses>
				<total>2</total>
				<timestamp>268.007303</timestamp>
			</report>
			<report>
				<misses>4300001</misses>
				<total>2</total>
				<timestamp>274.398593</timestamp>
			</report>
			<report>
				<misses>4400001</misses>
				<total>3</total>
				<timestamp>280.787561</timestamp>
			</report>
			<report>
				<misses>4500001</misses>
				<total>2</total>
				<timestamp>287.175799</timestamp>
			</report>
			<report>
				<misses>4600001</misses>
				<total>3</total>
				<timestamp>293.566840</timestamp>
			</report>
			<report>
				<misses>4700001</misses>
				<total>2</total>
				<timestamp>299.947507</timestamp>
			</report>
		</query>
	</custom>
	<ethtool_statistic>
		<rx_packets>
			<start>498411353</start>
			<end>543859662</end>
		</rx_packets>
		<tx_packets>
			<start>413989513</start>
			<end>451592377</end>
		</tx_packets>
		<rx_dropped>
			<start>0</start>
			<end>0</end>
		</rx_dropped>
		<tx_dropped>
			<start>0</start>
			<end>0</end>
		</tx_dropped>
		<collisions>
			<start>0</start>
			<end>0</end>
		</collisions>
		<port_tx_errors>
			<start>-1</start>
			<end>-1</end>
		</port_tx_errors>
		<port_rx_dropped>
			<start>-1</start>
			<end>-1</end>
		</port_rx_dropped>
		<port_tx_dropped_link_down>
			<start>-1</start>
			<end>-1</end>
		</port_tx_dropped_link_down>
	</ethtool_statistic>
	<ip_statistic>
		<mtu>
			<start>9000</start>
			<end>9000</end>
		</mtu>
		<rx_bytes>
			<start>2649530216911</start>
			<end>3020383891651</end>
		</rx_bytes>
		<rx_packets>
			<start>498411788</start>
			<end>543859662</end>
		</rx_packets>
		<rx_errors>
			<start>0</start>
			<end>0</end>
		</rx_errors>
		<rx_dropped>
			<start>0</start>
			<end>0</end>
		</rx_dropped>
		<rx_missed>
			<start>0</start>
			<end>0</end>
		</rx_missed>
		<rx_mcast>
			<start>101</start>
			<end>101</end>
		</rx_mcast>
		<tx_bytes>
			<start>2401853427358</start>
			<end>2708691824558</end>
		</tx_bytes>
		<tx_packets>
			<start>413989513</start>
			<end>451592377</end>
		</tx_packets>
		<tx_errors>
			<start>0</start>
			<end>0</end>
		</tx_errors>
		<tx_dropped>
			<start>0</start>
			<end>0</end>
		</tx_dropped>
		<tx_carrier>
			<start>0</start>
			<end>0</end>
		</tx_carrier>
		<tx_collisions>
			<start>0</start>
			<end>0</end>
		</tx_collisions>
	</ip_statistic>
	<netstat_statistic>
		<udp_pkg_rec>
			<start>707372375</start>
			<end>718735402</end>
		</udp_pkg_rec>
		<udp_pkg_snt>
			<start>618408243</start>
			<end>627828633</end>
		</udp_pkg_snt>
		<udp_rec_err>
			<start>0</start>
			<end>0</end>
		</udp_rec_err>
		<udp_rec_buf_err>
			<start>0</start>
			<end>0</end>
		</udp_rec_buf_err>
		<udp_snt_buf_err>
			<start>0</start>
			<end>0</end>
		</udp_snt_buf_err>
	</netstat_statistic>
</test_results>
