<?xml version="1.0"?>
<test_results>
	<status>STATUS_SUCCESS</status>
	<custom>
		<num_loss>54</num_loss>
		<num_total>10000001</num_total>
		<num_misses>900</num_misses>
		<elapsed_time>300.026966</elapsed_time>
		<query />
	</custom>
	<ethtool_statistic>
		<rx_packets>
			<start>606417203</start>
			<end>630190620</end>
		</rx_packets>
		<tx_packets>
			<start>1614865760</start>
			<end>1656047758</end>
		</tx_packets>
		<rx_dropped>
			<start>0</start>
			<end>0</end>
		</rx_dropped>
		<tx_dropped>
			<start>0</start>
			<end>0</end>
		</tx_dropped>
		<collisions>
			<start>0</start>
			<end>0</end>
		</collisions>
		<port_tx_errors>
			<start>0</start>
			<end>0</end>
		</port_tx_errors>
		<port_rx_dropped>
			<start>0</start>
			<end>0</end>
		</port_rx_dropped>
		<port_tx_dropped_link_down>
			<start>0</start>
			<end>0</end>
		</port_tx_dropped_link_down>
	</ethtool_statistic>
	<ip_statistic>
		<mtu>
			<start>9000</start>
			<end>9000</end>
		</mtu>
		<rx_bytes>
			<start>2478798313297</start>
			<end>2578149726250</end>
		</rx_bytes>
		<rx_packets>
			<start>606417250</start>
			<end>630190682</end>
		</rx_packets>
		<rx_errors>
			<start>0</start>
			<end>0</end>
		</rx_errors>
		<rx_dropped>
			<start>0</start>
			<end>0</end>
		</rx_dropped>
		<rx_missed>
			<start>0</start>
			<end>0</end>
		</rx_missed>
		<rx_mcast>
			<start>1555</start>
			<end>1565</end>
		</rx_mcast>
		<tx_bytes>
			<start>2067469357050</start>
			<end>2235310011270</end>
		</tx_bytes>
		<tx_packets>
			<start>1614865789</start>
			<end>1656048226</end>
		</tx_packets>
		<tx_errors>
			<start>0</start>
			<end>0</end>
		</tx_errors>
		<tx_dropped>
			<start>0</start>
			<end>0</end>
		</tx_dropped>
		<tx_carrier>
			<start>0</start>
			<end>0</end>
		</tx_carrier>
		<tx_collisions>
			<start>0</start>
			<end>0</end>
		</tx_collisions>
	</ip_statistic>
	<netstat_statistic>
		<udp_pkg_rec>
			<start>464202778</start>
			<end>484431059</end>
		</udp_pkg_rec>
		<udp_pkg_snt>
			<start>1615168402</start>
			<end>1656352743</end>
		</udp_pkg_snt>
		<udp_rec_err>
			<start>142700725</start>
			<end>146247466</end>
		</udp_rec_err>
		<udp_rec_buf_err>
			<start>142700725</start>
			<end>146247466</end>
		</udp_rec_buf_err>
		<udp_snt_buf_err>
			<start>0</start>
			<end>0</end>
		</udp_snt_buf_err>
	</netstat_statistic>
</test_results>
