<?xml version="1.0"?>
<test_results>
	<status>STATUS_SUCCESS</status>
	<custom>
		<num_loss>351036</num_loss>
		<num_total>7000001</num_total>
		<num_misses>35467690</num_misses>
		<elapsed_time>106.169421</elapsed_time>
	</custom>
	<ethtool_statistic>
		<rx_packets>
			<start>9985779923</start>
			<end>9990282910</end>
		</rx_packets>
		<tx_packets>
			<start>11810778379</start>
			<end>11821949160</end>
		</tx_packets>
		<rx_dropped>
			<start>0</start>
			<end>0</end>
		</rx_dropped>
		<tx_dropped>
			<start>0</start>
			<end>0</end>
		</tx_dropped>
		<collisions>
			<start>0</start>
			<end>0</end>
		</collisions>
		<port_tx_errors>
			<start>-1</start>
			<end>-1</end>
		</port_tx_errors>
		<port_rx_dropped>
			<start>-1</start>
			<end>-1</end>
		</port_rx_dropped>
		<port_tx_dropped_link_down>
			<start>-1</start>
			<end>-1</end>
		</port_tx_dropped_link_down>
	</ethtool_statistic>
	<ip_statistic>
		<mtu>
			<start>9000</start>
			<end>9000</end>
		</mtu>
		<rx_bytes>
			<start>89727120879747</start>
			<end>89767601920529</end>
		</rx_bytes>
		<rx_packets>
			<start>9985780038</start>
			<end>9990282986</end>
		</rx_packets>
		<rx_errors>
			<start>0</start>
			<end>0</end>
		</rx_errors>
		<rx_dropped>
			<start>0</start>
			<end>0</end>
		</rx_dropped>
		<rx_missed>
			<start>1619</start>
			<end>1619</end>
		</rx_missed>
		<rx_mcast>
			<start>7446</start>
			<end>7446</end>
		</rx_mcast>
		<tx_bytes>
			<start>100964192514592</start>
			<end>101064280509208</end>
		</tx_bytes>
		<tx_packets>
			<start>11810778499</start>
			<end>11821949173</end>
		</tx_packets>
		<tx_errors>
			<start>0</start>
			<end>0</end>
		</tx_errors>
		<tx_dropped>
			<start>0</start>
			<end>0</end>
		</tx_dropped>
		<tx_carrier>
			<start>0</start>
			<end>0</end>
		</tx_carrier>
		<tx_collisions>
			<start>0</start>
			<end>0</end>
		</tx_collisions>
	</ip_statistic>
</test_results>
