<?xml version="1.0"?>
<test_results>
	<status>STATUS_SUCCESS</status>
	<custom>
		<num_loss>1380</num_loss>
		<num_total>5000001</num_total>
		<num_misses>3489</num_misses>
		<elapsed_time>100.068959</elapsed_time>
		<query>
			<report>
				<misses>100000</misses>
				<total>27</total>
				<timestamp>2.000670</timestamp>
			</report>
			<report>
				<misses>200000</misses>
				<total>33</total>
				<timestamp>4.001836</timestamp>
			</report>
			<report>
				<misses>300000</misses>
				<total>48</total>
				<timestamp>6.002422</timestamp>
			</report>
			<report>
				<misses>400000</misses>
				<total>76</total>
				<timestamp>8.003299</timestamp>
			</report>
			<report>
				<misses>500000</misses>
				<total>93</total>
				<timestamp>10.003777</timestamp>
			</report>
			<report>
				<misses>600000</misses>
				<total>128</total>
				<timestamp>12.004323</timestamp>
			</report>
			<report>
				<misses>700000</misses>
				<total>166</total>
				<timestamp>14.004937</timestamp>
			</report>
			<report>
				<misses>800000</misses>
				<total>224</total>
				<timestamp>16.005656</timestamp>
			</report>
			<report>
				<misses>900000</misses>
				<total>231</total>
				<timestamp>18.006419</timestamp>
			</report>
			<report>
				<misses>1000000</misses>
				<total>255</total>
				<timestamp>20.006674</timestamp>
			</report>
			<report>
				<misses>1100000</misses>
				<total>258</total>
				<timestamp>22.007725</timestamp>
			</report>
			<report>
				<misses>1200000</misses>
				<total>345</total>
				<timestamp>24.008429</timestamp>
			</report>
			<report>
				<misses>1300000</misses>
				<total>386</total>
				<timestamp>26.009678</timestamp>
			</report>
			<report>
				<misses>1400000</misses>
				<total>410</total>
				<timestamp>28.010517</timestamp>
			</report>
			<report>
				<misses>1500000</misses>
				<total>433</total>
				<timestamp>30.011487</timestamp>
			</report>
			<report>
				<misses>1600000</misses>
				<total>457</total>
				<timestamp>32.012459</timestamp>
			</report>
			<report>
				<misses>1700000</misses>
				<total>484</total>
				<timestamp>34.013358</timestamp>
			</report>
			<report>
				<misses>1800000</misses>
				<total>506</total>
				<timestamp>36.014058</timestamp>
			</report>
			<report>
				<misses>1900000</misses>
				<total>562</total>
				<timestamp>38.014592</timestamp>
			</report>
			<report>
				<misses>2000000</misses>
				<total>570</total>
				<timestamp>40.015031</timestamp>
			</report>
			<report>
				<misses>2100000</misses>
				<total>593</total>
				<timestamp>42.015345</timestamp>
			</report>
			<report>
				<misses>2200000</misses>
				<total>604</total>
				<timestamp>44.015741</timestamp>
			</report>
			<report>
				<misses>2300000</misses>
				<total>639</total>
				<timestamp>46.016713</timestamp>
			</report>
			<report>
				<misses>2400000</misses>
				<total>650</total>
				<timestamp>48.017586</timestamp>
			</report>
			<report>
				<misses>2500000</misses>
				<total>696</total>
				<timestamp>50.018662</timestamp>
			</report>
			<report>
				<misses>2600000</misses>
				<total>702</total>
				<timestamp>52.020040</timestamp>
			</report>
			<report>
				<misses>2700000</misses>
				<total>752</total>
				<timestamp>54.020654</timestamp>
			</report>
			<report>
				<misses>2800000</misses>
				<total>769</total>
				<timestamp>56.021402</timestamp>
			</report>
			<report>
				<misses>2900000</misses>
				<total>787</total>
				<timestamp>58.021923</timestamp>
			</report>
			<report>
				<misses>3000000</misses>
				<total>852</total>
				<timestamp>60.025565</timestamp>
			</report>
			<report>
				<misses>3100000</misses>
				<total>861</total>
				<timestamp>62.027997</timestamp>
			</report>
			<report>
				<misses>3200000</misses>
				<total>977</total>
				<timestamp>64.029651</timestamp>
			</report>
			<report>
				<misses>3300000</misses>
				<total>985</total>
				<timestamp>66.033298</timestamp>
			</report>
			<report>
				<misses>3400000</misses>
				<total>987</total>
				<timestamp>68.035087</timestamp>
			</report>
			<report>
				<misses>3500000</misses>
				<total>1005</total>
				<timestamp>70.037280</timestamp>
			</report>
			<report>
				<misses>3600000</misses>
				<total>1033</total>
				<timestamp>72.039922</timestamp>
			</report>
			<report>
				<misses>3700000</misses>
				<total>1051</total>
				<timestamp>74.042319</timestamp>
			</report>
			<report>
				<misses>3800000</misses>
				<total>1072</total>
				<timestamp>76.046164</timestamp>
			</report>
			<report>
				<misses>3900000</misses>
				<total>1091</total>
				<timestamp>78.047385</timestamp>
			</report>
			<report>
				<misses>4000000</misses>
				<total>1126</total>
				<timestamp>80.049262</timestamp>
			</report>
			<report>
				<misses>4100000</misses>
				<total>1153</total>
				<timestamp>82.055504</timestamp>
			</report>
			<report>
				<misses>4200000</misses>
				<total>1193</total>
				<timestamp>84.057194</timestamp>
			</report>
			<report>
				<misses>4300000</misses>
				<total>1204</total>
				<timestamp>86.059649</timestamp>
			</report>
			<report>
				<misses>4400000</misses>
				<total>1221</total>
				<timestamp>88.062014</timestamp>
			</report>
			<report>
				<misses>4500000</misses>
				<total>1227</total>
				<timestamp>90.062882</timestamp>
			</report>
			<report>
				<misses>4600000</misses>
				<total>1238</total>
				<timestamp>92.064285</timestamp>
			</report>
			<report>
				<misses>4700000</misses>
				<total>1284</total>
				<timestamp>94.064964</timestamp>
			</report>
			<report>
				<misses>4800000</misses>
				<total>1326</total>
				<timestamp>96.067051</timestamp>
			</report>
			<report>
				<misses>4900000</misses>
				<total>1339</total>
				<timestamp>98.067620</timestamp>
			</report>
			<report>
				<misses>5000000</misses>
				<total>1380</total>
				<timestamp>100.068933</timestamp>
			</report>
		</query>
	</custom>
	<ethtool_statistic>
		<rx_packets>
			<start>2521632453</start>
			<end>2526523670</end>
		</rx_packets>
		<tx_packets>
			<start>2864559313</start>
			<end>2872499900</end>
		</tx_packets>
		<rx_dropped>
			<start>0</start>
			<end>0</end>
		</rx_dropped>
		<tx_dropped>
			<start>0</start>
			<end>0</end>
		</tx_dropped>
		<collisions>
			<start>0</start>
			<end>0</end>
		</collisions>
		<port_tx_errors>
			<start>0</start>
			<end>0</end>
		</port_tx_errors>
		<port_rx_dropped>
			<start>0</start>
			<end>0</end>
		</port_rx_dropped>
		<port_tx_dropped_link_down>
			<start>0</start>
			<end>0</end>
		</port_tx_dropped_link_down>
	</ethtool_statistic>
	<ip_statistic>
		<mtu>
			<start>9000</start>
			<end>9000</end>
		</mtu>
		<rx_bytes>
			<start>22668985062615</start>
			<end>22712928081382</end>
		</rx_bytes>
		<rx_packets>
			<start>2521632507</start>
			<end>2526523753</end>
		</rx_packets>
		<rx_errors>
			<start>0</start>
			<end>0</end>
		</rx_errors>
		<rx_dropped>
			<start>0</start>
			<end>0</end>
		</rx_dropped>
		<rx_missed>
			<start>0</start>
			<end>0</end>
		</rx_missed>
		<rx_mcast>
			<start>423</start>
			<end>426</end>
		</rx_mcast>
		<tx_bytes>
			<start>13877769190920</start>
			<end>13948851766181</end>
		</tx_bytes>
		<tx_packets>
			<start>2864559347</start>
			<end>2872499942</end>
		</tx_packets>
		<tx_errors>
			<start>0</start>
			<end>0</end>
		</tx_errors>
		<tx_dropped>
			<start>0</start>
			<end>0</end>
		</tx_dropped>
		<tx_carrier>
			<start>0</start>
			<end>0</end>
		</tx_carrier>
		<tx_collisions>
			<start>0</start>
			<end>0</end>
		</tx_collisions>
	</ip_statistic>
	<netstat_statistic>
		<udp_pkg_rec>
			<start>2375371817</start>
			<end>2380004239</end>
		</udp_pkg_rec>
		<udp_pkg_snt>
			<start>2864917128</start>
			<end>2872851958</end>
		</udp_pkg_snt>
		<udp_rec_err>
			<start>146518300</start>
			<end>146775541</end>
		</udp_rec_err>
		<udp_rec_buf_err>
			<start>146518300</start>
			<end>146775541</end>
		</udp_rec_buf_err>
		<udp_snt_buf_err>
			<start>0</start>
			<end>0</end>
		</udp_snt_buf_err>
	</netstat_statistic>
</test_results>
