<?xml version="1.0"?>
<test_results>
	<status>STATUS_SUCCESS</status>
	<custom>
		<num_loss>3381930</num_loss>
		<num_total>5000001</num_total>
		<num_misses>5</num_misses>
		<elapsed_time>949.991715</elapsed_time>
		<query>
			<report>
				<misses>100000</misses>
				<total>45103</total>
				<timestamp>19.000021</timestamp>
			</report>
			<report>
				<misses>200000</misses>
				<total>97582</total>
				<timestamp>38.000394</timestamp>
			</report>
			<report>
				<misses>300000</misses>
				<total>194324</total>
				<timestamp>57.000192</timestamp>
			</report>
			<report>
				<misses>400000</misses>
				<total>272484</total>
				<timestamp>76.000012</timestamp>
			</report>
			<report>
				<misses>500000</misses>
				<total>320828</total>
				<timestamp>94.999790</timestamp>
			</report>
			<report>
				<misses>600000</misses>
				<total>403218</total>
				<timestamp>113.999625</timestamp>
			</report>
			<report>
				<misses>700000</misses>
				<total>453913</total>
				<timestamp>132.999468</timestamp>
			</report>
			<report>
				<misses>800000</misses>
				<total>511308</total>
				<timestamp>151.999326</timestamp>
			</report>
			<report>
				<misses>900000</misses>
				<total>605796</total>
				<timestamp>170.999046</timestamp>
			</report>
			<report>
				<misses>1000000</misses>
				<total>644146</total>
				<timestamp>189.998838</timestamp>
			</report>
			<report>
				<misses>1100000</misses>
				<total>706205</total>
				<timestamp>208.998682</timestamp>
			</report>
			<report>
				<misses>1200000</misses>
				<total>780560</total>
				<timestamp>227.998458</timestamp>
			</report>
			<report>
				<misses>1300000</misses>
				<total>830575</total>
				<timestamp>246.998356</timestamp>
			</report>
			<report>
				<misses>1400000</misses>
				<total>890679</total>
				<timestamp>265.998061</timestamp>
			</report>
			<report>
				<misses>1500000</misses>
				<total>970751</total>
				<timestamp>284.997928</timestamp>
			</report>
			<report>
				<misses>1600000</misses>
				<total>1019390</total>
				<timestamp>303.997695</timestamp>
			</report>
			<report>
				<misses>1700000</misses>
				<total>1092972</total>
				<timestamp>322.997538</timestamp>
			</report>
			<report>
				<misses>1800000</misses>
				<total>1180920</total>
				<timestamp>341.997345</timestamp>
			</report>
			<report>
				<misses>1900000</misses>
				<total>1237054</total>
				<timestamp>360.997128</timestamp>
			</report>
			<report>
				<misses>2000000</misses>
				<total>1322987</total>
				<timestamp>379.997114</timestamp>
			</report>
			<report>
				<misses>2100000</misses>
				<total>1396371</total>
				<timestamp>398.996942</timestamp>
			</report>
			<report>
				<misses>2200000</misses>
				<total>1452811</total>
				<timestamp>417.996765</timestamp>
			</report>
			<report>
				<misses>2300000</misses>
				<total>1545415</total>
				<timestamp>436.996566</timestamp>
			</report>
			<report>
				<misses>2400000</misses>
				<total>1616011</total>
				<timestamp>455.996396</timestamp>
			</report>
			<report>
				<misses>2500000</misses>
				<total>1677802</total>
				<timestamp>474.996186</timestamp>
			</report>
			<report>
				<misses>2600000</misses>
				<total>1747234</total>
				<timestamp>493.995974</timestamp>
			</report>
			<report>
				<misses>2700000</misses>
				<total>1832823</total>
				<timestamp>512.996043</timestamp>
			</report>
			<report>
				<misses>2800000</misses>
				<total>1884758</total>
				<timestamp>531.995833</timestamp>
			</report>
			<report>
				<misses>2900000</misses>
				<total>1965014</total>
				<timestamp>550.995657</timestamp>
			</report>
			<report>
				<misses>3000000</misses>
				<total>2019975</total>
				<timestamp>569.995468</timestamp>
			</report>
			<report>
				<misses>3100000</misses>
				<total>2069133</total>
				<timestamp>588.995240</timestamp>
			</report>
			<report>
				<misses>3200000</misses>
				<total>2152726</total>
				<timestamp>607.995036</timestamp>
			</report>
			<report>
				<misses>3300000</misses>
				<total>2222301</total>
				<timestamp>626.994846</timestamp>
			</report>
			<report>
				<misses>3400000</misses>
				<total>2281570</total>
				<timestamp>645.994642</timestamp>
			</report>
			<report>
				<misses>3500000</misses>
				<total>2340719</total>
				<timestamp>664.994488</timestamp>
			</report>
			<report>
				<misses>3600000</misses>
				<total>2369188</total>
				<timestamp>683.994271</timestamp>
			</report>
			<report>
				<misses>3700000</misses>
				<total>2461988</total>
				<timestamp>702.994101</timestamp>
			</report>
			<report>
				<misses>3800000</misses>
				<total>2540615</total>
				<timestamp>721.993906</timestamp>
			</report>
			<report>
				<misses>3900000</misses>
				<total>2585588</total>
				<timestamp>740.993759</timestamp>
			</report>
			<report>
				<misses>4000000</misses>
				<total>2673946</total>
				<timestamp>759.993522</timestamp>
			</report>
			<report>
				<misses>4100000</misses>
				<total>2720123</total>
				<timestamp>778.993371</timestamp>
			</report>
			<report>
				<misses>4200000</misses>
				<total>2795959</total>
				<timestamp>797.993143</timestamp>
			</report>
			<report>
				<misses>4300000</misses>
				<total>2895958</total>
				<timestamp>816.992954</timestamp>
			</report>
			<report>
				<misses>4400000</misses>
				<total>2967993</total>
				<timestamp>835.992789</timestamp>
			</report>
			<report>
				<misses>4500000</misses>
				<total>3037230</total>
				<timestamp>854.992598</timestamp>
			</report>
			<report>
				<misses>4600000</misses>
				<total>3116554</total>
				<timestamp>873.992397</timestamp>
			</report>
			<report>
				<misses>4700000</misses>
				<total>3175168</total>
				<timestamp>892.992296</timestamp>
			</report>
			<report>
				<misses>4800000</misses>
				<total>3253910</total>
				<timestamp>911.992059</timestamp>
			</report>
			<report>
				<misses>4900000</misses>
				<total>3327969</total>
				<timestamp>930.991864</timestamp>
			</report>
			<report>
				<misses>5000000</misses>
				<total>3381930</total>
				<timestamp>949.991687</timestamp>
			</report>
		</query>
	</custom>
	<ethtool_statistic>
		<rx_packets>
			<start>4007568737</start>
			<end>4052031422</end>
		</rx_packets>
		<tx_packets>
			<start>5260032575</start>
			<end>5326711702</end>
		</tx_packets>
		<rx_dropped>
			<start>0</start>
			<end>0</end>
		</rx_dropped>
		<tx_dropped>
			<start>0</start>
			<end>0</end>
		</tx_dropped>
		<collisions>
			<start>0</start>
			<end>0</end>
		</collisions>
		<port_tx_errors>
			<start>0</start>
			<end>0</end>
		</port_tx_errors>
		<port_rx_dropped>
			<start>0</start>
			<end>0</end>
		</port_rx_dropped>
		<port_tx_dropped_link_down>
			<start>0</start>
			<end>0</end>
		</port_tx_dropped_link_down>
	</ethtool_statistic>
	<ip_statistic>
		<mtu>
			<start>9000</start>
			<end>9000</end>
		</mtu>
		<rx_bytes>
			<start>36026672275499</start>
			<end>36426382481020</end>
		</rx_bytes>
		<rx_packets>
			<start>4007568989</start>
			<end>4052031494</end>
		</rx_packets>
		<rx_errors>
			<start>0</start>
			<end>0</end>
		</rx_errors>
		<rx_dropped>
			<start>0</start>
			<end>0</end>
		</rx_dropped>
		<rx_missed>
			<start>0</start>
			<end>0</end>
		</rx_missed>
		<rx_mcast>
			<start>1141</start>
			<end>1151</end>
		</rx_mcast>
		<tx_bytes>
			<start>34320380786528</start>
			<end>34886622889914</end>
		</tx_bytes>
		<tx_packets>
			<start>5260032609</start>
			<end>5326711744</end>
		</tx_packets>
		<tx_errors>
			<start>0</start>
			<end>0</end>
		</tx_errors>
		<tx_dropped>
			<start>0</start>
			<end>0</end>
		</tx_dropped>
		<tx_carrier>
			<start>0</start>
			<end>0</end>
		</tx_carrier>
		<tx_collisions>
			<start>0</start>
			<end>0</end>
		</tx_collisions>
	</ip_statistic>
	<netstat_statistic>
		<udp_pkg_rec>
			<start>3786672193</start>
			<end>3829233841</end>
		</udp_pkg_rec>
		<udp_pkg_snt>
			<start>4121058890</start>
			<end>4152745671</end>
		</udp_pkg_snt>
		<udp_rec_err>
			<start>221322564</start>
			<end>223227873</end>
		</udp_rec_err>
		<udp_rec_buf_err>
			<start>221322564</start>
			<end>223227873</end>
		</udp_rec_buf_err>
		<udp_snt_buf_err>
			<start>0</start>
			<end>0</end>
		</udp_snt_buf_err>
	</netstat_statistic>
</test_results>
