<?xml version="1.0"?>
<test_results>
	<status>STATUS_SUCCESS</status>
	<custom>
		<num_loss>0</num_loss>
		<num_total>136205504</num_total>
		<num_misses>-1551285829</num_misses>
		<elapsed_time>7199.714023</elapsed_time>
		<query>
			<report>
				<misses>100000</misses>
				<total>1</total>
				<timestamp>5.217019</timestamp>
			</report>
			<report>
				<misses>200000</misses>
				<total>2</total>
				<timestamp>10.455649</timestamp>
			</report>
			<report>
				<misses>300000</misses>
				<total>1</total>
				<timestamp>15.669321</timestamp>
			</report>
			<report>
				<misses>400000</misses>
				<total>1</total>
				<timestamp>20.932791</timestamp>
			</report>
			<report>
				<misses>500000</misses>
				<total>1</total>
				<timestamp>26.232522</timestamp>
			</report>
			<report>
				<misses>600000</misses>
				<total>1</total>
				<timestamp>31.532174</timestamp>
			</report>
			<report>
				<misses>700000</misses>
				<total>1</total>
				<timestamp>36.811471</timestamp>
			</report>
			<report>
				<misses>800000</misses>
				<total>1</total>
				<timestamp>42.061885</timestamp>
			</report>
			<report>
				<misses>900000</misses>
				<total>2</total>
				<timestamp>47.397510</timestamp>
			</report>
			<report>
				<misses>1000000</misses>
				<total>1</total>
				<timestamp>52.627579</timestamp>
			</report>
			<report>
				<misses>1100000</misses>
				<total>2</total>
				<timestamp>57.857239</timestamp>
			</report>
			<report>
				<misses>1200000</misses>
				<total>1</total>
				<timestamp>63.130211</timestamp>
			</report>
			<report>
				<misses>1300000</misses>
				<total>2</total>
				<timestamp>68.383416</timestamp>
			</report>
			<report>
				<misses>1400000</misses>
				<total>2</total>
				<timestamp>73.695641</timestamp>
			</report>
			<report>
				<misses>1500000</misses>
				<total>0</total>
				<timestamp>79.015543</timestamp>
			</report>
			<report>
				<misses>1600000</misses>
				<total>1</total>
				<timestamp>84.294836</timestamp>
			</report>
			<report>
				<misses>1700000</misses>
				<total>2</total>
				<timestamp>89.557648</timestamp>
			</report>
			<report>
				<misses>1800000</misses>
				<total>1</total>
				<timestamp>94.800329</timestamp>
			</report>
			<report>
				<misses>1900000</misses>
				<total>1</total>
				<timestamp>100.050669</timestamp>
			</report>
			<report>
				<misses>2000000</misses>
				<total>1</total>
				<timestamp>105.301661</timestamp>
			</report>
			<report>
				<misses>2100000</misses>
				<total>2</total>
				<timestamp>110.529413</timestamp>
			</report>
			<report>
				<misses>2200000</misses>
				<total>2</total>
				<timestamp>115.768122</timestamp>
			</report>
			<report>
				<misses>2300000</misses>
				<total>2</total>
				<timestamp>120.940209</timestamp>
			</report>
			<report>
				<misses>2400000</misses>
				<total>2</total>
				<timestamp>126.106413</timestamp>
			</report>
			<report>
				<misses>2500000</misses>
				<total>2</total>
				<timestamp>131.377472</timestamp>
			</report>
			<report>
				<misses>2600000</misses>
				<total>2</total>
				<timestamp>136.706045</timestamp>
			</report>
			<report>
				<misses>2700000</misses>
				<total>2</total>
				<timestamp>141.948270</timestamp>
			</report>
			<report>
				<misses>2800000</misses>
				<total>1</total>
				<timestamp>147.265705</timestamp>
			</report>
			<report>
				<misses>2900000</misses>
				<total>2</total>
				<timestamp>152.523983</timestamp>
			</report>
			<report>
				<misses>3000000</misses>
				<total>1</total>
				<timestamp>157.779387</timestamp>
			</report>
			<report>
				<misses>3100000</misses>
				<total>2</total>
				<timestamp>163.027072</timestamp>
			</report>
			<report>
				<misses>3200000</misses>
				<total>2</total>
				<timestamp>168.279020</timestamp>
			</report>
			<report>
				<misses>3300000</misses>
				<total>1</total>
				<timestamp>173.470446</timestamp>
			</report>
			<report>
				<misses>3400000</misses>
				<total>2</total>
				<timestamp>178.652929</timestamp>
			</report>
			<report>
				<misses>3500000</misses>
				<total>1</total>
				<timestamp>183.815231</timestamp>
			</report>
			<report>
				<misses>3600000</misses>
				<total>2</total>
				<timestamp>188.951142</timestamp>
			</report>
			<report>
				<misses>3700000</misses>
				<total>1</total>
				<timestamp>194.102251</timestamp>
			</report>
			<report>
				<misses>3800000</misses>
				<total>1</total>
				<timestamp>199.222132</timestamp>
			</report>
			<report>
				<misses>3900000</misses>
				<total>2</total>
				<timestamp>204.394498</timestamp>
			</report>
			<report>
				<misses>4000000</misses>
				<total>0</total>
				<timestamp>209.618352</timestamp>
			</report>
			<report>
				<misses>4100000</misses>
				<total>1</total>
				<timestamp>214.910716</timestamp>
			</report>
			<report>
				<misses>4200000</misses>
				<total>1</total>
				<timestamp>220.158319</timestamp>
			</report>
			<report>
				<misses>4300000</misses>
				<total>1</total>
				<timestamp>225.404169</timestamp>
			</report>
			<report>
				<misses>4400000</misses>
				<total>1</total>
				<timestamp>230.627226</timestamp>
			</report>
			<report>
				<misses>4500000</misses>
				<total>2</total>
				<timestamp>235.853836</timestamp>
			</report>
			<report>
				<misses>4600000</misses>
				<total>2</total>
				<timestamp>241.051046</timestamp>
			</report>
			<report>
				<misses>4700000</misses>
				<total>2</total>
				<timestamp>246.253566</timestamp>
			</report>
			<report>
				<misses>4800000</misses>
				<total>1</total>
				<timestamp>251.510784</timestamp>
			</report>
			<report>
				<misses>4900000</misses>
				<total>2</total>
				<timestamp>256.735941</timestamp>
			</report>
			<report>
				<misses>5000000</misses>
				<total>1</total>
				<timestamp>261.945873</timestamp>
			</report>
			<report>
				<misses>5100000</misses>
				<total>2</total>
				<timestamp>267.249657</timestamp>
			</report>
			<report>
				<misses>5200000</misses>
				<total>1</total>
				<timestamp>272.505378</timestamp>
			</report>
			<report>
				<misses>5300000</misses>
				<total>2</total>
				<timestamp>277.769165</timestamp>
			</report>
			<report>
				<misses>5400000</misses>
				<total>1</total>
				<timestamp>283.057705</timestamp>
			</report>
			<report>
				<misses>5500000</misses>
				<total>1</total>
				<timestamp>288.311759</timestamp>
			</report>
			<report>
				<misses>5600000</misses>
				<total>1</total>
				<timestamp>293.517235</timestamp>
			</report>
			<report>
				<misses>5700000</misses>
				<total>1</total>
				<timestamp>298.724998</timestamp>
			</report>
			<report>
				<misses>5800000</misses>
				<total>2</total>
				<timestamp>303.967982</timestamp>
			</report>
			<report>
				<misses>5900000</misses>
				<total>2</total>
				<timestamp>309.263690</timestamp>
			</report>
			<report>
				<misses>6000000</misses>
				<total>2</total>
				<timestamp>314.505047</timestamp>
			</report>
			<report>
				<misses>6100000</misses>
				<total>1</total>
				<timestamp>319.853180</timestamp>
			</report>
			<report>
				<misses>6200000</misses>
				<total>2</total>
				<timestamp>325.138896</timestamp>
			</report>
			<report>
				<misses>6300000</misses>
				<total>2</total>
				<timestamp>330.538315</timestamp>
			</report>
			<report>
				<misses>6400000</misses>
				<total>0</total>
				<timestamp>335.911436</timestamp>
			</report>
			<report>
				<misses>6500000</misses>
				<total>1</total>
				<timestamp>341.375343</timestamp>
			</report>
			<report>
				<misses>6600000</misses>
				<total>2</total>
				<timestamp>346.774945</timestamp>
			</report>
			<report>
				<misses>6700000</misses>
				<total>0</total>
				<timestamp>352.187890</timestamp>
			</report>
			<report>
				<misses>6800000</misses>
				<total>1</total>
				<timestamp>357.584631</timestamp>
			</report>
			<report>
				<misses>6900000</misses>
				<total>0</total>
				<timestamp>362.904726</timestamp>
			</report>
			<report>
				<misses>7000000</misses>
				<total>2</total>
				<timestamp>368.246594</timestamp>
			</report>
			<report>
				<misses>7100000</misses>
				<total>1</total>
				<timestamp>373.531839</timestamp>
			</report>
			<report>
				<misses>7200000</misses>
				<total>1</total>
				<timestamp>378.851328</timestamp>
			</report>
			<report>
				<misses>7300000</misses>
				<total>3</total>
				<timestamp>384.162732</timestamp>
			</report>
			<report>
				<misses>7400000</misses>
				<total>2</total>
				<timestamp>389.457000</timestamp>
			</report>
			<report>
				<misses>7500000</misses>
				<total>2</total>
				<timestamp>394.693494</timestamp>
			</report>
			<report>
				<misses>7600000</misses>
				<total>1</total>
				<timestamp>399.847461</timestamp>
			</report>
			<report>
				<misses>7700000</misses>
				<total>3</total>
				<timestamp>405.027616</timestamp>
			</report>
			<report>
				<misses>7800000</misses>
				<total>1</total>
				<timestamp>410.253226</timestamp>
			</report>
			<report>
				<misses>7900000</misses>
				<total>2</total>
				<timestamp>415.373410</timestamp>
			</report>
			<report>
				<misses>8000000</misses>
				<total>2</total>
				<timestamp>420.419432</timestamp>
			</report>
			<report>
				<misses>8100000</misses>
				<total>2</total>
				<timestamp>425.626831</timestamp>
			</report>
			<report>
				<misses>8200000</misses>
				<total>3</total>
				<timestamp>430.760044</timestamp>
			</report>
			<report>
				<misses>8300000</misses>
				<total>1</total>
				<timestamp>435.949938</timestamp>
			</report>
			<report>
				<misses>8400000</misses>
				<total>2</total>
				<timestamp>441.124682</timestamp>
			</report>
			<report>
				<misses>8500000</misses>
				<total>2</total>
				<timestamp>446.365160</timestamp>
			</report>
			<report>
				<misses>8600000</misses>
				<total>2</total>
				<timestamp>451.597762</timestamp>
			</report>
			<report>
				<misses>8700000</misses>
				<total>2</total>
				<timestamp>456.871720</timestamp>
			</report>
			<report>
				<misses>8800000</misses>
				<total>2</total>
				<timestamp>462.174535</timestamp>
			</report>
			<report>
				<misses>8900000</misses>
				<total>1</total>
				<timestamp>467.408867</timestamp>
			</report>
			<report>
				<misses>9000000</misses>
				<total>1</total>
				<timestamp>472.668861</timestamp>
			</report>
			<report>
				<misses>9100000</misses>
				<total>1</total>
				<timestamp>477.930318</timestamp>
			</report>
			<report>
				<misses>9200000</misses>
				<total>1</total>
				<timestamp>483.153786</timestamp>
			</report>
			<report>
				<misses>9300000</misses>
				<total>1</total>
				<timestamp>488.384342</timestamp>
			</report>
			<report>
				<misses>9400000</misses>
				<total>1</total>
				<timestamp>493.556448</timestamp>
			</report>
			<report>
				<misses>9500000</misses>
				<total>1</total>
				<timestamp>498.810071</timestamp>
			</report>
			<report>
				<misses>9600000</misses>
				<total>1</total>
				<timestamp>504.108020</timestamp>
			</report>
			<report>
				<misses>9700000</misses>
				<total>3</total>
				<timestamp>509.406923</timestamp>
			</report>
			<report>
				<misses>9800000</misses>
				<total>0</total>
				<timestamp>514.661527</timestamp>
			</report>
			<report>
				<misses>9900000</misses>
				<total>1</total>
				<timestamp>519.865947</timestamp>
			</report>
			<report>
				<misses>10000000</misses>
				<total>1</total>
				<timestamp>525.136564</timestamp>
			</report>
			<report>
				<misses>10100000</misses>
				<total>1</total>
				<timestamp>530.356370</timestamp>
			</report>
			<report>
				<misses>10200000</misses>
				<total>2</total>
				<timestamp>535.609952</timestamp>
			</report>
			<report>
				<misses>10300000</misses>
				<total>1</total>
				<timestamp>540.813487</timestamp>
			</report>
			<report>
				<misses>10400000</misses>
				<total>1</total>
				<timestamp>546.090048</timestamp>
			</report>
			<report>
				<misses>10500000</misses>
				<total>1</total>
				<timestamp>551.397473</timestamp>
			</report>
			<report>
				<misses>10600000</misses>
				<total>1</total>
				<timestamp>556.698882</timestamp>
			</report>
			<report>
				<misses>10700000</misses>
				<total>1</total>
				<timestamp>562.034699</timestamp>
			</report>
			<report>
				<misses>10800000</misses>
				<total>1</total>
				<timestamp>567.279961</timestamp>
			</report>
			<report>
				<misses>10900000</misses>
				<total>1</total>
				<timestamp>572.528746</timestamp>
			</report>
			<report>
				<misses>11000000</misses>
				<total>2</total>
				<timestamp>577.789356</timestamp>
			</report>
			<report>
				<misses>11100000</misses>
				<total>2</total>
				<timestamp>582.994416</timestamp>
			</report>
			<report>
				<misses>11200000</misses>
				<total>1</total>
				<timestamp>588.131361</timestamp>
			</report>
			<report>
				<misses>11300000</misses>
				<total>1</total>
				<timestamp>593.392099</timestamp>
			</report>
			<report>
				<misses>11400000</misses>
				<total>2</total>
				<timestamp>598.663548</timestamp>
			</report>
			<report>
				<misses>11500000</misses>
				<total>0</total>
				<timestamp>603.980071</timestamp>
			</report>
			<report>
				<misses>11600000</misses>
				<total>1</total>
				<timestamp>609.227518</timestamp>
			</report>
			<report>
				<misses>11700000</misses>
				<total>1</total>
				<timestamp>614.465143</timestamp>
			</report>
			<report>
				<misses>11800000</misses>
				<total>2</total>
				<timestamp>619.753998</timestamp>
			</report>
			<report>
				<misses>11900000</misses>
				<total>1</total>
				<timestamp>625.027487</timestamp>
			</report>
			<report>
				<misses>12000000</misses>
				<total>2</total>
				<timestamp>630.325629</timestamp>
			</report>
			<report>
				<misses>12100000</misses>
				<total>2</total>
				<timestamp>635.648994</timestamp>
			</report>
			<report>
				<misses>12200000</misses>
				<total>1</total>
				<timestamp>640.993749</timestamp>
			</report>
			<report>
				<misses>12300000</misses>
				<total>1</total>
				<timestamp>646.377547</timestamp>
			</report>
			<report>
				<misses>12400000</misses>
				<total>2</total>
				<timestamp>651.724365</timestamp>
			</report>
			<report>
				<misses>12500000</misses>
				<total>1</total>
				<timestamp>657.058164</timestamp>
			</report>
			<report>
				<misses>12600000</misses>
				<total>1</total>
				<timestamp>662.394441</timestamp>
			</report>
			<report>
				<misses>12700000</misses>
				<total>1</total>
				<timestamp>667.764969</timestamp>
			</report>
			<report>
				<misses>12800000</misses>
				<total>2</total>
				<timestamp>673.194039</timestamp>
			</report>
			<report>
				<misses>12900000</misses>
				<total>2</total>
				<timestamp>678.575185</timestamp>
			</report>
			<report>
				<misses>13000000</misses>
				<total>2</total>
				<timestamp>683.884729</timestamp>
			</report>
			<report>
				<misses>13100000</misses>
				<total>2</total>
				<timestamp>689.208631</timestamp>
			</report>
			<report>
				<misses>13200000</misses>
				<total>1</total>
				<timestamp>694.523773</timestamp>
			</report>
			<report>
				<misses>13300000</misses>
				<total>1</total>
				<timestamp>699.833778</timestamp>
			</report>
			<report>
				<misses>13400000</misses>
				<total>1</total>
				<timestamp>705.177836</timestamp>
			</report>
			<report>
				<misses>13500000</misses>
				<total>2</total>
				<timestamp>710.547138</timestamp>
			</report>
			<report>
				<misses>13600000</misses>
				<total>2</total>
				<timestamp>715.979705</timestamp>
			</report>
			<report>
				<misses>13700000</misses>
				<total>1</total>
				<timestamp>721.348854</timestamp>
			</report>
			<report>
				<misses>13800000</misses>
				<total>1</total>
				<timestamp>726.708885</timestamp>
			</report>
			<report>
				<misses>13900000</misses>
				<total>2</total>
				<timestamp>732.077804</timestamp>
			</report>
			<report>
				<misses>14000000</misses>
				<total>1</total>
				<timestamp>737.386984</timestamp>
			</report>
			<report>
				<misses>14100000</misses>
				<total>1</total>
				<timestamp>742.825299</timestamp>
			</report>
			<report>
				<misses>14200000</misses>
				<total>2</total>
				<timestamp>748.225538</timestamp>
			</report>
			<report>
				<misses>14300000</misses>
				<total>1</total>
				<timestamp>753.607560</timestamp>
			</report>
			<report>
				<misses>14400000</misses>
				<total>0</total>
				<timestamp>759.023609</timestamp>
			</report>
			<report>
				<misses>14500000</misses>
				<total>1</total>
				<timestamp>764.329333</timestamp>
			</report>
			<report>
				<misses>14600000</misses>
				<total>2</total>
				<timestamp>769.736008</timestamp>
			</report>
			<report>
				<misses>14700000</misses>
				<total>1</total>
				<timestamp>775.139926</timestamp>
			</report>
			<report>
				<misses>14800000</misses>
				<total>1</total>
				<timestamp>780.503499</timestamp>
			</report>
			<report>
				<misses>14900000</misses>
				<total>2</total>
				<timestamp>785.785517</timestamp>
			</report>
			<report>
				<misses>15000000</misses>
				<total>2</total>
				<timestamp>791.078139</timestamp>
			</report>
			<report>
				<misses>15100000</misses>
				<total>1</total>
				<timestamp>796.340239</timestamp>
			</report>
			<report>
				<misses>15200000</misses>
				<total>2</total>
				<timestamp>801.661322</timestamp>
			</report>
			<report>
				<misses>15300000</misses>
				<total>2</total>
				<timestamp>806.983381</timestamp>
			</report>
			<report>
				<misses>15400000</misses>
				<total>1</total>
				<timestamp>812.293527</timestamp>
			</report>
			<report>
				<misses>15500000</misses>
				<total>0</total>
				<timestamp>817.623228</timestamp>
			</report>
			<report>
				<misses>15600000</misses>
				<total>2</total>
				<timestamp>822.922077</timestamp>
			</report>
			<report>
				<misses>15700000</misses>
				<total>2</total>
				<timestamp>828.216493</timestamp>
			</report>
			<report>
				<misses>15800000</misses>
				<total>1</total>
				<timestamp>833.517220</timestamp>
			</report>
			<report>
				<misses>15900000</misses>
				<total>2</total>
				<timestamp>838.894516</timestamp>
			</report>
			<report>
				<misses>16000000</misses>
				<total>1</total>
				<timestamp>844.243804</timestamp>
			</report>
			<report>
				<misses>16100000</misses>
				<total>1</total>
				<timestamp>849.521422</timestamp>
			</report>
			<report>
				<misses>16200000</misses>
				<total>2</total>
				<timestamp>854.847624</timestamp>
			</report>
			<report>
				<misses>16300000</misses>
				<total>1</total>
				<timestamp>860.153007</timestamp>
			</report>
			<report>
				<misses>16400000</misses>
				<total>2</total>
				<timestamp>865.441149</timestamp>
			</report>
			<report>
				<misses>16500000</misses>
				<total>1</total>
				<timestamp>870.764761</timestamp>
			</report>
			<report>
				<misses>16600000</misses>
				<total>1</total>
				<timestamp>876.091876</timestamp>
			</report>
			<report>
				<misses>16700000</misses>
				<total>1</total>
				<timestamp>881.320534</timestamp>
			</report>
			<report>
				<misses>16800000</misses>
				<total>2</total>
				<timestamp>886.580683</timestamp>
			</report>
			<report>
				<misses>16900000</misses>
				<total>1</total>
				<timestamp>891.899512</timestamp>
			</report>
			<report>
				<misses>17000000</misses>
				<total>1</total>
				<timestamp>897.196997</timestamp>
			</report>
			<report>
				<misses>17100000</misses>
				<total>2</total>
				<timestamp>902.474824</timestamp>
			</report>
			<report>
				<misses>17200000</misses>
				<total>2</total>
				<timestamp>907.767227</timestamp>
			</report>
			<report>
				<misses>17300000</misses>
				<total>3</total>
				<timestamp>913.064201</timestamp>
			</report>
			<report>
				<misses>17400000</misses>
				<total>1</total>
				<timestamp>918.369029</timestamp>
			</report>
			<report>
				<misses>17500000</misses>
				<total>2</total>
				<timestamp>923.653436</timestamp>
			</report>
			<report>
				<misses>17600000</misses>
				<total>2</total>
				<timestamp>928.893274</timestamp>
			</report>
			<report>
				<misses>17700000</misses>
				<total>1</total>
				<timestamp>934.130138</timestamp>
			</report>
			<report>
				<misses>17800000</misses>
				<total>1</total>
				<timestamp>939.507773</timestamp>
			</report>
			<report>
				<misses>17900000</misses>
				<total>0</total>
				<timestamp>944.838667</timestamp>
			</report>
			<report>
				<misses>18000000</misses>
				<total>1</total>
				<timestamp>950.236336</timestamp>
			</report>
			<report>
				<misses>18100000</misses>
				<total>1</total>
				<timestamp>955.630637</timestamp>
			</report>
			<report>
				<misses>18200000</misses>
				<total>1</total>
				<timestamp>961.004785</timestamp>
			</report>
			<report>
				<misses>18300000</misses>
				<total>1</total>
				<timestamp>966.380832</timestamp>
			</report>
			<report>
				<misses>18400000</misses>
				<total>1</total>
				<timestamp>971.705896</timestamp>
			</report>
			<report>
				<misses>18500000</misses>
				<total>0</total>
				<timestamp>976.995162</timestamp>
			</report>
			<report>
				<misses>18600000</misses>
				<total>1</total>
				<timestamp>982.254303</timestamp>
			</report>
			<report>
				<misses>18700000</misses>
				<total>1</total>
				<timestamp>987.499362</timestamp>
			</report>
			<report>
				<misses>18800000</misses>
				<total>2</total>
				<timestamp>992.708779</timestamp>
			</report>
			<report>
				<misses>18900000</misses>
				<total>3</total>
				<timestamp>997.979987</timestamp>
			</report>
			<report>
				<misses>19000000</misses>
				<total>1</total>
				<timestamp>1003.180890</timestamp>
			</report>
			<report>
				<misses>19100000</misses>
				<total>2</total>
				<timestamp>1008.395202</timestamp>
			</report>
			<report>
				<misses>19200000</misses>
				<total>1</total>
				<timestamp>1013.672831</timestamp>
			</report>
			<report>
				<misses>19300000</misses>
				<total>1</total>
				<timestamp>1018.988150</timestamp>
			</report>
			<report>
				<misses>19400000</misses>
				<total>2</total>
				<timestamp>1024.289683</timestamp>
			</report>
			<report>
				<misses>19500000</misses>
				<total>2</total>
				<timestamp>1029.591323</timestamp>
			</report>
			<report>
				<misses>19600000</misses>
				<total>1</total>
				<timestamp>1034.905124</timestamp>
			</report>
			<report>
				<misses>19700000</misses>
				<total>1</total>
				<timestamp>1040.221370</timestamp>
			</report>
			<report>
				<misses>19800000</misses>
				<total>1</total>
				<timestamp>1045.520688</timestamp>
			</report>
			<report>
				<misses>19900000</misses>
				<total>1</total>
				<timestamp>1050.739973</timestamp>
			</report>
			<report>
				<misses>20000000</misses>
				<total>1</total>
				<timestamp>1056.016021</timestamp>
			</report>
			<report>
				<misses>20100000</misses>
				<total>2</total>
				<timestamp>1061.285034</timestamp>
			</report>
			<report>
				<misses>20200000</misses>
				<total>2</total>
				<timestamp>1066.570201</timestamp>
			</report>
			<report>
				<misses>20300000</misses>
				<total>1</total>
				<timestamp>1071.868988</timestamp>
			</report>
			<report>
				<misses>20400000</misses>
				<total>1</total>
				<timestamp>1077.152191</timestamp>
			</report>
			<report>
				<misses>20500000</misses>
				<total>1</total>
				<timestamp>1082.443578</timestamp>
			</report>
			<report>
				<misses>20600000</misses>
				<total>1</total>
				<timestamp>1087.720140</timestamp>
			</report>
			<report>
				<misses>20700000</misses>
				<total>1</total>
				<timestamp>1092.976790</timestamp>
			</report>
			<report>
				<misses>20800000</misses>
				<total>1</total>
				<timestamp>1098.261088</timestamp>
			</report>
			<report>
				<misses>20900000</misses>
				<total>2</total>
				<timestamp>1103.529250</timestamp>
			</report>
			<report>
				<misses>21000000</misses>
				<total>2</total>
				<timestamp>1108.763989</timestamp>
			</report>
			<report>
				<misses>21100000</misses>
				<total>1</total>
				<timestamp>1114.008852</timestamp>
			</report>
			<report>
				<misses>21200000</misses>
				<total>2</total>
				<timestamp>1119.215435</timestamp>
			</report>
			<report>
				<misses>21300000</misses>
				<total>2</total>
				<timestamp>1124.485454</timestamp>
			</report>
			<report>
				<misses>21400000</misses>
				<total>1</total>
				<timestamp>1129.752535</timestamp>
			</report>
			<report>
				<misses>21500000</misses>
				<total>1</total>
				<timestamp>1135.058465</timestamp>
			</report>
			<report>
				<misses>21600000</misses>
				<total>1</total>
				<timestamp>1140.316723</timestamp>
			</report>
			<report>
				<misses>21700000</misses>
				<total>1</total>
				<timestamp>1145.561514</timestamp>
			</report>
			<report>
				<misses>21800000</misses>
				<total>2</total>
				<timestamp>1150.826534</timestamp>
			</report>
			<report>
				<misses>21900000</misses>
				<total>2</total>
				<timestamp>1156.151592</timestamp>
			</report>
			<report>
				<misses>22000000</misses>
				<total>1</total>
				<timestamp>1161.422106</timestamp>
			</report>
			<report>
				<misses>22100000</misses>
				<total>1</total>
				<timestamp>1166.718382</timestamp>
			</report>
			<report>
				<misses>22200000</misses>
				<total>1</total>
				<timestamp>1171.999114</timestamp>
			</report>
			<report>
				<misses>22300000</misses>
				<total>1</total>
				<timestamp>1177.289994</timestamp>
			</report>
			<report>
				<misses>22400000</misses>
				<total>2</total>
				<timestamp>1182.599900</timestamp>
			</report>
			<report>
				<misses>22500000</misses>
				<total>1</total>
				<timestamp>1187.898759</timestamp>
			</report>
			<report>
				<misses>22600000</misses>
				<total>0</total>
				<timestamp>1193.214406</timestamp>
			</report>
			<report>
				<misses>22700000</misses>
				<total>2</total>
				<timestamp>1198.589287</timestamp>
			</report>
			<report>
				<misses>22800000</misses>
				<total>2</total>
				<timestamp>1203.924225</timestamp>
			</report>
			<report>
				<misses>22900000</misses>
				<total>1</total>
				<timestamp>1209.221965</timestamp>
			</report>
			<report>
				<misses>23000000</misses>
				<total>1</total>
				<timestamp>1214.492336</timestamp>
			</report>
			<report>
				<misses>23100000</misses>
				<total>1</total>
				<timestamp>1219.770782</timestamp>
			</report>
			<report>
				<misses>23200000</misses>
				<total>1</total>
				<timestamp>1224.986592</timestamp>
			</report>
			<report>
				<misses>23300000</misses>
				<total>1</total>
				<timestamp>1230.236273</timestamp>
			</report>
			<report>
				<misses>23400000</misses>
				<total>0</total>
				<timestamp>1235.472250</timestamp>
			</report>
			<report>
				<misses>23500000</misses>
				<total>1</total>
				<timestamp>1240.692149</timestamp>
			</report>
			<report>
				<misses>23600000</misses>
				<total>1</total>
				<timestamp>1245.873246</timestamp>
			</report>
			<report>
				<misses>23700000</misses>
				<total>3</total>
				<timestamp>1251.107704</timestamp>
			</report>
			<report>
				<misses>23800000</misses>
				<total>2</total>
				<timestamp>1256.352409</timestamp>
			</report>
			<report>
				<misses>23900000</misses>
				<total>1</total>
				<timestamp>1261.643788</timestamp>
			</report>
			<report>
				<misses>24000000</misses>
				<total>2</total>
				<timestamp>1266.896669</timestamp>
			</report>
			<report>
				<misses>24100000</misses>
				<total>1</total>
				<timestamp>1272.199622</timestamp>
			</report>
			<report>
				<misses>24200000</misses>
				<total>2</total>
				<timestamp>1277.460539</timestamp>
			</report>
			<report>
				<misses>24300000</misses>
				<total>1</total>
				<timestamp>1282.785866</timestamp>
			</report>
			<report>
				<misses>24400000</misses>
				<total>2</total>
				<timestamp>1288.073197</timestamp>
			</report>
			<report>
				<misses>24500000</misses>
				<total>1</total>
				<timestamp>1293.387063</timestamp>
			</report>
			<report>
				<misses>24600000</misses>
				<total>2</total>
				<timestamp>1298.705770</timestamp>
			</report>
			<report>
				<misses>24700000</misses>
				<total>1</total>
				<timestamp>1304.089084</timestamp>
			</report>
			<report>
				<misses>24800000</misses>
				<total>1</total>
				<timestamp>1309.441693</timestamp>
			</report>
			<report>
				<misses>24900000</misses>
				<total>2</total>
				<timestamp>1314.768917</timestamp>
			</report>
			<report>
				<misses>25000000</misses>
				<total>1</total>
				<timestamp>1320.011714</timestamp>
			</report>
			<report>
				<misses>25100000</misses>
				<total>2</total>
				<timestamp>1325.224346</timestamp>
			</report>
			<report>
				<misses>25200000</misses>
				<total>1</total>
				<timestamp>1330.535972</timestamp>
			</report>
			<report>
				<misses>25300000</misses>
				<total>1</total>
				<timestamp>1335.833537</timestamp>
			</report>
			<report>
				<misses>25400000</misses>
				<total>1</total>
				<timestamp>1341.180918</timestamp>
			</report>
			<report>
				<misses>25500000</misses>
				<total>2</total>
				<timestamp>1346.518917</timestamp>
			</report>
			<report>
				<misses>25600000</misses>
				<total>2</total>
				<timestamp>1351.877450</timestamp>
			</report>
			<report>
				<misses>25700000</misses>
				<total>1</total>
				<timestamp>1357.231566</timestamp>
			</report>
			<report>
				<misses>25800000</misses>
				<total>2</total>
				<timestamp>1362.549802</timestamp>
			</report>
			<report>
				<misses>25900000</misses>
				<total>2</total>
				<timestamp>1367.751655</timestamp>
			</report>
			<report>
				<misses>26000000</misses>
				<total>2</total>
				<timestamp>1373.051023</timestamp>
			</report>
			<report>
				<misses>26100000</misses>
				<total>2</total>
				<timestamp>1378.395090</timestamp>
			</report>
			<report>
				<misses>26200000</misses>
				<total>1</total>
				<timestamp>1383.752907</timestamp>
			</report>
			<report>
				<misses>26300000</misses>
				<total>2</total>
				<timestamp>1389.026035</timestamp>
			</report>
			<report>
				<misses>26400000</misses>
				<total>1</total>
				<timestamp>1394.293116</timestamp>
			</report>
			<report>
				<misses>26500000</misses>
				<total>1</total>
				<timestamp>1399.574090</timestamp>
			</report>
			<report>
				<misses>26600000</misses>
				<total>2</total>
				<timestamp>1404.937420</timestamp>
			</report>
			<report>
				<misses>26700000</misses>
				<total>1</total>
				<timestamp>1410.298233</timestamp>
			</report>
			<report>
				<misses>26800000</misses>
				<total>1</total>
				<timestamp>1415.624884</timestamp>
			</report>
			<report>
				<misses>26900000</misses>
				<total>1</total>
				<timestamp>1421.010917</timestamp>
			</report>
			<report>
				<misses>27000000</misses>
				<total>1</total>
				<timestamp>1426.368518</timestamp>
			</report>
			<report>
				<misses>27100000</misses>
				<total>2</total>
				<timestamp>1431.676904</timestamp>
			</report>
			<report>
				<misses>27200000</misses>
				<total>1</total>
				<timestamp>1437.012376</timestamp>
			</report>
			<report>
				<misses>27300000</misses>
				<total>2</total>
				<timestamp>1442.354780</timestamp>
			</report>
			<report>
				<misses>27400000</misses>
				<total>1</total>
				<timestamp>1447.657017</timestamp>
			</report>
			<report>
				<misses>27500000</misses>
				<total>1</total>
				<timestamp>1452.987300</timestamp>
			</report>
			<report>
				<misses>27600000</misses>
				<total>1</total>
				<timestamp>1458.232943</timestamp>
			</report>
			<report>
				<misses>27700000</misses>
				<total>1</total>
				<timestamp>1463.488283</timestamp>
			</report>
			<report>
				<misses>27800000</misses>
				<total>2</total>
				<timestamp>1468.762562</timestamp>
			</report>
			<report>
				<misses>27900000</misses>
				<total>1</total>
				<timestamp>1474.028816</timestamp>
			</report>
			<report>
				<misses>28000000</misses>
				<total>1</total>
				<timestamp>1479.385881</timestamp>
			</report>
			<report>
				<misses>28100000</misses>
				<total>2</total>
				<timestamp>1484.774124</timestamp>
			</report>
			<report>
				<misses>28200000</misses>
				<total>1</total>
				<timestamp>1490.154571</timestamp>
			</report>
			<report>
				<misses>28300000</misses>
				<total>1</total>
				<timestamp>1495.505515</timestamp>
			</report>
			<report>
				<misses>28400000</misses>
				<total>2</total>
				<timestamp>1500.856123</timestamp>
			</report>
			<report>
				<misses>28500000</misses>
				<total>2</total>
				<timestamp>1506.302852</timestamp>
			</report>
			<report>
				<misses>28600000</misses>
				<total>1</total>
				<timestamp>1511.768912</timestamp>
			</report>
			<report>
				<misses>28700000</misses>
				<total>2</total>
				<timestamp>1517.208936</timestamp>
			</report>
			<report>
				<misses>28800000</misses>
				<total>2</total>
				<timestamp>1522.643023</timestamp>
			</report>
			<report>
				<misses>28900000</misses>
				<total>1</total>
				<timestamp>1528.045463</timestamp>
			</report>
			<report>
				<misses>29000000</misses>
				<total>2</total>
				<timestamp>1533.430012</timestamp>
			</report>
			<report>
				<misses>29100000</misses>
				<total>2</total>
				<timestamp>1538.828776</timestamp>
			</report>
			<report>
				<misses>29200000</misses>
				<total>2</total>
				<timestamp>1544.205961</timestamp>
			</report>
			<report>
				<misses>29300000</misses>
				<total>1</total>
				<timestamp>1549.564717</timestamp>
			</report>
			<report>
				<misses>29400000</misses>
				<total>2</total>
				<timestamp>1554.852770</timestamp>
			</report>
			<report>
				<misses>29500000</misses>
				<total>2</total>
				<timestamp>1560.170539</timestamp>
			</report>
			<report>
				<misses>29600000</misses>
				<total>1</total>
				<timestamp>1565.470792</timestamp>
			</report>
			<report>
				<misses>29700000</misses>
				<total>2</total>
				<timestamp>1570.680325</timestamp>
			</report>
			<report>
				<misses>29800000</misses>
				<total>2</total>
				<timestamp>1575.933779</timestamp>
			</report>
			<report>
				<misses>29900000</misses>
				<total>1</total>
				<timestamp>1581.219788</timestamp>
			</report>
			<report>
				<misses>30000000</misses>
				<total>2</total>
				<timestamp>1586.491130</timestamp>
			</report>
			<report>
				<misses>30100000</misses>
				<total>1</total>
				<timestamp>1591.803354</timestamp>
			</report>
			<report>
				<misses>30200000</misses>
				<total>3</total>
				<timestamp>1597.097981</timestamp>
			</report>
			<report>
				<misses>30300000</misses>
				<total>1</total>
				<timestamp>1602.383109</timestamp>
			</report>
			<report>
				<misses>30400000</misses>
				<total>0</total>
				<timestamp>1607.694497</timestamp>
			</report>
			<report>
				<misses>30500000</misses>
				<total>2</total>
				<timestamp>1613.003692</timestamp>
			</report>
			<report>
				<misses>30600000</misses>
				<total>2</total>
				<timestamp>1618.330967</timestamp>
			</report>
			<report>
				<misses>30700000</misses>
				<total>2</total>
				<timestamp>1623.595601</timestamp>
			</report>
			<report>
				<misses>30800000</misses>
				<total>2</total>
				<timestamp>1628.909903</timestamp>
			</report>
			<report>
				<misses>30900000</misses>
				<total>1</total>
				<timestamp>1634.239882</timestamp>
			</report>
			<report>
				<misses>31000000</misses>
				<total>1</total>
				<timestamp>1639.588087</timestamp>
			</report>
			<report>
				<misses>31100000</misses>
				<total>2</total>
				<timestamp>1644.914978</timestamp>
			</report>
			<report>
				<misses>31200000</misses>
				<total>1</total>
				<timestamp>1650.241921</timestamp>
			</report>
			<report>
				<misses>31300000</misses>
				<total>1</total>
				<timestamp>1655.584339</timestamp>
			</report>
			<report>
				<misses>31400000</misses>
				<total>1</total>
				<timestamp>1660.884554</timestamp>
			</report>
			<report>
				<misses>31500000</misses>
				<total>1</total>
				<timestamp>1666.261587</timestamp>
			</report>
			<report>
				<misses>31600000</misses>
				<total>2</total>
				<timestamp>1671.587992</timestamp>
			</report>
			<report>
				<misses>31700000</misses>
				<total>1</total>
				<timestamp>1676.932217</timestamp>
			</report>
			<report>
				<misses>31800000</misses>
				<total>1</total>
				<timestamp>1682.265748</timestamp>
			</report>
			<report>
				<misses>31900000</misses>
				<total>2</total>
				<timestamp>1687.587434</timestamp>
			</report>
			<report>
				<misses>32000000</misses>
				<total>1</total>
				<timestamp>1692.871887</timestamp>
			</report>
			<report>
				<misses>32100000</misses>
				<total>2</total>
				<timestamp>1698.163705</timestamp>
			</report>
			<report>
				<misses>32200000</misses>
				<total>1</total>
				<timestamp>1703.489269</timestamp>
			</report>
			<report>
				<misses>32300000</misses>
				<total>2</total>
				<timestamp>1708.837383</timestamp>
			</report>
			<report>
				<misses>32400000</misses>
				<total>1</total>
				<timestamp>1714.194628</timestamp>
			</report>
			<report>
				<misses>32500000</misses>
				<total>1</total>
				<timestamp>1719.506638</timestamp>
			</report>
			<report>
				<misses>32600000</misses>
				<total>0</total>
				<timestamp>1724.844511</timestamp>
			</report>
			<report>
				<misses>32700000</misses>
				<total>2</total>
				<timestamp>1730.145863</timestamp>
			</report>
			<report>
				<misses>32800000</misses>
				<total>2</total>
				<timestamp>1735.440312</timestamp>
			</report>
			<report>
				<misses>32900000</misses>
				<total>1</total>
				<timestamp>1740.739340</timestamp>
			</report>
			<report>
				<misses>33000000</misses>
				<total>2</total>
				<timestamp>1746.032600</timestamp>
			</report>
			<report>
				<misses>33100000</misses>
				<total>2</total>
				<timestamp>1751.382118</timestamp>
			</report>
			<report>
				<misses>33200000</misses>
				<total>2</total>
				<timestamp>1756.686490</timestamp>
			</report>
			<report>
				<misses>33300000</misses>
				<total>3</total>
				<timestamp>1761.874741</timestamp>
			</report>
			<report>
				<misses>33400000</misses>
				<total>2</total>
				<timestamp>1767.107853</timestamp>
			</report>
			<report>
				<misses>33500000</misses>
				<total>2</total>
				<timestamp>1772.393681</timestamp>
			</report>
			<report>
				<misses>33600000</misses>
				<total>2</total>
				<timestamp>1777.757843</timestamp>
			</report>
			<report>
				<misses>33700000</misses>
				<total>1</total>
				<timestamp>1783.033713</timestamp>
			</report>
			<report>
				<misses>33800000</misses>
				<total>2</total>
				<timestamp>1788.321416</timestamp>
			</report>
			<report>
				<misses>33900000</misses>
				<total>1</total>
				<timestamp>1793.574396</timestamp>
			</report>
			<report>
				<misses>34000000</misses>
				<total>0</total>
				<timestamp>1798.890392</timestamp>
			</report>
			<report>
				<misses>34100000</misses>
				<total>2</total>
				<timestamp>1804.211934</timestamp>
			</report>
			<report>
				<misses>34200000</misses>
				<total>1</total>
				<timestamp>1809.527652</timestamp>
			</report>
			<report>
				<misses>34300000</misses>
				<total>2</total>
				<timestamp>1814.884447</timestamp>
			</report>
			<report>
				<misses>34400000</misses>
				<total>2</total>
				<timestamp>1820.165881</timestamp>
			</report>
			<report>
				<misses>34500000</misses>
				<total>1</total>
				<timestamp>1825.464880</timestamp>
			</report>
			<report>
				<misses>34600000</misses>
				<total>2</total>
				<timestamp>1830.774758</timestamp>
			</report>
			<report>
				<misses>34700000</misses>
				<total>1</total>
				<timestamp>1836.076098</timestamp>
			</report>
			<report>
				<misses>34800000</misses>
				<total>1</total>
				<timestamp>1841.510526</timestamp>
			</report>
			<report>
				<misses>34900000</misses>
				<total>1</total>
				<timestamp>1846.925372</timestamp>
			</report>
			<report>
				<misses>35000000</misses>
				<total>2</total>
				<timestamp>1852.336060</timestamp>
			</report>
			<report>
				<misses>35100000</misses>
				<total>1</total>
				<timestamp>1857.755157</timestamp>
			</report>
			<report>
				<misses>35200000</misses>
				<total>1</total>
				<timestamp>1863.162322</timestamp>
			</report>
			<report>
				<misses>35300000</misses>
				<total>2</total>
				<timestamp>1868.521677</timestamp>
			</report>
			<report>
				<misses>35400000</misses>
				<total>2</total>
				<timestamp>1873.915753</timestamp>
			</report>
			<report>
				<misses>35500000</misses>
				<total>2</total>
				<timestamp>1879.351093</timestamp>
			</report>
			<report>
				<misses>35600000</misses>
				<total>1</total>
				<timestamp>1884.782997</timestamp>
			</report>
			<report>
				<misses>35700000</misses>
				<total>1</total>
				<timestamp>1890.181526</timestamp>
			</report>
			<report>
				<misses>35800000</misses>
				<total>2</total>
				<timestamp>1895.584914</timestamp>
			</report>
			<report>
				<misses>35900000</misses>
				<total>1</total>
				<timestamp>1900.980284</timestamp>
			</report>
			<report>
				<misses>36000000</misses>
				<total>1</total>
				<timestamp>1906.332042</timestamp>
			</report>
			<report>
				<misses>36100000</misses>
				<total>2</total>
				<timestamp>1911.627748</timestamp>
			</report>
			<report>
				<misses>36200000</misses>
				<total>1</total>
				<timestamp>1916.909386</timestamp>
			</report>
			<report>
				<misses>36300000</misses>
				<total>1</total>
				<timestamp>1922.212091</timestamp>
			</report>
			<report>
				<misses>36400000</misses>
				<total>2</total>
				<timestamp>1927.491102</timestamp>
			</report>
			<report>
				<misses>36500000</misses>
				<total>2</total>
				<timestamp>1932.807905</timestamp>
			</report>
			<report>
				<misses>36600000</misses>
				<total>2</total>
				<timestamp>1938.133470</timestamp>
			</report>
			<report>
				<misses>36700000</misses>
				<total>3</total>
				<timestamp>1943.419880</timestamp>
			</report>
			<report>
				<misses>36800000</misses>
				<total>2</total>
				<timestamp>1948.735035</timestamp>
			</report>
			<report>
				<misses>36900000</misses>
				<total>1</total>
				<timestamp>1954.043501</timestamp>
			</report>
			<report>
				<misses>37000000</misses>
				<total>1</total>
				<timestamp>1959.471522</timestamp>
			</report>
			<report>
				<misses>37100000</misses>
				<total>1</total>
				<timestamp>1964.805577</timestamp>
			</report>
			<report>
				<misses>37200000</misses>
				<total>2</total>
				<timestamp>1970.149521</timestamp>
			</report>
			<report>
				<misses>37300000</misses>
				<total>1</total>
				<timestamp>1975.462040</timestamp>
			</report>
			<report>
				<misses>37400000</misses>
				<total>2</total>
				<timestamp>1980.762512</timestamp>
			</report>
			<report>
				<misses>37500000</misses>
				<total>1</total>
				<timestamp>1986.004749</timestamp>
			</report>
			<report>
				<misses>37600000</misses>
				<total>2</total>
				<timestamp>1991.269069</timestamp>
			</report>
			<report>
				<misses>37700000</misses>
				<total>1</total>
				<timestamp>1996.591558</timestamp>
			</report>
			<report>
				<misses>37800000</misses>
				<total>1</total>
				<timestamp>2001.866512</timestamp>
			</report>
			<report>
				<misses>37900000</misses>
				<total>1</total>
				<timestamp>2007.149088</timestamp>
			</report>
			<report>
				<misses>38000000</misses>
				<total>1</total>
				<timestamp>2012.452950</timestamp>
			</report>
			<report>
				<misses>38100000</misses>
				<total>2</total>
				<timestamp>2017.689486</timestamp>
			</report>
			<report>
				<misses>38200000</misses>
				<total>2</total>
				<timestamp>2023.019938</timestamp>
			</report>
			<report>
				<misses>38300000</misses>
				<total>1</total>
				<timestamp>2028.385543</timestamp>
			</report>
			<report>
				<misses>38400000</misses>
				<total>2</total>
				<timestamp>2033.760641</timestamp>
			</report>
			<report>
				<misses>38500000</misses>
				<total>2</total>
				<timestamp>2039.096548</timestamp>
			</report>
			<report>
				<misses>38600000</misses>
				<total>2</total>
				<timestamp>2044.455171</timestamp>
			</report>
			<report>
				<misses>38700000</misses>
				<total>1</total>
				<timestamp>2049.810425</timestamp>
			</report>
			<report>
				<misses>38800000</misses>
				<total>1</total>
				<timestamp>2055.180985</timestamp>
			</report>
			<report>
				<misses>38900000</misses>
				<total>2</total>
				<timestamp>2060.554161</timestamp>
			</report>
			<report>
				<misses>39000000</misses>
				<total>0</total>
				<timestamp>2065.938242</timestamp>
			</report>
			<report>
				<misses>39100000</misses>
				<total>1</total>
				<timestamp>2071.243344</timestamp>
			</report>
			<report>
				<misses>39200000</misses>
				<total>2</total>
				<timestamp>2076.583040</timestamp>
			</report>
			<report>
				<misses>39300000</misses>
				<total>3</total>
				<timestamp>2081.877608</timestamp>
			</report>
			<report>
				<misses>39400000</misses>
				<total>2</total>
				<timestamp>2087.199369</timestamp>
			</report>
			<report>
				<misses>39500000</misses>
				<total>3</total>
				<timestamp>2092.478367</timestamp>
			</report>
			<report>
				<misses>39600000</misses>
				<total>2</total>
				<timestamp>2097.819252</timestamp>
			</report>
			<report>
				<misses>39700000</misses>
				<total>2</total>
				<timestamp>2102.997340</timestamp>
			</report>
			<report>
				<misses>39800000</misses>
				<total>2</total>
				<timestamp>2108.196494</timestamp>
			</report>
			<report>
				<misses>39900000</misses>
				<total>1</total>
				<timestamp>2113.450294</timestamp>
			</report>
			<report>
				<misses>40000000</misses>
				<total>1</total>
				<timestamp>2118.633732</timestamp>
			</report>
			<report>
				<misses>40100000</misses>
				<total>1</total>
				<timestamp>2123.796598</timestamp>
			</report>
			<report>
				<misses>40200000</misses>
				<total>3</total>
				<timestamp>2128.931641</timestamp>
			</report>
			<report>
				<misses>40300000</misses>
				<total>2</total>
				<timestamp>2134.031818</timestamp>
			</report>
			<report>
				<misses>40400000</misses>
				<total>2</total>
				<timestamp>2139.224003</timestamp>
			</report>
			<report>
				<misses>40500000</misses>
				<total>2</total>
				<timestamp>2144.425504</timestamp>
			</report>
			<report>
				<misses>40600000</misses>
				<total>1</total>
				<timestamp>2149.581946</timestamp>
			</report>
			<report>
				<misses>40700000</misses>
				<total>1</total>
				<timestamp>2154.764992</timestamp>
			</report>
			<report>
				<misses>40800000</misses>
				<total>1</total>
				<timestamp>2159.965443</timestamp>
			</report>
			<report>
				<misses>40900000</misses>
				<total>1</total>
				<timestamp>2165.154818</timestamp>
			</report>
			<report>
				<misses>41000000</misses>
				<total>1</total>
				<timestamp>2170.261434</timestamp>
			</report>
			<report>
				<misses>41100000</misses>
				<total>2</total>
				<timestamp>2175.430692</timestamp>
			</report>
			<report>
				<misses>41200000</misses>
				<total>1</total>
				<timestamp>2180.675879</timestamp>
			</report>
			<report>
				<misses>41300000</misses>
				<total>1</total>
				<timestamp>2185.881614</timestamp>
			</report>
			<report>
				<misses>41400000</misses>
				<total>1</total>
				<timestamp>2191.124251</timestamp>
			</report>
			<report>
				<misses>41500000</misses>
				<total>1</total>
				<timestamp>2196.433424</timestamp>
			</report>
			<report>
				<misses>41600000</misses>
				<total>1</total>
				<timestamp>2201.746045</timestamp>
			</report>
			<report>
				<misses>41700000</misses>
				<total>1</total>
				<timestamp>2207.043549</timestamp>
			</report>
			<report>
				<misses>41800000</misses>
				<total>1</total>
				<timestamp>2212.424134</timestamp>
			</report>
			<report>
				<misses>41900000</misses>
				<total>1</total>
				<timestamp>2217.804670</timestamp>
			</report>
			<report>
				<misses>42000000</misses>
				<total>1</total>
				<timestamp>2223.175044</timestamp>
			</report>
			<report>
				<misses>42100000</misses>
				<total>2</total>
				<timestamp>2228.560919</timestamp>
			</report>
			<report>
				<misses>42200000</misses>
				<total>2</total>
				<timestamp>2233.923952</timestamp>
			</report>
			<report>
				<misses>42300000</misses>
				<total>1</total>
				<timestamp>2239.249631</timestamp>
			</report>
			<report>
				<misses>42400000</misses>
				<total>2</total>
				<timestamp>2244.528784</timestamp>
			</report>
			<report>
				<misses>42500000</misses>
				<total>1</total>
				<timestamp>2249.828344</timestamp>
			</report>
			<report>
				<misses>42600000</misses>
				<total>2</total>
				<timestamp>2255.108654</timestamp>
			</report>
			<report>
				<misses>42700000</misses>
				<total>2</total>
				<timestamp>2260.407085</timestamp>
			</report>
			<report>
				<misses>42800000</misses>
				<total>2</total>
				<timestamp>2265.696731</timestamp>
			</report>
			<report>
				<misses>42900000</misses>
				<total>0</total>
				<timestamp>2271.058463</timestamp>
			</report>
			<report>
				<misses>43000000</misses>
				<total>1</total>
				<timestamp>2276.372600</timestamp>
			</report>
			<report>
				<misses>43100000</misses>
				<total>0</total>
				<timestamp>2281.689562</timestamp>
			</report>
			<report>
				<misses>43200000</misses>
				<total>2</total>
				<timestamp>2287.067362</timestamp>
			</report>
			<report>
				<misses>43300000</misses>
				<total>2</total>
				<timestamp>2292.426723</timestamp>
			</report>
			<report>
				<misses>43400000</misses>
				<total>2</total>
				<timestamp>2297.788767</timestamp>
			</report>
			<report>
				<misses>43500000</misses>
				<total>2</total>
				<timestamp>2303.171829</timestamp>
			</report>
			<report>
				<misses>43600000</misses>
				<total>1</total>
				<timestamp>2308.567509</timestamp>
			</report>
			<report>
				<misses>43700000</misses>
				<total>1</total>
				<timestamp>2313.964335</timestamp>
			</report>
			<report>
				<misses>43800000</misses>
				<total>1</total>
				<timestamp>2319.352963</timestamp>
			</report>
			<report>
				<misses>43900000</misses>
				<total>1</total>
				<timestamp>2324.727645</timestamp>
			</report>
			<report>
				<misses>44000000</misses>
				<total>2</total>
				<timestamp>2330.126255</timestamp>
			</report>
			<report>
				<misses>44100000</misses>
				<total>1</total>
				<timestamp>2335.500791</timestamp>
			</report>
			<report>
				<misses>44200000</misses>
				<total>1</total>
				<timestamp>2340.864394</timestamp>
			</report>
			<report>
				<misses>44300000</misses>
				<total>2</total>
				<timestamp>2346.240264</timestamp>
			</report>
			<report>
				<misses>44400000</misses>
				<total>2</total>
				<timestamp>2351.602600</timestamp>
			</report>
			<report>
				<misses>44500000</misses>
				<total>1</total>
				<timestamp>2356.909374</timestamp>
			</report>
			<report>
				<misses>44600000</misses>
				<total>2</total>
				<timestamp>2362.203089</timestamp>
			</report>
			<report>
				<misses>44700000</misses>
				<total>1</total>
				<timestamp>2367.469491</timestamp>
			</report>
			<report>
				<misses>44800000</misses>
				<total>1</total>
				<timestamp>2372.834238</timestamp>
			</report>
			<report>
				<misses>44900000</misses>
				<total>1</total>
				<timestamp>2378.189127</timestamp>
			</report>
			<report>
				<misses>45000000</misses>
				<total>1</total>
				<timestamp>2383.461337</timestamp>
			</report>
			<report>
				<misses>45100000</misses>
				<total>1</total>
				<timestamp>2388.747140</timestamp>
			</report>
			<report>
				<misses>45200000</misses>
				<total>1</total>
				<timestamp>2393.979608</timestamp>
			</report>
			<report>
				<misses>45300000</misses>
				<total>1</total>
				<timestamp>2399.251143</timestamp>
			</report>
			<report>
				<misses>45400000</misses>
				<total>2</total>
				<timestamp>2404.573051</timestamp>
			</report>
			<report>
				<misses>45500000</misses>
				<total>1</total>
				<timestamp>2409.836517</timestamp>
			</report>
			<report>
				<misses>45600000</misses>
				<total>1</total>
				<timestamp>2415.172902</timestamp>
			</report>
			<report>
				<misses>45700000</misses>
				<total>1</total>
				<timestamp>2420.469083</timestamp>
			</report>
			<report>
				<misses>45800000</misses>
				<total>2</total>
				<timestamp>2425.717546</timestamp>
			</report>
			<report>
				<misses>45900000</misses>
				<total>1</total>
				<timestamp>2430.994561</timestamp>
			</report>
			<report>
				<misses>46000000</misses>
				<total>1</total>
				<timestamp>2436.294275</timestamp>
			</report>
			<report>
				<misses>46100000</misses>
				<total>2</total>
				<timestamp>2441.528164</timestamp>
			</report>
			<report>
				<misses>46200000</misses>
				<total>2</total>
				<timestamp>2446.655003</timestamp>
			</report>
			<report>
				<misses>46300000</misses>
				<total>1</total>
				<timestamp>2451.870307</timestamp>
			</report>
			<report>
				<misses>46400000</misses>
				<total>1</total>
				<timestamp>2457.068401</timestamp>
			</report>
			<report>
				<misses>46500000</misses>
				<total>2</total>
				<timestamp>2462.175080</timestamp>
			</report>
			<report>
				<misses>46600000</misses>
				<total>1</total>
				<timestamp>2467.292285</timestamp>
			</report>
			<report>
				<misses>46700000</misses>
				<total>1</total>
				<timestamp>2472.397546</timestamp>
			</report>
			<report>
				<misses>46800000</misses>
				<total>2</total>
				<timestamp>2477.511127</timestamp>
			</report>
			<report>
				<misses>46900000</misses>
				<total>1</total>
				<timestamp>2482.688069</timestamp>
			</report>
			<report>
				<misses>47000000</misses>
				<total>2</total>
				<timestamp>2487.929772</timestamp>
			</report>
			<report>
				<misses>47100000</misses>
				<total>1</total>
				<timestamp>2493.164623</timestamp>
			</report>
			<report>
				<misses>47200000</misses>
				<total>1</total>
				<timestamp>2498.376483</timestamp>
			</report>
			<report>
				<misses>47300000</misses>
				<total>1</total>
				<timestamp>2503.619444</timestamp>
			</report>
			<report>
				<misses>47400000</misses>
				<total>1</total>
				<timestamp>2508.876804</timestamp>
			</report>
			<report>
				<misses>47500000</misses>
				<total>0</total>
				<timestamp>2514.053497</timestamp>
			</report>
			<report>
				<misses>47600000</misses>
				<total>1</total>
				<timestamp>2519.281904</timestamp>
			</report>
			<report>
				<misses>47700000</misses>
				<total>1</total>
				<timestamp>2524.516063</timestamp>
			</report>
			<report>
				<misses>47800000</misses>
				<total>2</total>
				<timestamp>2529.753058</timestamp>
			</report>
			<report>
				<misses>47900000</misses>
				<total>1</total>
				<timestamp>2534.999587</timestamp>
			</report>
			<report>
				<misses>48000000</misses>
				<total>1</total>
				<timestamp>2540.307078</timestamp>
			</report>
			<report>
				<misses>48100000</misses>
				<total>3</total>
				<timestamp>2545.611521</timestamp>
			</report>
			<report>
				<misses>48200000</misses>
				<total>1</total>
				<timestamp>2550.967105</timestamp>
			</report>
			<report>
				<misses>48300000</misses>
				<total>2</total>
				<timestamp>2556.374257</timestamp>
			</report>
			<report>
				<misses>48400000</misses>
				<total>1</total>
				<timestamp>2561.745268</timestamp>
			</report>
			<report>
				<misses>48500000</misses>
				<total>1</total>
				<timestamp>2567.108722</timestamp>
			</report>
			<report>
				<misses>48600000</misses>
				<total>2</total>
				<timestamp>2572.509565</timestamp>
			</report>
			<report>
				<misses>48700000</misses>
				<total>2</total>
				<timestamp>2577.870690</timestamp>
			</report>
			<report>
				<misses>48800000</misses>
				<total>1</total>
				<timestamp>2583.264878</timestamp>
			</report>
			<report>
				<misses>48900000</misses>
				<total>2</total>
				<timestamp>2588.660773</timestamp>
			</report>
			<report>
				<misses>49000000</misses>
				<total>0</total>
				<timestamp>2594.031648</timestamp>
			</report>
			<report>
				<misses>49100000</misses>
				<total>1</total>
				<timestamp>2599.441919</timestamp>
			</report>
			<report>
				<misses>49200000</misses>
				<total>1</total>
				<timestamp>2604.835899</timestamp>
			</report>
			<report>
				<misses>49300000</misses>
				<total>2</total>
				<timestamp>2610.187038</timestamp>
			</report>
			<report>
				<misses>49400000</misses>
				<total>1</total>
				<timestamp>2615.595164</timestamp>
			</report>
			<report>
				<misses>49500000</misses>
				<total>2</total>
				<timestamp>2620.939977</timestamp>
			</report>
			<report>
				<misses>49600000</misses>
				<total>1</total>
				<timestamp>2626.254262</timestamp>
			</report>
			<report>
				<misses>49700000</misses>
				<total>1</total>
				<timestamp>2631.561028</timestamp>
			</report>
			<report>
				<misses>49800000</misses>
				<total>1</total>
				<timestamp>2636.902118</timestamp>
			</report>
			<report>
				<misses>49900000</misses>
				<total>1</total>
				<timestamp>2642.249098</timestamp>
			</report>
			<report>
				<misses>50000000</misses>
				<total>1</total>
				<timestamp>2647.597075</timestamp>
			</report>
			<report>
				<misses>50100000</misses>
				<total>1</total>
				<timestamp>2652.955387</timestamp>
			</report>
			<report>
				<misses>50200000</misses>
				<total>2</total>
				<timestamp>2658.310378</timestamp>
			</report>
			<report>
				<misses>50300000</misses>
				<total>2</total>
				<timestamp>2663.607494</timestamp>
			</report>
			<report>
				<misses>50400000</misses>
				<total>1</total>
				<timestamp>2668.951156</timestamp>
			</report>
			<report>
				<misses>50500000</misses>
				<total>3</total>
				<timestamp>2674.318213</timestamp>
			</report>
			<report>
				<misses>50600000</misses>
				<total>1</total>
				<timestamp>2679.619759</timestamp>
			</report>
			<report>
				<misses>50700000</misses>
				<total>1</total>
				<timestamp>2684.936544</timestamp>
			</report>
			<report>
				<misses>50800000</misses>
				<total>2</total>
				<timestamp>2690.247311</timestamp>
			</report>
			<report>
				<misses>50900000</misses>
				<total>1</total>
				<timestamp>2695.623599</timestamp>
			</report>
			<report>
				<misses>51000000</misses>
				<total>2</total>
				<timestamp>2701.028721</timestamp>
			</report>
			<report>
				<misses>51100000</misses>
				<total>1</total>
				<timestamp>2706.407958</timestamp>
			</report>
			<report>
				<misses>51200000</misses>
				<total>1</total>
				<timestamp>2711.725463</timestamp>
			</report>
			<report>
				<misses>51300000</misses>
				<total>2</total>
				<timestamp>2717.116753</timestamp>
			</report>
			<report>
				<misses>51400000</misses>
				<total>1</total>
				<timestamp>2722.430393</timestamp>
			</report>
			<report>
				<misses>51500000</misses>
				<total>2</total>
				<timestamp>2727.831638</timestamp>
			</report>
			<report>
				<misses>51600000</misses>
				<total>2</total>
				<timestamp>2733.217733</timestamp>
			</report>
			<report>
				<misses>51700000</misses>
				<total>2</total>
				<timestamp>2738.574222</timestamp>
			</report>
			<report>
				<misses>51800000</misses>
				<total>1</total>
				<timestamp>2743.884448</timestamp>
			</report>
			<report>
				<misses>51900000</misses>
				<total>2</total>
				<timestamp>2749.204824</timestamp>
			</report>
			<report>
				<misses>52000000</misses>
				<total>1</total>
				<timestamp>2754.456805</timestamp>
			</report>
			<report>
				<misses>52100000</misses>
				<total>2</total>
				<timestamp>2759.809813</timestamp>
			</report>
			<report>
				<misses>52200000</misses>
				<total>2</total>
				<timestamp>2765.155793</timestamp>
			</report>
			<report>
				<misses>52300000</misses>
				<total>1</total>
				<timestamp>2770.467612</timestamp>
			</report>
			<report>
				<misses>52400000</misses>
				<total>1</total>
				<timestamp>2775.750678</timestamp>
			</report>
			<report>
				<misses>52500000</misses>
				<total>1</total>
				<timestamp>2781.131050</timestamp>
			</report>
			<report>
				<misses>52600000</misses>
				<total>2</total>
				<timestamp>2786.415042</timestamp>
			</report>
			<report>
				<misses>52700000</misses>
				<total>1</total>
				<timestamp>2791.729031</timestamp>
			</report>
			<report>
				<misses>52800000</misses>
				<total>1</total>
				<timestamp>2797.057684</timestamp>
			</report>
			<report>
				<misses>52900000</misses>
				<total>3</total>
				<timestamp>2802.403137</timestamp>
			</report>
			<report>
				<misses>53000000</misses>
				<total>1</total>
				<timestamp>2807.746475</timestamp>
			</report>
			<report>
				<misses>53100000</misses>
				<total>1</total>
				<timestamp>2813.054695</timestamp>
			</report>
			<report>
				<misses>53200000</misses>
				<total>2</total>
				<timestamp>2818.345399</timestamp>
			</report>
			<report>
				<misses>53300000</misses>
				<total>2</total>
				<timestamp>2823.657317</timestamp>
			</report>
			<report>
				<misses>53400000</misses>
				<total>1</total>
				<timestamp>2829.037834</timestamp>
			</report>
			<report>
				<misses>53500000</misses>
				<total>1</total>
				<timestamp>2834.368338</timestamp>
			</report>
			<report>
				<misses>53600000</misses>
				<total>1</total>
				<timestamp>2839.679312</timestamp>
			</report>
			<report>
				<misses>53700000</misses>
				<total>2</total>
				<timestamp>2845.007885</timestamp>
			</report>
			<report>
				<misses>53800000</misses>
				<total>1</total>
				<timestamp>2850.319185</timestamp>
			</report>
			<report>
				<misses>53900000</misses>
				<total>1</total>
				<timestamp>2855.646588</timestamp>
			</report>
			<report>
				<misses>54000000</misses>
				<total>1</total>
				<timestamp>2860.918939</timestamp>
			</report>
			<report>
				<misses>54100000</misses>
				<total>2</total>
				<timestamp>2866.136641</timestamp>
			</report>
			<report>
				<misses>54200000</misses>
				<total>2</total>
				<timestamp>2871.355103</timestamp>
			</report>
			<report>
				<misses>54300000</misses>
				<total>1</total>
				<timestamp>2876.588771</timestamp>
			</report>
			<report>
				<misses>54400000</misses>
				<total>0</total>
				<timestamp>2881.881771</timestamp>
			</report>
			<report>
				<misses>54500000</misses>
				<total>1</total>
				<timestamp>2887.183514</timestamp>
			</report>
			<report>
				<misses>54600000</misses>
				<total>0</total>
				<timestamp>2892.474355</timestamp>
			</report>
			<report>
				<misses>54700000</misses>
				<total>2</total>
				<timestamp>2897.675199</timestamp>
			</report>
			<report>
				<misses>54800000</misses>
				<total>2</total>
				<timestamp>2902.907634</timestamp>
			</report>
			<report>
				<misses>54900000</misses>
				<total>2</total>
				<timestamp>2908.191916</timestamp>
			</report>
			<report>
				<misses>55000000</misses>
				<total>2</total>
				<timestamp>2913.444872</timestamp>
			</report>
			<report>
				<misses>55100000</misses>
				<total>1</total>
				<timestamp>2918.597712</timestamp>
			</report>
			<report>
				<misses>55200000</misses>
				<total>1</total>
				<timestamp>2923.725003</timestamp>
			</report>
			<report>
				<misses>55300000</misses>
				<total>2</total>
				<timestamp>2928.897561</timestamp>
			</report>
			<report>
				<misses>55400000</misses>
				<total>2</total>
				<timestamp>2934.076881</timestamp>
			</report>
			<report>
				<misses>55500000</misses>
				<total>1</total>
				<timestamp>2939.273696</timestamp>
			</report>
			<report>
				<misses>55600000</misses>
				<total>2</total>
				<timestamp>2944.498496</timestamp>
			</report>
			<report>
				<misses>55700000</misses>
				<total>0</total>
				<timestamp>2949.673931</timestamp>
			</report>
			<report>
				<misses>55800000</misses>
				<total>2</total>
				<timestamp>2954.881125</timestamp>
			</report>
			<report>
				<misses>55900000</misses>
				<total>1</total>
				<timestamp>2960.064973</timestamp>
			</report>
			<report>
				<misses>56000000</misses>
				<total>2</total>
				<timestamp>2965.316262</timestamp>
			</report>
			<report>
				<misses>56100000</misses>
				<total>2</total>
				<timestamp>2970.537378</timestamp>
			</report>
			<report>
				<misses>56200000</misses>
				<total>1</total>
				<timestamp>2975.722354</timestamp>
			</report>
			<report>
				<misses>56300000</misses>
				<total>2</total>
				<timestamp>2980.932730</timestamp>
			</report>
			<report>
				<misses>56400000</misses>
				<total>1</total>
				<timestamp>2986.205733</timestamp>
			</report>
			<report>
				<misses>56500000</misses>
				<total>1</total>
				<timestamp>2991.503931</timestamp>
			</report>
			<report>
				<misses>56600000</misses>
				<total>1</total>
				<timestamp>2996.748899</timestamp>
			</report>
			<report>
				<misses>56700000</misses>
				<total>1</total>
				<timestamp>3002.019815</timestamp>
			</report>
			<report>
				<misses>56800000</misses>
				<total>2</total>
				<timestamp>3007.279876</timestamp>
			</report>
			<report>
				<misses>56900000</misses>
				<total>2</total>
				<timestamp>3012.530403</timestamp>
			</report>
			<report>
				<misses>57000000</misses>
				<total>1</total>
				<timestamp>3017.757621</timestamp>
			</report>
			<report>
				<misses>57100000</misses>
				<total>1</total>
				<timestamp>3022.997487</timestamp>
			</report>
			<report>
				<misses>57200000</misses>
				<total>1</total>
				<timestamp>3028.262305</timestamp>
			</report>
			<report>
				<misses>57300000</misses>
				<total>1</total>
				<timestamp>3033.561289</timestamp>
			</report>
			<report>
				<misses>57400000</misses>
				<total>2</total>
				<timestamp>3038.840560</timestamp>
			</report>
			<report>
				<misses>57500000</misses>
				<total>1</total>
				<timestamp>3044.109678</timestamp>
			</report>
			<report>
				<misses>57600000</misses>
				<total>1</total>
				<timestamp>3049.386467</timestamp>
			</report>
			<report>
				<misses>57700000</misses>
				<total>1</total>
				<timestamp>3054.625723</timestamp>
			</report>
			<report>
				<misses>57800000</misses>
				<total>2</total>
				<timestamp>3059.845724</timestamp>
			</report>
			<report>
				<misses>57900000</misses>
				<total>3</total>
				<timestamp>3065.059193</timestamp>
			</report>
			<report>
				<misses>58000000</misses>
				<total>2</total>
				<timestamp>3070.291442</timestamp>
			</report>
			<report>
				<misses>58100000</misses>
				<total>1</total>
				<timestamp>3075.475694</timestamp>
			</report>
			<report>
				<misses>58200000</misses>
				<total>1</total>
				<timestamp>3080.634567</timestamp>
			</report>
			<report>
				<misses>58300000</misses>
				<total>2</total>
				<timestamp>3085.875091</timestamp>
			</report>
			<report>
				<misses>58400000</misses>
				<total>1</total>
				<timestamp>3091.125910</timestamp>
			</report>
			<report>
				<misses>58500000</misses>
				<total>1</total>
				<timestamp>3096.358756</timestamp>
			</report>
			<report>
				<misses>58600000</misses>
				<total>1</total>
				<timestamp>3101.597565</timestamp>
			</report>
			<report>
				<misses>58700000</misses>
				<total>2</total>
				<timestamp>3106.786200</timestamp>
			</report>
			<report>
				<misses>58800000</misses>
				<total>1</total>
				<timestamp>3112.065378</timestamp>
			</report>
			<report>
				<misses>58900000</misses>
				<total>1</total>
				<timestamp>3117.325459</timestamp>
			</report>
			<report>
				<misses>59000000</misses>
				<total>1</total>
				<timestamp>3122.643732</timestamp>
			</report>
			<report>
				<misses>59100000</misses>
				<total>2</total>
				<timestamp>3127.994316</timestamp>
			</report>
			<report>
				<misses>59200000</misses>
				<total>0</total>
				<timestamp>3133.347261</timestamp>
			</report>
			<report>
				<misses>59300000</misses>
				<total>1</total>
				<timestamp>3138.691686</timestamp>
			</report>
			<report>
				<misses>59400000</misses>
				<total>2</total>
				<timestamp>3144.037635</timestamp>
			</report>
			<report>
				<misses>59500000</misses>
				<total>1</total>
				<timestamp>3149.381403</timestamp>
			</report>
			<report>
				<misses>59600000</misses>
				<total>1</total>
				<timestamp>3154.693714</timestamp>
			</report>
			<report>
				<misses>59700000</misses>
				<total>1</total>
				<timestamp>3160.016415</timestamp>
			</report>
			<report>
				<misses>59800000</misses>
				<total>2</total>
				<timestamp>3165.385722</timestamp>
			</report>
			<report>
				<misses>59900000</misses>
				<total>1</total>
				<timestamp>3170.779095</timestamp>
			</report>
			<report>
				<misses>60000000</misses>
				<total>2</total>
				<timestamp>3176.107404</timestamp>
			</report>
			<report>
				<misses>60100000</misses>
				<total>1</total>
				<timestamp>3181.507038</timestamp>
			</report>
			<report>
				<misses>60200000</misses>
				<total>2</total>
				<timestamp>3186.887964</timestamp>
			</report>
			<report>
				<misses>60300000</misses>
				<total>1</total>
				<timestamp>3192.307790</timestamp>
			</report>
			<report>
				<misses>60400000</misses>
				<total>2</total>
				<timestamp>3197.694910</timestamp>
			</report>
			<report>
				<misses>60500000</misses>
				<total>1</total>
				<timestamp>3203.095280</timestamp>
			</report>
			<report>
				<misses>60600000</misses>
				<total>1</total>
				<timestamp>3208.471935</timestamp>
			</report>
			<report>
				<misses>60700000</misses>
				<total>0</total>
				<timestamp>3213.809500</timestamp>
			</report>
			<report>
				<misses>60800000</misses>
				<total>2</total>
				<timestamp>3219.136600</timestamp>
			</report>
			<report>
				<misses>60900000</misses>
				<total>2</total>
				<timestamp>3224.460332</timestamp>
			</report>
			<report>
				<misses>61000000</misses>
				<total>1</total>
				<timestamp>3229.829090</timestamp>
			</report>
			<report>
				<misses>61100000</misses>
				<total>2</total>
				<timestamp>3235.201399</timestamp>
			</report>
			<report>
				<misses>61200000</misses>
				<total>2</total>
				<timestamp>3240.567525</timestamp>
			</report>
			<report>
				<misses>61300000</misses>
				<total>1</total>
				<timestamp>3245.963714</timestamp>
			</report>
			<report>
				<misses>61400000</misses>
				<total>1</total>
				<timestamp>3251.342489</timestamp>
			</report>
			<report>
				<misses>61500000</misses>
				<total>1</total>
				<timestamp>3256.729061</timestamp>
			</report>
			<report>
				<misses>61600000</misses>
				<total>2</total>
				<timestamp>3262.042826</timestamp>
			</report>
			<report>
				<misses>61700000</misses>
				<total>2</total>
				<timestamp>3267.202683</timestamp>
			</report>
			<report>
				<misses>61800000</misses>
				<total>2</total>
				<timestamp>3272.436639</timestamp>
			</report>
			<report>
				<misses>61900000</misses>
				<total>1</total>
				<timestamp>3277.631881</timestamp>
			</report>
			<report>
				<misses>62000000</misses>
				<total>1</total>
				<timestamp>3282.839691</timestamp>
			</report>
			<report>
				<misses>62100000</misses>
				<total>1</total>
				<timestamp>3287.994581</timestamp>
			</report>
			<report>
				<misses>62200000</misses>
				<total>2</total>
				<timestamp>3293.205611</timestamp>
			</report>
			<report>
				<misses>62300000</misses>
				<total>1</total>
				<timestamp>3298.368638</timestamp>
			</report>
			<report>
				<misses>62400000</misses>
				<total>2</total>
				<timestamp>3303.524269</timestamp>
			</report>
			<report>
				<misses>62500000</misses>
				<total>2</total>
				<timestamp>3308.733042</timestamp>
			</report>
			<report>
				<misses>62600000</misses>
				<total>1</total>
				<timestamp>3313.975706</timestamp>
			</report>
			<report>
				<misses>62700000</misses>
				<total>1</total>
				<timestamp>3319.207836</timestamp>
			</report>
			<report>
				<misses>62800000</misses>
				<total>2</total>
				<timestamp>3324.433672</timestamp>
			</report>
			<report>
				<misses>62900000</misses>
				<total>2</total>
				<timestamp>3329.711344</timestamp>
			</report>
			<report>
				<misses>63000000</misses>
				<total>2</total>
				<timestamp>3335.047602</timestamp>
			</report>
			<report>
				<misses>63100000</misses>
				<total>2</total>
				<timestamp>3340.338084</timestamp>
			</report>
			<report>
				<misses>63200000</misses>
				<total>1</total>
				<timestamp>3345.678594</timestamp>
			</report>
			<report>
				<misses>63300000</misses>
				<total>1</total>
				<timestamp>3350.951311</timestamp>
			</report>
			<report>
				<misses>63400000</misses>
				<total>2</total>
				<timestamp>3356.272981</timestamp>
			</report>
			<report>
				<misses>63500000</misses>
				<total>1</total>
				<timestamp>3361.553387</timestamp>
			</report>
			<report>
				<misses>63600000</misses>
				<total>1</total>
				<timestamp>3366.800640</timestamp>
			</report>
			<report>
				<misses>63700000</misses>
				<total>2</total>
				<timestamp>3372.084519</timestamp>
			</report>
			<report>
				<misses>63800000</misses>
				<total>1</total>
				<timestamp>3377.365574</timestamp>
			</report>
			<report>
				<misses>63900000</misses>
				<total>1</total>
				<timestamp>3382.639110</timestamp>
			</report>
			<report>
				<misses>64000000</misses>
				<total>1</total>
				<timestamp>3387.957037</timestamp>
			</report>
			<report>
				<misses>64100000</misses>
				<total>1</total>
				<timestamp>3393.363617</timestamp>
			</report>
			<report>
				<misses>64200000</misses>
				<total>2</total>
				<timestamp>3398.725265</timestamp>
			</report>
			<report>
				<misses>64300000</misses>
				<total>2</total>
				<timestamp>3404.132313</timestamp>
			</report>
			<report>
				<misses>64400000</misses>
				<total>2</total>
				<timestamp>3409.486719</timestamp>
			</report>
			<report>
				<misses>64500000</misses>
				<total>1</total>
				<timestamp>3414.839506</timestamp>
			</report>
			<report>
				<misses>64600000</misses>
				<total>1</total>
				<timestamp>3420.192565</timestamp>
			</report>
			<report>
				<misses>64700000</misses>
				<total>2</total>
				<timestamp>3425.519599</timestamp>
			</report>
			<report>
				<misses>64800000</misses>
				<total>1</total>
				<timestamp>3430.861833</timestamp>
			</report>
			<report>
				<misses>64900000</misses>
				<total>1</total>
				<timestamp>3436.245800</timestamp>
			</report>
			<report>
				<misses>65000000</misses>
				<total>1</total>
				<timestamp>3441.503193</timestamp>
			</report>
			<report>
				<misses>65100000</misses>
				<total>1</total>
				<timestamp>3446.779024</timestamp>
			</report>
			<report>
				<misses>65200000</misses>
				<total>2</total>
				<timestamp>3451.989286</timestamp>
			</report>
			<report>
				<misses>65300000</misses>
				<total>1</total>
				<timestamp>3457.179508</timestamp>
			</report>
			<report>
				<misses>65400000</misses>
				<total>2</total>
				<timestamp>3462.418120</timestamp>
			</report>
			<report>
				<misses>65500000</misses>
				<total>1</total>
				<timestamp>3467.668593</timestamp>
			</report>
			<report>
				<misses>65600000</misses>
				<total>1</total>
				<timestamp>3472.924375</timestamp>
			</report>
			<report>
				<misses>65700000</misses>
				<total>2</total>
				<timestamp>3478.179626</timestamp>
			</report>
			<report>
				<misses>65800000</misses>
				<total>2</total>
				<timestamp>3483.444181</timestamp>
			</report>
			<report>
				<misses>65900000</misses>
				<total>1</total>
				<timestamp>3488.704549</timestamp>
			</report>
			<report>
				<misses>66000000</misses>
				<total>1</total>
				<timestamp>3494.036040</timestamp>
			</report>
			<report>
				<misses>66100000</misses>
				<total>1</total>
				<timestamp>3499.372146</timestamp>
			</report>
			<report>
				<misses>66200000</misses>
				<total>1</total>
				<timestamp>3504.677302</timestamp>
			</report>
			<report>
				<misses>66300000</misses>
				<total>1</total>
				<timestamp>3509.994528</timestamp>
			</report>
			<report>
				<misses>66400000</misses>
				<total>1</total>
				<timestamp>3515.281062</timestamp>
			</report>
			<report>
				<misses>66500000</misses>
				<total>1</total>
				<timestamp>3520.537403</timestamp>
			</report>
			<report>
				<misses>66600000</misses>
				<total>2</total>
				<timestamp>3525.804654</timestamp>
			</report>
			<report>
				<misses>66700000</misses>
				<total>2</total>
				<timestamp>3531.114309</timestamp>
			</report>
			<report>
				<misses>66800000</misses>
				<total>1</total>
				<timestamp>3536.424318</timestamp>
			</report>
			<report>
				<misses>66900000</misses>
				<total>3</total>
				<timestamp>3541.713517</timestamp>
			</report>
			<report>
				<misses>67000000</misses>
				<total>1</total>
				<timestamp>3547.008280</timestamp>
			</report>
			<report>
				<misses>67100000</misses>
				<total>2</total>
				<timestamp>3552.282259</timestamp>
			</report>
			<report>
				<misses>67200000</misses>
				<total>2</total>
				<timestamp>3557.581454</timestamp>
			</report>
			<report>
				<misses>67300000</misses>
				<total>2</total>
				<timestamp>3562.798514</timestamp>
			</report>
			<report>
				<misses>67400000</misses>
				<total>2</total>
				<timestamp>3568.041662</timestamp>
			</report>
			<report>
				<misses>67500000</misses>
				<total>1</total>
				<timestamp>3573.252905</timestamp>
			</report>
			<report>
				<misses>67600000</misses>
				<total>1</total>
				<timestamp>3578.500525</timestamp>
			</report>
			<report>
				<misses>67700000</misses>
				<total>2</total>
				<timestamp>3583.622023</timestamp>
			</report>
			<report>
				<misses>67800000</misses>
				<total>1</total>
				<timestamp>3588.815186</timestamp>
			</report>
			<report>
				<misses>67900000</misses>
				<total>2</total>
				<timestamp>3594.005695</timestamp>
			</report>
			<report>
				<misses>68000000</misses>
				<total>1</total>
				<timestamp>3599.120211</timestamp>
			</report>
			<report>
				<misses>68100000</misses>
				<total>1</total>
				<timestamp>3604.317772</timestamp>
			</report>
			<report>
				<misses>68200000</misses>
				<total>2</total>
				<timestamp>3609.614856</timestamp>
			</report>
			<report>
				<misses>68300000</misses>
				<total>1</total>
				<timestamp>3614.869582</timestamp>
			</report>
			<report>
				<misses>68400000</misses>
				<total>1</total>
				<timestamp>3620.102823</timestamp>
			</report>
			<report>
				<misses>68500000</misses>
				<total>1</total>
				<timestamp>3625.348333</timestamp>
			</report>
			<report>
				<misses>68600000</misses>
				<total>2</total>
				<timestamp>3630.623274</timestamp>
			</report>
			<report>
				<misses>68700000</misses>
				<total>1</total>
				<timestamp>3635.850953</timestamp>
			</report>
			<report>
				<misses>68800000</misses>
				<total>1</total>
				<timestamp>3641.074363</timestamp>
			</report>
			<report>
				<misses>68900000</misses>
				<total>1</total>
				<timestamp>3646.324111</timestamp>
			</report>
			<report>
				<misses>69000000</misses>
				<total>2</total>
				<timestamp>3651.625512</timestamp>
			</report>
			<report>
				<misses>69100000</misses>
				<total>2</total>
				<timestamp>3656.960768</timestamp>
			</report>
			<report>
				<misses>69200000</misses>
				<total>1</total>
				<timestamp>3662.280390</timestamp>
			</report>
			<report>
				<misses>69300000</misses>
				<total>2</total>
				<timestamp>3667.623606</timestamp>
			</report>
			<report>
				<misses>69400000</misses>
				<total>1</total>
				<timestamp>3672.946346</timestamp>
			</report>
			<report>
				<misses>69500000</misses>
				<total>2</total>
				<timestamp>3678.246951</timestamp>
			</report>
			<report>
				<misses>69600000</misses>
				<total>1</total>
				<timestamp>3683.546389</timestamp>
			</report>
			<report>
				<misses>69700000</misses>
				<total>1</total>
				<timestamp>3688.811641</timestamp>
			</report>
			<report>
				<misses>69800000</misses>
				<total>1</total>
				<timestamp>3693.962459</timestamp>
			</report>
			<report>
				<misses>69900000</misses>
				<total>1</total>
				<timestamp>3699.177445</timestamp>
			</report>
			<report>
				<misses>70000000</misses>
				<total>2</total>
				<timestamp>3704.420741</timestamp>
			</report>
			<report>
				<misses>70100000</misses>
				<total>1</total>
				<timestamp>3709.665357</timestamp>
			</report>
			<report>
				<misses>70200000</misses>
				<total>2</total>
				<timestamp>3714.930768</timestamp>
			</report>
			<report>
				<misses>70300000</misses>
				<total>2</total>
				<timestamp>3720.289425</timestamp>
			</report>
			<report>
				<misses>70400000</misses>
				<total>2</total>
				<timestamp>3725.604461</timestamp>
			</report>
			<report>
				<misses>70500000</misses>
				<total>1</total>
				<timestamp>3730.911376</timestamp>
			</report>
			<report>
				<misses>70600000</misses>
				<total>1</total>
				<timestamp>3736.135219</timestamp>
			</report>
			<report>
				<misses>70700000</misses>
				<total>1</total>
				<timestamp>3741.401965</timestamp>
			</report>
			<report>
				<misses>70800000</misses>
				<total>1</total>
				<timestamp>3746.673037</timestamp>
			</report>
			<report>
				<misses>70900000</misses>
				<total>1</total>
				<timestamp>3752.027250</timestamp>
			</report>
			<report>
				<misses>71000000</misses>
				<total>2</total>
				<timestamp>3757.341285</timestamp>
			</report>
			<report>
				<misses>71100000</misses>
				<total>1</total>
				<timestamp>3762.614641</timestamp>
			</report>
			<report>
				<misses>71200000</misses>
				<total>1</total>
				<timestamp>3767.897762</timestamp>
			</report>
			<report>
				<misses>71300000</misses>
				<total>1</total>
				<timestamp>3773.209891</timestamp>
			</report>
			<report>
				<misses>71400000</misses>
				<total>1</total>
				<timestamp>3778.511439</timestamp>
			</report>
			<report>
				<misses>71500000</misses>
				<total>2</total>
				<timestamp>3783.819541</timestamp>
			</report>
			<report>
				<misses>71600000</misses>
				<total>2</total>
				<timestamp>3789.148285</timestamp>
			</report>
			<report>
				<misses>71700000</misses>
				<total>1</total>
				<timestamp>3794.501981</timestamp>
			</report>
			<report>
				<misses>71800000</misses>
				<total>2</total>
				<timestamp>3799.821320</timestamp>
			</report>
			<report>
				<misses>71900000</misses>
				<total>1</total>
				<timestamp>3805.134293</timestamp>
			</report>
			<report>
				<misses>72000000</misses>
				<total>1</total>
				<timestamp>3810.446555</timestamp>
			</report>
			<report>
				<misses>72100000</misses>
				<total>2</total>
				<timestamp>3815.734919</timestamp>
			</report>
			<report>
				<misses>72200000</misses>
				<total>2</total>
				<timestamp>3821.028436</timestamp>
			</report>
			<report>
				<misses>72300000</misses>
				<total>3</total>
				<timestamp>3826.386246</timestamp>
			</report>
			<report>
				<misses>72400000</misses>
				<total>2</total>
				<timestamp>3831.680255</timestamp>
			</report>
			<report>
				<misses>72500000</misses>
				<total>1</total>
				<timestamp>3836.952580</timestamp>
			</report>
			<report>
				<misses>72600000</misses>
				<total>1</total>
				<timestamp>3842.202681</timestamp>
			</report>
			<report>
				<misses>72700000</misses>
				<total>2</total>
				<timestamp>3847.463704</timestamp>
			</report>
			<report>
				<misses>72800000</misses>
				<total>2</total>
				<timestamp>3852.709765</timestamp>
			</report>
			<report>
				<misses>72900000</misses>
				<total>1</total>
				<timestamp>3857.899136</timestamp>
			</report>
			<report>
				<misses>73000000</misses>
				<total>2</total>
				<timestamp>3863.131282</timestamp>
			</report>
			<report>
				<misses>73100000</misses>
				<total>1</total>
				<timestamp>3868.361828</timestamp>
			</report>
			<report>
				<misses>73200000</misses>
				<total>2</total>
				<timestamp>3873.546667</timestamp>
			</report>
			<report>
				<misses>73300000</misses>
				<total>1</total>
				<timestamp>3878.756438</timestamp>
			</report>
			<report>
				<misses>73400000</misses>
				<total>2</total>
				<timestamp>3884.004605</timestamp>
			</report>
			<report>
				<misses>73500000</misses>
				<total>2</total>
				<timestamp>3889.253165</timestamp>
			</report>
			<report>
				<misses>73600000</misses>
				<total>2</total>
				<timestamp>3894.481276</timestamp>
			</report>
			<report>
				<misses>73700000</misses>
				<total>2</total>
				<timestamp>3899.768389</timestamp>
			</report>
			<report>
				<misses>73800000</misses>
				<total>3</total>
				<timestamp>3905.007261</timestamp>
			</report>
			<report>
				<misses>73900000</misses>
				<total>1</total>
				<timestamp>3910.222476</timestamp>
			</report>
			<report>
				<misses>74000000</misses>
				<total>2</total>
				<timestamp>3915.377260</timestamp>
			</report>
			<report>
				<misses>74100000</misses>
				<total>1</total>
				<timestamp>3920.616810</timestamp>
			</report>
			<report>
				<misses>74200000</misses>
				<total>2</total>
				<timestamp>3925.786346</timestamp>
			</report>
			<report>
				<misses>74300000</misses>
				<total>1</total>
				<timestamp>3931.030267</timestamp>
			</report>
			<report>
				<misses>74400000</misses>
				<total>1</total>
				<timestamp>3936.355176</timestamp>
			</report>
			<report>
				<misses>74500000</misses>
				<total>1</total>
				<timestamp>3941.603294</timestamp>
			</report>
			<report>
				<misses>74600000</misses>
				<total>2</total>
				<timestamp>3946.856971</timestamp>
			</report>
			<report>
				<misses>74700000</misses>
				<total>1</total>
				<timestamp>3952.107697</timestamp>
			</report>
			<report>
				<misses>74800000</misses>
				<total>1</total>
				<timestamp>3957.351689</timestamp>
			</report>
			<report>
				<misses>74900000</misses>
				<total>2</total>
				<timestamp>3962.587258</timestamp>
			</report>
			<report>
				<misses>75000000</misses>
				<total>1</total>
				<timestamp>3967.853432</timestamp>
			</report>
			<report>
				<misses>75100000</misses>
				<total>1</total>
				<timestamp>3973.073456</timestamp>
			</report>
			<report>
				<misses>75200000</misses>
				<total>1</total>
				<timestamp>3978.278305</timestamp>
			</report>
			<report>
				<misses>75300000</misses>
				<total>2</total>
				<timestamp>3983.457438</timestamp>
			</report>
			<report>
				<misses>75400000</misses>
				<total>1</total>
				<timestamp>3988.612732</timestamp>
			</report>
			<report>
				<misses>75500000</misses>
				<total>1</total>
				<timestamp>3993.794562</timestamp>
			</report>
			<report>
				<misses>75600000</misses>
				<total>1</total>
				<timestamp>3998.978011</timestamp>
			</report>
			<report>
				<misses>75700000</misses>
				<total>1</total>
				<timestamp>4004.143096</timestamp>
			</report>
			<report>
				<misses>75800000</misses>
				<total>2</total>
				<timestamp>4009.425857</timestamp>
			</report>
			<report>
				<misses>75900000</misses>
				<total>2</total>
				<timestamp>4014.742848</timestamp>
			</report>
			<report>
				<misses>76000000</misses>
				<total>1</total>
				<timestamp>4020.091845</timestamp>
			</report>
			<report>
				<misses>76100000</misses>
				<total>2</total>
				<timestamp>4025.473752</timestamp>
			</report>
			<report>
				<misses>76200000</misses>
				<total>1</total>
				<timestamp>4030.745495</timestamp>
			</report>
			<report>
				<misses>76300000</misses>
				<total>2</total>
				<timestamp>4036.054093</timestamp>
			</report>
			<report>
				<misses>76400000</misses>
				<total>1</total>
				<timestamp>4041.382164</timestamp>
			</report>
			<report>
				<misses>76500000</misses>
				<total>1</total>
				<timestamp>4046.766245</timestamp>
			</report>
			<report>
				<misses>76600000</misses>
				<total>1</total>
				<timestamp>4052.179319</timestamp>
			</report>
			<report>
				<misses>76700000</misses>
				<total>1</total>
				<timestamp>4057.597493</timestamp>
			</report>
			<report>
				<misses>76800000</misses>
				<total>0</total>
				<timestamp>4062.978959</timestamp>
			</report>
			<report>
				<misses>76900000</misses>
				<total>0</total>
				<timestamp>4068.327667</timestamp>
			</report>
			<report>
				<misses>77000000</misses>
				<total>1</total>
				<timestamp>4073.669441</timestamp>
			</report>
			<report>
				<misses>77100000</misses>
				<total>1</total>
				<timestamp>4079.037618</timestamp>
			</report>
			<report>
				<misses>77200000</misses>
				<total>1</total>
				<timestamp>4084.399710</timestamp>
			</report>
			<report>
				<misses>77300000</misses>
				<total>1</total>
				<timestamp>4089.756751</timestamp>
			</report>
			<report>
				<misses>77400000</misses>
				<total>2</total>
				<timestamp>4095.070121</timestamp>
			</report>
			<report>
				<misses>77500000</misses>
				<total>2</total>
				<timestamp>4100.376119</timestamp>
			</report>
			<report>
				<misses>77600000</misses>
				<total>1</total>
				<timestamp>4105.745126</timestamp>
			</report>
			<report>
				<misses>77700000</misses>
				<total>1</total>
				<timestamp>4111.080085</timestamp>
			</report>
			<report>
				<misses>77800000</misses>
				<total>2</total>
				<timestamp>4116.435544</timestamp>
			</report>
			<report>
				<misses>77900000</misses>
				<total>1</total>
				<timestamp>4121.768748</timestamp>
			</report>
			<report>
				<misses>78000000</misses>
				<total>2</total>
				<timestamp>4127.037177</timestamp>
			</report>
			<report>
				<misses>78100000</misses>
				<total>3</total>
				<timestamp>4132.258470</timestamp>
			</report>
			<report>
				<misses>78200000</misses>
				<total>2</total>
				<timestamp>4137.509654</timestamp>
			</report>
			<report>
				<misses>78300000</misses>
				<total>1</total>
				<timestamp>4142.789147</timestamp>
			</report>
			<report>
				<misses>78400000</misses>
				<total>2</total>
				<timestamp>4148.075827</timestamp>
			</report>
			<report>
				<misses>78500000</misses>
				<total>1</total>
				<timestamp>4153.382888</timestamp>
			</report>
			<report>
				<misses>78600000</misses>
				<total>2</total>
				<timestamp>4158.691631</timestamp>
			</report>
			<report>
				<misses>78700000</misses>
				<total>1</total>
				<timestamp>4163.977591</timestamp>
			</report>
			<report>
				<misses>78800000</misses>
				<total>2</total>
				<timestamp>4169.299594</timestamp>
			</report>
			<report>
				<misses>78900000</misses>
				<total>2</total>
				<timestamp>4174.519528</timestamp>
			</report>
			<report>
				<misses>79000000</misses>
				<total>1</total>
				<timestamp>4179.809101</timestamp>
			</report>
			<report>
				<misses>79100000</misses>
				<total>1</total>
				<timestamp>4185.107164</timestamp>
			</report>
			<report>
				<misses>79200000</misses>
				<total>2</total>
				<timestamp>4190.399880</timestamp>
			</report>
			<report>
				<misses>79300000</misses>
				<total>2</total>
				<timestamp>4195.590146</timestamp>
			</report>
			<report>
				<misses>79400000</misses>
				<total>1</total>
				<timestamp>4200.885525</timestamp>
			</report>
			<report>
				<misses>79500000</misses>
				<total>2</total>
				<timestamp>4206.140311</timestamp>
			</report>
			<report>
				<misses>79600000</misses>
				<total>2</total>
				<timestamp>4211.357216</timestamp>
			</report>
			<report>
				<misses>79700000</misses>
				<total>2</total>
				<timestamp>4216.560277</timestamp>
			</report>
			<report>
				<misses>79800000</misses>
				<total>2</total>
				<timestamp>4221.775671</timestamp>
			</report>
			<report>
				<misses>79900000</misses>
				<total>1</total>
				<timestamp>4227.056522</timestamp>
			</report>
			<report>
				<misses>80000000</misses>
				<total>2</total>
				<timestamp>4232.317973</timestamp>
			</report>
			<report>
				<misses>80100000</misses>
				<total>2</total>
				<timestamp>4237.537501</timestamp>
			</report>
			<report>
				<misses>80200000</misses>
				<total>1</total>
				<timestamp>4242.783671</timestamp>
			</report>
			<report>
				<misses>80300000</misses>
				<total>1</total>
				<timestamp>4248.015186</timestamp>
			</report>
			<report>
				<misses>80400000</misses>
				<total>1</total>
				<timestamp>4253.272746</timestamp>
			</report>
			<report>
				<misses>80500000</misses>
				<total>1</total>
				<timestamp>4258.517167</timestamp>
			</report>
			<report>
				<misses>80600000</misses>
				<total>2</total>
				<timestamp>4263.803482</timestamp>
			</report>
			<report>
				<misses>80700000</misses>
				<total>1</total>
				<timestamp>4269.051178</timestamp>
			</report>
			<report>
				<misses>80800000</misses>
				<total>1</total>
				<timestamp>4274.343091</timestamp>
			</report>
			<report>
				<misses>80900000</misses>
				<total>1</total>
				<timestamp>4279.691342</timestamp>
			</report>
			<report>
				<misses>81000000</misses>
				<total>2</total>
				<timestamp>4285.024585</timestamp>
			</report>
			<report>
				<misses>81100000</misses>
				<total>2</total>
				<timestamp>4290.268801</timestamp>
			</report>
			<report>
				<misses>81200000</misses>
				<total>1</total>
				<timestamp>4295.533086</timestamp>
			</report>
			<report>
				<misses>81300000</misses>
				<total>0</total>
				<timestamp>4300.821714</timestamp>
			</report>
			<report>
				<misses>81400000</misses>
				<total>2</total>
				<timestamp>4306.082827</timestamp>
			</report>
			<report>
				<misses>81500000</misses>
				<total>2</total>
				<timestamp>4311.404703</timestamp>
			</report>
			<report>
				<misses>81600000</misses>
				<total>1</total>
				<timestamp>4316.752214</timestamp>
			</report>
			<report>
				<misses>81700000</misses>
				<total>1</total>
				<timestamp>4322.089325</timestamp>
			</report>
			<report>
				<misses>81800000</misses>
				<total>1</total>
				<timestamp>4327.414340</timestamp>
			</report>
			<report>
				<misses>81900000</misses>
				<total>1</total>
				<timestamp>4332.753984</timestamp>
			</report>
			<report>
				<misses>82000000</misses>
				<total>1</total>
				<timestamp>4338.042108</timestamp>
			</report>
			<report>
				<misses>82100000</misses>
				<total>1</total>
				<timestamp>4343.366436</timestamp>
			</report>
			<report>
				<misses>82200000</misses>
				<total>1</total>
				<timestamp>4348.728044</timestamp>
			</report>
			<report>
				<misses>82300000</misses>
				<total>1</total>
				<timestamp>4354.068052</timestamp>
			</report>
			<report>
				<misses>82400000</misses>
				<total>2</total>
				<timestamp>4359.355719</timestamp>
			</report>
			<report>
				<misses>82500000</misses>
				<total>0</total>
				<timestamp>4364.615878</timestamp>
			</report>
			<report>
				<misses>82600000</misses>
				<total>1</total>
				<timestamp>4369.843137</timestamp>
			</report>
			<report>
				<misses>82700000</misses>
				<total>2</total>
				<timestamp>4375.038910</timestamp>
			</report>
			<report>
				<misses>82800000</misses>
				<total>0</total>
				<timestamp>4380.209204</timestamp>
			</report>
			<report>
				<misses>82900000</misses>
				<total>1</total>
				<timestamp>4385.458836</timestamp>
			</report>
			<report>
				<misses>83000000</misses>
				<total>1</total>
				<timestamp>4390.617221</timestamp>
			</report>
			<report>
				<misses>83100000</misses>
				<total>2</total>
				<timestamp>4395.784434</timestamp>
			</report>
			<report>
				<misses>83200000</misses>
				<total>2</total>
				<timestamp>4400.926636</timestamp>
			</report>
			<report>
				<misses>83300000</misses>
				<total>1</total>
				<timestamp>4406.115957</timestamp>
			</report>
			<report>
				<misses>83400000</misses>
				<total>2</total>
				<timestamp>4411.336423</timestamp>
			</report>
			<report>
				<misses>83500000</misses>
				<total>2</total>
				<timestamp>4416.535003</timestamp>
			</report>
			<report>
				<misses>83600000</misses>
				<total>2</total>
				<timestamp>4421.812928</timestamp>
			</report>
			<report>
				<misses>83700000</misses>
				<total>1</total>
				<timestamp>4427.160958</timestamp>
			</report>
			<report>
				<misses>83800000</misses>
				<total>2</total>
				<timestamp>4432.562374</timestamp>
			</report>
			<report>
				<misses>83900000</misses>
				<total>1</total>
				<timestamp>4437.977570</timestamp>
			</report>
			<report>
				<misses>84000000</misses>
				<total>2</total>
				<timestamp>4443.423320</timestamp>
			</report>
			<report>
				<misses>84100000</misses>
				<total>1</total>
				<timestamp>4448.765153</timestamp>
			</report>
			<report>
				<misses>84200000</misses>
				<total>1</total>
				<timestamp>4454.146527</timestamp>
			</report>
			<report>
				<misses>84300000</misses>
				<total>1</total>
				<timestamp>4459.540082</timestamp>
			</report>
			<report>
				<misses>84400000</misses>
				<total>2</total>
				<timestamp>4464.904846</timestamp>
			</report>
			<report>
				<misses>84500000</misses>
				<total>2</total>
				<timestamp>4470.226511</timestamp>
			</report>
			<report>
				<misses>84600000</misses>
				<total>1</total>
				<timestamp>4475.534358</timestamp>
			</report>
			<report>
				<misses>84700000</misses>
				<total>1</total>
				<timestamp>4480.890032</timestamp>
			</report>
			<report>
				<misses>84800000</misses>
				<total>1</total>
				<timestamp>4486.214080</timestamp>
			</report>
			<report>
				<misses>84900000</misses>
				<total>1</total>
				<timestamp>4491.430403</timestamp>
			</report>
			<report>
				<misses>85000000</misses>
				<total>2</total>
				<timestamp>4496.719191</timestamp>
			</report>
			<report>
				<misses>85100000</misses>
				<total>1</total>
				<timestamp>4501.936242</timestamp>
			</report>
			<report>
				<misses>85200000</misses>
				<total>0</total>
				<timestamp>4507.199759</timestamp>
			</report>
			<report>
				<misses>85300000</misses>
				<total>2</total>
				<timestamp>4512.477623</timestamp>
			</report>
			<report>
				<misses>85400000</misses>
				<total>2</total>
				<timestamp>4517.705640</timestamp>
			</report>
			<report>
				<misses>85500000</misses>
				<total>2</total>
				<timestamp>4522.956597</timestamp>
			</report>
			<report>
				<misses>85600000</misses>
				<total>2</total>
				<timestamp>4528.234024</timestamp>
			</report>
			<report>
				<misses>85700000</misses>
				<total>1</total>
				<timestamp>4533.481330</timestamp>
			</report>
			<report>
				<misses>85800000</misses>
				<total>1</total>
				<timestamp>4538.707336</timestamp>
			</report>
			<report>
				<misses>85900000</misses>
				<total>1</total>
				<timestamp>4543.966823</timestamp>
			</report>
			<report>
				<misses>86000000</misses>
				<total>1</total>
				<timestamp>4549.277615</timestamp>
			</report>
			<report>
				<misses>86100000</misses>
				<total>1</total>
				<timestamp>4554.528970</timestamp>
			</report>
			<report>
				<misses>86200000</misses>
				<total>1</total>
				<timestamp>4559.782857</timestamp>
			</report>
			<report>
				<misses>86300000</misses>
				<total>2</total>
				<timestamp>4564.901849</timestamp>
			</report>
			<report>
				<misses>86400000</misses>
				<total>1</total>
				<timestamp>4570.165099</timestamp>
			</report>
			<report>
				<misses>86500000</misses>
				<total>1</total>
				<timestamp>4575.460000</timestamp>
			</report>
			<report>
				<misses>86600000</misses>
				<total>2</total>
				<timestamp>4580.709243</timestamp>
			</report>
			<report>
				<misses>86700000</misses>
				<total>2</total>
				<timestamp>4585.991355</timestamp>
			</report>
			<report>
				<misses>86800000</misses>
				<total>1</total>
				<timestamp>4591.262245</timestamp>
			</report>
			<report>
				<misses>86900000</misses>
				<total>1</total>
				<timestamp>4596.538102</timestamp>
			</report>
			<report>
				<misses>87000000</misses>
				<total>1</total>
				<timestamp>4601.783513</timestamp>
			</report>
			<report>
				<misses>87100000</misses>
				<total>1</total>
				<timestamp>4607.045107</timestamp>
			</report>
			<report>
				<misses>87200000</misses>
				<total>2</total>
				<timestamp>4612.315461</timestamp>
			</report>
			<report>
				<misses>87300000</misses>
				<total>1</total>
				<timestamp>4617.594837</timestamp>
			</report>
			<report>
				<misses>87400000</misses>
				<total>2</total>
				<timestamp>4622.843281</timestamp>
			</report>
			<report>
				<misses>87500000</misses>
				<total>1</total>
				<timestamp>4628.040916</timestamp>
			</report>
			<report>
				<misses>87600000</misses>
				<total>1</total>
				<timestamp>4633.269648</timestamp>
			</report>
			<report>
				<misses>87700000</misses>
				<total>2</total>
				<timestamp>4638.509168</timestamp>
			</report>
			<report>
				<misses>87800000</misses>
				<total>2</total>
				<timestamp>4643.735832</timestamp>
			</report>
			<report>
				<misses>87900000</misses>
				<total>1</total>
				<timestamp>4648.962866</timestamp>
			</report>
			<report>
				<misses>88000000</misses>
				<total>1</total>
				<timestamp>4654.137439</timestamp>
			</report>
			<report>
				<misses>88100000</misses>
				<total>2</total>
				<timestamp>4659.342564</timestamp>
			</report>
			<report>
				<misses>88200000</misses>
				<total>1</total>
				<timestamp>4664.601904</timestamp>
			</report>
			<report>
				<misses>88300000</misses>
				<total>1</total>
				<timestamp>4669.825687</timestamp>
			</report>
			<report>
				<misses>88400000</misses>
				<total>2</total>
				<timestamp>4675.032881</timestamp>
			</report>
			<report>
				<misses>88500000</misses>
				<total>3</total>
				<timestamp>4680.332498</timestamp>
			</report>
			<report>
				<misses>88600000</misses>
				<total>1</total>
				<timestamp>4685.664787</timestamp>
			</report>
			<report>
				<misses>88700000</misses>
				<total>1</total>
				<timestamp>4690.992675</timestamp>
			</report>
			<report>
				<misses>88800000</misses>
				<total>1</total>
				<timestamp>4696.225976</timestamp>
			</report>
			<report>
				<misses>88900000</misses>
				<total>1</total>
				<timestamp>4701.545922</timestamp>
			</report>
			<report>
				<misses>89000000</misses>
				<total>2</total>
				<timestamp>4706.822006</timestamp>
			</report>
			<report>
				<misses>89100000</misses>
				<total>0</total>
				<timestamp>4712.075161</timestamp>
			</report>
			<report>
				<misses>89200000</misses>
				<total>2</total>
				<timestamp>4717.280467</timestamp>
			</report>
			<report>
				<misses>89300000</misses>
				<total>1</total>
				<timestamp>4722.494365</timestamp>
			</report>
			<report>
				<misses>89400000</misses>
				<total>2</total>
				<timestamp>4727.806497</timestamp>
			</report>
			<report>
				<misses>89500000</misses>
				<total>1</total>
				<timestamp>4733.078242</timestamp>
			</report>
			<report>
				<misses>89600000</misses>
				<total>2</total>
				<timestamp>4738.348806</timestamp>
			</report>
			<report>
				<misses>89700000</misses>
				<total>2</total>
				<timestamp>4743.621023</timestamp>
			</report>
			<report>
				<misses>89800000</misses>
				<total>1</total>
				<timestamp>4748.861846</timestamp>
			</report>
			<report>
				<misses>89900000</misses>
				<total>1</total>
				<timestamp>4754.132067</timestamp>
			</report>
			<report>
				<misses>90000000</misses>
				<total>1</total>
				<timestamp>4759.460569</timestamp>
			</report>
			<report>
				<misses>90100000</misses>
				<total>1</total>
				<timestamp>4764.791996</timestamp>
			</report>
			<report>
				<misses>90200000</misses>
				<total>2</total>
				<timestamp>4770.081832</timestamp>
			</report>
			<report>
				<misses>90300000</misses>
				<total>1</total>
				<timestamp>4775.356228</timestamp>
			</report>
			<report>
				<misses>90400000</misses>
				<total>0</total>
				<timestamp>4780.683548</timestamp>
			</report>
			<report>
				<misses>90500000</misses>
				<total>2</total>
				<timestamp>4785.976941</timestamp>
			</report>
			<report>
				<misses>90600000</misses>
				<total>0</total>
				<timestamp>4791.233861</timestamp>
			</report>
			<report>
				<misses>90700000</misses>
				<total>1</total>
				<timestamp>4796.545036</timestamp>
			</report>
			<report>
				<misses>90800000</misses>
				<total>2</total>
				<timestamp>4801.939938</timestamp>
			</report>
			<report>
				<misses>90900000</misses>
				<total>3</total>
				<timestamp>4807.212128</timestamp>
			</report>
			<report>
				<misses>91000000</misses>
				<total>2</total>
				<timestamp>4812.590277</timestamp>
			</report>
			<report>
				<misses>91100000</misses>
				<total>2</total>
				<timestamp>4817.921923</timestamp>
			</report>
			<report>
				<misses>91200000</misses>
				<total>1</total>
				<timestamp>4823.320927</timestamp>
			</report>
			<report>
				<misses>91300000</misses>
				<total>2</total>
				<timestamp>4828.741351</timestamp>
			</report>
			<report>
				<misses>91400000</misses>
				<total>1</total>
				<timestamp>4834.177773</timestamp>
			</report>
			<report>
				<misses>91500000</misses>
				<total>1</total>
				<timestamp>4839.626186</timestamp>
			</report>
			<report>
				<misses>91600000</misses>
				<total>1</total>
				<timestamp>4845.067280</timestamp>
			</report>
			<report>
				<misses>91700000</misses>
				<total>1</total>
				<timestamp>4850.478198</timestamp>
			</report>
			<report>
				<misses>91800000</misses>
				<total>1</total>
				<timestamp>4855.840005</timestamp>
			</report>
			<report>
				<misses>91900000</misses>
				<total>1</total>
				<timestamp>4861.167769</timestamp>
			</report>
			<report>
				<misses>92000000</misses>
				<total>1</total>
				<timestamp>4866.552336</timestamp>
			</report>
			<report>
				<misses>92100000</misses>
				<total>2</total>
				<timestamp>4871.895169</timestamp>
			</report>
			<report>
				<misses>92200000</misses>
				<total>1</total>
				<timestamp>4877.242081</timestamp>
			</report>
			<report>
				<misses>92300000</misses>
				<total>2</total>
				<timestamp>4882.597255</timestamp>
			</report>
			<report>
				<misses>92400000</misses>
				<total>1</total>
				<timestamp>4887.928650</timestamp>
			</report>
			<report>
				<misses>92500000</misses>
				<total>1</total>
				<timestamp>4893.185609</timestamp>
			</report>
			<report>
				<misses>92600000</misses>
				<total>2</total>
				<timestamp>4898.481103</timestamp>
			</report>
			<report>
				<misses>92700000</misses>
				<total>2</total>
				<timestamp>4903.744757</timestamp>
			</report>
			<report>
				<misses>92800000</misses>
				<total>1</total>
				<timestamp>4908.971155</timestamp>
			</report>
			<report>
				<misses>92900000</misses>
				<total>2</total>
				<timestamp>4914.208444</timestamp>
			</report>
			<report>
				<misses>93000000</misses>
				<total>2</total>
				<timestamp>4919.485565</timestamp>
			</report>
			<report>
				<misses>93100000</misses>
				<total>1</total>
				<timestamp>4924.727954</timestamp>
			</report>
			<report>
				<misses>93200000</misses>
				<total>1</total>
				<timestamp>4929.993440</timestamp>
			</report>
			<report>
				<misses>93300000</misses>
				<total>2</total>
				<timestamp>4935.260994</timestamp>
			</report>
			<report>
				<misses>93400000</misses>
				<total>2</total>
				<timestamp>4940.502394</timestamp>
			</report>
			<report>
				<misses>93500000</misses>
				<total>1</total>
				<timestamp>4945.764711</timestamp>
			</report>
			<report>
				<misses>93600000</misses>
				<total>1</total>
				<timestamp>4950.989332</timestamp>
			</report>
			<report>
				<misses>93700000</misses>
				<total>2</total>
				<timestamp>4956.223136</timestamp>
			</report>
			<report>
				<misses>93800000</misses>
				<total>1</total>
				<timestamp>4961.502029</timestamp>
			</report>
			<report>
				<misses>93900000</misses>
				<total>1</total>
				<timestamp>4966.803882</timestamp>
			</report>
			<report>
				<misses>94000000</misses>
				<total>2</total>
				<timestamp>4972.080991</timestamp>
			</report>
			<report>
				<misses>94100000</misses>
				<total>2</total>
				<timestamp>4977.376596</timestamp>
			</report>
			<report>
				<misses>94200000</misses>
				<total>2</total>
				<timestamp>4982.665074</timestamp>
			</report>
			<report>
				<misses>94300000</misses>
				<total>1</total>
				<timestamp>4987.912993</timestamp>
			</report>
			<report>
				<misses>94400000</misses>
				<total>2</total>
				<timestamp>4993.222915</timestamp>
			</report>
			<report>
				<misses>94500000</misses>
				<total>2</total>
				<timestamp>4998.492353</timestamp>
			</report>
			<report>
				<misses>94600000</misses>
				<total>2</total>
				<timestamp>5003.758723</timestamp>
			</report>
			<report>
				<misses>94700000</misses>
				<total>2</total>
				<timestamp>5009.033222</timestamp>
			</report>
			<report>
				<misses>94800000</misses>
				<total>1</total>
				<timestamp>5014.193496</timestamp>
			</report>
			<report>
				<misses>94900000</misses>
				<total>1</total>
				<timestamp>5019.469541</timestamp>
			</report>
			<report>
				<misses>95000000</misses>
				<total>2</total>
				<timestamp>5024.704782</timestamp>
			</report>
			<report>
				<misses>95100000</misses>
				<total>1</total>
				<timestamp>5029.964658</timestamp>
			</report>
			<report>
				<misses>95200000</misses>
				<total>1</total>
				<timestamp>5035.248190</timestamp>
			</report>
			<report>
				<misses>95300000</misses>
				<total>2</total>
				<timestamp>5040.498110</timestamp>
			</report>
			<report>
				<misses>95400000</misses>
				<total>2</total>
				<timestamp>5045.798683</timestamp>
			</report>
			<report>
				<misses>95500000</misses>
				<total>1</total>
				<timestamp>5051.106400</timestamp>
			</report>
			<report>
				<misses>95600000</misses>
				<total>2</total>
				<timestamp>5056.345636</timestamp>
			</report>
			<report>
				<misses>95700000</misses>
				<total>1</total>
				<timestamp>5061.649138</timestamp>
			</report>
			<report>
				<misses>95800000</misses>
				<total>3</total>
				<timestamp>5066.949538</timestamp>
			</report>
			<report>
				<misses>95900000</misses>
				<total>1</total>
				<timestamp>5072.215951</timestamp>
			</report>
			<report>
				<misses>96000000</misses>
				<total>1</total>
				<timestamp>5077.532313</timestamp>
			</report>
			<report>
				<misses>96100000</misses>
				<total>1</total>
				<timestamp>5082.846441</timestamp>
			</report>
			<report>
				<misses>96200000</misses>
				<total>2</total>
				<timestamp>5088.088008</timestamp>
			</report>
			<report>
				<misses>96300000</misses>
				<total>2</total>
				<timestamp>5093.308495</timestamp>
			</report>
			<report>
				<misses>96400000</misses>
				<total>1</total>
				<timestamp>5098.599670</timestamp>
			</report>
			<report>
				<misses>96500000</misses>
				<total>2</total>
				<timestamp>5103.891838</timestamp>
			</report>
			<report>
				<misses>96600000</misses>
				<total>1</total>
				<timestamp>5109.136713</timestamp>
			</report>
			<report>
				<misses>96700000</misses>
				<total>2</total>
				<timestamp>5114.378882</timestamp>
			</report>
			<report>
				<misses>96800000</misses>
				<total>1</total>
				<timestamp>5119.639566</timestamp>
			</report>
			<report>
				<misses>96900000</misses>
				<total>3</total>
				<timestamp>5124.961119</timestamp>
			</report>
			<report>
				<misses>97000000</misses>
				<total>2</total>
				<timestamp>5130.232301</timestamp>
			</report>
			<report>
				<misses>97100000</misses>
				<total>2</total>
				<timestamp>5135.499400</timestamp>
			</report>
			<report>
				<misses>97200000</misses>
				<total>1</total>
				<timestamp>5140.764037</timestamp>
			</report>
			<report>
				<misses>97300000</misses>
				<total>2</total>
				<timestamp>5145.948916</timestamp>
			</report>
			<report>
				<misses>97400000</misses>
				<total>1</total>
				<timestamp>5151.194634</timestamp>
			</report>
			<report>
				<misses>97500000</misses>
				<total>2</total>
				<timestamp>5156.456450</timestamp>
			</report>
			<report>
				<misses>97600000</misses>
				<total>1</total>
				<timestamp>5161.740446</timestamp>
			</report>
			<report>
				<misses>97700000</misses>
				<total>2</total>
				<timestamp>5166.949151</timestamp>
			</report>
			<report>
				<misses>97800000</misses>
				<total>1</total>
				<timestamp>5172.182414</timestamp>
			</report>
			<report>
				<misses>97900000</misses>
				<total>2</total>
				<timestamp>5177.433881</timestamp>
			</report>
			<report>
				<misses>98000000</misses>
				<total>2</total>
				<timestamp>5182.612498</timestamp>
			</report>
			<report>
				<misses>98100000</misses>
				<total>1</total>
				<timestamp>5187.804837</timestamp>
			</report>
			<report>
				<misses>98200000</misses>
				<total>2</total>
				<timestamp>5193.059560</timestamp>
			</report>
			<report>
				<misses>98300000</misses>
				<total>1</total>
				<timestamp>5198.340885</timestamp>
			</report>
			<report>
				<misses>98400000</misses>
				<total>1</total>
				<timestamp>5203.617504</timestamp>
			</report>
			<report>
				<misses>98500000</misses>
				<total>1</total>
				<timestamp>5208.852368</timestamp>
			</report>
			<report>
				<misses>98600000</misses>
				<total>2</total>
				<timestamp>5214.160230</timestamp>
			</report>
			<report>
				<misses>98700000</misses>
				<total>2</total>
				<timestamp>5219.430772</timestamp>
			</report>
			<report>
				<misses>98800000</misses>
				<total>2</total>
				<timestamp>5224.763467</timestamp>
			</report>
			<report>
				<misses>98900000</misses>
				<total>1</total>
				<timestamp>5230.025346</timestamp>
			</report>
			<report>
				<misses>99000000</misses>
				<total>2</total>
				<timestamp>5235.372082</timestamp>
			</report>
			<report>
				<misses>99100000</misses>
				<total>2</total>
				<timestamp>5240.714139</timestamp>
			</report>
			<report>
				<misses>99200000</misses>
				<total>1</total>
				<timestamp>5246.064004</timestamp>
			</report>
			<report>
				<misses>99300000</misses>
				<total>1</total>
				<timestamp>5251.436004</timestamp>
			</report>
			<report>
				<misses>99400000</misses>
				<total>1</total>
				<timestamp>5256.816321</timestamp>
			</report>
			<report>
				<misses>99500000</misses>
				<total>1</total>
				<timestamp>5262.236106</timestamp>
			</report>
			<report>
				<misses>99600000</misses>
				<total>1</total>
				<timestamp>5267.622419</timestamp>
			</report>
			<report>
				<misses>99700000</misses>
				<total>1</total>
				<timestamp>5273.062094</timestamp>
			</report>
			<report>
				<misses>99800000</misses>
				<total>1</total>
				<timestamp>5278.512622</timestamp>
			</report>
			<report>
				<misses>99900000</misses>
				<total>2</total>
				<timestamp>5283.902781</timestamp>
			</report>
			<report>
				<misses>100000000</misses>
				<total>1</total>
				<timestamp>5289.253458</timestamp>
			</report>
			<report>
				<misses>100100000</misses>
				<total>2</total>
				<timestamp>5294.603435</timestamp>
			</report>
			<report>
				<misses>100200000</misses>
				<total>2</total>
				<timestamp>5299.961275</timestamp>
			</report>
			<report>
				<misses>100300000</misses>
				<total>2</total>
				<timestamp>5305.377076</timestamp>
			</report>
			<report>
				<misses>100400000</misses>
				<total>1</total>
				<timestamp>5310.763893</timestamp>
			</report>
			<report>
				<misses>100500000</misses>
				<total>1</total>
				<timestamp>5316.145526</timestamp>
			</report>
			<report>
				<misses>100600000</misses>
				<total>1</total>
				<timestamp>5321.542420</timestamp>
			</report>
			<report>
				<misses>100700000</misses>
				<total>1</total>
				<timestamp>5326.936488</timestamp>
			</report>
			<report>
				<misses>100800000</misses>
				<total>2</total>
				<timestamp>5332.246815</timestamp>
			</report>
			<report>
				<misses>100900000</misses>
				<total>2</total>
				<timestamp>5337.553317</timestamp>
			</report>
			<report>
				<misses>101000000</misses>
				<total>2</total>
				<timestamp>5342.826921</timestamp>
			</report>
			<report>
				<misses>101100000</misses>
				<total>1</total>
				<timestamp>5348.131278</timestamp>
			</report>
			<report>
				<misses>101200000</misses>
				<total>2</total>
				<timestamp>5353.434302</timestamp>
			</report>
			<report>
				<misses>101300000</misses>
				<total>2</total>
				<timestamp>5358.748724</timestamp>
			</report>
			<report>
				<misses>101400000</misses>
				<total>2</total>
				<timestamp>5364.066063</timestamp>
			</report>
			<report>
				<misses>101500000</misses>
				<total>1</total>
				<timestamp>5369.397090</timestamp>
			</report>
			<report>
				<misses>101600000</misses>
				<total>1</total>
				<timestamp>5374.724657</timestamp>
			</report>
			<report>
				<misses>101700000</misses>
				<total>1</total>
				<timestamp>5379.978915</timestamp>
			</report>
			<report>
				<misses>101800000</misses>
				<total>1</total>
				<timestamp>5385.223789</timestamp>
			</report>
			<report>
				<misses>101900000</misses>
				<total>2</total>
				<timestamp>5390.487578</timestamp>
			</report>
			<report>
				<misses>102000000</misses>
				<total>2</total>
				<timestamp>5395.802163</timestamp>
			</report>
			<report>
				<misses>102100000</misses>
				<total>3</total>
				<timestamp>5401.130522</timestamp>
			</report>
			<report>
				<misses>102200000</misses>
				<total>1</total>
				<timestamp>5406.458686</timestamp>
			</report>
			<report>
				<misses>102300000</misses>
				<total>1</total>
				<timestamp>5411.865859</timestamp>
			</report>
			<report>
				<misses>102400000</misses>
				<total>2</total>
				<timestamp>5417.221005</timestamp>
			</report>
			<report>
				<misses>102500000</misses>
				<total>2</total>
				<timestamp>5422.510616</timestamp>
			</report>
			<report>
				<misses>102600000</misses>
				<total>1</total>
				<timestamp>5427.848111</timestamp>
			</report>
			<report>
				<misses>102700000</misses>
				<total>1</total>
				<timestamp>5433.163348</timestamp>
			</report>
			<report>
				<misses>102800000</misses>
				<total>2</total>
				<timestamp>5438.486062</timestamp>
			</report>
			<report>
				<misses>102900000</misses>
				<total>0</total>
				<timestamp>5443.769735</timestamp>
			</report>
			<report>
				<misses>103000000</misses>
				<total>2</total>
				<timestamp>5448.981593</timestamp>
			</report>
			<report>
				<misses>103100000</misses>
				<total>1</total>
				<timestamp>5454.228856</timestamp>
			</report>
			<report>
				<misses>103200000</misses>
				<total>1</total>
				<timestamp>5459.479219</timestamp>
			</report>
			<report>
				<misses>103300000</misses>
				<total>2</total>
				<timestamp>5464.692360</timestamp>
			</report>
			<report>
				<misses>103400000</misses>
				<total>2</total>
				<timestamp>5469.927298</timestamp>
			</report>
			<report>
				<misses>103500000</misses>
				<total>2</total>
				<timestamp>5475.138766</timestamp>
			</report>
			<report>
				<misses>103600000</misses>
				<total>3</total>
				<timestamp>5480.329646</timestamp>
			</report>
			<report>
				<misses>103700000</misses>
				<total>1</total>
				<timestamp>5485.535922</timestamp>
			</report>
			<report>
				<misses>103800000</misses>
				<total>1</total>
				<timestamp>5490.690180</timestamp>
			</report>
			<report>
				<misses>103900000</misses>
				<total>1</total>
				<timestamp>5495.825860</timestamp>
			</report>
			<report>
				<misses>104000000</misses>
				<total>1</total>
				<timestamp>5500.980727</timestamp>
			</report>
			<report>
				<misses>104100000</misses>
				<total>1</total>
				<timestamp>5506.149095</timestamp>
			</report>
			<report>
				<misses>104200000</misses>
				<total>2</total>
				<timestamp>5511.280219</timestamp>
			</report>
			<report>
				<misses>104300000</misses>
				<total>1</total>
				<timestamp>5516.473762</timestamp>
			</report>
			<report>
				<misses>104400000</misses>
				<total>1</total>
				<timestamp>5521.677195</timestamp>
			</report>
			<report>
				<misses>104500000</misses>
				<total>1</total>
				<timestamp>5526.861400</timestamp>
			</report>
			<report>
				<misses>104600000</misses>
				<total>2</total>
				<timestamp>5532.054197</timestamp>
			</report>
			<report>
				<misses>104700000</misses>
				<total>1</total>
				<timestamp>5537.336532</timestamp>
			</report>
			<report>
				<misses>104800000</misses>
				<total>1</total>
				<timestamp>5542.656657</timestamp>
			</report>
			<report>
				<misses>104900000</misses>
				<total>1</total>
				<timestamp>5547.997883</timestamp>
			</report>
			<report>
				<misses>105000000</misses>
				<total>1</total>
				<timestamp>5553.307429</timestamp>
			</report>
			<report>
				<misses>105100000</misses>
				<total>1</total>
				<timestamp>5558.568903</timestamp>
			</report>
			<report>
				<misses>105200000</misses>
				<total>2</total>
				<timestamp>5563.854779</timestamp>
			</report>
			<report>
				<misses>105300000</misses>
				<total>2</total>
				<timestamp>5569.096308</timestamp>
			</report>
			<report>
				<misses>105400000</misses>
				<total>2</total>
				<timestamp>5574.372616</timestamp>
			</report>
			<report>
				<misses>105500000</misses>
				<total>1</total>
				<timestamp>5579.684432</timestamp>
			</report>
			<report>
				<misses>105600000</misses>
				<total>2</total>
				<timestamp>5585.034113</timestamp>
			</report>
			<report>
				<misses>105700000</misses>
				<total>2</total>
				<timestamp>5590.285407</timestamp>
			</report>
			<report>
				<misses>105800000</misses>
				<total>2</total>
				<timestamp>5595.496593</timestamp>
			</report>
			<report>
				<misses>105900000</misses>
				<total>1</total>
				<timestamp>5600.735887</timestamp>
			</report>
			<report>
				<misses>106000000</misses>
				<total>2</total>
				<timestamp>5606.081927</timestamp>
			</report>
			<report>
				<misses>106100000</misses>
				<total>1</total>
				<timestamp>5611.389880</timestamp>
			</report>
			<report>
				<misses>106200000</misses>
				<total>1</total>
				<timestamp>5616.685543</timestamp>
			</report>
			<report>
				<misses>106300000</misses>
				<total>1</total>
				<timestamp>5621.956066</timestamp>
			</report>
			<report>
				<misses>106400000</misses>
				<total>1</total>
				<timestamp>5627.254361</timestamp>
			</report>
			<report>
				<misses>106500000</misses>
				<total>1</total>
				<timestamp>5632.544841</timestamp>
			</report>
			<report>
				<misses>106600000</misses>
				<total>2</total>
				<timestamp>5637.822205</timestamp>
			</report>
			<report>
				<misses>106700000</misses>
				<total>1</total>
				<timestamp>5643.141367</timestamp>
			</report>
			<report>
				<misses>106800000</misses>
				<total>1</total>
				<timestamp>5648.453827</timestamp>
			</report>
			<report>
				<misses>106900000</misses>
				<total>2</total>
				<timestamp>5653.831858</timestamp>
			</report>
			<report>
				<misses>107000000</misses>
				<total>2</total>
				<timestamp>5659.195937</timestamp>
			</report>
			<report>
				<misses>107100000</misses>
				<total>0</total>
				<timestamp>5664.509698</timestamp>
			</report>
			<report>
				<misses>107200000</misses>
				<total>1</total>
				<timestamp>5669.814716</timestamp>
			</report>
			<report>
				<misses>107300000</misses>
				<total>3</total>
				<timestamp>5675.069709</timestamp>
			</report>
			<report>
				<misses>107400000</misses>
				<total>3</total>
				<timestamp>5680.282172</timestamp>
			</report>
			<report>
				<misses>107500000</misses>
				<total>1</total>
				<timestamp>5685.512127</timestamp>
			</report>
			<report>
				<misses>107600000</misses>
				<total>2</total>
				<timestamp>5690.719989</timestamp>
			</report>
			<report>
				<misses>107700000</misses>
				<total>1</total>
				<timestamp>5695.981746</timestamp>
			</report>
			<report>
				<misses>107800000</misses>
				<total>2</total>
				<timestamp>5701.155597</timestamp>
			</report>
			<report>
				<misses>107900000</misses>
				<total>2</total>
				<timestamp>5706.330255</timestamp>
			</report>
			<report>
				<misses>108000000</misses>
				<total>2</total>
				<timestamp>5711.539465</timestamp>
			</report>
			<report>
				<misses>108100000</misses>
				<total>2</total>
				<timestamp>5716.725086</timestamp>
			</report>
			<report>
				<misses>108200000</misses>
				<total>1</total>
				<timestamp>5721.957919</timestamp>
			</report>
			<report>
				<misses>108300000</misses>
				<total>2</total>
				<timestamp>5727.120505</timestamp>
			</report>
			<report>
				<misses>108400000</misses>
				<total>2</total>
				<timestamp>5732.254593</timestamp>
			</report>
			<report>
				<misses>108500000</misses>
				<total>1</total>
				<timestamp>5737.424018</timestamp>
			</report>
			<report>
				<misses>108600000</misses>
				<total>2</total>
				<timestamp>5742.619457</timestamp>
			</report>
			<report>
				<misses>108700000</misses>
				<total>2</total>
				<timestamp>5747.763057</timestamp>
			</report>
			<report>
				<misses>108800000</misses>
				<total>1</total>
				<timestamp>5752.964483</timestamp>
			</report>
			<report>
				<misses>108900000</misses>
				<total>2</total>
				<timestamp>5758.216664</timestamp>
			</report>
			<report>
				<misses>109000000</misses>
				<total>2</total>
				<timestamp>5763.457443</timestamp>
			</report>
			<report>
				<misses>109100000</misses>
				<total>1</total>
				<timestamp>5768.755080</timestamp>
			</report>
			<report>
				<misses>109200000</misses>
				<total>1</total>
				<timestamp>5774.028096</timestamp>
			</report>
			<report>
				<misses>109300000</misses>
				<total>1</total>
				<timestamp>5779.370176</timestamp>
			</report>
			<report>
				<misses>109400000</misses>
				<total>1</total>
				<timestamp>5784.675492</timestamp>
			</report>
			<report>
				<misses>109500000</misses>
				<total>2</total>
				<timestamp>5789.972641</timestamp>
			</report>
			<report>
				<misses>109600000</misses>
				<total>1</total>
				<timestamp>5795.311496</timestamp>
			</report>
			<report>
				<misses>109700000</misses>
				<total>1</total>
				<timestamp>5800.664282</timestamp>
			</report>
			<report>
				<misses>109800000</misses>
				<total>1</total>
				<timestamp>5805.956989</timestamp>
			</report>
			<report>
				<misses>109900000</misses>
				<total>1</total>
				<timestamp>5811.204588</timestamp>
			</report>
			<report>
				<misses>110000000</misses>
				<total>2</total>
				<timestamp>5816.445276</timestamp>
			</report>
			<report>
				<misses>110100000</misses>
				<total>2</total>
				<timestamp>5821.663889</timestamp>
			</report>
			<report>
				<misses>110200000</misses>
				<total>0</total>
				<timestamp>5826.929214</timestamp>
			</report>
			<report>
				<misses>110300000</misses>
				<total>2</total>
				<timestamp>5832.236258</timestamp>
			</report>
			<report>
				<misses>110400000</misses>
				<total>0</total>
				<timestamp>5837.583898</timestamp>
			</report>
			<report>
				<misses>110500000</misses>
				<total>2</total>
				<timestamp>5842.879110</timestamp>
			</report>
			<report>
				<misses>110600000</misses>
				<total>2</total>
				<timestamp>5848.193579</timestamp>
			</report>
			<report>
				<misses>110700000</misses>
				<total>1</total>
				<timestamp>5853.502796</timestamp>
			</report>
			<report>
				<misses>110800000</misses>
				<total>2</total>
				<timestamp>5858.779299</timestamp>
			</report>
			<report>
				<misses>110900000</misses>
				<total>1</total>
				<timestamp>5864.060617</timestamp>
			</report>
			<report>
				<misses>111000000</misses>
				<total>1</total>
				<timestamp>5869.317504</timestamp>
			</report>
			<report>
				<misses>111100000</misses>
				<total>1</total>
				<timestamp>5874.589595</timestamp>
			</report>
			<report>
				<misses>111200000</misses>
				<total>1</total>
				<timestamp>5879.891546</timestamp>
			</report>
			<report>
				<misses>111300000</misses>
				<total>2</total>
				<timestamp>5885.093420</timestamp>
			</report>
			<report>
				<misses>111400000</misses>
				<total>1</total>
				<timestamp>5890.358210</timestamp>
			</report>
			<report>
				<misses>111500000</misses>
				<total>1</total>
				<timestamp>5895.656423</timestamp>
			</report>
			<report>
				<misses>111600000</misses>
				<total>1</total>
				<timestamp>5901.000681</timestamp>
			</report>
			<report>
				<misses>111700000</misses>
				<total>1</total>
				<timestamp>5906.320532</timestamp>
			</report>
			<report>
				<misses>111800000</misses>
				<total>1</total>
				<timestamp>5911.588660</timestamp>
			</report>
			<report>
				<misses>111900000</misses>
				<total>1</total>
				<timestamp>5916.841027</timestamp>
			</report>
			<report>
				<misses>112000000</misses>
				<total>1</total>
				<timestamp>5922.089574</timestamp>
			</report>
			<report>
				<misses>112100000</misses>
				<total>1</total>
				<timestamp>5927.327365</timestamp>
			</report>
			<report>
				<misses>112200000</misses>
				<total>2</total>
				<timestamp>5932.548160</timestamp>
			</report>
			<report>
				<misses>112300000</misses>
				<total>1</total>
				<timestamp>5937.836548</timestamp>
			</report>
			<report>
				<misses>112400000</misses>
				<total>2</total>
				<timestamp>5943.056029</timestamp>
			</report>
			<report>
				<misses>112500000</misses>
				<total>1</total>
				<timestamp>5948.250883</timestamp>
			</report>
			<report>
				<misses>112600000</misses>
				<total>2</total>
				<timestamp>5953.476278</timestamp>
			</report>
			<report>
				<misses>112700000</misses>
				<total>3</total>
				<timestamp>5958.747035</timestamp>
			</report>
			<report>
				<misses>112800000</misses>
				<total>1</total>
				<timestamp>5963.978225</timestamp>
			</report>
			<report>
				<misses>112900000</misses>
				<total>1</total>
				<timestamp>5969.182746</timestamp>
			</report>
			<report>
				<misses>113000000</misses>
				<total>1</total>
				<timestamp>5974.494888</timestamp>
			</report>
			<report>
				<misses>113100000</misses>
				<total>1</total>
				<timestamp>5979.789830</timestamp>
			</report>
			<report>
				<misses>113200000</misses>
				<total>2</total>
				<timestamp>5985.106814</timestamp>
			</report>
			<report>
				<misses>113300000</misses>
				<total>1</total>
				<timestamp>5990.475026</timestamp>
			</report>
			<report>
				<misses>113400000</misses>
				<total>3</total>
				<timestamp>5995.841750</timestamp>
			</report>
			<report>
				<misses>113500000</misses>
				<total>2</total>
				<timestamp>6001.204632</timestamp>
			</report>
			<report>
				<misses>113600000</misses>
				<total>2</total>
				<timestamp>6006.551413</timestamp>
			</report>
			<report>
				<misses>113700000</misses>
				<total>2</total>
				<timestamp>6011.934642</timestamp>
			</report>
			<report>
				<misses>113800000</misses>
				<total>2</total>
				<timestamp>6017.247346</timestamp>
			</report>
			<report>
				<misses>113900000</misses>
				<total>1</total>
				<timestamp>6022.587287</timestamp>
			</report>
			<report>
				<misses>114000000</misses>
				<total>1</total>
				<timestamp>6027.937274</timestamp>
			</report>
			<report>
				<misses>114100000</misses>
				<total>2</total>
				<timestamp>6033.288161</timestamp>
			</report>
			<report>
				<misses>114200000</misses>
				<total>2</total>
				<timestamp>6038.675492</timestamp>
			</report>
			<report>
				<misses>114300000</misses>
				<total>0</total>
				<timestamp>6044.050257</timestamp>
			</report>
			<report>
				<misses>114400000</misses>
				<total>2</total>
				<timestamp>6049.406667</timestamp>
			</report>
			<report>
				<misses>114500000</misses>
				<total>2</total>
				<timestamp>6054.716096</timestamp>
			</report>
			<report>
				<misses>114600000</misses>
				<total>1</total>
				<timestamp>6060.101628</timestamp>
			</report>
			<report>
				<misses>114700000</misses>
				<total>1</total>
				<timestamp>6065.456465</timestamp>
			</report>
			<report>
				<misses>114800000</misses>
				<total>2</total>
				<timestamp>6070.751398</timestamp>
			</report>
			<report>
				<misses>114900000</misses>
				<total>0</total>
				<timestamp>6076.039803</timestamp>
			</report>
			<report>
				<misses>115000000</misses>
				<total>1</total>
				<timestamp>6081.235419</timestamp>
			</report>
			<report>
				<misses>115100000</misses>
				<total>1</total>
				<timestamp>6086.422869</timestamp>
			</report>
			<report>
				<misses>115200000</misses>
				<total>1</total>
				<timestamp>6091.543829</timestamp>
			</report>
			<report>
				<misses>115300000</misses>
				<total>1</total>
				<timestamp>6096.628234</timestamp>
			</report>
			<report>
				<misses>115400000</misses>
				<total>2</total>
				<timestamp>6101.769173</timestamp>
			</report>
			<report>
				<misses>115500000</misses>
				<total>1</total>
				<timestamp>6106.963568</timestamp>
			</report>
			<report>
				<misses>115600000</misses>
				<total>1</total>
				<timestamp>6112.167969</timestamp>
			</report>
			<report>
				<misses>115700000</misses>
				<total>1</total>
				<timestamp>6117.345633</timestamp>
			</report>
			<report>
				<misses>115800000</misses>
				<total>2</total>
				<timestamp>6122.518084</timestamp>
			</report>
			<report>
				<misses>115900000</misses>
				<total>2</total>
				<timestamp>6127.717782</timestamp>
			</report>
			<report>
				<misses>116000000</misses>
				<total>1</total>
				<timestamp>6132.986931</timestamp>
			</report>
			<report>
				<misses>116100000</misses>
				<total>1</total>
				<timestamp>6138.287732</timestamp>
			</report>
			<report>
				<misses>116200000</misses>
				<total>2</total>
				<timestamp>6143.566942</timestamp>
			</report>
			<report>
				<misses>116300000</misses>
				<total>1</total>
				<timestamp>6148.759705</timestamp>
			</report>
			<report>
				<misses>116400000</misses>
				<total>1</total>
				<timestamp>6154.039865</timestamp>
			</report>
			<report>
				<misses>116500000</misses>
				<total>2</total>
				<timestamp>6159.263657</timestamp>
			</report>
			<report>
				<misses>116600000</misses>
				<total>2</total>
				<timestamp>6164.455415</timestamp>
			</report>
			<report>
				<misses>116700000</misses>
				<total>1</total>
				<timestamp>6169.649542</timestamp>
			</report>
			<report>
				<misses>116800000</misses>
				<total>1</total>
				<timestamp>6174.854635</timestamp>
			</report>
			<report>
				<misses>116900000</misses>
				<total>1</total>
				<timestamp>6180.049676</timestamp>
			</report>
			<report>
				<misses>117000000</misses>
				<total>2</total>
				<timestamp>6185.250938</timestamp>
			</report>
			<report>
				<misses>117100000</misses>
				<total>1</total>
				<timestamp>6190.468098</timestamp>
			</report>
			<report>
				<misses>117200000</misses>
				<total>1</total>
				<timestamp>6195.809301</timestamp>
			</report>
			<report>
				<misses>117300000</misses>
				<total>1</total>
				<timestamp>6201.121837</timestamp>
			</report>
			<report>
				<misses>117400000</misses>
				<total>1</total>
				<timestamp>6206.402643</timestamp>
			</report>
			<report>
				<misses>117500000</misses>
				<total>1</total>
				<timestamp>6211.657987</timestamp>
			</report>
			<report>
				<misses>117600000</misses>
				<total>1</total>
				<timestamp>6216.974848</timestamp>
			</report>
			<report>
				<misses>117700000</misses>
				<total>1</total>
				<timestamp>6222.259555</timestamp>
			</report>
			<report>
				<misses>117800000</misses>
				<total>2</total>
				<timestamp>6227.538741</timestamp>
			</report>
			<report>
				<misses>117900000</misses>
				<total>2</total>
				<timestamp>6232.756618</timestamp>
			</report>
			<report>
				<misses>118000000</misses>
				<total>2</total>
				<timestamp>6238.093140</timestamp>
			</report>
			<report>
				<misses>118100000</misses>
				<total>2</total>
				<timestamp>6243.395016</timestamp>
			</report>
			<report>
				<misses>118200000</misses>
				<total>2</total>
				<timestamp>6248.669287</timestamp>
			</report>
			<report>
				<misses>118300000</misses>
				<total>1</total>
				<timestamp>6253.936360</timestamp>
			</report>
			<report>
				<misses>118400000</misses>
				<total>2</total>
				<timestamp>6259.256537</timestamp>
			</report>
			<report>
				<misses>118500000</misses>
				<total>1</total>
				<timestamp>6264.538983</timestamp>
			</report>
			<report>
				<misses>118600000</misses>
				<total>2</total>
				<timestamp>6269.799154</timestamp>
			</report>
			<report>
				<misses>118700000</misses>
				<total>2</total>
				<timestamp>6275.016628</timestamp>
			</report>
			<report>
				<misses>118800000</misses>
				<total>1</total>
				<timestamp>6280.295220</timestamp>
			</report>
			<report>
				<misses>118900000</misses>
				<total>2</total>
				<timestamp>6285.516745</timestamp>
			</report>
			<report>
				<misses>119000000</misses>
				<total>1</total>
				<timestamp>6290.763386</timestamp>
			</report>
			<report>
				<misses>119100000</misses>
				<total>1</total>
				<timestamp>6296.053905</timestamp>
			</report>
			<report>
				<misses>119200000</misses>
				<total>1</total>
				<timestamp>6301.277429</timestamp>
			</report>
			<report>
				<misses>119300000</misses>
				<total>2</total>
				<timestamp>6306.617709</timestamp>
			</report>
			<report>
				<misses>119400000</misses>
				<total>1</total>
				<timestamp>6311.889637</timestamp>
			</report>
			<report>
				<misses>119500000</misses>
				<total>1</total>
				<timestamp>6317.126365</timestamp>
			</report>
			<report>
				<misses>119600000</misses>
				<total>1</total>
				<timestamp>6322.378544</timestamp>
			</report>
			<report>
				<misses>119700000</misses>
				<total>2</total>
				<timestamp>6327.588666</timestamp>
			</report>
			<report>
				<misses>119800000</misses>
				<total>1</total>
				<timestamp>6332.749905</timestamp>
			</report>
			<report>
				<misses>119900000</misses>
				<total>2</total>
				<timestamp>6337.972203</timestamp>
			</report>
			<report>
				<misses>120000000</misses>
				<total>1</total>
				<timestamp>6343.183694</timestamp>
			</report>
			<report>
				<misses>120100000</misses>
				<total>2</total>
				<timestamp>6348.323228</timestamp>
			</report>
			<report>
				<misses>120200000</misses>
				<total>1</total>
				<timestamp>6353.417168</timestamp>
			</report>
			<report>
				<misses>120300000</misses>
				<total>1</total>
				<timestamp>6358.660755</timestamp>
			</report>
			<report>
				<misses>120400000</misses>
				<total>2</total>
				<timestamp>6363.881760</timestamp>
			</report>
			<report>
				<misses>120500000</misses>
				<total>2</total>
				<timestamp>6369.107002</timestamp>
			</report>
			<report>
				<misses>120600000</misses>
				<total>2</total>
				<timestamp>6374.299609</timestamp>
			</report>
			<report>
				<misses>120700000</misses>
				<total>1</total>
				<timestamp>6379.542120</timestamp>
			</report>
			<report>
				<misses>120800000</misses>
				<total>1</total>
				<timestamp>6384.792959</timestamp>
			</report>
			<report>
				<misses>120900000</misses>
				<total>2</total>
				<timestamp>6390.113786</timestamp>
			</report>
			<report>
				<misses>121000000</misses>
				<total>1</total>
				<timestamp>6395.363218</timestamp>
			</report>
			<report>
				<misses>121100000</misses>
				<total>2</total>
				<timestamp>6400.673933</timestamp>
			</report>
			<report>
				<misses>121200000</misses>
				<total>2</total>
				<timestamp>6406.029127</timestamp>
			</report>
			<report>
				<misses>121300000</misses>
				<total>2</total>
				<timestamp>6411.299226</timestamp>
			</report>
			<report>
				<misses>121400000</misses>
				<total>1</total>
				<timestamp>6416.624637</timestamp>
			</report>
			<report>
				<misses>121500000</misses>
				<total>1</total>
				<timestamp>6421.951372</timestamp>
			</report>
			<report>
				<misses>121600000</misses>
				<total>1</total>
				<timestamp>6427.215257</timestamp>
			</report>
			<report>
				<misses>121700000</misses>
				<total>1</total>
				<timestamp>6432.541951</timestamp>
			</report>
			<report>
				<misses>121800000</misses>
				<total>2</total>
				<timestamp>6437.912242</timestamp>
			</report>
			<report>
				<misses>121900000</misses>
				<total>1</total>
				<timestamp>6443.289622</timestamp>
			</report>
			<report>
				<misses>122000000</misses>
				<total>1</total>
				<timestamp>6448.603549</timestamp>
			</report>
			<report>
				<misses>122100000</misses>
				<total>1</total>
				<timestamp>6453.850484</timestamp>
			</report>
			<report>
				<misses>122200000</misses>
				<total>1</total>
				<timestamp>6459.085119</timestamp>
			</report>
			<report>
				<misses>122300000</misses>
				<total>3</total>
				<timestamp>6464.264590</timestamp>
			</report>
			<report>
				<misses>122400000</misses>
				<total>2</total>
				<timestamp>6469.431864</timestamp>
			</report>
			<report>
				<misses>122500000</misses>
				<total>3</total>
				<timestamp>6474.677332</timestamp>
			</report>
			<report>
				<misses>122600000</misses>
				<total>2</total>
				<timestamp>6479.860368</timestamp>
			</report>
			<report>
				<misses>122700000</misses>
				<total>1</total>
				<timestamp>6485.058944</timestamp>
			</report>
			<report>
				<misses>122800000</misses>
				<total>2</total>
				<timestamp>6490.290559</timestamp>
			</report>
			<report>
				<misses>122900000</misses>
				<total>2</total>
				<timestamp>6495.539687</timestamp>
			</report>
			<report>
				<misses>123000000</misses>
				<total>2</total>
				<timestamp>6500.843317</timestamp>
			</report>
			<report>
				<misses>123100000</misses>
				<total>2</total>
				<timestamp>6506.172564</timestamp>
			</report>
			<report>
				<misses>123200000</misses>
				<total>3</total>
				<timestamp>6511.502689</timestamp>
			</report>
			<report>
				<misses>123300000</misses>
				<total>2</total>
				<timestamp>6516.833213</timestamp>
			</report>
			<report>
				<misses>123400000</misses>
				<total>1</total>
				<timestamp>6522.155811</timestamp>
			</report>
			<report>
				<misses>123500000</misses>
				<total>2</total>
				<timestamp>6527.427422</timestamp>
			</report>
			<report>
				<misses>123600000</misses>
				<total>1</total>
				<timestamp>6532.778949</timestamp>
			</report>
			<report>
				<misses>123700000</misses>
				<total>2</total>
				<timestamp>6538.128648</timestamp>
			</report>
			<report>
				<misses>123800000</misses>
				<total>0</total>
				<timestamp>6543.557695</timestamp>
			</report>
			<report>
				<misses>123900000</misses>
				<total>0</total>
				<timestamp>6548.934868</timestamp>
			</report>
			<report>
				<misses>124000000</misses>
				<total>1</total>
				<timestamp>6554.289501</timestamp>
			</report>
			<report>
				<misses>124100000</misses>
				<total>1</total>
				<timestamp>6559.593275</timestamp>
			</report>
			<report>
				<misses>124200000</misses>
				<total>1</total>
				<timestamp>6564.841920</timestamp>
			</report>
			<report>
				<misses>124300000</misses>
				<total>1</total>
				<timestamp>6570.097601</timestamp>
			</report>
			<report>
				<misses>124400000</misses>
				<total>1</total>
				<timestamp>6575.372336</timestamp>
			</report>
			<report>
				<misses>124500000</misses>
				<total>1</total>
				<timestamp>6580.686974</timestamp>
			</report>
			<report>
				<misses>124600000</misses>
				<total>1</total>
				<timestamp>6585.912383</timestamp>
			</report>
			<report>
				<misses>124700000</misses>
				<total>1</total>
				<timestamp>6591.087378</timestamp>
			</report>
			<report>
				<misses>124800000</misses>
				<total>2</total>
				<timestamp>6596.396245</timestamp>
			</report>
			<report>
				<misses>124900000</misses>
				<total>1</total>
				<timestamp>6601.676733</timestamp>
			</report>
			<report>
				<misses>125000000</misses>
				<total>1</total>
				<timestamp>6606.972056</timestamp>
			</report>
			<report>
				<misses>125100000</misses>
				<total>1</total>
				<timestamp>6612.272478</timestamp>
			</report>
			<report>
				<misses>125200000</misses>
				<total>1</total>
				<timestamp>6617.562573</timestamp>
			</report>
			<report>
				<misses>125300000</misses>
				<total>3</total>
				<timestamp>6622.804280</timestamp>
			</report>
			<report>
				<misses>125400000</misses>
				<total>1</total>
				<timestamp>6628.088127</timestamp>
			</report>
			<report>
				<misses>125500000</misses>
				<total>2</total>
				<timestamp>6633.296586</timestamp>
			</report>
			<report>
				<misses>125600000</misses>
				<total>1</total>
				<timestamp>6638.543508</timestamp>
			</report>
			<report>
				<misses>125700000</misses>
				<total>1</total>
				<timestamp>6643.773659</timestamp>
			</report>
			<report>
				<misses>125800000</misses>
				<total>1</total>
				<timestamp>6649.038278</timestamp>
			</report>
			<report>
				<misses>125900000</misses>
				<total>2</total>
				<timestamp>6654.312094</timestamp>
			</report>
			<report>
				<misses>126000000</misses>
				<total>2</total>
				<timestamp>6659.603871</timestamp>
			</report>
			<report>
				<misses>126100000</misses>
				<total>1</total>
				<timestamp>6664.877319</timestamp>
			</report>
			<report>
				<misses>126200000</misses>
				<total>1</total>
				<timestamp>6670.114776</timestamp>
			</report>
			<report>
				<misses>126300000</misses>
				<total>2</total>
				<timestamp>6675.266091</timestamp>
			</report>
			<report>
				<misses>126400000</misses>
				<total>1</total>
				<timestamp>6680.355125</timestamp>
			</report>
			<report>
				<misses>126500000</misses>
				<total>2</total>
				<timestamp>6685.619730</timestamp>
			</report>
			<report>
				<misses>126600000</misses>
				<total>2</total>
				<timestamp>6690.927432</timestamp>
			</report>
			<report>
				<misses>126700000</misses>
				<total>0</total>
				<timestamp>6696.227948</timestamp>
			</report>
			<report>
				<misses>126800000</misses>
				<total>2</total>
				<timestamp>6701.533966</timestamp>
			</report>
			<report>
				<misses>126900000</misses>
				<total>1</total>
				<timestamp>6706.803724</timestamp>
			</report>
			<report>
				<misses>127000000</misses>
				<total>1</total>
				<timestamp>6712.067959</timestamp>
			</report>
			<report>
				<misses>127100000</misses>
				<total>2</total>
				<timestamp>6717.345128</timestamp>
			</report>
			<report>
				<misses>127200000</misses>
				<total>1</total>
				<timestamp>6722.594961</timestamp>
			</report>
			<report>
				<misses>127300000</misses>
				<total>1</total>
				<timestamp>6727.872761</timestamp>
			</report>
			<report>
				<misses>127400000</misses>
				<total>1</total>
				<timestamp>6733.219081</timestamp>
			</report>
			<report>
				<misses>127500000</misses>
				<total>2</total>
				<timestamp>6738.606602</timestamp>
			</report>
			<report>
				<misses>127600000</misses>
				<total>2</total>
				<timestamp>6743.997617</timestamp>
			</report>
			<report>
				<misses>127700000</misses>
				<total>2</total>
				<timestamp>6749.431590</timestamp>
			</report>
			<report>
				<misses>127800000</misses>
				<total>1</total>
				<timestamp>6754.842751</timestamp>
			</report>
			<report>
				<misses>127900000</misses>
				<total>1</total>
				<timestamp>6760.240071</timestamp>
			</report>
			<report>
				<misses>128000000</misses>
				<total>2</total>
				<timestamp>6765.626161</timestamp>
			</report>
			<report>
				<misses>128100000</misses>
				<total>1</total>
				<timestamp>6771.036004</timestamp>
			</report>
			<report>
				<misses>128200000</misses>
				<total>2</total>
				<timestamp>6776.385314</timestamp>
			</report>
			<report>
				<misses>128300000</misses>
				<total>1</total>
				<timestamp>6781.696409</timestamp>
			</report>
			<report>
				<misses>128400000</misses>
				<total>1</total>
				<timestamp>6786.949365</timestamp>
			</report>
			<report>
				<misses>128500000</misses>
				<total>1</total>
				<timestamp>6792.187655</timestamp>
			</report>
			<report>
				<misses>128600000</misses>
				<total>1</total>
				<timestamp>6797.470691</timestamp>
			</report>
			<report>
				<misses>128700000</misses>
				<total>1</total>
				<timestamp>6802.797886</timestamp>
			</report>
			<report>
				<misses>128800000</misses>
				<total>2</total>
				<timestamp>6808.100577</timestamp>
			</report>
			<report>
				<misses>128900000</misses>
				<total>1</total>
				<timestamp>6813.329542</timestamp>
			</report>
			<report>
				<misses>129000000</misses>
				<total>1</total>
				<timestamp>6818.525337</timestamp>
			</report>
			<report>
				<misses>129100000</misses>
				<total>1</total>
				<timestamp>6823.774412</timestamp>
			</report>
			<report>
				<misses>129200000</misses>
				<total>2</total>
				<timestamp>6829.038314</timestamp>
			</report>
			<report>
				<misses>129300000</misses>
				<total>1</total>
				<timestamp>6834.317466</timestamp>
			</report>
			<report>
				<misses>129400000</misses>
				<total>1</total>
				<timestamp>6839.589424</timestamp>
			</report>
			<report>
				<misses>129500000</misses>
				<total>1</total>
				<timestamp>6844.822524</timestamp>
			</report>
			<report>
				<misses>129600000</misses>
				<total>2</total>
				<timestamp>6850.058537</timestamp>
			</report>
			<report>
				<misses>129700000</misses>
				<total>3</total>
				<timestamp>6855.305927</timestamp>
			</report>
			<report>
				<misses>129800000</misses>
				<total>3</total>
				<timestamp>6860.597278</timestamp>
			</report>
			<report>
				<misses>129900000</misses>
				<total>2</total>
				<timestamp>6865.968275</timestamp>
			</report>
			<report>
				<misses>130000000</misses>
				<total>0</total>
				<timestamp>6871.350479</timestamp>
			</report>
			<report>
				<misses>130100000</misses>
				<total>2</total>
				<timestamp>6876.717871</timestamp>
			</report>
			<report>
				<misses>130200000</misses>
				<total>1</total>
				<timestamp>6882.079966</timestamp>
			</report>
			<report>
				<misses>130300000</misses>
				<total>2</total>
				<timestamp>6887.435071</timestamp>
			</report>
			<report>
				<misses>130400000</misses>
				<total>1</total>
				<timestamp>6892.745677</timestamp>
			</report>
			<report>
				<misses>130500000</misses>
				<total>1</total>
				<timestamp>6898.096857</timestamp>
			</report>
			<report>
				<misses>130600000</misses>
				<total>3</total>
				<timestamp>6903.432887</timestamp>
			</report>
			<report>
				<misses>130700000</misses>
				<total>1</total>
				<timestamp>6908.759855</timestamp>
			</report>
			<report>
				<misses>130800000</misses>
				<total>1</total>
				<timestamp>6914.110387</timestamp>
			</report>
			<report>
				<misses>130900000</misses>
				<total>1</total>
				<timestamp>6919.427694</timestamp>
			</report>
			<report>
				<misses>131000000</misses>
				<total>1</total>
				<timestamp>6924.625062</timestamp>
			</report>
			<report>
				<misses>131100000</misses>
				<total>1</total>
				<timestamp>6929.880351</timestamp>
			</report>
			<report>
				<misses>131200000</misses>
				<total>2</total>
				<timestamp>6935.152664</timestamp>
			</report>
			<report>
				<misses>131300000</misses>
				<total>1</total>
				<timestamp>6940.366095</timestamp>
			</report>
			<report>
				<misses>131400000</misses>
				<total>1</total>
				<timestamp>6945.649600</timestamp>
			</report>
			<report>
				<misses>131500000</misses>
				<total>1</total>
				<timestamp>6950.887910</timestamp>
			</report>
			<report>
				<misses>131600000</misses>
				<total>0</total>
				<timestamp>6956.143744</timestamp>
			</report>
			<report>
				<misses>131700000</misses>
				<total>1</total>
				<timestamp>6961.384858</timestamp>
			</report>
			<report>
				<misses>131800000</misses>
				<total>1</total>
				<timestamp>6966.610385</timestamp>
			</report>
			<report>
				<misses>131900000</misses>
				<total>1</total>
				<timestamp>6971.860656</timestamp>
			</report>
			<report>
				<misses>132000000</misses>
				<total>0</total>
				<timestamp>6977.156328</timestamp>
			</report>
			<report>
				<misses>132100000</misses>
				<total>2</total>
				<timestamp>6982.469962</timestamp>
			</report>
			<report>
				<misses>132200000</misses>
				<total>2</total>
				<timestamp>6987.777066</timestamp>
			</report>
			<report>
				<misses>132300000</misses>
				<total>1</total>
				<timestamp>6993.138406</timestamp>
			</report>
			<report>
				<misses>132400000</misses>
				<total>2</total>
				<timestamp>6998.523132</timestamp>
			</report>
			<report>
				<misses>132500000</misses>
				<total>1</total>
				<timestamp>7003.903086</timestamp>
			</report>
			<report>
				<misses>132600000</misses>
				<total>1</total>
				<timestamp>7009.257020</timestamp>
			</report>
			<report>
				<misses>132700000</misses>
				<total>2</total>
				<timestamp>7014.601722</timestamp>
			</report>
			<report>
				<misses>132800000</misses>
				<total>1</total>
				<timestamp>7019.954566</timestamp>
			</report>
			<report>
				<misses>132900000</misses>
				<total>2</total>
				<timestamp>7025.320039</timestamp>
			</report>
			<report>
				<misses>133000000</misses>
				<total>1</total>
				<timestamp>7030.601084</timestamp>
			</report>
			<report>
				<misses>133100000</misses>
				<total>1</total>
				<timestamp>7035.881224</timestamp>
			</report>
			<report>
				<misses>133200000</misses>
				<total>1</total>
				<timestamp>7041.196115</timestamp>
			</report>
			<report>
				<misses>133300000</misses>
				<total>2</total>
				<timestamp>7046.532537</timestamp>
			</report>
			<report>
				<misses>133400000</misses>
				<total>1</total>
				<timestamp>7051.862816</timestamp>
			</report>
			<report>
				<misses>133500000</misses>
				<total>1</total>
				<timestamp>7057.211636</timestamp>
			</report>
			<report>
				<misses>133600000</misses>
				<total>2</total>
				<timestamp>7062.538691</timestamp>
			</report>
			<report>
				<misses>133700000</misses>
				<total>1</total>
				<timestamp>7067.840632</timestamp>
			</report>
			<report>
				<misses>133800000</misses>
				<total>2</total>
				<timestamp>7073.077932</timestamp>
			</report>
			<report>
				<misses>133900000</misses>
				<total>2</total>
				<timestamp>7078.302691</timestamp>
			</report>
			<report>
				<misses>134000000</misses>
				<total>2</total>
				<timestamp>7083.563917</timestamp>
			</report>
			<report>
				<misses>134100000</misses>
				<total>1</total>
				<timestamp>7088.815781</timestamp>
			</report>
			<report>
				<misses>134200000</misses>
				<total>2</total>
				<timestamp>7094.121485</timestamp>
			</report>
			<report>
				<misses>134300000</misses>
				<total>2</total>
				<timestamp>7099.356847</timestamp>
			</report>
			<report>
				<misses>134400000</misses>
				<total>1</total>
				<timestamp>7104.622128</timestamp>
			</report>
			<report>
				<misses>134500000</misses>
				<total>1</total>
				<timestamp>7109.854587</timestamp>
			</report>
			<report>
				<misses>134600000</misses>
				<total>2</total>
				<timestamp>7115.161268</timestamp>
			</report>
			<report>
				<misses>134700000</misses>
				<total>1</total>
				<timestamp>7120.352843</timestamp>
			</report>
			<report>
				<misses>134800000</misses>
				<total>2</total>
				<timestamp>7125.591437</timestamp>
			</report>
			<report>
				<misses>134900000</misses>
				<total>2</total>
				<timestamp>7130.821135</timestamp>
			</report>
			<report>
				<misses>135000000</misses>
				<total>2</total>
				<timestamp>7136.079045</timestamp>
			</report>
			<report>
				<misses>135100000</misses>
				<total>2</total>
				<timestamp>7141.421582</timestamp>
			</report>
			<report>
				<misses>135200000</misses>
				<total>1</total>
				<timestamp>7146.728976</timestamp>
			</report>
			<report>
				<misses>135300000</misses>
				<total>1</total>
				<timestamp>7151.981177</timestamp>
			</report>
			<report>
				<misses>135400000</misses>
				<total>1</total>
				<timestamp>7157.303713</timestamp>
			</report>
			<report>
				<misses>135500000</misses>
				<total>2</total>
				<timestamp>7162.569432</timestamp>
			</report>
			<report>
				<misses>135600000</misses>
				<total>2</total>
				<timestamp>7167.742788</timestamp>
			</report>
			<report>
				<misses>135700000</misses>
				<total>2</total>
				<timestamp>7172.990279</timestamp>
			</report>
			<report>
				<misses>135800000</misses>
				<total>1</total>
				<timestamp>7178.282564</timestamp>
			</report>
			<report>
				<misses>135900000</misses>
				<total>2</total>
				<timestamp>7183.573648</timestamp>
			</report>
			<report>
				<misses>136000000</misses>
				<total>1</total>
				<timestamp>7188.820264</timestamp>
			</report>
			<report>
				<misses>136100000</misses>
				<total>1</total>
				<timestamp>7194.107964</timestamp>
			</report>
			<report>
				<misses>136200000</misses>
				<total>1</total>
				<timestamp>7199.427082</timestamp>
			</report>
		</query>
	</custom>
	<ethtool_statistic>
		<rx_packets>
			<start>124977660</start>
			<end>247990345</end>
		</rx_packets>
		<tx_packets>
			<start>781788663</start>
			<end>1871423619</end>
		</tx_packets>
		<rx_dropped>
			<start>0</start>
			<end>0</end>
		</rx_dropped>
		<tx_dropped>
			<start>0</start>
			<end>0</end>
		</tx_dropped>
		<collisions>
			<start>0</start>
			<end>0</end>
		</collisions>
		<port_tx_errors>
			<start>0</start>
			<end>0</end>
		</port_tx_errors>
		<port_rx_dropped>
			<start>0</start>
			<end>0</end>
		</port_rx_dropped>
		<port_tx_dropped_link_down>
			<start>0</start>
			<end>0</end>
		</port_tx_dropped_link_down>
	</ethtool_statistic>
	<ip_statistic>
		<mtu>
			<start>9000</start>
			<end>9000</end>
		</mtu>
		<rx_bytes>
			<start>1123473887076</start>
			<end>2229341463292</end>
		</rx_bytes>
		<rx_packets>
			<start>124977688</start>
			<end>247990373</end>
		</rx_packets>
		<rx_errors>
			<start>0</start>
			<end>0</end>
		</rx_errors>
		<rx_dropped>
			<start>0</start>
			<end>0</end>
		</rx_dropped>
		<rx_missed>
			<start>0</start>
			<end>0</end>
		</rx_missed>
		<rx_mcast>
			<start>127</start>
			<end>133</end>
		</rx_mcast>
		<tx_bytes>
			<start>6990676197663</start>
			<end>15882082669575</end>
		</tx_bytes>
		<tx_packets>
			<start>781788663</start>
			<end>1871423619</end>
		</tx_packets>
		<tx_errors>
			<start>0</start>
			<end>0</end>
		</tx_errors>
		<tx_dropped>
			<start>0</start>
			<end>0</end>
		</tx_dropped>
		<tx_carrier>
			<start>0</start>
			<end>0</end>
		</tx_carrier>
		<tx_collisions>
			<start>0</start>
			<end>0</end>
		</tx_collisions>
	</ip_statistic>
	<netstat_statistic>
		<udp_pkg_rec>
			<start>206047027</start>
			<end>413682861</end>
		</udp_pkg_rec>
		<udp_pkg_snt>
			<start>884681892</start>
			<end>1121554907</end>
		</udp_pkg_snt>
		<udp_rec_err>
			<start>4750598</start>
			<end>8835512</end>
		</udp_rec_err>
		<udp_rec_buf_err>
			<start>4750598</start>
			<end>8835512</end>
		</udp_rec_buf_err>
		<udp_snt_buf_err>
			<start>0</start>
			<end>0</end>
		</udp_snt_buf_err>
	</netstat_statistic>
</test_results>
