<?xml version="1.0"?>
<test_results>
	<status>STATUS_SUCCESS</status>
	<custom>
		<num_loss>989268</num_loss>
		<num_total>1000001</num_total>
		<num_misses>755</num_misses>
		<elapsed_time>80.060512</elapsed_time>
		<query>
			<report>
				<misses>1000000</misses>
				<total>989268</total>
			</report>
		</query>
	</custom>
	<ethtool_statistic>
		<rx_packets>
			<start>16833126218</start>
			<end>16837083497</end>
		</rx_packets>
		<tx_packets>
			<start>19545907447</start>
			<end>19556281391</end>
		</tx_packets>
		<rx_dropped>
			<start>63</start>
			<end>63</end>
		</rx_dropped>
		<tx_dropped>
			<start>0</start>
			<end>0</end>
		</tx_dropped>
		<collisions>
			<start>0</start>
			<end>0</end>
		</collisions>
		<port_tx_errors>
			<start>0</start>
			<end>0</end>
		</port_tx_errors>
		<port_rx_dropped>
			<start>0</start>
			<end>0</end>
		</port_rx_dropped>
		<port_tx_dropped_link_down>
			<start>0</start>
			<end>0</end>
		</port_tx_dropped_link_down>
	</ethtool_statistic>
	<ip_statistic>
		<mtu>
			<start>9000</start>
			<end>9000</end>
		</mtu>
		<rx_bytes>
			<start>151316741427303</start>
			<end>151352315803035</end>
		</rx_bytes>
		<rx_packets>
			<start>16833126370</start>
			<end>16837083536</end>
		</rx_packets>
		<rx_errors>
			<start>0</start>
			<end>0</end>
		</rx_errors>
		<rx_dropped>
			<start>69</start>
			<end>69</end>
		</rx_dropped>
		<rx_missed>
			<start>0</start>
			<end>0</end>
		</rx_missed>
		<rx_mcast>
			<start>12294</start>
			<end>12294</end>
		</rx_mcast>
		<tx_bytes>
			<start>132174111790904</start>
			<end>132260733261640</end>
		</tx_bytes>
		<tx_packets>
			<start>19545907502</start>
			<end>19556281446</end>
		</tx_packets>
		<tx_errors>
			<start>0</start>
			<end>0</end>
		</tx_errors>
		<tx_dropped>
			<start>0</start>
			<end>0</end>
		</tx_dropped>
		<tx_carrier>
			<start>0</start>
			<end>0</end>
		</tx_carrier>
		<tx_collisions>
			<start>0</start>
			<end>0</end>
		</tx_collisions>
	</ip_statistic>
	<netstat_statistic>
		<udp_pkg_rec>
			<start>16564718400</start>
			<end>16568524618</end>
		</udp_pkg_rec>
		<udp_pkg_snt>
			<start>16588698759</start>
			<end>16592072872</end>
		</udp_pkg_snt>
		<udp_rec_err>
			<start>270406067</start>
			<end>270556871</end>
		</udp_rec_err>
		<udp_rec_buf_err>
			<start>270406067</start>
			<end>270556871</end>
		</udp_rec_buf_err>
		<udp_snt_buf_err>
			<start>28</start>
			<end>28</end>
		</udp_snt_buf_err>
	</netstat_statistic>
</test_results>
