<?xml version="1.0"?>
<test_results>
	<status>STATUS_SUCCESS</status>
	<custom>
		<num_loss>1103262</num_loss>
		<num_total>1111000</num_total>
		<num_misses>179176</num_misses>
		<elapsed_time>78.344107</elapsed_time>
		<query>
			<report>
				<misses>1001</misses>
				<total>1000</total>
				<timestamp>0.064486</timestamp>
			</report>
			<report>
				<misses>2001</misses>
				<total>1999</total>
				<timestamp>0.129282</timestamp>
			</report>
			<report>
				<misses>3001</misses>
				<total>2998</total>
				<timestamp>0.195553</timestamp>
			</report>
			<report>
				<misses>4001</misses>
				<total>3997</total>
				<timestamp>0.259737</timestamp>
			</report>
			<report>
				<misses>5001</misses>
				<total>4996</total>
				<timestamp>0.323978</timestamp>
			</report>
			<report>
				<misses>6001</misses>
				<total>5995</total>
				<timestamp>0.387455</timestamp>
			</report>
			<report>
				<misses>7001</misses>
				<total>6994</total>
				<timestamp>0.451402</timestamp>
			</report>
			<report>
				<misses>8001</misses>
				<total>7993</total>
				<timestamp>0.517448</timestamp>
			</report>
			<report>
				<misses>9001</misses>
				<total>8992</total>
				<timestamp>0.586362</timestamp>
			</report>
			<report>
				<misses>10001</misses>
				<total>9991</total>
				<timestamp>0.650266</timestamp>
			</report>
			<report>
				<misses>11001</misses>
				<total>10990</total>
				<timestamp>0.718269</timestamp>
			</report>
			<report>
				<misses>12001</misses>
				<total>11989</total>
				<timestamp>0.783223</timestamp>
			</report>
			<report>
				<misses>13001</misses>
				<total>12988</total>
				<timestamp>0.846745</timestamp>
			</report>
			<report>
				<misses>14001</misses>
				<total>13987</total>
				<timestamp>0.912995</timestamp>
			</report>
			<report>
				<misses>15001</misses>
				<total>14986</total>
				<timestamp>0.977031</timestamp>
			</report>
			<report>
				<misses>16001</misses>
				<total>15985</total>
				<timestamp>1.046905</timestamp>
			</report>
			<report>
				<misses>17001</misses>
				<total>16984</total>
				<timestamp>1.114405</timestamp>
			</report>
			<report>
				<misses>18001</misses>
				<total>17983</total>
				<timestamp>1.180385</timestamp>
			</report>
			<report>
				<misses>19001</misses>
				<total>18982</total>
				<timestamp>1.248100</timestamp>
			</report>
			<report>
				<misses>20001</misses>
				<total>19981</total>
				<timestamp>1.318716</timestamp>
			</report>
			<report>
				<misses>21001</misses>
				<total>20980</total>
				<timestamp>1.397189</timestamp>
			</report>
			<report>
				<misses>22001</misses>
				<total>21979</total>
				<timestamp>1.469627</timestamp>
			</report>
			<report>
				<misses>23001</misses>
				<total>22978</total>
				<timestamp>1.548364</timestamp>
			</report>
			<report>
				<misses>24001</misses>
				<total>23977</total>
				<timestamp>1.619941</timestamp>
			</report>
			<report>
				<misses>25001</misses>
				<total>24976</total>
				<timestamp>1.690312</timestamp>
			</report>
			<report>
				<misses>26001</misses>
				<total>25975</total>
				<timestamp>1.762491</timestamp>
			</report>
			<report>
				<misses>27001</misses>
				<total>26974</total>
				<timestamp>1.832215</timestamp>
			</report>
			<report>
				<misses>28001</misses>
				<total>27973</total>
				<timestamp>1.900897</timestamp>
			</report>
			<report>
				<misses>29001</misses>
				<total>28972</total>
				<timestamp>1.971331</timestamp>
			</report>
			<report>
				<misses>30001</misses>
				<total>29971</total>
				<timestamp>2.045482</timestamp>
			</report>
			<report>
				<misses>31001</misses>
				<total>30970</total>
				<timestamp>2.113058</timestamp>
			</report>
			<report>
				<misses>32001</misses>
				<total>31969</total>
				<timestamp>2.191357</timestamp>
			</report>
			<report>
				<misses>33001</misses>
				<total>32968</total>
				<timestamp>2.254577</timestamp>
			</report>
			<report>
				<misses>34001</misses>
				<total>33967</total>
				<timestamp>2.322667</timestamp>
			</report>
			<report>
				<misses>35001</misses>
				<total>34966</total>
				<timestamp>2.389032</timestamp>
			</report>
			<report>
				<misses>36001</misses>
				<total>35965</total>
				<timestamp>2.465117</timestamp>
			</report>
			<report>
				<misses>37001</misses>
				<total>36964</total>
				<timestamp>2.529925</timestamp>
			</report>
			<report>
				<misses>38001</misses>
				<total>37963</total>
				<timestamp>2.592073</timestamp>
			</report>
			<report>
				<misses>39001</misses>
				<total>38962</total>
				<timestamp>2.670039</timestamp>
			</report>
			<report>
				<misses>40001</misses>
				<total>39961</total>
				<timestamp>2.749800</timestamp>
			</report>
			<report>
				<misses>41001</misses>
				<total>40960</total>
				<timestamp>2.830346</timestamp>
			</report>
			<report>
				<misses>42001</misses>
				<total>41959</total>
				<timestamp>2.899351</timestamp>
			</report>
			<report>
				<misses>43001</misses>
				<total>42958</total>
				<timestamp>2.972417</timestamp>
			</report>
			<report>
				<misses>44001</misses>
				<total>43957</total>
				<timestamp>3.054482</timestamp>
			</report>
			<report>
				<misses>45001</misses>
				<total>44956</total>
				<timestamp>3.128850</timestamp>
			</report>
			<report>
				<misses>46001</misses>
				<total>45955</total>
				<timestamp>3.207813</timestamp>
			</report>
			<report>
				<misses>47001</misses>
				<total>46954</total>
				<timestamp>3.279014</timestamp>
			</report>
			<report>
				<misses>48001</misses>
				<total>47953</total>
				<timestamp>3.349967</timestamp>
			</report>
			<report>
				<misses>49001</misses>
				<total>48952</total>
				<timestamp>3.425342</timestamp>
			</report>
			<report>
				<misses>50001</misses>
				<total>49951</total>
				<timestamp>3.494750</timestamp>
			</report>
			<report>
				<misses>51001</misses>
				<total>50950</total>
				<timestamp>3.558019</timestamp>
			</report>
			<report>
				<misses>52001</misses>
				<total>51949</total>
				<timestamp>3.621797</timestamp>
			</report>
			<report>
				<misses>53001</misses>
				<total>52948</total>
				<timestamp>3.686771</timestamp>
			</report>
			<report>
				<misses>54001</misses>
				<total>53947</total>
				<timestamp>3.750522</timestamp>
			</report>
			<report>
				<misses>55001</misses>
				<total>54946</total>
				<timestamp>3.814494</timestamp>
			</report>
			<report>
				<misses>56001</misses>
				<total>55945</total>
				<timestamp>3.878305</timestamp>
			</report>
			<report>
				<misses>57001</misses>
				<total>56944</total>
				<timestamp>3.946090</timestamp>
			</report>
			<report>
				<misses>58001</misses>
				<total>57943</total>
				<timestamp>4.022795</timestamp>
			</report>
			<report>
				<misses>59001</misses>
				<total>58942</total>
				<timestamp>4.099699</timestamp>
			</report>
			<report>
				<misses>60001</misses>
				<total>59941</total>
				<timestamp>4.165667</timestamp>
			</report>
			<report>
				<misses>61001</misses>
				<total>60940</total>
				<timestamp>4.229392</timestamp>
			</report>
			<report>
				<misses>62001</misses>
				<total>61939</total>
				<timestamp>4.295070</timestamp>
			</report>
			<report>
				<misses>63001</misses>
				<total>62938</total>
				<timestamp>4.361871</timestamp>
			</report>
			<report>
				<misses>64001</misses>
				<total>63937</total>
				<timestamp>4.425832</timestamp>
			</report>
			<report>
				<misses>65001</misses>
				<total>64936</total>
				<timestamp>4.497944</timestamp>
			</report>
			<report>
				<misses>66001</misses>
				<total>65935</total>
				<timestamp>4.562112</timestamp>
			</report>
			<report>
				<misses>67001</misses>
				<total>66934</total>
				<timestamp>4.626896</timestamp>
			</report>
			<report>
				<misses>68001</misses>
				<total>67933</total>
				<timestamp>4.698273</timestamp>
			</report>
			<report>
				<misses>69001</misses>
				<total>68932</total>
				<timestamp>4.771483</timestamp>
			</report>
			<report>
				<misses>70001</misses>
				<total>69931</total>
				<timestamp>4.840659</timestamp>
			</report>
			<report>
				<misses>71001</misses>
				<total>70930</total>
				<timestamp>4.909501</timestamp>
			</report>
			<report>
				<misses>72001</misses>
				<total>71929</total>
				<timestamp>4.983302</timestamp>
			</report>
			<report>
				<misses>73001</misses>
				<total>72928</total>
				<timestamp>5.061468</timestamp>
			</report>
			<report>
				<misses>74001</misses>
				<total>73927</total>
				<timestamp>5.129316</timestamp>
			</report>
			<report>
				<misses>75001</misses>
				<total>74926</total>
				<timestamp>5.202490</timestamp>
			</report>
			<report>
				<misses>76001</misses>
				<total>75925</total>
				<timestamp>5.283410</timestamp>
			</report>
			<report>
				<misses>77001</misses>
				<total>76924</total>
				<timestamp>5.347845</timestamp>
			</report>
			<report>
				<misses>78001</misses>
				<total>77923</total>
				<timestamp>5.421798</timestamp>
			</report>
			<report>
				<misses>79001</misses>
				<total>78922</total>
				<timestamp>5.485462</timestamp>
			</report>
			<report>
				<misses>80001</misses>
				<total>79921</total>
				<timestamp>5.552682</timestamp>
			</report>
			<report>
				<misses>81001</misses>
				<total>80920</total>
				<timestamp>5.628659</timestamp>
			</report>
			<report>
				<misses>82001</misses>
				<total>81919</total>
				<timestamp>5.695118</timestamp>
			</report>
			<report>
				<misses>83001</misses>
				<total>82918</total>
				<timestamp>5.764373</timestamp>
			</report>
			<report>
				<misses>84001</misses>
				<total>83917</total>
				<timestamp>5.839646</timestamp>
			</report>
			<report>
				<misses>85001</misses>
				<total>84916</total>
				<timestamp>5.919102</timestamp>
			</report>
			<report>
				<misses>86001</misses>
				<total>85915</total>
				<timestamp>5.999040</timestamp>
			</report>
			<report>
				<misses>87001</misses>
				<total>86914</total>
				<timestamp>6.064050</timestamp>
			</report>
			<report>
				<misses>88001</misses>
				<total>87913</total>
				<timestamp>6.141714</timestamp>
			</report>
			<report>
				<misses>89001</misses>
				<total>88912</total>
				<timestamp>6.212568</timestamp>
			</report>
			<report>
				<misses>90001</misses>
				<total>89911</total>
				<timestamp>6.277500</timestamp>
			</report>
			<report>
				<misses>91001</misses>
				<total>90910</total>
				<timestamp>6.343685</timestamp>
			</report>
			<report>
				<misses>92001</misses>
				<total>91909</total>
				<timestamp>6.423287</timestamp>
			</report>
			<report>
				<misses>93001</misses>
				<total>92908</total>
				<timestamp>6.489356</timestamp>
			</report>
			<report>
				<misses>94001</misses>
				<total>93907</total>
				<timestamp>6.561438</timestamp>
			</report>
			<report>
				<misses>95001</misses>
				<total>94906</total>
				<timestamp>6.626645</timestamp>
			</report>
			<report>
				<misses>96001</misses>
				<total>95905</total>
				<timestamp>6.707033</timestamp>
			</report>
			<report>
				<misses>97001</misses>
				<total>96904</total>
				<timestamp>6.775026</timestamp>
			</report>
			<report>
				<misses>98001</misses>
				<total>97903</total>
				<timestamp>6.845487</timestamp>
			</report>
			<report>
				<misses>99001</misses>
				<total>98902</total>
				<timestamp>6.909101</timestamp>
			</report>
			<report>
				<misses>100001</misses>
				<total>99901</total>
				<timestamp>6.983013</timestamp>
			</report>
			<report>
				<misses>101001</misses>
				<total>100900</total>
				<timestamp>7.051561</timestamp>
			</report>
			<report>
				<misses>102001</misses>
				<total>101899</total>
				<timestamp>7.115069</timestamp>
			</report>
			<report>
				<misses>103001</misses>
				<total>102898</total>
				<timestamp>7.177810</timestamp>
			</report>
			<report>
				<misses>104001</misses>
				<total>103897</total>
				<timestamp>7.239795</timestamp>
			</report>
			<report>
				<misses>105001</misses>
				<total>104896</total>
				<timestamp>7.301837</timestamp>
			</report>
			<report>
				<misses>106001</misses>
				<total>105895</total>
				<timestamp>7.378545</timestamp>
			</report>
			<report>
				<misses>107001</misses>
				<total>106894</total>
				<timestamp>7.458581</timestamp>
			</report>
			<report>
				<misses>108001</misses>
				<total>107893</total>
				<timestamp>7.540136</timestamp>
			</report>
			<report>
				<misses>109001</misses>
				<total>108892</total>
				<timestamp>7.611554</timestamp>
			</report>
			<report>
				<misses>110001</misses>
				<total>109891</total>
				<timestamp>7.678319</timestamp>
			</report>
			<report>
				<misses>111001</misses>
				<total>110890</total>
				<timestamp>7.755415</timestamp>
			</report>
			<report>
				<misses>112001</misses>
				<total>111889</total>
				<timestamp>7.820944</timestamp>
			</report>
			<report>
				<misses>113001</misses>
				<total>112888</total>
				<timestamp>7.884896</timestamp>
			</report>
			<report>
				<misses>114001</misses>
				<total>113887</total>
				<timestamp>7.950038</timestamp>
			</report>
			<report>
				<misses>115001</misses>
				<total>114886</total>
				<timestamp>8.015911</timestamp>
			</report>
			<report>
				<misses>116001</misses>
				<total>115885</total>
				<timestamp>8.092672</timestamp>
			</report>
			<report>
				<misses>117001</misses>
				<total>116884</total>
				<timestamp>8.161644</timestamp>
			</report>
			<report>
				<misses>118001</misses>
				<total>117883</total>
				<timestamp>8.236591</timestamp>
			</report>
			<report>
				<misses>119001</misses>
				<total>118882</total>
				<timestamp>8.311078</timestamp>
			</report>
			<report>
				<misses>120001</misses>
				<total>119881</total>
				<timestamp>8.383530</timestamp>
			</report>
			<report>
				<misses>121001</misses>
				<total>120880</total>
				<timestamp>8.450671</timestamp>
			</report>
			<report>
				<misses>122001</misses>
				<total>121879</total>
				<timestamp>8.516615</timestamp>
			</report>
			<report>
				<misses>123001</misses>
				<total>122878</total>
				<timestamp>8.580210</timestamp>
			</report>
			<report>
				<misses>124001</misses>
				<total>123877</total>
				<timestamp>8.644903</timestamp>
			</report>
			<report>
				<misses>125001</misses>
				<total>124876</total>
				<timestamp>8.708334</timestamp>
			</report>
			<report>
				<misses>126001</misses>
				<total>125875</total>
				<timestamp>8.772057</timestamp>
			</report>
			<report>
				<misses>127001</misses>
				<total>126874</total>
				<timestamp>8.852833</timestamp>
			</report>
			<report>
				<misses>128001</misses>
				<total>127873</total>
				<timestamp>8.922912</timestamp>
			</report>
			<report>
				<misses>129001</misses>
				<total>128872</total>
				<timestamp>9.003773</timestamp>
			</report>
			<report>
				<misses>130001</misses>
				<total>129871</total>
				<timestamp>9.072051</timestamp>
			</report>
			<report>
				<misses>131001</misses>
				<total>130870</total>
				<timestamp>9.143296</timestamp>
			</report>
			<report>
				<misses>132001</misses>
				<total>131869</total>
				<timestamp>9.207455</timestamp>
			</report>
			<report>
				<misses>133001</misses>
				<total>132868</total>
				<timestamp>9.278984</timestamp>
			</report>
			<report>
				<misses>134001</misses>
				<total>133867</total>
				<timestamp>9.344614</timestamp>
			</report>
			<report>
				<misses>135001</misses>
				<total>134866</total>
				<timestamp>9.408377</timestamp>
			</report>
			<report>
				<misses>136001</misses>
				<total>135865</total>
				<timestamp>9.473171</timestamp>
			</report>
			<report>
				<misses>137001</misses>
				<total>136864</total>
				<timestamp>9.538107</timestamp>
			</report>
			<report>
				<misses>138001</misses>
				<total>137863</total>
				<timestamp>9.615534</timestamp>
			</report>
			<report>
				<misses>139001</misses>
				<total>138862</total>
				<timestamp>9.678656</timestamp>
			</report>
			<report>
				<misses>140001</misses>
				<total>139861</total>
				<timestamp>9.749525</timestamp>
			</report>
			<report>
				<misses>141001</misses>
				<total>140860</total>
				<timestamp>9.829737</timestamp>
			</report>
			<report>
				<misses>142001</misses>
				<total>141859</total>
				<timestamp>9.906964</timestamp>
			</report>
			<report>
				<misses>143001</misses>
				<total>142858</total>
				<timestamp>9.977436</timestamp>
			</report>
			<report>
				<misses>144001</misses>
				<total>143857</total>
				<timestamp>10.049248</timestamp>
			</report>
			<report>
				<misses>145001</misses>
				<total>144856</total>
				<timestamp>10.116954</timestamp>
			</report>
			<report>
				<misses>146001</misses>
				<total>145855</total>
				<timestamp>10.191000</timestamp>
			</report>
			<report>
				<misses>147001</misses>
				<total>146854</total>
				<timestamp>10.262643</timestamp>
			</report>
			<report>
				<misses>148001</misses>
				<total>147853</total>
				<timestamp>10.331327</timestamp>
			</report>
			<report>
				<misses>149001</misses>
				<total>148852</total>
				<timestamp>10.393327</timestamp>
			</report>
			<report>
				<misses>150001</misses>
				<total>149851</total>
				<timestamp>10.457035</timestamp>
			</report>
			<report>
				<misses>151001</misses>
				<total>150850</total>
				<timestamp>10.538418</timestamp>
			</report>
			<report>
				<misses>152001</misses>
				<total>151849</total>
				<timestamp>10.610842</timestamp>
			</report>
			<report>
				<misses>153001</misses>
				<total>152848</total>
				<timestamp>10.684681</timestamp>
			</report>
			<report>
				<misses>154001</misses>
				<total>153847</total>
				<timestamp>10.767514</timestamp>
			</report>
			<report>
				<misses>155001</misses>
				<total>154846</total>
				<timestamp>10.849026</timestamp>
			</report>
			<report>
				<misses>156001</misses>
				<total>155845</total>
				<timestamp>10.927587</timestamp>
			</report>
			<report>
				<misses>157001</misses>
				<total>156844</total>
				<timestamp>10.990868</timestamp>
			</report>
			<report>
				<misses>158001</misses>
				<total>157843</total>
				<timestamp>11.054135</timestamp>
			</report>
			<report>
				<misses>159001</misses>
				<total>158842</total>
				<timestamp>11.119431</timestamp>
			</report>
			<report>
				<misses>160001</misses>
				<total>159841</total>
				<timestamp>11.196115</timestamp>
			</report>
			<report>
				<misses>161001</misses>
				<total>160840</total>
				<timestamp>11.268338</timestamp>
			</report>
			<report>
				<misses>162001</misses>
				<total>161839</total>
				<timestamp>11.339415</timestamp>
			</report>
			<report>
				<misses>163001</misses>
				<total>162838</total>
				<timestamp>11.408977</timestamp>
			</report>
			<report>
				<misses>164001</misses>
				<total>163837</total>
				<timestamp>11.494177</timestamp>
			</report>
			<report>
				<misses>165001</misses>
				<total>164836</total>
				<timestamp>11.565369</timestamp>
			</report>
			<report>
				<misses>166001</misses>
				<total>165835</total>
				<timestamp>11.635990</timestamp>
			</report>
			<report>
				<misses>167001</misses>
				<total>166834</total>
				<timestamp>11.716656</timestamp>
			</report>
			<report>
				<misses>168001</misses>
				<total>167833</total>
				<timestamp>11.794957</timestamp>
			</report>
			<report>
				<misses>169001</misses>
				<total>168832</total>
				<timestamp>11.870630</timestamp>
			</report>
			<report>
				<misses>170001</misses>
				<total>169831</total>
				<timestamp>11.944622</timestamp>
			</report>
			<report>
				<misses>171001</misses>
				<total>170830</total>
				<timestamp>12.026393</timestamp>
			</report>
			<report>
				<misses>172001</misses>
				<total>171829</total>
				<timestamp>12.107083</timestamp>
			</report>
			<report>
				<misses>173001</misses>
				<total>172828</total>
				<timestamp>12.172854</timestamp>
			</report>
			<report>
				<misses>174001</misses>
				<total>173827</total>
				<timestamp>12.239919</timestamp>
			</report>
			<report>
				<misses>175001</misses>
				<total>174826</total>
				<timestamp>12.307205</timestamp>
			</report>
			<report>
				<misses>176001</misses>
				<total>175825</total>
				<timestamp>12.376164</timestamp>
			</report>
			<report>
				<misses>177001</misses>
				<total>176824</total>
				<timestamp>12.444367</timestamp>
			</report>
			<report>
				<misses>178001</misses>
				<total>177823</total>
				<timestamp>12.520791</timestamp>
			</report>
			<report>
				<misses>179001</misses>
				<total>178373</total>
				<timestamp>12.587925</timestamp>
			</report>
			<report>
				<misses>180001</misses>
				<total>178373</total>
				<timestamp>12.667846</timestamp>
			</report>
			<report>
				<misses>181001</misses>
				<total>179018</total>
				<timestamp>12.751058</timestamp>
			</report>
			<report>
				<misses>182001</misses>
				<total>180017</total>
				<timestamp>12.831721</timestamp>
			</report>
			<report>
				<misses>183001</misses>
				<total>181016</total>
				<timestamp>12.896848</timestamp>
			</report>
			<report>
				<misses>184001</misses>
				<total>182015</total>
				<timestamp>12.970244</timestamp>
			</report>
			<report>
				<misses>185001</misses>
				<total>183014</total>
				<timestamp>13.033496</timestamp>
			</report>
			<report>
				<misses>186001</misses>
				<total>183949</total>
				<timestamp>13.098429</timestamp>
			</report>
			<report>
				<misses>187001</misses>
				<total>184948</total>
				<timestamp>13.171951</timestamp>
			</report>
			<report>
				<misses>188001</misses>
				<total>185947</total>
				<timestamp>13.236616</timestamp>
			</report>
			<report>
				<misses>189001</misses>
				<total>186946</total>
				<timestamp>13.300081</timestamp>
			</report>
			<report>
				<misses>190001</misses>
				<total>187945</total>
				<timestamp>13.371574</timestamp>
			</report>
			<report>
				<misses>191001</misses>
				<total>188944</total>
				<timestamp>13.435226</timestamp>
			</report>
			<report>
				<misses>192001</misses>
				<total>189943</total>
				<timestamp>13.498451</timestamp>
			</report>
			<report>
				<misses>193001</misses>
				<total>190942</total>
				<timestamp>13.561974</timestamp>
			</report>
			<report>
				<misses>194001</misses>
				<total>191941</total>
				<timestamp>13.629797</timestamp>
			</report>
			<report>
				<misses>195001</misses>
				<total>192940</total>
				<timestamp>13.693116</timestamp>
			</report>
			<report>
				<misses>196001</misses>
				<total>193939</total>
				<timestamp>13.761829</timestamp>
			</report>
			<report>
				<misses>197001</misses>
				<total>194938</total>
				<timestamp>13.834873</timestamp>
			</report>
			<report>
				<misses>198001</misses>
				<total>195937</total>
				<timestamp>13.899974</timestamp>
			</report>
			<report>
				<misses>199001</misses>
				<total>196936</total>
				<timestamp>13.968520</timestamp>
			</report>
			<report>
				<misses>200001</misses>
				<total>197935</total>
				<timestamp>14.041648</timestamp>
			</report>
			<report>
				<misses>201001</misses>
				<total>198934</total>
				<timestamp>14.105732</timestamp>
			</report>
			<report>
				<misses>202001</misses>
				<total>199933</total>
				<timestamp>14.170871</timestamp>
			</report>
			<report>
				<misses>203001</misses>
				<total>200932</total>
				<timestamp>14.234406</timestamp>
			</report>
			<report>
				<misses>204001</misses>
				<total>201931</total>
				<timestamp>14.303409</timestamp>
			</report>
			<report>
				<misses>205001</misses>
				<total>202930</total>
				<timestamp>14.372271</timestamp>
			</report>
			<report>
				<misses>206001</misses>
				<total>203929</total>
				<timestamp>14.436267</timestamp>
			</report>
			<report>
				<misses>207001</misses>
				<total>204928</total>
				<timestamp>14.509579</timestamp>
			</report>
			<report>
				<misses>208001</misses>
				<total>205927</total>
				<timestamp>14.592555</timestamp>
			</report>
			<report>
				<misses>209001</misses>
				<total>206926</total>
				<timestamp>14.670997</timestamp>
			</report>
			<report>
				<misses>210001</misses>
				<total>207925</total>
				<timestamp>14.735513</timestamp>
			</report>
			<report>
				<misses>211001</misses>
				<total>208924</total>
				<timestamp>14.805282</timestamp>
			</report>
			<report>
				<misses>212001</misses>
				<total>209923</total>
				<timestamp>14.876407</timestamp>
			</report>
			<report>
				<misses>213001</misses>
				<total>210922</total>
				<timestamp>14.944550</timestamp>
			</report>
			<report>
				<misses>214001</misses>
				<total>211921</total>
				<timestamp>15.016592</timestamp>
			</report>
			<report>
				<misses>215001</misses>
				<total>212920</total>
				<timestamp>15.083435</timestamp>
			</report>
			<report>
				<misses>216001</misses>
				<total>213919</total>
				<timestamp>15.154906</timestamp>
			</report>
			<report>
				<misses>217001</misses>
				<total>214918</total>
				<timestamp>15.224306</timestamp>
			</report>
			<report>
				<misses>218001</misses>
				<total>215917</total>
				<timestamp>15.294499</timestamp>
			</report>
			<report>
				<misses>219001</misses>
				<total>216916</total>
				<timestamp>15.358216</timestamp>
			</report>
			<report>
				<misses>220001</misses>
				<total>217915</total>
				<timestamp>15.423556</timestamp>
			</report>
			<report>
				<misses>221001</misses>
				<total>218914</total>
				<timestamp>15.501502</timestamp>
			</report>
			<report>
				<misses>222001</misses>
				<total>219913</total>
				<timestamp>15.584741</timestamp>
			</report>
			<report>
				<misses>223001</misses>
				<total>220912</total>
				<timestamp>15.648577</timestamp>
			</report>
			<report>
				<misses>224001</misses>
				<total>221911</total>
				<timestamp>15.721510</timestamp>
			</report>
			<report>
				<misses>225001</misses>
				<total>222910</total>
				<timestamp>15.795840</timestamp>
			</report>
			<report>
				<misses>226001</misses>
				<total>223909</total>
				<timestamp>15.861888</timestamp>
			</report>
			<report>
				<misses>227001</misses>
				<total>224908</total>
				<timestamp>15.938232</timestamp>
			</report>
			<report>
				<misses>228001</misses>
				<total>225907</total>
				<timestamp>16.008014</timestamp>
			</report>
			<report>
				<misses>229001</misses>
				<total>226906</total>
				<timestamp>16.076679</timestamp>
			</report>
			<report>
				<misses>230001</misses>
				<total>227905</total>
				<timestamp>16.150793</timestamp>
			</report>
			<report>
				<misses>231001</misses>
				<total>228904</total>
				<timestamp>16.228549</timestamp>
			</report>
			<report>
				<misses>232001</misses>
				<total>229903</total>
				<timestamp>16.294986</timestamp>
			</report>
			<report>
				<misses>233001</misses>
				<total>230902</total>
				<timestamp>16.363964</timestamp>
			</report>
			<report>
				<misses>234001</misses>
				<total>231901</total>
				<timestamp>16.443271</timestamp>
			</report>
			<report>
				<misses>235001</misses>
				<total>232900</total>
				<timestamp>16.512020</timestamp>
			</report>
			<report>
				<misses>236001</misses>
				<total>233899</total>
				<timestamp>16.578036</timestamp>
			</report>
			<report>
				<misses>237001</misses>
				<total>234898</total>
				<timestamp>16.663444</timestamp>
			</report>
			<report>
				<misses>238001</misses>
				<total>235897</total>
				<timestamp>16.729668</timestamp>
			</report>
			<report>
				<misses>239001</misses>
				<total>236896</total>
				<timestamp>16.793996</timestamp>
			</report>
			<report>
				<misses>240001</misses>
				<total>237895</total>
				<timestamp>16.863862</timestamp>
			</report>
			<report>
				<misses>241001</misses>
				<total>238894</total>
				<timestamp>16.942961</timestamp>
			</report>
			<report>
				<misses>242001</misses>
				<total>239893</total>
				<timestamp>17.018075</timestamp>
			</report>
			<report>
				<misses>243001</misses>
				<total>240892</total>
				<timestamp>17.089371</timestamp>
			</report>
			<report>
				<misses>244001</misses>
				<total>241891</total>
				<timestamp>17.153828</timestamp>
			</report>
			<report>
				<misses>245001</misses>
				<total>242890</total>
				<timestamp>17.219832</timestamp>
			</report>
			<report>
				<misses>246001</misses>
				<total>243889</total>
				<timestamp>17.283237</timestamp>
			</report>
			<report>
				<misses>247001</misses>
				<total>244888</total>
				<timestamp>17.346875</timestamp>
			</report>
			<report>
				<misses>248001</misses>
				<total>245887</total>
				<timestamp>17.410916</timestamp>
			</report>
			<report>
				<misses>249001</misses>
				<total>246886</total>
				<timestamp>17.477397</timestamp>
			</report>
			<report>
				<misses>250001</misses>
				<total>247885</total>
				<timestamp>17.541130</timestamp>
			</report>
			<report>
				<misses>251001</misses>
				<total>248884</total>
				<timestamp>17.604659</timestamp>
			</report>
			<report>
				<misses>252001</misses>
				<total>249883</total>
				<timestamp>17.669483</timestamp>
			</report>
			<report>
				<misses>253001</misses>
				<total>250882</total>
				<timestamp>17.733061</timestamp>
			</report>
			<report>
				<misses>254001</misses>
				<total>251881</total>
				<timestamp>17.797638</timestamp>
			</report>
			<report>
				<misses>255001</misses>
				<total>252880</total>
				<timestamp>17.862603</timestamp>
			</report>
			<report>
				<misses>256001</misses>
				<total>253879</total>
				<timestamp>17.926932</timestamp>
			</report>
			<report>
				<misses>257001</misses>
				<total>254878</total>
				<timestamp>18.008947</timestamp>
			</report>
			<report>
				<misses>258001</misses>
				<total>255877</total>
				<timestamp>18.075679</timestamp>
			</report>
			<report>
				<misses>259001</misses>
				<total>256876</total>
				<timestamp>18.147276</timestamp>
			</report>
			<report>
				<misses>260001</misses>
				<total>257875</total>
				<timestamp>18.211824</timestamp>
			</report>
			<report>
				<misses>261001</misses>
				<total>258874</total>
				<timestamp>18.275784</timestamp>
			</report>
			<report>
				<misses>262001</misses>
				<total>259873</total>
				<timestamp>18.345279</timestamp>
			</report>
			<report>
				<misses>263001</misses>
				<total>260872</total>
				<timestamp>18.409395</timestamp>
			</report>
			<report>
				<misses>264001</misses>
				<total>261871</total>
				<timestamp>18.474541</timestamp>
			</report>
			<report>
				<misses>265001</misses>
				<total>262870</total>
				<timestamp>18.543649</timestamp>
			</report>
			<report>
				<misses>266001</misses>
				<total>263869</total>
				<timestamp>18.615027</timestamp>
			</report>
			<report>
				<misses>267001</misses>
				<total>264868</total>
				<timestamp>18.678825</timestamp>
			</report>
			<report>
				<misses>268001</misses>
				<total>265867</total>
				<timestamp>18.742795</timestamp>
			</report>
			<report>
				<misses>269001</misses>
				<total>266866</total>
				<timestamp>18.811253</timestamp>
			</report>
			<report>
				<misses>270001</misses>
				<total>267865</total>
				<timestamp>18.888471</timestamp>
			</report>
			<report>
				<misses>271001</misses>
				<total>268864</total>
				<timestamp>18.961041</timestamp>
			</report>
			<report>
				<misses>272001</misses>
				<total>269863</total>
				<timestamp>19.030013</timestamp>
			</report>
			<report>
				<misses>273001</misses>
				<total>270862</total>
				<timestamp>19.099576</timestamp>
			</report>
			<report>
				<misses>274001</misses>
				<total>271861</total>
				<timestamp>19.170238</timestamp>
			</report>
			<report>
				<misses>275001</misses>
				<total>272860</total>
				<timestamp>19.234369</timestamp>
			</report>
			<report>
				<misses>276001</misses>
				<total>273859</total>
				<timestamp>19.298035</timestamp>
			</report>
			<report>
				<misses>277001</misses>
				<total>274858</total>
				<timestamp>19.361311</timestamp>
			</report>
			<report>
				<misses>278001</misses>
				<total>275857</total>
				<timestamp>19.431693</timestamp>
			</report>
			<report>
				<misses>279001</misses>
				<total>276856</total>
				<timestamp>19.513968</timestamp>
			</report>
			<report>
				<misses>280001</misses>
				<total>277855</total>
				<timestamp>19.577563</timestamp>
			</report>
			<report>
				<misses>281001</misses>
				<total>278854</total>
				<timestamp>19.641034</timestamp>
			</report>
			<report>
				<misses>282001</misses>
				<total>279853</total>
				<timestamp>19.705874</timestamp>
			</report>
			<report>
				<misses>283001</misses>
				<total>280852</total>
				<timestamp>19.791107</timestamp>
			</report>
			<report>
				<misses>284001</misses>
				<total>281851</total>
				<timestamp>19.867049</timestamp>
			</report>
			<report>
				<misses>285001</misses>
				<total>282850</total>
				<timestamp>19.939479</timestamp>
			</report>
			<report>
				<misses>286001</misses>
				<total>283849</total>
				<timestamp>20.009595</timestamp>
			</report>
			<report>
				<misses>287001</misses>
				<total>284848</total>
				<timestamp>20.081401</timestamp>
			</report>
			<report>
				<misses>288001</misses>
				<total>285847</total>
				<timestamp>20.142841</timestamp>
			</report>
			<report>
				<misses>289001</misses>
				<total>286846</total>
				<timestamp>20.213057</timestamp>
			</report>
			<report>
				<misses>290001</misses>
				<total>287845</total>
				<timestamp>20.277224</timestamp>
			</report>
			<report>
				<misses>291001</misses>
				<total>288844</total>
				<timestamp>20.341260</timestamp>
			</report>
			<report>
				<misses>292001</misses>
				<total>289843</total>
				<timestamp>20.408932</timestamp>
			</report>
			<report>
				<misses>293001</misses>
				<total>290842</total>
				<timestamp>20.472513</timestamp>
			</report>
			<report>
				<misses>294001</misses>
				<total>291841</total>
				<timestamp>20.535967</timestamp>
			</report>
			<report>
				<misses>295001</misses>
				<total>292840</total>
				<timestamp>20.604457</timestamp>
			</report>
			<report>
				<misses>296001</misses>
				<total>293839</total>
				<timestamp>20.668359</timestamp>
			</report>
			<report>
				<misses>297001</misses>
				<total>294838</total>
				<timestamp>20.731830</timestamp>
			</report>
			<report>
				<misses>298001</misses>
				<total>295837</total>
				<timestamp>20.795332</timestamp>
			</report>
			<report>
				<misses>299001</misses>
				<total>296836</total>
				<timestamp>20.859016</timestamp>
			</report>
			<report>
				<misses>300001</misses>
				<total>297835</total>
				<timestamp>20.923259</timestamp>
			</report>
			<report>
				<misses>301001</misses>
				<total>298834</total>
				<timestamp>20.992693</timestamp>
			</report>
			<report>
				<misses>302001</misses>
				<total>299833</total>
				<timestamp>21.066527</timestamp>
			</report>
			<report>
				<misses>303001</misses>
				<total>300832</total>
				<timestamp>21.132087</timestamp>
			</report>
			<report>
				<misses>304001</misses>
				<total>301831</total>
				<timestamp>21.194630</timestamp>
			</report>
			<report>
				<misses>305001</misses>
				<total>302830</total>
				<timestamp>21.267281</timestamp>
			</report>
			<report>
				<misses>306001</misses>
				<total>303829</total>
				<timestamp>21.337932</timestamp>
			</report>
			<report>
				<misses>307001</misses>
				<total>304828</total>
				<timestamp>21.405475</timestamp>
			</report>
			<report>
				<misses>308001</misses>
				<total>305827</total>
				<timestamp>21.467995</timestamp>
			</report>
			<report>
				<misses>309001</misses>
				<total>306826</total>
				<timestamp>21.531256</timestamp>
			</report>
			<report>
				<misses>310001</misses>
				<total>307825</total>
				<timestamp>21.592783</timestamp>
			</report>
			<report>
				<misses>311001</misses>
				<total>308824</total>
				<timestamp>21.662547</timestamp>
			</report>
			<report>
				<misses>312001</misses>
				<total>309823</total>
				<timestamp>21.736502</timestamp>
			</report>
			<report>
				<misses>313001</misses>
				<total>310822</total>
				<timestamp>21.807096</timestamp>
			</report>
			<report>
				<misses>314001</misses>
				<total>311821</total>
				<timestamp>21.880462</timestamp>
			</report>
			<report>
				<misses>315001</misses>
				<total>312820</total>
				<timestamp>21.959198</timestamp>
			</report>
			<report>
				<misses>316001</misses>
				<total>313819</total>
				<timestamp>22.033471</timestamp>
			</report>
			<report>
				<misses>317001</misses>
				<total>314818</total>
				<timestamp>22.099559</timestamp>
			</report>
			<report>
				<misses>318001</misses>
				<total>315817</total>
				<timestamp>22.171554</timestamp>
			</report>
			<report>
				<misses>319001</misses>
				<total>316816</total>
				<timestamp>22.248774</timestamp>
			</report>
			<report>
				<misses>320001</misses>
				<total>317815</total>
				<timestamp>22.323873</timestamp>
			</report>
			<report>
				<misses>321001</misses>
				<total>318814</total>
				<timestamp>22.403666</timestamp>
			</report>
			<report>
				<misses>322001</misses>
				<total>319813</total>
				<timestamp>22.470113</timestamp>
			</report>
			<report>
				<misses>323001</misses>
				<total>320812</total>
				<timestamp>22.549296</timestamp>
			</report>
			<report>
				<misses>324001</misses>
				<total>321811</total>
				<timestamp>22.613214</timestamp>
			</report>
			<report>
				<misses>325001</misses>
				<total>322810</total>
				<timestamp>22.689171</timestamp>
			</report>
			<report>
				<misses>326001</misses>
				<total>323809</total>
				<timestamp>22.769847</timestamp>
			</report>
			<report>
				<misses>327001</misses>
				<total>324808</total>
				<timestamp>22.836987</timestamp>
			</report>
			<report>
				<misses>328001</misses>
				<total>325807</total>
				<timestamp>22.907901</timestamp>
			</report>
			<report>
				<misses>329001</misses>
				<total>326806</total>
				<timestamp>22.986525</timestamp>
			</report>
			<report>
				<misses>330001</misses>
				<total>327805</total>
				<timestamp>23.063236</timestamp>
			</report>
			<report>
				<misses>331001</misses>
				<total>328804</total>
				<timestamp>23.130310</timestamp>
			</report>
			<report>
				<misses>332001</misses>
				<total>329803</total>
				<timestamp>23.193699</timestamp>
			</report>
			<report>
				<misses>333001</misses>
				<total>330802</total>
				<timestamp>23.259319</timestamp>
			</report>
			<report>
				<misses>334001</misses>
				<total>331801</total>
				<timestamp>23.336664</timestamp>
			</report>
			<report>
				<misses>335001</misses>
				<total>332800</total>
				<timestamp>23.409454</timestamp>
			</report>
			<report>
				<misses>336001</misses>
				<total>333799</total>
				<timestamp>23.482405</timestamp>
			</report>
			<report>
				<misses>337001</misses>
				<total>334798</total>
				<timestamp>23.546626</timestamp>
			</report>
			<report>
				<misses>338001</misses>
				<total>335797</total>
				<timestamp>23.623134</timestamp>
			</report>
			<report>
				<misses>339001</misses>
				<total>336796</total>
				<timestamp>23.701715</timestamp>
			</report>
			<report>
				<misses>340001</misses>
				<total>337795</total>
				<timestamp>23.780216</timestamp>
			</report>
			<report>
				<misses>341001</misses>
				<total>338794</total>
				<timestamp>23.855638</timestamp>
			</report>
			<report>
				<misses>342001</misses>
				<total>339793</total>
				<timestamp>23.920222</timestamp>
			</report>
			<report>
				<misses>343001</misses>
				<total>340792</total>
				<timestamp>23.994330</timestamp>
			</report>
			<report>
				<misses>344001</misses>
				<total>341791</total>
				<timestamp>24.059183</timestamp>
			</report>
			<report>
				<misses>345001</misses>
				<total>342790</total>
				<timestamp>24.133955</timestamp>
			</report>
			<report>
				<misses>346001</misses>
				<total>343789</total>
				<timestamp>24.198307</timestamp>
			</report>
			<report>
				<misses>347001</misses>
				<total>344788</total>
				<timestamp>24.261638</timestamp>
			</report>
			<report>
				<misses>348001</misses>
				<total>345787</total>
				<timestamp>24.325406</timestamp>
			</report>
			<report>
				<misses>349001</misses>
				<total>346786</total>
				<timestamp>24.389733</timestamp>
			</report>
			<report>
				<misses>350001</misses>
				<total>347785</total>
				<timestamp>24.453327</timestamp>
			</report>
			<report>
				<misses>351001</misses>
				<total>348784</total>
				<timestamp>24.516856</timestamp>
			</report>
			<report>
				<misses>352001</misses>
				<total>349783</total>
				<timestamp>24.580309</timestamp>
			</report>
			<report>
				<misses>353001</misses>
				<total>350782</total>
				<timestamp>24.653297</timestamp>
			</report>
			<report>
				<misses>354001</misses>
				<total>351781</total>
				<timestamp>24.718144</timestamp>
			</report>
			<report>
				<misses>355001</misses>
				<total>352780</total>
				<timestamp>24.793912</timestamp>
			</report>
			<report>
				<misses>356001</misses>
				<total>353779</total>
				<timestamp>24.865840</timestamp>
			</report>
			<report>
				<misses>357001</misses>
				<total>354778</total>
				<timestamp>24.926996</timestamp>
			</report>
			<report>
				<misses>358001</misses>
				<total>355777</total>
				<timestamp>24.989363</timestamp>
			</report>
			<report>
				<misses>359001</misses>
				<total>356776</total>
				<timestamp>25.058306</timestamp>
			</report>
			<report>
				<misses>360001</misses>
				<total>357775</total>
				<timestamp>25.126517</timestamp>
			</report>
			<report>
				<misses>361001</misses>
				<total>358774</total>
				<timestamp>25.190305</timestamp>
			</report>
			<report>
				<misses>362001</misses>
				<total>359773</total>
				<timestamp>25.253899</timestamp>
			</report>
			<report>
				<misses>363001</misses>
				<total>360772</total>
				<timestamp>25.318750</timestamp>
			</report>
			<report>
				<misses>364001</misses>
				<total>361771</total>
				<timestamp>25.392441</timestamp>
			</report>
			<report>
				<misses>365001</misses>
				<total>362770</total>
				<timestamp>25.455815</timestamp>
			</report>
			<report>
				<misses>366001</misses>
				<total>363769</total>
				<timestamp>25.531531</timestamp>
			</report>
			<report>
				<misses>367001</misses>
				<total>364768</total>
				<timestamp>25.598908</timestamp>
			</report>
			<report>
				<misses>368001</misses>
				<total>365767</total>
				<timestamp>25.680371</timestamp>
			</report>
			<report>
				<misses>369001</misses>
				<total>366766</total>
				<timestamp>25.762342</timestamp>
			</report>
			<report>
				<misses>370001</misses>
				<total>367765</total>
				<timestamp>25.835630</timestamp>
			</report>
			<report>
				<misses>371001</misses>
				<total>368764</total>
				<timestamp>25.917325</timestamp>
			</report>
			<report>
				<misses>372001</misses>
				<total>369763</total>
				<timestamp>26.000393</timestamp>
			</report>
			<report>
				<misses>373001</misses>
				<total>370762</total>
				<timestamp>26.068977</timestamp>
			</report>
			<report>
				<misses>374001</misses>
				<total>371761</total>
				<timestamp>26.132902</timestamp>
			</report>
			<report>
				<misses>375001</misses>
				<total>372760</total>
				<timestamp>26.201082</timestamp>
			</report>
			<report>
				<misses>376001</misses>
				<total>373759</total>
				<timestamp>26.279155</timestamp>
			</report>
			<report>
				<misses>377001</misses>
				<total>374758</total>
				<timestamp>26.346690</timestamp>
			</report>
			<report>
				<misses>378001</misses>
				<total>375757</total>
				<timestamp>26.424620</timestamp>
			</report>
			<report>
				<misses>379001</misses>
				<total>376756</total>
				<timestamp>26.492398</timestamp>
			</report>
			<report>
				<misses>380001</misses>
				<total>377755</total>
				<timestamp>26.556782</timestamp>
			</report>
			<report>
				<misses>381001</misses>
				<total>378754</total>
				<timestamp>26.636023</timestamp>
			</report>
			<report>
				<misses>382001</misses>
				<total>379753</total>
				<timestamp>26.703402</timestamp>
			</report>
			<report>
				<misses>383001</misses>
				<total>380752</total>
				<timestamp>26.771360</timestamp>
			</report>
			<report>
				<misses>384001</misses>
				<total>381751</total>
				<timestamp>26.837991</timestamp>
			</report>
			<report>
				<misses>385001</misses>
				<total>382750</total>
				<timestamp>26.913552</timestamp>
			</report>
			<report>
				<misses>386001</misses>
				<total>383749</total>
				<timestamp>26.979287</timestamp>
			</report>
			<report>
				<misses>387001</misses>
				<total>384748</total>
				<timestamp>27.047702</timestamp>
			</report>
			<report>
				<misses>388001</misses>
				<total>385747</total>
				<timestamp>27.112561</timestamp>
			</report>
			<report>
				<misses>389001</misses>
				<total>386746</total>
				<timestamp>27.177301</timestamp>
			</report>
			<report>
				<misses>390001</misses>
				<total>387745</total>
				<timestamp>27.240999</timestamp>
			</report>
			<report>
				<misses>391001</misses>
				<total>388744</total>
				<timestamp>27.304659</timestamp>
			</report>
			<report>
				<misses>392001</misses>
				<total>389743</total>
				<timestamp>27.368145</timestamp>
			</report>
			<report>
				<misses>393001</misses>
				<total>390742</total>
				<timestamp>27.442552</timestamp>
			</report>
			<report>
				<misses>394001</misses>
				<total>391741</total>
				<timestamp>27.512430</timestamp>
			</report>
			<report>
				<misses>395001</misses>
				<total>392740</total>
				<timestamp>27.577624</timestamp>
			</report>
			<report>
				<misses>396001</misses>
				<total>393739</total>
				<timestamp>27.649887</timestamp>
			</report>
			<report>
				<misses>397001</misses>
				<total>394738</total>
				<timestamp>27.713467</timestamp>
			</report>
			<report>
				<misses>398001</misses>
				<total>395737</total>
				<timestamp>27.779352</timestamp>
			</report>
			<report>
				<misses>399001</misses>
				<total>396736</total>
				<timestamp>27.848799</timestamp>
			</report>
			<report>
				<misses>400001</misses>
				<total>397735</total>
				<timestamp>27.919554</timestamp>
			</report>
			<report>
				<misses>401001</misses>
				<total>398734</total>
				<timestamp>27.994064</timestamp>
			</report>
			<report>
				<misses>402001</misses>
				<total>399733</total>
				<timestamp>28.058311</timestamp>
			</report>
			<report>
				<misses>403001</misses>
				<total>400732</total>
				<timestamp>28.127171</timestamp>
			</report>
			<report>
				<misses>404001</misses>
				<total>401731</total>
				<timestamp>28.191098</timestamp>
			</report>
			<report>
				<misses>405001</misses>
				<total>402730</total>
				<timestamp>28.255410</timestamp>
			</report>
			<report>
				<misses>406001</misses>
				<total>403729</total>
				<timestamp>28.322186</timestamp>
			</report>
			<report>
				<misses>407001</misses>
				<total>404728</total>
				<timestamp>28.389331</timestamp>
			</report>
			<report>
				<misses>408001</misses>
				<total>405727</total>
				<timestamp>28.452749</timestamp>
			</report>
			<report>
				<misses>409001</misses>
				<total>406726</total>
				<timestamp>28.515101</timestamp>
			</report>
			<report>
				<misses>410001</misses>
				<total>407725</total>
				<timestamp>28.576059</timestamp>
			</report>
			<report>
				<misses>411001</misses>
				<total>408724</total>
				<timestamp>28.650077</timestamp>
			</report>
			<report>
				<misses>412001</misses>
				<total>409723</total>
				<timestamp>28.713253</timestamp>
			</report>
			<report>
				<misses>413001</misses>
				<total>410722</total>
				<timestamp>28.777341</timestamp>
			</report>
			<report>
				<misses>414001</misses>
				<total>411721</total>
				<timestamp>28.848540</timestamp>
			</report>
			<report>
				<misses>415001</misses>
				<total>412720</total>
				<timestamp>28.923650</timestamp>
			</report>
			<report>
				<misses>416001</misses>
				<total>413719</total>
				<timestamp>28.991920</timestamp>
			</report>
			<report>
				<misses>417001</misses>
				<total>414718</total>
				<timestamp>29.064728</timestamp>
			</report>
			<report>
				<misses>418001</misses>
				<total>415717</total>
				<timestamp>29.140137</timestamp>
			</report>
			<report>
				<misses>419001</misses>
				<total>416716</total>
				<timestamp>29.221466</timestamp>
			</report>
			<report>
				<misses>420001</misses>
				<total>417715</total>
				<timestamp>29.296295</timestamp>
			</report>
			<report>
				<misses>421001</misses>
				<total>418714</total>
				<timestamp>29.367206</timestamp>
			</report>
			<report>
				<misses>422001</misses>
				<total>419713</total>
				<timestamp>29.441425</timestamp>
			</report>
			<report>
				<misses>423001</misses>
				<total>420712</total>
				<timestamp>29.519307</timestamp>
			</report>
			<report>
				<misses>424001</misses>
				<total>421711</total>
				<timestamp>29.589195</timestamp>
			</report>
			<report>
				<misses>425001</misses>
				<total>422710</total>
				<timestamp>29.661221</timestamp>
			</report>
			<report>
				<misses>426001</misses>
				<total>423709</total>
				<timestamp>29.725166</timestamp>
			</report>
			<report>
				<misses>427001</misses>
				<total>424708</total>
				<timestamp>29.791973</timestamp>
			</report>
			<report>
				<misses>428001</misses>
				<total>425707</total>
				<timestamp>29.867807</timestamp>
			</report>
			<report>
				<misses>429001</misses>
				<total>426706</total>
				<timestamp>29.937062</timestamp>
			</report>
			<report>
				<misses>430001</misses>
				<total>427705</total>
				<timestamp>30.004543</timestamp>
			</report>
			<report>
				<misses>431001</misses>
				<total>428704</total>
				<timestamp>30.085496</timestamp>
			</report>
			<report>
				<misses>432001</misses>
				<total>429703</total>
				<timestamp>30.166000</timestamp>
			</report>
			<report>
				<misses>433001</misses>
				<total>430702</total>
				<timestamp>30.238633</timestamp>
			</report>
			<report>
				<misses>434001</misses>
				<total>431701</total>
				<timestamp>30.303910</timestamp>
			</report>
			<report>
				<misses>435001</misses>
				<total>432700</total>
				<timestamp>30.373004</timestamp>
			</report>
			<report>
				<misses>436001</misses>
				<total>433699</total>
				<timestamp>30.445469</timestamp>
			</report>
			<report>
				<misses>437001</misses>
				<total>434698</total>
				<timestamp>30.517613</timestamp>
			</report>
			<report>
				<misses>438001</misses>
				<total>435697</total>
				<timestamp>30.588891</timestamp>
			</report>
			<report>
				<misses>439001</misses>
				<total>436696</total>
				<timestamp>30.653576</timestamp>
			</report>
			<report>
				<misses>440001</misses>
				<total>437695</total>
				<timestamp>30.717205</timestamp>
			</report>
			<report>
				<misses>441001</misses>
				<total>438694</total>
				<timestamp>30.781544</timestamp>
			</report>
			<report>
				<misses>442001</misses>
				<total>439693</total>
				<timestamp>30.849036</timestamp>
			</report>
			<report>
				<misses>443001</misses>
				<total>440692</total>
				<timestamp>30.912767</timestamp>
			</report>
			<report>
				<misses>444001</misses>
				<total>441691</total>
				<timestamp>30.976775</timestamp>
			</report>
			<report>
				<misses>445001</misses>
				<total>442690</total>
				<timestamp>31.040434</timestamp>
			</report>
			<report>
				<misses>446001</misses>
				<total>443689</total>
				<timestamp>31.116098</timestamp>
			</report>
			<report>
				<misses>447001</misses>
				<total>444688</total>
				<timestamp>31.194230</timestamp>
			</report>
			<report>
				<misses>448001</misses>
				<total>445687</total>
				<timestamp>31.267294</timestamp>
			</report>
			<report>
				<misses>449001</misses>
				<total>446686</total>
				<timestamp>31.329692</timestamp>
			</report>
			<report>
				<misses>450001</misses>
				<total>447685</total>
				<timestamp>31.392311</timestamp>
			</report>
			<report>
				<misses>451001</misses>
				<total>448684</total>
				<timestamp>31.459252</timestamp>
			</report>
			<report>
				<misses>452001</misses>
				<total>449683</total>
				<timestamp>31.522422</timestamp>
			</report>
			<report>
				<misses>453001</misses>
				<total>450682</total>
				<timestamp>31.590275</timestamp>
			</report>
			<report>
				<misses>454001</misses>
				<total>451681</total>
				<timestamp>31.659026</timestamp>
			</report>
			<report>
				<misses>455001</misses>
				<total>452680</total>
				<timestamp>31.727420</timestamp>
			</report>
			<report>
				<misses>456001</misses>
				<total>453679</total>
				<timestamp>31.803674</timestamp>
			</report>
			<report>
				<misses>457001</misses>
				<total>454678</total>
				<timestamp>31.883989</timestamp>
			</report>
			<report>
				<misses>458001</misses>
				<total>455677</total>
				<timestamp>31.951423</timestamp>
			</report>
			<report>
				<misses>459001</misses>
				<total>456676</total>
				<timestamp>32.015077</timestamp>
			</report>
			<report>
				<misses>460001</misses>
				<total>457675</total>
				<timestamp>32.080496</timestamp>
			</report>
			<report>
				<misses>461001</misses>
				<total>458674</total>
				<timestamp>32.151036</timestamp>
			</report>
			<report>
				<misses>462001</misses>
				<total>459673</total>
				<timestamp>32.216802</timestamp>
			</report>
			<report>
				<misses>463001</misses>
				<total>460672</total>
				<timestamp>32.281180</timestamp>
			</report>
			<report>
				<misses>464001</misses>
				<total>461671</total>
				<timestamp>32.349642</timestamp>
			</report>
			<report>
				<misses>465001</misses>
				<total>462670</total>
				<timestamp>32.425851</timestamp>
			</report>
			<report>
				<misses>466001</misses>
				<total>463669</total>
				<timestamp>32.496597</timestamp>
			</report>
			<report>
				<misses>467001</misses>
				<total>464668</total>
				<timestamp>32.559611</timestamp>
			</report>
			<report>
				<misses>468001</misses>
				<total>465667</total>
				<timestamp>32.634522</timestamp>
			</report>
			<report>
				<misses>469001</misses>
				<total>466666</total>
				<timestamp>32.710323</timestamp>
			</report>
			<report>
				<misses>470001</misses>
				<total>467665</total>
				<timestamp>32.775168</timestamp>
			</report>
			<report>
				<misses>471001</misses>
				<total>468664</total>
				<timestamp>32.844790</timestamp>
			</report>
			<report>
				<misses>472001</misses>
				<total>469663</total>
				<timestamp>32.911472</timestamp>
			</report>
			<report>
				<misses>473001</misses>
				<total>470662</total>
				<timestamp>32.986126</timestamp>
			</report>
			<report>
				<misses>474001</misses>
				<total>471661</total>
				<timestamp>33.064132</timestamp>
			</report>
			<report>
				<misses>475001</misses>
				<total>472660</total>
				<timestamp>33.134903</timestamp>
			</report>
			<report>
				<misses>476001</misses>
				<total>473659</total>
				<timestamp>33.209759</timestamp>
			</report>
			<report>
				<misses>477001</misses>
				<total>474658</total>
				<timestamp>33.275283</timestamp>
			</report>
			<report>
				<misses>478001</misses>
				<total>475657</total>
				<timestamp>33.338830</timestamp>
			</report>
			<report>
				<misses>479001</misses>
				<total>476656</total>
				<timestamp>33.402307</timestamp>
			</report>
			<report>
				<misses>480001</misses>
				<total>477655</total>
				<timestamp>33.466058</timestamp>
			</report>
			<report>
				<misses>481001</misses>
				<total>478654</total>
				<timestamp>33.531300</timestamp>
			</report>
			<report>
				<misses>482001</misses>
				<total>479653</total>
				<timestamp>33.597813</timestamp>
			</report>
			<report>
				<misses>483001</misses>
				<total>480652</total>
				<timestamp>33.661977</timestamp>
			</report>
			<report>
				<misses>484001</misses>
				<total>481651</total>
				<timestamp>33.727932</timestamp>
			</report>
			<report>
				<misses>485001</misses>
				<total>482650</total>
				<timestamp>33.794744</timestamp>
			</report>
			<report>
				<misses>486001</misses>
				<total>483649</total>
				<timestamp>33.868614</timestamp>
			</report>
			<report>
				<misses>487001</misses>
				<total>484648</total>
				<timestamp>33.945727</timestamp>
			</report>
			<report>
				<misses>488001</misses>
				<total>485647</total>
				<timestamp>34.011312</timestamp>
			</report>
			<report>
				<misses>489001</misses>
				<total>486646</total>
				<timestamp>34.079016</timestamp>
			</report>
			<report>
				<misses>490001</misses>
				<total>487645</total>
				<timestamp>34.158277</timestamp>
			</report>
			<report>
				<misses>491001</misses>
				<total>488644</total>
				<timestamp>34.223274</timestamp>
			</report>
			<report>
				<misses>492001</misses>
				<total>489643</total>
				<timestamp>34.288306</timestamp>
			</report>
			<report>
				<misses>493001</misses>
				<total>490642</total>
				<timestamp>34.353498</timestamp>
			</report>
			<report>
				<misses>494001</misses>
				<total>491641</total>
				<timestamp>34.417326</timestamp>
			</report>
			<report>
				<misses>495001</misses>
				<total>492640</total>
				<timestamp>34.480772</timestamp>
			</report>
			<report>
				<misses>496001</misses>
				<total>493639</total>
				<timestamp>34.556441</timestamp>
			</report>
			<report>
				<misses>497001</misses>
				<total>494638</total>
				<timestamp>34.626431</timestamp>
			</report>
			<report>
				<misses>498001</misses>
				<total>495637</total>
				<timestamp>34.696964</timestamp>
			</report>
			<report>
				<misses>499001</misses>
				<total>496636</total>
				<timestamp>34.771606</timestamp>
			</report>
			<report>
				<misses>500001</misses>
				<total>497635</total>
				<timestamp>34.850083</timestamp>
			</report>
			<report>
				<misses>501001</misses>
				<total>498634</total>
				<timestamp>34.930788</timestamp>
			</report>
			<report>
				<misses>502001</misses>
				<total>499633</total>
				<timestamp>35.009887</timestamp>
			</report>
			<report>
				<misses>503001</misses>
				<total>500632</total>
				<timestamp>35.077730</timestamp>
			</report>
			<report>
				<misses>504001</misses>
				<total>501631</total>
				<timestamp>35.141265</timestamp>
			</report>
			<report>
				<misses>505001</misses>
				<total>502630</total>
				<timestamp>35.204894</timestamp>
			</report>
			<report>
				<misses>506001</misses>
				<total>503629</total>
				<timestamp>35.277785</timestamp>
			</report>
			<report>
				<misses>507001</misses>
				<total>504628</total>
				<timestamp>35.353741</timestamp>
			</report>
			<report>
				<misses>508001</misses>
				<total>505627</total>
				<timestamp>35.433591</timestamp>
			</report>
			<report>
				<misses>509001</misses>
				<total>506626</total>
				<timestamp>35.509009</timestamp>
			</report>
			<report>
				<misses>510001</misses>
				<total>507625</total>
				<timestamp>35.576600</timestamp>
			</report>
			<report>
				<misses>511001</misses>
				<total>508624</total>
				<timestamp>35.644670</timestamp>
			</report>
			<report>
				<misses>512001</misses>
				<total>509623</total>
				<timestamp>35.708131</timestamp>
			</report>
			<report>
				<misses>513001</misses>
				<total>510622</total>
				<timestamp>35.771889</timestamp>
			</report>
			<report>
				<misses>514001</misses>
				<total>511621</total>
				<timestamp>35.835476</timestamp>
			</report>
			<report>
				<misses>515001</misses>
				<total>512620</total>
				<timestamp>35.899188</timestamp>
			</report>
			<report>
				<misses>516001</misses>
				<total>513619</total>
				<timestamp>35.969371</timestamp>
			</report>
			<report>
				<misses>517001</misses>
				<total>514618</total>
				<timestamp>36.038502</timestamp>
			</report>
			<report>
				<misses>518001</misses>
				<total>515617</total>
				<timestamp>36.108631</timestamp>
			</report>
			<report>
				<misses>519001</misses>
				<total>516616</total>
				<timestamp>36.173305</timestamp>
			</report>
			<report>
				<misses>520001</misses>
				<total>517615</total>
				<timestamp>36.238282</timestamp>
			</report>
			<report>
				<misses>521001</misses>
				<total>518614</total>
				<timestamp>36.302081</timestamp>
			</report>
			<report>
				<misses>522001</misses>
				<total>519613</total>
				<timestamp>36.369336</timestamp>
			</report>
			<report>
				<misses>523001</misses>
				<total>520612</total>
				<timestamp>36.441606</timestamp>
			</report>
			<report>
				<misses>524001</misses>
				<total>521611</total>
				<timestamp>36.509940</timestamp>
			</report>
			<report>
				<misses>525001</misses>
				<total>522610</total>
				<timestamp>36.576463</timestamp>
			</report>
			<report>
				<misses>526001</misses>
				<total>523609</total>
				<timestamp>36.643519</timestamp>
			</report>
			<report>
				<misses>527001</misses>
				<total>524608</total>
				<timestamp>36.714475</timestamp>
			</report>
			<report>
				<misses>528001</misses>
				<total>525607</total>
				<timestamp>36.779283</timestamp>
			</report>
			<report>
				<misses>529001</misses>
				<total>526606</total>
				<timestamp>36.850381</timestamp>
			</report>
			<report>
				<misses>530001</misses>
				<total>527605</total>
				<timestamp>36.920778</timestamp>
			</report>
			<report>
				<misses>531001</misses>
				<total>528604</total>
				<timestamp>36.987701</timestamp>
			</report>
			<report>
				<misses>532001</misses>
				<total>529603</total>
				<timestamp>37.051126</timestamp>
			</report>
			<report>
				<misses>533001</misses>
				<total>530602</total>
				<timestamp>37.114613</timestamp>
			</report>
			<report>
				<misses>534001</misses>
				<total>531601</total>
				<timestamp>37.178905</timestamp>
			</report>
			<report>
				<misses>535001</misses>
				<total>532600</total>
				<timestamp>37.242502</timestamp>
			</report>
			<report>
				<misses>536001</misses>
				<total>533599</total>
				<timestamp>37.305108</timestamp>
			</report>
			<report>
				<misses>537001</misses>
				<total>534598</total>
				<timestamp>37.367897</timestamp>
			</report>
			<report>
				<misses>538001</misses>
				<total>535597</total>
				<timestamp>37.429968</timestamp>
			</report>
			<report>
				<misses>539001</misses>
				<total>536596</total>
				<timestamp>37.496631</timestamp>
			</report>
			<report>
				<misses>540001</misses>
				<total>537595</total>
				<timestamp>37.568736</timestamp>
			</report>
			<report>
				<misses>541001</misses>
				<total>538594</total>
				<timestamp>37.640126</timestamp>
			</report>
			<report>
				<misses>542001</misses>
				<total>539593</total>
				<timestamp>37.709595</timestamp>
			</report>
			<report>
				<misses>543001</misses>
				<total>540592</total>
				<timestamp>37.773851</timestamp>
			</report>
			<report>
				<misses>544001</misses>
				<total>541591</total>
				<timestamp>37.845074</timestamp>
			</report>
			<report>
				<misses>545001</misses>
				<total>542590</total>
				<timestamp>37.909204</timestamp>
			</report>
			<report>
				<misses>546001</misses>
				<total>543589</total>
				<timestamp>37.971277</timestamp>
			</report>
			<report>
				<misses>547001</misses>
				<total>544588</total>
				<timestamp>38.034629</timestamp>
			</report>
			<report>
				<misses>548001</misses>
				<total>545587</total>
				<timestamp>38.101945</timestamp>
			</report>
			<report>
				<misses>549001</misses>
				<total>546586</total>
				<timestamp>38.186982</timestamp>
			</report>
			<report>
				<misses>550001</misses>
				<total>547585</total>
				<timestamp>38.264679</timestamp>
			</report>
			<report>
				<misses>551001</misses>
				<total>548584</total>
				<timestamp>38.328633</timestamp>
			</report>
			<report>
				<misses>552001</misses>
				<total>549583</total>
				<timestamp>38.392411</timestamp>
			</report>
			<report>
				<misses>553001</misses>
				<total>550582</total>
				<timestamp>38.456312</timestamp>
			</report>
			<report>
				<misses>554001</misses>
				<total>551581</total>
				<timestamp>38.531498</timestamp>
			</report>
			<report>
				<misses>555001</misses>
				<total>552580</total>
				<timestamp>38.595392</timestamp>
			</report>
			<report>
				<misses>556001</misses>
				<total>553579</total>
				<timestamp>38.658471</timestamp>
			</report>
			<report>
				<misses>557001</misses>
				<total>554578</total>
				<timestamp>38.719619</timestamp>
			</report>
			<report>
				<misses>558001</misses>
				<total>555577</total>
				<timestamp>38.782312</timestamp>
			</report>
			<report>
				<misses>559001</misses>
				<total>556576</total>
				<timestamp>38.850325</timestamp>
			</report>
			<report>
				<misses>560001</misses>
				<total>557575</total>
				<timestamp>38.916278</timestamp>
			</report>
			<report>
				<misses>561001</misses>
				<total>558574</total>
				<timestamp>38.986765</timestamp>
			</report>
			<report>
				<misses>562001</misses>
				<total>559573</total>
				<timestamp>39.050047</timestamp>
			</report>
			<report>
				<misses>563001</misses>
				<total>560572</total>
				<timestamp>39.124172</timestamp>
			</report>
			<report>
				<misses>564001</misses>
				<total>561571</total>
				<timestamp>39.197171</timestamp>
			</report>
			<report>
				<misses>565001</misses>
				<total>562570</total>
				<timestamp>39.275321</timestamp>
			</report>
			<report>
				<misses>566001</misses>
				<total>563569</total>
				<timestamp>39.337295</timestamp>
			</report>
			<report>
				<misses>567001</misses>
				<total>564568</total>
				<timestamp>39.409931</timestamp>
			</report>
			<report>
				<misses>568001</misses>
				<total>565567</total>
				<timestamp>39.477096</timestamp>
			</report>
			<report>
				<misses>569001</misses>
				<total>566566</total>
				<timestamp>39.546625</timestamp>
			</report>
			<report>
				<misses>570001</misses>
				<total>567565</total>
				<timestamp>39.611740</timestamp>
			</report>
			<report>
				<misses>571001</misses>
				<total>568564</total>
				<timestamp>39.675371</timestamp>
			</report>
			<report>
				<misses>572001</misses>
				<total>569563</total>
				<timestamp>39.745343</timestamp>
			</report>
			<report>
				<misses>573001</misses>
				<total>570562</total>
				<timestamp>39.809389</timestamp>
			</report>
			<report>
				<misses>574001</misses>
				<total>571561</total>
				<timestamp>39.872860</timestamp>
			</report>
			<report>
				<misses>575001</misses>
				<total>572560</total>
				<timestamp>39.941858</timestamp>
			</report>
			<report>
				<misses>576001</misses>
				<total>573559</total>
				<timestamp>40.007504</timestamp>
			</report>
			<report>
				<misses>577001</misses>
				<total>574558</total>
				<timestamp>40.079943</timestamp>
			</report>
			<report>
				<misses>578001</misses>
				<total>575557</total>
				<timestamp>40.144331</timestamp>
			</report>
			<report>
				<misses>579001</misses>
				<total>576556</total>
				<timestamp>40.208131</timestamp>
			</report>
			<report>
				<misses>580001</misses>
				<total>577555</total>
				<timestamp>40.272780</timestamp>
			</report>
			<report>
				<misses>581001</misses>
				<total>578554</total>
				<timestamp>40.346491</timestamp>
			</report>
			<report>
				<misses>582001</misses>
				<total>579553</total>
				<timestamp>40.413266</timestamp>
			</report>
			<report>
				<misses>583001</misses>
				<total>580552</total>
				<timestamp>40.476353</timestamp>
			</report>
			<report>
				<misses>584001</misses>
				<total>581551</total>
				<timestamp>40.541481</timestamp>
			</report>
			<report>
				<misses>585001</misses>
				<total>582550</total>
				<timestamp>40.607011</timestamp>
			</report>
			<report>
				<misses>586001</misses>
				<total>583549</total>
				<timestamp>40.675202</timestamp>
			</report>
			<report>
				<misses>587001</misses>
				<total>584548</total>
				<timestamp>40.744986</timestamp>
			</report>
			<report>
				<misses>588001</misses>
				<total>585547</total>
				<timestamp>40.818240</timestamp>
			</report>
			<report>
				<misses>589001</misses>
				<total>586546</total>
				<timestamp>40.887739</timestamp>
			</report>
			<report>
				<misses>590001</misses>
				<total>587545</total>
				<timestamp>40.960709</timestamp>
			</report>
			<report>
				<misses>591001</misses>
				<total>588544</total>
				<timestamp>41.029263</timestamp>
			</report>
			<report>
				<misses>592001</misses>
				<total>589543</total>
				<timestamp>41.108458</timestamp>
			</report>
			<report>
				<misses>593001</misses>
				<total>590542</total>
				<timestamp>41.179952</timestamp>
			</report>
			<report>
				<misses>594001</misses>
				<total>591541</total>
				<timestamp>41.261069</timestamp>
			</report>
			<report>
				<misses>595001</misses>
				<total>592540</total>
				<timestamp>41.326360</timestamp>
			</report>
			<report>
				<misses>596001</misses>
				<total>593539</total>
				<timestamp>41.400848</timestamp>
			</report>
			<report>
				<misses>597001</misses>
				<total>594538</total>
				<timestamp>41.464541</timestamp>
			</report>
			<report>
				<misses>598001</misses>
				<total>595537</total>
				<timestamp>41.530420</timestamp>
			</report>
			<report>
				<misses>599001</misses>
				<total>596536</total>
				<timestamp>41.607124</timestamp>
			</report>
			<report>
				<misses>600001</misses>
				<total>597535</total>
				<timestamp>41.680844</timestamp>
			</report>
			<report>
				<misses>601001</misses>
				<total>598534</total>
				<timestamp>41.759719</timestamp>
			</report>
			<report>
				<misses>602001</misses>
				<total>599533</total>
				<timestamp>41.828400</timestamp>
			</report>
			<report>
				<misses>603001</misses>
				<total>600532</total>
				<timestamp>41.893739</timestamp>
			</report>
			<report>
				<misses>604001</misses>
				<total>601531</total>
				<timestamp>41.957824</timestamp>
			</report>
			<report>
				<misses>605001</misses>
				<total>602530</total>
				<timestamp>42.024741</timestamp>
			</report>
			<report>
				<misses>606001</misses>
				<total>603529</total>
				<timestamp>42.100186</timestamp>
			</report>
			<report>
				<misses>607001</misses>
				<total>604528</total>
				<timestamp>42.171125</timestamp>
			</report>
			<report>
				<misses>608001</misses>
				<total>605527</total>
				<timestamp>42.240245</timestamp>
			</report>
			<report>
				<misses>609001</misses>
				<total>606526</total>
				<timestamp>42.317278</timestamp>
			</report>
			<report>
				<misses>610001</misses>
				<total>607525</total>
				<timestamp>42.381204</timestamp>
			</report>
			<report>
				<misses>611001</misses>
				<total>608524</total>
				<timestamp>42.445787</timestamp>
			</report>
			<report>
				<misses>612001</misses>
				<total>609523</total>
				<timestamp>42.509220</timestamp>
			</report>
			<report>
				<misses>613001</misses>
				<total>610522</total>
				<timestamp>42.573894</timestamp>
			</report>
			<report>
				<misses>614001</misses>
				<total>611521</total>
				<timestamp>42.639329</timestamp>
			</report>
			<report>
				<misses>615001</misses>
				<total>612520</total>
				<timestamp>42.703907</timestamp>
			</report>
			<report>
				<misses>616001</misses>
				<total>613439</total>
				<timestamp>42.769567</timestamp>
			</report>
			<report>
				<misses>617001</misses>
				<total>613457</total>
				<timestamp>42.845624</timestamp>
			</report>
			<report>
				<misses>618001</misses>
				<total>614433</total>
				<timestamp>42.916307</timestamp>
			</report>
			<report>
				<misses>619001</misses>
				<total>615432</total>
				<timestamp>42.980170</timestamp>
			</report>
			<report>
				<misses>620001</misses>
				<total>616431</total>
				<timestamp>43.043707</timestamp>
			</report>
			<report>
				<misses>621001</misses>
				<total>617430</total>
				<timestamp>43.107248</timestamp>
			</report>
			<report>
				<misses>622001</misses>
				<total>618429</total>
				<timestamp>43.171324</timestamp>
			</report>
			<report>
				<misses>623001</misses>
				<total>619428</total>
				<timestamp>43.234859</timestamp>
			</report>
			<report>
				<misses>624001</misses>
				<total>620078</total>
				<timestamp>43.298473</timestamp>
			</report>
			<report>
				<misses>625001</misses>
				<total>620103</total>
				<timestamp>43.363092</timestamp>
			</report>
			<report>
				<misses>626001</misses>
				<total>620228</total>
				<timestamp>43.439511</timestamp>
			</report>
			<report>
				<misses>627001</misses>
				<total>621227</total>
				<timestamp>43.514855</timestamp>
			</report>
			<report>
				<misses>628001</misses>
				<total>622226</total>
				<timestamp>43.594408</timestamp>
			</report>
			<report>
				<misses>629001</misses>
				<total>623225</total>
				<timestamp>43.666333</timestamp>
			</report>
			<report>
				<misses>630001</misses>
				<total>624224</total>
				<timestamp>43.748316</timestamp>
			</report>
			<report>
				<misses>631001</misses>
				<total>625223</total>
				<timestamp>43.829226</timestamp>
			</report>
			<report>
				<misses>632001</misses>
				<total>626222</total>
				<timestamp>43.897332</timestamp>
			</report>
			<report>
				<misses>633001</misses>
				<total>627221</total>
				<timestamp>43.970474</timestamp>
			</report>
			<report>
				<misses>634001</misses>
				<total>628220</total>
				<timestamp>44.036495</timestamp>
			</report>
			<report>
				<misses>635001</misses>
				<total>629219</total>
				<timestamp>44.098493</timestamp>
			</report>
			<report>
				<misses>636001</misses>
				<total>630218</total>
				<timestamp>44.170105</timestamp>
			</report>
			<report>
				<misses>637001</misses>
				<total>631217</total>
				<timestamp>44.243046</timestamp>
			</report>
			<report>
				<misses>638001</misses>
				<total>632216</total>
				<timestamp>44.310660</timestamp>
			</report>
			<report>
				<misses>639001</misses>
				<total>633215</total>
				<timestamp>44.374175</timestamp>
			</report>
			<report>
				<misses>640001</misses>
				<total>634214</total>
				<timestamp>44.437757</timestamp>
			</report>
			<report>
				<misses>641001</misses>
				<total>635213</total>
				<timestamp>44.502686</timestamp>
			</report>
			<report>
				<misses>642001</misses>
				<total>636212</total>
				<timestamp>44.566910</timestamp>
			</report>
			<report>
				<misses>643001</misses>
				<total>637211</total>
				<timestamp>44.630694</timestamp>
			</report>
			<report>
				<misses>644001</misses>
				<total>638210</total>
				<timestamp>44.696405</timestamp>
			</report>
			<report>
				<misses>645001</misses>
				<total>639209</total>
				<timestamp>44.767663</timestamp>
			</report>
			<report>
				<misses>646001</misses>
				<total>640208</total>
				<timestamp>44.835711</timestamp>
			</report>
			<report>
				<misses>647001</misses>
				<total>641207</total>
				<timestamp>44.907284</timestamp>
			</report>
			<report>
				<misses>648001</misses>
				<total>642206</total>
				<timestamp>44.983940</timestamp>
			</report>
			<report>
				<misses>649001</misses>
				<total>643205</total>
				<timestamp>45.061901</timestamp>
			</report>
			<report>
				<misses>650001</misses>
				<total>644204</total>
				<timestamp>45.132731</timestamp>
			</report>
			<report>
				<misses>651001</misses>
				<total>645203</total>
				<timestamp>45.198374</timestamp>
			</report>
			<report>
				<misses>652001</misses>
				<total>646202</total>
				<timestamp>45.261667</timestamp>
			</report>
			<report>
				<misses>653001</misses>
				<total>647201</total>
				<timestamp>45.328258</timestamp>
			</report>
			<report>
				<misses>654001</misses>
				<total>648200</total>
				<timestamp>45.392066</timestamp>
			</report>
			<report>
				<misses>655001</misses>
				<total>649199</total>
				<timestamp>45.455540</timestamp>
			</report>
			<report>
				<misses>656001</misses>
				<total>650198</total>
				<timestamp>45.519272</timestamp>
			</report>
			<report>
				<misses>657001</misses>
				<total>651197</total>
				<timestamp>45.583325</timestamp>
			</report>
			<report>
				<misses>658001</misses>
				<total>652196</total>
				<timestamp>45.653076</timestamp>
			</report>
			<report>
				<misses>659001</misses>
				<total>653195</total>
				<timestamp>45.717291</timestamp>
			</report>
			<report>
				<misses>660001</misses>
				<total>654194</total>
				<timestamp>45.781428</timestamp>
			</report>
			<report>
				<misses>661001</misses>
				<total>655193</total>
				<timestamp>45.845553</timestamp>
			</report>
			<report>
				<misses>662001</misses>
				<total>656192</total>
				<timestamp>45.912405</timestamp>
			</report>
			<report>
				<misses>663001</misses>
				<total>657191</total>
				<timestamp>45.982617</timestamp>
			</report>
			<report>
				<misses>664001</misses>
				<total>658190</total>
				<timestamp>46.050756</timestamp>
			</report>
			<report>
				<misses>665001</misses>
				<total>659189</total>
				<timestamp>46.111967</timestamp>
			</report>
			<report>
				<misses>666001</misses>
				<total>660188</total>
				<timestamp>46.174073</timestamp>
			</report>
			<report>
				<misses>667001</misses>
				<total>661187</total>
				<timestamp>46.235637</timestamp>
			</report>
			<report>
				<misses>668001</misses>
				<total>662186</total>
				<timestamp>46.299099</timestamp>
			</report>
			<report>
				<misses>669001</misses>
				<total>663185</total>
				<timestamp>46.365870</timestamp>
			</report>
			<report>
				<misses>670001</misses>
				<total>664184</total>
				<timestamp>46.431115</timestamp>
			</report>
			<report>
				<misses>671001</misses>
				<total>665183</total>
				<timestamp>46.494522</timestamp>
			</report>
			<report>
				<misses>672001</misses>
				<total>666182</total>
				<timestamp>46.559148</timestamp>
			</report>
			<report>
				<misses>673001</misses>
				<total>667181</total>
				<timestamp>46.622455</timestamp>
			</report>
			<report>
				<misses>674001</misses>
				<total>668180</total>
				<timestamp>46.692899</timestamp>
			</report>
			<report>
				<misses>675001</misses>
				<total>669179</total>
				<timestamp>46.776225</timestamp>
			</report>
			<report>
				<misses>676001</misses>
				<total>670178</total>
				<timestamp>46.840350</timestamp>
			</report>
			<report>
				<misses>677001</misses>
				<total>671177</total>
				<timestamp>46.904208</timestamp>
			</report>
			<report>
				<misses>678001</misses>
				<total>672176</total>
				<timestamp>46.967993</timestamp>
			</report>
			<report>
				<misses>679001</misses>
				<total>673175</total>
				<timestamp>47.038549</timestamp>
			</report>
			<report>
				<misses>680001</misses>
				<total>674174</total>
				<timestamp>47.103698</timestamp>
			</report>
			<report>
				<misses>681001</misses>
				<total>675173</total>
				<timestamp>47.165254</timestamp>
			</report>
			<report>
				<misses>682001</misses>
				<total>676172</total>
				<timestamp>47.230282</timestamp>
			</report>
			<report>
				<misses>683001</misses>
				<total>677171</total>
				<timestamp>47.301091</timestamp>
			</report>
			<report>
				<misses>684001</misses>
				<total>678170</total>
				<timestamp>47.371869</timestamp>
			</report>
			<report>
				<misses>685001</misses>
				<total>679169</total>
				<timestamp>47.447008</timestamp>
			</report>
			<report>
				<misses>686001</misses>
				<total>680168</total>
				<timestamp>47.511299</timestamp>
			</report>
			<report>
				<misses>687001</misses>
				<total>681167</total>
				<timestamp>47.577172</timestamp>
			</report>
			<report>
				<misses>688001</misses>
				<total>682166</total>
				<timestamp>47.656892</timestamp>
			</report>
			<report>
				<misses>689001</misses>
				<total>683165</total>
				<timestamp>47.736118</timestamp>
			</report>
			<report>
				<misses>690001</misses>
				<total>684164</total>
				<timestamp>47.815064</timestamp>
			</report>
			<report>
				<misses>691001</misses>
				<total>685163</total>
				<timestamp>47.889447</timestamp>
			</report>
			<report>
				<misses>692001</misses>
				<total>686162</total>
				<timestamp>47.968376</timestamp>
			</report>
			<report>
				<misses>693001</misses>
				<total>687161</total>
				<timestamp>48.040860</timestamp>
			</report>
			<report>
				<misses>694001</misses>
				<total>688160</total>
				<timestamp>48.120818</timestamp>
			</report>
			<report>
				<misses>695001</misses>
				<total>689159</total>
				<timestamp>48.194719</timestamp>
			</report>
			<report>
				<misses>696001</misses>
				<total>690158</total>
				<timestamp>48.267104</timestamp>
			</report>
			<report>
				<misses>697001</misses>
				<total>691157</total>
				<timestamp>48.345684</timestamp>
			</report>
			<report>
				<misses>698001</misses>
				<total>692156</total>
				<timestamp>48.420492</timestamp>
			</report>
			<report>
				<misses>699001</misses>
				<total>693155</total>
				<timestamp>48.500835</timestamp>
			</report>
			<report>
				<misses>700001</misses>
				<total>694154</total>
				<timestamp>48.581341</timestamp>
			</report>
			<report>
				<misses>701001</misses>
				<total>695153</total>
				<timestamp>48.661325</timestamp>
			</report>
			<report>
				<misses>702001</misses>
				<total>696152</total>
				<timestamp>48.739120</timestamp>
			</report>
			<report>
				<misses>703001</misses>
				<total>697151</total>
				<timestamp>48.818388</timestamp>
			</report>
			<report>
				<misses>704001</misses>
				<total>698150</total>
				<timestamp>48.894085</timestamp>
			</report>
			<report>
				<misses>705001</misses>
				<total>699149</total>
				<timestamp>48.956444</timestamp>
			</report>
			<report>
				<misses>706001</misses>
				<total>700148</total>
				<timestamp>49.020368</timestamp>
			</report>
			<report>
				<misses>707001</misses>
				<total>701147</total>
				<timestamp>49.089733</timestamp>
			</report>
			<report>
				<misses>708001</misses>
				<total>702146</total>
				<timestamp>49.160721</timestamp>
			</report>
			<report>
				<misses>709001</misses>
				<total>703145</total>
				<timestamp>49.224336</timestamp>
			</report>
			<report>
				<misses>710001</misses>
				<total>704144</total>
				<timestamp>49.296592</timestamp>
			</report>
			<report>
				<misses>711001</misses>
				<total>705143</total>
				<timestamp>49.362681</timestamp>
			</report>
			<report>
				<misses>712001</misses>
				<total>706142</total>
				<timestamp>49.432438</timestamp>
			</report>
			<report>
				<misses>713001</misses>
				<total>707141</total>
				<timestamp>49.497273</timestamp>
			</report>
			<report>
				<misses>714001</misses>
				<total>708140</total>
				<timestamp>49.574782</timestamp>
			</report>
			<report>
				<misses>715001</misses>
				<total>709139</total>
				<timestamp>49.654073</timestamp>
			</report>
			<report>
				<misses>716001</misses>
				<total>710138</total>
				<timestamp>49.731611</timestamp>
			</report>
			<report>
				<misses>717001</misses>
				<total>711137</total>
				<timestamp>49.797057</timestamp>
			</report>
			<report>
				<misses>718001</misses>
				<total>712136</total>
				<timestamp>49.875180</timestamp>
			</report>
			<report>
				<misses>719001</misses>
				<total>713135</total>
				<timestamp>49.950089</timestamp>
			</report>
			<report>
				<misses>720001</misses>
				<total>714134</total>
				<timestamp>50.030771</timestamp>
			</report>
			<report>
				<misses>721001</misses>
				<total>715133</total>
				<timestamp>50.106239</timestamp>
			</report>
			<report>
				<misses>722001</misses>
				<total>716132</total>
				<timestamp>50.170466</timestamp>
			</report>
			<report>
				<misses>723001</misses>
				<total>717131</total>
				<timestamp>50.243039</timestamp>
			</report>
			<report>
				<misses>724001</misses>
				<total>718130</total>
				<timestamp>50.314709</timestamp>
			</report>
			<report>
				<misses>725001</misses>
				<total>719129</total>
				<timestamp>50.407539</timestamp>
			</report>
			<report>
				<misses>726001</misses>
				<total>720128</total>
				<timestamp>50.473918</timestamp>
			</report>
			<report>
				<misses>727001</misses>
				<total>721127</total>
				<timestamp>50.536347</timestamp>
			</report>
			<report>
				<misses>728001</misses>
				<total>722126</total>
				<timestamp>50.600444</timestamp>
			</report>
			<report>
				<misses>729001</misses>
				<total>723125</total>
				<timestamp>50.667524</timestamp>
			</report>
			<report>
				<misses>730001</misses>
				<total>724124</total>
				<timestamp>50.730895</timestamp>
			</report>
			<report>
				<misses>731001</misses>
				<total>725123</total>
				<timestamp>50.794284</timestamp>
			</report>
			<report>
				<misses>732001</misses>
				<total>726122</total>
				<timestamp>50.865278</timestamp>
			</report>
			<report>
				<misses>733001</misses>
				<total>727121</total>
				<timestamp>50.933278</timestamp>
			</report>
			<report>
				<misses>734001</misses>
				<total>728120</total>
				<timestamp>51.006519</timestamp>
			</report>
			<report>
				<misses>735001</misses>
				<total>729119</total>
				<timestamp>51.080685</timestamp>
			</report>
			<report>
				<misses>736001</misses>
				<total>730118</total>
				<timestamp>51.150595</timestamp>
			</report>
			<report>
				<misses>737001</misses>
				<total>731117</total>
				<timestamp>51.228353</timestamp>
			</report>
			<report>
				<misses>738001</misses>
				<total>732116</total>
				<timestamp>51.307617</timestamp>
			</report>
			<report>
				<misses>739001</misses>
				<total>733115</total>
				<timestamp>51.375927</timestamp>
			</report>
			<report>
				<misses>740001</misses>
				<total>734114</total>
				<timestamp>51.453788</timestamp>
			</report>
			<report>
				<misses>741001</misses>
				<total>735113</total>
				<timestamp>51.527379</timestamp>
			</report>
			<report>
				<misses>742001</misses>
				<total>736112</total>
				<timestamp>51.610099</timestamp>
			</report>
			<report>
				<misses>743001</misses>
				<total>737111</total>
				<timestamp>51.685742</timestamp>
			</report>
			<report>
				<misses>744001</misses>
				<total>738110</total>
				<timestamp>51.763469</timestamp>
			</report>
			<report>
				<misses>745001</misses>
				<total>739109</total>
				<timestamp>51.837209</timestamp>
			</report>
			<report>
				<misses>746001</misses>
				<total>740108</total>
				<timestamp>51.909619</timestamp>
			</report>
			<report>
				<misses>747001</misses>
				<total>741107</total>
				<timestamp>51.981193</timestamp>
			</report>
			<report>
				<misses>748001</misses>
				<total>742106</total>
				<timestamp>52.046767</timestamp>
			</report>
			<report>
				<misses>749001</misses>
				<total>743105</total>
				<timestamp>52.117321</timestamp>
			</report>
			<report>
				<misses>750001</misses>
				<total>744104</total>
				<timestamp>52.191332</timestamp>
			</report>
			<report>
				<misses>751001</misses>
				<total>745103</total>
				<timestamp>52.255848</timestamp>
			</report>
			<report>
				<misses>752001</misses>
				<total>746102</total>
				<timestamp>52.319330</timestamp>
			</report>
			<report>
				<misses>753001</misses>
				<total>747101</total>
				<timestamp>52.386412</timestamp>
			</report>
			<report>
				<misses>754001</misses>
				<total>748100</total>
				<timestamp>52.453369</timestamp>
			</report>
			<report>
				<misses>755001</misses>
				<total>749099</total>
				<timestamp>52.516752</timestamp>
			</report>
			<report>
				<misses>756001</misses>
				<total>750098</total>
				<timestamp>52.592274</timestamp>
			</report>
			<report>
				<misses>757001</misses>
				<total>751097</total>
				<timestamp>52.669089</timestamp>
			</report>
			<report>
				<misses>758001</misses>
				<total>752096</total>
				<timestamp>52.733009</timestamp>
			</report>
			<report>
				<misses>759001</misses>
				<total>753095</total>
				<timestamp>52.803230</timestamp>
			</report>
			<report>
				<misses>760001</misses>
				<total>754094</total>
				<timestamp>52.879228</timestamp>
			</report>
			<report>
				<misses>761001</misses>
				<total>755093</total>
				<timestamp>52.942807</timestamp>
			</report>
			<report>
				<misses>762001</misses>
				<total>756092</total>
				<timestamp>53.010159</timestamp>
			</report>
			<report>
				<misses>763001</misses>
				<total>757091</total>
				<timestamp>53.086667</timestamp>
			</report>
			<report>
				<misses>764001</misses>
				<total>758090</total>
				<timestamp>53.156057</timestamp>
			</report>
			<report>
				<misses>765001</misses>
				<total>759089</total>
				<timestamp>53.220417</timestamp>
			</report>
			<report>
				<misses>766001</misses>
				<total>760088</total>
				<timestamp>53.287394</timestamp>
			</report>
			<report>
				<misses>767001</misses>
				<total>761087</total>
				<timestamp>53.361389</timestamp>
			</report>
			<report>
				<misses>768001</misses>
				<total>762086</total>
				<timestamp>53.426395</timestamp>
			</report>
			<report>
				<misses>769001</misses>
				<total>763085</total>
				<timestamp>53.490254</timestamp>
			</report>
			<report>
				<misses>770001</misses>
				<total>764084</total>
				<timestamp>53.559121</timestamp>
			</report>
			<report>
				<misses>771001</misses>
				<total>765083</total>
				<timestamp>53.638945</timestamp>
			</report>
			<report>
				<misses>772001</misses>
				<total>766082</total>
				<timestamp>53.719561</timestamp>
			</report>
			<report>
				<misses>773001</misses>
				<total>767081</total>
				<timestamp>53.796635</timestamp>
			</report>
			<report>
				<misses>774001</misses>
				<total>768080</total>
				<timestamp>53.869153</timestamp>
			</report>
			<report>
				<misses>775001</misses>
				<total>769079</total>
				<timestamp>53.932934</timestamp>
			</report>
			<report>
				<misses>776001</misses>
				<total>770078</total>
				<timestamp>54.002131</timestamp>
			</report>
			<report>
				<misses>777001</misses>
				<total>771077</total>
				<timestamp>54.066359</timestamp>
			</report>
			<report>
				<misses>778001</misses>
				<total>772076</total>
				<timestamp>54.129726</timestamp>
			</report>
			<report>
				<misses>779001</misses>
				<total>773075</total>
				<timestamp>54.197575</timestamp>
			</report>
			<report>
				<misses>780001</misses>
				<total>774074</total>
				<timestamp>54.275813</timestamp>
			</report>
			<report>
				<misses>781001</misses>
				<total>775073</total>
				<timestamp>54.352532</timestamp>
			</report>
			<report>
				<misses>782001</misses>
				<total>776072</total>
				<timestamp>54.426654</timestamp>
			</report>
			<report>
				<misses>783001</misses>
				<total>777071</total>
				<timestamp>54.500788</timestamp>
			</report>
			<report>
				<misses>784001</misses>
				<total>778070</total>
				<timestamp>54.575307</timestamp>
			</report>
			<report>
				<misses>785001</misses>
				<total>779069</total>
				<timestamp>54.648467</timestamp>
			</report>
			<report>
				<misses>786001</misses>
				<total>780068</total>
				<timestamp>54.724057</timestamp>
			</report>
			<report>
				<misses>787001</misses>
				<total>781067</total>
				<timestamp>54.790706</timestamp>
			</report>
			<report>
				<misses>788001</misses>
				<total>782066</total>
				<timestamp>54.859718</timestamp>
			</report>
			<report>
				<misses>789001</misses>
				<total>783065</total>
				<timestamp>54.924009</timestamp>
			</report>
			<report>
				<misses>790001</misses>
				<total>784064</total>
				<timestamp>54.987390</timestamp>
			</report>
			<report>
				<misses>791001</misses>
				<total>785063</total>
				<timestamp>55.051175</timestamp>
			</report>
			<report>
				<misses>792001</misses>
				<total>786062</total>
				<timestamp>55.119133</timestamp>
			</report>
			<report>
				<misses>793001</misses>
				<total>787061</total>
				<timestamp>55.200699</timestamp>
			</report>
			<report>
				<misses>794001</misses>
				<total>788060</total>
				<timestamp>55.269428</timestamp>
			</report>
			<report>
				<misses>795001</misses>
				<total>789059</total>
				<timestamp>55.335051</timestamp>
			</report>
			<report>
				<misses>796001</misses>
				<total>790058</total>
				<timestamp>55.400793</timestamp>
			</report>
			<report>
				<misses>797001</misses>
				<total>791057</total>
				<timestamp>55.473568</timestamp>
			</report>
			<report>
				<misses>798001</misses>
				<total>792056</total>
				<timestamp>55.538235</timestamp>
			</report>
			<report>
				<misses>799001</misses>
				<total>793055</total>
				<timestamp>55.608616</timestamp>
			</report>
			<report>
				<misses>800001</misses>
				<total>794054</total>
				<timestamp>55.672682</timestamp>
			</report>
			<report>
				<misses>801001</misses>
				<total>795053</total>
				<timestamp>55.736259</timestamp>
			</report>
			<report>
				<misses>802001</misses>
				<total>796052</total>
				<timestamp>55.799856</timestamp>
			</report>
			<report>
				<misses>803001</misses>
				<total>797051</total>
				<timestamp>55.863858</timestamp>
			</report>
			<report>
				<misses>804001</misses>
				<total>798050</total>
				<timestamp>55.927777</timestamp>
			</report>
			<report>
				<misses>805001</misses>
				<total>799049</total>
				<timestamp>55.991087</timestamp>
			</report>
			<report>
				<misses>806001</misses>
				<total>800048</total>
				<timestamp>56.054490</timestamp>
			</report>
			<report>
				<misses>807001</misses>
				<total>801047</total>
				<timestamp>56.117859</timestamp>
			</report>
			<report>
				<misses>808001</misses>
				<total>802046</total>
				<timestamp>56.181458</timestamp>
			</report>
			<report>
				<misses>809001</misses>
				<total>803045</total>
				<timestamp>56.257063</timestamp>
			</report>
			<report>
				<misses>810001</misses>
				<total>804044</total>
				<timestamp>56.327379</timestamp>
			</report>
			<report>
				<misses>811001</misses>
				<total>805043</total>
				<timestamp>56.399663</timestamp>
			</report>
			<report>
				<misses>812001</misses>
				<total>806042</total>
				<timestamp>56.475356</timestamp>
			</report>
			<report>
				<misses>813001</misses>
				<total>807041</total>
				<timestamp>56.539037</timestamp>
			</report>
			<report>
				<misses>814001</misses>
				<total>808040</total>
				<timestamp>56.603182</timestamp>
			</report>
			<report>
				<misses>815001</misses>
				<total>809039</total>
				<timestamp>56.670892</timestamp>
			</report>
			<report>
				<misses>816001</misses>
				<total>810038</total>
				<timestamp>56.743773</timestamp>
			</report>
			<report>
				<misses>817001</misses>
				<total>811037</total>
				<timestamp>56.825261</timestamp>
			</report>
			<report>
				<misses>818001</misses>
				<total>812036</total>
				<timestamp>56.905738</timestamp>
			</report>
			<report>
				<misses>819001</misses>
				<total>813035</total>
				<timestamp>56.985574</timestamp>
			</report>
			<report>
				<misses>820001</misses>
				<total>814034</total>
				<timestamp>57.053628</timestamp>
			</report>
			<report>
				<misses>821001</misses>
				<total>815033</total>
				<timestamp>57.136643</timestamp>
			</report>
			<report>
				<misses>822001</misses>
				<total>816032</total>
				<timestamp>57.200711</timestamp>
			</report>
			<report>
				<misses>823001</misses>
				<total>817031</total>
				<timestamp>57.264538</timestamp>
			</report>
			<report>
				<misses>824001</misses>
				<total>818030</total>
				<timestamp>57.329617</timestamp>
			</report>
			<report>
				<misses>825001</misses>
				<total>819029</total>
				<timestamp>57.393508</timestamp>
			</report>
			<report>
				<misses>826001</misses>
				<total>820028</total>
				<timestamp>57.457665</timestamp>
			</report>
			<report>
				<misses>827001</misses>
				<total>821027</total>
				<timestamp>57.529509</timestamp>
			</report>
			<report>
				<misses>828001</misses>
				<total>822026</total>
				<timestamp>57.603817</timestamp>
			</report>
			<report>
				<misses>829001</misses>
				<total>823025</total>
				<timestamp>57.684482</timestamp>
			</report>
			<report>
				<misses>830001</misses>
				<total>824024</total>
				<timestamp>57.754365</timestamp>
			</report>
			<report>
				<misses>831001</misses>
				<total>825023</total>
				<timestamp>57.821469</timestamp>
			</report>
			<report>
				<misses>832001</misses>
				<total>826022</total>
				<timestamp>57.891760</timestamp>
			</report>
			<report>
				<misses>833001</misses>
				<total>827021</total>
				<timestamp>57.955224</timestamp>
			</report>
			<report>
				<misses>834001</misses>
				<total>828020</total>
				<timestamp>58.028994</timestamp>
			</report>
			<report>
				<misses>835001</misses>
				<total>829019</total>
				<timestamp>58.099944</timestamp>
			</report>
			<report>
				<misses>836001</misses>
				<total>830018</total>
				<timestamp>58.174362</timestamp>
			</report>
			<report>
				<misses>837001</misses>
				<total>831017</total>
				<timestamp>58.252086</timestamp>
			</report>
			<report>
				<misses>838001</misses>
				<total>832016</total>
				<timestamp>58.332400</timestamp>
			</report>
			<report>
				<misses>839001</misses>
				<total>833015</total>
				<timestamp>58.407019</timestamp>
			</report>
			<report>
				<misses>840001</misses>
				<total>834014</total>
				<timestamp>58.470386</timestamp>
			</report>
			<report>
				<misses>841001</misses>
				<total>835013</total>
				<timestamp>58.534009</timestamp>
			</report>
			<report>
				<misses>842001</misses>
				<total>836012</total>
				<timestamp>58.606227</timestamp>
			</report>
			<report>
				<misses>843001</misses>
				<total>837011</total>
				<timestamp>58.675881</timestamp>
			</report>
			<report>
				<misses>844001</misses>
				<total>838010</total>
				<timestamp>58.749716</timestamp>
			</report>
			<report>
				<misses>845001</misses>
				<total>839009</total>
				<timestamp>58.822997</timestamp>
			</report>
			<report>
				<misses>846001</misses>
				<total>840008</total>
				<timestamp>58.888169</timestamp>
			</report>
			<report>
				<misses>847001</misses>
				<total>841007</total>
				<timestamp>58.964499</timestamp>
			</report>
			<report>
				<misses>848001</misses>
				<total>842006</total>
				<timestamp>59.044286</timestamp>
			</report>
			<report>
				<misses>849001</misses>
				<total>843005</total>
				<timestamp>59.110238</timestamp>
			</report>
			<report>
				<misses>850001</misses>
				<total>844004</total>
				<timestamp>59.173852</timestamp>
			</report>
			<report>
				<misses>851001</misses>
				<total>845003</total>
				<timestamp>59.237454</timestamp>
			</report>
			<report>
				<misses>852001</misses>
				<total>846002</total>
				<timestamp>59.301562</timestamp>
			</report>
			<report>
				<misses>853001</misses>
				<total>847001</total>
				<timestamp>59.365721</timestamp>
			</report>
			<report>
				<misses>854001</misses>
				<total>848000</total>
				<timestamp>59.429714</timestamp>
			</report>
			<report>
				<misses>855001</misses>
				<total>848999</total>
				<timestamp>59.499598</timestamp>
			</report>
			<report>
				<misses>856001</misses>
				<total>849998</total>
				<timestamp>59.563699</timestamp>
			</report>
			<report>
				<misses>857001</misses>
				<total>850997</total>
				<timestamp>59.632316</timestamp>
			</report>
			<report>
				<misses>858001</misses>
				<total>851996</total>
				<timestamp>59.704480</timestamp>
			</report>
			<report>
				<misses>859001</misses>
				<total>852995</total>
				<timestamp>59.771530</timestamp>
			</report>
			<report>
				<misses>860001</misses>
				<total>853994</total>
				<timestamp>59.844055</timestamp>
			</report>
			<report>
				<misses>861001</misses>
				<total>854993</total>
				<timestamp>59.910870</timestamp>
			</report>
			<report>
				<misses>862001</misses>
				<total>855992</total>
				<timestamp>59.979538</timestamp>
			</report>
			<report>
				<misses>863001</misses>
				<total>856991</total>
				<timestamp>60.049355</timestamp>
			</report>
			<report>
				<misses>864001</misses>
				<total>857990</total>
				<timestamp>60.124052</timestamp>
			</report>
			<report>
				<misses>865001</misses>
				<total>858989</total>
				<timestamp>60.187987</timestamp>
			</report>
			<report>
				<misses>866001</misses>
				<total>859988</total>
				<timestamp>60.253486</timestamp>
			</report>
			<report>
				<misses>867001</misses>
				<total>860987</total>
				<timestamp>60.317038</timestamp>
			</report>
			<report>
				<misses>868001</misses>
				<total>861986</total>
				<timestamp>60.388614</timestamp>
			</report>
			<report>
				<misses>869001</misses>
				<total>862985</total>
				<timestamp>60.462542</timestamp>
			</report>
			<report>
				<misses>870001</misses>
				<total>863984</total>
				<timestamp>60.538146</timestamp>
			</report>
			<report>
				<misses>871001</misses>
				<total>864983</total>
				<timestamp>60.604606</timestamp>
			</report>
			<report>
				<misses>872001</misses>
				<total>865982</total>
				<timestamp>60.670140</timestamp>
			</report>
			<report>
				<misses>873001</misses>
				<total>866981</total>
				<timestamp>60.734349</timestamp>
			</report>
			<report>
				<misses>874001</misses>
				<total>867980</total>
				<timestamp>60.814437</timestamp>
			</report>
			<report>
				<misses>875001</misses>
				<total>868979</total>
				<timestamp>60.894268</timestamp>
			</report>
			<report>
				<misses>876001</misses>
				<total>869978</total>
				<timestamp>60.971759</timestamp>
			</report>
			<report>
				<misses>877001</misses>
				<total>870977</total>
				<timestamp>61.040454</timestamp>
			</report>
			<report>
				<misses>878001</misses>
				<total>871976</total>
				<timestamp>61.111324</timestamp>
			</report>
			<report>
				<misses>879001</misses>
				<total>872975</total>
				<timestamp>61.174885</timestamp>
			</report>
			<report>
				<misses>880001</misses>
				<total>873974</total>
				<timestamp>61.239895</timestamp>
			</report>
			<report>
				<misses>881001</misses>
				<total>874973</total>
				<timestamp>61.318875</timestamp>
			</report>
			<report>
				<misses>882001</misses>
				<total>875972</total>
				<timestamp>61.394583</timestamp>
			</report>
			<report>
				<misses>883001</misses>
				<total>876971</total>
				<timestamp>61.476145</timestamp>
			</report>
			<report>
				<misses>884001</misses>
				<total>877970</total>
				<timestamp>61.551798</timestamp>
			</report>
			<report>
				<misses>885001</misses>
				<total>878969</total>
				<timestamp>61.623818</timestamp>
			</report>
			<report>
				<misses>886001</misses>
				<total>879968</total>
				<timestamp>61.694982</timestamp>
			</report>
			<report>
				<misses>887001</misses>
				<total>880967</total>
				<timestamp>61.771667</timestamp>
			</report>
			<report>
				<misses>888001</misses>
				<total>881966</total>
				<timestamp>61.841821</timestamp>
			</report>
			<report>
				<misses>889001</misses>
				<total>882965</total>
				<timestamp>61.909218</timestamp>
			</report>
			<report>
				<misses>890001</misses>
				<total>883964</total>
				<timestamp>61.983244</timestamp>
			</report>
			<report>
				<misses>891001</misses>
				<total>884963</total>
				<timestamp>62.062601</timestamp>
			</report>
			<report>
				<misses>892001</misses>
				<total>885962</total>
				<timestamp>62.126607</timestamp>
			</report>
			<report>
				<misses>893001</misses>
				<total>886961</total>
				<timestamp>62.195124</timestamp>
			</report>
			<report>
				<misses>894001</misses>
				<total>887960</total>
				<timestamp>62.260225</timestamp>
			</report>
			<report>
				<misses>895001</misses>
				<total>888959</total>
				<timestamp>62.323624</timestamp>
			</report>
			<report>
				<misses>896001</misses>
				<total>889958</total>
				<timestamp>62.388310</timestamp>
			</report>
			<report>
				<misses>897001</misses>
				<total>890957</total>
				<timestamp>62.455953</timestamp>
			</report>
			<report>
				<misses>898001</misses>
				<total>891956</total>
				<timestamp>62.533998</timestamp>
			</report>
			<report>
				<misses>899001</misses>
				<total>892955</total>
				<timestamp>62.598966</timestamp>
			</report>
			<report>
				<misses>900001</misses>
				<total>893954</total>
				<timestamp>62.665108</timestamp>
			</report>
			<report>
				<misses>901001</misses>
				<total>894953</total>
				<timestamp>62.729051</timestamp>
			</report>
			<report>
				<misses>902001</misses>
				<total>895952</total>
				<timestamp>62.792987</timestamp>
			</report>
			<report>
				<misses>903001</misses>
				<total>896951</total>
				<timestamp>62.857092</timestamp>
			</report>
			<report>
				<misses>904001</misses>
				<total>897950</total>
				<timestamp>62.920975</timestamp>
			</report>
			<report>
				<misses>905001</misses>
				<total>898949</total>
				<timestamp>62.986463</timestamp>
			</report>
			<report>
				<misses>906001</misses>
				<total>899948</total>
				<timestamp>63.050542</timestamp>
			</report>
			<report>
				<misses>907001</misses>
				<total>900947</total>
				<timestamp>63.121534</timestamp>
			</report>
			<report>
				<misses>908001</misses>
				<total>901946</total>
				<timestamp>63.199431</timestamp>
			</report>
			<report>
				<misses>909001</misses>
				<total>902945</total>
				<timestamp>63.265100</timestamp>
			</report>
			<report>
				<misses>910001</misses>
				<total>903944</total>
				<timestamp>63.327284</timestamp>
			</report>
			<report>
				<misses>911001</misses>
				<total>904943</total>
				<timestamp>63.390602</timestamp>
			</report>
			<report>
				<misses>912001</misses>
				<total>905942</total>
				<timestamp>63.456411</timestamp>
			</report>
			<report>
				<misses>913001</misses>
				<total>906941</total>
				<timestamp>63.525619</timestamp>
			</report>
			<report>
				<misses>914001</misses>
				<total>907940</total>
				<timestamp>63.597599</timestamp>
			</report>
			<report>
				<misses>915001</misses>
				<total>908939</total>
				<timestamp>63.669719</timestamp>
			</report>
			<report>
				<misses>916001</misses>
				<total>909938</total>
				<timestamp>63.743822</timestamp>
			</report>
			<report>
				<misses>917001</misses>
				<total>910937</total>
				<timestamp>63.808771</timestamp>
			</report>
			<report>
				<misses>918001</misses>
				<total>911936</total>
				<timestamp>63.879130</timestamp>
			</report>
			<report>
				<misses>919001</misses>
				<total>912935</total>
				<timestamp>63.963312</timestamp>
			</report>
			<report>
				<misses>920001</misses>
				<total>913934</total>
				<timestamp>64.047152</timestamp>
			</report>
			<report>
				<misses>921001</misses>
				<total>914933</total>
				<timestamp>64.114973</timestamp>
			</report>
			<report>
				<misses>922001</misses>
				<total>915932</total>
				<timestamp>64.181208</timestamp>
			</report>
			<report>
				<misses>923001</misses>
				<total>916931</total>
				<timestamp>64.260254</timestamp>
			</report>
			<report>
				<misses>924001</misses>
				<total>917930</total>
				<timestamp>64.339458</timestamp>
			</report>
			<report>
				<misses>925001</misses>
				<total>918929</total>
				<timestamp>64.410699</timestamp>
			</report>
			<report>
				<misses>926001</misses>
				<total>919928</total>
				<timestamp>64.483835</timestamp>
			</report>
			<report>
				<misses>927001</misses>
				<total>920927</total>
				<timestamp>64.547271</timestamp>
			</report>
			<report>
				<misses>928001</misses>
				<total>921926</total>
				<timestamp>64.611228</timestamp>
			</report>
			<report>
				<misses>929001</misses>
				<total>922925</total>
				<timestamp>64.678138</timestamp>
			</report>
			<report>
				<misses>930001</misses>
				<total>923924</total>
				<timestamp>64.746178</timestamp>
			</report>
			<report>
				<misses>931001</misses>
				<total>924923</total>
				<timestamp>64.809104</timestamp>
			</report>
			<report>
				<misses>932001</misses>
				<total>925922</total>
				<timestamp>64.879900</timestamp>
			</report>
			<report>
				<misses>933001</misses>
				<total>926921</total>
				<timestamp>64.941904</timestamp>
			</report>
			<report>
				<misses>934001</misses>
				<total>927920</total>
				<timestamp>65.006627</timestamp>
			</report>
			<report>
				<misses>935001</misses>
				<total>928919</total>
				<timestamp>65.074537</timestamp>
			</report>
			<report>
				<misses>936001</misses>
				<total>929918</total>
				<timestamp>65.146901</timestamp>
			</report>
			<report>
				<misses>937001</misses>
				<total>930917</total>
				<timestamp>65.210173</timestamp>
			</report>
			<report>
				<misses>938001</misses>
				<total>931916</total>
				<timestamp>65.279232</timestamp>
			</report>
			<report>
				<misses>939001</misses>
				<total>932915</total>
				<timestamp>65.346073</timestamp>
			</report>
			<report>
				<misses>940001</misses>
				<total>933914</total>
				<timestamp>65.419398</timestamp>
			</report>
			<report>
				<misses>941001</misses>
				<total>934913</total>
				<timestamp>65.487286</timestamp>
			</report>
			<report>
				<misses>942001</misses>
				<total>935912</total>
				<timestamp>65.550321</timestamp>
			</report>
			<report>
				<misses>943001</misses>
				<total>936911</total>
				<timestamp>65.615233</timestamp>
			</report>
			<report>
				<misses>944001</misses>
				<total>937910</total>
				<timestamp>65.693274</timestamp>
			</report>
			<report>
				<misses>945001</misses>
				<total>938909</total>
				<timestamp>65.773244</timestamp>
			</report>
			<report>
				<misses>946001</misses>
				<total>939908</total>
				<timestamp>65.846423</timestamp>
			</report>
			<report>
				<misses>947001</misses>
				<total>940907</total>
				<timestamp>65.918222</timestamp>
			</report>
			<report>
				<misses>948001</misses>
				<total>941906</total>
				<timestamp>65.993591</timestamp>
			</report>
			<report>
				<misses>949001</misses>
				<total>942905</total>
				<timestamp>66.057543</timestamp>
			</report>
			<report>
				<misses>950001</misses>
				<total>943904</total>
				<timestamp>66.129321</timestamp>
			</report>
			<report>
				<misses>951001</misses>
				<total>944903</total>
				<timestamp>66.203601</timestamp>
			</report>
			<report>
				<misses>952001</misses>
				<total>945902</total>
				<timestamp>66.275272</timestamp>
			</report>
			<report>
				<misses>953001</misses>
				<total>946901</total>
				<timestamp>66.353936</timestamp>
			</report>
			<report>
				<misses>954001</misses>
				<total>947900</total>
				<timestamp>66.424506</timestamp>
			</report>
			<report>
				<misses>955001</misses>
				<total>948899</total>
				<timestamp>66.488186</timestamp>
			</report>
			<report>
				<misses>956001</misses>
				<total>949898</total>
				<timestamp>66.551402</timestamp>
			</report>
			<report>
				<misses>957001</misses>
				<total>950897</total>
				<timestamp>66.615553</timestamp>
			</report>
			<report>
				<misses>958001</misses>
				<total>951896</total>
				<timestamp>66.681196</timestamp>
			</report>
			<report>
				<misses>959001</misses>
				<total>952895</total>
				<timestamp>66.751807</timestamp>
			</report>
			<report>
				<misses>960001</misses>
				<total>953894</total>
				<timestamp>66.815426</timestamp>
			</report>
			<report>
				<misses>961001</misses>
				<total>954893</total>
				<timestamp>66.890103</timestamp>
			</report>
			<report>
				<misses>962001</misses>
				<total>955892</total>
				<timestamp>66.958465</timestamp>
			</report>
			<report>
				<misses>963001</misses>
				<total>956891</total>
				<timestamp>67.031596</timestamp>
			</report>
			<report>
				<misses>964001</misses>
				<total>957890</total>
				<timestamp>67.109479</timestamp>
			</report>
			<report>
				<misses>965001</misses>
				<total>958889</total>
				<timestamp>67.181056</timestamp>
			</report>
			<report>
				<misses>966001</misses>
				<total>959888</total>
				<timestamp>67.249200</timestamp>
			</report>
			<report>
				<misses>967001</misses>
				<total>960887</total>
				<timestamp>67.316841</timestamp>
			</report>
			<report>
				<misses>968001</misses>
				<total>961886</total>
				<timestamp>67.387652</timestamp>
			</report>
			<report>
				<misses>969001</misses>
				<total>962885</total>
				<timestamp>67.453937</timestamp>
			</report>
			<report>
				<misses>970001</misses>
				<total>963884</total>
				<timestamp>67.524456</timestamp>
			</report>
			<report>
				<misses>971001</misses>
				<total>964883</total>
				<timestamp>67.603340</timestamp>
			</report>
			<report>
				<misses>972001</misses>
				<total>965882</total>
				<timestamp>67.677815</timestamp>
			</report>
			<report>
				<misses>973001</misses>
				<total>966881</total>
				<timestamp>67.742189</timestamp>
			</report>
			<report>
				<misses>974001</misses>
				<total>967880</total>
				<timestamp>67.813578</timestamp>
			</report>
			<report>
				<misses>975001</misses>
				<total>968879</total>
				<timestamp>67.885162</timestamp>
			</report>
			<report>
				<misses>976001</misses>
				<total>969878</total>
				<timestamp>67.949945</timestamp>
			</report>
			<report>
				<misses>977001</misses>
				<total>970877</total>
				<timestamp>68.026872</timestamp>
			</report>
			<report>
				<misses>978001</misses>
				<total>971876</total>
				<timestamp>68.105962</timestamp>
			</report>
			<report>
				<misses>979001</misses>
				<total>972875</total>
				<timestamp>68.170392</timestamp>
			</report>
			<report>
				<misses>980001</misses>
				<total>973874</total>
				<timestamp>68.233834</timestamp>
			</report>
			<report>
				<misses>981001</misses>
				<total>974873</total>
				<timestamp>68.300651</timestamp>
			</report>
			<report>
				<misses>982001</misses>
				<total>975872</total>
				<timestamp>68.371698</timestamp>
			</report>
			<report>
				<misses>983001</misses>
				<total>976871</total>
				<timestamp>68.441092</timestamp>
			</report>
			<report>
				<misses>984001</misses>
				<total>977870</total>
				<timestamp>68.516624</timestamp>
			</report>
			<report>
				<misses>985001</misses>
				<total>978869</total>
				<timestamp>68.584857</timestamp>
			</report>
			<report>
				<misses>986001</misses>
				<total>979868</total>
				<timestamp>68.649614</timestamp>
			</report>
			<report>
				<misses>987001</misses>
				<total>980867</total>
				<timestamp>68.726711</timestamp>
			</report>
			<report>
				<misses>988001</misses>
				<total>981866</total>
				<timestamp>68.798247</timestamp>
			</report>
			<report>
				<misses>989001</misses>
				<total>982865</total>
				<timestamp>68.863714</timestamp>
			</report>
			<report>
				<misses>990001</misses>
				<total>983864</total>
				<timestamp>68.932561</timestamp>
			</report>
			<report>
				<misses>991001</misses>
				<total>984863</total>
				<timestamp>69.002906</timestamp>
			</report>
			<report>
				<misses>992001</misses>
				<total>985862</total>
				<timestamp>69.079419</timestamp>
			</report>
			<report>
				<misses>993001</misses>
				<total>986861</total>
				<timestamp>69.149082</timestamp>
			</report>
			<report>
				<misses>994001</misses>
				<total>987860</total>
				<timestamp>69.216416</timestamp>
			</report>
			<report>
				<misses>995001</misses>
				<total>988859</total>
				<timestamp>69.280202</timestamp>
			</report>
			<report>
				<misses>996001</misses>
				<total>989858</total>
				<timestamp>69.348127</timestamp>
			</report>
			<report>
				<misses>997001</misses>
				<total>990857</total>
				<timestamp>69.417924</timestamp>
			</report>
			<report>
				<misses>998001</misses>
				<total>991856</total>
				<timestamp>69.484982</timestamp>
			</report>
			<report>
				<misses>999001</misses>
				<total>992855</total>
				<timestamp>69.551134</timestamp>
			</report>
			<report>
				<misses>1000001</misses>
				<total>993854</total>
				<timestamp>69.617094</timestamp>
			</report>
			<report>
				<misses>1001001</misses>
				<total>994853</total>
				<timestamp>69.692541</timestamp>
			</report>
			<report>
				<misses>1002001</misses>
				<total>995852</total>
				<timestamp>69.757693</timestamp>
			</report>
			<report>
				<misses>1003001</misses>
				<total>996851</total>
				<timestamp>69.830997</timestamp>
			</report>
			<report>
				<misses>1004001</misses>
				<total>997850</total>
				<timestamp>69.898114</timestamp>
			</report>
			<report>
				<misses>1005001</misses>
				<total>998849</total>
				<timestamp>69.963296</timestamp>
			</report>
			<report>
				<misses>1006001</misses>
				<total>999848</total>
				<timestamp>70.030085</timestamp>
			</report>
			<report>
				<misses>1007001</misses>
				<total>1000847</total>
				<timestamp>70.096004</timestamp>
			</report>
			<report>
				<misses>1008001</misses>
				<total>1001846</total>
				<timestamp>70.161311</timestamp>
			</report>
			<report>
				<misses>1009001</misses>
				<total>1002845</total>
				<timestamp>70.227700</timestamp>
			</report>
			<report>
				<misses>1010001</misses>
				<total>1003844</total>
				<timestamp>70.291391</timestamp>
			</report>
			<report>
				<misses>1011001</misses>
				<total>1004843</total>
				<timestamp>70.370811</timestamp>
			</report>
			<report>
				<misses>1012001</misses>
				<total>1005842</total>
				<timestamp>70.447983</timestamp>
			</report>
			<report>
				<misses>1013001</misses>
				<total>1006841</total>
				<timestamp>70.523795</timestamp>
			</report>
			<report>
				<misses>1014001</misses>
				<total>1007840</total>
				<timestamp>70.600930</timestamp>
			</report>
			<report>
				<misses>1015001</misses>
				<total>1008839</total>
				<timestamp>70.667578</timestamp>
			</report>
			<report>
				<misses>1016001</misses>
				<total>1009838</total>
				<timestamp>70.731351</timestamp>
			</report>
			<report>
				<misses>1017001</misses>
				<total>1010837</total>
				<timestamp>70.794615</timestamp>
			</report>
			<report>
				<misses>1018001</misses>
				<total>1011836</total>
				<timestamp>70.866641</timestamp>
			</report>
			<report>
				<misses>1019001</misses>
				<total>1012835</total>
				<timestamp>70.931633</timestamp>
			</report>
			<report>
				<misses>1020001</misses>
				<total>1013834</total>
				<timestamp>70.994979</timestamp>
			</report>
			<report>
				<misses>1021001</misses>
				<total>1014833</total>
				<timestamp>71.058058</timestamp>
			</report>
			<report>
				<misses>1022001</misses>
				<total>1015832</total>
				<timestamp>71.126346</timestamp>
			</report>
			<report>
				<misses>1023001</misses>
				<total>1016831</total>
				<timestamp>71.197892</timestamp>
			</report>
			<report>
				<misses>1024001</misses>
				<total>1017830</total>
				<timestamp>71.270985</timestamp>
			</report>
			<report>
				<misses>1025001</misses>
				<total>1018829</total>
				<timestamp>71.334379</timestamp>
			</report>
			<report>
				<misses>1026001</misses>
				<total>1019828</total>
				<timestamp>71.409900</timestamp>
			</report>
			<report>
				<misses>1027001</misses>
				<total>1020827</total>
				<timestamp>71.490701</timestamp>
			</report>
			<report>
				<misses>1028001</misses>
				<total>1021826</total>
				<timestamp>71.555300</timestamp>
			</report>
			<report>
				<misses>1029001</misses>
				<total>1022825</total>
				<timestamp>71.622365</timestamp>
			</report>
			<report>
				<misses>1030001</misses>
				<total>1023824</total>
				<timestamp>71.686897</timestamp>
			</report>
			<report>
				<misses>1031001</misses>
				<total>1024823</total>
				<timestamp>71.757058</timestamp>
			</report>
			<report>
				<misses>1032001</misses>
				<total>1025822</total>
				<timestamp>71.825841</timestamp>
			</report>
			<report>
				<misses>1033001</misses>
				<total>1026821</total>
				<timestamp>71.889470</timestamp>
			</report>
			<report>
				<misses>1034001</misses>
				<total>1027820</total>
				<timestamp>71.955013</timestamp>
			</report>
			<report>
				<misses>1035001</misses>
				<total>1028819</total>
				<timestamp>72.030631</timestamp>
			</report>
			<report>
				<misses>1036001</misses>
				<total>1029818</total>
				<timestamp>72.103624</timestamp>
			</report>
			<report>
				<misses>1037001</misses>
				<total>1030817</total>
				<timestamp>72.171761</timestamp>
			</report>
			<report>
				<misses>1038001</misses>
				<total>1031816</total>
				<timestamp>72.242889</timestamp>
			</report>
			<report>
				<misses>1039001</misses>
				<total>1032815</total>
				<timestamp>72.324342</timestamp>
			</report>
			<report>
				<misses>1040001</misses>
				<total>1033814</total>
				<timestamp>72.392039</timestamp>
			</report>
			<report>
				<misses>1041001</misses>
				<total>1034813</total>
				<timestamp>72.468260</timestamp>
			</report>
			<report>
				<misses>1042001</misses>
				<total>1035812</total>
				<timestamp>72.543618</timestamp>
			</report>
			<report>
				<misses>1043001</misses>
				<total>1036811</total>
				<timestamp>72.616913</timestamp>
			</report>
			<report>
				<misses>1044001</misses>
				<total>1037810</total>
				<timestamp>72.680448</timestamp>
			</report>
			<report>
				<misses>1045001</misses>
				<total>1038809</total>
				<timestamp>72.746381</timestamp>
			</report>
			<report>
				<misses>1046001</misses>
				<total>1039808</total>
				<timestamp>72.810779</timestamp>
			</report>
			<report>
				<misses>1047001</misses>
				<total>1040807</total>
				<timestamp>72.875901</timestamp>
			</report>
			<report>
				<misses>1048001</misses>
				<total>1041806</total>
				<timestamp>72.939850</timestamp>
			</report>
			<report>
				<misses>1049001</misses>
				<total>1042301</total>
				<timestamp>73.003367</timestamp>
			</report>
			<report>
				<misses>1050001</misses>
				<total>1042641</total>
				<timestamp>73.067743</timestamp>
			</report>
			<report>
				<misses>1051001</misses>
				<total>1043640</total>
				<timestamp>73.137973</timestamp>
			</report>
			<report>
				<misses>1052001</misses>
				<total>1044639</total>
				<timestamp>73.216090</timestamp>
			</report>
			<report>
				<misses>1053001</misses>
				<total>1045638</total>
				<timestamp>73.291079</timestamp>
			</report>
			<report>
				<misses>1054001</misses>
				<total>1046637</total>
				<timestamp>73.354834</timestamp>
			</report>
			<report>
				<misses>1055001</misses>
				<total>1047636</total>
				<timestamp>73.424462</timestamp>
			</report>
			<report>
				<misses>1056001</misses>
				<total>1048534</total>
				<timestamp>73.489542</timestamp>
			</report>
			<report>
				<misses>1057001</misses>
				<total>1049316</total>
				<timestamp>73.553318</timestamp>
			</report>
			<report>
				<misses>1058001</misses>
				<total>1050315</total>
				<timestamp>73.629265</timestamp>
			</report>
			<report>
				<misses>1059001</misses>
				<total>1051314</total>
				<timestamp>73.701442</timestamp>
			</report>
			<report>
				<misses>1060001</misses>
				<total>1052313</total>
				<timestamp>73.765961</timestamp>
			</report>
			<report>
				<misses>1061001</misses>
				<total>1053312</total>
				<timestamp>73.829998</timestamp>
			</report>
			<report>
				<misses>1062001</misses>
				<total>1054311</total>
				<timestamp>73.899057</timestamp>
			</report>
			<report>
				<misses>1063001</misses>
				<total>1055310</total>
				<timestamp>73.977682</timestamp>
			</report>
			<report>
				<misses>1064001</misses>
				<total>1056309</total>
				<timestamp>74.042333</timestamp>
			</report>
			<report>
				<misses>1065001</misses>
				<total>1057308</total>
				<timestamp>74.106063</timestamp>
			</report>
			<report>
				<misses>1066001</misses>
				<total>1058307</total>
				<timestamp>74.171677</timestamp>
			</report>
			<report>
				<misses>1067001</misses>
				<total>1059306</total>
				<timestamp>74.237367</timestamp>
			</report>
			<report>
				<misses>1068001</misses>
				<total>1060305</total>
				<timestamp>74.311761</timestamp>
			</report>
			<report>
				<misses>1069001</misses>
				<total>1061304</total>
				<timestamp>74.375011</timestamp>
			</report>
			<report>
				<misses>1070001</misses>
				<total>1062303</total>
				<timestamp>74.437389</timestamp>
			</report>
			<report>
				<misses>1071001</misses>
				<total>1063302</total>
				<timestamp>74.503393</timestamp>
			</report>
			<report>
				<misses>1072001</misses>
				<total>1064301</total>
				<timestamp>74.573638</timestamp>
			</report>
			<report>
				<misses>1073001</misses>
				<total>1065300</total>
				<timestamp>74.637759</timestamp>
			</report>
			<report>
				<misses>1074001</misses>
				<total>1066299</total>
				<timestamp>74.722041</timestamp>
			</report>
			<report>
				<misses>1075001</misses>
				<total>1067298</total>
				<timestamp>74.798723</timestamp>
			</report>
			<report>
				<misses>1076001</misses>
				<total>1068297</total>
				<timestamp>74.872454</timestamp>
			</report>
			<report>
				<misses>1077001</misses>
				<total>1069296</total>
				<timestamp>74.943027</timestamp>
			</report>
			<report>
				<misses>1078001</misses>
				<total>1070295</total>
				<timestamp>75.017547</timestamp>
			</report>
			<report>
				<misses>1079001</misses>
				<total>1071294</total>
				<timestamp>75.091747</timestamp>
			</report>
			<report>
				<misses>1080001</misses>
				<total>1072293</total>
				<timestamp>75.168502</timestamp>
			</report>
			<report>
				<misses>1081001</misses>
				<total>1073292</total>
				<timestamp>75.245991</timestamp>
			</report>
			<report>
				<misses>1082001</misses>
				<total>1074291</total>
				<timestamp>75.310333</timestamp>
			</report>
			<report>
				<misses>1083001</misses>
				<total>1075290</total>
				<timestamp>75.376681</timestamp>
			</report>
			<report>
				<misses>1084001</misses>
				<total>1076289</total>
				<timestamp>75.451165</timestamp>
			</report>
			<report>
				<misses>1085001</misses>
				<total>1077288</total>
				<timestamp>75.520032</timestamp>
			</report>
			<report>
				<misses>1086001</misses>
				<total>1078287</total>
				<timestamp>75.586814</timestamp>
			</report>
			<report>
				<misses>1087001</misses>
				<total>1079286</total>
				<timestamp>75.650587</timestamp>
			</report>
			<report>
				<misses>1088001</misses>
				<total>1080285</total>
				<timestamp>75.714770</timestamp>
			</report>
			<report>
				<misses>1089001</misses>
				<total>1081284</total>
				<timestamp>75.786557</timestamp>
			</report>
			<report>
				<misses>1090001</misses>
				<total>1082283</total>
				<timestamp>75.856025</timestamp>
			</report>
			<report>
				<misses>1091001</misses>
				<total>1083282</total>
				<timestamp>75.921847</timestamp>
			</report>
			<report>
				<misses>1092001</misses>
				<total>1084281</total>
				<timestamp>75.998235</timestamp>
			</report>
			<report>
				<misses>1093001</misses>
				<total>1085280</total>
				<timestamp>76.072623</timestamp>
			</report>
			<report>
				<misses>1094001</misses>
				<total>1086279</total>
				<timestamp>76.148658</timestamp>
			</report>
			<report>
				<misses>1095001</misses>
				<total>1087278</total>
				<timestamp>76.219048</timestamp>
			</report>
			<report>
				<misses>1096001</misses>
				<total>1088277</total>
				<timestamp>76.291465</timestamp>
			</report>
			<report>
				<misses>1097001</misses>
				<total>1089276</total>
				<timestamp>76.360817</timestamp>
			</report>
			<report>
				<misses>1098001</misses>
				<total>1090275</total>
				<timestamp>76.433997</timestamp>
			</report>
			<report>
				<misses>1099001</misses>
				<total>1091274</total>
				<timestamp>76.508353</timestamp>
			</report>
			<report>
				<misses>1100001</misses>
				<total>1092273</total>
				<timestamp>76.586947</timestamp>
			</report>
			<report>
				<misses>1101001</misses>
				<total>1093272</total>
				<timestamp>76.652478</timestamp>
			</report>
			<report>
				<misses>1102001</misses>
				<total>1094271</total>
				<timestamp>76.729400</timestamp>
			</report>
			<report>
				<misses>1103001</misses>
				<total>1095270</total>
				<timestamp>76.806247</timestamp>
			</report>
			<report>
				<misses>1104001</misses>
				<total>1096269</total>
				<timestamp>76.869991</timestamp>
			</report>
			<report>
				<misses>1105001</misses>
				<total>1097268</total>
				<timestamp>76.933302</timestamp>
			</report>
			<report>
				<misses>1106001</misses>
				<total>1098267</total>
				<timestamp>76.999085</timestamp>
			</report>
			<report>
				<misses>1107001</misses>
				<total>1099266</total>
				<timestamp>77.064434</timestamp>
			</report>
			<report>
				<misses>1108001</misses>
				<total>1100265</total>
				<timestamp>77.139181</timestamp>
			</report>
			<report>
				<misses>1109001</misses>
				<total>1101264</total>
				<timestamp>77.213387</timestamp>
			</report>
			<report>
				<misses>1110001</misses>
				<total>1102263</total>
				<timestamp>77.280720</timestamp>
			</report>
		</query>
	</custom>
	<ethtool_statistic>
		<rx_packets>
			<start>6939185181</start>
			<end>6945156148</end>
		</rx_packets>
		<tx_packets>
			<start>11459740362</start>
			<end>11476571785</end>
		</tx_packets>
		<rx_dropped>
			<start>0</start>
			<end>0</end>
		</rx_dropped>
		<tx_dropped>
			<start>0</start>
			<end>0</end>
		</tx_dropped>
		<collisions>
			<start>0</start>
			<end>0</end>
		</collisions>
		<port_tx_errors>
			<start>0</start>
			<end>0</end>
		</port_tx_errors>
		<port_rx_dropped>
			<start>0</start>
			<end>0</end>
		</port_rx_dropped>
		<port_tx_dropped_link_down>
			<start>0</start>
			<end>0</end>
		</port_tx_dropped_link_down>
	</ethtool_statistic>
	<ip_statistic>
		<mtu>
			<start>9000</start>
			<end>9000</end>
		</mtu>
		<rx_bytes>
			<start>28529616289592</start>
			<end>28555981884684</end>
		</rx_bytes>
		<rx_packets>
			<start>6939185400</start>
			<end>6945156260</end>
		</rx_packets>
		<rx_errors>
			<start>0</start>
			<end>0</end>
		</rx_errors>
		<rx_dropped>
			<start>0</start>
			<end>0</end>
		</rx_dropped>
		<rx_missed>
			<start>0</start>
			<end>0</end>
		</rx_missed>
		<rx_mcast>
			<start>4895</start>
			<end>4895</end>
		</rx_mcast>
		<tx_bytes>
			<start>38115370139230</start>
			<end>38208404893798</end>
		</tx_bytes>
		<tx_packets>
			<start>11459740395</start>
			<end>11476572413</end>
		</tx_packets>
		<tx_errors>
			<start>0</start>
			<end>0</end>
		</tx_errors>
		<tx_dropped>
			<start>0</start>
			<end>0</end>
		</tx_dropped>
		<tx_carrier>
			<start>0</start>
			<end>0</end>
		</tx_carrier>
		<tx_collisions>
			<start>0</start>
			<end>0</end>
		</tx_collisions>
	</ip_statistic>
	<netstat_statistic>
		<udp_pkg_rec>
			<start>5918833076</start>
			<end>5924055727</end>
		</udp_pkg_rec>
		<udp_pkg_snt>
			<start>10329948226</start>
			<end>10339011954</end>
		</udp_pkg_snt>
		<udp_rec_err>
			<start>1022258244</start>
			<end>1023006895</end>
		</udp_rec_err>
		<udp_rec_buf_err>
			<start>1022258244</start>
			<end>1023006895</end>
		</udp_rec_buf_err>
		<udp_snt_buf_err>
			<start>0</start>
			<end>0</end>
		</udp_snt_buf_err>
	</netstat_statistic>
</test_results>
