<?xml version="1.0"?>
<test_results>
	<status>STATUS_SUCCESS</status>
	<custom>
		<num_loss>332</num_loss>
		<num_total>5000001</num_total>
		<num_misses>0</num_misses>
		<elapsed_time>1749.982806</elapsed_time>
		<query>
			<report>
				<misses>100000</misses>
				<total>8</total>
				<timestamp>34.999857</timestamp>
			</report>
			<report>
				<misses>200000</misses>
				<total>11</total>
				<timestamp>69.999462</timestamp>
			</report>
			<report>
				<misses>300000</misses>
				<total>18</total>
				<timestamp>104.999118</timestamp>
			</report>
			<report>
				<misses>400000</misses>
				<total>23</total>
				<timestamp>139.998795</timestamp>
			</report>
			<report>
				<misses>500000</misses>
				<total>23</total>
				<timestamp>174.998458</timestamp>
			</report>
			<report>
				<misses>600000</misses>
				<total>32</total>
				<timestamp>209.998108</timestamp>
			</report>
			<report>
				<misses>700000</misses>
				<total>37</total>
				<timestamp>244.997800</timestamp>
			</report>
			<report>
				<misses>800000</misses>
				<total>38</total>
				<timestamp>279.997444</timestamp>
			</report>
			<report>
				<misses>900000</misses>
				<total>43</total>
				<timestamp>314.997036</timestamp>
			</report>
			<report>
				<misses>1000000</misses>
				<total>47</total>
				<timestamp>349.996821</timestamp>
			</report>
			<report>
				<misses>1100000</misses>
				<total>56</total>
				<timestamp>384.996437</timestamp>
			</report>
			<report>
				<misses>1200000</misses>
				<total>61</total>
				<timestamp>419.995973</timestamp>
			</report>
			<report>
				<misses>1300000</misses>
				<total>67</total>
				<timestamp>454.995656</timestamp>
			</report>
			<report>
				<misses>1400000</misses>
				<total>75</total>
				<timestamp>489.995253</timestamp>
			</report>
			<report>
				<misses>1500000</misses>
				<total>81</total>
				<timestamp>524.995014</timestamp>
			</report>
			<report>
				<misses>1600000</misses>
				<total>82</total>
				<timestamp>559.994641</timestamp>
			</report>
			<report>
				<misses>1700000</misses>
				<total>85</total>
				<timestamp>594.994253</timestamp>
			</report>
			<report>
				<misses>1800000</misses>
				<total>94</total>
				<timestamp>629.993896</timestamp>
			</report>
			<report>
				<misses>1900000</misses>
				<total>97</total>
				<timestamp>664.993546</timestamp>
			</report>
			<report>
				<misses>2000000</misses>
				<total>106</total>
				<timestamp>699.993176</timestamp>
			</report>
			<report>
				<misses>2100000</misses>
				<total>108</total>
				<timestamp>734.992816</timestamp>
			</report>
			<report>
				<misses>2200000</misses>
				<total>114</total>
				<timestamp>769.992547</timestamp>
			</report>
			<report>
				<misses>2300000</misses>
				<total>121</total>
				<timestamp>804.992123</timestamp>
			</report>
			<report>
				<misses>2400000</misses>
				<total>132</total>
				<timestamp>839.991888</timestamp>
			</report>
			<report>
				<misses>2500000</misses>
				<total>139</total>
				<timestamp>874.991437</timestamp>
			</report>
			<report>
				<misses>2600000</misses>
				<total>145</total>
				<timestamp>909.991094</timestamp>
			</report>
			<report>
				<misses>2700000</misses>
				<total>148</total>
				<timestamp>944.990787</timestamp>
			</report>
			<report>
				<misses>2800000</misses>
				<total>152</total>
				<timestamp>979.990445</timestamp>
			</report>
			<report>
				<misses>2900000</misses>
				<total>158</total>
				<timestamp>1014.990009</timestamp>
			</report>
			<report>
				<misses>3000000</misses>
				<total>163</total>
				<timestamp>1049.989773</timestamp>
			</report>
			<report>
				<misses>3100000</misses>
				<total>175</total>
				<timestamp>1084.989436</timestamp>
			</report>
			<report>
				<misses>3200000</misses>
				<total>186</total>
				<timestamp>1119.988948</timestamp>
			</report>
			<report>
				<misses>3300000</misses>
				<total>192</total>
				<timestamp>1154.988758</timestamp>
			</report>
			<report>
				<misses>3400000</misses>
				<total>203</total>
				<timestamp>1189.988332</timestamp>
			</report>
			<report>
				<misses>3500000</misses>
				<total>212</total>
				<timestamp>1224.987945</timestamp>
			</report>
			<report>
				<misses>3600000</misses>
				<total>217</total>
				<timestamp>1259.987659</timestamp>
			</report>
			<report>
				<misses>3700000</misses>
				<total>229</total>
				<timestamp>1294.987209</timestamp>
			</report>
			<report>
				<misses>3800000</misses>
				<total>235</total>
				<timestamp>1329.986881</timestamp>
			</report>
			<report>
				<misses>3900000</misses>
				<total>243</total>
				<timestamp>1364.986551</timestamp>
			</report>
			<report>
				<misses>4000000</misses>
				<total>249</total>
				<timestamp>1399.986163</timestamp>
			</report>
			<report>
				<misses>4100000</misses>
				<total>253</total>
				<timestamp>1434.985901</timestamp>
			</report>
			<report>
				<misses>4200000</misses>
				<total>262</total>
				<timestamp>1469.985533</timestamp>
			</report>
			<report>
				<misses>4300000</misses>
				<total>278</total>
				<timestamp>1504.985124</timestamp>
			</report>
			<report>
				<misses>4400000</misses>
				<total>289</total>
				<timestamp>1539.984886</timestamp>
			</report>
			<report>
				<misses>4500000</misses>
				<total>291</total>
				<timestamp>1574.984543</timestamp>
			</report>
			<report>
				<misses>4600000</misses>
				<total>296</total>
				<timestamp>1609.984074</timestamp>
			</report>
			<report>
				<misses>4700000</misses>
				<total>311</total>
				<timestamp>1644.983782</timestamp>
			</report>
			<report>
				<misses>4800000</misses>
				<total>314</total>
				<timestamp>1679.983434</timestamp>
			</report>
			<report>
				<misses>4900000</misses>
				<total>325</total>
				<timestamp>1714.983012</timestamp>
			</report>
			<report>
				<misses>5000000</misses>
				<total>333</total>
				<timestamp>1749.982778</timestamp>
			</report>
		</query>
	</custom>
	<ethtool_statistic>
		<rx_packets>
			<start>5004344482</start>
			<end>5086057289</end>
		</rx_packets>
		<tx_packets>
			<start>6498218384</start>
			<end>6587248975</end>
		</tx_packets>
		<rx_dropped>
			<start>250</start>
			<end>250</end>
		</rx_dropped>
		<tx_dropped>
			<start>0</start>
			<end>0</end>
		</tx_dropped>
		<collisions>
			<start>0</start>
			<end>0</end>
		</collisions>
		<port_tx_errors>
			<start>0</start>
			<end>0</end>
		</port_tx_errors>
		<port_rx_dropped>
			<start>0</start>
			<end>0</end>
		</port_rx_dropped>
		<port_tx_dropped_link_down>
			<start>0</start>
			<end>0</end>
		</port_tx_dropped_link_down>
	</ethtool_statistic>
	<ip_statistic>
		<mtu>
			<start>9000</start>
			<end>9000</end>
		</mtu>
		<rx_bytes>
			<start>44987549177240</start>
			<end>45722138857436</end>
		</rx_bytes>
		<rx_packets>
			<start>5004344583</start>
			<end>5086057394</end>
		</rx_packets>
		<rx_errors>
			<start>0</start>
			<end>0</end>
		</rx_errors>
		<rx_dropped>
			<start>250</start>
			<end>250</end>
		</rx_dropped>
		<rx_missed>
			<start>0</start>
			<end>0</end>
		</rx_missed>
		<rx_mcast>
			<start>1450</start>
			<end>1481</end>
		</rx_mcast>
		<tx_bytes>
			<start>44920396163956</start>
			<end>45687574351484</end>
		</tx_bytes>
		<tx_packets>
			<start>6498218467</start>
			<end>6587249003</end>
		</tx_packets>
		<tx_errors>
			<start>0</start>
			<end>0</end>
		</tx_errors>
		<tx_dropped>
			<start>0</start>
			<end>0</end>
		</tx_dropped>
		<tx_carrier>
			<start>0</start>
			<end>0</end>
		</tx_carrier>
		<tx_collisions>
			<start>0</start>
			<end>0</end>
		</tx_collisions>
	</ip_statistic>
	<netstat_statistic>
		<udp_pkg_rec>
			<start>4734364209</start>
			<end>4812940077</end>
		</udp_pkg_rec>
		<udp_pkg_snt>
			<start>4799412052</start>
			<end>4853456295</end>
		</udp_pkg_snt>
		<udp_rec_err>
			<start>270508297</start>
			<end>273653982</end>
		</udp_rec_err>
		<udp_rec_buf_err>
			<start>270508297</start>
			<end>273653982</end>
		</udp_rec_buf_err>
		<udp_snt_buf_err>
			<start>0</start>
			<end>0</end>
		</udp_snt_buf_err>
	</netstat_statistic>
</test_results>
