<?xml version="1.0"?>
<test_results>
	<status>STATUS_SUCCESS</status>
	<custom>
		<num_loss>-1</num_loss>
		<num_total>-1</num_total>
		<num_misses>-1</num_misses>
		<elapsed_time>-1.000000</elapsed_time>
		<query />
	</custom>
	<ethtool_statistic>
		<rx_packets>
			<start>8496702964</start>
			<end>8497387310</end>
		</rx_packets>
		<tx_packets>
			<start>9877627927</start>
			<end>9879117787</end>
		</tx_packets>
		<rx_dropped>
			<start>484</start>
			<end>484</end>
		</rx_dropped>
		<tx_dropped>
			<start>0</start>
			<end>0</end>
		</tx_dropped>
		<collisions>
			<start>0</start>
			<end>0</end>
		</collisions>
		<port_tx_errors>
			<start>0</start>
			<end>0</end>
		</port_tx_errors>
		<port_rx_dropped>
			<start>0</start>
			<end>0</end>
		</port_rx_dropped>
		<port_tx_dropped_link_down>
			<start>0</start>
			<end>0</end>
		</port_tx_dropped_link_down>
	</ethtool_statistic>
	<ip_statistic>
		<mtu>
			<start>9000</start>
			<end>9000</end>
		</mtu>
		<rx_bytes>
			<start>33477834326347</start>
			<end>33480069667899</end>
		</rx_bytes>
		<rx_packets>
			<start>8496702992</start>
			<end>8497387600</end>
		</rx_packets>
		<rx_errors>
			<start>0</start>
			<end>0</end>
		</rx_errors>
		<rx_dropped>
			<start>484</start>
			<end>484</end>
		</rx_dropped>
		<rx_missed>
			<start>0</start>
			<end>0</end>
		</rx_missed>
		<rx_mcast>
			<start>4668</start>
			<end>4668</end>
		</rx_mcast>
		<tx_bytes>
			<start>32831952046943</start>
			<end>32836496221263</end>
		</tx_bytes>
		<tx_packets>
			<start>9877627979</start>
			<end>9879118021</end>
		</tx_packets>
		<tx_errors>
			<start>0</start>
			<end>0</end>
		</tx_errors>
		<tx_dropped>
			<start>0</start>
			<end>0</end>
		</tx_dropped>
		<tx_carrier>
			<start>0</start>
			<end>0</end>
		</tx_carrier>
		<tx_collisions>
			<start>0</start>
			<end>0</end>
		</tx_collisions>
	</ip_statistic>
	<netstat_statistic>
		<udp_pkg_rec>
			<start>6625900418</start>
			<end>6626510921</end>
		</udp_pkg_rec>
		<udp_pkg_snt>
			<start>9877641563</start>
			<end>9879131777</end>
		</udp_pkg_snt>
		<udp_rec_err>
			<start>752577978</start>
			<end>752642808</end>
		</udp_rec_err>
		<udp_rec_buf_err>
			<start>752577978</start>
			<end>752642808</end>
		</udp_rec_buf_err>
		<udp_snt_buf_err>
			<start>0</start>
			<end>0</end>
		</udp_snt_buf_err>
	</netstat_statistic>
</test_results>
