<?xml version="1.0"?>
<test_results>
	<status>STATUS_SUCCESS</status>
	<custom>
		<num_loss>631</num_loss>
		<num_total>30108214</num_total>
		<num_misses>89880932</num_misses>
		<elapsed_time>299.972115</elapsed_time>
		<query>
			<report>
				<misses>100001</misses>
				<total>0</total>
				<timestamp>0.869521</timestamp>
			</report>
			<report>
				<misses>200001</misses>
				<total>0</total>
				<timestamp>1.741858</timestamp>
			</report>
			<report>
				<misses>300001</misses>
				<total>0</total>
				<timestamp>2.600915</timestamp>
			</report>
			<report>
				<misses>400001</misses>
				<total>0</total>
				<timestamp>3.478237</timestamp>
			</report>
			<report>
				<misses>500001</misses>
				<total>0</total>
				<timestamp>4.385889</timestamp>
			</report>
			<report>
				<misses>600001</misses>
				<total>0</total>
				<timestamp>5.319799</timestamp>
			</report>
			<report>
				<misses>700001</misses>
				<total>0</total>
				<timestamp>6.283050</timestamp>
			</report>
			<report>
				<misses>800001</misses>
				<total>0</total>
				<timestamp>7.274643</timestamp>
			</report>
			<report>
				<misses>900001</misses>
				<total>0</total>
				<timestamp>8.243971</timestamp>
			</report>
			<report>
				<misses>1000001</misses>
				<total>0</total>
				<timestamp>9.211915</timestamp>
			</report>
			<report>
				<misses>1100001</misses>
				<total>0</total>
				<timestamp>10.217729</timestamp>
			</report>
			<report>
				<misses>1200001</misses>
				<total>0</total>
				<timestamp>11.223047</timestamp>
			</report>
			<report>
				<misses>1300001</misses>
				<total>0</total>
				<timestamp>12.199134</timestamp>
			</report>
			<report>
				<misses>1400001</misses>
				<total>0</total>
				<timestamp>13.191720</timestamp>
			</report>
			<report>
				<misses>1500001</misses>
				<total>0</total>
				<timestamp>14.167502</timestamp>
			</report>
			<report>
				<misses>1600001</misses>
				<total>0</total>
				<timestamp>15.173493</timestamp>
			</report>
			<report>
				<misses>1700001</misses>
				<total>0</total>
				<timestamp>16.215204</timestamp>
			</report>
			<report>
				<misses>1800001</misses>
				<total>0</total>
				<timestamp>17.275200</timestamp>
			</report>
			<report>
				<misses>1900001</misses>
				<total>0</total>
				<timestamp>18.331068</timestamp>
			</report>
			<report>
				<misses>2000001</misses>
				<total>0</total>
				<timestamp>19.375085</timestamp>
			</report>
			<report>
				<misses>2100001</misses>
				<total>0</total>
				<timestamp>20.419150</timestamp>
			</report>
			<report>
				<misses>2200001</misses>
				<total>0</total>
				<timestamp>21.439437</timestamp>
			</report>
			<report>
				<misses>2300001</misses>
				<total>146</total>
				<timestamp>22.430578</timestamp>
			</report>
			<report>
				<misses>2400001</misses>
				<total>146</total>
				<timestamp>23.410469</timestamp>
			</report>
			<report>
				<misses>2500001</misses>
				<total>146</total>
				<timestamp>24.377208</timestamp>
			</report>
			<report>
				<misses>2600001</misses>
				<total>146</total>
				<timestamp>25.354783</timestamp>
			</report>
			<report>
				<misses>2700001</misses>
				<total>146</total>
				<timestamp>26.335038</timestamp>
			</report>
			<report>
				<misses>2800001</misses>
				<total>146</total>
				<timestamp>27.319874</timestamp>
			</report>
			<report>
				<misses>2900001</misses>
				<total>146</total>
				<timestamp>28.302165</timestamp>
			</report>
			<report>
				<misses>3000001</misses>
				<total>146</total>
				<timestamp>29.274637</timestamp>
			</report>
			<report>
				<misses>3100001</misses>
				<total>146</total>
				<timestamp>30.251657</timestamp>
			</report>
			<report>
				<misses>3200001</misses>
				<total>146</total>
				<timestamp>31.223567</timestamp>
			</report>
			<report>
				<misses>3300001</misses>
				<total>146</total>
				<timestamp>32.197399</timestamp>
			</report>
			<report>
				<misses>3400001</misses>
				<total>146</total>
				<timestamp>33.183139</timestamp>
			</report>
			<report>
				<misses>3500001</misses>
				<total>146</total>
				<timestamp>34.183465</timestamp>
			</report>
			<report>
				<misses>3600001</misses>
				<total>146</total>
				<timestamp>35.176861</timestamp>
			</report>
			<report>
				<misses>3700001</misses>
				<total>146</total>
				<timestamp>36.164153</timestamp>
			</report>
			<report>
				<misses>3800001</misses>
				<total>146</total>
				<timestamp>37.166497</timestamp>
			</report>
			<report>
				<misses>3900001</misses>
				<total>146</total>
				<timestamp>38.169401</timestamp>
			</report>
			<report>
				<misses>4000001</misses>
				<total>146</total>
				<timestamp>39.144569</timestamp>
			</report>
			<report>
				<misses>4100001</misses>
				<total>146</total>
				<timestamp>40.122495</timestamp>
			</report>
			<report>
				<misses>4200001</misses>
				<total>146</total>
				<timestamp>41.112805</timestamp>
			</report>
			<report>
				<misses>4300001</misses>
				<total>146</total>
				<timestamp>42.092534</timestamp>
			</report>
			<report>
				<misses>4400001</misses>
				<total>146</total>
				<timestamp>43.081246</timestamp>
			</report>
			<report>
				<misses>4500001</misses>
				<total>146</total>
				<timestamp>44.069151</timestamp>
			</report>
			<report>
				<misses>4600001</misses>
				<total>146</total>
				<timestamp>45.064262</timestamp>
			</report>
			<report>
				<misses>4700001</misses>
				<total>146</total>
				<timestamp>46.062336</timestamp>
			</report>
			<report>
				<misses>4800001</misses>
				<total>146</total>
				<timestamp>47.065217</timestamp>
			</report>
			<report>
				<misses>4900001</misses>
				<total>146</total>
				<timestamp>48.056643</timestamp>
			</report>
			<report>
				<misses>5000001</misses>
				<total>146</total>
				<timestamp>49.037142</timestamp>
			</report>
			<report>
				<misses>5100001</misses>
				<total>146</total>
				<timestamp>50.028217</timestamp>
			</report>
			<report>
				<misses>5200001</misses>
				<total>146</total>
				<timestamp>50.994664</timestamp>
			</report>
			<report>
				<misses>5300001</misses>
				<total>146</total>
				<timestamp>51.981933</timestamp>
			</report>
			<report>
				<misses>5400001</misses>
				<total>146</total>
				<timestamp>52.964151</timestamp>
			</report>
			<report>
				<misses>5500001</misses>
				<total>146</total>
				<timestamp>53.967491</timestamp>
			</report>
			<report>
				<misses>5600001</misses>
				<total>146</total>
				<timestamp>54.954424</timestamp>
			</report>
			<report>
				<misses>5700001</misses>
				<total>146</total>
				<timestamp>55.949405</timestamp>
			</report>
			<report>
				<misses>5800001</misses>
				<total>146</total>
				<timestamp>56.949912</timestamp>
			</report>
			<report>
				<misses>5900001</misses>
				<total>146</total>
				<timestamp>57.938646</timestamp>
			</report>
			<report>
				<misses>6000001</misses>
				<total>146</total>
				<timestamp>58.934481</timestamp>
			</report>
			<report>
				<misses>6100001</misses>
				<total>146</total>
				<timestamp>59.918806</timestamp>
			</report>
			<report>
				<misses>6200001</misses>
				<total>146</total>
				<timestamp>60.901852</timestamp>
			</report>
			<report>
				<misses>6300001</misses>
				<total>146</total>
				<timestamp>61.887893</timestamp>
			</report>
			<report>
				<misses>6400001</misses>
				<total>146</total>
				<timestamp>62.889047</timestamp>
			</report>
			<report>
				<misses>6500001</misses>
				<total>146</total>
				<timestamp>63.856274</timestamp>
			</report>
			<report>
				<misses>6600001</misses>
				<total>146</total>
				<timestamp>64.839669</timestamp>
			</report>
			<report>
				<misses>6700001</misses>
				<total>146</total>
				<timestamp>65.833807</timestamp>
			</report>
			<report>
				<misses>6800001</misses>
				<total>146</total>
				<timestamp>66.830788</timestamp>
			</report>
			<report>
				<misses>6900001</misses>
				<total>146</total>
				<timestamp>67.819543</timestamp>
			</report>
			<report>
				<misses>7000001</misses>
				<total>146</total>
				<timestamp>68.811895</timestamp>
			</report>
			<report>
				<misses>7100001</misses>
				<total>146</total>
				<timestamp>69.813130</timestamp>
			</report>
			<report>
				<misses>7200001</misses>
				<total>146</total>
				<timestamp>70.820406</timestamp>
			</report>
			<report>
				<misses>7300001</misses>
				<total>146</total>
				<timestamp>71.833354</timestamp>
			</report>
			<report>
				<misses>7400001</misses>
				<total>146</total>
				<timestamp>72.815956</timestamp>
			</report>
			<report>
				<misses>7500001</misses>
				<total>146</total>
				<timestamp>73.817419</timestamp>
			</report>
			<report>
				<misses>7600001</misses>
				<total>146</total>
				<timestamp>74.806549</timestamp>
			</report>
			<report>
				<misses>7700001</misses>
				<total>146</total>
				<timestamp>75.799408</timestamp>
			</report>
			<report>
				<misses>7800001</misses>
				<total>146</total>
				<timestamp>76.806378</timestamp>
			</report>
			<report>
				<misses>7900001</misses>
				<total>146</total>
				<timestamp>77.798591</timestamp>
			</report>
			<report>
				<misses>8000001</misses>
				<total>146</total>
				<timestamp>78.779763</timestamp>
			</report>
			<report>
				<misses>8100001</misses>
				<total>146</total>
				<timestamp>79.774492</timestamp>
			</report>
			<report>
				<misses>8200001</misses>
				<total>146</total>
				<timestamp>80.775784</timestamp>
			</report>
			<report>
				<misses>8300001</misses>
				<total>146</total>
				<timestamp>81.770047</timestamp>
			</report>
			<report>
				<misses>8400001</misses>
				<total>299</total>
				<timestamp>82.780864</timestamp>
			</report>
			<report>
				<misses>8500001</misses>
				<total>299</total>
				<timestamp>83.773876</timestamp>
			</report>
			<report>
				<misses>8600001</misses>
				<total>299</total>
				<timestamp>84.768272</timestamp>
			</report>
			<report>
				<misses>8700001</misses>
				<total>299</total>
				<timestamp>85.769414</timestamp>
			</report>
			<report>
				<misses>8800001</misses>
				<total>299</total>
				<timestamp>86.765978</timestamp>
			</report>
			<report>
				<misses>8900001</misses>
				<total>299</total>
				<timestamp>87.755265</timestamp>
			</report>
			<report>
				<misses>9000001</misses>
				<total>299</total>
				<timestamp>88.739996</timestamp>
			</report>
			<report>
				<misses>9100001</misses>
				<total>299</total>
				<timestamp>89.733149</timestamp>
			</report>
			<report>
				<misses>9200001</misses>
				<total>299</total>
				<timestamp>90.727748</timestamp>
			</report>
			<report>
				<misses>9300001</misses>
				<total>299</total>
				<timestamp>91.724113</timestamp>
			</report>
			<report>
				<misses>9400001</misses>
				<total>299</total>
				<timestamp>92.722934</timestamp>
			</report>
			<report>
				<misses>9500001</misses>
				<total>299</total>
				<timestamp>93.714100</timestamp>
			</report>
			<report>
				<misses>9600001</misses>
				<total>299</total>
				<timestamp>94.717909</timestamp>
			</report>
			<report>
				<misses>9700001</misses>
				<total>299</total>
				<timestamp>95.708540</timestamp>
			</report>
			<report>
				<misses>9800001</misses>
				<total>299</total>
				<timestamp>96.702220</timestamp>
			</report>
			<report>
				<misses>9900001</misses>
				<total>299</total>
				<timestamp>97.716586</timestamp>
			</report>
			<report>
				<misses>10000001</misses>
				<total>299</total>
				<timestamp>98.718740</timestamp>
			</report>
			<report>
				<misses>10100001</misses>
				<total>299</total>
				<timestamp>99.719278</timestamp>
			</report>
			<report>
				<misses>10200001</misses>
				<total>299</total>
				<timestamp>100.739482</timestamp>
			</report>
			<report>
				<misses>10300001</misses>
				<total>299</total>
				<timestamp>101.721146</timestamp>
			</report>
			<report>
				<misses>10400001</misses>
				<total>299</total>
				<timestamp>102.712761</timestamp>
			</report>
			<report>
				<misses>10500001</misses>
				<total>299</total>
				<timestamp>103.732565</timestamp>
			</report>
			<report>
				<misses>10600001</misses>
				<total>299</total>
				<timestamp>104.744170</timestamp>
			</report>
			<report>
				<misses>10700001</misses>
				<total>299</total>
				<timestamp>105.732744</timestamp>
			</report>
			<report>
				<misses>10800001</misses>
				<total>299</total>
				<timestamp>106.745759</timestamp>
			</report>
			<report>
				<misses>10900001</misses>
				<total>299</total>
				<timestamp>107.738713</timestamp>
			</report>
			<report>
				<misses>11000001</misses>
				<total>299</total>
				<timestamp>108.735344</timestamp>
			</report>
			<report>
				<misses>11100001</misses>
				<total>299</total>
				<timestamp>109.722703</timestamp>
			</report>
			<report>
				<misses>11200001</misses>
				<total>299</total>
				<timestamp>110.717660</timestamp>
			</report>
			<report>
				<misses>11300001</misses>
				<total>299</total>
				<timestamp>111.723401</timestamp>
			</report>
			<report>
				<misses>11400001</misses>
				<total>299</total>
				<timestamp>112.740016</timestamp>
			</report>
			<report>
				<misses>11500001</misses>
				<total>299</total>
				<timestamp>113.731661</timestamp>
			</report>
			<report>
				<misses>11600001</misses>
				<total>299</total>
				<timestamp>114.731210</timestamp>
			</report>
			<report>
				<misses>11700001</misses>
				<total>299</total>
				<timestamp>115.732259</timestamp>
			</report>
			<report>
				<misses>11800001</misses>
				<total>299</total>
				<timestamp>116.727009</timestamp>
			</report>
			<report>
				<misses>11900001</misses>
				<total>299</total>
				<timestamp>117.716408</timestamp>
			</report>
			<report>
				<misses>12000001</misses>
				<total>299</total>
				<timestamp>118.715132</timestamp>
			</report>
			<report>
				<misses>12100001</misses>
				<total>299</total>
				<timestamp>119.708742</timestamp>
			</report>
			<report>
				<misses>12200001</misses>
				<total>299</total>
				<timestamp>120.707586</timestamp>
			</report>
			<report>
				<misses>12300001</misses>
				<total>299</total>
				<timestamp>121.714503</timestamp>
			</report>
			<report>
				<misses>12400001</misses>
				<total>299</total>
				<timestamp>122.710555</timestamp>
			</report>
			<report>
				<misses>12500001</misses>
				<total>299</total>
				<timestamp>123.706381</timestamp>
			</report>
			<report>
				<misses>12600001</misses>
				<total>299</total>
				<timestamp>124.698292</timestamp>
			</report>
			<report>
				<misses>12700001</misses>
				<total>299</total>
				<timestamp>125.709197</timestamp>
			</report>
			<report>
				<misses>12800001</misses>
				<total>299</total>
				<timestamp>126.709094</timestamp>
			</report>
			<report>
				<misses>12900001</misses>
				<total>299</total>
				<timestamp>127.712286</timestamp>
			</report>
			<report>
				<misses>13000001</misses>
				<total>299</total>
				<timestamp>128.706056</timestamp>
			</report>
			<report>
				<misses>13100001</misses>
				<total>299</total>
				<timestamp>129.708316</timestamp>
			</report>
			<report>
				<misses>13200001</misses>
				<total>299</total>
				<timestamp>130.709394</timestamp>
			</report>
			<report>
				<misses>13300001</misses>
				<total>299</total>
				<timestamp>131.706386</timestamp>
			</report>
			<report>
				<misses>13400001</misses>
				<total>299</total>
				<timestamp>132.715866</timestamp>
			</report>
			<report>
				<misses>13500001</misses>
				<total>299</total>
				<timestamp>133.701265</timestamp>
			</report>
			<report>
				<misses>13600001</misses>
				<total>299</total>
				<timestamp>134.700311</timestamp>
			</report>
			<report>
				<misses>13700001</misses>
				<total>299</total>
				<timestamp>135.692686</timestamp>
			</report>
			<report>
				<misses>13800001</misses>
				<total>299</total>
				<timestamp>136.684796</timestamp>
			</report>
			<report>
				<misses>13900001</misses>
				<total>299</total>
				<timestamp>137.678743</timestamp>
			</report>
			<report>
				<misses>14000001</misses>
				<total>299</total>
				<timestamp>138.675286</timestamp>
			</report>
			<report>
				<misses>14100001</misses>
				<total>299</total>
				<timestamp>139.673126</timestamp>
			</report>
			<report>
				<misses>14200001</misses>
				<total>299</total>
				<timestamp>140.664198</timestamp>
			</report>
			<report>
				<misses>14300001</misses>
				<total>299</total>
				<timestamp>141.672654</timestamp>
			</report>
			<report>
				<misses>14400001</misses>
				<total>419</total>
				<timestamp>142.665321</timestamp>
			</report>
			<report>
				<misses>14500001</misses>
				<total>419</total>
				<timestamp>143.671675</timestamp>
			</report>
			<report>
				<misses>14600001</misses>
				<total>419</total>
				<timestamp>144.681107</timestamp>
			</report>
			<report>
				<misses>14700001</misses>
				<total>419</total>
				<timestamp>145.682927</timestamp>
			</report>
			<report>
				<misses>14800001</misses>
				<total>419</total>
				<timestamp>146.674004</timestamp>
			</report>
			<report>
				<misses>14900001</misses>
				<total>419</total>
				<timestamp>147.660469</timestamp>
			</report>
			<report>
				<misses>15000001</misses>
				<total>419</total>
				<timestamp>148.654694</timestamp>
			</report>
			<report>
				<misses>15100001</misses>
				<total>419</total>
				<timestamp>149.641764</timestamp>
			</report>
			<report>
				<misses>15200001</misses>
				<total>419</total>
				<timestamp>150.639439</timestamp>
			</report>
			<report>
				<misses>15300001</misses>
				<total>419</total>
				<timestamp>151.639286</timestamp>
			</report>
			<report>
				<misses>15400001</misses>
				<total>419</total>
				<timestamp>152.641440</timestamp>
			</report>
			<report>
				<misses>15500001</misses>
				<total>419</total>
				<timestamp>153.639783</timestamp>
			</report>
			<report>
				<misses>15600001</misses>
				<total>419</total>
				<timestamp>154.635845</timestamp>
			</report>
			<report>
				<misses>15700001</misses>
				<total>419</total>
				<timestamp>155.638520</timestamp>
			</report>
			<report>
				<misses>15800001</misses>
				<total>419</total>
				<timestamp>156.619280</timestamp>
			</report>
			<report>
				<misses>15900001</misses>
				<total>419</total>
				<timestamp>157.619698</timestamp>
			</report>
			<report>
				<misses>16000001</misses>
				<total>419</total>
				<timestamp>158.620682</timestamp>
			</report>
			<report>
				<misses>16100001</misses>
				<total>419</total>
				<timestamp>159.634320</timestamp>
			</report>
			<report>
				<misses>16200001</misses>
				<total>419</total>
				<timestamp>160.628946</timestamp>
			</report>
			<report>
				<misses>16300001</misses>
				<total>419</total>
				<timestamp>161.624702</timestamp>
			</report>
			<report>
				<misses>16400001</misses>
				<total>419</total>
				<timestamp>162.609968</timestamp>
			</report>
			<report>
				<misses>16500001</misses>
				<total>419</total>
				<timestamp>163.612581</timestamp>
			</report>
			<report>
				<misses>16600001</misses>
				<total>419</total>
				<timestamp>164.605204</timestamp>
			</report>
			<report>
				<misses>16700001</misses>
				<total>419</total>
				<timestamp>165.614949</timestamp>
			</report>
			<report>
				<misses>16800001</misses>
				<total>419</total>
				<timestamp>166.612285</timestamp>
			</report>
			<report>
				<misses>16900001</misses>
				<total>419</total>
				<timestamp>167.625203</timestamp>
			</report>
			<report>
				<misses>17000001</misses>
				<total>419</total>
				<timestamp>168.621776</timestamp>
			</report>
			<report>
				<misses>17100001</misses>
				<total>419</total>
				<timestamp>169.637818</timestamp>
			</report>
			<report>
				<misses>17200001</misses>
				<total>419</total>
				<timestamp>170.627117</timestamp>
			</report>
			<report>
				<misses>17300001</misses>
				<total>419</total>
				<timestamp>171.624026</timestamp>
			</report>
			<report>
				<misses>17400001</misses>
				<total>419</total>
				<timestamp>172.634511</timestamp>
			</report>
			<report>
				<misses>17500001</misses>
				<total>419</total>
				<timestamp>173.621856</timestamp>
			</report>
			<report>
				<misses>17600001</misses>
				<total>419</total>
				<timestamp>174.616728</timestamp>
			</report>
			<report>
				<misses>17700001</misses>
				<total>419</total>
				<timestamp>175.608005</timestamp>
			</report>
			<report>
				<misses>17800001</misses>
				<total>419</total>
				<timestamp>176.609835</timestamp>
			</report>
			<report>
				<misses>17900001</misses>
				<total>419</total>
				<timestamp>177.621141</timestamp>
			</report>
			<report>
				<misses>18000001</misses>
				<total>419</total>
				<timestamp>178.623727</timestamp>
			</report>
			<report>
				<misses>18100001</misses>
				<total>419</total>
				<timestamp>179.618217</timestamp>
			</report>
			<report>
				<misses>18200001</misses>
				<total>419</total>
				<timestamp>180.619308</timestamp>
			</report>
			<report>
				<misses>18300001</misses>
				<total>419</total>
				<timestamp>181.612965</timestamp>
			</report>
			<report>
				<misses>18400001</misses>
				<total>419</total>
				<timestamp>182.600872</timestamp>
			</report>
			<report>
				<misses>18500001</misses>
				<total>419</total>
				<timestamp>183.594007</timestamp>
			</report>
			<report>
				<misses>18600001</misses>
				<total>419</total>
				<timestamp>184.586283</timestamp>
			</report>
			<report>
				<misses>18700001</misses>
				<total>419</total>
				<timestamp>185.587856</timestamp>
			</report>
			<report>
				<misses>18800001</misses>
				<total>419</total>
				<timestamp>186.575615</timestamp>
			</report>
			<report>
				<misses>18900001</misses>
				<total>419</total>
				<timestamp>187.581799</timestamp>
			</report>
			<report>
				<misses>19000001</misses>
				<total>419</total>
				<timestamp>188.589011</timestamp>
			</report>
			<report>
				<misses>19100001</misses>
				<total>419</total>
				<timestamp>189.601218</timestamp>
			</report>
			<report>
				<misses>19200001</misses>
				<total>419</total>
				<timestamp>190.607486</timestamp>
			</report>
			<report>
				<misses>19300001</misses>
				<total>419</total>
				<timestamp>191.596935</timestamp>
			</report>
			<report>
				<misses>19400001</misses>
				<total>419</total>
				<timestamp>192.601564</timestamp>
			</report>
			<report>
				<misses>19500001</misses>
				<total>419</total>
				<timestamp>193.588901</timestamp>
			</report>
			<report>
				<misses>19600001</misses>
				<total>419</total>
				<timestamp>194.575932</timestamp>
			</report>
			<report>
				<misses>19700001</misses>
				<total>419</total>
				<timestamp>195.553924</timestamp>
			</report>
			<report>
				<misses>19800001</misses>
				<total>419</total>
				<timestamp>196.549507</timestamp>
			</report>
			<report>
				<misses>19900001</misses>
				<total>419</total>
				<timestamp>197.549868</timestamp>
			</report>
			<report>
				<misses>20000001</misses>
				<total>419</total>
				<timestamp>198.549213</timestamp>
			</report>
			<report>
				<misses>20100001</misses>
				<total>419</total>
				<timestamp>199.541450</timestamp>
			</report>
			<report>
				<misses>20200001</misses>
				<total>419</total>
				<timestamp>200.560058</timestamp>
			</report>
			<report>
				<misses>20300001</misses>
				<total>419</total>
				<timestamp>201.545241</timestamp>
			</report>
			<report>
				<misses>20400001</misses>
				<total>519</total>
				<timestamp>202.540012</timestamp>
			</report>
			<report>
				<misses>20500001</misses>
				<total>519</total>
				<timestamp>203.546844</timestamp>
			</report>
			<report>
				<misses>20600001</misses>
				<total>519</total>
				<timestamp>204.542929</timestamp>
			</report>
			<report>
				<misses>20700001</misses>
				<total>519</total>
				<timestamp>205.531305</timestamp>
			</report>
			<report>
				<misses>20800001</misses>
				<total>519</total>
				<timestamp>206.524842</timestamp>
			</report>
			<report>
				<misses>20900001</misses>
				<total>519</total>
				<timestamp>207.526427</timestamp>
			</report>
			<report>
				<misses>21000001</misses>
				<total>519</total>
				<timestamp>208.504322</timestamp>
			</report>
			<report>
				<misses>21100001</misses>
				<total>519</total>
				<timestamp>209.505703</timestamp>
			</report>
			<report>
				<misses>21200001</misses>
				<total>519</total>
				<timestamp>210.509388</timestamp>
			</report>
			<report>
				<misses>21300001</misses>
				<total>519</total>
				<timestamp>211.506539</timestamp>
			</report>
			<report>
				<misses>21400001</misses>
				<total>519</total>
				<timestamp>212.511730</timestamp>
			</report>
			<report>
				<misses>21500001</misses>
				<total>519</total>
				<timestamp>213.504550</timestamp>
			</report>
			<report>
				<misses>21600001</misses>
				<total>519</total>
				<timestamp>214.499838</timestamp>
			</report>
			<report>
				<misses>21700001</misses>
				<total>519</total>
				<timestamp>215.476437</timestamp>
			</report>
			<report>
				<misses>21800001</misses>
				<total>519</total>
				<timestamp>216.467305</timestamp>
			</report>
			<report>
				<misses>21900001</misses>
				<total>519</total>
				<timestamp>217.468807</timestamp>
			</report>
			<report>
				<misses>22000001</misses>
				<total>519</total>
				<timestamp>218.461661</timestamp>
			</report>
			<report>
				<misses>22100001</misses>
				<total>519</total>
				<timestamp>219.439087</timestamp>
			</report>
			<report>
				<misses>22200001</misses>
				<total>519</total>
				<timestamp>220.437800</timestamp>
			</report>
			<report>
				<misses>22300001</misses>
				<total>519</total>
				<timestamp>221.432406</timestamp>
			</report>
			<report>
				<misses>22400001</misses>
				<total>519</total>
				<timestamp>222.414964</timestamp>
			</report>
			<report>
				<misses>22500001</misses>
				<total>519</total>
				<timestamp>223.401709</timestamp>
			</report>
			<report>
				<misses>22600001</misses>
				<total>519</total>
				<timestamp>224.387989</timestamp>
			</report>
			<report>
				<misses>22700001</misses>
				<total>519</total>
				<timestamp>225.396138</timestamp>
			</report>
			<report>
				<misses>22800001</misses>
				<total>519</total>
				<timestamp>226.390574</timestamp>
			</report>
			<report>
				<misses>22900001</misses>
				<total>519</total>
				<timestamp>227.395215</timestamp>
			</report>
			<report>
				<misses>23000001</misses>
				<total>519</total>
				<timestamp>228.400649</timestamp>
			</report>
			<report>
				<misses>23100001</misses>
				<total>519</total>
				<timestamp>229.398378</timestamp>
			</report>
			<report>
				<misses>23200001</misses>
				<total>519</total>
				<timestamp>230.398060</timestamp>
			</report>
			<report>
				<misses>23300001</misses>
				<total>519</total>
				<timestamp>231.403183</timestamp>
			</report>
			<report>
				<misses>23400001</misses>
				<total>519</total>
				<timestamp>232.409937</timestamp>
			</report>
			<report>
				<misses>23500001</misses>
				<total>519</total>
				<timestamp>233.418110</timestamp>
			</report>
			<report>
				<misses>23600001</misses>
				<total>519</total>
				<timestamp>234.434647</timestamp>
			</report>
			<report>
				<misses>23700001</misses>
				<total>519</total>
				<timestamp>235.428076</timestamp>
			</report>
			<report>
				<misses>23800001</misses>
				<total>519</total>
				<timestamp>236.423877</timestamp>
			</report>
			<report>
				<misses>23900001</misses>
				<total>519</total>
				<timestamp>237.417122</timestamp>
			</report>
			<report>
				<misses>24000001</misses>
				<total>519</total>
				<timestamp>238.432036</timestamp>
			</report>
			<report>
				<misses>24100001</misses>
				<total>519</total>
				<timestamp>239.436036</timestamp>
			</report>
			<report>
				<misses>24200001</misses>
				<total>519</total>
				<timestamp>240.442185</timestamp>
			</report>
			<report>
				<misses>24300001</misses>
				<total>519</total>
				<timestamp>241.445115</timestamp>
			</report>
			<report>
				<misses>24400001</misses>
				<total>519</total>
				<timestamp>242.430631</timestamp>
			</report>
			<report>
				<misses>24500001</misses>
				<total>519</total>
				<timestamp>243.407432</timestamp>
			</report>
			<report>
				<misses>24600001</misses>
				<total>519</total>
				<timestamp>244.404283</timestamp>
			</report>
			<report>
				<misses>24700001</misses>
				<total>519</total>
				<timestamp>245.398362</timestamp>
			</report>
			<report>
				<misses>24800001</misses>
				<total>519</total>
				<timestamp>246.392785</timestamp>
			</report>
			<report>
				<misses>24900001</misses>
				<total>519</total>
				<timestamp>247.391263</timestamp>
			</report>
			<report>
				<misses>25000001</misses>
				<total>519</total>
				<timestamp>248.392676</timestamp>
			</report>
			<report>
				<misses>25100001</misses>
				<total>519</total>
				<timestamp>249.405245</timestamp>
			</report>
			<report>
				<misses>25200001</misses>
				<total>519</total>
				<timestamp>250.422033</timestamp>
			</report>
			<report>
				<misses>25300001</misses>
				<total>519</total>
				<timestamp>251.428943</timestamp>
			</report>
			<report>
				<misses>25400001</misses>
				<total>519</total>
				<timestamp>252.427306</timestamp>
			</report>
			<report>
				<misses>25500001</misses>
				<total>519</total>
				<timestamp>253.435151</timestamp>
			</report>
			<report>
				<misses>25600001</misses>
				<total>519</total>
				<timestamp>254.454701</timestamp>
			</report>
			<report>
				<misses>25700001</misses>
				<total>519</total>
				<timestamp>255.466623</timestamp>
			</report>
			<report>
				<misses>25800001</misses>
				<total>519</total>
				<timestamp>256.462115</timestamp>
			</report>
			<report>
				<misses>25900001</misses>
				<total>519</total>
				<timestamp>257.459783</timestamp>
			</report>
			<report>
				<misses>26000001</misses>
				<total>519</total>
				<timestamp>258.466534</timestamp>
			</report>
			<report>
				<misses>26100001</misses>
				<total>519</total>
				<timestamp>259.484214</timestamp>
			</report>
			<report>
				<misses>26200001</misses>
				<total>519</total>
				<timestamp>260.500980</timestamp>
			</report>
			<report>
				<misses>26300001</misses>
				<total>519</total>
				<timestamp>261.516895</timestamp>
			</report>
			<report>
				<misses>26400001</misses>
				<total>631</total>
				<timestamp>262.541563</timestamp>
			</report>
			<report>
				<misses>26500001</misses>
				<total>631</total>
				<timestamp>263.567011</timestamp>
			</report>
			<report>
				<misses>26600001</misses>
				<total>631</total>
				<timestamp>264.607804</timestamp>
			</report>
			<report>
				<misses>26700001</misses>
				<total>631</total>
				<timestamp>265.641596</timestamp>
			</report>
			<report>
				<misses>26800001</misses>
				<total>631</total>
				<timestamp>266.661981</timestamp>
			</report>
			<report>
				<misses>26900001</misses>
				<total>631</total>
				<timestamp>267.681416</timestamp>
			</report>
			<report>
				<misses>27000001</misses>
				<total>631</total>
				<timestamp>268.723135</timestamp>
			</report>
			<report>
				<misses>27100001</misses>
				<total>631</total>
				<timestamp>269.758670</timestamp>
			</report>
			<report>
				<misses>27200001</misses>
				<total>631</total>
				<timestamp>270.779743</timestamp>
			</report>
			<report>
				<misses>27300001</misses>
				<total>631</total>
				<timestamp>271.818017</timestamp>
			</report>
			<report>
				<misses>27400001</misses>
				<total>631</total>
				<timestamp>272.839519</timestamp>
			</report>
			<report>
				<misses>27500001</misses>
				<total>631</total>
				<timestamp>273.884618</timestamp>
			</report>
			<report>
				<misses>27600001</misses>
				<total>631</total>
				<timestamp>274.929501</timestamp>
			</report>
			<report>
				<misses>27700001</misses>
				<total>631</total>
				<timestamp>275.948420</timestamp>
			</report>
			<report>
				<misses>27800001</misses>
				<total>631</total>
				<timestamp>276.977275</timestamp>
			</report>
			<report>
				<misses>27900001</misses>
				<total>631</total>
				<timestamp>277.984879</timestamp>
			</report>
			<report>
				<misses>28000001</misses>
				<total>631</total>
				<timestamp>279.026224</timestamp>
			</report>
			<report>
				<misses>28100001</misses>
				<total>631</total>
				<timestamp>280.026116</timestamp>
			</report>
			<report>
				<misses>28200001</misses>
				<total>631</total>
				<timestamp>281.012643</timestamp>
			</report>
			<report>
				<misses>28300001</misses>
				<total>631</total>
				<timestamp>281.974894</timestamp>
			</report>
			<report>
				<misses>28400001</misses>
				<total>631</total>
				<timestamp>282.952100</timestamp>
			</report>
			<report>
				<misses>28500001</misses>
				<total>631</total>
				<timestamp>283.956712</timestamp>
			</report>
			<report>
				<misses>28600001</misses>
				<total>631</total>
				<timestamp>284.962690</timestamp>
			</report>
			<report>
				<misses>28700001</misses>
				<total>631</total>
				<timestamp>285.950808</timestamp>
			</report>
			<report>
				<misses>28800001</misses>
				<total>631</total>
				<timestamp>286.950274</timestamp>
			</report>
			<report>
				<misses>28900001</misses>
				<total>631</total>
				<timestamp>287.946578</timestamp>
			</report>
			<report>
				<misses>29000001</misses>
				<total>631</total>
				<timestamp>288.951148</timestamp>
			</report>
			<report>
				<misses>29100001</misses>
				<total>631</total>
				<timestamp>289.932945</timestamp>
			</report>
			<report>
				<misses>29200001</misses>
				<total>631</total>
				<timestamp>290.924005</timestamp>
			</report>
			<report>
				<misses>29300001</misses>
				<total>631</total>
				<timestamp>291.910475</timestamp>
			</report>
			<report>
				<misses>29400001</misses>
				<total>631</total>
				<timestamp>292.910047</timestamp>
			</report>
			<report>
				<misses>29500001</misses>
				<total>631</total>
				<timestamp>293.896790</timestamp>
			</report>
			<report>
				<misses>29600001</misses>
				<total>631</total>
				<timestamp>294.901695</timestamp>
			</report>
			<report>
				<misses>29700001</misses>
				<total>631</total>
				<timestamp>295.908593</timestamp>
			</report>
			<report>
				<misses>29800001</misses>
				<total>631</total>
				<timestamp>296.891919</timestamp>
			</report>
			<report>
				<misses>29900001</misses>
				<total>631</total>
				<timestamp>297.873460</timestamp>
			</report>
			<report>
				<misses>30000001</misses>
				<total>631</total>
				<timestamp>298.886438</timestamp>
			</report>
			<report>
				<misses>30100001</misses>
				<total>631</total>
				<timestamp>299.889271</timestamp>
			</report>
		</query>
	</custom>
	<ethtool_statistic>
		<rx_packets>
			<start>221626085</start>
			<end>244285276</end>
		</rx_packets>
		<tx_packets>
			<start>264267548</start>
			<end>294376005</end>
		</tx_packets>
		<rx_dropped>
			<start>0</start>
			<end>0</end>
		</rx_dropped>
		<tx_dropped>
			<start>0</start>
			<end>0</end>
		</tx_dropped>
		<collisions>
			<start>0</start>
			<end>0</end>
		</collisions>
		<port_tx_errors>
			<start>0</start>
			<end>0</end>
		</port_tx_errors>
		<port_rx_dropped>
			<start>0</start>
			<end>0</end>
		</port_rx_dropped>
		<port_tx_dropped_link_down>
			<start>0</start>
			<end>0</end>
		</port_tx_dropped_link_down>
	</ethtool_statistic>
	<ip_statistic>
		<mtu>
			<start>9000</start>
			<end>9000</end>
		</mtu>
		<rx_bytes>
			<start>1168632098072</start>
			<end>1371245734600</end>
		</rx_bytes>
		<rx_packets>
			<start>221626085</start>
			<end>244285276</end>
		</rx_packets>
		<rx_errors>
			<start>0</start>
			<end>0</end>
		</rx_errors>
		<rx_dropped>
			<start>0</start>
			<end>0</end>
		</rx_dropped>
		<rx_missed>
			<start>0</start>
			<end>0</end>
		</rx_missed>
		<rx_mcast>
			<start>6</start>
			<end>6</end>
		</rx_mcast>
		<tx_bytes>
			<start>1211860717801</start>
			<end>1481085703519</end>
		</tx_bytes>
		<tx_packets>
			<start>264267548</start>
			<end>294376005</end>
		</tx_packets>
		<tx_errors>
			<start>0</start>
			<end>0</end>
		</tx_errors>
		<tx_dropped>
			<start>0</start>
			<end>0</end>
		</tx_dropped>
		<tx_carrier>
			<start>0</start>
			<end>0</end>
		</tx_carrier>
		<tx_collisions>
			<start>0</start>
			<end>0</end>
		</tx_collisions>
	</ip_statistic>
	<netstat_statistic>
		<udp_pkg_rec>
			<start>1439987954</start>
			<end>1665247827</end>
		</udp_pkg_rec>
		<udp_pkg_snt>
			<start>1550386431</start>
			<end>1794353126</end>
		</udp_pkg_snt>
		<udp_rec_err>
			<start>0</start>
			<end>0</end>
		</udp_rec_err>
		<udp_rec_buf_err>
			<start>0</start>
			<end>0</end>
		</udp_rec_buf_err>
		<udp_snt_buf_err>
			<start>0</start>
			<end>0</end>
		</udp_snt_buf_err>
	</netstat_statistic>
</test_results>
