<?xml version="1.0"?>
<test_results>
	<status>STATUS_SUCCESS</status>
	<custom>
		<num_loss>3087272</num_loss>
		<num_total>5000001</num_total>
		<num_misses>2047</num_misses>
		<elapsed_time>599.645990</elapsed_time>
		<query>
			<report>
				<misses>1001</misses>
				<total>30</total>
				<timestamp>0.120064</timestamp>
			</report>
			<report>
				<misses>2001</misses>
				<total>30</total>
				<timestamp>0.239976</timestamp>
			</report>
			<report>
				<misses>3001</misses>
				<total>30</total>
				<timestamp>0.359834</timestamp>
			</report>
			<report>
				<misses>4001</misses>
				<total>31</total>
				<timestamp>0.479802</timestamp>
			</report>
			<report>
				<misses>5001</misses>
				<total>31</total>
				<timestamp>0.599701</timestamp>
			</report>
			<report>
				<misses>6001</misses>
				<total>31</total>
				<timestamp>0.719632</timestamp>
			</report>
			<report>
				<misses>7001</misses>
				<total>31</total>
				<timestamp>0.839631</timestamp>
			</report>
			<report>
				<misses>8001</misses>
				<total>31</total>
				<timestamp>0.959622</timestamp>
			</report>
			<report>
				<misses>9001</misses>
				<total>31</total>
				<timestamp>1.079479</timestamp>
			</report>
			<report>
				<misses>10001</misses>
				<total>31</total>
				<timestamp>1.199343</timestamp>
			</report>
			<report>
				<misses>11001</misses>
				<total>32</total>
				<timestamp>1.319222</timestamp>
			</report>
			<report>
				<misses>12001</misses>
				<total>31</total>
				<timestamp>1.439100</timestamp>
			</report>
			<report>
				<misses>13001</misses>
				<total>31</total>
				<timestamp>1.558998</timestamp>
			</report>
			<report>
				<misses>14001</misses>
				<total>31</total>
				<timestamp>1.678864</timestamp>
			</report>
			<report>
				<misses>15001</misses>
				<total>31</total>
				<timestamp>1.798797</timestamp>
			</report>
			<report>
				<misses>16001</misses>
				<total>31</total>
				<timestamp>1.918749</timestamp>
			</report>
			<report>
				<misses>17001</misses>
				<total>31</total>
				<timestamp>2.038701</timestamp>
			</report>
			<report>
				<misses>18001</misses>
				<total>31</total>
				<timestamp>2.158627</timestamp>
			</report>
			<report>
				<misses>19001</misses>
				<total>31</total>
				<timestamp>2.278543</timestamp>
			</report>
			<report>
				<misses>20001</misses>
				<total>31</total>
				<timestamp>2.398386</timestamp>
			</report>
			<report>
				<misses>21001</misses>
				<total>31</total>
				<timestamp>2.518264</timestamp>
			</report>
			<report>
				<misses>22001</misses>
				<total>31</total>
				<timestamp>2.638152</timestamp>
			</report>
			<report>
				<misses>23001</misses>
				<total>31</total>
				<timestamp>2.758021</timestamp>
			</report>
			<report>
				<misses>24001</misses>
				<total>31</total>
				<timestamp>2.877984</timestamp>
			</report>
			<report>
				<misses>25001</misses>
				<total>31</total>
				<timestamp>2.997957</timestamp>
			</report>
			<report>
				<misses>26001</misses>
				<total>31</total>
				<timestamp>3.118000</timestamp>
			</report>
			<report>
				<misses>27001</misses>
				<total>31</total>
				<timestamp>3.237909</timestamp>
			</report>
			<report>
				<misses>28001</misses>
				<total>32</total>
				<timestamp>3.357784</timestamp>
			</report>
			<report>
				<misses>29001</misses>
				<total>32</total>
				<timestamp>3.477673</timestamp>
			</report>
			<report>
				<misses>30001</misses>
				<total>32</total>
				<timestamp>3.597565</timestamp>
			</report>
			<report>
				<misses>31001</misses>
				<total>32</total>
				<timestamp>3.717424</timestamp>
			</report>
			<report>
				<misses>32001</misses>
				<total>38</total>
				<timestamp>3.837290</timestamp>
			</report>
			<report>
				<misses>33001</misses>
				<total>38</total>
				<timestamp>3.957187</timestamp>
			</report>
			<report>
				<misses>34001</misses>
				<total>39</total>
				<timestamp>4.077092</timestamp>
			</report>
			<report>
				<misses>35001</misses>
				<total>39</total>
				<timestamp>4.196974</timestamp>
			</report>
			<report>
				<misses>36001</misses>
				<total>38</total>
				<timestamp>4.316864</timestamp>
			</report>
			<report>
				<misses>37001</misses>
				<total>38</total>
				<timestamp>4.436718</timestamp>
			</report>
			<report>
				<misses>38001</misses>
				<total>40</total>
				<timestamp>4.556669</timestamp>
			</report>
			<report>
				<misses>39001</misses>
				<total>39</total>
				<timestamp>4.676591</timestamp>
			</report>
			<report>
				<misses>40001</misses>
				<total>39</total>
				<timestamp>4.796519</timestamp>
			</report>
			<report>
				<misses>41001</misses>
				<total>39</total>
				<timestamp>4.916520</timestamp>
			</report>
			<report>
				<misses>42001</misses>
				<total>39</total>
				<timestamp>5.036518</timestamp>
			</report>
			<report>
				<misses>43001</misses>
				<total>39</total>
				<timestamp>5.156529</timestamp>
			</report>
			<report>
				<misses>44001</misses>
				<total>39</total>
				<timestamp>5.276517</timestamp>
			</report>
			<report>
				<misses>45001</misses>
				<total>39</total>
				<timestamp>5.396510</timestamp>
			</report>
			<report>
				<misses>46001</misses>
				<total>40</total>
				<timestamp>5.516336</timestamp>
			</report>
			<report>
				<misses>47001</misses>
				<total>40</total>
				<timestamp>5.636201</timestamp>
			</report>
			<report>
				<misses>48001</misses>
				<total>41</total>
				<timestamp>5.756090</timestamp>
			</report>
			<report>
				<misses>49001</misses>
				<total>41</total>
				<timestamp>5.875971</timestamp>
			</report>
			<report>
				<misses>50001</misses>
				<total>40</total>
				<timestamp>5.995871</timestamp>
			</report>
			<report>
				<misses>51001</misses>
				<total>40</total>
				<timestamp>6.115767</timestamp>
			</report>
			<report>
				<misses>52001</misses>
				<total>41</total>
				<timestamp>6.235723</timestamp>
			</report>
			<report>
				<misses>53001</misses>
				<total>41</total>
				<timestamp>6.355652</timestamp>
			</report>
			<report>
				<misses>54001</misses>
				<total>41</total>
				<timestamp>6.475516</timestamp>
			</report>
			<report>
				<misses>55001</misses>
				<total>44</total>
				<timestamp>6.595408</timestamp>
			</report>
			<report>
				<misses>56001</misses>
				<total>44</total>
				<timestamp>6.715242</timestamp>
			</report>
			<report>
				<misses>57001</misses>
				<total>44</total>
				<timestamp>6.835235</timestamp>
			</report>
			<report>
				<misses>58001</misses>
				<total>44</total>
				<timestamp>6.955122</timestamp>
			</report>
			<report>
				<misses>59001</misses>
				<total>44</total>
				<timestamp>7.075052</timestamp>
			</report>
			<report>
				<misses>60001</misses>
				<total>44</total>
				<timestamp>7.194961</timestamp>
			</report>
			<report>
				<misses>61001</misses>
				<total>47</total>
				<timestamp>7.314952</timestamp>
			</report>
			<report>
				<misses>62001</misses>
				<total>55</total>
				<timestamp>7.434773</timestamp>
			</report>
			<report>
				<misses>63001</misses>
				<total>56</total>
				<timestamp>7.554738</timestamp>
			</report>
			<report>
				<misses>64001</misses>
				<total>56</total>
				<timestamp>7.674708</timestamp>
			</report>
			<report>
				<misses>65001</misses>
				<total>56</total>
				<timestamp>7.794528</timestamp>
			</report>
			<report>
				<misses>66001</misses>
				<total>56</total>
				<timestamp>7.914420</timestamp>
			</report>
			<report>
				<misses>67001</misses>
				<total>56</total>
				<timestamp>8.034284</timestamp>
			</report>
			<report>
				<misses>68001</misses>
				<total>56</total>
				<timestamp>8.154165</timestamp>
			</report>
			<report>
				<misses>69001</misses>
				<total>57</total>
				<timestamp>8.274074</timestamp>
			</report>
			<report>
				<misses>70001</misses>
				<total>56</total>
				<timestamp>8.393982</timestamp>
			</report>
			<report>
				<misses>71001</misses>
				<total>56</total>
				<timestamp>8.513859</timestamp>
			</report>
			<report>
				<misses>72001</misses>
				<total>55</total>
				<timestamp>8.633760</timestamp>
			</report>
			<report>
				<misses>73001</misses>
				<total>56</total>
				<timestamp>8.753724</timestamp>
			</report>
			<report>
				<misses>74001</misses>
				<total>56</total>
				<timestamp>8.873570</timestamp>
			</report>
			<report>
				<misses>75001</misses>
				<total>56</total>
				<timestamp>8.993542</timestamp>
			</report>
			<report>
				<misses>76001</misses>
				<total>56</total>
				<timestamp>9.113504</timestamp>
			</report>
			<report>
				<misses>77001</misses>
				<total>56</total>
				<timestamp>9.233335</timestamp>
			</report>
			<report>
				<misses>78001</misses>
				<total>56</total>
				<timestamp>9.353205</timestamp>
			</report>
			<report>
				<misses>79001</misses>
				<total>57</total>
				<timestamp>9.473109</timestamp>
			</report>
			<report>
				<misses>80001</misses>
				<total>57</total>
				<timestamp>9.592971</timestamp>
			</report>
			<report>
				<misses>81001</misses>
				<total>56</total>
				<timestamp>9.712892</timestamp>
			</report>
			<report>
				<misses>82001</misses>
				<total>58</total>
				<timestamp>9.832720</timestamp>
			</report>
			<report>
				<misses>83001</misses>
				<total>57</total>
				<timestamp>9.952598</timestamp>
			</report>
			<report>
				<misses>84001</misses>
				<total>57</total>
				<timestamp>10.072501</timestamp>
			</report>
			<report>
				<misses>85001</misses>
				<total>61</total>
				<timestamp>10.192373</timestamp>
			</report>
			<report>
				<misses>86001</misses>
				<total>61</total>
				<timestamp>10.312253</timestamp>
			</report>
			<report>
				<misses>87001</misses>
				<total>61</total>
				<timestamp>10.432142</timestamp>
			</report>
			<report>
				<misses>88001</misses>
				<total>61</total>
				<timestamp>10.552092</timestamp>
			</report>
			<report>
				<misses>89001</misses>
				<total>61</total>
				<timestamp>10.672019</timestamp>
			</report>
			<report>
				<misses>90001</misses>
				<total>61</total>
				<timestamp>10.791953</timestamp>
			</report>
			<report>
				<misses>91001</misses>
				<total>61</total>
				<timestamp>10.911865</timestamp>
			</report>
			<report>
				<misses>92001</misses>
				<total>61</total>
				<timestamp>11.031825</timestamp>
			</report>
			<report>
				<misses>93001</misses>
				<total>61</total>
				<timestamp>11.151660</timestamp>
			</report>
			<report>
				<misses>94001</misses>
				<total>61</total>
				<timestamp>11.271655</timestamp>
			</report>
			<report>
				<misses>95001</misses>
				<total>61</total>
				<timestamp>11.391619</timestamp>
			</report>
			<report>
				<misses>96001</misses>
				<total>61</total>
				<timestamp>11.511611</timestamp>
			</report>
			<report>
				<misses>97001</misses>
				<total>61</total>
				<timestamp>11.631602</timestamp>
			</report>
			<report>
				<misses>98001</misses>
				<total>61</total>
				<timestamp>11.751617</timestamp>
			</report>
			<report>
				<misses>99001</misses>
				<total>61</total>
				<timestamp>11.871533</timestamp>
			</report>
			<report>
				<misses>100001</misses>
				<total>61</total>
				<timestamp>11.991483</timestamp>
			</report>
			<report>
				<misses>101001</misses>
				<total>61</total>
				<timestamp>12.111476</timestamp>
			</report>
			<report>
				<misses>102001</misses>
				<total>61</total>
				<timestamp>12.231473</timestamp>
			</report>
			<report>
				<misses>103001</misses>
				<total>61</total>
				<timestamp>12.351483</timestamp>
			</report>
			<report>
				<misses>104001</misses>
				<total>61</total>
				<timestamp>12.471483</timestamp>
			</report>
			<report>
				<misses>105001</misses>
				<total>61</total>
				<timestamp>12.591479</timestamp>
			</report>
			<report>
				<misses>106001</misses>
				<total>61</total>
				<timestamp>12.711458</timestamp>
			</report>
			<report>
				<misses>107001</misses>
				<total>61</total>
				<timestamp>12.831291</timestamp>
			</report>
			<report>
				<misses>108001</misses>
				<total>61</total>
				<timestamp>12.951171</timestamp>
			</report>
			<report>
				<misses>109001</misses>
				<total>61</total>
				<timestamp>13.071092</timestamp>
			</report>
			<report>
				<misses>110001</misses>
				<total>61</total>
				<timestamp>13.190954</timestamp>
			</report>
			<report>
				<misses>111001</misses>
				<total>61</total>
				<timestamp>13.310918</timestamp>
			</report>
			<report>
				<misses>112001</misses>
				<total>61</total>
				<timestamp>13.430863</timestamp>
			</report>
			<report>
				<misses>113001</misses>
				<total>61</total>
				<timestamp>13.550736</timestamp>
			</report>
			<report>
				<misses>114001</misses>
				<total>61</total>
				<timestamp>13.670616</timestamp>
			</report>
			<report>
				<misses>115001</misses>
				<total>61</total>
				<timestamp>13.790481</timestamp>
			</report>
			<report>
				<misses>116001</misses>
				<total>61</total>
				<timestamp>13.910325</timestamp>
			</report>
			<report>
				<misses>117001</misses>
				<total>61</total>
				<timestamp>14.030204</timestamp>
			</report>
			<report>
				<misses>118001</misses>
				<total>61</total>
				<timestamp>14.150096</timestamp>
			</report>
			<report>
				<misses>119001</misses>
				<total>60</total>
				<timestamp>14.270069</timestamp>
			</report>
			<report>
				<misses>120001</misses>
				<total>61</total>
				<timestamp>14.390064</timestamp>
			</report>
			<report>
				<misses>121001</misses>
				<total>61</total>
				<timestamp>14.510001</timestamp>
			</report>
			<report>
				<misses>122001</misses>
				<total>65</total>
				<timestamp>14.629868</timestamp>
			</report>
			<report>
				<misses>123001</misses>
				<total>65</total>
				<timestamp>14.749731</timestamp>
			</report>
			<report>
				<misses>124001</misses>
				<total>83</total>
				<timestamp>14.869628</timestamp>
			</report>
			<report>
				<misses>125001</misses>
				<total>83</total>
				<timestamp>14.989521</timestamp>
			</report>
			<report>
				<misses>126001</misses>
				<total>96</total>
				<timestamp>15.109469</timestamp>
			</report>
			<report>
				<misses>127001</misses>
				<total>1014</total>
				<timestamp>15.229458</timestamp>
			</report>
			<report>
				<misses>128001</misses>
				<total>2013</total>
				<timestamp>15.349451</timestamp>
			</report>
			<report>
				<misses>129001</misses>
				<total>3012</total>
				<timestamp>15.469388</timestamp>
			</report>
			<report>
				<misses>130001</misses>
				<total>4011</total>
				<timestamp>15.589263</timestamp>
			</report>
			<report>
				<misses>131001</misses>
				<total>5010</total>
				<timestamp>15.709158</timestamp>
			</report>
			<report>
				<misses>132001</misses>
				<total>6009</total>
				<timestamp>15.829273</timestamp>
			</report>
			<report>
				<misses>133001</misses>
				<total>7008</total>
				<timestamp>15.949157</timestamp>
			</report>
			<report>
				<misses>134001</misses>
				<total>8007</total>
				<timestamp>16.069019</timestamp>
			</report>
			<report>
				<misses>135001</misses>
				<total>9006</total>
				<timestamp>16.188909</timestamp>
			</report>
			<report>
				<misses>136001</misses>
				<total>10005</total>
				<timestamp>16.308853</timestamp>
			</report>
			<report>
				<misses>137001</misses>
				<total>11004</total>
				<timestamp>16.428829</timestamp>
			</report>
			<report>
				<misses>138001</misses>
				<total>12003</total>
				<timestamp>16.548685</timestamp>
			</report>
			<report>
				<misses>139001</misses>
				<total>13002</total>
				<timestamp>16.668627</timestamp>
			</report>
			<report>
				<misses>140001</misses>
				<total>14001</total>
				<timestamp>16.788590</timestamp>
			</report>
			<report>
				<misses>141001</misses>
				<total>15000</total>
				<timestamp>16.908505</timestamp>
			</report>
			<report>
				<misses>142001</misses>
				<total>15999</total>
				<timestamp>17.028456</timestamp>
			</report>
			<report>
				<misses>143001</misses>
				<total>16998</total>
				<timestamp>17.148374</timestamp>
			</report>
			<report>
				<misses>144001</misses>
				<total>17997</total>
				<timestamp>17.268308</timestamp>
			</report>
			<report>
				<misses>145001</misses>
				<total>18996</total>
				<timestamp>17.388176</timestamp>
			</report>
			<report>
				<misses>146001</misses>
				<total>19995</total>
				<timestamp>17.508097</timestamp>
			</report>
			<report>
				<misses>147001</misses>
				<total>20994</total>
				<timestamp>17.627965</timestamp>
			</report>
			<report>
				<misses>148001</misses>
				<total>21993</total>
				<timestamp>17.747819</timestamp>
			</report>
			<report>
				<misses>149001</misses>
				<total>22992</total>
				<timestamp>17.867693</timestamp>
			</report>
			<report>
				<misses>150001</misses>
				<total>23991</total>
				<timestamp>17.987627</timestamp>
			</report>
			<report>
				<misses>151001</misses>
				<total>24990</total>
				<timestamp>18.107518</timestamp>
			</report>
			<report>
				<misses>152001</misses>
				<total>25989</total>
				<timestamp>18.227471</timestamp>
			</report>
			<report>
				<misses>153001</misses>
				<total>26988</total>
				<timestamp>18.347349</timestamp>
			</report>
			<report>
				<misses>154001</misses>
				<total>27987</total>
				<timestamp>18.467220</timestamp>
			</report>
			<report>
				<misses>155001</misses>
				<total>28986</total>
				<timestamp>18.587129</timestamp>
			</report>
			<report>
				<misses>156001</misses>
				<total>29985</total>
				<timestamp>18.707075</timestamp>
			</report>
			<report>
				<misses>157001</misses>
				<total>30984</total>
				<timestamp>18.827004</timestamp>
			</report>
			<report>
				<misses>158001</misses>
				<total>31983</total>
				<timestamp>18.946879</timestamp>
			</report>
			<report>
				<misses>159001</misses>
				<total>32982</total>
				<timestamp>19.066775</timestamp>
			</report>
			<report>
				<misses>160001</misses>
				<total>33981</total>
				<timestamp>19.186625</timestamp>
			</report>
			<report>
				<misses>161001</misses>
				<total>34980</total>
				<timestamp>19.306571</timestamp>
			</report>
			<report>
				<misses>162001</misses>
				<total>35979</total>
				<timestamp>19.426574</timestamp>
			</report>
			<report>
				<misses>163001</misses>
				<total>36978</total>
				<timestamp>19.546588</timestamp>
			</report>
			<report>
				<misses>164001</misses>
				<total>37977</total>
				<timestamp>19.666561</timestamp>
			</report>
			<report>
				<misses>165001</misses>
				<total>38976</total>
				<timestamp>19.786561</timestamp>
			</report>
			<report>
				<misses>166001</misses>
				<total>39975</total>
				<timestamp>19.906581</timestamp>
			</report>
			<report>
				<misses>167001</misses>
				<total>40974</total>
				<timestamp>20.026542</timestamp>
			</report>
			<report>
				<misses>168001</misses>
				<total>41973</total>
				<timestamp>20.146410</timestamp>
			</report>
			<report>
				<misses>169001</misses>
				<total>42972</total>
				<timestamp>20.266257</timestamp>
			</report>
			<report>
				<misses>170001</misses>
				<total>43971</total>
				<timestamp>20.386137</timestamp>
			</report>
			<report>
				<misses>171001</misses>
				<total>44970</total>
				<timestamp>20.506110</timestamp>
			</report>
			<report>
				<misses>172001</misses>
				<total>45969</total>
				<timestamp>20.626071</timestamp>
			</report>
			<report>
				<misses>173001</misses>
				<total>46968</total>
				<timestamp>20.746067</timestamp>
			</report>
			<report>
				<misses>174001</misses>
				<total>47967</total>
				<timestamp>20.865910</timestamp>
			</report>
			<report>
				<misses>175001</misses>
				<total>48966</total>
				<timestamp>20.985823</timestamp>
			</report>
			<report>
				<misses>176001</misses>
				<total>49965</total>
				<timestamp>21.105662</timestamp>
			</report>
			<report>
				<misses>177001</misses>
				<total>50964</total>
				<timestamp>21.225550</timestamp>
			</report>
			<report>
				<misses>178001</misses>
				<total>51963</total>
				<timestamp>21.345464</timestamp>
			</report>
			<report>
				<misses>179001</misses>
				<total>52962</total>
				<timestamp>21.465309</timestamp>
			</report>
			<report>
				<misses>180001</misses>
				<total>53961</total>
				<timestamp>21.585189</timestamp>
			</report>
			<report>
				<misses>181001</misses>
				<total>54960</total>
				<timestamp>21.705121</timestamp>
			</report>
			<report>
				<misses>182001</misses>
				<total>55959</total>
				<timestamp>21.825089</timestamp>
			</report>
			<report>
				<misses>183001</misses>
				<total>56958</total>
				<timestamp>21.944950</timestamp>
			</report>
			<report>
				<misses>184001</misses>
				<total>57957</total>
				<timestamp>22.064822</timestamp>
			</report>
			<report>
				<misses>185001</misses>
				<total>58956</total>
				<timestamp>22.184748</timestamp>
			</report>
			<report>
				<misses>186001</misses>
				<total>59955</total>
				<timestamp>22.304640</timestamp>
			</report>
			<report>
				<misses>187001</misses>
				<total>60954</total>
				<timestamp>22.424595</timestamp>
			</report>
			<report>
				<misses>188001</misses>
				<total>61953</total>
				<timestamp>22.544477</timestamp>
			</report>
			<report>
				<misses>189001</misses>
				<total>62952</total>
				<timestamp>22.664422</timestamp>
			</report>
			<report>
				<misses>190001</misses>
				<total>63951</total>
				<timestamp>22.784392</timestamp>
			</report>
			<report>
				<misses>191001</misses>
				<total>64950</total>
				<timestamp>22.904416</timestamp>
			</report>
			<report>
				<misses>192001</misses>
				<total>65949</total>
				<timestamp>23.024396</timestamp>
			</report>
			<report>
				<misses>193001</misses>
				<total>66948</total>
				<timestamp>23.144401</timestamp>
			</report>
			<report>
				<misses>194001</misses>
				<total>67947</total>
				<timestamp>23.264396</timestamp>
			</report>
			<report>
				<misses>195001</misses>
				<total>68946</total>
				<timestamp>23.384419</timestamp>
			</report>
			<report>
				<misses>196001</misses>
				<total>69945</total>
				<timestamp>23.504390</timestamp>
			</report>
			<report>
				<misses>197001</misses>
				<total>70944</total>
				<timestamp>23.624228</timestamp>
			</report>
			<report>
				<misses>198001</misses>
				<total>71943</total>
				<timestamp>23.744144</timestamp>
			</report>
			<report>
				<misses>199001</misses>
				<total>72942</total>
				<timestamp>23.864047</timestamp>
			</report>
			<report>
				<misses>200001</misses>
				<total>73941</total>
				<timestamp>23.984068</timestamp>
			</report>
			<report>
				<misses>201001</misses>
				<total>74940</total>
				<timestamp>24.104067</timestamp>
			</report>
			<report>
				<misses>202001</misses>
				<total>75939</total>
				<timestamp>24.223994</timestamp>
			</report>
			<report>
				<misses>203001</misses>
				<total>76938</total>
				<timestamp>24.344242</timestamp>
			</report>
			<report>
				<misses>204001</misses>
				<total>77937</total>
				<timestamp>24.464138</timestamp>
			</report>
			<report>
				<misses>205001</misses>
				<total>78936</total>
				<timestamp>24.584009</timestamp>
			</report>
			<report>
				<misses>206001</misses>
				<total>79935</total>
				<timestamp>24.703953</timestamp>
			</report>
			<report>
				<misses>207001</misses>
				<total>80934</total>
				<timestamp>24.823882</timestamp>
			</report>
			<report>
				<misses>208001</misses>
				<total>81933</total>
				<timestamp>24.943820</timestamp>
			</report>
			<report>
				<misses>209001</misses>
				<total>82932</total>
				<timestamp>25.063762</timestamp>
			</report>
			<report>
				<misses>210001</misses>
				<total>83931</total>
				<timestamp>25.183625</timestamp>
			</report>
			<report>
				<misses>211001</misses>
				<total>84930</total>
				<timestamp>25.303535</timestamp>
			</report>
			<report>
				<misses>212001</misses>
				<total>85929</total>
				<timestamp>25.423423</timestamp>
			</report>
			<report>
				<misses>213001</misses>
				<total>86928</total>
				<timestamp>25.543272</timestamp>
			</report>
			<report>
				<misses>214001</misses>
				<total>87927</total>
				<timestamp>25.663169</timestamp>
			</report>
			<report>
				<misses>215001</misses>
				<total>88926</total>
				<timestamp>25.783115</timestamp>
			</report>
			<report>
				<misses>216001</misses>
				<total>89925</total>
				<timestamp>25.903068</timestamp>
			</report>
			<report>
				<misses>217001</misses>
				<total>90924</total>
				<timestamp>26.022931</timestamp>
			</report>
			<report>
				<misses>218001</misses>
				<total>91923</total>
				<timestamp>26.142821</timestamp>
			</report>
			<report>
				<misses>219001</misses>
				<total>92922</total>
				<timestamp>26.262701</timestamp>
			</report>
			<report>
				<misses>220001</misses>
				<total>93921</total>
				<timestamp>26.382543</timestamp>
			</report>
			<report>
				<misses>221001</misses>
				<total>94920</total>
				<timestamp>26.502430</timestamp>
			</report>
			<report>
				<misses>222001</misses>
				<total>95919</total>
				<timestamp>26.622386</timestamp>
			</report>
			<report>
				<misses>223001</misses>
				<total>96918</total>
				<timestamp>26.742308</timestamp>
			</report>
			<report>
				<misses>224001</misses>
				<total>97917</total>
				<timestamp>26.862214</timestamp>
			</report>
			<report>
				<misses>225001</misses>
				<total>98916</total>
				<timestamp>26.982069</timestamp>
			</report>
			<report>
				<misses>226001</misses>
				<total>99915</total>
				<timestamp>27.101949</timestamp>
			</report>
			<report>
				<misses>227001</misses>
				<total>100914</total>
				<timestamp>27.221829</timestamp>
			</report>
			<report>
				<misses>228001</misses>
				<total>101913</total>
				<timestamp>27.341695</timestamp>
			</report>
			<report>
				<misses>229001</misses>
				<total>102912</total>
				<timestamp>27.461618</timestamp>
			</report>
			<report>
				<misses>230001</misses>
				<total>103911</total>
				<timestamp>27.581484</timestamp>
			</report>
			<report>
				<misses>231001</misses>
				<total>104910</total>
				<timestamp>27.701438</timestamp>
			</report>
			<report>
				<misses>232001</misses>
				<total>105909</total>
				<timestamp>27.821431</timestamp>
			</report>
			<report>
				<misses>233001</misses>
				<total>106908</total>
				<timestamp>27.941332</timestamp>
			</report>
			<report>
				<misses>234001</misses>
				<total>107907</total>
				<timestamp>28.061223</timestamp>
			</report>
			<report>
				<misses>235001</misses>
				<total>108906</total>
				<timestamp>28.181135</timestamp>
			</report>
			<report>
				<misses>236001</misses>
				<total>109905</total>
				<timestamp>28.300990</timestamp>
			</report>
			<report>
				<misses>237001</misses>
				<total>110904</total>
				<timestamp>28.420969</timestamp>
			</report>
			<report>
				<misses>238001</misses>
				<total>111903</total>
				<timestamp>28.540876</timestamp>
			</report>
			<report>
				<misses>239001</misses>
				<total>112902</total>
				<timestamp>28.660737</timestamp>
			</report>
			<report>
				<misses>240001</misses>
				<total>113901</total>
				<timestamp>28.780696</timestamp>
			</report>
			<report>
				<misses>241001</misses>
				<total>114900</total>
				<timestamp>28.900619</timestamp>
			</report>
			<report>
				<misses>242001</misses>
				<total>115899</total>
				<timestamp>29.020522</timestamp>
			</report>
			<report>
				<misses>243001</misses>
				<total>116898</total>
				<timestamp>29.140416</timestamp>
			</report>
			<report>
				<misses>244001</misses>
				<total>117897</total>
				<timestamp>29.260318</timestamp>
			</report>
			<report>
				<misses>245001</misses>
				<total>118896</total>
				<timestamp>29.380303</timestamp>
			</report>
			<report>
				<misses>246001</misses>
				<total>119895</total>
				<timestamp>29.500136</timestamp>
			</report>
			<report>
				<misses>247001</misses>
				<total>120894</total>
				<timestamp>29.620083</timestamp>
			</report>
			<report>
				<misses>248001</misses>
				<total>121893</total>
				<timestamp>29.740035</timestamp>
			</report>
			<report>
				<misses>249001</misses>
				<total>122892</total>
				<timestamp>29.859955</timestamp>
			</report>
			<report>
				<misses>250001</misses>
				<total>123891</total>
				<timestamp>29.979953</timestamp>
			</report>
			<report>
				<misses>251001</misses>
				<total>124890</total>
				<timestamp>30.099952</timestamp>
			</report>
			<report>
				<misses>252001</misses>
				<total>125889</total>
				<timestamp>30.219951</timestamp>
			</report>
			<report>
				<misses>253001</misses>
				<total>126888</total>
				<timestamp>30.339825</timestamp>
			</report>
			<report>
				<misses>254001</misses>
				<total>127887</total>
				<timestamp>30.459677</timestamp>
			</report>
			<report>
				<misses>255001</misses>
				<total>128886</total>
				<timestamp>30.579543</timestamp>
			</report>
			<report>
				<misses>256001</misses>
				<total>129885</total>
				<timestamp>30.699462</timestamp>
			</report>
			<report>
				<misses>257001</misses>
				<total>130884</total>
				<timestamp>30.819337</timestamp>
			</report>
			<report>
				<misses>258001</misses>
				<total>131883</total>
				<timestamp>30.939348</timestamp>
			</report>
			<report>
				<misses>259001</misses>
				<total>132882</total>
				<timestamp>31.059213</timestamp>
			</report>
			<report>
				<misses>260001</misses>
				<total>133881</total>
				<timestamp>31.179085</timestamp>
			</report>
			<report>
				<misses>261001</misses>
				<total>134880</total>
				<timestamp>31.298939</timestamp>
			</report>
			<report>
				<misses>262001</misses>
				<total>135879</total>
				<timestamp>31.418815</timestamp>
			</report>
			<report>
				<misses>263001</misses>
				<total>136878</total>
				<timestamp>31.538703</timestamp>
			</report>
			<report>
				<misses>264001</misses>
				<total>137877</total>
				<timestamp>31.658592</timestamp>
			</report>
			<report>
				<misses>265001</misses>
				<total>138876</total>
				<timestamp>31.778503</timestamp>
			</report>
			<report>
				<misses>266001</misses>
				<total>139875</total>
				<timestamp>31.898375</timestamp>
			</report>
			<report>
				<misses>267001</misses>
				<total>140874</total>
				<timestamp>32.018227</timestamp>
			</report>
			<report>
				<misses>268001</misses>
				<total>141873</total>
				<timestamp>32.138398</timestamp>
			</report>
			<report>
				<misses>269001</misses>
				<total>142872</total>
				<timestamp>32.258401</timestamp>
			</report>
			<report>
				<misses>270001</misses>
				<total>143871</total>
				<timestamp>32.378416</timestamp>
			</report>
			<report>
				<misses>271001</misses>
				<total>144870</total>
				<timestamp>32.498400</timestamp>
			</report>
			<report>
				<misses>272001</misses>
				<total>145869</total>
				<timestamp>32.618390</timestamp>
			</report>
			<report>
				<misses>273001</misses>
				<total>146868</total>
				<timestamp>32.738409</timestamp>
			</report>
			<report>
				<misses>274001</misses>
				<total>147867</total>
				<timestamp>32.858360</timestamp>
			</report>
			<report>
				<misses>275001</misses>
				<total>148866</total>
				<timestamp>32.978272</timestamp>
			</report>
			<report>
				<misses>276001</misses>
				<total>149865</total>
				<timestamp>33.098091</timestamp>
			</report>
			<report>
				<misses>277001</misses>
				<total>150864</total>
				<timestamp>33.217980</timestamp>
			</report>
			<report>
				<misses>278001</misses>
				<total>151863</total>
				<timestamp>33.337932</timestamp>
			</report>
			<report>
				<misses>279001</misses>
				<total>152862</total>
				<timestamp>33.457872</timestamp>
			</report>
			<report>
				<misses>280001</misses>
				<total>153861</total>
				<timestamp>33.577829</timestamp>
			</report>
			<report>
				<misses>281001</misses>
				<total>154860</total>
				<timestamp>33.697725</timestamp>
			</report>
			<report>
				<misses>282001</misses>
				<total>155859</total>
				<timestamp>33.817636</timestamp>
			</report>
			<report>
				<misses>283001</misses>
				<total>156858</total>
				<timestamp>33.937861</timestamp>
			</report>
			<report>
				<misses>284001</misses>
				<total>157857</total>
				<timestamp>34.057731</timestamp>
			</report>
			<report>
				<misses>285001</misses>
				<total>158856</total>
				<timestamp>34.177663</timestamp>
			</report>
			<report>
				<misses>286001</misses>
				<total>159855</total>
				<timestamp>34.297494</timestamp>
			</report>
			<report>
				<misses>287001</misses>
				<total>160854</total>
				<timestamp>34.417402</timestamp>
			</report>
			<report>
				<misses>288001</misses>
				<total>161853</total>
				<timestamp>34.537666</timestamp>
			</report>
			<report>
				<misses>289001</misses>
				<total>162852</total>
				<timestamp>34.657518</timestamp>
			</report>
			<report>
				<misses>290001</misses>
				<total>163851</total>
				<timestamp>34.777411</timestamp>
			</report>
			<report>
				<misses>291001</misses>
				<total>164850</total>
				<timestamp>34.897396</timestamp>
			</report>
			<report>
				<misses>292001</misses>
				<total>165849</total>
				<timestamp>35.017341</timestamp>
			</report>
			<report>
				<misses>293001</misses>
				<total>166848</total>
				<timestamp>35.137505</timestamp>
			</report>
			<report>
				<misses>294001</misses>
				<total>167847</total>
				<timestamp>35.257421</timestamp>
			</report>
			<report>
				<misses>295001</misses>
				<total>168846</total>
				<timestamp>35.377363</timestamp>
			</report>
			<report>
				<misses>296001</misses>
				<total>169845</total>
				<timestamp>35.497373</timestamp>
			</report>
			<report>
				<misses>297001</misses>
				<total>170844</total>
				<timestamp>35.617350</timestamp>
			</report>
			<report>
				<misses>298001</misses>
				<total>171843</total>
				<timestamp>35.737357</timestamp>
			</report>
			<report>
				<misses>299001</misses>
				<total>172842</total>
				<timestamp>35.857346</timestamp>
			</report>
			<report>
				<misses>300001</misses>
				<total>173841</total>
				<timestamp>35.977284</timestamp>
			</report>
			<report>
				<misses>301001</misses>
				<total>174840</total>
				<timestamp>36.097172</timestamp>
			</report>
			<report>
				<misses>302001</misses>
				<total>175839</total>
				<timestamp>36.217077</timestamp>
			</report>
			<report>
				<misses>303001</misses>
				<total>176838</total>
				<timestamp>36.337073</timestamp>
			</report>
			<report>
				<misses>304001</misses>
				<total>177837</total>
				<timestamp>36.457074</timestamp>
			</report>
			<report>
				<misses>305001</misses>
				<total>178836</total>
				<timestamp>36.577061</timestamp>
			</report>
			<report>
				<misses>306001</misses>
				<total>179835</total>
				<timestamp>36.696933</timestamp>
			</report>
			<report>
				<misses>307001</misses>
				<total>180834</total>
				<timestamp>36.816827</timestamp>
			</report>
			<report>
				<misses>308001</misses>
				<total>181833</total>
				<timestamp>36.936648</timestamp>
			</report>
			<report>
				<misses>309001</misses>
				<total>182832</total>
				<timestamp>37.056559</timestamp>
			</report>
			<report>
				<misses>310001</misses>
				<total>183831</total>
				<timestamp>37.176465</timestamp>
			</report>
			<report>
				<misses>311001</misses>
				<total>184830</total>
				<timestamp>37.296337</timestamp>
			</report>
			<report>
				<misses>312001</misses>
				<total>185829</total>
				<timestamp>37.416177</timestamp>
			</report>
			<report>
				<misses>313001</misses>
				<total>186828</total>
				<timestamp>37.536086</timestamp>
			</report>
			<report>
				<misses>314001</misses>
				<total>187827</total>
				<timestamp>37.655982</timestamp>
			</report>
			<report>
				<misses>315001</misses>
				<total>188100</total>
				<timestamp>37.775847</timestamp>
			</report>
			<report>
				<misses>316001</misses>
				<total>188102</total>
				<timestamp>37.895719</timestamp>
			</report>
			<report>
				<misses>317001</misses>
				<total>188102</total>
				<timestamp>38.015577</timestamp>
			</report>
			<report>
				<misses>318001</misses>
				<total>188102</total>
				<timestamp>38.135470</timestamp>
			</report>
			<report>
				<misses>319001</misses>
				<total>188102</total>
				<timestamp>38.255392</timestamp>
			</report>
			<report>
				<misses>320001</misses>
				<total>188102</total>
				<timestamp>38.375395</timestamp>
			</report>
			<report>
				<misses>321001</misses>
				<total>188102</total>
				<timestamp>38.495416</timestamp>
			</report>
			<report>
				<misses>322001</misses>
				<total>188106</total>
				<timestamp>38.615366</timestamp>
			</report>
			<report>
				<misses>323001</misses>
				<total>188106</total>
				<timestamp>38.735292</timestamp>
			</report>
			<report>
				<misses>324001</misses>
				<total>188106</total>
				<timestamp>38.855314</timestamp>
			</report>
			<report>
				<misses>325001</misses>
				<total>188106</total>
				<timestamp>38.975215</timestamp>
			</report>
			<report>
				<misses>326001</misses>
				<total>188106</total>
				<timestamp>39.095124</timestamp>
			</report>
			<report>
				<misses>327001</misses>
				<total>188106</total>
				<timestamp>39.215067</timestamp>
			</report>
			<report>
				<misses>328001</misses>
				<total>188106</total>
				<timestamp>39.334991</timestamp>
			</report>
			<report>
				<misses>329001</misses>
				<total>188106</total>
				<timestamp>39.454854</timestamp>
			</report>
			<report>
				<misses>330001</misses>
				<total>188106</total>
				<timestamp>39.574746</timestamp>
			</report>
			<report>
				<misses>331001</misses>
				<total>188106</total>
				<timestamp>39.694612</timestamp>
			</report>
			<report>
				<misses>332001</misses>
				<total>188107</total>
				<timestamp>39.814511</timestamp>
			</report>
			<report>
				<misses>333001</misses>
				<total>188107</total>
				<timestamp>39.934387</timestamp>
			</report>
			<report>
				<misses>334001</misses>
				<total>188107</total>
				<timestamp>40.054296</timestamp>
			</report>
			<report>
				<misses>335001</misses>
				<total>188106</total>
				<timestamp>40.174304</timestamp>
			</report>
			<report>
				<misses>336001</misses>
				<total>188107</total>
				<timestamp>40.294133</timestamp>
			</report>
			<report>
				<misses>337001</misses>
				<total>188107</total>
				<timestamp>40.414072</timestamp>
			</report>
			<report>
				<misses>338001</misses>
				<total>188110</total>
				<timestamp>40.534069</timestamp>
			</report>
			<report>
				<misses>339001</misses>
				<total>188110</total>
				<timestamp>40.653946</timestamp>
			</report>
			<report>
				<misses>340001</misses>
				<total>188110</total>
				<timestamp>40.773823</timestamp>
			</report>
			<report>
				<misses>341001</misses>
				<total>188110</total>
				<timestamp>40.893657</timestamp>
			</report>
			<report>
				<misses>342001</misses>
				<total>188119</total>
				<timestamp>41.013526</timestamp>
			</report>
			<report>
				<misses>343001</misses>
				<total>188119</total>
				<timestamp>41.133438</timestamp>
			</report>
			<report>
				<misses>344001</misses>
				<total>188119</total>
				<timestamp>41.253345</timestamp>
			</report>
			<report>
				<misses>345001</misses>
				<total>188119</total>
				<timestamp>41.373189</timestamp>
			</report>
			<report>
				<misses>346001</misses>
				<total>188119</total>
				<timestamp>41.493081</timestamp>
			</report>
			<report>
				<misses>347001</misses>
				<total>188119</total>
				<timestamp>41.612956</timestamp>
			</report>
			<report>
				<misses>348001</misses>
				<total>188129</total>
				<timestamp>41.732829</timestamp>
			</report>
			<report>
				<misses>349001</misses>
				<total>188143</total>
				<timestamp>41.852694</timestamp>
			</report>
			<report>
				<misses>350001</misses>
				<total>188144</total>
				<timestamp>41.972589</timestamp>
			</report>
			<report>
				<misses>351001</misses>
				<total>188143</total>
				<timestamp>42.092503</timestamp>
			</report>
			<report>
				<misses>352001</misses>
				<total>188144</total>
				<timestamp>42.212435</timestamp>
			</report>
			<report>
				<misses>353001</misses>
				<total>188145</total>
				<timestamp>42.332400</timestamp>
			</report>
			<report>
				<misses>354001</misses>
				<total>188145</total>
				<timestamp>42.452432</timestamp>
			</report>
			<report>
				<misses>355001</misses>
				<total>188145</total>
				<timestamp>42.572380</timestamp>
			</report>
			<report>
				<misses>356001</misses>
				<total>188146</total>
				<timestamp>42.692303</timestamp>
			</report>
			<report>
				<misses>357001</misses>
				<total>188146</total>
				<timestamp>42.812272</timestamp>
			</report>
			<report>
				<misses>358001</misses>
				<total>188146</total>
				<timestamp>42.932254</timestamp>
			</report>
			<report>
				<misses>359001</misses>
				<total>188146</total>
				<timestamp>43.052111</timestamp>
			</report>
			<report>
				<misses>360001</misses>
				<total>188146</total>
				<timestamp>43.171979</timestamp>
			</report>
			<report>
				<misses>361001</misses>
				<total>188146</total>
				<timestamp>43.291853</timestamp>
			</report>
			<report>
				<misses>362001</misses>
				<total>188149</total>
				<timestamp>43.411735</timestamp>
			</report>
			<report>
				<misses>363001</misses>
				<total>188150</total>
				<timestamp>43.531623</timestamp>
			</report>
			<report>
				<misses>364001</misses>
				<total>188150</total>
				<timestamp>43.651494</timestamp>
			</report>
			<report>
				<misses>365001</misses>
				<total>188149</total>
				<timestamp>43.771447</timestamp>
			</report>
			<report>
				<misses>366001</misses>
				<total>188148</total>
				<timestamp>43.891419</timestamp>
			</report>
			<report>
				<misses>367001</misses>
				<total>188149</total>
				<timestamp>44.011323</timestamp>
			</report>
			<report>
				<misses>368001</misses>
				<total>188149</total>
				<timestamp>44.131307</timestamp>
			</report>
			<report>
				<misses>369001</misses>
				<total>188149</total>
				<timestamp>44.251283</timestamp>
			</report>
			<report>
				<misses>370001</misses>
				<total>188149</total>
				<timestamp>44.371132</timestamp>
			</report>
			<report>
				<misses>371001</misses>
				<total>188150</total>
				<timestamp>44.491060</timestamp>
			</report>
			<report>
				<misses>372001</misses>
				<total>188149</total>
				<timestamp>44.610899</timestamp>
			</report>
			<report>
				<misses>373001</misses>
				<total>188157</total>
				<timestamp>44.730838</timestamp>
			</report>
			<report>
				<misses>374001</misses>
				<total>188156</total>
				<timestamp>44.850853</timestamp>
			</report>
			<report>
				<misses>375001</misses>
				<total>188156</total>
				<timestamp>44.970833</timestamp>
			</report>
			<report>
				<misses>376001</misses>
				<total>188503</total>
				<timestamp>45.090827</timestamp>
			</report>
			<report>
				<misses>377001</misses>
				<total>189502</total>
				<timestamp>45.210648</timestamp>
			</report>
			<report>
				<misses>378001</misses>
				<total>190501</total>
				<timestamp>45.330537</timestamp>
			</report>
			<report>
				<misses>379001</misses>
				<total>191500</total>
				<timestamp>45.450405</timestamp>
			</report>
			<report>
				<misses>380001</misses>
				<total>192499</total>
				<timestamp>45.570327</timestamp>
			</report>
			<report>
				<misses>381001</misses>
				<total>193498</total>
				<timestamp>45.690271</timestamp>
			</report>
			<report>
				<misses>382001</misses>
				<total>194497</total>
				<timestamp>45.810189</timestamp>
			</report>
			<report>
				<misses>383001</misses>
				<total>195496</total>
				<timestamp>45.930093</timestamp>
			</report>
			<report>
				<misses>384001</misses>
				<total>196495</total>
				<timestamp>46.049941</timestamp>
			</report>
			<report>
				<misses>385001</misses>
				<total>197494</total>
				<timestamp>46.169836</timestamp>
			</report>
			<report>
				<misses>386001</misses>
				<total>198493</total>
				<timestamp>46.289698</timestamp>
			</report>
			<report>
				<misses>387001</misses>
				<total>199492</total>
				<timestamp>46.409609</timestamp>
			</report>
			<report>
				<misses>388001</misses>
				<total>200491</total>
				<timestamp>46.529532</timestamp>
			</report>
			<report>
				<misses>389001</misses>
				<total>201490</total>
				<timestamp>46.649480</timestamp>
			</report>
			<report>
				<misses>390001</misses>
				<total>202489</total>
				<timestamp>46.769383</timestamp>
			</report>
			<report>
				<misses>391001</misses>
				<total>203488</total>
				<timestamp>46.889261</timestamp>
			</report>
			<report>
				<misses>392001</misses>
				<total>204487</total>
				<timestamp>47.009098</timestamp>
			</report>
			<report>
				<misses>393001</misses>
				<total>205486</total>
				<timestamp>47.129085</timestamp>
			</report>
			<report>
				<misses>394001</misses>
				<total>206485</total>
				<timestamp>47.249007</timestamp>
			</report>
			<report>
				<misses>395001</misses>
				<total>207484</total>
				<timestamp>47.368930</timestamp>
			</report>
			<report>
				<misses>396001</misses>
				<total>208483</total>
				<timestamp>47.488939</timestamp>
			</report>
			<report>
				<misses>397001</misses>
				<total>209482</total>
				<timestamp>47.608931</timestamp>
			</report>
			<report>
				<misses>398001</misses>
				<total>210481</total>
				<timestamp>47.728877</timestamp>
			</report>
			<report>
				<misses>399001</misses>
				<total>211480</total>
				<timestamp>47.848812</timestamp>
			</report>
			<report>
				<misses>400001</misses>
				<total>212479</total>
				<timestamp>47.968736</timestamp>
			</report>
			<report>
				<misses>401001</misses>
				<total>213478</total>
				<timestamp>48.088627</timestamp>
			</report>
			<report>
				<misses>402001</misses>
				<total>214477</total>
				<timestamp>48.208499</timestamp>
			</report>
			<report>
				<misses>403001</misses>
				<total>215476</total>
				<timestamp>48.328394</timestamp>
			</report>
			<report>
				<misses>404001</misses>
				<total>216475</total>
				<timestamp>48.448278</timestamp>
			</report>
			<report>
				<misses>405001</misses>
				<total>217474</total>
				<timestamp>48.568245</timestamp>
			</report>
			<report>
				<misses>406001</misses>
				<total>218473</total>
				<timestamp>48.688175</timestamp>
			</report>
			<report>
				<misses>407001</misses>
				<total>219472</total>
				<timestamp>48.808067</timestamp>
			</report>
			<report>
				<misses>408001</misses>
				<total>220471</total>
				<timestamp>48.927975</timestamp>
			</report>
			<report>
				<misses>409001</misses>
				<total>221470</total>
				<timestamp>49.047928</timestamp>
			</report>
			<report>
				<misses>410001</misses>
				<total>222469</total>
				<timestamp>49.167802</timestamp>
			</report>
			<report>
				<misses>411001</misses>
				<total>223468</total>
				<timestamp>49.287668</timestamp>
			</report>
			<report>
				<misses>412001</misses>
				<total>224467</total>
				<timestamp>49.407549</timestamp>
			</report>
			<report>
				<misses>413001</misses>
				<total>225466</total>
				<timestamp>49.527425</timestamp>
			</report>
			<report>
				<misses>414001</misses>
				<total>226465</total>
				<timestamp>49.647351</timestamp>
			</report>
			<report>
				<misses>415001</misses>
				<total>227464</total>
				<timestamp>49.767351</timestamp>
			</report>
			<report>
				<misses>416001</misses>
				<total>228463</total>
				<timestamp>49.887273</timestamp>
			</report>
			<report>
				<misses>417001</misses>
				<total>229462</total>
				<timestamp>50.007238</timestamp>
			</report>
			<report>
				<misses>418001</misses>
				<total>230461</total>
				<timestamp>50.127186</timestamp>
			</report>
			<report>
				<misses>419001</misses>
				<total>231460</total>
				<timestamp>50.247111</timestamp>
			</report>
			<report>
				<misses>420001</misses>
				<total>232459</total>
				<timestamp>50.367093</timestamp>
			</report>
			<report>
				<misses>421001</misses>
				<total>233458</total>
				<timestamp>50.487004</timestamp>
			</report>
			<report>
				<misses>422001</misses>
				<total>234457</total>
				<timestamp>50.606940</timestamp>
			</report>
			<report>
				<misses>423001</misses>
				<total>235456</total>
				<timestamp>50.726843</timestamp>
			</report>
			<report>
				<misses>424001</misses>
				<total>236455</total>
				<timestamp>50.846694</timestamp>
			</report>
			<report>
				<misses>425001</misses>
				<total>237454</total>
				<timestamp>50.966592</timestamp>
			</report>
			<report>
				<misses>426001</misses>
				<total>238453</total>
				<timestamp>51.086459</timestamp>
			</report>
			<report>
				<misses>427001</misses>
				<total>239452</total>
				<timestamp>51.206361</timestamp>
			</report>
			<report>
				<misses>428001</misses>
				<total>240451</total>
				<timestamp>51.326289</timestamp>
			</report>
			<report>
				<misses>429001</misses>
				<total>241450</total>
				<timestamp>51.446280</timestamp>
			</report>
			<report>
				<misses>430001</misses>
				<total>242449</total>
				<timestamp>51.566287</timestamp>
			</report>
			<report>
				<misses>431001</misses>
				<total>243448</total>
				<timestamp>51.686282</timestamp>
			</report>
			<report>
				<misses>432001</misses>
				<total>244447</total>
				<timestamp>51.806278</timestamp>
			</report>
			<report>
				<misses>433001</misses>
				<total>245446</total>
				<timestamp>51.926286</timestamp>
			</report>
			<report>
				<misses>434001</misses>
				<total>246445</total>
				<timestamp>52.046269</timestamp>
			</report>
			<report>
				<misses>435001</misses>
				<total>247444</total>
				<timestamp>52.166257</timestamp>
			</report>
			<report>
				<misses>436001</misses>
				<total>248443</total>
				<timestamp>52.286115</timestamp>
			</report>
			<report>
				<misses>437001</misses>
				<total>249442</total>
				<timestamp>52.405975</timestamp>
			</report>
			<report>
				<misses>438001</misses>
				<total>250441</total>
				<timestamp>52.525862</timestamp>
			</report>
			<report>
				<misses>439001</misses>
				<total>251440</total>
				<timestamp>52.645741</timestamp>
			</report>
			<report>
				<misses>440001</misses>
				<total>252439</total>
				<timestamp>52.765619</timestamp>
			</report>
			<report>
				<misses>441001</misses>
				<total>253438</total>
				<timestamp>52.885515</timestamp>
			</report>
			<report>
				<misses>442001</misses>
				<total>254437</total>
				<timestamp>53.005389</timestamp>
			</report>
			<report>
				<misses>443001</misses>
				<total>255436</total>
				<timestamp>53.125355</timestamp>
			</report>
			<report>
				<misses>444001</misses>
				<total>256435</total>
				<timestamp>53.245282</timestamp>
			</report>
			<report>
				<misses>445001</misses>
				<total>257434</total>
				<timestamp>53.365239</timestamp>
			</report>
			<report>
				<misses>446001</misses>
				<total>258433</total>
				<timestamp>53.485214</timestamp>
			</report>
			<report>
				<misses>447001</misses>
				<total>259432</total>
				<timestamp>53.605308</timestamp>
			</report>
			<report>
				<misses>448001</misses>
				<total>260431</total>
				<timestamp>53.725170</timestamp>
			</report>
			<report>
				<misses>449001</misses>
				<total>261430</total>
				<timestamp>53.845062</timestamp>
			</report>
			<report>
				<misses>450001</misses>
				<total>262429</total>
				<timestamp>53.964940</timestamp>
			</report>
			<report>
				<misses>451001</misses>
				<total>263428</total>
				<timestamp>54.084832</timestamp>
			</report>
			<report>
				<misses>452001</misses>
				<total>264427</total>
				<timestamp>54.204822</timestamp>
			</report>
			<report>
				<misses>453001</misses>
				<total>265426</total>
				<timestamp>54.324697</timestamp>
			</report>
			<report>
				<misses>454001</misses>
				<total>266425</total>
				<timestamp>54.444537</timestamp>
			</report>
			<report>
				<misses>455001</misses>
				<total>267424</total>
				<timestamp>54.564435</timestamp>
			</report>
			<report>
				<misses>456001</misses>
				<total>268423</total>
				<timestamp>54.684357</timestamp>
			</report>
			<report>
				<misses>457001</misses>
				<total>269422</total>
				<timestamp>54.804341</timestamp>
			</report>
			<report>
				<misses>458001</misses>
				<total>270421</total>
				<timestamp>54.924252</timestamp>
			</report>
			<report>
				<misses>459001</misses>
				<total>271420</total>
				<timestamp>55.044253</timestamp>
			</report>
			<report>
				<misses>460001</misses>
				<total>272419</total>
				<timestamp>55.164274</timestamp>
			</report>
			<report>
				<misses>461001</misses>
				<total>273418</total>
				<timestamp>55.284230</timestamp>
			</report>
			<report>
				<misses>462001</misses>
				<total>274417</total>
				<timestamp>55.404076</timestamp>
			</report>
			<report>
				<misses>463001</misses>
				<total>275416</total>
				<timestamp>55.523964</timestamp>
			</report>
			<report>
				<misses>464001</misses>
				<total>276415</total>
				<timestamp>55.643814</timestamp>
			</report>
			<report>
				<misses>465001</misses>
				<total>277414</total>
				<timestamp>55.763713</timestamp>
			</report>
			<report>
				<misses>466001</misses>
				<total>278413</total>
				<timestamp>55.883565</timestamp>
			</report>
			<report>
				<misses>467001</misses>
				<total>279412</total>
				<timestamp>56.003495</timestamp>
			</report>
			<report>
				<misses>468001</misses>
				<total>280411</total>
				<timestamp>56.123369</timestamp>
			</report>
			<report>
				<misses>469001</misses>
				<total>281410</total>
				<timestamp>56.243308</timestamp>
			</report>
			<report>
				<misses>470001</misses>
				<total>282409</total>
				<timestamp>56.363266</timestamp>
			</report>
			<report>
				<misses>471001</misses>
				<total>283408</total>
				<timestamp>56.483106</timestamp>
			</report>
			<report>
				<misses>472001</misses>
				<total>284407</total>
				<timestamp>56.602971</timestamp>
			</report>
			<report>
				<misses>473001</misses>
				<total>285406</total>
				<timestamp>56.722856</timestamp>
			</report>
			<report>
				<misses>474001</misses>
				<total>286405</total>
				<timestamp>56.842725</timestamp>
			</report>
			<report>
				<misses>475001</misses>
				<total>287404</total>
				<timestamp>56.962620</timestamp>
			</report>
			<report>
				<misses>476001</misses>
				<total>288403</total>
				<timestamp>57.082547</timestamp>
			</report>
			<report>
				<misses>477001</misses>
				<total>289402</total>
				<timestamp>57.202395</timestamp>
			</report>
			<report>
				<misses>478001</misses>
				<total>290401</total>
				<timestamp>57.322326</timestamp>
			</report>
			<report>
				<misses>479001</misses>
				<total>291400</total>
				<timestamp>57.442346</timestamp>
			</report>
			<report>
				<misses>480001</misses>
				<total>292399</total>
				<timestamp>57.562338</timestamp>
			</report>
			<report>
				<misses>481001</misses>
				<total>293398</total>
				<timestamp>57.682324</timestamp>
			</report>
			<report>
				<misses>482001</misses>
				<total>294397</total>
				<timestamp>57.802322</timestamp>
			</report>
			<report>
				<misses>483001</misses>
				<total>295396</total>
				<timestamp>57.922310</timestamp>
			</report>
			<report>
				<misses>484001</misses>
				<total>296395</total>
				<timestamp>58.042194</timestamp>
			</report>
			<report>
				<misses>485001</misses>
				<total>297394</total>
				<timestamp>58.162264</timestamp>
			</report>
			<report>
				<misses>486001</misses>
				<total>298393</total>
				<timestamp>58.282176</timestamp>
			</report>
			<report>
				<misses>487001</misses>
				<total>299392</total>
				<timestamp>58.402078</timestamp>
			</report>
			<report>
				<misses>488001</misses>
				<total>300391</total>
				<timestamp>58.522101</timestamp>
			</report>
			<report>
				<misses>489001</misses>
				<total>301390</total>
				<timestamp>58.642075</timestamp>
			</report>
			<report>
				<misses>490001</misses>
				<total>302389</total>
				<timestamp>58.762088</timestamp>
			</report>
			<report>
				<misses>491001</misses>
				<total>303388</total>
				<timestamp>58.882066</timestamp>
			</report>
			<report>
				<misses>492001</misses>
				<total>304387</total>
				<timestamp>59.001914</timestamp>
			</report>
			<report>
				<misses>493001</misses>
				<total>305386</total>
				<timestamp>59.121835</timestamp>
			</report>
			<report>
				<misses>494001</misses>
				<total>306385</total>
				<timestamp>59.241833</timestamp>
			</report>
			<report>
				<misses>495001</misses>
				<total>307384</total>
				<timestamp>59.361825</timestamp>
			</report>
			<report>
				<misses>496001</misses>
				<total>308383</total>
				<timestamp>59.481681</timestamp>
			</report>
			<report>
				<misses>497001</misses>
				<total>309382</total>
				<timestamp>59.601561</timestamp>
			</report>
			<report>
				<misses>498001</misses>
				<total>310381</total>
				<timestamp>59.721429</timestamp>
			</report>
			<report>
				<misses>499001</misses>
				<total>311380</total>
				<timestamp>59.841320</timestamp>
			</report>
			<report>
				<misses>500001</misses>
				<total>312379</total>
				<timestamp>59.961269</timestamp>
			</report>
			<report>
				<misses>501001</misses>
				<total>313378</total>
				<timestamp>60.081234</timestamp>
			</report>
			<report>
				<misses>502001</misses>
				<total>314377</total>
				<timestamp>60.201246</timestamp>
			</report>
			<report>
				<misses>503001</misses>
				<total>315376</total>
				<timestamp>60.321261</timestamp>
			</report>
			<report>
				<misses>504001</misses>
				<total>316375</total>
				<timestamp>60.441252</timestamp>
			</report>
			<report>
				<misses>505001</misses>
				<total>317374</total>
				<timestamp>60.561260</timestamp>
			</report>
			<report>
				<misses>506001</misses>
				<total>318373</total>
				<timestamp>60.681247</timestamp>
			</report>
			<report>
				<misses>507001</misses>
				<total>319372</total>
				<timestamp>60.801232</timestamp>
			</report>
			<report>
				<misses>508001</misses>
				<total>320371</total>
				<timestamp>60.921230</timestamp>
			</report>
			<report>
				<misses>509001</misses>
				<total>321370</total>
				<timestamp>61.041140</timestamp>
			</report>
			<report>
				<misses>510001</misses>
				<total>322369</total>
				<timestamp>61.161099</timestamp>
			</report>
			<report>
				<misses>511001</misses>
				<total>323368</total>
				<timestamp>61.280963</timestamp>
			</report>
			<report>
				<misses>512001</misses>
				<total>324367</total>
				<timestamp>61.400838</timestamp>
			</report>
			<report>
				<misses>513001</misses>
				<total>325366</total>
				<timestamp>61.520711</timestamp>
			</report>
			<report>
				<misses>514001</misses>
				<total>326365</total>
				<timestamp>61.640567</timestamp>
			</report>
			<report>
				<misses>515001</misses>
				<total>327364</total>
				<timestamp>61.760457</timestamp>
			</report>
			<report>
				<misses>516001</misses>
				<total>328363</total>
				<timestamp>61.880336</timestamp>
			</report>
			<report>
				<misses>517001</misses>
				<total>329362</total>
				<timestamp>62.000270</timestamp>
			</report>
			<report>
				<misses>518001</misses>
				<total>330361</total>
				<timestamp>62.120120</timestamp>
			</report>
			<report>
				<misses>519001</misses>
				<total>331360</total>
				<timestamp>62.240130</timestamp>
			</report>
			<report>
				<misses>520001</misses>
				<total>332359</total>
				<timestamp>62.359994</timestamp>
			</report>
			<report>
				<misses>521001</misses>
				<total>333358</total>
				<timestamp>62.479894</timestamp>
			</report>
			<report>
				<misses>522001</misses>
				<total>334357</total>
				<timestamp>62.599751</timestamp>
			</report>
			<report>
				<misses>523001</misses>
				<total>335356</total>
				<timestamp>62.719623</timestamp>
			</report>
			<report>
				<misses>524001</misses>
				<total>336355</total>
				<timestamp>62.839493</timestamp>
			</report>
			<report>
				<misses>525001</misses>
				<total>337354</total>
				<timestamp>62.959369</timestamp>
			</report>
			<report>
				<misses>526001</misses>
				<total>338353</total>
				<timestamp>63.079279</timestamp>
			</report>
			<report>
				<misses>527001</misses>
				<total>339352</total>
				<timestamp>63.199270</timestamp>
			</report>
			<report>
				<misses>528001</misses>
				<total>340351</total>
				<timestamp>63.319229</timestamp>
			</report>
			<report>
				<misses>529001</misses>
				<total>341350</total>
				<timestamp>63.439169</timestamp>
			</report>
			<report>
				<misses>530001</misses>
				<total>342349</total>
				<timestamp>63.559069</timestamp>
			</report>
			<report>
				<misses>531001</misses>
				<total>343348</total>
				<timestamp>63.678985</timestamp>
			</report>
			<report>
				<misses>532001</misses>
				<total>344347</total>
				<timestamp>63.798948</timestamp>
			</report>
			<report>
				<misses>533001</misses>
				<total>345346</total>
				<timestamp>63.918820</timestamp>
			</report>
			<report>
				<misses>534001</misses>
				<total>346345</total>
				<timestamp>64.038679</timestamp>
			</report>
			<report>
				<misses>535001</misses>
				<total>347344</total>
				<timestamp>64.158531</timestamp>
			</report>
			<report>
				<misses>536001</misses>
				<total>348343</total>
				<timestamp>64.278411</timestamp>
			</report>
			<report>
				<misses>537001</misses>
				<total>349342</total>
				<timestamp>64.398322</timestamp>
			</report>
			<report>
				<misses>538001</misses>
				<total>350341</total>
				<timestamp>64.518250</timestamp>
			</report>
			<report>
				<misses>539001</misses>
				<total>351340</total>
				<timestamp>64.638198</timestamp>
			</report>
			<report>
				<misses>540001</misses>
				<total>352339</total>
				<timestamp>64.758055</timestamp>
			</report>
			<report>
				<misses>541001</misses>
				<total>353338</total>
				<timestamp>64.877953</timestamp>
			</report>
			<report>
				<misses>542001</misses>
				<total>354337</total>
				<timestamp>64.997810</timestamp>
			</report>
			<report>
				<misses>543001</misses>
				<total>355336</total>
				<timestamp>65.117697</timestamp>
			</report>
			<report>
				<misses>544001</misses>
				<total>356335</total>
				<timestamp>65.237625</timestamp>
			</report>
			<report>
				<misses>545001</misses>
				<total>357334</total>
				<timestamp>65.357453</timestamp>
			</report>
			<report>
				<misses>546001</misses>
				<total>358333</total>
				<timestamp>65.477352</timestamp>
			</report>
			<report>
				<misses>547001</misses>
				<total>359332</total>
				<timestamp>65.597322</timestamp>
			</report>
			<report>
				<misses>548001</misses>
				<total>360331</total>
				<timestamp>65.717275</timestamp>
			</report>
			<report>
				<misses>549001</misses>
				<total>361330</total>
				<timestamp>65.837216</timestamp>
			</report>
			<report>
				<misses>550001</misses>
				<total>362329</total>
				<timestamp>65.957185</timestamp>
			</report>
			<report>
				<misses>551001</misses>
				<total>363328</total>
				<timestamp>66.077191</timestamp>
			</report>
			<report>
				<misses>552001</misses>
				<total>364327</total>
				<timestamp>66.197134</timestamp>
			</report>
			<report>
				<misses>553001</misses>
				<total>365326</total>
				<timestamp>66.316988</timestamp>
			</report>
			<report>
				<misses>554001</misses>
				<total>366325</total>
				<timestamp>66.436927</timestamp>
			</report>
			<report>
				<misses>555001</misses>
				<total>367324</total>
				<timestamp>66.556867</timestamp>
			</report>
			<report>
				<misses>556001</misses>
				<total>368323</total>
				<timestamp>66.676751</timestamp>
			</report>
			<report>
				<misses>557001</misses>
				<total>369322</total>
				<timestamp>66.796610</timestamp>
			</report>
			<report>
				<misses>558001</misses>
				<total>370321</total>
				<timestamp>66.916494</timestamp>
			</report>
			<report>
				<misses>559001</misses>
				<total>371320</total>
				<timestamp>67.036391</timestamp>
			</report>
			<report>
				<misses>560001</misses>
				<total>372319</total>
				<timestamp>67.156296</timestamp>
			</report>
			<report>
				<misses>561001</misses>
				<total>373318</total>
				<timestamp>67.276199</timestamp>
			</report>
			<report>
				<misses>562001</misses>
				<total>374317</total>
				<timestamp>67.396214</timestamp>
			</report>
			<report>
				<misses>563001</misses>
				<total>375316</total>
				<timestamp>67.516223</timestamp>
			</report>
			<report>
				<misses>564001</misses>
				<total>376315</total>
				<timestamp>67.636252</timestamp>
			</report>
			<report>
				<misses>565001</misses>
				<total>377314</total>
				<timestamp>67.756183</timestamp>
			</report>
			<report>
				<misses>566001</misses>
				<total>378313</total>
				<timestamp>67.876077</timestamp>
			</report>
			<report>
				<misses>567001</misses>
				<total>379312</total>
				<timestamp>67.996240</timestamp>
			</report>
			<report>
				<misses>568001</misses>
				<total>380311</total>
				<timestamp>68.116243</timestamp>
			</report>
			<report>
				<misses>569001</misses>
				<total>381310</total>
				<timestamp>68.236260</timestamp>
			</report>
			<report>
				<misses>570001</misses>
				<total>382309</total>
				<timestamp>68.356190</timestamp>
			</report>
			<report>
				<misses>571001</misses>
				<total>383308</total>
				<timestamp>68.476098</timestamp>
			</report>
			<report>
				<misses>572001</misses>
				<total>384307</total>
				<timestamp>68.596170</timestamp>
			</report>
			<report>
				<misses>573001</misses>
				<total>385306</total>
				<timestamp>68.716126</timestamp>
			</report>
			<report>
				<misses>574001</misses>
				<total>386305</total>
				<timestamp>68.836163</timestamp>
			</report>
			<report>
				<misses>575001</misses>
				<total>387008</total>
				<timestamp>68.956150</timestamp>
			</report>
			<report>
				<misses>576001</misses>
				<total>387008</total>
				<timestamp>69.076137</timestamp>
			</report>
			<report>
				<misses>577001</misses>
				<total>387008</total>
				<timestamp>69.196082</timestamp>
			</report>
			<report>
				<misses>578001</misses>
				<total>387008</total>
				<timestamp>69.316116</timestamp>
			</report>
			<report>
				<misses>579001</misses>
				<total>387008</total>
				<timestamp>69.436102</timestamp>
			</report>
			<report>
				<misses>580001</misses>
				<total>387008</total>
				<timestamp>69.556141</timestamp>
			</report>
			<report>
				<misses>581001</misses>
				<total>387008</total>
				<timestamp>69.676143</timestamp>
			</report>
			<report>
				<misses>582001</misses>
				<total>387420</total>
				<timestamp>69.796165</timestamp>
			</report>
			<report>
				<misses>583001</misses>
				<total>388419</total>
				<timestamp>69.916143</timestamp>
			</report>
			<report>
				<misses>584001</misses>
				<total>389418</total>
				<timestamp>70.036088</timestamp>
			</report>
			<report>
				<misses>585001</misses>
				<total>390417</total>
				<timestamp>70.156138</timestamp>
			</report>
			<report>
				<misses>586001</misses>
				<total>391416</total>
				<timestamp>70.276086</timestamp>
			</report>
			<report>
				<misses>587001</misses>
				<total>392415</total>
				<timestamp>70.396147</timestamp>
			</report>
			<report>
				<misses>588001</misses>
				<total>392919</total>
				<timestamp>70.516107</timestamp>
			</report>
			<report>
				<misses>589001</misses>
				<total>393372</total>
				<timestamp>70.636141</timestamp>
			</report>
			<report>
				<misses>590001</misses>
				<total>394371</total>
				<timestamp>70.756136</timestamp>
			</report>
			<report>
				<misses>591001</misses>
				<total>395370</total>
				<timestamp>70.876079</timestamp>
			</report>
			<report>
				<misses>592001</misses>
				<total>396233</total>
				<timestamp>70.996071</timestamp>
			</report>
			<report>
				<misses>593001</misses>
				<total>397232</total>
				<timestamp>71.116145</timestamp>
			</report>
			<report>
				<misses>594001</misses>
				<total>398231</total>
				<timestamp>71.236134</timestamp>
			</report>
			<report>
				<misses>595001</misses>
				<total>399230</total>
				<timestamp>71.356160</timestamp>
			</report>
			<report>
				<misses>596001</misses>
				<total>400229</total>
				<timestamp>71.476143</timestamp>
			</report>
			<report>
				<misses>597001</misses>
				<total>401228</total>
				<timestamp>71.596141</timestamp>
			</report>
			<report>
				<misses>598001</misses>
				<total>402227</total>
				<timestamp>71.716153</timestamp>
			</report>
			<report>
				<misses>599001</misses>
				<total>403226</total>
				<timestamp>71.836145</timestamp>
			</report>
			<report>
				<misses>600001</misses>
				<total>404225</total>
				<timestamp>71.956125</timestamp>
			</report>
			<report>
				<misses>601001</misses>
				<total>404532</total>
				<timestamp>72.076125</timestamp>
			</report>
			<report>
				<misses>602001</misses>
				<total>404533</total>
				<timestamp>72.196149</timestamp>
			</report>
			<report>
				<misses>603001</misses>
				<total>404533</total>
				<timestamp>72.316089</timestamp>
			</report>
			<report>
				<misses>604001</misses>
				<total>404532</total>
				<timestamp>72.436139</timestamp>
			</report>
			<report>
				<misses>605001</misses>
				<total>404532</total>
				<timestamp>72.556089</timestamp>
			</report>
			<report>
				<misses>606001</misses>
				<total>404535</total>
				<timestamp>72.676108</timestamp>
			</report>
			<report>
				<misses>607001</misses>
				<total>404535</total>
				<timestamp>72.796114</timestamp>
			</report>
			<report>
				<misses>608001</misses>
				<total>404535</total>
				<timestamp>72.916095</timestamp>
			</report>
			<report>
				<misses>609001</misses>
				<total>404535</total>
				<timestamp>73.036103</timestamp>
			</report>
			<report>
				<misses>610001</misses>
				<total>404537</total>
				<timestamp>73.156148</timestamp>
			</report>
			<report>
				<misses>611001</misses>
				<total>404536</total>
				<timestamp>73.276101</timestamp>
			</report>
			<report>
				<misses>612001</misses>
				<total>404537</total>
				<timestamp>73.396158</timestamp>
			</report>
			<report>
				<misses>613001</misses>
				<total>404538</total>
				<timestamp>73.516090</timestamp>
			</report>
			<report>
				<misses>614001</misses>
				<total>404537</total>
				<timestamp>73.636101</timestamp>
			</report>
			<report>
				<misses>615001</misses>
				<total>404537</total>
				<timestamp>73.756078</timestamp>
			</report>
			<report>
				<misses>616001</misses>
				<total>404537</total>
				<timestamp>73.876079</timestamp>
			</report>
			<report>
				<misses>617001</misses>
				<total>404537</total>
				<timestamp>73.996101</timestamp>
			</report>
			<report>
				<misses>618001</misses>
				<total>404537</total>
				<timestamp>74.116093</timestamp>
			</report>
			<report>
				<misses>619001</misses>
				<total>404537</total>
				<timestamp>74.236086</timestamp>
			</report>
			<report>
				<misses>620001</misses>
				<total>404538</total>
				<timestamp>74.356086</timestamp>
			</report>
			<report>
				<misses>621001</misses>
				<total>404538</total>
				<timestamp>74.476134</timestamp>
			</report>
			<report>
				<misses>622001</misses>
				<total>404538</total>
				<timestamp>74.596099</timestamp>
			</report>
			<report>
				<misses>623001</misses>
				<total>404542</total>
				<timestamp>74.716141</timestamp>
			</report>
			<report>
				<misses>624001</misses>
				<total>404543</total>
				<timestamp>74.836082</timestamp>
			</report>
			<report>
				<misses>625001</misses>
				<total>404543</total>
				<timestamp>74.956124</timestamp>
			</report>
			<report>
				<misses>626001</misses>
				<total>404543</total>
				<timestamp>75.076100</timestamp>
			</report>
			<report>
				<misses>627001</misses>
				<total>404543</total>
				<timestamp>75.196127</timestamp>
			</report>
			<report>
				<misses>628001</misses>
				<total>404543</total>
				<timestamp>75.316066</timestamp>
			</report>
			<report>
				<misses>629001</misses>
				<total>404543</total>
				<timestamp>75.435987</timestamp>
			</report>
			<report>
				<misses>630001</misses>
				<total>404543</total>
				<timestamp>75.555942</timestamp>
			</report>
			<report>
				<misses>631001</misses>
				<total>404543</total>
				<timestamp>75.675841</timestamp>
			</report>
			<report>
				<misses>632001</misses>
				<total>404543</total>
				<timestamp>75.795773</timestamp>
			</report>
			<report>
				<misses>633001</misses>
				<total>404550</total>
				<timestamp>75.915657</timestamp>
			</report>
			<report>
				<misses>634001</misses>
				<total>404551</total>
				<timestamp>76.035567</timestamp>
			</report>
			<report>
				<misses>635001</misses>
				<total>404550</total>
				<timestamp>76.155421</timestamp>
			</report>
			<report>
				<misses>636001</misses>
				<total>404550</total>
				<timestamp>76.275300</timestamp>
			</report>
			<report>
				<misses>637001</misses>
				<total>404550</total>
				<timestamp>76.395213</timestamp>
			</report>
			<report>
				<misses>638001</misses>
				<total>404550</total>
				<timestamp>76.515138</timestamp>
			</report>
			<report>
				<misses>639001</misses>
				<total>404550</total>
				<timestamp>76.635106</timestamp>
			</report>
			<report>
				<misses>640001</misses>
				<total>404550</total>
				<timestamp>76.754949</timestamp>
			</report>
			<report>
				<misses>641001</misses>
				<total>404557</total>
				<timestamp>76.874827</timestamp>
			</report>
			<report>
				<misses>642001</misses>
				<total>404557</total>
				<timestamp>76.994697</timestamp>
			</report>
			<report>
				<misses>643001</misses>
				<total>405205</total>
				<timestamp>77.114579</timestamp>
			</report>
			<report>
				<misses>644001</misses>
				<total>406204</total>
				<timestamp>77.234467</timestamp>
			</report>
			<report>
				<misses>645001</misses>
				<total>407203</total>
				<timestamp>77.354355</timestamp>
			</report>
			<report>
				<misses>646001</misses>
				<total>408202</total>
				<timestamp>77.474238</timestamp>
			</report>
			<report>
				<misses>647001</misses>
				<total>409201</total>
				<timestamp>77.594243</timestamp>
			</report>
			<report>
				<misses>648001</misses>
				<total>410200</total>
				<timestamp>77.714165</timestamp>
			</report>
			<report>
				<misses>649001</misses>
				<total>411199</total>
				<timestamp>77.834113</timestamp>
			</report>
			<report>
				<misses>650001</misses>
				<total>412198</total>
				<timestamp>77.954061</timestamp>
			</report>
			<report>
				<misses>651001</misses>
				<total>413197</total>
				<timestamp>78.074094</timestamp>
			</report>
			<report>
				<misses>652001</misses>
				<total>414196</total>
				<timestamp>78.194113</timestamp>
			</report>
			<report>
				<misses>653001</misses>
				<total>415195</total>
				<timestamp>78.314126</timestamp>
			</report>
			<report>
				<misses>654001</misses>
				<total>416194</total>
				<timestamp>78.434063</timestamp>
			</report>
			<report>
				<misses>655001</misses>
				<total>417193</total>
				<timestamp>78.554059</timestamp>
			</report>
			<report>
				<misses>656001</misses>
				<total>418192</total>
				<timestamp>78.674065</timestamp>
			</report>
			<report>
				<misses>657001</misses>
				<total>419191</total>
				<timestamp>78.794135</timestamp>
			</report>
			<report>
				<misses>658001</misses>
				<total>420190</total>
				<timestamp>78.914075</timestamp>
			</report>
			<report>
				<misses>659001</misses>
				<total>421189</total>
				<timestamp>79.034067</timestamp>
			</report>
			<report>
				<misses>660001</misses>
				<total>422188</total>
				<timestamp>79.154138</timestamp>
			</report>
			<report>
				<misses>661001</misses>
				<total>423187</total>
				<timestamp>79.274092</timestamp>
			</report>
			<report>
				<misses>662001</misses>
				<total>424186</total>
				<timestamp>79.394057</timestamp>
			</report>
			<report>
				<misses>663001</misses>
				<total>425185</total>
				<timestamp>79.514077</timestamp>
			</report>
			<report>
				<misses>664001</misses>
				<total>426184</total>
				<timestamp>79.634104</timestamp>
			</report>
			<report>
				<misses>665001</misses>
				<total>427183</total>
				<timestamp>79.754071</timestamp>
			</report>
			<report>
				<misses>666001</misses>
				<total>428182</total>
				<timestamp>79.874137</timestamp>
			</report>
			<report>
				<misses>667001</misses>
				<total>429181</total>
				<timestamp>79.994051</timestamp>
			</report>
			<report>
				<misses>668001</misses>
				<total>430180</total>
				<timestamp>80.113981</timestamp>
			</report>
			<report>
				<misses>669001</misses>
				<total>431179</total>
				<timestamp>80.233877</timestamp>
			</report>
			<report>
				<misses>670001</misses>
				<total>432178</total>
				<timestamp>80.353813</timestamp>
			</report>
			<report>
				<misses>671001</misses>
				<total>433177</total>
				<timestamp>80.473746</timestamp>
			</report>
			<report>
				<misses>672001</misses>
				<total>434176</total>
				<timestamp>80.593629</timestamp>
			</report>
			<report>
				<misses>673001</misses>
				<total>435175</total>
				<timestamp>80.713612</timestamp>
			</report>
			<report>
				<misses>674001</misses>
				<total>436174</total>
				<timestamp>80.833557</timestamp>
			</report>
			<report>
				<misses>675001</misses>
				<total>437173</total>
				<timestamp>80.953523</timestamp>
			</report>
			<report>
				<misses>676001</misses>
				<total>438172</total>
				<timestamp>81.073417</timestamp>
			</report>
			<report>
				<misses>677001</misses>
				<total>439171</total>
				<timestamp>81.193254</timestamp>
			</report>
			<report>
				<misses>678001</misses>
				<total>440170</total>
				<timestamp>81.313207</timestamp>
			</report>
			<report>
				<misses>679001</misses>
				<total>441169</total>
				<timestamp>81.433155</timestamp>
			</report>
			<report>
				<misses>680001</misses>
				<total>442168</total>
				<timestamp>81.553064</timestamp>
			</report>
			<report>
				<misses>681001</misses>
				<total>443167</total>
				<timestamp>81.672951</timestamp>
			</report>
			<report>
				<misses>682001</misses>
				<total>444166</total>
				<timestamp>81.792945</timestamp>
			</report>
			<report>
				<misses>683001</misses>
				<total>445165</total>
				<timestamp>81.912839</timestamp>
			</report>
			<report>
				<misses>684001</misses>
				<total>446164</total>
				<timestamp>82.032863</timestamp>
			</report>
			<report>
				<misses>685001</misses>
				<total>447163</total>
				<timestamp>82.152876</timestamp>
			</report>
			<report>
				<misses>686001</misses>
				<total>448162</total>
				<timestamp>82.272813</timestamp>
			</report>
			<report>
				<misses>687001</misses>
				<total>449161</total>
				<timestamp>82.392687</timestamp>
			</report>
			<report>
				<misses>688001</misses>
				<total>450160</total>
				<timestamp>82.512572</timestamp>
			</report>
			<report>
				<misses>689001</misses>
				<total>451159</total>
				<timestamp>82.632426</timestamp>
			</report>
			<report>
				<misses>690001</misses>
				<total>452158</total>
				<timestamp>82.752353</timestamp>
			</report>
			<report>
				<misses>691001</misses>
				<total>453157</total>
				<timestamp>82.872373</timestamp>
			</report>
			<report>
				<misses>692001</misses>
				<total>454156</total>
				<timestamp>82.992286</timestamp>
			</report>
			<report>
				<misses>693001</misses>
				<total>455155</total>
				<timestamp>83.112189</timestamp>
			</report>
			<report>
				<misses>694001</misses>
				<total>456154</total>
				<timestamp>83.232084</timestamp>
			</report>
			<report>
				<misses>695001</misses>
				<total>457153</total>
				<timestamp>83.352034</timestamp>
			</report>
			<report>
				<misses>696001</misses>
				<total>458152</total>
				<timestamp>83.471980</timestamp>
			</report>
			<report>
				<misses>697001</misses>
				<total>459151</total>
				<timestamp>83.591865</timestamp>
			</report>
			<report>
				<misses>698001</misses>
				<total>460150</total>
				<timestamp>83.711712</timestamp>
			</report>
			<report>
				<misses>699001</misses>
				<total>461149</total>
				<timestamp>83.831601</timestamp>
			</report>
			<report>
				<misses>700001</misses>
				<total>462148</total>
				<timestamp>83.951492</timestamp>
			</report>
			<report>
				<misses>701001</misses>
				<total>463147</total>
				<timestamp>84.071377</timestamp>
			</report>
			<report>
				<misses>702001</misses>
				<total>464146</total>
				<timestamp>84.191245</timestamp>
			</report>
			<report>
				<misses>703001</misses>
				<total>465145</total>
				<timestamp>84.311193</timestamp>
			</report>
			<report>
				<misses>704001</misses>
				<total>466144</total>
				<timestamp>84.431168</timestamp>
			</report>
			<report>
				<misses>705001</misses>
				<total>467143</total>
				<timestamp>84.551184</timestamp>
			</report>
			<report>
				<misses>706001</misses>
				<total>468142</total>
				<timestamp>84.671161</timestamp>
			</report>
			<report>
				<misses>707001</misses>
				<total>469141</total>
				<timestamp>84.791148</timestamp>
			</report>
			<report>
				<misses>708001</misses>
				<total>470140</total>
				<timestamp>84.911086</timestamp>
			</report>
			<report>
				<misses>709001</misses>
				<total>471139</total>
				<timestamp>85.031080</timestamp>
			</report>
			<report>
				<misses>710001</misses>
				<total>472138</total>
				<timestamp>85.151079</timestamp>
			</report>
			<report>
				<misses>711001</misses>
				<total>473137</total>
				<timestamp>85.271018</timestamp>
			</report>
			<report>
				<misses>712001</misses>
				<total>474136</total>
				<timestamp>85.390867</timestamp>
			</report>
			<report>
				<misses>713001</misses>
				<total>475135</total>
				<timestamp>85.510740</timestamp>
			</report>
			<report>
				<misses>714001</misses>
				<total>476134</total>
				<timestamp>85.630617</timestamp>
			</report>
			<report>
				<misses>715001</misses>
				<total>477133</total>
				<timestamp>85.750504</timestamp>
			</report>
			<report>
				<misses>716001</misses>
				<total>478132</total>
				<timestamp>85.870400</timestamp>
			</report>
			<report>
				<misses>717001</misses>
				<total>479131</total>
				<timestamp>85.990308</timestamp>
			</report>
			<report>
				<misses>718001</misses>
				<total>480130</total>
				<timestamp>86.110168</timestamp>
			</report>
			<report>
				<misses>719001</misses>
				<total>481129</total>
				<timestamp>86.230068</timestamp>
			</report>
			<report>
				<misses>720001</misses>
				<total>482128</total>
				<timestamp>86.349933</timestamp>
			</report>
			<report>
				<misses>721001</misses>
				<total>483127</total>
				<timestamp>86.469848</timestamp>
			</report>
			<report>
				<misses>722001</misses>
				<total>484126</total>
				<timestamp>86.589861</timestamp>
			</report>
			<report>
				<misses>723001</misses>
				<total>485125</total>
				<timestamp>86.709861</timestamp>
			</report>
			<report>
				<misses>724001</misses>
				<total>486124</total>
				<timestamp>86.829807</timestamp>
			</report>
			<report>
				<misses>725001</misses>
				<total>487123</total>
				<timestamp>86.949676</timestamp>
			</report>
			<report>
				<misses>726001</misses>
				<total>488122</total>
				<timestamp>87.069570</timestamp>
			</report>
			<report>
				<misses>727001</misses>
				<total>489121</total>
				<timestamp>87.189425</timestamp>
			</report>
			<report>
				<misses>728001</misses>
				<total>490120</total>
				<timestamp>87.309300</timestamp>
			</report>
			<report>
				<misses>729001</misses>
				<total>491119</total>
				<timestamp>87.429182</timestamp>
			</report>
			<report>
				<misses>730001</misses>
				<total>492118</total>
				<timestamp>87.549143</timestamp>
			</report>
			<report>
				<misses>731001</misses>
				<total>493117</total>
				<timestamp>87.669177</timestamp>
			</report>
			<report>
				<misses>732001</misses>
				<total>494116</total>
				<timestamp>87.789223</timestamp>
			</report>
			<report>
				<misses>733001</misses>
				<total>495115</total>
				<timestamp>87.909190</timestamp>
			</report>
			<report>
				<misses>734001</misses>
				<total>496114</total>
				<timestamp>88.029158</timestamp>
			</report>
			<report>
				<misses>735001</misses>
				<total>497113</total>
				<timestamp>88.149118</timestamp>
			</report>
			<report>
				<misses>736001</misses>
				<total>498112</total>
				<timestamp>88.269205</timestamp>
			</report>
			<report>
				<misses>737001</misses>
				<total>499111</total>
				<timestamp>88.389086</timestamp>
			</report>
			<report>
				<misses>738001</misses>
				<total>500110</total>
				<timestamp>88.509009</timestamp>
			</report>
			<report>
				<misses>739001</misses>
				<total>501109</total>
				<timestamp>88.628989</timestamp>
			</report>
			<report>
				<misses>740001</misses>
				<total>502108</total>
				<timestamp>88.748856</timestamp>
			</report>
			<report>
				<misses>741001</misses>
				<total>503107</total>
				<timestamp>88.868740</timestamp>
			</report>
			<report>
				<misses>742001</misses>
				<total>504106</total>
				<timestamp>88.988579</timestamp>
			</report>
			<report>
				<misses>743001</misses>
				<total>505105</total>
				<timestamp>89.108470</timestamp>
			</report>
			<report>
				<misses>744001</misses>
				<total>506104</total>
				<timestamp>89.228345</timestamp>
			</report>
			<report>
				<misses>745001</misses>
				<total>507103</total>
				<timestamp>89.348236</timestamp>
			</report>
			<report>
				<misses>746001</misses>
				<total>508102</total>
				<timestamp>89.468198</timestamp>
			</report>
			<report>
				<misses>747001</misses>
				<total>509101</total>
				<timestamp>89.588249</timestamp>
			</report>
			<report>
				<misses>748001</misses>
				<total>510100</total>
				<timestamp>89.708128</timestamp>
			</report>
			<report>
				<misses>749001</misses>
				<total>511099</total>
				<timestamp>89.828067</timestamp>
			</report>
			<report>
				<misses>750001</misses>
				<total>512098</total>
				<timestamp>89.948100</timestamp>
			</report>
			<report>
				<misses>751001</misses>
				<total>513097</total>
				<timestamp>90.068054</timestamp>
			</report>
			<report>
				<misses>752001</misses>
				<total>514096</total>
				<timestamp>90.188096</timestamp>
			</report>
			<report>
				<misses>753001</misses>
				<total>515095</total>
				<timestamp>90.308106</timestamp>
			</report>
			<report>
				<misses>754001</misses>
				<total>516094</total>
				<timestamp>90.428077</timestamp>
			</report>
			<report>
				<misses>755001</misses>
				<total>517093</total>
				<timestamp>90.548024</timestamp>
			</report>
			<report>
				<misses>756001</misses>
				<total>518092</total>
				<timestamp>90.668001</timestamp>
			</report>
			<report>
				<misses>757001</misses>
				<total>519091</total>
				<timestamp>90.787870</timestamp>
			</report>
			<report>
				<misses>758001</misses>
				<total>520090</total>
				<timestamp>90.907825</timestamp>
			</report>
			<report>
				<misses>759001</misses>
				<total>521089</total>
				<timestamp>91.027842</timestamp>
			</report>
			<report>
				<misses>760001</misses>
				<total>522088</total>
				<timestamp>91.147741</timestamp>
			</report>
			<report>
				<misses>761001</misses>
				<total>523087</total>
				<timestamp>91.267641</timestamp>
			</report>
			<report>
				<misses>762001</misses>
				<total>524086</total>
				<timestamp>91.387497</timestamp>
			</report>
			<report>
				<misses>763001</misses>
				<total>525085</total>
				<timestamp>91.507415</timestamp>
			</report>
			<report>
				<misses>764001</misses>
				<total>526084</total>
				<timestamp>91.627257</timestamp>
			</report>
			<report>
				<misses>765001</misses>
				<total>527083</total>
				<timestamp>91.747250</timestamp>
			</report>
			<report>
				<misses>766001</misses>
				<total>528082</total>
				<timestamp>91.867208</timestamp>
			</report>
			<report>
				<misses>767001</misses>
				<total>529081</total>
				<timestamp>91.987210</timestamp>
			</report>
			<report>
				<misses>768001</misses>
				<total>530080</total>
				<timestamp>92.107174</timestamp>
			</report>
			<report>
				<misses>769001</misses>
				<total>531079</total>
				<timestamp>92.227054</timestamp>
			</report>
			<report>
				<misses>770001</misses>
				<total>532078</total>
				<timestamp>92.347023</timestamp>
			</report>
			<report>
				<misses>771001</misses>
				<total>533077</total>
				<timestamp>92.467017</timestamp>
			</report>
			<report>
				<misses>772001</misses>
				<total>534076</total>
				<timestamp>92.587019</timestamp>
			</report>
			<report>
				<misses>773001</misses>
				<total>535075</total>
				<timestamp>92.707029</timestamp>
			</report>
			<report>
				<misses>774001</misses>
				<total>536074</total>
				<timestamp>92.826957</timestamp>
			</report>
			<report>
				<misses>775001</misses>
				<total>537073</total>
				<timestamp>92.946988</timestamp>
			</report>
			<report>
				<misses>776001</misses>
				<total>538072</total>
				<timestamp>93.067037</timestamp>
			</report>
			<report>
				<misses>777001</misses>
				<total>539071</total>
				<timestamp>93.186965</timestamp>
			</report>
			<report>
				<misses>778001</misses>
				<total>540070</total>
				<timestamp>93.306986</timestamp>
			</report>
			<report>
				<misses>779001</misses>
				<total>541069</total>
				<timestamp>93.427027</timestamp>
			</report>
			<report>
				<misses>780001</misses>
				<total>542068</total>
				<timestamp>93.547009</timestamp>
			</report>
			<report>
				<misses>781001</misses>
				<total>543067</total>
				<timestamp>93.667000</timestamp>
			</report>
			<report>
				<misses>782001</misses>
				<total>544066</total>
				<timestamp>93.787003</timestamp>
			</report>
			<report>
				<misses>783001</misses>
				<total>545065</total>
				<timestamp>93.907025</timestamp>
			</report>
			<report>
				<misses>784001</misses>
				<total>546064</total>
				<timestamp>94.026994</timestamp>
			</report>
			<report>
				<misses>785001</misses>
				<total>547063</total>
				<timestamp>94.146976</timestamp>
			</report>
			<report>
				<misses>786001</misses>
				<total>548062</total>
				<timestamp>94.266967</timestamp>
			</report>
			<report>
				<misses>787001</misses>
				<total>549061</total>
				<timestamp>94.386969</timestamp>
			</report>
			<report>
				<misses>788001</misses>
				<total>550060</total>
				<timestamp>94.507015</timestamp>
			</report>
			<report>
				<misses>789001</misses>
				<total>551059</total>
				<timestamp>94.626976</timestamp>
			</report>
			<report>
				<misses>790001</misses>
				<total>552058</total>
				<timestamp>94.746984</timestamp>
			</report>
			<report>
				<misses>791001</misses>
				<total>553057</total>
				<timestamp>94.867030</timestamp>
			</report>
			<report>
				<misses>792001</misses>
				<total>554056</total>
				<timestamp>94.987009</timestamp>
			</report>
			<report>
				<misses>793001</misses>
				<total>555055</total>
				<timestamp>95.106949</timestamp>
			</report>
			<report>
				<misses>794001</misses>
				<total>556054</total>
				<timestamp>95.226857</timestamp>
			</report>
			<report>
				<misses>795001</misses>
				<total>557053</total>
				<timestamp>95.346835</timestamp>
			</report>
			<report>
				<misses>796001</misses>
				<total>558052</total>
				<timestamp>95.466840</timestamp>
			</report>
			<report>
				<misses>797001</misses>
				<total>559051</total>
				<timestamp>95.586822</timestamp>
			</report>
			<report>
				<misses>798001</misses>
				<total>560050</total>
				<timestamp>95.706690</timestamp>
			</report>
			<report>
				<misses>799001</misses>
				<total>561049</total>
				<timestamp>95.826527</timestamp>
			</report>
			<report>
				<misses>800001</misses>
				<total>562048</total>
				<timestamp>95.946458</timestamp>
			</report>
			<report>
				<misses>801001</misses>
				<total>563047</total>
				<timestamp>96.066332</timestamp>
			</report>
			<report>
				<misses>802001</misses>
				<total>564046</total>
				<timestamp>96.186177</timestamp>
			</report>
			<report>
				<misses>803001</misses>
				<total>565045</total>
				<timestamp>96.306090</timestamp>
			</report>
			<report>
				<misses>804001</misses>
				<total>566044</total>
				<timestamp>96.426008</timestamp>
			</report>
			<report>
				<misses>805001</misses>
				<total>567043</total>
				<timestamp>96.546018</timestamp>
			</report>
			<report>
				<misses>806001</misses>
				<total>568042</total>
				<timestamp>96.666011</timestamp>
			</report>
			<report>
				<misses>807001</misses>
				<total>569041</total>
				<timestamp>96.786005</timestamp>
			</report>
			<report>
				<misses>808001</misses>
				<total>570040</total>
				<timestamp>96.906005</timestamp>
			</report>
			<report>
				<misses>809001</misses>
				<total>571039</total>
				<timestamp>97.026034</timestamp>
			</report>
			<report>
				<misses>810001</misses>
				<total>572038</total>
				<timestamp>97.146027</timestamp>
			</report>
			<report>
				<misses>811001</misses>
				<total>573037</total>
				<timestamp>97.266038</timestamp>
			</report>
			<report>
				<misses>812001</misses>
				<total>574036</total>
				<timestamp>97.386021</timestamp>
			</report>
			<report>
				<misses>813001</misses>
				<total>575035</total>
				<timestamp>97.506033</timestamp>
			</report>
			<report>
				<misses>814001</misses>
				<total>576034</total>
				<timestamp>97.625995</timestamp>
			</report>
			<report>
				<misses>815001</misses>
				<total>577033</total>
				<timestamp>97.745999</timestamp>
			</report>
			<report>
				<misses>816001</misses>
				<total>578032</total>
				<timestamp>97.866019</timestamp>
			</report>
			<report>
				<misses>817001</misses>
				<total>579031</total>
				<timestamp>97.985984</timestamp>
			</report>
			<report>
				<misses>818001</misses>
				<total>580030</total>
				<timestamp>98.105847</timestamp>
			</report>
			<report>
				<misses>819001</misses>
				<total>581029</total>
				<timestamp>98.225710</timestamp>
			</report>
			<report>
				<misses>820001</misses>
				<total>582028</total>
				<timestamp>98.345581</timestamp>
			</report>
			<report>
				<misses>821001</misses>
				<total>583027</total>
				<timestamp>98.465464</timestamp>
			</report>
			<report>
				<misses>822001</misses>
				<total>584026</total>
				<timestamp>98.585361</timestamp>
			</report>
			<report>
				<misses>823001</misses>
				<total>585025</total>
				<timestamp>98.705243</timestamp>
			</report>
			<report>
				<misses>824001</misses>
				<total>586024</total>
				<timestamp>98.825136</timestamp>
			</report>
			<report>
				<misses>825001</misses>
				<total>587023</total>
				<timestamp>98.945066</timestamp>
			</report>
			<report>
				<misses>826001</misses>
				<total>588022</total>
				<timestamp>99.065062</timestamp>
			</report>
			<report>
				<misses>827001</misses>
				<total>589021</total>
				<timestamp>99.185071</timestamp>
			</report>
			<report>
				<misses>828001</misses>
				<total>590020</total>
				<timestamp>99.305061</timestamp>
			</report>
			<report>
				<misses>829001</misses>
				<total>591019</total>
				<timestamp>99.425063</timestamp>
			</report>
			<report>
				<misses>830001</misses>
				<total>592018</total>
				<timestamp>99.545021</timestamp>
			</report>
			<report>
				<misses>831001</misses>
				<total>593017</total>
				<timestamp>99.665001</timestamp>
			</report>
			<report>
				<misses>832001</misses>
				<total>594016</total>
				<timestamp>99.784978</timestamp>
			</report>
			<report>
				<misses>833001</misses>
				<total>595015</total>
				<timestamp>99.904949</timestamp>
			</report>
			<report>
				<misses>834001</misses>
				<total>596014</total>
				<timestamp>100.024947</timestamp>
			</report>
			<report>
				<misses>835001</misses>
				<total>597013</total>
				<timestamp>100.144942</timestamp>
			</report>
			<report>
				<misses>836001</misses>
				<total>597074</total>
				<timestamp>100.264986</timestamp>
			</report>
			<report>
				<misses>837001</misses>
				<total>597075</total>
				<timestamp>100.384927</timestamp>
			</report>
			<report>
				<misses>838001</misses>
				<total>597074</total>
				<timestamp>100.504981</timestamp>
			</report>
			<report>
				<misses>839001</misses>
				<total>597074</total>
				<timestamp>100.624932</timestamp>
			</report>
			<report>
				<misses>840001</misses>
				<total>597074</total>
				<timestamp>100.744934</timestamp>
			</report>
			<report>
				<misses>841001</misses>
				<total>597074</total>
				<timestamp>100.864934</timestamp>
			</report>
			<report>
				<misses>842001</misses>
				<total>597074</total>
				<timestamp>100.984935</timestamp>
			</report>
			<report>
				<misses>843001</misses>
				<total>597074</total>
				<timestamp>101.104945</timestamp>
			</report>
			<report>
				<misses>844001</misses>
				<total>597074</total>
				<timestamp>101.224921</timestamp>
			</report>
			<report>
				<misses>845001</misses>
				<total>597074</total>
				<timestamp>101.344905</timestamp>
			</report>
			<report>
				<misses>846001</misses>
				<total>597074</total>
				<timestamp>101.464746</timestamp>
			</report>
			<report>
				<misses>847001</misses>
				<total>597074</total>
				<timestamp>101.584622</timestamp>
			</report>
			<report>
				<misses>848001</misses>
				<total>597075</total>
				<timestamp>101.704516</timestamp>
			</report>
			<report>
				<misses>849001</misses>
				<total>597074</total>
				<timestamp>101.824390</timestamp>
			</report>
			<report>
				<misses>850001</misses>
				<total>597074</total>
				<timestamp>101.944297</timestamp>
			</report>
			<report>
				<misses>851001</misses>
				<total>597074</total>
				<timestamp>102.064133</timestamp>
			</report>
			<report>
				<misses>852001</misses>
				<total>597074</total>
				<timestamp>102.184120</timestamp>
			</report>
			<report>
				<misses>853001</misses>
				<total>597074</total>
				<timestamp>102.304080</timestamp>
			</report>
			<report>
				<misses>854001</misses>
				<total>597074</total>
				<timestamp>102.424101</timestamp>
			</report>
			<report>
				<misses>855001</misses>
				<total>597074</total>
				<timestamp>102.544103</timestamp>
			</report>
			<report>
				<misses>856001</misses>
				<total>597074</total>
				<timestamp>102.664129</timestamp>
			</report>
			<report>
				<misses>857001</misses>
				<total>597074</total>
				<timestamp>102.784095</timestamp>
			</report>
			<report>
				<misses>858001</misses>
				<total>597074</total>
				<timestamp>102.904033</timestamp>
			</report>
			<report>
				<misses>859001</misses>
				<total>597079</total>
				<timestamp>103.023971</timestamp>
			</report>
			<report>
				<misses>860001</misses>
				<total>597079</total>
				<timestamp>103.143974</timestamp>
			</report>
			<report>
				<misses>861001</misses>
				<total>597080</total>
				<timestamp>103.263966</timestamp>
			</report>
			<report>
				<misses>862001</misses>
				<total>597080</total>
				<timestamp>103.383961</timestamp>
			</report>
			<report>
				<misses>863001</misses>
				<total>597080</total>
				<timestamp>103.503973</timestamp>
			</report>
			<report>
				<misses>864001</misses>
				<total>597107</total>
				<timestamp>103.623959</timestamp>
			</report>
			<report>
				<misses>865001</misses>
				<total>597108</total>
				<timestamp>103.744041</timestamp>
			</report>
			<report>
				<misses>866001</misses>
				<total>597108</total>
				<timestamp>103.863988</timestamp>
			</report>
			<report>
				<misses>867001</misses>
				<total>597108</total>
				<timestamp>103.983972</timestamp>
			</report>
			<report>
				<misses>868001</misses>
				<total>597108</total>
				<timestamp>104.104000</timestamp>
			</report>
			<report>
				<misses>869001</misses>
				<total>597108</total>
				<timestamp>104.223965</timestamp>
			</report>
			<report>
				<misses>870001</misses>
				<total>597108</total>
				<timestamp>104.343992</timestamp>
			</report>
			<report>
				<misses>871001</misses>
				<total>597108</total>
				<timestamp>104.463965</timestamp>
			</report>
			<report>
				<misses>872001</misses>
				<total>597108</total>
				<timestamp>104.583956</timestamp>
			</report>
			<report>
				<misses>873001</misses>
				<total>597108</total>
				<timestamp>104.703926</timestamp>
			</report>
			<report>
				<misses>874001</misses>
				<total>597108</total>
				<timestamp>104.823898</timestamp>
			</report>
			<report>
				<misses>875001</misses>
				<total>597108</total>
				<timestamp>104.943851</timestamp>
			</report>
			<report>
				<misses>876001</misses>
				<total>597108</total>
				<timestamp>105.063818</timestamp>
			</report>
			<report>
				<misses>877001</misses>
				<total>597108</total>
				<timestamp>105.183728</timestamp>
			</report>
			<report>
				<misses>878001</misses>
				<total>597108</total>
				<timestamp>105.303677</timestamp>
			</report>
			<report>
				<misses>879001</misses>
				<total>597109</total>
				<timestamp>105.423553</timestamp>
			</report>
			<report>
				<misses>880001</misses>
				<total>597109</total>
				<timestamp>105.543405</timestamp>
			</report>
			<report>
				<misses>881001</misses>
				<total>597108</total>
				<timestamp>105.663325</timestamp>
			</report>
			<report>
				<misses>882001</misses>
				<total>597109</total>
				<timestamp>105.783162</timestamp>
			</report>
			<report>
				<misses>883001</misses>
				<total>597108</total>
				<timestamp>105.903084</timestamp>
			</report>
			<report>
				<misses>884001</misses>
				<total>597108</total>
				<timestamp>106.023056</timestamp>
			</report>
			<report>
				<misses>885001</misses>
				<total>597108</total>
				<timestamp>106.143041</timestamp>
			</report>
			<report>
				<misses>886001</misses>
				<total>597108</total>
				<timestamp>106.262978</timestamp>
			</report>
			<report>
				<misses>887001</misses>
				<total>597108</total>
				<timestamp>106.382886</timestamp>
			</report>
			<report>
				<misses>888001</misses>
				<total>597108</total>
				<timestamp>106.502951</timestamp>
			</report>
			<report>
				<misses>889001</misses>
				<total>597109</total>
				<timestamp>106.622952</timestamp>
			</report>
			<report>
				<misses>890001</misses>
				<total>597108</total>
				<timestamp>106.742910</timestamp>
			</report>
			<report>
				<misses>891001</misses>
				<total>597117</total>
				<timestamp>106.862838</timestamp>
			</report>
			<report>
				<misses>892001</misses>
				<total>597117</total>
				<timestamp>106.982695</timestamp>
			</report>
			<report>
				<misses>893001</misses>
				<total>597117</total>
				<timestamp>107.102577</timestamp>
			</report>
			<report>
				<misses>894001</misses>
				<total>597117</total>
				<timestamp>107.222461</timestamp>
			</report>
			<report>
				<misses>895001</misses>
				<total>597117</total>
				<timestamp>107.342355</timestamp>
			</report>
			<report>
				<misses>896001</misses>
				<total>597117</total>
				<timestamp>107.462224</timestamp>
			</report>
			<report>
				<misses>897001</misses>
				<total>597117</total>
				<timestamp>107.582125</timestamp>
			</report>
			<report>
				<misses>898001</misses>
				<total>597123</total>
				<timestamp>107.702078</timestamp>
			</report>
			<report>
				<misses>899001</misses>
				<total>597123</total>
				<timestamp>107.822035</timestamp>
			</report>
			<report>
				<misses>900001</misses>
				<total>597123</total>
				<timestamp>107.942096</timestamp>
			</report>
			<report>
				<misses>901001</misses>
				<total>597123</total>
				<timestamp>108.062049</timestamp>
			</report>
			<report>
				<misses>902001</misses>
				<total>597123</total>
				<timestamp>108.182074</timestamp>
			</report>
			<report>
				<misses>903001</misses>
				<total>597123</total>
				<timestamp>108.302003</timestamp>
			</report>
			<report>
				<misses>904001</misses>
				<total>597125</total>
				<timestamp>108.421900</timestamp>
			</report>
			<report>
				<misses>905001</misses>
				<total>597125</total>
				<timestamp>108.541742</timestamp>
			</report>
			<report>
				<misses>906001</misses>
				<total>597129</total>
				<timestamp>108.661619</timestamp>
			</report>
			<report>
				<misses>907001</misses>
				<total>597129</total>
				<timestamp>108.781497</timestamp>
			</report>
			<report>
				<misses>908001</misses>
				<total>597129</total>
				<timestamp>108.901398</timestamp>
			</report>
			<report>
				<misses>909001</misses>
				<total>597182</total>
				<timestamp>109.021252</timestamp>
			</report>
			<report>
				<misses>910001</misses>
				<total>598181</total>
				<timestamp>109.141167</timestamp>
			</report>
			<report>
				<misses>911001</misses>
				<total>599180</total>
				<timestamp>109.261045</timestamp>
			</report>
			<report>
				<misses>912001</misses>
				<total>600179</total>
				<timestamp>109.381014</timestamp>
			</report>
			<report>
				<misses>913001</misses>
				<total>601178</total>
				<timestamp>109.501040</timestamp>
			</report>
			<report>
				<misses>914001</misses>
				<total>602177</total>
				<timestamp>109.620980</timestamp>
			</report>
			<report>
				<misses>915001</misses>
				<total>603176</total>
				<timestamp>109.741008</timestamp>
			</report>
			<report>
				<misses>916001</misses>
				<total>604175</total>
				<timestamp>109.860969</timestamp>
			</report>
			<report>
				<misses>917001</misses>
				<total>605174</total>
				<timestamp>109.981002</timestamp>
			</report>
			<report>
				<misses>918001</misses>
				<total>606173</total>
				<timestamp>110.101007</timestamp>
			</report>
			<report>
				<misses>919001</misses>
				<total>607172</total>
				<timestamp>110.220935</timestamp>
			</report>
			<report>
				<misses>920001</misses>
				<total>608171</total>
				<timestamp>110.340860</timestamp>
			</report>
			<report>
				<misses>921001</misses>
				<total>609170</total>
				<timestamp>110.460877</timestamp>
			</report>
			<report>
				<misses>922001</misses>
				<total>610169</total>
				<timestamp>110.580914</timestamp>
			</report>
			<report>
				<misses>923001</misses>
				<total>611168</total>
				<timestamp>110.700841</timestamp>
			</report>
			<report>
				<misses>924001</misses>
				<total>612167</total>
				<timestamp>110.820868</timestamp>
			</report>
			<report>
				<misses>925001</misses>
				<total>613166</total>
				<timestamp>110.940809</timestamp>
			</report>
			<report>
				<misses>926001</misses>
				<total>614165</total>
				<timestamp>111.060684</timestamp>
			</report>
			<report>
				<misses>927001</misses>
				<total>615164</total>
				<timestamp>111.180545</timestamp>
			</report>
			<report>
				<misses>928001</misses>
				<total>616163</total>
				<timestamp>111.300421</timestamp>
			</report>
			<report>
				<misses>929001</misses>
				<total>617162</total>
				<timestamp>111.420297</timestamp>
			</report>
			<report>
				<misses>930001</misses>
				<total>618161</total>
				<timestamp>111.540193</timestamp>
			</report>
			<report>
				<misses>931001</misses>
				<total>619160</total>
				<timestamp>111.660098</timestamp>
			</report>
			<report>
				<misses>932001</misses>
				<total>620159</total>
				<timestamp>111.780028</timestamp>
			</report>
			<report>
				<misses>933001</misses>
				<total>621158</total>
				<timestamp>111.900004</timestamp>
			</report>
			<report>
				<misses>934001</misses>
				<total>622157</total>
				<timestamp>112.020008</timestamp>
			</report>
			<report>
				<misses>935001</misses>
				<total>623156</total>
				<timestamp>112.140030</timestamp>
			</report>
			<report>
				<misses>936001</misses>
				<total>624155</total>
				<timestamp>112.259971</timestamp>
			</report>
			<report>
				<misses>937001</misses>
				<total>625154</total>
				<timestamp>112.379933</timestamp>
			</report>
			<report>
				<misses>938001</misses>
				<total>626153</total>
				<timestamp>112.499930</timestamp>
			</report>
			<report>
				<misses>939001</misses>
				<total>627152</total>
				<timestamp>112.619862</timestamp>
			</report>
			<report>
				<misses>940001</misses>
				<total>628151</total>
				<timestamp>112.739702</timestamp>
			</report>
			<report>
				<misses>941001</misses>
				<total>629150</total>
				<timestamp>112.859584</timestamp>
			</report>
			<report>
				<misses>942001</misses>
				<total>630149</total>
				<timestamp>112.979478</timestamp>
			</report>
			<report>
				<misses>943001</misses>
				<total>631148</total>
				<timestamp>113.099352</timestamp>
			</report>
			<report>
				<misses>944001</misses>
				<total>632147</total>
				<timestamp>113.219206</timestamp>
			</report>
			<report>
				<misses>945001</misses>
				<total>633146</total>
				<timestamp>113.339108</timestamp>
			</report>
			<report>
				<misses>946001</misses>
				<total>634145</total>
				<timestamp>113.459026</timestamp>
			</report>
			<report>
				<misses>947001</misses>
				<total>635144</total>
				<timestamp>113.578999</timestamp>
			</report>
			<report>
				<misses>948001</misses>
				<total>636143</total>
				<timestamp>113.698934</timestamp>
			</report>
			<report>
				<misses>949001</misses>
				<total>637142</total>
				<timestamp>113.818965</timestamp>
			</report>
			<report>
				<misses>950001</misses>
				<total>638141</total>
				<timestamp>113.938961</timestamp>
			</report>
			<report>
				<misses>951001</misses>
				<total>639140</total>
				<timestamp>114.058890</timestamp>
			</report>
			<report>
				<misses>952001</misses>
				<total>640139</total>
				<timestamp>114.178766</timestamp>
			</report>
			<report>
				<misses>953001</misses>
				<total>641138</total>
				<timestamp>114.298628</timestamp>
			</report>
			<report>
				<misses>954001</misses>
				<total>642137</total>
				<timestamp>114.418513</timestamp>
			</report>
			<report>
				<misses>955001</misses>
				<total>643136</total>
				<timestamp>114.538408</timestamp>
			</report>
			<report>
				<misses>956001</misses>
				<total>644135</total>
				<timestamp>114.658238</timestamp>
			</report>
			<report>
				<misses>957001</misses>
				<total>645134</total>
				<timestamp>114.778144</timestamp>
			</report>
			<report>
				<misses>958001</misses>
				<total>646133</total>
				<timestamp>114.898029</timestamp>
			</report>
			<report>
				<misses>959001</misses>
				<total>647132</total>
				<timestamp>115.017986</timestamp>
			</report>
			<report>
				<misses>960001</misses>
				<total>648131</total>
				<timestamp>115.137969</timestamp>
			</report>
			<report>
				<misses>961001</misses>
				<total>649130</total>
				<timestamp>115.258010</timestamp>
			</report>
			<report>
				<misses>962001</misses>
				<total>650129</total>
				<timestamp>115.377924</timestamp>
			</report>
			<report>
				<misses>963001</misses>
				<total>651128</total>
				<timestamp>115.497920</timestamp>
			</report>
			<report>
				<misses>964001</misses>
				<total>652127</total>
				<timestamp>115.617923</timestamp>
			</report>
			<report>
				<misses>965001</misses>
				<total>653126</total>
				<timestamp>115.737840</timestamp>
			</report>
			<report>
				<misses>966001</misses>
				<total>654125</total>
				<timestamp>115.857872</timestamp>
			</report>
			<report>
				<misses>967001</misses>
				<total>655124</total>
				<timestamp>115.977908</timestamp>
			</report>
			<report>
				<misses>968001</misses>
				<total>656123</total>
				<timestamp>116.097854</timestamp>
			</report>
			<report>
				<misses>969001</misses>
				<total>657122</total>
				<timestamp>116.217915</timestamp>
			</report>
			<report>
				<misses>970001</misses>
				<total>658121</total>
				<timestamp>116.337888</timestamp>
			</report>
			<report>
				<misses>971001</misses>
				<total>659120</total>
				<timestamp>116.457920</timestamp>
			</report>
			<report>
				<misses>972001</misses>
				<total>660119</total>
				<timestamp>116.577900</timestamp>
			</report>
			<report>
				<misses>973001</misses>
				<total>661118</total>
				<timestamp>116.697907</timestamp>
			</report>
			<report>
				<misses>974001</misses>
				<total>662117</total>
				<timestamp>116.817850</timestamp>
			</report>
			<report>
				<misses>975001</misses>
				<total>663116</total>
				<timestamp>116.937923</timestamp>
			</report>
			<report>
				<misses>976001</misses>
				<total>664115</total>
				<timestamp>117.057912</timestamp>
			</report>
			<report>
				<misses>977001</misses>
				<total>665114</total>
				<timestamp>117.177903</timestamp>
			</report>
			<report>
				<misses>978001</misses>
				<total>666113</total>
				<timestamp>117.297858</timestamp>
			</report>
			<report>
				<misses>979001</misses>
				<total>667112</total>
				<timestamp>117.417829</timestamp>
			</report>
			<report>
				<misses>980001</misses>
				<total>668111</total>
				<timestamp>117.537675</timestamp>
			</report>
			<report>
				<misses>981001</misses>
				<total>669110</total>
				<timestamp>117.657552</timestamp>
			</report>
			<report>
				<misses>982001</misses>
				<total>670109</total>
				<timestamp>117.777478</timestamp>
			</report>
			<report>
				<misses>983001</misses>
				<total>671108</total>
				<timestamp>117.897415</timestamp>
			</report>
			<report>
				<misses>984001</misses>
				<total>672107</total>
				<timestamp>118.017300</timestamp>
			</report>
			<report>
				<misses>985001</misses>
				<total>673106</total>
				<timestamp>118.137211</timestamp>
			</report>
			<report>
				<misses>986001</misses>
				<total>674105</total>
				<timestamp>118.257145</timestamp>
			</report>
			<report>
				<misses>987001</misses>
				<total>675104</total>
				<timestamp>118.377061</timestamp>
			</report>
			<report>
				<misses>988001</misses>
				<total>676103</total>
				<timestamp>118.496983</timestamp>
			</report>
			<report>
				<misses>989001</misses>
				<total>677102</total>
				<timestamp>118.616860</timestamp>
			</report>
			<report>
				<misses>990001</misses>
				<total>678101</total>
				<timestamp>118.736838</timestamp>
			</report>
			<report>
				<misses>991001</misses>
				<total>679100</total>
				<timestamp>118.856704</timestamp>
			</report>
			<report>
				<misses>992001</misses>
				<total>680099</total>
				<timestamp>118.976562</timestamp>
			</report>
			<report>
				<misses>993001</misses>
				<total>681098</total>
				<timestamp>119.096459</timestamp>
			</report>
			<report>
				<misses>994001</misses>
				<total>682097</total>
				<timestamp>119.216358</timestamp>
			</report>
			<report>
				<misses>995001</misses>
				<total>683096</total>
				<timestamp>119.336236</timestamp>
			</report>
			<report>
				<misses>996001</misses>
				<total>684095</total>
				<timestamp>119.456092</timestamp>
			</report>
			<report>
				<misses>997001</misses>
				<total>685094</total>
				<timestamp>119.576022</timestamp>
			</report>
			<report>
				<misses>998001</misses>
				<total>686093</total>
				<timestamp>119.695960</timestamp>
			</report>
			<report>
				<misses>999001</misses>
				<total>687092</total>
				<timestamp>119.815943</timestamp>
			</report>
			<report>
				<misses>1000001</misses>
				<total>688091</total>
				<timestamp>119.935909</timestamp>
			</report>
			<report>
				<misses>1001001</misses>
				<total>689090</total>
				<timestamp>120.055806</timestamp>
			</report>
			<report>
				<misses>1002001</misses>
				<total>690089</total>
				<timestamp>120.175834</timestamp>
			</report>
			<report>
				<misses>1003001</misses>
				<total>691088</total>
				<timestamp>120.295901</timestamp>
			</report>
			<report>
				<misses>1004001</misses>
				<total>692087</total>
				<timestamp>120.415739</timestamp>
			</report>
			<report>
				<misses>1005001</misses>
				<total>693086</total>
				<timestamp>120.535622</timestamp>
			</report>
			<report>
				<misses>1006001</misses>
				<total>694085</total>
				<timestamp>120.655495</timestamp>
			</report>
			<report>
				<misses>1007001</misses>
				<total>695084</total>
				<timestamp>120.775379</timestamp>
			</report>
			<report>
				<misses>1008001</misses>
				<total>696083</total>
				<timestamp>120.895278</timestamp>
			</report>
			<report>
				<misses>1009001</misses>
				<total>697082</total>
				<timestamp>121.015135</timestamp>
			</report>
			<report>
				<misses>1010001</misses>
				<total>698081</total>
				<timestamp>121.135165</timestamp>
			</report>
			<report>
				<misses>1011001</misses>
				<total>699080</total>
				<timestamp>121.255106</timestamp>
			</report>
			<report>
				<misses>1012001</misses>
				<total>700079</total>
				<timestamp>121.375079</timestamp>
			</report>
			<report>
				<misses>1013001</misses>
				<total>701078</total>
				<timestamp>121.495124</timestamp>
			</report>
			<report>
				<misses>1014001</misses>
				<total>702077</total>
				<timestamp>121.615025</timestamp>
			</report>
			<report>
				<misses>1015001</misses>
				<total>703076</total>
				<timestamp>121.734944</timestamp>
			</report>
			<report>
				<misses>1016001</misses>
				<total>704075</total>
				<timestamp>121.854815</timestamp>
			</report>
			<report>
				<misses>1017001</misses>
				<total>705074</total>
				<timestamp>121.974676</timestamp>
			</report>
			<report>
				<misses>1018001</misses>
				<total>706073</total>
				<timestamp>122.094569</timestamp>
			</report>
			<report>
				<misses>1019001</misses>
				<total>707072</total>
				<timestamp>122.214435</timestamp>
			</report>
			<report>
				<misses>1020001</misses>
				<total>708071</total>
				<timestamp>122.334337</timestamp>
			</report>
			<report>
				<misses>1021001</misses>
				<total>709070</total>
				<timestamp>122.454234</timestamp>
			</report>
			<report>
				<misses>1022001</misses>
				<total>710069</total>
				<timestamp>122.574164</timestamp>
			</report>
			<report>
				<misses>1023001</misses>
				<total>711068</total>
				<timestamp>122.694068</timestamp>
			</report>
			<report>
				<misses>1024001</misses>
				<total>712067</total>
				<timestamp>122.813953</timestamp>
			</report>
			<report>
				<misses>1025001</misses>
				<total>713066</total>
				<timestamp>122.933866</timestamp>
			</report>
			<report>
				<misses>1026001</misses>
				<total>714065</total>
				<timestamp>123.053890</timestamp>
			</report>
			<report>
				<misses>1027001</misses>
				<total>715064</total>
				<timestamp>123.173862</timestamp>
			</report>
			<report>
				<misses>1028001</misses>
				<total>716063</total>
				<timestamp>123.293808</timestamp>
			</report>
			<report>
				<misses>1029001</misses>
				<total>717062</total>
				<timestamp>123.413766</timestamp>
			</report>
			<report>
				<misses>1030001</misses>
				<total>718061</total>
				<timestamp>123.533782</timestamp>
			</report>
			<report>
				<misses>1031001</misses>
				<total>719060</total>
				<timestamp>123.653798</timestamp>
			</report>
			<report>
				<misses>1032001</misses>
				<total>720059</total>
				<timestamp>123.773706</timestamp>
			</report>
			<report>
				<misses>1033001</misses>
				<total>721058</total>
				<timestamp>123.893580</timestamp>
			</report>
			<report>
				<misses>1034001</misses>
				<total>722057</total>
				<timestamp>124.013466</timestamp>
			</report>
			<report>
				<misses>1035001</misses>
				<total>723056</total>
				<timestamp>124.133343</timestamp>
			</report>
			<report>
				<misses>1036001</misses>
				<total>724055</total>
				<timestamp>124.253215</timestamp>
			</report>
			<report>
				<misses>1037001</misses>
				<total>725054</total>
				<timestamp>124.373106</timestamp>
			</report>
			<report>
				<misses>1038001</misses>
				<total>726053</total>
				<timestamp>124.492995</timestamp>
			</report>
			<report>
				<misses>1039001</misses>
				<total>727052</total>
				<timestamp>124.612952</timestamp>
			</report>
			<report>
				<misses>1040001</misses>
				<total>728051</total>
				<timestamp>124.732922</timestamp>
			</report>
			<report>
				<misses>1041001</misses>
				<total>729050</total>
				<timestamp>124.852903</timestamp>
			</report>
			<report>
				<misses>1042001</misses>
				<total>730049</total>
				<timestamp>124.972845</timestamp>
			</report>
			<report>
				<misses>1043001</misses>
				<total>731048</total>
				<timestamp>125.092870</timestamp>
			</report>
			<report>
				<misses>1044001</misses>
				<total>732047</total>
				<timestamp>125.212835</timestamp>
			</report>
			<report>
				<misses>1045001</misses>
				<total>733046</total>
				<timestamp>125.332785</timestamp>
			</report>
			<report>
				<misses>1046001</misses>
				<total>734045</total>
				<timestamp>125.452623</timestamp>
			</report>
			<report>
				<misses>1047001</misses>
				<total>735044</total>
				<timestamp>125.572502</timestamp>
			</report>
			<report>
				<misses>1048001</misses>
				<total>736043</total>
				<timestamp>125.692403</timestamp>
			</report>
			<report>
				<misses>1049001</misses>
				<total>737042</total>
				<timestamp>125.812245</timestamp>
			</report>
			<report>
				<misses>1050001</misses>
				<total>738041</total>
				<timestamp>125.932139</timestamp>
			</report>
			<report>
				<misses>1051001</misses>
				<total>739040</total>
				<timestamp>126.052072</timestamp>
			</report>
			<report>
				<misses>1052001</misses>
				<total>740039</total>
				<timestamp>126.172038</timestamp>
			</report>
			<report>
				<misses>1053001</misses>
				<total>741038</total>
				<timestamp>126.291959</timestamp>
			</report>
			<report>
				<misses>1054001</misses>
				<total>742037</total>
				<timestamp>126.411976</timestamp>
			</report>
			<report>
				<misses>1055001</misses>
				<total>743036</total>
				<timestamp>126.531920</timestamp>
			</report>
			<report>
				<misses>1056001</misses>
				<total>744035</total>
				<timestamp>126.651794</timestamp>
			</report>
			<report>
				<misses>1057001</misses>
				<total>745034</total>
				<timestamp>126.771791</timestamp>
			</report>
			<report>
				<misses>1058001</misses>
				<total>746033</total>
				<timestamp>126.891749</timestamp>
			</report>
			<report>
				<misses>1059001</misses>
				<total>747032</total>
				<timestamp>127.011745</timestamp>
			</report>
			<report>
				<misses>1060001</misses>
				<total>748031</total>
				<timestamp>127.131692</timestamp>
			</report>
			<report>
				<misses>1061001</misses>
				<total>749030</total>
				<timestamp>127.251533</timestamp>
			</report>
			<report>
				<misses>1062001</misses>
				<total>750029</total>
				<timestamp>127.371437</timestamp>
			</report>
			<report>
				<misses>1063001</misses>
				<total>751028</total>
				<timestamp>127.491323</timestamp>
			</report>
			<report>
				<misses>1064001</misses>
				<total>752027</total>
				<timestamp>127.611211</timestamp>
			</report>
			<report>
				<misses>1065001</misses>
				<total>753026</total>
				<timestamp>127.731099</timestamp>
			</report>
			<report>
				<misses>1066001</misses>
				<total>754025</total>
				<timestamp>127.850953</timestamp>
			</report>
			<report>
				<misses>1067001</misses>
				<total>755024</total>
				<timestamp>127.970897</timestamp>
			</report>
			<report>
				<misses>1068001</misses>
				<total>756023</total>
				<timestamp>128.090913</timestamp>
			</report>
			<report>
				<misses>1069001</misses>
				<total>757022</total>
				<timestamp>128.210913</timestamp>
			</report>
			<report>
				<misses>1070001</misses>
				<total>758021</total>
				<timestamp>128.330920</timestamp>
			</report>
			<report>
				<misses>1071001</misses>
				<total>759020</total>
				<timestamp>128.450882</timestamp>
			</report>
			<report>
				<misses>1072001</misses>
				<total>760019</total>
				<timestamp>128.570883</timestamp>
			</report>
			<report>
				<misses>1073001</misses>
				<total>761018</total>
				<timestamp>128.690843</timestamp>
			</report>
			<report>
				<misses>1074001</misses>
				<total>762017</total>
				<timestamp>128.810821</timestamp>
			</report>
			<report>
				<misses>1075001</misses>
				<total>763016</total>
				<timestamp>128.930806</timestamp>
			</report>
			<report>
				<misses>1076001</misses>
				<total>764015</total>
				<timestamp>129.050750</timestamp>
			</report>
			<report>
				<misses>1077001</misses>
				<total>765014</total>
				<timestamp>129.170813</timestamp>
			</report>
			<report>
				<misses>1078001</misses>
				<total>766013</total>
				<timestamp>129.290809</timestamp>
			</report>
			<report>
				<misses>1079001</misses>
				<total>767012</total>
				<timestamp>129.410752</timestamp>
			</report>
			<report>
				<misses>1080001</misses>
				<total>768011</total>
				<timestamp>129.530744</timestamp>
			</report>
			<report>
				<misses>1081001</misses>
				<total>769010</total>
				<timestamp>129.650639</timestamp>
			</report>
			<report>
				<misses>1082001</misses>
				<total>770009</total>
				<timestamp>129.770579</timestamp>
			</report>
			<report>
				<misses>1083001</misses>
				<total>771008</total>
				<timestamp>129.890508</timestamp>
			</report>
			<report>
				<misses>1084001</misses>
				<total>772007</total>
				<timestamp>130.010342</timestamp>
			</report>
			<report>
				<misses>1085001</misses>
				<total>773006</total>
				<timestamp>130.130229</timestamp>
			</report>
			<report>
				<misses>1086001</misses>
				<total>774005</total>
				<timestamp>130.250094</timestamp>
			</report>
			<report>
				<misses>1087001</misses>
				<total>775004</total>
				<timestamp>130.370033</timestamp>
			</report>
			<report>
				<misses>1088001</misses>
				<total>776003</total>
				<timestamp>130.490077</timestamp>
			</report>
			<report>
				<misses>1089001</misses>
				<total>777002</total>
				<timestamp>130.610019</timestamp>
			</report>
			<report>
				<misses>1090001</misses>
				<total>778001</total>
				<timestamp>130.729995</timestamp>
			</report>
			<report>
				<misses>1091001</misses>
				<total>779000</total>
				<timestamp>130.849898</timestamp>
			</report>
			<report>
				<misses>1092001</misses>
				<total>779999</total>
				<timestamp>130.969774</timestamp>
			</report>
			<report>
				<misses>1093001</misses>
				<total>780998</total>
				<timestamp>131.089625</timestamp>
			</report>
			<report>
				<misses>1094001</misses>
				<total>781997</total>
				<timestamp>131.209490</timestamp>
			</report>
			<report>
				<misses>1095001</misses>
				<total>782996</total>
				<timestamp>131.329393</timestamp>
			</report>
			<report>
				<misses>1096001</misses>
				<total>783995</total>
				<timestamp>131.449319</timestamp>
			</report>
			<report>
				<misses>1097001</misses>
				<total>784994</total>
				<timestamp>131.569287</timestamp>
			</report>
			<report>
				<misses>1098001</misses>
				<total>785993</total>
				<timestamp>131.689222</timestamp>
			</report>
			<report>
				<misses>1099001</misses>
				<total>786992</total>
				<timestamp>131.809163</timestamp>
			</report>
			<report>
				<misses>1100001</misses>
				<total>787991</total>
				<timestamp>131.929045</timestamp>
			</report>
			<report>
				<misses>1101001</misses>
				<total>788990</total>
				<timestamp>132.048930</timestamp>
			</report>
			<report>
				<misses>1102001</misses>
				<total>789989</total>
				<timestamp>132.168892</timestamp>
			</report>
			<report>
				<misses>1103001</misses>
				<total>790988</total>
				<timestamp>132.288881</timestamp>
			</report>
			<report>
				<misses>1104001</misses>
				<total>791987</total>
				<timestamp>132.408877</timestamp>
			</report>
			<report>
				<misses>1105001</misses>
				<total>792986</total>
				<timestamp>132.528844</timestamp>
			</report>
			<report>
				<misses>1106001</misses>
				<total>793985</total>
				<timestamp>132.648853</timestamp>
			</report>
			<report>
				<misses>1107001</misses>
				<total>794984</total>
				<timestamp>132.768856</timestamp>
			</report>
			<report>
				<misses>1108001</misses>
				<total>795983</total>
				<timestamp>132.888881</timestamp>
			</report>
			<report>
				<misses>1109001</misses>
				<total>796982</total>
				<timestamp>133.008890</timestamp>
			</report>
			<report>
				<misses>1110001</misses>
				<total>797981</total>
				<timestamp>133.128867</timestamp>
			</report>
			<report>
				<misses>1111001</misses>
				<total>798980</total>
				<timestamp>133.248816</timestamp>
			</report>
			<report>
				<misses>1112001</misses>
				<total>799979</total>
				<timestamp>133.368766</timestamp>
			</report>
			<report>
				<misses>1113001</misses>
				<total>800507</total>
				<timestamp>133.488681</timestamp>
			</report>
			<report>
				<misses>1114001</misses>
				<total>800507</total>
				<timestamp>133.608531</timestamp>
			</report>
			<report>
				<misses>1115001</misses>
				<total>800507</total>
				<timestamp>133.728401</timestamp>
			</report>
			<report>
				<misses>1116001</misses>
				<total>800507</total>
				<timestamp>133.848344</timestamp>
			</report>
			<report>
				<misses>1117001</misses>
				<total>800507</total>
				<timestamp>133.968180</timestamp>
			</report>
			<report>
				<misses>1118001</misses>
				<total>800507</total>
				<timestamp>134.088091</timestamp>
			</report>
			<report>
				<misses>1119001</misses>
				<total>800507</total>
				<timestamp>134.208049</timestamp>
			</report>
			<report>
				<misses>1120001</misses>
				<total>800507</total>
				<timestamp>134.327936</timestamp>
			</report>
			<report>
				<misses>1121001</misses>
				<total>800509</total>
				<timestamp>134.447865</timestamp>
			</report>
			<report>
				<misses>1122001</misses>
				<total>800517</total>
				<timestamp>134.567808</timestamp>
			</report>
			<report>
				<misses>1123001</misses>
				<total>800517</total>
				<timestamp>134.687770</timestamp>
			</report>
			<report>
				<misses>1124001</misses>
				<total>800517</total>
				<timestamp>134.807726</timestamp>
			</report>
			<report>
				<misses>1125001</misses>
				<total>800519</total>
				<timestamp>134.927572</timestamp>
			</report>
			<report>
				<misses>1126001</misses>
				<total>800519</total>
				<timestamp>135.047447</timestamp>
			</report>
			<report>
				<misses>1127001</misses>
				<total>800519</total>
				<timestamp>135.167314</timestamp>
			</report>
			<report>
				<misses>1128001</misses>
				<total>800520</total>
				<timestamp>135.287237</timestamp>
			</report>
			<report>
				<misses>1129001</misses>
				<total>800520</total>
				<timestamp>135.407115</timestamp>
			</report>
			<report>
				<misses>1130001</misses>
				<total>800520</total>
				<timestamp>135.527041</timestamp>
			</report>
			<report>
				<misses>1131001</misses>
				<total>800520</total>
				<timestamp>135.647002</timestamp>
			</report>
			<report>
				<misses>1132001</misses>
				<total>800520</total>
				<timestamp>135.766929</timestamp>
			</report>
			<report>
				<misses>1133001</misses>
				<total>800520</total>
				<timestamp>135.886900</timestamp>
			</report>
			<report>
				<misses>1134001</misses>
				<total>800520</total>
				<timestamp>136.006807</timestamp>
			</report>
			<report>
				<misses>1135001</misses>
				<total>800520</total>
				<timestamp>136.126834</timestamp>
			</report>
			<report>
				<misses>1136001</misses>
				<total>800520</total>
				<timestamp>136.246783</timestamp>
			</report>
			<report>
				<misses>1137001</misses>
				<total>800520</total>
				<timestamp>136.366702</timestamp>
			</report>
			<report>
				<misses>1138001</misses>
				<total>800520</total>
				<timestamp>136.486620</timestamp>
			</report>
			<report>
				<misses>1139001</misses>
				<total>800520</total>
				<timestamp>136.606496</timestamp>
			</report>
			<report>
				<misses>1140001</misses>
				<total>800525</total>
				<timestamp>136.726380</timestamp>
			</report>
			<report>
				<misses>1141001</misses>
				<total>800525</total>
				<timestamp>136.846288</timestamp>
			</report>
			<report>
				<misses>1142001</misses>
				<total>800525</total>
				<timestamp>136.966132</timestamp>
			</report>
			<report>
				<misses>1143001</misses>
				<total>800527</total>
				<timestamp>137.086154</timestamp>
			</report>
			<report>
				<misses>1144001</misses>
				<total>800530</total>
				<timestamp>137.206048</timestamp>
			</report>
			<report>
				<misses>1145001</misses>
				<total>800530</total>
				<timestamp>137.325934</timestamp>
			</report>
			<report>
				<misses>1146001</misses>
				<total>800530</total>
				<timestamp>137.445876</timestamp>
			</report>
			<report>
				<misses>1147001</misses>
				<total>800530</total>
				<timestamp>137.565822</timestamp>
			</report>
			<report>
				<misses>1148001</misses>
				<total>800530</total>
				<timestamp>137.685756</timestamp>
			</report>
			<report>
				<misses>1149001</misses>
				<total>800530</total>
				<timestamp>137.805762</timestamp>
			</report>
			<report>
				<misses>1150001</misses>
				<total>800530</total>
				<timestamp>137.925820</timestamp>
			</report>
			<report>
				<misses>1151001</misses>
				<total>800539</total>
				<timestamp>138.045695</timestamp>
			</report>
			<report>
				<misses>1152001</misses>
				<total>800539</total>
				<timestamp>138.165582</timestamp>
			</report>
			<report>
				<misses>1153001</misses>
				<total>800539</total>
				<timestamp>138.285405</timestamp>
			</report>
			<report>
				<misses>1154001</misses>
				<total>800539</total>
				<timestamp>138.405285</timestamp>
			</report>
			<report>
				<misses>1155001</misses>
				<total>800539</total>
				<timestamp>138.525203</timestamp>
			</report>
			<report>
				<misses>1156001</misses>
				<total>800539</total>
				<timestamp>138.645088</timestamp>
			</report>
			<report>
				<misses>1157001</misses>
				<total>800538</total>
				<timestamp>138.764946</timestamp>
			</report>
			<report>
				<misses>1158001</misses>
				<total>800539</total>
				<timestamp>138.884854</timestamp>
			</report>
			<report>
				<misses>1159001</misses>
				<total>800539</total>
				<timestamp>139.004753</timestamp>
			</report>
			<report>
				<misses>1160001</misses>
				<total>800539</total>
				<timestamp>139.124750</timestamp>
			</report>
			<report>
				<misses>1161001</misses>
				<total>800539</total>
				<timestamp>139.244722</timestamp>
			</report>
			<report>
				<misses>1162001</misses>
				<total>800539</total>
				<timestamp>139.364677</timestamp>
			</report>
			<report>
				<misses>1163001</misses>
				<total>800539</total>
				<timestamp>139.484678</timestamp>
			</report>
			<report>
				<misses>1164001</misses>
				<total>800539</total>
				<timestamp>139.604679</timestamp>
			</report>
			<report>
				<misses>1165001</misses>
				<total>800539</total>
				<timestamp>139.724576</timestamp>
			</report>
			<report>
				<misses>1166001</misses>
				<total>800539</total>
				<timestamp>139.844494</timestamp>
			</report>
			<report>
				<misses>1167001</misses>
				<total>800539</total>
				<timestamp>139.964370</timestamp>
			</report>
			<report>
				<misses>1168001</misses>
				<total>800539</total>
				<timestamp>140.084253</timestamp>
			</report>
			<report>
				<misses>1169001</misses>
				<total>800539</total>
				<timestamp>140.204123</timestamp>
			</report>
			<report>
				<misses>1170001</misses>
				<total>800552</total>
				<timestamp>140.324027</timestamp>
			</report>
			<report>
				<misses>1171001</misses>
				<total>800552</total>
				<timestamp>140.443878</timestamp>
			</report>
			<report>
				<misses>1172001</misses>
				<total>800552</total>
				<timestamp>140.563833</timestamp>
			</report>
			<report>
				<misses>1173001</misses>
				<total>800552</total>
				<timestamp>140.683814</timestamp>
			</report>
			<report>
				<misses>1174001</misses>
				<total>800552</total>
				<timestamp>140.803726</timestamp>
			</report>
			<report>
				<misses>1175001</misses>
				<total>800552</total>
				<timestamp>140.923759</timestamp>
			</report>
			<report>
				<misses>1176001</misses>
				<total>800553</total>
				<timestamp>141.043693</timestamp>
			</report>
			<report>
				<misses>1177001</misses>
				<total>800552</total>
				<timestamp>141.163722</timestamp>
			</report>
			<report>
				<misses>1178001</misses>
				<total>800552</total>
				<timestamp>141.283774</timestamp>
			</report>
			<report>
				<misses>1179001</misses>
				<total>800552</total>
				<timestamp>141.403736</timestamp>
			</report>
			<report>
				<misses>1180001</misses>
				<total>800552</total>
				<timestamp>141.523716</timestamp>
			</report>
			<report>
				<misses>1181001</misses>
				<total>800552</total>
				<timestamp>141.643687</timestamp>
			</report>
			<report>
				<misses>1182001</misses>
				<total>800552</total>
				<timestamp>141.763708</timestamp>
			</report>
			<report>
				<misses>1183001</misses>
				<total>800552</total>
				<timestamp>141.883724</timestamp>
			</report>
			<report>
				<misses>1184001</misses>
				<total>800552</total>
				<timestamp>142.003706</timestamp>
			</report>
			<report>
				<misses>1185001</misses>
				<total>800552</total>
				<timestamp>142.123671</timestamp>
			</report>
			<report>
				<misses>1186001</misses>
				<total>800552</total>
				<timestamp>142.243484</timestamp>
			</report>
			<report>
				<misses>1187001</misses>
				<total>800557</total>
				<timestamp>142.363374</timestamp>
			</report>
			<report>
				<misses>1188001</misses>
				<total>800557</total>
				<timestamp>142.483266</timestamp>
			</report>
			<report>
				<misses>1189001</misses>
				<total>800559</total>
				<timestamp>142.603200</timestamp>
			</report>
			<report>
				<misses>1190001</misses>
				<total>800559</total>
				<timestamp>142.723194</timestamp>
			</report>
			<report>
				<misses>1191001</misses>
				<total>800559</total>
				<timestamp>142.843157</timestamp>
			</report>
			<report>
				<misses>1192001</misses>
				<total>800559</total>
				<timestamp>142.963025</timestamp>
			</report>
			<report>
				<misses>1193001</misses>
				<total>800560</total>
				<timestamp>143.082924</timestamp>
			</report>
			<report>
				<misses>1194001</misses>
				<total>800559</total>
				<timestamp>143.202825</timestamp>
			</report>
			<report>
				<misses>1195001</misses>
				<total>800560</total>
				<timestamp>143.322726</timestamp>
			</report>
			<report>
				<misses>1196001</misses>
				<total>800566</total>
				<timestamp>143.442722</timestamp>
			</report>
			<report>
				<misses>1197001</misses>
				<total>800566</total>
				<timestamp>143.562736</timestamp>
			</report>
			<report>
				<misses>1198001</misses>
				<total>800566</total>
				<timestamp>143.682673</timestamp>
			</report>
			<report>
				<misses>1199001</misses>
				<total>800566</total>
				<timestamp>143.802537</timestamp>
			</report>
			<report>
				<misses>1200001</misses>
				<total>800566</total>
				<timestamp>143.922443</timestamp>
			</report>
			<report>
				<misses>1201001</misses>
				<total>800572</total>
				<timestamp>144.042320</timestamp>
			</report>
			<report>
				<misses>1202001</misses>
				<total>800572</total>
				<timestamp>144.162191</timestamp>
			</report>
			<report>
				<misses>1203001</misses>
				<total>800572</total>
				<timestamp>144.282072</timestamp>
			</report>
			<report>
				<misses>1204001</misses>
				<total>800572</total>
				<timestamp>144.401973</timestamp>
			</report>
			<report>
				<misses>1205001</misses>
				<total>800572</total>
				<timestamp>144.521872</timestamp>
			</report>
			<report>
				<misses>1206001</misses>
				<total>801066</total>
				<timestamp>144.641820</timestamp>
			</report>
			<report>
				<misses>1207001</misses>
				<total>802065</total>
				<timestamp>144.761813</timestamp>
			</report>
			<report>
				<misses>1208001</misses>
				<total>803064</total>
				<timestamp>144.881760</timestamp>
			</report>
			<report>
				<misses>1209001</misses>
				<total>804063</total>
				<timestamp>145.001829</timestamp>
			</report>
			<report>
				<misses>1210001</misses>
				<total>805062</total>
				<timestamp>145.121791</timestamp>
			</report>
			<report>
				<misses>1211001</misses>
				<total>806061</total>
				<timestamp>145.241780</timestamp>
			</report>
			<report>
				<misses>1212001</misses>
				<total>807060</total>
				<timestamp>145.361788</timestamp>
			</report>
			<report>
				<misses>1213001</misses>
				<total>808059</total>
				<timestamp>145.481836</timestamp>
			</report>
			<report>
				<misses>1214001</misses>
				<total>809058</total>
				<timestamp>145.601728</timestamp>
			</report>
			<report>
				<misses>1215001</misses>
				<total>810057</total>
				<timestamp>145.721725</timestamp>
			</report>
			<report>
				<misses>1216001</misses>
				<total>811056</total>
				<timestamp>145.841702</timestamp>
			</report>
			<report>
				<misses>1217001</misses>
				<total>812055</total>
				<timestamp>145.961642</timestamp>
			</report>
			<report>
				<misses>1218001</misses>
				<total>813054</total>
				<timestamp>146.081587</timestamp>
			</report>
			<report>
				<misses>1219001</misses>
				<total>814053</total>
				<timestamp>146.201519</timestamp>
			</report>
			<report>
				<misses>1220001</misses>
				<total>815052</total>
				<timestamp>146.321467</timestamp>
			</report>
			<report>
				<misses>1221001</misses>
				<total>816051</total>
				<timestamp>146.441336</timestamp>
			</report>
			<report>
				<misses>1222001</misses>
				<total>817050</total>
				<timestamp>146.561221</timestamp>
			</report>
			<report>
				<misses>1223001</misses>
				<total>818049</total>
				<timestamp>146.681166</timestamp>
			</report>
			<report>
				<misses>1224001</misses>
				<total>819048</total>
				<timestamp>146.801117</timestamp>
			</report>
			<report>
				<misses>1225001</misses>
				<total>820047</total>
				<timestamp>146.920976</timestamp>
			</report>
			<report>
				<misses>1226001</misses>
				<total>821046</total>
				<timestamp>147.040848</timestamp>
			</report>
			<report>
				<misses>1227001</misses>
				<total>822045</total>
				<timestamp>147.160801</timestamp>
			</report>
			<report>
				<misses>1228001</misses>
				<total>823044</total>
				<timestamp>147.280796</timestamp>
			</report>
			<report>
				<misses>1229001</misses>
				<total>824043</total>
				<timestamp>147.400779</timestamp>
			</report>
			<report>
				<misses>1230001</misses>
				<total>825042</total>
				<timestamp>147.520680</timestamp>
			</report>
			<report>
				<misses>1231001</misses>
				<total>826041</total>
				<timestamp>147.640709</timestamp>
			</report>
			<report>
				<misses>1232001</misses>
				<total>827040</total>
				<timestamp>147.760726</timestamp>
			</report>
			<report>
				<misses>1233001</misses>
				<total>828039</total>
				<timestamp>147.880723</timestamp>
			</report>
			<report>
				<misses>1234001</misses>
				<total>829038</total>
				<timestamp>148.000684</timestamp>
			</report>
			<report>
				<misses>1235001</misses>
				<total>830037</total>
				<timestamp>148.120650</timestamp>
			</report>
			<report>
				<misses>1236001</misses>
				<total>831036</total>
				<timestamp>148.240531</timestamp>
			</report>
			<report>
				<misses>1237001</misses>
				<total>832035</total>
				<timestamp>148.360377</timestamp>
			</report>
			<report>
				<misses>1238001</misses>
				<total>833034</total>
				<timestamp>148.480283</timestamp>
			</report>
			<report>
				<misses>1239001</misses>
				<total>834033</total>
				<timestamp>148.600130</timestamp>
			</report>
			<report>
				<misses>1240001</misses>
				<total>835032</total>
				<timestamp>148.720020</timestamp>
			</report>
			<report>
				<misses>1241001</misses>
				<total>836031</total>
				<timestamp>148.839912</timestamp>
			</report>
			<report>
				<misses>1242001</misses>
				<total>837030</total>
				<timestamp>148.959788</timestamp>
			</report>
			<report>
				<misses>1243001</misses>
				<total>838029</total>
				<timestamp>149.079676</timestamp>
			</report>
			<report>
				<misses>1244001</misses>
				<total>839028</total>
				<timestamp>149.199691</timestamp>
			</report>
			<report>
				<misses>1245001</misses>
				<total>840027</total>
				<timestamp>149.319642</timestamp>
			</report>
			<report>
				<misses>1246001</misses>
				<total>841026</total>
				<timestamp>149.439653</timestamp>
			</report>
			<report>
				<misses>1247001</misses>
				<total>842025</total>
				<timestamp>149.559626</timestamp>
			</report>
			<report>
				<misses>1248001</misses>
				<total>843024</total>
				<timestamp>149.679606</timestamp>
			</report>
			<report>
				<misses>1249001</misses>
				<total>844023</total>
				<timestamp>149.799659</timestamp>
			</report>
			<report>
				<misses>1250001</misses>
				<total>845022</total>
				<timestamp>149.919627</timestamp>
			</report>
			<report>
				<misses>1251001</misses>
				<total>846021</total>
				<timestamp>150.039527</timestamp>
			</report>
			<report>
				<misses>1252001</misses>
				<total>847020</total>
				<timestamp>150.159414</timestamp>
			</report>
			<report>
				<misses>1253001</misses>
				<total>848019</total>
				<timestamp>150.279291</timestamp>
			</report>
			<report>
				<misses>1254001</misses>
				<total>849018</total>
				<timestamp>150.399166</timestamp>
			</report>
			<report>
				<misses>1255001</misses>
				<total>850017</total>
				<timestamp>150.519091</timestamp>
			</report>
			<report>
				<misses>1256001</misses>
				<total>851016</total>
				<timestamp>150.638983</timestamp>
			</report>
			<report>
				<misses>1257001</misses>
				<total>852015</total>
				<timestamp>150.758846</timestamp>
			</report>
			<report>
				<misses>1258001</misses>
				<total>853014</total>
				<timestamp>150.878794</timestamp>
			</report>
			<report>
				<misses>1259001</misses>
				<total>854013</total>
				<timestamp>150.998723</timestamp>
			</report>
			<report>
				<misses>1260001</misses>
				<total>855012</total>
				<timestamp>151.118638</timestamp>
			</report>
			<report>
				<misses>1261001</misses>
				<total>856011</total>
				<timestamp>151.238682</timestamp>
			</report>
			<report>
				<misses>1262001</misses>
				<total>857010</total>
				<timestamp>151.358679</timestamp>
			</report>
			<report>
				<misses>1263001</misses>
				<total>858009</total>
				<timestamp>151.478659</timestamp>
			</report>
			<report>
				<misses>1264001</misses>
				<total>859008</total>
				<timestamp>151.598635</timestamp>
			</report>
			<report>
				<misses>1265001</misses>
				<total>860007</total>
				<timestamp>151.718636</timestamp>
			</report>
			<report>
				<misses>1266001</misses>
				<total>861006</total>
				<timestamp>151.838651</timestamp>
			</report>
			<report>
				<misses>1267001</misses>
				<total>862005</total>
				<timestamp>151.958647</timestamp>
			</report>
			<report>
				<misses>1268001</misses>
				<total>863004</total>
				<timestamp>152.078643</timestamp>
			</report>
			<report>
				<misses>1269001</misses>
				<total>864003</total>
				<timestamp>152.198615</timestamp>
			</report>
			<report>
				<misses>1270001</misses>
				<total>865002</total>
				<timestamp>152.318474</timestamp>
			</report>
			<report>
				<misses>1271001</misses>
				<total>866001</total>
				<timestamp>152.438344</timestamp>
			</report>
			<report>
				<misses>1272001</misses>
				<total>867000</total>
				<timestamp>152.558228</timestamp>
			</report>
			<report>
				<misses>1273001</misses>
				<total>867999</total>
				<timestamp>152.678132</timestamp>
			</report>
			<report>
				<misses>1274001</misses>
				<total>868998</total>
				<timestamp>152.798008</timestamp>
			</report>
			<report>
				<misses>1275001</misses>
				<total>869997</total>
				<timestamp>152.917908</timestamp>
			</report>
			<report>
				<misses>1276001</misses>
				<total>870996</total>
				<timestamp>153.037803</timestamp>
			</report>
			<report>
				<misses>1277001</misses>
				<total>871995</total>
				<timestamp>153.157805</timestamp>
			</report>
			<report>
				<misses>1278001</misses>
				<total>872994</total>
				<timestamp>153.277757</timestamp>
			</report>
			<report>
				<misses>1279001</misses>
				<total>873993</total>
				<timestamp>153.397637</timestamp>
			</report>
			<report>
				<misses>1280001</misses>
				<total>874992</total>
				<timestamp>153.517517</timestamp>
			</report>
			<report>
				<misses>1281001</misses>
				<total>875991</total>
				<timestamp>153.637377</timestamp>
			</report>
			<report>
				<misses>1282001</misses>
				<total>876990</total>
				<timestamp>153.757284</timestamp>
			</report>
			<report>
				<misses>1283001</misses>
				<total>877989</total>
				<timestamp>153.877195</timestamp>
			</report>
			<report>
				<misses>1284001</misses>
				<total>878988</total>
				<timestamp>153.997166</timestamp>
			</report>
			<report>
				<misses>1285001</misses>
				<total>879987</total>
				<timestamp>154.117083</timestamp>
			</report>
			<report>
				<misses>1286001</misses>
				<total>880986</total>
				<timestamp>154.237028</timestamp>
			</report>
			<report>
				<misses>1287001</misses>
				<total>881985</total>
				<timestamp>154.356927</timestamp>
			</report>
			<report>
				<misses>1288001</misses>
				<total>882984</total>
				<timestamp>154.476803</timestamp>
			</report>
			<report>
				<misses>1289001</misses>
				<total>883983</total>
				<timestamp>154.596770</timestamp>
			</report>
			<report>
				<misses>1290001</misses>
				<total>884982</total>
				<timestamp>154.716805</timestamp>
			</report>
			<report>
				<misses>1291001</misses>
				<total>885981</total>
				<timestamp>154.836704</timestamp>
			</report>
			<report>
				<misses>1292001</misses>
				<total>886980</total>
				<timestamp>154.956593</timestamp>
			</report>
			<report>
				<misses>1293001</misses>
				<total>887979</total>
				<timestamp>155.076604</timestamp>
			</report>
			<report>
				<misses>1294001</misses>
				<total>888978</total>
				<timestamp>155.196585</timestamp>
			</report>
			<report>
				<misses>1295001</misses>
				<total>889977</total>
				<timestamp>155.316418</timestamp>
			</report>
			<report>
				<misses>1296001</misses>
				<total>890976</total>
				<timestamp>155.436301</timestamp>
			</report>
			<report>
				<misses>1297001</misses>
				<total>891975</total>
				<timestamp>155.556216</timestamp>
			</report>
			<report>
				<misses>1298001</misses>
				<total>892974</total>
				<timestamp>155.676084</timestamp>
			</report>
			<report>
				<misses>1299001</misses>
				<total>893973</total>
				<timestamp>155.795987</timestamp>
			</report>
			<report>
				<misses>1300001</misses>
				<total>894972</total>
				<timestamp>155.915808</timestamp>
			</report>
			<report>
				<misses>1301001</misses>
				<total>895971</total>
				<timestamp>156.035723</timestamp>
			</report>
			<report>
				<misses>1302001</misses>
				<total>896970</total>
				<timestamp>156.155641</timestamp>
			</report>
			<report>
				<misses>1303001</misses>
				<total>897969</total>
				<timestamp>156.275681</timestamp>
			</report>
			<report>
				<misses>1304001</misses>
				<total>898968</total>
				<timestamp>156.395611</timestamp>
			</report>
			<report>
				<misses>1305001</misses>
				<total>899967</total>
				<timestamp>156.515463</timestamp>
			</report>
			<report>
				<misses>1306001</misses>
				<total>900966</total>
				<timestamp>156.635352</timestamp>
			</report>
			<report>
				<misses>1307001</misses>
				<total>901965</total>
				<timestamp>156.755217</timestamp>
			</report>
			<report>
				<misses>1308001</misses>
				<total>902964</total>
				<timestamp>156.875174</timestamp>
			</report>
			<report>
				<misses>1309001</misses>
				<total>903963</total>
				<timestamp>156.995124</timestamp>
			</report>
			<report>
				<misses>1310001</misses>
				<total>904962</total>
				<timestamp>157.115024</timestamp>
			</report>
			<report>
				<misses>1311001</misses>
				<total>905961</total>
				<timestamp>157.234864</timestamp>
			</report>
			<report>
				<misses>1312001</misses>
				<total>906960</total>
				<timestamp>157.354746</timestamp>
			</report>
			<report>
				<misses>1313001</misses>
				<total>907959</total>
				<timestamp>157.474724</timestamp>
			</report>
			<report>
				<misses>1314001</misses>
				<total>908958</total>
				<timestamp>157.594731</timestamp>
			</report>
			<report>
				<misses>1315001</misses>
				<total>909957</total>
				<timestamp>157.714639</timestamp>
			</report>
			<report>
				<misses>1316001</misses>
				<total>910956</total>
				<timestamp>157.834509</timestamp>
			</report>
			<report>
				<misses>1317001</misses>
				<total>911955</total>
				<timestamp>157.954385</timestamp>
			</report>
			<report>
				<misses>1318001</misses>
				<total>912954</total>
				<timestamp>158.074267</timestamp>
			</report>
			<report>
				<misses>1319001</misses>
				<total>913953</total>
				<timestamp>158.194200</timestamp>
			</report>
			<report>
				<misses>1320001</misses>
				<total>914952</total>
				<timestamp>158.314162</timestamp>
			</report>
			<report>
				<misses>1321001</misses>
				<total>915951</total>
				<timestamp>158.434047</timestamp>
			</report>
			<report>
				<misses>1322001</misses>
				<total>916950</total>
				<timestamp>158.553901</timestamp>
			</report>
			<report>
				<misses>1323001</misses>
				<total>917949</total>
				<timestamp>158.673801</timestamp>
			</report>
			<report>
				<misses>1324001</misses>
				<total>918948</total>
				<timestamp>158.793737</timestamp>
			</report>
			<report>
				<misses>1325001</misses>
				<total>919947</total>
				<timestamp>158.913734</timestamp>
			</report>
			<report>
				<misses>1326001</misses>
				<total>920946</total>
				<timestamp>159.033712</timestamp>
			</report>
			<report>
				<misses>1327001</misses>
				<total>921945</total>
				<timestamp>159.153777</timestamp>
			</report>
			<report>
				<misses>1328001</misses>
				<total>922944</total>
				<timestamp>159.273734</timestamp>
			</report>
			<report>
				<misses>1329001</misses>
				<total>923943</total>
				<timestamp>159.393696</timestamp>
			</report>
			<report>
				<misses>1330001</misses>
				<total>924942</total>
				<timestamp>159.513592</timestamp>
			</report>
			<report>
				<misses>1331001</misses>
				<total>925941</total>
				<timestamp>159.633640</timestamp>
			</report>
			<report>
				<misses>1332001</misses>
				<total>926940</total>
				<timestamp>159.753673</timestamp>
			</report>
			<report>
				<misses>1333001</misses>
				<total>927939</total>
				<timestamp>159.873551</timestamp>
			</report>
			<report>
				<misses>1334001</misses>
				<total>928938</total>
				<timestamp>159.993541</timestamp>
			</report>
			<report>
				<misses>1335001</misses>
				<total>929937</total>
				<timestamp>160.113538</timestamp>
			</report>
			<report>
				<misses>1336001</misses>
				<total>930936</total>
				<timestamp>160.233426</timestamp>
			</report>
			<report>
				<misses>1337001</misses>
				<total>931935</total>
				<timestamp>160.353296</timestamp>
			</report>
			<report>
				<misses>1338001</misses>
				<total>932934</total>
				<timestamp>160.473184</timestamp>
			</report>
			<report>
				<misses>1339001</misses>
				<total>933933</total>
				<timestamp>160.593082</timestamp>
			</report>
			<report>
				<misses>1340001</misses>
				<total>934932</total>
				<timestamp>160.712980</timestamp>
			</report>
			<report>
				<misses>1341001</misses>
				<total>935931</total>
				<timestamp>160.832815</timestamp>
			</report>
			<report>
				<misses>1342001</misses>
				<total>936930</total>
				<timestamp>160.952716</timestamp>
			</report>
			<report>
				<misses>1343001</misses>
				<total>937929</total>
				<timestamp>161.072619</timestamp>
			</report>
			<report>
				<misses>1344001</misses>
				<total>938928</total>
				<timestamp>161.192562</timestamp>
			</report>
			<report>
				<misses>1345001</misses>
				<total>939927</total>
				<timestamp>161.312460</timestamp>
			</report>
			<report>
				<misses>1346001</misses>
				<total>940926</total>
				<timestamp>161.432344</timestamp>
			</report>
			<report>
				<misses>1347001</misses>
				<total>941925</total>
				<timestamp>161.552250</timestamp>
			</report>
			<report>
				<misses>1348001</misses>
				<total>942924</total>
				<timestamp>161.672120</timestamp>
			</report>
			<report>
				<misses>1349001</misses>
				<total>943923</total>
				<timestamp>161.791999</timestamp>
			</report>
			<report>
				<misses>1350001</misses>
				<total>944922</total>
				<timestamp>161.911911</timestamp>
			</report>
			<report>
				<misses>1351001</misses>
				<total>945921</total>
				<timestamp>162.031898</timestamp>
			</report>
			<report>
				<misses>1352001</misses>
				<total>946920</total>
				<timestamp>162.151751</timestamp>
			</report>
			<report>
				<misses>1353001</misses>
				<total>947919</total>
				<timestamp>162.271671</timestamp>
			</report>
			<report>
				<misses>1354001</misses>
				<total>948918</total>
				<timestamp>162.391552</timestamp>
			</report>
			<report>
				<misses>1355001</misses>
				<total>949917</total>
				<timestamp>162.511599</timestamp>
			</report>
			<report>
				<misses>1356001</misses>
				<total>950916</total>
				<timestamp>162.631529</timestamp>
			</report>
			<report>
				<misses>1357001</misses>
				<total>951915</total>
				<timestamp>162.751399</timestamp>
			</report>
			<report>
				<misses>1358001</misses>
				<total>952914</total>
				<timestamp>162.871279</timestamp>
			</report>
			<report>
				<misses>1359001</misses>
				<total>953913</total>
				<timestamp>162.991141</timestamp>
			</report>
			<report>
				<misses>1360001</misses>
				<total>954912</total>
				<timestamp>163.111021</timestamp>
			</report>
			<report>
				<misses>1361001</misses>
				<total>955911</total>
				<timestamp>163.230903</timestamp>
			</report>
			<report>
				<misses>1362001</misses>
				<total>956910</total>
				<timestamp>163.350790</timestamp>
			</report>
			<report>
				<misses>1363001</misses>
				<total>957909</total>
				<timestamp>163.470685</timestamp>
			</report>
			<report>
				<misses>1364001</misses>
				<total>958908</total>
				<timestamp>163.590555</timestamp>
			</report>
			<report>
				<misses>1365001</misses>
				<total>959907</total>
				<timestamp>163.710546</timestamp>
			</report>
			<report>
				<misses>1366001</misses>
				<total>960906</total>
				<timestamp>163.830447</timestamp>
			</report>
			<report>
				<misses>1367001</misses>
				<total>961905</total>
				<timestamp>163.950344</timestamp>
			</report>
			<report>
				<misses>1368001</misses>
				<total>962904</total>
				<timestamp>164.070182</timestamp>
			</report>
			<report>
				<misses>1369001</misses>
				<total>963903</total>
				<timestamp>164.190055</timestamp>
			</report>
			<report>
				<misses>1370001</misses>
				<total>964902</total>
				<timestamp>164.309995</timestamp>
			</report>
			<report>
				<misses>1371001</misses>
				<total>965901</total>
				<timestamp>164.429933</timestamp>
			</report>
			<report>
				<misses>1372001</misses>
				<total>966900</total>
				<timestamp>164.549796</timestamp>
			</report>
			<report>
				<misses>1373001</misses>
				<total>967899</total>
				<timestamp>164.669794</timestamp>
			</report>
			<report>
				<misses>1374001</misses>
				<total>968898</total>
				<timestamp>164.789734</timestamp>
			</report>
			<report>
				<misses>1375001</misses>
				<total>969897</total>
				<timestamp>164.909618</timestamp>
			</report>
			<report>
				<misses>1376001</misses>
				<total>970896</total>
				<timestamp>165.029597</timestamp>
			</report>
			<report>
				<misses>1377001</misses>
				<total>971895</total>
				<timestamp>165.149655</timestamp>
			</report>
			<report>
				<misses>1378001</misses>
				<total>972894</total>
				<timestamp>165.269654</timestamp>
			</report>
			<report>
				<misses>1379001</misses>
				<total>973893</total>
				<timestamp>165.389595</timestamp>
			</report>
			<report>
				<misses>1380001</misses>
				<total>974892</total>
				<timestamp>165.509518</timestamp>
			</report>
			<report>
				<misses>1381001</misses>
				<total>975891</total>
				<timestamp>165.629499</timestamp>
			</report>
			<report>
				<misses>1382001</misses>
				<total>976890</total>
				<timestamp>165.749345</timestamp>
			</report>
			<report>
				<misses>1383001</misses>
				<total>977889</total>
				<timestamp>165.869208</timestamp>
			</report>
			<report>
				<misses>1384001</misses>
				<total>978888</total>
				<timestamp>165.989129</timestamp>
			</report>
			<report>
				<misses>1385001</misses>
				<total>979887</total>
				<timestamp>166.108998</timestamp>
			</report>
			<report>
				<misses>1386001</misses>
				<total>980886</total>
				<timestamp>166.228869</timestamp>
			</report>
			<report>
				<misses>1387001</misses>
				<total>981885</total>
				<timestamp>166.348751</timestamp>
			</report>
			<report>
				<misses>1388001</misses>
				<total>982884</total>
				<timestamp>166.468664</timestamp>
			</report>
			<report>
				<misses>1389001</misses>
				<total>983883</total>
				<timestamp>166.588560</timestamp>
			</report>
			<report>
				<misses>1390001</misses>
				<total>984882</total>
				<timestamp>166.708533</timestamp>
			</report>
			<report>
				<misses>1391001</misses>
				<total>985881</total>
				<timestamp>166.828388</timestamp>
			</report>
			<report>
				<misses>1392001</misses>
				<total>986880</total>
				<timestamp>166.948272</timestamp>
			</report>
			<report>
				<misses>1393001</misses>
				<total>987879</total>
				<timestamp>167.068314</timestamp>
			</report>
			<report>
				<misses>1394001</misses>
				<total>988878</total>
				<timestamp>167.188267</timestamp>
			</report>
			<report>
				<misses>1395001</misses>
				<total>989175</total>
				<timestamp>167.308131</timestamp>
			</report>
			<report>
				<misses>1396001</misses>
				<total>989175</total>
				<timestamp>167.428062</timestamp>
			</report>
			<report>
				<misses>1397001</misses>
				<total>989175</total>
				<timestamp>167.547909</timestamp>
			</report>
			<report>
				<misses>1398001</misses>
				<total>989175</total>
				<timestamp>167.667802</timestamp>
			</report>
			<report>
				<misses>1399001</misses>
				<total>989175</total>
				<timestamp>167.787674</timestamp>
			</report>
			<report>
				<misses>1400001</misses>
				<total>989175</total>
				<timestamp>167.907601</timestamp>
			</report>
			<report>
				<misses>1401001</misses>
				<total>989175</total>
				<timestamp>168.027596</timestamp>
			</report>
			<report>
				<misses>1402001</misses>
				<total>989175</total>
				<timestamp>168.147621</timestamp>
			</report>
			<report>
				<misses>1403001</misses>
				<total>989175</total>
				<timestamp>168.267526</timestamp>
			</report>
			<report>
				<misses>1404001</misses>
				<total>989175</total>
				<timestamp>168.387501</timestamp>
			</report>
			<report>
				<misses>1405001</misses>
				<total>989175</total>
				<timestamp>168.507501</timestamp>
			</report>
			<report>
				<misses>1406001</misses>
				<total>989175</total>
				<timestamp>168.627554</timestamp>
			</report>
			<report>
				<misses>1407001</misses>
				<total>989175</total>
				<timestamp>168.747525</timestamp>
			</report>
			<report>
				<misses>1408001</misses>
				<total>989175</total>
				<timestamp>168.867479</timestamp>
			</report>
			<report>
				<misses>1409001</misses>
				<total>989175</total>
				<timestamp>168.987510</timestamp>
			</report>
			<report>
				<misses>1410001</misses>
				<total>989175</total>
				<timestamp>169.107524</timestamp>
			</report>
			<report>
				<misses>1411001</misses>
				<total>989175</total>
				<timestamp>169.227505</timestamp>
			</report>
			<report>
				<misses>1412001</misses>
				<total>989175</total>
				<timestamp>169.347511</timestamp>
			</report>
			<report>
				<misses>1413001</misses>
				<total>989178</total>
				<timestamp>169.467393</timestamp>
			</report>
			<report>
				<misses>1414001</misses>
				<total>989178</total>
				<timestamp>169.587316</timestamp>
			</report>
			<report>
				<misses>1415001</misses>
				<total>989178</total>
				<timestamp>169.707190</timestamp>
			</report>
			<report>
				<misses>1416001</misses>
				<total>989178</total>
				<timestamp>169.827085</timestamp>
			</report>
			<report>
				<misses>1417001</misses>
				<total>989178</total>
				<timestamp>169.946944</timestamp>
			</report>
			<report>
				<misses>1418001</misses>
				<total>989178</total>
				<timestamp>170.066841</timestamp>
			</report>
			<report>
				<misses>1419001</misses>
				<total>989178</total>
				<timestamp>170.186691</timestamp>
			</report>
			<report>
				<misses>1420001</misses>
				<total>989177</total>
				<timestamp>170.306703</timestamp>
			</report>
			<report>
				<misses>1421001</misses>
				<total>989178</total>
				<timestamp>170.426618</timestamp>
			</report>
			<report>
				<misses>1422001</misses>
				<total>989178</total>
				<timestamp>170.546499</timestamp>
			</report>
			<report>
				<misses>1423001</misses>
				<total>989178</total>
				<timestamp>170.666376</timestamp>
			</report>
			<report>
				<misses>1424001</misses>
				<total>989178</total>
				<timestamp>170.786222</timestamp>
			</report>
			<report>
				<misses>1425001</misses>
				<total>989178</total>
				<timestamp>170.906122</timestamp>
			</report>
			<report>
				<misses>1426001</misses>
				<total>989178</total>
				<timestamp>171.026063</timestamp>
			</report>
			<report>
				<misses>1427001</misses>
				<total>989178</total>
				<timestamp>171.146007</timestamp>
			</report>
			<report>
				<misses>1428001</misses>
				<total>989178</total>
				<timestamp>171.265867</timestamp>
			</report>
			<report>
				<misses>1429001</misses>
				<total>989178</total>
				<timestamp>171.385762</timestamp>
			</report>
			<report>
				<misses>1430001</misses>
				<total>989178</total>
				<timestamp>171.505683</timestamp>
			</report>
			<report>
				<misses>1431001</misses>
				<total>989178</total>
				<timestamp>171.625627</timestamp>
			</report>
			<report>
				<misses>1432001</misses>
				<total>989178</total>
				<timestamp>171.745564</timestamp>
			</report>
			<report>
				<misses>1433001</misses>
				<total>989178</total>
				<timestamp>171.865518</timestamp>
			</report>
			<report>
				<misses>1434001</misses>
				<total>989178</total>
				<timestamp>171.985426</timestamp>
			</report>
			<report>
				<misses>1435001</misses>
				<total>989178</total>
				<timestamp>172.105343</timestamp>
			</report>
			<report>
				<misses>1436001</misses>
				<total>989180</total>
				<timestamp>172.225302</timestamp>
			</report>
			<report>
				<misses>1437001</misses>
				<total>989180</total>
				<timestamp>172.345149</timestamp>
			</report>
			<report>
				<misses>1438001</misses>
				<total>989180</total>
				<timestamp>172.465074</timestamp>
			</report>
			<report>
				<misses>1439001</misses>
				<total>989180</total>
				<timestamp>172.585080</timestamp>
			</report>
			<report>
				<misses>1440001</misses>
				<total>989180</total>
				<timestamp>172.705036</timestamp>
			</report>
			<report>
				<misses>1441001</misses>
				<total>989190</total>
				<timestamp>172.824941</timestamp>
			</report>
			<report>
				<misses>1442001</misses>
				<total>989190</total>
				<timestamp>172.944837</timestamp>
			</report>
			<report>
				<misses>1443001</misses>
				<total>989191</total>
				<timestamp>173.064812</timestamp>
			</report>
			<report>
				<misses>1444001</misses>
				<total>989191</total>
				<timestamp>173.184667</timestamp>
			</report>
			<report>
				<misses>1445001</misses>
				<total>989191</total>
				<timestamp>173.304613</timestamp>
			</report>
			<report>
				<misses>1446001</misses>
				<total>989191</total>
				<timestamp>173.424646</timestamp>
			</report>
			<report>
				<misses>1447001</misses>
				<total>989191</total>
				<timestamp>173.544616</timestamp>
			</report>
			<report>
				<misses>1448001</misses>
				<total>989192</total>
				<timestamp>173.664586</timestamp>
			</report>
			<report>
				<misses>1449001</misses>
				<total>989192</total>
				<timestamp>173.784470</timestamp>
			</report>
			<report>
				<misses>1450001</misses>
				<total>989192</total>
				<timestamp>173.904502</timestamp>
			</report>
			<report>
				<misses>1451001</misses>
				<total>989192</total>
				<timestamp>174.024535</timestamp>
			</report>
			<report>
				<misses>1452001</misses>
				<total>989192</total>
				<timestamp>174.144462</timestamp>
			</report>
			<report>
				<misses>1453001</misses>
				<total>989192</total>
				<timestamp>174.264285</timestamp>
			</report>
			<report>
				<misses>1454001</misses>
				<total>989193</total>
				<timestamp>174.384171</timestamp>
			</report>
			<report>
				<misses>1455001</misses>
				<total>989192</total>
				<timestamp>174.504085</timestamp>
			</report>
			<report>
				<misses>1456001</misses>
				<total>989192</total>
				<timestamp>174.623990</timestamp>
			</report>
			<report>
				<misses>1457001</misses>
				<total>989192</total>
				<timestamp>174.744105</timestamp>
			</report>
			<report>
				<misses>1458001</misses>
				<total>989192</total>
				<timestamp>174.863994</timestamp>
			</report>
			<report>
				<misses>1459001</misses>
				<total>989194</total>
				<timestamp>174.984072</timestamp>
			</report>
			<report>
				<misses>1460001</misses>
				<total>989194</total>
				<timestamp>175.103971</timestamp>
			</report>
			<report>
				<misses>1461001</misses>
				<total>989194</total>
				<timestamp>175.223847</timestamp>
			</report>
			<report>
				<misses>1462001</misses>
				<total>989194</total>
				<timestamp>175.343737</timestamp>
			</report>
			<report>
				<misses>1463001</misses>
				<total>989194</total>
				<timestamp>175.463674</timestamp>
			</report>
			<report>
				<misses>1464001</misses>
				<total>989194</total>
				<timestamp>175.583587</timestamp>
			</report>
			<report>
				<misses>1465001</misses>
				<total>989195</total>
				<timestamp>175.703516</timestamp>
			</report>
			<report>
				<misses>1466001</misses>
				<total>989198</total>
				<timestamp>175.823484</timestamp>
			</report>
			<report>
				<misses>1467001</misses>
				<total>989198</total>
				<timestamp>175.943338</timestamp>
			</report>
			<report>
				<misses>1468001</misses>
				<total>989198</total>
				<timestamp>176.063230</timestamp>
			</report>
			<report>
				<misses>1469001</misses>
				<total>989198</total>
				<timestamp>176.183109</timestamp>
			</report>
			<report>
				<misses>1470001</misses>
				<total>989198</total>
				<timestamp>176.302995</timestamp>
			</report>
			<report>
				<misses>1471001</misses>
				<total>989198</total>
				<timestamp>176.422882</timestamp>
			</report>
			<report>
				<misses>1472001</misses>
				<total>989198</total>
				<timestamp>176.542725</timestamp>
			</report>
			<report>
				<misses>1473001</misses>
				<total>989216</total>
				<timestamp>176.662608</timestamp>
			</report>
			<report>
				<misses>1474001</misses>
				<total>989215</total>
				<timestamp>176.782551</timestamp>
			</report>
			<report>
				<misses>1475001</misses>
				<total>989215</total>
				<timestamp>176.902526</timestamp>
			</report>
			<report>
				<misses>1476001</misses>
				<total>989216</total>
				<timestamp>177.022452</timestamp>
			</report>
			<report>
				<misses>1477001</misses>
				<total>989216</total>
				<timestamp>177.142519</timestamp>
			</report>
			<report>
				<misses>1478001</misses>
				<total>989216</total>
				<timestamp>177.262376</timestamp>
			</report>
			<report>
				<misses>1479001</misses>
				<total>989224</total>
				<timestamp>177.382275</timestamp>
			</report>
			<report>
				<misses>1480001</misses>
				<total>989224</total>
				<timestamp>177.502135</timestamp>
			</report>
			<report>
				<misses>1481001</misses>
				<total>989224</total>
				<timestamp>177.622052</timestamp>
			</report>
			<report>
				<misses>1482001</misses>
				<total>989224</total>
				<timestamp>177.741942</timestamp>
			</report>
			<report>
				<misses>1483001</misses>
				<total>989227</total>
				<timestamp>177.861838</timestamp>
			</report>
			<report>
				<misses>1484001</misses>
				<total>989228</total>
				<timestamp>177.981825</timestamp>
			</report>
			<report>
				<misses>1485001</misses>
				<total>989228</total>
				<timestamp>178.101668</timestamp>
			</report>
			<report>
				<misses>1486001</misses>
				<total>989228</total>
				<timestamp>178.221630</timestamp>
			</report>
			<report>
				<misses>1487001</misses>
				<total>989228</total>
				<timestamp>178.341634</timestamp>
			</report>
			<report>
				<misses>1488001</misses>
				<total>989228</total>
				<timestamp>178.461579</timestamp>
			</report>
			<report>
				<misses>1489001</misses>
				<total>989228</total>
				<timestamp>178.581505</timestamp>
			</report>
			<report>
				<misses>1490001</misses>
				<total>989228</total>
				<timestamp>178.701498</timestamp>
			</report>
			<report>
				<misses>1491001</misses>
				<total>989228</total>
				<timestamp>178.821559</timestamp>
			</report>
			<report>
				<misses>1492001</misses>
				<total>989228</total>
				<timestamp>178.941500</timestamp>
			</report>
			<report>
				<misses>1493001</misses>
				<total>989228</total>
				<timestamp>179.061518</timestamp>
			</report>
			<report>
				<misses>1494001</misses>
				<total>989228</total>
				<timestamp>179.181516</timestamp>
			</report>
			<report>
				<misses>1495001</misses>
				<total>989228</total>
				<timestamp>179.301435</timestamp>
			</report>
			<report>
				<misses>1496001</misses>
				<total>989229</total>
				<timestamp>179.421298</timestamp>
			</report>
			<report>
				<misses>1497001</misses>
				<total>989230</total>
				<timestamp>179.541195</timestamp>
			</report>
			<report>
				<misses>1498001</misses>
				<total>989230</total>
				<timestamp>179.661072</timestamp>
			</report>
			<report>
				<misses>1499001</misses>
				<total>989230</total>
				<timestamp>179.781001</timestamp>
			</report>
			<report>
				<misses>1500001</misses>
				<total>989230</total>
				<timestamp>179.900991</timestamp>
			</report>
			<report>
				<misses>1501001</misses>
				<total>989230</total>
				<timestamp>180.020973</timestamp>
			</report>
			<report>
				<misses>1502001</misses>
				<total>989230</total>
				<timestamp>180.140852</timestamp>
			</report>
			<report>
				<misses>1503001</misses>
				<total>989230</total>
				<timestamp>180.260701</timestamp>
			</report>
			<report>
				<misses>1504001</misses>
				<total>989230</total>
				<timestamp>180.380655</timestamp>
			</report>
			<report>
				<misses>1505001</misses>
				<total>989230</total>
				<timestamp>180.500581</timestamp>
			</report>
			<report>
				<misses>1506001</misses>
				<total>989233</total>
				<timestamp>180.620476</timestamp>
			</report>
			<report>
				<misses>1507001</misses>
				<total>989233</total>
				<timestamp>180.740395</timestamp>
			</report>
			<report>
				<misses>1508001</misses>
				<total>989233</total>
				<timestamp>180.860419</timestamp>
			</report>
			<report>
				<misses>1509001</misses>
				<total>989233</total>
				<timestamp>180.980433</timestamp>
			</report>
			<report>
				<misses>1510001</misses>
				<total>989240</total>
				<timestamp>181.100454</timestamp>
			</report>
			<report>
				<misses>1511001</misses>
				<total>989240</total>
				<timestamp>181.220480</timestamp>
			</report>
			<report>
				<misses>1512001</misses>
				<total>989240</total>
				<timestamp>181.340458</timestamp>
			</report>
			<report>
				<misses>1513001</misses>
				<total>989239</total>
				<timestamp>181.460419</timestamp>
			</report>
			<report>
				<misses>1514001</misses>
				<total>989240</total>
				<timestamp>181.580409</timestamp>
			</report>
			<report>
				<misses>1515001</misses>
				<total>989240</total>
				<timestamp>181.700427</timestamp>
			</report>
			<report>
				<misses>1516001</misses>
				<total>989240</total>
				<timestamp>181.820403</timestamp>
			</report>
			<report>
				<misses>1517001</misses>
				<total>989248</total>
				<timestamp>181.940403</timestamp>
			</report>
			<report>
				<misses>1518001</misses>
				<total>989248</total>
				<timestamp>182.060429</timestamp>
			</report>
			<report>
				<misses>1519001</misses>
				<total>989248</total>
				<timestamp>182.180416</timestamp>
			</report>
			<report>
				<misses>1520001</misses>
				<total>989248</total>
				<timestamp>182.300413</timestamp>
			</report>
			<report>
				<misses>1521001</misses>
				<total>989248</total>
				<timestamp>182.420415</timestamp>
			</report>
			<report>
				<misses>1522001</misses>
				<total>989248</total>
				<timestamp>182.540437</timestamp>
			</report>
			<report>
				<misses>1523001</misses>
				<total>989248</total>
				<timestamp>182.660467</timestamp>
			</report>
			<report>
				<misses>1524001</misses>
				<total>989248</total>
				<timestamp>182.780398</timestamp>
			</report>
			<report>
				<misses>1525001</misses>
				<total>989248</total>
				<timestamp>182.900419</timestamp>
			</report>
			<report>
				<misses>1526001</misses>
				<total>989248</total>
				<timestamp>183.020389</timestamp>
			</report>
			<report>
				<misses>1527001</misses>
				<total>989248</total>
				<timestamp>183.140218</timestamp>
			</report>
			<report>
				<misses>1528001</misses>
				<total>989248</total>
				<timestamp>183.260110</timestamp>
			</report>
			<report>
				<misses>1529001</misses>
				<total>989248</total>
				<timestamp>183.379988</timestamp>
			</report>
			<report>
				<misses>1530001</misses>
				<total>989248</total>
				<timestamp>183.499954</timestamp>
			</report>
			<report>
				<misses>1531001</misses>
				<total>989248</total>
				<timestamp>183.619857</timestamp>
			</report>
			<report>
				<misses>1532001</misses>
				<total>989248</total>
				<timestamp>183.739729</timestamp>
			</report>
			<report>
				<misses>1533001</misses>
				<total>989248</total>
				<timestamp>183.859670</timestamp>
			</report>
			<report>
				<misses>1534001</misses>
				<total>989248</total>
				<timestamp>183.979546</timestamp>
			</report>
			<report>
				<misses>1535001</misses>
				<total>989250</total>
				<timestamp>184.099457</timestamp>
			</report>
			<report>
				<misses>1536001</misses>
				<total>989250</total>
				<timestamp>184.219501</timestamp>
			</report>
			<report>
				<misses>1537001</misses>
				<total>989249</total>
				<timestamp>184.339467</timestamp>
			</report>
			<report>
				<misses>1538001</misses>
				<total>989250</total>
				<timestamp>184.459403</timestamp>
			</report>
			<report>
				<misses>1539001</misses>
				<total>989250</total>
				<timestamp>184.579262</timestamp>
			</report>
			<report>
				<misses>1540001</misses>
				<total>989250</total>
				<timestamp>184.699156</timestamp>
			</report>
			<report>
				<misses>1541001</misses>
				<total>989250</total>
				<timestamp>184.819074</timestamp>
			</report>
			<report>
				<misses>1542001</misses>
				<total>989250</total>
				<timestamp>184.939053</timestamp>
			</report>
			<report>
				<misses>1543001</misses>
				<total>989254</total>
				<timestamp>185.058956</timestamp>
			</report>
			<report>
				<misses>1544001</misses>
				<total>989254</total>
				<timestamp>185.178907</timestamp>
			</report>
			<report>
				<misses>1545001</misses>
				<total>989254</total>
				<timestamp>185.298810</timestamp>
			</report>
			<report>
				<misses>1546001</misses>
				<total>989261</total>
				<timestamp>185.418662</timestamp>
			</report>
			<report>
				<misses>1547001</misses>
				<total>989261</total>
				<timestamp>185.538603</timestamp>
			</report>
			<report>
				<misses>1548001</misses>
				<total>989261</total>
				<timestamp>185.658564</timestamp>
			</report>
			<report>
				<misses>1549001</misses>
				<total>989261</total>
				<timestamp>185.778445</timestamp>
			</report>
			<report>
				<misses>1550001</misses>
				<total>989261</total>
				<timestamp>185.898414</timestamp>
			</report>
			<report>
				<misses>1551001</misses>
				<total>989261</total>
				<timestamp>186.018297</timestamp>
			</report>
			<report>
				<misses>1552001</misses>
				<total>989261</total>
				<timestamp>186.138243</timestamp>
			</report>
			<report>
				<misses>1553001</misses>
				<total>989262</total>
				<timestamp>186.258190</timestamp>
			</report>
			<report>
				<misses>1554001</misses>
				<total>989261</total>
				<timestamp>186.378077</timestamp>
			</report>
			<report>
				<misses>1555001</misses>
				<total>989261</total>
				<timestamp>186.497974</timestamp>
			</report>
			<report>
				<misses>1556001</misses>
				<total>989261</total>
				<timestamp>186.617823</timestamp>
			</report>
			<report>
				<misses>1557001</misses>
				<total>989261</total>
				<timestamp>186.737701</timestamp>
			</report>
			<report>
				<misses>1558001</misses>
				<total>989261</total>
				<timestamp>186.857629</timestamp>
			</report>
			<report>
				<misses>1559001</misses>
				<total>989262</total>
				<timestamp>186.977560</timestamp>
			</report>
			<report>
				<misses>1560001</misses>
				<total>989262</total>
				<timestamp>187.097510</timestamp>
			</report>
			<report>
				<misses>1561001</misses>
				<total>989262</total>
				<timestamp>187.217458</timestamp>
			</report>
			<report>
				<misses>1562001</misses>
				<total>989262</total>
				<timestamp>187.337401</timestamp>
			</report>
			<report>
				<misses>1563001</misses>
				<total>989262</total>
				<timestamp>187.457390</timestamp>
			</report>
			<report>
				<misses>1564001</misses>
				<total>989263</total>
				<timestamp>187.577209</timestamp>
			</report>
			<report>
				<misses>1565001</misses>
				<total>989263</total>
				<timestamp>187.697107</timestamp>
			</report>
			<report>
				<misses>1566001</misses>
				<total>989263</total>
				<timestamp>187.817078</timestamp>
			</report>
			<report>
				<misses>1567001</misses>
				<total>989263</total>
				<timestamp>187.936990</timestamp>
			</report>
			<report>
				<misses>1568001</misses>
				<total>989263</total>
				<timestamp>188.056876</timestamp>
			</report>
			<report>
				<misses>1569001</misses>
				<total>989263</total>
				<timestamp>188.176730</timestamp>
			</report>
			<report>
				<misses>1570001</misses>
				<total>989263</total>
				<timestamp>188.296626</timestamp>
			</report>
			<report>
				<misses>1571001</misses>
				<total>989263</total>
				<timestamp>188.416503</timestamp>
			</report>
			<report>
				<misses>1572001</misses>
				<total>989263</total>
				<timestamp>188.536449</timestamp>
			</report>
			<report>
				<misses>1573001</misses>
				<total>989263</total>
				<timestamp>188.656430</timestamp>
			</report>
			<report>
				<misses>1574001</misses>
				<total>989263</total>
				<timestamp>188.776274</timestamp>
			</report>
			<report>
				<misses>1575001</misses>
				<total>989263</total>
				<timestamp>188.896134</timestamp>
			</report>
			<report>
				<misses>1576001</misses>
				<total>989263</total>
				<timestamp>189.016063</timestamp>
			</report>
			<report>
				<misses>1577001</misses>
				<total>989263</total>
				<timestamp>189.135927</timestamp>
			</report>
			<report>
				<misses>1578001</misses>
				<total>989262</total>
				<timestamp>189.255883</timestamp>
			</report>
			<report>
				<misses>1579001</misses>
				<total>989263</total>
				<timestamp>189.375824</timestamp>
			</report>
			<report>
				<misses>1580001</misses>
				<total>989263</total>
				<timestamp>189.495648</timestamp>
			</report>
			<report>
				<misses>1581001</misses>
				<total>989263</total>
				<timestamp>189.615580</timestamp>
			</report>
			<report>
				<misses>1582001</misses>
				<total>989263</total>
				<timestamp>189.735502</timestamp>
			</report>
			<report>
				<misses>1583001</misses>
				<total>989263</total>
				<timestamp>189.855453</timestamp>
			</report>
			<report>
				<misses>1584001</misses>
				<total>989262</total>
				<timestamp>189.975409</timestamp>
			</report>
			<report>
				<misses>1585001</misses>
				<total>989263</total>
				<timestamp>190.095297</timestamp>
			</report>
			<report>
				<misses>1586001</misses>
				<total>989263</total>
				<timestamp>190.215175</timestamp>
			</report>
			<report>
				<misses>1587001</misses>
				<total>989263</total>
				<timestamp>190.335076</timestamp>
			</report>
			<report>
				<misses>1588001</misses>
				<total>989263</total>
				<timestamp>190.454992</timestamp>
			</report>
			<report>
				<misses>1589001</misses>
				<total>989263</total>
				<timestamp>190.574820</timestamp>
			</report>
			<report>
				<misses>1590001</misses>
				<total>989263</total>
				<timestamp>190.694681</timestamp>
			</report>
			<report>
				<misses>1591001</misses>
				<total>989263</total>
				<timestamp>190.814580</timestamp>
			</report>
			<report>
				<misses>1592001</misses>
				<total>989263</total>
				<timestamp>190.934508</timestamp>
			</report>
			<report>
				<misses>1593001</misses>
				<total>989263</total>
				<timestamp>191.054419</timestamp>
			</report>
			<report>
				<misses>1594001</misses>
				<total>989263</total>
				<timestamp>191.174330</timestamp>
			</report>
			<report>
				<misses>1595001</misses>
				<total>989263</total>
				<timestamp>191.294205</timestamp>
			</report>
			<report>
				<misses>1596001</misses>
				<total>989264</total>
				<timestamp>191.414081</timestamp>
			</report>
			<report>
				<misses>1597001</misses>
				<total>989263</total>
				<timestamp>191.533983</timestamp>
			</report>
			<report>
				<misses>1598001</misses>
				<total>989263</total>
				<timestamp>191.653879</timestamp>
			</report>
			<report>
				<misses>1599001</misses>
				<total>989263</total>
				<timestamp>191.773722</timestamp>
			</report>
			<report>
				<misses>1600001</misses>
				<total>989263</total>
				<timestamp>191.893608</timestamp>
			</report>
			<report>
				<misses>1601001</misses>
				<total>989263</total>
				<timestamp>192.013581</timestamp>
			</report>
			<report>
				<misses>1602001</misses>
				<total>989263</total>
				<timestamp>192.133532</timestamp>
			</report>
			<report>
				<misses>1603001</misses>
				<total>989263</total>
				<timestamp>192.253402</timestamp>
			</report>
			<report>
				<misses>1604001</misses>
				<total>989271</total>
				<timestamp>192.373350</timestamp>
			</report>
			<report>
				<misses>1605001</misses>
				<total>989271</total>
				<timestamp>192.493315</timestamp>
			</report>
			<report>
				<misses>1606001</misses>
				<total>989271</total>
				<timestamp>192.613342</timestamp>
			</report>
			<report>
				<misses>1607001</misses>
				<total>989271</total>
				<timestamp>192.733271</timestamp>
			</report>
			<report>
				<misses>1608001</misses>
				<total>989271</total>
				<timestamp>192.853132</timestamp>
			</report>
			<report>
				<misses>1609001</misses>
				<total>989271</total>
				<timestamp>192.973067</timestamp>
			</report>
			<report>
				<misses>1610001</misses>
				<total>989271</total>
				<timestamp>193.092960</timestamp>
			</report>
			<report>
				<misses>1611001</misses>
				<total>989271</total>
				<timestamp>193.212936</timestamp>
			</report>
			<report>
				<misses>1612001</misses>
				<total>989271</total>
				<timestamp>193.332760</timestamp>
			</report>
			<report>
				<misses>1613001</misses>
				<total>989271</total>
				<timestamp>193.452658</timestamp>
			</report>
			<report>
				<misses>1614001</misses>
				<total>989271</total>
				<timestamp>193.572551</timestamp>
			</report>
			<report>
				<misses>1615001</misses>
				<total>989271</total>
				<timestamp>193.692512</timestamp>
			</report>
			<report>
				<misses>1616001</misses>
				<total>989271</total>
				<timestamp>193.812505</timestamp>
			</report>
			<report>
				<misses>1617001</misses>
				<total>989271</total>
				<timestamp>193.932534</timestamp>
			</report>
			<report>
				<misses>1618001</misses>
				<total>989271</total>
				<timestamp>194.052494</timestamp>
			</report>
			<report>
				<misses>1619001</misses>
				<total>989273</total>
				<timestamp>194.172468</timestamp>
			</report>
			<report>
				<misses>1620001</misses>
				<total>989280</total>
				<timestamp>194.292420</timestamp>
			</report>
			<report>
				<misses>1621001</misses>
				<total>989280</total>
				<timestamp>194.412421</timestamp>
			</report>
			<report>
				<misses>1622001</misses>
				<total>989280</total>
				<timestamp>194.532337</timestamp>
			</report>
			<report>
				<misses>1623001</misses>
				<total>989279</total>
				<timestamp>194.652213</timestamp>
			</report>
			<report>
				<misses>1624001</misses>
				<total>989280</total>
				<timestamp>194.772084</timestamp>
			</report>
			<report>
				<misses>1625001</misses>
				<total>989280</total>
				<timestamp>194.891974</timestamp>
			</report>
			<report>
				<misses>1626001</misses>
				<total>989280</total>
				<timestamp>195.011873</timestamp>
			</report>
			<report>
				<misses>1627001</misses>
				<total>989280</total>
				<timestamp>195.131685</timestamp>
			</report>
			<report>
				<misses>1628001</misses>
				<total>989280</total>
				<timestamp>195.251567</timestamp>
			</report>
			<report>
				<misses>1629001</misses>
				<total>989281</total>
				<timestamp>195.371483</timestamp>
			</report>
			<report>
				<misses>1630001</misses>
				<total>989282</total>
				<timestamp>195.491451</timestamp>
			</report>
			<report>
				<misses>1631001</misses>
				<total>989281</total>
				<timestamp>195.611344</timestamp>
			</report>
			<report>
				<misses>1632001</misses>
				<total>989281</total>
				<timestamp>195.731218</timestamp>
			</report>
			<report>
				<misses>1633001</misses>
				<total>989281</total>
				<timestamp>195.851101</timestamp>
			</report>
			<report>
				<misses>1634001</misses>
				<total>989281</total>
				<timestamp>195.971046</timestamp>
			</report>
			<report>
				<misses>1635001</misses>
				<total>989281</total>
				<timestamp>196.090985</timestamp>
			</report>
			<report>
				<misses>1636001</misses>
				<total>989280</total>
				<timestamp>196.210931</timestamp>
			</report>
			<report>
				<misses>1637001</misses>
				<total>989280</total>
				<timestamp>196.331000</timestamp>
			</report>
			<report>
				<misses>1638001</misses>
				<total>989281</total>
				<timestamp>196.450845</timestamp>
			</report>
			<report>
				<misses>1639001</misses>
				<total>989281</total>
				<timestamp>196.570712</timestamp>
			</report>
			<report>
				<misses>1640001</misses>
				<total>989281</total>
				<timestamp>196.690605</timestamp>
			</report>
			<report>
				<misses>1641001</misses>
				<total>989281</total>
				<timestamp>196.810525</timestamp>
			</report>
			<report>
				<misses>1642001</misses>
				<total>989281</total>
				<timestamp>196.930408</timestamp>
			</report>
			<report>
				<misses>1643001</misses>
				<total>989283</total>
				<timestamp>197.050376</timestamp>
			</report>
			<report>
				<misses>1644001</misses>
				<total>989283</total>
				<timestamp>197.170305</timestamp>
			</report>
			<report>
				<misses>1645001</misses>
				<total>989283</total>
				<timestamp>197.290124</timestamp>
			</report>
			<report>
				<misses>1646001</misses>
				<total>989289</total>
				<timestamp>197.410068</timestamp>
			</report>
			<report>
				<misses>1647001</misses>
				<total>989289</total>
				<timestamp>197.529950</timestamp>
			</report>
			<report>
				<misses>1648001</misses>
				<total>989289</total>
				<timestamp>197.649824</timestamp>
			</report>
			<report>
				<misses>1649001</misses>
				<total>989289</total>
				<timestamp>197.769638</timestamp>
			</report>
			<report>
				<misses>1650001</misses>
				<total>989289</total>
				<timestamp>197.889524</timestamp>
			</report>
			<report>
				<misses>1651001</misses>
				<total>989289</total>
				<timestamp>198.009431</timestamp>
			</report>
			<report>
				<misses>1652001</misses>
				<total>989289</total>
				<timestamp>198.129319</timestamp>
			</report>
			<report>
				<misses>1653001</misses>
				<total>989289</total>
				<timestamp>198.249179</timestamp>
			</report>
			<report>
				<misses>1654001</misses>
				<total>989289</total>
				<timestamp>198.369077</timestamp>
			</report>
			<report>
				<misses>1655001</misses>
				<total>989289</total>
				<timestamp>198.488951</timestamp>
			</report>
			<report>
				<misses>1656001</misses>
				<total>989289</total>
				<timestamp>198.608832</timestamp>
			</report>
			<report>
				<misses>1657001</misses>
				<total>989292</total>
				<timestamp>198.728688</timestamp>
			</report>
			<report>
				<misses>1658001</misses>
				<total>989292</total>
				<timestamp>198.848589</timestamp>
			</report>
			<report>
				<misses>1659001</misses>
				<total>989292</total>
				<timestamp>198.968534</timestamp>
			</report>
			<report>
				<misses>1660001</misses>
				<total>989292</total>
				<timestamp>199.088470</timestamp>
			</report>
			<report>
				<misses>1661001</misses>
				<total>989292</total>
				<timestamp>199.208349</timestamp>
			</report>
			<report>
				<misses>1662001</misses>
				<total>989292</total>
				<timestamp>199.328305</timestamp>
			</report>
			<report>
				<misses>1663001</misses>
				<total>989292</total>
				<timestamp>199.448217</timestamp>
			</report>
			<report>
				<misses>1664001</misses>
				<total>989292</total>
				<timestamp>199.568091</timestamp>
			</report>
			<report>
				<misses>1665001</misses>
				<total>989294</total>
				<timestamp>199.687981</timestamp>
			</report>
			<report>
				<misses>1666001</misses>
				<total>989294</total>
				<timestamp>199.807943</timestamp>
			</report>
			<report>
				<misses>1667001</misses>
				<total>989294</total>
				<timestamp>199.927872</timestamp>
			</report>
			<report>
				<misses>1668001</misses>
				<total>989295</total>
				<timestamp>200.047749</timestamp>
			</report>
			<report>
				<misses>1669001</misses>
				<total>989295</total>
				<timestamp>200.167605</timestamp>
			</report>
			<report>
				<misses>1670001</misses>
				<total>989295</total>
				<timestamp>200.287523</timestamp>
			</report>
			<report>
				<misses>1671001</misses>
				<total>989295</total>
				<timestamp>200.407416</timestamp>
			</report>
			<report>
				<misses>1672001</misses>
				<total>989295</total>
				<timestamp>200.527299</timestamp>
			</report>
			<report>
				<misses>1673001</misses>
				<total>989297</total>
				<timestamp>200.647373</timestamp>
			</report>
			<report>
				<misses>1674001</misses>
				<total>989301</total>
				<timestamp>200.767356</timestamp>
			</report>
			<report>
				<misses>1675001</misses>
				<total>989301</total>
				<timestamp>200.887285</timestamp>
			</report>
			<report>
				<misses>1676001</misses>
				<total>989301</total>
				<timestamp>201.007164</timestamp>
			</report>
			<report>
				<misses>1677001</misses>
				<total>989301</total>
				<timestamp>201.127157</timestamp>
			</report>
			<report>
				<misses>1678001</misses>
				<total>989302</total>
				<timestamp>201.247060</timestamp>
			</report>
			<report>
				<misses>1679001</misses>
				<total>989301</total>
				<timestamp>201.366943</timestamp>
			</report>
			<report>
				<misses>1680001</misses>
				<total>989301</total>
				<timestamp>201.486827</timestamp>
			</report>
			<report>
				<misses>1681001</misses>
				<total>989301</total>
				<timestamp>201.606639</timestamp>
			</report>
			<report>
				<misses>1682001</misses>
				<total>989325</total>
				<timestamp>201.726566</timestamp>
			</report>
			<report>
				<misses>1683001</misses>
				<total>989325</total>
				<timestamp>201.846439</timestamp>
			</report>
			<report>
				<misses>1684001</misses>
				<total>989325</total>
				<timestamp>201.966367</timestamp>
			</report>
			<report>
				<misses>1685001</misses>
				<total>989349</total>
				<timestamp>202.086383</timestamp>
			</report>
			<report>
				<misses>1686001</misses>
				<total>990348</total>
				<timestamp>202.206372</timestamp>
			</report>
			<report>
				<misses>1687001</misses>
				<total>991347</total>
				<timestamp>202.326338</timestamp>
			</report>
			<report>
				<misses>1688001</misses>
				<total>992346</total>
				<timestamp>202.446180</timestamp>
			</report>
			<report>
				<misses>1689001</misses>
				<total>993345</total>
				<timestamp>202.566071</timestamp>
			</report>
			<report>
				<misses>1690001</misses>
				<total>994344</total>
				<timestamp>202.685980</timestamp>
			</report>
			<report>
				<misses>1691001</misses>
				<total>995343</total>
				<timestamp>202.805835</timestamp>
			</report>
			<report>
				<misses>1692001</misses>
				<total>996342</total>
				<timestamp>202.925691</timestamp>
			</report>
			<report>
				<misses>1693001</misses>
				<total>997341</total>
				<timestamp>203.045573</timestamp>
			</report>
			<report>
				<misses>1694001</misses>
				<total>998340</total>
				<timestamp>203.165471</timestamp>
			</report>
			<report>
				<misses>1695001</misses>
				<total>999339</total>
				<timestamp>203.285413</timestamp>
			</report>
			<report>
				<misses>1696001</misses>
				<total>1000338</total>
				<timestamp>203.405416</timestamp>
			</report>
			<report>
				<misses>1697001</misses>
				<total>1001337</total>
				<timestamp>203.525426</timestamp>
			</report>
			<report>
				<misses>1698001</misses>
				<total>1002336</total>
				<timestamp>203.645405</timestamp>
			</report>
			<report>
				<misses>1699001</misses>
				<total>1003335</total>
				<timestamp>203.765470</timestamp>
			</report>
			<report>
				<misses>1700001</misses>
				<total>1004334</total>
				<timestamp>203.885398</timestamp>
			</report>
			<report>
				<misses>1701001</misses>
				<total>1005333</total>
				<timestamp>204.005402</timestamp>
			</report>
			<report>
				<misses>1702001</misses>
				<total>1006332</total>
				<timestamp>204.125444</timestamp>
			</report>
			<report>
				<misses>1703001</misses>
				<total>1007331</total>
				<timestamp>204.245348</timestamp>
			</report>
			<report>
				<misses>1704001</misses>
				<total>1008330</total>
				<timestamp>204.365321</timestamp>
			</report>
			<report>
				<misses>1705001</misses>
				<total>1009329</total>
				<timestamp>204.485315</timestamp>
			</report>
			<report>
				<misses>1706001</misses>
				<total>1010328</total>
				<timestamp>204.605250</timestamp>
			</report>
			<report>
				<misses>1707001</misses>
				<total>1011327</total>
				<timestamp>204.725095</timestamp>
			</report>
			<report>
				<misses>1708001</misses>
				<total>1012326</total>
				<timestamp>204.845066</timestamp>
			</report>
			<report>
				<misses>1709001</misses>
				<total>1013325</total>
				<timestamp>204.964994</timestamp>
			</report>
			<report>
				<misses>1710001</misses>
				<total>1014324</total>
				<timestamp>205.084869</timestamp>
			</report>
			<report>
				<misses>1711001</misses>
				<total>1015323</total>
				<timestamp>205.204733</timestamp>
			</report>
			<report>
				<misses>1712001</misses>
				<total>1016322</total>
				<timestamp>205.324623</timestamp>
			</report>
			<report>
				<misses>1713001</misses>
				<total>1017321</total>
				<timestamp>205.444506</timestamp>
			</report>
			<report>
				<misses>1714001</misses>
				<total>1018320</total>
				<timestamp>205.564464</timestamp>
			</report>
			<report>
				<misses>1715001</misses>
				<total>1019319</total>
				<timestamp>205.684467</timestamp>
			</report>
			<report>
				<misses>1716001</misses>
				<total>1020318</total>
				<timestamp>205.804454</timestamp>
			</report>
			<report>
				<misses>1717001</misses>
				<total>1021317</total>
				<timestamp>205.924401</timestamp>
			</report>
			<report>
				<misses>1718001</misses>
				<total>1022316</total>
				<timestamp>206.044310</timestamp>
			</report>
			<report>
				<misses>1719001</misses>
				<total>1023315</total>
				<timestamp>206.164254</timestamp>
			</report>
			<report>
				<misses>1720001</misses>
				<total>1024314</total>
				<timestamp>206.284133</timestamp>
			</report>
			<report>
				<misses>1721001</misses>
				<total>1025313</total>
				<timestamp>206.404017</timestamp>
			</report>
			<report>
				<misses>1722001</misses>
				<total>1026312</total>
				<timestamp>206.523931</timestamp>
			</report>
			<report>
				<misses>1723001</misses>
				<total>1027311</total>
				<timestamp>206.643836</timestamp>
			</report>
			<report>
				<misses>1724001</misses>
				<total>1028310</total>
				<timestamp>206.763864</timestamp>
			</report>
			<report>
				<misses>1725001</misses>
				<total>1029309</total>
				<timestamp>206.883802</timestamp>
			</report>
			<report>
				<misses>1726001</misses>
				<total>1030308</total>
				<timestamp>207.003655</timestamp>
			</report>
			<report>
				<misses>1727001</misses>
				<total>1031307</total>
				<timestamp>207.123568</timestamp>
			</report>
			<report>
				<misses>1728001</misses>
				<total>1032306</total>
				<timestamp>207.243463</timestamp>
			</report>
			<report>
				<misses>1729001</misses>
				<total>1033305</total>
				<timestamp>207.363404</timestamp>
			</report>
			<report>
				<misses>1730001</misses>
				<total>1034304</total>
				<timestamp>207.483316</timestamp>
			</report>
			<report>
				<misses>1731001</misses>
				<total>1035303</total>
				<timestamp>207.603376</timestamp>
			</report>
			<report>
				<misses>1732001</misses>
				<total>1036302</total>
				<timestamp>207.723380</timestamp>
			</report>
			<report>
				<misses>1733001</misses>
				<total>1037301</total>
				<timestamp>207.843394</timestamp>
			</report>
			<report>
				<misses>1734001</misses>
				<total>1038300</total>
				<timestamp>207.963377</timestamp>
			</report>
			<report>
				<misses>1735001</misses>
				<total>1039299</total>
				<timestamp>208.083336</timestamp>
			</report>
			<report>
				<misses>1736001</misses>
				<total>1040298</total>
				<timestamp>208.203258</timestamp>
			</report>
			<report>
				<misses>1737001</misses>
				<total>1041297</total>
				<timestamp>208.323233</timestamp>
			</report>
			<report>
				<misses>1738001</misses>
				<total>1042296</total>
				<timestamp>208.443257</timestamp>
			</report>
			<report>
				<misses>1739001</misses>
				<total>1043295</total>
				<timestamp>208.563241</timestamp>
			</report>
			<report>
				<misses>1740001</misses>
				<total>1044294</total>
				<timestamp>208.683295</timestamp>
			</report>
			<report>
				<misses>1741001</misses>
				<total>1045293</total>
				<timestamp>208.803266</timestamp>
			</report>
			<report>
				<misses>1742001</misses>
				<total>1046292</total>
				<timestamp>208.923256</timestamp>
			</report>
			<report>
				<misses>1743001</misses>
				<total>1047291</total>
				<timestamp>209.043283</timestamp>
			</report>
			<report>
				<misses>1744001</misses>
				<total>1048290</total>
				<timestamp>209.163261</timestamp>
			</report>
			<report>
				<misses>1745001</misses>
				<total>1049289</total>
				<timestamp>209.283303</timestamp>
			</report>
			<report>
				<misses>1746001</misses>
				<total>1050288</total>
				<timestamp>209.403296</timestamp>
			</report>
			<report>
				<misses>1747001</misses>
				<total>1051287</total>
				<timestamp>209.523246</timestamp>
			</report>
			<report>
				<misses>1748001</misses>
				<total>1052286</total>
				<timestamp>209.643232</timestamp>
			</report>
			<report>
				<misses>1749001</misses>
				<total>1053285</total>
				<timestamp>209.763137</timestamp>
			</report>
			<report>
				<misses>1750001</misses>
				<total>1054284</total>
				<timestamp>209.883087</timestamp>
			</report>
			<report>
				<misses>1751001</misses>
				<total>1055283</total>
				<timestamp>210.002971</timestamp>
			</report>
			<report>
				<misses>1752001</misses>
				<total>1056282</total>
				<timestamp>210.122854</timestamp>
			</report>
			<report>
				<misses>1753001</misses>
				<total>1057281</total>
				<timestamp>210.242691</timestamp>
			</report>
			<report>
				<misses>1754001</misses>
				<total>1058280</total>
				<timestamp>210.362558</timestamp>
			</report>
			<report>
				<misses>1755001</misses>
				<total>1059279</total>
				<timestamp>210.482500</timestamp>
			</report>
			<report>
				<misses>1756001</misses>
				<total>1060278</total>
				<timestamp>210.602376</timestamp>
			</report>
			<report>
				<misses>1757001</misses>
				<total>1061277</total>
				<timestamp>210.722298</timestamp>
			</report>
			<report>
				<misses>1758001</misses>
				<total>1062276</total>
				<timestamp>210.842282</timestamp>
			</report>
			<report>
				<misses>1759001</misses>
				<total>1063275</total>
				<timestamp>210.962328</timestamp>
			</report>
			<report>
				<misses>1760001</misses>
				<total>1064274</total>
				<timestamp>211.082293</timestamp>
			</report>
			<report>
				<misses>1761001</misses>
				<total>1065273</total>
				<timestamp>211.202337</timestamp>
			</report>
			<report>
				<misses>1762001</misses>
				<total>1066272</total>
				<timestamp>211.322286</timestamp>
			</report>
			<report>
				<misses>1763001</misses>
				<total>1067271</total>
				<timestamp>211.442275</timestamp>
			</report>
			<report>
				<misses>1764001</misses>
				<total>1068270</total>
				<timestamp>211.562311</timestamp>
			</report>
			<report>
				<misses>1765001</misses>
				<total>1069269</total>
				<timestamp>211.682230</timestamp>
			</report>
			<report>
				<misses>1766001</misses>
				<total>1070268</total>
				<timestamp>211.802105</timestamp>
			</report>
			<report>
				<misses>1767001</misses>
				<total>1071267</total>
				<timestamp>211.922058</timestamp>
			</report>
			<report>
				<misses>1768001</misses>
				<total>1072266</total>
				<timestamp>212.042000</timestamp>
			</report>
			<report>
				<misses>1769001</misses>
				<total>1073265</total>
				<timestamp>212.161923</timestamp>
			</report>
			<report>
				<misses>1770001</misses>
				<total>1074264</total>
				<timestamp>212.281858</timestamp>
			</report>
			<report>
				<misses>1771001</misses>
				<total>1075263</total>
				<timestamp>212.401813</timestamp>
			</report>
			<report>
				<misses>1772001</misses>
				<total>1076262</total>
				<timestamp>212.521823</timestamp>
			</report>
			<report>
				<misses>1773001</misses>
				<total>1077261</total>
				<timestamp>212.641729</timestamp>
			</report>
			<report>
				<misses>1774001</misses>
				<total>1078260</total>
				<timestamp>212.761611</timestamp>
			</report>
			<report>
				<misses>1775001</misses>
				<total>1079259</total>
				<timestamp>212.881503</timestamp>
			</report>
			<report>
				<misses>1776001</misses>
				<total>1080258</total>
				<timestamp>213.001430</timestamp>
			</report>
			<report>
				<misses>1777001</misses>
				<total>1081257</total>
				<timestamp>213.121346</timestamp>
			</report>
			<report>
				<misses>1778001</misses>
				<total>1082256</total>
				<timestamp>213.241339</timestamp>
			</report>
			<report>
				<misses>1779001</misses>
				<total>1083255</total>
				<timestamp>213.361273</timestamp>
			</report>
			<report>
				<misses>1780001</misses>
				<total>1084254</total>
				<timestamp>213.481196</timestamp>
			</report>
			<report>
				<misses>1781001</misses>
				<total>1085253</total>
				<timestamp>213.601194</timestamp>
			</report>
			<report>
				<misses>1782001</misses>
				<total>1086252</total>
				<timestamp>213.721204</timestamp>
			</report>
			<report>
				<misses>1783001</misses>
				<total>1087251</total>
				<timestamp>213.841206</timestamp>
			</report>
			<report>
				<misses>1784001</misses>
				<total>1088250</total>
				<timestamp>213.961232</timestamp>
			</report>
			<report>
				<misses>1785001</misses>
				<total>1089249</total>
				<timestamp>214.081229</timestamp>
			</report>
			<report>
				<misses>1786001</misses>
				<total>1090248</total>
				<timestamp>214.201222</timestamp>
			</report>
			<report>
				<misses>1787001</misses>
				<total>1091247</total>
				<timestamp>214.321202</timestamp>
			</report>
			<report>
				<misses>1788001</misses>
				<total>1092246</total>
				<timestamp>214.441220</timestamp>
			</report>
			<report>
				<misses>1789001</misses>
				<total>1093245</total>
				<timestamp>214.561212</timestamp>
			</report>
			<report>
				<misses>1790001</misses>
				<total>1094244</total>
				<timestamp>214.681218</timestamp>
			</report>
			<report>
				<misses>1791001</misses>
				<total>1095243</total>
				<timestamp>214.801251</timestamp>
			</report>
			<report>
				<misses>1792001</misses>
				<total>1096242</total>
				<timestamp>214.921179</timestamp>
			</report>
			<report>
				<misses>1793001</misses>
				<total>1097241</total>
				<timestamp>215.041105</timestamp>
			</report>
			<report>
				<misses>1794001</misses>
				<total>1098240</total>
				<timestamp>215.161066</timestamp>
			</report>
			<report>
				<misses>1795001</misses>
				<total>1099239</total>
				<timestamp>215.280952</timestamp>
			</report>
			<report>
				<misses>1796001</misses>
				<total>1100238</total>
				<timestamp>215.400834</timestamp>
			</report>
			<report>
				<misses>1797001</misses>
				<total>1101237</total>
				<timestamp>215.520659</timestamp>
			</report>
			<report>
				<misses>1798001</misses>
				<total>1102236</total>
				<timestamp>215.640536</timestamp>
			</report>
			<report>
				<misses>1799001</misses>
				<total>1103235</total>
				<timestamp>215.760425</timestamp>
			</report>
			<report>
				<misses>1800001</misses>
				<total>1104234</total>
				<timestamp>215.880347</timestamp>
			</report>
			<report>
				<misses>1801001</misses>
				<total>1105233</total>
				<timestamp>216.000200</timestamp>
			</report>
			<report>
				<misses>1802001</misses>
				<total>1106232</total>
				<timestamp>216.120082</timestamp>
			</report>
			<report>
				<misses>1803001</misses>
				<total>1107231</total>
				<timestamp>216.239934</timestamp>
			</report>
			<report>
				<misses>1804001</misses>
				<total>1108230</total>
				<timestamp>216.359846</timestamp>
			</report>
			<report>
				<misses>1805001</misses>
				<total>1109229</total>
				<timestamp>216.479685</timestamp>
			</report>
			<report>
				<misses>1806001</misses>
				<total>1110228</total>
				<timestamp>216.599572</timestamp>
			</report>
			<report>
				<misses>1807001</misses>
				<total>1111227</total>
				<timestamp>216.719466</timestamp>
			</report>
			<report>
				<misses>1808001</misses>
				<total>1112226</total>
				<timestamp>216.839357</timestamp>
			</report>
			<report>
				<misses>1809001</misses>
				<total>1113225</total>
				<timestamp>216.959227</timestamp>
			</report>
			<report>
				<misses>1810001</misses>
				<total>1114224</total>
				<timestamp>217.079185</timestamp>
			</report>
			<report>
				<misses>1811001</misses>
				<total>1115223</total>
				<timestamp>217.199197</timestamp>
			</report>
			<report>
				<misses>1812001</misses>
				<total>1116222</total>
				<timestamp>217.319168</timestamp>
			</report>
			<report>
				<misses>1813001</misses>
				<total>1117221</total>
				<timestamp>217.439190</timestamp>
			</report>
			<report>
				<misses>1814001</misses>
				<total>1118220</total>
				<timestamp>217.559172</timestamp>
			</report>
			<report>
				<misses>1815001</misses>
				<total>1119219</total>
				<timestamp>217.679179</timestamp>
			</report>
			<report>
				<misses>1816001</misses>
				<total>1120218</total>
				<timestamp>217.799193</timestamp>
			</report>
			<report>
				<misses>1817001</misses>
				<total>1121217</total>
				<timestamp>217.919235</timestamp>
			</report>
			<report>
				<misses>1818001</misses>
				<total>1122216</total>
				<timestamp>218.039187</timestamp>
			</report>
			<report>
				<misses>1819001</misses>
				<total>1123215</total>
				<timestamp>218.159162</timestamp>
			</report>
			<report>
				<misses>1820001</misses>
				<total>1124214</total>
				<timestamp>218.279125</timestamp>
			</report>
			<report>
				<misses>1821001</misses>
				<total>1125213</total>
				<timestamp>218.398978</timestamp>
			</report>
			<report>
				<misses>1822001</misses>
				<total>1126212</total>
				<timestamp>218.518862</timestamp>
			</report>
			<report>
				<misses>1823001</misses>
				<total>1127211</total>
				<timestamp>218.638870</timestamp>
			</report>
			<report>
				<misses>1824001</misses>
				<total>1128210</total>
				<timestamp>218.758731</timestamp>
			</report>
			<report>
				<misses>1825001</misses>
				<total>1129209</total>
				<timestamp>218.878674</timestamp>
			</report>
			<report>
				<misses>1826001</misses>
				<total>1130208</total>
				<timestamp>218.998522</timestamp>
			</report>
			<report>
				<misses>1827001</misses>
				<total>1131207</total>
				<timestamp>219.118437</timestamp>
			</report>
			<report>
				<misses>1828001</misses>
				<total>1132206</total>
				<timestamp>219.238426</timestamp>
			</report>
			<report>
				<misses>1829001</misses>
				<total>1133205</total>
				<timestamp>219.358325</timestamp>
			</report>
			<report>
				<misses>1830001</misses>
				<total>1134204</total>
				<timestamp>219.478259</timestamp>
			</report>
			<report>
				<misses>1831001</misses>
				<total>1135203</total>
				<timestamp>219.598197</timestamp>
			</report>
			<report>
				<misses>1832001</misses>
				<total>1136202</total>
				<timestamp>219.718222</timestamp>
			</report>
			<report>
				<misses>1833001</misses>
				<total>1137201</total>
				<timestamp>219.838224</timestamp>
			</report>
			<report>
				<misses>1834001</misses>
				<total>1138200</total>
				<timestamp>219.958258</timestamp>
			</report>
			<report>
				<misses>1835001</misses>
				<total>1139199</total>
				<timestamp>220.078169</timestamp>
			</report>
			<report>
				<misses>1836001</misses>
				<total>1140198</total>
				<timestamp>220.198131</timestamp>
			</report>
			<report>
				<misses>1837001</misses>
				<total>1141197</total>
				<timestamp>220.318062</timestamp>
			</report>
			<report>
				<misses>1838001</misses>
				<total>1142196</total>
				<timestamp>220.437914</timestamp>
			</report>
			<report>
				<misses>1839001</misses>
				<total>1143195</total>
				<timestamp>220.557816</timestamp>
			</report>
			<report>
				<misses>1840001</misses>
				<total>1144194</total>
				<timestamp>220.677652</timestamp>
			</report>
			<report>
				<misses>1841001</misses>
				<total>1145193</total>
				<timestamp>220.797546</timestamp>
			</report>
			<report>
				<misses>1842001</misses>
				<total>1146192</total>
				<timestamp>220.917487</timestamp>
			</report>
			<report>
				<misses>1843001</misses>
				<total>1147191</total>
				<timestamp>221.037432</timestamp>
			</report>
			<report>
				<misses>1844001</misses>
				<total>1148190</total>
				<timestamp>221.157359</timestamp>
			</report>
			<report>
				<misses>1845001</misses>
				<total>1149189</total>
				<timestamp>221.277323</timestamp>
			</report>
			<report>
				<misses>1846001</misses>
				<total>1150188</total>
				<timestamp>221.397226</timestamp>
			</report>
			<report>
				<misses>1847001</misses>
				<total>1151187</total>
				<timestamp>221.517059</timestamp>
			</report>
			<report>
				<misses>1848001</misses>
				<total>1152186</total>
				<timestamp>221.636940</timestamp>
			</report>
			<report>
				<misses>1849001</misses>
				<total>1153185</total>
				<timestamp>221.756844</timestamp>
			</report>
			<report>
				<misses>1850001</misses>
				<total>1154184</total>
				<timestamp>221.876685</timestamp>
			</report>
			<report>
				<misses>1851001</misses>
				<total>1155183</total>
				<timestamp>221.996575</timestamp>
			</report>
			<report>
				<misses>1852001</misses>
				<total>1156182</total>
				<timestamp>222.116466</timestamp>
			</report>
			<report>
				<misses>1853001</misses>
				<total>1157181</total>
				<timestamp>222.236364</timestamp>
			</report>
			<report>
				<misses>1854001</misses>
				<total>1158180</total>
				<timestamp>222.356236</timestamp>
			</report>
			<report>
				<misses>1855001</misses>
				<total>1159179</total>
				<timestamp>222.476262</timestamp>
			</report>
			<report>
				<misses>1856001</misses>
				<total>1160178</total>
				<timestamp>222.596249</timestamp>
			</report>
			<report>
				<misses>1857001</misses>
				<total>1161177</total>
				<timestamp>222.716160</timestamp>
			</report>
			<report>
				<misses>1858001</misses>
				<total>1162176</total>
				<timestamp>222.836165</timestamp>
			</report>
			<report>
				<misses>1859001</misses>
				<total>1163175</total>
				<timestamp>222.956135</timestamp>
			</report>
			<report>
				<misses>1860001</misses>
				<total>1164174</total>
				<timestamp>223.075977</timestamp>
			</report>
			<report>
				<misses>1861001</misses>
				<total>1165173</total>
				<timestamp>223.195857</timestamp>
			</report>
			<report>
				<misses>1862001</misses>
				<total>1166172</total>
				<timestamp>223.315810</timestamp>
			</report>
			<report>
				<misses>1863001</misses>
				<total>1167171</total>
				<timestamp>223.435823</timestamp>
			</report>
			<report>
				<misses>1864001</misses>
				<total>1168170</total>
				<timestamp>223.555824</timestamp>
			</report>
			<report>
				<misses>1865001</misses>
				<total>1169169</total>
				<timestamp>223.675760</timestamp>
			</report>
			<report>
				<misses>1866001</misses>
				<total>1170168</total>
				<timestamp>223.795616</timestamp>
			</report>
			<report>
				<misses>1867001</misses>
				<total>1171167</total>
				<timestamp>223.915490</timestamp>
			</report>
			<report>
				<misses>1868001</misses>
				<total>1172166</total>
				<timestamp>224.035377</timestamp>
			</report>
			<report>
				<misses>1869001</misses>
				<total>1173165</total>
				<timestamp>224.155305</timestamp>
			</report>
			<report>
				<misses>1870001</misses>
				<total>1174164</total>
				<timestamp>224.275169</timestamp>
			</report>
			<report>
				<misses>1871001</misses>
				<total>1175163</total>
				<timestamp>224.395127</timestamp>
			</report>
			<report>
				<misses>1872001</misses>
				<total>1176162</total>
				<timestamp>224.515062</timestamp>
			</report>
			<report>
				<misses>1873001</misses>
				<total>1177161</total>
				<timestamp>224.634955</timestamp>
			</report>
			<report>
				<misses>1874001</misses>
				<total>1178160</total>
				<timestamp>224.754905</timestamp>
			</report>
			<report>
				<misses>1875001</misses>
				<total>1179159</total>
				<timestamp>224.874808</timestamp>
			</report>
			<report>
				<misses>1876001</misses>
				<total>1180158</total>
				<timestamp>224.994727</timestamp>
			</report>
			<report>
				<misses>1877001</misses>
				<total>1181157</total>
				<timestamp>225.114707</timestamp>
			</report>
			<report>
				<misses>1878001</misses>
				<total>1182156</total>
				<timestamp>225.234567</timestamp>
			</report>
			<report>
				<misses>1879001</misses>
				<total>1183155</total>
				<timestamp>225.354429</timestamp>
			</report>
			<report>
				<misses>1880001</misses>
				<total>1184154</total>
				<timestamp>225.474360</timestamp>
			</report>
			<report>
				<misses>1881001</misses>
				<total>1185153</total>
				<timestamp>225.594333</timestamp>
			</report>
			<report>
				<misses>1882001</misses>
				<total>1186152</total>
				<timestamp>225.714274</timestamp>
			</report>
			<report>
				<misses>1883001</misses>
				<total>1187151</total>
				<timestamp>225.834266</timestamp>
			</report>
			<report>
				<misses>1884001</misses>
				<total>1188150</total>
				<timestamp>225.954257</timestamp>
			</report>
			<report>
				<misses>1885001</misses>
				<total>1189149</total>
				<timestamp>226.074202</timestamp>
			</report>
			<report>
				<misses>1886001</misses>
				<total>1190148</total>
				<timestamp>226.194216</timestamp>
			</report>
			<report>
				<misses>1887001</misses>
				<total>1191147</total>
				<timestamp>226.314121</timestamp>
			</report>
			<report>
				<misses>1888001</misses>
				<total>1192146</total>
				<timestamp>226.434138</timestamp>
			</report>
			<report>
				<misses>1889001</misses>
				<total>1193145</total>
				<timestamp>226.554086</timestamp>
			</report>
			<report>
				<misses>1890001</misses>
				<total>1194144</total>
				<timestamp>226.673993</timestamp>
			</report>
			<report>
				<misses>1891001</misses>
				<total>1195143</total>
				<timestamp>226.793863</timestamp>
			</report>
			<report>
				<misses>1892001</misses>
				<total>1196142</total>
				<timestamp>226.913717</timestamp>
			</report>
			<report>
				<misses>1893001</misses>
				<total>1197141</total>
				<timestamp>227.033575</timestamp>
			</report>
			<report>
				<misses>1894001</misses>
				<total>1197924</total>
				<timestamp>227.153481</timestamp>
			</report>
			<report>
				<misses>1895001</misses>
				<total>1197924</total>
				<timestamp>227.273338</timestamp>
			</report>
			<report>
				<misses>1896001</misses>
				<total>1197924</total>
				<timestamp>227.393289</timestamp>
			</report>
			<report>
				<misses>1897001</misses>
				<total>1197924</total>
				<timestamp>227.513368</timestamp>
			</report>
			<report>
				<misses>1898001</misses>
				<total>1198835</total>
				<timestamp>227.633250</timestamp>
			</report>
			<report>
				<misses>1899001</misses>
				<total>1198888</total>
				<timestamp>227.753169</timestamp>
			</report>
			<report>
				<misses>1900001</misses>
				<total>1198888</total>
				<timestamp>227.873140</timestamp>
			</report>
			<report>
				<misses>1901001</misses>
				<total>1198888</total>
				<timestamp>227.992998</timestamp>
			</report>
			<report>
				<misses>1902001</misses>
				<total>1198887</total>
				<timestamp>228.113002</timestamp>
			</report>
			<report>
				<misses>1903001</misses>
				<total>1198888</total>
				<timestamp>228.232884</timestamp>
			</report>
			<report>
				<misses>1904001</misses>
				<total>1198888</total>
				<timestamp>228.352732</timestamp>
			</report>
			<report>
				<misses>1905001</misses>
				<total>1198888</total>
				<timestamp>228.472594</timestamp>
			</report>
			<report>
				<misses>1906001</misses>
				<total>1198888</total>
				<timestamp>228.592485</timestamp>
			</report>
			<report>
				<misses>1907001</misses>
				<total>1198889</total>
				<timestamp>228.712374</timestamp>
			</report>
			<report>
				<misses>1908001</misses>
				<total>1198889</total>
				<timestamp>228.832372</timestamp>
			</report>
			<report>
				<misses>1909001</misses>
				<total>1199609</total>
				<timestamp>228.952274</timestamp>
			</report>
			<report>
				<misses>1910001</misses>
				<total>1200608</total>
				<timestamp>229.072216</timestamp>
			</report>
			<report>
				<misses>1911001</misses>
				<total>1201607</total>
				<timestamp>229.192203</timestamp>
			</report>
			<report>
				<misses>1912001</misses>
				<total>1202606</total>
				<timestamp>229.312369</timestamp>
			</report>
			<report>
				<misses>1913001</misses>
				<total>1203605</total>
				<timestamp>229.432259</timestamp>
			</report>
			<report>
				<misses>1914001</misses>
				<total>1204604</total>
				<timestamp>229.552165</timestamp>
			</report>
			<report>
				<misses>1915001</misses>
				<total>1205603</total>
				<timestamp>229.672129</timestamp>
			</report>
			<report>
				<misses>1916001</misses>
				<total>1206115</total>
				<timestamp>229.792082</timestamp>
			</report>
			<report>
				<misses>1917001</misses>
				<total>1207114</total>
				<timestamp>229.912029</timestamp>
			</report>
			<report>
				<misses>1918001</misses>
				<total>1208113</total>
				<timestamp>230.031995</timestamp>
			</report>
			<report>
				<misses>1919001</misses>
				<total>1209112</total>
				<timestamp>230.151988</timestamp>
			</report>
			<report>
				<misses>1920001</misses>
				<total>1210111</total>
				<timestamp>230.271948</timestamp>
			</report>
			<report>
				<misses>1921001</misses>
				<total>1211110</total>
				<timestamp>230.391861</timestamp>
			</report>
			<report>
				<misses>1922001</misses>
				<total>1212109</total>
				<timestamp>230.511877</timestamp>
			</report>
			<report>
				<misses>1923001</misses>
				<total>1213108</total>
				<timestamp>230.631849</timestamp>
			</report>
			<report>
				<misses>1924001</misses>
				<total>1213771</total>
				<timestamp>230.751797</timestamp>
			</report>
			<report>
				<misses>1925001</misses>
				<total>1213771</total>
				<timestamp>230.871652</timestamp>
			</report>
			<report>
				<misses>1926001</misses>
				<total>1214491</total>
				<timestamp>230.991576</timestamp>
			</report>
			<report>
				<misses>1927001</misses>
				<total>1215490</total>
				<timestamp>231.111427</timestamp>
			</report>
			<report>
				<misses>1928001</misses>
				<total>1216489</total>
				<timestamp>231.231373</timestamp>
			</report>
			<report>
				<misses>1929001</misses>
				<total>1217488</total>
				<timestamp>231.351373</timestamp>
			</report>
			<report>
				<misses>1930001</misses>
				<total>1218487</total>
				<timestamp>231.471348</timestamp>
			</report>
			<report>
				<misses>1931001</misses>
				<total>1219486</total>
				<timestamp>231.591282</timestamp>
			</report>
			<report>
				<misses>1932001</misses>
				<total>1220485</total>
				<timestamp>231.711274</timestamp>
			</report>
			<report>
				<misses>1933001</misses>
				<total>1220687</total>
				<timestamp>231.831252</timestamp>
			</report>
			<report>
				<misses>1934001</misses>
				<total>1220689</total>
				<timestamp>231.951287</timestamp>
			</report>
			<report>
				<misses>1935001</misses>
				<total>1220689</total>
				<timestamp>232.071227</timestamp>
			</report>
			<report>
				<misses>1936001</misses>
				<total>1220689</total>
				<timestamp>232.191095</timestamp>
			</report>
			<report>
				<misses>1937001</misses>
				<total>1220689</total>
				<timestamp>232.310973</timestamp>
			</report>
			<report>
				<misses>1938001</misses>
				<total>1220689</total>
				<timestamp>232.430872</timestamp>
			</report>
			<report>
				<misses>1939001</misses>
				<total>1220690</total>
				<timestamp>232.550715</timestamp>
			</report>
			<report>
				<misses>1940001</misses>
				<total>1220690</total>
				<timestamp>232.670552</timestamp>
			</report>
			<report>
				<misses>1941001</misses>
				<total>1220690</total>
				<timestamp>232.790451</timestamp>
			</report>
			<report>
				<misses>1942001</misses>
				<total>1220690</total>
				<timestamp>232.910356</timestamp>
			</report>
			<report>
				<misses>1943001</misses>
				<total>1220690</total>
				<timestamp>233.030296</timestamp>
			</report>
			<report>
				<misses>1944001</misses>
				<total>1220690</total>
				<timestamp>233.150286</timestamp>
			</report>
			<report>
				<misses>1945001</misses>
				<total>1220690</total>
				<timestamp>233.270231</timestamp>
			</report>
			<report>
				<misses>1946001</misses>
				<total>1220690</total>
				<timestamp>233.390163</timestamp>
			</report>
			<report>
				<misses>1947001</misses>
				<total>1220690</total>
				<timestamp>233.510162</timestamp>
			</report>
			<report>
				<misses>1948001</misses>
				<total>1220690</total>
				<timestamp>233.630148</timestamp>
			</report>
			<report>
				<misses>1949001</misses>
				<total>1220690</total>
				<timestamp>233.750094</timestamp>
			</report>
			<report>
				<misses>1950001</misses>
				<total>1220690</total>
				<timestamp>233.870066</timestamp>
			</report>
			<report>
				<misses>1951001</misses>
				<total>1220690</total>
				<timestamp>233.990007</timestamp>
			</report>
			<report>
				<misses>1952001</misses>
				<total>1220690</total>
				<timestamp>234.109880</timestamp>
			</report>
			<report>
				<misses>1953001</misses>
				<total>1220690</total>
				<timestamp>234.229838</timestamp>
			</report>
			<report>
				<misses>1954001</misses>
				<total>1220690</total>
				<timestamp>234.349747</timestamp>
			</report>
			<report>
				<misses>1955001</misses>
				<total>1220690</total>
				<timestamp>234.469606</timestamp>
			</report>
			<report>
				<misses>1956001</misses>
				<total>1220695</total>
				<timestamp>234.589512</timestamp>
			</report>
			<report>
				<misses>1957001</misses>
				<total>1220695</total>
				<timestamp>234.709366</timestamp>
			</report>
			<report>
				<misses>1958001</misses>
				<total>1220695</total>
				<timestamp>234.829244</timestamp>
			</report>
			<report>
				<misses>1959001</misses>
				<total>1220695</total>
				<timestamp>234.949190</timestamp>
			</report>
			<report>
				<misses>1960001</misses>
				<total>1220696</total>
				<timestamp>235.069067</timestamp>
			</report>
			<report>
				<misses>1961001</misses>
				<total>1220696</total>
				<timestamp>235.188915</timestamp>
			</report>
			<report>
				<misses>1962001</misses>
				<total>1220696</total>
				<timestamp>235.308808</timestamp>
			</report>
			<report>
				<misses>1963001</misses>
				<total>1220696</total>
				<timestamp>235.428641</timestamp>
			</report>
			<report>
				<misses>1964001</misses>
				<total>1220696</total>
				<timestamp>235.548524</timestamp>
			</report>
			<report>
				<misses>1965001</misses>
				<total>1220696</total>
				<timestamp>235.668392</timestamp>
			</report>
			<report>
				<misses>1966001</misses>
				<total>1220696</total>
				<timestamp>235.788300</timestamp>
			</report>
			<report>
				<misses>1967001</misses>
				<total>1220696</total>
				<timestamp>235.908247</timestamp>
			</report>
			<report>
				<misses>1968001</misses>
				<total>1220696</total>
				<timestamp>236.028220</timestamp>
			</report>
			<report>
				<misses>1969001</misses>
				<total>1220696</total>
				<timestamp>236.148135</timestamp>
			</report>
			<report>
				<misses>1970001</misses>
				<total>1220698</total>
				<timestamp>236.268085</timestamp>
			</report>
			<report>
				<misses>1971001</misses>
				<total>1220698</total>
				<timestamp>236.387968</timestamp>
			</report>
			<report>
				<misses>1972001</misses>
				<total>1220698</total>
				<timestamp>236.507823</timestamp>
			</report>
			<report>
				<misses>1973001</misses>
				<total>1220698</total>
				<timestamp>236.627684</timestamp>
			</report>
			<report>
				<misses>1974001</misses>
				<total>1220698</total>
				<timestamp>236.747555</timestamp>
			</report>
			<report>
				<misses>1975001</misses>
				<total>1220699</total>
				<timestamp>236.867469</timestamp>
			</report>
			<report>
				<misses>1976001</misses>
				<total>1220714</total>
				<timestamp>236.987346</timestamp>
			</report>
			<report>
				<misses>1977001</misses>
				<total>1221662</total>
				<timestamp>237.107265</timestamp>
			</report>
			<report>
				<misses>1978001</misses>
				<total>1222661</total>
				<timestamp>237.227171</timestamp>
			</report>
			<report>
				<misses>1979001</misses>
				<total>1223660</total>
				<timestamp>237.347120</timestamp>
			</report>
			<report>
				<misses>1980001</misses>
				<total>1224659</total>
				<timestamp>237.467056</timestamp>
			</report>
			<report>
				<misses>1981001</misses>
				<total>1225658</total>
				<timestamp>237.587052</timestamp>
			</report>
			<report>
				<misses>1982001</misses>
				<total>1226657</total>
				<timestamp>237.706989</timestamp>
			</report>
			<report>
				<misses>1983001</misses>
				<total>1227656</total>
				<timestamp>237.826873</timestamp>
			</report>
			<report>
				<misses>1984001</misses>
				<total>1228655</total>
				<timestamp>237.946727</timestamp>
			</report>
			<report>
				<misses>1985001</misses>
				<total>1229654</total>
				<timestamp>238.066605</timestamp>
			</report>
			<report>
				<misses>1986001</misses>
				<total>1230653</total>
				<timestamp>238.186523</timestamp>
			</report>
			<report>
				<misses>1987001</misses>
				<total>1231652</total>
				<timestamp>238.306368</timestamp>
			</report>
			<report>
				<misses>1988001</misses>
				<total>1232651</total>
				<timestamp>238.426304</timestamp>
			</report>
			<report>
				<misses>1989001</misses>
				<total>1233650</total>
				<timestamp>238.546199</timestamp>
			</report>
			<report>
				<misses>1990001</misses>
				<total>1234649</total>
				<timestamp>238.666229</timestamp>
			</report>
			<report>
				<misses>1991001</misses>
				<total>1235648</total>
				<timestamp>238.786195</timestamp>
			</report>
			<report>
				<misses>1992001</misses>
				<total>1236647</total>
				<timestamp>238.906201</timestamp>
			</report>
			<report>
				<misses>1993001</misses>
				<total>1237646</total>
				<timestamp>239.026237</timestamp>
			</report>
			<report>
				<misses>1994001</misses>
				<total>1238645</total>
				<timestamp>239.146181</timestamp>
			</report>
			<report>
				<misses>1995001</misses>
				<total>1239644</total>
				<timestamp>239.266048</timestamp>
			</report>
			<report>
				<misses>1996001</misses>
				<total>1240643</total>
				<timestamp>239.386006</timestamp>
			</report>
			<report>
				<misses>1997001</misses>
				<total>1241642</total>
				<timestamp>239.506016</timestamp>
			</report>
			<report>
				<misses>1998001</misses>
				<total>1242641</total>
				<timestamp>239.625900</timestamp>
			</report>
			<report>
				<misses>1999001</misses>
				<total>1243640</total>
				<timestamp>239.745862</timestamp>
			</report>
			<report>
				<misses>2000001</misses>
				<total>1244639</total>
				<timestamp>239.865879</timestamp>
			</report>
			<report>
				<misses>2001001</misses>
				<total>1245638</total>
				<timestamp>239.985845</timestamp>
			</report>
			<report>
				<misses>2002001</misses>
				<total>1246637</total>
				<timestamp>240.105821</timestamp>
			</report>
			<report>
				<misses>2003001</misses>
				<total>1247636</total>
				<timestamp>240.225643</timestamp>
			</report>
			<report>
				<misses>2004001</misses>
				<total>1248635</total>
				<timestamp>240.345522</timestamp>
			</report>
			<report>
				<misses>2005001</misses>
				<total>1249634</total>
				<timestamp>240.465414</timestamp>
			</report>
			<report>
				<misses>2006001</misses>
				<total>1250633</total>
				<timestamp>240.585310</timestamp>
			</report>
			<report>
				<misses>2007001</misses>
				<total>1251632</total>
				<timestamp>240.705229</timestamp>
			</report>
			<report>
				<misses>2008001</misses>
				<total>1252631</total>
				<timestamp>240.825094</timestamp>
			</report>
			<report>
				<misses>2009001</misses>
				<total>1253630</total>
				<timestamp>240.945021</timestamp>
			</report>
			<report>
				<misses>2010001</misses>
				<total>1254629</total>
				<timestamp>241.064947</timestamp>
			</report>
			<report>
				<misses>2011001</misses>
				<total>1255628</total>
				<timestamp>241.184836</timestamp>
			</report>
			<report>
				<misses>2012001</misses>
				<total>1256627</total>
				<timestamp>241.304893</timestamp>
			</report>
			<report>
				<misses>2013001</misses>
				<total>1257626</total>
				<timestamp>241.424805</timestamp>
			</report>
			<report>
				<misses>2014001</misses>
				<total>1258625</total>
				<timestamp>241.544677</timestamp>
			</report>
			<report>
				<misses>2015001</misses>
				<total>1259624</total>
				<timestamp>241.664563</timestamp>
			</report>
			<report>
				<misses>2016001</misses>
				<total>1260623</total>
				<timestamp>241.784439</timestamp>
			</report>
			<report>
				<misses>2017001</misses>
				<total>1261622</total>
				<timestamp>241.904328</timestamp>
			</report>
			<report>
				<misses>2018001</misses>
				<total>1262621</total>
				<timestamp>242.024217</timestamp>
			</report>
			<report>
				<misses>2019001</misses>
				<total>1263620</total>
				<timestamp>242.144216</timestamp>
			</report>
			<report>
				<misses>2020001</misses>
				<total>1264619</total>
				<timestamp>242.264210</timestamp>
			</report>
			<report>
				<misses>2021001</misses>
				<total>1265618</total>
				<timestamp>242.384179</timestamp>
			</report>
			<report>
				<misses>2022001</misses>
				<total>1266617</total>
				<timestamp>242.504154</timestamp>
			</report>
			<report>
				<misses>2023001</misses>
				<total>1267616</total>
				<timestamp>242.624238</timestamp>
			</report>
			<report>
				<misses>2024001</misses>
				<total>1268615</total>
				<timestamp>242.744109</timestamp>
			</report>
			<report>
				<misses>2025001</misses>
				<total>1269614</total>
				<timestamp>242.864023</timestamp>
			</report>
			<report>
				<misses>2026001</misses>
				<total>1270613</total>
				<timestamp>242.983878</timestamp>
			</report>
			<report>
				<misses>2027001</misses>
				<total>1271612</total>
				<timestamp>243.103878</timestamp>
			</report>
			<report>
				<misses>2028001</misses>
				<total>1272611</total>
				<timestamp>243.223837</timestamp>
			</report>
			<report>
				<misses>2029001</misses>
				<total>1273610</total>
				<timestamp>243.343724</timestamp>
			</report>
			<report>
				<misses>2030001</misses>
				<total>1274609</total>
				<timestamp>243.463615</timestamp>
			</report>
			<report>
				<misses>2031001</misses>
				<total>1275608</total>
				<timestamp>243.583598</timestamp>
			</report>
			<report>
				<misses>2032001</misses>
				<total>1276607</total>
				<timestamp>243.703482</timestamp>
			</report>
			<report>
				<misses>2033001</misses>
				<total>1277606</total>
				<timestamp>243.823372</timestamp>
			</report>
			<report>
				<misses>2034001</misses>
				<total>1278605</total>
				<timestamp>243.943262</timestamp>
			</report>
			<report>
				<misses>2035001</misses>
				<total>1279604</total>
				<timestamp>244.063230</timestamp>
			</report>
			<report>
				<misses>2036001</misses>
				<total>1280603</total>
				<timestamp>244.183252</timestamp>
			</report>
			<report>
				<misses>2037001</misses>
				<total>1281602</total>
				<timestamp>244.303190</timestamp>
			</report>
			<report>
				<misses>2038001</misses>
				<total>1282601</total>
				<timestamp>244.423206</timestamp>
			</report>
			<report>
				<misses>2039001</misses>
				<total>1283600</total>
				<timestamp>244.543237</timestamp>
			</report>
			<report>
				<misses>2040001</misses>
				<total>1284599</total>
				<timestamp>244.663253</timestamp>
			</report>
			<report>
				<misses>2041001</misses>
				<total>1285598</total>
				<timestamp>244.783234</timestamp>
			</report>
			<report>
				<misses>2042001</misses>
				<total>1286597</total>
				<timestamp>244.903235</timestamp>
			</report>
			<report>
				<misses>2043001</misses>
				<total>1287596</total>
				<timestamp>245.023251</timestamp>
			</report>
			<report>
				<misses>2044001</misses>
				<total>1288595</total>
				<timestamp>245.143218</timestamp>
			</report>
			<report>
				<misses>2045001</misses>
				<total>1289594</total>
				<timestamp>245.263244</timestamp>
			</report>
			<report>
				<misses>2046001</misses>
				<total>1290593</total>
				<timestamp>245.383157</timestamp>
			</report>
			<report>
				<misses>2047001</misses>
				<total>1291592</total>
				<timestamp>245.503123</timestamp>
			</report>
			<report>
				<misses>2048001</misses>
				<total>1292591</total>
				<timestamp>245.623024</timestamp>
			</report>
			<report>
				<misses>2049001</misses>
				<total>1293590</total>
				<timestamp>245.742956</timestamp>
			</report>
			<report>
				<misses>2050001</misses>
				<total>1294589</total>
				<timestamp>245.862917</timestamp>
			</report>
			<report>
				<misses>2051001</misses>
				<total>1295588</total>
				<timestamp>245.982844</timestamp>
			</report>
			<report>
				<misses>2052001</misses>
				<total>1296587</total>
				<timestamp>246.102840</timestamp>
			</report>
			<report>
				<misses>2053001</misses>
				<total>1297586</total>
				<timestamp>246.222832</timestamp>
			</report>
			<report>
				<misses>2054001</misses>
				<total>1298585</total>
				<timestamp>246.342728</timestamp>
			</report>
			<report>
				<misses>2055001</misses>
				<total>1299584</total>
				<timestamp>246.462691</timestamp>
			</report>
			<report>
				<misses>2056001</misses>
				<total>1300583</total>
				<timestamp>246.582531</timestamp>
			</report>
			<report>
				<misses>2057001</misses>
				<total>1301582</total>
				<timestamp>246.702425</timestamp>
			</report>
			<report>
				<misses>2058001</misses>
				<total>1302581</total>
				<timestamp>246.822291</timestamp>
			</report>
			<report>
				<misses>2059001</misses>
				<total>1303580</total>
				<timestamp>246.942185</timestamp>
			</report>
			<report>
				<misses>2060001</misses>
				<total>1304579</total>
				<timestamp>247.062168</timestamp>
			</report>
			<report>
				<misses>2061001</misses>
				<total>1305578</total>
				<timestamp>247.182149</timestamp>
			</report>
			<report>
				<misses>2062001</misses>
				<total>1306577</total>
				<timestamp>247.302127</timestamp>
			</report>
			<report>
				<misses>2063001</misses>
				<total>1307576</total>
				<timestamp>247.422120</timestamp>
			</report>
			<report>
				<misses>2064001</misses>
				<total>1308575</total>
				<timestamp>247.542173</timestamp>
			</report>
			<report>
				<misses>2065001</misses>
				<total>1309574</total>
				<timestamp>247.662147</timestamp>
			</report>
			<report>
				<misses>2066001</misses>
				<total>1310573</total>
				<timestamp>247.782090</timestamp>
			</report>
			<report>
				<misses>2067001</misses>
				<total>1311572</total>
				<timestamp>247.902016</timestamp>
			</report>
			<report>
				<misses>2068001</misses>
				<total>1312571</total>
				<timestamp>248.022006</timestamp>
			</report>
			<report>
				<misses>2069001</misses>
				<total>1313570</total>
				<timestamp>248.142025</timestamp>
			</report>
			<report>
				<misses>2070001</misses>
				<total>1314569</total>
				<timestamp>248.262008</timestamp>
			</report>
			<report>
				<misses>2071001</misses>
				<total>1315568</total>
				<timestamp>248.381983</timestamp>
			</report>
			<report>
				<misses>2072001</misses>
				<total>1316567</total>
				<timestamp>248.501847</timestamp>
			</report>
			<report>
				<misses>2073001</misses>
				<total>1317566</total>
				<timestamp>248.621721</timestamp>
			</report>
			<report>
				<misses>2074001</misses>
				<total>1318565</total>
				<timestamp>248.741610</timestamp>
			</report>
			<report>
				<misses>2075001</misses>
				<total>1319564</total>
				<timestamp>248.861457</timestamp>
			</report>
			<report>
				<misses>2076001</misses>
				<total>1320563</total>
				<timestamp>248.981331</timestamp>
			</report>
			<report>
				<misses>2077001</misses>
				<total>1321562</total>
				<timestamp>249.101266</timestamp>
			</report>
			<report>
				<misses>2078001</misses>
				<total>1322561</total>
				<timestamp>249.221134</timestamp>
			</report>
			<report>
				<misses>2079001</misses>
				<total>1323560</total>
				<timestamp>249.341046</timestamp>
			</report>
			<report>
				<misses>2080001</misses>
				<total>1324559</total>
				<timestamp>249.461128</timestamp>
			</report>
			<report>
				<misses>2081001</misses>
				<total>1325558</total>
				<timestamp>249.581097</timestamp>
			</report>
			<report>
				<misses>2082001</misses>
				<total>1326557</total>
				<timestamp>249.701051</timestamp>
			</report>
			<report>
				<misses>2083001</misses>
				<total>1327556</total>
				<timestamp>249.821022</timestamp>
			</report>
			<report>
				<misses>2084001</misses>
				<total>1328555</total>
				<timestamp>249.940994</timestamp>
			</report>
			<report>
				<misses>2085001</misses>
				<total>1329554</total>
				<timestamp>250.060883</timestamp>
			</report>
			<report>
				<misses>2086001</misses>
				<total>1330553</total>
				<timestamp>250.180747</timestamp>
			</report>
			<report>
				<misses>2087001</misses>
				<total>1331552</total>
				<timestamp>250.300621</timestamp>
			</report>
			<report>
				<misses>2088001</misses>
				<total>1332551</total>
				<timestamp>250.420504</timestamp>
			</report>
			<report>
				<misses>2089001</misses>
				<total>1333550</total>
				<timestamp>250.540400</timestamp>
			</report>
			<report>
				<misses>2090001</misses>
				<total>1334549</total>
				<timestamp>250.660264</timestamp>
			</report>
			<report>
				<misses>2091001</misses>
				<total>1335548</total>
				<timestamp>250.780197</timestamp>
			</report>
			<report>
				<misses>2092001</misses>
				<total>1336547</total>
				<timestamp>250.900198</timestamp>
			</report>
			<report>
				<misses>2093001</misses>
				<total>1337546</total>
				<timestamp>251.020196</timestamp>
			</report>
			<report>
				<misses>2094001</misses>
				<total>1338545</total>
				<timestamp>251.140139</timestamp>
			</report>
			<report>
				<misses>2095001</misses>
				<total>1339544</total>
				<timestamp>251.260033</timestamp>
			</report>
			<report>
				<misses>2096001</misses>
				<total>1340543</total>
				<timestamp>251.379981</timestamp>
			</report>
			<report>
				<misses>2097001</misses>
				<total>1341542</total>
				<timestamp>251.499970</timestamp>
			</report>
			<report>
				<misses>2098001</misses>
				<total>1342541</total>
				<timestamp>251.619972</timestamp>
			</report>
			<report>
				<misses>2099001</misses>
				<total>1343540</total>
				<timestamp>251.739966</timestamp>
			</report>
			<report>
				<misses>2100001</misses>
				<total>1344539</total>
				<timestamp>251.859993</timestamp>
			</report>
			<report>
				<misses>2101001</misses>
				<total>1345538</total>
				<timestamp>251.980108</timestamp>
			</report>
			<report>
				<misses>2102001</misses>
				<total>1346537</total>
				<timestamp>252.100090</timestamp>
			</report>
			<report>
				<misses>2103001</misses>
				<total>1347536</total>
				<timestamp>252.220145</timestamp>
			</report>
			<report>
				<misses>2104001</misses>
				<total>1348535</total>
				<timestamp>252.340051</timestamp>
			</report>
			<report>
				<misses>2105001</misses>
				<total>1349534</total>
				<timestamp>252.459967</timestamp>
			</report>
			<report>
				<misses>2106001</misses>
				<total>1350533</total>
				<timestamp>252.579953</timestamp>
			</report>
			<report>
				<misses>2107001</misses>
				<total>1351532</total>
				<timestamp>252.699830</timestamp>
			</report>
			<report>
				<misses>2108001</misses>
				<total>1352531</total>
				<timestamp>252.819675</timestamp>
			</report>
			<report>
				<misses>2109001</misses>
				<total>1353530</total>
				<timestamp>252.939532</timestamp>
			</report>
			<report>
				<misses>2110001</misses>
				<total>1354529</total>
				<timestamp>253.059413</timestamp>
			</report>
			<report>
				<misses>2111001</misses>
				<total>1355528</total>
				<timestamp>253.179310</timestamp>
			</report>
			<report>
				<misses>2112001</misses>
				<total>1356527</total>
				<timestamp>253.299175</timestamp>
			</report>
			<report>
				<misses>2113001</misses>
				<total>1357526</total>
				<timestamp>253.419110</timestamp>
			</report>
			<report>
				<misses>2114001</misses>
				<total>1358525</total>
				<timestamp>253.538980</timestamp>
			</report>
			<report>
				<misses>2115001</misses>
				<total>1359524</total>
				<timestamp>253.658818</timestamp>
			</report>
			<report>
				<misses>2116001</misses>
				<total>1360523</total>
				<timestamp>253.778703</timestamp>
			</report>
			<report>
				<misses>2117001</misses>
				<total>1361522</total>
				<timestamp>253.898599</timestamp>
			</report>
			<report>
				<misses>2118001</misses>
				<total>1362521</total>
				<timestamp>254.018449</timestamp>
			</report>
			<report>
				<misses>2119001</misses>
				<total>1363520</total>
				<timestamp>254.138330</timestamp>
			</report>
			<report>
				<misses>2120001</misses>
				<total>1364519</total>
				<timestamp>254.258210</timestamp>
			</report>
			<report>
				<misses>2121001</misses>
				<total>1365518</total>
				<timestamp>254.378177</timestamp>
			</report>
			<report>
				<misses>2122001</misses>
				<total>1366517</total>
				<timestamp>254.498151</timestamp>
			</report>
			<report>
				<misses>2123001</misses>
				<total>1367516</total>
				<timestamp>254.618156</timestamp>
			</report>
			<report>
				<misses>2124001</misses>
				<total>1368515</total>
				<timestamp>254.738146</timestamp>
			</report>
			<report>
				<misses>2125001</misses>
				<total>1369514</total>
				<timestamp>254.858005</timestamp>
			</report>
			<report>
				<misses>2126001</misses>
				<total>1370513</total>
				<timestamp>254.977956</timestamp>
			</report>
			<report>
				<misses>2127001</misses>
				<total>1371512</total>
				<timestamp>255.098004</timestamp>
			</report>
			<report>
				<misses>2128001</misses>
				<total>1372511</total>
				<timestamp>255.217940</timestamp>
			</report>
			<report>
				<misses>2129001</misses>
				<total>1373510</total>
				<timestamp>255.337868</timestamp>
			</report>
			<report>
				<misses>2130001</misses>
				<total>1374509</total>
				<timestamp>255.457839</timestamp>
			</report>
			<report>
				<misses>2131001</misses>
				<total>1375508</total>
				<timestamp>255.577744</timestamp>
			</report>
			<report>
				<misses>2132001</misses>
				<total>1376507</total>
				<timestamp>255.697659</timestamp>
			</report>
			<report>
				<misses>2133001</misses>
				<total>1377506</total>
				<timestamp>255.817501</timestamp>
			</report>
			<report>
				<misses>2134001</misses>
				<total>1378505</total>
				<timestamp>255.937380</timestamp>
			</report>
			<report>
				<misses>2135001</misses>
				<total>1379504</total>
				<timestamp>256.057268</timestamp>
			</report>
			<report>
				<misses>2136001</misses>
				<total>1380503</total>
				<timestamp>256.177154</timestamp>
			</report>
			<report>
				<misses>2137001</misses>
				<total>1381502</total>
				<timestamp>256.297084</timestamp>
			</report>
			<report>
				<misses>2138001</misses>
				<total>1382501</total>
				<timestamp>256.417099</timestamp>
			</report>
			<report>
				<misses>2139001</misses>
				<total>1383500</total>
				<timestamp>256.537075</timestamp>
			</report>
			<report>
				<misses>2140001</misses>
				<total>1384499</total>
				<timestamp>256.657066</timestamp>
			</report>
			<report>
				<misses>2141001</misses>
				<total>1385498</total>
				<timestamp>256.776954</timestamp>
			</report>
			<report>
				<misses>2142001</misses>
				<total>1386497</total>
				<timestamp>256.896932</timestamp>
			</report>
			<report>
				<misses>2143001</misses>
				<total>1387496</total>
				<timestamp>257.016822</timestamp>
			</report>
			<report>
				<misses>2144001</misses>
				<total>1388495</total>
				<timestamp>257.136654</timestamp>
			</report>
			<report>
				<misses>2145001</misses>
				<total>1389494</total>
				<timestamp>257.256547</timestamp>
			</report>
			<report>
				<misses>2146001</misses>
				<total>1390493</total>
				<timestamp>257.376420</timestamp>
			</report>
			<report>
				<misses>2147001</misses>
				<total>1391492</total>
				<timestamp>257.496288</timestamp>
			</report>
			<report>
				<misses>2148001</misses>
				<total>1392491</total>
				<timestamp>257.616171</timestamp>
			</report>
			<report>
				<misses>2149001</misses>
				<total>1393490</total>
				<timestamp>257.736084</timestamp>
			</report>
			<report>
				<misses>2150001</misses>
				<total>1394489</total>
				<timestamp>257.856010</timestamp>
			</report>
			<report>
				<misses>2151001</misses>
				<total>1395488</total>
				<timestamp>257.975996</timestamp>
			</report>
			<report>
				<misses>2152001</misses>
				<total>1396487</total>
				<timestamp>258.096001</timestamp>
			</report>
			<report>
				<misses>2153001</misses>
				<total>1397486</total>
				<timestamp>258.216046</timestamp>
			</report>
			<report>
				<misses>2154001</misses>
				<total>1398485</total>
				<timestamp>258.335941</timestamp>
			</report>
			<report>
				<misses>2155001</misses>
				<total>1399484</total>
				<timestamp>258.455825</timestamp>
			</report>
			<report>
				<misses>2156001</misses>
				<total>1400483</total>
				<timestamp>258.575743</timestamp>
			</report>
			<report>
				<misses>2157001</misses>
				<total>1401482</total>
				<timestamp>258.695584</timestamp>
			</report>
			<report>
				<misses>2158001</misses>
				<total>1402481</total>
				<timestamp>258.815458</timestamp>
			</report>
			<report>
				<misses>2159001</misses>
				<total>1403480</total>
				<timestamp>258.935328</timestamp>
			</report>
			<report>
				<misses>2160001</misses>
				<total>1404479</total>
				<timestamp>259.055216</timestamp>
			</report>
			<report>
				<misses>2161001</misses>
				<total>1405478</total>
				<timestamp>259.175136</timestamp>
			</report>
			<report>
				<misses>2162001</misses>
				<total>1406477</total>
				<timestamp>259.295058</timestamp>
			</report>
			<report>
				<misses>2163001</misses>
				<total>1407476</total>
				<timestamp>259.415062</timestamp>
			</report>
			<report>
				<misses>2164001</misses>
				<total>1408475</total>
				<timestamp>259.535086</timestamp>
			</report>
			<report>
				<misses>2165001</misses>
				<total>1409474</total>
				<timestamp>259.655016</timestamp>
			</report>
			<report>
				<misses>2166001</misses>
				<total>1410473</total>
				<timestamp>259.774937</timestamp>
			</report>
			<report>
				<misses>2167001</misses>
				<total>1411472</total>
				<timestamp>259.894933</timestamp>
			</report>
			<report>
				<misses>2168001</misses>
				<total>1411510</total>
				<timestamp>260.014973</timestamp>
			</report>
			<report>
				<misses>2169001</misses>
				<total>1412509</total>
				<timestamp>260.134894</timestamp>
			</report>
			<report>
				<misses>2170001</misses>
				<total>1413508</total>
				<timestamp>260.254862</timestamp>
			</report>
			<report>
				<misses>2171001</misses>
				<total>1414507</total>
				<timestamp>260.374719</timestamp>
			</report>
			<report>
				<misses>2172001</misses>
				<total>1415506</total>
				<timestamp>260.494634</timestamp>
			</report>
			<report>
				<misses>2173001</misses>
				<total>1416505</total>
				<timestamp>260.614489</timestamp>
			</report>
			<report>
				<misses>2174001</misses>
				<total>1417504</total>
				<timestamp>260.734354</timestamp>
			</report>
			<report>
				<misses>2175001</misses>
				<total>1418503</total>
				<timestamp>260.854270</timestamp>
			</report>
			<report>
				<misses>2176001</misses>
				<total>1419045</total>
				<timestamp>260.974148</timestamp>
			</report>
			<report>
				<misses>2177001</misses>
				<total>1419045</total>
				<timestamp>261.094089</timestamp>
			</report>
			<report>
				<misses>2178001</misses>
				<total>1419044</total>
				<timestamp>261.214177</timestamp>
			</report>
			<report>
				<misses>2179001</misses>
				<total>1419399</total>
				<timestamp>261.334119</timestamp>
			</report>
			<report>
				<misses>2180001</misses>
				<total>1420398</total>
				<timestamp>261.454055</timestamp>
			</report>
			<report>
				<misses>2181001</misses>
				<total>1421397</total>
				<timestamp>261.573984</timestamp>
			</report>
			<report>
				<misses>2182001</misses>
				<total>1422396</total>
				<timestamp>261.693923</timestamp>
			</report>
			<report>
				<misses>2183001</misses>
				<total>1423395</total>
				<timestamp>261.813803</timestamp>
			</report>
			<report>
				<misses>2184001</misses>
				<total>1424394</total>
				<timestamp>261.933812</timestamp>
			</report>
			<report>
				<misses>2185001</misses>
				<total>1424473</total>
				<timestamp>262.053663</timestamp>
			</report>
			<report>
				<misses>2186001</misses>
				<total>1425399</total>
				<timestamp>262.173608</timestamp>
			</report>
			<report>
				<misses>2187001</misses>
				<total>1426398</total>
				<timestamp>262.293525</timestamp>
			</report>
			<report>
				<misses>2188001</misses>
				<total>1427397</total>
				<timestamp>262.413422</timestamp>
			</report>
			<report>
				<misses>2189001</misses>
				<total>1428396</total>
				<timestamp>262.533288</timestamp>
			</report>
			<report>
				<misses>2190001</misses>
				<total>1429395</total>
				<timestamp>262.653185</timestamp>
			</report>
			<report>
				<misses>2191001</misses>
				<total>1430394</total>
				<timestamp>262.773089</timestamp>
			</report>
			<report>
				<misses>2192001</misses>
				<total>1431393</total>
				<timestamp>262.892984</timestamp>
			</report>
			<report>
				<misses>2193001</misses>
				<total>1432392</total>
				<timestamp>263.012838</timestamp>
			</report>
			<report>
				<misses>2194001</misses>
				<total>1433391</total>
				<timestamp>263.132779</timestamp>
			</report>
			<report>
				<misses>2195001</misses>
				<total>1434390</total>
				<timestamp>263.252693</timestamp>
			</report>
			<report>
				<misses>2196001</misses>
				<total>1435389</total>
				<timestamp>263.372608</timestamp>
			</report>
			<report>
				<misses>2197001</misses>
				<total>1436388</total>
				<timestamp>263.492468</timestamp>
			</report>
			<report>
				<misses>2198001</misses>
				<total>1437387</total>
				<timestamp>263.612343</timestamp>
			</report>
			<report>
				<misses>2199001</misses>
				<total>1438386</total>
				<timestamp>263.732219</timestamp>
			</report>
			<report>
				<misses>2200001</misses>
				<total>1439385</total>
				<timestamp>263.852130</timestamp>
			</report>
			<report>
				<misses>2201001</misses>
				<total>1440384</total>
				<timestamp>263.972054</timestamp>
			</report>
			<report>
				<misses>2202001</misses>
				<total>1441383</total>
				<timestamp>264.092089</timestamp>
			</report>
			<report>
				<misses>2203001</misses>
				<total>1442382</total>
				<timestamp>264.212086</timestamp>
			</report>
			<report>
				<misses>2204001</misses>
				<total>1443381</total>
				<timestamp>264.332069</timestamp>
			</report>
			<report>
				<misses>2205001</misses>
				<total>1444380</total>
				<timestamp>264.452056</timestamp>
			</report>
			<report>
				<misses>2206001</misses>
				<total>1445379</total>
				<timestamp>264.572094</timestamp>
			</report>
			<report>
				<misses>2207001</misses>
				<total>1446378</total>
				<timestamp>264.692122</timestamp>
			</report>
			<report>
				<misses>2208001</misses>
				<total>1447377</total>
				<timestamp>264.812064</timestamp>
			</report>
			<report>
				<misses>2209001</misses>
				<total>1448376</total>
				<timestamp>264.932035</timestamp>
			</report>
			<report>
				<misses>2210001</misses>
				<total>1449070</total>
				<timestamp>265.052061</timestamp>
			</report>
			<report>
				<misses>2211001</misses>
				<total>1449071</total>
				<timestamp>265.172007</timestamp>
			</report>
			<report>
				<misses>2212001</misses>
				<total>1449071</total>
				<timestamp>265.291897</timestamp>
			</report>
			<report>
				<misses>2213001</misses>
				<total>1449071</total>
				<timestamp>265.411725</timestamp>
			</report>
			<report>
				<misses>2214001</misses>
				<total>1449071</total>
				<timestamp>265.531654</timestamp>
			</report>
			<report>
				<misses>2215001</misses>
				<total>1449071</total>
				<timestamp>265.651481</timestamp>
			</report>
			<report>
				<misses>2216001</misses>
				<total>1449071</total>
				<timestamp>265.771351</timestamp>
			</report>
			<report>
				<misses>2217001</misses>
				<total>1449071</total>
				<timestamp>265.891287</timestamp>
			</report>
			<report>
				<misses>2218001</misses>
				<total>1449071</total>
				<timestamp>266.011141</timestamp>
			</report>
			<report>
				<misses>2219001</misses>
				<total>1449071</total>
				<timestamp>266.131039</timestamp>
			</report>
			<report>
				<misses>2220001</misses>
				<total>1449125</total>
				<timestamp>266.251080</timestamp>
			</report>
			<report>
				<misses>2221001</misses>
				<total>1450124</total>
				<timestamp>266.371092</timestamp>
			</report>
			<report>
				<misses>2222001</misses>
				<total>1451123</total>
				<timestamp>266.491140</timestamp>
			</report>
			<report>
				<misses>2223001</misses>
				<total>1452122</total>
				<timestamp>266.611097</timestamp>
			</report>
			<report>
				<misses>2224001</misses>
				<total>1453121</total>
				<timestamp>266.731118</timestamp>
			</report>
			<report>
				<misses>2225001</misses>
				<total>1454120</total>
				<timestamp>266.851095</timestamp>
			</report>
			<report>
				<misses>2226001</misses>
				<total>1455119</total>
				<timestamp>266.971122</timestamp>
			</report>
			<report>
				<misses>2227001</misses>
				<total>1455887</total>
				<timestamp>267.091055</timestamp>
			</report>
			<report>
				<misses>2228001</misses>
				<total>1455887</total>
				<timestamp>267.210949</timestamp>
			</report>
			<report>
				<misses>2229001</misses>
				<total>1455887</total>
				<timestamp>267.330850</timestamp>
			</report>
			<report>
				<misses>2230001</misses>
				<total>1455887</total>
				<timestamp>267.450909</timestamp>
			</report>
			<report>
				<misses>2231001</misses>
				<total>1455887</total>
				<timestamp>267.570814</timestamp>
			</report>
			<report>
				<misses>2232001</misses>
				<total>1455887</total>
				<timestamp>267.690640</timestamp>
			</report>
			<report>
				<misses>2233001</misses>
				<total>1455887</total>
				<timestamp>267.810580</timestamp>
			</report>
			<report>
				<misses>2234001</misses>
				<total>1455889</total>
				<timestamp>267.930442</timestamp>
			</report>
			<report>
				<misses>2235001</misses>
				<total>1455891</total>
				<timestamp>268.050281</timestamp>
			</report>
			<report>
				<misses>2236001</misses>
				<total>1455890</total>
				<timestamp>268.170175</timestamp>
			</report>
			<report>
				<misses>2237001</misses>
				<total>1455890</total>
				<timestamp>268.290081</timestamp>
			</report>
			<report>
				<misses>2238001</misses>
				<total>1455890</total>
				<timestamp>268.410015</timestamp>
			</report>
			<report>
				<misses>2239001</misses>
				<total>1455890</total>
				<timestamp>268.530053</timestamp>
			</report>
			<report>
				<misses>2240001</misses>
				<total>1455890</total>
				<timestamp>268.649969</timestamp>
			</report>
			<report>
				<misses>2241001</misses>
				<total>1455890</total>
				<timestamp>268.769963</timestamp>
			</report>
			<report>
				<misses>2242001</misses>
				<total>1455890</total>
				<timestamp>268.889895</timestamp>
			</report>
			<report>
				<misses>2243001</misses>
				<total>1455890</total>
				<timestamp>269.009915</timestamp>
			</report>
			<report>
				<misses>2244001</misses>
				<total>1455890</total>
				<timestamp>269.129955</timestamp>
			</report>
			<report>
				<misses>2245001</misses>
				<total>1455890</total>
				<timestamp>269.249963</timestamp>
			</report>
			<report>
				<misses>2246001</misses>
				<total>1455891</total>
				<timestamp>269.369894</timestamp>
			</report>
			<report>
				<misses>2247001</misses>
				<total>1455894</total>
				<timestamp>269.489893</timestamp>
			</report>
			<report>
				<misses>2248001</misses>
				<total>1455894</total>
				<timestamp>269.609859</timestamp>
			</report>
			<report>
				<misses>2249001</misses>
				<total>1455895</total>
				<timestamp>269.729698</timestamp>
			</report>
			<report>
				<misses>2250001</misses>
				<total>1455895</total>
				<timestamp>269.849578</timestamp>
			</report>
			<report>
				<misses>2251001</misses>
				<total>1455895</total>
				<timestamp>269.969438</timestamp>
			</report>
			<report>
				<misses>2252001</misses>
				<total>1455895</total>
				<timestamp>270.089326</timestamp>
			</report>
			<report>
				<misses>2253001</misses>
				<total>1455898</total>
				<timestamp>270.209280</timestamp>
			</report>
			<report>
				<misses>2254001</misses>
				<total>1455898</total>
				<timestamp>270.329209</timestamp>
			</report>
			<report>
				<misses>2255001</misses>
				<total>1455898</total>
				<timestamp>270.449084</timestamp>
			</report>
			<report>
				<misses>2256001</misses>
				<total>1455898</total>
				<timestamp>270.569042</timestamp>
			</report>
			<report>
				<misses>2257001</misses>
				<total>1455898</total>
				<timestamp>270.689037</timestamp>
			</report>
			<report>
				<misses>2258001</misses>
				<total>1455899</total>
				<timestamp>270.809071</timestamp>
			</report>
			<report>
				<misses>2259001</misses>
				<total>1455899</total>
				<timestamp>270.929011</timestamp>
			</report>
			<report>
				<misses>2260001</misses>
				<total>1455899</total>
				<timestamp>271.048901</timestamp>
			</report>
			<report>
				<misses>2261001</misses>
				<total>1455908</total>
				<timestamp>271.168837</timestamp>
			</report>
			<report>
				<misses>2262001</misses>
				<total>1455908</total>
				<timestamp>271.288725</timestamp>
			</report>
			<report>
				<misses>2263001</misses>
				<total>1455908</total>
				<timestamp>271.408598</timestamp>
			</report>
			<report>
				<misses>2264001</misses>
				<total>1455908</total>
				<timestamp>271.528493</timestamp>
			</report>
			<report>
				<misses>2265001</misses>
				<total>1455908</total>
				<timestamp>271.648362</timestamp>
			</report>
			<report>
				<misses>2266001</misses>
				<total>1455908</total>
				<timestamp>271.768247</timestamp>
			</report>
			<report>
				<misses>2267001</misses>
				<total>1455908</total>
				<timestamp>271.888122</timestamp>
			</report>
			<report>
				<misses>2268001</misses>
				<total>1455908</total>
				<timestamp>272.008059</timestamp>
			</report>
			<report>
				<misses>2269001</misses>
				<total>1455908</total>
				<timestamp>272.127940</timestamp>
			</report>
			<report>
				<misses>2270001</misses>
				<total>1455908</total>
				<timestamp>272.247885</timestamp>
			</report>
			<report>
				<misses>2271001</misses>
				<total>1455908</total>
				<timestamp>272.367872</timestamp>
			</report>
			<report>
				<misses>2272001</misses>
				<total>1455908</total>
				<timestamp>272.487859</timestamp>
			</report>
			<report>
				<misses>2273001</misses>
				<total>1455908</total>
				<timestamp>272.607839</timestamp>
			</report>
			<report>
				<misses>2274001</misses>
				<total>1455908</total>
				<timestamp>272.727896</timestamp>
			</report>
			<report>
				<misses>2275001</misses>
				<total>1455909</total>
				<timestamp>272.847833</timestamp>
			</report>
			<report>
				<misses>2276001</misses>
				<total>1455908</total>
				<timestamp>272.967659</timestamp>
			</report>
			<report>
				<misses>2277001</misses>
				<total>1455908</total>
				<timestamp>273.087556</timestamp>
			</report>
			<report>
				<misses>2278001</misses>
				<total>1455908</total>
				<timestamp>273.207401</timestamp>
			</report>
			<report>
				<misses>2279001</misses>
				<total>1455908</total>
				<timestamp>273.327281</timestamp>
			</report>
			<report>
				<misses>2280001</misses>
				<total>1455908</total>
				<timestamp>273.447192</timestamp>
			</report>
			<report>
				<misses>2281001</misses>
				<total>1455908</total>
				<timestamp>273.567056</timestamp>
			</report>
			<report>
				<misses>2282001</misses>
				<total>1455908</total>
				<timestamp>273.687061</timestamp>
			</report>
			<report>
				<misses>2283001</misses>
				<total>1455908</total>
				<timestamp>273.807050</timestamp>
			</report>
			<report>
				<misses>2284001</misses>
				<total>1455907</total>
				<timestamp>273.927061</timestamp>
			</report>
			<report>
				<misses>2285001</misses>
				<total>1455908</total>
				<timestamp>274.047030</timestamp>
			</report>
			<report>
				<misses>2286001</misses>
				<total>1455908</total>
				<timestamp>274.166980</timestamp>
			</report>
			<report>
				<misses>2287001</misses>
				<total>1455908</total>
				<timestamp>274.286881</timestamp>
			</report>
			<report>
				<misses>2288001</misses>
				<total>1455921</total>
				<timestamp>274.406923</timestamp>
			</report>
			<report>
				<misses>2289001</misses>
				<total>1455921</total>
				<timestamp>274.526921</timestamp>
			</report>
			<report>
				<misses>2290001</misses>
				<total>1455921</total>
				<timestamp>274.646891</timestamp>
			</report>
			<report>
				<misses>2291001</misses>
				<total>1455929</total>
				<timestamp>274.766901</timestamp>
			</report>
			<report>
				<misses>2292001</misses>
				<total>1455935</total>
				<timestamp>274.886857</timestamp>
			</report>
			<report>
				<misses>2293001</misses>
				<total>1455935</total>
				<timestamp>275.006694</timestamp>
			</report>
			<report>
				<misses>2294001</misses>
				<total>1455935</total>
				<timestamp>275.126594</timestamp>
			</report>
			<report>
				<misses>2295001</misses>
				<total>1455935</total>
				<timestamp>275.246468</timestamp>
			</report>
			<report>
				<misses>2296001</misses>
				<total>1455935</total>
				<timestamp>275.366329</timestamp>
			</report>
			<report>
				<misses>2297001</misses>
				<total>1455935</total>
				<timestamp>275.486200</timestamp>
			</report>
			<report>
				<misses>2298001</misses>
				<total>1455935</total>
				<timestamp>275.606100</timestamp>
			</report>
			<report>
				<misses>2299001</misses>
				<total>1455939</total>
				<timestamp>275.726048</timestamp>
			</report>
			<report>
				<misses>2300001</misses>
				<total>1455939</total>
				<timestamp>275.846048</timestamp>
			</report>
			<report>
				<misses>2301001</misses>
				<total>1455948</total>
				<timestamp>275.966040</timestamp>
			</report>
			<report>
				<misses>2302001</misses>
				<total>1455948</total>
				<timestamp>276.086058</timestamp>
			</report>
			<report>
				<misses>2303001</misses>
				<total>1455948</total>
				<timestamp>276.206023</timestamp>
			</report>
			<report>
				<misses>2304001</misses>
				<total>1456508</total>
				<timestamp>276.325889</timestamp>
			</report>
			<report>
				<misses>2305001</misses>
				<total>1457507</total>
				<timestamp>276.445818</timestamp>
			</report>
			<report>
				<misses>2306001</misses>
				<total>1458506</total>
				<timestamp>276.565843</timestamp>
			</report>
			<report>
				<misses>2307001</misses>
				<total>1459505</total>
				<timestamp>276.685770</timestamp>
			</report>
			<report>
				<misses>2308001</misses>
				<total>1460504</total>
				<timestamp>276.805655</timestamp>
			</report>
			<report>
				<misses>2309001</misses>
				<total>1461503</total>
				<timestamp>276.925494</timestamp>
			</report>
			<report>
				<misses>2310001</misses>
				<total>1462502</total>
				<timestamp>277.045352</timestamp>
			</report>
			<report>
				<misses>2311001</misses>
				<total>1463501</total>
				<timestamp>277.165251</timestamp>
			</report>
			<report>
				<misses>2312001</misses>
				<total>1464500</total>
				<timestamp>277.285166</timestamp>
			</report>
			<report>
				<misses>2313001</misses>
				<total>1465499</total>
				<timestamp>277.405083</timestamp>
			</report>
			<report>
				<misses>2314001</misses>
				<total>1466498</total>
				<timestamp>277.525014</timestamp>
			</report>
			<report>
				<misses>2315001</misses>
				<total>1467497</total>
				<timestamp>277.644985</timestamp>
			</report>
			<report>
				<misses>2316001</misses>
				<total>1468496</total>
				<timestamp>277.764974</timestamp>
			</report>
			<report>
				<misses>2317001</misses>
				<total>1469495</total>
				<timestamp>277.884974</timestamp>
			</report>
			<report>
				<misses>2318001</misses>
				<total>1470494</total>
				<timestamp>278.004953</timestamp>
			</report>
			<report>
				<misses>2319001</misses>
				<total>1471493</total>
				<timestamp>278.124825</timestamp>
			</report>
			<report>
				<misses>2320001</misses>
				<total>1472492</total>
				<timestamp>278.244801</timestamp>
			</report>
			<report>
				<misses>2321001</misses>
				<total>1473491</total>
				<timestamp>278.364698</timestamp>
			</report>
			<report>
				<misses>2322001</misses>
				<total>1474490</total>
				<timestamp>278.484570</timestamp>
			</report>
			<report>
				<misses>2323001</misses>
				<total>1475489</total>
				<timestamp>278.604406</timestamp>
			</report>
			<report>
				<misses>2324001</misses>
				<total>1476488</total>
				<timestamp>278.724341</timestamp>
			</report>
			<report>
				<misses>2325001</misses>
				<total>1477487</total>
				<timestamp>278.844174</timestamp>
			</report>
			<report>
				<misses>2326001</misses>
				<total>1478486</total>
				<timestamp>278.964060</timestamp>
			</report>
			<report>
				<misses>2327001</misses>
				<total>1479485</total>
				<timestamp>279.083956</timestamp>
			</report>
			<report>
				<misses>2328001</misses>
				<total>1480484</total>
				<timestamp>279.203856</timestamp>
			</report>
			<report>
				<misses>2329001</misses>
				<total>1481483</total>
				<timestamp>279.323820</timestamp>
			</report>
			<report>
				<misses>2330001</misses>
				<total>1482482</total>
				<timestamp>279.443827</timestamp>
			</report>
			<report>
				<misses>2331001</misses>
				<total>1483481</total>
				<timestamp>279.563711</timestamp>
			</report>
			<report>
				<misses>2332001</misses>
				<total>1484480</total>
				<timestamp>279.683573</timestamp>
			</report>
			<report>
				<misses>2333001</misses>
				<total>1485479</total>
				<timestamp>279.803466</timestamp>
			</report>
			<report>
				<misses>2334001</misses>
				<total>1486478</total>
				<timestamp>279.923336</timestamp>
			</report>
			<report>
				<misses>2335001</misses>
				<total>1487477</total>
				<timestamp>280.043226</timestamp>
			</report>
			<report>
				<misses>2336001</misses>
				<total>1488476</total>
				<timestamp>280.163110</timestamp>
			</report>
			<report>
				<misses>2337001</misses>
				<total>1489475</total>
				<timestamp>280.283020</timestamp>
			</report>
			<report>
				<misses>2338001</misses>
				<total>1490474</total>
				<timestamp>280.402884</timestamp>
			</report>
			<report>
				<misses>2339001</misses>
				<total>1491473</total>
				<timestamp>280.522817</timestamp>
			</report>
			<report>
				<misses>2340001</misses>
				<total>1492472</total>
				<timestamp>280.642814</timestamp>
			</report>
			<report>
				<misses>2341001</misses>
				<total>1493471</total>
				<timestamp>280.762804</timestamp>
			</report>
			<report>
				<misses>2342001</misses>
				<total>1494470</total>
				<timestamp>280.882824</timestamp>
			</report>
			<report>
				<misses>2343001</misses>
				<total>1495469</total>
				<timestamp>281.002799</timestamp>
			</report>
			<report>
				<misses>2344001</misses>
				<total>1496468</total>
				<timestamp>281.122810</timestamp>
			</report>
			<report>
				<misses>2345001</misses>
				<total>1497467</total>
				<timestamp>281.242804</timestamp>
			</report>
			<report>
				<misses>2346001</misses>
				<total>1498466</total>
				<timestamp>281.362866</timestamp>
			</report>
			<report>
				<misses>2347001</misses>
				<total>1499465</total>
				<timestamp>281.482815</timestamp>
			</report>
			<report>
				<misses>2348001</misses>
				<total>1500464</total>
				<timestamp>281.602839</timestamp>
			</report>
			<report>
				<misses>2349001</misses>
				<total>1501463</total>
				<timestamp>281.722800</timestamp>
			</report>
			<report>
				<misses>2350001</misses>
				<total>1502462</total>
				<timestamp>281.842780</timestamp>
			</report>
			<report>
				<misses>2351001</misses>
				<total>1503461</total>
				<timestamp>281.962796</timestamp>
			</report>
			<report>
				<misses>2352001</misses>
				<total>1504460</total>
				<timestamp>282.082846</timestamp>
			</report>
			<report>
				<misses>2353001</misses>
				<total>1505459</total>
				<timestamp>282.202882</timestamp>
			</report>
			<report>
				<misses>2354001</misses>
				<total>1506458</total>
				<timestamp>282.322797</timestamp>
			</report>
			<report>
				<misses>2355001</misses>
				<total>1507457</total>
				<timestamp>282.442840</timestamp>
			</report>
			<report>
				<misses>2356001</misses>
				<total>1508456</total>
				<timestamp>282.562863</timestamp>
			</report>
			<report>
				<misses>2357001</misses>
				<total>1509455</total>
				<timestamp>282.682840</timestamp>
			</report>
			<report>
				<misses>2358001</misses>
				<total>1510454</total>
				<timestamp>282.802803</timestamp>
			</report>
			<report>
				<misses>2359001</misses>
				<total>1511453</total>
				<timestamp>282.922804</timestamp>
			</report>
			<report>
				<misses>2360001</misses>
				<total>1512452</total>
				<timestamp>283.042867</timestamp>
			</report>
			<report>
				<misses>2361001</misses>
				<total>1513451</total>
				<timestamp>283.162797</timestamp>
			</report>
			<report>
				<misses>2362001</misses>
				<total>1514450</total>
				<timestamp>283.282762</timestamp>
			</report>
			<report>
				<misses>2363001</misses>
				<total>1515449</total>
				<timestamp>283.402675</timestamp>
			</report>
			<report>
				<misses>2364001</misses>
				<total>1516448</total>
				<timestamp>283.522624</timestamp>
			</report>
			<report>
				<misses>2365001</misses>
				<total>1517447</total>
				<timestamp>283.642505</timestamp>
			</report>
			<report>
				<misses>2366001</misses>
				<total>1518446</total>
				<timestamp>283.762366</timestamp>
			</report>
			<report>
				<misses>2367001</misses>
				<total>1519445</total>
				<timestamp>283.882268</timestamp>
			</report>
			<report>
				<misses>2368001</misses>
				<total>1520444</total>
				<timestamp>284.002134</timestamp>
			</report>
			<report>
				<misses>2369001</misses>
				<total>1521443</total>
				<timestamp>284.122036</timestamp>
			</report>
			<report>
				<misses>2370001</misses>
				<total>1522442</total>
				<timestamp>284.241915</timestamp>
			</report>
			<report>
				<misses>2371001</misses>
				<total>1523441</total>
				<timestamp>284.361795</timestamp>
			</report>
			<report>
				<misses>2372001</misses>
				<total>1524440</total>
				<timestamp>284.481764</timestamp>
			</report>
			<report>
				<misses>2373001</misses>
				<total>1525439</total>
				<timestamp>284.601775</timestamp>
			</report>
			<report>
				<misses>2374001</misses>
				<total>1526438</total>
				<timestamp>284.721700</timestamp>
			</report>
			<report>
				<misses>2375001</misses>
				<total>1527437</total>
				<timestamp>284.841531</timestamp>
			</report>
			<report>
				<misses>2376001</misses>
				<total>1528436</total>
				<timestamp>284.961418</timestamp>
			</report>
			<report>
				<misses>2377001</misses>
				<total>1529435</total>
				<timestamp>285.081297</timestamp>
			</report>
			<report>
				<misses>2378001</misses>
				<total>1530434</total>
				<timestamp>285.201165</timestamp>
			</report>
			<report>
				<misses>2379001</misses>
				<total>1531433</total>
				<timestamp>285.321091</timestamp>
			</report>
			<report>
				<misses>2380001</misses>
				<total>1532432</total>
				<timestamp>285.440951</timestamp>
			</report>
			<report>
				<misses>2381001</misses>
				<total>1533431</total>
				<timestamp>285.560833</timestamp>
			</report>
			<report>
				<misses>2382001</misses>
				<total>1534430</total>
				<timestamp>285.680767</timestamp>
			</report>
			<report>
				<misses>2383001</misses>
				<total>1535429</total>
				<timestamp>285.800746</timestamp>
			</report>
			<report>
				<misses>2384001</misses>
				<total>1536428</total>
				<timestamp>285.920572</timestamp>
			</report>
			<report>
				<misses>2385001</misses>
				<total>1537427</total>
				<timestamp>286.040487</timestamp>
			</report>
			<report>
				<misses>2386001</misses>
				<total>1538426</total>
				<timestamp>286.160322</timestamp>
			</report>
			<report>
				<misses>2387001</misses>
				<total>1539425</total>
				<timestamp>286.280219</timestamp>
			</report>
			<report>
				<misses>2388001</misses>
				<total>1540424</total>
				<timestamp>286.400106</timestamp>
			</report>
			<report>
				<misses>2389001</misses>
				<total>1541423</total>
				<timestamp>286.520003</timestamp>
			</report>
			<report>
				<misses>2390001</misses>
				<total>1542422</total>
				<timestamp>286.639905</timestamp>
			</report>
			<report>
				<misses>2391001</misses>
				<total>1543421</total>
				<timestamp>286.759836</timestamp>
			</report>
			<report>
				<misses>2392001</misses>
				<total>1544420</total>
				<timestamp>286.879796</timestamp>
			</report>
			<report>
				<misses>2393001</misses>
				<total>1545419</total>
				<timestamp>286.999833</timestamp>
			</report>
			<report>
				<misses>2394001</misses>
				<total>1546418</total>
				<timestamp>287.119752</timestamp>
			</report>
			<report>
				<misses>2395001</misses>
				<total>1547417</total>
				<timestamp>287.239636</timestamp>
			</report>
			<report>
				<misses>2396001</misses>
				<total>1548416</total>
				<timestamp>287.359516</timestamp>
			</report>
			<report>
				<misses>2397001</misses>
				<total>1549415</total>
				<timestamp>287.479351</timestamp>
			</report>
			<report>
				<misses>2398001</misses>
				<total>1550414</total>
				<timestamp>287.599240</timestamp>
			</report>
			<report>
				<misses>2399001</misses>
				<total>1551413</total>
				<timestamp>287.719141</timestamp>
			</report>
			<report>
				<misses>2400001</misses>
				<total>1552412</total>
				<timestamp>287.839049</timestamp>
			</report>
			<report>
				<misses>2401001</misses>
				<total>1553411</total>
				<timestamp>287.959070</timestamp>
			</report>
			<report>
				<misses>2402001</misses>
				<total>1554410</total>
				<timestamp>288.078889</timestamp>
			</report>
			<report>
				<misses>2403001</misses>
				<total>1555409</total>
				<timestamp>288.198870</timestamp>
			</report>
			<report>
				<misses>2404001</misses>
				<total>1556408</total>
				<timestamp>288.318814</timestamp>
			</report>
			<report>
				<misses>2405001</misses>
				<total>1557407</total>
				<timestamp>288.438730</timestamp>
			</report>
			<report>
				<misses>2406001</misses>
				<total>1558406</total>
				<timestamp>288.558737</timestamp>
			</report>
			<report>
				<misses>2407001</misses>
				<total>1559405</total>
				<timestamp>288.678806</timestamp>
			</report>
			<report>
				<misses>2408001</misses>
				<total>1560404</total>
				<timestamp>288.798748</timestamp>
			</report>
			<report>
				<misses>2409001</misses>
				<total>1561403</total>
				<timestamp>288.918672</timestamp>
			</report>
			<report>
				<misses>2410001</misses>
				<total>1562402</total>
				<timestamp>289.038547</timestamp>
			</report>
			<report>
				<misses>2411001</misses>
				<total>1563401</total>
				<timestamp>289.158432</timestamp>
			</report>
			<report>
				<misses>2412001</misses>
				<total>1564400</total>
				<timestamp>289.278303</timestamp>
			</report>
			<report>
				<misses>2413001</misses>
				<total>1565399</total>
				<timestamp>289.398162</timestamp>
			</report>
			<report>
				<misses>2414001</misses>
				<total>1566398</total>
				<timestamp>289.518055</timestamp>
			</report>
			<report>
				<misses>2415001</misses>
				<total>1567397</total>
				<timestamp>289.637942</timestamp>
			</report>
			<report>
				<misses>2416001</misses>
				<total>1568396</total>
				<timestamp>289.757906</timestamp>
			</report>
			<report>
				<misses>2417001</misses>
				<total>1569395</total>
				<timestamp>289.877891</timestamp>
			</report>
			<report>
				<misses>2418001</misses>
				<total>1570394</total>
				<timestamp>289.997880</timestamp>
			</report>
			<report>
				<misses>2419001</misses>
				<total>1571393</total>
				<timestamp>290.117907</timestamp>
			</report>
			<report>
				<misses>2420001</misses>
				<total>1572392</total>
				<timestamp>290.237877</timestamp>
			</report>
			<report>
				<misses>2421001</misses>
				<total>1573391</total>
				<timestamp>290.357879</timestamp>
			</report>
			<report>
				<misses>2422001</misses>
				<total>1574390</total>
				<timestamp>290.477878</timestamp>
			</report>
			<report>
				<misses>2423001</misses>
				<total>1575389</total>
				<timestamp>290.597834</timestamp>
			</report>
			<report>
				<misses>2424001</misses>
				<total>1576388</total>
				<timestamp>290.717768</timestamp>
			</report>
			<report>
				<misses>2425001</misses>
				<total>1577387</total>
				<timestamp>290.837796</timestamp>
			</report>
			<report>
				<misses>2426001</misses>
				<total>1578386</total>
				<timestamp>290.957803</timestamp>
			</report>
			<report>
				<misses>2427001</misses>
				<total>1579385</total>
				<timestamp>291.077736</timestamp>
			</report>
			<report>
				<misses>2428001</misses>
				<total>1580384</total>
				<timestamp>291.197662</timestamp>
			</report>
			<report>
				<misses>2429001</misses>
				<total>1581383</total>
				<timestamp>291.317636</timestamp>
			</report>
			<report>
				<misses>2430001</misses>
				<total>1582382</total>
				<timestamp>291.437582</timestamp>
			</report>
			<report>
				<misses>2431001</misses>
				<total>1583381</total>
				<timestamp>291.557457</timestamp>
			</report>
			<report>
				<misses>2432001</misses>
				<total>1584380</total>
				<timestamp>291.677335</timestamp>
			</report>
			<report>
				<misses>2433001</misses>
				<total>1585379</total>
				<timestamp>291.797209</timestamp>
			</report>
			<report>
				<misses>2434001</misses>
				<total>1586378</total>
				<timestamp>291.917094</timestamp>
			</report>
			<report>
				<misses>2435001</misses>
				<total>1587377</total>
				<timestamp>292.037003</timestamp>
			</report>
			<report>
				<misses>2436001</misses>
				<total>1588376</total>
				<timestamp>292.156946</timestamp>
			</report>
			<report>
				<misses>2437001</misses>
				<total>1589375</total>
				<timestamp>292.276897</timestamp>
			</report>
			<report>
				<misses>2438001</misses>
				<total>1590374</total>
				<timestamp>292.396795</timestamp>
			</report>
			<report>
				<misses>2439001</misses>
				<total>1591373</total>
				<timestamp>292.516754</timestamp>
			</report>
			<report>
				<misses>2440001</misses>
				<total>1592372</total>
				<timestamp>292.636703</timestamp>
			</report>
			<report>
				<misses>2441001</misses>
				<total>1593371</total>
				<timestamp>292.756717</timestamp>
			</report>
			<report>
				<misses>2442001</misses>
				<total>1594370</total>
				<timestamp>292.876611</timestamp>
			</report>
			<report>
				<misses>2443001</misses>
				<total>1595369</total>
				<timestamp>292.996480</timestamp>
			</report>
			<report>
				<misses>2444001</misses>
				<total>1596368</total>
				<timestamp>293.116372</timestamp>
			</report>
			<report>
				<misses>2445001</misses>
				<total>1597367</total>
				<timestamp>293.236320</timestamp>
			</report>
			<report>
				<misses>2446001</misses>
				<total>1598366</total>
				<timestamp>293.356282</timestamp>
			</report>
			<report>
				<misses>2447001</misses>
				<total>1599365</total>
				<timestamp>293.476127</timestamp>
			</report>
			<report>
				<misses>2448001</misses>
				<total>1600364</total>
				<timestamp>293.596048</timestamp>
			</report>
			<report>
				<misses>2449001</misses>
				<total>1601363</total>
				<timestamp>293.715931</timestamp>
			</report>
			<report>
				<misses>2450001</misses>
				<total>1602362</total>
				<timestamp>293.835863</timestamp>
			</report>
			<report>
				<misses>2451001</misses>
				<total>1603361</total>
				<timestamp>293.955848</timestamp>
			</report>
			<report>
				<misses>2452001</misses>
				<total>1604360</total>
				<timestamp>294.075839</timestamp>
			</report>
			<report>
				<misses>2453001</misses>
				<total>1605359</total>
				<timestamp>294.195852</timestamp>
			</report>
			<report>
				<misses>2454001</misses>
				<total>1606358</total>
				<timestamp>294.315920</timestamp>
			</report>
			<report>
				<misses>2455001</misses>
				<total>1607357</total>
				<timestamp>294.435793</timestamp>
			</report>
			<report>
				<misses>2456001</misses>
				<total>1608356</total>
				<timestamp>294.555697</timestamp>
			</report>
			<report>
				<misses>2457001</misses>
				<total>1609355</total>
				<timestamp>294.675555</timestamp>
			</report>
			<report>
				<misses>2458001</misses>
				<total>1610354</total>
				<timestamp>294.795422</timestamp>
			</report>
			<report>
				<misses>2459001</misses>
				<total>1611353</total>
				<timestamp>294.915299</timestamp>
			</report>
			<report>
				<misses>2460001</misses>
				<total>1612352</total>
				<timestamp>295.035163</timestamp>
			</report>
			<report>
				<misses>2461001</misses>
				<total>1613351</total>
				<timestamp>295.155069</timestamp>
			</report>
			<report>
				<misses>2462001</misses>
				<total>1614350</total>
				<timestamp>295.274955</timestamp>
			</report>
			<report>
				<misses>2463001</misses>
				<total>1615349</total>
				<timestamp>295.394843</timestamp>
			</report>
			<report>
				<misses>2464001</misses>
				<total>1616348</total>
				<timestamp>295.514756</timestamp>
			</report>
			<report>
				<misses>2465001</misses>
				<total>1617347</total>
				<timestamp>295.634781</timestamp>
			</report>
			<report>
				<misses>2466001</misses>
				<total>1618346</total>
				<timestamp>295.754721</timestamp>
			</report>
			<report>
				<misses>2467001</misses>
				<total>1619345</total>
				<timestamp>295.874704</timestamp>
			</report>
			<report>
				<misses>2468001</misses>
				<total>1620344</total>
				<timestamp>295.994586</timestamp>
			</report>
			<report>
				<misses>2469001</misses>
				<total>1621343</total>
				<timestamp>296.114462</timestamp>
			</report>
			<report>
				<misses>2470001</misses>
				<total>1622342</total>
				<timestamp>296.234381</timestamp>
			</report>
			<report>
				<misses>2471001</misses>
				<total>1623341</total>
				<timestamp>296.354215</timestamp>
			</report>
			<report>
				<misses>2472001</misses>
				<total>1624340</total>
				<timestamp>296.474098</timestamp>
			</report>
			<report>
				<misses>2473001</misses>
				<total>1625339</total>
				<timestamp>296.594110</timestamp>
			</report>
			<report>
				<misses>2474001</misses>
				<total>1626338</total>
				<timestamp>296.714033</timestamp>
			</report>
			<report>
				<misses>2475001</misses>
				<total>1627337</total>
				<timestamp>296.834037</timestamp>
			</report>
			<report>
				<misses>2476001</misses>
				<total>1628336</total>
				<timestamp>296.954019</timestamp>
			</report>
			<report>
				<misses>2477001</misses>
				<total>1629335</total>
				<timestamp>297.073908</timestamp>
			</report>
			<report>
				<misses>2478001</misses>
				<total>1630334</total>
				<timestamp>297.193839</timestamp>
			</report>
			<report>
				<misses>2479001</misses>
				<total>1631333</total>
				<timestamp>297.313765</timestamp>
			</report>
			<report>
				<misses>2480001</misses>
				<total>1632332</total>
				<timestamp>297.433708</timestamp>
			</report>
			<report>
				<misses>2481001</misses>
				<total>1633331</total>
				<timestamp>297.553702</timestamp>
			</report>
			<report>
				<misses>2482001</misses>
				<total>1634330</total>
				<timestamp>297.673699</timestamp>
			</report>
			<report>
				<misses>2483001</misses>
				<total>1635329</total>
				<timestamp>297.793711</timestamp>
			</report>
			<report>
				<misses>2484001</misses>
				<total>1636328</total>
				<timestamp>297.913702</timestamp>
			</report>
			<report>
				<misses>2485001</misses>
				<total>1637327</total>
				<timestamp>298.033694</timestamp>
			</report>
			<report>
				<misses>2486001</misses>
				<total>1638326</total>
				<timestamp>298.153687</timestamp>
			</report>
			<report>
				<misses>2487001</misses>
				<total>1639325</total>
				<timestamp>298.273680</timestamp>
			</report>
			<report>
				<misses>2488001</misses>
				<total>1640324</total>
				<timestamp>298.393698</timestamp>
			</report>
			<report>
				<misses>2489001</misses>
				<total>1641323</total>
				<timestamp>298.513686</timestamp>
			</report>
			<report>
				<misses>2490001</misses>
				<total>1642322</total>
				<timestamp>298.633857</timestamp>
			</report>
			<report>
				<misses>2491001</misses>
				<total>1643321</total>
				<timestamp>298.753820</timestamp>
			</report>
			<report>
				<misses>2492001</misses>
				<total>1644320</total>
				<timestamp>298.873824</timestamp>
			</report>
			<report>
				<misses>2493001</misses>
				<total>1645319</total>
				<timestamp>298.993842</timestamp>
			</report>
			<report>
				<misses>2494001</misses>
				<total>1646318</total>
				<timestamp>299.113842</timestamp>
			</report>
			<report>
				<misses>2495001</misses>
				<total>1647317</total>
				<timestamp>299.233759</timestamp>
			</report>
			<report>
				<misses>2496001</misses>
				<total>1648316</total>
				<timestamp>299.353702</timestamp>
			</report>
			<report>
				<misses>2497001</misses>
				<total>1649315</total>
				<timestamp>299.473664</timestamp>
			</report>
			<report>
				<misses>2498001</misses>
				<total>1650314</total>
				<timestamp>299.593489</timestamp>
			</report>
			<report>
				<misses>2499001</misses>
				<total>1651313</total>
				<timestamp>299.713377</timestamp>
			</report>
			<report>
				<misses>2500001</misses>
				<total>1652293</total>
				<timestamp>299.833234</timestamp>
			</report>
			<report>
				<misses>2501001</misses>
				<total>1652293</total>
				<timestamp>299.953135</timestamp>
			</report>
			<report>
				<misses>2502001</misses>
				<total>1652293</total>
				<timestamp>300.073027</timestamp>
			</report>
			<report>
				<misses>2503001</misses>
				<total>1652293</total>
				<timestamp>300.192920</timestamp>
			</report>
			<report>
				<misses>2504001</misses>
				<total>1652293</total>
				<timestamp>300.312808</timestamp>
			</report>
			<report>
				<misses>2505001</misses>
				<total>1652293</total>
				<timestamp>300.432724</timestamp>
			</report>
			<report>
				<misses>2506001</misses>
				<total>1652293</total>
				<timestamp>300.552679</timestamp>
			</report>
			<report>
				<misses>2507001</misses>
				<total>1652293</total>
				<timestamp>300.672523</timestamp>
			</report>
			<report>
				<misses>2508001</misses>
				<total>1652293</total>
				<timestamp>300.792405</timestamp>
			</report>
			<report>
				<misses>2509001</misses>
				<total>1652293</total>
				<timestamp>300.912290</timestamp>
			</report>
			<report>
				<misses>2510001</misses>
				<total>1652293</total>
				<timestamp>301.032161</timestamp>
			</report>
			<report>
				<misses>2511001</misses>
				<total>1652293</total>
				<timestamp>301.152044</timestamp>
			</report>
			<report>
				<misses>2512001</misses>
				<total>1652294</total>
				<timestamp>301.271986</timestamp>
			</report>
			<report>
				<misses>2513001</misses>
				<total>1652293</total>
				<timestamp>301.391820</timestamp>
			</report>
			<report>
				<misses>2514001</misses>
				<total>1652293</total>
				<timestamp>301.511731</timestamp>
			</report>
			<report>
				<misses>2515001</misses>
				<total>1652293</total>
				<timestamp>301.631586</timestamp>
			</report>
			<report>
				<misses>2516001</misses>
				<total>1652292</total>
				<timestamp>301.751527</timestamp>
			</report>
			<report>
				<misses>2517001</misses>
				<total>1652293</total>
				<timestamp>301.871478</timestamp>
			</report>
			<report>
				<misses>2518001</misses>
				<total>1652293</total>
				<timestamp>301.991334</timestamp>
			</report>
			<report>
				<misses>2519001</misses>
				<total>1652294</total>
				<timestamp>302.111228</timestamp>
			</report>
			<report>
				<misses>2520001</misses>
				<total>1652293</total>
				<timestamp>302.231086</timestamp>
			</report>
			<report>
				<misses>2521001</misses>
				<total>1652293</total>
				<timestamp>302.351001</timestamp>
			</report>
			<report>
				<misses>2522001</misses>
				<total>1652293</total>
				<timestamp>302.470899</timestamp>
			</report>
			<report>
				<misses>2523001</misses>
				<total>1652295</total>
				<timestamp>302.590798</timestamp>
			</report>
			<report>
				<misses>2524001</misses>
				<total>1652295</total>
				<timestamp>302.710813</timestamp>
			</report>
			<report>
				<misses>2525001</misses>
				<total>1652295</total>
				<timestamp>302.830858</timestamp>
			</report>
			<report>
				<misses>2526001</misses>
				<total>1652298</total>
				<timestamp>302.950823</timestamp>
			</report>
			<report>
				<misses>2527001</misses>
				<total>1652298</total>
				<timestamp>303.070794</timestamp>
			</report>
			<report>
				<misses>2528001</misses>
				<total>1652297</total>
				<timestamp>303.190636</timestamp>
			</report>
			<report>
				<misses>2529001</misses>
				<total>1652298</total>
				<timestamp>303.310476</timestamp>
			</report>
			<report>
				<misses>2530001</misses>
				<total>1652298</total>
				<timestamp>303.430368</timestamp>
			</report>
			<report>
				<misses>2531001</misses>
				<total>1652298</total>
				<timestamp>303.550261</timestamp>
			</report>
			<report>
				<misses>2532001</misses>
				<total>1652299</total>
				<timestamp>303.670158</timestamp>
			</report>
			<report>
				<misses>2533001</misses>
				<total>1652299</total>
				<timestamp>303.790028</timestamp>
			</report>
			<report>
				<misses>2534001</misses>
				<total>1652299</total>
				<timestamp>303.909901</timestamp>
			</report>
			<report>
				<misses>2535001</misses>
				<total>1652299</total>
				<timestamp>304.029826</timestamp>
			</report>
			<report>
				<misses>2536001</misses>
				<total>1652299</total>
				<timestamp>304.149663</timestamp>
			</report>
			<report>
				<misses>2537001</misses>
				<total>1652306</total>
				<timestamp>304.269658</timestamp>
			</report>
			<report>
				<misses>2538001</misses>
				<total>1652306</total>
				<timestamp>304.389512</timestamp>
			</report>
			<report>
				<misses>2539001</misses>
				<total>1652306</total>
				<timestamp>304.509406</timestamp>
			</report>
			<report>
				<misses>2540001</misses>
				<total>1652306</total>
				<timestamp>304.629291</timestamp>
			</report>
			<report>
				<misses>2541001</misses>
				<total>1652306</total>
				<timestamp>304.749186</timestamp>
			</report>
			<report>
				<misses>2542001</misses>
				<total>1652306</total>
				<timestamp>304.869080</timestamp>
			</report>
			<report>
				<misses>2543001</misses>
				<total>1652306</total>
				<timestamp>304.988945</timestamp>
			</report>
			<report>
				<misses>2544001</misses>
				<total>1652306</total>
				<timestamp>305.108868</timestamp>
			</report>
			<report>
				<misses>2545001</misses>
				<total>1652306</total>
				<timestamp>305.228686</timestamp>
			</report>
			<report>
				<misses>2546001</misses>
				<total>1652306</total>
				<timestamp>305.348607</timestamp>
			</report>
			<report>
				<misses>2547001</misses>
				<total>1652306</total>
				<timestamp>305.468465</timestamp>
			</report>
			<report>
				<misses>2548001</misses>
				<total>1652306</total>
				<timestamp>305.588330</timestamp>
			</report>
			<report>
				<misses>2549001</misses>
				<total>1652306</total>
				<timestamp>305.708213</timestamp>
			</report>
			<report>
				<misses>2550001</misses>
				<total>1652306</total>
				<timestamp>305.828125</timestamp>
			</report>
			<report>
				<misses>2551001</misses>
				<total>1652306</total>
				<timestamp>305.947999</timestamp>
			</report>
			<report>
				<misses>2552001</misses>
				<total>1652305</total>
				<timestamp>306.067885</timestamp>
			</report>
			<report>
				<misses>2553001</misses>
				<total>1652306</total>
				<timestamp>306.187777</timestamp>
			</report>
			<report>
				<misses>2554001</misses>
				<total>1652307</total>
				<timestamp>306.307629</timestamp>
			</report>
			<report>
				<misses>2555001</misses>
				<total>1652306</total>
				<timestamp>306.427485</timestamp>
			</report>
			<report>
				<misses>2556001</misses>
				<total>1652305</total>
				<timestamp>306.547390</timestamp>
			</report>
			<report>
				<misses>2557001</misses>
				<total>1652309</total>
				<timestamp>306.667288</timestamp>
			</report>
			<report>
				<misses>2558001</misses>
				<total>1652309</total>
				<timestamp>306.787132</timestamp>
			</report>
			<report>
				<misses>2559001</misses>
				<total>1652309</total>
				<timestamp>306.907005</timestamp>
			</report>
			<report>
				<misses>2560001</misses>
				<total>1652309</total>
				<timestamp>307.026952</timestamp>
			</report>
			<report>
				<misses>2561001</misses>
				<total>1652309</total>
				<timestamp>307.146786</timestamp>
			</report>
			<report>
				<misses>2562001</misses>
				<total>1652309</total>
				<timestamp>307.266709</timestamp>
			</report>
			<report>
				<misses>2563001</misses>
				<total>1652309</total>
				<timestamp>307.386523</timestamp>
			</report>
			<report>
				<misses>2564001</misses>
				<total>1652308</total>
				<timestamp>307.506445</timestamp>
			</report>
			<report>
				<misses>2565001</misses>
				<total>1652309</total>
				<timestamp>307.626281</timestamp>
			</report>
			<report>
				<misses>2566001</misses>
				<total>1652310</total>
				<timestamp>307.746157</timestamp>
			</report>
			<report>
				<misses>2567001</misses>
				<total>1652309</total>
				<timestamp>307.866056</timestamp>
			</report>
			<report>
				<misses>2568001</misses>
				<total>1652309</total>
				<timestamp>307.985977</timestamp>
			</report>
			<report>
				<misses>2569001</misses>
				<total>1652309</total>
				<timestamp>308.105832</timestamp>
			</report>
			<report>
				<misses>2570001</misses>
				<total>1652309</total>
				<timestamp>308.225749</timestamp>
			</report>
			<report>
				<misses>2571001</misses>
				<total>1652309</total>
				<timestamp>308.345625</timestamp>
			</report>
			<report>
				<misses>2572001</misses>
				<total>1652309</total>
				<timestamp>308.465522</timestamp>
			</report>
			<report>
				<misses>2573001</misses>
				<total>1652309</total>
				<timestamp>308.585450</timestamp>
			</report>
			<report>
				<misses>2574001</misses>
				<total>1652313</total>
				<timestamp>308.705335</timestamp>
			</report>
			<report>
				<misses>2575001</misses>
				<total>1652313</total>
				<timestamp>308.825225</timestamp>
			</report>
			<report>
				<misses>2576001</misses>
				<total>1652313</total>
				<timestamp>308.945103</timestamp>
			</report>
			<report>
				<misses>2577001</misses>
				<total>1652319</total>
				<timestamp>309.064984</timestamp>
			</report>
			<report>
				<misses>2578001</misses>
				<total>1652319</total>
				<timestamp>309.184851</timestamp>
			</report>
			<report>
				<misses>2579001</misses>
				<total>1652319</total>
				<timestamp>309.304790</timestamp>
			</report>
			<report>
				<misses>2580001</misses>
				<total>1652319</total>
				<timestamp>309.424657</timestamp>
			</report>
			<report>
				<misses>2581001</misses>
				<total>1652327</total>
				<timestamp>309.544489</timestamp>
			</report>
			<report>
				<misses>2582001</misses>
				<total>1652327</total>
				<timestamp>309.664376</timestamp>
			</report>
			<report>
				<misses>2583001</misses>
				<total>1652327</total>
				<timestamp>309.784244</timestamp>
			</report>
			<report>
				<misses>2584001</misses>
				<total>1652334</total>
				<timestamp>309.904149</timestamp>
			</report>
			<report>
				<misses>2585001</misses>
				<total>1652333</total>
				<timestamp>310.024099</timestamp>
			</report>
			<report>
				<misses>2586001</misses>
				<total>1652334</total>
				<timestamp>310.144043</timestamp>
			</report>
			<report>
				<misses>2587001</misses>
				<total>1652334</total>
				<timestamp>310.263901</timestamp>
			</report>
			<report>
				<misses>2588001</misses>
				<total>1652337</total>
				<timestamp>310.383768</timestamp>
			</report>
			<report>
				<misses>2589001</misses>
				<total>1652337</total>
				<timestamp>310.503680</timestamp>
			</report>
			<report>
				<misses>2590001</misses>
				<total>1652337</total>
				<timestamp>310.623606</timestamp>
			</report>
			<report>
				<misses>2591001</misses>
				<total>1652337</total>
				<timestamp>310.743653</timestamp>
			</report>
			<report>
				<misses>2592001</misses>
				<total>1652337</total>
				<timestamp>310.863626</timestamp>
			</report>
			<report>
				<misses>2593001</misses>
				<total>1652340</total>
				<timestamp>310.983663</timestamp>
			</report>
			<report>
				<misses>2594001</misses>
				<total>1652340</total>
				<timestamp>311.103626</timestamp>
			</report>
			<report>
				<misses>2595001</misses>
				<total>1652340</total>
				<timestamp>311.223593</timestamp>
			</report>
			<report>
				<misses>2596001</misses>
				<total>1652340</total>
				<timestamp>311.343408</timestamp>
			</report>
			<report>
				<misses>2597001</misses>
				<total>1652340</total>
				<timestamp>311.463288</timestamp>
			</report>
			<report>
				<misses>2598001</misses>
				<total>1652340</total>
				<timestamp>311.583167</timestamp>
			</report>
			<report>
				<misses>2599001</misses>
				<total>1652340</total>
				<timestamp>311.703049</timestamp>
			</report>
			<report>
				<misses>2600001</misses>
				<total>1652343</total>
				<timestamp>311.822980</timestamp>
			</report>
			<report>
				<misses>2601001</misses>
				<total>1652343</total>
				<timestamp>311.942832</timestamp>
			</report>
			<report>
				<misses>2602001</misses>
				<total>1652343</total>
				<timestamp>312.062732</timestamp>
			</report>
			<report>
				<misses>2603001</misses>
				<total>1652343</total>
				<timestamp>312.182590</timestamp>
			</report>
			<report>
				<misses>2604001</misses>
				<total>1652343</total>
				<timestamp>312.302455</timestamp>
			</report>
			<report>
				<misses>2605001</misses>
				<total>1652343</total>
				<timestamp>312.422332</timestamp>
			</report>
			<report>
				<misses>2606001</misses>
				<total>1652344</total>
				<timestamp>312.542203</timestamp>
			</report>
			<report>
				<misses>2607001</misses>
				<total>1652343</total>
				<timestamp>312.662100</timestamp>
			</report>
			<report>
				<misses>2608001</misses>
				<total>1652343</total>
				<timestamp>312.782011</timestamp>
			</report>
			<report>
				<misses>2609001</misses>
				<total>1652343</total>
				<timestamp>312.901839</timestamp>
			</report>
			<report>
				<misses>2610001</misses>
				<total>1652343</total>
				<timestamp>313.021738</timestamp>
			</report>
			<report>
				<misses>2611001</misses>
				<total>1652343</total>
				<timestamp>313.141637</timestamp>
			</report>
			<report>
				<misses>2612001</misses>
				<total>1652355</total>
				<timestamp>313.261592</timestamp>
			</report>
			<report>
				<misses>2613001</misses>
				<total>1652355</total>
				<timestamp>313.381492</timestamp>
			</report>
			<report>
				<misses>2614001</misses>
				<total>1652355</total>
				<timestamp>313.501418</timestamp>
			</report>
			<report>
				<misses>2615001</misses>
				<total>1652355</total>
				<timestamp>313.621248</timestamp>
			</report>
			<report>
				<misses>2616001</misses>
				<total>1652355</total>
				<timestamp>313.741219</timestamp>
			</report>
			<report>
				<misses>2617001</misses>
				<total>1652355</total>
				<timestamp>313.861136</timestamp>
			</report>
			<report>
				<misses>2618001</misses>
				<total>1652355</total>
				<timestamp>313.981047</timestamp>
			</report>
			<report>
				<misses>2619001</misses>
				<total>1652355</total>
				<timestamp>314.100939</timestamp>
			</report>
			<report>
				<misses>2620001</misses>
				<total>1652773</total>
				<timestamp>314.220809</timestamp>
			</report>
			<report>
				<misses>2621001</misses>
				<total>1653772</total>
				<timestamp>314.340676</timestamp>
			</report>
			<report>
				<misses>2622001</misses>
				<total>1654771</total>
				<timestamp>314.460588</timestamp>
			</report>
			<report>
				<misses>2623001</misses>
				<total>1655770</total>
				<timestamp>314.580408</timestamp>
			</report>
			<report>
				<misses>2624001</misses>
				<total>1656769</total>
				<timestamp>314.700285</timestamp>
			</report>
			<report>
				<misses>2625001</misses>
				<total>1657768</total>
				<timestamp>314.820181</timestamp>
			</report>
			<report>
				<misses>2626001</misses>
				<total>1658767</total>
				<timestamp>314.940068</timestamp>
			</report>
			<report>
				<misses>2627001</misses>
				<total>1659766</total>
				<timestamp>315.059955</timestamp>
			</report>
			<report>
				<misses>2628001</misses>
				<total>1660765</total>
				<timestamp>315.179845</timestamp>
			</report>
			<report>
				<misses>2629001</misses>
				<total>1661764</total>
				<timestamp>315.299706</timestamp>
			</report>
			<report>
				<misses>2630001</misses>
				<total>1662763</total>
				<timestamp>315.419590</timestamp>
			</report>
			<report>
				<misses>2631001</misses>
				<total>1663762</total>
				<timestamp>315.539467</timestamp>
			</report>
			<report>
				<misses>2632001</misses>
				<total>1664761</total>
				<timestamp>315.659335</timestamp>
			</report>
			<report>
				<misses>2633001</misses>
				<total>1665760</total>
				<timestamp>315.779245</timestamp>
			</report>
			<report>
				<misses>2634001</misses>
				<total>1666759</total>
				<timestamp>315.899081</timestamp>
			</report>
			<report>
				<misses>2635001</misses>
				<total>1667758</total>
				<timestamp>316.019016</timestamp>
			</report>
			<report>
				<misses>2636001</misses>
				<total>1668757</total>
				<timestamp>316.138853</timestamp>
			</report>
			<report>
				<misses>2637001</misses>
				<total>1669756</total>
				<timestamp>316.258743</timestamp>
			</report>
			<report>
				<misses>2638001</misses>
				<total>1670755</total>
				<timestamp>316.378650</timestamp>
			</report>
			<report>
				<misses>2639001</misses>
				<total>1671754</total>
				<timestamp>316.498563</timestamp>
			</report>
			<report>
				<misses>2640001</misses>
				<total>1672753</total>
				<timestamp>316.618561</timestamp>
			</report>
			<report>
				<misses>2641001</misses>
				<total>1673752</total>
				<timestamp>316.738593</timestamp>
			</report>
			<report>
				<misses>2642001</misses>
				<total>1674751</total>
				<timestamp>316.858505</timestamp>
			</report>
			<report>
				<misses>2643001</misses>
				<total>1675750</total>
				<timestamp>316.978371</timestamp>
			</report>
			<report>
				<misses>2644001</misses>
				<total>1676749</total>
				<timestamp>317.098309</timestamp>
			</report>
			<report>
				<misses>2645001</misses>
				<total>1677748</total>
				<timestamp>317.218134</timestamp>
			</report>
			<report>
				<misses>2646001</misses>
				<total>1678747</total>
				<timestamp>317.338059</timestamp>
			</report>
			<report>
				<misses>2647001</misses>
				<total>1679746</total>
				<timestamp>317.457916</timestamp>
			</report>
			<report>
				<misses>2648001</misses>
				<total>1680745</total>
				<timestamp>317.577802</timestamp>
			</report>
			<report>
				<misses>2649001</misses>
				<total>1681744</total>
				<timestamp>317.697713</timestamp>
			</report>
			<report>
				<misses>2650001</misses>
				<total>1682743</total>
				<timestamp>317.817645</timestamp>
			</report>
			<report>
				<misses>2651001</misses>
				<total>1683742</total>
				<timestamp>317.937577</timestamp>
			</report>
			<report>
				<misses>2652001</misses>
				<total>1684741</total>
				<timestamp>318.057418</timestamp>
			</report>
			<report>
				<misses>2653001</misses>
				<total>1685740</total>
				<timestamp>318.177297</timestamp>
			</report>
			<report>
				<misses>2654001</misses>
				<total>1686739</total>
				<timestamp>318.297177</timestamp>
			</report>
			<report>
				<misses>2655001</misses>
				<total>1687738</total>
				<timestamp>318.417051</timestamp>
			</report>
			<report>
				<misses>2656001</misses>
				<total>1688737</total>
				<timestamp>318.536922</timestamp>
			</report>
			<report>
				<misses>2657001</misses>
				<total>1689736</total>
				<timestamp>318.656814</timestamp>
			</report>
			<report>
				<misses>2658001</misses>
				<total>1690735</total>
				<timestamp>318.776732</timestamp>
			</report>
			<report>
				<misses>2659001</misses>
				<total>1691734</total>
				<timestamp>318.896607</timestamp>
			</report>
			<report>
				<misses>2660001</misses>
				<total>1692733</total>
				<timestamp>319.016477</timestamp>
			</report>
			<report>
				<misses>2661001</misses>
				<total>1693732</total>
				<timestamp>319.136347</timestamp>
			</report>
			<report>
				<misses>2662001</misses>
				<total>1694731</total>
				<timestamp>319.256204</timestamp>
			</report>
			<report>
				<misses>2663001</misses>
				<total>1695730</total>
				<timestamp>319.376093</timestamp>
			</report>
			<report>
				<misses>2664001</misses>
				<total>1696729</total>
				<timestamp>319.495990</timestamp>
			</report>
			<report>
				<misses>2665001</misses>
				<total>1697728</total>
				<timestamp>319.615898</timestamp>
			</report>
			<report>
				<misses>2666001</misses>
				<total>1698727</total>
				<timestamp>319.735757</timestamp>
			</report>
			<report>
				<misses>2667001</misses>
				<total>1699726</total>
				<timestamp>319.855677</timestamp>
			</report>
			<report>
				<misses>2668001</misses>
				<total>1700725</total>
				<timestamp>319.975675</timestamp>
			</report>
			<report>
				<misses>2669001</misses>
				<total>1701724</total>
				<timestamp>320.095675</timestamp>
			</report>
			<report>
				<misses>2670001</misses>
				<total>1702723</total>
				<timestamp>320.215612</timestamp>
			</report>
			<report>
				<misses>2671001</misses>
				<total>1703722</total>
				<timestamp>320.335548</timestamp>
			</report>
			<report>
				<misses>2672001</misses>
				<total>1704721</total>
				<timestamp>320.455427</timestamp>
			</report>
			<report>
				<misses>2673001</misses>
				<total>1705720</total>
				<timestamp>320.575236</timestamp>
			</report>
			<report>
				<misses>2674001</misses>
				<total>1706719</total>
				<timestamp>320.695159</timestamp>
			</report>
			<report>
				<misses>2675001</misses>
				<total>1707718</total>
				<timestamp>320.815051</timestamp>
			</report>
			<report>
				<misses>2676001</misses>
				<total>1708717</total>
				<timestamp>320.934979</timestamp>
			</report>
			<report>
				<misses>2677001</misses>
				<total>1709716</total>
				<timestamp>321.054984</timestamp>
			</report>
			<report>
				<misses>2678001</misses>
				<total>1710715</total>
				<timestamp>321.174985</timestamp>
			</report>
			<report>
				<misses>2679001</misses>
				<total>1711714</total>
				<timestamp>321.294935</timestamp>
			</report>
			<report>
				<misses>2680001</misses>
				<total>1712713</total>
				<timestamp>321.414788</timestamp>
			</report>
			<report>
				<misses>2681001</misses>
				<total>1713712</total>
				<timestamp>321.534691</timestamp>
			</report>
			<report>
				<misses>2682001</misses>
				<total>1714711</total>
				<timestamp>321.654530</timestamp>
			</report>
			<report>
				<misses>2683001</misses>
				<total>1715710</total>
				<timestamp>321.774405</timestamp>
			</report>
			<report>
				<misses>2684001</misses>
				<total>1716709</total>
				<timestamp>321.894319</timestamp>
			</report>
			<report>
				<misses>2685001</misses>
				<total>1717708</total>
				<timestamp>322.014200</timestamp>
			</report>
			<report>
				<misses>2686001</misses>
				<total>1718707</total>
				<timestamp>322.134059</timestamp>
			</report>
			<report>
				<misses>2687001</misses>
				<total>1719706</total>
				<timestamp>322.253949</timestamp>
			</report>
			<report>
				<misses>2688001</misses>
				<total>1720705</total>
				<timestamp>322.373862</timestamp>
			</report>
			<report>
				<misses>2689001</misses>
				<total>1721704</total>
				<timestamp>322.493708</timestamp>
			</report>
			<report>
				<misses>2690001</misses>
				<total>1722703</total>
				<timestamp>322.613620</timestamp>
			</report>
			<report>
				<misses>2691001</misses>
				<total>1723702</total>
				<timestamp>322.733465</timestamp>
			</report>
			<report>
				<misses>2692001</misses>
				<total>1724701</total>
				<timestamp>322.853334</timestamp>
			</report>
			<report>
				<misses>2693001</misses>
				<total>1725700</total>
				<timestamp>322.973214</timestamp>
			</report>
			<report>
				<misses>2694001</misses>
				<total>1726699</total>
				<timestamp>323.093083</timestamp>
			</report>
			<report>
				<misses>2695001</misses>
				<total>1727698</total>
				<timestamp>323.213021</timestamp>
			</report>
			<report>
				<misses>2696001</misses>
				<total>1728697</total>
				<timestamp>323.332903</timestamp>
			</report>
			<report>
				<misses>2697001</misses>
				<total>1729696</total>
				<timestamp>323.452735</timestamp>
			</report>
			<report>
				<misses>2698001</misses>
				<total>1730695</total>
				<timestamp>323.572707</timestamp>
			</report>
			<report>
				<misses>2699001</misses>
				<total>1731694</total>
				<timestamp>323.692655</timestamp>
			</report>
			<report>
				<misses>2700001</misses>
				<total>1732693</total>
				<timestamp>323.812590</timestamp>
			</report>
			<report>
				<misses>2701001</misses>
				<total>1733692</total>
				<timestamp>323.932544</timestamp>
			</report>
			<report>
				<misses>2702001</misses>
				<total>1734691</total>
				<timestamp>324.052418</timestamp>
			</report>
			<report>
				<misses>2703001</misses>
				<total>1735690</total>
				<timestamp>324.172251</timestamp>
			</report>
			<report>
				<misses>2704001</misses>
				<total>1736689</total>
				<timestamp>324.292145</timestamp>
			</report>
			<report>
				<misses>2705001</misses>
				<total>1737688</total>
				<timestamp>324.412083</timestamp>
			</report>
			<report>
				<misses>2706001</misses>
				<total>1738687</total>
				<timestamp>324.532103</timestamp>
			</report>
			<report>
				<misses>2707001</misses>
				<total>1739686</total>
				<timestamp>324.652039</timestamp>
			</report>
			<report>
				<misses>2708001</misses>
				<total>1740685</total>
				<timestamp>324.771896</timestamp>
			</report>
			<report>
				<misses>2709001</misses>
				<total>1741684</total>
				<timestamp>324.891790</timestamp>
			</report>
			<report>
				<misses>2710001</misses>
				<total>1742683</total>
				<timestamp>325.011660</timestamp>
			</report>
			<report>
				<misses>2711001</misses>
				<total>1743682</total>
				<timestamp>325.131576</timestamp>
			</report>
			<report>
				<misses>2712001</misses>
				<total>1744681</total>
				<timestamp>325.251409</timestamp>
			</report>
			<report>
				<misses>2713001</misses>
				<total>1745680</total>
				<timestamp>325.371313</timestamp>
			</report>
			<report>
				<misses>2714001</misses>
				<total>1746679</total>
				<timestamp>325.491178</timestamp>
			</report>
			<report>
				<misses>2715001</misses>
				<total>1747678</total>
				<timestamp>325.611083</timestamp>
			</report>
			<report>
				<misses>2716001</misses>
				<total>1748677</total>
				<timestamp>325.730966</timestamp>
			</report>
			<report>
				<misses>2717001</misses>
				<total>1749676</total>
				<timestamp>325.850845</timestamp>
			</report>
			<report>
				<misses>2718001</misses>
				<total>1750675</total>
				<timestamp>325.970697</timestamp>
			</report>
			<report>
				<misses>2719001</misses>
				<total>1751674</total>
				<timestamp>326.090624</timestamp>
			</report>
			<report>
				<misses>2720001</misses>
				<total>1752673</total>
				<timestamp>326.210510</timestamp>
			</report>
			<report>
				<misses>2721001</misses>
				<total>1753672</total>
				<timestamp>326.330337</timestamp>
			</report>
			<report>
				<misses>2722001</misses>
				<total>1754671</total>
				<timestamp>326.450226</timestamp>
			</report>
			<report>
				<misses>2723001</misses>
				<total>1755670</total>
				<timestamp>326.570104</timestamp>
			</report>
			<report>
				<misses>2724001</misses>
				<total>1756669</total>
				<timestamp>326.689994</timestamp>
			</report>
			<report>
				<misses>2725001</misses>
				<total>1757668</total>
				<timestamp>326.809883</timestamp>
			</report>
			<report>
				<misses>2726001</misses>
				<total>1758667</total>
				<timestamp>326.929717</timestamp>
			</report>
			<report>
				<misses>2727001</misses>
				<total>1759666</total>
				<timestamp>327.049679</timestamp>
			</report>
			<report>
				<misses>2728001</misses>
				<total>1760665</total>
				<timestamp>327.169666</timestamp>
			</report>
			<report>
				<misses>2729001</misses>
				<total>1761664</total>
				<timestamp>327.289514</timestamp>
			</report>
			<report>
				<misses>2730001</misses>
				<total>1762663</total>
				<timestamp>327.409389</timestamp>
			</report>
			<report>
				<misses>2731001</misses>
				<total>1763662</total>
				<timestamp>327.529255</timestamp>
			</report>
			<report>
				<misses>2732001</misses>
				<total>1764661</total>
				<timestamp>327.649136</timestamp>
			</report>
			<report>
				<misses>2733001</misses>
				<total>1765660</total>
				<timestamp>327.769075</timestamp>
			</report>
			<report>
				<misses>2734001</misses>
				<total>1766659</total>
				<timestamp>327.889076</timestamp>
			</report>
			<report>
				<misses>2735001</misses>
				<total>1767658</total>
				<timestamp>328.009031</timestamp>
			</report>
			<report>
				<misses>2736001</misses>
				<total>1768657</total>
				<timestamp>328.128919</timestamp>
			</report>
			<report>
				<misses>2737001</misses>
				<total>1769656</total>
				<timestamp>328.248851</timestamp>
			</report>
			<report>
				<misses>2738001</misses>
				<total>1770655</total>
				<timestamp>328.368818</timestamp>
			</report>
			<report>
				<misses>2739001</misses>
				<total>1771654</total>
				<timestamp>328.488664</timestamp>
			</report>
			<report>
				<misses>2740001</misses>
				<total>1772653</total>
				<timestamp>328.608570</timestamp>
			</report>
			<report>
				<misses>2741001</misses>
				<total>1773652</total>
				<timestamp>328.728503</timestamp>
			</report>
			<report>
				<misses>2742001</misses>
				<total>1774651</total>
				<timestamp>328.848503</timestamp>
			</report>
			<report>
				<misses>2743001</misses>
				<total>1775650</total>
				<timestamp>328.968493</timestamp>
			</report>
			<report>
				<misses>2744001</misses>
				<total>1776649</total>
				<timestamp>329.088474</timestamp>
			</report>
			<report>
				<misses>2745001</misses>
				<total>1777648</total>
				<timestamp>329.208576</timestamp>
			</report>
			<report>
				<misses>2746001</misses>
				<total>1778647</total>
				<timestamp>329.328498</timestamp>
			</report>
			<report>
				<misses>2747001</misses>
				<total>1779646</total>
				<timestamp>329.448488</timestamp>
			</report>
			<report>
				<misses>2748001</misses>
				<total>1780645</total>
				<timestamp>329.568490</timestamp>
			</report>
			<report>
				<misses>2749001</misses>
				<total>1781644</total>
				<timestamp>329.688485</timestamp>
			</report>
			<report>
				<misses>2750001</misses>
				<total>1782643</total>
				<timestamp>329.808479</timestamp>
			</report>
			<report>
				<misses>2751001</misses>
				<total>1783642</total>
				<timestamp>329.928508</timestamp>
			</report>
			<report>
				<misses>2752001</misses>
				<total>1784641</total>
				<timestamp>330.048495</timestamp>
			</report>
			<report>
				<misses>2753001</misses>
				<total>1785640</total>
				<timestamp>330.168411</timestamp>
			</report>
			<report>
				<misses>2754001</misses>
				<total>1786639</total>
				<timestamp>330.288285</timestamp>
			</report>
			<report>
				<misses>2755001</misses>
				<total>1787638</total>
				<timestamp>330.408175</timestamp>
			</report>
			<report>
				<misses>2756001</misses>
				<total>1788637</total>
				<timestamp>330.528104</timestamp>
			</report>
			<report>
				<misses>2757001</misses>
				<total>1789636</total>
				<timestamp>330.647953</timestamp>
			</report>
			<report>
				<misses>2758001</misses>
				<total>1790635</total>
				<timestamp>330.767841</timestamp>
			</report>
			<report>
				<misses>2759001</misses>
				<total>1791634</total>
				<timestamp>330.887699</timestamp>
			</report>
			<report>
				<misses>2760001</misses>
				<total>1792633</total>
				<timestamp>331.007615</timestamp>
			</report>
			<report>
				<misses>2761001</misses>
				<total>1793632</total>
				<timestamp>331.127470</timestamp>
			</report>
			<report>
				<misses>2762001</misses>
				<total>1794631</total>
				<timestamp>331.247375</timestamp>
			</report>
			<report>
				<misses>2763001</misses>
				<total>1795630</total>
				<timestamp>331.367214</timestamp>
			</report>
			<report>
				<misses>2764001</misses>
				<total>1796629</total>
				<timestamp>331.487135</timestamp>
			</report>
			<report>
				<misses>2765001</misses>
				<total>1797628</total>
				<timestamp>331.606964</timestamp>
			</report>
			<report>
				<misses>2766001</misses>
				<total>1798627</total>
				<timestamp>331.726870</timestamp>
			</report>
			<report>
				<misses>2767001</misses>
				<total>1799626</total>
				<timestamp>331.846731</timestamp>
			</report>
			<report>
				<misses>2768001</misses>
				<total>1800625</total>
				<timestamp>331.966620</timestamp>
			</report>
			<report>
				<misses>2769001</misses>
				<total>1801624</total>
				<timestamp>332.086507</timestamp>
			</report>
			<report>
				<misses>2770001</misses>
				<total>1802623</total>
				<timestamp>332.206486</timestamp>
			</report>
			<report>
				<misses>2771001</misses>
				<total>1803622</total>
				<timestamp>332.326388</timestamp>
			</report>
			<report>
				<misses>2772001</misses>
				<total>1804621</total>
				<timestamp>332.446268</timestamp>
			</report>
			<report>
				<misses>2773001</misses>
				<total>1805620</total>
				<timestamp>332.566135</timestamp>
			</report>
			<report>
				<misses>2774001</misses>
				<total>1806619</total>
				<timestamp>332.686046</timestamp>
			</report>
			<report>
				<misses>2775001</misses>
				<total>1807618</total>
				<timestamp>332.805902</timestamp>
			</report>
			<report>
				<misses>2776001</misses>
				<total>1808617</total>
				<timestamp>332.925784</timestamp>
			</report>
			<report>
				<misses>2777001</misses>
				<total>1809616</total>
				<timestamp>333.045657</timestamp>
			</report>
			<report>
				<misses>2778001</misses>
				<total>1810615</total>
				<timestamp>333.165590</timestamp>
			</report>
			<report>
				<misses>2779001</misses>
				<total>1811614</total>
				<timestamp>333.285462</timestamp>
			</report>
			<report>
				<misses>2780001</misses>
				<total>1812613</total>
				<timestamp>333.405337</timestamp>
			</report>
			<report>
				<misses>2781001</misses>
				<total>1813612</total>
				<timestamp>333.525175</timestamp>
			</report>
			<report>
				<misses>2782001</misses>
				<total>1814611</total>
				<timestamp>333.645074</timestamp>
			</report>
			<report>
				<misses>2783001</misses>
				<total>1815610</total>
				<timestamp>333.764972</timestamp>
			</report>
			<report>
				<misses>2784001</misses>
				<total>1816609</total>
				<timestamp>333.884821</timestamp>
			</report>
			<report>
				<misses>2785001</misses>
				<total>1817608</total>
				<timestamp>334.004692</timestamp>
			</report>
			<report>
				<misses>2786001</misses>
				<total>1818607</total>
				<timestamp>334.124606</timestamp>
			</report>
			<report>
				<misses>2787001</misses>
				<total>1819606</total>
				<timestamp>334.244524</timestamp>
			</report>
			<report>
				<misses>2788001</misses>
				<total>1820605</total>
				<timestamp>334.364512</timestamp>
			</report>
			<report>
				<misses>2789001</misses>
				<total>1821604</total>
				<timestamp>334.484335</timestamp>
			</report>
			<report>
				<misses>2790001</misses>
				<total>1822603</total>
				<timestamp>334.604212</timestamp>
			</report>
			<report>
				<misses>2791001</misses>
				<total>1823602</total>
				<timestamp>334.724103</timestamp>
			</report>
			<report>
				<misses>2792001</misses>
				<total>1824601</total>
				<timestamp>334.843974</timestamp>
			</report>
			<report>
				<misses>2793001</misses>
				<total>1825600</total>
				<timestamp>334.963865</timestamp>
			</report>
			<report>
				<misses>2794001</misses>
				<total>1826599</total>
				<timestamp>335.083733</timestamp>
			</report>
			<report>
				<misses>2795001</misses>
				<total>1827598</total>
				<timestamp>335.203627</timestamp>
			</report>
			<report>
				<misses>2796001</misses>
				<total>1828597</total>
				<timestamp>335.323502</timestamp>
			</report>
			<report>
				<misses>2797001</misses>
				<total>1829596</total>
				<timestamp>335.443379</timestamp>
			</report>
			<report>
				<misses>2798001</misses>
				<total>1830595</total>
				<timestamp>335.563275</timestamp>
			</report>
			<report>
				<misses>2799001</misses>
				<total>1831594</total>
				<timestamp>335.683119</timestamp>
			</report>
			<report>
				<misses>2800001</misses>
				<total>1832593</total>
				<timestamp>335.803008</timestamp>
			</report>
			<report>
				<misses>2801001</misses>
				<total>1833592</total>
				<timestamp>335.922895</timestamp>
			</report>
			<report>
				<misses>2802001</misses>
				<total>1834591</total>
				<timestamp>336.042810</timestamp>
			</report>
			<report>
				<misses>2803001</misses>
				<total>1835590</total>
				<timestamp>336.162704</timestamp>
			</report>
			<report>
				<misses>2804001</misses>
				<total>1836589</total>
				<timestamp>336.282614</timestamp>
			</report>
			<report>
				<misses>2805001</misses>
				<total>1837588</total>
				<timestamp>336.402608</timestamp>
			</report>
			<report>
				<misses>2806001</misses>
				<total>1838587</total>
				<timestamp>336.522635</timestamp>
			</report>
			<report>
				<misses>2807001</misses>
				<total>1839586</total>
				<timestamp>336.642579</timestamp>
			</report>
			<report>
				<misses>2808001</misses>
				<total>1840022</total>
				<timestamp>336.762442</timestamp>
			</report>
			<report>
				<misses>2809001</misses>
				<total>1840022</total>
				<timestamp>336.882345</timestamp>
			</report>
			<report>
				<misses>2810001</misses>
				<total>1840022</total>
				<timestamp>337.002170</timestamp>
			</report>
			<report>
				<misses>2811001</misses>
				<total>1840029</total>
				<timestamp>337.122125</timestamp>
			</report>
			<report>
				<misses>2812001</misses>
				<total>1840029</total>
				<timestamp>337.242116</timestamp>
			</report>
			<report>
				<misses>2813001</misses>
				<total>1840029</total>
				<timestamp>337.362072</timestamp>
			</report>
			<report>
				<misses>2814001</misses>
				<total>1840029</total>
				<timestamp>337.481931</timestamp>
			</report>
			<report>
				<misses>2815001</misses>
				<total>1840028</total>
				<timestamp>337.601853</timestamp>
			</report>
			<report>
				<misses>2816001</misses>
				<total>1840029</total>
				<timestamp>337.721709</timestamp>
			</report>
			<report>
				<misses>2817001</misses>
				<total>1840029</total>
				<timestamp>337.841572</timestamp>
			</report>
			<report>
				<misses>2818001</misses>
				<total>1840029</total>
				<timestamp>337.961480</timestamp>
			</report>
			<report>
				<misses>2819001</misses>
				<total>1840040</total>
				<timestamp>338.081353</timestamp>
			</report>
			<report>
				<misses>2820001</misses>
				<total>1840040</total>
				<timestamp>338.201211</timestamp>
			</report>
			<report>
				<misses>2821001</misses>
				<total>1840040</total>
				<timestamp>338.321084</timestamp>
			</report>
			<report>
				<misses>2822001</misses>
				<total>1840040</total>
				<timestamp>338.440966</timestamp>
			</report>
			<report>
				<misses>2823001</misses>
				<total>1840041</total>
				<timestamp>338.560836</timestamp>
			</report>
			<report>
				<misses>2824001</misses>
				<total>1840040</total>
				<timestamp>338.680736</timestamp>
			</report>
			<report>
				<misses>2825001</misses>
				<total>1840040</total>
				<timestamp>338.800639</timestamp>
			</report>
			<report>
				<misses>2826001</misses>
				<total>1840040</total>
				<timestamp>338.920562</timestamp>
			</report>
			<report>
				<misses>2827001</misses>
				<total>1840046</total>
				<timestamp>339.040581</timestamp>
			</report>
			<report>
				<misses>2828001</misses>
				<total>1840464</total>
				<timestamp>339.160564</timestamp>
			</report>
			<report>
				<misses>2829001</misses>
				<total>1841250</total>
				<timestamp>339.280491</timestamp>
			</report>
			<report>
				<misses>2830001</misses>
				<total>1842079</total>
				<timestamp>339.400439</timestamp>
			</report>
			<report>
				<misses>2831001</misses>
				<total>1843078</total>
				<timestamp>339.520460</timestamp>
			</report>
			<report>
				<misses>2832001</misses>
				<total>1844077</total>
				<timestamp>339.640537</timestamp>
			</report>
			<report>
				<misses>2833001</misses>
				<total>1845076</total>
				<timestamp>339.760435</timestamp>
			</report>
			<report>
				<misses>2834001</misses>
				<total>1845130</total>
				<timestamp>339.880303</timestamp>
			</report>
			<report>
				<misses>2835001</misses>
				<total>1845449</total>
				<timestamp>340.000141</timestamp>
			</report>
			<report>
				<misses>2836001</misses>
				<total>1846448</total>
				<timestamp>340.120016</timestamp>
			</report>
			<report>
				<misses>2837001</misses>
				<total>1847447</total>
				<timestamp>340.239914</timestamp>
			</report>
			<report>
				<misses>2838001</misses>
				<total>1847771</total>
				<timestamp>340.359776</timestamp>
			</report>
			<report>
				<misses>2839001</misses>
				<total>1847771</total>
				<timestamp>340.479662</timestamp>
			</report>
			<report>
				<misses>2840001</misses>
				<total>1847771</total>
				<timestamp>340.599567</timestamp>
			</report>
			<report>
				<misses>2841001</misses>
				<total>1847771</total>
				<timestamp>340.719443</timestamp>
			</report>
			<report>
				<misses>2842001</misses>
				<total>1847771</total>
				<timestamp>340.839290</timestamp>
			</report>
			<report>
				<misses>2843001</misses>
				<total>1847771</total>
				<timestamp>340.959166</timestamp>
			</report>
			<report>
				<misses>2844001</misses>
				<total>1847771</total>
				<timestamp>341.079071</timestamp>
			</report>
			<report>
				<misses>2845001</misses>
				<total>1847771</total>
				<timestamp>341.198954</timestamp>
			</report>
			<report>
				<misses>2846001</misses>
				<total>1847771</total>
				<timestamp>341.318814</timestamp>
			</report>
			<report>
				<misses>2847001</misses>
				<total>1847771</total>
				<timestamp>341.438725</timestamp>
			</report>
			<report>
				<misses>2848001</misses>
				<total>1847771</total>
				<timestamp>341.558607</timestamp>
			</report>
			<report>
				<misses>2849001</misses>
				<total>1847771</total>
				<timestamp>341.678576</timestamp>
			</report>
			<report>
				<misses>2850001</misses>
				<total>1847771</total>
				<timestamp>341.798470</timestamp>
			</report>
			<report>
				<misses>2851001</misses>
				<total>1847771</total>
				<timestamp>341.918323</timestamp>
			</report>
			<report>
				<misses>2852001</misses>
				<total>1847771</total>
				<timestamp>342.038231</timestamp>
			</report>
			<report>
				<misses>2853001</misses>
				<total>1847771</total>
				<timestamp>342.158074</timestamp>
			</report>
			<report>
				<misses>2854001</misses>
				<total>1847771</total>
				<timestamp>342.277983</timestamp>
			</report>
			<report>
				<misses>2855001</misses>
				<total>1847771</total>
				<timestamp>342.397979</timestamp>
			</report>
			<report>
				<misses>2856001</misses>
				<total>1847771</total>
				<timestamp>342.518008</timestamp>
			</report>
			<report>
				<misses>2857001</misses>
				<total>1847777</total>
				<timestamp>342.637885</timestamp>
			</report>
			<report>
				<misses>2858001</misses>
				<total>1847777</total>
				<timestamp>342.757730</timestamp>
			</report>
			<report>
				<misses>2859001</misses>
				<total>1847777</total>
				<timestamp>342.877625</timestamp>
			</report>
			<report>
				<misses>2860001</misses>
				<total>1847777</total>
				<timestamp>342.997624</timestamp>
			</report>
			<report>
				<misses>2861001</misses>
				<total>1847779</total>
				<timestamp>343.117551</timestamp>
			</report>
			<report>
				<misses>2862001</misses>
				<total>1847778</total>
				<timestamp>343.237404</timestamp>
			</report>
			<report>
				<misses>2863001</misses>
				<total>1847778</total>
				<timestamp>343.357256</timestamp>
			</report>
			<report>
				<misses>2864001</misses>
				<total>1847779</total>
				<timestamp>343.477125</timestamp>
			</report>
			<report>
				<misses>2865001</misses>
				<total>1847778</total>
				<timestamp>343.597080</timestamp>
			</report>
			<report>
				<misses>2866001</misses>
				<total>1847778</total>
				<timestamp>343.717065</timestamp>
			</report>
			<report>
				<misses>2867001</misses>
				<total>1847778</total>
				<timestamp>343.836891</timestamp>
			</report>
			<report>
				<misses>2868001</misses>
				<total>1847778</total>
				<timestamp>343.956815</timestamp>
			</report>
			<report>
				<misses>2869001</misses>
				<total>1847778</total>
				<timestamp>344.076655</timestamp>
			</report>
			<report>
				<misses>2870001</misses>
				<total>1847778</total>
				<timestamp>344.196599</timestamp>
			</report>
			<report>
				<misses>2871001</misses>
				<total>1847778</total>
				<timestamp>344.316579</timestamp>
			</report>
			<report>
				<misses>2872001</misses>
				<total>1847778</total>
				<timestamp>344.436438</timestamp>
			</report>
			<report>
				<misses>2873001</misses>
				<total>1847778</total>
				<timestamp>344.556471</timestamp>
			</report>
			<report>
				<misses>2874001</misses>
				<total>1847778</total>
				<timestamp>344.676456</timestamp>
			</report>
			<report>
				<misses>2875001</misses>
				<total>1847778</total>
				<timestamp>344.796318</timestamp>
			</report>
			<report>
				<misses>2876001</misses>
				<total>1847778</total>
				<timestamp>344.916177</timestamp>
			</report>
			<report>
				<misses>2877001</misses>
				<total>1847778</total>
				<timestamp>345.036092</timestamp>
			</report>
			<report>
				<misses>2878001</misses>
				<total>1847783</total>
				<timestamp>345.155932</timestamp>
			</report>
			<report>
				<misses>2879001</misses>
				<total>1847783</total>
				<timestamp>345.275817</timestamp>
			</report>
			<report>
				<misses>2880001</misses>
				<total>1847783</total>
				<timestamp>345.395682</timestamp>
			</report>
			<report>
				<misses>2881001</misses>
				<total>1847783</total>
				<timestamp>345.515567</timestamp>
			</report>
			<report>
				<misses>2882001</misses>
				<total>1847783</total>
				<timestamp>345.635540</timestamp>
			</report>
			<report>
				<misses>2883001</misses>
				<total>1847783</total>
				<timestamp>345.755516</timestamp>
			</report>
			<report>
				<misses>2884001</misses>
				<total>1847782</total>
				<timestamp>345.875601</timestamp>
			</report>
			<report>
				<misses>2885001</misses>
				<total>1847782</total>
				<timestamp>345.995529</timestamp>
			</report>
			<report>
				<misses>2886001</misses>
				<total>1847783</total>
				<timestamp>346.115458</timestamp>
			</report>
			<report>
				<misses>2887001</misses>
				<total>1847783</total>
				<timestamp>346.235377</timestamp>
			</report>
			<report>
				<misses>2888001</misses>
				<total>1847783</total>
				<timestamp>346.355232</timestamp>
			</report>
			<report>
				<misses>2889001</misses>
				<total>1847783</total>
				<timestamp>346.475123</timestamp>
			</report>
			<report>
				<misses>2890001</misses>
				<total>1847784</total>
				<timestamp>346.594967</timestamp>
			</report>
			<report>
				<misses>2891001</misses>
				<total>1847784</total>
				<timestamp>346.714858</timestamp>
			</report>
			<report>
				<misses>2892001</misses>
				<total>1847784</total>
				<timestamp>346.834736</timestamp>
			</report>
			<report>
				<misses>2893001</misses>
				<total>1847784</total>
				<timestamp>346.954617</timestamp>
			</report>
			<report>
				<misses>2894001</misses>
				<total>1847784</total>
				<timestamp>347.074514</timestamp>
			</report>
			<report>
				<misses>2895001</misses>
				<total>1847784</total>
				<timestamp>347.194394</timestamp>
			</report>
			<report>
				<misses>2896001</misses>
				<total>1847784</total>
				<timestamp>347.314252</timestamp>
			</report>
			<report>
				<misses>2897001</misses>
				<total>1847784</total>
				<timestamp>347.434117</timestamp>
			</report>
			<report>
				<misses>2898001</misses>
				<total>1847784</total>
				<timestamp>347.554072</timestamp>
			</report>
			<report>
				<misses>2899001</misses>
				<total>1847784</total>
				<timestamp>347.673893</timestamp>
			</report>
			<report>
				<misses>2900001</misses>
				<total>1847784</total>
				<timestamp>347.793805</timestamp>
			</report>
			<report>
				<misses>2901001</misses>
				<total>1847785</total>
				<timestamp>347.913655</timestamp>
			</report>
			<report>
				<misses>2902001</misses>
				<total>1847784</total>
				<timestamp>348.033530</timestamp>
			</report>
			<report>
				<misses>2903001</misses>
				<total>1847784</total>
				<timestamp>348.153571</timestamp>
			</report>
			<report>
				<misses>2904001</misses>
				<total>1847784</total>
				<timestamp>348.273420</timestamp>
			</report>
			<report>
				<misses>2905001</misses>
				<total>1847784</total>
				<timestamp>348.393370</timestamp>
			</report>
			<report>
				<misses>2906001</misses>
				<total>1847785</total>
				<timestamp>348.513353</timestamp>
			</report>
			<report>
				<misses>2907001</misses>
				<total>1847784</total>
				<timestamp>348.633164</timestamp>
			</report>
			<report>
				<misses>2908001</misses>
				<total>1847784</total>
				<timestamp>348.753103</timestamp>
			</report>
			<report>
				<misses>2909001</misses>
				<total>1847784</total>
				<timestamp>348.872945</timestamp>
			</report>
			<report>
				<misses>2910001</misses>
				<total>1847784</total>
				<timestamp>348.992831</timestamp>
			</report>
			<report>
				<misses>2911001</misses>
				<total>1847784</total>
				<timestamp>349.112692</timestamp>
			</report>
			<report>
				<misses>2912001</misses>
				<total>1847784</total>
				<timestamp>349.232610</timestamp>
			</report>
			<report>
				<misses>2913001</misses>
				<total>1847784</total>
				<timestamp>349.352489</timestamp>
			</report>
			<report>
				<misses>2914001</misses>
				<total>1847785</total>
				<timestamp>349.472354</timestamp>
			</report>
			<report>
				<misses>2915001</misses>
				<total>1847784</total>
				<timestamp>349.592243</timestamp>
			</report>
			<report>
				<misses>2916001</misses>
				<total>1847784</total>
				<timestamp>349.712122</timestamp>
			</report>
			<report>
				<misses>2917001</misses>
				<total>1847784</total>
				<timestamp>349.831989</timestamp>
			</report>
			<report>
				<misses>2918001</misses>
				<total>1847784</total>
				<timestamp>349.951883</timestamp>
			</report>
			<report>
				<misses>2919001</misses>
				<total>1847784</total>
				<timestamp>350.071712</timestamp>
			</report>
			<report>
				<misses>2920001</misses>
				<total>1847784</total>
				<timestamp>350.191594</timestamp>
			</report>
			<report>
				<misses>2921001</misses>
				<total>1847784</total>
				<timestamp>350.311498</timestamp>
			</report>
			<report>
				<misses>2922001</misses>
				<total>1847784</total>
				<timestamp>350.431408</timestamp>
			</report>
			<report>
				<misses>2923001</misses>
				<total>1847784</total>
				<timestamp>350.551398</timestamp>
			</report>
			<report>
				<misses>2924001</misses>
				<total>1847784</total>
				<timestamp>350.671343</timestamp>
			</report>
			<report>
				<misses>2925001</misses>
				<total>1847784</total>
				<timestamp>350.791268</timestamp>
			</report>
			<report>
				<misses>2926001</misses>
				<total>1847792</total>
				<timestamp>350.911171</timestamp>
			</report>
			<report>
				<misses>2927001</misses>
				<total>1847792</total>
				<timestamp>351.031074</timestamp>
			</report>
			<report>
				<misses>2928001</misses>
				<total>1847792</total>
				<timestamp>351.150941</timestamp>
			</report>
			<report>
				<misses>2929001</misses>
				<total>1847792</total>
				<timestamp>351.270813</timestamp>
			</report>
			<report>
				<misses>2930001</misses>
				<total>1847792</total>
				<timestamp>351.390641</timestamp>
			</report>
			<report>
				<misses>2931001</misses>
				<total>1847792</total>
				<timestamp>351.510536</timestamp>
			</report>
			<report>
				<misses>2932001</misses>
				<total>1847792</total>
				<timestamp>351.630428</timestamp>
			</report>
			<report>
				<misses>2933001</misses>
				<total>1847792</total>
				<timestamp>351.750393</timestamp>
			</report>
			<report>
				<misses>2934001</misses>
				<total>1847792</total>
				<timestamp>351.870378</timestamp>
			</report>
			<report>
				<misses>2935001</misses>
				<total>1847792</total>
				<timestamp>351.990425</timestamp>
			</report>
			<report>
				<misses>2936001</misses>
				<total>1847793</total>
				<timestamp>352.110354</timestamp>
			</report>
			<report>
				<misses>2937001</misses>
				<total>1847793</total>
				<timestamp>352.230345</timestamp>
			</report>
			<report>
				<misses>2938001</misses>
				<total>1847793</total>
				<timestamp>352.350266</timestamp>
			</report>
			<report>
				<misses>2939001</misses>
				<total>1847793</total>
				<timestamp>352.470187</timestamp>
			</report>
			<report>
				<misses>2940001</misses>
				<total>1847799</total>
				<timestamp>352.590064</timestamp>
			</report>
			<report>
				<misses>2941001</misses>
				<total>1847799</total>
				<timestamp>352.709960</timestamp>
			</report>
			<report>
				<misses>2942001</misses>
				<total>1847799</total>
				<timestamp>352.829822</timestamp>
			</report>
			<report>
				<misses>2943001</misses>
				<total>1847799</total>
				<timestamp>352.949687</timestamp>
			</report>
			<report>
				<misses>2944001</misses>
				<total>1847799</total>
				<timestamp>353.069560</timestamp>
			</report>
			<report>
				<misses>2945001</misses>
				<total>1847799</total>
				<timestamp>353.189498</timestamp>
			</report>
			<report>
				<misses>2946001</misses>
				<total>1847799</total>
				<timestamp>353.309404</timestamp>
			</report>
			<report>
				<misses>2947001</misses>
				<total>1847799</total>
				<timestamp>353.429356</timestamp>
			</report>
			<report>
				<misses>2948001</misses>
				<total>1847799</total>
				<timestamp>353.549280</timestamp>
			</report>
			<report>
				<misses>2949001</misses>
				<total>1847799</total>
				<timestamp>353.669208</timestamp>
			</report>
			<report>
				<misses>2950001</misses>
				<total>1847799</total>
				<timestamp>353.789123</timestamp>
			</report>
			<report>
				<misses>2951001</misses>
				<total>1847799</total>
				<timestamp>353.908988</timestamp>
			</report>
			<report>
				<misses>2952001</misses>
				<total>1847799</total>
				<timestamp>354.028859</timestamp>
			</report>
			<report>
				<misses>2953001</misses>
				<total>1847799</total>
				<timestamp>354.148714</timestamp>
			</report>
			<report>
				<misses>2954001</misses>
				<total>1847799</total>
				<timestamp>354.268599</timestamp>
			</report>
			<report>
				<misses>2955001</misses>
				<total>1847799</total>
				<timestamp>354.388529</timestamp>
			</report>
			<report>
				<misses>2956001</misses>
				<total>1847799</total>
				<timestamp>354.508511</timestamp>
			</report>
			<report>
				<misses>2957001</misses>
				<total>1847800</total>
				<timestamp>354.628395</timestamp>
			</report>
			<report>
				<misses>2958001</misses>
				<total>1847800</total>
				<timestamp>354.748314</timestamp>
			</report>
			<report>
				<misses>2959001</misses>
				<total>1847800</total>
				<timestamp>354.868246</timestamp>
			</report>
			<report>
				<misses>2960001</misses>
				<total>1847800</total>
				<timestamp>354.988151</timestamp>
			</report>
			<report>
				<misses>2961001</misses>
				<total>1847800</total>
				<timestamp>355.108056</timestamp>
			</report>
			<report>
				<misses>2962001</misses>
				<total>1847799</total>
				<timestamp>355.227926</timestamp>
			</report>
			<report>
				<misses>2963001</misses>
				<total>1847800</total>
				<timestamp>355.347758</timestamp>
			</report>
			<report>
				<misses>2964001</misses>
				<total>1847800</total>
				<timestamp>355.467647</timestamp>
			</report>
			<report>
				<misses>2965001</misses>
				<total>1847800</total>
				<timestamp>355.587563</timestamp>
			</report>
			<report>
				<misses>2966001</misses>
				<total>1847800</total>
				<timestamp>355.707443</timestamp>
			</report>
			<report>
				<misses>2967001</misses>
				<total>1847800</total>
				<timestamp>355.827363</timestamp>
			</report>
			<report>
				<misses>2968001</misses>
				<total>1847812</total>
				<timestamp>355.947332</timestamp>
			</report>
			<report>
				<misses>2969001</misses>
				<total>1847812</total>
				<timestamp>356.067203</timestamp>
			</report>
			<report>
				<misses>2970001</misses>
				<total>1847812</total>
				<timestamp>356.187067</timestamp>
			</report>
			<report>
				<misses>2971001</misses>
				<total>1847812</total>
				<timestamp>356.306939</timestamp>
			</report>
			<report>
				<misses>2972001</misses>
				<total>1847812</total>
				<timestamp>356.426830</timestamp>
			</report>
			<report>
				<misses>2973001</misses>
				<total>1847812</total>
				<timestamp>356.546694</timestamp>
			</report>
			<report>
				<misses>2974001</misses>
				<total>1847813</total>
				<timestamp>356.666571</timestamp>
			</report>
			<report>
				<misses>2975001</misses>
				<total>1847815</total>
				<timestamp>356.786511</timestamp>
			</report>
			<report>
				<misses>2976001</misses>
				<total>1847815</total>
				<timestamp>356.906380</timestamp>
			</report>
			<report>
				<misses>2977001</misses>
				<total>1847815</total>
				<timestamp>357.026255</timestamp>
			</report>
			<report>
				<misses>2978001</misses>
				<total>1847815</total>
				<timestamp>357.146152</timestamp>
			</report>
			<report>
				<misses>2979001</misses>
				<total>1847815</total>
				<timestamp>357.265982</timestamp>
			</report>
			<report>
				<misses>2980001</misses>
				<total>1847815</total>
				<timestamp>357.385858</timestamp>
			</report>
			<report>
				<misses>2981001</misses>
				<total>1847816</total>
				<timestamp>357.505820</timestamp>
			</report>
			<report>
				<misses>2982001</misses>
				<total>1847815</total>
				<timestamp>357.625742</timestamp>
			</report>
			<report>
				<misses>2983001</misses>
				<total>1847815</total>
				<timestamp>357.745609</timestamp>
			</report>
			<report>
				<misses>2984001</misses>
				<total>1847815</total>
				<timestamp>357.865506</timestamp>
			</report>
			<report>
				<misses>2985001</misses>
				<total>1847815</total>
				<timestamp>357.985361</timestamp>
			</report>
			<report>
				<misses>2986001</misses>
				<total>1847815</total>
				<timestamp>358.105269</timestamp>
			</report>
			<report>
				<misses>2987001</misses>
				<total>1847815</total>
				<timestamp>358.225141</timestamp>
			</report>
			<report>
				<misses>2988001</misses>
				<total>1847815</total>
				<timestamp>358.345066</timestamp>
			</report>
			<report>
				<misses>2989001</misses>
				<total>1847815</total>
				<timestamp>358.464894</timestamp>
			</report>
			<report>
				<misses>2990001</misses>
				<total>1847815</total>
				<timestamp>358.584841</timestamp>
			</report>
			<report>
				<misses>2991001</misses>
				<total>1847815</total>
				<timestamp>358.704816</timestamp>
			</report>
			<report>
				<misses>2992001</misses>
				<total>1847815</total>
				<timestamp>358.824652</timestamp>
			</report>
			<report>
				<misses>2993001</misses>
				<total>1847819</total>
				<timestamp>358.944522</timestamp>
			</report>
			<report>
				<misses>2994001</misses>
				<total>1847819</total>
				<timestamp>359.064459</timestamp>
			</report>
			<report>
				<misses>2995001</misses>
				<total>1847820</total>
				<timestamp>359.184296</timestamp>
			</report>
			<report>
				<misses>2996001</misses>
				<total>1847829</total>
				<timestamp>359.304319</timestamp>
			</report>
			<report>
				<misses>2997001</misses>
				<total>1847830</total>
				<timestamp>359.424172</timestamp>
			</report>
			<report>
				<misses>2998001</misses>
				<total>1847829</total>
				<timestamp>359.544069</timestamp>
			</report>
			<report>
				<misses>2999001</misses>
				<total>1847828</total>
				<timestamp>359.663945</timestamp>
			</report>
			<report>
				<misses>3000001</misses>
				<total>1847828</total>
				<timestamp>359.783826</timestamp>
			</report>
			<report>
				<misses>3001001</misses>
				<total>1847829</total>
				<timestamp>359.903693</timestamp>
			</report>
			<report>
				<misses>3002001</misses>
				<total>1847829</total>
				<timestamp>360.023576</timestamp>
			</report>
			<report>
				<misses>3003001</misses>
				<total>1847829</total>
				<timestamp>360.143444</timestamp>
			</report>
			<report>
				<misses>3004001</misses>
				<total>1847829</total>
				<timestamp>360.263358</timestamp>
			</report>
			<report>
				<misses>3005001</misses>
				<total>1847829</total>
				<timestamp>360.383299</timestamp>
			</report>
			<report>
				<misses>3006001</misses>
				<total>1847829</total>
				<timestamp>360.503284</timestamp>
			</report>
			<report>
				<misses>3007001</misses>
				<total>1847829</total>
				<timestamp>360.623287</timestamp>
			</report>
			<report>
				<misses>3008001</misses>
				<total>1847829</total>
				<timestamp>360.743305</timestamp>
			</report>
			<report>
				<misses>3009001</misses>
				<total>1847829</total>
				<timestamp>360.863313</timestamp>
			</report>
			<report>
				<misses>3010001</misses>
				<total>1847831</total>
				<timestamp>360.983296</timestamp>
			</report>
			<report>
				<misses>3011001</misses>
				<total>1847831</total>
				<timestamp>361.103333</timestamp>
			</report>
			<report>
				<misses>3012001</misses>
				<total>1847831</total>
				<timestamp>361.223294</timestamp>
			</report>
			<report>
				<misses>3013001</misses>
				<total>1847831</total>
				<timestamp>361.343302</timestamp>
			</report>
			<report>
				<misses>3014001</misses>
				<total>1847830</total>
				<timestamp>361.463213</timestamp>
			</report>
			<report>
				<misses>3015001</misses>
				<total>1847831</total>
				<timestamp>361.583079</timestamp>
			</report>
			<report>
				<misses>3016001</misses>
				<total>1847831</total>
				<timestamp>361.702973</timestamp>
			</report>
			<report>
				<misses>3017001</misses>
				<total>1847831</total>
				<timestamp>361.822857</timestamp>
			</report>
			<report>
				<misses>3018001</misses>
				<total>1847831</total>
				<timestamp>361.942725</timestamp>
			</report>
			<report>
				<misses>3019001</misses>
				<total>1847831</total>
				<timestamp>362.062623</timestamp>
			</report>
			<report>
				<misses>3020001</misses>
				<total>1847831</total>
				<timestamp>362.182511</timestamp>
			</report>
			<report>
				<misses>3021001</misses>
				<total>1847831</total>
				<timestamp>362.302414</timestamp>
			</report>
			<report>
				<misses>3022001</misses>
				<total>1847831</total>
				<timestamp>362.422292</timestamp>
			</report>
			<report>
				<misses>3023001</misses>
				<total>1847831</total>
				<timestamp>362.542166</timestamp>
			</report>
			<report>
				<misses>3024001</misses>
				<total>1847832</total>
				<timestamp>362.662006</timestamp>
			</report>
			<report>
				<misses>3025001</misses>
				<total>1847831</total>
				<timestamp>362.781945</timestamp>
			</report>
			<report>
				<misses>3026001</misses>
				<total>1847830</total>
				<timestamp>362.901818</timestamp>
			</report>
			<report>
				<misses>3027001</misses>
				<total>1847834</total>
				<timestamp>363.021663</timestamp>
			</report>
			<report>
				<misses>3028001</misses>
				<total>1847834</total>
				<timestamp>363.141524</timestamp>
			</report>
			<report>
				<misses>3029001</misses>
				<total>1847834</total>
				<timestamp>363.261478</timestamp>
			</report>
			<report>
				<misses>3030001</misses>
				<total>1847834</total>
				<timestamp>363.381459</timestamp>
			</report>
			<report>
				<misses>3031001</misses>
				<total>1847834</total>
				<timestamp>363.501407</timestamp>
			</report>
			<report>
				<misses>3032001</misses>
				<total>1847834</total>
				<timestamp>363.621320</timestamp>
			</report>
			<report>
				<misses>3033001</misses>
				<total>1847834</total>
				<timestamp>363.741184</timestamp>
			</report>
			<report>
				<misses>3034001</misses>
				<total>1847834</total>
				<timestamp>363.861090</timestamp>
			</report>
			<report>
				<misses>3035001</misses>
				<total>1847834</total>
				<timestamp>363.980948</timestamp>
			</report>
			<report>
				<misses>3036001</misses>
				<total>1847833</total>
				<timestamp>364.100923</timestamp>
			</report>
			<report>
				<misses>3037001</misses>
				<total>1847834</total>
				<timestamp>364.220824</timestamp>
			</report>
			<report>
				<misses>3038001</misses>
				<total>1847834</total>
				<timestamp>364.340692</timestamp>
			</report>
			<report>
				<misses>3039001</misses>
				<total>1847834</total>
				<timestamp>364.460595</timestamp>
			</report>
			<report>
				<misses>3040001</misses>
				<total>1847834</total>
				<timestamp>364.580451</timestamp>
			</report>
			<report>
				<misses>3041001</misses>
				<total>1847835</total>
				<timestamp>364.700443</timestamp>
			</report>
			<report>
				<misses>3042001</misses>
				<total>1847835</total>
				<timestamp>364.820354</timestamp>
			</report>
			<report>
				<misses>3043001</misses>
				<total>1847835</total>
				<timestamp>364.940257</timestamp>
			</report>
			<report>
				<misses>3044001</misses>
				<total>1847835</total>
				<timestamp>365.060167</timestamp>
			</report>
			<report>
				<misses>3045001</misses>
				<total>1847835</total>
				<timestamp>365.180133</timestamp>
			</report>
			<report>
				<misses>3046001</misses>
				<total>1847841</total>
				<timestamp>365.299982</timestamp>
			</report>
			<report>
				<misses>3047001</misses>
				<total>1847841</total>
				<timestamp>365.419853</timestamp>
			</report>
			<report>
				<misses>3048001</misses>
				<total>1847841</total>
				<timestamp>365.539756</timestamp>
			</report>
			<report>
				<misses>3049001</misses>
				<total>1847841</total>
				<timestamp>365.659721</timestamp>
			</report>
			<report>
				<misses>3050001</misses>
				<total>1847841</total>
				<timestamp>365.779610</timestamp>
			</report>
			<report>
				<misses>3051001</misses>
				<total>1847841</total>
				<timestamp>365.899501</timestamp>
			</report>
			<report>
				<misses>3052001</misses>
				<total>1847840</total>
				<timestamp>366.019395</timestamp>
			</report>
			<report>
				<misses>3053001</misses>
				<total>1847841</total>
				<timestamp>366.139326</timestamp>
			</report>
			<report>
				<misses>3054001</misses>
				<total>1847841</total>
				<timestamp>366.259330</timestamp>
			</report>
			<report>
				<misses>3055001</misses>
				<total>1847840</total>
				<timestamp>366.379295</timestamp>
			</report>
			<report>
				<misses>3056001</misses>
				<total>1847840</total>
				<timestamp>366.499186</timestamp>
			</report>
			<report>
				<misses>3057001</misses>
				<total>1847841</total>
				<timestamp>366.619057</timestamp>
			</report>
			<report>
				<misses>3058001</misses>
				<total>1847841</total>
				<timestamp>366.738912</timestamp>
			</report>
			<report>
				<misses>3059001</misses>
				<total>1847841</total>
				<timestamp>366.858815</timestamp>
			</report>
			<report>
				<misses>3060001</misses>
				<total>1847843</total>
				<timestamp>366.978656</timestamp>
			</report>
			<report>
				<misses>3061001</misses>
				<total>1847843</total>
				<timestamp>367.098567</timestamp>
			</report>
			<report>
				<misses>3062001</misses>
				<total>1847843</total>
				<timestamp>367.218395</timestamp>
			</report>
			<report>
				<misses>3063001</misses>
				<total>1847843</total>
				<timestamp>367.338306</timestamp>
			</report>
			<report>
				<misses>3064001</misses>
				<total>1847844</total>
				<timestamp>367.458241</timestamp>
			</report>
			<report>
				<misses>3065001</misses>
				<total>1847843</total>
				<timestamp>367.578234</timestamp>
			</report>
			<report>
				<misses>3066001</misses>
				<total>1847843</total>
				<timestamp>367.698315</timestamp>
			</report>
			<report>
				<misses>3067001</misses>
				<total>1847844</total>
				<timestamp>367.818266</timestamp>
			</report>
			<report>
				<misses>3068001</misses>
				<total>1847843</total>
				<timestamp>367.938246</timestamp>
			</report>
			<report>
				<misses>3069001</misses>
				<total>1847844</total>
				<timestamp>368.058226</timestamp>
			</report>
			<report>
				<misses>3070001</misses>
				<total>1847844</total>
				<timestamp>368.178071</timestamp>
			</report>
			<report>
				<misses>3071001</misses>
				<total>1847844</total>
				<timestamp>368.297945</timestamp>
			</report>
			<report>
				<misses>3072001</misses>
				<total>1847844</total>
				<timestamp>368.417828</timestamp>
			</report>
			<report>
				<misses>3073001</misses>
				<total>1847843</total>
				<timestamp>368.537764</timestamp>
			</report>
			<report>
				<misses>3074001</misses>
				<total>1847844</total>
				<timestamp>368.657692</timestamp>
			</report>
			<report>
				<misses>3075001</misses>
				<total>1847844</total>
				<timestamp>368.777579</timestamp>
			</report>
			<report>
				<misses>3076001</misses>
				<total>1847844</total>
				<timestamp>368.897482</timestamp>
			</report>
			<report>
				<misses>3077001</misses>
				<total>1847844</total>
				<timestamp>369.017385</timestamp>
			</report>
			<report>
				<misses>3078001</misses>
				<total>1847849</total>
				<timestamp>369.137291</timestamp>
			</report>
			<report>
				<misses>3079001</misses>
				<total>1847848</total>
				<timestamp>369.257321</timestamp>
			</report>
			<report>
				<misses>3080001</misses>
				<total>1847849</total>
				<timestamp>369.377240</timestamp>
			</report>
			<report>
				<misses>3081001</misses>
				<total>1847849</total>
				<timestamp>369.497101</timestamp>
			</report>
			<report>
				<misses>3082001</misses>
				<total>1847849</total>
				<timestamp>369.616991</timestamp>
			</report>
			<report>
				<misses>3083001</misses>
				<total>1847849</total>
				<timestamp>369.736863</timestamp>
			</report>
			<report>
				<misses>3084001</misses>
				<total>1847849</total>
				<timestamp>369.856730</timestamp>
			</report>
			<report>
				<misses>3085001</misses>
				<total>1847849</total>
				<timestamp>369.976608</timestamp>
			</report>
			<report>
				<misses>3086001</misses>
				<total>1847849</total>
				<timestamp>370.096479</timestamp>
			</report>
			<report>
				<misses>3087001</misses>
				<total>1847849</total>
				<timestamp>370.216463</timestamp>
			</report>
			<report>
				<misses>3088001</misses>
				<total>1847849</total>
				<timestamp>370.336372</timestamp>
			</report>
			<report>
				<misses>3089001</misses>
				<total>1847849</total>
				<timestamp>370.456265</timestamp>
			</report>
			<report>
				<misses>3090001</misses>
				<total>1847849</total>
				<timestamp>370.576134</timestamp>
			</report>
			<report>
				<misses>3091001</misses>
				<total>1847849</total>
				<timestamp>370.696076</timestamp>
			</report>
			<report>
				<misses>3092001</misses>
				<total>1847849</total>
				<timestamp>370.816075</timestamp>
			</report>
			<report>
				<misses>3093001</misses>
				<total>1847849</total>
				<timestamp>370.936089</timestamp>
			</report>
			<report>
				<misses>3094001</misses>
				<total>1847849</total>
				<timestamp>371.056064</timestamp>
			</report>
			<report>
				<misses>3095001</misses>
				<total>1847850</total>
				<timestamp>371.175940</timestamp>
			</report>
			<report>
				<misses>3096001</misses>
				<total>1847850</total>
				<timestamp>371.295826</timestamp>
			</report>
			<report>
				<misses>3097001</misses>
				<total>1847850</total>
				<timestamp>371.415676</timestamp>
			</report>
			<report>
				<misses>3098001</misses>
				<total>1847850</total>
				<timestamp>371.535532</timestamp>
			</report>
			<report>
				<misses>3099001</misses>
				<total>1847849</total>
				<timestamp>371.655420</timestamp>
			</report>
			<report>
				<misses>3100001</misses>
				<total>1847850</total>
				<timestamp>371.775419</timestamp>
			</report>
			<report>
				<misses>3101001</misses>
				<total>1847850</total>
				<timestamp>371.895324</timestamp>
			</report>
			<report>
				<misses>3102001</misses>
				<total>1847850</total>
				<timestamp>372.015220</timestamp>
			</report>
			<report>
				<misses>3103001</misses>
				<total>1847850</total>
				<timestamp>372.135084</timestamp>
			</report>
			<report>
				<misses>3104001</misses>
				<total>1847850</total>
				<timestamp>372.255089</timestamp>
			</report>
			<report>
				<misses>3105001</misses>
				<total>1847850</total>
				<timestamp>372.374953</timestamp>
			</report>
			<report>
				<misses>3106001</misses>
				<total>1847850</total>
				<timestamp>372.494825</timestamp>
			</report>
			<report>
				<misses>3107001</misses>
				<total>1847850</total>
				<timestamp>372.614693</timestamp>
			</report>
			<report>
				<misses>3108001</misses>
				<total>1847851</total>
				<timestamp>372.734563</timestamp>
			</report>
			<report>
				<misses>3109001</misses>
				<total>1847850</total>
				<timestamp>372.854447</timestamp>
			</report>
			<report>
				<misses>3110001</misses>
				<total>1847850</total>
				<timestamp>372.974357</timestamp>
			</report>
			<report>
				<misses>3111001</misses>
				<total>1847850</total>
				<timestamp>373.094248</timestamp>
			</report>
			<report>
				<misses>3112001</misses>
				<total>1847850</total>
				<timestamp>373.214122</timestamp>
			</report>
			<report>
				<misses>3113001</misses>
				<total>1847850</total>
				<timestamp>373.333959</timestamp>
			</report>
			<report>
				<misses>3114001</misses>
				<total>1847850</total>
				<timestamp>373.453876</timestamp>
			</report>
			<report>
				<misses>3115001</misses>
				<total>1847850</total>
				<timestamp>373.573714</timestamp>
			</report>
			<report>
				<misses>3116001</misses>
				<total>1847850</total>
				<timestamp>373.693618</timestamp>
			</report>
			<report>
				<misses>3117001</misses>
				<total>1847851</total>
				<timestamp>373.813490</timestamp>
			</report>
			<report>
				<misses>3118001</misses>
				<total>1847851</total>
				<timestamp>373.933400</timestamp>
			</report>
			<report>
				<misses>3119001</misses>
				<total>1847851</total>
				<timestamp>374.053346</timestamp>
			</report>
			<report>
				<misses>3120001</misses>
				<total>1847851</total>
				<timestamp>374.173391</timestamp>
			</report>
			<report>
				<misses>3121001</misses>
				<total>1847850</total>
				<timestamp>374.293332</timestamp>
			</report>
			<report>
				<misses>3122001</misses>
				<total>1847851</total>
				<timestamp>374.413334</timestamp>
			</report>
			<report>
				<misses>3123001</misses>
				<total>1847851</total>
				<timestamp>374.533256</timestamp>
			</report>
			<report>
				<misses>3124001</misses>
				<total>1847851</total>
				<timestamp>374.653207</timestamp>
			</report>
			<report>
				<misses>3125001</misses>
				<total>1847852</total>
				<timestamp>374.773207</timestamp>
			</report>
			<report>
				<misses>3126001</misses>
				<total>1847852</total>
				<timestamp>374.893220</timestamp>
			</report>
			<report>
				<misses>3127001</misses>
				<total>1847852</total>
				<timestamp>375.013186</timestamp>
			</report>
			<report>
				<misses>3128001</misses>
				<total>1847852</total>
				<timestamp>375.133007</timestamp>
			</report>
			<report>
				<misses>3129001</misses>
				<total>1847852</total>
				<timestamp>375.252892</timestamp>
			</report>
			<report>
				<misses>3130001</misses>
				<total>1847852</total>
				<timestamp>375.372835</timestamp>
			</report>
			<report>
				<misses>3131001</misses>
				<total>1847852</total>
				<timestamp>375.492827</timestamp>
			</report>
			<report>
				<misses>3132001</misses>
				<total>1847852</total>
				<timestamp>375.612651</timestamp>
			</report>
			<report>
				<misses>3133001</misses>
				<total>1847854</total>
				<timestamp>375.732544</timestamp>
			</report>
			<report>
				<misses>3134001</misses>
				<total>1847857</total>
				<timestamp>375.852397</timestamp>
			</report>
			<report>
				<misses>3135001</misses>
				<total>1847857</total>
				<timestamp>375.972330</timestamp>
			</report>
			<report>
				<misses>3136001</misses>
				<total>1847859</total>
				<timestamp>376.092193</timestamp>
			</report>
			<report>
				<misses>3137001</misses>
				<total>1847859</total>
				<timestamp>376.212071</timestamp>
			</report>
			<report>
				<misses>3138001</misses>
				<total>1847859</total>
				<timestamp>376.331961</timestamp>
			</report>
			<report>
				<misses>3139001</misses>
				<total>1847859</total>
				<timestamp>376.451822</timestamp>
			</report>
			<report>
				<misses>3140001</misses>
				<total>1847859</total>
				<timestamp>376.571685</timestamp>
			</report>
			<report>
				<misses>3141001</misses>
				<total>1847862</total>
				<timestamp>376.691572</timestamp>
			</report>
			<report>
				<misses>3142001</misses>
				<total>1847862</total>
				<timestamp>376.811458</timestamp>
			</report>
			<report>
				<misses>3143001</misses>
				<total>1847862</total>
				<timestamp>376.931404</timestamp>
			</report>
			<report>
				<misses>3144001</misses>
				<total>1847862</total>
				<timestamp>377.051389</timestamp>
			</report>
			<report>
				<misses>3145001</misses>
				<total>1847862</total>
				<timestamp>377.171221</timestamp>
			</report>
			<report>
				<misses>3146001</misses>
				<total>1847862</total>
				<timestamp>377.291191</timestamp>
			</report>
			<report>
				<misses>3147001</misses>
				<total>1847862</total>
				<timestamp>377.411080</timestamp>
			</report>
			<report>
				<misses>3148001</misses>
				<total>1847862</total>
				<timestamp>377.530984</timestamp>
			</report>
			<report>
				<misses>3149001</misses>
				<total>1847877</total>
				<timestamp>377.650861</timestamp>
			</report>
			<report>
				<misses>3150001</misses>
				<total>1847877</total>
				<timestamp>377.770715</timestamp>
			</report>
			<report>
				<misses>3151001</misses>
				<total>1847877</total>
				<timestamp>377.890598</timestamp>
			</report>
			<report>
				<misses>3152001</misses>
				<total>1847877</total>
				<timestamp>378.010493</timestamp>
			</report>
			<report>
				<misses>3153001</misses>
				<total>1847877</total>
				<timestamp>378.130390</timestamp>
			</report>
			<report>
				<misses>3154001</misses>
				<total>1847877</total>
				<timestamp>378.250260</timestamp>
			</report>
			<report>
				<misses>3155001</misses>
				<total>1847879</total>
				<timestamp>378.370215</timestamp>
			</report>
			<report>
				<misses>3156001</misses>
				<total>1847880</total>
				<timestamp>378.490181</timestamp>
			</report>
			<report>
				<misses>3157001</misses>
				<total>1847881</total>
				<timestamp>378.610052</timestamp>
			</report>
			<report>
				<misses>3158001</misses>
				<total>1847881</total>
				<timestamp>378.729920</timestamp>
			</report>
			<report>
				<misses>3159001</misses>
				<total>1847881</total>
				<timestamp>378.849812</timestamp>
			</report>
			<report>
				<misses>3160001</misses>
				<total>1847881</total>
				<timestamp>378.969659</timestamp>
			</report>
			<report>
				<misses>3161001</misses>
				<total>1847881</total>
				<timestamp>379.089516</timestamp>
			</report>
			<report>
				<misses>3162001</misses>
				<total>1847881</total>
				<timestamp>379.209400</timestamp>
			</report>
			<report>
				<misses>3163001</misses>
				<total>1847887</total>
				<timestamp>379.329354</timestamp>
			</report>
			<report>
				<misses>3164001</misses>
				<total>1847887</total>
				<timestamp>379.449187</timestamp>
			</report>
			<report>
				<misses>3165001</misses>
				<total>1847887</total>
				<timestamp>379.569075</timestamp>
			</report>
			<report>
				<misses>3166001</misses>
				<total>1847887</total>
				<timestamp>379.688920</timestamp>
			</report>
			<report>
				<misses>3167001</misses>
				<total>1847897</total>
				<timestamp>379.808820</timestamp>
			</report>
			<report>
				<misses>3168001</misses>
				<total>1847897</total>
				<timestamp>379.928685</timestamp>
			</report>
			<report>
				<misses>3169001</misses>
				<total>1847897</total>
				<timestamp>380.048560</timestamp>
			</report>
			<report>
				<misses>3170001</misses>
				<total>1847897</total>
				<timestamp>380.168449</timestamp>
			</report>
			<report>
				<misses>3171001</misses>
				<total>1847897</total>
				<timestamp>380.288361</timestamp>
			</report>
			<report>
				<misses>3172001</misses>
				<total>1847897</total>
				<timestamp>380.408220</timestamp>
			</report>
			<report>
				<misses>3173001</misses>
				<total>1847897</total>
				<timestamp>380.528232</timestamp>
			</report>
			<report>
				<misses>3174001</misses>
				<total>1847905</total>
				<timestamp>380.648158</timestamp>
			</report>
			<report>
				<misses>3175001</misses>
				<total>1848617</total>
				<timestamp>380.768187</timestamp>
			</report>
			<report>
				<misses>3176001</misses>
				<total>1849616</total>
				<timestamp>380.888162</timestamp>
			</report>
			<report>
				<misses>3177001</misses>
				<total>1850615</total>
				<timestamp>381.008229</timestamp>
			</report>
			<report>
				<misses>3178001</misses>
				<total>1851614</total>
				<timestamp>381.128260</timestamp>
			</report>
			<report>
				<misses>3179001</misses>
				<total>1852613</total>
				<timestamp>381.248163</timestamp>
			</report>
			<report>
				<misses>3180001</misses>
				<total>1853612</total>
				<timestamp>381.368154</timestamp>
			</report>
			<report>
				<misses>3181001</misses>
				<total>1854611</total>
				<timestamp>381.488132</timestamp>
			</report>
			<report>
				<misses>3182001</misses>
				<total>1855610</total>
				<timestamp>381.607979</timestamp>
			</report>
			<report>
				<misses>3183001</misses>
				<total>1856609</total>
				<timestamp>381.727883</timestamp>
			</report>
			<report>
				<misses>3184001</misses>
				<total>1857608</total>
				<timestamp>381.847713</timestamp>
			</report>
			<report>
				<misses>3185001</misses>
				<total>1858607</total>
				<timestamp>381.967600</timestamp>
			</report>
			<report>
				<misses>3186001</misses>
				<total>1859606</total>
				<timestamp>382.087511</timestamp>
			</report>
			<report>
				<misses>3187001</misses>
				<total>1860605</total>
				<timestamp>382.207376</timestamp>
			</report>
			<report>
				<misses>3188001</misses>
				<total>1861604</total>
				<timestamp>382.327327</timestamp>
			</report>
			<report>
				<misses>3189001</misses>
				<total>1862603</total>
				<timestamp>382.447326</timestamp>
			</report>
			<report>
				<misses>3190001</misses>
				<total>1863602</total>
				<timestamp>382.567308</timestamp>
			</report>
			<report>
				<misses>3191001</misses>
				<total>1864601</total>
				<timestamp>382.687202</timestamp>
			</report>
			<report>
				<misses>3192001</misses>
				<total>1865600</total>
				<timestamp>382.807233</timestamp>
			</report>
			<report>
				<misses>3193001</misses>
				<total>1866599</total>
				<timestamp>382.927165</timestamp>
			</report>
			<report>
				<misses>3194001</misses>
				<total>1867598</total>
				<timestamp>383.047073</timestamp>
			</report>
			<report>
				<misses>3195001</misses>
				<total>1868597</total>
				<timestamp>383.167016</timestamp>
			</report>
			<report>
				<misses>3196001</misses>
				<total>1869596</total>
				<timestamp>383.286922</timestamp>
			</report>
			<report>
				<misses>3197001</misses>
				<total>1870595</total>
				<timestamp>383.406784</timestamp>
			</report>
			<report>
				<misses>3198001</misses>
				<total>1871594</total>
				<timestamp>383.526665</timestamp>
			</report>
			<report>
				<misses>3199001</misses>
				<total>1872593</total>
				<timestamp>383.646524</timestamp>
			</report>
			<report>
				<misses>3200001</misses>
				<total>1873592</total>
				<timestamp>383.766440</timestamp>
			</report>
			<report>
				<misses>3201001</misses>
				<total>1874591</total>
				<timestamp>383.886368</timestamp>
			</report>
			<report>
				<misses>3202001</misses>
				<total>1875590</total>
				<timestamp>384.006365</timestamp>
			</report>
			<report>
				<misses>3203001</misses>
				<total>1876589</total>
				<timestamp>384.126303</timestamp>
			</report>
			<report>
				<misses>3204001</misses>
				<total>1877588</total>
				<timestamp>384.246314</timestamp>
			</report>
			<report>
				<misses>3205001</misses>
				<total>1878587</total>
				<timestamp>384.366178</timestamp>
			</report>
			<report>
				<misses>3206001</misses>
				<total>1879586</total>
				<timestamp>384.486127</timestamp>
			</report>
			<report>
				<misses>3207001</misses>
				<total>1880585</total>
				<timestamp>384.606207</timestamp>
			</report>
			<report>
				<misses>3208001</misses>
				<total>1881584</total>
				<timestamp>384.726179</timestamp>
			</report>
			<report>
				<misses>3209001</misses>
				<total>1882583</total>
				<timestamp>384.846133</timestamp>
			</report>
			<report>
				<misses>3210001</misses>
				<total>1883582</total>
				<timestamp>384.966163</timestamp>
			</report>
			<report>
				<misses>3211001</misses>
				<total>1884581</total>
				<timestamp>385.086126</timestamp>
			</report>
			<report>
				<misses>3212001</misses>
				<total>1885580</total>
				<timestamp>385.206102</timestamp>
			</report>
			<report>
				<misses>3213001</misses>
				<total>1886579</total>
				<timestamp>385.325938</timestamp>
			</report>
			<report>
				<misses>3214001</misses>
				<total>1887578</total>
				<timestamp>385.445836</timestamp>
			</report>
			<report>
				<misses>3215001</misses>
				<total>1888577</total>
				<timestamp>385.565681</timestamp>
			</report>
			<report>
				<misses>3216001</misses>
				<total>1889576</total>
				<timestamp>385.685585</timestamp>
			</report>
			<report>
				<misses>3217001</misses>
				<total>1890575</total>
				<timestamp>385.805455</timestamp>
			</report>
			<report>
				<misses>3218001</misses>
				<total>1891574</total>
				<timestamp>385.925355</timestamp>
			</report>
			<report>
				<misses>3219001</misses>
				<total>1892573</total>
				<timestamp>386.045311</timestamp>
			</report>
			<report>
				<misses>3220001</misses>
				<total>1893572</total>
				<timestamp>386.165288</timestamp>
			</report>
			<report>
				<misses>3221001</misses>
				<total>1894571</total>
				<timestamp>386.285243</timestamp>
			</report>
			<report>
				<misses>3222001</misses>
				<total>1895570</total>
				<timestamp>386.405138</timestamp>
			</report>
			<report>
				<misses>3223001</misses>
				<total>1896569</total>
				<timestamp>386.525009</timestamp>
			</report>
			<report>
				<misses>3224001</misses>
				<total>1897568</total>
				<timestamp>386.644878</timestamp>
			</report>
			<report>
				<misses>3225001</misses>
				<total>1898567</total>
				<timestamp>386.764726</timestamp>
			</report>
			<report>
				<misses>3226001</misses>
				<total>1899566</total>
				<timestamp>386.884606</timestamp>
			</report>
			<report>
				<misses>3227001</misses>
				<total>1900565</total>
				<timestamp>387.004505</timestamp>
			</report>
			<report>
				<misses>3228001</misses>
				<total>1901564</total>
				<timestamp>387.124380</timestamp>
			</report>
			<report>
				<misses>3229001</misses>
				<total>1902563</total>
				<timestamp>387.244343</timestamp>
			</report>
			<report>
				<misses>3230001</misses>
				<total>1903562</total>
				<timestamp>387.364269</timestamp>
			</report>
			<report>
				<misses>3231001</misses>
				<total>1904561</total>
				<timestamp>387.484270</timestamp>
			</report>
			<report>
				<misses>3232001</misses>
				<total>1905560</total>
				<timestamp>387.604248</timestamp>
			</report>
			<report>
				<misses>3233001</misses>
				<total>1906559</total>
				<timestamp>387.724202</timestamp>
			</report>
			<report>
				<misses>3234001</misses>
				<total>1907558</total>
				<timestamp>387.844252</timestamp>
			</report>
			<report>
				<misses>3235001</misses>
				<total>1908557</total>
				<timestamp>387.964211</timestamp>
			</report>
			<report>
				<misses>3236001</misses>
				<total>1909556</total>
				<timestamp>388.084203</timestamp>
			</report>
			<report>
				<misses>3237001</misses>
				<total>1910555</total>
				<timestamp>388.204235</timestamp>
			</report>
			<report>
				<misses>3238001</misses>
				<total>1911554</total>
				<timestamp>388.324178</timestamp>
			</report>
			<report>
				<misses>3239001</misses>
				<total>1912553</total>
				<timestamp>388.444085</timestamp>
			</report>
			<report>
				<misses>3240001</misses>
				<total>1913552</total>
				<timestamp>388.564146</timestamp>
			</report>
			<report>
				<misses>3241001</misses>
				<total>1914551</total>
				<timestamp>388.684108</timestamp>
			</report>
			<report>
				<misses>3242001</misses>
				<total>1915550</total>
				<timestamp>388.804137</timestamp>
			</report>
			<report>
				<misses>3243001</misses>
				<total>1916549</total>
				<timestamp>388.924105</timestamp>
			</report>
			<report>
				<misses>3244001</misses>
				<total>1917548</total>
				<timestamp>389.044155</timestamp>
			</report>
			<report>
				<misses>3245001</misses>
				<total>1918547</total>
				<timestamp>389.164132</timestamp>
			</report>
			<report>
				<misses>3246001</misses>
				<total>1919546</total>
				<timestamp>389.284104</timestamp>
			</report>
			<report>
				<misses>3247001</misses>
				<total>1920545</total>
				<timestamp>389.404108</timestamp>
			</report>
			<report>
				<misses>3248001</misses>
				<total>1921544</total>
				<timestamp>389.524078</timestamp>
			</report>
			<report>
				<misses>3249001</misses>
				<total>1922543</total>
				<timestamp>389.644120</timestamp>
			</report>
			<report>
				<misses>3250001</misses>
				<total>1923542</total>
				<timestamp>389.764144</timestamp>
			</report>
			<report>
				<misses>3251001</misses>
				<total>1924541</total>
				<timestamp>389.884097</timestamp>
			</report>
			<report>
				<misses>3252001</misses>
				<total>1925540</total>
				<timestamp>390.004147</timestamp>
			</report>
			<report>
				<misses>3253001</misses>
				<total>1926539</total>
				<timestamp>390.124119</timestamp>
			</report>
			<report>
				<misses>3254001</misses>
				<total>1927538</total>
				<timestamp>390.244090</timestamp>
			</report>
			<report>
				<misses>3255001</misses>
				<total>1928537</total>
				<timestamp>390.364137</timestamp>
			</report>
			<report>
				<misses>3256001</misses>
				<total>1929536</total>
				<timestamp>390.484119</timestamp>
			</report>
			<report>
				<misses>3257001</misses>
				<total>1930535</total>
				<timestamp>390.604112</timestamp>
			</report>
			<report>
				<misses>3258001</misses>
				<total>1931534</total>
				<timestamp>390.724079</timestamp>
			</report>
			<report>
				<misses>3259001</misses>
				<total>1932533</total>
				<timestamp>390.844104</timestamp>
			</report>
			<report>
				<misses>3260001</misses>
				<total>1933532</total>
				<timestamp>390.964148</timestamp>
			</report>
			<report>
				<misses>3261001</misses>
				<total>1934531</total>
				<timestamp>391.084076</timestamp>
			</report>
			<report>
				<misses>3262001</misses>
				<total>1935530</total>
				<timestamp>391.204074</timestamp>
			</report>
			<report>
				<misses>3263001</misses>
				<total>1936529</total>
				<timestamp>391.324146</timestamp>
			</report>
			<report>
				<misses>3264001</misses>
				<total>1937528</total>
				<timestamp>391.444112</timestamp>
			</report>
			<report>
				<misses>3265001</misses>
				<total>1938527</total>
				<timestamp>391.564102</timestamp>
			</report>
			<report>
				<misses>3266001</misses>
				<total>1939526</total>
				<timestamp>391.684136</timestamp>
			</report>
			<report>
				<misses>3267001</misses>
				<total>1940525</total>
				<timestamp>391.804085</timestamp>
			</report>
			<report>
				<misses>3268001</misses>
				<total>1941524</total>
				<timestamp>391.924142</timestamp>
			</report>
			<report>
				<misses>3269001</misses>
				<total>1942523</total>
				<timestamp>392.044091</timestamp>
			</report>
			<report>
				<misses>3270001</misses>
				<total>1943522</total>
				<timestamp>392.164137</timestamp>
			</report>
			<report>
				<misses>3271001</misses>
				<total>1944521</total>
				<timestamp>392.284065</timestamp>
			</report>
			<report>
				<misses>3272001</misses>
				<total>1945520</total>
				<timestamp>392.404006</timestamp>
			</report>
			<report>
				<misses>3273001</misses>
				<total>1946519</total>
				<timestamp>392.523951</timestamp>
			</report>
			<report>
				<misses>3274001</misses>
				<total>1947518</total>
				<timestamp>392.643783</timestamp>
			</report>
			<report>
				<misses>3275001</misses>
				<total>1948517</total>
				<timestamp>392.763644</timestamp>
			</report>
			<report>
				<misses>3276001</misses>
				<total>1949516</total>
				<timestamp>392.883538</timestamp>
			</report>
			<report>
				<misses>3277001</misses>
				<total>1950515</total>
				<timestamp>393.003405</timestamp>
			</report>
			<report>
				<misses>3278001</misses>
				<total>1951514</total>
				<timestamp>393.123312</timestamp>
			</report>
			<report>
				<misses>3279001</misses>
				<total>1952513</total>
				<timestamp>393.243216</timestamp>
			</report>
			<report>
				<misses>3280001</misses>
				<total>1953512</total>
				<timestamp>393.363140</timestamp>
			</report>
			<report>
				<misses>3281001</misses>
				<total>1954511</total>
				<timestamp>393.483104</timestamp>
			</report>
			<report>
				<misses>3282001</misses>
				<total>1955510</total>
				<timestamp>393.602979</timestamp>
			</report>
			<report>
				<misses>3283001</misses>
				<total>1956509</total>
				<timestamp>393.722850</timestamp>
			</report>
			<report>
				<misses>3284001</misses>
				<total>1957508</total>
				<timestamp>393.842696</timestamp>
			</report>
			<report>
				<misses>3285001</misses>
				<total>1958507</total>
				<timestamp>393.962573</timestamp>
			</report>
			<report>
				<misses>3286001</misses>
				<total>1959506</total>
				<timestamp>394.082442</timestamp>
			</report>
			<report>
				<misses>3287001</misses>
				<total>1960505</total>
				<timestamp>394.202332</timestamp>
			</report>
			<report>
				<misses>3288001</misses>
				<total>1961504</total>
				<timestamp>394.322260</timestamp>
			</report>
			<report>
				<misses>3289001</misses>
				<total>1962503</total>
				<timestamp>394.442158</timestamp>
			</report>
			<report>
				<misses>3290001</misses>
				<total>1963502</total>
				<timestamp>394.562173</timestamp>
			</report>
			<report>
				<misses>3291001</misses>
				<total>1964501</total>
				<timestamp>394.682153</timestamp>
			</report>
			<report>
				<misses>3292001</misses>
				<total>1965500</total>
				<timestamp>394.802089</timestamp>
			</report>
			<report>
				<misses>3293001</misses>
				<total>1966499</total>
				<timestamp>394.922138</timestamp>
			</report>
			<report>
				<misses>3294001</misses>
				<total>1967498</total>
				<timestamp>395.042114</timestamp>
			</report>
			<report>
				<misses>3295001</misses>
				<total>1968497</total>
				<timestamp>395.162146</timestamp>
			</report>
			<report>
				<misses>3296001</misses>
				<total>1969496</total>
				<timestamp>395.282064</timestamp>
			</report>
			<report>
				<misses>3297001</misses>
				<total>1970495</total>
				<timestamp>395.402074</timestamp>
			</report>
			<report>
				<misses>3298001</misses>
				<total>1971494</total>
				<timestamp>395.522045</timestamp>
			</report>
			<report>
				<misses>3299001</misses>
				<total>1972493</total>
				<timestamp>395.642038</timestamp>
			</report>
			<report>
				<misses>3300001</misses>
				<total>1973492</total>
				<timestamp>395.762032</timestamp>
			</report>
			<report>
				<misses>3301001</misses>
				<total>1974491</total>
				<timestamp>395.881914</timestamp>
			</report>
			<report>
				<misses>3302001</misses>
				<total>1975490</total>
				<timestamp>396.001900</timestamp>
			</report>
			<report>
				<misses>3303001</misses>
				<total>1976489</total>
				<timestamp>396.121811</timestamp>
			</report>
			<report>
				<misses>3304001</misses>
				<total>1977488</total>
				<timestamp>396.241801</timestamp>
			</report>
			<report>
				<misses>3305001</misses>
				<total>1978487</total>
				<timestamp>396.361784</timestamp>
			</report>
			<report>
				<misses>3306001</misses>
				<total>1979486</total>
				<timestamp>396.481664</timestamp>
			</report>
			<report>
				<misses>3307001</misses>
				<total>1980485</total>
				<timestamp>396.601488</timestamp>
			</report>
			<report>
				<misses>3308001</misses>
				<total>1981484</total>
				<timestamp>396.721380</timestamp>
			</report>
			<report>
				<misses>3309001</misses>
				<total>1982483</total>
				<timestamp>396.841295</timestamp>
			</report>
			<report>
				<misses>3310001</misses>
				<total>1983482</total>
				<timestamp>396.961302</timestamp>
			</report>
			<report>
				<misses>3311001</misses>
				<total>1984481</total>
				<timestamp>397.081210</timestamp>
			</report>
			<report>
				<misses>3312001</misses>
				<total>1985480</total>
				<timestamp>397.201253</timestamp>
			</report>
			<report>
				<misses>3313001</misses>
				<total>1986479</total>
				<timestamp>397.321211</timestamp>
			</report>
			<report>
				<misses>3314001</misses>
				<total>1987478</total>
				<timestamp>397.441208</timestamp>
			</report>
			<report>
				<misses>3315001</misses>
				<total>1988477</total>
				<timestamp>397.561246</timestamp>
			</report>
			<report>
				<misses>3316001</misses>
				<total>1989476</total>
				<timestamp>397.681262</timestamp>
			</report>
			<report>
				<misses>3317001</misses>
				<total>1990475</total>
				<timestamp>397.801208</timestamp>
			</report>
			<report>
				<misses>3318001</misses>
				<total>1991474</total>
				<timestamp>397.921182</timestamp>
			</report>
			<report>
				<misses>3319001</misses>
				<total>1992473</total>
				<timestamp>398.041129</timestamp>
			</report>
			<report>
				<misses>3320001</misses>
				<total>1993472</total>
				<timestamp>398.161129</timestamp>
			</report>
			<report>
				<misses>3321001</misses>
				<total>1994471</total>
				<timestamp>398.281104</timestamp>
			</report>
			<report>
				<misses>3322001</misses>
				<total>1995470</total>
				<timestamp>398.401108</timestamp>
			</report>
			<report>
				<misses>3323001</misses>
				<total>1996469</total>
				<timestamp>398.521098</timestamp>
			</report>
			<report>
				<misses>3324001</misses>
				<total>1997468</total>
				<timestamp>398.641123</timestamp>
			</report>
			<report>
				<misses>3325001</misses>
				<total>1998467</total>
				<timestamp>398.761113</timestamp>
			</report>
			<report>
				<misses>3326001</misses>
				<total>1999466</total>
				<timestamp>398.881088</timestamp>
			</report>
			<report>
				<misses>3327001</misses>
				<total>2000465</total>
				<timestamp>399.001139</timestamp>
			</report>
			<report>
				<misses>3328001</misses>
				<total>2001464</total>
				<timestamp>399.121058</timestamp>
			</report>
			<report>
				<misses>3329001</misses>
				<total>2002463</total>
				<timestamp>399.241035</timestamp>
			</report>
			<report>
				<misses>3330001</misses>
				<total>2003462</total>
				<timestamp>399.360920</timestamp>
			</report>
			<report>
				<misses>3331001</misses>
				<total>2004461</total>
				<timestamp>399.480781</timestamp>
			</report>
			<report>
				<misses>3332001</misses>
				<total>2005460</total>
				<timestamp>399.600723</timestamp>
			</report>
			<report>
				<misses>3333001</misses>
				<total>2006459</total>
				<timestamp>399.720660</timestamp>
			</report>
			<report>
				<misses>3334001</misses>
				<total>2007458</total>
				<timestamp>399.840579</timestamp>
			</report>
			<report>
				<misses>3335001</misses>
				<total>2008457</total>
				<timestamp>399.960421</timestamp>
			</report>
			<report>
				<misses>3336001</misses>
				<total>2009456</total>
				<timestamp>400.080295</timestamp>
			</report>
			<report>
				<misses>3337001</misses>
				<total>2010455</total>
				<timestamp>400.200246</timestamp>
			</report>
			<report>
				<misses>3338001</misses>
				<total>2011454</total>
				<timestamp>400.320274</timestamp>
			</report>
			<report>
				<misses>3339001</misses>
				<total>2012453</total>
				<timestamp>400.440302</timestamp>
			</report>
			<report>
				<misses>3340001</misses>
				<total>2013452</total>
				<timestamp>400.560235</timestamp>
			</report>
			<report>
				<misses>3341001</misses>
				<total>2014451</total>
				<timestamp>400.680206</timestamp>
			</report>
			<report>
				<misses>3342001</misses>
				<total>2015450</total>
				<timestamp>400.800117</timestamp>
			</report>
			<report>
				<misses>3343001</misses>
				<total>2016449</total>
				<timestamp>400.920154</timestamp>
			</report>
			<report>
				<misses>3344001</misses>
				<total>2017448</total>
				<timestamp>401.040200</timestamp>
			</report>
			<report>
				<misses>3345001</misses>
				<total>2018447</total>
				<timestamp>401.160120</timestamp>
			</report>
			<report>
				<misses>3346001</misses>
				<total>2019446</total>
				<timestamp>401.280121</timestamp>
			</report>
			<report>
				<misses>3347001</misses>
				<total>2020445</total>
				<timestamp>401.400167</timestamp>
			</report>
			<report>
				<misses>3348001</misses>
				<total>2021444</total>
				<timestamp>401.520123</timestamp>
			</report>
			<report>
				<misses>3349001</misses>
				<total>2022443</total>
				<timestamp>401.640111</timestamp>
			</report>
			<report>
				<misses>3350001</misses>
				<total>2023442</total>
				<timestamp>401.760012</timestamp>
			</report>
			<report>
				<misses>3351001</misses>
				<total>2024441</total>
				<timestamp>401.880055</timestamp>
			</report>
			<report>
				<misses>3352001</misses>
				<total>2025440</total>
				<timestamp>402.000093</timestamp>
			</report>
			<report>
				<misses>3353001</misses>
				<total>2026439</total>
				<timestamp>402.120083</timestamp>
			</report>
			<report>
				<misses>3354001</misses>
				<total>2027438</total>
				<timestamp>402.240023</timestamp>
			</report>
			<report>
				<misses>3355001</misses>
				<total>2028437</total>
				<timestamp>402.359998</timestamp>
			</report>
			<report>
				<misses>3356001</misses>
				<total>2029436</total>
				<timestamp>402.480012</timestamp>
			</report>
			<report>
				<misses>3357001</misses>
				<total>2030435</total>
				<timestamp>402.600049</timestamp>
			</report>
			<report>
				<misses>3358001</misses>
				<total>2031434</total>
				<timestamp>402.720077</timestamp>
			</report>
			<report>
				<misses>3359001</misses>
				<total>2032433</total>
				<timestamp>402.839947</timestamp>
			</report>
			<report>
				<misses>3360001</misses>
				<total>2033432</total>
				<timestamp>402.959880</timestamp>
			</report>
			<report>
				<misses>3361001</misses>
				<total>2034431</total>
				<timestamp>403.079834</timestamp>
			</report>
			<report>
				<misses>3362001</misses>
				<total>2035430</total>
				<timestamp>403.199705</timestamp>
			</report>
			<report>
				<misses>3363001</misses>
				<total>2036429</total>
				<timestamp>403.319566</timestamp>
			</report>
			<report>
				<misses>3364001</misses>
				<total>2037428</total>
				<timestamp>403.439526</timestamp>
			</report>
			<report>
				<misses>3365001</misses>
				<total>2038427</total>
				<timestamp>403.559542</timestamp>
			</report>
			<report>
				<misses>3366001</misses>
				<total>2039426</total>
				<timestamp>403.679489</timestamp>
			</report>
			<report>
				<misses>3367001</misses>
				<total>2040425</total>
				<timestamp>403.799341</timestamp>
			</report>
			<report>
				<misses>3368001</misses>
				<total>2041424</total>
				<timestamp>403.919220</timestamp>
			</report>
			<report>
				<misses>3369001</misses>
				<total>2042423</total>
				<timestamp>404.039181</timestamp>
			</report>
			<report>
				<misses>3370001</misses>
				<total>2043422</total>
				<timestamp>404.159169</timestamp>
			</report>
			<report>
				<misses>3371001</misses>
				<total>2044421</total>
				<timestamp>404.279174</timestamp>
			</report>
			<report>
				<misses>3372001</misses>
				<total>2045420</total>
				<timestamp>404.399179</timestamp>
			</report>
			<report>
				<misses>3373001</misses>
				<total>2046419</total>
				<timestamp>404.519119</timestamp>
			</report>
			<report>
				<misses>3374001</misses>
				<total>2047418</total>
				<timestamp>404.639111</timestamp>
			</report>
			<report>
				<misses>3375001</misses>
				<total>2048417</total>
				<timestamp>404.759066</timestamp>
			</report>
			<report>
				<misses>3376001</misses>
				<total>2049416</total>
				<timestamp>404.879073</timestamp>
			</report>
			<report>
				<misses>3377001</misses>
				<total>2050415</total>
				<timestamp>404.999096</timestamp>
			</report>
			<report>
				<misses>3378001</misses>
				<total>2051414</total>
				<timestamp>405.119216</timestamp>
			</report>
			<report>
				<misses>3379001</misses>
				<total>2052413</total>
				<timestamp>405.239135</timestamp>
			</report>
			<report>
				<misses>3380001</misses>
				<total>2053412</total>
				<timestamp>405.359360</timestamp>
			</report>
			<report>
				<misses>3381001</misses>
				<total>2054411</total>
				<timestamp>405.479223</timestamp>
			</report>
			<report>
				<misses>3382001</misses>
				<total>2055410</total>
				<timestamp>405.599149</timestamp>
			</report>
			<report>
				<misses>3383001</misses>
				<total>2056409</total>
				<timestamp>405.719073</timestamp>
			</report>
			<report>
				<misses>3384001</misses>
				<total>2057204</total>
				<timestamp>405.839071</timestamp>
			</report>
			<report>
				<misses>3385001</misses>
				<total>2057204</total>
				<timestamp>405.959058</timestamp>
			</report>
			<report>
				<misses>3386001</misses>
				<total>2057204</total>
				<timestamp>406.079083</timestamp>
			</report>
			<report>
				<misses>3387001</misses>
				<total>2057204</total>
				<timestamp>406.199136</timestamp>
			</report>
			<report>
				<misses>3388001</misses>
				<total>2057204</total>
				<timestamp>406.319295</timestamp>
			</report>
			<report>
				<misses>3389001</misses>
				<total>2057204</total>
				<timestamp>406.439258</timestamp>
			</report>
			<report>
				<misses>3390001</misses>
				<total>2057204</total>
				<timestamp>406.559139</timestamp>
			</report>
			<report>
				<misses>3391001</misses>
				<total>2057204</total>
				<timestamp>406.679077</timestamp>
			</report>
			<report>
				<misses>3392001</misses>
				<total>2057204</total>
				<timestamp>406.799013</timestamp>
			</report>
			<report>
				<misses>3393001</misses>
				<total>2057204</total>
				<timestamp>406.918881</timestamp>
			</report>
			<report>
				<misses>3394001</misses>
				<total>2057204</total>
				<timestamp>407.038722</timestamp>
			</report>
			<report>
				<misses>3395001</misses>
				<total>2057204</total>
				<timestamp>407.158598</timestamp>
			</report>
			<report>
				<misses>3396001</misses>
				<total>2057204</total>
				<timestamp>407.278597</timestamp>
			</report>
			<report>
				<misses>3397001</misses>
				<total>2057204</total>
				<timestamp>407.398554</timestamp>
			</report>
			<report>
				<misses>3398001</misses>
				<total>2057205</total>
				<timestamp>407.518528</timestamp>
			</report>
			<report>
				<misses>3399001</misses>
				<total>2057205</total>
				<timestamp>407.639207</timestamp>
			</report>
			<report>
				<misses>3400001</misses>
				<total>2057204</total>
				<timestamp>407.759161</timestamp>
			</report>
			<report>
				<misses>3401001</misses>
				<total>2057206</total>
				<timestamp>407.879857</timestamp>
			</report>
			<report>
				<misses>3402001</misses>
				<total>2057205</total>
				<timestamp>407.999772</timestamp>
			</report>
			<report>
				<misses>3403001</misses>
				<total>2057205</total>
				<timestamp>408.119699</timestamp>
			</report>
			<report>
				<misses>3404001</misses>
				<total>2057205</total>
				<timestamp>408.239567</timestamp>
			</report>
			<report>
				<misses>3405001</misses>
				<total>2057209</total>
				<timestamp>408.359460</timestamp>
			</report>
			<report>
				<misses>3406001</misses>
				<total>2057208</total>
				<timestamp>408.479479</timestamp>
			</report>
			<report>
				<misses>3407001</misses>
				<total>2057208</total>
				<timestamp>408.600143</timestamp>
			</report>
			<report>
				<misses>3408001</misses>
				<total>2057208</total>
				<timestamp>408.720168</timestamp>
			</report>
			<report>
				<misses>3409001</misses>
				<total>2057208</total>
				<timestamp>408.840672</timestamp>
			</report>
			<report>
				<misses>3410001</misses>
				<total>2057209</total>
				<timestamp>408.961272</timestamp>
			</report>
			<report>
				<misses>3411001</misses>
				<total>2057211</total>
				<timestamp>409.081248</timestamp>
			</report>
			<report>
				<misses>3412001</misses>
				<total>2057210</total>
				<timestamp>409.201263</timestamp>
			</report>
			<report>
				<misses>3413001</misses>
				<total>2057210</total>
				<timestamp>409.321191</timestamp>
			</report>
			<report>
				<misses>3414001</misses>
				<total>2057210</total>
				<timestamp>409.441163</timestamp>
			</report>
			<report>
				<misses>3415001</misses>
				<total>2057209</total>
				<timestamp>409.561989</timestamp>
			</report>
			<report>
				<misses>3416001</misses>
				<total>2057210</total>
				<timestamp>409.681855</timestamp>
			</report>
			<report>
				<misses>3417001</misses>
				<total>2057209</total>
				<timestamp>409.801736</timestamp>
			</report>
			<report>
				<misses>3418001</misses>
				<total>2057210</total>
				<timestamp>409.921640</timestamp>
			</report>
			<report>
				<misses>3419001</misses>
				<total>2057211</total>
				<timestamp>410.041479</timestamp>
			</report>
			<report>
				<misses>3420001</misses>
				<total>2057210</total>
				<timestamp>410.161376</timestamp>
			</report>
			<report>
				<misses>3421001</misses>
				<total>2057210</total>
				<timestamp>410.281246</timestamp>
			</report>
			<report>
				<misses>3422001</misses>
				<total>2057210</total>
				<timestamp>410.401152</timestamp>
			</report>
			<report>
				<misses>3423001</misses>
				<total>2057211</total>
				<timestamp>410.521198</timestamp>
			</report>
			<report>
				<misses>3424001</misses>
				<total>2057223</total>
				<timestamp>410.641252</timestamp>
			</report>
			<report>
				<misses>3425001</misses>
				<total>2057222</total>
				<timestamp>410.761239</timestamp>
			</report>
			<report>
				<misses>3426001</misses>
				<total>2057223</total>
				<timestamp>410.881158</timestamp>
			</report>
			<report>
				<misses>3427001</misses>
				<total>2057222</total>
				<timestamp>411.001182</timestamp>
			</report>
			<report>
				<misses>3428001</misses>
				<total>2057222</total>
				<timestamp>411.121094</timestamp>
			</report>
			<report>
				<misses>3429001</misses>
				<total>2057222</total>
				<timestamp>411.241284</timestamp>
			</report>
			<report>
				<misses>3430001</misses>
				<total>2057223</total>
				<timestamp>411.361507</timestamp>
			</report>
			<report>
				<misses>3431001</misses>
				<total>2057222</total>
				<timestamp>411.481381</timestamp>
			</report>
			<report>
				<misses>3432001</misses>
				<total>2057222</total>
				<timestamp>411.601271</timestamp>
			</report>
			<report>
				<misses>3433001</misses>
				<total>2057222</total>
				<timestamp>411.721184</timestamp>
			</report>
			<report>
				<misses>3434001</misses>
				<total>2057222</total>
				<timestamp>411.841020</timestamp>
			</report>
			<report>
				<misses>3435001</misses>
				<total>2057225</total>
				<timestamp>411.961015</timestamp>
			</report>
			<report>
				<misses>3436001</misses>
				<total>2057225</total>
				<timestamp>412.080968</timestamp>
			</report>
			<report>
				<misses>3437001</misses>
				<total>2057225</total>
				<timestamp>412.200988</timestamp>
			</report>
			<report>
				<misses>3438001</misses>
				<total>2057225</total>
				<timestamp>412.321002</timestamp>
			</report>
			<report>
				<misses>3439001</misses>
				<total>2057225</total>
				<timestamp>412.440977</timestamp>
			</report>
			<report>
				<misses>3440001</misses>
				<total>2057225</total>
				<timestamp>412.560931</timestamp>
			</report>
			<report>
				<misses>3441001</misses>
				<total>2057225</total>
				<timestamp>412.680837</timestamp>
			</report>
			<report>
				<misses>3442001</misses>
				<total>2057225</total>
				<timestamp>412.800839</timestamp>
			</report>
			<report>
				<misses>3443001</misses>
				<total>2057225</total>
				<timestamp>412.920829</timestamp>
			</report>
			<report>
				<misses>3444001</misses>
				<total>2057225</total>
				<timestamp>413.040646</timestamp>
			</report>
			<report>
				<misses>3445001</misses>
				<total>2057232</total>
				<timestamp>413.161095</timestamp>
			</report>
			<report>
				<misses>3446001</misses>
				<total>2057232</total>
				<timestamp>413.281137</timestamp>
			</report>
			<report>
				<misses>3447001</misses>
				<total>2057232</total>
				<timestamp>413.401093</timestamp>
			</report>
			<report>
				<misses>3448001</misses>
				<total>2057232</total>
				<timestamp>413.521287</timestamp>
			</report>
			<report>
				<misses>3449001</misses>
				<total>2057232</total>
				<timestamp>413.642135</timestamp>
			</report>
			<report>
				<misses>3450001</misses>
				<total>2057232</total>
				<timestamp>413.762153</timestamp>
			</report>
			<report>
				<misses>3451001</misses>
				<total>2057231</total>
				<timestamp>413.882528</timestamp>
			</report>
			<report>
				<misses>3452001</misses>
				<total>2057232</total>
				<timestamp>414.003164</timestamp>
			</report>
			<report>
				<misses>3453001</misses>
				<total>2057232</total>
				<timestamp>414.123166</timestamp>
			</report>
			<report>
				<misses>3454001</misses>
				<total>2057232</total>
				<timestamp>414.243277</timestamp>
			</report>
			<report>
				<misses>3455001</misses>
				<total>2057232</total>
				<timestamp>414.363203</timestamp>
			</report>
			<report>
				<misses>3456001</misses>
				<total>2057232</total>
				<timestamp>414.483118</timestamp>
			</report>
			<report>
				<misses>3457001</misses>
				<total>2057232</total>
				<timestamp>414.603573</timestamp>
			</report>
			<report>
				<misses>3458001</misses>
				<total>2057232</total>
				<timestamp>414.723568</timestamp>
			</report>
			<report>
				<misses>3459001</misses>
				<total>2057250</total>
				<timestamp>414.843490</timestamp>
			</report>
			<report>
				<misses>3460001</misses>
				<total>2058156</total>
				<timestamp>414.963417</timestamp>
			</report>
			<report>
				<misses>3461001</misses>
				<total>2059155</total>
				<timestamp>415.083428</timestamp>
			</report>
			<report>
				<misses>3462001</misses>
				<total>2060154</total>
				<timestamp>415.203288</timestamp>
			</report>
			<report>
				<misses>3463001</misses>
				<total>2061153</total>
				<timestamp>415.323280</timestamp>
			</report>
			<report>
				<misses>3464001</misses>
				<total>2062152</total>
				<timestamp>415.443204</timestamp>
			</report>
			<report>
				<misses>3465001</misses>
				<total>2063151</total>
				<timestamp>415.563809</timestamp>
			</report>
			<report>
				<misses>3466001</misses>
				<total>2064150</total>
				<timestamp>415.683638</timestamp>
			</report>
			<report>
				<misses>3467001</misses>
				<total>2065149</total>
				<timestamp>415.803560</timestamp>
			</report>
			<report>
				<misses>3468001</misses>
				<total>2066148</total>
				<timestamp>415.923403</timestamp>
			</report>
			<report>
				<misses>3469001</misses>
				<total>2067147</total>
				<timestamp>416.043388</timestamp>
			</report>
			<report>
				<misses>3470001</misses>
				<total>2068146</total>
				<timestamp>416.163411</timestamp>
			</report>
			<report>
				<misses>3471001</misses>
				<total>2069145</total>
				<timestamp>416.283303</timestamp>
			</report>
			<report>
				<misses>3472001</misses>
				<total>2070144</total>
				<timestamp>416.403202</timestamp>
			</report>
			<report>
				<misses>3473001</misses>
				<total>2071143</total>
				<timestamp>416.523169</timestamp>
			</report>
			<report>
				<misses>3474001</misses>
				<total>2072142</total>
				<timestamp>416.643147</timestamp>
			</report>
			<report>
				<misses>3475001</misses>
				<total>2073141</total>
				<timestamp>416.763293</timestamp>
			</report>
			<report>
				<misses>3476001</misses>
				<total>2074140</total>
				<timestamp>416.883166</timestamp>
			</report>
			<report>
				<misses>3477001</misses>
				<total>2075139</total>
				<timestamp>417.003104</timestamp>
			</report>
			<report>
				<misses>3478001</misses>
				<total>2076138</total>
				<timestamp>417.123008</timestamp>
			</report>
			<report>
				<misses>3479001</misses>
				<total>2077137</total>
				<timestamp>417.243023</timestamp>
			</report>
			<report>
				<misses>3480001</misses>
				<total>2078136</total>
				<timestamp>417.363004</timestamp>
			</report>
			<report>
				<misses>3481001</misses>
				<total>2079135</total>
				<timestamp>417.482971</timestamp>
			</report>
			<report>
				<misses>3482001</misses>
				<total>2080134</total>
				<timestamp>417.602816</timestamp>
			</report>
			<report>
				<misses>3483001</misses>
				<total>2081133</total>
				<timestamp>417.722746</timestamp>
			</report>
			<report>
				<misses>3484001</misses>
				<total>2082132</total>
				<timestamp>417.843335</timestamp>
			</report>
			<report>
				<misses>3485001</misses>
				<total>2083131</total>
				<timestamp>417.964000</timestamp>
			</report>
			<report>
				<misses>3486001</misses>
				<total>2084130</total>
				<timestamp>418.084160</timestamp>
			</report>
			<report>
				<misses>3487001</misses>
				<total>2085129</total>
				<timestamp>418.204081</timestamp>
			</report>
			<report>
				<misses>3488001</misses>
				<total>2086128</total>
				<timestamp>418.324118</timestamp>
			</report>
			<report>
				<misses>3489001</misses>
				<total>2087127</total>
				<timestamp>418.444177</timestamp>
			</report>
			<report>
				<misses>3490001</misses>
				<total>2088126</total>
				<timestamp>418.564151</timestamp>
			</report>
			<report>
				<misses>3491001</misses>
				<total>2089125</total>
				<timestamp>418.684077</timestamp>
			</report>
			<report>
				<misses>3492001</misses>
				<total>2090124</total>
				<timestamp>418.804119</timestamp>
			</report>
			<report>
				<misses>3493001</misses>
				<total>2091123</total>
				<timestamp>418.924257</timestamp>
			</report>
			<report>
				<misses>3494001</misses>
				<total>2092122</total>
				<timestamp>419.044172</timestamp>
			</report>
			<report>
				<misses>3495001</misses>
				<total>2093121</total>
				<timestamp>419.164081</timestamp>
			</report>
			<report>
				<misses>3496001</misses>
				<total>2094120</total>
				<timestamp>419.284016</timestamp>
			</report>
			<report>
				<misses>3497001</misses>
				<total>2095119</total>
				<timestamp>419.403945</timestamp>
			</report>
			<report>
				<misses>3498001</misses>
				<total>2096118</total>
				<timestamp>419.523867</timestamp>
			</report>
			<report>
				<misses>3499001</misses>
				<total>2097117</total>
				<timestamp>419.643780</timestamp>
			</report>
			<report>
				<misses>3500001</misses>
				<total>2098116</total>
				<timestamp>419.763961</timestamp>
			</report>
			<report>
				<misses>3501001</misses>
				<total>2099115</total>
				<timestamp>419.884029</timestamp>
			</report>
			<report>
				<misses>3502001</misses>
				<total>2100114</total>
				<timestamp>420.003977</timestamp>
			</report>
			<report>
				<misses>3503001</misses>
				<total>2101113</total>
				<timestamp>420.123973</timestamp>
			</report>
			<report>
				<misses>3504001</misses>
				<total>2102112</total>
				<timestamp>420.243986</timestamp>
			</report>
			<report>
				<misses>3505001</misses>
				<total>2103111</total>
				<timestamp>420.363962</timestamp>
			</report>
			<report>
				<misses>3506001</misses>
				<total>2104110</total>
				<timestamp>420.483956</timestamp>
			</report>
			<report>
				<misses>3507001</misses>
				<total>2105109</total>
				<timestamp>420.606035</timestamp>
			</report>
			<report>
				<misses>3508001</misses>
				<total>2106108</total>
				<timestamp>420.725985</timestamp>
			</report>
			<report>
				<misses>3509001</misses>
				<total>2107107</total>
				<timestamp>420.845835</timestamp>
			</report>
			<report>
				<misses>3510001</misses>
				<total>2108106</total>
				<timestamp>420.965682</timestamp>
			</report>
			<report>
				<misses>3511001</misses>
				<total>2109105</total>
				<timestamp>421.086007</timestamp>
			</report>
			<report>
				<misses>3512001</misses>
				<total>2110104</total>
				<timestamp>421.206507</timestamp>
			</report>
			<report>
				<misses>3513001</misses>
				<total>2111103</total>
				<timestamp>421.326607</timestamp>
			</report>
			<report>
				<misses>3514001</misses>
				<total>2112102</total>
				<timestamp>421.446565</timestamp>
			</report>
			<report>
				<misses>3515001</misses>
				<total>2113101</total>
				<timestamp>421.566467</timestamp>
			</report>
			<report>
				<misses>3516001</misses>
				<total>2114100</total>
				<timestamp>421.686365</timestamp>
			</report>
			<report>
				<misses>3517001</misses>
				<total>2115099</total>
				<timestamp>421.806400</timestamp>
			</report>
			<report>
				<misses>3518001</misses>
				<total>2116098</total>
				<timestamp>421.926315</timestamp>
			</report>
			<report>
				<misses>3519001</misses>
				<total>2117097</total>
				<timestamp>422.046246</timestamp>
			</report>
			<report>
				<misses>3520001</misses>
				<total>2118096</total>
				<timestamp>422.166237</timestamp>
			</report>
			<report>
				<misses>3521001</misses>
				<total>2119095</total>
				<timestamp>422.286170</timestamp>
			</report>
			<report>
				<misses>3522001</misses>
				<total>2120094</total>
				<timestamp>422.406090</timestamp>
			</report>
			<report>
				<misses>3523001</misses>
				<total>2121093</total>
				<timestamp>422.526064</timestamp>
			</report>
			<report>
				<misses>3524001</misses>
				<total>2122092</total>
				<timestamp>422.646065</timestamp>
			</report>
			<report>
				<misses>3525001</misses>
				<total>2123091</total>
				<timestamp>422.765967</timestamp>
			</report>
			<report>
				<misses>3526001</misses>
				<total>2124090</total>
				<timestamp>422.885903</timestamp>
			</report>
			<report>
				<misses>3527001</misses>
				<total>2125089</total>
				<timestamp>423.005882</timestamp>
			</report>
			<report>
				<misses>3528001</misses>
				<total>2126088</total>
				<timestamp>423.125916</timestamp>
			</report>
			<report>
				<misses>3529001</misses>
				<total>2127087</total>
				<timestamp>423.245909</timestamp>
			</report>
			<report>
				<misses>3530001</misses>
				<total>2128086</total>
				<timestamp>423.365882</timestamp>
			</report>
			<report>
				<misses>3531001</misses>
				<total>2129085</total>
				<timestamp>423.485890</timestamp>
			</report>
			<report>
				<misses>3532001</misses>
				<total>2130084</total>
				<timestamp>423.605897</timestamp>
			</report>
			<report>
				<misses>3533001</misses>
				<total>2131083</total>
				<timestamp>423.725816</timestamp>
			</report>
			<report>
				<misses>3534001</misses>
				<total>2132082</total>
				<timestamp>423.845701</timestamp>
			</report>
			<report>
				<misses>3535001</misses>
				<total>2133081</total>
				<timestamp>423.965578</timestamp>
			</report>
			<report>
				<misses>3536001</misses>
				<total>2134080</total>
				<timestamp>424.085474</timestamp>
			</report>
			<report>
				<misses>3537001</misses>
				<total>2135079</total>
				<timestamp>424.205375</timestamp>
			</report>
			<report>
				<misses>3538001</misses>
				<total>2136078</total>
				<timestamp>424.325270</timestamp>
			</report>
			<report>
				<misses>3539001</misses>
				<total>2137077</total>
				<timestamp>424.445116</timestamp>
			</report>
			<report>
				<misses>3540001</misses>
				<total>2138076</total>
				<timestamp>424.565085</timestamp>
			</report>
			<report>
				<misses>3541001</misses>
				<total>2139075</total>
				<timestamp>424.685105</timestamp>
			</report>
			<report>
				<misses>3542001</misses>
				<total>2140074</total>
				<timestamp>424.805062</timestamp>
			</report>
			<report>
				<misses>3543001</misses>
				<total>2141073</total>
				<timestamp>424.925107</timestamp>
			</report>
			<report>
				<misses>3544001</misses>
				<total>2142072</total>
				<timestamp>425.045083</timestamp>
			</report>
			<report>
				<misses>3545001</misses>
				<total>2143071</total>
				<timestamp>425.165089</timestamp>
			</report>
			<report>
				<misses>3546001</misses>
				<total>2144070</total>
				<timestamp>425.285052</timestamp>
			</report>
			<report>
				<misses>3547001</misses>
				<total>2145069</total>
				<timestamp>425.405065</timestamp>
			</report>
			<report>
				<misses>3548001</misses>
				<total>2146068</total>
				<timestamp>425.525057</timestamp>
			</report>
			<report>
				<misses>3549001</misses>
				<total>2147067</total>
				<timestamp>425.645094</timestamp>
			</report>
			<report>
				<misses>3550001</misses>
				<total>2148066</total>
				<timestamp>425.765042</timestamp>
			</report>
			<report>
				<misses>3551001</misses>
				<total>2149065</total>
				<timestamp>425.885041</timestamp>
			</report>
			<report>
				<misses>3552001</misses>
				<total>2150064</total>
				<timestamp>426.005127</timestamp>
			</report>
			<report>
				<misses>3553001</misses>
				<total>2151063</total>
				<timestamp>426.125049</timestamp>
			</report>
			<report>
				<misses>3554001</misses>
				<total>2152062</total>
				<timestamp>426.245074</timestamp>
			</report>
			<report>
				<misses>3555001</misses>
				<total>2153061</total>
				<timestamp>426.365054</timestamp>
			</report>
			<report>
				<misses>3556001</misses>
				<total>2154060</total>
				<timestamp>426.485086</timestamp>
			</report>
			<report>
				<misses>3557001</misses>
				<total>2155059</total>
				<timestamp>426.605093</timestamp>
			</report>
			<report>
				<misses>3558001</misses>
				<total>2156058</total>
				<timestamp>426.725052</timestamp>
			</report>
			<report>
				<misses>3559001</misses>
				<total>2157057</total>
				<timestamp>426.845079</timestamp>
			</report>
			<report>
				<misses>3560001</misses>
				<total>2158056</total>
				<timestamp>426.965069</timestamp>
			</report>
			<report>
				<misses>3561001</misses>
				<total>2159055</total>
				<timestamp>427.085020</timestamp>
			</report>
			<report>
				<misses>3562001</misses>
				<total>2160054</total>
				<timestamp>427.204920</timestamp>
			</report>
			<report>
				<misses>3563001</misses>
				<total>2161053</total>
				<timestamp>427.324891</timestamp>
			</report>
			<report>
				<misses>3564001</misses>
				<total>2162052</total>
				<timestamp>427.444758</timestamp>
			</report>
			<report>
				<misses>3565001</misses>
				<total>2163051</total>
				<timestamp>427.564613</timestamp>
			</report>
			<report>
				<misses>3566001</misses>
				<total>2164050</total>
				<timestamp>427.684494</timestamp>
			</report>
			<report>
				<misses>3567001</misses>
				<total>2165049</total>
				<timestamp>427.804377</timestamp>
			</report>
			<report>
				<misses>3568001</misses>
				<total>2166048</total>
				<timestamp>427.924499</timestamp>
			</report>
			<report>
				<misses>3569001</misses>
				<total>2167047</total>
				<timestamp>428.044374</timestamp>
			</report>
			<report>
				<misses>3570001</misses>
				<total>2168046</total>
				<timestamp>428.164262</timestamp>
			</report>
			<report>
				<misses>3571001</misses>
				<total>2169045</total>
				<timestamp>428.284151</timestamp>
			</report>
			<report>
				<misses>3572001</misses>
				<total>2170044</total>
				<timestamp>428.404058</timestamp>
			</report>
			<report>
				<misses>3573001</misses>
				<total>2171043</total>
				<timestamp>428.523935</timestamp>
			</report>
			<report>
				<misses>3574001</misses>
				<total>2172042</total>
				<timestamp>428.643810</timestamp>
			</report>
			<report>
				<misses>3575001</misses>
				<total>2173041</total>
				<timestamp>428.763656</timestamp>
			</report>
			<report>
				<misses>3576001</misses>
				<total>2174040</total>
				<timestamp>428.883638</timestamp>
			</report>
			<report>
				<misses>3577001</misses>
				<total>2175039</total>
				<timestamp>429.003559</timestamp>
			</report>
			<report>
				<misses>3578001</misses>
				<total>2176038</total>
				<timestamp>429.123416</timestamp>
			</report>
			<report>
				<misses>3579001</misses>
				<total>2177037</total>
				<timestamp>429.243291</timestamp>
			</report>
			<report>
				<misses>3580001</misses>
				<total>2178036</total>
				<timestamp>429.363184</timestamp>
			</report>
			<report>
				<misses>3581001</misses>
				<total>2179035</total>
				<timestamp>429.483060</timestamp>
			</report>
			<report>
				<misses>3582001</misses>
				<total>2180034</total>
				<timestamp>429.603044</timestamp>
			</report>
			<report>
				<misses>3583001</misses>
				<total>2181033</total>
				<timestamp>429.723013</timestamp>
			</report>
			<report>
				<misses>3584001</misses>
				<total>2182032</total>
				<timestamp>429.843033</timestamp>
			</report>
			<report>
				<misses>3585001</misses>
				<total>2183031</total>
				<timestamp>429.963034</timestamp>
			</report>
			<report>
				<misses>3586001</misses>
				<total>2184030</total>
				<timestamp>430.083026</timestamp>
			</report>
			<report>
				<misses>3587001</misses>
				<total>2185029</total>
				<timestamp>430.203008</timestamp>
			</report>
			<report>
				<misses>3588001</misses>
				<total>2186028</total>
				<timestamp>430.322987</timestamp>
			</report>
			<report>
				<misses>3589001</misses>
				<total>2187027</total>
				<timestamp>430.442907</timestamp>
			</report>
			<report>
				<misses>3590001</misses>
				<total>2188026</total>
				<timestamp>430.562901</timestamp>
			</report>
			<report>
				<misses>3591001</misses>
				<total>2189025</total>
				<timestamp>430.682887</timestamp>
			</report>
			<report>
				<misses>3592001</misses>
				<total>2190024</total>
				<timestamp>430.802921</timestamp>
			</report>
			<report>
				<misses>3593001</misses>
				<total>2191023</total>
				<timestamp>430.922939</timestamp>
			</report>
			<report>
				<misses>3594001</misses>
				<total>2192022</total>
				<timestamp>431.042926</timestamp>
			</report>
			<report>
				<misses>3595001</misses>
				<total>2193021</total>
				<timestamp>431.162892</timestamp>
			</report>
			<report>
				<misses>3596001</misses>
				<total>2194020</total>
				<timestamp>431.282919</timestamp>
			</report>
			<report>
				<misses>3597001</misses>
				<total>2195019</total>
				<timestamp>431.402864</timestamp>
			</report>
			<report>
				<misses>3598001</misses>
				<total>2196018</total>
				<timestamp>431.522717</timestamp>
			</report>
			<report>
				<misses>3599001</misses>
				<total>2197017</total>
				<timestamp>431.642626</timestamp>
			</report>
			<report>
				<misses>3600001</misses>
				<total>2198016</total>
				<timestamp>431.762474</timestamp>
			</report>
			<report>
				<misses>3601001</misses>
				<total>2199015</total>
				<timestamp>431.882339</timestamp>
			</report>
			<report>
				<misses>3602001</misses>
				<total>2200014</total>
				<timestamp>432.002262</timestamp>
			</report>
			<report>
				<misses>3603001</misses>
				<total>2201013</total>
				<timestamp>432.122122</timestamp>
			</report>
			<report>
				<misses>3604001</misses>
				<total>2202012</total>
				<timestamp>432.242081</timestamp>
			</report>
			<report>
				<misses>3605001</misses>
				<total>2203011</total>
				<timestamp>432.362019</timestamp>
			</report>
			<report>
				<misses>3606001</misses>
				<total>2204010</total>
				<timestamp>432.481914</timestamp>
			</report>
			<report>
				<misses>3607001</misses>
				<total>2205009</total>
				<timestamp>432.602004</timestamp>
			</report>
			<report>
				<misses>3608001</misses>
				<total>2206008</total>
				<timestamp>432.721993</timestamp>
			</report>
			<report>
				<misses>3609001</misses>
				<total>2207007</total>
				<timestamp>432.841917</timestamp>
			</report>
			<report>
				<misses>3610001</misses>
				<total>2208006</total>
				<timestamp>432.961907</timestamp>
			</report>
			<report>
				<misses>3611001</misses>
				<total>2209005</total>
				<timestamp>433.081732</timestamp>
			</report>
			<report>
				<misses>3612001</misses>
				<total>2210004</total>
				<timestamp>433.201714</timestamp>
			</report>
			<report>
				<misses>3613001</misses>
				<total>2211003</total>
				<timestamp>433.321599</timestamp>
			</report>
			<report>
				<misses>3614001</misses>
				<total>2212002</total>
				<timestamp>433.441507</timestamp>
			</report>
			<report>
				<misses>3615001</misses>
				<total>2213001</total>
				<timestamp>433.561368</timestamp>
			</report>
			<report>
				<misses>3616001</misses>
				<total>2214000</total>
				<timestamp>433.681247</timestamp>
			</report>
			<report>
				<misses>3617001</misses>
				<total>2214999</total>
				<timestamp>433.801122</timestamp>
			</report>
			<report>
				<misses>3618001</misses>
				<total>2215998</total>
				<timestamp>433.921043</timestamp>
			</report>
			<report>
				<misses>3619001</misses>
				<total>2216997</total>
				<timestamp>434.040931</timestamp>
			</report>
			<report>
				<misses>3620001</misses>
				<total>2217996</total>
				<timestamp>434.160848</timestamp>
			</report>
			<report>
				<misses>3621001</misses>
				<total>2218995</total>
				<timestamp>434.280894</timestamp>
			</report>
			<report>
				<misses>3622001</misses>
				<total>2219994</total>
				<timestamp>434.400887</timestamp>
			</report>
			<report>
				<misses>3623001</misses>
				<total>2220993</total>
				<timestamp>434.520838</timestamp>
			</report>
			<report>
				<misses>3624001</misses>
				<total>2221992</total>
				<timestamp>434.640825</timestamp>
			</report>
			<report>
				<misses>3625001</misses>
				<total>2222991</total>
				<timestamp>434.760657</timestamp>
			</report>
			<report>
				<misses>3626001</misses>
				<total>2223990</total>
				<timestamp>434.880572</timestamp>
			</report>
			<report>
				<misses>3627001</misses>
				<total>2224989</total>
				<timestamp>435.000442</timestamp>
			</report>
			<report>
				<misses>3628001</misses>
				<total>2225988</total>
				<timestamp>435.120374</timestamp>
			</report>
			<report>
				<misses>3629001</misses>
				<total>2226987</total>
				<timestamp>435.240531</timestamp>
			</report>
			<report>
				<misses>3630001</misses>
				<total>2227986</total>
				<timestamp>435.360400</timestamp>
			</report>
			<report>
				<misses>3631001</misses>
				<total>2228985</total>
				<timestamp>435.480300</timestamp>
			</report>
			<report>
				<misses>3632001</misses>
				<total>2229984</total>
				<timestamp>435.600165</timestamp>
			</report>
			<report>
				<misses>3633001</misses>
				<total>2230983</total>
				<timestamp>435.720057</timestamp>
			</report>
			<report>
				<misses>3634001</misses>
				<total>2231982</total>
				<timestamp>435.840012</timestamp>
			</report>
			<report>
				<misses>3635001</misses>
				<total>2232981</total>
				<timestamp>435.960004</timestamp>
			</report>
			<report>
				<misses>3636001</misses>
				<total>2233980</total>
				<timestamp>436.079996</timestamp>
			</report>
			<report>
				<misses>3637001</misses>
				<total>2234979</total>
				<timestamp>436.200023</timestamp>
			</report>
			<report>
				<misses>3638001</misses>
				<total>2235978</total>
				<timestamp>436.320007</timestamp>
			</report>
			<report>
				<misses>3639001</misses>
				<total>2236977</total>
				<timestamp>436.439955</timestamp>
			</report>
			<report>
				<misses>3640001</misses>
				<total>2237976</total>
				<timestamp>436.559887</timestamp>
			</report>
			<report>
				<misses>3641001</misses>
				<total>2238975</total>
				<timestamp>436.679843</timestamp>
			</report>
			<report>
				<misses>3642001</misses>
				<total>2239974</total>
				<timestamp>436.799692</timestamp>
			</report>
			<report>
				<misses>3643001</misses>
				<total>2240973</total>
				<timestamp>436.919574</timestamp>
			</report>
			<report>
				<misses>3644001</misses>
				<total>2241972</total>
				<timestamp>437.039445</timestamp>
			</report>
			<report>
				<misses>3645001</misses>
				<total>2242971</total>
				<timestamp>437.159323</timestamp>
			</report>
			<report>
				<misses>3646001</misses>
				<total>2243970</total>
				<timestamp>437.279213</timestamp>
			</report>
			<report>
				<misses>3647001</misses>
				<total>2244969</total>
				<timestamp>437.399095</timestamp>
			</report>
			<report>
				<misses>3648001</misses>
				<total>2245968</total>
				<timestamp>437.519030</timestamp>
			</report>
			<report>
				<misses>3649001</misses>
				<total>2246967</total>
				<timestamp>437.638900</timestamp>
			</report>
			<report>
				<misses>3650001</misses>
				<total>2247966</total>
				<timestamp>437.758827</timestamp>
			</report>
			<report>
				<misses>3651001</misses>
				<total>2248965</total>
				<timestamp>437.878817</timestamp>
			</report>
			<report>
				<misses>3652001</misses>
				<total>2249964</total>
				<timestamp>437.998814</timestamp>
			</report>
			<report>
				<misses>3653001</misses>
				<total>2250963</total>
				<timestamp>438.118845</timestamp>
			</report>
			<report>
				<misses>3654001</misses>
				<total>2251962</total>
				<timestamp>438.238918</timestamp>
			</report>
			<report>
				<misses>3655001</misses>
				<total>2252961</total>
				<timestamp>438.359021</timestamp>
			</report>
			<report>
				<misses>3656001</misses>
				<total>2253960</total>
				<timestamp>438.478892</timestamp>
			</report>
			<report>
				<misses>3657001</misses>
				<total>2254821</total>
				<timestamp>438.598808</timestamp>
			</report>
			<report>
				<misses>3658001</misses>
				<total>2254821</total>
				<timestamp>438.718880</timestamp>
			</report>
			<report>
				<misses>3659001</misses>
				<total>2254822</total>
				<timestamp>438.838833</timestamp>
			</report>
			<report>
				<misses>3660001</misses>
				<total>2254822</total>
				<timestamp>438.958811</timestamp>
			</report>
			<report>
				<misses>3661001</misses>
				<total>2254822</total>
				<timestamp>439.078804</timestamp>
			</report>
			<report>
				<misses>3662001</misses>
				<total>2254822</total>
				<timestamp>439.198749</timestamp>
			</report>
			<report>
				<misses>3663001</misses>
				<total>2254822</total>
				<timestamp>439.318609</timestamp>
			</report>
			<report>
				<misses>3664001</misses>
				<total>2254822</total>
				<timestamp>439.438486</timestamp>
			</report>
			<report>
				<misses>3665001</misses>
				<total>2254822</total>
				<timestamp>439.558366</timestamp>
			</report>
			<report>
				<misses>3666001</misses>
				<total>2254822</total>
				<timestamp>439.678257</timestamp>
			</report>
			<report>
				<misses>3667001</misses>
				<total>2254824</total>
				<timestamp>439.798173</timestamp>
			</report>
			<report>
				<misses>3668001</misses>
				<total>2254824</total>
				<timestamp>439.918090</timestamp>
			</report>
			<report>
				<misses>3669001</misses>
				<total>2254824</total>
				<timestamp>440.038072</timestamp>
			</report>
			<report>
				<misses>3670001</misses>
				<total>2254824</total>
				<timestamp>440.158011</timestamp>
			</report>
			<report>
				<misses>3671001</misses>
				<total>2254824</total>
				<timestamp>440.277966</timestamp>
			</report>
			<report>
				<misses>3672001</misses>
				<total>2254825</total>
				<timestamp>440.397944</timestamp>
			</report>
			<report>
				<misses>3673001</misses>
				<total>2254825</total>
				<timestamp>440.517812</timestamp>
			</report>
			<report>
				<misses>3674001</misses>
				<total>2254825</total>
				<timestamp>440.637641</timestamp>
			</report>
			<report>
				<misses>3675001</misses>
				<total>2254825</total>
				<timestamp>440.757538</timestamp>
			</report>
			<report>
				<misses>3676001</misses>
				<total>2254825</total>
				<timestamp>440.877434</timestamp>
			</report>
			<report>
				<misses>3677001</misses>
				<total>2254825</total>
				<timestamp>440.997287</timestamp>
			</report>
			<report>
				<misses>3678001</misses>
				<total>2254825</total>
				<timestamp>441.117185</timestamp>
			</report>
			<report>
				<misses>3679001</misses>
				<total>2254825</total>
				<timestamp>441.237034</timestamp>
			</report>
			<report>
				<misses>3680001</misses>
				<total>2254825</total>
				<timestamp>441.356999</timestamp>
			</report>
			<report>
				<misses>3681001</misses>
				<total>2254828</total>
				<timestamp>441.476965</timestamp>
			</report>
			<report>
				<misses>3682001</misses>
				<total>2254834</total>
				<timestamp>441.596848</timestamp>
			</report>
			<report>
				<misses>3683001</misses>
				<total>2254834</total>
				<timestamp>441.716901</timestamp>
			</report>
			<report>
				<misses>3684001</misses>
				<total>2254836</total>
				<timestamp>441.836823</timestamp>
			</report>
			<report>
				<misses>3685001</misses>
				<total>2254836</total>
				<timestamp>441.956695</timestamp>
			</report>
			<report>
				<misses>3686001</misses>
				<total>2254836</total>
				<timestamp>442.076570</timestamp>
			</report>
			<report>
				<misses>3687001</misses>
				<total>2254836</total>
				<timestamp>442.196445</timestamp>
			</report>
			<report>
				<misses>3688001</misses>
				<total>2254836</total>
				<timestamp>442.316342</timestamp>
			</report>
			<report>
				<misses>3689001</misses>
				<total>2254836</total>
				<timestamp>442.436200</timestamp>
			</report>
			<report>
				<misses>3690001</misses>
				<total>2254839</total>
				<timestamp>442.556105</timestamp>
			</report>
			<report>
				<misses>3691001</misses>
				<total>2254839</total>
				<timestamp>442.676013</timestamp>
			</report>
			<report>
				<misses>3692001</misses>
				<total>2254839</total>
				<timestamp>442.795902</timestamp>
			</report>
			<report>
				<misses>3693001</misses>
				<total>2254839</total>
				<timestamp>442.915848</timestamp>
			</report>
			<report>
				<misses>3694001</misses>
				<total>2254839</total>
				<timestamp>443.035796</timestamp>
			</report>
			<report>
				<misses>3695001</misses>
				<total>2254839</total>
				<timestamp>443.155784</timestamp>
			</report>
			<report>
				<misses>3696001</misses>
				<total>2254839</total>
				<timestamp>443.275613</timestamp>
			</report>
			<report>
				<misses>3697001</misses>
				<total>2254839</total>
				<timestamp>443.395489</timestamp>
			</report>
			<report>
				<misses>3698001</misses>
				<total>2254839</total>
				<timestamp>443.515363</timestamp>
			</report>
			<report>
				<misses>3699001</misses>
				<total>2254842</total>
				<timestamp>443.635266</timestamp>
			</report>
			<report>
				<misses>3700001</misses>
				<total>2254841</total>
				<timestamp>443.755161</timestamp>
			</report>
			<report>
				<misses>3701001</misses>
				<total>2254843</total>
				<timestamp>443.875211</timestamp>
			</report>
			<report>
				<misses>3702001</misses>
				<total>2254843</total>
				<timestamp>443.995131</timestamp>
			</report>
			<report>
				<misses>3703001</misses>
				<total>2254843</total>
				<timestamp>444.115010</timestamp>
			</report>
			<report>
				<misses>3704001</misses>
				<total>2254843</total>
				<timestamp>444.234918</timestamp>
			</report>
			<report>
				<misses>3705001</misses>
				<total>2254843</total>
				<timestamp>444.354815</timestamp>
			</report>
			<report>
				<misses>3706001</misses>
				<total>2254843</total>
				<timestamp>444.474643</timestamp>
			</report>
			<report>
				<misses>3707001</misses>
				<total>2254843</total>
				<timestamp>444.594527</timestamp>
			</report>
			<report>
				<misses>3708001</misses>
				<total>2254847</total>
				<timestamp>444.714404</timestamp>
			</report>
			<report>
				<misses>3709001</misses>
				<total>2254847</total>
				<timestamp>444.834291</timestamp>
			</report>
			<report>
				<misses>3710001</misses>
				<total>2254847</total>
				<timestamp>444.954193</timestamp>
			</report>
			<report>
				<misses>3711001</misses>
				<total>2254847</total>
				<timestamp>445.074089</timestamp>
			</report>
			<report>
				<misses>3712001</misses>
				<total>2254847</total>
				<timestamp>445.193989</timestamp>
			</report>
			<report>
				<misses>3713001</misses>
				<total>2254847</total>
				<timestamp>445.313836</timestamp>
			</report>
			<report>
				<misses>3714001</misses>
				<total>2254847</total>
				<timestamp>445.433702</timestamp>
			</report>
			<report>
				<misses>3715001</misses>
				<total>2254847</total>
				<timestamp>445.553559</timestamp>
			</report>
			<report>
				<misses>3716001</misses>
				<total>2254847</total>
				<timestamp>445.673440</timestamp>
			</report>
			<report>
				<misses>3717001</misses>
				<total>2254847</total>
				<timestamp>445.793335</timestamp>
			</report>
			<report>
				<misses>3718001</misses>
				<total>2254848</total>
				<timestamp>445.913228</timestamp>
			</report>
			<report>
				<misses>3719001</misses>
				<total>2254847</total>
				<timestamp>446.033118</timestamp>
			</report>
			<report>
				<misses>3720001</misses>
				<total>2254847</total>
				<timestamp>446.153027</timestamp>
			</report>
			<report>
				<misses>3721001</misses>
				<total>2254847</total>
				<timestamp>446.272897</timestamp>
			</report>
			<report>
				<misses>3722001</misses>
				<total>2254848</total>
				<timestamp>446.392821</timestamp>
			</report>
			<report>
				<misses>3723001</misses>
				<total>2254848</total>
				<timestamp>446.512797</timestamp>
			</report>
			<report>
				<misses>3724001</misses>
				<total>2254848</total>
				<timestamp>446.632791</timestamp>
			</report>
			<report>
				<misses>3725001</misses>
				<total>2254848</total>
				<timestamp>446.752837</timestamp>
			</report>
			<report>
				<misses>3726001</misses>
				<total>2254848</total>
				<timestamp>446.872772</timestamp>
			</report>
			<report>
				<misses>3727001</misses>
				<total>2254848</total>
				<timestamp>446.992621</timestamp>
			</report>
			<report>
				<misses>3728001</misses>
				<total>2254848</total>
				<timestamp>447.112501</timestamp>
			</report>
			<report>
				<misses>3729001</misses>
				<total>2254848</total>
				<timestamp>447.232378</timestamp>
			</report>
			<report>
				<misses>3730001</misses>
				<total>2254848</total>
				<timestamp>447.352256</timestamp>
			</report>
			<report>
				<misses>3731001</misses>
				<total>2254851</total>
				<timestamp>447.472143</timestamp>
			</report>
			<report>
				<misses>3732001</misses>
				<total>2254851</total>
				<timestamp>447.592099</timestamp>
			</report>
			<report>
				<misses>3733001</misses>
				<total>2254851</total>
				<timestamp>447.712055</timestamp>
			</report>
			<report>
				<misses>3734001</misses>
				<total>2254851</total>
				<timestamp>447.831950</timestamp>
			</report>
			<report>
				<misses>3735001</misses>
				<total>2254851</total>
				<timestamp>447.951800</timestamp>
			</report>
			<report>
				<misses>3736001</misses>
				<total>2254853</total>
				<timestamp>448.071660</timestamp>
			</report>
			<report>
				<misses>3737001</misses>
				<total>2254853</total>
				<timestamp>448.191538</timestamp>
			</report>
			<report>
				<misses>3738001</misses>
				<total>2254853</total>
				<timestamp>448.311414</timestamp>
			</report>
			<report>
				<misses>3739001</misses>
				<total>2254853</total>
				<timestamp>448.431296</timestamp>
			</report>
			<report>
				<misses>3740001</misses>
				<total>2254853</total>
				<timestamp>448.551182</timestamp>
			</report>
			<report>
				<misses>3741001</misses>
				<total>2254854</total>
				<timestamp>448.671079</timestamp>
			</report>
			<report>
				<misses>3742001</misses>
				<total>2254854</total>
				<timestamp>448.790980</timestamp>
			</report>
			<report>
				<misses>3743001</misses>
				<total>2254854</total>
				<timestamp>448.910862</timestamp>
			</report>
			<report>
				<misses>3744001</misses>
				<total>2254854</total>
				<timestamp>449.030740</timestamp>
			</report>
			<report>
				<misses>3745001</misses>
				<total>2254854</total>
				<timestamp>449.150564</timestamp>
			</report>
			<report>
				<misses>3746001</misses>
				<total>2254854</total>
				<timestamp>449.270447</timestamp>
			</report>
			<report>
				<misses>3747001</misses>
				<total>2254854</total>
				<timestamp>449.390339</timestamp>
			</report>
			<report>
				<misses>3748001</misses>
				<total>2254855</total>
				<timestamp>449.510213</timestamp>
			</report>
			<report>
				<misses>3749001</misses>
				<total>2254854</total>
				<timestamp>449.630111</timestamp>
			</report>
			<report>
				<misses>3750001</misses>
				<total>2254854</total>
				<timestamp>449.750053</timestamp>
			</report>
			<report>
				<misses>3751001</misses>
				<total>2254854</total>
				<timestamp>449.870080</timestamp>
			</report>
			<report>
				<misses>3752001</misses>
				<total>2254854</total>
				<timestamp>449.989995</timestamp>
			</report>
			<report>
				<misses>3753001</misses>
				<total>2254854</total>
				<timestamp>450.109900</timestamp>
			</report>
			<report>
				<misses>3754001</misses>
				<total>2254854</total>
				<timestamp>450.229775</timestamp>
			</report>
			<report>
				<misses>3755001</misses>
				<total>2254854</total>
				<timestamp>450.349612</timestamp>
			</report>
			<report>
				<misses>3756001</misses>
				<total>2254854</total>
				<timestamp>450.469484</timestamp>
			</report>
			<report>
				<misses>3757001</misses>
				<total>2254854</total>
				<timestamp>450.589375</timestamp>
			</report>
			<report>
				<misses>3758001</misses>
				<total>2254854</total>
				<timestamp>450.709265</timestamp>
			</report>
			<report>
				<misses>3759001</misses>
				<total>2254854</total>
				<timestamp>450.829169</timestamp>
			</report>
			<report>
				<misses>3760001</misses>
				<total>2254854</total>
				<timestamp>450.949069</timestamp>
			</report>
			<report>
				<misses>3761001</misses>
				<total>2254854</total>
				<timestamp>451.068958</timestamp>
			</report>
			<report>
				<misses>3762001</misses>
				<total>2254854</total>
				<timestamp>451.188928</timestamp>
			</report>
			<report>
				<misses>3763001</misses>
				<total>2254854</total>
				<timestamp>451.308842</timestamp>
			</report>
			<report>
				<misses>3764001</misses>
				<total>2254854</total>
				<timestamp>451.428850</timestamp>
			</report>
			<report>
				<misses>3765001</misses>
				<total>2254854</total>
				<timestamp>451.548870</timestamp>
			</report>
			<report>
				<misses>3766001</misses>
				<total>2254857</total>
				<timestamp>451.668807</timestamp>
			</report>
			<report>
				<misses>3767001</misses>
				<total>2254857</total>
				<timestamp>451.788705</timestamp>
			</report>
			<report>
				<misses>3768001</misses>
				<total>2254857</total>
				<timestamp>451.908553</timestamp>
			</report>
			<report>
				<misses>3769001</misses>
				<total>2254857</total>
				<timestamp>452.028428</timestamp>
			</report>
			<report>
				<misses>3770001</misses>
				<total>2254857</total>
				<timestamp>452.148333</timestamp>
			</report>
			<report>
				<misses>3771001</misses>
				<total>2254857</total>
				<timestamp>452.268223</timestamp>
			</report>
			<report>
				<misses>3772001</misses>
				<total>2254857</total>
				<timestamp>452.388065</timestamp>
			</report>
			<report>
				<misses>3773001</misses>
				<total>2254861</total>
				<timestamp>452.507948</timestamp>
			</report>
			<report>
				<misses>3774001</misses>
				<total>2254861</total>
				<timestamp>452.627848</timestamp>
			</report>
			<report>
				<misses>3775001</misses>
				<total>2254861</total>
				<timestamp>452.747723</timestamp>
			</report>
			<report>
				<misses>3776001</misses>
				<total>2254862</total>
				<timestamp>452.867573</timestamp>
			</report>
			<report>
				<misses>3777001</misses>
				<total>2254862</total>
				<timestamp>452.987449</timestamp>
			</report>
			<report>
				<misses>3778001</misses>
				<total>2254862</total>
				<timestamp>453.107468</timestamp>
			</report>
			<report>
				<misses>3779001</misses>
				<total>2254865</total>
				<timestamp>453.227341</timestamp>
			</report>
			<report>
				<misses>3780001</misses>
				<total>2254865</total>
				<timestamp>453.347225</timestamp>
			</report>
			<report>
				<misses>3781001</misses>
				<total>2254865</total>
				<timestamp>453.467117</timestamp>
			</report>
			<report>
				<misses>3782001</misses>
				<total>2254865</total>
				<timestamp>453.587016</timestamp>
			</report>
			<report>
				<misses>3783001</misses>
				<total>2254865</total>
				<timestamp>453.706852</timestamp>
			</report>
			<report>
				<misses>3784001</misses>
				<total>2254865</total>
				<timestamp>453.826721</timestamp>
			</report>
			<report>
				<misses>3785001</misses>
				<total>2254876</total>
				<timestamp>453.946656</timestamp>
			</report>
			<report>
				<misses>3786001</misses>
				<total>2254876</total>
				<timestamp>454.066509</timestamp>
			</report>
			<report>
				<misses>3787001</misses>
				<total>2254876</total>
				<timestamp>454.186372</timestamp>
			</report>
			<report>
				<misses>3788001</misses>
				<total>2254876</total>
				<timestamp>454.306258</timestamp>
			</report>
			<report>
				<misses>3789001</misses>
				<total>2254876</total>
				<timestamp>454.426147</timestamp>
			</report>
			<report>
				<misses>3790001</misses>
				<total>2254876</total>
				<timestamp>454.546016</timestamp>
			</report>
			<report>
				<misses>3791001</misses>
				<total>2254876</total>
				<timestamp>454.665926</timestamp>
			</report>
			<report>
				<misses>3792001</misses>
				<total>2254876</total>
				<timestamp>454.785849</timestamp>
			</report>
			<report>
				<misses>3793001</misses>
				<total>2254876</total>
				<timestamp>454.905844</timestamp>
			</report>
			<report>
				<misses>3794001</misses>
				<total>2254875</total>
				<timestamp>455.025944</timestamp>
			</report>
			<report>
				<misses>3795001</misses>
				<total>2254876</total>
				<timestamp>455.145848</timestamp>
			</report>
			<report>
				<misses>3796001</misses>
				<total>2254876</total>
				<timestamp>455.265800</timestamp>
			</report>
			<report>
				<misses>3797001</misses>
				<total>2254876</total>
				<timestamp>455.385701</timestamp>
			</report>
			<report>
				<misses>3798001</misses>
				<total>2254879</total>
				<timestamp>455.505526</timestamp>
			</report>
			<report>
				<misses>3799001</misses>
				<total>2254890</total>
				<timestamp>455.625436</timestamp>
			</report>
			<report>
				<misses>3800001</misses>
				<total>2254890</total>
				<timestamp>455.745283</timestamp>
			</report>
			<report>
				<misses>3801001</misses>
				<total>2254890</total>
				<timestamp>455.865158</timestamp>
			</report>
			<report>
				<misses>3802001</misses>
				<total>2254890</total>
				<timestamp>455.985091</timestamp>
			</report>
			<report>
				<misses>3803001</misses>
				<total>2254890</total>
				<timestamp>456.104995</timestamp>
			</report>
			<report>
				<misses>3804001</misses>
				<total>2254890</total>
				<timestamp>456.224948</timestamp>
			</report>
			<report>
				<misses>3805001</misses>
				<total>2254890</total>
				<timestamp>456.344847</timestamp>
			</report>
			<report>
				<misses>3806001</misses>
				<total>2254890</total>
				<timestamp>456.464744</timestamp>
			</report>
			<report>
				<misses>3807001</misses>
				<total>2254890</total>
				<timestamp>456.584570</timestamp>
			</report>
			<report>
				<misses>3808001</misses>
				<total>2254890</total>
				<timestamp>456.704445</timestamp>
			</report>
			<report>
				<misses>3809001</misses>
				<total>2254890</total>
				<timestamp>456.824399</timestamp>
			</report>
			<report>
				<misses>3810001</misses>
				<total>2254891</total>
				<timestamp>456.944326</timestamp>
			</report>
			<report>
				<misses>3811001</misses>
				<total>2254891</total>
				<timestamp>457.064210</timestamp>
			</report>
			<report>
				<misses>3812001</misses>
				<total>2254891</total>
				<timestamp>457.184100</timestamp>
			</report>
			<report>
				<misses>3813001</misses>
				<total>2254891</total>
				<timestamp>457.303987</timestamp>
			</report>
			<report>
				<misses>3814001</misses>
				<total>2254899</total>
				<timestamp>457.423900</timestamp>
			</report>
			<report>
				<misses>3815001</misses>
				<total>2254899</total>
				<timestamp>457.543824</timestamp>
			</report>
			<report>
				<misses>3816001</misses>
				<total>2254903</total>
				<timestamp>457.663833</timestamp>
			</report>
			<report>
				<misses>3817001</misses>
				<total>2254904</total>
				<timestamp>457.783848</timestamp>
			</report>
			<report>
				<misses>3818001</misses>
				<total>2254905</total>
				<timestamp>457.903825</timestamp>
			</report>
			<report>
				<misses>3819001</misses>
				<total>2254905</total>
				<timestamp>458.023802</timestamp>
			</report>
			<report>
				<misses>3820001</misses>
				<total>2254905</total>
				<timestamp>458.143826</timestamp>
			</report>
			<report>
				<misses>3821001</misses>
				<total>2254905</total>
				<timestamp>458.263777</timestamp>
			</report>
			<report>
				<misses>3822001</misses>
				<total>2254905</total>
				<timestamp>458.383619</timestamp>
			</report>
			<report>
				<misses>3823001</misses>
				<total>2255731</total>
				<timestamp>458.503496</timestamp>
			</report>
			<report>
				<misses>3824001</misses>
				<total>2256730</total>
				<timestamp>458.623369</timestamp>
			</report>
			<report>
				<misses>3825001</misses>
				<total>2257729</total>
				<timestamp>458.743267</timestamp>
			</report>
			<report>
				<misses>3826001</misses>
				<total>2258728</total>
				<timestamp>458.863145</timestamp>
			</report>
			<report>
				<misses>3827001</misses>
				<total>2259727</total>
				<timestamp>458.983040</timestamp>
			</report>
			<report>
				<misses>3828001</misses>
				<total>2260726</total>
				<timestamp>459.102939</timestamp>
			</report>
			<report>
				<misses>3829001</misses>
				<total>2261725</total>
				<timestamp>459.222815</timestamp>
			</report>
			<report>
				<misses>3830001</misses>
				<total>2262724</total>
				<timestamp>459.342758</timestamp>
			</report>
			<report>
				<misses>3831001</misses>
				<total>2263723</total>
				<timestamp>459.462676</timestamp>
			</report>
			<report>
				<misses>3832001</misses>
				<total>2264722</total>
				<timestamp>459.582542</timestamp>
			</report>
			<report>
				<misses>3833001</misses>
				<total>2265721</total>
				<timestamp>459.702415</timestamp>
			</report>
			<report>
				<misses>3834001</misses>
				<total>2266720</total>
				<timestamp>459.822288</timestamp>
			</report>
			<report>
				<misses>3835001</misses>
				<total>2267719</total>
				<timestamp>459.942204</timestamp>
			</report>
			<report>
				<misses>3836001</misses>
				<total>2268718</total>
				<timestamp>460.062045</timestamp>
			</report>
			<report>
				<misses>3837001</misses>
				<total>2269717</total>
				<timestamp>460.181980</timestamp>
			</report>
			<report>
				<misses>3838001</misses>
				<total>2270716</total>
				<timestamp>460.301829</timestamp>
			</report>
			<report>
				<misses>3839001</misses>
				<total>2271715</total>
				<timestamp>460.421806</timestamp>
			</report>
			<report>
				<misses>3840001</misses>
				<total>2272714</total>
				<timestamp>460.541747</timestamp>
			</report>
			<report>
				<misses>3841001</misses>
				<total>2273713</total>
				<timestamp>460.661655</timestamp>
			</report>
			<report>
				<misses>3842001</misses>
				<total>2274712</total>
				<timestamp>460.781570</timestamp>
			</report>
			<report>
				<misses>3843001</misses>
				<total>2275711</total>
				<timestamp>460.901444</timestamp>
			</report>
			<report>
				<misses>3844001</misses>
				<total>2276710</total>
				<timestamp>461.021326</timestamp>
			</report>
			<report>
				<misses>3845001</misses>
				<total>2277709</total>
				<timestamp>461.141205</timestamp>
			</report>
			<report>
				<misses>3846001</misses>
				<total>2278708</total>
				<timestamp>461.261074</timestamp>
			</report>
			<report>
				<misses>3847001</misses>
				<total>2279707</total>
				<timestamp>461.381047</timestamp>
			</report>
			<report>
				<misses>3848001</misses>
				<total>2280706</total>
				<timestamp>461.501002</timestamp>
			</report>
			<report>
				<misses>3849001</misses>
				<total>2281705</total>
				<timestamp>461.620879</timestamp>
			</report>
			<report>
				<misses>3850001</misses>
				<total>2282704</total>
				<timestamp>461.740794</timestamp>
			</report>
			<report>
				<misses>3851001</misses>
				<total>2283703</total>
				<timestamp>461.860645</timestamp>
			</report>
			<report>
				<misses>3852001</misses>
				<total>2284702</total>
				<timestamp>461.980489</timestamp>
			</report>
			<report>
				<misses>3853001</misses>
				<total>2285701</total>
				<timestamp>462.100374</timestamp>
			</report>
			<report>
				<misses>3854001</misses>
				<total>2286700</total>
				<timestamp>462.220269</timestamp>
			</report>
			<report>
				<misses>3855001</misses>
				<total>2287699</total>
				<timestamp>462.340142</timestamp>
			</report>
			<report>
				<misses>3856001</misses>
				<total>2288698</total>
				<timestamp>462.460032</timestamp>
			</report>
			<report>
				<misses>3857001</misses>
				<total>2289697</total>
				<timestamp>462.579922</timestamp>
			</report>
			<report>
				<misses>3858001</misses>
				<total>2290696</total>
				<timestamp>462.699792</timestamp>
			</report>
			<report>
				<misses>3859001</misses>
				<total>2291695</total>
				<timestamp>462.819867</timestamp>
			</report>
			<report>
				<misses>3860001</misses>
				<total>2292694</total>
				<timestamp>462.939857</timestamp>
			</report>
			<report>
				<misses>3861001</misses>
				<total>2293693</total>
				<timestamp>463.059848</timestamp>
			</report>
			<report>
				<misses>3862001</misses>
				<total>2294692</total>
				<timestamp>463.179798</timestamp>
			</report>
			<report>
				<misses>3863001</misses>
				<total>2295691</total>
				<timestamp>463.299782</timestamp>
			</report>
			<report>
				<misses>3864001</misses>
				<total>2296690</total>
				<timestamp>463.419676</timestamp>
			</report>
			<report>
				<misses>3865001</misses>
				<total>2297689</total>
				<timestamp>463.539534</timestamp>
			</report>
			<report>
				<misses>3866001</misses>
				<total>2298688</total>
				<timestamp>463.659408</timestamp>
			</report>
			<report>
				<misses>3867001</misses>
				<total>2299687</total>
				<timestamp>463.779286</timestamp>
			</report>
			<report>
				<misses>3868001</misses>
				<total>2300686</total>
				<timestamp>463.899172</timestamp>
			</report>
			<report>
				<misses>3869001</misses>
				<total>2301685</total>
				<timestamp>464.019070</timestamp>
			</report>
			<report>
				<misses>3870001</misses>
				<total>2302684</total>
				<timestamp>464.138992</timestamp>
			</report>
			<report>
				<misses>3871001</misses>
				<total>2303683</total>
				<timestamp>464.258868</timestamp>
			</report>
			<report>
				<misses>3872001</misses>
				<total>2304682</total>
				<timestamp>464.378712</timestamp>
			</report>
			<report>
				<misses>3873001</misses>
				<total>2305681</total>
				<timestamp>464.498582</timestamp>
			</report>
			<report>
				<misses>3874001</misses>
				<total>2306680</total>
				<timestamp>464.618460</timestamp>
			</report>
			<report>
				<misses>3875001</misses>
				<total>2307679</total>
				<timestamp>464.738362</timestamp>
			</report>
			<report>
				<misses>3876001</misses>
				<total>2308678</total>
				<timestamp>464.858219</timestamp>
			</report>
			<report>
				<misses>3877001</misses>
				<total>2309677</total>
				<timestamp>464.978132</timestamp>
			</report>
			<report>
				<misses>3878001</misses>
				<total>2310676</total>
				<timestamp>465.097969</timestamp>
			</report>
			<report>
				<misses>3879001</misses>
				<total>2311675</total>
				<timestamp>465.217896</timestamp>
			</report>
			<report>
				<misses>3880001</misses>
				<total>2312674</total>
				<timestamp>465.337852</timestamp>
			</report>
			<report>
				<misses>3881001</misses>
				<total>2313673</total>
				<timestamp>465.457806</timestamp>
			</report>
			<report>
				<misses>3882001</misses>
				<total>2314672</total>
				<timestamp>465.577796</timestamp>
			</report>
			<report>
				<misses>3883001</misses>
				<total>2315671</total>
				<timestamp>465.697789</timestamp>
			</report>
			<report>
				<misses>3884001</misses>
				<total>2316670</total>
				<timestamp>465.817673</timestamp>
			</report>
			<report>
				<misses>3885001</misses>
				<total>2317669</total>
				<timestamp>465.937634</timestamp>
			</report>
			<report>
				<misses>3886001</misses>
				<total>2318668</total>
				<timestamp>466.057504</timestamp>
			</report>
			<report>
				<misses>3887001</misses>
				<total>2319667</total>
				<timestamp>466.177376</timestamp>
			</report>
			<report>
				<misses>3888001</misses>
				<total>2320666</total>
				<timestamp>466.297251</timestamp>
			</report>
			<report>
				<misses>3889001</misses>
				<total>2321665</total>
				<timestamp>466.417132</timestamp>
			</report>
			<report>
				<misses>3890001</misses>
				<total>2322664</total>
				<timestamp>466.537016</timestamp>
			</report>
			<report>
				<misses>3891001</misses>
				<total>2323663</total>
				<timestamp>466.656917</timestamp>
			</report>
			<report>
				<misses>3892001</misses>
				<total>2324662</total>
				<timestamp>466.776865</timestamp>
			</report>
			<report>
				<misses>3893001</misses>
				<total>2325661</total>
				<timestamp>466.896849</timestamp>
			</report>
			<report>
				<misses>3894001</misses>
				<total>2326660</total>
				<timestamp>467.016837</timestamp>
			</report>
			<report>
				<misses>3895001</misses>
				<total>2327659</total>
				<timestamp>467.136854</timestamp>
			</report>
			<report>
				<misses>3896001</misses>
				<total>2328658</total>
				<timestamp>467.256855</timestamp>
			</report>
			<report>
				<misses>3897001</misses>
				<total>2329657</total>
				<timestamp>467.376856</timestamp>
			</report>
			<report>
				<misses>3898001</misses>
				<total>2330656</total>
				<timestamp>467.496849</timestamp>
			</report>
			<report>
				<misses>3899001</misses>
				<total>2331655</total>
				<timestamp>467.616825</timestamp>
			</report>
			<report>
				<misses>3900001</misses>
				<total>2332654</total>
				<timestamp>467.736648</timestamp>
			</report>
			<report>
				<misses>3901001</misses>
				<total>2333653</total>
				<timestamp>467.856656</timestamp>
			</report>
			<report>
				<misses>3902001</misses>
				<total>2334652</total>
				<timestamp>467.976634</timestamp>
			</report>
			<report>
				<misses>3903001</misses>
				<total>2335651</total>
				<timestamp>468.096635</timestamp>
			</report>
			<report>
				<misses>3904001</misses>
				<total>2336650</total>
				<timestamp>468.216604</timestamp>
			</report>
			<report>
				<misses>3905001</misses>
				<total>2337649</total>
				<timestamp>468.336622</timestamp>
			</report>
			<report>
				<misses>3906001</misses>
				<total>2338648</total>
				<timestamp>468.456633</timestamp>
			</report>
			<report>
				<misses>3907001</misses>
				<total>2339647</total>
				<timestamp>468.576576</timestamp>
			</report>
			<report>
				<misses>3908001</misses>
				<total>2340646</total>
				<timestamp>468.696403</timestamp>
			</report>
			<report>
				<misses>3909001</misses>
				<total>2341645</total>
				<timestamp>468.816329</timestamp>
			</report>
			<report>
				<misses>3910001</misses>
				<total>2342644</total>
				<timestamp>468.936192</timestamp>
			</report>
			<report>
				<misses>3911001</misses>
				<total>2343643</total>
				<timestamp>469.056070</timestamp>
			</report>
			<report>
				<misses>3912001</misses>
				<total>2344642</total>
				<timestamp>469.175999</timestamp>
			</report>
			<report>
				<misses>3913001</misses>
				<total>2345641</total>
				<timestamp>469.295920</timestamp>
			</report>
			<report>
				<misses>3914001</misses>
				<total>2346640</total>
				<timestamp>469.415855</timestamp>
			</report>
			<report>
				<misses>3915001</misses>
				<total>2347639</total>
				<timestamp>469.535850</timestamp>
			</report>
			<report>
				<misses>3916001</misses>
				<total>2348638</total>
				<timestamp>469.655785</timestamp>
			</report>
			<report>
				<misses>3917001</misses>
				<total>2349637</total>
				<timestamp>469.775715</timestamp>
			</report>
			<report>
				<misses>3918001</misses>
				<total>2350636</total>
				<timestamp>469.895602</timestamp>
			</report>
			<report>
				<misses>3919001</misses>
				<total>2351635</total>
				<timestamp>470.015466</timestamp>
			</report>
			<report>
				<misses>3920001</misses>
				<total>2352634</total>
				<timestamp>470.135337</timestamp>
			</report>
			<report>
				<misses>3921001</misses>
				<total>2353633</total>
				<timestamp>470.255224</timestamp>
			</report>
			<report>
				<misses>3922001</misses>
				<total>2354632</total>
				<timestamp>470.375118</timestamp>
			</report>
			<report>
				<misses>3923001</misses>
				<total>2355631</total>
				<timestamp>470.495002</timestamp>
			</report>
			<report>
				<misses>3924001</misses>
				<total>2356630</total>
				<timestamp>470.614856</timestamp>
			</report>
			<report>
				<misses>3925001</misses>
				<total>2357629</total>
				<timestamp>470.734745</timestamp>
			</report>
			<report>
				<misses>3926001</misses>
				<total>2358628</total>
				<timestamp>470.854663</timestamp>
			</report>
			<report>
				<misses>3927001</misses>
				<total>2359627</total>
				<timestamp>470.974577</timestamp>
			</report>
			<report>
				<misses>3928001</misses>
				<total>2360626</total>
				<timestamp>471.094663</timestamp>
			</report>
			<report>
				<misses>3929001</misses>
				<total>2361625</total>
				<timestamp>471.214502</timestamp>
			</report>
			<report>
				<misses>3930001</misses>
				<total>2362624</total>
				<timestamp>471.334382</timestamp>
			</report>
			<report>
				<misses>3931001</misses>
				<total>2363623</total>
				<timestamp>471.454266</timestamp>
			</report>
			<report>
				<misses>3932001</misses>
				<total>2364622</total>
				<timestamp>471.574135</timestamp>
			</report>
			<report>
				<misses>3933001</misses>
				<total>2365621</total>
				<timestamp>471.694007</timestamp>
			</report>
			<report>
				<misses>3934001</misses>
				<total>2366620</total>
				<timestamp>471.813906</timestamp>
			</report>
			<report>
				<misses>3935001</misses>
				<total>2367619</total>
				<timestamp>471.933791</timestamp>
			</report>
			<report>
				<misses>3936001</misses>
				<total>2368618</total>
				<timestamp>472.053733</timestamp>
			</report>
			<report>
				<misses>3937001</misses>
				<total>2369617</total>
				<timestamp>472.173722</timestamp>
			</report>
			<report>
				<misses>3938001</misses>
				<total>2370616</total>
				<timestamp>472.293714</timestamp>
			</report>
			<report>
				<misses>3939001</misses>
				<total>2371615</total>
				<timestamp>472.413746</timestamp>
			</report>
			<report>
				<misses>3940001</misses>
				<total>2372614</total>
				<timestamp>472.533721</timestamp>
			</report>
			<report>
				<misses>3941001</misses>
				<total>2373613</total>
				<timestamp>472.653783</timestamp>
			</report>
			<report>
				<misses>3942001</misses>
				<total>2374612</total>
				<timestamp>472.773679</timestamp>
			</report>
			<report>
				<misses>3943001</misses>
				<total>2375611</total>
				<timestamp>472.893587</timestamp>
			</report>
			<report>
				<misses>3944001</misses>
				<total>2376610</total>
				<timestamp>473.013409</timestamp>
			</report>
			<report>
				<misses>3945001</misses>
				<total>2377609</total>
				<timestamp>473.133350</timestamp>
			</report>
			<report>
				<misses>3946001</misses>
				<total>2378608</total>
				<timestamp>473.253187</timestamp>
			</report>
			<report>
				<misses>3947001</misses>
				<total>2379607</total>
				<timestamp>473.373088</timestamp>
			</report>
			<report>
				<misses>3948001</misses>
				<total>2380606</total>
				<timestamp>473.492955</timestamp>
			</report>
			<report>
				<misses>3949001</misses>
				<total>2381605</total>
				<timestamp>473.612829</timestamp>
			</report>
			<report>
				<misses>3950001</misses>
				<total>2382604</total>
				<timestamp>473.732771</timestamp>
			</report>
			<report>
				<misses>3951001</misses>
				<total>2383603</total>
				<timestamp>473.852768</timestamp>
			</report>
			<report>
				<misses>3952001</misses>
				<total>2384602</total>
				<timestamp>473.972768</timestamp>
			</report>
			<report>
				<misses>3953001</misses>
				<total>2385601</total>
				<timestamp>474.092749</timestamp>
			</report>
			<report>
				<misses>3954001</misses>
				<total>2386600</total>
				<timestamp>474.212619</timestamp>
			</report>
			<report>
				<misses>3955001</misses>
				<total>2387599</total>
				<timestamp>474.332475</timestamp>
			</report>
			<report>
				<misses>3956001</misses>
				<total>2388598</total>
				<timestamp>474.452343</timestamp>
			</report>
			<report>
				<misses>3957001</misses>
				<total>2389597</total>
				<timestamp>474.572212</timestamp>
			</report>
			<report>
				<misses>3958001</misses>
				<total>2390596</total>
				<timestamp>474.692136</timestamp>
			</report>
			<report>
				<misses>3959001</misses>
				<total>2391595</total>
				<timestamp>474.812000</timestamp>
			</report>
			<report>
				<misses>3960001</misses>
				<total>2392594</total>
				<timestamp>474.931862</timestamp>
			</report>
			<report>
				<misses>3961001</misses>
				<total>2393593</total>
				<timestamp>475.051771</timestamp>
			</report>
			<report>
				<misses>3962001</misses>
				<total>2394592</total>
				<timestamp>475.171629</timestamp>
			</report>
			<report>
				<misses>3963001</misses>
				<total>2395591</total>
				<timestamp>475.291567</timestamp>
			</report>
			<report>
				<misses>3964001</misses>
				<total>2396590</total>
				<timestamp>475.411576</timestamp>
			</report>
			<report>
				<misses>3965001</misses>
				<total>2397589</total>
				<timestamp>475.531595</timestamp>
			</report>
			<report>
				<misses>3966001</misses>
				<total>2398588</total>
				<timestamp>475.651515</timestamp>
			</report>
			<report>
				<misses>3967001</misses>
				<total>2399587</total>
				<timestamp>475.771360</timestamp>
			</report>
			<report>
				<misses>3968001</misses>
				<total>2400586</total>
				<timestamp>475.891243</timestamp>
			</report>
			<report>
				<misses>3969001</misses>
				<total>2401585</total>
				<timestamp>476.011136</timestamp>
			</report>
			<report>
				<misses>3970001</misses>
				<total>2402584</total>
				<timestamp>476.131045</timestamp>
			</report>
			<report>
				<misses>3971001</misses>
				<total>2403583</total>
				<timestamp>476.250908</timestamp>
			</report>
			<report>
				<misses>3972001</misses>
				<total>2404582</total>
				<timestamp>476.370840</timestamp>
			</report>
			<report>
				<misses>3973001</misses>
				<total>2405581</total>
				<timestamp>476.490774</timestamp>
			</report>
			<report>
				<misses>3974001</misses>
				<total>2406580</total>
				<timestamp>476.610712</timestamp>
			</report>
			<report>
				<misses>3975001</misses>
				<total>2407579</total>
				<timestamp>476.730630</timestamp>
			</report>
			<report>
				<misses>3976001</misses>
				<total>2408578</total>
				<timestamp>476.850564</timestamp>
			</report>
			<report>
				<misses>3977001</misses>
				<total>2409577</total>
				<timestamp>476.970417</timestamp>
			</report>
			<report>
				<misses>3978001</misses>
				<total>2410576</total>
				<timestamp>477.090291</timestamp>
			</report>
			<report>
				<misses>3979001</misses>
				<total>2411575</total>
				<timestamp>477.210164</timestamp>
			</report>
			<report>
				<misses>3980001</misses>
				<total>2412574</total>
				<timestamp>477.330051</timestamp>
			</report>
			<report>
				<misses>3981001</misses>
				<total>2413573</total>
				<timestamp>477.449936</timestamp>
			</report>
			<report>
				<misses>3982001</misses>
				<total>2414572</total>
				<timestamp>477.569888</timestamp>
			</report>
			<report>
				<misses>3983001</misses>
				<total>2415571</total>
				<timestamp>477.689944</timestamp>
			</report>
			<report>
				<misses>3984001</misses>
				<total>2416570</total>
				<timestamp>477.809813</timestamp>
			</report>
			<report>
				<misses>3985001</misses>
				<total>2417569</total>
				<timestamp>477.929722</timestamp>
			</report>
			<report>
				<misses>3986001</misses>
				<total>2418568</total>
				<timestamp>478.049628</timestamp>
			</report>
			<report>
				<misses>3987001</misses>
				<total>2419567</total>
				<timestamp>478.169558</timestamp>
			</report>
			<report>
				<misses>3988001</misses>
				<total>2420566</total>
				<timestamp>478.289558</timestamp>
			</report>
			<report>
				<misses>3989001</misses>
				<total>2421565</total>
				<timestamp>478.409453</timestamp>
			</report>
			<report>
				<misses>3990001</misses>
				<total>2422564</total>
				<timestamp>478.529333</timestamp>
			</report>
			<report>
				<misses>3991001</misses>
				<total>2423563</total>
				<timestamp>478.649226</timestamp>
			</report>
			<report>
				<misses>3992001</misses>
				<total>2424562</total>
				<timestamp>478.769132</timestamp>
			</report>
			<report>
				<misses>3993001</misses>
				<total>2425561</total>
				<timestamp>478.889162</timestamp>
			</report>
			<report>
				<misses>3994001</misses>
				<total>2426560</total>
				<timestamp>479.009132</timestamp>
			</report>
			<report>
				<misses>3995001</misses>
				<total>2427559</total>
				<timestamp>479.129024</timestamp>
			</report>
			<report>
				<misses>3996001</misses>
				<total>2428558</total>
				<timestamp>479.248884</timestamp>
			</report>
			<report>
				<misses>3997001</misses>
				<total>2429557</total>
				<timestamp>479.368748</timestamp>
			</report>
			<report>
				<misses>3998001</misses>
				<total>2430556</total>
				<timestamp>479.488743</timestamp>
			</report>
			<report>
				<misses>3999001</misses>
				<total>2431555</total>
				<timestamp>479.608637</timestamp>
			</report>
			<report>
				<misses>4000001</misses>
				<total>2432554</total>
				<timestamp>479.728552</timestamp>
			</report>
			<report>
				<misses>4001001</misses>
				<total>2433553</total>
				<timestamp>479.848375</timestamp>
			</report>
			<report>
				<misses>4002001</misses>
				<total>2434552</total>
				<timestamp>479.968259</timestamp>
			</report>
			<report>
				<misses>4003001</misses>
				<total>2435551</total>
				<timestamp>480.088142</timestamp>
			</report>
			<report>
				<misses>4004001</misses>
				<total>2436550</total>
				<timestamp>480.208093</timestamp>
			</report>
			<report>
				<misses>4005001</misses>
				<total>2437549</total>
				<timestamp>480.328087</timestamp>
			</report>
			<report>
				<misses>4006001</misses>
				<total>2438548</total>
				<timestamp>480.448010</timestamp>
			</report>
			<report>
				<misses>4007001</misses>
				<total>2439547</total>
				<timestamp>480.567910</timestamp>
			</report>
			<report>
				<misses>4008001</misses>
				<total>2440546</total>
				<timestamp>480.687769</timestamp>
			</report>
			<report>
				<misses>4009001</misses>
				<total>2441545</total>
				<timestamp>480.807681</timestamp>
			</report>
			<report>
				<misses>4010001</misses>
				<total>2442544</total>
				<timestamp>480.927517</timestamp>
			</report>
			<report>
				<misses>4011001</misses>
				<total>2443543</total>
				<timestamp>481.047413</timestamp>
			</report>
			<report>
				<misses>4012001</misses>
				<total>2444542</total>
				<timestamp>481.167294</timestamp>
			</report>
			<report>
				<misses>4013001</misses>
				<total>2445541</total>
				<timestamp>481.287167</timestamp>
			</report>
			<report>
				<misses>4014001</misses>
				<total>2446540</total>
				<timestamp>481.407104</timestamp>
			</report>
			<report>
				<misses>4015001</misses>
				<total>2447539</total>
				<timestamp>481.526991</timestamp>
			</report>
			<report>
				<misses>4016001</misses>
				<total>2448538</total>
				<timestamp>481.646815</timestamp>
			</report>
			<report>
				<misses>4017001</misses>
				<total>2449537</total>
				<timestamp>481.766731</timestamp>
			</report>
			<report>
				<misses>4018001</misses>
				<total>2450536</total>
				<timestamp>481.886575</timestamp>
			</report>
			<report>
				<misses>4019001</misses>
				<total>2451535</total>
				<timestamp>482.006539</timestamp>
			</report>
			<report>
				<misses>4020001</misses>
				<total>2452330</total>
				<timestamp>482.126520</timestamp>
			</report>
			<report>
				<misses>4021001</misses>
				<total>2452330</total>
				<timestamp>482.246465</timestamp>
			</report>
			<report>
				<misses>4022001</misses>
				<total>2452330</total>
				<timestamp>482.366358</timestamp>
			</report>
			<report>
				<misses>4023001</misses>
				<total>2452330</total>
				<timestamp>482.486200</timestamp>
			</report>
			<report>
				<misses>4024001</misses>
				<total>2452330</total>
				<timestamp>482.606139</timestamp>
			</report>
			<report>
				<misses>4025001</misses>
				<total>2452403</total>
				<timestamp>482.726015</timestamp>
			</report>
			<report>
				<misses>4026001</misses>
				<total>2453402</total>
				<timestamp>482.845881</timestamp>
			</report>
			<report>
				<misses>4027001</misses>
				<total>2454401</total>
				<timestamp>482.965751</timestamp>
			</report>
			<report>
				<misses>4028001</misses>
				<total>2455400</total>
				<timestamp>483.085665</timestamp>
			</report>
			<report>
				<misses>4029001</misses>
				<total>2456399</total>
				<timestamp>483.205529</timestamp>
			</report>
			<report>
				<misses>4030001</misses>
				<total>2457398</total>
				<timestamp>483.325377</timestamp>
			</report>
			<report>
				<misses>4031001</misses>
				<total>2458397</total>
				<timestamp>483.445256</timestamp>
			</report>
			<report>
				<misses>4032001</misses>
				<total>2459396</total>
				<timestamp>483.565171</timestamp>
			</report>
			<report>
				<misses>4033001</misses>
				<total>2460003</total>
				<timestamp>483.685015</timestamp>
			</report>
			<report>
				<misses>4034001</misses>
				<total>2460002</total>
				<timestamp>483.804917</timestamp>
			</report>
			<report>
				<misses>4035001</misses>
				<total>2460003</total>
				<timestamp>483.924802</timestamp>
			</report>
			<report>
				<misses>4036001</misses>
				<total>2460002</total>
				<timestamp>484.044687</timestamp>
			</report>
			<report>
				<misses>4037001</misses>
				<total>2460003</total>
				<timestamp>484.164566</timestamp>
			</report>
			<report>
				<misses>4038001</misses>
				<total>2460003</total>
				<timestamp>484.284415</timestamp>
			</report>
			<report>
				<misses>4039001</misses>
				<total>2460002</total>
				<timestamp>484.404305</timestamp>
			</report>
			<report>
				<misses>4040001</misses>
				<total>2460003</total>
				<timestamp>484.524179</timestamp>
			</report>
			<report>
				<misses>4041001</misses>
				<total>2460012</total>
				<timestamp>484.644050</timestamp>
			</report>
			<report>
				<misses>4042001</misses>
				<total>2460012</total>
				<timestamp>484.763967</timestamp>
			</report>
			<report>
				<misses>4043001</misses>
				<total>2460877</total>
				<timestamp>484.883856</timestamp>
			</report>
			<report>
				<misses>4044001</misses>
				<total>2461876</total>
				<timestamp>485.003774</timestamp>
			</report>
			<report>
				<misses>4045001</misses>
				<total>2462875</total>
				<timestamp>485.123690</timestamp>
			</report>
			<report>
				<misses>4046001</misses>
				<total>2463874</total>
				<timestamp>485.243695</timestamp>
			</report>
			<report>
				<misses>4047001</misses>
				<total>2464873</total>
				<timestamp>485.363660</timestamp>
			</report>
			<report>
				<misses>4048001</misses>
				<total>2465872</total>
				<timestamp>485.483640</timestamp>
			</report>
			<report>
				<misses>4049001</misses>
				<total>2466871</total>
				<timestamp>485.603724</timestamp>
			</report>
			<report>
				<misses>4050001</misses>
				<total>2467556</total>
				<timestamp>485.723690</timestamp>
			</report>
			<report>
				<misses>4051001</misses>
				<total>2467560</total>
				<timestamp>485.843632</timestamp>
			</report>
			<report>
				<misses>4052001</misses>
				<total>2467560</total>
				<timestamp>485.963502</timestamp>
			</report>
			<report>
				<misses>4053001</misses>
				<total>2467560</total>
				<timestamp>486.083325</timestamp>
			</report>
			<report>
				<misses>4054001</misses>
				<total>2467560</total>
				<timestamp>486.203208</timestamp>
			</report>
			<report>
				<misses>4055001</misses>
				<total>2467560</total>
				<timestamp>486.323120</timestamp>
			</report>
			<report>
				<misses>4056001</misses>
				<total>2467560</total>
				<timestamp>486.443007</timestamp>
			</report>
			<report>
				<misses>4057001</misses>
				<total>2467560</total>
				<timestamp>486.562856</timestamp>
			</report>
			<report>
				<misses>4058001</misses>
				<total>2467560</total>
				<timestamp>486.682728</timestamp>
			</report>
			<report>
				<misses>4059001</misses>
				<total>2467560</total>
				<timestamp>486.802657</timestamp>
			</report>
			<report>
				<misses>4060001</misses>
				<total>2467560</total>
				<timestamp>486.922550</timestamp>
			</report>
			<report>
				<misses>4061001</misses>
				<total>2467560</total>
				<timestamp>487.042375</timestamp>
			</report>
			<report>
				<misses>4062001</misses>
				<total>2467560</total>
				<timestamp>487.162240</timestamp>
			</report>
			<report>
				<misses>4063001</misses>
				<total>2467560</total>
				<timestamp>487.282114</timestamp>
			</report>
			<report>
				<misses>4064001</misses>
				<total>2467560</total>
				<timestamp>487.402135</timestamp>
			</report>
			<report>
				<misses>4065001</misses>
				<total>2467560</total>
				<timestamp>487.522014</timestamp>
			</report>
			<report>
				<misses>4066001</misses>
				<total>2467560</total>
				<timestamp>487.641955</timestamp>
			</report>
			<report>
				<misses>4067001</misses>
				<total>2467560</total>
				<timestamp>487.761887</timestamp>
			</report>
			<report>
				<misses>4068001</misses>
				<total>2467566</total>
				<timestamp>487.881825</timestamp>
			</report>
			<report>
				<misses>4069001</misses>
				<total>2467566</total>
				<timestamp>488.001708</timestamp>
			</report>
			<report>
				<misses>4070001</misses>
				<total>2467566</total>
				<timestamp>488.121574</timestamp>
			</report>
			<report>
				<misses>4071001</misses>
				<total>2467566</total>
				<timestamp>488.241475</timestamp>
			</report>
			<report>
				<misses>4072001</misses>
				<total>2467566</total>
				<timestamp>488.361407</timestamp>
			</report>
			<report>
				<misses>4073001</misses>
				<total>2467568</total>
				<timestamp>488.481283</timestamp>
			</report>
			<report>
				<misses>4074001</misses>
				<total>2467574</total>
				<timestamp>488.601163</timestamp>
			</report>
			<report>
				<misses>4075001</misses>
				<total>2467574</total>
				<timestamp>488.721077</timestamp>
			</report>
			<report>
				<misses>4076001</misses>
				<total>2467574</total>
				<timestamp>488.840934</timestamp>
			</report>
			<report>
				<misses>4077001</misses>
				<total>2467575</total>
				<timestamp>488.960833</timestamp>
			</report>
			<report>
				<misses>4078001</misses>
				<total>2467575</total>
				<timestamp>489.080684</timestamp>
			</report>
			<report>
				<misses>4079001</misses>
				<total>2467574</total>
				<timestamp>489.200629</timestamp>
			</report>
			<report>
				<misses>4080001</misses>
				<total>2467574</total>
				<timestamp>489.320500</timestamp>
			</report>
			<report>
				<misses>4081001</misses>
				<total>2467988</total>
				<timestamp>489.440342</timestamp>
			</report>
			<report>
				<misses>4082001</misses>
				<total>2468987</total>
				<timestamp>489.560212</timestamp>
			</report>
			<report>
				<misses>4083001</misses>
				<total>2469986</total>
				<timestamp>489.680111</timestamp>
			</report>
			<report>
				<misses>4084001</misses>
				<total>2470985</total>
				<timestamp>489.799982</timestamp>
			</report>
			<report>
				<misses>4085001</misses>
				<total>2471984</total>
				<timestamp>489.919861</timestamp>
			</report>
			<report>
				<misses>4086001</misses>
				<total>2472983</total>
				<timestamp>490.039740</timestamp>
			</report>
			<report>
				<misses>4087001</misses>
				<total>2473982</total>
				<timestamp>490.159706</timestamp>
			</report>
			<report>
				<misses>4088001</misses>
				<total>2474981</total>
				<timestamp>490.279627</timestamp>
			</report>
			<report>
				<misses>4089001</misses>
				<total>2475980</total>
				<timestamp>490.399554</timestamp>
			</report>
			<report>
				<misses>4090001</misses>
				<total>2476979</total>
				<timestamp>490.519576</timestamp>
			</report>
			<report>
				<misses>4091001</misses>
				<total>2477978</total>
				<timestamp>490.639622</timestamp>
			</report>
			<report>
				<misses>4092001</misses>
				<total>2478977</total>
				<timestamp>490.759629</timestamp>
			</report>
			<report>
				<misses>4093001</misses>
				<total>2479976</total>
				<timestamp>490.879523</timestamp>
			</report>
			<report>
				<misses>4094001</misses>
				<total>2480975</total>
				<timestamp>490.999367</timestamp>
			</report>
			<report>
				<misses>4095001</misses>
				<total>2481974</total>
				<timestamp>491.119249</timestamp>
			</report>
			<report>
				<misses>4096001</misses>
				<total>2482973</total>
				<timestamp>491.239160</timestamp>
			</report>
			<report>
				<misses>4097001</misses>
				<total>2483972</total>
				<timestamp>491.359068</timestamp>
			</report>
			<report>
				<misses>4098001</misses>
				<total>2484971</total>
				<timestamp>491.479015</timestamp>
			</report>
			<report>
				<misses>4099001</misses>
				<total>2485970</total>
				<timestamp>491.598912</timestamp>
			</report>
			<report>
				<misses>4100001</misses>
				<total>2486969</total>
				<timestamp>491.718781</timestamp>
			</report>
			<report>
				<misses>4101001</misses>
				<total>2487968</total>
				<timestamp>491.838683</timestamp>
			</report>
			<report>
				<misses>4102001</misses>
				<total>2488967</total>
				<timestamp>491.958597</timestamp>
			</report>
			<report>
				<misses>4103001</misses>
				<total>2489966</total>
				<timestamp>492.078599</timestamp>
			</report>
			<report>
				<misses>4104001</misses>
				<total>2490965</total>
				<timestamp>492.198595</timestamp>
			</report>
			<report>
				<misses>4105001</misses>
				<total>2491964</total>
				<timestamp>492.318586</timestamp>
			</report>
			<report>
				<misses>4106001</misses>
				<total>2492963</total>
				<timestamp>492.438461</timestamp>
			</report>
			<report>
				<misses>4107001</misses>
				<total>2493962</total>
				<timestamp>492.558295</timestamp>
			</report>
			<report>
				<misses>4108001</misses>
				<total>2494961</total>
				<timestamp>492.678177</timestamp>
			</report>
			<report>
				<misses>4109001</misses>
				<total>2495960</total>
				<timestamp>492.798063</timestamp>
			</report>
			<report>
				<misses>4110001</misses>
				<total>2496959</total>
				<timestamp>492.917934</timestamp>
			</report>
			<report>
				<misses>4111001</misses>
				<total>2497958</total>
				<timestamp>493.037835</timestamp>
			</report>
			<report>
				<misses>4112001</misses>
				<total>2498957</total>
				<timestamp>493.157720</timestamp>
			</report>
			<report>
				<misses>4113001</misses>
				<total>2499956</total>
				<timestamp>493.277639</timestamp>
			</report>
			<report>
				<misses>4114001</misses>
				<total>2500955</total>
				<timestamp>493.397599</timestamp>
			</report>
			<report>
				<misses>4115001</misses>
				<total>2501954</total>
				<timestamp>493.517504</timestamp>
			</report>
			<report>
				<misses>4116001</misses>
				<total>2502953</total>
				<timestamp>493.637361</timestamp>
			</report>
			<report>
				<misses>4117001</misses>
				<total>2503952</total>
				<timestamp>493.757215</timestamp>
			</report>
			<report>
				<misses>4118001</misses>
				<total>2504951</total>
				<timestamp>493.877099</timestamp>
			</report>
			<report>
				<misses>4119001</misses>
				<total>2505950</total>
				<timestamp>493.997062</timestamp>
			</report>
			<report>
				<misses>4120001</misses>
				<total>2506949</total>
				<timestamp>494.116996</timestamp>
			</report>
			<report>
				<misses>4121001</misses>
				<total>2507948</total>
				<timestamp>494.236943</timestamp>
			</report>
			<report>
				<misses>4122001</misses>
				<total>2508947</total>
				<timestamp>494.356951</timestamp>
			</report>
			<report>
				<misses>4123001</misses>
				<total>2509946</total>
				<timestamp>494.476845</timestamp>
			</report>
			<report>
				<misses>4124001</misses>
				<total>2510945</total>
				<timestamp>494.596730</timestamp>
			</report>
			<report>
				<misses>4125001</misses>
				<total>2511944</total>
				<timestamp>494.716677</timestamp>
			</report>
			<report>
				<misses>4126001</misses>
				<total>2512943</total>
				<timestamp>494.836668</timestamp>
			</report>
			<report>
				<misses>4127001</misses>
				<total>2513942</total>
				<timestamp>494.956512</timestamp>
			</report>
			<report>
				<misses>4128001</misses>
				<total>2514941</total>
				<timestamp>495.076445</timestamp>
			</report>
			<report>
				<misses>4129001</misses>
				<total>2515940</total>
				<timestamp>495.196474</timestamp>
			</report>
			<report>
				<misses>4130001</misses>
				<total>2516939</total>
				<timestamp>495.316444</timestamp>
			</report>
			<report>
				<misses>4131001</misses>
				<total>2517938</total>
				<timestamp>495.436514</timestamp>
			</report>
			<report>
				<misses>4132001</misses>
				<total>2518937</total>
				<timestamp>495.556448</timestamp>
			</report>
			<report>
				<misses>4133001</misses>
				<total>2519936</total>
				<timestamp>495.676444</timestamp>
			</report>
			<report>
				<misses>4134001</misses>
				<total>2520935</total>
				<timestamp>495.796491</timestamp>
			</report>
			<report>
				<misses>4135001</misses>
				<total>2521934</total>
				<timestamp>495.916451</timestamp>
			</report>
			<report>
				<misses>4136001</misses>
				<total>2522933</total>
				<timestamp>496.036496</timestamp>
			</report>
			<report>
				<misses>4137001</misses>
				<total>2523932</total>
				<timestamp>496.156564</timestamp>
			</report>
			<report>
				<misses>4138001</misses>
				<total>2524931</total>
				<timestamp>496.276561</timestamp>
			</report>
			<report>
				<misses>4139001</misses>
				<total>2525930</total>
				<timestamp>496.396509</timestamp>
			</report>
			<report>
				<misses>4140001</misses>
				<total>2526929</total>
				<timestamp>496.516438</timestamp>
			</report>
			<report>
				<misses>4141001</misses>
				<total>2527928</total>
				<timestamp>496.636435</timestamp>
			</report>
			<report>
				<misses>4142001</misses>
				<total>2528927</total>
				<timestamp>496.756436</timestamp>
			</report>
			<report>
				<misses>4143001</misses>
				<total>2529926</total>
				<timestamp>496.876490</timestamp>
			</report>
			<report>
				<misses>4144001</misses>
				<total>2530925</total>
				<timestamp>496.996444</timestamp>
			</report>
			<report>
				<misses>4145001</misses>
				<total>2531924</total>
				<timestamp>497.116478</timestamp>
			</report>
			<report>
				<misses>4146001</misses>
				<total>2532923</total>
				<timestamp>497.236443</timestamp>
			</report>
			<report>
				<misses>4147001</misses>
				<total>2533922</total>
				<timestamp>497.356447</timestamp>
			</report>
			<report>
				<misses>4148001</misses>
				<total>2534921</total>
				<timestamp>497.476423</timestamp>
			</report>
			<report>
				<misses>4149001</misses>
				<total>2535920</total>
				<timestamp>497.596257</timestamp>
			</report>
			<report>
				<misses>4150001</misses>
				<total>2536919</total>
				<timestamp>497.716164</timestamp>
			</report>
			<report>
				<misses>4151001</misses>
				<total>2537918</total>
				<timestamp>497.836017</timestamp>
			</report>
			<report>
				<misses>4152001</misses>
				<total>2538917</total>
				<timestamp>497.955958</timestamp>
			</report>
			<report>
				<misses>4153001</misses>
				<total>2539916</total>
				<timestamp>498.075912</timestamp>
			</report>
			<report>
				<misses>4154001</misses>
				<total>2540915</total>
				<timestamp>498.195816</timestamp>
			</report>
			<report>
				<misses>4155001</misses>
				<total>2541914</total>
				<timestamp>498.315720</timestamp>
			</report>
			<report>
				<misses>4156001</misses>
				<total>2542913</total>
				<timestamp>498.435658</timestamp>
			</report>
			<report>
				<misses>4157001</misses>
				<total>2543912</total>
				<timestamp>498.555630</timestamp>
			</report>
			<report>
				<misses>4158001</misses>
				<total>2544911</total>
				<timestamp>498.675568</timestamp>
			</report>
			<report>
				<misses>4159001</misses>
				<total>2545910</total>
				<timestamp>498.795442</timestamp>
			</report>
			<report>
				<misses>4160001</misses>
				<total>2546909</total>
				<timestamp>498.915299</timestamp>
			</report>
			<report>
				<misses>4161001</misses>
				<total>2547908</total>
				<timestamp>499.035164</timestamp>
			</report>
			<report>
				<misses>4162001</misses>
				<total>2548907</total>
				<timestamp>499.155073</timestamp>
			</report>
			<report>
				<misses>4163001</misses>
				<total>2549906</total>
				<timestamp>499.274940</timestamp>
			</report>
			<report>
				<misses>4164001</misses>
				<total>2550905</total>
				<timestamp>499.394825</timestamp>
			</report>
			<report>
				<misses>4165001</misses>
				<total>2551904</total>
				<timestamp>499.514739</timestamp>
			</report>
			<report>
				<misses>4166001</misses>
				<total>2552903</total>
				<timestamp>499.634582</timestamp>
			</report>
			<report>
				<misses>4167001</misses>
				<total>2553902</total>
				<timestamp>499.754547</timestamp>
			</report>
			<report>
				<misses>4168001</misses>
				<total>2554901</total>
				<timestamp>499.874472</timestamp>
			</report>
			<report>
				<misses>4169001</misses>
				<total>2555900</total>
				<timestamp>499.994437</timestamp>
			</report>
			<report>
				<misses>4170001</misses>
				<total>2556899</total>
				<timestamp>500.114417</timestamp>
			</report>
			<report>
				<misses>4171001</misses>
				<total>2557898</total>
				<timestamp>500.234421</timestamp>
			</report>
			<report>
				<misses>4172001</misses>
				<total>2558897</total>
				<timestamp>500.354426</timestamp>
			</report>
			<report>
				<misses>4173001</misses>
				<total>2559896</total>
				<timestamp>500.474340</timestamp>
			</report>
			<report>
				<misses>4174001</misses>
				<total>2560895</total>
				<timestamp>500.594221</timestamp>
			</report>
			<report>
				<misses>4175001</misses>
				<total>2561894</total>
				<timestamp>500.714093</timestamp>
			</report>
			<report>
				<misses>4176001</misses>
				<total>2562893</total>
				<timestamp>500.833964</timestamp>
			</report>
			<report>
				<misses>4177001</misses>
				<total>2563892</total>
				<timestamp>500.953855</timestamp>
			</report>
			<report>
				<misses>4178001</misses>
				<total>2564891</total>
				<timestamp>501.073736</timestamp>
			</report>
			<report>
				<misses>4179001</misses>
				<total>2565890</total>
				<timestamp>501.193635</timestamp>
			</report>
			<report>
				<misses>4180001</misses>
				<total>2566889</total>
				<timestamp>501.313576</timestamp>
			</report>
			<report>
				<misses>4181001</misses>
				<total>2567888</total>
				<timestamp>501.433521</timestamp>
			</report>
			<report>
				<misses>4182001</misses>
				<total>2568887</total>
				<timestamp>501.553416</timestamp>
			</report>
			<report>
				<misses>4183001</misses>
				<total>2569886</total>
				<timestamp>501.673283</timestamp>
			</report>
			<report>
				<misses>4184001</misses>
				<total>2570885</total>
				<timestamp>501.793156</timestamp>
			</report>
			<report>
				<misses>4185001</misses>
				<total>2571884</total>
				<timestamp>501.913078</timestamp>
			</report>
			<report>
				<misses>4186001</misses>
				<total>2572883</total>
				<timestamp>502.033067</timestamp>
			</report>
			<report>
				<misses>4187001</misses>
				<total>2573882</total>
				<timestamp>502.152909</timestamp>
			</report>
			<report>
				<misses>4188001</misses>
				<total>2574881</total>
				<timestamp>502.272780</timestamp>
			</report>
			<report>
				<misses>4189001</misses>
				<total>2575880</total>
				<timestamp>502.392694</timestamp>
			</report>
			<report>
				<misses>4190001</misses>
				<total>2576879</total>
				<timestamp>502.512593</timestamp>
			</report>
			<report>
				<misses>4191001</misses>
				<total>2577878</total>
				<timestamp>502.632454</timestamp>
			</report>
			<report>
				<misses>4192001</misses>
				<total>2578877</total>
				<timestamp>502.752295</timestamp>
			</report>
			<report>
				<misses>4193001</misses>
				<total>2579876</total>
				<timestamp>502.872165</timestamp>
			</report>
			<report>
				<misses>4194001</misses>
				<total>2580875</total>
				<timestamp>502.992056</timestamp>
			</report>
			<report>
				<misses>4195001</misses>
				<total>2581874</total>
				<timestamp>503.111959</timestamp>
			</report>
			<report>
				<misses>4196001</misses>
				<total>2582873</total>
				<timestamp>503.231815</timestamp>
			</report>
			<report>
				<misses>4197001</misses>
				<total>2583872</total>
				<timestamp>503.351703</timestamp>
			</report>
			<report>
				<misses>4198001</misses>
				<total>2584871</total>
				<timestamp>503.471567</timestamp>
			</report>
			<report>
				<misses>4199001</misses>
				<total>2585870</total>
				<timestamp>503.591514</timestamp>
			</report>
			<report>
				<misses>4200001</misses>
				<total>2586869</total>
				<timestamp>503.711480</timestamp>
			</report>
			<report>
				<misses>4201001</misses>
				<total>2587868</total>
				<timestamp>503.831393</timestamp>
			</report>
			<report>
				<misses>4202001</misses>
				<total>2588867</total>
				<timestamp>503.951216</timestamp>
			</report>
			<report>
				<misses>4203001</misses>
				<total>2589866</total>
				<timestamp>504.071118</timestamp>
			</report>
			<report>
				<misses>4204001</misses>
				<total>2590865</total>
				<timestamp>504.190975</timestamp>
			</report>
			<report>
				<misses>4205001</misses>
				<total>2591864</total>
				<timestamp>504.310935</timestamp>
			</report>
			<report>
				<misses>4206001</misses>
				<total>2592863</total>
				<timestamp>504.430896</timestamp>
			</report>
			<report>
				<misses>4207001</misses>
				<total>2593862</total>
				<timestamp>504.550727</timestamp>
			</report>
			<report>
				<misses>4208001</misses>
				<total>2594861</total>
				<timestamp>504.670611</timestamp>
			</report>
			<report>
				<misses>4209001</misses>
				<total>2595860</total>
				<timestamp>504.790585</timestamp>
			</report>
			<report>
				<misses>4210001</misses>
				<total>2596859</total>
				<timestamp>504.910570</timestamp>
			</report>
			<report>
				<misses>4211001</misses>
				<total>2597858</total>
				<timestamp>505.030533</timestamp>
			</report>
			<report>
				<misses>4212001</misses>
				<total>2598857</total>
				<timestamp>505.150391</timestamp>
			</report>
			<report>
				<misses>4213001</misses>
				<total>2599856</total>
				<timestamp>505.270252</timestamp>
			</report>
			<report>
				<misses>4214001</misses>
				<total>2600855</total>
				<timestamp>505.390124</timestamp>
			</report>
			<report>
				<misses>4215001</misses>
				<total>2601854</total>
				<timestamp>505.510028</timestamp>
			</report>
			<report>
				<misses>4216001</misses>
				<total>2602853</total>
				<timestamp>505.629964</timestamp>
			</report>
			<report>
				<misses>4217001</misses>
				<total>2603852</total>
				<timestamp>505.749896</timestamp>
			</report>
			<report>
				<misses>4218001</misses>
				<total>2604851</total>
				<timestamp>505.869857</timestamp>
			</report>
			<report>
				<misses>4219001</misses>
				<total>2605850</total>
				<timestamp>505.989830</timestamp>
			</report>
			<report>
				<misses>4220001</misses>
				<total>2606849</total>
				<timestamp>506.109658</timestamp>
			</report>
			<report>
				<misses>4221001</misses>
				<total>2607848</total>
				<timestamp>506.229541</timestamp>
			</report>
			<report>
				<misses>4222001</misses>
				<total>2608847</total>
				<timestamp>506.349432</timestamp>
			</report>
			<report>
				<misses>4223001</misses>
				<total>2609846</total>
				<timestamp>506.469366</timestamp>
			</report>
			<report>
				<misses>4224001</misses>
				<total>2610845</total>
				<timestamp>506.589369</timestamp>
			</report>
			<report>
				<misses>4225001</misses>
				<total>2611844</total>
				<timestamp>506.709375</timestamp>
			</report>
			<report>
				<misses>4226001</misses>
				<total>2612843</total>
				<timestamp>506.829374</timestamp>
			</report>
			<report>
				<misses>4227001</misses>
				<total>2613842</total>
				<timestamp>506.949363</timestamp>
			</report>
			<report>
				<misses>4228001</misses>
				<total>2614841</total>
				<timestamp>507.069361</timestamp>
			</report>
			<report>
				<misses>4229001</misses>
				<total>2615840</total>
				<timestamp>507.189373</timestamp>
			</report>
			<report>
				<misses>4230001</misses>
				<total>2616839</total>
				<timestamp>507.309297</timestamp>
			</report>
			<report>
				<misses>4231001</misses>
				<total>2617838</total>
				<timestamp>507.429160</timestamp>
			</report>
			<report>
				<misses>4232001</misses>
				<total>2618837</total>
				<timestamp>507.549061</timestamp>
			</report>
			<report>
				<misses>4233001</misses>
				<total>2619836</total>
				<timestamp>507.668966</timestamp>
			</report>
			<report>
				<misses>4234001</misses>
				<total>2620835</total>
				<timestamp>507.788870</timestamp>
			</report>
			<report>
				<misses>4235001</misses>
				<total>2621834</total>
				<timestamp>507.908704</timestamp>
			</report>
			<report>
				<misses>4236001</misses>
				<total>2622833</total>
				<timestamp>508.028604</timestamp>
			</report>
			<report>
				<misses>4237001</misses>
				<total>2623832</total>
				<timestamp>508.148509</timestamp>
			</report>
			<report>
				<misses>4238001</misses>
				<total>2624831</total>
				<timestamp>508.268454</timestamp>
			</report>
			<report>
				<misses>4239001</misses>
				<total>2625830</total>
				<timestamp>508.388407</timestamp>
			</report>
			<report>
				<misses>4240001</misses>
				<total>2626829</total>
				<timestamp>508.508364</timestamp>
			</report>
			<report>
				<misses>4241001</misses>
				<total>2627828</total>
				<timestamp>508.628242</timestamp>
			</report>
			<report>
				<misses>4242001</misses>
				<total>2628827</total>
				<timestamp>508.748108</timestamp>
			</report>
			<report>
				<misses>4243001</misses>
				<total>2629826</total>
				<timestamp>508.867984</timestamp>
			</report>
			<report>
				<misses>4244001</misses>
				<total>2630825</total>
				<timestamp>508.987873</timestamp>
			</report>
			<report>
				<misses>4245001</misses>
				<total>2631824</total>
				<timestamp>509.107796</timestamp>
			</report>
			<report>
				<misses>4246001</misses>
				<total>2632823</total>
				<timestamp>509.227745</timestamp>
			</report>
			<report>
				<misses>4247001</misses>
				<total>2633822</total>
				<timestamp>509.347669</timestamp>
			</report>
			<report>
				<misses>4248001</misses>
				<total>2634821</total>
				<timestamp>509.467547</timestamp>
			</report>
			<report>
				<misses>4249001</misses>
				<total>2635820</total>
				<timestamp>509.587404</timestamp>
			</report>
			<report>
				<misses>4250001</misses>
				<total>2636819</total>
				<timestamp>509.707289</timestamp>
			</report>
			<report>
				<misses>4251001</misses>
				<total>2637818</total>
				<timestamp>509.827155</timestamp>
			</report>
			<report>
				<misses>4252001</misses>
				<total>2638817</total>
				<timestamp>509.947063</timestamp>
			</report>
			<report>
				<misses>4253001</misses>
				<total>2639816</total>
				<timestamp>510.066893</timestamp>
			</report>
			<report>
				<misses>4254001</misses>
				<total>2640815</total>
				<timestamp>510.186827</timestamp>
			</report>
			<report>
				<misses>4255001</misses>
				<total>2641814</total>
				<timestamp>510.306688</timestamp>
			</report>
			<report>
				<misses>4256001</misses>
				<total>2642813</total>
				<timestamp>510.426551</timestamp>
			</report>
			<report>
				<misses>4257001</misses>
				<total>2643812</total>
				<timestamp>510.546487</timestamp>
			</report>
			<report>
				<misses>4258001</misses>
				<total>2644811</total>
				<timestamp>510.666501</timestamp>
			</report>
			<report>
				<misses>4259001</misses>
				<total>2645810</total>
				<timestamp>510.786429</timestamp>
			</report>
			<report>
				<misses>4260001</misses>
				<total>2646809</total>
				<timestamp>510.906430</timestamp>
			</report>
			<report>
				<misses>4261001</misses>
				<total>2647808</total>
				<timestamp>511.026334</timestamp>
			</report>
			<report>
				<misses>4262001</misses>
				<total>2648807</total>
				<timestamp>511.146172</timestamp>
			</report>
			<report>
				<misses>4263001</misses>
				<total>2649806</total>
				<timestamp>511.266071</timestamp>
			</report>
			<report>
				<misses>4264001</misses>
				<total>2650805</total>
				<timestamp>511.386003</timestamp>
			</report>
			<report>
				<misses>4265001</misses>
				<total>2651804</total>
				<timestamp>511.505959</timestamp>
			</report>
			<report>
				<misses>4266001</misses>
				<total>2652803</total>
				<timestamp>511.625842</timestamp>
			</report>
			<report>
				<misses>4267001</misses>
				<total>2653802</total>
				<timestamp>511.745744</timestamp>
			</report>
			<report>
				<misses>4268001</misses>
				<total>2654801</total>
				<timestamp>511.865595</timestamp>
			</report>
			<report>
				<misses>4269001</misses>
				<total>2655800</total>
				<timestamp>511.985482</timestamp>
			</report>
			<report>
				<misses>4270001</misses>
				<total>2656799</total>
				<timestamp>512.105357</timestamp>
			</report>
			<report>
				<misses>4271001</misses>
				<total>2657798</total>
				<timestamp>512.225229</timestamp>
			</report>
			<report>
				<misses>4272001</misses>
				<total>2658797</total>
				<timestamp>512.345096</timestamp>
			</report>
			<report>
				<misses>4273001</misses>
				<total>2659796</total>
				<timestamp>512.464967</timestamp>
			</report>
			<report>
				<misses>4274001</misses>
				<total>2660795</total>
				<timestamp>512.584862</timestamp>
			</report>
			<report>
				<misses>4275001</misses>
				<total>2661794</total>
				<timestamp>512.704804</timestamp>
			</report>
			<report>
				<misses>4276001</misses>
				<total>2662768</total>
				<timestamp>512.824740</timestamp>
			</report>
			<report>
				<misses>4277001</misses>
				<total>2662768</total>
				<timestamp>512.944653</timestamp>
			</report>
			<report>
				<misses>4278001</misses>
				<total>2662768</total>
				<timestamp>513.064601</timestamp>
			</report>
			<report>
				<misses>4279001</misses>
				<total>2662767</total>
				<timestamp>513.184557</timestamp>
			</report>
			<report>
				<misses>4280001</misses>
				<total>2662768</total>
				<timestamp>513.304498</timestamp>
			</report>
			<report>
				<misses>4281001</misses>
				<total>2662768</total>
				<timestamp>513.424401</timestamp>
			</report>
			<report>
				<misses>4282001</misses>
				<total>2662768</total>
				<timestamp>513.544248</timestamp>
			</report>
			<report>
				<misses>4283001</misses>
				<total>2662768</total>
				<timestamp>513.664121</timestamp>
			</report>
			<report>
				<misses>4284001</misses>
				<total>2662768</total>
				<timestamp>513.784056</timestamp>
			</report>
			<report>
				<misses>4285001</misses>
				<total>2662768</total>
				<timestamp>513.903881</timestamp>
			</report>
			<report>
				<misses>4286001</misses>
				<total>2662769</total>
				<timestamp>514.023804</timestamp>
			</report>
			<report>
				<misses>4287001</misses>
				<total>2662768</total>
				<timestamp>514.143644</timestamp>
			</report>
			<report>
				<misses>4288001</misses>
				<total>2662768</total>
				<timestamp>514.263563</timestamp>
			</report>
			<report>
				<misses>4289001</misses>
				<total>2662768</total>
				<timestamp>514.383463</timestamp>
			</report>
			<report>
				<misses>4290001</misses>
				<total>2662768</total>
				<timestamp>514.503323</timestamp>
			</report>
			<report>
				<misses>4291001</misses>
				<total>2662769</total>
				<timestamp>514.623165</timestamp>
			</report>
			<report>
				<misses>4292001</misses>
				<total>2662768</total>
				<timestamp>514.743104</timestamp>
			</report>
			<report>
				<misses>4293001</misses>
				<total>2662768</total>
				<timestamp>514.862955</timestamp>
			</report>
			<report>
				<misses>4294001</misses>
				<total>2662768</total>
				<timestamp>514.982811</timestamp>
			</report>
			<report>
				<misses>4295001</misses>
				<total>2662768</total>
				<timestamp>515.102699</timestamp>
			</report>
			<report>
				<misses>4296001</misses>
				<total>2662768</total>
				<timestamp>515.222577</timestamp>
			</report>
			<report>
				<misses>4297001</misses>
				<total>2662768</total>
				<timestamp>515.342466</timestamp>
			</report>
			<report>
				<misses>4298001</misses>
				<total>2662768</total>
				<timestamp>515.462375</timestamp>
			</report>
			<report>
				<misses>4299001</misses>
				<total>2662769</total>
				<timestamp>515.582216</timestamp>
			</report>
			<report>
				<misses>4300001</misses>
				<total>2662768</total>
				<timestamp>515.702097</timestamp>
			</report>
			<report>
				<misses>4301001</misses>
				<total>2662770</total>
				<timestamp>515.821963</timestamp>
			</report>
			<report>
				<misses>4302001</misses>
				<total>2662770</total>
				<timestamp>515.941866</timestamp>
			</report>
			<report>
				<misses>4303001</misses>
				<total>2662770</total>
				<timestamp>516.061736</timestamp>
			</report>
			<report>
				<misses>4304001</misses>
				<total>2662770</total>
				<timestamp>516.181629</timestamp>
			</report>
			<report>
				<misses>4305001</misses>
				<total>2662770</total>
				<timestamp>516.301486</timestamp>
			</report>
			<report>
				<misses>4306001</misses>
				<total>2662770</total>
				<timestamp>516.421437</timestamp>
			</report>
			<report>
				<misses>4307001</misses>
				<total>2662782</total>
				<timestamp>516.541452</timestamp>
			</report>
			<report>
				<misses>4308001</misses>
				<total>2662782</total>
				<timestamp>516.661442</timestamp>
			</report>
			<report>
				<misses>4309001</misses>
				<total>2662782</total>
				<timestamp>516.781426</timestamp>
			</report>
			<report>
				<misses>4310001</misses>
				<total>2662782</total>
				<timestamp>516.901318</timestamp>
			</report>
			<report>
				<misses>4311001</misses>
				<total>2662782</total>
				<timestamp>517.021377</timestamp>
			</report>
			<report>
				<misses>4312001</misses>
				<total>2662782</total>
				<timestamp>517.141301</timestamp>
			</report>
			<report>
				<misses>4313001</misses>
				<total>2662782</total>
				<timestamp>517.261133</timestamp>
			</report>
			<report>
				<misses>4314001</misses>
				<total>2662782</total>
				<timestamp>517.381051</timestamp>
			</report>
			<report>
				<misses>4315001</misses>
				<total>2662782</total>
				<timestamp>517.500912</timestamp>
			</report>
			<report>
				<misses>4316001</misses>
				<total>2662782</total>
				<timestamp>517.620824</timestamp>
			</report>
			<report>
				<misses>4317001</misses>
				<total>2662782</total>
				<timestamp>517.740640</timestamp>
			</report>
			<report>
				<misses>4318001</misses>
				<total>2662782</total>
				<timestamp>517.860527</timestamp>
			</report>
			<report>
				<misses>4319001</misses>
				<total>2662782</total>
				<timestamp>517.980516</timestamp>
			</report>
			<report>
				<misses>4320001</misses>
				<total>2662782</total>
				<timestamp>518.100462</timestamp>
			</report>
			<report>
				<misses>4321001</misses>
				<total>2662782</total>
				<timestamp>518.220346</timestamp>
			</report>
			<report>
				<misses>4322001</misses>
				<total>2662782</total>
				<timestamp>518.340192</timestamp>
			</report>
			<report>
				<misses>4323001</misses>
				<total>2662782</total>
				<timestamp>518.460050</timestamp>
			</report>
			<report>
				<misses>4324001</misses>
				<total>2662782</total>
				<timestamp>518.579936</timestamp>
			</report>
			<report>
				<misses>4325001</misses>
				<total>2662782</total>
				<timestamp>518.699828</timestamp>
			</report>
			<report>
				<misses>4326001</misses>
				<total>2662782</total>
				<timestamp>518.819743</timestamp>
			</report>
			<report>
				<misses>4327001</misses>
				<total>2662784</total>
				<timestamp>518.939567</timestamp>
			</report>
			<report>
				<misses>4328001</misses>
				<total>2662784</total>
				<timestamp>519.059500</timestamp>
			</report>
			<report>
				<misses>4329001</misses>
				<total>2662784</total>
				<timestamp>519.179353</timestamp>
			</report>
			<report>
				<misses>4330001</misses>
				<total>2662784</total>
				<timestamp>519.299292</timestamp>
			</report>
			<report>
				<misses>4331001</misses>
				<total>2662784</total>
				<timestamp>519.419322</timestamp>
			</report>
			<report>
				<misses>4332001</misses>
				<total>2662785</total>
				<timestamp>519.539287</timestamp>
			</report>
			<report>
				<misses>4333001</misses>
				<total>2662784</total>
				<timestamp>519.659282</timestamp>
			</report>
			<report>
				<misses>4334001</misses>
				<total>2662784</total>
				<timestamp>519.779295</timestamp>
			</report>
			<report>
				<misses>4335001</misses>
				<total>2662784</total>
				<timestamp>519.899207</timestamp>
			</report>
			<report>
				<misses>4336001</misses>
				<total>2662783</total>
				<timestamp>520.019180</timestamp>
			</report>
			<report>
				<misses>4337001</misses>
				<total>2662784</total>
				<timestamp>520.139122</timestamp>
			</report>
			<report>
				<misses>4338001</misses>
				<total>2662784</total>
				<timestamp>520.258985</timestamp>
			</report>
			<report>
				<misses>4339001</misses>
				<total>2662784</total>
				<timestamp>520.378951</timestamp>
			</report>
			<report>
				<misses>4340001</misses>
				<total>2662784</total>
				<timestamp>520.498882</timestamp>
			</report>
			<report>
				<misses>4341001</misses>
				<total>2662784</total>
				<timestamp>520.618716</timestamp>
			</report>
			<report>
				<misses>4342001</misses>
				<total>2662784</total>
				<timestamp>520.738637</timestamp>
			</report>
			<report>
				<misses>4343001</misses>
				<total>2662784</total>
				<timestamp>520.858481</timestamp>
			</report>
			<report>
				<misses>4344001</misses>
				<total>2662796</total>
				<timestamp>520.978439</timestamp>
			</report>
			<report>
				<misses>4345001</misses>
				<total>2662796</total>
				<timestamp>521.098487</timestamp>
			</report>
			<report>
				<misses>4346001</misses>
				<total>2662929</total>
				<timestamp>521.218430</timestamp>
			</report>
			<report>
				<misses>4347001</misses>
				<total>2663928</total>
				<timestamp>521.338282</timestamp>
			</report>
			<report>
				<misses>4348001</misses>
				<total>2664927</total>
				<timestamp>521.458142</timestamp>
			</report>
			<report>
				<misses>4349001</misses>
				<total>2665926</total>
				<timestamp>521.578067</timestamp>
			</report>
			<report>
				<misses>4350001</misses>
				<total>2666925</total>
				<timestamp>521.697917</timestamp>
			</report>
			<report>
				<misses>4351001</misses>
				<total>2667924</total>
				<timestamp>521.817827</timestamp>
			</report>
			<report>
				<misses>4352001</misses>
				<total>2668923</total>
				<timestamp>521.937680</timestamp>
			</report>
			<report>
				<misses>4353001</misses>
				<total>2669922</total>
				<timestamp>522.057569</timestamp>
			</report>
			<report>
				<misses>4354001</misses>
				<total>2670921</total>
				<timestamp>522.177446</timestamp>
			</report>
			<report>
				<misses>4355001</misses>
				<total>2671920</total>
				<timestamp>522.297348</timestamp>
			</report>
			<report>
				<misses>4356001</misses>
				<total>2672919</total>
				<timestamp>522.417217</timestamp>
			</report>
			<report>
				<misses>4357001</misses>
				<total>2673918</total>
				<timestamp>522.537069</timestamp>
			</report>
			<report>
				<misses>4358001</misses>
				<total>2674917</total>
				<timestamp>522.656955</timestamp>
			</report>
			<report>
				<misses>4359001</misses>
				<total>2675916</total>
				<timestamp>522.776830</timestamp>
			</report>
			<report>
				<misses>4360001</misses>
				<total>2676915</total>
				<timestamp>522.896693</timestamp>
			</report>
			<report>
				<misses>4361001</misses>
				<total>2677914</total>
				<timestamp>523.016595</timestamp>
			</report>
			<report>
				<misses>4362001</misses>
				<total>2678913</total>
				<timestamp>523.136447</timestamp>
			</report>
			<report>
				<misses>4363001</misses>
				<total>2679912</total>
				<timestamp>523.256342</timestamp>
			</report>
			<report>
				<misses>4364001</misses>
				<total>2680911</total>
				<timestamp>523.376259</timestamp>
			</report>
			<report>
				<misses>4365001</misses>
				<total>2681910</total>
				<timestamp>523.496092</timestamp>
			</report>
			<report>
				<misses>4366001</misses>
				<total>2682909</total>
				<timestamp>523.615974</timestamp>
			</report>
			<report>
				<misses>4367001</misses>
				<total>2683908</total>
				<timestamp>523.735857</timestamp>
			</report>
			<report>
				<misses>4368001</misses>
				<total>2684907</total>
				<timestamp>523.855739</timestamp>
			</report>
			<report>
				<misses>4369001</misses>
				<total>2685906</total>
				<timestamp>523.975623</timestamp>
			</report>
			<report>
				<misses>4370001</misses>
				<total>2686905</total>
				<timestamp>524.095497</timestamp>
			</report>
			<report>
				<misses>4371001</misses>
				<total>2687904</total>
				<timestamp>524.215424</timestamp>
			</report>
			<report>
				<misses>4372001</misses>
				<total>2688903</total>
				<timestamp>524.335306</timestamp>
			</report>
			<report>
				<misses>4373001</misses>
				<total>2689902</total>
				<timestamp>524.455137</timestamp>
			</report>
			<report>
				<misses>4374001</misses>
				<total>2690901</total>
				<timestamp>524.575073</timestamp>
			</report>
			<report>
				<misses>4375001</misses>
				<total>2691900</total>
				<timestamp>524.694941</timestamp>
			</report>
			<report>
				<misses>4376001</misses>
				<total>2692899</total>
				<timestamp>524.814817</timestamp>
			</report>
			<report>
				<misses>4377001</misses>
				<total>2693898</total>
				<timestamp>524.934694</timestamp>
			</report>
			<report>
				<misses>4378001</misses>
				<total>2694897</total>
				<timestamp>525.054591</timestamp>
			</report>
			<report>
				<misses>4379001</misses>
				<total>2695896</total>
				<timestamp>525.174403</timestamp>
			</report>
			<report>
				<misses>4380001</misses>
				<total>2696895</total>
				<timestamp>525.294290</timestamp>
			</report>
			<report>
				<misses>4381001</misses>
				<total>2697894</total>
				<timestamp>525.414178</timestamp>
			</report>
			<report>
				<misses>4382001</misses>
				<total>2698893</total>
				<timestamp>525.534072</timestamp>
			</report>
			<report>
				<misses>4383001</misses>
				<total>2699892</total>
				<timestamp>525.653957</timestamp>
			</report>
			<report>
				<misses>4384001</misses>
				<total>2700891</total>
				<timestamp>525.773870</timestamp>
			</report>
			<report>
				<misses>4385001</misses>
				<total>2701890</total>
				<timestamp>525.893685</timestamp>
			</report>
			<report>
				<misses>4386001</misses>
				<total>2702889</total>
				<timestamp>526.013565</timestamp>
			</report>
			<report>
				<misses>4387001</misses>
				<total>2703888</total>
				<timestamp>526.133487</timestamp>
			</report>
			<report>
				<misses>4388001</misses>
				<total>2704887</total>
				<timestamp>526.253356</timestamp>
			</report>
			<report>
				<misses>4389001</misses>
				<total>2705886</total>
				<timestamp>526.373254</timestamp>
			</report>
			<report>
				<misses>4390001</misses>
				<total>2706885</total>
				<timestamp>526.493120</timestamp>
			</report>
			<report>
				<misses>4391001</misses>
				<total>2707884</total>
				<timestamp>526.612987</timestamp>
			</report>
			<report>
				<misses>4392001</misses>
				<total>2708883</total>
				<timestamp>526.732871</timestamp>
			</report>
			<report>
				<misses>4393001</misses>
				<total>2709882</total>
				<timestamp>526.852827</timestamp>
			</report>
			<report>
				<misses>4394001</misses>
				<total>2710881</total>
				<timestamp>526.972748</timestamp>
			</report>
			<report>
				<misses>4395001</misses>
				<total>2711880</total>
				<timestamp>527.092623</timestamp>
			</report>
			<report>
				<misses>4396001</misses>
				<total>2712879</total>
				<timestamp>527.212497</timestamp>
			</report>
			<report>
				<misses>4397001</misses>
				<total>2713878</total>
				<timestamp>527.332405</timestamp>
			</report>
			<report>
				<misses>4398001</misses>
				<total>2714877</total>
				<timestamp>527.452299</timestamp>
			</report>
			<report>
				<misses>4399001</misses>
				<total>2715876</total>
				<timestamp>527.572168</timestamp>
			</report>
			<report>
				<misses>4400001</misses>
				<total>2716875</total>
				<timestamp>527.692048</timestamp>
			</report>
			<report>
				<misses>4401001</misses>
				<total>2717874</total>
				<timestamp>527.811917</timestamp>
			</report>
			<report>
				<misses>4402001</misses>
				<total>2718873</total>
				<timestamp>527.931833</timestamp>
			</report>
			<report>
				<misses>4403001</misses>
				<total>2719872</total>
				<timestamp>528.051664</timestamp>
			</report>
			<report>
				<misses>4404001</misses>
				<total>2720871</total>
				<timestamp>528.171547</timestamp>
			</report>
			<report>
				<misses>4405001</misses>
				<total>2721870</total>
				<timestamp>528.291455</timestamp>
			</report>
			<report>
				<misses>4406001</misses>
				<total>2722869</total>
				<timestamp>528.411380</timestamp>
			</report>
			<report>
				<misses>4407001</misses>
				<total>2723868</total>
				<timestamp>528.531301</timestamp>
			</report>
			<report>
				<misses>4408001</misses>
				<total>2724867</total>
				<timestamp>528.651238</timestamp>
			</report>
			<report>
				<misses>4409001</misses>
				<total>2725866</total>
				<timestamp>528.771247</timestamp>
			</report>
			<report>
				<misses>4410001</misses>
				<total>2726865</total>
				<timestamp>528.891223</timestamp>
			</report>
			<report>
				<misses>4411001</misses>
				<total>2727864</total>
				<timestamp>529.011065</timestamp>
			</report>
			<report>
				<misses>4412001</misses>
				<total>2728863</total>
				<timestamp>529.130952</timestamp>
			</report>
			<report>
				<misses>4413001</misses>
				<total>2729862</total>
				<timestamp>529.250820</timestamp>
			</report>
			<report>
				<misses>4414001</misses>
				<total>2730861</total>
				<timestamp>529.370694</timestamp>
			</report>
			<report>
				<misses>4415001</misses>
				<total>2731860</total>
				<timestamp>529.490608</timestamp>
			</report>
			<report>
				<misses>4416001</misses>
				<total>2732859</total>
				<timestamp>529.610444</timestamp>
			</report>
			<report>
				<misses>4417001</misses>
				<total>2733858</total>
				<timestamp>529.730369</timestamp>
			</report>
			<report>
				<misses>4418001</misses>
				<total>2734857</total>
				<timestamp>529.850295</timestamp>
			</report>
			<report>
				<misses>4419001</misses>
				<total>2735856</total>
				<timestamp>529.970250</timestamp>
			</report>
			<report>
				<misses>4420001</misses>
				<total>2736855</total>
				<timestamp>530.090091</timestamp>
			</report>
			<report>
				<misses>4421001</misses>
				<total>2737854</total>
				<timestamp>530.209996</timestamp>
			</report>
			<report>
				<misses>4422001</misses>
				<total>2738853</total>
				<timestamp>530.329860</timestamp>
			</report>
			<report>
				<misses>4423001</misses>
				<total>2739852</total>
				<timestamp>530.449730</timestamp>
			</report>
			<report>
				<misses>4424001</misses>
				<total>2740851</total>
				<timestamp>530.569604</timestamp>
			</report>
			<report>
				<misses>4425001</misses>
				<total>2741850</total>
				<timestamp>530.689529</timestamp>
			</report>
			<report>
				<misses>4426001</misses>
				<total>2742849</total>
				<timestamp>530.809439</timestamp>
			</report>
			<report>
				<misses>4427001</misses>
				<total>2743848</total>
				<timestamp>530.929391</timestamp>
			</report>
			<report>
				<misses>4428001</misses>
				<total>2744847</total>
				<timestamp>531.049275</timestamp>
			</report>
			<report>
				<misses>4429001</misses>
				<total>2745846</total>
				<timestamp>531.169208</timestamp>
			</report>
			<report>
				<misses>4430001</misses>
				<total>2746845</total>
				<timestamp>531.289233</timestamp>
			</report>
			<report>
				<misses>4431001</misses>
				<total>2747844</total>
				<timestamp>531.409220</timestamp>
			</report>
			<report>
				<misses>4432001</misses>
				<total>2748843</total>
				<timestamp>531.529211</timestamp>
			</report>
			<report>
				<misses>4433001</misses>
				<total>2749842</total>
				<timestamp>531.649236</timestamp>
			</report>
			<report>
				<misses>4434001</misses>
				<total>2750841</total>
				<timestamp>531.769137</timestamp>
			</report>
			<report>
				<misses>4435001</misses>
				<total>2751840</total>
				<timestamp>531.889056</timestamp>
			</report>
			<report>
				<misses>4436001</misses>
				<total>2752839</total>
				<timestamp>532.008992</timestamp>
			</report>
			<report>
				<misses>4437001</misses>
				<total>2753838</total>
				<timestamp>532.128941</timestamp>
			</report>
			<report>
				<misses>4438001</misses>
				<total>2754837</total>
				<timestamp>532.248835</timestamp>
			</report>
			<report>
				<misses>4439001</misses>
				<total>2755836</total>
				<timestamp>532.368805</timestamp>
			</report>
			<report>
				<misses>4440001</misses>
				<total>2756835</total>
				<timestamp>532.488667</timestamp>
			</report>
			<report>
				<misses>4441001</misses>
				<total>2757834</total>
				<timestamp>532.608584</timestamp>
			</report>
			<report>
				<misses>4442001</misses>
				<total>2758833</total>
				<timestamp>532.728457</timestamp>
			</report>
			<report>
				<misses>4443001</misses>
				<total>2759832</total>
				<timestamp>532.848367</timestamp>
			</report>
			<report>
				<misses>4444001</misses>
				<total>2760831</total>
				<timestamp>532.968340</timestamp>
			</report>
			<report>
				<misses>4445001</misses>
				<total>2761830</total>
				<timestamp>533.088226</timestamp>
			</report>
			<report>
				<misses>4446001</misses>
				<total>2762829</total>
				<timestamp>533.208105</timestamp>
			</report>
			<report>
				<misses>4447001</misses>
				<total>2763828</total>
				<timestamp>533.327939</timestamp>
			</report>
			<report>
				<misses>4448001</misses>
				<total>2764827</total>
				<timestamp>533.447823</timestamp>
			</report>
			<report>
				<misses>4449001</misses>
				<total>2765826</total>
				<timestamp>533.567702</timestamp>
			</report>
			<report>
				<misses>4450001</misses>
				<total>2766825</total>
				<timestamp>533.687572</timestamp>
			</report>
			<report>
				<misses>4451001</misses>
				<total>2767824</total>
				<timestamp>533.807475</timestamp>
			</report>
			<report>
				<misses>4452001</misses>
				<total>2768823</total>
				<timestamp>533.927366</timestamp>
			</report>
			<report>
				<misses>4453001</misses>
				<total>2769822</total>
				<timestamp>534.047245</timestamp>
			</report>
			<report>
				<misses>4454001</misses>
				<total>2770821</total>
				<timestamp>534.167107</timestamp>
			</report>
			<report>
				<misses>4455001</misses>
				<total>2771820</total>
				<timestamp>534.286988</timestamp>
			</report>
			<report>
				<misses>4456001</misses>
				<total>2772819</total>
				<timestamp>534.406872</timestamp>
			</report>
			<report>
				<misses>4457001</misses>
				<total>2773818</total>
				<timestamp>534.526732</timestamp>
			</report>
			<report>
				<misses>4458001</misses>
				<total>2774817</total>
				<timestamp>534.646606</timestamp>
			</report>
			<report>
				<misses>4459001</misses>
				<total>2775816</total>
				<timestamp>534.766501</timestamp>
			</report>
			<report>
				<misses>4460001</misses>
				<total>2776815</total>
				<timestamp>534.886417</timestamp>
			</report>
			<report>
				<misses>4461001</misses>
				<total>2777814</total>
				<timestamp>535.006303</timestamp>
			</report>
			<report>
				<misses>4462001</misses>
				<total>2778813</total>
				<timestamp>535.126205</timestamp>
			</report>
			<report>
				<misses>4463001</misses>
				<total>2779812</total>
				<timestamp>535.246174</timestamp>
			</report>
			<report>
				<misses>4464001</misses>
				<total>2780811</total>
				<timestamp>535.366075</timestamp>
			</report>
			<report>
				<misses>4465001</misses>
				<total>2781810</total>
				<timestamp>535.486122</timestamp>
			</report>
			<report>
				<misses>4466001</misses>
				<total>2782809</total>
				<timestamp>535.606003</timestamp>
			</report>
			<report>
				<misses>4467001</misses>
				<total>2783808</total>
				<timestamp>535.725950</timestamp>
			</report>
			<report>
				<misses>4468001</misses>
				<total>2784807</total>
				<timestamp>535.845816</timestamp>
			</report>
			<report>
				<misses>4469001</misses>
				<total>2785806</total>
				<timestamp>535.965652</timestamp>
			</report>
			<report>
				<misses>4470001</misses>
				<total>2786805</total>
				<timestamp>536.085537</timestamp>
			</report>
			<report>
				<misses>4471001</misses>
				<total>2787804</total>
				<timestamp>536.205439</timestamp>
			</report>
			<report>
				<misses>4472001</misses>
				<total>2788803</total>
				<timestamp>536.325391</timestamp>
			</report>
			<report>
				<misses>4473001</misses>
				<total>2789802</total>
				<timestamp>536.445380</timestamp>
			</report>
			<report>
				<misses>4474001</misses>
				<total>2790801</total>
				<timestamp>536.565389</timestamp>
			</report>
			<report>
				<misses>4475001</misses>
				<total>2791800</total>
				<timestamp>536.685385</timestamp>
			</report>
			<report>
				<misses>4476001</misses>
				<total>2792799</total>
				<timestamp>536.805356</timestamp>
			</report>
			<report>
				<misses>4477001</misses>
				<total>2793798</total>
				<timestamp>536.925350</timestamp>
			</report>
			<report>
				<misses>4478001</misses>
				<total>2794797</total>
				<timestamp>537.045257</timestamp>
			</report>
			<report>
				<misses>4479001</misses>
				<total>2795796</total>
				<timestamp>537.165250</timestamp>
			</report>
			<report>
				<misses>4480001</misses>
				<total>2796795</total>
				<timestamp>537.285263</timestamp>
			</report>
			<report>
				<misses>4481001</misses>
				<total>2797794</total>
				<timestamp>537.405246</timestamp>
			</report>
			<report>
				<misses>4482001</misses>
				<total>2798793</total>
				<timestamp>537.525265</timestamp>
			</report>
			<report>
				<misses>4483001</misses>
				<total>2799792</total>
				<timestamp>537.645189</timestamp>
			</report>
			<report>
				<misses>4484001</misses>
				<total>2800791</total>
				<timestamp>537.765169</timestamp>
			</report>
			<report>
				<misses>4485001</misses>
				<total>2801790</total>
				<timestamp>537.885188</timestamp>
			</report>
			<report>
				<misses>4486001</misses>
				<total>2802789</total>
				<timestamp>538.005060</timestamp>
			</report>
			<report>
				<misses>4487001</misses>
				<total>2803788</total>
				<timestamp>538.124983</timestamp>
			</report>
			<report>
				<misses>4488001</misses>
				<total>2804787</total>
				<timestamp>538.244853</timestamp>
			</report>
			<report>
				<misses>4489001</misses>
				<total>2805786</total>
				<timestamp>538.364689</timestamp>
			</report>
			<report>
				<misses>4490001</misses>
				<total>2806785</total>
				<timestamp>538.484569</timestamp>
			</report>
			<report>
				<misses>4491001</misses>
				<total>2807784</total>
				<timestamp>538.604447</timestamp>
			</report>
			<report>
				<misses>4492001</misses>
				<total>2808783</total>
				<timestamp>538.724394</timestamp>
			</report>
			<report>
				<misses>4493001</misses>
				<total>2809782</total>
				<timestamp>538.844299</timestamp>
			</report>
			<report>
				<misses>4494001</misses>
				<total>2810781</total>
				<timestamp>538.964243</timestamp>
			</report>
			<report>
				<misses>4495001</misses>
				<total>2811780</total>
				<timestamp>539.084185</timestamp>
			</report>
			<report>
				<misses>4496001</misses>
				<total>2812779</total>
				<timestamp>539.204181</timestamp>
			</report>
			<report>
				<misses>4497001</misses>
				<total>2813778</total>
				<timestamp>539.324158</timestamp>
			</report>
			<report>
				<misses>4498001</misses>
				<total>2814777</total>
				<timestamp>539.444160</timestamp>
			</report>
			<report>
				<misses>4499001</misses>
				<total>2815776</total>
				<timestamp>539.564273</timestamp>
			</report>
			<report>
				<misses>4500001</misses>
				<total>2816775</total>
				<timestamp>539.684173</timestamp>
			</report>
			<report>
				<misses>4501001</misses>
				<total>2817774</total>
				<timestamp>539.804176</timestamp>
			</report>
			<report>
				<misses>4502001</misses>
				<total>2818773</total>
				<timestamp>539.924216</timestamp>
			</report>
			<report>
				<misses>4503001</misses>
				<total>2819772</total>
				<timestamp>540.044172</timestamp>
			</report>
			<report>
				<misses>4504001</misses>
				<total>2820771</total>
				<timestamp>540.164172</timestamp>
			</report>
			<report>
				<misses>4505001</misses>
				<total>2821770</total>
				<timestamp>540.284183</timestamp>
			</report>
			<report>
				<misses>4506001</misses>
				<total>2822769</total>
				<timestamp>540.404188</timestamp>
			</report>
			<report>
				<misses>4507001</misses>
				<total>2823768</total>
				<timestamp>540.524098</timestamp>
			</report>
			<report>
				<misses>4508001</misses>
				<total>2824767</total>
				<timestamp>540.644011</timestamp>
			</report>
			<report>
				<misses>4509001</misses>
				<total>2825766</total>
				<timestamp>540.763877</timestamp>
			</report>
			<report>
				<misses>4510001</misses>
				<total>2826765</total>
				<timestamp>540.883742</timestamp>
			</report>
			<report>
				<misses>4511001</misses>
				<total>2827764</total>
				<timestamp>541.003656</timestamp>
			</report>
			<report>
				<misses>4512001</misses>
				<total>2828763</total>
				<timestamp>541.123549</timestamp>
			</report>
			<report>
				<misses>4513001</misses>
				<total>2829762</total>
				<timestamp>541.243396</timestamp>
			</report>
			<report>
				<misses>4514001</misses>
				<total>2830761</total>
				<timestamp>541.363374</timestamp>
			</report>
			<report>
				<misses>4515001</misses>
				<total>2831760</total>
				<timestamp>541.483282</timestamp>
			</report>
			<report>
				<misses>4516001</misses>
				<total>2832759</total>
				<timestamp>541.603225</timestamp>
			</report>
			<report>
				<misses>4517001</misses>
				<total>2833758</total>
				<timestamp>541.723168</timestamp>
			</report>
			<report>
				<misses>4518001</misses>
				<total>2834757</total>
				<timestamp>541.843067</timestamp>
			</report>
			<report>
				<misses>4519001</misses>
				<total>2835756</total>
				<timestamp>541.962985</timestamp>
			</report>
			<report>
				<misses>4520001</misses>
				<total>2836755</total>
				<timestamp>542.082936</timestamp>
			</report>
			<report>
				<misses>4521001</misses>
				<total>2837754</total>
				<timestamp>542.202881</timestamp>
			</report>
			<report>
				<misses>4522001</misses>
				<total>2838753</total>
				<timestamp>542.322831</timestamp>
			</report>
			<report>
				<misses>4523001</misses>
				<total>2839752</total>
				<timestamp>542.442683</timestamp>
			</report>
			<report>
				<misses>4524001</misses>
				<total>2840751</total>
				<timestamp>542.562531</timestamp>
			</report>
			<report>
				<misses>4525001</misses>
				<total>2841750</total>
				<timestamp>542.682447</timestamp>
			</report>
			<report>
				<misses>4526001</misses>
				<total>2842749</total>
				<timestamp>542.802337</timestamp>
			</report>
			<report>
				<misses>4527001</misses>
				<total>2843748</total>
				<timestamp>542.922336</timestamp>
			</report>
			<report>
				<misses>4528001</misses>
				<total>2844747</total>
				<timestamp>543.042211</timestamp>
			</report>
			<report>
				<misses>4529001</misses>
				<total>2845746</total>
				<timestamp>543.162091</timestamp>
			</report>
			<report>
				<misses>4530001</misses>
				<total>2846745</total>
				<timestamp>543.281957</timestamp>
			</report>
			<report>
				<misses>4531001</misses>
				<total>2847744</total>
				<timestamp>543.401819</timestamp>
			</report>
			<report>
				<misses>4532001</misses>
				<total>2848743</total>
				<timestamp>543.521694</timestamp>
			</report>
			<report>
				<misses>4533001</misses>
				<total>2849742</total>
				<timestamp>543.641566</timestamp>
			</report>
			<report>
				<misses>4534001</misses>
				<total>2850741</total>
				<timestamp>543.761443</timestamp>
			</report>
			<report>
				<misses>4535001</misses>
				<total>2851740</total>
				<timestamp>543.881340</timestamp>
			</report>
			<report>
				<misses>4536001</misses>
				<total>2852739</total>
				<timestamp>544.001292</timestamp>
			</report>
			<report>
				<misses>4537001</misses>
				<total>2853738</total>
				<timestamp>544.121295</timestamp>
			</report>
			<report>
				<misses>4538001</misses>
				<total>2854737</total>
				<timestamp>544.241312</timestamp>
			</report>
			<report>
				<misses>4539001</misses>
				<total>2855736</total>
				<timestamp>544.361276</timestamp>
			</report>
			<report>
				<misses>4540001</misses>
				<total>2856735</total>
				<timestamp>544.481266</timestamp>
			</report>
			<report>
				<misses>4541001</misses>
				<total>2857734</total>
				<timestamp>544.601190</timestamp>
			</report>
			<report>
				<misses>4542001</misses>
				<total>2858733</total>
				<timestamp>544.721208</timestamp>
			</report>
			<report>
				<misses>4543001</misses>
				<total>2859732</total>
				<timestamp>544.841160</timestamp>
			</report>
			<report>
				<misses>4544001</misses>
				<total>2860731</total>
				<timestamp>544.961166</timestamp>
			</report>
			<report>
				<misses>4545001</misses>
				<total>2861730</total>
				<timestamp>545.081133</timestamp>
			</report>
			<report>
				<misses>4546001</misses>
				<total>2862729</total>
				<timestamp>545.200997</timestamp>
			</report>
			<report>
				<misses>4547001</misses>
				<total>2863728</total>
				<timestamp>545.320957</timestamp>
			</report>
			<report>
				<misses>4548001</misses>
				<total>2864727</total>
				<timestamp>545.440885</timestamp>
			</report>
			<report>
				<misses>4549001</misses>
				<total>2865726</total>
				<timestamp>545.560733</timestamp>
			</report>
			<report>
				<misses>4550001</misses>
				<total>2866725</total>
				<timestamp>545.680623</timestamp>
			</report>
			<report>
				<misses>4551001</misses>
				<total>2867724</total>
				<timestamp>545.800517</timestamp>
			</report>
			<report>
				<misses>4552001</misses>
				<total>2868723</total>
				<timestamp>545.920369</timestamp>
			</report>
			<report>
				<misses>4553001</misses>
				<total>2869722</total>
				<timestamp>546.040266</timestamp>
			</report>
			<report>
				<misses>4554001</misses>
				<total>2870233</total>
				<timestamp>546.160253</timestamp>
			</report>
			<report>
				<misses>4555001</misses>
				<total>2870233</total>
				<timestamp>546.280146</timestamp>
			</report>
			<report>
				<misses>4556001</misses>
				<total>2870233</total>
				<timestamp>546.400018</timestamp>
			</report>
			<report>
				<misses>4557001</misses>
				<total>2870233</total>
				<timestamp>546.519929</timestamp>
			</report>
			<report>
				<misses>4558001</misses>
				<total>2870233</total>
				<timestamp>546.639854</timestamp>
			</report>
			<report>
				<misses>4559001</misses>
				<total>2870233</total>
				<timestamp>546.759816</timestamp>
			</report>
			<report>
				<misses>4560001</misses>
				<total>2870233</total>
				<timestamp>546.879645</timestamp>
			</report>
			<report>
				<misses>4561001</misses>
				<total>2870233</total>
				<timestamp>546.999537</timestamp>
			</report>
			<report>
				<misses>4562001</misses>
				<total>2870233</total>
				<timestamp>547.119442</timestamp>
			</report>
			<report>
				<misses>4563001</misses>
				<total>2870233</total>
				<timestamp>547.239292</timestamp>
			</report>
			<report>
				<misses>4564001</misses>
				<total>2870233</total>
				<timestamp>547.359260</timestamp>
			</report>
			<report>
				<misses>4565001</misses>
				<total>2870233</total>
				<timestamp>547.479234</timestamp>
			</report>
			<report>
				<misses>4566001</misses>
				<total>2870233</total>
				<timestamp>547.599294</timestamp>
			</report>
			<report>
				<misses>4567001</misses>
				<total>2870233</total>
				<timestamp>547.719184</timestamp>
			</report>
			<report>
				<misses>4568001</misses>
				<total>2870233</total>
				<timestamp>547.839088</timestamp>
			</report>
			<report>
				<misses>4569001</misses>
				<total>2870233</total>
				<timestamp>547.958960</timestamp>
			</report>
			<report>
				<misses>4570001</misses>
				<total>2870233</total>
				<timestamp>548.078822</timestamp>
			</report>
			<report>
				<misses>4571001</misses>
				<total>2870233</total>
				<timestamp>548.198682</timestamp>
			</report>
			<report>
				<misses>4572001</misses>
				<total>2870233</total>
				<timestamp>548.318574</timestamp>
			</report>
			<report>
				<misses>4573001</misses>
				<total>2870233</total>
				<timestamp>548.438492</timestamp>
			</report>
			<report>
				<misses>4574001</misses>
				<total>2870233</total>
				<timestamp>548.558343</timestamp>
			</report>
			<report>
				<misses>4575001</misses>
				<total>2870233</total>
				<timestamp>548.678269</timestamp>
			</report>
			<report>
				<misses>4576001</misses>
				<total>2870233</total>
				<timestamp>548.798186</timestamp>
			</report>
			<report>
				<misses>4577001</misses>
				<total>2870233</total>
				<timestamp>548.918107</timestamp>
			</report>
			<report>
				<misses>4578001</misses>
				<total>2870233</total>
				<timestamp>549.038130</timestamp>
			</report>
			<report>
				<misses>4579001</misses>
				<total>2870233</total>
				<timestamp>549.157967</timestamp>
			</report>
			<report>
				<misses>4580001</misses>
				<total>2870233</total>
				<timestamp>549.277872</timestamp>
			</report>
			<report>
				<misses>4581001</misses>
				<total>2870232</total>
				<timestamp>549.397819</timestamp>
			</report>
			<report>
				<misses>4582001</misses>
				<total>2870233</total>
				<timestamp>549.517739</timestamp>
			</report>
			<report>
				<misses>4583001</misses>
				<total>2870233</total>
				<timestamp>549.637607</timestamp>
			</report>
			<report>
				<misses>4584001</misses>
				<total>2870233</total>
				<timestamp>549.757515</timestamp>
			</report>
			<report>
				<misses>4585001</misses>
				<total>2870233</total>
				<timestamp>549.877373</timestamp>
			</report>
			<report>
				<misses>4586001</misses>
				<total>2870236</total>
				<timestamp>549.997344</timestamp>
			</report>
			<report>
				<misses>4587001</misses>
				<total>2870244</total>
				<timestamp>550.117263</timestamp>
			</report>
			<report>
				<misses>4588001</misses>
				<total>2870244</total>
				<timestamp>550.237152</timestamp>
			</report>
			<report>
				<misses>4589001</misses>
				<total>2870244</total>
				<timestamp>550.357125</timestamp>
			</report>
			<report>
				<misses>4590001</misses>
				<total>2870244</total>
				<timestamp>550.477084</timestamp>
			</report>
			<report>
				<misses>4591001</misses>
				<total>2870244</total>
				<timestamp>550.597124</timestamp>
			</report>
			<report>
				<misses>4592001</misses>
				<total>2870244</total>
				<timestamp>550.717132</timestamp>
			</report>
			<report>
				<misses>4593001</misses>
				<total>2870244</total>
				<timestamp>550.837070</timestamp>
			</report>
			<report>
				<misses>4594001</misses>
				<total>2870244</total>
				<timestamp>550.956895</timestamp>
			</report>
			<report>
				<misses>4595001</misses>
				<total>2870244</total>
				<timestamp>551.076773</timestamp>
			</report>
			<report>
				<misses>4596001</misses>
				<total>2870247</total>
				<timestamp>551.196680</timestamp>
			</report>
			<report>
				<misses>4597001</misses>
				<total>2870247</total>
				<timestamp>551.316560</timestamp>
			</report>
			<report>
				<misses>4598001</misses>
				<total>2870247</total>
				<timestamp>551.436403</timestamp>
			</report>
			<report>
				<misses>4599001</misses>
				<total>2870247</total>
				<timestamp>551.556405</timestamp>
			</report>
			<report>
				<misses>4600001</misses>
				<total>2870247</total>
				<timestamp>551.676371</timestamp>
			</report>
			<report>
				<misses>4601001</misses>
				<total>2870247</total>
				<timestamp>551.796315</timestamp>
			</report>
			<report>
				<misses>4602001</misses>
				<total>2870249</total>
				<timestamp>551.916203</timestamp>
			</report>
			<report>
				<misses>4603001</misses>
				<total>2870249</total>
				<timestamp>552.036147</timestamp>
			</report>
			<report>
				<misses>4604001</misses>
				<total>2870249</total>
				<timestamp>552.156099</timestamp>
			</report>
			<report>
				<misses>4605001</misses>
				<total>2870255</total>
				<timestamp>552.275978</timestamp>
			</report>
			<report>
				<misses>4606001</misses>
				<total>2870255</total>
				<timestamp>552.395842</timestamp>
			</report>
			<report>
				<misses>4607001</misses>
				<total>2870255</total>
				<timestamp>552.515680</timestamp>
			</report>
			<report>
				<misses>4608001</misses>
				<total>2870255</total>
				<timestamp>552.635589</timestamp>
			</report>
			<report>
				<misses>4609001</misses>
				<total>2870255</total>
				<timestamp>552.755449</timestamp>
			</report>
			<report>
				<misses>4610001</misses>
				<total>2870255</total>
				<timestamp>552.875333</timestamp>
			</report>
			<report>
				<misses>4611001</misses>
				<total>2870255</total>
				<timestamp>552.995231</timestamp>
			</report>
			<report>
				<misses>4612001</misses>
				<total>2870255</total>
				<timestamp>553.115167</timestamp>
			</report>
			<report>
				<misses>4613001</misses>
				<total>2870255</total>
				<timestamp>553.235142</timestamp>
			</report>
			<report>
				<misses>4614001</misses>
				<total>2870256</total>
				<timestamp>553.355091</timestamp>
			</report>
			<report>
				<misses>4615001</misses>
				<total>2870261</total>
				<timestamp>553.475111</timestamp>
			</report>
			<report>
				<misses>4616001</misses>
				<total>2870267</total>
				<timestamp>553.595118</timestamp>
			</report>
			<report>
				<misses>4617001</misses>
				<total>2870268</total>
				<timestamp>553.715078</timestamp>
			</report>
			<report>
				<misses>4618001</misses>
				<total>2870268</total>
				<timestamp>553.834993</timestamp>
			</report>
			<report>
				<misses>4619001</misses>
				<total>2870267</total>
				<timestamp>553.954868</timestamp>
			</report>
			<report>
				<misses>4620001</misses>
				<total>2870268</total>
				<timestamp>554.074718</timestamp>
			</report>
			<report>
				<misses>4621001</misses>
				<total>2870269</total>
				<timestamp>554.194599</timestamp>
			</report>
			<report>
				<misses>4622001</misses>
				<total>2870268</total>
				<timestamp>554.314487</timestamp>
			</report>
			<report>
				<misses>4623001</misses>
				<total>2870268</total>
				<timestamp>554.434354</timestamp>
			</report>
			<report>
				<misses>4624001</misses>
				<total>2870268</total>
				<timestamp>554.554303</timestamp>
			</report>
			<report>
				<misses>4625001</misses>
				<total>2870280</total>
				<timestamp>554.674148</timestamp>
			</report>
			<report>
				<misses>4626001</misses>
				<total>2870282</total>
				<timestamp>554.794065</timestamp>
			</report>
			<report>
				<misses>4627001</misses>
				<total>2870282</total>
				<timestamp>554.914008</timestamp>
			</report>
			<report>
				<misses>4628001</misses>
				<total>2871001</total>
				<timestamp>555.033978</timestamp>
			</report>
			<report>
				<misses>4629001</misses>
				<total>2872000</total>
				<timestamp>555.154013</timestamp>
			</report>
			<report>
				<misses>4630001</misses>
				<total>2872999</total>
				<timestamp>555.273902</timestamp>
			</report>
			<report>
				<misses>4631001</misses>
				<total>2873998</total>
				<timestamp>555.393822</timestamp>
			</report>
			<report>
				<misses>4632001</misses>
				<total>2874997</total>
				<timestamp>555.513672</timestamp>
			</report>
			<report>
				<misses>4633001</misses>
				<total>2875996</total>
				<timestamp>555.633526</timestamp>
			</report>
			<report>
				<misses>4634001</misses>
				<total>2876995</total>
				<timestamp>555.753397</timestamp>
			</report>
			<report>
				<misses>4635001</misses>
				<total>2877994</total>
				<timestamp>555.873367</timestamp>
			</report>
			<report>
				<misses>4636001</misses>
				<total>2878993</total>
				<timestamp>555.993363</timestamp>
			</report>
			<report>
				<misses>4637001</misses>
				<total>2879992</total>
				<timestamp>556.113293</timestamp>
			</report>
			<report>
				<misses>4638001</misses>
				<total>2880991</total>
				<timestamp>556.233170</timestamp>
			</report>
			<report>
				<misses>4639001</misses>
				<total>2881990</total>
				<timestamp>556.353137</timestamp>
			</report>
			<report>
				<misses>4640001</misses>
				<total>2882989</total>
				<timestamp>556.473116</timestamp>
			</report>
			<report>
				<misses>4641001</misses>
				<total>2883988</total>
				<timestamp>556.593134</timestamp>
			</report>
			<report>
				<misses>4642001</misses>
				<total>2884987</total>
				<timestamp>556.713169</timestamp>
			</report>
			<report>
				<misses>4643001</misses>
				<total>2885986</total>
				<timestamp>556.833081</timestamp>
			</report>
			<report>
				<misses>4644001</misses>
				<total>2886985</total>
				<timestamp>556.952986</timestamp>
			</report>
			<report>
				<misses>4645001</misses>
				<total>2887984</total>
				<timestamp>557.073033</timestamp>
			</report>
			<report>
				<misses>4646001</misses>
				<total>2888983</total>
				<timestamp>557.192921</timestamp>
			</report>
			<report>
				<misses>4647001</misses>
				<total>2889982</total>
				<timestamp>557.312817</timestamp>
			</report>
			<report>
				<misses>4648001</misses>
				<total>2890981</total>
				<timestamp>557.432703</timestamp>
			</report>
			<report>
				<misses>4649001</misses>
				<total>2891980</total>
				<timestamp>557.552563</timestamp>
			</report>
			<report>
				<misses>4650001</misses>
				<total>2892979</total>
				<timestamp>557.672457</timestamp>
			</report>
			<report>
				<misses>4651001</misses>
				<total>2893978</total>
				<timestamp>557.792337</timestamp>
			</report>
			<report>
				<misses>4652001</misses>
				<total>2894977</total>
				<timestamp>557.912248</timestamp>
			</report>
			<report>
				<misses>4653001</misses>
				<total>2895976</total>
				<timestamp>558.032124</timestamp>
			</report>
			<report>
				<misses>4654001</misses>
				<total>2896975</total>
				<timestamp>558.152081</timestamp>
			</report>
			<report>
				<misses>4655001</misses>
				<total>2897974</total>
				<timestamp>558.272095</timestamp>
			</report>
			<report>
				<misses>4656001</misses>
				<total>2898973</total>
				<timestamp>558.392042</timestamp>
			</report>
			<report>
				<misses>4657001</misses>
				<total>2899972</total>
				<timestamp>558.512046</timestamp>
			</report>
			<report>
				<misses>4658001</misses>
				<total>2900971</total>
				<timestamp>558.632034</timestamp>
			</report>
			<report>
				<misses>4659001</misses>
				<total>2901970</total>
				<timestamp>558.752060</timestamp>
			</report>
			<report>
				<misses>4660001</misses>
				<total>2902969</total>
				<timestamp>558.872067</timestamp>
			</report>
			<report>
				<misses>4661001</misses>
				<total>2903968</total>
				<timestamp>558.992005</timestamp>
			</report>
			<report>
				<misses>4662001</misses>
				<total>2904967</total>
				<timestamp>559.111877</timestamp>
			</report>
			<report>
				<misses>4663001</misses>
				<total>2905966</total>
				<timestamp>559.231736</timestamp>
			</report>
			<report>
				<misses>4664001</misses>
				<total>2906965</total>
				<timestamp>559.351640</timestamp>
			</report>
			<report>
				<misses>4665001</misses>
				<total>2907964</total>
				<timestamp>559.471497</timestamp>
			</report>
			<report>
				<misses>4666001</misses>
				<total>2908963</total>
				<timestamp>559.591376</timestamp>
			</report>
			<report>
				<misses>4667001</misses>
				<total>2909962</total>
				<timestamp>559.711268</timestamp>
			</report>
			<report>
				<misses>4668001</misses>
				<total>2910961</total>
				<timestamp>559.831208</timestamp>
			</report>
			<report>
				<misses>4669001</misses>
				<total>2911960</total>
				<timestamp>559.951168</timestamp>
			</report>
			<report>
				<misses>4670001</misses>
				<total>2912959</total>
				<timestamp>560.071052</timestamp>
			</report>
			<report>
				<misses>4671001</misses>
				<total>2913958</total>
				<timestamp>560.190901</timestamp>
			</report>
			<report>
				<misses>4672001</misses>
				<total>2914957</total>
				<timestamp>560.310843</timestamp>
			</report>
			<report>
				<misses>4673001</misses>
				<total>2915956</total>
				<timestamp>560.430771</timestamp>
			</report>
			<report>
				<misses>4674001</misses>
				<total>2916955</total>
				<timestamp>560.550674</timestamp>
			</report>
			<report>
				<misses>4675001</misses>
				<total>2917954</total>
				<timestamp>560.670532</timestamp>
			</report>
			<report>
				<misses>4676001</misses>
				<total>2918953</total>
				<timestamp>560.790420</timestamp>
			</report>
			<report>
				<misses>4677001</misses>
				<total>2919952</total>
				<timestamp>560.910346</timestamp>
			</report>
			<report>
				<misses>4678001</misses>
				<total>2920951</total>
				<timestamp>561.030193</timestamp>
			</report>
			<report>
				<misses>4679001</misses>
				<total>2921950</total>
				<timestamp>561.150144</timestamp>
			</report>
			<report>
				<misses>4680001</misses>
				<total>2922949</total>
				<timestamp>561.270090</timestamp>
			</report>
			<report>
				<misses>4681001</misses>
				<total>2923948</total>
				<timestamp>561.389972</timestamp>
			</report>
			<report>
				<misses>4682001</misses>
				<total>2924947</total>
				<timestamp>561.509885</timestamp>
			</report>
			<report>
				<misses>4683001</misses>
				<total>2925946</total>
				<timestamp>561.629845</timestamp>
			</report>
			<report>
				<misses>4684001</misses>
				<total>2926945</total>
				<timestamp>561.749703</timestamp>
			</report>
			<report>
				<misses>4685001</misses>
				<total>2927944</total>
				<timestamp>561.869568</timestamp>
			</report>
			<report>
				<misses>4686001</misses>
				<total>2928943</total>
				<timestamp>561.989457</timestamp>
			</report>
			<report>
				<misses>4687001</misses>
				<total>2929942</total>
				<timestamp>562.109333</timestamp>
			</report>
			<report>
				<misses>4688001</misses>
				<total>2930941</total>
				<timestamp>562.229219</timestamp>
			</report>
			<report>
				<misses>4689001</misses>
				<total>2931940</total>
				<timestamp>562.349108</timestamp>
			</report>
			<report>
				<misses>4690001</misses>
				<total>2932939</total>
				<timestamp>562.469111</timestamp>
			</report>
			<report>
				<misses>4691001</misses>
				<total>2933938</total>
				<timestamp>562.589042</timestamp>
			</report>
			<report>
				<misses>4692001</misses>
				<total>2934937</total>
				<timestamp>562.709044</timestamp>
			</report>
			<report>
				<misses>4693001</misses>
				<total>2935936</total>
				<timestamp>562.829121</timestamp>
			</report>
			<report>
				<misses>4694001</misses>
				<total>2936935</total>
				<timestamp>562.949111</timestamp>
			</report>
			<report>
				<misses>4695001</misses>
				<total>2937934</total>
				<timestamp>563.069068</timestamp>
			</report>
			<report>
				<misses>4696001</misses>
				<total>2938933</total>
				<timestamp>563.189066</timestamp>
			</report>
			<report>
				<misses>4697001</misses>
				<total>2939932</total>
				<timestamp>563.309018</timestamp>
			</report>
			<report>
				<misses>4698001</misses>
				<total>2940931</total>
				<timestamp>563.428897</timestamp>
			</report>
			<report>
				<misses>4699001</misses>
				<total>2941930</total>
				<timestamp>563.548713</timestamp>
			</report>
			<report>
				<misses>4700001</misses>
				<total>2942929</total>
				<timestamp>563.668619</timestamp>
			</report>
			<report>
				<misses>4701001</misses>
				<total>2943928</total>
				<timestamp>563.788496</timestamp>
			</report>
			<report>
				<misses>4702001</misses>
				<total>2944927</total>
				<timestamp>563.908370</timestamp>
			</report>
			<report>
				<misses>4703001</misses>
				<total>2945926</total>
				<timestamp>564.028289</timestamp>
			</report>
			<report>
				<misses>4704001</misses>
				<total>2946925</total>
				<timestamp>564.148193</timestamp>
			</report>
			<report>
				<misses>4705001</misses>
				<total>2947924</total>
				<timestamp>564.268119</timestamp>
			</report>
			<report>
				<misses>4706001</misses>
				<total>2948923</total>
				<timestamp>564.388122</timestamp>
			</report>
			<report>
				<misses>4707001</misses>
				<total>2949922</total>
				<timestamp>564.508088</timestamp>
			</report>
			<report>
				<misses>4708001</misses>
				<total>2950921</total>
				<timestamp>564.628062</timestamp>
			</report>
			<report>
				<misses>4709001</misses>
				<total>2951920</total>
				<timestamp>564.747926</timestamp>
			</report>
			<report>
				<misses>4710001</misses>
				<total>2952919</total>
				<timestamp>564.867863</timestamp>
			</report>
			<report>
				<misses>4711001</misses>
				<total>2953918</total>
				<timestamp>564.987850</timestamp>
			</report>
			<report>
				<misses>4712001</misses>
				<total>2954917</total>
				<timestamp>565.107848</timestamp>
			</report>
			<report>
				<misses>4713001</misses>
				<total>2955916</total>
				<timestamp>565.227782</timestamp>
			</report>
			<report>
				<misses>4714001</misses>
				<total>2956915</total>
				<timestamp>565.347648</timestamp>
			</report>
			<report>
				<misses>4715001</misses>
				<total>2957914</total>
				<timestamp>565.467526</timestamp>
			</report>
			<report>
				<misses>4716001</misses>
				<total>2958913</total>
				<timestamp>565.587439</timestamp>
			</report>
			<report>
				<misses>4717001</misses>
				<total>2959912</total>
				<timestamp>565.707317</timestamp>
			</report>
			<report>
				<misses>4718001</misses>
				<total>2960911</total>
				<timestamp>565.827217</timestamp>
			</report>
			<report>
				<misses>4719001</misses>
				<total>2961910</total>
				<timestamp>565.947129</timestamp>
			</report>
			<report>
				<misses>4720001</misses>
				<total>2962909</total>
				<timestamp>566.067050</timestamp>
			</report>
			<report>
				<misses>4721001</misses>
				<total>2963908</total>
				<timestamp>566.187021</timestamp>
			</report>
			<report>
				<misses>4722001</misses>
				<total>2964907</total>
				<timestamp>566.307028</timestamp>
			</report>
			<report>
				<misses>4723001</misses>
				<total>2965906</total>
				<timestamp>566.427007</timestamp>
			</report>
			<report>
				<misses>4724001</misses>
				<total>2966905</total>
				<timestamp>566.547003</timestamp>
			</report>
			<report>
				<misses>4725001</misses>
				<total>2967904</total>
				<timestamp>566.667132</timestamp>
			</report>
			<report>
				<misses>4726001</misses>
				<total>2968903</total>
				<timestamp>566.787107</timestamp>
			</report>
			<report>
				<misses>4727001</misses>
				<total>2969902</total>
				<timestamp>566.907020</timestamp>
			</report>
			<report>
				<misses>4728001</misses>
				<total>2970901</total>
				<timestamp>567.027017</timestamp>
			</report>
			<report>
				<misses>4729001</misses>
				<total>2971900</total>
				<timestamp>567.147053</timestamp>
			</report>
			<report>
				<misses>4730001</misses>
				<total>2972899</total>
				<timestamp>567.267010</timestamp>
			</report>
			<report>
				<misses>4731001</misses>
				<total>2973898</total>
				<timestamp>567.387084</timestamp>
			</report>
			<report>
				<misses>4732001</misses>
				<total>2974897</total>
				<timestamp>567.506998</timestamp>
			</report>
			<report>
				<misses>4733001</misses>
				<total>2975896</total>
				<timestamp>567.627049</timestamp>
			</report>
			<report>
				<misses>4734001</misses>
				<total>2976895</total>
				<timestamp>567.747044</timestamp>
			</report>
			<report>
				<misses>4735001</misses>
				<total>2977894</total>
				<timestamp>567.867025</timestamp>
			</report>
			<report>
				<misses>4736001</misses>
				<total>2978893</total>
				<timestamp>567.987034</timestamp>
			</report>
			<report>
				<misses>4737001</misses>
				<total>2979892</total>
				<timestamp>568.106974</timestamp>
			</report>
			<report>
				<misses>4738001</misses>
				<total>2980891</total>
				<timestamp>568.226838</timestamp>
			</report>
			<report>
				<misses>4739001</misses>
				<total>2981890</total>
				<timestamp>568.346698</timestamp>
			</report>
			<report>
				<misses>4740001</misses>
				<total>2982889</total>
				<timestamp>568.466582</timestamp>
			</report>
			<report>
				<misses>4741001</misses>
				<total>2983888</total>
				<timestamp>568.586438</timestamp>
			</report>
			<report>
				<misses>4742001</misses>
				<total>2984887</total>
				<timestamp>568.706338</timestamp>
			</report>
			<report>
				<misses>4743001</misses>
				<total>2985886</total>
				<timestamp>568.826211</timestamp>
			</report>
			<report>
				<misses>4744001</misses>
				<total>2986885</total>
				<timestamp>568.946146</timestamp>
			</report>
			<report>
				<misses>4745001</misses>
				<total>2987884</total>
				<timestamp>569.066008</timestamp>
			</report>
			<report>
				<misses>4746001</misses>
				<total>2988883</total>
				<timestamp>569.185987</timestamp>
			</report>
			<report>
				<misses>4747001</misses>
				<total>2989882</total>
				<timestamp>569.305870</timestamp>
			</report>
			<report>
				<misses>4748001</misses>
				<total>2990881</total>
				<timestamp>569.425818</timestamp>
			</report>
			<report>
				<misses>4749001</misses>
				<total>2991880</total>
				<timestamp>569.545738</timestamp>
			</report>
			<report>
				<misses>4750001</misses>
				<total>2992879</total>
				<timestamp>569.665616</timestamp>
			</report>
			<report>
				<misses>4751001</misses>
				<total>2993878</total>
				<timestamp>569.785480</timestamp>
			</report>
			<report>
				<misses>4752001</misses>
				<total>2994877</total>
				<timestamp>569.905416</timestamp>
			</report>
			<report>
				<misses>4753001</misses>
				<total>2995876</total>
				<timestamp>570.025260</timestamp>
			</report>
			<report>
				<misses>4754001</misses>
				<total>2996875</total>
				<timestamp>570.145140</timestamp>
			</report>
			<report>
				<misses>4755001</misses>
				<total>2997874</total>
				<timestamp>570.265019</timestamp>
			</report>
			<report>
				<misses>4756001</misses>
				<total>2998873</total>
				<timestamp>570.384990</timestamp>
			</report>
			<report>
				<misses>4757001</misses>
				<total>2999872</total>
				<timestamp>570.504965</timestamp>
			</report>
			<report>
				<misses>4758001</misses>
				<total>3000871</total>
				<timestamp>570.624951</timestamp>
			</report>
			<report>
				<misses>4759001</misses>
				<total>3001870</total>
				<timestamp>570.744833</timestamp>
			</report>
			<report>
				<misses>4760001</misses>
				<total>3002869</total>
				<timestamp>570.864650</timestamp>
			</report>
			<report>
				<misses>4761001</misses>
				<total>3003868</total>
				<timestamp>570.984522</timestamp>
			</report>
			<report>
				<misses>4762001</misses>
				<total>3004867</total>
				<timestamp>571.104409</timestamp>
			</report>
			<report>
				<misses>4763001</misses>
				<total>3005866</total>
				<timestamp>571.224285</timestamp>
			</report>
			<report>
				<misses>4764001</misses>
				<total>3006865</total>
				<timestamp>571.344259</timestamp>
			</report>
			<report>
				<misses>4765001</misses>
				<total>3007864</total>
				<timestamp>571.464265</timestamp>
			</report>
			<report>
				<misses>4766001</misses>
				<total>3008863</total>
				<timestamp>571.584247</timestamp>
			</report>
			<report>
				<misses>4767001</misses>
				<total>3009862</total>
				<timestamp>571.704249</timestamp>
			</report>
			<report>
				<misses>4768001</misses>
				<total>3010861</total>
				<timestamp>571.824205</timestamp>
			</report>
			<report>
				<misses>4769001</misses>
				<total>3011860</total>
				<timestamp>571.944093</timestamp>
			</report>
			<report>
				<misses>4770001</misses>
				<total>3012859</total>
				<timestamp>572.064038</timestamp>
			</report>
			<report>
				<misses>4771001</misses>
				<total>3013858</total>
				<timestamp>572.184025</timestamp>
			</report>
			<report>
				<misses>4772001</misses>
				<total>3014857</total>
				<timestamp>572.304009</timestamp>
			</report>
			<report>
				<misses>4773001</misses>
				<total>3015856</total>
				<timestamp>572.424030</timestamp>
			</report>
			<report>
				<misses>4774001</misses>
				<total>3016855</total>
				<timestamp>572.544041</timestamp>
			</report>
			<report>
				<misses>4775001</misses>
				<total>3017854</total>
				<timestamp>572.664042</timestamp>
			</report>
			<report>
				<misses>4776001</misses>
				<total>3018853</total>
				<timestamp>572.783963</timestamp>
			</report>
			<report>
				<misses>4777001</misses>
				<total>3019852</total>
				<timestamp>572.903825</timestamp>
			</report>
			<report>
				<misses>4778001</misses>
				<total>3020851</total>
				<timestamp>573.023702</timestamp>
			</report>
			<report>
				<misses>4779001</misses>
				<total>3021850</total>
				<timestamp>573.143610</timestamp>
			</report>
			<report>
				<misses>4780001</misses>
				<total>3022849</total>
				<timestamp>573.263437</timestamp>
			</report>
			<report>
				<misses>4781001</misses>
				<total>3023848</total>
				<timestamp>573.383361</timestamp>
			</report>
			<report>
				<misses>4782001</misses>
				<total>3024847</total>
				<timestamp>573.503242</timestamp>
			</report>
			<report>
				<misses>4783001</misses>
				<total>3025846</total>
				<timestamp>573.623226</timestamp>
			</report>
			<report>
				<misses>4784001</misses>
				<total>3026845</total>
				<timestamp>573.743119</timestamp>
			</report>
			<report>
				<misses>4785001</misses>
				<total>3027844</total>
				<timestamp>573.863002</timestamp>
			</report>
			<report>
				<misses>4786001</misses>
				<total>3028843</total>
				<timestamp>573.983002</timestamp>
			</report>
			<report>
				<misses>4787001</misses>
				<total>3029842</total>
				<timestamp>574.102943</timestamp>
			</report>
			<report>
				<misses>4788001</misses>
				<total>3030841</total>
				<timestamp>574.222959</timestamp>
			</report>
			<report>
				<misses>4789001</misses>
				<total>3031840</total>
				<timestamp>574.342950</timestamp>
			</report>
			<report>
				<misses>4790001</misses>
				<total>3032839</total>
				<timestamp>574.462870</timestamp>
			</report>
			<report>
				<misses>4791001</misses>
				<total>3033838</total>
				<timestamp>574.582718</timestamp>
			</report>
			<report>
				<misses>4792001</misses>
				<total>3034837</total>
				<timestamp>574.702623</timestamp>
			</report>
			<report>
				<misses>4793001</misses>
				<total>3035836</total>
				<timestamp>574.822487</timestamp>
			</report>
			<report>
				<misses>4794001</misses>
				<total>3036835</total>
				<timestamp>574.942374</timestamp>
			</report>
			<report>
				<misses>4795001</misses>
				<total>3037834</total>
				<timestamp>575.062257</timestamp>
			</report>
			<report>
				<misses>4796001</misses>
				<total>3038833</total>
				<timestamp>575.182146</timestamp>
			</report>
			<report>
				<misses>4797001</misses>
				<total>3039832</total>
				<timestamp>575.302082</timestamp>
			</report>
			<report>
				<misses>4798001</misses>
				<total>3040831</total>
				<timestamp>575.422125</timestamp>
			</report>
			<report>
				<misses>4799001</misses>
				<total>3041830</total>
				<timestamp>575.542101</timestamp>
			</report>
			<report>
				<misses>4800001</misses>
				<total>3042829</total>
				<timestamp>575.662072</timestamp>
			</report>
			<report>
				<misses>4801001</misses>
				<total>3043828</total>
				<timestamp>575.781965</timestamp>
			</report>
			<report>
				<misses>4802001</misses>
				<total>3044827</total>
				<timestamp>575.901934</timestamp>
			</report>
			<report>
				<misses>4803001</misses>
				<total>3045826</total>
				<timestamp>576.021823</timestamp>
			</report>
			<report>
				<misses>4804001</misses>
				<total>3046825</total>
				<timestamp>576.141645</timestamp>
			</report>
			<report>
				<misses>4805001</misses>
				<total>3047824</total>
				<timestamp>576.261540</timestamp>
			</report>
			<report>
				<misses>4806001</misses>
				<total>3048823</total>
				<timestamp>576.381422</timestamp>
			</report>
			<report>
				<misses>4807001</misses>
				<total>3049822</total>
				<timestamp>576.501296</timestamp>
			</report>
			<report>
				<misses>4808001</misses>
				<total>3050821</total>
				<timestamp>576.621217</timestamp>
			</report>
			<report>
				<misses>4809001</misses>
				<total>3051820</total>
				<timestamp>576.741136</timestamp>
			</report>
			<report>
				<misses>4810001</misses>
				<total>3052819</total>
				<timestamp>576.861088</timestamp>
			</report>
			<report>
				<misses>4811001</misses>
				<total>3053818</total>
				<timestamp>576.980980</timestamp>
			</report>
			<report>
				<misses>4812001</misses>
				<total>3054817</total>
				<timestamp>577.100838</timestamp>
			</report>
			<report>
				<misses>4813001</misses>
				<total>3055816</total>
				<timestamp>577.220691</timestamp>
			</report>
			<report>
				<misses>4814001</misses>
				<total>3056815</total>
				<timestamp>577.340575</timestamp>
			</report>
			<report>
				<misses>4815001</misses>
				<total>3057814</total>
				<timestamp>577.460443</timestamp>
			</report>
			<report>
				<misses>4816001</misses>
				<total>3058813</total>
				<timestamp>577.580319</timestamp>
			</report>
			<report>
				<misses>4817001</misses>
				<total>3059812</total>
				<timestamp>577.700207</timestamp>
			</report>
			<report>
				<misses>4818001</misses>
				<total>3060811</total>
				<timestamp>577.820119</timestamp>
			</report>
			<report>
				<misses>4819001</misses>
				<total>3061810</total>
				<timestamp>577.939975</timestamp>
			</report>
			<report>
				<misses>4820001</misses>
				<total>3062809</total>
				<timestamp>578.059944</timestamp>
			</report>
			<report>
				<misses>4821001</misses>
				<total>3063808</total>
				<timestamp>578.179946</timestamp>
			</report>
			<report>
				<misses>4822001</misses>
				<total>3064807</total>
				<timestamp>578.299986</timestamp>
			</report>
			<report>
				<misses>4823001</misses>
				<total>3065806</total>
				<timestamp>578.419941</timestamp>
			</report>
			<report>
				<misses>4824001</misses>
				<total>3066805</total>
				<timestamp>578.539939</timestamp>
			</report>
			<report>
				<misses>4825001</misses>
				<total>3067804</total>
				<timestamp>578.659969</timestamp>
			</report>
			<report>
				<misses>4826001</misses>
				<total>3068803</total>
				<timestamp>578.779919</timestamp>
			</report>
			<report>
				<misses>4827001</misses>
				<total>3069802</total>
				<timestamp>578.899928</timestamp>
			</report>
			<report>
				<misses>4828001</misses>
				<total>3070801</total>
				<timestamp>579.019953</timestamp>
			</report>
			<report>
				<misses>4829001</misses>
				<total>3071800</total>
				<timestamp>579.139956</timestamp>
			</report>
			<report>
				<misses>4830001</misses>
				<total>3072799</total>
				<timestamp>579.259914</timestamp>
			</report>
			<report>
				<misses>4831001</misses>
				<total>3073798</total>
				<timestamp>579.379730</timestamp>
			</report>
			<report>
				<misses>4832001</misses>
				<total>3074797</total>
				<timestamp>579.499609</timestamp>
			</report>
			<report>
				<misses>4833001</misses>
				<total>3075796</total>
				<timestamp>579.619499</timestamp>
			</report>
			<report>
				<misses>4834001</misses>
				<total>3076795</total>
				<timestamp>579.739372</timestamp>
			</report>
			<report>
				<misses>4835001</misses>
				<total>3077794</total>
				<timestamp>579.859242</timestamp>
			</report>
			<report>
				<misses>4836001</misses>
				<total>3078793</total>
				<timestamp>579.979135</timestamp>
			</report>
			<report>
				<misses>4837001</misses>
				<total>3079792</total>
				<timestamp>580.099055</timestamp>
			</report>
			<report>
				<misses>4838001</misses>
				<total>3080791</total>
				<timestamp>580.218947</timestamp>
			</report>
			<report>
				<misses>4839001</misses>
				<total>3081790</total>
				<timestamp>580.338814</timestamp>
			</report>
			<report>
				<misses>4840001</misses>
				<total>3082344</total>
				<timestamp>580.458633</timestamp>
			</report>
			<report>
				<misses>4841001</misses>
				<total>3082344</total>
				<timestamp>580.578524</timestamp>
			</report>
			<report>
				<misses>4842001</misses>
				<total>3082344</total>
				<timestamp>580.698403</timestamp>
			</report>
			<report>
				<misses>4843001</misses>
				<total>3082344</total>
				<timestamp>580.818324</timestamp>
			</report>
			<report>
				<misses>4844001</misses>
				<total>3082344</total>
				<timestamp>580.938158</timestamp>
			</report>
			<report>
				<misses>4845001</misses>
				<total>3082344</total>
				<timestamp>581.058068</timestamp>
			</report>
			<report>
				<misses>4846001</misses>
				<total>3082344</total>
				<timestamp>581.177984</timestamp>
			</report>
			<report>
				<misses>4847001</misses>
				<total>3082344</total>
				<timestamp>581.297894</timestamp>
			</report>
			<report>
				<misses>4848001</misses>
				<total>3082344</total>
				<timestamp>581.417998</timestamp>
			</report>
			<report>
				<misses>4849001</misses>
				<total>3082352</total>
				<timestamp>581.537963</timestamp>
			</report>
			<report>
				<misses>4850001</misses>
				<total>3082352</total>
				<timestamp>581.657840</timestamp>
			</report>
			<report>
				<misses>4851001</misses>
				<total>3082354</total>
				<timestamp>581.777712</timestamp>
			</report>
			<report>
				<misses>4852001</misses>
				<total>3082354</total>
				<timestamp>581.897578</timestamp>
			</report>
			<report>
				<misses>4853001</misses>
				<total>3082354</total>
				<timestamp>582.017440</timestamp>
			</report>
			<report>
				<misses>4854001</misses>
				<total>3082354</total>
				<timestamp>582.137329</timestamp>
			</report>
			<report>
				<misses>4855001</misses>
				<total>3082354</total>
				<timestamp>582.257264</timestamp>
			</report>
			<report>
				<misses>4856001</misses>
				<total>3082354</total>
				<timestamp>582.377117</timestamp>
			</report>
			<report>
				<misses>4857001</misses>
				<total>3082354</total>
				<timestamp>582.497012</timestamp>
			</report>
			<report>
				<misses>4858001</misses>
				<total>3082362</total>
				<timestamp>582.616885</timestamp>
			</report>
			<report>
				<misses>4859001</misses>
				<total>3082362</total>
				<timestamp>582.736726</timestamp>
			</report>
			<report>
				<misses>4860001</misses>
				<total>3082362</total>
				<timestamp>582.856589</timestamp>
			</report>
			<report>
				<misses>4861001</misses>
				<total>3083011</total>
				<timestamp>582.976501</timestamp>
			</report>
			<report>
				<misses>4862001</misses>
				<total>3084010</total>
				<timestamp>583.096371</timestamp>
			</report>
			<report>
				<misses>4863001</misses>
				<total>3085009</total>
				<timestamp>583.216249</timestamp>
			</report>
			<report>
				<misses>4864001</misses>
				<total>3086008</total>
				<timestamp>583.336125</timestamp>
			</report>
			<report>
				<misses>4865001</misses>
				<total>3087007</total>
				<timestamp>583.456063</timestamp>
			</report>
			<report>
				<misses>4866001</misses>
				<total>3087185</total>
				<timestamp>583.575948</timestamp>
			</report>
			<report>
				<misses>4867001</misses>
				<total>3087188</total>
				<timestamp>583.695810</timestamp>
			</report>
			<report>
				<misses>4868001</misses>
				<total>3087188</total>
				<timestamp>583.815735</timestamp>
			</report>
			<report>
				<misses>4869001</misses>
				<total>3087190</total>
				<timestamp>583.935803</timestamp>
			</report>
			<report>
				<misses>4870001</misses>
				<total>3087190</total>
				<timestamp>584.055694</timestamp>
			</report>
			<report>
				<misses>4871001</misses>
				<total>3087190</total>
				<timestamp>584.175531</timestamp>
			</report>
			<report>
				<misses>4872001</misses>
				<total>3087191</total>
				<timestamp>584.295400</timestamp>
			</report>
			<report>
				<misses>4873001</misses>
				<total>3087190</total>
				<timestamp>584.415302</timestamp>
			</report>
			<report>
				<misses>4874001</misses>
				<total>3087190</total>
				<timestamp>584.535229</timestamp>
			</report>
			<report>
				<misses>4875001</misses>
				<total>3087190</total>
				<timestamp>584.655197</timestamp>
			</report>
			<report>
				<misses>4876001</misses>
				<total>3087190</total>
				<timestamp>584.775086</timestamp>
			</report>
			<report>
				<misses>4877001</misses>
				<total>3087190</total>
				<timestamp>584.894964</timestamp>
			</report>
			<report>
				<misses>4878001</misses>
				<total>3087190</total>
				<timestamp>585.014910</timestamp>
			</report>
			<report>
				<misses>4879001</misses>
				<total>3087190</total>
				<timestamp>585.134838</timestamp>
			</report>
			<report>
				<misses>4880001</misses>
				<total>3087190</total>
				<timestamp>585.254701</timestamp>
			</report>
			<report>
				<misses>4881001</misses>
				<total>3087190</total>
				<timestamp>585.374578</timestamp>
			</report>
			<report>
				<misses>4882001</misses>
				<total>3087190</total>
				<timestamp>585.494456</timestamp>
			</report>
			<report>
				<misses>4883001</misses>
				<total>3087190</total>
				<timestamp>585.614364</timestamp>
			</report>
			<report>
				<misses>4884001</misses>
				<total>3087193</total>
				<timestamp>585.734211</timestamp>
			</report>
			<report>
				<misses>4885001</misses>
				<total>3087193</total>
				<timestamp>585.854109</timestamp>
			</report>
			<report>
				<misses>4886001</misses>
				<total>3087192</total>
				<timestamp>585.974064</timestamp>
			</report>
			<report>
				<misses>4887001</misses>
				<total>3087192</total>
				<timestamp>586.094053</timestamp>
			</report>
			<report>
				<misses>4888001</misses>
				<total>3087199</total>
				<timestamp>586.214078</timestamp>
			</report>
			<report>
				<misses>4889001</misses>
				<total>3087199</total>
				<timestamp>586.334061</timestamp>
			</report>
			<report>
				<misses>4890001</misses>
				<total>3087201</total>
				<timestamp>586.454154</timestamp>
			</report>
			<report>
				<misses>4891001</misses>
				<total>3087202</total>
				<timestamp>586.574132</timestamp>
			</report>
			<report>
				<misses>4892001</misses>
				<total>3087202</total>
				<timestamp>586.694041</timestamp>
			</report>
			<report>
				<misses>4893001</misses>
				<total>3087202</total>
				<timestamp>586.814082</timestamp>
			</report>
			<report>
				<misses>4894001</misses>
				<total>3087202</total>
				<timestamp>586.934058</timestamp>
			</report>
			<report>
				<misses>4895001</misses>
				<total>3087205</total>
				<timestamp>587.054045</timestamp>
			</report>
			<report>
				<misses>4896001</misses>
				<total>3087205</total>
				<timestamp>587.174094</timestamp>
			</report>
			<report>
				<misses>4897001</misses>
				<total>3087205</total>
				<timestamp>587.294036</timestamp>
			</report>
			<report>
				<misses>4898001</misses>
				<total>3087205</total>
				<timestamp>587.414030</timestamp>
			</report>
			<report>
				<misses>4899001</misses>
				<total>3087205</total>
				<timestamp>587.534106</timestamp>
			</report>
			<report>
				<misses>4900001</misses>
				<total>3087205</total>
				<timestamp>587.654013</timestamp>
			</report>
			<report>
				<misses>4901001</misses>
				<total>3087206</total>
				<timestamp>587.773906</timestamp>
			</report>
			<report>
				<misses>4902001</misses>
				<total>3087205</total>
				<timestamp>587.893744</timestamp>
			</report>
			<report>
				<misses>4903001</misses>
				<total>3087205</total>
				<timestamp>588.013614</timestamp>
			</report>
			<report>
				<misses>4904001</misses>
				<total>3087206</total>
				<timestamp>588.133490</timestamp>
			</report>
			<report>
				<misses>4905001</misses>
				<total>3087205</total>
				<timestamp>588.253386</timestamp>
			</report>
			<report>
				<misses>4906001</misses>
				<total>3087205</total>
				<timestamp>588.373252</timestamp>
			</report>
			<report>
				<misses>4907001</misses>
				<total>3087205</total>
				<timestamp>588.493151</timestamp>
			</report>
			<report>
				<misses>4908001</misses>
				<total>3087205</total>
				<timestamp>588.613092</timestamp>
			</report>
			<report>
				<misses>4909001</misses>
				<total>3087205</total>
				<timestamp>588.733089</timestamp>
			</report>
			<report>
				<misses>4910001</misses>
				<total>3087206</total>
				<timestamp>588.853090</timestamp>
			</report>
			<report>
				<misses>4911001</misses>
				<total>3087210</total>
				<timestamp>588.973075</timestamp>
			</report>
			<report>
				<misses>4912001</misses>
				<total>3087210</total>
				<timestamp>589.093047</timestamp>
			</report>
			<report>
				<misses>4913001</misses>
				<total>3087210</total>
				<timestamp>589.212937</timestamp>
			</report>
			<report>
				<misses>4914001</misses>
				<total>3087212</total>
				<timestamp>589.332857</timestamp>
			</report>
			<report>
				<misses>4915001</misses>
				<total>3087223</total>
				<timestamp>589.452868</timestamp>
			</report>
			<report>
				<misses>4916001</misses>
				<total>3087223</total>
				<timestamp>589.572890</timestamp>
			</report>
			<report>
				<misses>4917001</misses>
				<total>3087223</total>
				<timestamp>589.692827</timestamp>
			</report>
			<report>
				<misses>4918001</misses>
				<total>3087223</total>
				<timestamp>589.812655</timestamp>
			</report>
			<report>
				<misses>4919001</misses>
				<total>3087223</total>
				<timestamp>589.932534</timestamp>
			</report>
			<report>
				<misses>4920001</misses>
				<total>3087224</total>
				<timestamp>590.052394</timestamp>
			</report>
			<report>
				<misses>4921001</misses>
				<total>3087223</total>
				<timestamp>590.172310</timestamp>
			</report>
			<report>
				<misses>4922001</misses>
				<total>3087223</total>
				<timestamp>590.292222</timestamp>
			</report>
			<report>
				<misses>4923001</misses>
				<total>3087223</total>
				<timestamp>590.412089</timestamp>
			</report>
			<report>
				<misses>4924001</misses>
				<total>3087223</total>
				<timestamp>590.532027</timestamp>
			</report>
			<report>
				<misses>4925001</misses>
				<total>3087223</total>
				<timestamp>590.652016</timestamp>
			</report>
			<report>
				<misses>4926001</misses>
				<total>3087223</total>
				<timestamp>590.772041</timestamp>
			</report>
			<report>
				<misses>4927001</misses>
				<total>3087223</total>
				<timestamp>590.892034</timestamp>
			</report>
			<report>
				<misses>4928001</misses>
				<total>3087223</total>
				<timestamp>591.011992</timestamp>
			</report>
			<report>
				<misses>4929001</misses>
				<total>3087223</total>
				<timestamp>591.132007</timestamp>
			</report>
			<report>
				<misses>4930001</misses>
				<total>3087225</total>
				<timestamp>591.251975</timestamp>
			</report>
			<report>
				<misses>4931001</misses>
				<total>3087225</total>
				<timestamp>591.371845</timestamp>
			</report>
			<report>
				<misses>4932001</misses>
				<total>3087225</total>
				<timestamp>591.491705</timestamp>
			</report>
			<report>
				<misses>4933001</misses>
				<total>3087225</total>
				<timestamp>591.611573</timestamp>
			</report>
			<report>
				<misses>4934001</misses>
				<total>3087225</total>
				<timestamp>591.731448</timestamp>
			</report>
			<report>
				<misses>4935001</misses>
				<total>3087225</total>
				<timestamp>591.851344</timestamp>
			</report>
			<report>
				<misses>4936001</misses>
				<total>3087226</total>
				<timestamp>591.971239</timestamp>
			</report>
			<report>
				<misses>4937001</misses>
				<total>3087225</total>
				<timestamp>592.091121</timestamp>
			</report>
			<report>
				<misses>4938001</misses>
				<total>3087225</total>
				<timestamp>592.211024</timestamp>
			</report>
			<report>
				<misses>4939001</misses>
				<total>3087226</total>
				<timestamp>592.330885</timestamp>
			</report>
			<report>
				<misses>4940001</misses>
				<total>3087225</total>
				<timestamp>592.450729</timestamp>
			</report>
			<report>
				<misses>4941001</misses>
				<total>3087225</total>
				<timestamp>592.570604</timestamp>
			</report>
			<report>
				<misses>4942001</misses>
				<total>3087225</total>
				<timestamp>592.690519</timestamp>
			</report>
			<report>
				<misses>4943001</misses>
				<total>3087225</total>
				<timestamp>592.810394</timestamp>
			</report>
			<report>
				<misses>4944001</misses>
				<total>3087225</total>
				<timestamp>592.930246</timestamp>
			</report>
			<report>
				<misses>4945001</misses>
				<total>3087225</total>
				<timestamp>593.050128</timestamp>
			</report>
			<report>
				<misses>4946001</misses>
				<total>3087225</total>
				<timestamp>593.170061</timestamp>
			</report>
			<report>
				<misses>4947001</misses>
				<total>3087225</total>
				<timestamp>593.290010</timestamp>
			</report>
			<report>
				<misses>4948001</misses>
				<total>3087225</total>
				<timestamp>593.409970</timestamp>
			</report>
			<report>
				<misses>4949001</misses>
				<total>3087225</total>
				<timestamp>593.530004</timestamp>
			</report>
			<report>
				<misses>4950001</misses>
				<total>3087225</total>
				<timestamp>593.649988</timestamp>
			</report>
			<report>
				<misses>4951001</misses>
				<total>3087225</total>
				<timestamp>593.769986</timestamp>
			</report>
			<report>
				<misses>4952001</misses>
				<total>3087225</total>
				<timestamp>593.889976</timestamp>
			</report>
			<report>
				<misses>4953001</misses>
				<total>3087225</total>
				<timestamp>594.009969</timestamp>
			</report>
			<report>
				<misses>4954001</misses>
				<total>3087227</total>
				<timestamp>594.129993</timestamp>
			</report>
			<report>
				<misses>4955001</misses>
				<total>3087227</total>
				<timestamp>594.249996</timestamp>
			</report>
			<report>
				<misses>4956001</misses>
				<total>3087227</total>
				<timestamp>594.369930</timestamp>
			</report>
			<report>
				<misses>4957001</misses>
				<total>3087226</total>
				<timestamp>594.489846</timestamp>
			</report>
			<report>
				<misses>4958001</misses>
				<total>3087227</total>
				<timestamp>594.609840</timestamp>
			</report>
			<report>
				<misses>4959001</misses>
				<total>3087227</total>
				<timestamp>594.729817</timestamp>
			</report>
			<report>
				<misses>4960001</misses>
				<total>3087227</total>
				<timestamp>594.849689</timestamp>
			</report>
			<report>
				<misses>4961001</misses>
				<total>3087227</total>
				<timestamp>594.969532</timestamp>
			</report>
			<report>
				<misses>4962001</misses>
				<total>3087227</total>
				<timestamp>595.089407</timestamp>
			</report>
			<report>
				<misses>4963001</misses>
				<total>3087227</total>
				<timestamp>595.209293</timestamp>
			</report>
			<report>
				<misses>4964001</misses>
				<total>3087227</total>
				<timestamp>595.329216</timestamp>
			</report>
			<report>
				<misses>4965001</misses>
				<total>3087227</total>
				<timestamp>595.449070</timestamp>
			</report>
			<report>
				<misses>4966001</misses>
				<total>3087227</total>
				<timestamp>595.568991</timestamp>
			</report>
			<report>
				<misses>4967001</misses>
				<total>3087227</total>
				<timestamp>595.688983</timestamp>
			</report>
			<report>
				<misses>4968001</misses>
				<total>3087230</total>
				<timestamp>595.808897</timestamp>
			</report>
			<report>
				<misses>4969001</misses>
				<total>3087230</total>
				<timestamp>595.928863</timestamp>
			</report>
			<report>
				<misses>4970001</misses>
				<total>3087230</total>
				<timestamp>596.048720</timestamp>
			</report>
			<report>
				<misses>4971001</misses>
				<total>3087230</total>
				<timestamp>596.168578</timestamp>
			</report>
			<report>
				<misses>4972001</misses>
				<total>3087230</total>
				<timestamp>596.288460</timestamp>
			</report>
			<report>
				<misses>4973001</misses>
				<total>3087230</total>
				<timestamp>596.408355</timestamp>
			</report>
			<report>
				<misses>4974001</misses>
				<total>3087230</total>
				<timestamp>596.528242</timestamp>
			</report>
			<report>
				<misses>4975001</misses>
				<total>3087230</total>
				<timestamp>596.648146</timestamp>
			</report>
			<report>
				<misses>4976001</misses>
				<total>3087230</total>
				<timestamp>596.768021</timestamp>
			</report>
			<report>
				<misses>4977001</misses>
				<total>3087230</total>
				<timestamp>596.887899</timestamp>
			</report>
			<report>
				<misses>4978001</misses>
				<total>3087230</total>
				<timestamp>597.007833</timestamp>
			</report>
			<report>
				<misses>4979001</misses>
				<total>3087230</total>
				<timestamp>597.127741</timestamp>
			</report>
			<report>
				<misses>4980001</misses>
				<total>3087232</total>
				<timestamp>597.247609</timestamp>
			</report>
			<report>
				<misses>4981001</misses>
				<total>3087230</total>
				<timestamp>597.367493</timestamp>
			</report>
			<report>
				<misses>4982001</misses>
				<total>3087233</total>
				<timestamp>597.487415</timestamp>
			</report>
			<report>
				<misses>4983001</misses>
				<total>3087233</total>
				<timestamp>597.607257</timestamp>
			</report>
			<report>
				<misses>4984001</misses>
				<total>3087233</total>
				<timestamp>597.727166</timestamp>
			</report>
			<report>
				<misses>4985001</misses>
				<total>3087233</total>
				<timestamp>597.847033</timestamp>
			</report>
			<report>
				<misses>4986001</misses>
				<total>3087233</total>
				<timestamp>597.966974</timestamp>
			</report>
			<report>
				<misses>4987001</misses>
				<total>3087233</total>
				<timestamp>598.086986</timestamp>
			</report>
			<report>
				<misses>4988001</misses>
				<total>3087237</total>
				<timestamp>598.206951</timestamp>
			</report>
			<report>
				<misses>4989001</misses>
				<total>3087248</total>
				<timestamp>598.326928</timestamp>
			</report>
			<report>
				<misses>4990001</misses>
				<total>3087248</total>
				<timestamp>598.446828</timestamp>
			</report>
			<report>
				<misses>4991001</misses>
				<total>3087248</total>
				<timestamp>598.566666</timestamp>
			</report>
			<report>
				<misses>4992001</misses>
				<total>3087248</total>
				<timestamp>598.686548</timestamp>
			</report>
			<report>
				<misses>4993001</misses>
				<total>3087248</total>
				<timestamp>598.806413</timestamp>
			</report>
			<report>
				<misses>4994001</misses>
				<total>3087248</total>
				<timestamp>598.926293</timestamp>
			</report>
			<report>
				<misses>4995001</misses>
				<total>3087248</total>
				<timestamp>599.046157</timestamp>
			</report>
			<report>
				<misses>4996001</misses>
				<total>3087252</total>
				<timestamp>599.166056</timestamp>
			</report>
			<report>
				<misses>4997001</misses>
				<total>3087252</total>
				<timestamp>599.286005</timestamp>
			</report>
			<report>
				<misses>4998001</misses>
				<total>3087252</total>
				<timestamp>599.405956</timestamp>
			</report>
			<report>
				<misses>4999001</misses>
				<total>3087252</total>
				<timestamp>599.525939</timestamp>
			</report>
			<report>
				<misses>5000001</misses>
				<total>3087272</total>
				<timestamp>599.645962</timestamp>
			</report>
		</query>
	</custom>
	<ethtool_statistic>
		<rx_packets>
			<start>7080823301</start>
			<end>7130477550</end>
		</rx_packets>
		<tx_packets>
			<start>11820227734</start>
			<end>11920881376</end>
		</tx_packets>
		<rx_dropped>
			<start>421</start>
			<end>421</end>
		</rx_dropped>
		<tx_dropped>
			<start>0</start>
			<end>0</end>
		</tx_dropped>
		<collisions>
			<start>0</start>
			<end>0</end>
		</collisions>
		<port_tx_errors>
			<start>0</start>
			<end>0</end>
		</port_tx_errors>
		<port_rx_dropped>
			<start>0</start>
			<end>0</end>
		</port_rx_dropped>
		<port_tx_dropped_link_down>
			<start>0</start>
			<end>0</end>
		</port_tx_dropped_link_down>
	</ethtool_statistic>
	<ip_statistic>
		<mtu>
			<start>9000</start>
			<end>9000</end>
		</mtu>
		<rx_bytes>
			<start>29139406956047</start>
			<end>29340086081830</end>
		</rx_bytes>
		<rx_packets>
			<start>7080823632</start>
			<end>7130477726</end>
		</rx_packets>
		<rx_errors>
			<start>0</start>
			<end>0</end>
		</rx_errors>
		<rx_dropped>
			<start>421</start>
			<end>421</end>
		</rx_dropped>
		<rx_missed>
			<start>0</start>
			<end>0</end>
		</rx_missed>
		<rx_mcast>
			<start>4916</start>
			<end>4922</end>
		</rx_mcast>
		<tx_bytes>
			<start>39972410467672</start>
			<end>40452261370554</end>
		</tx_bytes>
		<tx_packets>
			<start>11820227775</start>
			<end>11920881647</end>
		</tx_packets>
		<tx_errors>
			<start>0</start>
			<end>0</end>
		</tx_errors>
		<tx_dropped>
			<start>0</start>
			<end>0</end>
		</tx_dropped>
		<tx_carrier>
			<start>0</start>
			<end>0</end>
		</tx_carrier>
		<tx_collisions>
			<start>0</start>
			<end>0</end>
		</tx_collisions>
	</ip_statistic>
	<netstat_statistic>
		<udp_pkg_rec>
			<start>6044473108</start>
			<end>6088632133</end>
		</udp_pkg_rec>
		<udp_pkg_snt>
			<start>10543445524</start>
			<end>10609137948</end>
		</udp_pkg_snt>
		<udp_rec_err>
			<start>1038265656</start>
			<end>1043763621</end>
		</udp_rec_err>
		<udp_rec_buf_err>
			<start>1038265656</start>
			<end>1043763621</end>
		</udp_rec_buf_err>
		<udp_snt_buf_err>
			<start>0</start>
			<end>0</end>
		</udp_snt_buf_err>
	</netstat_statistic>
</test_results>
