<?xml version="1.0"?>
<test_results>
	<status>STATUS_SUCCESS</status>
	<custom>
		<num_loss>4980273</num_loss>
		<num_total>5000001</num_total>
		<num_misses>122668364</num_misses>
		<elapsed_time>319.171020</elapsed_time>
		<query>
			<report>
				<misses>100000</misses>
				<total>95632</total>
				<timestamp>6.359910</timestamp>
			</report>
			<report>
				<misses>200000</misses>
				<total>195631</total>
				<timestamp>12.721848</timestamp>
			</report>
			<report>
				<misses>300000</misses>
				<total>295630</total>
				<timestamp>19.092707</timestamp>
			</report>
			<report>
				<misses>400000</misses>
				<total>395629</total>
				<timestamp>25.477183</timestamp>
			</report>
			<report>
				<misses>500000</misses>
				<total>493934</total>
				<timestamp>31.857653</timestamp>
			</report>
			<report>
				<misses>600000</misses>
				<total>593933</total>
				<timestamp>38.256731</timestamp>
			</report>
			<report>
				<misses>700000</misses>
				<total>693932</total>
				<timestamp>44.639903</timestamp>
			</report>
			<report>
				<misses>800000</misses>
				<total>793931</total>
				<timestamp>51.039344</timestamp>
			</report>
			<report>
				<misses>900000</misses>
				<total>893647</total>
				<timestamp>57.420764</timestamp>
			</report>
			<report>
				<misses>1000000</misses>
				<total>993646</total>
				<timestamp>63.798937</timestamp>
			</report>
			<report>
				<misses>1100000</misses>
				<total>1093645</total>
				<timestamp>70.191832</timestamp>
			</report>
			<report>
				<misses>1200000</misses>
				<total>1193644</total>
				<timestamp>76.586553</timestamp>
			</report>
			<report>
				<misses>1300000</misses>
				<total>1293565</total>
				<timestamp>82.987558</timestamp>
			</report>
			<report>
				<misses>1400000</misses>
				<total>1393564</total>
				<timestamp>89.370409</timestamp>
			</report>
			<report>
				<misses>1500000</misses>
				<total>1493563</total>
				<timestamp>95.759931</timestamp>
			</report>
			<report>
				<misses>1600000</misses>
				<total>1593562</total>
				<timestamp>102.151798</timestamp>
			</report>
			<report>
				<misses>1700000</misses>
				<total>1693561</total>
				<timestamp>108.535435</timestamp>
			</report>
			<report>
				<misses>1800000</misses>
				<total>1791875</total>
				<timestamp>114.920109</timestamp>
			</report>
			<report>
				<misses>1900000</misses>
				<total>1891874</total>
				<timestamp>121.302371</timestamp>
			</report>
			<report>
				<misses>2000000</misses>
				<total>1991873</total>
				<timestamp>127.676663</timestamp>
			</report>
			<report>
				<misses>2100000</misses>
				<total>2091872</total>
				<timestamp>134.059411</timestamp>
			</report>
			<report>
				<misses>2200000</misses>
				<total>2189655</total>
				<timestamp>140.434819</timestamp>
			</report>
			<report>
				<misses>2300000</misses>
				<total>2289654</total>
				<timestamp>146.824443</timestamp>
			</report>
			<report>
				<misses>2400000</misses>
				<total>2389653</total>
				<timestamp>153.205671</timestamp>
			</report>
			<report>
				<misses>2500000</misses>
				<total>2489652</total>
				<timestamp>159.577815</timestamp>
			</report>
			<report>
				<misses>2600000</misses>
				<total>2586829</total>
				<timestamp>165.935615</timestamp>
			</report>
			<report>
				<misses>2700000</misses>
				<total>2686828</total>
				<timestamp>172.322874</timestamp>
			</report>
			<report>
				<misses>2800000</misses>
				<total>2786827</total>
				<timestamp>178.716855</timestamp>
			</report>
			<report>
				<misses>2900000</misses>
				<total>2886826</total>
				<timestamp>185.105457</timestamp>
			</report>
			<report>
				<misses>3000000</misses>
				<total>2985332</total>
				<timestamp>191.481454</timestamp>
			</report>
			<report>
				<misses>3100000</misses>
				<total>3085331</total>
				<timestamp>197.857272</timestamp>
			</report>
			<report>
				<misses>3200000</misses>
				<total>3185330</total>
				<timestamp>204.226744</timestamp>
			</report>
			<report>
				<misses>3300000</misses>
				<total>3285329</total>
				<timestamp>210.615589</timestamp>
			</report>
			<report>
				<misses>3400000</misses>
				<total>3385328</total>
				<timestamp>216.988245</timestamp>
			</report>
			<report>
				<misses>3500000</misses>
				<total>3484057</total>
				<timestamp>223.358281</timestamp>
			</report>
			<report>
				<misses>3600000</misses>
				<total>3584056</total>
				<timestamp>229.756291</timestamp>
			</report>
			<report>
				<misses>3700000</misses>
				<total>3684055</total>
				<timestamp>236.135116</timestamp>
			</report>
			<report>
				<misses>3800000</misses>
				<total>3784054</total>
				<timestamp>242.505732</timestamp>
			</report>
			<report>
				<misses>3900000</misses>
				<total>3882296</total>
				<timestamp>248.889720</timestamp>
			</report>
			<report>
				<misses>4000000</misses>
				<total>3982295</total>
				<timestamp>255.283891</timestamp>
			</report>
			<report>
				<misses>4100000</misses>
				<total>4082294</total>
				<timestamp>261.682451</timestamp>
			</report>
			<report>
				<misses>4200000</misses>
				<total>4182293</total>
				<timestamp>268.062942</timestamp>
			</report>
			<report>
				<misses>4300000</misses>
				<total>4281778</total>
				<timestamp>274.455866</timestamp>
			</report>
			<report>
				<misses>4400000</misses>
				<total>4381777</total>
				<timestamp>280.846748</timestamp>
			</report>
			<report>
				<misses>4500000</misses>
				<total>4481776</total>
				<timestamp>287.250104</timestamp>
			</report>
			<report>
				<misses>4600000</misses>
				<total>4581775</total>
				<timestamp>293.653899</timestamp>
			</report>
			<report>
				<misses>4700000</misses>
				<total>4680276</total>
				<timestamp>300.048369</timestamp>
			</report>
			<report>
				<misses>4800000</misses>
				<total>4780275</total>
				<timestamp>306.433525</timestamp>
			</report>
			<report>
				<misses>4900000</misses>
				<total>4880274</total>
				<timestamp>312.798268</timestamp>
			</report>
			<report>
				<misses>5000000</misses>
				<total>4980273</total>
				<timestamp>319.170997</timestamp>
			</report>
		</query>
	</custom>
	<ethtool_statistic>
		<rx_packets>
			<start>5370652610</start>
			<end>5385738129</end>
		</rx_packets>
		<tx_packets>
			<start>6881370432</start>
			<end>6930424686</end>
		</tx_packets>
		<rx_dropped>
			<start>250</start>
			<end>250</end>
		</rx_dropped>
		<tx_dropped>
			<start>0</start>
			<end>0</end>
		</tx_dropped>
		<collisions>
			<start>0</start>
			<end>0</end>
		</collisions>
		<port_tx_errors>
			<start>0</start>
			<end>0</end>
		</port_tx_errors>
		<port_rx_dropped>
			<start>0</start>
			<end>0</end>
		</port_rx_dropped>
		<port_tx_dropped_link_down>
			<start>3877</start>
			<end>3877</end>
		</port_tx_dropped_link_down>
	</ethtool_statistic>
	<ip_statistic>
		<mtu>
			<start>9000</start>
			<end>9000</end>
		</mtu>
		<rx_bytes>
			<start>48280605058135</start>
			<end>48416221574859</end>
		</rx_bytes>
		<rx_packets>
			<start>5370652720</start>
			<end>5385738290</end>
		</rx_packets>
		<rx_errors>
			<start>0</start>
			<end>0</end>
		</rx_errors>
		<rx_dropped>
			<start>250</start>
			<end>250</end>
		</rx_dropped>
		<rx_missed>
			<start>0</start>
			<end>0</end>
		</rx_missed>
		<rx_mcast>
			<start>1703</start>
			<end>1721</end>
		</rx_mcast>
		<tx_bytes>
			<start>48229243685229</start>
			<end>48637039966797</end>
		</tx_bytes>
		<tx_packets>
			<start>6881370487</start>
			<end>6930424729</end>
		</tx_packets>
		<tx_errors>
			<start>0</start>
			<end>0</end>
		</tx_errors>
		<tx_dropped>
			<start>0</start>
			<end>0</end>
		</tx_dropped>
		<tx_carrier>
			<start>0</start>
			<end>0</end>
		</tx_carrier>
		<tx_collisions>
			<start>0</start>
			<end>0</end>
		</tx_collisions>
	</ip_statistic>
	<netstat_statistic>
		<udp_pkg_rec>
			<start>5086463207</start>
			<end>5100876724</end>
		</udp_pkg_rec>
		<udp_pkg_snt>
			<start>5039625970</start>
			<end>5053683594</end>
		</udp_pkg_snt>
		<udp_rec_err>
			<start>284769188</start>
			<end>285443390</end>
		</udp_rec_err>
		<udp_rec_buf_err>
			<start>284769188</start>
			<end>285443390</end>
		</udp_rec_buf_err>
		<udp_snt_buf_err>
			<start>0</start>
			<end>0</end>
		</udp_snt_buf_err>
	</netstat_statistic>
</test_results>
