<?xml version="1.0"?>
<test_results>
	<status>STATUS_SUCCESS</status>
	<custom>
		<num_loss>-1</num_loss>
		<num_total>-1</num_total>
		<num_misses>-1</num_misses>
		<elapsed_time>-1.000000</elapsed_time>
		<query />
	</custom>
	<ethtool_statistic>
		<rx_packets>
			<start>4571091530</start>
			<end>4589894644</end>
		</rx_packets>
		<tx_packets>
			<start>5366384557</start>
			<end>5384236653</end>
		</tx_packets>
		<rx_dropped>
			<start>349</start>
			<end>349</end>
		</rx_dropped>
		<tx_dropped>
			<start>0</start>
			<end>0</end>
		</tx_dropped>
		<collisions>
			<start>0</start>
			<end>0</end>
		</collisions>
		<port_tx_errors>
			<start>0</start>
			<end>0</end>
		</port_tx_errors>
		<port_rx_dropped>
			<start>0</start>
			<end>0</end>
		</port_rx_dropped>
		<port_tx_dropped_link_down>
			<start>0</start>
			<end>0</end>
		</port_tx_dropped_link_down>
	</ethtool_statistic>
	<ip_statistic>
		<mtu>
			<start>9000</start>
			<end>9000</end>
		</mtu>
		<rx_bytes>
			<start>15569215049593</start>
			<end>15667446531568</end>
		</rx_bytes>
		<rx_packets>
			<start>4571091703</start>
			<end>4589894916</end>
		</rx_packets>
		<rx_errors>
			<start>0</start>
			<end>0</end>
		</rx_errors>
		<rx_dropped>
			<start>349</start>
			<end>349</end>
		</rx_dropped>
		<rx_missed>
			<start>0</start>
			<end>0</end>
		</rx_missed>
		<rx_mcast>
			<start>2139</start>
			<end>2146</end>
		</rx_mcast>
		<tx_bytes>
			<start>17836984918753</start>
			<end>17897325696107</end>
		</tx_bytes>
		<tx_packets>
			<start>5366384794</start>
			<end>5384236718</end>
		</tx_packets>
		<tx_errors>
			<start>0</start>
			<end>0</end>
		</tx_errors>
		<tx_dropped>
			<start>0</start>
			<end>0</end>
		</tx_dropped>
		<tx_carrier>
			<start>0</start>
			<end>0</end>
		</tx_carrier>
		<tx_collisions>
			<start>0</start>
			<end>0</end>
		</tx_collisions>
	</ip_statistic>
	<netstat_statistic>
		<udp_pkg_rec>
			<start>4143703317</start>
			<end>4153502391</end>
		</udp_pkg_rec>
		<udp_pkg_snt>
			<start>5366386313</start>
			<end>5384238033</end>
		</udp_pkg_snt>
		<udp_rec_err>
			<start>349475766</start>
			<end>351107573</end>
		</udp_rec_err>
		<udp_rec_buf_err>
			<start>349475766</start>
			<end>351107573</end>
		</udp_rec_buf_err>
		<udp_snt_buf_err>
			<start>0</start>
			<end>0</end>
		</udp_snt_buf_err>
	</netstat_statistic>
</test_results>
