<?xml version="1.0"?>
<test_results>
	<status>STATUS_SUCCESS</status>
	<custom>
		<num_loss>4878966</num_loss>
		<num_total>5000001</num_total>
		<num_misses>110</num_misses>
		<elapsed_time>500.006230</elapsed_time>
		<query>
			<report>
				<misses>100000</misses>
				<total>94946</total>
				<timestamp>10.000390</timestamp>
			</report>
			<report>
				<misses>200000</misses>
				<total>194945</total>
				<timestamp>20.000673</timestamp>
			</report>
			<report>
				<misses>300000</misses>
				<total>278101</total>
				<timestamp>30.001855</timestamp>
			</report>
			<report>
				<misses>400000</misses>
				<total>378100</total>
				<timestamp>40.002668</timestamp>
			</report>
			<report>
				<misses>500000</misses>
				<total>478099</total>
				<timestamp>50.002605</timestamp>
			</report>
			<report>
				<misses>600000</misses>
				<total>575193</total>
				<timestamp>60.002802</timestamp>
			</report>
			<report>
				<misses>700000</misses>
				<total>675192</total>
				<timestamp>70.003954</timestamp>
			</report>
			<report>
				<misses>800000</misses>
				<total>775191</total>
				<timestamp>80.004056</timestamp>
			</report>
			<report>
				<misses>900000</misses>
				<total>865569</total>
				<timestamp>90.003994</timestamp>
			</report>
			<report>
				<misses>1000000</misses>
				<total>965568</total>
				<timestamp>100.003970</timestamp>
			</report>
			<report>
				<misses>1100000</misses>
				<total>1063064</total>
				<timestamp>110.003861</timestamp>
			</report>
			<report>
				<misses>1200000</misses>
				<total>1162619</total>
				<timestamp>120.003986</timestamp>
			</report>
			<report>
				<misses>1300000</misses>
				<total>1262618</total>
				<timestamp>130.004059</timestamp>
			</report>
			<report>
				<misses>1400000</misses>
				<total>1358270</total>
				<timestamp>140.004038</timestamp>
			</report>
			<report>
				<misses>1500000</misses>
				<total>1458269</total>
				<timestamp>150.003968</timestamp>
			</report>
			<report>
				<misses>1600000</misses>
				<total>1558268</total>
				<timestamp>160.004041</timestamp>
			</report>
			<report>
				<misses>1700000</misses>
				<total>1654150</total>
				<timestamp>170.004157</timestamp>
			</report>
			<report>
				<misses>1800000</misses>
				<total>1754149</total>
				<timestamp>180.004164</timestamp>
			</report>
			<report>
				<misses>1900000</misses>
				<total>1854148</total>
				<timestamp>190.004061</timestamp>
			</report>
			<report>
				<misses>2000000</misses>
				<total>1949548</total>
				<timestamp>200.004075</timestamp>
			</report>
			<report>
				<misses>2100000</misses>
				<total>2049547</total>
				<timestamp>210.003975</timestamp>
			</report>
			<report>
				<misses>2200000</misses>
				<total>2143620</total>
				<timestamp>220.003861</timestamp>
			</report>
			<report>
				<misses>2300000</misses>
				<total>2243619</total>
				<timestamp>230.004569</timestamp>
			</report>
			<report>
				<misses>2400000</misses>
				<total>2343618</total>
				<timestamp>240.004483</timestamp>
			</report>
			<report>
				<misses>2500000</misses>
				<total>2428311</total>
				<timestamp>250.004465</timestamp>
			</report>
			<report>
				<misses>2600000</misses>
				<total>2528310</total>
				<timestamp>260.004615</timestamp>
			</report>
			<report>
				<misses>2700000</misses>
				<total>2628309</total>
				<timestamp>270.004631</timestamp>
			</report>
			<report>
				<misses>2800000</misses>
				<total>2718837</total>
				<timestamp>280.004676</timestamp>
			</report>
			<report>
				<misses>2900000</misses>
				<total>2818836</total>
				<timestamp>290.004877</timestamp>
			</report>
			<report>
				<misses>3000000</misses>
				<total>2916353</total>
				<timestamp>300.004864</timestamp>
			</report>
			<report>
				<misses>3100000</misses>
				<total>3011519</total>
				<timestamp>310.004927</timestamp>
			</report>
			<report>
				<misses>3200000</misses>
				<total>3111518</total>
				<timestamp>320.005061</timestamp>
			</report>
			<report>
				<misses>3300000</misses>
				<total>3208038</total>
				<timestamp>330.005272</timestamp>
			</report>
			<report>
				<misses>3400000</misses>
				<total>3308037</total>
				<timestamp>340.005529</timestamp>
			</report>
			<report>
				<misses>3500000</misses>
				<total>3408036</total>
				<timestamp>350.005546</timestamp>
			</report>
			<report>
				<misses>3600000</misses>
				<total>3505544</total>
				<timestamp>360.005535</timestamp>
			</report>
			<report>
				<misses>3700000</misses>
				<total>3605543</total>
				<timestamp>370.005473</timestamp>
			</report>
			<report>
				<misses>3800000</misses>
				<total>3705542</total>
				<timestamp>380.005593</timestamp>
			</report>
			<report>
				<misses>3900000</misses>
				<total>3801129</total>
				<timestamp>390.005559</timestamp>
			</report>
			<report>
				<misses>4000000</misses>
				<total>3901128</total>
				<timestamp>400.005503</timestamp>
			</report>
			<report>
				<misses>4100000</misses>
				<total>3998619</total>
				<timestamp>410.005464</timestamp>
			</report>
			<report>
				<misses>4200000</misses>
				<total>4097839</total>
				<timestamp>420.005464</timestamp>
			</report>
			<report>
				<misses>4300000</misses>
				<total>4197838</total>
				<timestamp>430.005378</timestamp>
			</report>
			<report>
				<misses>4400000</misses>
				<total>4295479</total>
				<timestamp>440.005251</timestamp>
			</report>
			<report>
				<misses>4500000</misses>
				<total>4395478</total>
				<timestamp>450.005165</timestamp>
			</report>
			<report>
				<misses>4600000</misses>
				<total>4495477</total>
				<timestamp>460.005192</timestamp>
			</report>
			<report>
				<misses>4700000</misses>
				<total>4586390</total>
				<timestamp>470.005419</timestamp>
			</report>
			<report>
				<misses>4800000</misses>
				<total>4686389</total>
				<timestamp>480.005567</timestamp>
			</report>
			<report>
				<misses>4900000</misses>
				<total>4786308</total>
				<timestamp>490.005463</timestamp>
			</report>
			<report>
				<misses>5000000</misses>
				<total>4878966</total>
				<timestamp>500.006208</timestamp>
			</report>
		</query>
	</custom>
	<ethtool_statistic>
		<rx_packets>
			<start>3708686172</start>
			<end>3732196138</end>
		</rx_packets>
		<tx_packets>
			<start>4720693892</start>
			<end>4774800605</end>
		</tx_packets>
		<rx_dropped>
			<start>0</start>
			<end>0</end>
		</rx_dropped>
		<tx_dropped>
			<start>0</start>
			<end>0</end>
		</tx_dropped>
		<collisions>
			<start>0</start>
			<end>0</end>
		</collisions>
		<port_tx_errors>
			<start>0</start>
			<end>0</end>
		</port_tx_errors>
		<port_rx_dropped>
			<start>0</start>
			<end>0</end>
		</port_rx_dropped>
		<port_tx_dropped_link_down>
			<start>0</start>
			<end>0</end>
		</port_tx_dropped_link_down>
	</ethtool_statistic>
	<ip_statistic>
		<mtu>
			<start>9000</start>
			<end>9000</end>
		</mtu>
		<rx_bytes>
			<start>33339774188358</start>
			<end>33551123431931</end>
		</rx_bytes>
		<rx_packets>
			<start>3708686423</start>
			<end>3732196209</end>
		</rx_packets>
		<rx_errors>
			<start>0</start>
			<end>0</end>
		</rx_errors>
		<rx_dropped>
			<start>0</start>
			<end>0</end>
		</rx_dropped>
		<rx_missed>
			<start>0</start>
			<end>0</end>
		</rx_missed>
		<rx_mcast>
			<start>1045</start>
			<end>1052</end>
		</rx_mcast>
		<tx_bytes>
			<start>29770549039540</start>
			<end>30223766578676</end>
		</tx_bytes>
		<tx_packets>
			<start>4720693953</start>
			<end>4774800659</end>
		</tx_packets>
		<tx_errors>
			<start>0</start>
			<end>0</end>
		</tx_errors>
		<tx_dropped>
			<start>0</start>
			<end>0</end>
		</tx_dropped>
		<tx_carrier>
			<start>0</start>
			<end>0</end>
		</tx_carrier>
		<tx_collisions>
			<start>0</start>
			<end>0</end>
		</tx_collisions>
	</ip_statistic>
	<netstat_statistic>
		<udp_pkg_rec>
			<start>3503400705</start>
			<end>3526038142</end>
		</udp_pkg_rec>
		<udp_pkg_snt>
			<start>3896668515</start>
			<end>3915779509</end>
		</udp_pkg_snt>
		<udp_rec_err>
			<start>205682528</start>
			<end>206557250</end>
		</udp_rec_err>
		<udp_rec_buf_err>
			<start>205682528</start>
			<end>206557250</end>
		</udp_rec_buf_err>
		<udp_snt_buf_err>
			<start>0</start>
			<end>0</end>
		</udp_snt_buf_err>
	</netstat_statistic>
</test_results>
