<?xml version="1.0"?>
<test_results>
	<status>STATUS_SUCCESS</status>
	<custom>
		<num_loss>51</num_loss>
		<num_total>6500001</num_total>
		<num_misses>6719</num_misses>
		<elapsed_time>520.532493</elapsed_time>
		<query>
			<report>
				<misses>100000</misses>
				<total>1</total>
				<timestamp>8.010315</timestamp>
			</report>
			<report>
				<misses>200000</misses>
				<total>3</total>
				<timestamp>16.018653</timestamp>
			</report>
			<report>
				<misses>300000</misses>
				<total>5</total>
				<timestamp>24.026864</timestamp>
			</report>
			<report>
				<misses>400000</misses>
				<total>5</total>
				<timestamp>32.034572</timestamp>
			</report>
			<report>
				<misses>500000</misses>
				<total>5</total>
				<timestamp>40.042783</timestamp>
			</report>
			<report>
				<misses>600000</misses>
				<total>6</total>
				<timestamp>48.051583</timestamp>
			</report>
			<report>
				<misses>700000</misses>
				<total>5</total>
				<timestamp>56.058381</timestamp>
			</report>
			<report>
				<misses>800000</misses>
				<total>4</total>
				<timestamp>64.067365</timestamp>
			</report>
			<report>
				<misses>900000</misses>
				<total>7</total>
				<timestamp>72.076862</timestamp>
			</report>
			<report>
				<misses>1000000</misses>
				<total>7</total>
				<timestamp>80.083341</timestamp>
			</report>
			<report>
				<misses>1100000</misses>
				<total>9</total>
				<timestamp>88.090949</timestamp>
			</report>
			<report>
				<misses>1200000</misses>
				<total>10</total>
				<timestamp>96.099103</timestamp>
			</report>
			<report>
				<misses>1300000</misses>
				<total>10</total>
				<timestamp>104.107582</timestamp>
			</report>
			<report>
				<misses>1400000</misses>
				<total>11</total>
				<timestamp>112.115743</timestamp>
			</report>
			<report>
				<misses>1500000</misses>
				<total>10</total>
				<timestamp>120.126328</timestamp>
			</report>
			<report>
				<misses>1600000</misses>
				<total>11</total>
				<timestamp>128.135037</timestamp>
			</report>
			<report>
				<misses>1700000</misses>
				<total>12</total>
				<timestamp>136.143286</timestamp>
			</report>
			<report>
				<misses>1800000</misses>
				<total>13</total>
				<timestamp>144.152324</timestamp>
			</report>
			<report>
				<misses>1900000</misses>
				<total>13</total>
				<timestamp>152.159737</timestamp>
			</report>
			<report>
				<misses>2000000</misses>
				<total>13</total>
				<timestamp>160.167416</timestamp>
			</report>
			<report>
				<misses>2100000</misses>
				<total>13</total>
				<timestamp>168.174705</timestamp>
			</report>
			<report>
				<misses>2200000</misses>
				<total>13</total>
				<timestamp>176.182067</timestamp>
			</report>
			<report>
				<misses>2300000</misses>
				<total>13</total>
				<timestamp>184.187105</timestamp>
			</report>
			<report>
				<misses>2400000</misses>
				<total>14</total>
				<timestamp>192.196545</timestamp>
			</report>
			<report>
				<misses>2500000</misses>
				<total>18</total>
				<timestamp>200.203427</timestamp>
			</report>
			<report>
				<misses>2600000</misses>
				<total>19</total>
				<timestamp>208.210464</timestamp>
			</report>
			<report>
				<misses>2700000</misses>
				<total>19</total>
				<timestamp>216.217741</timestamp>
			</report>
			<report>
				<misses>2800000</misses>
				<total>21</total>
				<timestamp>224.224483</timestamp>
			</report>
			<report>
				<misses>2900000</misses>
				<total>20</total>
				<timestamp>232.236380</timestamp>
			</report>
			<report>
				<misses>3000000</misses>
				<total>21</total>
				<timestamp>240.244626</timestamp>
			</report>
			<report>
				<misses>3100000</misses>
				<total>22</total>
				<timestamp>248.252459</timestamp>
			</report>
			<report>
				<misses>3200000</misses>
				<total>22</total>
				<timestamp>256.262565</timestamp>
			</report>
			<report>
				<misses>3300000</misses>
				<total>24</total>
				<timestamp>264.269583</timestamp>
			</report>
			<report>
				<misses>3400000</misses>
				<total>25</total>
				<timestamp>272.278319</timestamp>
			</report>
			<report>
				<misses>3500000</misses>
				<total>24</total>
				<timestamp>280.285427</timestamp>
			</report>
			<report>
				<misses>3600000</misses>
				<total>24</total>
				<timestamp>288.293665</timestamp>
			</report>
			<report>
				<misses>3700000</misses>
				<total>27</total>
				<timestamp>296.301304</timestamp>
			</report>
			<report>
				<misses>3800000</misses>
				<total>30</total>
				<timestamp>304.310628</timestamp>
			</report>
			<report>
				<misses>3900000</misses>
				<total>30</total>
				<timestamp>312.321511</timestamp>
			</report>
			<report>
				<misses>4000000</misses>
				<total>30</total>
				<timestamp>320.332060</timestamp>
			</report>
			<report>
				<misses>4100000</misses>
				<total>33</total>
				<timestamp>328.339833</timestamp>
			</report>
			<report>
				<misses>4200000</misses>
				<total>35</total>
				<timestamp>336.348538</timestamp>
			</report>
			<report>
				<misses>4300000</misses>
				<total>34</total>
				<timestamp>344.356824</timestamp>
			</report>
			<report>
				<misses>4400000</misses>
				<total>35</total>
				<timestamp>352.364085</timestamp>
			</report>
			<report>
				<misses>4500000</misses>
				<total>36</total>
				<timestamp>360.372781</timestamp>
			</report>
			<report>
				<misses>4600000</misses>
				<total>38</total>
				<timestamp>368.377992</timestamp>
			</report>
			<report>
				<misses>4700000</misses>
				<total>38</total>
				<timestamp>376.388321</timestamp>
			</report>
			<report>
				<misses>4800000</misses>
				<total>38</total>
				<timestamp>384.395832</timestamp>
			</report>
			<report>
				<misses>4900000</misses>
				<total>38</total>
				<timestamp>392.403736</timestamp>
			</report>
			<report>
				<misses>5000000</misses>
				<total>38</total>
				<timestamp>400.415588</timestamp>
			</report>
			<report>
				<misses>5100000</misses>
				<total>38</total>
				<timestamp>408.422543</timestamp>
			</report>
			<report>
				<misses>5200000</misses>
				<total>39</total>
				<timestamp>416.428946</timestamp>
			</report>
			<report>
				<misses>5300000</misses>
				<total>39</total>
				<timestamp>424.438303</timestamp>
			</report>
			<report>
				<misses>5400000</misses>
				<total>41</total>
				<timestamp>432.446226</timestamp>
			</report>
			<report>
				<misses>5500000</misses>
				<total>41</total>
				<timestamp>440.453903</timestamp>
			</report>
			<report>
				<misses>5600000</misses>
				<total>43</total>
				<timestamp>448.460552</timestamp>
			</report>
			<report>
				<misses>5700000</misses>
				<total>43</total>
				<timestamp>456.470160</timestamp>
			</report>
			<report>
				<misses>5800000</misses>
				<total>45</total>
				<timestamp>464.480551</timestamp>
			</report>
			<report>
				<misses>5900000</misses>
				<total>46</total>
				<timestamp>472.488046</timestamp>
			</report>
			<report>
				<misses>6000000</misses>
				<total>47</total>
				<timestamp>480.494452</timestamp>
			</report>
			<report>
				<misses>6100000</misses>
				<total>47</total>
				<timestamp>488.501904</timestamp>
			</report>
			<report>
				<misses>6200000</misses>
				<total>47</total>
				<timestamp>496.509101</timestamp>
			</report>
			<report>
				<misses>6300000</misses>
				<total>47</total>
				<timestamp>504.515741</timestamp>
			</report>
			<report>
				<misses>6400000</misses>
				<total>48</total>
				<timestamp>512.524013</timestamp>
			</report>
			<report>
				<misses>6500000</misses>
				<total>52</total>
				<timestamp>520.532466</timestamp>
			</report>
		</query>
	</custom>
	<ethtool_statistic>
		<rx_packets>
			<start>16885</start>
			<end>16986</end>
		</rx_packets>
		<tx_packets>
			<start>4448834711</start>
			<end>4734831996</end>
		</tx_packets>
		<rx_dropped>
			<start>0</start>
			<end>0</end>
		</rx_dropped>
		<tx_dropped>
			<start>0</start>
			<end>0</end>
		</tx_dropped>
		<collisions>
			<start>0</start>
			<end>0</end>
		</collisions>
		<port_tx_errors>
			<start>0</start>
			<end>0</end>
		</port_tx_errors>
		<port_rx_dropped>
			<start>0</start>
			<end>0</end>
		</port_rx_dropped>
		<port_tx_dropped_link_down>
			<start>0</start>
			<end>0</end>
		</port_tx_dropped_link_down>
	</ethtool_statistic>
	<ip_statistic>
		<mtu>
			<start>1500</start>
			<end>1500</end>
		</mtu>
		<rx_bytes>
			<start>1081142</start>
			<end>1087202</end>
		</rx_bytes>
		<rx_packets>
			<start>16885</start>
			<end>16986</end>
		</rx_packets>
		<rx_errors>
			<start>0</start>
			<end>0</end>
		</rx_errors>
		<rx_dropped>
			<start>0</start>
			<end>0</end>
		</rx_dropped>
		<rx_missed>
			<start>0</start>
			<end>0</end>
		</rx_missed>
		<rx_mcast>
			<start>1863</start>
			<end>1863</end>
		</rx_mcast>
		<tx_bytes>
			<start>4830416361354</start>
			<end>5262688109604</end>
		</tx_bytes>
		<tx_packets>
			<start>4448834711</start>
			<end>4734831996</end>
		</tx_packets>
		<tx_errors>
			<start>0</start>
			<end>0</end>
		</tx_errors>
		<tx_dropped>
			<start>0</start>
			<end>0</end>
		</tx_dropped>
		<tx_carrier>
			<start>0</start>
			<end>0</end>
		</tx_carrier>
		<tx_collisions>
			<start>0</start>
			<end>0</end>
		</tx_collisions>
	</ip_statistic>
	<netstat_statistic>
		<udp_pkg_rec>
			<start>1061445115</start>
			<end>1093249987</end>
		</udp_pkg_rec>
		<udp_pkg_snt>
			<start>2573630543</start>
			<end>2616215907</end>
		</udp_pkg_snt>
		<udp_rec_err>
			<start>172020108</start>
			<end>176093390</end>
		</udp_rec_err>
		<udp_rec_buf_err>
			<start>172020108</start>
			<end>176093390</end>
		</udp_rec_buf_err>
		<udp_snt_buf_err>
			<start>0</start>
			<end>0</end>
		</udp_snt_buf_err>
	</netstat_statistic>
</test_results>
