<?xml version="1.0"?>
<test_results>
	<status>STATUS_SUCCESS</status>
	<custom>
		<num_loss>4130</num_loss>
		<num_total>1000001</num_total>
		<num_misses>10</num_misses>
		<elapsed_time>160.001657</elapsed_time>
		<query />
	</custom>
	<ethtool_statistic>
		<rx_packets>
			<start>3803358670</start>
			<end>3816532266</end>
		</rx_packets>
		<tx_packets>
			<start>6274231223</start>
			<end>6299171819</end>
		</tx_packets>
		<rx_dropped>
			<start>0</start>
			<end>0</end>
		</rx_dropped>
		<tx_dropped>
			<start>0</start>
			<end>0</end>
		</tx_dropped>
		<collisions>
			<start>0</start>
			<end>0</end>
		</collisions>
		<port_tx_errors>
			<start>0</start>
			<end>0</end>
		</port_tx_errors>
		<port_rx_dropped>
			<start>0</start>
			<end>0</end>
		</port_rx_dropped>
		<port_tx_dropped_link_down>
			<start>0</start>
			<end>0</end>
		</port_tx_dropped_link_down>
	</ethtool_statistic>
	<ip_statistic>
		<mtu>
			<start>9000</start>
			<end>9000</end>
		</mtu>
		<rx_bytes>
			<start>15547666135218</start>
			<end>15601872052895</end>
		</rx_bytes>
		<rx_packets>
			<start>3803358780</start>
			<end>3816532345</end>
		</rx_packets>
		<rx_errors>
			<start>0</start>
			<end>0</end>
		</rx_errors>
		<rx_dropped>
			<start>0</start>
			<end>0</end>
		</rx_dropped>
		<rx_missed>
			<start>0</start>
			<end>0</end>
		</rx_missed>
		<rx_mcast>
			<start>2253</start>
			<end>2254</end>
		</rx_mcast>
		<tx_bytes>
			<start>18189656228453</start>
			<end>18297463243799</end>
		</tx_bytes>
		<tx_packets>
			<start>6274231636</start>
			<end>6299171938</end>
		</tx_packets>
		<tx_errors>
			<start>0</start>
			<end>0</end>
		</tx_errors>
		<tx_dropped>
			<start>0</start>
			<end>0</end>
		</tx_dropped>
		<tx_carrier>
			<start>0</start>
			<end>0</end>
		</tx_carrier>
		<tx_collisions>
			<start>0</start>
			<end>0</end>
		</tx_collisions>
	</ip_statistic>
	<netstat_statistic>
		<udp_pkg_rec>
			<start>3193204300</start>
			<end>3204714771</end>
		</udp_pkg_rec>
		<udp_pkg_snt>
			<start>6197738194</start>
			<end>6215679208</end>
		</udp_pkg_snt>
		<udp_rec_err>
			<start>610842889</start>
			<end>612506853</end>
		</udp_rec_err>
		<udp_rec_buf_err>
			<start>610842889</start>
			<end>612506853</end>
		</udp_rec_buf_err>
		<udp_snt_buf_err>
			<start>0</start>
			<end>0</end>
		</udp_snt_buf_err>
	</netstat_statistic>
</test_results>
