<?xml version="1.0"?>
<test_results>
	<status>STATUS_SUCCESS</status>
	<custom>
		<num_loss>367</num_loss>
		<num_total>23838749</num_total>
		<num_misses>96145488</num_misses>
		<elapsed_time>299.960000</elapsed_time>
		<query>
			<report>
				<misses>100001</misses>
				<total>0</total>
				<timestamp>1.026754</timestamp>
			</report>
			<report>
				<misses>200001</misses>
				<total>0</total>
				<timestamp>2.105297</timestamp>
			</report>
			<report>
				<misses>300001</misses>
				<total>0</total>
				<timestamp>3.313424</timestamp>
			</report>
			<report>
				<misses>400001</misses>
				<total>0</total>
				<timestamp>4.537748</timestamp>
			</report>
			<report>
				<misses>500001</misses>
				<total>0</total>
				<timestamp>5.755220</timestamp>
			</report>
			<report>
				<misses>600001</misses>
				<total>0</total>
				<timestamp>6.982001</timestamp>
			</report>
			<report>
				<misses>700001</misses>
				<total>0</total>
				<timestamp>8.215119</timestamp>
			</report>
			<report>
				<misses>800001</misses>
				<total>0</total>
				<timestamp>9.496586</timestamp>
			</report>
			<report>
				<misses>900001</misses>
				<total>0</total>
				<timestamp>10.779984</timestamp>
			</report>
			<report>
				<misses>1000001</misses>
				<total>0</total>
				<timestamp>12.075422</timestamp>
			</report>
			<report>
				<misses>1100001</misses>
				<total>54</total>
				<timestamp>13.378063</timestamp>
			</report>
			<report>
				<misses>1200001</misses>
				<total>54</total>
				<timestamp>14.664217</timestamp>
			</report>
			<report>
				<misses>1300001</misses>
				<total>54</total>
				<timestamp>15.958656</timestamp>
			</report>
			<report>
				<misses>1400001</misses>
				<total>54</total>
				<timestamp>17.247090</timestamp>
			</report>
			<report>
				<misses>1500001</misses>
				<total>54</total>
				<timestamp>18.529656</timestamp>
			</report>
			<report>
				<misses>1600001</misses>
				<total>54</total>
				<timestamp>19.811747</timestamp>
			</report>
			<report>
				<misses>1700001</misses>
				<total>54</total>
				<timestamp>21.102486</timestamp>
			</report>
			<report>
				<misses>1800001</misses>
				<total>54</total>
				<timestamp>22.409786</timestamp>
			</report>
			<report>
				<misses>1900001</misses>
				<total>54</total>
				<timestamp>23.705646</timestamp>
			</report>
			<report>
				<misses>2000001</misses>
				<total>54</total>
				<timestamp>25.005654</timestamp>
			</report>
			<report>
				<misses>2100001</misses>
				<total>54</total>
				<timestamp>26.295740</timestamp>
			</report>
			<report>
				<misses>2200001</misses>
				<total>54</total>
				<timestamp>27.581139</timestamp>
			</report>
			<report>
				<misses>2300001</misses>
				<total>54</total>
				<timestamp>28.856095</timestamp>
			</report>
			<report>
				<misses>2400001</misses>
				<total>54</total>
				<timestamp>30.130937</timestamp>
			</report>
			<report>
				<misses>2500001</misses>
				<total>54</total>
				<timestamp>31.419509</timestamp>
			</report>
			<report>
				<misses>2600001</misses>
				<total>54</total>
				<timestamp>32.710866</timestamp>
			</report>
			<report>
				<misses>2700001</misses>
				<total>54</total>
				<timestamp>33.993306</timestamp>
			</report>
			<report>
				<misses>2800001</misses>
				<total>54</total>
				<timestamp>35.265935</timestamp>
			</report>
			<report>
				<misses>2900001</misses>
				<total>54</total>
				<timestamp>36.523941</timestamp>
			</report>
			<report>
				<misses>3000001</misses>
				<total>54</total>
				<timestamp>37.806100</timestamp>
			</report>
			<report>
				<misses>3100001</misses>
				<total>54</total>
				<timestamp>39.080427</timestamp>
			</report>
			<report>
				<misses>3200001</misses>
				<total>54</total>
				<timestamp>40.336895</timestamp>
			</report>
			<report>
				<misses>3300001</misses>
				<total>54</total>
				<timestamp>41.595155</timestamp>
			</report>
			<report>
				<misses>3400001</misses>
				<total>54</total>
				<timestamp>42.851645</timestamp>
			</report>
			<report>
				<misses>3500001</misses>
				<total>54</total>
				<timestamp>44.119587</timestamp>
			</report>
			<report>
				<misses>3600001</misses>
				<total>54</total>
				<timestamp>45.380884</timestamp>
			</report>
			<report>
				<misses>3700001</misses>
				<total>54</total>
				<timestamp>46.642633</timestamp>
			</report>
			<report>
				<misses>3800001</misses>
				<total>54</total>
				<timestamp>47.897914</timestamp>
			</report>
			<report>
				<misses>3900001</misses>
				<total>54</total>
				<timestamp>49.149068</timestamp>
			</report>
			<report>
				<misses>4000001</misses>
				<total>54</total>
				<timestamp>50.399718</timestamp>
			</report>
			<report>
				<misses>4100001</misses>
				<total>54</total>
				<timestamp>51.648492</timestamp>
			</report>
			<report>
				<misses>4200001</misses>
				<total>54</total>
				<timestamp>52.903587</timestamp>
			</report>
			<report>
				<misses>4300001</misses>
				<total>54</total>
				<timestamp>54.140708</timestamp>
			</report>
			<report>
				<misses>4400001</misses>
				<total>54</total>
				<timestamp>55.390923</timestamp>
			</report>
			<report>
				<misses>4500001</misses>
				<total>54</total>
				<timestamp>56.643844</timestamp>
			</report>
			<report>
				<misses>4600001</misses>
				<total>54</total>
				<timestamp>57.886656</timestamp>
			</report>
			<report>
				<misses>4700001</misses>
				<total>54</total>
				<timestamp>59.143944</timestamp>
			</report>
			<report>
				<misses>4800001</misses>
				<total>54</total>
				<timestamp>60.396841</timestamp>
			</report>
			<report>
				<misses>4900001</misses>
				<total>54</total>
				<timestamp>61.651756</timestamp>
			</report>
			<report>
				<misses>5000001</misses>
				<total>54</total>
				<timestamp>62.899298</timestamp>
			</report>
			<report>
				<misses>5100001</misses>
				<total>54</total>
				<timestamp>64.148522</timestamp>
			</report>
			<report>
				<misses>5200001</misses>
				<total>54</total>
				<timestamp>65.404292</timestamp>
			</report>
			<report>
				<misses>5300001</misses>
				<total>54</total>
				<timestamp>66.665162</timestamp>
			</report>
			<report>
				<misses>5400001</misses>
				<total>54</total>
				<timestamp>67.920934</timestamp>
			</report>
			<report>
				<misses>5500001</misses>
				<total>54</total>
				<timestamp>69.168558</timestamp>
			</report>
			<report>
				<misses>5600001</misses>
				<total>54</total>
				<timestamp>70.421313</timestamp>
			</report>
			<report>
				<misses>5700001</misses>
				<total>54</total>
				<timestamp>71.663939</timestamp>
			</report>
			<report>
				<misses>5800001</misses>
				<total>54</total>
				<timestamp>72.918245</timestamp>
			</report>
			<report>
				<misses>5900001</misses>
				<total>105</total>
				<timestamp>74.176747</timestamp>
			</report>
			<report>
				<misses>6000001</misses>
				<total>105</total>
				<timestamp>75.440307</timestamp>
			</report>
			<report>
				<misses>6100001</misses>
				<total>105</total>
				<timestamp>76.697871</timestamp>
			</report>
			<report>
				<misses>6200001</misses>
				<total>105</total>
				<timestamp>77.955149</timestamp>
			</report>
			<report>
				<misses>6300001</misses>
				<total>105</total>
				<timestamp>79.202537</timestamp>
			</report>
			<report>
				<misses>6400001</misses>
				<total>105</total>
				<timestamp>80.460211</timestamp>
			</report>
			<report>
				<misses>6500001</misses>
				<total>105</total>
				<timestamp>81.713010</timestamp>
			</report>
			<report>
				<misses>6600001</misses>
				<total>105</total>
				<timestamp>82.968013</timestamp>
			</report>
			<report>
				<misses>6700001</misses>
				<total>105</total>
				<timestamp>84.214873</timestamp>
			</report>
			<report>
				<misses>6800001</misses>
				<total>105</total>
				<timestamp>85.461113</timestamp>
			</report>
			<report>
				<misses>6900001</misses>
				<total>105</total>
				<timestamp>86.723602</timestamp>
			</report>
			<report>
				<misses>7000001</misses>
				<total>105</total>
				<timestamp>87.979503</timestamp>
			</report>
			<report>
				<misses>7100001</misses>
				<total>105</total>
				<timestamp>89.243095</timestamp>
			</report>
			<report>
				<misses>7200001</misses>
				<total>105</total>
				<timestamp>90.497748</timestamp>
			</report>
			<report>
				<misses>7300001</misses>
				<total>105</total>
				<timestamp>91.751108</timestamp>
			</report>
			<report>
				<misses>7400001</misses>
				<total>105</total>
				<timestamp>93.004783</timestamp>
			</report>
			<report>
				<misses>7500001</misses>
				<total>105</total>
				<timestamp>94.263605</timestamp>
			</report>
			<report>
				<misses>7600001</misses>
				<total>105</total>
				<timestamp>95.501726</timestamp>
			</report>
			<report>
				<misses>7700001</misses>
				<total>105</total>
				<timestamp>96.759045</timestamp>
			</report>
			<report>
				<misses>7800001</misses>
				<total>105</total>
				<timestamp>98.009355</timestamp>
			</report>
			<report>
				<misses>7900001</misses>
				<total>105</total>
				<timestamp>99.258912</timestamp>
			</report>
			<report>
				<misses>8000001</misses>
				<total>105</total>
				<timestamp>100.507569</timestamp>
			</report>
			<report>
				<misses>8100001</misses>
				<total>105</total>
				<timestamp>101.763012</timestamp>
			</report>
			<report>
				<misses>8200001</misses>
				<total>105</total>
				<timestamp>103.014006</timestamp>
			</report>
			<report>
				<misses>8300001</misses>
				<total>105</total>
				<timestamp>104.274950</timestamp>
			</report>
			<report>
				<misses>8400001</misses>
				<total>105</total>
				<timestamp>105.538151</timestamp>
			</report>
			<report>
				<misses>8500001</misses>
				<total>105</total>
				<timestamp>106.797157</timestamp>
			</report>
			<report>
				<misses>8600001</misses>
				<total>105</total>
				<timestamp>108.060259</timestamp>
			</report>
			<report>
				<misses>8700001</misses>
				<total>105</total>
				<timestamp>109.318252</timestamp>
			</report>
			<report>
				<misses>8800001</misses>
				<total>105</total>
				<timestamp>110.566265</timestamp>
			</report>
			<report>
				<misses>8900001</misses>
				<total>105</total>
				<timestamp>111.818347</timestamp>
			</report>
			<report>
				<misses>9000001</misses>
				<total>105</total>
				<timestamp>113.072935</timestamp>
			</report>
			<report>
				<misses>9100001</misses>
				<total>105</total>
				<timestamp>114.339184</timestamp>
			</report>
			<report>
				<misses>9200001</misses>
				<total>105</total>
				<timestamp>115.608139</timestamp>
			</report>
			<report>
				<misses>9300001</misses>
				<total>105</total>
				<timestamp>116.866163</timestamp>
			</report>
			<report>
				<misses>9400001</misses>
				<total>105</total>
				<timestamp>118.130974</timestamp>
			</report>
			<report>
				<misses>9500001</misses>
				<total>105</total>
				<timestamp>119.394431</timestamp>
			</report>
			<report>
				<misses>9600001</misses>
				<total>105</total>
				<timestamp>120.662786</timestamp>
			</report>
			<report>
				<misses>9700001</misses>
				<total>105</total>
				<timestamp>121.926212</timestamp>
			</report>
			<report>
				<misses>9800001</misses>
				<total>105</total>
				<timestamp>123.185300</timestamp>
			</report>
			<report>
				<misses>9900001</misses>
				<total>105</total>
				<timestamp>124.448967</timestamp>
			</report>
			<report>
				<misses>10000001</misses>
				<total>105</total>
				<timestamp>125.705041</timestamp>
			</report>
			<report>
				<misses>10100001</misses>
				<total>105</total>
				<timestamp>126.950464</timestamp>
			</report>
			<report>
				<misses>10200001</misses>
				<total>105</total>
				<timestamp>128.196510</timestamp>
			</report>
			<report>
				<misses>10300001</misses>
				<total>105</total>
				<timestamp>129.457813</timestamp>
			</report>
			<report>
				<misses>10400001</misses>
				<total>105</total>
				<timestamp>130.716795</timestamp>
			</report>
			<report>
				<misses>10500001</misses>
				<total>105</total>
				<timestamp>131.977983</timestamp>
			</report>
			<report>
				<misses>10600001</misses>
				<total>193</total>
				<timestamp>133.237089</timestamp>
			</report>
			<report>
				<misses>10700001</misses>
				<total>193</total>
				<timestamp>134.499981</timestamp>
			</report>
			<report>
				<misses>10800001</misses>
				<total>193</total>
				<timestamp>135.760021</timestamp>
			</report>
			<report>
				<misses>10900001</misses>
				<total>193</total>
				<timestamp>137.034752</timestamp>
			</report>
			<report>
				<misses>11000001</misses>
				<total>193</total>
				<timestamp>138.289159</timestamp>
			</report>
			<report>
				<misses>11100001</misses>
				<total>193</total>
				<timestamp>139.548584</timestamp>
			</report>
			<report>
				<misses>11200001</misses>
				<total>193</total>
				<timestamp>140.791847</timestamp>
			</report>
			<report>
				<misses>11300001</misses>
				<total>193</total>
				<timestamp>142.035587</timestamp>
			</report>
			<report>
				<misses>11400001</misses>
				<total>193</total>
				<timestamp>143.292156</timestamp>
			</report>
			<report>
				<misses>11500001</misses>
				<total>193</total>
				<timestamp>144.548466</timestamp>
			</report>
			<report>
				<misses>11600001</misses>
				<total>193</total>
				<timestamp>145.813624</timestamp>
			</report>
			<report>
				<misses>11700001</misses>
				<total>193</total>
				<timestamp>147.068891</timestamp>
			</report>
			<report>
				<misses>11800001</misses>
				<total>193</total>
				<timestamp>148.321248</timestamp>
			</report>
			<report>
				<misses>11900001</misses>
				<total>193</total>
				<timestamp>149.573157</timestamp>
			</report>
			<report>
				<misses>12000001</misses>
				<total>193</total>
				<timestamp>150.832000</timestamp>
			</report>
			<report>
				<misses>12100001</misses>
				<total>193</total>
				<timestamp>152.078859</timestamp>
			</report>
			<report>
				<misses>12200001</misses>
				<total>193</total>
				<timestamp>153.346774</timestamp>
			</report>
			<report>
				<misses>12300001</misses>
				<total>193</total>
				<timestamp>154.604738</timestamp>
			</report>
			<report>
				<misses>12400001</misses>
				<total>193</total>
				<timestamp>155.864991</timestamp>
			</report>
			<report>
				<misses>12500001</misses>
				<total>193</total>
				<timestamp>157.128065</timestamp>
			</report>
			<report>
				<misses>12600001</misses>
				<total>193</total>
				<timestamp>158.379276</timestamp>
			</report>
			<report>
				<misses>12700001</misses>
				<total>193</total>
				<timestamp>159.646073</timestamp>
			</report>
			<report>
				<misses>12800001</misses>
				<total>193</total>
				<timestamp>160.910954</timestamp>
			</report>
			<report>
				<misses>12900001</misses>
				<total>193</total>
				<timestamp>162.170740</timestamp>
			</report>
			<report>
				<misses>13000001</misses>
				<total>193</total>
				<timestamp>163.437250</timestamp>
			</report>
			<report>
				<misses>13100001</misses>
				<total>193</total>
				<timestamp>164.699497</timestamp>
			</report>
			<report>
				<misses>13200001</misses>
				<total>193</total>
				<timestamp>165.966573</timestamp>
			</report>
			<report>
				<misses>13300001</misses>
				<total>193</total>
				<timestamp>167.238803</timestamp>
			</report>
			<report>
				<misses>13400001</misses>
				<total>193</total>
				<timestamp>168.495023</timestamp>
			</report>
			<report>
				<misses>13500001</misses>
				<total>193</total>
				<timestamp>169.755350</timestamp>
			</report>
			<report>
				<misses>13600001</misses>
				<total>193</total>
				<timestamp>171.018030</timestamp>
			</report>
			<report>
				<misses>13700001</misses>
				<total>193</total>
				<timestamp>172.284925</timestamp>
			</report>
			<report>
				<misses>13800001</misses>
				<total>193</total>
				<timestamp>173.545646</timestamp>
			</report>
			<report>
				<misses>13900001</misses>
				<total>193</total>
				<timestamp>174.800469</timestamp>
			</report>
			<report>
				<misses>14000001</misses>
				<total>193</total>
				<timestamp>176.058743</timestamp>
			</report>
			<report>
				<misses>14100001</misses>
				<total>193</total>
				<timestamp>177.320339</timestamp>
			</report>
			<report>
				<misses>14200001</misses>
				<total>193</total>
				<timestamp>178.579633</timestamp>
			</report>
			<report>
				<misses>14300001</misses>
				<total>193</total>
				<timestamp>179.834756</timestamp>
			</report>
			<report>
				<misses>14400001</misses>
				<total>193</total>
				<timestamp>181.098324</timestamp>
			</report>
			<report>
				<misses>14500001</misses>
				<total>193</total>
				<timestamp>182.351808</timestamp>
			</report>
			<report>
				<misses>14600001</misses>
				<total>193</total>
				<timestamp>183.616337</timestamp>
			</report>
			<report>
				<misses>14700001</misses>
				<total>193</total>
				<timestamp>184.894510</timestamp>
			</report>
			<report>
				<misses>14800001</misses>
				<total>193</total>
				<timestamp>186.144310</timestamp>
			</report>
			<report>
				<misses>14900001</misses>
				<total>193</total>
				<timestamp>187.400870</timestamp>
			</report>
			<report>
				<misses>15000001</misses>
				<total>193</total>
				<timestamp>188.651524</timestamp>
			</report>
			<report>
				<misses>15100001</misses>
				<total>193</total>
				<timestamp>189.904983</timestamp>
			</report>
			<report>
				<misses>15200001</misses>
				<total>193</total>
				<timestamp>191.164730</timestamp>
			</report>
			<report>
				<misses>15300001</misses>
				<total>193</total>
				<timestamp>192.416821</timestamp>
			</report>
			<report>
				<misses>15400001</misses>
				<total>302</total>
				<timestamp>193.689836</timestamp>
			</report>
			<report>
				<misses>15500001</misses>
				<total>302</total>
				<timestamp>194.956068</timestamp>
			</report>
			<report>
				<misses>15600001</misses>
				<total>302</total>
				<timestamp>196.217622</timestamp>
			</report>
			<report>
				<misses>15700001</misses>
				<total>302</total>
				<timestamp>197.489349</timestamp>
			</report>
			<report>
				<misses>15800001</misses>
				<total>302</total>
				<timestamp>198.758592</timestamp>
			</report>
			<report>
				<misses>15900001</misses>
				<total>302</total>
				<timestamp>200.013143</timestamp>
			</report>
			<report>
				<misses>16000001</misses>
				<total>302</total>
				<timestamp>201.268105</timestamp>
			</report>
			<report>
				<misses>16100001</misses>
				<total>302</total>
				<timestamp>202.523093</timestamp>
			</report>
			<report>
				<misses>16200001</misses>
				<total>302</total>
				<timestamp>203.792210</timestamp>
			</report>
			<report>
				<misses>16300001</misses>
				<total>302</total>
				<timestamp>205.062439</timestamp>
			</report>
			<report>
				<misses>16400001</misses>
				<total>302</total>
				<timestamp>206.318001</timestamp>
			</report>
			<report>
				<misses>16500001</misses>
				<total>302</total>
				<timestamp>207.574812</timestamp>
			</report>
			<report>
				<misses>16600001</misses>
				<total>302</total>
				<timestamp>208.837887</timestamp>
			</report>
			<report>
				<misses>16700001</misses>
				<total>302</total>
				<timestamp>210.097737</timestamp>
			</report>
			<report>
				<misses>16800001</misses>
				<total>302</total>
				<timestamp>211.347109</timestamp>
			</report>
			<report>
				<misses>16900001</misses>
				<total>302</total>
				<timestamp>212.600416</timestamp>
			</report>
			<report>
				<misses>17000001</misses>
				<total>302</total>
				<timestamp>213.854509</timestamp>
			</report>
			<report>
				<misses>17100001</misses>
				<total>302</total>
				<timestamp>215.123814</timestamp>
			</report>
			<report>
				<misses>17200001</misses>
				<total>302</total>
				<timestamp>216.360868</timestamp>
			</report>
			<report>
				<misses>17300001</misses>
				<total>302</total>
				<timestamp>217.617294</timestamp>
			</report>
			<report>
				<misses>17400001</misses>
				<total>302</total>
				<timestamp>218.872934</timestamp>
			</report>
			<report>
				<misses>17500001</misses>
				<total>302</total>
				<timestamp>220.128887</timestamp>
			</report>
			<report>
				<misses>17600001</misses>
				<total>302</total>
				<timestamp>221.379971</timestamp>
			</report>
			<report>
				<misses>17700001</misses>
				<total>302</total>
				<timestamp>222.632221</timestamp>
			</report>
			<report>
				<misses>17800001</misses>
				<total>302</total>
				<timestamp>223.890855</timestamp>
			</report>
			<report>
				<misses>17900001</misses>
				<total>302</total>
				<timestamp>225.141234</timestamp>
			</report>
			<report>
				<misses>18000001</misses>
				<total>302</total>
				<timestamp>226.404241</timestamp>
			</report>
			<report>
				<misses>18100001</misses>
				<total>302</total>
				<timestamp>227.662043</timestamp>
			</report>
			<report>
				<misses>18200001</misses>
				<total>302</total>
				<timestamp>228.915579</timestamp>
			</report>
			<report>
				<misses>18300001</misses>
				<total>302</total>
				<timestamp>230.189918</timestamp>
			</report>
			<report>
				<misses>18400001</misses>
				<total>302</total>
				<timestamp>231.475211</timestamp>
			</report>
			<report>
				<misses>18500001</misses>
				<total>302</total>
				<timestamp>232.750491</timestamp>
			</report>
			<report>
				<misses>18600001</misses>
				<total>302</total>
				<timestamp>234.026556</timestamp>
			</report>
			<report>
				<misses>18700001</misses>
				<total>302</total>
				<timestamp>235.314514</timestamp>
			</report>
			<report>
				<misses>18800001</misses>
				<total>302</total>
				<timestamp>236.583945</timestamp>
			</report>
			<report>
				<misses>18900001</misses>
				<total>302</total>
				<timestamp>237.842094</timestamp>
			</report>
			<report>
				<misses>19000001</misses>
				<total>302</total>
				<timestamp>239.095617</timestamp>
			</report>
			<report>
				<misses>19100001</misses>
				<total>302</total>
				<timestamp>240.352921</timestamp>
			</report>
			<report>
				<misses>19200001</misses>
				<total>302</total>
				<timestamp>241.610057</timestamp>
			</report>
			<report>
				<misses>19300001</misses>
				<total>302</total>
				<timestamp>242.875397</timestamp>
			</report>
			<report>
				<misses>19400001</misses>
				<total>302</total>
				<timestamp>244.136180</timestamp>
			</report>
			<report>
				<misses>19500001</misses>
				<total>302</total>
				<timestamp>245.393928</timestamp>
			</report>
			<report>
				<misses>19600001</misses>
				<total>302</total>
				<timestamp>246.667994</timestamp>
			</report>
			<report>
				<misses>19700001</misses>
				<total>302</total>
				<timestamp>247.928183</timestamp>
			</report>
			<report>
				<misses>19800001</misses>
				<total>302</total>
				<timestamp>249.182655</timestamp>
			</report>
			<report>
				<misses>19900001</misses>
				<total>302</total>
				<timestamp>250.431499</timestamp>
			</report>
			<report>
				<misses>20000001</misses>
				<total>302</total>
				<timestamp>251.688271</timestamp>
			</report>
			<report>
				<misses>20100001</misses>
				<total>302</total>
				<timestamp>252.938152</timestamp>
			</report>
			<report>
				<misses>20200001</misses>
				<total>367</total>
				<timestamp>254.192672</timestamp>
			</report>
			<report>
				<misses>20300001</misses>
				<total>367</total>
				<timestamp>255.443950</timestamp>
			</report>
			<report>
				<misses>20400001</misses>
				<total>367</total>
				<timestamp>256.702170</timestamp>
			</report>
			<report>
				<misses>20500001</misses>
				<total>367</total>
				<timestamp>257.948787</timestamp>
			</report>
			<report>
				<misses>20600001</misses>
				<total>367</total>
				<timestamp>259.252401</timestamp>
			</report>
			<report>
				<misses>20700001</misses>
				<total>367</total>
				<timestamp>260.539253</timestamp>
			</report>
			<report>
				<misses>20800001</misses>
				<total>367</total>
				<timestamp>261.802642</timestamp>
			</report>
			<report>
				<misses>20900001</misses>
				<total>367</total>
				<timestamp>263.062377</timestamp>
			</report>
			<report>
				<misses>21000001</misses>
				<total>367</total>
				<timestamp>264.319913</timestamp>
			</report>
			<report>
				<misses>21100001</misses>
				<total>367</total>
				<timestamp>265.580102</timestamp>
			</report>
			<report>
				<misses>21200001</misses>
				<total>367</total>
				<timestamp>266.838032</timestamp>
			</report>
			<report>
				<misses>21300001</misses>
				<total>367</total>
				<timestamp>268.088665</timestamp>
			</report>
			<report>
				<misses>21400001</misses>
				<total>367</total>
				<timestamp>269.344209</timestamp>
			</report>
			<report>
				<misses>21500001</misses>
				<total>367</total>
				<timestamp>270.605403</timestamp>
			</report>
			<report>
				<misses>21600001</misses>
				<total>367</total>
				<timestamp>271.868381</timestamp>
			</report>
			<report>
				<misses>21700001</misses>
				<total>367</total>
				<timestamp>273.134716</timestamp>
			</report>
			<report>
				<misses>21800001</misses>
				<total>367</total>
				<timestamp>274.393815</timestamp>
			</report>
			<report>
				<misses>21900001</misses>
				<total>367</total>
				<timestamp>275.652290</timestamp>
			</report>
			<report>
				<misses>22000001</misses>
				<total>367</total>
				<timestamp>276.909603</timestamp>
			</report>
			<report>
				<misses>22100001</misses>
				<total>367</total>
				<timestamp>278.158734</timestamp>
			</report>
			<report>
				<misses>22200001</misses>
				<total>367</total>
				<timestamp>279.417840</timestamp>
			</report>
			<report>
				<misses>22300001</misses>
				<total>367</total>
				<timestamp>280.664692</timestamp>
			</report>
			<report>
				<misses>22400001</misses>
				<total>367</total>
				<timestamp>281.943509</timestamp>
			</report>
			<report>
				<misses>22500001</misses>
				<total>367</total>
				<timestamp>283.199676</timestamp>
			</report>
			<report>
				<misses>22600001</misses>
				<total>367</total>
				<timestamp>284.466565</timestamp>
			</report>
			<report>
				<misses>22700001</misses>
				<total>367</total>
				<timestamp>285.717221</timestamp>
			</report>
			<report>
				<misses>22800001</misses>
				<total>367</total>
				<timestamp>286.959533</timestamp>
			</report>
			<report>
				<misses>22900001</misses>
				<total>367</total>
				<timestamp>288.197649</timestamp>
			</report>
			<report>
				<misses>23000001</misses>
				<total>367</total>
				<timestamp>289.450149</timestamp>
			</report>
			<report>
				<misses>23100001</misses>
				<total>367</total>
				<timestamp>290.702518</timestamp>
			</report>
			<report>
				<misses>23200001</misses>
				<total>367</total>
				<timestamp>291.952089</timestamp>
			</report>
			<report>
				<misses>23300001</misses>
				<total>367</total>
				<timestamp>293.203659</timestamp>
			</report>
			<report>
				<misses>23400001</misses>
				<total>367</total>
				<timestamp>294.458221</timestamp>
			</report>
			<report>
				<misses>23500001</misses>
				<total>367</total>
				<timestamp>295.710300</timestamp>
			</report>
			<report>
				<misses>23600001</misses>
				<total>367</total>
				<timestamp>296.961060</timestamp>
			</report>
			<report>
				<misses>23700001</misses>
				<total>367</total>
				<timestamp>298.216145</timestamp>
			</report>
			<report>
				<misses>23800001</misses>
				<total>367</total>
				<timestamp>299.476777</timestamp>
			</report>
		</query>
	</custom>
	<ethtool_statistic>
		<rx_packets>
			<start>324071555</start>
			<end>348016689</end>
		</rx_packets>
		<tx_packets>
			<start>370171320</start>
			<end>394010325</end>
		</tx_packets>
		<rx_dropped>
			<start>0</start>
			<end>0</end>
		</rx_dropped>
		<tx_dropped>
			<start>0</start>
			<end>0</end>
		</tx_dropped>
		<collisions>
			<start>0</start>
			<end>0</end>
		</collisions>
		<port_tx_errors>
			<start>0</start>
			<end>0</end>
		</port_tx_errors>
		<port_rx_dropped>
			<start>0</start>
			<end>0</end>
		</port_rx_dropped>
		<port_tx_dropped_link_down>
			<start>0</start>
			<end>0</end>
		</port_tx_dropped_link_down>
	</ethtool_statistic>
	<ip_statistic>
		<mtu>
			<start>9000</start>
			<end>9000</end>
		</mtu>
		<rx_bytes>
			<start>1773855410973</start>
			<end>1987968411493</end>
		</rx_bytes>
		<rx_packets>
			<start>324071555</start>
			<end>348016689</end>
		</rx_packets>
		<rx_errors>
			<start>0</start>
			<end>0</end>
		</rx_errors>
		<rx_dropped>
			<start>0</start>
			<end>0</end>
		</rx_dropped>
		<rx_missed>
			<start>0</start>
			<end>0</end>
		</rx_missed>
		<rx_mcast>
			<start>6</start>
			<end>6</end>
		</rx_mcast>
		<tx_bytes>
			<start>1859773791218</start>
			<end>2072937782108</end>
		</tx_bytes>
		<tx_packets>
			<start>370171320</start>
			<end>394010325</end>
		</tx_packets>
		<tx_errors>
			<start>0</start>
			<end>0</end>
		</tx_errors>
		<tx_dropped>
			<start>0</start>
			<end>0</end>
		</tx_dropped>
		<tx_carrier>
			<start>0</start>
			<end>0</end>
		</tx_carrier>
		<tx_collisions>
			<start>0</start>
			<end>0</end>
		</tx_collisions>
	</ip_statistic>
	<netstat_statistic>
		<udp_pkg_rec>
			<start>2008659394</start>
			<end>2234716222</end>
		</udp_pkg_rec>
		<udp_pkg_snt>
			<start>2080123415</start>
			<end>2272130831</end>
		</udp_pkg_snt>
		<udp_rec_err>
			<start>0</start>
			<end>0</end>
		</udp_rec_err>
		<udp_rec_buf_err>
			<start>0</start>
			<end>0</end>
		</udp_rec_buf_err>
		<udp_snt_buf_err>
			<start>0</start>
			<end>0</end>
		</udp_snt_buf_err>
	</netstat_statistic>
</test_results>
