<?xml version="1.0"?>
<test_results>
	<status>STATUS_SUCCESS</status>
	<custom>
		<num_loss>34</num_loss>
		<num_total>370796417</num_total>
		<num_misses>1069194752</num_misses>
		<elapsed_time>3599.968657</elapsed_time>
		<query>
			<report>
				<misses>100001</misses>
				<total>0</total>
				<timestamp>0.972567</timestamp>
			</report>
			<report>
				<misses>200001</misses>
				<total>0</total>
				<timestamp>1.943482</timestamp>
			</report>
			<report>
				<misses>300001</misses>
				<total>0</total>
				<timestamp>2.914256</timestamp>
			</report>
			<report>
				<misses>400001</misses>
				<total>0</total>
				<timestamp>3.885237</timestamp>
			</report>
			<report>
				<misses>500001</misses>
				<total>0</total>
				<timestamp>4.855532</timestamp>
			</report>
			<report>
				<misses>600001</misses>
				<total>0</total>
				<timestamp>5.825767</timestamp>
			</report>
			<report>
				<misses>700001</misses>
				<total>0</total>
				<timestamp>6.796534</timestamp>
			</report>
			<report>
				<misses>800001</misses>
				<total>0</total>
				<timestamp>7.767295</timestamp>
			</report>
			<report>
				<misses>900001</misses>
				<total>0</total>
				<timestamp>8.737829</timestamp>
			</report>
			<report>
				<misses>1000001</misses>
				<total>0</total>
				<timestamp>9.708203</timestamp>
			</report>
			<report>
				<misses>1100001</misses>
				<total>0</total>
				<timestamp>10.679043</timestamp>
			</report>
			<report>
				<misses>1200001</misses>
				<total>0</total>
				<timestamp>11.649829</timestamp>
			</report>
			<report>
				<misses>1300001</misses>
				<total>0</total>
				<timestamp>12.620417</timestamp>
			</report>
			<report>
				<misses>1400001</misses>
				<total>0</total>
				<timestamp>13.591212</timestamp>
			</report>
			<report>
				<misses>1500001</misses>
				<total>0</total>
				<timestamp>14.562638</timestamp>
			</report>
			<report>
				<misses>1600001</misses>
				<total>0</total>
				<timestamp>15.533437</timestamp>
			</report>
			<report>
				<misses>1700001</misses>
				<total>0</total>
				<timestamp>16.503737</timestamp>
			</report>
			<report>
				<misses>1800001</misses>
				<total>0</total>
				<timestamp>17.474623</timestamp>
			</report>
			<report>
				<misses>1900001</misses>
				<total>0</total>
				<timestamp>18.445112</timestamp>
			</report>
			<report>
				<misses>2000001</misses>
				<total>0</total>
				<timestamp>19.415874</timestamp>
			</report>
			<report>
				<misses>2100001</misses>
				<total>0</total>
				<timestamp>20.386377</timestamp>
			</report>
			<report>
				<misses>2200001</misses>
				<total>0</total>
				<timestamp>21.356995</timestamp>
			</report>
			<report>
				<misses>2300001</misses>
				<total>0</total>
				<timestamp>22.327752</timestamp>
			</report>
			<report>
				<misses>2400001</misses>
				<total>0</total>
				<timestamp>23.298281</timestamp>
			</report>
			<report>
				<misses>2500001</misses>
				<total>0</total>
				<timestamp>24.269009</timestamp>
			</report>
			<report>
				<misses>2600001</misses>
				<total>0</total>
				<timestamp>25.239773</timestamp>
			</report>
			<report>
				<misses>2700001</misses>
				<total>0</total>
				<timestamp>26.210642</timestamp>
			</report>
			<report>
				<misses>2800001</misses>
				<total>0</total>
				<timestamp>27.181716</timestamp>
			</report>
			<report>
				<misses>2900001</misses>
				<total>0</total>
				<timestamp>28.152450</timestamp>
			</report>
			<report>
				<misses>3000001</misses>
				<total>0</total>
				<timestamp>29.123798</timestamp>
			</report>
			<report>
				<misses>3100001</misses>
				<total>0</total>
				<timestamp>30.094446</timestamp>
			</report>
			<report>
				<misses>3200001</misses>
				<total>0</total>
				<timestamp>31.064674</timestamp>
			</report>
			<report>
				<misses>3300001</misses>
				<total>0</total>
				<timestamp>32.035363</timestamp>
			</report>
			<report>
				<misses>3400001</misses>
				<total>0</total>
				<timestamp>33.005546</timestamp>
			</report>
			<report>
				<misses>3500001</misses>
				<total>0</total>
				<timestamp>33.975858</timestamp>
			</report>
			<report>
				<misses>3600001</misses>
				<total>0</total>
				<timestamp>34.946489</timestamp>
			</report>
			<report>
				<misses>3700001</misses>
				<total>0</total>
				<timestamp>35.916986</timestamp>
			</report>
			<report>
				<misses>3800001</misses>
				<total>0</total>
				<timestamp>36.887844</timestamp>
			</report>
			<report>
				<misses>3900001</misses>
				<total>0</total>
				<timestamp>37.858084</timestamp>
			</report>
			<report>
				<misses>4000001</misses>
				<total>0</total>
				<timestamp>38.828409</timestamp>
			</report>
			<report>
				<misses>4100001</misses>
				<total>0</total>
				<timestamp>39.799000</timestamp>
			</report>
			<report>
				<misses>4200001</misses>
				<total>0</total>
				<timestamp>40.769666</timestamp>
			</report>
			<report>
				<misses>4300001</misses>
				<total>0</total>
				<timestamp>41.740120</timestamp>
			</report>
			<report>
				<misses>4400001</misses>
				<total>0</total>
				<timestamp>42.711179</timestamp>
			</report>
			<report>
				<misses>4500001</misses>
				<total>0</total>
				<timestamp>43.681677</timestamp>
			</report>
			<report>
				<misses>4600001</misses>
				<total>0</total>
				<timestamp>44.652337</timestamp>
			</report>
			<report>
				<misses>4700001</misses>
				<total>0</total>
				<timestamp>45.623035</timestamp>
			</report>
			<report>
				<misses>4800001</misses>
				<total>0</total>
				<timestamp>46.593531</timestamp>
			</report>
			<report>
				<misses>4900001</misses>
				<total>0</total>
				<timestamp>47.564326</timestamp>
			</report>
			<report>
				<misses>5000001</misses>
				<total>0</total>
				<timestamp>48.535032</timestamp>
			</report>
			<report>
				<misses>5100001</misses>
				<total>0</total>
				<timestamp>49.505488</timestamp>
			</report>
			<report>
				<misses>5200001</misses>
				<total>0</total>
				<timestamp>50.476594</timestamp>
			</report>
			<report>
				<misses>5300001</misses>
				<total>0</total>
				<timestamp>51.447216</timestamp>
			</report>
			<report>
				<misses>5400001</misses>
				<total>0</total>
				<timestamp>52.418005</timestamp>
			</report>
			<report>
				<misses>5500001</misses>
				<total>0</total>
				<timestamp>53.388483</timestamp>
			</report>
			<report>
				<misses>5600001</misses>
				<total>0</total>
				<timestamp>54.358704</timestamp>
			</report>
			<report>
				<misses>5700001</misses>
				<total>0</total>
				<timestamp>55.329169</timestamp>
			</report>
			<report>
				<misses>5800001</misses>
				<total>0</total>
				<timestamp>56.300045</timestamp>
			</report>
			<report>
				<misses>5900001</misses>
				<total>0</total>
				<timestamp>57.271018</timestamp>
			</report>
			<report>
				<misses>6000001</misses>
				<total>0</total>
				<timestamp>58.242685</timestamp>
			</report>
			<report>
				<misses>6100001</misses>
				<total>0</total>
				<timestamp>59.213382</timestamp>
			</report>
			<report>
				<misses>6200001</misses>
				<total>0</total>
				<timestamp>60.183958</timestamp>
			</report>
			<report>
				<misses>6300001</misses>
				<total>0</total>
				<timestamp>61.154560</timestamp>
			</report>
			<report>
				<misses>6400001</misses>
				<total>0</total>
				<timestamp>62.125015</timestamp>
			</report>
			<report>
				<misses>6500001</misses>
				<total>0</total>
				<timestamp>63.095475</timestamp>
			</report>
			<report>
				<misses>6600001</misses>
				<total>0</total>
				<timestamp>64.066190</timestamp>
			</report>
			<report>
				<misses>6700001</misses>
				<total>0</total>
				<timestamp>65.036923</timestamp>
			</report>
			<report>
				<misses>6800001</misses>
				<total>0</total>
				<timestamp>66.007503</timestamp>
			</report>
			<report>
				<misses>6900001</misses>
				<total>0</total>
				<timestamp>66.977865</timestamp>
			</report>
			<report>
				<misses>7000001</misses>
				<total>0</total>
				<timestamp>67.948422</timestamp>
			</report>
			<report>
				<misses>7100001</misses>
				<total>0</total>
				<timestamp>68.918746</timestamp>
			</report>
			<report>
				<misses>7200001</misses>
				<total>0</total>
				<timestamp>69.888977</timestamp>
			</report>
			<report>
				<misses>7300001</misses>
				<total>0</total>
				<timestamp>70.859065</timestamp>
			</report>
			<report>
				<misses>7400001</misses>
				<total>0</total>
				<timestamp>71.829383</timestamp>
			</report>
			<report>
				<misses>7500001</misses>
				<total>0</total>
				<timestamp>72.799475</timestamp>
			</report>
			<report>
				<misses>7600001</misses>
				<total>0</total>
				<timestamp>73.769798</timestamp>
			</report>
			<report>
				<misses>7700001</misses>
				<total>0</total>
				<timestamp>74.740379</timestamp>
			</report>
			<report>
				<misses>7800001</misses>
				<total>0</total>
				<timestamp>75.710594</timestamp>
			</report>
			<report>
				<misses>7900001</misses>
				<total>0</total>
				<timestamp>76.681189</timestamp>
			</report>
			<report>
				<misses>8000001</misses>
				<total>0</total>
				<timestamp>77.651160</timestamp>
			</report>
			<report>
				<misses>8100001</misses>
				<total>0</total>
				<timestamp>78.621508</timestamp>
			</report>
			<report>
				<misses>8200001</misses>
				<total>0</total>
				<timestamp>79.591571</timestamp>
			</report>
			<report>
				<misses>8300001</misses>
				<total>0</total>
				<timestamp>80.561529</timestamp>
			</report>
			<report>
				<misses>8400001</misses>
				<total>0</total>
				<timestamp>81.531600</timestamp>
			</report>
			<report>
				<misses>8500001</misses>
				<total>0</total>
				<timestamp>82.501687</timestamp>
			</report>
			<report>
				<misses>8600001</misses>
				<total>0</total>
				<timestamp>83.472012</timestamp>
			</report>
			<report>
				<misses>8700001</misses>
				<total>0</total>
				<timestamp>84.442468</timestamp>
			</report>
			<report>
				<misses>8800001</misses>
				<total>0</total>
				<timestamp>85.412325</timestamp>
			</report>
			<report>
				<misses>8900001</misses>
				<total>0</total>
				<timestamp>86.382522</timestamp>
			</report>
			<report>
				<misses>9000001</misses>
				<total>0</total>
				<timestamp>87.352599</timestamp>
			</report>
			<report>
				<misses>9100001</misses>
				<total>0</total>
				<timestamp>88.322561</timestamp>
			</report>
			<report>
				<misses>9200001</misses>
				<total>0</total>
				<timestamp>89.292655</timestamp>
			</report>
			<report>
				<misses>9300001</misses>
				<total>0</total>
				<timestamp>90.262731</timestamp>
			</report>
			<report>
				<misses>9400001</misses>
				<total>0</total>
				<timestamp>91.232692</timestamp>
			</report>
			<report>
				<misses>9500001</misses>
				<total>0</total>
				<timestamp>92.202654</timestamp>
			</report>
			<report>
				<misses>9600001</misses>
				<total>0</total>
				<timestamp>93.172489</timestamp>
			</report>
			<report>
				<misses>9700001</misses>
				<total>0</total>
				<timestamp>94.142705</timestamp>
			</report>
			<report>
				<misses>9800001</misses>
				<total>0</total>
				<timestamp>95.112898</timestamp>
			</report>
			<report>
				<misses>9900001</misses>
				<total>0</total>
				<timestamp>96.083013</timestamp>
			</report>
			<report>
				<misses>10000001</misses>
				<total>0</total>
				<timestamp>97.053189</timestamp>
			</report>
			<report>
				<misses>10100001</misses>
				<total>0</total>
				<timestamp>98.023693</timestamp>
			</report>
			<report>
				<misses>10200001</misses>
				<total>0</total>
				<timestamp>98.994140</timestamp>
			</report>
			<report>
				<misses>10300001</misses>
				<total>0</total>
				<timestamp>99.964134</timestamp>
			</report>
			<report>
				<misses>10400001</misses>
				<total>0</total>
				<timestamp>100.933687</timestamp>
			</report>
			<report>
				<misses>10500001</misses>
				<total>0</total>
				<timestamp>101.903893</timestamp>
			</report>
			<report>
				<misses>10600001</misses>
				<total>0</total>
				<timestamp>102.873846</timestamp>
			</report>
			<report>
				<misses>10700001</misses>
				<total>0</total>
				<timestamp>103.844302</timestamp>
			</report>
			<report>
				<misses>10800001</misses>
				<total>0</total>
				<timestamp>104.814273</timestamp>
			</report>
			<report>
				<misses>10900001</misses>
				<total>0</total>
				<timestamp>105.784601</timestamp>
			</report>
			<report>
				<misses>11000001</misses>
				<total>0</total>
				<timestamp>106.754747</timestamp>
			</report>
			<report>
				<misses>11100001</misses>
				<total>0</total>
				<timestamp>107.724716</timestamp>
			</report>
			<report>
				<misses>11200001</misses>
				<total>0</total>
				<timestamp>108.694660</timestamp>
			</report>
			<report>
				<misses>11300001</misses>
				<total>0</total>
				<timestamp>109.664734</timestamp>
			</report>
			<report>
				<misses>11400001</misses>
				<total>0</total>
				<timestamp>110.634718</timestamp>
			</report>
			<report>
				<misses>11500001</misses>
				<total>0</total>
				<timestamp>111.604921</timestamp>
			</report>
			<report>
				<misses>11600001</misses>
				<total>0</total>
				<timestamp>112.575260</timestamp>
			</report>
			<report>
				<misses>11700001</misses>
				<total>0</total>
				<timestamp>113.545188</timestamp>
			</report>
			<report>
				<misses>11800001</misses>
				<total>0</total>
				<timestamp>114.515400</timestamp>
			</report>
			<report>
				<misses>11900001</misses>
				<total>0</total>
				<timestamp>115.485484</timestamp>
			</report>
			<report>
				<misses>12000001</misses>
				<total>0</total>
				<timestamp>116.455573</timestamp>
			</report>
			<report>
				<misses>12100001</misses>
				<total>0</total>
				<timestamp>117.425791</timestamp>
			</report>
			<report>
				<misses>12200001</misses>
				<total>0</total>
				<timestamp>118.396281</timestamp>
			</report>
			<report>
				<misses>12300001</misses>
				<total>0</total>
				<timestamp>119.365998</timestamp>
			</report>
			<report>
				<misses>12400001</misses>
				<total>0</total>
				<timestamp>120.336074</timestamp>
			</report>
			<report>
				<misses>12500001</misses>
				<total>0</total>
				<timestamp>121.306144</timestamp>
			</report>
			<report>
				<misses>12600001</misses>
				<total>0</total>
				<timestamp>122.276116</timestamp>
			</report>
			<report>
				<misses>12700001</misses>
				<total>0</total>
				<timestamp>123.245679</timestamp>
			</report>
			<report>
				<misses>12800001</misses>
				<total>0</total>
				<timestamp>124.215890</timestamp>
			</report>
			<report>
				<misses>12900001</misses>
				<total>0</total>
				<timestamp>125.185732</timestamp>
			</report>
			<report>
				<misses>13000001</misses>
				<total>0</total>
				<timestamp>126.155558</timestamp>
			</report>
			<report>
				<misses>13100001</misses>
				<total>0</total>
				<timestamp>127.125649</timestamp>
			</report>
			<report>
				<misses>13200001</misses>
				<total>0</total>
				<timestamp>128.095593</timestamp>
			</report>
			<report>
				<misses>13300001</misses>
				<total>0</total>
				<timestamp>129.065675</timestamp>
			</report>
			<report>
				<misses>13400001</misses>
				<total>0</total>
				<timestamp>130.035623</timestamp>
			</report>
			<report>
				<misses>13500001</misses>
				<total>0</total>
				<timestamp>131.005583</timestamp>
			</report>
			<report>
				<misses>13600001</misses>
				<total>0</total>
				<timestamp>131.975445</timestamp>
			</report>
			<report>
				<misses>13700001</misses>
				<total>0</total>
				<timestamp>132.945374</timestamp>
			</report>
			<report>
				<misses>13800001</misses>
				<total>0</total>
				<timestamp>133.915447</timestamp>
			</report>
			<report>
				<misses>13900001</misses>
				<total>0</total>
				<timestamp>134.885260</timestamp>
			</report>
			<report>
				<misses>14000001</misses>
				<total>0</total>
				<timestamp>135.855355</timestamp>
			</report>
			<report>
				<misses>14100001</misses>
				<total>0</total>
				<timestamp>136.825820</timestamp>
			</report>
			<report>
				<misses>14200001</misses>
				<total>0</total>
				<timestamp>137.795903</timestamp>
			</report>
			<report>
				<misses>14300001</misses>
				<total>0</total>
				<timestamp>138.765995</timestamp>
			</report>
			<report>
				<misses>14400001</misses>
				<total>0</total>
				<timestamp>139.736321</timestamp>
			</report>
			<report>
				<misses>14500001</misses>
				<total>0</total>
				<timestamp>140.706399</timestamp>
			</report>
			<report>
				<misses>14600001</misses>
				<total>0</total>
				<timestamp>141.676499</timestamp>
			</report>
			<report>
				<misses>14700001</misses>
				<total>0</total>
				<timestamp>142.646444</timestamp>
			</report>
			<report>
				<misses>14800001</misses>
				<total>0</total>
				<timestamp>143.616266</timestamp>
			</report>
			<report>
				<misses>14900001</misses>
				<total>0</total>
				<timestamp>144.586224</timestamp>
			</report>
			<report>
				<misses>15000001</misses>
				<total>0</total>
				<timestamp>145.556431</timestamp>
			</report>
			<report>
				<misses>15100001</misses>
				<total>0</total>
				<timestamp>146.526641</timestamp>
			</report>
			<report>
				<misses>15200001</misses>
				<total>0</total>
				<timestamp>147.496502</timestamp>
			</report>
			<report>
				<misses>15300001</misses>
				<total>0</total>
				<timestamp>148.466683</timestamp>
			</report>
			<report>
				<misses>15400001</misses>
				<total>0</total>
				<timestamp>149.436383</timestamp>
			</report>
			<report>
				<misses>15500001</misses>
				<total>0</total>
				<timestamp>150.406209</timestamp>
			</report>
			<report>
				<misses>15600001</misses>
				<total>0</total>
				<timestamp>151.376416</timestamp>
			</report>
			<report>
				<misses>15700001</misses>
				<total>0</total>
				<timestamp>152.346379</timestamp>
			</report>
			<report>
				<misses>15800001</misses>
				<total>0</total>
				<timestamp>153.316461</timestamp>
			</report>
			<report>
				<misses>15900001</misses>
				<total>0</total>
				<timestamp>154.286294</timestamp>
			</report>
			<report>
				<misses>16000001</misses>
				<total>0</total>
				<timestamp>155.256360</timestamp>
			</report>
			<report>
				<misses>16100001</misses>
				<total>0</total>
				<timestamp>156.226332</timestamp>
			</report>
			<report>
				<misses>16200001</misses>
				<total>0</total>
				<timestamp>157.196537</timestamp>
			</report>
			<report>
				<misses>16300001</misses>
				<total>0</total>
				<timestamp>158.166853</timestamp>
			</report>
			<report>
				<misses>16400001</misses>
				<total>0</total>
				<timestamp>159.136965</timestamp>
			</report>
			<report>
				<misses>16500001</misses>
				<total>0</total>
				<timestamp>160.107149</timestamp>
			</report>
			<report>
				<misses>16600001</misses>
				<total>0</total>
				<timestamp>161.077004</timestamp>
			</report>
			<report>
				<misses>16700001</misses>
				<total>0</total>
				<timestamp>162.046822</timestamp>
			</report>
			<report>
				<misses>16800001</misses>
				<total>0</total>
				<timestamp>163.016640</timestamp>
			</report>
			<report>
				<misses>16900001</misses>
				<total>0</total>
				<timestamp>163.986597</timestamp>
			</report>
			<report>
				<misses>17000001</misses>
				<total>0</total>
				<timestamp>164.956674</timestamp>
			</report>
			<report>
				<misses>17100001</misses>
				<total>0</total>
				<timestamp>165.926761</timestamp>
			</report>
			<report>
				<misses>17200001</misses>
				<total>0</total>
				<timestamp>166.896734</timestamp>
			</report>
			<report>
				<misses>17300001</misses>
				<total>0</total>
				<timestamp>167.867052</timestamp>
			</report>
			<report>
				<misses>17400001</misses>
				<total>0</total>
				<timestamp>168.837134</timestamp>
			</report>
			<report>
				<misses>17500001</misses>
				<total>0</total>
				<timestamp>169.807082</timestamp>
			</report>
			<report>
				<misses>17600001</misses>
				<total>0</total>
				<timestamp>170.777167</timestamp>
			</report>
			<report>
				<misses>17700001</misses>
				<total>0</total>
				<timestamp>171.746896</timestamp>
			</report>
			<report>
				<misses>17800001</misses>
				<total>0</total>
				<timestamp>172.717087</timestamp>
			</report>
			<report>
				<misses>17900001</misses>
				<total>0</total>
				<timestamp>173.687293</timestamp>
			</report>
			<report>
				<misses>18000001</misses>
				<total>0</total>
				<timestamp>174.657381</timestamp>
			</report>
			<report>
				<misses>18100001</misses>
				<total>0</total>
				<timestamp>175.627331</timestamp>
			</report>
			<report>
				<misses>18200001</misses>
				<total>0</total>
				<timestamp>176.597416</timestamp>
			</report>
			<report>
				<misses>18300001</misses>
				<total>0</total>
				<timestamp>177.567497</timestamp>
			</report>
			<report>
				<misses>18400001</misses>
				<total>0</total>
				<timestamp>178.537450</timestamp>
			</report>
			<report>
				<misses>18500001</misses>
				<total>0</total>
				<timestamp>179.507536</timestamp>
			</report>
			<report>
				<misses>18600001</misses>
				<total>0</total>
				<timestamp>180.477643</timestamp>
			</report>
			<report>
				<misses>18700001</misses>
				<total>0</total>
				<timestamp>181.447695</timestamp>
			</report>
			<report>
				<misses>18800001</misses>
				<total>0</total>
				<timestamp>182.417669</timestamp>
			</report>
			<report>
				<misses>18900001</misses>
				<total>0</total>
				<timestamp>183.387754</timestamp>
			</report>
			<report>
				<misses>19000001</misses>
				<total>0</total>
				<timestamp>184.357683</timestamp>
			</report>
			<report>
				<misses>19100001</misses>
				<total>0</total>
				<timestamp>185.327538</timestamp>
			</report>
			<report>
				<misses>19200001</misses>
				<total>0</total>
				<timestamp>186.297484</timestamp>
			</report>
			<report>
				<misses>19300001</misses>
				<total>0</total>
				<timestamp>187.267557</timestamp>
			</report>
			<report>
				<misses>19400001</misses>
				<total>0</total>
				<timestamp>188.237517</timestamp>
			</report>
			<report>
				<misses>19500001</misses>
				<total>0</total>
				<timestamp>189.207475</timestamp>
			</report>
			<report>
				<misses>19600001</misses>
				<total>0</total>
				<timestamp>190.177422</timestamp>
			</report>
			<report>
				<misses>19700001</misses>
				<total>0</total>
				<timestamp>191.147250</timestamp>
			</report>
			<report>
				<misses>19800001</misses>
				<total>0</total>
				<timestamp>192.117345</timestamp>
			</report>
			<report>
				<misses>19900001</misses>
				<total>0</total>
				<timestamp>193.087543</timestamp>
			</report>
			<report>
				<misses>20000001</misses>
				<total>0</total>
				<timestamp>194.057398</timestamp>
			</report>
			<report>
				<misses>20100001</misses>
				<total>0</total>
				<timestamp>195.027328</timestamp>
			</report>
			<report>
				<misses>20200001</misses>
				<total>0</total>
				<timestamp>195.997548</timestamp>
			</report>
			<report>
				<misses>20300001</misses>
				<total>0</total>
				<timestamp>196.967787</timestamp>
			</report>
			<report>
				<misses>20400001</misses>
				<total>0</total>
				<timestamp>197.937952</timestamp>
			</report>
			<report>
				<misses>20500001</misses>
				<total>0</total>
				<timestamp>198.907780</timestamp>
			</report>
			<report>
				<misses>20600001</misses>
				<total>0</total>
				<timestamp>199.877877</timestamp>
			</report>
			<report>
				<misses>20700001</misses>
				<total>0</total>
				<timestamp>200.847950</timestamp>
			</report>
			<report>
				<misses>20800001</misses>
				<total>0</total>
				<timestamp>201.817904</timestamp>
			</report>
			<report>
				<misses>20900001</misses>
				<total>0</total>
				<timestamp>202.787991</timestamp>
			</report>
			<report>
				<misses>21000001</misses>
				<total>0</total>
				<timestamp>203.757931</timestamp>
			</report>
			<report>
				<misses>21100001</misses>
				<total>0</total>
				<timestamp>204.728017</timestamp>
			</report>
			<report>
				<misses>21200001</misses>
				<total>0</total>
				<timestamp>205.697980</timestamp>
			</report>
			<report>
				<misses>21300001</misses>
				<total>0</total>
				<timestamp>206.668304</timestamp>
			</report>
			<report>
				<misses>21400001</misses>
				<total>0</total>
				<timestamp>207.638275</timestamp>
			</report>
			<report>
				<misses>21500001</misses>
				<total>0</total>
				<timestamp>208.608062</timestamp>
			</report>
			<report>
				<misses>21600001</misses>
				<total>0</total>
				<timestamp>209.577910</timestamp>
			</report>
			<report>
				<misses>21700001</misses>
				<total>0</total>
				<timestamp>210.548115</timestamp>
			</report>
			<report>
				<misses>21800001</misses>
				<total>0</total>
				<timestamp>211.518335</timestamp>
			</report>
			<report>
				<misses>21900001</misses>
				<total>0</total>
				<timestamp>212.488264</timestamp>
			</report>
			<report>
				<misses>22000001</misses>
				<total>0</total>
				<timestamp>213.458480</timestamp>
			</report>
			<report>
				<misses>22100001</misses>
				<total>0</total>
				<timestamp>214.428441</timestamp>
			</report>
			<report>
				<misses>22200001</misses>
				<total>0</total>
				<timestamp>215.398394</timestamp>
			</report>
			<report>
				<misses>22300001</misses>
				<total>0</total>
				<timestamp>216.368588</timestamp>
			</report>
			<report>
				<misses>22400001</misses>
				<total>0</total>
				<timestamp>217.338458</timestamp>
			</report>
			<report>
				<misses>22500001</misses>
				<total>0</total>
				<timestamp>218.309019</timestamp>
			</report>
			<report>
				<misses>22600001</misses>
				<total>0</total>
				<timestamp>219.279106</timestamp>
			</report>
			<report>
				<misses>22700001</misses>
				<total>0</total>
				<timestamp>220.249202</timestamp>
			</report>
			<report>
				<misses>22800001</misses>
				<total>0</total>
				<timestamp>221.219288</timestamp>
			</report>
			<report>
				<misses>22900001</misses>
				<total>0</total>
				<timestamp>222.189338</timestamp>
			</report>
			<report>
				<misses>23000001</misses>
				<total>0</total>
				<timestamp>223.159433</timestamp>
			</report>
			<report>
				<misses>23100001</misses>
				<total>0</total>
				<timestamp>224.129257</timestamp>
			</report>
			<report>
				<misses>23200001</misses>
				<total>0</total>
				<timestamp>225.098964</timestamp>
			</report>
			<report>
				<misses>23300001</misses>
				<total>0</total>
				<timestamp>226.069293</timestamp>
			</report>
			<report>
				<misses>23400001</misses>
				<total>0</total>
				<timestamp>227.039267</timestamp>
			</report>
			<report>
				<misses>23500001</misses>
				<total>0</total>
				<timestamp>228.009459</timestamp>
			</report>
			<report>
				<misses>23600001</misses>
				<total>0</total>
				<timestamp>228.979294</timestamp>
			</report>
			<report>
				<misses>23700001</misses>
				<total>0</total>
				<timestamp>229.949242</timestamp>
			</report>
			<report>
				<misses>23800001</misses>
				<total>0</total>
				<timestamp>230.919326</timestamp>
			</report>
			<report>
				<misses>23900001</misses>
				<total>0</total>
				<timestamp>231.889415</timestamp>
			</report>
			<report>
				<misses>24000001</misses>
				<total>0</total>
				<timestamp>232.859391</timestamp>
			</report>
			<report>
				<misses>24100001</misses>
				<total>0</total>
				<timestamp>233.829448</timestamp>
			</report>
			<report>
				<misses>24200001</misses>
				<total>0</total>
				<timestamp>234.799648</timestamp>
			</report>
			<report>
				<misses>24300001</misses>
				<total>1</total>
				<timestamp>235.769502</timestamp>
			</report>
			<report>
				<misses>24400001</misses>
				<total>1</total>
				<timestamp>236.739710</timestamp>
			</report>
			<report>
				<misses>24500001</misses>
				<total>1</total>
				<timestamp>237.709920</timestamp>
			</report>
			<report>
				<misses>24600001</misses>
				<total>1</total>
				<timestamp>238.680002</timestamp>
			</report>
			<report>
				<misses>24700001</misses>
				<total>1</total>
				<timestamp>239.649981</timestamp>
			</report>
			<report>
				<misses>24800001</misses>
				<total>1</total>
				<timestamp>240.619939</timestamp>
			</report>
			<report>
				<misses>24900001</misses>
				<total>1</total>
				<timestamp>241.589869</timestamp>
			</report>
			<report>
				<misses>25000001</misses>
				<total>1</total>
				<timestamp>242.559867</timestamp>
			</report>
			<report>
				<misses>25100001</misses>
				<total>1</total>
				<timestamp>243.529935</timestamp>
			</report>
			<report>
				<misses>25200001</misses>
				<total>1</total>
				<timestamp>244.499778</timestamp>
			</report>
			<report>
				<misses>25300001</misses>
				<total>1</total>
				<timestamp>245.469474</timestamp>
			</report>
			<report>
				<misses>25400001</misses>
				<total>1</total>
				<timestamp>246.439560</timestamp>
			</report>
			<report>
				<misses>25500001</misses>
				<total>1</total>
				<timestamp>247.409642</timestamp>
			</report>
			<report>
				<misses>25600001</misses>
				<total>1</total>
				<timestamp>248.379594</timestamp>
			</report>
			<report>
				<misses>25700001</misses>
				<total>1</total>
				<timestamp>249.349671</timestamp>
			</report>
			<report>
				<misses>25800001</misses>
				<total>1</total>
				<timestamp>250.319629</timestamp>
			</report>
			<report>
				<misses>25900001</misses>
				<total>1</total>
				<timestamp>251.289711</timestamp>
			</report>
			<report>
				<misses>26000001</misses>
				<total>1</total>
				<timestamp>252.259540</timestamp>
			</report>
			<report>
				<misses>26100001</misses>
				<total>1</total>
				<timestamp>253.229887</timestamp>
			</report>
			<report>
				<misses>26200001</misses>
				<total>1</total>
				<timestamp>254.199843</timestamp>
			</report>
			<report>
				<misses>26300001</misses>
				<total>1</total>
				<timestamp>255.169793</timestamp>
			</report>
			<report>
				<misses>26400001</misses>
				<total>1</total>
				<timestamp>256.139870</timestamp>
			</report>
			<report>
				<misses>26500001</misses>
				<total>1</total>
				<timestamp>257.110079</timestamp>
			</report>
			<report>
				<misses>26600001</misses>
				<total>1</total>
				<timestamp>258.080284</timestamp>
			</report>
			<report>
				<misses>26700001</misses>
				<total>1</total>
				<timestamp>259.050372</timestamp>
			</report>
			<report>
				<misses>26800001</misses>
				<total>1</total>
				<timestamp>260.020324</timestamp>
			</report>
			<report>
				<misses>26900001</misses>
				<total>1</total>
				<timestamp>260.990534</timestamp>
			</report>
			<report>
				<misses>27000001</misses>
				<total>1</total>
				<timestamp>261.960876</timestamp>
			</report>
			<report>
				<misses>27100001</misses>
				<total>1</total>
				<timestamp>262.930951</timestamp>
			</report>
			<report>
				<misses>27200001</misses>
				<total>1</total>
				<timestamp>263.900782</timestamp>
			</report>
			<report>
				<misses>27300001</misses>
				<total>1</total>
				<timestamp>264.870861</timestamp>
			</report>
			<report>
				<misses>27400001</misses>
				<total>1</total>
				<timestamp>265.840813</timestamp>
			</report>
			<report>
				<misses>27500001</misses>
				<total>1</total>
				<timestamp>266.810648</timestamp>
			</report>
			<report>
				<misses>27600001</misses>
				<total>1</total>
				<timestamp>267.780976</timestamp>
			</report>
			<report>
				<misses>27700001</misses>
				<total>1</total>
				<timestamp>268.751068</timestamp>
			</report>
			<report>
				<misses>27800001</misses>
				<total>1</total>
				<timestamp>269.720778</timestamp>
			</report>
			<report>
				<misses>27900001</misses>
				<total>1</total>
				<timestamp>270.691127</timestamp>
			</report>
			<report>
				<misses>28000001</misses>
				<total>1</total>
				<timestamp>271.660922</timestamp>
			</report>
			<report>
				<misses>28100001</misses>
				<total>1</total>
				<timestamp>272.630767</timestamp>
			</report>
			<report>
				<misses>28200001</misses>
				<total>1</total>
				<timestamp>273.600965</timestamp>
			</report>
			<report>
				<misses>28300001</misses>
				<total>1</total>
				<timestamp>274.571185</timestamp>
			</report>
			<report>
				<misses>28400001</misses>
				<total>1</total>
				<timestamp>275.541263</timestamp>
			</report>
			<report>
				<misses>28500001</misses>
				<total>1</total>
				<timestamp>276.511214</timestamp>
			</report>
			<report>
				<misses>28600001</misses>
				<total>1</total>
				<timestamp>277.481580</timestamp>
			</report>
			<report>
				<misses>28700001</misses>
				<total>1</total>
				<timestamp>278.451620</timestamp>
			</report>
			<report>
				<misses>28800001</misses>
				<total>1</total>
				<timestamp>279.421472</timestamp>
			</report>
			<report>
				<misses>28900001</misses>
				<total>1</total>
				<timestamp>280.391431</timestamp>
			</report>
			<report>
				<misses>29000001</misses>
				<total>1</total>
				<timestamp>281.361517</timestamp>
			</report>
			<report>
				<misses>29100001</misses>
				<total>1</total>
				<timestamp>282.331624</timestamp>
			</report>
			<report>
				<misses>29200001</misses>
				<total>1</total>
				<timestamp>283.301923</timestamp>
			</report>
			<report>
				<misses>29300001</misses>
				<total>1</total>
				<timestamp>284.272023</timestamp>
			</report>
			<report>
				<misses>29400001</misses>
				<total>1</total>
				<timestamp>285.242101</timestamp>
			</report>
			<report>
				<misses>29500001</misses>
				<total>1</total>
				<timestamp>286.211950</timestamp>
			</report>
			<report>
				<misses>29600001</misses>
				<total>1</total>
				<timestamp>287.182014</timestamp>
			</report>
			<report>
				<misses>29700001</misses>
				<total>1</total>
				<timestamp>288.151842</timestamp>
			</report>
			<report>
				<misses>29800001</misses>
				<total>1</total>
				<timestamp>289.121923</timestamp>
			</report>
			<report>
				<misses>29900001</misses>
				<total>1</total>
				<timestamp>290.092241</timestamp>
			</report>
			<report>
				<misses>30000001</misses>
				<total>1</total>
				<timestamp>291.062604</timestamp>
			</report>
			<report>
				<misses>30100001</misses>
				<total>1</total>
				<timestamp>292.032936</timestamp>
			</report>
			<report>
				<misses>30200001</misses>
				<total>1</total>
				<timestamp>293.003133</timestamp>
			</report>
			<report>
				<misses>30300001</misses>
				<total>1</total>
				<timestamp>293.973331</timestamp>
			</report>
			<report>
				<misses>30400001</misses>
				<total>1</total>
				<timestamp>294.943312</timestamp>
			</report>
			<report>
				<misses>30500001</misses>
				<total>1</total>
				<timestamp>295.913383</timestamp>
			</report>
			<report>
				<misses>30600001</misses>
				<total>1</total>
				<timestamp>296.884348</timestamp>
			</report>
			<report>
				<misses>30700001</misses>
				<total>1</total>
				<timestamp>297.857832</timestamp>
			</report>
			<report>
				<misses>30800001</misses>
				<total>1</total>
				<timestamp>298.831219</timestamp>
			</report>
			<report>
				<misses>30900001</misses>
				<total>1</total>
				<timestamp>299.804839</timestamp>
			</report>
			<report>
				<misses>31000001</misses>
				<total>1</total>
				<timestamp>300.776830</timestamp>
			</report>
			<report>
				<misses>31100001</misses>
				<total>1</total>
				<timestamp>301.750329</timestamp>
			</report>
			<report>
				<misses>31200001</misses>
				<total>1</total>
				<timestamp>302.723542</timestamp>
			</report>
			<report>
				<misses>31300001</misses>
				<total>1</total>
				<timestamp>303.696807</timestamp>
			</report>
			<report>
				<misses>31400001</misses>
				<total>1</total>
				<timestamp>304.669825</timestamp>
			</report>
			<report>
				<misses>31500001</misses>
				<total>1</total>
				<timestamp>305.643072</timestamp>
			</report>
			<report>
				<misses>31600001</misses>
				<total>1</total>
				<timestamp>306.616519</timestamp>
			</report>
			<report>
				<misses>31700001</misses>
				<total>1</total>
				<timestamp>307.588750</timestamp>
			</report>
			<report>
				<misses>31800001</misses>
				<total>1</total>
				<timestamp>308.561913</timestamp>
			</report>
			<report>
				<misses>31900001</misses>
				<total>1</total>
				<timestamp>309.533515</timestamp>
			</report>
			<report>
				<misses>32000001</misses>
				<total>1</total>
				<timestamp>310.506640</timestamp>
			</report>
			<report>
				<misses>32100001</misses>
				<total>1</total>
				<timestamp>311.479890</timestamp>
			</report>
			<report>
				<misses>32200001</misses>
				<total>1</total>
				<timestamp>312.451349</timestamp>
			</report>
			<report>
				<misses>32300001</misses>
				<total>1</total>
				<timestamp>313.423062</timestamp>
			</report>
			<report>
				<misses>32400001</misses>
				<total>1</total>
				<timestamp>314.393530</timestamp>
			</report>
			<report>
				<misses>32500001</misses>
				<total>1</total>
				<timestamp>315.366908</timestamp>
			</report>
			<report>
				<misses>32600001</misses>
				<total>1</total>
				<timestamp>316.340151</timestamp>
			</report>
			<report>
				<misses>32700001</misses>
				<total>1</total>
				<timestamp>317.313532</timestamp>
			</report>
			<report>
				<misses>32800001</misses>
				<total>1</total>
				<timestamp>318.286636</timestamp>
			</report>
			<report>
				<misses>32900001</misses>
				<total>1</total>
				<timestamp>319.260118</timestamp>
			</report>
			<report>
				<misses>33000001</misses>
				<total>1</total>
				<timestamp>320.233217</timestamp>
			</report>
			<report>
				<misses>33100001</misses>
				<total>1</total>
				<timestamp>321.206717</timestamp>
			</report>
			<report>
				<misses>33200001</misses>
				<total>1</total>
				<timestamp>322.180582</timestamp>
			</report>
			<report>
				<misses>33300001</misses>
				<total>1</total>
				<timestamp>323.153870</timestamp>
			</report>
			<report>
				<misses>33400001</misses>
				<total>1</total>
				<timestamp>324.127692</timestamp>
			</report>
			<report>
				<misses>33500001</misses>
				<total>1</total>
				<timestamp>325.102329</timestamp>
			</report>
			<report>
				<misses>33600001</misses>
				<total>1</total>
				<timestamp>326.076206</timestamp>
			</report>
			<report>
				<misses>33700001</misses>
				<total>1</total>
				<timestamp>327.050117</timestamp>
			</report>
			<report>
				<misses>33800001</misses>
				<total>1</total>
				<timestamp>328.021437</timestamp>
			</report>
			<report>
				<misses>33900001</misses>
				<total>1</total>
				<timestamp>328.991768</timestamp>
			</report>
			<report>
				<misses>34000001</misses>
				<total>1</total>
				<timestamp>329.962231</timestamp>
			</report>
			<report>
				<misses>34100001</misses>
				<total>1</total>
				<timestamp>330.932463</timestamp>
			</report>
			<report>
				<misses>34200001</misses>
				<total>1</total>
				<timestamp>331.902793</timestamp>
			</report>
			<report>
				<misses>34300001</misses>
				<total>1</total>
				<timestamp>332.873243</timestamp>
			</report>
			<report>
				<misses>34400001</misses>
				<total>1</total>
				<timestamp>333.844450</timestamp>
			</report>
			<report>
				<misses>34500001</misses>
				<total>1</total>
				<timestamp>334.815296</timestamp>
			</report>
			<report>
				<misses>34600001</misses>
				<total>1</total>
				<timestamp>335.786387</timestamp>
			</report>
			<report>
				<misses>34700001</misses>
				<total>1</total>
				<timestamp>336.757626</timestamp>
			</report>
			<report>
				<misses>34800001</misses>
				<total>1</total>
				<timestamp>337.727951</timestamp>
			</report>
			<report>
				<misses>34900001</misses>
				<total>1</total>
				<timestamp>338.698647</timestamp>
			</report>
			<report>
				<misses>35000001</misses>
				<total>1</total>
				<timestamp>339.669130</timestamp>
			</report>
			<report>
				<misses>35100001</misses>
				<total>1</total>
				<timestamp>340.639457</timestamp>
			</report>
			<report>
				<misses>35200001</misses>
				<total>1</total>
				<timestamp>341.609790</timestamp>
			</report>
			<report>
				<misses>35300001</misses>
				<total>1</total>
				<timestamp>342.580114</timestamp>
			</report>
			<report>
				<misses>35400001</misses>
				<total>1</total>
				<timestamp>343.550450</timestamp>
			</report>
			<report>
				<misses>35500001</misses>
				<total>1</total>
				<timestamp>344.520817</timestamp>
			</report>
			<report>
				<misses>35600001</misses>
				<total>1</total>
				<timestamp>345.490877</timestamp>
			</report>
			<report>
				<misses>35700001</misses>
				<total>1</total>
				<timestamp>346.461224</timestamp>
			</report>
			<report>
				<misses>35800001</misses>
				<total>1</total>
				<timestamp>347.431422</timestamp>
			</report>
			<report>
				<misses>35900001</misses>
				<total>1</total>
				<timestamp>348.401883</timestamp>
			</report>
			<report>
				<misses>36000001</misses>
				<total>1</total>
				<timestamp>349.372466</timestamp>
			</report>
			<report>
				<misses>36100001</misses>
				<total>1</total>
				<timestamp>350.342951</timestamp>
			</report>
			<report>
				<misses>36200001</misses>
				<total>1</total>
				<timestamp>351.313143</timestamp>
			</report>
			<report>
				<misses>36300001</misses>
				<total>1</total>
				<timestamp>352.283594</timestamp>
			</report>
			<report>
				<misses>36400001</misses>
				<total>1</total>
				<timestamp>353.254060</timestamp>
			</report>
			<report>
				<misses>36500001</misses>
				<total>1</total>
				<timestamp>354.224667</timestamp>
			</report>
			<report>
				<misses>36600001</misses>
				<total>1</total>
				<timestamp>355.195118</timestamp>
			</report>
			<report>
				<misses>36700001</misses>
				<total>1</total>
				<timestamp>356.165439</timestamp>
			</report>
			<report>
				<misses>36800001</misses>
				<total>1</total>
				<timestamp>357.136030</timestamp>
			</report>
			<report>
				<misses>36900001</misses>
				<total>1</total>
				<timestamp>358.106383</timestamp>
			</report>
			<report>
				<misses>37000001</misses>
				<total>1</total>
				<timestamp>359.076719</timestamp>
			</report>
			<report>
				<misses>37100001</misses>
				<total>1</total>
				<timestamp>360.047034</timestamp>
			</report>
			<report>
				<misses>37200001</misses>
				<total>1</total>
				<timestamp>361.017496</timestamp>
			</report>
			<report>
				<misses>37300001</misses>
				<total>1</total>
				<timestamp>361.988084</timestamp>
			</report>
			<report>
				<misses>37400001</misses>
				<total>1</total>
				<timestamp>362.958302</timestamp>
			</report>
			<report>
				<misses>37500001</misses>
				<total>1</total>
				<timestamp>363.928755</timestamp>
			</report>
			<report>
				<misses>37600001</misses>
				<total>1</total>
				<timestamp>364.899099</timestamp>
			</report>
			<report>
				<misses>37700001</misses>
				<total>1</total>
				<timestamp>365.869427</timestamp>
			</report>
			<report>
				<misses>37800001</misses>
				<total>1</total>
				<timestamp>366.840006</timestamp>
			</report>
			<report>
				<misses>37900001</misses>
				<total>1</total>
				<timestamp>367.810598</timestamp>
			</report>
			<report>
				<misses>38000001</misses>
				<total>1</total>
				<timestamp>368.780808</timestamp>
			</report>
			<report>
				<misses>38100001</misses>
				<total>1</total>
				<timestamp>369.751147</timestamp>
			</report>
			<report>
				<misses>38200001</misses>
				<total>1</total>
				<timestamp>370.721490</timestamp>
			</report>
			<report>
				<misses>38300001</misses>
				<total>1</total>
				<timestamp>371.691710</timestamp>
			</report>
			<report>
				<misses>38400001</misses>
				<total>1</total>
				<timestamp>372.663308</timestamp>
			</report>
			<report>
				<misses>38500001</misses>
				<total>1</total>
				<timestamp>373.634148</timestamp>
			</report>
			<report>
				<misses>38600001</misses>
				<total>1</total>
				<timestamp>374.605353</timestamp>
			</report>
			<report>
				<misses>38700001</misses>
				<total>1</total>
				<timestamp>375.576435</timestamp>
			</report>
			<report>
				<misses>38800001</misses>
				<total>1</total>
				<timestamp>376.547297</timestamp>
			</report>
			<report>
				<misses>38900001</misses>
				<total>1</total>
				<timestamp>377.519632</timestamp>
			</report>
			<report>
				<misses>39000001</misses>
				<total>1</total>
				<timestamp>378.490665</timestamp>
			</report>
			<report>
				<misses>39100001</misses>
				<total>1</total>
				<timestamp>379.461536</timestamp>
			</report>
			<report>
				<misses>39200001</misses>
				<total>1</total>
				<timestamp>380.432435</timestamp>
			</report>
			<report>
				<misses>39300001</misses>
				<total>1</total>
				<timestamp>381.403075</timestamp>
			</report>
			<report>
				<misses>39400001</misses>
				<total>1</total>
				<timestamp>382.374389</timestamp>
			</report>
			<report>
				<misses>39500001</misses>
				<total>1</total>
				<timestamp>383.345119</timestamp>
			</report>
			<report>
				<misses>39600001</misses>
				<total>1</total>
				<timestamp>384.316072</timestamp>
			</report>
			<report>
				<misses>39700001</misses>
				<total>1</total>
				<timestamp>385.287171</timestamp>
			</report>
			<report>
				<misses>39800001</misses>
				<total>1</total>
				<timestamp>386.258537</timestamp>
			</report>
			<report>
				<misses>39900001</misses>
				<total>1</total>
				<timestamp>387.229398</timestamp>
			</report>
			<report>
				<misses>40000001</misses>
				<total>1</total>
				<timestamp>388.200200</timestamp>
			</report>
			<report>
				<misses>40100001</misses>
				<total>1</total>
				<timestamp>389.170658</timestamp>
			</report>
			<report>
				<misses>40200001</misses>
				<total>1</total>
				<timestamp>390.141630</timestamp>
			</report>
			<report>
				<misses>40300001</misses>
				<total>1</total>
				<timestamp>391.112079</timestamp>
			</report>
			<report>
				<misses>40400001</misses>
				<total>1</total>
				<timestamp>392.083300</timestamp>
			</report>
			<report>
				<misses>40500001</misses>
				<total>1</total>
				<timestamp>393.054145</timestamp>
			</report>
			<report>
				<misses>40600001</misses>
				<total>1</total>
				<timestamp>394.025225</timestamp>
			</report>
			<report>
				<misses>40700001</misses>
				<total>1</total>
				<timestamp>394.995818</timestamp>
			</report>
			<report>
				<misses>40800001</misses>
				<total>1</total>
				<timestamp>395.966549</timestamp>
			</report>
			<report>
				<misses>40900001</misses>
				<total>1</total>
				<timestamp>396.936879</timestamp>
			</report>
			<report>
				<misses>41000001</misses>
				<total>1</total>
				<timestamp>397.907846</timestamp>
			</report>
			<report>
				<misses>41100001</misses>
				<total>1</total>
				<timestamp>398.878554</timestamp>
			</report>
			<report>
				<misses>41200001</misses>
				<total>1</total>
				<timestamp>399.849662</timestamp>
			</report>
			<report>
				<misses>41300001</misses>
				<total>1</total>
				<timestamp>400.820750</timestamp>
			</report>
			<report>
				<misses>41400001</misses>
				<total>1</total>
				<timestamp>401.791356</timestamp>
			</report>
			<report>
				<misses>41500001</misses>
				<total>1</total>
				<timestamp>402.762047</timestamp>
			</report>
			<report>
				<misses>41600001</misses>
				<total>1</total>
				<timestamp>403.732765</timestamp>
			</report>
			<report>
				<misses>41700001</misses>
				<total>1</total>
				<timestamp>404.703865</timestamp>
			</report>
			<report>
				<misses>41800001</misses>
				<total>1</total>
				<timestamp>405.674971</timestamp>
			</report>
			<report>
				<misses>41900001</misses>
				<total>1</total>
				<timestamp>406.646187</timestamp>
			</report>
			<report>
				<misses>42000001</misses>
				<total>1</total>
				<timestamp>407.617154</timestamp>
			</report>
			<report>
				<misses>42100001</misses>
				<total>1</total>
				<timestamp>408.588097</timestamp>
			</report>
			<report>
				<misses>42200001</misses>
				<total>1</total>
				<timestamp>409.559644</timestamp>
			</report>
			<report>
				<misses>42300001</misses>
				<total>1</total>
				<timestamp>410.530393</timestamp>
			</report>
			<report>
				<misses>42400001</misses>
				<total>1</total>
				<timestamp>411.502007</timestamp>
			</report>
			<report>
				<misses>42500001</misses>
				<total>1</total>
				<timestamp>412.472701</timestamp>
			</report>
			<report>
				<misses>42600001</misses>
				<total>1</total>
				<timestamp>413.443915</timestamp>
			</report>
			<report>
				<misses>42700001</misses>
				<total>1</total>
				<timestamp>414.415298</timestamp>
			</report>
			<report>
				<misses>42800001</misses>
				<total>1</total>
				<timestamp>415.386111</timestamp>
			</report>
			<report>
				<misses>42900001</misses>
				<total>1</total>
				<timestamp>416.356695</timestamp>
			</report>
			<report>
				<misses>43000001</misses>
				<total>1</total>
				<timestamp>417.327434</timestamp>
			</report>
			<report>
				<misses>43100001</misses>
				<total>1</total>
				<timestamp>418.298513</timestamp>
			</report>
			<report>
				<misses>43200001</misses>
				<total>1</total>
				<timestamp>419.269497</timestamp>
			</report>
			<report>
				<misses>43300001</misses>
				<total>1</total>
				<timestamp>420.240436</timestamp>
			</report>
			<report>
				<misses>43400001</misses>
				<total>1</total>
				<timestamp>421.211427</timestamp>
			</report>
			<report>
				<misses>43500001</misses>
				<total>1</total>
				<timestamp>422.181867</timestamp>
			</report>
			<report>
				<misses>43600001</misses>
				<total>1</total>
				<timestamp>423.153561</timestamp>
			</report>
			<report>
				<misses>43700001</misses>
				<total>1</total>
				<timestamp>424.124507</timestamp>
			</report>
			<report>
				<misses>43800001</misses>
				<total>1</total>
				<timestamp>425.095223</timestamp>
			</report>
			<report>
				<misses>43900001</misses>
				<total>1</total>
				<timestamp>426.066438</timestamp>
			</report>
			<report>
				<misses>44000001</misses>
				<total>1</total>
				<timestamp>427.037047</timestamp>
			</report>
			<report>
				<misses>44100001</misses>
				<total>1</total>
				<timestamp>428.008396</timestamp>
			</report>
			<report>
				<misses>44200001</misses>
				<total>1</total>
				<timestamp>428.978958</timestamp>
			</report>
			<report>
				<misses>44300001</misses>
				<total>1</total>
				<timestamp>429.951068</timestamp>
			</report>
			<report>
				<misses>44400001</misses>
				<total>1</total>
				<timestamp>430.921931</timestamp>
			</report>
			<report>
				<misses>44500001</misses>
				<total>1</total>
				<timestamp>431.892626</timestamp>
			</report>
			<report>
				<misses>44600001</misses>
				<total>1</total>
				<timestamp>432.863855</timestamp>
			</report>
			<report>
				<misses>44700001</misses>
				<total>1</total>
				<timestamp>433.835434</timestamp>
			</report>
			<report>
				<misses>44800001</misses>
				<total>1</total>
				<timestamp>434.807044</timestamp>
			</report>
			<report>
				<misses>44900001</misses>
				<total>1</total>
				<timestamp>435.777772</timestamp>
			</report>
			<report>
				<misses>45000001</misses>
				<total>1</total>
				<timestamp>436.748507</timestamp>
			</report>
			<report>
				<misses>45100001</misses>
				<total>1</total>
				<timestamp>437.719089</timestamp>
			</report>
			<report>
				<misses>45200001</misses>
				<total>1</total>
				<timestamp>438.689953</timestamp>
			</report>
			<report>
				<misses>45300001</misses>
				<total>1</total>
				<timestamp>439.661141</timestamp>
			</report>
			<report>
				<misses>45400001</misses>
				<total>1</total>
				<timestamp>440.632509</timestamp>
			</report>
			<report>
				<misses>45500001</misses>
				<total>1</total>
				<timestamp>441.603950</timestamp>
			</report>
			<report>
				<misses>45600001</misses>
				<total>1</total>
				<timestamp>442.574547</timestamp>
			</report>
			<report>
				<misses>45700001</misses>
				<total>1</total>
				<timestamp>443.546051</timestamp>
			</report>
			<report>
				<misses>45800001</misses>
				<total>1</total>
				<timestamp>444.517055</timestamp>
			</report>
			<report>
				<misses>45900001</misses>
				<total>1</total>
				<timestamp>445.487951</timestamp>
			</report>
			<report>
				<misses>46000001</misses>
				<total>1</total>
				<timestamp>446.459188</timestamp>
			</report>
			<report>
				<misses>46100001</misses>
				<total>1</total>
				<timestamp>447.429888</timestamp>
			</report>
			<report>
				<misses>46200001</misses>
				<total>1</total>
				<timestamp>448.400625</timestamp>
			</report>
			<report>
				<misses>46300001</misses>
				<total>1</total>
				<timestamp>449.371209</timestamp>
			</report>
			<report>
				<misses>46400001</misses>
				<total>1</total>
				<timestamp>450.341538</timestamp>
			</report>
			<report>
				<misses>46500001</misses>
				<total>1</total>
				<timestamp>451.313172</timestamp>
			</report>
			<report>
				<misses>46600001</misses>
				<total>1</total>
				<timestamp>452.284216</timestamp>
			</report>
			<report>
				<misses>46700001</misses>
				<total>1</total>
				<timestamp>453.255067</timestamp>
			</report>
			<report>
				<misses>46800001</misses>
				<total>1</total>
				<timestamp>454.226047</timestamp>
			</report>
			<report>
				<misses>46900001</misses>
				<total>1</total>
				<timestamp>455.196486</timestamp>
			</report>
			<report>
				<misses>47000001</misses>
				<total>1</total>
				<timestamp>456.168841</timestamp>
			</report>
			<report>
				<misses>47100001</misses>
				<total>1</total>
				<timestamp>457.139809</timestamp>
			</report>
			<report>
				<misses>47200001</misses>
				<total>1</total>
				<timestamp>458.110279</timestamp>
			</report>
			<report>
				<misses>47300001</misses>
				<total>1</total>
				<timestamp>459.081110</timestamp>
			</report>
			<report>
				<misses>47400001</misses>
				<total>1</total>
				<timestamp>460.052723</timestamp>
			</report>
			<report>
				<misses>47500001</misses>
				<total>1</total>
				<timestamp>461.023172</timestamp>
			</report>
			<report>
				<misses>47600001</misses>
				<total>1</total>
				<timestamp>461.993895</timestamp>
			</report>
			<report>
				<misses>47700001</misses>
				<total>1</total>
				<timestamp>462.965752</timestamp>
			</report>
			<report>
				<misses>47800001</misses>
				<total>1</total>
				<timestamp>463.936464</timestamp>
			</report>
			<report>
				<misses>47900001</misses>
				<total>1</total>
				<timestamp>464.907172</timestamp>
			</report>
			<report>
				<misses>48000001</misses>
				<total>1</total>
				<timestamp>465.877791</timestamp>
			</report>
			<report>
				<misses>48100001</misses>
				<total>1</total>
				<timestamp>466.849295</timestamp>
			</report>
			<report>
				<misses>48200001</misses>
				<total>1</total>
				<timestamp>467.820268</timestamp>
			</report>
			<report>
				<misses>48300001</misses>
				<total>1</total>
				<timestamp>468.791688</timestamp>
			</report>
			<report>
				<misses>48400001</misses>
				<total>1</total>
				<timestamp>469.762570</timestamp>
			</report>
			<report>
				<misses>48500001</misses>
				<total>1</total>
				<timestamp>470.733427</timestamp>
			</report>
			<report>
				<misses>48600001</misses>
				<total>1</total>
				<timestamp>471.704369</timestamp>
			</report>
			<report>
				<misses>48700001</misses>
				<total>1</total>
				<timestamp>472.674855</timestamp>
			</report>
			<report>
				<misses>48800001</misses>
				<total>1</total>
				<timestamp>473.645642</timestamp>
			</report>
			<report>
				<misses>48900001</misses>
				<total>1</total>
				<timestamp>474.616727</timestamp>
			</report>
			<report>
				<misses>49000001</misses>
				<total>1</total>
				<timestamp>475.587596</timestamp>
			</report>
			<report>
				<misses>49100001</misses>
				<total>1</total>
				<timestamp>476.558185</timestamp>
			</report>
			<report>
				<misses>49200001</misses>
				<total>1</total>
				<timestamp>477.529126</timestamp>
			</report>
			<report>
				<misses>49300001</misses>
				<total>1</total>
				<timestamp>478.499861</timestamp>
			</report>
			<report>
				<misses>49400001</misses>
				<total>1</total>
				<timestamp>479.470562</timestamp>
			</report>
			<report>
				<misses>49500001</misses>
				<total>1</total>
				<timestamp>480.441519</timestamp>
			</report>
			<report>
				<misses>49600001</misses>
				<total>1</total>
				<timestamp>481.412632</timestamp>
			</report>
			<report>
				<misses>49700001</misses>
				<total>1</total>
				<timestamp>482.383719</timestamp>
			</report>
			<report>
				<misses>49800001</misses>
				<total>1</total>
				<timestamp>483.354295</timestamp>
			</report>
			<report>
				<misses>49900001</misses>
				<total>1</total>
				<timestamp>484.325517</timestamp>
			</report>
			<report>
				<misses>50000001</misses>
				<total>1</total>
				<timestamp>485.297082</timestamp>
			</report>
			<report>
				<misses>50100001</misses>
				<total>1</total>
				<timestamp>486.267790</timestamp>
			</report>
			<report>
				<misses>50200001</misses>
				<total>1</total>
				<timestamp>487.239142</timestamp>
			</report>
			<report>
				<misses>50300001</misses>
				<total>1</total>
				<timestamp>488.210354</timestamp>
			</report>
			<report>
				<misses>50400001</misses>
				<total>1</total>
				<timestamp>489.181068</timestamp>
			</report>
			<report>
				<misses>50500001</misses>
				<total>1</total>
				<timestamp>490.152042</timestamp>
			</report>
			<report>
				<misses>50600001</misses>
				<total>1</total>
				<timestamp>491.123525</timestamp>
			</report>
			<report>
				<misses>50700001</misses>
				<total>1</total>
				<timestamp>492.094587</timestamp>
			</report>
			<report>
				<misses>50800001</misses>
				<total>1</total>
				<timestamp>493.066314</timestamp>
			</report>
			<report>
				<misses>50900001</misses>
				<total>1</total>
				<timestamp>494.037008</timestamp>
			</report>
			<report>
				<misses>51000001</misses>
				<total>1</total>
				<timestamp>495.007656</timestamp>
			</report>
			<report>
				<misses>51100001</misses>
				<total>1</total>
				<timestamp>495.978576</timestamp>
			</report>
			<report>
				<misses>51200001</misses>
				<total>1</total>
				<timestamp>496.949978</timestamp>
			</report>
			<report>
				<misses>51300001</misses>
				<total>1</total>
				<timestamp>497.921044</timestamp>
			</report>
			<report>
				<misses>51400001</misses>
				<total>1</total>
				<timestamp>498.892153</timestamp>
			</report>
			<report>
				<misses>51500001</misses>
				<total>1</total>
				<timestamp>499.863219</timestamp>
			</report>
			<report>
				<misses>51600001</misses>
				<total>1</total>
				<timestamp>500.833971</timestamp>
			</report>
			<report>
				<misses>51700001</misses>
				<total>1</total>
				<timestamp>501.805192</timestamp>
			</report>
			<report>
				<misses>51800001</misses>
				<total>1</total>
				<timestamp>502.777018</timestamp>
			</report>
			<report>
				<misses>51900001</misses>
				<total>1</total>
				<timestamp>503.748879</timestamp>
			</report>
			<report>
				<misses>52000001</misses>
				<total>1</total>
				<timestamp>504.720089</timestamp>
			</report>
			<report>
				<misses>52100001</misses>
				<total>1</total>
				<timestamp>505.691059</timestamp>
			</report>
			<report>
				<misses>52200001</misses>
				<total>1</total>
				<timestamp>506.661912</timestamp>
			</report>
			<report>
				<misses>52300001</misses>
				<total>1</total>
				<timestamp>507.632741</timestamp>
			</report>
			<report>
				<misses>52400001</misses>
				<total>1</total>
				<timestamp>508.603864</timestamp>
			</report>
			<report>
				<misses>52500001</misses>
				<total>1</total>
				<timestamp>509.574428</timestamp>
			</report>
			<report>
				<misses>52600001</misses>
				<total>1</total>
				<timestamp>510.545028</timestamp>
			</report>
			<report>
				<misses>52700001</misses>
				<total>1</total>
				<timestamp>511.515978</timestamp>
			</report>
			<report>
				<misses>52800001</misses>
				<total>1</total>
				<timestamp>512.486821</timestamp>
			</report>
			<report>
				<misses>52900001</misses>
				<total>1</total>
				<timestamp>513.457926</timestamp>
			</report>
			<report>
				<misses>53000001</misses>
				<total>1</total>
				<timestamp>514.430173</timestamp>
			</report>
			<report>
				<misses>53100001</misses>
				<total>1</total>
				<timestamp>515.400976</timestamp>
			</report>
			<report>
				<misses>53200001</misses>
				<total>1</total>
				<timestamp>516.371215</timestamp>
			</report>
			<report>
				<misses>53300001</misses>
				<total>1</total>
				<timestamp>517.342031</timestamp>
			</report>
			<report>
				<misses>53400001</misses>
				<total>1</total>
				<timestamp>518.313452</timestamp>
			</report>
			<report>
				<misses>53500001</misses>
				<total>1</total>
				<timestamp>519.284105</timestamp>
			</report>
			<report>
				<misses>53600001</misses>
				<total>1</total>
				<timestamp>520.254661</timestamp>
			</report>
			<report>
				<misses>53700001</misses>
				<total>1</total>
				<timestamp>521.225510</timestamp>
			</report>
			<report>
				<misses>53800001</misses>
				<total>1</total>
				<timestamp>522.196229</timestamp>
			</report>
			<report>
				<misses>53900001</misses>
				<total>1</total>
				<timestamp>523.167442</timestamp>
			</report>
			<report>
				<misses>54000001</misses>
				<total>1</total>
				<timestamp>524.138582</timestamp>
			</report>
			<report>
				<misses>54100001</misses>
				<total>1</total>
				<timestamp>525.110397</timestamp>
			</report>
			<report>
				<misses>54200001</misses>
				<total>1</total>
				<timestamp>526.082282</timestamp>
			</report>
			<report>
				<misses>54300001</misses>
				<total>1</total>
				<timestamp>527.053221</timestamp>
			</report>
			<report>
				<misses>54400001</misses>
				<total>1</total>
				<timestamp>528.023927</timestamp>
			</report>
			<report>
				<misses>54500001</misses>
				<total>1</total>
				<timestamp>528.995017</timestamp>
			</report>
			<report>
				<misses>54600001</misses>
				<total>1</total>
				<timestamp>529.966875</timestamp>
			</report>
			<report>
				<misses>54700001</misses>
				<total>1</total>
				<timestamp>530.937729</timestamp>
			</report>
			<report>
				<misses>54800001</misses>
				<total>1</total>
				<timestamp>531.908814</timestamp>
			</report>
			<report>
				<misses>54900001</misses>
				<total>1</total>
				<timestamp>532.880924</timestamp>
			</report>
			<report>
				<misses>55000001</misses>
				<total>1</total>
				<timestamp>533.852266</timestamp>
			</report>
			<report>
				<misses>55100001</misses>
				<total>1</total>
				<timestamp>534.823097</timestamp>
			</report>
			<report>
				<misses>55200001</misses>
				<total>1</total>
				<timestamp>535.793845</timestamp>
			</report>
			<report>
				<misses>55300001</misses>
				<total>1</total>
				<timestamp>536.765154</timestamp>
			</report>
			<report>
				<misses>55400001</misses>
				<total>1</total>
				<timestamp>537.736392</timestamp>
			</report>
			<report>
				<misses>55500001</misses>
				<total>1</total>
				<timestamp>538.707359</timestamp>
			</report>
			<report>
				<misses>55600001</misses>
				<total>1</total>
				<timestamp>539.678436</timestamp>
			</report>
			<report>
				<misses>55700001</misses>
				<total>1</total>
				<timestamp>540.648909</timestamp>
			</report>
			<report>
				<misses>55800001</misses>
				<total>1</total>
				<timestamp>541.619498</timestamp>
			</report>
			<report>
				<misses>55900001</misses>
				<total>1</total>
				<timestamp>542.590466</timestamp>
			</report>
			<report>
				<misses>56000001</misses>
				<total>1</total>
				<timestamp>543.561814</timestamp>
			</report>
			<report>
				<misses>56100001</misses>
				<total>1</total>
				<timestamp>544.533402</timestamp>
			</report>
			<report>
				<misses>56200001</misses>
				<total>1</total>
				<timestamp>545.504240</timestamp>
			</report>
			<report>
				<misses>56300001</misses>
				<total>1</total>
				<timestamp>546.475227</timestamp>
			</report>
			<report>
				<misses>56400001</misses>
				<total>1</total>
				<timestamp>547.446307</timestamp>
			</report>
			<report>
				<misses>56500001</misses>
				<total>1</total>
				<timestamp>548.417655</timestamp>
			</report>
			<report>
				<misses>56600001</misses>
				<total>1</total>
				<timestamp>549.389518</timestamp>
			</report>
			<report>
				<misses>56700001</misses>
				<total>1</total>
				<timestamp>550.360635</timestamp>
			</report>
			<report>
				<misses>56800001</misses>
				<total>1</total>
				<timestamp>551.332052</timestamp>
			</report>
			<report>
				<misses>56900001</misses>
				<total>1</total>
				<timestamp>552.302764</timestamp>
			</report>
			<report>
				<misses>57000001</misses>
				<total>1</total>
				<timestamp>553.273362</timestamp>
			</report>
			<report>
				<misses>57100001</misses>
				<total>1</total>
				<timestamp>554.244805</timestamp>
			</report>
			<report>
				<misses>57200001</misses>
				<total>1</total>
				<timestamp>555.216339</timestamp>
			</report>
			<report>
				<misses>57300001</misses>
				<total>1</total>
				<timestamp>556.187021</timestamp>
			</report>
			<report>
				<misses>57400001</misses>
				<total>1</total>
				<timestamp>557.158102</timestamp>
			</report>
			<report>
				<misses>57500001</misses>
				<total>1</total>
				<timestamp>558.129202</timestamp>
			</report>
			<report>
				<misses>57600001</misses>
				<total>1</total>
				<timestamp>559.100414</timestamp>
			</report>
			<report>
				<misses>57700001</misses>
				<total>1</total>
				<timestamp>560.071254</timestamp>
			</report>
			<report>
				<misses>57800001</misses>
				<total>1</total>
				<timestamp>561.042096</timestamp>
			</report>
			<report>
				<misses>57900001</misses>
				<total>1</total>
				<timestamp>562.013699</timestamp>
			</report>
			<report>
				<misses>58000001</misses>
				<total>1</total>
				<timestamp>562.984787</timestamp>
			</report>
			<report>
				<misses>58100001</misses>
				<total>1</total>
				<timestamp>563.955773</timestamp>
			</report>
			<report>
				<misses>58200001</misses>
				<total>1</total>
				<timestamp>564.927357</timestamp>
			</report>
			<report>
				<misses>58300001</misses>
				<total>1</total>
				<timestamp>565.898345</timestamp>
			</report>
			<report>
				<misses>58400001</misses>
				<total>1</total>
				<timestamp>566.869226</timestamp>
			</report>
			<report>
				<misses>58500001</misses>
				<total>1</total>
				<timestamp>567.840019</timestamp>
			</report>
			<report>
				<misses>58600001</misses>
				<total>1</total>
				<timestamp>568.811358</timestamp>
			</report>
			<report>
				<misses>58700001</misses>
				<total>1</total>
				<timestamp>569.783723</timestamp>
			</report>
			<report>
				<misses>58800001</misses>
				<total>1</total>
				<timestamp>570.755199</timestamp>
			</report>
			<report>
				<misses>58900001</misses>
				<total>1</total>
				<timestamp>571.726786</timestamp>
			</report>
			<report>
				<misses>59000001</misses>
				<total>1</total>
				<timestamp>572.698282</timestamp>
			</report>
			<report>
				<misses>59100001</misses>
				<total>1</total>
				<timestamp>573.669601</timestamp>
			</report>
			<report>
				<misses>59200001</misses>
				<total>1</total>
				<timestamp>574.640431</timestamp>
			</report>
			<report>
				<misses>59300001</misses>
				<total>1</total>
				<timestamp>575.611309</timestamp>
			</report>
			<report>
				<misses>59400001</misses>
				<total>1</total>
				<timestamp>576.581877</timestamp>
			</report>
			<report>
				<misses>59500001</misses>
				<total>1</total>
				<timestamp>577.553348</timestamp>
			</report>
			<report>
				<misses>59600001</misses>
				<total>1</total>
				<timestamp>578.524444</timestamp>
			</report>
			<report>
				<misses>59700001</misses>
				<total>1</total>
				<timestamp>579.495405</timestamp>
			</report>
			<report>
				<misses>59800001</misses>
				<total>1</total>
				<timestamp>580.466635</timestamp>
			</report>
			<report>
				<misses>59900001</misses>
				<total>1</total>
				<timestamp>581.437721</timestamp>
			</report>
			<report>
				<misses>60000001</misses>
				<total>1</total>
				<timestamp>582.409181</timestamp>
			</report>
			<report>
				<misses>60100001</misses>
				<total>1</total>
				<timestamp>583.380162</timestamp>
			</report>
			<report>
				<misses>60200001</misses>
				<total>1</total>
				<timestamp>584.351015</timestamp>
			</report>
			<report>
				<misses>60300001</misses>
				<total>1</total>
				<timestamp>585.322100</timestamp>
			</report>
			<report>
				<misses>60400001</misses>
				<total>1</total>
				<timestamp>586.292558</timestamp>
			</report>
			<report>
				<misses>60500001</misses>
				<total>1</total>
				<timestamp>587.263141</timestamp>
			</report>
			<report>
				<misses>60600001</misses>
				<total>1</total>
				<timestamp>588.234637</timestamp>
			</report>
			<report>
				<misses>60700001</misses>
				<total>1</total>
				<timestamp>589.206090</timestamp>
			</report>
			<report>
				<misses>60800001</misses>
				<total>1</total>
				<timestamp>590.178448</timestamp>
			</report>
			<report>
				<misses>60900001</misses>
				<total>1</total>
				<timestamp>591.149418</timestamp>
			</report>
			<report>
				<misses>61000001</misses>
				<total>1</total>
				<timestamp>592.121143</timestamp>
			</report>
			<report>
				<misses>61100001</misses>
				<total>1</total>
				<timestamp>593.091982</timestamp>
			</report>
			<report>
				<misses>61200001</misses>
				<total>1</total>
				<timestamp>594.063276</timestamp>
			</report>
			<report>
				<misses>61300001</misses>
				<total>1</total>
				<timestamp>595.033844</timestamp>
			</report>
			<report>
				<misses>61400001</misses>
				<total>1</total>
				<timestamp>596.004441</timestamp>
			</report>
			<report>
				<misses>61500001</misses>
				<total>1</total>
				<timestamp>596.975546</timestamp>
			</report>
			<report>
				<misses>61600001</misses>
				<total>1</total>
				<timestamp>597.946495</timestamp>
			</report>
			<report>
				<misses>61700001</misses>
				<total>1</total>
				<timestamp>598.917436</timestamp>
			</report>
			<report>
				<misses>61800001</misses>
				<total>1</total>
				<timestamp>599.888451</timestamp>
			</report>
			<report>
				<misses>61900001</misses>
				<total>1</total>
				<timestamp>600.859792</timestamp>
			</report>
			<report>
				<misses>62000001</misses>
				<total>1</total>
				<timestamp>601.830888</timestamp>
			</report>
			<report>
				<misses>62100001</misses>
				<total>1</total>
				<timestamp>602.802157</timestamp>
			</report>
			<report>
				<misses>62200001</misses>
				<total>1</total>
				<timestamp>603.773367</timestamp>
			</report>
			<report>
				<misses>62300001</misses>
				<total>1</total>
				<timestamp>604.744404</timestamp>
			</report>
			<report>
				<misses>62400001</misses>
				<total>1</total>
				<timestamp>605.715409</timestamp>
			</report>
			<report>
				<misses>62500001</misses>
				<total>1</total>
				<timestamp>606.686743</timestamp>
			</report>
			<report>
				<misses>62600001</misses>
				<total>1</total>
				<timestamp>607.657357</timestamp>
			</report>
			<report>
				<misses>62700001</misses>
				<total>1</total>
				<timestamp>608.628257</timestamp>
			</report>
			<report>
				<misses>62800001</misses>
				<total>1</total>
				<timestamp>609.598989</timestamp>
			</report>
			<report>
				<misses>62900001</misses>
				<total>1</total>
				<timestamp>610.570136</timestamp>
			</report>
			<report>
				<misses>63000001</misses>
				<total>1</total>
				<timestamp>611.541977</timestamp>
			</report>
			<report>
				<misses>63100001</misses>
				<total>1</total>
				<timestamp>612.512944</timestamp>
			</report>
			<report>
				<misses>63200001</misses>
				<total>1</total>
				<timestamp>613.483905</timestamp>
			</report>
			<report>
				<misses>63300001</misses>
				<total>1</total>
				<timestamp>614.455268</timestamp>
			</report>
			<report>
				<misses>63400001</misses>
				<total>1</total>
				<timestamp>615.426101</timestamp>
			</report>
			<report>
				<misses>63500001</misses>
				<total>1</total>
				<timestamp>616.397575</timestamp>
			</report>
			<report>
				<misses>63600001</misses>
				<total>1</total>
				<timestamp>617.368404</timestamp>
			</report>
			<report>
				<misses>63700001</misses>
				<total>1</total>
				<timestamp>618.340033</timestamp>
			</report>
			<report>
				<misses>63800001</misses>
				<total>1</total>
				<timestamp>619.311370</timestamp>
			</report>
			<report>
				<misses>63900001</misses>
				<total>1</total>
				<timestamp>620.283079</timestamp>
			</report>
			<report>
				<misses>64000001</misses>
				<total>1</total>
				<timestamp>621.254296</timestamp>
			</report>
			<report>
				<misses>64100001</misses>
				<total>1</total>
				<timestamp>622.225541</timestamp>
			</report>
			<report>
				<misses>64200001</misses>
				<total>1</total>
				<timestamp>623.197196</timestamp>
			</report>
			<report>
				<misses>64300001</misses>
				<total>1</total>
				<timestamp>624.168145</timestamp>
			</report>
			<report>
				<misses>64400001</misses>
				<total>1</total>
				<timestamp>625.138882</timestamp>
			</report>
			<report>
				<misses>64500001</misses>
				<total>1</total>
				<timestamp>626.110057</timestamp>
			</report>
			<report>
				<misses>64600001</misses>
				<total>1</total>
				<timestamp>627.081033</timestamp>
			</report>
			<report>
				<misses>64700001</misses>
				<total>1</total>
				<timestamp>628.052666</timestamp>
			</report>
			<report>
				<misses>64800001</misses>
				<total>1</total>
				<timestamp>629.023456</timestamp>
			</report>
			<report>
				<misses>64900001</misses>
				<total>1</total>
				<timestamp>629.994435</timestamp>
			</report>
			<report>
				<misses>65000001</misses>
				<total>1</total>
				<timestamp>630.966018</timestamp>
			</report>
			<report>
				<misses>65100001</misses>
				<total>1</total>
				<timestamp>631.937510</timestamp>
			</report>
			<report>
				<misses>65200001</misses>
				<total>1</total>
				<timestamp>632.908723</timestamp>
			</report>
			<report>
				<misses>65300001</misses>
				<total>1</total>
				<timestamp>633.879952</timestamp>
			</report>
			<report>
				<misses>65400001</misses>
				<total>1</total>
				<timestamp>634.850760</timestamp>
			</report>
			<report>
				<misses>65500001</misses>
				<total>1</total>
				<timestamp>635.821868</timestamp>
			</report>
			<report>
				<misses>65600001</misses>
				<total>1</total>
				<timestamp>636.793725</timestamp>
			</report>
			<report>
				<misses>65700001</misses>
				<total>34</total>
				<timestamp>637.765714</timestamp>
			</report>
			<report>
				<misses>65800001</misses>
				<total>34</total>
				<timestamp>638.737298</timestamp>
			</report>
			<report>
				<misses>65900001</misses>
				<total>34</total>
				<timestamp>639.708158</timestamp>
			</report>
			<report>
				<misses>66000001</misses>
				<total>34</total>
				<timestamp>640.679484</timestamp>
			</report>
			<report>
				<misses>66100001</misses>
				<total>34</total>
				<timestamp>641.650952</timestamp>
			</report>
			<report>
				<misses>66200001</misses>
				<total>34</total>
				<timestamp>642.621930</timestamp>
			</report>
			<report>
				<misses>66300001</misses>
				<total>34</total>
				<timestamp>643.593764</timestamp>
			</report>
			<report>
				<misses>66400001</misses>
				<total>34</total>
				<timestamp>644.564637</timestamp>
			</report>
			<report>
				<misses>66500001</misses>
				<total>34</total>
				<timestamp>645.535677</timestamp>
			</report>
			<report>
				<misses>66600001</misses>
				<total>34</total>
				<timestamp>646.506735</timestamp>
			</report>
			<report>
				<misses>66700001</misses>
				<total>34</total>
				<timestamp>647.477508</timestamp>
			</report>
			<report>
				<misses>66800001</misses>
				<total>34</total>
				<timestamp>648.448553</timestamp>
			</report>
			<report>
				<misses>66900001</misses>
				<total>34</total>
				<timestamp>649.419444</timestamp>
			</report>
			<report>
				<misses>67000001</misses>
				<total>34</total>
				<timestamp>650.390232</timestamp>
			</report>
			<report>
				<misses>67100001</misses>
				<total>34</total>
				<timestamp>651.361724</timestamp>
			</report>
			<report>
				<misses>67200001</misses>
				<total>34</total>
				<timestamp>652.332548</timestamp>
			</report>
			<report>
				<misses>67300001</misses>
				<total>34</total>
				<timestamp>653.303302</timestamp>
			</report>
			<report>
				<misses>67400001</misses>
				<total>34</total>
				<timestamp>654.274365</timestamp>
			</report>
			<report>
				<misses>67500001</misses>
				<total>34</total>
				<timestamp>655.245339</timestamp>
			</report>
			<report>
				<misses>67600001</misses>
				<total>34</total>
				<timestamp>656.216058</timestamp>
			</report>
			<report>
				<misses>67700001</misses>
				<total>34</total>
				<timestamp>657.186873</timestamp>
			</report>
			<report>
				<misses>67800001</misses>
				<total>34</total>
				<timestamp>658.158354</timestamp>
			</report>
			<report>
				<misses>67900001</misses>
				<total>34</total>
				<timestamp>659.128695</timestamp>
			</report>
			<report>
				<misses>68000001</misses>
				<total>34</total>
				<timestamp>660.100291</timestamp>
			</report>
			<report>
				<misses>68100001</misses>
				<total>34</total>
				<timestamp>661.071023</timestamp>
			</report>
			<report>
				<misses>68200001</misses>
				<total>34</total>
				<timestamp>662.042086</timestamp>
			</report>
			<report>
				<misses>68300001</misses>
				<total>34</total>
				<timestamp>663.013818</timestamp>
			</report>
			<report>
				<misses>68400001</misses>
				<total>34</total>
				<timestamp>663.985036</timestamp>
			</report>
			<report>
				<misses>68500001</misses>
				<total>34</total>
				<timestamp>664.955635</timestamp>
			</report>
			<report>
				<misses>68600001</misses>
				<total>34</total>
				<timestamp>665.926596</timestamp>
			</report>
			<report>
				<misses>68700001</misses>
				<total>34</total>
				<timestamp>666.897819</timestamp>
			</report>
			<report>
				<misses>68800001</misses>
				<total>34</total>
				<timestamp>667.868786</timestamp>
			</report>
			<report>
				<misses>68900001</misses>
				<total>34</total>
				<timestamp>668.839653</timestamp>
			</report>
			<report>
				<misses>69000001</misses>
				<total>34</total>
				<timestamp>669.810634</timestamp>
			</report>
			<report>
				<misses>69100001</misses>
				<total>34</total>
				<timestamp>670.782063</timestamp>
			</report>
			<report>
				<misses>69200001</misses>
				<total>34</total>
				<timestamp>671.753820</timestamp>
			</report>
			<report>
				<misses>69300001</misses>
				<total>34</total>
				<timestamp>672.724648</timestamp>
			</report>
			<report>
				<misses>69400001</misses>
				<total>34</total>
				<timestamp>673.695603</timestamp>
			</report>
			<report>
				<misses>69500001</misses>
				<total>34</total>
				<timestamp>674.666827</timestamp>
			</report>
			<report>
				<misses>69600001</misses>
				<total>34</total>
				<timestamp>675.637560</timestamp>
			</report>
			<report>
				<misses>69700001</misses>
				<total>34</total>
				<timestamp>676.608886</timestamp>
			</report>
			<report>
				<misses>69800001</misses>
				<total>34</total>
				<timestamp>677.579976</timestamp>
			</report>
			<report>
				<misses>69900001</misses>
				<total>34</total>
				<timestamp>678.551578</timestamp>
			</report>
			<report>
				<misses>70000001</misses>
				<total>34</total>
				<timestamp>679.523534</timestamp>
			</report>
			<report>
				<misses>70100001</misses>
				<total>34</total>
				<timestamp>680.494399</timestamp>
			</report>
			<report>
				<misses>70200001</misses>
				<total>34</total>
				<timestamp>681.465739</timestamp>
			</report>
			<report>
				<misses>70300001</misses>
				<total>34</total>
				<timestamp>682.436205</timestamp>
			</report>
			<report>
				<misses>70400001</misses>
				<total>34</total>
				<timestamp>683.407170</timestamp>
			</report>
			<report>
				<misses>70500001</misses>
				<total>34</total>
				<timestamp>684.378435</timestamp>
			</report>
			<report>
				<misses>70600001</misses>
				<total>34</total>
				<timestamp>685.349873</timestamp>
			</report>
			<report>
				<misses>70700001</misses>
				<total>34</total>
				<timestamp>686.321842</timestamp>
			</report>
			<report>
				<misses>70800001</misses>
				<total>34</total>
				<timestamp>687.292821</timestamp>
			</report>
			<report>
				<misses>70900001</misses>
				<total>34</total>
				<timestamp>688.263786</timestamp>
			</report>
			<report>
				<misses>71000001</misses>
				<total>34</total>
				<timestamp>689.234350</timestamp>
			</report>
			<report>
				<misses>71100001</misses>
				<total>34</total>
				<timestamp>690.204972</timestamp>
			</report>
			<report>
				<misses>71200001</misses>
				<total>34</total>
				<timestamp>691.176402</timestamp>
			</report>
			<report>
				<misses>71300001</misses>
				<total>34</total>
				<timestamp>692.147625</timestamp>
			</report>
			<report>
				<misses>71400001</misses>
				<total>34</total>
				<timestamp>693.118463</timestamp>
			</report>
			<report>
				<misses>71500001</misses>
				<total>34</total>
				<timestamp>694.089041</timestamp>
			</report>
			<report>
				<misses>71600001</misses>
				<total>34</total>
				<timestamp>695.059893</timestamp>
			</report>
			<report>
				<misses>71700001</misses>
				<total>34</total>
				<timestamp>696.030340</timestamp>
			</report>
			<report>
				<misses>71800001</misses>
				<total>34</total>
				<timestamp>697.001587</timestamp>
			</report>
			<report>
				<misses>71900001</misses>
				<total>34</total>
				<timestamp>697.972907</timestamp>
			</report>
			<report>
				<misses>72000001</misses>
				<total>34</total>
				<timestamp>698.943624</timestamp>
			</report>
			<report>
				<misses>72100001</misses>
				<total>34</total>
				<timestamp>699.915372</timestamp>
			</report>
			<report>
				<misses>72200001</misses>
				<total>34</total>
				<timestamp>700.886705</timestamp>
			</report>
			<report>
				<misses>72300001</misses>
				<total>34</total>
				<timestamp>701.857681</timestamp>
			</report>
			<report>
				<misses>72400001</misses>
				<total>34</total>
				<timestamp>702.829055</timestamp>
			</report>
			<report>
				<misses>72500001</misses>
				<total>34</total>
				<timestamp>703.800740</timestamp>
			</report>
			<report>
				<misses>72600001</misses>
				<total>34</total>
				<timestamp>704.771353</timestamp>
			</report>
			<report>
				<misses>72700001</misses>
				<total>34</total>
				<timestamp>705.742820</timestamp>
			</report>
			<report>
				<misses>72800001</misses>
				<total>34</total>
				<timestamp>706.714050</timestamp>
			</report>
			<report>
				<misses>72900001</misses>
				<total>34</total>
				<timestamp>707.685507</timestamp>
			</report>
			<report>
				<misses>73000001</misses>
				<total>34</total>
				<timestamp>708.656598</timestamp>
			</report>
			<report>
				<misses>73100001</misses>
				<total>34</total>
				<timestamp>709.627553</timestamp>
			</report>
			<report>
				<misses>73200001</misses>
				<total>34</total>
				<timestamp>710.598525</timestamp>
			</report>
			<report>
				<misses>73300001</misses>
				<total>34</total>
				<timestamp>711.569403</timestamp>
			</report>
			<report>
				<misses>73400001</misses>
				<total>34</total>
				<timestamp>712.540322</timestamp>
			</report>
			<report>
				<misses>73500001</misses>
				<total>34</total>
				<timestamp>713.511553</timestamp>
			</report>
			<report>
				<misses>73600001</misses>
				<total>34</total>
				<timestamp>714.482786</timestamp>
			</report>
			<report>
				<misses>73700001</misses>
				<total>34</total>
				<timestamp>715.454397</timestamp>
			</report>
			<report>
				<misses>73800001</misses>
				<total>34</total>
				<timestamp>716.425081</timestamp>
			</report>
			<report>
				<misses>73900001</misses>
				<total>34</total>
				<timestamp>717.395554</timestamp>
			</report>
			<report>
				<misses>74000001</misses>
				<total>34</total>
				<timestamp>718.367276</timestamp>
			</report>
			<report>
				<misses>74100001</misses>
				<total>34</total>
				<timestamp>719.337998</timestamp>
			</report>
			<report>
				<misses>74200001</misses>
				<total>34</total>
				<timestamp>720.310342</timestamp>
			</report>
			<report>
				<misses>74300001</misses>
				<total>34</total>
				<timestamp>721.281553</timestamp>
			</report>
			<report>
				<misses>74400001</misses>
				<total>34</total>
				<timestamp>722.252650</timestamp>
			</report>
			<report>
				<misses>74500001</misses>
				<total>34</total>
				<timestamp>723.224396</timestamp>
			</report>
			<report>
				<misses>74600001</misses>
				<total>34</total>
				<timestamp>724.195476</timestamp>
			</report>
			<report>
				<misses>74700001</misses>
				<total>34</total>
				<timestamp>725.166571</timestamp>
			</report>
			<report>
				<misses>74800001</misses>
				<total>34</total>
				<timestamp>726.138542</timestamp>
			</report>
			<report>
				<misses>74900001</misses>
				<total>34</total>
				<timestamp>727.109896</timestamp>
			</report>
			<report>
				<misses>75000001</misses>
				<total>34</total>
				<timestamp>728.081112</timestamp>
			</report>
			<report>
				<misses>75100001</misses>
				<total>34</total>
				<timestamp>729.051839</timestamp>
			</report>
			<report>
				<misses>75200001</misses>
				<total>34</total>
				<timestamp>730.022927</timestamp>
			</report>
			<report>
				<misses>75300001</misses>
				<total>34</total>
				<timestamp>730.993679</timestamp>
			</report>
			<report>
				<misses>75400001</misses>
				<total>34</total>
				<timestamp>731.964481</timestamp>
			</report>
			<report>
				<misses>75500001</misses>
				<total>34</total>
				<timestamp>732.935820</timestamp>
			</report>
			<report>
				<misses>75600001</misses>
				<total>34</total>
				<timestamp>733.907489</timestamp>
			</report>
			<report>
				<misses>75700001</misses>
				<total>34</total>
				<timestamp>734.878546</timestamp>
			</report>
			<report>
				<misses>75800001</misses>
				<total>34</total>
				<timestamp>735.850040</timestamp>
			</report>
			<report>
				<misses>75900001</misses>
				<total>34</total>
				<timestamp>736.821284</timestamp>
			</report>
			<report>
				<misses>76000001</misses>
				<total>34</total>
				<timestamp>737.792506</timestamp>
			</report>
			<report>
				<misses>76100001</misses>
				<total>34</total>
				<timestamp>738.763235</timestamp>
			</report>
			<report>
				<misses>76200001</misses>
				<total>34</total>
				<timestamp>739.734683</timestamp>
			</report>
			<report>
				<misses>76300001</misses>
				<total>34</total>
				<timestamp>740.705392</timestamp>
			</report>
			<report>
				<misses>76400001</misses>
				<total>34</total>
				<timestamp>741.676241</timestamp>
			</report>
			<report>
				<misses>76500001</misses>
				<total>34</total>
				<timestamp>742.647107</timestamp>
			</report>
			<report>
				<misses>76600001</misses>
				<total>34</total>
				<timestamp>743.618552</timestamp>
			</report>
			<report>
				<misses>76700001</misses>
				<total>34</total>
				<timestamp>744.590133</timestamp>
			</report>
			<report>
				<misses>76800001</misses>
				<total>34</total>
				<timestamp>745.561610</timestamp>
			</report>
			<report>
				<misses>76900001</misses>
				<total>34</total>
				<timestamp>746.532450</timestamp>
			</report>
			<report>
				<misses>77000001</misses>
				<total>34</total>
				<timestamp>747.503539</timestamp>
			</report>
			<report>
				<misses>77100001</misses>
				<total>34</total>
				<timestamp>748.474016</timestamp>
			</report>
			<report>
				<misses>77200001</misses>
				<total>34</total>
				<timestamp>749.444643</timestamp>
			</report>
			<report>
				<misses>77300001</misses>
				<total>34</total>
				<timestamp>750.415837</timestamp>
			</report>
			<report>
				<misses>77400001</misses>
				<total>34</total>
				<timestamp>751.386823</timestamp>
			</report>
			<report>
				<misses>77500001</misses>
				<total>34</total>
				<timestamp>752.357644</timestamp>
			</report>
			<report>
				<misses>77600001</misses>
				<total>34</total>
				<timestamp>753.328613</timestamp>
			</report>
			<report>
				<misses>77700001</misses>
				<total>34</total>
				<timestamp>754.299444</timestamp>
			</report>
			<report>
				<misses>77800001</misses>
				<total>34</total>
				<timestamp>755.270817</timestamp>
			</report>
			<report>
				<misses>77900001</misses>
				<total>34</total>
				<timestamp>756.241625</timestamp>
			</report>
			<report>
				<misses>78000001</misses>
				<total>34</total>
				<timestamp>757.212496</timestamp>
			</report>
			<report>
				<misses>78100001</misses>
				<total>34</total>
				<timestamp>758.184326</timestamp>
			</report>
			<report>
				<misses>78200001</misses>
				<total>34</total>
				<timestamp>759.156443</timestamp>
			</report>
			<report>
				<misses>78300001</misses>
				<total>34</total>
				<timestamp>760.127521</timestamp>
			</report>
			<report>
				<misses>78400001</misses>
				<total>34</total>
				<timestamp>761.098380</timestamp>
			</report>
			<report>
				<misses>78500001</misses>
				<total>34</total>
				<timestamp>762.070028</timestamp>
			</report>
			<report>
				<misses>78600001</misses>
				<total>34</total>
				<timestamp>763.041511</timestamp>
			</report>
			<report>
				<misses>78700001</misses>
				<total>34</total>
				<timestamp>764.012259</timestamp>
			</report>
			<report>
				<misses>78800001</misses>
				<total>34</total>
				<timestamp>764.983382</timestamp>
			</report>
			<report>
				<misses>78900001</misses>
				<total>34</total>
				<timestamp>765.954327</timestamp>
			</report>
			<report>
				<misses>79000001</misses>
				<total>34</total>
				<timestamp>766.925180</timestamp>
			</report>
			<report>
				<misses>79100001</misses>
				<total>34</total>
				<timestamp>767.896783</timestamp>
			</report>
			<report>
				<misses>79200001</misses>
				<total>34</total>
				<timestamp>768.868143</timestamp>
			</report>
			<report>
				<misses>79300001</misses>
				<total>34</total>
				<timestamp>769.839455</timestamp>
			</report>
			<report>
				<misses>79400001</misses>
				<total>34</total>
				<timestamp>770.810576</timestamp>
			</report>
			<report>
				<misses>79500001</misses>
				<total>34</total>
				<timestamp>771.781524</timestamp>
			</report>
			<report>
				<misses>79600001</misses>
				<total>34</total>
				<timestamp>772.753018</timestamp>
			</report>
			<report>
				<misses>79700001</misses>
				<total>34</total>
				<timestamp>773.723714</timestamp>
			</report>
			<report>
				<misses>79800001</misses>
				<total>34</total>
				<timestamp>774.695467</timestamp>
			</report>
			<report>
				<misses>79900001</misses>
				<total>34</total>
				<timestamp>775.667162</timestamp>
			</report>
			<report>
				<misses>80000001</misses>
				<total>34</total>
				<timestamp>776.637869</timestamp>
			</report>
			<report>
				<misses>80100001</misses>
				<total>34</total>
				<timestamp>777.609107</timestamp>
			</report>
			<report>
				<misses>80200001</misses>
				<total>34</total>
				<timestamp>778.580470</timestamp>
			</report>
			<report>
				<misses>80300001</misses>
				<total>34</total>
				<timestamp>779.551534</timestamp>
			</report>
			<report>
				<misses>80400001</misses>
				<total>34</total>
				<timestamp>780.522242</timestamp>
			</report>
			<report>
				<misses>80500001</misses>
				<total>34</total>
				<timestamp>781.493229</timestamp>
			</report>
			<report>
				<misses>80600001</misses>
				<total>34</total>
				<timestamp>782.463800</timestamp>
			</report>
			<report>
				<misses>80700001</misses>
				<total>34</total>
				<timestamp>783.434907</timestamp>
			</report>
			<report>
				<misses>80800001</misses>
				<total>34</total>
				<timestamp>784.406274</timestamp>
			</report>
			<report>
				<misses>80900001</misses>
				<total>34</total>
				<timestamp>785.377328</timestamp>
			</report>
			<report>
				<misses>81000001</misses>
				<total>34</total>
				<timestamp>786.348307</timestamp>
			</report>
			<report>
				<misses>81100001</misses>
				<total>34</total>
				<timestamp>787.319778</timestamp>
			</report>
			<report>
				<misses>81200001</misses>
				<total>34</total>
				<timestamp>788.290872</timestamp>
			</report>
			<report>
				<misses>81300001</misses>
				<total>34</total>
				<timestamp>789.262593</timestamp>
			</report>
			<report>
				<misses>81400001</misses>
				<total>34</total>
				<timestamp>790.234476</timestamp>
			</report>
			<report>
				<misses>81500001</misses>
				<total>34</total>
				<timestamp>791.205311</timestamp>
			</report>
			<report>
				<misses>81600001</misses>
				<total>34</total>
				<timestamp>792.176380</timestamp>
			</report>
			<report>
				<misses>81700001</misses>
				<total>34</total>
				<timestamp>793.147124</timestamp>
			</report>
			<report>
				<misses>81800001</misses>
				<total>34</total>
				<timestamp>794.117829</timestamp>
			</report>
			<report>
				<misses>81900001</misses>
				<total>34</total>
				<timestamp>795.088779</timestamp>
			</report>
			<report>
				<misses>82000001</misses>
				<total>34</total>
				<timestamp>796.062028</timestamp>
			</report>
			<report>
				<misses>82100001</misses>
				<total>34</total>
				<timestamp>797.032888</timestamp>
			</report>
			<report>
				<misses>82200001</misses>
				<total>34</total>
				<timestamp>798.004979</timestamp>
			</report>
			<report>
				<misses>82300001</misses>
				<total>34</total>
				<timestamp>798.976323</timestamp>
			</report>
			<report>
				<misses>82400001</misses>
				<total>34</total>
				<timestamp>799.947815</timestamp>
			</report>
			<report>
				<misses>82500001</misses>
				<total>34</total>
				<timestamp>800.918252</timestamp>
			</report>
			<report>
				<misses>82600001</misses>
				<total>34</total>
				<timestamp>801.889351</timestamp>
			</report>
			<report>
				<misses>82700001</misses>
				<total>34</total>
				<timestamp>802.860437</timestamp>
			</report>
			<report>
				<misses>82800001</misses>
				<total>34</total>
				<timestamp>803.830927</timestamp>
			</report>
			<report>
				<misses>82900001</misses>
				<total>34</total>
				<timestamp>804.802751</timestamp>
			</report>
			<report>
				<misses>83000001</misses>
				<total>34</total>
				<timestamp>805.773600</timestamp>
			</report>
			<report>
				<misses>83100001</misses>
				<total>34</total>
				<timestamp>806.745191</timestamp>
			</report>
			<report>
				<misses>83200001</misses>
				<total>34</total>
				<timestamp>807.716165</timestamp>
			</report>
			<report>
				<misses>83300001</misses>
				<total>34</total>
				<timestamp>808.687382</timestamp>
			</report>
			<report>
				<misses>83400001</misses>
				<total>34</total>
				<timestamp>809.658814</timestamp>
			</report>
			<report>
				<misses>83500001</misses>
				<total>34</total>
				<timestamp>810.630028</timestamp>
			</report>
			<report>
				<misses>83600001</misses>
				<total>34</total>
				<timestamp>811.601247</timestamp>
			</report>
			<report>
				<misses>83700001</misses>
				<total>34</total>
				<timestamp>812.572461</timestamp>
			</report>
			<report>
				<misses>83800001</misses>
				<total>34</total>
				<timestamp>813.543190</timestamp>
			</report>
			<report>
				<misses>83900001</misses>
				<total>34</total>
				<timestamp>814.514654</timestamp>
			</report>
			<report>
				<misses>84000001</misses>
				<total>34</total>
				<timestamp>815.485777</timestamp>
			</report>
			<report>
				<misses>84100001</misses>
				<total>34</total>
				<timestamp>816.457502</timestamp>
			</report>
			<report>
				<misses>84200001</misses>
				<total>34</total>
				<timestamp>817.428059</timestamp>
			</report>
			<report>
				<misses>84300001</misses>
				<total>34</total>
				<timestamp>818.398670</timestamp>
			</report>
			<report>
				<misses>84400001</misses>
				<total>34</total>
				<timestamp>819.370501</timestamp>
			</report>
			<report>
				<misses>84500001</misses>
				<total>34</total>
				<timestamp>820.341355</timestamp>
			</report>
			<report>
				<misses>84600001</misses>
				<total>34</total>
				<timestamp>821.312718</timestamp>
			</report>
			<report>
				<misses>84700001</misses>
				<total>34</total>
				<timestamp>822.283654</timestamp>
			</report>
			<report>
				<misses>84800001</misses>
				<total>34</total>
				<timestamp>823.254296</timestamp>
			</report>
			<report>
				<misses>84900001</misses>
				<total>34</total>
				<timestamp>824.225125</timestamp>
			</report>
			<report>
				<misses>85000001</misses>
				<total>34</total>
				<timestamp>825.195936</timestamp>
			</report>
			<report>
				<misses>85100001</misses>
				<total>34</total>
				<timestamp>826.167268</timestamp>
			</report>
			<report>
				<misses>85200001</misses>
				<total>34</total>
				<timestamp>827.138119</timestamp>
			</report>
			<report>
				<misses>85300001</misses>
				<total>34</total>
				<timestamp>828.109258</timestamp>
			</report>
			<report>
				<misses>85400001</misses>
				<total>34</total>
				<timestamp>829.079628</timestamp>
			</report>
			<report>
				<misses>85500001</misses>
				<total>34</total>
				<timestamp>830.050610</timestamp>
			</report>
			<report>
				<misses>85600001</misses>
				<total>34</total>
				<timestamp>831.022582</timestamp>
			</report>
			<report>
				<misses>85700001</misses>
				<total>34</total>
				<timestamp>831.993802</timestamp>
			</report>
			<report>
				<misses>85800001</misses>
				<total>34</total>
				<timestamp>832.964659</timestamp>
			</report>
			<report>
				<misses>85900001</misses>
				<total>34</total>
				<timestamp>833.935352</timestamp>
			</report>
			<report>
				<misses>86000001</misses>
				<total>34</total>
				<timestamp>834.906943</timestamp>
			</report>
			<report>
				<misses>86100001</misses>
				<total>34</total>
				<timestamp>835.879061</timestamp>
			</report>
			<report>
				<misses>86200001</misses>
				<total>34</total>
				<timestamp>836.849897</timestamp>
			</report>
			<report>
				<misses>86300001</misses>
				<total>34</total>
				<timestamp>837.821133</timestamp>
			</report>
			<report>
				<misses>86400001</misses>
				<total>34</total>
				<timestamp>838.792086</timestamp>
			</report>
			<report>
				<misses>86500001</misses>
				<total>34</total>
				<timestamp>839.763969</timestamp>
			</report>
			<report>
				<misses>86600001</misses>
				<total>34</total>
				<timestamp>840.734798</timestamp>
			</report>
			<report>
				<misses>86700001</misses>
				<total>34</total>
				<timestamp>841.706005</timestamp>
			</report>
			<report>
				<misses>86800001</misses>
				<total>34</total>
				<timestamp>842.676604</timestamp>
			</report>
			<report>
				<misses>86900001</misses>
				<total>34</total>
				<timestamp>843.647441</timestamp>
			</report>
			<report>
				<misses>87000001</misses>
				<total>34</total>
				<timestamp>844.618259</timestamp>
			</report>
			<report>
				<misses>87100001</misses>
				<total>34</total>
				<timestamp>845.589111</timestamp>
			</report>
			<report>
				<misses>87200001</misses>
				<total>34</total>
				<timestamp>846.560214</timestamp>
			</report>
			<report>
				<misses>87300001</misses>
				<total>34</total>
				<timestamp>847.531172</timestamp>
			</report>
			<report>
				<misses>87400001</misses>
				<total>34</total>
				<timestamp>848.502508</timestamp>
			</report>
			<report>
				<misses>87500001</misses>
				<total>34</total>
				<timestamp>849.474115</timestamp>
			</report>
			<report>
				<misses>87600001</misses>
				<total>34</total>
				<timestamp>850.444952</timestamp>
			</report>
			<report>
				<misses>87700001</misses>
				<total>34</total>
				<timestamp>851.416679</timestamp>
			</report>
			<report>
				<misses>87800001</misses>
				<total>34</total>
				<timestamp>852.388160</timestamp>
			</report>
			<report>
				<misses>87900001</misses>
				<total>34</total>
				<timestamp>853.359756</timestamp>
			</report>
			<report>
				<misses>88000001</misses>
				<total>34</total>
				<timestamp>854.331867</timestamp>
			</report>
			<report>
				<misses>88100001</misses>
				<total>34</total>
				<timestamp>855.302703</timestamp>
			</report>
			<report>
				<misses>88200001</misses>
				<total>34</total>
				<timestamp>856.273552</timestamp>
			</report>
			<report>
				<misses>88300001</misses>
				<total>34</total>
				<timestamp>857.245292</timestamp>
			</report>
			<report>
				<misses>88400001</misses>
				<total>34</total>
				<timestamp>858.216738</timestamp>
			</report>
			<report>
				<misses>88500001</misses>
				<total>34</total>
				<timestamp>859.188117</timestamp>
			</report>
			<report>
				<misses>88600001</misses>
				<total>34</total>
				<timestamp>860.159176</timestamp>
			</report>
			<report>
				<misses>88700001</misses>
				<total>34</total>
				<timestamp>861.129888</timestamp>
			</report>
			<report>
				<misses>88800001</misses>
				<total>34</total>
				<timestamp>862.101371</timestamp>
			</report>
			<report>
				<misses>88900001</misses>
				<total>34</total>
				<timestamp>863.072584</timestamp>
			</report>
			<report>
				<misses>89000001</misses>
				<total>34</total>
				<timestamp>864.043603</timestamp>
			</report>
			<report>
				<misses>89100001</misses>
				<total>34</total>
				<timestamp>865.014410</timestamp>
			</report>
			<report>
				<misses>89200001</misses>
				<total>34</total>
				<timestamp>865.985874</timestamp>
			</report>
			<report>
				<misses>89300001</misses>
				<total>34</total>
				<timestamp>866.957333</timestamp>
			</report>
			<report>
				<misses>89400001</misses>
				<total>34</total>
				<timestamp>867.927925</timestamp>
			</report>
			<report>
				<misses>89500001</misses>
				<total>34</total>
				<timestamp>868.898534</timestamp>
			</report>
			<report>
				<misses>89600001</misses>
				<total>34</total>
				<timestamp>869.868970</timestamp>
			</report>
			<report>
				<misses>89700001</misses>
				<total>34</total>
				<timestamp>870.839944</timestamp>
			</report>
			<report>
				<misses>89800001</misses>
				<total>34</total>
				<timestamp>871.811383</timestamp>
			</report>
			<report>
				<misses>89900001</misses>
				<total>34</total>
				<timestamp>872.784138</timestamp>
			</report>
			<report>
				<misses>90000001</misses>
				<total>34</total>
				<timestamp>873.754966</timestamp>
			</report>
			<report>
				<misses>90100001</misses>
				<total>34</total>
				<timestamp>874.725929</timestamp>
			</report>
			<report>
				<misses>90200001</misses>
				<total>34</total>
				<timestamp>875.696780</timestamp>
			</report>
			<report>
				<misses>90300001</misses>
				<total>34</total>
				<timestamp>876.667895</timestamp>
			</report>
			<report>
				<misses>90400001</misses>
				<total>34</total>
				<timestamp>877.639622</timestamp>
			</report>
			<report>
				<misses>90500001</misses>
				<total>34</total>
				<timestamp>878.610308</timestamp>
			</report>
			<report>
				<misses>90600001</misses>
				<total>34</total>
				<timestamp>879.581538</timestamp>
			</report>
			<report>
				<misses>90700001</misses>
				<total>34</total>
				<timestamp>880.552621</timestamp>
			</report>
			<report>
				<misses>90800001</misses>
				<total>34</total>
				<timestamp>881.524103</timestamp>
			</report>
			<report>
				<misses>90900001</misses>
				<total>34</total>
				<timestamp>882.494934</timestamp>
			</report>
			<report>
				<misses>91000001</misses>
				<total>34</total>
				<timestamp>883.466034</timestamp>
			</report>
			<report>
				<misses>91100001</misses>
				<total>34</total>
				<timestamp>884.437382</timestamp>
			</report>
			<report>
				<misses>91200001</misses>
				<total>34</total>
				<timestamp>885.408344</timestamp>
			</report>
			<report>
				<misses>91300001</misses>
				<total>34</total>
				<timestamp>886.379415</timestamp>
			</report>
			<report>
				<misses>91400001</misses>
				<total>34</total>
				<timestamp>887.349768</timestamp>
			</report>
			<report>
				<misses>91500001</misses>
				<total>34</total>
				<timestamp>888.320228</timestamp>
			</report>
			<report>
				<misses>91600001</misses>
				<total>34</total>
				<timestamp>889.290937</timestamp>
			</report>
			<report>
				<misses>91700001</misses>
				<total>34</total>
				<timestamp>890.261664</timestamp>
			</report>
			<report>
				<misses>91800001</misses>
				<total>34</total>
				<timestamp>891.232750</timestamp>
			</report>
			<report>
				<misses>91900001</misses>
				<total>34</total>
				<timestamp>892.204345</timestamp>
			</report>
			<report>
				<misses>92000001</misses>
				<total>34</total>
				<timestamp>893.175441</timestamp>
			</report>
			<report>
				<misses>92100001</misses>
				<total>34</total>
				<timestamp>894.146399</timestamp>
			</report>
			<report>
				<misses>92200001</misses>
				<total>34</total>
				<timestamp>895.118152</timestamp>
			</report>
			<report>
				<misses>92300001</misses>
				<total>34</total>
				<timestamp>896.089420</timestamp>
			</report>
			<report>
				<misses>92400001</misses>
				<total>34</total>
				<timestamp>897.060899</timestamp>
			</report>
			<report>
				<misses>92500001</misses>
				<total>34</total>
				<timestamp>898.032105</timestamp>
			</report>
			<report>
				<misses>92600001</misses>
				<total>34</total>
				<timestamp>899.003446</timestamp>
			</report>
			<report>
				<misses>92700001</misses>
				<total>34</total>
				<timestamp>899.974411</timestamp>
			</report>
			<report>
				<misses>92800001</misses>
				<total>34</total>
				<timestamp>900.946408</timestamp>
			</report>
			<report>
				<misses>92900001</misses>
				<total>34</total>
				<timestamp>901.917750</timestamp>
			</report>
			<report>
				<misses>93000001</misses>
				<total>34</total>
				<timestamp>902.888576</timestamp>
			</report>
			<report>
				<misses>93100001</misses>
				<total>34</total>
				<timestamp>903.859317</timestamp>
			</report>
			<report>
				<misses>93200001</misses>
				<total>34</total>
				<timestamp>904.830657</timestamp>
			</report>
			<report>
				<misses>93300001</misses>
				<total>34</total>
				<timestamp>905.801739</timestamp>
			</report>
			<report>
				<misses>93400001</misses>
				<total>34</total>
				<timestamp>906.773208</timestamp>
			</report>
			<report>
				<misses>93500001</misses>
				<total>34</total>
				<timestamp>907.744423</timestamp>
			</report>
			<report>
				<misses>93600001</misses>
				<total>34</total>
				<timestamp>908.715436</timestamp>
			</report>
			<report>
				<misses>93700001</misses>
				<total>34</total>
				<timestamp>909.686238</timestamp>
			</report>
			<report>
				<misses>93800001</misses>
				<total>34</total>
				<timestamp>910.657359</timestamp>
			</report>
			<report>
				<misses>93900001</misses>
				<total>34</total>
				<timestamp>911.628321</timestamp>
			</report>
			<report>
				<misses>94000001</misses>
				<total>34</total>
				<timestamp>912.599390</timestamp>
			</report>
			<report>
				<misses>94100001</misses>
				<total>34</total>
				<timestamp>913.570608</timestamp>
			</report>
			<report>
				<misses>94200001</misses>
				<total>34</total>
				<timestamp>914.541837</timestamp>
			</report>
			<report>
				<misses>94300001</misses>
				<total>34</total>
				<timestamp>915.512681</timestamp>
			</report>
			<report>
				<misses>94400001</misses>
				<total>34</total>
				<timestamp>916.483649</timestamp>
			</report>
			<report>
				<misses>94500001</misses>
				<total>34</total>
				<timestamp>917.454748</timestamp>
			</report>
			<report>
				<misses>94600001</misses>
				<total>34</total>
				<timestamp>918.425586</timestamp>
			</report>
			<report>
				<misses>94700001</misses>
				<total>34</total>
				<timestamp>919.397674</timestamp>
			</report>
			<report>
				<misses>94800001</misses>
				<total>34</total>
				<timestamp>920.369017</timestamp>
			</report>
			<report>
				<misses>94900001</misses>
				<total>34</total>
				<timestamp>921.340156</timestamp>
			</report>
			<report>
				<misses>95000001</misses>
				<total>34</total>
				<timestamp>922.311608</timestamp>
			</report>
			<report>
				<misses>95100001</misses>
				<total>34</total>
				<timestamp>923.282431</timestamp>
			</report>
			<report>
				<misses>95200001</misses>
				<total>34</total>
				<timestamp>924.253905</timestamp>
			</report>
			<report>
				<misses>95300001</misses>
				<total>34</total>
				<timestamp>925.224876</timestamp>
			</report>
			<report>
				<misses>95400001</misses>
				<total>34</total>
				<timestamp>926.196225</timestamp>
			</report>
			<report>
				<misses>95500001</misses>
				<total>34</total>
				<timestamp>927.167828</timestamp>
			</report>
			<report>
				<misses>95600001</misses>
				<total>34</total>
				<timestamp>928.138284</timestamp>
			</report>
			<report>
				<misses>95700001</misses>
				<total>34</total>
				<timestamp>929.109122</timestamp>
			</report>
			<report>
				<misses>95800001</misses>
				<total>34</total>
				<timestamp>930.080220</timestamp>
			</report>
			<report>
				<misses>95900001</misses>
				<total>34</total>
				<timestamp>931.051176</timestamp>
			</report>
			<report>
				<misses>96000001</misses>
				<total>34</total>
				<timestamp>932.022150</timestamp>
			</report>
			<report>
				<misses>96100001</misses>
				<total>34</total>
				<timestamp>932.993889</timestamp>
			</report>
			<report>
				<misses>96200001</misses>
				<total>34</total>
				<timestamp>933.965208</timestamp>
			</report>
			<report>
				<misses>96300001</misses>
				<total>34</total>
				<timestamp>934.937078</timestamp>
			</report>
			<report>
				<misses>96400001</misses>
				<total>34</total>
				<timestamp>935.907920</timestamp>
			</report>
			<report>
				<misses>96500001</misses>
				<total>34</total>
				<timestamp>936.878625</timestamp>
			</report>
			<report>
				<misses>96600001</misses>
				<total>34</total>
				<timestamp>937.849720</timestamp>
			</report>
			<report>
				<misses>96700001</misses>
				<total>34</total>
				<timestamp>938.820814</timestamp>
			</report>
			<report>
				<misses>96800001</misses>
				<total>34</total>
				<timestamp>939.791662</timestamp>
			</report>
			<report>
				<misses>96900001</misses>
				<total>34</total>
				<timestamp>940.763150</timestamp>
			</report>
			<report>
				<misses>97000001</misses>
				<total>34</total>
				<timestamp>941.735109</timestamp>
			</report>
			<report>
				<misses>97100001</misses>
				<total>34</total>
				<timestamp>942.706976</timestamp>
			</report>
			<report>
				<misses>97200001</misses>
				<total>34</total>
				<timestamp>943.677935</timestamp>
			</report>
			<report>
				<misses>97300001</misses>
				<total>34</total>
				<timestamp>944.648777</timestamp>
			</report>
			<report>
				<misses>97400001</misses>
				<total>34</total>
				<timestamp>945.621006</timestamp>
			</report>
			<report>
				<misses>97500001</misses>
				<total>34</total>
				<timestamp>946.591838</timestamp>
			</report>
			<report>
				<misses>97600001</misses>
				<total>34</total>
				<timestamp>947.562817</timestamp>
			</report>
			<report>
				<misses>97700001</misses>
				<total>34</total>
				<timestamp>948.534278</timestamp>
			</report>
			<report>
				<misses>97800001</misses>
				<total>34</total>
				<timestamp>949.505019</timestamp>
			</report>
			<report>
				<misses>97900001</misses>
				<total>34</total>
				<timestamp>950.476380</timestamp>
			</report>
			<report>
				<misses>98000001</misses>
				<total>34</total>
				<timestamp>951.447312</timestamp>
			</report>
			<report>
				<misses>98100001</misses>
				<total>34</total>
				<timestamp>952.417770</timestamp>
			</report>
			<report>
				<misses>98200001</misses>
				<total>34</total>
				<timestamp>953.388910</timestamp>
			</report>
			<report>
				<misses>98300001</misses>
				<total>34</total>
				<timestamp>954.359452</timestamp>
			</report>
			<report>
				<misses>98400001</misses>
				<total>34</total>
				<timestamp>955.330829</timestamp>
			</report>
			<report>
				<misses>98500001</misses>
				<total>34</total>
				<timestamp>956.301642</timestamp>
			</report>
			<report>
				<misses>98600001</misses>
				<total>34</total>
				<timestamp>957.272353</timestamp>
			</report>
			<report>
				<misses>98700001</misses>
				<total>34</total>
				<timestamp>958.244078</timestamp>
			</report>
			<report>
				<misses>98800001</misses>
				<total>34</total>
				<timestamp>959.215292</timestamp>
			</report>
			<report>
				<misses>98900001</misses>
				<total>34</total>
				<timestamp>960.186138</timestamp>
			</report>
			<report>
				<misses>99000001</misses>
				<total>34</total>
				<timestamp>961.157303</timestamp>
			</report>
			<report>
				<misses>99100001</misses>
				<total>34</total>
				<timestamp>962.128278</timestamp>
			</report>
			<report>
				<misses>99200001</misses>
				<total>34</total>
				<timestamp>963.100094</timestamp>
			</report>
			<report>
				<misses>99300001</misses>
				<total>34</total>
				<timestamp>964.071420</timestamp>
			</report>
			<report>
				<misses>99400001</misses>
				<total>34</total>
				<timestamp>965.042581</timestamp>
			</report>
			<report>
				<misses>99500001</misses>
				<total>34</total>
				<timestamp>966.013527</timestamp>
			</report>
			<report>
				<misses>99600001</misses>
				<total>34</total>
				<timestamp>966.984397</timestamp>
			</report>
			<report>
				<misses>99700001</misses>
				<total>34</total>
				<timestamp>967.955736</timestamp>
			</report>
			<report>
				<misses>99800001</misses>
				<total>34</total>
				<timestamp>968.926834</timestamp>
			</report>
			<report>
				<misses>99900001</misses>
				<total>34</total>
				<timestamp>969.897684</timestamp>
			</report>
			<report>
				<misses>100000001</misses>
				<total>34</total>
				<timestamp>970.869154</timestamp>
			</report>
			<report>
				<misses>100100001</misses>
				<total>34</total>
				<timestamp>971.840004</timestamp>
			</report>
			<report>
				<misses>100200001</misses>
				<total>34</total>
				<timestamp>972.811588</timestamp>
			</report>
			<report>
				<misses>100300001</misses>
				<total>34</total>
				<timestamp>973.782692</timestamp>
			</report>
			<report>
				<misses>100400001</misses>
				<total>34</total>
				<timestamp>974.753904</timestamp>
			</report>
			<report>
				<misses>100500001</misses>
				<total>34</total>
				<timestamp>975.725020</timestamp>
			</report>
			<report>
				<misses>100600001</misses>
				<total>34</total>
				<timestamp>976.696600</timestamp>
			</report>
			<report>
				<misses>100700001</misses>
				<total>34</total>
				<timestamp>977.668319</timestamp>
			</report>
			<report>
				<misses>100800001</misses>
				<total>34</total>
				<timestamp>978.638792</timestamp>
			</report>
			<report>
				<misses>100900001</misses>
				<total>34</total>
				<timestamp>979.610016</timestamp>
			</report>
			<report>
				<misses>101000001</misses>
				<total>34</total>
				<timestamp>980.582249</timestamp>
			</report>
			<report>
				<misses>101100001</misses>
				<total>34</total>
				<timestamp>981.553612</timestamp>
			</report>
			<report>
				<misses>101200001</misses>
				<total>34</total>
				<timestamp>982.525423</timestamp>
			</report>
			<report>
				<misses>101300001</misses>
				<total>34</total>
				<timestamp>983.496566</timestamp>
			</report>
			<report>
				<misses>101400001</misses>
				<total>34</total>
				<timestamp>984.467390</timestamp>
			</report>
			<report>
				<misses>101500001</misses>
				<total>34</total>
				<timestamp>985.438717</timestamp>
			</report>
			<report>
				<misses>101600001</misses>
				<total>34</total>
				<timestamp>986.410060</timestamp>
			</report>
			<report>
				<misses>101700001</misses>
				<total>34</total>
				<timestamp>987.381036</timestamp>
			</report>
			<report>
				<misses>101800001</misses>
				<total>34</total>
				<timestamp>988.352110</timestamp>
			</report>
			<report>
				<misses>101900001</misses>
				<total>34</total>
				<timestamp>989.323271</timestamp>
			</report>
			<report>
				<misses>102000001</misses>
				<total>34</total>
				<timestamp>990.293868</timestamp>
			</report>
			<report>
				<misses>102100001</misses>
				<total>34</total>
				<timestamp>991.265453</timestamp>
			</report>
			<report>
				<misses>102200001</misses>
				<total>34</total>
				<timestamp>992.236476</timestamp>
			</report>
			<report>
				<misses>102300001</misses>
				<total>34</total>
				<timestamp>993.207273</timestamp>
			</report>
			<report>
				<misses>102400001</misses>
				<total>34</total>
				<timestamp>994.177990</timestamp>
			</report>
			<report>
				<misses>102500001</misses>
				<total>34</total>
				<timestamp>995.148830</timestamp>
			</report>
			<report>
				<misses>102600001</misses>
				<total>34</total>
				<timestamp>996.119547</timestamp>
			</report>
			<report>
				<misses>102700001</misses>
				<total>34</total>
				<timestamp>997.091009</timestamp>
			</report>
			<report>
				<misses>102800001</misses>
				<total>34</total>
				<timestamp>998.061990</timestamp>
			</report>
			<report>
				<misses>102900001</misses>
				<total>34</total>
				<timestamp>999.032905</timestamp>
			</report>
			<report>
				<misses>103000001</misses>
				<total>34</total>
				<timestamp>1000.003938</timestamp>
			</report>
			<report>
				<misses>103100001</misses>
				<total>34</total>
				<timestamp>1000.975409</timestamp>
			</report>
			<report>
				<misses>103200001</misses>
				<total>34</total>
				<timestamp>1001.946255</timestamp>
			</report>
			<report>
				<misses>103300001</misses>
				<total>34</total>
				<timestamp>1002.917948</timestamp>
			</report>
			<report>
				<misses>103400001</misses>
				<total>34</total>
				<timestamp>1003.889176</timestamp>
			</report>
			<report>
				<misses>103500001</misses>
				<total>34</total>
				<timestamp>1004.861039</timestamp>
			</report>
			<report>
				<misses>103600001</misses>
				<total>34</total>
				<timestamp>1005.832498</timestamp>
			</report>
			<report>
				<misses>103700001</misses>
				<total>34</total>
				<timestamp>1006.803733</timestamp>
			</report>
			<report>
				<misses>103800001</misses>
				<total>34</total>
				<timestamp>1007.774696</timestamp>
			</report>
			<report>
				<misses>103900001</misses>
				<total>34</total>
				<timestamp>1008.745399</timestamp>
			</report>
			<report>
				<misses>104000001</misses>
				<total>34</total>
				<timestamp>1009.716264</timestamp>
			</report>
			<report>
				<misses>104100001</misses>
				<total>34</total>
				<timestamp>1010.687207</timestamp>
			</report>
			<report>
				<misses>104200001</misses>
				<total>34</total>
				<timestamp>1011.658431</timestamp>
			</report>
			<report>
				<misses>104300001</misses>
				<total>34</total>
				<timestamp>1012.629416</timestamp>
			</report>
			<report>
				<misses>104400001</misses>
				<total>34</total>
				<timestamp>1013.600359</timestamp>
			</report>
			<report>
				<misses>104500001</misses>
				<total>34</total>
				<timestamp>1014.571332</timestamp>
			</report>
			<report>
				<misses>104600001</misses>
				<total>34</total>
				<timestamp>1015.542689</timestamp>
			</report>
			<report>
				<misses>104700001</misses>
				<total>34</total>
				<timestamp>1016.513771</timestamp>
			</report>
			<report>
				<misses>104800001</misses>
				<total>34</total>
				<timestamp>1017.485123</timestamp>
			</report>
			<report>
				<misses>104900001</misses>
				<total>34</total>
				<timestamp>1018.457228</timestamp>
			</report>
			<report>
				<misses>105000001</misses>
				<total>34</total>
				<timestamp>1019.427937</timestamp>
			</report>
			<report>
				<misses>105100001</misses>
				<total>34</total>
				<timestamp>1020.399800</timestamp>
			</report>
			<report>
				<misses>105200001</misses>
				<total>34</total>
				<timestamp>1021.370642</timestamp>
			</report>
			<report>
				<misses>105300001</misses>
				<total>34</total>
				<timestamp>1022.341607</timestamp>
			</report>
			<report>
				<misses>105400001</misses>
				<total>34</total>
				<timestamp>1023.312775</timestamp>
			</report>
			<report>
				<misses>105500001</misses>
				<total>34</total>
				<timestamp>1024.284299</timestamp>
			</report>
			<report>
				<misses>105600001</misses>
				<total>34</total>
				<timestamp>1025.255508</timestamp>
			</report>
			<report>
				<misses>105700001</misses>
				<total>34</total>
				<timestamp>1026.227003</timestamp>
			</report>
			<report>
				<misses>105800001</misses>
				<total>34</total>
				<timestamp>1027.199227</timestamp>
			</report>
			<report>
				<misses>105900001</misses>
				<total>34</total>
				<timestamp>1028.170459</timestamp>
			</report>
			<report>
				<misses>106000001</misses>
				<total>34</total>
				<timestamp>1029.141893</timestamp>
			</report>
			<report>
				<misses>106100001</misses>
				<total>34</total>
				<timestamp>1030.112869</timestamp>
			</report>
			<report>
				<misses>106200001</misses>
				<total>34</total>
				<timestamp>1031.083981</timestamp>
			</report>
			<report>
				<misses>106300001</misses>
				<total>34</total>
				<timestamp>1032.055171</timestamp>
			</report>
			<report>
				<misses>106400001</misses>
				<total>34</total>
				<timestamp>1033.026269</timestamp>
			</report>
			<report>
				<misses>106500001</misses>
				<total>34</total>
				<timestamp>1033.997249</timestamp>
			</report>
			<report>
				<misses>106600001</misses>
				<total>34</total>
				<timestamp>1034.967858</timestamp>
			</report>
			<report>
				<misses>106700001</misses>
				<total>34</total>
				<timestamp>1035.938417</timestamp>
			</report>
			<report>
				<misses>106800001</misses>
				<total>34</total>
				<timestamp>1036.909394</timestamp>
			</report>
			<report>
				<misses>106900001</misses>
				<total>34</total>
				<timestamp>1037.879597</timestamp>
			</report>
			<report>
				<misses>107000001</misses>
				<total>34</total>
				<timestamp>1038.851355</timestamp>
			</report>
			<report>
				<misses>107100001</misses>
				<total>34</total>
				<timestamp>1039.822529</timestamp>
			</report>
			<report>
				<misses>107200001</misses>
				<total>34</total>
				<timestamp>1040.793294</timestamp>
			</report>
			<report>
				<misses>107300001</misses>
				<total>34</total>
				<timestamp>1041.764008</timestamp>
			</report>
			<report>
				<misses>107400001</misses>
				<total>34</total>
				<timestamp>1042.735622</timestamp>
			</report>
			<report>
				<misses>107500001</misses>
				<total>34</total>
				<timestamp>1043.707081</timestamp>
			</report>
			<report>
				<misses>107600001</misses>
				<total>34</total>
				<timestamp>1044.677948</timestamp>
			</report>
			<report>
				<misses>107700001</misses>
				<total>34</total>
				<timestamp>1045.649547</timestamp>
			</report>
			<report>
				<misses>107800001</misses>
				<total>34</total>
				<timestamp>1046.621763</timestamp>
			</report>
			<report>
				<misses>107900001</misses>
				<total>34</total>
				<timestamp>1047.592343</timestamp>
			</report>
			<report>
				<misses>108000001</misses>
				<total>34</total>
				<timestamp>1048.562803</timestamp>
			</report>
			<report>
				<misses>108100001</misses>
				<total>34</total>
				<timestamp>1049.534046</timestamp>
			</report>
			<report>
				<misses>108200001</misses>
				<total>34</total>
				<timestamp>1050.504887</timestamp>
			</report>
			<report>
				<misses>108300001</misses>
				<total>34</total>
				<timestamp>1051.476089</timestamp>
			</report>
			<report>
				<misses>108400001</misses>
				<total>34</total>
				<timestamp>1052.447697</timestamp>
			</report>
			<report>
				<misses>108500001</misses>
				<total>34</total>
				<timestamp>1053.418780</timestamp>
			</report>
			<report>
				<misses>108600001</misses>
				<total>34</total>
				<timestamp>1054.390653</timestamp>
			</report>
			<report>
				<misses>108700001</misses>
				<total>34</total>
				<timestamp>1055.361606</timestamp>
			</report>
			<report>
				<misses>108800001</misses>
				<total>34</total>
				<timestamp>1056.332196</timestamp>
			</report>
			<report>
				<misses>108900001</misses>
				<total>34</total>
				<timestamp>1057.304195</timestamp>
			</report>
			<report>
				<misses>109000001</misses>
				<total>34</total>
				<timestamp>1058.276285</timestamp>
			</report>
			<report>
				<misses>109100001</misses>
				<total>34</total>
				<timestamp>1059.247225</timestamp>
			</report>
			<report>
				<misses>109200001</misses>
				<total>34</total>
				<timestamp>1060.217851</timestamp>
			</report>
			<report>
				<misses>109300001</misses>
				<total>34</total>
				<timestamp>1061.189301</timestamp>
			</report>
			<report>
				<misses>109400001</misses>
				<total>34</total>
				<timestamp>1062.161015</timestamp>
			</report>
			<report>
				<misses>109500001</misses>
				<total>34</total>
				<timestamp>1063.132253</timestamp>
			</report>
			<report>
				<misses>109600001</misses>
				<total>34</total>
				<timestamp>1064.103226</timestamp>
			</report>
			<report>
				<misses>109700001</misses>
				<total>34</total>
				<timestamp>1065.074433</timestamp>
			</report>
			<report>
				<misses>109800001</misses>
				<total>34</total>
				<timestamp>1066.045149</timestamp>
			</report>
			<report>
				<misses>109900001</misses>
				<total>34</total>
				<timestamp>1067.016109</timestamp>
			</report>
			<report>
				<misses>110000001</misses>
				<total>34</total>
				<timestamp>1067.986941</timestamp>
			</report>
			<report>
				<misses>110100001</misses>
				<total>34</total>
				<timestamp>1068.957933</timestamp>
			</report>
			<report>
				<misses>110200001</misses>
				<total>34</total>
				<timestamp>1069.929398</timestamp>
			</report>
			<report>
				<misses>110300001</misses>
				<total>34</total>
				<timestamp>1070.900478</timestamp>
			</report>
			<report>
				<misses>110400001</misses>
				<total>34</total>
				<timestamp>1071.871215</timestamp>
			</report>
			<report>
				<misses>110500001</misses>
				<total>34</total>
				<timestamp>1072.843067</timestamp>
			</report>
			<report>
				<misses>110600001</misses>
				<total>34</total>
				<timestamp>1073.814283</timestamp>
			</report>
			<report>
				<misses>110700001</misses>
				<total>34</total>
				<timestamp>1074.785994</timestamp>
			</report>
			<report>
				<misses>110800001</misses>
				<total>34</total>
				<timestamp>1075.756721</timestamp>
			</report>
			<report>
				<misses>110900001</misses>
				<total>34</total>
				<timestamp>1076.727209</timestamp>
			</report>
			<report>
				<misses>111000001</misses>
				<total>34</total>
				<timestamp>1077.698013</timestamp>
			</report>
			<report>
				<misses>111100001</misses>
				<total>34</total>
				<timestamp>1078.668723</timestamp>
			</report>
			<report>
				<misses>111200001</misses>
				<total>34</total>
				<timestamp>1079.639823</timestamp>
			</report>
			<report>
				<misses>111300001</misses>
				<total>34</total>
				<timestamp>1080.610422</timestamp>
			</report>
			<report>
				<misses>111400001</misses>
				<total>34</total>
				<timestamp>1081.581664</timestamp>
			</report>
			<report>
				<misses>111500001</misses>
				<total>34</total>
				<timestamp>1082.553730</timestamp>
			</report>
			<report>
				<misses>111600001</misses>
				<total>34</total>
				<timestamp>1083.524834</timestamp>
			</report>
			<report>
				<misses>111700001</misses>
				<total>34</total>
				<timestamp>1084.495796</timestamp>
			</report>
			<report>
				<misses>111800001</misses>
				<total>34</total>
				<timestamp>1085.466639</timestamp>
			</report>
			<report>
				<misses>111900001</misses>
				<total>34</total>
				<timestamp>1086.437355</timestamp>
			</report>
			<report>
				<misses>112000001</misses>
				<total>34</total>
				<timestamp>1087.408702</timestamp>
			</report>
			<report>
				<misses>112100001</misses>
				<total>34</total>
				<timestamp>1088.379599</timestamp>
			</report>
			<report>
				<misses>112200001</misses>
				<total>34</total>
				<timestamp>1089.350428</timestamp>
			</report>
			<report>
				<misses>112300001</misses>
				<total>34</total>
				<timestamp>1090.321538</timestamp>
			</report>
			<report>
				<misses>112400001</misses>
				<total>34</total>
				<timestamp>1091.292193</timestamp>
			</report>
			<report>
				<misses>112500001</misses>
				<total>34</total>
				<timestamp>1092.263523</timestamp>
			</report>
			<report>
				<misses>112600001</misses>
				<total>34</total>
				<timestamp>1093.234885</timestamp>
			</report>
			<report>
				<misses>112700001</misses>
				<total>34</total>
				<timestamp>1094.205700</timestamp>
			</report>
			<report>
				<misses>112800001</misses>
				<total>34</total>
				<timestamp>1095.176423</timestamp>
			</report>
			<report>
				<misses>112900001</misses>
				<total>34</total>
				<timestamp>1096.147635</timestamp>
			</report>
			<report>
				<misses>113000001</misses>
				<total>34</total>
				<timestamp>1097.118239</timestamp>
			</report>
			<report>
				<misses>113100001</misses>
				<total>34</total>
				<timestamp>1098.089074</timestamp>
			</report>
			<report>
				<misses>113200001</misses>
				<total>34</total>
				<timestamp>1099.059914</timestamp>
			</report>
			<report>
				<misses>113300001</misses>
				<total>34</total>
				<timestamp>1100.031033</timestamp>
			</report>
			<report>
				<misses>113400001</misses>
				<total>34</total>
				<timestamp>1101.001746</timestamp>
			</report>
			<report>
				<misses>113500001</misses>
				<total>34</total>
				<timestamp>1101.972567</timestamp>
			</report>
			<report>
				<misses>113600001</misses>
				<total>34</total>
				<timestamp>1102.943302</timestamp>
			</report>
			<report>
				<misses>113700001</misses>
				<total>34</total>
				<timestamp>1103.913995</timestamp>
			</report>
			<report>
				<misses>113800001</misses>
				<total>34</total>
				<timestamp>1104.884550</timestamp>
			</report>
			<report>
				<misses>113900001</misses>
				<total>34</total>
				<timestamp>1105.855707</timestamp>
			</report>
			<report>
				<misses>114000001</misses>
				<total>34</total>
				<timestamp>1106.826680</timestamp>
			</report>
			<report>
				<misses>114100001</misses>
				<total>34</total>
				<timestamp>1107.797765</timestamp>
			</report>
			<report>
				<misses>114200001</misses>
				<total>34</total>
				<timestamp>1108.769378</timestamp>
			</report>
			<report>
				<misses>114300001</misses>
				<total>34</total>
				<timestamp>1109.740079</timestamp>
			</report>
			<report>
				<misses>114400001</misses>
				<total>34</total>
				<timestamp>1110.711450</timestamp>
			</report>
			<report>
				<misses>114500001</misses>
				<total>34</total>
				<timestamp>1111.682800</timestamp>
			</report>
			<report>
				<misses>114600001</misses>
				<total>34</total>
				<timestamp>1112.653898</timestamp>
			</report>
			<report>
				<misses>114700001</misses>
				<total>34</total>
				<timestamp>1113.625326</timestamp>
			</report>
			<report>
				<misses>114800001</misses>
				<total>34</total>
				<timestamp>1114.596194</timestamp>
			</report>
			<report>
				<misses>114900001</misses>
				<total>34</total>
				<timestamp>1115.568036</timestamp>
			</report>
			<report>
				<misses>115000001</misses>
				<total>34</total>
				<timestamp>1116.539249</timestamp>
			</report>
			<report>
				<misses>115100001</misses>
				<total>34</total>
				<timestamp>1117.510219</timestamp>
			</report>
			<report>
				<misses>115200001</misses>
				<total>34</total>
				<timestamp>1118.481275</timestamp>
			</report>
			<report>
				<misses>115300001</misses>
				<total>34</total>
				<timestamp>1119.452281</timestamp>
			</report>
			<report>
				<misses>115400001</misses>
				<total>34</total>
				<timestamp>1120.423897</timestamp>
			</report>
			<report>
				<misses>115500001</misses>
				<total>34</total>
				<timestamp>1121.394845</timestamp>
			</report>
			<report>
				<misses>115600001</misses>
				<total>34</total>
				<timestamp>1122.365561</timestamp>
			</report>
			<report>
				<misses>115700001</misses>
				<total>34</total>
				<timestamp>1123.336663</timestamp>
			</report>
			<report>
				<misses>115800001</misses>
				<total>34</total>
				<timestamp>1124.307876</timestamp>
			</report>
			<report>
				<misses>115900001</misses>
				<total>34</total>
				<timestamp>1125.279481</timestamp>
			</report>
			<report>
				<misses>116000001</misses>
				<total>34</total>
				<timestamp>1126.251057</timestamp>
			</report>
			<report>
				<misses>116100001</misses>
				<total>34</total>
				<timestamp>1127.222119</timestamp>
			</report>
			<report>
				<misses>116200001</misses>
				<total>34</total>
				<timestamp>1128.194339</timestamp>
			</report>
			<report>
				<misses>116300001</misses>
				<total>34</total>
				<timestamp>1129.164812</timestamp>
			</report>
			<report>
				<misses>116400001</misses>
				<total>34</total>
				<timestamp>1130.136923</timestamp>
			</report>
			<report>
				<misses>116500001</misses>
				<total>34</total>
				<timestamp>1131.107876</timestamp>
			</report>
			<report>
				<misses>116600001</misses>
				<total>34</total>
				<timestamp>1132.079295</timestamp>
			</report>
			<report>
				<misses>116700001</misses>
				<total>34</total>
				<timestamp>1133.049816</timestamp>
			</report>
			<report>
				<misses>116800001</misses>
				<total>34</total>
				<timestamp>1134.021305</timestamp>
			</report>
			<report>
				<misses>116900001</misses>
				<total>34</total>
				<timestamp>1134.992414</timestamp>
			</report>
			<report>
				<misses>117000001</misses>
				<total>34</total>
				<timestamp>1135.963882</timestamp>
			</report>
			<report>
				<misses>117100001</misses>
				<total>34</total>
				<timestamp>1136.934678</timestamp>
			</report>
			<report>
				<misses>117200001</misses>
				<total>34</total>
				<timestamp>1137.905415</timestamp>
			</report>
			<report>
				<misses>117300001</misses>
				<total>34</total>
				<timestamp>1138.876666</timestamp>
			</report>
			<report>
				<misses>117400001</misses>
				<total>34</total>
				<timestamp>1139.848240</timestamp>
			</report>
			<report>
				<misses>117500001</misses>
				<total>34</total>
				<timestamp>1140.819574</timestamp>
			</report>
			<report>
				<misses>117600001</misses>
				<total>34</total>
				<timestamp>1141.790413</timestamp>
			</report>
			<report>
				<misses>117700001</misses>
				<total>34</total>
				<timestamp>1142.761647</timestamp>
			</report>
			<report>
				<misses>117800001</misses>
				<total>34</total>
				<timestamp>1143.732695</timestamp>
			</report>
			<report>
				<misses>117900001</misses>
				<total>34</total>
				<timestamp>1144.704775</timestamp>
			</report>
			<report>
				<misses>118000001</misses>
				<total>34</total>
				<timestamp>1145.676113</timestamp>
			</report>
			<report>
				<misses>118100001</misses>
				<total>34</total>
				<timestamp>1146.647955</timestamp>
			</report>
			<report>
				<misses>118200001</misses>
				<total>34</total>
				<timestamp>1147.618790</timestamp>
			</report>
			<report>
				<misses>118300001</misses>
				<total>34</total>
				<timestamp>1148.589665</timestamp>
			</report>
			<report>
				<misses>118400001</misses>
				<total>34</total>
				<timestamp>1149.560985</timestamp>
			</report>
			<report>
				<misses>118500001</misses>
				<total>34</total>
				<timestamp>1150.532085</timestamp>
			</report>
			<report>
				<misses>118600001</misses>
				<total>34</total>
				<timestamp>1151.502802</timestamp>
			</report>
			<report>
				<misses>118700001</misses>
				<total>34</total>
				<timestamp>1152.474170</timestamp>
			</report>
			<report>
				<misses>118800001</misses>
				<total>34</total>
				<timestamp>1153.445378</timestamp>
			</report>
			<report>
				<misses>118900001</misses>
				<total>34</total>
				<timestamp>1154.416711</timestamp>
			</report>
			<report>
				<misses>119000001</misses>
				<total>34</total>
				<timestamp>1155.387056</timestamp>
			</report>
			<report>
				<misses>119100001</misses>
				<total>34</total>
				<timestamp>1156.358670</timestamp>
			</report>
			<report>
				<misses>119200001</misses>
				<total>34</total>
				<timestamp>1157.329738</timestamp>
			</report>
			<report>
				<misses>119300001</misses>
				<total>34</total>
				<timestamp>1158.300645</timestamp>
			</report>
			<report>
				<misses>119400001</misses>
				<total>34</total>
				<timestamp>1159.271742</timestamp>
			</report>
			<report>
				<misses>119500001</misses>
				<total>34</total>
				<timestamp>1160.242446</timestamp>
			</report>
			<report>
				<misses>119600001</misses>
				<total>34</total>
				<timestamp>1161.213041</timestamp>
			</report>
			<report>
				<misses>119700001</misses>
				<total>34</total>
				<timestamp>1162.184665</timestamp>
			</report>
			<report>
				<misses>119800001</misses>
				<total>34</total>
				<timestamp>1163.156389</timestamp>
			</report>
			<report>
				<misses>119900001</misses>
				<total>34</total>
				<timestamp>1164.127969</timestamp>
			</report>
			<report>
				<misses>120000001</misses>
				<total>34</total>
				<timestamp>1165.099173</timestamp>
			</report>
			<report>
				<misses>120100001</misses>
				<total>34</total>
				<timestamp>1166.070534</timestamp>
			</report>
			<report>
				<misses>120200001</misses>
				<total>34</total>
				<timestamp>1167.041241</timestamp>
			</report>
			<report>
				<misses>120300001</misses>
				<total>34</total>
				<timestamp>1168.011717</timestamp>
			</report>
			<report>
				<misses>120400001</misses>
				<total>34</total>
				<timestamp>1168.982448</timestamp>
			</report>
			<report>
				<misses>120500001</misses>
				<total>34</total>
				<timestamp>1169.953401</timestamp>
			</report>
			<report>
				<misses>120600001</misses>
				<total>34</total>
				<timestamp>1170.925988</timestamp>
			</report>
			<report>
				<misses>120700001</misses>
				<total>34</total>
				<timestamp>1171.897118</timestamp>
			</report>
			<report>
				<misses>120800001</misses>
				<total>34</total>
				<timestamp>1172.868688</timestamp>
			</report>
			<report>
				<misses>120900001</misses>
				<total>34</total>
				<timestamp>1173.839407</timestamp>
			</report>
			<report>
				<misses>121000001</misses>
				<total>34</total>
				<timestamp>1174.810269</timestamp>
			</report>
			<report>
				<misses>121100001</misses>
				<total>34</total>
				<timestamp>1175.781340</timestamp>
			</report>
			<report>
				<misses>121200001</misses>
				<total>34</total>
				<timestamp>1176.752436</timestamp>
			</report>
			<report>
				<misses>121300001</misses>
				<total>34</total>
				<timestamp>1177.722883</timestamp>
			</report>
			<report>
				<misses>121400001</misses>
				<total>34</total>
				<timestamp>1178.693606</timestamp>
			</report>
			<report>
				<misses>121500001</misses>
				<total>34</total>
				<timestamp>1179.665450</timestamp>
			</report>
			<report>
				<misses>121600001</misses>
				<total>34</total>
				<timestamp>1180.636177</timestamp>
			</report>
			<report>
				<misses>121700001</misses>
				<total>34</total>
				<timestamp>1181.606900</timestamp>
			</report>
			<report>
				<misses>121800001</misses>
				<total>34</total>
				<timestamp>1182.578521</timestamp>
			</report>
			<report>
				<misses>121900001</misses>
				<total>34</total>
				<timestamp>1183.549228</timestamp>
			</report>
			<report>
				<misses>122000001</misses>
				<total>34</total>
				<timestamp>1184.520928</timestamp>
			</report>
			<report>
				<misses>122100001</misses>
				<total>34</total>
				<timestamp>1185.491789</timestamp>
			</report>
			<report>
				<misses>122200001</misses>
				<total>34</total>
				<timestamp>1186.463623</timestamp>
			</report>
			<report>
				<misses>122300001</misses>
				<total>34</total>
				<timestamp>1187.434459</timestamp>
			</report>
			<report>
				<misses>122400001</misses>
				<total>34</total>
				<timestamp>1188.405530</timestamp>
			</report>
			<report>
				<misses>122500001</misses>
				<total>34</total>
				<timestamp>1189.377015</timestamp>
			</report>
			<report>
				<misses>122600001</misses>
				<total>34</total>
				<timestamp>1190.347673</timestamp>
			</report>
			<report>
				<misses>122700001</misses>
				<total>34</total>
				<timestamp>1191.318599</timestamp>
			</report>
			<report>
				<misses>122800001</misses>
				<total>34</total>
				<timestamp>1192.289940</timestamp>
			</report>
			<report>
				<misses>122900001</misses>
				<total>34</total>
				<timestamp>1193.260549</timestamp>
			</report>
			<report>
				<misses>123000001</misses>
				<total>34</total>
				<timestamp>1194.231617</timestamp>
			</report>
			<report>
				<misses>123100001</misses>
				<total>34</total>
				<timestamp>1195.202579</timestamp>
			</report>
			<report>
				<misses>123200001</misses>
				<total>34</total>
				<timestamp>1196.173560</timestamp>
			</report>
			<report>
				<misses>123300001</misses>
				<total>34</total>
				<timestamp>1197.144406</timestamp>
			</report>
			<report>
				<misses>123400001</misses>
				<total>34</total>
				<timestamp>1198.115403</timestamp>
			</report>
			<report>
				<misses>123500001</misses>
				<total>34</total>
				<timestamp>1199.087087</timestamp>
			</report>
			<report>
				<misses>123600001</misses>
				<total>34</total>
				<timestamp>1200.057932</timestamp>
			</report>
			<report>
				<misses>123700001</misses>
				<total>34</total>
				<timestamp>1201.028533</timestamp>
			</report>
			<report>
				<misses>123800001</misses>
				<total>34</total>
				<timestamp>1202.000238</timestamp>
			</report>
			<report>
				<misses>123900001</misses>
				<total>34</total>
				<timestamp>1202.971212</timestamp>
			</report>
			<report>
				<misses>124000001</misses>
				<total>34</total>
				<timestamp>1203.941942</timestamp>
			</report>
			<report>
				<misses>124100001</misses>
				<total>34</total>
				<timestamp>1204.912768</timestamp>
			</report>
			<report>
				<misses>124200001</misses>
				<total>34</total>
				<timestamp>1205.883359</timestamp>
			</report>
			<report>
				<misses>124300001</misses>
				<total>34</total>
				<timestamp>1206.854210</timestamp>
			</report>
			<report>
				<misses>124400001</misses>
				<total>34</total>
				<timestamp>1207.825661</timestamp>
			</report>
			<report>
				<misses>124500001</misses>
				<total>34</total>
				<timestamp>1208.796902</timestamp>
			</report>
			<report>
				<misses>124600001</misses>
				<total>34</total>
				<timestamp>1209.767626</timestamp>
			</report>
			<report>
				<misses>124700001</misses>
				<total>34</total>
				<timestamp>1210.738406</timestamp>
			</report>
			<report>
				<misses>124800001</misses>
				<total>34</total>
				<timestamp>1211.710003</timestamp>
			</report>
			<report>
				<misses>124900001</misses>
				<total>34</total>
				<timestamp>1212.681093</timestamp>
			</report>
			<report>
				<misses>125000001</misses>
				<total>34</total>
				<timestamp>1213.651808</timestamp>
			</report>
			<report>
				<misses>125100001</misses>
				<total>34</total>
				<timestamp>1214.622542</timestamp>
			</report>
			<report>
				<misses>125200001</misses>
				<total>34</total>
				<timestamp>1215.593617</timestamp>
			</report>
			<report>
				<misses>125300001</misses>
				<total>34</total>
				<timestamp>1216.564961</timestamp>
			</report>
			<report>
				<misses>125400001</misses>
				<total>34</total>
				<timestamp>1217.536445</timestamp>
			</report>
			<report>
				<misses>125500001</misses>
				<total>34</total>
				<timestamp>1218.507677</timestamp>
			</report>
			<report>
				<misses>125600001</misses>
				<total>34</total>
				<timestamp>1219.478888</timestamp>
			</report>
			<report>
				<misses>125700001</misses>
				<total>34</total>
				<timestamp>1220.449609</timestamp>
			</report>
			<report>
				<misses>125800001</misses>
				<total>34</total>
				<timestamp>1221.420293</timestamp>
			</report>
			<report>
				<misses>125900001</misses>
				<total>34</total>
				<timestamp>1222.391028</timestamp>
			</report>
			<report>
				<misses>126000001</misses>
				<total>34</total>
				<timestamp>1223.361989</timestamp>
			</report>
			<report>
				<misses>126100001</misses>
				<total>34</total>
				<timestamp>1224.333206</timestamp>
			</report>
			<report>
				<misses>126200001</misses>
				<total>34</total>
				<timestamp>1225.304179</timestamp>
			</report>
			<report>
				<misses>126300001</misses>
				<total>34</total>
				<timestamp>1226.275773</timestamp>
			</report>
			<report>
				<misses>126400001</misses>
				<total>34</total>
				<timestamp>1227.246873</timestamp>
			</report>
			<report>
				<misses>126500001</misses>
				<total>34</total>
				<timestamp>1228.218222</timestamp>
			</report>
			<report>
				<misses>126600001</misses>
				<total>34</total>
				<timestamp>1229.190619</timestamp>
			</report>
			<report>
				<misses>126700001</misses>
				<total>34</total>
				<timestamp>1230.161148</timestamp>
			</report>
			<report>
				<misses>126800001</misses>
				<total>34</total>
				<timestamp>1231.132003</timestamp>
			</report>
			<report>
				<misses>126900001</misses>
				<total>34</total>
				<timestamp>1232.102707</timestamp>
			</report>
			<report>
				<misses>127000001</misses>
				<total>34</total>
				<timestamp>1233.073658</timestamp>
			</report>
			<report>
				<misses>127100001</misses>
				<total>34</total>
				<timestamp>1234.045530</timestamp>
			</report>
			<report>
				<misses>127200001</misses>
				<total>34</total>
				<timestamp>1235.016987</timestamp>
			</report>
			<report>
				<misses>127300001</misses>
				<total>34</total>
				<timestamp>1235.988330</timestamp>
			</report>
			<report>
				<misses>127400001</misses>
				<total>34</total>
				<timestamp>1236.960386</timestamp>
			</report>
			<report>
				<misses>127500001</misses>
				<total>34</total>
				<timestamp>1237.931360</timestamp>
			</report>
			<report>
				<misses>127600001</misses>
				<total>34</total>
				<timestamp>1238.902207</timestamp>
			</report>
			<report>
				<misses>127700001</misses>
				<total>34</total>
				<timestamp>1239.873785</timestamp>
			</report>
			<report>
				<misses>127800001</misses>
				<total>34</total>
				<timestamp>1240.844763</timestamp>
			</report>
			<report>
				<misses>127900001</misses>
				<total>34</total>
				<timestamp>1241.816123</timestamp>
			</report>
			<report>
				<misses>128000001</misses>
				<total>34</total>
				<timestamp>1242.787457</timestamp>
			</report>
			<report>
				<misses>128100001</misses>
				<total>34</total>
				<timestamp>1243.758715</timestamp>
			</report>
			<report>
				<misses>128200001</misses>
				<total>34</total>
				<timestamp>1244.729633</timestamp>
			</report>
			<report>
				<misses>128300001</misses>
				<total>34</total>
				<timestamp>1245.700624</timestamp>
			</report>
			<report>
				<misses>128400001</misses>
				<total>34</total>
				<timestamp>1246.671830</timestamp>
			</report>
			<report>
				<misses>128500001</misses>
				<total>34</total>
				<timestamp>1247.642824</timestamp>
			</report>
			<report>
				<misses>128600001</misses>
				<total>34</total>
				<timestamp>1248.614014</timestamp>
			</report>
			<report>
				<misses>128700001</misses>
				<total>34</total>
				<timestamp>1249.585100</timestamp>
			</report>
			<report>
				<misses>128800001</misses>
				<total>34</total>
				<timestamp>1250.556341</timestamp>
			</report>
			<report>
				<misses>128900001</misses>
				<total>34</total>
				<timestamp>1251.527290</timestamp>
			</report>
			<report>
				<misses>129000001</misses>
				<total>34</total>
				<timestamp>1252.497894</timestamp>
			</report>
			<report>
				<misses>129100001</misses>
				<total>34</total>
				<timestamp>1253.468728</timestamp>
			</report>
			<report>
				<misses>129200001</misses>
				<total>34</total>
				<timestamp>1254.439505</timestamp>
			</report>
			<report>
				<misses>129300001</misses>
				<total>34</total>
				<timestamp>1255.410521</timestamp>
			</report>
			<report>
				<misses>129400001</misses>
				<total>34</total>
				<timestamp>1256.381866</timestamp>
			</report>
			<report>
				<misses>129500001</misses>
				<total>34</total>
				<timestamp>1257.353334</timestamp>
			</report>
			<report>
				<misses>129600001</misses>
				<total>34</total>
				<timestamp>1258.324178</timestamp>
			</report>
			<report>
				<misses>129700001</misses>
				<total>34</total>
				<timestamp>1259.295024</timestamp>
			</report>
			<report>
				<misses>129800001</misses>
				<total>34</total>
				<timestamp>1260.266387</timestamp>
			</report>
			<report>
				<misses>129900001</misses>
				<total>34</total>
				<timestamp>1261.237073</timestamp>
			</report>
			<report>
				<misses>130000001</misses>
				<total>34</total>
				<timestamp>1262.207785</timestamp>
			</report>
			<report>
				<misses>130100001</misses>
				<total>34</total>
				<timestamp>1263.179145</timestamp>
			</report>
			<report>
				<misses>130200001</misses>
				<total>34</total>
				<timestamp>1264.150355</timestamp>
			</report>
			<report>
				<misses>130300001</misses>
				<total>34</total>
				<timestamp>1265.121446</timestamp>
			</report>
			<report>
				<misses>130400001</misses>
				<total>34</total>
				<timestamp>1266.093069</timestamp>
			</report>
			<report>
				<misses>130500001</misses>
				<total>34</total>
				<timestamp>1267.064411</timestamp>
			</report>
			<report>
				<misses>130600001</misses>
				<total>34</total>
				<timestamp>1268.035381</timestamp>
			</report>
			<report>
				<misses>130700001</misses>
				<total>34</total>
				<timestamp>1269.006762</timestamp>
			</report>
			<report>
				<misses>130800001</misses>
				<total>34</total>
				<timestamp>1269.977878</timestamp>
			</report>
			<report>
				<misses>130900001</misses>
				<total>34</total>
				<timestamp>1270.949461</timestamp>
			</report>
			<report>
				<misses>131000001</misses>
				<total>34</total>
				<timestamp>1271.920313</timestamp>
			</report>
			<report>
				<misses>131100001</misses>
				<total>34</total>
				<timestamp>1272.891777</timestamp>
			</report>
			<report>
				<misses>131200001</misses>
				<total>34</total>
				<timestamp>1273.863136</timestamp>
			</report>
			<report>
				<misses>131300001</misses>
				<total>34</total>
				<timestamp>1274.833960</timestamp>
			</report>
			<report>
				<misses>131400001</misses>
				<total>34</total>
				<timestamp>1275.805438</timestamp>
			</report>
			<report>
				<misses>131500001</misses>
				<total>34</total>
				<timestamp>1276.776663</timestamp>
			</report>
			<report>
				<misses>131600001</misses>
				<total>34</total>
				<timestamp>1277.747379</timestamp>
			</report>
			<report>
				<misses>131700001</misses>
				<total>34</total>
				<timestamp>1278.718333</timestamp>
			</report>
			<report>
				<misses>131800001</misses>
				<total>34</total>
				<timestamp>1279.689939</timestamp>
			</report>
			<report>
				<misses>131900001</misses>
				<total>34</total>
				<timestamp>1280.660400</timestamp>
			</report>
			<report>
				<misses>132000001</misses>
				<total>34</total>
				<timestamp>1281.631250</timestamp>
			</report>
			<report>
				<misses>132100001</misses>
				<total>34</total>
				<timestamp>1282.602839</timestamp>
			</report>
			<report>
				<misses>132200001</misses>
				<total>34</total>
				<timestamp>1283.573551</timestamp>
			</report>
			<report>
				<misses>132300001</misses>
				<total>34</total>
				<timestamp>1284.544409</timestamp>
			</report>
			<report>
				<misses>132400001</misses>
				<total>34</total>
				<timestamp>1285.515620</timestamp>
			</report>
			<report>
				<misses>132500001</misses>
				<total>34</total>
				<timestamp>1286.487095</timestamp>
			</report>
			<report>
				<misses>132600001</misses>
				<total>34</total>
				<timestamp>1287.459665</timestamp>
			</report>
			<report>
				<misses>132700001</misses>
				<total>34</total>
				<timestamp>1288.431182</timestamp>
			</report>
			<report>
				<misses>132800001</misses>
				<total>34</total>
				<timestamp>1289.403189</timestamp>
			</report>
			<report>
				<misses>132900001</misses>
				<total>34</total>
				<timestamp>1290.375530</timestamp>
			</report>
			<report>
				<misses>133000001</misses>
				<total>34</total>
				<timestamp>1291.346885</timestamp>
			</report>
			<report>
				<misses>133100001</misses>
				<total>34</total>
				<timestamp>1292.317858</timestamp>
			</report>
			<report>
				<misses>133200001</misses>
				<total>34</total>
				<timestamp>1293.288552</timestamp>
			</report>
			<report>
				<misses>133300001</misses>
				<total>34</total>
				<timestamp>1294.259650</timestamp>
			</report>
			<report>
				<misses>133400001</misses>
				<total>34</total>
				<timestamp>1295.230239</timestamp>
			</report>
			<report>
				<misses>133500001</misses>
				<total>34</total>
				<timestamp>1296.200968</timestamp>
			</report>
			<report>
				<misses>133600001</misses>
				<total>34</total>
				<timestamp>1297.172544</timestamp>
			</report>
			<report>
				<misses>133700001</misses>
				<total>34</total>
				<timestamp>1298.143038</timestamp>
			</report>
			<report>
				<misses>133800001</misses>
				<total>34</total>
				<timestamp>1299.114604</timestamp>
			</report>
			<report>
				<misses>133900001</misses>
				<total>34</total>
				<timestamp>1300.086106</timestamp>
			</report>
			<report>
				<misses>134000001</misses>
				<total>34</total>
				<timestamp>1301.057692</timestamp>
			</report>
			<report>
				<misses>134100001</misses>
				<total>34</total>
				<timestamp>1302.028564</timestamp>
			</report>
			<report>
				<misses>134200001</misses>
				<total>34</total>
				<timestamp>1303.000619</timestamp>
			</report>
			<report>
				<misses>134300001</misses>
				<total>34</total>
				<timestamp>1303.971465</timestamp>
			</report>
			<report>
				<misses>134400001</misses>
				<total>34</total>
				<timestamp>1304.942949</timestamp>
			</report>
			<report>
				<misses>134500001</misses>
				<total>34</total>
				<timestamp>1305.914165</timestamp>
			</report>
			<report>
				<misses>134600001</misses>
				<total>34</total>
				<timestamp>1306.884871</timestamp>
			</report>
			<report>
				<misses>134700001</misses>
				<total>34</total>
				<timestamp>1307.855958</timestamp>
			</report>
			<report>
				<misses>134800001</misses>
				<total>34</total>
				<timestamp>1308.826803</timestamp>
			</report>
			<report>
				<misses>134900001</misses>
				<total>34</total>
				<timestamp>1309.797535</timestamp>
			</report>
			<report>
				<misses>135000001</misses>
				<total>34</total>
				<timestamp>1310.768235</timestamp>
			</report>
			<report>
				<misses>135100001</misses>
				<total>34</total>
				<timestamp>1311.738948</timestamp>
			</report>
			<report>
				<misses>135200001</misses>
				<total>34</total>
				<timestamp>1312.709807</timestamp>
			</report>
			<report>
				<misses>135300001</misses>
				<total>34</total>
				<timestamp>1313.681270</timestamp>
			</report>
			<report>
				<misses>135400001</misses>
				<total>34</total>
				<timestamp>1314.651973</timestamp>
			</report>
			<report>
				<misses>135500001</misses>
				<total>34</total>
				<timestamp>1315.623221</timestamp>
			</report>
			<report>
				<misses>135600001</misses>
				<total>34</total>
				<timestamp>1316.594430</timestamp>
			</report>
			<report>
				<misses>135700001</misses>
				<total>34</total>
				<timestamp>1317.565401</timestamp>
			</report>
			<report>
				<misses>135800001</misses>
				<total>34</total>
				<timestamp>1318.536614</timestamp>
			</report>
			<report>
				<misses>135900001</misses>
				<total>34</total>
				<timestamp>1319.507587</timestamp>
			</report>
			<report>
				<misses>136000001</misses>
				<total>34</total>
				<timestamp>1320.478781</timestamp>
			</report>
			<report>
				<misses>136100001</misses>
				<total>34</total>
				<timestamp>1321.450782</timestamp>
			</report>
			<report>
				<misses>136200001</misses>
				<total>34</total>
				<timestamp>1322.421625</timestamp>
			</report>
			<report>
				<misses>136300001</misses>
				<total>34</total>
				<timestamp>1323.392853</timestamp>
			</report>
			<report>
				<misses>136400001</misses>
				<total>34</total>
				<timestamp>1324.363928</timestamp>
			</report>
			<report>
				<misses>136500001</misses>
				<total>34</total>
				<timestamp>1325.335291</timestamp>
			</report>
			<report>
				<misses>136600001</misses>
				<total>34</total>
				<timestamp>1326.306228</timestamp>
			</report>
			<report>
				<misses>136700001</misses>
				<total>34</total>
				<timestamp>1327.276956</timestamp>
			</report>
			<report>
				<misses>136800001</misses>
				<total>34</total>
				<timestamp>1328.247688</timestamp>
			</report>
			<report>
				<misses>136900001</misses>
				<total>34</total>
				<timestamp>1329.219641</timestamp>
			</report>
			<report>
				<misses>137000001</misses>
				<total>34</total>
				<timestamp>1330.190254</timestamp>
			</report>
			<report>
				<misses>137100001</misses>
				<total>34</total>
				<timestamp>1331.162909</timestamp>
			</report>
			<report>
				<misses>137200001</misses>
				<total>34</total>
				<timestamp>1332.133859</timestamp>
			</report>
			<report>
				<misses>137300001</misses>
				<total>34</total>
				<timestamp>1333.105084</timestamp>
			</report>
			<report>
				<misses>137400001</misses>
				<total>34</total>
				<timestamp>1334.076335</timestamp>
			</report>
			<report>
				<misses>137500001</misses>
				<total>34</total>
				<timestamp>1335.048148</timestamp>
			</report>
			<report>
				<misses>137600001</misses>
				<total>34</total>
				<timestamp>1336.019620</timestamp>
			</report>
			<report>
				<misses>137700001</misses>
				<total>34</total>
				<timestamp>1336.990341</timestamp>
			</report>
			<report>
				<misses>137800001</misses>
				<total>34</total>
				<timestamp>1337.961306</timestamp>
			</report>
			<report>
				<misses>137900001</misses>
				<total>34</total>
				<timestamp>1338.932169</timestamp>
			</report>
			<report>
				<misses>138000001</misses>
				<total>34</total>
				<timestamp>1339.903541</timestamp>
			</report>
			<report>
				<misses>138100001</misses>
				<total>34</total>
				<timestamp>1340.874828</timestamp>
			</report>
			<report>
				<misses>138200001</misses>
				<total>34</total>
				<timestamp>1341.845794</timestamp>
			</report>
			<report>
				<misses>138300001</misses>
				<total>34</total>
				<timestamp>1342.817408</timestamp>
			</report>
			<report>
				<misses>138400001</misses>
				<total>34</total>
				<timestamp>1343.788125</timestamp>
			</report>
			<report>
				<misses>138500001</misses>
				<total>34</total>
				<timestamp>1344.759854</timestamp>
			</report>
			<report>
				<misses>138600001</misses>
				<total>34</total>
				<timestamp>1345.730302</timestamp>
			</report>
			<report>
				<misses>138700001</misses>
				<total>34</total>
				<timestamp>1346.702151</timestamp>
			</report>
			<report>
				<misses>138800001</misses>
				<total>34</total>
				<timestamp>1347.674138</timestamp>
			</report>
			<report>
				<misses>138900001</misses>
				<total>34</total>
				<timestamp>1348.645486</timestamp>
			</report>
			<report>
				<misses>139000001</misses>
				<total>34</total>
				<timestamp>1349.616451</timestamp>
			</report>
			<report>
				<misses>139100001</misses>
				<total>34</total>
				<timestamp>1350.587910</timestamp>
			</report>
			<report>
				<misses>139200001</misses>
				<total>34</total>
				<timestamp>1351.559146</timestamp>
			</report>
			<report>
				<misses>139300001</misses>
				<total>34</total>
				<timestamp>1352.530369</timestamp>
			</report>
			<report>
				<misses>139400001</misses>
				<total>34</total>
				<timestamp>1353.502448</timestamp>
			</report>
			<report>
				<misses>139500001</misses>
				<total>34</total>
				<timestamp>1354.473564</timestamp>
			</report>
			<report>
				<misses>139600001</misses>
				<total>34</total>
				<timestamp>1355.444770</timestamp>
			</report>
			<report>
				<misses>139700001</misses>
				<total>34</total>
				<timestamp>1356.415112</timestamp>
			</report>
			<report>
				<misses>139800001</misses>
				<total>34</total>
				<timestamp>1357.386217</timestamp>
			</report>
			<report>
				<misses>139900001</misses>
				<total>34</total>
				<timestamp>1358.357287</timestamp>
			</report>
			<report>
				<misses>140000001</misses>
				<total>34</total>
				<timestamp>1359.328521</timestamp>
			</report>
			<report>
				<misses>140100001</misses>
				<total>34</total>
				<timestamp>1360.299252</timestamp>
			</report>
			<report>
				<misses>140200001</misses>
				<total>34</total>
				<timestamp>1361.270062</timestamp>
			</report>
			<report>
				<misses>140300001</misses>
				<total>34</total>
				<timestamp>1362.241313</timestamp>
			</report>
			<report>
				<misses>140400001</misses>
				<total>34</total>
				<timestamp>1363.211997</timestamp>
			</report>
			<report>
				<misses>140500001</misses>
				<total>34</total>
				<timestamp>1364.183534</timestamp>
			</report>
			<report>
				<misses>140600001</misses>
				<total>34</total>
				<timestamp>1365.154670</timestamp>
			</report>
			<report>
				<misses>140700001</misses>
				<total>34</total>
				<timestamp>1366.126745</timestamp>
			</report>
			<report>
				<misses>140800001</misses>
				<total>34</total>
				<timestamp>1367.097724</timestamp>
			</report>
			<report>
				<misses>140900001</misses>
				<total>34</total>
				<timestamp>1368.068961</timestamp>
			</report>
			<report>
				<misses>141000001</misses>
				<total>34</total>
				<timestamp>1369.040416</timestamp>
			</report>
			<report>
				<misses>141100001</misses>
				<total>34</total>
				<timestamp>1370.012276</timestamp>
			</report>
			<report>
				<misses>141200001</misses>
				<total>34</total>
				<timestamp>1370.983108</timestamp>
			</report>
			<report>
				<misses>141300001</misses>
				<total>34</total>
				<timestamp>1371.954716</timestamp>
			</report>
			<report>
				<misses>141400001</misses>
				<total>34</total>
				<timestamp>1372.925715</timestamp>
			</report>
			<report>
				<misses>141500001</misses>
				<total>34</total>
				<timestamp>1373.896794</timestamp>
			</report>
			<report>
				<misses>141600001</misses>
				<total>34</total>
				<timestamp>1374.868000</timestamp>
			</report>
			<report>
				<misses>141700001</misses>
				<total>34</total>
				<timestamp>1375.838824</timestamp>
			</report>
			<report>
				<misses>141800001</misses>
				<total>34</total>
				<timestamp>1376.809784</timestamp>
			</report>
			<report>
				<misses>141900001</misses>
				<total>34</total>
				<timestamp>1377.781533</timestamp>
			</report>
			<report>
				<misses>142000001</misses>
				<total>34</total>
				<timestamp>1378.753008</timestamp>
			</report>
			<report>
				<misses>142100001</misses>
				<total>34</total>
				<timestamp>1379.723717</timestamp>
			</report>
			<report>
				<misses>142200001</misses>
				<total>34</total>
				<timestamp>1380.694817</timestamp>
			</report>
			<report>
				<misses>142300001</misses>
				<total>34</total>
				<timestamp>1381.666278</timestamp>
			</report>
			<report>
				<misses>142400001</misses>
				<total>34</total>
				<timestamp>1382.638267</timestamp>
			</report>
			<report>
				<misses>142500001</misses>
				<total>34</total>
				<timestamp>1383.609383</timestamp>
			</report>
			<report>
				<misses>142600001</misses>
				<total>34</total>
				<timestamp>1384.580713</timestamp>
			</report>
			<report>
				<misses>142700001</misses>
				<total>34</total>
				<timestamp>1385.551735</timestamp>
			</report>
			<report>
				<misses>142800001</misses>
				<total>34</total>
				<timestamp>1386.523334</timestamp>
			</report>
			<report>
				<misses>142900001</misses>
				<total>34</total>
				<timestamp>1387.494292</timestamp>
			</report>
			<report>
				<misses>143000001</misses>
				<total>34</total>
				<timestamp>1388.465117</timestamp>
			</report>
			<report>
				<misses>143100001</misses>
				<total>34</total>
				<timestamp>1389.436091</timestamp>
			</report>
			<report>
				<misses>143200001</misses>
				<total>34</total>
				<timestamp>1390.406830</timestamp>
			</report>
			<report>
				<misses>143300001</misses>
				<total>34</total>
				<timestamp>1391.378023</timestamp>
			</report>
			<report>
				<misses>143400001</misses>
				<total>34</total>
				<timestamp>1392.348980</timestamp>
			</report>
			<report>
				<misses>143500001</misses>
				<total>34</total>
				<timestamp>1393.320104</timestamp>
			</report>
			<report>
				<misses>143600001</misses>
				<total>34</total>
				<timestamp>1394.291183</timestamp>
			</report>
			<report>
				<misses>143700001</misses>
				<total>34</total>
				<timestamp>1395.262284</timestamp>
			</report>
			<report>
				<misses>143800001</misses>
				<total>34</total>
				<timestamp>1396.233485</timestamp>
			</report>
			<report>
				<misses>143900001</misses>
				<total>34</total>
				<timestamp>1397.204346</timestamp>
			</report>
			<report>
				<misses>144000001</misses>
				<total>34</total>
				<timestamp>1398.175298</timestamp>
			</report>
			<report>
				<misses>144100001</misses>
				<total>34</total>
				<timestamp>1399.146130</timestamp>
			</report>
			<report>
				<misses>144200001</misses>
				<total>34</total>
				<timestamp>1400.117993</timestamp>
			</report>
			<report>
				<misses>144300001</misses>
				<total>34</total>
				<timestamp>1401.089080</timestamp>
			</report>
			<report>
				<misses>144400001</misses>
				<total>34</total>
				<timestamp>1402.060536</timestamp>
			</report>
			<report>
				<misses>144500001</misses>
				<total>34</total>
				<timestamp>1403.031673</timestamp>
			</report>
			<report>
				<misses>144600001</misses>
				<total>34</total>
				<timestamp>1404.003249</timestamp>
			</report>
			<report>
				<misses>144700001</misses>
				<total>34</total>
				<timestamp>1404.974231</timestamp>
			</report>
			<report>
				<misses>144800001</misses>
				<total>34</total>
				<timestamp>1405.945438</timestamp>
			</report>
			<report>
				<misses>144900001</misses>
				<total>34</total>
				<timestamp>1406.916418</timestamp>
			</report>
			<report>
				<misses>145000001</misses>
				<total>34</total>
				<timestamp>1407.887509</timestamp>
			</report>
			<report>
				<misses>145100001</misses>
				<total>34</total>
				<timestamp>1408.858116</timestamp>
			</report>
			<report>
				<misses>145200001</misses>
				<total>34</total>
				<timestamp>1409.829031</timestamp>
			</report>
			<report>
				<misses>145300001</misses>
				<total>34</total>
				<timestamp>1410.800118</timestamp>
			</report>
			<report>
				<misses>145400001</misses>
				<total>34</total>
				<timestamp>1411.771073</timestamp>
			</report>
			<report>
				<misses>145500001</misses>
				<total>34</total>
				<timestamp>1412.742409</timestamp>
			</report>
			<report>
				<misses>145600001</misses>
				<total>34</total>
				<timestamp>1413.714786</timestamp>
			</report>
			<report>
				<misses>145700001</misses>
				<total>34</total>
				<timestamp>1414.685480</timestamp>
			</report>
			<report>
				<misses>145800001</misses>
				<total>34</total>
				<timestamp>1415.656189</timestamp>
			</report>
			<report>
				<misses>145900001</misses>
				<total>34</total>
				<timestamp>1416.627954</timestamp>
			</report>
			<report>
				<misses>146000001</misses>
				<total>34</total>
				<timestamp>1417.598931</timestamp>
			</report>
			<report>
				<misses>146100001</misses>
				<total>34</total>
				<timestamp>1418.570037</timestamp>
			</report>
			<report>
				<misses>146200001</misses>
				<total>34</total>
				<timestamp>1419.540630</timestamp>
			</report>
			<report>
				<misses>146300001</misses>
				<total>34</total>
				<timestamp>1420.511358</timestamp>
			</report>
			<report>
				<misses>146400001</misses>
				<total>34</total>
				<timestamp>1421.482808</timestamp>
			</report>
			<report>
				<misses>146500001</misses>
				<total>34</total>
				<timestamp>1422.454284</timestamp>
			</report>
			<report>
				<misses>146600001</misses>
				<total>34</total>
				<timestamp>1423.425505</timestamp>
			</report>
			<report>
				<misses>146700001</misses>
				<total>34</total>
				<timestamp>1424.396713</timestamp>
			</report>
			<report>
				<misses>146800001</misses>
				<total>34</total>
				<timestamp>1425.367836</timestamp>
			</report>
			<report>
				<misses>146900001</misses>
				<total>34</total>
				<timestamp>1426.339667</timestamp>
			</report>
			<report>
				<misses>147000001</misses>
				<total>34</total>
				<timestamp>1427.310259</timestamp>
			</report>
			<report>
				<misses>147100001</misses>
				<total>34</total>
				<timestamp>1428.281360</timestamp>
			</report>
			<report>
				<misses>147200001</misses>
				<total>34</total>
				<timestamp>1429.252934</timestamp>
			</report>
			<report>
				<misses>147300001</misses>
				<total>34</total>
				<timestamp>1430.224789</timestamp>
			</report>
			<report>
				<misses>147400001</misses>
				<total>34</total>
				<timestamp>1431.196256</timestamp>
			</report>
			<report>
				<misses>147500001</misses>
				<total>34</total>
				<timestamp>1432.167236</timestamp>
			</report>
			<report>
				<misses>147600001</misses>
				<total>34</total>
				<timestamp>1433.138339</timestamp>
			</report>
			<report>
				<misses>147700001</misses>
				<total>34</total>
				<timestamp>1434.109539</timestamp>
			</report>
			<report>
				<misses>147800001</misses>
				<total>34</total>
				<timestamp>1435.080644</timestamp>
			</report>
			<report>
				<misses>147900001</misses>
				<total>34</total>
				<timestamp>1436.051473</timestamp>
			</report>
			<report>
				<misses>148000001</misses>
				<total>34</total>
				<timestamp>1437.022460</timestamp>
			</report>
			<report>
				<misses>148100001</misses>
				<total>34</total>
				<timestamp>1437.993702</timestamp>
			</report>
			<report>
				<misses>148200001</misses>
				<total>34</total>
				<timestamp>1438.965645</timestamp>
			</report>
			<report>
				<misses>148300001</misses>
				<total>34</total>
				<timestamp>1439.936360</timestamp>
			</report>
			<report>
				<misses>148400001</misses>
				<total>34</total>
				<timestamp>1440.907985</timestamp>
			</report>
			<report>
				<misses>148500001</misses>
				<total>34</total>
				<timestamp>1441.878409</timestamp>
			</report>
			<report>
				<misses>148600001</misses>
				<total>34</total>
				<timestamp>1442.849504</timestamp>
			</report>
			<report>
				<misses>148700001</misses>
				<total>34</total>
				<timestamp>1443.820742</timestamp>
			</report>
			<report>
				<misses>148800001</misses>
				<total>34</total>
				<timestamp>1444.791465</timestamp>
			</report>
			<report>
				<misses>148900001</misses>
				<total>34</total>
				<timestamp>1445.762680</timestamp>
			</report>
			<report>
				<misses>149000001</misses>
				<total>34</total>
				<timestamp>1446.733389</timestamp>
			</report>
			<report>
				<misses>149100001</misses>
				<total>34</total>
				<timestamp>1447.704476</timestamp>
			</report>
			<report>
				<misses>149200001</misses>
				<total>34</total>
				<timestamp>1448.676079</timestamp>
			</report>
			<report>
				<misses>149300001</misses>
				<total>34</total>
				<timestamp>1449.646914</timestamp>
			</report>
			<report>
				<misses>149400001</misses>
				<total>34</total>
				<timestamp>1450.617381</timestamp>
			</report>
			<report>
				<misses>149500001</misses>
				<total>34</total>
				<timestamp>1451.588593</timestamp>
			</report>
			<report>
				<misses>149600001</misses>
				<total>34</total>
				<timestamp>1452.559691</timestamp>
			</report>
			<report>
				<misses>149700001</misses>
				<total>34</total>
				<timestamp>1453.530536</timestamp>
			</report>
			<report>
				<misses>149800001</misses>
				<total>34</total>
				<timestamp>1454.501363</timestamp>
			</report>
			<report>
				<misses>149900001</misses>
				<total>34</total>
				<timestamp>1455.472489</timestamp>
			</report>
			<report>
				<misses>150000001</misses>
				<total>34</total>
				<timestamp>1456.443574</timestamp>
			</report>
			<report>
				<misses>150100001</misses>
				<total>34</total>
				<timestamp>1457.414400</timestamp>
			</report>
			<report>
				<misses>150200001</misses>
				<total>34</total>
				<timestamp>1458.385364</timestamp>
			</report>
			<report>
				<misses>150300001</misses>
				<total>34</total>
				<timestamp>1459.356471</timestamp>
			</report>
			<report>
				<misses>150400001</misses>
				<total>34</total>
				<timestamp>1460.327830</timestamp>
			</report>
			<report>
				<misses>150500001</misses>
				<total>34</total>
				<timestamp>1461.299670</timestamp>
			</report>
			<report>
				<misses>150600001</misses>
				<total>34</total>
				<timestamp>1462.270403</timestamp>
			</report>
			<report>
				<misses>150700001</misses>
				<total>34</total>
				<timestamp>1463.241362</timestamp>
			</report>
			<report>
				<misses>150800001</misses>
				<total>34</total>
				<timestamp>1464.212713</timestamp>
			</report>
			<report>
				<misses>150900001</misses>
				<total>34</total>
				<timestamp>1465.184180</timestamp>
			</report>
			<report>
				<misses>151000001</misses>
				<total>34</total>
				<timestamp>1466.155130</timestamp>
			</report>
			<report>
				<misses>151100001</misses>
				<total>34</total>
				<timestamp>1467.126058</timestamp>
			</report>
			<report>
				<misses>151200001</misses>
				<total>34</total>
				<timestamp>1468.096817</timestamp>
			</report>
			<report>
				<misses>151300001</misses>
				<total>34</total>
				<timestamp>1469.068313</timestamp>
			</report>
			<report>
				<misses>151400001</misses>
				<total>34</total>
				<timestamp>1470.039654</timestamp>
			</report>
			<report>
				<misses>151500001</misses>
				<total>34</total>
				<timestamp>1471.010344</timestamp>
			</report>
			<report>
				<misses>151600001</misses>
				<total>34</total>
				<timestamp>1471.981691</timestamp>
			</report>
			<report>
				<misses>151700001</misses>
				<total>34</total>
				<timestamp>1472.952568</timestamp>
			</report>
			<report>
				<misses>151800001</misses>
				<total>34</total>
				<timestamp>1473.924354</timestamp>
			</report>
			<report>
				<misses>151900001</misses>
				<total>34</total>
				<timestamp>1474.895975</timestamp>
			</report>
			<report>
				<misses>152000001</misses>
				<total>34</total>
				<timestamp>1475.866928</timestamp>
			</report>
			<report>
				<misses>152100001</misses>
				<total>34</total>
				<timestamp>1476.838164</timestamp>
			</report>
			<report>
				<misses>152200001</misses>
				<total>34</total>
				<timestamp>1477.808745</timestamp>
			</report>
			<report>
				<misses>152300001</misses>
				<total>34</total>
				<timestamp>1478.779688</timestamp>
			</report>
			<report>
				<misses>152400001</misses>
				<total>34</total>
				<timestamp>1479.751117</timestamp>
			</report>
			<report>
				<misses>152500001</misses>
				<total>34</total>
				<timestamp>1480.722471</timestamp>
			</report>
			<report>
				<misses>152600001</misses>
				<total>34</total>
				<timestamp>1481.693684</timestamp>
			</report>
			<report>
				<misses>152700001</misses>
				<total>34</total>
				<timestamp>1482.664541</timestamp>
			</report>
			<report>
				<misses>152800001</misses>
				<total>34</total>
				<timestamp>1483.635748</timestamp>
			</report>
			<report>
				<misses>152900001</misses>
				<total>34</total>
				<timestamp>1484.606611</timestamp>
			</report>
			<report>
				<misses>153000001</misses>
				<total>34</total>
				<timestamp>1485.577306</timestamp>
			</report>
			<report>
				<misses>153100001</misses>
				<total>34</total>
				<timestamp>1486.548271</timestamp>
			</report>
			<report>
				<misses>153200001</misses>
				<total>34</total>
				<timestamp>1487.519236</timestamp>
			</report>
			<report>
				<misses>153300001</misses>
				<total>34</total>
				<timestamp>1488.490210</timestamp>
			</report>
			<report>
				<misses>153400001</misses>
				<total>34</total>
				<timestamp>1489.461417</timestamp>
			</report>
			<report>
				<misses>153500001</misses>
				<total>34</total>
				<timestamp>1490.433058</timestamp>
			</report>
			<report>
				<misses>153600001</misses>
				<total>34</total>
				<timestamp>1491.403999</timestamp>
			</report>
			<report>
				<misses>153700001</misses>
				<total>34</total>
				<timestamp>1492.374734</timestamp>
			</report>
			<report>
				<misses>153800001</misses>
				<total>34</total>
				<timestamp>1493.345810</timestamp>
			</report>
			<report>
				<misses>153900001</misses>
				<total>34</total>
				<timestamp>1494.317019</timestamp>
			</report>
			<report>
				<misses>154000001</misses>
				<total>34</total>
				<timestamp>1495.288518</timestamp>
			</report>
			<report>
				<misses>154100001</misses>
				<total>34</total>
				<timestamp>1496.260354</timestamp>
			</report>
			<report>
				<misses>154200001</misses>
				<total>34</total>
				<timestamp>1497.231818</timestamp>
			</report>
			<report>
				<misses>154300001</misses>
				<total>34</total>
				<timestamp>1498.202682</timestamp>
			</report>
			<report>
				<misses>154400001</misses>
				<total>34</total>
				<timestamp>1499.173625</timestamp>
			</report>
			<report>
				<misses>154500001</misses>
				<total>34</total>
				<timestamp>1500.144610</timestamp>
			</report>
			<report>
				<misses>154600001</misses>
				<total>34</total>
				<timestamp>1501.115814</timestamp>
			</report>
			<report>
				<misses>154700001</misses>
				<total>34</total>
				<timestamp>1502.086900</timestamp>
			</report>
			<report>
				<misses>154800001</misses>
				<total>34</total>
				<timestamp>1503.058309</timestamp>
			</report>
			<report>
				<misses>154900001</misses>
				<total>34</total>
				<timestamp>1504.029534</timestamp>
			</report>
			<report>
				<misses>155000001</misses>
				<total>34</total>
				<timestamp>1505.001001</timestamp>
			</report>
			<report>
				<misses>155100001</misses>
				<total>34</total>
				<timestamp>1505.972218</timestamp>
			</report>
			<report>
				<misses>155200001</misses>
				<total>34</total>
				<timestamp>1506.943197</timestamp>
			</report>
			<report>
				<misses>155300001</misses>
				<total>34</total>
				<timestamp>1507.914525</timestamp>
			</report>
			<report>
				<misses>155400001</misses>
				<total>34</total>
				<timestamp>1508.885371</timestamp>
			</report>
			<report>
				<misses>155500001</misses>
				<total>34</total>
				<timestamp>1509.856963</timestamp>
			</report>
			<report>
				<misses>155600001</misses>
				<total>34</total>
				<timestamp>1510.828338</timestamp>
			</report>
			<report>
				<misses>155700001</misses>
				<total>34</total>
				<timestamp>1511.799294</timestamp>
			</report>
			<report>
				<misses>155800001</misses>
				<total>34</total>
				<timestamp>1512.770113</timestamp>
			</report>
			<report>
				<misses>155900001</misses>
				<total>34</total>
				<timestamp>1513.741591</timestamp>
			</report>
			<report>
				<misses>156000001</misses>
				<total>34</total>
				<timestamp>1514.712440</timestamp>
			</report>
			<report>
				<misses>156100001</misses>
				<total>34</total>
				<timestamp>1515.683412</timestamp>
			</report>
			<report>
				<misses>156200001</misses>
				<total>34</total>
				<timestamp>1516.654530</timestamp>
			</report>
			<report>
				<misses>156300001</misses>
				<total>34</total>
				<timestamp>1517.625200</timestamp>
			</report>
			<report>
				<misses>156400001</misses>
				<total>34</total>
				<timestamp>1518.596300</timestamp>
			</report>
			<report>
				<misses>156500001</misses>
				<total>34</total>
				<timestamp>1519.567030</timestamp>
			</report>
			<report>
				<misses>156600001</misses>
				<total>34</total>
				<timestamp>1520.537491</timestamp>
			</report>
			<report>
				<misses>156700001</misses>
				<total>34</total>
				<timestamp>1521.508438</timestamp>
			</report>
			<report>
				<misses>156800001</misses>
				<total>34</total>
				<timestamp>1522.479288</timestamp>
			</report>
			<report>
				<misses>156900001</misses>
				<total>34</total>
				<timestamp>1523.450256</timestamp>
			</report>
			<report>
				<misses>157000001</misses>
				<total>34</total>
				<timestamp>1524.421377</timestamp>
			</report>
			<report>
				<misses>157100001</misses>
				<total>34</total>
				<timestamp>1525.391946</timestamp>
			</report>
			<report>
				<misses>157200001</misses>
				<total>34</total>
				<timestamp>1526.363149</timestamp>
			</report>
			<report>
				<misses>157300001</misses>
				<total>34</total>
				<timestamp>1527.334509</timestamp>
			</report>
			<report>
				<misses>157400001</misses>
				<total>34</total>
				<timestamp>1528.305605</timestamp>
			</report>
			<report>
				<misses>157500001</misses>
				<total>34</total>
				<timestamp>1529.276692</timestamp>
			</report>
			<report>
				<misses>157600001</misses>
				<total>34</total>
				<timestamp>1530.248294</timestamp>
			</report>
			<report>
				<misses>157700001</misses>
				<total>34</total>
				<timestamp>1531.220011</timestamp>
			</report>
			<report>
				<misses>157800001</misses>
				<total>34</total>
				<timestamp>1532.191355</timestamp>
			</report>
			<report>
				<misses>157900001</misses>
				<total>34</total>
				<timestamp>1533.162333</timestamp>
			</report>
			<report>
				<misses>158000001</misses>
				<total>34</total>
				<timestamp>1534.133692</timestamp>
			</report>
			<report>
				<misses>158100001</misses>
				<total>34</total>
				<timestamp>1535.105009</timestamp>
			</report>
			<report>
				<misses>158200001</misses>
				<total>34</total>
				<timestamp>1536.076612</timestamp>
			</report>
			<report>
				<misses>158300001</misses>
				<total>34</total>
				<timestamp>1537.047991</timestamp>
			</report>
			<report>
				<misses>158400001</misses>
				<total>34</total>
				<timestamp>1538.018558</timestamp>
			</report>
			<report>
				<misses>158500001</misses>
				<total>34</total>
				<timestamp>1538.989781</timestamp>
			</report>
			<report>
				<misses>158600001</misses>
				<total>34</total>
				<timestamp>1539.961135</timestamp>
			</report>
			<report>
				<misses>158700001</misses>
				<total>34</total>
				<timestamp>1540.932481</timestamp>
			</report>
			<report>
				<misses>158800001</misses>
				<total>34</total>
				<timestamp>1541.903547</timestamp>
			</report>
			<report>
				<misses>158900001</misses>
				<total>34</total>
				<timestamp>1542.874410</timestamp>
			</report>
			<report>
				<misses>159000001</misses>
				<total>34</total>
				<timestamp>1543.845495</timestamp>
			</report>
			<report>
				<misses>159100001</misses>
				<total>34</total>
				<timestamp>1544.816739</timestamp>
			</report>
			<report>
				<misses>159200001</misses>
				<total>34</total>
				<timestamp>1545.787683</timestamp>
			</report>
			<report>
				<misses>159300001</misses>
				<total>34</total>
				<timestamp>1546.758927</timestamp>
			</report>
			<report>
				<misses>159400001</misses>
				<total>34</total>
				<timestamp>1547.729654</timestamp>
			</report>
			<report>
				<misses>159500001</misses>
				<total>34</total>
				<timestamp>1548.701238</timestamp>
			</report>
			<report>
				<misses>159600001</misses>
				<total>34</total>
				<timestamp>1549.673216</timestamp>
			</report>
			<report>
				<misses>159700001</misses>
				<total>34</total>
				<timestamp>1550.644567</timestamp>
			</report>
			<report>
				<misses>159800001</misses>
				<total>34</total>
				<timestamp>1551.616146</timestamp>
			</report>
			<report>
				<misses>159900001</misses>
				<total>34</total>
				<timestamp>1552.587608</timestamp>
			</report>
			<report>
				<misses>160000001</misses>
				<total>34</total>
				<timestamp>1553.558328</timestamp>
			</report>
			<report>
				<misses>160100001</misses>
				<total>34</total>
				<timestamp>1554.529171</timestamp>
			</report>
			<report>
				<misses>160200001</misses>
				<total>34</total>
				<timestamp>1555.499783</timestamp>
			</report>
			<report>
				<misses>160300001</misses>
				<total>34</total>
				<timestamp>1556.470753</timestamp>
			</report>
			<report>
				<misses>160400001</misses>
				<total>34</total>
				<timestamp>1557.441309</timestamp>
			</report>
			<report>
				<misses>160500001</misses>
				<total>34</total>
				<timestamp>1558.412938</timestamp>
			</report>
			<report>
				<misses>160600001</misses>
				<total>34</total>
				<timestamp>1559.384007</timestamp>
			</report>
			<report>
				<misses>160700001</misses>
				<total>34</total>
				<timestamp>1560.354837</timestamp>
			</report>
			<report>
				<misses>160800001</misses>
				<total>34</total>
				<timestamp>1561.325709</timestamp>
			</report>
			<report>
				<misses>160900001</misses>
				<total>34</total>
				<timestamp>1562.297033</timestamp>
			</report>
			<report>
				<misses>161000001</misses>
				<total>34</total>
				<timestamp>1563.268009</timestamp>
			</report>
			<report>
				<misses>161100001</misses>
				<total>34</total>
				<timestamp>1564.238865</timestamp>
			</report>
			<report>
				<misses>161200001</misses>
				<total>34</total>
				<timestamp>1565.210202</timestamp>
			</report>
			<report>
				<misses>161300001</misses>
				<total>34</total>
				<timestamp>1566.182185</timestamp>
			</report>
			<report>
				<misses>161400001</misses>
				<total>34</total>
				<timestamp>1567.153117</timestamp>
			</report>
			<report>
				<misses>161500001</misses>
				<total>34</total>
				<timestamp>1568.124199</timestamp>
			</report>
			<report>
				<misses>161600001</misses>
				<total>34</total>
				<timestamp>1569.095703</timestamp>
			</report>
			<report>
				<misses>161700001</misses>
				<total>34</total>
				<timestamp>1570.067171</timestamp>
			</report>
			<report>
				<misses>161800001</misses>
				<total>34</total>
				<timestamp>1571.037874</timestamp>
			</report>
			<report>
				<misses>161900001</misses>
				<total>34</total>
				<timestamp>1572.008960</timestamp>
			</report>
			<report>
				<misses>162000001</misses>
				<total>34</total>
				<timestamp>1572.980449</timestamp>
			</report>
			<report>
				<misses>162100001</misses>
				<total>34</total>
				<timestamp>1573.951899</timestamp>
			</report>
			<report>
				<misses>162200001</misses>
				<total>34</total>
				<timestamp>1574.923239</timestamp>
			</report>
			<report>
				<misses>162300001</misses>
				<total>34</total>
				<timestamp>1575.894370</timestamp>
			</report>
			<report>
				<misses>162400001</misses>
				<total>34</total>
				<timestamp>1576.865696</timestamp>
			</report>
			<report>
				<misses>162500001</misses>
				<total>34</total>
				<timestamp>1577.836792</timestamp>
			</report>
			<report>
				<misses>162600001</misses>
				<total>34</total>
				<timestamp>1578.808253</timestamp>
			</report>
			<report>
				<misses>162700001</misses>
				<total>34</total>
				<timestamp>1579.779983</timestamp>
			</report>
			<report>
				<misses>162800001</misses>
				<total>34</total>
				<timestamp>1580.750959</timestamp>
			</report>
			<report>
				<misses>162900001</misses>
				<total>34</total>
				<timestamp>1581.721938</timestamp>
			</report>
			<report>
				<misses>163000001</misses>
				<total>34</total>
				<timestamp>1582.692677</timestamp>
			</report>
			<report>
				<misses>163100001</misses>
				<total>34</total>
				<timestamp>1583.663995</timestamp>
			</report>
			<report>
				<misses>163200001</misses>
				<total>34</total>
				<timestamp>1584.635200</timestamp>
			</report>
			<report>
				<misses>163300001</misses>
				<total>34</total>
				<timestamp>1585.606800</timestamp>
			</report>
			<report>
				<misses>163400001</misses>
				<total>34</total>
				<timestamp>1586.577772</timestamp>
			</report>
			<report>
				<misses>163500001</misses>
				<total>34</total>
				<timestamp>1587.548724</timestamp>
			</report>
			<report>
				<misses>163600001</misses>
				<total>34</total>
				<timestamp>1588.519935</timestamp>
			</report>
			<report>
				<misses>163700001</misses>
				<total>34</total>
				<timestamp>1589.491045</timestamp>
			</report>
			<report>
				<misses>163800001</misses>
				<total>34</total>
				<timestamp>1590.462772</timestamp>
			</report>
			<report>
				<misses>163900001</misses>
				<total>34</total>
				<timestamp>1591.434365</timestamp>
			</report>
			<report>
				<misses>164000001</misses>
				<total>34</total>
				<timestamp>1592.406342</timestamp>
			</report>
			<report>
				<misses>164100001</misses>
				<total>34</total>
				<timestamp>1593.377211</timestamp>
			</report>
			<report>
				<misses>164200001</misses>
				<total>34</total>
				<timestamp>1594.348412</timestamp>
			</report>
			<report>
				<misses>164300001</misses>
				<total>34</total>
				<timestamp>1595.319495</timestamp>
			</report>
			<report>
				<misses>164400001</misses>
				<total>34</total>
				<timestamp>1596.290725</timestamp>
			</report>
			<report>
				<misses>164500001</misses>
				<total>34</total>
				<timestamp>1597.262066</timestamp>
			</report>
			<report>
				<misses>164600001</misses>
				<total>34</total>
				<timestamp>1598.233417</timestamp>
			</report>
			<report>
				<misses>164700001</misses>
				<total>34</total>
				<timestamp>1599.205142</timestamp>
			</report>
			<report>
				<misses>164800001</misses>
				<total>34</total>
				<timestamp>1600.176611</timestamp>
			</report>
			<report>
				<misses>164900001</misses>
				<total>34</total>
				<timestamp>1601.147866</timestamp>
			</report>
			<report>
				<misses>165000001</misses>
				<total>34</total>
				<timestamp>1602.118445</timestamp>
			</report>
			<report>
				<misses>165100001</misses>
				<total>34</total>
				<timestamp>1603.089015</timestamp>
			</report>
			<report>
				<misses>165200001</misses>
				<total>34</total>
				<timestamp>1604.060485</timestamp>
			</report>
			<report>
				<misses>165300001</misses>
				<total>34</total>
				<timestamp>1605.032085</timestamp>
			</report>
			<report>
				<misses>165400001</misses>
				<total>34</total>
				<timestamp>1606.002933</timestamp>
			</report>
			<report>
				<misses>165500001</misses>
				<total>34</total>
				<timestamp>1606.973512</timestamp>
			</report>
			<report>
				<misses>165600001</misses>
				<total>34</total>
				<timestamp>1607.944225</timestamp>
			</report>
			<report>
				<misses>165700001</misses>
				<total>34</total>
				<timestamp>1608.915685</timestamp>
			</report>
			<report>
				<misses>165800001</misses>
				<total>34</total>
				<timestamp>1609.887559</timestamp>
			</report>
			<report>
				<misses>165900001</misses>
				<total>34</total>
				<timestamp>1610.859013</timestamp>
			</report>
			<report>
				<misses>166000001</misses>
				<total>34</total>
				<timestamp>1611.830393</timestamp>
			</report>
			<report>
				<misses>166100001</misses>
				<total>34</total>
				<timestamp>1612.801830</timestamp>
			</report>
			<report>
				<misses>166200001</misses>
				<total>34</total>
				<timestamp>1613.773171</timestamp>
			</report>
			<report>
				<misses>166300001</misses>
				<total>34</total>
				<timestamp>1614.743761</timestamp>
			</report>
			<report>
				<misses>166400001</misses>
				<total>34</total>
				<timestamp>1615.714868</timestamp>
			</report>
			<report>
				<misses>166500001</misses>
				<total>34</total>
				<timestamp>1616.686284</timestamp>
			</report>
			<report>
				<misses>166600001</misses>
				<total>34</total>
				<timestamp>1617.657010</timestamp>
			</report>
			<report>
				<misses>166700001</misses>
				<total>34</total>
				<timestamp>1618.627485</timestamp>
			</report>
			<report>
				<misses>166800001</misses>
				<total>34</total>
				<timestamp>1619.598396</timestamp>
			</report>
			<report>
				<misses>166900001</misses>
				<total>34</total>
				<timestamp>1620.569305</timestamp>
			</report>
			<report>
				<misses>167000001</misses>
				<total>34</total>
				<timestamp>1621.540258</timestamp>
			</report>
			<report>
				<misses>167100001</misses>
				<total>34</total>
				<timestamp>1622.510707</timestamp>
			</report>
			<report>
				<misses>167200001</misses>
				<total>34</total>
				<timestamp>1623.481956</timestamp>
			</report>
			<report>
				<misses>167300001</misses>
				<total>34</total>
				<timestamp>1624.452775</timestamp>
			</report>
			<report>
				<misses>167400001</misses>
				<total>34</total>
				<timestamp>1625.423604</timestamp>
			</report>
			<report>
				<misses>167500001</misses>
				<total>34</total>
				<timestamp>1626.395042</timestamp>
			</report>
			<report>
				<misses>167600001</misses>
				<total>34</total>
				<timestamp>1627.365961</timestamp>
			</report>
			<report>
				<misses>167700001</misses>
				<total>34</total>
				<timestamp>1628.336946</timestamp>
			</report>
			<report>
				<misses>167800001</misses>
				<total>34</total>
				<timestamp>1629.308531</timestamp>
			</report>
			<report>
				<misses>167900001</misses>
				<total>34</total>
				<timestamp>1630.279638</timestamp>
			</report>
			<report>
				<misses>168000001</misses>
				<total>34</total>
				<timestamp>1631.251261</timestamp>
			</report>
			<report>
				<misses>168100001</misses>
				<total>34</total>
				<timestamp>1632.222072</timestamp>
			</report>
			<report>
				<misses>168200001</misses>
				<total>34</total>
				<timestamp>1633.193418</timestamp>
			</report>
			<report>
				<misses>168300001</misses>
				<total>34</total>
				<timestamp>1634.164275</timestamp>
			</report>
			<report>
				<misses>168400001</misses>
				<total>34</total>
				<timestamp>1635.135422</timestamp>
			</report>
			<report>
				<misses>168500001</misses>
				<total>34</total>
				<timestamp>1636.106882</timestamp>
			</report>
			<report>
				<misses>168600001</misses>
				<total>34</total>
				<timestamp>1637.078095</timestamp>
			</report>
			<report>
				<misses>168700001</misses>
				<total>34</total>
				<timestamp>1638.048711</timestamp>
			</report>
			<report>
				<misses>168800001</misses>
				<total>34</total>
				<timestamp>1639.020915</timestamp>
			</report>
			<report>
				<misses>168900001</misses>
				<total>34</total>
				<timestamp>1639.991874</timestamp>
			</report>
			<report>
				<misses>169000001</misses>
				<total>34</total>
				<timestamp>1640.963100</timestamp>
			</report>
			<report>
				<misses>169100001</misses>
				<total>34</total>
				<timestamp>1641.934215</timestamp>
			</report>
			<report>
				<misses>169200001</misses>
				<total>34</total>
				<timestamp>1642.905155</timestamp>
			</report>
			<report>
				<misses>169300001</misses>
				<total>34</total>
				<timestamp>1643.876885</timestamp>
			</report>
			<report>
				<misses>169400001</misses>
				<total>34</total>
				<timestamp>1644.847854</timestamp>
			</report>
			<report>
				<misses>169500001</misses>
				<total>34</total>
				<timestamp>1645.819195</timestamp>
			</report>
			<report>
				<misses>169600001</misses>
				<total>34</total>
				<timestamp>1646.790551</timestamp>
			</report>
			<report>
				<misses>169700001</misses>
				<total>34</total>
				<timestamp>1647.761657</timestamp>
			</report>
			<report>
				<misses>169800001</misses>
				<total>34</total>
				<timestamp>1648.732980</timestamp>
			</report>
			<report>
				<misses>169900001</misses>
				<total>34</total>
				<timestamp>1649.704205</timestamp>
			</report>
			<report>
				<misses>170000001</misses>
				<total>34</total>
				<timestamp>1650.675431</timestamp>
			</report>
			<report>
				<misses>170100001</misses>
				<total>34</total>
				<timestamp>1651.646538</timestamp>
			</report>
			<report>
				<misses>170200001</misses>
				<total>34</total>
				<timestamp>1652.617759</timestamp>
			</report>
			<report>
				<misses>170300001</misses>
				<total>34</total>
				<timestamp>1653.588609</timestamp>
			</report>
			<report>
				<misses>170400001</misses>
				<total>34</total>
				<timestamp>1654.559189</timestamp>
			</report>
			<report>
				<misses>170500001</misses>
				<total>34</total>
				<timestamp>1655.531038</timestamp>
			</report>
			<report>
				<misses>170600001</misses>
				<total>34</total>
				<timestamp>1656.502365</timestamp>
			</report>
			<report>
				<misses>170700001</misses>
				<total>34</total>
				<timestamp>1657.473332</timestamp>
			</report>
			<report>
				<misses>170800001</misses>
				<total>34</total>
				<timestamp>1658.444191</timestamp>
			</report>
			<report>
				<misses>170900001</misses>
				<total>34</total>
				<timestamp>1659.415267</timestamp>
			</report>
			<report>
				<misses>171000001</misses>
				<total>34</total>
				<timestamp>1660.386243</timestamp>
			</report>
			<report>
				<misses>171100001</misses>
				<total>34</total>
				<timestamp>1661.357963</timestamp>
			</report>
			<report>
				<misses>171200001</misses>
				<total>34</total>
				<timestamp>1662.329412</timestamp>
			</report>
			<report>
				<misses>171300001</misses>
				<total>34</total>
				<timestamp>1663.300701</timestamp>
			</report>
			<report>
				<misses>171400001</misses>
				<total>34</total>
				<timestamp>1664.271785</timestamp>
			</report>
			<report>
				<misses>171500001</misses>
				<total>34</total>
				<timestamp>1665.242892</timestamp>
			</report>
			<report>
				<misses>171600001</misses>
				<total>34</total>
				<timestamp>1666.214252</timestamp>
			</report>
			<report>
				<misses>171700001</misses>
				<total>34</total>
				<timestamp>1667.185324</timestamp>
			</report>
			<report>
				<misses>171800001</misses>
				<total>34</total>
				<timestamp>1668.156336</timestamp>
			</report>
			<report>
				<misses>171900001</misses>
				<total>34</total>
				<timestamp>1669.128293</timestamp>
			</report>
			<report>
				<misses>172000001</misses>
				<total>34</total>
				<timestamp>1670.099030</timestamp>
			</report>
			<report>
				<misses>172100001</misses>
				<total>34</total>
				<timestamp>1671.070227</timestamp>
			</report>
			<report>
				<misses>172200001</misses>
				<total>34</total>
				<timestamp>1672.041248</timestamp>
			</report>
			<report>
				<misses>172300001</misses>
				<total>34</total>
				<timestamp>1673.012359</timestamp>
			</report>
			<report>
				<misses>172400001</misses>
				<total>34</total>
				<timestamp>1673.983434</timestamp>
			</report>
			<report>
				<misses>172500001</misses>
				<total>34</total>
				<timestamp>1674.954789</timestamp>
			</report>
			<report>
				<misses>172600001</misses>
				<total>34</total>
				<timestamp>1675.926527</timestamp>
			</report>
			<report>
				<misses>172700001</misses>
				<total>34</total>
				<timestamp>1676.897472</timestamp>
			</report>
			<report>
				<misses>172800001</misses>
				<total>34</total>
				<timestamp>1677.869079</timestamp>
			</report>
			<report>
				<misses>172900001</misses>
				<total>34</total>
				<timestamp>1678.839921</timestamp>
			</report>
			<report>
				<misses>173000001</misses>
				<total>34</total>
				<timestamp>1679.811028</timestamp>
			</report>
			<report>
				<misses>173100001</misses>
				<total>34</total>
				<timestamp>1680.782523</timestamp>
			</report>
			<report>
				<misses>173200001</misses>
				<total>34</total>
				<timestamp>1681.753958</timestamp>
			</report>
			<report>
				<misses>173300001</misses>
				<total>34</total>
				<timestamp>1682.725301</timestamp>
			</report>
			<report>
				<misses>173400001</misses>
				<total>34</total>
				<timestamp>1683.696521</timestamp>
			</report>
			<report>
				<misses>173500001</misses>
				<total>34</total>
				<timestamp>1684.667481</timestamp>
			</report>
			<report>
				<misses>173600001</misses>
				<total>34</total>
				<timestamp>1685.638211</timestamp>
			</report>
			<report>
				<misses>173700001</misses>
				<total>34</total>
				<timestamp>1686.609435</timestamp>
			</report>
			<report>
				<misses>173800001</misses>
				<total>34</total>
				<timestamp>1687.580383</timestamp>
			</report>
			<report>
				<misses>173900001</misses>
				<total>34</total>
				<timestamp>1688.551989</timestamp>
			</report>
			<report>
				<misses>174000001</misses>
				<total>34</total>
				<timestamp>1689.522959</timestamp>
			</report>
			<report>
				<misses>174100001</misses>
				<total>34</total>
				<timestamp>1690.494561</timestamp>
			</report>
			<report>
				<misses>174200001</misses>
				<total>34</total>
				<timestamp>1691.465545</timestamp>
			</report>
			<report>
				<misses>174300001</misses>
				<total>34</total>
				<timestamp>1692.437508</timestamp>
			</report>
			<report>
				<misses>174400001</misses>
				<total>34</total>
				<timestamp>1693.409109</timestamp>
			</report>
			<report>
				<misses>174500001</misses>
				<total>34</total>
				<timestamp>1694.380065</timestamp>
			</report>
			<report>
				<misses>174600001</misses>
				<total>34</total>
				<timestamp>1695.351033</timestamp>
			</report>
			<report>
				<misses>174700001</misses>
				<total>34</total>
				<timestamp>1696.322892</timestamp>
			</report>
			<report>
				<misses>174800001</misses>
				<total>34</total>
				<timestamp>1697.294607</timestamp>
			</report>
			<report>
				<misses>174900001</misses>
				<total>34</total>
				<timestamp>1698.265824</timestamp>
			</report>
			<report>
				<misses>175000001</misses>
				<total>34</total>
				<timestamp>1699.237306</timestamp>
			</report>
			<report>
				<misses>175100001</misses>
				<total>34</total>
				<timestamp>1700.208255</timestamp>
			</report>
			<report>
				<misses>175200001</misses>
				<total>34</total>
				<timestamp>1701.179543</timestamp>
			</report>
			<report>
				<misses>175300001</misses>
				<total>34</total>
				<timestamp>1702.150327</timestamp>
			</report>
			<report>
				<misses>175400001</misses>
				<total>34</total>
				<timestamp>1703.121524</timestamp>
			</report>
			<report>
				<misses>175500001</misses>
				<total>34</total>
				<timestamp>1704.092444</timestamp>
			</report>
			<report>
				<misses>175600001</misses>
				<total>34</total>
				<timestamp>1705.063507</timestamp>
			</report>
			<report>
				<misses>175700001</misses>
				<total>34</total>
				<timestamp>1706.034612</timestamp>
			</report>
			<report>
				<misses>175800001</misses>
				<total>34</total>
				<timestamp>1707.005945</timestamp>
			</report>
			<report>
				<misses>175900001</misses>
				<total>34</total>
				<timestamp>1707.977197</timestamp>
			</report>
			<report>
				<misses>176000001</misses>
				<total>34</total>
				<timestamp>1708.948254</timestamp>
			</report>
			<report>
				<misses>176100001</misses>
				<total>34</total>
				<timestamp>1709.919380</timestamp>
			</report>
			<report>
				<misses>176200001</misses>
				<total>34</total>
				<timestamp>1710.891313</timestamp>
			</report>
			<report>
				<misses>176300001</misses>
				<total>34</total>
				<timestamp>1711.862119</timestamp>
			</report>
			<report>
				<misses>176400001</misses>
				<total>34</total>
				<timestamp>1712.833444</timestamp>
			</report>
			<report>
				<misses>176500001</misses>
				<total>34</total>
				<timestamp>1713.805038</timestamp>
			</report>
			<report>
				<misses>176600001</misses>
				<total>34</total>
				<timestamp>1714.776522</timestamp>
			</report>
			<report>
				<misses>176700001</misses>
				<total>34</total>
				<timestamp>1715.747917</timestamp>
			</report>
			<report>
				<misses>176800001</misses>
				<total>34</total>
				<timestamp>1716.719658</timestamp>
			</report>
			<report>
				<misses>176900001</misses>
				<total>34</total>
				<timestamp>1717.691400</timestamp>
			</report>
			<report>
				<misses>177000001</misses>
				<total>34</total>
				<timestamp>1718.662679</timestamp>
			</report>
			<report>
				<misses>177100001</misses>
				<total>34</total>
				<timestamp>1719.634816</timestamp>
			</report>
			<report>
				<misses>177200001</misses>
				<total>34</total>
				<timestamp>1720.606298</timestamp>
			</report>
			<report>
				<misses>177300001</misses>
				<total>34</total>
				<timestamp>1721.577411</timestamp>
			</report>
			<report>
				<misses>177400001</misses>
				<total>34</total>
				<timestamp>1722.549098</timestamp>
			</report>
			<report>
				<misses>177500001</misses>
				<total>34</total>
				<timestamp>1723.520339</timestamp>
			</report>
			<report>
				<misses>177600001</misses>
				<total>34</total>
				<timestamp>1724.491456</timestamp>
			</report>
			<report>
				<misses>177700001</misses>
				<total>34</total>
				<timestamp>1725.462889</timestamp>
			</report>
			<report>
				<misses>177800001</misses>
				<total>34</total>
				<timestamp>1726.433993</timestamp>
			</report>
			<report>
				<misses>177900001</misses>
				<total>34</total>
				<timestamp>1727.405205</timestamp>
			</report>
			<report>
				<misses>178000001</misses>
				<total>34</total>
				<timestamp>1728.375819</timestamp>
			</report>
			<report>
				<misses>178100001</misses>
				<total>34</total>
				<timestamp>1729.346637</timestamp>
			</report>
			<report>
				<misses>178200001</misses>
				<total>34</total>
				<timestamp>1730.318733</timestamp>
			</report>
			<report>
				<misses>178300001</misses>
				<total>34</total>
				<timestamp>1731.290468</timestamp>
			</report>
			<report>
				<misses>178400001</misses>
				<total>34</total>
				<timestamp>1732.262068</timestamp>
			</report>
			<report>
				<misses>178500001</misses>
				<total>34</total>
				<timestamp>1733.233286</timestamp>
			</report>
			<report>
				<misses>178600001</misses>
				<total>34</total>
				<timestamp>1734.205176</timestamp>
			</report>
			<report>
				<misses>178700001</misses>
				<total>34</total>
				<timestamp>1735.176001</timestamp>
			</report>
			<report>
				<misses>178800001</misses>
				<total>34</total>
				<timestamp>1736.147069</timestamp>
			</report>
			<report>
				<misses>178900001</misses>
				<total>34</total>
				<timestamp>1737.118672</timestamp>
			</report>
			<report>
				<misses>179000001</misses>
				<total>34</total>
				<timestamp>1738.089897</timestamp>
			</report>
			<report>
				<misses>179100001</misses>
				<total>34</total>
				<timestamp>1739.061550</timestamp>
			</report>
			<report>
				<misses>179200001</misses>
				<total>34</total>
				<timestamp>1740.032648</timestamp>
			</report>
			<report>
				<misses>179300001</misses>
				<total>34</total>
				<timestamp>1741.003235</timestamp>
			</report>
			<report>
				<misses>179400001</misses>
				<total>34</total>
				<timestamp>1741.974460</timestamp>
			</report>
			<report>
				<misses>179500001</misses>
				<total>34</total>
				<timestamp>1742.945679</timestamp>
			</report>
			<report>
				<misses>179600001</misses>
				<total>34</total>
				<timestamp>1743.918162</timestamp>
			</report>
			<report>
				<misses>179700001</misses>
				<total>34</total>
				<timestamp>1744.889500</timestamp>
			</report>
			<report>
				<misses>179800001</misses>
				<total>34</total>
				<timestamp>1745.860982</timestamp>
			</report>
			<report>
				<misses>179900001</misses>
				<total>34</total>
				<timestamp>1746.832091</timestamp>
			</report>
			<report>
				<misses>180000001</misses>
				<total>34</total>
				<timestamp>1747.802578</timestamp>
			</report>
			<report>
				<misses>180100001</misses>
				<total>34</total>
				<timestamp>1748.773409</timestamp>
			</report>
			<report>
				<misses>180200001</misses>
				<total>34</total>
				<timestamp>1749.744276</timestamp>
			</report>
			<report>
				<misses>180300001</misses>
				<total>34</total>
				<timestamp>1750.715981</timestamp>
			</report>
			<report>
				<misses>180400001</misses>
				<total>34</total>
				<timestamp>1751.686920</timestamp>
			</report>
			<report>
				<misses>180500001</misses>
				<total>34</total>
				<timestamp>1752.658405</timestamp>
			</report>
			<report>
				<misses>180600001</misses>
				<total>34</total>
				<timestamp>1753.629896</timestamp>
			</report>
			<report>
				<misses>180700001</misses>
				<total>34</total>
				<timestamp>1754.601727</timestamp>
			</report>
			<report>
				<misses>180800001</misses>
				<total>34</total>
				<timestamp>1755.572400</timestamp>
			</report>
			<report>
				<misses>180900001</misses>
				<total>34</total>
				<timestamp>1756.543622</timestamp>
			</report>
			<report>
				<misses>181000001</misses>
				<total>34</total>
				<timestamp>1757.514477</timestamp>
			</report>
			<report>
				<misses>181100001</misses>
				<total>34</total>
				<timestamp>1758.485923</timestamp>
			</report>
			<report>
				<misses>181200001</misses>
				<total>34</total>
				<timestamp>1759.456513</timestamp>
			</report>
			<report>
				<misses>181300001</misses>
				<total>34</total>
				<timestamp>1760.427679</timestamp>
			</report>
			<report>
				<misses>181400001</misses>
				<total>34</total>
				<timestamp>1761.399279</timestamp>
			</report>
			<report>
				<misses>181500001</misses>
				<total>34</total>
				<timestamp>1762.371261</timestamp>
			</report>
			<report>
				<misses>181600001</misses>
				<total>34</total>
				<timestamp>1763.341998</timestamp>
			</report>
			<report>
				<misses>181700001</misses>
				<total>34</total>
				<timestamp>1764.313206</timestamp>
			</report>
			<report>
				<misses>181800001</misses>
				<total>34</total>
				<timestamp>1765.284691</timestamp>
			</report>
			<report>
				<misses>181900001</misses>
				<total>34</total>
				<timestamp>1766.256022</timestamp>
			</report>
			<report>
				<misses>182000001</misses>
				<total>34</total>
				<timestamp>1767.227763</timestamp>
			</report>
			<report>
				<misses>182100001</misses>
				<total>34</total>
				<timestamp>1768.198960</timestamp>
			</report>
			<report>
				<misses>182200001</misses>
				<total>34</total>
				<timestamp>1769.170196</timestamp>
			</report>
			<report>
				<misses>182300001</misses>
				<total>34</total>
				<timestamp>1770.141393</timestamp>
			</report>
			<report>
				<misses>182400001</misses>
				<total>34</total>
				<timestamp>1771.113141</timestamp>
			</report>
			<report>
				<misses>182500001</misses>
				<total>34</total>
				<timestamp>1772.084724</timestamp>
			</report>
			<report>
				<misses>182600001</misses>
				<total>34</total>
				<timestamp>1773.055833</timestamp>
			</report>
			<report>
				<misses>182700001</misses>
				<total>34</total>
				<timestamp>1774.026796</timestamp>
			</report>
			<report>
				<misses>182800001</misses>
				<total>34</total>
				<timestamp>1774.997501</timestamp>
			</report>
			<report>
				<misses>182900001</misses>
				<total>34</total>
				<timestamp>1775.969988</timestamp>
			</report>
			<report>
				<misses>183000001</misses>
				<total>34</total>
				<timestamp>1776.941149</timestamp>
			</report>
			<report>
				<misses>183100001</misses>
				<total>34</total>
				<timestamp>1777.912066</timestamp>
			</report>
			<report>
				<misses>183200001</misses>
				<total>34</total>
				<timestamp>1778.883530</timestamp>
			</report>
			<report>
				<misses>183300001</misses>
				<total>34</total>
				<timestamp>1779.855276</timestamp>
			</report>
			<report>
				<misses>183400001</misses>
				<total>34</total>
				<timestamp>1780.825845</timestamp>
			</report>
			<report>
				<misses>183500001</misses>
				<total>34</total>
				<timestamp>1781.797073</timestamp>
			</report>
			<report>
				<misses>183600001</misses>
				<total>34</total>
				<timestamp>1782.768175</timestamp>
			</report>
			<report>
				<misses>183700001</misses>
				<total>34</total>
				<timestamp>1783.739014</timestamp>
			</report>
			<report>
				<misses>183800001</misses>
				<total>34</total>
				<timestamp>1784.709979</timestamp>
			</report>
			<report>
				<misses>183900001</misses>
				<total>34</total>
				<timestamp>1785.681585</timestamp>
			</report>
			<report>
				<misses>184000001</misses>
				<total>34</total>
				<timestamp>1786.652781</timestamp>
			</report>
			<report>
				<misses>184100001</misses>
				<total>34</total>
				<timestamp>1787.623754</timestamp>
			</report>
			<report>
				<misses>184200001</misses>
				<total>34</total>
				<timestamp>1788.594472</timestamp>
			</report>
			<report>
				<misses>184300001</misses>
				<total>34</total>
				<timestamp>1789.566076</timestamp>
			</report>
			<report>
				<misses>184400001</misses>
				<total>34</total>
				<timestamp>1790.537421</timestamp>
			</report>
			<report>
				<misses>184500001</misses>
				<total>34</total>
				<timestamp>1791.508390</timestamp>
			</report>
			<report>
				<misses>184600001</misses>
				<total>34</total>
				<timestamp>1792.480346</timestamp>
			</report>
			<report>
				<misses>184700001</misses>
				<total>34</total>
				<timestamp>1793.452161</timestamp>
			</report>
			<report>
				<misses>184800001</misses>
				<total>34</total>
				<timestamp>1794.423143</timestamp>
			</report>
			<report>
				<misses>184900001</misses>
				<total>34</total>
				<timestamp>1795.394502</timestamp>
			</report>
			<report>
				<misses>185000001</misses>
				<total>34</total>
				<timestamp>1796.366081</timestamp>
			</report>
			<report>
				<misses>185100001</misses>
				<total>34</total>
				<timestamp>1797.337319</timestamp>
			</report>
			<report>
				<misses>185200001</misses>
				<total>34</total>
				<timestamp>1798.308652</timestamp>
			</report>
			<report>
				<misses>185300001</misses>
				<total>34</total>
				<timestamp>1799.280137</timestamp>
			</report>
			<report>
				<misses>185400001</misses>
				<total>34</total>
				<timestamp>1800.251470</timestamp>
			</report>
			<report>
				<misses>185500001</misses>
				<total>34</total>
				<timestamp>1801.222696</timestamp>
			</report>
			<report>
				<misses>185600001</misses>
				<total>34</total>
				<timestamp>1802.193802</timestamp>
			</report>
			<report>
				<misses>185700001</misses>
				<total>34</total>
				<timestamp>1803.164535</timestamp>
			</report>
			<report>
				<misses>185800001</misses>
				<total>34</total>
				<timestamp>1804.135233</timestamp>
			</report>
			<report>
				<misses>185900001</misses>
				<total>34</total>
				<timestamp>1805.107702</timestamp>
			</report>
			<report>
				<misses>186000001</misses>
				<total>34</total>
				<timestamp>1806.078571</timestamp>
			</report>
			<report>
				<misses>186100001</misses>
				<total>34</total>
				<timestamp>1807.049149</timestamp>
			</report>
			<report>
				<misses>186200001</misses>
				<total>34</total>
				<timestamp>1808.020349</timestamp>
			</report>
			<report>
				<misses>186300001</misses>
				<total>34</total>
				<timestamp>1808.991499</timestamp>
			</report>
			<report>
				<misses>186400001</misses>
				<total>34</total>
				<timestamp>1809.962503</timestamp>
			</report>
			<report>
				<misses>186500001</misses>
				<total>34</total>
				<timestamp>1810.933720</timestamp>
			</report>
			<report>
				<misses>186600001</misses>
				<total>34</total>
				<timestamp>1811.905077</timestamp>
			</report>
			<report>
				<misses>186700001</misses>
				<total>34</total>
				<timestamp>1812.876294</timestamp>
			</report>
			<report>
				<misses>186800001</misses>
				<total>34</total>
				<timestamp>1813.847016</timestamp>
			</report>
			<report>
				<misses>186900001</misses>
				<total>34</total>
				<timestamp>1814.818645</timestamp>
			</report>
			<report>
				<misses>187000001</misses>
				<total>34</total>
				<timestamp>1815.789957</timestamp>
			</report>
			<report>
				<misses>187100001</misses>
				<total>34</total>
				<timestamp>1816.760923</timestamp>
			</report>
			<report>
				<misses>187200001</misses>
				<total>34</total>
				<timestamp>1817.732647</timestamp>
			</report>
			<report>
				<misses>187300001</misses>
				<total>34</total>
				<timestamp>1818.704880</timestamp>
			</report>
			<report>
				<misses>187400001</misses>
				<total>34</total>
				<timestamp>1819.676109</timestamp>
			</report>
			<report>
				<misses>187500001</misses>
				<total>34</total>
				<timestamp>1820.646944</timestamp>
			</report>
			<report>
				<misses>187600001</misses>
				<total>34</total>
				<timestamp>1821.618698</timestamp>
			</report>
			<report>
				<misses>187700001</misses>
				<total>34</total>
				<timestamp>1822.590660</timestamp>
			</report>
			<report>
				<misses>187800001</misses>
				<total>34</total>
				<timestamp>1823.561513</timestamp>
			</report>
			<report>
				<misses>187900001</misses>
				<total>34</total>
				<timestamp>1824.532325</timestamp>
			</report>
			<report>
				<misses>188000001</misses>
				<total>34</total>
				<timestamp>1825.503411</timestamp>
			</report>
			<report>
				<misses>188100001</misses>
				<total>34</total>
				<timestamp>1826.474414</timestamp>
			</report>
			<report>
				<misses>188200001</misses>
				<total>34</total>
				<timestamp>1827.445752</timestamp>
			</report>
			<report>
				<misses>188300001</misses>
				<total>34</total>
				<timestamp>1828.416469</timestamp>
			</report>
			<report>
				<misses>188400001</misses>
				<total>34</total>
				<timestamp>1829.388296</timestamp>
			</report>
			<report>
				<misses>188500001</misses>
				<total>34</total>
				<timestamp>1830.359422</timestamp>
			</report>
			<report>
				<misses>188600001</misses>
				<total>34</total>
				<timestamp>1831.331120</timestamp>
			</report>
			<report>
				<misses>188700001</misses>
				<total>34</total>
				<timestamp>1832.301963</timestamp>
			</report>
			<report>
				<misses>188800001</misses>
				<total>34</total>
				<timestamp>1833.272549</timestamp>
			</report>
			<report>
				<misses>188900001</misses>
				<total>34</total>
				<timestamp>1834.243884</timestamp>
			</report>
			<report>
				<misses>189000001</misses>
				<total>34</total>
				<timestamp>1835.214722</timestamp>
			</report>
			<report>
				<misses>189100001</misses>
				<total>34</total>
				<timestamp>1836.186450</timestamp>
			</report>
			<report>
				<misses>189200001</misses>
				<total>34</total>
				<timestamp>1837.157417</timestamp>
			</report>
			<report>
				<misses>189300001</misses>
				<total>34</total>
				<timestamp>1838.128405</timestamp>
			</report>
			<report>
				<misses>189400001</misses>
				<total>34</total>
				<timestamp>1839.100881</timestamp>
			</report>
			<report>
				<misses>189500001</misses>
				<total>34</total>
				<timestamp>1840.072102</timestamp>
			</report>
			<report>
				<misses>189600001</misses>
				<total>34</total>
				<timestamp>1841.043062</timestamp>
			</report>
			<report>
				<misses>189700001</misses>
				<total>34</total>
				<timestamp>1842.014032</timestamp>
			</report>
			<report>
				<misses>189800001</misses>
				<total>34</total>
				<timestamp>1842.984990</timestamp>
			</report>
			<report>
				<misses>189900001</misses>
				<total>34</total>
				<timestamp>1843.956095</timestamp>
			</report>
			<report>
				<misses>190000001</misses>
				<total>34</total>
				<timestamp>1844.927055</timestamp>
			</report>
			<report>
				<misses>190100001</misses>
				<total>34</total>
				<timestamp>1845.897631</timestamp>
			</report>
			<report>
				<misses>190200001</misses>
				<total>34</total>
				<timestamp>1846.868633</timestamp>
			</report>
			<report>
				<misses>190300001</misses>
				<total>34</total>
				<timestamp>1847.839440</timestamp>
			</report>
			<report>
				<misses>190400001</misses>
				<total>34</total>
				<timestamp>1848.810796</timestamp>
			</report>
			<report>
				<misses>190500001</misses>
				<total>34</total>
				<timestamp>1849.782025</timestamp>
			</report>
			<report>
				<misses>190600001</misses>
				<total>34</total>
				<timestamp>1850.752732</timestamp>
			</report>
			<report>
				<misses>190700001</misses>
				<total>34</total>
				<timestamp>1851.723558</timestamp>
			</report>
			<report>
				<misses>190800001</misses>
				<total>34</total>
				<timestamp>1852.694664</timestamp>
			</report>
			<report>
				<misses>190900001</misses>
				<total>34</total>
				<timestamp>1853.665502</timestamp>
			</report>
			<report>
				<misses>191000001</misses>
				<total>34</total>
				<timestamp>1854.636215</timestamp>
			</report>
			<report>
				<misses>191100001</misses>
				<total>34</total>
				<timestamp>1855.606922</timestamp>
			</report>
			<report>
				<misses>191200001</misses>
				<total>34</total>
				<timestamp>1856.578407</timestamp>
			</report>
			<report>
				<misses>191300001</misses>
				<total>34</total>
				<timestamp>1857.550005</timestamp>
			</report>
			<report>
				<misses>191400001</misses>
				<total>34</total>
				<timestamp>1858.521921</timestamp>
			</report>
			<report>
				<misses>191500001</misses>
				<total>34</total>
				<timestamp>1859.492627</timestamp>
			</report>
			<report>
				<misses>191600001</misses>
				<total>34</total>
				<timestamp>1860.464728</timestamp>
			</report>
			<report>
				<misses>191700001</misses>
				<total>34</total>
				<timestamp>1861.436137</timestamp>
			</report>
			<report>
				<misses>191800001</misses>
				<total>34</total>
				<timestamp>1862.407490</timestamp>
			</report>
			<report>
				<misses>191900001</misses>
				<total>34</total>
				<timestamp>1863.378451</timestamp>
			</report>
			<report>
				<misses>192000001</misses>
				<total>34</total>
				<timestamp>1864.349405</timestamp>
			</report>
			<report>
				<misses>192100001</misses>
				<total>34</total>
				<timestamp>1865.320165</timestamp>
			</report>
			<report>
				<misses>192200001</misses>
				<total>34</total>
				<timestamp>1866.290780</timestamp>
			</report>
			<report>
				<misses>192300001</misses>
				<total>34</total>
				<timestamp>1867.262435</timestamp>
			</report>
			<report>
				<misses>192400001</misses>
				<total>34</total>
				<timestamp>1868.233171</timestamp>
			</report>
			<report>
				<misses>192500001</misses>
				<total>34</total>
				<timestamp>1869.204237</timestamp>
			</report>
			<report>
				<misses>192600001</misses>
				<total>34</total>
				<timestamp>1870.175005</timestamp>
			</report>
			<report>
				<misses>192700001</misses>
				<total>34</total>
				<timestamp>1871.145830</timestamp>
			</report>
			<report>
				<misses>192800001</misses>
				<total>34</total>
				<timestamp>1872.116924</timestamp>
			</report>
			<report>
				<misses>192900001</misses>
				<total>34</total>
				<timestamp>1873.087551</timestamp>
			</report>
			<report>
				<misses>193000001</misses>
				<total>34</total>
				<timestamp>1874.058942</timestamp>
			</report>
			<report>
				<misses>193100001</misses>
				<total>34</total>
				<timestamp>1875.029905</timestamp>
			</report>
			<report>
				<misses>193200001</misses>
				<total>34</total>
				<timestamp>1876.000767</timestamp>
			</report>
			<report>
				<misses>193300001</misses>
				<total>34</total>
				<timestamp>1876.971861</timestamp>
			</report>
			<report>
				<misses>193400001</misses>
				<total>34</total>
				<timestamp>1877.943058</timestamp>
			</report>
			<report>
				<misses>193500001</misses>
				<total>34</total>
				<timestamp>1878.914052</timestamp>
			</report>
			<report>
				<misses>193600001</misses>
				<total>34</total>
				<timestamp>1879.884876</timestamp>
			</report>
			<report>
				<misses>193700001</misses>
				<total>34</total>
				<timestamp>1880.856607</timestamp>
			</report>
			<report>
				<misses>193800001</misses>
				<total>34</total>
				<timestamp>1881.827767</timestamp>
			</report>
			<report>
				<misses>193900001</misses>
				<total>34</total>
				<timestamp>1882.799411</timestamp>
			</report>
			<report>
				<misses>194000001</misses>
				<total>34</total>
				<timestamp>1883.770216</timestamp>
			</report>
			<report>
				<misses>194100001</misses>
				<total>34</total>
				<timestamp>1884.741302</timestamp>
			</report>
			<report>
				<misses>194200001</misses>
				<total>34</total>
				<timestamp>1885.712656</timestamp>
			</report>
			<report>
				<misses>194300001</misses>
				<total>34</total>
				<timestamp>1886.684133</timestamp>
			</report>
			<report>
				<misses>194400001</misses>
				<total>34</total>
				<timestamp>1887.655507</timestamp>
			</report>
			<report>
				<misses>194500001</misses>
				<total>34</total>
				<timestamp>1888.626198</timestamp>
			</report>
			<report>
				<misses>194600001</misses>
				<total>34</total>
				<timestamp>1889.596907</timestamp>
			</report>
			<report>
				<misses>194700001</misses>
				<total>34</total>
				<timestamp>1890.568236</timestamp>
			</report>
			<report>
				<misses>194800001</misses>
				<total>34</total>
				<timestamp>1891.538705</timestamp>
			</report>
			<report>
				<misses>194900001</misses>
				<total>34</total>
				<timestamp>1892.509682</timestamp>
			</report>
			<report>
				<misses>195000001</misses>
				<total>34</total>
				<timestamp>1893.480775</timestamp>
			</report>
			<report>
				<misses>195100001</misses>
				<total>34</total>
				<timestamp>1894.452625</timestamp>
			</report>
			<report>
				<misses>195200001</misses>
				<total>34</total>
				<timestamp>1895.424214</timestamp>
			</report>
			<report>
				<misses>195300001</misses>
				<total>34</total>
				<timestamp>1896.395403</timestamp>
			</report>
			<report>
				<misses>195400001</misses>
				<total>34</total>
				<timestamp>1897.366450</timestamp>
			</report>
			<report>
				<misses>195500001</misses>
				<total>34</total>
				<timestamp>1898.337427</timestamp>
			</report>
			<report>
				<misses>195600001</misses>
				<total>34</total>
				<timestamp>1899.308256</timestamp>
			</report>
			<report>
				<misses>195700001</misses>
				<total>34</total>
				<timestamp>1900.278960</timestamp>
			</report>
			<report>
				<misses>195800001</misses>
				<total>34</total>
				<timestamp>1901.250440</timestamp>
			</report>
			<report>
				<misses>195900001</misses>
				<total>34</total>
				<timestamp>1902.221813</timestamp>
			</report>
			<report>
				<misses>196000001</misses>
				<total>34</total>
				<timestamp>1903.193288</timestamp>
			</report>
			<report>
				<misses>196100001</misses>
				<total>34</total>
				<timestamp>1904.164865</timestamp>
			</report>
			<report>
				<misses>196200001</misses>
				<total>34</total>
				<timestamp>1905.136089</timestamp>
			</report>
			<report>
				<misses>196300001</misses>
				<total>34</total>
				<timestamp>1906.107190</timestamp>
			</report>
			<report>
				<misses>196400001</misses>
				<total>34</total>
				<timestamp>1907.078399</timestamp>
			</report>
			<report>
				<misses>196500001</misses>
				<total>34</total>
				<timestamp>1908.049366</timestamp>
			</report>
			<report>
				<misses>196600001</misses>
				<total>34</total>
				<timestamp>1909.020199</timestamp>
			</report>
			<report>
				<misses>196700001</misses>
				<total>34</total>
				<timestamp>1909.991934</timestamp>
			</report>
			<report>
				<misses>196800001</misses>
				<total>34</total>
				<timestamp>1910.962794</timestamp>
			</report>
			<report>
				<misses>196900001</misses>
				<total>34</total>
				<timestamp>1911.933478</timestamp>
			</report>
			<report>
				<misses>197000001</misses>
				<total>34</total>
				<timestamp>1912.904304</timestamp>
			</report>
			<report>
				<misses>197100001</misses>
				<total>34</total>
				<timestamp>1913.874781</timestamp>
			</report>
			<report>
				<misses>197200001</misses>
				<total>34</total>
				<timestamp>1914.845497</timestamp>
			</report>
			<report>
				<misses>197300001</misses>
				<total>34</total>
				<timestamp>1915.816971</timestamp>
			</report>
			<report>
				<misses>197400001</misses>
				<total>34</total>
				<timestamp>1916.788722</timestamp>
			</report>
			<report>
				<misses>197500001</misses>
				<total>34</total>
				<timestamp>1917.759803</timestamp>
			</report>
			<report>
				<misses>197600001</misses>
				<total>34</total>
				<timestamp>1918.731245</timestamp>
			</report>
			<report>
				<misses>197700001</misses>
				<total>34</total>
				<timestamp>1919.702724</timestamp>
			</report>
			<report>
				<misses>197800001</misses>
				<total>34</total>
				<timestamp>1920.674461</timestamp>
			</report>
			<report>
				<misses>197900001</misses>
				<total>34</total>
				<timestamp>1921.646309</timestamp>
			</report>
			<report>
				<misses>198000001</misses>
				<total>34</total>
				<timestamp>1922.618419</timestamp>
			</report>
			<report>
				<misses>198100001</misses>
				<total>34</total>
				<timestamp>1923.590003</timestamp>
			</report>
			<report>
				<misses>198200001</misses>
				<total>34</total>
				<timestamp>1924.560721</timestamp>
			</report>
			<report>
				<misses>198300001</misses>
				<total>34</total>
				<timestamp>1925.531710</timestamp>
			</report>
			<report>
				<misses>198400001</misses>
				<total>34</total>
				<timestamp>1926.502673</timestamp>
			</report>
			<report>
				<misses>198500001</misses>
				<total>34</total>
				<timestamp>1927.473755</timestamp>
			</report>
			<report>
				<misses>198600001</misses>
				<total>34</total>
				<timestamp>1928.444596</timestamp>
			</report>
			<report>
				<misses>198700001</misses>
				<total>34</total>
				<timestamp>1929.415181</timestamp>
			</report>
			<report>
				<misses>198800001</misses>
				<total>34</total>
				<timestamp>1930.386404</timestamp>
			</report>
			<report>
				<misses>198900001</misses>
				<total>34</total>
				<timestamp>1931.357628</timestamp>
			</report>
			<report>
				<misses>199000001</misses>
				<total>34</total>
				<timestamp>1932.329344</timestamp>
			</report>
			<report>
				<misses>199100001</misses>
				<total>34</total>
				<timestamp>1933.300940</timestamp>
			</report>
			<report>
				<misses>199200001</misses>
				<total>34</total>
				<timestamp>1934.271785</timestamp>
			</report>
			<report>
				<misses>199300001</misses>
				<total>34</total>
				<timestamp>1935.243006</timestamp>
			</report>
			<report>
				<misses>199400001</misses>
				<total>34</total>
				<timestamp>1936.214873</timestamp>
			</report>
			<report>
				<misses>199500001</misses>
				<total>34</total>
				<timestamp>1937.185282</timestamp>
			</report>
			<report>
				<misses>199600001</misses>
				<total>34</total>
				<timestamp>1938.156053</timestamp>
			</report>
			<report>
				<misses>199700001</misses>
				<total>34</total>
				<timestamp>1939.127757</timestamp>
			</report>
			<report>
				<misses>199800001</misses>
				<total>34</total>
				<timestamp>1940.099935</timestamp>
			</report>
			<report>
				<misses>199900001</misses>
				<total>34</total>
				<timestamp>1941.070916</timestamp>
			</report>
			<report>
				<misses>200000001</misses>
				<total>34</total>
				<timestamp>1942.042007</timestamp>
			</report>
			<report>
				<misses>200100001</misses>
				<total>34</total>
				<timestamp>1943.014119</timestamp>
			</report>
			<report>
				<misses>200200001</misses>
				<total>34</total>
				<timestamp>1943.985338</timestamp>
			</report>
			<report>
				<misses>200300001</misses>
				<total>34</total>
				<timestamp>1944.956042</timestamp>
			</report>
			<report>
				<misses>200400001</misses>
				<total>34</total>
				<timestamp>1945.927008</timestamp>
			</report>
			<report>
				<misses>200500001</misses>
				<total>34</total>
				<timestamp>1946.897969</timestamp>
			</report>
			<report>
				<misses>200600001</misses>
				<total>34</total>
				<timestamp>1947.870720</timestamp>
			</report>
			<report>
				<misses>200700001</misses>
				<total>34</total>
				<timestamp>1948.841952</timestamp>
			</report>
			<report>
				<misses>200800001</misses>
				<total>34</total>
				<timestamp>1949.813019</timestamp>
			</report>
			<report>
				<misses>200900001</misses>
				<total>34</total>
				<timestamp>1950.784005</timestamp>
			</report>
			<report>
				<misses>201000001</misses>
				<total>34</total>
				<timestamp>1951.755490</timestamp>
			</report>
			<report>
				<misses>201100001</misses>
				<total>34</total>
				<timestamp>1952.726696</timestamp>
			</report>
			<report>
				<misses>201200001</misses>
				<total>34</total>
				<timestamp>1953.698030</timestamp>
			</report>
			<report>
				<misses>201300001</misses>
				<total>34</total>
				<timestamp>1954.669240</timestamp>
			</report>
			<report>
				<misses>201400001</misses>
				<total>34</total>
				<timestamp>1955.640416</timestamp>
			</report>
			<report>
				<misses>201500001</misses>
				<total>34</total>
				<timestamp>1956.610973</timestamp>
			</report>
			<report>
				<misses>201600001</misses>
				<total>34</total>
				<timestamp>1957.582054</timestamp>
			</report>
			<report>
				<misses>201700001</misses>
				<total>34</total>
				<timestamp>1958.552796</timestamp>
			</report>
			<report>
				<misses>201800001</misses>
				<total>34</total>
				<timestamp>1959.524125</timestamp>
			</report>
			<report>
				<misses>201900001</misses>
				<total>34</total>
				<timestamp>1960.494957</timestamp>
			</report>
			<report>
				<misses>202000001</misses>
				<total>34</total>
				<timestamp>1961.466303</timestamp>
			</report>
			<report>
				<misses>202100001</misses>
				<total>34</total>
				<timestamp>1962.437429</timestamp>
			</report>
			<report>
				<misses>202200001</misses>
				<total>34</total>
				<timestamp>1963.408115</timestamp>
			</report>
			<report>
				<misses>202300001</misses>
				<total>34</total>
				<timestamp>1964.379457</timestamp>
			</report>
			<report>
				<misses>202400001</misses>
				<total>34</total>
				<timestamp>1965.350565</timestamp>
			</report>
			<report>
				<misses>202500001</misses>
				<total>34</total>
				<timestamp>1966.321286</timestamp>
			</report>
			<report>
				<misses>202600001</misses>
				<total>34</total>
				<timestamp>1967.292397</timestamp>
			</report>
			<report>
				<misses>202700001</misses>
				<total>34</total>
				<timestamp>1968.263963</timestamp>
			</report>
			<report>
				<misses>202800001</misses>
				<total>34</total>
				<timestamp>1969.235199</timestamp>
			</report>
			<report>
				<misses>202900001</misses>
				<total>34</total>
				<timestamp>1970.206135</timestamp>
			</report>
			<report>
				<misses>203000001</misses>
				<total>34</total>
				<timestamp>1971.176657</timestamp>
			</report>
			<report>
				<misses>203100001</misses>
				<total>34</total>
				<timestamp>1972.148888</timestamp>
			</report>
			<report>
				<misses>203200001</misses>
				<total>34</total>
				<timestamp>1973.119960</timestamp>
			</report>
			<report>
				<misses>203300001</misses>
				<total>34</total>
				<timestamp>1974.090978</timestamp>
			</report>
			<report>
				<misses>203400001</misses>
				<total>34</total>
				<timestamp>1975.061920</timestamp>
			</report>
			<report>
				<misses>203500001</misses>
				<total>34</total>
				<timestamp>1976.033301</timestamp>
			</report>
			<report>
				<misses>203600001</misses>
				<total>34</total>
				<timestamp>1977.004133</timestamp>
			</report>
			<report>
				<misses>203700001</misses>
				<total>34</total>
				<timestamp>1977.975754</timestamp>
			</report>
			<report>
				<misses>203800001</misses>
				<total>34</total>
				<timestamp>1978.946822</timestamp>
			</report>
			<report>
				<misses>203900001</misses>
				<total>34</total>
				<timestamp>1979.917424</timestamp>
			</report>
			<report>
				<misses>204000001</misses>
				<total>34</total>
				<timestamp>1980.888125</timestamp>
			</report>
			<report>
				<misses>204100001</misses>
				<total>34</total>
				<timestamp>1981.859232</timestamp>
			</report>
			<report>
				<misses>204200001</misses>
				<total>34</total>
				<timestamp>1982.830065</timestamp>
			</report>
			<report>
				<misses>204300001</misses>
				<total>34</total>
				<timestamp>1983.801438</timestamp>
			</report>
			<report>
				<misses>204400001</misses>
				<total>34</total>
				<timestamp>1984.772245</timestamp>
			</report>
			<report>
				<misses>204500001</misses>
				<total>34</total>
				<timestamp>1985.743462</timestamp>
			</report>
			<report>
				<misses>204600001</misses>
				<total>34</total>
				<timestamp>1986.715065</timestamp>
			</report>
			<report>
				<misses>204700001</misses>
				<total>34</total>
				<timestamp>1987.685933</timestamp>
			</report>
			<report>
				<misses>204800001</misses>
				<total>34</total>
				<timestamp>1988.657171</timestamp>
			</report>
			<report>
				<misses>204900001</misses>
				<total>34</total>
				<timestamp>1989.628349</timestamp>
			</report>
			<report>
				<misses>205000001</misses>
				<total>34</total>
				<timestamp>1990.599052</timestamp>
			</report>
			<report>
				<misses>205100001</misses>
				<total>34</total>
				<timestamp>1991.569871</timestamp>
			</report>
			<report>
				<misses>205200001</misses>
				<total>34</total>
				<timestamp>1992.540336</timestamp>
			</report>
			<report>
				<misses>205300001</misses>
				<total>34</total>
				<timestamp>1993.511168</timestamp>
			</report>
			<report>
				<misses>205400001</misses>
				<total>34</total>
				<timestamp>1994.482138</timestamp>
			</report>
			<report>
				<misses>205500001</misses>
				<total>34</total>
				<timestamp>1995.452870</timestamp>
			</report>
			<report>
				<misses>205600001</misses>
				<total>34</total>
				<timestamp>1996.424456</timestamp>
			</report>
			<report>
				<misses>205700001</misses>
				<total>34</total>
				<timestamp>1997.395915</timestamp>
			</report>
			<report>
				<misses>205800001</misses>
				<total>34</total>
				<timestamp>1998.366650</timestamp>
			</report>
			<report>
				<misses>205900001</misses>
				<total>34</total>
				<timestamp>1999.337737</timestamp>
			</report>
			<report>
				<misses>206000001</misses>
				<total>34</total>
				<timestamp>2000.308828</timestamp>
			</report>
			<report>
				<misses>206100001</misses>
				<total>34</total>
				<timestamp>2001.279553</timestamp>
			</report>
			<report>
				<misses>206200001</misses>
				<total>34</total>
				<timestamp>2002.250640</timestamp>
			</report>
			<report>
				<misses>206300001</misses>
				<total>34</total>
				<timestamp>2003.221851</timestamp>
			</report>
			<report>
				<misses>206400001</misses>
				<total>34</total>
				<timestamp>2004.193577</timestamp>
			</report>
			<report>
				<misses>206500001</misses>
				<total>34</total>
				<timestamp>2005.164500</timestamp>
			</report>
			<report>
				<misses>206600001</misses>
				<total>34</total>
				<timestamp>2006.135266</timestamp>
			</report>
			<report>
				<misses>206700001</misses>
				<total>34</total>
				<timestamp>2007.106391</timestamp>
			</report>
			<report>
				<misses>206800001</misses>
				<total>34</total>
				<timestamp>2008.077963</timestamp>
			</report>
			<report>
				<misses>206900001</misses>
				<total>34</total>
				<timestamp>2009.049215</timestamp>
			</report>
			<report>
				<misses>207000001</misses>
				<total>34</total>
				<timestamp>2010.020149</timestamp>
			</report>
			<report>
				<misses>207100001</misses>
				<total>34</total>
				<timestamp>2010.991618</timestamp>
			</report>
			<report>
				<misses>207200001</misses>
				<total>34</total>
				<timestamp>2011.962597</timestamp>
			</report>
			<report>
				<misses>207300001</misses>
				<total>34</total>
				<timestamp>2012.933676</timestamp>
			</report>
			<report>
				<misses>207400001</misses>
				<total>34</total>
				<timestamp>2013.904761</timestamp>
			</report>
			<report>
				<misses>207500001</misses>
				<total>34</total>
				<timestamp>2014.875726</timestamp>
			</report>
			<report>
				<misses>207600001</misses>
				<total>34</total>
				<timestamp>2015.846655</timestamp>
			</report>
			<report>
				<misses>207700001</misses>
				<total>34</total>
				<timestamp>2016.817872</timestamp>
			</report>
			<report>
				<misses>207800001</misses>
				<total>34</total>
				<timestamp>2017.789099</timestamp>
			</report>
			<report>
				<misses>207900001</misses>
				<total>34</total>
				<timestamp>2018.759940</timestamp>
			</report>
			<report>
				<misses>208000001</misses>
				<total>34</total>
				<timestamp>2019.731040</timestamp>
			</report>
			<report>
				<misses>208100001</misses>
				<total>34</total>
				<timestamp>2020.701881</timestamp>
			</report>
			<report>
				<misses>208200001</misses>
				<total>34</total>
				<timestamp>2021.672717</timestamp>
			</report>
			<report>
				<misses>208300001</misses>
				<total>34</total>
				<timestamp>2022.643705</timestamp>
			</report>
			<report>
				<misses>208400001</misses>
				<total>34</total>
				<timestamp>2023.614919</timestamp>
			</report>
			<report>
				<misses>208500001</misses>
				<total>34</total>
				<timestamp>2024.585989</timestamp>
			</report>
			<report>
				<misses>208600001</misses>
				<total>34</total>
				<timestamp>2025.556763</timestamp>
			</report>
			<report>
				<misses>208700001</misses>
				<total>34</total>
				<timestamp>2026.527655</timestamp>
			</report>
			<report>
				<misses>208800001</misses>
				<total>34</total>
				<timestamp>2027.498528</timestamp>
			</report>
			<report>
				<misses>208900001</misses>
				<total>34</total>
				<timestamp>2028.469457</timestamp>
			</report>
			<report>
				<misses>209000001</misses>
				<total>34</total>
				<timestamp>2029.440047</timestamp>
			</report>
			<report>
				<misses>209100001</misses>
				<total>34</total>
				<timestamp>2030.411771</timestamp>
			</report>
			<report>
				<misses>209200001</misses>
				<total>34</total>
				<timestamp>2031.382608</timestamp>
			</report>
			<report>
				<misses>209300001</misses>
				<total>34</total>
				<timestamp>2032.354090</timestamp>
			</report>
			<report>
				<misses>209400001</misses>
				<total>34</total>
				<timestamp>2033.325075</timestamp>
			</report>
			<report>
				<misses>209500001</misses>
				<total>34</total>
				<timestamp>2034.296273</timestamp>
			</report>
			<report>
				<misses>209600001</misses>
				<total>34</total>
				<timestamp>2035.267874</timestamp>
			</report>
			<report>
				<misses>209700001</misses>
				<total>34</total>
				<timestamp>2036.239212</timestamp>
			</report>
			<report>
				<misses>209800001</misses>
				<total>34</total>
				<timestamp>2037.211447</timestamp>
			</report>
			<report>
				<misses>209900001</misses>
				<total>34</total>
				<timestamp>2038.182304</timestamp>
			</report>
			<report>
				<misses>210000001</misses>
				<total>34</total>
				<timestamp>2039.153122</timestamp>
			</report>
			<report>
				<misses>210100001</misses>
				<total>34</total>
				<timestamp>2040.124225</timestamp>
			</report>
			<report>
				<misses>210200001</misses>
				<total>34</total>
				<timestamp>2041.095432</timestamp>
			</report>
			<report>
				<misses>210300001</misses>
				<total>34</total>
				<timestamp>2042.067038</timestamp>
			</report>
			<report>
				<misses>210400001</misses>
				<total>34</total>
				<timestamp>2043.038009</timestamp>
			</report>
			<report>
				<misses>210500001</misses>
				<total>34</total>
				<timestamp>2044.008717</timestamp>
			</report>
			<report>
				<misses>210600001</misses>
				<total>34</total>
				<timestamp>2044.980503</timestamp>
			</report>
			<report>
				<misses>210700001</misses>
				<total>34</total>
				<timestamp>2045.951449</timestamp>
			</report>
			<report>
				<misses>210800001</misses>
				<total>34</total>
				<timestamp>2046.922264</timestamp>
			</report>
			<report>
				<misses>210900001</misses>
				<total>34</total>
				<timestamp>2047.893722</timestamp>
			</report>
			<report>
				<misses>211000001</misses>
				<total>34</total>
				<timestamp>2048.865332</timestamp>
			</report>
			<report>
				<misses>211100001</misses>
				<total>34</total>
				<timestamp>2049.836934</timestamp>
			</report>
			<report>
				<misses>211200001</misses>
				<total>34</total>
				<timestamp>2050.807915</timestamp>
			</report>
			<report>
				<misses>211300001</misses>
				<total>34</total>
				<timestamp>2051.779118</timestamp>
			</report>
			<report>
				<misses>211400001</misses>
				<total>34</total>
				<timestamp>2052.750451</timestamp>
			</report>
			<report>
				<misses>211500001</misses>
				<total>34</total>
				<timestamp>2053.721181</timestamp>
			</report>
			<report>
				<misses>211600001</misses>
				<total>34</total>
				<timestamp>2054.693406</timestamp>
			</report>
			<report>
				<misses>211700001</misses>
				<total>34</total>
				<timestamp>2055.664124</timestamp>
			</report>
			<report>
				<misses>211800001</misses>
				<total>34</total>
				<timestamp>2056.634673</timestamp>
			</report>
			<report>
				<misses>211900001</misses>
				<total>34</total>
				<timestamp>2057.605757</timestamp>
			</report>
			<report>
				<misses>212000001</misses>
				<total>34</total>
				<timestamp>2058.575581</timestamp>
			</report>
			<report>
				<misses>212100001</misses>
				<total>34</total>
				<timestamp>2059.545552</timestamp>
			</report>
			<report>
				<misses>212200001</misses>
				<total>34</total>
				<timestamp>2060.515633</timestamp>
			</report>
			<report>
				<misses>212300001</misses>
				<total>34</total>
				<timestamp>2061.485972</timestamp>
			</report>
			<report>
				<misses>212400001</misses>
				<total>34</total>
				<timestamp>2062.456290</timestamp>
			</report>
			<report>
				<misses>212500001</misses>
				<total>34</total>
				<timestamp>2063.427646</timestamp>
			</report>
			<report>
				<misses>212600001</misses>
				<total>34</total>
				<timestamp>2064.397862</timestamp>
			</report>
			<report>
				<misses>212700001</misses>
				<total>34</total>
				<timestamp>2065.368064</timestamp>
			</report>
			<report>
				<misses>212800001</misses>
				<total>34</total>
				<timestamp>2066.338646</timestamp>
			</report>
			<report>
				<misses>212900001</misses>
				<total>34</total>
				<timestamp>2067.309114</timestamp>
			</report>
			<report>
				<misses>213000001</misses>
				<total>34</total>
				<timestamp>2068.279820</timestamp>
			</report>
			<report>
				<misses>213100001</misses>
				<total>34</total>
				<timestamp>2069.249772</timestamp>
			</report>
			<report>
				<misses>213200001</misses>
				<total>34</total>
				<timestamp>2070.219885</timestamp>
			</report>
			<report>
				<misses>213300001</misses>
				<total>34</total>
				<timestamp>2071.190307</timestamp>
			</report>
			<report>
				<misses>213400001</misses>
				<total>34</total>
				<timestamp>2072.160324</timestamp>
			</report>
			<report>
				<misses>213500001</misses>
				<total>34</total>
				<timestamp>2073.130872</timestamp>
			</report>
			<report>
				<misses>213600001</misses>
				<total>34</total>
				<timestamp>2074.100710</timestamp>
			</report>
			<report>
				<misses>213700001</misses>
				<total>34</total>
				<timestamp>2075.070660</timestamp>
			</report>
			<report>
				<misses>213800001</misses>
				<total>34</total>
				<timestamp>2076.040624</timestamp>
			</report>
			<report>
				<misses>213900001</misses>
				<total>34</total>
				<timestamp>2077.010715</timestamp>
			</report>
			<report>
				<misses>214000001</misses>
				<total>34</total>
				<timestamp>2077.981026</timestamp>
			</report>
			<report>
				<misses>214100001</misses>
				<total>34</total>
				<timestamp>2078.951364</timestamp>
			</report>
			<report>
				<misses>214200001</misses>
				<total>34</total>
				<timestamp>2079.922452</timestamp>
			</report>
			<report>
				<misses>214300001</misses>
				<total>34</total>
				<timestamp>2080.893312</timestamp>
			</report>
			<report>
				<misses>214400001</misses>
				<total>34</total>
				<timestamp>2081.862899</timestamp>
			</report>
			<report>
				<misses>214500001</misses>
				<total>34</total>
				<timestamp>2082.833076</timestamp>
			</report>
			<report>
				<misses>214600001</misses>
				<total>34</total>
				<timestamp>2083.803686</timestamp>
			</report>
			<report>
				<misses>214700001</misses>
				<total>34</total>
				<timestamp>2084.773757</timestamp>
			</report>
			<report>
				<misses>214800001</misses>
				<total>34</total>
				<timestamp>2085.743368</timestamp>
			</report>
			<report>
				<misses>214900001</misses>
				<total>34</total>
				<timestamp>2086.713798</timestamp>
			</report>
			<report>
				<misses>215000001</misses>
				<total>34</total>
				<timestamp>2087.684135</timestamp>
			</report>
			<report>
				<misses>215100001</misses>
				<total>34</total>
				<timestamp>2088.654472</timestamp>
			</report>
			<report>
				<misses>215200001</misses>
				<total>34</total>
				<timestamp>2089.624946</timestamp>
			</report>
			<report>
				<misses>215300001</misses>
				<total>34</total>
				<timestamp>2090.595015</timestamp>
			</report>
			<report>
				<misses>215400001</misses>
				<total>34</total>
				<timestamp>2091.565103</timestamp>
			</report>
			<report>
				<misses>215500001</misses>
				<total>34</total>
				<timestamp>2092.535189</timestamp>
			</report>
			<report>
				<misses>215600001</misses>
				<total>34</total>
				<timestamp>2093.505755</timestamp>
			</report>
			<report>
				<misses>215700001</misses>
				<total>34</total>
				<timestamp>2094.475849</timestamp>
			</report>
			<report>
				<misses>215800001</misses>
				<total>34</total>
				<timestamp>2095.446164</timestamp>
			</report>
			<report>
				<misses>215900001</misses>
				<total>34</total>
				<timestamp>2096.416152</timestamp>
			</report>
			<report>
				<misses>216000001</misses>
				<total>34</total>
				<timestamp>2097.386095</timestamp>
			</report>
			<report>
				<misses>216100001</misses>
				<total>34</total>
				<timestamp>2098.356170</timestamp>
			</report>
			<report>
				<misses>216200001</misses>
				<total>34</total>
				<timestamp>2099.327020</timestamp>
			</report>
			<report>
				<misses>216300001</misses>
				<total>34</total>
				<timestamp>2100.298117</timestamp>
			</report>
			<report>
				<misses>216400001</misses>
				<total>34</total>
				<timestamp>2101.268550</timestamp>
			</report>
			<report>
				<misses>216500001</misses>
				<total>34</total>
				<timestamp>2102.239648</timestamp>
			</report>
			<report>
				<misses>216600001</misses>
				<total>34</total>
				<timestamp>2103.209996</timestamp>
			</report>
			<report>
				<misses>216700001</misses>
				<total>34</total>
				<timestamp>2104.180458</timestamp>
			</report>
			<report>
				<misses>216800001</misses>
				<total>34</total>
				<timestamp>2105.150792</timestamp>
			</report>
			<report>
				<misses>216900001</misses>
				<total>34</total>
				<timestamp>2106.120999</timestamp>
			</report>
			<report>
				<misses>217000001</misses>
				<total>34</total>
				<timestamp>2107.091595</timestamp>
			</report>
			<report>
				<misses>217100001</misses>
				<total>34</total>
				<timestamp>2108.062320</timestamp>
			</report>
			<report>
				<misses>217200001</misses>
				<total>34</total>
				<timestamp>2109.033273</timestamp>
			</report>
			<report>
				<misses>217300001</misses>
				<total>34</total>
				<timestamp>2110.003465</timestamp>
			</report>
			<report>
				<misses>217400001</misses>
				<total>34</total>
				<timestamp>2110.973633</timestamp>
			</report>
			<report>
				<misses>217500001</misses>
				<total>34</total>
				<timestamp>2111.943613</timestamp>
			</report>
			<report>
				<misses>217600001</misses>
				<total>34</total>
				<timestamp>2112.913576</timestamp>
			</report>
			<report>
				<misses>217700001</misses>
				<total>34</total>
				<timestamp>2113.884075</timestamp>
			</report>
			<report>
				<misses>217800001</misses>
				<total>34</total>
				<timestamp>2114.854532</timestamp>
			</report>
			<report>
				<misses>217900001</misses>
				<total>34</total>
				<timestamp>2115.824845</timestamp>
			</report>
			<report>
				<misses>218000001</misses>
				<total>34</total>
				<timestamp>2116.794815</timestamp>
			</report>
			<report>
				<misses>218100001</misses>
				<total>34</total>
				<timestamp>2117.765031</timestamp>
			</report>
			<report>
				<misses>218200001</misses>
				<total>34</total>
				<timestamp>2118.735731</timestamp>
			</report>
			<report>
				<misses>218300001</misses>
				<total>34</total>
				<timestamp>2119.705842</timestamp>
			</report>
			<report>
				<misses>218400001</misses>
				<total>34</total>
				<timestamp>2120.676181</timestamp>
			</report>
			<report>
				<misses>218500001</misses>
				<total>34</total>
				<timestamp>2121.647049</timestamp>
			</report>
			<report>
				<misses>218600001</misses>
				<total>34</total>
				<timestamp>2122.617471</timestamp>
			</report>
			<report>
				<misses>218700001</misses>
				<total>34</total>
				<timestamp>2123.588321</timestamp>
			</report>
			<report>
				<misses>218800001</misses>
				<total>34</total>
				<timestamp>2124.558167</timestamp>
			</report>
			<report>
				<misses>218900001</misses>
				<total>34</total>
				<timestamp>2125.528493</timestamp>
			</report>
			<report>
				<misses>219000001</misses>
				<total>34</total>
				<timestamp>2126.498837</timestamp>
			</report>
			<report>
				<misses>219100001</misses>
				<total>34</total>
				<timestamp>2127.468930</timestamp>
			</report>
			<report>
				<misses>219200001</misses>
				<total>34</total>
				<timestamp>2128.440140</timestamp>
			</report>
			<report>
				<misses>219300001</misses>
				<total>34</total>
				<timestamp>2129.410732</timestamp>
			</report>
			<report>
				<misses>219400001</misses>
				<total>34</total>
				<timestamp>2130.381304</timestamp>
			</report>
			<report>
				<misses>219500001</misses>
				<total>34</total>
				<timestamp>2131.351268</timestamp>
			</report>
			<report>
				<misses>219600001</misses>
				<total>34</total>
				<timestamp>2132.321588</timestamp>
			</report>
			<report>
				<misses>219700001</misses>
				<total>34</total>
				<timestamp>2133.291933</timestamp>
			</report>
			<report>
				<misses>219800001</misses>
				<total>34</total>
				<timestamp>2134.262006</timestamp>
			</report>
			<report>
				<misses>219900001</misses>
				<total>34</total>
				<timestamp>2135.232220</timestamp>
			</report>
			<report>
				<misses>220000001</misses>
				<total>34</total>
				<timestamp>2136.202305</timestamp>
			</report>
			<report>
				<misses>220100001</misses>
				<total>34</total>
				<timestamp>2137.172366</timestamp>
			</report>
			<report>
				<misses>220200001</misses>
				<total>34</total>
				<timestamp>2138.142277</timestamp>
			</report>
			<report>
				<misses>220300001</misses>
				<total>34</total>
				<timestamp>2139.112473</timestamp>
			</report>
			<report>
				<misses>220400001</misses>
				<total>34</total>
				<timestamp>2140.082692</timestamp>
			</report>
			<report>
				<misses>220500001</misses>
				<total>34</total>
				<timestamp>2141.052982</timestamp>
			</report>
			<report>
				<misses>220600001</misses>
				<total>34</total>
				<timestamp>2142.023774</timestamp>
			</report>
			<report>
				<misses>220700001</misses>
				<total>34</total>
				<timestamp>2142.994721</timestamp>
			</report>
			<report>
				<misses>220800001</misses>
				<total>34</total>
				<timestamp>2143.964929</timestamp>
			</report>
			<report>
				<misses>220900001</misses>
				<total>34</total>
				<timestamp>2144.935403</timestamp>
			</report>
			<report>
				<misses>221000001</misses>
				<total>34</total>
				<timestamp>2145.906228</timestamp>
			</report>
			<report>
				<misses>221100001</misses>
				<total>34</total>
				<timestamp>2146.876827</timestamp>
			</report>
			<report>
				<misses>221200001</misses>
				<total>34</total>
				<timestamp>2147.846637</timestamp>
			</report>
			<report>
				<misses>221300001</misses>
				<total>34</total>
				<timestamp>2148.817046</timestamp>
			</report>
			<report>
				<misses>221400001</misses>
				<total>34</total>
				<timestamp>2149.787699</timestamp>
			</report>
			<report>
				<misses>221500001</misses>
				<total>34</total>
				<timestamp>2150.758525</timestamp>
			</report>
			<report>
				<misses>221600001</misses>
				<total>34</total>
				<timestamp>2151.728481</timestamp>
			</report>
			<report>
				<misses>221700001</misses>
				<total>34</total>
				<timestamp>2152.698833</timestamp>
			</report>
			<report>
				<misses>221800001</misses>
				<total>34</total>
				<timestamp>2153.669299</timestamp>
			</report>
			<report>
				<misses>221900001</misses>
				<total>34</total>
				<timestamp>2154.639508</timestamp>
			</report>
			<report>
				<misses>222000001</misses>
				<total>34</total>
				<timestamp>2155.609448</timestamp>
			</report>
			<report>
				<misses>222100001</misses>
				<total>34</total>
				<timestamp>2156.579663</timestamp>
			</report>
			<report>
				<misses>222200001</misses>
				<total>34</total>
				<timestamp>2157.549883</timestamp>
			</report>
			<report>
				<misses>222300001</misses>
				<total>34</total>
				<timestamp>2158.520451</timestamp>
			</report>
			<report>
				<misses>222400001</misses>
				<total>34</total>
				<timestamp>2159.491569</timestamp>
			</report>
			<report>
				<misses>222500001</misses>
				<total>34</total>
				<timestamp>2160.461639</timestamp>
			</report>
			<report>
				<misses>222600001</misses>
				<total>34</total>
				<timestamp>2161.432094</timestamp>
			</report>
			<report>
				<misses>222700001</misses>
				<total>34</total>
				<timestamp>2162.402303</timestamp>
			</report>
			<report>
				<misses>222800001</misses>
				<total>34</total>
				<timestamp>2163.372254</timestamp>
			</report>
			<report>
				<misses>222900001</misses>
				<total>34</total>
				<timestamp>2164.342470</timestamp>
			</report>
			<report>
				<misses>223000001</misses>
				<total>34</total>
				<timestamp>2165.313044</timestamp>
			</report>
			<report>
				<misses>223100001</misses>
				<total>34</total>
				<timestamp>2166.283302</timestamp>
			</report>
			<report>
				<misses>223200001</misses>
				<total>34</total>
				<timestamp>2167.253709</timestamp>
			</report>
			<report>
				<misses>223300001</misses>
				<total>34</total>
				<timestamp>2168.224186</timestamp>
			</report>
			<report>
				<misses>223400001</misses>
				<total>34</total>
				<timestamp>2169.194263</timestamp>
			</report>
			<report>
				<misses>223500001</misses>
				<total>34</total>
				<timestamp>2170.165235</timestamp>
			</report>
			<report>
				<misses>223600001</misses>
				<total>34</total>
				<timestamp>2171.135698</timestamp>
			</report>
			<report>
				<misses>223700001</misses>
				<total>34</total>
				<timestamp>2172.105656</timestamp>
			</report>
			<report>
				<misses>223800001</misses>
				<total>34</total>
				<timestamp>2173.075989</timestamp>
			</report>
			<report>
				<misses>223900001</misses>
				<total>34</total>
				<timestamp>2174.046087</timestamp>
			</report>
			<report>
				<misses>224000001</misses>
				<total>34</total>
				<timestamp>2175.016333</timestamp>
			</report>
			<report>
				<misses>224100001</misses>
				<total>34</total>
				<timestamp>2175.986725</timestamp>
			</report>
			<report>
				<misses>224200001</misses>
				<total>34</total>
				<timestamp>2176.956944</timestamp>
			</report>
			<report>
				<misses>224300001</misses>
				<total>34</total>
				<timestamp>2177.927263</timestamp>
			</report>
			<report>
				<misses>224400001</misses>
				<total>34</total>
				<timestamp>2178.897619</timestamp>
			</report>
			<report>
				<misses>224500001</misses>
				<total>34</total>
				<timestamp>2179.867692</timestamp>
			</report>
			<report>
				<misses>224600001</misses>
				<total>34</total>
				<timestamp>2180.838294</timestamp>
			</report>
			<report>
				<misses>224700001</misses>
				<total>34</total>
				<timestamp>2181.808855</timestamp>
			</report>
			<report>
				<misses>224800001</misses>
				<total>34</total>
				<timestamp>2182.779322</timestamp>
			</report>
			<report>
				<misses>224900001</misses>
				<total>34</total>
				<timestamp>2183.749904</timestamp>
			</report>
			<report>
				<misses>225000001</misses>
				<total>34</total>
				<timestamp>2184.721145</timestamp>
			</report>
			<report>
				<misses>225100001</misses>
				<total>34</total>
				<timestamp>2185.691346</timestamp>
			</report>
			<report>
				<misses>225200001</misses>
				<total>34</total>
				<timestamp>2186.661697</timestamp>
			</report>
			<report>
				<misses>225300001</misses>
				<total>34</total>
				<timestamp>2187.632026</timestamp>
			</report>
			<report>
				<misses>225400001</misses>
				<total>34</total>
				<timestamp>2188.602351</timestamp>
			</report>
			<report>
				<misses>225500001</misses>
				<total>34</total>
				<timestamp>2189.572318</timestamp>
			</report>
			<report>
				<misses>225600001</misses>
				<total>34</total>
				<timestamp>2190.542887</timestamp>
			</report>
			<report>
				<misses>225700001</misses>
				<total>34</total>
				<timestamp>2191.513475</timestamp>
			</report>
			<report>
				<misses>225800001</misses>
				<total>34</total>
				<timestamp>2192.483888</timestamp>
			</report>
			<report>
				<misses>225900001</misses>
				<total>34</total>
				<timestamp>2193.454203</timestamp>
			</report>
			<report>
				<misses>226000001</misses>
				<total>34</total>
				<timestamp>2194.424912</timestamp>
			</report>
			<report>
				<misses>226100001</misses>
				<total>34</total>
				<timestamp>2195.394745</timestamp>
			</report>
			<report>
				<misses>226200001</misses>
				<total>34</total>
				<timestamp>2196.365469</timestamp>
			</report>
			<report>
				<misses>226300001</misses>
				<total>34</total>
				<timestamp>2197.335674</timestamp>
			</report>
			<report>
				<misses>226400001</misses>
				<total>34</total>
				<timestamp>2198.306383</timestamp>
			</report>
			<report>
				<misses>226500001</misses>
				<total>34</total>
				<timestamp>2199.276230</timestamp>
			</report>
			<report>
				<misses>226600001</misses>
				<total>34</total>
				<timestamp>2200.246537</timestamp>
			</report>
			<report>
				<misses>226700001</misses>
				<total>34</total>
				<timestamp>2201.217789</timestamp>
			</report>
			<report>
				<misses>226800001</misses>
				<total>34</total>
				<timestamp>2202.189265</timestamp>
			</report>
			<report>
				<misses>226900001</misses>
				<total>34</total>
				<timestamp>2203.159455</timestamp>
			</report>
			<report>
				<misses>227000001</misses>
				<total>34</total>
				<timestamp>2204.129739</timestamp>
			</report>
			<report>
				<misses>227100001</misses>
				<total>34</total>
				<timestamp>2205.100167</timestamp>
			</report>
			<report>
				<misses>227200001</misses>
				<total>34</total>
				<timestamp>2206.070770</timestamp>
			</report>
			<report>
				<misses>227300001</misses>
				<total>34</total>
				<timestamp>2207.041725</timestamp>
			</report>
			<report>
				<misses>227400001</misses>
				<total>34</total>
				<timestamp>2208.012058</timestamp>
			</report>
			<report>
				<misses>227500001</misses>
				<total>34</total>
				<timestamp>2208.982021</timestamp>
			</report>
			<report>
				<misses>227600001</misses>
				<total>34</total>
				<timestamp>2209.952853</timestamp>
			</report>
			<report>
				<misses>227700001</misses>
				<total>34</total>
				<timestamp>2210.923819</timestamp>
			</report>
			<report>
				<misses>227800001</misses>
				<total>34</total>
				<timestamp>2211.894034</timestamp>
			</report>
			<report>
				<misses>227900001</misses>
				<total>34</total>
				<timestamp>2212.864635</timestamp>
			</report>
			<report>
				<misses>228000001</misses>
				<total>34</total>
				<timestamp>2213.834949</timestamp>
			</report>
			<report>
				<misses>228100001</misses>
				<total>34</total>
				<timestamp>2214.805297</timestamp>
			</report>
			<report>
				<misses>228200001</misses>
				<total>34</total>
				<timestamp>2215.775395</timestamp>
			</report>
			<report>
				<misses>228300001</misses>
				<total>34</total>
				<timestamp>2216.746423</timestamp>
			</report>
			<report>
				<misses>228400001</misses>
				<total>34</total>
				<timestamp>2217.716737</timestamp>
			</report>
			<report>
				<misses>228500001</misses>
				<total>34</total>
				<timestamp>2218.686958</timestamp>
			</report>
			<report>
				<misses>228600001</misses>
				<total>34</total>
				<timestamp>2219.657432</timestamp>
			</report>
			<report>
				<misses>228700001</misses>
				<total>34</total>
				<timestamp>2220.627376</timestamp>
			</report>
			<report>
				<misses>228800001</misses>
				<total>34</total>
				<timestamp>2221.598954</timestamp>
			</report>
			<report>
				<misses>228900001</misses>
				<total>34</total>
				<timestamp>2222.568772</timestamp>
			</report>
			<report>
				<misses>229000001</misses>
				<total>34</total>
				<timestamp>2223.538726</timestamp>
			</report>
			<report>
				<misses>229100001</misses>
				<total>34</total>
				<timestamp>2224.508804</timestamp>
			</report>
			<report>
				<misses>229200001</misses>
				<total>34</total>
				<timestamp>2225.479178</timestamp>
			</report>
			<report>
				<misses>229300001</misses>
				<total>34</total>
				<timestamp>2226.449509</timestamp>
			</report>
			<report>
				<misses>229400001</misses>
				<total>34</total>
				<timestamp>2227.419614</timestamp>
			</report>
			<report>
				<misses>229500001</misses>
				<total>34</total>
				<timestamp>2228.390210</timestamp>
			</report>
			<report>
				<misses>229600001</misses>
				<total>34</total>
				<timestamp>2229.360778</timestamp>
			</report>
			<report>
				<misses>229700001</misses>
				<total>34</total>
				<timestamp>2230.331129</timestamp>
			</report>
			<report>
				<misses>229800001</misses>
				<total>34</total>
				<timestamp>2231.301183</timestamp>
			</report>
			<report>
				<misses>229900001</misses>
				<total>34</total>
				<timestamp>2232.271560</timestamp>
			</report>
			<report>
				<misses>230000001</misses>
				<total>34</total>
				<timestamp>2233.241982</timestamp>
			</report>
			<report>
				<misses>230100001</misses>
				<total>34</total>
				<timestamp>2234.212443</timestamp>
			</report>
			<report>
				<misses>230200001</misses>
				<total>34</total>
				<timestamp>2235.182785</timestamp>
			</report>
			<report>
				<misses>230300001</misses>
				<total>34</total>
				<timestamp>2236.153261</timestamp>
			</report>
			<report>
				<misses>230400001</misses>
				<total>34</total>
				<timestamp>2237.123461</timestamp>
			</report>
			<report>
				<misses>230500001</misses>
				<total>34</total>
				<timestamp>2238.093907</timestamp>
			</report>
			<report>
				<misses>230600001</misses>
				<total>34</total>
				<timestamp>2239.064247</timestamp>
			</report>
			<report>
				<misses>230700001</misses>
				<total>34</total>
				<timestamp>2240.034462</timestamp>
			</report>
			<report>
				<misses>230800001</misses>
				<total>34</total>
				<timestamp>2241.004659</timestamp>
			</report>
			<report>
				<misses>230900001</misses>
				<total>34</total>
				<timestamp>2241.975114</timestamp>
			</report>
			<report>
				<misses>231000001</misses>
				<total>34</total>
				<timestamp>2242.944956</timestamp>
			</report>
			<report>
				<misses>231100001</misses>
				<total>34</total>
				<timestamp>2243.915409</timestamp>
			</report>
			<report>
				<misses>231200001</misses>
				<total>34</total>
				<timestamp>2244.885616</timestamp>
			</report>
			<report>
				<misses>231300001</misses>
				<total>34</total>
				<timestamp>2245.856215</timestamp>
			</report>
			<report>
				<misses>231400001</misses>
				<total>34</total>
				<timestamp>2246.826804</timestamp>
			</report>
			<report>
				<misses>231500001</misses>
				<total>34</total>
				<timestamp>2247.797641</timestamp>
			</report>
			<report>
				<misses>231600001</misses>
				<total>34</total>
				<timestamp>2248.768722</timestamp>
			</report>
			<report>
				<misses>231700001</misses>
				<total>34</total>
				<timestamp>2249.738936</timestamp>
			</report>
			<report>
				<misses>231800001</misses>
				<total>34</total>
				<timestamp>2250.709290</timestamp>
			</report>
			<report>
				<misses>231900001</misses>
				<total>34</total>
				<timestamp>2251.679475</timestamp>
			</report>
			<report>
				<misses>232000001</misses>
				<total>34</total>
				<timestamp>2252.649945</timestamp>
			</report>
			<report>
				<misses>232100001</misses>
				<total>34</total>
				<timestamp>2253.620164</timestamp>
			</report>
			<report>
				<misses>232200001</misses>
				<total>34</total>
				<timestamp>2254.590354</timestamp>
			</report>
			<report>
				<misses>232300001</misses>
				<total>34</total>
				<timestamp>2255.560569</timestamp>
			</report>
			<report>
				<misses>232400001</misses>
				<total>34</total>
				<timestamp>2256.531542</timestamp>
			</report>
			<report>
				<misses>232500001</misses>
				<total>34</total>
				<timestamp>2257.501872</timestamp>
			</report>
			<report>
				<misses>232600001</misses>
				<total>34</total>
				<timestamp>2258.472218</timestamp>
			</report>
			<report>
				<misses>232700001</misses>
				<total>34</total>
				<timestamp>2259.442412</timestamp>
			</report>
			<report>
				<misses>232800001</misses>
				<total>34</total>
				<timestamp>2260.412117</timestamp>
			</report>
			<report>
				<misses>232900001</misses>
				<total>34</total>
				<timestamp>2261.382576</timestamp>
			</report>
			<report>
				<misses>233000001</misses>
				<total>34</total>
				<timestamp>2262.352782</timestamp>
			</report>
			<report>
				<misses>233100001</misses>
				<total>34</total>
				<timestamp>2263.323383</timestamp>
			</report>
			<report>
				<misses>233200001</misses>
				<total>34</total>
				<timestamp>2264.293707</timestamp>
			</report>
			<report>
				<misses>233300001</misses>
				<total>34</total>
				<timestamp>2265.263662</timestamp>
			</report>
			<report>
				<misses>233400001</misses>
				<total>34</total>
				<timestamp>2266.233377</timestamp>
			</report>
			<report>
				<misses>233500001</misses>
				<total>34</total>
				<timestamp>2267.203688</timestamp>
			</report>
			<report>
				<misses>233600001</misses>
				<total>34</total>
				<timestamp>2268.174253</timestamp>
			</report>
			<report>
				<misses>233700001</misses>
				<total>34</total>
				<timestamp>2269.144201</timestamp>
			</report>
			<report>
				<misses>233800001</misses>
				<total>34</total>
				<timestamp>2270.113923</timestamp>
			</report>
			<report>
				<misses>233900001</misses>
				<total>34</total>
				<timestamp>2271.084254</timestamp>
			</report>
			<report>
				<misses>234000001</misses>
				<total>34</total>
				<timestamp>2272.054725</timestamp>
			</report>
			<report>
				<misses>234100001</misses>
				<total>34</total>
				<timestamp>2273.025178</timestamp>
			</report>
			<report>
				<misses>234200001</misses>
				<total>34</total>
				<timestamp>2273.995152</timestamp>
			</report>
			<report>
				<misses>234300001</misses>
				<total>34</total>
				<timestamp>2274.966106</timestamp>
			</report>
			<report>
				<misses>234400001</misses>
				<total>34</total>
				<timestamp>2275.936546</timestamp>
			</report>
			<report>
				<misses>234500001</misses>
				<total>34</total>
				<timestamp>2276.906513</timestamp>
			</report>
			<report>
				<misses>234600001</misses>
				<total>34</total>
				<timestamp>2277.876998</timestamp>
			</report>
			<report>
				<misses>234700001</misses>
				<total>34</total>
				<timestamp>2278.846925</timestamp>
			</report>
			<report>
				<misses>234800001</misses>
				<total>34</total>
				<timestamp>2279.817397</timestamp>
			</report>
			<report>
				<misses>234900001</misses>
				<total>34</total>
				<timestamp>2280.787973</timestamp>
			</report>
			<report>
				<misses>235000001</misses>
				<total>34</total>
				<timestamp>2281.758337</timestamp>
			</report>
			<report>
				<misses>235100001</misses>
				<total>34</total>
				<timestamp>2282.728647</timestamp>
			</report>
			<report>
				<misses>235200001</misses>
				<total>34</total>
				<timestamp>2283.699502</timestamp>
			</report>
			<report>
				<misses>235300001</misses>
				<total>34</total>
				<timestamp>2284.669958</timestamp>
			</report>
			<report>
				<misses>235400001</misses>
				<total>34</total>
				<timestamp>2285.640542</timestamp>
			</report>
			<report>
				<misses>235500001</misses>
				<total>34</total>
				<timestamp>2286.611273</timestamp>
			</report>
			<report>
				<misses>235600001</misses>
				<total>34</total>
				<timestamp>2287.581988</timestamp>
			</report>
			<report>
				<misses>235700001</misses>
				<total>34</total>
				<timestamp>2288.552688</timestamp>
			</report>
			<report>
				<misses>235800001</misses>
				<total>34</total>
				<timestamp>2289.523789</timestamp>
			</report>
			<report>
				<misses>235900001</misses>
				<total>34</total>
				<timestamp>2290.494499</timestamp>
			</report>
			<report>
				<misses>236000001</misses>
				<total>34</total>
				<timestamp>2291.464927</timestamp>
			</report>
			<report>
				<misses>236100001</misses>
				<total>34</total>
				<timestamp>2292.435263</timestamp>
			</report>
			<report>
				<misses>236200001</misses>
				<total>34</total>
				<timestamp>2293.405730</timestamp>
			</report>
			<report>
				<misses>236300001</misses>
				<total>34</total>
				<timestamp>2294.375428</timestamp>
			</report>
			<report>
				<misses>236400001</misses>
				<total>34</total>
				<timestamp>2295.345626</timestamp>
			</report>
			<report>
				<misses>236500001</misses>
				<total>34</total>
				<timestamp>2296.316097</timestamp>
			</report>
			<report>
				<misses>236600001</misses>
				<total>34</total>
				<timestamp>2297.287200</timestamp>
			</report>
			<report>
				<misses>236700001</misses>
				<total>34</total>
				<timestamp>2298.258527</timestamp>
			</report>
			<report>
				<misses>236800001</misses>
				<total>34</total>
				<timestamp>2299.228866</timestamp>
			</report>
			<report>
				<misses>236900001</misses>
				<total>34</total>
				<timestamp>2300.199490</timestamp>
			</report>
			<report>
				<misses>237000001</misses>
				<total>34</total>
				<timestamp>2301.169825</timestamp>
			</report>
			<report>
				<misses>237100001</misses>
				<total>34</total>
				<timestamp>2302.140367</timestamp>
			</report>
			<report>
				<misses>237200001</misses>
				<total>34</total>
				<timestamp>2303.110490</timestamp>
			</report>
			<report>
				<misses>237300001</misses>
				<total>34</total>
				<timestamp>2304.080530</timestamp>
			</report>
			<report>
				<misses>237400001</misses>
				<total>34</total>
				<timestamp>2305.051574</timestamp>
			</report>
			<report>
				<misses>237500001</misses>
				<total>34</total>
				<timestamp>2306.021790</timestamp>
			</report>
			<report>
				<misses>237600001</misses>
				<total>34</total>
				<timestamp>2306.992117</timestamp>
			</report>
			<report>
				<misses>237700001</misses>
				<total>34</total>
				<timestamp>2307.962342</timestamp>
			</report>
			<report>
				<misses>237800001</misses>
				<total>34</total>
				<timestamp>2308.932680</timestamp>
			</report>
			<report>
				<misses>237900001</misses>
				<total>34</total>
				<timestamp>2309.903108</timestamp>
			</report>
			<report>
				<misses>238000001</misses>
				<total>34</total>
				<timestamp>2310.873840</timestamp>
			</report>
			<report>
				<misses>238100001</misses>
				<total>34</total>
				<timestamp>2311.844163</timestamp>
			</report>
			<report>
				<misses>238200001</misses>
				<total>34</total>
				<timestamp>2312.814512</timestamp>
			</report>
			<report>
				<misses>238300001</misses>
				<total>34</total>
				<timestamp>2313.785104</timestamp>
			</report>
			<report>
				<misses>238400001</misses>
				<total>34</total>
				<timestamp>2314.755932</timestamp>
			</report>
			<report>
				<misses>238500001</misses>
				<total>34</total>
				<timestamp>2315.726017</timestamp>
			</report>
			<report>
				<misses>238600001</misses>
				<total>34</total>
				<timestamp>2316.696231</timestamp>
			</report>
			<report>
				<misses>238700001</misses>
				<total>34</total>
				<timestamp>2317.666934</timestamp>
			</report>
			<report>
				<misses>238800001</misses>
				<total>34</total>
				<timestamp>2318.637658</timestamp>
			</report>
			<report>
				<misses>238900001</misses>
				<total>34</total>
				<timestamp>2319.607995</timestamp>
			</report>
			<report>
				<misses>239000001</misses>
				<total>34</total>
				<timestamp>2320.577964</timestamp>
			</report>
			<report>
				<misses>239100001</misses>
				<total>34</total>
				<timestamp>2321.548280</timestamp>
			</report>
			<report>
				<misses>239200001</misses>
				<total>34</total>
				<timestamp>2322.519739</timestamp>
			</report>
			<report>
				<misses>239300001</misses>
				<total>34</total>
				<timestamp>2323.490494</timestamp>
			</report>
			<report>
				<misses>239400001</misses>
				<total>34</total>
				<timestamp>2324.460694</timestamp>
			</report>
			<report>
				<misses>239500001</misses>
				<total>34</total>
				<timestamp>2325.431015</timestamp>
			</report>
			<report>
				<misses>239600001</misses>
				<total>34</total>
				<timestamp>2326.402225</timestamp>
			</report>
			<report>
				<misses>239700001</misses>
				<total>34</total>
				<timestamp>2327.372439</timestamp>
			</report>
			<report>
				<misses>239800001</misses>
				<total>34</total>
				<timestamp>2328.343273</timestamp>
			</report>
			<report>
				<misses>239900001</misses>
				<total>34</total>
				<timestamp>2329.313243</timestamp>
			</report>
			<report>
				<misses>240000001</misses>
				<total>34</total>
				<timestamp>2330.283196</timestamp>
			</report>
			<report>
				<misses>240100001</misses>
				<total>34</total>
				<timestamp>2331.254046</timestamp>
			</report>
			<report>
				<misses>240200001</misses>
				<total>34</total>
				<timestamp>2332.223856</timestamp>
			</report>
			<report>
				<misses>240300001</misses>
				<total>34</total>
				<timestamp>2333.193961</timestamp>
			</report>
			<report>
				<misses>240400001</misses>
				<total>34</total>
				<timestamp>2334.164660</timestamp>
			</report>
			<report>
				<misses>240500001</misses>
				<total>34</total>
				<timestamp>2335.134862</timestamp>
			</report>
			<report>
				<misses>240600001</misses>
				<total>34</total>
				<timestamp>2336.105472</timestamp>
			</report>
			<report>
				<misses>240700001</misses>
				<total>34</total>
				<timestamp>2337.075774</timestamp>
			</report>
			<report>
				<misses>240800001</misses>
				<total>34</total>
				<timestamp>2338.046503</timestamp>
			</report>
			<report>
				<misses>240900001</misses>
				<total>34</total>
				<timestamp>2339.017641</timestamp>
			</report>
			<report>
				<misses>241000001</misses>
				<total>34</total>
				<timestamp>2339.988184</timestamp>
			</report>
			<report>
				<misses>241100001</misses>
				<total>34</total>
				<timestamp>2340.958401</timestamp>
			</report>
			<report>
				<misses>241200001</misses>
				<total>34</total>
				<timestamp>2341.928971</timestamp>
			</report>
			<report>
				<misses>241300001</misses>
				<total>34</total>
				<timestamp>2342.899208</timestamp>
			</report>
			<report>
				<misses>241400001</misses>
				<total>34</total>
				<timestamp>2343.869180</timestamp>
			</report>
			<report>
				<misses>241500001</misses>
				<total>34</total>
				<timestamp>2344.839623</timestamp>
			</report>
			<report>
				<misses>241600001</misses>
				<total>34</total>
				<timestamp>2345.810149</timestamp>
			</report>
			<report>
				<misses>241700001</misses>
				<total>34</total>
				<timestamp>2346.780382</timestamp>
			</report>
			<report>
				<misses>241800001</misses>
				<total>34</total>
				<timestamp>2347.750724</timestamp>
			</report>
			<report>
				<misses>241900001</misses>
				<total>34</total>
				<timestamp>2348.720919</timestamp>
			</report>
			<report>
				<misses>242000001</misses>
				<total>34</total>
				<timestamp>2349.691537</timestamp>
			</report>
			<report>
				<misses>242100001</misses>
				<total>34</total>
				<timestamp>2350.661853</timestamp>
			</report>
			<report>
				<misses>242200001</misses>
				<total>34</total>
				<timestamp>2351.632297</timestamp>
			</report>
			<report>
				<misses>242300001</misses>
				<total>34</total>
				<timestamp>2352.603262</timestamp>
			</report>
			<report>
				<misses>242400001</misses>
				<total>34</total>
				<timestamp>2353.573860</timestamp>
			</report>
			<report>
				<misses>242500001</misses>
				<total>34</total>
				<timestamp>2354.543929</timestamp>
			</report>
			<report>
				<misses>242600001</misses>
				<total>34</total>
				<timestamp>2355.515062</timestamp>
			</report>
			<report>
				<misses>242700001</misses>
				<total>34</total>
				<timestamp>2356.485236</timestamp>
			</report>
			<report>
				<misses>242800001</misses>
				<total>34</total>
				<timestamp>2357.456423</timestamp>
			</report>
			<report>
				<misses>242900001</misses>
				<total>34</total>
				<timestamp>2358.426609</timestamp>
			</report>
			<report>
				<misses>243000001</misses>
				<total>34</total>
				<timestamp>2359.397203</timestamp>
			</report>
			<report>
				<misses>243100001</misses>
				<total>34</total>
				<timestamp>2360.367778</timestamp>
			</report>
			<report>
				<misses>243200001</misses>
				<total>34</total>
				<timestamp>2361.337999</timestamp>
			</report>
			<report>
				<misses>243300001</misses>
				<total>34</total>
				<timestamp>2362.308074</timestamp>
			</report>
			<report>
				<misses>243400001</misses>
				<total>34</total>
				<timestamp>2363.278275</timestamp>
			</report>
			<report>
				<misses>243500001</misses>
				<total>34</total>
				<timestamp>2364.248101</timestamp>
			</report>
			<report>
				<misses>243600001</misses>
				<total>34</total>
				<timestamp>2365.218082</timestamp>
			</report>
			<report>
				<misses>243700001</misses>
				<total>34</total>
				<timestamp>2366.188898</timestamp>
			</report>
			<report>
				<misses>243800001</misses>
				<total>34</total>
				<timestamp>2367.158890</timestamp>
			</report>
			<report>
				<misses>243900001</misses>
				<total>34</total>
				<timestamp>2368.129404</timestamp>
			</report>
			<report>
				<misses>244000001</misses>
				<total>34</total>
				<timestamp>2369.100192</timestamp>
			</report>
			<report>
				<misses>244100001</misses>
				<total>34</total>
				<timestamp>2370.070159</timestamp>
			</report>
			<report>
				<misses>244200001</misses>
				<total>34</total>
				<timestamp>2371.040589</timestamp>
			</report>
			<report>
				<misses>244300001</misses>
				<total>34</total>
				<timestamp>2372.010940</timestamp>
			</report>
			<report>
				<misses>244400001</misses>
				<total>34</total>
				<timestamp>2372.981015</timestamp>
			</report>
			<report>
				<misses>244500001</misses>
				<total>34</total>
				<timestamp>2373.950959</timestamp>
			</report>
			<report>
				<misses>244600001</misses>
				<total>34</total>
				<timestamp>2374.921583</timestamp>
			</report>
			<report>
				<misses>244700001</misses>
				<total>34</total>
				<timestamp>2375.892012</timestamp>
			</report>
			<report>
				<misses>244800001</misses>
				<total>34</total>
				<timestamp>2376.862335</timestamp>
			</report>
			<report>
				<misses>244900001</misses>
				<total>34</total>
				<timestamp>2377.832924</timestamp>
			</report>
			<report>
				<misses>245000001</misses>
				<total>34</total>
				<timestamp>2378.803022</timestamp>
			</report>
			<report>
				<misses>245100001</misses>
				<total>34</total>
				<timestamp>2379.773095</timestamp>
			</report>
			<report>
				<misses>245200001</misses>
				<total>34</total>
				<timestamp>2380.743521</timestamp>
			</report>
			<report>
				<misses>245300001</misses>
				<total>34</total>
				<timestamp>2381.713995</timestamp>
			</report>
			<report>
				<misses>245400001</misses>
				<total>34</total>
				<timestamp>2382.684561</timestamp>
			</report>
			<report>
				<misses>245500001</misses>
				<total>34</total>
				<timestamp>2383.654898</timestamp>
			</report>
			<report>
				<misses>245600001</misses>
				<total>34</total>
				<timestamp>2384.625097</timestamp>
			</report>
			<report>
				<misses>245700001</misses>
				<total>34</total>
				<timestamp>2385.595975</timestamp>
			</report>
			<report>
				<misses>245800001</misses>
				<total>34</total>
				<timestamp>2386.566295</timestamp>
			</report>
			<report>
				<misses>245900001</misses>
				<total>34</total>
				<timestamp>2387.536253</timestamp>
			</report>
			<report>
				<misses>246000001</misses>
				<total>34</total>
				<timestamp>2388.506314</timestamp>
			</report>
			<report>
				<misses>246100001</misses>
				<total>34</total>
				<timestamp>2389.476912</timestamp>
			</report>
			<report>
				<misses>246200001</misses>
				<total>34</total>
				<timestamp>2390.446869</timestamp>
			</report>
			<report>
				<misses>246300001</misses>
				<total>34</total>
				<timestamp>2391.417188</timestamp>
			</report>
			<report>
				<misses>246400001</misses>
				<total>34</total>
				<timestamp>2392.387030</timestamp>
			</report>
			<report>
				<misses>246500001</misses>
				<total>34</total>
				<timestamp>2393.356987</timestamp>
			</report>
			<report>
				<misses>246600001</misses>
				<total>34</total>
				<timestamp>2394.326904</timestamp>
			</report>
			<report>
				<misses>246700001</misses>
				<total>34</total>
				<timestamp>2395.297628</timestamp>
			</report>
			<report>
				<misses>246800001</misses>
				<total>34</total>
				<timestamp>2396.268072</timestamp>
			</report>
			<report>
				<misses>246900001</misses>
				<total>34</total>
				<timestamp>2397.238532</timestamp>
			</report>
			<report>
				<misses>247000001</misses>
				<total>34</total>
				<timestamp>2398.208387</timestamp>
			</report>
			<report>
				<misses>247100001</misses>
				<total>34</total>
				<timestamp>2399.178354</timestamp>
			</report>
			<report>
				<misses>247200001</misses>
				<total>34</total>
				<timestamp>2400.148429</timestamp>
			</report>
			<report>
				<misses>247300001</misses>
				<total>34</total>
				<timestamp>2401.118166</timestamp>
			</report>
			<report>
				<misses>247400001</misses>
				<total>34</total>
				<timestamp>2402.088713</timestamp>
			</report>
			<report>
				<misses>247500001</misses>
				<total>34</total>
				<timestamp>2403.059198</timestamp>
			</report>
			<report>
				<misses>247600001</misses>
				<total>34</total>
				<timestamp>2404.029519</timestamp>
			</report>
			<report>
				<misses>247700001</misses>
				<total>34</total>
				<timestamp>2404.999470</timestamp>
			</report>
			<report>
				<misses>247800001</misses>
				<total>34</total>
				<timestamp>2405.969686</timestamp>
			</report>
			<report>
				<misses>247900001</misses>
				<total>34</total>
				<timestamp>2406.939757</timestamp>
			</report>
			<report>
				<misses>248000001</misses>
				<total>34</total>
				<timestamp>2407.910116</timestamp>
			</report>
			<report>
				<misses>248100001</misses>
				<total>34</total>
				<timestamp>2408.880554</timestamp>
			</report>
			<report>
				<misses>248200001</misses>
				<total>34</total>
				<timestamp>2409.851739</timestamp>
			</report>
			<report>
				<misses>248300001</misses>
				<total>34</total>
				<timestamp>2410.821458</timestamp>
			</report>
			<report>
				<misses>248400001</misses>
				<total>34</total>
				<timestamp>2411.791278</timestamp>
			</report>
			<report>
				<misses>248500001</misses>
				<total>34</total>
				<timestamp>2412.761255</timestamp>
			</report>
			<report>
				<misses>248600001</misses>
				<total>34</total>
				<timestamp>2413.731765</timestamp>
			</report>
			<report>
				<misses>248700001</misses>
				<total>34</total>
				<timestamp>2414.702839</timestamp>
			</report>
			<report>
				<misses>248800001</misses>
				<total>34</total>
				<timestamp>2415.672811</timestamp>
			</report>
			<report>
				<misses>248900001</misses>
				<total>34</total>
				<timestamp>2416.642764</timestamp>
			</report>
			<report>
				<misses>249000001</misses>
				<total>34</total>
				<timestamp>2417.612710</timestamp>
			</report>
			<report>
				<misses>249100001</misses>
				<total>34</total>
				<timestamp>2418.583312</timestamp>
			</report>
			<report>
				<misses>249200001</misses>
				<total>34</total>
				<timestamp>2419.553789</timestamp>
			</report>
			<report>
				<misses>249300001</misses>
				<total>34</total>
				<timestamp>2420.524231</timestamp>
			</report>
			<report>
				<misses>249400001</misses>
				<total>34</total>
				<timestamp>2421.495675</timestamp>
			</report>
			<report>
				<misses>249500001</misses>
				<total>34</total>
				<timestamp>2422.466036</timestamp>
			</report>
			<report>
				<misses>249600001</misses>
				<total>34</total>
				<timestamp>2423.436099</timestamp>
			</report>
			<report>
				<misses>249700001</misses>
				<total>34</total>
				<timestamp>2424.406089</timestamp>
			</report>
			<report>
				<misses>249800001</misses>
				<total>34</total>
				<timestamp>2425.376529</timestamp>
			</report>
			<report>
				<misses>249900001</misses>
				<total>34</total>
				<timestamp>2426.346969</timestamp>
			</report>
			<report>
				<misses>250000001</misses>
				<total>34</total>
				<timestamp>2427.317566</timestamp>
			</report>
			<report>
				<misses>250100001</misses>
				<total>34</total>
				<timestamp>2428.288043</timestamp>
			</report>
			<report>
				<misses>250200001</misses>
				<total>34</total>
				<timestamp>2429.257900</timestamp>
			</report>
			<report>
				<misses>250300001</misses>
				<total>34</total>
				<timestamp>2430.227952</timestamp>
			</report>
			<report>
				<misses>250400001</misses>
				<total>34</total>
				<timestamp>2431.198461</timestamp>
			</report>
			<report>
				<misses>250500001</misses>
				<total>34</total>
				<timestamp>2432.168627</timestamp>
			</report>
			<report>
				<misses>250600001</misses>
				<total>34</total>
				<timestamp>2433.139209</timestamp>
			</report>
			<report>
				<misses>250700001</misses>
				<total>34</total>
				<timestamp>2434.109800</timestamp>
			</report>
			<report>
				<misses>250800001</misses>
				<total>34</total>
				<timestamp>2435.079891</timestamp>
			</report>
			<report>
				<misses>250900001</misses>
				<total>34</total>
				<timestamp>2436.050729</timestamp>
			</report>
			<report>
				<misses>251000001</misses>
				<total>34</total>
				<timestamp>2437.021158</timestamp>
			</report>
			<report>
				<misses>251100001</misses>
				<total>34</total>
				<timestamp>2437.991784</timestamp>
			</report>
			<report>
				<misses>251200001</misses>
				<total>34</total>
				<timestamp>2438.962259</timestamp>
			</report>
			<report>
				<misses>251300001</misses>
				<total>34</total>
				<timestamp>2439.932856</timestamp>
			</report>
			<report>
				<misses>251400001</misses>
				<total>34</total>
				<timestamp>2440.903436</timestamp>
			</report>
			<report>
				<misses>251500001</misses>
				<total>34</total>
				<timestamp>2441.873921</timestamp>
			</report>
			<report>
				<misses>251600001</misses>
				<total>34</total>
				<timestamp>2442.844495</timestamp>
			</report>
			<report>
				<misses>251700001</misses>
				<total>34</total>
				<timestamp>2443.815205</timestamp>
			</report>
			<report>
				<misses>251800001</misses>
				<total>34</total>
				<timestamp>2444.785366</timestamp>
			</report>
			<report>
				<misses>251900001</misses>
				<total>34</total>
				<timestamp>2445.755470</timestamp>
			</report>
			<report>
				<misses>252000001</misses>
				<total>34</total>
				<timestamp>2446.725687</timestamp>
			</report>
			<report>
				<misses>252100001</misses>
				<total>34</total>
				<timestamp>2447.695892</timestamp>
			</report>
			<report>
				<misses>252200001</misses>
				<total>34</total>
				<timestamp>2448.666856</timestamp>
			</report>
			<report>
				<misses>252300001</misses>
				<total>34</total>
				<timestamp>2449.636961</timestamp>
			</report>
			<report>
				<misses>252400001</misses>
				<total>34</total>
				<timestamp>2450.607141</timestamp>
			</report>
			<report>
				<misses>252500001</misses>
				<total>34</total>
				<timestamp>2451.578228</timestamp>
			</report>
			<report>
				<misses>252600001</misses>
				<total>34</total>
				<timestamp>2452.549150</timestamp>
			</report>
			<report>
				<misses>252700001</misses>
				<total>34</total>
				<timestamp>2453.519476</timestamp>
			</report>
			<report>
				<misses>252800001</misses>
				<total>34</total>
				<timestamp>2454.489546</timestamp>
			</report>
			<report>
				<misses>252900001</misses>
				<total>34</total>
				<timestamp>2455.459489</timestamp>
			</report>
			<report>
				<misses>253000001</misses>
				<total>34</total>
				<timestamp>2456.430236</timestamp>
			</report>
			<report>
				<misses>253100001</misses>
				<total>34</total>
				<timestamp>2457.400672</timestamp>
			</report>
			<report>
				<misses>253200001</misses>
				<total>34</total>
				<timestamp>2458.371009</timestamp>
			</report>
			<report>
				<misses>253300001</misses>
				<total>34</total>
				<timestamp>2459.341537</timestamp>
			</report>
			<report>
				<misses>253400001</misses>
				<total>34</total>
				<timestamp>2460.312257</timestamp>
			</report>
			<report>
				<misses>253500001</misses>
				<total>34</total>
				<timestamp>2461.283531</timestamp>
			</report>
			<report>
				<misses>253600001</misses>
				<total>34</total>
				<timestamp>2462.253978</timestamp>
			</report>
			<report>
				<misses>253700001</misses>
				<total>34</total>
				<timestamp>2463.224191</timestamp>
			</report>
			<report>
				<misses>253800001</misses>
				<total>34</total>
				<timestamp>2464.194141</timestamp>
			</report>
			<report>
				<misses>253900001</misses>
				<total>34</total>
				<timestamp>2465.164336</timestamp>
			</report>
			<report>
				<misses>254000001</misses>
				<total>34</total>
				<timestamp>2466.134694</timestamp>
			</report>
			<report>
				<misses>254100001</misses>
				<total>34</total>
				<timestamp>2467.105003</timestamp>
			</report>
			<report>
				<misses>254200001</misses>
				<total>34</total>
				<timestamp>2468.074984</timestamp>
			</report>
			<report>
				<misses>254300001</misses>
				<total>34</total>
				<timestamp>2469.045229</timestamp>
			</report>
			<report>
				<misses>254400001</misses>
				<total>34</total>
				<timestamp>2470.015167</timestamp>
			</report>
			<report>
				<misses>254500001</misses>
				<total>34</total>
				<timestamp>2470.985994</timestamp>
			</report>
			<report>
				<misses>254600001</misses>
				<total>34</total>
				<timestamp>2471.956698</timestamp>
			</report>
			<report>
				<misses>254700001</misses>
				<total>34</total>
				<timestamp>2472.927050</timestamp>
			</report>
			<report>
				<misses>254800001</misses>
				<total>34</total>
				<timestamp>2473.897345</timestamp>
			</report>
			<report>
				<misses>254900001</misses>
				<total>34</total>
				<timestamp>2474.867562</timestamp>
			</report>
			<report>
				<misses>255000001</misses>
				<total>34</total>
				<timestamp>2475.837513</timestamp>
			</report>
			<report>
				<misses>255100001</misses>
				<total>34</total>
				<timestamp>2476.808219</timestamp>
			</report>
			<report>
				<misses>255200001</misses>
				<total>34</total>
				<timestamp>2477.778177</timestamp>
			</report>
			<report>
				<misses>255300001</misses>
				<total>34</total>
				<timestamp>2478.749049</timestamp>
			</report>
			<report>
				<misses>255400001</misses>
				<total>34</total>
				<timestamp>2479.720620</timestamp>
			</report>
			<report>
				<misses>255500001</misses>
				<total>34</total>
				<timestamp>2480.690702</timestamp>
			</report>
			<report>
				<misses>255600001</misses>
				<total>34</total>
				<timestamp>2481.660530</timestamp>
			</report>
			<report>
				<misses>255700001</misses>
				<total>34</total>
				<timestamp>2482.631121</timestamp>
			</report>
			<report>
				<misses>255800001</misses>
				<total>34</total>
				<timestamp>2483.602342</timestamp>
			</report>
			<report>
				<misses>255900001</misses>
				<total>34</total>
				<timestamp>2484.572529</timestamp>
			</report>
			<report>
				<misses>256000001</misses>
				<total>34</total>
				<timestamp>2485.543636</timestamp>
			</report>
			<report>
				<misses>256100001</misses>
				<total>34</total>
				<timestamp>2486.514463</timestamp>
			</report>
			<report>
				<misses>256200001</misses>
				<total>34</total>
				<timestamp>2487.484502</timestamp>
			</report>
			<report>
				<misses>256300001</misses>
				<total>34</total>
				<timestamp>2488.454882</timestamp>
			</report>
			<report>
				<misses>256400001</misses>
				<total>34</total>
				<timestamp>2489.425480</timestamp>
			</report>
			<report>
				<misses>256500001</misses>
				<total>34</total>
				<timestamp>2490.396322</timestamp>
			</report>
			<report>
				<misses>256600001</misses>
				<total>34</total>
				<timestamp>2491.366508</timestamp>
			</report>
			<report>
				<misses>256700001</misses>
				<total>34</total>
				<timestamp>2492.336742</timestamp>
			</report>
			<report>
				<misses>256800001</misses>
				<total>34</total>
				<timestamp>2493.307563</timestamp>
			</report>
			<report>
				<misses>256900001</misses>
				<total>34</total>
				<timestamp>2494.278023</timestamp>
			</report>
			<report>
				<misses>257000001</misses>
				<total>34</total>
				<timestamp>2495.248489</timestamp>
			</report>
			<report>
				<misses>257100001</misses>
				<total>34</total>
				<timestamp>2496.218942</timestamp>
			</report>
			<report>
				<misses>257200001</misses>
				<total>34</total>
				<timestamp>2497.189530</timestamp>
			</report>
			<report>
				<misses>257300001</misses>
				<total>34</total>
				<timestamp>2498.159641</timestamp>
			</report>
			<report>
				<misses>257400001</misses>
				<total>34</total>
				<timestamp>2499.130598</timestamp>
			</report>
			<report>
				<misses>257500001</misses>
				<total>34</total>
				<timestamp>2500.100539</timestamp>
			</report>
			<report>
				<misses>257600001</misses>
				<total>34</total>
				<timestamp>2501.071001</timestamp>
			</report>
			<report>
				<misses>257700001</misses>
				<total>34</total>
				<timestamp>2502.040945</timestamp>
			</report>
			<report>
				<misses>257800001</misses>
				<total>34</total>
				<timestamp>2503.011501</timestamp>
			</report>
			<report>
				<misses>257900001</misses>
				<total>34</total>
				<timestamp>2503.982502</timestamp>
			</report>
			<report>
				<misses>258000001</misses>
				<total>34</total>
				<timestamp>2504.952701</timestamp>
			</report>
			<report>
				<misses>258100001</misses>
				<total>34</total>
				<timestamp>2505.922917</timestamp>
			</report>
			<report>
				<misses>258200001</misses>
				<total>34</total>
				<timestamp>2506.893645</timestamp>
			</report>
			<report>
				<misses>258300001</misses>
				<total>34</total>
				<timestamp>2507.863941</timestamp>
			</report>
			<report>
				<misses>258400001</misses>
				<total>34</total>
				<timestamp>2508.834141</timestamp>
			</report>
			<report>
				<misses>258500001</misses>
				<total>34</total>
				<timestamp>2509.804246</timestamp>
			</report>
			<report>
				<misses>258600001</misses>
				<total>34</total>
				<timestamp>2510.774561</timestamp>
			</report>
			<report>
				<misses>258700001</misses>
				<total>34</total>
				<timestamp>2511.744551</timestamp>
			</report>
			<report>
				<misses>258800001</misses>
				<total>34</total>
				<timestamp>2512.715237</timestamp>
			</report>
			<report>
				<misses>258900001</misses>
				<total>34</total>
				<timestamp>2513.685273</timestamp>
			</report>
			<report>
				<misses>259000001</misses>
				<total>34</total>
				<timestamp>2514.655270</timestamp>
			</report>
			<report>
				<misses>259100001</misses>
				<total>34</total>
				<timestamp>2515.626501</timestamp>
			</report>
			<report>
				<misses>259200001</misses>
				<total>34</total>
				<timestamp>2516.597101</timestamp>
			</report>
			<report>
				<misses>259300001</misses>
				<total>34</total>
				<timestamp>2517.567181</timestamp>
			</report>
			<report>
				<misses>259400001</misses>
				<total>34</total>
				<timestamp>2518.537616</timestamp>
			</report>
			<report>
				<misses>259500001</misses>
				<total>34</total>
				<timestamp>2519.507957</timestamp>
			</report>
			<report>
				<misses>259600001</misses>
				<total>34</total>
				<timestamp>2520.478811</timestamp>
			</report>
			<report>
				<misses>259700001</misses>
				<total>34</total>
				<timestamp>2521.449008</timestamp>
			</report>
			<report>
				<misses>259800001</misses>
				<total>34</total>
				<timestamp>2522.419668</timestamp>
			</report>
			<report>
				<misses>259900001</misses>
				<total>34</total>
				<timestamp>2523.390247</timestamp>
			</report>
			<report>
				<misses>260000001</misses>
				<total>34</total>
				<timestamp>2524.360726</timestamp>
			</report>
			<report>
				<misses>260100001</misses>
				<total>34</total>
				<timestamp>2525.330967</timestamp>
			</report>
			<report>
				<misses>260200001</misses>
				<total>34</total>
				<timestamp>2526.302029</timestamp>
			</report>
			<report>
				<misses>260300001</misses>
				<total>34</total>
				<timestamp>2527.272262</timestamp>
			</report>
			<report>
				<misses>260400001</misses>
				<total>34</total>
				<timestamp>2528.242994</timestamp>
			</report>
			<report>
				<misses>260500001</misses>
				<total>34</total>
				<timestamp>2529.213851</timestamp>
			</report>
			<report>
				<misses>260600001</misses>
				<total>34</total>
				<timestamp>2530.184206</timestamp>
			</report>
			<report>
				<misses>260700001</misses>
				<total>34</total>
				<timestamp>2531.154409</timestamp>
			</report>
			<report>
				<misses>260800001</misses>
				<total>34</total>
				<timestamp>2532.124737</timestamp>
			</report>
			<report>
				<misses>260900001</misses>
				<total>34</total>
				<timestamp>2533.094681</timestamp>
			</report>
			<report>
				<misses>261000001</misses>
				<total>34</total>
				<timestamp>2534.065330</timestamp>
			</report>
			<report>
				<misses>261100001</misses>
				<total>34</total>
				<timestamp>2535.035671</timestamp>
			</report>
			<report>
				<misses>261200001</misses>
				<total>34</total>
				<timestamp>2536.005883</timestamp>
			</report>
			<report>
				<misses>261300001</misses>
				<total>34</total>
				<timestamp>2536.976486</timestamp>
			</report>
			<report>
				<misses>261400001</misses>
				<total>34</total>
				<timestamp>2537.947308</timestamp>
			</report>
			<report>
				<misses>261500001</misses>
				<total>34</total>
				<timestamp>2538.917396</timestamp>
			</report>
			<report>
				<misses>261600001</misses>
				<total>34</total>
				<timestamp>2539.887488</timestamp>
			</report>
			<report>
				<misses>261700001</misses>
				<total>34</total>
				<timestamp>2540.858058</timestamp>
			</report>
			<report>
				<misses>261800001</misses>
				<total>34</total>
				<timestamp>2541.828774</timestamp>
			</report>
			<report>
				<misses>261900001</misses>
				<total>34</total>
				<timestamp>2542.798991</timestamp>
			</report>
			<report>
				<misses>262000001</misses>
				<total>34</total>
				<timestamp>2543.769224</timestamp>
			</report>
			<report>
				<misses>262100001</misses>
				<total>34</total>
				<timestamp>2544.739296</timestamp>
			</report>
			<report>
				<misses>262200001</misses>
				<total>34</total>
				<timestamp>2545.709764</timestamp>
			</report>
			<report>
				<misses>262300001</misses>
				<total>34</total>
				<timestamp>2546.680316</timestamp>
			</report>
			<report>
				<misses>262400001</misses>
				<total>34</total>
				<timestamp>2547.650538</timestamp>
			</report>
			<report>
				<misses>262500001</misses>
				<total>34</total>
				<timestamp>2548.620619</timestamp>
			</report>
			<report>
				<misses>262600001</misses>
				<total>34</total>
				<timestamp>2549.591193</timestamp>
			</report>
			<report>
				<misses>262700001</misses>
				<total>34</total>
				<timestamp>2550.561541</timestamp>
			</report>
			<report>
				<misses>262800001</misses>
				<total>34</total>
				<timestamp>2551.531732</timestamp>
			</report>
			<report>
				<misses>262900001</misses>
				<total>34</total>
				<timestamp>2552.502580</timestamp>
			</report>
			<report>
				<misses>263000001</misses>
				<total>34</total>
				<timestamp>2553.473173</timestamp>
			</report>
			<report>
				<misses>263100001</misses>
				<total>34</total>
				<timestamp>2554.444018</timestamp>
			</report>
			<report>
				<misses>263200001</misses>
				<total>34</total>
				<timestamp>2555.414074</timestamp>
			</report>
			<report>
				<misses>263300001</misses>
				<total>34</total>
				<timestamp>2556.384546</timestamp>
			</report>
			<report>
				<misses>263400001</misses>
				<total>34</total>
				<timestamp>2557.355892</timestamp>
			</report>
			<report>
				<misses>263500001</misses>
				<total>34</total>
				<timestamp>2558.326253</timestamp>
			</report>
			<report>
				<misses>263600001</misses>
				<total>34</total>
				<timestamp>2559.296199</timestamp>
			</report>
			<report>
				<misses>263700001</misses>
				<total>34</total>
				<timestamp>2560.266383</timestamp>
			</report>
			<report>
				<misses>263800001</misses>
				<total>34</total>
				<timestamp>2561.236602</timestamp>
			</report>
			<report>
				<misses>263900001</misses>
				<total>34</total>
				<timestamp>2562.207215</timestamp>
			</report>
			<report>
				<misses>264000001</misses>
				<total>34</total>
				<timestamp>2563.177910</timestamp>
			</report>
			<report>
				<misses>264100001</misses>
				<total>34</total>
				<timestamp>2564.148379</timestamp>
			</report>
			<report>
				<misses>264200001</misses>
				<total>34</total>
				<timestamp>2565.118601</timestamp>
			</report>
			<report>
				<misses>264300001</misses>
				<total>34</total>
				<timestamp>2566.089034</timestamp>
			</report>
			<report>
				<misses>264400001</misses>
				<total>34</total>
				<timestamp>2567.060142</timestamp>
			</report>
			<report>
				<misses>264500001</misses>
				<total>34</total>
				<timestamp>2568.030990</timestamp>
			</report>
			<report>
				<misses>264600001</misses>
				<total>34</total>
				<timestamp>2569.002057</timestamp>
			</report>
			<report>
				<misses>264700001</misses>
				<total>34</total>
				<timestamp>2569.972783</timestamp>
			</report>
			<report>
				<misses>264800001</misses>
				<total>34</total>
				<timestamp>2570.942741</timestamp>
			</report>
			<report>
				<misses>264900001</misses>
				<total>34</total>
				<timestamp>2571.913073</timestamp>
			</report>
			<report>
				<misses>265000001</misses>
				<total>34</total>
				<timestamp>2572.883174</timestamp>
			</report>
			<report>
				<misses>265100001</misses>
				<total>34</total>
				<timestamp>2573.853245</timestamp>
			</report>
			<report>
				<misses>265200001</misses>
				<total>34</total>
				<timestamp>2574.823069</timestamp>
			</report>
			<report>
				<misses>265300001</misses>
				<total>34</total>
				<timestamp>2575.793423</timestamp>
			</report>
			<report>
				<misses>265400001</misses>
				<total>34</total>
				<timestamp>2576.764146</timestamp>
			</report>
			<report>
				<misses>265500001</misses>
				<total>34</total>
				<timestamp>2577.734822</timestamp>
			</report>
			<report>
				<misses>265600001</misses>
				<total>34</total>
				<timestamp>2578.704911</timestamp>
			</report>
			<report>
				<misses>265700001</misses>
				<total>34</total>
				<timestamp>2579.675358</timestamp>
			</report>
			<report>
				<misses>265800001</misses>
				<total>34</total>
				<timestamp>2580.646617</timestamp>
			</report>
			<report>
				<misses>265900001</misses>
				<total>34</total>
				<timestamp>2581.617338</timestamp>
			</report>
			<report>
				<misses>266000001</misses>
				<total>34</total>
				<timestamp>2582.587921</timestamp>
			</report>
			<report>
				<misses>266100001</misses>
				<total>34</total>
				<timestamp>2583.557883</timestamp>
			</report>
			<report>
				<misses>266200001</misses>
				<total>34</total>
				<timestamp>2584.527973</timestamp>
			</report>
			<report>
				<misses>266300001</misses>
				<total>34</total>
				<timestamp>2585.498677</timestamp>
			</report>
			<report>
				<misses>266400001</misses>
				<total>34</total>
				<timestamp>2586.469011</timestamp>
			</report>
			<report>
				<misses>266500001</misses>
				<total>34</total>
				<timestamp>2587.439205</timestamp>
			</report>
			<report>
				<misses>266600001</misses>
				<total>34</total>
				<timestamp>2588.410089</timestamp>
			</report>
			<report>
				<misses>266700001</misses>
				<total>34</total>
				<timestamp>2589.380636</timestamp>
			</report>
			<report>
				<misses>266800001</misses>
				<total>34</total>
				<timestamp>2590.351220</timestamp>
			</report>
			<report>
				<misses>266900001</misses>
				<total>34</total>
				<timestamp>2591.321697</timestamp>
			</report>
			<report>
				<misses>267000001</misses>
				<total>34</total>
				<timestamp>2592.292305</timestamp>
			</report>
			<report>
				<misses>267100001</misses>
				<total>34</total>
				<timestamp>2593.262872</timestamp>
			</report>
			<report>
				<misses>267200001</misses>
				<total>34</total>
				<timestamp>2594.234097</timestamp>
			</report>
			<report>
				<misses>267300001</misses>
				<total>34</total>
				<timestamp>2595.204556</timestamp>
			</report>
			<report>
				<misses>267400001</misses>
				<total>34</total>
				<timestamp>2596.175195</timestamp>
			</report>
			<report>
				<misses>267500001</misses>
				<total>34</total>
				<timestamp>2597.145150</timestamp>
			</report>
			<report>
				<misses>267600001</misses>
				<total>34</total>
				<timestamp>2598.115212</timestamp>
			</report>
			<report>
				<misses>267700001</misses>
				<total>34</total>
				<timestamp>2599.085534</timestamp>
			</report>
			<report>
				<misses>267800001</misses>
				<total>34</total>
				<timestamp>2600.055856</timestamp>
			</report>
			<report>
				<misses>267900001</misses>
				<total>34</total>
				<timestamp>2601.026722</timestamp>
			</report>
			<report>
				<misses>268000001</misses>
				<total>34</total>
				<timestamp>2601.997415</timestamp>
			</report>
			<report>
				<misses>268100001</misses>
				<total>34</total>
				<timestamp>2602.968132</timestamp>
			</report>
			<report>
				<misses>268200001</misses>
				<total>34</total>
				<timestamp>2603.938425</timestamp>
			</report>
			<report>
				<misses>268300001</misses>
				<total>34</total>
				<timestamp>2604.908890</timestamp>
			</report>
			<report>
				<misses>268400001</misses>
				<total>34</total>
				<timestamp>2605.878967</timestamp>
			</report>
			<report>
				<misses>268500001</misses>
				<total>34</total>
				<timestamp>2606.849293</timestamp>
			</report>
			<report>
				<misses>268600001</misses>
				<total>34</total>
				<timestamp>2607.820427</timestamp>
			</report>
			<report>
				<misses>268700001</misses>
				<total>34</total>
				<timestamp>2608.790746</timestamp>
			</report>
			<report>
				<misses>268800001</misses>
				<total>34</total>
				<timestamp>2609.760927</timestamp>
			</report>
			<report>
				<misses>268900001</misses>
				<total>34</total>
				<timestamp>2610.731804</timestamp>
			</report>
			<report>
				<misses>269000001</misses>
				<total>34</total>
				<timestamp>2611.702397</timestamp>
			</report>
			<report>
				<misses>269100001</misses>
				<total>34</total>
				<timestamp>2612.672711</timestamp>
			</report>
			<report>
				<misses>269200001</misses>
				<total>34</total>
				<timestamp>2613.643410</timestamp>
			</report>
			<report>
				<misses>269300001</misses>
				<total>34</total>
				<timestamp>2614.614002</timestamp>
			</report>
			<report>
				<misses>269400001</misses>
				<total>34</total>
				<timestamp>2615.585126</timestamp>
			</report>
			<report>
				<misses>269500001</misses>
				<total>34</total>
				<timestamp>2616.554671</timestamp>
			</report>
			<report>
				<misses>269600001</misses>
				<total>34</total>
				<timestamp>2617.524758</timestamp>
			</report>
			<report>
				<misses>269700001</misses>
				<total>34</total>
				<timestamp>2618.494846</timestamp>
			</report>
			<report>
				<misses>269800001</misses>
				<total>34</total>
				<timestamp>2619.465211</timestamp>
			</report>
			<report>
				<misses>269900001</misses>
				<total>34</total>
				<timestamp>2620.435899</timestamp>
			</report>
			<report>
				<misses>270000001</misses>
				<total>34</total>
				<timestamp>2621.406224</timestamp>
			</report>
			<report>
				<misses>270100001</misses>
				<total>34</total>
				<timestamp>2622.376446</timestamp>
			</report>
			<report>
				<misses>270200001</misses>
				<total>34</total>
				<timestamp>2623.346906</timestamp>
			</report>
			<report>
				<misses>270300001</misses>
				<total>34</total>
				<timestamp>2624.317380</timestamp>
			</report>
			<report>
				<misses>270400001</misses>
				<total>34</total>
				<timestamp>2625.287850</timestamp>
			</report>
			<report>
				<misses>270500001</misses>
				<total>34</total>
				<timestamp>2626.257779</timestamp>
			</report>
			<report>
				<misses>270600001</misses>
				<total>34</total>
				<timestamp>2627.227485</timestamp>
			</report>
			<report>
				<misses>270700001</misses>
				<total>34</total>
				<timestamp>2628.197435</timestamp>
			</report>
			<report>
				<misses>270800001</misses>
				<total>34</total>
				<timestamp>2629.167770</timestamp>
			</report>
			<report>
				<misses>270900001</misses>
				<total>34</total>
				<timestamp>2630.138607</timestamp>
			</report>
			<report>
				<misses>271000001</misses>
				<total>34</total>
				<timestamp>2631.108470</timestamp>
			</report>
			<report>
				<misses>271100001</misses>
				<total>34</total>
				<timestamp>2632.078807</timestamp>
			</report>
			<report>
				<misses>271200001</misses>
				<total>34</total>
				<timestamp>2633.049301</timestamp>
			</report>
			<report>
				<misses>271300001</misses>
				<total>34</total>
				<timestamp>2634.020049</timestamp>
			</report>
			<report>
				<misses>271400001</misses>
				<total>34</total>
				<timestamp>2634.990232</timestamp>
			</report>
			<report>
				<misses>271500001</misses>
				<total>34</total>
				<timestamp>2635.960318</timestamp>
			</report>
			<report>
				<misses>271600001</misses>
				<total>34</total>
				<timestamp>2636.931145</timestamp>
			</report>
			<report>
				<misses>271700001</misses>
				<total>34</total>
				<timestamp>2637.901746</timestamp>
			</report>
			<report>
				<misses>271800001</misses>
				<total>34</total>
				<timestamp>2638.872074</timestamp>
			</report>
			<report>
				<misses>271900001</misses>
				<total>34</total>
				<timestamp>2639.841981</timestamp>
			</report>
			<report>
				<misses>272000001</misses>
				<total>34</total>
				<timestamp>2640.811806</timestamp>
			</report>
			<report>
				<misses>272100001</misses>
				<total>34</total>
				<timestamp>2641.781513</timestamp>
			</report>
			<report>
				<misses>272200001</misses>
				<total>34</total>
				<timestamp>2642.752002</timestamp>
			</report>
			<report>
				<misses>272300001</misses>
				<total>34</total>
				<timestamp>2643.722307</timestamp>
			</report>
			<report>
				<misses>272400001</misses>
				<total>34</total>
				<timestamp>2644.692399</timestamp>
			</report>
			<report>
				<misses>272500001</misses>
				<total>34</total>
				<timestamp>2645.662531</timestamp>
			</report>
			<report>
				<misses>272600001</misses>
				<total>34</total>
				<timestamp>2646.633078</timestamp>
			</report>
			<report>
				<misses>272700001</misses>
				<total>34</total>
				<timestamp>2647.603014</timestamp>
			</report>
			<report>
				<misses>272800001</misses>
				<total>34</total>
				<timestamp>2648.573357</timestamp>
			</report>
			<report>
				<misses>272900001</misses>
				<total>34</total>
				<timestamp>2649.543420</timestamp>
			</report>
			<report>
				<misses>273000001</misses>
				<total>34</total>
				<timestamp>2650.513556</timestamp>
			</report>
			<report>
				<misses>273100001</misses>
				<total>34</total>
				<timestamp>2651.483985</timestamp>
			</report>
			<report>
				<misses>273200001</misses>
				<total>34</total>
				<timestamp>2652.454066</timestamp>
			</report>
			<report>
				<misses>273300001</misses>
				<total>34</total>
				<timestamp>2653.424890</timestamp>
			</report>
			<report>
				<misses>273400001</misses>
				<total>34</total>
				<timestamp>2654.395612</timestamp>
			</report>
			<report>
				<misses>273500001</misses>
				<total>34</total>
				<timestamp>2655.366806</timestamp>
			</report>
			<report>
				<misses>273600001</misses>
				<total>34</total>
				<timestamp>2656.337126</timestamp>
			</report>
			<report>
				<misses>273700001</misses>
				<total>34</total>
				<timestamp>2657.307541</timestamp>
			</report>
			<report>
				<misses>273800001</misses>
				<total>34</total>
				<timestamp>2658.277589</timestamp>
			</report>
			<report>
				<misses>273900001</misses>
				<total>34</total>
				<timestamp>2659.248294</timestamp>
			</report>
			<report>
				<misses>274000001</misses>
				<total>34</total>
				<timestamp>2660.218267</timestamp>
			</report>
			<report>
				<misses>274100001</misses>
				<total>34</total>
				<timestamp>2661.188473</timestamp>
			</report>
			<report>
				<misses>274200001</misses>
				<total>34</total>
				<timestamp>2662.158799</timestamp>
			</report>
			<report>
				<misses>274300001</misses>
				<total>34</total>
				<timestamp>2663.128882</timestamp>
			</report>
			<report>
				<misses>274400001</misses>
				<total>34</total>
				<timestamp>2664.099363</timestamp>
			</report>
			<report>
				<misses>274500001</misses>
				<total>34</total>
				<timestamp>2665.070447</timestamp>
			</report>
			<report>
				<misses>274600001</misses>
				<total>34</total>
				<timestamp>2666.041553</timestamp>
			</report>
			<report>
				<misses>274700001</misses>
				<total>34</total>
				<timestamp>2667.011266</timestamp>
			</report>
			<report>
				<misses>274800001</misses>
				<total>34</total>
				<timestamp>2667.981569</timestamp>
			</report>
			<report>
				<misses>274900001</misses>
				<total>34</total>
				<timestamp>2668.951649</timestamp>
			</report>
			<report>
				<misses>275000001</misses>
				<total>34</total>
				<timestamp>2669.921724</timestamp>
			</report>
			<report>
				<misses>275100001</misses>
				<total>34</total>
				<timestamp>2670.892313</timestamp>
			</report>
			<report>
				<misses>275200001</misses>
				<total>34</total>
				<timestamp>2671.862780</timestamp>
			</report>
			<report>
				<misses>275300001</misses>
				<total>34</total>
				<timestamp>2672.832862</timestamp>
			</report>
			<report>
				<misses>275400001</misses>
				<total>34</total>
				<timestamp>2673.803097</timestamp>
			</report>
			<report>
				<misses>275500001</misses>
				<total>34</total>
				<timestamp>2674.772905</timestamp>
			</report>
			<report>
				<misses>275600001</misses>
				<total>34</total>
				<timestamp>2675.743490</timestamp>
			</report>
			<report>
				<misses>275700001</misses>
				<total>34</total>
				<timestamp>2676.713576</timestamp>
			</report>
			<report>
				<misses>275800001</misses>
				<total>34</total>
				<timestamp>2677.684320</timestamp>
			</report>
			<report>
				<misses>275900001</misses>
				<total>34</total>
				<timestamp>2678.654507</timestamp>
			</report>
			<report>
				<misses>276000001</misses>
				<total>34</total>
				<timestamp>2679.624585</timestamp>
			</report>
			<report>
				<misses>276100001</misses>
				<total>34</total>
				<timestamp>2680.594551</timestamp>
			</report>
			<report>
				<misses>276200001</misses>
				<total>34</total>
				<timestamp>2681.564525</timestamp>
			</report>
			<report>
				<misses>276300001</misses>
				<total>34</total>
				<timestamp>2682.534846</timestamp>
			</report>
			<report>
				<misses>276400001</misses>
				<total>34</total>
				<timestamp>2683.504915</timestamp>
			</report>
			<report>
				<misses>276500001</misses>
				<total>34</total>
				<timestamp>2684.475229</timestamp>
			</report>
			<report>
				<misses>276600001</misses>
				<total>34</total>
				<timestamp>2685.445318</timestamp>
			</report>
			<report>
				<misses>276700001</misses>
				<total>34</total>
				<timestamp>2686.415398</timestamp>
			</report>
			<report>
				<misses>276800001</misses>
				<total>34</total>
				<timestamp>2687.385750</timestamp>
			</report>
			<report>
				<misses>276900001</misses>
				<total>34</total>
				<timestamp>2688.356473</timestamp>
			</report>
			<report>
				<misses>277000001</misses>
				<total>34</total>
				<timestamp>2689.326670</timestamp>
			</report>
			<report>
				<misses>277100001</misses>
				<total>34</total>
				<timestamp>2690.296632</timestamp>
			</report>
			<report>
				<misses>277200001</misses>
				<total>34</total>
				<timestamp>2691.266942</timestamp>
			</report>
			<report>
				<misses>277300001</misses>
				<total>34</total>
				<timestamp>2692.237436</timestamp>
			</report>
			<report>
				<misses>277400001</misses>
				<total>34</total>
				<timestamp>2693.207499</timestamp>
			</report>
			<report>
				<misses>277500001</misses>
				<total>34</total>
				<timestamp>2694.177830</timestamp>
			</report>
			<report>
				<misses>277600001</misses>
				<total>34</total>
				<timestamp>2695.147789</timestamp>
			</report>
			<report>
				<misses>277700001</misses>
				<total>34</total>
				<timestamp>2696.118372</timestamp>
			</report>
			<report>
				<misses>277800001</misses>
				<total>34</total>
				<timestamp>2697.089713</timestamp>
			</report>
			<report>
				<misses>277900001</misses>
				<total>34</total>
				<timestamp>2698.060187</timestamp>
			</report>
			<report>
				<misses>278000001</misses>
				<total>34</total>
				<timestamp>2699.030394</timestamp>
			</report>
			<report>
				<misses>278100001</misses>
				<total>34</total>
				<timestamp>2700.001102</timestamp>
			</report>
			<report>
				<misses>278200001</misses>
				<total>34</total>
				<timestamp>2700.971560</timestamp>
			</report>
			<report>
				<misses>278300001</misses>
				<total>34</total>
				<timestamp>2701.942370</timestamp>
			</report>
			<report>
				<misses>278400001</misses>
				<total>34</total>
				<timestamp>2702.912447</timestamp>
			</report>
			<report>
				<misses>278500001</misses>
				<total>34</total>
				<timestamp>2703.883047</timestamp>
			</report>
			<report>
				<misses>278600001</misses>
				<total>34</total>
				<timestamp>2704.853252</timestamp>
			</report>
			<report>
				<misses>278700001</misses>
				<total>34</total>
				<timestamp>2705.823833</timestamp>
			</report>
			<report>
				<misses>278800001</misses>
				<total>34</total>
				<timestamp>2706.793921</timestamp>
			</report>
			<report>
				<misses>278900001</misses>
				<total>34</total>
				<timestamp>2707.764378</timestamp>
			</report>
			<report>
				<misses>279000001</misses>
				<total>34</total>
				<timestamp>2708.735473</timestamp>
			</report>
			<report>
				<misses>279100001</misses>
				<total>34</total>
				<timestamp>2709.705931</timestamp>
			</report>
			<report>
				<misses>279200001</misses>
				<total>34</total>
				<timestamp>2710.676013</timestamp>
			</report>
			<report>
				<misses>279300001</misses>
				<total>34</total>
				<timestamp>2711.645875</timestamp>
			</report>
			<report>
				<misses>279400001</misses>
				<total>34</total>
				<timestamp>2712.615792</timestamp>
			</report>
			<report>
				<misses>279500001</misses>
				<total>34</total>
				<timestamp>2713.586507</timestamp>
			</report>
			<report>
				<misses>279600001</misses>
				<total>34</total>
				<timestamp>2714.556579</timestamp>
			</report>
			<report>
				<misses>279700001</misses>
				<total>34</total>
				<timestamp>2715.526915</timestamp>
			</report>
			<report>
				<misses>279800001</misses>
				<total>34</total>
				<timestamp>2716.497392</timestamp>
			</report>
			<report>
				<misses>279900001</misses>
				<total>34</total>
				<timestamp>2717.467977</timestamp>
			</report>
			<report>
				<misses>280000001</misses>
				<total>34</total>
				<timestamp>2718.438679</timestamp>
			</report>
			<report>
				<misses>280100001</misses>
				<total>34</total>
				<timestamp>2719.409008</timestamp>
			</report>
			<report>
				<misses>280200001</misses>
				<total>34</total>
				<timestamp>2720.379639</timestamp>
			</report>
			<report>
				<misses>280300001</misses>
				<total>34</total>
				<timestamp>2721.349607</timestamp>
			</report>
			<report>
				<misses>280400001</misses>
				<total>34</total>
				<timestamp>2722.320090</timestamp>
			</report>
			<report>
				<misses>280500001</misses>
				<total>34</total>
				<timestamp>2723.290148</timestamp>
			</report>
			<report>
				<misses>280600001</misses>
				<total>34</total>
				<timestamp>2724.260492</timestamp>
			</report>
			<report>
				<misses>280700001</misses>
				<total>34</total>
				<timestamp>2725.230702</timestamp>
			</report>
			<report>
				<misses>280800001</misses>
				<total>34</total>
				<timestamp>2726.200918</timestamp>
			</report>
			<report>
				<misses>280900001</misses>
				<total>34</total>
				<timestamp>2727.171607</timestamp>
			</report>
			<report>
				<misses>281000001</misses>
				<total>34</total>
				<timestamp>2728.141948</timestamp>
			</report>
			<report>
				<misses>281100001</misses>
				<total>34</total>
				<timestamp>2729.112174</timestamp>
			</report>
			<report>
				<misses>281200001</misses>
				<total>34</total>
				<timestamp>2730.082495</timestamp>
			</report>
			<report>
				<misses>281300001</misses>
				<total>34</total>
				<timestamp>2731.052686</timestamp>
			</report>
			<report>
				<misses>281400001</misses>
				<total>34</total>
				<timestamp>2732.023254</timestamp>
			</report>
			<report>
				<misses>281500001</misses>
				<total>34</total>
				<timestamp>2732.993479</timestamp>
			</report>
			<report>
				<misses>281600001</misses>
				<total>34</total>
				<timestamp>2733.964052</timestamp>
			</report>
			<report>
				<misses>281700001</misses>
				<total>34</total>
				<timestamp>2734.934631</timestamp>
			</report>
			<report>
				<misses>281800001</misses>
				<total>34</total>
				<timestamp>2735.905101</timestamp>
			</report>
			<report>
				<misses>281900001</misses>
				<total>34</total>
				<timestamp>2736.875282</timestamp>
			</report>
			<report>
				<misses>282000001</misses>
				<total>34</total>
				<timestamp>2737.845373</timestamp>
			</report>
			<report>
				<misses>282100001</misses>
				<total>34</total>
				<timestamp>2738.816332</timestamp>
			</report>
			<report>
				<misses>282200001</misses>
				<total>34</total>
				<timestamp>2739.787056</timestamp>
			</report>
			<report>
				<misses>282300001</misses>
				<total>34</total>
				<timestamp>2740.758520</timestamp>
			</report>
			<report>
				<misses>282400001</misses>
				<total>34</total>
				<timestamp>2741.728239</timestamp>
			</report>
			<report>
				<misses>282500001</misses>
				<total>34</total>
				<timestamp>2742.698812</timestamp>
			</report>
			<report>
				<misses>282600001</misses>
				<total>34</total>
				<timestamp>2743.668764</timestamp>
			</report>
			<report>
				<misses>282700001</misses>
				<total>34</total>
				<timestamp>2744.638734</timestamp>
			</report>
			<report>
				<misses>282800001</misses>
				<total>34</total>
				<timestamp>2745.609566</timestamp>
			</report>
			<report>
				<misses>282900001</misses>
				<total>34</total>
				<timestamp>2746.580033</timestamp>
			</report>
			<report>
				<misses>283000001</misses>
				<total>34</total>
				<timestamp>2747.550604</timestamp>
			</report>
			<report>
				<misses>283100001</misses>
				<total>34</total>
				<timestamp>2748.521090</timestamp>
			</report>
			<report>
				<misses>283200001</misses>
				<total>34</total>
				<timestamp>2749.491537</timestamp>
			</report>
			<report>
				<misses>283300001</misses>
				<total>34</total>
				<timestamp>2750.461739</timestamp>
			</report>
			<report>
				<misses>283400001</misses>
				<total>34</total>
				<timestamp>2751.432357</timestamp>
			</report>
			<report>
				<misses>283500001</misses>
				<total>34</total>
				<timestamp>2752.402402</timestamp>
			</report>
			<report>
				<misses>283600001</misses>
				<total>34</total>
				<timestamp>2753.372510</timestamp>
			</report>
			<report>
				<misses>283700001</misses>
				<total>34</total>
				<timestamp>2754.343212</timestamp>
			</report>
			<report>
				<misses>283800001</misses>
				<total>34</total>
				<timestamp>2755.313052</timestamp>
			</report>
			<report>
				<misses>283900001</misses>
				<total>34</total>
				<timestamp>2756.283114</timestamp>
			</report>
			<report>
				<misses>284000001</misses>
				<total>34</total>
				<timestamp>2757.253462</timestamp>
			</report>
			<report>
				<misses>284100001</misses>
				<total>34</total>
				<timestamp>2758.223829</timestamp>
			</report>
			<report>
				<misses>284200001</misses>
				<total>34</total>
				<timestamp>2759.194773</timestamp>
			</report>
			<report>
				<misses>284300001</misses>
				<total>34</total>
				<timestamp>2760.164839</timestamp>
			</report>
			<report>
				<misses>284400001</misses>
				<total>34</total>
				<timestamp>2761.135440</timestamp>
			</report>
			<report>
				<misses>284500001</misses>
				<total>34</total>
				<timestamp>2762.106409</timestamp>
			</report>
			<report>
				<misses>284600001</misses>
				<total>34</total>
				<timestamp>2763.077256</timestamp>
			</report>
			<report>
				<misses>284700001</misses>
				<total>34</total>
				<timestamp>2764.047557</timestamp>
			</report>
			<report>
				<misses>284800001</misses>
				<total>34</total>
				<timestamp>2765.017768</timestamp>
			</report>
			<report>
				<misses>284900001</misses>
				<total>34</total>
				<timestamp>2765.987990</timestamp>
			</report>
			<report>
				<misses>285000001</misses>
				<total>34</total>
				<timestamp>2766.958196</timestamp>
			</report>
			<report>
				<misses>285100001</misses>
				<total>34</total>
				<timestamp>2767.928529</timestamp>
			</report>
			<report>
				<misses>285200001</misses>
				<total>34</total>
				<timestamp>2768.898754</timestamp>
			</report>
			<report>
				<misses>285300001</misses>
				<total>34</total>
				<timestamp>2769.869224</timestamp>
			</report>
			<report>
				<misses>285400001</misses>
				<total>34</total>
				<timestamp>2770.839651</timestamp>
			</report>
			<report>
				<misses>285500001</misses>
				<total>34</total>
				<timestamp>2771.809859</timestamp>
			</report>
			<report>
				<misses>285600001</misses>
				<total>34</total>
				<timestamp>2772.779892</timestamp>
			</report>
			<report>
				<misses>285700001</misses>
				<total>34</total>
				<timestamp>2773.750464</timestamp>
			</report>
			<report>
				<misses>285800001</misses>
				<total>34</total>
				<timestamp>2774.721256</timestamp>
			</report>
			<report>
				<misses>285900001</misses>
				<total>34</total>
				<timestamp>2775.691848</timestamp>
			</report>
			<report>
				<misses>286000001</misses>
				<total>34</total>
				<timestamp>2776.662182</timestamp>
			</report>
			<report>
				<misses>286100001</misses>
				<total>34</total>
				<timestamp>2777.632762</timestamp>
			</report>
			<report>
				<misses>286200001</misses>
				<total>34</total>
				<timestamp>2778.603175</timestamp>
			</report>
			<report>
				<misses>286300001</misses>
				<total>34</total>
				<timestamp>2779.573885</timestamp>
			</report>
			<report>
				<misses>286400001</misses>
				<total>34</total>
				<timestamp>2780.543829</timestamp>
			</report>
			<report>
				<misses>286500001</misses>
				<total>34</total>
				<timestamp>2781.514030</timestamp>
			</report>
			<report>
				<misses>286600001</misses>
				<total>34</total>
				<timestamp>2782.484596</timestamp>
			</report>
			<report>
				<misses>286700001</misses>
				<total>34</total>
				<timestamp>2783.455049</timestamp>
			</report>
			<report>
				<misses>286800001</misses>
				<total>34</total>
				<timestamp>2784.425121</timestamp>
			</report>
			<report>
				<misses>286900001</misses>
				<total>34</total>
				<timestamp>2785.395552</timestamp>
			</report>
			<report>
				<misses>287000001</misses>
				<total>34</total>
				<timestamp>2786.366135</timestamp>
			</report>
			<report>
				<misses>287100001</misses>
				<total>34</total>
				<timestamp>2787.336986</timestamp>
			</report>
			<report>
				<misses>287200001</misses>
				<total>34</total>
				<timestamp>2788.307185</timestamp>
			</report>
			<report>
				<misses>287300001</misses>
				<total>34</total>
				<timestamp>2789.277150</timestamp>
			</report>
			<report>
				<misses>287400001</misses>
				<total>34</total>
				<timestamp>2790.247480</timestamp>
			</report>
			<report>
				<misses>287500001</misses>
				<total>34</total>
				<timestamp>2791.217573</timestamp>
			</report>
			<report>
				<misses>287600001</misses>
				<total>34</total>
				<timestamp>2792.188410</timestamp>
			</report>
			<report>
				<misses>287700001</misses>
				<total>34</total>
				<timestamp>2793.159495</timestamp>
			</report>
			<report>
				<misses>287800001</misses>
				<total>34</total>
				<timestamp>2794.130223</timestamp>
			</report>
			<report>
				<misses>287900001</misses>
				<total>34</total>
				<timestamp>2795.100498</timestamp>
			</report>
			<report>
				<misses>288000001</misses>
				<total>34</total>
				<timestamp>2796.070882</timestamp>
			</report>
			<report>
				<misses>288100001</misses>
				<total>34</total>
				<timestamp>2797.040974</timestamp>
			</report>
			<report>
				<misses>288200001</misses>
				<total>34</total>
				<timestamp>2798.011039</timestamp>
			</report>
			<report>
				<misses>288300001</misses>
				<total>34</total>
				<timestamp>2798.981514</timestamp>
			</report>
			<report>
				<misses>288400001</misses>
				<total>34</total>
				<timestamp>2799.952099</timestamp>
			</report>
			<report>
				<misses>288500001</misses>
				<total>34</total>
				<timestamp>2800.922812</timestamp>
			</report>
			<report>
				<misses>288600001</misses>
				<total>34</total>
				<timestamp>2801.893770</timestamp>
			</report>
			<report>
				<misses>288700001</misses>
				<total>34</total>
				<timestamp>2802.864010</timestamp>
			</report>
			<report>
				<misses>288800001</misses>
				<total>34</total>
				<timestamp>2803.834231</timestamp>
			</report>
			<report>
				<misses>288900001</misses>
				<total>34</total>
				<timestamp>2804.804656</timestamp>
			</report>
			<report>
				<misses>289000001</misses>
				<total>34</total>
				<timestamp>2805.775247</timestamp>
			</report>
			<report>
				<misses>289100001</misses>
				<total>34</total>
				<timestamp>2806.746104</timestamp>
			</report>
			<report>
				<misses>289200001</misses>
				<total>34</total>
				<timestamp>2807.716424</timestamp>
			</report>
			<report>
				<misses>289300001</misses>
				<total>34</total>
				<timestamp>2808.687387</timestamp>
			</report>
			<report>
				<misses>289400001</misses>
				<total>34</total>
				<timestamp>2809.657843</timestamp>
			</report>
			<report>
				<misses>289500001</misses>
				<total>34</total>
				<timestamp>2810.628057</timestamp>
			</report>
			<report>
				<misses>289600001</misses>
				<total>34</total>
				<timestamp>2811.598273</timestamp>
			</report>
			<report>
				<misses>289700001</misses>
				<total>34</total>
				<timestamp>2812.568498</timestamp>
			</report>
			<report>
				<misses>289800001</misses>
				<total>34</total>
				<timestamp>2813.538681</timestamp>
			</report>
			<report>
				<misses>289900001</misses>
				<total>34</total>
				<timestamp>2814.508655</timestamp>
			</report>
			<report>
				<misses>290000001</misses>
				<total>34</total>
				<timestamp>2815.479487</timestamp>
			</report>
			<report>
				<misses>290100001</misses>
				<total>34</total>
				<timestamp>2816.449299</timestamp>
			</report>
			<report>
				<misses>290200001</misses>
				<total>34</total>
				<timestamp>2817.419770</timestamp>
			</report>
			<report>
				<misses>290300001</misses>
				<total>34</total>
				<timestamp>2818.389986</timestamp>
			</report>
			<report>
				<misses>290400001</misses>
				<total>34</total>
				<timestamp>2819.360001</timestamp>
			</report>
			<report>
				<misses>290500001</misses>
				<total>34</total>
				<timestamp>2820.330650</timestamp>
			</report>
			<report>
				<misses>290600001</misses>
				<total>34</total>
				<timestamp>2821.300970</timestamp>
			</report>
			<report>
				<misses>290700001</misses>
				<total>34</total>
				<timestamp>2822.270811</timestamp>
			</report>
			<report>
				<misses>290800001</misses>
				<total>34</total>
				<timestamp>2823.241389</timestamp>
			</report>
			<report>
				<misses>290900001</misses>
				<total>34</total>
				<timestamp>2824.211475</timestamp>
			</report>
			<report>
				<misses>291000001</misses>
				<total>34</total>
				<timestamp>2825.181698</timestamp>
			</report>
			<report>
				<misses>291100001</misses>
				<total>34</total>
				<timestamp>2826.152049</timestamp>
			</report>
			<report>
				<misses>291200001</misses>
				<total>34</total>
				<timestamp>2827.121997</timestamp>
			</report>
			<report>
				<misses>291300001</misses>
				<total>34</total>
				<timestamp>2828.092212</timestamp>
			</report>
			<report>
				<misses>291400001</misses>
				<total>34</total>
				<timestamp>2829.062913</timestamp>
			</report>
			<report>
				<misses>291500001</misses>
				<total>34</total>
				<timestamp>2830.033516</timestamp>
			</report>
			<report>
				<misses>291600001</misses>
				<total>34</total>
				<timestamp>2831.003788</timestamp>
			</report>
			<report>
				<misses>291700001</misses>
				<total>34</total>
				<timestamp>2831.974184</timestamp>
			</report>
			<report>
				<misses>291800001</misses>
				<total>34</total>
				<timestamp>2832.944401</timestamp>
			</report>
			<report>
				<misses>291900001</misses>
				<total>34</total>
				<timestamp>2833.915885</timestamp>
			</report>
			<report>
				<misses>292000001</misses>
				<total>34</total>
				<timestamp>2834.886193</timestamp>
			</report>
			<report>
				<misses>292100001</misses>
				<total>34</total>
				<timestamp>2835.856535</timestamp>
			</report>
			<report>
				<misses>292200001</misses>
				<total>34</total>
				<timestamp>2836.827003</timestamp>
			</report>
			<report>
				<misses>292300001</misses>
				<total>34</total>
				<timestamp>2837.797204</timestamp>
			</report>
			<report>
				<misses>292400001</misses>
				<total>34</total>
				<timestamp>2838.767537</timestamp>
			</report>
			<report>
				<misses>292500001</misses>
				<total>34</total>
				<timestamp>2839.737737</timestamp>
			</report>
			<report>
				<misses>292600001</misses>
				<total>34</total>
				<timestamp>2840.708058</timestamp>
			</report>
			<report>
				<misses>292700001</misses>
				<total>34</total>
				<timestamp>2841.678796</timestamp>
			</report>
			<report>
				<misses>292800001</misses>
				<total>34</total>
				<timestamp>2842.649477</timestamp>
			</report>
			<report>
				<misses>292900001</misses>
				<total>34</total>
				<timestamp>2843.620095</timestamp>
			</report>
			<report>
				<misses>293000001</misses>
				<total>34</total>
				<timestamp>2844.590172</timestamp>
			</report>
			<report>
				<misses>293100001</misses>
				<total>34</total>
				<timestamp>2845.560513</timestamp>
			</report>
			<report>
				<misses>293200001</misses>
				<total>34</total>
				<timestamp>2846.530561</timestamp>
			</report>
			<report>
				<misses>293300001</misses>
				<total>34</total>
				<timestamp>2847.501052</timestamp>
			</report>
			<report>
				<misses>293400001</misses>
				<total>34</total>
				<timestamp>2848.471487</timestamp>
			</report>
			<report>
				<misses>293500001</misses>
				<total>34</total>
				<timestamp>2849.442095</timestamp>
			</report>
			<report>
				<misses>293600001</misses>
				<total>34</total>
				<timestamp>2850.412675</timestamp>
			</report>
			<report>
				<misses>293700001</misses>
				<total>34</total>
				<timestamp>2851.383016</timestamp>
			</report>
			<report>
				<misses>293800001</misses>
				<total>34</total>
				<timestamp>2852.353334</timestamp>
			</report>
			<report>
				<misses>293900001</misses>
				<total>34</total>
				<timestamp>2853.323677</timestamp>
			</report>
			<report>
				<misses>294000001</misses>
				<total>34</total>
				<timestamp>2854.294231</timestamp>
			</report>
			<report>
				<misses>294100001</misses>
				<total>34</total>
				<timestamp>2855.265461</timestamp>
			</report>
			<report>
				<misses>294200001</misses>
				<total>34</total>
				<timestamp>2856.235663</timestamp>
			</report>
			<report>
				<misses>294300001</misses>
				<total>34</total>
				<timestamp>2857.205780</timestamp>
			</report>
			<report>
				<misses>294400001</misses>
				<total>34</total>
				<timestamp>2858.175977</timestamp>
			</report>
			<report>
				<misses>294500001</misses>
				<total>34</total>
				<timestamp>2859.145914</timestamp>
			</report>
			<report>
				<misses>294600001</misses>
				<total>34</total>
				<timestamp>2860.116374</timestamp>
			</report>
			<report>
				<misses>294700001</misses>
				<total>34</total>
				<timestamp>2861.087073</timestamp>
			</report>
			<report>
				<misses>294800001</misses>
				<total>34</total>
				<timestamp>2862.056775</timestamp>
			</report>
			<report>
				<misses>294900001</misses>
				<total>34</total>
				<timestamp>2863.026608</timestamp>
			</report>
			<report>
				<misses>295000001</misses>
				<total>34</total>
				<timestamp>2863.996813</timestamp>
			</report>
			<report>
				<misses>295100001</misses>
				<total>34</total>
				<timestamp>2864.967524</timestamp>
			</report>
			<report>
				<misses>295200001</misses>
				<total>34</total>
				<timestamp>2865.938239</timestamp>
			</report>
			<report>
				<misses>295300001</misses>
				<total>34</total>
				<timestamp>2866.908578</timestamp>
			</report>
			<report>
				<misses>295400001</misses>
				<total>34</total>
				<timestamp>2867.878790</timestamp>
			</report>
			<report>
				<misses>295500001</misses>
				<total>34</total>
				<timestamp>2868.849367</timestamp>
			</report>
			<report>
				<misses>295600001</misses>
				<total>34</total>
				<timestamp>2869.819361</timestamp>
			</report>
			<report>
				<misses>295700001</misses>
				<total>34</total>
				<timestamp>2870.789169</timestamp>
			</report>
			<report>
				<misses>295800001</misses>
				<total>34</total>
				<timestamp>2871.759729</timestamp>
			</report>
			<report>
				<misses>295900001</misses>
				<total>34</total>
				<timestamp>2872.729461</timestamp>
			</report>
			<report>
				<misses>296000001</misses>
				<total>34</total>
				<timestamp>2873.699898</timestamp>
			</report>
			<report>
				<misses>296100001</misses>
				<total>34</total>
				<timestamp>2874.669858</timestamp>
			</report>
			<report>
				<misses>296200001</misses>
				<total>34</total>
				<timestamp>2875.640326</timestamp>
			</report>
			<report>
				<misses>296300001</misses>
				<total>34</total>
				<timestamp>2876.610663</timestamp>
			</report>
			<report>
				<misses>296400001</misses>
				<total>34</total>
				<timestamp>2877.581751</timestamp>
			</report>
			<report>
				<misses>296500001</misses>
				<total>34</total>
				<timestamp>2878.552476</timestamp>
			</report>
			<report>
				<misses>296600001</misses>
				<total>34</total>
				<timestamp>2879.522567</timestamp>
			</report>
			<report>
				<misses>296700001</misses>
				<total>34</total>
				<timestamp>2880.492749</timestamp>
			</report>
			<report>
				<misses>296800001</misses>
				<total>34</total>
				<timestamp>2881.462709</timestamp>
			</report>
			<report>
				<misses>296900001</misses>
				<total>34</total>
				<timestamp>2882.433058</timestamp>
			</report>
			<report>
				<misses>297000001</misses>
				<total>34</total>
				<timestamp>2883.403194</timestamp>
			</report>
			<report>
				<misses>297100001</misses>
				<total>34</total>
				<timestamp>2884.373657</timestamp>
			</report>
			<report>
				<misses>297200001</misses>
				<total>34</total>
				<timestamp>2885.343880</timestamp>
			</report>
			<report>
				<misses>297300001</misses>
				<total>34</total>
				<timestamp>2886.314574</timestamp>
			</report>
			<report>
				<misses>297400001</misses>
				<total>34</total>
				<timestamp>2887.284784</timestamp>
			</report>
			<report>
				<misses>297500001</misses>
				<total>34</total>
				<timestamp>2888.255626</timestamp>
			</report>
			<report>
				<misses>297600001</misses>
				<total>34</total>
				<timestamp>2889.225848</timestamp>
			</report>
			<report>
				<misses>297700001</misses>
				<total>34</total>
				<timestamp>2890.196054</timestamp>
			</report>
			<report>
				<misses>297800001</misses>
				<total>34</total>
				<timestamp>2891.165740</timestamp>
			</report>
			<report>
				<misses>297900001</misses>
				<total>34</total>
				<timestamp>2892.136452</timestamp>
			</report>
			<report>
				<misses>298000001</misses>
				<total>34</total>
				<timestamp>2893.106540</timestamp>
			</report>
			<report>
				<misses>298100001</misses>
				<total>34</total>
				<timestamp>2894.077008</timestamp>
			</report>
			<report>
				<misses>298200001</misses>
				<total>34</total>
				<timestamp>2895.047347</timestamp>
			</report>
			<report>
				<misses>298300001</misses>
				<total>34</total>
				<timestamp>2896.017192</timestamp>
			</report>
			<report>
				<misses>298400001</misses>
				<total>34</total>
				<timestamp>2896.987247</timestamp>
			</report>
			<report>
				<misses>298500001</misses>
				<total>34</total>
				<timestamp>2897.957589</timestamp>
			</report>
			<report>
				<misses>298600001</misses>
				<total>34</total>
				<timestamp>2898.928052</timestamp>
			</report>
			<report>
				<misses>298700001</misses>
				<total>34</total>
				<timestamp>2899.898509</timestamp>
			</report>
			<report>
				<misses>298800001</misses>
				<total>34</total>
				<timestamp>2900.869229</timestamp>
			</report>
			<report>
				<misses>298900001</misses>
				<total>34</total>
				<timestamp>2901.839306</timestamp>
			</report>
			<report>
				<misses>299000001</misses>
				<total>34</total>
				<timestamp>2902.809638</timestamp>
			</report>
			<report>
				<misses>299100001</misses>
				<total>34</total>
				<timestamp>2903.779707</timestamp>
			</report>
			<report>
				<misses>299200001</misses>
				<total>34</total>
				<timestamp>2904.750170</timestamp>
			</report>
			<report>
				<misses>299300001</misses>
				<total>34</total>
				<timestamp>2905.720151</timestamp>
			</report>
			<report>
				<misses>299400001</misses>
				<total>34</total>
				<timestamp>2906.690485</timestamp>
			</report>
			<report>
				<misses>299500001</misses>
				<total>34</total>
				<timestamp>2907.660955</timestamp>
			</report>
			<report>
				<misses>299600001</misses>
				<total>34</total>
				<timestamp>2908.631257</timestamp>
			</report>
			<report>
				<misses>299700001</misses>
				<total>34</total>
				<timestamp>2909.601855</timestamp>
			</report>
			<report>
				<misses>299800001</misses>
				<total>34</total>
				<timestamp>2910.571925</timestamp>
			</report>
			<report>
				<misses>299900001</misses>
				<total>34</total>
				<timestamp>2911.542035</timestamp>
			</report>
			<report>
				<misses>300000001</misses>
				<total>34</total>
				<timestamp>2912.511870</timestamp>
			</report>
			<report>
				<misses>300100001</misses>
				<total>34</total>
				<timestamp>2913.482563</timestamp>
			</report>
			<report>
				<misses>300200001</misses>
				<total>34</total>
				<timestamp>2914.453160</timestamp>
			</report>
			<report>
				<misses>300300001</misses>
				<total>34</total>
				<timestamp>2915.423856</timestamp>
			</report>
			<report>
				<misses>300400001</misses>
				<total>34</total>
				<timestamp>2916.394314</timestamp>
			</report>
			<report>
				<misses>300500001</misses>
				<total>34</total>
				<timestamp>2917.364885</timestamp>
			</report>
			<report>
				<misses>300600001</misses>
				<total>34</total>
				<timestamp>2918.335438</timestamp>
			</report>
			<report>
				<misses>300700001</misses>
				<total>34</total>
				<timestamp>2919.305875</timestamp>
			</report>
			<report>
				<misses>300800001</misses>
				<total>34</total>
				<timestamp>2920.276088</timestamp>
			</report>
			<report>
				<misses>300900001</misses>
				<total>34</total>
				<timestamp>2921.246178</timestamp>
			</report>
			<report>
				<misses>301000001</misses>
				<total>34</total>
				<timestamp>2922.216503</timestamp>
			</report>
			<report>
				<misses>301100001</misses>
				<total>34</total>
				<timestamp>2923.186840</timestamp>
			</report>
			<report>
				<misses>301200001</misses>
				<total>34</total>
				<timestamp>2924.157633</timestamp>
			</report>
			<report>
				<misses>301300001</misses>
				<total>34</total>
				<timestamp>2925.127993</timestamp>
			</report>
			<report>
				<misses>301400001</misses>
				<total>34</total>
				<timestamp>2926.097949</timestamp>
			</report>
			<report>
				<misses>301500001</misses>
				<total>34</total>
				<timestamp>2927.068536</timestamp>
			</report>
			<report>
				<misses>301600001</misses>
				<total>34</total>
				<timestamp>2928.038887</timestamp>
			</report>
			<report>
				<misses>301700001</misses>
				<total>34</total>
				<timestamp>2929.009217</timestamp>
			</report>
			<report>
				<misses>301800001</misses>
				<total>34</total>
				<timestamp>2929.979533</timestamp>
			</report>
			<report>
				<misses>301900001</misses>
				<total>34</total>
				<timestamp>2930.950506</timestamp>
			</report>
			<report>
				<misses>302000001</misses>
				<total>34</total>
				<timestamp>2931.920845</timestamp>
			</report>
			<report>
				<misses>302100001</misses>
				<total>34</total>
				<timestamp>2932.891425</timestamp>
			</report>
			<report>
				<misses>302200001</misses>
				<total>34</total>
				<timestamp>2933.861520</timestamp>
			</report>
			<report>
				<misses>302300001</misses>
				<total>34</total>
				<timestamp>2934.831976</timestamp>
			</report>
			<report>
				<misses>302400001</misses>
				<total>34</total>
				<timestamp>2935.802191</timestamp>
			</report>
			<report>
				<misses>302500001</misses>
				<total>34</total>
				<timestamp>2936.772645</timestamp>
			</report>
			<report>
				<misses>302600001</misses>
				<total>34</total>
				<timestamp>2937.742613</timestamp>
			</report>
			<report>
				<misses>302700001</misses>
				<total>34</total>
				<timestamp>2938.713223</timestamp>
			</report>
			<report>
				<misses>302800001</misses>
				<total>34</total>
				<timestamp>2939.683794</timestamp>
			</report>
			<report>
				<misses>302900001</misses>
				<total>34</total>
				<timestamp>2940.655392</timestamp>
			</report>
			<report>
				<misses>303000001</misses>
				<total>34</total>
				<timestamp>2941.626222</timestamp>
			</report>
			<report>
				<misses>303100001</misses>
				<total>34</total>
				<timestamp>2942.596577</timestamp>
			</report>
			<report>
				<misses>303200001</misses>
				<total>34</total>
				<timestamp>2943.566908</timestamp>
			</report>
			<report>
				<misses>303300001</misses>
				<total>34</total>
				<timestamp>2944.537482</timestamp>
			</report>
			<report>
				<misses>303400001</misses>
				<total>34</total>
				<timestamp>2945.507445</timestamp>
			</report>
			<report>
				<misses>303500001</misses>
				<total>34</total>
				<timestamp>2946.477911</timestamp>
			</report>
			<report>
				<misses>303600001</misses>
				<total>34</total>
				<timestamp>2947.448733</timestamp>
			</report>
			<report>
				<misses>303700001</misses>
				<total>34</total>
				<timestamp>2948.418842</timestamp>
			</report>
			<report>
				<misses>303800001</misses>
				<total>34</total>
				<timestamp>2949.388929</timestamp>
			</report>
			<report>
				<misses>303900001</misses>
				<total>34</total>
				<timestamp>2950.358747</timestamp>
			</report>
			<report>
				<misses>304000001</misses>
				<total>34</total>
				<timestamp>2951.329068</timestamp>
			</report>
			<report>
				<misses>304100001</misses>
				<total>34</total>
				<timestamp>2952.299148</timestamp>
			</report>
			<report>
				<misses>304200001</misses>
				<total>34</total>
				<timestamp>2953.269405</timestamp>
			</report>
			<report>
				<misses>304300001</misses>
				<total>34</total>
				<timestamp>2954.239603</timestamp>
			</report>
			<report>
				<misses>304400001</misses>
				<total>34</total>
				<timestamp>2955.210151</timestamp>
			</report>
			<report>
				<misses>304500001</misses>
				<total>34</total>
				<timestamp>2956.180522</timestamp>
			</report>
			<report>
				<misses>304600001</misses>
				<total>34</total>
				<timestamp>2957.150692</timestamp>
			</report>
			<report>
				<misses>304700001</misses>
				<total>34</total>
				<timestamp>2958.120897</timestamp>
			</report>
			<report>
				<misses>304800001</misses>
				<total>34</total>
				<timestamp>2959.091484</timestamp>
			</report>
			<report>
				<misses>304900001</misses>
				<total>34</total>
				<timestamp>2960.061723</timestamp>
			</report>
			<report>
				<misses>305000001</misses>
				<total>34</total>
				<timestamp>2961.032342</timestamp>
			</report>
			<report>
				<misses>305100001</misses>
				<total>34</total>
				<timestamp>2962.003160</timestamp>
			</report>
			<report>
				<misses>305200001</misses>
				<total>34</total>
				<timestamp>2962.973618</timestamp>
			</report>
			<report>
				<misses>305300001</misses>
				<total>34</total>
				<timestamp>2963.944403</timestamp>
			</report>
			<report>
				<misses>305400001</misses>
				<total>34</total>
				<timestamp>2964.914902</timestamp>
			</report>
			<report>
				<misses>305500001</misses>
				<total>34</total>
				<timestamp>2965.885102</timestamp>
			</report>
			<report>
				<misses>305600001</misses>
				<total>34</total>
				<timestamp>2966.855307</timestamp>
			</report>
			<report>
				<misses>305700001</misses>
				<total>34</total>
				<timestamp>2967.825908</timestamp>
			</report>
			<report>
				<misses>305800001</misses>
				<total>34</total>
				<timestamp>2968.796372</timestamp>
			</report>
			<report>
				<misses>305900001</misses>
				<total>34</total>
				<timestamp>2969.766555</timestamp>
			</report>
			<report>
				<misses>306000001</misses>
				<total>34</total>
				<timestamp>2970.736714</timestamp>
			</report>
			<report>
				<misses>306100001</misses>
				<total>34</total>
				<timestamp>2971.707061</timestamp>
			</report>
			<report>
				<misses>306200001</misses>
				<total>34</total>
				<timestamp>2972.677355</timestamp>
			</report>
			<report>
				<misses>306300001</misses>
				<total>34</total>
				<timestamp>2973.648219</timestamp>
			</report>
			<report>
				<misses>306400001</misses>
				<total>34</total>
				<timestamp>2974.618293</timestamp>
			</report>
			<report>
				<misses>306500001</misses>
				<total>34</total>
				<timestamp>2975.588757</timestamp>
			</report>
			<report>
				<misses>306600001</misses>
				<total>34</total>
				<timestamp>2976.559091</timestamp>
			</report>
			<report>
				<misses>306700001</misses>
				<total>34</total>
				<timestamp>2977.529679</timestamp>
			</report>
			<report>
				<misses>306800001</misses>
				<total>34</total>
				<timestamp>2978.499771</timestamp>
			</report>
			<report>
				<misses>306900001</misses>
				<total>34</total>
				<timestamp>2979.470457</timestamp>
			</report>
			<report>
				<misses>307000001</misses>
				<total>34</total>
				<timestamp>2980.440463</timestamp>
			</report>
			<report>
				<misses>307100001</misses>
				<total>34</total>
				<timestamp>2981.410922</timestamp>
			</report>
			<report>
				<misses>307200001</misses>
				<total>34</total>
				<timestamp>2982.381238</timestamp>
			</report>
			<report>
				<misses>307300001</misses>
				<total>34</total>
				<timestamp>2983.351957</timestamp>
			</report>
			<report>
				<misses>307400001</misses>
				<total>34</total>
				<timestamp>2984.322056</timestamp>
			</report>
			<report>
				<misses>307500001</misses>
				<total>34</total>
				<timestamp>2985.292371</timestamp>
			</report>
			<report>
				<misses>307600001</misses>
				<total>34</total>
				<timestamp>2986.262840</timestamp>
			</report>
			<report>
				<misses>307700001</misses>
				<total>34</total>
				<timestamp>2987.232807</timestamp>
			</report>
			<report>
				<misses>307800001</misses>
				<total>34</total>
				<timestamp>2988.203901</timestamp>
			</report>
			<report>
				<misses>307900001</misses>
				<total>34</total>
				<timestamp>2989.173985</timestamp>
			</report>
			<report>
				<misses>308000001</misses>
				<total>34</total>
				<timestamp>2990.144196</timestamp>
			</report>
			<report>
				<misses>308100001</misses>
				<total>34</total>
				<timestamp>2991.114628</timestamp>
			</report>
			<report>
				<misses>308200001</misses>
				<total>34</total>
				<timestamp>2992.084610</timestamp>
			</report>
			<report>
				<misses>308300001</misses>
				<total>34</total>
				<timestamp>2993.055559</timestamp>
			</report>
			<report>
				<misses>308400001</misses>
				<total>34</total>
				<timestamp>2994.027053</timestamp>
			</report>
			<report>
				<misses>308500001</misses>
				<total>34</total>
				<timestamp>2994.997251</timestamp>
			</report>
			<report>
				<misses>308600001</misses>
				<total>34</total>
				<timestamp>2995.967849</timestamp>
			</report>
			<report>
				<misses>308700001</misses>
				<total>34</total>
				<timestamp>2996.937918</timestamp>
			</report>
			<report>
				<misses>308800001</misses>
				<total>34</total>
				<timestamp>2997.907744</timestamp>
			</report>
			<report>
				<misses>308900001</misses>
				<total>34</total>
				<timestamp>2998.878725</timestamp>
			</report>
			<report>
				<misses>309000001</misses>
				<total>34</total>
				<timestamp>2999.849278</timestamp>
			</report>
			<report>
				<misses>309100001</misses>
				<total>34</total>
				<timestamp>3000.820017</timestamp>
			</report>
			<report>
				<misses>309200001</misses>
				<total>34</total>
				<timestamp>3001.790839</timestamp>
			</report>
			<report>
				<misses>309300001</misses>
				<total>34</total>
				<timestamp>3002.760908</timestamp>
			</report>
			<report>
				<misses>309400001</misses>
				<total>34</total>
				<timestamp>3003.731891</timestamp>
			</report>
			<report>
				<misses>309500001</misses>
				<total>34</total>
				<timestamp>3004.702526</timestamp>
			</report>
			<report>
				<misses>309600001</misses>
				<total>34</total>
				<timestamp>3005.672594</timestamp>
			</report>
			<report>
				<misses>309700001</misses>
				<total>34</total>
				<timestamp>3006.643023</timestamp>
			</report>
			<report>
				<misses>309800001</misses>
				<total>34</total>
				<timestamp>3007.612997</timestamp>
			</report>
			<report>
				<misses>309900001</misses>
				<total>34</total>
				<timestamp>3008.583490</timestamp>
			</report>
			<report>
				<misses>310000001</misses>
				<total>34</total>
				<timestamp>3009.553876</timestamp>
			</report>
			<report>
				<misses>310100001</misses>
				<total>34</total>
				<timestamp>3010.524610</timestamp>
			</report>
			<report>
				<misses>310200001</misses>
				<total>34</total>
				<timestamp>3011.495288</timestamp>
			</report>
			<report>
				<misses>310300001</misses>
				<total>34</total>
				<timestamp>3012.465432</timestamp>
			</report>
			<report>
				<misses>310400001</misses>
				<total>34</total>
				<timestamp>3013.435987</timestamp>
			</report>
			<report>
				<misses>310500001</misses>
				<total>34</total>
				<timestamp>3014.406695</timestamp>
			</report>
			<report>
				<misses>310600001</misses>
				<total>34</total>
				<timestamp>3015.376532</timestamp>
			</report>
			<report>
				<misses>310700001</misses>
				<total>34</total>
				<timestamp>3016.347274</timestamp>
			</report>
			<report>
				<misses>310800001</misses>
				<total>34</total>
				<timestamp>3017.318329</timestamp>
			</report>
			<report>
				<misses>310900001</misses>
				<total>34</total>
				<timestamp>3018.290197</timestamp>
			</report>
			<report>
				<misses>311000001</misses>
				<total>34</total>
				<timestamp>3019.261046</timestamp>
			</report>
			<report>
				<misses>311100001</misses>
				<total>34</total>
				<timestamp>3020.232247</timestamp>
			</report>
			<report>
				<misses>311200001</misses>
				<total>34</total>
				<timestamp>3021.203584</timestamp>
			</report>
			<report>
				<misses>311300001</misses>
				<total>34</total>
				<timestamp>3022.174180</timestamp>
			</report>
			<report>
				<misses>311400001</misses>
				<total>34</total>
				<timestamp>3023.145901</timestamp>
			</report>
			<report>
				<misses>311500001</misses>
				<total>34</total>
				<timestamp>3024.116622</timestamp>
			</report>
			<report>
				<misses>311600001</misses>
				<total>34</total>
				<timestamp>3025.087603</timestamp>
			</report>
			<report>
				<misses>311700001</misses>
				<total>34</total>
				<timestamp>3026.058175</timestamp>
			</report>
			<report>
				<misses>311800001</misses>
				<total>34</total>
				<timestamp>3027.029410</timestamp>
			</report>
			<report>
				<misses>311900001</misses>
				<total>34</total>
				<timestamp>3028.000246</timestamp>
			</report>
			<report>
				<misses>312000001</misses>
				<total>34</total>
				<timestamp>3028.970826</timestamp>
			</report>
			<report>
				<misses>312100001</misses>
				<total>34</total>
				<timestamp>3029.941815</timestamp>
			</report>
			<report>
				<misses>312200001</misses>
				<total>34</total>
				<timestamp>3030.913385</timestamp>
			</report>
			<report>
				<misses>312300001</misses>
				<total>34</total>
				<timestamp>3031.884480</timestamp>
			</report>
			<report>
				<misses>312400001</misses>
				<total>34</total>
				<timestamp>3032.854817</timestamp>
			</report>
			<report>
				<misses>312500001</misses>
				<total>34</total>
				<timestamp>3033.825671</timestamp>
			</report>
			<report>
				<misses>312600001</misses>
				<total>34</total>
				<timestamp>3034.796504</timestamp>
			</report>
			<report>
				<misses>312700001</misses>
				<total>34</total>
				<timestamp>3035.767469</timestamp>
			</report>
			<report>
				<misses>312800001</misses>
				<total>34</total>
				<timestamp>3036.738809</timestamp>
			</report>
			<report>
				<misses>312900001</misses>
				<total>34</total>
				<timestamp>3037.709649</timestamp>
			</report>
			<report>
				<misses>313000001</misses>
				<total>34</total>
				<timestamp>3038.680377</timestamp>
			</report>
			<report>
				<misses>313100001</misses>
				<total>34</total>
				<timestamp>3039.651213</timestamp>
			</report>
			<report>
				<misses>313200001</misses>
				<total>34</total>
				<timestamp>3040.622708</timestamp>
			</report>
			<report>
				<misses>313300001</misses>
				<total>34</total>
				<timestamp>3041.593405</timestamp>
			</report>
			<report>
				<misses>313400001</misses>
				<total>34</total>
				<timestamp>3042.564366</timestamp>
			</report>
			<report>
				<misses>313500001</misses>
				<total>34</total>
				<timestamp>3043.535842</timestamp>
			</report>
			<report>
				<misses>313600001</misses>
				<total>34</total>
				<timestamp>3044.506803</timestamp>
			</report>
			<report>
				<misses>313700001</misses>
				<total>34</total>
				<timestamp>3045.477771</timestamp>
			</report>
			<report>
				<misses>313800001</misses>
				<total>34</total>
				<timestamp>3046.449518</timestamp>
			</report>
			<report>
				<misses>313900001</misses>
				<total>34</total>
				<timestamp>3047.421090</timestamp>
			</report>
			<report>
				<misses>314000001</misses>
				<total>34</total>
				<timestamp>3048.391953</timestamp>
			</report>
			<report>
				<misses>314100001</misses>
				<total>34</total>
				<timestamp>3049.362530</timestamp>
			</report>
			<report>
				<misses>314200001</misses>
				<total>34</total>
				<timestamp>3050.333870</timestamp>
			</report>
			<report>
				<misses>314300001</misses>
				<total>34</total>
				<timestamp>3051.304580</timestamp>
			</report>
			<report>
				<misses>314400001</misses>
				<total>34</total>
				<timestamp>3052.275044</timestamp>
			</report>
			<report>
				<misses>314500001</misses>
				<total>34</total>
				<timestamp>3053.245890</timestamp>
			</report>
			<report>
				<misses>314600001</misses>
				<total>34</total>
				<timestamp>3054.216733</timestamp>
			</report>
			<report>
				<misses>314700001</misses>
				<total>34</total>
				<timestamp>3055.187190</timestamp>
			</report>
			<report>
				<misses>314800001</misses>
				<total>34</total>
				<timestamp>3056.158783</timestamp>
			</report>
			<report>
				<misses>314900001</misses>
				<total>34</total>
				<timestamp>3057.129787</timestamp>
			</report>
			<report>
				<misses>315000001</misses>
				<total>34</total>
				<timestamp>3058.100590</timestamp>
			</report>
			<report>
				<misses>315100001</misses>
				<total>34</total>
				<timestamp>3059.071708</timestamp>
			</report>
			<report>
				<misses>315200001</misses>
				<total>34</total>
				<timestamp>3060.043022</timestamp>
			</report>
			<report>
				<misses>315300001</misses>
				<total>34</total>
				<timestamp>3061.014259</timestamp>
			</report>
			<report>
				<misses>315400001</misses>
				<total>34</total>
				<timestamp>3061.984973</timestamp>
			</report>
			<report>
				<misses>315500001</misses>
				<total>34</total>
				<timestamp>3062.955562</timestamp>
			</report>
			<report>
				<misses>315600001</misses>
				<total>34</total>
				<timestamp>3063.926659</timestamp>
			</report>
			<report>
				<misses>315700001</misses>
				<total>34</total>
				<timestamp>3064.898380</timestamp>
			</report>
			<report>
				<misses>315800001</misses>
				<total>34</total>
				<timestamp>3065.869854</timestamp>
			</report>
			<report>
				<misses>315900001</misses>
				<total>34</total>
				<timestamp>3066.840459</timestamp>
			</report>
			<report>
				<misses>316000001</misses>
				<total>34</total>
				<timestamp>3067.812805</timestamp>
			</report>
			<report>
				<misses>316100001</misses>
				<total>34</total>
				<timestamp>3068.784017</timestamp>
			</report>
			<report>
				<misses>316200001</misses>
				<total>34</total>
				<timestamp>3069.755483</timestamp>
			</report>
			<report>
				<misses>316300001</misses>
				<total>34</total>
				<timestamp>3070.726829</timestamp>
			</report>
			<report>
				<misses>316400001</misses>
				<total>34</total>
				<timestamp>3071.697569</timestamp>
			</report>
			<report>
				<misses>316500001</misses>
				<total>34</total>
				<timestamp>3072.669275</timestamp>
			</report>
			<report>
				<misses>316600001</misses>
				<total>34</total>
				<timestamp>3073.640244</timestamp>
			</report>
			<report>
				<misses>316700001</misses>
				<total>34</total>
				<timestamp>3074.612207</timestamp>
			</report>
			<report>
				<misses>316800001</misses>
				<total>34</total>
				<timestamp>3075.583083</timestamp>
			</report>
			<report>
				<misses>316900001</misses>
				<total>34</total>
				<timestamp>3076.554940</timestamp>
			</report>
			<report>
				<misses>317000001</misses>
				<total>34</total>
				<timestamp>3077.525886</timestamp>
			</report>
			<report>
				<misses>317100001</misses>
				<total>34</total>
				<timestamp>3078.496840</timestamp>
			</report>
			<report>
				<misses>317200001</misses>
				<total>34</total>
				<timestamp>3079.468563</timestamp>
			</report>
			<report>
				<misses>317300001</misses>
				<total>34</total>
				<timestamp>3080.440661</timestamp>
			</report>
			<report>
				<misses>317400001</misses>
				<total>34</total>
				<timestamp>3081.412124</timestamp>
			</report>
			<report>
				<misses>317500001</misses>
				<total>34</total>
				<timestamp>3082.383625</timestamp>
			</report>
			<report>
				<misses>317600001</misses>
				<total>34</total>
				<timestamp>3083.354459</timestamp>
			</report>
			<report>
				<misses>317700001</misses>
				<total>34</total>
				<timestamp>3084.325940</timestamp>
			</report>
			<report>
				<misses>317800001</misses>
				<total>34</total>
				<timestamp>3085.296892</timestamp>
			</report>
			<report>
				<misses>317900001</misses>
				<total>34</total>
				<timestamp>3086.267730</timestamp>
			</report>
			<report>
				<misses>318000001</misses>
				<total>34</total>
				<timestamp>3087.238815</timestamp>
			</report>
			<report>
				<misses>318100001</misses>
				<total>34</total>
				<timestamp>3088.209921</timestamp>
			</report>
			<report>
				<misses>318200001</misses>
				<total>34</total>
				<timestamp>3089.180650</timestamp>
			</report>
			<report>
				<misses>318300001</misses>
				<total>34</total>
				<timestamp>3090.151353</timestamp>
			</report>
			<report>
				<misses>318400001</misses>
				<total>34</total>
				<timestamp>3091.122949</timestamp>
			</report>
			<report>
				<misses>318500001</misses>
				<total>34</total>
				<timestamp>3092.094179</timestamp>
			</report>
			<report>
				<misses>318600001</misses>
				<total>34</total>
				<timestamp>3093.065639</timestamp>
			</report>
			<report>
				<misses>318700001</misses>
				<total>34</total>
				<timestamp>3094.036545</timestamp>
			</report>
			<report>
				<misses>318800001</misses>
				<total>34</total>
				<timestamp>3095.007656</timestamp>
			</report>
			<report>
				<misses>318900001</misses>
				<total>34</total>
				<timestamp>3095.978735</timestamp>
			</report>
			<report>
				<misses>319000001</misses>
				<total>34</total>
				<timestamp>3096.949457</timestamp>
			</report>
			<report>
				<misses>319100001</misses>
				<total>34</total>
				<timestamp>3097.920927</timestamp>
			</report>
			<report>
				<misses>319200001</misses>
				<total>34</total>
				<timestamp>3098.892762</timestamp>
			</report>
			<report>
				<misses>319300001</misses>
				<total>34</total>
				<timestamp>3099.864034</timestamp>
			</report>
			<report>
				<misses>319400001</misses>
				<total>34</total>
				<timestamp>3100.835236</timestamp>
			</report>
			<report>
				<misses>319500001</misses>
				<total>34</total>
				<timestamp>3101.806557</timestamp>
			</report>
			<report>
				<misses>319600001</misses>
				<total>34</total>
				<timestamp>3102.778247</timestamp>
			</report>
			<report>
				<misses>319700001</misses>
				<total>34</total>
				<timestamp>3103.749717</timestamp>
			</report>
			<report>
				<misses>319800001</misses>
				<total>34</total>
				<timestamp>3104.720599</timestamp>
			</report>
			<report>
				<misses>319900001</misses>
				<total>34</total>
				<timestamp>3105.692035</timestamp>
			</report>
			<report>
				<misses>320000001</misses>
				<total>34</total>
				<timestamp>3106.662866</timestamp>
			</report>
			<report>
				<misses>320100001</misses>
				<total>34</total>
				<timestamp>3107.633589</timestamp>
			</report>
			<report>
				<misses>320200001</misses>
				<total>34</total>
				<timestamp>3108.604539</timestamp>
			</report>
			<report>
				<misses>320300001</misses>
				<total>34</total>
				<timestamp>3109.576026</timestamp>
			</report>
			<report>
				<misses>320400001</misses>
				<total>34</total>
				<timestamp>3110.546591</timestamp>
			</report>
			<report>
				<misses>320500001</misses>
				<total>34</total>
				<timestamp>3111.517204</timestamp>
			</report>
			<report>
				<misses>320600001</misses>
				<total>34</total>
				<timestamp>3112.488161</timestamp>
			</report>
			<report>
				<misses>320700001</misses>
				<total>34</total>
				<timestamp>3113.459513</timestamp>
			</report>
			<report>
				<misses>320800001</misses>
				<total>34</total>
				<timestamp>3114.430984</timestamp>
			</report>
			<report>
				<misses>320900001</misses>
				<total>34</total>
				<timestamp>3115.402185</timestamp>
			</report>
			<report>
				<misses>321000001</misses>
				<total>34</total>
				<timestamp>3116.373801</timestamp>
			</report>
			<report>
				<misses>321100001</misses>
				<total>34</total>
				<timestamp>3117.345014</timestamp>
			</report>
			<report>
				<misses>321200001</misses>
				<total>34</total>
				<timestamp>3118.317740</timestamp>
			</report>
			<report>
				<misses>321300001</misses>
				<total>34</total>
				<timestamp>3119.288589</timestamp>
			</report>
			<report>
				<misses>321400001</misses>
				<total>34</total>
				<timestamp>3120.259262</timestamp>
			</report>
			<report>
				<misses>321500001</misses>
				<total>34</total>
				<timestamp>3121.229969</timestamp>
			</report>
			<report>
				<misses>321600001</misses>
				<total>34</total>
				<timestamp>3122.201081</timestamp>
			</report>
			<report>
				<misses>321700001</misses>
				<total>34</total>
				<timestamp>3123.173802</timestamp>
			</report>
			<report>
				<misses>321800001</misses>
				<total>34</total>
				<timestamp>3124.145038</timestamp>
			</report>
			<report>
				<misses>321900001</misses>
				<total>34</total>
				<timestamp>3125.116058</timestamp>
			</report>
			<report>
				<misses>322000001</misses>
				<total>34</total>
				<timestamp>3126.087798</timestamp>
			</report>
			<report>
				<misses>322100001</misses>
				<total>34</total>
				<timestamp>3127.059020</timestamp>
			</report>
			<report>
				<misses>322200001</misses>
				<total>34</total>
				<timestamp>3128.030359</timestamp>
			</report>
			<report>
				<misses>322300001</misses>
				<total>34</total>
				<timestamp>3129.001460</timestamp>
			</report>
			<report>
				<misses>322400001</misses>
				<total>34</total>
				<timestamp>3129.972937</timestamp>
			</report>
			<report>
				<misses>322500001</misses>
				<total>34</total>
				<timestamp>3130.944275</timestamp>
			</report>
			<report>
				<misses>322600001</misses>
				<total>34</total>
				<timestamp>3131.916015</timestamp>
			</report>
			<report>
				<misses>322700001</misses>
				<total>34</total>
				<timestamp>3132.886977</timestamp>
			</report>
			<report>
				<misses>322800001</misses>
				<total>34</total>
				<timestamp>3133.857809</timestamp>
			</report>
			<report>
				<misses>322900001</misses>
				<total>34</total>
				<timestamp>3134.829168</timestamp>
			</report>
			<report>
				<misses>323000001</misses>
				<total>34</total>
				<timestamp>3135.800681</timestamp>
			</report>
			<report>
				<misses>323100001</misses>
				<total>34</total>
				<timestamp>3136.771927</timestamp>
			</report>
			<report>
				<misses>323200001</misses>
				<total>34</total>
				<timestamp>3137.743134</timestamp>
			</report>
			<report>
				<misses>323300001</misses>
				<total>34</total>
				<timestamp>3138.714382</timestamp>
			</report>
			<report>
				<misses>323400001</misses>
				<total>34</total>
				<timestamp>3139.685697</timestamp>
			</report>
			<report>
				<misses>323500001</misses>
				<total>34</total>
				<timestamp>3140.656916</timestamp>
			</report>
			<report>
				<misses>323600001</misses>
				<total>34</total>
				<timestamp>3141.628272</timestamp>
			</report>
			<report>
				<misses>323700001</misses>
				<total>34</total>
				<timestamp>3142.598983</timestamp>
			</report>
			<report>
				<misses>323800001</misses>
				<total>34</total>
				<timestamp>3143.569937</timestamp>
			</report>
			<report>
				<misses>323900001</misses>
				<total>34</total>
				<timestamp>3144.540542</timestamp>
			</report>
			<report>
				<misses>324000001</misses>
				<total>34</total>
				<timestamp>3145.511646</timestamp>
			</report>
			<report>
				<misses>324100001</misses>
				<total>34</total>
				<timestamp>3146.483487</timestamp>
			</report>
			<report>
				<misses>324200001</misses>
				<total>34</total>
				<timestamp>3147.454326</timestamp>
			</report>
			<report>
				<misses>324300001</misses>
				<total>34</total>
				<timestamp>3148.425966</timestamp>
			</report>
			<report>
				<misses>324400001</misses>
				<total>34</total>
				<timestamp>3149.396650</timestamp>
			</report>
			<report>
				<misses>324500001</misses>
				<total>34</total>
				<timestamp>3150.367485</timestamp>
			</report>
			<report>
				<misses>324600001</misses>
				<total>34</total>
				<timestamp>3151.338555</timestamp>
			</report>
			<report>
				<misses>324700001</misses>
				<total>34</total>
				<timestamp>3152.309527</timestamp>
			</report>
			<report>
				<misses>324800001</misses>
				<total>34</total>
				<timestamp>3153.280374</timestamp>
			</report>
			<report>
				<misses>324900001</misses>
				<total>34</total>
				<timestamp>3154.251326</timestamp>
			</report>
			<report>
				<misses>325000001</misses>
				<total>34</total>
				<timestamp>3155.222548</timestamp>
			</report>
			<report>
				<misses>325100001</misses>
				<total>34</total>
				<timestamp>3156.193649</timestamp>
			</report>
			<report>
				<misses>325200001</misses>
				<total>34</total>
				<timestamp>3157.164372</timestamp>
			</report>
			<report>
				<misses>325300001</misses>
				<total>34</total>
				<timestamp>3158.135833</timestamp>
			</report>
			<report>
				<misses>325400001</misses>
				<total>34</total>
				<timestamp>3159.106441</timestamp>
			</report>
			<report>
				<misses>325500001</misses>
				<total>34</total>
				<timestamp>3160.077007</timestamp>
			</report>
			<report>
				<misses>325600001</misses>
				<total>34</total>
				<timestamp>3161.048111</timestamp>
			</report>
			<report>
				<misses>325700001</misses>
				<total>34</total>
				<timestamp>3162.019484</timestamp>
			</report>
			<report>
				<misses>325800001</misses>
				<total>34</total>
				<timestamp>3162.990793</timestamp>
			</report>
			<report>
				<misses>325900001</misses>
				<total>34</total>
				<timestamp>3163.962284</timestamp>
			</report>
			<report>
				<misses>326000001</misses>
				<total>34</total>
				<timestamp>3164.933371</timestamp>
			</report>
			<report>
				<misses>326100001</misses>
				<total>34</total>
				<timestamp>3165.904705</timestamp>
			</report>
			<report>
				<misses>326200001</misses>
				<total>34</total>
				<timestamp>3166.875545</timestamp>
			</report>
			<report>
				<misses>326300001</misses>
				<total>34</total>
				<timestamp>3167.846890</timestamp>
			</report>
			<report>
				<misses>326400001</misses>
				<total>34</total>
				<timestamp>3168.817609</timestamp>
			</report>
			<report>
				<misses>326500001</misses>
				<total>34</total>
				<timestamp>3169.789243</timestamp>
			</report>
			<report>
				<misses>326600001</misses>
				<total>34</total>
				<timestamp>3170.759654</timestamp>
			</report>
			<report>
				<misses>326700001</misses>
				<total>34</total>
				<timestamp>3171.730247</timestamp>
			</report>
			<report>
				<misses>326800001</misses>
				<total>34</total>
				<timestamp>3172.701113</timestamp>
			</report>
			<report>
				<misses>326900001</misses>
				<total>34</total>
				<timestamp>3173.672062</timestamp>
			</report>
			<report>
				<misses>327000001</misses>
				<total>34</total>
				<timestamp>3174.643016</timestamp>
			</report>
			<report>
				<misses>327100001</misses>
				<total>34</total>
				<timestamp>3175.614127</timestamp>
			</report>
			<report>
				<misses>327200001</misses>
				<total>34</total>
				<timestamp>3176.585288</timestamp>
			</report>
			<report>
				<misses>327300001</misses>
				<total>34</total>
				<timestamp>3177.556166</timestamp>
			</report>
			<report>
				<misses>327400001</misses>
				<total>34</total>
				<timestamp>3178.527295</timestamp>
			</report>
			<report>
				<misses>327500001</misses>
				<total>34</total>
				<timestamp>3179.498616</timestamp>
			</report>
			<report>
				<misses>327600001</misses>
				<total>34</total>
				<timestamp>3180.469243</timestamp>
			</report>
			<report>
				<misses>327700001</misses>
				<total>34</total>
				<timestamp>3181.439690</timestamp>
			</report>
			<report>
				<misses>327800001</misses>
				<total>34</total>
				<timestamp>3182.411516</timestamp>
			</report>
			<report>
				<misses>327900001</misses>
				<total>34</total>
				<timestamp>3183.382743</timestamp>
			</report>
			<report>
				<misses>328000001</misses>
				<total>34</total>
				<timestamp>3184.354338</timestamp>
			</report>
			<report>
				<misses>328100001</misses>
				<total>34</total>
				<timestamp>3185.325375</timestamp>
			</report>
			<report>
				<misses>328200001</misses>
				<total>34</total>
				<timestamp>3186.296261</timestamp>
			</report>
			<report>
				<misses>328300001</misses>
				<total>34</total>
				<timestamp>3187.267731</timestamp>
			</report>
			<report>
				<misses>328400001</misses>
				<total>34</total>
				<timestamp>3188.238320</timestamp>
			</report>
			<report>
				<misses>328500001</misses>
				<total>34</total>
				<timestamp>3189.209437</timestamp>
			</report>
			<report>
				<misses>328600001</misses>
				<total>34</total>
				<timestamp>3190.180272</timestamp>
			</report>
			<report>
				<misses>328700001</misses>
				<total>34</total>
				<timestamp>3191.151641</timestamp>
			</report>
			<report>
				<misses>328800001</misses>
				<total>34</total>
				<timestamp>3192.122838</timestamp>
			</report>
			<report>
				<misses>328900001</misses>
				<total>34</total>
				<timestamp>3193.094035</timestamp>
			</report>
			<report>
				<misses>329000001</misses>
				<total>34</total>
				<timestamp>3194.065138</timestamp>
			</report>
			<report>
				<misses>329100001</misses>
				<total>34</total>
				<timestamp>3195.035855</timestamp>
			</report>
			<report>
				<misses>329200001</misses>
				<total>34</total>
				<timestamp>3196.006720</timestamp>
			</report>
			<report>
				<misses>329300001</misses>
				<total>34</total>
				<timestamp>3196.978053</timestamp>
			</report>
			<report>
				<misses>329400001</misses>
				<total>34</total>
				<timestamp>3197.949661</timestamp>
			</report>
			<report>
				<misses>329500001</misses>
				<total>34</total>
				<timestamp>3198.920607</timestamp>
			</report>
			<report>
				<misses>329600001</misses>
				<total>34</total>
				<timestamp>3199.891572</timestamp>
			</report>
			<report>
				<misses>329700001</misses>
				<total>34</total>
				<timestamp>3200.862150</timestamp>
			</report>
			<report>
				<misses>329800001</misses>
				<total>34</total>
				<timestamp>3201.833261</timestamp>
			</report>
			<report>
				<misses>329900001</misses>
				<total>34</total>
				<timestamp>3202.804043</timestamp>
			</report>
			<report>
				<misses>330000001</misses>
				<total>34</total>
				<timestamp>3203.774806</timestamp>
			</report>
			<report>
				<misses>330100001</misses>
				<total>34</total>
				<timestamp>3204.745503</timestamp>
			</report>
			<report>
				<misses>330200001</misses>
				<total>34</total>
				<timestamp>3205.716872</timestamp>
			</report>
			<report>
				<misses>330300001</misses>
				<total>34</total>
				<timestamp>3206.688305</timestamp>
			</report>
			<report>
				<misses>330400001</misses>
				<total>34</total>
				<timestamp>3207.659769</timestamp>
			</report>
			<report>
				<misses>330500001</misses>
				<total>34</total>
				<timestamp>3208.630890</timestamp>
			</report>
			<report>
				<misses>330600001</misses>
				<total>34</total>
				<timestamp>3209.601964</timestamp>
			</report>
			<report>
				<misses>330700001</misses>
				<total>34</total>
				<timestamp>3210.573441</timestamp>
			</report>
			<report>
				<misses>330800001</misses>
				<total>34</total>
				<timestamp>3211.545408</timestamp>
			</report>
			<report>
				<misses>330900001</misses>
				<total>34</total>
				<timestamp>3212.516751</timestamp>
			</report>
			<report>
				<misses>331000001</misses>
				<total>34</total>
				<timestamp>3213.487514</timestamp>
			</report>
			<report>
				<misses>331100001</misses>
				<total>34</total>
				<timestamp>3214.459461</timestamp>
			</report>
			<report>
				<misses>331200001</misses>
				<total>34</total>
				<timestamp>3215.430420</timestamp>
			</report>
			<report>
				<misses>331300001</misses>
				<total>34</total>
				<timestamp>3216.401391</timestamp>
			</report>
			<report>
				<misses>331400001</misses>
				<total>34</total>
				<timestamp>3217.372503</timestamp>
			</report>
			<report>
				<misses>331500001</misses>
				<total>34</total>
				<timestamp>3218.343315</timestamp>
			</report>
			<report>
				<misses>331600001</misses>
				<total>34</total>
				<timestamp>3219.315550</timestamp>
			</report>
			<report>
				<misses>331700001</misses>
				<total>34</total>
				<timestamp>3220.286519</timestamp>
			</report>
			<report>
				<misses>331800001</misses>
				<total>34</total>
				<timestamp>3221.258878</timestamp>
			</report>
			<report>
				<misses>331900001</misses>
				<total>34</total>
				<timestamp>3222.230359</timestamp>
			</report>
			<report>
				<misses>332000001</misses>
				<total>34</total>
				<timestamp>3223.202194</timestamp>
			</report>
			<report>
				<misses>332100001</misses>
				<total>34</total>
				<timestamp>3224.172919</timestamp>
			</report>
			<report>
				<misses>332200001</misses>
				<total>34</total>
				<timestamp>3225.145666</timestamp>
			</report>
			<report>
				<misses>332300001</misses>
				<total>34</total>
				<timestamp>3226.116740</timestamp>
			</report>
			<report>
				<misses>332400001</misses>
				<total>34</total>
				<timestamp>3227.087835</timestamp>
			</report>
			<report>
				<misses>332500001</misses>
				<total>34</total>
				<timestamp>3228.059697</timestamp>
			</report>
			<report>
				<misses>332600001</misses>
				<total>34</total>
				<timestamp>3229.031178</timestamp>
			</report>
			<report>
				<misses>332700001</misses>
				<total>34</total>
				<timestamp>3230.001903</timestamp>
			</report>
			<report>
				<misses>332800001</misses>
				<total>34</total>
				<timestamp>3230.973477</timestamp>
			</report>
			<report>
				<misses>332900001</misses>
				<total>34</total>
				<timestamp>3231.945278</timestamp>
			</report>
			<report>
				<misses>333000001</misses>
				<total>34</total>
				<timestamp>3232.916064</timestamp>
			</report>
			<report>
				<misses>333100001</misses>
				<total>34</total>
				<timestamp>3233.887152</timestamp>
			</report>
			<report>
				<misses>333200001</misses>
				<total>34</total>
				<timestamp>3234.857626</timestamp>
			</report>
			<report>
				<misses>333300001</misses>
				<total>34</total>
				<timestamp>3235.828738</timestamp>
			</report>
			<report>
				<misses>333400001</misses>
				<total>34</total>
				<timestamp>3236.799956</timestamp>
			</report>
			<report>
				<misses>333500001</misses>
				<total>34</total>
				<timestamp>3237.771023</timestamp>
			</report>
			<report>
				<misses>333600001</misses>
				<total>34</total>
				<timestamp>3238.741994</timestamp>
			</report>
			<report>
				<misses>333700001</misses>
				<total>34</total>
				<timestamp>3239.712737</timestamp>
			</report>
			<report>
				<misses>333800001</misses>
				<total>34</total>
				<timestamp>3240.684314</timestamp>
			</report>
			<report>
				<misses>333900001</misses>
				<total>34</total>
				<timestamp>3241.655539</timestamp>
			</report>
			<report>
				<misses>334000001</misses>
				<total>34</total>
				<timestamp>3242.626145</timestamp>
			</report>
			<report>
				<misses>334100001</misses>
				<total>34</total>
				<timestamp>3243.597834</timestamp>
			</report>
			<report>
				<misses>334200001</misses>
				<total>34</total>
				<timestamp>3244.568695</timestamp>
			</report>
			<report>
				<misses>334300001</misses>
				<total>34</total>
				<timestamp>3245.540036</timestamp>
			</report>
			<report>
				<misses>334400001</misses>
				<total>34</total>
				<timestamp>3246.511759</timestamp>
			</report>
			<report>
				<misses>334500001</misses>
				<total>34</total>
				<timestamp>3247.483486</timestamp>
			</report>
			<report>
				<misses>334600001</misses>
				<total>34</total>
				<timestamp>3248.454316</timestamp>
			</report>
			<report>
				<misses>334700001</misses>
				<total>34</total>
				<timestamp>3249.425770</timestamp>
			</report>
			<report>
				<misses>334800001</misses>
				<total>34</total>
				<timestamp>3250.396840</timestamp>
			</report>
			<report>
				<misses>334900001</misses>
				<total>34</total>
				<timestamp>3251.367927</timestamp>
			</report>
			<report>
				<misses>335000001</misses>
				<total>34</total>
				<timestamp>3252.338779</timestamp>
			</report>
			<report>
				<misses>335100001</misses>
				<total>34</total>
				<timestamp>3253.310353</timestamp>
			</report>
			<report>
				<misses>335200001</misses>
				<total>34</total>
				<timestamp>3254.281578</timestamp>
			</report>
			<report>
				<misses>335300001</misses>
				<total>34</total>
				<timestamp>3255.252690</timestamp>
			</report>
			<report>
				<misses>335400001</misses>
				<total>34</total>
				<timestamp>3256.224023</timestamp>
			</report>
			<report>
				<misses>335500001</misses>
				<total>34</total>
				<timestamp>3257.195268</timestamp>
			</report>
			<report>
				<misses>335600001</misses>
				<total>34</total>
				<timestamp>3258.166585</timestamp>
			</report>
			<report>
				<misses>335700001</misses>
				<total>34</total>
				<timestamp>3259.137949</timestamp>
			</report>
			<report>
				<misses>335800001</misses>
				<total>34</total>
				<timestamp>3260.109275</timestamp>
			</report>
			<report>
				<misses>335900001</misses>
				<total>34</total>
				<timestamp>3261.080534</timestamp>
			</report>
			<report>
				<misses>336000001</misses>
				<total>34</total>
				<timestamp>3262.051688</timestamp>
			</report>
			<report>
				<misses>336100001</misses>
				<total>34</total>
				<timestamp>3263.023313</timestamp>
			</report>
			<report>
				<misses>336200001</misses>
				<total>34</total>
				<timestamp>3263.993997</timestamp>
			</report>
			<report>
				<misses>336300001</misses>
				<total>34</total>
				<timestamp>3264.965034</timestamp>
			</report>
			<report>
				<misses>336400001</misses>
				<total>34</total>
				<timestamp>3265.936141</timestamp>
			</report>
			<report>
				<misses>336500001</misses>
				<total>34</total>
				<timestamp>3266.907358</timestamp>
			</report>
			<report>
				<misses>336600001</misses>
				<total>34</total>
				<timestamp>3267.878219</timestamp>
			</report>
			<report>
				<misses>336700001</misses>
				<total>34</total>
				<timestamp>3268.849933</timestamp>
			</report>
			<report>
				<misses>336800001</misses>
				<total>34</total>
				<timestamp>3269.820638</timestamp>
			</report>
			<report>
				<misses>336900001</misses>
				<total>34</total>
				<timestamp>3270.791477</timestamp>
			</report>
			<report>
				<misses>337000001</misses>
				<total>34</total>
				<timestamp>3271.762319</timestamp>
			</report>
			<report>
				<misses>337100001</misses>
				<total>34</total>
				<timestamp>3272.733926</timestamp>
			</report>
			<report>
				<misses>337200001</misses>
				<total>34</total>
				<timestamp>3273.705907</timestamp>
			</report>
			<report>
				<misses>337300001</misses>
				<total>34</total>
				<timestamp>3274.677373</timestamp>
			</report>
			<report>
				<misses>337400001</misses>
				<total>34</total>
				<timestamp>3275.648410</timestamp>
			</report>
			<report>
				<misses>337500001</misses>
				<total>34</total>
				<timestamp>3276.619393</timestamp>
			</report>
			<report>
				<misses>337600001</misses>
				<total>34</total>
				<timestamp>3277.589970</timestamp>
			</report>
			<report>
				<misses>337700001</misses>
				<total>34</total>
				<timestamp>3278.561816</timestamp>
			</report>
			<report>
				<misses>337800001</misses>
				<total>34</total>
				<timestamp>3279.533416</timestamp>
			</report>
			<report>
				<misses>337900001</misses>
				<total>34</total>
				<timestamp>3280.503759</timestamp>
			</report>
			<report>
				<misses>338000001</misses>
				<total>34</total>
				<timestamp>3281.475230</timestamp>
			</report>
			<report>
				<misses>338100001</misses>
				<total>34</total>
				<timestamp>3282.446320</timestamp>
			</report>
			<report>
				<misses>338200001</misses>
				<total>34</total>
				<timestamp>3283.417555</timestamp>
			</report>
			<report>
				<misses>338300001</misses>
				<total>34</total>
				<timestamp>3284.388411</timestamp>
			</report>
			<report>
				<misses>338400001</misses>
				<total>34</total>
				<timestamp>3285.359984</timestamp>
			</report>
			<report>
				<misses>338500001</misses>
				<total>34</total>
				<timestamp>3286.331323</timestamp>
			</report>
			<report>
				<misses>338600001</misses>
				<total>34</total>
				<timestamp>3287.302171</timestamp>
			</report>
			<report>
				<misses>338700001</misses>
				<total>34</total>
				<timestamp>3288.273148</timestamp>
			</report>
			<report>
				<misses>338800001</misses>
				<total>34</total>
				<timestamp>3289.244229</timestamp>
			</report>
			<report>
				<misses>338900001</misses>
				<total>34</total>
				<timestamp>3290.215440</timestamp>
			</report>
			<report>
				<misses>339000001</misses>
				<total>34</total>
				<timestamp>3291.186676</timestamp>
			</report>
			<report>
				<misses>339100001</misses>
				<total>34</total>
				<timestamp>3292.158133</timestamp>
			</report>
			<report>
				<misses>339200001</misses>
				<total>34</total>
				<timestamp>3293.130869</timestamp>
			</report>
			<report>
				<misses>339300001</misses>
				<total>34</total>
				<timestamp>3294.101842</timestamp>
			</report>
			<report>
				<misses>339400001</misses>
				<total>34</total>
				<timestamp>3295.072804</timestamp>
			</report>
			<report>
				<misses>339500001</misses>
				<total>34</total>
				<timestamp>3296.044061</timestamp>
			</report>
			<report>
				<misses>339600001</misses>
				<total>34</total>
				<timestamp>3297.014662</timestamp>
			</report>
			<report>
				<misses>339700001</misses>
				<total>34</total>
				<timestamp>3297.985474</timestamp>
			</report>
			<report>
				<misses>339800001</misses>
				<total>34</total>
				<timestamp>3298.956557</timestamp>
			</report>
			<report>
				<misses>339900001</misses>
				<total>34</total>
				<timestamp>3299.927404</timestamp>
			</report>
			<report>
				<misses>340000001</misses>
				<total>34</total>
				<timestamp>3300.898762</timestamp>
			</report>
			<report>
				<misses>340100001</misses>
				<total>34</total>
				<timestamp>3301.869467</timestamp>
			</report>
			<report>
				<misses>340200001</misses>
				<total>34</total>
				<timestamp>3302.840550</timestamp>
			</report>
			<report>
				<misses>340300001</misses>
				<total>34</total>
				<timestamp>3303.811268</timestamp>
			</report>
			<report>
				<misses>340400001</misses>
				<total>34</total>
				<timestamp>3304.782772</timestamp>
			</report>
			<report>
				<misses>340500001</misses>
				<total>34</total>
				<timestamp>3305.754099</timestamp>
			</report>
			<report>
				<misses>340600001</misses>
				<total>34</total>
				<timestamp>3306.725383</timestamp>
			</report>
			<report>
				<misses>340700001</misses>
				<total>34</total>
				<timestamp>3307.696517</timestamp>
			</report>
			<report>
				<misses>340800001</misses>
				<total>34</total>
				<timestamp>3308.667491</timestamp>
			</report>
			<report>
				<misses>340900001</misses>
				<total>34</total>
				<timestamp>3309.638586</timestamp>
			</report>
			<report>
				<misses>341000001</misses>
				<total>34</total>
				<timestamp>3310.609602</timestamp>
			</report>
			<report>
				<misses>341100001</misses>
				<total>34</total>
				<timestamp>3311.581160</timestamp>
			</report>
			<report>
				<misses>341200001</misses>
				<total>34</total>
				<timestamp>3312.552366</timestamp>
			</report>
			<report>
				<misses>341300001</misses>
				<total>34</total>
				<timestamp>3313.523479</timestamp>
			</report>
			<report>
				<misses>341400001</misses>
				<total>34</total>
				<timestamp>3314.494059</timestamp>
			</report>
			<report>
				<misses>341500001</misses>
				<total>34</total>
				<timestamp>3315.465151</timestamp>
			</report>
			<report>
				<misses>341600001</misses>
				<total>34</total>
				<timestamp>3316.436125</timestamp>
			</report>
			<report>
				<misses>341700001</misses>
				<total>34</total>
				<timestamp>3317.406837</timestamp>
			</report>
			<report>
				<misses>341800001</misses>
				<total>34</total>
				<timestamp>3318.377410</timestamp>
			</report>
			<report>
				<misses>341900001</misses>
				<total>34</total>
				<timestamp>3319.348674</timestamp>
			</report>
			<report>
				<misses>342000001</misses>
				<total>34</total>
				<timestamp>3320.319608</timestamp>
			</report>
			<report>
				<misses>342100001</misses>
				<total>34</total>
				<timestamp>3321.290192</timestamp>
			</report>
			<report>
				<misses>342200001</misses>
				<total>34</total>
				<timestamp>3322.261941</timestamp>
			</report>
			<report>
				<misses>342300001</misses>
				<total>34</total>
				<timestamp>3323.233390</timestamp>
			</report>
			<report>
				<misses>342400001</misses>
				<total>34</total>
				<timestamp>3324.204988</timestamp>
			</report>
			<report>
				<misses>342500001</misses>
				<total>34</total>
				<timestamp>3325.175732</timestamp>
			</report>
			<report>
				<misses>342600001</misses>
				<total>34</total>
				<timestamp>3326.147198</timestamp>
			</report>
			<report>
				<misses>342700001</misses>
				<total>34</total>
				<timestamp>3327.118429</timestamp>
			</report>
			<report>
				<misses>342800001</misses>
				<total>34</total>
				<timestamp>3328.088741</timestamp>
			</report>
			<report>
				<misses>342900001</misses>
				<total>34</total>
				<timestamp>3329.059585</timestamp>
			</report>
			<report>
				<misses>343000001</misses>
				<total>34</total>
				<timestamp>3330.031172</timestamp>
			</report>
			<report>
				<misses>343100001</misses>
				<total>34</total>
				<timestamp>3331.002536</timestamp>
			</report>
			<report>
				<misses>343200001</misses>
				<total>34</total>
				<timestamp>3331.973501</timestamp>
			</report>
			<report>
				<misses>343300001</misses>
				<total>34</total>
				<timestamp>3332.944966</timestamp>
			</report>
			<report>
				<misses>343400001</misses>
				<total>34</total>
				<timestamp>3333.915922</timestamp>
			</report>
			<report>
				<misses>343500001</misses>
				<total>34</total>
				<timestamp>3334.886920</timestamp>
			</report>
			<report>
				<misses>343600001</misses>
				<total>34</total>
				<timestamp>3335.857853</timestamp>
			</report>
			<report>
				<misses>343700001</misses>
				<total>34</total>
				<timestamp>3336.828703</timestamp>
			</report>
			<report>
				<misses>343800001</misses>
				<total>34</total>
				<timestamp>3337.799429</timestamp>
			</report>
			<report>
				<misses>343900001</misses>
				<total>34</total>
				<timestamp>3338.770385</timestamp>
			</report>
			<report>
				<misses>344000001</misses>
				<total>34</total>
				<timestamp>3339.740859</timestamp>
			</report>
			<report>
				<misses>344100001</misses>
				<total>34</total>
				<timestamp>3340.712090</timestamp>
			</report>
			<report>
				<misses>344200001</misses>
				<total>34</total>
				<timestamp>3341.683782</timestamp>
			</report>
			<report>
				<misses>344300001</misses>
				<total>34</total>
				<timestamp>3342.655140</timestamp>
			</report>
			<report>
				<misses>344400001</misses>
				<total>34</total>
				<timestamp>3343.627004</timestamp>
			</report>
			<report>
				<misses>344500001</misses>
				<total>34</total>
				<timestamp>3344.597834</timestamp>
			</report>
			<report>
				<misses>344600001</misses>
				<total>34</total>
				<timestamp>3345.569619</timestamp>
			</report>
			<report>
				<misses>344700001</misses>
				<total>34</total>
				<timestamp>3346.540638</timestamp>
			</report>
			<report>
				<misses>344800001</misses>
				<total>34</total>
				<timestamp>3347.512094</timestamp>
			</report>
			<report>
				<misses>344900001</misses>
				<total>34</total>
				<timestamp>3348.483224</timestamp>
			</report>
			<report>
				<misses>345000001</misses>
				<total>34</total>
				<timestamp>3349.454688</timestamp>
			</report>
			<report>
				<misses>345100001</misses>
				<total>34</total>
				<timestamp>3350.426407</timestamp>
			</report>
			<report>
				<misses>345200001</misses>
				<total>34</total>
				<timestamp>3351.397771</timestamp>
			</report>
			<report>
				<misses>345300001</misses>
				<total>34</total>
				<timestamp>3352.369116</timestamp>
			</report>
			<report>
				<misses>345400001</misses>
				<total>34</total>
				<timestamp>3353.340066</timestamp>
			</report>
			<report>
				<misses>345500001</misses>
				<total>34</total>
				<timestamp>3354.311551</timestamp>
			</report>
			<report>
				<misses>345600001</misses>
				<total>34</total>
				<timestamp>3355.282503</timestamp>
			</report>
			<report>
				<misses>345700001</misses>
				<total>34</total>
				<timestamp>3356.253956</timestamp>
			</report>
			<report>
				<misses>345800001</misses>
				<total>34</total>
				<timestamp>3357.224702</timestamp>
			</report>
			<report>
				<misses>345900001</misses>
				<total>34</total>
				<timestamp>3358.196294</timestamp>
			</report>
			<report>
				<misses>346000001</misses>
				<total>34</total>
				<timestamp>3359.168387</timestamp>
			</report>
			<report>
				<misses>346100001</misses>
				<total>34</total>
				<timestamp>3360.139614</timestamp>
			</report>
			<report>
				<misses>346200001</misses>
				<total>34</total>
				<timestamp>3361.110945</timestamp>
			</report>
			<report>
				<misses>346300001</misses>
				<total>34</total>
				<timestamp>3362.081918</timestamp>
			</report>
			<report>
				<misses>346400001</misses>
				<total>34</total>
				<timestamp>3363.053649</timestamp>
			</report>
			<report>
				<misses>346500001</misses>
				<total>34</total>
				<timestamp>3364.024625</timestamp>
			</report>
			<report>
				<misses>346600001</misses>
				<total>34</total>
				<timestamp>3364.996094</timestamp>
			</report>
			<report>
				<misses>346700001</misses>
				<total>34</total>
				<timestamp>3365.966933</timestamp>
			</report>
			<report>
				<misses>346800001</misses>
				<total>34</total>
				<timestamp>3366.937882</timestamp>
			</report>
			<report>
				<misses>346900001</misses>
				<total>34</total>
				<timestamp>3367.909112</timestamp>
			</report>
			<report>
				<misses>347000001</misses>
				<total>34</total>
				<timestamp>3368.880587</timestamp>
			</report>
			<report>
				<misses>347100001</misses>
				<total>34</total>
				<timestamp>3369.852443</timestamp>
			</report>
			<report>
				<misses>347200001</misses>
				<total>34</total>
				<timestamp>3370.823680</timestamp>
			</report>
			<report>
				<misses>347300001</misses>
				<total>34</total>
				<timestamp>3371.795275</timestamp>
			</report>
			<report>
				<misses>347400001</misses>
				<total>34</total>
				<timestamp>3372.766741</timestamp>
			</report>
			<report>
				<misses>347500001</misses>
				<total>34</total>
				<timestamp>3373.738335</timestamp>
			</report>
			<report>
				<misses>347600001</misses>
				<total>34</total>
				<timestamp>3374.709436</timestamp>
			</report>
			<report>
				<misses>347700001</misses>
				<total>34</total>
				<timestamp>3375.680173</timestamp>
			</report>
			<report>
				<misses>347800001</misses>
				<total>34</total>
				<timestamp>3376.651612</timestamp>
			</report>
			<report>
				<misses>347900001</misses>
				<total>34</total>
				<timestamp>3377.622461</timestamp>
			</report>
			<report>
				<misses>348000001</misses>
				<total>34</total>
				<timestamp>3378.593148</timestamp>
			</report>
			<report>
				<misses>348100001</misses>
				<total>34</total>
				<timestamp>3379.564410</timestamp>
			</report>
			<report>
				<misses>348200001</misses>
				<total>34</total>
				<timestamp>3380.535239</timestamp>
			</report>
			<report>
				<misses>348300001</misses>
				<total>34</total>
				<timestamp>3381.506704</timestamp>
			</report>
			<report>
				<misses>348400001</misses>
				<total>34</total>
				<timestamp>3382.477536</timestamp>
			</report>
			<report>
				<misses>348500001</misses>
				<total>34</total>
				<timestamp>3383.449123</timestamp>
			</report>
			<report>
				<misses>348600001</misses>
				<total>34</total>
				<timestamp>3384.419978</timestamp>
			</report>
			<report>
				<misses>348700001</misses>
				<total>34</total>
				<timestamp>3385.391062</timestamp>
			</report>
			<report>
				<misses>348800001</misses>
				<total>34</total>
				<timestamp>3386.362420</timestamp>
			</report>
			<report>
				<misses>348900001</misses>
				<total>34</total>
				<timestamp>3387.333511</timestamp>
			</report>
			<report>
				<misses>349000001</misses>
				<total>34</total>
				<timestamp>3388.304735</timestamp>
			</report>
			<report>
				<misses>349100001</misses>
				<total>34</total>
				<timestamp>3389.275575</timestamp>
			</report>
			<report>
				<misses>349200001</misses>
				<total>34</total>
				<timestamp>3390.246308</timestamp>
			</report>
			<report>
				<misses>349300001</misses>
				<total>34</total>
				<timestamp>3391.217772</timestamp>
			</report>
			<report>
				<misses>349400001</misses>
				<total>34</total>
				<timestamp>3392.189998</timestamp>
			</report>
			<report>
				<misses>349500001</misses>
				<total>34</total>
				<timestamp>3393.160989</timestamp>
			</report>
			<report>
				<misses>349600001</misses>
				<total>34</total>
				<timestamp>3394.131921</timestamp>
			</report>
			<report>
				<misses>349700001</misses>
				<total>34</total>
				<timestamp>3395.103167</timestamp>
			</report>
			<report>
				<misses>349800001</misses>
				<total>34</total>
				<timestamp>3396.074130</timestamp>
			</report>
			<report>
				<misses>349900001</misses>
				<total>34</total>
				<timestamp>3397.045359</timestamp>
			</report>
			<report>
				<misses>350000001</misses>
				<total>34</total>
				<timestamp>3398.016553</timestamp>
			</report>
			<report>
				<misses>350100001</misses>
				<total>34</total>
				<timestamp>3398.987928</timestamp>
			</report>
			<report>
				<misses>350200001</misses>
				<total>34</total>
				<timestamp>3399.958739</timestamp>
			</report>
			<report>
				<misses>350300001</misses>
				<total>34</total>
				<timestamp>3400.930088</timestamp>
			</report>
			<report>
				<misses>350400001</misses>
				<total>34</total>
				<timestamp>3401.900808</timestamp>
			</report>
			<report>
				<misses>350500001</misses>
				<total>34</total>
				<timestamp>3402.871902</timestamp>
			</report>
			<report>
				<misses>350600001</misses>
				<total>34</total>
				<timestamp>3403.843244</timestamp>
			</report>
			<report>
				<misses>350700001</misses>
				<total>34</total>
				<timestamp>3404.814425</timestamp>
			</report>
			<report>
				<misses>350800001</misses>
				<total>34</total>
				<timestamp>3405.786376</timestamp>
			</report>
			<report>
				<misses>350900001</misses>
				<total>34</total>
				<timestamp>3406.757090</timestamp>
			</report>
			<report>
				<misses>351000001</misses>
				<total>34</total>
				<timestamp>3407.727921</timestamp>
			</report>
			<report>
				<misses>351100001</misses>
				<total>34</total>
				<timestamp>3408.699269</timestamp>
			</report>
			<report>
				<misses>351200001</misses>
				<total>34</total>
				<timestamp>3409.670251</timestamp>
			</report>
			<report>
				<misses>351300001</misses>
				<total>34</total>
				<timestamp>3410.641596</timestamp>
			</report>
			<report>
				<misses>351400001</misses>
				<total>34</total>
				<timestamp>3411.613059</timestamp>
			</report>
			<report>
				<misses>351500001</misses>
				<total>34</total>
				<timestamp>3412.584184</timestamp>
			</report>
			<report>
				<misses>351600001</misses>
				<total>34</total>
				<timestamp>3413.554671</timestamp>
			</report>
			<report>
				<misses>351700001</misses>
				<total>34</total>
				<timestamp>3414.525443</timestamp>
			</report>
			<report>
				<misses>351800001</misses>
				<total>34</total>
				<timestamp>3415.496525</timestamp>
			</report>
			<report>
				<misses>351900001</misses>
				<total>34</total>
				<timestamp>3416.467872</timestamp>
			</report>
			<report>
				<misses>352000001</misses>
				<total>34</total>
				<timestamp>3417.438968</timestamp>
			</report>
			<report>
				<misses>352100001</misses>
				<total>34</total>
				<timestamp>3418.409833</timestamp>
			</report>
			<report>
				<misses>352200001</misses>
				<total>34</total>
				<timestamp>3419.380521</timestamp>
			</report>
			<report>
				<misses>352300001</misses>
				<total>34</total>
				<timestamp>3420.351233</timestamp>
			</report>
			<report>
				<misses>352400001</misses>
				<total>34</total>
				<timestamp>3421.323092</timestamp>
			</report>
			<report>
				<misses>352500001</misses>
				<total>34</total>
				<timestamp>3422.294181</timestamp>
			</report>
			<report>
				<misses>352600001</misses>
				<total>34</total>
				<timestamp>3423.265796</timestamp>
			</report>
			<report>
				<misses>352700001</misses>
				<total>34</total>
				<timestamp>3424.237236</timestamp>
			</report>
			<report>
				<misses>352800001</misses>
				<total>34</total>
				<timestamp>3425.208168</timestamp>
			</report>
			<report>
				<misses>352900001</misses>
				<total>34</total>
				<timestamp>3426.178568</timestamp>
			</report>
			<report>
				<misses>353000001</misses>
				<total>34</total>
				<timestamp>3427.149396</timestamp>
			</report>
			<report>
				<misses>353100001</misses>
				<total>34</total>
				<timestamp>3428.120356</timestamp>
			</report>
			<report>
				<misses>353200001</misses>
				<total>34</total>
				<timestamp>3429.091072</timestamp>
			</report>
			<report>
				<misses>353300001</misses>
				<total>34</total>
				<timestamp>3430.061805</timestamp>
			</report>
			<report>
				<misses>353400001</misses>
				<total>34</total>
				<timestamp>3431.032750</timestamp>
			</report>
			<report>
				<misses>353500001</misses>
				<total>34</total>
				<timestamp>3432.004178</timestamp>
			</report>
			<report>
				<misses>353600001</misses>
				<total>34</total>
				<timestamp>3432.975372</timestamp>
			</report>
			<report>
				<misses>353700001</misses>
				<total>34</total>
				<timestamp>3433.946541</timestamp>
			</report>
			<report>
				<misses>353800001</misses>
				<total>34</total>
				<timestamp>3434.917444</timestamp>
			</report>
			<report>
				<misses>353900001</misses>
				<total>34</total>
				<timestamp>3435.888652</timestamp>
			</report>
			<report>
				<misses>354000001</misses>
				<total>34</total>
				<timestamp>3436.859513</timestamp>
			</report>
			<report>
				<misses>354100001</misses>
				<total>34</total>
				<timestamp>3437.830582</timestamp>
			</report>
			<report>
				<misses>354200001</misses>
				<total>34</total>
				<timestamp>3438.801791</timestamp>
			</report>
			<report>
				<misses>354300001</misses>
				<total>34</total>
				<timestamp>3439.772897</timestamp>
			</report>
			<report>
				<misses>354400001</misses>
				<total>34</total>
				<timestamp>3440.744231</timestamp>
			</report>
			<report>
				<misses>354500001</misses>
				<total>34</total>
				<timestamp>3441.715652</timestamp>
			</report>
			<report>
				<misses>354600001</misses>
				<total>34</total>
				<timestamp>3442.687015</timestamp>
			</report>
			<report>
				<misses>354700001</misses>
				<total>34</total>
				<timestamp>3443.658734</timestamp>
			</report>
			<report>
				<misses>354800001</misses>
				<total>34</total>
				<timestamp>3444.629327</timestamp>
			</report>
			<report>
				<misses>354900001</misses>
				<total>34</total>
				<timestamp>3445.600383</timestamp>
			</report>
			<report>
				<misses>355000001</misses>
				<total>34</total>
				<timestamp>3446.571652</timestamp>
			</report>
			<report>
				<misses>355100001</misses>
				<total>34</total>
				<timestamp>3447.542455</timestamp>
			</report>
			<report>
				<misses>355200001</misses>
				<total>34</total>
				<timestamp>3448.513422</timestamp>
			</report>
			<report>
				<misses>355300001</misses>
				<total>34</total>
				<timestamp>3449.484256</timestamp>
			</report>
			<report>
				<misses>355400001</misses>
				<total>34</total>
				<timestamp>3450.456002</timestamp>
			</report>
			<report>
				<misses>355500001</misses>
				<total>34</total>
				<timestamp>3451.427636</timestamp>
			</report>
			<report>
				<misses>355600001</misses>
				<total>34</total>
				<timestamp>3452.398585</timestamp>
			</report>
			<report>
				<misses>355700001</misses>
				<total>34</total>
				<timestamp>3453.369901</timestamp>
			</report>
			<report>
				<misses>355800001</misses>
				<total>34</total>
				<timestamp>3454.341457</timestamp>
			</report>
			<report>
				<misses>355900001</misses>
				<total>34</total>
				<timestamp>3455.312272</timestamp>
			</report>
			<report>
				<misses>356000001</misses>
				<total>34</total>
				<timestamp>3456.284128</timestamp>
			</report>
			<report>
				<misses>356100001</misses>
				<total>34</total>
				<timestamp>3457.255588</timestamp>
			</report>
			<report>
				<misses>356200001</misses>
				<total>34</total>
				<timestamp>3458.225900</timestamp>
			</report>
			<report>
				<misses>356300001</misses>
				<total>34</total>
				<timestamp>3459.197113</timestamp>
			</report>
			<report>
				<misses>356400001</misses>
				<total>34</total>
				<timestamp>3460.167699</timestamp>
			</report>
			<report>
				<misses>356500001</misses>
				<total>34</total>
				<timestamp>3461.138545</timestamp>
			</report>
			<report>
				<misses>356600001</misses>
				<total>34</total>
				<timestamp>3462.109627</timestamp>
			</report>
			<report>
				<misses>356700001</misses>
				<total>34</total>
				<timestamp>3463.080745</timestamp>
			</report>
			<report>
				<misses>356800001</misses>
				<total>34</total>
				<timestamp>3464.051809</timestamp>
			</report>
			<report>
				<misses>356900001</misses>
				<total>34</total>
				<timestamp>3465.022790</timestamp>
			</report>
			<report>
				<misses>357000001</misses>
				<total>34</total>
				<timestamp>3465.993402</timestamp>
			</report>
			<report>
				<misses>357100001</misses>
				<total>34</total>
				<timestamp>3466.964635</timestamp>
			</report>
			<report>
				<misses>357200001</misses>
				<total>34</total>
				<timestamp>3467.935577</timestamp>
			</report>
			<report>
				<misses>357300001</misses>
				<total>34</total>
				<timestamp>3468.906898</timestamp>
			</report>
			<report>
				<misses>357400001</misses>
				<total>34</total>
				<timestamp>3469.878408</timestamp>
			</report>
			<report>
				<misses>357500001</misses>
				<total>34</total>
				<timestamp>3470.849728</timestamp>
			</report>
			<report>
				<misses>357600001</misses>
				<total>34</total>
				<timestamp>3471.820445</timestamp>
			</report>
			<report>
				<misses>357700001</misses>
				<total>34</total>
				<timestamp>3472.791287</timestamp>
			</report>
			<report>
				<misses>357800001</misses>
				<total>34</total>
				<timestamp>3473.762250</timestamp>
			</report>
			<report>
				<misses>357900001</misses>
				<total>34</total>
				<timestamp>3474.733222</timestamp>
			</report>
			<report>
				<misses>358000001</misses>
				<total>34</total>
				<timestamp>3475.704183</timestamp>
			</report>
			<report>
				<misses>358100001</misses>
				<total>34</total>
				<timestamp>3476.674648</timestamp>
			</report>
			<report>
				<misses>358200001</misses>
				<total>34</total>
				<timestamp>3477.645486</timestamp>
			</report>
			<report>
				<misses>358300001</misses>
				<total>34</total>
				<timestamp>3478.617620</timestamp>
			</report>
			<report>
				<misses>358400001</misses>
				<total>34</total>
				<timestamp>3479.588448</timestamp>
			</report>
			<report>
				<misses>358500001</misses>
				<total>34</total>
				<timestamp>3480.559658</timestamp>
			</report>
			<report>
				<misses>358600001</misses>
				<total>34</total>
				<timestamp>3481.530752</timestamp>
			</report>
			<report>
				<misses>358700001</misses>
				<total>34</total>
				<timestamp>3482.501615</timestamp>
			</report>
			<report>
				<misses>358800001</misses>
				<total>34</total>
				<timestamp>3483.473571</timestamp>
			</report>
			<report>
				<misses>358900001</misses>
				<total>34</total>
				<timestamp>3484.444687</timestamp>
			</report>
			<report>
				<misses>359000001</misses>
				<total>34</total>
				<timestamp>3485.415380</timestamp>
			</report>
			<report>
				<misses>359100001</misses>
				<total>34</total>
				<timestamp>3486.386357</timestamp>
			</report>
			<report>
				<misses>359200001</misses>
				<total>34</total>
				<timestamp>3487.357705</timestamp>
			</report>
			<report>
				<misses>359300001</misses>
				<total>34</total>
				<timestamp>3488.328160</timestamp>
			</report>
			<report>
				<misses>359400001</misses>
				<total>34</total>
				<timestamp>3489.298733</timestamp>
			</report>
			<report>
				<misses>359500001</misses>
				<total>34</total>
				<timestamp>3490.270080</timestamp>
			</report>
			<report>
				<misses>359600001</misses>
				<total>34</total>
				<timestamp>3491.241082</timestamp>
			</report>
			<report>
				<misses>359700001</misses>
				<total>34</total>
				<timestamp>3492.212139</timestamp>
			</report>
			<report>
				<misses>359800001</misses>
				<total>34</total>
				<timestamp>3493.183238</timestamp>
			</report>
			<report>
				<misses>359900001</misses>
				<total>34</total>
				<timestamp>3494.154849</timestamp>
			</report>
			<report>
				<misses>360000001</misses>
				<total>34</total>
				<timestamp>3495.125804</timestamp>
			</report>
			<report>
				<misses>360100001</misses>
				<total>34</total>
				<timestamp>3496.097040</timestamp>
			</report>
			<report>
				<misses>360200001</misses>
				<total>34</total>
				<timestamp>3497.067860</timestamp>
			</report>
			<report>
				<misses>360300001</misses>
				<total>34</total>
				<timestamp>3498.039451</timestamp>
			</report>
			<report>
				<misses>360400001</misses>
				<total>34</total>
				<timestamp>3499.010402</timestamp>
			</report>
			<report>
				<misses>360500001</misses>
				<total>34</total>
				<timestamp>3499.981272</timestamp>
			</report>
			<report>
				<misses>360600001</misses>
				<total>34</total>
				<timestamp>3500.952866</timestamp>
			</report>
			<report>
				<misses>360700001</misses>
				<total>34</total>
				<timestamp>3501.923363</timestamp>
			</report>
			<report>
				<misses>360800001</misses>
				<total>34</total>
				<timestamp>3502.894444</timestamp>
			</report>
			<report>
				<misses>360900001</misses>
				<total>34</total>
				<timestamp>3503.864901</timestamp>
			</report>
			<report>
				<misses>361000001</misses>
				<total>34</total>
				<timestamp>3504.836247</timestamp>
			</report>
			<report>
				<misses>361100001</misses>
				<total>34</total>
				<timestamp>3505.807705</timestamp>
			</report>
			<report>
				<misses>361200001</misses>
				<total>34</total>
				<timestamp>3506.779220</timestamp>
			</report>
			<report>
				<misses>361300001</misses>
				<total>34</total>
				<timestamp>3507.750809</timestamp>
			</report>
			<report>
				<misses>361400001</misses>
				<total>34</total>
				<timestamp>3508.722179</timestamp>
			</report>
			<report>
				<misses>361500001</misses>
				<total>34</total>
				<timestamp>3509.692990</timestamp>
			</report>
			<report>
				<misses>361600001</misses>
				<total>34</total>
				<timestamp>3510.663682</timestamp>
			</report>
			<report>
				<misses>361700001</misses>
				<total>34</total>
				<timestamp>3511.634774</timestamp>
			</report>
			<report>
				<misses>361800001</misses>
				<total>34</total>
				<timestamp>3512.606390</timestamp>
			</report>
			<report>
				<misses>361900001</misses>
				<total>34</total>
				<timestamp>3513.577599</timestamp>
			</report>
			<report>
				<misses>362000001</misses>
				<total>34</total>
				<timestamp>3514.548826</timestamp>
			</report>
			<report>
				<misses>362100001</misses>
				<total>34</total>
				<timestamp>3515.519769</timestamp>
			</report>
			<report>
				<misses>362200001</misses>
				<total>34</total>
				<timestamp>3516.491004</timestamp>
			</report>
			<report>
				<misses>362300001</misses>
				<total>34</total>
				<timestamp>3517.461747</timestamp>
			</report>
			<report>
				<misses>362400001</misses>
				<total>34</total>
				<timestamp>3518.432550</timestamp>
			</report>
			<report>
				<misses>362500001</misses>
				<total>34</total>
				<timestamp>3519.403653</timestamp>
			</report>
			<report>
				<misses>362600001</misses>
				<total>34</total>
				<timestamp>3520.374872</timestamp>
			</report>
			<report>
				<misses>362700001</misses>
				<total>34</total>
				<timestamp>3521.346236</timestamp>
			</report>
			<report>
				<misses>362800001</misses>
				<total>34</total>
				<timestamp>3522.317319</timestamp>
			</report>
			<report>
				<misses>362900001</misses>
				<total>34</total>
				<timestamp>3523.288531</timestamp>
			</report>
			<report>
				<misses>363000001</misses>
				<total>34</total>
				<timestamp>3524.259381</timestamp>
			</report>
			<report>
				<misses>363100001</misses>
				<total>34</total>
				<timestamp>3525.230594</timestamp>
			</report>
			<report>
				<misses>363200001</misses>
				<total>34</total>
				<timestamp>3526.201953</timestamp>
			</report>
			<report>
				<misses>363300001</misses>
				<total>34</total>
				<timestamp>3527.173032</timestamp>
			</report>
			<report>
				<misses>363400001</misses>
				<total>34</total>
				<timestamp>3528.143860</timestamp>
			</report>
			<report>
				<misses>363500001</misses>
				<total>34</total>
				<timestamp>3529.114964</timestamp>
			</report>
			<report>
				<misses>363600001</misses>
				<total>34</total>
				<timestamp>3530.085798</timestamp>
			</report>
			<report>
				<misses>363700001</misses>
				<total>34</total>
				<timestamp>3531.057668</timestamp>
			</report>
			<report>
				<misses>363800001</misses>
				<total>34</total>
				<timestamp>3532.028647</timestamp>
			</report>
			<report>
				<misses>363900001</misses>
				<total>34</total>
				<timestamp>3532.999481</timestamp>
			</report>
			<report>
				<misses>364000001</misses>
				<total>34</total>
				<timestamp>3533.970559</timestamp>
			</report>
			<report>
				<misses>364100001</misses>
				<total>34</total>
				<timestamp>3534.941902</timestamp>
			</report>
			<report>
				<misses>364200001</misses>
				<total>34</total>
				<timestamp>3535.913573</timestamp>
			</report>
			<report>
				<misses>364300001</misses>
				<total>34</total>
				<timestamp>3536.884661</timestamp>
			</report>
			<report>
				<misses>364400001</misses>
				<total>34</total>
				<timestamp>3537.855574</timestamp>
			</report>
			<report>
				<misses>364500001</misses>
				<total>34</total>
				<timestamp>3538.827058</timestamp>
			</report>
			<report>
				<misses>364600001</misses>
				<total>34</total>
				<timestamp>3539.797922</timestamp>
			</report>
			<report>
				<misses>364700001</misses>
				<total>34</total>
				<timestamp>3540.769233</timestamp>
			</report>
			<report>
				<misses>364800001</misses>
				<total>34</total>
				<timestamp>3541.740405</timestamp>
			</report>
			<report>
				<misses>364900001</misses>
				<total>34</total>
				<timestamp>3542.712057</timestamp>
			</report>
			<report>
				<misses>365000001</misses>
				<total>34</total>
				<timestamp>3543.682786</timestamp>
			</report>
			<report>
				<misses>365100001</misses>
				<total>34</total>
				<timestamp>3544.654258</timestamp>
			</report>
			<report>
				<misses>365200001</misses>
				<total>34</total>
				<timestamp>3545.625638</timestamp>
			</report>
			<report>
				<misses>365300001</misses>
				<total>34</total>
				<timestamp>3546.596313</timestamp>
			</report>
			<report>
				<misses>365400001</misses>
				<total>34</total>
				<timestamp>3547.567037</timestamp>
			</report>
			<report>
				<misses>365500001</misses>
				<total>34</total>
				<timestamp>3548.538371</timestamp>
			</report>
			<report>
				<misses>365600001</misses>
				<total>34</total>
				<timestamp>3549.508977</timestamp>
			</report>
			<report>
				<misses>365700001</misses>
				<total>34</total>
				<timestamp>3550.479569</timestamp>
			</report>
			<report>
				<misses>365800001</misses>
				<total>34</total>
				<timestamp>3551.450660</timestamp>
			</report>
			<report>
				<misses>365900001</misses>
				<total>34</total>
				<timestamp>3552.421869</timestamp>
			</report>
			<report>
				<misses>366000001</misses>
				<total>34</total>
				<timestamp>3553.392585</timestamp>
			</report>
			<report>
				<misses>366100001</misses>
				<total>34</total>
				<timestamp>3554.363666</timestamp>
			</report>
			<report>
				<misses>366200001</misses>
				<total>34</total>
				<timestamp>3555.334854</timestamp>
			</report>
			<report>
				<misses>366300001</misses>
				<total>34</total>
				<timestamp>3556.305682</timestamp>
			</report>
			<report>
				<misses>366400001</misses>
				<total>34</total>
				<timestamp>3557.276621</timestamp>
			</report>
			<report>
				<misses>366500001</misses>
				<total>34</total>
				<timestamp>3558.248219</timestamp>
			</report>
			<report>
				<misses>366600001</misses>
				<total>34</total>
				<timestamp>3559.218945</timestamp>
			</report>
			<report>
				<misses>366700001</misses>
				<total>34</total>
				<timestamp>3560.189654</timestamp>
			</report>
			<report>
				<misses>366800001</misses>
				<total>34</total>
				<timestamp>3561.160230</timestamp>
			</report>
			<report>
				<misses>366900001</misses>
				<total>34</total>
				<timestamp>3562.132003</timestamp>
			</report>
			<report>
				<misses>367000001</misses>
				<total>34</total>
				<timestamp>3563.103084</timestamp>
			</report>
			<report>
				<misses>367100001</misses>
				<total>34</total>
				<timestamp>3564.074210</timestamp>
			</report>
			<report>
				<misses>367200001</misses>
				<total>34</total>
				<timestamp>3565.045255</timestamp>
			</report>
			<report>
				<misses>367300001</misses>
				<total>34</total>
				<timestamp>3566.015840</timestamp>
			</report>
			<report>
				<misses>367400001</misses>
				<total>34</total>
				<timestamp>3566.986416</timestamp>
			</report>
			<report>
				<misses>367500001</misses>
				<total>34</total>
				<timestamp>3567.957145</timestamp>
			</report>
			<report>
				<misses>367600001</misses>
				<total>34</total>
				<timestamp>3568.928218</timestamp>
			</report>
			<report>
				<misses>367700001</misses>
				<total>34</total>
				<timestamp>3569.899445</timestamp>
			</report>
			<report>
				<misses>367800001</misses>
				<total>34</total>
				<timestamp>3570.870801</timestamp>
			</report>
			<report>
				<misses>367900001</misses>
				<total>34</total>
				<timestamp>3571.842171</timestamp>
			</report>
			<report>
				<misses>368000001</misses>
				<total>34</total>
				<timestamp>3572.813501</timestamp>
			</report>
			<report>
				<misses>368100001</misses>
				<total>34</total>
				<timestamp>3573.784075</timestamp>
			</report>
			<report>
				<misses>368200001</misses>
				<total>34</total>
				<timestamp>3574.754801</timestamp>
			</report>
			<report>
				<misses>368300001</misses>
				<total>34</total>
				<timestamp>3575.725758</timestamp>
			</report>
			<report>
				<misses>368400001</misses>
				<total>34</total>
				<timestamp>3576.696848</timestamp>
			</report>
			<report>
				<misses>368500001</misses>
				<total>34</total>
				<timestamp>3577.667947</timestamp>
			</report>
			<report>
				<misses>368600001</misses>
				<total>34</total>
				<timestamp>3578.638905</timestamp>
			</report>
			<report>
				<misses>368700001</misses>
				<total>34</total>
				<timestamp>3579.610176</timestamp>
			</report>
			<report>
				<misses>368800001</misses>
				<total>34</total>
				<timestamp>3580.581091</timestamp>
			</report>
			<report>
				<misses>368900001</misses>
				<total>34</total>
				<timestamp>3581.552466</timestamp>
			</report>
			<report>
				<misses>369000001</misses>
				<total>34</total>
				<timestamp>3582.523544</timestamp>
			</report>
			<report>
				<misses>369100001</misses>
				<total>34</total>
				<timestamp>3583.494998</timestamp>
			</report>
			<report>
				<misses>369200001</misses>
				<total>34</total>
				<timestamp>3584.465991</timestamp>
			</report>
			<report>
				<misses>369300001</misses>
				<total>34</total>
				<timestamp>3585.437065</timestamp>
			</report>
			<report>
				<misses>369400001</misses>
				<total>34</total>
				<timestamp>3586.408398</timestamp>
			</report>
			<report>
				<misses>369500001</misses>
				<total>34</total>
				<timestamp>3587.379488</timestamp>
			</report>
			<report>
				<misses>369600001</misses>
				<total>34</total>
				<timestamp>3588.350606</timestamp>
			</report>
			<report>
				<misses>369700001</misses>
				<total>34</total>
				<timestamp>3589.321797</timestamp>
			</report>
			<report>
				<misses>369800001</misses>
				<total>34</total>
				<timestamp>3590.292520</timestamp>
			</report>
			<report>
				<misses>369900001</misses>
				<total>34</total>
				<timestamp>3591.263779</timestamp>
			</report>
			<report>
				<misses>370000001</misses>
				<total>34</total>
				<timestamp>3592.234453</timestamp>
			</report>
			<report>
				<misses>370100001</misses>
				<total>34</total>
				<timestamp>3593.206041</timestamp>
			</report>
			<report>
				<misses>370200001</misses>
				<total>34</total>
				<timestamp>3594.176765</timestamp>
			</report>
			<report>
				<misses>370300001</misses>
				<total>34</total>
				<timestamp>3595.147996</timestamp>
			</report>
			<report>
				<misses>370400001</misses>
				<total>34</total>
				<timestamp>3596.119706</timestamp>
			</report>
			<report>
				<misses>370500001</misses>
				<total>34</total>
				<timestamp>3597.090919</timestamp>
			</report>
			<report>
				<misses>370600001</misses>
				<total>34</total>
				<timestamp>3598.061884</timestamp>
			</report>
			<report>
				<misses>370700001</misses>
				<total>34</total>
				<timestamp>3599.032734</timestamp>
			</report>
		</query>
	</custom>
	<ethtool_statistic>
		<rx_packets>
			<start>1537299281</start>
			<end>1903213767</end>
		</rx_packets>
		<tx_packets>
			<start>1246118034</start>
			<end>1616918317</end>
		</tx_packets>
		<rx_dropped>
			<start>0</start>
			<end>0</end>
		</rx_dropped>
		<tx_dropped>
			<start>0</start>
			<end>0</end>
		</tx_dropped>
		<collisions>
			<start>0</start>
			<end>0</end>
		</collisions>
		<port_tx_errors>
			<start>0</start>
			<end>0</end>
		</port_tx_errors>
		<port_rx_dropped>
			<start>0</start>
			<end>0</end>
		</port_rx_dropped>
		<port_tx_dropped_link_down>
			<start>0</start>
			<end>0</end>
		</port_tx_dropped_link_down>
	</ethtool_statistic>
	<ip_statistic>
		<mtu>
			<start>9000</start>
			<end>9000</end>
		</mtu>
		<rx_bytes>
			<start>615116745015</start>
			<end>3887055223993</end>
		</rx_bytes>
		<rx_packets>
			<start>1537299462</start>
			<end>1903213767</end>
		</rx_packets>
		<rx_errors>
			<start>0</start>
			<end>0</end>
		</rx_errors>
		<rx_dropped>
			<start>0</start>
			<end>0</end>
		</rx_dropped>
		<rx_missed>
			<start>0</start>
			<end>0</end>
		</rx_missed>
		<rx_mcast>
			<start>104</start>
			<end>110</end>
		</rx_mcast>
		<tx_bytes>
			<start>741123427727</start>
			<end>4056752232931</end>
		</tx_bytes>
		<tx_packets>
			<start>1246118034</start>
			<end>1616918317</end>
		</tx_packets>
		<tx_errors>
			<start>0</start>
			<end>0</end>
		</tx_errors>
		<tx_dropped>
			<start>0</start>
			<end>0</end>
		</tx_dropped>
		<tx_carrier>
			<start>0</start>
			<end>0</end>
		</tx_carrier>
		<tx_collisions>
			<start>0</start>
			<end>0</end>
		</tx_collisions>
	</ip_statistic>
	<netstat_statistic>
		<udp_pkg_rec>
			<start>1260139683</start>
			<end>1626054015</end>
		</udp_pkg_rec>
		<udp_pkg_snt>
			<start>1246055894</start>
			<end>1616856277</end>
		</udp_pkg_snt>
		<udp_rec_err>
			<start>0</start>
			<end>0</end>
		</udp_rec_err>
		<udp_rec_buf_err>
			<start>0</start>
			<end>0</end>
		</udp_rec_buf_err>
		<udp_snt_buf_err>
			<start>0</start>
			<end>0</end>
		</udp_snt_buf_err>
	</netstat_statistic>
</test_results>
