<?xml version="1.0"?>
<test_results>
	<status>STATUS_SUCCESS</status>
	<custom>
		<num_loss>77</num_loss>
		<num_total>5000001</num_total>
		<num_misses>2</num_misses>
		<elapsed_time>1098.900716</elapsed_time>
		<query>
			<report>
				<misses>1001</misses>
				<total>1</total>
				<timestamp>0.219988</timestamp>
			</report>
			<report>
				<misses>2001</misses>
				<total>1</total>
				<timestamp>0.439752</timestamp>
			</report>
			<report>
				<misses>3001</misses>
				<total>1</total>
				<timestamp>0.659515</timestamp>
			</report>
			<report>
				<misses>4001</misses>
				<total>1</total>
				<timestamp>0.879293</timestamp>
			</report>
			<report>
				<misses>5001</misses>
				<total>1</total>
				<timestamp>1.099143</timestamp>
			</report>
			<report>
				<misses>6001</misses>
				<total>0</total>
				<timestamp>1.318941</timestamp>
			</report>
			<report>
				<misses>7001</misses>
				<total>1</total>
				<timestamp>1.538667</timestamp>
			</report>
			<report>
				<misses>8001</misses>
				<total>1</total>
				<timestamp>1.758410</timestamp>
			</report>
			<report>
				<misses>9001</misses>
				<total>1</total>
				<timestamp>1.978201</timestamp>
			</report>
			<report>
				<misses>10001</misses>
				<total>1</total>
				<timestamp>2.197971</timestamp>
			</report>
			<report>
				<misses>11001</misses>
				<total>1</total>
				<timestamp>2.417774</timestamp>
			</report>
			<report>
				<misses>12001</misses>
				<total>1</total>
				<timestamp>2.637535</timestamp>
			</report>
			<report>
				<misses>13001</misses>
				<total>1</total>
				<timestamp>2.857307</timestamp>
			</report>
			<report>
				<misses>14001</misses>
				<total>0</total>
				<timestamp>3.077146</timestamp>
			</report>
			<report>
				<misses>15001</misses>
				<total>1</total>
				<timestamp>3.296937</timestamp>
			</report>
			<report>
				<misses>16001</misses>
				<total>1</total>
				<timestamp>3.516664</timestamp>
			</report>
			<report>
				<misses>17001</misses>
				<total>0</total>
				<timestamp>3.736480</timestamp>
			</report>
			<report>
				<misses>18001</misses>
				<total>1</total>
				<timestamp>3.956311</timestamp>
			</report>
			<report>
				<misses>19001</misses>
				<total>1</total>
				<timestamp>4.176031</timestamp>
			</report>
			<report>
				<misses>20001</misses>
				<total>1</total>
				<timestamp>4.395777</timestamp>
			</report>
			<report>
				<misses>21001</misses>
				<total>1</total>
				<timestamp>4.615564</timestamp>
			</report>
			<report>
				<misses>22001</misses>
				<total>1</total>
				<timestamp>4.835334</timestamp>
			</report>
			<report>
				<misses>23001</misses>
				<total>1</total>
				<timestamp>5.055219</timestamp>
			</report>
			<report>
				<misses>24001</misses>
				<total>3</total>
				<timestamp>5.274916</timestamp>
			</report>
			<report>
				<misses>25001</misses>
				<total>3</total>
				<timestamp>5.494751</timestamp>
			</report>
			<report>
				<misses>26001</misses>
				<total>3</total>
				<timestamp>5.714457</timestamp>
			</report>
			<report>
				<misses>27001</misses>
				<total>3</total>
				<timestamp>5.934245</timestamp>
			</report>
			<report>
				<misses>28001</misses>
				<total>3</total>
				<timestamp>6.154013</timestamp>
			</report>
			<report>
				<misses>29001</misses>
				<total>3</total>
				<timestamp>6.373812</timestamp>
			</report>
			<report>
				<misses>30001</misses>
				<total>3</total>
				<timestamp>6.593563</timestamp>
			</report>
			<report>
				<misses>31001</misses>
				<total>3</total>
				<timestamp>6.813358</timestamp>
			</report>
			<report>
				<misses>32001</misses>
				<total>3</total>
				<timestamp>7.033179</timestamp>
			</report>
			<report>
				<misses>33001</misses>
				<total>3</total>
				<timestamp>7.252908</timestamp>
			</report>
			<report>
				<misses>34001</misses>
				<total>3</total>
				<timestamp>7.472696</timestamp>
			</report>
			<report>
				<misses>35001</misses>
				<total>3</total>
				<timestamp>7.692477</timestamp>
			</report>
			<report>
				<misses>36001</misses>
				<total>3</total>
				<timestamp>7.912340</timestamp>
			</report>
			<report>
				<misses>37001</misses>
				<total>3</total>
				<timestamp>8.132042</timestamp>
			</report>
			<report>
				<misses>38001</misses>
				<total>3</total>
				<timestamp>8.351852</timestamp>
			</report>
			<report>
				<misses>39001</misses>
				<total>3</total>
				<timestamp>8.571599</timestamp>
			</report>
			<report>
				<misses>40001</misses>
				<total>3</total>
				<timestamp>8.791457</timestamp>
			</report>
			<report>
				<misses>41001</misses>
				<total>3</total>
				<timestamp>9.011173</timestamp>
			</report>
			<report>
				<misses>42001</misses>
				<total>3</total>
				<timestamp>9.230990</timestamp>
			</report>
			<report>
				<misses>43001</misses>
				<total>3</total>
				<timestamp>9.450699</timestamp>
			</report>
			<report>
				<misses>44001</misses>
				<total>3</total>
				<timestamp>9.670578</timestamp>
			</report>
			<report>
				<misses>45001</misses>
				<total>3</total>
				<timestamp>9.890489</timestamp>
			</report>
			<report>
				<misses>46001</misses>
				<total>3</total>
				<timestamp>10.110282</timestamp>
			</report>
			<report>
				<misses>47001</misses>
				<total>3</total>
				<timestamp>10.330121</timestamp>
			</report>
			<report>
				<misses>48001</misses>
				<total>3</total>
				<timestamp>10.550079</timestamp>
			</report>
			<report>
				<misses>49001</misses>
				<total>3</total>
				<timestamp>10.769845</timestamp>
			</report>
			<report>
				<misses>50001</misses>
				<total>3</total>
				<timestamp>10.989670</timestamp>
			</report>
			<report>
				<misses>51001</misses>
				<total>3</total>
				<timestamp>11.209465</timestamp>
			</report>
			<report>
				<misses>52001</misses>
				<total>3</total>
				<timestamp>11.429203</timestamp>
			</report>
			<report>
				<misses>53001</misses>
				<total>3</total>
				<timestamp>11.649001</timestamp>
			</report>
			<report>
				<misses>54001</misses>
				<total>3</total>
				<timestamp>11.868799</timestamp>
			</report>
			<report>
				<misses>55001</misses>
				<total>3</total>
				<timestamp>12.088500</timestamp>
			</report>
			<report>
				<misses>56001</misses>
				<total>3</total>
				<timestamp>12.308287</timestamp>
			</report>
			<report>
				<misses>57001</misses>
				<total>2</total>
				<timestamp>12.528131</timestamp>
			</report>
			<report>
				<misses>58001</misses>
				<total>3</total>
				<timestamp>12.747838</timestamp>
			</report>
			<report>
				<misses>59001</misses>
				<total>3</total>
				<timestamp>12.967646</timestamp>
			</report>
			<report>
				<misses>60001</misses>
				<total>3</total>
				<timestamp>13.187449</timestamp>
			</report>
			<report>
				<misses>61001</misses>
				<total>3</total>
				<timestamp>13.407207</timestamp>
			</report>
			<report>
				<misses>62001</misses>
				<total>3</total>
				<timestamp>13.626953</timestamp>
			</report>
			<report>
				<misses>63001</misses>
				<total>2</total>
				<timestamp>13.846840</timestamp>
			</report>
			<report>
				<misses>64001</misses>
				<total>3</total>
				<timestamp>14.066541</timestamp>
			</report>
			<report>
				<misses>65001</misses>
				<total>3</total>
				<timestamp>14.286415</timestamp>
			</report>
			<report>
				<misses>66001</misses>
				<total>3</total>
				<timestamp>14.506103</timestamp>
			</report>
			<report>
				<misses>67001</misses>
				<total>3</total>
				<timestamp>14.725934</timestamp>
			</report>
			<report>
				<misses>68001</misses>
				<total>3</total>
				<timestamp>14.945671</timestamp>
			</report>
			<report>
				<misses>69001</misses>
				<total>3</total>
				<timestamp>15.165417</timestamp>
			</report>
			<report>
				<misses>70001</misses>
				<total>3</total>
				<timestamp>15.385208</timestamp>
			</report>
			<report>
				<misses>71001</misses>
				<total>3</total>
				<timestamp>15.605117</timestamp>
			</report>
			<report>
				<misses>72001</misses>
				<total>3</total>
				<timestamp>15.824786</timestamp>
			</report>
			<report>
				<misses>73001</misses>
				<total>3</total>
				<timestamp>16.044572</timestamp>
			</report>
			<report>
				<misses>74001</misses>
				<total>3</total>
				<timestamp>16.264326</timestamp>
			</report>
			<report>
				<misses>75001</misses>
				<total>3</total>
				<timestamp>16.484101</timestamp>
			</report>
			<report>
				<misses>76001</misses>
				<total>3</total>
				<timestamp>16.703935</timestamp>
			</report>
			<report>
				<misses>77001</misses>
				<total>3</total>
				<timestamp>16.923681</timestamp>
			</report>
			<report>
				<misses>78001</misses>
				<total>3</total>
				<timestamp>17.143460</timestamp>
			</report>
			<report>
				<misses>79001</misses>
				<total>3</total>
				<timestamp>17.363229</timestamp>
			</report>
			<report>
				<misses>80001</misses>
				<total>2</total>
				<timestamp>17.583062</timestamp>
			</report>
			<report>
				<misses>81001</misses>
				<total>3</total>
				<timestamp>17.802822</timestamp>
			</report>
			<report>
				<misses>82001</misses>
				<total>3</total>
				<timestamp>18.022629</timestamp>
			</report>
			<report>
				<misses>83001</misses>
				<total>3</total>
				<timestamp>18.242351</timestamp>
			</report>
			<report>
				<misses>84001</misses>
				<total>2</total>
				<timestamp>18.462235</timestamp>
			</report>
			<report>
				<misses>85001</misses>
				<total>3</total>
				<timestamp>18.681967</timestamp>
			</report>
			<report>
				<misses>86001</misses>
				<total>3</total>
				<timestamp>18.901724</timestamp>
			</report>
			<report>
				<misses>87001</misses>
				<total>3</total>
				<timestamp>19.121495</timestamp>
			</report>
			<report>
				<misses>88001</misses>
				<total>3</total>
				<timestamp>19.341244</timestamp>
			</report>
			<report>
				<misses>89001</misses>
				<total>3</total>
				<timestamp>19.561113</timestamp>
			</report>
			<report>
				<misses>90001</misses>
				<total>3</total>
				<timestamp>19.780892</timestamp>
			</report>
			<report>
				<misses>91001</misses>
				<total>3</total>
				<timestamp>20.000709</timestamp>
			</report>
			<report>
				<misses>92001</misses>
				<total>4</total>
				<timestamp>20.220444</timestamp>
			</report>
			<report>
				<misses>93001</misses>
				<total>3</total>
				<timestamp>20.440241</timestamp>
			</report>
			<report>
				<misses>94001</misses>
				<total>4</total>
				<timestamp>20.659967</timestamp>
			</report>
			<report>
				<misses>95001</misses>
				<total>4</total>
				<timestamp>20.879758</timestamp>
			</report>
			<report>
				<misses>96001</misses>
				<total>4</total>
				<timestamp>21.099506</timestamp>
			</report>
			<report>
				<misses>97001</misses>
				<total>4</total>
				<timestamp>21.319352</timestamp>
			</report>
			<report>
				<misses>98001</misses>
				<total>3</total>
				<timestamp>21.539087</timestamp>
			</report>
			<report>
				<misses>99001</misses>
				<total>4</total>
				<timestamp>21.758912</timestamp>
			</report>
			<report>
				<misses>100001</misses>
				<total>4</total>
				<timestamp>21.978605</timestamp>
			</report>
			<report>
				<misses>101001</misses>
				<total>4</total>
				<timestamp>22.198494</timestamp>
			</report>
			<report>
				<misses>102001</misses>
				<total>4</total>
				<timestamp>22.418204</timestamp>
			</report>
			<report>
				<misses>103001</misses>
				<total>4</total>
				<timestamp>22.637980</timestamp>
			</report>
			<report>
				<misses>104001</misses>
				<total>4</total>
				<timestamp>22.857735</timestamp>
			</report>
			<report>
				<misses>105001</misses>
				<total>4</total>
				<timestamp>23.077511</timestamp>
			</report>
			<report>
				<misses>106001</misses>
				<total>3</total>
				<timestamp>23.297405</timestamp>
			</report>
			<report>
				<misses>107001</misses>
				<total>3</total>
				<timestamp>23.517230</timestamp>
			</report>
			<report>
				<misses>108001</misses>
				<total>4</total>
				<timestamp>23.736891</timestamp>
			</report>
			<report>
				<misses>109001</misses>
				<total>4</total>
				<timestamp>23.956730</timestamp>
			</report>
			<report>
				<misses>110001</misses>
				<total>4</total>
				<timestamp>24.176398</timestamp>
			</report>
			<report>
				<misses>111001</misses>
				<total>4</total>
				<timestamp>24.396253</timestamp>
			</report>
			<report>
				<misses>112001</misses>
				<total>3</total>
				<timestamp>24.616106</timestamp>
			</report>
			<report>
				<misses>113001</misses>
				<total>3</total>
				<timestamp>24.835832</timestamp>
			</report>
			<report>
				<misses>114001</misses>
				<total>4</total>
				<timestamp>25.055554</timestamp>
			</report>
			<report>
				<misses>115001</misses>
				<total>4</total>
				<timestamp>25.275311</timestamp>
			</report>
			<report>
				<misses>116001</misses>
				<total>4</total>
				<timestamp>25.495078</timestamp>
			</report>
			<report>
				<misses>117001</misses>
				<total>4</total>
				<timestamp>25.714908</timestamp>
			</report>
			<report>
				<misses>118001</misses>
				<total>4</total>
				<timestamp>25.934713</timestamp>
			</report>
			<report>
				<misses>119001</misses>
				<total>3</total>
				<timestamp>26.154491</timestamp>
			</report>
			<report>
				<misses>120001</misses>
				<total>4</total>
				<timestamp>26.374294</timestamp>
			</report>
			<report>
				<misses>121001</misses>
				<total>4</total>
				<timestamp>26.594026</timestamp>
			</report>
			<report>
				<misses>122001</misses>
				<total>4</total>
				<timestamp>26.813841</timestamp>
			</report>
			<report>
				<misses>123001</misses>
				<total>4</total>
				<timestamp>27.033597</timestamp>
			</report>
			<report>
				<misses>124001</misses>
				<total>3</total>
				<timestamp>27.253363</timestamp>
			</report>
			<report>
				<misses>125001</misses>
				<total>4</total>
				<timestamp>27.473112</timestamp>
			</report>
			<report>
				<misses>126001</misses>
				<total>4</total>
				<timestamp>27.692986</timestamp>
			</report>
			<report>
				<misses>127001</misses>
				<total>4</total>
				<timestamp>27.912668</timestamp>
			</report>
			<report>
				<misses>128001</misses>
				<total>4</total>
				<timestamp>28.132576</timestamp>
			</report>
			<report>
				<misses>129001</misses>
				<total>3</total>
				<timestamp>28.352288</timestamp>
			</report>
			<report>
				<misses>130001</misses>
				<total>4</total>
				<timestamp>28.572013</timestamp>
			</report>
			<report>
				<misses>131001</misses>
				<total>4</total>
				<timestamp>28.791845</timestamp>
			</report>
			<report>
				<misses>132001</misses>
				<total>4</total>
				<timestamp>29.011572</timestamp>
			</report>
			<report>
				<misses>133001</misses>
				<total>4</total>
				<timestamp>29.231383</timestamp>
			</report>
			<report>
				<misses>134001</misses>
				<total>4</total>
				<timestamp>29.451171</timestamp>
			</report>
			<report>
				<misses>135001</misses>
				<total>3</total>
				<timestamp>29.670989</timestamp>
			</report>
			<report>
				<misses>136001</misses>
				<total>4</total>
				<timestamp>29.890696</timestamp>
			</report>
			<report>
				<misses>137001</misses>
				<total>3</total>
				<timestamp>30.110542</timestamp>
			</report>
			<report>
				<misses>138001</misses>
				<total>4</total>
				<timestamp>30.330251</timestamp>
			</report>
			<report>
				<misses>139001</misses>
				<total>4</total>
				<timestamp>30.550023</timestamp>
			</report>
			<report>
				<misses>140001</misses>
				<total>3</total>
				<timestamp>30.769923</timestamp>
			</report>
			<report>
				<misses>141001</misses>
				<total>4</total>
				<timestamp>30.989602</timestamp>
			</report>
			<report>
				<misses>142001</misses>
				<total>4</total>
				<timestamp>31.209409</timestamp>
			</report>
			<report>
				<misses>143001</misses>
				<total>4</total>
				<timestamp>31.429194</timestamp>
			</report>
			<report>
				<misses>144001</misses>
				<total>4</total>
				<timestamp>31.648969</timestamp>
			</report>
			<report>
				<misses>145001</misses>
				<total>3</total>
				<timestamp>31.868815</timestamp>
			</report>
			<report>
				<misses>146001</misses>
				<total>3</total>
				<timestamp>32.088575</timestamp>
			</report>
			<report>
				<misses>147001</misses>
				<total>4</total>
				<timestamp>32.308337</timestamp>
			</report>
			<report>
				<misses>148001</misses>
				<total>4</total>
				<timestamp>32.528064</timestamp>
			</report>
			<report>
				<misses>149001</misses>
				<total>4</total>
				<timestamp>32.747833</timestamp>
			</report>
			<report>
				<misses>150001</misses>
				<total>4</total>
				<timestamp>32.967603</timestamp>
			</report>
			<report>
				<misses>151001</misses>
				<total>4</total>
				<timestamp>33.187429</timestamp>
			</report>
			<report>
				<misses>152001</misses>
				<total>3</total>
				<timestamp>33.407248</timestamp>
			</report>
			<report>
				<misses>153001</misses>
				<total>4</total>
				<timestamp>33.626974</timestamp>
			</report>
			<report>
				<misses>154001</misses>
				<total>4</total>
				<timestamp>33.846733</timestamp>
			</report>
			<report>
				<misses>155001</misses>
				<total>4</total>
				<timestamp>34.066544</timestamp>
			</report>
			<report>
				<misses>156001</misses>
				<total>4</total>
				<timestamp>34.286303</timestamp>
			</report>
			<report>
				<misses>157001</misses>
				<total>4</total>
				<timestamp>34.506075</timestamp>
			</report>
			<report>
				<misses>158001</misses>
				<total>4</total>
				<timestamp>34.725857</timestamp>
			</report>
			<report>
				<misses>159001</misses>
				<total>4</total>
				<timestamp>34.945644</timestamp>
			</report>
			<report>
				<misses>160001</misses>
				<total>4</total>
				<timestamp>35.165429</timestamp>
			</report>
			<report>
				<misses>161001</misses>
				<total>4</total>
				<timestamp>35.385188</timestamp>
			</report>
			<report>
				<misses>162001</misses>
				<total>4</total>
				<timestamp>35.604964</timestamp>
			</report>
			<report>
				<misses>163001</misses>
				<total>4</total>
				<timestamp>35.824734</timestamp>
			</report>
			<report>
				<misses>164001</misses>
				<total>3</total>
				<timestamp>36.044609</timestamp>
			</report>
			<report>
				<misses>165001</misses>
				<total>3</total>
				<timestamp>36.264359</timestamp>
			</report>
			<report>
				<misses>166001</misses>
				<total>3</total>
				<timestamp>36.484143</timestamp>
			</report>
			<report>
				<misses>167001</misses>
				<total>4</total>
				<timestamp>36.703904</timestamp>
			</report>
			<report>
				<misses>168001</misses>
				<total>4</total>
				<timestamp>36.923645</timestamp>
			</report>
			<report>
				<misses>169001</misses>
				<total>4</total>
				<timestamp>37.143457</timestamp>
			</report>
			<report>
				<misses>170001</misses>
				<total>4</total>
				<timestamp>37.363202</timestamp>
			</report>
			<report>
				<misses>171001</misses>
				<total>4</total>
				<timestamp>37.582976</timestamp>
			</report>
			<report>
				<misses>172001</misses>
				<total>4</total>
				<timestamp>37.802784</timestamp>
			</report>
			<report>
				<misses>173001</misses>
				<total>3</total>
				<timestamp>38.022597</timestamp>
			</report>
			<report>
				<misses>174001</misses>
				<total>4</total>
				<timestamp>38.242362</timestamp>
			</report>
			<report>
				<misses>175001</misses>
				<total>4</total>
				<timestamp>38.462157</timestamp>
			</report>
			<report>
				<misses>176001</misses>
				<total>3</total>
				<timestamp>38.681938</timestamp>
			</report>
			<report>
				<misses>177001</misses>
				<total>4</total>
				<timestamp>38.901662</timestamp>
			</report>
			<report>
				<misses>178001</misses>
				<total>4</total>
				<timestamp>39.121544</timestamp>
			</report>
			<report>
				<misses>179001</misses>
				<total>3</total>
				<timestamp>39.341323</timestamp>
			</report>
			<report>
				<misses>180001</misses>
				<total>4</total>
				<timestamp>39.561047</timestamp>
			</report>
			<report>
				<misses>181001</misses>
				<total>4</total>
				<timestamp>39.780786</timestamp>
			</report>
			<report>
				<misses>182001</misses>
				<total>4</total>
				<timestamp>40.000654</timestamp>
			</report>
			<report>
				<misses>183001</misses>
				<total>4</total>
				<timestamp>40.220357</timestamp>
			</report>
			<report>
				<misses>184001</misses>
				<total>3</total>
				<timestamp>40.440249</timestamp>
			</report>
			<report>
				<misses>185001</misses>
				<total>4</total>
				<timestamp>40.659914</timestamp>
			</report>
			<report>
				<misses>186001</misses>
				<total>4</total>
				<timestamp>40.879692</timestamp>
			</report>
			<report>
				<misses>187001</misses>
				<total>4</total>
				<timestamp>41.099565</timestamp>
			</report>
			<report>
				<misses>188001</misses>
				<total>3</total>
				<timestamp>41.319301</timestamp>
			</report>
			<report>
				<misses>189001</misses>
				<total>3</total>
				<timestamp>41.539111</timestamp>
			</report>
			<report>
				<misses>190001</misses>
				<total>3</total>
				<timestamp>41.758858</timestamp>
			</report>
			<report>
				<misses>191001</misses>
				<total>4</total>
				<timestamp>41.978641</timestamp>
			</report>
			<report>
				<misses>192001</misses>
				<total>4</total>
				<timestamp>42.198459</timestamp>
			</report>
			<report>
				<misses>193001</misses>
				<total>3</total>
				<timestamp>42.418217</timestamp>
			</report>
			<report>
				<misses>194001</misses>
				<total>4</total>
				<timestamp>42.637931</timestamp>
			</report>
			<report>
				<misses>195001</misses>
				<total>4</total>
				<timestamp>42.857708</timestamp>
			</report>
			<report>
				<misses>196001</misses>
				<total>4</total>
				<timestamp>43.077593</timestamp>
			</report>
			<report>
				<misses>197001</misses>
				<total>5</total>
				<timestamp>43.297293</timestamp>
			</report>
			<report>
				<misses>198001</misses>
				<total>5</total>
				<timestamp>43.517060</timestamp>
			</report>
			<report>
				<misses>199001</misses>
				<total>4</total>
				<timestamp>43.736964</timestamp>
			</report>
			<report>
				<misses>200001</misses>
				<total>5</total>
				<timestamp>43.956611</timestamp>
			</report>
			<report>
				<misses>201001</misses>
				<total>5</total>
				<timestamp>44.176456</timestamp>
			</report>
			<report>
				<misses>202001</misses>
				<total>5</total>
				<timestamp>44.396232</timestamp>
			</report>
			<report>
				<misses>203001</misses>
				<total>5</total>
				<timestamp>44.615934</timestamp>
			</report>
			<report>
				<misses>204001</misses>
				<total>5</total>
				<timestamp>44.835773</timestamp>
			</report>
			<report>
				<misses>205001</misses>
				<total>4</total>
				<timestamp>45.055615</timestamp>
			</report>
			<report>
				<misses>206001</misses>
				<total>4</total>
				<timestamp>45.275374</timestamp>
			</report>
			<report>
				<misses>207001</misses>
				<total>5</total>
				<timestamp>45.495098</timestamp>
			</report>
			<report>
				<misses>208001</misses>
				<total>5</total>
				<timestamp>45.714922</timestamp>
			</report>
			<report>
				<misses>209001</misses>
				<total>5</total>
				<timestamp>45.934744</timestamp>
			</report>
			<report>
				<misses>210001</misses>
				<total>6</total>
				<timestamp>46.154464</timestamp>
			</report>
			<report>
				<misses>211001</misses>
				<total>6</total>
				<timestamp>46.374186</timestamp>
			</report>
			<report>
				<misses>212001</misses>
				<total>6</total>
				<timestamp>46.594008</timestamp>
			</report>
			<report>
				<misses>213001</misses>
				<total>6</total>
				<timestamp>46.813798</timestamp>
			</report>
			<report>
				<misses>214001</misses>
				<total>6</total>
				<timestamp>47.033607</timestamp>
			</report>
			<report>
				<misses>215001</misses>
				<total>6</total>
				<timestamp>47.253378</timestamp>
			</report>
			<report>
				<misses>216001</misses>
				<total>6</total>
				<timestamp>47.473134</timestamp>
			</report>
			<report>
				<misses>217001</misses>
				<total>6</total>
				<timestamp>47.692917</timestamp>
			</report>
			<report>
				<misses>218001</misses>
				<total>6</total>
				<timestamp>47.912662</timestamp>
			</report>
			<report>
				<misses>219001</misses>
				<total>5</total>
				<timestamp>48.132523</timestamp>
			</report>
			<report>
				<misses>220001</misses>
				<total>6</total>
				<timestamp>48.352236</timestamp>
			</report>
			<report>
				<misses>221001</misses>
				<total>6</total>
				<timestamp>48.572027</timestamp>
			</report>
			<report>
				<misses>222001</misses>
				<total>6</total>
				<timestamp>48.791803</timestamp>
			</report>
			<report>
				<misses>223001</misses>
				<total>6</total>
				<timestamp>49.011618</timestamp>
			</report>
			<report>
				<misses>224001</misses>
				<total>6</total>
				<timestamp>49.231345</timestamp>
			</report>
			<report>
				<misses>225001</misses>
				<total>6</total>
				<timestamp>49.451170</timestamp>
			</report>
			<report>
				<misses>226001</misses>
				<total>5</total>
				<timestamp>49.671047</timestamp>
			</report>
			<report>
				<misses>227001</misses>
				<total>6</total>
				<timestamp>49.890722</timestamp>
			</report>
			<report>
				<misses>228001</misses>
				<total>5</total>
				<timestamp>50.110593</timestamp>
			</report>
			<report>
				<misses>229001</misses>
				<total>6</total>
				<timestamp>50.330232</timestamp>
			</report>
			<report>
				<misses>230001</misses>
				<total>5</total>
				<timestamp>50.550115</timestamp>
			</report>
			<report>
				<misses>231001</misses>
				<total>6</total>
				<timestamp>50.769797</timestamp>
			</report>
			<report>
				<misses>232001</misses>
				<total>6</total>
				<timestamp>50.989589</timestamp>
			</report>
			<report>
				<misses>233001</misses>
				<total>6</total>
				<timestamp>51.209352</timestamp>
			</report>
			<report>
				<misses>234001</misses>
				<total>6</total>
				<timestamp>51.429149</timestamp>
			</report>
			<report>
				<misses>235001</misses>
				<total>6</total>
				<timestamp>51.648998</timestamp>
			</report>
			<report>
				<misses>236001</misses>
				<total>5</total>
				<timestamp>51.868803</timestamp>
			</report>
			<report>
				<misses>237001</misses>
				<total>6</total>
				<timestamp>52.088523</timestamp>
			</report>
			<report>
				<misses>238001</misses>
				<total>6</total>
				<timestamp>52.308303</timestamp>
			</report>
			<report>
				<misses>239001</misses>
				<total>6</total>
				<timestamp>52.528074</timestamp>
			</report>
			<report>
				<misses>240001</misses>
				<total>6</total>
				<timestamp>52.747887</timestamp>
			</report>
			<report>
				<misses>241001</misses>
				<total>6</total>
				<timestamp>52.967586</timestamp>
			</report>
			<report>
				<misses>242001</misses>
				<total>6</total>
				<timestamp>53.187397</timestamp>
			</report>
			<report>
				<misses>243001</misses>
				<total>6</total>
				<timestamp>53.407208</timestamp>
			</report>
			<report>
				<misses>244001</misses>
				<total>5</total>
				<timestamp>53.626970</timestamp>
			</report>
			<report>
				<misses>245001</misses>
				<total>6</total>
				<timestamp>53.846751</timestamp>
			</report>
			<report>
				<misses>246001</misses>
				<total>6</total>
				<timestamp>54.066509</timestamp>
			</report>
			<report>
				<misses>247001</misses>
				<total>6</total>
				<timestamp>54.286354</timestamp>
			</report>
			<report>
				<misses>248001</misses>
				<total>6</total>
				<timestamp>54.506110</timestamp>
			</report>
			<report>
				<misses>249001</misses>
				<total>6</total>
				<timestamp>54.725831</timestamp>
			</report>
			<report>
				<misses>250001</misses>
				<total>6</total>
				<timestamp>54.945635</timestamp>
			</report>
			<report>
				<misses>251001</misses>
				<total>6</total>
				<timestamp>55.165430</timestamp>
			</report>
			<report>
				<misses>252001</misses>
				<total>6</total>
				<timestamp>55.385181</timestamp>
			</report>
			<report>
				<misses>253001</misses>
				<total>6</total>
				<timestamp>55.604948</timestamp>
			</report>
			<report>
				<misses>254001</misses>
				<total>6</total>
				<timestamp>55.824758</timestamp>
			</report>
			<report>
				<misses>255001</misses>
				<total>5</total>
				<timestamp>56.044568</timestamp>
			</report>
			<report>
				<misses>256001</misses>
				<total>6</total>
				<timestamp>56.264309</timestamp>
			</report>
			<report>
				<misses>257001</misses>
				<total>6</total>
				<timestamp>56.484095</timestamp>
			</report>
			<report>
				<misses>258001</misses>
				<total>6</total>
				<timestamp>56.703849</timestamp>
			</report>
			<report>
				<misses>259001</misses>
				<total>6</total>
				<timestamp>56.923703</timestamp>
			</report>
			<report>
				<misses>260001</misses>
				<total>6</total>
				<timestamp>57.143491</timestamp>
			</report>
			<report>
				<misses>261001</misses>
				<total>6</total>
				<timestamp>57.363212</timestamp>
			</report>
			<report>
				<misses>262001</misses>
				<total>6</total>
				<timestamp>57.583005</timestamp>
			</report>
			<report>
				<misses>263001</misses>
				<total>6</total>
				<timestamp>57.802829</timestamp>
			</report>
			<report>
				<misses>264001</misses>
				<total>6</total>
				<timestamp>58.022545</timestamp>
			</report>
			<report>
				<misses>265001</misses>
				<total>6</total>
				<timestamp>58.242384</timestamp>
			</report>
			<report>
				<misses>266001</misses>
				<total>6</total>
				<timestamp>58.462170</timestamp>
			</report>
			<report>
				<misses>267001</misses>
				<total>5</total>
				<timestamp>58.681920</timestamp>
			</report>
			<report>
				<misses>268001</misses>
				<total>6</total>
				<timestamp>58.901656</timestamp>
			</report>
			<report>
				<misses>269001</misses>
				<total>6</total>
				<timestamp>59.121448</timestamp>
			</report>
			<report>
				<misses>270001</misses>
				<total>6</total>
				<timestamp>59.341215</timestamp>
			</report>
			<report>
				<misses>271001</misses>
				<total>6</total>
				<timestamp>59.561016</timestamp>
			</report>
			<report>
				<misses>272001</misses>
				<total>6</total>
				<timestamp>59.780774</timestamp>
			</report>
			<report>
				<misses>273001</misses>
				<total>6</total>
				<timestamp>60.000546</timestamp>
			</report>
			<report>
				<misses>274001</misses>
				<total>6</total>
				<timestamp>60.220401</timestamp>
			</report>
			<report>
				<misses>275001</misses>
				<total>6</total>
				<timestamp>60.440194</timestamp>
			</report>
			<report>
				<misses>276001</misses>
				<total>6</total>
				<timestamp>60.659906</timestamp>
			</report>
			<report>
				<misses>277001</misses>
				<total>6</total>
				<timestamp>60.879681</timestamp>
			</report>
			<report>
				<misses>278001</misses>
				<total>6</total>
				<timestamp>61.099458</timestamp>
			</report>
			<report>
				<misses>279001</misses>
				<total>5</total>
				<timestamp>61.319303</timestamp>
			</report>
			<report>
				<misses>280001</misses>
				<total>6</total>
				<timestamp>61.539018</timestamp>
			</report>
			<report>
				<misses>281001</misses>
				<total>6</total>
				<timestamp>61.758793</timestamp>
			</report>
			<report>
				<misses>282001</misses>
				<total>6</total>
				<timestamp>61.978569</timestamp>
			</report>
			<report>
				<misses>283001</misses>
				<total>6</total>
				<timestamp>62.198377</timestamp>
			</report>
			<report>
				<misses>284001</misses>
				<total>5</total>
				<timestamp>62.418299</timestamp>
			</report>
			<report>
				<misses>285001</misses>
				<total>5</total>
				<timestamp>62.637961</timestamp>
			</report>
			<report>
				<misses>286001</misses>
				<total>6</total>
				<timestamp>62.857729</timestamp>
			</report>
			<report>
				<misses>287001</misses>
				<total>6</total>
				<timestamp>63.077509</timestamp>
			</report>
			<report>
				<misses>288001</misses>
				<total>6</total>
				<timestamp>63.297323</timestamp>
			</report>
			<report>
				<misses>289001</misses>
				<total>5</total>
				<timestamp>63.517092</timestamp>
			</report>
			<report>
				<misses>290001</misses>
				<total>5</total>
				<timestamp>63.736876</timestamp>
			</report>
			<report>
				<misses>291001</misses>
				<total>6</total>
				<timestamp>63.956600</timestamp>
			</report>
			<report>
				<misses>292001</misses>
				<total>6</total>
				<timestamp>64.176371</timestamp>
			</report>
			<report>
				<misses>293001</misses>
				<total>5</total>
				<timestamp>64.396263</timestamp>
			</report>
			<report>
				<misses>294001</misses>
				<total>6</total>
				<timestamp>64.615933</timestamp>
			</report>
			<report>
				<misses>295001</misses>
				<total>6</total>
				<timestamp>64.835761</timestamp>
			</report>
			<report>
				<misses>296001</misses>
				<total>6</total>
				<timestamp>65.055501</timestamp>
			</report>
			<report>
				<misses>297001</misses>
				<total>6</total>
				<timestamp>65.275291</timestamp>
			</report>
			<report>
				<misses>298001</misses>
				<total>5</total>
				<timestamp>65.495157</timestamp>
			</report>
			<report>
				<misses>299001</misses>
				<total>6</total>
				<timestamp>65.714890</timestamp>
			</report>
			<report>
				<misses>300001</misses>
				<total>6</total>
				<timestamp>65.934632</timestamp>
			</report>
			<report>
				<misses>301001</misses>
				<total>5</total>
				<timestamp>66.154485</timestamp>
			</report>
			<report>
				<misses>302001</misses>
				<total>5</total>
				<timestamp>66.374266</timestamp>
			</report>
			<report>
				<misses>303001</misses>
				<total>6</total>
				<timestamp>66.593980</timestamp>
			</report>
			<report>
				<misses>304001</misses>
				<total>6</total>
				<timestamp>66.813755</timestamp>
			</report>
			<report>
				<misses>305001</misses>
				<total>6</total>
				<timestamp>67.033511</timestamp>
			</report>
			<report>
				<misses>306001</misses>
				<total>6</total>
				<timestamp>67.253340</timestamp>
			</report>
			<report>
				<misses>307001</misses>
				<total>6</total>
				<timestamp>67.473163</timestamp>
			</report>
			<report>
				<misses>308001</misses>
				<total>6</total>
				<timestamp>67.692884</timestamp>
			</report>
			<report>
				<misses>309001</misses>
				<total>5</total>
				<timestamp>67.912720</timestamp>
			</report>
			<report>
				<misses>310001</misses>
				<total>6</total>
				<timestamp>68.132467</timestamp>
			</report>
			<report>
				<misses>311001</misses>
				<total>6</total>
				<timestamp>68.352199</timestamp>
			</report>
			<report>
				<misses>312001</misses>
				<total>5</total>
				<timestamp>68.572066</timestamp>
			</report>
			<report>
				<misses>313001</misses>
				<total>5</total>
				<timestamp>68.791796</timestamp>
			</report>
			<report>
				<misses>314001</misses>
				<total>6</total>
				<timestamp>69.011528</timestamp>
			</report>
			<report>
				<misses>315001</misses>
				<total>6</total>
				<timestamp>69.231315</timestamp>
			</report>
			<report>
				<misses>316001</misses>
				<total>6</total>
				<timestamp>69.451142</timestamp>
			</report>
			<report>
				<misses>317001</misses>
				<total>6</total>
				<timestamp>69.670877</timestamp>
			</report>
			<report>
				<misses>318001</misses>
				<total>6</total>
				<timestamp>69.890696</timestamp>
			</report>
			<report>
				<misses>319001</misses>
				<total>6</total>
				<timestamp>70.110467</timestamp>
			</report>
			<report>
				<misses>320001</misses>
				<total>6</total>
				<timestamp>70.330207</timestamp>
			</report>
			<report>
				<misses>321001</misses>
				<total>6</total>
				<timestamp>70.550060</timestamp>
			</report>
			<report>
				<misses>322001</misses>
				<total>6</total>
				<timestamp>70.769813</timestamp>
			</report>
			<report>
				<misses>323001</misses>
				<total>5</total>
				<timestamp>70.989589</timestamp>
			</report>
			<report>
				<misses>324001</misses>
				<total>6</total>
				<timestamp>71.209346</timestamp>
			</report>
			<report>
				<misses>325001</misses>
				<total>6</total>
				<timestamp>71.429157</timestamp>
			</report>
			<report>
				<misses>326001</misses>
				<total>6</total>
				<timestamp>71.648899</timestamp>
			</report>
			<report>
				<misses>327001</misses>
				<total>6</total>
				<timestamp>71.868669</timestamp>
			</report>
			<report>
				<misses>328001</misses>
				<total>6</total>
				<timestamp>72.088459</timestamp>
			</report>
			<report>
				<misses>329001</misses>
				<total>6</total>
				<timestamp>72.308308</timestamp>
			</report>
			<report>
				<misses>330001</misses>
				<total>6</total>
				<timestamp>72.528019</timestamp>
			</report>
			<report>
				<misses>331001</misses>
				<total>6</total>
				<timestamp>72.747807</timestamp>
			</report>
			<report>
				<misses>332001</misses>
				<total>5</total>
				<timestamp>72.967621</timestamp>
			</report>
			<report>
				<misses>333001</misses>
				<total>5</total>
				<timestamp>73.187479</timestamp>
			</report>
			<report>
				<misses>334001</misses>
				<total>6</total>
				<timestamp>73.407131</timestamp>
			</report>
			<report>
				<misses>335001</misses>
				<total>6</total>
				<timestamp>73.626929</timestamp>
			</report>
			<report>
				<misses>336001</misses>
				<total>6</total>
				<timestamp>73.846675</timestamp>
			</report>
			<report>
				<misses>337001</misses>
				<total>5</total>
				<timestamp>74.066588</timestamp>
			</report>
			<report>
				<misses>338001</misses>
				<total>6</total>
				<timestamp>74.286273</timestamp>
			</report>
			<report>
				<misses>339001</misses>
				<total>6</total>
				<timestamp>74.506084</timestamp>
			</report>
			<report>
				<misses>340001</misses>
				<total>5</total>
				<timestamp>74.725834</timestamp>
			</report>
			<report>
				<misses>341001</misses>
				<total>6</total>
				<timestamp>74.945620</timestamp>
			</report>
			<report>
				<misses>342001</misses>
				<total>5</total>
				<timestamp>75.165425</timestamp>
			</report>
			<report>
				<misses>343001</misses>
				<total>8</total>
				<timestamp>75.385167</timestamp>
			</report>
			<report>
				<misses>344001</misses>
				<total>8</total>
				<timestamp>75.604948</timestamp>
			</report>
			<report>
				<misses>345001</misses>
				<total>8</total>
				<timestamp>75.824700</timestamp>
			</report>
			<report>
				<misses>346001</misses>
				<total>8</total>
				<timestamp>76.044480</timestamp>
			</report>
			<report>
				<misses>347001</misses>
				<total>8</total>
				<timestamp>76.264314</timestamp>
			</report>
			<report>
				<misses>348001</misses>
				<total>8</total>
				<timestamp>76.484074</timestamp>
			</report>
			<report>
				<misses>349001</misses>
				<total>8</total>
				<timestamp>76.703837</timestamp>
			</report>
			<report>
				<misses>350001</misses>
				<total>8</total>
				<timestamp>76.923599</timestamp>
			</report>
			<report>
				<misses>351001</misses>
				<total>8</total>
				<timestamp>77.143433</timestamp>
			</report>
			<report>
				<misses>352001</misses>
				<total>8</total>
				<timestamp>77.363251</timestamp>
			</report>
			<report>
				<misses>353001</misses>
				<total>8</total>
				<timestamp>77.582939</timestamp>
			</report>
			<report>
				<misses>354001</misses>
				<total>8</total>
				<timestamp>77.802791</timestamp>
			</report>
			<report>
				<misses>355001</misses>
				<total>7</total>
				<timestamp>78.022610</timestamp>
			</report>
			<report>
				<misses>356001</misses>
				<total>8</total>
				<timestamp>78.242306</timestamp>
			</report>
			<report>
				<misses>357001</misses>
				<total>8</total>
				<timestamp>78.462139</timestamp>
			</report>
			<report>
				<misses>358001</misses>
				<total>8</total>
				<timestamp>78.681842</timestamp>
			</report>
			<report>
				<misses>359001</misses>
				<total>8</total>
				<timestamp>78.901638</timestamp>
			</report>
			<report>
				<misses>360001</misses>
				<total>8</total>
				<timestamp>79.121409</timestamp>
			</report>
			<report>
				<misses>361001</misses>
				<total>9</total>
				<timestamp>79.341274</timestamp>
			</report>
			<report>
				<misses>362001</misses>
				<total>9</total>
				<timestamp>79.561055</timestamp>
			</report>
			<report>
				<misses>363001</misses>
				<total>10</total>
				<timestamp>79.780752</timestamp>
			</report>
			<report>
				<misses>364001</misses>
				<total>10</total>
				<timestamp>80.000536</timestamp>
			</report>
			<report>
				<misses>365001</misses>
				<total>10</total>
				<timestamp>80.220353</timestamp>
			</report>
			<report>
				<misses>366001</misses>
				<total>10</total>
				<timestamp>80.440096</timestamp>
			</report>
			<report>
				<misses>367001</misses>
				<total>10</total>
				<timestamp>80.659909</timestamp>
			</report>
			<report>
				<misses>368001</misses>
				<total>9</total>
				<timestamp>80.879789</timestamp>
			</report>
			<report>
				<misses>369001</misses>
				<total>10</total>
				<timestamp>81.099429</timestamp>
			</report>
			<report>
				<misses>370001</misses>
				<total>10</total>
				<timestamp>81.319274</timestamp>
			</report>
			<report>
				<misses>371001</misses>
				<total>9</total>
				<timestamp>81.539116</timestamp>
			</report>
			<report>
				<misses>372001</misses>
				<total>10</total>
				<timestamp>81.758824</timestamp>
			</report>
			<report>
				<misses>373001</misses>
				<total>10</total>
				<timestamp>81.978552</timestamp>
			</report>
			<report>
				<misses>374001</misses>
				<total>10</total>
				<timestamp>82.198340</timestamp>
			</report>
			<report>
				<misses>375001</misses>
				<total>10</total>
				<timestamp>82.418120</timestamp>
			</report>
			<report>
				<misses>376001</misses>
				<total>10</total>
				<timestamp>82.637918</timestamp>
			</report>
			<report>
				<misses>377001</misses>
				<total>10</total>
				<timestamp>82.857691</timestamp>
			</report>
			<report>
				<misses>378001</misses>
				<total>10</total>
				<timestamp>83.077452</timestamp>
			</report>
			<report>
				<misses>379001</misses>
				<total>10</total>
				<timestamp>83.297232</timestamp>
			</report>
			<report>
				<misses>380001</misses>
				<total>10</total>
				<timestamp>83.517042</timestamp>
			</report>
			<report>
				<misses>381001</misses>
				<total>10</total>
				<timestamp>83.736788</timestamp>
			</report>
			<report>
				<misses>382001</misses>
				<total>10</total>
				<timestamp>83.956630</timestamp>
			</report>
			<report>
				<misses>383001</misses>
				<total>10</total>
				<timestamp>84.176375</timestamp>
			</report>
			<report>
				<misses>384001</misses>
				<total>10</total>
				<timestamp>84.396173</timestamp>
			</report>
			<report>
				<misses>385001</misses>
				<total>10</total>
				<timestamp>84.615989</timestamp>
			</report>
			<report>
				<misses>386001</misses>
				<total>10</total>
				<timestamp>84.835685</timestamp>
			</report>
			<report>
				<misses>387001</misses>
				<total>10</total>
				<timestamp>85.055469</timestamp>
			</report>
			<report>
				<misses>388001</misses>
				<total>10</total>
				<timestamp>85.275285</timestamp>
			</report>
			<report>
				<misses>389001</misses>
				<total>10</total>
				<timestamp>85.495051</timestamp>
			</report>
			<report>
				<misses>390001</misses>
				<total>10</total>
				<timestamp>85.714876</timestamp>
			</report>
			<report>
				<misses>391001</misses>
				<total>10</total>
				<timestamp>85.934595</timestamp>
			</report>
			<report>
				<misses>392001</misses>
				<total>10</total>
				<timestamp>86.154386</timestamp>
			</report>
			<report>
				<misses>393001</misses>
				<total>10</total>
				<timestamp>86.374219</timestamp>
			</report>
			<report>
				<misses>394001</misses>
				<total>10</total>
				<timestamp>86.593998</timestamp>
			</report>
			<report>
				<misses>395001</misses>
				<total>10</total>
				<timestamp>86.813711</timestamp>
			</report>
			<report>
				<misses>396001</misses>
				<total>10</total>
				<timestamp>87.033528</timestamp>
			</report>
			<report>
				<misses>397001</misses>
				<total>10</total>
				<timestamp>87.253331</timestamp>
			</report>
			<report>
				<misses>398001</misses>
				<total>10</total>
				<timestamp>87.473116</timestamp>
			</report>
			<report>
				<misses>399001</misses>
				<total>10</total>
				<timestamp>87.692863</timestamp>
			</report>
			<report>
				<misses>400001</misses>
				<total>10</total>
				<timestamp>87.912652</timestamp>
			</report>
			<report>
				<misses>401001</misses>
				<total>10</total>
				<timestamp>88.132414</timestamp>
			</report>
			<report>
				<misses>402001</misses>
				<total>10</total>
				<timestamp>88.352211</timestamp>
			</report>
			<report>
				<misses>403001</misses>
				<total>10</total>
				<timestamp>88.571957</timestamp>
			</report>
			<report>
				<misses>404001</misses>
				<total>9</total>
				<timestamp>88.791782</timestamp>
			</report>
			<report>
				<misses>405001</misses>
				<total>10</total>
				<timestamp>89.011541</timestamp>
			</report>
			<report>
				<misses>406001</misses>
				<total>10</total>
				<timestamp>89.231316</timestamp>
			</report>
			<report>
				<misses>407001</misses>
				<total>9</total>
				<timestamp>89.451142</timestamp>
			</report>
			<report>
				<misses>408001</misses>
				<total>10</total>
				<timestamp>89.670887</timestamp>
			</report>
			<report>
				<misses>409001</misses>
				<total>10</total>
				<timestamp>89.890642</timestamp>
			</report>
			<report>
				<misses>410001</misses>
				<total>9</total>
				<timestamp>90.110468</timestamp>
			</report>
			<report>
				<misses>411001</misses>
				<total>10</total>
				<timestamp>90.330211</timestamp>
			</report>
			<report>
				<misses>412001</misses>
				<total>10</total>
				<timestamp>90.550016</timestamp>
			</report>
			<report>
				<misses>413001</misses>
				<total>10</total>
				<timestamp>90.769742</timestamp>
			</report>
			<report>
				<misses>414001</misses>
				<total>10</total>
				<timestamp>90.989528</timestamp>
			</report>
			<report>
				<misses>415001</misses>
				<total>10</total>
				<timestamp>91.209317</timestamp>
			</report>
			<report>
				<misses>416001</misses>
				<total>9</total>
				<timestamp>91.429160</timestamp>
			</report>
			<report>
				<misses>417001</misses>
				<total>10</total>
				<timestamp>91.648860</timestamp>
			</report>
			<report>
				<misses>418001</misses>
				<total>9</total>
				<timestamp>91.868754</timestamp>
			</report>
			<report>
				<misses>419001</misses>
				<total>10</total>
				<timestamp>92.088500</timestamp>
			</report>
			<report>
				<misses>420001</misses>
				<total>11</total>
				<timestamp>92.308254</timestamp>
			</report>
			<report>
				<misses>421001</misses>
				<total>11</total>
				<timestamp>92.528005</timestamp>
			</report>
			<report>
				<misses>422001</misses>
				<total>10</total>
				<timestamp>92.747879</timestamp>
			</report>
			<report>
				<misses>423001</misses>
				<total>10</total>
				<timestamp>92.967651</timestamp>
			</report>
			<report>
				<misses>424001</misses>
				<total>11</total>
				<timestamp>93.187341</timestamp>
			</report>
			<report>
				<misses>425001</misses>
				<total>11</total>
				<timestamp>93.407161</timestamp>
			</report>
			<report>
				<misses>426001</misses>
				<total>10</total>
				<timestamp>93.626953</timestamp>
			</report>
			<report>
				<misses>427001</misses>
				<total>10</total>
				<timestamp>93.846737</timestamp>
			</report>
			<report>
				<misses>428001</misses>
				<total>11</total>
				<timestamp>94.066519</timestamp>
			</report>
			<report>
				<misses>429001</misses>
				<total>11</total>
				<timestamp>94.286243</timestamp>
			</report>
			<report>
				<misses>430001</misses>
				<total>11</total>
				<timestamp>94.506007</timestamp>
			</report>
			<report>
				<misses>431001</misses>
				<total>11</total>
				<timestamp>94.725804</timestamp>
			</report>
			<report>
				<misses>432001</misses>
				<total>10</total>
				<timestamp>94.945657</timestamp>
			</report>
			<report>
				<misses>433001</misses>
				<total>11</total>
				<timestamp>95.165344</timestamp>
			</report>
			<report>
				<misses>434001</misses>
				<total>11</total>
				<timestamp>95.385170</timestamp>
			</report>
			<report>
				<misses>435001</misses>
				<total>10</total>
				<timestamp>95.604999</timestamp>
			</report>
			<report>
				<misses>436001</misses>
				<total>10</total>
				<timestamp>95.824792</timestamp>
			</report>
			<report>
				<misses>437001</misses>
				<total>11</total>
				<timestamp>96.044467</timestamp>
			</report>
			<report>
				<misses>438001</misses>
				<total>10</total>
				<timestamp>96.264343</timestamp>
			</report>
			<report>
				<misses>439001</misses>
				<total>11</total>
				<timestamp>96.484106</timestamp>
			</report>
			<report>
				<misses>440001</misses>
				<total>11</total>
				<timestamp>96.703833</timestamp>
			</report>
			<report>
				<misses>441001</misses>
				<total>10</total>
				<timestamp>96.923694</timestamp>
			</report>
			<report>
				<misses>442001</misses>
				<total>10</total>
				<timestamp>97.143415</timestamp>
			</report>
			<report>
				<misses>443001</misses>
				<total>11</total>
				<timestamp>97.363171</timestamp>
			</report>
			<report>
				<misses>444001</misses>
				<total>11</total>
				<timestamp>97.582925</timestamp>
			</report>
			<report>
				<misses>445001</misses>
				<total>11</total>
				<timestamp>97.802794</timestamp>
			</report>
			<report>
				<misses>446001</misses>
				<total>11</total>
				<timestamp>98.022486</timestamp>
			</report>
			<report>
				<misses>447001</misses>
				<total>11</total>
				<timestamp>98.242266</timestamp>
			</report>
			<report>
				<misses>448001</misses>
				<total>11</total>
				<timestamp>98.462063</timestamp>
			</report>
			<report>
				<misses>449001</misses>
				<total>11</total>
				<timestamp>98.681833</timestamp>
			</report>
			<report>
				<misses>450001</misses>
				<total>11</total>
				<timestamp>98.901692</timestamp>
			</report>
			<report>
				<misses>451001</misses>
				<total>11</total>
				<timestamp>99.121442</timestamp>
			</report>
			<report>
				<misses>452001</misses>
				<total>10</total>
				<timestamp>99.341284</timestamp>
			</report>
			<report>
				<misses>453001</misses>
				<total>11</total>
				<timestamp>99.560959</timestamp>
			</report>
			<report>
				<misses>454001</misses>
				<total>11</total>
				<timestamp>99.780762</timestamp>
			</report>
			<report>
				<misses>455001</misses>
				<total>11</total>
				<timestamp>100.000577</timestamp>
			</report>
			<report>
				<misses>456001</misses>
				<total>11</total>
				<timestamp>100.220378</timestamp>
			</report>
			<report>
				<misses>457001</misses>
				<total>10</total>
				<timestamp>100.440137</timestamp>
			</report>
			<report>
				<misses>458001</misses>
				<total>11</total>
				<timestamp>100.659897</timestamp>
			</report>
			<report>
				<misses>459001</misses>
				<total>11</total>
				<timestamp>100.879675</timestamp>
			</report>
			<report>
				<misses>460001</misses>
				<total>11</total>
				<timestamp>101.099408</timestamp>
			</report>
			<report>
				<misses>461001</misses>
				<total>11</total>
				<timestamp>101.319203</timestamp>
			</report>
			<report>
				<misses>462001</misses>
				<total>10</total>
				<timestamp>101.539118</timestamp>
			</report>
			<report>
				<misses>463001</misses>
				<total>11</total>
				<timestamp>101.758744</timestamp>
			</report>
			<report>
				<misses>464001</misses>
				<total>11</total>
				<timestamp>101.978532</timestamp>
			</report>
			<report>
				<misses>465001</misses>
				<total>11</total>
				<timestamp>102.198301</timestamp>
			</report>
			<report>
				<misses>466001</misses>
				<total>11</total>
				<timestamp>102.418157</timestamp>
			</report>
			<report>
				<misses>467001</misses>
				<total>11</total>
				<timestamp>102.637904</timestamp>
			</report>
			<report>
				<misses>468001</misses>
				<total>11</total>
				<timestamp>102.857670</timestamp>
			</report>
			<report>
				<misses>469001</misses>
				<total>11</total>
				<timestamp>103.077435</timestamp>
			</report>
			<report>
				<misses>470001</misses>
				<total>11</total>
				<timestamp>103.297269</timestamp>
			</report>
			<report>
				<misses>471001</misses>
				<total>10</total>
				<timestamp>103.517084</timestamp>
			</report>
			<report>
				<misses>472001</misses>
				<total>11</total>
				<timestamp>103.736785</timestamp>
			</report>
			<report>
				<misses>473001</misses>
				<total>11</total>
				<timestamp>103.956570</timestamp>
			</report>
			<report>
				<misses>474001</misses>
				<total>11</total>
				<timestamp>104.176412</timestamp>
			</report>
			<report>
				<misses>475001</misses>
				<total>11</total>
				<timestamp>104.396107</timestamp>
			</report>
			<report>
				<misses>476001</misses>
				<total>11</total>
				<timestamp>104.615939</timestamp>
			</report>
			<report>
				<misses>477001</misses>
				<total>11</total>
				<timestamp>104.835720</timestamp>
			</report>
			<report>
				<misses>478001</misses>
				<total>10</total>
				<timestamp>105.055527</timestamp>
			</report>
			<report>
				<misses>479001</misses>
				<total>11</total>
				<timestamp>105.275384</timestamp>
			</report>
			<report>
				<misses>480001</misses>
				<total>10</total>
				<timestamp>105.495152</timestamp>
			</report>
			<report>
				<misses>481001</misses>
				<total>11</total>
				<timestamp>105.714919</timestamp>
			</report>
			<report>
				<misses>482001</misses>
				<total>10</total>
				<timestamp>105.934643</timestamp>
			</report>
			<report>
				<misses>483001</misses>
				<total>11</total>
				<timestamp>106.154487</timestamp>
			</report>
			<report>
				<misses>484001</misses>
				<total>11</total>
				<timestamp>106.374270</timestamp>
			</report>
			<report>
				<misses>485001</misses>
				<total>11</total>
				<timestamp>106.593922</timestamp>
			</report>
			<report>
				<misses>486001</misses>
				<total>11</total>
				<timestamp>106.813729</timestamp>
			</report>
			<report>
				<misses>487001</misses>
				<total>11</total>
				<timestamp>107.033486</timestamp>
			</report>
			<report>
				<misses>488001</misses>
				<total>10</total>
				<timestamp>107.253383</timestamp>
			</report>
			<report>
				<misses>489001</misses>
				<total>11</total>
				<timestamp>107.473167</timestamp>
			</report>
			<report>
				<misses>490001</misses>
				<total>10</total>
				<timestamp>107.692953</timestamp>
			</report>
			<report>
				<misses>491001</misses>
				<total>11</total>
				<timestamp>107.912732</timestamp>
			</report>
			<report>
				<misses>492001</misses>
				<total>11</total>
				<timestamp>108.132414</timestamp>
			</report>
			<report>
				<misses>493001</misses>
				<total>11</total>
				<timestamp>108.352198</timestamp>
			</report>
			<report>
				<misses>494001</misses>
				<total>10</total>
				<timestamp>108.572086</timestamp>
			</report>
			<report>
				<misses>495001</misses>
				<total>11</total>
				<timestamp>108.791848</timestamp>
			</report>
			<report>
				<misses>496001</misses>
				<total>10</total>
				<timestamp>109.011623</timestamp>
			</report>
			<report>
				<misses>497001</misses>
				<total>10</total>
				<timestamp>109.231402</timestamp>
			</report>
			<report>
				<misses>498001</misses>
				<total>11</total>
				<timestamp>109.451095</timestamp>
			</report>
			<report>
				<misses>499001</misses>
				<total>11</total>
				<timestamp>109.670877</timestamp>
			</report>
			<report>
				<misses>500001</misses>
				<total>11</total>
				<timestamp>109.890628</timestamp>
			</report>
			<report>
				<misses>501001</misses>
				<total>11</total>
				<timestamp>110.110433</timestamp>
			</report>
			<report>
				<misses>502001</misses>
				<total>11</total>
				<timestamp>110.330223</timestamp>
			</report>
			<report>
				<misses>503001</misses>
				<total>11</total>
				<timestamp>110.550021</timestamp>
			</report>
			<report>
				<misses>504001</misses>
				<total>11</total>
				<timestamp>110.769745</timestamp>
			</report>
			<report>
				<misses>505001</misses>
				<total>10</total>
				<timestamp>110.989644</timestamp>
			</report>
			<report>
				<misses>506001</misses>
				<total>11</total>
				<timestamp>111.209335</timestamp>
			</report>
			<report>
				<misses>507001</misses>
				<total>10</total>
				<timestamp>111.429209</timestamp>
			</report>
			<report>
				<misses>508001</misses>
				<total>11</total>
				<timestamp>111.648887</timestamp>
			</report>
			<report>
				<misses>509001</misses>
				<total>11</total>
				<timestamp>111.868650</timestamp>
			</report>
			<report>
				<misses>510001</misses>
				<total>11</total>
				<timestamp>112.088549</timestamp>
			</report>
			<report>
				<misses>511001</misses>
				<total>10</total>
				<timestamp>112.308326</timestamp>
			</report>
			<report>
				<misses>512001</misses>
				<total>10</total>
				<timestamp>112.528060</timestamp>
			</report>
			<report>
				<misses>513001</misses>
				<total>10</total>
				<timestamp>112.747882</timestamp>
			</report>
			<report>
				<misses>514001</misses>
				<total>11</total>
				<timestamp>112.967659</timestamp>
			</report>
			<report>
				<misses>515001</misses>
				<total>11</total>
				<timestamp>113.187480</timestamp>
			</report>
			<report>
				<misses>516001</misses>
				<total>11</total>
				<timestamp>113.407229</timestamp>
			</report>
			<report>
				<misses>517001</misses>
				<total>11</total>
				<timestamp>113.626914</timestamp>
			</report>
			<report>
				<misses>518001</misses>
				<total>11</total>
				<timestamp>113.846698</timestamp>
			</report>
			<report>
				<misses>519001</misses>
				<total>11</total>
				<timestamp>114.066467</timestamp>
			</report>
			<report>
				<misses>520001</misses>
				<total>11</total>
				<timestamp>114.286250</timestamp>
			</report>
			<report>
				<misses>521001</misses>
				<total>10</total>
				<timestamp>114.506135</timestamp>
			</report>
			<report>
				<misses>522001</misses>
				<total>11</total>
				<timestamp>114.725912</timestamp>
			</report>
			<report>
				<misses>523001</misses>
				<total>11</total>
				<timestamp>114.945590</timestamp>
			</report>
			<report>
				<misses>524001</misses>
				<total>11</total>
				<timestamp>115.165350</timestamp>
			</report>
			<report>
				<misses>525001</misses>
				<total>11</total>
				<timestamp>115.385185</timestamp>
			</report>
			<report>
				<misses>526001</misses>
				<total>11</total>
				<timestamp>115.604889</timestamp>
			</report>
			<report>
				<misses>527001</misses>
				<total>10</total>
				<timestamp>115.824790</timestamp>
			</report>
			<report>
				<misses>528001</misses>
				<total>11</total>
				<timestamp>116.044470</timestamp>
			</report>
			<report>
				<misses>529001</misses>
				<total>10</total>
				<timestamp>116.264260</timestamp>
			</report>
			<report>
				<misses>530001</misses>
				<total>11</total>
				<timestamp>116.484033</timestamp>
			</report>
			<report>
				<misses>531001</misses>
				<total>10</total>
				<timestamp>116.703828</timestamp>
			</report>
			<report>
				<misses>532001</misses>
				<total>10</total>
				<timestamp>116.923651</timestamp>
			</report>
			<report>
				<misses>533001</misses>
				<total>11</total>
				<timestamp>117.143376</timestamp>
			</report>
			<report>
				<misses>534001</misses>
				<total>11</total>
				<timestamp>117.363162</timestamp>
			</report>
			<report>
				<misses>535001</misses>
				<total>11</total>
				<timestamp>117.582997</timestamp>
			</report>
			<report>
				<misses>536001</misses>
				<total>11</total>
				<timestamp>117.802750</timestamp>
			</report>
			<report>
				<misses>537001</misses>
				<total>11</total>
				<timestamp>118.022467</timestamp>
			</report>
			<report>
				<misses>538001</misses>
				<total>11</total>
				<timestamp>118.242256</timestamp>
			</report>
			<report>
				<misses>539001</misses>
				<total>10</total>
				<timestamp>118.462156</timestamp>
			</report>
			<report>
				<misses>540001</misses>
				<total>11</total>
				<timestamp>118.681836</timestamp>
			</report>
			<report>
				<misses>541001</misses>
				<total>10</total>
				<timestamp>118.901654</timestamp>
			</report>
			<report>
				<misses>542001</misses>
				<total>11</total>
				<timestamp>119.121357</timestamp>
			</report>
			<report>
				<misses>543001</misses>
				<total>11</total>
				<timestamp>119.341215</timestamp>
			</report>
			<report>
				<misses>544001</misses>
				<total>11</total>
				<timestamp>119.560942</timestamp>
			</report>
			<report>
				<misses>545001</misses>
				<total>11</total>
				<timestamp>119.780709</timestamp>
			</report>
			<report>
				<misses>546001</misses>
				<total>11</total>
				<timestamp>120.000514</timestamp>
			</report>
			<report>
				<misses>547001</misses>
				<total>10</total>
				<timestamp>120.220321</timestamp>
			</report>
			<report>
				<misses>548001</misses>
				<total>11</total>
				<timestamp>120.440204</timestamp>
			</report>
			<report>
				<misses>549001</misses>
				<total>11</total>
				<timestamp>120.659881</timestamp>
			</report>
			<report>
				<misses>550001</misses>
				<total>11</total>
				<timestamp>120.879687</timestamp>
			</report>
			<report>
				<misses>551001</misses>
				<total>11</total>
				<timestamp>121.099433</timestamp>
			</report>
			<report>
				<misses>552001</misses>
				<total>10</total>
				<timestamp>121.319271</timestamp>
			</report>
			<report>
				<misses>553001</misses>
				<total>11</total>
				<timestamp>121.538988</timestamp>
			</report>
			<report>
				<misses>554001</misses>
				<total>11</total>
				<timestamp>121.758766</timestamp>
			</report>
			<report>
				<misses>555001</misses>
				<total>10</total>
				<timestamp>121.978541</timestamp>
			</report>
			<report>
				<misses>556001</misses>
				<total>10</total>
				<timestamp>122.198335</timestamp>
			</report>
			<report>
				<misses>557001</misses>
				<total>11</total>
				<timestamp>122.418115</timestamp>
			</report>
			<report>
				<misses>558001</misses>
				<total>10</total>
				<timestamp>122.637958</timestamp>
			</report>
			<report>
				<misses>559001</misses>
				<total>11</total>
				<timestamp>122.857667</timestamp>
			</report>
			<report>
				<misses>560001</misses>
				<total>11</total>
				<timestamp>123.077450</timestamp>
			</report>
			<report>
				<misses>561001</misses>
				<total>11</total>
				<timestamp>123.297221</timestamp>
			</report>
			<report>
				<misses>562001</misses>
				<total>11</total>
				<timestamp>123.517005</timestamp>
			</report>
			<report>
				<misses>563001</misses>
				<total>11</total>
				<timestamp>123.736763</timestamp>
			</report>
			<report>
				<misses>564001</misses>
				<total>11</total>
				<timestamp>123.956540</timestamp>
			</report>
			<report>
				<misses>565001</misses>
				<total>11</total>
				<timestamp>124.176327</timestamp>
			</report>
			<report>
				<misses>566001</misses>
				<total>11</total>
				<timestamp>124.396095</timestamp>
			</report>
			<report>
				<misses>567001</misses>
				<total>11</total>
				<timestamp>124.615897</timestamp>
			</report>
			<report>
				<misses>568001</misses>
				<total>11</total>
				<timestamp>124.835665</timestamp>
			</report>
			<report>
				<misses>569001</misses>
				<total>11</total>
				<timestamp>125.055452</timestamp>
			</report>
			<report>
				<misses>570001</misses>
				<total>11</total>
				<timestamp>125.275219</timestamp>
			</report>
			<report>
				<misses>571001</misses>
				<total>10</total>
				<timestamp>125.495077</timestamp>
			</report>
			<report>
				<misses>572001</misses>
				<total>10</total>
				<timestamp>125.714848</timestamp>
			</report>
			<report>
				<misses>573001</misses>
				<total>11</total>
				<timestamp>125.934645</timestamp>
			</report>
			<report>
				<misses>574001</misses>
				<total>11</total>
				<timestamp>126.154402</timestamp>
			</report>
			<report>
				<misses>575001</misses>
				<total>11</total>
				<timestamp>126.374166</timestamp>
			</report>
			<report>
				<misses>576001</misses>
				<total>10</total>
				<timestamp>126.593995</timestamp>
			</report>
			<report>
				<misses>577001</misses>
				<total>10</total>
				<timestamp>126.813736</timestamp>
			</report>
			<report>
				<misses>578001</misses>
				<total>11</total>
				<timestamp>127.033458</timestamp>
			</report>
			<report>
				<misses>579001</misses>
				<total>11</total>
				<timestamp>127.253249</timestamp>
			</report>
			<report>
				<misses>580001</misses>
				<total>11</total>
				<timestamp>127.473105</timestamp>
			</report>
			<report>
				<misses>581001</misses>
				<total>11</total>
				<timestamp>127.692854</timestamp>
			</report>
			<report>
				<misses>582001</misses>
				<total>11</total>
				<timestamp>127.912564</timestamp>
			</report>
			<report>
				<misses>583001</misses>
				<total>11</total>
				<timestamp>128.132439</timestamp>
			</report>
			<report>
				<misses>584001</misses>
				<total>11</total>
				<timestamp>128.352174</timestamp>
			</report>
			<report>
				<misses>585001</misses>
				<total>11</total>
				<timestamp>128.571968</timestamp>
			</report>
			<report>
				<misses>586001</misses>
				<total>13</total>
				<timestamp>128.791709</timestamp>
			</report>
			<report>
				<misses>587001</misses>
				<total>12</total>
				<timestamp>129.011554</timestamp>
			</report>
			<report>
				<misses>588001</misses>
				<total>13</total>
				<timestamp>129.231250</timestamp>
			</report>
			<report>
				<misses>589001</misses>
				<total>13</total>
				<timestamp>129.451080</timestamp>
			</report>
			<report>
				<misses>590001</misses>
				<total>12</total>
				<timestamp>129.671003</timestamp>
			</report>
			<report>
				<misses>591001</misses>
				<total>13</total>
				<timestamp>129.890597</timestamp>
			</report>
			<report>
				<misses>592001</misses>
				<total>12</total>
				<timestamp>130.110409</timestamp>
			</report>
			<report>
				<misses>593001</misses>
				<total>13</total>
				<timestamp>130.330201</timestamp>
			</report>
			<report>
				<misses>594001</misses>
				<total>13</total>
				<timestamp>130.550000</timestamp>
			</report>
			<report>
				<misses>595001</misses>
				<total>13</total>
				<timestamp>130.769724</timestamp>
			</report>
			<report>
				<misses>596001</misses>
				<total>13</total>
				<timestamp>130.989530</timestamp>
			</report>
			<report>
				<misses>597001</misses>
				<total>13</total>
				<timestamp>131.209260</timestamp>
			</report>
			<report>
				<misses>598001</misses>
				<total>13</total>
				<timestamp>131.429065</timestamp>
			</report>
			<report>
				<misses>599001</misses>
				<total>12</total>
				<timestamp>131.648914</timestamp>
			</report>
			<report>
				<misses>600001</misses>
				<total>13</total>
				<timestamp>131.868598</timestamp>
			</report>
			<report>
				<misses>601001</misses>
				<total>12</total>
				<timestamp>132.088434</timestamp>
			</report>
			<report>
				<misses>602001</misses>
				<total>13</total>
				<timestamp>132.308163</timestamp>
			</report>
			<report>
				<misses>603001</misses>
				<total>13</total>
				<timestamp>132.527974</timestamp>
			</report>
			<report>
				<misses>604001</misses>
				<total>13</total>
				<timestamp>132.747772</timestamp>
			</report>
			<report>
				<misses>605001</misses>
				<total>13</total>
				<timestamp>132.967550</timestamp>
			</report>
			<report>
				<misses>606001</misses>
				<total>13</total>
				<timestamp>133.187308</timestamp>
			</report>
			<report>
				<misses>607001</misses>
				<total>13</total>
				<timestamp>133.407094</timestamp>
			</report>
			<report>
				<misses>608001</misses>
				<total>12</total>
				<timestamp>133.626923</timestamp>
			</report>
			<report>
				<misses>609001</misses>
				<total>12</total>
				<timestamp>133.846671</timestamp>
			</report>
			<report>
				<misses>610001</misses>
				<total>13</total>
				<timestamp>134.066492</timestamp>
			</report>
			<report>
				<misses>611001</misses>
				<total>13</total>
				<timestamp>134.286210</timestamp>
			</report>
			<report>
				<misses>612001</misses>
				<total>13</total>
				<timestamp>134.506059</timestamp>
			</report>
			<report>
				<misses>613001</misses>
				<total>13</total>
				<timestamp>134.725812</timestamp>
			</report>
			<report>
				<misses>614001</misses>
				<total>12</total>
				<timestamp>134.945604</timestamp>
			</report>
			<report>
				<misses>615001</misses>
				<total>12</total>
				<timestamp>135.165366</timestamp>
			</report>
			<report>
				<misses>616001</misses>
				<total>12</total>
				<timestamp>135.385136</timestamp>
			</report>
			<report>
				<misses>617001</misses>
				<total>13</total>
				<timestamp>135.604898</timestamp>
			</report>
			<report>
				<misses>618001</misses>
				<total>13</total>
				<timestamp>135.824644</timestamp>
			</report>
			<report>
				<misses>619001</misses>
				<total>13</total>
				<timestamp>136.044418</timestamp>
			</report>
			<report>
				<misses>620001</misses>
				<total>13</total>
				<timestamp>136.264201</timestamp>
			</report>
			<report>
				<misses>621001</misses>
				<total>13</total>
				<timestamp>136.484006</timestamp>
			</report>
			<report>
				<misses>622001</misses>
				<total>13</total>
				<timestamp>136.703829</timestamp>
			</report>
			<report>
				<misses>623001</misses>
				<total>13</total>
				<timestamp>136.923557</timestamp>
			</report>
			<report>
				<misses>624001</misses>
				<total>13</total>
				<timestamp>137.143333</timestamp>
			</report>
			<report>
				<misses>625001</misses>
				<total>12</total>
				<timestamp>137.363168</timestamp>
			</report>
			<report>
				<misses>626001</misses>
				<total>13</total>
				<timestamp>137.582942</timestamp>
			</report>
			<report>
				<misses>627001</misses>
				<total>13</total>
				<timestamp>137.802670</timestamp>
			</report>
			<report>
				<misses>628001</misses>
				<total>13</total>
				<timestamp>138.022516</timestamp>
			</report>
			<report>
				<misses>629001</misses>
				<total>13</total>
				<timestamp>138.242220</timestamp>
			</report>
			<report>
				<misses>630001</misses>
				<total>13</total>
				<timestamp>138.462051</timestamp>
			</report>
			<report>
				<misses>631001</misses>
				<total>12</total>
				<timestamp>138.681875</timestamp>
			</report>
			<report>
				<misses>632001</misses>
				<total>13</total>
				<timestamp>138.901645</timestamp>
			</report>
			<report>
				<misses>633001</misses>
				<total>13</total>
				<timestamp>139.121386</timestamp>
			</report>
			<report>
				<misses>634001</misses>
				<total>13</total>
				<timestamp>139.341167</timestamp>
			</report>
			<report>
				<misses>635001</misses>
				<total>13</total>
				<timestamp>139.560958</timestamp>
			</report>
			<report>
				<misses>636001</misses>
				<total>13</total>
				<timestamp>139.780714</timestamp>
			</report>
			<report>
				<misses>637001</misses>
				<total>13</total>
				<timestamp>140.000491</timestamp>
			</report>
			<report>
				<misses>638001</misses>
				<total>13</total>
				<timestamp>140.220244</timestamp>
			</report>
			<report>
				<misses>639001</misses>
				<total>13</total>
				<timestamp>140.440072</timestamp>
			</report>
			<report>
				<misses>640001</misses>
				<total>13</total>
				<timestamp>140.659830</timestamp>
			</report>
			<report>
				<misses>641001</misses>
				<total>13</total>
				<timestamp>140.879624</timestamp>
			</report>
			<report>
				<misses>642001</misses>
				<total>13</total>
				<timestamp>141.099425</timestamp>
			</report>
			<report>
				<misses>643001</misses>
				<total>12</total>
				<timestamp>141.319198</timestamp>
			</report>
			<report>
				<misses>644001</misses>
				<total>13</total>
				<timestamp>141.538956</timestamp>
			</report>
			<report>
				<misses>645001</misses>
				<total>13</total>
				<timestamp>141.758708</timestamp>
			</report>
			<report>
				<misses>646001</misses>
				<total>13</total>
				<timestamp>141.978488</timestamp>
			</report>
			<report>
				<misses>647001</misses>
				<total>12</total>
				<timestamp>142.198394</timestamp>
			</report>
			<report>
				<misses>648001</misses>
				<total>13</total>
				<timestamp>142.418115</timestamp>
			</report>
			<report>
				<misses>649001</misses>
				<total>13</total>
				<timestamp>142.637912</timestamp>
			</report>
			<report>
				<misses>650001</misses>
				<total>13</total>
				<timestamp>142.857600</timestamp>
			</report>
			<report>
				<misses>651001</misses>
				<total>13</total>
				<timestamp>143.077420</timestamp>
			</report>
			<report>
				<misses>652001</misses>
				<total>13</total>
				<timestamp>143.297170</timestamp>
			</report>
			<report>
				<misses>653001</misses>
				<total>13</total>
				<timestamp>143.517006</timestamp>
			</report>
			<report>
				<misses>654001</misses>
				<total>13</total>
				<timestamp>143.736848</timestamp>
			</report>
			<report>
				<misses>655001</misses>
				<total>13</total>
				<timestamp>143.956529</timestamp>
			</report>
			<report>
				<misses>656001</misses>
				<total>13</total>
				<timestamp>144.176345</timestamp>
			</report>
			<report>
				<misses>657001</misses>
				<total>13</total>
				<timestamp>144.396089</timestamp>
			</report>
			<report>
				<misses>658001</misses>
				<total>12</total>
				<timestamp>144.616001</timestamp>
			</report>
			<report>
				<misses>659001</misses>
				<total>13</total>
				<timestamp>144.835626</timestamp>
			</report>
			<report>
				<misses>660001</misses>
				<total>13</total>
				<timestamp>145.055430</timestamp>
			</report>
			<report>
				<misses>661001</misses>
				<total>13</total>
				<timestamp>145.275184</timestamp>
			</report>
			<report>
				<misses>662001</misses>
				<total>13</total>
				<timestamp>145.494990</timestamp>
			</report>
			<report>
				<misses>663001</misses>
				<total>13</total>
				<timestamp>145.714812</timestamp>
			</report>
			<report>
				<misses>664001</misses>
				<total>12</total>
				<timestamp>145.934621</timestamp>
			</report>
			<report>
				<misses>665001</misses>
				<total>12</total>
				<timestamp>146.154406</timestamp>
			</report>
			<report>
				<misses>666001</misses>
				<total>13</total>
				<timestamp>146.374131</timestamp>
			</report>
			<report>
				<misses>667001</misses>
				<total>13</total>
				<timestamp>146.593896</timestamp>
			</report>
			<report>
				<misses>668001</misses>
				<total>13</total>
				<timestamp>146.813642</timestamp>
			</report>
			<report>
				<misses>669001</misses>
				<total>13</total>
				<timestamp>147.033432</timestamp>
			</report>
			<report>
				<misses>670001</misses>
				<total>13</total>
				<timestamp>147.253203</timestamp>
			</report>
			<report>
				<misses>671001</misses>
				<total>12</total>
				<timestamp>147.473033</timestamp>
			</report>
			<report>
				<misses>672001</misses>
				<total>13</total>
				<timestamp>147.692791</timestamp>
			</report>
			<report>
				<misses>673001</misses>
				<total>13</total>
				<timestamp>147.912539</timestamp>
			</report>
			<report>
				<misses>674001</misses>
				<total>13</total>
				<timestamp>148.132322</timestamp>
			</report>
			<report>
				<misses>675001</misses>
				<total>13</total>
				<timestamp>148.352126</timestamp>
			</report>
			<report>
				<misses>676001</misses>
				<total>12</total>
				<timestamp>148.571961</timestamp>
			</report>
			<report>
				<misses>677001</misses>
				<total>13</total>
				<timestamp>148.791666</timestamp>
			</report>
			<report>
				<misses>678001</misses>
				<total>13</total>
				<timestamp>149.011438</timestamp>
			</report>
			<report>
				<misses>679001</misses>
				<total>13</total>
				<timestamp>149.231258</timestamp>
			</report>
			<report>
				<misses>680001</misses>
				<total>13</total>
				<timestamp>149.451116</timestamp>
			</report>
			<report>
				<misses>681001</misses>
				<total>13</total>
				<timestamp>149.670823</timestamp>
			</report>
			<report>
				<misses>682001</misses>
				<total>13</total>
				<timestamp>149.890556</timestamp>
			</report>
			<report>
				<misses>683001</misses>
				<total>13</total>
				<timestamp>150.110343</timestamp>
			</report>
			<report>
				<misses>684001</misses>
				<total>13</total>
				<timestamp>150.330139</timestamp>
			</report>
			<report>
				<misses>685001</misses>
				<total>13</total>
				<timestamp>150.549954</timestamp>
			</report>
			<report>
				<misses>686001</misses>
				<total>13</total>
				<timestamp>150.769702</timestamp>
			</report>
			<report>
				<misses>687001</misses>
				<total>13</total>
				<timestamp>150.989541</timestamp>
			</report>
			<report>
				<misses>688001</misses>
				<total>13</total>
				<timestamp>151.209252</timestamp>
			</report>
			<report>
				<misses>689001</misses>
				<total>13</total>
				<timestamp>151.429124</timestamp>
			</report>
			<report>
				<misses>690001</misses>
				<total>13</total>
				<timestamp>151.648836</timestamp>
			</report>
			<report>
				<misses>691001</misses>
				<total>13</total>
				<timestamp>151.868584</timestamp>
			</report>
			<report>
				<misses>692001</misses>
				<total>13</total>
				<timestamp>152.088367</timestamp>
			</report>
			<report>
				<misses>693001</misses>
				<total>13</total>
				<timestamp>152.308152</timestamp>
			</report>
			<report>
				<misses>694001</misses>
				<total>12</total>
				<timestamp>152.527972</timestamp>
			</report>
			<report>
				<misses>695001</misses>
				<total>13</total>
				<timestamp>152.747808</timestamp>
			</report>
			<report>
				<misses>696001</misses>
				<total>13</total>
				<timestamp>152.967496</timestamp>
			</report>
			<report>
				<misses>697001</misses>
				<total>13</total>
				<timestamp>153.187268</timestamp>
			</report>
			<report>
				<misses>698001</misses>
				<total>13</total>
				<timestamp>153.407054</timestamp>
			</report>
			<report>
				<misses>699001</misses>
				<total>13</total>
				<timestamp>153.626851</timestamp>
			</report>
			<report>
				<misses>700001</misses>
				<total>13</total>
				<timestamp>153.846624</timestamp>
			</report>
			<report>
				<misses>701001</misses>
				<total>13</total>
				<timestamp>154.066426</timestamp>
			</report>
			<report>
				<misses>702001</misses>
				<total>13</total>
				<timestamp>154.286153</timestamp>
			</report>
			<report>
				<misses>703001</misses>
				<total>12</total>
				<timestamp>154.505978</timestamp>
			</report>
			<report>
				<misses>704001</misses>
				<total>13</total>
				<timestamp>154.725763</timestamp>
			</report>
			<report>
				<misses>705001</misses>
				<total>13</total>
				<timestamp>154.945514</timestamp>
			</report>
			<report>
				<misses>706001</misses>
				<total>12</total>
				<timestamp>155.165427</timestamp>
			</report>
			<report>
				<misses>707001</misses>
				<total>13</total>
				<timestamp>155.385065</timestamp>
			</report>
			<report>
				<misses>708001</misses>
				<total>13</total>
				<timestamp>155.604869</timestamp>
			</report>
			<report>
				<misses>709001</misses>
				<total>13</total>
				<timestamp>155.824717</timestamp>
			</report>
			<report>
				<misses>710001</misses>
				<total>13</total>
				<timestamp>156.044410</timestamp>
			</report>
			<report>
				<misses>711001</misses>
				<total>12</total>
				<timestamp>156.264253</timestamp>
			</report>
			<report>
				<misses>712001</misses>
				<total>13</total>
				<timestamp>156.483997</timestamp>
			</report>
			<report>
				<misses>713001</misses>
				<total>13</total>
				<timestamp>156.703862</timestamp>
			</report>
			<report>
				<misses>714001</misses>
				<total>13</total>
				<timestamp>156.923525</timestamp>
			</report>
			<report>
				<misses>715001</misses>
				<total>12</total>
				<timestamp>157.143417</timestamp>
			</report>
			<report>
				<misses>716001</misses>
				<total>13</total>
				<timestamp>157.363188</timestamp>
			</report>
			<report>
				<misses>717001</misses>
				<total>14</total>
				<timestamp>157.582906</timestamp>
			</report>
			<report>
				<misses>718001</misses>
				<total>14</total>
				<timestamp>157.802645</timestamp>
			</report>
			<report>
				<misses>719001</misses>
				<total>14</total>
				<timestamp>158.022423</timestamp>
			</report>
			<report>
				<misses>720001</misses>
				<total>14</total>
				<timestamp>158.242256</timestamp>
			</report>
			<report>
				<misses>721001</misses>
				<total>14</total>
				<timestamp>158.461984</timestamp>
			</report>
			<report>
				<misses>722001</misses>
				<total>14</total>
				<timestamp>158.681834</timestamp>
			</report>
			<report>
				<misses>723001</misses>
				<total>14</total>
				<timestamp>158.901610</timestamp>
			</report>
			<report>
				<misses>724001</misses>
				<total>14</total>
				<timestamp>159.121371</timestamp>
			</report>
			<report>
				<misses>725001</misses>
				<total>14</total>
				<timestamp>159.341124</timestamp>
			</report>
			<report>
				<misses>726001</misses>
				<total>14</total>
				<timestamp>159.560887</timestamp>
			</report>
			<report>
				<misses>727001</misses>
				<total>14</total>
				<timestamp>159.780697</timestamp>
			</report>
			<report>
				<misses>728001</misses>
				<total>13</total>
				<timestamp>160.000542</timestamp>
			</report>
			<report>
				<misses>729001</misses>
				<total>14</total>
				<timestamp>160.220276</timestamp>
			</report>
			<report>
				<misses>730001</misses>
				<total>14</total>
				<timestamp>160.440033</timestamp>
			</report>
			<report>
				<misses>731001</misses>
				<total>14</total>
				<timestamp>160.659807</timestamp>
			</report>
			<report>
				<misses>732001</misses>
				<total>13</total>
				<timestamp>160.879609</timestamp>
			</report>
			<report>
				<misses>733001</misses>
				<total>14</total>
				<timestamp>161.099381</timestamp>
			</report>
			<report>
				<misses>734001</misses>
				<total>14</total>
				<timestamp>161.319188</timestamp>
			</report>
			<report>
				<misses>735001</misses>
				<total>14</total>
				<timestamp>161.538904</timestamp>
			</report>
			<report>
				<misses>736001</misses>
				<total>14</total>
				<timestamp>161.758734</timestamp>
			</report>
			<report>
				<misses>737001</misses>
				<total>13</total>
				<timestamp>161.978533</timestamp>
			</report>
			<report>
				<misses>738001</misses>
				<total>14</total>
				<timestamp>162.198335</timestamp>
			</report>
			<report>
				<misses>739001</misses>
				<total>14</total>
				<timestamp>162.418028</timestamp>
			</report>
			<report>
				<misses>740001</misses>
				<total>14</total>
				<timestamp>162.637817</timestamp>
			</report>
			<report>
				<misses>741001</misses>
				<total>14</total>
				<timestamp>162.857580</timestamp>
			</report>
			<report>
				<misses>742001</misses>
				<total>14</total>
				<timestamp>163.077396</timestamp>
			</report>
			<report>
				<misses>743001</misses>
				<total>14</total>
				<timestamp>163.297143</timestamp>
			</report>
			<report>
				<misses>744001</misses>
				<total>14</total>
				<timestamp>163.516963</timestamp>
			</report>
			<report>
				<misses>745001</misses>
				<total>14</total>
				<timestamp>163.736769</timestamp>
			</report>
			<report>
				<misses>746001</misses>
				<total>14</total>
				<timestamp>163.956481</timestamp>
			</report>
			<report>
				<misses>747001</misses>
				<total>13</total>
				<timestamp>164.176345</timestamp>
			</report>
			<report>
				<misses>748001</misses>
				<total>14</total>
				<timestamp>164.396064</timestamp>
			</report>
			<report>
				<misses>749001</misses>
				<total>14</total>
				<timestamp>164.615860</timestamp>
			</report>
			<report>
				<misses>750001</misses>
				<total>14</total>
				<timestamp>164.835614</timestamp>
			</report>
			<report>
				<misses>751001</misses>
				<total>14</total>
				<timestamp>165.055387</timestamp>
			</report>
			<report>
				<misses>752001</misses>
				<total>14</total>
				<timestamp>165.275175</timestamp>
			</report>
			<report>
				<misses>753001</misses>
				<total>14</total>
				<timestamp>165.494955</timestamp>
			</report>
			<report>
				<misses>754001</misses>
				<total>14</total>
				<timestamp>165.714721</timestamp>
			</report>
			<report>
				<misses>755001</misses>
				<total>14</total>
				<timestamp>165.934513</timestamp>
			</report>
			<report>
				<misses>756001</misses>
				<total>14</total>
				<timestamp>166.154317</timestamp>
			</report>
			<report>
				<misses>757001</misses>
				<total>14</total>
				<timestamp>166.374123</timestamp>
			</report>
			<report>
				<misses>758001</misses>
				<total>14</total>
				<timestamp>166.593870</timestamp>
			</report>
			<report>
				<misses>759001</misses>
				<total>14</total>
				<timestamp>166.813653</timestamp>
			</report>
			<report>
				<misses>760001</misses>
				<total>14</total>
				<timestamp>167.033407</timestamp>
			</report>
			<report>
				<misses>761001</misses>
				<total>14</total>
				<timestamp>167.253188</timestamp>
			</report>
			<report>
				<misses>762001</misses>
				<total>14</total>
				<timestamp>167.472960</timestamp>
			</report>
			<report>
				<misses>763001</misses>
				<total>14</total>
				<timestamp>167.692777</timestamp>
			</report>
			<report>
				<misses>764001</misses>
				<total>13</total>
				<timestamp>167.912655</timestamp>
			</report>
			<report>
				<misses>765001</misses>
				<total>14</total>
				<timestamp>168.132369</timestamp>
			</report>
			<report>
				<misses>766001</misses>
				<total>14</total>
				<timestamp>168.352108</timestamp>
			</report>
			<report>
				<misses>767001</misses>
				<total>14</total>
				<timestamp>168.571860</timestamp>
			</report>
			<report>
				<misses>768001</misses>
				<total>14</total>
				<timestamp>168.791716</timestamp>
			</report>
			<report>
				<misses>769001</misses>
				<total>14</total>
				<timestamp>169.011437</timestamp>
			</report>
			<report>
				<misses>770001</misses>
				<total>13</total>
				<timestamp>169.231271</timestamp>
			</report>
			<report>
				<misses>771001</misses>
				<total>13</total>
				<timestamp>169.451032</timestamp>
			</report>
			<report>
				<misses>772001</misses>
				<total>14</total>
				<timestamp>169.670856</timestamp>
			</report>
			<report>
				<misses>773001</misses>
				<total>14</total>
				<timestamp>169.890604</timestamp>
			</report>
			<report>
				<misses>774001</misses>
				<total>13</total>
				<timestamp>170.110439</timestamp>
			</report>
			<report>
				<misses>775001</misses>
				<total>14</total>
				<timestamp>170.330130</timestamp>
			</report>
			<report>
				<misses>776001</misses>
				<total>14</total>
				<timestamp>170.549887</timestamp>
			</report>
			<report>
				<misses>777001</misses>
				<total>13</total>
				<timestamp>170.769758</timestamp>
			</report>
			<report>
				<misses>778001</misses>
				<total>13</total>
				<timestamp>170.989554</timestamp>
			</report>
			<report>
				<misses>779001</misses>
				<total>14</total>
				<timestamp>171.209271</timestamp>
			</report>
			<report>
				<misses>780001</misses>
				<total>14</total>
				<timestamp>171.429029</timestamp>
			</report>
			<report>
				<misses>781001</misses>
				<total>14</total>
				<timestamp>171.648839</timestamp>
			</report>
			<report>
				<misses>782001</misses>
				<total>14</total>
				<timestamp>171.868608</timestamp>
			</report>
			<report>
				<misses>783001</misses>
				<total>14</total>
				<timestamp>172.088389</timestamp>
			</report>
			<report>
				<misses>784001</misses>
				<total>14</total>
				<timestamp>172.308142</timestamp>
			</report>
			<report>
				<misses>785001</misses>
				<total>13</total>
				<timestamp>172.527999</timestamp>
			</report>
			<report>
				<misses>786001</misses>
				<total>13</total>
				<timestamp>172.747791</timestamp>
			</report>
			<report>
				<misses>787001</misses>
				<total>13</total>
				<timestamp>172.967598</timestamp>
			</report>
			<report>
				<misses>788001</misses>
				<total>14</total>
				<timestamp>173.187276</timestamp>
			</report>
			<report>
				<misses>789001</misses>
				<total>14</total>
				<timestamp>173.407036</timestamp>
			</report>
			<report>
				<misses>790001</misses>
				<total>14</total>
				<timestamp>173.626873</timestamp>
			</report>
			<report>
				<misses>791001</misses>
				<total>14</total>
				<timestamp>173.846633</timestamp>
			</report>
			<report>
				<misses>792001</misses>
				<total>13</total>
				<timestamp>174.066436</timestamp>
			</report>
			<report>
				<misses>793001</misses>
				<total>13</total>
				<timestamp>174.286275</timestamp>
			</report>
			<report>
				<misses>794001</misses>
				<total>14</total>
				<timestamp>174.505931</timestamp>
			</report>
			<report>
				<misses>795001</misses>
				<total>14</total>
				<timestamp>174.725806</timestamp>
			</report>
			<report>
				<misses>796001</misses>
				<total>14</total>
				<timestamp>174.945475</timestamp>
			</report>
			<report>
				<misses>797001</misses>
				<total>14</total>
				<timestamp>175.165291</timestamp>
			</report>
			<report>
				<misses>798001</misses>
				<total>14</total>
				<timestamp>175.385066</timestamp>
			</report>
			<report>
				<misses>799001</misses>
				<total>14</total>
				<timestamp>175.604861</timestamp>
			</report>
			<report>
				<misses>800001</misses>
				<total>14</total>
				<timestamp>175.824670</timestamp>
			</report>
			<report>
				<misses>801001</misses>
				<total>13</total>
				<timestamp>176.044508</timestamp>
			</report>
			<report>
				<misses>802001</misses>
				<total>14</total>
				<timestamp>176.264205</timestamp>
			</report>
			<report>
				<misses>803001</misses>
				<total>14</total>
				<timestamp>176.483966</timestamp>
			</report>
			<report>
				<misses>804001</misses>
				<total>14</total>
				<timestamp>176.703761</timestamp>
			</report>
			<report>
				<misses>805001</misses>
				<total>14</total>
				<timestamp>176.923560</timestamp>
			</report>
			<report>
				<misses>806001</misses>
				<total>13</total>
				<timestamp>177.143348</timestamp>
			</report>
			<report>
				<misses>807001</misses>
				<total>14</total>
				<timestamp>177.363165</timestamp>
			</report>
			<report>
				<misses>808001</misses>
				<total>14</total>
				<timestamp>177.582849</timestamp>
			</report>
			<report>
				<misses>809001</misses>
				<total>13</total>
				<timestamp>177.802707</timestamp>
			</report>
			<report>
				<misses>810001</misses>
				<total>14</total>
				<timestamp>178.022396</timestamp>
			</report>
			<report>
				<misses>811001</misses>
				<total>13</total>
				<timestamp>178.242256</timestamp>
			</report>
			<report>
				<misses>812001</misses>
				<total>14</total>
				<timestamp>178.461968</timestamp>
			</report>
			<report>
				<misses>813001</misses>
				<total>14</total>
				<timestamp>178.681790</timestamp>
			</report>
			<report>
				<misses>814001</misses>
				<total>14</total>
				<timestamp>178.901641</timestamp>
			</report>
			<report>
				<misses>815001</misses>
				<total>14</total>
				<timestamp>179.121343</timestamp>
			</report>
			<report>
				<misses>816001</misses>
				<total>14</total>
				<timestamp>179.341151</timestamp>
			</report>
			<report>
				<misses>817001</misses>
				<total>14</total>
				<timestamp>179.560861</timestamp>
			</report>
			<report>
				<misses>818001</misses>
				<total>14</total>
				<timestamp>179.780644</timestamp>
			</report>
			<report>
				<misses>819001</misses>
				<total>14</total>
				<timestamp>180.000459</timestamp>
			</report>
			<report>
				<misses>820001</misses>
				<total>13</total>
				<timestamp>180.220324</timestamp>
			</report>
			<report>
				<misses>821001</misses>
				<total>14</total>
				<timestamp>180.440009</timestamp>
			</report>
			<report>
				<misses>822001</misses>
				<total>14</total>
				<timestamp>180.659848</timestamp>
			</report>
			<report>
				<misses>823001</misses>
				<total>14</total>
				<timestamp>180.879628</timestamp>
			</report>
			<report>
				<misses>824001</misses>
				<total>14</total>
				<timestamp>181.099320</timestamp>
			</report>
			<report>
				<misses>825001</misses>
				<total>14</total>
				<timestamp>181.319098</timestamp>
			</report>
			<report>
				<misses>826001</misses>
				<total>14</total>
				<timestamp>181.538946</timestamp>
			</report>
			<report>
				<misses>827001</misses>
				<total>14</total>
				<timestamp>181.758726</timestamp>
			</report>
			<report>
				<misses>828001</misses>
				<total>14</total>
				<timestamp>181.978507</timestamp>
			</report>
			<report>
				<misses>829001</misses>
				<total>14</total>
				<timestamp>182.198241</timestamp>
			</report>
			<report>
				<misses>830001</misses>
				<total>14</total>
				<timestamp>182.418017</timestamp>
			</report>
			<report>
				<misses>831001</misses>
				<total>14</total>
				<timestamp>182.637789</timestamp>
			</report>
			<report>
				<misses>832001</misses>
				<total>14</total>
				<timestamp>182.857604</timestamp>
			</report>
			<report>
				<misses>833001</misses>
				<total>14</total>
				<timestamp>183.077366</timestamp>
			</report>
			<report>
				<misses>834001</misses>
				<total>14</total>
				<timestamp>183.297203</timestamp>
			</report>
			<report>
				<misses>835001</misses>
				<total>14</total>
				<timestamp>183.516971</timestamp>
			</report>
			<report>
				<misses>836001</misses>
				<total>14</total>
				<timestamp>183.736753</timestamp>
			</report>
			<report>
				<misses>837001</misses>
				<total>14</total>
				<timestamp>183.956479</timestamp>
			</report>
			<report>
				<misses>838001</misses>
				<total>14</total>
				<timestamp>184.176237</timestamp>
			</report>
			<report>
				<misses>839001</misses>
				<total>14</total>
				<timestamp>184.396110</timestamp>
			</report>
			<report>
				<misses>840001</misses>
				<total>14</total>
				<timestamp>184.615811</timestamp>
			</report>
			<report>
				<misses>841001</misses>
				<total>14</total>
				<timestamp>184.835609</timestamp>
			</report>
			<report>
				<misses>842001</misses>
				<total>13</total>
				<timestamp>185.055421</timestamp>
			</report>
			<report>
				<misses>843001</misses>
				<total>14</total>
				<timestamp>185.275246</timestamp>
			</report>
			<report>
				<misses>844001</misses>
				<total>14</total>
				<timestamp>185.494919</timestamp>
			</report>
			<report>
				<misses>845001</misses>
				<total>14</total>
				<timestamp>185.714759</timestamp>
			</report>
			<report>
				<misses>846001</misses>
				<total>14</total>
				<timestamp>185.934487</timestamp>
			</report>
			<report>
				<misses>847001</misses>
				<total>13</total>
				<timestamp>186.154364</timestamp>
			</report>
			<report>
				<misses>848001</misses>
				<total>13</total>
				<timestamp>186.374127</timestamp>
			</report>
			<report>
				<misses>849001</misses>
				<total>13</total>
				<timestamp>186.593854</timestamp>
			</report>
			<report>
				<misses>850001</misses>
				<total>14</total>
				<timestamp>186.813648</timestamp>
			</report>
			<report>
				<misses>851001</misses>
				<total>14</total>
				<timestamp>187.033380</timestamp>
			</report>
			<report>
				<misses>852001</misses>
				<total>14</total>
				<timestamp>187.253240</timestamp>
			</report>
			<report>
				<misses>853001</misses>
				<total>14</total>
				<timestamp>187.472954</timestamp>
			</report>
			<report>
				<misses>854001</misses>
				<total>14</total>
				<timestamp>187.692728</timestamp>
			</report>
			<report>
				<misses>855001</misses>
				<total>13</total>
				<timestamp>187.912583</timestamp>
			</report>
			<report>
				<misses>856001</misses>
				<total>14</total>
				<timestamp>188.132365</timestamp>
			</report>
			<report>
				<misses>857001</misses>
				<total>13</total>
				<timestamp>188.352166</timestamp>
			</report>
			<report>
				<misses>858001</misses>
				<total>14</total>
				<timestamp>188.571904</timestamp>
			</report>
			<report>
				<misses>859001</misses>
				<total>14</total>
				<timestamp>188.791714</timestamp>
			</report>
			<report>
				<misses>860001</misses>
				<total>14</total>
				<timestamp>189.011420</timestamp>
			</report>
			<report>
				<misses>861001</misses>
				<total>13</total>
				<timestamp>189.231250</timestamp>
			</report>
			<report>
				<misses>862001</misses>
				<total>14</total>
				<timestamp>189.450960</timestamp>
			</report>
			<report>
				<misses>863001</misses>
				<total>14</total>
				<timestamp>189.670798</timestamp>
			</report>
			<report>
				<misses>864001</misses>
				<total>14</total>
				<timestamp>189.890576</timestamp>
			</report>
			<report>
				<misses>865001</misses>
				<total>13</total>
				<timestamp>190.110462</timestamp>
			</report>
			<report>
				<misses>866001</misses>
				<total>14</total>
				<timestamp>190.330100</timestamp>
			</report>
			<report>
				<misses>867001</misses>
				<total>15</total>
				<timestamp>190.549870</timestamp>
			</report>
			<report>
				<misses>868001</misses>
				<total>14</total>
				<timestamp>190.769720</timestamp>
			</report>
			<report>
				<misses>869001</misses>
				<total>15</total>
				<timestamp>190.989439</timestamp>
			</report>
			<report>
				<misses>870001</misses>
				<total>15</total>
				<timestamp>191.209211</timestamp>
			</report>
			<report>
				<misses>871001</misses>
				<total>15</total>
				<timestamp>191.429029</timestamp>
			</report>
			<report>
				<misses>872001</misses>
				<total>15</total>
				<timestamp>191.648767</timestamp>
			</report>
			<report>
				<misses>873001</misses>
				<total>14</total>
				<timestamp>191.868635</timestamp>
			</report>
			<report>
				<misses>874001</misses>
				<total>15</total>
				<timestamp>192.088438</timestamp>
			</report>
			<report>
				<misses>875001</misses>
				<total>15</total>
				<timestamp>192.308135</timestamp>
			</report>
			<report>
				<misses>876001</misses>
				<total>15</total>
				<timestamp>192.527932</timestamp>
			</report>
			<report>
				<misses>877001</misses>
				<total>14</total>
				<timestamp>192.747723</timestamp>
			</report>
			<report>
				<misses>878001</misses>
				<total>15</total>
				<timestamp>192.967490</timestamp>
			</report>
			<report>
				<misses>879001</misses>
				<total>15</total>
				<timestamp>193.187268</timestamp>
			</report>
			<report>
				<misses>880001</misses>
				<total>15</total>
				<timestamp>193.407025</timestamp>
			</report>
			<report>
				<misses>881001</misses>
				<total>15</total>
				<timestamp>193.626791</timestamp>
			</report>
			<report>
				<misses>882001</misses>
				<total>15</total>
				<timestamp>193.846613</timestamp>
			</report>
			<report>
				<misses>883001</misses>
				<total>15</total>
				<timestamp>194.066348</timestamp>
			</report>
			<report>
				<misses>884001</misses>
				<total>15</total>
				<timestamp>194.286164</timestamp>
			</report>
			<report>
				<misses>885001</misses>
				<total>14</total>
				<timestamp>194.505985</timestamp>
			</report>
			<report>
				<misses>886001</misses>
				<total>15</total>
				<timestamp>194.725697</timestamp>
			</report>
			<report>
				<misses>887001</misses>
				<total>15</total>
				<timestamp>194.945498</timestamp>
			</report>
			<report>
				<misses>888001</misses>
				<total>14</total>
				<timestamp>195.165293</timestamp>
			</report>
			<report>
				<misses>889001</misses>
				<total>14</total>
				<timestamp>195.385114</timestamp>
			</report>
			<report>
				<misses>890001</misses>
				<total>15</total>
				<timestamp>195.604816</timestamp>
			</report>
			<report>
				<misses>891001</misses>
				<total>15</total>
				<timestamp>195.824687</timestamp>
			</report>
			<report>
				<misses>892001</misses>
				<total>14</total>
				<timestamp>196.044425</timestamp>
			</report>
			<report>
				<misses>893001</misses>
				<total>14</total>
				<timestamp>196.264192</timestamp>
			</report>
			<report>
				<misses>894001</misses>
				<total>15</total>
				<timestamp>196.483931</timestamp>
			</report>
			<report>
				<misses>895001</misses>
				<total>15</total>
				<timestamp>196.703706</timestamp>
			</report>
			<report>
				<misses>896001</misses>
				<total>15</total>
				<timestamp>196.923584</timestamp>
			</report>
			<report>
				<misses>897001</misses>
				<total>15</total>
				<timestamp>197.143267</timestamp>
			</report>
			<report>
				<misses>898001</misses>
				<total>15</total>
				<timestamp>197.363104</timestamp>
			</report>
			<report>
				<misses>899001</misses>
				<total>15</total>
				<timestamp>197.582828</timestamp>
			</report>
			<report>
				<misses>900001</misses>
				<total>15</total>
				<timestamp>197.802686</timestamp>
			</report>
			<report>
				<misses>901001</misses>
				<total>15</total>
				<timestamp>198.022464</timestamp>
			</report>
			<report>
				<misses>902001</misses>
				<total>15</total>
				<timestamp>198.242226</timestamp>
			</report>
			<report>
				<misses>903001</misses>
				<total>15</total>
				<timestamp>198.462020</timestamp>
			</report>
			<report>
				<misses>904001</misses>
				<total>15</total>
				<timestamp>198.681727</timestamp>
			</report>
			<report>
				<misses>905001</misses>
				<total>15</total>
				<timestamp>198.901559</timestamp>
			</report>
			<report>
				<misses>906001</misses>
				<total>14</total>
				<timestamp>199.121372</timestamp>
			</report>
			<report>
				<misses>907001</misses>
				<total>14</total>
				<timestamp>199.341176</timestamp>
			</report>
			<report>
				<misses>908001</misses>
				<total>15</total>
				<timestamp>199.560859</timestamp>
			</report>
			<report>
				<misses>909001</misses>
				<total>15</total>
				<timestamp>199.780677</timestamp>
			</report>
			<report>
				<misses>910001</misses>
				<total>15</total>
				<timestamp>200.000460</timestamp>
			</report>
			<report>
				<misses>911001</misses>
				<total>14</total>
				<timestamp>200.220284</timestamp>
			</report>
			<report>
				<misses>912001</misses>
				<total>15</total>
				<timestamp>200.439963</timestamp>
			</report>
			<report>
				<misses>913001</misses>
				<total>15</total>
				<timestamp>200.659750</timestamp>
			</report>
			<report>
				<misses>914001</misses>
				<total>15</total>
				<timestamp>200.879549</timestamp>
			</report>
			<report>
				<misses>915001</misses>
				<total>15</total>
				<timestamp>201.099319</timestamp>
			</report>
			<report>
				<misses>916001</misses>
				<total>15</total>
				<timestamp>201.319113</timestamp>
			</report>
			<report>
				<misses>917001</misses>
				<total>15</total>
				<timestamp>201.538864</timestamp>
			</report>
			<report>
				<misses>918001</misses>
				<total>14</total>
				<timestamp>201.758737</timestamp>
			</report>
			<report>
				<misses>919001</misses>
				<total>15</total>
				<timestamp>201.978486</timestamp>
			</report>
			<report>
				<misses>920001</misses>
				<total>15</total>
				<timestamp>202.198229</timestamp>
			</report>
			<report>
				<misses>921001</misses>
				<total>15</total>
				<timestamp>202.418015</timestamp>
			</report>
			<report>
				<misses>922001</misses>
				<total>15</total>
				<timestamp>202.637788</timestamp>
			</report>
			<report>
				<misses>923001</misses>
				<total>15</total>
				<timestamp>202.857565</timestamp>
			</report>
			<report>
				<misses>924001</misses>
				<total>14</total>
				<timestamp>203.077485</timestamp>
			</report>
			<report>
				<misses>925001</misses>
				<total>14</total>
				<timestamp>203.297151</timestamp>
			</report>
			<report>
				<misses>926001</misses>
				<total>14</total>
				<timestamp>203.516910</timestamp>
			</report>
			<report>
				<misses>927001</misses>
				<total>15</total>
				<timestamp>203.736675</timestamp>
			</report>
			<report>
				<misses>928001</misses>
				<total>15</total>
				<timestamp>203.956458</timestamp>
			</report>
			<report>
				<misses>929001</misses>
				<total>14</total>
				<timestamp>204.176283</timestamp>
			</report>
			<report>
				<misses>930001</misses>
				<total>15</total>
				<timestamp>204.396014</timestamp>
			</report>
			<report>
				<misses>931001</misses>
				<total>15</total>
				<timestamp>204.615785</timestamp>
			</report>
			<report>
				<misses>932001</misses>
				<total>15</total>
				<timestamp>204.835603</timestamp>
			</report>
			<report>
				<misses>933001</misses>
				<total>15</total>
				<timestamp>205.055363</timestamp>
			</report>
			<report>
				<misses>934001</misses>
				<total>15</total>
				<timestamp>205.275128</timestamp>
			</report>
			<report>
				<misses>935001</misses>
				<total>15</total>
				<timestamp>205.494905</timestamp>
			</report>
			<report>
				<misses>936001</misses>
				<total>14</total>
				<timestamp>205.714779</timestamp>
			</report>
			<report>
				<misses>937001</misses>
				<total>14</total>
				<timestamp>205.934629</timestamp>
			</report>
			<report>
				<misses>938001</misses>
				<total>15</total>
				<timestamp>206.154397</timestamp>
			</report>
			<report>
				<misses>939001</misses>
				<total>15</total>
				<timestamp>206.374083</timestamp>
			</report>
			<report>
				<misses>940001</misses>
				<total>15</total>
				<timestamp>206.593804</timestamp>
			</report>
			<report>
				<misses>941001</misses>
				<total>15</total>
				<timestamp>206.813628</timestamp>
			</report>
			<report>
				<misses>942001</misses>
				<total>15</total>
				<timestamp>207.033380</timestamp>
			</report>
			<report>
				<misses>943001</misses>
				<total>15</total>
				<timestamp>207.253226</timestamp>
			</report>
			<report>
				<misses>944001</misses>
				<total>14</total>
				<timestamp>207.473020</timestamp>
			</report>
			<report>
				<misses>945001</misses>
				<total>14</total>
				<timestamp>207.692768</timestamp>
			</report>
			<report>
				<misses>946001</misses>
				<total>15</total>
				<timestamp>207.912551</timestamp>
			</report>
			<report>
				<misses>947001</misses>
				<total>15</total>
				<timestamp>208.132276</timestamp>
			</report>
			<report>
				<misses>948001</misses>
				<total>15</total>
				<timestamp>208.352065</timestamp>
			</report>
			<report>
				<misses>949001</misses>
				<total>15</total>
				<timestamp>208.571875</timestamp>
			</report>
			<report>
				<misses>950001</misses>
				<total>14</total>
				<timestamp>208.791682</timestamp>
			</report>
			<report>
				<misses>951001</misses>
				<total>15</total>
				<timestamp>209.011454</timestamp>
			</report>
			<report>
				<misses>952001</misses>
				<total>15</total>
				<timestamp>209.231220</timestamp>
			</report>
			<report>
				<misses>953001</misses>
				<total>14</total>
				<timestamp>209.450998</timestamp>
			</report>
			<report>
				<misses>954001</misses>
				<total>15</total>
				<timestamp>209.670740</timestamp>
			</report>
			<report>
				<misses>955001</misses>
				<total>15</total>
				<timestamp>209.890528</timestamp>
			</report>
			<report>
				<misses>956001</misses>
				<total>15</total>
				<timestamp>210.110286</timestamp>
			</report>
			<report>
				<misses>957001</misses>
				<total>15</total>
				<timestamp>210.330123</timestamp>
			</report>
			<report>
				<misses>958001</misses>
				<total>15</total>
				<timestamp>210.549861</timestamp>
			</report>
			<report>
				<misses>959001</misses>
				<total>15</total>
				<timestamp>210.769663</timestamp>
			</report>
			<report>
				<misses>960001</misses>
				<total>15</total>
				<timestamp>210.989471</timestamp>
			</report>
			<report>
				<misses>961001</misses>
				<total>15</total>
				<timestamp>211.209226</timestamp>
			</report>
			<report>
				<misses>962001</misses>
				<total>15</total>
				<timestamp>211.428990</timestamp>
			</report>
			<report>
				<misses>963001</misses>
				<total>15</total>
				<timestamp>211.648749</timestamp>
			</report>
			<report>
				<misses>964001</misses>
				<total>15</total>
				<timestamp>211.868550</timestamp>
			</report>
			<report>
				<misses>965001</misses>
				<total>15</total>
				<timestamp>212.088312</timestamp>
			</report>
			<report>
				<misses>966001</misses>
				<total>14</total>
				<timestamp>212.308192</timestamp>
			</report>
			<report>
				<misses>967001</misses>
				<total>15</total>
				<timestamp>212.527884</timestamp>
			</report>
			<report>
				<misses>968001</misses>
				<total>15</total>
				<timestamp>212.747671</timestamp>
			</report>
			<report>
				<misses>969001</misses>
				<total>15</total>
				<timestamp>212.967463</timestamp>
			</report>
			<report>
				<misses>970001</misses>
				<total>15</total>
				<timestamp>213.187284</timestamp>
			</report>
			<report>
				<misses>971001</misses>
				<total>14</total>
				<timestamp>213.407041</timestamp>
			</report>
			<report>
				<misses>972001</misses>
				<total>15</total>
				<timestamp>213.626878</timestamp>
			</report>
			<report>
				<misses>973001</misses>
				<total>14</total>
				<timestamp>213.846683</timestamp>
			</report>
			<report>
				<misses>974001</misses>
				<total>15</total>
				<timestamp>214.066328</timestamp>
			</report>
			<report>
				<misses>975001</misses>
				<total>15</total>
				<timestamp>214.286162</timestamp>
			</report>
			<report>
				<misses>976001</misses>
				<total>15</total>
				<timestamp>214.505883</timestamp>
			</report>
			<report>
				<misses>977001</misses>
				<total>15</total>
				<timestamp>214.725666</timestamp>
			</report>
			<report>
				<misses>978001</misses>
				<total>15</total>
				<timestamp>214.945542</timestamp>
			</report>
			<report>
				<misses>979001</misses>
				<total>15</total>
				<timestamp>215.165305</timestamp>
			</report>
			<report>
				<misses>980001</misses>
				<total>14</total>
				<timestamp>215.385140</timestamp>
			</report>
			<report>
				<misses>981001</misses>
				<total>15</total>
				<timestamp>215.604793</timestamp>
			</report>
			<report>
				<misses>982001</misses>
				<total>15</total>
				<timestamp>215.824601</timestamp>
			</report>
			<report>
				<misses>983001</misses>
				<total>15</total>
				<timestamp>216.044391</timestamp>
			</report>
			<report>
				<misses>984001</misses>
				<total>15</total>
				<timestamp>216.264160</timestamp>
			</report>
			<report>
				<misses>985001</misses>
				<total>15</total>
				<timestamp>216.483906</timestamp>
			</report>
			<report>
				<misses>986001</misses>
				<total>15</total>
				<timestamp>216.703788</timestamp>
			</report>
			<report>
				<misses>987001</misses>
				<total>15</total>
				<timestamp>216.923486</timestamp>
			</report>
			<report>
				<misses>988001</misses>
				<total>14</total>
				<timestamp>217.143388</timestamp>
			</report>
			<report>
				<misses>989001</misses>
				<total>14</total>
				<timestamp>217.363094</timestamp>
			</report>
			<report>
				<misses>990001</misses>
				<total>15</total>
				<timestamp>217.582865</timestamp>
			</report>
			<report>
				<misses>991001</misses>
				<total>15</total>
				<timestamp>217.802600</timestamp>
			</report>
			<report>
				<misses>992001</misses>
				<total>15</total>
				<timestamp>218.022396</timestamp>
			</report>
			<report>
				<misses>993001</misses>
				<total>14</total>
				<timestamp>218.242249</timestamp>
			</report>
			<report>
				<misses>994001</misses>
				<total>14</total>
				<timestamp>218.461974</timestamp>
			</report>
			<report>
				<misses>995001</misses>
				<total>15</total>
				<timestamp>218.681735</timestamp>
			</report>
			<report>
				<misses>996001</misses>
				<total>15</total>
				<timestamp>218.901503</timestamp>
			</report>
			<report>
				<misses>997001</misses>
				<total>15</total>
				<timestamp>219.121277</timestamp>
			</report>
			<report>
				<misses>998001</misses>
				<total>15</total>
				<timestamp>219.341072</timestamp>
			</report>
			<report>
				<misses>999001</misses>
				<total>15</total>
				<timestamp>219.560862</timestamp>
			</report>
			<report>
				<misses>1000001</misses>
				<total>15</total>
				<timestamp>219.780613</timestamp>
			</report>
			<report>
				<misses>1001001</misses>
				<total>14</total>
				<timestamp>220.000433</timestamp>
			</report>
			<report>
				<misses>1002001</misses>
				<total>14</total>
				<timestamp>220.220229</timestamp>
			</report>
			<report>
				<misses>1003001</misses>
				<total>15</total>
				<timestamp>220.440015</timestamp>
			</report>
			<report>
				<misses>1004001</misses>
				<total>15</total>
				<timestamp>220.659723</timestamp>
			</report>
			<report>
				<misses>1005001</misses>
				<total>15</total>
				<timestamp>220.879509</timestamp>
			</report>
			<report>
				<misses>1006001</misses>
				<total>15</total>
				<timestamp>221.099338</timestamp>
			</report>
			<report>
				<misses>1007001</misses>
				<total>14</total>
				<timestamp>221.319150</timestamp>
			</report>
			<report>
				<misses>1008001</misses>
				<total>15</total>
				<timestamp>221.538870</timestamp>
			</report>
			<report>
				<misses>1009001</misses>
				<total>15</total>
				<timestamp>221.758637</timestamp>
			</report>
			<report>
				<misses>1010001</misses>
				<total>15</total>
				<timestamp>221.978426</timestamp>
			</report>
			<report>
				<misses>1011001</misses>
				<total>15</total>
				<timestamp>222.198256</timestamp>
			</report>
			<report>
				<misses>1012001</misses>
				<total>15</total>
				<timestamp>222.418026</timestamp>
			</report>
			<report>
				<misses>1013001</misses>
				<total>15</total>
				<timestamp>222.637788</timestamp>
			</report>
			<report>
				<misses>1014001</misses>
				<total>15</total>
				<timestamp>222.857550</timestamp>
			</report>
			<report>
				<misses>1015001</misses>
				<total>15</total>
				<timestamp>223.077372</timestamp>
			</report>
			<report>
				<misses>1016001</misses>
				<total>14</total>
				<timestamp>223.297185</timestamp>
			</report>
			<report>
				<misses>1017001</misses>
				<total>14</total>
				<timestamp>223.516943</timestamp>
			</report>
			<report>
				<misses>1018001</misses>
				<total>14</total>
				<timestamp>223.736675</timestamp>
			</report>
			<report>
				<misses>1019001</misses>
				<total>15</total>
				<timestamp>223.956434</timestamp>
			</report>
			<report>
				<misses>1020001</misses>
				<total>15</total>
				<timestamp>224.176203</timestamp>
			</report>
			<report>
				<misses>1021001</misses>
				<total>15</total>
				<timestamp>224.396011</timestamp>
			</report>
			<report>
				<misses>1022001</misses>
				<total>15</total>
				<timestamp>224.615766</timestamp>
			</report>
			<report>
				<misses>1023001</misses>
				<total>15</total>
				<timestamp>224.835575</timestamp>
			</report>
			<report>
				<misses>1024001</misses>
				<total>15</total>
				<timestamp>225.055357</timestamp>
			</report>
			<report>
				<misses>1025001</misses>
				<total>15</total>
				<timestamp>225.275140</timestamp>
			</report>
			<report>
				<misses>1026001</misses>
				<total>15</total>
				<timestamp>225.494914</timestamp>
			</report>
			<report>
				<misses>1027001</misses>
				<total>15</total>
				<timestamp>225.714745</timestamp>
			</report>
			<report>
				<misses>1028001</misses>
				<total>15</total>
				<timestamp>225.934544</timestamp>
			</report>
			<report>
				<misses>1029001</misses>
				<total>15</total>
				<timestamp>226.154256</timestamp>
			</report>
			<report>
				<misses>1030001</misses>
				<total>15</total>
				<timestamp>226.374053</timestamp>
			</report>
			<report>
				<misses>1031001</misses>
				<total>15</total>
				<timestamp>226.593792</timestamp>
			</report>
			<report>
				<misses>1032001</misses>
				<total>14</total>
				<timestamp>226.813633</timestamp>
			</report>
			<report>
				<misses>1033001</misses>
				<total>15</total>
				<timestamp>227.033367</timestamp>
			</report>
			<report>
				<misses>1034001</misses>
				<total>15</total>
				<timestamp>227.253131</timestamp>
			</report>
			<report>
				<misses>1035001</misses>
				<total>15</total>
				<timestamp>227.472951</timestamp>
			</report>
			<report>
				<misses>1036001</misses>
				<total>15</total>
				<timestamp>227.692727</timestamp>
			</report>
			<report>
				<misses>1037001</misses>
				<total>14</total>
				<timestamp>227.912553</timestamp>
			</report>
			<report>
				<misses>1038001</misses>
				<total>15</total>
				<timestamp>228.132268</timestamp>
			</report>
			<report>
				<misses>1039001</misses>
				<total>15</total>
				<timestamp>228.352050</timestamp>
			</report>
			<report>
				<misses>1040001</misses>
				<total>15</total>
				<timestamp>228.571792</timestamp>
			</report>
			<report>
				<misses>1041001</misses>
				<total>15</total>
				<timestamp>228.791584</timestamp>
			</report>
			<report>
				<misses>1042001</misses>
				<total>15</total>
				<timestamp>229.011370</timestamp>
			</report>
			<report>
				<misses>1043001</misses>
				<total>15</total>
				<timestamp>229.231167</timestamp>
			</report>
			<report>
				<misses>1044001</misses>
				<total>14</total>
				<timestamp>229.451011</timestamp>
			</report>
			<report>
				<misses>1045001</misses>
				<total>14</total>
				<timestamp>229.670783</timestamp>
			</report>
			<report>
				<misses>1046001</misses>
				<total>15</total>
				<timestamp>229.890559</timestamp>
			</report>
			<report>
				<misses>1047001</misses>
				<total>15</total>
				<timestamp>230.110308</timestamp>
			</report>
			<report>
				<misses>1048001</misses>
				<total>15</total>
				<timestamp>230.330069</timestamp>
			</report>
			<report>
				<misses>1049001</misses>
				<total>15</total>
				<timestamp>230.549826</timestamp>
			</report>
			<report>
				<misses>1050001</misses>
				<total>15</total>
				<timestamp>230.769699</timestamp>
			</report>
			<report>
				<misses>1051001</misses>
				<total>15</total>
				<timestamp>230.989457</timestamp>
			</report>
			<report>
				<misses>1052001</misses>
				<total>14</total>
				<timestamp>231.209276</timestamp>
			</report>
			<report>
				<misses>1053001</misses>
				<total>15</total>
				<timestamp>231.428976</timestamp>
			</report>
			<report>
				<misses>1054001</misses>
				<total>15</total>
				<timestamp>231.648726</timestamp>
			</report>
			<report>
				<misses>1055001</misses>
				<total>15</total>
				<timestamp>231.868566</timestamp>
			</report>
			<report>
				<misses>1056001</misses>
				<total>15</total>
				<timestamp>232.088307</timestamp>
			</report>
			<report>
				<misses>1057001</misses>
				<total>15</total>
				<timestamp>232.308083</timestamp>
			</report>
			<report>
				<misses>1058001</misses>
				<total>14</total>
				<timestamp>232.527972</timestamp>
			</report>
			<report>
				<misses>1059001</misses>
				<total>15</total>
				<timestamp>232.747630</timestamp>
			</report>
			<report>
				<misses>1060001</misses>
				<total>14</total>
				<timestamp>232.967488</timestamp>
			</report>
			<report>
				<misses>1061001</misses>
				<total>15</total>
				<timestamp>233.187221</timestamp>
			</report>
			<report>
				<misses>1062001</misses>
				<total>14</total>
				<timestamp>233.407056</timestamp>
			</report>
			<report>
				<misses>1063001</misses>
				<total>15</total>
				<timestamp>233.626740</timestamp>
			</report>
			<report>
				<misses>1064001</misses>
				<total>15</total>
				<timestamp>233.846571</timestamp>
			</report>
			<report>
				<misses>1065001</misses>
				<total>15</total>
				<timestamp>234.066328</timestamp>
			</report>
			<report>
				<misses>1066001</misses>
				<total>14</total>
				<timestamp>234.286211</timestamp>
			</report>
			<report>
				<misses>1067001</misses>
				<total>15</total>
				<timestamp>234.505868</timestamp>
			</report>
			<report>
				<misses>1068001</misses>
				<total>15</total>
				<timestamp>234.725687</timestamp>
			</report>
			<report>
				<misses>1069001</misses>
				<total>15</total>
				<timestamp>234.945440</timestamp>
			</report>
			<report>
				<misses>1070001</misses>
				<total>15</total>
				<timestamp>235.165231</timestamp>
			</report>
			<report>
				<misses>1071001</misses>
				<total>15</total>
				<timestamp>235.385003</timestamp>
			</report>
			<report>
				<misses>1072001</misses>
				<total>15</total>
				<timestamp>235.604768</timestamp>
			</report>
			<report>
				<misses>1073001</misses>
				<total>15</total>
				<timestamp>235.824540</timestamp>
			</report>
			<report>
				<misses>1074001</misses>
				<total>15</total>
				<timestamp>236.044335</timestamp>
			</report>
			<report>
				<misses>1075001</misses>
				<total>15</total>
				<timestamp>236.264158</timestamp>
			</report>
			<report>
				<misses>1076001</misses>
				<total>15</total>
				<timestamp>236.483935</timestamp>
			</report>
			<report>
				<misses>1077001</misses>
				<total>14</total>
				<timestamp>236.703715</timestamp>
			</report>
			<report>
				<misses>1078001</misses>
				<total>14</total>
				<timestamp>236.923483</timestamp>
			</report>
			<report>
				<misses>1079001</misses>
				<total>15</total>
				<timestamp>237.143234</timestamp>
			</report>
			<report>
				<misses>1080001</misses>
				<total>15</total>
				<timestamp>237.363049</timestamp>
			</report>
			<report>
				<misses>1081001</misses>
				<total>15</total>
				<timestamp>237.582797</timestamp>
			</report>
			<report>
				<misses>1082001</misses>
				<total>15</total>
				<timestamp>237.802577</timestamp>
			</report>
			<report>
				<misses>1083001</misses>
				<total>15</total>
				<timestamp>238.022422</timestamp>
			</report>
			<report>
				<misses>1084001</misses>
				<total>15</total>
				<timestamp>238.242151</timestamp>
			</report>
			<report>
				<misses>1085001</misses>
				<total>15</total>
				<timestamp>238.461896</timestamp>
			</report>
			<report>
				<misses>1086001</misses>
				<total>15</total>
				<timestamp>238.681685</timestamp>
			</report>
			<report>
				<misses>1087001</misses>
				<total>14</total>
				<timestamp>238.901547</timestamp>
			</report>
			<report>
				<misses>1088001</misses>
				<total>15</total>
				<timestamp>239.121291</timestamp>
			</report>
			<report>
				<misses>1089001</misses>
				<total>15</total>
				<timestamp>239.341041</timestamp>
			</report>
			<report>
				<misses>1090001</misses>
				<total>15</total>
				<timestamp>239.560867</timestamp>
			</report>
			<report>
				<misses>1091001</misses>
				<total>16</total>
				<timestamp>239.780583</timestamp>
			</report>
			<report>
				<misses>1092001</misses>
				<total>16</total>
				<timestamp>240.000402</timestamp>
			</report>
			<report>
				<misses>1093001</misses>
				<total>16</total>
				<timestamp>240.220215</timestamp>
			</report>
			<report>
				<misses>1094001</misses>
				<total>16</total>
				<timestamp>240.439927</timestamp>
			</report>
			<report>
				<misses>1095001</misses>
				<total>16</total>
				<timestamp>240.659696</timestamp>
			</report>
			<report>
				<misses>1096001</misses>
				<total>16</total>
				<timestamp>240.879537</timestamp>
			</report>
			<report>
				<misses>1097001</misses>
				<total>15</total>
				<timestamp>241.099315</timestamp>
			</report>
			<report>
				<misses>1098001</misses>
				<total>15</total>
				<timestamp>241.319132</timestamp>
			</report>
			<report>
				<misses>1099001</misses>
				<total>16</total>
				<timestamp>241.538867</timestamp>
			</report>
			<report>
				<misses>1100001</misses>
				<total>16</total>
				<timestamp>241.758614</timestamp>
			</report>
			<report>
				<misses>1101001</misses>
				<total>15</total>
				<timestamp>241.978430</timestamp>
			</report>
			<report>
				<misses>1102001</misses>
				<total>16</total>
				<timestamp>242.198240</timestamp>
			</report>
			<report>
				<misses>1103001</misses>
				<total>16</total>
				<timestamp>242.417992</timestamp>
			</report>
			<report>
				<misses>1104001</misses>
				<total>16</total>
				<timestamp>242.637733</timestamp>
			</report>
			<report>
				<misses>1105001</misses>
				<total>16</total>
				<timestamp>242.857501</timestamp>
			</report>
			<report>
				<misses>1106001</misses>
				<total>16</total>
				<timestamp>243.077310</timestamp>
			</report>
			<report>
				<misses>1107001</misses>
				<total>16</total>
				<timestamp>243.297075</timestamp>
			</report>
			<report>
				<misses>1108001</misses>
				<total>16</total>
				<timestamp>243.516966</timestamp>
			</report>
			<report>
				<misses>1109001</misses>
				<total>16</total>
				<timestamp>243.736636</timestamp>
			</report>
			<report>
				<misses>1110001</misses>
				<total>15</total>
				<timestamp>243.956509</timestamp>
			</report>
			<report>
				<misses>1111001</misses>
				<total>16</total>
				<timestamp>244.176236</timestamp>
			</report>
			<report>
				<misses>1112001</misses>
				<total>16</total>
				<timestamp>244.395974</timestamp>
			</report>
			<report>
				<misses>1113001</misses>
				<total>16</total>
				<timestamp>244.615757</timestamp>
			</report>
			<report>
				<misses>1114001</misses>
				<total>16</total>
				<timestamp>244.835529</timestamp>
			</report>
			<report>
				<misses>1115001</misses>
				<total>15</total>
				<timestamp>245.055400</timestamp>
			</report>
			<report>
				<misses>1116001</misses>
				<total>16</total>
				<timestamp>245.275105</timestamp>
			</report>
			<report>
				<misses>1117001</misses>
				<total>16</total>
				<timestamp>245.494870</timestamp>
			</report>
			<report>
				<misses>1118001</misses>
				<total>16</total>
				<timestamp>245.714668</timestamp>
			</report>
			<report>
				<misses>1119001</misses>
				<total>16</total>
				<timestamp>245.934430</timestamp>
			</report>
			<report>
				<misses>1120001</misses>
				<total>16</total>
				<timestamp>246.154226</timestamp>
			</report>
			<report>
				<misses>1121001</misses>
				<total>16</total>
				<timestamp>246.373998</timestamp>
			</report>
			<report>
				<misses>1122001</misses>
				<total>16</total>
				<timestamp>246.593799</timestamp>
			</report>
			<report>
				<misses>1123001</misses>
				<total>15</total>
				<timestamp>246.813611</timestamp>
			</report>
			<report>
				<misses>1124001</misses>
				<total>16</total>
				<timestamp>247.033372</timestamp>
			</report>
			<report>
				<misses>1125001</misses>
				<total>16</total>
				<timestamp>247.253152</timestamp>
			</report>
			<report>
				<misses>1126001</misses>
				<total>15</total>
				<timestamp>247.472933</timestamp>
			</report>
			<report>
				<misses>1127001</misses>
				<total>16</total>
				<timestamp>247.692674</timestamp>
			</report>
			<report>
				<misses>1128001</misses>
				<total>16</total>
				<timestamp>247.912496</timestamp>
			</report>
			<report>
				<misses>1129001</misses>
				<total>16</total>
				<timestamp>248.132235</timestamp>
			</report>
			<report>
				<misses>1130001</misses>
				<total>16</total>
				<timestamp>248.352038</timestamp>
			</report>
			<report>
				<misses>1131001</misses>
				<total>16</total>
				<timestamp>248.571787</timestamp>
			</report>
			<report>
				<misses>1132001</misses>
				<total>15</total>
				<timestamp>248.791706</timestamp>
			</report>
			<report>
				<misses>1133001</misses>
				<total>16</total>
				<timestamp>249.011388</timestamp>
			</report>
			<report>
				<misses>1134001</misses>
				<total>16</total>
				<timestamp>249.231165</timestamp>
			</report>
			<report>
				<misses>1135001</misses>
				<total>16</total>
				<timestamp>249.450960</timestamp>
			</report>
			<report>
				<misses>1136001</misses>
				<total>16</total>
				<timestamp>249.670714</timestamp>
			</report>
			<report>
				<misses>1137001</misses>
				<total>16</total>
				<timestamp>249.890508</timestamp>
			</report>
			<report>
				<misses>1138001</misses>
				<total>16</total>
				<timestamp>250.110279</timestamp>
			</report>
			<report>
				<misses>1139001</misses>
				<total>16</total>
				<timestamp>250.330023</timestamp>
			</report>
			<report>
				<misses>1140001</misses>
				<total>16</total>
				<timestamp>250.549858</timestamp>
			</report>
			<report>
				<misses>1141001</misses>
				<total>16</total>
				<timestamp>250.769622</timestamp>
			</report>
			<report>
				<misses>1142001</misses>
				<total>16</total>
				<timestamp>250.989388</timestamp>
			</report>
			<report>
				<misses>1143001</misses>
				<total>16</total>
				<timestamp>251.209201</timestamp>
			</report>
			<report>
				<misses>1144001</misses>
				<total>15</total>
				<timestamp>251.429057</timestamp>
			</report>
			<report>
				<misses>1145001</misses>
				<total>16</total>
				<timestamp>251.648720</timestamp>
			</report>
			<report>
				<misses>1146001</misses>
				<total>15</total>
				<timestamp>251.868562</timestamp>
			</report>
			<report>
				<misses>1147001</misses>
				<total>15</total>
				<timestamp>252.088339</timestamp>
			</report>
			<report>
				<misses>1148001</misses>
				<total>16</total>
				<timestamp>252.308113</timestamp>
			</report>
			<report>
				<misses>1149001</misses>
				<total>16</total>
				<timestamp>252.527845</timestamp>
			</report>
			<report>
				<misses>1150001</misses>
				<total>15</total>
				<timestamp>252.747714</timestamp>
			</report>
			<report>
				<misses>1151001</misses>
				<total>16</total>
				<timestamp>252.967404</timestamp>
			</report>
			<report>
				<misses>1152001</misses>
				<total>15</total>
				<timestamp>253.187298</timestamp>
			</report>
			<report>
				<misses>1153001</misses>
				<total>16</total>
				<timestamp>253.406980</timestamp>
			</report>
			<report>
				<misses>1154001</misses>
				<total>16</total>
				<timestamp>253.626735</timestamp>
			</report>
			<report>
				<misses>1155001</misses>
				<total>15</total>
				<timestamp>253.846610</timestamp>
			</report>
			<report>
				<misses>1156001</misses>
				<total>16</total>
				<timestamp>254.066329</timestamp>
			</report>
			<report>
				<misses>1157001</misses>
				<total>16</total>
				<timestamp>254.286105</timestamp>
			</report>
			<report>
				<misses>1158001</misses>
				<total>16</total>
				<timestamp>254.505872</timestamp>
			</report>
			<report>
				<misses>1159001</misses>
				<total>16</total>
				<timestamp>254.725643</timestamp>
			</report>
			<report>
				<misses>1160001</misses>
				<total>15</total>
				<timestamp>254.945472</timestamp>
			</report>
			<report>
				<misses>1161001</misses>
				<total>15</total>
				<timestamp>255.165242</timestamp>
			</report>
			<report>
				<misses>1162001</misses>
				<total>16</total>
				<timestamp>255.384975</timestamp>
			</report>
			<report>
				<misses>1163001</misses>
				<total>16</total>
				<timestamp>255.604767</timestamp>
			</report>
			<report>
				<misses>1164001</misses>
				<total>16</total>
				<timestamp>255.824527</timestamp>
			</report>
			<report>
				<misses>1165001</misses>
				<total>16</total>
				<timestamp>256.044326</timestamp>
			</report>
			<report>
				<misses>1166001</misses>
				<total>16</total>
				<timestamp>256.264117</timestamp>
			</report>
			<report>
				<misses>1167001</misses>
				<total>16</total>
				<timestamp>256.483878</timestamp>
			</report>
			<report>
				<misses>1168001</misses>
				<total>16</total>
				<timestamp>256.703647</timestamp>
			</report>
			<report>
				<misses>1169001</misses>
				<total>15</total>
				<timestamp>256.923555</timestamp>
			</report>
			<report>
				<misses>1170001</misses>
				<total>16</total>
				<timestamp>257.143244</timestamp>
			</report>
			<report>
				<misses>1171001</misses>
				<total>16</total>
				<timestamp>257.363003</timestamp>
			</report>
			<report>
				<misses>1172001</misses>
				<total>16</total>
				<timestamp>257.582782</timestamp>
			</report>
			<report>
				<misses>1173001</misses>
				<total>16</total>
				<timestamp>257.802551</timestamp>
			</report>
			<report>
				<misses>1174001</misses>
				<total>16</total>
				<timestamp>258.022390</timestamp>
			</report>
			<report>
				<misses>1175001</misses>
				<total>16</total>
				<timestamp>258.242148</timestamp>
			</report>
			<report>
				<misses>1176001</misses>
				<total>16</total>
				<timestamp>258.461891</timestamp>
			</report>
			<report>
				<misses>1177001</misses>
				<total>16</total>
				<timestamp>258.681711</timestamp>
			</report>
			<report>
				<misses>1178001</misses>
				<total>16</total>
				<timestamp>258.901457</timestamp>
			</report>
			<report>
				<misses>1179001</misses>
				<total>19</total>
				<timestamp>259.121276</timestamp>
			</report>
			<report>
				<misses>1180001</misses>
				<total>19</total>
				<timestamp>259.341026</timestamp>
			</report>
			<report>
				<misses>1181001</misses>
				<total>19</total>
				<timestamp>259.560809</timestamp>
			</report>
			<report>
				<misses>1182001</misses>
				<total>19</total>
				<timestamp>259.780573</timestamp>
			</report>
			<report>
				<misses>1183001</misses>
				<total>19</total>
				<timestamp>260.000370</timestamp>
			</report>
			<report>
				<misses>1184001</misses>
				<total>18</total>
				<timestamp>260.220300</timestamp>
			</report>
			<report>
				<misses>1185001</misses>
				<total>19</total>
				<timestamp>260.439931</timestamp>
			</report>
			<report>
				<misses>1186001</misses>
				<total>18</total>
				<timestamp>260.659816</timestamp>
			</report>
			<report>
				<misses>1187001</misses>
				<total>18</total>
				<timestamp>260.879569</timestamp>
			</report>
			<report>
				<misses>1188001</misses>
				<total>19</total>
				<timestamp>261.099262</timestamp>
			</report>
			<report>
				<misses>1189001</misses>
				<total>18</total>
				<timestamp>261.319222</timestamp>
			</report>
			<report>
				<misses>1190001</misses>
				<total>19</total>
				<timestamp>261.538844</timestamp>
			</report>
			<report>
				<misses>1191001</misses>
				<total>19</total>
				<timestamp>261.758583</timestamp>
			</report>
			<report>
				<misses>1192001</misses>
				<total>18</total>
				<timestamp>261.978421</timestamp>
			</report>
			<report>
				<misses>1193001</misses>
				<total>19</total>
				<timestamp>262.198281</timestamp>
			</report>
			<report>
				<misses>1194001</misses>
				<total>19</total>
				<timestamp>262.417987</timestamp>
			</report>
			<report>
				<misses>1195001</misses>
				<total>19</total>
				<timestamp>262.637803</timestamp>
			</report>
			<report>
				<misses>1196001</misses>
				<total>19</total>
				<timestamp>262.857581</timestamp>
			</report>
			<report>
				<misses>1197001</misses>
				<total>19</total>
				<timestamp>263.077350</timestamp>
			</report>
			<report>
				<misses>1198001</misses>
				<total>20</total>
				<timestamp>263.297110</timestamp>
			</report>
			<report>
				<misses>1199001</misses>
				<total>20</total>
				<timestamp>263.516893</timestamp>
			</report>
			<report>
				<misses>1200001</misses>
				<total>20</total>
				<timestamp>263.736688</timestamp>
			</report>
			<report>
				<misses>1201001</misses>
				<total>20</total>
				<timestamp>263.956517</timestamp>
			</report>
			<report>
				<misses>1202001</misses>
				<total>20</total>
				<timestamp>264.176247</timestamp>
			</report>
			<report>
				<misses>1203001</misses>
				<total>19</total>
				<timestamp>264.396092</timestamp>
			</report>
			<report>
				<misses>1204001</misses>
				<total>20</total>
				<timestamp>264.615772</timestamp>
			</report>
			<report>
				<misses>1205001</misses>
				<total>20</total>
				<timestamp>264.835530</timestamp>
			</report>
			<report>
				<misses>1206001</misses>
				<total>20</total>
				<timestamp>265.055311</timestamp>
			</report>
			<report>
				<misses>1207001</misses>
				<total>20</total>
				<timestamp>265.275118</timestamp>
			</report>
			<report>
				<misses>1208001</misses>
				<total>20</total>
				<timestamp>265.494864</timestamp>
			</report>
			<report>
				<misses>1209001</misses>
				<total>20</total>
				<timestamp>265.714637</timestamp>
			</report>
			<report>
				<misses>1210001</misses>
				<total>20</total>
				<timestamp>265.934499</timestamp>
			</report>
			<report>
				<misses>1211001</misses>
				<total>20</total>
				<timestamp>266.154252</timestamp>
			</report>
			<report>
				<misses>1212001</misses>
				<total>19</total>
				<timestamp>266.374119</timestamp>
			</report>
			<report>
				<misses>1213001</misses>
				<total>20</total>
				<timestamp>266.593789</timestamp>
			</report>
			<report>
				<misses>1214001</misses>
				<total>20</total>
				<timestamp>266.813557</timestamp>
			</report>
			<report>
				<misses>1215001</misses>
				<total>20</total>
				<timestamp>267.033325</timestamp>
			</report>
			<report>
				<misses>1216001</misses>
				<total>20</total>
				<timestamp>267.253149</timestamp>
			</report>
			<report>
				<misses>1217001</misses>
				<total>20</total>
				<timestamp>267.472912</timestamp>
			</report>
			<report>
				<misses>1218001</misses>
				<total>20</total>
				<timestamp>267.692666</timestamp>
			</report>
			<report>
				<misses>1219001</misses>
				<total>20</total>
				<timestamp>267.912427</timestamp>
			</report>
			<report>
				<misses>1220001</misses>
				<total>20</total>
				<timestamp>268.132245</timestamp>
			</report>
			<report>
				<misses>1221001</misses>
				<total>20</total>
				<timestamp>268.352042</timestamp>
			</report>
			<report>
				<misses>1222001</misses>
				<total>20</total>
				<timestamp>268.571897</timestamp>
			</report>
			<report>
				<misses>1223001</misses>
				<total>20</total>
				<timestamp>268.791607</timestamp>
			</report>
			<report>
				<misses>1224001</misses>
				<total>20</total>
				<timestamp>269.011388</timestamp>
			</report>
			<report>
				<misses>1225001</misses>
				<total>20</total>
				<timestamp>269.231161</timestamp>
			</report>
			<report>
				<misses>1226001</misses>
				<total>20</total>
				<timestamp>269.450904</timestamp>
			</report>
			<report>
				<misses>1227001</misses>
				<total>20</total>
				<timestamp>269.670720</timestamp>
			</report>
			<report>
				<misses>1228001</misses>
				<total>20</total>
				<timestamp>269.890460</timestamp>
			</report>
			<report>
				<misses>1229001</misses>
				<total>20</total>
				<timestamp>270.110236</timestamp>
			</report>
			<report>
				<misses>1230001</misses>
				<total>20</total>
				<timestamp>270.330052</timestamp>
			</report>
			<report>
				<misses>1231001</misses>
				<total>20</total>
				<timestamp>270.549792</timestamp>
			</report>
			<report>
				<misses>1232001</misses>
				<total>20</total>
				<timestamp>270.769578</timestamp>
			</report>
			<report>
				<misses>1233001</misses>
				<total>20</total>
				<timestamp>270.989405</timestamp>
			</report>
			<report>
				<misses>1234001</misses>
				<total>19</total>
				<timestamp>271.209232</timestamp>
			</report>
			<report>
				<misses>1235001</misses>
				<total>20</total>
				<timestamp>271.428974</timestamp>
			</report>
			<report>
				<misses>1236001</misses>
				<total>20</total>
				<timestamp>271.648755</timestamp>
			</report>
			<report>
				<misses>1237001</misses>
				<total>20</total>
				<timestamp>271.868494</timestamp>
			</report>
			<report>
				<misses>1238001</misses>
				<total>19</total>
				<timestamp>272.088296</timestamp>
			</report>
			<report>
				<misses>1239001</misses>
				<total>20</total>
				<timestamp>272.308073</timestamp>
			</report>
			<report>
				<misses>1240001</misses>
				<total>20</total>
				<timestamp>272.527817</timestamp>
			</report>
			<report>
				<misses>1241001</misses>
				<total>19</total>
				<timestamp>272.747679</timestamp>
			</report>
			<report>
				<misses>1242001</misses>
				<total>20</total>
				<timestamp>272.967373</timestamp>
			</report>
			<report>
				<misses>1243001</misses>
				<total>20</total>
				<timestamp>273.187203</timestamp>
			</report>
			<report>
				<misses>1244001</misses>
				<total>20</total>
				<timestamp>273.406991</timestamp>
			</report>
			<report>
				<misses>1245001</misses>
				<total>19</total>
				<timestamp>273.626795</timestamp>
			</report>
			<report>
				<misses>1246001</misses>
				<total>20</total>
				<timestamp>273.846531</timestamp>
			</report>
			<report>
				<misses>1247001</misses>
				<total>20</total>
				<timestamp>274.066277</timestamp>
			</report>
			<report>
				<misses>1248001</misses>
				<total>20</total>
				<timestamp>274.286125</timestamp>
			</report>
			<report>
				<misses>1249001</misses>
				<total>20</total>
				<timestamp>274.505843</timestamp>
			</report>
			<report>
				<misses>1250001</misses>
				<total>20</total>
				<timestamp>274.725627</timestamp>
			</report>
			<report>
				<misses>1251001</misses>
				<total>19</total>
				<timestamp>274.945471</timestamp>
			</report>
			<report>
				<misses>1252001</misses>
				<total>20</total>
				<timestamp>275.165212</timestamp>
			</report>
			<report>
				<misses>1253001</misses>
				<total>20</total>
				<timestamp>275.384982</timestamp>
			</report>
			<report>
				<misses>1254001</misses>
				<total>20</total>
				<timestamp>275.604842</timestamp>
			</report>
			<report>
				<misses>1255001</misses>
				<total>19</total>
				<timestamp>275.824577</timestamp>
			</report>
			<report>
				<misses>1256001</misses>
				<total>19</total>
				<timestamp>276.044359</timestamp>
			</report>
			<report>
				<misses>1257001</misses>
				<total>20</total>
				<timestamp>276.264085</timestamp>
			</report>
			<report>
				<misses>1258001</misses>
				<total>20</total>
				<timestamp>276.483884</timestamp>
			</report>
			<report>
				<misses>1259001</misses>
				<total>20</total>
				<timestamp>276.703691</timestamp>
			</report>
			<report>
				<misses>1260001</misses>
				<total>20</total>
				<timestamp>276.923444</timestamp>
			</report>
			<report>
				<misses>1261001</misses>
				<total>20</total>
				<timestamp>277.143241</timestamp>
			</report>
			<report>
				<misses>1262001</misses>
				<total>19</total>
				<timestamp>277.363099</timestamp>
			</report>
			<report>
				<misses>1263001</misses>
				<total>20</total>
				<timestamp>277.582883</timestamp>
			</report>
			<report>
				<misses>1264001</misses>
				<total>20</total>
				<timestamp>277.802534</timestamp>
			</report>
			<report>
				<misses>1265001</misses>
				<total>20</total>
				<timestamp>278.022323</timestamp>
			</report>
			<report>
				<misses>1266001</misses>
				<total>20</total>
				<timestamp>278.242127</timestamp>
			</report>
			<report>
				<misses>1267001</misses>
				<total>20</total>
				<timestamp>278.461990</timestamp>
			</report>
			<report>
				<misses>1268001</misses>
				<total>20</total>
				<timestamp>278.681788</timestamp>
			</report>
			<report>
				<misses>1269001</misses>
				<total>19</total>
				<timestamp>278.901558</timestamp>
			</report>
			<report>
				<misses>1270001</misses>
				<total>19</total>
				<timestamp>279.121321</timestamp>
			</report>
			<report>
				<misses>1271001</misses>
				<total>20</total>
				<timestamp>279.341123</timestamp>
			</report>
			<report>
				<misses>1272001</misses>
				<total>20</total>
				<timestamp>279.560789</timestamp>
			</report>
			<report>
				<misses>1273001</misses>
				<total>20</total>
				<timestamp>279.780565</timestamp>
			</report>
			<report>
				<misses>1274001</misses>
				<total>20</total>
				<timestamp>280.000406</timestamp>
			</report>
			<report>
				<misses>1275001</misses>
				<total>20</total>
				<timestamp>280.220269</timestamp>
			</report>
			<report>
				<misses>1276001</misses>
				<total>20</total>
				<timestamp>280.440023</timestamp>
			</report>
			<report>
				<misses>1277001</misses>
				<total>20</total>
				<timestamp>280.659681</timestamp>
			</report>
			<report>
				<misses>1278001</misses>
				<total>20</total>
				<timestamp>280.879495</timestamp>
			</report>
			<report>
				<misses>1279001</misses>
				<total>19</total>
				<timestamp>281.099330</timestamp>
			</report>
			<report>
				<misses>1280001</misses>
				<total>20</total>
				<timestamp>281.319150</timestamp>
			</report>
			<report>
				<misses>1281001</misses>
				<total>20</total>
				<timestamp>281.538808</timestamp>
			</report>
			<report>
				<misses>1282001</misses>
				<total>20</total>
				<timestamp>281.758617</timestamp>
			</report>
			<report>
				<misses>1283001</misses>
				<total>20</total>
				<timestamp>281.978489</timestamp>
			</report>
			<report>
				<misses>1284001</misses>
				<total>21</total>
				<timestamp>282.198266</timestamp>
			</report>
			<report>
				<misses>1285001</misses>
				<total>21</total>
				<timestamp>282.418050</timestamp>
			</report>
			<report>
				<misses>1286001</misses>
				<total>21</total>
				<timestamp>282.637731</timestamp>
			</report>
			<report>
				<misses>1287001</misses>
				<total>21</total>
				<timestamp>282.857482</timestamp>
			</report>
			<report>
				<misses>1288001</misses>
				<total>20</total>
				<timestamp>283.077393</timestamp>
			</report>
			<report>
				<misses>1289001</misses>
				<total>21</total>
				<timestamp>283.297249</timestamp>
			</report>
			<report>
				<misses>1290001</misses>
				<total>20</total>
				<timestamp>283.516977</timestamp>
			</report>
			<report>
				<misses>1291001</misses>
				<total>21</total>
				<timestamp>283.736732</timestamp>
			</report>
			<report>
				<misses>1292001</misses>
				<total>20</total>
				<timestamp>283.956503</timestamp>
			</report>
			<report>
				<misses>1293001</misses>
				<total>20</total>
				<timestamp>284.176285</timestamp>
			</report>
			<report>
				<misses>1294001</misses>
				<total>21</total>
				<timestamp>284.396080</timestamp>
			</report>
			<report>
				<misses>1295001</misses>
				<total>21</total>
				<timestamp>284.615747</timestamp>
			</report>
			<report>
				<misses>1296001</misses>
				<total>21</total>
				<timestamp>284.835499</timestamp>
			</report>
			<report>
				<misses>1297001</misses>
				<total>21</total>
				<timestamp>285.055331</timestamp>
			</report>
			<report>
				<misses>1298001</misses>
				<total>21</total>
				<timestamp>285.275219</timestamp>
			</report>
			<report>
				<misses>1299001</misses>
				<total>21</total>
				<timestamp>285.494871</timestamp>
			</report>
			<report>
				<misses>1300001</misses>
				<total>21</total>
				<timestamp>285.714660</timestamp>
			</report>
			<report>
				<misses>1301001</misses>
				<total>21</total>
				<timestamp>285.934432</timestamp>
			</report>
			<report>
				<misses>1302001</misses>
				<total>21</total>
				<timestamp>286.154213</timestamp>
			</report>
			<report>
				<misses>1303001</misses>
				<total>21</total>
				<timestamp>286.373963</timestamp>
			</report>
			<report>
				<misses>1304001</misses>
				<total>21</total>
				<timestamp>286.593778</timestamp>
			</report>
			<report>
				<misses>1305001</misses>
				<total>20</total>
				<timestamp>286.813552</timestamp>
			</report>
			<report>
				<misses>1306001</misses>
				<total>21</total>
				<timestamp>287.033433</timestamp>
			</report>
			<report>
				<misses>1307001</misses>
				<total>21</total>
				<timestamp>287.253081</timestamp>
			</report>
			<report>
				<misses>1308001</misses>
				<total>21</total>
				<timestamp>287.472859</timestamp>
			</report>
			<report>
				<misses>1309001</misses>
				<total>21</total>
				<timestamp>287.692760</timestamp>
			</report>
			<report>
				<misses>1310001</misses>
				<total>21</total>
				<timestamp>287.912421</timestamp>
			</report>
			<report>
				<misses>1311001</misses>
				<total>20</total>
				<timestamp>288.132325</timestamp>
			</report>
			<report>
				<misses>1312001</misses>
				<total>21</total>
				<timestamp>288.352111</timestamp>
			</report>
			<report>
				<misses>1313001</misses>
				<total>21</total>
				<timestamp>288.571888</timestamp>
			</report>
			<report>
				<misses>1314001</misses>
				<total>21</total>
				<timestamp>288.791565</timestamp>
			</report>
			<report>
				<misses>1315001</misses>
				<total>21</total>
				<timestamp>289.011491</timestamp>
			</report>
			<report>
				<misses>1316001</misses>
				<total>21</total>
				<timestamp>289.231266</timestamp>
			</report>
			<report>
				<misses>1317001</misses>
				<total>21</total>
				<timestamp>289.450885</timestamp>
			</report>
			<report>
				<misses>1318001</misses>
				<total>21</total>
				<timestamp>289.670705</timestamp>
			</report>
			<report>
				<misses>1319001</misses>
				<total>20</total>
				<timestamp>289.890574</timestamp>
			</report>
			<report>
				<misses>1320001</misses>
				<total>21</total>
				<timestamp>290.110228</timestamp>
			</report>
			<report>
				<misses>1321001</misses>
				<total>22</total>
				<timestamp>290.330141</timestamp>
			</report>
			<report>
				<misses>1322001</misses>
				<total>22</total>
				<timestamp>290.549819</timestamp>
			</report>
			<report>
				<misses>1323001</misses>
				<total>22</total>
				<timestamp>290.769569</timestamp>
			</report>
			<report>
				<misses>1324001</misses>
				<total>22</total>
				<timestamp>290.989372</timestamp>
			</report>
			<report>
				<misses>1325001</misses>
				<total>22</total>
				<timestamp>291.209252</timestamp>
			</report>
			<report>
				<misses>1326001</misses>
				<total>22</total>
				<timestamp>291.428927</timestamp>
			</report>
			<report>
				<misses>1327001</misses>
				<total>22</total>
				<timestamp>291.648759</timestamp>
			</report>
			<report>
				<misses>1328001</misses>
				<total>22</total>
				<timestamp>291.868590</timestamp>
			</report>
			<report>
				<misses>1329001</misses>
				<total>22</total>
				<timestamp>292.088242</timestamp>
			</report>
			<report>
				<misses>1330001</misses>
				<total>22</total>
				<timestamp>292.308064</timestamp>
			</report>
			<report>
				<misses>1331001</misses>
				<total>21</total>
				<timestamp>292.527935</timestamp>
			</report>
			<report>
				<misses>1332001</misses>
				<total>22</total>
				<timestamp>292.747617</timestamp>
			</report>
			<report>
				<misses>1333001</misses>
				<total>22</total>
				<timestamp>292.967392</timestamp>
			</report>
			<report>
				<misses>1334001</misses>
				<total>22</total>
				<timestamp>293.187166</timestamp>
			</report>
			<report>
				<misses>1335001</misses>
				<total>22</total>
				<timestamp>293.406952</timestamp>
			</report>
			<report>
				<misses>1336001</misses>
				<total>21</total>
				<timestamp>293.626821</timestamp>
			</report>
			<report>
				<misses>1337001</misses>
				<total>22</total>
				<timestamp>293.846513</timestamp>
			</report>
			<report>
				<misses>1338001</misses>
				<total>22</total>
				<timestamp>294.066292</timestamp>
			</report>
			<report>
				<misses>1339001</misses>
				<total>22</total>
				<timestamp>294.286067</timestamp>
			</report>
			<report>
				<misses>1340001</misses>
				<total>22</total>
				<timestamp>294.505949</timestamp>
			</report>
			<report>
				<misses>1341001</misses>
				<total>22</total>
				<timestamp>294.725724</timestamp>
			</report>
			<report>
				<misses>1342001</misses>
				<total>22</total>
				<timestamp>294.945419</timestamp>
			</report>
			<report>
				<misses>1343001</misses>
				<total>22</total>
				<timestamp>295.165194</timestamp>
			</report>
			<report>
				<misses>1344001</misses>
				<total>22</total>
				<timestamp>295.384971</timestamp>
			</report>
			<report>
				<misses>1345001</misses>
				<total>22</total>
				<timestamp>295.604755</timestamp>
			</report>
			<report>
				<misses>1346001</misses>
				<total>22</total>
				<timestamp>295.824502</timestamp>
			</report>
			<report>
				<misses>1347001</misses>
				<total>22</total>
				<timestamp>296.044275</timestamp>
			</report>
			<report>
				<misses>1348001</misses>
				<total>22</total>
				<timestamp>296.264213</timestamp>
			</report>
			<report>
				<misses>1349001</misses>
				<total>22</total>
				<timestamp>296.483966</timestamp>
			</report>
			<report>
				<misses>1350001</misses>
				<total>22</total>
				<timestamp>296.703740</timestamp>
			</report>
			<report>
				<misses>1351001</misses>
				<total>21</total>
				<timestamp>296.923525</timestamp>
			</report>
			<report>
				<misses>1352001</misses>
				<total>22</total>
				<timestamp>297.143208</timestamp>
			</report>
			<report>
				<misses>1353001</misses>
				<total>22</total>
				<timestamp>297.362989</timestamp>
			</report>
			<report>
				<misses>1354001</misses>
				<total>22</total>
				<timestamp>297.582781</timestamp>
			</report>
			<report>
				<misses>1355001</misses>
				<total>21</total>
				<timestamp>297.802651</timestamp>
			</report>
			<report>
				<misses>1356001</misses>
				<total>22</total>
				<timestamp>298.022321</timestamp>
			</report>
			<report>
				<misses>1357001</misses>
				<total>22</total>
				<timestamp>298.242199</timestamp>
			</report>
			<report>
				<misses>1358001</misses>
				<total>22</total>
				<timestamp>298.461985</timestamp>
			</report>
			<report>
				<misses>1359001</misses>
				<total>22</total>
				<timestamp>298.681770</timestamp>
			</report>
			<report>
				<misses>1360001</misses>
				<total>23</total>
				<timestamp>298.901422</timestamp>
			</report>
			<report>
				<misses>1361001</misses>
				<total>23</total>
				<timestamp>299.121220</timestamp>
			</report>
			<report>
				<misses>1362001</misses>
				<total>23</total>
				<timestamp>299.341101</timestamp>
			</report>
			<report>
				<misses>1363001</misses>
				<total>22</total>
				<timestamp>299.560872</timestamp>
			</report>
			<report>
				<misses>1364001</misses>
				<total>23</total>
				<timestamp>299.780580</timestamp>
			</report>
			<report>
				<misses>1365001</misses>
				<total>22</total>
				<timestamp>300.000453</timestamp>
			</report>
			<report>
				<misses>1366001</misses>
				<total>22</total>
				<timestamp>300.220153</timestamp>
			</report>
			<report>
				<misses>1367001</misses>
				<total>23</total>
				<timestamp>300.439887</timestamp>
			</report>
			<report>
				<misses>1368001</misses>
				<total>23</total>
				<timestamp>300.659785</timestamp>
			</report>
			<report>
				<misses>1369001</misses>
				<total>23</total>
				<timestamp>300.879451</timestamp>
			</report>
			<report>
				<misses>1370001</misses>
				<total>23</total>
				<timestamp>301.099353</timestamp>
			</report>
			<report>
				<misses>1371001</misses>
				<total>23</total>
				<timestamp>301.319025</timestamp>
			</report>
			<report>
				<misses>1372001</misses>
				<total>23</total>
				<timestamp>301.538786</timestamp>
			</report>
			<report>
				<misses>1373001</misses>
				<total>23</total>
				<timestamp>301.758566</timestamp>
			</report>
			<report>
				<misses>1374001</misses>
				<total>23</total>
				<timestamp>301.978343</timestamp>
			</report>
			<report>
				<misses>1375001</misses>
				<total>23</total>
				<timestamp>302.198244</timestamp>
			</report>
			<report>
				<misses>1376001</misses>
				<total>23</total>
				<timestamp>302.418029</timestamp>
			</report>
			<report>
				<misses>1377001</misses>
				<total>22</total>
				<timestamp>302.637807</timestamp>
			</report>
			<report>
				<misses>1378001</misses>
				<total>23</total>
				<timestamp>302.857495</timestamp>
			</report>
			<report>
				<misses>1379001</misses>
				<total>23</total>
				<timestamp>303.077282</timestamp>
			</report>
			<report>
				<misses>1380001</misses>
				<total>23</total>
				<timestamp>303.297147</timestamp>
			</report>
			<report>
				<misses>1381001</misses>
				<total>23</total>
				<timestamp>303.516928</timestamp>
			</report>
			<report>
				<misses>1382001</misses>
				<total>22</total>
				<timestamp>303.736622</timestamp>
			</report>
			<report>
				<misses>1383001</misses>
				<total>23</total>
				<timestamp>303.956390</timestamp>
			</report>
			<report>
				<misses>1384001</misses>
				<total>23</total>
				<timestamp>304.176176</timestamp>
			</report>
			<report>
				<misses>1385001</misses>
				<total>23</total>
				<timestamp>304.396050</timestamp>
			</report>
			<report>
				<misses>1386001</misses>
				<total>22</total>
				<timestamp>304.615787</timestamp>
			</report>
			<report>
				<misses>1387001</misses>
				<total>23</total>
				<timestamp>304.835518</timestamp>
			</report>
			<report>
				<misses>1388001</misses>
				<total>23</total>
				<timestamp>305.055324</timestamp>
			</report>
			<report>
				<misses>1389001</misses>
				<total>23</total>
				<timestamp>305.275047</timestamp>
			</report>
			<report>
				<misses>1390001</misses>
				<total>23</total>
				<timestamp>305.494854</timestamp>
			</report>
			<report>
				<misses>1391001</misses>
				<total>22</total>
				<timestamp>305.714642</timestamp>
			</report>
			<report>
				<misses>1392001</misses>
				<total>23</total>
				<timestamp>305.934383</timestamp>
			</report>
			<report>
				<misses>1393001</misses>
				<total>22</total>
				<timestamp>306.154282</timestamp>
			</report>
			<report>
				<misses>1394001</misses>
				<total>23</total>
				<timestamp>306.373983</timestamp>
			</report>
			<report>
				<misses>1395001</misses>
				<total>23</total>
				<timestamp>306.593763</timestamp>
			</report>
			<report>
				<misses>1396001</misses>
				<total>22</total>
				<timestamp>306.813561</timestamp>
			</report>
			<report>
				<misses>1397001</misses>
				<total>23</total>
				<timestamp>307.033342</timestamp>
			</report>
			<report>
				<misses>1398001</misses>
				<total>23</total>
				<timestamp>307.253134</timestamp>
			</report>
			<report>
				<misses>1399001</misses>
				<total>23</total>
				<timestamp>307.472968</timestamp>
			</report>
			<report>
				<misses>1400001</misses>
				<total>23</total>
				<timestamp>307.692758</timestamp>
			</report>
			<report>
				<misses>1401001</misses>
				<total>23</total>
				<timestamp>307.912526</timestamp>
			</report>
			<report>
				<misses>1402001</misses>
				<total>23</total>
				<timestamp>308.132181</timestamp>
			</report>
			<report>
				<misses>1403001</misses>
				<total>22</total>
				<timestamp>308.352014</timestamp>
			</report>
			<report>
				<misses>1404001</misses>
				<total>22</total>
				<timestamp>308.571854</timestamp>
			</report>
			<report>
				<misses>1405001</misses>
				<total>23</total>
				<timestamp>308.791689</timestamp>
			</report>
			<report>
				<misses>1406001</misses>
				<total>22</total>
				<timestamp>309.011429</timestamp>
			</report>
			<report>
				<misses>1407001</misses>
				<total>23</total>
				<timestamp>309.231113</timestamp>
			</report>
			<report>
				<misses>1408001</misses>
				<total>22</total>
				<timestamp>309.450977</timestamp>
			</report>
			<report>
				<misses>1409001</misses>
				<total>23</total>
				<timestamp>309.670765</timestamp>
			</report>
			<report>
				<misses>1410001</misses>
				<total>23</total>
				<timestamp>309.890451</timestamp>
			</report>
			<report>
				<misses>1411001</misses>
				<total>23</total>
				<timestamp>310.110233</timestamp>
			</report>
			<report>
				<misses>1412001</misses>
				<total>23</total>
				<timestamp>310.330112</timestamp>
			</report>
			<report>
				<misses>1413001</misses>
				<total>23</total>
				<timestamp>310.549903</timestamp>
			</report>
			<report>
				<misses>1414001</misses>
				<total>22</total>
				<timestamp>310.769666</timestamp>
			</report>
			<report>
				<misses>1415001</misses>
				<total>23</total>
				<timestamp>310.989402</timestamp>
			</report>
			<report>
				<misses>1416001</misses>
				<total>23</total>
				<timestamp>311.209110</timestamp>
			</report>
			<report>
				<misses>1417001</misses>
				<total>22</total>
				<timestamp>311.428972</timestamp>
			</report>
			<report>
				<misses>1418001</misses>
				<total>23</total>
				<timestamp>311.648785</timestamp>
			</report>
			<report>
				<misses>1419001</misses>
				<total>23</total>
				<timestamp>311.868451</timestamp>
			</report>
			<report>
				<misses>1420001</misses>
				<total>23</total>
				<timestamp>312.088222</timestamp>
			</report>
			<report>
				<misses>1421001</misses>
				<total>22</total>
				<timestamp>312.308129</timestamp>
			</report>
			<report>
				<misses>1422001</misses>
				<total>23</total>
				<timestamp>312.527914</timestamp>
			</report>
			<report>
				<misses>1423001</misses>
				<total>23</total>
				<timestamp>312.747595</timestamp>
			</report>
			<report>
				<misses>1424001</misses>
				<total>23</total>
				<timestamp>312.967340</timestamp>
			</report>
			<report>
				<misses>1425001</misses>
				<total>23</total>
				<timestamp>313.187256</timestamp>
			</report>
			<report>
				<misses>1426001</misses>
				<total>23</total>
				<timestamp>313.407038</timestamp>
			</report>
			<report>
				<misses>1427001</misses>
				<total>23</total>
				<timestamp>313.626692</timestamp>
			</report>
			<report>
				<misses>1428001</misses>
				<total>23</total>
				<timestamp>313.846584</timestamp>
			</report>
			<report>
				<misses>1429001</misses>
				<total>23</total>
				<timestamp>314.066302</timestamp>
			</report>
			<report>
				<misses>1430001</misses>
				<total>23</total>
				<timestamp>314.286059</timestamp>
			</report>
			<report>
				<misses>1431001</misses>
				<total>22</total>
				<timestamp>314.505926</timestamp>
			</report>
			<report>
				<misses>1432001</misses>
				<total>23</total>
				<timestamp>314.725717</timestamp>
			</report>
			<report>
				<misses>1433001</misses>
				<total>23</total>
				<timestamp>314.945362</timestamp>
			</report>
			<report>
				<misses>1434001</misses>
				<total>23</total>
				<timestamp>315.165176</timestamp>
			</report>
			<report>
				<misses>1435001</misses>
				<total>23</total>
				<timestamp>315.385045</timestamp>
			</report>
			<report>
				<misses>1436001</misses>
				<total>23</total>
				<timestamp>315.604738</timestamp>
			</report>
			<report>
				<misses>1437001</misses>
				<total>23</total>
				<timestamp>315.824518</timestamp>
			</report>
			<report>
				<misses>1438001</misses>
				<total>23</total>
				<timestamp>316.044298</timestamp>
			</report>
			<report>
				<misses>1439001</misses>
				<total>23</total>
				<timestamp>316.264075</timestamp>
			</report>
			<report>
				<misses>1440001</misses>
				<total>22</total>
				<timestamp>316.483960</timestamp>
			</report>
			<report>
				<misses>1441001</misses>
				<total>23</total>
				<timestamp>316.703629</timestamp>
			</report>
			<report>
				<misses>1442001</misses>
				<total>23</total>
				<timestamp>316.923414</timestamp>
			</report>
			<report>
				<misses>1443001</misses>
				<total>23</total>
				<timestamp>317.143192</timestamp>
			</report>
			<report>
				<misses>1444001</misses>
				<total>23</total>
				<timestamp>317.362977</timestamp>
			</report>
			<report>
				<misses>1445001</misses>
				<total>23</total>
				<timestamp>317.582751</timestamp>
			</report>
			<report>
				<misses>1446001</misses>
				<total>23</total>
				<timestamp>317.802629</timestamp>
			</report>
			<report>
				<misses>1447001</misses>
				<total>23</total>
				<timestamp>318.022404</timestamp>
			</report>
			<report>
				<misses>1448001</misses>
				<total>23</total>
				<timestamp>318.242094</timestamp>
			</report>
			<report>
				<misses>1449001</misses>
				<total>22</total>
				<timestamp>318.461914</timestamp>
			</report>
			<report>
				<misses>1450001</misses>
				<total>23</total>
				<timestamp>318.681659</timestamp>
			</report>
			<report>
				<misses>1451001</misses>
				<total>23</total>
				<timestamp>318.901406</timestamp>
			</report>
			<report>
				<misses>1452001</misses>
				<total>23</total>
				<timestamp>319.121223</timestamp>
			</report>
			<report>
				<misses>1453001</misses>
				<total>23</total>
				<timestamp>319.341085</timestamp>
			</report>
			<report>
				<misses>1454001</misses>
				<total>22</total>
				<timestamp>319.560803</timestamp>
			</report>
			<report>
				<misses>1455001</misses>
				<total>23</total>
				<timestamp>319.780651</timestamp>
			</report>
			<report>
				<misses>1456001</misses>
				<total>23</total>
				<timestamp>320.000332</timestamp>
			</report>
			<report>
				<misses>1457001</misses>
				<total>23</total>
				<timestamp>320.220111</timestamp>
			</report>
			<report>
				<misses>1458001</misses>
				<total>22</total>
				<timestamp>320.439892</timestamp>
			</report>
			<report>
				<misses>1459001</misses>
				<total>23</total>
				<timestamp>320.659680</timestamp>
			</report>
			<report>
				<misses>1460001</misses>
				<total>23</total>
				<timestamp>320.879458</timestamp>
			</report>
			<report>
				<misses>1461001</misses>
				<total>23</total>
				<timestamp>321.099238</timestamp>
			</report>
			<report>
				<misses>1462001</misses>
				<total>23</total>
				<timestamp>321.318980</timestamp>
			</report>
			<report>
				<misses>1463001</misses>
				<total>22</total>
				<timestamp>321.538851</timestamp>
			</report>
			<report>
				<misses>1464001</misses>
				<total>23</total>
				<timestamp>321.758550</timestamp>
			</report>
			<report>
				<misses>1465001</misses>
				<total>22</total>
				<timestamp>321.978449</timestamp>
			</report>
			<report>
				<misses>1466001</misses>
				<total>23</total>
				<timestamp>322.198127</timestamp>
			</report>
			<report>
				<misses>1467001</misses>
				<total>23</total>
				<timestamp>322.417909</timestamp>
			</report>
			<report>
				<misses>1468001</misses>
				<total>23</total>
				<timestamp>322.637744</timestamp>
			</report>
			<report>
				<misses>1469001</misses>
				<total>23</total>
				<timestamp>322.857470</timestamp>
			</report>
			<report>
				<misses>1470001</misses>
				<total>23</total>
				<timestamp>323.077339</timestamp>
			</report>
			<report>
				<misses>1471001</misses>
				<total>23</total>
				<timestamp>323.297012</timestamp>
			</report>
			<report>
				<misses>1472001</misses>
				<total>23</total>
				<timestamp>323.516784</timestamp>
			</report>
			<report>
				<misses>1473001</misses>
				<total>23</total>
				<timestamp>323.736601</timestamp>
			</report>
			<report>
				<misses>1474001</misses>
				<total>23</total>
				<timestamp>323.956345</timestamp>
			</report>
			<report>
				<misses>1475001</misses>
				<total>23</total>
				<timestamp>324.176146</timestamp>
			</report>
			<report>
				<misses>1476001</misses>
				<total>23</total>
				<timestamp>324.395958</timestamp>
			</report>
			<report>
				<misses>1477001</misses>
				<total>23</total>
				<timestamp>324.615815</timestamp>
			</report>
			<report>
				<misses>1478001</misses>
				<total>22</total>
				<timestamp>324.835521</timestamp>
			</report>
			<report>
				<misses>1479001</misses>
				<total>23</total>
				<timestamp>325.055305</timestamp>
			</report>
			<report>
				<misses>1480001</misses>
				<total>23</total>
				<timestamp>325.275176</timestamp>
			</report>
			<report>
				<misses>1481001</misses>
				<total>24</total>
				<timestamp>325.494809</timestamp>
			</report>
			<report>
				<misses>1482001</misses>
				<total>24</total>
				<timestamp>325.714704</timestamp>
			</report>
			<report>
				<misses>1483001</misses>
				<total>23</total>
				<timestamp>325.934498</timestamp>
			</report>
			<report>
				<misses>1484001</misses>
				<total>24</total>
				<timestamp>326.154172</timestamp>
			</report>
			<report>
				<misses>1485001</misses>
				<total>24</total>
				<timestamp>326.374048</timestamp>
			</report>
			<report>
				<misses>1486001</misses>
				<total>24</total>
				<timestamp>326.593742</timestamp>
			</report>
			<report>
				<misses>1487001</misses>
				<total>24</total>
				<timestamp>326.813484</timestamp>
			</report>
			<report>
				<misses>1488001</misses>
				<total>23</total>
				<timestamp>327.033294</timestamp>
			</report>
			<report>
				<misses>1489001</misses>
				<total>23</total>
				<timestamp>327.253076</timestamp>
			</report>
			<report>
				<misses>1490001</misses>
				<total>24</total>
				<timestamp>327.472860</timestamp>
			</report>
			<report>
				<misses>1491001</misses>
				<total>23</total>
				<timestamp>327.692651</timestamp>
			</report>
			<report>
				<misses>1492001</misses>
				<total>24</total>
				<timestamp>327.912382</timestamp>
			</report>
			<report>
				<misses>1493001</misses>
				<total>24</total>
				<timestamp>328.132163</timestamp>
			</report>
			<report>
				<misses>1494001</misses>
				<total>24</total>
				<timestamp>328.351950</timestamp>
			</report>
			<report>
				<misses>1495001</misses>
				<total>24</total>
				<timestamp>328.571729</timestamp>
			</report>
			<report>
				<misses>1496001</misses>
				<total>24</total>
				<timestamp>328.791505</timestamp>
			</report>
			<report>
				<misses>1497001</misses>
				<total>24</total>
				<timestamp>329.011282</timestamp>
			</report>
			<report>
				<misses>1498001</misses>
				<total>24</total>
				<timestamp>329.231186</timestamp>
			</report>
			<report>
				<misses>1499001</misses>
				<total>24</total>
				<timestamp>329.450844</timestamp>
			</report>
			<report>
				<misses>1500001</misses>
				<total>24</total>
				<timestamp>329.670715</timestamp>
			</report>
			<report>
				<misses>1501001</misses>
				<total>23</total>
				<timestamp>329.890474</timestamp>
			</report>
			<report>
				<misses>1502001</misses>
				<total>24</total>
				<timestamp>330.110222</timestamp>
			</report>
			<report>
				<misses>1503001</misses>
				<total>23</total>
				<timestamp>330.330083</timestamp>
			</report>
			<report>
				<misses>1504001</misses>
				<total>24</total>
				<timestamp>330.549745</timestamp>
			</report>
			<report>
				<misses>1505001</misses>
				<total>24</total>
				<timestamp>330.769525</timestamp>
			</report>
			<report>
				<misses>1506001</misses>
				<total>24</total>
				<timestamp>330.989305</timestamp>
			</report>
			<report>
				<misses>1507001</misses>
				<total>23</total>
				<timestamp>331.209207</timestamp>
			</report>
			<report>
				<misses>1508001</misses>
				<total>24</total>
				<timestamp>331.428992</timestamp>
			</report>
			<report>
				<misses>1509001</misses>
				<total>24</total>
				<timestamp>331.648692</timestamp>
			</report>
			<report>
				<misses>1510001</misses>
				<total>24</total>
				<timestamp>331.868474</timestamp>
			</report>
			<report>
				<misses>1511001</misses>
				<total>24</total>
				<timestamp>332.088258</timestamp>
			</report>
			<report>
				<misses>1512001</misses>
				<total>24</total>
				<timestamp>332.308023</timestamp>
			</report>
			<report>
				<misses>1513001</misses>
				<total>23</total>
				<timestamp>332.527815</timestamp>
			</report>
			<report>
				<misses>1514001</misses>
				<total>24</total>
				<timestamp>332.747670</timestamp>
			</report>
			<report>
				<misses>1515001</misses>
				<total>24</total>
				<timestamp>332.967359</timestamp>
			</report>
			<report>
				<misses>1516001</misses>
				<total>23</total>
				<timestamp>333.187182</timestamp>
			</report>
			<report>
				<misses>1517001</misses>
				<total>23</total>
				<timestamp>333.406982</timestamp>
			</report>
			<report>
				<misses>1518001</misses>
				<total>24</total>
				<timestamp>333.626836</timestamp>
			</report>
			<report>
				<misses>1519001</misses>
				<total>23</total>
				<timestamp>333.846563</timestamp>
			</report>
			<report>
				<misses>1520001</misses>
				<total>24</total>
				<timestamp>334.066248</timestamp>
			</report>
			<report>
				<misses>1521001</misses>
				<total>24</total>
				<timestamp>334.286089</timestamp>
			</report>
			<report>
				<misses>1522001</misses>
				<total>23</total>
				<timestamp>334.505887</timestamp>
			</report>
			<report>
				<misses>1523001</misses>
				<total>23</total>
				<timestamp>334.725685</timestamp>
			</report>
			<report>
				<misses>1524001</misses>
				<total>23</total>
				<timestamp>334.945371</timestamp>
			</report>
			<report>
				<misses>1525001</misses>
				<total>24</total>
				<timestamp>335.165129</timestamp>
			</report>
			<report>
				<misses>1526001</misses>
				<total>24</total>
				<timestamp>335.385045</timestamp>
			</report>
			<report>
				<misses>1527001</misses>
				<total>23</total>
				<timestamp>335.604760</timestamp>
			</report>
			<report>
				<misses>1528001</misses>
				<total>23</total>
				<timestamp>335.824622</timestamp>
			</report>
			<report>
				<misses>1529001</misses>
				<total>23</total>
				<timestamp>336.044369</timestamp>
			</report>
			<report>
				<misses>1530001</misses>
				<total>24</total>
				<timestamp>336.264149</timestamp>
			</report>
			<report>
				<misses>1531001</misses>
				<total>24</total>
				<timestamp>336.483926</timestamp>
			</report>
			<report>
				<misses>1532001</misses>
				<total>24</total>
				<timestamp>336.703611</timestamp>
			</report>
			<report>
				<misses>1533001</misses>
				<total>24</total>
				<timestamp>336.923389</timestamp>
			</report>
			<report>
				<misses>1534001</misses>
				<total>24</total>
				<timestamp>337.143139</timestamp>
			</report>
			<report>
				<misses>1535001</misses>
				<total>24</total>
				<timestamp>337.363049</timestamp>
			</report>
			<report>
				<misses>1536001</misses>
				<total>24</total>
				<timestamp>337.582726</timestamp>
			</report>
			<report>
				<misses>1537001</misses>
				<total>24</total>
				<timestamp>337.802516</timestamp>
			</report>
			<report>
				<misses>1538001</misses>
				<total>24</total>
				<timestamp>338.022264</timestamp>
			</report>
			<report>
				<misses>1539001</misses>
				<total>24</total>
				<timestamp>338.242076</timestamp>
			</report>
			<report>
				<misses>1540001</misses>
				<total>24</total>
				<timestamp>338.461960</timestamp>
			</report>
			<report>
				<misses>1541001</misses>
				<total>24</total>
				<timestamp>338.681649</timestamp>
			</report>
			<report>
				<misses>1542001</misses>
				<total>24</total>
				<timestamp>338.901411</timestamp>
			</report>
			<report>
				<misses>1543001</misses>
				<total>23</total>
				<timestamp>339.121232</timestamp>
			</report>
			<report>
				<misses>1544001</misses>
				<total>24</total>
				<timestamp>339.341058</timestamp>
			</report>
			<report>
				<misses>1545001</misses>
				<total>24</total>
				<timestamp>339.560768</timestamp>
			</report>
			<report>
				<misses>1546001</misses>
				<total>24</total>
				<timestamp>339.780629</timestamp>
			</report>
			<report>
				<misses>1547001</misses>
				<total>24</total>
				<timestamp>340.000288</timestamp>
			</report>
			<report>
				<misses>1548001</misses>
				<total>24</total>
				<timestamp>340.220178</timestamp>
			</report>
			<report>
				<misses>1549001</misses>
				<total>24</total>
				<timestamp>340.439894</timestamp>
			</report>
			<report>
				<misses>1550001</misses>
				<total>24</total>
				<timestamp>340.659742</timestamp>
			</report>
			<report>
				<misses>1551001</misses>
				<total>24</total>
				<timestamp>340.879400</timestamp>
			</report>
			<report>
				<misses>1552001</misses>
				<total>24</total>
				<timestamp>341.099222</timestamp>
			</report>
			<report>
				<misses>1553001</misses>
				<total>24</total>
				<timestamp>341.318966</timestamp>
			</report>
			<report>
				<misses>1554001</misses>
				<total>24</total>
				<timestamp>341.538772</timestamp>
			</report>
			<report>
				<misses>1555001</misses>
				<total>24</total>
				<timestamp>341.758643</timestamp>
			</report>
			<report>
				<misses>1556001</misses>
				<total>24</total>
				<timestamp>341.978295</timestamp>
			</report>
			<report>
				<misses>1557001</misses>
				<total>24</total>
				<timestamp>342.198198</timestamp>
			</report>
			<report>
				<misses>1558001</misses>
				<total>24</total>
				<timestamp>342.417896</timestamp>
			</report>
			<report>
				<misses>1559001</misses>
				<total>23</total>
				<timestamp>342.637752</timestamp>
			</report>
			<report>
				<misses>1560001</misses>
				<total>24</total>
				<timestamp>342.857444</timestamp>
			</report>
			<report>
				<misses>1561001</misses>
				<total>24</total>
				<timestamp>343.077207</timestamp>
			</report>
			<report>
				<misses>1562001</misses>
				<total>25</total>
				<timestamp>343.297021</timestamp>
			</report>
			<report>
				<misses>1563001</misses>
				<total>25</total>
				<timestamp>343.516760</timestamp>
			</report>
			<report>
				<misses>1564001</misses>
				<total>25</total>
				<timestamp>343.736573</timestamp>
			</report>
			<report>
				<misses>1565001</misses>
				<total>25</total>
				<timestamp>343.956457</timestamp>
			</report>
			<report>
				<misses>1566001</misses>
				<total>25</total>
				<timestamp>344.176116</timestamp>
			</report>
			<report>
				<misses>1567001</misses>
				<total>25</total>
				<timestamp>344.396009</timestamp>
			</report>
			<report>
				<misses>1568001</misses>
				<total>25</total>
				<timestamp>344.615687</timestamp>
			</report>
			<report>
				<misses>1569001</misses>
				<total>25</total>
				<timestamp>344.835577</timestamp>
			</report>
			<report>
				<misses>1570001</misses>
				<total>25</total>
				<timestamp>345.055378</timestamp>
			</report>
			<report>
				<misses>1571001</misses>
				<total>25</total>
				<timestamp>345.275030</timestamp>
			</report>
			<report>
				<misses>1572001</misses>
				<total>25</total>
				<timestamp>345.494809</timestamp>
			</report>
			<report>
				<misses>1573001</misses>
				<total>24</total>
				<timestamp>345.714683</timestamp>
			</report>
			<report>
				<misses>1574001</misses>
				<total>25</total>
				<timestamp>345.934377</timestamp>
			</report>
			<report>
				<misses>1575001</misses>
				<total>25</total>
				<timestamp>346.154176</timestamp>
			</report>
			<report>
				<misses>1576001</misses>
				<total>25</total>
				<timestamp>346.374031</timestamp>
			</report>
			<report>
				<misses>1577001</misses>
				<total>24</total>
				<timestamp>346.593821</timestamp>
			</report>
			<report>
				<misses>1578001</misses>
				<total>25</total>
				<timestamp>346.813473</timestamp>
			</report>
			<report>
				<misses>1579001</misses>
				<total>25</total>
				<timestamp>347.033239</timestamp>
			</report>
			<report>
				<misses>1580001</misses>
				<total>25</total>
				<timestamp>347.253058</timestamp>
			</report>
			<report>
				<misses>1581001</misses>
				<total>25</total>
				<timestamp>347.472849</timestamp>
			</report>
			<report>
				<misses>1582001</misses>
				<total>25</total>
				<timestamp>347.692631</timestamp>
			</report>
			<report>
				<misses>1583001</misses>
				<total>25</total>
				<timestamp>347.912488</timestamp>
			</report>
			<report>
				<misses>1584001</misses>
				<total>25</total>
				<timestamp>348.132191</timestamp>
			</report>
			<report>
				<misses>1585001</misses>
				<total>24</total>
				<timestamp>348.351952</timestamp>
			</report>
			<report>
				<misses>1586001</misses>
				<total>25</total>
				<timestamp>348.571828</timestamp>
			</report>
			<report>
				<misses>1587001</misses>
				<total>24</total>
				<timestamp>348.791594</timestamp>
			</report>
			<report>
				<misses>1588001</misses>
				<total>25</total>
				<timestamp>349.011331</timestamp>
			</report>
			<report>
				<misses>1589001</misses>
				<total>25</total>
				<timestamp>349.231075</timestamp>
			</report>
			<report>
				<misses>1590001</misses>
				<total>25</total>
				<timestamp>349.450849</timestamp>
			</report>
			<report>
				<misses>1591001</misses>
				<total>25</total>
				<timestamp>349.670627</timestamp>
			</report>
			<report>
				<misses>1592001</misses>
				<total>25</total>
				<timestamp>349.890416</timestamp>
			</report>
			<report>
				<misses>1593001</misses>
				<total>25</total>
				<timestamp>350.110207</timestamp>
			</report>
			<report>
				<misses>1594001</misses>
				<total>25</total>
				<timestamp>350.329941</timestamp>
			</report>
			<report>
				<misses>1595001</misses>
				<total>25</total>
				<timestamp>350.549726</timestamp>
			</report>
			<report>
				<misses>1596001</misses>
				<total>25</total>
				<timestamp>350.769527</timestamp>
			</report>
			<report>
				<misses>1597001</misses>
				<total>24</total>
				<timestamp>350.989400</timestamp>
			</report>
			<report>
				<misses>1598001</misses>
				<total>24</total>
				<timestamp>351.209090</timestamp>
			</report>
			<report>
				<misses>1599001</misses>
				<total>25</total>
				<timestamp>351.428848</timestamp>
			</report>
			<report>
				<misses>1600001</misses>
				<total>25</total>
				<timestamp>351.648747</timestamp>
			</report>
			<report>
				<misses>1601001</misses>
				<total>24</total>
				<timestamp>351.868538</timestamp>
			</report>
			<report>
				<misses>1602001</misses>
				<total>24</total>
				<timestamp>352.088266</timestamp>
			</report>
			<report>
				<misses>1603001</misses>
				<total>25</total>
				<timestamp>352.307998</timestamp>
			</report>
			<report>
				<misses>1604001</misses>
				<total>24</total>
				<timestamp>352.527772</timestamp>
			</report>
			<report>
				<misses>1605001</misses>
				<total>25</total>
				<timestamp>352.747600</timestamp>
			</report>
			<report>
				<misses>1606001</misses>
				<total>25</total>
				<timestamp>352.967335</timestamp>
			</report>
			<report>
				<misses>1607001</misses>
				<total>25</total>
				<timestamp>353.187116</timestamp>
			</report>
			<report>
				<misses>1608001</misses>
				<total>25</total>
				<timestamp>353.406870</timestamp>
			</report>
			<report>
				<misses>1609001</misses>
				<total>25</total>
				<timestamp>353.626773</timestamp>
			</report>
			<report>
				<misses>1610001</misses>
				<total>25</total>
				<timestamp>353.846546</timestamp>
			</report>
			<report>
				<misses>1611001</misses>
				<total>24</total>
				<timestamp>354.066255</timestamp>
			</report>
			<report>
				<misses>1612001</misses>
				<total>25</total>
				<timestamp>354.286014</timestamp>
			</report>
			<report>
				<misses>1613001</misses>
				<total>24</total>
				<timestamp>354.505903</timestamp>
			</report>
			<report>
				<misses>1614001</misses>
				<total>25</total>
				<timestamp>354.725663</timestamp>
			</report>
			<report>
				<misses>1615001</misses>
				<total>25</total>
				<timestamp>354.945368</timestamp>
			</report>
			<report>
				<misses>1616001</misses>
				<total>24</total>
				<timestamp>355.165223</timestamp>
			</report>
			<report>
				<misses>1617001</misses>
				<total>24</total>
				<timestamp>355.385009</timestamp>
			</report>
			<report>
				<misses>1618001</misses>
				<total>25</total>
				<timestamp>355.604715</timestamp>
			</report>
			<report>
				<misses>1619001</misses>
				<total>24</total>
				<timestamp>355.824565</timestamp>
			</report>
			<report>
				<misses>1620001</misses>
				<total>25</total>
				<timestamp>356.044341</timestamp>
			</report>
			<report>
				<misses>1621001</misses>
				<total>25</total>
				<timestamp>356.264132</timestamp>
			</report>
			<report>
				<misses>1622001</misses>
				<total>24</total>
				<timestamp>356.483914</timestamp>
			</report>
			<report>
				<misses>1623001</misses>
				<total>24</total>
				<timestamp>356.703662</timestamp>
			</report>
			<report>
				<misses>1624001</misses>
				<total>25</total>
				<timestamp>356.923460</timestamp>
			</report>
			<report>
				<misses>1625001</misses>
				<total>25</total>
				<timestamp>357.143241</timestamp>
			</report>
			<report>
				<misses>1626001</misses>
				<total>25</total>
				<timestamp>357.362927</timestamp>
			</report>
			<report>
				<misses>1627001</misses>
				<total>25</total>
				<timestamp>357.582697</timestamp>
			</report>
			<report>
				<misses>1628001</misses>
				<total>24</total>
				<timestamp>357.802496</timestamp>
			</report>
			<report>
				<misses>1629001</misses>
				<total>25</total>
				<timestamp>358.022242</timestamp>
			</report>
			<report>
				<misses>1630001</misses>
				<total>24</total>
				<timestamp>358.242135</timestamp>
			</report>
			<report>
				<misses>1631001</misses>
				<total>25</total>
				<timestamp>358.461930</timestamp>
			</report>
			<report>
				<misses>1632001</misses>
				<total>25</total>
				<timestamp>358.681581</timestamp>
			</report>
			<report>
				<misses>1633001</misses>
				<total>25</total>
				<timestamp>358.901391</timestamp>
			</report>
			<report>
				<misses>1634001</misses>
				<total>24</total>
				<timestamp>359.121228</timestamp>
			</report>
			<report>
				<misses>1635001</misses>
				<total>25</total>
				<timestamp>359.340962</timestamp>
			</report>
			<report>
				<misses>1636001</misses>
				<total>25</total>
				<timestamp>359.560728</timestamp>
			</report>
			<report>
				<misses>1637001</misses>
				<total>25</total>
				<timestamp>359.780600</timestamp>
			</report>
			<report>
				<misses>1638001</misses>
				<total>25</total>
				<timestamp>360.000258</timestamp>
			</report>
			<report>
				<misses>1639001</misses>
				<total>25</total>
				<timestamp>360.220066</timestamp>
			</report>
			<report>
				<misses>1640001</misses>
				<total>25</total>
				<timestamp>360.439941</timestamp>
			</report>
			<report>
				<misses>1641001</misses>
				<total>25</total>
				<timestamp>360.659731</timestamp>
			</report>
			<report>
				<misses>1642001</misses>
				<total>25</total>
				<timestamp>360.879411</timestamp>
			</report>
			<report>
				<misses>1643001</misses>
				<total>25</total>
				<timestamp>361.099192</timestamp>
			</report>
			<report>
				<misses>1644001</misses>
				<total>24</total>
				<timestamp>361.318974</timestamp>
			</report>
			<report>
				<misses>1645001</misses>
				<total>25</total>
				<timestamp>361.538757</timestamp>
			</report>
			<report>
				<misses>1646001</misses>
				<total>25</total>
				<timestamp>361.758625</timestamp>
			</report>
			<report>
				<misses>1647001</misses>
				<total>24</total>
				<timestamp>361.978398</timestamp>
			</report>
			<report>
				<misses>1648001</misses>
				<total>25</total>
				<timestamp>362.198185</timestamp>
			</report>
			<report>
				<misses>1649001</misses>
				<total>24</total>
				<timestamp>362.417967</timestamp>
			</report>
			<report>
				<misses>1650001</misses>
				<total>25</total>
				<timestamp>362.637654</timestamp>
			</report>
			<report>
				<misses>1651001</misses>
				<total>25</total>
				<timestamp>362.857527</timestamp>
			</report>
			<report>
				<misses>1652001</misses>
				<total>24</total>
				<timestamp>363.077300</timestamp>
			</report>
			<report>
				<misses>1653001</misses>
				<total>25</total>
				<timestamp>363.296962</timestamp>
			</report>
			<report>
				<misses>1654001</misses>
				<total>25</total>
				<timestamp>363.516774</timestamp>
			</report>
			<report>
				<misses>1655001</misses>
				<total>24</total>
				<timestamp>363.736626</timestamp>
			</report>
			<report>
				<misses>1656001</misses>
				<total>25</total>
				<timestamp>363.956311</timestamp>
			</report>
			<report>
				<misses>1657001</misses>
				<total>25</total>
				<timestamp>364.176119</timestamp>
			</report>
			<report>
				<misses>1658001</misses>
				<total>24</total>
				<timestamp>364.396027</timestamp>
			</report>
			<report>
				<misses>1659001</misses>
				<total>25</total>
				<timestamp>364.615646</timestamp>
			</report>
			<report>
				<misses>1660001</misses>
				<total>25</total>
				<timestamp>364.835491</timestamp>
			</report>
			<report>
				<misses>1661001</misses>
				<total>25</total>
				<timestamp>365.055230</timestamp>
			</report>
			<report>
				<misses>1662001</misses>
				<total>24</total>
				<timestamp>365.275123</timestamp>
			</report>
			<report>
				<misses>1663001</misses>
				<total>25</total>
				<timestamp>365.494883</timestamp>
			</report>
			<report>
				<misses>1664001</misses>
				<total>25</total>
				<timestamp>365.714665</timestamp>
			</report>
			<report>
				<misses>1665001</misses>
				<total>25</total>
				<timestamp>365.934355</timestamp>
			</report>
			<report>
				<misses>1666001</misses>
				<total>25</total>
				<timestamp>366.154118</timestamp>
			</report>
			<report>
				<misses>1667001</misses>
				<total>24</total>
				<timestamp>366.373998</timestamp>
			</report>
			<report>
				<misses>1668001</misses>
				<total>25</total>
				<timestamp>366.593666</timestamp>
			</report>
			<report>
				<misses>1669001</misses>
				<total>25</total>
				<timestamp>366.813568</timestamp>
			</report>
			<report>
				<misses>1670001</misses>
				<total>25</total>
				<timestamp>367.033218</timestamp>
			</report>
			<report>
				<misses>1671001</misses>
				<total>25</total>
				<timestamp>367.253034</timestamp>
			</report>
			<report>
				<misses>1672001</misses>
				<total>25</total>
				<timestamp>367.472907</timestamp>
			</report>
			<report>
				<misses>1673001</misses>
				<total>25</total>
				<timestamp>367.692561</timestamp>
			</report>
			<report>
				<misses>1674001</misses>
				<total>25</total>
				<timestamp>367.912467</timestamp>
			</report>
			<report>
				<misses>1675001</misses>
				<total>25</total>
				<timestamp>368.132238</timestamp>
			</report>
			<report>
				<misses>1676001</misses>
				<total>24</total>
				<timestamp>368.352024</timestamp>
			</report>
			<report>
				<misses>1677001</misses>
				<total>25</total>
				<timestamp>368.571847</timestamp>
			</report>
			<report>
				<misses>1678001</misses>
				<total>25</total>
				<timestamp>368.791596</timestamp>
			</report>
			<report>
				<misses>1679001</misses>
				<total>25</total>
				<timestamp>369.011248</timestamp>
			</report>
			<report>
				<misses>1680001</misses>
				<total>24</total>
				<timestamp>369.231078</timestamp>
			</report>
			<report>
				<misses>1681001</misses>
				<total>25</total>
				<timestamp>369.450922</timestamp>
			</report>
			<report>
				<misses>1682001</misses>
				<total>25</total>
				<timestamp>369.670611</timestamp>
			</report>
			<report>
				<misses>1683001</misses>
				<total>25</total>
				<timestamp>369.890395</timestamp>
			</report>
			<report>
				<misses>1684001</misses>
				<total>25</total>
				<timestamp>370.110264</timestamp>
			</report>
			<report>
				<misses>1685001</misses>
				<total>25</total>
				<timestamp>370.329952</timestamp>
			</report>
			<report>
				<misses>1686001</misses>
				<total>25</total>
				<timestamp>370.549706</timestamp>
			</report>
			<report>
				<misses>1687001</misses>
				<total>25</total>
				<timestamp>370.769603</timestamp>
			</report>
			<report>
				<misses>1688001</misses>
				<total>25</total>
				<timestamp>370.989322</timestamp>
			</report>
			<report>
				<misses>1689001</misses>
				<total>25</total>
				<timestamp>371.209071</timestamp>
			</report>
			<report>
				<misses>1690001</misses>
				<total>25</total>
				<timestamp>371.428856</timestamp>
			</report>
			<report>
				<misses>1691001</misses>
				<total>25</total>
				<timestamp>371.648643</timestamp>
			</report>
			<report>
				<misses>1692001</misses>
				<total>24</total>
				<timestamp>371.868505</timestamp>
			</report>
			<report>
				<misses>1693001</misses>
				<total>24</total>
				<timestamp>372.088203</timestamp>
			</report>
			<report>
				<misses>1694001</misses>
				<total>25</total>
				<timestamp>372.307977</timestamp>
			</report>
			<report>
				<misses>1695001</misses>
				<total>24</total>
				<timestamp>372.527775</timestamp>
			</report>
			<report>
				<misses>1696001</misses>
				<total>25</total>
				<timestamp>372.747639</timestamp>
			</report>
			<report>
				<misses>1697001</misses>
				<total>24</total>
				<timestamp>372.967406</timestamp>
			</report>
			<report>
				<misses>1698001</misses>
				<total>25</total>
				<timestamp>373.187190</timestamp>
			</report>
			<report>
				<misses>1699001</misses>
				<total>25</total>
				<timestamp>373.406854</timestamp>
			</report>
			<report>
				<misses>1700001</misses>
				<total>25</total>
				<timestamp>373.626670</timestamp>
			</report>
			<report>
				<misses>1701001</misses>
				<total>24</total>
				<timestamp>373.846494</timestamp>
			</report>
			<report>
				<misses>1702001</misses>
				<total>25</total>
				<timestamp>374.066211</timestamp>
			</report>
			<report>
				<misses>1703001</misses>
				<total>25</total>
				<timestamp>374.286086</timestamp>
			</report>
			<report>
				<misses>1704001</misses>
				<total>24</total>
				<timestamp>374.505808</timestamp>
			</report>
			<report>
				<misses>1705001</misses>
				<total>24</total>
				<timestamp>374.725563</timestamp>
			</report>
			<report>
				<misses>1706001</misses>
				<total>25</total>
				<timestamp>374.945303</timestamp>
			</report>
			<report>
				<misses>1707001</misses>
				<total>25</total>
				<timestamp>375.165088</timestamp>
			</report>
			<report>
				<misses>1708001</misses>
				<total>24</total>
				<timestamp>375.384990</timestamp>
			</report>
			<report>
				<misses>1709001</misses>
				<total>25</total>
				<timestamp>375.604655</timestamp>
			</report>
			<report>
				<misses>1710001</misses>
				<total>25</total>
				<timestamp>375.824455</timestamp>
			</report>
			<report>
				<misses>1711001</misses>
				<total>25</total>
				<timestamp>376.044204</timestamp>
			</report>
			<report>
				<misses>1712001</misses>
				<total>24</total>
				<timestamp>376.264046</timestamp>
			</report>
			<report>
				<misses>1713001</misses>
				<total>25</total>
				<timestamp>376.483760</timestamp>
			</report>
			<report>
				<misses>1714001</misses>
				<total>25</total>
				<timestamp>376.703680</timestamp>
			</report>
			<report>
				<misses>1715001</misses>
				<total>25</total>
				<timestamp>376.923439</timestamp>
			</report>
			<report>
				<misses>1716001</misses>
				<total>25</total>
				<timestamp>377.143130</timestamp>
			</report>
			<report>
				<misses>1717001</misses>
				<total>25</total>
				<timestamp>377.362914</timestamp>
			</report>
			<report>
				<misses>1718001</misses>
				<total>25</total>
				<timestamp>377.582685</timestamp>
			</report>
			<report>
				<misses>1719001</misses>
				<total>25</total>
				<timestamp>377.802465</timestamp>
			</report>
			<report>
				<misses>1720001</misses>
				<total>25</total>
				<timestamp>378.022249</timestamp>
			</report>
			<report>
				<misses>1721001</misses>
				<total>25</total>
				<timestamp>378.242123</timestamp>
			</report>
			<report>
				<misses>1722001</misses>
				<total>25</total>
				<timestamp>378.461808</timestamp>
			</report>
			<report>
				<misses>1723001</misses>
				<total>25</total>
				<timestamp>378.681694</timestamp>
			</report>
			<report>
				<misses>1724001</misses>
				<total>25</total>
				<timestamp>378.901481</timestamp>
			</report>
			<report>
				<misses>1725001</misses>
				<total>24</total>
				<timestamp>379.121151</timestamp>
			</report>
			<report>
				<misses>1726001</misses>
				<total>25</total>
				<timestamp>379.340941</timestamp>
			</report>
			<report>
				<misses>1727001</misses>
				<total>25</total>
				<timestamp>379.560685</timestamp>
			</report>
			<report>
				<misses>1728001</misses>
				<total>25</total>
				<timestamp>379.780586</timestamp>
			</report>
			<report>
				<misses>1729001</misses>
				<total>25</total>
				<timestamp>380.000270</timestamp>
			</report>
			<report>
				<misses>1730001</misses>
				<total>25</total>
				<timestamp>380.220055</timestamp>
			</report>
			<report>
				<misses>1731001</misses>
				<total>25</total>
				<timestamp>380.439844</timestamp>
			</report>
			<report>
				<misses>1732001</misses>
				<total>24</total>
				<timestamp>380.659726</timestamp>
			</report>
			<report>
				<misses>1733001</misses>
				<total>25</total>
				<timestamp>380.879486</timestamp>
			</report>
			<report>
				<misses>1734001</misses>
				<total>25</total>
				<timestamp>381.099170</timestamp>
			</report>
			<report>
				<misses>1735001</misses>
				<total>25</total>
				<timestamp>381.318926</timestamp>
			</report>
			<report>
				<misses>1736001</misses>
				<total>25</total>
				<timestamp>381.538737</timestamp>
			</report>
			<report>
				<misses>1737001</misses>
				<total>25</total>
				<timestamp>381.758599</timestamp>
			</report>
			<report>
				<misses>1738001</misses>
				<total>25</total>
				<timestamp>381.978383</timestamp>
			</report>
			<report>
				<misses>1739001</misses>
				<total>25</total>
				<timestamp>382.198172</timestamp>
			</report>
			<report>
				<misses>1740001</misses>
				<total>24</total>
				<timestamp>382.417854</timestamp>
			</report>
			<report>
				<misses>1741001</misses>
				<total>25</total>
				<timestamp>382.637602</timestamp>
			</report>
			<report>
				<misses>1742001</misses>
				<total>25</total>
				<timestamp>382.857498</timestamp>
			</report>
			<report>
				<misses>1743001</misses>
				<total>24</total>
				<timestamp>383.077287</timestamp>
			</report>
			<report>
				<misses>1744001</misses>
				<total>25</total>
				<timestamp>383.296969</timestamp>
			</report>
			<report>
				<misses>1745001</misses>
				<total>25</total>
				<timestamp>383.516753</timestamp>
			</report>
			<report>
				<misses>1746001</misses>
				<total>25</total>
				<timestamp>383.736535</timestamp>
			</report>
			<report>
				<misses>1747001</misses>
				<total>25</total>
				<timestamp>383.956338</timestamp>
			</report>
			<report>
				<misses>1748001</misses>
				<total>24</total>
				<timestamp>384.176188</timestamp>
			</report>
			<report>
				<misses>1749001</misses>
				<total>25</total>
				<timestamp>384.395844</timestamp>
			</report>
			<report>
				<misses>1750001</misses>
				<total>25</total>
				<timestamp>384.615745</timestamp>
			</report>
			<report>
				<misses>1751001</misses>
				<total>25</total>
				<timestamp>384.835464</timestamp>
			</report>
			<report>
				<misses>1752001</misses>
				<total>25</total>
				<timestamp>385.055186</timestamp>
			</report>
			<report>
				<misses>1753001</misses>
				<total>25</total>
				<timestamp>385.274999</timestamp>
			</report>
			<report>
				<misses>1754001</misses>
				<total>25</total>
				<timestamp>385.494807</timestamp>
			</report>
			<report>
				<misses>1755001</misses>
				<total>25</total>
				<timestamp>385.714554</timestamp>
			</report>
			<report>
				<misses>1756001</misses>
				<total>25</total>
				<timestamp>385.934421</timestamp>
			</report>
			<report>
				<misses>1757001</misses>
				<total>24</total>
				<timestamp>386.154112</timestamp>
			</report>
			<report>
				<misses>1758001</misses>
				<total>24</total>
				<timestamp>386.373933</timestamp>
			</report>
			<report>
				<misses>1759001</misses>
				<total>25</total>
				<timestamp>386.593775</timestamp>
			</report>
			<report>
				<misses>1760001</misses>
				<total>25</total>
				<timestamp>386.813458</timestamp>
			</report>
			<report>
				<misses>1761001</misses>
				<total>25</total>
				<timestamp>387.033321</timestamp>
			</report>
			<report>
				<misses>1762001</misses>
				<total>24</total>
				<timestamp>387.253111</timestamp>
			</report>
			<report>
				<misses>1763001</misses>
				<total>24</total>
				<timestamp>387.472827</timestamp>
			</report>
			<report>
				<misses>1764001</misses>
				<total>25</total>
				<timestamp>387.692568</timestamp>
			</report>
			<report>
				<misses>1765001</misses>
				<total>25</total>
				<timestamp>387.912446</timestamp>
			</report>
			<report>
				<misses>1766001</misses>
				<total>25</total>
				<timestamp>388.132187</timestamp>
			</report>
			<report>
				<misses>1767001</misses>
				<total>25</total>
				<timestamp>388.352003</timestamp>
			</report>
			<report>
				<misses>1768001</misses>
				<total>25</total>
				<timestamp>388.571702</timestamp>
			</report>
			<report>
				<misses>1769001</misses>
				<total>25</total>
				<timestamp>388.791449</timestamp>
			</report>
			<report>
				<misses>1770001</misses>
				<total>25</total>
				<timestamp>389.011270</timestamp>
			</report>
			<report>
				<misses>1771001</misses>
				<total>25</total>
				<timestamp>389.231037</timestamp>
			</report>
			<report>
				<misses>1772001</misses>
				<total>25</total>
				<timestamp>389.450813</timestamp>
			</report>
			<report>
				<misses>1773001</misses>
				<total>25</total>
				<timestamp>389.670593</timestamp>
			</report>
			<report>
				<misses>1774001</misses>
				<total>25</total>
				<timestamp>389.890425</timestamp>
			</report>
			<report>
				<misses>1775001</misses>
				<total>25</total>
				<timestamp>390.110236</timestamp>
			</report>
			<report>
				<misses>1776001</misses>
				<total>25</total>
				<timestamp>390.329949</timestamp>
			</report>
			<report>
				<misses>1777001</misses>
				<total>25</total>
				<timestamp>390.549679</timestamp>
			</report>
			<report>
				<misses>1778001</misses>
				<total>25</total>
				<timestamp>390.769470</timestamp>
			</report>
			<report>
				<misses>1779001</misses>
				<total>25</total>
				<timestamp>390.989370</timestamp>
			</report>
			<report>
				<misses>1780001</misses>
				<total>25</total>
				<timestamp>391.209057</timestamp>
			</report>
			<report>
				<misses>1781001</misses>
				<total>25</total>
				<timestamp>391.428804</timestamp>
			</report>
			<report>
				<misses>1782001</misses>
				<total>25</total>
				<timestamp>391.648584</timestamp>
			</report>
			<report>
				<misses>1783001</misses>
				<total>25</total>
				<timestamp>391.868397</timestamp>
			</report>
			<report>
				<misses>1784001</misses>
				<total>25</total>
				<timestamp>392.088145</timestamp>
			</report>
			<report>
				<misses>1785001</misses>
				<total>25</total>
				<timestamp>392.307921</timestamp>
			</report>
			<report>
				<misses>1786001</misses>
				<total>25</total>
				<timestamp>392.527733</timestamp>
			</report>
			<report>
				<misses>1787001</misses>
				<total>25</total>
				<timestamp>392.747509</timestamp>
			</report>
			<report>
				<misses>1788001</misses>
				<total>24</total>
				<timestamp>392.967389</timestamp>
			</report>
			<report>
				<misses>1789001</misses>
				<total>25</total>
				<timestamp>393.187077</timestamp>
			</report>
			<report>
				<misses>1790001</misses>
				<total>24</total>
				<timestamp>393.406945</timestamp>
			</report>
			<report>
				<misses>1791001</misses>
				<total>25</total>
				<timestamp>393.626629</timestamp>
			</report>
			<report>
				<misses>1792001</misses>
				<total>25</total>
				<timestamp>393.846374</timestamp>
			</report>
			<report>
				<misses>1793001</misses>
				<total>25</total>
				<timestamp>394.066290</timestamp>
			</report>
			<report>
				<misses>1794001</misses>
				<total>25</total>
				<timestamp>394.285976</timestamp>
			</report>
			<report>
				<misses>1795001</misses>
				<total>25</total>
				<timestamp>394.505750</timestamp>
			</report>
			<report>
				<misses>1796001</misses>
				<total>25</total>
				<timestamp>394.725530</timestamp>
			</report>
			<report>
				<misses>1797001</misses>
				<total>25</total>
				<timestamp>394.945400</timestamp>
			</report>
			<report>
				<misses>1798001</misses>
				<total>25</total>
				<timestamp>395.165092</timestamp>
			</report>
			<report>
				<misses>1799001</misses>
				<total>25</total>
				<timestamp>395.384836</timestamp>
			</report>
			<report>
				<misses>1800001</misses>
				<total>25</total>
				<timestamp>395.604649</timestamp>
			</report>
			<report>
				<misses>1801001</misses>
				<total>25</total>
				<timestamp>395.824460</timestamp>
			</report>
			<report>
				<misses>1802001</misses>
				<total>25</total>
				<timestamp>396.044239</timestamp>
			</report>
			<report>
				<misses>1803001</misses>
				<total>25</total>
				<timestamp>396.263987</timestamp>
			</report>
			<report>
				<misses>1804001</misses>
				<total>24</total>
				<timestamp>396.483870</timestamp>
			</report>
			<report>
				<misses>1805001</misses>
				<total>25</total>
				<timestamp>396.703553</timestamp>
			</report>
			<report>
				<misses>1806001</misses>
				<total>25</total>
				<timestamp>396.923301</timestamp>
			</report>
			<report>
				<misses>1807001</misses>
				<total>25</total>
				<timestamp>397.143213</timestamp>
			</report>
			<report>
				<misses>1808001</misses>
				<total>25</total>
				<timestamp>397.362902</timestamp>
			</report>
			<report>
				<misses>1809001</misses>
				<total>25</total>
				<timestamp>397.582644</timestamp>
			</report>
			<report>
				<misses>1810001</misses>
				<total>25</total>
				<timestamp>397.802425</timestamp>
			</report>
			<report>
				<misses>1811001</misses>
				<total>24</total>
				<timestamp>398.022349</timestamp>
			</report>
			<report>
				<misses>1812001</misses>
				<total>25</total>
				<timestamp>398.242047</timestamp>
			</report>
			<report>
				<misses>1813001</misses>
				<total>25</total>
				<timestamp>398.461903</timestamp>
			</report>
			<report>
				<misses>1814001</misses>
				<total>24</total>
				<timestamp>398.681573</timestamp>
			</report>
			<report>
				<misses>1815001</misses>
				<total>25</total>
				<timestamp>398.901441</timestamp>
			</report>
			<report>
				<misses>1816001</misses>
				<total>25</total>
				<timestamp>399.121127</timestamp>
			</report>
			<report>
				<misses>1817001</misses>
				<total>25</total>
				<timestamp>399.340925</timestamp>
			</report>
			<report>
				<misses>1818001</misses>
				<total>25</total>
				<timestamp>399.560691</timestamp>
			</report>
			<report>
				<misses>1819001</misses>
				<total>25</total>
				<timestamp>399.780452</timestamp>
			</report>
			<report>
				<misses>1820001</misses>
				<total>25</total>
				<timestamp>400.000296</timestamp>
			</report>
			<report>
				<misses>1821001</misses>
				<total>25</total>
				<timestamp>400.220040</timestamp>
			</report>
			<report>
				<misses>1822001</misses>
				<total>25</total>
				<timestamp>400.439798</timestamp>
			</report>
			<report>
				<misses>1823001</misses>
				<total>25</total>
				<timestamp>400.659690</timestamp>
			</report>
			<report>
				<misses>1824001</misses>
				<total>24</total>
				<timestamp>400.879467</timestamp>
			</report>
			<report>
				<misses>1825001</misses>
				<total>25</total>
				<timestamp>401.099152</timestamp>
			</report>
			<report>
				<misses>1826001</misses>
				<total>25</total>
				<timestamp>401.318946</timestamp>
			</report>
			<report>
				<misses>1827001</misses>
				<total>24</total>
				<timestamp>401.538730</timestamp>
			</report>
			<report>
				<misses>1828001</misses>
				<total>25</total>
				<timestamp>401.758587</timestamp>
			</report>
			<report>
				<misses>1829001</misses>
				<total>25</total>
				<timestamp>401.978372</timestamp>
			</report>
			<report>
				<misses>1830001</misses>
				<total>25</total>
				<timestamp>402.198150</timestamp>
			</report>
			<report>
				<misses>1831001</misses>
				<total>25</total>
				<timestamp>402.417847</timestamp>
			</report>
			<report>
				<misses>1832001</misses>
				<total>25</total>
				<timestamp>402.637619</timestamp>
			</report>
			<report>
				<misses>1833001</misses>
				<total>24</total>
				<timestamp>402.857394</timestamp>
			</report>
			<report>
				<misses>1834001</misses>
				<total>24</total>
				<timestamp>403.077205</timestamp>
			</report>
			<report>
				<misses>1835001</misses>
				<total>25</total>
				<timestamp>403.297047</timestamp>
			</report>
			<report>
				<misses>1836001</misses>
				<total>25</total>
				<timestamp>403.516733</timestamp>
			</report>
			<report>
				<misses>1837001</misses>
				<total>25</total>
				<timestamp>403.736608</timestamp>
			</report>
			<report>
				<misses>1838001</misses>
				<total>24</total>
				<timestamp>403.956327</timestamp>
			</report>
			<report>
				<misses>1839001</misses>
				<total>25</total>
				<timestamp>404.176047</timestamp>
			</report>
			<report>
				<misses>1840001</misses>
				<total>25</total>
				<timestamp>404.395849</timestamp>
			</report>
			<report>
				<misses>1841001</misses>
				<total>25</total>
				<timestamp>404.615729</timestamp>
			</report>
			<report>
				<misses>1842001</misses>
				<total>25</total>
				<timestamp>404.835388</timestamp>
			</report>
			<report>
				<misses>1843001</misses>
				<total>25</total>
				<timestamp>405.055194</timestamp>
			</report>
			<report>
				<misses>1844001</misses>
				<total>25</total>
				<timestamp>405.275004</timestamp>
			</report>
			<report>
				<misses>1845001</misses>
				<total>25</total>
				<timestamp>405.494759</timestamp>
			</report>
			<report>
				<misses>1846001</misses>
				<total>25</total>
				<timestamp>405.714532</timestamp>
			</report>
			<report>
				<misses>1847001</misses>
				<total>24</total>
				<timestamp>405.934391</timestamp>
			</report>
			<report>
				<misses>1848001</misses>
				<total>25</total>
				<timestamp>406.154188</timestamp>
			</report>
			<report>
				<misses>1849001</misses>
				<total>25</total>
				<timestamp>406.373879</timestamp>
			</report>
			<report>
				<misses>1850001</misses>
				<total>25</total>
				<timestamp>406.593757</timestamp>
			</report>
			<report>
				<misses>1851001</misses>
				<total>25</total>
				<timestamp>406.813432</timestamp>
			</report>
			<report>
				<misses>1852001</misses>
				<total>25</total>
				<timestamp>407.033338</timestamp>
			</report>
			<report>
				<misses>1853001</misses>
				<total>25</total>
				<timestamp>407.253095</timestamp>
			</report>
			<report>
				<misses>1854001</misses>
				<total>24</total>
				<timestamp>407.472782</timestamp>
			</report>
			<report>
				<misses>1855001</misses>
				<total>25</total>
				<timestamp>407.692561</timestamp>
			</report>
			<report>
				<misses>1856001</misses>
				<total>25</total>
				<timestamp>407.912431</timestamp>
			</report>
			<report>
				<misses>1857001</misses>
				<total>25</total>
				<timestamp>408.132204</timestamp>
			</report>
			<report>
				<misses>1858001</misses>
				<total>25</total>
				<timestamp>408.351891</timestamp>
			</report>
			<report>
				<misses>1859001</misses>
				<total>25</total>
				<timestamp>408.571764</timestamp>
			</report>
			<report>
				<misses>1860001</misses>
				<total>25</total>
				<timestamp>408.791428</timestamp>
			</report>
			<report>
				<misses>1861001</misses>
				<total>25</total>
				<timestamp>409.011372</timestamp>
			</report>
			<report>
				<misses>1862001</misses>
				<total>25</total>
				<timestamp>409.230982</timestamp>
			</report>
			<report>
				<misses>1863001</misses>
				<total>25</total>
				<timestamp>409.450887</timestamp>
			</report>
			<report>
				<misses>1864001</misses>
				<total>24</total>
				<timestamp>409.670633</timestamp>
			</report>
			<report>
				<misses>1865001</misses>
				<total>25</total>
				<timestamp>409.890448</timestamp>
			</report>
			<report>
				<misses>1866001</misses>
				<total>25</total>
				<timestamp>410.110136</timestamp>
			</report>
			<report>
				<misses>1867001</misses>
				<total>24</total>
				<timestamp>410.330010</timestamp>
			</report>
			<report>
				<misses>1868001</misses>
				<total>25</total>
				<timestamp>410.549662</timestamp>
			</report>
			<report>
				<misses>1869001</misses>
				<total>25</total>
				<timestamp>410.769453</timestamp>
			</report>
			<report>
				<misses>1870001</misses>
				<total>25</total>
				<timestamp>410.989402</timestamp>
			</report>
			<report>
				<misses>1871001</misses>
				<total>24</total>
				<timestamp>411.209153</timestamp>
			</report>
			<report>
				<misses>1872001</misses>
				<total>25</total>
				<timestamp>411.428910</timestamp>
			</report>
			<report>
				<misses>1873001</misses>
				<total>25</total>
				<timestamp>411.648568</timestamp>
			</report>
			<report>
				<misses>1874001</misses>
				<total>25</total>
				<timestamp>411.868373</timestamp>
			</report>
			<report>
				<misses>1875001</misses>
				<total>25</total>
				<timestamp>412.088244</timestamp>
			</report>
			<report>
				<misses>1876001</misses>
				<total>25</total>
				<timestamp>412.307932</timestamp>
			</report>
			<report>
				<misses>1877001</misses>
				<total>25</total>
				<timestamp>412.527684</timestamp>
			</report>
			<report>
				<misses>1878001</misses>
				<total>25</total>
				<timestamp>412.747496</timestamp>
			</report>
			<report>
				<misses>1879001</misses>
				<total>24</total>
				<timestamp>412.967266</timestamp>
			</report>
			<report>
				<misses>1880001</misses>
				<total>25</total>
				<timestamp>413.187144</timestamp>
			</report>
			<report>
				<misses>1881001</misses>
				<total>25</total>
				<timestamp>413.406833</timestamp>
			</report>
			<report>
				<misses>1882001</misses>
				<total>25</total>
				<timestamp>413.626617</timestamp>
			</report>
			<report>
				<misses>1883001</misses>
				<total>25</total>
				<timestamp>413.846418</timestamp>
			</report>
			<report>
				<misses>1884001</misses>
				<total>25</total>
				<timestamp>414.066270</timestamp>
			</report>
			<report>
				<misses>1885001</misses>
				<total>24</total>
				<timestamp>414.286065</timestamp>
			</report>
			<report>
				<misses>1886001</misses>
				<total>25</total>
				<timestamp>414.505734</timestamp>
			</report>
			<report>
				<misses>1887001</misses>
				<total>25</total>
				<timestamp>414.725601</timestamp>
			</report>
			<report>
				<misses>1888001</misses>
				<total>24</total>
				<timestamp>414.945383</timestamp>
			</report>
			<report>
				<misses>1889001</misses>
				<total>25</total>
				<timestamp>415.165180</timestamp>
			</report>
			<report>
				<misses>1890001</misses>
				<total>25</total>
				<timestamp>415.384849</timestamp>
			</report>
			<report>
				<misses>1891001</misses>
				<total>25</total>
				<timestamp>415.604635</timestamp>
			</report>
			<report>
				<misses>1892001</misses>
				<total>24</total>
				<timestamp>415.824466</timestamp>
			</report>
			<report>
				<misses>1893001</misses>
				<total>25</total>
				<timestamp>416.044193</timestamp>
			</report>
			<report>
				<misses>1894001</misses>
				<total>24</total>
				<timestamp>416.263994</timestamp>
			</report>
			<report>
				<misses>1895001</misses>
				<total>25</total>
				<timestamp>416.483748</timestamp>
			</report>
			<report>
				<misses>1896001</misses>
				<total>25</total>
				<timestamp>416.703536</timestamp>
			</report>
			<report>
				<misses>1897001</misses>
				<total>25</total>
				<timestamp>416.923405</timestamp>
			</report>
			<report>
				<misses>1898001</misses>
				<total>25</total>
				<timestamp>417.143190</timestamp>
			</report>
			<report>
				<misses>1899001</misses>
				<total>25</total>
				<timestamp>417.362871</timestamp>
			</report>
			<report>
				<misses>1900001</misses>
				<total>25</total>
				<timestamp>417.582635</timestamp>
			</report>
			<report>
				<misses>1901001</misses>
				<total>25</total>
				<timestamp>417.802525</timestamp>
			</report>
			<report>
				<misses>1902001</misses>
				<total>25</total>
				<timestamp>418.022307</timestamp>
			</report>
			<report>
				<misses>1903001</misses>
				<total>25</total>
				<timestamp>418.241993</timestamp>
			</report>
			<report>
				<misses>1904001</misses>
				<total>25</total>
				<timestamp>418.461789</timestamp>
			</report>
			<report>
				<misses>1905001</misses>
				<total>25</total>
				<timestamp>418.681596</timestamp>
			</report>
			<report>
				<misses>1906001</misses>
				<total>25</total>
				<timestamp>418.901316</timestamp>
			</report>
			<report>
				<misses>1907001</misses>
				<total>25</total>
				<timestamp>419.121202</timestamp>
			</report>
			<report>
				<misses>1908001</misses>
				<total>25</total>
				<timestamp>419.340867</timestamp>
			</report>
			<report>
				<misses>1909001</misses>
				<total>25</total>
				<timestamp>419.560672</timestamp>
			</report>
			<report>
				<misses>1910001</misses>
				<total>25</total>
				<timestamp>419.780460</timestamp>
			</report>
			<report>
				<misses>1911001</misses>
				<total>25</total>
				<timestamp>420.000240</timestamp>
			</report>
			<report>
				<misses>1912001</misses>
				<total>24</total>
				<timestamp>420.220107</timestamp>
			</report>
			<report>
				<misses>1913001</misses>
				<total>25</total>
				<timestamp>420.439771</timestamp>
			</report>
			<report>
				<misses>1914001</misses>
				<total>25</total>
				<timestamp>420.659570</timestamp>
			</report>
			<report>
				<misses>1915001</misses>
				<total>24</total>
				<timestamp>420.879361</timestamp>
			</report>
			<report>
				<misses>1916001</misses>
				<total>25</total>
				<timestamp>421.099135</timestamp>
			</report>
			<report>
				<misses>1917001</misses>
				<total>25</total>
				<timestamp>421.318915</timestamp>
			</report>
			<report>
				<misses>1918001</misses>
				<total>25</total>
				<timestamp>421.538698</timestamp>
			</report>
			<report>
				<misses>1919001</misses>
				<total>25</total>
				<timestamp>421.758493</timestamp>
			</report>
			<report>
				<misses>1920001</misses>
				<total>25</total>
				<timestamp>421.978254</timestamp>
			</report>
			<report>
				<misses>1921001</misses>
				<total>24</total>
				<timestamp>422.198088</timestamp>
			</report>
			<report>
				<misses>1922001</misses>
				<total>25</total>
				<timestamp>422.417811</timestamp>
			</report>
			<report>
				<misses>1923001</misses>
				<total>25</total>
				<timestamp>422.637685</timestamp>
			</report>
			<report>
				<misses>1924001</misses>
				<total>25</total>
				<timestamp>422.857407</timestamp>
			</report>
			<report>
				<misses>1925001</misses>
				<total>25</total>
				<timestamp>423.077148</timestamp>
			</report>
			<report>
				<misses>1926001</misses>
				<total>25</total>
				<timestamp>423.296902</timestamp>
			</report>
			<report>
				<misses>1927001</misses>
				<total>25</total>
				<timestamp>423.516685</timestamp>
			</report>
			<report>
				<misses>1928001</misses>
				<total>25</total>
				<timestamp>423.736490</timestamp>
			</report>
			<report>
				<misses>1929001</misses>
				<total>25</total>
				<timestamp>423.956373</timestamp>
			</report>
			<report>
				<misses>1930001</misses>
				<total>25</total>
				<timestamp>424.176151</timestamp>
			</report>
			<report>
				<misses>1931001</misses>
				<total>25</total>
				<timestamp>424.395802</timestamp>
			</report>
			<report>
				<misses>1932001</misses>
				<total>24</total>
				<timestamp>424.615710</timestamp>
			</report>
			<report>
				<misses>1933001</misses>
				<total>25</total>
				<timestamp>424.835375</timestamp>
			</report>
			<report>
				<misses>1934001</misses>
				<total>25</total>
				<timestamp>425.055270</timestamp>
			</report>
			<report>
				<misses>1935001</misses>
				<total>24</total>
				<timestamp>425.275051</timestamp>
			</report>
			<report>
				<misses>1936001</misses>
				<total>24</total>
				<timestamp>425.494772</timestamp>
			</report>
			<report>
				<misses>1937001</misses>
				<total>25</total>
				<timestamp>425.714481</timestamp>
			</report>
			<report>
				<misses>1938001</misses>
				<total>25</total>
				<timestamp>425.934379</timestamp>
			</report>
			<report>
				<misses>1939001</misses>
				<total>25</total>
				<timestamp>426.154075</timestamp>
			</report>
			<report>
				<misses>1940001</misses>
				<total>25</total>
				<timestamp>426.373948</timestamp>
			</report>
			<report>
				<misses>1941001</misses>
				<total>24</total>
				<timestamp>426.593632</timestamp>
			</report>
			<report>
				<misses>1942001</misses>
				<total>25</total>
				<timestamp>426.813377</timestamp>
			</report>
			<report>
				<misses>1943001</misses>
				<total>25</total>
				<timestamp>427.033188</timestamp>
			</report>
			<report>
				<misses>1944001</misses>
				<total>25</total>
				<timestamp>427.253068</timestamp>
			</report>
			<report>
				<misses>1945001</misses>
				<total>25</total>
				<timestamp>427.472751</timestamp>
			</report>
			<report>
				<misses>1946001</misses>
				<total>24</total>
				<timestamp>427.692628</timestamp>
			</report>
			<report>
				<misses>1947001</misses>
				<total>25</total>
				<timestamp>427.912317</timestamp>
			</report>
			<report>
				<misses>1948001</misses>
				<total>25</total>
				<timestamp>428.132191</timestamp>
			</report>
			<report>
				<misses>1949001</misses>
				<total>25</total>
				<timestamp>428.351874</timestamp>
			</report>
			<report>
				<misses>1950001</misses>
				<total>25</total>
				<timestamp>428.571655</timestamp>
			</report>
			<report>
				<misses>1951001</misses>
				<total>25</total>
				<timestamp>428.791417</timestamp>
			</report>
			<report>
				<misses>1952001</misses>
				<total>25</total>
				<timestamp>429.011308</timestamp>
			</report>
			<report>
				<misses>1953001</misses>
				<total>25</total>
				<timestamp>429.230994</timestamp>
			</report>
			<report>
				<misses>1954001</misses>
				<total>25</total>
				<timestamp>429.450866</timestamp>
			</report>
			<report>
				<misses>1955001</misses>
				<total>25</total>
				<timestamp>429.670558</timestamp>
			</report>
			<report>
				<misses>1956001</misses>
				<total>25</total>
				<timestamp>429.890332</timestamp>
			</report>
			<report>
				<misses>1957001</misses>
				<total>25</total>
				<timestamp>430.110114</timestamp>
			</report>
			<report>
				<misses>1958001</misses>
				<total>25</total>
				<timestamp>430.329889</timestamp>
			</report>
			<report>
				<misses>1959001</misses>
				<total>25</total>
				<timestamp>430.549773</timestamp>
			</report>
			<report>
				<misses>1960001</misses>
				<total>24</total>
				<timestamp>430.769453</timestamp>
			</report>
			<report>
				<misses>1961001</misses>
				<total>25</total>
				<timestamp>430.989236</timestamp>
			</report>
			<report>
				<misses>1962001</misses>
				<total>25</total>
				<timestamp>431.209112</timestamp>
			</report>
			<report>
				<misses>1963001</misses>
				<total>25</total>
				<timestamp>431.428758</timestamp>
			</report>
			<report>
				<misses>1964001</misses>
				<total>25</total>
				<timestamp>431.648547</timestamp>
			</report>
			<report>
				<misses>1965001</misses>
				<total>25</total>
				<timestamp>431.868364</timestamp>
			</report>
			<report>
				<misses>1966001</misses>
				<total>24</total>
				<timestamp>432.088160</timestamp>
			</report>
			<report>
				<misses>1967001</misses>
				<total>25</total>
				<timestamp>432.308002</timestamp>
			</report>
			<report>
				<misses>1968001</misses>
				<total>25</total>
				<timestamp>432.527706</timestamp>
			</report>
			<report>
				<misses>1969001</misses>
				<total>25</total>
				<timestamp>432.747471</timestamp>
			</report>
			<report>
				<misses>1970001</misses>
				<total>25</total>
				<timestamp>432.967228</timestamp>
			</report>
			<report>
				<misses>1971001</misses>
				<total>25</total>
				<timestamp>433.187003</timestamp>
			</report>
			<report>
				<misses>1972001</misses>
				<total>25</total>
				<timestamp>433.406902</timestamp>
			</report>
			<report>
				<misses>1973001</misses>
				<total>25</total>
				<timestamp>433.626602</timestamp>
			</report>
			<report>
				<misses>1974001</misses>
				<total>25</total>
				<timestamp>433.846350</timestamp>
			</report>
			<report>
				<misses>1975001</misses>
				<total>25</total>
				<timestamp>434.066242</timestamp>
			</report>
			<report>
				<misses>1976001</misses>
				<total>25</total>
				<timestamp>434.285935</timestamp>
			</report>
			<report>
				<misses>1977001</misses>
				<total>25</total>
				<timestamp>434.505713</timestamp>
			</report>
			<report>
				<misses>1978001</misses>
				<total>24</total>
				<timestamp>434.725597</timestamp>
			</report>
			<report>
				<misses>1979001</misses>
				<total>25</total>
				<timestamp>434.945273</timestamp>
			</report>
			<report>
				<misses>1980001</misses>
				<total>25</total>
				<timestamp>435.165045</timestamp>
			</report>
			<report>
				<misses>1981001</misses>
				<total>24</total>
				<timestamp>435.384911</timestamp>
			</report>
			<report>
				<misses>1982001</misses>
				<total>25</total>
				<timestamp>435.604576</timestamp>
			</report>
			<report>
				<misses>1983001</misses>
				<total>25</total>
				<timestamp>435.824487</timestamp>
			</report>
			<report>
				<misses>1984001</misses>
				<total>25</total>
				<timestamp>436.044265</timestamp>
			</report>
			<report>
				<misses>1985001</misses>
				<total>24</total>
				<timestamp>436.264040</timestamp>
			</report>
			<report>
				<misses>1986001</misses>
				<total>25</total>
				<timestamp>436.483826</timestamp>
			</report>
			<report>
				<misses>1987001</misses>
				<total>25</total>
				<timestamp>436.703602</timestamp>
			</report>
			<report>
				<misses>1988001</misses>
				<total>25</total>
				<timestamp>436.923282</timestamp>
			</report>
			<report>
				<misses>1989001</misses>
				<total>25</total>
				<timestamp>437.143201</timestamp>
			</report>
			<report>
				<misses>1990001</misses>
				<total>25</total>
				<timestamp>437.362953</timestamp>
			</report>
			<report>
				<misses>1991001</misses>
				<total>25</total>
				<timestamp>437.582599</timestamp>
			</report>
			<report>
				<misses>1992001</misses>
				<total>25</total>
				<timestamp>437.802504</timestamp>
			</report>
			<report>
				<misses>1993001</misses>
				<total>25</total>
				<timestamp>438.022292</timestamp>
			</report>
			<report>
				<misses>1994001</misses>
				<total>24</total>
				<timestamp>438.242066</timestamp>
			</report>
			<report>
				<misses>1995001</misses>
				<total>25</total>
				<timestamp>438.461761</timestamp>
			</report>
			<report>
				<misses>1996001</misses>
				<total>25</total>
				<timestamp>438.681537</timestamp>
			</report>
			<report>
				<misses>1997001</misses>
				<total>25</total>
				<timestamp>438.901309</timestamp>
			</report>
			<report>
				<misses>1998001</misses>
				<total>25</total>
				<timestamp>439.121066</timestamp>
			</report>
			<report>
				<misses>1999001</misses>
				<total>25</total>
				<timestamp>439.340885</timestamp>
			</report>
			<report>
				<misses>2000001</misses>
				<total>25</total>
				<timestamp>439.560656</timestamp>
			</report>
			<report>
				<misses>2001001</misses>
				<total>25</total>
				<timestamp>439.780529</timestamp>
			</report>
			<report>
				<misses>2002001</misses>
				<total>25</total>
				<timestamp>440.000298</timestamp>
			</report>
			<report>
				<misses>2003001</misses>
				<total>25</total>
				<timestamp>440.219987</timestamp>
			</report>
			<report>
				<misses>2004001</misses>
				<total>25</total>
				<timestamp>440.439881</timestamp>
			</report>
			<report>
				<misses>2005001</misses>
				<total>25</total>
				<timestamp>440.659550</timestamp>
			</report>
			<report>
				<misses>2006001</misses>
				<total>24</total>
				<timestamp>440.879369</timestamp>
			</report>
			<report>
				<misses>2007001</misses>
				<total>25</total>
				<timestamp>441.099117</timestamp>
			</report>
			<report>
				<misses>2008001</misses>
				<total>25</total>
				<timestamp>441.318923</timestamp>
			</report>
			<report>
				<misses>2009001</misses>
				<total>25</total>
				<timestamp>441.538650</timestamp>
			</report>
			<report>
				<misses>2010001</misses>
				<total>25</total>
				<timestamp>441.758469</timestamp>
			</report>
			<report>
				<misses>2011001</misses>
				<total>25</total>
				<timestamp>441.978206</timestamp>
			</report>
			<report>
				<misses>2012001</misses>
				<total>25</total>
				<timestamp>442.198116</timestamp>
			</report>
			<report>
				<misses>2013001</misses>
				<total>25</total>
				<timestamp>442.417800</timestamp>
			</report>
			<report>
				<misses>2014001</misses>
				<total>25</total>
				<timestamp>442.637545</timestamp>
			</report>
			<report>
				<misses>2015001</misses>
				<total>25</total>
				<timestamp>442.857350</timestamp>
			</report>
			<report>
				<misses>2016001</misses>
				<total>24</total>
				<timestamp>443.077220</timestamp>
			</report>
			<report>
				<misses>2017001</misses>
				<total>25</total>
				<timestamp>443.296882</timestamp>
			</report>
			<report>
				<misses>2018001</misses>
				<total>25</total>
				<timestamp>443.516703</timestamp>
			</report>
			<report>
				<misses>2019001</misses>
				<total>24</total>
				<timestamp>443.736578</timestamp>
			</report>
			<report>
				<misses>2020001</misses>
				<total>25</total>
				<timestamp>443.956236</timestamp>
			</report>
			<report>
				<misses>2021001</misses>
				<total>25</total>
				<timestamp>444.176051</timestamp>
			</report>
			<report>
				<misses>2022001</misses>
				<total>25</total>
				<timestamp>444.395821</timestamp>
			</report>
			<report>
				<misses>2023001</misses>
				<total>25</total>
				<timestamp>444.615692</timestamp>
			</report>
			<report>
				<misses>2024001</misses>
				<total>25</total>
				<timestamp>444.835373</timestamp>
			</report>
			<report>
				<misses>2025001</misses>
				<total>24</total>
				<timestamp>445.055256</timestamp>
			</report>
			<report>
				<misses>2026001</misses>
				<total>25</total>
				<timestamp>445.275034</timestamp>
			</report>
			<report>
				<misses>2027001</misses>
				<total>25</total>
				<timestamp>445.494806</timestamp>
			</report>
			<report>
				<misses>2028001</misses>
				<total>25</total>
				<timestamp>445.714492</timestamp>
			</report>
			<report>
				<misses>2029001</misses>
				<total>25</total>
				<timestamp>445.934374</timestamp>
			</report>
			<report>
				<misses>2030001</misses>
				<total>25</total>
				<timestamp>446.154065</timestamp>
			</report>
			<report>
				<misses>2031001</misses>
				<total>25</total>
				<timestamp>446.373810</timestamp>
			</report>
			<report>
				<misses>2032001</misses>
				<total>25</total>
				<timestamp>446.593642</timestamp>
			</report>
			<report>
				<misses>2033001</misses>
				<total>25</total>
				<timestamp>446.813366</timestamp>
			</report>
			<report>
				<misses>2034001</misses>
				<total>25</total>
				<timestamp>447.033172</timestamp>
			</report>
			<report>
				<misses>2035001</misses>
				<total>25</total>
				<timestamp>447.253049</timestamp>
			</report>
			<report>
				<misses>2036001</misses>
				<total>25</total>
				<timestamp>447.472705</timestamp>
			</report>
			<report>
				<misses>2037001</misses>
				<total>24</total>
				<timestamp>447.692611</timestamp>
			</report>
			<report>
				<misses>2038001</misses>
				<total>25</total>
				<timestamp>447.912324</timestamp>
			</report>
			<report>
				<misses>2039001</misses>
				<total>25</total>
				<timestamp>448.132181</timestamp>
			</report>
			<report>
				<misses>2040001</misses>
				<total>25</total>
				<timestamp>448.351959</timestamp>
			</report>
			<report>
				<misses>2041001</misses>
				<total>25</total>
				<timestamp>448.571615</timestamp>
			</report>
			<report>
				<misses>2042001</misses>
				<total>25</total>
				<timestamp>448.791412</timestamp>
			</report>
			<report>
				<misses>2043001</misses>
				<total>25</total>
				<timestamp>449.011280</timestamp>
			</report>
			<report>
				<misses>2044001</misses>
				<total>24</total>
				<timestamp>449.231005</timestamp>
			</report>
			<report>
				<misses>2045001</misses>
				<total>25</total>
				<timestamp>449.450852</timestamp>
			</report>
			<report>
				<misses>2046001</misses>
				<total>25</total>
				<timestamp>449.670507</timestamp>
			</report>
			<report>
				<misses>2047001</misses>
				<total>25</total>
				<timestamp>449.890319</timestamp>
			</report>
			<report>
				<misses>2048001</misses>
				<total>25</total>
				<timestamp>450.110097</timestamp>
			</report>
			<report>
				<misses>2049001</misses>
				<total>25</total>
				<timestamp>450.329848</timestamp>
			</report>
			<report>
				<misses>2050001</misses>
				<total>24</total>
				<timestamp>450.549653</timestamp>
			</report>
			<report>
				<misses>2051001</misses>
				<total>24</total>
				<timestamp>450.769531</timestamp>
			</report>
			<report>
				<misses>2052001</misses>
				<total>24</total>
				<timestamp>450.989308</timestamp>
			</report>
			<report>
				<misses>2053001</misses>
				<total>24</total>
				<timestamp>451.209035</timestamp>
			</report>
			<report>
				<misses>2054001</misses>
				<total>25</total>
				<timestamp>451.428832</timestamp>
			</report>
			<report>
				<misses>2055001</misses>
				<total>25</total>
				<timestamp>451.648646</timestamp>
			</report>
			<report>
				<misses>2056001</misses>
				<total>25</total>
				<timestamp>451.868330</timestamp>
			</report>
			<report>
				<misses>2057001</misses>
				<total>24</total>
				<timestamp>452.088112</timestamp>
			</report>
			<report>
				<misses>2058001</misses>
				<total>25</total>
				<timestamp>452.307902</timestamp>
			</report>
			<report>
				<misses>2059001</misses>
				<total>24</total>
				<timestamp>452.527671</timestamp>
			</report>
			<report>
				<misses>2060001</misses>
				<total>25</total>
				<timestamp>452.747464</timestamp>
			</report>
			<report>
				<misses>2061001</misses>
				<total>25</total>
				<timestamp>452.967207</timestamp>
			</report>
			<report>
				<misses>2062001</misses>
				<total>25</total>
				<timestamp>453.186979</timestamp>
			</report>
			<report>
				<misses>2063001</misses>
				<total>25</total>
				<timestamp>453.406763</timestamp>
			</report>
			<report>
				<misses>2064001</misses>
				<total>24</total>
				<timestamp>453.626664</timestamp>
			</report>
			<report>
				<misses>2065001</misses>
				<total>25</total>
				<timestamp>453.846382</timestamp>
			</report>
			<report>
				<misses>2066001</misses>
				<total>25</total>
				<timestamp>454.066130</timestamp>
			</report>
			<report>
				<misses>2067001</misses>
				<total>25</total>
				<timestamp>454.286001</timestamp>
			</report>
			<report>
				<misses>2068001</misses>
				<total>25</total>
				<timestamp>454.505690</timestamp>
			</report>
			<report>
				<misses>2069001</misses>
				<total>25</total>
				<timestamp>454.725452</timestamp>
			</report>
			<report>
				<misses>2070001</misses>
				<total>25</total>
				<timestamp>454.945342</timestamp>
			</report>
			<report>
				<misses>2071001</misses>
				<total>25</total>
				<timestamp>455.165030</timestamp>
			</report>
			<report>
				<misses>2072001</misses>
				<total>25</total>
				<timestamp>455.384914</timestamp>
			</report>
			<report>
				<misses>2073001</misses>
				<total>25</total>
				<timestamp>455.604703</timestamp>
			</report>
			<report>
				<misses>2074001</misses>
				<total>24</total>
				<timestamp>455.824471</timestamp>
			</report>
			<report>
				<misses>2075001</misses>
				<total>24</total>
				<timestamp>456.044163</timestamp>
			</report>
			<report>
				<misses>2076001</misses>
				<total>25</total>
				<timestamp>456.264018</timestamp>
			</report>
			<report>
				<misses>2077001</misses>
				<total>25</total>
				<timestamp>456.483682</timestamp>
			</report>
			<report>
				<misses>2078001</misses>
				<total>25</total>
				<timestamp>456.703460</timestamp>
			</report>
			<report>
				<misses>2079001</misses>
				<total>24</total>
				<timestamp>456.923370</timestamp>
			</report>
			<report>
				<misses>2080001</misses>
				<total>25</total>
				<timestamp>457.143138</timestamp>
			</report>
			<report>
				<misses>2081001</misses>
				<total>25</total>
				<timestamp>457.362829</timestamp>
			</report>
			<report>
				<misses>2082001</misses>
				<total>25</total>
				<timestamp>457.582582</timestamp>
			</report>
			<report>
				<misses>2083001</misses>
				<total>25</total>
				<timestamp>457.802495</timestamp>
			</report>
			<report>
				<misses>2084001</misses>
				<total>25</total>
				<timestamp>458.022173</timestamp>
			</report>
			<report>
				<misses>2085001</misses>
				<total>25</total>
				<timestamp>458.241948</timestamp>
			</report>
			<report>
				<misses>2086001</misses>
				<total>25</total>
				<timestamp>458.461762</timestamp>
			</report>
			<report>
				<misses>2087001</misses>
				<total>25</total>
				<timestamp>458.681605</timestamp>
			</report>
			<report>
				<misses>2088001</misses>
				<total>24</total>
				<timestamp>458.901385</timestamp>
			</report>
			<report>
				<misses>2089001</misses>
				<total>25</total>
				<timestamp>459.121046</timestamp>
			</report>
			<report>
				<misses>2090001</misses>
				<total>25</total>
				<timestamp>459.340880</timestamp>
			</report>
			<report>
				<misses>2091001</misses>
				<total>24</total>
				<timestamp>459.560674</timestamp>
			</report>
			<report>
				<misses>2092001</misses>
				<total>25</total>
				<timestamp>459.780412</timestamp>
			</report>
			<report>
				<misses>2093001</misses>
				<total>25</total>
				<timestamp>460.000284</timestamp>
			</report>
			<report>
				<misses>2094001</misses>
				<total>25</total>
				<timestamp>460.219971</timestamp>
			</report>
			<report>
				<misses>2095001</misses>
				<total>25</total>
				<timestamp>460.439751</timestamp>
			</report>
			<report>
				<misses>2096001</misses>
				<total>25</total>
				<timestamp>460.659531</timestamp>
			</report>
			<report>
				<misses>2097001</misses>
				<total>25</total>
				<timestamp>460.879313</timestamp>
			</report>
			<report>
				<misses>2098001</misses>
				<total>25</total>
				<timestamp>461.099130</timestamp>
			</report>
			<report>
				<misses>2099001</misses>
				<total>25</total>
				<timestamp>461.318978</timestamp>
			</report>
			<report>
				<misses>2100001</misses>
				<total>25</total>
				<timestamp>461.538621</timestamp>
			</report>
			<report>
				<misses>2101001</misses>
				<total>25</total>
				<timestamp>461.758530</timestamp>
			</report>
			<report>
				<misses>2102001</misses>
				<total>25</total>
				<timestamp>461.978182</timestamp>
			</report>
			<report>
				<misses>2103001</misses>
				<total>24</total>
				<timestamp>462.198078</timestamp>
			</report>
			<report>
				<misses>2104001</misses>
				<total>25</total>
				<timestamp>462.417815</timestamp>
			</report>
			<report>
				<misses>2105001</misses>
				<total>25</total>
				<timestamp>462.637552</timestamp>
			</report>
			<report>
				<misses>2106001</misses>
				<total>25</total>
				<timestamp>462.857341</timestamp>
			</report>
			<report>
				<misses>2107001</misses>
				<total>25</total>
				<timestamp>463.077209</timestamp>
			</report>
			<report>
				<misses>2108001</misses>
				<total>25</total>
				<timestamp>463.296991</timestamp>
			</report>
			<report>
				<misses>2109001</misses>
				<total>25</total>
				<timestamp>463.516667</timestamp>
			</report>
			<report>
				<misses>2110001</misses>
				<total>24</total>
				<timestamp>463.736547</timestamp>
			</report>
			<report>
				<misses>2111001</misses>
				<total>25</total>
				<timestamp>463.956337</timestamp>
			</report>
			<report>
				<misses>2112001</misses>
				<total>25</total>
				<timestamp>464.176102</timestamp>
			</report>
			<report>
				<misses>2113001</misses>
				<total>25</total>
				<timestamp>464.395799</timestamp>
			</report>
			<report>
				<misses>2114001</misses>
				<total>24</total>
				<timestamp>464.615672</timestamp>
			</report>
			<report>
				<misses>2115001</misses>
				<total>25</total>
				<timestamp>464.835343</timestamp>
			</report>
			<report>
				<misses>2116001</misses>
				<total>25</total>
				<timestamp>465.055242</timestamp>
			</report>
			<report>
				<misses>2117001</misses>
				<total>24</total>
				<timestamp>465.275018</timestamp>
			</report>
			<report>
				<misses>2118001</misses>
				<total>25</total>
				<timestamp>465.494689</timestamp>
			</report>
			<report>
				<misses>2119001</misses>
				<total>25</total>
				<timestamp>465.714534</timestamp>
			</report>
			<report>
				<misses>2120001</misses>
				<total>25</total>
				<timestamp>465.934252</timestamp>
			</report>
			<report>
				<misses>2121001</misses>
				<total>25</total>
				<timestamp>466.154003</timestamp>
			</report>
			<report>
				<misses>2122001</misses>
				<total>25</total>
				<timestamp>466.373916</timestamp>
			</report>
			<report>
				<misses>2123001</misses>
				<total>25</total>
				<timestamp>466.593690</timestamp>
			</report>
			<report>
				<misses>2124001</misses>
				<total>25</total>
				<timestamp>466.813402</timestamp>
			</report>
			<report>
				<misses>2125001</misses>
				<total>25</total>
				<timestamp>467.033151</timestamp>
			</report>
			<report>
				<misses>2126001</misses>
				<total>25</total>
				<timestamp>467.253025</timestamp>
			</report>
			<report>
				<misses>2127001</misses>
				<total>25</total>
				<timestamp>467.472807</timestamp>
			</report>
			<report>
				<misses>2128001</misses>
				<total>25</total>
				<timestamp>467.692505</timestamp>
			</report>
			<report>
				<misses>2129001</misses>
				<total>25</total>
				<timestamp>467.912282</timestamp>
			</report>
			<report>
				<misses>2130001</misses>
				<total>25</total>
				<timestamp>468.132142</timestamp>
			</report>
			<report>
				<misses>2131001</misses>
				<total>25</total>
				<timestamp>468.351841</timestamp>
			</report>
			<report>
				<misses>2132001</misses>
				<total>25</total>
				<timestamp>468.571603</timestamp>
			</report>
			<report>
				<misses>2133001</misses>
				<total>24</total>
				<timestamp>468.791486</timestamp>
			</report>
			<report>
				<misses>2134001</misses>
				<total>25</total>
				<timestamp>469.011297</timestamp>
			</report>
			<report>
				<misses>2135001</misses>
				<total>25</total>
				<timestamp>469.231047</timestamp>
			</report>
			<report>
				<misses>2136001</misses>
				<total>24</total>
				<timestamp>469.450829</timestamp>
			</report>
			<report>
				<misses>2137001</misses>
				<total>24</total>
				<timestamp>469.670520</timestamp>
			</report>
			<report>
				<misses>2138001</misses>
				<total>25</total>
				<timestamp>469.890303</timestamp>
			</report>
			<report>
				<misses>2139001</misses>
				<total>25</total>
				<timestamp>470.110165</timestamp>
			</report>
			<report>
				<misses>2140001</misses>
				<total>25</total>
				<timestamp>470.329855</timestamp>
			</report>
			<report>
				<misses>2141001</misses>
				<total>25</total>
				<timestamp>470.549634</timestamp>
			</report>
			<report>
				<misses>2142001</misses>
				<total>25</total>
				<timestamp>470.769505</timestamp>
			</report>
			<report>
				<misses>2143001</misses>
				<total>25</total>
				<timestamp>470.989191</timestamp>
			</report>
			<report>
				<misses>2144001</misses>
				<total>25</total>
				<timestamp>471.208969</timestamp>
			</report>
			<report>
				<misses>2145001</misses>
				<total>24</total>
				<timestamp>471.428842</timestamp>
			</report>
			<report>
				<misses>2146001</misses>
				<total>25</total>
				<timestamp>471.648500</timestamp>
			</report>
			<report>
				<misses>2147001</misses>
				<total>25</total>
				<timestamp>471.868314</timestamp>
			</report>
			<report>
				<misses>2148001</misses>
				<total>24</total>
				<timestamp>472.088192</timestamp>
			</report>
			<report>
				<misses>2149001</misses>
				<total>25</total>
				<timestamp>472.307891</timestamp>
			</report>
			<report>
				<misses>2150001</misses>
				<total>25</total>
				<timestamp>472.527688</timestamp>
			</report>
			<report>
				<misses>2151001</misses>
				<total>25</total>
				<timestamp>472.747433</timestamp>
			</report>
			<report>
				<misses>2152001</misses>
				<total>25</total>
				<timestamp>472.967309</timestamp>
			</report>
			<report>
				<misses>2153001</misses>
				<total>25</total>
				<timestamp>473.186992</timestamp>
			</report>
			<report>
				<misses>2154001</misses>
				<total>24</total>
				<timestamp>473.406794</timestamp>
			</report>
			<report>
				<misses>2155001</misses>
				<total>25</total>
				<timestamp>473.626650</timestamp>
			</report>
			<report>
				<misses>2156001</misses>
				<total>25</total>
				<timestamp>473.846371</timestamp>
			</report>
			<report>
				<misses>2157001</misses>
				<total>25</total>
				<timestamp>474.066203</timestamp>
			</report>
			<report>
				<misses>2158001</misses>
				<total>24</total>
				<timestamp>474.285983</timestamp>
			</report>
			<report>
				<misses>2159001</misses>
				<total>25</total>
				<timestamp>474.505647</timestamp>
			</report>
			<report>
				<misses>2160001</misses>
				<total>25</total>
				<timestamp>474.725494</timestamp>
			</report>
			<report>
				<misses>2161001</misses>
				<total>25</total>
				<timestamp>474.945323</timestamp>
			</report>
			<report>
				<misses>2162001</misses>
				<total>25</total>
				<timestamp>475.165105</timestamp>
			</report>
			<report>
				<misses>2163001</misses>
				<total>25</total>
				<timestamp>475.384808</timestamp>
			</report>
			<report>
				<misses>2164001</misses>
				<total>25</total>
				<timestamp>475.604553</timestamp>
			</report>
			<report>
				<misses>2165001</misses>
				<total>25</total>
				<timestamp>475.824325</timestamp>
			</report>
			<report>
				<misses>2166001</misses>
				<total>24</total>
				<timestamp>476.044137</timestamp>
			</report>
			<report>
				<misses>2167001</misses>
				<total>25</total>
				<timestamp>476.264010</timestamp>
			</report>
			<report>
				<misses>2168001</misses>
				<total>25</total>
				<timestamp>476.483703</timestamp>
			</report>
			<report>
				<misses>2169001</misses>
				<total>25</total>
				<timestamp>476.703469</timestamp>
			</report>
			<report>
				<misses>2170001</misses>
				<total>25</total>
				<timestamp>476.923339</timestamp>
			</report>
			<report>
				<misses>2171001</misses>
				<total>25</total>
				<timestamp>477.143033</timestamp>
			</report>
			<report>
				<misses>2172001</misses>
				<total>25</total>
				<timestamp>477.362819</timestamp>
			</report>
			<report>
				<misses>2173001</misses>
				<total>24</total>
				<timestamp>477.582687</timestamp>
			</report>
			<report>
				<misses>2174001</misses>
				<total>25</total>
				<timestamp>477.802465</timestamp>
			</report>
			<report>
				<misses>2175001</misses>
				<total>25</total>
				<timestamp>478.022154</timestamp>
			</report>
			<report>
				<misses>2176001</misses>
				<total>24</total>
				<timestamp>478.241930</timestamp>
			</report>
			<report>
				<misses>2177001</misses>
				<total>25</total>
				<timestamp>478.461824</timestamp>
			</report>
			<report>
				<misses>2178001</misses>
				<total>25</total>
				<timestamp>478.681518</timestamp>
			</report>
			<report>
				<misses>2179001</misses>
				<total>25</total>
				<timestamp>478.901240</timestamp>
			</report>
			<report>
				<misses>2180001</misses>
				<total>25</total>
				<timestamp>479.121141</timestamp>
			</report>
			<report>
				<misses>2181001</misses>
				<total>25</total>
				<timestamp>479.340926</timestamp>
			</report>
			<report>
				<misses>2182001</misses>
				<total>24</total>
				<timestamp>479.560616</timestamp>
			</report>
			<report>
				<misses>2183001</misses>
				<total>24</total>
				<timestamp>479.780483</timestamp>
			</report>
			<report>
				<misses>2184001</misses>
				<total>25</total>
				<timestamp>480.000216</timestamp>
			</report>
			<report>
				<misses>2185001</misses>
				<total>25</total>
				<timestamp>480.219947</timestamp>
			</report>
			<report>
				<misses>2186001</misses>
				<total>25</total>
				<timestamp>480.439738</timestamp>
			</report>
			<report>
				<misses>2187001</misses>
				<total>25</total>
				<timestamp>480.659505</timestamp>
			</report>
			<report>
				<misses>2188001</misses>
				<total>25</total>
				<timestamp>480.879296</timestamp>
			</report>
			<report>
				<misses>2189001</misses>
				<total>25</total>
				<timestamp>481.099157</timestamp>
			</report>
			<report>
				<misses>2190001</misses>
				<total>25</total>
				<timestamp>481.318957</timestamp>
			</report>
			<report>
				<misses>2191001</misses>
				<total>25</total>
				<timestamp>481.538632</timestamp>
			</report>
			<report>
				<misses>2192001</misses>
				<total>24</total>
				<timestamp>481.758414</timestamp>
			</report>
			<report>
				<misses>2193001</misses>
				<total>24</total>
				<timestamp>481.978258</timestamp>
			</report>
			<report>
				<misses>2194001</misses>
				<total>25</total>
				<timestamp>482.197935</timestamp>
			</report>
			<report>
				<misses>2195001</misses>
				<total>25</total>
				<timestamp>482.417759</timestamp>
			</report>
			<report>
				<misses>2196001</misses>
				<total>25</total>
				<timestamp>482.637556</timestamp>
			</report>
			<report>
				<misses>2197001</misses>
				<total>24</total>
				<timestamp>482.857321</timestamp>
			</report>
			<report>
				<misses>2198001</misses>
				<total>25</total>
				<timestamp>483.077060</timestamp>
			</report>
			<report>
				<misses>2199001</misses>
				<total>25</total>
				<timestamp>483.296968</timestamp>
			</report>
			<report>
				<misses>2200001</misses>
				<total>25</total>
				<timestamp>483.516623</timestamp>
			</report>
			<report>
				<misses>2201001</misses>
				<total>24</total>
				<timestamp>483.736438</timestamp>
			</report>
			<report>
				<misses>2202001</misses>
				<total>25</total>
				<timestamp>483.956243</timestamp>
			</report>
			<report>
				<misses>2203001</misses>
				<total>25</total>
				<timestamp>484.175990</timestamp>
			</report>
			<report>
				<misses>2204001</misses>
				<total>24</total>
				<timestamp>484.395867</timestamp>
			</report>
			<report>
				<misses>2205001</misses>
				<total>25</total>
				<timestamp>484.615554</timestamp>
			</report>
			<report>
				<misses>2206001</misses>
				<total>25</total>
				<timestamp>484.835340</timestamp>
			</report>
			<report>
				<misses>2207001</misses>
				<total>25</total>
				<timestamp>485.055118</timestamp>
			</report>
			<report>
				<misses>2208001</misses>
				<total>25</total>
				<timestamp>485.274897</timestamp>
			</report>
			<report>
				<misses>2209001</misses>
				<total>25</total>
				<timestamp>485.494762</timestamp>
			</report>
			<report>
				<misses>2210001</misses>
				<total>25</total>
				<timestamp>485.714499</timestamp>
			</report>
			<report>
				<misses>2211001</misses>
				<total>25</total>
				<timestamp>485.934325</timestamp>
			</report>
			<report>
				<misses>2212001</misses>
				<total>25</total>
				<timestamp>486.153989</timestamp>
			</report>
			<report>
				<misses>2213001</misses>
				<total>25</total>
				<timestamp>486.373771</timestamp>
			</report>
			<report>
				<misses>2214001</misses>
				<total>24</total>
				<timestamp>486.593663</timestamp>
			</report>
			<report>
				<misses>2215001</misses>
				<total>25</total>
				<timestamp>486.813393</timestamp>
			</report>
			<report>
				<misses>2216001</misses>
				<total>25</total>
				<timestamp>487.033116</timestamp>
			</report>
			<report>
				<misses>2217001</misses>
				<total>25</total>
				<timestamp>487.252897</timestamp>
			</report>
			<report>
				<misses>2218001</misses>
				<total>25</total>
				<timestamp>487.472785</timestamp>
			</report>
			<report>
				<misses>2219001</misses>
				<total>24</total>
				<timestamp>487.692568</timestamp>
			</report>
			<report>
				<misses>2220001</misses>
				<total>27</total>
				<timestamp>487.912267</timestamp>
			</report>
			<report>
				<misses>2221001</misses>
				<total>27</total>
				<timestamp>488.132039</timestamp>
			</report>
			<report>
				<misses>2222001</misses>
				<total>27</total>
				<timestamp>488.351903</timestamp>
			</report>
			<report>
				<misses>2223001</misses>
				<total>27</total>
				<timestamp>488.571678</timestamp>
			</report>
			<report>
				<misses>2224001</misses>
				<total>28</total>
				<timestamp>488.791371</timestamp>
			</report>
			<report>
				<misses>2225001</misses>
				<total>27</total>
				<timestamp>489.011230</timestamp>
			</report>
			<report>
				<misses>2226001</misses>
				<total>28</total>
				<timestamp>489.231029</timestamp>
			</report>
			<report>
				<misses>2227001</misses>
				<total>28</total>
				<timestamp>489.450801</timestamp>
			</report>
			<report>
				<misses>2228001</misses>
				<total>28</total>
				<timestamp>489.670496</timestamp>
			</report>
			<report>
				<misses>2229001</misses>
				<total>28</total>
				<timestamp>489.890366</timestamp>
			</report>
			<report>
				<misses>2230001</misses>
				<total>28</total>
				<timestamp>490.110149</timestamp>
			</report>
			<report>
				<misses>2231001</misses>
				<total>28</total>
				<timestamp>490.329850</timestamp>
			</report>
			<report>
				<misses>2232001</misses>
				<total>28</total>
				<timestamp>490.549611</timestamp>
			</report>
			<report>
				<misses>2233001</misses>
				<total>27</total>
				<timestamp>490.769486</timestamp>
			</report>
			<report>
				<misses>2234001</misses>
				<total>28</total>
				<timestamp>490.989141</timestamp>
			</report>
			<report>
				<misses>2235001</misses>
				<total>27</total>
				<timestamp>491.209002</timestamp>
			</report>
			<report>
				<misses>2236001</misses>
				<total>28</total>
				<timestamp>491.428705</timestamp>
			</report>
			<report>
				<misses>2237001</misses>
				<total>27</total>
				<timestamp>491.648540</timestamp>
			</report>
			<report>
				<misses>2238001</misses>
				<total>28</total>
				<timestamp>491.868299</timestamp>
			</report>
			<report>
				<misses>2239001</misses>
				<total>27</total>
				<timestamp>492.088187</timestamp>
			</report>
			<report>
				<misses>2240001</misses>
				<total>28</total>
				<timestamp>492.307950</timestamp>
			</report>
			<report>
				<misses>2241001</misses>
				<total>28</total>
				<timestamp>492.527630</timestamp>
			</report>
			<report>
				<misses>2242001</misses>
				<total>28</total>
				<timestamp>492.747410</timestamp>
			</report>
			<report>
				<misses>2243001</misses>
				<total>28</total>
				<timestamp>492.967195</timestamp>
			</report>
			<report>
				<misses>2244001</misses>
				<total>28</total>
				<timestamp>493.187038</timestamp>
			</report>
			<report>
				<misses>2245001</misses>
				<total>28</total>
				<timestamp>493.406846</timestamp>
			</report>
			<report>
				<misses>2246001</misses>
				<total>28</total>
				<timestamp>493.626628</timestamp>
			</report>
			<report>
				<misses>2247001</misses>
				<total>28</total>
				<timestamp>493.846414</timestamp>
			</report>
			<report>
				<misses>2248001</misses>
				<total>28</total>
				<timestamp>494.066097</timestamp>
			</report>
			<report>
				<misses>2249001</misses>
				<total>28</total>
				<timestamp>494.285891</timestamp>
			</report>
			<report>
				<misses>2250001</misses>
				<total>27</total>
				<timestamp>494.505658</timestamp>
			</report>
			<report>
				<misses>2251001</misses>
				<total>28</total>
				<timestamp>494.725537</timestamp>
			</report>
			<report>
				<misses>2252001</misses>
				<total>28</total>
				<timestamp>494.945194</timestamp>
			</report>
			<report>
				<misses>2253001</misses>
				<total>28</total>
				<timestamp>495.164968</timestamp>
			</report>
			<report>
				<misses>2254001</misses>
				<total>28</total>
				<timestamp>495.384785</timestamp>
			</report>
			<report>
				<misses>2255001</misses>
				<total>28</total>
				<timestamp>495.604645</timestamp>
			</report>
			<report>
				<misses>2256001</misses>
				<total>28</total>
				<timestamp>495.824331</timestamp>
			</report>
			<report>
				<misses>2257001</misses>
				<total>28</total>
				<timestamp>496.044136</timestamp>
			</report>
			<report>
				<misses>2258001</misses>
				<total>28</total>
				<timestamp>496.263861</timestamp>
			</report>
			<report>
				<misses>2259001</misses>
				<total>28</total>
				<timestamp>496.483670</timestamp>
			</report>
			<report>
				<misses>2260001</misses>
				<total>28</total>
				<timestamp>496.703450</timestamp>
			</report>
			<report>
				<misses>2261001</misses>
				<total>28</total>
				<timestamp>496.923231</timestamp>
			</report>
			<report>
				<misses>2262001</misses>
				<total>28</total>
				<timestamp>497.142985</timestamp>
			</report>
			<report>
				<misses>2263001</misses>
				<total>28</total>
				<timestamp>497.362801</timestamp>
			</report>
			<report>
				<misses>2264001</misses>
				<total>28</total>
				<timestamp>497.582684</timestamp>
			</report>
			<report>
				<misses>2265001</misses>
				<total>28</total>
				<timestamp>497.802446</timestamp>
			</report>
			<report>
				<misses>2266001</misses>
				<total>28</total>
				<timestamp>498.022255</timestamp>
			</report>
			<report>
				<misses>2267001</misses>
				<total>28</total>
				<timestamp>498.241912</timestamp>
			</report>
			<report>
				<misses>2268001</misses>
				<total>28</total>
				<timestamp>498.461703</timestamp>
			</report>
			<report>
				<misses>2269001</misses>
				<total>28</total>
				<timestamp>498.681440</timestamp>
			</report>
			<report>
				<misses>2270001</misses>
				<total>28</total>
				<timestamp>498.901250</timestamp>
			</report>
			<report>
				<misses>2271001</misses>
				<total>28</total>
				<timestamp>499.121006</timestamp>
			</report>
			<report>
				<misses>2272001</misses>
				<total>28</total>
				<timestamp>499.340812</timestamp>
			</report>
			<report>
				<misses>2273001</misses>
				<total>28</total>
				<timestamp>499.560599</timestamp>
			</report>
			<report>
				<misses>2274001</misses>
				<total>28</total>
				<timestamp>499.780465</timestamp>
			</report>
			<report>
				<misses>2275001</misses>
				<total>28</total>
				<timestamp>500.000165</timestamp>
			</report>
			<report>
				<misses>2276001</misses>
				<total>27</total>
				<timestamp>500.220030</timestamp>
			</report>
			<report>
				<misses>2277001</misses>
				<total>27</total>
				<timestamp>500.439757</timestamp>
			</report>
			<report>
				<misses>2278001</misses>
				<total>28</total>
				<timestamp>500.659474</timestamp>
			</report>
			<report>
				<misses>2279001</misses>
				<total>28</total>
				<timestamp>500.879274</timestamp>
			</report>
			<report>
				<misses>2280001</misses>
				<total>28</total>
				<timestamp>501.099167</timestamp>
			</report>
			<report>
				<misses>2281001</misses>
				<total>28</total>
				<timestamp>501.318929</timestamp>
			</report>
			<report>
				<misses>2282001</misses>
				<total>28</total>
				<timestamp>501.538614</timestamp>
			</report>
			<report>
				<misses>2283001</misses>
				<total>28</total>
				<timestamp>501.758366</timestamp>
			</report>
			<report>
				<misses>2284001</misses>
				<total>28</total>
				<timestamp>501.978170</timestamp>
			</report>
			<report>
				<misses>2285001</misses>
				<total>28</total>
				<timestamp>502.197931</timestamp>
			</report>
			<report>
				<misses>2286001</misses>
				<total>28</total>
				<timestamp>502.417726</timestamp>
			</report>
			<report>
				<misses>2287001</misses>
				<total>28</total>
				<timestamp>502.637488</timestamp>
			</report>
			<report>
				<misses>2288001</misses>
				<total>28</total>
				<timestamp>502.857260</timestamp>
			</report>
			<report>
				<misses>2289001</misses>
				<total>28</total>
				<timestamp>503.077042</timestamp>
			</report>
			<report>
				<misses>2290001</misses>
				<total>27</total>
				<timestamp>503.296863</timestamp>
			</report>
			<report>
				<misses>2291001</misses>
				<total>27</total>
				<timestamp>503.516665</timestamp>
			</report>
			<report>
				<misses>2292001</misses>
				<total>28</total>
				<timestamp>503.736507</timestamp>
			</report>
			<report>
				<misses>2293001</misses>
				<total>28</total>
				<timestamp>503.956164</timestamp>
			</report>
			<report>
				<misses>2294001</misses>
				<total>27</total>
				<timestamp>504.176069</timestamp>
			</report>
			<report>
				<misses>2295001</misses>
				<total>28</total>
				<timestamp>504.395768</timestamp>
			</report>
			<report>
				<misses>2296001</misses>
				<total>28</total>
				<timestamp>504.615514</timestamp>
			</report>
			<report>
				<misses>2297001</misses>
				<total>28</total>
				<timestamp>504.835401</timestamp>
			</report>
			<report>
				<misses>2298001</misses>
				<total>28</total>
				<timestamp>505.055093</timestamp>
			</report>
			<report>
				<misses>2299001</misses>
				<total>28</total>
				<timestamp>505.274872</timestamp>
			</report>
			<report>
				<misses>2300001</misses>
				<total>28</total>
				<timestamp>505.494742</timestamp>
			</report>
			<report>
				<misses>2301001</misses>
				<total>28</total>
				<timestamp>505.714425</timestamp>
			</report>
			<report>
				<misses>2302001</misses>
				<total>27</total>
				<timestamp>505.934301</timestamp>
			</report>
			<report>
				<misses>2303001</misses>
				<total>28</total>
				<timestamp>506.153991</timestamp>
			</report>
			<report>
				<misses>2304001</misses>
				<total>28</total>
				<timestamp>506.373784</timestamp>
			</report>
			<report>
				<misses>2305001</misses>
				<total>27</total>
				<timestamp>506.593659</timestamp>
			</report>
			<report>
				<misses>2306001</misses>
				<total>28</total>
				<timestamp>506.813424</timestamp>
			</report>
			<report>
				<misses>2307001</misses>
				<total>27</total>
				<timestamp>507.033157</timestamp>
			</report>
			<report>
				<misses>2308001</misses>
				<total>28</total>
				<timestamp>507.252901</timestamp>
			</report>
			<report>
				<misses>2309001</misses>
				<total>27</total>
				<timestamp>507.472775</timestamp>
			</report>
			<report>
				<misses>2310001</misses>
				<total>28</total>
				<timestamp>507.692456</timestamp>
			</report>
			<report>
				<misses>2311001</misses>
				<total>28</total>
				<timestamp>507.912238</timestamp>
			</report>
			<report>
				<misses>2312001</misses>
				<total>28</total>
				<timestamp>508.132015</timestamp>
			</report>
			<report>
				<misses>2313001</misses>
				<total>28</total>
				<timestamp>508.351761</timestamp>
			</report>
			<report>
				<misses>2314001</misses>
				<total>28</total>
				<timestamp>508.571665</timestamp>
			</report>
			<report>
				<misses>2315001</misses>
				<total>28</total>
				<timestamp>508.791456</timestamp>
			</report>
			<report>
				<misses>2316001</misses>
				<total>28</total>
				<timestamp>509.011134</timestamp>
			</report>
			<report>
				<misses>2317001</misses>
				<total>27</total>
				<timestamp>509.231012</timestamp>
			</report>
			<report>
				<misses>2318001</misses>
				<total>27</total>
				<timestamp>509.450783</timestamp>
			</report>
			<report>
				<misses>2319001</misses>
				<total>28</total>
				<timestamp>509.670494</timestamp>
			</report>
			<report>
				<misses>2320001</misses>
				<total>27</total>
				<timestamp>509.890273</timestamp>
			</report>
			<report>
				<misses>2321001</misses>
				<total>28</total>
				<timestamp>510.110126</timestamp>
			</report>
			<report>
				<misses>2322001</misses>
				<total>28</total>
				<timestamp>510.329906</timestamp>
			</report>
			<report>
				<misses>2323001</misses>
				<total>28</total>
				<timestamp>510.549596</timestamp>
			</report>
			<report>
				<misses>2324001</misses>
				<total>28</total>
				<timestamp>510.769466</timestamp>
			</report>
			<report>
				<misses>2325001</misses>
				<total>28</total>
				<timestamp>510.989251</timestamp>
			</report>
			<report>
				<misses>2326001</misses>
				<total>28</total>
				<timestamp>511.208907</timestamp>
			</report>
			<report>
				<misses>2327001</misses>
				<total>28</total>
				<timestamp>511.428731</timestamp>
			</report>
			<report>
				<misses>2328001</misses>
				<total>27</total>
				<timestamp>511.648584</timestamp>
			</report>
			<report>
				<misses>2329001</misses>
				<total>27</total>
				<timestamp>511.868377</timestamp>
			</report>
			<report>
				<misses>2330001</misses>
				<total>28</total>
				<timestamp>512.088148</timestamp>
			</report>
			<report>
				<misses>2331001</misses>
				<total>27</total>
				<timestamp>512.307924</timestamp>
			</report>
			<report>
				<misses>2332001</misses>
				<total>28</total>
				<timestamp>512.527614</timestamp>
			</report>
			<report>
				<misses>2333001</misses>
				<total>28</total>
				<timestamp>512.747362</timestamp>
			</report>
			<report>
				<misses>2334001</misses>
				<total>28</total>
				<timestamp>512.967140</timestamp>
			</report>
			<report>
				<misses>2335001</misses>
				<total>28</total>
				<timestamp>513.186938</timestamp>
			</report>
			<report>
				<misses>2336001</misses>
				<total>27</total>
				<timestamp>513.406826</timestamp>
			</report>
			<report>
				<misses>2337001</misses>
				<total>28</total>
				<timestamp>513.626592</timestamp>
			</report>
			<report>
				<misses>2338001</misses>
				<total>28</total>
				<timestamp>513.846384</timestamp>
			</report>
			<report>
				<misses>2339001</misses>
				<total>28</total>
				<timestamp>514.066172</timestamp>
			</report>
			<report>
				<misses>2340001</misses>
				<total>28</total>
				<timestamp>514.285963</timestamp>
			</report>
			<report>
				<misses>2341001</misses>
				<total>28</total>
				<timestamp>514.505687</timestamp>
			</report>
			<report>
				<misses>2342001</misses>
				<total>28</total>
				<timestamp>514.725412</timestamp>
			</report>
			<report>
				<misses>2343001</misses>
				<total>28</total>
				<timestamp>514.945195</timestamp>
			</report>
			<report>
				<misses>2344001</misses>
				<total>28</total>
				<timestamp>515.164944</timestamp>
			</report>
			<report>
				<misses>2345001</misses>
				<total>27</total>
				<timestamp>515.384855</timestamp>
			</report>
			<report>
				<misses>2346001</misses>
				<total>28</total>
				<timestamp>515.604626</timestamp>
			</report>
			<report>
				<misses>2347001</misses>
				<total>28</total>
				<timestamp>515.824402</timestamp>
			</report>
			<report>
				<misses>2348001</misses>
				<total>33</total>
				<timestamp>516.044182</timestamp>
			</report>
			<report>
				<misses>2349001</misses>
				<total>33</total>
				<timestamp>516.263870</timestamp>
			</report>
			<report>
				<misses>2350001</misses>
				<total>33</total>
				<timestamp>516.483764</timestamp>
			</report>
			<report>
				<misses>2351001</misses>
				<total>32</total>
				<timestamp>516.703535</timestamp>
			</report>
			<report>
				<misses>2352001</misses>
				<total>33</total>
				<timestamp>516.923230</timestamp>
			</report>
			<report>
				<misses>2353001</misses>
				<total>33</total>
				<timestamp>517.143087</timestamp>
			</report>
			<report>
				<misses>2354001</misses>
				<total>32</total>
				<timestamp>517.362870</timestamp>
			</report>
			<report>
				<misses>2355001</misses>
				<total>33</total>
				<timestamp>517.582647</timestamp>
			</report>
			<report>
				<misses>2356001</misses>
				<total>33</total>
				<timestamp>517.802332</timestamp>
			</report>
			<report>
				<misses>2357001</misses>
				<total>33</total>
				<timestamp>518.022112</timestamp>
			</report>
			<report>
				<misses>2358001</misses>
				<total>32</total>
				<timestamp>518.241904</timestamp>
			</report>
			<report>
				<misses>2359001</misses>
				<total>33</total>
				<timestamp>518.461678</timestamp>
			</report>
			<report>
				<misses>2360001</misses>
				<total>33</total>
				<timestamp>518.681446</timestamp>
			</report>
			<report>
				<misses>2361001</misses>
				<total>33</total>
				<timestamp>518.901205</timestamp>
			</report>
			<report>
				<misses>2362001</misses>
				<total>32</total>
				<timestamp>519.121068</timestamp>
			</report>
			<report>
				<misses>2363001</misses>
				<total>33</total>
				<timestamp>519.340801</timestamp>
			</report>
			<report>
				<misses>2364001</misses>
				<total>33</total>
				<timestamp>519.560576</timestamp>
			</report>
			<report>
				<misses>2365001</misses>
				<total>32</total>
				<timestamp>519.780450</timestamp>
			</report>
			<report>
				<misses>2366001</misses>
				<total>33</total>
				<timestamp>520.000225</timestamp>
			</report>
			<report>
				<misses>2367001</misses>
				<total>33</total>
				<timestamp>520.219934</timestamp>
			</report>
			<report>
				<misses>2368001</misses>
				<total>33</total>
				<timestamp>520.439712</timestamp>
			</report>
			<report>
				<misses>2369001</misses>
				<total>33</total>
				<timestamp>520.659465</timestamp>
			</report>
			<report>
				<misses>2370001</misses>
				<total>33</total>
				<timestamp>520.879252</timestamp>
			</report>
			<report>
				<misses>2371001</misses>
				<total>33</total>
				<timestamp>521.099003</timestamp>
			</report>
			<report>
				<misses>2372001</misses>
				<total>32</total>
				<timestamp>521.318882</timestamp>
			</report>
			<report>
				<misses>2373001</misses>
				<total>33</total>
				<timestamp>521.538681</timestamp>
			</report>
			<report>
				<misses>2374001</misses>
				<total>33</total>
				<timestamp>521.758348</timestamp>
			</report>
			<report>
				<misses>2375001</misses>
				<total>33</total>
				<timestamp>521.978119</timestamp>
			</report>
			<report>
				<misses>2376001</misses>
				<total>33</total>
				<timestamp>522.197938</timestamp>
			</report>
			<report>
				<misses>2377001</misses>
				<total>33</total>
				<timestamp>522.417706</timestamp>
			</report>
			<report>
				<misses>2378001</misses>
				<total>33</total>
				<timestamp>522.637575</timestamp>
			</report>
			<report>
				<misses>2379001</misses>
				<total>33</total>
				<timestamp>522.857245</timestamp>
			</report>
			<report>
				<misses>2380001</misses>
				<total>33</total>
				<timestamp>523.077162</timestamp>
			</report>
			<report>
				<misses>2381001</misses>
				<total>32</total>
				<timestamp>523.296859</timestamp>
			</report>
			<report>
				<misses>2382001</misses>
				<total>33</total>
				<timestamp>523.516698</timestamp>
			</report>
			<report>
				<misses>2383001</misses>
				<total>33</total>
				<timestamp>523.736482</timestamp>
			</report>
			<report>
				<misses>2384001</misses>
				<total>33</total>
				<timestamp>523.956170</timestamp>
			</report>
			<report>
				<misses>2385001</misses>
				<total>33</total>
				<timestamp>524.175951</timestamp>
			</report>
			<report>
				<misses>2386001</misses>
				<total>32</total>
				<timestamp>524.395769</timestamp>
			</report>
			<report>
				<misses>2387001</misses>
				<total>33</total>
				<timestamp>524.615602</timestamp>
			</report>
			<report>
				<misses>2388001</misses>
				<total>33</total>
				<timestamp>524.835258</timestamp>
			</report>
			<report>
				<misses>2389001</misses>
				<total>33</total>
				<timestamp>525.055073</timestamp>
			</report>
			<report>
				<misses>2390001</misses>
				<total>33</total>
				<timestamp>525.274853</timestamp>
			</report>
			<report>
				<misses>2391001</misses>
				<total>33</total>
				<timestamp>525.494725</timestamp>
			</report>
			<report>
				<misses>2392001</misses>
				<total>33</total>
				<timestamp>525.714514</timestamp>
			</report>
			<report>
				<misses>2393001</misses>
				<total>33</total>
				<timestamp>525.934288</timestamp>
			</report>
			<report>
				<misses>2394001</misses>
				<total>33</total>
				<timestamp>526.153978</timestamp>
			</report>
			<report>
				<misses>2395001</misses>
				<total>32</total>
				<timestamp>526.373764</timestamp>
			</report>
			<report>
				<misses>2396001</misses>
				<total>33</total>
				<timestamp>526.593538</timestamp>
			</report>
			<report>
				<misses>2397001</misses>
				<total>33</total>
				<timestamp>526.813405</timestamp>
			</report>
			<report>
				<misses>2398001</misses>
				<total>33</total>
				<timestamp>527.033191</timestamp>
			</report>
			<report>
				<misses>2399001</misses>
				<total>33</total>
				<timestamp>527.252870</timestamp>
			</report>
			<report>
				<misses>2400001</misses>
				<total>33</total>
				<timestamp>527.472665</timestamp>
			</report>
			<report>
				<misses>2401001</misses>
				<total>33</total>
				<timestamp>527.692438</timestamp>
			</report>
			<report>
				<misses>2402001</misses>
				<total>33</total>
				<timestamp>527.912303</timestamp>
			</report>
			<report>
				<misses>2403001</misses>
				<total>32</total>
				<timestamp>528.132049</timestamp>
			</report>
			<report>
				<misses>2404001</misses>
				<total>33</total>
				<timestamp>528.351771</timestamp>
			</report>
			<report>
				<misses>2405001</misses>
				<total>33</total>
				<timestamp>528.571520</timestamp>
			</report>
			<report>
				<misses>2406001</misses>
				<total>33</total>
				<timestamp>528.791422</timestamp>
			</report>
			<report>
				<misses>2407001</misses>
				<total>33</total>
				<timestamp>529.011132</timestamp>
			</report>
			<report>
				<misses>2408001</misses>
				<total>32</total>
				<timestamp>529.230904</timestamp>
			</report>
			<report>
				<misses>2409001</misses>
				<total>33</total>
				<timestamp>529.450678</timestamp>
			</report>
			<report>
				<misses>2410001</misses>
				<total>33</total>
				<timestamp>529.670483</timestamp>
			</report>
			<report>
				<misses>2411001</misses>
				<total>33</total>
				<timestamp>529.890231</timestamp>
			</report>
			<report>
				<misses>2412001</misses>
				<total>32</total>
				<timestamp>530.110061</timestamp>
			</report>
			<report>
				<misses>2413001</misses>
				<total>33</total>
				<timestamp>530.329814</timestamp>
			</report>
			<report>
				<misses>2414001</misses>
				<total>32</total>
				<timestamp>530.549580</timestamp>
			</report>
			<report>
				<misses>2415001</misses>
				<total>33</total>
				<timestamp>530.769353</timestamp>
			</report>
			<report>
				<misses>2416001</misses>
				<total>32</total>
				<timestamp>530.989219</timestamp>
			</report>
			<report>
				<misses>2417001</misses>
				<total>33</total>
				<timestamp>531.209024</timestamp>
			</report>
			<report>
				<misses>2418001</misses>
				<total>33</total>
				<timestamp>531.428666</timestamp>
			</report>
			<report>
				<misses>2419001</misses>
				<total>33</total>
				<timestamp>531.648572</timestamp>
			</report>
			<report>
				<misses>2420001</misses>
				<total>33</total>
				<timestamp>531.868224</timestamp>
			</report>
			<report>
				<misses>2421001</misses>
				<total>33</total>
				<timestamp>532.088002</timestamp>
			</report>
			<report>
				<misses>2422001</misses>
				<total>33</total>
				<timestamp>532.307786</timestamp>
			</report>
			<report>
				<misses>2423001</misses>
				<total>33</total>
				<timestamp>532.527604</timestamp>
			</report>
			<report>
				<misses>2424001</misses>
				<total>32</total>
				<timestamp>532.747442</timestamp>
			</report>
			<report>
				<misses>2425001</misses>
				<total>32</total>
				<timestamp>532.967243</timestamp>
			</report>
			<report>
				<misses>2426001</misses>
				<total>33</total>
				<timestamp>533.186907</timestamp>
			</report>
			<report>
				<misses>2427001</misses>
				<total>33</total>
				<timestamp>533.406709</timestamp>
			</report>
			<report>
				<misses>2428001</misses>
				<total>33</total>
				<timestamp>533.626483</timestamp>
			</report>
			<report>
				<misses>2429001</misses>
				<total>33</total>
				<timestamp>533.846363</timestamp>
			</report>
			<report>
				<misses>2430001</misses>
				<total>33</total>
				<timestamp>534.066051</timestamp>
			</report>
			<report>
				<misses>2431001</misses>
				<total>33</total>
				<timestamp>534.285834</timestamp>
			</report>
			<report>
				<misses>2432001</misses>
				<total>33</total>
				<timestamp>534.505624</timestamp>
			</report>
			<report>
				<misses>2433001</misses>
				<total>33</total>
				<timestamp>534.725392</timestamp>
			</report>
			<report>
				<misses>2434001</misses>
				<total>33</total>
				<timestamp>534.945147</timestamp>
			</report>
			<report>
				<misses>2435001</misses>
				<total>33</total>
				<timestamp>535.165055</timestamp>
			</report>
			<report>
				<misses>2436001</misses>
				<total>32</total>
				<timestamp>535.384826</timestamp>
			</report>
			<report>
				<misses>2437001</misses>
				<total>33</total>
				<timestamp>535.604517</timestamp>
			</report>
			<report>
				<misses>2438001</misses>
				<total>33</total>
				<timestamp>535.824269</timestamp>
			</report>
			<report>
				<misses>2439001</misses>
				<total>33</total>
				<timestamp>536.044086</timestamp>
			</report>
			<report>
				<misses>2440001</misses>
				<total>33</total>
				<timestamp>536.263857</timestamp>
			</report>
			<report>
				<misses>2441001</misses>
				<total>33</total>
				<timestamp>536.483629</timestamp>
			</report>
			<report>
				<misses>2442001</misses>
				<total>33</total>
				<timestamp>536.703440</timestamp>
			</report>
			<report>
				<misses>2443001</misses>
				<total>32</total>
				<timestamp>536.923322</timestamp>
			</report>
			<report>
				<misses>2444001</misses>
				<total>33</total>
				<timestamp>537.142999</timestamp>
			</report>
			<report>
				<misses>2445001</misses>
				<total>33</total>
				<timestamp>537.362719</timestamp>
			</report>
			<report>
				<misses>2446001</misses>
				<total>33</total>
				<timestamp>537.582623</timestamp>
			</report>
			<report>
				<misses>2447001</misses>
				<total>33</total>
				<timestamp>537.802405</timestamp>
			</report>
			<report>
				<misses>2448001</misses>
				<total>33</total>
				<timestamp>538.022100</timestamp>
			</report>
			<report>
				<misses>2449001</misses>
				<total>33</total>
				<timestamp>538.241870</timestamp>
			</report>
			<report>
				<misses>2450001</misses>
				<total>33</total>
				<timestamp>538.461621</timestamp>
			</report>
			<report>
				<misses>2451001</misses>
				<total>32</total>
				<timestamp>538.681526</timestamp>
			</report>
			<report>
				<misses>2452001</misses>
				<total>33</total>
				<timestamp>538.901305</timestamp>
			</report>
			<report>
				<misses>2453001</misses>
				<total>32</total>
				<timestamp>539.121020</timestamp>
			</report>
			<report>
				<misses>2454001</misses>
				<total>33</total>
				<timestamp>539.340871</timestamp>
			</report>
			<report>
				<misses>2455001</misses>
				<total>33</total>
				<timestamp>539.560553</timestamp>
			</report>
			<report>
				<misses>2456001</misses>
				<total>33</total>
				<timestamp>539.780310</timestamp>
			</report>
			<report>
				<misses>2457001</misses>
				<total>33</total>
				<timestamp>540.000212</timestamp>
			</report>
			<report>
				<misses>2458001</misses>
				<total>33</total>
				<timestamp>540.219994</timestamp>
			</report>
			<report>
				<misses>2459001</misses>
				<total>33</total>
				<timestamp>540.439766</timestamp>
			</report>
			<report>
				<misses>2460001</misses>
				<total>33</total>
				<timestamp>540.659541</timestamp>
			</report>
			<report>
				<misses>2461001</misses>
				<total>33</total>
				<timestamp>540.879333</timestamp>
			</report>
			<report>
				<misses>2462001</misses>
				<total>33</total>
				<timestamp>541.099008</timestamp>
			</report>
			<report>
				<misses>2463001</misses>
				<total>33</total>
				<timestamp>541.318806</timestamp>
			</report>
			<report>
				<misses>2464001</misses>
				<total>32</total>
				<timestamp>541.538579</timestamp>
			</report>
			<report>
				<misses>2465001</misses>
				<total>32</total>
				<timestamp>541.758391</timestamp>
			</report>
			<report>
				<misses>2466001</misses>
				<total>33</total>
				<timestamp>541.978161</timestamp>
			</report>
			<report>
				<misses>2467001</misses>
				<total>32</total>
				<timestamp>542.198008</timestamp>
			</report>
			<report>
				<misses>2468001</misses>
				<total>32</total>
				<timestamp>542.417791</timestamp>
			</report>
			<report>
				<misses>2469001</misses>
				<total>33</total>
				<timestamp>542.637566</timestamp>
			</report>
			<report>
				<misses>2470001</misses>
				<total>33</total>
				<timestamp>542.857248</timestamp>
			</report>
			<report>
				<misses>2471001</misses>
				<total>33</total>
				<timestamp>543.077028</timestamp>
			</report>
			<report>
				<misses>2472001</misses>
				<total>32</total>
				<timestamp>543.296903</timestamp>
			</report>
			<report>
				<misses>2473001</misses>
				<total>33</total>
				<timestamp>543.516598</timestamp>
			</report>
			<report>
				<misses>2474001</misses>
				<total>33</total>
				<timestamp>543.736370</timestamp>
			</report>
			<report>
				<misses>2475001</misses>
				<total>32</total>
				<timestamp>543.956190</timestamp>
			</report>
			<report>
				<misses>2476001</misses>
				<total>33</total>
				<timestamp>544.175944</timestamp>
			</report>
			<report>
				<misses>2477001</misses>
				<total>33</total>
				<timestamp>544.395825</timestamp>
			</report>
			<report>
				<misses>2478001</misses>
				<total>33</total>
				<timestamp>544.615494</timestamp>
			</report>
			<report>
				<misses>2479001</misses>
				<total>33</total>
				<timestamp>544.835360</timestamp>
			</report>
			<report>
				<misses>2480001</misses>
				<total>33</total>
				<timestamp>545.055145</timestamp>
			</report>
			<report>
				<misses>2481001</misses>
				<total>33</total>
				<timestamp>545.274803</timestamp>
			</report>
			<report>
				<misses>2482001</misses>
				<total>32</total>
				<timestamp>545.494641</timestamp>
			</report>
			<report>
				<misses>2483001</misses>
				<total>33</total>
				<timestamp>545.714485</timestamp>
			</report>
			<report>
				<misses>2484001</misses>
				<total>33</total>
				<timestamp>545.934163</timestamp>
			</report>
			<report>
				<misses>2485001</misses>
				<total>32</total>
				<timestamp>546.153980</timestamp>
			</report>
			<report>
				<misses>2486001</misses>
				<total>33</total>
				<timestamp>546.373729</timestamp>
			</report>
			<report>
				<misses>2487001</misses>
				<total>33</total>
				<timestamp>546.593513</timestamp>
			</report>
			<report>
				<misses>2488001</misses>
				<total>33</total>
				<timestamp>546.813324</timestamp>
			</report>
			<report>
				<misses>2489001</misses>
				<total>33</total>
				<timestamp>547.033169</timestamp>
			</report>
			<report>
				<misses>2490001</misses>
				<total>32</total>
				<timestamp>547.252930</timestamp>
			</report>
			<report>
				<misses>2491001</misses>
				<total>33</total>
				<timestamp>547.472629</timestamp>
			</report>
			<report>
				<misses>2492001</misses>
				<total>32</total>
				<timestamp>547.692427</timestamp>
			</report>
			<report>
				<misses>2493001</misses>
				<total>32</total>
				<timestamp>547.912285</timestamp>
			</report>
			<report>
				<misses>2494001</misses>
				<total>33</total>
				<timestamp>548.131949</timestamp>
			</report>
			<report>
				<misses>2495001</misses>
				<total>33</total>
				<timestamp>548.351758</timestamp>
			</report>
			<report>
				<misses>2496001</misses>
				<total>33</total>
				<timestamp>548.571507</timestamp>
			</report>
			<report>
				<misses>2497001</misses>
				<total>33</total>
				<timestamp>548.791319</timestamp>
			</report>
			<report>
				<misses>2498001</misses>
				<total>33</total>
				<timestamp>549.011107</timestamp>
			</report>
			<report>
				<misses>2499001</misses>
				<total>33</total>
				<timestamp>549.230870</timestamp>
			</report>
			<report>
				<misses>2500001</misses>
				<total>33</total>
				<timestamp>549.450623</timestamp>
			</report>
			<report>
				<misses>2501001</misses>
				<total>33</total>
				<timestamp>549.670539</timestamp>
			</report>
			<report>
				<misses>2502001</misses>
				<total>32</total>
				<timestamp>549.890284</timestamp>
			</report>
			<report>
				<misses>2503001</misses>
				<total>33</total>
				<timestamp>550.110021</timestamp>
			</report>
			<report>
				<misses>2504001</misses>
				<total>33</total>
				<timestamp>550.329774</timestamp>
			</report>
			<report>
				<misses>2505001</misses>
				<total>33</total>
				<timestamp>550.549552</timestamp>
			</report>
			<report>
				<misses>2506001</misses>
				<total>33</total>
				<timestamp>550.769330</timestamp>
			</report>
			<report>
				<misses>2507001</misses>
				<total>33</total>
				<timestamp>550.989100</timestamp>
			</report>
			<report>
				<misses>2508001</misses>
				<total>33</total>
				<timestamp>551.208986</timestamp>
			</report>
			<report>
				<misses>2509001</misses>
				<total>32</total>
				<timestamp>551.428793</timestamp>
			</report>
			<report>
				<misses>2510001</misses>
				<total>33</total>
				<timestamp>551.648468</timestamp>
			</report>
			<report>
				<misses>2511001</misses>
				<total>33</total>
				<timestamp>551.868294</timestamp>
			</report>
			<report>
				<misses>2512001</misses>
				<total>33</total>
				<timestamp>552.088020</timestamp>
			</report>
			<report>
				<misses>2513001</misses>
				<total>33</total>
				<timestamp>552.307773</timestamp>
			</report>
			<report>
				<misses>2514001</misses>
				<total>32</total>
				<timestamp>552.527674</timestamp>
			</report>
			<report>
				<misses>2515001</misses>
				<total>33</total>
				<timestamp>552.747326</timestamp>
			</report>
			<report>
				<misses>2516001</misses>
				<total>33</total>
				<timestamp>552.967147</timestamp>
			</report>
			<report>
				<misses>2517001</misses>
				<total>33</total>
				<timestamp>553.187009</timestamp>
			</report>
			<report>
				<misses>2518001</misses>
				<total>33</total>
				<timestamp>553.406709</timestamp>
			</report>
			<report>
				<misses>2519001</misses>
				<total>33</total>
				<timestamp>553.626440</timestamp>
			</report>
			<report>
				<misses>2520001</misses>
				<total>33</total>
				<timestamp>553.846261</timestamp>
			</report>
			<report>
				<misses>2521001</misses>
				<total>33</total>
				<timestamp>554.066031</timestamp>
			</report>
			<report>
				<misses>2522001</misses>
				<total>33</total>
				<timestamp>554.285779</timestamp>
			</report>
			<report>
				<misses>2523001</misses>
				<total>33</total>
				<timestamp>554.505599</timestamp>
			</report>
			<report>
				<misses>2524001</misses>
				<total>33</total>
				<timestamp>554.725382</timestamp>
			</report>
			<report>
				<misses>2525001</misses>
				<total>33</total>
				<timestamp>554.945135</timestamp>
			</report>
			<report>
				<misses>2526001</misses>
				<total>33</total>
				<timestamp>555.164936</timestamp>
			</report>
			<report>
				<misses>2527001</misses>
				<total>32</total>
				<timestamp>555.384721</timestamp>
			</report>
			<report>
				<misses>2528001</misses>
				<total>33</total>
				<timestamp>555.604471</timestamp>
			</report>
			<report>
				<misses>2529001</misses>
				<total>32</total>
				<timestamp>555.824367</timestamp>
			</report>
			<report>
				<misses>2530001</misses>
				<total>33</total>
				<timestamp>556.044080</timestamp>
			</report>
			<report>
				<misses>2531001</misses>
				<total>33</total>
				<timestamp>556.263840</timestamp>
			</report>
			<report>
				<misses>2532001</misses>
				<total>32</total>
				<timestamp>556.483711</timestamp>
			</report>
			<report>
				<misses>2533001</misses>
				<total>33</total>
				<timestamp>556.703494</timestamp>
			</report>
			<report>
				<misses>2534001</misses>
				<total>33</total>
				<timestamp>556.923165</timestamp>
			</report>
			<report>
				<misses>2535001</misses>
				<total>33</total>
				<timestamp>557.142925</timestamp>
			</report>
			<report>
				<misses>2536001</misses>
				<total>33</total>
				<timestamp>557.362736</timestamp>
			</report>
			<report>
				<misses>2537001</misses>
				<total>33</total>
				<timestamp>557.582519</timestamp>
			</report>
			<report>
				<misses>2538001</misses>
				<total>33</total>
				<timestamp>557.802292</timestamp>
			</report>
			<report>
				<misses>2539001</misses>
				<total>33</total>
				<timestamp>558.022041</timestamp>
			</report>
			<report>
				<misses>2540001</misses>
				<total>33</total>
				<timestamp>558.241849</timestamp>
			</report>
			<report>
				<misses>2541001</misses>
				<total>33</total>
				<timestamp>558.461629</timestamp>
			</report>
			<report>
				<misses>2542001</misses>
				<total>33</total>
				<timestamp>558.681502</timestamp>
			</report>
			<report>
				<misses>2543001</misses>
				<total>32</total>
				<timestamp>558.901279</timestamp>
			</report>
			<report>
				<misses>2544001</misses>
				<total>33</total>
				<timestamp>559.120990</timestamp>
			</report>
			<report>
				<misses>2545001</misses>
				<total>33</total>
				<timestamp>559.340781</timestamp>
			</report>
			<report>
				<misses>2546001</misses>
				<total>33</total>
				<timestamp>559.560623</timestamp>
			</report>
			<report>
				<misses>2547001</misses>
				<total>32</total>
				<timestamp>559.780397</timestamp>
			</report>
			<report>
				<misses>2548001</misses>
				<total>33</total>
				<timestamp>560.000097</timestamp>
			</report>
			<report>
				<misses>2549001</misses>
				<total>33</total>
				<timestamp>560.219904</timestamp>
			</report>
			<report>
				<misses>2550001</misses>
				<total>33</total>
				<timestamp>560.439676</timestamp>
			</report>
			<report>
				<misses>2551001</misses>
				<total>33</total>
				<timestamp>560.659427</timestamp>
			</report>
			<report>
				<misses>2552001</misses>
				<total>33</total>
				<timestamp>560.879253</timestamp>
			</report>
			<report>
				<misses>2553001</misses>
				<total>33</total>
				<timestamp>561.099014</timestamp>
			</report>
			<report>
				<misses>2554001</misses>
				<total>33</total>
				<timestamp>561.318740</timestamp>
			</report>
			<report>
				<misses>2555001</misses>
				<total>33</total>
				<timestamp>561.538547</timestamp>
			</report>
			<report>
				<misses>2556001</misses>
				<total>33</total>
				<timestamp>561.758423</timestamp>
			</report>
			<report>
				<misses>2557001</misses>
				<total>32</total>
				<timestamp>561.978224</timestamp>
			</report>
			<report>
				<misses>2558001</misses>
				<total>32</total>
				<timestamp>562.197984</timestamp>
			</report>
			<report>
				<misses>2559001</misses>
				<total>33</total>
				<timestamp>562.417672</timestamp>
			</report>
			<report>
				<misses>2560001</misses>
				<total>33</total>
				<timestamp>562.637541</timestamp>
			</report>
			<report>
				<misses>2561001</misses>
				<total>34</total>
				<timestamp>562.857242</timestamp>
			</report>
			<report>
				<misses>2562001</misses>
				<total>34</total>
				<timestamp>563.077012</timestamp>
			</report>
			<report>
				<misses>2563001</misses>
				<total>34</total>
				<timestamp>563.296816</timestamp>
			</report>
			<report>
				<misses>2564001</misses>
				<total>34</total>
				<timestamp>563.516550</timestamp>
			</report>
			<report>
				<misses>2565001</misses>
				<total>33</total>
				<timestamp>563.736450</timestamp>
			</report>
			<report>
				<misses>2566001</misses>
				<total>33</total>
				<timestamp>563.956241</timestamp>
			</report>
			<report>
				<misses>2567001</misses>
				<total>34</total>
				<timestamp>564.175881</timestamp>
			</report>
			<report>
				<misses>2568001</misses>
				<total>33</total>
				<timestamp>564.395706</timestamp>
			</report>
			<report>
				<misses>2569001</misses>
				<total>34</total>
				<timestamp>564.615563</timestamp>
			</report>
			<report>
				<misses>2570001</misses>
				<total>34</total>
				<timestamp>564.835352</timestamp>
			</report>
			<report>
				<misses>2571001</misses>
				<total>34</total>
				<timestamp>565.055035</timestamp>
			</report>
			<report>
				<misses>2572001</misses>
				<total>34</total>
				<timestamp>565.274851</timestamp>
			</report>
			<report>
				<misses>2573001</misses>
				<total>34</total>
				<timestamp>565.494604</timestamp>
			</report>
			<report>
				<misses>2574001</misses>
				<total>34</total>
				<timestamp>565.714383</timestamp>
			</report>
			<report>
				<misses>2575001</misses>
				<total>34</total>
				<timestamp>565.934267</timestamp>
			</report>
			<report>
				<misses>2576001</misses>
				<total>33</total>
				<timestamp>566.154025</timestamp>
			</report>
			<report>
				<misses>2577001</misses>
				<total>34</total>
				<timestamp>566.373683</timestamp>
			</report>
			<report>
				<misses>2578001</misses>
				<total>34</total>
				<timestamp>566.593495</timestamp>
			</report>
			<report>
				<misses>2579001</misses>
				<total>34</total>
				<timestamp>566.813364</timestamp>
			</report>
			<report>
				<misses>2580001</misses>
				<total>37</total>
				<timestamp>567.033070</timestamp>
			</report>
			<report>
				<misses>2581001</misses>
				<total>36</total>
				<timestamp>567.252927</timestamp>
			</report>
			<report>
				<misses>2582001</misses>
				<total>37</total>
				<timestamp>567.472708</timestamp>
			</report>
			<report>
				<misses>2583001</misses>
				<total>37</total>
				<timestamp>567.692496</timestamp>
			</report>
			<report>
				<misses>2584001</misses>
				<total>37</total>
				<timestamp>567.912274</timestamp>
			</report>
			<report>
				<misses>2585001</misses>
				<total>37</total>
				<timestamp>568.131951</timestamp>
			</report>
			<report>
				<misses>2586001</misses>
				<total>37</total>
				<timestamp>568.351745</timestamp>
			</report>
			<report>
				<misses>2587001</misses>
				<total>37</total>
				<timestamp>568.571514</timestamp>
			</report>
			<report>
				<misses>2588001</misses>
				<total>36</total>
				<timestamp>568.791373</timestamp>
			</report>
			<report>
				<misses>2589001</misses>
				<total>37</total>
				<timestamp>569.011168</timestamp>
			</report>
			<report>
				<misses>2590001</misses>
				<total>37</total>
				<timestamp>569.230853</timestamp>
			</report>
			<report>
				<misses>2591001</misses>
				<total>37</total>
				<timestamp>569.450649</timestamp>
			</report>
			<report>
				<misses>2592001</misses>
				<total>37</total>
				<timestamp>569.670413</timestamp>
			</report>
			<report>
				<misses>2593001</misses>
				<total>37</total>
				<timestamp>569.890284</timestamp>
			</report>
			<report>
				<misses>2594001</misses>
				<total>37</total>
				<timestamp>570.110017</timestamp>
			</report>
			<report>
				<misses>2595001</misses>
				<total>37</total>
				<timestamp>570.329799</timestamp>
			</report>
			<report>
				<misses>2596001</misses>
				<total>37</total>
				<timestamp>570.549629</timestamp>
			</report>
			<report>
				<misses>2597001</misses>
				<total>37</total>
				<timestamp>570.769407</timestamp>
			</report>
			<report>
				<misses>2598001</misses>
				<total>37</total>
				<timestamp>570.989193</timestamp>
			</report>
			<report>
				<misses>2599001</misses>
				<total>37</total>
				<timestamp>571.208871</timestamp>
			</report>
			<report>
				<misses>2600001</misses>
				<total>37</total>
				<timestamp>571.428745</timestamp>
			</report>
			<report>
				<misses>2601001</misses>
				<total>37</total>
				<timestamp>571.648440</timestamp>
			</report>
			<report>
				<misses>2602001</misses>
				<total>37</total>
				<timestamp>571.868302</timestamp>
			</report>
			<report>
				<misses>2603001</misses>
				<total>36</total>
				<timestamp>572.088080</timestamp>
			</report>
			<report>
				<misses>2604001</misses>
				<total>36</total>
				<timestamp>572.307851</timestamp>
			</report>
			<report>
				<misses>2605001</misses>
				<total>37</total>
				<timestamp>572.527644</timestamp>
			</report>
			<report>
				<misses>2606001</misses>
				<total>37</total>
				<timestamp>572.747424</timestamp>
			</report>
			<report>
				<misses>2607001</misses>
				<total>37</total>
				<timestamp>572.967129</timestamp>
			</report>
			<report>
				<misses>2608001</misses>
				<total>36</total>
				<timestamp>573.186985</timestamp>
			</report>
			<report>
				<misses>2609001</misses>
				<total>36</total>
				<timestamp>573.406766</timestamp>
			</report>
			<report>
				<misses>2610001</misses>
				<total>37</total>
				<timestamp>573.626454</timestamp>
			</report>
			<report>
				<misses>2611001</misses>
				<total>37</total>
				<timestamp>573.846325</timestamp>
			</report>
			<report>
				<misses>2612001</misses>
				<total>37</total>
				<timestamp>574.065989</timestamp>
			</report>
			<report>
				<misses>2613001</misses>
				<total>37</total>
				<timestamp>574.285798</timestamp>
			</report>
			<report>
				<misses>2614001</misses>
				<total>37</total>
				<timestamp>574.505555</timestamp>
			</report>
			<report>
				<misses>2615001</misses>
				<total>36</total>
				<timestamp>574.725457</timestamp>
			</report>
			<report>
				<misses>2616001</misses>
				<total>36</total>
				<timestamp>574.945223</timestamp>
			</report>
			<report>
				<misses>2617001</misses>
				<total>37</total>
				<timestamp>575.164886</timestamp>
			</report>
			<report>
				<misses>2618001</misses>
				<total>37</total>
				<timestamp>575.384695</timestamp>
			</report>
			<report>
				<misses>2619001</misses>
				<total>37</total>
				<timestamp>575.604441</timestamp>
			</report>
			<report>
				<misses>2620001</misses>
				<total>37</total>
				<timestamp>575.824257</timestamp>
			</report>
			<report>
				<misses>2621001</misses>
				<total>37</total>
				<timestamp>576.044115</timestamp>
			</report>
			<report>
				<misses>2622001</misses>
				<total>37</total>
				<timestamp>576.263911</timestamp>
			</report>
			<report>
				<misses>2623001</misses>
				<total>37</total>
				<timestamp>576.483687</timestamp>
			</report>
			<report>
				<misses>2624001</misses>
				<total>37</total>
				<timestamp>576.703390</timestamp>
			</report>
			<report>
				<misses>2625001</misses>
				<total>37</total>
				<timestamp>576.923174</timestamp>
			</report>
			<report>
				<misses>2626001</misses>
				<total>37</total>
				<timestamp>577.142899</timestamp>
			</report>
			<report>
				<misses>2627001</misses>
				<total>37</total>
				<timestamp>577.362714</timestamp>
			</report>
			<report>
				<misses>2628001</misses>
				<total>37</total>
				<timestamp>577.582489</timestamp>
			</report>
			<report>
				<misses>2629001</misses>
				<total>37</total>
				<timestamp>577.802293</timestamp>
			</report>
			<report>
				<misses>2630001</misses>
				<total>37</total>
				<timestamp>578.022145</timestamp>
			</report>
			<report>
				<misses>2631001</misses>
				<total>37</total>
				<timestamp>578.241930</timestamp>
			</report>
			<report>
				<misses>2632001</misses>
				<total>36</total>
				<timestamp>578.461655</timestamp>
			</report>
			<report>
				<misses>2633001</misses>
				<total>37</total>
				<timestamp>578.681393</timestamp>
			</report>
			<report>
				<misses>2634001</misses>
				<total>37</total>
				<timestamp>578.901174</timestamp>
			</report>
			<report>
				<misses>2635001</misses>
				<total>36</total>
				<timestamp>579.121057</timestamp>
			</report>
			<report>
				<misses>2636001</misses>
				<total>37</total>
				<timestamp>579.340730</timestamp>
			</report>
			<report>
				<misses>2637001</misses>
				<total>37</total>
				<timestamp>579.560509</timestamp>
			</report>
			<report>
				<misses>2638001</misses>
				<total>36</total>
				<timestamp>579.780379</timestamp>
			</report>
			<report>
				<misses>2639001</misses>
				<total>36</total>
				<timestamp>580.000124</timestamp>
			</report>
			<report>
				<misses>2640001</misses>
				<total>37</total>
				<timestamp>580.219826</timestamp>
			</report>
			<report>
				<misses>2641001</misses>
				<total>37</total>
				<timestamp>580.439605</timestamp>
			</report>
			<report>
				<misses>2642001</misses>
				<total>37</total>
				<timestamp>580.659411</timestamp>
			</report>
			<report>
				<misses>2643001</misses>
				<total>37</total>
				<timestamp>580.879191</timestamp>
			</report>
			<report>
				<misses>2644001</misses>
				<total>37</total>
				<timestamp>581.099058</timestamp>
			</report>
			<report>
				<misses>2645001</misses>
				<total>37</total>
				<timestamp>581.318761</timestamp>
			</report>
			<report>
				<misses>2646001</misses>
				<total>37</total>
				<timestamp>581.538536</timestamp>
			</report>
			<report>
				<misses>2647001</misses>
				<total>37</total>
				<timestamp>581.758281</timestamp>
			</report>
			<report>
				<misses>2648001</misses>
				<total>37</total>
				<timestamp>581.978186</timestamp>
			</report>
			<report>
				<misses>2649001</misses>
				<total>36</total>
				<timestamp>582.197925</timestamp>
			</report>
			<report>
				<misses>2650001</misses>
				<total>37</total>
				<timestamp>582.417643</timestamp>
			</report>
			<report>
				<misses>2651001</misses>
				<total>37</total>
				<timestamp>582.637400</timestamp>
			</report>
			<report>
				<misses>2652001</misses>
				<total>37</total>
				<timestamp>582.857228</timestamp>
			</report>
			<report>
				<misses>2653001</misses>
				<total>36</total>
				<timestamp>583.077000</timestamp>
			</report>
			<report>
				<misses>2654001</misses>
				<total>36</total>
				<timestamp>583.296870</timestamp>
			</report>
			<report>
				<misses>2655001</misses>
				<total>37</total>
				<timestamp>583.516530</timestamp>
			</report>
			<report>
				<misses>2656001</misses>
				<total>37</total>
				<timestamp>583.736337</timestamp>
			</report>
			<report>
				<misses>2657001</misses>
				<total>37</total>
				<timestamp>583.956116</timestamp>
			</report>
			<report>
				<misses>2658001</misses>
				<total>37</total>
				<timestamp>584.175984</timestamp>
			</report>
			<report>
				<misses>2659001</misses>
				<total>36</total>
				<timestamp>584.395764</timestamp>
			</report>
			<report>
				<misses>2660001</misses>
				<total>37</total>
				<timestamp>584.615450</timestamp>
			</report>
			<report>
				<misses>2661001</misses>
				<total>37</total>
				<timestamp>584.835251</timestamp>
			</report>
			<report>
				<misses>2662001</misses>
				<total>37</total>
				<timestamp>585.054978</timestamp>
			</report>
			<report>
				<misses>2663001</misses>
				<total>37</total>
				<timestamp>585.274797</timestamp>
			</report>
			<report>
				<misses>2664001</misses>
				<total>37</total>
				<timestamp>585.494567</timestamp>
			</report>
			<report>
				<misses>2665001</misses>
				<total>37</total>
				<timestamp>585.714463</timestamp>
			</report>
			<report>
				<misses>2666001</misses>
				<total>36</total>
				<timestamp>585.934156</timestamp>
			</report>
			<report>
				<misses>2667001</misses>
				<total>36</total>
				<timestamp>586.153937</timestamp>
			</report>
			<report>
				<misses>2668001</misses>
				<total>37</total>
				<timestamp>586.373669</timestamp>
			</report>
			<report>
				<misses>2669001</misses>
				<total>37</total>
				<timestamp>586.593570</timestamp>
			</report>
			<report>
				<misses>2670001</misses>
				<total>37</total>
				<timestamp>586.813353</timestamp>
			</report>
			<report>
				<misses>2671001</misses>
				<total>37</total>
				<timestamp>587.033083</timestamp>
			</report>
			<report>
				<misses>2672001</misses>
				<total>37</total>
				<timestamp>587.252788</timestamp>
			</report>
			<report>
				<misses>2673001</misses>
				<total>36</total>
				<timestamp>587.472679</timestamp>
			</report>
			<report>
				<misses>2674001</misses>
				<total>37</total>
				<timestamp>587.692346</timestamp>
			</report>
			<report>
				<misses>2675001</misses>
				<total>36</total>
				<timestamp>587.912226</timestamp>
			</report>
			<report>
				<misses>2676001</misses>
				<total>37</total>
				<timestamp>588.131931</timestamp>
			</report>
			<report>
				<misses>2677001</misses>
				<total>37</total>
				<timestamp>588.351717</timestamp>
			</report>
			<report>
				<misses>2678001</misses>
				<total>37</total>
				<timestamp>588.571526</timestamp>
			</report>
			<report>
				<misses>2679001</misses>
				<total>37</total>
				<timestamp>588.791278</timestamp>
			</report>
			<report>
				<misses>2680001</misses>
				<total>37</total>
				<timestamp>589.011101</timestamp>
			</report>
			<report>
				<misses>2681001</misses>
				<total>37</total>
				<timestamp>589.230831</timestamp>
			</report>
			<report>
				<misses>2682001</misses>
				<total>36</total>
				<timestamp>589.450708</timestamp>
			</report>
			<report>
				<misses>2683001</misses>
				<total>37</total>
				<timestamp>589.670489</timestamp>
			</report>
			<report>
				<misses>2684001</misses>
				<total>37</total>
				<timestamp>589.890172</timestamp>
			</report>
			<report>
				<misses>2685001</misses>
				<total>37</total>
				<timestamp>590.109955</timestamp>
			</report>
			<report>
				<misses>2686001</misses>
				<total>37</total>
				<timestamp>590.329731</timestamp>
			</report>
			<report>
				<misses>2687001</misses>
				<total>37</total>
				<timestamp>590.549522</timestamp>
			</report>
			<report>
				<misses>2688001</misses>
				<total>37</total>
				<timestamp>590.769296</timestamp>
			</report>
			<report>
				<misses>2689001</misses>
				<total>37</total>
				<timestamp>590.989101</timestamp>
			</report>
			<report>
				<misses>2690001</misses>
				<total>37</total>
				<timestamp>591.208859</timestamp>
			</report>
			<report>
				<misses>2691001</misses>
				<total>37</total>
				<timestamp>591.428632</timestamp>
			</report>
			<report>
				<misses>2692001</misses>
				<total>37</total>
				<timestamp>591.648506</timestamp>
			</report>
			<report>
				<misses>2693001</misses>
				<total>37</total>
				<timestamp>591.868287</timestamp>
			</report>
			<report>
				<misses>2694001</misses>
				<total>37</total>
				<timestamp>592.087970</timestamp>
			</report>
			<report>
				<misses>2695001</misses>
				<total>37</total>
				<timestamp>592.307753</timestamp>
			</report>
			<report>
				<misses>2696001</misses>
				<total>37</total>
				<timestamp>592.527627</timestamp>
			</report>
			<report>
				<misses>2697001</misses>
				<total>37</total>
				<timestamp>592.747318</timestamp>
			</report>
			<report>
				<misses>2698001</misses>
				<total>37</total>
				<timestamp>592.967066</timestamp>
			</report>
			<report>
				<misses>2699001</misses>
				<total>37</total>
				<timestamp>593.186879</timestamp>
			</report>
			<report>
				<misses>2700001</misses>
				<total>37</total>
				<timestamp>593.406651</timestamp>
			</report>
			<report>
				<misses>2701001</misses>
				<total>37</total>
				<timestamp>593.626438</timestamp>
			</report>
			<report>
				<misses>2702001</misses>
				<total>36</total>
				<timestamp>593.846316</timestamp>
			</report>
			<report>
				<misses>2703001</misses>
				<total>37</total>
				<timestamp>594.066059</timestamp>
			</report>
			<report>
				<misses>2704001</misses>
				<total>37</total>
				<timestamp>594.285749</timestamp>
			</report>
			<report>
				<misses>2705001</misses>
				<total>37</total>
				<timestamp>594.505527</timestamp>
			</report>
			<report>
				<misses>2706001</misses>
				<total>37</total>
				<timestamp>594.725310</timestamp>
			</report>
			<report>
				<misses>2707001</misses>
				<total>37</total>
				<timestamp>594.945111</timestamp>
			</report>
			<report>
				<misses>2708001</misses>
				<total>36</total>
				<timestamp>595.165013</timestamp>
			</report>
			<report>
				<misses>2709001</misses>
				<total>37</total>
				<timestamp>595.384772</timestamp>
			</report>
			<report>
				<misses>2710001</misses>
				<total>37</total>
				<timestamp>595.604565</timestamp>
			</report>
			<report>
				<misses>2711001</misses>
				<total>37</total>
				<timestamp>595.824245</timestamp>
			</report>
			<report>
				<misses>2712001</misses>
				<total>37</total>
				<timestamp>596.044115</timestamp>
			</report>
			<report>
				<misses>2713001</misses>
				<total>37</total>
				<timestamp>596.263885</timestamp>
			</report>
			<report>
				<misses>2714001</misses>
				<total>37</total>
				<timestamp>596.483667</timestamp>
			</report>
			<report>
				<misses>2715001</misses>
				<total>36</total>
				<timestamp>596.703462</timestamp>
			</report>
			<report>
				<misses>2716001</misses>
				<total>37</total>
				<timestamp>596.923224</timestamp>
			</report>
			<report>
				<misses>2717001</misses>
				<total>37</total>
				<timestamp>597.143004</timestamp>
			</report>
			<report>
				<misses>2718001</misses>
				<total>37</total>
				<timestamp>597.362690</timestamp>
			</report>
			<report>
				<misses>2719001</misses>
				<total>37</total>
				<timestamp>597.582564</timestamp>
			</report>
			<report>
				<misses>2720001</misses>
				<total>37</total>
				<timestamp>597.802218</timestamp>
			</report>
			<report>
				<misses>2721001</misses>
				<total>37</total>
				<timestamp>598.022027</timestamp>
			</report>
			<report>
				<misses>2722001</misses>
				<total>37</total>
				<timestamp>598.241792</timestamp>
			</report>
			<report>
				<misses>2723001</misses>
				<total>37</total>
				<timestamp>598.461569</timestamp>
			</report>
			<report>
				<misses>2724001</misses>
				<total>36</total>
				<timestamp>598.681468</timestamp>
			</report>
			<report>
				<misses>2725001</misses>
				<total>37</total>
				<timestamp>598.901243</timestamp>
			</report>
			<report>
				<misses>2726001</misses>
				<total>37</total>
				<timestamp>599.121026</timestamp>
			</report>
			<report>
				<misses>2727001</misses>
				<total>37</total>
				<timestamp>599.340718</timestamp>
			</report>
			<report>
				<misses>2728001</misses>
				<total>37</total>
				<timestamp>599.560582</timestamp>
			</report>
			<report>
				<misses>2729001</misses>
				<total>36</total>
				<timestamp>599.780361</timestamp>
			</report>
			<report>
				<misses>2730001</misses>
				<total>37</total>
				<timestamp>600.000151</timestamp>
			</report>
			<report>
				<misses>2731001</misses>
				<total>37</total>
				<timestamp>600.219927</timestamp>
			</report>
			<report>
				<misses>2732001</misses>
				<total>37</total>
				<timestamp>600.439610</timestamp>
			</report>
			<report>
				<misses>2733001</misses>
				<total>37</total>
				<timestamp>600.659503</timestamp>
			</report>
			<report>
				<misses>2734001</misses>
				<total>37</total>
				<timestamp>600.879262</timestamp>
			</report>
			<report>
				<misses>2735001</misses>
				<total>37</total>
				<timestamp>601.098935</timestamp>
			</report>
			<report>
				<misses>2736001</misses>
				<total>37</total>
				<timestamp>601.318836</timestamp>
			</report>
			<report>
				<misses>2737001</misses>
				<total>37</total>
				<timestamp>601.538480</timestamp>
			</report>
			<report>
				<misses>2738001</misses>
				<total>36</total>
				<timestamp>601.758384</timestamp>
			</report>
			<report>
				<misses>2739001</misses>
				<total>37</total>
				<timestamp>601.978167</timestamp>
			</report>
			<report>
				<misses>2740001</misses>
				<total>37</total>
				<timestamp>602.197849</timestamp>
			</report>
			<report>
				<misses>2741001</misses>
				<total>37</total>
				<timestamp>602.417726</timestamp>
			</report>
			<report>
				<misses>2742001</misses>
				<total>37</total>
				<timestamp>602.637501</timestamp>
			</report>
			<report>
				<misses>2743001</misses>
				<total>36</total>
				<timestamp>602.857195</timestamp>
			</report>
			<report>
				<misses>2744001</misses>
				<total>37</total>
				<timestamp>603.077073</timestamp>
			</report>
			<report>
				<misses>2745001</misses>
				<total>37</total>
				<timestamp>603.296724</timestamp>
			</report>
			<report>
				<misses>2746001</misses>
				<total>37</total>
				<timestamp>603.516505</timestamp>
			</report>
			<report>
				<misses>2747001</misses>
				<total>36</total>
				<timestamp>603.736336</timestamp>
			</report>
			<report>
				<misses>2748001</misses>
				<total>37</total>
				<timestamp>603.956186</timestamp>
			</report>
			<report>
				<misses>2749001</misses>
				<total>37</total>
				<timestamp>604.175842</timestamp>
			</report>
			<report>
				<misses>2750001</misses>
				<total>37</total>
				<timestamp>604.395662</timestamp>
			</report>
			<report>
				<misses>2751001</misses>
				<total>37</total>
				<timestamp>604.615491</timestamp>
			</report>
			<report>
				<misses>2752001</misses>
				<total>37</total>
				<timestamp>604.835190</timestamp>
			</report>
			<report>
				<misses>2753001</misses>
				<total>37</total>
				<timestamp>605.055008</timestamp>
			</report>
			<report>
				<misses>2754001</misses>
				<total>37</total>
				<timestamp>605.274770</timestamp>
			</report>
			<report>
				<misses>2755001</misses>
				<total>37</total>
				<timestamp>605.494554</timestamp>
			</report>
			<report>
				<misses>2756001</misses>
				<total>37</total>
				<timestamp>605.714328</timestamp>
			</report>
			<report>
				<misses>2757001</misses>
				<total>37</total>
				<timestamp>605.934203</timestamp>
			</report>
			<report>
				<misses>2758001</misses>
				<total>37</total>
				<timestamp>606.153906</timestamp>
			</report>
			<report>
				<misses>2759001</misses>
				<total>37</total>
				<timestamp>606.373649</timestamp>
			</report>
			<report>
				<misses>2760001</misses>
				<total>37</total>
				<timestamp>606.593453</timestamp>
			</report>
			<report>
				<misses>2761001</misses>
				<total>36</total>
				<timestamp>606.813335</timestamp>
			</report>
			<report>
				<misses>2762001</misses>
				<total>36</total>
				<timestamp>607.033108</timestamp>
			</report>
			<report>
				<misses>2763001</misses>
				<total>37</total>
				<timestamp>607.252888</timestamp>
			</report>
			<report>
				<misses>2764001</misses>
				<total>37</total>
				<timestamp>607.472571</timestamp>
			</report>
			<report>
				<misses>2765001</misses>
				<total>37</total>
				<timestamp>607.692350</timestamp>
			</report>
			<report>
				<misses>2766001</misses>
				<total>41</total>
				<timestamp>607.912268</timestamp>
			</report>
			<report>
				<misses>2767001</misses>
				<total>40</total>
				<timestamp>608.131972</timestamp>
			</report>
			<report>
				<misses>2768001</misses>
				<total>41</total>
				<timestamp>608.351736</timestamp>
			</report>
			<report>
				<misses>2769001</misses>
				<total>41</total>
				<timestamp>608.571441</timestamp>
			</report>
			<report>
				<misses>2770001</misses>
				<total>40</total>
				<timestamp>608.791367</timestamp>
			</report>
			<report>
				<misses>2771001</misses>
				<total>41</total>
				<timestamp>609.011129</timestamp>
			</report>
			<report>
				<misses>2772001</misses>
				<total>40</total>
				<timestamp>609.230844</timestamp>
			</report>
			<report>
				<misses>2773001</misses>
				<total>41</total>
				<timestamp>609.450598</timestamp>
			</report>
			<report>
				<misses>2774001</misses>
				<total>41</total>
				<timestamp>609.670348</timestamp>
			</report>
			<report>
				<misses>2775001</misses>
				<total>41</total>
				<timestamp>609.890127</timestamp>
			</report>
			<report>
				<misses>2776001</misses>
				<total>41</total>
				<timestamp>610.109929</timestamp>
			</report>
			<report>
				<misses>2777001</misses>
				<total>40</total>
				<timestamp>610.329808</timestamp>
			</report>
			<report>
				<misses>2778001</misses>
				<total>41</total>
				<timestamp>610.549584</timestamp>
			</report>
			<report>
				<misses>2779001</misses>
				<total>41</total>
				<timestamp>610.769370</timestamp>
			</report>
			<report>
				<misses>2780001</misses>
				<total>41</total>
				<timestamp>610.989056</timestamp>
			</report>
			<report>
				<misses>2781001</misses>
				<total>41</total>
				<timestamp>611.208943</timestamp>
			</report>
			<report>
				<misses>2782001</misses>
				<total>41</total>
				<timestamp>611.428622</timestamp>
			</report>
			<report>
				<misses>2783001</misses>
				<total>41</total>
				<timestamp>611.648482</timestamp>
			</report>
			<report>
				<misses>2784001</misses>
				<total>41</total>
				<timestamp>611.868267</timestamp>
			</report>
			<report>
				<misses>2785001</misses>
				<total>41</total>
				<timestamp>612.088057</timestamp>
			</report>
			<report>
				<misses>2786001</misses>
				<total>40</total>
				<timestamp>612.307757</timestamp>
			</report>
			<report>
				<misses>2787001</misses>
				<total>41</total>
				<timestamp>612.527617</timestamp>
			</report>
			<report>
				<misses>2788001</misses>
				<total>41</total>
				<timestamp>612.747303</timestamp>
			</report>
			<report>
				<misses>2789001</misses>
				<total>40</total>
				<timestamp>612.967121</timestamp>
			</report>
			<report>
				<misses>2790001</misses>
				<total>41</total>
				<timestamp>613.186854</timestamp>
			</report>
			<report>
				<misses>2791001</misses>
				<total>41</total>
				<timestamp>613.406649</timestamp>
			</report>
			<report>
				<misses>2792001</misses>
				<total>40</total>
				<timestamp>613.626507</timestamp>
			</report>
			<report>
				<misses>2793001</misses>
				<total>41</total>
				<timestamp>613.846193</timestamp>
			</report>
			<report>
				<misses>2794001</misses>
				<total>41</total>
				<timestamp>614.066073</timestamp>
			</report>
			<report>
				<misses>2795001</misses>
				<total>40</total>
				<timestamp>614.285753</timestamp>
			</report>
			<report>
				<misses>2796001</misses>
				<total>41</total>
				<timestamp>614.505531</timestamp>
			</report>
			<report>
				<misses>2797001</misses>
				<total>41</total>
				<timestamp>614.725287</timestamp>
			</report>
			<report>
				<misses>2798001</misses>
				<total>41</total>
				<timestamp>614.945193</timestamp>
			</report>
			<report>
				<misses>2799001</misses>
				<total>41</total>
				<timestamp>615.164880</timestamp>
			</report>
			<report>
				<misses>2800001</misses>
				<total>41</total>
				<timestamp>615.384654</timestamp>
			</report>
			<report>
				<misses>2801001</misses>
				<total>41</total>
				<timestamp>615.604434</timestamp>
			</report>
			<report>
				<misses>2802001</misses>
				<total>41</total>
				<timestamp>615.824305</timestamp>
			</report>
			<report>
				<misses>2803001</misses>
				<total>40</total>
				<timestamp>616.044032</timestamp>
			</report>
			<report>
				<misses>2804001</misses>
				<total>40</total>
				<timestamp>616.263893</timestamp>
			</report>
			<report>
				<misses>2805001</misses>
				<total>41</total>
				<timestamp>616.483534</timestamp>
			</report>
			<report>
				<misses>2806001</misses>
				<total>41</total>
				<timestamp>616.703327</timestamp>
			</report>
			<report>
				<misses>2807001</misses>
				<total>41</total>
				<timestamp>616.923124</timestamp>
			</report>
			<report>
				<misses>2808001</misses>
				<total>41</total>
				<timestamp>617.142995</timestamp>
			</report>
			<report>
				<misses>2809001</misses>
				<total>41</total>
				<timestamp>617.362651</timestamp>
			</report>
			<report>
				<misses>2810001</misses>
				<total>41</total>
				<timestamp>617.582546</timestamp>
			</report>
			<report>
				<misses>2811001</misses>
				<total>40</total>
				<timestamp>617.802335</timestamp>
			</report>
			<report>
				<misses>2812001</misses>
				<total>41</total>
				<timestamp>618.021999</timestamp>
			</report>
			<report>
				<misses>2813001</misses>
				<total>41</total>
				<timestamp>618.241760</timestamp>
			</report>
			<report>
				<misses>2814001</misses>
				<total>41</total>
				<timestamp>618.461579</timestamp>
			</report>
			<report>
				<misses>2815001</misses>
				<total>41</total>
				<timestamp>618.681415</timestamp>
			</report>
			<report>
				<misses>2816001</misses>
				<total>40</total>
				<timestamp>618.901241</timestamp>
			</report>
			<report>
				<misses>2817001</misses>
				<total>41</total>
				<timestamp>619.120884</timestamp>
			</report>
			<report>
				<misses>2818001</misses>
				<total>41</total>
				<timestamp>619.340671</timestamp>
			</report>
			<report>
				<misses>2819001</misses>
				<total>41</total>
				<timestamp>619.560468</timestamp>
			</report>
			<report>
				<misses>2820001</misses>
				<total>41</total>
				<timestamp>619.780289</timestamp>
			</report>
			<report>
				<misses>2821001</misses>
				<total>41</total>
				<timestamp>620.000122</timestamp>
			</report>
			<report>
				<misses>2822001</misses>
				<total>41</total>
				<timestamp>620.219839</timestamp>
			</report>
			<report>
				<misses>2823001</misses>
				<total>41</total>
				<timestamp>620.439552</timestamp>
			</report>
			<report>
				<misses>2824001</misses>
				<total>41</total>
				<timestamp>620.659367</timestamp>
			</report>
			<report>
				<misses>2825001</misses>
				<total>40</total>
				<timestamp>620.879239</timestamp>
			</report>
			<report>
				<misses>2826001</misses>
				<total>41</total>
				<timestamp>621.098905</timestamp>
			</report>
			<report>
				<misses>2827001</misses>
				<total>40</total>
				<timestamp>621.318824</timestamp>
			</report>
			<report>
				<misses>2828001</misses>
				<total>40</total>
				<timestamp>621.538497</timestamp>
			</report>
			<report>
				<misses>2829001</misses>
				<total>41</total>
				<timestamp>621.758311</timestamp>
			</report>
			<report>
				<misses>2830001</misses>
				<total>41</total>
				<timestamp>621.978047</timestamp>
			</report>
			<report>
				<misses>2831001</misses>
				<total>41</total>
				<timestamp>622.197922</timestamp>
			</report>
			<report>
				<misses>2832001</misses>
				<total>40</total>
				<timestamp>622.417646</timestamp>
			</report>
			<report>
				<misses>2833001</misses>
				<total>40</total>
				<timestamp>622.637480</timestamp>
			</report>
			<report>
				<misses>2834001</misses>
				<total>40</total>
				<timestamp>622.857263</timestamp>
			</report>
			<report>
				<misses>2835001</misses>
				<total>40</total>
				<timestamp>623.077046</timestamp>
			</report>
			<report>
				<misses>2836001</misses>
				<total>40</total>
				<timestamp>623.296861</timestamp>
			</report>
			<report>
				<misses>2837001</misses>
				<total>41</total>
				<timestamp>623.516611</timestamp>
			</report>
			<report>
				<misses>2838001</misses>
				<total>41</total>
				<timestamp>623.736316</timestamp>
			</report>
			<report>
				<misses>2839001</misses>
				<total>41</total>
				<timestamp>623.956186</timestamp>
			</report>
			<report>
				<misses>2840001</misses>
				<total>40</total>
				<timestamp>624.175911</timestamp>
			</report>
			<report>
				<misses>2841001</misses>
				<total>40</total>
				<timestamp>624.395647</timestamp>
			</report>
			<report>
				<misses>2842001</misses>
				<total>41</total>
				<timestamp>624.615416</timestamp>
			</report>
			<report>
				<misses>2843001</misses>
				<total>40</total>
				<timestamp>624.835282</timestamp>
			</report>
			<report>
				<misses>2844001</misses>
				<total>41</total>
				<timestamp>625.054943</timestamp>
			</report>
			<report>
				<misses>2845001</misses>
				<total>41</total>
				<timestamp>625.274727</timestamp>
			</report>
			<report>
				<misses>2846001</misses>
				<total>41</total>
				<timestamp>625.494527</timestamp>
			</report>
			<report>
				<misses>2847001</misses>
				<total>41</total>
				<timestamp>625.714395</timestamp>
			</report>
			<report>
				<misses>2848001</misses>
				<total>41</total>
				<timestamp>625.934179</timestamp>
			</report>
			<report>
				<misses>2849001</misses>
				<total>41</total>
				<timestamp>626.153870</timestamp>
			</report>
			<report>
				<misses>2850001</misses>
				<total>41</total>
				<timestamp>626.373653</timestamp>
			</report>
			<report>
				<misses>2851001</misses>
				<total>41</total>
				<timestamp>626.593529</timestamp>
			</report>
			<report>
				<misses>2852001</misses>
				<total>41</total>
				<timestamp>626.813209</timestamp>
			</report>
			<report>
				<misses>2853001</misses>
				<total>41</total>
				<timestamp>627.033008</timestamp>
			</report>
			<report>
				<misses>2854001</misses>
				<total>41</total>
				<timestamp>627.252780</timestamp>
			</report>
			<report>
				<misses>2855001</misses>
				<total>41</total>
				<timestamp>627.472556</timestamp>
			</report>
			<report>
				<misses>2856001</misses>
				<total>40</total>
				<timestamp>627.692344</timestamp>
			</report>
			<report>
				<misses>2857001</misses>
				<total>40</total>
				<timestamp>627.912202</timestamp>
			</report>
			<report>
				<misses>2858001</misses>
				<total>41</total>
				<timestamp>628.131870</timestamp>
			</report>
			<report>
				<misses>2859001</misses>
				<total>40</total>
				<timestamp>628.351776</timestamp>
			</report>
			<report>
				<misses>2860001</misses>
				<total>41</total>
				<timestamp>628.571544</timestamp>
			</report>
			<report>
				<misses>2861001</misses>
				<total>40</total>
				<timestamp>628.791278</timestamp>
			</report>
			<report>
				<misses>2862001</misses>
				<total>41</total>
				<timestamp>629.010990</timestamp>
			</report>
			<report>
				<misses>2863001</misses>
				<total>41</total>
				<timestamp>629.230882</timestamp>
			</report>
			<report>
				<misses>2864001</misses>
				<total>41</total>
				<timestamp>629.450566</timestamp>
			</report>
			<report>
				<misses>2865001</misses>
				<total>41</total>
				<timestamp>629.670325</timestamp>
			</report>
			<report>
				<misses>2866001</misses>
				<total>41</total>
				<timestamp>629.890132</timestamp>
			</report>
			<report>
				<misses>2867001</misses>
				<total>41</total>
				<timestamp>630.110006</timestamp>
			</report>
			<report>
				<misses>2868001</misses>
				<total>41</total>
				<timestamp>630.329691</timestamp>
			</report>
			<report>
				<misses>2869001</misses>
				<total>41</total>
				<timestamp>630.549567</timestamp>
			</report>
			<report>
				<misses>2870001</misses>
				<total>41</total>
				<timestamp>630.769226</timestamp>
			</report>
			<report>
				<misses>2871001</misses>
				<total>41</total>
				<timestamp>630.989129</timestamp>
			</report>
			<report>
				<misses>2872001</misses>
				<total>41</total>
				<timestamp>631.208843</timestamp>
			</report>
			<report>
				<misses>2873001</misses>
				<total>41</total>
				<timestamp>631.428570</timestamp>
			</report>
			<report>
				<misses>2874001</misses>
				<total>41</total>
				<timestamp>631.648340</timestamp>
			</report>
			<report>
				<misses>2875001</misses>
				<total>41</total>
				<timestamp>631.868243</timestamp>
			</report>
			<report>
				<misses>2876001</misses>
				<total>41</total>
				<timestamp>632.087909</timestamp>
			</report>
			<report>
				<misses>2877001</misses>
				<total>40</total>
				<timestamp>632.307815</timestamp>
			</report>
			<report>
				<misses>2878001</misses>
				<total>41</total>
				<timestamp>632.527463</timestamp>
			</report>
			<report>
				<misses>2879001</misses>
				<total>41</total>
				<timestamp>632.747304</timestamp>
			</report>
			<report>
				<misses>2880001</misses>
				<total>40</total>
				<timestamp>632.967137</timestamp>
			</report>
			<report>
				<misses>2881001</misses>
				<total>41</total>
				<timestamp>633.186930</timestamp>
			</report>
			<report>
				<misses>2882001</misses>
				<total>41</total>
				<timestamp>633.406621</timestamp>
			</report>
			<report>
				<misses>2883001</misses>
				<total>41</total>
				<timestamp>633.626422</timestamp>
			</report>
			<report>
				<misses>2884001</misses>
				<total>41</total>
				<timestamp>633.846178</timestamp>
			</report>
			<report>
				<misses>2885001</misses>
				<total>41</total>
				<timestamp>634.065960</timestamp>
			</report>
			<report>
				<misses>2886001</misses>
				<total>41</total>
				<timestamp>634.285733</timestamp>
			</report>
			<report>
				<misses>2887001</misses>
				<total>40</total>
				<timestamp>634.505623</timestamp>
			</report>
			<report>
				<misses>2888001</misses>
				<total>41</total>
				<timestamp>634.725297</timestamp>
			</report>
			<report>
				<misses>2889001</misses>
				<total>41</total>
				<timestamp>634.945198</timestamp>
			</report>
			<report>
				<misses>2890001</misses>
				<total>40</total>
				<timestamp>635.164928</timestamp>
			</report>
			<report>
				<misses>2891001</misses>
				<total>41</total>
				<timestamp>635.384611</timestamp>
			</report>
			<report>
				<misses>2892001</misses>
				<total>41</total>
				<timestamp>635.604390</timestamp>
			</report>
			<report>
				<misses>2893001</misses>
				<total>40</total>
				<timestamp>635.824282</timestamp>
			</report>
			<report>
				<misses>2894001</misses>
				<total>41</total>
				<timestamp>636.043942</timestamp>
			</report>
			<report>
				<misses>2895001</misses>
				<total>41</total>
				<timestamp>636.263848</timestamp>
			</report>
			<report>
				<misses>2896001</misses>
				<total>40</total>
				<timestamp>636.483606</timestamp>
			</report>
			<report>
				<misses>2897001</misses>
				<total>41</total>
				<timestamp>636.703345</timestamp>
			</report>
			<report>
				<misses>2898001</misses>
				<total>40</total>
				<timestamp>636.923187</timestamp>
			</report>
			<report>
				<misses>2899001</misses>
				<total>41</total>
				<timestamp>637.142883</timestamp>
			</report>
			<report>
				<misses>2900001</misses>
				<total>40</total>
				<timestamp>637.362750</timestamp>
			</report>
			<report>
				<misses>2901001</misses>
				<total>41</total>
				<timestamp>637.582429</timestamp>
			</report>
			<report>
				<misses>2902001</misses>
				<total>41</total>
				<timestamp>637.802297</timestamp>
			</report>
			<report>
				<misses>2903001</misses>
				<total>40</total>
				<timestamp>638.022075</timestamp>
			</report>
			<report>
				<misses>2904001</misses>
				<total>41</total>
				<timestamp>638.241871</timestamp>
			</report>
			<report>
				<misses>2905001</misses>
				<total>41</total>
				<timestamp>638.461550</timestamp>
			</report>
			<report>
				<misses>2906001</misses>
				<total>41</total>
				<timestamp>638.681361</timestamp>
			</report>
			<report>
				<misses>2907001</misses>
				<total>41</total>
				<timestamp>638.901120</timestamp>
			</report>
			<report>
				<misses>2908001</misses>
				<total>41</total>
				<timestamp>639.120922</timestamp>
			</report>
			<report>
				<misses>2909001</misses>
				<total>40</total>
				<timestamp>639.340765</timestamp>
			</report>
			<report>
				<misses>2910001</misses>
				<total>41</total>
				<timestamp>639.560541</timestamp>
			</report>
			<report>
				<misses>2911001</misses>
				<total>41</total>
				<timestamp>639.780226</timestamp>
			</report>
			<report>
				<misses>2912001</misses>
				<total>41</total>
				<timestamp>639.999984</timestamp>
			</report>
			<report>
				<misses>2913001</misses>
				<total>41</total>
				<timestamp>640.219881</timestamp>
			</report>
			<report>
				<misses>2914001</misses>
				<total>41</total>
				<timestamp>640.439549</timestamp>
			</report>
			<report>
				<misses>2915001</misses>
				<total>41</total>
				<timestamp>640.659348</timestamp>
			</report>
			<report>
				<misses>2916001</misses>
				<total>40</total>
				<timestamp>640.879229</timestamp>
			</report>
			<report>
				<misses>2917001</misses>
				<total>41</total>
				<timestamp>641.099000</timestamp>
			</report>
			<report>
				<misses>2918001</misses>
				<total>41</total>
				<timestamp>641.318668</timestamp>
			</report>
			<report>
				<misses>2919001</misses>
				<total>41</total>
				<timestamp>641.538441</timestamp>
			</report>
			<report>
				<misses>2920001</misses>
				<total>41</total>
				<timestamp>641.758353</timestamp>
			</report>
			<report>
				<misses>2921001</misses>
				<total>40</total>
				<timestamp>641.978085</timestamp>
			</report>
			<report>
				<misses>2922001</misses>
				<total>41</total>
				<timestamp>642.197810</timestamp>
			</report>
			<report>
				<misses>2923001</misses>
				<total>41</total>
				<timestamp>642.417592</timestamp>
			</report>
			<report>
				<misses>2924001</misses>
				<total>40</total>
				<timestamp>642.637366</timestamp>
			</report>
			<report>
				<misses>2925001</misses>
				<total>40</total>
				<timestamp>642.857147</timestamp>
			</report>
			<report>
				<misses>2926001</misses>
				<total>41</total>
				<timestamp>643.076907</timestamp>
			</report>
			<report>
				<misses>2927001</misses>
				<total>41</total>
				<timestamp>643.296745</timestamp>
			</report>
			<report>
				<misses>2928001</misses>
				<total>41</total>
				<timestamp>643.516465</timestamp>
			</report>
			<report>
				<misses>2929001</misses>
				<total>40</total>
				<timestamp>643.736363</timestamp>
			</report>
			<report>
				<misses>2930001</misses>
				<total>40</total>
				<timestamp>643.956155</timestamp>
			</report>
			<report>
				<misses>2931001</misses>
				<total>40</total>
				<timestamp>644.175877</timestamp>
			</report>
			<report>
				<misses>2932001</misses>
				<total>41</total>
				<timestamp>644.395609</timestamp>
			</report>
			<report>
				<misses>2933001</misses>
				<total>40</total>
				<timestamp>644.615483</timestamp>
			</report>
			<report>
				<misses>2934001</misses>
				<total>41</total>
				<timestamp>644.835279</timestamp>
			</report>
			<report>
				<misses>2935001</misses>
				<total>41</total>
				<timestamp>645.054957</timestamp>
			</report>
			<report>
				<misses>2936001</misses>
				<total>41</total>
				<timestamp>645.274747</timestamp>
			</report>
			<report>
				<misses>2937001</misses>
				<total>41</total>
				<timestamp>645.494513</timestamp>
			</report>
			<report>
				<misses>2938001</misses>
				<total>41</total>
				<timestamp>645.714382</timestamp>
			</report>
			<report>
				<misses>2939001</misses>
				<total>41</total>
				<timestamp>645.934070</timestamp>
			</report>
			<report>
				<misses>2940001</misses>
				<total>41</total>
				<timestamp>646.153828</timestamp>
			</report>
			<report>
				<misses>2941001</misses>
				<total>40</total>
				<timestamp>646.373729</timestamp>
			</report>
			<report>
				<misses>2942001</misses>
				<total>41</total>
				<timestamp>646.593506</timestamp>
			</report>
			<report>
				<misses>2943001</misses>
				<total>40</total>
				<timestamp>646.813287</timestamp>
			</report>
			<report>
				<misses>2944001</misses>
				<total>40</total>
				<timestamp>647.033067</timestamp>
			</report>
			<report>
				<misses>2945001</misses>
				<total>41</total>
				<timestamp>647.252761</timestamp>
			</report>
			<report>
				<misses>2946001</misses>
				<total>40</total>
				<timestamp>647.472551</timestamp>
			</report>
			<report>
				<misses>2947001</misses>
				<total>41</total>
				<timestamp>647.692277</timestamp>
			</report>
			<report>
				<misses>2948001</misses>
				<total>41</total>
				<timestamp>647.912187</timestamp>
			</report>
			<report>
				<misses>2949001</misses>
				<total>40</total>
				<timestamp>648.131970</timestamp>
			</report>
			<report>
				<misses>2950001</misses>
				<total>41</total>
				<timestamp>648.351743</timestamp>
			</report>
			<report>
				<misses>2951001</misses>
				<total>41</total>
				<timestamp>648.571442</timestamp>
			</report>
			<report>
				<misses>2952001</misses>
				<total>41</total>
				<timestamp>648.791231</timestamp>
			</report>
			<report>
				<misses>2953001</misses>
				<total>41</total>
				<timestamp>649.011013</timestamp>
			</report>
			<report>
				<misses>2954001</misses>
				<total>41</total>
				<timestamp>649.230769</timestamp>
			</report>
			<report>
				<misses>2955001</misses>
				<total>41</total>
				<timestamp>649.450550</timestamp>
			</report>
			<report>
				<misses>2956001</misses>
				<total>41</total>
				<timestamp>649.670433</timestamp>
			</report>
			<report>
				<misses>2957001</misses>
				<total>41</total>
				<timestamp>649.890207</timestamp>
			</report>
			<report>
				<misses>2958001</misses>
				<total>41</total>
				<timestamp>650.109863</timestamp>
			</report>
			<report>
				<misses>2959001</misses>
				<total>41</total>
				<timestamp>650.329764</timestamp>
			</report>
			<report>
				<misses>2960001</misses>
				<total>41</total>
				<timestamp>650.549551</timestamp>
			</report>
			<report>
				<misses>2961001</misses>
				<total>41</total>
				<timestamp>650.769214</timestamp>
			</report>
			<report>
				<misses>2962001</misses>
				<total>41</total>
				<timestamp>650.989014</timestamp>
			</report>
			<report>
				<misses>2963001</misses>
				<total>41</total>
				<timestamp>651.208807</timestamp>
			</report>
			<report>
				<misses>2964001</misses>
				<total>41</total>
				<timestamp>651.428578</timestamp>
			</report>
			<report>
				<misses>2965001</misses>
				<total>40</total>
				<timestamp>651.648443</timestamp>
			</report>
			<report>
				<misses>2966001</misses>
				<total>40</total>
				<timestamp>651.868209</timestamp>
			</report>
			<report>
				<misses>2967001</misses>
				<total>40</total>
				<timestamp>652.088006</timestamp>
			</report>
			<report>
				<misses>2968001</misses>
				<total>41</total>
				<timestamp>652.307701</timestamp>
			</report>
			<report>
				<misses>2969001</misses>
				<total>41</total>
				<timestamp>652.527569</timestamp>
			</report>
			<report>
				<misses>2970001</misses>
				<total>40</total>
				<timestamp>652.747258</timestamp>
			</report>
			<report>
				<misses>2971001</misses>
				<total>41</total>
				<timestamp>652.967039</timestamp>
			</report>
			<report>
				<misses>2972001</misses>
				<total>41</total>
				<timestamp>653.186789</timestamp>
			</report>
			<report>
				<misses>2973001</misses>
				<total>41</total>
				<timestamp>653.406562</timestamp>
			</report>
			<report>
				<misses>2974001</misses>
				<total>41</total>
				<timestamp>653.626378</timestamp>
			</report>
			<report>
				<misses>2975001</misses>
				<total>40</total>
				<timestamp>653.846282</timestamp>
			</report>
			<report>
				<misses>2976001</misses>
				<total>41</total>
				<timestamp>654.066028</timestamp>
			</report>
			<report>
				<misses>2977001</misses>
				<total>41</total>
				<timestamp>654.285812</timestamp>
			</report>
			<report>
				<misses>2978001</misses>
				<total>40</total>
				<timestamp>654.505559</timestamp>
			</report>
			<report>
				<misses>2979001</misses>
				<total>40</total>
				<timestamp>654.725348</timestamp>
			</report>
			<report>
				<misses>2980001</misses>
				<total>41</total>
				<timestamp>654.945091</timestamp>
			</report>
			<report>
				<misses>2981001</misses>
				<total>41</total>
				<timestamp>655.164926</timestamp>
			</report>
			<report>
				<misses>2982001</misses>
				<total>40</total>
				<timestamp>655.384706</timestamp>
			</report>
			<report>
				<misses>2983001</misses>
				<total>41</total>
				<timestamp>655.604380</timestamp>
			</report>
			<report>
				<misses>2984001</misses>
				<total>41</total>
				<timestamp>655.824169</timestamp>
			</report>
			<report>
				<misses>2985001</misses>
				<total>41</total>
				<timestamp>656.043926</timestamp>
			</report>
			<report>
				<misses>2986001</misses>
				<total>41</total>
				<timestamp>656.263828</timestamp>
			</report>
			<report>
				<misses>2987001</misses>
				<total>41</total>
				<timestamp>656.483513</timestamp>
			</report>
			<report>
				<misses>2988001</misses>
				<total>41</total>
				<timestamp>656.703273</timestamp>
			</report>
			<report>
				<misses>2989001</misses>
				<total>41</total>
				<timestamp>656.923160</timestamp>
			</report>
			<report>
				<misses>2990001</misses>
				<total>41</total>
				<timestamp>657.142944</timestamp>
			</report>
			<report>
				<misses>2991001</misses>
				<total>41</total>
				<timestamp>657.362630</timestamp>
			</report>
			<report>
				<misses>2992001</misses>
				<total>40</total>
				<timestamp>657.582544</timestamp>
			</report>
			<report>
				<misses>2993001</misses>
				<total>41</total>
				<timestamp>657.802202</timestamp>
			</report>
			<report>
				<misses>2994001</misses>
				<total>41</total>
				<timestamp>658.021975</timestamp>
			</report>
			<report>
				<misses>2995001</misses>
				<total>41</total>
				<timestamp>658.241753</timestamp>
			</report>
			<report>
				<misses>2996001</misses>
				<total>40</total>
				<timestamp>658.461554</timestamp>
			</report>
			<report>
				<misses>2997001</misses>
				<total>41</total>
				<timestamp>658.681282</timestamp>
			</report>
			<report>
				<misses>2998001</misses>
				<total>41</total>
				<timestamp>658.901100</timestamp>
			</report>
			<report>
				<misses>2999001</misses>
				<total>40</total>
				<timestamp>659.120967</timestamp>
			</report>
			<report>
				<misses>3000001</misses>
				<total>41</total>
				<timestamp>659.340649</timestamp>
			</report>
			<report>
				<misses>3001001</misses>
				<total>41</total>
				<timestamp>659.560416</timestamp>
			</report>
			<report>
				<misses>3002001</misses>
				<total>40</total>
				<timestamp>659.780330</timestamp>
			</report>
			<report>
				<misses>3003001</misses>
				<total>41</total>
				<timestamp>659.999963</timestamp>
			</report>
			<report>
				<misses>3004001</misses>
				<total>40</total>
				<timestamp>660.219820</timestamp>
			</report>
			<report>
				<misses>3005001</misses>
				<total>40</total>
				<timestamp>660.439567</timestamp>
			</report>
			<report>
				<misses>3006001</misses>
				<total>40</total>
				<timestamp>660.659429</timestamp>
			</report>
			<report>
				<misses>3007001</misses>
				<total>41</total>
				<timestamp>660.879203</timestamp>
			</report>
			<report>
				<misses>3008001</misses>
				<total>40</total>
				<timestamp>661.098919</timestamp>
			</report>
			<report>
				<misses>3009001</misses>
				<total>41</total>
				<timestamp>661.318673</timestamp>
			</report>
			<report>
				<misses>3010001</misses>
				<total>41</total>
				<timestamp>661.538515</timestamp>
			</report>
			<report>
				<misses>3011001</misses>
				<total>41</total>
				<timestamp>661.758227</timestamp>
			</report>
			<report>
				<misses>3012001</misses>
				<total>41</total>
				<timestamp>661.977986</timestamp>
			</report>
			<report>
				<misses>3013001</misses>
				<total>41</total>
				<timestamp>662.197759</timestamp>
			</report>
			<report>
				<misses>3014001</misses>
				<total>41</total>
				<timestamp>662.417659</timestamp>
			</report>
			<report>
				<misses>3015001</misses>
				<total>41</total>
				<timestamp>662.637390</timestamp>
			</report>
			<report>
				<misses>3016001</misses>
				<total>41</total>
				<timestamp>662.857131</timestamp>
			</report>
			<report>
				<misses>3017001</misses>
				<total>41</total>
				<timestamp>663.077005</timestamp>
			</report>
			<report>
				<misses>3018001</misses>
				<total>41</total>
				<timestamp>663.296696</timestamp>
			</report>
			<report>
				<misses>3019001</misses>
				<total>41</total>
				<timestamp>663.516470</timestamp>
			</report>
			<report>
				<misses>3020001</misses>
				<total>41</total>
				<timestamp>663.736347</timestamp>
			</report>
			<report>
				<misses>3021001</misses>
				<total>40</total>
				<timestamp>663.956130</timestamp>
			</report>
			<report>
				<misses>3022001</misses>
				<total>41</total>
				<timestamp>664.175791</timestamp>
			</report>
			<report>
				<misses>3023001</misses>
				<total>41</total>
				<timestamp>664.395592</timestamp>
			</report>
			<report>
				<misses>3024001</misses>
				<total>41</total>
				<timestamp>664.615377</timestamp>
			</report>
			<report>
				<misses>3025001</misses>
				<total>40</total>
				<timestamp>664.835217</timestamp>
			</report>
			<report>
				<misses>3026001</misses>
				<total>41</total>
				<timestamp>665.055036</timestamp>
			</report>
			<report>
				<misses>3027001</misses>
				<total>41</total>
				<timestamp>665.274677</timestamp>
			</report>
			<report>
				<misses>3028001</misses>
				<total>41</total>
				<timestamp>665.494463</timestamp>
			</report>
			<report>
				<misses>3029001</misses>
				<total>41</total>
				<timestamp>665.714365</timestamp>
			</report>
			<report>
				<misses>3030001</misses>
				<total>41</total>
				<timestamp>665.934048</timestamp>
			</report>
			<report>
				<misses>3031001</misses>
				<total>41</total>
				<timestamp>666.153836</timestamp>
			</report>
			<report>
				<misses>3032001</misses>
				<total>41</total>
				<timestamp>666.373705</timestamp>
			</report>
			<report>
				<misses>3033001</misses>
				<total>41</total>
				<timestamp>666.593365</timestamp>
			</report>
			<report>
				<misses>3034001</misses>
				<total>41</total>
				<timestamp>666.813174</timestamp>
			</report>
			<report>
				<misses>3035001</misses>
				<total>40</total>
				<timestamp>667.033051</timestamp>
			</report>
			<report>
				<misses>3036001</misses>
				<total>40</total>
				<timestamp>667.252825</timestamp>
			</report>
			<report>
				<misses>3037001</misses>
				<total>40</total>
				<timestamp>667.472514</timestamp>
			</report>
			<report>
				<misses>3038001</misses>
				<total>41</total>
				<timestamp>667.692293</timestamp>
			</report>
			<report>
				<misses>3039001</misses>
				<total>41</total>
				<timestamp>667.912170</timestamp>
			</report>
			<report>
				<misses>3040001</misses>
				<total>41</total>
				<timestamp>668.131859</timestamp>
			</report>
			<report>
				<misses>3041001</misses>
				<total>41</total>
				<timestamp>668.351638</timestamp>
			</report>
			<report>
				<misses>3042001</misses>
				<total>41</total>
				<timestamp>668.571513</timestamp>
			</report>
			<report>
				<misses>3043001</misses>
				<total>41</total>
				<timestamp>668.791157</timestamp>
			</report>
			<report>
				<misses>3044001</misses>
				<total>41</total>
				<timestamp>669.011061</timestamp>
			</report>
			<report>
				<misses>3045001</misses>
				<total>41</total>
				<timestamp>669.230754</timestamp>
			</report>
			<report>
				<misses>3046001</misses>
				<total>41</total>
				<timestamp>669.450628</timestamp>
			</report>
			<report>
				<misses>3047001</misses>
				<total>41</total>
				<timestamp>669.670318</timestamp>
			</report>
			<report>
				<misses>3048001</misses>
				<total>41</total>
				<timestamp>669.890102</timestamp>
			</report>
			<report>
				<misses>3049001</misses>
				<total>40</total>
				<timestamp>670.109882</timestamp>
			</report>
			<report>
				<misses>3050001</misses>
				<total>41</total>
				<timestamp>670.329651</timestamp>
			</report>
			<report>
				<misses>3051001</misses>
				<total>41</total>
				<timestamp>670.549422</timestamp>
			</report>
			<report>
				<misses>3052001</misses>
				<total>41</total>
				<timestamp>670.769192</timestamp>
			</report>
			<report>
				<misses>3053001</misses>
				<total>41</total>
				<timestamp>670.988996</timestamp>
			</report>
			<report>
				<misses>3054001</misses>
				<total>41</total>
				<timestamp>671.208741</timestamp>
			</report>
			<report>
				<misses>3055001</misses>
				<total>40</total>
				<timestamp>671.428659</timestamp>
			</report>
			<report>
				<misses>3056001</misses>
				<total>41</total>
				<timestamp>671.648337</timestamp>
			</report>
			<report>
				<misses>3057001</misses>
				<total>41</total>
				<timestamp>671.868208</timestamp>
			</report>
			<report>
				<misses>3058001</misses>
				<total>41</total>
				<timestamp>672.087904</timestamp>
			</report>
			<report>
				<misses>3059001</misses>
				<total>41</total>
				<timestamp>672.307686</timestamp>
			</report>
			<report>
				<misses>3060001</misses>
				<total>41</total>
				<timestamp>672.527493</timestamp>
			</report>
			<report>
				<misses>3061001</misses>
				<total>41</total>
				<timestamp>672.747333</timestamp>
			</report>
			<report>
				<misses>3062001</misses>
				<total>41</total>
				<timestamp>672.967105</timestamp>
			</report>
			<report>
				<misses>3063001</misses>
				<total>41</total>
				<timestamp>673.186776</timestamp>
			</report>
			<report>
				<misses>3064001</misses>
				<total>41</total>
				<timestamp>673.406568</timestamp>
			</report>
			<report>
				<misses>3065001</misses>
				<total>40</total>
				<timestamp>673.626453</timestamp>
			</report>
			<report>
				<misses>3066001</misses>
				<total>41</total>
				<timestamp>673.846143</timestamp>
			</report>
			<report>
				<misses>3067001</misses>
				<total>41</total>
				<timestamp>674.065922</timestamp>
			</report>
			<report>
				<misses>3068001</misses>
				<total>41</total>
				<timestamp>674.285695</timestamp>
			</report>
			<report>
				<misses>3069001</misses>
				<total>41</total>
				<timestamp>674.505522</timestamp>
			</report>
			<report>
				<misses>3070001</misses>
				<total>41</total>
				<timestamp>674.725242</timestamp>
			</report>
			<report>
				<misses>3071001</misses>
				<total>41</total>
				<timestamp>674.945011</timestamp>
			</report>
			<report>
				<misses>3072001</misses>
				<total>41</total>
				<timestamp>675.164813</timestamp>
			</report>
			<report>
				<misses>3073001</misses>
				<total>41</total>
				<timestamp>675.384642</timestamp>
			</report>
			<report>
				<misses>3074001</misses>
				<total>41</total>
				<timestamp>675.604374</timestamp>
			</report>
			<report>
				<misses>3075001</misses>
				<total>41</total>
				<timestamp>675.824155</timestamp>
			</report>
			<report>
				<misses>3076001</misses>
				<total>40</total>
				<timestamp>676.043935</timestamp>
			</report>
			<report>
				<misses>3077001</misses>
				<total>41</total>
				<timestamp>676.263800</timestamp>
			</report>
			<report>
				<misses>3078001</misses>
				<total>41</total>
				<timestamp>676.483585</timestamp>
			</report>
			<report>
				<misses>3079001</misses>
				<total>41</total>
				<timestamp>676.703239</timestamp>
			</report>
			<report>
				<misses>3080001</misses>
				<total>41</total>
				<timestamp>676.923054</timestamp>
			</report>
			<report>
				<misses>3081001</misses>
				<total>41</total>
				<timestamp>677.142925</timestamp>
			</report>
			<report>
				<misses>3082001</misses>
				<total>41</total>
				<timestamp>677.362586</timestamp>
			</report>
			<report>
				<misses>3083001</misses>
				<total>41</total>
				<timestamp>677.582365</timestamp>
			</report>
			<report>
				<misses>3084001</misses>
				<total>41</total>
				<timestamp>677.802157</timestamp>
			</report>
			<report>
				<misses>3085001</misses>
				<total>41</total>
				<timestamp>678.022050</timestamp>
			</report>
			<report>
				<misses>3086001</misses>
				<total>41</total>
				<timestamp>678.241730</timestamp>
			</report>
			<report>
				<misses>3087001</misses>
				<total>41</total>
				<timestamp>678.461605</timestamp>
			</report>
			<report>
				<misses>3088001</misses>
				<total>40</total>
				<timestamp>678.681332</timestamp>
			</report>
			<report>
				<misses>3089001</misses>
				<total>41</total>
				<timestamp>678.901165</timestamp>
			</report>
			<report>
				<misses>3090001</misses>
				<total>41</total>
				<timestamp>679.120821</timestamp>
			</report>
			<report>
				<misses>3091001</misses>
				<total>41</total>
				<timestamp>679.340725</timestamp>
			</report>
			<report>
				<misses>3092001</misses>
				<total>41</total>
				<timestamp>679.560382</timestamp>
			</report>
			<report>
				<misses>3093001</misses>
				<total>41</total>
				<timestamp>679.780159</timestamp>
			</report>
			<report>
				<misses>3094001</misses>
				<total>41</total>
				<timestamp>680.000066</timestamp>
			</report>
			<report>
				<misses>3095001</misses>
				<total>41</total>
				<timestamp>680.219761</timestamp>
			</report>
			<report>
				<misses>3096001</misses>
				<total>41</total>
				<timestamp>680.439626</timestamp>
			</report>
			<report>
				<misses>3097001</misses>
				<total>41</total>
				<timestamp>680.659401</timestamp>
			</report>
			<report>
				<misses>3098001</misses>
				<total>40</total>
				<timestamp>680.879102</timestamp>
			</report>
			<report>
				<misses>3099001</misses>
				<total>40</total>
				<timestamp>681.098961</timestamp>
			</report>
			<report>
				<misses>3100001</misses>
				<total>41</total>
				<timestamp>681.318647</timestamp>
			</report>
			<report>
				<misses>3101001</misses>
				<total>40</total>
				<timestamp>681.538528</timestamp>
			</report>
			<report>
				<misses>3102001</misses>
				<total>40</total>
				<timestamp>681.758244</timestamp>
			</report>
			<report>
				<misses>3103001</misses>
				<total>41</total>
				<timestamp>681.977996</timestamp>
			</report>
			<report>
				<misses>3104001</misses>
				<total>41</total>
				<timestamp>682.197740</timestamp>
			</report>
			<report>
				<misses>3105001</misses>
				<total>41</total>
				<timestamp>682.417556</timestamp>
			</report>
			<report>
				<misses>3106001</misses>
				<total>41</total>
				<timestamp>682.637428</timestamp>
			</report>
			<report>
				<misses>3107001</misses>
				<total>41</total>
				<timestamp>682.857169</timestamp>
			</report>
			<report>
				<misses>3108001</misses>
				<total>41</total>
				<timestamp>683.076894</timestamp>
			</report>
			<report>
				<misses>3109001</misses>
				<total>41</total>
				<timestamp>683.296669</timestamp>
			</report>
			<report>
				<misses>3110001</misses>
				<total>41</total>
				<timestamp>683.516452</timestamp>
			</report>
			<report>
				<misses>3111001</misses>
				<total>41</total>
				<timestamp>683.736223</timestamp>
			</report>
			<report>
				<misses>3112001</misses>
				<total>41</total>
				<timestamp>683.956017</timestamp>
			</report>
			<report>
				<misses>3113001</misses>
				<total>41</total>
				<timestamp>684.175892</timestamp>
			</report>
			<report>
				<misses>3114001</misses>
				<total>41</total>
				<timestamp>684.395573</timestamp>
			</report>
			<report>
				<misses>3115001</misses>
				<total>41</total>
				<timestamp>684.615447</timestamp>
			</report>
			<report>
				<misses>3116001</misses>
				<total>40</total>
				<timestamp>684.835229</timestamp>
			</report>
			<report>
				<misses>3117001</misses>
				<total>40</total>
				<timestamp>685.055007</timestamp>
			</report>
			<report>
				<misses>3118001</misses>
				<total>41</total>
				<timestamp>685.274777</timestamp>
			</report>
			<report>
				<misses>3119001</misses>
				<total>41</total>
				<timestamp>685.494491</timestamp>
			</report>
			<report>
				<misses>3120001</misses>
				<total>40</total>
				<timestamp>685.714260</timestamp>
			</report>
			<report>
				<misses>3121001</misses>
				<total>41</total>
				<timestamp>685.934139</timestamp>
			</report>
			<report>
				<misses>3122001</misses>
				<total>41</total>
				<timestamp>686.153902</timestamp>
			</report>
			<report>
				<misses>3123001</misses>
				<total>40</total>
				<timestamp>686.373622</timestamp>
			</report>
			<report>
				<misses>3124001</misses>
				<total>41</total>
				<timestamp>686.593436</timestamp>
			</report>
			<report>
				<misses>3125001</misses>
				<total>41</total>
				<timestamp>686.813157</timestamp>
			</report>
			<report>
				<misses>3126001</misses>
				<total>40</total>
				<timestamp>687.032942</timestamp>
			</report>
			<report>
				<misses>3127001</misses>
				<total>41</total>
				<timestamp>687.252717</timestamp>
			</report>
			<report>
				<misses>3128001</misses>
				<total>41</total>
				<timestamp>687.472530</timestamp>
			</report>
			<report>
				<misses>3129001</misses>
				<total>41</total>
				<timestamp>687.692276</timestamp>
			</report>
			<report>
				<misses>3130001</misses>
				<total>40</total>
				<timestamp>687.912161</timestamp>
			</report>
			<report>
				<misses>3131001</misses>
				<total>41</total>
				<timestamp>688.131821</timestamp>
			</report>
			<report>
				<misses>3132001</misses>
				<total>41</total>
				<timestamp>688.351631</timestamp>
			</report>
			<report>
				<misses>3133001</misses>
				<total>42</total>
				<timestamp>688.571390</timestamp>
			</report>
			<report>
				<misses>3134001</misses>
				<total>42</total>
				<timestamp>688.791178</timestamp>
			</report>
			<report>
				<misses>3135001</misses>
				<total>42</total>
				<timestamp>689.011046</timestamp>
			</report>
			<report>
				<misses>3136001</misses>
				<total>41</total>
				<timestamp>689.230856</timestamp>
			</report>
			<report>
				<misses>3137001</misses>
				<total>42</total>
				<timestamp>689.450602</timestamp>
			</report>
			<report>
				<misses>3138001</misses>
				<total>42</total>
				<timestamp>689.670262</timestamp>
			</report>
			<report>
				<misses>3139001</misses>
				<total>42</total>
				<timestamp>689.890095</timestamp>
			</report>
			<report>
				<misses>3140001</misses>
				<total>42</total>
				<timestamp>690.109890</timestamp>
			</report>
			<report>
				<misses>3141001</misses>
				<total>42</total>
				<timestamp>690.329729</timestamp>
			</report>
			<report>
				<misses>3142001</misses>
				<total>42</total>
				<timestamp>690.549417</timestamp>
			</report>
			<report>
				<misses>3143001</misses>
				<total>42</total>
				<timestamp>690.769159</timestamp>
			</report>
			<report>
				<misses>3144001</misses>
				<total>41</total>
				<timestamp>690.989068</timestamp>
			</report>
			<report>
				<misses>3145001</misses>
				<total>41</total>
				<timestamp>691.208835</timestamp>
			</report>
			<report>
				<misses>3146001</misses>
				<total>42</total>
				<timestamp>691.428621</timestamp>
			</report>
			<report>
				<misses>3147001</misses>
				<total>42</total>
				<timestamp>691.648342</timestamp>
			</report>
			<report>
				<misses>3148001</misses>
				<total>42</total>
				<timestamp>691.868179</timestamp>
			</report>
			<report>
				<misses>3149001</misses>
				<total>42</total>
				<timestamp>692.087876</timestamp>
			</report>
			<report>
				<misses>3150001</misses>
				<total>42</total>
				<timestamp>692.307651</timestamp>
			</report>
			<report>
				<misses>3151001</misses>
				<total>41</total>
				<timestamp>692.527534</timestamp>
			</report>
			<report>
				<misses>3152001</misses>
				<total>42</total>
				<timestamp>692.747219</timestamp>
			</report>
			<report>
				<misses>3153001</misses>
				<total>42</total>
				<timestamp>692.967000</timestamp>
			</report>
			<report>
				<misses>3154001</misses>
				<total>42</total>
				<timestamp>693.186774</timestamp>
			</report>
			<report>
				<misses>3155001</misses>
				<total>42</total>
				<timestamp>693.406550</timestamp>
			</report>
			<report>
				<misses>3156001</misses>
				<total>42</total>
				<timestamp>693.626338</timestamp>
			</report>
			<report>
				<misses>3157001</misses>
				<total>41</total>
				<timestamp>693.846207</timestamp>
			</report>
			<report>
				<misses>3158001</misses>
				<total>42</total>
				<timestamp>694.065907</timestamp>
			</report>
			<report>
				<misses>3159001</misses>
				<total>42</total>
				<timestamp>694.285769</timestamp>
			</report>
			<report>
				<misses>3160001</misses>
				<total>41</total>
				<timestamp>694.505507</timestamp>
			</report>
			<report>
				<misses>3161001</misses>
				<total>42</total>
				<timestamp>694.725207</timestamp>
			</report>
			<report>
				<misses>3162001</misses>
				<total>42</total>
				<timestamp>694.945014</timestamp>
			</report>
			<report>
				<misses>3163001</misses>
				<total>42</total>
				<timestamp>695.164796</timestamp>
			</report>
			<report>
				<misses>3164001</misses>
				<total>42</total>
				<timestamp>695.384662</timestamp>
			</report>
			<report>
				<misses>3165001</misses>
				<total>42</total>
				<timestamp>695.604362</timestamp>
			</report>
			<report>
				<misses>3166001</misses>
				<total>42</total>
				<timestamp>695.824152</timestamp>
			</report>
			<report>
				<misses>3167001</misses>
				<total>42</total>
				<timestamp>696.043909</timestamp>
			</report>
			<report>
				<misses>3168001</misses>
				<total>42</total>
				<timestamp>696.263695</timestamp>
			</report>
			<report>
				<misses>3169001</misses>
				<total>42</total>
				<timestamp>696.483441</timestamp>
			</report>
			<report>
				<misses>3170001</misses>
				<total>42</total>
				<timestamp>696.703225</timestamp>
			</report>
			<report>
				<misses>3171001</misses>
				<total>42</total>
				<timestamp>696.923037</timestamp>
			</report>
			<report>
				<misses>3172001</misses>
				<total>42</total>
				<timestamp>697.142812</timestamp>
			</report>
			<report>
				<misses>3173001</misses>
				<total>42</total>
				<timestamp>697.362605</timestamp>
			</report>
			<report>
				<misses>3174001</misses>
				<total>42</total>
				<timestamp>697.582375</timestamp>
			</report>
			<report>
				<misses>3175001</misses>
				<total>42</total>
				<timestamp>697.802121</timestamp>
			</report>
			<report>
				<misses>3176001</misses>
				<total>42</total>
				<timestamp>698.021910</timestamp>
			</report>
			<report>
				<misses>3177001</misses>
				<total>42</total>
				<timestamp>698.241686</timestamp>
			</report>
			<report>
				<misses>3178001</misses>
				<total>42</total>
				<timestamp>698.461486</timestamp>
			</report>
			<report>
				<misses>3179001</misses>
				<total>42</total>
				<timestamp>698.681266</timestamp>
			</report>
			<report>
				<misses>3180001</misses>
				<total>42</total>
				<timestamp>698.901020</timestamp>
			</report>
			<report>
				<misses>3181001</misses>
				<total>42</total>
				<timestamp>699.120925</timestamp>
			</report>
			<report>
				<misses>3182001</misses>
				<total>42</total>
				<timestamp>699.340676</timestamp>
			</report>
			<report>
				<misses>3183001</misses>
				<total>42</total>
				<timestamp>699.560479</timestamp>
			</report>
			<report>
				<misses>3184001</misses>
				<total>42</total>
				<timestamp>699.780178</timestamp>
			</report>
			<report>
				<misses>3185001</misses>
				<total>42</total>
				<timestamp>700.000044</timestamp>
			</report>
			<report>
				<misses>3186001</misses>
				<total>42</total>
				<timestamp>700.219734</timestamp>
			</report>
			<report>
				<misses>3187001</misses>
				<total>41</total>
				<timestamp>700.439601</timestamp>
			</report>
			<report>
				<misses>3188001</misses>
				<total>42</total>
				<timestamp>700.659339</timestamp>
			</report>
			<report>
				<misses>3189001</misses>
				<total>42</total>
				<timestamp>700.879047</timestamp>
			</report>
			<report>
				<misses>3190001</misses>
				<total>42</total>
				<timestamp>701.098872</timestamp>
			</report>
			<report>
				<misses>3191001</misses>
				<total>42</total>
				<timestamp>701.318645</timestamp>
			</report>
			<report>
				<misses>3192001</misses>
				<total>42</total>
				<timestamp>701.538509</timestamp>
			</report>
			<report>
				<misses>3193001</misses>
				<total>42</total>
				<timestamp>701.758156</timestamp>
			</report>
			<report>
				<misses>3194001</misses>
				<total>42</total>
				<timestamp>701.978073</timestamp>
			</report>
			<report>
				<misses>3195001</misses>
				<total>42</total>
				<timestamp>702.197761</timestamp>
			</report>
			<report>
				<misses>3196001</misses>
				<total>41</total>
				<timestamp>702.417545</timestamp>
			</report>
			<report>
				<misses>3197001</misses>
				<total>42</total>
				<timestamp>702.637314</timestamp>
			</report>
			<report>
				<misses>3198001</misses>
				<total>42</total>
				<timestamp>702.857187</timestamp>
			</report>
			<report>
				<misses>3199001</misses>
				<total>41</total>
				<timestamp>703.076972</timestamp>
			</report>
			<report>
				<misses>3200001</misses>
				<total>42</total>
				<timestamp>703.296669</timestamp>
			</report>
			<report>
				<misses>3201001</misses>
				<total>42</total>
				<timestamp>703.516525</timestamp>
			</report>
			<report>
				<misses>3202001</misses>
				<total>42</total>
				<timestamp>703.736216</timestamp>
			</report>
			<report>
				<misses>3203001</misses>
				<total>42</total>
				<timestamp>703.955958</timestamp>
			</report>
			<report>
				<misses>3204001</misses>
				<total>42</total>
				<timestamp>704.175750</timestamp>
			</report>
			<report>
				<misses>3205001</misses>
				<total>42</total>
				<timestamp>704.395518</timestamp>
			</report>
			<report>
				<misses>3206001</misses>
				<total>42</total>
				<timestamp>704.615324</timestamp>
			</report>
			<report>
				<misses>3207001</misses>
				<total>42</total>
				<timestamp>704.835117</timestamp>
			</report>
			<report>
				<misses>3208001</misses>
				<total>42</total>
				<timestamp>705.054901</timestamp>
			</report>
			<report>
				<misses>3209001</misses>
				<total>42</total>
				<timestamp>705.274642</timestamp>
			</report>
			<report>
				<misses>3210001</misses>
				<total>42</total>
				<timestamp>705.494469</timestamp>
			</report>
			<report>
				<misses>3211001</misses>
				<total>42</total>
				<timestamp>705.714202</timestamp>
			</report>
			<report>
				<misses>3212001</misses>
				<total>41</total>
				<timestamp>705.934098</timestamp>
			</report>
			<report>
				<misses>3213001</misses>
				<total>42</total>
				<timestamp>706.153890</timestamp>
			</report>
			<report>
				<misses>3214001</misses>
				<total>42</total>
				<timestamp>706.373541</timestamp>
			</report>
			<report>
				<misses>3215001</misses>
				<total>42</total>
				<timestamp>706.593371</timestamp>
			</report>
			<report>
				<misses>3216001</misses>
				<total>42</total>
				<timestamp>706.813145</timestamp>
			</report>
			<report>
				<misses>3217001</misses>
				<total>42</total>
				<timestamp>707.033007</timestamp>
			</report>
			<report>
				<misses>3218001</misses>
				<total>41</total>
				<timestamp>707.252750</timestamp>
			</report>
			<report>
				<misses>3219001</misses>
				<total>42</total>
				<timestamp>707.472484</timestamp>
			</report>
			<report>
				<misses>3220001</misses>
				<total>42</total>
				<timestamp>707.692304</timestamp>
			</report>
			<report>
				<misses>3221001</misses>
				<total>42</total>
				<timestamp>707.912053</timestamp>
			</report>
			<report>
				<misses>3222001</misses>
				<total>42</total>
				<timestamp>708.131812</timestamp>
			</report>
			<report>
				<misses>3223001</misses>
				<total>42</total>
				<timestamp>708.351605</timestamp>
			</report>
			<report>
				<misses>3224001</misses>
				<total>42</total>
				<timestamp>708.571499</timestamp>
			</report>
			<report>
				<misses>3225001</misses>
				<total>42</total>
				<timestamp>708.791124</timestamp>
			</report>
			<report>
				<misses>3226001</misses>
				<total>41</total>
				<timestamp>709.010986</timestamp>
			</report>
			<report>
				<misses>3227001</misses>
				<total>42</total>
				<timestamp>709.230681</timestamp>
			</report>
			<report>
				<misses>3228001</misses>
				<total>42</total>
				<timestamp>709.450490</timestamp>
			</report>
			<report>
				<misses>3229001</misses>
				<total>42</total>
				<timestamp>709.670244</timestamp>
			</report>
			<report>
				<misses>3230001</misses>
				<total>42</total>
				<timestamp>709.890027</timestamp>
			</report>
			<report>
				<misses>3231001</misses>
				<total>42</total>
				<timestamp>710.109934</timestamp>
			</report>
			<report>
				<misses>3232001</misses>
				<total>42</total>
				<timestamp>710.329618</timestamp>
			</report>
			<report>
				<misses>3233001</misses>
				<total>42</total>
				<timestamp>710.549400</timestamp>
			</report>
			<report>
				<misses>3234001</misses>
				<total>42</total>
				<timestamp>710.769169</timestamp>
			</report>
			<report>
				<misses>3235001</misses>
				<total>42</total>
				<timestamp>710.988965</timestamp>
			</report>
			<report>
				<misses>3236001</misses>
				<total>42</total>
				<timestamp>711.208740</timestamp>
			</report>
			<report>
				<misses>3237001</misses>
				<total>42</total>
				<timestamp>711.428606</timestamp>
			</report>
			<report>
				<misses>3238001</misses>
				<total>42</total>
				<timestamp>711.648384</timestamp>
			</report>
			<report>
				<misses>3239001</misses>
				<total>42</total>
				<timestamp>711.868171</timestamp>
			</report>
			<report>
				<misses>3240001</misses>
				<total>42</total>
				<timestamp>712.087850</timestamp>
			</report>
			<report>
				<misses>3241001</misses>
				<total>41</total>
				<timestamp>712.307642</timestamp>
			</report>
			<report>
				<misses>3242001</misses>
				<total>42</total>
				<timestamp>712.527415</timestamp>
			</report>
			<report>
				<misses>3243001</misses>
				<total>42</total>
				<timestamp>712.747282</timestamp>
			</report>
			<report>
				<misses>3244001</misses>
				<total>42</total>
				<timestamp>712.966951</timestamp>
			</report>
			<report>
				<misses>3245001</misses>
				<total>41</total>
				<timestamp>713.186765</timestamp>
			</report>
			<report>
				<misses>3246001</misses>
				<total>41</total>
				<timestamp>713.406626</timestamp>
			</report>
			<report>
				<misses>3247001</misses>
				<total>42</total>
				<timestamp>713.626402</timestamp>
			</report>
			<report>
				<misses>3248001</misses>
				<total>42</total>
				<timestamp>713.846067</timestamp>
			</report>
			<report>
				<misses>3249001</misses>
				<total>42</total>
				<timestamp>714.065962</timestamp>
			</report>
			<report>
				<misses>3250001</misses>
				<total>42</total>
				<timestamp>714.285750</timestamp>
			</report>
			<report>
				<misses>3251001</misses>
				<total>42</total>
				<timestamp>714.505429</timestamp>
			</report>
			<report>
				<misses>3252001</misses>
				<total>41</total>
				<timestamp>714.725312</timestamp>
			</report>
			<report>
				<misses>3253001</misses>
				<total>42</total>
				<timestamp>714.944992</timestamp>
			</report>
			<report>
				<misses>3254001</misses>
				<total>42</total>
				<timestamp>715.164785</timestamp>
			</report>
			<report>
				<misses>3255001</misses>
				<total>42</total>
				<timestamp>715.384651</timestamp>
			</report>
			<report>
				<misses>3256001</misses>
				<total>42</total>
				<timestamp>715.604335</timestamp>
			</report>
			<report>
				<misses>3257001</misses>
				<total>42</total>
				<timestamp>715.824247</timestamp>
			</report>
			<report>
				<misses>3258001</misses>
				<total>42</total>
				<timestamp>716.043987</timestamp>
			</report>
			<report>
				<misses>3259001</misses>
				<total>42</total>
				<timestamp>716.263637</timestamp>
			</report>
			<report>
				<misses>3260001</misses>
				<total>42</total>
				<timestamp>716.483547</timestamp>
			</report>
			<report>
				<misses>3261001</misses>
				<total>42</total>
				<timestamp>716.703264</timestamp>
			</report>
			<report>
				<misses>3262001</misses>
				<total>42</total>
				<timestamp>716.923010</timestamp>
			</report>
			<report>
				<misses>3263001</misses>
				<total>42</total>
				<timestamp>717.142880</timestamp>
			</report>
			<report>
				<misses>3264001</misses>
				<total>42</total>
				<timestamp>717.362573</timestamp>
			</report>
			<report>
				<misses>3265001</misses>
				<total>42</total>
				<timestamp>717.582450</timestamp>
			</report>
			<report>
				<misses>3266001</misses>
				<total>41</total>
				<timestamp>717.802133</timestamp>
			</report>
			<report>
				<misses>3267001</misses>
				<total>42</total>
				<timestamp>718.022013</timestamp>
			</report>
			<report>
				<misses>3268001</misses>
				<total>42</total>
				<timestamp>718.241693</timestamp>
			</report>
			<report>
				<misses>3269001</misses>
				<total>42</total>
				<timestamp>718.461445</timestamp>
			</report>
			<report>
				<misses>3270001</misses>
				<total>42</total>
				<timestamp>718.681313</timestamp>
			</report>
			<report>
				<misses>3271001</misses>
				<total>42</total>
				<timestamp>718.901030</timestamp>
			</report>
			<report>
				<misses>3272001</misses>
				<total>42</total>
				<timestamp>719.120851</timestamp>
			</report>
			<report>
				<misses>3273001</misses>
				<total>42</total>
				<timestamp>719.340558</timestamp>
			</report>
			<report>
				<misses>3274001</misses>
				<total>42</total>
				<timestamp>719.560366</timestamp>
			</report>
			<report>
				<misses>3275001</misses>
				<total>42</total>
				<timestamp>719.780124</timestamp>
			</report>
			<report>
				<misses>3276001</misses>
				<total>42</total>
				<timestamp>719.999908</timestamp>
			</report>
			<report>
				<misses>3277001</misses>
				<total>41</total>
				<timestamp>720.219825</timestamp>
			</report>
			<report>
				<misses>3278001</misses>
				<total>42</total>
				<timestamp>720.439511</timestamp>
			</report>
			<report>
				<misses>3279001</misses>
				<total>41</total>
				<timestamp>720.659368</timestamp>
			</report>
			<report>
				<misses>3280001</misses>
				<total>42</total>
				<timestamp>720.879061</timestamp>
			</report>
			<report>
				<misses>3281001</misses>
				<total>41</total>
				<timestamp>721.098944</timestamp>
			</report>
			<report>
				<misses>3282001</misses>
				<total>42</total>
				<timestamp>721.318612</timestamp>
			</report>
			<report>
				<misses>3283001</misses>
				<total>42</total>
				<timestamp>721.538480</timestamp>
			</report>
			<report>
				<misses>3284001</misses>
				<total>42</total>
				<timestamp>721.758139</timestamp>
			</report>
			<report>
				<misses>3285001</misses>
				<total>42</total>
				<timestamp>721.978001</timestamp>
			</report>
			<report>
				<misses>3286001</misses>
				<total>41</total>
				<timestamp>722.197828</timestamp>
			</report>
			<report>
				<misses>3287001</misses>
				<total>42</total>
				<timestamp>722.417478</timestamp>
			</report>
			<report>
				<misses>3288001</misses>
				<total>42</total>
				<timestamp>722.637304</timestamp>
			</report>
			<report>
				<misses>3289001</misses>
				<total>42</total>
				<timestamp>722.857193</timestamp>
			</report>
			<report>
				<misses>3290001</misses>
				<total>42</total>
				<timestamp>723.076948</timestamp>
			</report>
			<report>
				<misses>3291001</misses>
				<total>41</total>
				<timestamp>723.296733</timestamp>
			</report>
			<report>
				<misses>3292001</misses>
				<total>42</total>
				<timestamp>723.516521</timestamp>
			</report>
			<report>
				<misses>3293001</misses>
				<total>42</total>
				<timestamp>723.736193</timestamp>
			</report>
			<report>
				<misses>3294001</misses>
				<total>42</total>
				<timestamp>723.956064</timestamp>
			</report>
			<report>
				<misses>3295001</misses>
				<total>42</total>
				<timestamp>724.175847</timestamp>
			</report>
			<report>
				<misses>3296001</misses>
				<total>42</total>
				<timestamp>724.395526</timestamp>
			</report>
			<report>
				<misses>3297001</misses>
				<total>42</total>
				<timestamp>724.615314</timestamp>
			</report>
			<report>
				<misses>3298001</misses>
				<total>42</total>
				<timestamp>724.835102</timestamp>
			</report>
			<report>
				<misses>3299001</misses>
				<total>42</total>
				<timestamp>725.054962</timestamp>
			</report>
			<report>
				<misses>3300001</misses>
				<total>41</total>
				<timestamp>725.274746</timestamp>
			</report>
			<report>
				<misses>3301001</misses>
				<total>42</total>
				<timestamp>725.494427</timestamp>
			</report>
			<report>
				<misses>3302001</misses>
				<total>42</total>
				<timestamp>725.714212</timestamp>
			</report>
			<report>
				<misses>3303001</misses>
				<total>41</total>
				<timestamp>725.934083</timestamp>
			</report>
			<report>
				<misses>3304001</misses>
				<total>42</total>
				<timestamp>726.153825</timestamp>
			</report>
			<report>
				<misses>3305001</misses>
				<total>42</total>
				<timestamp>726.373524</timestamp>
			</report>
			<report>
				<misses>3306001</misses>
				<total>42</total>
				<timestamp>726.593327</timestamp>
			</report>
			<report>
				<misses>3307001</misses>
				<total>42</total>
				<timestamp>726.813200</timestamp>
			</report>
			<report>
				<misses>3308001</misses>
				<total>42</total>
				<timestamp>727.032864</timestamp>
			</report>
			<report>
				<misses>3309001</misses>
				<total>42</total>
				<timestamp>727.252645</timestamp>
			</report>
			<report>
				<misses>3310001</misses>
				<total>42</total>
				<timestamp>727.472548</timestamp>
			</report>
			<report>
				<misses>3311001</misses>
				<total>42</total>
				<timestamp>727.692365</timestamp>
			</report>
			<report>
				<misses>3312001</misses>
				<total>42</total>
				<timestamp>727.912101</timestamp>
			</report>
			<report>
				<misses>3313001</misses>
				<total>42</total>
				<timestamp>728.131891</timestamp>
			</report>
			<report>
				<misses>3314001</misses>
				<total>42</total>
				<timestamp>728.351587</timestamp>
			</report>
			<report>
				<misses>3315001</misses>
				<total>42</total>
				<timestamp>728.571356</timestamp>
			</report>
			<report>
				<misses>3316001</misses>
				<total>42</total>
				<timestamp>728.791132</timestamp>
			</report>
			<report>
				<misses>3317001</misses>
				<total>42</total>
				<timestamp>729.011010</timestamp>
			</report>
			<report>
				<misses>3318001</misses>
				<total>42</total>
				<timestamp>729.230670</timestamp>
			</report>
			<report>
				<misses>3319001</misses>
				<total>42</total>
				<timestamp>729.450469</timestamp>
			</report>
			<report>
				<misses>3320001</misses>
				<total>41</total>
				<timestamp>729.670336</timestamp>
			</report>
			<report>
				<misses>3321001</misses>
				<total>42</total>
				<timestamp>729.890034</timestamp>
			</report>
			<report>
				<misses>3322001</misses>
				<total>42</total>
				<timestamp>730.109910</timestamp>
			</report>
			<report>
				<misses>3323001</misses>
				<total>41</total>
				<timestamp>730.329703</timestamp>
			</report>
			<report>
				<misses>3324001</misses>
				<total>42</total>
				<timestamp>730.549368</timestamp>
			</report>
			<report>
				<misses>3325001</misses>
				<total>41</total>
				<timestamp>730.769198</timestamp>
			</report>
			<report>
				<misses>3326001</misses>
				<total>41</total>
				<timestamp>730.988941</timestamp>
			</report>
			<report>
				<misses>3327001</misses>
				<total>42</total>
				<timestamp>731.208685</timestamp>
			</report>
			<report>
				<misses>3328001</misses>
				<total>41</total>
				<timestamp>731.428547</timestamp>
			</report>
			<report>
				<misses>3329001</misses>
				<total>41</total>
				<timestamp>731.648370</timestamp>
			</report>
			<report>
				<misses>3330001</misses>
				<total>42</total>
				<timestamp>731.868035</timestamp>
			</report>
			<report>
				<misses>3331001</misses>
				<total>41</total>
				<timestamp>732.087938</timestamp>
			</report>
			<report>
				<misses>3332001</misses>
				<total>42</total>
				<timestamp>732.307613</timestamp>
			</report>
			<report>
				<misses>3333001</misses>
				<total>41</total>
				<timestamp>732.527486</timestamp>
			</report>
			<report>
				<misses>3334001</misses>
				<total>42</total>
				<timestamp>732.747174</timestamp>
			</report>
			<report>
				<misses>3335001</misses>
				<total>42</total>
				<timestamp>732.967050</timestamp>
			</report>
			<report>
				<misses>3336001</misses>
				<total>43</total>
				<timestamp>733.186732</timestamp>
			</report>
			<report>
				<misses>3337001</misses>
				<total>43</total>
				<timestamp>733.406487</timestamp>
			</report>
			<report>
				<misses>3338001</misses>
				<total>43</total>
				<timestamp>733.626323</timestamp>
			</report>
			<report>
				<misses>3339001</misses>
				<total>42</total>
				<timestamp>733.846102</timestamp>
			</report>
			<report>
				<misses>3340001</misses>
				<total>43</total>
				<timestamp>734.065869</timestamp>
			</report>
			<report>
				<misses>3341001</misses>
				<total>43</total>
				<timestamp>734.285735</timestamp>
			</report>
			<report>
				<misses>3342001</misses>
				<total>43</total>
				<timestamp>734.505378</timestamp>
			</report>
			<report>
				<misses>3343001</misses>
				<total>43</total>
				<timestamp>734.725286</timestamp>
			</report>
			<report>
				<misses>3344001</misses>
				<total>43</total>
				<timestamp>734.944951</timestamp>
			</report>
			<report>
				<misses>3345001</misses>
				<total>43</total>
				<timestamp>735.164847</timestamp>
			</report>
			<report>
				<misses>3346001</misses>
				<total>43</total>
				<timestamp>735.384545</timestamp>
			</report>
			<report>
				<misses>3347001</misses>
				<total>42</total>
				<timestamp>735.604340</timestamp>
			</report>
			<report>
				<misses>3348001</misses>
				<total>43</total>
				<timestamp>735.824105</timestamp>
			</report>
			<report>
				<misses>3349001</misses>
				<total>43</total>
				<timestamp>736.043967</timestamp>
			</report>
			<report>
				<misses>3350001</misses>
				<total>43</total>
				<timestamp>736.263741</timestamp>
			</report>
			<report>
				<misses>3351001</misses>
				<total>42</total>
				<timestamp>736.483497</timestamp>
			</report>
			<report>
				<misses>3352001</misses>
				<total>43</total>
				<timestamp>736.703212</timestamp>
			</report>
			<report>
				<misses>3353001</misses>
				<total>43</total>
				<timestamp>736.922964</timestamp>
			</report>
			<report>
				<misses>3354001</misses>
				<total>42</total>
				<timestamp>737.142812</timestamp>
			</report>
			<report>
				<misses>3355001</misses>
				<total>43</total>
				<timestamp>737.362525</timestamp>
			</report>
			<report>
				<misses>3356001</misses>
				<total>43</total>
				<timestamp>737.582356</timestamp>
			</report>
			<report>
				<misses>3357001</misses>
				<total>43</total>
				<timestamp>737.802202</timestamp>
			</report>
			<report>
				<misses>3358001</misses>
				<total>43</total>
				<timestamp>738.021902</timestamp>
			</report>
			<report>
				<misses>3359001</misses>
				<total>42</total>
				<timestamp>738.241763</timestamp>
			</report>
			<report>
				<misses>3360001</misses>
				<total>42</total>
				<timestamp>738.461545</timestamp>
			</report>
			<report>
				<misses>3361001</misses>
				<total>43</total>
				<timestamp>738.681204</timestamp>
			</report>
			<report>
				<misses>3362001</misses>
				<total>43</total>
				<timestamp>738.901057</timestamp>
			</report>
			<report>
				<misses>3363001</misses>
				<total>43</total>
				<timestamp>739.120795</timestamp>
			</report>
			<report>
				<misses>3364001</misses>
				<total>43</total>
				<timestamp>739.340664</timestamp>
			</report>
			<report>
				<misses>3365001</misses>
				<total>43</total>
				<timestamp>739.560346</timestamp>
			</report>
			<report>
				<misses>3366001</misses>
				<total>43</total>
				<timestamp>739.780167</timestamp>
			</report>
			<report>
				<misses>3367001</misses>
				<total>43</total>
				<timestamp>739.999878</timestamp>
			</report>
			<report>
				<misses>3368001</misses>
				<total>43</total>
				<timestamp>740.219703</timestamp>
			</report>
			<report>
				<misses>3369001</misses>
				<total>43</total>
				<timestamp>740.439564</timestamp>
			</report>
			<report>
				<misses>3370001</misses>
				<total>43</total>
				<timestamp>740.659351</timestamp>
			</report>
			<report>
				<misses>3371001</misses>
				<total>43</total>
				<timestamp>740.879040</timestamp>
			</report>
			<report>
				<misses>3372001</misses>
				<total>42</total>
				<timestamp>741.098908</timestamp>
			</report>
			<report>
				<misses>3373001</misses>
				<total>43</total>
				<timestamp>741.318683</timestamp>
			</report>
			<report>
				<misses>3374001</misses>
				<total>43</total>
				<timestamp>741.538459</timestamp>
			</report>
			<report>
				<misses>3375001</misses>
				<total>43</total>
				<timestamp>741.758242</timestamp>
			</report>
			<report>
				<misses>3376001</misses>
				<total>43</total>
				<timestamp>741.977937</timestamp>
			</report>
			<report>
				<misses>3377001</misses>
				<total>43</total>
				<timestamp>742.197725</timestamp>
			</report>
			<report>
				<misses>3378001</misses>
				<total>43</total>
				<timestamp>742.417497</timestamp>
			</report>
			<report>
				<misses>3379001</misses>
				<total>43</total>
				<timestamp>742.637363</timestamp>
			</report>
			<report>
				<misses>3380001</misses>
				<total>42</total>
				<timestamp>742.857107</timestamp>
			</report>
			<report>
				<misses>3381001</misses>
				<total>42</total>
				<timestamp>743.076918</timestamp>
			</report>
			<report>
				<misses>3382001</misses>
				<total>43</total>
				<timestamp>743.296617</timestamp>
			</report>
			<report>
				<misses>3383001</misses>
				<total>43</total>
				<timestamp>743.516492</timestamp>
			</report>
			<report>
				<misses>3384001</misses>
				<total>43</total>
				<timestamp>743.736171</timestamp>
			</report>
			<report>
				<misses>3385001</misses>
				<total>42</total>
				<timestamp>743.956042</timestamp>
			</report>
			<report>
				<misses>3386001</misses>
				<total>43</total>
				<timestamp>744.175736</timestamp>
			</report>
			<report>
				<misses>3387001</misses>
				<total>43</total>
				<timestamp>744.395600</timestamp>
			</report>
			<report>
				<misses>3388001</misses>
				<total>42</total>
				<timestamp>744.615391</timestamp>
			</report>
			<report>
				<misses>3389001</misses>
				<total>42</total>
				<timestamp>744.835194</timestamp>
			</report>
			<report>
				<misses>3390001</misses>
				<total>42</total>
				<timestamp>745.054943</timestamp>
			</report>
			<report>
				<misses>3391001</misses>
				<total>43</total>
				<timestamp>745.274681</timestamp>
			</report>
			<report>
				<misses>3392001</misses>
				<total>43</total>
				<timestamp>745.494451</timestamp>
			</report>
			<report>
				<misses>3393001</misses>
				<total>43</total>
				<timestamp>745.714193</timestamp>
			</report>
			<report>
				<misses>3394001</misses>
				<total>42</total>
				<timestamp>745.934003</timestamp>
			</report>
			<report>
				<misses>3395001</misses>
				<total>43</total>
				<timestamp>746.153747</timestamp>
			</report>
			<report>
				<misses>3396001</misses>
				<total>43</total>
				<timestamp>746.373533</timestamp>
			</report>
			<report>
				<misses>3397001</misses>
				<total>42</total>
				<timestamp>746.593403</timestamp>
			</report>
			<report>
				<misses>3398001</misses>
				<total>42</total>
				<timestamp>746.813155</timestamp>
			</report>
			<report>
				<misses>3399001</misses>
				<total>43</total>
				<timestamp>747.032867</timestamp>
			</report>
			<report>
				<misses>3400001</misses>
				<total>43</total>
				<timestamp>747.252668</timestamp>
			</report>
			<report>
				<misses>3401001</misses>
				<total>42</total>
				<timestamp>747.472526</timestamp>
			</report>
			<report>
				<misses>3402001</misses>
				<total>43</total>
				<timestamp>747.692214</timestamp>
			</report>
			<report>
				<misses>3403001</misses>
				<total>42</total>
				<timestamp>747.912098</timestamp>
			</report>
			<report>
				<misses>3404001</misses>
				<total>42</total>
				<timestamp>748.131866</timestamp>
			</report>
			<report>
				<misses>3405001</misses>
				<total>43</total>
				<timestamp>748.351529</timestamp>
			</report>
			<report>
				<misses>3406001</misses>
				<total>42</total>
				<timestamp>748.571363</timestamp>
			</report>
			<report>
				<misses>3407001</misses>
				<total>43</total>
				<timestamp>748.791201</timestamp>
			</report>
			<report>
				<misses>3408001</misses>
				<total>43</total>
				<timestamp>749.010872</timestamp>
			</report>
			<report>
				<misses>3409001</misses>
				<total>43</total>
				<timestamp>749.230643</timestamp>
			</report>
			<report>
				<misses>3410001</misses>
				<total>43</total>
				<timestamp>749.450458</timestamp>
			</report>
			<report>
				<misses>3411001</misses>
				<total>43</total>
				<timestamp>749.670326</timestamp>
			</report>
			<report>
				<misses>3412001</misses>
				<total>43</total>
				<timestamp>749.890018</timestamp>
			</report>
			<report>
				<misses>3413001</misses>
				<total>43</total>
				<timestamp>750.109767</timestamp>
			</report>
			<report>
				<misses>3414001</misses>
				<total>43</total>
				<timestamp>750.329661</timestamp>
			</report>
			<report>
				<misses>3415001</misses>
				<total>43</total>
				<timestamp>750.549355</timestamp>
			</report>
			<report>
				<misses>3416001</misses>
				<total>42</total>
				<timestamp>750.769226</timestamp>
			</report>
			<report>
				<misses>3417001</misses>
				<total>43</total>
				<timestamp>750.988912</timestamp>
			</report>
			<report>
				<misses>3418001</misses>
				<total>43</total>
				<timestamp>751.208799</timestamp>
			</report>
			<report>
				<misses>3419001</misses>
				<total>43</total>
				<timestamp>751.428571</timestamp>
			</report>
			<report>
				<misses>3420001</misses>
				<total>43</total>
				<timestamp>751.648255</timestamp>
			</report>
			<report>
				<misses>3421001</misses>
				<total>43</total>
				<timestamp>751.868125</timestamp>
			</report>
			<report>
				<misses>3422001</misses>
				<total>43</total>
				<timestamp>752.087815</timestamp>
			</report>
			<report>
				<misses>3423001</misses>
				<total>43</total>
				<timestamp>752.307687</timestamp>
			</report>
			<report>
				<misses>3424001</misses>
				<total>43</total>
				<timestamp>752.527369</timestamp>
			</report>
			<report>
				<misses>3425001</misses>
				<total>42</total>
				<timestamp>752.747177</timestamp>
			</report>
			<report>
				<misses>3426001</misses>
				<total>43</total>
				<timestamp>752.966934</timestamp>
			</report>
			<report>
				<misses>3427001</misses>
				<total>43</total>
				<timestamp>753.186684</timestamp>
			</report>
			<report>
				<misses>3428001</misses>
				<total>42</total>
				<timestamp>753.406515</timestamp>
			</report>
			<report>
				<misses>3429001</misses>
				<total>43</total>
				<timestamp>753.626275</timestamp>
			</report>
			<report>
				<misses>3430001</misses>
				<total>43</total>
				<timestamp>753.846097</timestamp>
			</report>
			<report>
				<misses>3431001</misses>
				<total>43</total>
				<timestamp>754.065800</timestamp>
			</report>
			<report>
				<misses>3432001</misses>
				<total>43</total>
				<timestamp>754.285727</timestamp>
			</report>
			<report>
				<misses>3433001</misses>
				<total>43</total>
				<timestamp>754.505484</timestamp>
			</report>
			<report>
				<misses>3434001</misses>
				<total>43</total>
				<timestamp>754.725285</timestamp>
			</report>
			<report>
				<misses>3435001</misses>
				<total>43</total>
				<timestamp>754.945042</timestamp>
			</report>
			<report>
				<misses>3436001</misses>
				<total>43</total>
				<timestamp>755.164730</timestamp>
			</report>
			<report>
				<misses>3437001</misses>
				<total>43</total>
				<timestamp>755.384522</timestamp>
			</report>
			<report>
				<misses>3438001</misses>
				<total>43</total>
				<timestamp>755.604297</timestamp>
			</report>
			<report>
				<misses>3439001</misses>
				<total>43</total>
				<timestamp>755.824070</timestamp>
			</report>
			<report>
				<misses>3440001</misses>
				<total>43</total>
				<timestamp>756.043823</timestamp>
			</report>
			<report>
				<misses>3441001</misses>
				<total>43</total>
				<timestamp>756.263677</timestamp>
			</report>
			<report>
				<misses>3442001</misses>
				<total>42</total>
				<timestamp>756.483452</timestamp>
			</report>
			<report>
				<misses>3443001</misses>
				<total>43</total>
				<timestamp>756.703289</timestamp>
			</report>
			<report>
				<misses>3444001</misses>
				<total>43</total>
				<timestamp>756.923067</timestamp>
			</report>
			<report>
				<misses>3445001</misses>
				<total>42</total>
				<timestamp>757.142843</timestamp>
			</report>
			<report>
				<misses>3446001</misses>
				<total>43</total>
				<timestamp>757.362621</timestamp>
			</report>
			<report>
				<misses>3447001</misses>
				<total>43</total>
				<timestamp>757.582311</timestamp>
			</report>
			<report>
				<misses>3448001</misses>
				<total>43</total>
				<timestamp>757.802101</timestamp>
			</report>
			<report>
				<misses>3449001</misses>
				<total>42</total>
				<timestamp>758.021970</timestamp>
			</report>
			<report>
				<misses>3450001</misses>
				<total>43</total>
				<timestamp>758.241646</timestamp>
			</report>
			<report>
				<misses>3451001</misses>
				<total>43</total>
				<timestamp>758.461438</timestamp>
			</report>
			<report>
				<misses>3452001</misses>
				<total>43</total>
				<timestamp>758.681214</timestamp>
			</report>
			<report>
				<misses>3453001</misses>
				<total>43</total>
				<timestamp>758.900992</timestamp>
			</report>
			<report>
				<misses>3454001</misses>
				<total>43</total>
				<timestamp>759.120768</timestamp>
			</report>
			<report>
				<misses>3455001</misses>
				<total>43</total>
				<timestamp>759.340641</timestamp>
			</report>
			<report>
				<misses>3456001</misses>
				<total>43</total>
				<timestamp>759.560294</timestamp>
			</report>
			<report>
				<misses>3457001</misses>
				<total>43</total>
				<timestamp>759.780202</timestamp>
			</report>
			<report>
				<misses>3458001</misses>
				<total>43</total>
				<timestamp>759.999889</timestamp>
			</report>
			<report>
				<misses>3459001</misses>
				<total>43</total>
				<timestamp>760.219777</timestamp>
			</report>
			<report>
				<misses>3460001</misses>
				<total>43</total>
				<timestamp>760.439432</timestamp>
			</report>
			<report>
				<misses>3461001</misses>
				<total>42</total>
				<timestamp>760.659276</timestamp>
			</report>
			<report>
				<misses>3462001</misses>
				<total>42</total>
				<timestamp>760.879059</timestamp>
			</report>
			<report>
				<misses>3463001</misses>
				<total>42</total>
				<timestamp>761.098889</timestamp>
			</report>
			<report>
				<misses>3464001</misses>
				<total>43</total>
				<timestamp>761.318672</timestamp>
			</report>
			<report>
				<misses>3465001</misses>
				<total>43</total>
				<timestamp>761.538324</timestamp>
			</report>
			<report>
				<misses>3466001</misses>
				<total>43</total>
				<timestamp>761.758219</timestamp>
			</report>
			<report>
				<misses>3467001</misses>
				<total>43</total>
				<timestamp>761.977905</timestamp>
			</report>
			<report>
				<misses>3468001</misses>
				<total>43</total>
				<timestamp>762.197691</timestamp>
			</report>
			<report>
				<misses>3469001</misses>
				<total>43</total>
				<timestamp>762.417472</timestamp>
			</report>
			<report>
				<misses>3470001</misses>
				<total>43</total>
				<timestamp>762.637284</timestamp>
			</report>
			<report>
				<misses>3471001</misses>
				<total>43</total>
				<timestamp>762.857127</timestamp>
			</report>
			<report>
				<misses>3472001</misses>
				<total>43</total>
				<timestamp>763.076775</timestamp>
			</report>
			<report>
				<misses>3473001</misses>
				<total>43</total>
				<timestamp>763.296560</timestamp>
			</report>
			<report>
				<misses>3474001</misses>
				<total>43</total>
				<timestamp>763.516364</timestamp>
			</report>
			<report>
				<misses>3475001</misses>
				<total>43</total>
				<timestamp>763.736156</timestamp>
			</report>
			<report>
				<misses>3476001</misses>
				<total>43</total>
				<timestamp>763.955928</timestamp>
			</report>
			<report>
				<misses>3477001</misses>
				<total>43</total>
				<timestamp>764.175689</timestamp>
			</report>
			<report>
				<misses>3478001</misses>
				<total>42</total>
				<timestamp>764.395499</timestamp>
			</report>
			<report>
				<misses>3479001</misses>
				<total>43</total>
				<timestamp>764.615305</timestamp>
			</report>
			<report>
				<misses>3480001</misses>
				<total>43</total>
				<timestamp>764.835146</timestamp>
			</report>
			<report>
				<misses>3481001</misses>
				<total>43</total>
				<timestamp>765.054800</timestamp>
			</report>
			<report>
				<misses>3482001</misses>
				<total>43</total>
				<timestamp>765.274623</timestamp>
			</report>
			<report>
				<misses>3483001</misses>
				<total>43</total>
				<timestamp>765.494483</timestamp>
			</report>
			<report>
				<misses>3484001</misses>
				<total>43</total>
				<timestamp>765.714269</timestamp>
			</report>
			<report>
				<misses>3485001</misses>
				<total>43</total>
				<timestamp>765.934041</timestamp>
			</report>
			<report>
				<misses>3486001</misses>
				<total>43</total>
				<timestamp>766.153736</timestamp>
			</report>
			<report>
				<misses>3487001</misses>
				<total>43</total>
				<timestamp>766.373487</timestamp>
			</report>
			<report>
				<misses>3488001</misses>
				<total>43</total>
				<timestamp>766.593268</timestamp>
			</report>
			<report>
				<misses>3489001</misses>
				<total>43</total>
				<timestamp>766.813081</timestamp>
			</report>
			<report>
				<misses>3490001</misses>
				<total>43</total>
				<timestamp>767.032849</timestamp>
			</report>
			<report>
				<misses>3491001</misses>
				<total>43</total>
				<timestamp>767.252603</timestamp>
			</report>
			<report>
				<misses>3492001</misses>
				<total>43</total>
				<timestamp>767.472502</timestamp>
			</report>
			<report>
				<misses>3493001</misses>
				<total>42</total>
				<timestamp>767.692289</timestamp>
			</report>
			<report>
				<misses>3494001</misses>
				<total>43</total>
				<timestamp>767.912070</timestamp>
			</report>
			<report>
				<misses>3495001</misses>
				<total>43</total>
				<timestamp>768.131749</timestamp>
			</report>
			<report>
				<misses>3496001</misses>
				<total>43</total>
				<timestamp>768.351535</timestamp>
			</report>
			<report>
				<misses>3497001</misses>
				<total>43</total>
				<timestamp>768.571340</timestamp>
			</report>
			<report>
				<misses>3498001</misses>
				<total>43</total>
				<timestamp>768.791189</timestamp>
			</report>
			<report>
				<misses>3499001</misses>
				<total>43</total>
				<timestamp>769.010849</timestamp>
			</report>
			<report>
				<misses>3500001</misses>
				<total>42</total>
				<timestamp>769.230652</timestamp>
			</report>
			<report>
				<misses>3501001</misses>
				<total>42</total>
				<timestamp>769.450530</timestamp>
			</report>
			<report>
				<misses>3502001</misses>
				<total>43</total>
				<timestamp>769.670214</timestamp>
			</report>
			<report>
				<misses>3503001</misses>
				<total>43</total>
				<timestamp>769.890088</timestamp>
			</report>
			<report>
				<misses>3504001</misses>
				<total>43</total>
				<timestamp>770.109779</timestamp>
			</report>
			<report>
				<misses>3505001</misses>
				<total>43</total>
				<timestamp>770.329646</timestamp>
			</report>
			<report>
				<misses>3506001</misses>
				<total>43</total>
				<timestamp>770.549340</timestamp>
			</report>
			<report>
				<misses>3507001</misses>
				<total>42</total>
				<timestamp>770.769238</timestamp>
			</report>
			<report>
				<misses>3508001</misses>
				<total>42</total>
				<timestamp>770.988995</timestamp>
			</report>
			<report>
				<misses>3509001</misses>
				<total>43</total>
				<timestamp>771.208776</timestamp>
			</report>
			<report>
				<misses>3510001</misses>
				<total>43</total>
				<timestamp>771.428426</timestamp>
			</report>
			<report>
				<misses>3511001</misses>
				<total>43</total>
				<timestamp>771.648323</timestamp>
			</report>
			<report>
				<misses>3512001</misses>
				<total>42</total>
				<timestamp>771.868038</timestamp>
			</report>
			<report>
				<misses>3513001</misses>
				<total>43</total>
				<timestamp>772.087770</timestamp>
			</report>
			<report>
				<misses>3514001</misses>
				<total>42</total>
				<timestamp>772.307570</timestamp>
			</report>
			<report>
				<misses>3515001</misses>
				<total>43</total>
				<timestamp>772.527323</timestamp>
			</report>
			<report>
				<misses>3516001</misses>
				<total>42</total>
				<timestamp>772.747223</timestamp>
			</report>
			<report>
				<misses>3517001</misses>
				<total>42</total>
				<timestamp>772.967009</timestamp>
			</report>
			<report>
				<misses>3518001</misses>
				<total>43</total>
				<timestamp>773.186783</timestamp>
			</report>
			<report>
				<misses>3519001</misses>
				<total>42</total>
				<timestamp>773.406571</timestamp>
			</report>
			<report>
				<misses>3520001</misses>
				<total>42</total>
				<timestamp>773.626279</timestamp>
			</report>
			<report>
				<misses>3521001</misses>
				<total>43</total>
				<timestamp>773.846117</timestamp>
			</report>
			<report>
				<misses>3522001</misses>
				<total>42</total>
				<timestamp>774.065817</timestamp>
			</report>
			<report>
				<misses>3523001</misses>
				<total>44</total>
				<timestamp>774.285577</timestamp>
			</report>
			<report>
				<misses>3524001</misses>
				<total>44</total>
				<timestamp>774.505379</timestamp>
			</report>
			<report>
				<misses>3525001</misses>
				<total>44</total>
				<timestamp>774.725141</timestamp>
			</report>
			<report>
				<misses>3526001</misses>
				<total>43</total>
				<timestamp>774.945001</timestamp>
			</report>
			<report>
				<misses>3527001</misses>
				<total>44</total>
				<timestamp>775.164716</timestamp>
			</report>
			<report>
				<misses>3528001</misses>
				<total>44</total>
				<timestamp>775.384602</timestamp>
			</report>
			<report>
				<misses>3529001</misses>
				<total>43</total>
				<timestamp>775.604309</timestamp>
			</report>
			<report>
				<misses>3530001</misses>
				<total>44</total>
				<timestamp>775.824146</timestamp>
			</report>
			<report>
				<misses>3531001</misses>
				<total>44</total>
				<timestamp>776.043838</timestamp>
			</report>
			<report>
				<misses>3532001</misses>
				<total>44</total>
				<timestamp>776.263591</timestamp>
			</report>
			<report>
				<misses>3533001</misses>
				<total>43</total>
				<timestamp>776.483489</timestamp>
			</report>
			<report>
				<misses>3534001</misses>
				<total>44</total>
				<timestamp>776.703171</timestamp>
			</report>
			<report>
				<misses>3535001</misses>
				<total>44</total>
				<timestamp>776.922970</timestamp>
			</report>
			<report>
				<misses>3536001</misses>
				<total>44</total>
				<timestamp>777.142725</timestamp>
			</report>
			<report>
				<misses>3537001</misses>
				<total>44</total>
				<timestamp>777.362515</timestamp>
			</report>
			<report>
				<misses>3538001</misses>
				<total>44</total>
				<timestamp>777.582267</timestamp>
			</report>
			<report>
				<misses>3539001</misses>
				<total>44</total>
				<timestamp>777.802075</timestamp>
			</report>
			<report>
				<misses>3540001</misses>
				<total>44</total>
				<timestamp>778.021873</timestamp>
			</report>
			<report>
				<misses>3541001</misses>
				<total>44</total>
				<timestamp>778.241643</timestamp>
			</report>
			<report>
				<misses>3542001</misses>
				<total>44</total>
				<timestamp>778.461426</timestamp>
			</report>
			<report>
				<misses>3543001</misses>
				<total>43</total>
				<timestamp>778.681285</timestamp>
			</report>
			<report>
				<misses>3544001</misses>
				<total>44</total>
				<timestamp>778.901014</timestamp>
			</report>
			<report>
				<misses>3545001</misses>
				<total>43</total>
				<timestamp>779.120815</timestamp>
			</report>
			<report>
				<misses>3546001</misses>
				<total>44</total>
				<timestamp>779.340579</timestamp>
			</report>
			<report>
				<misses>3547001</misses>
				<total>44</total>
				<timestamp>779.560346</timestamp>
			</report>
			<report>
				<misses>3548001</misses>
				<total>44</total>
				<timestamp>779.780087</timestamp>
			</report>
			<report>
				<misses>3549001</misses>
				<total>44</total>
				<timestamp>779.999879</timestamp>
			</report>
			<report>
				<misses>3550001</misses>
				<total>44</total>
				<timestamp>780.219653</timestamp>
			</report>
			<report>
				<misses>3551001</misses>
				<total>44</total>
				<timestamp>780.439473</timestamp>
			</report>
			<report>
				<misses>3552001</misses>
				<total>43</total>
				<timestamp>780.659221</timestamp>
			</report>
			<report>
				<misses>3553001</misses>
				<total>44</total>
				<timestamp>780.879085</timestamp>
			</report>
			<report>
				<misses>3554001</misses>
				<total>44</total>
				<timestamp>781.098743</timestamp>
			</report>
			<report>
				<misses>3555001</misses>
				<total>44</total>
				<timestamp>781.318642</timestamp>
			</report>
			<report>
				<misses>3556001</misses>
				<total>44</total>
				<timestamp>781.538301</timestamp>
			</report>
			<report>
				<misses>3557001</misses>
				<total>43</total>
				<timestamp>781.758242</timestamp>
			</report>
			<report>
				<misses>3558001</misses>
				<total>44</total>
				<timestamp>781.977992</timestamp>
			</report>
			<report>
				<misses>3559001</misses>
				<total>44</total>
				<timestamp>782.197671</timestamp>
			</report>
			<report>
				<misses>3560001</misses>
				<total>44</total>
				<timestamp>782.417451</timestamp>
			</report>
			<report>
				<misses>3561001</misses>
				<total>44</total>
				<timestamp>782.637266</timestamp>
			</report>
			<report>
				<misses>3562001</misses>
				<total>43</total>
				<timestamp>782.857108</timestamp>
			</report>
			<report>
				<misses>3563001</misses>
				<total>44</total>
				<timestamp>783.076867</timestamp>
			</report>
			<report>
				<misses>3564001</misses>
				<total>44</total>
				<timestamp>783.296568</timestamp>
			</report>
			<report>
				<misses>3565001</misses>
				<total>44</total>
				<timestamp>783.516350</timestamp>
			</report>
			<report>
				<misses>3566001</misses>
				<total>44</total>
				<timestamp>783.736221</timestamp>
			</report>
			<report>
				<misses>3567001</misses>
				<total>44</total>
				<timestamp>783.956011</timestamp>
			</report>
			<report>
				<misses>3568001</misses>
				<total>43</total>
				<timestamp>784.175698</timestamp>
			</report>
			<report>
				<misses>3569001</misses>
				<total>43</total>
				<timestamp>784.395500</timestamp>
			</report>
			<report>
				<misses>3570001</misses>
				<total>44</total>
				<timestamp>784.615227</timestamp>
			</report>
			<report>
				<misses>3571001</misses>
				<total>44</total>
				<timestamp>784.835128</timestamp>
			</report>
			<report>
				<misses>3572001</misses>
				<total>44</total>
				<timestamp>785.054826</timestamp>
			</report>
			<report>
				<misses>3573001</misses>
				<total>44</total>
				<timestamp>785.274694</timestamp>
			</report>
			<report>
				<misses>3574001</misses>
				<total>44</total>
				<timestamp>785.494389</timestamp>
			</report>
			<report>
				<misses>3575001</misses>
				<total>44</total>
				<timestamp>785.714244</timestamp>
			</report>
			<report>
				<misses>3576001</misses>
				<total>44</total>
				<timestamp>785.934017</timestamp>
			</report>
			<report>
				<misses>3577001</misses>
				<total>44</total>
				<timestamp>786.153803</timestamp>
			</report>
			<report>
				<misses>3578001</misses>
				<total>44</total>
				<timestamp>786.373497</timestamp>
			</report>
			<report>
				<misses>3579001</misses>
				<total>44</total>
				<timestamp>786.593241</timestamp>
			</report>
			<report>
				<misses>3580001</misses>
				<total>44</total>
				<timestamp>786.813139</timestamp>
			</report>
			<report>
				<misses>3581001</misses>
				<total>44</total>
				<timestamp>787.032921</timestamp>
			</report>
			<report>
				<misses>3582001</misses>
				<total>44</total>
				<timestamp>787.252615</timestamp>
			</report>
			<report>
				<misses>3583001</misses>
				<total>43</total>
				<timestamp>787.472491</timestamp>
			</report>
			<report>
				<misses>3584001</misses>
				<total>43</total>
				<timestamp>787.692192</timestamp>
			</report>
			<report>
				<misses>3585001</misses>
				<total>43</total>
				<timestamp>787.912042</timestamp>
			</report>
			<report>
				<misses>3586001</misses>
				<total>44</total>
				<timestamp>788.131704</timestamp>
			</report>
			<report>
				<misses>3587001</misses>
				<total>44</total>
				<timestamp>788.351597</timestamp>
			</report>
			<report>
				<misses>3588001</misses>
				<total>44</total>
				<timestamp>788.571385</timestamp>
			</report>
			<report>
				<misses>3589001</misses>
				<total>44</total>
				<timestamp>788.791169</timestamp>
			</report>
			<report>
				<misses>3590001</misses>
				<total>44</total>
				<timestamp>789.010924</timestamp>
			</report>
			<report>
				<misses>3591001</misses>
				<total>44</total>
				<timestamp>789.230637</timestamp>
			</report>
			<report>
				<misses>3592001</misses>
				<total>44</total>
				<timestamp>789.450424</timestamp>
			</report>
			<report>
				<misses>3593001</misses>
				<total>44</total>
				<timestamp>789.670289</timestamp>
			</report>
			<report>
				<misses>3594001</misses>
				<total>44</total>
				<timestamp>789.890076</timestamp>
			</report>
			<report>
				<misses>3595001</misses>
				<total>44</total>
				<timestamp>790.109748</timestamp>
			</report>
			<report>
				<misses>3596001</misses>
				<total>44</total>
				<timestamp>790.329500</timestamp>
			</report>
			<report>
				<misses>3597001</misses>
				<total>44</total>
				<timestamp>790.549323</timestamp>
			</report>
			<report>
				<misses>3598001</misses>
				<total>44</total>
				<timestamp>790.769091</timestamp>
			</report>
			<report>
				<misses>3599001</misses>
				<total>44</total>
				<timestamp>790.988898</timestamp>
			</report>
			<report>
				<misses>3600001</misses>
				<total>44</total>
				<timestamp>791.208747</timestamp>
			</report>
			<report>
				<misses>3601001</misses>
				<total>43</total>
				<timestamp>791.428449</timestamp>
			</report>
			<report>
				<misses>3602001</misses>
				<total>44</total>
				<timestamp>791.648220</timestamp>
			</report>
			<report>
				<misses>3603001</misses>
				<total>44</total>
				<timestamp>791.868096</timestamp>
			</report>
			<report>
				<misses>3604001</misses>
				<total>44</total>
				<timestamp>792.087833</timestamp>
			</report>
			<report>
				<misses>3605001</misses>
				<total>44</total>
				<timestamp>792.307529</timestamp>
			</report>
			<report>
				<misses>3606001</misses>
				<total>44</total>
				<timestamp>792.527335</timestamp>
			</report>
			<report>
				<misses>3607001</misses>
				<total>44</total>
				<timestamp>792.747117</timestamp>
			</report>
			<report>
				<misses>3608001</misses>
				<total>44</total>
				<timestamp>792.966987</timestamp>
			</report>
			<report>
				<misses>3609001</misses>
				<total>44</total>
				<timestamp>793.186675</timestamp>
			</report>
			<report>
				<misses>3610001</misses>
				<total>44</total>
				<timestamp>793.406544</timestamp>
			</report>
			<report>
				<misses>3611001</misses>
				<total>43</total>
				<timestamp>793.626325</timestamp>
			</report>
			<report>
				<misses>3612001</misses>
				<total>44</total>
				<timestamp>793.846101</timestamp>
			</report>
			<report>
				<misses>3613001</misses>
				<total>44</total>
				<timestamp>794.065891</timestamp>
			</report>
			<report>
				<misses>3614001</misses>
				<total>44</total>
				<timestamp>794.285546</timestamp>
			</report>
			<report>
				<misses>3615001</misses>
				<total>44</total>
				<timestamp>794.505320</timestamp>
			</report>
			<report>
				<misses>3616001</misses>
				<total>44</total>
				<timestamp>794.725109</timestamp>
			</report>
			<report>
				<misses>3617001</misses>
				<total>44</total>
				<timestamp>794.944919</timestamp>
			</report>
			<report>
				<misses>3618001</misses>
				<total>44</total>
				<timestamp>795.164662</timestamp>
			</report>
			<report>
				<misses>3619001</misses>
				<total>44</total>
				<timestamp>795.384539</timestamp>
			</report>
			<report>
				<misses>3620001</misses>
				<total>44</total>
				<timestamp>795.604262</timestamp>
			</report>
			<report>
				<misses>3621001</misses>
				<total>43</total>
				<timestamp>795.824128</timestamp>
			</report>
			<report>
				<misses>3622001</misses>
				<total>44</total>
				<timestamp>796.043788</timestamp>
			</report>
			<report>
				<misses>3623001</misses>
				<total>43</total>
				<timestamp>796.263591</timestamp>
			</report>
			<report>
				<misses>3624001</misses>
				<total>43</total>
				<timestamp>796.483480</timestamp>
			</report>
			<report>
				<misses>3625001</misses>
				<total>44</total>
				<timestamp>796.703298</timestamp>
			</report>
			<report>
				<misses>3626001</misses>
				<total>44</total>
				<timestamp>796.923023</timestamp>
			</report>
			<report>
				<misses>3627001</misses>
				<total>44</total>
				<timestamp>797.142713</timestamp>
			</report>
			<report>
				<misses>3628001</misses>
				<total>43</total>
				<timestamp>797.362592</timestamp>
			</report>
			<report>
				<misses>3629001</misses>
				<total>43</total>
				<timestamp>797.582270</timestamp>
			</report>
			<report>
				<misses>3630001</misses>
				<total>44</total>
				<timestamp>797.802057</timestamp>
			</report>
			<report>
				<misses>3631001</misses>
				<total>44</total>
				<timestamp>798.021841</timestamp>
			</report>
			<report>
				<misses>3632001</misses>
				<total>44</total>
				<timestamp>798.241643</timestamp>
			</report>
			<report>
				<misses>3633001</misses>
				<total>44</total>
				<timestamp>798.461388</timestamp>
			</report>
			<report>
				<misses>3634001</misses>
				<total>44</total>
				<timestamp>798.681149</timestamp>
			</report>
			<report>
				<misses>3635001</misses>
				<total>43</total>
				<timestamp>798.901040</timestamp>
			</report>
			<report>
				<misses>3636001</misses>
				<total>44</total>
				<timestamp>799.120766</timestamp>
			</report>
			<report>
				<misses>3637001</misses>
				<total>44</total>
				<timestamp>799.340604</timestamp>
			</report>
			<report>
				<misses>3638001</misses>
				<total>44</total>
				<timestamp>799.560271</timestamp>
			</report>
			<report>
				<misses>3639001</misses>
				<total>44</total>
				<timestamp>799.780084</timestamp>
			</report>
			<report>
				<misses>3640001</misses>
				<total>44</total>
				<timestamp>799.999849</timestamp>
			</report>
			<report>
				<misses>3641001</misses>
				<total>44</total>
				<timestamp>800.219628</timestamp>
			</report>
			<report>
				<misses>3642001</misses>
				<total>44</total>
				<timestamp>800.439440</timestamp>
			</report>
			<report>
				<misses>3643001</misses>
				<total>44</total>
				<timestamp>800.659199</timestamp>
			</report>
			<report>
				<misses>3644001</misses>
				<total>43</total>
				<timestamp>800.878968</timestamp>
			</report>
			<report>
				<misses>3645001</misses>
				<total>44</total>
				<timestamp>801.098850</timestamp>
			</report>
			<report>
				<misses>3646001</misses>
				<total>43</total>
				<timestamp>801.318606</timestamp>
			</report>
			<report>
				<misses>3647001</misses>
				<total>44</total>
				<timestamp>801.538312</timestamp>
			</report>
			<report>
				<misses>3648001</misses>
				<total>44</total>
				<timestamp>801.758189</timestamp>
			</report>
			<report>
				<misses>3649001</misses>
				<total>44</total>
				<timestamp>801.977878</timestamp>
			</report>
			<report>
				<misses>3650001</misses>
				<total>44</total>
				<timestamp>802.197628</timestamp>
			</report>
			<report>
				<misses>3651001</misses>
				<total>44</total>
				<timestamp>802.417421</timestamp>
			</report>
			<report>
				<misses>3652001</misses>
				<total>44</total>
				<timestamp>802.637207</timestamp>
			</report>
			<report>
				<misses>3653001</misses>
				<total>43</total>
				<timestamp>802.857084</timestamp>
			</report>
			<report>
				<misses>3654001</misses>
				<total>44</total>
				<timestamp>803.076779</timestamp>
			</report>
			<report>
				<misses>3655001</misses>
				<total>44</total>
				<timestamp>803.296543</timestamp>
			</report>
			<report>
				<misses>3656001</misses>
				<total>44</total>
				<timestamp>803.516420</timestamp>
			</report>
			<report>
				<misses>3657001</misses>
				<total>44</total>
				<timestamp>803.736112</timestamp>
			</report>
			<report>
				<misses>3658001</misses>
				<total>44</total>
				<timestamp>803.955898</timestamp>
			</report>
			<report>
				<misses>3659001</misses>
				<total>44</total>
				<timestamp>804.175691</timestamp>
			</report>
			<report>
				<misses>3660001</misses>
				<total>44</total>
				<timestamp>804.395418</timestamp>
			</report>
			<report>
				<misses>3661001</misses>
				<total>44</total>
				<timestamp>804.615201</timestamp>
			</report>
			<report>
				<misses>3662001</misses>
				<total>44</total>
				<timestamp>804.834980</timestamp>
			</report>
			<report>
				<misses>3663001</misses>
				<total>44</total>
				<timestamp>805.054772</timestamp>
			</report>
			<report>
				<misses>3664001</misses>
				<total>44</total>
				<timestamp>805.274541</timestamp>
			</report>
			<report>
				<misses>3665001</misses>
				<total>44</total>
				<timestamp>805.494356</timestamp>
			</report>
			<report>
				<misses>3666001</misses>
				<total>44</total>
				<timestamp>805.714222</timestamp>
			</report>
			<report>
				<misses>3667001</misses>
				<total>44</total>
				<timestamp>805.933913</timestamp>
			</report>
			<report>
				<misses>3668001</misses>
				<total>44</total>
				<timestamp>806.153791</timestamp>
			</report>
			<report>
				<misses>3669001</misses>
				<total>44</total>
				<timestamp>806.373468</timestamp>
			</report>
			<report>
				<misses>3670001</misses>
				<total>44</total>
				<timestamp>806.593363</timestamp>
			</report>
			<report>
				<misses>3671001</misses>
				<total>44</total>
				<timestamp>806.813079</timestamp>
			</report>
			<report>
				<misses>3672001</misses>
				<total>43</total>
				<timestamp>807.032908</timestamp>
			</report>
			<report>
				<misses>3673001</misses>
				<total>44</total>
				<timestamp>807.252685</timestamp>
			</report>
			<report>
				<misses>3674001</misses>
				<total>44</total>
				<timestamp>807.472466</timestamp>
			</report>
			<report>
				<misses>3675001</misses>
				<total>44</total>
				<timestamp>807.692160</timestamp>
			</report>
			<report>
				<misses>3676001</misses>
				<total>44</total>
				<timestamp>807.911906</timestamp>
			</report>
			<report>
				<misses>3677001</misses>
				<total>44</total>
				<timestamp>808.131805</timestamp>
			</report>
			<report>
				<misses>3678001</misses>
				<total>43</total>
				<timestamp>808.351589</timestamp>
			</report>
			<report>
				<misses>3679001</misses>
				<total>44</total>
				<timestamp>808.571273</timestamp>
			</report>
			<report>
				<misses>3680001</misses>
				<total>44</total>
				<timestamp>808.791058</timestamp>
			</report>
			<report>
				<misses>3681001</misses>
				<total>43</total>
				<timestamp>809.010863</timestamp>
			</report>
			<report>
				<misses>3682001</misses>
				<total>44</total>
				<timestamp>809.230710</timestamp>
			</report>
			<report>
				<misses>3683001</misses>
				<total>44</total>
				<timestamp>809.450390</timestamp>
			</report>
			<report>
				<misses>3684001</misses>
				<total>43</total>
				<timestamp>809.670265</timestamp>
			</report>
			<report>
				<misses>3685001</misses>
				<total>43</total>
				<timestamp>809.889953</timestamp>
			</report>
			<report>
				<misses>3686001</misses>
				<total>44</total>
				<timestamp>810.109829</timestamp>
			</report>
			<report>
				<misses>3687001</misses>
				<total>44</total>
				<timestamp>810.329518</timestamp>
			</report>
			<report>
				<misses>3688001</misses>
				<total>44</total>
				<timestamp>810.549379</timestamp>
			</report>
			<report>
				<misses>3689001</misses>
				<total>44</total>
				<timestamp>810.769058</timestamp>
			</report>
			<report>
				<misses>3690001</misses>
				<total>44</total>
				<timestamp>810.988949</timestamp>
			</report>
			<report>
				<misses>3691001</misses>
				<total>44</total>
				<timestamp>811.208632</timestamp>
			</report>
			<report>
				<misses>3692001</misses>
				<total>44</total>
				<timestamp>811.428398</timestamp>
			</report>
			<report>
				<misses>3693001</misses>
				<total>44</total>
				<timestamp>811.648264</timestamp>
			</report>
			<report>
				<misses>3694001</misses>
				<total>44</total>
				<timestamp>811.867972</timestamp>
			</report>
			<report>
				<misses>3695001</misses>
				<total>43</total>
				<timestamp>812.087855</timestamp>
			</report>
			<report>
				<misses>3696001</misses>
				<total>44</total>
				<timestamp>812.307571</timestamp>
			</report>
			<report>
				<misses>3697001</misses>
				<total>44</total>
				<timestamp>812.527307</timestamp>
			</report>
			<report>
				<misses>3698001</misses>
				<total>44</total>
				<timestamp>812.747104</timestamp>
			</report>
			<report>
				<misses>3699001</misses>
				<total>44</total>
				<timestamp>812.966869</timestamp>
			</report>
			<report>
				<misses>3700001</misses>
				<total>44</total>
				<timestamp>813.186668</timestamp>
			</report>
			<report>
				<misses>3701001</misses>
				<total>43</total>
				<timestamp>813.406520</timestamp>
			</report>
			<report>
				<misses>3702001</misses>
				<total>44</total>
				<timestamp>813.626302</timestamp>
			</report>
			<report>
				<misses>3703001</misses>
				<total>43</total>
				<timestamp>813.846089</timestamp>
			</report>
			<report>
				<misses>3704001</misses>
				<total>44</total>
				<timestamp>814.065750</timestamp>
			</report>
			<report>
				<misses>3705001</misses>
				<total>44</total>
				<timestamp>814.285579</timestamp>
			</report>
			<report>
				<misses>3706001</misses>
				<total>44</total>
				<timestamp>814.505425</timestamp>
			</report>
			<report>
				<misses>3707001</misses>
				<total>44</total>
				<timestamp>814.725084</timestamp>
			</report>
			<report>
				<misses>3708001</misses>
				<total>43</total>
				<timestamp>814.944942</timestamp>
			</report>
			<report>
				<misses>3709001</misses>
				<total>44</total>
				<timestamp>815.164763</timestamp>
			</report>
			<report>
				<misses>3710001</misses>
				<total>43</total>
				<timestamp>815.384480</timestamp>
			</report>
			<report>
				<misses>3711001</misses>
				<total>44</total>
				<timestamp>815.604235</timestamp>
			</report>
			<report>
				<misses>3712001</misses>
				<total>44</total>
				<timestamp>815.824008</timestamp>
			</report>
			<report>
				<misses>3713001</misses>
				<total>44</total>
				<timestamp>816.043908</timestamp>
			</report>
			<report>
				<misses>3714001</misses>
				<total>44</total>
				<timestamp>816.263573</timestamp>
			</report>
			<report>
				<misses>3715001</misses>
				<total>43</total>
				<timestamp>816.483411</timestamp>
			</report>
			<report>
				<misses>3716001</misses>
				<total>44</total>
				<timestamp>816.703258</timestamp>
			</report>
			<report>
				<misses>3717001</misses>
				<total>43</total>
				<timestamp>816.922917</timestamp>
			</report>
			<report>
				<misses>3718001</misses>
				<total>44</total>
				<timestamp>817.142758</timestamp>
			</report>
			<report>
				<misses>3719001</misses>
				<total>44</total>
				<timestamp>817.362478</timestamp>
			</report>
			<report>
				<misses>3720001</misses>
				<total>44</total>
				<timestamp>817.582216</timestamp>
			</report>
			<report>
				<misses>3721001</misses>
				<total>44</total>
				<timestamp>817.802068</timestamp>
			</report>
			<report>
				<misses>3722001</misses>
				<total>44</total>
				<timestamp>818.021782</timestamp>
			</report>
			<report>
				<misses>3723001</misses>
				<total>44</total>
				<timestamp>818.241693</timestamp>
			</report>
			<report>
				<misses>3724001</misses>
				<total>44</total>
				<timestamp>818.461343</timestamp>
			</report>
			<report>
				<misses>3725001</misses>
				<total>44</total>
				<timestamp>818.681164</timestamp>
			</report>
			<report>
				<misses>3726001</misses>
				<total>44</total>
				<timestamp>818.900898</timestamp>
			</report>
			<report>
				<misses>3727001</misses>
				<total>44</total>
				<timestamp>819.120714</timestamp>
			</report>
			<report>
				<misses>3728001</misses>
				<total>44</total>
				<timestamp>819.340589</timestamp>
			</report>
			<report>
				<misses>3729001</misses>
				<total>44</total>
				<timestamp>819.560298</timestamp>
			</report>
			<report>
				<misses>3730001</misses>
				<total>44</total>
				<timestamp>819.780047</timestamp>
			</report>
			<report>
				<misses>3731001</misses>
				<total>44</total>
				<timestamp>819.999922</timestamp>
			</report>
			<report>
				<misses>3732001</misses>
				<total>44</total>
				<timestamp>820.219709</timestamp>
			</report>
			<report>
				<misses>3733001</misses>
				<total>44</total>
				<timestamp>820.439357</timestamp>
			</report>
			<report>
				<misses>3734001</misses>
				<total>44</total>
				<timestamp>820.659172</timestamp>
			</report>
			<report>
				<misses>3735001</misses>
				<total>43</total>
				<timestamp>820.879039</timestamp>
			</report>
			<report>
				<misses>3736001</misses>
				<total>45</total>
				<timestamp>821.098728</timestamp>
			</report>
			<report>
				<misses>3737001</misses>
				<total>45</total>
				<timestamp>821.318518</timestamp>
			</report>
			<report>
				<misses>3738001</misses>
				<total>44</total>
				<timestamp>821.538391</timestamp>
			</report>
			<report>
				<misses>3739001</misses>
				<total>44</total>
				<timestamp>821.758124</timestamp>
			</report>
			<report>
				<misses>3740001</misses>
				<total>44</total>
				<timestamp>821.977855</timestamp>
			</report>
			<report>
				<misses>3741001</misses>
				<total>45</total>
				<timestamp>822.197629</timestamp>
			</report>
			<report>
				<misses>3742001</misses>
				<total>45</total>
				<timestamp>822.417410</timestamp>
			</report>
			<report>
				<misses>3743001</misses>
				<total>45</total>
				<timestamp>822.637195</timestamp>
			</report>
			<report>
				<misses>3744001</misses>
				<total>45</total>
				<timestamp>822.856968</timestamp>
			</report>
			<report>
				<misses>3745001</misses>
				<total>45</total>
				<timestamp>823.076839</timestamp>
			</report>
			<report>
				<misses>3746001</misses>
				<total>45</total>
				<timestamp>823.296529</timestamp>
			</report>
			<report>
				<misses>3747001</misses>
				<total>44</total>
				<timestamp>823.516409</timestamp>
			</report>
			<report>
				<misses>3748001</misses>
				<total>45</total>
				<timestamp>823.736187</timestamp>
			</report>
			<report>
				<misses>3749001</misses>
				<total>45</total>
				<timestamp>823.955957</timestamp>
			</report>
			<report>
				<misses>3750001</misses>
				<total>45</total>
				<timestamp>824.175670</timestamp>
			</report>
			<report>
				<misses>3751001</misses>
				<total>45</total>
				<timestamp>824.395401</timestamp>
			</report>
			<report>
				<misses>3752001</misses>
				<total>45</total>
				<timestamp>824.615209</timestamp>
			</report>
			<report>
				<misses>3753001</misses>
				<total>44</total>
				<timestamp>824.835085</timestamp>
			</report>
			<report>
				<misses>3754001</misses>
				<total>45</total>
				<timestamp>825.054863</timestamp>
			</report>
			<report>
				<misses>3755001</misses>
				<total>45</total>
				<timestamp>825.274552</timestamp>
			</report>
			<report>
				<misses>3756001</misses>
				<total>45</total>
				<timestamp>825.494326</timestamp>
			</report>
			<report>
				<misses>3757001</misses>
				<total>45</total>
				<timestamp>825.714088</timestamp>
			</report>
			<report>
				<misses>3758001</misses>
				<total>44</total>
				<timestamp>825.933943</timestamp>
			</report>
			<report>
				<misses>3759001</misses>
				<total>45</total>
				<timestamp>826.153761</timestamp>
			</report>
			<report>
				<misses>3760001</misses>
				<total>45</total>
				<timestamp>826.373458</timestamp>
			</report>
			<report>
				<misses>3761001</misses>
				<total>45</total>
				<timestamp>826.593229</timestamp>
			</report>
			<report>
				<misses>3762001</misses>
				<total>44</total>
				<timestamp>826.813107</timestamp>
			</report>
			<report>
				<misses>3763001</misses>
				<total>45</total>
				<timestamp>827.032788</timestamp>
			</report>
			<report>
				<misses>3764001</misses>
				<total>45</total>
				<timestamp>827.252575</timestamp>
			</report>
			<report>
				<misses>3765001</misses>
				<total>45</total>
				<timestamp>827.472367</timestamp>
			</report>
			<report>
				<misses>3766001</misses>
				<total>44</total>
				<timestamp>827.692231</timestamp>
			</report>
			<report>
				<misses>3767001</misses>
				<total>45</total>
				<timestamp>827.911952</timestamp>
			</report>
			<report>
				<misses>3768001</misses>
				<total>45</total>
				<timestamp>828.131737</timestamp>
			</report>
			<report>
				<misses>3769001</misses>
				<total>45</total>
				<timestamp>828.351443</timestamp>
			</report>
			<report>
				<misses>3770001</misses>
				<total>45</total>
				<timestamp>828.571250</timestamp>
			</report>
			<report>
				<misses>3771001</misses>
				<total>45</total>
				<timestamp>828.791030</timestamp>
			</report>
			<report>
				<misses>3772001</misses>
				<total>45</total>
				<timestamp>829.010908</timestamp>
			</report>
			<report>
				<misses>3773001</misses>
				<total>44</total>
				<timestamp>829.230691</timestamp>
			</report>
			<report>
				<misses>3774001</misses>
				<total>45</total>
				<timestamp>829.450388</timestamp>
			</report>
			<report>
				<misses>3775001</misses>
				<total>45</total>
				<timestamp>829.670150</timestamp>
			</report>
			<report>
				<misses>3776001</misses>
				<total>45</total>
				<timestamp>829.890031</timestamp>
			</report>
			<report>
				<misses>3777001</misses>
				<total>45</total>
				<timestamp>830.109711</timestamp>
			</report>
			<report>
				<misses>3778001</misses>
				<total>45</total>
				<timestamp>830.329466</timestamp>
			</report>
			<report>
				<misses>3779001</misses>
				<total>45</total>
				<timestamp>830.549365</timestamp>
			</report>
			<report>
				<misses>3780001</misses>
				<total>45</total>
				<timestamp>830.769022</timestamp>
			</report>
			<report>
				<misses>3781001</misses>
				<total>44</total>
				<timestamp>830.988925</timestamp>
			</report>
			<report>
				<misses>3782001</misses>
				<total>45</total>
				<timestamp>831.208704</timestamp>
			</report>
			<report>
				<misses>3783001</misses>
				<total>45</total>
				<timestamp>831.428495</timestamp>
			</report>
			<report>
				<misses>3784001</misses>
				<total>44</total>
				<timestamp>831.648234</timestamp>
			</report>
			<report>
				<misses>3785001</misses>
				<total>45</total>
				<timestamp>831.868055</timestamp>
			</report>
			<report>
				<misses>3786001</misses>
				<total>45</total>
				<timestamp>832.087745</timestamp>
			</report>
			<report>
				<misses>3787001</misses>
				<total>45</total>
				<timestamp>832.307606</timestamp>
			</report>
			<report>
				<misses>3788001</misses>
				<total>45</total>
				<timestamp>832.527289</timestamp>
			</report>
			<report>
				<misses>3789001</misses>
				<total>45</total>
				<timestamp>832.747068</timestamp>
			</report>
			<report>
				<misses>3790001</misses>
				<total>45</total>
				<timestamp>832.966952</timestamp>
			</report>
			<report>
				<misses>3791001</misses>
				<total>45</total>
				<timestamp>833.186607</timestamp>
			</report>
			<report>
				<misses>3792001</misses>
				<total>45</total>
				<timestamp>833.406515</timestamp>
			</report>
			<report>
				<misses>3793001</misses>
				<total>45</total>
				<timestamp>833.626168</timestamp>
			</report>
			<report>
				<misses>3794001</misses>
				<total>44</total>
				<timestamp>833.846063</timestamp>
			</report>
			<report>
				<misses>3795001</misses>
				<total>45</total>
				<timestamp>834.065755</timestamp>
			</report>
			<report>
				<misses>3796001</misses>
				<total>45</total>
				<timestamp>834.285527</timestamp>
			</report>
			<report>
				<misses>3797001</misses>
				<total>44</total>
				<timestamp>834.505406</timestamp>
			</report>
			<report>
				<misses>3798001</misses>
				<total>45</total>
				<timestamp>834.725097</timestamp>
			</report>
			<report>
				<misses>3799001</misses>
				<total>45</total>
				<timestamp>834.944879</timestamp>
			</report>
			<report>
				<misses>3800001</misses>
				<total>45</total>
				<timestamp>835.164659</timestamp>
			</report>
			<report>
				<misses>3801001</misses>
				<total>45</total>
				<timestamp>835.384429</timestamp>
			</report>
			<report>
				<misses>3802001</misses>
				<total>44</total>
				<timestamp>835.604329</timestamp>
			</report>
			<report>
				<misses>3803001</misses>
				<total>45</total>
				<timestamp>835.824123</timestamp>
			</report>
			<report>
				<misses>3804001</misses>
				<total>44</total>
				<timestamp>836.043819</timestamp>
			</report>
			<report>
				<misses>3805001</misses>
				<total>45</total>
				<timestamp>836.263644</timestamp>
			</report>
			<report>
				<misses>3806001</misses>
				<total>45</total>
				<timestamp>836.483329</timestamp>
			</report>
			<report>
				<misses>3807001</misses>
				<total>45</total>
				<timestamp>836.703119</timestamp>
			</report>
			<report>
				<misses>3808001</misses>
				<total>45</total>
				<timestamp>836.922893</timestamp>
			</report>
			<report>
				<misses>3809001</misses>
				<total>44</total>
				<timestamp>837.142738</timestamp>
			</report>
			<report>
				<misses>3810001</misses>
				<total>45</total>
				<timestamp>837.362544</timestamp>
			</report>
			<report>
				<misses>3811001</misses>
				<total>44</total>
				<timestamp>837.582324</timestamp>
			</report>
			<report>
				<misses>3812001</misses>
				<total>45</total>
				<timestamp>837.801988</timestamp>
			</report>
			<report>
				<misses>3813001</misses>
				<total>45</total>
				<timestamp>838.021765</timestamp>
			</report>
			<report>
				<misses>3814001</misses>
				<total>45</total>
				<timestamp>838.241668</timestamp>
			</report>
			<report>
				<misses>3815001</misses>
				<total>45</total>
				<timestamp>838.461347</timestamp>
			</report>
			<report>
				<misses>3816001</misses>
				<total>44</total>
				<timestamp>838.681127</timestamp>
			</report>
			<report>
				<misses>3817001</misses>
				<total>45</total>
				<timestamp>838.901007</timestamp>
			</report>
			<report>
				<misses>3818001</misses>
				<total>45</total>
				<timestamp>839.120696</timestamp>
			</report>
			<report>
				<misses>3819001</misses>
				<total>46</total>
				<timestamp>839.340470</timestamp>
			</report>
			<report>
				<misses>3820001</misses>
				<total>46</total>
				<timestamp>839.560363</timestamp>
			</report>
			<report>
				<misses>3821001</misses>
				<total>46</total>
				<timestamp>839.779998</timestamp>
			</report>
			<report>
				<misses>3822001</misses>
				<total>45</total>
				<timestamp>839.999830</timestamp>
			</report>
			<report>
				<misses>3823001</misses>
				<total>46</total>
				<timestamp>840.219599</timestamp>
			</report>
			<report>
				<misses>3824001</misses>
				<total>46</total>
				<timestamp>840.439468</timestamp>
			</report>
			<report>
				<misses>3825001</misses>
				<total>46</total>
				<timestamp>840.659166</timestamp>
			</report>
			<report>
				<misses>3826001</misses>
				<total>46</total>
				<timestamp>840.878943</timestamp>
			</report>
			<report>
				<misses>3827001</misses>
				<total>46</total>
				<timestamp>841.098683</timestamp>
			</report>
			<report>
				<misses>3828001</misses>
				<total>46</total>
				<timestamp>841.318586</timestamp>
			</report>
			<report>
				<misses>3829001</misses>
				<total>46</total>
				<timestamp>841.538244</timestamp>
			</report>
			<report>
				<misses>3830001</misses>
				<total>46</total>
				<timestamp>841.758061</timestamp>
			</report>
			<report>
				<misses>3831001</misses>
				<total>46</total>
				<timestamp>841.977810</timestamp>
			</report>
			<report>
				<misses>3832001</misses>
				<total>45</total>
				<timestamp>842.197712</timestamp>
			</report>
			<report>
				<misses>3833001</misses>
				<total>46</total>
				<timestamp>842.417489</timestamp>
			</report>
			<report>
				<misses>3834001</misses>
				<total>46</total>
				<timestamp>842.637171</timestamp>
			</report>
			<report>
				<misses>3835001</misses>
				<total>45</total>
				<timestamp>842.856949</timestamp>
			</report>
			<report>
				<misses>3836001</misses>
				<total>46</total>
				<timestamp>843.076732</timestamp>
			</report>
			<report>
				<misses>3837001</misses>
				<total>46</total>
				<timestamp>843.296523</timestamp>
			</report>
			<report>
				<misses>3838001</misses>
				<total>45</total>
				<timestamp>843.516326</timestamp>
			</report>
			<report>
				<misses>3839001</misses>
				<total>46</total>
				<timestamp>843.736193</timestamp>
			</report>
			<report>
				<misses>3840001</misses>
				<total>46</total>
				<timestamp>843.955941</timestamp>
			</report>
			<report>
				<misses>3841001</misses>
				<total>46</total>
				<timestamp>844.175637</timestamp>
			</report>
			<report>
				<misses>3842001</misses>
				<total>46</total>
				<timestamp>844.395412</timestamp>
			</report>
			<report>
				<misses>3843001</misses>
				<total>46</total>
				<timestamp>844.615313</timestamp>
			</report>
			<report>
				<misses>3844001</misses>
				<total>46</total>
				<timestamp>844.834943</timestamp>
			</report>
			<report>
				<misses>3845001</misses>
				<total>46</total>
				<timestamp>845.054749</timestamp>
			</report>
			<report>
				<misses>3846001</misses>
				<total>45</total>
				<timestamp>845.274620</timestamp>
			</report>
			<report>
				<misses>3847001</misses>
				<total>46</total>
				<timestamp>845.494328</timestamp>
			</report>
			<report>
				<misses>3848001</misses>
				<total>45</total>
				<timestamp>845.714188</timestamp>
			</report>
			<report>
				<misses>3849001</misses>
				<total>46</total>
				<timestamp>845.933879</timestamp>
			</report>
			<report>
				<misses>3850001</misses>
				<total>46</total>
				<timestamp>846.153744</timestamp>
			</report>
			<report>
				<misses>3851001</misses>
				<total>45</total>
				<timestamp>846.373439</timestamp>
			</report>
			<report>
				<misses>3852001</misses>
				<total>46</total>
				<timestamp>846.593303</timestamp>
			</report>
			<report>
				<misses>3853001</misses>
				<total>46</total>
				<timestamp>846.812960</timestamp>
			</report>
			<report>
				<misses>3854001</misses>
				<total>46</total>
				<timestamp>847.032774</timestamp>
			</report>
			<report>
				<misses>3855001</misses>
				<total>46</total>
				<timestamp>847.252554</timestamp>
			</report>
			<report>
				<misses>3856001</misses>
				<total>46</total>
				<timestamp>847.472314</timestamp>
			</report>
			<report>
				<misses>3857001</misses>
				<total>46</total>
				<timestamp>847.692110</timestamp>
			</report>
			<report>
				<misses>3858001</misses>
				<total>46</total>
				<timestamp>847.911986</timestamp>
			</report>
			<report>
				<misses>3859001</misses>
				<total>46</total>
				<timestamp>848.131761</timestamp>
			</report>
			<report>
				<misses>3860001</misses>
				<total>46</total>
				<timestamp>848.351461</timestamp>
			</report>
			<report>
				<misses>3861001</misses>
				<total>46</total>
				<timestamp>848.571191</timestamp>
			</report>
			<report>
				<misses>3862001</misses>
				<total>46</total>
				<timestamp>848.791016</timestamp>
			</report>
			<report>
				<misses>3863001</misses>
				<total>46</total>
				<timestamp>849.010891</timestamp>
			</report>
			<report>
				<misses>3864001</misses>
				<total>46</total>
				<timestamp>849.230670</timestamp>
			</report>
			<report>
				<misses>3865001</misses>
				<total>46</total>
				<timestamp>849.450451</timestamp>
			</report>
			<report>
				<misses>3866001</misses>
				<total>46</total>
				<timestamp>849.670230</timestamp>
			</report>
			<report>
				<misses>3867001</misses>
				<total>46</total>
				<timestamp>849.890006</timestamp>
			</report>
			<report>
				<misses>3868001</misses>
				<total>45</total>
				<timestamp>850.109795</timestamp>
			</report>
			<report>
				<misses>3869001</misses>
				<total>46</total>
				<timestamp>850.329469</timestamp>
			</report>
			<report>
				<misses>3870001</misses>
				<total>46</total>
				<timestamp>850.549346</timestamp>
			</report>
			<report>
				<misses>3871001</misses>
				<total>46</total>
				<timestamp>850.769127</timestamp>
			</report>
			<report>
				<misses>3872001</misses>
				<total>46</total>
				<timestamp>850.988914</timestamp>
			</report>
			<report>
				<misses>3873001</misses>
				<total>47</total>
				<timestamp>851.208634</timestamp>
			</report>
			<report>
				<misses>3874001</misses>
				<total>47</total>
				<timestamp>851.428378</timestamp>
			</report>
			<report>
				<misses>3875001</misses>
				<total>47</total>
				<timestamp>851.648152</timestamp>
			</report>
			<report>
				<misses>3876001</misses>
				<total>46</total>
				<timestamp>851.868025</timestamp>
			</report>
			<report>
				<misses>3877001</misses>
				<total>47</total>
				<timestamp>852.087804</timestamp>
			</report>
			<report>
				<misses>3878001</misses>
				<total>47</total>
				<timestamp>852.307593</timestamp>
			</report>
			<report>
				<misses>3879001</misses>
				<total>47</total>
				<timestamp>852.527380</timestamp>
			</report>
			<report>
				<misses>3880001</misses>
				<total>46</total>
				<timestamp>852.747148</timestamp>
			</report>
			<report>
				<misses>3881001</misses>
				<total>46</total>
				<timestamp>852.966925</timestamp>
			</report>
			<report>
				<misses>3882001</misses>
				<total>47</total>
				<timestamp>853.186704</timestamp>
			</report>
			<report>
				<misses>3883001</misses>
				<total>46</total>
				<timestamp>853.406443</timestamp>
			</report>
			<report>
				<misses>3884001</misses>
				<total>46</total>
				<timestamp>853.626177</timestamp>
			</report>
			<report>
				<misses>3885001</misses>
				<total>47</total>
				<timestamp>853.845962</timestamp>
			</report>
			<report>
				<misses>3886001</misses>
				<total>47</total>
				<timestamp>854.065738</timestamp>
			</report>
			<report>
				<misses>3887001</misses>
				<total>47</total>
				<timestamp>854.285513</timestamp>
			</report>
			<report>
				<misses>3888001</misses>
				<total>47</total>
				<timestamp>854.505383</timestamp>
			</report>
			<report>
				<misses>3889001</misses>
				<total>47</total>
				<timestamp>854.725166</timestamp>
			</report>
			<report>
				<misses>3890001</misses>
				<total>46</total>
				<timestamp>854.944918</timestamp>
			</report>
			<report>
				<misses>3891001</misses>
				<total>47</total>
				<timestamp>855.164636</timestamp>
			</report>
			<report>
				<misses>3892001</misses>
				<total>46</total>
				<timestamp>855.384513</timestamp>
			</report>
			<report>
				<misses>3893001</misses>
				<total>47</total>
				<timestamp>855.604191</timestamp>
			</report>
			<report>
				<misses>3894001</misses>
				<total>47</total>
				<timestamp>855.823984</timestamp>
			</report>
			<report>
				<misses>3895001</misses>
				<total>46</total>
				<timestamp>856.043811</timestamp>
			</report>
			<report>
				<misses>3896001</misses>
				<total>47</total>
				<timestamp>856.263503</timestamp>
			</report>
			<report>
				<misses>3897001</misses>
				<total>47</total>
				<timestamp>856.483409</timestamp>
			</report>
			<report>
				<misses>3898001</misses>
				<total>46</total>
				<timestamp>856.703192</timestamp>
			</report>
			<report>
				<misses>3899001</misses>
				<total>47</total>
				<timestamp>856.922850</timestamp>
			</report>
			<report>
				<misses>3900001</misses>
				<total>47</total>
				<timestamp>857.142759</timestamp>
			</report>
			<report>
				<misses>3901001</misses>
				<total>47</total>
				<timestamp>857.362526</timestamp>
			</report>
			<report>
				<misses>3902001</misses>
				<total>47</total>
				<timestamp>857.582222</timestamp>
			</report>
			<report>
				<misses>3903001</misses>
				<total>47</total>
				<timestamp>857.801969</timestamp>
			</report>
			<report>
				<misses>3904001</misses>
				<total>47</total>
				<timestamp>858.021743</timestamp>
			</report>
			<report>
				<misses>3905001</misses>
				<total>46</total>
				<timestamp>858.241595</timestamp>
			</report>
			<report>
				<misses>3906001</misses>
				<total>46</total>
				<timestamp>858.461334</timestamp>
			</report>
			<report>
				<misses>3907001</misses>
				<total>47</total>
				<timestamp>858.681113</timestamp>
			</report>
			<report>
				<misses>3908001</misses>
				<total>47</total>
				<timestamp>858.900873</timestamp>
			</report>
			<report>
				<misses>3909001</misses>
				<total>47</total>
				<timestamp>859.120648</timestamp>
			</report>
			<report>
				<misses>3910001</misses>
				<total>47</total>
				<timestamp>859.340421</timestamp>
			</report>
			<report>
				<misses>3911001</misses>
				<total>47</total>
				<timestamp>859.560251</timestamp>
			</report>
			<report>
				<misses>3912001</misses>
				<total>47</total>
				<timestamp>859.779987</timestamp>
			</report>
			<report>
				<misses>3913001</misses>
				<total>47</total>
				<timestamp>859.999889</timestamp>
			</report>
			<report>
				<misses>3914001</misses>
				<total>47</total>
				<timestamp>860.219554</timestamp>
			</report>
			<report>
				<misses>3915001</misses>
				<total>47</total>
				<timestamp>860.439352</timestamp>
			</report>
			<report>
				<misses>3916001</misses>
				<total>47</total>
				<timestamp>860.659221</timestamp>
			</report>
			<report>
				<misses>3917001</misses>
				<total>46</total>
				<timestamp>860.879003</timestamp>
			</report>
			<report>
				<misses>3918001</misses>
				<total>47</total>
				<timestamp>861.098683</timestamp>
			</report>
			<report>
				<misses>3919001</misses>
				<total>47</total>
				<timestamp>861.318563</timestamp>
			</report>
			<report>
				<misses>3920001</misses>
				<total>47</total>
				<timestamp>861.538265</timestamp>
			</report>
			<report>
				<misses>3921001</misses>
				<total>47</total>
				<timestamp>861.758035</timestamp>
			</report>
			<report>
				<misses>3922001</misses>
				<total>47</total>
				<timestamp>861.977910</timestamp>
			</report>
			<report>
				<misses>3923001</misses>
				<total>47</total>
				<timestamp>862.197593</timestamp>
			</report>
			<report>
				<misses>3924001</misses>
				<total>47</total>
				<timestamp>862.417403</timestamp>
			</report>
			<report>
				<misses>3925001</misses>
				<total>47</total>
				<timestamp>862.637133</timestamp>
			</report>
			<report>
				<misses>3926001</misses>
				<total>47</total>
				<timestamp>862.857024</timestamp>
			</report>
			<report>
				<misses>3927001</misses>
				<total>47</total>
				<timestamp>863.076711</timestamp>
			</report>
			<report>
				<misses>3928001</misses>
				<total>47</total>
				<timestamp>863.296468</timestamp>
			</report>
			<report>
				<misses>3929001</misses>
				<total>47</total>
				<timestamp>863.516364</timestamp>
			</report>
			<report>
				<misses>3930001</misses>
				<total>47</total>
				<timestamp>863.736139</timestamp>
			</report>
			<report>
				<misses>3931001</misses>
				<total>47</total>
				<timestamp>863.955799</timestamp>
			</report>
			<report>
				<misses>3932001</misses>
				<total>47</total>
				<timestamp>864.175718</timestamp>
			</report>
			<report>
				<misses>3933001</misses>
				<total>47</total>
				<timestamp>864.395503</timestamp>
			</report>
			<report>
				<misses>3934001</misses>
				<total>47</total>
				<timestamp>864.615261</timestamp>
			</report>
			<report>
				<misses>3935001</misses>
				<total>47</total>
				<timestamp>864.834953</timestamp>
			</report>
			<report>
				<misses>3936001</misses>
				<total>47</total>
				<timestamp>865.054731</timestamp>
			</report>
			<report>
				<misses>3937001</misses>
				<total>47</total>
				<timestamp>865.274605</timestamp>
			</report>
			<report>
				<misses>3938001</misses>
				<total>47</total>
				<timestamp>865.494385</timestamp>
			</report>
			<report>
				<misses>3939001</misses>
				<total>47</total>
				<timestamp>865.714111</timestamp>
			</report>
			<report>
				<misses>3940001</misses>
				<total>47</total>
				<timestamp>865.933851</timestamp>
			</report>
			<report>
				<misses>3941001</misses>
				<total>47</total>
				<timestamp>866.153735</timestamp>
			</report>
			<report>
				<misses>3942001</misses>
				<total>47</total>
				<timestamp>866.373505</timestamp>
			</report>
			<report>
				<misses>3943001</misses>
				<total>47</total>
				<timestamp>866.593161</timestamp>
			</report>
			<report>
				<misses>3944001</misses>
				<total>47</total>
				<timestamp>866.812967</timestamp>
			</report>
			<report>
				<misses>3945001</misses>
				<total>47</total>
				<timestamp>867.032755</timestamp>
			</report>
			<report>
				<misses>3946001</misses>
				<total>47</total>
				<timestamp>867.252499</timestamp>
			</report>
			<report>
				<misses>3947001</misses>
				<total>47</total>
				<timestamp>867.472404</timestamp>
			</report>
			<report>
				<misses>3948001</misses>
				<total>46</total>
				<timestamp>867.692227</timestamp>
			</report>
			<report>
				<misses>3949001</misses>
				<total>47</total>
				<timestamp>867.911868</timestamp>
			</report>
			<report>
				<misses>3950001</misses>
				<total>47</total>
				<timestamp>868.131651</timestamp>
			</report>
			<report>
				<misses>3951001</misses>
				<total>47</total>
				<timestamp>868.351474</timestamp>
			</report>
			<report>
				<misses>3952001</misses>
				<total>47</total>
				<timestamp>868.571314</timestamp>
			</report>
			<report>
				<misses>3953001</misses>
				<total>47</total>
				<timestamp>868.790994</timestamp>
			</report>
			<report>
				<misses>3954001</misses>
				<total>47</total>
				<timestamp>869.010871</timestamp>
			</report>
			<report>
				<misses>3955001</misses>
				<total>47</total>
				<timestamp>869.230549</timestamp>
			</report>
			<report>
				<misses>3956001</misses>
				<total>47</total>
				<timestamp>869.450337</timestamp>
			</report>
			<report>
				<misses>3957001</misses>
				<total>47</total>
				<timestamp>869.670108</timestamp>
			</report>
			<report>
				<misses>3958001</misses>
				<total>47</total>
				<timestamp>869.889870</timestamp>
			</report>
			<report>
				<misses>3959001</misses>
				<total>47</total>
				<timestamp>870.109706</timestamp>
			</report>
			<report>
				<misses>3960001</misses>
				<total>46</total>
				<timestamp>870.329598</timestamp>
			</report>
			<report>
				<misses>3961001</misses>
				<total>46</total>
				<timestamp>870.549322</timestamp>
			</report>
			<report>
				<misses>3962001</misses>
				<total>47</total>
				<timestamp>870.768992</timestamp>
			</report>
			<report>
				<misses>3963001</misses>
				<total>47</total>
				<timestamp>870.988795</timestamp>
			</report>
			<report>
				<misses>3964001</misses>
				<total>47</total>
				<timestamp>871.208663</timestamp>
			</report>
			<report>
				<misses>3965001</misses>
				<total>47</total>
				<timestamp>871.428356</timestamp>
			</report>
			<report>
				<misses>3966001</misses>
				<total>47</total>
				<timestamp>871.648131</timestamp>
			</report>
			<report>
				<misses>3967001</misses>
				<total>47</total>
				<timestamp>871.867936</timestamp>
			</report>
			<report>
				<misses>3968001</misses>
				<total>47</total>
				<timestamp>872.087686</timestamp>
			</report>
			<report>
				<misses>3969001</misses>
				<total>47</total>
				<timestamp>872.307472</timestamp>
			</report>
			<report>
				<misses>3970001</misses>
				<total>47</total>
				<timestamp>872.527221</timestamp>
			</report>
			<report>
				<misses>3971001</misses>
				<total>47</total>
				<timestamp>872.747126</timestamp>
			</report>
			<report>
				<misses>3972001</misses>
				<total>47</total>
				<timestamp>872.966809</timestamp>
			</report>
			<report>
				<misses>3973001</misses>
				<total>47</total>
				<timestamp>873.186582</timestamp>
			</report>
			<report>
				<misses>3974001</misses>
				<total>47</total>
				<timestamp>873.406474</timestamp>
			</report>
			<report>
				<misses>3975001</misses>
				<total>46</total>
				<timestamp>873.626162</timestamp>
			</report>
			<report>
				<misses>3976001</misses>
				<total>47</total>
				<timestamp>873.845904</timestamp>
			</report>
			<report>
				<misses>3977001</misses>
				<total>47</total>
				<timestamp>874.065710</timestamp>
			</report>
			<report>
				<misses>3978001</misses>
				<total>47</total>
				<timestamp>874.285490</timestamp>
			</report>
			<report>
				<misses>3979001</misses>
				<total>47</total>
				<timestamp>874.505365</timestamp>
			</report>
			<report>
				<misses>3980001</misses>
				<total>47</total>
				<timestamp>874.725145</timestamp>
			</report>
			<report>
				<misses>3981001</misses>
				<total>47</total>
				<timestamp>874.944848</timestamp>
			</report>
			<report>
				<misses>3982001</misses>
				<total>46</total>
				<timestamp>875.164704</timestamp>
			</report>
			<report>
				<misses>3983001</misses>
				<total>47</total>
				<timestamp>875.384422</timestamp>
			</report>
			<report>
				<misses>3984001</misses>
				<total>47</total>
				<timestamp>875.604262</timestamp>
			</report>
			<report>
				<misses>3985001</misses>
				<total>46</total>
				<timestamp>875.824030</timestamp>
			</report>
			<report>
				<misses>3986001</misses>
				<total>47</total>
				<timestamp>876.043735</timestamp>
			</report>
			<report>
				<misses>3987001</misses>
				<total>46</total>
				<timestamp>876.263599</timestamp>
			</report>
			<report>
				<misses>3988001</misses>
				<total>47</total>
				<timestamp>876.483328</timestamp>
			</report>
			<report>
				<misses>3989001</misses>
				<total>46</total>
				<timestamp>876.703152</timestamp>
			</report>
			<report>
				<misses>3990001</misses>
				<total>47</total>
				<timestamp>876.922947</timestamp>
			</report>
			<report>
				<misses>3991001</misses>
				<total>47</total>
				<timestamp>877.142605</timestamp>
			</report>
			<report>
				<misses>3992001</misses>
				<total>47</total>
				<timestamp>877.362504</timestamp>
			</report>
			<report>
				<misses>3993001</misses>
				<total>47</total>
				<timestamp>877.582190</timestamp>
			</report>
			<report>
				<misses>3994001</misses>
				<total>47</total>
				<timestamp>877.801969</timestamp>
			</report>
			<report>
				<misses>3995001</misses>
				<total>47</total>
				<timestamp>878.021724</timestamp>
			</report>
			<report>
				<misses>3996001</misses>
				<total>47</total>
				<timestamp>878.241500</timestamp>
			</report>
			<report>
				<misses>3997001</misses>
				<total>46</total>
				<timestamp>878.461324</timestamp>
			</report>
			<report>
				<misses>3998001</misses>
				<total>46</total>
				<timestamp>878.681187</timestamp>
			</report>
			<report>
				<misses>3999001</misses>
				<total>47</total>
				<timestamp>878.900879</timestamp>
			</report>
			<report>
				<misses>4000001</misses>
				<total>47</total>
				<timestamp>879.120745</timestamp>
			</report>
			<report>
				<misses>4001001</misses>
				<total>47</total>
				<timestamp>879.340518</timestamp>
			</report>
			<report>
				<misses>4002001</misses>
				<total>47</total>
				<timestamp>879.560233</timestamp>
			</report>
			<report>
				<misses>4003001</misses>
				<total>47</total>
				<timestamp>879.779982</timestamp>
			</report>
			<report>
				<misses>4004001</misses>
				<total>47</total>
				<timestamp>879.999776</timestamp>
			</report>
			<report>
				<misses>4005001</misses>
				<total>46</total>
				<timestamp>880.219628</timestamp>
			</report>
			<report>
				<misses>4006001</misses>
				<total>46</total>
				<timestamp>880.439422</timestamp>
			</report>
			<report>
				<misses>4007001</misses>
				<total>47</total>
				<timestamp>880.659122</timestamp>
			</report>
			<report>
				<misses>4008001</misses>
				<total>47</total>
				<timestamp>880.878867</timestamp>
			</report>
			<report>
				<misses>4009001</misses>
				<total>47</total>
				<timestamp>881.098646</timestamp>
			</report>
			<report>
				<misses>4010001</misses>
				<total>47</total>
				<timestamp>881.318420</timestamp>
			</report>
			<report>
				<misses>4011001</misses>
				<total>47</total>
				<timestamp>881.538245</timestamp>
			</report>
			<report>
				<misses>4012001</misses>
				<total>46</total>
				<timestamp>881.758105</timestamp>
			</report>
			<report>
				<misses>4013001</misses>
				<total>47</total>
				<timestamp>881.977806</timestamp>
			</report>
			<report>
				<misses>4014001</misses>
				<total>47</total>
				<timestamp>882.197573</timestamp>
			</report>
			<report>
				<misses>4015001</misses>
				<total>47</total>
				<timestamp>882.417329</timestamp>
			</report>
			<report>
				<misses>4016001</misses>
				<total>47</total>
				<timestamp>882.637110</timestamp>
			</report>
			<report>
				<misses>4017001</misses>
				<total>47</total>
				<timestamp>882.856907</timestamp>
			</report>
			<report>
				<misses>4018001</misses>
				<total>47</total>
				<timestamp>883.076698</timestamp>
			</report>
			<report>
				<misses>4019001</misses>
				<total>47</total>
				<timestamp>883.296473</timestamp>
			</report>
			<report>
				<misses>4020001</misses>
				<total>47</total>
				<timestamp>883.516339</timestamp>
			</report>
			<report>
				<misses>4021001</misses>
				<total>47</total>
				<timestamp>883.736033</timestamp>
			</report>
			<report>
				<misses>4022001</misses>
				<total>47</total>
				<timestamp>883.955807</timestamp>
			</report>
			<report>
				<misses>4023001</misses>
				<total>47</total>
				<timestamp>884.175564</timestamp>
			</report>
			<report>
				<misses>4024001</misses>
				<total>47</total>
				<timestamp>884.395373</timestamp>
			</report>
			<report>
				<misses>4025001</misses>
				<total>47</total>
				<timestamp>884.615150</timestamp>
			</report>
			<report>
				<misses>4026001</misses>
				<total>47</total>
				<timestamp>884.834907</timestamp>
			</report>
			<report>
				<misses>4027001</misses>
				<total>47</total>
				<timestamp>885.054683</timestamp>
			</report>
			<report>
				<misses>4028001</misses>
				<total>47</total>
				<timestamp>885.274492</timestamp>
			</report>
			<report>
				<misses>4029001</misses>
				<total>47</total>
				<timestamp>885.494360</timestamp>
			</report>
			<report>
				<misses>4030001</misses>
				<total>46</total>
				<timestamp>885.714127</timestamp>
			</report>
			<report>
				<misses>4031001</misses>
				<total>46</total>
				<timestamp>885.933923</timestamp>
			</report>
			<report>
				<misses>4032001</misses>
				<total>47</total>
				<timestamp>886.153629</timestamp>
			</report>
			<report>
				<misses>4033001</misses>
				<total>47</total>
				<timestamp>886.373386</timestamp>
			</report>
			<report>
				<misses>4034001</misses>
				<total>47</total>
				<timestamp>886.593190</timestamp>
			</report>
			<report>
				<misses>4035001</misses>
				<total>47</total>
				<timestamp>886.812919</timestamp>
			</report>
			<report>
				<misses>4036001</misses>
				<total>47</total>
				<timestamp>887.032726</timestamp>
			</report>
			<report>
				<misses>4037001</misses>
				<total>47</total>
				<timestamp>887.252478</timestamp>
			</report>
			<report>
				<misses>4038001</misses>
				<total>46</total>
				<timestamp>887.472385</timestamp>
			</report>
			<report>
				<misses>4039001</misses>
				<total>47</total>
				<timestamp>887.692065</timestamp>
			</report>
			<report>
				<misses>4040001</misses>
				<total>47</total>
				<timestamp>887.911857</timestamp>
			</report>
			<report>
				<misses>4041001</misses>
				<total>47</total>
				<timestamp>888.131724</timestamp>
			</report>
			<report>
				<misses>4042001</misses>
				<total>47</total>
				<timestamp>888.351512</timestamp>
			</report>
			<report>
				<misses>4043001</misses>
				<total>47</total>
				<timestamp>888.571168</timestamp>
			</report>
			<report>
				<misses>4044001</misses>
				<total>47</total>
				<timestamp>888.790965</timestamp>
			</report>
			<report>
				<misses>4045001</misses>
				<total>47</total>
				<timestamp>889.010750</timestamp>
			</report>
			<report>
				<misses>4046001</misses>
				<total>47</total>
				<timestamp>889.230499</timestamp>
			</report>
			<report>
				<misses>4047001</misses>
				<total>47</total>
				<timestamp>889.450283</timestamp>
			</report>
			<report>
				<misses>4048001</misses>
				<total>47</total>
				<timestamp>889.670187</timestamp>
			</report>
			<report>
				<misses>4049001</misses>
				<total>47</total>
				<timestamp>889.889916</timestamp>
			</report>
			<report>
				<misses>4050001</misses>
				<total>47</total>
				<timestamp>890.109656</timestamp>
			</report>
			<report>
				<misses>4051001</misses>
				<total>47</total>
				<timestamp>890.329437</timestamp>
			</report>
			<report>
				<misses>4052001</misses>
				<total>46</total>
				<timestamp>890.549214</timestamp>
			</report>
			<report>
				<misses>4053001</misses>
				<total>47</total>
				<timestamp>890.769089</timestamp>
			</report>
			<report>
				<misses>4054001</misses>
				<total>47</total>
				<timestamp>890.988748</timestamp>
			</report>
			<report>
				<misses>4055001</misses>
				<total>46</total>
				<timestamp>891.208554</timestamp>
			</report>
			<report>
				<misses>4056001</misses>
				<total>47</total>
				<timestamp>891.428369</timestamp>
			</report>
			<report>
				<misses>4057001</misses>
				<total>47</total>
				<timestamp>891.648084</timestamp>
			</report>
			<report>
				<misses>4058001</misses>
				<total>47</total>
				<timestamp>891.867895</timestamp>
			</report>
			<report>
				<misses>4059001</misses>
				<total>47</total>
				<timestamp>892.087669</timestamp>
			</report>
			<report>
				<misses>4060001</misses>
				<total>47</total>
				<timestamp>892.307428</timestamp>
			</report>
			<report>
				<misses>4061001</misses>
				<total>47</total>
				<timestamp>892.527294</timestamp>
			</report>
			<report>
				<misses>4062001</misses>
				<total>47</total>
				<timestamp>892.747113</timestamp>
			</report>
			<report>
				<misses>4063001</misses>
				<total>47</total>
				<timestamp>892.966762</timestamp>
			</report>
			<report>
				<misses>4064001</misses>
				<total>47</total>
				<timestamp>893.186573</timestamp>
			</report>
			<report>
				<misses>4065001</misses>
				<total>47</total>
				<timestamp>893.406444</timestamp>
			</report>
			<report>
				<misses>4066001</misses>
				<total>46</total>
				<timestamp>893.626240</timestamp>
			</report>
			<report>
				<misses>4067001</misses>
				<total>47</total>
				<timestamp>893.845911</timestamp>
			</report>
			<report>
				<misses>4068001</misses>
				<total>47</total>
				<timestamp>894.065703</timestamp>
			</report>
			<report>
				<misses>4069001</misses>
				<total>46</total>
				<timestamp>894.285576</timestamp>
			</report>
			<report>
				<misses>4070001</misses>
				<total>47</total>
				<timestamp>894.505340</timestamp>
			</report>
			<report>
				<misses>4071001</misses>
				<total>47</total>
				<timestamp>894.725057</timestamp>
			</report>
			<report>
				<misses>4072001</misses>
				<total>47</total>
				<timestamp>894.944819</timestamp>
			</report>
			<report>
				<misses>4073001</misses>
				<total>47</total>
				<timestamp>895.164600</timestamp>
			</report>
			<report>
				<misses>4074001</misses>
				<total>47</total>
				<timestamp>895.384368</timestamp>
			</report>
			<report>
				<misses>4075001</misses>
				<total>47</total>
				<timestamp>895.604249</timestamp>
			</report>
			<report>
				<misses>4076001</misses>
				<total>47</total>
				<timestamp>895.823977</timestamp>
			</report>
			<report>
				<misses>4077001</misses>
				<total>46</total>
				<timestamp>896.043819</timestamp>
			</report>
			<report>
				<misses>4078001</misses>
				<total>47</total>
				<timestamp>896.263461</timestamp>
			</report>
			<report>
				<misses>4079001</misses>
				<total>47</total>
				<timestamp>896.483249</timestamp>
			</report>
			<report>
				<misses>4080001</misses>
				<total>47</total>
				<timestamp>896.703082</timestamp>
			</report>
			<report>
				<misses>4081001</misses>
				<total>47</total>
				<timestamp>896.922846</timestamp>
			</report>
			<report>
				<misses>4082001</misses>
				<total>47</total>
				<timestamp>897.142617</timestamp>
			</report>
			<report>
				<misses>4083001</misses>
				<total>46</total>
				<timestamp>897.362447</timestamp>
			</report>
			<report>
				<misses>4084001</misses>
				<total>46</total>
				<timestamp>897.582281</timestamp>
			</report>
			<report>
				<misses>4085001</misses>
				<total>47</total>
				<timestamp>897.801956</timestamp>
			</report>
			<report>
				<misses>4086001</misses>
				<total>46</total>
				<timestamp>898.021757</timestamp>
			</report>
			<report>
				<misses>4087001</misses>
				<total>47</total>
				<timestamp>898.241515</timestamp>
			</report>
			<report>
				<misses>4088001</misses>
				<total>47</total>
				<timestamp>898.461386</timestamp>
			</report>
			<report>
				<misses>4089001</misses>
				<total>47</total>
				<timestamp>898.681169</timestamp>
			</report>
			<report>
				<misses>4090001</misses>
				<total>47</total>
				<timestamp>898.900950</timestamp>
			</report>
			<report>
				<misses>4091001</misses>
				<total>47</total>
				<timestamp>899.120628</timestamp>
			</report>
			<report>
				<misses>4092001</misses>
				<total>47</total>
				<timestamp>899.340507</timestamp>
			</report>
			<report>
				<misses>4093001</misses>
				<total>46</total>
				<timestamp>899.560292</timestamp>
			</report>
			<report>
				<misses>4094001</misses>
				<total>47</total>
				<timestamp>899.779974</timestamp>
			</report>
			<report>
				<misses>4095001</misses>
				<total>47</total>
				<timestamp>899.999752</timestamp>
			</report>
			<report>
				<misses>4096001</misses>
				<total>47</total>
				<timestamp>900.219537</timestamp>
			</report>
			<report>
				<misses>4097001</misses>
				<total>46</total>
				<timestamp>900.439331</timestamp>
			</report>
			<report>
				<misses>4098001</misses>
				<total>46</total>
				<timestamp>900.659190</timestamp>
			</report>
			<report>
				<misses>4099001</misses>
				<total>47</total>
				<timestamp>900.878871</timestamp>
			</report>
			<report>
				<misses>4100001</misses>
				<total>47</total>
				<timestamp>901.098660</timestamp>
			</report>
			<report>
				<misses>4101001</misses>
				<total>47</total>
				<timestamp>901.318460</timestamp>
			</report>
			<report>
				<misses>4102001</misses>
				<total>47</total>
				<timestamp>901.538212</timestamp>
			</report>
			<report>
				<misses>4103001</misses>
				<total>47</total>
				<timestamp>901.757992</timestamp>
			</report>
			<report>
				<misses>4104001</misses>
				<total>47</total>
				<timestamp>901.977759</timestamp>
			</report>
			<report>
				<misses>4105001</misses>
				<total>46</total>
				<timestamp>902.197643</timestamp>
			</report>
			<report>
				<misses>4106001</misses>
				<total>47</total>
				<timestamp>902.417332</timestamp>
			</report>
			<report>
				<misses>4107001</misses>
				<total>49</total>
				<timestamp>902.637210</timestamp>
			</report>
			<report>
				<misses>4108001</misses>
				<total>49</total>
				<timestamp>902.856896</timestamp>
			</report>
			<report>
				<misses>4109001</misses>
				<total>49</total>
				<timestamp>903.076676</timestamp>
			</report>
			<report>
				<misses>4110001</misses>
				<total>49</total>
				<timestamp>903.296421</timestamp>
			</report>
			<report>
				<misses>4111001</misses>
				<total>49</total>
				<timestamp>903.516236</timestamp>
			</report>
			<report>
				<misses>4112001</misses>
				<total>49</total>
				<timestamp>903.736108</timestamp>
			</report>
			<report>
				<misses>4113001</misses>
				<total>49</total>
				<timestamp>903.955797</timestamp>
			</report>
			<report>
				<misses>4114001</misses>
				<total>49</total>
				<timestamp>904.175576</timestamp>
			</report>
			<report>
				<misses>4115001</misses>
				<total>49</total>
				<timestamp>904.395446</timestamp>
			</report>
			<report>
				<misses>4116001</misses>
				<total>48</total>
				<timestamp>904.615142</timestamp>
			</report>
			<report>
				<misses>4117001</misses>
				<total>49</total>
				<timestamp>904.834887</timestamp>
			</report>
			<report>
				<misses>4118001</misses>
				<total>49</total>
				<timestamp>905.054817</timestamp>
			</report>
			<report>
				<misses>4119001</misses>
				<total>49</total>
				<timestamp>905.274480</timestamp>
			</report>
			<report>
				<misses>4120001</misses>
				<total>48</total>
				<timestamp>905.494284</timestamp>
			</report>
			<report>
				<misses>4121001</misses>
				<total>49</total>
				<timestamp>905.714043</timestamp>
			</report>
			<report>
				<misses>4122001</misses>
				<total>48</total>
				<timestamp>905.933904</timestamp>
			</report>
			<report>
				<misses>4123001</misses>
				<total>49</total>
				<timestamp>906.153617</timestamp>
			</report>
			<report>
				<misses>4124001</misses>
				<total>49</total>
				<timestamp>906.373343</timestamp>
			</report>
			<report>
				<misses>4125001</misses>
				<total>49</total>
				<timestamp>906.593157</timestamp>
			</report>
			<report>
				<misses>4126001</misses>
				<total>49</total>
				<timestamp>906.813022</timestamp>
			</report>
			<report>
				<misses>4127001</misses>
				<total>49</total>
				<timestamp>907.032682</timestamp>
			</report>
			<report>
				<misses>4128001</misses>
				<total>49</total>
				<timestamp>907.252481</timestamp>
			</report>
			<report>
				<misses>4129001</misses>
				<total>49</total>
				<timestamp>907.472270</timestamp>
			</report>
			<report>
				<misses>4130001</misses>
				<total>49</total>
				<timestamp>907.692060</timestamp>
			</report>
			<report>
				<misses>4131001</misses>
				<total>49</total>
				<timestamp>907.911807</timestamp>
			</report>
			<report>
				<misses>4132001</misses>
				<total>49</total>
				<timestamp>908.131608</timestamp>
			</report>
			<report>
				<misses>4133001</misses>
				<total>49</total>
				<timestamp>908.351382</timestamp>
			</report>
			<report>
				<misses>4134001</misses>
				<total>49</total>
				<timestamp>908.571143</timestamp>
			</report>
			<report>
				<misses>4135001</misses>
				<total>49</total>
				<timestamp>908.790954</timestamp>
			</report>
			<report>
				<misses>4136001</misses>
				<total>48</total>
				<timestamp>909.010777</timestamp>
			</report>
			<report>
				<misses>4137001</misses>
				<total>49</total>
				<timestamp>909.230489</timestamp>
			</report>
			<report>
				<misses>4138001</misses>
				<total>49</total>
				<timestamp>909.450302</timestamp>
			</report>
			<report>
				<misses>4139001</misses>
				<total>49</total>
				<timestamp>909.670166</timestamp>
			</report>
			<report>
				<misses>4140001</misses>
				<total>49</total>
				<timestamp>909.889819</timestamp>
			</report>
			<report>
				<misses>4141001</misses>
				<total>48</total>
				<timestamp>910.109723</timestamp>
			</report>
			<report>
				<misses>4142001</misses>
				<total>49</total>
				<timestamp>910.329418</timestamp>
			</report>
			<report>
				<misses>4143001</misses>
				<total>49</total>
				<timestamp>910.549202</timestamp>
			</report>
			<report>
				<misses>4144001</misses>
				<total>49</total>
				<timestamp>910.769040</timestamp>
			</report>
			<report>
				<misses>4145001</misses>
				<total>49</total>
				<timestamp>910.988845</timestamp>
			</report>
			<report>
				<misses>4146001</misses>
				<total>49</total>
				<timestamp>911.208527</timestamp>
			</report>
			<report>
				<misses>4147001</misses>
				<total>49</total>
				<timestamp>911.428305</timestamp>
			</report>
			<report>
				<misses>4148001</misses>
				<total>48</total>
				<timestamp>911.648202</timestamp>
			</report>
			<report>
				<misses>4149001</misses>
				<total>49</total>
				<timestamp>911.867880</timestamp>
			</report>
			<report>
				<misses>4150001</misses>
				<total>49</total>
				<timestamp>912.087616</timestamp>
			</report>
			<report>
				<misses>4151001</misses>
				<total>48</total>
				<timestamp>912.307433</timestamp>
			</report>
			<report>
				<misses>4152001</misses>
				<total>49</total>
				<timestamp>912.527210</timestamp>
			</report>
			<report>
				<misses>4153001</misses>
				<total>49</total>
				<timestamp>912.746966</timestamp>
			</report>
			<report>
				<misses>4154001</misses>
				<total>49</total>
				<timestamp>912.966777</timestamp>
			</report>
			<report>
				<misses>4155001</misses>
				<total>49</total>
				<timestamp>913.186519</timestamp>
			</report>
			<report>
				<misses>4156001</misses>
				<total>49</total>
				<timestamp>913.406338</timestamp>
			</report>
			<report>
				<misses>4157001</misses>
				<total>48</total>
				<timestamp>913.626215</timestamp>
			</report>
			<report>
				<misses>4158001</misses>
				<total>49</total>
				<timestamp>913.845898</timestamp>
			</report>
			<report>
				<misses>4159001</misses>
				<total>49</total>
				<timestamp>914.065637</timestamp>
			</report>
			<report>
				<misses>4160001</misses>
				<total>49</total>
				<timestamp>914.285501</timestamp>
			</report>
			<report>
				<misses>4161001</misses>
				<total>49</total>
				<timestamp>914.505229</timestamp>
			</report>
			<report>
				<misses>4162001</misses>
				<total>49</total>
				<timestamp>914.725017</timestamp>
			</report>
			<report>
				<misses>4163001</misses>
				<total>49</total>
				<timestamp>914.944764</timestamp>
			</report>
			<report>
				<misses>4164001</misses>
				<total>49</total>
				<timestamp>915.164573</timestamp>
			</report>
			<report>
				<misses>4165001</misses>
				<total>49</total>
				<timestamp>915.384457</timestamp>
			</report>
			<report>
				<misses>4166001</misses>
				<total>49</total>
				<timestamp>915.604206</timestamp>
			</report>
			<report>
				<misses>4167001</misses>
				<total>48</total>
				<timestamp>915.824067</timestamp>
			</report>
			<report>
				<misses>4168001</misses>
				<total>49</total>
				<timestamp>916.043689</timestamp>
			</report>
			<report>
				<misses>4169001</misses>
				<total>48</total>
				<timestamp>916.263496</timestamp>
			</report>
			<report>
				<misses>4170001</misses>
				<total>49</total>
				<timestamp>916.483273</timestamp>
			</report>
			<report>
				<misses>4171001</misses>
				<total>49</total>
				<timestamp>916.703062</timestamp>
			</report>
			<report>
				<misses>4172001</misses>
				<total>49</total>
				<timestamp>916.922781</timestamp>
			</report>
			<report>
				<misses>4173001</misses>
				<total>48</total>
				<timestamp>917.142693</timestamp>
			</report>
			<report>
				<misses>4174001</misses>
				<total>49</total>
				<timestamp>917.362347</timestamp>
			</report>
			<report>
				<misses>4175001</misses>
				<total>49</total>
				<timestamp>917.582243</timestamp>
			</report>
			<report>
				<misses>4176001</misses>
				<total>48</total>
				<timestamp>917.801973</timestamp>
			</report>
			<report>
				<misses>4177001</misses>
				<total>49</total>
				<timestamp>918.021722</timestamp>
			</report>
			<report>
				<misses>4178001</misses>
				<total>49</total>
				<timestamp>918.241469</timestamp>
			</report>
			<report>
				<misses>4179001</misses>
				<total>49</total>
				<timestamp>918.461236</timestamp>
			</report>
			<report>
				<misses>4180001</misses>
				<total>49</total>
				<timestamp>918.681144</timestamp>
			</report>
			<report>
				<misses>4181001</misses>
				<total>49</total>
				<timestamp>918.900932</timestamp>
			</report>
			<report>
				<misses>4182001</misses>
				<total>49</total>
				<timestamp>919.120717</timestamp>
			</report>
			<report>
				<misses>4183001</misses>
				<total>49</total>
				<timestamp>919.340372</timestamp>
			</report>
			<report>
				<misses>4184001</misses>
				<total>49</total>
				<timestamp>919.560259</timestamp>
			</report>
			<report>
				<misses>4185001</misses>
				<total>49</total>
				<timestamp>919.780044</timestamp>
			</report>
			<report>
				<misses>4186001</misses>
				<total>49</total>
				<timestamp>919.999736</timestamp>
			</report>
			<report>
				<misses>4187001</misses>
				<total>49</total>
				<timestamp>920.219610</timestamp>
			</report>
			<report>
				<misses>4188001</misses>
				<total>49</total>
				<timestamp>920.439289</timestamp>
			</report>
			<report>
				<misses>4189001</misses>
				<total>49</total>
				<timestamp>920.659078</timestamp>
			</report>
			<report>
				<misses>4190001</misses>
				<total>49</total>
				<timestamp>920.878944</timestamp>
			</report>
			<report>
				<misses>4191001</misses>
				<total>48</total>
				<timestamp>921.098632</timestamp>
			</report>
			<report>
				<misses>4192001</misses>
				<total>49</total>
				<timestamp>921.318412</timestamp>
			</report>
			<report>
				<misses>4193001</misses>
				<total>49</total>
				<timestamp>921.538195</timestamp>
			</report>
			<report>
				<misses>4194001</misses>
				<total>49</total>
				<timestamp>921.758005</timestamp>
			</report>
			<report>
				<misses>4195001</misses>
				<total>49</total>
				<timestamp>921.977721</timestamp>
			</report>
			<report>
				<misses>4196001</misses>
				<total>49</total>
				<timestamp>922.197535</timestamp>
			</report>
			<report>
				<misses>4197001</misses>
				<total>49</total>
				<timestamp>922.417285</timestamp>
			</report>
			<report>
				<misses>4198001</misses>
				<total>49</total>
				<timestamp>922.637211</timestamp>
			</report>
			<report>
				<misses>4199001</misses>
				<total>49</total>
				<timestamp>922.856972</timestamp>
			</report>
			<report>
				<misses>4200001</misses>
				<total>49</total>
				<timestamp>923.076638</timestamp>
			</report>
			<report>
				<misses>4201001</misses>
				<total>49</total>
				<timestamp>923.296493</timestamp>
			</report>
			<report>
				<misses>4202001</misses>
				<total>49</total>
				<timestamp>923.516208</timestamp>
			</report>
			<report>
				<misses>4203001</misses>
				<total>49</total>
				<timestamp>923.735970</timestamp>
			</report>
			<report>
				<misses>4204001</misses>
				<total>48</total>
				<timestamp>923.955826</timestamp>
			</report>
			<report>
				<misses>4205001</misses>
				<total>49</total>
				<timestamp>924.175525</timestamp>
			</report>
			<report>
				<misses>4206001</misses>
				<total>49</total>
				<timestamp>924.395307</timestamp>
			</report>
			<report>
				<misses>4207001</misses>
				<total>49</total>
				<timestamp>924.615208</timestamp>
			</report>
			<report>
				<misses>4208001</misses>
				<total>48</total>
				<timestamp>924.835017</timestamp>
			</report>
			<report>
				<misses>4209001</misses>
				<total>48</total>
				<timestamp>925.054683</timestamp>
			</report>
			<report>
				<misses>4210001</misses>
				<total>49</total>
				<timestamp>925.274475</timestamp>
			</report>
			<report>
				<misses>4211001</misses>
				<total>49</total>
				<timestamp>925.494238</timestamp>
			</report>
			<report>
				<misses>4212001</misses>
				<total>48</total>
				<timestamp>925.714039</timestamp>
			</report>
			<report>
				<misses>4213001</misses>
				<total>48</total>
				<timestamp>925.933900</timestamp>
			</report>
			<report>
				<misses>4214001</misses>
				<total>49</total>
				<timestamp>926.153573</timestamp>
			</report>
			<report>
				<misses>4215001</misses>
				<total>49</total>
				<timestamp>926.373381</timestamp>
			</report>
			<report>
				<misses>4216001</misses>
				<total>49</total>
				<timestamp>926.593147</timestamp>
			</report>
			<report>
				<misses>4217001</misses>
				<total>49</total>
				<timestamp>926.812910</timestamp>
			</report>
			<report>
				<misses>4218001</misses>
				<total>49</total>
				<timestamp>927.032730</timestamp>
			</report>
			<report>
				<misses>4219001</misses>
				<total>49</total>
				<timestamp>927.252455</timestamp>
			</report>
			<report>
				<misses>4220001</misses>
				<total>49</total>
				<timestamp>927.472249</timestamp>
			</report>
			<report>
				<misses>4221001</misses>
				<total>49</total>
				<timestamp>927.692000</timestamp>
			</report>
			<report>
				<misses>4222001</misses>
				<total>48</total>
				<timestamp>927.911913</timestamp>
			</report>
			<report>
				<misses>4223001</misses>
				<total>49</total>
				<timestamp>928.131598</timestamp>
			</report>
			<report>
				<misses>4224001</misses>
				<total>49</total>
				<timestamp>928.351347</timestamp>
			</report>
			<report>
				<misses>4225001</misses>
				<total>50</total>
				<timestamp>928.571244</timestamp>
			</report>
			<report>
				<misses>4226001</misses>
				<total>50</total>
				<timestamp>928.791023</timestamp>
			</report>
			<report>
				<misses>4227001</misses>
				<total>50</total>
				<timestamp>929.010808</timestamp>
			</report>
			<report>
				<misses>4228001</misses>
				<total>50</total>
				<timestamp>929.230465</timestamp>
			</report>
			<report>
				<misses>4229001</misses>
				<total>50</total>
				<timestamp>929.450270</timestamp>
			</report>
			<report>
				<misses>4230001</misses>
				<total>50</total>
				<timestamp>929.670144</timestamp>
			</report>
			<report>
				<misses>4231001</misses>
				<total>50</total>
				<timestamp>929.889800</timestamp>
			</report>
			<report>
				<misses>4232001</misses>
				<total>49</total>
				<timestamp>930.109619</timestamp>
			</report>
			<report>
				<misses>4233001</misses>
				<total>51</total>
				<timestamp>930.329358</timestamp>
			</report>
			<report>
				<misses>4234001</misses>
				<total>51</total>
				<timestamp>930.549180</timestamp>
			</report>
			<report>
				<misses>4235001</misses>
				<total>51</total>
				<timestamp>930.769045</timestamp>
			</report>
			<report>
				<misses>4236001</misses>
				<total>51</total>
				<timestamp>930.988698</timestamp>
			</report>
			<report>
				<misses>4237001</misses>
				<total>51</total>
				<timestamp>931.208611</timestamp>
			</report>
			<report>
				<misses>4238001</misses>
				<total>51</total>
				<timestamp>931.428296</timestamp>
			</report>
			<report>
				<misses>4239001</misses>
				<total>50</total>
				<timestamp>931.648226</timestamp>
			</report>
			<report>
				<misses>4240001</misses>
				<total>51</total>
				<timestamp>931.867954</timestamp>
			</report>
			<report>
				<misses>4241001</misses>
				<total>51</total>
				<timestamp>932.087644</timestamp>
			</report>
			<report>
				<misses>4242001</misses>
				<total>51</total>
				<timestamp>932.307413</timestamp>
			</report>
			<report>
				<misses>4243001</misses>
				<total>51</total>
				<timestamp>932.527172</timestamp>
			</report>
			<report>
				<misses>4244001</misses>
				<total>50</total>
				<timestamp>932.747028</timestamp>
			</report>
			<report>
				<misses>4245001</misses>
				<total>51</total>
				<timestamp>932.966717</timestamp>
			</report>
			<report>
				<misses>4246001</misses>
				<total>51</total>
				<timestamp>933.186498</timestamp>
			</report>
			<report>
				<misses>4247001</misses>
				<total>50</total>
				<timestamp>933.406309</timestamp>
			</report>
			<report>
				<misses>4248001</misses>
				<total>51</total>
				<timestamp>933.626065</timestamp>
			</report>
			<report>
				<misses>4249001</misses>
				<total>51</total>
				<timestamp>933.845961</timestamp>
			</report>
			<report>
				<misses>4250001</misses>
				<total>51</total>
				<timestamp>934.065742</timestamp>
			</report>
			<report>
				<misses>4251001</misses>
				<total>51</total>
				<timestamp>934.285526</timestamp>
			</report>
			<report>
				<misses>4252001</misses>
				<total>51</total>
				<timestamp>934.505208</timestamp>
			</report>
			<report>
				<misses>4253001</misses>
				<total>50</total>
				<timestamp>934.725086</timestamp>
			</report>
			<report>
				<misses>4254001</misses>
				<total>51</total>
				<timestamp>934.944863</timestamp>
			</report>
			<report>
				<misses>4255001</misses>
				<total>50</total>
				<timestamp>935.164655</timestamp>
			</report>
			<report>
				<misses>4256001</misses>
				<total>51</total>
				<timestamp>935.384331</timestamp>
			</report>
			<report>
				<misses>4257001</misses>
				<total>51</total>
				<timestamp>935.604107</timestamp>
			</report>
			<report>
				<misses>4258001</misses>
				<total>51</total>
				<timestamp>935.823897</timestamp>
			</report>
			<report>
				<misses>4259001</misses>
				<total>51</total>
				<timestamp>936.043680</timestamp>
			</report>
			<report>
				<misses>4260001</misses>
				<total>51</total>
				<timestamp>936.263459</timestamp>
			</report>
			<report>
				<misses>4261001</misses>
				<total>51</total>
				<timestamp>936.483241</timestamp>
			</report>
			<report>
				<misses>4262001</misses>
				<total>50</total>
				<timestamp>936.703068</timestamp>
			</report>
			<report>
				<misses>4263001</misses>
				<total>51</total>
				<timestamp>936.922800</timestamp>
			</report>
			<report>
				<misses>4264001</misses>
				<total>51</total>
				<timestamp>937.142556</timestamp>
			</report>
			<report>
				<misses>4265001</misses>
				<total>51</total>
				<timestamp>937.362359</timestamp>
			</report>
			<report>
				<misses>4266001</misses>
				<total>51</total>
				<timestamp>937.582133</timestamp>
			</report>
			<report>
				<misses>4267001</misses>
				<total>51</total>
				<timestamp>937.801911</timestamp>
			</report>
			<report>
				<misses>4268001</misses>
				<total>51</total>
				<timestamp>938.021689</timestamp>
			</report>
			<report>
				<misses>4269001</misses>
				<total>51</total>
				<timestamp>938.241438</timestamp>
			</report>
			<report>
				<misses>4270001</misses>
				<total>51</total>
				<timestamp>938.461348</timestamp>
			</report>
			<report>
				<misses>4271001</misses>
				<total>51</total>
				<timestamp>938.681133</timestamp>
			</report>
			<report>
				<misses>4272001</misses>
				<total>50</total>
				<timestamp>938.900932</timestamp>
			</report>
			<report>
				<misses>4273001</misses>
				<total>50</total>
				<timestamp>939.120639</timestamp>
			</report>
			<report>
				<misses>4274001</misses>
				<total>51</total>
				<timestamp>939.340372</timestamp>
			</report>
			<report>
				<misses>4275001</misses>
				<total>51</total>
				<timestamp>939.560120</timestamp>
			</report>
			<report>
				<misses>4276001</misses>
				<total>51</total>
				<timestamp>939.780024</timestamp>
			</report>
			<report>
				<misses>4277001</misses>
				<total>51</total>
				<timestamp>939.999717</timestamp>
			</report>
			<report>
				<misses>4278001</misses>
				<total>51</total>
				<timestamp>940.219465</timestamp>
			</report>
			<report>
				<misses>4279001</misses>
				<total>51</total>
				<timestamp>940.439282</timestamp>
			</report>
			<report>
				<misses>4280001</misses>
				<total>51</total>
				<timestamp>940.659061</timestamp>
			</report>
			<report>
				<misses>4281001</misses>
				<total>51</total>
				<timestamp>940.878841</timestamp>
			</report>
			<report>
				<misses>4282001</misses>
				<total>51</total>
				<timestamp>941.098716</timestamp>
			</report>
			<report>
				<misses>4283001</misses>
				<total>51</total>
				<timestamp>941.318388</timestamp>
			</report>
			<report>
				<misses>4284001</misses>
				<total>51</total>
				<timestamp>941.538179</timestamp>
			</report>
			<report>
				<misses>4285001</misses>
				<total>51</total>
				<timestamp>941.757950</timestamp>
			</report>
			<report>
				<misses>4286001</misses>
				<total>51</total>
				<timestamp>941.977843</timestamp>
			</report>
			<report>
				<misses>4287001</misses>
				<total>51</total>
				<timestamp>942.197509</timestamp>
			</report>
			<report>
				<misses>4288001</misses>
				<total>51</total>
				<timestamp>942.417291</timestamp>
			</report>
			<report>
				<misses>4289001</misses>
				<total>51</total>
				<timestamp>942.637071</timestamp>
			</report>
			<report>
				<misses>4290001</misses>
				<total>51</total>
				<timestamp>942.856947</timestamp>
			</report>
			<report>
				<misses>4291001</misses>
				<total>51</total>
				<timestamp>943.076631</timestamp>
			</report>
			<report>
				<misses>4292001</misses>
				<total>51</total>
				<timestamp>943.296504</timestamp>
			</report>
			<report>
				<misses>4293001</misses>
				<total>51</total>
				<timestamp>943.516293</timestamp>
			</report>
			<report>
				<misses>4294001</misses>
				<total>50</total>
				<timestamp>943.736063</timestamp>
			</report>
			<report>
				<misses>4295001</misses>
				<total>51</total>
				<timestamp>943.955758</timestamp>
			</report>
			<report>
				<misses>4296001</misses>
				<total>50</total>
				<timestamp>944.175620</timestamp>
			</report>
			<report>
				<misses>4297001</misses>
				<total>51</total>
				<timestamp>944.395308</timestamp>
			</report>
			<report>
				<misses>4298001</misses>
				<total>51</total>
				<timestamp>944.615100</timestamp>
			</report>
			<report>
				<misses>4299001</misses>
				<total>51</total>
				<timestamp>944.834876</timestamp>
			</report>
			<report>
				<misses>4300001</misses>
				<total>51</total>
				<timestamp>945.054626</timestamp>
			</report>
			<report>
				<misses>4301001</misses>
				<total>51</total>
				<timestamp>945.274538</timestamp>
			</report>
			<report>
				<misses>4302001</misses>
				<total>51</total>
				<timestamp>945.494262</timestamp>
			</report>
			<report>
				<misses>4303001</misses>
				<total>51</total>
				<timestamp>945.713963</timestamp>
			</report>
			<report>
				<misses>4304001</misses>
				<total>51</total>
				<timestamp>945.933793</timestamp>
			</report>
			<report>
				<misses>4305001</misses>
				<total>51</total>
				<timestamp>946.153527</timestamp>
			</report>
			<report>
				<misses>4306001</misses>
				<total>50</total>
				<timestamp>946.373308</timestamp>
			</report>
			<report>
				<misses>4307001</misses>
				<total>50</total>
				<timestamp>946.593130</timestamp>
			</report>
			<report>
				<misses>4308001</misses>
				<total>51</total>
				<timestamp>946.812985</timestamp>
			</report>
			<report>
				<misses>4309001</misses>
				<total>51</total>
				<timestamp>947.032676</timestamp>
			</report>
			<report>
				<misses>4310001</misses>
				<total>51</total>
				<timestamp>947.252418</timestamp>
			</report>
			<report>
				<misses>4311001</misses>
				<total>51</total>
				<timestamp>947.472231</timestamp>
			</report>
			<report>
				<misses>4312001</misses>
				<total>50</total>
				<timestamp>947.692104</timestamp>
			</report>
			<report>
				<misses>4313001</misses>
				<total>51</total>
				<timestamp>947.911769</timestamp>
			</report>
			<report>
				<misses>4314001</misses>
				<total>51</total>
				<timestamp>948.131538</timestamp>
			</report>
			<report>
				<misses>4315001</misses>
				<total>51</total>
				<timestamp>948.351376</timestamp>
			</report>
			<report>
				<misses>4316001</misses>
				<total>50</total>
				<timestamp>948.571234</timestamp>
			</report>
			<report>
				<misses>4317001</misses>
				<total>51</total>
				<timestamp>948.790998</timestamp>
			</report>
			<report>
				<misses>4318001</misses>
				<total>51</total>
				<timestamp>949.010792</timestamp>
			</report>
			<report>
				<misses>4319001</misses>
				<total>51</total>
				<timestamp>949.230470</timestamp>
			</report>
			<report>
				<misses>4320001</misses>
				<total>51</total>
				<timestamp>949.450215</timestamp>
			</report>
			<report>
				<misses>4321001</misses>
				<total>51</total>
				<timestamp>949.670022</timestamp>
			</report>
			<report>
				<misses>4322001</misses>
				<total>51</total>
				<timestamp>949.889924</timestamp>
			</report>
			<report>
				<misses>4323001</misses>
				<total>51</total>
				<timestamp>950.109619</timestamp>
			</report>
			<report>
				<misses>4324001</misses>
				<total>50</total>
				<timestamp>950.329434</timestamp>
			</report>
			<report>
				<misses>4325001</misses>
				<total>52</total>
				<timestamp>950.549246</timestamp>
			</report>
			<report>
				<misses>4326001</misses>
				<total>52</total>
				<timestamp>950.768935</timestamp>
			</report>
			<report>
				<misses>4327001</misses>
				<total>52</total>
				<timestamp>950.988710</timestamp>
			</report>
			<report>
				<misses>4328001</misses>
				<total>52</total>
				<timestamp>951.208591</timestamp>
			</report>
			<report>
				<misses>4329001</misses>
				<total>52</total>
				<timestamp>951.428362</timestamp>
			</report>
			<report>
				<misses>4330001</misses>
				<total>52</total>
				<timestamp>951.648049</timestamp>
			</report>
			<report>
				<misses>4331001</misses>
				<total>52</total>
				<timestamp>951.867924</timestamp>
			</report>
			<report>
				<misses>4332001</misses>
				<total>52</total>
				<timestamp>952.087581</timestamp>
			</report>
			<report>
				<misses>4333001</misses>
				<total>52</total>
				<timestamp>952.307388</timestamp>
			</report>
			<report>
				<misses>4334001</misses>
				<total>52</total>
				<timestamp>952.527170</timestamp>
			</report>
			<report>
				<misses>4335001</misses>
				<total>52</total>
				<timestamp>952.747036</timestamp>
			</report>
			<report>
				<misses>4336001</misses>
				<total>52</total>
				<timestamp>952.966770</timestamp>
			</report>
			<report>
				<misses>4337001</misses>
				<total>52</total>
				<timestamp>953.186512</timestamp>
			</report>
			<report>
				<misses>4338001</misses>
				<total>53</total>
				<timestamp>953.406327</timestamp>
			</report>
			<report>
				<misses>4339001</misses>
				<total>53</total>
				<timestamp>953.626080</timestamp>
			</report>
			<report>
				<misses>4340001</misses>
				<total>53</total>
				<timestamp>953.845952</timestamp>
			</report>
			<report>
				<misses>4341001</misses>
				<total>53</total>
				<timestamp>954.065614</timestamp>
			</report>
			<report>
				<misses>4342001</misses>
				<total>53</total>
				<timestamp>954.285455</timestamp>
			</report>
			<report>
				<misses>4343001</misses>
				<total>53</total>
				<timestamp>954.505299</timestamp>
			</report>
			<report>
				<misses>4344001</misses>
				<total>53</total>
				<timestamp>954.724976</timestamp>
			</report>
			<report>
				<misses>4345001</misses>
				<total>53</total>
				<timestamp>954.944771</timestamp>
			</report>
			<report>
				<misses>4346001</misses>
				<total>52</total>
				<timestamp>955.164628</timestamp>
			</report>
			<report>
				<misses>4347001</misses>
				<total>52</total>
				<timestamp>955.384416</timestamp>
			</report>
			<report>
				<misses>4348001</misses>
				<total>53</total>
				<timestamp>955.604214</timestamp>
			</report>
			<report>
				<misses>4349001</misses>
				<total>53</total>
				<timestamp>955.823870</timestamp>
			</report>
			<report>
				<misses>4350001</misses>
				<total>53</total>
				<timestamp>956.043633</timestamp>
			</report>
			<report>
				<misses>4351001</misses>
				<total>52</total>
				<timestamp>956.263524</timestamp>
			</report>
			<report>
				<misses>4352001</misses>
				<total>53</total>
				<timestamp>956.483221</timestamp>
			</report>
			<report>
				<misses>4353001</misses>
				<total>53</total>
				<timestamp>956.703092</timestamp>
			</report>
			<report>
				<misses>4354001</misses>
				<total>53</total>
				<timestamp>956.922864</timestamp>
			</report>
			<report>
				<misses>4355001</misses>
				<total>53</total>
				<timestamp>957.142570</timestamp>
			</report>
			<report>
				<misses>4356001</misses>
				<total>53</total>
				<timestamp>957.362304</timestamp>
			</report>
			<report>
				<misses>4357001</misses>
				<total>53</total>
				<timestamp>957.582207</timestamp>
			</report>
			<report>
				<misses>4358001</misses>
				<total>53</total>
				<timestamp>957.801982</timestamp>
			</report>
			<report>
				<misses>4359001</misses>
				<total>53</total>
				<timestamp>958.021688</timestamp>
			</report>
			<report>
				<misses>4360001</misses>
				<total>53</total>
				<timestamp>958.241448</timestamp>
			</report>
			<report>
				<misses>4361001</misses>
				<total>53</total>
				<timestamp>958.461222</timestamp>
			</report>
			<report>
				<misses>4362001</misses>
				<total>53</total>
				<timestamp>958.680988</timestamp>
			</report>
			<report>
				<misses>4363001</misses>
				<total>53</total>
				<timestamp>958.900800</timestamp>
			</report>
			<report>
				<misses>4364001</misses>
				<total>53</total>
				<timestamp>959.120581</timestamp>
			</report>
			<report>
				<misses>4365001</misses>
				<total>53</total>
				<timestamp>959.340356</timestamp>
			</report>
			<report>
				<misses>4366001</misses>
				<total>53</total>
				<timestamp>959.560131</timestamp>
			</report>
			<report>
				<misses>4367001</misses>
				<total>53</total>
				<timestamp>959.780019</timestamp>
			</report>
			<report>
				<misses>4368001</misses>
				<total>52</total>
				<timestamp>959.999781</timestamp>
			</report>
			<report>
				<misses>4369001</misses>
				<total>53</total>
				<timestamp>960.219563</timestamp>
			</report>
			<report>
				<misses>4370001</misses>
				<total>54</total>
				<timestamp>960.439225</timestamp>
			</report>
			<report>
				<misses>4371001</misses>
				<total>53</total>
				<timestamp>960.659105</timestamp>
			</report>
			<report>
				<misses>4372001</misses>
				<total>53</total>
				<timestamp>960.878902</timestamp>
			</report>
			<report>
				<misses>4373001</misses>
				<total>53</total>
				<timestamp>961.098695</timestamp>
			</report>
			<report>
				<misses>4374001</misses>
				<total>53</total>
				<timestamp>961.318459</timestamp>
			</report>
			<report>
				<misses>4375001</misses>
				<total>54</total>
				<timestamp>961.538161</timestamp>
			</report>
			<report>
				<misses>4376001</misses>
				<total>54</total>
				<timestamp>961.758032</timestamp>
			</report>
			<report>
				<misses>4377001</misses>
				<total>54</total>
				<timestamp>961.977802</timestamp>
			</report>
			<report>
				<misses>4378001</misses>
				<total>53</total>
				<timestamp>962.197581</timestamp>
			</report>
			<report>
				<misses>4379001</misses>
				<total>54</total>
				<timestamp>962.417367</timestamp>
			</report>
			<report>
				<misses>4380001</misses>
				<total>53</total>
				<timestamp>962.637158</timestamp>
			</report>
			<report>
				<misses>4381001</misses>
				<total>53</total>
				<timestamp>962.856924</timestamp>
			</report>
			<report>
				<misses>4382001</misses>
				<total>54</total>
				<timestamp>963.076612</timestamp>
			</report>
			<report>
				<misses>4383001</misses>
				<total>53</total>
				<timestamp>963.296497</timestamp>
			</report>
			<report>
				<misses>4384001</misses>
				<total>54</total>
				<timestamp>963.516146</timestamp>
			</report>
			<report>
				<misses>4385001</misses>
				<total>53</total>
				<timestamp>963.736047</timestamp>
			</report>
			<report>
				<misses>4386001</misses>
				<total>53</total>
				<timestamp>963.955747</timestamp>
			</report>
			<report>
				<misses>4387001</misses>
				<total>53</total>
				<timestamp>964.175612</timestamp>
			</report>
			<report>
				<misses>4388001</misses>
				<total>54</total>
				<timestamp>964.395296</timestamp>
			</report>
			<report>
				<misses>4389001</misses>
				<total>54</total>
				<timestamp>964.615046</timestamp>
			</report>
			<report>
				<misses>4390001</misses>
				<total>54</total>
				<timestamp>964.834875</timestamp>
			</report>
			<report>
				<misses>4391001</misses>
				<total>54</total>
				<timestamp>965.054631</timestamp>
			</report>
			<report>
				<misses>4392001</misses>
				<total>54</total>
				<timestamp>965.274382</timestamp>
			</report>
			<report>
				<misses>4393001</misses>
				<total>54</total>
				<timestamp>965.494195</timestamp>
			</report>
			<report>
				<misses>4394001</misses>
				<total>54</total>
				<timestamp>965.713942</timestamp>
			</report>
			<report>
				<misses>4395001</misses>
				<total>55</total>
				<timestamp>965.933850</timestamp>
			</report>
			<report>
				<misses>4396001</misses>
				<total>55</total>
				<timestamp>966.153534</timestamp>
			</report>
			<report>
				<misses>4397001</misses>
				<total>55</total>
				<timestamp>966.373318</timestamp>
			</report>
			<report>
				<misses>4398001</misses>
				<total>55</total>
				<timestamp>966.593093</timestamp>
			</report>
			<report>
				<misses>4399001</misses>
				<total>55</total>
				<timestamp>966.812880</timestamp>
			</report>
			<report>
				<misses>4400001</misses>
				<total>55</total>
				<timestamp>967.032746</timestamp>
			</report>
			<report>
				<misses>4401001</misses>
				<total>55</total>
				<timestamp>967.252414</timestamp>
			</report>
			<report>
				<misses>4402001</misses>
				<total>55</total>
				<timestamp>967.472222</timestamp>
			</report>
			<report>
				<misses>4403001</misses>
				<total>54</total>
				<timestamp>967.692058</timestamp>
			</report>
			<report>
				<misses>4404001</misses>
				<total>55</total>
				<timestamp>967.911780</timestamp>
			</report>
			<report>
				<misses>4405001</misses>
				<total>55</total>
				<timestamp>968.131523</timestamp>
			</report>
			<report>
				<misses>4406001</misses>
				<total>55</total>
				<timestamp>968.351304</timestamp>
			</report>
			<report>
				<misses>4407001</misses>
				<total>55</total>
				<timestamp>968.571094</timestamp>
			</report>
			<report>
				<misses>4408001</misses>
				<total>55</total>
				<timestamp>968.790900</timestamp>
			</report>
			<report>
				<misses>4409001</misses>
				<total>55</total>
				<timestamp>969.010749</timestamp>
			</report>
			<report>
				<misses>4410001</misses>
				<total>55</total>
				<timestamp>969.230432</timestamp>
			</report>
			<report>
				<misses>4411001</misses>
				<total>54</total>
				<timestamp>969.450330</timestamp>
			</report>
			<report>
				<misses>4412001</misses>
				<total>55</total>
				<timestamp>969.670028</timestamp>
			</report>
			<report>
				<misses>4413001</misses>
				<total>55</total>
				<timestamp>969.889887</timestamp>
			</report>
			<report>
				<misses>4414001</misses>
				<total>55</total>
				<timestamp>970.109582</timestamp>
			</report>
			<report>
				<misses>4415001</misses>
				<total>54</total>
				<timestamp>970.329356</timestamp>
			</report>
			<report>
				<misses>4416001</misses>
				<total>54</total>
				<timestamp>970.549195</timestamp>
			</report>
			<report>
				<misses>4417001</misses>
				<total>54</total>
				<timestamp>970.769009</timestamp>
			</report>
			<report>
				<misses>4418001</misses>
				<total>54</total>
				<timestamp>970.988764</timestamp>
			</report>
			<report>
				<misses>4419001</misses>
				<total>55</total>
				<timestamp>971.208463</timestamp>
			</report>
			<report>
				<misses>4420001</misses>
				<total>54</total>
				<timestamp>971.428345</timestamp>
			</report>
			<report>
				<misses>4421001</misses>
				<total>55</total>
				<timestamp>971.648016</timestamp>
			</report>
			<report>
				<misses>4422001</misses>
				<total>55</total>
				<timestamp>971.867917</timestamp>
			</report>
			<report>
				<misses>4423001</misses>
				<total>55</total>
				<timestamp>972.087686</timestamp>
			</report>
			<report>
				<misses>4424001</misses>
				<total>54</total>
				<timestamp>972.307458</timestamp>
			</report>
			<report>
				<misses>4425001</misses>
				<total>55</total>
				<timestamp>972.527151</timestamp>
			</report>
			<report>
				<misses>4426001</misses>
				<total>55</total>
				<timestamp>972.747028</timestamp>
			</report>
			<report>
				<misses>4427001</misses>
				<total>55</total>
				<timestamp>972.966770</timestamp>
			</report>
			<report>
				<misses>4428001</misses>
				<total>57</total>
				<timestamp>973.186530</timestamp>
			</report>
			<report>
				<misses>4429001</misses>
				<total>57</total>
				<timestamp>973.406297</timestamp>
			</report>
			<report>
				<misses>4430001</misses>
				<total>57</total>
				<timestamp>973.626055</timestamp>
			</report>
			<report>
				<misses>4431001</misses>
				<total>57</total>
				<timestamp>973.845831</timestamp>
			</report>
			<report>
				<misses>4432001</misses>
				<total>56</total>
				<timestamp>974.065702</timestamp>
			</report>
			<report>
				<misses>4433001</misses>
				<total>57</total>
				<timestamp>974.285356</timestamp>
			</report>
			<report>
				<misses>4434001</misses>
				<total>57</total>
				<timestamp>974.505172</timestamp>
			</report>
			<report>
				<misses>4435001</misses>
				<total>57</total>
				<timestamp>974.724920</timestamp>
			</report>
			<report>
				<misses>4436001</misses>
				<total>56</total>
				<timestamp>974.944828</timestamp>
			</report>
			<report>
				<misses>4437001</misses>
				<total>57</total>
				<timestamp>975.164482</timestamp>
			</report>
			<report>
				<misses>4438001</misses>
				<total>57</total>
				<timestamp>975.384385</timestamp>
			</report>
			<report>
				<misses>4439001</misses>
				<total>57</total>
				<timestamp>975.604164</timestamp>
			</report>
			<report>
				<misses>4440001</misses>
				<total>56</total>
				<timestamp>975.823951</timestamp>
			</report>
			<report>
				<misses>4441001</misses>
				<total>57</total>
				<timestamp>976.043758</timestamp>
			</report>
			<report>
				<misses>4442001</misses>
				<total>57</total>
				<timestamp>976.263389</timestamp>
			</report>
			<report>
				<misses>4443001</misses>
				<total>57</total>
				<timestamp>976.483189</timestamp>
			</report>
			<report>
				<misses>4444001</misses>
				<total>57</total>
				<timestamp>976.702972</timestamp>
			</report>
			<report>
				<misses>4445001</misses>
				<total>64</total>
				<timestamp>976.922783</timestamp>
			</report>
			<report>
				<misses>4446001</misses>
				<total>63</total>
				<timestamp>977.142636</timestamp>
			</report>
			<report>
				<misses>4447001</misses>
				<total>64</total>
				<timestamp>977.362399</timestamp>
			</report>
			<report>
				<misses>4448001</misses>
				<total>63</total>
				<timestamp>977.582100</timestamp>
			</report>
			<report>
				<misses>4449001</misses>
				<total>64</total>
				<timestamp>977.801862</timestamp>
			</report>
			<report>
				<misses>4450001</misses>
				<total>64</total>
				<timestamp>978.021660</timestamp>
			</report>
			<report>
				<misses>4451001</misses>
				<total>64</total>
				<timestamp>978.241529</timestamp>
			</report>
			<report>
				<misses>4452001</misses>
				<total>64</total>
				<timestamp>978.461306</timestamp>
			</report>
			<report>
				<misses>4453001</misses>
				<total>64</total>
				<timestamp>978.680996</timestamp>
			</report>
			<report>
				<misses>4454001</misses>
				<total>64</total>
				<timestamp>978.900883</timestamp>
			</report>
			<report>
				<misses>4455001</misses>
				<total>64</total>
				<timestamp>979.120602</timestamp>
			</report>
			<report>
				<misses>4456001</misses>
				<total>64</total>
				<timestamp>979.340303</timestamp>
			</report>
			<report>
				<misses>4457001</misses>
				<total>64</total>
				<timestamp>979.560116</timestamp>
			</report>
			<report>
				<misses>4458001</misses>
				<total>64</total>
				<timestamp>979.779984</timestamp>
			</report>
			<report>
				<misses>4459001</misses>
				<total>63</total>
				<timestamp>979.999681</timestamp>
			</report>
			<report>
				<misses>4460001</misses>
				<total>64</total>
				<timestamp>980.219554</timestamp>
			</report>
			<report>
				<misses>4461001</misses>
				<total>64</total>
				<timestamp>980.439343</timestamp>
			</report>
			<report>
				<misses>4462001</misses>
				<total>64</total>
				<timestamp>980.659101</timestamp>
			</report>
			<report>
				<misses>4463001</misses>
				<total>64</total>
				<timestamp>980.878808</timestamp>
			</report>
			<report>
				<misses>4464001</misses>
				<total>64</total>
				<timestamp>981.098576</timestamp>
			</report>
			<report>
				<misses>4465001</misses>
				<total>64</total>
				<timestamp>981.318376</timestamp>
			</report>
			<report>
				<misses>4466001</misses>
				<total>64</total>
				<timestamp>981.538241</timestamp>
			</report>
			<report>
				<misses>4467001</misses>
				<total>63</total>
				<timestamp>981.758006</timestamp>
			</report>
			<report>
				<misses>4468001</misses>
				<total>64</total>
				<timestamp>981.977663</timestamp>
			</report>
			<report>
				<misses>4469001</misses>
				<total>64</total>
				<timestamp>982.197474</timestamp>
			</report>
			<report>
				<misses>4470001</misses>
				<total>64</total>
				<timestamp>982.417253</timestamp>
			</report>
			<report>
				<misses>4471001</misses>
				<total>64</total>
				<timestamp>982.637042</timestamp>
			</report>
			<report>
				<misses>4472001</misses>
				<total>64</total>
				<timestamp>982.856783</timestamp>
			</report>
			<report>
				<misses>4473001</misses>
				<total>64</total>
				<timestamp>983.076686</timestamp>
			</report>
			<report>
				<misses>4474001</misses>
				<total>64</total>
				<timestamp>983.296391</timestamp>
			</report>
			<report>
				<misses>4475001</misses>
				<total>64</total>
				<timestamp>983.516155</timestamp>
			</report>
			<report>
				<misses>4476001</misses>
				<total>64</total>
				<timestamp>983.735932</timestamp>
			</report>
			<report>
				<misses>4477001</misses>
				<total>64</total>
				<timestamp>983.955714</timestamp>
			</report>
			<report>
				<misses>4478001</misses>
				<total>64</total>
				<timestamp>984.175516</timestamp>
			</report>
			<report>
				<misses>4479001</misses>
				<total>63</total>
				<timestamp>984.395367</timestamp>
			</report>
			<report>
				<misses>4480001</misses>
				<total>64</total>
				<timestamp>984.615055</timestamp>
			</report>
			<report>
				<misses>4481001</misses>
				<total>63</total>
				<timestamp>984.834925</timestamp>
			</report>
			<report>
				<misses>4482001</misses>
				<total>64</total>
				<timestamp>985.054706</timestamp>
			</report>
			<report>
				<misses>4483001</misses>
				<total>63</total>
				<timestamp>985.274483</timestamp>
			</report>
			<report>
				<misses>4484001</misses>
				<total>64</total>
				<timestamp>985.494263</timestamp>
			</report>
			<report>
				<misses>4485001</misses>
				<total>64</total>
				<timestamp>985.713952</timestamp>
			</report>
			<report>
				<misses>4486001</misses>
				<total>64</total>
				<timestamp>985.933745</timestamp>
			</report>
			<report>
				<misses>4487001</misses>
				<total>64</total>
				<timestamp>986.153483</timestamp>
			</report>
			<report>
				<misses>4488001</misses>
				<total>64</total>
				<timestamp>986.373320</timestamp>
			</report>
			<report>
				<misses>4489001</misses>
				<total>64</total>
				<timestamp>986.593069</timestamp>
			</report>
			<report>
				<misses>4490001</misses>
				<total>63</total>
				<timestamp>986.812951</timestamp>
			</report>
			<report>
				<misses>4491001</misses>
				<total>63</total>
				<timestamp>987.032731</timestamp>
			</report>
			<report>
				<misses>4492001</misses>
				<total>64</total>
				<timestamp>987.252414</timestamp>
			</report>
			<report>
				<misses>4493001</misses>
				<total>63</total>
				<timestamp>987.472281</timestamp>
			</report>
			<report>
				<misses>4494001</misses>
				<total>64</total>
				<timestamp>987.692070</timestamp>
			</report>
			<report>
				<misses>4495001</misses>
				<total>64</total>
				<timestamp>987.911770</timestamp>
			</report>
			<report>
				<misses>4496001</misses>
				<total>63</total>
				<timestamp>988.131535</timestamp>
			</report>
			<report>
				<misses>4497001</misses>
				<total>63</total>
				<timestamp>988.351411</timestamp>
			</report>
			<report>
				<misses>4498001</misses>
				<total>64</total>
				<timestamp>988.571096</timestamp>
			</report>
			<report>
				<misses>4499001</misses>
				<total>64</total>
				<timestamp>988.790970</timestamp>
			</report>
			<report>
				<misses>4500001</misses>
				<total>64</total>
				<timestamp>989.010633</timestamp>
			</report>
			<report>
				<misses>4501001</misses>
				<total>64</total>
				<timestamp>989.230409</timestamp>
			</report>
			<report>
				<misses>4502001</misses>
				<total>64</total>
				<timestamp>989.450299</timestamp>
			</report>
			<report>
				<misses>4503001</misses>
				<total>64</total>
				<timestamp>989.669992</timestamp>
			</report>
			<report>
				<misses>4504001</misses>
				<total>63</total>
				<timestamp>989.889772</timestamp>
			</report>
			<report>
				<misses>4505001</misses>
				<total>64</total>
				<timestamp>990.109643</timestamp>
			</report>
			<report>
				<misses>4506001</misses>
				<total>63</total>
				<timestamp>990.329395</timestamp>
			</report>
			<report>
				<misses>4507001</misses>
				<total>64</total>
				<timestamp>990.549079</timestamp>
			</report>
			<report>
				<misses>4508001</misses>
				<total>64</total>
				<timestamp>990.768984</timestamp>
			</report>
			<report>
				<misses>4509001</misses>
				<total>64</total>
				<timestamp>990.988675</timestamp>
			</report>
			<report>
				<misses>4510001</misses>
				<total>64</total>
				<timestamp>991.208542</timestamp>
			</report>
			<report>
				<misses>4511001</misses>
				<total>63</total>
				<timestamp>991.428336</timestamp>
			</report>
			<report>
				<misses>4512001</misses>
				<total>63</total>
				<timestamp>991.648109</timestamp>
			</report>
			<report>
				<misses>4513001</misses>
				<total>64</total>
				<timestamp>991.867759</timestamp>
			</report>
			<report>
				<misses>4514001</misses>
				<total>63</total>
				<timestamp>992.087635</timestamp>
			</report>
			<report>
				<misses>4515001</misses>
				<total>64</total>
				<timestamp>992.307318</timestamp>
			</report>
			<report>
				<misses>4516001</misses>
				<total>64</total>
				<timestamp>992.527137</timestamp>
			</report>
			<report>
				<misses>4517001</misses>
				<total>64</total>
				<timestamp>992.746923</timestamp>
			</report>
			<report>
				<misses>4518001</misses>
				<total>63</total>
				<timestamp>992.966805</timestamp>
			</report>
			<report>
				<misses>4519001</misses>
				<total>63</total>
				<timestamp>993.186580</timestamp>
			</report>
			<report>
				<misses>4520001</misses>
				<total>64</total>
				<timestamp>993.406254</timestamp>
			</report>
			<report>
				<misses>4521001</misses>
				<total>64</total>
				<timestamp>993.626032</timestamp>
			</report>
			<report>
				<misses>4522001</misses>
				<total>64</total>
				<timestamp>993.845843</timestamp>
			</report>
			<report>
				<misses>4523001</misses>
				<total>64</total>
				<timestamp>994.065682</timestamp>
			</report>
			<report>
				<misses>4524001</misses>
				<total>64</total>
				<timestamp>994.285377</timestamp>
			</report>
			<report>
				<misses>4525001</misses>
				<total>66</total>
				<timestamp>994.505160</timestamp>
			</report>
			<report>
				<misses>4526001</misses>
				<total>65</total>
				<timestamp>994.725026</timestamp>
			</report>
			<report>
				<misses>4527001</misses>
				<total>65</total>
				<timestamp>994.944712</timestamp>
			</report>
			<report>
				<misses>4528001</misses>
				<total>66</total>
				<timestamp>995.164488</timestamp>
			</report>
			<report>
				<misses>4529001</misses>
				<total>66</total>
				<timestamp>995.384241</timestamp>
			</report>
			<report>
				<misses>4530001</misses>
				<total>66</total>
				<timestamp>995.604021</timestamp>
			</report>
			<report>
				<misses>4531001</misses>
				<total>66</total>
				<timestamp>995.823831</timestamp>
			</report>
			<report>
				<misses>4532001</misses>
				<total>66</total>
				<timestamp>996.043702</timestamp>
			</report>
			<report>
				<misses>4533001</misses>
				<total>66</total>
				<timestamp>996.263512</timestamp>
			</report>
			<report>
				<misses>4534001</misses>
				<total>66</total>
				<timestamp>996.483265</timestamp>
			</report>
			<report>
				<misses>4535001</misses>
				<total>66</total>
				<timestamp>996.702930</timestamp>
			</report>
			<report>
				<misses>4536001</misses>
				<total>65</total>
				<timestamp>996.922815</timestamp>
			</report>
			<report>
				<misses>4537001</misses>
				<total>66</total>
				<timestamp>997.142518</timestamp>
			</report>
			<report>
				<misses>4538001</misses>
				<total>65</total>
				<timestamp>997.362380</timestamp>
			</report>
			<report>
				<misses>4539001</misses>
				<total>66</total>
				<timestamp>997.582104</timestamp>
			</report>
			<report>
				<misses>4540001</misses>
				<total>65</total>
				<timestamp>997.801945</timestamp>
			</report>
			<report>
				<misses>4541001</misses>
				<total>65</total>
				<timestamp>998.021728</timestamp>
			</report>
			<report>
				<misses>4542001</misses>
				<total>66</total>
				<timestamp>998.241382</timestamp>
			</report>
			<report>
				<misses>4543001</misses>
				<total>66</total>
				<timestamp>998.461158</timestamp>
			</report>
			<report>
				<misses>4544001</misses>
				<total>66</total>
				<timestamp>998.680949</timestamp>
			</report>
			<report>
				<misses>4545001</misses>
				<total>65</total>
				<timestamp>998.900847</timestamp>
			</report>
			<report>
				<misses>4546001</misses>
				<total>66</total>
				<timestamp>999.120531</timestamp>
			</report>
			<report>
				<misses>4547001</misses>
				<total>65</total>
				<timestamp>999.340338</timestamp>
			</report>
			<report>
				<misses>4548001</misses>
				<total>66</total>
				<timestamp>999.560105</timestamp>
			</report>
			<report>
				<misses>4549001</misses>
				<total>66</total>
				<timestamp>999.779874</timestamp>
			</report>
			<report>
				<misses>4550001</misses>
				<total>65</total>
				<timestamp>999.999698</timestamp>
			</report>
			<report>
				<misses>4551001</misses>
				<total>66</total>
				<timestamp>1000.219487</timestamp>
			</report>
			<report>
				<misses>4552001</misses>
				<total>65</total>
				<timestamp>1000.439300</timestamp>
			</report>
			<report>
				<misses>4553001</misses>
				<total>65</total>
				<timestamp>1000.659084</timestamp>
			</report>
			<report>
				<misses>4554001</misses>
				<total>65</total>
				<timestamp>1000.878871</timestamp>
			</report>
			<report>
				<misses>4555001</misses>
				<total>66</total>
				<timestamp>1001.098650</timestamp>
			</report>
			<report>
				<misses>4556001</misses>
				<total>65</total>
				<timestamp>1001.318414</timestamp>
			</report>
			<report>
				<misses>4557001</misses>
				<total>66</total>
				<timestamp>1001.538079</timestamp>
			</report>
			<report>
				<misses>4558001</misses>
				<total>65</total>
				<timestamp>1001.757972</timestamp>
			</report>
			<report>
				<misses>4559001</misses>
				<total>66</total>
				<timestamp>1001.977767</timestamp>
			</report>
			<report>
				<misses>4560001</misses>
				<total>66</total>
				<timestamp>1002.197455</timestamp>
			</report>
			<report>
				<misses>4561001</misses>
				<total>66</total>
				<timestamp>1002.417267</timestamp>
			</report>
			<report>
				<misses>4562001</misses>
				<total>66</total>
				<timestamp>1002.636979</timestamp>
			</report>
			<report>
				<misses>4563001</misses>
				<total>66</total>
				<timestamp>1002.856767</timestamp>
			</report>
			<report>
				<misses>4564001</misses>
				<total>66</total>
				<timestamp>1003.076663</timestamp>
			</report>
			<report>
				<misses>4565001</misses>
				<total>66</total>
				<timestamp>1003.296359</timestamp>
			</report>
			<report>
				<misses>4566001</misses>
				<total>66</total>
				<timestamp>1003.516124</timestamp>
			</report>
			<report>
				<misses>4567001</misses>
				<total>66</total>
				<timestamp>1003.736003</timestamp>
			</report>
			<report>
				<misses>4568001</misses>
				<total>66</total>
				<timestamp>1003.955696</timestamp>
			</report>
			<report>
				<misses>4569001</misses>
				<total>66</total>
				<timestamp>1004.175523</timestamp>
			</report>
			<report>
				<misses>4570001</misses>
				<total>66</total>
				<timestamp>1004.395261</timestamp>
			</report>
			<report>
				<misses>4571001</misses>
				<total>66</total>
				<timestamp>1004.615039</timestamp>
			</report>
			<report>
				<misses>4572001</misses>
				<total>66</total>
				<timestamp>1004.834783</timestamp>
			</report>
			<report>
				<misses>4573001</misses>
				<total>65</total>
				<timestamp>1005.054655</timestamp>
			</report>
			<report>
				<misses>4574001</misses>
				<total>66</total>
				<timestamp>1005.274460</timestamp>
			</report>
			<report>
				<misses>4575001</misses>
				<total>66</total>
				<timestamp>1005.494120</timestamp>
			</report>
			<report>
				<misses>4576001</misses>
				<total>66</total>
				<timestamp>1005.713901</timestamp>
			</report>
			<report>
				<misses>4577001</misses>
				<total>65</total>
				<timestamp>1005.933800</timestamp>
			</report>
			<report>
				<misses>4578001</misses>
				<total>66</total>
				<timestamp>1006.153588</timestamp>
			</report>
			<report>
				<misses>4579001</misses>
				<total>66</total>
				<timestamp>1006.373366</timestamp>
			</report>
			<report>
				<misses>4580001</misses>
				<total>66</total>
				<timestamp>1006.593154</timestamp>
			</report>
			<report>
				<misses>4581001</misses>
				<total>65</total>
				<timestamp>1006.812933</timestamp>
			</report>
			<report>
				<misses>4582001</misses>
				<total>65</total>
				<timestamp>1007.032615</timestamp>
			</report>
			<report>
				<misses>4583001</misses>
				<total>65</total>
				<timestamp>1007.252491</timestamp>
			</report>
			<report>
				<misses>4584001</misses>
				<total>65</total>
				<timestamp>1007.472263</timestamp>
			</report>
			<report>
				<misses>4585001</misses>
				<total>66</total>
				<timestamp>1007.691937</timestamp>
			</report>
			<report>
				<misses>4586001</misses>
				<total>66</total>
				<timestamp>1007.911737</timestamp>
			</report>
			<report>
				<misses>4587001</misses>
				<total>65</total>
				<timestamp>1008.131606</timestamp>
			</report>
			<report>
				<misses>4588001</misses>
				<total>66</total>
				<timestamp>1008.351294</timestamp>
			</report>
			<report>
				<misses>4589001</misses>
				<total>65</total>
				<timestamp>1008.571161</timestamp>
			</report>
			<report>
				<misses>4590001</misses>
				<total>66</total>
				<timestamp>1008.790957</timestamp>
			</report>
			<report>
				<misses>4591001</misses>
				<total>65</total>
				<timestamp>1009.010727</timestamp>
			</report>
			<report>
				<misses>4592001</misses>
				<total>66</total>
				<timestamp>1009.230408</timestamp>
			</report>
			<report>
				<misses>4593001</misses>
				<total>66</total>
				<timestamp>1009.450153</timestamp>
			</report>
			<report>
				<misses>4594001</misses>
				<total>66</total>
				<timestamp>1009.669938</timestamp>
			</report>
			<report>
				<misses>4595001</misses>
				<total>66</total>
				<timestamp>1009.889747</timestamp>
			</report>
			<report>
				<misses>4596001</misses>
				<total>66</total>
				<timestamp>1010.109530</timestamp>
			</report>
			<report>
				<misses>4597001</misses>
				<total>66</total>
				<timestamp>1010.329287</timestamp>
			</report>
			<report>
				<misses>4598001</misses>
				<total>65</total>
				<timestamp>1010.549134</timestamp>
			</report>
			<report>
				<misses>4599001</misses>
				<total>65</total>
				<timestamp>1010.768940</timestamp>
			</report>
			<report>
				<misses>4600001</misses>
				<total>66</total>
				<timestamp>1010.988650</timestamp>
			</report>
			<report>
				<misses>4601001</misses>
				<total>66</total>
				<timestamp>1011.208398</timestamp>
			</report>
			<report>
				<misses>4602001</misses>
				<total>66</total>
				<timestamp>1011.428305</timestamp>
			</report>
			<report>
				<misses>4603001</misses>
				<total>66</total>
				<timestamp>1011.647955</timestamp>
			</report>
			<report>
				<misses>4604001</misses>
				<total>65</total>
				<timestamp>1011.867835</timestamp>
			</report>
			<report>
				<misses>4605001</misses>
				<total>66</total>
				<timestamp>1012.087544</timestamp>
			</report>
			<report>
				<misses>4606001</misses>
				<total>66</total>
				<timestamp>1012.307302</timestamp>
			</report>
			<report>
				<misses>4607001</misses>
				<total>66</total>
				<timestamp>1012.527076</timestamp>
			</report>
			<report>
				<misses>4608001</misses>
				<total>66</total>
				<timestamp>1012.746908</timestamp>
			</report>
			<report>
				<misses>4609001</misses>
				<total>65</total>
				<timestamp>1012.966775</timestamp>
			</report>
			<report>
				<misses>4610001</misses>
				<total>66</total>
				<timestamp>1013.186482</timestamp>
			</report>
			<report>
				<misses>4611001</misses>
				<total>65</total>
				<timestamp>1013.406333</timestamp>
			</report>
			<report>
				<misses>4612001</misses>
				<total>66</total>
				<timestamp>1013.626012</timestamp>
			</report>
			<report>
				<misses>4613001</misses>
				<total>66</total>
				<timestamp>1013.845803</timestamp>
			</report>
			<report>
				<misses>4614001</misses>
				<total>66</total>
				<timestamp>1014.065594</timestamp>
			</report>
			<report>
				<misses>4615001</misses>
				<total>66</total>
				<timestamp>1014.285445</timestamp>
			</report>
			<report>
				<misses>4616001</misses>
				<total>66</total>
				<timestamp>1014.505103</timestamp>
			</report>
			<report>
				<misses>4617001</misses>
				<total>66</total>
				<timestamp>1014.724883</timestamp>
			</report>
			<report>
				<misses>4618001</misses>
				<total>66</total>
				<timestamp>1014.944691</timestamp>
			</report>
			<report>
				<misses>4619001</misses>
				<total>65</total>
				<timestamp>1015.164565</timestamp>
			</report>
			<report>
				<misses>4620001</misses>
				<total>65</total>
				<timestamp>1015.384297</timestamp>
			</report>
			<report>
				<misses>4621001</misses>
				<total>66</total>
				<timestamp>1015.604074</timestamp>
			</report>
			<report>
				<misses>4622001</misses>
				<total>66</total>
				<timestamp>1015.823912</timestamp>
			</report>
			<report>
				<misses>4623001</misses>
				<total>68</total>
				<timestamp>1016.043596</timestamp>
			</report>
			<report>
				<misses>4624001</misses>
				<total>68</total>
				<timestamp>1016.263438</timestamp>
			</report>
			<report>
				<misses>4625001</misses>
				<total>67</total>
				<timestamp>1016.483248</timestamp>
			</report>
			<report>
				<misses>4626001</misses>
				<total>68</total>
				<timestamp>1016.702932</timestamp>
			</report>
			<report>
				<misses>4627001</misses>
				<total>67</total>
				<timestamp>1016.922814</timestamp>
			</report>
			<report>
				<misses>4628001</misses>
				<total>68</total>
				<timestamp>1017.142582</timestamp>
			</report>
			<report>
				<misses>4629001</misses>
				<total>68</total>
				<timestamp>1017.362239</timestamp>
			</report>
			<report>
				<misses>4630001</misses>
				<total>67</total>
				<timestamp>1017.582146</timestamp>
			</report>
			<report>
				<misses>4631001</misses>
				<total>68</total>
				<timestamp>1017.801803</timestamp>
			</report>
			<report>
				<misses>4632001</misses>
				<total>67</total>
				<timestamp>1018.021619</timestamp>
			</report>
			<report>
				<misses>4633001</misses>
				<total>68</total>
				<timestamp>1018.241420</timestamp>
			</report>
			<report>
				<misses>4634001</misses>
				<total>68</total>
				<timestamp>1018.461265</timestamp>
			</report>
			<report>
				<misses>4635001</misses>
				<total>68</total>
				<timestamp>1018.680925</timestamp>
			</report>
			<report>
				<misses>4636001</misses>
				<total>68</total>
				<timestamp>1018.900728</timestamp>
			</report>
			<report>
				<misses>4637001</misses>
				<total>68</total>
				<timestamp>1019.120606</timestamp>
			</report>
			<report>
				<misses>4638001</misses>
				<total>68</total>
				<timestamp>1019.340395</timestamp>
			</report>
			<report>
				<misses>4639001</misses>
				<total>68</total>
				<timestamp>1019.560079</timestamp>
			</report>
			<report>
				<misses>4640001</misses>
				<total>68</total>
				<timestamp>1019.779856</timestamp>
			</report>
			<report>
				<misses>4641001</misses>
				<total>68</total>
				<timestamp>1019.999679</timestamp>
			</report>
			<report>
				<misses>4642001</misses>
				<total>67</total>
				<timestamp>1020.219509</timestamp>
			</report>
			<report>
				<misses>4643001</misses>
				<total>68</total>
				<timestamp>1020.439160</timestamp>
			</report>
			<report>
				<misses>4644001</misses>
				<total>68</total>
				<timestamp>1020.658944</timestamp>
			</report>
			<report>
				<misses>4645001</misses>
				<total>68</total>
				<timestamp>1020.878747</timestamp>
			</report>
			<report>
				<misses>4646001</misses>
				<total>68</total>
				<timestamp>1021.098630</timestamp>
			</report>
			<report>
				<misses>4647001</misses>
				<total>68</total>
				<timestamp>1021.318296</timestamp>
			</report>
			<report>
				<misses>4648001</misses>
				<total>68</total>
				<timestamp>1021.538185</timestamp>
			</report>
			<report>
				<misses>4649001</misses>
				<total>68</total>
				<timestamp>1021.757847</timestamp>
			</report>
			<report>
				<misses>4650001</misses>
				<total>68</total>
				<timestamp>1021.977623</timestamp>
			</report>
			<report>
				<misses>4651001</misses>
				<total>68</total>
				<timestamp>1022.197538</timestamp>
			</report>
			<report>
				<misses>4652001</misses>
				<total>68</total>
				<timestamp>1022.417215</timestamp>
			</report>
			<report>
				<misses>4653001</misses>
				<total>67</total>
				<timestamp>1022.636996</timestamp>
			</report>
			<report>
				<misses>4654001</misses>
				<total>68</total>
				<timestamp>1022.856785</timestamp>
			</report>
			<report>
				<misses>4655001</misses>
				<total>67</total>
				<timestamp>1023.076616</timestamp>
			</report>
			<report>
				<misses>4656001</misses>
				<total>67</total>
				<timestamp>1023.296329</timestamp>
			</report>
			<report>
				<misses>4657001</misses>
				<total>68</total>
				<timestamp>1023.516113</timestamp>
			</report>
			<report>
				<misses>4658001</misses>
				<total>68</total>
				<timestamp>1023.735861</timestamp>
			</report>
			<report>
				<misses>4659001</misses>
				<total>68</total>
				<timestamp>1023.955641</timestamp>
			</report>
			<report>
				<misses>4660001</misses>
				<total>68</total>
				<timestamp>1024.175489</timestamp>
			</report>
			<report>
				<misses>4661001</misses>
				<total>67</total>
				<timestamp>1024.395231</timestamp>
			</report>
			<report>
				<misses>4662001</misses>
				<total>68</total>
				<timestamp>1024.615014</timestamp>
			</report>
			<report>
				<misses>4663001</misses>
				<total>68</total>
				<timestamp>1024.834795</timestamp>
			</report>
			<report>
				<misses>4664001</misses>
				<total>67</total>
				<timestamp>1025.054602</timestamp>
			</report>
			<report>
				<misses>4665001</misses>
				<total>68</total>
				<timestamp>1025.274358</timestamp>
			</report>
			<report>
				<misses>4666001</misses>
				<total>68</total>
				<timestamp>1025.494101</timestamp>
			</report>
			<report>
				<misses>4667001</misses>
				<total>68</total>
				<timestamp>1025.713917</timestamp>
			</report>
			<report>
				<misses>4668001</misses>
				<total>68</total>
				<timestamp>1025.933789</timestamp>
			</report>
			<report>
				<misses>4669001</misses>
				<total>68</total>
				<timestamp>1026.153474</timestamp>
			</report>
			<report>
				<misses>4670001</misses>
				<total>68</total>
				<timestamp>1026.373236</timestamp>
			</report>
			<report>
				<misses>4671001</misses>
				<total>68</total>
				<timestamp>1026.593139</timestamp>
			</report>
			<report>
				<misses>4672001</misses>
				<total>68</total>
				<timestamp>1026.812813</timestamp>
			</report>
			<report>
				<misses>4673001</misses>
				<total>68</total>
				<timestamp>1027.032572</timestamp>
			</report>
			<report>
				<misses>4674001</misses>
				<total>68</total>
				<timestamp>1027.252370</timestamp>
			</report>
			<report>
				<misses>4675001</misses>
				<total>67</total>
				<timestamp>1027.472153</timestamp>
			</report>
			<report>
				<misses>4676001</misses>
				<total>68</total>
				<timestamp>1027.691912</timestamp>
			</report>
			<report>
				<misses>4677001</misses>
				<total>68</total>
				<timestamp>1027.911803</timestamp>
			</report>
			<report>
				<misses>4678001</misses>
				<total>68</total>
				<timestamp>1028.131501</timestamp>
			</report>
			<report>
				<misses>4679001</misses>
				<total>67</total>
				<timestamp>1028.351364</timestamp>
			</report>
			<report>
				<misses>4680001</misses>
				<total>67</total>
				<timestamp>1028.571052</timestamp>
			</report>
			<report>
				<misses>4681001</misses>
				<total>67</total>
				<timestamp>1028.790870</timestamp>
			</report>
			<report>
				<misses>4682001</misses>
				<total>68</total>
				<timestamp>1029.010635</timestamp>
			</report>
			<report>
				<misses>4683001</misses>
				<total>68</total>
				<timestamp>1029.230382</timestamp>
			</report>
			<report>
				<misses>4684001</misses>
				<total>68</total>
				<timestamp>1029.450246</timestamp>
			</report>
			<report>
				<misses>4685001</misses>
				<total>72</total>
				<timestamp>1029.669949</timestamp>
			</report>
			<report>
				<misses>4686001</misses>
				<total>72</total>
				<timestamp>1029.889727</timestamp>
			</report>
			<report>
				<misses>4687001</misses>
				<total>72</total>
				<timestamp>1030.109529</timestamp>
			</report>
			<report>
				<misses>4688001</misses>
				<total>71</total>
				<timestamp>1030.329328</timestamp>
			</report>
			<report>
				<misses>4689001</misses>
				<total>72</total>
				<timestamp>1030.549069</timestamp>
			</report>
			<report>
				<misses>4690001</misses>
				<total>72</total>
				<timestamp>1030.768852</timestamp>
			</report>
			<report>
				<misses>4691001</misses>
				<total>72</total>
				<timestamp>1030.988636</timestamp>
			</report>
			<report>
				<misses>4692001</misses>
				<total>71</total>
				<timestamp>1031.208505</timestamp>
			</report>
			<report>
				<misses>4693001</misses>
				<total>72</total>
				<timestamp>1031.428196</timestamp>
			</report>
			<report>
				<misses>4694001</misses>
				<total>72</total>
				<timestamp>1031.648065</timestamp>
			</report>
			<report>
				<misses>4695001</misses>
				<total>72</total>
				<timestamp>1031.867754</timestamp>
			</report>
			<report>
				<misses>4696001</misses>
				<total>71</total>
				<timestamp>1032.087633</timestamp>
			</report>
			<report>
				<misses>4697001</misses>
				<total>72</total>
				<timestamp>1032.307312</timestamp>
			</report>
			<report>
				<misses>4698001</misses>
				<total>72</total>
				<timestamp>1032.527099</timestamp>
			</report>
			<report>
				<misses>4699001</misses>
				<total>72</total>
				<timestamp>1032.746967</timestamp>
			</report>
			<report>
				<misses>4700001</misses>
				<total>72</total>
				<timestamp>1032.966619</timestamp>
			</report>
			<report>
				<misses>4701001</misses>
				<total>72</total>
				<timestamp>1033.186430</timestamp>
			</report>
			<report>
				<misses>4702001</misses>
				<total>72</total>
				<timestamp>1033.406231</timestamp>
			</report>
			<report>
				<misses>4703001</misses>
				<total>72</total>
				<timestamp>1033.625990</timestamp>
			</report>
			<report>
				<misses>4704001</misses>
				<total>73</total>
				<timestamp>1033.845769</timestamp>
			</report>
			<report>
				<misses>4705001</misses>
				<total>73</total>
				<timestamp>1034.065523</timestamp>
			</report>
			<report>
				<misses>4706001</misses>
				<total>73</total>
				<timestamp>1034.285429</timestamp>
			</report>
			<report>
				<misses>4707001</misses>
				<total>73</total>
				<timestamp>1034.505115</timestamp>
			</report>
			<report>
				<misses>4708001</misses>
				<total>73</total>
				<timestamp>1034.724862</timestamp>
			</report>
			<report>
				<misses>4709001</misses>
				<total>72</total>
				<timestamp>1034.944691</timestamp>
			</report>
			<report>
				<misses>4710001</misses>
				<total>73</total>
				<timestamp>1035.164456</timestamp>
			</report>
			<report>
				<misses>4711001</misses>
				<total>73</total>
				<timestamp>1035.384330</timestamp>
			</report>
			<report>
				<misses>4712001</misses>
				<total>72</total>
				<timestamp>1035.604031</timestamp>
			</report>
			<report>
				<misses>4713001</misses>
				<total>72</total>
				<timestamp>1035.823892</timestamp>
			</report>
			<report>
				<misses>4714001</misses>
				<total>73</total>
				<timestamp>1036.043617</timestamp>
			</report>
			<report>
				<misses>4715001</misses>
				<total>73</total>
				<timestamp>1036.263356</timestamp>
			</report>
			<report>
				<misses>4716001</misses>
				<total>73</total>
				<timestamp>1036.483134</timestamp>
			</report>
			<report>
				<misses>4717001</misses>
				<total>73</total>
				<timestamp>1036.702919</timestamp>
			</report>
			<report>
				<misses>4718001</misses>
				<total>73</total>
				<timestamp>1036.922795</timestamp>
			</report>
			<report>
				<misses>4719001</misses>
				<total>73</total>
				<timestamp>1037.142565</timestamp>
			</report>
			<report>
				<misses>4720001</misses>
				<total>73</total>
				<timestamp>1037.362258</timestamp>
			</report>
			<report>
				<misses>4721001</misses>
				<total>72</total>
				<timestamp>1037.582117</timestamp>
			</report>
			<report>
				<misses>4722001</misses>
				<total>72</total>
				<timestamp>1037.801861</timestamp>
			</report>
			<report>
				<misses>4723001</misses>
				<total>73</total>
				<timestamp>1038.021572</timestamp>
			</report>
			<report>
				<misses>4724001</misses>
				<total>72</total>
				<timestamp>1038.241491</timestamp>
			</report>
			<report>
				<misses>4725001</misses>
				<total>73</total>
				<timestamp>1038.461149</timestamp>
			</report>
			<report>
				<misses>4726001</misses>
				<total>73</total>
				<timestamp>1038.680929</timestamp>
			</report>
			<report>
				<misses>4727001</misses>
				<total>73</total>
				<timestamp>1038.900722</timestamp>
			</report>
			<report>
				<misses>4728001</misses>
				<total>73</total>
				<timestamp>1039.120493</timestamp>
			</report>
			<report>
				<misses>4729001</misses>
				<total>72</total>
				<timestamp>1039.340368</timestamp>
			</report>
			<report>
				<misses>4730001</misses>
				<total>73</total>
				<timestamp>1039.560026</timestamp>
			</report>
			<report>
				<misses>4731001</misses>
				<total>73</total>
				<timestamp>1039.779798</timestamp>
			</report>
			<report>
				<misses>4732001</misses>
				<total>73</total>
				<timestamp>1039.999601</timestamp>
			</report>
			<report>
				<misses>4733001</misses>
				<total>73</total>
				<timestamp>1040.219484</timestamp>
			</report>
			<report>
				<misses>4734001</misses>
				<total>73</total>
				<timestamp>1040.439226</timestamp>
			</report>
			<report>
				<misses>4735001</misses>
				<total>72</total>
				<timestamp>1040.659051</timestamp>
			</report>
			<report>
				<misses>4736001</misses>
				<total>73</total>
				<timestamp>1040.878736</timestamp>
			</report>
			<report>
				<misses>4737001</misses>
				<total>73</total>
				<timestamp>1041.098510</timestamp>
			</report>
			<report>
				<misses>4738001</misses>
				<total>73</total>
				<timestamp>1041.318290</timestamp>
			</report>
			<report>
				<misses>4739001</misses>
				<total>72</total>
				<timestamp>1041.538166</timestamp>
			</report>
			<report>
				<misses>4740001</misses>
				<total>73</total>
				<timestamp>1041.757873</timestamp>
			</report>
			<report>
				<misses>4741001</misses>
				<total>73</total>
				<timestamp>1041.977633</timestamp>
			</report>
			<report>
				<misses>4742001</misses>
				<total>73</total>
				<timestamp>1042.197411</timestamp>
			</report>
			<report>
				<misses>4743001</misses>
				<total>73</total>
				<timestamp>1042.417191</timestamp>
			</report>
			<report>
				<misses>4744001</misses>
				<total>73</total>
				<timestamp>1042.636948</timestamp>
			</report>
			<report>
				<misses>4745001</misses>
				<total>72</total>
				<timestamp>1042.856796</timestamp>
			</report>
			<report>
				<misses>4746001</misses>
				<total>73</total>
				<timestamp>1043.076529</timestamp>
			</report>
			<report>
				<misses>4747001</misses>
				<total>73</total>
				<timestamp>1043.296402</timestamp>
			</report>
			<report>
				<misses>4748001</misses>
				<total>73</total>
				<timestamp>1043.516059</timestamp>
			</report>
			<report>
				<misses>4749001</misses>
				<total>73</total>
				<timestamp>1043.735965</timestamp>
			</report>
			<report>
				<misses>4750001</misses>
				<total>73</total>
				<timestamp>1043.955622</timestamp>
			</report>
			<report>
				<misses>4751001</misses>
				<total>73</total>
				<timestamp>1044.175532</timestamp>
			</report>
			<report>
				<misses>4752001</misses>
				<total>73</total>
				<timestamp>1044.395178</timestamp>
			</report>
			<report>
				<misses>4753001</misses>
				<total>74</total>
				<timestamp>1044.615000</timestamp>
			</report>
			<report>
				<misses>4754001</misses>
				<total>74</total>
				<timestamp>1044.834774</timestamp>
			</report>
			<report>
				<misses>4755001</misses>
				<total>73</total>
				<timestamp>1045.054547</timestamp>
			</report>
			<report>
				<misses>4756001</misses>
				<total>74</total>
				<timestamp>1045.274334</timestamp>
			</report>
			<report>
				<misses>4757001</misses>
				<total>74</total>
				<timestamp>1045.494209</timestamp>
			</report>
			<report>
				<misses>4758001</misses>
				<total>73</total>
				<timestamp>1045.713987</timestamp>
			</report>
			<report>
				<misses>4759001</misses>
				<total>74</total>
				<timestamp>1045.933765</timestamp>
			</report>
			<report>
				<misses>4760001</misses>
				<total>74</total>
				<timestamp>1046.153452</timestamp>
			</report>
			<report>
				<misses>4761001</misses>
				<total>74</total>
				<timestamp>1046.373327</timestamp>
			</report>
			<report>
				<misses>4762001</misses>
				<total>74</total>
				<timestamp>1046.593015</timestamp>
			</report>
			<report>
				<misses>4763001</misses>
				<total>74</total>
				<timestamp>1046.812806</timestamp>
			</report>
			<report>
				<misses>4764001</misses>
				<total>74</total>
				<timestamp>1047.032583</timestamp>
			</report>
			<report>
				<misses>4765001</misses>
				<total>74</total>
				<timestamp>1047.252388</timestamp>
			</report>
			<report>
				<misses>4766001</misses>
				<total>74</total>
				<timestamp>1047.472131</timestamp>
			</report>
			<report>
				<misses>4767001</misses>
				<total>74</total>
				<timestamp>1047.691886</timestamp>
			</report>
			<report>
				<misses>4768001</misses>
				<total>74</total>
				<timestamp>1047.911668</timestamp>
			</report>
			<report>
				<misses>4769001</misses>
				<total>74</total>
				<timestamp>1048.131441</timestamp>
			</report>
			<report>
				<misses>4770001</misses>
				<total>74</total>
				<timestamp>1048.351346</timestamp>
			</report>
			<report>
				<misses>4771001</misses>
				<total>73</total>
				<timestamp>1048.571057</timestamp>
			</report>
			<report>
				<misses>4772001</misses>
				<total>74</total>
				<timestamp>1048.790788</timestamp>
			</report>
			<report>
				<misses>4773001</misses>
				<total>73</total>
				<timestamp>1049.010629</timestamp>
			</report>
			<report>
				<misses>4774001</misses>
				<total>74</total>
				<timestamp>1049.230340</timestamp>
			</report>
			<report>
				<misses>4775001</misses>
				<total>73</total>
				<timestamp>1049.450199</timestamp>
			</report>
			<report>
				<misses>4776001</misses>
				<total>74</total>
				<timestamp>1049.670056</timestamp>
			</report>
			<report>
				<misses>4777001</misses>
				<total>73</total>
				<timestamp>1049.889729</timestamp>
			</report>
			<report>
				<misses>4778001</misses>
				<total>74</total>
				<timestamp>1050.109459</timestamp>
			</report>
			<report>
				<misses>4779001</misses>
				<total>74</total>
				<timestamp>1050.329242</timestamp>
			</report>
			<report>
				<misses>4780001</misses>
				<total>73</total>
				<timestamp>1050.549057</timestamp>
			</report>
			<report>
				<misses>4781001</misses>
				<total>74</total>
				<timestamp>1050.768833</timestamp>
			</report>
			<report>
				<misses>4782001</misses>
				<total>74</total>
				<timestamp>1050.988716</timestamp>
			</report>
			<report>
				<misses>4783001</misses>
				<total>74</total>
				<timestamp>1051.208411</timestamp>
			</report>
			<report>
				<misses>4784001</misses>
				<total>74</total>
				<timestamp>1051.428186</timestamp>
			</report>
			<report>
				<misses>4785001</misses>
				<total>74</total>
				<timestamp>1051.647956</timestamp>
			</report>
			<report>
				<misses>4786001</misses>
				<total>74</total>
				<timestamp>1051.867732</timestamp>
			</report>
			<report>
				<misses>4787001</misses>
				<total>74</total>
				<timestamp>1052.087508</timestamp>
			</report>
			<report>
				<misses>4788001</misses>
				<total>74</total>
				<timestamp>1052.307296</timestamp>
			</report>
			<report>
				<misses>4789001</misses>
				<total>74</total>
				<timestamp>1052.527174</timestamp>
			</report>
			<report>
				<misses>4790001</misses>
				<total>74</total>
				<timestamp>1052.746921</timestamp>
			</report>
			<report>
				<misses>4791001</misses>
				<total>74</total>
				<timestamp>1052.966630</timestamp>
			</report>
			<report>
				<misses>4792001</misses>
				<total>74</total>
				<timestamp>1053.186413</timestamp>
			</report>
			<report>
				<misses>4793001</misses>
				<total>74</total>
				<timestamp>1053.406253</timestamp>
			</report>
			<report>
				<misses>4794001</misses>
				<total>74</total>
				<timestamp>1053.626014</timestamp>
			</report>
			<report>
				<misses>4795001</misses>
				<total>75</total>
				<timestamp>1053.845748</timestamp>
			</report>
			<report>
				<misses>4796001</misses>
				<total>75</total>
				<timestamp>1054.065540</timestamp>
			</report>
			<report>
				<misses>4797001</misses>
				<total>75</total>
				<timestamp>1054.285337</timestamp>
			</report>
			<report>
				<misses>4798001</misses>
				<total>75</total>
				<timestamp>1054.505194</timestamp>
			</report>
			<report>
				<misses>4799001</misses>
				<total>75</total>
				<timestamp>1054.724851</timestamp>
			</report>
			<report>
				<misses>4800001</misses>
				<total>75</total>
				<timestamp>1054.944633</timestamp>
			</report>
			<report>
				<misses>4801001</misses>
				<total>74</total>
				<timestamp>1055.164524</timestamp>
			</report>
			<report>
				<misses>4802001</misses>
				<total>74</total>
				<timestamp>1055.384337</timestamp>
			</report>
			<report>
				<misses>4803001</misses>
				<total>75</total>
				<timestamp>1055.603960</timestamp>
			</report>
			<report>
				<misses>4804001</misses>
				<total>75</total>
				<timestamp>1055.823780</timestamp>
			</report>
			<report>
				<misses>4805001</misses>
				<total>75</total>
				<timestamp>1056.043643</timestamp>
			</report>
			<report>
				<misses>4806001</misses>
				<total>75</total>
				<timestamp>1056.263428</timestamp>
			</report>
			<report>
				<misses>4807001</misses>
				<total>75</total>
				<timestamp>1056.483208</timestamp>
			</report>
			<report>
				<misses>4808001</misses>
				<total>74</total>
				<timestamp>1056.702891</timestamp>
			</report>
			<report>
				<misses>4809001</misses>
				<total>75</total>
				<timestamp>1056.922679</timestamp>
			</report>
			<report>
				<misses>4810001</misses>
				<total>75</total>
				<timestamp>1057.142425</timestamp>
			</report>
			<report>
				<misses>4811001</misses>
				<total>75</total>
				<timestamp>1057.362265</timestamp>
			</report>
			<report>
				<misses>4812001</misses>
				<total>74</total>
				<timestamp>1057.582110</timestamp>
			</report>
			<report>
				<misses>4813001</misses>
				<total>74</total>
				<timestamp>1057.801881</timestamp>
			</report>
			<report>
				<misses>4814001</misses>
				<total>75</total>
				<timestamp>1058.021669</timestamp>
			</report>
			<report>
				<misses>4815001</misses>
				<total>75</total>
				<timestamp>1058.241457</timestamp>
			</report>
			<report>
				<misses>4816001</misses>
				<total>75</total>
				<timestamp>1058.461130</timestamp>
			</report>
			<report>
				<misses>4817001</misses>
				<total>75</total>
				<timestamp>1058.680891</timestamp>
			</report>
			<report>
				<misses>4818001</misses>
				<total>75</total>
				<timestamp>1058.900662</timestamp>
			</report>
			<report>
				<misses>4819001</misses>
				<total>75</total>
				<timestamp>1059.120582</timestamp>
			</report>
			<report>
				<misses>4820001</misses>
				<total>75</total>
				<timestamp>1059.340221</timestamp>
			</report>
			<report>
				<misses>4821001</misses>
				<total>75</total>
				<timestamp>1059.560030</timestamp>
			</report>
			<report>
				<misses>4822001</misses>
				<total>74</total>
				<timestamp>1059.779864</timestamp>
			</report>
			<report>
				<misses>4823001</misses>
				<total>75</total>
				<timestamp>1059.999598</timestamp>
			</report>
			<report>
				<misses>4824001</misses>
				<total>74</total>
				<timestamp>1060.219472</timestamp>
			</report>
			<report>
				<misses>4825001</misses>
				<total>75</total>
				<timestamp>1060.439244</timestamp>
			</report>
			<report>
				<misses>4826001</misses>
				<total>75</total>
				<timestamp>1060.658933</timestamp>
			</report>
			<report>
				<misses>4827001</misses>
				<total>75</total>
				<timestamp>1060.878705</timestamp>
			</report>
			<report>
				<misses>4828001</misses>
				<total>74</total>
				<timestamp>1061.098550</timestamp>
			</report>
			<report>
				<misses>4829001</misses>
				<total>75</total>
				<timestamp>1061.318274</timestamp>
			</report>
			<report>
				<misses>4830001</misses>
				<total>75</total>
				<timestamp>1061.538042</timestamp>
			</report>
			<report>
				<misses>4831001</misses>
				<total>74</total>
				<timestamp>1061.757927</timestamp>
			</report>
			<report>
				<misses>4832001</misses>
				<total>75</total>
				<timestamp>1061.977606</timestamp>
			</report>
			<report>
				<misses>4833001</misses>
				<total>75</total>
				<timestamp>1062.197477</timestamp>
			</report>
			<report>
				<misses>4834001</misses>
				<total>75</total>
				<timestamp>1062.417265</timestamp>
			</report>
			<report>
				<misses>4835001</misses>
				<total>75</total>
				<timestamp>1062.637046</timestamp>
			</report>
			<report>
				<misses>4836001</misses>
				<total>75</total>
				<timestamp>1062.856830</timestamp>
			</report>
			<report>
				<misses>4837001</misses>
				<total>74</total>
				<timestamp>1063.076505</timestamp>
			</report>
			<report>
				<misses>4838001</misses>
				<total>74</total>
				<timestamp>1063.296308</timestamp>
			</report>
			<report>
				<misses>4839001</misses>
				<total>75</total>
				<timestamp>1063.516075</timestamp>
			</report>
			<report>
				<misses>4840001</misses>
				<total>75</total>
				<timestamp>1063.735823</timestamp>
			</report>
			<report>
				<misses>4841001</misses>
				<total>75</total>
				<timestamp>1063.955607</timestamp>
			</report>
			<report>
				<misses>4842001</misses>
				<total>75</total>
				<timestamp>1064.175500</timestamp>
			</report>
			<report>
				<misses>4843001</misses>
				<total>75</total>
				<timestamp>1064.395283</timestamp>
			</report>
			<report>
				<misses>4844001</misses>
				<total>74</total>
				<timestamp>1064.615070</timestamp>
			</report>
			<report>
				<misses>4845001</misses>
				<total>75</total>
				<timestamp>1064.834756</timestamp>
			</report>
			<report>
				<misses>4846001</misses>
				<total>75</total>
				<timestamp>1065.054641</timestamp>
			</report>
			<report>
				<misses>4847001</misses>
				<total>75</total>
				<timestamp>1065.274340</timestamp>
			</report>
			<report>
				<misses>4848001</misses>
				<total>75</total>
				<timestamp>1065.494087</timestamp>
			</report>
			<report>
				<misses>4849001</misses>
				<total>75</total>
				<timestamp>1065.713877</timestamp>
			</report>
			<report>
				<misses>4850001</misses>
				<total>75</total>
				<timestamp>1065.933652</timestamp>
			</report>
			<report>
				<misses>4851001</misses>
				<total>75</total>
				<timestamp>1066.153428</timestamp>
			</report>
			<report>
				<misses>4852001</misses>
				<total>75</total>
				<timestamp>1066.373334</timestamp>
			</report>
			<report>
				<misses>4853001</misses>
				<total>74</total>
				<timestamp>1066.593086</timestamp>
			</report>
			<report>
				<misses>4854001</misses>
				<total>75</total>
				<timestamp>1066.812740</timestamp>
			</report>
			<report>
				<misses>4855001</misses>
				<total>75</total>
				<timestamp>1067.032645</timestamp>
			</report>
			<report>
				<misses>4856001</misses>
				<total>75</total>
				<timestamp>1067.252437</timestamp>
			</report>
			<report>
				<misses>4857001</misses>
				<total>75</total>
				<timestamp>1067.472110</timestamp>
			</report>
			<report>
				<misses>4858001</misses>
				<total>74</total>
				<timestamp>1067.692009</timestamp>
			</report>
			<report>
				<misses>4859001</misses>
				<total>75</total>
				<timestamp>1067.911642</timestamp>
			</report>
			<report>
				<misses>4860001</misses>
				<total>75</total>
				<timestamp>1068.131454</timestamp>
			</report>
			<report>
				<misses>4861001</misses>
				<total>75</total>
				<timestamp>1068.351203</timestamp>
			</report>
			<report>
				<misses>4862001</misses>
				<total>74</total>
				<timestamp>1068.571039</timestamp>
			</report>
			<report>
				<misses>4863001</misses>
				<total>75</total>
				<timestamp>1068.790769</timestamp>
			</report>
			<report>
				<misses>4864001</misses>
				<total>74</total>
				<timestamp>1069.010666</timestamp>
			</report>
			<report>
				<misses>4865001</misses>
				<total>75</total>
				<timestamp>1069.230349</timestamp>
			</report>
			<report>
				<misses>4866001</misses>
				<total>74</total>
				<timestamp>1069.450145</timestamp>
			</report>
			<report>
				<misses>4867001</misses>
				<total>75</total>
				<timestamp>1069.669894</timestamp>
			</report>
			<report>
				<misses>4868001</misses>
				<total>75</total>
				<timestamp>1069.889707</timestamp>
			</report>
			<report>
				<misses>4869001</misses>
				<total>75</total>
				<timestamp>1070.109605</timestamp>
			</report>
			<report>
				<misses>4870001</misses>
				<total>75</total>
				<timestamp>1070.329355</timestamp>
			</report>
			<report>
				<misses>4871001</misses>
				<total>75</total>
				<timestamp>1070.549126</timestamp>
			</report>
			<report>
				<misses>4872001</misses>
				<total>75</total>
				<timestamp>1070.768792</timestamp>
			</report>
			<report>
				<misses>4873001</misses>
				<total>74</total>
				<timestamp>1070.988694</timestamp>
			</report>
			<report>
				<misses>4874001</misses>
				<total>75</total>
				<timestamp>1071.208462</timestamp>
			</report>
			<report>
				<misses>4875001</misses>
				<total>75</total>
				<timestamp>1071.428248</timestamp>
			</report>
			<report>
				<misses>4876001</misses>
				<total>75</total>
				<timestamp>1071.647914</timestamp>
			</report>
			<report>
				<misses>4877001</misses>
				<total>75</total>
				<timestamp>1071.867709</timestamp>
			</report>
			<report>
				<misses>4878001</misses>
				<total>75</total>
				<timestamp>1072.087504</timestamp>
			</report>
			<report>
				<misses>4879001</misses>
				<total>74</total>
				<timestamp>1072.307365</timestamp>
			</report>
			<report>
				<misses>4880001</misses>
				<total>75</total>
				<timestamp>1072.527150</timestamp>
			</report>
			<report>
				<misses>4881001</misses>
				<total>75</total>
				<timestamp>1072.746934</timestamp>
			</report>
			<report>
				<misses>4882001</misses>
				<total>74</total>
				<timestamp>1072.966634</timestamp>
			</report>
			<report>
				<misses>4883001</misses>
				<total>75</total>
				<timestamp>1073.186551</timestamp>
			</report>
			<report>
				<misses>4884001</misses>
				<total>75</total>
				<timestamp>1073.406171</timestamp>
			</report>
			<report>
				<misses>4885001</misses>
				<total>75</total>
				<timestamp>1073.625924</timestamp>
			</report>
			<report>
				<misses>4886001</misses>
				<total>75</total>
				<timestamp>1073.845737</timestamp>
			</report>
			<report>
				<misses>4887001</misses>
				<total>75</total>
				<timestamp>1074.065607</timestamp>
			</report>
			<report>
				<misses>4888001</misses>
				<total>75</total>
				<timestamp>1074.285387</timestamp>
			</report>
			<report>
				<misses>4889001</misses>
				<total>75</total>
				<timestamp>1074.505087</timestamp>
			</report>
			<report>
				<misses>4890001</misses>
				<total>75</total>
				<timestamp>1074.724822</timestamp>
			</report>
			<report>
				<misses>4891001</misses>
				<total>75</total>
				<timestamp>1074.944626</timestamp>
			</report>
			<report>
				<misses>4892001</misses>
				<total>75</total>
				<timestamp>1075.164504</timestamp>
			</report>
			<report>
				<misses>4893001</misses>
				<total>74</total>
				<timestamp>1075.384224</timestamp>
			</report>
			<report>
				<misses>4894001</misses>
				<total>75</total>
				<timestamp>1075.604065</timestamp>
			</report>
			<report>
				<misses>4895001</misses>
				<total>75</total>
				<timestamp>1075.823721</timestamp>
			</report>
			<report>
				<misses>4896001</misses>
				<total>75</total>
				<timestamp>1076.043530</timestamp>
			</report>
			<report>
				<misses>4897001</misses>
				<total>74</total>
				<timestamp>1076.263409</timestamp>
			</report>
			<report>
				<misses>4898001</misses>
				<total>75</total>
				<timestamp>1076.483112</timestamp>
			</report>
			<report>
				<misses>4899001</misses>
				<total>77</total>
				<timestamp>1076.702966</timestamp>
			</report>
			<report>
				<misses>4900001</misses>
				<total>78</total>
				<timestamp>1076.922623</timestamp>
			</report>
			<report>
				<misses>4901001</misses>
				<total>78</total>
				<timestamp>1077.142426</timestamp>
			</report>
			<report>
				<misses>4902001</misses>
				<total>77</total>
				<timestamp>1077.362328</timestamp>
			</report>
			<report>
				<misses>4903001</misses>
				<total>78</total>
				<timestamp>1077.581998</timestamp>
			</report>
			<report>
				<misses>4904001</misses>
				<total>77</total>
				<timestamp>1077.801789</timestamp>
			</report>
			<report>
				<misses>4905001</misses>
				<total>77</total>
				<timestamp>1078.021551</timestamp>
			</report>
			<report>
				<misses>4906001</misses>
				<total>78</total>
				<timestamp>1078.241426</timestamp>
			</report>
			<report>
				<misses>4907001</misses>
				<total>78</total>
				<timestamp>1078.461201</timestamp>
			</report>
			<report>
				<misses>4908001</misses>
				<total>78</total>
				<timestamp>1078.680897</timestamp>
			</report>
			<report>
				<misses>4909001</misses>
				<total>78</total>
				<timestamp>1078.900680</timestamp>
			</report>
			<report>
				<misses>4910001</misses>
				<total>78</total>
				<timestamp>1079.120552</timestamp>
			</report>
			<report>
				<misses>4911001</misses>
				<total>78</total>
				<timestamp>1079.340216</timestamp>
			</report>
			<report>
				<misses>4912001</misses>
				<total>78</total>
				<timestamp>1079.560111</timestamp>
			</report>
			<report>
				<misses>4913001</misses>
				<total>78</total>
				<timestamp>1079.779793</timestamp>
			</report>
			<report>
				<misses>4914001</misses>
				<total>78</total>
				<timestamp>1079.999543</timestamp>
			</report>
			<report>
				<misses>4915001</misses>
				<total>78</total>
				<timestamp>1080.219349</timestamp>
			</report>
			<report>
				<misses>4916001</misses>
				<total>78</total>
				<timestamp>1080.439103</timestamp>
			</report>
			<report>
				<misses>4917001</misses>
				<total>78</total>
				<timestamp>1080.658911</timestamp>
			</report>
			<report>
				<misses>4918001</misses>
				<total>78</total>
				<timestamp>1080.878692</timestamp>
			</report>
			<report>
				<misses>4919001</misses>
				<total>78</total>
				<timestamp>1081.098436</timestamp>
			</report>
			<report>
				<misses>4920001</misses>
				<total>77</total>
				<timestamp>1081.318345</timestamp>
			</report>
			<report>
				<misses>4921001</misses>
				<total>78</total>
				<timestamp>1081.538036</timestamp>
			</report>
			<report>
				<misses>4922001</misses>
				<total>78</total>
				<timestamp>1081.757819</timestamp>
			</report>
			<report>
				<misses>4923001</misses>
				<total>77</total>
				<timestamp>1081.977687</timestamp>
			</report>
			<report>
				<misses>4924001</misses>
				<total>78</total>
				<timestamp>1082.197373</timestamp>
			</report>
			<report>
				<misses>4925001</misses>
				<total>78</total>
				<timestamp>1082.417168</timestamp>
			</report>
			<report>
				<misses>4926001</misses>
				<total>78</total>
				<timestamp>1082.637028</timestamp>
			</report>
			<report>
				<misses>4927001</misses>
				<total>78</total>
				<timestamp>1082.856707</timestamp>
			</report>
			<report>
				<misses>4928001</misses>
				<total>78</total>
				<timestamp>1083.076487</timestamp>
			</report>
			<report>
				<misses>4929001</misses>
				<total>78</total>
				<timestamp>1083.296297</timestamp>
			</report>
			<report>
				<misses>4930001</misses>
				<total>78</total>
				<timestamp>1083.516142</timestamp>
			</report>
			<report>
				<misses>4931001</misses>
				<total>78</total>
				<timestamp>1083.735854</timestamp>
			</report>
			<report>
				<misses>4932001</misses>
				<total>78</total>
				<timestamp>1083.955716</timestamp>
			</report>
			<report>
				<misses>4933001</misses>
				<total>78</total>
				<timestamp>1084.175489</timestamp>
			</report>
			<report>
				<misses>4934001</misses>
				<total>78</total>
				<timestamp>1084.395188</timestamp>
			</report>
			<report>
				<misses>4935001</misses>
				<total>78</total>
				<timestamp>1084.614920</timestamp>
			</report>
			<report>
				<misses>4936001</misses>
				<total>78</total>
				<timestamp>1084.834730</timestamp>
			</report>
			<report>
				<misses>4937001</misses>
				<total>77</total>
				<timestamp>1085.054607</timestamp>
			</report>
			<report>
				<misses>4938001</misses>
				<total>78</total>
				<timestamp>1085.274288</timestamp>
			</report>
			<report>
				<misses>4939001</misses>
				<total>78</total>
				<timestamp>1085.494050</timestamp>
			</report>
			<report>
				<misses>4940001</misses>
				<total>78</total>
				<timestamp>1085.713821</timestamp>
			</report>
			<report>
				<misses>4941001</misses>
				<total>78</total>
				<timestamp>1085.933631</timestamp>
			</report>
			<report>
				<misses>4942001</misses>
				<total>78</total>
				<timestamp>1086.153417</timestamp>
			</report>
			<report>
				<misses>4943001</misses>
				<total>78</total>
				<timestamp>1086.373198</timestamp>
			</report>
			<report>
				<misses>4944001</misses>
				<total>78</total>
				<timestamp>1086.593066</timestamp>
			</report>
			<report>
				<misses>4945001</misses>
				<total>78</total>
				<timestamp>1086.812723</timestamp>
			</report>
			<report>
				<misses>4946001</misses>
				<total>77</total>
				<timestamp>1087.032555</timestamp>
			</report>
			<report>
				<misses>4947001</misses>
				<total>78</total>
				<timestamp>1087.252289</timestamp>
			</report>
			<report>
				<misses>4948001</misses>
				<total>78</total>
				<timestamp>1087.472212</timestamp>
			</report>
			<report>
				<misses>4949001</misses>
				<total>77</total>
				<timestamp>1087.691903</timestamp>
			</report>
			<report>
				<misses>4950001</misses>
				<total>78</total>
				<timestamp>1087.911654</timestamp>
			</report>
			<report>
				<misses>4951001</misses>
				<total>78</total>
				<timestamp>1088.131439</timestamp>
			</report>
			<report>
				<misses>4952001</misses>
				<total>78</total>
				<timestamp>1088.351306</timestamp>
			</report>
			<report>
				<misses>4953001</misses>
				<total>78</total>
				<timestamp>1088.570961</timestamp>
			</report>
			<report>
				<misses>4954001</misses>
				<total>77</total>
				<timestamp>1088.790862</timestamp>
			</report>
			<report>
				<misses>4955001</misses>
				<total>78</total>
				<timestamp>1089.010646</timestamp>
			</report>
			<report>
				<misses>4956001</misses>
				<total>77</total>
				<timestamp>1089.230427</timestamp>
			</report>
			<report>
				<misses>4957001</misses>
				<total>78</total>
				<timestamp>1089.450242</timestamp>
			</report>
			<report>
				<misses>4958001</misses>
				<total>78</total>
				<timestamp>1089.669866</timestamp>
			</report>
			<report>
				<misses>4959001</misses>
				<total>78</total>
				<timestamp>1089.889685</timestamp>
			</report>
			<report>
				<misses>4960001</misses>
				<total>78</total>
				<timestamp>1090.109457</timestamp>
			</report>
			<report>
				<misses>4961001</misses>
				<total>78</total>
				<timestamp>1090.329207</timestamp>
			</report>
			<report>
				<misses>4962001</misses>
				<total>78</total>
				<timestamp>1090.549022</timestamp>
			</report>
			<report>
				<misses>4963001</misses>
				<total>78</total>
				<timestamp>1090.768763</timestamp>
			</report>
			<report>
				<misses>4964001</misses>
				<total>77</total>
				<timestamp>1090.988575</timestamp>
			</report>
			<report>
				<misses>4965001</misses>
				<total>78</total>
				<timestamp>1091.208355</timestamp>
			</report>
			<report>
				<misses>4966001</misses>
				<total>78</total>
				<timestamp>1091.428139</timestamp>
			</report>
			<report>
				<misses>4967001</misses>
				<total>78</total>
				<timestamp>1091.647963</timestamp>
			</report>
			<report>
				<misses>4968001</misses>
				<total>78</total>
				<timestamp>1091.867790</timestamp>
			</report>
			<report>
				<misses>4969001</misses>
				<total>78</total>
				<timestamp>1092.087480</timestamp>
			</report>
			<report>
				<misses>4970001</misses>
				<total>78</total>
				<timestamp>1092.307233</timestamp>
			</report>
			<report>
				<misses>4971001</misses>
				<total>78</total>
				<timestamp>1092.527101</timestamp>
			</report>
			<report>
				<misses>4972001</misses>
				<total>78</total>
				<timestamp>1092.746911</timestamp>
			</report>
			<report>
				<misses>4973001</misses>
				<total>77</total>
				<timestamp>1092.966591</timestamp>
			</report>
			<report>
				<misses>4974001</misses>
				<total>77</total>
				<timestamp>1093.186462</timestamp>
			</report>
			<report>
				<misses>4975001</misses>
				<total>77</total>
				<timestamp>1093.406243</timestamp>
			</report>
			<report>
				<misses>4976001</misses>
				<total>78</total>
				<timestamp>1093.626023</timestamp>
			</report>
			<report>
				<misses>4977001</misses>
				<total>78</total>
				<timestamp>1093.845714</timestamp>
			</report>
			<report>
				<misses>4978001</misses>
				<total>78</total>
				<timestamp>1094.065491</timestamp>
			</report>
			<report>
				<misses>4979001</misses>
				<total>78</total>
				<timestamp>1094.285238</timestamp>
			</report>
			<report>
				<misses>4980001</misses>
				<total>78</total>
				<timestamp>1094.505151</timestamp>
			</report>
			<report>
				<misses>4981001</misses>
				<total>78</total>
				<timestamp>1094.724940</timestamp>
			</report>
			<report>
				<misses>4982001</misses>
				<total>78</total>
				<timestamp>1094.944592</timestamp>
			</report>
			<report>
				<misses>4983001</misses>
				<total>78</total>
				<timestamp>1095.164404</timestamp>
			</report>
			<report>
				<misses>4984001</misses>
				<total>78</total>
				<timestamp>1095.384260</timestamp>
			</report>
			<report>
				<misses>4985001</misses>
				<total>78</total>
				<timestamp>1095.604040</timestamp>
			</report>
			<report>
				<misses>4986001</misses>
				<total>78</total>
				<timestamp>1095.823704</timestamp>
			</report>
			<report>
				<misses>4987001</misses>
				<total>78</total>
				<timestamp>1096.043483</timestamp>
			</report>
			<report>
				<misses>4988001</misses>
				<total>78</total>
				<timestamp>1096.263321</timestamp>
			</report>
			<report>
				<misses>4989001</misses>
				<total>78</total>
				<timestamp>1096.483161</timestamp>
			</report>
			<report>
				<misses>4990001</misses>
				<total>78</total>
				<timestamp>1096.702848</timestamp>
			</report>
			<report>
				<misses>4991001</misses>
				<total>78</total>
				<timestamp>1096.922725</timestamp>
			</report>
			<report>
				<misses>4992001</misses>
				<total>78</total>
				<timestamp>1097.142382</timestamp>
			</report>
			<report>
				<misses>4993001</misses>
				<total>78</total>
				<timestamp>1097.362285</timestamp>
			</report>
			<report>
				<misses>4994001</misses>
				<total>78</total>
				<timestamp>1097.582065</timestamp>
			</report>
			<report>
				<misses>4995001</misses>
				<total>78</total>
				<timestamp>1097.801751</timestamp>
			</report>
			<report>
				<misses>4996001</misses>
				<total>78</total>
				<timestamp>1098.021625</timestamp>
			</report>
			<report>
				<misses>4997001</misses>
				<total>78</total>
				<timestamp>1098.241308</timestamp>
			</report>
			<report>
				<misses>4998001</misses>
				<total>78</total>
				<timestamp>1098.461090</timestamp>
			</report>
			<report>
				<misses>4999001</misses>
				<total>78</total>
				<timestamp>1098.680963</timestamp>
			</report>
			<report>
				<misses>5000001</misses>
				<total>77</total>
				<timestamp>1098.900689</timestamp>
			</report>
		</query>
	</custom>
	<ethtool_statistic>
		<rx_packets>
			<start>7775452571</start>
			<end>7867211410</end>
		</rx_packets>
		<tx_packets>
			<start>13060106887</start>
			<end>13210945362</end>
		</tx_packets>
		<rx_dropped>
			<start>828</start>
			<end>828</end>
		</rx_dropped>
		<tx_dropped>
			<start>0</start>
			<end>0</end>
		</tx_dropped>
		<collisions>
			<start>0</start>
			<end>0</end>
		</collisions>
		<port_tx_errors>
			<start>0</start>
			<end>0</end>
		</port_tx_errors>
		<port_rx_dropped>
			<start>0</start>
			<end>0</end>
		</port_rx_dropped>
		<port_tx_dropped_link_down>
			<start>0</start>
			<end>0</end>
		</port_tx_dropped_link_down>
	</ethtool_statistic>
	<ip_statistic>
		<mtu>
			<start>9000</start>
			<end>9000</end>
		</mtu>
		<rx_bytes>
			<start>31929461746657</start>
			<end>32297492311092</end>
		</rx_bytes>
		<rx_packets>
			<start>7775452970</start>
			<end>7867211789</end>
		</rx_packets>
		<rx_errors>
			<start>0</start>
			<end>0</end>
		</rx_errors>
		<rx_dropped>
			<start>828</start>
			<end>828</end>
		</rx_dropped>
		<rx_missed>
			<start>0</start>
			<end>0</end>
		</rx_missed>
		<rx_mcast>
			<start>5009</start>
			<end>5024</end>
		</rx_mcast>
		<tx_bytes>
			<start>45362652198626</start>
			<end>45969585806822</end>
		</tx_bytes>
		<tx_packets>
			<start>13060106915</start>
			<end>13210945390</end>
		</tx_packets>
		<tx_errors>
			<start>0</start>
			<end>0</end>
		</tx_errors>
		<tx_dropped>
			<start>0</start>
			<end>0</end>
		</tx_dropped>
		<tx_carrier>
			<start>0</start>
			<end>0</end>
		</tx_carrier>
		<tx_collisions>
			<start>0</start>
			<end>0</end>
		</tx_collisions>
	</ip_statistic>
	<netstat_statistic>
		<udp_pkg_rec>
			<start>6630462961</start>
			<end>6707840570</end>
		</udp_pkg_rec>
		<udp_pkg_snt>
			<start>11433718009</start>
			<end>11549597116</end>
		</udp_pkg_snt>
		<udp_rec_err>
			<start>1146947506</start>
			<end>1161334353</end>
		</udp_rec_err>
		<udp_rec_buf_err>
			<start>1146947506</start>
			<end>1161334353</end>
		</udp_rec_buf_err>
		<udp_snt_buf_err>
			<start>0</start>
			<end>0</end>
		</udp_snt_buf_err>
	</netstat_statistic>
</test_results>
