<?xml version="1.0"?>
<test_results>
	<status>STATUS_SUCCESS</status>
	<custom>
		<num_loss>57930</num_loss>
		<num_total>5000001</num_total>
		<num_misses>14686658</num_misses>
		<elapsed_time>49.216804</elapsed_time>
		<query>
			<report>
				<misses>100000</misses>
				<total>727</total>
				<timestamp>1.025974</timestamp>
			</report>
			<report>
				<misses>200000</misses>
				<total>1285</total>
				<timestamp>2.026378</timestamp>
			</report>
			<report>
				<misses>300000</misses>
				<total>2899</total>
				<timestamp>3.002580</timestamp>
			</report>
			<report>
				<misses>400000</misses>
				<total>4560</total>
				<timestamp>3.955526</timestamp>
			</report>
			<report>
				<misses>500000</misses>
				<total>5998</total>
				<timestamp>4.940810</timestamp>
			</report>
			<report>
				<misses>600000</misses>
				<total>7372</total>
				<timestamp>5.918949</timestamp>
			</report>
			<report>
				<misses>700000</misses>
				<total>8650</total>
				<timestamp>6.895520</timestamp>
			</report>
			<report>
				<misses>800000</misses>
				<total>9953</total>
				<timestamp>7.895574</timestamp>
			</report>
			<report>
				<misses>900000</misses>
				<total>10926</total>
				<timestamp>8.875532</timestamp>
			</report>
			<report>
				<misses>1000000</misses>
				<total>12253</total>
				<timestamp>9.861601</timestamp>
			</report>
			<report>
				<misses>1100000</misses>
				<total>13013</total>
				<timestamp>10.873126</timestamp>
			</report>
			<report>
				<misses>1200000</misses>
				<total>13942</total>
				<timestamp>11.850281</timestamp>
			</report>
			<report>
				<misses>1300000</misses>
				<total>15252</total>
				<timestamp>12.855394</timestamp>
			</report>
			<report>
				<misses>1400000</misses>
				<total>16351</total>
				<timestamp>13.837329</timestamp>
			</report>
			<report>
				<misses>1500000</misses>
				<total>17604</total>
				<timestamp>14.802760</timestamp>
			</report>
			<report>
				<misses>1600000</misses>
				<total>18492</total>
				<timestamp>15.761096</timestamp>
			</report>
			<report>
				<misses>1700000</misses>
				<total>19642</total>
				<timestamp>16.733703</timestamp>
			</report>
			<report>
				<misses>1800000</misses>
				<total>20439</total>
				<timestamp>17.742920</timestamp>
			</report>
			<report>
				<misses>1900000</misses>
				<total>21419</total>
				<timestamp>18.735258</timestamp>
			</report>
			<report>
				<misses>2000000</misses>
				<total>22584</total>
				<timestamp>19.700586</timestamp>
			</report>
			<report>
				<misses>2100000</misses>
				<total>23851</total>
				<timestamp>20.690636</timestamp>
			</report>
			<report>
				<misses>2200000</misses>
				<total>24232</total>
				<timestamp>21.663320</timestamp>
			</report>
			<report>
				<misses>2300000</misses>
				<total>25535</total>
				<timestamp>22.665736</timestamp>
			</report>
			<report>
				<misses>2400000</misses>
				<total>26847</total>
				<timestamp>23.655841</timestamp>
			</report>
			<report>
				<misses>2500000</misses>
				<total>27754</total>
				<timestamp>24.653548</timestamp>
			</report>
			<report>
				<misses>2600000</misses>
				<total>28974</total>
				<timestamp>25.601078</timestamp>
			</report>
			<report>
				<misses>2700000</misses>
				<total>30387</total>
				<timestamp>26.571000</timestamp>
			</report>
			<report>
				<misses>2800000</misses>
				<total>31476</total>
				<timestamp>27.543597</timestamp>
			</report>
			<report>
				<misses>2900000</misses>
				<total>33204</total>
				<timestamp>28.527289</timestamp>
			</report>
			<report>
				<misses>3000000</misses>
				<total>34433</total>
				<timestamp>29.525293</timestamp>
			</report>
			<report>
				<misses>3100000</misses>
				<total>35775</total>
				<timestamp>30.484665</timestamp>
			</report>
			<report>
				<misses>3200000</misses>
				<total>36846</total>
				<timestamp>31.458029</timestamp>
			</report>
			<report>
				<misses>3300000</misses>
				<total>38716</total>
				<timestamp>32.430313</timestamp>
			</report>
			<report>
				<misses>3400000</misses>
				<total>39450</total>
				<timestamp>33.438119</timestamp>
			</report>
			<report>
				<misses>3500000</misses>
				<total>40485</total>
				<timestamp>34.429087</timestamp>
			</report>
			<report>
				<misses>3600000</misses>
				<total>41507</total>
				<timestamp>35.399477</timestamp>
			</report>
			<report>
				<misses>3700000</misses>
				<total>42927</total>
				<timestamp>36.392795</timestamp>
			</report>
			<report>
				<misses>3800000</misses>
				<total>44036</total>
				<timestamp>37.370022</timestamp>
			</report>
			<report>
				<misses>3900000</misses>
				<total>45000</total>
				<timestamp>38.392544</timestamp>
			</report>
			<report>
				<misses>4000000</misses>
				<total>46155</total>
				<timestamp>39.387217</timestamp>
			</report>
			<report>
				<misses>4100000</misses>
				<total>47599</total>
				<timestamp>40.381673</timestamp>
			</report>
			<report>
				<misses>4200000</misses>
				<total>49471</total>
				<timestamp>41.363230</timestamp>
			</report>
			<report>
				<misses>4300000</misses>
				<total>50860</total>
				<timestamp>42.321106</timestamp>
			</report>
			<report>
				<misses>4400000</misses>
				<total>51950</total>
				<timestamp>43.291966</timestamp>
			</report>
			<report>
				<misses>4500000</misses>
				<total>52991</total>
				<timestamp>44.302767</timestamp>
			</report>
			<report>
				<misses>4600000</misses>
				<total>53855</total>
				<timestamp>45.276872</timestamp>
			</report>
			<report>
				<misses>4700000</misses>
				<total>55151</total>
				<timestamp>46.284781</timestamp>
			</report>
			<report>
				<misses>4800000</misses>
				<total>56132</total>
				<timestamp>47.251632</timestamp>
			</report>
			<report>
				<misses>4900000</misses>
				<total>57134</total>
				<timestamp>48.231686</timestamp>
			</report>
			<report>
				<misses>5000000</misses>
				<total>57930</total>
				<timestamp>49.216783</timestamp>
			</report>
		</query>
	</custom>
	<ethtool_statistic>
		<rx_packets>
			<start>2640485211</start>
			<end>2643002790</end>
		</rx_packets>
		<tx_packets>
			<start>2976092744</start>
			<end>2982606966</end>
		</tx_packets>
		<rx_dropped>
			<start>0</start>
			<end>0</end>
		</rx_dropped>
		<tx_dropped>
			<start>0</start>
			<end>0</end>
		</tx_dropped>
		<collisions>
			<start>0</start>
			<end>0</end>
		</collisions>
		<port_tx_errors>
			<start>0</start>
			<end>0</end>
		</port_tx_errors>
		<port_rx_dropped>
			<start>0</start>
			<end>0</end>
		</port_rx_dropped>
		<port_tx_dropped_link_down>
			<start>0</start>
			<end>0</end>
		</port_tx_dropped_link_down>
	</ethtool_statistic>
	<ip_statistic>
		<mtu>
			<start>9000</start>
			<end>9000</end>
		</mtu>
		<rx_bytes>
			<start>23737120080614</start>
			<end>23759743631440</end>
		</rx_bytes>
		<rx_packets>
			<start>2640485299</start>
			<end>2643002886</end>
		</rx_packets>
		<rx_errors>
			<start>0</start>
			<end>0</end>
		</rx_errors>
		<rx_dropped>
			<start>0</start>
			<end>0</end>
		</rx_dropped>
		<rx_missed>
			<start>0</start>
			<end>0</end>
		</rx_missed>
		<rx_mcast>
			<start>485</start>
			<end>486</end>
		</rx_mcast>
		<tx_bytes>
			<start>14877514626936</start>
			<end>14935819178022</end>
		</tx_bytes>
		<tx_packets>
			<start>2976092800</start>
			<end>2982607016</end>
		</tx_packets>
		<tx_errors>
			<start>0</start>
			<end>0</end>
		</tx_errors>
		<tx_dropped>
			<start>0</start>
			<end>0</end>
		</tx_dropped>
		<tx_carrier>
			<start>0</start>
			<end>0</end>
		</tx_carrier>
		<tx_collisions>
			<start>0</start>
			<end>0</end>
		</tx_collisions>
	</ip_statistic>
	<netstat_statistic>
		<udp_pkg_rec>
			<start>2487915195</start>
			<end>2490283134</end>
		</udp_pkg_rec>
		<udp_pkg_snt>
			<start>2976349030</start>
			<end>2982861645</end>
		</udp_pkg_snt>
		<udp_rec_err>
			<start>152806698</start>
			<end>152955600</end>
		</udp_rec_err>
		<udp_rec_buf_err>
			<start>152806698</start>
			<end>152955600</end>
		</udp_rec_buf_err>
		<udp_snt_buf_err>
			<start>0</start>
			<end>0</end>
		</udp_snt_buf_err>
	</netstat_statistic>
</test_results>
