<?xml version="1.0"?>
<test_results>
	<status>STATUS_SUCCESS</status>
	<custom>
		<num_loss>51</num_loss>
		<num_total>45000001</num_total>
		<num_misses>106522845</num_misses>
		<elapsed_time>378.806111</elapsed_time>
		<query>
			<report>
				<misses>100000</misses>
				<total>0</total>
				<timestamp>0.758432</timestamp>
			</report>
			<report>
				<misses>200000</misses>
				<total>0</total>
				<timestamp>1.514018</timestamp>
			</report>
			<report>
				<misses>300000</misses>
				<total>0</total>
				<timestamp>2.337558</timestamp>
			</report>
			<report>
				<misses>400000</misses>
				<total>0</total>
				<timestamp>3.189360</timestamp>
			</report>
			<report>
				<misses>500000</misses>
				<total>0</total>
				<timestamp>4.057419</timestamp>
			</report>
			<report>
				<misses>600000</misses>
				<total>0</total>
				<timestamp>4.895805</timestamp>
			</report>
			<report>
				<misses>700000</misses>
				<total>0</total>
				<timestamp>5.783974</timestamp>
			</report>
			<report>
				<misses>800000</misses>
				<total>0</total>
				<timestamp>6.593265</timestamp>
			</report>
			<report>
				<misses>900000</misses>
				<total>0</total>
				<timestamp>7.445681</timestamp>
			</report>
			<report>
				<misses>1000000</misses>
				<total>0</total>
				<timestamp>8.280411</timestamp>
			</report>
			<report>
				<misses>1100000</misses>
				<total>0</total>
				<timestamp>9.120164</timestamp>
			</report>
			<report>
				<misses>1200000</misses>
				<total>0</total>
				<timestamp>9.930036</timestamp>
			</report>
			<report>
				<misses>1300000</misses>
				<total>2</total>
				<timestamp>10.852660</timestamp>
			</report>
			<report>
				<misses>1400000</misses>
				<total>2</total>
				<timestamp>11.625847</timestamp>
			</report>
			<report>
				<misses>1500000</misses>
				<total>2</total>
				<timestamp>12.500718</timestamp>
			</report>
			<report>
				<misses>1600000</misses>
				<total>2</total>
				<timestamp>13.304203</timestamp>
			</report>
			<report>
				<misses>1700000</misses>
				<total>2</total>
				<timestamp>14.119608</timestamp>
			</report>
			<report>
				<misses>1800000</misses>
				<total>2</total>
				<timestamp>14.954514</timestamp>
			</report>
			<report>
				<misses>1900000</misses>
				<total>2</total>
				<timestamp>15.765403</timestamp>
			</report>
			<report>
				<misses>2000000</misses>
				<total>2</total>
				<timestamp>16.606658</timestamp>
			</report>
			<report>
				<misses>2100000</misses>
				<total>2</total>
				<timestamp>17.406892</timestamp>
			</report>
			<report>
				<misses>2200000</misses>
				<total>2</total>
				<timestamp>18.237997</timestamp>
			</report>
			<report>
				<misses>2300000</misses>
				<total>2</total>
				<timestamp>19.070474</timestamp>
			</report>
			<report>
				<misses>2400000</misses>
				<total>2</total>
				<timestamp>19.890976</timestamp>
			</report>
			<report>
				<misses>2500000</misses>
				<total>2</total>
				<timestamp>20.726372</timestamp>
			</report>
			<report>
				<misses>2600000</misses>
				<total>2</total>
				<timestamp>21.547292</timestamp>
			</report>
			<report>
				<misses>2700000</misses>
				<total>2</total>
				<timestamp>22.318869</timestamp>
			</report>
			<report>
				<misses>2800000</misses>
				<total>2</total>
				<timestamp>23.143370</timestamp>
			</report>
			<report>
				<misses>2900000</misses>
				<total>2</total>
				<timestamp>23.974228</timestamp>
			</report>
			<report>
				<misses>3000000</misses>
				<total>2</total>
				<timestamp>24.773484</timestamp>
			</report>
			<report>
				<misses>3100000</misses>
				<total>2</total>
				<timestamp>25.575557</timestamp>
			</report>
			<report>
				<misses>3200000</misses>
				<total>2</total>
				<timestamp>26.437991</timestamp>
			</report>
			<report>
				<misses>3300000</misses>
				<total>2</total>
				<timestamp>27.272905</timestamp>
			</report>
			<report>
				<misses>3400000</misses>
				<total>6</total>
				<timestamp>28.129440</timestamp>
			</report>
			<report>
				<misses>3500000</misses>
				<total>6</total>
				<timestamp>28.924026</timestamp>
			</report>
			<report>
				<misses>3600000</misses>
				<total>6</total>
				<timestamp>29.766804</timestamp>
			</report>
			<report>
				<misses>3700000</misses>
				<total>6</total>
				<timestamp>30.589298</timestamp>
			</report>
			<report>
				<misses>3800000</misses>
				<total>6</total>
				<timestamp>31.447037</timestamp>
			</report>
			<report>
				<misses>3900000</misses>
				<total>7</total>
				<timestamp>32.311610</timestamp>
			</report>
			<report>
				<misses>4000000</misses>
				<total>7</total>
				<timestamp>33.181317</timestamp>
			</report>
			<report>
				<misses>4100000</misses>
				<total>7</total>
				<timestamp>34.009079</timestamp>
			</report>
			<report>
				<misses>4200000</misses>
				<total>7</total>
				<timestamp>34.798896</timestamp>
			</report>
			<report>
				<misses>4300000</misses>
				<total>7</total>
				<timestamp>35.673221</timestamp>
			</report>
			<report>
				<misses>4400000</misses>
				<total>7</total>
				<timestamp>36.486962</timestamp>
			</report>
			<report>
				<misses>4500000</misses>
				<total>7</total>
				<timestamp>37.353874</timestamp>
			</report>
			<report>
				<misses>4600000</misses>
				<total>8</total>
				<timestamp>38.228184</timestamp>
			</report>
			<report>
				<misses>4700000</misses>
				<total>8</total>
				<timestamp>39.038601</timestamp>
			</report>
			<report>
				<misses>4800000</misses>
				<total>8</total>
				<timestamp>39.941836</timestamp>
			</report>
			<report>
				<misses>4900000</misses>
				<total>9</total>
				<timestamp>40.759793</timestamp>
			</report>
			<report>
				<misses>5000000</misses>
				<total>9</total>
				<timestamp>41.584720</timestamp>
			</report>
			<report>
				<misses>5100000</misses>
				<total>9</total>
				<timestamp>42.404865</timestamp>
			</report>
			<report>
				<misses>5200000</misses>
				<total>9</total>
				<timestamp>43.284107</timestamp>
			</report>
			<report>
				<misses>5300000</misses>
				<total>9</total>
				<timestamp>44.137231</timestamp>
			</report>
			<report>
				<misses>5400000</misses>
				<total>9</total>
				<timestamp>45.015959</timestamp>
			</report>
			<report>
				<misses>5500000</misses>
				<total>9</total>
				<timestamp>45.845631</timestamp>
			</report>
			<report>
				<misses>5600000</misses>
				<total>13</total>
				<timestamp>46.656692</timestamp>
			</report>
			<report>
				<misses>5700000</misses>
				<total>13</total>
				<timestamp>47.474764</timestamp>
			</report>
			<report>
				<misses>5800000</misses>
				<total>13</total>
				<timestamp>48.317611</timestamp>
			</report>
			<report>
				<misses>5900000</misses>
				<total>13</total>
				<timestamp>49.170692</timestamp>
			</report>
			<report>
				<misses>6000000</misses>
				<total>13</total>
				<timestamp>49.982746</timestamp>
			</report>
			<report>
				<misses>6100000</misses>
				<total>13</total>
				<timestamp>50.821691</timestamp>
			</report>
			<report>
				<misses>6200000</misses>
				<total>13</total>
				<timestamp>51.680050</timestamp>
			</report>
			<report>
				<misses>6300000</misses>
				<total>13</total>
				<timestamp>52.539381</timestamp>
			</report>
			<report>
				<misses>6400000</misses>
				<total>13</total>
				<timestamp>53.374832</timestamp>
			</report>
			<report>
				<misses>6500000</misses>
				<total>13</total>
				<timestamp>54.292010</timestamp>
			</report>
			<report>
				<misses>6600000</misses>
				<total>13</total>
				<timestamp>55.089946</timestamp>
			</report>
			<report>
				<misses>6700000</misses>
				<total>13</total>
				<timestamp>55.895663</timestamp>
			</report>
			<report>
				<misses>6800000</misses>
				<total>13</total>
				<timestamp>56.748385</timestamp>
			</report>
			<report>
				<misses>6900000</misses>
				<total>13</total>
				<timestamp>57.568143</timestamp>
			</report>
			<report>
				<misses>7000000</misses>
				<total>13</total>
				<timestamp>58.423364</timestamp>
			</report>
			<report>
				<misses>7100000</misses>
				<total>13</total>
				<timestamp>59.262242</timestamp>
			</report>
			<report>
				<misses>7200000</misses>
				<total>13</total>
				<timestamp>60.161377</timestamp>
			</report>
			<report>
				<misses>7300000</misses>
				<total>13</total>
				<timestamp>61.036227</timestamp>
			</report>
			<report>
				<misses>7400000</misses>
				<total>13</total>
				<timestamp>61.892520</timestamp>
			</report>
			<report>
				<misses>7500000</misses>
				<total>13</total>
				<timestamp>62.691550</timestamp>
			</report>
			<report>
				<misses>7600000</misses>
				<total>13</total>
				<timestamp>63.561004</timestamp>
			</report>
			<report>
				<misses>7700000</misses>
				<total>13</total>
				<timestamp>64.345314</timestamp>
			</report>
			<report>
				<misses>7800000</misses>
				<total>13</total>
				<timestamp>65.213431</timestamp>
			</report>
			<report>
				<misses>7900000</misses>
				<total>13</total>
				<timestamp>66.016860</timestamp>
			</report>
			<report>
				<misses>8000000</misses>
				<total>13</total>
				<timestamp>66.839312</timestamp>
			</report>
			<report>
				<misses>8100000</misses>
				<total>13</total>
				<timestamp>67.727051</timestamp>
			</report>
			<report>
				<misses>8200000</misses>
				<total>13</total>
				<timestamp>68.565284</timestamp>
			</report>
			<report>
				<misses>8300000</misses>
				<total>13</total>
				<timestamp>69.420201</timestamp>
			</report>
			<report>
				<misses>8400000</misses>
				<total>13</total>
				<timestamp>70.292481</timestamp>
			</report>
			<report>
				<misses>8500000</misses>
				<total>13</total>
				<timestamp>71.110845</timestamp>
			</report>
			<report>
				<misses>8600000</misses>
				<total>13</total>
				<timestamp>71.910416</timestamp>
			</report>
			<report>
				<misses>8700000</misses>
				<total>13</total>
				<timestamp>72.773032</timestamp>
			</report>
			<report>
				<misses>8800000</misses>
				<total>13</total>
				<timestamp>73.566716</timestamp>
			</report>
			<report>
				<misses>8900000</misses>
				<total>13</total>
				<timestamp>74.448079</timestamp>
			</report>
			<report>
				<misses>9000000</misses>
				<total>13</total>
				<timestamp>75.301844</timestamp>
			</report>
			<report>
				<misses>9100000</misses>
				<total>13</total>
				<timestamp>76.139354</timestamp>
			</report>
			<report>
				<misses>9200000</misses>
				<total>13</total>
				<timestamp>76.985938</timestamp>
			</report>
			<report>
				<misses>9300000</misses>
				<total>17</total>
				<timestamp>77.834854</timestamp>
			</report>
			<report>
				<misses>9400000</misses>
				<total>17</total>
				<timestamp>78.709328</timestamp>
			</report>
			<report>
				<misses>9500000</misses>
				<total>17</total>
				<timestamp>79.536090</timestamp>
			</report>
			<report>
				<misses>9600000</misses>
				<total>17</total>
				<timestamp>80.349330</timestamp>
			</report>
			<report>
				<misses>9700000</misses>
				<total>17</total>
				<timestamp>81.232880</timestamp>
			</report>
			<report>
				<misses>9800000</misses>
				<total>17</total>
				<timestamp>82.038578</timestamp>
			</report>
			<report>
				<misses>9900000</misses>
				<total>17</total>
				<timestamp>82.979425</timestamp>
			</report>
			<report>
				<misses>10000000</misses>
				<total>17</total>
				<timestamp>83.827660</timestamp>
			</report>
			<report>
				<misses>10100000</misses>
				<total>17</total>
				<timestamp>84.681873</timestamp>
			</report>
			<report>
				<misses>10200000</misses>
				<total>17</total>
				<timestamp>85.518361</timestamp>
			</report>
			<report>
				<misses>10300000</misses>
				<total>17</total>
				<timestamp>86.379089</timestamp>
			</report>
			<report>
				<misses>10400000</misses>
				<total>17</total>
				<timestamp>87.243311</timestamp>
			</report>
			<report>
				<misses>10500000</misses>
				<total>17</total>
				<timestamp>88.098930</timestamp>
			</report>
			<report>
				<misses>10600000</misses>
				<total>17</total>
				<timestamp>88.926683</timestamp>
			</report>
			<report>
				<misses>10700000</misses>
				<total>17</total>
				<timestamp>89.764881</timestamp>
			</report>
			<report>
				<misses>10800000</misses>
				<total>17</total>
				<timestamp>90.618370</timestamp>
			</report>
			<report>
				<misses>10900000</misses>
				<total>17</total>
				<timestamp>91.481335</timestamp>
			</report>
			<report>
				<misses>11000000</misses>
				<total>17</total>
				<timestamp>92.297345</timestamp>
			</report>
			<report>
				<misses>11100000</misses>
				<total>17</total>
				<timestamp>93.139540</timestamp>
			</report>
			<report>
				<misses>11200000</misses>
				<total>17</total>
				<timestamp>94.022843</timestamp>
			</report>
			<report>
				<misses>11300000</misses>
				<total>17</total>
				<timestamp>94.877090</timestamp>
			</report>
			<report>
				<misses>11400000</misses>
				<total>17</total>
				<timestamp>95.751447</timestamp>
			</report>
			<report>
				<misses>11500000</misses>
				<total>17</total>
				<timestamp>96.617365</timestamp>
			</report>
			<report>
				<misses>11600000</misses>
				<total>17</total>
				<timestamp>97.470596</timestamp>
			</report>
			<report>
				<misses>11700000</misses>
				<total>17</total>
				<timestamp>98.256099</timestamp>
			</report>
			<report>
				<misses>11800000</misses>
				<total>17</total>
				<timestamp>99.113615</timestamp>
			</report>
			<report>
				<misses>11900000</misses>
				<total>17</total>
				<timestamp>99.944040</timestamp>
			</report>
			<report>
				<misses>12000000</misses>
				<total>17</total>
				<timestamp>100.782209</timestamp>
			</report>
			<report>
				<misses>12100000</misses>
				<total>17</total>
				<timestamp>101.622695</timestamp>
			</report>
			<report>
				<misses>12200000</misses>
				<total>17</total>
				<timestamp>102.464637</timestamp>
			</report>
			<report>
				<misses>12300000</misses>
				<total>17</total>
				<timestamp>103.336201</timestamp>
			</report>
			<report>
				<misses>12400000</misses>
				<total>17</total>
				<timestamp>104.198162</timestamp>
			</report>
			<report>
				<misses>12500000</misses>
				<total>17</total>
				<timestamp>105.064701</timestamp>
			</report>
			<report>
				<misses>12600000</misses>
				<total>17</total>
				<timestamp>105.931543</timestamp>
			</report>
			<report>
				<misses>12700000</misses>
				<total>17</total>
				<timestamp>106.818455</timestamp>
			</report>
			<report>
				<misses>12800000</misses>
				<total>17</total>
				<timestamp>107.664630</timestamp>
			</report>
			<report>
				<misses>12900000</misses>
				<total>18</total>
				<timestamp>108.481511</timestamp>
			</report>
			<report>
				<misses>13000000</misses>
				<total>18</total>
				<timestamp>109.326505</timestamp>
			</report>
			<report>
				<misses>13100000</misses>
				<total>18</total>
				<timestamp>110.177760</timestamp>
			</report>
			<report>
				<misses>13200000</misses>
				<total>18</total>
				<timestamp>111.050623</timestamp>
			</report>
			<report>
				<misses>13300000</misses>
				<total>18</total>
				<timestamp>111.866742</timestamp>
			</report>
			<report>
				<misses>13400000</misses>
				<total>18</total>
				<timestamp>112.724091</timestamp>
			</report>
			<report>
				<misses>13500000</misses>
				<total>18</total>
				<timestamp>113.551333</timestamp>
			</report>
			<report>
				<misses>13600000</misses>
				<total>19</total>
				<timestamp>114.392806</timestamp>
			</report>
			<report>
				<misses>13700000</misses>
				<total>19</total>
				<timestamp>115.198884</timestamp>
			</report>
			<report>
				<misses>13800000</misses>
				<total>19</total>
				<timestamp>116.063125</timestamp>
			</report>
			<report>
				<misses>13900000</misses>
				<total>19</total>
				<timestamp>116.929634</timestamp>
			</report>
			<report>
				<misses>14000000</misses>
				<total>19</total>
				<timestamp>117.809700</timestamp>
			</report>
			<report>
				<misses>14100000</misses>
				<total>19</total>
				<timestamp>118.653198</timestamp>
			</report>
			<report>
				<misses>14200000</misses>
				<total>19</total>
				<timestamp>119.499798</timestamp>
			</report>
			<report>
				<misses>14300000</misses>
				<total>19</total>
				<timestamp>120.375736</timestamp>
			</report>
			<report>
				<misses>14400000</misses>
				<total>19</total>
				<timestamp>121.213777</timestamp>
			</report>
			<report>
				<misses>14500000</misses>
				<total>19</total>
				<timestamp>122.070378</timestamp>
			</report>
			<report>
				<misses>14600000</misses>
				<total>19</total>
				<timestamp>122.937535</timestamp>
			</report>
			<report>
				<misses>14700000</misses>
				<total>19</total>
				<timestamp>123.806909</timestamp>
			</report>
			<report>
				<misses>14800000</misses>
				<total>19</total>
				<timestamp>124.688806</timestamp>
			</report>
			<report>
				<misses>14900000</misses>
				<total>19</total>
				<timestamp>125.609586</timestamp>
			</report>
			<report>
				<misses>15000000</misses>
				<total>19</total>
				<timestamp>126.426034</timestamp>
			</report>
			<report>
				<misses>15100000</misses>
				<total>19</total>
				<timestamp>127.289640</timestamp>
			</report>
			<report>
				<misses>15200000</misses>
				<total>19</total>
				<timestamp>128.069988</timestamp>
			</report>
			<report>
				<misses>15300000</misses>
				<total>19</total>
				<timestamp>128.940634</timestamp>
			</report>
			<report>
				<misses>15400000</misses>
				<total>19</total>
				<timestamp>129.771060</timestamp>
			</report>
			<report>
				<misses>15500000</misses>
				<total>19</total>
				<timestamp>130.662934</timestamp>
			</report>
			<report>
				<misses>15600000</misses>
				<total>19</total>
				<timestamp>131.542196</timestamp>
			</report>
			<report>
				<misses>15700000</misses>
				<total>19</total>
				<timestamp>132.388156</timestamp>
			</report>
			<report>
				<misses>15800000</misses>
				<total>19</total>
				<timestamp>133.225726</timestamp>
			</report>
			<report>
				<misses>15900000</misses>
				<total>19</total>
				<timestamp>134.043903</timestamp>
			</report>
			<report>
				<misses>16000000</misses>
				<total>19</total>
				<timestamp>134.901810</timestamp>
			</report>
			<report>
				<misses>16100000</misses>
				<total>19</total>
				<timestamp>135.773207</timestamp>
			</report>
			<report>
				<misses>16200000</misses>
				<total>19</total>
				<timestamp>136.629150</timestamp>
			</report>
			<report>
				<misses>16300000</misses>
				<total>21</total>
				<timestamp>137.486782</timestamp>
			</report>
			<report>
				<misses>16400000</misses>
				<total>21</total>
				<timestamp>138.294085</timestamp>
			</report>
			<report>
				<misses>16500000</misses>
				<total>21</total>
				<timestamp>139.179552</timestamp>
			</report>
			<report>
				<misses>16600000</misses>
				<total>21</total>
				<timestamp>140.033713</timestamp>
			</report>
			<report>
				<misses>16700000</misses>
				<total>21</total>
				<timestamp>140.855412</timestamp>
			</report>
			<report>
				<misses>16800000</misses>
				<total>21</total>
				<timestamp>141.712511</timestamp>
			</report>
			<report>
				<misses>16900000</misses>
				<total>21</total>
				<timestamp>142.571607</timestamp>
			</report>
			<report>
				<misses>17000000</misses>
				<total>21</total>
				<timestamp>143.390149</timestamp>
			</report>
			<report>
				<misses>17100000</misses>
				<total>21</total>
				<timestamp>144.246719</timestamp>
			</report>
			<report>
				<misses>17200000</misses>
				<total>21</total>
				<timestamp>145.124478</timestamp>
			</report>
			<report>
				<misses>17300000</misses>
				<total>21</total>
				<timestamp>145.963377</timestamp>
			</report>
			<report>
				<misses>17400000</misses>
				<total>21</total>
				<timestamp>146.845283</timestamp>
			</report>
			<report>
				<misses>17500000</misses>
				<total>21</total>
				<timestamp>147.708812</timestamp>
			</report>
			<report>
				<misses>17600000</misses>
				<total>21</total>
				<timestamp>148.537223</timestamp>
			</report>
			<report>
				<misses>17700000</misses>
				<total>21</total>
				<timestamp>149.365420</timestamp>
			</report>
			<report>
				<misses>17800000</misses>
				<total>21</total>
				<timestamp>150.222425</timestamp>
			</report>
			<report>
				<misses>17900000</misses>
				<total>21</total>
				<timestamp>151.053490</timestamp>
			</report>
			<report>
				<misses>18000000</misses>
				<total>21</total>
				<timestamp>151.912112</timestamp>
			</report>
			<report>
				<misses>18100000</misses>
				<total>21</total>
				<timestamp>152.748462</timestamp>
			</report>
			<report>
				<misses>18200000</misses>
				<total>21</total>
				<timestamp>153.577097</timestamp>
			</report>
			<report>
				<misses>18300000</misses>
				<total>21</total>
				<timestamp>154.439690</timestamp>
			</report>
			<report>
				<misses>18400000</misses>
				<total>21</total>
				<timestamp>155.258280</timestamp>
			</report>
			<report>
				<misses>18500000</misses>
				<total>23</total>
				<timestamp>156.078958</timestamp>
			</report>
			<report>
				<misses>18600000</misses>
				<total>23</total>
				<timestamp>156.925236</timestamp>
			</report>
			<report>
				<misses>18700000</misses>
				<total>23</total>
				<timestamp>157.806524</timestamp>
			</report>
			<report>
				<misses>18800000</misses>
				<total>23</total>
				<timestamp>158.652258</timestamp>
			</report>
			<report>
				<misses>18900000</misses>
				<total>23</total>
				<timestamp>159.485565</timestamp>
			</report>
			<report>
				<misses>19000000</misses>
				<total>23</total>
				<timestamp>160.373417</timestamp>
			</report>
			<report>
				<misses>19100000</misses>
				<total>27</total>
				<timestamp>161.227131</timestamp>
			</report>
			<report>
				<misses>19200000</misses>
				<total>27</total>
				<timestamp>162.077989</timestamp>
			</report>
			<report>
				<misses>19300000</misses>
				<total>27</total>
				<timestamp>162.879958</timestamp>
			</report>
			<report>
				<misses>19400000</misses>
				<total>27</total>
				<timestamp>163.775968</timestamp>
			</report>
			<report>
				<misses>19500000</misses>
				<total>28</total>
				<timestamp>164.593282</timestamp>
			</report>
			<report>
				<misses>19600000</misses>
				<total>28</total>
				<timestamp>165.438898</timestamp>
			</report>
			<report>
				<misses>19700000</misses>
				<total>28</total>
				<timestamp>166.256804</timestamp>
			</report>
			<report>
				<misses>19800000</misses>
				<total>28</total>
				<timestamp>167.122503</timestamp>
			</report>
			<report>
				<misses>19900000</misses>
				<total>28</total>
				<timestamp>167.957477</timestamp>
			</report>
			<report>
				<misses>20000000</misses>
				<total>28</total>
				<timestamp>168.799549</timestamp>
			</report>
			<report>
				<misses>20100000</misses>
				<total>28</total>
				<timestamp>169.613003</timestamp>
			</report>
			<report>
				<misses>20200000</misses>
				<total>28</total>
				<timestamp>170.468267</timestamp>
			</report>
			<report>
				<misses>20300000</misses>
				<total>28</total>
				<timestamp>171.332607</timestamp>
			</report>
			<report>
				<misses>20400000</misses>
				<total>28</total>
				<timestamp>172.185239</timestamp>
			</report>
			<report>
				<misses>20500000</misses>
				<total>28</total>
				<timestamp>173.031215</timestamp>
			</report>
			<report>
				<misses>20600000</misses>
				<total>28</total>
				<timestamp>173.887792</timestamp>
			</report>
			<report>
				<misses>20700000</misses>
				<total>28</total>
				<timestamp>174.743046</timestamp>
			</report>
			<report>
				<misses>20800000</misses>
				<total>28</total>
				<timestamp>175.589249</timestamp>
			</report>
			<report>
				<misses>20900000</misses>
				<total>28</total>
				<timestamp>176.409701</timestamp>
			</report>
			<report>
				<misses>21000000</misses>
				<total>28</total>
				<timestamp>177.243740</timestamp>
			</report>
			<report>
				<misses>21100000</misses>
				<total>28</total>
				<timestamp>178.082143</timestamp>
			</report>
			<report>
				<misses>21200000</misses>
				<total>28</total>
				<timestamp>178.894231</timestamp>
			</report>
			<report>
				<misses>21300000</misses>
				<total>28</total>
				<timestamp>179.751478</timestamp>
			</report>
			<report>
				<misses>21400000</misses>
				<total>28</total>
				<timestamp>180.632990</timestamp>
			</report>
			<report>
				<misses>21500000</misses>
				<total>30</total>
				<timestamp>181.485671</timestamp>
			</report>
			<report>
				<misses>21600000</misses>
				<total>30</total>
				<timestamp>182.343206</timestamp>
			</report>
			<report>
				<misses>21700000</misses>
				<total>30</total>
				<timestamp>183.167575</timestamp>
			</report>
			<report>
				<misses>21800000</misses>
				<total>30</total>
				<timestamp>184.004443</timestamp>
			</report>
			<report>
				<misses>21900000</misses>
				<total>30</total>
				<timestamp>184.840872</timestamp>
			</report>
			<report>
				<misses>22000000</misses>
				<total>30</total>
				<timestamp>185.667453</timestamp>
			</report>
			<report>
				<misses>22100000</misses>
				<total>30</total>
				<timestamp>186.494423</timestamp>
			</report>
			<report>
				<misses>22200000</misses>
				<total>30</total>
				<timestamp>187.358255</timestamp>
			</report>
			<report>
				<misses>22300000</misses>
				<total>30</total>
				<timestamp>188.201298</timestamp>
			</report>
			<report>
				<misses>22400000</misses>
				<total>30</total>
				<timestamp>189.041113</timestamp>
			</report>
			<report>
				<misses>22500000</misses>
				<total>30</total>
				<timestamp>189.870357</timestamp>
			</report>
			<report>
				<misses>22600000</misses>
				<total>30</total>
				<timestamp>190.724028</timestamp>
			</report>
			<report>
				<misses>22700000</misses>
				<total>30</total>
				<timestamp>191.557938</timestamp>
			</report>
			<report>
				<misses>22800000</misses>
				<total>31</total>
				<timestamp>192.406667</timestamp>
			</report>
			<report>
				<misses>22900000</misses>
				<total>31</total>
				<timestamp>193.247621</timestamp>
			</report>
			<report>
				<misses>23000000</misses>
				<total>31</total>
				<timestamp>194.031747</timestamp>
			</report>
			<report>
				<misses>23100000</misses>
				<total>31</total>
				<timestamp>194.893621</timestamp>
			</report>
			<report>
				<misses>23200000</misses>
				<total>31</total>
				<timestamp>195.741436</timestamp>
			</report>
			<report>
				<misses>23300000</misses>
				<total>31</total>
				<timestamp>196.661546</timestamp>
			</report>
			<report>
				<misses>23400000</misses>
				<total>31</total>
				<timestamp>197.498453</timestamp>
			</report>
			<report>
				<misses>23500000</misses>
				<total>31</total>
				<timestamp>198.371546</timestamp>
			</report>
			<report>
				<misses>23600000</misses>
				<total>31</total>
				<timestamp>199.231582</timestamp>
			</report>
			<report>
				<misses>23700000</misses>
				<total>31</total>
				<timestamp>200.072952</timestamp>
			</report>
			<report>
				<misses>23800000</misses>
				<total>31</total>
				<timestamp>200.895426</timestamp>
			</report>
			<report>
				<misses>23900000</misses>
				<total>31</total>
				<timestamp>201.703092</timestamp>
			</report>
			<report>
				<misses>24000000</misses>
				<total>31</total>
				<timestamp>202.552673</timestamp>
			</report>
			<report>
				<misses>24100000</misses>
				<total>31</total>
				<timestamp>203.381820</timestamp>
			</report>
			<report>
				<misses>24200000</misses>
				<total>31</total>
				<timestamp>204.220170</timestamp>
			</report>
			<report>
				<misses>24300000</misses>
				<total>31</total>
				<timestamp>205.094623</timestamp>
			</report>
			<report>
				<misses>24400000</misses>
				<total>31</total>
				<timestamp>205.955973</timestamp>
			</report>
			<report>
				<misses>24500000</misses>
				<total>31</total>
				<timestamp>206.761073</timestamp>
			</report>
			<report>
				<misses>24600000</misses>
				<total>31</total>
				<timestamp>207.608644</timestamp>
			</report>
			<report>
				<misses>24700000</misses>
				<total>31</total>
				<timestamp>208.470983</timestamp>
			</report>
			<report>
				<misses>24800000</misses>
				<total>31</total>
				<timestamp>209.258997</timestamp>
			</report>
			<report>
				<misses>24900000</misses>
				<total>31</total>
				<timestamp>210.112165</timestamp>
			</report>
			<report>
				<misses>25000000</misses>
				<total>31</total>
				<timestamp>210.961514</timestamp>
			</report>
			<report>
				<misses>25100000</misses>
				<total>31</total>
				<timestamp>211.838833</timestamp>
			</report>
			<report>
				<misses>25200000</misses>
				<total>31</total>
				<timestamp>212.638407</timestamp>
			</report>
			<report>
				<misses>25300000</misses>
				<total>31</total>
				<timestamp>213.498552</timestamp>
			</report>
			<report>
				<misses>25400000</misses>
				<total>31</total>
				<timestamp>214.361992</timestamp>
			</report>
			<report>
				<misses>25500000</misses>
				<total>31</total>
				<timestamp>215.227524</timestamp>
			</report>
			<report>
				<misses>25600000</misses>
				<total>31</total>
				<timestamp>216.038234</timestamp>
			</report>
			<report>
				<misses>25700000</misses>
				<total>31</total>
				<timestamp>216.862090</timestamp>
			</report>
			<report>
				<misses>25800000</misses>
				<total>31</total>
				<timestamp>217.684572</timestamp>
			</report>
			<report>
				<misses>25900000</misses>
				<total>31</total>
				<timestamp>218.488522</timestamp>
			</report>
			<report>
				<misses>26000000</misses>
				<total>31</total>
				<timestamp>219.293063</timestamp>
			</report>
			<report>
				<misses>26100000</misses>
				<total>31</total>
				<timestamp>220.113420</timestamp>
			</report>
			<report>
				<misses>26200000</misses>
				<total>34</total>
				<timestamp>220.903427</timestamp>
			</report>
			<report>
				<misses>26300000</misses>
				<total>34</total>
				<timestamp>221.707087</timestamp>
			</report>
			<report>
				<misses>26400000</misses>
				<total>34</total>
				<timestamp>222.558629</timestamp>
			</report>
			<report>
				<misses>26500000</misses>
				<total>34</total>
				<timestamp>223.467419</timestamp>
			</report>
			<report>
				<misses>26600000</misses>
				<total>34</total>
				<timestamp>224.297602</timestamp>
			</report>
			<report>
				<misses>26700000</misses>
				<total>34</total>
				<timestamp>225.142092</timestamp>
			</report>
			<report>
				<misses>26800000</misses>
				<total>34</total>
				<timestamp>225.952927</timestamp>
			</report>
			<report>
				<misses>26900000</misses>
				<total>34</total>
				<timestamp>226.758148</timestamp>
			</report>
			<report>
				<misses>27000000</misses>
				<total>34</total>
				<timestamp>227.589462</timestamp>
			</report>
			<report>
				<misses>27100000</misses>
				<total>34</total>
				<timestamp>228.432241</timestamp>
			</report>
			<report>
				<misses>27200000</misses>
				<total>34</total>
				<timestamp>229.236598</timestamp>
			</report>
			<report>
				<misses>27300000</misses>
				<total>34</total>
				<timestamp>230.097170</timestamp>
			</report>
			<report>
				<misses>27400000</misses>
				<total>34</total>
				<timestamp>230.900416</timestamp>
			</report>
			<report>
				<misses>27500000</misses>
				<total>34</total>
				<timestamp>231.755636</timestamp>
			</report>
			<report>
				<misses>27600000</misses>
				<total>34</total>
				<timestamp>232.624956</timestamp>
			</report>
			<report>
				<misses>27700000</misses>
				<total>34</total>
				<timestamp>233.449773</timestamp>
			</report>
			<report>
				<misses>27800000</misses>
				<total>34</total>
				<timestamp>234.262333</timestamp>
			</report>
			<report>
				<misses>27900000</misses>
				<total>34</total>
				<timestamp>235.100755</timestamp>
			</report>
			<report>
				<misses>28000000</misses>
				<total>34</total>
				<timestamp>235.897623</timestamp>
			</report>
			<report>
				<misses>28100000</misses>
				<total>34</total>
				<timestamp>236.702564</timestamp>
			</report>
			<report>
				<misses>28200000</misses>
				<total>34</total>
				<timestamp>237.550277</timestamp>
			</report>
			<report>
				<misses>28300000</misses>
				<total>34</total>
				<timestamp>238.377562</timestamp>
			</report>
			<report>
				<misses>28400000</misses>
				<total>34</total>
				<timestamp>239.213937</timestamp>
			</report>
			<report>
				<misses>28500000</misses>
				<total>34</total>
				<timestamp>240.081780</timestamp>
			</report>
			<report>
				<misses>28600000</misses>
				<total>34</total>
				<timestamp>240.926073</timestamp>
			</report>
			<report>
				<misses>28700000</misses>
				<total>34</total>
				<timestamp>241.726440</timestamp>
			</report>
			<report>
				<misses>28800000</misses>
				<total>34</total>
				<timestamp>242.535008</timestamp>
			</report>
			<report>
				<misses>28900000</misses>
				<total>34</total>
				<timestamp>243.405387</timestamp>
			</report>
			<report>
				<misses>29000000</misses>
				<total>34</total>
				<timestamp>244.241486</timestamp>
			</report>
			<report>
				<misses>29100000</misses>
				<total>34</total>
				<timestamp>245.055249</timestamp>
			</report>
			<report>
				<misses>29200000</misses>
				<total>34</total>
				<timestamp>245.932537</timestamp>
			</report>
			<report>
				<misses>29300000</misses>
				<total>34</total>
				<timestamp>246.772870</timestamp>
			</report>
			<report>
				<misses>29400000</misses>
				<total>34</total>
				<timestamp>247.553886</timestamp>
			</report>
			<report>
				<misses>29500000</misses>
				<total>34</total>
				<timestamp>248.398943</timestamp>
			</report>
			<report>
				<misses>29600000</misses>
				<total>34</total>
				<timestamp>249.245380</timestamp>
			</report>
			<report>
				<misses>29700000</misses>
				<total>34</total>
				<timestamp>250.046043</timestamp>
			</report>
			<report>
				<misses>29800000</misses>
				<total>34</total>
				<timestamp>250.877855</timestamp>
			</report>
			<report>
				<misses>29900000</misses>
				<total>34</total>
				<timestamp>251.777040</timestamp>
			</report>
			<report>
				<misses>30000000</misses>
				<total>34</total>
				<timestamp>252.600941</timestamp>
			</report>
			<report>
				<misses>30100000</misses>
				<total>34</total>
				<timestamp>253.464526</timestamp>
			</report>
			<report>
				<misses>30200000</misses>
				<total>34</total>
				<timestamp>254.280264</timestamp>
			</report>
			<report>
				<misses>30300000</misses>
				<total>34</total>
				<timestamp>255.099689</timestamp>
			</report>
			<report>
				<misses>30400000</misses>
				<total>34</total>
				<timestamp>255.903365</timestamp>
			</report>
			<report>
				<misses>30500000</misses>
				<total>34</total>
				<timestamp>256.748639</timestamp>
			</report>
			<report>
				<misses>30600000</misses>
				<total>36</total>
				<timestamp>257.568127</timestamp>
			</report>
			<report>
				<misses>30700000</misses>
				<total>36</total>
				<timestamp>258.382640</timestamp>
			</report>
			<report>
				<misses>30800000</misses>
				<total>36</total>
				<timestamp>259.219515</timestamp>
			</report>
			<report>
				<misses>30900000</misses>
				<total>36</total>
				<timestamp>260.049522</timestamp>
			</report>
			<report>
				<misses>31000000</misses>
				<total>36</total>
				<timestamp>260.902495</timestamp>
			</report>
			<report>
				<misses>31100000</misses>
				<total>36</total>
				<timestamp>261.724451</timestamp>
			</report>
			<report>
				<misses>31200000</misses>
				<total>36</total>
				<timestamp>262.578610</timestamp>
			</report>
			<report>
				<misses>31300000</misses>
				<total>36</total>
				<timestamp>263.389962</timestamp>
			</report>
			<report>
				<misses>31400000</misses>
				<total>36</total>
				<timestamp>264.258984</timestamp>
			</report>
			<report>
				<misses>31500000</misses>
				<total>36</total>
				<timestamp>265.073227</timestamp>
			</report>
			<report>
				<misses>31600000</misses>
				<total>36</total>
				<timestamp>265.915003</timestamp>
			</report>
			<report>
				<misses>31700000</misses>
				<total>36</total>
				<timestamp>266.747120</timestamp>
			</report>
			<report>
				<misses>31800000</misses>
				<total>36</total>
				<timestamp>267.596690</timestamp>
			</report>
			<report>
				<misses>31900000</misses>
				<total>36</total>
				<timestamp>268.384734</timestamp>
			</report>
			<report>
				<misses>32000000</misses>
				<total>36</total>
				<timestamp>269.229714</timestamp>
			</report>
			<report>
				<misses>32100000</misses>
				<total>36</total>
				<timestamp>270.076222</timestamp>
			</report>
			<report>
				<misses>32200000</misses>
				<total>36</total>
				<timestamp>270.909834</timestamp>
			</report>
			<report>
				<misses>32300000</misses>
				<total>36</total>
				<timestamp>271.764082</timestamp>
			</report>
			<report>
				<misses>32400000</misses>
				<total>36</total>
				<timestamp>272.568914</timestamp>
			</report>
			<report>
				<misses>32500000</misses>
				<total>36</total>
				<timestamp>273.409221</timestamp>
			</report>
			<report>
				<misses>32600000</misses>
				<total>36</total>
				<timestamp>274.251786</timestamp>
			</report>
			<report>
				<misses>32700000</misses>
				<total>36</total>
				<timestamp>275.065603</timestamp>
			</report>
			<report>
				<misses>32800000</misses>
				<total>36</total>
				<timestamp>275.965050</timestamp>
			</report>
			<report>
				<misses>32900000</misses>
				<total>36</total>
				<timestamp>276.805853</timestamp>
			</report>
			<report>
				<misses>33000000</misses>
				<total>36</total>
				<timestamp>277.652423</timestamp>
			</report>
			<report>
				<misses>33100000</misses>
				<total>36</total>
				<timestamp>278.457070</timestamp>
			</report>
			<report>
				<misses>33200000</misses>
				<total>36</total>
				<timestamp>279.307909</timestamp>
			</report>
			<report>
				<misses>33300000</misses>
				<total>36</total>
				<timestamp>280.138799</timestamp>
			</report>
			<report>
				<misses>33400000</misses>
				<total>38</total>
				<timestamp>280.978512</timestamp>
			</report>
			<report>
				<misses>33500000</misses>
				<total>38</total>
				<timestamp>281.782651</timestamp>
			</report>
			<report>
				<misses>33600000</misses>
				<total>38</total>
				<timestamp>282.649543</timestamp>
			</report>
			<report>
				<misses>33700000</misses>
				<total>38</total>
				<timestamp>283.482238</timestamp>
			</report>
			<report>
				<misses>33800000</misses>
				<total>38</total>
				<timestamp>284.267738</timestamp>
			</report>
			<report>
				<misses>33900000</misses>
				<total>38</total>
				<timestamp>285.080826</timestamp>
			</report>
			<report>
				<misses>34000000</misses>
				<total>38</total>
				<timestamp>285.943765</timestamp>
			</report>
			<report>
				<misses>34100000</misses>
				<total>38</total>
				<timestamp>286.740911</timestamp>
			</report>
			<report>
				<misses>34200000</misses>
				<total>38</total>
				<timestamp>287.598526</timestamp>
			</report>
			<report>
				<misses>34300000</misses>
				<total>38</total>
				<timestamp>288.462566</timestamp>
			</report>
			<report>
				<misses>34400000</misses>
				<total>38</total>
				<timestamp>289.277980</timestamp>
			</report>
			<report>
				<misses>34500000</misses>
				<total>38</total>
				<timestamp>290.123605</timestamp>
			</report>
			<report>
				<misses>34600000</misses>
				<total>38</total>
				<timestamp>290.938869</timestamp>
			</report>
			<report>
				<misses>34700000</misses>
				<total>38</total>
				<timestamp>291.781111</timestamp>
			</report>
			<report>
				<misses>34800000</misses>
				<total>38</total>
				<timestamp>292.635123</timestamp>
			</report>
			<report>
				<misses>34900000</misses>
				<total>38</total>
				<timestamp>293.504238</timestamp>
			</report>
			<report>
				<misses>35000000</misses>
				<total>38</total>
				<timestamp>294.326801</timestamp>
			</report>
			<report>
				<misses>35100000</misses>
				<total>38</total>
				<timestamp>295.151767</timestamp>
			</report>
			<report>
				<misses>35200000</misses>
				<total>38</total>
				<timestamp>295.969743</timestamp>
			</report>
			<report>
				<misses>35300000</misses>
				<total>38</total>
				<timestamp>296.822898</timestamp>
			</report>
			<report>
				<misses>35400000</misses>
				<total>38</total>
				<timestamp>297.659425</timestamp>
			</report>
			<report>
				<misses>35500000</misses>
				<total>38</total>
				<timestamp>298.514178</timestamp>
			</report>
			<report>
				<misses>35600000</misses>
				<total>38</total>
				<timestamp>299.333885</timestamp>
			</report>
			<report>
				<misses>35700000</misses>
				<total>38</total>
				<timestamp>300.161463</timestamp>
			</report>
			<report>
				<misses>35800000</misses>
				<total>38</total>
				<timestamp>301.014759</timestamp>
			</report>
			<report>
				<misses>35900000</misses>
				<total>38</total>
				<timestamp>301.866121</timestamp>
			</report>
			<report>
				<misses>36000000</misses>
				<total>38</total>
				<timestamp>302.691189</timestamp>
			</report>
			<report>
				<misses>36100000</misses>
				<total>38</total>
				<timestamp>303.499084</timestamp>
			</report>
			<report>
				<misses>36200000</misses>
				<total>38</total>
				<timestamp>304.325445</timestamp>
			</report>
			<report>
				<misses>36300000</misses>
				<total>38</total>
				<timestamp>305.174270</timestamp>
			</report>
			<report>
				<misses>36400000</misses>
				<total>39</total>
				<timestamp>306.017349</timestamp>
			</report>
			<report>
				<misses>36500000</misses>
				<total>39</total>
				<timestamp>306.890203</timestamp>
			</report>
			<report>
				<misses>36600000</misses>
				<total>39</total>
				<timestamp>307.716730</timestamp>
			</report>
			<report>
				<misses>36700000</misses>
				<total>39</total>
				<timestamp>308.567288</timestamp>
			</report>
			<report>
				<misses>36800000</misses>
				<total>39</total>
				<timestamp>309.357667</timestamp>
			</report>
			<report>
				<misses>36900000</misses>
				<total>39</total>
				<timestamp>310.199711</timestamp>
			</report>
			<report>
				<misses>37000000</misses>
				<total>39</total>
				<timestamp>311.043595</timestamp>
			</report>
			<report>
				<misses>37100000</misses>
				<total>39</total>
				<timestamp>311.888707</timestamp>
			</report>
			<report>
				<misses>37200000</misses>
				<total>39</total>
				<timestamp>312.737997</timestamp>
			</report>
			<report>
				<misses>37300000</misses>
				<total>39</total>
				<timestamp>313.551557</timestamp>
			</report>
			<report>
				<misses>37400000</misses>
				<total>39</total>
				<timestamp>314.423900</timestamp>
			</report>
			<report>
				<misses>37500000</misses>
				<total>39</total>
				<timestamp>315.234142</timestamp>
			</report>
			<report>
				<misses>37600000</misses>
				<total>39</total>
				<timestamp>316.046385</timestamp>
			</report>
			<report>
				<misses>37700000</misses>
				<total>39</total>
				<timestamp>316.901742</timestamp>
			</report>
			<report>
				<misses>37800000</misses>
				<total>39</total>
				<timestamp>317.746297</timestamp>
			</report>
			<report>
				<misses>37900000</misses>
				<total>39</total>
				<timestamp>318.589772</timestamp>
			</report>
			<report>
				<misses>38000000</misses>
				<total>41</total>
				<timestamp>319.442430</timestamp>
			</report>
			<report>
				<misses>38100000</misses>
				<total>41</total>
				<timestamp>320.299379</timestamp>
			</report>
			<report>
				<misses>38200000</misses>
				<total>41</total>
				<timestamp>321.076969</timestamp>
			</report>
			<report>
				<misses>38300000</misses>
				<total>41</total>
				<timestamp>321.932865</timestamp>
			</report>
			<report>
				<misses>38400000</misses>
				<total>41</total>
				<timestamp>322.749036</timestamp>
			</report>
			<report>
				<misses>38500000</misses>
				<total>41</total>
				<timestamp>323.574536</timestamp>
			</report>
			<report>
				<misses>38600000</misses>
				<total>41</total>
				<timestamp>324.402518</timestamp>
			</report>
			<report>
				<misses>38700000</misses>
				<total>41</total>
				<timestamp>325.261398</timestamp>
			</report>
			<report>
				<misses>38800000</misses>
				<total>41</total>
				<timestamp>326.072701</timestamp>
			</report>
			<report>
				<misses>38900000</misses>
				<total>41</total>
				<timestamp>326.956364</timestamp>
			</report>
			<report>
				<misses>39000000</misses>
				<total>41</total>
				<timestamp>327.780693</timestamp>
			</report>
			<report>
				<misses>39100000</misses>
				<total>41</total>
				<timestamp>328.669179</timestamp>
			</report>
			<report>
				<misses>39200000</misses>
				<total>41</total>
				<timestamp>329.493759</timestamp>
			</report>
			<report>
				<misses>39300000</misses>
				<total>42</total>
				<timestamp>330.328264</timestamp>
			</report>
			<report>
				<misses>39400000</misses>
				<total>42</total>
				<timestamp>331.183482</timestamp>
			</report>
			<report>
				<misses>39500000</misses>
				<total>50</total>
				<timestamp>332.040129</timestamp>
			</report>
			<report>
				<misses>39600000</misses>
				<total>50</total>
				<timestamp>332.881207</timestamp>
			</report>
			<report>
				<misses>39700000</misses>
				<total>50</total>
				<timestamp>333.715341</timestamp>
			</report>
			<report>
				<misses>39800000</misses>
				<total>50</total>
				<timestamp>334.535104</timestamp>
			</report>
			<report>
				<misses>39900000</misses>
				<total>50</total>
				<timestamp>335.371558</timestamp>
			</report>
			<report>
				<misses>40000000</misses>
				<total>50</total>
				<timestamp>336.213824</timestamp>
			</report>
			<report>
				<misses>40100000</misses>
				<total>50</total>
				<timestamp>337.071068</timestamp>
			</report>
			<report>
				<misses>40200000</misses>
				<total>50</total>
				<timestamp>337.941285</timestamp>
			</report>
			<report>
				<misses>40300000</misses>
				<total>50</total>
				<timestamp>338.809104</timestamp>
			</report>
			<report>
				<misses>40400000</misses>
				<total>50</total>
				<timestamp>339.664841</timestamp>
			</report>
			<report>
				<misses>40500000</misses>
				<total>50</total>
				<timestamp>340.546341</timestamp>
			</report>
			<report>
				<misses>40600000</misses>
				<total>50</total>
				<timestamp>341.399661</timestamp>
			</report>
			<report>
				<misses>40700000</misses>
				<total>50</total>
				<timestamp>342.268671</timestamp>
			</report>
			<report>
				<misses>40800000</misses>
				<total>50</total>
				<timestamp>343.148205</timestamp>
			</report>
			<report>
				<misses>40900000</misses>
				<total>50</total>
				<timestamp>344.053694</timestamp>
			</report>
			<report>
				<misses>41000000</misses>
				<total>50</total>
				<timestamp>344.932237</timestamp>
			</report>
			<report>
				<misses>41100000</misses>
				<total>50</total>
				<timestamp>345.751861</timestamp>
			</report>
			<report>
				<misses>41200000</misses>
				<total>50</total>
				<timestamp>346.608375</timestamp>
			</report>
			<report>
				<misses>41300000</misses>
				<total>50</total>
				<timestamp>347.460566</timestamp>
			</report>
			<report>
				<misses>41400000</misses>
				<total>50</total>
				<timestamp>348.329287</timestamp>
			</report>
			<report>
				<misses>41500000</misses>
				<total>50</total>
				<timestamp>349.195589</timestamp>
			</report>
			<report>
				<misses>41600000</misses>
				<total>50</total>
				<timestamp>350.025440</timestamp>
			</report>
			<report>
				<misses>41700000</misses>
				<total>50</total>
				<timestamp>350.870795</timestamp>
			</report>
			<report>
				<misses>41800000</misses>
				<total>50</total>
				<timestamp>351.697017</timestamp>
			</report>
			<report>
				<misses>41900000</misses>
				<total>50</total>
				<timestamp>352.564315</timestamp>
			</report>
			<report>
				<misses>42000000</misses>
				<total>50</total>
				<timestamp>353.430855</timestamp>
			</report>
			<report>
				<misses>42100000</misses>
				<total>50</total>
				<timestamp>354.262450</timestamp>
			</report>
			<report>
				<misses>42200000</misses>
				<total>50</total>
				<timestamp>355.135048</timestamp>
			</report>
			<report>
				<misses>42300000</misses>
				<total>50</total>
				<timestamp>355.988172</timestamp>
			</report>
			<report>
				<misses>42400000</misses>
				<total>50</total>
				<timestamp>356.830748</timestamp>
			</report>
			<report>
				<misses>42500000</misses>
				<total>50</total>
				<timestamp>357.703329</timestamp>
			</report>
			<report>
				<misses>42600000</misses>
				<total>50</total>
				<timestamp>358.535591</timestamp>
			</report>
			<report>
				<misses>42700000</misses>
				<total>50</total>
				<timestamp>359.396228</timestamp>
			</report>
			<report>
				<misses>42800000</misses>
				<total>50</total>
				<timestamp>360.231965</timestamp>
			</report>
			<report>
				<misses>42900000</misses>
				<total>50</total>
				<timestamp>361.099701</timestamp>
			</report>
			<report>
				<misses>43000000</misses>
				<total>50</total>
				<timestamp>361.960161</timestamp>
			</report>
			<report>
				<misses>43100000</misses>
				<total>50</total>
				<timestamp>362.798799</timestamp>
			</report>
			<report>
				<misses>43200000</misses>
				<total>50</total>
				<timestamp>363.643437</timestamp>
			</report>
			<report>
				<misses>43300000</misses>
				<total>50</total>
				<timestamp>364.489865</timestamp>
			</report>
			<report>
				<misses>43400000</misses>
				<total>50</total>
				<timestamp>365.352314</timestamp>
			</report>
			<report>
				<misses>43500000</misses>
				<total>50</total>
				<timestamp>366.149735</timestamp>
			</report>
			<report>
				<misses>43600000</misses>
				<total>50</total>
				<timestamp>367.034147</timestamp>
			</report>
			<report>
				<misses>43700000</misses>
				<total>50</total>
				<timestamp>367.862757</timestamp>
			</report>
			<report>
				<misses>43800000</misses>
				<total>50</total>
				<timestamp>368.660577</timestamp>
			</report>
			<report>
				<misses>43900000</misses>
				<total>50</total>
				<timestamp>369.506105</timestamp>
			</report>
			<report>
				<misses>44000000</misses>
				<total>50</total>
				<timestamp>370.345171</timestamp>
			</report>
			<report>
				<misses>44100000</misses>
				<total>50</total>
				<timestamp>371.217966</timestamp>
			</report>
			<report>
				<misses>44200000</misses>
				<total>50</total>
				<timestamp>372.042198</timestamp>
			</report>
			<report>
				<misses>44300000</misses>
				<total>50</total>
				<timestamp>372.861757</timestamp>
			</report>
			<report>
				<misses>44400000</misses>
				<total>50</total>
				<timestamp>373.763417</timestamp>
			</report>
			<report>
				<misses>44500000</misses>
				<total>50</total>
				<timestamp>374.652751</timestamp>
			</report>
			<report>
				<misses>44600000</misses>
				<total>50</total>
				<timestamp>375.500371</timestamp>
			</report>
			<report>
				<misses>44700000</misses>
				<total>50</total>
				<timestamp>376.304811</timestamp>
			</report>
			<report>
				<misses>44800000</misses>
				<total>50</total>
				<timestamp>377.147801</timestamp>
			</report>
			<report>
				<misses>44900000</misses>
				<total>50</total>
				<timestamp>378.000144</timestamp>
			</report>
			<report>
				<misses>45000000</misses>
				<total>51</total>
				<timestamp>378.806085</timestamp>
			</report>
		</query>
	</custom>
	<ethtool_statistic>
		<rx_packets>
			<start>1625849</start>
			<end>17719091</end>
		</rx_packets>
		<tx_packets>
			<start>1149222</start>
			<end>56872974</end>
		</tx_packets>
		<rx_dropped>
			<start>0</start>
			<end>0</end>
		</rx_dropped>
		<tx_dropped>
			<start>0</start>
			<end>0</end>
		</tx_dropped>
		<collisions>
			<start>0</start>
			<end>0</end>
		</collisions>
		<port_tx_errors>
			<start>0</start>
			<end>0</end>
		</port_tx_errors>
		<port_rx_dropped>
			<start>0</start>
			<end>0</end>
		</port_rx_dropped>
		<port_tx_dropped_link_down>
			<start>0</start>
			<end>0</end>
		</port_tx_dropped_link_down>
	</ethtool_statistic>
	<ip_statistic>
		<mtu>
			<start>9000</start>
			<end>9000</end>
		</mtu>
		<rx_bytes>
			<start>14615155023</start>
			<end>159287232067</end>
		</rx_bytes>
		<rx_packets>
			<start>1625905</start>
			<end>17719167</end>
		</rx_packets>
		<rx_errors>
			<start>0</start>
			<end>0</end>
		</rx_errors>
		<rx_dropped>
			<start>0</start>
			<end>0</end>
		</rx_dropped>
		<rx_missed>
			<start>0</start>
			<end>0</end>
		</rx_missed>
		<rx_mcast>
			<start>15</start>
			<end>32</end>
		</rx_mcast>
		<tx_bytes>
			<start>10329437740</start>
			<end>112225538604</end>
		</tx_bytes>
		<tx_packets>
			<start>1149240</start>
			<end>56873106</end>
		</tx_packets>
		<tx_errors>
			<start>0</start>
			<end>0</end>
		</tx_errors>
		<tx_dropped>
			<start>0</start>
			<end>0</end>
		</tx_dropped>
		<tx_carrier>
			<start>0</start>
			<end>0</end>
		</tx_carrier>
		<tx_collisions>
			<start>0</start>
			<end>0</end>
		</tx_collisions>
	</ip_statistic>
	<netstat_statistic>
		<udp_pkg_rec>
			<start>1584708</start>
			<end>15949915</end>
		</udp_pkg_rec>
		<udp_pkg_snt>
			<start>1150405</start>
			<end>56876284</end>
		</udp_pkg_snt>
		<udp_rec_err>
			<start>42442</start>
			<end>1772264</end>
		</udp_rec_err>
		<udp_rec_buf_err>
			<start>42442</start>
			<end>1772264</end>
		</udp_rec_buf_err>
		<udp_snt_buf_err>
			<start>0</start>
			<end>0</end>
		</udp_snt_buf_err>
	</netstat_statistic>
</test_results>
