<?xml version="1.0"?>
<test_results>
	<status>STATUS_SUCCESS</status>
	<custom>
		<num_loss>996250</num_loss>
		<num_total>1000001</num_total>
		<num_misses>23965523</num_misses>
		<elapsed_time>62.414073</elapsed_time>
		<query>
			<report>
				<misses>1000000</misses>
				<total>996250</total>
			</report>
		</query>
	</custom>
	<ethtool_statistic>
		<rx_packets>
			<start>16822267543</start>
			<end>16825400884</end>
		</rx_packets>
		<tx_packets>
			<start>19515390225</start>
			<end>19525271152</end>
		</tx_packets>
		<rx_dropped>
			<start>63</start>
			<end>63</end>
		</rx_dropped>
		<tx_dropped>
			<start>0</start>
			<end>0</end>
		</tx_dropped>
		<collisions>
			<start>0</start>
			<end>0</end>
		</collisions>
		<port_tx_errors>
			<start>0</start>
			<end>0</end>
		</port_tx_errors>
		<port_rx_dropped>
			<start>0</start>
			<end>0</end>
		</port_rx_dropped>
		<port_tx_dropped_link_down>
			<start>0</start>
			<end>0</end>
		</port_tx_dropped_link_down>
	</ethtool_statistic>
	<ip_statistic>
		<mtu>
			<start>9000</start>
			<end>9000</end>
		</mtu>
		<rx_bytes>
			<start>151219123091293</start>
			<end>151247292228798</end>
		</rx_bytes>
		<rx_packets>
			<start>16822267631</start>
			<end>16825401094</end>
		</rx_packets>
		<rx_errors>
			<start>0</start>
			<end>0</end>
		</rx_errors>
		<rx_dropped>
			<start>69</start>
			<end>69</end>
		</rx_dropped>
		<rx_missed>
			<start>0</start>
			<end>0</end>
		</rx_missed>
		<rx_mcast>
			<start>12258</start>
			<end>12292</end>
		</rx_mcast>
		<tx_bytes>
			<start>131919682804632</start>
			<end>132001872070164</end>
		</tx_bytes>
		<tx_packets>
			<start>19515390283</start>
			<end>19525271207</end>
		</tx_packets>
		<tx_errors>
			<start>0</start>
			<end>0</end>
		</tx_errors>
		<tx_dropped>
			<start>0</start>
			<end>0</end>
		</tx_dropped>
		<tx_carrier>
			<start>0</start>
			<end>0</end>
		</tx_carrier>
		<tx_collisions>
			<start>0</start>
			<end>0</end>
		</tx_collisions>
	</ip_statistic>
	<netstat_statistic>
		<udp_pkg_rec>
			<start>16554183512</start>
			<end>16557225742</end>
		</udp_pkg_rec>
		<udp_pkg_snt>
			<start>16579179937</start>
			<end>16582062043</end>
		</udp_pkg_snt>
		<udp_rec_err>
			<start>270081258</start>
			<end>270173498</end>
		</udp_rec_err>
		<udp_rec_buf_err>
			<start>270081258</start>
			<end>270173498</end>
		</udp_rec_buf_err>
		<udp_snt_buf_err>
			<start>28</start>
			<end>28</end>
		</udp_snt_buf_err>
	</netstat_statistic>
</test_results>
