<?xml version="1.0"?>
<test_results>
	<status>STATUS_SUCCESS</status>
	<custom>
		<num_loss>505</num_loss>
		<num_total>28843261</num_total>
		<num_misses>91134714</num_misses>
		<elapsed_time>299.944220</elapsed_time>
		<query>
			<report>
				<misses>100001</misses>
				<total>0</total>
				<timestamp>0.979613</timestamp>
			</report>
			<report>
				<misses>200001</misses>
				<total>0</total>
				<timestamp>1.974941</timestamp>
			</report>
			<report>
				<misses>300001</misses>
				<total>0</total>
				<timestamp>3.039263</timestamp>
			</report>
			<report>
				<misses>400001</misses>
				<total>0</total>
				<timestamp>4.116394</timestamp>
			</report>
			<report>
				<misses>500001</misses>
				<total>0</total>
				<timestamp>5.189049</timestamp>
			</report>
			<report>
				<misses>600001</misses>
				<total>0</total>
				<timestamp>6.272177</timestamp>
			</report>
			<report>
				<misses>700001</misses>
				<total>0</total>
				<timestamp>7.353864</timestamp>
			</report>
			<report>
				<misses>800001</misses>
				<total>0</total>
				<timestamp>8.423222</timestamp>
			</report>
			<report>
				<misses>900001</misses>
				<total>0</total>
				<timestamp>9.505406</timestamp>
			</report>
			<report>
				<misses>1000001</misses>
				<total>0</total>
				<timestamp>10.580882</timestamp>
			</report>
			<report>
				<misses>1100001</misses>
				<total>0</total>
				<timestamp>11.664266</timestamp>
			</report>
			<report>
				<misses>1200001</misses>
				<total>0</total>
				<timestamp>12.765946</timestamp>
			</report>
			<report>
				<misses>1300001</misses>
				<total>0</total>
				<timestamp>13.851808</timestamp>
			</report>
			<report>
				<misses>1400001</misses>
				<total>0</total>
				<timestamp>14.972949</timestamp>
			</report>
			<report>
				<misses>1500001</misses>
				<total>0</total>
				<timestamp>16.074640</timestamp>
			</report>
			<report>
				<misses>1600001</misses>
				<total>0</total>
				<timestamp>17.196833</timestamp>
			</report>
			<report>
				<misses>1700001</misses>
				<total>0</total>
				<timestamp>18.290880</timestamp>
			</report>
			<report>
				<misses>1800001</misses>
				<total>0</total>
				<timestamp>19.373305</timestamp>
			</report>
			<report>
				<misses>1900001</misses>
				<total>0</total>
				<timestamp>20.421749</timestamp>
			</report>
			<report>
				<misses>2000001</misses>
				<total>0</total>
				<timestamp>21.467097</timestamp>
			</report>
			<report>
				<misses>2100001</misses>
				<total>0</total>
				<timestamp>22.504461</timestamp>
			</report>
			<report>
				<misses>2200001</misses>
				<total>0</total>
				<timestamp>23.537080</timestamp>
			</report>
			<report>
				<misses>2300001</misses>
				<total>0</total>
				<timestamp>24.566075</timestamp>
			</report>
			<report>
				<misses>2400001</misses>
				<total>0</total>
				<timestamp>25.594300</timestamp>
			</report>
			<report>
				<misses>2500001</misses>
				<total>0</total>
				<timestamp>26.632789</timestamp>
			</report>
			<report>
				<misses>2600001</misses>
				<total>0</total>
				<timestamp>27.670110</timestamp>
			</report>
			<report>
				<misses>2700001</misses>
				<total>0</total>
				<timestamp>28.710179</timestamp>
			</report>
			<report>
				<misses>2800001</misses>
				<total>0</total>
				<timestamp>29.750581</timestamp>
			</report>
			<report>
				<misses>2900001</misses>
				<total>0</total>
				<timestamp>30.793863</timestamp>
			</report>
			<report>
				<misses>3000001</misses>
				<total>0</total>
				<timestamp>31.831932</timestamp>
			</report>
			<report>
				<misses>3100001</misses>
				<total>0</total>
				<timestamp>32.860777</timestamp>
			</report>
			<report>
				<misses>3200001</misses>
				<total>0</total>
				<timestamp>33.901706</timestamp>
			</report>
			<report>
				<misses>3300001</misses>
				<total>0</total>
				<timestamp>34.932653</timestamp>
			</report>
			<report>
				<misses>3400001</misses>
				<total>0</total>
				<timestamp>35.962400</timestamp>
			</report>
			<report>
				<misses>3500001</misses>
				<total>0</total>
				<timestamp>36.998402</timestamp>
			</report>
			<report>
				<misses>3600001</misses>
				<total>0</total>
				<timestamp>38.027185</timestamp>
			</report>
			<report>
				<misses>3700001</misses>
				<total>0</total>
				<timestamp>39.056711</timestamp>
			</report>
			<report>
				<misses>3800001</misses>
				<total>0</total>
				<timestamp>40.090438</timestamp>
			</report>
			<report>
				<misses>3900001</misses>
				<total>0</total>
				<timestamp>41.122729</timestamp>
			</report>
			<report>
				<misses>4000001</misses>
				<total>0</total>
				<timestamp>42.147613</timestamp>
			</report>
			<report>
				<misses>4100001</misses>
				<total>0</total>
				<timestamp>43.189344</timestamp>
			</report>
			<report>
				<misses>4200001</misses>
				<total>0</total>
				<timestamp>44.227144</timestamp>
			</report>
			<report>
				<misses>4300001</misses>
				<total>0</total>
				<timestamp>45.250389</timestamp>
			</report>
			<report>
				<misses>4400001</misses>
				<total>0</total>
				<timestamp>46.280029</timestamp>
			</report>
			<report>
				<misses>4500001</misses>
				<total>0</total>
				<timestamp>47.304648</timestamp>
			</report>
			<report>
				<misses>4600001</misses>
				<total>0</total>
				<timestamp>48.353911</timestamp>
			</report>
			<report>
				<misses>4700001</misses>
				<total>0</total>
				<timestamp>49.396845</timestamp>
			</report>
			<report>
				<misses>4800001</misses>
				<total>0</total>
				<timestamp>50.435268</timestamp>
			</report>
			<report>
				<misses>4900001</misses>
				<total>0</total>
				<timestamp>51.458506</timestamp>
			</report>
			<report>
				<misses>5000001</misses>
				<total>0</total>
				<timestamp>52.487520</timestamp>
			</report>
			<report>
				<misses>5100001</misses>
				<total>0</total>
				<timestamp>53.509895</timestamp>
			</report>
			<report>
				<misses>5200001</misses>
				<total>0</total>
				<timestamp>54.538566</timestamp>
			</report>
			<report>
				<misses>5300001</misses>
				<total>0</total>
				<timestamp>55.566673</timestamp>
			</report>
			<report>
				<misses>5400001</misses>
				<total>0</total>
				<timestamp>56.603322</timestamp>
			</report>
			<report>
				<misses>5500001</misses>
				<total>0</total>
				<timestamp>57.644355</timestamp>
			</report>
			<report>
				<misses>5600001</misses>
				<total>0</total>
				<timestamp>58.698203</timestamp>
			</report>
			<report>
				<misses>5700001</misses>
				<total>0</total>
				<timestamp>59.737495</timestamp>
			</report>
			<report>
				<misses>5800001</misses>
				<total>126</total>
				<timestamp>60.781283</timestamp>
			</report>
			<report>
				<misses>5900001</misses>
				<total>126</total>
				<timestamp>61.825985</timestamp>
			</report>
			<report>
				<misses>6000001</misses>
				<total>126</total>
				<timestamp>62.863933</timestamp>
			</report>
			<report>
				<misses>6100001</misses>
				<total>126</total>
				<timestamp>63.885140</timestamp>
			</report>
			<report>
				<misses>6200001</misses>
				<total>126</total>
				<timestamp>64.934830</timestamp>
			</report>
			<report>
				<misses>6300001</misses>
				<total>126</total>
				<timestamp>65.972741</timestamp>
			</report>
			<report>
				<misses>6400001</misses>
				<total>126</total>
				<timestamp>67.010699</timestamp>
			</report>
			<report>
				<misses>6500001</misses>
				<total>126</total>
				<timestamp>68.068462</timestamp>
			</report>
			<report>
				<misses>6600001</misses>
				<total>126</total>
				<timestamp>69.114747</timestamp>
			</report>
			<report>
				<misses>6700001</misses>
				<total>126</total>
				<timestamp>70.156944</timestamp>
			</report>
			<report>
				<misses>6800001</misses>
				<total>126</total>
				<timestamp>71.200769</timestamp>
			</report>
			<report>
				<misses>6900001</misses>
				<total>126</total>
				<timestamp>72.242282</timestamp>
			</report>
			<report>
				<misses>7000001</misses>
				<total>126</total>
				<timestamp>73.289072</timestamp>
			</report>
			<report>
				<misses>7100001</misses>
				<total>126</total>
				<timestamp>74.336545</timestamp>
			</report>
			<report>
				<misses>7200001</misses>
				<total>126</total>
				<timestamp>75.388092</timestamp>
			</report>
			<report>
				<misses>7300001</misses>
				<total>126</total>
				<timestamp>76.430142</timestamp>
			</report>
			<report>
				<misses>7400001</misses>
				<total>126</total>
				<timestamp>77.474928</timestamp>
			</report>
			<report>
				<misses>7500001</misses>
				<total>126</total>
				<timestamp>78.513145</timestamp>
			</report>
			<report>
				<misses>7600001</misses>
				<total>126</total>
				<timestamp>79.542893</timestamp>
			</report>
			<report>
				<misses>7700001</misses>
				<total>126</total>
				<timestamp>80.577962</timestamp>
			</report>
			<report>
				<misses>7800001</misses>
				<total>126</total>
				<timestamp>81.624828</timestamp>
			</report>
			<report>
				<misses>7900001</misses>
				<total>126</total>
				<timestamp>82.663726</timestamp>
			</report>
			<report>
				<misses>8000001</misses>
				<total>126</total>
				<timestamp>83.708650</timestamp>
			</report>
			<report>
				<misses>8100001</misses>
				<total>126</total>
				<timestamp>84.743164</timestamp>
			</report>
			<report>
				<misses>8200001</misses>
				<total>126</total>
				<timestamp>85.778566</timestamp>
			</report>
			<report>
				<misses>8300001</misses>
				<total>126</total>
				<timestamp>86.829728</timestamp>
			</report>
			<report>
				<misses>8400001</misses>
				<total>126</total>
				<timestamp>87.859435</timestamp>
			</report>
			<report>
				<misses>8500001</misses>
				<total>126</total>
				<timestamp>88.903053</timestamp>
			</report>
			<report>
				<misses>8600001</misses>
				<total>126</total>
				<timestamp>89.934986</timestamp>
			</report>
			<report>
				<misses>8700001</misses>
				<total>126</total>
				<timestamp>90.982570</timestamp>
			</report>
			<report>
				<misses>8800001</misses>
				<total>126</total>
				<timestamp>92.041487</timestamp>
			</report>
			<report>
				<misses>8900001</misses>
				<total>126</total>
				<timestamp>93.094570</timestamp>
			</report>
			<report>
				<misses>9000001</misses>
				<total>126</total>
				<timestamp>94.126110</timestamp>
			</report>
			<report>
				<misses>9100001</misses>
				<total>126</total>
				<timestamp>95.157153</timestamp>
			</report>
			<report>
				<misses>9200001</misses>
				<total>126</total>
				<timestamp>96.201073</timestamp>
			</report>
			<report>
				<misses>9300001</misses>
				<total>126</total>
				<timestamp>97.249660</timestamp>
			</report>
			<report>
				<misses>9400001</misses>
				<total>126</total>
				<timestamp>98.287335</timestamp>
			</report>
			<report>
				<misses>9500001</misses>
				<total>126</total>
				<timestamp>99.327646</timestamp>
			</report>
			<report>
				<misses>9600001</misses>
				<total>126</total>
				<timestamp>100.366280</timestamp>
			</report>
			<report>
				<misses>9700001</misses>
				<total>126</total>
				<timestamp>101.403949</timestamp>
			</report>
			<report>
				<misses>9800001</misses>
				<total>126</total>
				<timestamp>102.453874</timestamp>
			</report>
			<report>
				<misses>9900001</misses>
				<total>126</total>
				<timestamp>103.502062</timestamp>
			</report>
			<report>
				<misses>10000001</misses>
				<total>126</total>
				<timestamp>104.550422</timestamp>
			</report>
			<report>
				<misses>10100001</misses>
				<total>126</total>
				<timestamp>105.592516</timestamp>
			</report>
			<report>
				<misses>10200001</misses>
				<total>126</total>
				<timestamp>106.625569</timestamp>
			</report>
			<report>
				<misses>10300001</misses>
				<total>126</total>
				<timestamp>107.663480</timestamp>
			</report>
			<report>
				<misses>10400001</misses>
				<total>126</total>
				<timestamp>108.695225</timestamp>
			</report>
			<report>
				<misses>10500001</misses>
				<total>126</total>
				<timestamp>109.756129</timestamp>
			</report>
			<report>
				<misses>10600001</misses>
				<total>126</total>
				<timestamp>110.791456</timestamp>
			</report>
			<report>
				<misses>10700001</misses>
				<total>126</total>
				<timestamp>111.843918</timestamp>
			</report>
			<report>
				<misses>10800001</misses>
				<total>126</total>
				<timestamp>112.905974</timestamp>
			</report>
			<report>
				<misses>10900001</misses>
				<total>126</total>
				<timestamp>113.943899</timestamp>
			</report>
			<report>
				<misses>11000001</misses>
				<total>126</total>
				<timestamp>114.991053</timestamp>
			</report>
			<report>
				<misses>11100001</misses>
				<total>126</total>
				<timestamp>116.049483</timestamp>
			</report>
			<report>
				<misses>11200001</misses>
				<total>126</total>
				<timestamp>117.103162</timestamp>
			</report>
			<report>
				<misses>11300001</misses>
				<total>126</total>
				<timestamp>118.150244</timestamp>
			</report>
			<report>
				<misses>11400001</misses>
				<total>126</total>
				<timestamp>119.194226</timestamp>
			</report>
			<report>
				<misses>11500001</misses>
				<total>260</total>
				<timestamp>120.252663</timestamp>
			</report>
			<report>
				<misses>11600001</misses>
				<total>260</total>
				<timestamp>121.302594</timestamp>
			</report>
			<report>
				<misses>11700001</misses>
				<total>260</total>
				<timestamp>122.342008</timestamp>
			</report>
			<report>
				<misses>11800001</misses>
				<total>260</total>
				<timestamp>123.370284</timestamp>
			</report>
			<report>
				<misses>11900001</misses>
				<total>260</total>
				<timestamp>124.405372</timestamp>
			</report>
			<report>
				<misses>12000001</misses>
				<total>260</total>
				<timestamp>125.443157</timestamp>
			</report>
			<report>
				<misses>12100001</misses>
				<total>260</total>
				<timestamp>126.475066</timestamp>
			</report>
			<report>
				<misses>12200001</misses>
				<total>260</total>
				<timestamp>127.509322</timestamp>
			</report>
			<report>
				<misses>12300001</misses>
				<total>260</total>
				<timestamp>128.557963</timestamp>
			</report>
			<report>
				<misses>12400001</misses>
				<total>260</total>
				<timestamp>129.597449</timestamp>
			</report>
			<report>
				<misses>12500001</misses>
				<total>260</total>
				<timestamp>130.643732</timestamp>
			</report>
			<report>
				<misses>12600001</misses>
				<total>260</total>
				<timestamp>131.684407</timestamp>
			</report>
			<report>
				<misses>12700001</misses>
				<total>260</total>
				<timestamp>132.741771</timestamp>
			</report>
			<report>
				<misses>12800001</misses>
				<total>260</total>
				<timestamp>133.768393</timestamp>
			</report>
			<report>
				<misses>12900001</misses>
				<total>260</total>
				<timestamp>134.825328</timestamp>
			</report>
			<report>
				<misses>13000001</misses>
				<total>260</total>
				<timestamp>135.863697</timestamp>
			</report>
			<report>
				<misses>13100001</misses>
				<total>260</total>
				<timestamp>136.919232</timestamp>
			</report>
			<report>
				<misses>13200001</misses>
				<total>260</total>
				<timestamp>137.965579</timestamp>
			</report>
			<report>
				<misses>13300001</misses>
				<total>260</total>
				<timestamp>139.011993</timestamp>
			</report>
			<report>
				<misses>13400001</misses>
				<total>260</total>
				<timestamp>140.073277</timestamp>
			</report>
			<report>
				<misses>13500001</misses>
				<total>260</total>
				<timestamp>141.118874</timestamp>
			</report>
			<report>
				<misses>13600001</misses>
				<total>260</total>
				<timestamp>142.153350</timestamp>
			</report>
			<report>
				<misses>13700001</misses>
				<total>260</total>
				<timestamp>143.204188</timestamp>
			</report>
			<report>
				<misses>13800001</misses>
				<total>260</total>
				<timestamp>144.254933</timestamp>
			</report>
			<report>
				<misses>13900001</misses>
				<total>260</total>
				<timestamp>145.287600</timestamp>
			</report>
			<report>
				<misses>14000001</misses>
				<total>260</total>
				<timestamp>146.330918</timestamp>
			</report>
			<report>
				<misses>14100001</misses>
				<total>260</total>
				<timestamp>147.376903</timestamp>
			</report>
			<report>
				<misses>14200001</misses>
				<total>260</total>
				<timestamp>148.407257</timestamp>
			</report>
			<report>
				<misses>14300001</misses>
				<total>260</total>
				<timestamp>149.465444</timestamp>
			</report>
			<report>
				<misses>14400001</misses>
				<total>260</total>
				<timestamp>150.500679</timestamp>
			</report>
			<report>
				<misses>14500001</misses>
				<total>260</total>
				<timestamp>151.545050</timestamp>
			</report>
			<report>
				<misses>14600001</misses>
				<total>260</total>
				<timestamp>152.581245</timestamp>
			</report>
			<report>
				<misses>14700001</misses>
				<total>260</total>
				<timestamp>153.606622</timestamp>
			</report>
			<report>
				<misses>14800001</misses>
				<total>260</total>
				<timestamp>154.652289</timestamp>
			</report>
			<report>
				<misses>14900001</misses>
				<total>260</total>
				<timestamp>155.708676</timestamp>
			</report>
			<report>
				<misses>15000001</misses>
				<total>260</total>
				<timestamp>156.735962</timestamp>
			</report>
			<report>
				<misses>15100001</misses>
				<total>260</total>
				<timestamp>157.783740</timestamp>
			</report>
			<report>
				<misses>15200001</misses>
				<total>260</total>
				<timestamp>158.834331</timestamp>
			</report>
			<report>
				<misses>15300001</misses>
				<total>260</total>
				<timestamp>159.872784</timestamp>
			</report>
			<report>
				<misses>15400001</misses>
				<total>260</total>
				<timestamp>160.913757</timestamp>
			</report>
			<report>
				<misses>15500001</misses>
				<total>260</total>
				<timestamp>161.938696</timestamp>
			</report>
			<report>
				<misses>15600001</misses>
				<total>260</total>
				<timestamp>162.976984</timestamp>
			</report>
			<report>
				<misses>15700001</misses>
				<total>260</total>
				<timestamp>164.032195</timestamp>
			</report>
			<report>
				<misses>15800001</misses>
				<total>260</total>
				<timestamp>165.077226</timestamp>
			</report>
			<report>
				<misses>15900001</misses>
				<total>260</total>
				<timestamp>166.118621</timestamp>
			</report>
			<report>
				<misses>16000001</misses>
				<total>260</total>
				<timestamp>167.154833</timestamp>
			</report>
			<report>
				<misses>16100001</misses>
				<total>260</total>
				<timestamp>168.193190</timestamp>
			</report>
			<report>
				<misses>16200001</misses>
				<total>260</total>
				<timestamp>169.214453</timestamp>
			</report>
			<report>
				<misses>16300001</misses>
				<total>260</total>
				<timestamp>170.239886</timestamp>
			</report>
			<report>
				<misses>16400001</misses>
				<total>260</total>
				<timestamp>171.268508</timestamp>
			</report>
			<report>
				<misses>16500001</misses>
				<total>260</total>
				<timestamp>172.287483</timestamp>
			</report>
			<report>
				<misses>16600001</misses>
				<total>260</total>
				<timestamp>173.312379</timestamp>
			</report>
			<report>
				<misses>16700001</misses>
				<total>260</total>
				<timestamp>174.332294</timestamp>
			</report>
			<report>
				<misses>16800001</misses>
				<total>260</total>
				<timestamp>175.365452</timestamp>
			</report>
			<report>
				<misses>16900001</misses>
				<total>260</total>
				<timestamp>176.392281</timestamp>
			</report>
			<report>
				<misses>17000001</misses>
				<total>260</total>
				<timestamp>177.409840</timestamp>
			</report>
			<report>
				<misses>17100001</misses>
				<total>260</total>
				<timestamp>178.442908</timestamp>
			</report>
			<report>
				<misses>17200001</misses>
				<total>260</total>
				<timestamp>179.468792</timestamp>
			</report>
			<report>
				<misses>17300001</misses>
				<total>376</total>
				<timestamp>180.501432</timestamp>
			</report>
			<report>
				<misses>17400001</misses>
				<total>376</total>
				<timestamp>181.525018</timestamp>
			</report>
			<report>
				<misses>17500001</misses>
				<total>376</total>
				<timestamp>182.553618</timestamp>
			</report>
			<report>
				<misses>17600001</misses>
				<total>376</total>
				<timestamp>183.586999</timestamp>
			</report>
			<report>
				<misses>17700001</misses>
				<total>376</total>
				<timestamp>184.620145</timestamp>
			</report>
			<report>
				<misses>17800001</misses>
				<total>376</total>
				<timestamp>185.653977</timestamp>
			</report>
			<report>
				<misses>17900001</misses>
				<total>376</total>
				<timestamp>186.682106</timestamp>
			</report>
			<report>
				<misses>18000001</misses>
				<total>376</total>
				<timestamp>187.705525</timestamp>
			</report>
			<report>
				<misses>18100001</misses>
				<total>376</total>
				<timestamp>188.721601</timestamp>
			</report>
			<report>
				<misses>18200001</misses>
				<total>376</total>
				<timestamp>189.749906</timestamp>
			</report>
			<report>
				<misses>18300001</misses>
				<total>376</total>
				<timestamp>190.776215</timestamp>
			</report>
			<report>
				<misses>18400001</misses>
				<total>376</total>
				<timestamp>191.813444</timestamp>
			</report>
			<report>
				<misses>18500001</misses>
				<total>376</total>
				<timestamp>192.823920</timestamp>
			</report>
			<report>
				<misses>18600001</misses>
				<total>376</total>
				<timestamp>193.850982</timestamp>
			</report>
			<report>
				<misses>18700001</misses>
				<total>376</total>
				<timestamp>194.885890</timestamp>
			</report>
			<report>
				<misses>18800001</misses>
				<total>376</total>
				<timestamp>195.905785</timestamp>
			</report>
			<report>
				<misses>18900001</misses>
				<total>376</total>
				<timestamp>196.944998</timestamp>
			</report>
			<report>
				<misses>19000001</misses>
				<total>376</total>
				<timestamp>197.970538</timestamp>
			</report>
			<report>
				<misses>19100001</misses>
				<total>376</total>
				<timestamp>198.999261</timestamp>
			</report>
			<report>
				<misses>19200001</misses>
				<total>376</total>
				<timestamp>200.021348</timestamp>
			</report>
			<report>
				<misses>19300001</misses>
				<total>376</total>
				<timestamp>201.043882</timestamp>
			</report>
			<report>
				<misses>19400001</misses>
				<total>376</total>
				<timestamp>202.080058</timestamp>
			</report>
			<report>
				<misses>19500001</misses>
				<total>376</total>
				<timestamp>203.105819</timestamp>
			</report>
			<report>
				<misses>19600001</misses>
				<total>376</total>
				<timestamp>204.140168</timestamp>
			</report>
			<report>
				<misses>19700001</misses>
				<total>376</total>
				<timestamp>205.162323</timestamp>
			</report>
			<report>
				<misses>19800001</misses>
				<total>376</total>
				<timestamp>206.185917</timestamp>
			</report>
			<report>
				<misses>19900001</misses>
				<total>376</total>
				<timestamp>207.222359</timestamp>
			</report>
			<report>
				<misses>20000001</misses>
				<total>376</total>
				<timestamp>208.255796</timestamp>
			</report>
			<report>
				<misses>20100001</misses>
				<total>376</total>
				<timestamp>209.282246</timestamp>
			</report>
			<report>
				<misses>20200001</misses>
				<total>376</total>
				<timestamp>210.308384</timestamp>
			</report>
			<report>
				<misses>20300001</misses>
				<total>376</total>
				<timestamp>211.326284</timestamp>
			</report>
			<report>
				<misses>20400001</misses>
				<total>376</total>
				<timestamp>212.340673</timestamp>
			</report>
			<report>
				<misses>20500001</misses>
				<total>376</total>
				<timestamp>213.375098</timestamp>
			</report>
			<report>
				<misses>20600001</misses>
				<total>376</total>
				<timestamp>214.400014</timestamp>
			</report>
			<report>
				<misses>20700001</misses>
				<total>376</total>
				<timestamp>215.427189</timestamp>
			</report>
			<report>
				<misses>20800001</misses>
				<total>376</total>
				<timestamp>216.457578</timestamp>
			</report>
			<report>
				<misses>20900001</misses>
				<total>376</total>
				<timestamp>217.487948</timestamp>
			</report>
			<report>
				<misses>21000001</misses>
				<total>376</total>
				<timestamp>218.518612</timestamp>
			</report>
			<report>
				<misses>21100001</misses>
				<total>376</total>
				<timestamp>219.552061</timestamp>
			</report>
			<report>
				<misses>21200001</misses>
				<total>376</total>
				<timestamp>220.574534</timestamp>
			</report>
			<report>
				<misses>21300001</misses>
				<total>376</total>
				<timestamp>221.615891</timestamp>
			</report>
			<report>
				<misses>21400001</misses>
				<total>376</total>
				<timestamp>222.646204</timestamp>
			</report>
			<report>
				<misses>21500001</misses>
				<total>376</total>
				<timestamp>223.678913</timestamp>
			</report>
			<report>
				<misses>21600001</misses>
				<total>376</total>
				<timestamp>224.724296</timestamp>
			</report>
			<report>
				<misses>21700001</misses>
				<total>376</total>
				<timestamp>225.748815</timestamp>
			</report>
			<report>
				<misses>21800001</misses>
				<total>376</total>
				<timestamp>226.780117</timestamp>
			</report>
			<report>
				<misses>21900001</misses>
				<total>376</total>
				<timestamp>227.807898</timestamp>
			</report>
			<report>
				<misses>22000001</misses>
				<total>376</total>
				<timestamp>228.834485</timestamp>
			</report>
			<report>
				<misses>22100001</misses>
				<total>376</total>
				<timestamp>229.865878</timestamp>
			</report>
			<report>
				<misses>22200001</misses>
				<total>376</total>
				<timestamp>230.899103</timestamp>
			</report>
			<report>
				<misses>22300001</misses>
				<total>376</total>
				<timestamp>231.934642</timestamp>
			</report>
			<report>
				<misses>22400001</misses>
				<total>376</total>
				<timestamp>232.958600</timestamp>
			</report>
			<report>
				<misses>22500001</misses>
				<total>376</total>
				<timestamp>233.994825</timestamp>
			</report>
			<report>
				<misses>22600001</misses>
				<total>376</total>
				<timestamp>235.016934</timestamp>
			</report>
			<report>
				<misses>22700001</misses>
				<total>376</total>
				<timestamp>236.055216</timestamp>
			</report>
			<report>
				<misses>22800001</misses>
				<total>376</total>
				<timestamp>237.098823</timestamp>
			</report>
			<report>
				<misses>22900001</misses>
				<total>376</total>
				<timestamp>238.144789</timestamp>
			</report>
			<report>
				<misses>23000001</misses>
				<total>376</total>
				<timestamp>239.187329</timestamp>
			</report>
			<report>
				<misses>23100001</misses>
				<total>505</total>
				<timestamp>240.229697</timestamp>
			</report>
			<report>
				<misses>23200001</misses>
				<total>505</total>
				<timestamp>241.266072</timestamp>
			</report>
			<report>
				<misses>23300001</misses>
				<total>505</total>
				<timestamp>242.300995</timestamp>
			</report>
			<report>
				<misses>23400001</misses>
				<total>505</total>
				<timestamp>243.323937</timestamp>
			</report>
			<report>
				<misses>23500001</misses>
				<total>505</total>
				<timestamp>244.359220</timestamp>
			</report>
			<report>
				<misses>23600001</misses>
				<total>505</total>
				<timestamp>245.402353</timestamp>
			</report>
			<report>
				<misses>23700001</misses>
				<total>505</total>
				<timestamp>246.433953</timestamp>
			</report>
			<report>
				<misses>23800001</misses>
				<total>505</total>
				<timestamp>247.488355</timestamp>
			</report>
			<report>
				<misses>23900001</misses>
				<total>505</total>
				<timestamp>248.519440</timestamp>
			</report>
			<report>
				<misses>24000001</misses>
				<total>505</total>
				<timestamp>249.574366</timestamp>
			</report>
			<report>
				<misses>24100001</misses>
				<total>505</total>
				<timestamp>250.624736</timestamp>
			</report>
			<report>
				<misses>24200001</misses>
				<total>505</total>
				<timestamp>251.662413</timestamp>
			</report>
			<report>
				<misses>24300001</misses>
				<total>505</total>
				<timestamp>252.712374</timestamp>
			</report>
			<report>
				<misses>24400001</misses>
				<total>505</total>
				<timestamp>253.764004</timestamp>
			</report>
			<report>
				<misses>24500001</misses>
				<total>505</total>
				<timestamp>254.802278</timestamp>
			</report>
			<report>
				<misses>24600001</misses>
				<total>505</total>
				<timestamp>255.845334</timestamp>
			</report>
			<report>
				<misses>24700001</misses>
				<total>505</total>
				<timestamp>256.905536</timestamp>
			</report>
			<report>
				<misses>24800001</misses>
				<total>505</total>
				<timestamp>257.943183</timestamp>
			</report>
			<report>
				<misses>24900001</misses>
				<total>505</total>
				<timestamp>258.988857</timestamp>
			</report>
			<report>
				<misses>25000001</misses>
				<total>505</total>
				<timestamp>260.039337</timestamp>
			</report>
			<report>
				<misses>25100001</misses>
				<total>505</total>
				<timestamp>261.076406</timestamp>
			</report>
			<report>
				<misses>25200001</misses>
				<total>505</total>
				<timestamp>262.114787</timestamp>
			</report>
			<report>
				<misses>25300001</misses>
				<total>505</total>
				<timestamp>263.139212</timestamp>
			</report>
			<report>
				<misses>25400001</misses>
				<total>505</total>
				<timestamp>264.176394</timestamp>
			</report>
			<report>
				<misses>25500001</misses>
				<total>505</total>
				<timestamp>265.215386</timestamp>
			</report>
			<report>
				<misses>25600001</misses>
				<total>505</total>
				<timestamp>266.254149</timestamp>
			</report>
			<report>
				<misses>25700001</misses>
				<total>505</total>
				<timestamp>267.279358</timestamp>
			</report>
			<report>
				<misses>25800001</misses>
				<total>505</total>
				<timestamp>268.317021</timestamp>
			</report>
			<report>
				<misses>25900001</misses>
				<total>505</total>
				<timestamp>269.347995</timestamp>
			</report>
			<report>
				<misses>26000001</misses>
				<total>505</total>
				<timestamp>270.397675</timestamp>
			</report>
			<report>
				<misses>26100001</misses>
				<total>505</total>
				<timestamp>271.427951</timestamp>
			</report>
			<report>
				<misses>26200001</misses>
				<total>505</total>
				<timestamp>272.456569</timestamp>
			</report>
			<report>
				<misses>26300001</misses>
				<total>505</total>
				<timestamp>273.492447</timestamp>
			</report>
			<report>
				<misses>26400001</misses>
				<total>505</total>
				<timestamp>274.528342</timestamp>
			</report>
			<report>
				<misses>26500001</misses>
				<total>505</total>
				<timestamp>275.565523</timestamp>
			</report>
			<report>
				<misses>26600001</misses>
				<total>505</total>
				<timestamp>276.605264</timestamp>
			</report>
			<report>
				<misses>26700001</misses>
				<total>505</total>
				<timestamp>277.651116</timestamp>
			</report>
			<report>
				<misses>26800001</misses>
				<total>505</total>
				<timestamp>278.688008</timestamp>
			</report>
			<report>
				<misses>26900001</misses>
				<total>505</total>
				<timestamp>279.744987</timestamp>
			</report>
			<report>
				<misses>27000001</misses>
				<total>505</total>
				<timestamp>280.778868</timestamp>
			</report>
			<report>
				<misses>27100001</misses>
				<total>505</total>
				<timestamp>281.808997</timestamp>
			</report>
			<report>
				<misses>27200001</misses>
				<total>505</total>
				<timestamp>282.840956</timestamp>
			</report>
			<report>
				<misses>27300001</misses>
				<total>505</total>
				<timestamp>283.880944</timestamp>
			</report>
			<report>
				<misses>27400001</misses>
				<total>505</total>
				<timestamp>284.904501</timestamp>
			</report>
			<report>
				<misses>27500001</misses>
				<total>505</total>
				<timestamp>285.950583</timestamp>
			</report>
			<report>
				<misses>27600001</misses>
				<total>505</total>
				<timestamp>286.993638</timestamp>
			</report>
			<report>
				<misses>27700001</misses>
				<total>505</total>
				<timestamp>288.051079</timestamp>
			</report>
			<report>
				<misses>27800001</misses>
				<total>505</total>
				<timestamp>289.085975</timestamp>
			</report>
			<report>
				<misses>27900001</misses>
				<total>505</total>
				<timestamp>290.142561</timestamp>
			</report>
			<report>
				<misses>28000001</misses>
				<total>505</total>
				<timestamp>291.194258</timestamp>
			</report>
			<report>
				<misses>28100001</misses>
				<total>505</total>
				<timestamp>292.237351</timestamp>
			</report>
			<report>
				<misses>28200001</misses>
				<total>505</total>
				<timestamp>293.277448</timestamp>
			</report>
			<report>
				<misses>28300001</misses>
				<total>505</total>
				<timestamp>294.315903</timestamp>
			</report>
			<report>
				<misses>28400001</misses>
				<total>505</total>
				<timestamp>295.355702</timestamp>
			</report>
			<report>
				<misses>28500001</misses>
				<total>505</total>
				<timestamp>296.390247</timestamp>
			</report>
			<report>
				<misses>28600001</misses>
				<total>505</total>
				<timestamp>297.419189</timestamp>
			</report>
			<report>
				<misses>28700001</misses>
				<total>505</total>
				<timestamp>298.459253</timestamp>
			</report>
			<report>
				<misses>28800001</misses>
				<total>505</total>
				<timestamp>299.492853</timestamp>
			</report>
		</query>
	</custom>
	<ethtool_statistic>
		<rx_packets>
			<start>28908050</start>
			<end>52913127</end>
		</rx_packets>
		<tx_packets>
			<start>36725649</start>
			<end>65569170</end>
		</tx_packets>
		<rx_dropped>
			<start>0</start>
			<end>0</end>
		</rx_dropped>
		<tx_dropped>
			<start>0</start>
			<end>0</end>
		</tx_dropped>
		<collisions>
			<start>0</start>
			<end>0</end>
		</collisions>
		<port_tx_errors>
			<start>0</start>
			<end>0</end>
		</port_tx_errors>
		<port_rx_dropped>
			<start>0</start>
			<end>0</end>
		</port_rx_dropped>
		<port_tx_dropped_link_down>
			<start>0</start>
			<end>0</end>
		</port_tx_dropped_link_down>
	</ethtool_statistic>
	<ip_statistic>
		<mtu>
			<start>9000</start>
			<end>9000</end>
		</mtu>
		<rx_bytes>
			<start>3526746115</start>
			<end>218175286373</end>
		</rx_bytes>
		<rx_packets>
			<start>28908050</start>
			<end>52913127</end>
		</rx_packets>
		<rx_errors>
			<start>0</start>
			<end>0</end>
		</rx_errors>
		<rx_dropped>
			<start>0</start>
			<end>0</end>
		</rx_dropped>
		<rx_missed>
			<start>0</start>
			<end>0</end>
		</rx_missed>
		<rx_mcast>
			<start>4</start>
			<end>4</end>
		</rx_mcast>
		<tx_bytes>
			<start>4481140262</start>
			<end>262395032950</end>
		</tx_bytes>
		<tx_packets>
			<start>36725649</start>
			<end>65569170</end>
		</tx_packets>
		<tx_errors>
			<start>0</start>
			<end>0</end>
		</tx_errors>
		<tx_dropped>
			<start>0</start>
			<end>0</end>
		</tx_dropped>
		<tx_carrier>
			<start>0</start>
			<end>0</end>
		</tx_carrier>
		<tx_collisions>
			<start>0</start>
			<end>0</end>
		</tx_collisions>
	</ip_statistic>
	<netstat_statistic>
		<udp_pkg_rec>
			<start>303891193</start>
			<end>528686442</end>
		</udp_pkg_rec>
		<udp_pkg_snt>
			<start>291893818</start>
			<end>522372047</end>
		</udp_pkg_snt>
		<udp_rec_err>
			<start>0</start>
			<end>0</end>
		</udp_rec_err>
		<udp_rec_buf_err>
			<start>0</start>
			<end>0</end>
		</udp_rec_buf_err>
		<udp_snt_buf_err>
			<start>0</start>
			<end>0</end>
		</udp_snt_buf_err>
	</netstat_statistic>
</test_results>
