<?xml version="1.0"?>
<test_results>
	<status>STATUS_SUCCESS</status>
	<custom>
		<num_loss>521</num_loss>
		<num_total>5000001</num_total>
		<num_misses>0</num_misses>
		<elapsed_time>1499.985187</elapsed_time>
		<query>
			<report>
				<misses>100000</misses>
				<total>8</total>
				<timestamp>29.999942</timestamp>
			</report>
			<report>
				<misses>200000</misses>
				<total>18</total>
				<timestamp>59.999582</timestamp>
			</report>
			<report>
				<misses>300000</misses>
				<total>25</total>
				<timestamp>89.999347</timestamp>
			</report>
			<report>
				<misses>400000</misses>
				<total>30</total>
				<timestamp>119.998965</timestamp>
			</report>
			<report>
				<misses>500000</misses>
				<total>39</total>
				<timestamp>149.998672</timestamp>
			</report>
			<report>
				<misses>600000</misses>
				<total>45</total>
				<timestamp>179.998394</timestamp>
			</report>
			<report>
				<misses>700000</misses>
				<total>66</total>
				<timestamp>209.998091</timestamp>
			</report>
			<report>
				<misses>800000</misses>
				<total>77</total>
				<timestamp>239.997765</timestamp>
			</report>
			<report>
				<misses>900000</misses>
				<total>93</total>
				<timestamp>269.997503</timestamp>
			</report>
			<report>
				<misses>1000000</misses>
				<total>103</total>
				<timestamp>299.997188</timestamp>
			</report>
			<report>
				<misses>1100000</misses>
				<total>127</total>
				<timestamp>329.996890</timestamp>
			</report>
			<report>
				<misses>1200000</misses>
				<total>137</total>
				<timestamp>359.996578</timestamp>
			</report>
			<report>
				<misses>1300000</misses>
				<total>144</total>
				<timestamp>389.996259</timestamp>
			</report>
			<report>
				<misses>1400000</misses>
				<total>156</total>
				<timestamp>419.995988</timestamp>
			</report>
			<report>
				<misses>1500000</misses>
				<total>159</total>
				<timestamp>449.995657</timestamp>
			</report>
			<report>
				<misses>1600000</misses>
				<total>166</total>
				<timestamp>479.995400</timestamp>
			</report>
			<report>
				<misses>1700000</misses>
				<total>174</total>
				<timestamp>509.995088</timestamp>
			</report>
			<report>
				<misses>1800000</misses>
				<total>177</total>
				<timestamp>539.994782</timestamp>
			</report>
			<report>
				<misses>1900000</misses>
				<total>184</total>
				<timestamp>569.994489</timestamp>
			</report>
			<report>
				<misses>2000000</misses>
				<total>192</total>
				<timestamp>599.994144</timestamp>
			</report>
			<report>
				<misses>2100000</misses>
				<total>202</total>
				<timestamp>629.993911</timestamp>
			</report>
			<report>
				<misses>2200000</misses>
				<total>204</total>
				<timestamp>659.993593</timestamp>
			</report>
			<report>
				<misses>2300000</misses>
				<total>211</total>
				<timestamp>689.993266</timestamp>
			</report>
			<report>
				<misses>2400000</misses>
				<total>222</total>
				<timestamp>719.993019</timestamp>
			</report>
			<report>
				<misses>2500000</misses>
				<total>225</total>
				<timestamp>749.992667</timestamp>
			</report>
			<report>
				<misses>2600000</misses>
				<total>236</total>
				<timestamp>779.992390</timestamp>
			</report>
			<report>
				<misses>2700000</misses>
				<total>238</total>
				<timestamp>809.992125</timestamp>
			</report>
			<report>
				<misses>2800000</misses>
				<total>256</total>
				<timestamp>839.991807</timestamp>
			</report>
			<report>
				<misses>2900000</misses>
				<total>267</total>
				<timestamp>869.991478</timestamp>
			</report>
			<report>
				<misses>3000000</misses>
				<total>279</total>
				<timestamp>899.991188</timestamp>
			</report>
			<report>
				<misses>3100000</misses>
				<total>285</total>
				<timestamp>929.990927</timestamp>
			</report>
			<report>
				<misses>3200000</misses>
				<total>296</total>
				<timestamp>959.990575</timestamp>
			</report>
			<report>
				<misses>3300000</misses>
				<total>302</total>
				<timestamp>989.990260</timestamp>
			</report>
			<report>
				<misses>3400000</misses>
				<total>320</total>
				<timestamp>1019.989968</timestamp>
			</report>
			<report>
				<misses>3500000</misses>
				<total>324</total>
				<timestamp>1049.989693</timestamp>
			</report>
			<report>
				<misses>3600000</misses>
				<total>330</total>
				<timestamp>1079.989376</timestamp>
			</report>
			<report>
				<misses>3700000</misses>
				<total>348</total>
				<timestamp>1109.989073</timestamp>
			</report>
			<report>
				<misses>3800000</misses>
				<total>360</total>
				<timestamp>1139.988764</timestamp>
			</report>
			<report>
				<misses>3900000</misses>
				<total>369</total>
				<timestamp>1169.988475</timestamp>
			</report>
			<report>
				<misses>4000000</misses>
				<total>378</total>
				<timestamp>1199.988170</timestamp>
			</report>
			<report>
				<misses>4100000</misses>
				<total>383</total>
				<timestamp>1229.987875</timestamp>
			</report>
			<report>
				<misses>4200000</misses>
				<total>411</total>
				<timestamp>1259.987596</timestamp>
			</report>
			<report>
				<misses>4300000</misses>
				<total>423</total>
				<timestamp>1289.987323</timestamp>
			</report>
			<report>
				<misses>4400000</misses>
				<total>423</total>
				<timestamp>1319.986954</timestamp>
			</report>
			<report>
				<misses>4500000</misses>
				<total>443</total>
				<timestamp>1349.986697</timestamp>
			</report>
			<report>
				<misses>4600000</misses>
				<total>458</total>
				<timestamp>1379.986370</timestamp>
			</report>
			<report>
				<misses>4700000</misses>
				<total>475</total>
				<timestamp>1409.986073</timestamp>
			</report>
			<report>
				<misses>4800000</misses>
				<total>496</total>
				<timestamp>1439.985782</timestamp>
			</report>
			<report>
				<misses>4900000</misses>
				<total>517</total>
				<timestamp>1469.985460</timestamp>
			</report>
			<report>
				<misses>5000000</misses>
				<total>522</total>
				<timestamp>1499.985167</timestamp>
			</report>
		</query>
	</custom>
	<ethtool_statistic>
		<rx_packets>
			<start>4628798790</start>
			<end>4698870370</end>
		</rx_packets>
		<tx_packets>
			<start>6072877864</start>
			<end>6154923602</end>
		</tx_packets>
		<rx_dropped>
			<start>250</start>
			<end>250</end>
		</rx_dropped>
		<tx_dropped>
			<start>0</start>
			<end>0</end>
		</tx_dropped>
		<collisions>
			<start>0</start>
			<end>0</end>
		</collisions>
		<port_tx_errors>
			<start>0</start>
			<end>0</end>
		</port_tx_errors>
		<port_rx_dropped>
			<start>0</start>
			<end>0</end>
		</port_rx_dropped>
		<port_tx_dropped_link_down>
			<start>0</start>
			<end>0</end>
		</port_tx_dropped_link_down>
	</ethtool_statistic>
	<ip_statistic>
		<mtu>
			<start>9000</start>
			<end>9000</end>
		</mtu>
		<rx_bytes>
			<start>41611431379145</start>
			<end>42241367479523</end>
		</rx_bytes>
		<rx_packets>
			<start>4628798879</start>
			<end>4698870455</end>
		</rx_packets>
		<rx_errors>
			<start>0</start>
			<end>0</end>
		</rx_errors>
		<rx_dropped>
			<start>250</start>
			<end>250</end>
		</rx_dropped>
		<rx_missed>
			<start>0</start>
			<end>0</end>
		</rx_missed>
		<rx_mcast>
			<start>1330</start>
			<end>1354</end>
		</rx_mcast>
		<tx_bytes>
			<start>41262612566180</start>
			<end>41966998232630</end>
		</tx_bytes>
		<tx_packets>
			<start>6072877922</start>
			<end>6154923652</end>
		</tx_packets>
		<tx_errors>
			<start>0</start>
			<end>0</end>
		</tx_errors>
		<tx_dropped>
			<start>0</start>
			<end>0</end>
		</tx_dropped>
		<tx_carrier>
			<start>0</start>
			<end>0</end>
		</tx_carrier>
		<tx_collisions>
			<start>0</start>
			<end>0</end>
		</tx_collisions>
	</ip_statistic>
	<netstat_statistic>
		<udp_pkg_rec>
			<start>4375150018</start>
			<end>4441020552</end>
		</udp_pkg_rec>
		<udp_pkg_snt>
			<start>4549008710</start>
			<end>4596066161</end>
		</udp_pkg_snt>
		<udp_rec_err>
			<start>254136718</start>
			<end>258345198</end>
		</udp_rec_err>
		<udp_rec_buf_err>
			<start>254136718</start>
			<end>258345198</end>
		</udp_rec_buf_err>
		<udp_snt_buf_err>
			<start>0</start>
			<end>0</end>
		</udp_snt_buf_err>
	</netstat_statistic>
</test_results>
