<?xml version="1.0"?>
<test_results>
	<status>STATUS_SUCCESS</status>
	<custom>
		<num_loss>67</num_loss>
		<num_total>3000001</num_total>
		<num_misses>2</num_misses>
		<elapsed_time>840.000026</elapsed_time>
		<query />
	</custom>
	<ethtool_statistic>
		<rx_packets>
			<start>4218416480</start>
			<end>4286652050</end>
		</rx_packets>
		<tx_packets>
			<start>6972753389</start>
			<end>7081749843</end>
		</tx_packets>
		<rx_dropped>
			<start>0</start>
			<end>0</end>
		</rx_dropped>
		<tx_dropped>
			<start>0</start>
			<end>0</end>
		</tx_dropped>
		<collisions>
			<start>0</start>
			<end>0</end>
		</collisions>
		<port_tx_errors>
			<start>0</start>
			<end>0</end>
		</port_tx_errors>
		<port_rx_dropped>
			<start>0</start>
			<end>0</end>
		</port_rx_dropped>
		<port_tx_dropped_link_down>
			<start>0</start>
			<end>0</end>
		</port_tx_dropped_link_down>
	</ethtool_statistic>
	<ip_statistic>
		<mtu>
			<start>9000</start>
			<end>9000</end>
		</mtu>
		<rx_bytes>
			<start>17257827141026</start>
			<end>17536568930819</end>
		</rx_bytes>
		<rx_packets>
			<start>4218416696</start>
			<end>4286652591</end>
		</rx_packets>
		<rx_errors>
			<start>0</start>
			<end>0</end>
		</rx_errors>
		<rx_dropped>
			<start>0</start>
			<end>0</end>
		</rx_dropped>
		<rx_missed>
			<start>0</start>
			<end>0</end>
		</rx_missed>
		<rx_mcast>
			<start>2313</start>
			<end>2321</end>
		</rx_mcast>
		<tx_bytes>
			<start>20950246369469</start>
			<end>21361263987569</end>
		</tx_bytes>
		<tx_packets>
			<start>6972753417</start>
			<end>7081749884</end>
		</tx_packets>
		<tx_errors>
			<start>0</start>
			<end>0</end>
		</tx_errors>
		<tx_dropped>
			<start>0</start>
			<end>0</end>
		</tx_dropped>
		<tx_carrier>
			<start>0</start>
			<end>0</end>
		</tx_carrier>
		<tx_collisions>
			<start>0</start>
			<end>0</end>
		</tx_collisions>
	</ip_statistic>
	<netstat_statistic>
		<udp_pkg_rec>
			<start>3552550612</start>
			<end>3609774566</end>
		</udp_pkg_rec>
		<udp_pkg_snt>
			<start>6742287071</start>
			<end>6830287771</end>
		</udp_pkg_snt>
		<udp_rec_err>
			<start>666581340</start>
			<end>677597650</end>
		</udp_rec_err>
		<udp_rec_buf_err>
			<start>666581340</start>
			<end>677597650</end>
		</udp_rec_buf_err>
		<udp_snt_buf_err>
			<start>0</start>
			<end>0</end>
		</udp_snt_buf_err>
	</netstat_statistic>
</test_results>
