<?xml version="1.0"?>
<test_results>
	<status>STATUS_SUCCESS</status>
	<custom>
		<num_loss>998942</num_loss>
		<num_total>1000001</num_total>
		<num_misses>24167736</num_misses>
		<elapsed_time>62.919602</elapsed_time>
	</custom>
	<ethtool_statistic>
		<rx_packets>
			<start>3450938206</start>
			<end>3454084448</end>
		</rx_packets>
		<tx_packets>
			<start>4483968495</start>
			<end>4493863904</end>
		</tx_packets>
		<rx_dropped>
			<start>63</start>
			<end>63</end>
		</rx_dropped>
		<tx_dropped>
			<start>0</start>
			<end>0</end>
		</tx_dropped>
		<collisions>
			<start>0</start>
			<end>0</end>
		</collisions>
		<port_tx_errors>
			<start>0</start>
			<end>0</end>
		</port_tx_errors>
		<port_rx_dropped>
			<start>0</start>
			<end>0</end>
		</port_rx_dropped>
		<port_tx_dropped_link_down>
			<start>0</start>
			<end>0</end>
		</port_tx_dropped_link_down>
	</ethtool_statistic>
	<ip_statistic>
		<mtu>
			<start>9000</start>
			<end>9000</end>
		</mtu>
		<rx_bytes>
			<start>31015849452473</start>
			<end>31044131631905</end>
		</rx_bytes>
		<rx_packets>
			<start>3450938290</start>
			<end>3454084526</end>
		</rx_packets>
		<rx_errors>
			<start>0</start>
			<end>0</end>
		</rx_errors>
		<rx_dropped>
			<start>63</start>
			<end>63</end>
		</rx_dropped>
		<rx_missed>
			<start>0</start>
			<end>0</end>
		</rx_missed>
		<rx_mcast>
			<start>2506</start>
			<end>2506</end>
		</rx_mcast>
		<tx_bytes>
			<start>23905531497090</start>
			<end>23987847214834</end>
		</tx_bytes>
		<tx_packets>
			<start>4483968543</start>
			<end>4493863959</end>
		</tx_packets>
		<tx_errors>
			<start>0</start>
			<end>0</end>
		</tx_errors>
		<tx_dropped>
			<start>0</start>
			<end>0</end>
		</tx_dropped>
		<tx_carrier>
			<start>0</start>
			<end>0</end>
		</tx_carrier>
		<tx_collisions>
			<start>0</start>
			<end>0</end>
		</tx_collisions>
	</ip_statistic>
</test_results>
