<?xml version="1.0"?>
<test_results>
	<status>STATUS_SUCCESS</status>
	<custom>
		<num_loss>5051</num_loss>
		<num_total>10001</num_total>
		<num_misses>240361</num_misses>
		<elapsed_time>0.626301</elapsed_time>
		<query>
			<report>
				<misses>10000</misses>
				<total>5051</total>
			</report>
		</query>
	</custom>
	<ethtool_statistic>
		<rx_packets>
			<start>16916622077</start>
			<end>16916880071</end>
		</rx_packets>
		<tx_packets>
			<start>19684810958</start>
			<end>19685045550</end>
		</tx_packets>
		<rx_dropped>
			<start>63</start>
			<end>63</end>
		</rx_dropped>
		<tx_dropped>
			<start>0</start>
			<end>0</end>
		</tx_dropped>
		<collisions>
			<start>0</start>
			<end>0</end>
		</collisions>
		<port_tx_errors>
			<start>0</start>
			<end>0</end>
		</port_tx_errors>
		<port_rx_dropped>
			<start>0</start>
			<end>0</end>
		</port_rx_dropped>
		<port_tx_dropped_link_down>
			<start>0</start>
			<end>0</end>
		</port_tx_dropped_link_down>
	</ethtool_statistic>
	<ip_statistic>
		<mtu>
			<start>9000</start>
			<end>9000</end>
		</mtu>
		<rx_bytes>
			<start>152067359164715</start>
			<end>152069677920323</end>
		</rx_bytes>
		<rx_packets>
			<start>16916622207</start>
			<end>16916880140</end>
		</rx_packets>
		<rx_errors>
			<start>0</start>
			<end>0</end>
		</rx_errors>
		<rx_dropped>
			<start>69</start>
			<end>69</end>
		</rx_dropped>
		<rx_missed>
			<start>0</start>
			<end>0</end>
		</rx_missed>
		<rx_mcast>
			<start>12319</start>
			<end>12319</end>
		</rx_mcast>
		<tx_bytes>
			<start>133349141321484</start>
			<end>133351184083762</end>
		</tx_bytes>
		<tx_packets>
			<start>19684811014</start>
			<end>19685045633</end>
		</tx_packets>
		<tx_errors>
			<start>0</start>
			<end>0</end>
		</tx_errors>
		<tx_dropped>
			<start>0</start>
			<end>0</end>
		</tx_dropped>
		<tx_carrier>
			<start>0</start>
			<end>0</end>
		</tx_carrier>
		<tx_collisions>
			<start>0</start>
			<end>0</end>
		</tx_collisions>
	</ip_statistic>
	<netstat_statistic>
		<udp_pkg_rec>
			<start>16645318212</start>
			<end>16645573318</end>
		</udp_pkg_rec>
		<udp_pkg_snt>
			<start>16649903486</start>
			<end>16650068099</end>
		</udp_pkg_snt>
		<udp_rec_err>
			<start>273301502</start>
			<end>273304223</end>
		</udp_rec_err>
		<udp_rec_buf_err>
			<start>273301502</start>
			<end>273304223</end>
		</udp_rec_buf_err>
		<udp_snt_buf_err>
			<start>28</start>
			<end>28</end>
		</udp_snt_buf_err>
	</netstat_statistic>
</test_results>
