<?xml version="1.0"?>
<test_results>
	<status>STATUS_SUCCESS</status>
	<custom>
		<num_loss>3</num_loss>
		<num_total>89987670</num_total>
		<num_misses>1108</num_misses>
		<elapsed_time>7199.095128</elapsed_time>
		<query />
	</custom>
	<ethtool_statistic>
		<rx_packets>
			<start>2530011721</start>
			<end>3115013459</end>
		</rx_packets>
		<tx_packets>
			<start>4440609228</start>
			<end>5253407454</end>
		</tx_packets>
		<rx_dropped>
			<start>0</start>
			<end>0</end>
		</rx_dropped>
		<tx_dropped>
			<start>0</start>
			<end>0</end>
		</tx_dropped>
		<collisions>
			<start>0</start>
			<end>0</end>
		</collisions>
		<port_tx_errors>
			<start>0</start>
			<end>0</end>
		</port_tx_errors>
		<port_rx_dropped>
			<start>0</start>
			<end>0</end>
		</port_rx_dropped>
		<port_tx_dropped_link_down>
			<start>0</start>
			<end>0</end>
		</port_tx_dropped_link_down>
	</ethtool_statistic>
	<ip_statistic>
		<mtu>
			<start>9000</start>
			<end>9000</end>
		</mtu>
		<rx_bytes>
			<start>10358665107377</start>
			<end>12739906228055</end>
		</rx_bytes>
		<rx_packets>
			<start>2530011776</start>
			<end>3115013512</end>
		</rx_packets>
		<rx_errors>
			<start>0</start>
			<end>0</end>
		</rx_errors>
		<rx_dropped>
			<start>0</start>
			<end>0</end>
		</rx_dropped>
		<rx_missed>
			<start>0</start>
			<end>0</end>
		</rx_missed>
		<rx_mcast>
			<start>1998</start>
			<end>2140</end>
		</rx_mcast>
		<tx_bytes>
			<start>11958038470571</start>
			<end>14594481020033</end>
		</tx_bytes>
		<tx_packets>
			<start>4440609773</start>
			<end>5253407762</end>
		</tx_packets>
		<tx_errors>
			<start>0</start>
			<end>0</end>
		</tx_errors>
		<tx_dropped>
			<start>0</start>
			<end>0</end>
		</tx_dropped>
		<tx_carrier>
			<start>0</start>
			<end>0</end>
		</tx_carrier>
		<tx_collisions>
			<start>0</start>
			<end>0</end>
		</tx_collisions>
	</ip_statistic>
	<netstat_statistic>
		<udp_pkg_rec>
			<start>2107978186</start>
			<end>2608008198</end>
		</udp_pkg_rec>
		<udp_pkg_snt>
			<start>4441034530</start>
			<end>5253869676</end>
		</udp_pkg_snt>
		<udp_rec_err>
			<start>422641816</start>
			<end>507650380</end>
		</udp_rec_err>
		<udp_rec_buf_err>
			<start>422641816</start>
			<end>507650380</end>
		</udp_rec_buf_err>
		<udp_snt_buf_err>
			<start>0</start>
			<end>0</end>
		</udp_snt_buf_err>
	</netstat_statistic>
</test_results>
