<?xml version="1.0"?>
<test_results>
	<status>STATUS_SUCCESS</status>
	<custom>
		<num_loss>8</num_loss>
		<num_total>137460896</num_total>
		<num_misses>-1552441527</num_misses>
		<elapsed_time>7199.963230</elapsed_time>
		<query>
			<report>
				<misses>100001</misses>
				<total>1</total>
				<timestamp>5.237952</timestamp>
			</report>
			<report>
				<misses>200001</misses>
				<total>0</total>
				<timestamp>10.475803</timestamp>
			</report>
			<report>
				<misses>300001</misses>
				<total>0</total>
				<timestamp>15.713628</timestamp>
			</report>
			<report>
				<misses>400001</misses>
				<total>0</total>
				<timestamp>20.951478</timestamp>
			</report>
			<report>
				<misses>500001</misses>
				<total>1</total>
				<timestamp>26.189318</timestamp>
			</report>
			<report>
				<misses>600001</misses>
				<total>1</total>
				<timestamp>31.427134</timestamp>
			</report>
			<report>
				<misses>700001</misses>
				<total>1</total>
				<timestamp>36.665009</timestamp>
			</report>
			<report>
				<misses>800001</misses>
				<total>1</total>
				<timestamp>41.902808</timestamp>
			</report>
			<report>
				<misses>900001</misses>
				<total>0</total>
				<timestamp>47.140598</timestamp>
			</report>
			<report>
				<misses>1000001</misses>
				<total>0</total>
				<timestamp>52.378517</timestamp>
			</report>
			<report>
				<misses>1100001</misses>
				<total>1</total>
				<timestamp>57.616368</timestamp>
			</report>
			<report>
				<misses>1200001</misses>
				<total>0</total>
				<timestamp>62.854186</timestamp>
			</report>
			<report>
				<misses>1300001</misses>
				<total>1</total>
				<timestamp>68.092022</timestamp>
			</report>
			<report>
				<misses>1400001</misses>
				<total>0</total>
				<timestamp>73.330029</timestamp>
			</report>
			<report>
				<misses>1500001</misses>
				<total>1</total>
				<timestamp>78.567809</timestamp>
			</report>
			<report>
				<misses>1600001</misses>
				<total>1</total>
				<timestamp>83.805711</timestamp>
			</report>
			<report>
				<misses>1700001</misses>
				<total>1</total>
				<timestamp>89.043591</timestamp>
			</report>
			<report>
				<misses>1800001</misses>
				<total>1</total>
				<timestamp>94.281429</timestamp>
			</report>
			<report>
				<misses>1900001</misses>
				<total>1</total>
				<timestamp>99.519272</timestamp>
			</report>
			<report>
				<misses>2000001</misses>
				<total>1</total>
				<timestamp>104.757056</timestamp>
			</report>
			<report>
				<misses>2100001</misses>
				<total>2</total>
				<timestamp>109.994818</timestamp>
			</report>
			<report>
				<misses>2200001</misses>
				<total>1</total>
				<timestamp>115.232637</timestamp>
			</report>
			<report>
				<misses>2300001</misses>
				<total>1</total>
				<timestamp>120.470481</timestamp>
			</report>
			<report>
				<misses>2400001</misses>
				<total>1</total>
				<timestamp>125.708297</timestamp>
			</report>
			<report>
				<misses>2500001</misses>
				<total>0</total>
				<timestamp>130.946167</timestamp>
			</report>
			<report>
				<misses>2600001</misses>
				<total>1</total>
				<timestamp>136.183998</timestamp>
			</report>
			<report>
				<misses>2700001</misses>
				<total>1</total>
				<timestamp>141.421868</timestamp>
			</report>
			<report>
				<misses>2800001</misses>
				<total>0</total>
				<timestamp>146.659771</timestamp>
			</report>
			<report>
				<misses>2900001</misses>
				<total>1</total>
				<timestamp>151.897587</timestamp>
			</report>
			<report>
				<misses>3000001</misses>
				<total>1</total>
				<timestamp>157.135406</timestamp>
			</report>
			<report>
				<misses>3100001</misses>
				<total>0</total>
				<timestamp>162.373201</timestamp>
			</report>
			<report>
				<misses>3200001</misses>
				<total>0</total>
				<timestamp>167.611083</timestamp>
			</report>
			<report>
				<misses>3300001</misses>
				<total>1</total>
				<timestamp>172.848871</timestamp>
			</report>
			<report>
				<misses>3400001</misses>
				<total>0</total>
				<timestamp>178.086810</timestamp>
			</report>
			<report>
				<misses>3500001</misses>
				<total>0</total>
				<timestamp>183.324659</timestamp>
			</report>
			<report>
				<misses>3600001</misses>
				<total>1</total>
				<timestamp>188.562493</timestamp>
			</report>
			<report>
				<misses>3700001</misses>
				<total>0</total>
				<timestamp>193.800312</timestamp>
			</report>
			<report>
				<misses>3800001</misses>
				<total>0</total>
				<timestamp>199.038221</timestamp>
			</report>
			<report>
				<misses>3900001</misses>
				<total>0</total>
				<timestamp>204.276076</timestamp>
			</report>
			<report>
				<misses>4000001</misses>
				<total>0</total>
				<timestamp>209.513876</timestamp>
			</report>
			<report>
				<misses>4100001</misses>
				<total>1</total>
				<timestamp>214.751706</timestamp>
			</report>
			<report>
				<misses>4200001</misses>
				<total>1</total>
				<timestamp>219.989467</timestamp>
			</report>
			<report>
				<misses>4300001</misses>
				<total>1</total>
				<timestamp>225.227266</timestamp>
			</report>
			<report>
				<misses>4400001</misses>
				<total>1</total>
				<timestamp>230.465106</timestamp>
			</report>
			<report>
				<misses>4500001</misses>
				<total>1</total>
				<timestamp>235.702923</timestamp>
			</report>
			<report>
				<misses>4600001</misses>
				<total>0</total>
				<timestamp>240.940776</timestamp>
			</report>
			<report>
				<misses>4700001</misses>
				<total>1</total>
				<timestamp>246.178609</timestamp>
			</report>
			<report>
				<misses>4800001</misses>
				<total>1</total>
				<timestamp>251.416437</timestamp>
			</report>
			<report>
				<misses>4900001</misses>
				<total>0</total>
				<timestamp>256.654333</timestamp>
			</report>
			<report>
				<misses>5000001</misses>
				<total>0</total>
				<timestamp>261.892123</timestamp>
			</report>
			<report>
				<misses>5100001</misses>
				<total>1</total>
				<timestamp>267.129902</timestamp>
			</report>
			<report>
				<misses>5200001</misses>
				<total>2</total>
				<timestamp>272.367834</timestamp>
			</report>
			<report>
				<misses>5300001</misses>
				<total>1</total>
				<timestamp>277.605614</timestamp>
			</report>
			<report>
				<misses>5400001</misses>
				<total>1</total>
				<timestamp>282.843388</timestamp>
			</report>
			<report>
				<misses>5500001</misses>
				<total>0</total>
				<timestamp>288.081232</timestamp>
			</report>
			<report>
				<misses>5600001</misses>
				<total>0</total>
				<timestamp>293.319108</timestamp>
			</report>
			<report>
				<misses>5700001</misses>
				<total>1</total>
				<timestamp>298.556924</timestamp>
			</report>
			<report>
				<misses>5800001</misses>
				<total>1</total>
				<timestamp>303.794736</timestamp>
			</report>
			<report>
				<misses>5900001</misses>
				<total>1</total>
				<timestamp>309.032501</timestamp>
			</report>
			<report>
				<misses>6000001</misses>
				<total>1</total>
				<timestamp>314.270343</timestamp>
			</report>
			<report>
				<misses>6100001</misses>
				<total>1</total>
				<timestamp>319.508240</timestamp>
			</report>
			<report>
				<misses>6200001</misses>
				<total>1</total>
				<timestamp>324.746033</timestamp>
			</report>
			<report>
				<misses>6300001</misses>
				<total>0</total>
				<timestamp>329.983805</timestamp>
			</report>
			<report>
				<misses>6400001</misses>
				<total>1</total>
				<timestamp>335.221611</timestamp>
			</report>
			<report>
				<misses>6500001</misses>
				<total>0</total>
				<timestamp>340.459467</timestamp>
			</report>
			<report>
				<misses>6600001</misses>
				<total>1</total>
				<timestamp>345.697251</timestamp>
			</report>
			<report>
				<misses>6700001</misses>
				<total>1</total>
				<timestamp>350.935020</timestamp>
			</report>
			<report>
				<misses>6800001</misses>
				<total>1</total>
				<timestamp>356.172847</timestamp>
			</report>
			<report>
				<misses>6900001</misses>
				<total>1</total>
				<timestamp>361.410674</timestamp>
			</report>
			<report>
				<misses>7000001</misses>
				<total>0</total>
				<timestamp>366.648462</timestamp>
			</report>
			<report>
				<misses>7100001</misses>
				<total>1</total>
				<timestamp>371.886230</timestamp>
			</report>
			<report>
				<misses>7200001</misses>
				<total>1</total>
				<timestamp>377.124177</timestamp>
			</report>
			<report>
				<misses>7300001</misses>
				<total>1</total>
				<timestamp>382.361969</timestamp>
			</report>
			<report>
				<misses>7400001</misses>
				<total>0</total>
				<timestamp>387.599748</timestamp>
			</report>
			<report>
				<misses>7500001</misses>
				<total>1</total>
				<timestamp>392.837596</timestamp>
			</report>
			<report>
				<misses>7600001</misses>
				<total>1</total>
				<timestamp>398.075376</timestamp>
			</report>
			<report>
				<misses>7700001</misses>
				<total>0</total>
				<timestamp>403.313154</timestamp>
			</report>
			<report>
				<misses>7800001</misses>
				<total>0</total>
				<timestamp>408.551017</timestamp>
			</report>
			<report>
				<misses>7900001</misses>
				<total>1</total>
				<timestamp>413.788778</timestamp>
			</report>
			<report>
				<misses>8000001</misses>
				<total>1</total>
				<timestamp>419.026623</timestamp>
			</report>
			<report>
				<misses>8100001</misses>
				<total>1</total>
				<timestamp>424.264489</timestamp>
			</report>
			<report>
				<misses>8200001</misses>
				<total>0</total>
				<timestamp>429.502388</timestamp>
			</report>
			<report>
				<misses>8300001</misses>
				<total>0</total>
				<timestamp>434.740204</timestamp>
			</report>
			<report>
				<misses>8400001</misses>
				<total>0</total>
				<timestamp>439.978028</timestamp>
			</report>
			<report>
				<misses>8500001</misses>
				<total>0</total>
				<timestamp>445.215880</timestamp>
			</report>
			<report>
				<misses>8600001</misses>
				<total>1</total>
				<timestamp>450.453705</timestamp>
			</report>
			<report>
				<misses>8700001</misses>
				<total>1</total>
				<timestamp>455.691508</timestamp>
			</report>
			<report>
				<misses>8800001</misses>
				<total>1</total>
				<timestamp>460.929313</timestamp>
			</report>
			<report>
				<misses>8900001</misses>
				<total>1</total>
				<timestamp>466.167225</timestamp>
			</report>
			<report>
				<misses>9000001</misses>
				<total>1</total>
				<timestamp>471.405044</timestamp>
			</report>
			<report>
				<misses>9100001</misses>
				<total>0</total>
				<timestamp>476.642939</timestamp>
			</report>
			<report>
				<misses>9200001</misses>
				<total>1</total>
				<timestamp>481.880740</timestamp>
			</report>
			<report>
				<misses>9300001</misses>
				<total>0</total>
				<timestamp>487.118538</timestamp>
			</report>
			<report>
				<misses>9400001</misses>
				<total>0</total>
				<timestamp>492.356368</timestamp>
			</report>
			<report>
				<misses>9500001</misses>
				<total>0</total>
				<timestamp>497.594172</timestamp>
			</report>
			<report>
				<misses>9600001</misses>
				<total>1</total>
				<timestamp>502.832029</timestamp>
			</report>
			<report>
				<misses>9700001</misses>
				<total>1</total>
				<timestamp>508.069876</timestamp>
			</report>
			<report>
				<misses>9800001</misses>
				<total>0</total>
				<timestamp>513.307742</timestamp>
			</report>
			<report>
				<misses>9900001</misses>
				<total>0</total>
				<timestamp>518.545533</timestamp>
			</report>
			<report>
				<misses>10000001</misses>
				<total>0</total>
				<timestamp>523.783358</timestamp>
			</report>
			<report>
				<misses>10100001</misses>
				<total>0</total>
				<timestamp>529.021173</timestamp>
			</report>
			<report>
				<misses>10200001</misses>
				<total>0</total>
				<timestamp>534.258950</timestamp>
			</report>
			<report>
				<misses>10300001</misses>
				<total>0</total>
				<timestamp>539.496805</timestamp>
			</report>
			<report>
				<misses>10400001</misses>
				<total>1</total>
				<timestamp>544.734626</timestamp>
			</report>
			<report>
				<misses>10500001</misses>
				<total>0</total>
				<timestamp>549.972462</timestamp>
			</report>
			<report>
				<misses>10600001</misses>
				<total>0</total>
				<timestamp>555.210230</timestamp>
			</report>
			<report>
				<misses>10700001</misses>
				<total>1</total>
				<timestamp>560.448068</timestamp>
			</report>
			<report>
				<misses>10800001</misses>
				<total>0</total>
				<timestamp>565.685839</timestamp>
			</report>
			<report>
				<misses>10900001</misses>
				<total>1</total>
				<timestamp>570.923656</timestamp>
			</report>
			<report>
				<misses>11000001</misses>
				<total>0</total>
				<timestamp>576.161544</timestamp>
			</report>
			<report>
				<misses>11100001</misses>
				<total>1</total>
				<timestamp>581.399338</timestamp>
			</report>
			<report>
				<misses>11200001</misses>
				<total>1</total>
				<timestamp>586.637159</timestamp>
			</report>
			<report>
				<misses>11300001</misses>
				<total>1</total>
				<timestamp>591.874981</timestamp>
			</report>
			<report>
				<misses>11400001</misses>
				<total>0</total>
				<timestamp>597.112801</timestamp>
			</report>
			<report>
				<misses>11500001</misses>
				<total>1</total>
				<timestamp>602.350597</timestamp>
			</report>
			<report>
				<misses>11600001</misses>
				<total>0</total>
				<timestamp>607.588518</timestamp>
			</report>
			<report>
				<misses>11700001</misses>
				<total>1</total>
				<timestamp>612.826326</timestamp>
			</report>
			<report>
				<misses>11800001</misses>
				<total>1</total>
				<timestamp>618.064164</timestamp>
			</report>
			<report>
				<misses>11900001</misses>
				<total>2</total>
				<timestamp>623.302013</timestamp>
			</report>
			<report>
				<misses>12000001</misses>
				<total>1</total>
				<timestamp>628.539825</timestamp>
			</report>
			<report>
				<misses>12100001</misses>
				<total>1</total>
				<timestamp>633.777724</timestamp>
			</report>
			<report>
				<misses>12200001</misses>
				<total>0</total>
				<timestamp>639.015491</timestamp>
			</report>
			<report>
				<misses>12300001</misses>
				<total>0</total>
				<timestamp>644.253324</timestamp>
			</report>
			<report>
				<misses>12400001</misses>
				<total>1</total>
				<timestamp>649.491176</timestamp>
			</report>
			<report>
				<misses>12500001</misses>
				<total>0</total>
				<timestamp>654.728974</timestamp>
			</report>
			<report>
				<misses>12600001</misses>
				<total>1</total>
				<timestamp>659.966770</timestamp>
			</report>
			<report>
				<misses>12700001</misses>
				<total>1</total>
				<timestamp>665.204643</timestamp>
			</report>
			<report>
				<misses>12800001</misses>
				<total>1</total>
				<timestamp>670.442444</timestamp>
			</report>
			<report>
				<misses>12900001</misses>
				<total>0</total>
				<timestamp>675.680414</timestamp>
			</report>
			<report>
				<misses>13000001</misses>
				<total>0</total>
				<timestamp>680.918206</timestamp>
			</report>
			<report>
				<misses>13100001</misses>
				<total>2</total>
				<timestamp>686.156044</timestamp>
			</report>
			<report>
				<misses>13200001</misses>
				<total>2</total>
				<timestamp>691.393834</timestamp>
			</report>
			<report>
				<misses>13300001</misses>
				<total>2</total>
				<timestamp>696.631800</timestamp>
			</report>
			<report>
				<misses>13400001</misses>
				<total>2</total>
				<timestamp>701.869559</timestamp>
			</report>
			<report>
				<misses>13500001</misses>
				<total>1</total>
				<timestamp>707.107358</timestamp>
			</report>
			<report>
				<misses>13600001</misses>
				<total>2</total>
				<timestamp>712.345187</timestamp>
			</report>
			<report>
				<misses>13700001</misses>
				<total>2</total>
				<timestamp>717.582948</timestamp>
			</report>
			<report>
				<misses>13800001</misses>
				<total>2</total>
				<timestamp>722.820751</timestamp>
			</report>
			<report>
				<misses>13900001</misses>
				<total>1</total>
				<timestamp>728.058605</timestamp>
			</report>
			<report>
				<misses>14000001</misses>
				<total>1</total>
				<timestamp>733.296456</timestamp>
			</report>
			<report>
				<misses>14100001</misses>
				<total>2</total>
				<timestamp>738.534215</timestamp>
			</report>
			<report>
				<misses>14200001</misses>
				<total>1</total>
				<timestamp>743.772047</timestamp>
			</report>
			<report>
				<misses>14300001</misses>
				<total>1</total>
				<timestamp>749.009855</timestamp>
			</report>
			<report>
				<misses>14400001</misses>
				<total>2</total>
				<timestamp>754.247611</timestamp>
			</report>
			<report>
				<misses>14500001</misses>
				<total>1</total>
				<timestamp>759.485453</timestamp>
			</report>
			<report>
				<misses>14600001</misses>
				<total>2</total>
				<timestamp>764.723272</timestamp>
			</report>
			<report>
				<misses>14700001</misses>
				<total>2</total>
				<timestamp>769.961084</timestamp>
			</report>
			<report>
				<misses>14800001</misses>
				<total>2</total>
				<timestamp>775.198895</timestamp>
			</report>
			<report>
				<misses>14900001</misses>
				<total>1</total>
				<timestamp>780.436695</timestamp>
			</report>
			<report>
				<misses>15000001</misses>
				<total>2</total>
				<timestamp>785.674510</timestamp>
			</report>
			<report>
				<misses>15100001</misses>
				<total>2</total>
				<timestamp>790.912285</timestamp>
			</report>
			<report>
				<misses>15200001</misses>
				<total>2</total>
				<timestamp>796.150267</timestamp>
			</report>
			<report>
				<misses>15300001</misses>
				<total>2</total>
				<timestamp>801.388050</timestamp>
			</report>
			<report>
				<misses>15400001</misses>
				<total>2</total>
				<timestamp>806.625826</timestamp>
			</report>
			<report>
				<misses>15500001</misses>
				<total>2</total>
				<timestamp>811.863648</timestamp>
			</report>
			<report>
				<misses>15600001</misses>
				<total>2</total>
				<timestamp>817.101563</timestamp>
			</report>
			<report>
				<misses>15700001</misses>
				<total>2</total>
				<timestamp>822.339326</timestamp>
			</report>
			<report>
				<misses>15800001</misses>
				<total>2</total>
				<timestamp>827.577147</timestamp>
			</report>
			<report>
				<misses>15900001</misses>
				<total>1</total>
				<timestamp>832.815014</timestamp>
			</report>
			<report>
				<misses>16000001</misses>
				<total>2</total>
				<timestamp>838.052823</timestamp>
			</report>
			<report>
				<misses>16100001</misses>
				<total>3</total>
				<timestamp>843.290696</timestamp>
			</report>
			<report>
				<misses>16200001</misses>
				<total>1</total>
				<timestamp>848.528567</timestamp>
			</report>
			<report>
				<misses>16300001</misses>
				<total>2</total>
				<timestamp>853.766407</timestamp>
			</report>
			<report>
				<misses>16400001</misses>
				<total>2</total>
				<timestamp>859.004231</timestamp>
			</report>
			<report>
				<misses>16500001</misses>
				<total>2</total>
				<timestamp>864.242053</timestamp>
			</report>
			<report>
				<misses>16600001</misses>
				<total>2</total>
				<timestamp>869.479823</timestamp>
			</report>
			<report>
				<misses>16700001</misses>
				<total>1</total>
				<timestamp>874.717753</timestamp>
			</report>
			<report>
				<misses>16800001</misses>
				<total>2</total>
				<timestamp>879.955574</timestamp>
			</report>
			<report>
				<misses>16900001</misses>
				<total>2</total>
				<timestamp>885.193387</timestamp>
			</report>
			<report>
				<misses>17000001</misses>
				<total>1</total>
				<timestamp>890.431267</timestamp>
			</report>
			<report>
				<misses>17100001</misses>
				<total>1</total>
				<timestamp>895.669058</timestamp>
			</report>
			<report>
				<misses>17200001</misses>
				<total>2</total>
				<timestamp>900.906917</timestamp>
			</report>
			<report>
				<misses>17300001</misses>
				<total>1</total>
				<timestamp>906.144798</timestamp>
			</report>
			<report>
				<misses>17400001</misses>
				<total>1</total>
				<timestamp>911.382679</timestamp>
			</report>
			<report>
				<misses>17500001</misses>
				<total>2</total>
				<timestamp>916.620489</timestamp>
			</report>
			<report>
				<misses>17600001</misses>
				<total>1</total>
				<timestamp>921.858372</timestamp>
			</report>
			<report>
				<misses>17700001</misses>
				<total>2</total>
				<timestamp>927.096179</timestamp>
			</report>
			<report>
				<misses>17800001</misses>
				<total>2</total>
				<timestamp>932.334033</timestamp>
			</report>
			<report>
				<misses>17900001</misses>
				<total>2</total>
				<timestamp>937.571893</timestamp>
			</report>
			<report>
				<misses>18000001</misses>
				<total>2</total>
				<timestamp>942.809695</timestamp>
			</report>
			<report>
				<misses>18100001</misses>
				<total>2</total>
				<timestamp>948.047470</timestamp>
			</report>
			<report>
				<misses>18200001</misses>
				<total>2</total>
				<timestamp>953.285253</timestamp>
			</report>
			<report>
				<misses>18300001</misses>
				<total>2</total>
				<timestamp>958.523096</timestamp>
			</report>
			<report>
				<misses>18400001</misses>
				<total>1</total>
				<timestamp>963.760918</timestamp>
			</report>
			<report>
				<misses>18500001</misses>
				<total>3</total>
				<timestamp>968.998692</timestamp>
			</report>
			<report>
				<misses>18600001</misses>
				<total>1</total>
				<timestamp>974.236483</timestamp>
			</report>
			<report>
				<misses>18700001</misses>
				<total>2</total>
				<timestamp>979.474238</timestamp>
			</report>
			<report>
				<misses>18800001</misses>
				<total>2</total>
				<timestamp>984.712063</timestamp>
			</report>
			<report>
				<misses>18900001</misses>
				<total>2</total>
				<timestamp>989.949887</timestamp>
			</report>
			<report>
				<misses>19000001</misses>
				<total>2</total>
				<timestamp>995.187711</timestamp>
			</report>
			<report>
				<misses>19100001</misses>
				<total>2</total>
				<timestamp>1000.425477</timestamp>
			</report>
			<report>
				<misses>19200001</misses>
				<total>1</total>
				<timestamp>1005.663336</timestamp>
			</report>
			<report>
				<misses>19300001</misses>
				<total>2</total>
				<timestamp>1010.901119</timestamp>
			</report>
			<report>
				<misses>19400001</misses>
				<total>2</total>
				<timestamp>1016.138964</timestamp>
			</report>
			<report>
				<misses>19500001</misses>
				<total>1</total>
				<timestamp>1021.376732</timestamp>
			</report>
			<report>
				<misses>19600001</misses>
				<total>2</total>
				<timestamp>1026.614616</timestamp>
			</report>
			<report>
				<misses>19700001</misses>
				<total>2</total>
				<timestamp>1031.852379</timestamp>
			</report>
			<report>
				<misses>19800001</misses>
				<total>2</total>
				<timestamp>1037.090261</timestamp>
			</report>
			<report>
				<misses>19900001</misses>
				<total>1</total>
				<timestamp>1042.328091</timestamp>
			</report>
			<report>
				<misses>20000001</misses>
				<total>2</total>
				<timestamp>1047.565846</timestamp>
			</report>
			<report>
				<misses>20100001</misses>
				<total>2</total>
				<timestamp>1052.803656</timestamp>
			</report>
			<report>
				<misses>20200001</misses>
				<total>2</total>
				<timestamp>1058.041442</timestamp>
			</report>
			<report>
				<misses>20300001</misses>
				<total>1</total>
				<timestamp>1063.279203</timestamp>
			</report>
			<report>
				<misses>20400001</misses>
				<total>2</total>
				<timestamp>1068.517023</timestamp>
			</report>
			<report>
				<misses>20500001</misses>
				<total>2</total>
				<timestamp>1073.754819</timestamp>
			</report>
			<report>
				<misses>20600001</misses>
				<total>1</total>
				<timestamp>1078.992716</timestamp>
			</report>
			<report>
				<misses>20700001</misses>
				<total>1</total>
				<timestamp>1084.230627</timestamp>
			</report>
			<report>
				<misses>20800001</misses>
				<total>1</total>
				<timestamp>1089.468432</timestamp>
			</report>
			<report>
				<misses>20900001</misses>
				<total>2</total>
				<timestamp>1094.706265</timestamp>
			</report>
			<report>
				<misses>21000001</misses>
				<total>1</total>
				<timestamp>1099.944130</timestamp>
			</report>
			<report>
				<misses>21100001</misses>
				<total>1</total>
				<timestamp>1105.181949</timestamp>
			</report>
			<report>
				<misses>21200001</misses>
				<total>2</total>
				<timestamp>1110.419754</timestamp>
			</report>
			<report>
				<misses>21300001</misses>
				<total>2</total>
				<timestamp>1115.657626</timestamp>
			</report>
			<report>
				<misses>21400001</misses>
				<total>2</total>
				<timestamp>1120.895516</timestamp>
			</report>
			<report>
				<misses>21500001</misses>
				<total>1</total>
				<timestamp>1126.133323</timestamp>
			</report>
			<report>
				<misses>21600001</misses>
				<total>2</total>
				<timestamp>1131.371123</timestamp>
			</report>
			<report>
				<misses>21700001</misses>
				<total>1</total>
				<timestamp>1136.609035</timestamp>
			</report>
			<report>
				<misses>21800001</misses>
				<total>1</total>
				<timestamp>1141.846837</timestamp>
			</report>
			<report>
				<misses>21900001</misses>
				<total>1</total>
				<timestamp>1147.084613</timestamp>
			</report>
			<report>
				<misses>22000001</misses>
				<total>2</total>
				<timestamp>1152.322430</timestamp>
			</report>
			<report>
				<misses>22100001</misses>
				<total>1</total>
				<timestamp>1157.560270</timestamp>
			</report>
			<report>
				<misses>22200001</misses>
				<total>2</total>
				<timestamp>1162.798208</timestamp>
			</report>
			<report>
				<misses>22300001</misses>
				<total>2</total>
				<timestamp>1168.036017</timestamp>
			</report>
			<report>
				<misses>22400001</misses>
				<total>1</total>
				<timestamp>1173.273860</timestamp>
			</report>
			<report>
				<misses>22500001</misses>
				<total>2</total>
				<timestamp>1178.511699</timestamp>
			</report>
			<report>
				<misses>22600001</misses>
				<total>2</total>
				<timestamp>1183.749617</timestamp>
			</report>
			<report>
				<misses>22700001</misses>
				<total>2</total>
				<timestamp>1188.987378</timestamp>
			</report>
			<report>
				<misses>22800001</misses>
				<total>3</total>
				<timestamp>1194.225187</timestamp>
			</report>
			<report>
				<misses>22900001</misses>
				<total>2</total>
				<timestamp>1199.463058</timestamp>
			</report>
			<report>
				<misses>23000001</misses>
				<total>3</total>
				<timestamp>1204.700889</timestamp>
			</report>
			<report>
				<misses>23100001</misses>
				<total>3</total>
				<timestamp>1209.938710</timestamp>
			</report>
			<report>
				<misses>23200001</misses>
				<total>3</total>
				<timestamp>1215.176493</timestamp>
			</report>
			<report>
				<misses>23300001</misses>
				<total>4</total>
				<timestamp>1220.414420</timestamp>
			</report>
			<report>
				<misses>23400001</misses>
				<total>2</total>
				<timestamp>1225.652251</timestamp>
			</report>
			<report>
				<misses>23500001</misses>
				<total>2</total>
				<timestamp>1230.890084</timestamp>
			</report>
			<report>
				<misses>23600001</misses>
				<total>3</total>
				<timestamp>1236.127964</timestamp>
			</report>
			<report>
				<misses>23700001</misses>
				<total>2</total>
				<timestamp>1241.365770</timestamp>
			</report>
			<report>
				<misses>23800001</misses>
				<total>2</total>
				<timestamp>1246.603652</timestamp>
			</report>
			<report>
				<misses>23900001</misses>
				<total>3</total>
				<timestamp>1251.841487</timestamp>
			</report>
			<report>
				<misses>24000001</misses>
				<total>3</total>
				<timestamp>1257.079261</timestamp>
			</report>
			<report>
				<misses>24100001</misses>
				<total>3</total>
				<timestamp>1262.317057</timestamp>
			</report>
			<report>
				<misses>24200001</misses>
				<total>3</total>
				<timestamp>1267.554830</timestamp>
			</report>
			<report>
				<misses>24300001</misses>
				<total>2</total>
				<timestamp>1272.792666</timestamp>
			</report>
			<report>
				<misses>24400001</misses>
				<total>4</total>
				<timestamp>1278.030415</timestamp>
			</report>
			<report>
				<misses>24500001</misses>
				<total>3</total>
				<timestamp>1283.268199</timestamp>
			</report>
			<report>
				<misses>24600001</misses>
				<total>3</total>
				<timestamp>1288.506004</timestamp>
			</report>
			<report>
				<misses>24700001</misses>
				<total>4</total>
				<timestamp>1293.743805</timestamp>
			</report>
			<report>
				<misses>24800001</misses>
				<total>5</total>
				<timestamp>1298.981688</timestamp>
			</report>
			<report>
				<misses>24900001</misses>
				<total>4</total>
				<timestamp>1304.219477</timestamp>
			</report>
			<report>
				<misses>25000001</misses>
				<total>3</total>
				<timestamp>1309.457292</timestamp>
			</report>
			<report>
				<misses>25100001</misses>
				<total>4</total>
				<timestamp>1314.695082</timestamp>
			</report>
			<report>
				<misses>25200001</misses>
				<total>4</total>
				<timestamp>1319.932913</timestamp>
			</report>
			<report>
				<misses>25300001</misses>
				<total>4</total>
				<timestamp>1325.170681</timestamp>
			</report>
			<report>
				<misses>25400001</misses>
				<total>4</total>
				<timestamp>1330.408436</timestamp>
			</report>
			<report>
				<misses>25500001</misses>
				<total>4</total>
				<timestamp>1335.646213</timestamp>
			</report>
			<report>
				<misses>25600001</misses>
				<total>3</total>
				<timestamp>1340.884065</timestamp>
			</report>
			<report>
				<misses>25700001</misses>
				<total>3</total>
				<timestamp>1346.121915</timestamp>
			</report>
			<report>
				<misses>25800001</misses>
				<total>5</total>
				<timestamp>1351.359765</timestamp>
			</report>
			<report>
				<misses>25900001</misses>
				<total>4</total>
				<timestamp>1356.597612</timestamp>
			</report>
			<report>
				<misses>26000001</misses>
				<total>4</total>
				<timestamp>1361.835408</timestamp>
			</report>
			<report>
				<misses>26100001</misses>
				<total>3</total>
				<timestamp>1367.073223</timestamp>
			</report>
			<report>
				<misses>26200001</misses>
				<total>3</total>
				<timestamp>1372.311074</timestamp>
			</report>
			<report>
				<misses>26300001</misses>
				<total>4</total>
				<timestamp>1377.548854</timestamp>
			</report>
			<report>
				<misses>26400001</misses>
				<total>4</total>
				<timestamp>1382.786642</timestamp>
			</report>
			<report>
				<misses>26500001</misses>
				<total>5</total>
				<timestamp>1388.024477</timestamp>
			</report>
			<report>
				<misses>26600001</misses>
				<total>4</total>
				<timestamp>1393.262309</timestamp>
			</report>
			<report>
				<misses>26700001</misses>
				<total>4</total>
				<timestamp>1398.500109</timestamp>
			</report>
			<report>
				<misses>26800001</misses>
				<total>4</total>
				<timestamp>1403.737918</timestamp>
			</report>
			<report>
				<misses>26900001</misses>
				<total>3</total>
				<timestamp>1408.975810</timestamp>
			</report>
			<report>
				<misses>27000001</misses>
				<total>3</total>
				<timestamp>1414.213701</timestamp>
			</report>
			<report>
				<misses>27100001</misses>
				<total>4</total>
				<timestamp>1419.451470</timestamp>
			</report>
			<report>
				<misses>27200001</misses>
				<total>4</total>
				<timestamp>1424.689237</timestamp>
			</report>
			<report>
				<misses>27300001</misses>
				<total>3</total>
				<timestamp>1429.927063</timestamp>
			</report>
			<report>
				<misses>27400001</misses>
				<total>5</total>
				<timestamp>1435.164872</timestamp>
			</report>
			<report>
				<misses>27500001</misses>
				<total>5</total>
				<timestamp>1440.402775</timestamp>
			</report>
			<report>
				<misses>27600001</misses>
				<total>3</total>
				<timestamp>1445.640591</timestamp>
			</report>
			<report>
				<misses>27700001</misses>
				<total>3</total>
				<timestamp>1450.878428</timestamp>
			</report>
			<report>
				<misses>27800001</misses>
				<total>4</total>
				<timestamp>1456.116231</timestamp>
			</report>
			<report>
				<misses>27900001</misses>
				<total>3</total>
				<timestamp>1461.354053</timestamp>
			</report>
			<report>
				<misses>28000001</misses>
				<total>3</total>
				<timestamp>1466.591878</timestamp>
			</report>
			<report>
				<misses>28100001</misses>
				<total>4</total>
				<timestamp>1471.829730</timestamp>
			</report>
			<report>
				<misses>28200001</misses>
				<total>4</total>
				<timestamp>1477.067637</timestamp>
			</report>
			<report>
				<misses>28300001</misses>
				<total>4</total>
				<timestamp>1482.305431</timestamp>
			</report>
			<report>
				<misses>28400001</misses>
				<total>4</total>
				<timestamp>1487.543232</timestamp>
			</report>
			<report>
				<misses>28500001</misses>
				<total>4</total>
				<timestamp>1492.781043</timestamp>
			</report>
			<report>
				<misses>28600001</misses>
				<total>4</total>
				<timestamp>1498.018965</timestamp>
			</report>
			<report>
				<misses>28700001</misses>
				<total>4</total>
				<timestamp>1503.256764</timestamp>
			</report>
			<report>
				<misses>28800001</misses>
				<total>4</total>
				<timestamp>1508.494532</timestamp>
			</report>
			<report>
				<misses>28900001</misses>
				<total>3</total>
				<timestamp>1513.732358</timestamp>
			</report>
			<report>
				<misses>29000001</misses>
				<total>4</total>
				<timestamp>1518.970144</timestamp>
			</report>
			<report>
				<misses>29100001</misses>
				<total>3</total>
				<timestamp>1524.207972</timestamp>
			</report>
			<report>
				<misses>29200001</misses>
				<total>4</total>
				<timestamp>1529.445770</timestamp>
			</report>
			<report>
				<misses>29300001</misses>
				<total>4</total>
				<timestamp>1534.683598</timestamp>
			</report>
			<report>
				<misses>29400001</misses>
				<total>3</total>
				<timestamp>1539.921468</timestamp>
			</report>
			<report>
				<misses>29500001</misses>
				<total>5</total>
				<timestamp>1545.159327</timestamp>
			</report>
			<report>
				<misses>29600001</misses>
				<total>4</total>
				<timestamp>1550.397185</timestamp>
			</report>
			<report>
				<misses>29700001</misses>
				<total>5</total>
				<timestamp>1555.635103</timestamp>
			</report>
			<report>
				<misses>29800001</misses>
				<total>5</total>
				<timestamp>1560.872925</timestamp>
			</report>
			<report>
				<misses>29900001</misses>
				<total>5</total>
				<timestamp>1566.110757</timestamp>
			</report>
			<report>
				<misses>30000001</misses>
				<total>5</total>
				<timestamp>1571.348571</timestamp>
			</report>
			<report>
				<misses>30100001</misses>
				<total>4</total>
				<timestamp>1576.586521</timestamp>
			</report>
			<report>
				<misses>30200001</misses>
				<total>4</total>
				<timestamp>1581.824337</timestamp>
			</report>
			<report>
				<misses>30300001</misses>
				<total>7</total>
				<timestamp>1587.062123</timestamp>
			</report>
			<report>
				<misses>30400001</misses>
				<total>5</total>
				<timestamp>1592.300025</timestamp>
			</report>
			<report>
				<misses>30500001</misses>
				<total>4</total>
				<timestamp>1597.537840</timestamp>
			</report>
			<report>
				<misses>30600001</misses>
				<total>5</total>
				<timestamp>1602.775778</timestamp>
			</report>
			<report>
				<misses>30700001</misses>
				<total>5</total>
				<timestamp>1608.013548</timestamp>
			</report>
			<report>
				<misses>30800001</misses>
				<total>5</total>
				<timestamp>1613.251317</timestamp>
			</report>
			<report>
				<misses>30900001</misses>
				<total>4</total>
				<timestamp>1618.489118</timestamp>
			</report>
			<report>
				<misses>31000001</misses>
				<total>5</total>
				<timestamp>1623.726925</timestamp>
			</report>
			<report>
				<misses>31100001</misses>
				<total>5</total>
				<timestamp>1628.964694</timestamp>
			</report>
			<report>
				<misses>31200001</misses>
				<total>5</total>
				<timestamp>1634.202487</timestamp>
			</report>
			<report>
				<misses>31300001</misses>
				<total>5</total>
				<timestamp>1639.440279</timestamp>
			</report>
			<report>
				<misses>31400001</misses>
				<total>5</total>
				<timestamp>1644.678051</timestamp>
			</report>
			<report>
				<misses>31500001</misses>
				<total>5</total>
				<timestamp>1649.915835</timestamp>
			</report>
			<report>
				<misses>31600001</misses>
				<total>5</total>
				<timestamp>1655.153630</timestamp>
			</report>
			<report>
				<misses>31700001</misses>
				<total>5</total>
				<timestamp>1660.391476</timestamp>
			</report>
			<report>
				<misses>31800001</misses>
				<total>4</total>
				<timestamp>1665.629256</timestamp>
			</report>
			<report>
				<misses>31900001</misses>
				<total>5</total>
				<timestamp>1670.867087</timestamp>
			</report>
			<report>
				<misses>32000001</misses>
				<total>4</total>
				<timestamp>1676.104943</timestamp>
			</report>
			<report>
				<misses>32100001</misses>
				<total>5</total>
				<timestamp>1681.342725</timestamp>
			</report>
			<report>
				<misses>32200001</misses>
				<total>4</total>
				<timestamp>1686.580595</timestamp>
			</report>
			<report>
				<misses>32300001</misses>
				<total>5</total>
				<timestamp>1691.818409</timestamp>
			</report>
			<report>
				<misses>32400001</misses>
				<total>4</total>
				<timestamp>1697.056208</timestamp>
			</report>
			<report>
				<misses>32500001</misses>
				<total>5</total>
				<timestamp>1702.294028</timestamp>
			</report>
			<report>
				<misses>32600001</misses>
				<total>5</total>
				<timestamp>1707.531905</timestamp>
			</report>
			<report>
				<misses>32700001</misses>
				<total>4</total>
				<timestamp>1712.769766</timestamp>
			</report>
			<report>
				<misses>32800001</misses>
				<total>5</total>
				<timestamp>1718.007538</timestamp>
			</report>
			<report>
				<misses>32900001</misses>
				<total>4</total>
				<timestamp>1723.245356</timestamp>
			</report>
			<report>
				<misses>33000001</misses>
				<total>4</total>
				<timestamp>1728.483176</timestamp>
			</report>
			<report>
				<misses>33100001</misses>
				<total>5</total>
				<timestamp>1733.721048</timestamp>
			</report>
			<report>
				<misses>33200001</misses>
				<total>5</total>
				<timestamp>1738.958893</timestamp>
			</report>
			<report>
				<misses>33300001</misses>
				<total>4</total>
				<timestamp>1744.196765</timestamp>
			</report>
			<report>
				<misses>33400001</misses>
				<total>5</total>
				<timestamp>1749.434628</timestamp>
			</report>
			<report>
				<misses>33500001</misses>
				<total>5</total>
				<timestamp>1754.672452</timestamp>
			</report>
			<report>
				<misses>33600001</misses>
				<total>5</total>
				<timestamp>1759.910288</timestamp>
			</report>
			<report>
				<misses>33700001</misses>
				<total>6</total>
				<timestamp>1765.148087</timestamp>
			</report>
			<report>
				<misses>33800001</misses>
				<total>6</total>
				<timestamp>1770.385864</timestamp>
			</report>
			<report>
				<misses>33900001</misses>
				<total>5</total>
				<timestamp>1775.623628</timestamp>
			</report>
			<report>
				<misses>34000001</misses>
				<total>5</total>
				<timestamp>1780.861393</timestamp>
			</report>
			<report>
				<misses>34100001</misses>
				<total>6</total>
				<timestamp>1786.099194</timestamp>
			</report>
			<report>
				<misses>34200001</misses>
				<total>5</total>
				<timestamp>1791.336972</timestamp>
			</report>
			<report>
				<misses>34300001</misses>
				<total>6</total>
				<timestamp>1796.574786</timestamp>
			</report>
			<report>
				<misses>34400001</misses>
				<total>5</total>
				<timestamp>1801.812643</timestamp>
			</report>
			<report>
				<misses>34500001</misses>
				<total>6</total>
				<timestamp>1807.050429</timestamp>
			</report>
			<report>
				<misses>34600001</misses>
				<total>5</total>
				<timestamp>1812.288199</timestamp>
			</report>
			<report>
				<misses>34700001</misses>
				<total>5</total>
				<timestamp>1817.526006</timestamp>
			</report>
			<report>
				<misses>34800001</misses>
				<total>6</total>
				<timestamp>1822.763852</timestamp>
			</report>
			<report>
				<misses>34900001</misses>
				<total>6</total>
				<timestamp>1828.001705</timestamp>
			</report>
			<report>
				<misses>35000001</misses>
				<total>5</total>
				<timestamp>1833.239491</timestamp>
			</report>
			<report>
				<misses>35100001</misses>
				<total>6</total>
				<timestamp>1838.477278</timestamp>
			</report>
			<report>
				<misses>35200001</misses>
				<total>6</total>
				<timestamp>1843.715141</timestamp>
			</report>
			<report>
				<misses>35300001</misses>
				<total>6</total>
				<timestamp>1848.952953</timestamp>
			</report>
			<report>
				<misses>35400001</misses>
				<total>7</total>
				<timestamp>1854.190861</timestamp>
			</report>
			<report>
				<misses>35500001</misses>
				<total>5</total>
				<timestamp>1859.428649</timestamp>
			</report>
			<report>
				<misses>35600001</misses>
				<total>6</total>
				<timestamp>1864.666550</timestamp>
			</report>
			<report>
				<misses>35700001</misses>
				<total>5</total>
				<timestamp>1869.904363</timestamp>
			</report>
			<report>
				<misses>35800001</misses>
				<total>6</total>
				<timestamp>1875.142153</timestamp>
			</report>
			<report>
				<misses>35900001</misses>
				<total>5</total>
				<timestamp>1880.379999</timestamp>
			</report>
			<report>
				<misses>36000001</misses>
				<total>6</total>
				<timestamp>1885.617818</timestamp>
			</report>
			<report>
				<misses>36100001</misses>
				<total>6</total>
				<timestamp>1890.855650</timestamp>
			</report>
			<report>
				<misses>36200001</misses>
				<total>6</total>
				<timestamp>1896.093471</timestamp>
			</report>
			<report>
				<misses>36300001</misses>
				<total>5</total>
				<timestamp>1901.331313</timestamp>
			</report>
			<report>
				<misses>36400001</misses>
				<total>6</total>
				<timestamp>1906.569199</timestamp>
			</report>
			<report>
				<misses>36500001</misses>
				<total>6</total>
				<timestamp>1911.807000</timestamp>
			</report>
			<report>
				<misses>36600001</misses>
				<total>5</total>
				<timestamp>1917.044838</timestamp>
			</report>
			<report>
				<misses>36700001</misses>
				<total>6</total>
				<timestamp>1922.282663</timestamp>
			</report>
			<report>
				<misses>36800001</misses>
				<total>5</total>
				<timestamp>1927.520584</timestamp>
			</report>
			<report>
				<misses>36900001</misses>
				<total>5</total>
				<timestamp>1932.758468</timestamp>
			</report>
			<report>
				<misses>37000001</misses>
				<total>6</total>
				<timestamp>1937.996273</timestamp>
			</report>
			<report>
				<misses>37100001</misses>
				<total>6</total>
				<timestamp>1943.234099</timestamp>
			</report>
			<report>
				<misses>37200001</misses>
				<total>6</total>
				<timestamp>1948.471890</timestamp>
			</report>
			<report>
				<misses>37300001</misses>
				<total>6</total>
				<timestamp>1953.709702</timestamp>
			</report>
			<report>
				<misses>37400001</misses>
				<total>6</total>
				<timestamp>1958.947587</timestamp>
			</report>
			<report>
				<misses>37500001</misses>
				<total>6</total>
				<timestamp>1964.185347</timestamp>
			</report>
			<report>
				<misses>37600001</misses>
				<total>5</total>
				<timestamp>1969.423170</timestamp>
			</report>
			<report>
				<misses>37700001</misses>
				<total>6</total>
				<timestamp>1974.660980</timestamp>
			</report>
			<report>
				<misses>37800001</misses>
				<total>6</total>
				<timestamp>1979.898840</timestamp>
			</report>
			<report>
				<misses>37900001</misses>
				<total>6</total>
				<timestamp>1985.136625</timestamp>
			</report>
			<report>
				<misses>38000001</misses>
				<total>6</total>
				<timestamp>1990.374431</timestamp>
			</report>
			<report>
				<misses>38100001</misses>
				<total>7</total>
				<timestamp>1995.612217</timestamp>
			</report>
			<report>
				<misses>38200001</misses>
				<total>7</total>
				<timestamp>2000.850046</timestamp>
			</report>
			<report>
				<misses>38300001</misses>
				<total>7</total>
				<timestamp>2006.087912</timestamp>
			</report>
			<report>
				<misses>38400001</misses>
				<total>6</total>
				<timestamp>2011.325813</timestamp>
			</report>
			<report>
				<misses>38500001</misses>
				<total>8</total>
				<timestamp>2016.563616</timestamp>
			</report>
			<report>
				<misses>38600001</misses>
				<total>6</total>
				<timestamp>2021.801415</timestamp>
			</report>
			<report>
				<misses>38700001</misses>
				<total>6</total>
				<timestamp>2027.039230</timestamp>
			</report>
			<report>
				<misses>38800001</misses>
				<total>7</total>
				<timestamp>2032.277067</timestamp>
			</report>
			<report>
				<misses>38900001</misses>
				<total>7</total>
				<timestamp>2037.514875</timestamp>
			</report>
			<report>
				<misses>39000001</misses>
				<total>7</total>
				<timestamp>2042.752705</timestamp>
			</report>
			<report>
				<misses>39100001</misses>
				<total>6</total>
				<timestamp>2047.990545</timestamp>
			</report>
			<report>
				<misses>39200001</misses>
				<total>7</total>
				<timestamp>2053.228524</timestamp>
			</report>
			<report>
				<misses>39300001</misses>
				<total>7</total>
				<timestamp>2058.466333</timestamp>
			</report>
			<report>
				<misses>39400001</misses>
				<total>7</total>
				<timestamp>2063.704143</timestamp>
			</report>
			<report>
				<misses>39500001</misses>
				<total>7</total>
				<timestamp>2068.941956</timestamp>
			</report>
			<report>
				<misses>39600001</misses>
				<total>7</total>
				<timestamp>2074.179756</timestamp>
			</report>
			<report>
				<misses>39700001</misses>
				<total>6</total>
				<timestamp>2079.417564</timestamp>
			</report>
			<report>
				<misses>39800001</misses>
				<total>6</total>
				<timestamp>2084.655409</timestamp>
			</report>
			<report>
				<misses>39900001</misses>
				<total>7</total>
				<timestamp>2089.893183</timestamp>
			</report>
			<report>
				<misses>40000001</misses>
				<total>7</total>
				<timestamp>2095.130999</timestamp>
			</report>
			<report>
				<misses>40100001</misses>
				<total>7</total>
				<timestamp>2100.368815</timestamp>
			</report>
			<report>
				<misses>40200001</misses>
				<total>6</total>
				<timestamp>2105.606663</timestamp>
			</report>
			<report>
				<misses>40300001</misses>
				<total>7</total>
				<timestamp>2110.844452</timestamp>
			</report>
			<report>
				<misses>40400001</misses>
				<total>7</total>
				<timestamp>2116.082312</timestamp>
			</report>
			<report>
				<misses>40500001</misses>
				<total>7</total>
				<timestamp>2121.320087</timestamp>
			</report>
			<report>
				<misses>40600001</misses>
				<total>7</total>
				<timestamp>2126.557921</timestamp>
			</report>
			<report>
				<misses>40700001</misses>
				<total>7</total>
				<timestamp>2131.795733</timestamp>
			</report>
			<report>
				<misses>40800001</misses>
				<total>7</total>
				<timestamp>2137.033508</timestamp>
			</report>
			<report>
				<misses>40900001</misses>
				<total>6</total>
				<timestamp>2142.271288</timestamp>
			</report>
			<report>
				<misses>41000001</misses>
				<total>7</total>
				<timestamp>2147.509085</timestamp>
			</report>
			<report>
				<misses>41100001</misses>
				<total>6</total>
				<timestamp>2152.746942</timestamp>
			</report>
			<report>
				<misses>41200001</misses>
				<total>6</total>
				<timestamp>2157.984803</timestamp>
			</report>
			<report>
				<misses>41300001</misses>
				<total>6</total>
				<timestamp>2163.222625</timestamp>
			</report>
			<report>
				<misses>41400001</misses>
				<total>6</total>
				<timestamp>2168.460404</timestamp>
			</report>
			<report>
				<misses>41500001</misses>
				<total>6</total>
				<timestamp>2173.698229</timestamp>
			</report>
			<report>
				<misses>41600001</misses>
				<total>7</total>
				<timestamp>2178.936041</timestamp>
			</report>
			<report>
				<misses>41700001</misses>
				<total>8</total>
				<timestamp>2184.173790</timestamp>
			</report>
			<report>
				<misses>41800001</misses>
				<total>7</total>
				<timestamp>2189.411579</timestamp>
			</report>
			<report>
				<misses>41900001</misses>
				<total>7</total>
				<timestamp>2194.649377</timestamp>
			</report>
			<report>
				<misses>42000001</misses>
				<total>6</total>
				<timestamp>2199.887244</timestamp>
			</report>
			<report>
				<misses>42100001</misses>
				<total>6</total>
				<timestamp>2205.125028</timestamp>
			</report>
			<report>
				<misses>42200001</misses>
				<total>6</total>
				<timestamp>2210.362952</timestamp>
			</report>
			<report>
				<misses>42300001</misses>
				<total>7</total>
				<timestamp>2215.600775</timestamp>
			</report>
			<report>
				<misses>42400001</misses>
				<total>7</total>
				<timestamp>2220.838578</timestamp>
			</report>
			<report>
				<misses>42500001</misses>
				<total>7</total>
				<timestamp>2226.076393</timestamp>
			</report>
			<report>
				<misses>42600001</misses>
				<total>6</total>
				<timestamp>2231.314258</timestamp>
			</report>
			<report>
				<misses>42700001</misses>
				<total>6</total>
				<timestamp>2236.552117</timestamp>
			</report>
			<report>
				<misses>42800001</misses>
				<total>7</total>
				<timestamp>2241.789868</timestamp>
			</report>
			<report>
				<misses>42900001</misses>
				<total>7</total>
				<timestamp>2247.027631</timestamp>
			</report>
			<report>
				<misses>43000001</misses>
				<total>6</total>
				<timestamp>2252.265547</timestamp>
			</report>
			<report>
				<misses>43100001</misses>
				<total>7</total>
				<timestamp>2257.503357</timestamp>
			</report>
			<report>
				<misses>43200001</misses>
				<total>7</total>
				<timestamp>2262.741207</timestamp>
			</report>
			<report>
				<misses>43300001</misses>
				<total>6</total>
				<timestamp>2267.979014</timestamp>
			</report>
			<report>
				<misses>43400001</misses>
				<total>7</total>
				<timestamp>2273.216875</timestamp>
			</report>
			<report>
				<misses>43500001</misses>
				<total>6</total>
				<timestamp>2278.454715</timestamp>
			</report>
			<report>
				<misses>43600001</misses>
				<total>7</total>
				<timestamp>2283.692532</timestamp>
			</report>
			<report>
				<misses>43700001</misses>
				<total>7</total>
				<timestamp>2288.930307</timestamp>
			</report>
			<report>
				<misses>43800001</misses>
				<total>7</total>
				<timestamp>2294.168107</timestamp>
			</report>
			<report>
				<misses>43900001</misses>
				<total>7</total>
				<timestamp>2299.405892</timestamp>
			</report>
			<report>
				<misses>44000001</misses>
				<total>7</total>
				<timestamp>2304.643798</timestamp>
			</report>
			<report>
				<misses>44100001</misses>
				<total>7</total>
				<timestamp>2309.881609</timestamp>
			</report>
			<report>
				<misses>44200001</misses>
				<total>7</total>
				<timestamp>2315.119400</timestamp>
			</report>
			<report>
				<misses>44300001</misses>
				<total>7</total>
				<timestamp>2320.357228</timestamp>
			</report>
			<report>
				<misses>44400001</misses>
				<total>7</total>
				<timestamp>2325.595000</timestamp>
			</report>
			<report>
				<misses>44500001</misses>
				<total>7</total>
				<timestamp>2330.832813</timestamp>
			</report>
			<report>
				<misses>44600001</misses>
				<total>6</total>
				<timestamp>2336.070677</timestamp>
			</report>
			<report>
				<misses>44700001</misses>
				<total>6</total>
				<timestamp>2341.308619</timestamp>
			</report>
			<report>
				<misses>44800001</misses>
				<total>6</total>
				<timestamp>2346.546485</timestamp>
			</report>
			<report>
				<misses>44900001</misses>
				<total>7</total>
				<timestamp>2351.784290</timestamp>
			</report>
			<report>
				<misses>45000001</misses>
				<total>7</total>
				<timestamp>2357.022136</timestamp>
			</report>
			<report>
				<misses>45100001</misses>
				<total>7</total>
				<timestamp>2362.259917</timestamp>
			</report>
			<report>
				<misses>45200001</misses>
				<total>6</total>
				<timestamp>2367.497755</timestamp>
			</report>
			<report>
				<misses>45300001</misses>
				<total>6</total>
				<timestamp>2372.735636</timestamp>
			</report>
			<report>
				<misses>45400001</misses>
				<total>6</total>
				<timestamp>2377.973466</timestamp>
			</report>
			<report>
				<misses>45500001</misses>
				<total>7</total>
				<timestamp>2383.211270</timestamp>
			</report>
			<report>
				<misses>45600001</misses>
				<total>7</total>
				<timestamp>2388.449098</timestamp>
			</report>
			<report>
				<misses>45700001</misses>
				<total>6</total>
				<timestamp>2393.686989</timestamp>
			</report>
			<report>
				<misses>45800001</misses>
				<total>7</total>
				<timestamp>2398.924831</timestamp>
			</report>
			<report>
				<misses>45900001</misses>
				<total>6</total>
				<timestamp>2404.162638</timestamp>
			</report>
			<report>
				<misses>46000001</misses>
				<total>7</total>
				<timestamp>2409.400566</timestamp>
			</report>
			<report>
				<misses>46100001</misses>
				<total>6</total>
				<timestamp>2414.638347</timestamp>
			</report>
			<report>
				<misses>46200001</misses>
				<total>6</total>
				<timestamp>2419.876306</timestamp>
			</report>
			<report>
				<misses>46300001</misses>
				<total>6</total>
				<timestamp>2425.114127</timestamp>
			</report>
			<report>
				<misses>46400001</misses>
				<total>7</total>
				<timestamp>2430.351902</timestamp>
			</report>
			<report>
				<misses>46500001</misses>
				<total>6</total>
				<timestamp>2435.589811</timestamp>
			</report>
			<report>
				<misses>46600001</misses>
				<total>8</total>
				<timestamp>2440.827661</timestamp>
			</report>
			<report>
				<misses>46700001</misses>
				<total>6</total>
				<timestamp>2446.065502</timestamp>
			</report>
			<report>
				<misses>46800001</misses>
				<total>6</total>
				<timestamp>2451.303330</timestamp>
			</report>
			<report>
				<misses>46900001</misses>
				<total>7</total>
				<timestamp>2456.541205</timestamp>
			</report>
			<report>
				<misses>47000001</misses>
				<total>6</total>
				<timestamp>2461.779046</timestamp>
			</report>
			<report>
				<misses>47100001</misses>
				<total>7</total>
				<timestamp>2467.016896</timestamp>
			</report>
			<report>
				<misses>47200001</misses>
				<total>7</total>
				<timestamp>2472.254752</timestamp>
			</report>
			<report>
				<misses>47300001</misses>
				<total>7</total>
				<timestamp>2477.492597</timestamp>
			</report>
			<report>
				<misses>47400001</misses>
				<total>7</total>
				<timestamp>2482.730413</timestamp>
			</report>
			<report>
				<misses>47500001</misses>
				<total>6</total>
				<timestamp>2487.968299</timestamp>
			</report>
			<report>
				<misses>47600001</misses>
				<total>8</total>
				<timestamp>2493.206071</timestamp>
			</report>
			<report>
				<misses>47700001</misses>
				<total>6</total>
				<timestamp>2498.443955</timestamp>
			</report>
			<report>
				<misses>47800001</misses>
				<total>7</total>
				<timestamp>2503.681771</timestamp>
			</report>
			<report>
				<misses>47900001</misses>
				<total>7</total>
				<timestamp>2508.919592</timestamp>
			</report>
			<report>
				<misses>48000001</misses>
				<total>7</total>
				<timestamp>2514.157427</timestamp>
			</report>
			<report>
				<misses>48100001</misses>
				<total>7</total>
				<timestamp>2519.395296</timestamp>
			</report>
			<report>
				<misses>48200001</misses>
				<total>7</total>
				<timestamp>2524.633049</timestamp>
			</report>
			<report>
				<misses>48300001</misses>
				<total>7</total>
				<timestamp>2529.870862</timestamp>
			</report>
			<report>
				<misses>48400001</misses>
				<total>7</total>
				<timestamp>2535.108643</timestamp>
			</report>
			<report>
				<misses>48500001</misses>
				<total>7</total>
				<timestamp>2540.346447</timestamp>
			</report>
			<report>
				<misses>48600001</misses>
				<total>7</total>
				<timestamp>2545.584258</timestamp>
			</report>
			<report>
				<misses>48700001</misses>
				<total>6</total>
				<timestamp>2550.822170</timestamp>
			</report>
			<report>
				<misses>48800001</misses>
				<total>7</total>
				<timestamp>2556.060137</timestamp>
			</report>
			<report>
				<misses>48900001</misses>
				<total>7</total>
				<timestamp>2561.297971</timestamp>
			</report>
			<report>
				<misses>49000001</misses>
				<total>7</total>
				<timestamp>2566.535758</timestamp>
			</report>
			<report>
				<misses>49100001</misses>
				<total>6</total>
				<timestamp>2571.773570</timestamp>
			</report>
			<report>
				<misses>49200001</misses>
				<total>7</total>
				<timestamp>2577.011376</timestamp>
			</report>
			<report>
				<misses>49300001</misses>
				<total>7</total>
				<timestamp>2582.249152</timestamp>
			</report>
			<report>
				<misses>49400001</misses>
				<total>6</total>
				<timestamp>2587.487147</timestamp>
			</report>
			<report>
				<misses>49500001</misses>
				<total>7</total>
				<timestamp>2592.724978</timestamp>
			</report>
			<report>
				<misses>49600001</misses>
				<total>6</total>
				<timestamp>2597.962820</timestamp>
			</report>
			<report>
				<misses>49700001</misses>
				<total>7</total>
				<timestamp>2603.200626</timestamp>
			</report>
			<report>
				<misses>49800001</misses>
				<total>7</total>
				<timestamp>2608.438384</timestamp>
			</report>
			<report>
				<misses>49900001</misses>
				<total>6</total>
				<timestamp>2613.676290</timestamp>
			</report>
			<report>
				<misses>50000001</misses>
				<total>7</total>
				<timestamp>2618.914135</timestamp>
			</report>
			<report>
				<misses>50100001</misses>
				<total>7</total>
				<timestamp>2624.151949</timestamp>
			</report>
			<report>
				<misses>50200001</misses>
				<total>7</total>
				<timestamp>2629.389729</timestamp>
			</report>
			<report>
				<misses>50300001</misses>
				<total>6</total>
				<timestamp>2634.627574</timestamp>
			</report>
			<report>
				<misses>50400001</misses>
				<total>7</total>
				<timestamp>2639.865335</timestamp>
			</report>
			<report>
				<misses>50500001</misses>
				<total>6</total>
				<timestamp>2645.103261</timestamp>
			</report>
			<report>
				<misses>50600001</misses>
				<total>7</total>
				<timestamp>2650.341060</timestamp>
			</report>
			<report>
				<misses>50700001</misses>
				<total>6</total>
				<timestamp>2655.578971</timestamp>
			</report>
			<report>
				<misses>50800001</misses>
				<total>7</total>
				<timestamp>2660.816759</timestamp>
			</report>
			<report>
				<misses>50900001</misses>
				<total>8</total>
				<timestamp>2666.054548</timestamp>
			</report>
			<report>
				<misses>51000001</misses>
				<total>6</total>
				<timestamp>2671.292352</timestamp>
			</report>
			<report>
				<misses>51100001</misses>
				<total>6</total>
				<timestamp>2676.530215</timestamp>
			</report>
			<report>
				<misses>51200001</misses>
				<total>6</total>
				<timestamp>2681.768022</timestamp>
			</report>
			<report>
				<misses>51300001</misses>
				<total>7</total>
				<timestamp>2687.005897</timestamp>
			</report>
			<report>
				<misses>51400001</misses>
				<total>6</total>
				<timestamp>2692.243707</timestamp>
			</report>
			<report>
				<misses>51500001</misses>
				<total>8</total>
				<timestamp>2697.481481</timestamp>
			</report>
			<report>
				<misses>51600001</misses>
				<total>6</total>
				<timestamp>2702.719282</timestamp>
			</report>
			<report>
				<misses>51700001</misses>
				<total>7</total>
				<timestamp>2707.957060</timestamp>
			</report>
			<report>
				<misses>51800001</misses>
				<total>7</total>
				<timestamp>2713.194944</timestamp>
			</report>
			<report>
				<misses>51900001</misses>
				<total>6</total>
				<timestamp>2718.432796</timestamp>
			</report>
			<report>
				<misses>52000001</misses>
				<total>7</total>
				<timestamp>2723.670637</timestamp>
			</report>
			<report>
				<misses>52100001</misses>
				<total>7</total>
				<timestamp>2728.908462</timestamp>
			</report>
			<report>
				<misses>52200001</misses>
				<total>7</total>
				<timestamp>2734.146315</timestamp>
			</report>
			<report>
				<misses>52300001</misses>
				<total>7</total>
				<timestamp>2739.384106</timestamp>
			</report>
			<report>
				<misses>52400001</misses>
				<total>7</total>
				<timestamp>2744.621943</timestamp>
			</report>
			<report>
				<misses>52500001</misses>
				<total>7</total>
				<timestamp>2749.859794</timestamp>
			</report>
			<report>
				<misses>52600001</misses>
				<total>7</total>
				<timestamp>2755.097642</timestamp>
			</report>
			<report>
				<misses>52700001</misses>
				<total>6</total>
				<timestamp>2760.335415</timestamp>
			</report>
			<report>
				<misses>52800001</misses>
				<total>6</total>
				<timestamp>2765.573233</timestamp>
			</report>
			<report>
				<misses>52900001</misses>
				<total>6</total>
				<timestamp>2770.811158</timestamp>
			</report>
			<report>
				<misses>53000001</misses>
				<total>6</total>
				<timestamp>2776.048983</timestamp>
			</report>
			<report>
				<misses>53100001</misses>
				<total>7</total>
				<timestamp>2781.286747</timestamp>
			</report>
			<report>
				<misses>53200001</misses>
				<total>7</total>
				<timestamp>2786.524619</timestamp>
			</report>
			<report>
				<misses>53300001</misses>
				<total>6</total>
				<timestamp>2791.762413</timestamp>
			</report>
			<report>
				<misses>53400001</misses>
				<total>6</total>
				<timestamp>2797.000260</timestamp>
			</report>
			<report>
				<misses>53500001</misses>
				<total>7</total>
				<timestamp>2802.238074</timestamp>
			</report>
			<report>
				<misses>53600001</misses>
				<total>7</total>
				<timestamp>2807.475891</timestamp>
			</report>
			<report>
				<misses>53700001</misses>
				<total>6</total>
				<timestamp>2812.713806</timestamp>
			</report>
			<report>
				<misses>53800001</misses>
				<total>6</total>
				<timestamp>2817.951640</timestamp>
			</report>
			<report>
				<misses>53900001</misses>
				<total>7</total>
				<timestamp>2823.189435</timestamp>
			</report>
			<report>
				<misses>54000001</misses>
				<total>7</total>
				<timestamp>2828.427288</timestamp>
			</report>
			<report>
				<misses>54100001</misses>
				<total>6</total>
				<timestamp>2833.665094</timestamp>
			</report>
			<report>
				<misses>54200001</misses>
				<total>7</total>
				<timestamp>2838.902927</timestamp>
			</report>
			<report>
				<misses>54300001</misses>
				<total>7</total>
				<timestamp>2844.140733</timestamp>
			</report>
			<report>
				<misses>54400001</misses>
				<total>6</total>
				<timestamp>2849.378574</timestamp>
			</report>
			<report>
				<misses>54500001</misses>
				<total>7</total>
				<timestamp>2854.616405</timestamp>
			</report>
			<report>
				<misses>54600001</misses>
				<total>7</total>
				<timestamp>2859.854234</timestamp>
			</report>
			<report>
				<misses>54700001</misses>
				<total>6</total>
				<timestamp>2865.092040</timestamp>
			</report>
			<report>
				<misses>54800001</misses>
				<total>6</total>
				<timestamp>2870.329815</timestamp>
			</report>
			<report>
				<misses>54900001</misses>
				<total>7</total>
				<timestamp>2875.567607</timestamp>
			</report>
			<report>
				<misses>55000001</misses>
				<total>8</total>
				<timestamp>2880.805408</timestamp>
			</report>
			<report>
				<misses>55100001</misses>
				<total>7</total>
				<timestamp>2886.043198</timestamp>
			</report>
			<report>
				<misses>55200001</misses>
				<total>6</total>
				<timestamp>2891.281038</timestamp>
			</report>
			<report>
				<misses>55300001</misses>
				<total>7</total>
				<timestamp>2896.518866</timestamp>
			</report>
			<report>
				<misses>55400001</misses>
				<total>7</total>
				<timestamp>2901.756679</timestamp>
			</report>
			<report>
				<misses>55500001</misses>
				<total>6</total>
				<timestamp>2906.994533</timestamp>
			</report>
			<report>
				<misses>55600001</misses>
				<total>6</total>
				<timestamp>2912.232324</timestamp>
			</report>
			<report>
				<misses>55700001</misses>
				<total>7</total>
				<timestamp>2917.470088</timestamp>
			</report>
			<report>
				<misses>55800001</misses>
				<total>7</total>
				<timestamp>2922.708019</timestamp>
			</report>
			<report>
				<misses>55900001</misses>
				<total>6</total>
				<timestamp>2927.945863</timestamp>
			</report>
			<report>
				<misses>56000001</misses>
				<total>7</total>
				<timestamp>2933.183639</timestamp>
			</report>
			<report>
				<misses>56100001</misses>
				<total>7</total>
				<timestamp>2938.421434</timestamp>
			</report>
			<report>
				<misses>56200001</misses>
				<total>7</total>
				<timestamp>2943.659265</timestamp>
			</report>
			<report>
				<misses>56300001</misses>
				<total>6</total>
				<timestamp>2948.897103</timestamp>
			</report>
			<report>
				<misses>56400001</misses>
				<total>8</total>
				<timestamp>2954.134887</timestamp>
			</report>
			<report>
				<misses>56500001</misses>
				<total>7</total>
				<timestamp>2959.372673</timestamp>
			</report>
			<report>
				<misses>56600001</misses>
				<total>7</total>
				<timestamp>2964.610479</timestamp>
			</report>
			<report>
				<misses>56700001</misses>
				<total>6</total>
				<timestamp>2969.848339</timestamp>
			</report>
			<report>
				<misses>56800001</misses>
				<total>6</total>
				<timestamp>2975.086178</timestamp>
			</report>
			<report>
				<misses>56900001</misses>
				<total>7</total>
				<timestamp>2980.323994</timestamp>
			</report>
			<report>
				<misses>57000001</misses>
				<total>6</total>
				<timestamp>2985.561838</timestamp>
			</report>
			<report>
				<misses>57100001</misses>
				<total>6</total>
				<timestamp>2990.799618</timestamp>
			</report>
			<report>
				<misses>57200001</misses>
				<total>7</total>
				<timestamp>2996.037523</timestamp>
			</report>
			<report>
				<misses>57300001</misses>
				<total>6</total>
				<timestamp>3001.275339</timestamp>
			</report>
			<report>
				<misses>57400001</misses>
				<total>7</total>
				<timestamp>3006.513108</timestamp>
			</report>
			<report>
				<misses>57500001</misses>
				<total>7</total>
				<timestamp>3011.750902</timestamp>
			</report>
			<report>
				<misses>57600001</misses>
				<total>7</total>
				<timestamp>3016.988723</timestamp>
			</report>
			<report>
				<misses>57700001</misses>
				<total>7</total>
				<timestamp>3022.226516</timestamp>
			</report>
			<report>
				<misses>57800001</misses>
				<total>7</total>
				<timestamp>3027.464342</timestamp>
			</report>
			<report>
				<misses>57900001</misses>
				<total>7</total>
				<timestamp>3032.702227</timestamp>
			</report>
			<report>
				<misses>58000001</misses>
				<total>7</total>
				<timestamp>3037.940088</timestamp>
			</report>
			<report>
				<misses>58100001</misses>
				<total>8</total>
				<timestamp>3043.177848</timestamp>
			</report>
			<report>
				<misses>58200001</misses>
				<total>7</total>
				<timestamp>3048.415710</timestamp>
			</report>
			<report>
				<misses>58300001</misses>
				<total>8</total>
				<timestamp>3053.653508</timestamp>
			</report>
			<report>
				<misses>58400001</misses>
				<total>6</total>
				<timestamp>3058.891304</timestamp>
			</report>
			<report>
				<misses>58500001</misses>
				<total>6</total>
				<timestamp>3064.129112</timestamp>
			</report>
			<report>
				<misses>58600001</misses>
				<total>6</total>
				<timestamp>3069.366980</timestamp>
			</report>
			<report>
				<misses>58700001</misses>
				<total>6</total>
				<timestamp>3074.604807</timestamp>
			</report>
			<report>
				<misses>58800001</misses>
				<total>7</total>
				<timestamp>3079.842650</timestamp>
			</report>
			<report>
				<misses>58900001</misses>
				<total>7</total>
				<timestamp>3085.080550</timestamp>
			</report>
			<report>
				<misses>59000001</misses>
				<total>6</total>
				<timestamp>3090.318571</timestamp>
			</report>
			<report>
				<misses>59100001</misses>
				<total>7</total>
				<timestamp>3095.556422</timestamp>
			</report>
			<report>
				<misses>59200001</misses>
				<total>7</total>
				<timestamp>3100.794223</timestamp>
			</report>
			<report>
				<misses>59300001</misses>
				<total>7</total>
				<timestamp>3106.032166</timestamp>
			</report>
			<report>
				<misses>59400001</misses>
				<total>7</total>
				<timestamp>3111.269986</timestamp>
			</report>
			<report>
				<misses>59500001</misses>
				<total>7</total>
				<timestamp>3116.507763</timestamp>
			</report>
			<report>
				<misses>59600001</misses>
				<total>6</total>
				<timestamp>3121.745567</timestamp>
			</report>
			<report>
				<misses>59700001</misses>
				<total>7</total>
				<timestamp>3126.983356</timestamp>
			</report>
			<report>
				<misses>59800001</misses>
				<total>7</total>
				<timestamp>3132.221159</timestamp>
			</report>
			<report>
				<misses>59900001</misses>
				<total>7</total>
				<timestamp>3137.459031</timestamp>
			</report>
			<report>
				<misses>60000001</misses>
				<total>6</total>
				<timestamp>3142.696917</timestamp>
			</report>
			<report>
				<misses>60100001</misses>
				<total>6</total>
				<timestamp>3147.934771</timestamp>
			</report>
			<report>
				<misses>60200001</misses>
				<total>7</total>
				<timestamp>3153.172757</timestamp>
			</report>
			<report>
				<misses>60300001</misses>
				<total>6</total>
				<timestamp>3158.410703</timestamp>
			</report>
			<report>
				<misses>60400001</misses>
				<total>6</total>
				<timestamp>3163.648509</timestamp>
			</report>
			<report>
				<misses>60500001</misses>
				<total>6</total>
				<timestamp>3168.886339</timestamp>
			</report>
			<report>
				<misses>60600001</misses>
				<total>7</total>
				<timestamp>3174.124139</timestamp>
			</report>
			<report>
				<misses>60700001</misses>
				<total>7</total>
				<timestamp>3179.361996</timestamp>
			</report>
			<report>
				<misses>60800001</misses>
				<total>7</total>
				<timestamp>3184.599833</timestamp>
			</report>
			<report>
				<misses>60900001</misses>
				<total>7</total>
				<timestamp>3189.837651</timestamp>
			</report>
			<report>
				<misses>61000001</misses>
				<total>6</total>
				<timestamp>3195.075510</timestamp>
			</report>
			<report>
				<misses>61100001</misses>
				<total>8</total>
				<timestamp>3200.313267</timestamp>
			</report>
			<report>
				<misses>61200001</misses>
				<total>6</total>
				<timestamp>3205.551107</timestamp>
			</report>
			<report>
				<misses>61300001</misses>
				<total>6</total>
				<timestamp>3210.788941</timestamp>
			</report>
			<report>
				<misses>61400001</misses>
				<total>9</total>
				<timestamp>3216.026752</timestamp>
			</report>
			<report>
				<misses>61500001</misses>
				<total>6</total>
				<timestamp>3221.264600</timestamp>
			</report>
			<report>
				<misses>61600001</misses>
				<total>7</total>
				<timestamp>3226.502376</timestamp>
			</report>
			<report>
				<misses>61700001</misses>
				<total>7</total>
				<timestamp>3231.740162</timestamp>
			</report>
			<report>
				<misses>61800001</misses>
				<total>7</total>
				<timestamp>3236.977957</timestamp>
			</report>
			<report>
				<misses>61900001</misses>
				<total>7</total>
				<timestamp>3242.215778</timestamp>
			</report>
			<report>
				<misses>62000001</misses>
				<total>7</total>
				<timestamp>3247.453580</timestamp>
			</report>
			<report>
				<misses>62100001</misses>
				<total>6</total>
				<timestamp>3252.691392</timestamp>
			</report>
			<report>
				<misses>62200001</misses>
				<total>6</total>
				<timestamp>3257.929316</timestamp>
			</report>
			<report>
				<misses>62300001</misses>
				<total>7</total>
				<timestamp>3263.167087</timestamp>
			</report>
			<report>
				<misses>62400001</misses>
				<total>6</total>
				<timestamp>3268.404899</timestamp>
			</report>
			<report>
				<misses>62500001</misses>
				<total>7</total>
				<timestamp>3273.642712</timestamp>
			</report>
			<report>
				<misses>62600001</misses>
				<total>7</total>
				<timestamp>3278.880522</timestamp>
			</report>
			<report>
				<misses>62700001</misses>
				<total>7</total>
				<timestamp>3284.118335</timestamp>
			</report>
			<report>
				<misses>62800001</misses>
				<total>8</total>
				<timestamp>3289.356120</timestamp>
			</report>
			<report>
				<misses>62900001</misses>
				<total>7</total>
				<timestamp>3294.593868</timestamp>
			</report>
			<report>
				<misses>63000001</misses>
				<total>7</total>
				<timestamp>3299.831677</timestamp>
			</report>
			<report>
				<misses>63100001</misses>
				<total>7</total>
				<timestamp>3305.069469</timestamp>
			</report>
			<report>
				<misses>63200001</misses>
				<total>7</total>
				<timestamp>3310.307271</timestamp>
			</report>
			<report>
				<misses>63300001</misses>
				<total>6</total>
				<timestamp>3315.545138</timestamp>
			</report>
			<report>
				<misses>63400001</misses>
				<total>8</total>
				<timestamp>3320.782993</timestamp>
			</report>
			<report>
				<misses>63500001</misses>
				<total>8</total>
				<timestamp>3326.020813</timestamp>
			</report>
			<report>
				<misses>63600001</misses>
				<total>6</total>
				<timestamp>3331.258643</timestamp>
			</report>
			<report>
				<misses>63700001</misses>
				<total>7</total>
				<timestamp>3336.496420</timestamp>
			</report>
			<report>
				<misses>63800001</misses>
				<total>6</total>
				<timestamp>3341.734242</timestamp>
			</report>
			<report>
				<misses>63900001</misses>
				<total>6</total>
				<timestamp>3346.972043</timestamp>
			</report>
			<report>
				<misses>64000001</misses>
				<total>7</total>
				<timestamp>3352.209852</timestamp>
			</report>
			<report>
				<misses>64100001</misses>
				<total>6</total>
				<timestamp>3357.447709</timestamp>
			</report>
			<report>
				<misses>64200001</misses>
				<total>6</total>
				<timestamp>3362.685629</timestamp>
			</report>
			<report>
				<misses>64300001</misses>
				<total>6</total>
				<timestamp>3367.923462</timestamp>
			</report>
			<report>
				<misses>64400001</misses>
				<total>7</total>
				<timestamp>3373.161263</timestamp>
			</report>
			<report>
				<misses>64500001</misses>
				<total>7</total>
				<timestamp>3378.399119</timestamp>
			</report>
			<report>
				<misses>64600001</misses>
				<total>7</total>
				<timestamp>3383.636886</timestamp>
			</report>
			<report>
				<misses>64700001</misses>
				<total>6</total>
				<timestamp>3388.874721</timestamp>
			</report>
			<report>
				<misses>64800001</misses>
				<total>7</total>
				<timestamp>3394.112532</timestamp>
			</report>
			<report>
				<misses>64900001</misses>
				<total>7</total>
				<timestamp>3399.350405</timestamp>
			</report>
			<report>
				<misses>65000001</misses>
				<total>7</total>
				<timestamp>3404.588212</timestamp>
			</report>
			<report>
				<misses>65100001</misses>
				<total>7</total>
				<timestamp>3409.826025</timestamp>
			</report>
			<report>
				<misses>65200001</misses>
				<total>6</total>
				<timestamp>3415.063857</timestamp>
			</report>
			<report>
				<misses>65300001</misses>
				<total>6</total>
				<timestamp>3420.301649</timestamp>
			</report>
			<report>
				<misses>65400001</misses>
				<total>6</total>
				<timestamp>3425.539522</timestamp>
			</report>
			<report>
				<misses>65500001</misses>
				<total>7</total>
				<timestamp>3430.777316</timestamp>
			</report>
			<report>
				<misses>65600001</misses>
				<total>7</total>
				<timestamp>3436.015244</timestamp>
			</report>
			<report>
				<misses>65700001</misses>
				<total>7</total>
				<timestamp>3441.252995</timestamp>
			</report>
			<report>
				<misses>65800001</misses>
				<total>7</total>
				<timestamp>3446.490745</timestamp>
			</report>
			<report>
				<misses>65900001</misses>
				<total>7</total>
				<timestamp>3451.728565</timestamp>
			</report>
			<report>
				<misses>66000001</misses>
				<total>6</total>
				<timestamp>3456.966336</timestamp>
			</report>
			<report>
				<misses>66100001</misses>
				<total>6</total>
				<timestamp>3462.204181</timestamp>
			</report>
			<report>
				<misses>66200001</misses>
				<total>6</total>
				<timestamp>3467.442028</timestamp>
			</report>
			<report>
				<misses>66300001</misses>
				<total>7</total>
				<timestamp>3472.679874</timestamp>
			</report>
			<report>
				<misses>66400001</misses>
				<total>7</total>
				<timestamp>3477.917766</timestamp>
			</report>
			<report>
				<misses>66500001</misses>
				<total>7</total>
				<timestamp>3483.155525</timestamp>
			</report>
			<report>
				<misses>66600001</misses>
				<total>6</total>
				<timestamp>3488.393325</timestamp>
			</report>
			<report>
				<misses>66700001</misses>
				<total>7</total>
				<timestamp>3493.631163</timestamp>
			</report>
			<report>
				<misses>66800001</misses>
				<total>6</total>
				<timestamp>3498.868995</timestamp>
			</report>
			<report>
				<misses>66900001</misses>
				<total>6</total>
				<timestamp>3504.106842</timestamp>
			</report>
			<report>
				<misses>67000001</misses>
				<total>6</total>
				<timestamp>3509.344636</timestamp>
			</report>
			<report>
				<misses>67100001</misses>
				<total>8</total>
				<timestamp>3514.582462</timestamp>
			</report>
			<report>
				<misses>67200001</misses>
				<total>6</total>
				<timestamp>3519.820307</timestamp>
			</report>
			<report>
				<misses>67300001</misses>
				<total>7</total>
				<timestamp>3525.058113</timestamp>
			</report>
			<report>
				<misses>67400001</misses>
				<total>7</total>
				<timestamp>3530.295906</timestamp>
			</report>
			<report>
				<misses>67500001</misses>
				<total>6</total>
				<timestamp>3535.533816</timestamp>
			</report>
			<report>
				<misses>67600001</misses>
				<total>7</total>
				<timestamp>3540.771599</timestamp>
			</report>
			<report>
				<misses>67700001</misses>
				<total>7</total>
				<timestamp>3546.009388</timestamp>
			</report>
			<report>
				<misses>67800001</misses>
				<total>6</total>
				<timestamp>3551.247236</timestamp>
			</report>
			<report>
				<misses>67900001</misses>
				<total>8</total>
				<timestamp>3556.484992</timestamp>
			</report>
			<report>
				<misses>68000001</misses>
				<total>7</total>
				<timestamp>3561.722825</timestamp>
			</report>
			<report>
				<misses>68100001</misses>
				<total>7</total>
				<timestamp>3566.960647</timestamp>
			</report>
			<report>
				<misses>68200001</misses>
				<total>6</total>
				<timestamp>3572.198484</timestamp>
			</report>
			<report>
				<misses>68300001</misses>
				<total>7</total>
				<timestamp>3577.436284</timestamp>
			</report>
			<report>
				<misses>68400001</misses>
				<total>7</total>
				<timestamp>3582.674045</timestamp>
			</report>
			<report>
				<misses>68500001</misses>
				<total>6</total>
				<timestamp>3587.911870</timestamp>
			</report>
			<report>
				<misses>68600001</misses>
				<total>6</total>
				<timestamp>3593.149755</timestamp>
			</report>
			<report>
				<misses>68700001</misses>
				<total>8</total>
				<timestamp>3598.387569</timestamp>
			</report>
			<report>
				<misses>68800001</misses>
				<total>7</total>
				<timestamp>3603.625420</timestamp>
			</report>
			<report>
				<misses>68900001</misses>
				<total>7</total>
				<timestamp>3608.863222</timestamp>
			</report>
			<report>
				<misses>69000001</misses>
				<total>6</total>
				<timestamp>3614.101040</timestamp>
			</report>
			<report>
				<misses>69100001</misses>
				<total>6</total>
				<timestamp>3619.338853</timestamp>
			</report>
			<report>
				<misses>69200001</misses>
				<total>7</total>
				<timestamp>3624.576727</timestamp>
			</report>
			<report>
				<misses>69300001</misses>
				<total>6</total>
				<timestamp>3629.814509</timestamp>
			</report>
			<report>
				<misses>69400001</misses>
				<total>6</total>
				<timestamp>3635.052275</timestamp>
			</report>
			<report>
				<misses>69500001</misses>
				<total>7</total>
				<timestamp>3640.290059</timestamp>
			</report>
			<report>
				<misses>69600001</misses>
				<total>6</total>
				<timestamp>3645.527884</timestamp>
			</report>
			<report>
				<misses>69700001</misses>
				<total>7</total>
				<timestamp>3650.765683</timestamp>
			</report>
			<report>
				<misses>69800001</misses>
				<total>7</total>
				<timestamp>3656.003470</timestamp>
			</report>
			<report>
				<misses>69900001</misses>
				<total>7</total>
				<timestamp>3661.241312</timestamp>
			</report>
			<report>
				<misses>70000001</misses>
				<total>6</total>
				<timestamp>3666.479127</timestamp>
			</report>
			<report>
				<misses>70100001</misses>
				<total>7</total>
				<timestamp>3671.716922</timestamp>
			</report>
			<report>
				<misses>70200001</misses>
				<total>6</total>
				<timestamp>3676.954753</timestamp>
			</report>
			<report>
				<misses>70300001</misses>
				<total>7</total>
				<timestamp>3682.192581</timestamp>
			</report>
			<report>
				<misses>70400001</misses>
				<total>7</total>
				<timestamp>3687.430430</timestamp>
			</report>
			<report>
				<misses>70500001</misses>
				<total>6</total>
				<timestamp>3692.668232</timestamp>
			</report>
			<report>
				<misses>70600001</misses>
				<total>7</total>
				<timestamp>3697.906052</timestamp>
			</report>
			<report>
				<misses>70700001</misses>
				<total>7</total>
				<timestamp>3703.143874</timestamp>
			</report>
			<report>
				<misses>70800001</misses>
				<total>6</total>
				<timestamp>3708.381685</timestamp>
			</report>
			<report>
				<misses>70900001</misses>
				<total>6</total>
				<timestamp>3713.619569</timestamp>
			</report>
			<report>
				<misses>71000001</misses>
				<total>7</total>
				<timestamp>3718.857353</timestamp>
			</report>
			<report>
				<misses>71100001</misses>
				<total>7</total>
				<timestamp>3724.095170</timestamp>
			</report>
			<report>
				<misses>71200001</misses>
				<total>6</total>
				<timestamp>3729.332987</timestamp>
			</report>
			<report>
				<misses>71300001</misses>
				<total>6</total>
				<timestamp>3734.570799</timestamp>
			</report>
			<report>
				<misses>71400001</misses>
				<total>7</total>
				<timestamp>3739.808608</timestamp>
			</report>
			<report>
				<misses>71500001</misses>
				<total>7</total>
				<timestamp>3745.046443</timestamp>
			</report>
			<report>
				<misses>71600001</misses>
				<total>6</total>
				<timestamp>3750.284297</timestamp>
			</report>
			<report>
				<misses>71700001</misses>
				<total>7</total>
				<timestamp>3755.522081</timestamp>
			</report>
			<report>
				<misses>71800001</misses>
				<total>6</total>
				<timestamp>3760.759922</timestamp>
			</report>
			<report>
				<misses>71900001</misses>
				<total>7</total>
				<timestamp>3765.997714</timestamp>
			</report>
			<report>
				<misses>72000001</misses>
				<total>6</total>
				<timestamp>3771.235518</timestamp>
			</report>
			<report>
				<misses>72100001</misses>
				<total>7</total>
				<timestamp>3776.473363</timestamp>
			</report>
			<report>
				<misses>72200001</misses>
				<total>7</total>
				<timestamp>3781.711194</timestamp>
			</report>
			<report>
				<misses>72300001</misses>
				<total>7</total>
				<timestamp>3786.948965</timestamp>
			</report>
			<report>
				<misses>72400001</misses>
				<total>7</total>
				<timestamp>3792.186817</timestamp>
			</report>
			<report>
				<misses>72500001</misses>
				<total>7</total>
				<timestamp>3797.424613</timestamp>
			</report>
			<report>
				<misses>72600001</misses>
				<total>7</total>
				<timestamp>3802.662392</timestamp>
			</report>
			<report>
				<misses>72700001</misses>
				<total>7</total>
				<timestamp>3807.900286</timestamp>
			</report>
			<report>
				<misses>72800001</misses>
				<total>6</total>
				<timestamp>3813.138118</timestamp>
			</report>
			<report>
				<misses>72900001</misses>
				<total>6</total>
				<timestamp>3818.375927</timestamp>
			</report>
			<report>
				<misses>73000001</misses>
				<total>7</total>
				<timestamp>3823.613718</timestamp>
			</report>
			<report>
				<misses>73100001</misses>
				<total>6</total>
				<timestamp>3828.851568</timestamp>
			</report>
			<report>
				<misses>73200001</misses>
				<total>6</total>
				<timestamp>3834.089423</timestamp>
			</report>
			<report>
				<misses>73300001</misses>
				<total>7</total>
				<timestamp>3839.327188</timestamp>
			</report>
			<report>
				<misses>73400001</misses>
				<total>7</total>
				<timestamp>3844.565029</timestamp>
			</report>
			<report>
				<misses>73500001</misses>
				<total>6</total>
				<timestamp>3849.802968</timestamp>
			</report>
			<report>
				<misses>73600001</misses>
				<total>6</total>
				<timestamp>3855.040892</timestamp>
			</report>
			<report>
				<misses>73700001</misses>
				<total>7</total>
				<timestamp>3860.278694</timestamp>
			</report>
			<report>
				<misses>73800001</misses>
				<total>7</total>
				<timestamp>3865.516631</timestamp>
			</report>
			<report>
				<misses>73900001</misses>
				<total>7</total>
				<timestamp>3870.754437</timestamp>
			</report>
			<report>
				<misses>74000001</misses>
				<total>6</total>
				<timestamp>3875.992330</timestamp>
			</report>
			<report>
				<misses>74100001</misses>
				<total>7</total>
				<timestamp>3881.230109</timestamp>
			</report>
			<report>
				<misses>74200001</misses>
				<total>7</total>
				<timestamp>3886.468076</timestamp>
			</report>
			<report>
				<misses>74300001</misses>
				<total>7</total>
				<timestamp>3891.705956</timestamp>
			</report>
			<report>
				<misses>74400001</misses>
				<total>7</total>
				<timestamp>3896.943815</timestamp>
			</report>
			<report>
				<misses>74500001</misses>
				<total>6</total>
				<timestamp>3902.181648</timestamp>
			</report>
			<report>
				<misses>74600001</misses>
				<total>6</total>
				<timestamp>3907.419464</timestamp>
			</report>
			<report>
				<misses>74700001</misses>
				<total>8</total>
				<timestamp>3912.657295</timestamp>
			</report>
			<report>
				<misses>74800001</misses>
				<total>6</total>
				<timestamp>3917.895158</timestamp>
			</report>
			<report>
				<misses>74900001</misses>
				<total>6</total>
				<timestamp>3923.132973</timestamp>
			</report>
			<report>
				<misses>75000001</misses>
				<total>6</total>
				<timestamp>3928.370851</timestamp>
			</report>
			<report>
				<misses>75100001</misses>
				<total>7</total>
				<timestamp>3933.608622</timestamp>
			</report>
			<report>
				<misses>75200001</misses>
				<total>6</total>
				<timestamp>3938.846587</timestamp>
			</report>
			<report>
				<misses>75300001</misses>
				<total>8</total>
				<timestamp>3944.084369</timestamp>
			</report>
			<report>
				<misses>75400001</misses>
				<total>8</total>
				<timestamp>3949.322160</timestamp>
			</report>
			<report>
				<misses>75500001</misses>
				<total>8</total>
				<timestamp>3954.559968</timestamp>
			</report>
			<report>
				<misses>75600001</misses>
				<total>7</total>
				<timestamp>3959.797770</timestamp>
			</report>
			<report>
				<misses>75700001</misses>
				<total>8</total>
				<timestamp>3965.035555</timestamp>
			</report>
			<report>
				<misses>75800001</misses>
				<total>8</total>
				<timestamp>3970.273312</timestamp>
			</report>
			<report>
				<misses>75900001</misses>
				<total>7</total>
				<timestamp>3975.511116</timestamp>
			</report>
			<report>
				<misses>76000001</misses>
				<total>8</total>
				<timestamp>3980.748944</timestamp>
			</report>
			<report>
				<misses>76100001</misses>
				<total>8</total>
				<timestamp>3985.986729</timestamp>
			</report>
			<report>
				<misses>76200001</misses>
				<total>9</total>
				<timestamp>3991.224549</timestamp>
			</report>
			<report>
				<misses>76300001</misses>
				<total>7</total>
				<timestamp>3996.462334</timestamp>
			</report>
			<report>
				<misses>76400001</misses>
				<total>8</total>
				<timestamp>4001.700195</timestamp>
			</report>
			<report>
				<misses>76500001</misses>
				<total>8</total>
				<timestamp>4006.938014</timestamp>
			</report>
			<report>
				<misses>76600001</misses>
				<total>8</total>
				<timestamp>4012.175841</timestamp>
			</report>
			<report>
				<misses>76700001</misses>
				<total>7</total>
				<timestamp>4017.413620</timestamp>
			</report>
			<report>
				<misses>76800001</misses>
				<total>7</total>
				<timestamp>4022.651465</timestamp>
			</report>
			<report>
				<misses>76900001</misses>
				<total>8</total>
				<timestamp>4027.889287</timestamp>
			</report>
			<report>
				<misses>77000001</misses>
				<total>8</total>
				<timestamp>4033.127126</timestamp>
			</report>
			<report>
				<misses>77100001</misses>
				<total>8</total>
				<timestamp>4038.364942</timestamp>
			</report>
			<report>
				<misses>77200001</misses>
				<total>8</total>
				<timestamp>4043.602710</timestamp>
			</report>
			<report>
				<misses>77300001</misses>
				<total>7</total>
				<timestamp>4048.840532</timestamp>
			</report>
			<report>
				<misses>77400001</misses>
				<total>8</total>
				<timestamp>4054.078324</timestamp>
			</report>
			<report>
				<misses>77500001</misses>
				<total>8</total>
				<timestamp>4059.316157</timestamp>
			</report>
			<report>
				<misses>77600001</misses>
				<total>7</total>
				<timestamp>4064.553984</timestamp>
			</report>
			<report>
				<misses>77700001</misses>
				<total>8</total>
				<timestamp>4069.791804</timestamp>
			</report>
			<report>
				<misses>77800001</misses>
				<total>8</total>
				<timestamp>4075.029616</timestamp>
			</report>
			<report>
				<misses>77900001</misses>
				<total>7</total>
				<timestamp>4080.267423</timestamp>
			</report>
			<report>
				<misses>78000001</misses>
				<total>7</total>
				<timestamp>4085.505271</timestamp>
			</report>
			<report>
				<misses>78100001</misses>
				<total>7</total>
				<timestamp>4090.743052</timestamp>
			</report>
			<report>
				<misses>78200001</misses>
				<total>7</total>
				<timestamp>4095.980872</timestamp>
			</report>
			<report>
				<misses>78300001</misses>
				<total>8</total>
				<timestamp>4101.218706</timestamp>
			</report>
			<report>
				<misses>78400001</misses>
				<total>8</total>
				<timestamp>4106.456541</timestamp>
			</report>
			<report>
				<misses>78500001</misses>
				<total>8</total>
				<timestamp>4111.694378</timestamp>
			</report>
			<report>
				<misses>78600001</misses>
				<total>7</total>
				<timestamp>4116.932151</timestamp>
			</report>
			<report>
				<misses>78700001</misses>
				<total>8</total>
				<timestamp>4122.169932</timestamp>
			</report>
			<report>
				<misses>78800001</misses>
				<total>8</total>
				<timestamp>4127.407752</timestamp>
			</report>
			<report>
				<misses>78900001</misses>
				<total>8</total>
				<timestamp>4132.645551</timestamp>
			</report>
			<report>
				<misses>79000001</misses>
				<total>8</total>
				<timestamp>4137.883312</timestamp>
			</report>
			<report>
				<misses>79100001</misses>
				<total>8</total>
				<timestamp>4143.121107</timestamp>
			</report>
			<report>
				<misses>79200001</misses>
				<total>8</total>
				<timestamp>4148.358906</timestamp>
			</report>
			<report>
				<misses>79300001</misses>
				<total>8</total>
				<timestamp>4153.596675</timestamp>
			</report>
			<report>
				<misses>79400001</misses>
				<total>8</total>
				<timestamp>4158.834496</timestamp>
			</report>
			<report>
				<misses>79500001</misses>
				<total>8</total>
				<timestamp>4164.072299</timestamp>
			</report>
			<report>
				<misses>79600001</misses>
				<total>8</total>
				<timestamp>4169.310106</timestamp>
			</report>
			<report>
				<misses>79700001</misses>
				<total>8</total>
				<timestamp>4174.547900</timestamp>
			</report>
			<report>
				<misses>79800001</misses>
				<total>8</total>
				<timestamp>4179.785710</timestamp>
			</report>
			<report>
				<misses>79900001</misses>
				<total>9</total>
				<timestamp>4185.023540</timestamp>
			</report>
			<report>
				<misses>80000001</misses>
				<total>7</total>
				<timestamp>4190.261368</timestamp>
			</report>
			<report>
				<misses>80100001</misses>
				<total>7</total>
				<timestamp>4195.499207</timestamp>
			</report>
			<report>
				<misses>80200001</misses>
				<total>8</total>
				<timestamp>4200.737034</timestamp>
			</report>
			<report>
				<misses>80300001</misses>
				<total>8</total>
				<timestamp>4205.974925</timestamp>
			</report>
			<report>
				<misses>80400001</misses>
				<total>7</total>
				<timestamp>4211.212790</timestamp>
			</report>
			<report>
				<misses>80500001</misses>
				<total>8</total>
				<timestamp>4216.450616</timestamp>
			</report>
			<report>
				<misses>80600001</misses>
				<total>8</total>
				<timestamp>4221.688390</timestamp>
			</report>
			<report>
				<misses>80700001</misses>
				<total>8</total>
				<timestamp>4226.926176</timestamp>
			</report>
			<report>
				<misses>80800001</misses>
				<total>8</total>
				<timestamp>4232.163935</timestamp>
			</report>
			<report>
				<misses>80900001</misses>
				<total>8</total>
				<timestamp>4237.401731</timestamp>
			</report>
			<report>
				<misses>81000001</misses>
				<total>7</total>
				<timestamp>4242.639544</timestamp>
			</report>
			<report>
				<misses>81100001</misses>
				<total>7</total>
				<timestamp>4247.877303</timestamp>
			</report>
			<report>
				<misses>81200001</misses>
				<total>7</total>
				<timestamp>4253.115155</timestamp>
			</report>
			<report>
				<misses>81300001</misses>
				<total>8</total>
				<timestamp>4258.352987</timestamp>
			</report>
			<report>
				<misses>81400001</misses>
				<total>7</total>
				<timestamp>4263.590807</timestamp>
			</report>
			<report>
				<misses>81500001</misses>
				<total>7</total>
				<timestamp>4268.828623</timestamp>
			</report>
			<report>
				<misses>81600001</misses>
				<total>8</total>
				<timestamp>4274.066386</timestamp>
			</report>
			<report>
				<misses>81700001</misses>
				<total>7</total>
				<timestamp>4279.304246</timestamp>
			</report>
			<report>
				<misses>81800001</misses>
				<total>8</total>
				<timestamp>4284.542051</timestamp>
			</report>
			<report>
				<misses>81900001</misses>
				<total>8</total>
				<timestamp>4289.779874</timestamp>
			</report>
			<report>
				<misses>82000001</misses>
				<total>7</total>
				<timestamp>4295.017730</timestamp>
			</report>
			<report>
				<misses>82100001</misses>
				<total>7</total>
				<timestamp>4300.255576</timestamp>
			</report>
			<report>
				<misses>82200001</misses>
				<total>7</total>
				<timestamp>4305.493407</timestamp>
			</report>
			<report>
				<misses>82300001</misses>
				<total>8</total>
				<timestamp>4310.731233</timestamp>
			</report>
			<report>
				<misses>82400001</misses>
				<total>7</total>
				<timestamp>4315.969063</timestamp>
			</report>
			<report>
				<misses>82500001</misses>
				<total>8</total>
				<timestamp>4321.206860</timestamp>
			</report>
			<report>
				<misses>82600001</misses>
				<total>8</total>
				<timestamp>4326.444694</timestamp>
			</report>
			<report>
				<misses>82700001</misses>
				<total>8</total>
				<timestamp>4331.682452</timestamp>
			</report>
			<report>
				<misses>82800001</misses>
				<total>7</total>
				<timestamp>4336.920287</timestamp>
			</report>
			<report>
				<misses>82900001</misses>
				<total>7</total>
				<timestamp>4342.158119</timestamp>
			</report>
			<report>
				<misses>83000001</misses>
				<total>9</total>
				<timestamp>4347.395989</timestamp>
			</report>
			<report>
				<misses>83100001</misses>
				<total>9</total>
				<timestamp>4352.633863</timestamp>
			</report>
			<report>
				<misses>83200001</misses>
				<total>7</total>
				<timestamp>4357.871699</timestamp>
			</report>
			<report>
				<misses>83300001</misses>
				<total>8</total>
				<timestamp>4363.109497</timestamp>
			</report>
			<report>
				<misses>83400001</misses>
				<total>7</total>
				<timestamp>4368.347383</timestamp>
			</report>
			<report>
				<misses>83500001</misses>
				<total>7</total>
				<timestamp>4373.585297</timestamp>
			</report>
			<report>
				<misses>83600001</misses>
				<total>8</total>
				<timestamp>4378.823088</timestamp>
			</report>
			<report>
				<misses>83700001</misses>
				<total>8</total>
				<timestamp>4384.060895</timestamp>
			</report>
			<report>
				<misses>83800001</misses>
				<total>8</total>
				<timestamp>4389.298742</timestamp>
			</report>
			<report>
				<misses>83900001</misses>
				<total>8</total>
				<timestamp>4394.536578</timestamp>
			</report>
			<report>
				<misses>84000001</misses>
				<total>8</total>
				<timestamp>4399.774369</timestamp>
			</report>
			<report>
				<misses>84100001</misses>
				<total>8</total>
				<timestamp>4405.012196</timestamp>
			</report>
			<report>
				<misses>84200001</misses>
				<total>8</total>
				<timestamp>4410.249995</timestamp>
			</report>
			<report>
				<misses>84300001</misses>
				<total>8</total>
				<timestamp>4415.487861</timestamp>
			</report>
			<report>
				<misses>84400001</misses>
				<total>7</total>
				<timestamp>4420.725672</timestamp>
			</report>
			<report>
				<misses>84500001</misses>
				<total>7</total>
				<timestamp>4425.963559</timestamp>
			</report>
			<report>
				<misses>84600001</misses>
				<total>7</total>
				<timestamp>4431.201376</timestamp>
			</report>
			<report>
				<misses>84700001</misses>
				<total>8</total>
				<timestamp>4436.439163</timestamp>
			</report>
			<report>
				<misses>84800001</misses>
				<total>7</total>
				<timestamp>4441.676975</timestamp>
			</report>
			<report>
				<misses>84900001</misses>
				<total>8</total>
				<timestamp>4446.914752</timestamp>
			</report>
			<report>
				<misses>85000001</misses>
				<total>7</total>
				<timestamp>4452.152581</timestamp>
			</report>
			<report>
				<misses>85100001</misses>
				<total>8</total>
				<timestamp>4457.390344</timestamp>
			</report>
			<report>
				<misses>85200001</misses>
				<total>8</total>
				<timestamp>4462.628196</timestamp>
			</report>
			<report>
				<misses>85300001</misses>
				<total>8</total>
				<timestamp>4467.865955</timestamp>
			</report>
			<report>
				<misses>85400001</misses>
				<total>7</total>
				<timestamp>4473.103758</timestamp>
			</report>
			<report>
				<misses>85500001</misses>
				<total>7</total>
				<timestamp>4478.341594</timestamp>
			</report>
			<report>
				<misses>85600001</misses>
				<total>8</total>
				<timestamp>4483.579506</timestamp>
			</report>
			<report>
				<misses>85700001</misses>
				<total>7</total>
				<timestamp>4488.817314</timestamp>
			</report>
			<report>
				<misses>85800001</misses>
				<total>7</total>
				<timestamp>4494.055159</timestamp>
			</report>
			<report>
				<misses>85900001</misses>
				<total>8</total>
				<timestamp>4499.292990</timestamp>
			</report>
			<report>
				<misses>86000001</misses>
				<total>8</total>
				<timestamp>4504.530857</timestamp>
			</report>
			<report>
				<misses>86100001</misses>
				<total>8</total>
				<timestamp>4509.768665</timestamp>
			</report>
			<report>
				<misses>86200001</misses>
				<total>8</total>
				<timestamp>4515.006546</timestamp>
			</report>
			<report>
				<misses>86300001</misses>
				<total>7</total>
				<timestamp>4520.244450</timestamp>
			</report>
			<report>
				<misses>86400001</misses>
				<total>8</total>
				<timestamp>4525.482270</timestamp>
			</report>
			<report>
				<misses>86500001</misses>
				<total>8</total>
				<timestamp>4530.720081</timestamp>
			</report>
			<report>
				<misses>86600001</misses>
				<total>7</total>
				<timestamp>4535.957946</timestamp>
			</report>
			<report>
				<misses>86700001</misses>
				<total>8</total>
				<timestamp>4541.195738</timestamp>
			</report>
			<report>
				<misses>86800001</misses>
				<total>8</total>
				<timestamp>4546.433486</timestamp>
			</report>
			<report>
				<misses>86900001</misses>
				<total>7</total>
				<timestamp>4551.671364</timestamp>
			</report>
			<report>
				<misses>87000001</misses>
				<total>9</total>
				<timestamp>4556.909153</timestamp>
			</report>
			<report>
				<misses>87100001</misses>
				<total>7</total>
				<timestamp>4562.147052</timestamp>
			</report>
			<report>
				<misses>87200001</misses>
				<total>8</total>
				<timestamp>4567.384888</timestamp>
			</report>
			<report>
				<misses>87300001</misses>
				<total>7</total>
				<timestamp>4572.622681</timestamp>
			</report>
			<report>
				<misses>87400001</misses>
				<total>8</total>
				<timestamp>4577.860619</timestamp>
			</report>
			<report>
				<misses>87500001</misses>
				<total>7</total>
				<timestamp>4583.098407</timestamp>
			</report>
			<report>
				<misses>87600001</misses>
				<total>8</total>
				<timestamp>4588.336330</timestamp>
			</report>
			<report>
				<misses>87700001</misses>
				<total>8</total>
				<timestamp>4593.574137</timestamp>
			</report>
			<report>
				<misses>87800001</misses>
				<total>7</total>
				<timestamp>4598.812060</timestamp>
			</report>
			<report>
				<misses>87900001</misses>
				<total>8</total>
				<timestamp>4604.049864</timestamp>
			</report>
			<report>
				<misses>88000001</misses>
				<total>7</total>
				<timestamp>4609.287645</timestamp>
			</report>
			<report>
				<misses>88100001</misses>
				<total>7</total>
				<timestamp>4614.525521</timestamp>
			</report>
			<report>
				<misses>88200001</misses>
				<total>8</total>
				<timestamp>4619.763280</timestamp>
			</report>
			<report>
				<misses>88300001</misses>
				<total>8</total>
				<timestamp>4625.001113</timestamp>
			</report>
			<report>
				<misses>88400001</misses>
				<total>8</total>
				<timestamp>4630.238910</timestamp>
			</report>
			<report>
				<misses>88500001</misses>
				<total>9</total>
				<timestamp>4635.476793</timestamp>
			</report>
			<report>
				<misses>88600001</misses>
				<total>7</total>
				<timestamp>4640.714727</timestamp>
			</report>
			<report>
				<misses>88700001</misses>
				<total>8</total>
				<timestamp>4645.952549</timestamp>
			</report>
			<report>
				<misses>88800001</misses>
				<total>8</total>
				<timestamp>4651.190341</timestamp>
			</report>
			<report>
				<misses>88900001</misses>
				<total>7</total>
				<timestamp>4656.428360</timestamp>
			</report>
			<report>
				<misses>89000001</misses>
				<total>8</total>
				<timestamp>4661.666154</timestamp>
			</report>
			<report>
				<misses>89100001</misses>
				<total>7</total>
				<timestamp>4666.904034</timestamp>
			</report>
			<report>
				<misses>89200001</misses>
				<total>8</total>
				<timestamp>4672.141865</timestamp>
			</report>
			<report>
				<misses>89300001</misses>
				<total>8</total>
				<timestamp>4677.379721</timestamp>
			</report>
			<report>
				<misses>89400001</misses>
				<total>8</total>
				<timestamp>4682.617536</timestamp>
			</report>
			<report>
				<misses>89500001</misses>
				<total>9</total>
				<timestamp>4687.855359</timestamp>
			</report>
			<report>
				<misses>89600001</misses>
				<total>8</total>
				<timestamp>4693.093157</timestamp>
			</report>
			<report>
				<misses>89700001</misses>
				<total>8</total>
				<timestamp>4698.330985</timestamp>
			</report>
			<report>
				<misses>89800001</misses>
				<total>7</total>
				<timestamp>4703.568812</timestamp>
			</report>
			<report>
				<misses>89900001</misses>
				<total>8</total>
				<timestamp>4708.806609</timestamp>
			</report>
			<report>
				<misses>90000001</misses>
				<total>7</total>
				<timestamp>4714.044388</timestamp>
			</report>
			<report>
				<misses>90100001</misses>
				<total>7</total>
				<timestamp>4719.282346</timestamp>
			</report>
			<report>
				<misses>90200001</misses>
				<total>8</total>
				<timestamp>4724.520188</timestamp>
			</report>
			<report>
				<misses>90300001</misses>
				<total>8</total>
				<timestamp>4729.757948</timestamp>
			</report>
			<report>
				<misses>90400001</misses>
				<total>7</total>
				<timestamp>4734.995787</timestamp>
			</report>
			<report>
				<misses>90500001</misses>
				<total>7</total>
				<timestamp>4740.233712</timestamp>
			</report>
			<report>
				<misses>90600001</misses>
				<total>8</total>
				<timestamp>4745.471511</timestamp>
			</report>
			<report>
				<misses>90700001</misses>
				<total>7</total>
				<timestamp>4750.709330</timestamp>
			</report>
			<report>
				<misses>90800001</misses>
				<total>7</total>
				<timestamp>4755.947272</timestamp>
			</report>
			<report>
				<misses>90900001</misses>
				<total>7</total>
				<timestamp>4761.185154</timestamp>
			</report>
			<report>
				<misses>91000001</misses>
				<total>8</total>
				<timestamp>4766.422981</timestamp>
			</report>
			<report>
				<misses>91100001</misses>
				<total>7</total>
				<timestamp>4771.660822</timestamp>
			</report>
			<report>
				<misses>91200001</misses>
				<total>8</total>
				<timestamp>4776.898630</timestamp>
			</report>
			<report>
				<misses>91300001</misses>
				<total>7</total>
				<timestamp>4782.136458</timestamp>
			</report>
			<report>
				<misses>91400001</misses>
				<total>8</total>
				<timestamp>4787.374291</timestamp>
			</report>
			<report>
				<misses>91500001</misses>
				<total>8</total>
				<timestamp>4792.612122</timestamp>
			</report>
			<report>
				<misses>91600001</misses>
				<total>7</total>
				<timestamp>4797.849915</timestamp>
			</report>
			<report>
				<misses>91700001</misses>
				<total>8</total>
				<timestamp>4803.087739</timestamp>
			</report>
			<report>
				<misses>91800001</misses>
				<total>7</total>
				<timestamp>4808.325593</timestamp>
			</report>
			<report>
				<misses>91900001</misses>
				<total>7</total>
				<timestamp>4813.563361</timestamp>
			</report>
			<report>
				<misses>92000001</misses>
				<total>8</total>
				<timestamp>4818.801135</timestamp>
			</report>
			<report>
				<misses>92100001</misses>
				<total>7</total>
				<timestamp>4824.038948</timestamp>
			</report>
			<report>
				<misses>92200001</misses>
				<total>8</total>
				<timestamp>4829.276826</timestamp>
			</report>
			<report>
				<misses>92300001</misses>
				<total>8</total>
				<timestamp>4834.514623</timestamp>
			</report>
			<report>
				<misses>92400001</misses>
				<total>7</total>
				<timestamp>4839.752406</timestamp>
			</report>
			<report>
				<misses>92500001</misses>
				<total>8</total>
				<timestamp>4844.990180</timestamp>
			</report>
			<report>
				<misses>92600001</misses>
				<total>8</total>
				<timestamp>4850.227963</timestamp>
			</report>
			<report>
				<misses>92700001</misses>
				<total>7</total>
				<timestamp>4855.465810</timestamp>
			</report>
			<report>
				<misses>92800001</misses>
				<total>7</total>
				<timestamp>4860.703632</timestamp>
			</report>
			<report>
				<misses>92900001</misses>
				<total>8</total>
				<timestamp>4865.941455</timestamp>
			</report>
			<report>
				<misses>93000001</misses>
				<total>8</total>
				<timestamp>4871.179202</timestamp>
			</report>
			<report>
				<misses>93100001</misses>
				<total>7</total>
				<timestamp>4876.417032</timestamp>
			</report>
			<report>
				<misses>93200001</misses>
				<total>7</total>
				<timestamp>4881.654838</timestamp>
			</report>
			<report>
				<misses>93300001</misses>
				<total>7</total>
				<timestamp>4886.892647</timestamp>
			</report>
			<report>
				<misses>93400001</misses>
				<total>8</total>
				<timestamp>4892.130419</timestamp>
			</report>
			<report>
				<misses>93500001</misses>
				<total>8</total>
				<timestamp>4897.368284</timestamp>
			</report>
			<report>
				<misses>93600001</misses>
				<total>8</total>
				<timestamp>4902.606179</timestamp>
			</report>
			<report>
				<misses>93700001</misses>
				<total>8</total>
				<timestamp>4907.844006</timestamp>
			</report>
			<report>
				<misses>93800001</misses>
				<total>8</total>
				<timestamp>4913.081813</timestamp>
			</report>
			<report>
				<misses>93900001</misses>
				<total>8</total>
				<timestamp>4918.319619</timestamp>
			</report>
			<report>
				<misses>94000001</misses>
				<total>7</total>
				<timestamp>4923.557437</timestamp>
			</report>
			<report>
				<misses>94100001</misses>
				<total>7</total>
				<timestamp>4928.795313</timestamp>
			</report>
			<report>
				<misses>94200001</misses>
				<total>7</total>
				<timestamp>4934.033151</timestamp>
			</report>
			<report>
				<misses>94300001</misses>
				<total>8</total>
				<timestamp>4939.270990</timestamp>
			</report>
			<report>
				<misses>94400001</misses>
				<total>8</total>
				<timestamp>4944.508839</timestamp>
			</report>
			<report>
				<misses>94500001</misses>
				<total>7</total>
				<timestamp>4949.746685</timestamp>
			</report>
			<report>
				<misses>94600001</misses>
				<total>7</total>
				<timestamp>4954.984516</timestamp>
			</report>
			<report>
				<misses>94700001</misses>
				<total>8</total>
				<timestamp>4960.222306</timestamp>
			</report>
			<report>
				<misses>94800001</misses>
				<total>7</total>
				<timestamp>4965.460118</timestamp>
			</report>
			<report>
				<misses>94900001</misses>
				<total>7</total>
				<timestamp>4970.697982</timestamp>
			</report>
			<report>
				<misses>95000001</misses>
				<total>7</total>
				<timestamp>4975.935854</timestamp>
			</report>
			<report>
				<misses>95100001</misses>
				<total>8</total>
				<timestamp>4981.173679</timestamp>
			</report>
			<report>
				<misses>95200001</misses>
				<total>8</total>
				<timestamp>4986.411563</timestamp>
			</report>
			<report>
				<misses>95300001</misses>
				<total>8</total>
				<timestamp>4991.649342</timestamp>
			</report>
			<report>
				<misses>95400001</misses>
				<total>9</total>
				<timestamp>4996.887158</timestamp>
			</report>
			<report>
				<misses>95500001</misses>
				<total>7</total>
				<timestamp>5002.124942</timestamp>
			</report>
			<report>
				<misses>95600001</misses>
				<total>7</total>
				<timestamp>5007.362750</timestamp>
			</report>
			<report>
				<misses>95700001</misses>
				<total>7</total>
				<timestamp>5012.600562</timestamp>
			</report>
			<report>
				<misses>95800001</misses>
				<total>7</total>
				<timestamp>5017.838392</timestamp>
			</report>
			<report>
				<misses>95900001</misses>
				<total>7</total>
				<timestamp>5023.076194</timestamp>
			</report>
			<report>
				<misses>96000001</misses>
				<total>8</total>
				<timestamp>5028.313998</timestamp>
			</report>
			<report>
				<misses>96100001</misses>
				<total>8</total>
				<timestamp>5033.551774</timestamp>
			</report>
			<report>
				<misses>96200001</misses>
				<total>8</total>
				<timestamp>5038.789596</timestamp>
			</report>
			<report>
				<misses>96300001</misses>
				<total>8</total>
				<timestamp>5044.027410</timestamp>
			</report>
			<report>
				<misses>96400001</misses>
				<total>7</total>
				<timestamp>5049.265266</timestamp>
			</report>
			<report>
				<misses>96500001</misses>
				<total>8</total>
				<timestamp>5054.503167</timestamp>
			</report>
			<report>
				<misses>96600001</misses>
				<total>7</total>
				<timestamp>5059.740976</timestamp>
			</report>
			<report>
				<misses>96700001</misses>
				<total>7</total>
				<timestamp>5064.978770</timestamp>
			</report>
			<report>
				<misses>96800001</misses>
				<total>8</total>
				<timestamp>5070.216526</timestamp>
			</report>
			<report>
				<misses>96900001</misses>
				<total>8</total>
				<timestamp>5075.454384</timestamp>
			</report>
			<report>
				<misses>97000001</misses>
				<total>8</total>
				<timestamp>5080.692192</timestamp>
			</report>
			<report>
				<misses>97100001</misses>
				<total>8</total>
				<timestamp>5085.930045</timestamp>
			</report>
			<report>
				<misses>97200001</misses>
				<total>7</total>
				<timestamp>5091.167905</timestamp>
			</report>
			<report>
				<misses>97300001</misses>
				<total>8</total>
				<timestamp>5096.405708</timestamp>
			</report>
			<report>
				<misses>97400001</misses>
				<total>7</total>
				<timestamp>5101.643566</timestamp>
			</report>
			<report>
				<misses>97500001</misses>
				<total>7</total>
				<timestamp>5106.881428</timestamp>
			</report>
			<report>
				<misses>97600001</misses>
				<total>7</total>
				<timestamp>5112.119230</timestamp>
			</report>
			<report>
				<misses>97700001</misses>
				<total>7</total>
				<timestamp>5117.357061</timestamp>
			</report>
			<report>
				<misses>97800001</misses>
				<total>7</total>
				<timestamp>5122.594919</timestamp>
			</report>
			<report>
				<misses>97900001</misses>
				<total>7</total>
				<timestamp>5127.832745</timestamp>
			</report>
			<report>
				<misses>98000001</misses>
				<total>8</total>
				<timestamp>5133.070510</timestamp>
			</report>
			<report>
				<misses>98100001</misses>
				<total>8</total>
				<timestamp>5138.308299</timestamp>
			</report>
			<report>
				<misses>98200001</misses>
				<total>8</total>
				<timestamp>5143.546145</timestamp>
			</report>
			<report>
				<misses>98300001</misses>
				<total>8</total>
				<timestamp>5148.783892</timestamp>
			</report>
			<report>
				<misses>98400001</misses>
				<total>8</total>
				<timestamp>5154.021766</timestamp>
			</report>
			<report>
				<misses>98500001</misses>
				<total>7</total>
				<timestamp>5159.259646</timestamp>
			</report>
			<report>
				<misses>98600001</misses>
				<total>7</total>
				<timestamp>5164.497470</timestamp>
			</report>
			<report>
				<misses>98700001</misses>
				<total>8</total>
				<timestamp>5169.735279</timestamp>
			</report>
			<report>
				<misses>98800001</misses>
				<total>7</total>
				<timestamp>5174.973189</timestamp>
			</report>
			<report>
				<misses>98900001</misses>
				<total>7</total>
				<timestamp>5180.211037</timestamp>
			</report>
			<report>
				<misses>99000001</misses>
				<total>8</total>
				<timestamp>5185.448859</timestamp>
			</report>
			<report>
				<misses>99100001</misses>
				<total>8</total>
				<timestamp>5190.686693</timestamp>
			</report>
			<report>
				<misses>99200001</misses>
				<total>7</total>
				<timestamp>5195.924499</timestamp>
			</report>
			<report>
				<misses>99300001</misses>
				<total>7</total>
				<timestamp>5201.162318</timestamp>
			</report>
			<report>
				<misses>99400001</misses>
				<total>8</total>
				<timestamp>5206.400103</timestamp>
			</report>
			<report>
				<misses>99500001</misses>
				<total>8</total>
				<timestamp>5211.637892</timestamp>
			</report>
			<report>
				<misses>99600001</misses>
				<total>8</total>
				<timestamp>5216.875689</timestamp>
			</report>
			<report>
				<misses>99700001</misses>
				<total>8</total>
				<timestamp>5222.113510</timestamp>
			</report>
			<report>
				<misses>99800001</misses>
				<total>8</total>
				<timestamp>5227.351317</timestamp>
			</report>
			<report>
				<misses>99900001</misses>
				<total>7</total>
				<timestamp>5232.589170</timestamp>
			</report>
			<report>
				<misses>100000001</misses>
				<total>8</total>
				<timestamp>5237.826997</timestamp>
			</report>
			<report>
				<misses>100100001</misses>
				<total>8</total>
				<timestamp>5243.064784</timestamp>
			</report>
			<report>
				<misses>100200001</misses>
				<total>7</total>
				<timestamp>5248.302582</timestamp>
			</report>
			<report>
				<misses>100300001</misses>
				<total>8</total>
				<timestamp>5253.540472</timestamp>
			</report>
			<report>
				<misses>100400001</misses>
				<total>8</total>
				<timestamp>5258.778371</timestamp>
			</report>
			<report>
				<misses>100500001</misses>
				<total>7</total>
				<timestamp>5264.016263</timestamp>
			</report>
			<report>
				<misses>100600001</misses>
				<total>7</total>
				<timestamp>5269.254079</timestamp>
			</report>
			<report>
				<misses>100700001</misses>
				<total>7</total>
				<timestamp>5274.491867</timestamp>
			</report>
			<report>
				<misses>100800001</misses>
				<total>8</total>
				<timestamp>5279.729665</timestamp>
			</report>
			<report>
				<misses>100900001</misses>
				<total>8</total>
				<timestamp>5284.967491</timestamp>
			</report>
			<report>
				<misses>101000001</misses>
				<total>8</total>
				<timestamp>5290.205293</timestamp>
			</report>
			<report>
				<misses>101100001</misses>
				<total>8</total>
				<timestamp>5295.443115</timestamp>
			</report>
			<report>
				<misses>101200001</misses>
				<total>8</total>
				<timestamp>5300.681035</timestamp>
			</report>
			<report>
				<misses>101300001</misses>
				<total>7</total>
				<timestamp>5305.918904</timestamp>
			</report>
			<report>
				<misses>101400001</misses>
				<total>9</total>
				<timestamp>5311.156704</timestamp>
			</report>
			<report>
				<misses>101500001</misses>
				<total>7</total>
				<timestamp>5316.394529</timestamp>
			</report>
			<report>
				<misses>101600001</misses>
				<total>8</total>
				<timestamp>5321.632280</timestamp>
			</report>
			<report>
				<misses>101700001</misses>
				<total>7</total>
				<timestamp>5326.870112</timestamp>
			</report>
			<report>
				<misses>101800001</misses>
				<total>7</total>
				<timestamp>5332.107885</timestamp>
			</report>
			<report>
				<misses>101900001</misses>
				<total>7</total>
				<timestamp>5337.345778</timestamp>
			</report>
			<report>
				<misses>102000001</misses>
				<total>7</total>
				<timestamp>5342.583635</timestamp>
			</report>
			<report>
				<misses>102100001</misses>
				<total>8</total>
				<timestamp>5347.821440</timestamp>
			</report>
			<report>
				<misses>102200001</misses>
				<total>8</total>
				<timestamp>5353.059247</timestamp>
			</report>
			<report>
				<misses>102300001</misses>
				<total>8</total>
				<timestamp>5358.297047</timestamp>
			</report>
			<report>
				<misses>102400001</misses>
				<total>8</total>
				<timestamp>5363.534805</timestamp>
			</report>
			<report>
				<misses>102500001</misses>
				<total>7</total>
				<timestamp>5368.772622</timestamp>
			</report>
			<report>
				<misses>102600001</misses>
				<total>7</total>
				<timestamp>5374.010435</timestamp>
			</report>
			<report>
				<misses>102700001</misses>
				<total>7</total>
				<timestamp>5379.248244</timestamp>
			</report>
			<report>
				<misses>102800001</misses>
				<total>8</total>
				<timestamp>5384.486051</timestamp>
			</report>
			<report>
				<misses>102900001</misses>
				<total>8</total>
				<timestamp>5389.723876</timestamp>
			</report>
			<report>
				<misses>103000001</misses>
				<total>8</total>
				<timestamp>5394.961685</timestamp>
			</report>
			<report>
				<misses>103100001</misses>
				<total>8</total>
				<timestamp>5400.199516</timestamp>
			</report>
			<report>
				<misses>103200001</misses>
				<total>7</total>
				<timestamp>5405.437358</timestamp>
			</report>
			<report>
				<misses>103300001</misses>
				<total>7</total>
				<timestamp>5410.675232</timestamp>
			</report>
			<report>
				<misses>103400001</misses>
				<total>8</total>
				<timestamp>5415.912982</timestamp>
			</report>
			<report>
				<misses>103500001</misses>
				<total>8</total>
				<timestamp>5421.150731</timestamp>
			</report>
			<report>
				<misses>103600001</misses>
				<total>8</total>
				<timestamp>5426.388585</timestamp>
			</report>
			<report>
				<misses>103700001</misses>
				<total>7</total>
				<timestamp>5431.626420</timestamp>
			</report>
			<report>
				<misses>103800001</misses>
				<total>8</total>
				<timestamp>5436.864334</timestamp>
			</report>
			<report>
				<misses>103900001</misses>
				<total>7</total>
				<timestamp>5442.102188</timestamp>
			</report>
			<report>
				<misses>104000001</misses>
				<total>7</total>
				<timestamp>5447.340009</timestamp>
			</report>
			<report>
				<misses>104100001</misses>
				<total>8</total>
				<timestamp>5452.577858</timestamp>
			</report>
			<report>
				<misses>104200001</misses>
				<total>7</total>
				<timestamp>5457.815737</timestamp>
			</report>
			<report>
				<misses>104300001</misses>
				<total>8</total>
				<timestamp>5463.053548</timestamp>
			</report>
			<report>
				<misses>104400001</misses>
				<total>8</total>
				<timestamp>5468.291386</timestamp>
			</report>
			<report>
				<misses>104500001</misses>
				<total>8</total>
				<timestamp>5473.529230</timestamp>
			</report>
			<report>
				<misses>104600001</misses>
				<total>7</total>
				<timestamp>5478.767046</timestamp>
			</report>
			<report>
				<misses>104700001</misses>
				<total>8</total>
				<timestamp>5484.004849</timestamp>
			</report>
			<report>
				<misses>104800001</misses>
				<total>8</total>
				<timestamp>5489.242663</timestamp>
			</report>
			<report>
				<misses>104900001</misses>
				<total>8</total>
				<timestamp>5494.480510</timestamp>
			</report>
			<report>
				<misses>105000001</misses>
				<total>7</total>
				<timestamp>5499.718410</timestamp>
			</report>
			<report>
				<misses>105100001</misses>
				<total>8</total>
				<timestamp>5504.956225</timestamp>
			</report>
			<report>
				<misses>105200001</misses>
				<total>8</total>
				<timestamp>5510.194066</timestamp>
			</report>
			<report>
				<misses>105300001</misses>
				<total>8</total>
				<timestamp>5515.431856</timestamp>
			</report>
			<report>
				<misses>105400001</misses>
				<total>8</total>
				<timestamp>5520.669663</timestamp>
			</report>
			<report>
				<misses>105500001</misses>
				<total>8</total>
				<timestamp>5525.907553</timestamp>
			</report>
			<report>
				<misses>105600001</misses>
				<total>8</total>
				<timestamp>5531.145309</timestamp>
			</report>
			<report>
				<misses>105700001</misses>
				<total>8</total>
				<timestamp>5536.383082</timestamp>
			</report>
			<report>
				<misses>105800001</misses>
				<total>8</total>
				<timestamp>5541.620907</timestamp>
			</report>
			<report>
				<misses>105900001</misses>
				<total>7</total>
				<timestamp>5546.858734</timestamp>
			</report>
			<report>
				<misses>106000001</misses>
				<total>8</total>
				<timestamp>5552.096540</timestamp>
			</report>
			<report>
				<misses>106100001</misses>
				<total>7</total>
				<timestamp>5557.334353</timestamp>
			</report>
			<report>
				<misses>106200001</misses>
				<total>8</total>
				<timestamp>5562.572207</timestamp>
			</report>
			<report>
				<misses>106300001</misses>
				<total>7</total>
				<timestamp>5567.810042</timestamp>
			</report>
			<report>
				<misses>106400001</misses>
				<total>8</total>
				<timestamp>5573.047860</timestamp>
			</report>
			<report>
				<misses>106500001</misses>
				<total>7</total>
				<timestamp>5578.285634</timestamp>
			</report>
			<report>
				<misses>106600001</misses>
				<total>7</total>
				<timestamp>5583.523489</timestamp>
			</report>
			<report>
				<misses>106700001</misses>
				<total>8</total>
				<timestamp>5588.761276</timestamp>
			</report>
			<report>
				<misses>106800001</misses>
				<total>7</total>
				<timestamp>5593.999075</timestamp>
			</report>
			<report>
				<misses>106900001</misses>
				<total>8</total>
				<timestamp>5599.236882</timestamp>
			</report>
			<report>
				<misses>107000001</misses>
				<total>7</total>
				<timestamp>5604.474706</timestamp>
			</report>
			<report>
				<misses>107100001</misses>
				<total>8</total>
				<timestamp>5609.712465</timestamp>
			</report>
			<report>
				<misses>107200001</misses>
				<total>7</total>
				<timestamp>5614.950311</timestamp>
			</report>
			<report>
				<misses>107300001</misses>
				<total>8</total>
				<timestamp>5620.188113</timestamp>
			</report>
			<report>
				<misses>107400001</misses>
				<total>8</total>
				<timestamp>5625.425950</timestamp>
			</report>
			<report>
				<misses>107500001</misses>
				<total>8</total>
				<timestamp>5630.663769</timestamp>
			</report>
			<report>
				<misses>107600001</misses>
				<total>8</total>
				<timestamp>5635.901552</timestamp>
			</report>
			<report>
				<misses>107700001</misses>
				<total>7</total>
				<timestamp>5641.139447</timestamp>
			</report>
			<report>
				<misses>107800001</misses>
				<total>8</total>
				<timestamp>5646.377348</timestamp>
			</report>
			<report>
				<misses>107900001</misses>
				<total>8</total>
				<timestamp>5651.615195</timestamp>
			</report>
			<report>
				<misses>108000001</misses>
				<total>9</total>
				<timestamp>5656.852988</timestamp>
			</report>
			<report>
				<misses>108100001</misses>
				<total>8</total>
				<timestamp>5662.090785</timestamp>
			</report>
			<report>
				<misses>108200001</misses>
				<total>8</total>
				<timestamp>5667.328633</timestamp>
			</report>
			<report>
				<misses>108300001</misses>
				<total>9</total>
				<timestamp>5672.566429</timestamp>
			</report>
			<report>
				<misses>108400001</misses>
				<total>8</total>
				<timestamp>5677.804213</timestamp>
			</report>
			<report>
				<misses>108500001</misses>
				<total>8</total>
				<timestamp>5683.042024</timestamp>
			</report>
			<report>
				<misses>108600001</misses>
				<total>8</total>
				<timestamp>5688.279828</timestamp>
			</report>
			<report>
				<misses>108700001</misses>
				<total>10</total>
				<timestamp>5693.517675</timestamp>
			</report>
			<report>
				<misses>108800001</misses>
				<total>8</total>
				<timestamp>5698.755557</timestamp>
			</report>
			<report>
				<misses>108900001</misses>
				<total>8</total>
				<timestamp>5703.993362</timestamp>
			</report>
			<report>
				<misses>109000001</misses>
				<total>9</total>
				<timestamp>5709.231205</timestamp>
			</report>
			<report>
				<misses>109100001</misses>
				<total>9</total>
				<timestamp>5714.469033</timestamp>
			</report>
			<report>
				<misses>109200001</misses>
				<total>9</total>
				<timestamp>5719.706986</timestamp>
			</report>
			<report>
				<misses>109300001</misses>
				<total>9</total>
				<timestamp>5724.944776</timestamp>
			</report>
			<report>
				<misses>109400001</misses>
				<total>9</total>
				<timestamp>5730.182588</timestamp>
			</report>
			<report>
				<misses>109500001</misses>
				<total>9</total>
				<timestamp>5735.420419</timestamp>
			</report>
			<report>
				<misses>109600001</misses>
				<total>8</total>
				<timestamp>5740.658329</timestamp>
			</report>
			<report>
				<misses>109700001</misses>
				<total>8</total>
				<timestamp>5745.896330</timestamp>
			</report>
			<report>
				<misses>109800001</misses>
				<total>9</total>
				<timestamp>5751.134159</timestamp>
			</report>
			<report>
				<misses>109900001</misses>
				<total>8</total>
				<timestamp>5756.372095</timestamp>
			</report>
			<report>
				<misses>110000001</misses>
				<total>8</total>
				<timestamp>5761.609915</timestamp>
			</report>
			<report>
				<misses>110100001</misses>
				<total>9</total>
				<timestamp>5766.847783</timestamp>
			</report>
			<report>
				<misses>110200001</misses>
				<total>8</total>
				<timestamp>5772.085638</timestamp>
			</report>
			<report>
				<misses>110300001</misses>
				<total>9</total>
				<timestamp>5777.323432</timestamp>
			</report>
			<report>
				<misses>110400001</misses>
				<total>8</total>
				<timestamp>5782.561267</timestamp>
			</report>
			<report>
				<misses>110500001</misses>
				<total>8</total>
				<timestamp>5787.799070</timestamp>
			</report>
			<report>
				<misses>110600001</misses>
				<total>8</total>
				<timestamp>5793.036901</timestamp>
			</report>
			<report>
				<misses>110700001</misses>
				<total>8</total>
				<timestamp>5798.274767</timestamp>
			</report>
			<report>
				<misses>110800001</misses>
				<total>9</total>
				<timestamp>5803.512541</timestamp>
			</report>
			<report>
				<misses>110900001</misses>
				<total>8</total>
				<timestamp>5808.750443</timestamp>
			</report>
			<report>
				<misses>111000001</misses>
				<total>9</total>
				<timestamp>5813.988266</timestamp>
			</report>
			<report>
				<misses>111100001</misses>
				<total>8</total>
				<timestamp>5819.226153</timestamp>
			</report>
			<report>
				<misses>111200001</misses>
				<total>8</total>
				<timestamp>5824.463925</timestamp>
			</report>
			<report>
				<misses>111300001</misses>
				<total>9</total>
				<timestamp>5829.701680</timestamp>
			</report>
			<report>
				<misses>111400001</misses>
				<total>9</total>
				<timestamp>5834.939459</timestamp>
			</report>
			<report>
				<misses>111500001</misses>
				<total>9</total>
				<timestamp>5840.177245</timestamp>
			</report>
			<report>
				<misses>111600001</misses>
				<total>9</total>
				<timestamp>5845.414994</timestamp>
			</report>
			<report>
				<misses>111700001</misses>
				<total>9</total>
				<timestamp>5850.652890</timestamp>
			</report>
			<report>
				<misses>111800001</misses>
				<total>9</total>
				<timestamp>5855.890673</timestamp>
			</report>
			<report>
				<misses>111900001</misses>
				<total>8</total>
				<timestamp>5861.128512</timestamp>
			</report>
			<report>
				<misses>112000001</misses>
				<total>9</total>
				<timestamp>5866.366274</timestamp>
			</report>
			<report>
				<misses>112100001</misses>
				<total>8</total>
				<timestamp>5871.604086</timestamp>
			</report>
			<report>
				<misses>112200001</misses>
				<total>9</total>
				<timestamp>5876.841883</timestamp>
			</report>
			<report>
				<misses>112300001</misses>
				<total>9</total>
				<timestamp>5882.079737</timestamp>
			</report>
			<report>
				<misses>112400001</misses>
				<total>9</total>
				<timestamp>5887.317489</timestamp>
			</report>
			<report>
				<misses>112500001</misses>
				<total>8</total>
				<timestamp>5892.555355</timestamp>
			</report>
			<report>
				<misses>112600001</misses>
				<total>9</total>
				<timestamp>5897.793152</timestamp>
			</report>
			<report>
				<misses>112700001</misses>
				<total>8</total>
				<timestamp>5903.030973</timestamp>
			</report>
			<report>
				<misses>112800001</misses>
				<total>9</total>
				<timestamp>5908.268738</timestamp>
			</report>
			<report>
				<misses>112900001</misses>
				<total>11</total>
				<timestamp>5913.506621</timestamp>
			</report>
			<report>
				<misses>113000001</misses>
				<total>8</total>
				<timestamp>5918.744452</timestamp>
			</report>
			<report>
				<misses>113100001</misses>
				<total>9</total>
				<timestamp>5923.982209</timestamp>
			</report>
			<report>
				<misses>113200001</misses>
				<total>8</total>
				<timestamp>5929.220085</timestamp>
			</report>
			<report>
				<misses>113300001</misses>
				<total>8</total>
				<timestamp>5934.457890</timestamp>
			</report>
			<report>
				<misses>113400001</misses>
				<total>8</total>
				<timestamp>5939.695700</timestamp>
			</report>
			<report>
				<misses>113500001</misses>
				<total>9</total>
				<timestamp>5944.933475</timestamp>
			</report>
			<report>
				<misses>113600001</misses>
				<total>9</total>
				<timestamp>5950.171281</timestamp>
			</report>
			<report>
				<misses>113700001</misses>
				<total>8</total>
				<timestamp>5955.409125</timestamp>
			</report>
			<report>
				<misses>113800001</misses>
				<total>8</total>
				<timestamp>5960.646968</timestamp>
			</report>
			<report>
				<misses>113900001</misses>
				<total>8</total>
				<timestamp>5965.884822</timestamp>
			</report>
			<report>
				<misses>114000001</misses>
				<total>9</total>
				<timestamp>5971.122625</timestamp>
			</report>
			<report>
				<misses>114100001</misses>
				<total>8</total>
				<timestamp>5976.360417</timestamp>
			</report>
			<report>
				<misses>114200001</misses>
				<total>9</total>
				<timestamp>5981.598236</timestamp>
			</report>
			<report>
				<misses>114300001</misses>
				<total>8</total>
				<timestamp>5986.836131</timestamp>
			</report>
			<report>
				<misses>114400001</misses>
				<total>9</total>
				<timestamp>5992.073931</timestamp>
			</report>
			<report>
				<misses>114500001</misses>
				<total>9</total>
				<timestamp>5997.311706</timestamp>
			</report>
			<report>
				<misses>114600001</misses>
				<total>9</total>
				<timestamp>6002.549452</timestamp>
			</report>
			<report>
				<misses>114700001</misses>
				<total>9</total>
				<timestamp>6007.787257</timestamp>
			</report>
			<report>
				<misses>114800001</misses>
				<total>9</total>
				<timestamp>6013.025006</timestamp>
			</report>
			<report>
				<misses>114900001</misses>
				<total>8</total>
				<timestamp>6018.262846</timestamp>
			</report>
			<report>
				<misses>115000001</misses>
				<total>9</total>
				<timestamp>6023.500657</timestamp>
			</report>
			<report>
				<misses>115100001</misses>
				<total>8</total>
				<timestamp>6028.738450</timestamp>
			</report>
			<report>
				<misses>115200001</misses>
				<total>9</total>
				<timestamp>6033.976294</timestamp>
			</report>
			<report>
				<misses>115300001</misses>
				<total>9</total>
				<timestamp>6039.214165</timestamp>
			</report>
			<report>
				<misses>115400001</misses>
				<total>8</total>
				<timestamp>6044.451996</timestamp>
			</report>
			<report>
				<misses>115500001</misses>
				<total>8</total>
				<timestamp>6049.689765</timestamp>
			</report>
			<report>
				<misses>115600001</misses>
				<total>8</total>
				<timestamp>6054.927589</timestamp>
			</report>
			<report>
				<misses>115700001</misses>
				<total>9</total>
				<timestamp>6060.165409</timestamp>
			</report>
			<report>
				<misses>115800001</misses>
				<total>9</total>
				<timestamp>6065.403229</timestamp>
			</report>
			<report>
				<misses>115900001</misses>
				<total>8</total>
				<timestamp>6070.641067</timestamp>
			</report>
			<report>
				<misses>116000001</misses>
				<total>9</total>
				<timestamp>6075.878963</timestamp>
			</report>
			<report>
				<misses>116100001</misses>
				<total>9</total>
				<timestamp>6081.116765</timestamp>
			</report>
			<report>
				<misses>116200001</misses>
				<total>9</total>
				<timestamp>6086.354650</timestamp>
			</report>
			<report>
				<misses>116300001</misses>
				<total>9</total>
				<timestamp>6091.592467</timestamp>
			</report>
			<report>
				<misses>116400001</misses>
				<total>9</total>
				<timestamp>6096.830349</timestamp>
			</report>
			<report>
				<misses>116500001</misses>
				<total>9</total>
				<timestamp>6102.068111</timestamp>
			</report>
			<report>
				<misses>116600001</misses>
				<total>8</total>
				<timestamp>6107.305995</timestamp>
			</report>
			<report>
				<misses>116700001</misses>
				<total>9</total>
				<timestamp>6112.543769</timestamp>
			</report>
			<report>
				<misses>116800001</misses>
				<total>9</total>
				<timestamp>6117.781598</timestamp>
			</report>
			<report>
				<misses>116900001</misses>
				<total>8</total>
				<timestamp>6123.019479</timestamp>
			</report>
			<report>
				<misses>117000001</misses>
				<total>9</total>
				<timestamp>6128.257286</timestamp>
			</report>
			<report>
				<misses>117100001</misses>
				<total>9</total>
				<timestamp>6133.495137</timestamp>
			</report>
			<report>
				<misses>117200001</misses>
				<total>9</total>
				<timestamp>6138.732959</timestamp>
			</report>
			<report>
				<misses>117300001</misses>
				<total>8</total>
				<timestamp>6143.970791</timestamp>
			</report>
			<report>
				<misses>117400001</misses>
				<total>8</total>
				<timestamp>6149.208662</timestamp>
			</report>
			<report>
				<misses>117500001</misses>
				<total>9</total>
				<timestamp>6154.446486</timestamp>
			</report>
			<report>
				<misses>117600001</misses>
				<total>9</total>
				<timestamp>6159.684373</timestamp>
			</report>
			<report>
				<misses>117700001</misses>
				<total>8</total>
				<timestamp>6164.922256</timestamp>
			</report>
			<report>
				<misses>117800001</misses>
				<total>9</total>
				<timestamp>6170.160053</timestamp>
			</report>
			<report>
				<misses>117900001</misses>
				<total>9</total>
				<timestamp>6175.397879</timestamp>
			</report>
			<report>
				<misses>118000001</misses>
				<total>8</total>
				<timestamp>6180.635692</timestamp>
			</report>
			<report>
				<misses>118100001</misses>
				<total>9</total>
				<timestamp>6185.873498</timestamp>
			</report>
			<report>
				<misses>118200001</misses>
				<total>9</total>
				<timestamp>6191.111313</timestamp>
			</report>
			<report>
				<misses>118300001</misses>
				<total>9</total>
				<timestamp>6196.349080</timestamp>
			</report>
			<report>
				<misses>118400001</misses>
				<total>9</total>
				<timestamp>6201.586875</timestamp>
			</report>
			<report>
				<misses>118500001</misses>
				<total>10</total>
				<timestamp>6206.824674</timestamp>
			</report>
			<report>
				<misses>118600001</misses>
				<total>9</total>
				<timestamp>6212.062526</timestamp>
			</report>
			<report>
				<misses>118700001</misses>
				<total>8</total>
				<timestamp>6217.300536</timestamp>
			</report>
			<report>
				<misses>118800001</misses>
				<total>9</total>
				<timestamp>6222.538315</timestamp>
			</report>
			<report>
				<misses>118900001</misses>
				<total>8</total>
				<timestamp>6227.776156</timestamp>
			</report>
			<report>
				<misses>119000001</misses>
				<total>9</total>
				<timestamp>6233.013959</timestamp>
			</report>
			<report>
				<misses>119100001</misses>
				<total>8</total>
				<timestamp>6238.251801</timestamp>
			</report>
			<report>
				<misses>119200001</misses>
				<total>9</total>
				<timestamp>6243.489630</timestamp>
			</report>
			<report>
				<misses>119300001</misses>
				<total>8</total>
				<timestamp>6248.727447</timestamp>
			</report>
			<report>
				<misses>119400001</misses>
				<total>9</total>
				<timestamp>6253.965236</timestamp>
			</report>
			<report>
				<misses>119500001</misses>
				<total>9</total>
				<timestamp>6259.202996</timestamp>
			</report>
			<report>
				<misses>119600001</misses>
				<total>8</total>
				<timestamp>6264.440823</timestamp>
			</report>
			<report>
				<misses>119700001</misses>
				<total>8</total>
				<timestamp>6269.678624</timestamp>
			</report>
			<report>
				<misses>119800001</misses>
				<total>8</total>
				<timestamp>6274.916490</timestamp>
			</report>
			<report>
				<misses>119900001</misses>
				<total>9</total>
				<timestamp>6280.154276</timestamp>
			</report>
			<report>
				<misses>120000001</misses>
				<total>9</total>
				<timestamp>6285.392113</timestamp>
			</report>
			<report>
				<misses>120100001</misses>
				<total>9</total>
				<timestamp>6290.629952</timestamp>
			</report>
			<report>
				<misses>120200001</misses>
				<total>9</total>
				<timestamp>6295.867801</timestamp>
			</report>
			<report>
				<misses>120300001</misses>
				<total>9</total>
				<timestamp>6301.105577</timestamp>
			</report>
			<report>
				<misses>120400001</misses>
				<total>9</total>
				<timestamp>6306.343401</timestamp>
			</report>
			<report>
				<misses>120500001</misses>
				<total>10</total>
				<timestamp>6311.581184</timestamp>
			</report>
			<report>
				<misses>120600001</misses>
				<total>9</total>
				<timestamp>6316.819166</timestamp>
			</report>
			<report>
				<misses>120700001</misses>
				<total>8</total>
				<timestamp>6322.056964</timestamp>
			</report>
			<report>
				<misses>120800001</misses>
				<total>9</total>
				<timestamp>6327.294776</timestamp>
			</report>
			<report>
				<misses>120900001</misses>
				<total>8</total>
				<timestamp>6332.532570</timestamp>
			</report>
			<report>
				<misses>121000001</misses>
				<total>8</total>
				<timestamp>6337.770357</timestamp>
			</report>
			<report>
				<misses>121100001</misses>
				<total>8</total>
				<timestamp>6343.008237</timestamp>
			</report>
			<report>
				<misses>121200001</misses>
				<total>8</total>
				<timestamp>6348.246052</timestamp>
			</report>
			<report>
				<misses>121300001</misses>
				<total>9</total>
				<timestamp>6353.483955</timestamp>
			</report>
			<report>
				<misses>121400001</misses>
				<total>10</total>
				<timestamp>6358.721806</timestamp>
			</report>
			<report>
				<misses>121500001</misses>
				<total>9</total>
				<timestamp>6363.959615</timestamp>
			</report>
			<report>
				<misses>121600001</misses>
				<total>8</total>
				<timestamp>6369.197414</timestamp>
			</report>
			<report>
				<misses>121700001</misses>
				<total>9</total>
				<timestamp>6374.435275</timestamp>
			</report>
			<report>
				<misses>121800001</misses>
				<total>9</total>
				<timestamp>6379.673044</timestamp>
			</report>
			<report>
				<misses>121900001</misses>
				<total>8</total>
				<timestamp>6384.910831</timestamp>
			</report>
			<report>
				<misses>122000001</misses>
				<total>8</total>
				<timestamp>6390.148701</timestamp>
			</report>
			<report>
				<misses>122100001</misses>
				<total>9</total>
				<timestamp>6395.386530</timestamp>
			</report>
			<report>
				<misses>122200001</misses>
				<total>9</total>
				<timestamp>6400.624352</timestamp>
			</report>
			<report>
				<misses>122300001</misses>
				<total>8</total>
				<timestamp>6405.862192</timestamp>
			</report>
			<report>
				<misses>122400001</misses>
				<total>9</total>
				<timestamp>6411.100029</timestamp>
			</report>
			<report>
				<misses>122500001</misses>
				<total>9</total>
				<timestamp>6416.337826</timestamp>
			</report>
			<report>
				<misses>122600001</misses>
				<total>9</total>
				<timestamp>6421.575617</timestamp>
			</report>
			<report>
				<misses>122700001</misses>
				<total>8</total>
				<timestamp>6426.813418</timestamp>
			</report>
			<report>
				<misses>122800001</misses>
				<total>9</total>
				<timestamp>6432.051243</timestamp>
			</report>
			<report>
				<misses>122900001</misses>
				<total>9</total>
				<timestamp>6437.289101</timestamp>
			</report>
			<report>
				<misses>123000001</misses>
				<total>8</total>
				<timestamp>6442.527021</timestamp>
			</report>
			<report>
				<misses>123100001</misses>
				<total>9</total>
				<timestamp>6447.764910</timestamp>
			</report>
			<report>
				<misses>123200001</misses>
				<total>8</total>
				<timestamp>6453.002755</timestamp>
			</report>
			<report>
				<misses>123300001</misses>
				<total>9</total>
				<timestamp>6458.240593</timestamp>
			</report>
			<report>
				<misses>123400001</misses>
				<total>9</total>
				<timestamp>6463.478539</timestamp>
			</report>
			<report>
				<misses>123500001</misses>
				<total>9</total>
				<timestamp>6468.716396</timestamp>
			</report>
			<report>
				<misses>123600001</misses>
				<total>8</total>
				<timestamp>6473.954199</timestamp>
			</report>
			<report>
				<misses>123700001</misses>
				<total>8</total>
				<timestamp>6479.191975</timestamp>
			</report>
			<report>
				<misses>123800001</misses>
				<total>8</total>
				<timestamp>6484.429927</timestamp>
			</report>
			<report>
				<misses>123900001</misses>
				<total>9</total>
				<timestamp>6489.667684</timestamp>
			</report>
			<report>
				<misses>124000001</misses>
				<total>8</total>
				<timestamp>6494.905506</timestamp>
			</report>
			<report>
				<misses>124100001</misses>
				<total>8</total>
				<timestamp>6500.143356</timestamp>
			</report>
			<report>
				<misses>124200001</misses>
				<total>9</total>
				<timestamp>6505.381190</timestamp>
			</report>
			<report>
				<misses>124300001</misses>
				<total>9</total>
				<timestamp>6510.619031</timestamp>
			</report>
			<report>
				<misses>124400001</misses>
				<total>8</total>
				<timestamp>6515.856906</timestamp>
			</report>
			<report>
				<misses>124500001</misses>
				<total>8</total>
				<timestamp>6521.094746</timestamp>
			</report>
			<report>
				<misses>124600001</misses>
				<total>9</total>
				<timestamp>6526.332602</timestamp>
			</report>
			<report>
				<misses>124700001</misses>
				<total>9</total>
				<timestamp>6531.570436</timestamp>
			</report>
			<report>
				<misses>124800001</misses>
				<total>8</total>
				<timestamp>6536.808295</timestamp>
			</report>
			<report>
				<misses>124900001</misses>
				<total>9</total>
				<timestamp>6542.046111</timestamp>
			</report>
			<report>
				<misses>125000001</misses>
				<total>9</total>
				<timestamp>6547.284081</timestamp>
			</report>
			<report>
				<misses>125100001</misses>
				<total>9</total>
				<timestamp>6552.521935</timestamp>
			</report>
			<report>
				<misses>125200001</misses>
				<total>9</total>
				<timestamp>6557.759723</timestamp>
			</report>
			<report>
				<misses>125300001</misses>
				<total>8</total>
				<timestamp>6562.997578</timestamp>
			</report>
			<report>
				<misses>125400001</misses>
				<total>9</total>
				<timestamp>6568.235383</timestamp>
			</report>
			<report>
				<misses>125500001</misses>
				<total>9</total>
				<timestamp>6573.473187</timestamp>
			</report>
			<report>
				<misses>125600001</misses>
				<total>9</total>
				<timestamp>6578.710977</timestamp>
			</report>
			<report>
				<misses>125700001</misses>
				<total>9</total>
				<timestamp>6583.948754</timestamp>
			</report>
			<report>
				<misses>125800001</misses>
				<total>8</total>
				<timestamp>6589.186537</timestamp>
			</report>
			<report>
				<misses>125900001</misses>
				<total>8</total>
				<timestamp>6594.424357</timestamp>
			</report>
			<report>
				<misses>126000001</misses>
				<total>9</total>
				<timestamp>6599.662234</timestamp>
			</report>
			<report>
				<misses>126100001</misses>
				<total>8</total>
				<timestamp>6604.900022</timestamp>
			</report>
			<report>
				<misses>126200001</misses>
				<total>8</total>
				<timestamp>6610.137899</timestamp>
			</report>
			<report>
				<misses>126300001</misses>
				<total>9</total>
				<timestamp>6615.375716</timestamp>
			</report>
			<report>
				<misses>126400001</misses>
				<total>9</total>
				<timestamp>6620.613497</timestamp>
			</report>
			<report>
				<misses>126500001</misses>
				<total>8</total>
				<timestamp>6625.851266</timestamp>
			</report>
			<report>
				<misses>126600001</misses>
				<total>9</total>
				<timestamp>6631.089098</timestamp>
			</report>
			<report>
				<misses>126700001</misses>
				<total>8</total>
				<timestamp>6636.326955</timestamp>
			</report>
			<report>
				<misses>126800001</misses>
				<total>9</total>
				<timestamp>6641.564742</timestamp>
			</report>
			<report>
				<misses>126900001</misses>
				<total>9</total>
				<timestamp>6646.802531</timestamp>
			</report>
			<report>
				<misses>127000001</misses>
				<total>8</total>
				<timestamp>6652.040358</timestamp>
			</report>
			<report>
				<misses>127100001</misses>
				<total>9</total>
				<timestamp>6657.278189</timestamp>
			</report>
			<report>
				<misses>127200001</misses>
				<total>9</total>
				<timestamp>6662.515946</timestamp>
			</report>
			<report>
				<misses>127300001</misses>
				<total>9</total>
				<timestamp>6667.753800</timestamp>
			</report>
			<report>
				<misses>127400001</misses>
				<total>9</total>
				<timestamp>6672.991703</timestamp>
			</report>
			<report>
				<misses>127500001</misses>
				<total>8</total>
				<timestamp>6678.229539</timestamp>
			</report>
			<report>
				<misses>127600001</misses>
				<total>8</total>
				<timestamp>6683.467326</timestamp>
			</report>
			<report>
				<misses>127700001</misses>
				<total>8</total>
				<timestamp>6688.705144</timestamp>
			</report>
			<report>
				<misses>127800001</misses>
				<total>9</total>
				<timestamp>6693.942974</timestamp>
			</report>
			<report>
				<misses>127900001</misses>
				<total>9</total>
				<timestamp>6699.180856</timestamp>
			</report>
			<report>
				<misses>128000001</misses>
				<total>9</total>
				<timestamp>6704.418621</timestamp>
			</report>
			<report>
				<misses>128100001</misses>
				<total>9</total>
				<timestamp>6709.656390</timestamp>
			</report>
			<report>
				<misses>128200001</misses>
				<total>8</total>
				<timestamp>6714.894264</timestamp>
			</report>
			<report>
				<misses>128300001</misses>
				<total>9</total>
				<timestamp>6720.132051</timestamp>
			</report>
			<report>
				<misses>128400001</misses>
				<total>9</total>
				<timestamp>6725.369859</timestamp>
			</report>
			<report>
				<misses>128500001</misses>
				<total>8</total>
				<timestamp>6730.607679</timestamp>
			</report>
			<report>
				<misses>128600001</misses>
				<total>8</total>
				<timestamp>6735.845545</timestamp>
			</report>
			<report>
				<misses>128700001</misses>
				<total>9</total>
				<timestamp>6741.083346</timestamp>
			</report>
			<report>
				<misses>128800001</misses>
				<total>9</total>
				<timestamp>6746.321217</timestamp>
			</report>
			<report>
				<misses>128900001</misses>
				<total>9</total>
				<timestamp>6751.558981</timestamp>
			</report>
			<report>
				<misses>129000001</misses>
				<total>9</total>
				<timestamp>6756.796785</timestamp>
			</report>
			<report>
				<misses>129100001</misses>
				<total>8</total>
				<timestamp>6762.034594</timestamp>
			</report>
			<report>
				<misses>129200001</misses>
				<total>8</total>
				<timestamp>6767.272397</timestamp>
			</report>
			<report>
				<misses>129300001</misses>
				<total>9</total>
				<timestamp>6772.510234</timestamp>
			</report>
			<report>
				<misses>129400001</misses>
				<total>8</total>
				<timestamp>6777.748069</timestamp>
			</report>
			<report>
				<misses>129500001</misses>
				<total>9</total>
				<timestamp>6782.985891</timestamp>
			</report>
			<report>
				<misses>129600001</misses>
				<total>8</total>
				<timestamp>6788.223676</timestamp>
			</report>
			<report>
				<misses>129700001</misses>
				<total>9</total>
				<timestamp>6793.461471</timestamp>
			</report>
			<report>
				<misses>129800001</misses>
				<total>8</total>
				<timestamp>6798.699250</timestamp>
			</report>
			<report>
				<misses>129900001</misses>
				<total>9</total>
				<timestamp>6803.937083</timestamp>
			</report>
			<report>
				<misses>130000001</misses>
				<total>9</total>
				<timestamp>6809.174836</timestamp>
			</report>
			<report>
				<misses>130100001</misses>
				<total>9</total>
				<timestamp>6814.412652</timestamp>
			</report>
			<report>
				<misses>130200001</misses>
				<total>8</total>
				<timestamp>6819.650490</timestamp>
			</report>
			<report>
				<misses>130300001</misses>
				<total>8</total>
				<timestamp>6824.888313</timestamp>
			</report>
			<report>
				<misses>130400001</misses>
				<total>10</total>
				<timestamp>6830.126158</timestamp>
			</report>
			<report>
				<misses>130500001</misses>
				<total>9</total>
				<timestamp>6835.363975</timestamp>
			</report>
			<report>
				<misses>130600001</misses>
				<total>9</total>
				<timestamp>6840.601767</timestamp>
			</report>
			<report>
				<misses>130700001</misses>
				<total>8</total>
				<timestamp>6845.839600</timestamp>
			</report>
			<report>
				<misses>130800001</misses>
				<total>9</total>
				<timestamp>6851.077429</timestamp>
			</report>
			<report>
				<misses>130900001</misses>
				<total>9</total>
				<timestamp>6856.315227</timestamp>
			</report>
			<report>
				<misses>131000001</misses>
				<total>9</total>
				<timestamp>6861.553005</timestamp>
			</report>
			<report>
				<misses>131100001</misses>
				<total>9</total>
				<timestamp>6866.790781</timestamp>
			</report>
			<report>
				<misses>131200001</misses>
				<total>8</total>
				<timestamp>6872.028628</timestamp>
			</report>
			<report>
				<misses>131300001</misses>
				<total>10</total>
				<timestamp>6877.266399</timestamp>
			</report>
			<report>
				<misses>131400001</misses>
				<total>9</total>
				<timestamp>6882.504179</timestamp>
			</report>
			<report>
				<misses>131500001</misses>
				<total>8</total>
				<timestamp>6887.742044</timestamp>
			</report>
			<report>
				<misses>131600001</misses>
				<total>8</total>
				<timestamp>6892.979866</timestamp>
			</report>
			<report>
				<misses>131700001</misses>
				<total>8</total>
				<timestamp>6898.217643</timestamp>
			</report>
			<report>
				<misses>131800001</misses>
				<total>9</total>
				<timestamp>6903.455459</timestamp>
			</report>
			<report>
				<misses>131900001</misses>
				<total>9</total>
				<timestamp>6908.693257</timestamp>
			</report>
			<report>
				<misses>132000001</misses>
				<total>9</total>
				<timestamp>6913.931132</timestamp>
			</report>
			<report>
				<misses>132100001</misses>
				<total>9</total>
				<timestamp>6919.169063</timestamp>
			</report>
			<report>
				<misses>132200001</misses>
				<total>9</total>
				<timestamp>6924.406873</timestamp>
			</report>
			<report>
				<misses>132300001</misses>
				<total>8</total>
				<timestamp>6929.644717</timestamp>
			</report>
			<report>
				<misses>132400001</misses>
				<total>9</total>
				<timestamp>6934.882496</timestamp>
			</report>
			<report>
				<misses>132500001</misses>
				<total>8</total>
				<timestamp>6940.120316</timestamp>
			</report>
			<report>
				<misses>132600001</misses>
				<total>8</total>
				<timestamp>6945.358167</timestamp>
			</report>
			<report>
				<misses>132700001</misses>
				<total>9</total>
				<timestamp>6950.595943</timestamp>
			</report>
			<report>
				<misses>132800001</misses>
				<total>9</total>
				<timestamp>6955.833798</timestamp>
			</report>
			<report>
				<misses>132900001</misses>
				<total>9</total>
				<timestamp>6961.071674</timestamp>
			</report>
			<report>
				<misses>133000001</misses>
				<total>8</total>
				<timestamp>6966.309460</timestamp>
			</report>
			<report>
				<misses>133100001</misses>
				<total>9</total>
				<timestamp>6971.547241</timestamp>
			</report>
			<report>
				<misses>133200001</misses>
				<total>8</total>
				<timestamp>6976.785134</timestamp>
			</report>
			<report>
				<misses>133300001</misses>
				<total>9</total>
				<timestamp>6982.022934</timestamp>
			</report>
			<report>
				<misses>133400001</misses>
				<total>9</total>
				<timestamp>6987.260782</timestamp>
			</report>
			<report>
				<misses>133500001</misses>
				<total>8</total>
				<timestamp>6992.498637</timestamp>
			</report>
			<report>
				<misses>133600001</misses>
				<total>9</total>
				<timestamp>6997.736434</timestamp>
			</report>
			<report>
				<misses>133700001</misses>
				<total>9</total>
				<timestamp>7002.974203</timestamp>
			</report>
			<report>
				<misses>133800001</misses>
				<total>9</total>
				<timestamp>7008.212033</timestamp>
			</report>
			<report>
				<misses>133900001</misses>
				<total>8</total>
				<timestamp>7013.449898</timestamp>
			</report>
			<report>
				<misses>134000001</misses>
				<total>9</total>
				<timestamp>7018.687759</timestamp>
			</report>
			<report>
				<misses>134100001</misses>
				<total>10</total>
				<timestamp>7023.925588</timestamp>
			</report>
			<report>
				<misses>134200001</misses>
				<total>9</total>
				<timestamp>7029.163411</timestamp>
			</report>
			<report>
				<misses>134300001</misses>
				<total>9</total>
				<timestamp>7034.401293</timestamp>
			</report>
			<report>
				<misses>134400001</misses>
				<total>9</total>
				<timestamp>7039.639064</timestamp>
			</report>
			<report>
				<misses>134500001</misses>
				<total>8</total>
				<timestamp>7044.876897</timestamp>
			</report>
			<report>
				<misses>134600001</misses>
				<total>9</total>
				<timestamp>7050.114736</timestamp>
			</report>
			<report>
				<misses>134700001</misses>
				<total>9</total>
				<timestamp>7055.352619</timestamp>
			</report>
			<report>
				<misses>134800001</misses>
				<total>9</total>
				<timestamp>7060.590387</timestamp>
			</report>
			<report>
				<misses>134900001</misses>
				<total>8</total>
				<timestamp>7065.828255</timestamp>
			</report>
			<report>
				<misses>135000001</misses>
				<total>9</total>
				<timestamp>7071.066014</timestamp>
			</report>
			<report>
				<misses>135100001</misses>
				<total>8</total>
				<timestamp>7076.303868</timestamp>
			</report>
			<report>
				<misses>135200001</misses>
				<total>9</total>
				<timestamp>7081.541637</timestamp>
			</report>
			<report>
				<misses>135300001</misses>
				<total>8</total>
				<timestamp>7086.779429</timestamp>
			</report>
			<report>
				<misses>135400001</misses>
				<total>8</total>
				<timestamp>7092.017267</timestamp>
			</report>
			<report>
				<misses>135500001</misses>
				<total>8</total>
				<timestamp>7097.255047</timestamp>
			</report>
			<report>
				<misses>135600001</misses>
				<total>9</total>
				<timestamp>7102.492843</timestamp>
			</report>
			<report>
				<misses>135700001</misses>
				<total>8</total>
				<timestamp>7107.730761</timestamp>
			</report>
			<report>
				<misses>135800001</misses>
				<total>8</total>
				<timestamp>7112.968650</timestamp>
			</report>
			<report>
				<misses>135900001</misses>
				<total>8</total>
				<timestamp>7118.206599</timestamp>
			</report>
			<report>
				<misses>136000001</misses>
				<total>8</total>
				<timestamp>7123.444481</timestamp>
			</report>
			<report>
				<misses>136100001</misses>
				<total>9</total>
				<timestamp>7128.682271</timestamp>
			</report>
			<report>
				<misses>136200001</misses>
				<total>9</total>
				<timestamp>7133.920075</timestamp>
			</report>
			<report>
				<misses>136300001</misses>
				<total>9</total>
				<timestamp>7139.157869</timestamp>
			</report>
			<report>
				<misses>136400001</misses>
				<total>8</total>
				<timestamp>7144.395725</timestamp>
			</report>
			<report>
				<misses>136500001</misses>
				<total>9</total>
				<timestamp>7149.633512</timestamp>
			</report>
			<report>
				<misses>136600001</misses>
				<total>8</total>
				<timestamp>7154.871338</timestamp>
			</report>
			<report>
				<misses>136700001</misses>
				<total>9</total>
				<timestamp>7160.109158</timestamp>
			</report>
			<report>
				<misses>136800001</misses>
				<total>9</total>
				<timestamp>7165.346901</timestamp>
			</report>
			<report>
				<misses>136900001</misses>
				<total>8</total>
				<timestamp>7170.584729</timestamp>
			</report>
			<report>
				<misses>137000001</misses>
				<total>9</total>
				<timestamp>7175.822523</timestamp>
			</report>
			<report>
				<misses>137100001</misses>
				<total>8</total>
				<timestamp>7181.060381</timestamp>
			</report>
			<report>
				<misses>137200001</misses>
				<total>9</total>
				<timestamp>7186.298255</timestamp>
			</report>
			<report>
				<misses>137300001</misses>
				<total>8</total>
				<timestamp>7191.536081</timestamp>
			</report>
			<report>
				<misses>137400001</misses>
				<total>9</total>
				<timestamp>7196.773904</timestamp>
			</report>
		</query>
	</custom>
	<ethtool_statistic>
		<rx_packets>
			<start>588610234</start>
			<end>1492573971</end>
		</rx_packets>
		<tx_packets>
			<start>1512739732</start>
			<end>2612418853</end>
		</tx_packets>
		<rx_dropped>
			<start>0</start>
			<end>0</end>
		</rx_dropped>
		<tx_dropped>
			<start>0</start>
			<end>0</end>
		</tx_dropped>
		<collisions>
			<start>0</start>
			<end>0</end>
		</collisions>
		<port_tx_errors>
			<start>-1</start>
			<end>-1</end>
		</port_tx_errors>
		<port_rx_dropped>
			<start>-1</start>
			<end>-1</end>
		</port_rx_dropped>
		<port_tx_dropped_link_down>
			<start>-1</start>
			<end>-1</end>
		</port_tx_dropped_link_down>
	</ethtool_statistic>
	<ip_statistic>
		<mtu>
			<start>9000</start>
			<end>9000</end>
		</mtu>
		<rx_bytes>
			<start>2701429790476</start>
			<end>10077747809594</end>
		</rx_bytes>
		<rx_packets>
			<start>588610530</start>
			<end>1492573971</end>
		</rx_packets>
		<rx_errors>
			<start>0</start>
			<end>0</end>
		</rx_errors>
		<rx_dropped>
			<start>0</start>
			<end>0</end>
		</rx_dropped>
		<rx_missed>
			<start>0</start>
			<end>0</end>
		</rx_missed>
		<rx_mcast>
			<start>19</start>
			<end>25</end>
		</rx_mcast>
		<tx_bytes>
			<start>6231374620435</start>
			<end>15204732369235</end>
		</tx_bytes>
		<tx_packets>
			<start>1512739732</start>
			<end>2612418853</end>
		</tx_packets>
		<tx_errors>
			<start>0</start>
			<end>0</end>
		</tx_errors>
		<tx_dropped>
			<start>0</start>
			<end>0</end>
		</tx_dropped>
		<tx_carrier>
			<start>0</start>
			<end>0</end>
		</tx_carrier>
		<tx_collisions>
			<start>0</start>
			<end>0</end>
		</tx_collisions>
	</ip_statistic>
	<netstat_statistic>
		<udp_pkg_rec>
			<start>1175699721</start>
			<end>1401702455</end>
		</udp_pkg_rec>
		<udp_pkg_snt>
			<start>2688269038</start>
			<end>2963232146</end>
		</udp_pkg_snt>
		<udp_rec_err>
			<start>0</start>
			<end>0</end>
		</udp_rec_err>
		<udp_rec_buf_err>
			<start>0</start>
			<end>0</end>
		</udp_rec_buf_err>
		<udp_snt_buf_err>
			<start>0</start>
			<end>0</end>
		</udp_snt_buf_err>
	</netstat_statistic>
</test_results>
