<?xml version="1.0"?>
<test_results>
	<status>STATUS_SUCCESS</status>
	<custom>
		<num_loss>181</num_loss>
		<num_total>4722680</num_total>
		<num_misses>115260519</num_misses>
		<elapsed_time>299.957881</elapsed_time>
		<query>
			<report>
				<misses>100001</misses>
				<total>0</total>
				<timestamp>6.336092</timestamp>
			</report>
			<report>
				<misses>200001</misses>
				<total>0</total>
				<timestamp>12.692663</timestamp>
			</report>
			<report>
				<misses>300001</misses>
				<total>0</total>
				<timestamp>19.062488</timestamp>
			</report>
			<report>
				<misses>400001</misses>
				<total>0</total>
				<timestamp>25.400735</timestamp>
			</report>
			<report>
				<misses>500001</misses>
				<total>0</total>
				<timestamp>31.777584</timestamp>
			</report>
			<report>
				<misses>600001</misses>
				<total>0</total>
				<timestamp>38.147524</timestamp>
			</report>
			<report>
				<misses>700001</misses>
				<total>0</total>
				<timestamp>44.514137</timestamp>
			</report>
			<report>
				<misses>800001</misses>
				<total>36</total>
				<timestamp>50.877702</timestamp>
			</report>
			<report>
				<misses>900001</misses>
				<total>36</total>
				<timestamp>57.241214</timestamp>
			</report>
			<report>
				<misses>1000001</misses>
				<total>36</total>
				<timestamp>63.599722</timestamp>
			</report>
			<report>
				<misses>1100001</misses>
				<total>36</total>
				<timestamp>69.963124</timestamp>
			</report>
			<report>
				<misses>1200001</misses>
				<total>36</total>
				<timestamp>76.326045</timestamp>
			</report>
			<report>
				<misses>1300001</misses>
				<total>36</total>
				<timestamp>82.687546</timestamp>
			</report>
			<report>
				<misses>1400001</misses>
				<total>36</total>
				<timestamp>89.054763</timestamp>
			</report>
			<report>
				<misses>1500001</misses>
				<total>36</total>
				<timestamp>95.422398</timestamp>
			</report>
			<report>
				<misses>1600001</misses>
				<total>36</total>
				<timestamp>101.786122</timestamp>
			</report>
			<report>
				<misses>1700001</misses>
				<total>72</total>
				<timestamp>108.117113</timestamp>
			</report>
			<report>
				<misses>1800001</misses>
				<total>72</total>
				<timestamp>114.516404</timestamp>
			</report>
			<report>
				<misses>1900001</misses>
				<total>72</total>
				<timestamp>120.879814</timestamp>
			</report>
			<report>
				<misses>2000001</misses>
				<total>72</total>
				<timestamp>127.230161</timestamp>
			</report>
			<report>
				<misses>2100001</misses>
				<total>72</total>
				<timestamp>133.584517</timestamp>
			</report>
			<report>
				<misses>2200001</misses>
				<total>72</total>
				<timestamp>139.918671</timestamp>
			</report>
			<report>
				<misses>2300001</misses>
				<total>72</total>
				<timestamp>146.259793</timestamp>
			</report>
			<report>
				<misses>2400001</misses>
				<total>72</total>
				<timestamp>152.609508</timestamp>
			</report>
			<report>
				<misses>2500001</misses>
				<total>72</total>
				<timestamp>158.960209</timestamp>
			</report>
			<report>
				<misses>2600001</misses>
				<total>72</total>
				<timestamp>165.321448</timestamp>
			</report>
			<report>
				<misses>2700001</misses>
				<total>106</total>
				<timestamp>171.684519</timestamp>
			</report>
			<report>
				<misses>2800001</misses>
				<total>106</total>
				<timestamp>178.033625</timestamp>
			</report>
			<report>
				<misses>2900001</misses>
				<total>106</total>
				<timestamp>184.366904</timestamp>
			</report>
			<report>
				<misses>3000001</misses>
				<total>106</total>
				<timestamp>190.709824</timestamp>
			</report>
			<report>
				<misses>3100001</misses>
				<total>106</total>
				<timestamp>197.053885</timestamp>
			</report>
			<report>
				<misses>3200001</misses>
				<total>106</total>
				<timestamp>203.396543</timestamp>
			</report>
			<report>
				<misses>3300001</misses>
				<total>106</total>
				<timestamp>209.733871</timestamp>
			</report>
			<report>
				<misses>3400001</misses>
				<total>106</total>
				<timestamp>216.083186</timestamp>
			</report>
			<report>
				<misses>3500001</misses>
				<total>106</total>
				<timestamp>222.435722</timestamp>
			</report>
			<report>
				<misses>3600001</misses>
				<total>142</total>
				<timestamp>228.775202</timestamp>
			</report>
			<report>
				<misses>3700001</misses>
				<total>142</total>
				<timestamp>235.102629</timestamp>
			</report>
			<report>
				<misses>3800001</misses>
				<total>142</total>
				<timestamp>241.452498</timestamp>
			</report>
			<report>
				<misses>3900001</misses>
				<total>142</total>
				<timestamp>247.798991</timestamp>
			</report>
			<report>
				<misses>4000001</misses>
				<total>142</total>
				<timestamp>254.144149</timestamp>
			</report>
			<report>
				<misses>4100001</misses>
				<total>142</total>
				<timestamp>260.493496</timestamp>
			</report>
			<report>
				<misses>4200001</misses>
				<total>142</total>
				<timestamp>266.821546</timestamp>
			</report>
			<report>
				<misses>4300001</misses>
				<total>142</total>
				<timestamp>273.165616</timestamp>
			</report>
			<report>
				<misses>4400001</misses>
				<total>142</total>
				<timestamp>279.506279</timestamp>
			</report>
			<report>
				<misses>4500001</misses>
				<total>142</total>
				<timestamp>285.833920</timestamp>
			</report>
			<report>
				<misses>4600001</misses>
				<total>181</total>
				<timestamp>292.176719</timestamp>
			</report>
			<report>
				<misses>4700001</misses>
				<total>181</total>
				<timestamp>298.521970</timestamp>
			</report>
		</query>
	</custom>
	<ethtool_statistic>
		<rx_packets>
			<start>51382291</start>
			<end>97197215</end>
		</rx_packets>
		<tx_packets>
			<start>65459352</start>
			<end>103240540</end>
		</tx_packets>
		<rx_dropped>
			<start>0</start>
			<end>0</end>
		</rx_dropped>
		<tx_dropped>
			<start>0</start>
			<end>0</end>
		</tx_dropped>
		<collisions>
			<start>0</start>
			<end>0</end>
		</collisions>
		<port_tx_errors>
			<start>0</start>
			<end>0</end>
		</port_tx_errors>
		<port_rx_dropped>
			<start>0</start>
			<end>0</end>
		</port_rx_dropped>
		<port_tx_dropped_link_down>
			<start>0</start>
			<end>0</end>
		</port_tx_dropped_link_down>
	</ethtool_statistic>
	<ip_statistic>
		<mtu>
			<start>9000</start>
			<end>9000</end>
		</mtu>
		<rx_bytes>
			<start>209797288454</start>
			<end>583646064072</end>
		</rx_bytes>
		<rx_packets>
			<start>51382291</start>
			<end>97197215</end>
		</rx_packets>
		<rx_errors>
			<start>0</start>
			<end>0</end>
		</rx_errors>
		<rx_dropped>
			<start>0</start>
			<end>0</end>
		</rx_dropped>
		<rx_missed>
			<start>0</start>
			<end>0</end>
		</rx_missed>
		<rx_mcast>
			<start>4</start>
			<end>4</end>
		</rx_mcast>
		<tx_bytes>
			<start>262340352025</start>
			<end>570633840597</end>
		</tx_bytes>
		<tx_packets>
			<start>65459352</start>
			<end>103240540</end>
		</tx_packets>
		<tx_errors>
			<start>0</start>
			<end>0</end>
		</tx_errors>
		<tx_dropped>
			<start>0</start>
			<end>0</end>
		</tx_dropped>
		<tx_carrier>
			<start>0</start>
			<end>0</end>
		</tx_carrier>
		<tx_collisions>
			<start>0</start>
			<end>0</end>
		</tx_collisions>
	</ip_statistic>
	<netstat_statistic>
		<udp_pkg_rec>
			<start>528686622</start>
			<end>568967092</end>
		</udp_pkg_rec>
		<udp_pkg_snt>
			<start>522372231</start>
			<end>560131602</end>
		</udp_pkg_snt>
		<udp_rec_err>
			<start>0</start>
			<end>0</end>
		</udp_rec_err>
		<udp_rec_buf_err>
			<start>0</start>
			<end>0</end>
		</udp_rec_buf_err>
		<udp_snt_buf_err>
			<start>0</start>
			<end>0</end>
		</udp_snt_buf_err>
	</netstat_statistic>
</test_results>
