<?xml version="1.0"?>
<test_results>
	<status>STATUS_SUCCESS</status>
	<custom>
		<num_loss>76</num_loss>
		<num_total>13000001</num_total>
		<num_misses>19</num_misses>
		<elapsed_time>2210.001295</elapsed_time>
	</custom>
	<ethtool_statistic>
		<rx_packets>
			<start>14117346986</start>
			<end>14207073871</end>
		</rx_packets>
		<tx_packets>
			<start>18788524294</start>
			<end>18954411277</end>
		</tx_packets>
		<rx_dropped>
			<start>0</start>
			<end>0</end>
		</rx_dropped>
		<tx_dropped>
			<start>0</start>
			<end>0</end>
		</tx_dropped>
		<collisions>
			<start>0</start>
			<end>0</end>
		</collisions>
		<port_tx_errors>
			<start>-1</start>
			<end>-1</end>
		</port_tx_errors>
		<port_rx_dropped>
			<start>-1</start>
			<end>-1</end>
		</port_rx_dropped>
		<port_tx_dropped_link_down>
			<start>-1</start>
			<end>-1</end>
		</port_tx_dropped_link_down>
	</ethtool_statistic>
	<ip_statistic>
		<mtu>
			<start>9000</start>
			<end>9000</end>
		</mtu>
		<rx_bytes>
			<start>126869520654701</start>
			<end>127676157653623</end>
		</rx_bytes>
		<rx_packets>
			<start>14117347109</start>
			<end>14207073941</end>
		</rx_packets>
		<rx_errors>
			<start>0</start>
			<end>0</end>
		</rx_errors>
		<rx_dropped>
			<start>0</start>
			<end>0</end>
		</rx_dropped>
		<rx_missed>
			<start>1757</start>
			<end>1757</end>
		</rx_missed>
		<rx_mcast>
			<start>9413</start>
			<end>9449</end>
		</rx_mcast>
		<tx_bytes>
			<start>152187382473550</start>
			<end>153592381576155</end>
		</tx_bytes>
		<tx_packets>
			<start>18788524294</start>
			<end>18954411337</end>
		</tx_packets>
		<tx_errors>
			<start>0</start>
			<end>0</end>
		</tx_errors>
		<tx_dropped>
			<start>0</start>
			<end>0</end>
		</tx_dropped>
		<tx_carrier>
			<start>0</start>
			<end>0</end>
		</tx_carrier>
		<tx_collisions>
			<start>0</start>
			<end>0</end>
		</tx_collisions>
	</ip_statistic>
</test_results>
