<?xml version="1.0"?>
<test_results>
	<status>STATUS_SUCCESS</status>
	<custom>
		<num_loss>1911416</num_loss>
		<num_total>2000001</num_total>
		<num_misses>422</num_misses>
		<elapsed_time>180.020212</elapsed_time>
		<query>
			<report>
				<misses>10000</misses>
				<total>3122</total>
			</report>
			<report>
				<misses>20000</misses>
				<total>13121</total>
			</report>
			<report>
				<misses>30000</misses>
				<total>23120</total>
			</report>
			<report>
				<misses>40000</misses>
				<total>33119</total>
			</report>
			<report>
				<misses>50000</misses>
				<total>43118</total>
			</report>
			<report>
				<misses>60000</misses>
				<total>53117</total>
			</report>
			<report>
				<misses>70000</misses>
				<total>63116</total>
			</report>
			<report>
				<misses>80000</misses>
				<total>73115</total>
			</report>
			<report>
				<misses>90000</misses>
				<total>83114</total>
			</report>
			<report>
				<misses>100000</misses>
				<total>93113</total>
			</report>
			<report>
				<misses>110000</misses>
				<total>103112</total>
			</report>
			<report>
				<misses>120000</misses>
				<total>113111</total>
			</report>
			<report>
				<misses>130000</misses>
				<total>123110</total>
			</report>
			<report>
				<misses>140000</misses>
				<total>133109</total>
			</report>
			<report>
				<misses>150000</misses>
				<total>143108</total>
			</report>
			<report>
				<misses>160000</misses>
				<total>153107</total>
			</report>
			<report>
				<misses>170000</misses>
				<total>163106</total>
			</report>
			<report>
				<misses>180000</misses>
				<total>173105</total>
			</report>
			<report>
				<misses>190000</misses>
				<total>183104</total>
			</report>
			<report>
				<misses>200000</misses>
				<total>193103</total>
			</report>
			<report>
				<misses>210000</misses>
				<total>203102</total>
			</report>
			<report>
				<misses>220000</misses>
				<total>213101</total>
			</report>
			<report>
				<misses>230000</misses>
				<total>223100</total>
			</report>
			<report>
				<misses>240000</misses>
				<total>233099</total>
			</report>
			<report>
				<misses>250000</misses>
				<total>243098</total>
			</report>
			<report>
				<misses>260000</misses>
				<total>253097</total>
			</report>
			<report>
				<misses>270000</misses>
				<total>263096</total>
			</report>
			<report>
				<misses>280000</misses>
				<total>273095</total>
			</report>
			<report>
				<misses>290000</misses>
				<total>283094</total>
			</report>
			<report>
				<misses>300000</misses>
				<total>293093</total>
			</report>
			<report>
				<misses>310000</misses>
				<total>298255</total>
			</report>
			<report>
				<misses>320000</misses>
				<total>298289</total>
			</report>
			<report>
				<misses>330000</misses>
				<total>304284</total>
			</report>
			<report>
				<misses>340000</misses>
				<total>314283</total>
			</report>
			<report>
				<misses>350000</misses>
				<total>324282</total>
			</report>
			<report>
				<misses>360000</misses>
				<total>334281</total>
			</report>
			<report>
				<misses>370000</misses>
				<total>344280</total>
			</report>
			<report>
				<misses>380000</misses>
				<total>354279</total>
			</report>
			<report>
				<misses>390000</misses>
				<total>364278</total>
			</report>
			<report>
				<misses>400000</misses>
				<total>374277</total>
			</report>
			<report>
				<misses>410000</misses>
				<total>384276</total>
			</report>
			<report>
				<misses>420000</misses>
				<total>394275</total>
			</report>
			<report>
				<misses>430000</misses>
				<total>404274</total>
			</report>
			<report>
				<misses>440000</misses>
				<total>414273</total>
			</report>
			<report>
				<misses>450000</misses>
				<total>424272</total>
			</report>
			<report>
				<misses>460000</misses>
				<total>434271</total>
			</report>
			<report>
				<misses>470000</misses>
				<total>444270</total>
			</report>
			<report>
				<misses>480000</misses>
				<total>454269</total>
			</report>
			<report>
				<misses>490000</misses>
				<total>464268</total>
			</report>
			<report>
				<misses>500000</misses>
				<total>474267</total>
			</report>
			<report>
				<misses>510000</misses>
				<total>484266</total>
			</report>
			<report>
				<misses>520000</misses>
				<total>494265</total>
			</report>
			<report>
				<misses>530000</misses>
				<total>504264</total>
			</report>
			<report>
				<misses>540000</misses>
				<total>514263</total>
			</report>
			<report>
				<misses>550000</misses>
				<total>524262</total>
			</report>
			<report>
				<misses>560000</misses>
				<total>534261</total>
			</report>
			<report>
				<misses>570000</misses>
				<total>544260</total>
			</report>
			<report>
				<misses>580000</misses>
				<total>554259</total>
			</report>
			<report>
				<misses>590000</misses>
				<total>564258</total>
			</report>
			<report>
				<misses>600000</misses>
				<total>574257</total>
			</report>
			<report>
				<misses>610000</misses>
				<total>584234</total>
			</report>
			<report>
				<misses>620000</misses>
				<total>589236</total>
			</report>
			<report>
				<misses>630000</misses>
				<total>594382</total>
			</report>
			<report>
				<misses>640000</misses>
				<total>600244</total>
			</report>
			<report>
				<misses>650000</misses>
				<total>610243</total>
			</report>
			<report>
				<misses>660000</misses>
				<total>620242</total>
			</report>
			<report>
				<misses>670000</misses>
				<total>630241</total>
			</report>
			<report>
				<misses>680000</misses>
				<total>640240</total>
			</report>
			<report>
				<misses>690000</misses>
				<total>650239</total>
			</report>
			<report>
				<misses>700000</misses>
				<total>660238</total>
			</report>
			<report>
				<misses>710000</misses>
				<total>670237</total>
			</report>
			<report>
				<misses>720000</misses>
				<total>680236</total>
			</report>
			<report>
				<misses>730000</misses>
				<total>690235</total>
			</report>
			<report>
				<misses>740000</misses>
				<total>700234</total>
			</report>
			<report>
				<misses>750000</misses>
				<total>710233</total>
			</report>
			<report>
				<misses>760000</misses>
				<total>720232</total>
			</report>
			<report>
				<misses>770000</misses>
				<total>730231</total>
			</report>
			<report>
				<misses>780000</misses>
				<total>740230</total>
			</report>
			<report>
				<misses>790000</misses>
				<total>750229</total>
			</report>
			<report>
				<misses>800000</misses>
				<total>760228</total>
			</report>
			<report>
				<misses>810000</misses>
				<total>770227</total>
			</report>
			<report>
				<misses>820000</misses>
				<total>780226</total>
			</report>
			<report>
				<misses>830000</misses>
				<total>790225</total>
			</report>
			<report>
				<misses>840000</misses>
				<total>800224</total>
			</report>
			<report>
				<misses>850000</misses>
				<total>810223</total>
			</report>
			<report>
				<misses>860000</misses>
				<total>820222</total>
			</report>
			<report>
				<misses>870000</misses>
				<total>830221</total>
			</report>
			<report>
				<misses>880000</misses>
				<total>840220</total>
			</report>
			<report>
				<misses>890000</misses>
				<total>850219</total>
			</report>
			<report>
				<misses>900000</misses>
				<total>860218</total>
			</report>
			<report>
				<misses>910000</misses>
				<total>870217</total>
			</report>
			<report>
				<misses>920000</misses>
				<total>874070</total>
			</report>
			<report>
				<misses>930000</misses>
				<total>880297</total>
			</report>
			<report>
				<misses>940000</misses>
				<total>889051</total>
			</report>
			<report>
				<misses>950000</misses>
				<total>899050</total>
			</report>
			<report>
				<misses>960000</misses>
				<total>909049</total>
			</report>
			<report>
				<misses>970000</misses>
				<total>919048</total>
			</report>
			<report>
				<misses>980000</misses>
				<total>929047</total>
			</report>
			<report>
				<misses>990000</misses>
				<total>939046</total>
			</report>
			<report>
				<misses>1000000</misses>
				<total>949045</total>
			</report>
			<report>
				<misses>1010000</misses>
				<total>959044</total>
			</report>
			<report>
				<misses>1020000</misses>
				<total>969043</total>
			</report>
			<report>
				<misses>1030000</misses>
				<total>979042</total>
			</report>
			<report>
				<misses>1040000</misses>
				<total>989041</total>
			</report>
			<report>
				<misses>1050000</misses>
				<total>999040</total>
			</report>
			<report>
				<misses>1060000</misses>
				<total>1009039</total>
			</report>
			<report>
				<misses>1070000</misses>
				<total>1019038</total>
			</report>
			<report>
				<misses>1080000</misses>
				<total>1029037</total>
			</report>
			<report>
				<misses>1090000</misses>
				<total>1039036</total>
			</report>
			<report>
				<misses>1100000</misses>
				<total>1049035</total>
			</report>
			<report>
				<misses>1110000</misses>
				<total>1059034</total>
			</report>
			<report>
				<misses>1120000</misses>
				<total>1069033</total>
			</report>
			<report>
				<misses>1130000</misses>
				<total>1079032</total>
			</report>
			<report>
				<misses>1140000</misses>
				<total>1089031</total>
			</report>
			<report>
				<misses>1150000</misses>
				<total>1099030</total>
			</report>
			<report>
				<misses>1160000</misses>
				<total>1109029</total>
			</report>
			<report>
				<misses>1170000</misses>
				<total>1119028</total>
			</report>
			<report>
				<misses>1180000</misses>
				<total>1129027</total>
			</report>
			<report>
				<misses>1190000</misses>
				<total>1139026</total>
			</report>
			<report>
				<misses>1200000</misses>
				<total>1149025</total>
			</report>
			<report>
				<misses>1210000</misses>
				<total>1159024</total>
			</report>
			<report>
				<misses>1220000</misses>
				<total>1168994</total>
			</report>
			<report>
				<misses>1230000</misses>
				<total>1178327</total>
			</report>
			<report>
				<misses>1240000</misses>
				<total>1184007</total>
			</report>
			<report>
				<misses>1250000</misses>
				<total>1193746</total>
			</report>
			<report>
				<misses>1260000</misses>
				<total>1203745</total>
			</report>
			<report>
				<misses>1270000</misses>
				<total>1213744</total>
			</report>
			<report>
				<misses>1280000</misses>
				<total>1223743</total>
			</report>
			<report>
				<misses>1290000</misses>
				<total>1233742</total>
			</report>
			<report>
				<misses>1300000</misses>
				<total>1243741</total>
			</report>
			<report>
				<misses>1310000</misses>
				<total>1253740</total>
			</report>
			<report>
				<misses>1320000</misses>
				<total>1263739</total>
			</report>
			<report>
				<misses>1330000</misses>
				<total>1273738</total>
			</report>
			<report>
				<misses>1340000</misses>
				<total>1283737</total>
			</report>
			<report>
				<misses>1350000</misses>
				<total>1293736</total>
			</report>
			<report>
				<misses>1360000</misses>
				<total>1303735</total>
			</report>
			<report>
				<misses>1370000</misses>
				<total>1313734</total>
			</report>
			<report>
				<misses>1380000</misses>
				<total>1323733</total>
			</report>
			<report>
				<misses>1390000</misses>
				<total>1333732</total>
			</report>
			<report>
				<misses>1400000</misses>
				<total>1343731</total>
			</report>
			<report>
				<misses>1410000</misses>
				<total>1353730</total>
			</report>
			<report>
				<misses>1420000</misses>
				<total>1363729</total>
			</report>
			<report>
				<misses>1430000</misses>
				<total>1373728</total>
			</report>
			<report>
				<misses>1440000</misses>
				<total>1383727</total>
			</report>
			<report>
				<misses>1450000</misses>
				<total>1393726</total>
			</report>
			<report>
				<misses>1460000</misses>
				<total>1403725</total>
			</report>
			<report>
				<misses>1470000</misses>
				<total>1413724</total>
			</report>
			<report>
				<misses>1480000</misses>
				<total>1423723</total>
			</report>
			<report>
				<misses>1490000</misses>
				<total>1433722</total>
			</report>
			<report>
				<misses>1500000</misses>
				<total>1443721</total>
			</report>
			<report>
				<misses>1510000</misses>
				<total>1453720</total>
			</report>
			<report>
				<misses>1520000</misses>
				<total>1463719</total>
			</report>
			<report>
				<misses>1530000</misses>
				<total>1469732</total>
			</report>
			<report>
				<misses>1540000</misses>
				<total>1471112</total>
			</report>
			<report>
				<misses>1550000</misses>
				<total>1474704</total>
			</report>
			<report>
				<misses>1560000</misses>
				<total>1484703</total>
			</report>
			<report>
				<misses>1570000</misses>
				<total>1494702</total>
			</report>
			<report>
				<misses>1580000</misses>
				<total>1504701</total>
			</report>
			<report>
				<misses>1590000</misses>
				<total>1514700</total>
			</report>
			<report>
				<misses>1600000</misses>
				<total>1524699</total>
			</report>
			<report>
				<misses>1610000</misses>
				<total>1534698</total>
			</report>
			<report>
				<misses>1620000</misses>
				<total>1544697</total>
			</report>
			<report>
				<misses>1630000</misses>
				<total>1554696</total>
			</report>
			<report>
				<misses>1640000</misses>
				<total>1564695</total>
			</report>
			<report>
				<misses>1650000</misses>
				<total>1574694</total>
			</report>
			<report>
				<misses>1660000</misses>
				<total>1584693</total>
			</report>
			<report>
				<misses>1670000</misses>
				<total>1594692</total>
			</report>
			<report>
				<misses>1680000</misses>
				<total>1604691</total>
			</report>
			<report>
				<misses>1690000</misses>
				<total>1614690</total>
			</report>
			<report>
				<misses>1700000</misses>
				<total>1624689</total>
			</report>
			<report>
				<misses>1710000</misses>
				<total>1634688</total>
			</report>
			<report>
				<misses>1720000</misses>
				<total>1644687</total>
			</report>
			<report>
				<misses>1730000</misses>
				<total>1654686</total>
			</report>
			<report>
				<misses>1740000</misses>
				<total>1664685</total>
			</report>
			<report>
				<misses>1750000</misses>
				<total>1674684</total>
			</report>
			<report>
				<misses>1760000</misses>
				<total>1684683</total>
			</report>
			<report>
				<misses>1770000</misses>
				<total>1694682</total>
			</report>
			<report>
				<misses>1780000</misses>
				<total>1704681</total>
			</report>
			<report>
				<misses>1790000</misses>
				<total>1714680</total>
			</report>
			<report>
				<misses>1800000</misses>
				<total>1724679</total>
			</report>
			<report>
				<misses>1810000</misses>
				<total>1734678</total>
			</report>
			<report>
				<misses>1820000</misses>
				<total>1744677</total>
			</report>
			<report>
				<misses>1830000</misses>
				<total>1753010</total>
			</report>
			<report>
				<misses>1840000</misses>
				<total>1761530</total>
			</report>
			<report>
				<misses>1850000</misses>
				<total>1764054</total>
			</report>
			<report>
				<misses>1860000</misses>
				<total>1771430</total>
			</report>
			<report>
				<misses>1870000</misses>
				<total>1781429</total>
			</report>
			<report>
				<misses>1880000</misses>
				<total>1791428</total>
			</report>
			<report>
				<misses>1890000</misses>
				<total>1801427</total>
			</report>
			<report>
				<misses>1900000</misses>
				<total>1811426</total>
			</report>
			<report>
				<misses>1910000</misses>
				<total>1821425</total>
			</report>
			<report>
				<misses>1920000</misses>
				<total>1831424</total>
			</report>
			<report>
				<misses>1930000</misses>
				<total>1841423</total>
			</report>
			<report>
				<misses>1940000</misses>
				<total>1851422</total>
			</report>
			<report>
				<misses>1950000</misses>
				<total>1861421</total>
			</report>
			<report>
				<misses>1960000</misses>
				<total>1871420</total>
			</report>
			<report>
				<misses>1970000</misses>
				<total>1881419</total>
			</report>
			<report>
				<misses>1980000</misses>
				<total>1891418</total>
			</report>
			<report>
				<misses>1990000</misses>
				<total>1901417</total>
			</report>
			<report>
				<misses>2000000</misses>
				<total>1911416</total>
			</report>
		</query>
	</custom>
	<ethtool_statistic>
		<rx_packets>
			<start>17172467399</start>
			<end>17181078473</end>
		</rx_packets>
		<tx_packets>
			<start>20158809224</start>
			<end>20179972139</end>
		</tx_packets>
		<rx_dropped>
			<start>267</start>
			<end>267</end>
		</rx_dropped>
		<tx_dropped>
			<start>0</start>
			<end>0</end>
		</tx_dropped>
		<collisions>
			<start>0</start>
			<end>0</end>
		</collisions>
		<port_tx_errors>
			<start>0</start>
			<end>0</end>
		</port_tx_errors>
		<port_rx_dropped>
			<start>0</start>
			<end>0</end>
		</port_rx_dropped>
		<port_tx_dropped_link_down>
			<start>0</start>
			<end>0</end>
		</port_tx_dropped_link_down>
	</ethtool_statistic>
	<ip_statistic>
		<mtu>
			<start>9000</start>
			<end>9000</end>
		</mtu>
		<rx_bytes>
			<start>154367340818946</start>
			<end>154444751481970</end>
		</rx_bytes>
		<rx_packets>
			<start>17172467487</start>
			<end>17181078579</end>
		</rx_packets>
		<rx_errors>
			<start>0</start>
			<end>0</end>
		</rx_errors>
		<rx_dropped>
			<start>273</start>
			<end>273</end>
		</rx_dropped>
		<rx_missed>
			<start>0</start>
			<end>0</end>
		</rx_missed>
		<rx_mcast>
			<start>12399</start>
			<end>12403</end>
		</rx_mcast>
		<tx_bytes>
			<start>137343895390969</start>
			<end>137520868708079</end>
		</tx_bytes>
		<tx_packets>
			<start>20158809278</start>
			<end>20179972180</end>
		</tx_packets>
		<tx_errors>
			<start>0</start>
			<end>0</end>
		</tx_errors>
		<tx_dropped>
			<start>0</start>
			<end>0</end>
		</tx_dropped>
		<tx_carrier>
			<start>0</start>
			<end>0</end>
		</tx_carrier>
		<tx_collisions>
			<start>0</start>
			<end>0</end>
		</tx_collisions>
	</ip_statistic>
	<netstat_statistic>
		<udp_pkg_rec>
			<start>16891586717</start>
			<end>16899846039</end>
		</udp_pkg_rec>
		<udp_pkg_snt>
			<start>16843035606</start>
			<end>16850200271</end>
		</udp_pkg_snt>
		<udp_rec_err>
			<start>282876857</start>
			<end>283228484</end>
		</udp_rec_err>
		<udp_rec_buf_err>
			<start>282876857</start>
			<end>283228484</end>
		</udp_rec_buf_err>
		<udp_snt_buf_err>
			<start>28</start>
			<end>28</end>
		</udp_snt_buf_err>
	</netstat_statistic>
</test_results>
