<?xml version="1.0"?>
<test_results>
	<status>STATUS_SUCCESS</status>
	<custom>
		<num_loss>512719</num_loss>
		<num_total>328000001</num_total>
		<num_misses>75801158</num_misses>
		<elapsed_time>5047.510771</elapsed_time>
	</custom>
	<ethtool_statistic>
		<rx_packets>
			<start>9990607485</start>
			<end>10195026858</end>
		</rx_packets>
		<tx_packets>
			<start>11822547179</start>
			<end>12332403416</end>
		</tx_packets>
		<rx_dropped>
			<start>0</start>
			<end>0</end>
		</rx_dropped>
		<tx_dropped>
			<start>0</start>
			<end>0</end>
		</tx_dropped>
		<collisions>
			<start>0</start>
			<end>0</end>
		</collisions>
		<port_tx_errors>
			<start>-1</start>
			<end>-1</end>
		</port_tx_errors>
		<port_rx_dropped>
			<start>-1</start>
			<end>-1</end>
		</port_rx_dropped>
		<port_tx_dropped_link_down>
			<start>-1</start>
			<end>-1</end>
		</port_tx_dropped_link_down>
	</ethtool_statistic>
	<ip_statistic>
		<mtu>
			<start>9000</start>
			<end>9000</end>
		</mtu>
		<rx_bytes>
			<start>89770519652473</start>
			<end>91608229804448</end>
		</rx_bytes>
		<rx_packets>
			<start>9990607542</start>
			<end>10195026969</end>
		</rx_packets>
		<rx_errors>
			<start>0</start>
			<end>0</end>
		</rx_errors>
		<rx_dropped>
			<start>0</start>
			<end>0</end>
		</rx_dropped>
		<rx_missed>
			<start>1619</start>
			<end>1619</end>
		</rx_missed>
		<rx_mcast>
			<start>7446</start>
			<end>7548</end>
		</rx_mcast>
		<tx_bytes>
			<start>101069657428848</start>
			<end>105637529299461</end>
		</tx_bytes>
		<tx_packets>
			<start>11822547277</start>
			<end>12332403531</end>
		</tx_packets>
		<tx_errors>
			<start>0</start>
			<end>0</end>
		</tx_errors>
		<tx_dropped>
			<start>0</start>
			<end>0</end>
		</tx_dropped>
		<tx_carrier>
			<start>0</start>
			<end>0</end>
		</tx_carrier>
		<tx_collisions>
			<start>0</start>
			<end>0</end>
		</tx_collisions>
	</ip_statistic>
</test_results>
