<?xml version="1.0"?>
<test_results>
	<status>STATUS_SUCCESS</status>
	<custom>
		<num_loss>41</num_loss>
		<num_total>359952604</num_total>
		<num_misses>1426</num_misses>
		<elapsed_time>7199.073423</elapsed_time>
	</custom>
	<ethtool_statistic>
		<rx_packets>
			<start>426372919</start>
			<end>761688281</end>
		</rx_packets>
		<tx_packets>
			<start>1061913273</start>
			<end>1623142080</end>
		</tx_packets>
		<rx_dropped>
			<start>63</start>
			<end>63</end>
		</rx_dropped>
		<tx_dropped>
			<start>0</start>
			<end>0</end>
		</tx_dropped>
		<collisions>
			<start>0</start>
			<end>0</end>
		</collisions>
		<port_tx_errors>
			<start>0</start>
			<end>0</end>
		</port_tx_errors>
		<port_rx_dropped>
			<start>0</start>
			<end>0</end>
		</port_rx_dropped>
		<port_tx_dropped_link_down>
			<start>0</start>
			<end>0</end>
		</port_tx_dropped_link_down>
	</ethtool_statistic>
	<ip_statistic>
		<mtu>
			<start>9000</start>
			<end>9000</end>
		</mtu>
		<rx_bytes>
			<start>3825623108643</start>
			<end>6840079416541</end>
		</rx_bytes>
		<rx_packets>
			<start>426373015</start>
			<end>761688391</end>
		</rx_packets>
		<rx_errors>
			<start>0</start>
			<end>0</end>
		</rx_errors>
		<rx_dropped>
			<start>63</start>
			<end>63</end>
		</rx_dropped>
		<rx_missed>
			<start>0</start>
			<end>0</end>
		</rx_missed>
		<rx_mcast>
			<start>1863</start>
			<end>1916</end>
		</rx_mcast>
		<tx_bytes>
			<start>2442030741304</start>
			<end>4295392963610</end>
		</tx_bytes>
		<tx_packets>
			<start>1061913312</start>
			<end>1623142121</end>
		</tx_packets>
		<tx_errors>
			<start>0</start>
			<end>0</end>
		</tx_errors>
		<tx_dropped>
			<start>0</start>
			<end>0</end>
		</tx_dropped>
		<tx_carrier>
			<start>0</start>
			<end>0</end>
		</tx_carrier>
		<tx_collisions>
			<start>0</start>
			<end>0</end>
		</tx_collisions>
	</ip_statistic>
</test_results>
