<?xml version="1.0"?>
<test_results>
	<status>STATUS_UNKNOWN</status>
	<iperf>
		<interval></interval>
		<transfer></transfer>
		<bandwidth></bandwidth>
		<jitter></jitter>
		<num_loss>-1</num_loss>
		<num_total>-1</num_total>
		<startup_message></startup_message>
	</iperf>
	<ethtool_statistic_start rx_packets="-1" tx_packets="-1" rx_dropped="-1" tx_dropped="-1" collisions="-1" port_tx_errors="-1" port_rx_dropped="-1" port_tx_dropped_link_down="-1" />
	<ethtool_statistic_end rx_packets="-1" tx_packets="-1" rx_dropped="-1" tx_dropped="-1" collisions="-1" port_tx_errors="-1" port_rx_dropped="-1" port_tx_dropped_link_down="-1" />
	<ip_statistic_start mtu="-1" rx_bytes="-1" rx_packets="-1" rx_errors="-1" rx_dropped="-1" rx_missed="-1" rx_mcast="-1" tx_bytes="-1" tx_packets="-1" tx_errors="-1" tx_dropped="-1" tx_carrier="-1" tx_collisions="-1" />
	<ip_statistic_end mtu="-1" rx_bytes="-1" rx_packets="-1" rx_errors="-1" rx_dropped="-1" rx_missed="-1" rx_mcast="-1" tx_bytes="-1" tx_packets="-1" tx_errors="-1" tx_dropped="-1" tx_carrier="-1" tx_collisions="-1" />
</test_results>
