<?xml version="1.0"?>
<test_results>
	<status>STATUS_SUCCESS</status>
	<custom>
		<num_loss>540348</num_loss>
		<num_total>1000001</num_total>
		<num_misses>8</num_misses>
		<elapsed_time>130.001150</elapsed_time>
		<query />
	</custom>
	<ethtool_statistic>
		<rx_packets>
			<start>3765711805</start>
			<end>3776585435</end>
		</rx_packets>
		<tx_packets>
			<start>6203664341</start>
			<end>6225786832</end>
		</tx_packets>
		<rx_dropped>
			<start>0</start>
			<end>0</end>
		</rx_dropped>
		<tx_dropped>
			<start>0</start>
			<end>0</end>
		</tx_dropped>
		<collisions>
			<start>0</start>
			<end>0</end>
		</collisions>
		<port_tx_errors>
			<start>0</start>
			<end>0</end>
		</port_tx_errors>
		<port_rx_dropped>
			<start>0</start>
			<end>0</end>
		</port_rx_dropped>
		<port_tx_dropped_link_down>
			<start>0</start>
			<end>0</end>
		</port_tx_dropped_link_down>
	</ethtool_statistic>
	<ip_statistic>
		<mtu>
			<start>9000</start>
			<end>9000</end>
		</mtu>
		<rx_bytes>
			<start>15395132421254</start>
			<end>15439633093264</end>
		</rx_bytes>
		<rx_packets>
			<start>3765712053</start>
			<end>3776585492</end>
		</rx_packets>
		<rx_errors>
			<start>0</start>
			<end>0</end>
		</rx_errors>
		<rx_dropped>
			<start>0</start>
			<end>0</end>
		</rx_dropped>
		<rx_missed>
			<start>0</start>
			<end>0</end>
		</rx_missed>
		<rx_mcast>
			<start>2243</start>
			<end>2243</end>
		</rx_mcast>
		<tx_bytes>
			<start>17876215443197</start>
			<end>17976683568517</end>
		</tx_bytes>
		<tx_packets>
			<start>6203664538</start>
			<end>6225787362</end>
		</tx_packets>
		<tx_errors>
			<start>0</start>
			<end>0</end>
		</tx_errors>
		<tx_dropped>
			<start>0</start>
			<end>0</end>
		</tx_dropped>
		<tx_carrier>
			<start>0</start>
			<end>0</end>
		</tx_carrier>
		<tx_collisions>
			<start>0</start>
			<end>0</end>
		</tx_collisions>
	</ip_statistic>
	<netstat_statistic>
		<udp_pkg_rec>
			<start>3161701938</start>
			<end>3170894149</end>
		</udp_pkg_rec>
		<udp_pkg_snt>
			<start>6148168503</start>
			<end>6163292424</end>
		</udp_pkg_snt>
		<udp_rec_err>
			<start>604696184</start>
			<end>606378254</end>
		</udp_rec_err>
		<udp_rec_buf_err>
			<start>604696184</start>
			<end>606378254</end>
		</udp_rec_buf_err>
		<udp_snt_buf_err>
			<start>0</start>
			<end>0</end>
		</udp_snt_buf_err>
	</netstat_statistic>
</test_results>
