<?xml version="1.0"?>
<test_results>
	<status>STATUS_SUCCESS</status>
	<custom>
		<num_loss>4930031</num_loss>
		<num_total>5000001</num_total>
		<num_misses>3566</num_misses>
		<elapsed_time>400.281513</elapsed_time>
		<query>
			<report>
				<misses>100000</misses>
				<total>95274</total>
				<timestamp>8.006348</timestamp>
			</report>
			<report>
				<misses>200000</misses>
				<total>195273</total>
				<timestamp>16.011564</timestamp>
			</report>
			<report>
				<misses>300000</misses>
				<total>295272</total>
				<timestamp>24.018301</timestamp>
			</report>
			<report>
				<misses>400000</misses>
				<total>391016</total>
				<timestamp>32.028114</timestamp>
			</report>
			<report>
				<misses>500000</misses>
				<total>491015</total>
				<timestamp>40.035611</timestamp>
			</report>
			<report>
				<misses>600000</misses>
				<total>591014</total>
				<timestamp>48.041322</timestamp>
			</report>
			<report>
				<misses>700000</misses>
				<total>688282</total>
				<timestamp>56.047171</timestamp>
			</report>
			<report>
				<misses>800000</misses>
				<total>788281</total>
				<timestamp>64.053455</timestamp>
			</report>
			<report>
				<misses>900000</misses>
				<total>888280</total>
				<timestamp>72.059140</timestamp>
			</report>
			<report>
				<misses>1000000</misses>
				<total>988279</total>
				<timestamp>80.076326</timestamp>
			</report>
			<report>
				<misses>1100000</misses>
				<total>1082154</total>
				<timestamp>88.082574</timestamp>
			</report>
			<report>
				<misses>1200000</misses>
				<total>1182153</total>
				<timestamp>96.095907</timestamp>
			</report>
			<report>
				<misses>1300000</misses>
				<total>1282152</total>
				<timestamp>104.106326</timestamp>
			</report>
			<report>
				<misses>1400000</misses>
				<total>1377805</total>
				<timestamp>112.107950</timestamp>
			</report>
			<report>
				<misses>1500000</misses>
				<total>1477804</total>
				<timestamp>120.114278</timestamp>
			</report>
			<report>
				<misses>1600000</misses>
				<total>1577803</total>
				<timestamp>128.116722</timestamp>
			</report>
			<report>
				<misses>1700000</misses>
				<total>1677802</total>
				<timestamp>136.121796</timestamp>
			</report>
			<report>
				<misses>1800000</misses>
				<total>1774764</total>
				<timestamp>144.126569</timestamp>
			</report>
			<report>
				<misses>1900000</misses>
				<total>1874763</total>
				<timestamp>152.133485</timestamp>
			</report>
			<report>
				<misses>2000000</misses>
				<total>1974762</total>
				<timestamp>160.138282</timestamp>
			</report>
			<report>
				<misses>2100000</misses>
				<total>2070064</total>
				<timestamp>168.143773</timestamp>
			</report>
			<report>
				<misses>2200000</misses>
				<total>2170063</total>
				<timestamp>176.146518</timestamp>
			</report>
			<report>
				<misses>2300000</misses>
				<total>2270062</total>
				<timestamp>184.151487</timestamp>
			</report>
			<report>
				<misses>2400000</misses>
				<total>2368512</total>
				<timestamp>192.155813</timestamp>
			</report>
			<report>
				<misses>2500000</misses>
				<total>2468511</total>
				<timestamp>200.158441</timestamp>
			</report>
			<report>
				<misses>2600000</misses>
				<total>2568510</total>
				<timestamp>208.162695</timestamp>
			</report>
			<report>
				<misses>2700000</misses>
				<total>2668509</total>
				<timestamp>216.168626</timestamp>
			</report>
			<report>
				<misses>2800000</misses>
				<total>2762424</total>
				<timestamp>224.172481</timestamp>
			</report>
			<report>
				<misses>2900000</misses>
				<total>2862423</total>
				<timestamp>232.177446</timestamp>
			</report>
			<report>
				<misses>3000000</misses>
				<total>2962422</total>
				<timestamp>240.190921</timestamp>
			</report>
			<report>
				<misses>3100000</misses>
				<total>3056294</total>
				<timestamp>248.199077</timestamp>
			</report>
			<report>
				<misses>3200000</misses>
				<total>3156293</total>
				<timestamp>256.200769</timestamp>
			</report>
			<report>
				<misses>3300000</misses>
				<total>3256292</total>
				<timestamp>264.202050</timestamp>
			</report>
			<report>
				<misses>3400000</misses>
				<total>3354992</total>
				<timestamp>272.202583</timestamp>
			</report>
			<report>
				<misses>3500000</misses>
				<total>3452206</total>
				<timestamp>280.207857</timestamp>
			</report>
			<report>
				<misses>3600000</misses>
				<total>3552205</total>
				<timestamp>288.212186</timestamp>
			</report>
			<report>
				<misses>3700000</misses>
				<total>3652204</total>
				<timestamp>296.214890</timestamp>
			</report>
			<report>
				<misses>3800000</misses>
				<total>3743790</total>
				<timestamp>304.221867</timestamp>
			</report>
			<report>
				<misses>3900000</misses>
				<total>3843789</total>
				<timestamp>312.224738</timestamp>
			</report>
			<report>
				<misses>4000000</misses>
				<total>3943788</total>
				<timestamp>320.231339</timestamp>
			</report>
			<report>
				<misses>4100000</misses>
				<total>4035255</total>
				<timestamp>328.235708</timestamp>
			</report>
			<report>
				<misses>4200000</misses>
				<total>4135254</total>
				<timestamp>336.240457</timestamp>
			</report>
			<report>
				<misses>4300000</misses>
				<total>4235253</total>
				<timestamp>344.249052</timestamp>
			</report>
			<report>
				<misses>4400000</misses>
				<total>4335252</total>
				<timestamp>352.259840</timestamp>
			</report>
			<report>
				<misses>4500000</misses>
				<total>4432503</total>
				<timestamp>360.263234</timestamp>
			</report>
			<report>
				<misses>4600000</misses>
				<total>4532502</total>
				<timestamp>368.268758</timestamp>
			</report>
			<report>
				<misses>4700000</misses>
				<total>4632501</total>
				<timestamp>376.271632</timestamp>
			</report>
			<report>
				<misses>4800000</misses>
				<total>4730033</total>
				<timestamp>384.274166</timestamp>
			</report>
			<report>
				<misses>4900000</misses>
				<total>4830032</total>
				<timestamp>392.279019</timestamp>
			</report>
			<report>
				<misses>5000000</misses>
				<total>4930031</total>
				<timestamp>400.281487</timestamp>
			</report>
		</query>
	</custom>
	<ethtool_statistic>
		<rx_packets>
			<start>3517953744</start>
			<end>3536819188</end>
		</rx_packets>
		<tx_packets>
			<start>3762812461</start>
			<end>3814132893</end>
		</tx_packets>
		<rx_dropped>
			<start>0</start>
			<end>0</end>
		</rx_dropped>
		<tx_dropped>
			<start>0</start>
			<end>0</end>
		</tx_dropped>
		<collisions>
			<start>0</start>
			<end>0</end>
		</collisions>
		<port_tx_errors>
			<start>0</start>
			<end>0</end>
		</port_tx_errors>
		<port_rx_dropped>
			<start>0</start>
			<end>0</end>
		</port_rx_dropped>
		<port_tx_dropped_link_down>
			<start>0</start>
			<end>0</end>
		</port_tx_dropped_link_down>
	</ethtool_statistic>
	<ip_statistic>
		<mtu>
			<start>9000</start>
			<end>9000</end>
		</mtu>
		<rx_bytes>
			<start>31625211845436</start>
			<end>31794808457633</end>
		</rx_bytes>
		<rx_packets>
			<start>3517953910</start>
			<end>3536819266</end>
		</rx_packets>
		<rx_errors>
			<start>0</start>
			<end>0</end>
		</rx_errors>
		<rx_dropped>
			<start>0</start>
			<end>0</end>
		</rx_dropped>
		<rx_missed>
			<start>0</start>
			<end>0</end>
		</rx_missed>
		<rx_mcast>
			<start>762</start>
			<end>768</end>
		</rx_mcast>
		<tx_bytes>
			<start>21859211466528</start>
			<end>22287380508444</end>
		</tx_bytes>
		<tx_packets>
			<start>3762812516</start>
			<end>3814132929</end>
		</tx_packets>
		<tx_errors>
			<start>0</start>
			<end>0</end>
		</tx_errors>
		<tx_dropped>
			<start>0</start>
			<end>0</end>
		</tx_dropped>
		<tx_carrier>
			<start>0</start>
			<end>0</end>
		</tx_carrier>
		<tx_collisions>
			<start>0</start>
			<end>0</end>
		</tx_collisions>
	</ip_statistic>
	<netstat_statistic>
		<udp_pkg_rec>
			<start>3321499185</start>
			<end>3339582274</end>
		</udp_pkg_rec>
		<udp_pkg_snt>
			<start>3676318441</start>
			<end>3692642470</end>
		</udp_pkg_snt>
		<udp_rec_err>
			<start>196759289</start>
			<end>197543667</end>
		</udp_rec_err>
		<udp_rec_buf_err>
			<start>196759289</start>
			<end>197543667</end>
		</udp_rec_buf_err>
		<udp_snt_buf_err>
			<start>0</start>
			<end>0</end>
		</udp_snt_buf_err>
	</netstat_statistic>
</test_results>
