<?xml version="1.0"?>
<test_results>
	<status>STATUS_SUCCESS</status>
	<custom>
		<num_loss>51</num_loss>
		<num_total>8800001</num_total>
		<num_misses>98182</num_misses>
		<elapsed_time>622.866796</elapsed_time>
		<query>
			<report>
				<misses>100000</misses>
				<total>2</total>
				<timestamp>7.099763</timestamp>
			</report>
			<report>
				<misses>200000</misses>
				<total>2</total>
				<timestamp>14.140002</timestamp>
			</report>
			<report>
				<misses>300000</misses>
				<total>2</total>
				<timestamp>21.218290</timestamp>
			</report>
			<report>
				<misses>400000</misses>
				<total>2</total>
				<timestamp>28.323655</timestamp>
			</report>
			<report>
				<misses>500000</misses>
				<total>2</total>
				<timestamp>35.370371</timestamp>
			</report>
			<report>
				<misses>600000</misses>
				<total>2</total>
				<timestamp>42.446338</timestamp>
			</report>
			<report>
				<misses>700000</misses>
				<total>2</total>
				<timestamp>49.508430</timestamp>
			</report>
			<report>
				<misses>800000</misses>
				<total>4</total>
				<timestamp>56.576819</timestamp>
			</report>
			<report>
				<misses>900000</misses>
				<total>6</total>
				<timestamp>63.644648</timestamp>
			</report>
			<report>
				<misses>1000000</misses>
				<total>6</total>
				<timestamp>70.690634</timestamp>
			</report>
			<report>
				<misses>1100000</misses>
				<total>6</total>
				<timestamp>77.770308</timestamp>
			</report>
			<report>
				<misses>1200000</misses>
				<total>6</total>
				<timestamp>84.827056</timestamp>
			</report>
			<report>
				<misses>1300000</misses>
				<total>7</total>
				<timestamp>91.904477</timestamp>
			</report>
			<report>
				<misses>1400000</misses>
				<total>7</total>
				<timestamp>99.017130</timestamp>
			</report>
			<report>
				<misses>1500000</misses>
				<total>8</total>
				<timestamp>106.082625</timestamp>
			</report>
			<report>
				<misses>1600000</misses>
				<total>9</total>
				<timestamp>113.149759</timestamp>
			</report>
			<report>
				<misses>1700000</misses>
				<total>8</total>
				<timestamp>120.212868</timestamp>
			</report>
			<report>
				<misses>1800000</misses>
				<total>11</total>
				<timestamp>127.271665</timestamp>
			</report>
			<report>
				<misses>1900000</misses>
				<total>11</total>
				<timestamp>134.350412</timestamp>
			</report>
			<report>
				<misses>2000000</misses>
				<total>12</total>
				<timestamp>141.397496</timestamp>
			</report>
			<report>
				<misses>2100000</misses>
				<total>13</total>
				<timestamp>148.513570</timestamp>
			</report>
			<report>
				<misses>2200000</misses>
				<total>13</total>
				<timestamp>155.633826</timestamp>
			</report>
			<report>
				<misses>2300000</misses>
				<total>14</total>
				<timestamp>162.760273</timestamp>
			</report>
			<report>
				<misses>2400000</misses>
				<total>15</total>
				<timestamp>169.805581</timestamp>
			</report>
			<report>
				<misses>2500000</misses>
				<total>16</total>
				<timestamp>176.874057</timestamp>
			</report>
			<report>
				<misses>2600000</misses>
				<total>18</total>
				<timestamp>183.942318</timestamp>
			</report>
			<report>
				<misses>2700000</misses>
				<total>18</total>
				<timestamp>190.994593</timestamp>
			</report>
			<report>
				<misses>2800000</misses>
				<total>18</total>
				<timestamp>198.080658</timestamp>
			</report>
			<report>
				<misses>2900000</misses>
				<total>19</total>
				<timestamp>205.192975</timestamp>
			</report>
			<report>
				<misses>3000000</misses>
				<total>20</total>
				<timestamp>212.249196</timestamp>
			</report>
			<report>
				<misses>3100000</misses>
				<total>21</total>
				<timestamp>219.344304</timestamp>
			</report>
			<report>
				<misses>3200000</misses>
				<total>22</total>
				<timestamp>226.387850</timestamp>
			</report>
			<report>
				<misses>3300000</misses>
				<total>22</total>
				<timestamp>233.495656</timestamp>
			</report>
			<report>
				<misses>3400000</misses>
				<total>23</total>
				<timestamp>240.594934</timestamp>
			</report>
			<report>
				<misses>3500000</misses>
				<total>22</total>
				<timestamp>247.705170</timestamp>
			</report>
			<report>
				<misses>3600000</misses>
				<total>24</total>
				<timestamp>254.825206</timestamp>
			</report>
			<report>
				<misses>3700000</misses>
				<total>26</total>
				<timestamp>261.893311</timestamp>
			</report>
			<report>
				<misses>3800000</misses>
				<total>26</total>
				<timestamp>268.969552</timestamp>
			</report>
			<report>
				<misses>3900000</misses>
				<total>27</total>
				<timestamp>276.061885</timestamp>
			</report>
			<report>
				<misses>4000000</misses>
				<total>27</total>
				<timestamp>283.121690</timestamp>
			</report>
			<report>
				<misses>4100000</misses>
				<total>28</total>
				<timestamp>290.190227</timestamp>
			</report>
			<report>
				<misses>4200000</misses>
				<total>28</total>
				<timestamp>297.254965</timestamp>
			</report>
			<report>
				<misses>4300000</misses>
				<total>28</total>
				<timestamp>304.299475</timestamp>
			</report>
			<report>
				<misses>4400000</misses>
				<total>29</total>
				<timestamp>311.418316</timestamp>
			</report>
			<report>
				<misses>4500000</misses>
				<total>29</total>
				<timestamp>318.563944</timestamp>
			</report>
			<report>
				<misses>4600000</misses>
				<total>29</total>
				<timestamp>325.664634</timestamp>
			</report>
			<report>
				<misses>4700000</misses>
				<total>29</total>
				<timestamp>332.726745</timestamp>
			</report>
			<report>
				<misses>4800000</misses>
				<total>30</total>
				<timestamp>339.814876</timestamp>
			</report>
			<report>
				<misses>4900000</misses>
				<total>30</total>
				<timestamp>346.889855</timestamp>
			</report>
			<report>
				<misses>5000000</misses>
				<total>31</total>
				<timestamp>353.951378</timestamp>
			</report>
			<report>
				<misses>5100000</misses>
				<total>30</total>
				<timestamp>361.064097</timestamp>
			</report>
			<report>
				<misses>5200000</misses>
				<total>33</total>
				<timestamp>368.159554</timestamp>
			</report>
			<report>
				<misses>5300000</misses>
				<total>37</total>
				<timestamp>375.207009</timestamp>
			</report>
			<report>
				<misses>5400000</misses>
				<total>38</total>
				<timestamp>382.266928</timestamp>
			</report>
			<report>
				<misses>5500000</misses>
				<total>38</total>
				<timestamp>389.350831</timestamp>
			</report>
			<report>
				<misses>5600000</misses>
				<total>38</total>
				<timestamp>396.413935</timestamp>
			</report>
			<report>
				<misses>5700000</misses>
				<total>40</total>
				<timestamp>403.502752</timestamp>
			</report>
			<report>
				<misses>5800000</misses>
				<total>40</total>
				<timestamp>410.557935</timestamp>
			</report>
			<report>
				<misses>5900000</misses>
				<total>39</total>
				<timestamp>417.633756</timestamp>
			</report>
			<report>
				<misses>6000000</misses>
				<total>41</total>
				<timestamp>424.689818</timestamp>
			</report>
			<report>
				<misses>6100000</misses>
				<total>41</total>
				<timestamp>431.755566</timestamp>
			</report>
			<report>
				<misses>6200000</misses>
				<total>41</total>
				<timestamp>438.851106</timestamp>
			</report>
			<report>
				<misses>6300000</misses>
				<total>41</total>
				<timestamp>445.960565</timestamp>
			</report>
			<report>
				<misses>6400000</misses>
				<total>41</total>
				<timestamp>453.066059</timestamp>
			</report>
			<report>
				<misses>6500000</misses>
				<total>41</total>
				<timestamp>460.139480</timestamp>
			</report>
			<report>
				<misses>6600000</misses>
				<total>42</total>
				<timestamp>467.210135</timestamp>
			</report>
			<report>
				<misses>6700000</misses>
				<total>42</total>
				<timestamp>474.312040</timestamp>
			</report>
			<report>
				<misses>6800000</misses>
				<total>42</total>
				<timestamp>481.393123</timestamp>
			</report>
			<report>
				<misses>6900000</misses>
				<total>43</total>
				<timestamp>488.444422</timestamp>
			</report>
			<report>
				<misses>7000000</misses>
				<total>43</total>
				<timestamp>495.514338</timestamp>
			</report>
			<report>
				<misses>7100000</misses>
				<total>43</total>
				<timestamp>502.566764</timestamp>
			</report>
			<report>
				<misses>7200000</misses>
				<total>45</total>
				<timestamp>509.635565</timestamp>
			</report>
			<report>
				<misses>7300000</misses>
				<total>47</total>
				<timestamp>516.703970</timestamp>
			</report>
			<report>
				<misses>7400000</misses>
				<total>47</total>
				<timestamp>523.771746</timestamp>
			</report>
			<report>
				<misses>7500000</misses>
				<total>48</total>
				<timestamp>530.859216</timestamp>
			</report>
			<report>
				<misses>7600000</misses>
				<total>48</total>
				<timestamp>537.963692</timestamp>
			</report>
			<report>
				<misses>7700000</misses>
				<total>48</total>
				<timestamp>545.072890</timestamp>
			</report>
			<report>
				<misses>7800000</misses>
				<total>48</total>
				<timestamp>552.119415</timestamp>
			</report>
			<report>
				<misses>7900000</misses>
				<total>48</total>
				<timestamp>559.218341</timestamp>
			</report>
			<report>
				<misses>8000000</misses>
				<total>49</total>
				<timestamp>566.278240</timestamp>
			</report>
			<report>
				<misses>8100000</misses>
				<total>49</total>
				<timestamp>573.364985</timestamp>
			</report>
			<report>
				<misses>8200000</misses>
				<total>49</total>
				<timestamp>580.438676</timestamp>
			</report>
			<report>
				<misses>8300000</misses>
				<total>48</total>
				<timestamp>587.520853</timestamp>
			</report>
			<report>
				<misses>8400000</misses>
				<total>49</total>
				<timestamp>594.620263</timestamp>
			</report>
			<report>
				<misses>8500000</misses>
				<total>49</total>
				<timestamp>601.690188</timestamp>
			</report>
			<report>
				<misses>8600000</misses>
				<total>49</total>
				<timestamp>608.754195</timestamp>
			</report>
			<report>
				<misses>8700000</misses>
				<total>49</total>
				<timestamp>615.815232</timestamp>
			</report>
			<report>
				<misses>8800000</misses>
				<total>52</total>
				<timestamp>622.866774</timestamp>
			</report>
		</query>
	</custom>
	<ethtool_statistic>
		<rx_packets>
			<start>16759</start>
			<end>16885</end>
		</rx_packets>
		<tx_packets>
			<start>4061638417</start>
			<end>4448834711</end>
		</tx_packets>
		<rx_dropped>
			<start>0</start>
			<end>0</end>
		</rx_dropped>
		<tx_dropped>
			<start>0</start>
			<end>0</end>
		</tx_dropped>
		<collisions>
			<start>0</start>
			<end>0</end>
		</collisions>
		<port_tx_errors>
			<start>0</start>
			<end>0</end>
		</port_tx_errors>
		<port_rx_dropped>
			<start>0</start>
			<end>0</end>
		</port_rx_dropped>
		<port_tx_dropped_link_down>
			<start>0</start>
			<end>0</end>
		</port_tx_dropped_link_down>
	</ethtool_statistic>
	<ip_statistic>
		<mtu>
			<start>1500</start>
			<end>1500</end>
		</mtu>
		<rx_bytes>
			<start>1073308</start>
			<end>1081142</end>
		</rx_bytes>
		<rx_packets>
			<start>16759</start>
			<end>16885</end>
		</rx_packets>
		<rx_errors>
			<start>0</start>
			<end>0</end>
		</rx_errors>
		<rx_dropped>
			<start>0</start>
			<end>0</end>
		</rx_dropped>
		<rx_missed>
			<start>0</start>
			<end>0</end>
		</rx_missed>
		<rx_mcast>
			<start>1859</start>
			<end>1863</end>
		</rx_mcast>
		<tx_bytes>
			<start>4245186941722</start>
			<end>4830416361354</end>
		</tx_bytes>
		<tx_packets>
			<start>4061638417</start>
			<end>4448834711</end>
		</tx_packets>
		<tx_errors>
			<start>0</start>
			<end>0</end>
		</tx_errors>
		<tx_dropped>
			<start>0</start>
			<end>0</end>
		</tx_dropped>
		<tx_carrier>
			<start>0</start>
			<end>0</end>
		</tx_carrier>
		<tx_collisions>
			<start>0</start>
			<end>0</end>
		</tx_collisions>
	</ip_statistic>
	<netstat_statistic>
		<udp_pkg_rec>
			<start>1022969893</start>
			<end>1060919264</end>
		</udp_pkg_rec>
		<udp_pkg_snt>
			<start>2520073115</start>
			<end>2573021919</end>
		</udp_pkg_snt>
		<udp_rec_err>
			<start>167436382</start>
			<end>171980275</end>
		</udp_rec_err>
		<udp_rec_buf_err>
			<start>167436382</start>
			<end>171980275</end>
		</udp_rec_buf_err>
		<udp_snt_buf_err>
			<start>0</start>
			<end>0</end>
		</udp_snt_buf_err>
	</netstat_statistic>
</test_results>
