<?xml version="1.0"?>
<test_results>
	<status>STATUS_SUCCESS</status>
	<custom>
		<num_loss>99</num_loss>
		<num_total>5000001</num_total>
		<num_misses>162</num_misses>
		<elapsed_time>350.008014</elapsed_time>
		<query>
			<report>
				<misses>100000</misses>
				<total>1</total>
				<timestamp>7.000022</timestamp>
			</report>
			<report>
				<misses>200000</misses>
				<total>1</total>
				<timestamp>13.999944</timestamp>
			</report>
			<report>
				<misses>300000</misses>
				<total>4</total>
				<timestamp>21.000018</timestamp>
			</report>
			<report>
				<misses>400000</misses>
				<total>14</total>
				<timestamp>28.000822</timestamp>
			</report>
			<report>
				<misses>500000</misses>
				<total>14</total>
				<timestamp>35.001083</timestamp>
			</report>
			<report>
				<misses>600000</misses>
				<total>15</total>
				<timestamp>42.001081</timestamp>
			</report>
			<report>
				<misses>700000</misses>
				<total>17</total>
				<timestamp>49.001090</timestamp>
			</report>
			<report>
				<misses>800000</misses>
				<total>18</total>
				<timestamp>56.001298</timestamp>
			</report>
			<report>
				<misses>900000</misses>
				<total>21</total>
				<timestamp>63.001491</timestamp>
			</report>
			<report>
				<misses>1000000</misses>
				<total>22</total>
				<timestamp>70.001611</timestamp>
			</report>
			<report>
				<misses>1100000</misses>
				<total>26</total>
				<timestamp>77.001635</timestamp>
			</report>
			<report>
				<misses>1200000</misses>
				<total>26</total>
				<timestamp>84.001644</timestamp>
			</report>
			<report>
				<misses>1300000</misses>
				<total>27</total>
				<timestamp>91.002245</timestamp>
			</report>
			<report>
				<misses>1400000</misses>
				<total>27</total>
				<timestamp>98.002512</timestamp>
			</report>
			<report>
				<misses>1500000</misses>
				<total>32</total>
				<timestamp>105.002518</timestamp>
			</report>
			<report>
				<misses>1600000</misses>
				<total>32</total>
				<timestamp>112.002744</timestamp>
			</report>
			<report>
				<misses>1700000</misses>
				<total>47</total>
				<timestamp>119.002966</timestamp>
			</report>
			<report>
				<misses>1800000</misses>
				<total>50</total>
				<timestamp>126.003066</timestamp>
			</report>
			<report>
				<misses>1900000</misses>
				<total>52</total>
				<timestamp>133.002956</timestamp>
			</report>
			<report>
				<misses>2000000</misses>
				<total>52</total>
				<timestamp>140.003597</timestamp>
			</report>
			<report>
				<misses>2100000</misses>
				<total>55</total>
				<timestamp>147.003631</timestamp>
			</report>
			<report>
				<misses>2200000</misses>
				<total>55</total>
				<timestamp>154.003634</timestamp>
			</report>
			<report>
				<misses>2300000</misses>
				<total>57</total>
				<timestamp>161.004295</timestamp>
			</report>
			<report>
				<misses>2400000</misses>
				<total>57</total>
				<timestamp>168.004491</timestamp>
			</report>
			<report>
				<misses>2500000</misses>
				<total>57</total>
				<timestamp>175.004509</timestamp>
			</report>
			<report>
				<misses>2600000</misses>
				<total>57</total>
				<timestamp>182.004808</timestamp>
			</report>
			<report>
				<misses>2700000</misses>
				<total>57</total>
				<timestamp>189.004923</timestamp>
			</report>
			<report>
				<misses>2800000</misses>
				<total>58</total>
				<timestamp>196.004921</timestamp>
			</report>
			<report>
				<misses>2900000</misses>
				<total>58</total>
				<timestamp>203.004865</timestamp>
			</report>
			<report>
				<misses>3000000</misses>
				<total>61</total>
				<timestamp>210.004784</timestamp>
			</report>
			<report>
				<misses>3100000</misses>
				<total>61</total>
				<timestamp>217.004931</timestamp>
			</report>
			<report>
				<misses>3200000</misses>
				<total>63</total>
				<timestamp>224.004869</timestamp>
			</report>
			<report>
				<misses>3300000</misses>
				<total>63</total>
				<timestamp>231.004917</timestamp>
			</report>
			<report>
				<misses>3400000</misses>
				<total>63</total>
				<timestamp>238.004916</timestamp>
			</report>
			<report>
				<misses>3500000</misses>
				<total>66</total>
				<timestamp>245.004861</timestamp>
			</report>
			<report>
				<misses>3600000</misses>
				<total>68</total>
				<timestamp>252.004928</timestamp>
			</report>
			<report>
				<misses>3700000</misses>
				<total>68</total>
				<timestamp>259.004852</timestamp>
			</report>
			<report>
				<misses>3800000</misses>
				<total>75</total>
				<timestamp>266.005414</timestamp>
			</report>
			<report>
				<misses>3900000</misses>
				<total>78</total>
				<timestamp>273.005793</timestamp>
			</report>
			<report>
				<misses>4000000</misses>
				<total>78</total>
				<timestamp>280.005763</timestamp>
			</report>
			<report>
				<misses>4100000</misses>
				<total>89</total>
				<timestamp>287.005832</timestamp>
			</report>
			<report>
				<misses>4200000</misses>
				<total>91</total>
				<timestamp>294.006527</timestamp>
			</report>
			<report>
				<misses>4300000</misses>
				<total>91</total>
				<timestamp>301.006788</timestamp>
			</report>
			<report>
				<misses>4400000</misses>
				<total>91</total>
				<timestamp>308.006885</timestamp>
			</report>
			<report>
				<misses>4500000</misses>
				<total>91</total>
				<timestamp>315.007154</timestamp>
			</report>
			<report>
				<misses>4600000</misses>
				<total>91</total>
				<timestamp>322.007087</timestamp>
			</report>
			<report>
				<misses>4700000</misses>
				<total>92</total>
				<timestamp>329.007647</timestamp>
			</report>
			<report>
				<misses>4800000</misses>
				<total>92</total>
				<timestamp>336.007861</timestamp>
			</report>
			<report>
				<misses>4900000</misses>
				<total>98</total>
				<timestamp>343.007946</timestamp>
			</report>
			<report>
				<misses>5000000</misses>
				<total>99</total>
				<timestamp>350.007985</timestamp>
			</report>
		</query>
	</custom>
	<ethtool_statistic>
		<rx_packets>
			<start>2571260390</start>
			<end>2587780811</end>
		</rx_packets>
		<tx_packets>
			<start>2919385471</start>
			<end>2934301641</end>
		</tx_packets>
		<rx_dropped>
			<start>0</start>
			<end>0</end>
		</rx_dropped>
		<tx_dropped>
			<start>0</start>
			<end>0</end>
		</tx_dropped>
		<collisions>
			<start>0</start>
			<end>0</end>
		</collisions>
		<port_tx_errors>
			<start>0</start>
			<end>0</end>
		</port_tx_errors>
		<port_rx_dropped>
			<start>0</start>
			<end>0</end>
		</port_rx_dropped>
		<port_tx_dropped_link_down>
			<start>0</start>
			<end>0</end>
		</port_tx_dropped_link_down>
	</ethtool_statistic>
	<ip_statistic>
		<mtu>
			<start>9000</start>
			<end>9000</end>
		</mtu>
		<rx_bytes>
			<start>23114999509791</start>
			<end>23263515818949</end>
		</rx_bytes>
		<rx_packets>
			<start>2571260459</start>
			<end>2587780867</end>
		</rx_packets>
		<rx_errors>
			<start>0</start>
			<end>0</end>
		</rx_errors>
		<rx_dropped>
			<start>0</start>
			<end>0</end>
		</rx_dropped>
		<rx_missed>
			<start>0</start>
			<end>0</end>
		</rx_missed>
		<rx_mcast>
			<start>461</start>
			<end>470</end>
		</rx_mcast>
		<tx_bytes>
			<start>14369034875051</start>
			<end>14502889467473</end>
		</tx_bytes>
		<tx_packets>
			<start>2919385521</start>
			<end>2934301694</end>
		</tx_packets>
		<tx_errors>
			<start>0</start>
			<end>0</end>
		</tx_errors>
		<tx_dropped>
			<start>0</start>
			<end>0</end>
		</tx_dropped>
		<tx_carrier>
			<start>0</start>
			<end>0</end>
		</tx_carrier>
		<tx_collisions>
			<start>0</start>
			<end>0</end>
		</tx_collisions>
	</ip_statistic>
	<netstat_statistic>
		<udp_pkg_rec>
			<start>2422407612</start>
			<end>2437829224</end>
		</udp_pkg_rec>
		<udp_pkg_snt>
			<start>2919701321</start>
			<end>2934620195</end>
		</udp_pkg_snt>
		<udp_rec_err>
			<start>149102469</start>
			<end>150203033</end>
		</udp_rec_err>
		<udp_rec_buf_err>
			<start>149102469</start>
			<end>150203033</end>
		</udp_rec_buf_err>
		<udp_snt_buf_err>
			<start>0</start>
			<end>0</end>
		</udp_snt_buf_err>
	</netstat_statistic>
</test_results>
