<?xml version="1.0"?>
<test_results>
	<status>STATUS_SUCCESS</status>
	<custom>
		<num_loss>3657570</num_loss>
		<num_total>5000001</num_total>
		<num_misses>3</num_misses>
		<elapsed_time>899.991746</elapsed_time>
		<query>
			<report>
				<misses>100000</misses>
				<total>51638</total>
				<timestamp>17.999980</timestamp>
			</report>
			<report>
				<misses>200000</misses>
				<total>151637</total>
				<timestamp>36.000176</timestamp>
			</report>
			<report>
				<misses>300000</misses>
				<total>193124</total>
				<timestamp>53.999993</timestamp>
			</report>
			<report>
				<misses>400000</misses>
				<total>252075</total>
				<timestamp>71.999813</timestamp>
			</report>
			<report>
				<misses>500000</misses>
				<total>351777</total>
				<timestamp>89.999610</timestamp>
			</report>
			<report>
				<misses>600000</misses>
				<total>389881</total>
				<timestamp>107.999446</timestamp>
			</report>
			<report>
				<misses>700000</misses>
				<total>466837</total>
				<timestamp>125.999251</timestamp>
			</report>
			<report>
				<misses>800000</misses>
				<total>564124</total>
				<timestamp>143.999108</timestamp>
			</report>
			<report>
				<misses>900000</misses>
				<total>619598</total>
				<timestamp>161.998918</timestamp>
			</report>
			<report>
				<misses>1000000</misses>
				<total>693158</total>
				<timestamp>179.998763</timestamp>
			</report>
			<report>
				<misses>1100000</misses>
				<total>769964</total>
				<timestamp>197.998598</timestamp>
			</report>
			<report>
				<misses>1200000</misses>
				<total>835103</total>
				<timestamp>215.998393</timestamp>
			</report>
			<report>
				<misses>1300000</misses>
				<total>919737</total>
				<timestamp>233.998270</timestamp>
			</report>
			<report>
				<misses>1400000</misses>
				<total>988618</total>
				<timestamp>251.998121</timestamp>
			</report>
			<report>
				<misses>1500000</misses>
				<total>1065904</total>
				<timestamp>269.997862</timestamp>
			</report>
			<report>
				<misses>1600000</misses>
				<total>1161863</total>
				<timestamp>287.997854</timestamp>
			</report>
			<report>
				<misses>1700000</misses>
				<total>1225625</total>
				<timestamp>305.997787</timestamp>
			</report>
			<report>
				<misses>1800000</misses>
				<total>1263430</total>
				<timestamp>323.997448</timestamp>
			</report>
			<report>
				<misses>1900000</misses>
				<total>1359340</total>
				<timestamp>341.997299</timestamp>
			</report>
			<report>
				<misses>2000000</misses>
				<total>1419230</total>
				<timestamp>359.997112</timestamp>
			</report>
			<report>
				<misses>2100000</misses>
				<total>1500957</total>
				<timestamp>377.997008</timestamp>
			</report>
			<report>
				<misses>2200000</misses>
				<total>1600956</total>
				<timestamp>395.996759</timestamp>
			</report>
			<report>
				<misses>2300000</misses>
				<total>1656157</total>
				<timestamp>413.996558</timestamp>
			</report>
			<report>
				<misses>2400000</misses>
				<total>1744323</total>
				<timestamp>431.996403</timestamp>
			</report>
			<report>
				<misses>2500000</misses>
				<total>1832160</total>
				<timestamp>449.996210</timestamp>
			</report>
			<report>
				<misses>2600000</misses>
				<total>1909129</total>
				<timestamp>467.996150</timestamp>
			</report>
			<report>
				<misses>2700000</misses>
				<total>2005373</total>
				<timestamp>485.995834</timestamp>
			</report>
			<report>
				<misses>2800000</misses>
				<total>2059340</total>
				<timestamp>503.995677</timestamp>
			</report>
			<report>
				<misses>2900000</misses>
				<total>2135145</total>
				<timestamp>521.995475</timestamp>
			</report>
			<report>
				<misses>3000000</misses>
				<total>2228876</total>
				<timestamp>539.995328</timestamp>
			</report>
			<report>
				<misses>3100000</misses>
				<total>2296894</total>
				<timestamp>557.995173</timestamp>
			</report>
			<report>
				<misses>3200000</misses>
				<total>2379111</total>
				<timestamp>575.995015</timestamp>
			</report>
			<report>
				<misses>3300000</misses>
				<total>2452061</total>
				<timestamp>593.994842</timestamp>
			</report>
			<report>
				<misses>3400000</misses>
				<total>2509110</total>
				<timestamp>611.994652</timestamp>
			</report>
			<report>
				<misses>3500000</misses>
				<total>2585258</total>
				<timestamp>629.994419</timestamp>
			</report>
			<report>
				<misses>3600000</misses>
				<total>2650897</total>
				<timestamp>647.994228</timestamp>
			</report>
			<report>
				<misses>3700000</misses>
				<total>2727798</total>
				<timestamp>665.994070</timestamp>
			</report>
			<report>
				<misses>3800000</misses>
				<total>2808454</total>
				<timestamp>683.993869</timestamp>
			</report>
			<report>
				<misses>3900000</misses>
				<total>2887148</total>
				<timestamp>701.993684</timestamp>
			</report>
			<report>
				<misses>4000000</misses>
				<total>2943317</total>
				<timestamp>719.993555</timestamp>
			</report>
			<report>
				<misses>4100000</misses>
				<total>3039446</total>
				<timestamp>737.993333</timestamp>
			</report>
			<report>
				<misses>4200000</misses>
				<total>3085787</total>
				<timestamp>755.993145</timestamp>
			</report>
			<report>
				<misses>4300000</misses>
				<total>3139383</total>
				<timestamp>773.992966</timestamp>
			</report>
			<report>
				<misses>4400000</misses>
				<total>3236237</total>
				<timestamp>791.992810</timestamp>
			</report>
			<report>
				<misses>4500000</misses>
				<total>3289720</total>
				<timestamp>809.992624</timestamp>
			</report>
			<report>
				<misses>4600000</misses>
				<total>3375439</total>
				<timestamp>827.992432</timestamp>
			</report>
			<report>
				<misses>4700000</misses>
				<total>3439500</total>
				<timestamp>845.992234</timestamp>
			</report>
			<report>
				<misses>4800000</misses>
				<total>3490709</total>
				<timestamp>863.992076</timestamp>
			</report>
			<report>
				<misses>4900000</misses>
				<total>3587505</total>
				<timestamp>881.991967</timestamp>
			</report>
			<report>
				<misses>5000000</misses>
				<total>3657570</total>
				<timestamp>899.991723</timestamp>
			</report>
		</query>
	</custom>
	<ethtool_statistic>
		<rx_packets>
			<start>3965042401</start>
			<end>4007179191</end>
		</rx_packets>
		<tx_packets>
			<start>5194516245</start>
			<end>5259798399</end>
		</tx_packets>
		<rx_dropped>
			<start>0</start>
			<end>0</end>
		</rx_dropped>
		<tx_dropped>
			<start>0</start>
			<end>0</end>
		</tx_dropped>
		<collisions>
			<start>0</start>
			<end>0</end>
		</collisions>
		<port_tx_errors>
			<start>0</start>
			<end>0</end>
		</port_tx_errors>
		<port_rx_dropped>
			<start>0</start>
			<end>0</end>
		</port_rx_dropped>
		<port_tx_dropped_link_down>
			<start>0</start>
			<end>0</end>
		</port_tx_dropped_link_down>
	</ethtool_statistic>
	<ip_statistic>
		<mtu>
			<start>9000</start>
			<end>9000</end>
		</mtu>
		<rx_bytes>
			<start>35644367357533</start>
			<end>36023168647567</end>
		</rx_bytes>
		<rx_packets>
			<start>3965042517</start>
			<end>4007179243</end>
		</rx_packets>
		<rx_errors>
			<start>0</start>
			<end>0</end>
		</rx_errors>
		<rx_dropped>
			<start>0</start>
			<end>0</end>
		</rx_dropped>
		<rx_missed>
			<start>0</start>
			<end>0</end>
		</rx_missed>
		<rx_mcast>
			<start>1121</start>
			<end>1141</end>
		</rx_mcast>
		<tx_bytes>
			<start>33764592533260</start>
			<end>34318275606624</end>
		</tx_bytes>
		<tx_packets>
			<start>5194516288</start>
			<end>5259798431</end>
		</tx_packets>
		<tx_errors>
			<start>0</start>
			<end>0</end>
		</tx_errors>
		<tx_dropped>
			<start>0</start>
			<end>0</end>
		</tx_dropped>
		<tx_carrier>
			<start>0</start>
			<end>0</end>
		</tx_carrier>
		<tx_collisions>
			<start>0</start>
			<end>0</end>
		</tx_collisions>
	</ip_statistic>
	<netstat_statistic>
		<udp_pkg_rec>
			<start>3746337284</start>
			<end>3786294615</end>
		</udp_pkg_rec>
		<udp_pkg_snt>
			<start>4090535319</start>
			<end>4120824682</end>
		</udp_pkg_snt>
		<udp_rec_err>
			<start>219126883</start>
			<end>221310381</end>
		</udp_rec_err>
		<udp_rec_buf_err>
			<start>219126883</start>
			<end>221310381</end>
		</udp_rec_buf_err>
		<udp_snt_buf_err>
			<start>0</start>
			<end>0</end>
		</udp_snt_buf_err>
	</netstat_statistic>
</test_results>
