<?xml version="1.0"?>
<test_results>
	<status>STATUS_SUCCESS</status>
	<custom>
		<num_loss>1985055</num_loss>
		<num_total>2000001</num_total>
		<num_misses>47513490</num_misses>
		<elapsed_time>123.783651</elapsed_time>
		<query>
			<report>
				<misses>10000</misses>
				<total>9651</total>
			</report>
			<report>
				<misses>20000</misses>
				<total>19650</total>
			</report>
			<report>
				<misses>30000</misses>
				<total>29649</total>
			</report>
			<report>
				<misses>40000</misses>
				<total>39648</total>
			</report>
			<report>
				<misses>50000</misses>
				<total>49647</total>
			</report>
			<report>
				<misses>60000</misses>
				<total>59646</total>
			</report>
			<report>
				<misses>70000</misses>
				<total>69645</total>
			</report>
			<report>
				<misses>80000</misses>
				<total>79644</total>
			</report>
			<report>
				<misses>90000</misses>
				<total>89643</total>
			</report>
			<report>
				<misses>100000</misses>
				<total>99642</total>
			</report>
			<report>
				<misses>110000</misses>
				<total>109641</total>
			</report>
			<report>
				<misses>120000</misses>
				<total>119640</total>
			</report>
			<report>
				<misses>130000</misses>
				<total>129639</total>
			</report>
			<report>
				<misses>140000</misses>
				<total>139638</total>
			</report>
			<report>
				<misses>150000</misses>
				<total>149637</total>
			</report>
			<report>
				<misses>160000</misses>
				<total>159636</total>
			</report>
			<report>
				<misses>170000</misses>
				<total>169635</total>
			</report>
			<report>
				<misses>180000</misses>
				<total>179634</total>
			</report>
			<report>
				<misses>190000</misses>
				<total>189633</total>
			</report>
			<report>
				<misses>200000</misses>
				<total>199632</total>
			</report>
			<report>
				<misses>210000</misses>
				<total>209631</total>
			</report>
			<report>
				<misses>220000</misses>
				<total>219630</total>
			</report>
			<report>
				<misses>230000</misses>
				<total>229629</total>
			</report>
			<report>
				<misses>240000</misses>
				<total>239628</total>
			</report>
			<report>
				<misses>250000</misses>
				<total>249627</total>
			</report>
			<report>
				<misses>260000</misses>
				<total>259626</total>
			</report>
			<report>
				<misses>270000</misses>
				<total>269625</total>
			</report>
			<report>
				<misses>280000</misses>
				<total>279208</total>
			</report>
			<report>
				<misses>290000</misses>
				<total>289207</total>
			</report>
			<report>
				<misses>300000</misses>
				<total>299206</total>
			</report>
			<report>
				<misses>310000</misses>
				<total>309205</total>
			</report>
			<report>
				<misses>320000</misses>
				<total>319204</total>
			</report>
			<report>
				<misses>330000</misses>
				<total>329203</total>
			</report>
			<report>
				<misses>340000</misses>
				<total>339202</total>
			</report>
			<report>
				<misses>350000</misses>
				<total>349201</total>
			</report>
			<report>
				<misses>360000</misses>
				<total>359200</total>
			</report>
			<report>
				<misses>370000</misses>
				<total>369199</total>
			</report>
			<report>
				<misses>380000</misses>
				<total>379198</total>
			</report>
			<report>
				<misses>390000</misses>
				<total>389197</total>
			</report>
			<report>
				<misses>400000</misses>
				<total>399196</total>
			</report>
			<report>
				<misses>410000</misses>
				<total>409195</total>
			</report>
			<report>
				<misses>420000</misses>
				<total>419194</total>
			</report>
			<report>
				<misses>430000</misses>
				<total>429193</total>
			</report>
			<report>
				<misses>440000</misses>
				<total>439192</total>
			</report>
			<report>
				<misses>450000</misses>
				<total>448213</total>
			</report>
			<report>
				<misses>460000</misses>
				<total>458212</total>
			</report>
			<report>
				<misses>470000</misses>
				<total>468211</total>
			</report>
			<report>
				<misses>480000</misses>
				<total>478210</total>
			</report>
			<report>
				<misses>490000</misses>
				<total>488209</total>
			</report>
			<report>
				<misses>500000</misses>
				<total>498208</total>
			</report>
			<report>
				<misses>510000</misses>
				<total>508207</total>
			</report>
			<report>
				<misses>520000</misses>
				<total>518206</total>
			</report>
			<report>
				<misses>530000</misses>
				<total>528205</total>
			</report>
			<report>
				<misses>540000</misses>
				<total>538204</total>
			</report>
			<report>
				<misses>550000</misses>
				<total>548203</total>
			</report>
			<report>
				<misses>560000</misses>
				<total>558202</total>
			</report>
			<report>
				<misses>570000</misses>
				<total>568201</total>
			</report>
			<report>
				<misses>580000</misses>
				<total>578200</total>
			</report>
			<report>
				<misses>590000</misses>
				<total>588199</total>
			</report>
			<report>
				<misses>600000</misses>
				<total>598198</total>
			</report>
			<report>
				<misses>610000</misses>
				<total>608197</total>
			</report>
			<report>
				<misses>620000</misses>
				<total>618196</total>
			</report>
			<report>
				<misses>630000</misses>
				<total>628195</total>
			</report>
			<report>
				<misses>640000</misses>
				<total>638194</total>
			</report>
			<report>
				<misses>650000</misses>
				<total>648193</total>
			</report>
			<report>
				<misses>660000</misses>
				<total>658192</total>
			</report>
			<report>
				<misses>670000</misses>
				<total>668191</total>
			</report>
			<report>
				<misses>680000</misses>
				<total>678190</total>
			</report>
			<report>
				<misses>690000</misses>
				<total>688189</total>
			</report>
			<report>
				<misses>700000</misses>
				<total>698188</total>
			</report>
			<report>
				<misses>710000</misses>
				<total>708187</total>
			</report>
			<report>
				<misses>720000</misses>
				<total>715672</total>
			</report>
			<report>
				<misses>730000</misses>
				<total>725671</total>
			</report>
			<report>
				<misses>740000</misses>
				<total>735670</total>
			</report>
			<report>
				<misses>750000</misses>
				<total>745669</total>
			</report>
			<report>
				<misses>760000</misses>
				<total>755668</total>
			</report>
			<report>
				<misses>770000</misses>
				<total>765667</total>
			</report>
			<report>
				<misses>780000</misses>
				<total>775666</total>
			</report>
			<report>
				<misses>790000</misses>
				<total>785665</total>
			</report>
			<report>
				<misses>800000</misses>
				<total>795664</total>
			</report>
			<report>
				<misses>810000</misses>
				<total>805663</total>
			</report>
			<report>
				<misses>820000</misses>
				<total>815662</total>
			</report>
			<report>
				<misses>830000</misses>
				<total>825661</total>
			</report>
			<report>
				<misses>840000</misses>
				<total>835660</total>
			</report>
			<report>
				<misses>850000</misses>
				<total>845659</total>
			</report>
			<report>
				<misses>860000</misses>
				<total>855658</total>
			</report>
			<report>
				<misses>870000</misses>
				<total>865657</total>
			</report>
			<report>
				<misses>880000</misses>
				<total>875656</total>
			</report>
			<report>
				<misses>890000</misses>
				<total>883683</total>
			</report>
			<report>
				<misses>900000</misses>
				<total>893682</total>
			</report>
			<report>
				<misses>910000</misses>
				<total>903681</total>
			</report>
			<report>
				<misses>920000</misses>
				<total>913680</total>
			</report>
			<report>
				<misses>930000</misses>
				<total>923679</total>
			</report>
			<report>
				<misses>940000</misses>
				<total>933678</total>
			</report>
			<report>
				<misses>950000</misses>
				<total>943677</total>
			</report>
			<report>
				<misses>960000</misses>
				<total>953676</total>
			</report>
			<report>
				<misses>970000</misses>
				<total>963675</total>
			</report>
			<report>
				<misses>980000</misses>
				<total>973674</total>
			</report>
			<report>
				<misses>990000</misses>
				<total>983673</total>
			</report>
			<report>
				<misses>1000000</misses>
				<total>993672</total>
			</report>
			<report>
				<misses>1010000</misses>
				<total>1003671</total>
			</report>
			<report>
				<misses>1020000</misses>
				<total>1013670</total>
			</report>
			<report>
				<misses>1030000</misses>
				<total>1023669</total>
			</report>
			<report>
				<misses>1040000</misses>
				<total>1033668</total>
			</report>
			<report>
				<misses>1050000</misses>
				<total>1043667</total>
			</report>
			<report>
				<misses>1060000</misses>
				<total>1053666</total>
			</report>
			<report>
				<misses>1070000</misses>
				<total>1063665</total>
			</report>
			<report>
				<misses>1080000</misses>
				<total>1073664</total>
			</report>
			<report>
				<misses>1090000</misses>
				<total>1083663</total>
			</report>
			<report>
				<misses>1100000</misses>
				<total>1093662</total>
			</report>
			<report>
				<misses>1110000</misses>
				<total>1103661</total>
			</report>
			<report>
				<misses>1120000</misses>
				<total>1113660</total>
			</report>
			<report>
				<misses>1130000</misses>
				<total>1123659</total>
			</report>
			<report>
				<misses>1140000</misses>
				<total>1133658</total>
			</report>
			<report>
				<misses>1150000</misses>
				<total>1143327</total>
			</report>
			<report>
				<misses>1160000</misses>
				<total>1151797</total>
			</report>
			<report>
				<misses>1170000</misses>
				<total>1161796</total>
			</report>
			<report>
				<misses>1180000</misses>
				<total>1171795</total>
			</report>
			<report>
				<misses>1190000</misses>
				<total>1181794</total>
			</report>
			<report>
				<misses>1200000</misses>
				<total>1191793</total>
			</report>
			<report>
				<misses>1210000</misses>
				<total>1201792</total>
			</report>
			<report>
				<misses>1220000</misses>
				<total>1211791</total>
			</report>
			<report>
				<misses>1230000</misses>
				<total>1221790</total>
			</report>
			<report>
				<misses>1240000</misses>
				<total>1231789</total>
			</report>
			<report>
				<misses>1250000</misses>
				<total>1241788</total>
			</report>
			<report>
				<misses>1260000</misses>
				<total>1251787</total>
			</report>
			<report>
				<misses>1270000</misses>
				<total>1261786</total>
			</report>
			<report>
				<misses>1280000</misses>
				<total>1271785</total>
			</report>
			<report>
				<misses>1290000</misses>
				<total>1281784</total>
			</report>
			<report>
				<misses>1300000</misses>
				<total>1291783</total>
			</report>
			<report>
				<misses>1310000</misses>
				<total>1301782</total>
			</report>
			<report>
				<misses>1320000</misses>
				<total>1311781</total>
			</report>
			<report>
				<misses>1330000</misses>
				<total>1318099</total>
			</report>
			<report>
				<misses>1340000</misses>
				<total>1328098</total>
			</report>
			<report>
				<misses>1350000</misses>
				<total>1338097</total>
			</report>
			<report>
				<misses>1360000</misses>
				<total>1348096</total>
			</report>
			<report>
				<misses>1370000</misses>
				<total>1358095</total>
			</report>
			<report>
				<misses>1380000</misses>
				<total>1368094</total>
			</report>
			<report>
				<misses>1390000</misses>
				<total>1378093</total>
			</report>
			<report>
				<misses>1400000</misses>
				<total>1388092</total>
			</report>
			<report>
				<misses>1410000</misses>
				<total>1398091</total>
			</report>
			<report>
				<misses>1420000</misses>
				<total>1408090</total>
			</report>
			<report>
				<misses>1430000</misses>
				<total>1418089</total>
			</report>
			<report>
				<misses>1440000</misses>
				<total>1428088</total>
			</report>
			<report>
				<misses>1450000</misses>
				<total>1438087</total>
			</report>
			<report>
				<misses>1460000</misses>
				<total>1448086</total>
			</report>
			<report>
				<misses>1470000</misses>
				<total>1458085</total>
			</report>
			<report>
				<misses>1480000</misses>
				<total>1468084</total>
			</report>
			<report>
				<misses>1490000</misses>
				<total>1478083</total>
			</report>
			<report>
				<misses>1500000</misses>
				<total>1488082</total>
			</report>
			<report>
				<misses>1510000</misses>
				<total>1498081</total>
			</report>
			<report>
				<misses>1520000</misses>
				<total>1508080</total>
			</report>
			<report>
				<misses>1530000</misses>
				<total>1518079</total>
			</report>
			<report>
				<misses>1540000</misses>
				<total>1528078</total>
			</report>
			<report>
				<misses>1550000</misses>
				<total>1538077</total>
			</report>
			<report>
				<misses>1560000</misses>
				<total>1548076</total>
			</report>
			<report>
				<misses>1570000</misses>
				<total>1558075</total>
			</report>
			<report>
				<misses>1580000</misses>
				<total>1568074</total>
			</report>
			<report>
				<misses>1590000</misses>
				<total>1576910</total>
			</report>
			<report>
				<misses>1600000</misses>
				<total>1586909</total>
			</report>
			<report>
				<misses>1610000</misses>
				<total>1596908</total>
			</report>
			<report>
				<misses>1620000</misses>
				<total>1606907</total>
			</report>
			<report>
				<misses>1630000</misses>
				<total>1616906</total>
			</report>
			<report>
				<misses>1640000</misses>
				<total>1626905</total>
			</report>
			<report>
				<misses>1650000</misses>
				<total>1636904</total>
			</report>
			<report>
				<misses>1660000</misses>
				<total>1646903</total>
			</report>
			<report>
				<misses>1670000</misses>
				<total>1656902</total>
			</report>
			<report>
				<misses>1680000</misses>
				<total>1666901</total>
			</report>
			<report>
				<misses>1690000</misses>
				<total>1676900</total>
			</report>
			<report>
				<misses>1700000</misses>
				<total>1686899</total>
			</report>
			<report>
				<misses>1710000</misses>
				<total>1696898</total>
			</report>
			<report>
				<misses>1720000</misses>
				<total>1706897</total>
			</report>
			<report>
				<misses>1730000</misses>
				<total>1716896</total>
			</report>
			<report>
				<misses>1740000</misses>
				<total>1726895</total>
			</report>
			<report>
				<misses>1750000</misses>
				<total>1736894</total>
			</report>
			<report>
				<misses>1760000</misses>
				<total>1746893</total>
			</report>
			<report>
				<misses>1770000</misses>
				<total>1755078</total>
			</report>
			<report>
				<misses>1780000</misses>
				<total>1765077</total>
			</report>
			<report>
				<misses>1790000</misses>
				<total>1775076</total>
			</report>
			<report>
				<misses>1800000</misses>
				<total>1785075</total>
			</report>
			<report>
				<misses>1810000</misses>
				<total>1795074</total>
			</report>
			<report>
				<misses>1820000</misses>
				<total>1805073</total>
			</report>
			<report>
				<misses>1830000</misses>
				<total>1815072</total>
			</report>
			<report>
				<misses>1840000</misses>
				<total>1825071</total>
			</report>
			<report>
				<misses>1850000</misses>
				<total>1835070</total>
			</report>
			<report>
				<misses>1860000</misses>
				<total>1845069</total>
			</report>
			<report>
				<misses>1870000</misses>
				<total>1855068</total>
			</report>
			<report>
				<misses>1880000</misses>
				<total>1865067</total>
			</report>
			<report>
				<misses>1890000</misses>
				<total>1875066</total>
			</report>
			<report>
				<misses>1900000</misses>
				<total>1885065</total>
			</report>
			<report>
				<misses>1910000</misses>
				<total>1895064</total>
			</report>
			<report>
				<misses>1920000</misses>
				<total>1905063</total>
			</report>
			<report>
				<misses>1930000</misses>
				<total>1915062</total>
			</report>
			<report>
				<misses>1940000</misses>
				<total>1925061</total>
			</report>
			<report>
				<misses>1950000</misses>
				<total>1935060</total>
			</report>
			<report>
				<misses>1960000</misses>
				<total>1945059</total>
			</report>
			<report>
				<misses>1970000</misses>
				<total>1955058</total>
			</report>
			<report>
				<misses>1980000</misses>
				<total>1965057</total>
			</report>
			<report>
				<misses>1990000</misses>
				<total>1975056</total>
			</report>
			<report>
				<misses>2000000</misses>
				<total>1985055</total>
			</report>
		</query>
	</custom>
	<ethtool_statistic>
		<rx_packets>
			<start>17150573014</start>
			<end>17156568978</end>
		</rx_packets>
		<tx_packets>
			<start>20096558150</start>
			<end>20116152309</end>
		</tx_packets>
		<rx_dropped>
			<start>63</start>
			<end>63</end>
		</rx_dropped>
		<tx_dropped>
			<start>0</start>
			<end>0</end>
		</tx_dropped>
		<collisions>
			<start>0</start>
			<end>0</end>
		</collisions>
		<port_tx_errors>
			<start>0</start>
			<end>0</end>
		</port_tx_errors>
		<port_rx_dropped>
			<start>0</start>
			<end>0</end>
		</port_rx_dropped>
		<port_tx_dropped_link_down>
			<start>0</start>
			<end>0</end>
		</port_tx_dropped_link_down>
	</ethtool_statistic>
	<ip_statistic>
		<mtu>
			<start>9000</start>
			<end>9000</end>
		</mtu>
		<rx_bytes>
			<start>154170518789651</start>
			<end>154224419738486</end>
		</rx_bytes>
		<rx_packets>
			<start>17150573070</start>
			<end>17156569052</end>
		</rx_packets>
		<rx_errors>
			<start>0</start>
			<end>0</end>
		</rx_errors>
		<rx_dropped>
			<start>69</start>
			<end>69</end>
		</rx_dropped>
		<rx_missed>
			<start>0</start>
			<end>0</end>
		</rx_missed>
		<rx_mcast>
			<start>12392</start>
			<end>12397</end>
		</rx_mcast>
		<tx_bytes>
			<start>136825030937445</start>
			<end>136987901476799</end>
		</tx_bytes>
		<tx_packets>
			<start>20096558199</start>
			<end>20116152358</end>
		</tx_packets>
		<tx_errors>
			<start>0</start>
			<end>0</end>
		</tx_errors>
		<tx_dropped>
			<start>0</start>
			<end>0</end>
		</tx_dropped>
		<tx_carrier>
			<start>0</start>
			<end>0</end>
		</tx_carrier>
		<tx_collisions>
			<start>0</start>
			<end>0</end>
		</tx_collisions>
	</ip_statistic>
	<netstat_statistic>
		<udp_pkg_rec>
			<start>16870307836</start>
			<end>16876161222</end>
		</udp_pkg_rec>
		<udp_pkg_snt>
			<start>16823759196</start>
			<end>16829355043</end>
		</udp_pkg_snt>
		<udp_rec_err>
			<start>282261626</start>
			<end>282404160</end>
		</udp_rec_err>
		<udp_rec_buf_err>
			<start>282261626</start>
			<end>282404160</end>
		</udp_rec_buf_err>
		<udp_snt_buf_err>
			<start>28</start>
			<end>28</end>
		</udp_snt_buf_err>
	</netstat_statistic>
</test_results>
