<?xml version="1.0"?>
<test_results>
	<status>STATUS_SUCCESS</status>
	<custom>
		<num_loss>51</num_loss>
		<num_total>9600001</num_total>
		<num_misses>1</num_misses>
		<elapsed_time>1727.983021</elapsed_time>
		<query>
			<report>
				<misses>100000</misses>
				<total>1</total>
				<timestamp>17.999908</timestamp>
			</report>
			<report>
				<misses>200000</misses>
				<total>1</total>
				<timestamp>35.999736</timestamp>
			</report>
			<report>
				<misses>300000</misses>
				<total>1</total>
				<timestamp>53.999579</timestamp>
			</report>
			<report>
				<misses>400000</misses>
				<total>2</total>
				<timestamp>71.999459</timestamp>
			</report>
			<report>
				<misses>500000</misses>
				<total>3</total>
				<timestamp>89.999252</timestamp>
			</report>
			<report>
				<misses>600000</misses>
				<total>3</total>
				<timestamp>107.999024</timestamp>
			</report>
			<report>
				<misses>700000</misses>
				<total>3</total>
				<timestamp>125.998827</timestamp>
			</report>
			<report>
				<misses>800000</misses>
				<total>3</total>
				<timestamp>143.998690</timestamp>
			</report>
			<report>
				<misses>900000</misses>
				<total>3</total>
				<timestamp>161.998579</timestamp>
			</report>
			<report>
				<misses>1000000</misses>
				<total>4</total>
				<timestamp>179.998344</timestamp>
			</report>
			<report>
				<misses>1100000</misses>
				<total>5</total>
				<timestamp>197.998118</timestamp>
			</report>
			<report>
				<misses>1200000</misses>
				<total>5</total>
				<timestamp>215.997934</timestamp>
			</report>
			<report>
				<misses>1300000</misses>
				<total>5</total>
				<timestamp>233.997804</timestamp>
			</report>
			<report>
				<misses>1400000</misses>
				<total>6</total>
				<timestamp>251.997692</timestamp>
			</report>
			<report>
				<misses>1500000</misses>
				<total>6</total>
				<timestamp>269.997433</timestamp>
			</report>
			<report>
				<misses>1600000</misses>
				<total>6</total>
				<timestamp>287.997223</timestamp>
			</report>
			<report>
				<misses>1700000</misses>
				<total>6</total>
				<timestamp>305.997034</timestamp>
			</report>
			<report>
				<misses>1800000</misses>
				<total>7</total>
				<timestamp>323.996853</timestamp>
			</report>
			<report>
				<misses>1900000</misses>
				<total>7</total>
				<timestamp>341.996689</timestamp>
			</report>
			<report>
				<misses>2000000</misses>
				<total>8</total>
				<timestamp>359.996562</timestamp>
			</report>
			<report>
				<misses>2100000</misses>
				<total>9</total>
				<timestamp>377.996348</timestamp>
			</report>
			<report>
				<misses>2200000</misses>
				<total>11</total>
				<timestamp>395.996151</timestamp>
			</report>
			<report>
				<misses>2300000</misses>
				<total>12</total>
				<timestamp>413.995963</timestamp>
			</report>
			<report>
				<misses>2400000</misses>
				<total>12</total>
				<timestamp>431.995773</timestamp>
			</report>
			<report>
				<misses>2500000</misses>
				<total>12</total>
				<timestamp>449.995689</timestamp>
			</report>
			<report>
				<misses>2600000</misses>
				<total>12</total>
				<timestamp>467.995587</timestamp>
			</report>
			<report>
				<misses>2700000</misses>
				<total>12</total>
				<timestamp>485.995298</timestamp>
			</report>
			<report>
				<misses>2800000</misses>
				<total>14</total>
				<timestamp>503.995060</timestamp>
			</report>
			<report>
				<misses>2900000</misses>
				<total>15</total>
				<timestamp>521.994881</timestamp>
			</report>
			<report>
				<misses>3000000</misses>
				<total>15</total>
				<timestamp>539.994742</timestamp>
			</report>
			<report>
				<misses>3100000</misses>
				<total>15</total>
				<timestamp>557.994575</timestamp>
			</report>
			<report>
				<misses>3200000</misses>
				<total>15</total>
				<timestamp>575.994458</timestamp>
			</report>
			<report>
				<misses>3300000</misses>
				<total>15</total>
				<timestamp>593.994157</timestamp>
			</report>
			<report>
				<misses>3400000</misses>
				<total>15</total>
				<timestamp>611.993983</timestamp>
			</report>
			<report>
				<misses>3500000</misses>
				<total>15</total>
				<timestamp>629.993792</timestamp>
			</report>
			<report>
				<misses>3600000</misses>
				<total>16</total>
				<timestamp>647.993666</timestamp>
			</report>
			<report>
				<misses>3700000</misses>
				<total>17</total>
				<timestamp>665.993486</timestamp>
			</report>
			<report>
				<misses>3800000</misses>
				<total>17</total>
				<timestamp>683.993271</timestamp>
			</report>
			<report>
				<misses>3900000</misses>
				<total>18</total>
				<timestamp>701.993084</timestamp>
			</report>
			<report>
				<misses>4000000</misses>
				<total>18</total>
				<timestamp>719.992908</timestamp>
			</report>
			<report>
				<misses>4100000</misses>
				<total>18</total>
				<timestamp>737.992713</timestamp>
			</report>
			<report>
				<misses>4200000</misses>
				<total>18</total>
				<timestamp>755.992599</timestamp>
			</report>
			<report>
				<misses>4300000</misses>
				<total>18</total>
				<timestamp>773.992473</timestamp>
			</report>
			<report>
				<misses>4400000</misses>
				<total>18</total>
				<timestamp>791.992171</timestamp>
			</report>
			<report>
				<misses>4500000</misses>
				<total>18</total>
				<timestamp>809.992001</timestamp>
			</report>
			<report>
				<misses>4600000</misses>
				<total>18</total>
				<timestamp>827.991818</timestamp>
			</report>
			<report>
				<misses>4700000</misses>
				<total>18</total>
				<timestamp>845.991682</timestamp>
			</report>
			<report>
				<misses>4800000</misses>
				<total>18</total>
				<timestamp>863.991568</timestamp>
			</report>
			<report>
				<misses>4900000</misses>
				<total>20</total>
				<timestamp>881.991281</timestamp>
			</report>
			<report>
				<misses>5000000</misses>
				<total>21</total>
				<timestamp>899.991157</timestamp>
			</report>
			<report>
				<misses>5100000</misses>
				<total>22</total>
				<timestamp>917.990917</timestamp>
			</report>
			<report>
				<misses>5200000</misses>
				<total>23</total>
				<timestamp>935.990734</timestamp>
			</report>
			<report>
				<misses>5300000</misses>
				<total>23</total>
				<timestamp>953.990742</timestamp>
			</report>
			<report>
				<misses>5400000</misses>
				<total>24</total>
				<timestamp>971.990660</timestamp>
			</report>
			<report>
				<misses>5500000</misses>
				<total>24</total>
				<timestamp>989.990470</timestamp>
			</report>
			<report>
				<misses>5600000</misses>
				<total>24</total>
				<timestamp>1007.990197</timestamp>
			</report>
			<report>
				<misses>5700000</misses>
				<total>27</total>
				<timestamp>1025.990020</timestamp>
			</report>
			<report>
				<misses>5800000</misses>
				<total>27</total>
				<timestamp>1043.989838</timestamp>
			</report>
			<report>
				<misses>5900000</misses>
				<total>27</total>
				<timestamp>1061.989680</timestamp>
			</report>
			<report>
				<misses>6000000</misses>
				<total>27</total>
				<timestamp>1079.989581</timestamp>
			</report>
			<report>
				<misses>6100000</misses>
				<total>27</total>
				<timestamp>1097.989317</timestamp>
			</report>
			<report>
				<misses>6200000</misses>
				<total>27</total>
				<timestamp>1115.989122</timestamp>
			</report>
			<report>
				<misses>6300000</misses>
				<total>27</total>
				<timestamp>1133.988932</timestamp>
			</report>
			<report>
				<misses>6400000</misses>
				<total>28</total>
				<timestamp>1151.988768</timestamp>
			</report>
			<report>
				<misses>6500000</misses>
				<total>31</total>
				<timestamp>1169.988584</timestamp>
			</report>
			<report>
				<misses>6600000</misses>
				<total>31</total>
				<timestamp>1187.988481</timestamp>
			</report>
			<report>
				<misses>6700000</misses>
				<total>31</total>
				<timestamp>1205.988237</timestamp>
			</report>
			<report>
				<misses>6800000</misses>
				<total>33</total>
				<timestamp>1223.988073</timestamp>
			</report>
			<report>
				<misses>6900000</misses>
				<total>33</total>
				<timestamp>1241.987870</timestamp>
			</report>
			<report>
				<misses>7000000</misses>
				<total>33</total>
				<timestamp>1259.987685</timestamp>
			</report>
			<report>
				<misses>7100000</misses>
				<total>33</total>
				<timestamp>1277.987578</timestamp>
			</report>
			<report>
				<misses>7200000</misses>
				<total>33</total>
				<timestamp>1295.987316</timestamp>
			</report>
			<report>
				<misses>7300000</misses>
				<total>33</total>
				<timestamp>1313.987169</timestamp>
			</report>
			<report>
				<misses>7400000</misses>
				<total>33</total>
				<timestamp>1331.986958</timestamp>
			</report>
			<report>
				<misses>7500000</misses>
				<total>33</total>
				<timestamp>1349.986771</timestamp>
			</report>
			<report>
				<misses>7600000</misses>
				<total>34</total>
				<timestamp>1367.986683</timestamp>
			</report>
			<report>
				<misses>7700000</misses>
				<total>36</total>
				<timestamp>1385.986459</timestamp>
			</report>
			<report>
				<misses>7800000</misses>
				<total>37</total>
				<timestamp>1403.986241</timestamp>
			</report>
			<report>
				<misses>7900000</misses>
				<total>38</total>
				<timestamp>1421.986055</timestamp>
			</report>
			<report>
				<misses>8000000</misses>
				<total>38</total>
				<timestamp>1439.985868</timestamp>
			</report>
			<report>
				<misses>8100000</misses>
				<total>38</total>
				<timestamp>1457.985719</timestamp>
			</report>
			<report>
				<misses>8200000</misses>
				<total>39</total>
				<timestamp>1475.985582</timestamp>
			</report>
			<report>
				<misses>8300000</misses>
				<total>41</total>
				<timestamp>1493.985340</timestamp>
			</report>
			<report>
				<misses>8400000</misses>
				<total>41</total>
				<timestamp>1511.985172</timestamp>
			</report>
			<report>
				<misses>8500000</misses>
				<total>41</total>
				<timestamp>1529.984967</timestamp>
			</report>
			<report>
				<misses>8600000</misses>
				<total>41</total>
				<timestamp>1547.984807</timestamp>
			</report>
			<report>
				<misses>8700000</misses>
				<total>43</total>
				<timestamp>1565.984632</timestamp>
			</report>
			<report>
				<misses>8800000</misses>
				<total>44</total>
				<timestamp>1583.984485</timestamp>
			</report>
			<report>
				<misses>8900000</misses>
				<total>44</total>
				<timestamp>1601.984266</timestamp>
			</report>
			<report>
				<misses>9000000</misses>
				<total>44</total>
				<timestamp>1619.984076</timestamp>
			</report>
			<report>
				<misses>9100000</misses>
				<total>45</total>
				<timestamp>1637.983901</timestamp>
			</report>
			<report>
				<misses>9200000</misses>
				<total>45</total>
				<timestamp>1655.983715</timestamp>
			</report>
			<report>
				<misses>9300000</misses>
				<total>47</total>
				<timestamp>1673.983578</timestamp>
			</report>
			<report>
				<misses>9400000</misses>
				<total>48</total>
				<timestamp>1691.983464</timestamp>
			</report>
			<report>
				<misses>9500000</misses>
				<total>49</total>
				<timestamp>1709.983185</timestamp>
			</report>
			<report>
				<misses>9600000</misses>
				<total>51</total>
				<timestamp>1727.982997</timestamp>
			</report>
		</query>
	</custom>
	<ethtool_statistic>
		<rx_packets>
			<start>3112000682</start>
			<end>3192678187</end>
		</rx_packets>
		<tx_packets>
			<start>3380956227</start>
			<end>3438972418</end>
		</tx_packets>
		<rx_dropped>
			<start>0</start>
			<end>0</end>
		</rx_dropped>
		<tx_dropped>
			<start>0</start>
			<end>0</end>
		</tx_dropped>
		<collisions>
			<start>0</start>
			<end>0</end>
		</collisions>
		<port_tx_errors>
			<start>0</start>
			<end>0</end>
		</port_tx_errors>
		<port_rx_dropped>
			<start>0</start>
			<end>0</end>
		</port_rx_dropped>
		<port_tx_dropped_link_down>
			<start>0</start>
			<end>0</end>
		</port_tx_dropped_link_down>
	</ethtool_statistic>
	<ip_statistic>
		<mtu>
			<start>9000</start>
			<end>9000</end>
		</mtu>
		<rx_bytes>
			<start>27975897641073</start>
			<end>28701180293913</end>
		</rx_bytes>
		<rx_packets>
			<start>3112000819</start>
			<end>3192678353</end>
		</rx_packets>
		<rx_errors>
			<start>0</start>
			<end>0</end>
		</rx_errors>
		<rx_dropped>
			<start>0</start>
			<end>0</end>
		</rx_dropped>
		<rx_missed>
			<start>0</start>
			<end>0</end>
		</rx_missed>
		<rx_mcast>
			<start>638</start>
			<end>665</end>
		</rx_mcast>
		<tx_bytes>
			<start>18511083082062</start>
			<end>19032181186784</end>
		</tx_bytes>
		<tx_packets>
			<start>3380956274</start>
			<end>3438972460</end>
		</tx_packets>
		<tx_errors>
			<start>0</start>
			<end>0</end>
		</tx_errors>
		<tx_dropped>
			<start>0</start>
			<end>0</end>
		</tx_dropped>
		<tx_carrier>
			<start>0</start>
			<end>0</end>
		</tx_carrier>
		<tx_collisions>
			<start>0</start>
			<end>0</end>
		</tx_collisions>
	</ip_statistic>
	<netstat_statistic>
		<udp_pkg_rec>
			<start>2936697705</start>
			<end>3012520740</end>
		</udp_pkg_rec>
		<udp_pkg_snt>
			<start>3381257570</start>
			<end>3439286918</end>
		</udp_pkg_snt>
		<udp_rec_err>
			<start>175579783</start>
			<end>180442985</end>
		</udp_rec_err>
		<udp_rec_buf_err>
			<start>175579783</start>
			<end>180442985</end>
		</udp_rec_buf_err>
		<udp_snt_buf_err>
			<start>0</start>
			<end>0</end>
		</udp_snt_buf_err>
	</netstat_statistic>
</test_results>
