<?xml version="1.0"?>
<test_results>
	<status>STATUS_SUCCESS</status>
	<custom>
		<num_loss>1</num_loss>
		<num_total>4687793</num_total>
		<num_misses>115301486</num_misses>
		<elapsed_time>299.973084</elapsed_time>
		<query>
			<report>
				<misses>100001</misses>
				<total>1</total>
				<timestamp>6.301485</timestamp>
			</report>
			<report>
				<misses>200001</misses>
				<total>1</total>
				<timestamp>12.680531</timestamp>
			</report>
			<report>
				<misses>300001</misses>
				<total>1</total>
				<timestamp>19.059671</timestamp>
			</report>
			<report>
				<misses>400001</misses>
				<total>2</total>
				<timestamp>25.464329</timestamp>
			</report>
			<report>
				<misses>500001</misses>
				<total>1</total>
				<timestamp>31.873373</timestamp>
			</report>
			<report>
				<misses>600001</misses>
				<total>1</total>
				<timestamp>38.282894</timestamp>
			</report>
			<report>
				<misses>700001</misses>
				<total>1</total>
				<timestamp>44.721127</timestamp>
			</report>
			<report>
				<misses>800001</misses>
				<total>1</total>
				<timestamp>51.159623</timestamp>
			</report>
			<report>
				<misses>900001</misses>
				<total>1</total>
				<timestamp>57.617724</timestamp>
			</report>
			<report>
				<misses>1000001</misses>
				<total>1</total>
				<timestamp>64.024878</timestamp>
			</report>
			<report>
				<misses>1100001</misses>
				<total>1</total>
				<timestamp>70.412938</timestamp>
			</report>
			<report>
				<misses>1200001</misses>
				<total>1</total>
				<timestamp>76.818924</timestamp>
			</report>
			<report>
				<misses>1300001</misses>
				<total>1</total>
				<timestamp>83.197780</timestamp>
			</report>
			<report>
				<misses>1400001</misses>
				<total>1</total>
				<timestamp>89.614588</timestamp>
			</report>
			<report>
				<misses>1500001</misses>
				<total>1</total>
				<timestamp>96.021791</timestamp>
			</report>
			<report>
				<misses>1600001</misses>
				<total>1</total>
				<timestamp>102.432670</timestamp>
			</report>
			<report>
				<misses>1700001</misses>
				<total>2</total>
				<timestamp>108.854783</timestamp>
			</report>
			<report>
				<misses>1800001</misses>
				<total>2</total>
				<timestamp>115.271943</timestamp>
			</report>
			<report>
				<misses>1900001</misses>
				<total>2</total>
				<timestamp>121.689574</timestamp>
			</report>
			<report>
				<misses>2000001</misses>
				<total>2</total>
				<timestamp>128.100755</timestamp>
			</report>
			<report>
				<misses>2100001</misses>
				<total>2</total>
				<timestamp>134.496216</timestamp>
			</report>
			<report>
				<misses>2200001</misses>
				<total>2</total>
				<timestamp>140.865443</timestamp>
			</report>
			<report>
				<misses>2300001</misses>
				<total>2</total>
				<timestamp>147.246252</timestamp>
			</report>
			<report>
				<misses>2400001</misses>
				<total>2</total>
				<timestamp>153.643128</timestamp>
			</report>
			<report>
				<misses>2500001</misses>
				<total>2</total>
				<timestamp>160.041739</timestamp>
			</report>
			<report>
				<misses>2600001</misses>
				<total>2</total>
				<timestamp>166.442782</timestamp>
			</report>
			<report>
				<misses>2700001</misses>
				<total>2</total>
				<timestamp>172.869272</timestamp>
			</report>
			<report>
				<misses>2800001</misses>
				<total>2</total>
				<timestamp>179.277048</timestamp>
			</report>
			<report>
				<misses>2900001</misses>
				<total>3</total>
				<timestamp>185.679347</timestamp>
			</report>
			<report>
				<misses>3000001</misses>
				<total>2</total>
				<timestamp>192.062215</timestamp>
			</report>
			<report>
				<misses>3100001</misses>
				<total>2</total>
				<timestamp>198.458091</timestamp>
			</report>
			<report>
				<misses>3200001</misses>
				<total>2</total>
				<timestamp>204.870258</timestamp>
			</report>
			<report>
				<misses>3300001</misses>
				<total>1</total>
				<timestamp>211.278026</timestamp>
			</report>
			<report>
				<misses>3400001</misses>
				<total>2</total>
				<timestamp>217.638205</timestamp>
			</report>
			<report>
				<misses>3500001</misses>
				<total>3</total>
				<timestamp>224.044943</timestamp>
			</report>
			<report>
				<misses>3600001</misses>
				<total>1</total>
				<timestamp>230.437553</timestamp>
			</report>
			<report>
				<misses>3700001</misses>
				<total>2</total>
				<timestamp>236.844229</timestamp>
			</report>
			<report>
				<misses>3800001</misses>
				<total>2</total>
				<timestamp>243.238817</timestamp>
			</report>
			<report>
				<misses>3900001</misses>
				<total>2</total>
				<timestamp>249.640504</timestamp>
			</report>
			<report>
				<misses>4000001</misses>
				<total>2</total>
				<timestamp>256.025164</timestamp>
			</report>
			<report>
				<misses>4100001</misses>
				<total>2</total>
				<timestamp>262.426559</timestamp>
			</report>
			<report>
				<misses>4200001</misses>
				<total>3</total>
				<timestamp>268.812184</timestamp>
			</report>
			<report>
				<misses>4300001</misses>
				<total>2</total>
				<timestamp>275.209201</timestamp>
			</report>
			<report>
				<misses>4400001</misses>
				<total>2</total>
				<timestamp>281.577497</timestamp>
			</report>
			<report>
				<misses>4500001</misses>
				<total>2</total>
				<timestamp>287.964745</timestamp>
			</report>
			<report>
				<misses>4600001</misses>
				<total>2</total>
				<timestamp>294.368511</timestamp>
			</report>
		</query>
	</custom>
	<ethtool_statistic>
		<rx_packets>
			<start>281725469</start>
			<end>325410377</end>
		</rx_packets>
		<tx_packets>
			<start>231267112</start>
			<end>268769209</end>
		</tx_packets>
		<rx_dropped>
			<start>0</start>
			<end>0</end>
		</rx_dropped>
		<tx_dropped>
			<start>0</start>
			<end>0</end>
		</tx_dropped>
		<collisions>
			<start>0</start>
			<end>0</end>
		</collisions>
		<port_tx_errors>
			<start>-1</start>
			<end>-1</end>
		</port_tx_errors>
		<port_rx_dropped>
			<start>-1</start>
			<end>-1</end>
		</port_rx_dropped>
		<port_tx_dropped_link_down>
			<start>-1</start>
			<end>-1</end>
		</port_tx_dropped_link_down>
	</ethtool_statistic>
	<ip_statistic>
		<mtu>
			<start>9000</start>
			<end>9000</end>
		</mtu>
		<rx_bytes>
			<start>1425583762257</start>
			<end>1782048921347</end>
		</rx_bytes>
		<rx_packets>
			<start>281725803</start>
			<end>325410377</end>
		</rx_packets>
		<rx_errors>
			<start>0</start>
			<end>0</end>
		</rx_errors>
		<rx_dropped>
			<start>0</start>
			<end>0</end>
		</rx_dropped>
		<rx_missed>
			<start>0</start>
			<end>0</end>
		</rx_missed>
		<rx_mcast>
			<start>99</start>
			<end>99</end>
		</rx_mcast>
		<tx_bytes>
			<start>1300784293012</start>
			<end>1606800423755</end>
		</tx_bytes>
		<tx_packets>
			<start>231267112</start>
			<end>268769209</end>
		</tx_packets>
		<tx_errors>
			<start>0</start>
			<end>0</end>
		</tx_errors>
		<tx_dropped>
			<start>0</start>
			<end>0</end>
		</tx_dropped>
		<tx_carrier>
			<start>0</start>
			<end>0</end>
		</tx_carrier>
		<tx_collisions>
			<start>0</start>
			<end>0</end>
		</tx_collisions>
	</ip_statistic>
	<netstat_statistic>
		<udp_pkg_rec>
			<start>430702155</start>
			<end>441631960</end>
		</udp_pkg_rec>
		<udp_pkg_snt>
			<start>367746495</start>
			<end>377156629</end>
		</udp_pkg_snt>
		<udp_rec_err>
			<start>0</start>
			<end>0</end>
		</udp_rec_err>
		<udp_rec_buf_err>
			<start>0</start>
			<end>0</end>
		</udp_rec_buf_err>
		<udp_snt_buf_err>
			<start>0</start>
			<end>0</end>
		</udp_snt_buf_err>
	</netstat_statistic>
</test_results>
