<?xml version="1.0"?>
<test_results>
	<status>STATUS_SUCCESS</status>
	<custom>
		<num_loss>7</num_loss>
		<num_total>29996153</num_total>
		<num_misses>13</num_misses>
		<elapsed_time>7199.072883</elapsed_time>
	</custom>
	<ethtool_statistic>
		<rx_packets>
			<start>5322318199</start>
			<end>5657542195</end>
		</rx_packets>
		<tx_packets>
			<start>7215839883</start>
			<end>7657085050</end>
		</tx_packets>
		<rx_dropped>
			<start>63</start>
			<end>63</end>
		</rx_dropped>
		<tx_dropped>
			<start>0</start>
			<end>0</end>
		</tx_dropped>
		<collisions>
			<start>0</start>
			<end>0</end>
		</collisions>
		<port_tx_errors>
			<start>0</start>
			<end>0</end>
		</port_tx_errors>
		<port_rx_dropped>
			<start>0</start>
			<end>0</end>
		</port_rx_dropped>
		<port_tx_dropped_link_down>
			<start>0</start>
			<end>0</end>
		</port_tx_dropped_link_down>
	</ethtool_statistic>
	<ip_statistic>
		<mtu>
			<start>9000</start>
			<end>9000</end>
		</mtu>
		<rx_bytes>
			<start>47839386171537</start>
			<end>50853024186863</end>
		</rx_bytes>
		<rx_packets>
			<start>5322318256</start>
			<end>5657542323</end>
		</rx_packets>
		<rx_errors>
			<start>0</start>
			<end>0</end>
		</rx_errors>
		<rx_dropped>
			<start>63</start>
			<end>63</end>
		</rx_dropped>
		<rx_missed>
			<start>0</start>
			<end>0</end>
		</rx_missed>
		<rx_mcast>
			<start>3083</start>
			<end>3184</end>
		</rx_mcast>
		<tx_bytes>
			<start>47130052248455</start>
			<end>50897647164555</end>
		</tx_bytes>
		<tx_packets>
			<start>7215839919</start>
			<end>7657085093</end>
		</tx_packets>
		<tx_errors>
			<start>0</start>
			<end>0</end>
		</tx_errors>
		<tx_dropped>
			<start>0</start>
			<end>0</end>
		</tx_dropped>
		<tx_carrier>
			<start>0</start>
			<end>0</end>
		</tx_carrier>
		<tx_collisions>
			<start>0</start>
			<end>0</end>
		</tx_collisions>
	</ip_statistic>
</test_results>
