<?xml version="1.0"?>
<test_results>
	<status>STATUS_SUCCESS</status>
	<custom>
		<num_loss>461855</num_loss>
		<num_total>1000001</num_total>
		<num_misses>32</num_misses>
		<elapsed_time>140.004603</elapsed_time>
		<query />
	</custom>
	<ethtool_statistic>
		<rx_packets>
			<start>3777237308</start>
			<end>3789125737</end>
		</rx_packets>
		<tx_packets>
			<start>6226589824</start>
			<end>6249015115</end>
		</tx_packets>
		<rx_dropped>
			<start>0</start>
			<end>0</end>
		</rx_dropped>
		<tx_dropped>
			<start>0</start>
			<end>0</end>
		</tx_dropped>
		<collisions>
			<start>0</start>
			<end>0</end>
		</collisions>
		<port_tx_errors>
			<start>0</start>
			<end>0</end>
		</port_tx_errors>
		<port_rx_dropped>
			<start>0</start>
			<end>0</end>
		</port_rx_dropped>
		<port_tx_dropped_link_down>
			<start>0</start>
			<end>0</end>
		</port_tx_dropped_link_down>
	</ethtool_statistic>
	<ip_statistic>
		<mtu>
			<start>9000</start>
			<end>9000</end>
		</mtu>
		<rx_bytes>
			<start>15442285359576</start>
			<end>15490321481439</end>
		</rx_bytes>
		<rx_packets>
			<start>3777237373</start>
			<end>3789125785</end>
		</rx_packets>
		<rx_errors>
			<start>0</start>
			<end>0</end>
		</rx_errors>
		<rx_dropped>
			<start>0</start>
			<end>0</end>
		</rx_dropped>
		<rx_missed>
			<start>0</start>
			<end>0</end>
		</rx_missed>
		<rx_mcast>
			<start>2243</start>
			<end>2246</end>
		</rx_mcast>
		<tx_bytes>
			<start>17978720070135</start>
			<end>18080686701491</end>
		</tx_bytes>
		<tx_packets>
			<start>6226590063</start>
			<end>6249015289</end>
		</tx_packets>
		<tx_errors>
			<start>0</start>
			<end>0</end>
		</tx_errors>
		<tx_dropped>
			<start>0</start>
			<end>0</end>
		</tx_dropped>
		<tx_carrier>
			<start>0</start>
			<end>0</end>
		</tx_carrier>
		<tx_collisions>
			<start>0</start>
			<end>0</end>
		</tx_collisions>
	</ip_statistic>
	<netstat_statistic>
		<udp_pkg_rec>
			<start>3171450050</start>
			<end>3181411213</end>
		</udp_pkg_rec>
		<udp_pkg_snt>
			<start>6164094901</start>
			<end>6179521013</end>
		</udp_pkg_snt>
		<udp_rec_err>
			<start>606474229</start>
			<end>608402224</end>
		</udp_rec_err>
		<udp_rec_buf_err>
			<start>606474229</start>
			<end>608402224</end>
		</udp_rec_buf_err>
		<udp_snt_buf_err>
			<start>0</start>
			<end>0</end>
		</udp_snt_buf_err>
	</netstat_statistic>
</test_results>
