<?xml version="1.0"?>
<test_results>
	<status>STATUS_SUCCESS</status>
	<custom>
		<num_loss>1925167</num_loss>
		<num_total>2000001</num_total>
		<num_misses>1535</num_misses>
		<elapsed_time>160.107090</elapsed_time>
		<query>
			<report>
				<misses>10000</misses>
				<total>10000</total>
			</report>
			<report>
				<misses>20000</misses>
				<total>19999</total>
			</report>
			<report>
				<misses>30000</misses>
				<total>29998</total>
			</report>
			<report>
				<misses>40000</misses>
				<total>39997</total>
			</report>
			<report>
				<misses>50000</misses>
				<total>49996</total>
			</report>
			<report>
				<misses>60000</misses>
				<total>59995</total>
			</report>
			<report>
				<misses>70000</misses>
				<total>69994</total>
			</report>
			<report>
				<misses>80000</misses>
				<total>79993</total>
			</report>
			<report>
				<misses>90000</misses>
				<total>89992</total>
			</report>
			<report>
				<misses>100000</misses>
				<total>99991</total>
			</report>
			<report>
				<misses>110000</misses>
				<total>109990</total>
			</report>
			<report>
				<misses>120000</misses>
				<total>119404</total>
			</report>
			<report>
				<misses>130000</misses>
				<total>127111</total>
			</report>
			<report>
				<misses>140000</misses>
				<total>132383</total>
			</report>
			<report>
				<misses>150000</misses>
				<total>142382</total>
			</report>
			<report>
				<misses>160000</misses>
				<total>152381</total>
			</report>
			<report>
				<misses>170000</misses>
				<total>162380</total>
			</report>
			<report>
				<misses>180000</misses>
				<total>172379</total>
			</report>
			<report>
				<misses>190000</misses>
				<total>182378</total>
			</report>
			<report>
				<misses>200000</misses>
				<total>192377</total>
			</report>
			<report>
				<misses>210000</misses>
				<total>202376</total>
			</report>
			<report>
				<misses>220000</misses>
				<total>212375</total>
			</report>
			<report>
				<misses>230000</misses>
				<total>222374</total>
			</report>
			<report>
				<misses>240000</misses>
				<total>232373</total>
			</report>
			<report>
				<misses>250000</misses>
				<total>242372</total>
			</report>
			<report>
				<misses>260000</misses>
				<total>252371</total>
			</report>
			<report>
				<misses>270000</misses>
				<total>262370</total>
			</report>
			<report>
				<misses>280000</misses>
				<total>272369</total>
			</report>
			<report>
				<misses>290000</misses>
				<total>282368</total>
			</report>
			<report>
				<misses>300000</misses>
				<total>292367</total>
			</report>
			<report>
				<misses>310000</misses>
				<total>302366</total>
			</report>
			<report>
				<misses>320000</misses>
				<total>312365</total>
			</report>
			<report>
				<misses>330000</misses>
				<total>322364</total>
			</report>
			<report>
				<misses>340000</misses>
				<total>332363</total>
			</report>
			<report>
				<misses>350000</misses>
				<total>342362</total>
			</report>
			<report>
				<misses>360000</misses>
				<total>352361</total>
			</report>
			<report>
				<misses>370000</misses>
				<total>362360</total>
			</report>
			<report>
				<misses>380000</misses>
				<total>372359</total>
			</report>
			<report>
				<misses>390000</misses>
				<total>382358</total>
			</report>
			<report>
				<misses>400000</misses>
				<total>392357</total>
			</report>
			<report>
				<misses>410000</misses>
				<total>402356</total>
			</report>
			<report>
				<misses>420000</misses>
				<total>412355</total>
			</report>
			<report>
				<misses>430000</misses>
				<total>422354</total>
			</report>
			<report>
				<misses>440000</misses>
				<total>432353</total>
			</report>
			<report>
				<misses>450000</misses>
				<total>442352</total>
			</report>
			<report>
				<misses>460000</misses>
				<total>450307</total>
			</report>
			<report>
				<misses>470000</misses>
				<total>459980</total>
			</report>
			<report>
				<misses>480000</misses>
				<total>463031</total>
			</report>
			<report>
				<misses>490000</misses>
				<total>471207</total>
			</report>
			<report>
				<misses>500000</misses>
				<total>481206</total>
			</report>
			<report>
				<misses>510000</misses>
				<total>491205</total>
			</report>
			<report>
				<misses>520000</misses>
				<total>501204</total>
			</report>
			<report>
				<misses>530000</misses>
				<total>511203</total>
			</report>
			<report>
				<misses>540000</misses>
				<total>521202</total>
			</report>
			<report>
				<misses>550000</misses>
				<total>531201</total>
			</report>
			<report>
				<misses>560000</misses>
				<total>541200</total>
			</report>
			<report>
				<misses>570000</misses>
				<total>551199</total>
			</report>
			<report>
				<misses>580000</misses>
				<total>561198</total>
			</report>
			<report>
				<misses>590000</misses>
				<total>571197</total>
			</report>
			<report>
				<misses>600000</misses>
				<total>581196</total>
			</report>
			<report>
				<misses>610000</misses>
				<total>591195</total>
			</report>
			<report>
				<misses>620000</misses>
				<total>601194</total>
			</report>
			<report>
				<misses>630000</misses>
				<total>611193</total>
			</report>
			<report>
				<misses>640000</misses>
				<total>621192</total>
			</report>
			<report>
				<misses>650000</misses>
				<total>631191</total>
			</report>
			<report>
				<misses>660000</misses>
				<total>641190</total>
			</report>
			<report>
				<misses>670000</misses>
				<total>651189</total>
			</report>
			<report>
				<misses>680000</misses>
				<total>661188</total>
			</report>
			<report>
				<misses>690000</misses>
				<total>671187</total>
			</report>
			<report>
				<misses>700000</misses>
				<total>681186</total>
			</report>
			<report>
				<misses>710000</misses>
				<total>691185</total>
			</report>
			<report>
				<misses>720000</misses>
				<total>701184</total>
			</report>
			<report>
				<misses>730000</misses>
				<total>711183</total>
			</report>
			<report>
				<misses>740000</misses>
				<total>721182</total>
			</report>
			<report>
				<misses>750000</misses>
				<total>731181</total>
			</report>
			<report>
				<misses>760000</misses>
				<total>741180</total>
			</report>
			<report>
				<misses>770000</misses>
				<total>751179</total>
			</report>
			<report>
				<misses>780000</misses>
				<total>761178</total>
			</report>
			<report>
				<misses>790000</misses>
				<total>771177</total>
			</report>
			<report>
				<misses>800000</misses>
				<total>780193</total>
			</report>
			<report>
				<misses>810000</misses>
				<total>786634</total>
			</report>
			<report>
				<misses>820000</misses>
				<total>796049</total>
			</report>
			<report>
				<misses>830000</misses>
				<total>800232</total>
			</report>
			<report>
				<misses>840000</misses>
				<total>810072</total>
			</report>
			<report>
				<misses>850000</misses>
				<total>820071</total>
			</report>
			<report>
				<misses>860000</misses>
				<total>830070</total>
			</report>
			<report>
				<misses>870000</misses>
				<total>840069</total>
			</report>
			<report>
				<misses>880000</misses>
				<total>850068</total>
			</report>
			<report>
				<misses>890000</misses>
				<total>860067</total>
			</report>
			<report>
				<misses>900000</misses>
				<total>870066</total>
			</report>
			<report>
				<misses>910000</misses>
				<total>880065</total>
			</report>
			<report>
				<misses>920000</misses>
				<total>890064</total>
			</report>
			<report>
				<misses>930000</misses>
				<total>900063</total>
			</report>
			<report>
				<misses>940000</misses>
				<total>910062</total>
			</report>
			<report>
				<misses>950000</misses>
				<total>920061</total>
			</report>
			<report>
				<misses>960000</misses>
				<total>930060</total>
			</report>
			<report>
				<misses>970000</misses>
				<total>940059</total>
			</report>
			<report>
				<misses>980000</misses>
				<total>950058</total>
			</report>
			<report>
				<misses>990000</misses>
				<total>960057</total>
			</report>
			<report>
				<misses>1000000</misses>
				<total>970056</total>
			</report>
			<report>
				<misses>1010000</misses>
				<total>980055</total>
			</report>
			<report>
				<misses>1020000</misses>
				<total>990054</total>
			</report>
			<report>
				<misses>1030000</misses>
				<total>1000053</total>
			</report>
			<report>
				<misses>1040000</misses>
				<total>1010052</total>
			</report>
			<report>
				<misses>1050000</misses>
				<total>1020051</total>
			</report>
			<report>
				<misses>1060000</misses>
				<total>1030050</total>
			</report>
			<report>
				<misses>1070000</misses>
				<total>1040049</total>
			</report>
			<report>
				<misses>1080000</misses>
				<total>1050048</total>
			</report>
			<report>
				<misses>1090000</misses>
				<total>1060047</total>
			</report>
			<report>
				<misses>1100000</misses>
				<total>1070046</total>
			</report>
			<report>
				<misses>1110000</misses>
				<total>1080045</total>
			</report>
			<report>
				<misses>1120000</misses>
				<total>1090044</total>
			</report>
			<report>
				<misses>1130000</misses>
				<total>1100043</total>
			</report>
			<report>
				<misses>1140000</misses>
				<total>1109558</total>
			</report>
			<report>
				<misses>1150000</misses>
				<total>1110589</total>
			</report>
			<report>
				<misses>1160000</misses>
				<total>1116502</total>
			</report>
			<report>
				<misses>1170000</misses>
				<total>1126024</total>
			</report>
			<report>
				<misses>1180000</misses>
				<total>1135310</total>
			</report>
			<report>
				<misses>1190000</misses>
				<total>1145309</total>
			</report>
			<report>
				<misses>1200000</misses>
				<total>1155308</total>
			</report>
			<report>
				<misses>1210000</misses>
				<total>1165307</total>
			</report>
			<report>
				<misses>1220000</misses>
				<total>1175306</total>
			</report>
			<report>
				<misses>1230000</misses>
				<total>1185305</total>
			</report>
			<report>
				<misses>1240000</misses>
				<total>1195304</total>
			</report>
			<report>
				<misses>1250000</misses>
				<total>1205303</total>
			</report>
			<report>
				<misses>1260000</misses>
				<total>1215302</total>
			</report>
			<report>
				<misses>1270000</misses>
				<total>1225301</total>
			</report>
			<report>
				<misses>1280000</misses>
				<total>1235300</total>
			</report>
			<report>
				<misses>1290000</misses>
				<total>1245299</total>
			</report>
			<report>
				<misses>1300000</misses>
				<total>1255298</total>
			</report>
			<report>
				<misses>1310000</misses>
				<total>1265297</total>
			</report>
			<report>
				<misses>1320000</misses>
				<total>1275296</total>
			</report>
			<report>
				<misses>1330000</misses>
				<total>1285295</total>
			</report>
			<report>
				<misses>1340000</misses>
				<total>1295294</total>
			</report>
			<report>
				<misses>1350000</misses>
				<total>1305293</total>
			</report>
			<report>
				<misses>1360000</misses>
				<total>1315292</total>
			</report>
			<report>
				<misses>1370000</misses>
				<total>1325291</total>
			</report>
			<report>
				<misses>1380000</misses>
				<total>1335290</total>
			</report>
			<report>
				<misses>1390000</misses>
				<total>1345289</total>
			</report>
			<report>
				<misses>1400000</misses>
				<total>1355288</total>
			</report>
			<report>
				<misses>1410000</misses>
				<total>1365287</total>
			</report>
			<report>
				<misses>1420000</misses>
				<total>1375286</total>
			</report>
			<report>
				<misses>1430000</misses>
				<total>1385285</total>
			</report>
			<report>
				<misses>1440000</misses>
				<total>1395284</total>
			</report>
			<report>
				<misses>1450000</misses>
				<total>1405283</total>
			</report>
			<report>
				<misses>1460000</misses>
				<total>1415282</total>
			</report>
			<report>
				<misses>1470000</misses>
				<total>1425281</total>
			</report>
			<report>
				<misses>1480000</misses>
				<total>1430013</total>
			</report>
			<report>
				<misses>1490000</misses>
				<total>1438135</total>
			</report>
			<report>
				<misses>1500000</misses>
				<total>1447946</total>
			</report>
			<report>
				<misses>1510000</misses>
				<total>1457233</total>
			</report>
			<report>
				<misses>1520000</misses>
				<total>1461384</total>
			</report>
			<report>
				<misses>1530000</misses>
				<total>1471383</total>
			</report>
			<report>
				<misses>1540000</misses>
				<total>1481382</total>
			</report>
			<report>
				<misses>1550000</misses>
				<total>1491381</total>
			</report>
			<report>
				<misses>1560000</misses>
				<total>1501380</total>
			</report>
			<report>
				<misses>1570000</misses>
				<total>1511379</total>
			</report>
			<report>
				<misses>1580000</misses>
				<total>1521378</total>
			</report>
			<report>
				<misses>1590000</misses>
				<total>1531377</total>
			</report>
			<report>
				<misses>1600000</misses>
				<total>1541376</total>
			</report>
			<report>
				<misses>1610000</misses>
				<total>1551375</total>
			</report>
			<report>
				<misses>1620000</misses>
				<total>1561374</total>
			</report>
			<report>
				<misses>1630000</misses>
				<total>1571373</total>
			</report>
			<report>
				<misses>1640000</misses>
				<total>1581372</total>
			</report>
			<report>
				<misses>1650000</misses>
				<total>1591371</total>
			</report>
			<report>
				<misses>1660000</misses>
				<total>1601370</total>
			</report>
			<report>
				<misses>1670000</misses>
				<total>1611369</total>
			</report>
			<report>
				<misses>1680000</misses>
				<total>1621368</total>
			</report>
			<report>
				<misses>1690000</misses>
				<total>1631367</total>
			</report>
			<report>
				<misses>1700000</misses>
				<total>1641366</total>
			</report>
			<report>
				<misses>1710000</misses>
				<total>1651365</total>
			</report>
			<report>
				<misses>1720000</misses>
				<total>1661364</total>
			</report>
			<report>
				<misses>1730000</misses>
				<total>1671363</total>
			</report>
			<report>
				<misses>1740000</misses>
				<total>1681362</total>
			</report>
			<report>
				<misses>1750000</misses>
				<total>1691361</total>
			</report>
			<report>
				<misses>1760000</misses>
				<total>1701360</total>
			</report>
			<report>
				<misses>1770000</misses>
				<total>1711359</total>
			</report>
			<report>
				<misses>1780000</misses>
				<total>1721358</total>
			</report>
			<report>
				<misses>1790000</misses>
				<total>1731357</total>
			</report>
			<report>
				<misses>1800000</misses>
				<total>1741356</total>
			</report>
			<report>
				<misses>1810000</misses>
				<total>1751355</total>
			</report>
			<report>
				<misses>1820000</misses>
				<total>1759689</total>
			</report>
			<report>
				<misses>1830000</misses>
				<total>1759864</total>
			</report>
			<report>
				<misses>1840000</misses>
				<total>1768112</total>
			</report>
			<report>
				<misses>1850000</misses>
				<total>1778111</total>
			</report>
			<report>
				<misses>1860000</misses>
				<total>1785181</total>
			</report>
			<report>
				<misses>1870000</misses>
				<total>1795180</total>
			</report>
			<report>
				<misses>1880000</misses>
				<total>1805179</total>
			</report>
			<report>
				<misses>1890000</misses>
				<total>1815178</total>
			</report>
			<report>
				<misses>1900000</misses>
				<total>1825177</total>
			</report>
			<report>
				<misses>1910000</misses>
				<total>1835176</total>
			</report>
			<report>
				<misses>1920000</misses>
				<total>1845175</total>
			</report>
			<report>
				<misses>1930000</misses>
				<total>1855174</total>
			</report>
			<report>
				<misses>1940000</misses>
				<total>1865173</total>
			</report>
			<report>
				<misses>1950000</misses>
				<total>1875172</total>
			</report>
			<report>
				<misses>1960000</misses>
				<total>1885171</total>
			</report>
			<report>
				<misses>1970000</misses>
				<total>1895170</total>
			</report>
			<report>
				<misses>1980000</misses>
				<total>1905169</total>
			</report>
			<report>
				<misses>1990000</misses>
				<total>1915168</total>
			</report>
			<report>
				<misses>2000000</misses>
				<total>1925167</total>
			</report>
		</query>
	</custom>
	<ethtool_statistic>
		<rx_packets>
			<start>16946176455</start>
			<end>16953859982</end>
		</rx_packets>
		<tx_packets>
			<start>19750858257</start>
			<end>19771467253</end>
		</tx_packets>
		<rx_dropped>
			<start>63</start>
			<end>63</end>
		</rx_dropped>
		<tx_dropped>
			<start>0</start>
			<end>0</end>
		</tx_dropped>
		<collisions>
			<start>0</start>
			<end>0</end>
		</collisions>
		<port_tx_errors>
			<start>0</start>
			<end>0</end>
		</port_tx_errors>
		<port_rx_dropped>
			<start>0</start>
			<end>0</end>
		</port_rx_dropped>
		<port_tx_dropped_link_down>
			<start>0</start>
			<end>0</end>
		</port_tx_dropped_link_down>
	</ethtool_statistic>
	<ip_statistic>
		<mtu>
			<start>9000</start>
			<end>9000</end>
		</mtu>
		<rx_bytes>
			<start>152333043524572</start>
			<end>152402115396554</end>
		</rx_bytes>
		<rx_packets>
			<start>16946176528</start>
			<end>16953860042</end>
		</rx_packets>
		<rx_errors>
			<start>0</start>
			<end>0</end>
		</rx_errors>
		<rx_dropped>
			<start>69</start>
			<end>69</end>
		</rx_dropped>
		<rx_missed>
			<start>0</start>
			<end>0</end>
		</rx_missed>
		<rx_mcast>
			<start>12330</start>
			<end>12336</end>
		</rx_mcast>
		<tx_bytes>
			<start>133902797428208</start>
			<end>134074791451506</end>
		</tx_bytes>
		<tx_packets>
			<start>19750858300</start>
			<end>19771467309</end>
		</tx_packets>
		<tx_errors>
			<start>0</start>
			<end>0</end>
		</tx_errors>
		<tx_dropped>
			<start>0</start>
			<end>0</end>
		</tx_dropped>
		<tx_carrier>
			<start>0</start>
			<end>0</end>
		</tx_carrier>
		<tx_collisions>
			<start>0</start>
			<end>0</end>
		</tx_collisions>
	</ip_statistic>
	<netstat_statistic>
		<udp_pkg_rec>
			<start>16673993736</start>
			<end>16681400983</end>
		</udp_pkg_rec>
		<udp_pkg_snt>
			<start>16673676376</start>
			<end>16680287144</end>
		</udp_pkg_snt>
		<udp_rec_err>
			<start>274179890</start>
			<end>274456026</end>
		</udp_rec_err>
		<udp_rec_buf_err>
			<start>274179890</start>
			<end>274456026</end>
		</udp_rec_buf_err>
		<udp_snt_buf_err>
			<start>28</start>
			<end>28</end>
		</udp_snt_buf_err>
	</netstat_statistic>
</test_results>
