<?xml version="1.0"?>
<test_results>
	<status>STATUS_SUCCESS</status>
	<custom>
		<num_loss>4108592</num_loss>
		<num_total>5000001</num_total>
		<num_misses>15</num_misses>
		<elapsed_time>749.995075</elapsed_time>
		<query>
			<report>
				<misses>100000</misses>
				<total>60960</total>
				<timestamp>15.000005</timestamp>
			</report>
			<report>
				<misses>200000</misses>
				<total>157751</total>
				<timestamp>30.000488</timestamp>
			</report>
			<report>
				<misses>300000</misses>
				<total>231113</total>
				<timestamp>45.000299</timestamp>
			</report>
			<report>
				<misses>400000</misses>
				<total>321808</total>
				<timestamp>60.000493</timestamp>
			</report>
			<report>
				<misses>500000</misses>
				<total>399408</total>
				<timestamp>75.000437</timestamp>
			</report>
			<report>
				<misses>600000</misses>
				<total>481210</total>
				<timestamp>90.000341</timestamp>
			</report>
			<report>
				<misses>700000</misses>
				<total>558072</total>
				<timestamp>105.000180</timestamp>
			</report>
			<report>
				<misses>800000</misses>
				<total>634271</total>
				<timestamp>120.000101</timestamp>
			</report>
			<report>
				<misses>900000</misses>
				<total>724246</total>
				<timestamp>134.999921</timestamp>
			</report>
			<report>
				<misses>1000000</misses>
				<total>785085</total>
				<timestamp>149.999725</timestamp>
			</report>
			<report>
				<misses>1100000</misses>
				<total>885084</total>
				<timestamp>164.999574</timestamp>
			</report>
			<report>
				<misses>1200000</misses>
				<total>965631</total>
				<timestamp>179.999422</timestamp>
			</report>
			<report>
				<misses>1300000</misses>
				<total>1065630</total>
				<timestamp>194.999488</timestamp>
			</report>
			<report>
				<misses>1400000</misses>
				<total>1133317</total>
				<timestamp>209.999339</timestamp>
			</report>
			<report>
				<misses>1500000</misses>
				<total>1226490</total>
				<timestamp>224.999272</timestamp>
			</report>
			<report>
				<misses>1600000</misses>
				<total>1296154</total>
				<timestamp>239.999142</timestamp>
			</report>
			<report>
				<misses>1700000</misses>
				<total>1391163</total>
				<timestamp>254.999010</timestamp>
			</report>
			<report>
				<misses>1800000</misses>
				<total>1470116</total>
				<timestamp>269.998929</timestamp>
			</report>
			<report>
				<misses>1900000</misses>
				<total>1548190</total>
				<timestamp>284.998726</timestamp>
			</report>
			<report>
				<misses>2000000</misses>
				<total>1635024</total>
				<timestamp>299.998562</timestamp>
			</report>
			<report>
				<misses>2100000</misses>
				<total>1715909</total>
				<timestamp>314.998361</timestamp>
			</report>
			<report>
				<misses>2200000</misses>
				<total>1812514</total>
				<timestamp>329.998329</timestamp>
			</report>
			<report>
				<misses>2300000</misses>
				<total>1879058</total>
				<timestamp>344.998099</timestamp>
			</report>
			<report>
				<misses>2400000</misses>
				<total>1979057</total>
				<timestamp>359.998041</timestamp>
			</report>
			<report>
				<misses>2500000</misses>
				<total>2050892</total>
				<timestamp>374.997773</timestamp>
			</report>
			<report>
				<misses>2600000</misses>
				<total>2150891</total>
				<timestamp>389.997632</timestamp>
			</report>
			<report>
				<misses>2700000</misses>
				<total>2225031</total>
				<timestamp>404.997575</timestamp>
			</report>
			<report>
				<misses>2800000</misses>
				<total>2316453</total>
				<timestamp>419.997314</timestamp>
			</report>
			<report>
				<misses>2900000</misses>
				<total>2393696</total>
				<timestamp>434.997168</timestamp>
			</report>
			<report>
				<misses>3000000</misses>
				<total>2483291</total>
				<timestamp>449.997142</timestamp>
			</report>
			<report>
				<misses>3100000</misses>
				<total>2570547</total>
				<timestamp>464.996928</timestamp>
			</report>
			<report>
				<misses>3200000</misses>
				<total>2642678</total>
				<timestamp>479.996915</timestamp>
			</report>
			<report>
				<misses>3300000</misses>
				<total>2736561</total>
				<timestamp>494.996824</timestamp>
			</report>
			<report>
				<misses>3400000</misses>
				<total>2817346</total>
				<timestamp>509.996587</timestamp>
			</report>
			<report>
				<misses>3500000</misses>
				<total>2917345</total>
				<timestamp>524.996496</timestamp>
			</report>
			<report>
				<misses>3600000</misses>
				<total>2988748</total>
				<timestamp>539.996283</timestamp>
			</report>
			<report>
				<misses>3700000</misses>
				<total>3088585</total>
				<timestamp>554.996118</timestamp>
			</report>
			<report>
				<misses>3800000</misses>
				<total>3151953</total>
				<timestamp>569.996075</timestamp>
			</report>
			<report>
				<misses>3900000</misses>
				<total>3239925</total>
				<timestamp>584.995817</timestamp>
			</report>
			<report>
				<misses>4000000</misses>
				<total>3316245</total>
				<timestamp>599.995819</timestamp>
			</report>
			<report>
				<misses>4100000</misses>
				<total>3397550</total>
				<timestamp>614.995762</timestamp>
			</report>
			<report>
				<misses>4200000</misses>
				<total>3486748</total>
				<timestamp>629.995510</timestamp>
			</report>
			<report>
				<misses>4300000</misses>
				<total>3566059</total>
				<timestamp>644.995386</timestamp>
			</report>
			<report>
				<misses>4400000</misses>
				<total>3627715</total>
				<timestamp>659.995441</timestamp>
			</report>
			<report>
				<misses>4500000</misses>
				<total>3685410</total>
				<timestamp>674.995369</timestamp>
			</report>
			<report>
				<misses>4600000</misses>
				<total>3782904</total>
				<timestamp>689.995232</timestamp>
			</report>
			<report>
				<misses>4700000</misses>
				<total>3854859</total>
				<timestamp>704.995235</timestamp>
			</report>
			<report>
				<misses>4800000</misses>
				<total>3954858</total>
				<timestamp>719.995337</timestamp>
			</report>
			<report>
				<misses>4900000</misses>
				<total>4008593</total>
				<timestamp>734.995158</timestamp>
			</report>
			<report>
				<misses>5000000</misses>
				<total>4108592</total>
				<timestamp>749.995047</timestamp>
			</report>
		</query>
	</custom>
	<ethtool_statistic>
		<rx_packets>
			<start>3851472035</start>
			<end>3886621815</end>
		</rx_packets>
		<tx_packets>
			<start>5006369496</start>
			<end>5067460771</end>
		</tx_packets>
		<rx_dropped>
			<start>0</start>
			<end>0</end>
		</rx_dropped>
		<tx_dropped>
			<start>0</start>
			<end>0</end>
		</tx_dropped>
		<collisions>
			<start>0</start>
			<end>0</end>
		</collisions>
		<port_tx_errors>
			<start>0</start>
			<end>0</end>
		</port_tx_errors>
		<port_rx_dropped>
			<start>0</start>
			<end>0</end>
		</port_rx_dropped>
		<port_tx_dropped_link_down>
			<start>0</start>
			<end>0</end>
		</port_tx_dropped_link_down>
	</ethtool_statistic>
	<ip_statistic>
		<mtu>
			<start>9000</start>
			<end>9000</end>
		</mtu>
		<rx_bytes>
			<start>34623391055479</start>
			<end>34939380417220</end>
		</rx_bytes>
		<rx_packets>
			<start>3851472104</start>
			<end>3886621877</end>
		</rx_packets>
		<rx_errors>
			<start>0</start>
			<end>0</end>
		</rx_errors>
		<rx_dropped>
			<start>0</start>
			<end>0</end>
		</rx_dropped>
		<rx_missed>
			<start>0</start>
			<end>0</end>
		</rx_missed>
		<rx_mcast>
			<start>1092</start>
			<end>1104</end>
		</rx_mcast>
		<tx_bytes>
			<start>32172761530670</start>
			<end>32688769676782</end>
		</tx_bytes>
		<tx_packets>
			<start>5006369526</start>
			<end>5067460827</end>
		</tx_packets>
		<tx_errors>
			<start>0</start>
			<end>0</end>
		</tx_errors>
		<tx_dropped>
			<start>0</start>
			<end>0</end>
		</tx_dropped>
		<tx_carrier>
			<start>0</start>
			<end>0</end>
		</tx_carrier>
		<tx_collisions>
			<start>0</start>
			<end>0</end>
		</tx_collisions>
	</ip_statistic>
	<netstat_statistic>
		<udp_pkg_rec>
			<start>3638188463</start>
			<end>3671534873</end>
		</udp_pkg_rec>
		<udp_pkg_snt>
			<start>4007368980</start>
			<end>4033466352</end>
		</udp_pkg_snt>
		<udp_rec_err>
			<start>213694264</start>
			<end>215501013</end>
		</udp_rec_err>
		<udp_rec_buf_err>
			<start>213694264</start>
			<end>215501013</end>
		</udp_rec_buf_err>
		<udp_snt_buf_err>
			<start>0</start>
			<end>0</end>
		</udp_snt_buf_err>
	</netstat_statistic>
</test_results>
